SET
SET
SET
SET
SET
                                             QUERY PLAN                                             
----------------------------------------------------------------------------------------------------
 Index Scan Backward using idx on public.t (actual rows=4096.00 loops=1)
   Output: a, b
   Index Cond: ((t.a >= '-28842'::integer) AND (t.a <= '-26795'::integer))
   Index Searches: 1
   Prefetch: distance=2.072 count=125 stalls=3629 skipped=119 resets=0 ungets=0 forwarded=0
             histogram [2,4) => 122, [4,8) => 3
   Buffers: shared hit=3878 read=109
 Settings: enable_bitmapscan = 'off', enable_seqscan = 'off', max_parallel_workers_per_gather = '0'
 Planning:
   Buffers: shared hit=86 read=27
 Planning Time: 6.540 ms
 Execution Time: 7.410 ms
(12 rows)

SET
SET
SET
SET
SET
                                             QUERY PLAN                                             
----------------------------------------------------------------------------------------------------
 Index Scan Backward using idx on public.t (actual rows=4096.00 loops=1)
   Output: a, b
   Index Cond: ((t.a >= '-28842'::integer) AND (t.a <= '-26795'::integer))
   Index Searches: 1
   Buffers: shared hit=3987
 Settings: enable_bitmapscan = 'off', enable_seqscan = 'off', max_parallel_workers_per_gather = '0'
 Planning:
   Buffers: shared hit=118
 Planning Time: 0.397 ms
 Execution Time: 1.241 ms
(10 rows)

