SET
SET
SET
SET
SET
                                             QUERY PLAN                                             
----------------------------------------------------------------------------------------------------
 Index Scan Backward using idx on public.t (actual rows=8192.00 loops=1)
   Output: a, b
   Index Cond: ((t.a >= '-5201'::integer) AND (t.a <= '-1106'::integer))
   Index Searches: 1
   Prefetch: distance=2.043 count=282 stalls=7652 skipped=219 resets=0 ungets=0 forwarded=0
             histogram [2,4) => 278, [4,8) => 4
   Buffers: shared hit=7813 read=187
 Settings: enable_bitmapscan = 'off', enable_seqscan = 'off', max_parallel_workers_per_gather = '0'
 Planning:
   Buffers: shared hit=86 read=27
 Planning Time: 6.391 ms
 Execution Time: 12.422 ms
(12 rows)

SET
SET
SET
SET
SET
                                             QUERY PLAN                                             
----------------------------------------------------------------------------------------------------
 Index Scan Backward using idx on public.t (actual rows=8192.00 loops=1)
   Output: a, b
   Index Cond: ((t.a >= '-5201'::integer) AND (t.a <= '-1106'::integer))
   Index Searches: 1
   Buffers: shared hit=8000
 Settings: enable_bitmapscan = 'off', enable_seqscan = 'off', max_parallel_workers_per_gather = '0'
 Planning:
   Buffers: shared hit=118
 Planning Time: 0.485 ms
 Execution Time: 3.201 ms
(10 rows)

