SET
SET
SET
SET
SET
                                             QUERY PLAN                                             
----------------------------------------------------------------------------------------------------
 Index Scan Backward using idx on public.t (actual rows=2048.00 loops=1)
   Output: a, b
   Index Cond: ((t.a >= '-33192'::integer) AND (t.a <= '-32169'::integer))
   Index Searches: 1
   Prefetch: distance=2.097 count=93 stalls=1864 skipped=60 resets=0 ungets=0 forwarded=0
             histogram [2,4) => 90, [4,8) => 3
   Buffers: shared hit=1924 read=74
 Settings: enable_bitmapscan = 'off', enable_seqscan = 'off', max_parallel_workers_per_gather = '0'
 Planning:
   Buffers: shared hit=86 read=27
 Planning Time: 6.085 ms
 Execution Time: 6.493 ms
(12 rows)

SET
SET
SET
SET
SET
                                             QUERY PLAN                                             
----------------------------------------------------------------------------------------------------
 Index Scan Backward using idx on public.t (actual rows=2048.00 loops=1)
   Output: a, b
   Index Cond: ((t.a >= '-33192'::integer) AND (t.a <= '-32169'::integer))
   Index Searches: 1
   Buffers: shared hit=1998
 Settings: enable_bitmapscan = 'off', enable_seqscan = 'off', max_parallel_workers_per_gather = '0'
 Planning:
   Buffers: shared hit=118
 Planning Time: 0.369 ms
 Execution Time: 0.727 ms
(10 rows)

