SET
SET
SET
SET
SET
                                                                     QUERY PLAN                                                                      
-----------------------------------------------------------------------------------------------------------------------------------------------------
 Index Scan Backward using idx on public.t (actual rows=4048576.00 loops=1)
   Output: a, b
   Index Cond: ((t.a >= '-2054024'::integer) AND (t.a <= '-29737'::integer))
   Index Searches: 1
   Prefetch: distance=241.883 count=3945768 stalls=1 skipped=102807 resets=0 ungets=23 forwarded=56
             histogram [2,4) => 2, [4,8) => 8, [8,16) => 9, [16,32) => 19, [32,64) => 9, [64,128) => 949, [128,256) => 2573083, [256,512) => 1371689
   Buffers: shared hit=3882475 read=73269
 Settings: enable_bitmapscan = 'off', enable_seqscan = 'off', max_parallel_workers_per_gather = '0'
 Planning:
   Buffers: shared hit=82 read=27
 Planning Time: 6.301 ms
 Execution Time: 3171.143 ms
(12 rows)

SET
SET
SET
SET
SET
                                             QUERY PLAN                                             
----------------------------------------------------------------------------------------------------
 Index Scan Backward using idx on public.t (actual rows=4048576.00 loops=1)
   Output: a, b
   Index Cond: ((t.a >= '-2054024'::integer) AND (t.a <= '-29737'::integer))
   Index Searches: 1
   Buffers: shared hit=3955746
 Settings: enable_bitmapscan = 'off', enable_seqscan = 'off', max_parallel_workers_per_gather = '0'
 Planning:
   Buffers: shared hit=114
 Planning Time: 0.414 ms
 Execution Time: 1182.352 ms
(10 rows)

