SET
SET
SET
SET
SET
                                             QUERY PLAN                                             
----------------------------------------------------------------------------------------------------
 Index Scan using idx on public.t (actual rows=2048.00 loops=1)
   Output: a, b
   Index Cond: ((t.a >= 5420) AND (t.a <= 5547))
   Index Searches: 1
   Prefetch: distance=2.068 count=59 stalls=1419 skipped=533 resets=0 ungets=0 forwarded=0
             histogram [2,4) => 58, [4,8) => 1
   Buffers: shared hit=1462 read=55
 Settings: enable_bitmapscan = 'off', enable_seqscan = 'off', max_parallel_workers_per_gather = '0'
 Planning:
   Buffers: shared hit=82 read=27
 Planning Time: 6.128 ms
 Execution Time: 3.387 ms
(12 rows)

SET
SET
SET
SET
SET
                                             QUERY PLAN                                             
----------------------------------------------------------------------------------------------------
 Index Scan using idx on public.t (actual rows=2048.00 loops=1)
   Output: a, b
   Index Cond: ((t.a >= 5420) AND (t.a <= 5547))
   Index Searches: 1
   Buffers: shared hit=1517
 Settings: enable_bitmapscan = 'off', enable_seqscan = 'off', max_parallel_workers_per_gather = '0'
 Planning:
   Buffers: shared hit=114
 Planning Time: 0.456 ms
 Execution Time: 0.562 ms
(10 rows)

