SET
SET
SET
SET
SET
                                             QUERY PLAN                                             
----------------------------------------------------------------------------------------------------
 Index Scan Backward using idx on public.t (actual rows=8192.00 loops=1)
   Output: a, b
   Index Cond: ((t.a >= '-29485'::integer) AND (t.a <= '-25390'::integer))
   Index Searches: 1
   Prefetch: distance=2.048 count=252 stalls=7519 skipped=230 resets=0 ungets=0 forwarded=0
             histogram [2,4) => 248, [4,8) => 4
   Buffers: shared hit=7795 read=184
 Settings: enable_bitmapscan = 'off', enable_seqscan = 'off', max_parallel_workers_per_gather = '0'
 Planning:
   Buffers: shared hit=86 read=27
 Planning Time: 6.432 ms
 Execution Time: 12.195 ms
(12 rows)

SET
SET
SET
SET
SET
                                             QUERY PLAN                                             
----------------------------------------------------------------------------------------------------
 Index Scan Backward using idx on public.t (actual rows=8192.00 loops=1)
   Output: a, b
   Index Cond: ((t.a >= '-29485'::integer) AND (t.a <= '-25390'::integer))
   Index Searches: 1
   Buffers: shared hit=7979
 Settings: enable_bitmapscan = 'off', enable_seqscan = 'off', max_parallel_workers_per_gather = '0'
 Planning:
   Buffers: shared hit=118
 Planning Time: 0.471 ms
 Execution Time: 2.244 ms
(10 rows)

