SET
SET
SET
SET
SET
                                                                QUERY PLAN                                                                 
-------------------------------------------------------------------------------------------------------------------------------------------
 Index Scan using idx on public.t (actual rows=512.00 loops=1)
   Output: a, b
   Index Cond: ((t.a >= '-32189'::integer) AND (t.a <= '-31934'::integer))
   Index Searches: 1
   Prefetch: distance=246.910 count=543 stalls=1 skipped=6 resets=0 ungets=47 forwarded=1
             histogram [2,4) => 2, [4,8) => 5, [8,16) => 11, [16,32) => 14, [32,64) => 2, [64,128) => 2, [128,256) => 87, [256,512) => 420
   Buffers: shared hit=469 read=45
 Settings: enable_bitmapscan = 'off', enable_seqscan = 'off', max_parallel_workers_per_gather = '0'
 Planning:
   Buffers: shared hit=82 read=27
 Planning Time: 6.426 ms
 Execution Time: 3.113 ms
(12 rows)

SET
SET
SET
SET
SET
                                             QUERY PLAN                                             
----------------------------------------------------------------------------------------------------
 Index Scan using idx on public.t (actual rows=512.00 loops=1)
   Output: a, b
   Index Cond: ((t.a >= '-32189'::integer) AND (t.a <= '-31934'::integer))
   Index Searches: 1
   Buffers: shared hit=514
 Settings: enable_bitmapscan = 'off', enable_seqscan = 'off', max_parallel_workers_per_gather = '0'
 Planning:
   Buffers: shared hit=114
 Planning Time: 0.335 ms
 Execution Time: 0.248 ms
(10 rows)

