SET
SET
SET
SET
SET
                                             QUERY PLAN                                             
----------------------------------------------------------------------------------------------------
 Index Scan using idx on public.t (actual rows=64.00 loops=1)
   Output: a, b
   Index Cond: ((t.a >= '-9864'::integer) AND (t.a <= '-9833'::integer))
   Index Searches: 1
   Prefetch: distance=9.103 count=39 stalls=5 skipped=1 resets=0 ungets=0 forwarded=2
             histogram [2,4) => 16, [4,8) => 5, [8,16) => 9, [16,32) => 8, [32,64) => 1
   Buffers: shared hit=33 read=35
 Settings: enable_bitmapscan = 'off', enable_seqscan = 'off', max_parallel_workers_per_gather = '0'
 Planning:
   Buffers: shared hit=82 read=27
 Planning Time: 6.431 ms
 Execution Time: 4.136 ms
(12 rows)

SET
SET
SET
SET
SET
                                             QUERY PLAN                                             
----------------------------------------------------------------------------------------------------
 Index Scan using idx on public.t (actual rows=64.00 loops=1)
   Output: a, b
   Index Cond: ((t.a >= '-9864'::integer) AND (t.a <= '-9833'::integer))
   Index Searches: 1
   Buffers: shared hit=68
 Settings: enable_bitmapscan = 'off', enable_seqscan = 'off', max_parallel_workers_per_gather = '0'
 Planning:
   Buffers: shared hit=114
 Planning Time: 0.354 ms
 Execution Time: 0.120 ms
(10 rows)

