SET
SET
SET
SET
SET
                                             QUERY PLAN                                             
----------------------------------------------------------------------------------------------------
 Index Scan using idx on public.t (actual rows=2048.00 loops=1)
   Output: a, b
   Index Cond: ((t.a >= '-26851'::integer) AND (t.a <= '-25828'::integer))
   Index Searches: 1
   Prefetch: distance=2.153 count=59 stalls=1643 skipped=51 resets=0 ungets=0 forwarded=0
             histogram [2,4) => 56, [4,8) => 3
   Buffers: shared hit=1923 read=75
 Settings: enable_bitmapscan = 'off', enable_seqscan = 'off', max_parallel_workers_per_gather = '0'
 Planning:
   Buffers: shared hit=82 read=27
 Planning Time: 5.994 ms
 Execution Time: 7.886 ms
(12 rows)

SET
SET
SET
SET
SET
                                             QUERY PLAN                                             
----------------------------------------------------------------------------------------------------
 Index Scan using idx on public.t (actual rows=2048.00 loops=1)
   Output: a, b
   Index Cond: ((t.a >= '-26851'::integer) AND (t.a <= '-25828'::integer))
   Index Searches: 1
   Buffers: shared hit=1998
 Settings: enable_bitmapscan = 'off', enable_seqscan = 'off', max_parallel_workers_per_gather = '0'
 Planning:
   Buffers: shared hit=114
 Planning Time: 0.327 ms
 Execution Time: 0.635 ms
(10 rows)

