SET
SET
SET
SET
SET
                                                                  QUERY PLAN                                                                  
----------------------------------------------------------------------------------------------------------------------------------------------
 Index Scan using idx on public.t (actual rows=8192.00 loops=1)
   Output: a, b
   Index Cond: ((t.a >= '-26096'::integer) AND (t.a <= '-22001'::integer))
   Index Searches: 1
   Prefetch: distance=259.156 count=8337 stalls=1 skipped=207 resets=0 ungets=356 forwarded=22
             histogram [2,4) => 2, [4,8) => 3, [8,16) => 10, [16,32) => 10, [32,64) => 7, [64,128) => 4, [128,256) => 2103, [256,512) => 6198
   Buffers: shared hit=7825 read=186
 Settings: enable_bitmapscan = 'off', enable_seqscan = 'off', max_parallel_workers_per_gather = '0'
 Planning:
   Buffers: shared hit=82 read=27
 Planning Time: 5.896 ms
 Execution Time: 9.758 ms
(12 rows)

SET
SET
SET
SET
SET
                                             QUERY PLAN                                             
----------------------------------------------------------------------------------------------------
 Index Scan using idx on public.t (actual rows=8192.00 loops=1)
   Output: a, b
   Index Cond: ((t.a >= '-26096'::integer) AND (t.a <= '-22001'::integer))
   Index Searches: 1
   Buffers: shared hit=8012
 Settings: enable_bitmapscan = 'off', enable_seqscan = 'off', max_parallel_workers_per_gather = '0'
 Planning:
   Buffers: shared hit=114
 Planning Time: 0.350 ms
 Execution Time: 2.399 ms
(10 rows)

