SET
SET
SET
SET
SET
                                                                     QUERY PLAN                                                                     
----------------------------------------------------------------------------------------------------------------------------------------------------
 Index Scan using idx on public.t (actual rows=5048576.00 loops=1)
   Output: a, b
   Index Cond: ((t.a >= '-2550201'::integer) AND (t.a <= '-25914'::integer))
   Index Searches: 1
   Prefetch: distance=260.763 count=5102513 stalls=1 skipped=128094 resets=0 ungets=182041 forwarded=9991
             histogram [2,4) => 2, [4,8) => 4, [8,16) => 8, [16,32) => 13, [32,64) => 15, [64,128) => 3, [128,256) => 1235197, [256,512) => 3867271
   Buffers: shared hit=4841253 read=91355
 Settings: enable_bitmapscan = 'off', enable_seqscan = 'off', max_parallel_workers_per_gather = '0'
 Planning:
   Buffers: shared hit=78 read=27
 Planning Time: 6.242 ms
 Execution Time: 3848.558 ms
(12 rows)

SET
SET
SET
SET
SET
                                             QUERY PLAN                                             
----------------------------------------------------------------------------------------------------
 Index Scan using idx on public.t (actual rows=5048576.00 loops=1)
   Output: a, b
   Index Cond: ((t.a >= '-2550201'::integer) AND (t.a <= '-25914'::integer))
   Index Searches: 1
   Buffers: shared hit=4932923
 Settings: enable_bitmapscan = 'off', enable_seqscan = 'off', max_parallel_workers_per_gather = '0'
 Planning:
   Buffers: shared hit=110
 Planning Time: 0.384 ms
 Execution Time: 1359.496 ms
(10 rows)

