SET
SET
SET
SET
SET
                                                                   QUERY PLAN                                                                    
-------------------------------------------------------------------------------------------------------------------------------------------------
 Index Scan using idx on public.t (actual rows=32768.00 loops=1)
   Output: a, b
   Index Cond: ((t.a >= '-31379'::integer) AND (t.a <= '-14996'::integer))
   Index Searches: 1
   Prefetch: distance=260.213 count=33211 stalls=1 skipped=895 resets=0 ungets=1352 forwarded=68
             histogram [2,4) => 6, [4,8) => 10, [8,16) => 12, [16,32) => 12, [32,64) => 30, [64,128) => 2, [128,256) => 8050, [256,512) => 25089
   Buffers: shared hit=31328 read=628
 Settings: enable_bitmapscan = 'off', enable_seqscan = 'off', max_parallel_workers_per_gather = '0'
 Planning:
   Buffers: shared hit=82 read=27
 Planning Time: 6.321 ms
 Execution Time: 28.716 ms
(12 rows)

SET
SET
SET
SET
SET
                                             QUERY PLAN                                             
----------------------------------------------------------------------------------------------------
 Index Scan using idx on public.t (actual rows=32768.00 loops=1)
   Output: a, b
   Index Cond: ((t.a >= '-31379'::integer) AND (t.a <= '-14996'::integer))
   Index Searches: 1
   Buffers: shared hit=31960
 Settings: enable_bitmapscan = 'off', enable_seqscan = 'off', max_parallel_workers_per_gather = '0'
 Planning:
   Buffers: shared hit=114
 Planning Time: 0.456 ms
 Execution Time: 11.251 ms
(10 rows)

