SET
SET
SET
SET
SET
                                                                    QUERY PLAN                                                                     
---------------------------------------------------------------------------------------------------------------------------------------------------
 Index Scan using idx on public.t (actual rows=9048576.00 loops=1)
   Output: a, b
   Index Cond: ((t.a >= '-4536760'::integer) AND (t.a <= '-12473'::integer))
   Index Searches: 1
   Prefetch: distance=260.751 count=9143060 stalls=1 skipped=230027 resets=0 ungets=324523 forwarded=17881
             histogram [2,4) => 2, [4,8) => 3, [8,16) => 10, [16,32) => 9, [32,64) => 6, [64,128) => 6, [128,256) => 2217572, [256,512) => 6925452
   Buffers: shared hit=8676585 read=163710
 Settings: enable_bitmapscan = 'off', enable_seqscan = 'off', max_parallel_workers_per_gather = '0'
 Planning:
   Buffers: shared hit=78 read=27
 Planning Time: 6.205 ms
 Execution Time: 6953.646 ms
(12 rows)

SET
SET
SET
SET
SET
                                             QUERY PLAN                                             
----------------------------------------------------------------------------------------------------
 Index Scan using idx on public.t (actual rows=9048576.00 loops=1)
   Output: a, b
   Index Cond: ((t.a >= '-4536760'::integer) AND (t.a <= '-12473'::integer))
   Index Searches: 1
   Buffers: shared hit=8840841
 Settings: enable_bitmapscan = 'off', enable_seqscan = 'off', max_parallel_workers_per_gather = '0'
 Planning:
   Buffers: shared hit=110
 Planning Time: 0.397 ms
 Execution Time: 2375.072 ms
(10 rows)

