SET
SET
SET
SET
SET
                                             QUERY PLAN                                             
----------------------------------------------------------------------------------------------------
 Index Scan using idx on public.t (actual rows=8192.00 loops=1)
   Output: a, b
   Index Cond: ((t.a >= '-15064'::integer) AND (t.a <= '-10969'::integer))
   Index Searches: 1
   Prefetch: distance=2.036 count=251 stalls=7461 skipped=211 resets=0 ungets=0 forwarded=1
             histogram [2,4) => 248, [4,8) => 3
   Buffers: shared hit=7813 read=185
 Settings: enable_bitmapscan = 'off', enable_seqscan = 'off', max_parallel_workers_per_gather = '0'
 Planning:
   Buffers: shared hit=82 read=27
 Planning Time: 6.154 ms
 Execution Time: 18.476 ms
(12 rows)

SET
SET
SET
SET
SET
                                             QUERY PLAN                                             
----------------------------------------------------------------------------------------------------
 Index Scan using idx on public.t (actual rows=8192.00 loops=1)
   Output: a, b
   Index Cond: ((t.a >= '-15064'::integer) AND (t.a <= '-10969'::integer))
   Index Searches: 1
   Buffers: shared hit=7998
 Settings: enable_bitmapscan = 'off', enable_seqscan = 'off', max_parallel_workers_per_gather = '0'
 Planning:
   Buffers: shared hit=114
 Planning Time: 0.446 ms
 Execution Time: 3.192 ms
(10 rows)

