SET
SET
SET
SET
SET
                                             QUERY PLAN                                             
----------------------------------------------------------------------------------------------------
 Index Scan using idx on public.t (actual rows=4096.00 loops=1)
   Output: a, b
   Index Cond: ((t.a >= '-28238'::integer) AND (t.a <= '-26191'::integer))
   Index Searches: 1
   Prefetch: distance=2.073 count=123 stalls=3637 skipped=109 resets=0 ungets=0 forwarded=0
             histogram [2,4) => 120, [4,8) => 3
   Buffers: shared hit=3885 read=110
 Settings: enable_bitmapscan = 'off', enable_seqscan = 'off', max_parallel_workers_per_gather = '0'
 Planning:
   Buffers: shared hit=82 read=27
 Planning Time: 6.127 ms
 Execution Time: 11.000 ms
(12 rows)

SET
SET
SET
SET
SET
                                             QUERY PLAN                                             
----------------------------------------------------------------------------------------------------
 Index Scan using idx on public.t (actual rows=4096.00 loops=1)
   Output: a, b
   Index Cond: ((t.a >= '-28238'::integer) AND (t.a <= '-26191'::integer))
   Index Searches: 1
   Buffers: shared hit=3995
 Settings: enable_bitmapscan = 'off', enable_seqscan = 'off', max_parallel_workers_per_gather = '0'
 Planning:
   Buffers: shared hit=114
 Planning Time: 0.466 ms
 Execution Time: 1.739 ms
(10 rows)

