SET
SET
SET
SET
SET
                                             QUERY PLAN                                             
----------------------------------------------------------------------------------------------------
 Index Scan using idx on public.t (actual rows=4096.00 loops=1)
   Output: a, b
   Index Cond: ((t.a >= '-17616'::integer) AND (t.a <= '-15569'::integer))
   Index Searches: 1
   Prefetch: distance=2.000 count=130 stalls=3763 skipped=108 resets=0 ungets=0 forwarded=0
             histogram [2,4) => 130
   Buffers: shared hit=3894 read=109
 Settings: enable_bitmapscan = 'off', enable_seqscan = 'off', max_parallel_workers_per_gather = '0'
 Planning:
   Buffers: shared hit=82 read=27
 Planning Time: 6.482 ms
 Execution Time: 11.491 ms
(12 rows)

SET
SET
SET
SET
SET
                                             QUERY PLAN                                             
----------------------------------------------------------------------------------------------------
 Index Scan using idx on public.t (actual rows=4096.00 loops=1)
   Output: a, b
   Index Cond: ((t.a >= '-17616'::integer) AND (t.a <= '-15569'::integer))
   Index Searches: 1
   Buffers: shared hit=4003
 Settings: enable_bitmapscan = 'off', enable_seqscan = 'off', max_parallel_workers_per_gather = '0'
 Planning:
   Buffers: shared hit=114
 Planning Time: 0.336 ms
 Execution Time: 1.180 ms
(10 rows)

