SET
SET
SET
SET
SET
                                                                     QUERY PLAN                                                                      
-----------------------------------------------------------------------------------------------------------------------------------------------------
 Index Scan using idx on public.t (actual rows=3048576.00 loops=1)
   Output: a, b
   Index Cond: ((t.a >= '-1540690'::integer) AND (t.a <= '-16403'::integer))
   Index Searches: 1
   Prefetch: distance=260.766 count=3080477 stalls=2 skipped=77552 resets=0 ungets=109480 forwarded=5964
             histogram [2,4) => 4, [4,8) => 4, [8,16) => 10, [16,32) => 12, [32,64) => 25, [64,128) => 17, [128,256) => 745991, [256,512) => 2334414
   Buffers: shared hit=2923166 read=55179
 Settings: enable_bitmapscan = 'off', enable_seqscan = 'off', max_parallel_workers_per_gather = '0'
 Planning:
   Buffers: shared hit=78 read=27
 Planning Time: 6.136 ms
 Execution Time: 2321.983 ms
(12 rows)

SET
SET
SET
SET
SET
                                             QUERY PLAN                                             
----------------------------------------------------------------------------------------------------
 Index Scan using idx on public.t (actual rows=3048576.00 loops=1)
   Output: a, b
   Index Cond: ((t.a >= '-1540690'::integer) AND (t.a <= '-16403'::integer))
   Index Searches: 1
   Buffers: shared hit=2978539
 Settings: enable_bitmapscan = 'off', enable_seqscan = 'off', max_parallel_workers_per_gather = '0'
 Planning:
   Buffers: shared hit=110
 Planning Time: 0.480 ms
 Execution Time: 1140.836 ms
(10 rows)

