SET
SET
SET
SET
SET
                                                                      QUERY PLAN                                                                      
------------------------------------------------------------------------------------------------------------------------------------------------------
 Index Scan Backward using idx on public.t (actual rows=4048576.00 loops=1)
   Output: a, b
   Index Cond: ((t.a >= '-2031084'::integer) AND (t.a <= '-6797'::integer))
   Index Searches: 1
   Prefetch: distance=257.377 count=3992149 stalls=1 skipped=102890 resets=0 ungets=46489 forwarded=299
             histogram [2,4) => 2, [4,8) => 6, [8,16) => 10, [16,32) => 14, [32,64) => 21, [64,128) => 60, [128,256) => 1333886, [256,512) => 2658150
   Buffers: shared hit=3882381 read=73265
 Settings: enable_bitmapscan = 'off', enable_seqscan = 'off', max_parallel_workers_per_gather = '0'
 Planning:
   Buffers: shared hit=82 read=27
 Planning Time: 6.215 ms
 Execution Time: 3493.120 ms
(12 rows)

SET
SET
SET
SET
SET
                                             QUERY PLAN                                             
----------------------------------------------------------------------------------------------------
 Index Scan Backward using idx on public.t (actual rows=4048576.00 loops=1)
   Output: a, b
   Index Cond: ((t.a >= '-2031084'::integer) AND (t.a <= '-6797'::integer))
   Index Searches: 1
   Buffers: shared hit=3955664
 Settings: enable_bitmapscan = 'off', enable_seqscan = 'off', max_parallel_workers_per_gather = '0'
 Planning:
   Buffers: shared hit=114
 Planning Time: 0.503 ms
 Execution Time: 1294.053 ms
(10 rows)

