SET
SET
SET
SET
SET
                                             QUERY PLAN                                             
----------------------------------------------------------------------------------------------------
 Index Scan Backward using idx on public.t (actual rows=64.00 loops=1)
   Output: a, b
   Index Cond: ((t.a >= '-16977'::integer) AND (t.a <= '-16946'::integer))
   Index Searches: 1
   Prefetch: distance=13.912 count=34 stalls=3 skipped=0 resets=0 ungets=0 forwarded=1
             histogram [2,4) => 6, [4,8) => 5, [8,16) => 10, [16,32) => 10, [32,64) => 3
   Buffers: shared hit=37 read=33
 Settings: enable_bitmapscan = 'off', enable_seqscan = 'off', max_parallel_workers_per_gather = '0'
 Planning:
   Buffers: shared hit=86 read=27
 Planning Time: 6.748 ms
 Execution Time: 3.732 ms
(12 rows)

SET
SET
SET
SET
SET
                                             QUERY PLAN                                             
----------------------------------------------------------------------------------------------------
 Index Scan Backward using idx on public.t (actual rows=64.00 loops=1)
   Output: a, b
   Index Cond: ((t.a >= '-16977'::integer) AND (t.a <= '-16946'::integer))
   Index Searches: 1
   Buffers: shared hit=70
 Settings: enable_bitmapscan = 'off', enable_seqscan = 'off', max_parallel_workers_per_gather = '0'
 Planning:
   Buffers: shared hit=118
 Planning Time: 0.367 ms
 Execution Time: 0.126 ms
(10 rows)

