SET
SET
SET
SET
SET
                                             QUERY PLAN                                             
----------------------------------------------------------------------------------------------------
 Index Scan Backward using idx on public.t (actual rows=8192.00 loops=1)
   Output: a, b
   Index Cond: ((t.a >= '-31695'::integer) AND (t.a <= '-27600'::integer))
   Index Searches: 1
   Prefetch: distance=2.024 count=246 stalls=7478 skipped=231 resets=0 ungets=0 forwarded=0
             histogram [2,4) => 244, [4,8) => 2
   Buffers: shared hit=7797 read=181
 Settings: enable_bitmapscan = 'off', enable_seqscan = 'off', max_parallel_workers_per_gather = '0'
 Planning:
   Buffers: shared hit=86 read=27
 Planning Time: 6.158 ms
 Execution Time: 9.848 ms
(12 rows)

SET
SET
SET
SET
SET
                                             QUERY PLAN                                             
----------------------------------------------------------------------------------------------------
 Index Scan Backward using idx on public.t (actual rows=8192.00 loops=1)
   Output: a, b
   Index Cond: ((t.a >= '-31695'::integer) AND (t.a <= '-27600'::integer))
   Index Searches: 1
   Buffers: shared hit=7978
 Settings: enable_bitmapscan = 'off', enable_seqscan = 'off', max_parallel_workers_per_gather = '0'
 Planning:
   Buffers: shared hit=118
 Planning Time: 0.485 ms
 Execution Time: 3.091 ms
(10 rows)

