SET
SET
SET
SET
SET
                                                                       QUERY PLAN                                                                       
--------------------------------------------------------------------------------------------------------------------------------------------------------
 Index Scan Backward using idx on public.t (actual rows=3048576.00 loops=1)
   Output: a, b
   Index Cond: ((t.a >= '-1555039'::integer) AND (t.a <= '-30752'::integer))
   Index Searches: 1
   Prefetch: distance=257.490 count=3006719 stalls=8 skipped=77503 resets=0 ungets=35677 forwarded=240
             histogram [2,4) => 18, [4,8) => 14, [8,16) => 11, [16,32) => 37, [32,64) => 54, [64,128) => 152, [128,256) => 996808, [256,512) => 2009625
   Buffers: shared hit=2923396 read=55180
 Settings: enable_bitmapscan = 'off', enable_seqscan = 'off', max_parallel_workers_per_gather = '0'
 Planning:
   Buffers: shared hit=82 read=27
 Planning Time: 6.368 ms
 Execution Time: 2582.208 ms
(12 rows)

SET
SET
SET
SET
SET
                                             QUERY PLAN                                             
----------------------------------------------------------------------------------------------------
 Index Scan Backward using idx on public.t (actual rows=3048576.00 loops=1)
   Output: a, b
   Index Cond: ((t.a >= '-1555039'::integer) AND (t.a <= '-30752'::integer))
   Index Searches: 1
   Buffers: shared hit=2978588
 Settings: enable_bitmapscan = 'off', enable_seqscan = 'off', max_parallel_workers_per_gather = '0'
 Planning:
   Buffers: shared hit=114
 Planning Time: 0.482 ms
 Execution Time: 1111.941 ms
(10 rows)

