SET
SET
SET
SET
SET
                                             QUERY PLAN                                             
----------------------------------------------------------------------------------------------------
 Index Scan using idx on public.t (actual rows=1024.00 loops=1)
   Output: a, b
   Index Cond: ((t.a >= 17633) AND (t.a <= 17696))
   Index Searches: 1
   Prefetch: distance=2.000 count=24 stalls=673 skipped=254 resets=0 ungets=0 forwarded=0
             histogram [2,4) => 24
   Buffers: shared hit=718 read=42
 Settings: enable_bitmapscan = 'off', enable_seqscan = 'off', max_parallel_workers_per_gather = '0'
 Planning:
   Buffers: shared hit=78 read=23
 Planning Time: 5.919 ms
 Execution Time: 3.708 ms
(12 rows)

SET
SET
SET
SET
SET
                                             QUERY PLAN                                             
----------------------------------------------------------------------------------------------------
 Index Scan using idx on public.t (actual rows=1024.00 loops=1)
   Output: a, b
   Index Cond: ((t.a >= 17633) AND (t.a <= 17696))
   Index Searches: 1
   Buffers: shared hit=760
 Settings: enable_bitmapscan = 'off', enable_seqscan = 'off', max_parallel_workers_per_gather = '0'
 Planning:
   Buffers: shared hit=106
 Planning Time: 0.304 ms
 Execution Time: 0.361 ms
(10 rows)

