SET
SET
SET
SET
SET
                                             QUERY PLAN                                             
----------------------------------------------------------------------------------------------------
 Index Scan using idx on public.t (actual rows=4096.00 loops=1)
   Output: a, b
   Index Cond: ((t.a >= 3235) AND (t.a <= 3490))
   Index Searches: 1
   Prefetch: distance=2.076 count=92 stalls=2760 skipped=1016 resets=0 ungets=0 forwarded=0
             histogram [2,4) => 90, [4,8) => 2
   Buffers: shared hit=2954 read=84
 Settings: enable_bitmapscan = 'off', enable_seqscan = 'off', max_parallel_workers_per_gather = '0'
 Planning:
   Buffers: shared hit=82 read=27
 Planning Time: 6.603 ms
 Execution Time: 4.349 ms
(12 rows)

SET
SET
SET
SET
SET
                                             QUERY PLAN                                             
----------------------------------------------------------------------------------------------------
 Index Scan using idx on public.t (actual rows=4096.00 loops=1)
   Output: a, b
   Index Cond: ((t.a >= 3235) AND (t.a <= 3490))
   Index Searches: 1
   Buffers: shared hit=3038
 Settings: enable_bitmapscan = 'off', enable_seqscan = 'off', max_parallel_workers_per_gather = '0'
 Planning:
   Buffers: shared hit=114
 Planning Time: 0.358 ms
 Execution Time: 1.053 ms
(10 rows)

