SET
SET
SET
SET
SET
                                                                    QUERY PLAN                                                                     
---------------------------------------------------------------------------------------------------------------------------------------------------
 Index Scan Backward using idx on public.t (actual rows=6048576.00 loops=1)
   Output: a, b
   Index Cond: ((t.a >= '-3044696'::integer) AND (t.a <= '-20409'::integer))
   Index Searches: 1
   Prefetch: distance=257.540 count=5966949 stalls=1 skipped=153516 resets=0 ungets=71893 forwarded=464
             histogram [2,4) => 2, [4,8) => 6, [8,16) => 6, [16,32) => 8, [32,64) => 7, [64,128) => 35, [128,256) => 1975741, [256,512) => 3991144
   Buffers: shared hit=5800498 read=109440
 Settings: enable_bitmapscan = 'off', enable_seqscan = 'off', max_parallel_workers_per_gather = '0'
 Planning:
   Buffers: shared hit=82 read=27
 Planning Time: 6.434 ms
 Execution Time: 5077.068 ms
(12 rows)

SET
SET
SET
SET
SET
                                             QUERY PLAN                                             
----------------------------------------------------------------------------------------------------
 Index Scan Backward using idx on public.t (actual rows=6048576.00 loops=1)
   Output: a, b
   Index Cond: ((t.a >= '-3044696'::integer) AND (t.a <= '-20409'::integer))
   Index Searches: 1
   Buffers: shared hit=5909964
 Settings: enable_bitmapscan = 'off', enable_seqscan = 'off', max_parallel_workers_per_gather = '0'
 Planning:
   Buffers: shared hit=114
 Planning Time: 0.424 ms
 Execution Time: 1617.470 ms
(10 rows)

