SET
SET
SET
SET
SET
                                                                  QUERY PLAN                                                                   
-----------------------------------------------------------------------------------------------------------------------------------------------
 Index Scan using idx on public.t (actual rows=8192.00 loops=1)
   Output: a, b
   Index Cond: ((t.a >= 20748) AND (t.a <= 21259))
   Index Searches: 1
   Prefetch: distance=258.439 count=6582 stalls=1 skipped=2018 resets=0 ungets=418 forwarded=149
             histogram [2,4) => 2, [4,8) => 7, [8,16) => 7, [16,32) => 14, [32,64) => 22, [64,128) => 13, [128,256) => 1516, [256,512) => 5001
   Buffers: shared hit=6046 read=147
 Settings: enable_bitmapscan = 'off', enable_seqscan = 'off', max_parallel_workers_per_gather = '0'
 Planning:
   Buffers: shared hit=78 read=23
 Planning Time: 5.966 ms
 Execution Time: 7.095 ms
(12 rows)

SET
SET
SET
SET
SET
                                             QUERY PLAN                                             
----------------------------------------------------------------------------------------------------
 Index Scan using idx on public.t (actual rows=8192.00 loops=1)
   Output: a, b
   Index Cond: ((t.a >= 20748) AND (t.a <= 21259))
   Index Searches: 1
   Buffers: shared hit=6201
 Settings: enable_bitmapscan = 'off', enable_seqscan = 'off', max_parallel_workers_per_gather = '0'
 Planning:
   Buffers: shared hit=106
 Planning Time: 0.322 ms
 Execution Time: 2.125 ms
(10 rows)

