SET
SET
SET
SET
SET
                                             QUERY PLAN                                             
----------------------------------------------------------------------------------------------------
 Index Scan Backward using idx on public.t (actual rows=8192.00 loops=1)
   Output: a, b
   Index Cond: ((t.a >= '-25779'::integer) AND (t.a <= '-21684'::integer))
   Index Searches: 1
   Prefetch: distance=2.036 count=247 stalls=7460 skipped=190 resets=0 ungets=0 forwarded=0
             histogram [2,4) => 244, [4,8) => 3
   Buffers: shared hit=7838 read=184
 Settings: enable_bitmapscan = 'off', enable_seqscan = 'off', max_parallel_workers_per_gather = '0'
 Planning:
   Buffers: shared hit=86 read=27
 Planning Time: 6.237 ms
 Execution Time: 9.137 ms
(12 rows)

SET
SET
SET
SET
SET
                                             QUERY PLAN                                             
----------------------------------------------------------------------------------------------------
 Index Scan Backward using idx on public.t (actual rows=8192.00 loops=1)
   Output: a, b
   Index Cond: ((t.a >= '-25779'::integer) AND (t.a <= '-21684'::integer))
   Index Searches: 1
   Buffers: shared hit=8022
 Settings: enable_bitmapscan = 'off', enable_seqscan = 'off', max_parallel_workers_per_gather = '0'
 Planning:
   Buffers: shared hit=118
 Planning Time: 0.356 ms
 Execution Time: 2.415 ms
(10 rows)

