SET
SET
SET
SET
SET
                                                                     QUERY PLAN                                                                     
----------------------------------------------------------------------------------------------------------------------------------------------------
 Index Scan using idx on public.t (actual rows=7048576.00 loops=1)
   Output: a, b
   Index Cond: ((t.a >= 29738) AND (t.a <= 470273))
   Index Searches: 1
   Prefetch: distance=261.503 count=5642563 stalls=1 skipped=1784914 resets=0 ungets=378909 forwarded=125532
             histogram [2,4) => 2, [4,8) => 7, [8,16) => 9, [16,32) => 12, [32,64) => 25, [64,128) => 9, [128,256) => 1209010, [256,512) => 4433489
   Buffers: shared hit=5171376 read=102211
 Settings: enable_bitmapscan = 'off', enable_seqscan = 'off', max_parallel_workers_per_gather = '0'
 Planning:
   Buffers: shared hit=78 read=23
 Planning Time: 6.096 ms
 Execution Time: 3672.105 ms
(12 rows)

SET
SET
SET
SET
SET
                                             QUERY PLAN                                             
----------------------------------------------------------------------------------------------------
 Index Scan using idx on public.t (actual rows=7048576.00 loops=1)
   Output: a, b
   Index Cond: ((t.a >= 29738) AND (t.a <= 470273))
   Index Searches: 1
   Buffers: shared hit=5282925
 Settings: enable_bitmapscan = 'off', enable_seqscan = 'off', max_parallel_workers_per_gather = '0'
 Planning:
   Buffers: shared hit=106
 Planning Time: 0.444 ms
 Execution Time: 2105.910 ms
(10 rows)

