SET
SET
SET
SET
SET
                                             QUERY PLAN                                             
----------------------------------------------------------------------------------------------------
 Index Scan Backward using idx on public.t (actual rows=4096.00 loops=1)
   Output: a, b
   Index Cond: ((t.a >= '-19624'::integer) AND (t.a <= '-17577'::integer))
   Index Searches: 1
   Prefetch: distance=2.053 count=114 stalls=3496 skipped=97 resets=0 ungets=0 forwarded=0
             histogram [2,4) => 112, [4,8) => 2
   Buffers: shared hit=3893 read=108
 Settings: enable_bitmapscan = 'off', enable_seqscan = 'off', max_parallel_workers_per_gather = '0'
 Planning:
   Buffers: shared hit=86 read=27
 Planning Time: 6.391 ms
 Execution Time: 7.678 ms
(12 rows)

SET
SET
SET
SET
SET
                                             QUERY PLAN                                             
----------------------------------------------------------------------------------------------------
 Index Scan Backward using idx on public.t (actual rows=4096.00 loops=1)
   Output: a, b
   Index Cond: ((t.a >= '-19624'::integer) AND (t.a <= '-17577'::integer))
   Index Searches: 1
   Buffers: shared hit=4001
 Settings: enable_bitmapscan = 'off', enable_seqscan = 'off', max_parallel_workers_per_gather = '0'
 Planning:
   Buffers: shared hit=118
 Planning Time: 0.342 ms
 Execution Time: 1.202 ms
(10 rows)

