SET
SET
SET
SET
SET
                                             QUERY PLAN                                             
----------------------------------------------------------------------------------------------------
 Index Scan Backward using idx on public.t (actual rows=8192.00 loops=1)
   Output: a, b
   Index Cond: ((t.a >= '-7999'::integer) AND (t.a <= '-3904'::integer))
   Index Searches: 1
   Prefetch: distance=2.088 count=260 stalls=7565 skipped=204 resets=0 ungets=0 forwarded=0
             histogram [2,4) => 252, [4,8) => 8
   Buffers: shared hit=7825 read=185
 Settings: enable_bitmapscan = 'off', enable_seqscan = 'off', max_parallel_workers_per_gather = '0'
 Planning:
   Buffers: shared hit=82 read=26
 Planning Time: 5.675 ms
 Execution Time: 22.817 ms
(12 rows)

SET
SET
SET
SET
SET
                                             QUERY PLAN                                             
----------------------------------------------------------------------------------------------------
 Index Scan Backward using idx on public.t (actual rows=8192.00 loops=1)
   Output: a, b
   Index Cond: ((t.a >= '-7999'::integer) AND (t.a <= '-3904'::integer))
   Index Searches: 1
   Buffers: shared hit=8010
 Settings: enable_bitmapscan = 'off', enable_seqscan = 'off', max_parallel_workers_per_gather = '0'
 Planning:
   Buffers: shared hit=113
 Planning Time: 0.347 ms
 Execution Time: 2.349 ms
(10 rows)

