SET
SET
SET
SET
SET
                                                                     QUERY PLAN                                                                     
----------------------------------------------------------------------------------------------------------------------------------------------------
 Index Scan Backward using idx on public.t (actual rows=9048576.00 loops=1)
   Output: a, b
   Index Cond: ((t.a >= '-4539692'::integer) AND (t.a <= '-15405'::integer))
   Index Searches: 1
   Prefetch: distance=257.681 count=8932878 stalls=1 skipped=230582 resets=0 ungets=114890 forwarded=1200
             histogram [2,4) => 2, [4,8) => 6, [8,16) => 6, [16,32) => 18, [32,64) => 3, [64,128) => 49, [128,256) => 2903374, [256,512) => 6029420
   Buffers: shared hit=8676563 read=163711
 Settings: enable_bitmapscan = 'off', enable_seqscan = 'off', max_parallel_workers_per_gather = '0'
 Planning:
   Buffers: shared hit=78 read=26
 Planning Time: 5.702 ms
 Execution Time: 8332.887 ms
(12 rows)

SET
SET
SET
SET
SET
                                             QUERY PLAN                                             
----------------------------------------------------------------------------------------------------
 Index Scan Backward using idx on public.t (actual rows=9048576.00 loops=1)
   Output: a, b
   Index Cond: ((t.a >= '-4539692'::integer) AND (t.a <= '-15405'::integer))
   Index Searches: 1
   Buffers: shared hit=8840288
 Settings: enable_bitmapscan = 'off', enable_seqscan = 'off', max_parallel_workers_per_gather = '0'
 Planning:
   Buffers: shared hit=109
 Planning Time: 0.506 ms
 Execution Time: 2856.112 ms
(10 rows)

