SET
SET
SET
SET
SET
                                             QUERY PLAN                                             
----------------------------------------------------------------------------------------------------
 Index Scan Backward using idx on public.t (actual rows=4096.00 loops=1)
   Output: a, b
   Index Cond: ((t.a >= '-31751'::integer) AND (t.a <= '-29704'::integer))
   Index Searches: 1
   Prefetch: distance=2.048 count=126 stalls=3712 skipped=93 resets=0 ungets=0 forwarded=0
             histogram [2,4) => 124, [4,8) => 2
   Buffers: shared hit=3902 read=110
 Settings: enable_bitmapscan = 'off', enable_seqscan = 'off', max_parallel_workers_per_gather = '0'
 Planning:
   Buffers: shared hit=82 read=26
 Planning Time: 6.055 ms
 Execution Time: 12.255 ms
(12 rows)

SET
SET
SET
SET
SET
                                             QUERY PLAN                                             
----------------------------------------------------------------------------------------------------
 Index Scan Backward using idx on public.t (actual rows=4096.00 loops=1)
   Output: a, b
   Index Cond: ((t.a >= '-31751'::integer) AND (t.a <= '-29704'::integer))
   Index Searches: 1
   Buffers: shared hit=4012
 Settings: enable_bitmapscan = 'off', enable_seqscan = 'off', max_parallel_workers_per_gather = '0'
 Planning:
   Buffers: shared hit=113
 Planning Time: 0.366 ms
 Execution Time: 1.175 ms
(10 rows)

