SET
SET
SET
SET
SET
                                             QUERY PLAN                                             
----------------------------------------------------------------------------------------------------
 Index Scan Backward using idx on public.t (actual rows=2048.00 loops=1)
   Output: a, b
   Index Cond: ((t.a >= '-28861'::integer) AND (t.a <= '-27838'::integer))
   Index Searches: 1
   Prefetch: distance=2.040 count=75 stalls=1854 skipped=50 resets=0 ungets=0 forwarded=0
             histogram [2,4) => 74, [4,8) => 1
   Buffers: shared hit=1930 read=75
 Settings: enable_bitmapscan = 'off', enable_seqscan = 'off', max_parallel_workers_per_gather = '0'
 Planning:
   Buffers: shared hit=82 read=26
 Planning Time: 5.987 ms
 Execution Time: 8.446 ms
(12 rows)

SET
SET
SET
SET
SET
                                             QUERY PLAN                                             
----------------------------------------------------------------------------------------------------
 Index Scan Backward using idx on public.t (actual rows=2048.00 loops=1)
   Output: a, b
   Index Cond: ((t.a >= '-28861'::integer) AND (t.a <= '-27838'::integer))
   Index Searches: 1
   Buffers: shared hit=2005
 Settings: enable_bitmapscan = 'off', enable_seqscan = 'off', max_parallel_workers_per_gather = '0'
 Planning:
   Buffers: shared hit=113
 Planning Time: 0.370 ms
 Execution Time: 0.657 ms
(10 rows)

