SET
SET
SET
SET
SET
                                                                  QUERY PLAN                                                                  
----------------------------------------------------------------------------------------------------------------------------------------------
 Index Scan Backward using idx on public.t (actual rows=65536.00 loops=1)
   Output: a, b
   Index Cond: ((t.a >= '-65167'::integer) AND (t.a <= '-32400'::integer))
   Index Searches: 1
   Prefetch: distance=257.281 count=64830 stalls=1 skipped=1606 resets=0 ungets=908 forwarded=12
             histogram [2,4) => 2, [4,8) => 5, [8,16) => 8, [16,32) => 9, [32,64) => 8, [64,128) => 2, [128,256) => 21327, [256,512) => 43469
   Buffers: shared hit=62876 read=1221
 Settings: enable_bitmapscan = 'off', enable_seqscan = 'off', max_parallel_workers_per_gather = '0'
 Planning:
   Buffers: shared hit=82 read=26
 Planning Time: 5.913 ms
 Execution Time: 64.394 ms
(12 rows)

SET
SET
SET
SET
SET
                                             QUERY PLAN                                             
----------------------------------------------------------------------------------------------------
 Index Scan Backward using idx on public.t (actual rows=65536.00 loops=1)
   Output: a, b
   Index Cond: ((t.a >= '-65167'::integer) AND (t.a <= '-32400'::integer))
   Index Searches: 1
   Buffers: shared hit=64097
 Settings: enable_bitmapscan = 'off', enable_seqscan = 'off', max_parallel_workers_per_gather = '0'
 Planning:
   Buffers: shared hit=113
 Planning Time: 0.405 ms
 Execution Time: 15.793 ms
(10 rows)

