SET
SET
SET
SET
SET
                                             QUERY PLAN                                             
----------------------------------------------------------------------------------------------------
 Index Scan Backward using idx on public.t (actual rows=2048.00 loops=1)
   Output: a, b
   Index Cond: ((t.a >= '-17565'::integer) AND (t.a <= '-16542'::integer))
   Index Searches: 1
   Prefetch: distance=2.000 count=58 stalls=1742 skipped=35 resets=0 ungets=0 forwarded=0
             histogram [2,4) => 58
   Buffers: shared hit=1950 read=71
 Settings: enable_bitmapscan = 'off', enable_seqscan = 'off', max_parallel_workers_per_gather = '0'
 Planning:
   Buffers: shared hit=82 read=26
 Planning Time: 5.605 ms
 Execution Time: 7.713 ms
(12 rows)

SET
SET
SET
SET
SET
                                             QUERY PLAN                                             
----------------------------------------------------------------------------------------------------
 Index Scan Backward using idx on public.t (actual rows=2048.00 loops=1)
   Output: a, b
   Index Cond: ((t.a >= '-17565'::integer) AND (t.a <= '-16542'::integer))
   Index Searches: 1
   Buffers: shared hit=2021
 Settings: enable_bitmapscan = 'off', enable_seqscan = 'off', max_parallel_workers_per_gather = '0'
 Planning:
   Buffers: shared hit=113
 Planning Time: 0.352 ms
 Execution Time: 0.633 ms
(10 rows)

