SET
SET
SET
SET
SET
                                             QUERY PLAN                                             
----------------------------------------------------------------------------------------------------
 Index Scan Backward using idx on public.t (actual rows=8192.00 loops=1)
   Output: a, b
   Index Cond: ((t.a >= '-6120'::integer) AND (t.a <= '-2025'::integer))
   Index Searches: 1
   Prefetch: distance=2.093 count=281 stalls=7646 skipped=206 resets=0 ungets=0 forwarded=0
             histogram [2,4) => 272, [4,8) => 9
   Buffers: shared hit=7825 read=185
 Settings: enable_bitmapscan = 'off', enable_seqscan = 'off', max_parallel_workers_per_gather = '0'
 Planning:
   Buffers: shared hit=82 read=26
 Planning Time: 5.724 ms
 Execution Time: 21.330 ms
(12 rows)

SET
SET
SET
SET
SET
                                             QUERY PLAN                                             
----------------------------------------------------------------------------------------------------
 Index Scan Backward using idx on public.t (actual rows=8192.00 loops=1)
   Output: a, b
   Index Cond: ((t.a >= '-6120'::integer) AND (t.a <= '-2025'::integer))
   Index Searches: 1
   Buffers: shared hit=8010
 Settings: enable_bitmapscan = 'off', enable_seqscan = 'off', max_parallel_workers_per_gather = '0'
 Planning:
   Buffers: shared hit=113
 Planning Time: 0.359 ms
 Execution Time: 2.232 ms
(10 rows)

