SET
SET
SET
SET
SET
                                                                      QUERY PLAN                                                                      
------------------------------------------------------------------------------------------------------------------------------------------------------
 Index Scan Backward using idx on public.t (actual rows=7048576.00 loops=1)
   Output: a, b
   Index Cond: ((t.a >= '-3531193'::integer) AND (t.a <= '-6906'::integer))
   Index Searches: 1
   Prefetch: distance=257.596 count=6955338 stalls=1 skipped=179415 resets=0 ungets=86193 forwarded=889
             histogram [2,4) => 2, [4,8) => 7, [8,16) => 10, [16,32) => 13, [32,64) => 30, [64,128) => 71, [128,256) => 2278669, [256,512) => 4676536
   Buffers: shared hit=6758988 read=127533
 Settings: enable_bitmapscan = 'off', enable_seqscan = 'off', max_parallel_workers_per_gather = '0'
 Planning:
   Buffers: shared hit=78 read=26
 Planning Time: 5.644 ms
 Execution Time: 6447.989 ms
(12 rows)

SET
SET
SET
SET
SET
                                             QUERY PLAN                                             
----------------------------------------------------------------------------------------------------
 Index Scan Backward using idx on public.t (actual rows=7048576.00 loops=1)
   Output: a, b
   Index Cond: ((t.a >= '-3531193'::integer) AND (t.a <= '-6906'::integer))
   Index Searches: 1
   Buffers: shared hit=6886528
 Settings: enable_bitmapscan = 'off', enable_seqscan = 'off', max_parallel_workers_per_gather = '0'
 Planning:
   Buffers: shared hit=109
 Planning Time: 0.546 ms
 Execution Time: 1973.244 ms
(10 rows)

