SET
SET
SET
SET
SET
                                             QUERY PLAN                                             
----------------------------------------------------------------------------------------------------
 Index Scan Backward using idx on public.t (actual rows=8192.00 loops=1)
   Output: a, b
   Index Cond: ((t.a >= '-28043'::integer) AND (t.a <= '-23948'::integer))
   Index Searches: 1
   Prefetch: distance=2.070 count=272 stalls=7680 skipped=183 resets=0 ungets=0 forwarded=0
             histogram [2,4) => 266, [4,8) => 6
   Buffers: shared hit=7851 read=185
 Settings: enable_bitmapscan = 'off', enable_seqscan = 'off', max_parallel_workers_per_gather = '0'
 Planning:
   Buffers: shared hit=82 read=26
 Planning Time: 6.088 ms
 Execution Time: 20.870 ms
(12 rows)

SET
SET
SET
SET
SET
                                             QUERY PLAN                                             
----------------------------------------------------------------------------------------------------
 Index Scan Backward using idx on public.t (actual rows=8192.00 loops=1)
   Output: a, b
   Index Cond: ((t.a >= '-28043'::integer) AND (t.a <= '-23948'::integer))
   Index Searches: 1
   Buffers: shared hit=8036
 Settings: enable_bitmapscan = 'off', enable_seqscan = 'off', max_parallel_workers_per_gather = '0'
 Planning:
   Buffers: shared hit=113
 Planning Time: 0.373 ms
 Execution Time: 2.379 ms
(10 rows)

