SET
SET
SET
SET
SET
                                             QUERY PLAN                                             
----------------------------------------------------------------------------------------------------
 Index Scan Backward using idx on public.t (actual rows=4096.00 loops=1)
   Output: a, b
   Index Cond: ((t.a >= '-29707'::integer) AND (t.a <= '-27660'::integer))
   Index Searches: 1
   Prefetch: distance=2.048 count=126 stalls=3736 skipped=97 resets=0 ungets=0 forwarded=0
             histogram [2,4) => 124, [4,8) => 2
   Buffers: shared hit=3901 read=109
 Settings: enable_bitmapscan = 'off', enable_seqscan = 'off', max_parallel_workers_per_gather = '0'
 Planning:
   Buffers: shared hit=82 read=26
 Planning Time: 5.488 ms
 Execution Time: 12.349 ms
(12 rows)

SET
SET
SET
SET
SET
                                             QUERY PLAN                                             
----------------------------------------------------------------------------------------------------
 Index Scan Backward using idx on public.t (actual rows=4096.00 loops=1)
   Output: a, b
   Index Cond: ((t.a >= '-29707'::integer) AND (t.a <= '-27660'::integer))
   Index Searches: 1
   Buffers: shared hit=4010
 Settings: enable_bitmapscan = 'off', enable_seqscan = 'off', max_parallel_workers_per_gather = '0'
 Planning:
   Buffers: shared hit=113
 Planning Time: 0.356 ms
 Execution Time: 1.280 ms
(10 rows)

