SET
SET
SET
SET
SET
                                                                   QUERY PLAN                                                                    
-------------------------------------------------------------------------------------------------------------------------------------------------
 Index Scan Backward using idx on public.t (actual rows=131072.00 loops=1)
   Output: a, b
   Index Cond: ((t.a >= '-73290'::integer) AND (t.a <= '-7755'::integer))
   Index Searches: 1
   Prefetch: distance=257.199 count=129325 stalls=3 skipped=3225 resets=0 ungets=1494 forwarded=20
             histogram [2,4) => 6, [4,8) => 8, [8,16) => 11, [16,32) => 11, [32,64) => 20, [64,128) => 2, [128,256) => 43551, [256,512) => 85716
   Buffers: shared hit=125768 read=2407
 Settings: enable_bitmapscan = 'off', enable_seqscan = 'off', max_parallel_workers_per_gather = '0'
 Planning:
   Buffers: shared hit=82 read=26
 Planning Time: 7.346 ms
 Execution Time: 128.494 ms
(12 rows)

SET
SET
SET
SET
SET
                                             QUERY PLAN                                             
----------------------------------------------------------------------------------------------------
 Index Scan Backward using idx on public.t (actual rows=131072.00 loops=1)
   Output: a, b
   Index Cond: ((t.a >= '-73290'::integer) AND (t.a <= '-7755'::integer))
   Index Searches: 1
   Buffers: shared hit=128175
 Settings: enable_bitmapscan = 'off', enable_seqscan = 'off', max_parallel_workers_per_gather = '0'
 Planning:
   Buffers: shared hit=113
 Planning Time: 0.382 ms
 Execution Time: 34.545 ms
(10 rows)

