SET
SET
SET
SET
SET
                                             QUERY PLAN                                             
----------------------------------------------------------------------------------------------------
 Index Scan using idx on public.t (actual rows=512.00 loops=1)
   Output: a, b
   Index Cond: ((t.a >= '-15612'::integer) AND (t.a <= '-15357'::integer))
   Index Searches: 1
   Prefetch: distance=2.158 count=19 stalls=342 skipped=8 resets=0 ungets=0 forwarded=0
             histogram [2,4) => 18, [4,8) => 1
   Buffers: shared hit=463 read=45
 Settings: enable_bitmapscan = 'off', enable_seqscan = 'off', max_parallel_workers_per_gather = '0'
 Planning:
   Buffers: shared hit=86 read=26
 Planning Time: 5.614 ms
 Execution Time: 4.174 ms
(12 rows)

SET
SET
SET
SET
SET
                                             QUERY PLAN                                             
----------------------------------------------------------------------------------------------------
 Index Scan using idx on public.t (actual rows=512.00 loops=1)
   Output: a, b
   Index Cond: ((t.a >= '-15612'::integer) AND (t.a <= '-15357'::integer))
   Index Searches: 1
   Buffers: shared hit=508
 Settings: enable_bitmapscan = 'off', enable_seqscan = 'off', max_parallel_workers_per_gather = '0'
 Planning:
   Buffers: shared hit=117
 Planning Time: 0.459 ms
 Execution Time: 0.247 ms
(10 rows)

