SET
SET
SET
SET
SET
                                             QUERY PLAN                                             
----------------------------------------------------------------------------------------------------
 Index Scan using idx on public.t (actual rows=8192.00 loops=1)
   Output: a, b
   Index Cond: ((t.a >= '-22780'::integer) AND (t.a <= '-18685'::integer))
   Index Searches: 1
   Prefetch: distance=2.012 count=245 stalls=7343 skipped=215 resets=0 ungets=0 forwarded=0
             histogram [2,4) => 244, [4,8) => 1
   Buffers: shared hit=7813 read=183
 Settings: enable_bitmapscan = 'off', enable_seqscan = 'off', max_parallel_workers_per_gather = '0'
 Planning:
   Buffers: shared hit=86 read=26
 Planning Time: 6.204 ms
 Execution Time: 9.785 ms
(12 rows)

SET
SET
SET
SET
SET
                                             QUERY PLAN                                             
----------------------------------------------------------------------------------------------------
 Index Scan using idx on public.t (actual rows=8192.00 loops=1)
   Output: a, b
   Index Cond: ((t.a >= '-22780'::integer) AND (t.a <= '-18685'::integer))
   Index Searches: 1
   Buffers: shared hit=7996
 Settings: enable_bitmapscan = 'off', enable_seqscan = 'off', max_parallel_workers_per_gather = '0'
 Planning:
   Buffers: shared hit=117
 Planning Time: 0.335 ms
 Execution Time: 2.216 ms
(10 rows)

