SET
SET
SET
SET
SET
                                                                     QUERY PLAN                                                                     
----------------------------------------------------------------------------------------------------------------------------------------------------
 Index Scan using idx on public.t (actual rows=1048576.00 loops=1)
   Output: a, b
   Index Cond: ((t.a >= '-542550'::integer) AND (t.a <= '-18263'::integer))
   Index Searches: 1
   Prefetch: distance=241.788 count=1021980 stalls=1 skipped=26622 resets=0 ungets=42 forwarded=235
             histogram [2,4) => 2, [4,8) => 6, [8,16) => 6, [16,32) => 16, [32,64) => 16, [64,128) => 227, [128,256) => 667782, [256,512) => 353925
   Buffers: shared hit=1005535 read=19003
 Settings: enable_bitmapscan = 'off', enable_seqscan = 'off', max_parallel_workers_per_gather = '0'
 Planning:
   Buffers: shared hit=82 read=26
 Planning Time: 5.734 ms
 Execution Time: 625.766 ms
(12 rows)

SET
SET
SET
SET
SET
                                             QUERY PLAN                                             
----------------------------------------------------------------------------------------------------
 Index Scan using idx on public.t (actual rows=1048576.00 loops=1)
   Output: a, b
   Index Cond: ((t.a >= '-542550'::integer) AND (t.a <= '-18263'::integer))
   Index Searches: 1
   Buffers: shared hit=1024542
 Settings: enable_bitmapscan = 'off', enable_seqscan = 'off', max_parallel_workers_per_gather = '0'
 Planning:
   Buffers: shared hit=113
 Planning Time: 0.415 ms
 Execution Time: 283.060 ms
(10 rows)

