SET
SET
SET
SET
SET
                                                                    QUERY PLAN                                                                    
--------------------------------------------------------------------------------------------------------------------------------------------------
 Index Scan using idx on public.t (actual rows=262144.00 loops=1)
   Output: a, b
   Index Cond: ((t.a >= '-133707'::integer) AND (t.a <= '-2636'::integer))
   Index Searches: 1
   Prefetch: distance=241.816 count=255626 stalls=1 skipped=6538 resets=0 ungets=28 forwarded=52
             histogram [2,4) => 4, [4,8) => 8, [8,16) => 6, [16,32) => 12, [32,64) => 16, [64,128) => 85, [128,256) => 166566, [256,512) => 88929
   Buffers: shared hit=251480 read=4778
 Settings: enable_bitmapscan = 'off', enable_seqscan = 'off', max_parallel_workers_per_gather = '0'
 Planning:
   Buffers: shared hit=82 read=26
 Planning Time: 5.823 ms
 Execution Time: 160.512 ms
(12 rows)

SET
SET
SET
SET
SET
                                             QUERY PLAN                                             
----------------------------------------------------------------------------------------------------
 Index Scan using idx on public.t (actual rows=262144.00 loops=1)
   Output: a, b
   Index Cond: ((t.a >= '-133707'::integer) AND (t.a <= '-2636'::integer))
   Index Searches: 1
   Buffers: shared hit=256258
 Settings: enable_bitmapscan = 'off', enable_seqscan = 'off', max_parallel_workers_per_gather = '0'
 Planning:
   Buffers: shared hit=113
 Planning Time: 0.409 ms
 Execution Time: 77.484 ms
(10 rows)

