SET
SET
SET
SET
SET
                                                                 QUERY PLAN                                                                  
---------------------------------------------------------------------------------------------------------------------------------------------
 Index Scan using idx on public.t (actual rows=512.00 loops=1)
   Output: a, b
   Index Cond: ((t.a >= '-9988'::integer) AND (t.a <= '-9733'::integer))
   Index Searches: 1
   Prefetch: distance=195.797 count=474 stalls=9 skipped=12 resets=0 ungets=6 forwarded=1
             histogram [2,4) => 8, [4,8) => 6, [8,16) => 9, [16,32) => 15, [32,64) => 23, [64,128) => 54, [128,256) => 146, [256,512) => 213
   Buffers: shared hit=461 read=46
 Settings: enable_bitmapscan = 'off', enable_seqscan = 'off', max_parallel_workers_per_gather = '0'
 Planning:
   Buffers: shared hit=86 read=26
 Planning Time: 5.731 ms
 Execution Time: 4.877 ms
(12 rows)

SET
SET
SET
SET
SET
                                             QUERY PLAN                                             
----------------------------------------------------------------------------------------------------
 Index Scan using idx on public.t (actual rows=512.00 loops=1)
   Output: a, b
   Index Cond: ((t.a >= '-9988'::integer) AND (t.a <= '-9733'::integer))
   Index Searches: 1
   Buffers: shared hit=507
 Settings: enable_bitmapscan = 'off', enable_seqscan = 'off', max_parallel_workers_per_gather = '0'
 Planning:
   Buffers: shared hit=117
 Planning Time: 0.353 ms
 Execution Time: 0.239 ms
(10 rows)

