SET
SET
SET
SET
SET
                                                                QUERY PLAN                                                                 
-------------------------------------------------------------------------------------------------------------------------------------------
 Index Scan using idx on public.t (actual rows=256.00 loops=1)
   Output: a, b
   Index Cond: ((t.a >= '-26715'::integer) AND (t.a <= '-26588'::integer))
   Index Searches: 1
   Prefetch: distance=209.158 count=259 stalls=1 skipped=5 resets=0 ungets=20 forwarded=1
             histogram [2,4) => 4, [4,8) => 6, [8,16) => 8, [16,32) => 14, [32,64) => 15, [64,128) => 6, [128,256) => 77, [256,512) => 129
   Buffers: shared hit=215 read=43
 Settings: enable_bitmapscan = 'off', enable_seqscan = 'off', max_parallel_workers_per_gather = '0'
 Planning:
   Buffers: shared hit=86 read=26
 Planning Time: 5.948 ms
 Execution Time: 3.894 ms
(12 rows)

SET
SET
SET
SET
SET
                                             QUERY PLAN                                             
----------------------------------------------------------------------------------------------------
 Index Scan using idx on public.t (actual rows=256.00 loops=1)
   Output: a, b
   Index Cond: ((t.a >= '-26715'::integer) AND (t.a <= '-26588'::integer))
   Index Searches: 1
   Buffers: shared hit=258
 Settings: enable_bitmapscan = 'off', enable_seqscan = 'off', max_parallel_workers_per_gather = '0'
 Planning:
   Buffers: shared hit=117
 Planning Time: 0.366 ms
 Execution Time: 0.171 ms
(10 rows)

