SET
SET
SET
SET
SET
                                             QUERY PLAN                                             
----------------------------------------------------------------------------------------------------
 Index Scan using idx on public.t (actual rows=8192.00 loops=1)
   Output: a, b
   Index Cond: ((t.a >= '-36388'::integer) AND (t.a <= '-32293'::integer))
   Index Searches: 1
   Prefetch: distance=2.057 count=244 stalls=7388 skipped=185 resets=0 ungets=0 forwarded=0
             histogram [2,4) => 239, [4,8) => 5
   Buffers: shared hit=7842 read=182
 Settings: enable_bitmapscan = 'off', enable_seqscan = 'off', max_parallel_workers_per_gather = '0'
 Planning:
   Buffers: shared hit=86 read=26
 Planning Time: 6.046 ms
 Execution Time: 10.561 ms
(12 rows)

SET
SET
SET
SET
SET
                                             QUERY PLAN                                             
----------------------------------------------------------------------------------------------------
 Index Scan using idx on public.t (actual rows=8192.00 loops=1)
   Output: a, b
   Index Cond: ((t.a >= '-36388'::integer) AND (t.a <= '-32293'::integer))
   Index Searches: 1
   Buffers: shared hit=8024
 Settings: enable_bitmapscan = 'off', enable_seqscan = 'off', max_parallel_workers_per_gather = '0'
 Planning:
   Buffers: shared hit=117
 Planning Time: 0.364 ms
 Execution Time: 2.266 ms
(10 rows)

