SET
SET
SET
SET
SET
                                             QUERY PLAN                                             
----------------------------------------------------------------------------------------------------
 Index Scan using idx on public.t (actual rows=1024.00 loops=1)
   Output: a, b
   Index Cond: ((t.a >= '-3090'::integer) AND (t.a <= '-2579'::integer))
   Index Searches: 1
   Prefetch: distance=2.103 count=29 stalls=844 skipped=30 resets=0 ungets=0 forwarded=0
             histogram [2,4) => 28, [4,8) => 1
   Buffers: shared hit=943 read=56
 Settings: enable_bitmapscan = 'off', enable_seqscan = 'off', max_parallel_workers_per_gather = '0'
 Planning:
   Buffers: shared hit=86 read=26
 Planning Time: 5.512 ms
 Execution Time: 6.017 ms
(12 rows)

SET
SET
SET
SET
SET
                                             QUERY PLAN                                             
----------------------------------------------------------------------------------------------------
 Index Scan using idx on public.t (actual rows=1024.00 loops=1)
   Output: a, b
   Index Cond: ((t.a >= '-3090'::integer) AND (t.a <= '-2579'::integer))
   Index Searches: 1
   Buffers: shared hit=999
 Settings: enable_bitmapscan = 'off', enable_seqscan = 'off', max_parallel_workers_per_gather = '0'
 Planning:
   Buffers: shared hit=117
 Planning Time: 0.349 ms
 Execution Time: 0.369 ms
(10 rows)

