SET
SET
SET
SET
SET
                                             QUERY PLAN                                             
----------------------------------------------------------------------------------------------------
 Index Scan Backward using idx on public.t (actual rows=2048.00 loops=1)
   Output: a, b
   Index Cond: ((t.a >= 28524) AND (t.a <= 28651))
   Index Searches: 1
   Prefetch: distance=2.070 count=43 stalls=1337 skipped=485 resets=0 ungets=0 forwarded=0
             histogram [2,4) => 42, [4,8) => 1
   Buffers: shared hit=1480 read=56
 Settings: enable_bitmapscan = 'off', enable_seqscan = 'off', max_parallel_workers_per_gather = '0'
 Planning:
   Buffers: shared hit=82 read=23
 Planning Time: 5.865 ms
 Execution Time: 6.571 ms
(12 rows)

SET
SET
SET
SET
SET
                                             QUERY PLAN                                             
----------------------------------------------------------------------------------------------------
 Index Scan Backward using idx on public.t (actual rows=2048.00 loops=1)
   Output: a, b
   Index Cond: ((t.a >= 28524) AND (t.a <= 28651))
   Index Searches: 1
   Buffers: shared hit=1536
 Settings: enable_bitmapscan = 'off', enable_seqscan = 'off', max_parallel_workers_per_gather = '0'
 Planning:
   Buffers: shared hit=110
 Planning Time: 0.316 ms
 Execution Time: 0.591 ms
(10 rows)

