SET
SET
SET
SET
SET
                                                                  QUERY PLAN                                                                  
----------------------------------------------------------------------------------------------------------------------------------------------
 Index Scan using idx on public.t (actual rows=512.00 loops=1)
   Output: a, b
   Index Cond: ((t.a >= '-1870'::integer) AND (t.a <= '-1615'::integer))
   Index Searches: 1
   Prefetch: distance=201.619 count=488 stalls=3 skipped=12 resets=0 ungets=10 forwarded=0
             histogram [2,4) => 10, [4,8) => 9, [8,16) => 8, [16,32) => 13, [32,64) => 34, [64,128) => 50, [128,256) => 151, [256,512) => 213
   Buffers: shared hit=462 read=46
 Settings: enable_bitmapscan = 'off', enable_seqscan = 'off', max_parallel_workers_per_gather = '0'
 Planning:
   Buffers: shared hit=86 read=26
 Planning Time: 5.993 ms
 Execution Time: 4.440 ms
(12 rows)

SET
SET
SET
SET
SET
                                             QUERY PLAN                                             
----------------------------------------------------------------------------------------------------
 Index Scan using idx on public.t (actual rows=512.00 loops=1)
   Output: a, b
   Index Cond: ((t.a >= '-1870'::integer) AND (t.a <= '-1615'::integer))
   Index Searches: 1
   Buffers: shared hit=508
 Settings: enable_bitmapscan = 'off', enable_seqscan = 'off', max_parallel_workers_per_gather = '0'
 Planning:
   Buffers: shared hit=117
 Planning Time: 0.366 ms
 Execution Time: 0.238 ms
(10 rows)

