SET
SET
SET
SET
SET
                                             QUERY PLAN                                             
----------------------------------------------------------------------------------------------------
 Index Scan using idx on public.t (actual rows=8192.00 loops=1)
   Output: a, b
   Index Cond: ((t.a >= '-35060'::integer) AND (t.a <= '-30965'::integer))
   Index Searches: 1
   Prefetch: distance=2.044 count=251 stalls=7549 skipped=203 resets=0 ungets=0 forwarded=0
             histogram [2,4) => 247, [4,8) => 4
   Buffers: shared hit=7827 read=184
 Settings: enable_bitmapscan = 'off', enable_seqscan = 'off', max_parallel_workers_per_gather = '0'
 Planning:
   Buffers: shared hit=86 read=26
 Planning Time: 5.814 ms
 Execution Time: 10.980 ms
(12 rows)

SET
SET
SET
SET
SET
                                             QUERY PLAN                                             
----------------------------------------------------------------------------------------------------
 Index Scan using idx on public.t (actual rows=8192.00 loops=1)
   Output: a, b
   Index Cond: ((t.a >= '-35060'::integer) AND (t.a <= '-30965'::integer))
   Index Searches: 1
   Buffers: shared hit=8011
 Settings: enable_bitmapscan = 'off', enable_seqscan = 'off', max_parallel_workers_per_gather = '0'
 Planning:
   Buffers: shared hit=117
 Planning Time: 0.502 ms
 Execution Time: 3.110 ms
(10 rows)

