SET
SET
SET
SET
SET
                                                                      QUERY PLAN                                                                      
------------------------------------------------------------------------------------------------------------------------------------------------------
 Index Scan using idx on public.t (actual rows=9048576.00 loops=1)
   Output: a, b
   Index Cond: ((t.a >= '-4540324'::integer) AND (t.a <= '-16037'::integer))
   Index Searches: 1
   Prefetch: distance=241.861 count=8818104 stalls=1 skipped=230584 resets=0 ungets=114 forwarded=1844
             histogram [2,4) => 2, [4,8) => 3, [8,16) => 12, [16,32) => 6, [32,64) => 3, [64,128) => 2663, [128,256) => 5748537, [256,512) => 3066878
   Buffers: shared hit=8676545 read=163710
 Settings: enable_bitmapscan = 'off', enable_seqscan = 'off', max_parallel_workers_per_gather = '0'
 Planning:
   Buffers: shared hit=82 read=26
 Planning Time: 5.691 ms
 Execution Time: 5363.027 ms
(12 rows)

SET
SET
SET
SET
SET
                                             QUERY PLAN                                             
----------------------------------------------------------------------------------------------------
 Index Scan using idx on public.t (actual rows=9048576.00 loops=1)
   Output: a, b
   Index Cond: ((t.a >= '-4540324'::integer) AND (t.a <= '-16037'::integer))
   Index Searches: 1
   Buffers: shared hit=8840286
 Settings: enable_bitmapscan = 'off', enable_seqscan = 'off', max_parallel_workers_per_gather = '0'
 Planning:
   Buffers: shared hit=113
 Planning Time: 0.407 ms
 Execution Time: 2541.976 ms
(10 rows)

