SET
SET
SET
SET
SET
                                                                    QUERY PLAN                                                                    
--------------------------------------------------------------------------------------------------------------------------------------------------
 Index Scan Backward using idx on public.t (actual rows=5048576.00 loops=1)
   Output: a, b
   Index Cond: ((t.a >= 27979) AND (t.a <= 343514))
   Index Searches: 1
   Prefetch: distance=263.885 count=4127873 stalls=1 skipped=1278450 resets=0 ungets=357749 forwarded=0
             histogram [2,4) => 2, [4,8) => 3, [8,16) => 8, [16,32) => 13, [32,64) => 2, [64,128) => 2, [128,256) => 566263, [256,512) => 3561580
   Buffers: shared hit=3710710 read=73216
 Settings: enable_bitmapscan = 'off', enable_seqscan = 'off', max_parallel_workers_per_gather = '0'
 Planning:
   Buffers: shared hit=82 read=23
 Planning Time: 6.199 ms
 Execution Time: 4030.021 ms
(12 rows)

SET
SET
SET
SET
SET
                                             QUERY PLAN                                             
----------------------------------------------------------------------------------------------------
 Index Scan Backward using idx on public.t (actual rows=5048576.00 loops=1)
   Output: a, b
   Index Cond: ((t.a >= 27979) AND (t.a <= 343514))
   Index Searches: 1
   Buffers: shared hit=3783926
 Settings: enable_bitmapscan = 'off', enable_seqscan = 'off', max_parallel_workers_per_gather = '0'
 Planning:
   Buffers: shared hit=110
 Planning Time: 0.400 ms
 Execution Time: 1267.453 ms
(10 rows)

