SET
SET
SET
SET
SET
                                             QUERY PLAN                                             
----------------------------------------------------------------------------------------------------
 Index Scan using idx on public.t (actual rows=8192.00 loops=1)
   Output: a, b
   Index Cond: ((t.a >= '-23537'::integer) AND (t.a <= '-19442'::integer))
   Index Searches: 1
   Prefetch: distance=2.011 count=262 stalls=7615 skipped=222 resets=0 ungets=0 forwarded=0
             histogram [2,4) => 261, [4,8) => 1
   Buffers: shared hit=7806 read=187
 Settings: enable_bitmapscan = 'off', enable_seqscan = 'off', max_parallel_workers_per_gather = '0'
 Planning:
   Buffers: shared hit=86 read=26
 Planning Time: 6.142 ms
 Execution Time: 10.599 ms
(12 rows)

SET
SET
SET
SET
SET
                                             QUERY PLAN                                             
----------------------------------------------------------------------------------------------------
 Index Scan using idx on public.t (actual rows=8192.00 loops=1)
   Output: a, b
   Index Cond: ((t.a >= '-23537'::integer) AND (t.a <= '-19442'::integer))
   Index Searches: 1
   Buffers: shared hit=7993
 Settings: enable_bitmapscan = 'off', enable_seqscan = 'off', max_parallel_workers_per_gather = '0'
 Planning:
   Buffers: shared hit=117
 Planning Time: 0.418 ms
 Execution Time: 2.260 ms
(10 rows)

