SET
SET
SET
SET
SET
                                             QUERY PLAN                                             
----------------------------------------------------------------------------------------------------
 Index Scan using idx on public.t (actual rows=4096.00 loops=1)
   Output: a, b
   Index Cond: ((t.a >= '-4189'::integer) AND (t.a <= '-2142'::integer))
   Index Searches: 1
   Prefetch: distance=2.024 count=124 stalls=3685 skipped=104 resets=0 ungets=0 forwarded=0
             histogram [2,4) => 123, [4,8) => 1
   Buffers: shared hit=3893 read=111
 Settings: enable_bitmapscan = 'off', enable_seqscan = 'off', max_parallel_workers_per_gather = '0'
 Planning:
   Buffers: shared hit=86 read=26
 Planning Time: 6.309 ms
 Execution Time: 8.000 ms
(12 rows)

SET
SET
SET
SET
SET
                                             QUERY PLAN                                             
----------------------------------------------------------------------------------------------------
 Index Scan using idx on public.t (actual rows=4096.00 loops=1)
   Output: a, b
   Index Cond: ((t.a >= '-4189'::integer) AND (t.a <= '-2142'::integer))
   Index Searches: 1
   Buffers: shared hit=4004
 Settings: enable_bitmapscan = 'off', enable_seqscan = 'off', max_parallel_workers_per_gather = '0'
 Planning:
   Buffers: shared hit=117
 Planning Time: 0.377 ms
 Execution Time: 1.284 ms
(10 rows)

