SET
SET
SET
SET
SET
                                             QUERY PLAN                                             
----------------------------------------------------------------------------------------------------
 Index Scan using idx on public.t (actual rows=8192.00 loops=1)
   Output: a, b
   Index Cond: ((t.a >= '-6262'::integer) AND (t.a <= '-2167'::integer))
   Index Searches: 1
   Prefetch: distance=2.035 count=257 stalls=7598 skipped=204 resets=0 ungets=0 forwarded=0
             histogram [2,4) => 254, [4,8) => 3
   Buffers: shared hit=7827 read=185
 Settings: enable_bitmapscan = 'off', enable_seqscan = 'off', max_parallel_workers_per_gather = '0'
 Planning:
   Buffers: shared hit=86 read=26
 Planning Time: 5.804 ms
 Execution Time: 10.712 ms
(12 rows)

SET
SET
SET
SET
SET
                                             QUERY PLAN                                             
----------------------------------------------------------------------------------------------------
 Index Scan using idx on public.t (actual rows=8192.00 loops=1)
   Output: a, b
   Index Cond: ((t.a >= '-6262'::integer) AND (t.a <= '-2167'::integer))
   Index Searches: 1
   Buffers: shared hit=8012
 Settings: enable_bitmapscan = 'off', enable_seqscan = 'off', max_parallel_workers_per_gather = '0'
 Planning:
   Buffers: shared hit=117
 Planning Time: 0.354 ms
 Execution Time: 2.364 ms
(10 rows)

