SET
SET
SET
SET
SET
                                             QUERY PLAN                                             
----------------------------------------------------------------------------------------------------
 Index Scan using idx on public.t (actual rows=2048.00 loops=1)
   Output: a, b
   Index Cond: ((t.a >= '-3560'::integer) AND (t.a <= '-2537'::integer))
   Index Searches: 1
   Prefetch: distance=2.049 count=61 stalls=1735 skipped=47 resets=0 ungets=0 forwarded=0
             histogram [2,4) => 60, [4,8) => 1
   Buffers: shared hit=1931 read=75
 Settings: enable_bitmapscan = 'off', enable_seqscan = 'off', max_parallel_workers_per_gather = '0'
 Planning:
   Buffers: shared hit=86 read=26
 Planning Time: 5.825 ms
 Execution Time: 6.742 ms
(12 rows)

SET
SET
SET
SET
SET
                                             QUERY PLAN                                             
----------------------------------------------------------------------------------------------------
 Index Scan using idx on public.t (actual rows=2048.00 loops=1)
   Output: a, b
   Index Cond: ((t.a >= '-3560'::integer) AND (t.a <= '-2537'::integer))
   Index Searches: 1
   Buffers: shared hit=2006
 Settings: enable_bitmapscan = 'off', enable_seqscan = 'off', max_parallel_workers_per_gather = '0'
 Planning:
   Buffers: shared hit=117
 Planning Time: 0.425 ms
 Execution Time: 0.678 ms
(10 rows)

