SET
SET
SET
SET
SET
                                                                     QUERY PLAN                                                                     
----------------------------------------------------------------------------------------------------------------------------------------------------
 Index Scan using idx on public.t (actual rows=1048576.00 loops=1)
   Output: a, b
   Index Cond: ((t.a >= '-555745'::integer) AND (t.a <= '-31458'::integer))
   Index Searches: 1
   Prefetch: distance=241.871 count=1021932 stalls=1 skipped=26650 resets=0 ungets=22 forwarded=208
             histogram [2,4) => 2, [4,8) => 10, [8,16) => 9, [16,32) => 9, [32,64) => 25, [64,128) => 233, [128,256) => 666334, [256,512) => 355310
   Buffers: shared hit=1005505 read=19004
 Settings: enable_bitmapscan = 'off', enable_seqscan = 'off', max_parallel_workers_per_gather = '0'
 Planning:
   Buffers: shared hit=82 read=26
 Planning Time: 5.990 ms
 Execution Time: 627.714 ms
(12 rows)

SET
SET
SET
SET
SET
                                             QUERY PLAN                                             
----------------------------------------------------------------------------------------------------
 Index Scan using idx on public.t (actual rows=1048576.00 loops=1)
   Output: a, b
   Index Cond: ((t.a >= '-555745'::integer) AND (t.a <= '-31458'::integer))
   Index Searches: 1
   Buffers: shared hit=1024515
 Settings: enable_bitmapscan = 'off', enable_seqscan = 'off', max_parallel_workers_per_gather = '0'
 Planning:
   Buffers: shared hit=113
 Planning Time: 0.704 ms
 Execution Time: 312.272 ms
(10 rows)

