SET
SET
SET
SET
SET
                                                                QUERY PLAN                                                                 
-------------------------------------------------------------------------------------------------------------------------------------------
 Index Scan Backward using idx on public.t (actual rows=1024.00 loops=1)
   Output: a, b
   Index Cond: ((t.a >= '-2443'::integer) AND (t.a <= '-1932'::integer))
   Index Searches: 1
   Prefetch: distance=251.685 count=1021 stalls=1 skipped=32 resets=0 ungets=43 forwarded=0
             histogram [2,4) => 2, [4,8) => 13, [8,16) => 9, [16,32) => 9, [32,64) => 6, [64,128) => 2, [128,256) => 219, [256,512) => 761
   Buffers: shared hit=948 read=53
 Settings: enable_bitmapscan = 'off', enable_seqscan = 'off', max_parallel_workers_per_gather = '0'
 Planning:
   Buffers: shared hit=82 read=26
 Planning Time: 6.216 ms
 Execution Time: 4.214 ms
(12 rows)

SET
SET
SET
SET
SET
                                             QUERY PLAN                                             
----------------------------------------------------------------------------------------------------
 Index Scan Backward using idx on public.t (actual rows=1024.00 loops=1)
   Output: a, b
   Index Cond: ((t.a >= '-2443'::integer) AND (t.a <= '-1932'::integer))
   Index Searches: 1
   Buffers: shared hit=1001
 Settings: enable_bitmapscan = 'off', enable_seqscan = 'off', max_parallel_workers_per_gather = '0'
 Planning:
   Buffers: shared hit=113
 Planning Time: 0.355 ms
 Execution Time: 0.401 ms
(10 rows)

