SET
SET
SET
SET
SET
                                             QUERY PLAN                                             
----------------------------------------------------------------------------------------------------
 Index Scan Backward using idx on public.t (actual rows=8192.00 loops=1)
   Output: a, b
   Index Cond: ((t.a >= '-24993'::integer) AND (t.a <= '-20898'::integer))
   Index Searches: 1
   Prefetch: distance=2.101 count=286 stalls=7654 skipped=205 resets=0 ungets=0 forwarded=0
             histogram [2,4) => 276, [4,8) => 10
   Buffers: shared hit=7827 read=186
 Settings: enable_bitmapscan = 'off', enable_seqscan = 'off', max_parallel_workers_per_gather = '0'
 Planning:
   Buffers: shared hit=82 read=26
 Planning Time: 6.165 ms
 Execution Time: 19.593 ms
(12 rows)

SET
SET
SET
SET
SET
                                             QUERY PLAN                                             
----------------------------------------------------------------------------------------------------
 Index Scan Backward using idx on public.t (actual rows=8192.00 loops=1)
   Output: a, b
   Index Cond: ((t.a >= '-24993'::integer) AND (t.a <= '-20898'::integer))
   Index Searches: 1
   Buffers: shared hit=8013
 Settings: enable_bitmapscan = 'off', enable_seqscan = 'off', max_parallel_workers_per_gather = '0'
 Planning:
   Buffers: shared hit=113
 Planning Time: 0.354 ms
 Execution Time: 2.237 ms
(10 rows)

