SET
SET
SET
SET
SET
                                             QUERY PLAN                                             
----------------------------------------------------------------------------------------------------
 Index Scan Backward using idx on public.t (actual rows=4096.00 loops=1)
   Output: a, b
   Index Cond: ((t.a >= '-22901'::integer) AND (t.a <= '-20854'::integer))
   Index Searches: 1
   Prefetch: distance=2.000 count=118 stalls=3538 skipped=111 resets=0 ungets=0 forwarded=0
             histogram [2,4) => 118
   Buffers: shared hit=3884 read=109
 Settings: enable_bitmapscan = 'off', enable_seqscan = 'off', max_parallel_workers_per_gather = '0'
 Planning:
   Buffers: shared hit=82 read=26
 Planning Time: 6.036 ms
 Execution Time: 12.188 ms
(12 rows)

SET
SET
SET
SET
SET
                                             QUERY PLAN                                             
----------------------------------------------------------------------------------------------------
 Index Scan Backward using idx on public.t (actual rows=4096.00 loops=1)
   Output: a, b
   Index Cond: ((t.a >= '-22901'::integer) AND (t.a <= '-20854'::integer))
   Index Searches: 1
   Buffers: shared hit=3993
 Settings: enable_bitmapscan = 'off', enable_seqscan = 'off', max_parallel_workers_per_gather = '0'
 Planning:
   Buffers: shared hit=113
 Planning Time: 0.453 ms
 Execution Time: 1.712 ms
(10 rows)

