SET
SET
SET
SET
SET
                                             QUERY PLAN                                             
----------------------------------------------------------------------------------------------------
 Index Scan Backward using idx on public.t (actual rows=8192.00 loops=1)
   Output: a, b
   Index Cond: ((t.a >= '-25141'::integer) AND (t.a <= '-21046'::integer))
   Index Searches: 1
   Prefetch: distance=2.036 count=253 stalls=7398 skipped=198 resets=0 ungets=0 forwarded=0
             histogram [2,4) => 250, [4,8) => 3
   Buffers: shared hit=7829 read=185
 Settings: enable_bitmapscan = 'off', enable_seqscan = 'off', max_parallel_workers_per_gather = '0'
 Planning:
   Buffers: shared hit=82 read=26
 Planning Time: 7.256 ms
 Execution Time: 20.003 ms
(12 rows)

SET
SET
SET
SET
SET
                                             QUERY PLAN                                             
----------------------------------------------------------------------------------------------------
 Index Scan Backward using idx on public.t (actual rows=8192.00 loops=1)
   Output: a, b
   Index Cond: ((t.a >= '-25141'::integer) AND (t.a <= '-21046'::integer))
   Index Searches: 1
   Buffers: shared hit=8014
 Settings: enable_bitmapscan = 'off', enable_seqscan = 'off', max_parallel_workers_per_gather = '0'
 Planning:
   Buffers: shared hit=113
 Planning Time: 0.445 ms
 Execution Time: 3.174 ms
(10 rows)

