SET
SET
SET
SET
SET
                                             QUERY PLAN                                             
----------------------------------------------------------------------------------------------------
 Index Scan Backward using idx on public.t (actual rows=8192.00 loops=1)
   Output: a, b
   Index Cond: ((t.a >= '-13068'::integer) AND (t.a <= '-8973'::integer))
   Index Searches: 1
   Prefetch: distance=2.012 count=259 stalls=7601 skipped=181 resets=0 ungets=0 forwarded=0
             histogram [2,4) => 258, [4,8) => 1
   Buffers: shared hit=7845 read=186
 Settings: enable_bitmapscan = 'off', enable_seqscan = 'off', max_parallel_workers_per_gather = '0'
 Planning:
   Buffers: shared hit=82 read=26
 Planning Time: 6.125 ms
 Execution Time: 20.228 ms
(12 rows)

SET
SET
SET
SET
SET
                                             QUERY PLAN                                             
----------------------------------------------------------------------------------------------------
 Index Scan Backward using idx on public.t (actual rows=8192.00 loops=1)
   Output: a, b
   Index Cond: ((t.a >= '-13068'::integer) AND (t.a <= '-8973'::integer))
   Index Searches: 1
   Buffers: shared hit=8031
 Settings: enable_bitmapscan = 'off', enable_seqscan = 'off', max_parallel_workers_per_gather = '0'
 Planning:
   Buffers: shared hit=113
 Planning Time: 0.388 ms
 Execution Time: 2.315 ms
(10 rows)

