SET
SET
SET
SET
SET
                                                                     QUERY PLAN                                                                      
-----------------------------------------------------------------------------------------------------------------------------------------------------
 Index Scan Backward using idx on public.t (actual rows=3048576.00 loops=1)
   Output: a, b
   Index Cond: ((t.a >= '-1530633'::integer) AND (t.a <= '-6346'::integer))
   Index Searches: 1
   Prefetch: distance=260.240 count=3063704 stalls=1 skipped=77722 resets=0 ungets=92876 forwarded=545
             histogram [2,4) => 2, [4,8) => 6, [8,16) => 11, [16,32) => 18, [32,64) => 30, [64,128) => 28, [128,256) => 785770, [256,512) => 2277839
   Buffers: shared hit=2923169 read=55179
 Settings: enable_bitmapscan = 'off', enable_seqscan = 'off', max_parallel_workers_per_gather = '0'
 Planning:
   Buffers: shared hit=78 read=26
 Planning Time: 6.280 ms
 Execution Time: 2785.685 ms
(12 rows)

SET
SET
SET
SET
SET
                                             QUERY PLAN                                             
----------------------------------------------------------------------------------------------------
 Index Scan Backward using idx on public.t (actual rows=3048576.00 loops=1)
   Output: a, b
   Index Cond: ((t.a >= '-1530633'::integer) AND (t.a <= '-6346'::integer))
   Index Searches: 1
   Buffers: shared hit=2978369
 Settings: enable_bitmapscan = 'off', enable_seqscan = 'off', max_parallel_workers_per_gather = '0'
 Planning:
   Buffers: shared hit=109
 Planning Time: 0.386 ms
 Execution Time: 823.745 ms
(10 rows)

