SET
SET
SET
SET
SET
                                                                    QUERY PLAN                                                                    
--------------------------------------------------------------------------------------------------------------------------------------------------
 Index Scan Backward using idx on public.t (actual rows=4048576.00 loops=1)
   Output: a, b
   Index Cond: ((t.a >= '-2048880'::integer) AND (t.a <= '-24593'::integer))
   Index Searches: 1
   Prefetch: distance=260.223 count=4067169 stalls=1 skipped=103004 resets=0 ungets=121599 forwarded=697
             histogram [2,4) => 2, [4,8) => 6, [8,16) => 8, [16,32) => 9, [32,64) => 2, [64,128) => 2, [128,256) => 1046569, [256,512) => 3020571
   Buffers: shared hit=3882265 read=73266
 Settings: enable_bitmapscan = 'off', enable_seqscan = 'off', max_parallel_workers_per_gather = '0'
 Planning:
   Buffers: shared hit=78 read=26
 Planning Time: 5.868 ms
 Execution Time: 3744.303 ms
(12 rows)

SET
SET
SET
SET
SET
                                             QUERY PLAN                                             
----------------------------------------------------------------------------------------------------
 Index Scan Backward using idx on public.t (actual rows=4048576.00 loops=1)
   Output: a, b
   Index Cond: ((t.a >= '-2048880'::integer) AND (t.a <= '-24593'::integer))
   Index Searches: 1
   Buffers: shared hit=3955550
 Settings: enable_bitmapscan = 'off', enable_seqscan = 'off', max_parallel_workers_per_gather = '0'
 Planning:
   Buffers: shared hit=109
 Planning Time: 0.386 ms
 Execution Time: 1070.386 ms
(10 rows)

