SET
SET
SET
SET
SET
                                             QUERY PLAN                                             
----------------------------------------------------------------------------------------------------
 Index Scan Backward using idx on public.t (actual rows=2048.00 loops=1)
   Output: a, b
   Index Cond: ((t.a >= '-19963'::integer) AND (t.a <= '-18940'::integer))
   Index Searches: 1
   Prefetch: distance=2.048 count=63 stalls=1792 skipped=56 resets=0 ungets=0 forwarded=0
             histogram [2,4) => 62, [4,8) => 1
   Buffers: shared hit=1926 read=76
 Settings: enable_bitmapscan = 'off', enable_seqscan = 'off', max_parallel_workers_per_gather = '0'
 Planning:
   Buffers: shared hit=82 read=26
 Planning Time: 6.436 ms
 Execution Time: 8.061 ms
(12 rows)

SET
SET
SET
SET
SET
                                             QUERY PLAN                                             
----------------------------------------------------------------------------------------------------
 Index Scan Backward using idx on public.t (actual rows=2048.00 loops=1)
   Output: a, b
   Index Cond: ((t.a >= '-19963'::integer) AND (t.a <= '-18940'::integer))
   Index Searches: 1
   Buffers: shared hit=2002
 Settings: enable_bitmapscan = 'off', enable_seqscan = 'off', max_parallel_workers_per_gather = '0'
 Planning:
   Buffers: shared hit=113
 Planning Time: 0.331 ms
 Execution Time: 0.652 ms
(10 rows)

