SET
SET
SET
SET
SET
                                             QUERY PLAN                                             
----------------------------------------------------------------------------------------------------
 Index Scan Backward using idx on public.t (actual rows=8192.00 loops=1)
   Output: a, b
   Index Cond: ((t.a >= '-10332'::integer) AND (t.a <= '-6237'::integer))
   Index Searches: 1
   Prefetch: distance=2.012 count=249 stalls=7372 skipped=208 resets=0 ungets=0 forwarded=0
             histogram [2,4) => 248, [4,8) => 1
   Buffers: shared hit=7822 read=181
 Settings: enable_bitmapscan = 'off', enable_seqscan = 'off', max_parallel_workers_per_gather = '0'
 Planning:
   Buffers: shared hit=82 read=26
 Planning Time: 6.298 ms
 Execution Time: 20.702 ms
(12 rows)

SET
SET
SET
SET
SET
                                             QUERY PLAN                                             
----------------------------------------------------------------------------------------------------
 Index Scan Backward using idx on public.t (actual rows=8192.00 loops=1)
   Output: a, b
   Index Cond: ((t.a >= '-10332'::integer) AND (t.a <= '-6237'::integer))
   Index Searches: 1
   Buffers: shared hit=8003
 Settings: enable_bitmapscan = 'off', enable_seqscan = 'off', max_parallel_workers_per_gather = '0'
 Planning:
   Buffers: shared hit=113
 Planning Time: 0.361 ms
 Execution Time: 2.327 ms
(10 rows)

