SET
SET
SET
SET
SET
                                             QUERY PLAN                                             
----------------------------------------------------------------------------------------------------
 Index Scan Backward using idx on public.t (actual rows=4096.00 loops=1)
   Output: a, b
   Index Cond: ((t.a >= '-27988'::integer) AND (t.a <= '-25941'::integer))
   Index Searches: 1
   Prefetch: distance=2.035 count=115 stalls=3548 skipped=80 resets=0 ungets=0 forwarded=0
             histogram [2,4) => 114, [4,8) => 1
   Buffers: shared hit=3912 read=110
 Settings: enable_bitmapscan = 'off', enable_seqscan = 'off', max_parallel_workers_per_gather = '0'
 Planning:
   Buffers: shared hit=82 read=26
 Planning Time: 6.275 ms
 Execution Time: 11.016 ms
(12 rows)

SET
SET
SET
SET
SET
                                             QUERY PLAN                                             
----------------------------------------------------------------------------------------------------
 Index Scan Backward using idx on public.t (actual rows=4096.00 loops=1)
   Output: a, b
   Index Cond: ((t.a >= '-27988'::integer) AND (t.a <= '-25941'::integer))
   Index Searches: 1
   Buffers: shared hit=4022
 Settings: enable_bitmapscan = 'off', enable_seqscan = 'off', max_parallel_workers_per_gather = '0'
 Planning:
   Buffers: shared hit=113
 Planning Time: 0.331 ms
 Execution Time: 1.175 ms
(10 rows)

