SET
SET
SET
SET
SET
                                             QUERY PLAN                                             
----------------------------------------------------------------------------------------------------
 Index Scan Backward using idx on public.t (actual rows=4096.00 loops=1)
   Output: a, b
   Index Cond: ((t.a >= '-14199'::integer) AND (t.a <= '-12152'::integer))
   Index Searches: 1
   Prefetch: distance=2.058 count=120 stalls=3507 skipped=86 resets=0 ungets=0 forwarded=0
             histogram [2,4) => 118, [4,8) => 2
   Buffers: shared hit=3905 read=112
 Settings: enable_bitmapscan = 'off', enable_seqscan = 'off', max_parallel_workers_per_gather = '0'
 Planning:
   Buffers: shared hit=82 read=26
 Planning Time: 5.996 ms
 Execution Time: 12.491 ms
(12 rows)

SET
SET
SET
SET
SET
                                             QUERY PLAN                                             
----------------------------------------------------------------------------------------------------
 Index Scan Backward using idx on public.t (actual rows=4096.00 loops=1)
   Output: a, b
   Index Cond: ((t.a >= '-14199'::integer) AND (t.a <= '-12152'::integer))
   Index Searches: 1
   Buffers: shared hit=4017
 Settings: enable_bitmapscan = 'off', enable_seqscan = 'off', max_parallel_workers_per_gather = '0'
 Planning:
   Buffers: shared hit=113
 Planning Time: 0.386 ms
 Execution Time: 1.178 ms
(10 rows)

