SET
SET
SET
SET
SET
                                             QUERY PLAN                                             
----------------------------------------------------------------------------------------------------
 Index Scan Backward using idx on public.t (actual rows=8192.00 loops=1)
   Output: a, b
   Index Cond: ((t.a >= '-11016'::integer) AND (t.a <= '-6921'::integer))
   Index Searches: 1
   Prefetch: distance=2.000 count=254 stalls=7611 skipped=220 resets=0 ungets=0 forwarded=0
             histogram [2,4) => 254
   Buffers: shared hit=7815 read=183
 Settings: enable_bitmapscan = 'off', enable_seqscan = 'off', max_parallel_workers_per_gather = '0'
 Planning:
   Buffers: shared hit=82 read=26
 Planning Time: 6.183 ms
 Execution Time: 20.350 ms
(12 rows)

SET
SET
SET
SET
SET
                                             QUERY PLAN                                             
----------------------------------------------------------------------------------------------------
 Index Scan Backward using idx on public.t (actual rows=8192.00 loops=1)
   Output: a, b
   Index Cond: ((t.a >= '-11016'::integer) AND (t.a <= '-6921'::integer))
   Index Searches: 1
   Buffers: shared hit=7998
 Settings: enable_bitmapscan = 'off', enable_seqscan = 'off', max_parallel_workers_per_gather = '0'
 Planning:
   Buffers: shared hit=113
 Planning Time: 0.448 ms
 Execution Time: 3.284 ms
(10 rows)

