SET
SET
SET
SET
SET
                                             QUERY PLAN                                             
----------------------------------------------------------------------------------------------------
 Index Scan Backward using idx on public.t (actual rows=2048.00 loops=1)
   Output: a, b
   Index Cond: ((t.a >= '-14239'::integer) AND (t.a <= '-13216'::integer))
   Index Searches: 1
   Prefetch: distance=2.120 count=83 stalls=1861 skipped=47 resets=0 ungets=0 forwarded=0
             histogram [2,4) => 80, [4,8) => 3
   Buffers: shared hit=1939 read=73
 Settings: enable_bitmapscan = 'off', enable_seqscan = 'off', max_parallel_workers_per_gather = '0'
 Planning:
   Buffers: shared hit=82 read=26
 Planning Time: 6.303 ms
 Execution Time: 8.245 ms
(12 rows)

SET
SET
SET
SET
SET
                                             QUERY PLAN                                             
----------------------------------------------------------------------------------------------------
 Index Scan Backward using idx on public.t (actual rows=2048.00 loops=1)
   Output: a, b
   Index Cond: ((t.a >= '-14239'::integer) AND (t.a <= '-13216'::integer))
   Index Searches: 1
   Buffers: shared hit=2012
 Settings: enable_bitmapscan = 'off', enable_seqscan = 'off', max_parallel_workers_per_gather = '0'
 Planning:
   Buffers: shared hit=113
 Planning Time: 0.338 ms
 Execution Time: 0.656 ms
(10 rows)

