SET
SET
SET
SET
SET
                                                                 QUERY PLAN                                                                  
---------------------------------------------------------------------------------------------------------------------------------------------
 Index Scan Backward using idx on public.t (actual rows=512.00 loops=1)
   Output: a, b
   Index Cond: ((t.a >= 30897) AND (t.a <= 30928))
   Index Searches: 1
   Prefetch: distance=180.067 count=390 stalls=1 skipped=119 resets=0 ungets=13 forwarded=0
             histogram [2,4) => 4, [4,8) => 5, [8,16) => 9, [16,32) => 21, [32,64) => 30, [64,128) => 60, [128,256) => 121, [256,512) => 140
   Buffers: shared hit=362 read=35
 Settings: enable_bitmapscan = 'off', enable_seqscan = 'off', max_parallel_workers_per_gather = '0'
 Planning:
   Buffers: shared hit=82 read=23
 Planning Time: 5.678 ms
 Execution Time: 3.504 ms
(12 rows)

SET
SET
SET
SET
SET
                                             QUERY PLAN                                             
----------------------------------------------------------------------------------------------------
 Index Scan Backward using idx on public.t (actual rows=512.00 loops=1)
   Output: a, b
   Index Cond: ((t.a >= 30897) AND (t.a <= 30928))
   Index Searches: 1
   Buffers: shared hit=397
 Settings: enable_bitmapscan = 'off', enable_seqscan = 'off', max_parallel_workers_per_gather = '0'
 Planning:
   Buffers: shared hit=110
 Planning Time: 0.323 ms
 Execution Time: 0.215 ms
(10 rows)

