SET
SET
SET
SET
SET
                                                                  QUERY PLAN                                                                   
-----------------------------------------------------------------------------------------------------------------------------------------------
 Index Scan using idx on public.t (actual rows=512.00 loops=1)
   Output: a, b
   Index Cond: ((t.a >= '-8569'::integer) AND (t.a <= '-8314'::integer))
   Index Searches: 1
   Prefetch: distance=173.493 count=471 stalls=10 skipped=16 resets=0 ungets=4 forwarded=0
             histogram [2,4) => 12, [4,8) => 7, [8,16) => 13, [16,32) => 19, [32,64) => 45, [64,128) => 63, [128,256) => 180, [256,512) => 132
   Buffers: shared hit=461 read=43
 Settings: enable_bitmapscan = 'off', enable_seqscan = 'off', max_parallel_workers_per_gather = '0'
 Planning:
   Buffers: shared hit=86 read=26
 Planning Time: 6.005 ms
 Execution Time: 4.311 ms
(12 rows)

SET
SET
SET
SET
SET
                                             QUERY PLAN                                             
----------------------------------------------------------------------------------------------------
 Index Scan using idx on public.t (actual rows=512.00 loops=1)
   Output: a, b
   Index Cond: ((t.a >= '-8569'::integer) AND (t.a <= '-8314'::integer))
   Index Searches: 1
   Buffers: shared hit=504
 Settings: enable_bitmapscan = 'off', enable_seqscan = 'off', max_parallel_workers_per_gather = '0'
 Planning:
   Buffers: shared hit=117
 Planning Time: 0.358 ms
 Execution Time: 0.243 ms
(10 rows)

