SET
SET
SET
SET
SET
                                             QUERY PLAN                                             
----------------------------------------------------------------------------------------------------
 Index Scan Backward using idx on public.t (actual rows=2048.00 loops=1)
   Output: a, b
   Index Cond: ((t.a >= 2259) AND (t.a <= 2386))
   Index Searches: 1
   Prefetch: distance=2.000 count=48 stalls=1391 skipped=498 resets=0 ungets=0 forwarded=0
             histogram [2,4) => 48
   Buffers: shared hit=1481 read=55
 Settings: enable_bitmapscan = 'off', enable_seqscan = 'off', max_parallel_workers_per_gather = '0'
 Planning:
   Buffers: shared hit=86 read=27
 Planning Time: 6.205 ms
 Execution Time: 6.463 ms
(12 rows)

SET
SET
SET
SET
SET
                                             QUERY PLAN                                             
----------------------------------------------------------------------------------------------------
 Index Scan Backward using idx on public.t (actual rows=2048.00 loops=1)
   Output: a, b
   Index Cond: ((t.a >= 2259) AND (t.a <= 2386))
   Index Searches: 1
   Buffers: shared hit=1536
 Settings: enable_bitmapscan = 'off', enable_seqscan = 'off', max_parallel_workers_per_gather = '0'
 Planning:
   Buffers: shared hit=118
 Planning Time: 0.371 ms
 Execution Time: 0.583 ms
(10 rows)

