SET
SET
SET
SET
SET
                                             QUERY PLAN                                             
----------------------------------------------------------------------------------------------------
 Index Scan Backward using idx on public.t (actual rows=4096.00 loops=1)
   Output: a, b
   Index Cond: ((t.a >= 30415) AND (t.a <= 30670))
   Index Searches: 1
   Prefetch: distance=2.033 count=91 stalls=2794 skipped=932 resets=0 ungets=0 forwarded=0
             histogram [2,4) => 90, [4,8) => 1
   Buffers: shared hit=3023 read=85
 Settings: enable_bitmapscan = 'off', enable_seqscan = 'off', max_parallel_workers_per_gather = '0'
 Planning:
   Buffers: shared hit=82 read=23
 Planning Time: 5.910 ms
 Execution Time: 9.841 ms
(12 rows)

SET
SET
SET
SET
SET
                                             QUERY PLAN                                             
----------------------------------------------------------------------------------------------------
 Index Scan Backward using idx on public.t (actual rows=4096.00 loops=1)
   Output: a, b
   Index Cond: ((t.a >= 30415) AND (t.a <= 30670))
   Index Searches: 1
   Buffers: shared hit=3108
 Settings: enable_bitmapscan = 'off', enable_seqscan = 'off', max_parallel_workers_per_gather = '0'
 Planning:
   Buffers: shared hit=110
 Planning Time: 0.399 ms
 Execution Time: 1.082 ms
(10 rows)

