SET
SET
SET
SET
SET
                                                                     QUERY PLAN                                                                     
----------------------------------------------------------------------------------------------------------------------------------------------------
 Index Scan using idx on public.t (actual rows=1048576.00 loops=1)
   Output: a, b
   Index Cond: ((t.a >= '-547413'::integer) AND (t.a <= '-23126'::integer))
   Index Searches: 1
   Prefetch: distance=257.558 count=1034254 stalls=7 skipped=26605 resets=0 ungets=12323 forwarded=982
             histogram [2,4) => 8, [4,8) => 9, [8,16) => 13, [16,32) => 19, [32,64) => 31, [64,128) => 59, [128,256) => 341962, [256,512) => 692153
   Buffers: shared hit=1005532 read=19004
 Settings: enable_bitmapscan = 'off', enable_seqscan = 'off', max_parallel_workers_per_gather = '0'
 Planning:
   Buffers: shared hit=82 read=26
 Planning Time: 6.197 ms
 Execution Time: 670.321 ms
(12 rows)

SET
SET
SET
SET
SET
                                             QUERY PLAN                                             
----------------------------------------------------------------------------------------------------
 Index Scan using idx on public.t (actual rows=1048576.00 loops=1)
   Output: a, b
   Index Cond: ((t.a >= '-547413'::integer) AND (t.a <= '-23126'::integer))
   Index Searches: 1
   Buffers: shared hit=1024559
 Settings: enable_bitmapscan = 'off', enable_seqscan = 'off', max_parallel_workers_per_gather = '0'
 Planning:
   Buffers: shared hit=113
 Planning Time: 0.407 ms
 Execution Time: 317.692 ms
(10 rows)

