SET
SET
SET
SET
SET
                                             QUERY PLAN                                             
----------------------------------------------------------------------------------------------------
 Index Scan using idx on public.t (actual rows=4096.00 loops=1)
   Output: a, b
   Index Cond: ((t.a >= '-28260'::integer) AND (t.a <= '-26213'::integer))
   Index Searches: 1
   Prefetch: distance=2.076 count=119 stalls=3537 skipped=85 resets=0 ungets=0 forwarded=1
             histogram [2,4) => 116, [4,8) => 3
   Buffers: shared hit=3906 read=109
 Settings: enable_bitmapscan = 'off', enable_seqscan = 'off', max_parallel_workers_per_gather = '0'
 Planning:
   Buffers: shared hit=86 read=26
 Planning Time: 6.001 ms
 Execution Time: 6.040 ms
(12 rows)

SET
SET
SET
SET
SET
                                             QUERY PLAN                                             
----------------------------------------------------------------------------------------------------
 Index Scan using idx on public.t (actual rows=4096.00 loops=1)
   Output: a, b
   Index Cond: ((t.a >= '-28260'::integer) AND (t.a <= '-26213'::integer))
   Index Searches: 1
   Buffers: shared hit=4015
 Settings: enable_bitmapscan = 'off', enable_seqscan = 'off', max_parallel_workers_per_gather = '0'
 Planning:
   Buffers: shared hit=117
 Planning Time: 0.353 ms
 Execution Time: 1.313 ms
(10 rows)

