SET
SET
SET
SET
SET
                                             QUERY PLAN                                             
----------------------------------------------------------------------------------------------------
 Index Scan using idx on public.t (actual rows=8192.00 loops=1)
   Output: a, b
   Index Cond: ((t.a >= '-6586'::integer) AND (t.a <= '-2491'::integer))
   Index Searches: 1
   Prefetch: distance=2.036 count=251 stalls=7455 skipped=189 resets=0 ungets=0 forwarded=0
             histogram [2,4) => 248, [4,8) => 3
   Buffers: shared hit=7834 read=187
 Settings: enable_bitmapscan = 'off', enable_seqscan = 'off', max_parallel_workers_per_gather = '0'
 Planning:
   Buffers: shared hit=86 read=26
 Planning Time: 5.947 ms
 Execution Time: 9.205 ms
(12 rows)

SET
SET
SET
SET
SET
                                             QUERY PLAN                                             
----------------------------------------------------------------------------------------------------
 Index Scan using idx on public.t (actual rows=8192.00 loops=1)
   Output: a, b
   Index Cond: ((t.a >= '-6586'::integer) AND (t.a <= '-2491'::integer))
   Index Searches: 1
   Buffers: shared hit=8021
 Settings: enable_bitmapscan = 'off', enable_seqscan = 'off', max_parallel_workers_per_gather = '0'
 Planning:
   Buffers: shared hit=117
 Planning Time: 0.353 ms
 Execution Time: 2.349 ms
(10 rows)

