SET
SET
SET
SET
SET
                                             QUERY PLAN                                             
----------------------------------------------------------------------------------------------------
 Index Scan using idx on public.t (actual rows=512.00 loops=1)
   Output: a, b
   Index Cond: ((t.a >= '-28407'::integer) AND (t.a <= '-28152'::integer))
   Index Searches: 1
   Prefetch: distance=2.000 count=10 stalls=363 skipped=8 resets=0 ungets=0 forwarded=0
             histogram [2,4) => 10
   Buffers: shared hit=461 read=46
 Settings: enable_bitmapscan = 'off', enable_seqscan = 'off', max_parallel_workers_per_gather = '0'
 Planning:
   Buffers: shared hit=86 read=26
 Planning Time: 6.196 ms
 Execution Time: 4.925 ms
(12 rows)

SET
SET
SET
SET
SET
                                             QUERY PLAN                                             
----------------------------------------------------------------------------------------------------
 Index Scan using idx on public.t (actual rows=512.00 loops=1)
   Output: a, b
   Index Cond: ((t.a >= '-28407'::integer) AND (t.a <= '-28152'::integer))
   Index Searches: 1
   Buffers: shared hit=507
 Settings: enable_bitmapscan = 'off', enable_seqscan = 'off', max_parallel_workers_per_gather = '0'
 Planning:
   Buffers: shared hit=117
 Planning Time: 0.351 ms
 Execution Time: 0.234 ms
(10 rows)

