SET
SET
SET
SET
SET
                                             QUERY PLAN                                             
----------------------------------------------------------------------------------------------------
 Index Scan using idx on public.t (actual rows=8192.00 loops=1)
   Output: a, b
   Index Cond: ((t.a >= '-35528'::integer) AND (t.a <= '-31433'::integer))
   Index Searches: 1
   Prefetch: distance=2.040 count=275 stalls=7654 skipped=198 resets=0 ungets=0 forwarded=0
             histogram [2,4) => 271, [4,8) => 4
   Buffers: shared hit=7831 read=187
 Settings: enable_bitmapscan = 'off', enable_seqscan = 'off', max_parallel_workers_per_gather = '0'
 Planning:
   Buffers: shared hit=86 read=26
 Planning Time: 6.108 ms
 Execution Time: 8.239 ms
(12 rows)

SET
SET
SET
SET
SET
                                             QUERY PLAN                                             
----------------------------------------------------------------------------------------------------
 Index Scan using idx on public.t (actual rows=8192.00 loops=1)
   Output: a, b
   Index Cond: ((t.a >= '-35528'::integer) AND (t.a <= '-31433'::integer))
   Index Searches: 1
   Buffers: shared hit=8018
 Settings: enable_bitmapscan = 'off', enable_seqscan = 'off', max_parallel_workers_per_gather = '0'
 Planning:
   Buffers: shared hit=117
 Planning Time: 0.430 ms
 Execution Time: 2.274 ms
(10 rows)

