SET
SET
SET
SET
SET
                                                                      QUERY PLAN                                                                      
------------------------------------------------------------------------------------------------------------------------------------------------------
 Index Scan using idx on public.t (actual rows=6048576.00 loops=1)
   Output: a, b
   Index Cond: ((t.a >= '-3029357'::integer) AND (t.a <= '-5070'::integer))
   Index Searches: 1
   Prefetch: distance=257.557 count=5966193 stalls=1 skipped=153922 resets=0 ungets=71551 forwarded=5813
             histogram [2,4) => 2, [4,8) => 15, [8,16) => 9, [16,32) => 11, [32,64) => 25, [64,128) => 22, [128,256) => 1971853, [256,512) => 3994256
   Buffers: shared hit=5799938 read=109444
 Settings: enable_bitmapscan = 'off', enable_seqscan = 'off', max_parallel_workers_per_gather = '0'
 Planning:
   Buffers: shared hit=82 read=26
 Planning Time: 5.869 ms
 Execution Time: 3728.687 ms
(12 rows)

SET
SET
SET
SET
SET
                                             QUERY PLAN                                             
----------------------------------------------------------------------------------------------------
 Index Scan using idx on public.t (actual rows=6048576.00 loops=1)
   Output: a, b
   Index Cond: ((t.a >= '-3029357'::integer) AND (t.a <= '-5070'::integer))
   Index Searches: 1
   Buffers: shared hit=5909557
 Settings: enable_bitmapscan = 'off', enable_seqscan = 'off', max_parallel_workers_per_gather = '0'
 Planning:
   Buffers: shared hit=113
 Planning Time: 0.423 ms
 Execution Time: 1876.676 ms
(10 rows)

