SET
SET
SET
SET
SET
                                             QUERY PLAN                                             
----------------------------------------------------------------------------------------------------
 Index Scan using idx on public.t (actual rows=8192.00 loops=1)
   Output: a, b
   Index Cond: ((t.a >= '-10117'::integer) AND (t.a <= '-6022'::integer))
   Index Searches: 1
   Prefetch: distance=2.024 count=250 stalls=7587 skipped=218 resets=0 ungets=0 forwarded=0
             histogram [2,4) => 248, [4,8) => 2
   Buffers: shared hit=7814 read=185
 Settings: enable_bitmapscan = 'off', enable_seqscan = 'off', max_parallel_workers_per_gather = '0'
 Planning:
   Buffers: shared hit=86 read=26
 Planning Time: 6.083 ms
 Execution Time: 7.972 ms
(12 rows)

SET
SET
SET
SET
SET
                                             QUERY PLAN                                             
----------------------------------------------------------------------------------------------------
 Index Scan using idx on public.t (actual rows=8192.00 loops=1)
   Output: a, b
   Index Cond: ((t.a >= '-10117'::integer) AND (t.a <= '-6022'::integer))
   Index Searches: 1
   Buffers: shared hit=7999
 Settings: enable_bitmapscan = 'off', enable_seqscan = 'off', max_parallel_workers_per_gather = '0'
 Planning:
   Buffers: shared hit=117
 Planning Time: 0.340 ms
 Execution Time: 2.217 ms
(10 rows)

