SET
SET
SET
SET
SET
                                             QUERY PLAN                                             
----------------------------------------------------------------------------------------------------
 Index Scan using idx on public.t (actual rows=1024.00 loops=1)
   Output: a, b
   Index Cond: ((t.a >= '-1279'::integer) AND (t.a <= '-768'::integer))
   Index Searches: 1
   Prefetch: distance=2.000 count=36 stalls=883 skipped=16 resets=0 ungets=0 forwarded=0
             histogram [2,4) => 36
   Buffers: shared hit=963 read=52
 Settings: enable_bitmapscan = 'off', enable_seqscan = 'off', max_parallel_workers_per_gather = '0'
 Planning:
   Buffers: shared hit=86 read=26
 Planning Time: 5.906 ms
 Execution Time: 4.939 ms
(12 rows)

SET
SET
SET
SET
SET
                                             QUERY PLAN                                             
----------------------------------------------------------------------------------------------------
 Index Scan using idx on public.t (actual rows=1024.00 loops=1)
   Output: a, b
   Index Cond: ((t.a >= '-1279'::integer) AND (t.a <= '-768'::integer))
   Index Searches: 1
   Buffers: shared hit=1015
 Settings: enable_bitmapscan = 'off', enable_seqscan = 'off', max_parallel_workers_per_gather = '0'
 Planning:
   Buffers: shared hit=117
 Planning Time: 0.360 ms
 Execution Time: 0.417 ms
(10 rows)

