SET
SET
SET
SET
SET
                                                                   QUERY PLAN                                                                   
------------------------------------------------------------------------------------------------------------------------------------------------
 Index Scan using idx on public.t (actual rows=262144.00 loops=1)
   Output: a, b
   Index Cond: ((t.a >= '-143250'::integer) AND (t.a <= '-12179'::integer))
   Index Searches: 1
   Prefetch: distance=257.668 count=259098 stalls=1 skipped=6570 resets=0 ungets=3528 forwarded=273
             histogram [2,4) => 2, [4,8) => 7, [8,16) => 9, [16,32) => 11, [32,64) => 4, [64,128) => 2, [128,256) => 84886, [256,512) => 174177
   Buffers: shared hit=251440 read=4779
 Settings: enable_bitmapscan = 'off', enable_seqscan = 'off', max_parallel_workers_per_gather = '0'
 Planning:
   Buffers: shared hit=82 read=26
 Planning Time: 5.813 ms
 Execution Time: 168.535 ms
(12 rows)

SET
SET
SET
SET
SET
                                             QUERY PLAN                                             
----------------------------------------------------------------------------------------------------
 Index Scan using idx on public.t (actual rows=262144.00 loops=1)
   Output: a, b
   Index Cond: ((t.a >= '-143250'::integer) AND (t.a <= '-12179'::integer))
   Index Searches: 1
   Buffers: shared hit=256226
 Settings: enable_bitmapscan = 'off', enable_seqscan = 'off', max_parallel_workers_per_gather = '0'
 Planning:
   Buffers: shared hit=113
 Planning Time: 0.496 ms
 Execution Time: 79.696 ms
(10 rows)

