SET
SET
SET
SET
SET
                                                               QUERY PLAN                                                               
----------------------------------------------------------------------------------------------------------------------------------------
 Index Scan using idx on public.t (actual rows=128.00 loops=1)
   Output: a, b
   Index Cond: ((t.a >= '-9398'::integer) AND (t.a <= '-9335'::integer))
   Index Searches: 1
   Prefetch: distance=199.645 count=141 stalls=1 skipped=3 resets=0 ungets=24 forwarded=0
             histogram [2,4) => 2, [4,8) => 5, [8,16) => 7, [16,32) => 11, [32,64) => 8, [64,128) => 6, [128,256) => 3, [256,512) => 99
   Buffers: shared hit=93 read=39
 Settings: enable_bitmapscan = 'off', enable_seqscan = 'off', max_parallel_workers_per_gather = '0'
 Planning:
   Buffers: shared hit=86 read=26
 Planning Time: 6.079 ms
 Execution Time: 2.888 ms
(12 rows)

SET
SET
SET
SET
SET
                                             QUERY PLAN                                             
----------------------------------------------------------------------------------------------------
 Index Scan using idx on public.t (actual rows=128.00 loops=1)
   Output: a, b
   Index Cond: ((t.a >= '-9398'::integer) AND (t.a <= '-9335'::integer))
   Index Searches: 1
   Buffers: shared hit=132
 Settings: enable_bitmapscan = 'off', enable_seqscan = 'off', max_parallel_workers_per_gather = '0'
 Planning:
   Buffers: shared hit=117
 Planning Time: 0.343 ms
 Execution Time: 0.135 ms
(10 rows)

