SET
SET
SET
SET
SET
                                             QUERY PLAN                                             
----------------------------------------------------------------------------------------------------
 Index Scan using idx on public.t (actual rows=8192.00 loops=1)
   Output: a, b
   Index Cond: ((t.a >= '-20165'::integer) AND (t.a <= '-16070'::integer))
   Index Searches: 1
   Prefetch: distance=2.012 count=243 stalls=7428 skipped=180 resets=0 ungets=0 forwarded=0
             histogram [2,4) => 242, [4,8) => 1
   Buffers: shared hit=7840 read=184
 Settings: enable_bitmapscan = 'off', enable_seqscan = 'off', max_parallel_workers_per_gather = '0'
 Planning:
   Buffers: shared hit=86 read=26
 Planning Time: 5.924 ms
 Execution Time: 7.545 ms
(12 rows)

SET
SET
SET
SET
SET
                                             QUERY PLAN                                             
----------------------------------------------------------------------------------------------------
 Index Scan using idx on public.t (actual rows=8192.00 loops=1)
   Output: a, b
   Index Cond: ((t.a >= '-20165'::integer) AND (t.a <= '-16070'::integer))
   Index Searches: 1
   Buffers: shared hit=8024
 Settings: enable_bitmapscan = 'off', enable_seqscan = 'off', max_parallel_workers_per_gather = '0'
 Planning:
   Buffers: shared hit=117
 Planning Time: 0.351 ms
 Execution Time: 2.376 ms
(10 rows)

