SET
SET
SET
SET
SET
                                             QUERY PLAN                                             
----------------------------------------------------------------------------------------------------
 Index Scan using idx on public.t (actual rows=4096.00 loops=1)
   Output: a, b
   Index Cond: ((t.a >= '-7641'::integer) AND (t.a <= '-5594'::integer))
   Index Searches: 1
   Prefetch: distance=2.048 count=126 stalls=3690 skipped=99 resets=0 ungets=0 forwarded=0
             histogram [2,4) => 124, [4,8) => 2
   Buffers: shared hit=3901 read=109
 Settings: enable_bitmapscan = 'off', enable_seqscan = 'off', max_parallel_workers_per_gather = '0'
 Planning:
   Buffers: shared hit=86 read=26
 Planning Time: 6.137 ms
 Execution Time: 5.953 ms
(12 rows)

SET
SET
SET
SET
SET
                                             QUERY PLAN                                             
----------------------------------------------------------------------------------------------------
 Index Scan using idx on public.t (actual rows=4096.00 loops=1)
   Output: a, b
   Index Cond: ((t.a >= '-7641'::integer) AND (t.a <= '-5594'::integer))
   Index Searches: 1
   Buffers: shared hit=4010
 Settings: enable_bitmapscan = 'off', enable_seqscan = 'off', max_parallel_workers_per_gather = '0'
 Planning:
   Buffers: shared hit=117
 Planning Time: 0.339 ms
 Execution Time: 1.184 ms
(10 rows)

