SET
SET
SET
SET
SET
                                                                    QUERY PLAN                                                                    
--------------------------------------------------------------------------------------------------------------------------------------------------
 Index Scan using idx on public.t (actual rows=65536.00 loops=1)
   Output: a, b
   Index Cond: ((t.a >= '-45549'::integer) AND (t.a <= '-12782'::integer))
   Index Searches: 1
   Prefetch: distance=257.551 count=64889 stalls=3 skipped=1594 resets=0 ungets=965 forwarded=64
             histogram [2,4) => 4, [4,8) => 7, [8,16) => 13, [16,32) => 16, [32,64) => 18, [64,128) => 24, [128,256) => 20898, [256,512) => 43909
   Buffers: shared hit=62883 read=1224
 Settings: enable_bitmapscan = 'off', enable_seqscan = 'off', max_parallel_workers_per_gather = '0'
 Planning:
   Buffers: shared hit=86 read=26
 Planning Time: 6.233 ms
 Execution Time: 46.536 ms
(12 rows)

SET
SET
SET
SET
SET
                                             QUERY PLAN                                             
----------------------------------------------------------------------------------------------------
 Index Scan using idx on public.t (actual rows=65536.00 loops=1)
   Output: a, b
   Index Cond: ((t.a >= '-45549'::integer) AND (t.a <= '-12782'::integer))
   Index Searches: 1
   Buffers: shared hit=64110
 Settings: enable_bitmapscan = 'off', enable_seqscan = 'off', max_parallel_workers_per_gather = '0'
 Planning:
   Buffers: shared hit=117
 Planning Time: 0.443 ms
 Execution Time: 15.897 ms
(10 rows)

