SET
SET
SET
SET
SET
                                                                    QUERY PLAN                                                                     
---------------------------------------------------------------------------------------------------------------------------------------------------
 Index Scan using idx on public.t (actual rows=1048576.00 loops=1)
   Output: a, b
   Index Cond: ((t.a >= '-555138'::integer) AND (t.a <= '-30851'::integer))
   Index Searches: 1
   Prefetch: distance=257.584 count=1034172 stalls=1 skipped=26651 resets=0 ungets=12259 forwarded=990
             histogram [2,4) => 4, [4,8) => 7, [8,16) => 5, [16,32) => 17, [32,64) => 18, [64,128) => 10, [128,256) => 341759, [256,512) => 692352
   Buffers: shared hit=1005486 read=19004
 Settings: enable_bitmapscan = 'off', enable_seqscan = 'off', max_parallel_workers_per_gather = '0'
 Planning:
   Buffers: shared hit=82 read=26
 Planning Time: 6.179 ms
 Execution Time: 669.788 ms
(12 rows)

SET
SET
SET
SET
SET
                                             QUERY PLAN                                             
----------------------------------------------------------------------------------------------------
 Index Scan using idx on public.t (actual rows=1048576.00 loops=1)
   Output: a, b
   Index Cond: ((t.a >= '-555138'::integer) AND (t.a <= '-30851'::integer))
   Index Searches: 1
   Buffers: shared hit=1024513
 Settings: enable_bitmapscan = 'off', enable_seqscan = 'off', max_parallel_workers_per_gather = '0'
 Planning:
   Buffers: shared hit=113
 Planning Time: 0.501 ms
 Execution Time: 347.327 ms
(10 rows)

