SET
SET
SET
SET
SET
                                             QUERY PLAN                                             
----------------------------------------------------------------------------------------------------
 Index Scan using idx on public.t (actual rows=256.00 loops=1)
   Output: a, b
   Index Cond: ((t.a >= 18458) AND (t.a <= 18585))
   Index Searches: 1
   Prefetch: distance=2.158 count=19 stalls=175 skipped=31 resets=0 ungets=0 forwarded=0
             histogram [2,4) => 18, [4,8) => 1
   Buffers: shared hit=201 read=27
 Settings: enable_bitmapscan = 'off', enable_seqscan = 'off', max_parallel_workers_per_gather = '0'
 Planning:
   Buffers: shared hit=81 read=28
 Planning Time: 5.961 ms
 Execution Time: 3.066 ms
(12 rows)

SET
SET
SET
SET
SET
                                             QUERY PLAN                                             
----------------------------------------------------------------------------------------------------
 Index Scan using idx on public.t (actual rows=256.00 loops=1)
   Output: a, b
   Index Cond: ((t.a >= 18458) AND (t.a <= 18585))
   Index Searches: 1
   Buffers: shared hit=228
 Settings: enable_bitmapscan = 'off', enable_seqscan = 'off', max_parallel_workers_per_gather = '0'
 Planning:
   Buffers: shared hit=114
 Planning Time: 0.360 ms
 Execution Time: 0.153 ms
(10 rows)

