SET
SET
SET
SET
SET
                                             QUERY PLAN                                             
----------------------------------------------------------------------------------------------------
 Index Scan using idx on public.t (actual rows=8192.00 loops=1)
   Output: a, b
   Index Cond: ((t.a >= 29310) AND (t.a <= 33405))
   Index Searches: 1
   Prefetch: distance=2.066 count=151 stalls=6852 skipped=938 resets=0 ungets=0 forwarded=0
             histogram [2,4) => 147, [4,8) => 4
   Buffers: shared hit=7121 read=119
 Settings: enable_bitmapscan = 'off', enable_seqscan = 'off', max_parallel_workers_per_gather = '0'
 Planning:
   Buffers: shared hit=81 read=28
 Planning Time: 6.383 ms
 Execution Time: 7.338 ms
(12 rows)

SET
SET
SET
SET
SET
                                             QUERY PLAN                                             
----------------------------------------------------------------------------------------------------
 Index Scan using idx on public.t (actual rows=8192.00 loops=1)
   Output: a, b
   Index Cond: ((t.a >= 29310) AND (t.a <= 33405))
   Index Searches: 1
   Buffers: shared hit=7240
 Settings: enable_bitmapscan = 'off', enable_seqscan = 'off', max_parallel_workers_per_gather = '0'
 Planning:
   Buffers: shared hit=114
 Planning Time: 0.485 ms
 Execution Time: 2.975 ms
(10 rows)

