SET
SET
SET
SET
SET
                                             QUERY PLAN                                             
----------------------------------------------------------------------------------------------------
 Index Scan using idx on public.t (actual rows=4096.00 loops=1)
   Output: a, b
   Index Cond: ((t.a >= 31968) AND (t.a <= 34015))
   Index Searches: 1
   Prefetch: distance=2.095 count=74 stalls=3380 skipped=429 resets=0 ungets=0 forwarded=0
             histogram [2,4) => 71, [4,8) => 3
   Buffers: shared hit=3590 read=71
 Settings: enable_bitmapscan = 'off', enable_seqscan = 'off', max_parallel_workers_per_gather = '0'
 Planning:
   Buffers: shared hit=81 read=28
 Planning Time: 6.217 ms
 Execution Time: 5.389 ms
(12 rows)

SET
SET
SET
SET
SET
                                             QUERY PLAN                                             
----------------------------------------------------------------------------------------------------
 Index Scan using idx on public.t (actual rows=4096.00 loops=1)
   Output: a, b
   Index Cond: ((t.a >= 31968) AND (t.a <= 34015))
   Index Searches: 1
   Buffers: shared hit=3661
 Settings: enable_bitmapscan = 'off', enable_seqscan = 'off', max_parallel_workers_per_gather = '0'
 Planning:
   Buffers: shared hit=114
 Planning Time: 0.351 ms
 Execution Time: 1.084 ms
(10 rows)

