SET
SET
SET
SET
SET
                                             QUERY PLAN                                             
----------------------------------------------------------------------------------------------------
 Index Scan using idx on public.t (actual rows=1024.00 loops=1)
   Output: a, b
   Index Cond: ((t.a >= 18414) AND (t.a <= 18925))
   Index Searches: 1
   Prefetch: distance=2.000 count=16 stalls=791 skipped=98 resets=0 ungets=0 forwarded=0
             histogram [2,4) => 16
   Buffers: shared hit=883 read=35
 Settings: enable_bitmapscan = 'off', enable_seqscan = 'off', max_parallel_workers_per_gather = '0'
 Planning:
   Buffers: shared hit=81 read=28
 Planning Time: 5.785 ms
 Execution Time: 3.531 ms
(12 rows)

SET
SET
SET
SET
SET
                                             QUERY PLAN                                             
----------------------------------------------------------------------------------------------------
 Index Scan using idx on public.t (actual rows=1024.00 loops=1)
   Output: a, b
   Index Cond: ((t.a >= 18414) AND (t.a <= 18925))
   Index Searches: 1
   Buffers: shared hit=918
 Settings: enable_bitmapscan = 'off', enable_seqscan = 'off', max_parallel_workers_per_gather = '0'
 Planning:
   Buffers: shared hit=114
 Planning Time: 0.352 ms
 Execution Time: 0.339 ms
(10 rows)

