SET
SET
SET
SET
SET
                                             QUERY PLAN                                             
----------------------------------------------------------------------------------------------------
 Index Scan using idx on public.t (actual rows=8192.00 loops=1)
   Output: a, b
   Index Cond: ((t.a >= 25514) AND (t.a <= 29609))
   Index Searches: 1
   Prefetch: distance=2.020 count=149 stalls=6934 skipped=980 resets=0 ungets=0 forwarded=0
             histogram [2,4) => 148, [4,8) => 1
   Buffers: shared hit=7104 read=120
 Settings: enable_bitmapscan = 'off', enable_seqscan = 'off', max_parallel_workers_per_gather = '0'
 Planning:
   Buffers: shared hit=81 read=28
 Planning Time: 6.306 ms
 Execution Time: 6.687 ms
(12 rows)

SET
SET
SET
SET
SET
                                             QUERY PLAN                                             
----------------------------------------------------------------------------------------------------
 Index Scan using idx on public.t (actual rows=8192.00 loops=1)
   Output: a, b
   Index Cond: ((t.a >= 25514) AND (t.a <= 29609))
   Index Searches: 1
   Buffers: shared hit=7224
 Settings: enable_bitmapscan = 'off', enable_seqscan = 'off', max_parallel_workers_per_gather = '0'
 Planning:
   Buffers: shared hit=114
 Planning Time: 0.444 ms
 Execution Time: 2.082 ms
(10 rows)

