SET
SET
SET
SET
SET
                                             QUERY PLAN                                             
----------------------------------------------------------------------------------------------------
 Index Scan using idx on public.t (actual rows=1024.00 loops=1)
   Output: a, b
   Index Cond: ((t.a >= 4354) AND (t.a <= 4865))
   Index Searches: 1
   Prefetch: distance=2.000 count=12 stalls=689 skipped=98 resets=0 ungets=0 forwarded=0
             histogram [2,4) => 12
   Buffers: shared hit=881 read=32
 Settings: enable_bitmapscan = 'off', enable_seqscan = 'off', max_parallel_workers_per_gather = '0'
 Planning:
   Buffers: shared hit=81 read=28
 Planning Time: 6.478 ms
 Execution Time: 3.118 ms
(12 rows)

SET
SET
SET
SET
SET
                                             QUERY PLAN                                             
----------------------------------------------------------------------------------------------------
 Index Scan using idx on public.t (actual rows=1024.00 loops=1)
   Output: a, b
   Index Cond: ((t.a >= 4354) AND (t.a <= 4865))
   Index Searches: 1
   Buffers: shared hit=913
 Settings: enable_bitmapscan = 'off', enable_seqscan = 'off', max_parallel_workers_per_gather = '0'
 Planning:
   Buffers: shared hit=114
 Planning Time: 0.346 ms
 Execution Time: 0.317 ms
(10 rows)

