SET
SET
SET
SET
SET
                                             QUERY PLAN                                             
----------------------------------------------------------------------------------------------------
 Index Scan using idx on public.t (actual rows=4096.00 loops=1)
   Output: a, b
   Index Cond: ((t.a >= 19083) AND (t.a <= 21130))
   Index Searches: 1
   Prefetch: distance=2.058 count=69 stalls=3213 skipped=408 resets=0 ungets=0 forwarded=0
             histogram [2,4) => 67, [4,8) => 2
   Buffers: shared hit=3592 read=72
 Settings: enable_bitmapscan = 'off', enable_seqscan = 'off', max_parallel_workers_per_gather = '0'
 Planning:
   Buffers: shared hit=81 read=28
 Planning Time: 6.109 ms
 Execution Time: 4.972 ms
(12 rows)

SET
SET
SET
SET
SET
                                             QUERY PLAN                                             
----------------------------------------------------------------------------------------------------
 Index Scan using idx on public.t (actual rows=4096.00 loops=1)
   Output: a, b
   Index Cond: ((t.a >= 19083) AND (t.a <= 21130))
   Index Searches: 1
   Buffers: shared hit=3664
 Settings: enable_bitmapscan = 'off', enable_seqscan = 'off', max_parallel_workers_per_gather = '0'
 Planning:
   Buffers: shared hit=114
 Planning Time: 0.549 ms
 Execution Time: 1.449 ms
(10 rows)

