SET
SET
SET
SET
SET
                                             QUERY PLAN                                             
----------------------------------------------------------------------------------------------------
 Index Scan using idx on public.t (actual rows=8192.00 loops=1)
   Output: a, b
   Index Cond: ((t.a >= 28394) AND (t.a <= 32489))
   Index Searches: 1
   Prefetch: distance=2.064 count=157 stalls=7010 skipped=972 resets=0 ungets=0 forwarded=0
             histogram [2,4) => 153, [4,8) => 4
   Buffers: shared hit=7122 read=120
 Settings: enable_bitmapscan = 'off', enable_seqscan = 'off', max_parallel_workers_per_gather = '0'
 Planning:
   Buffers: shared hit=81 read=28
 Planning Time: 6.164 ms
 Execution Time: 6.919 ms
(12 rows)

SET
SET
SET
SET
SET
                                             QUERY PLAN                                             
----------------------------------------------------------------------------------------------------
 Index Scan using idx on public.t (actual rows=8192.00 loops=1)
   Output: a, b
   Index Cond: ((t.a >= 28394) AND (t.a <= 32489))
   Index Searches: 1
   Buffers: shared hit=7242
 Settings: enable_bitmapscan = 'off', enable_seqscan = 'off', max_parallel_workers_per_gather = '0'
 Planning:
   Buffers: shared hit=114
 Planning Time: 0.576 ms
 Execution Time: 2.815 ms
(10 rows)

