SET
SET
SET
SET
SET
                                             QUERY PLAN                                             
----------------------------------------------------------------------------------------------------
 Index Scan using idx on public.t (actual rows=8192.00 loops=1)
   Output: a, b
   Index Cond: ((t.a >= 4409) AND (t.a <= 8504))
   Index Searches: 1
   Prefetch: distance=2.053 count=150 stalls=6946 skipped=981 resets=0 ungets=0 forwarded=0
             histogram [2,4) => 146, [4,8) => 4
   Buffers: shared hit=7113 read=117
 Settings: enable_bitmapscan = 'off', enable_seqscan = 'off', max_parallel_workers_per_gather = '0'
 Planning:
   Buffers: shared hit=81 read=28
 Planning Time: 6.508 ms
 Execution Time: 8.069 ms
(12 rows)

SET
SET
SET
SET
SET
                                             QUERY PLAN                                             
----------------------------------------------------------------------------------------------------
 Index Scan using idx on public.t (actual rows=8192.00 loops=1)
   Output: a, b
   Index Cond: ((t.a >= 4409) AND (t.a <= 8504))
   Index Searches: 1
   Buffers: shared hit=7230
 Settings: enable_bitmapscan = 'off', enable_seqscan = 'off', max_parallel_workers_per_gather = '0'
 Planning:
   Buffers: shared hit=114
 Planning Time: 0.457 ms
 Execution Time: 2.903 ms
(10 rows)

