SET
SET
SET
SET
SET
                                             QUERY PLAN                                             
----------------------------------------------------------------------------------------------------
 Index Scan Backward using idx on public.t (actual rows=256.00 loops=1)
   Output: a, b
   Index Cond: ((t.a >= 25314) AND (t.a <= 25329))
   Index Searches: 1
   Prefetch: distance=2.000 count=5 stalls=109 skipped=41 resets=0 ungets=0 forwarded=0
             histogram [2,4) => 5
   Buffers: shared hit=162 read=32
 Settings: enable_bitmapscan = 'off', enable_seqscan = 'off', max_parallel_workers_per_gather = '0'
 Planning:
   Buffers: shared hit=82 read=23
 Planning Time: 5.875 ms
 Execution Time: 3.748 ms
(12 rows)

SET
SET
SET
SET
SET
                                             QUERY PLAN                                             
----------------------------------------------------------------------------------------------------
 Index Scan Backward using idx on public.t (actual rows=256.00 loops=1)
   Output: a, b
   Index Cond: ((t.a >= 25314) AND (t.a <= 25329))
   Index Searches: 1
   Buffers: shared hit=194
 Settings: enable_bitmapscan = 'off', enable_seqscan = 'off', max_parallel_workers_per_gather = '0'
 Planning:
   Buffers: shared hit=110
 Planning Time: 0.368 ms
 Execution Time: 0.146 ms
(10 rows)

