SET
SET
SET
SET
SET
                                             QUERY PLAN                                             
----------------------------------------------------------------------------------------------------
 Index Scan Backward using idx on public.t (actual rows=1024.00 loops=1)
   Output: a, b
   Index Cond: ((t.a >= 18090) AND (t.a <= 18153))
   Index Searches: 1
   Prefetch: distance=2.000 count=20 stalls=597 skipped=197 resets=0 ungets=0 forwarded=0
             histogram [2,4) => 20
   Buffers: shared hit=735 read=42
 Settings: enable_bitmapscan = 'off', enable_seqscan = 'off', max_parallel_workers_per_gather = '0'
 Planning:
   Buffers: shared hit=82 read=23
 Planning Time: 5.741 ms
 Execution Time: 5.056 ms
(12 rows)

SET
SET
SET
SET
SET
                                             QUERY PLAN                                             
----------------------------------------------------------------------------------------------------
 Index Scan Backward using idx on public.t (actual rows=1024.00 loops=1)
   Output: a, b
   Index Cond: ((t.a >= 18090) AND (t.a <= 18153))
   Index Searches: 1
   Buffers: shared hit=777
 Settings: enable_bitmapscan = 'off', enable_seqscan = 'off', max_parallel_workers_per_gather = '0'
 Planning:
   Buffers: shared hit=110
 Planning Time: 0.297 ms
 Execution Time: 0.444 ms
(10 rows)

