SET
SET
SET
SET
SET
                                             QUERY PLAN                                             
----------------------------------------------------------------------------------------------------
 Index Scan using idx on public.t (actual rows=8192.00 loops=1)
   Output: a, b
   Index Cond: ((t.a >= 485) AND (t.a <= 4580))
   Index Searches: 1
   Prefetch: distance=2.116 count=155 stalls=6788 skipped=1000 resets=0 ungets=0 forwarded=0
             histogram [2,4) => 148, [4,8) => 7
   Buffers: shared hit=7073 read=118
 Settings: enable_bitmapscan = 'off', enable_seqscan = 'off', max_parallel_workers_per_gather = '0'
 Planning:
   Buffers: shared hit=81 read=28
 Planning Time: 6.491 ms
 Execution Time: 7.130 ms
(12 rows)

SET
SET
SET
SET
SET
                                             QUERY PLAN                                             
----------------------------------------------------------------------------------------------------
 Index Scan using idx on public.t (actual rows=8192.00 loops=1)
   Output: a, b
   Index Cond: ((t.a >= 485) AND (t.a <= 4580))
   Index Searches: 1
   Buffers: shared hit=7191
 Settings: enable_bitmapscan = 'off', enable_seqscan = 'off', max_parallel_workers_per_gather = '0'
 Planning:
   Buffers: shared hit=114
 Planning Time: 0.360 ms
 Execution Time: 2.122 ms
(10 rows)

