SET
SET
SET
SET
SET
                                             QUERY PLAN                                             
----------------------------------------------------------------------------------------------------
 Index Scan using idx on public.t (actual rows=512.00 loops=1)
   Output: a, b
   Index Cond: ((t.a >= 489) AND (t.a <= 744))
   Index Searches: 1
   Prefetch: distance=2.000 count=6 stalls=233 skipped=32 resets=0 ungets=0 forwarded=0
             histogram [2,4) => 6
   Buffers: shared hit=434 read=27
 Settings: enable_bitmapscan = 'off', enable_seqscan = 'off', max_parallel_workers_per_gather = '0'
 Planning:
   Buffers: shared hit=81 read=28
 Planning Time: 5.749 ms
 Execution Time: 2.354 ms
(12 rows)

SET
SET
SET
SET
SET
                                             QUERY PLAN                                             
----------------------------------------------------------------------------------------------------
 Index Scan using idx on public.t (actual rows=512.00 loops=1)
   Output: a, b
   Index Cond: ((t.a >= 489) AND (t.a <= 744))
   Index Searches: 1
   Buffers: shared hit=461
 Settings: enable_bitmapscan = 'off', enable_seqscan = 'off', max_parallel_workers_per_gather = '0'
 Planning:
   Buffers: shared hit=114
 Planning Time: 0.383 ms
 Execution Time: 0.220 ms
(10 rows)

