SET
SET
SET
SET
SET
                                             QUERY PLAN                                             
----------------------------------------------------------------------------------------------------
 Index Scan using idx on public.t (actual rows=2048.00 loops=1)
   Output: a, b
   Index Cond: ((t.a >= 17003) AND (t.a <= 18026))
   Index Searches: 1
   Prefetch: distance=2.000 count=36 stalls=1693 skipped=220 resets=0 ungets=0 forwarded=0
             histogram [2,4) => 36
   Buffers: shared hit=1784 read=46
 Settings: enable_bitmapscan = 'off', enable_seqscan = 'off', max_parallel_workers_per_gather = '0'
 Planning:
   Buffers: shared hit=81 read=28
 Planning Time: 5.794 ms
 Execution Time: 4.224 ms
(12 rows)

SET
SET
SET
SET
SET
                                             QUERY PLAN                                             
----------------------------------------------------------------------------------------------------
 Index Scan using idx on public.t (actual rows=2048.00 loops=1)
   Output: a, b
   Index Cond: ((t.a >= 17003) AND (t.a <= 18026))
   Index Searches: 1
   Buffers: shared hit=1830
 Settings: enable_bitmapscan = 'off', enable_seqscan = 'off', max_parallel_workers_per_gather = '0'
 Planning:
   Buffers: shared hit=114
 Planning Time: 0.351 ms
 Execution Time: 0.594 ms
(10 rows)

