SET
SET
SET
SET
SET
                                             QUERY PLAN                                             
----------------------------------------------------------------------------------------------------
 Index Scan using idx on public.t (actual rows=4096.00 loops=1)
   Output: a, b
   Index Cond: ((t.a >= 29700) AND (t.a <= 31747))
   Index Searches: 1
   Prefetch: distance=2.095 count=74 stalls=3274 skipped=465 resets=0 ungets=0 forwarded=0
             histogram [2,4) => 71, [4,8) => 3
   Buffers: shared hit=3543 read=71
 Settings: enable_bitmapscan = 'off', enable_seqscan = 'off', max_parallel_workers_per_gather = '0'
 Planning:
   Buffers: shared hit=81 read=28
 Planning Time: 5.995 ms
 Execution Time: 5.372 ms
(12 rows)

SET
SET
SET
SET
SET
                                             QUERY PLAN                                             
----------------------------------------------------------------------------------------------------
 Index Scan using idx on public.t (actual rows=4096.00 loops=1)
   Output: a, b
   Index Cond: ((t.a >= 29700) AND (t.a <= 31747))
   Index Searches: 1
   Buffers: shared hit=3614
 Settings: enable_bitmapscan = 'off', enable_seqscan = 'off', max_parallel_workers_per_gather = '0'
 Planning:
   Buffers: shared hit=114
 Planning Time: 0.461 ms
 Execution Time: 1.086 ms
(10 rows)

