SET
SET
SET
SET
SET
                                                                        QUERY PLAN                                                                        
----------------------------------------------------------------------------------------------------------------------------------------------------------
 Index Scan using idx on public.t (actual rows=8048576.00 loops=1)
   Output: a, b
   Index Cond: ((t.a >= 21111) AND (t.a <= 4045398))
   Index Searches: 1
   Prefetch: distance=21.481 count=167889 stalls=6917596 skipped=963104 resets=0 ungets=16 forwarded=53
             histogram [2,4) => 148896, [4,8) => 4472, [8,16) => 19, [16,32) => 90, [32,64) => 66, [64,128) => 135, [128,256) => 10463, [256,512) => 3748
   Buffers: shared hit=7010235 read=95068
 Settings: enable_bitmapscan = 'off', enable_seqscan = 'off', max_parallel_workers_per_gather = '0'
 Planning:
   Buffers: shared hit=77 read=28
 Planning Time: 5.756 ms
 Execution Time: 4056.555 ms
(12 rows)

SET
SET
SET
SET
SET
                                             QUERY PLAN                                             
----------------------------------------------------------------------------------------------------
 Index Scan using idx on public.t (actual rows=8048576.00 loops=1)
   Output: a, b
   Index Cond: ((t.a >= 21111) AND (t.a <= 4045398))
   Index Searches: 1
   Buffers: shared hit=7105303
 Settings: enable_bitmapscan = 'off', enable_seqscan = 'off', max_parallel_workers_per_gather = '0'
 Planning:
   Buffers: shared hit=110
 Planning Time: 0.429 ms
 Execution Time: 1960.941 ms
(10 rows)

