SET
SET
SET
SET
SET
                                             QUERY PLAN                                             
----------------------------------------------------------------------------------------------------
 Index Scan Backward using idx on public.t (actual rows=8192.00 loops=1)
   Output: a, b
   Index Cond: ((t.a >= 17732) AND (t.a <= 21827))
   Index Searches: 1
   Prefetch: distance=2.123 count=154 stalls=6929 skipped=898 resets=0 ungets=0 forwarded=1
             histogram [2,4) => 147, [4,8) => 7
   Buffers: shared hit=7187 read=119
 Settings: enable_bitmapscan = 'off', enable_seqscan = 'off', max_parallel_workers_per_gather = '0'
 Planning:
   Buffers: shared hit=85 read=28
 Planning Time: 6.552 ms
 Execution Time: 15.419 ms
(12 rows)

SET
SET
SET
SET
SET
                                             QUERY PLAN                                             
----------------------------------------------------------------------------------------------------
 Index Scan Backward using idx on public.t (actual rows=8192.00 loops=1)
   Output: a, b
   Index Cond: ((t.a >= 17732) AND (t.a <= 21827))
   Index Searches: 1
   Buffers: shared hit=7306
 Settings: enable_bitmapscan = 'off', enable_seqscan = 'off', max_parallel_workers_per_gather = '0'
 Planning:
   Buffers: shared hit=118
 Planning Time: 0.357 ms
 Execution Time: 2.196 ms
(10 rows)

