SET
SET
SET
SET
SET
                                                              QUERY PLAN                                                               
---------------------------------------------------------------------------------------------------------------------------------------
 Index Scan Backward using idx on public.t (actual rows=4.00 loops=1)
   Output: a, b
   Index Cond: ((t.a >= 12854) AND (t.a <= 12855))
   Index Searches: 1
   Buffers: shared hit=5 read=5
 Settings: enable_bitmapscan = 'off', enable_seqscan = 'off', max_parallel_workers_per_gather = '0', enable_indexscan_prefetch = 'off'
 Planning:
   Buffers: shared hit=85 read=28
 Planning Time: 5.856 ms
 Execution Time: 1.313 ms
(10 rows)

SET
SET
SET
SET
SET
                                                              QUERY PLAN                                                               
---------------------------------------------------------------------------------------------------------------------------------------
 Index Scan Backward using idx on public.t (actual rows=4.00 loops=1)
   Output: a, b
   Index Cond: ((t.a >= 12854) AND (t.a <= 12855))
   Index Searches: 1
   Buffers: shared hit=10
 Settings: enable_bitmapscan = 'off', enable_seqscan = 'off', max_parallel_workers_per_gather = '0', enable_indexscan_prefetch = 'off'
 Planning:
   Buffers: shared hit=118
 Planning Time: 0.358 ms
 Execution Time: 0.048 ms
(10 rows)

