SET
SET
SET
SET
SET
                                             QUERY PLAN                                             
----------------------------------------------------------------------------------------------------
 Index Scan Backward using idx on public.t (actual rows=1024.00 loops=1)
   Output: a, b
   Index Cond: ((t.a >= 27605) AND (t.a <= 28116))
   Index Searches: 1
   Prefetch: distance=2.000 count=18 stalls=700 skipped=103 resets=0 ungets=0 forwarded=0
             histogram [2,4) => 18
   Buffers: shared hit=870 read=36
 Settings: enable_bitmapscan = 'off', enable_seqscan = 'off', max_parallel_workers_per_gather = '0'
 Planning:
   Buffers: shared hit=85 read=28
 Planning Time: 5.966 ms
 Execution Time: 4.291 ms
(12 rows)

SET
SET
SET
SET
SET
                                             QUERY PLAN                                             
----------------------------------------------------------------------------------------------------
 Index Scan Backward using idx on public.t (actual rows=1024.00 loops=1)
   Output: a, b
   Index Cond: ((t.a >= 27605) AND (t.a <= 28116))
   Index Searches: 1
   Buffers: shared hit=906
 Settings: enable_bitmapscan = 'off', enable_seqscan = 'off', max_parallel_workers_per_gather = '0'
 Planning:
   Buffers: shared hit=118
 Planning Time: 0.333 ms
 Execution Time: 0.335 ms
(10 rows)

