SET
SET
SET
SET
SET
                                             QUERY PLAN                                             
----------------------------------------------------------------------------------------------------
 Index Scan Backward using idx on public.t (actual rows=4096.00 loops=1)
   Output: a, b
   Index Cond: ((t.a >= 8398) AND (t.a <= 10445))
   Index Searches: 1
   Prefetch: distance=2.041 count=73 stalls=3404 skipped=436 resets=0 ungets=0 forwarded=0
             histogram [2,4) => 72, [4,8) => 1
   Buffers: shared hit=3585 read=72
 Settings: enable_bitmapscan = 'off', enable_seqscan = 'off', max_parallel_workers_per_gather = '0'
 Planning:
   Buffers: shared hit=85 read=28
 Planning Time: 6.287 ms
 Execution Time: 9.192 ms
(12 rows)

SET
SET
SET
SET
SET
                                             QUERY PLAN                                             
----------------------------------------------------------------------------------------------------
 Index Scan Backward using idx on public.t (actual rows=4096.00 loops=1)
   Output: a, b
   Index Cond: ((t.a >= 8398) AND (t.a <= 10445))
   Index Searches: 1
   Buffers: shared hit=3657
 Settings: enable_bitmapscan = 'off', enable_seqscan = 'off', max_parallel_workers_per_gather = '0'
 Planning:
   Buffers: shared hit=118
 Planning Time: 0.384 ms
 Execution Time: 1.078 ms
(10 rows)

