SET
SET
SET
SET
SET
                                             QUERY PLAN                                             
----------------------------------------------------------------------------------------------------
 Index Scan Backward using idx on public.t (actual rows=2048.00 loops=1)
   Output: a, b
   Index Cond: ((t.a >= 2362) AND (t.a <= 3385))
   Index Searches: 1
   Prefetch: distance=2.081 count=37 stalls=1512 skipped=226 resets=0 ungets=0 forwarded=0
             histogram [2,4) => 36, [4,8) => 1
   Buffers: shared hit=1754 read=48
 Settings: enable_bitmapscan = 'off', enable_seqscan = 'off', max_parallel_workers_per_gather = '0'
 Planning:
   Buffers: shared hit=85 read=28
 Planning Time: 6.525 ms
 Execution Time: 6.033 ms
(12 rows)

SET
SET
SET
SET
SET
                                             QUERY PLAN                                             
----------------------------------------------------------------------------------------------------
 Index Scan Backward using idx on public.t (actual rows=2048.00 loops=1)
   Output: a, b
   Index Cond: ((t.a >= 2362) AND (t.a <= 3385))
   Index Searches: 1
   Buffers: shared hit=1802
 Settings: enable_bitmapscan = 'off', enable_seqscan = 'off', max_parallel_workers_per_gather = '0'
 Planning:
   Buffers: shared hit=118
 Planning Time: 0.400 ms
 Execution Time: 0.687 ms
(10 rows)

