SET
SET
SET
SET
SET
                                             QUERY PLAN                                             
----------------------------------------------------------------------------------------------------
 Index Scan Backward using idx on public.t (actual rows=4096.00 loops=1)
   Output: a, b
   Index Cond: ((t.a >= 23979) AND (t.a <= 26026))
   Index Searches: 1
   Prefetch: distance=2.041 count=73 stalls=3452 skipped=488 resets=0 ungets=0 forwarded=0
             histogram [2,4) => 72, [4,8) => 1
   Buffers: shared hit=3543 read=69
 Settings: enable_bitmapscan = 'off', enable_seqscan = 'off', max_parallel_workers_per_gather = '0'
 Planning:
   Buffers: shared hit=85 read=28
 Planning Time: 6.397 ms
 Execution Time: 8.926 ms
(12 rows)

SET
SET
SET
SET
SET
                                             QUERY PLAN                                             
----------------------------------------------------------------------------------------------------
 Index Scan Backward using idx on public.t (actual rows=4096.00 loops=1)
   Output: a, b
   Index Cond: ((t.a >= 23979) AND (t.a <= 26026))
   Index Searches: 1
   Buffers: shared hit=3612
 Settings: enable_bitmapscan = 'off', enable_seqscan = 'off', max_parallel_workers_per_gather = '0'
 Planning:
   Buffers: shared hit=118
 Planning Time: 0.459 ms
 Execution Time: 1.610 ms
(10 rows)

