SET
SET
SET
SET
SET
                                             QUERY PLAN                                             
----------------------------------------------------------------------------------------------------
 Index Scan Backward using idx on public.t (actual rows=512.00 loops=1)
   Output: a, b
   Index Cond: ((t.a >= 2617) AND (t.a <= 2872))
   Index Searches: 1
   Prefetch: distance=2.000 count=16 stalls=390 skipped=47 resets=0 ungets=0 forwarded=0
             histogram [2,4) => 16
   Buffers: shared hit=436 read=29
 Settings: enable_bitmapscan = 'off', enable_seqscan = 'off', max_parallel_workers_per_gather = '0'
 Planning:
   Buffers: shared hit=85 read=28
 Planning Time: 6.283 ms
 Execution Time: 4.173 ms
(12 rows)

SET
SET
SET
SET
SET
                                             QUERY PLAN                                             
----------------------------------------------------------------------------------------------------
 Index Scan Backward using idx on public.t (actual rows=512.00 loops=1)
   Output: a, b
   Index Cond: ((t.a >= 2617) AND (t.a <= 2872))
   Index Searches: 1
   Buffers: shared hit=465
 Settings: enable_bitmapscan = 'off', enable_seqscan = 'off', max_parallel_workers_per_gather = '0'
 Planning:
   Buffers: shared hit=118
 Planning Time: 0.351 ms
 Execution Time: 0.202 ms
(10 rows)

