SET
SET
SET
SET
SET
                                                                   QUERY PLAN                                                                   
------------------------------------------------------------------------------------------------------------------------------------------------
 Index Scan Backward using idx on public.t (actual rows=32768.00 loops=1)
   Output: a, b
   Index Cond: ((t.a >= 17316) AND (t.a <= 33699))
   Index Searches: 1
   Prefetch: distance=253.762 count=29093 stalls=1 skipped=3875 resets=0 ungets=202 forwarded=18
             histogram [2,4) => 2, [4,8) => 4, [8,16) => 7, [16,32) => 12, [32,64) => 16, [64,128) => 3, [128,256) => 12055, [256,512) => 16994
   Buffers: shared hit=28569 read=410
 Settings: enable_bitmapscan = 'off', enable_seqscan = 'off', max_parallel_workers_per_gather = '0'
 Planning:
   Buffers: shared hit=85 read=28
 Planning Time: 6.357 ms
 Execution Time: 27.987 ms
(12 rows)

SET
SET
SET
SET
SET
                                             QUERY PLAN                                             
----------------------------------------------------------------------------------------------------
 Index Scan Backward using idx on public.t (actual rows=32768.00 loops=1)
   Output: a, b
   Index Cond: ((t.a >= 17316) AND (t.a <= 33699))
   Index Searches: 1
   Buffers: shared hit=28979
 Settings: enable_bitmapscan = 'off', enable_seqscan = 'off', max_parallel_workers_per_gather = '0'
 Planning:
   Buffers: shared hit=118
 Planning Time: 0.435 ms
 Execution Time: 7.504 ms
(10 rows)

