SET
SET
SET
SET
SET
                                             QUERY PLAN                                             
----------------------------------------------------------------------------------------------------
 Index Scan Backward using idx on public.t (actual rows=8192.00 loops=1)
   Output: a, b
   Index Cond: ((t.a >= 9665) AND (t.a <= 13760))
   Index Searches: 1
   Prefetch: distance=2.080 count=150 stalls=6817 skipped=908 resets=0 ungets=0 forwarded=0
             histogram [2,4) => 146, [4,8) => 4
   Buffers: shared hit=7158 read=119
 Settings: enable_bitmapscan = 'off', enable_seqscan = 'off', max_parallel_workers_per_gather = '0'
 Planning:
   Buffers: shared hit=85 read=28
 Planning Time: 6.302 ms
 Execution Time: 15.583 ms
(12 rows)

SET
SET
SET
SET
SET
                                             QUERY PLAN                                             
----------------------------------------------------------------------------------------------------
 Index Scan Backward using idx on public.t (actual rows=8192.00 loops=1)
   Output: a, b
   Index Cond: ((t.a >= 9665) AND (t.a <= 13760))
   Index Searches: 1
   Buffers: shared hit=7277
 Settings: enable_bitmapscan = 'off', enable_seqscan = 'off', max_parallel_workers_per_gather = '0'
 Planning:
   Buffers: shared hit=118
 Planning Time: 0.365 ms
 Execution Time: 2.175 ms
(10 rows)

