SET
SET
SET
SET
SET
                                             QUERY PLAN                                             
----------------------------------------------------------------------------------------------------
 Index Scan Backward using idx on public.t (actual rows=4096.00 loops=1)
   Output: a, b
   Index Cond: ((t.a >= 30697) AND (t.a <= 32744))
   Index Searches: 1
   Prefetch: distance=2.163 count=80 stalls=3430 skipped=465 resets=0 ungets=0 forwarded=0
             histogram [2,4) => 76, [4,8) => 4
   Buffers: shared hit=3559 read=70
 Settings: enable_bitmapscan = 'off', enable_seqscan = 'off', max_parallel_workers_per_gather = '0'
 Planning:
   Buffers: shared hit=85 read=28
 Planning Time: 6.889 ms
 Execution Time: 8.286 ms
(12 rows)

SET
SET
SET
SET
SET
                                             QUERY PLAN                                             
----------------------------------------------------------------------------------------------------
 Index Scan Backward using idx on public.t (actual rows=4096.00 loops=1)
   Output: a, b
   Index Cond: ((t.a >= 30697) AND (t.a <= 32744))
   Index Searches: 1
   Buffers: shared hit=3629
 Settings: enable_bitmapscan = 'off', enable_seqscan = 'off', max_parallel_workers_per_gather = '0'
 Planning:
   Buffers: shared hit=118
 Planning Time: 0.357 ms
 Execution Time: 1.092 ms
(10 rows)

