SET
SET
SET
SET
SET
                                             QUERY PLAN                                             
----------------------------------------------------------------------------------------------------
 Index Scan Backward using idx on public.t (actual rows=8192.00 loops=1)
   Output: a, b
   Index Cond: ((t.a >= 18163) AND (t.a <= 22258))
   Index Searches: 1
   Prefetch: distance=2.130 count=154 stalls=6892 skipped=885 resets=0 ungets=0 forwarded=1
             histogram [2,4) => 147, [4,8) => 7
   Buffers: shared hit=7172 read=120
 Settings: enable_bitmapscan = 'off', enable_seqscan = 'off', max_parallel_workers_per_gather = '0'
 Planning:
   Buffers: shared hit=85 read=28
 Planning Time: 6.306 ms
 Execution Time: 16.003 ms
(12 rows)

SET
SET
SET
SET
SET
                                             QUERY PLAN                                             
----------------------------------------------------------------------------------------------------
 Index Scan Backward using idx on public.t (actual rows=8192.00 loops=1)
   Output: a, b
   Index Cond: ((t.a >= 18163) AND (t.a <= 22258))
   Index Searches: 1
   Buffers: shared hit=7292
 Settings: enable_bitmapscan = 'off', enable_seqscan = 'off', max_parallel_workers_per_gather = '0'
 Planning:
   Buffers: shared hit=118
 Planning Time: 0.366 ms
 Execution Time: 2.233 ms
(10 rows)

