SET
SET
SET
SET
SET
                                             QUERY PLAN                                             
----------------------------------------------------------------------------------------------------
 Index Scan Backward using idx on public.t (actual rows=1024.00 loops=1)
   Output: a, b
   Index Cond: ((t.a >= 14378) AND (t.a <= 14889))
   Index Searches: 1
   Prefetch: distance=2.000 count=16 stalls=752 skipped=117 resets=0 ungets=0 forwarded=0
             histogram [2,4) => 16
   Buffers: shared hit=863 read=35
 Settings: enable_bitmapscan = 'off', enable_seqscan = 'off', max_parallel_workers_per_gather = '0'
 Planning:
   Buffers: shared hit=85 read=28
 Planning Time: 6.050 ms
 Execution Time: 4.505 ms
(12 rows)

SET
SET
SET
SET
SET
                                             QUERY PLAN                                             
----------------------------------------------------------------------------------------------------
 Index Scan Backward using idx on public.t (actual rows=1024.00 loops=1)
   Output: a, b
   Index Cond: ((t.a >= 14378) AND (t.a <= 14889))
   Index Searches: 1
   Buffers: shared hit=898
 Settings: enable_bitmapscan = 'off', enable_seqscan = 'off', max_parallel_workers_per_gather = '0'
 Planning:
   Buffers: shared hit=118
 Planning Time: 0.359 ms
 Execution Time: 0.331 ms
(10 rows)

