SET
SET
SET
SET
SET
                                                                QUERY PLAN                                                                 
-------------------------------------------------------------------------------------------------------------------------------------------
 Index Scan using idx on public.t (actual rows=256.00 loops=1)
   Output: a, b
   Index Cond: ((t.a >= 2637) AND (t.a <= 2764))
   Index Searches: 1
   Prefetch: distance=231.851 count=241 stalls=2 skipped=29 resets=0 ungets=21 forwarded=8
             histogram [2,4) => 2, [4,8) => 3, [8,16) => 10, [16,32) => 12, [32,64) => 2, [64,128) => 2, [128,256) => 36, [256,512) => 174
   Buffers: shared hit=207 read=26
 Settings: enable_bitmapscan = 'off', enable_seqscan = 'off', max_parallel_workers_per_gather = '0'
 Planning:
   Buffers: shared hit=81 read=28
 Planning Time: 6.215 ms
 Execution Time: 2.717 ms
(12 rows)

SET
SET
SET
SET
SET
                                             QUERY PLAN                                             
----------------------------------------------------------------------------------------------------
 Index Scan using idx on public.t (actual rows=256.00 loops=1)
   Output: a, b
   Index Cond: ((t.a >= 2637) AND (t.a <= 2764))
   Index Searches: 1
   Buffers: shared hit=233
 Settings: enable_bitmapscan = 'off', enable_seqscan = 'off', max_parallel_workers_per_gather = '0'
 Planning:
   Buffers: shared hit=114
 Planning Time: 0.440 ms
 Execution Time: 0.211 ms
(10 rows)

