SET
SET
SET
SET
SET
                                             QUERY PLAN                                             
----------------------------------------------------------------------------------------------------
 Index Scan using idx on public.t (actual rows=8192.00 loops=1)
   Output: a, b
   Index Cond: ((t.a >= 31362) AND (t.a <= 35457))
   Index Searches: 1
   Prefetch: distance=2.046 count=152 stalls=6893 skipped=940 resets=0 ungets=0 forwarded=0
             histogram [2,4) => 149, [4,8) => 3
   Buffers: shared hit=7137 read=120
 Settings: enable_bitmapscan = 'off', enable_seqscan = 'off', max_parallel_workers_per_gather = '0'
 Planning:
   Buffers: shared hit=81 read=28
 Planning Time: 6.276 ms
 Execution Time: 6.651 ms
(12 rows)

SET
SET
SET
SET
SET
                                             QUERY PLAN                                             
----------------------------------------------------------------------------------------------------
 Index Scan using idx on public.t (actual rows=8192.00 loops=1)
   Output: a, b
   Index Cond: ((t.a >= 31362) AND (t.a <= 35457))
   Index Searches: 1
   Buffers: shared hit=7257
 Settings: enable_bitmapscan = 'off', enable_seqscan = 'off', max_parallel_workers_per_gather = '0'
 Planning:
   Buffers: shared hit=114
 Planning Time: 0.357 ms
 Execution Time: 2.224 ms
(10 rows)

