SET
SET
SET
SET
SET
                                                                     QUERY PLAN                                                                      
-----------------------------------------------------------------------------------------------------------------------------------------------------
 Index Scan using idx on public.t (actual rows=2048576.00 loops=1)
   Output: a, b
   Index Cond: ((t.a >= 609) AND (t.a <= 1024896))
   Index Searches: 1
   Prefetch: distance=253.891 count=1816343 stalls=1 skipped=245189 resets=0 ungets=12958 forwarded=8390
             histogram [2,4) => 2, [4,8) => 7, [8,16) => 5, [16,32) => 17, [32,64) => 29, [64,128) => 408, [128,256) => 738039, [256,512) => 1077836
   Buffers: shared hit=1783984 read=24214
 Settings: enable_bitmapscan = 'off', enable_seqscan = 'off', max_parallel_workers_per_gather = '0'
 Planning:
   Buffers: shared hit=77 read=28
 Planning Time: 6.297 ms
 Execution Time: 1027.307 ms
(12 rows)

SET
SET
SET
SET
SET
                                             QUERY PLAN                                             
----------------------------------------------------------------------------------------------------
 Index Scan using idx on public.t (actual rows=2048576.00 loops=1)
   Output: a, b
   Index Cond: ((t.a >= 609) AND (t.a <= 1024896))
   Index Searches: 1
   Buffers: shared hit=1808439
 Settings: enable_bitmapscan = 'off', enable_seqscan = 'off', max_parallel_workers_per_gather = '0'
 Planning:
   Buffers: shared hit=110
 Planning Time: 0.418 ms
 Execution Time: 580.530 ms
(10 rows)

