SET
SET
SET
SET
SET
                                             QUERY PLAN                                             
----------------------------------------------------------------------------------------------------
 Index Scan using idx on public.t (actual rows=4096.00 loops=1)
   Output: a, b
   Index Cond: ((t.a >= 23927) AND (t.a <= 25974))
   Index Searches: 1
   Prefetch: distance=2.087 count=80 stalls=3465 skipped=496 resets=0 ungets=0 forwarded=0
             histogram [2,4) => 77, [4,8) => 3
   Buffers: shared hit=3542 read=69
 Settings: enable_bitmapscan = 'off', enable_seqscan = 'off', max_parallel_workers_per_gather = '0'
 Planning:
   Buffers: shared hit=81 read=28
 Planning Time: 6.393 ms
 Execution Time: 5.241 ms
(12 rows)

SET
SET
SET
SET
SET
                                             QUERY PLAN                                             
----------------------------------------------------------------------------------------------------
 Index Scan using idx on public.t (actual rows=4096.00 loops=1)
   Output: a, b
   Index Cond: ((t.a >= 23927) AND (t.a <= 25974))
   Index Searches: 1
   Buffers: shared hit=3611
 Settings: enable_bitmapscan = 'off', enable_seqscan = 'off', max_parallel_workers_per_gather = '0'
 Planning:
   Buffers: shared hit=114
 Planning Time: 0.387 ms
 Execution Time: 1.094 ms
(10 rows)

