SET
SET
SET
SET
SET
                                             QUERY PLAN                                             
----------------------------------------------------------------------------------------------------
 Index Scan using idx on public.t (actual rows=8192.00 loops=1)
   Output: a, b
   Index Cond: ((t.a >= 21871) AND (t.a <= 25966))
   Index Searches: 1
   Prefetch: distance=2.071 count=155 stalls=6928 skipped=1002 resets=0 ungets=0 forwarded=0
             histogram [2,4) => 150, [4,8) => 5
   Buffers: shared hit=7079 read=117
 Settings: enable_bitmapscan = 'off', enable_seqscan = 'off', max_parallel_workers_per_gather = '0'
 Planning:
   Buffers: shared hit=81 read=28
 Planning Time: 6.383 ms
 Execution Time: 6.230 ms
(12 rows)

SET
SET
SET
SET
SET
                                             QUERY PLAN                                             
----------------------------------------------------------------------------------------------------
 Index Scan using idx on public.t (actual rows=8192.00 loops=1)
   Output: a, b
   Index Cond: ((t.a >= 21871) AND (t.a <= 25966))
   Index Searches: 1
   Buffers: shared hit=7196
 Settings: enable_bitmapscan = 'off', enable_seqscan = 'off', max_parallel_workers_per_gather = '0'
 Planning:
   Buffers: shared hit=114
 Planning Time: 0.456 ms
 Execution Time: 2.921 ms
(10 rows)

