SET
SET
SET
SET
SET
                                             QUERY PLAN                                             
----------------------------------------------------------------------------------------------------
 Index Scan using idx on public.t (actual rows=4096.00 loops=1)
   Output: a, b
   Index Cond: ((t.a >= 8890) AND (t.a <= 10937))
   Index Searches: 1
   Prefetch: distance=2.038 count=79 stalls=3475 skipped=457 resets=0 ungets=0 forwarded=0
             histogram [2,4) => 78, [4,8) => 1
   Buffers: shared hit=3573 read=71
 Settings: enable_bitmapscan = 'off', enable_seqscan = 'off', max_parallel_workers_per_gather = '0'
 Planning:
   Buffers: shared hit=81 read=28
 Planning Time: 6.021 ms
 Execution Time: 4.056 ms
(12 rows)

SET
SET
SET
SET
SET
                                             QUERY PLAN                                             
----------------------------------------------------------------------------------------------------
 Index Scan using idx on public.t (actual rows=4096.00 loops=1)
   Output: a, b
   Index Cond: ((t.a >= 8890) AND (t.a <= 10937))
   Index Searches: 1
   Buffers: shared hit=3644
 Settings: enable_bitmapscan = 'off', enable_seqscan = 'off', max_parallel_workers_per_gather = '0'
 Planning:
   Buffers: shared hit=114
 Planning Time: 0.346 ms
 Execution Time: 1.221 ms
(10 rows)

