SET
SET
SET
SET
SET
                                             QUERY PLAN                                             
----------------------------------------------------------------------------------------------------
 Index Scan using idx on public.t (actual rows=1024.00 loops=1)
   Output: a, b
   Index Cond: ((t.a >= 3712) AND (t.a <= 4223))
   Index Searches: 1
   Prefetch: distance=2.000 count=12 stalls=628 skipped=93 resets=0 ungets=0 forwarded=0
             histogram [2,4) => 12
   Buffers: shared hit=869 read=34
 Settings: enable_bitmapscan = 'off', enable_seqscan = 'off', max_parallel_workers_per_gather = '0'
 Planning:
   Buffers: shared hit=81 read=28
 Planning Time: 5.836 ms
 Execution Time: 3.217 ms
(12 rows)

SET
SET
SET
SET
SET
                                             QUERY PLAN                                             
----------------------------------------------------------------------------------------------------
 Index Scan using idx on public.t (actual rows=1024.00 loops=1)
   Output: a, b
   Index Cond: ((t.a >= 3712) AND (t.a <= 4223))
   Index Searches: 1
   Buffers: shared hit=903
 Settings: enable_bitmapscan = 'off', enable_seqscan = 'off', max_parallel_workers_per_gather = '0'
 Planning:
   Buffers: shared hit=114
 Planning Time: 0.340 ms
 Execution Time: 0.376 ms
(10 rows)

