SET
SET
SET
SET
SET
                                             QUERY PLAN                                             
----------------------------------------------------------------------------------------------------
 Index Scan using idx on public.t (actual rows=8192.00 loops=1)
   Output: a, b
   Index Cond: ((t.a >= 4111) AND (t.a <= 8206))
   Index Searches: 1
   Prefetch: distance=2.026 count=151 stalls=6773 skipped=963 resets=0 ungets=0 forwarded=0
             histogram [2,4) => 149, [4,8) => 2
   Buffers: shared hit=7095 read=121
 Settings: enable_bitmapscan = 'off', enable_seqscan = 'off', max_parallel_workers_per_gather = '0'
 Planning:
   Buffers: shared hit=81 read=28
 Planning Time: 5.697 ms
 Execution Time: 6.091 ms
(12 rows)

SET
SET
SET
SET
SET
                                             QUERY PLAN                                             
----------------------------------------------------------------------------------------------------
 Index Scan using idx on public.t (actual rows=8192.00 loops=1)
   Output: a, b
   Index Cond: ((t.a >= 4111) AND (t.a <= 8206))
   Index Searches: 1
   Buffers: shared hit=7216
 Settings: enable_bitmapscan = 'off', enable_seqscan = 'off', max_parallel_workers_per_gather = '0'
 Planning:
   Buffers: shared hit=114
 Planning Time: 0.362 ms
 Execution Time: 2.188 ms
(10 rows)

