SET
SET
SET
SET
SET
                                             QUERY PLAN                                             
----------------------------------------------------------------------------------------------------
 Index Scan using idx on public.t (actual rows=1024.00 loops=1)
   Output: a, b
   Index Cond: ((t.a >= 10401) AND (t.a <= 10912))
   Index Searches: 1
   Prefetch: distance=2.000 count=10 stalls=621 skipped=82 resets=0 ungets=0 forwarded=0
             histogram [2,4) => 10
   Buffers: shared hit=883 read=33
 Settings: enable_bitmapscan = 'off', enable_seqscan = 'off', max_parallel_workers_per_gather = '0'
 Planning:
   Buffers: shared hit=81 read=28
 Planning Time: 6.019 ms
 Execution Time: 2.965 ms
(12 rows)

SET
SET
SET
SET
SET
                                             QUERY PLAN                                             
----------------------------------------------------------------------------------------------------
 Index Scan using idx on public.t (actual rows=1024.00 loops=1)
   Output: a, b
   Index Cond: ((t.a >= 10401) AND (t.a <= 10912))
   Index Searches: 1
   Buffers: shared hit=916
 Settings: enable_bitmapscan = 'off', enable_seqscan = 'off', max_parallel_workers_per_gather = '0'
 Planning:
   Buffers: shared hit=114
 Planning Time: 0.323 ms
 Execution Time: 0.320 ms
(10 rows)

