SET
SET
SET
SET
SET
                                             QUERY PLAN                                             
----------------------------------------------------------------------------------------------------
 Index Scan using idx on public.t (actual rows=2048.00 loops=1)
   Output: a, b
   Index Cond: ((t.a >= 23436) AND (t.a <= 24459))
   Index Searches: 1
   Prefetch: distance=2.097 count=31 stalls=1573 skipped=219 resets=0 ungets=0 forwarded=0
             histogram [2,4) => 30, [4,8) => 1
   Buffers: shared hit=1766 read=45
 Settings: enable_bitmapscan = 'off', enable_seqscan = 'off', max_parallel_workers_per_gather = '0'
 Planning:
   Buffers: shared hit=81 read=28
 Planning Time: 5.749 ms
 Execution Time: 3.500 ms
(12 rows)

SET
SET
SET
SET
SET
                                             QUERY PLAN                                             
----------------------------------------------------------------------------------------------------
 Index Scan using idx on public.t (actual rows=2048.00 loops=1)
   Output: a, b
   Index Cond: ((t.a >= 23436) AND (t.a <= 24459))
   Index Searches: 1
   Buffers: shared hit=1811
 Settings: enable_bitmapscan = 'off', enable_seqscan = 'off', max_parallel_workers_per_gather = '0'
 Planning:
   Buffers: shared hit=114
 Planning Time: 0.416 ms
 Execution Time: 0.659 ms
(10 rows)

