SET
SET
SET
SET
SET
                                             QUERY PLAN                                             
----------------------------------------------------------------------------------------------------
 Index Scan Backward using idx on public.t (actual rows=4096.00 loops=1)
   Output: a, b
   Index Cond: ((t.a >= 22435) AND (t.a <= 22690))
   Index Searches: 1
   Prefetch: distance=2.000 count=90 stalls=2720 skipped=953 resets=0 ungets=0 forwarded=0
             histogram [2,4) => 90
   Buffers: shared hit=2980 read=86
 Settings: enable_bitmapscan = 'off', enable_seqscan = 'off', max_parallel_workers_per_gather = '0'
 Planning:
   Buffers: shared hit=82 read=23
 Planning Time: 5.749 ms
 Execution Time: 9.720 ms
(12 rows)

SET
SET
SET
SET
SET
                                             QUERY PLAN                                             
----------------------------------------------------------------------------------------------------
 Index Scan Backward using idx on public.t (actual rows=4096.00 loops=1)
   Output: a, b
   Index Cond: ((t.a >= 22435) AND (t.a <= 22690))
   Index Searches: 1
   Buffers: shared hit=3066
 Settings: enable_bitmapscan = 'off', enable_seqscan = 'off', max_parallel_workers_per_gather = '0'
 Planning:
   Buffers: shared hit=110
 Planning Time: 0.309 ms
 Execution Time: 1.110 ms
(10 rows)

