SET
SET
SET
SET
SET
                                             QUERY PLAN                                             
----------------------------------------------------------------------------------------------------
 Index Scan using idx on public.t (actual rows=4096.00 loops=1)
   Output: a, b
   Index Cond: ((t.a >= 6768) AND (t.a <= 8815))
   Index Searches: 1
   Prefetch: distance=2.108 count=74 stalls=3292 skipped=461 resets=0 ungets=0 forwarded=0
             histogram [2,4) => 70, [4,8) => 4
   Buffers: shared hit=3535 read=71
 Settings: enable_bitmapscan = 'off', enable_seqscan = 'off', max_parallel_workers_per_gather = '0'
 Planning:
   Buffers: shared hit=81 read=28
 Planning Time: 6.126 ms
 Execution Time: 4.772 ms
(12 rows)

SET
SET
SET
SET
SET
                                             QUERY PLAN                                             
----------------------------------------------------------------------------------------------------
 Index Scan using idx on public.t (actual rows=4096.00 loops=1)
   Output: a, b
   Index Cond: ((t.a >= 6768) AND (t.a <= 8815))
   Index Searches: 1
   Buffers: shared hit=3606
 Settings: enable_bitmapscan = 'off', enable_seqscan = 'off', max_parallel_workers_per_gather = '0'
 Planning:
   Buffers: shared hit=114
 Planning Time: 0.375 ms
 Execution Time: 1.314 ms
(10 rows)

