SET
SET
SET
SET
SET
                                             QUERY PLAN                                             
----------------------------------------------------------------------------------------------------
 Index Scan using idx on public.t (actual rows=2048.00 loops=1)
   Output: a, b
   Index Cond: ((t.a >= 11675) AND (t.a <= 12698))
   Index Searches: 1
   Prefetch: distance=2.081 count=37 stalls=1599 skipped=213 resets=0 ungets=0 forwarded=0
             histogram [2,4) => 36, [4,8) => 1
   Buffers: shared hit=1781 read=47
 Settings: enable_bitmapscan = 'off', enable_seqscan = 'off', max_parallel_workers_per_gather = '0'
 Planning:
   Buffers: shared hit=81 read=28
 Planning Time: 6.036 ms
 Execution Time: 3.705 ms
(12 rows)

SET
SET
SET
SET
SET
                                             QUERY PLAN                                             
----------------------------------------------------------------------------------------------------
 Index Scan using idx on public.t (actual rows=2048.00 loops=1)
   Output: a, b
   Index Cond: ((t.a >= 11675) AND (t.a <= 12698))
   Index Searches: 1
   Buffers: shared hit=1828
 Settings: enable_bitmapscan = 'off', enable_seqscan = 'off', max_parallel_workers_per_gather = '0'
 Planning:
   Buffers: shared hit=114
 Planning Time: 0.384 ms
 Execution Time: 0.669 ms
(10 rows)

