SET
SET
SET
SET
SET
                                             QUERY PLAN                                             
----------------------------------------------------------------------------------------------------
 Index Scan Backward using idx on public.t (actual rows=4096.00 loops=1)
   Output: a, b
   Index Cond: ((t.a >= 4222) AND (t.a <= 6269))
   Index Searches: 1
   Prefetch: distance=2.042 count=71 stalls=3221 skipped=447 resets=0 ungets=0 forwarded=0
             histogram [2,4) => 70, [4,8) => 1
   Buffers: shared hit=3557 read=72
 Settings: enable_bitmapscan = 'off', enable_seqscan = 'off', max_parallel_workers_per_gather = '0'
 Planning:
   Buffers: shared hit=85 read=28
 Planning Time: 6.429 ms
 Execution Time: 8.743 ms
(12 rows)

SET
SET
SET
SET
SET
                                             QUERY PLAN                                             
----------------------------------------------------------------------------------------------------
 Index Scan Backward using idx on public.t (actual rows=4096.00 loops=1)
   Output: a, b
   Index Cond: ((t.a >= 4222) AND (t.a <= 6269))
   Index Searches: 1
   Buffers: shared hit=3629
 Settings: enable_bitmapscan = 'off', enable_seqscan = 'off', max_parallel_workers_per_gather = '0'
 Planning:
   Buffers: shared hit=118
 Planning Time: 0.431 ms
 Execution Time: 1.322 ms
(10 rows)

