SET
SET
SET
SET
SET
                                             QUERY PLAN                                             
----------------------------------------------------------------------------------------------------
 Index Scan Backward using idx on public.t (actual rows=8192.00 loops=1)
   Output: a, b
   Index Cond: ((t.a >= 20424) AND (t.a <= 24519))
   Index Searches: 1
   Prefetch: distance=2.105 count=153 stalls=6787 skipped=935 resets=0 ungets=0 forwarded=0
             histogram [2,4) => 148, [4,8) => 5
   Buffers: shared hit=7122 read=120
 Settings: enable_bitmapscan = 'off', enable_seqscan = 'off', max_parallel_workers_per_gather = '0'
 Planning:
   Buffers: shared hit=85 read=28
 Planning Time: 6.289 ms
 Execution Time: 13.897 ms
(12 rows)

SET
SET
SET
SET
SET
                                             QUERY PLAN                                             
----------------------------------------------------------------------------------------------------
 Index Scan Backward using idx on public.t (actual rows=8192.00 loops=1)
   Output: a, b
   Index Cond: ((t.a >= 20424) AND (t.a <= 24519))
   Index Searches: 1
   Buffers: shared hit=7242
 Settings: enable_bitmapscan = 'off', enable_seqscan = 'off', max_parallel_workers_per_gather = '0'
 Planning:
   Buffers: shared hit=118
 Planning Time: 0.417 ms
 Execution Time: 2.166 ms
(10 rows)

