SET
SET
SET
SET
SET
                                             QUERY PLAN                                             
----------------------------------------------------------------------------------------------------
 Index Scan Backward using idx on public.t (actual rows=8192.00 loops=1)
   Output: a, b
   Index Cond: ((t.a >= 14979) AND (t.a <= 19074))
   Index Searches: 1
   Prefetch: distance=2.062 count=145 stalls=6760 skipped=898 resets=0 ungets=0 forwarded=1
             histogram [2,4) => 142, [4,8) => 3
   Buffers: shared hit=7148 read=119
 Settings: enable_bitmapscan = 'off', enable_seqscan = 'off', max_parallel_workers_per_gather = '0'
 Planning:
   Buffers: shared hit=85 read=28
 Planning Time: 6.346 ms
 Execution Time: 14.052 ms
(12 rows)

SET
SET
SET
SET
SET
                                             QUERY PLAN                                             
----------------------------------------------------------------------------------------------------
 Index Scan Backward using idx on public.t (actual rows=8192.00 loops=1)
   Output: a, b
   Index Cond: ((t.a >= 14979) AND (t.a <= 19074))
   Index Searches: 1
   Buffers: shared hit=7267
 Settings: enable_bitmapscan = 'off', enable_seqscan = 'off', max_parallel_workers_per_gather = '0'
 Planning:
   Buffers: shared hit=118
 Planning Time: 0.350 ms
 Execution Time: 2.206 ms
(10 rows)

