SET
SET
SET
SET
SET
                                             QUERY PLAN                                             
----------------------------------------------------------------------------------------------------
 Index Scan Backward using idx on public.t (actual rows=4096.00 loops=1)
   Output: a, b
   Index Cond: ((t.a >= 12345) AND (t.a <= 14392))
   Index Searches: 1
   Prefetch: distance=2.083 count=72 stalls=3244 skipped=417 resets=0 ungets=0 forwarded=0
             histogram [2,4) => 70, [4,8) => 2
   Buffers: shared hit=3591 read=71
 Settings: enable_bitmapscan = 'off', enable_seqscan = 'off', max_parallel_workers_per_gather = '0'
 Planning:
   Buffers: shared hit=85 read=28
 Planning Time: 5.885 ms
 Execution Time: 8.155 ms
(12 rows)

SET
SET
SET
SET
SET
                                             QUERY PLAN                                             
----------------------------------------------------------------------------------------------------
 Index Scan Backward using idx on public.t (actual rows=4096.00 loops=1)
   Output: a, b
   Index Cond: ((t.a >= 12345) AND (t.a <= 14392))
   Index Searches: 1
   Buffers: shared hit=3662
 Settings: enable_bitmapscan = 'off', enable_seqscan = 'off', max_parallel_workers_per_gather = '0'
 Planning:
   Buffers: shared hit=118
 Planning Time: 0.342 ms
 Execution Time: 1.078 ms
(10 rows)

