SET
SET
SET
SET
SET
                                             QUERY PLAN                                             
----------------------------------------------------------------------------------------------------
 Index Scan Backward using idx on public.t (actual rows=8192.00 loops=1)
   Output: a, b
   Index Cond: ((t.a >= 5847) AND (t.a <= 9942))
   Index Searches: 1
   Prefetch: distance=2.081 count=148 stalls=6719 skipped=930 resets=0 ungets=0 forwarded=0
             histogram [2,4) => 144, [4,8) => 4
   Buffers: shared hit=7131 read=118
 Settings: enable_bitmapscan = 'off', enable_seqscan = 'off', max_parallel_workers_per_gather = '0'
 Planning:
   Buffers: shared hit=85 read=28
 Planning Time: 6.219 ms
 Execution Time: 13.948 ms
(12 rows)

SET
SET
SET
SET
SET
                                             QUERY PLAN                                             
----------------------------------------------------------------------------------------------------
 Index Scan Backward using idx on public.t (actual rows=8192.00 loops=1)
   Output: a, b
   Index Cond: ((t.a >= 5847) AND (t.a <= 9942))
   Index Searches: 1
   Buffers: shared hit=7249
 Settings: enable_bitmapscan = 'off', enable_seqscan = 'off', max_parallel_workers_per_gather = '0'
 Planning:
   Buffers: shared hit=118
 Planning Time: 0.428 ms
 Execution Time: 2.143 ms
(10 rows)

