SET
SET
SET
SET
SET
                                             QUERY PLAN                                             
----------------------------------------------------------------------------------------------------
 Index Scan Backward using idx on public.t (actual rows=4096.00 loops=1)
   Output: a, b
   Index Cond: ((t.a >= 2934) AND (t.a <= 4981))
   Index Searches: 1
   Prefetch: distance=2.040 count=75 stalls=3329 skipped=475 resets=0 ungets=0 forwarded=0
             histogram [2,4) => 74, [4,8) => 1
   Buffers: shared hit=3537 read=71
 Settings: enable_bitmapscan = 'off', enable_seqscan = 'off', max_parallel_workers_per_gather = '0'
 Planning:
   Buffers: shared hit=85 read=28
 Planning Time: 6.229 ms
 Execution Time: 8.120 ms
(12 rows)

SET
SET
SET
SET
SET
                                             QUERY PLAN                                             
----------------------------------------------------------------------------------------------------
 Index Scan Backward using idx on public.t (actual rows=4096.00 loops=1)
   Output: a, b
   Index Cond: ((t.a >= 2934) AND (t.a <= 4981))
   Index Searches: 1
   Buffers: shared hit=3608
 Settings: enable_bitmapscan = 'off', enable_seqscan = 'off', max_parallel_workers_per_gather = '0'
 Planning:
   Buffers: shared hit=118
 Planning Time: 0.353 ms
 Execution Time: 1.098 ms
(10 rows)

