SET
SET
SET
SET
SET
                                             QUERY PLAN                                             
----------------------------------------------------------------------------------------------------
 Index Scan Backward using idx on public.t (actual rows=2048.00 loops=1)
   Output: a, b
   Index Cond: ((t.a >= 29483) AND (t.a <= 30506))
   Index Searches: 1
   Prefetch: distance=2.000 count=38 stalls=1667 skipped=232 resets=0 ungets=0 forwarded=0
             histogram [2,4) => 38
   Buffers: shared hit=1765 read=47
 Settings: enable_bitmapscan = 'off', enable_seqscan = 'off', max_parallel_workers_per_gather = '0'
 Planning:
   Buffers: shared hit=85 read=28
 Planning Time: 6.156 ms
 Execution Time: 5.713 ms
(12 rows)

SET
SET
SET
SET
SET
                                             QUERY PLAN                                             
----------------------------------------------------------------------------------------------------
 Index Scan Backward using idx on public.t (actual rows=2048.00 loops=1)
   Output: a, b
   Index Cond: ((t.a >= 29483) AND (t.a <= 30506))
   Index Searches: 1
   Buffers: shared hit=1812
 Settings: enable_bitmapscan = 'off', enable_seqscan = 'off', max_parallel_workers_per_gather = '0'
 Planning:
   Buffers: shared hit=118
 Planning Time: 0.341 ms
 Execution Time: 0.595 ms
(10 rows)

