SET
SET
SET
SET
SET
                                             QUERY PLAN                                             
----------------------------------------------------------------------------------------------------
 Index Scan Backward using idx on public.t (actual rows=1024.00 loops=1)
   Output: a, b
   Index Cond: ((t.a >= 11436) AND (t.a <= 11947))
   Index Searches: 1
   Prefetch: distance=2.000 count=12 stalls=591 skipped=76 resets=0 ungets=0 forwarded=0
             histogram [2,4) => 12
   Buffers: shared hit=889 read=34
 Settings: enable_bitmapscan = 'off', enable_seqscan = 'off', max_parallel_workers_per_gather = '0'
 Planning:
   Buffers: shared hit=85 read=28
 Planning Time: 6.447 ms
 Execution Time: 4.121 ms
(12 rows)

SET
SET
SET
SET
SET
                                             QUERY PLAN                                             
----------------------------------------------------------------------------------------------------
 Index Scan Backward using idx on public.t (actual rows=1024.00 loops=1)
   Output: a, b
   Index Cond: ((t.a >= 11436) AND (t.a <= 11947))
   Index Searches: 1
   Buffers: shared hit=923
 Settings: enable_bitmapscan = 'off', enable_seqscan = 'off', max_parallel_workers_per_gather = '0'
 Planning:
   Buffers: shared hit=118
 Planning Time: 0.462 ms
 Execution Time: 0.324 ms
(10 rows)

