SET
SET
SET
SET
SET
                                                                   QUERY PLAN                                                                   
------------------------------------------------------------------------------------------------------------------------------------------------
 Index Scan Backward using idx on public.t (actual rows=65536.00 loops=1)
   Output: a, b
   Index Cond: ((t.a >= 2557) AND (t.a <= 35324))
   Index Searches: 1
   Prefetch: distance=258.239 count=59117 stalls=1 skipped=7730 resets=0 ungets=1315 forwarded=52
             histogram [2,4) => 4, [4,8) => 5, [8,16) => 5, [16,32) => 17, [32,64) => 11, [64,128) => 2, [128,256) => 18374, [256,512) => 40699
   Buffers: shared hit=57177 read=796
 Settings: enable_bitmapscan = 'off', enable_seqscan = 'off', max_parallel_workers_per_gather = '0'
 Planning:
   Buffers: shared hit=85 read=28
 Planning Time: 6.076 ms
 Execution Time: 52.946 ms
(12 rows)

SET
SET
SET
SET
SET
                                             QUERY PLAN                                             
----------------------------------------------------------------------------------------------------
 Index Scan Backward using idx on public.t (actual rows=65536.00 loops=1)
   Output: a, b
   Index Cond: ((t.a >= 2557) AND (t.a <= 35324))
   Index Searches: 1
   Buffers: shared hit=57973
 Settings: enable_bitmapscan = 'off', enable_seqscan = 'off', max_parallel_workers_per_gather = '0'
 Planning:
   Buffers: shared hit=118
 Planning Time: 0.358 ms
 Execution Time: 14.918 ms
(10 rows)

