SET
SET
SET
SET
SET
                                             QUERY PLAN                                             
----------------------------------------------------------------------------------------------------
 Index Scan Backward using idx on public.t (actual rows=512.00 loops=1)
   Output: a, b
   Index Cond: ((t.a >= 11978) AND (t.a <= 12233))
   Index Searches: 1
   Prefetch: distance=2.000 count=6 stalls=350 skipped=51 resets=0 ungets=0 forwarded=0
             histogram [2,4) => 6
   Buffers: shared hit=426 read=29
 Settings: enable_bitmapscan = 'off', enable_seqscan = 'off', max_parallel_workers_per_gather = '0'
 Planning:
   Buffers: shared hit=85 read=28
 Planning Time: 6.565 ms
 Execution Time: 3.721 ms
(12 rows)

SET
SET
SET
SET
SET
                                             QUERY PLAN                                             
----------------------------------------------------------------------------------------------------
 Index Scan Backward using idx on public.t (actual rows=512.00 loops=1)
   Output: a, b
   Index Cond: ((t.a >= 11978) AND (t.a <= 12233))
   Index Searches: 1
   Buffers: shared hit=455
 Settings: enable_bitmapscan = 'off', enable_seqscan = 'off', max_parallel_workers_per_gather = '0'
 Planning:
   Buffers: shared hit=118
 Planning Time: 0.455 ms
 Execution Time: 0.196 ms
(10 rows)

