SET
SET
SET
SET
SET
                                             QUERY PLAN                                             
----------------------------------------------------------------------------------------------------
 Index Scan Backward using idx on public.t (actual rows=8192.00 loops=1)
   Output: a, b
   Index Cond: ((t.a >= 27324) AND (t.a <= 31419))
   Index Searches: 1
   Prefetch: distance=2.041 count=146 stalls=6784 skipped=949 resets=0 ungets=0 forwarded=0
             histogram [2,4) => 144, [4,8) => 2
   Buffers: shared hit=7110 read=120
 Settings: enable_bitmapscan = 'off', enable_seqscan = 'off', max_parallel_workers_per_gather = '0'
 Planning:
   Buffers: shared hit=85 read=28
 Planning Time: 6.268 ms
 Execution Time: 14.084 ms
(12 rows)

SET
SET
SET
SET
SET
                                             QUERY PLAN                                             
----------------------------------------------------------------------------------------------------
 Index Scan Backward using idx on public.t (actual rows=8192.00 loops=1)
   Output: a, b
   Index Cond: ((t.a >= 27324) AND (t.a <= 31419))
   Index Searches: 1
   Buffers: shared hit=7230
 Settings: enable_bitmapscan = 'off', enable_seqscan = 'off', max_parallel_workers_per_gather = '0'
 Planning:
   Buffers: shared hit=118
 Planning Time: 0.393 ms
 Execution Time: 2.167 ms
(10 rows)

