SET
SET
SET
SET
SET
                                             QUERY PLAN                                             
----------------------------------------------------------------------------------------------------
 Index Scan Backward using idx on public.t (actual rows=4096.00 loops=1)
   Output: a, b
   Index Cond: ((t.a >= 21595) AND (t.a <= 23642))
   Index Searches: 1
   Prefetch: distance=2.095 count=74 stalls=3355 skipped=480 resets=0 ungets=0 forwarded=0
             histogram [2,4) => 72, [4,8) => 2
   Buffers: shared hit=3538 read=71
 Settings: enable_bitmapscan = 'off', enable_seqscan = 'off', max_parallel_workers_per_gather = '0'
 Planning:
   Buffers: shared hit=85 read=28
 Planning Time: 6.442 ms
 Execution Time: 8.342 ms
(12 rows)

SET
SET
SET
SET
SET
                                             QUERY PLAN                                             
----------------------------------------------------------------------------------------------------
 Index Scan Backward using idx on public.t (actual rows=4096.00 loops=1)
   Output: a, b
   Index Cond: ((t.a >= 21595) AND (t.a <= 23642))
   Index Searches: 1
   Buffers: shared hit=3609
 Settings: enable_bitmapscan = 'off', enable_seqscan = 'off', max_parallel_workers_per_gather = '0'
 Planning:
   Buffers: shared hit=118
 Planning Time: 0.350 ms
 Execution Time: 1.088 ms
(10 rows)

