SET
SET
SET
SET
SET
                                                                     QUERY PLAN                                                                      
-----------------------------------------------------------------------------------------------------------------------------------------------------
 Index Scan Backward using idx on public.t (actual rows=5048576.00 loops=1)
   Output: a, b
   Index Cond: ((t.a >= 4688) AND (t.a <= 2528975))
   Index Searches: 1
   Prefetch: distance=258.567 count=4554624 stalls=1 skipped=604125 resets=0 ungets=110175 forwarded=5192
             histogram [2,4) => 2, [4,8) => 6, [8,16) => 7, [16,32) => 11, [32,64) => 4, [64,128) => 116, [128,256) => 1380083, [256,512) => 3174395
   Buffers: shared hit=4397124 read=59641
 Settings: enable_bitmapscan = 'off', enable_seqscan = 'off', max_parallel_workers_per_gather = '0'
 Planning:
   Buffers: shared hit=81 read=28
 Planning Time: 6.470 ms
 Execution Time: 3724.997 ms
(12 rows)

SET
SET
SET
SET
SET
                                             QUERY PLAN                                             
----------------------------------------------------------------------------------------------------
 Index Scan Backward using idx on public.t (actual rows=5048576.00 loops=1)
   Output: a, b
   Index Cond: ((t.a >= 4688) AND (t.a <= 2528975))
   Index Searches: 1
   Buffers: shared hit=4456892
 Settings: enable_bitmapscan = 'off', enable_seqscan = 'off', max_parallel_workers_per_gather = '0'
 Planning:
   Buffers: shared hit=114
 Planning Time: 0.419 ms
 Execution Time: 1406.202 ms
(10 rows)

