SET
SET
SET
SET
SET
                                             QUERY PLAN                                             
----------------------------------------------------------------------------------------------------
 Index Scan Backward using idx on public.t (actual rows=4096.00 loops=1)
   Output: a, b
   Index Cond: ((t.a >= 11002) AND (t.a <= 13049))
   Index Searches: 1
   Prefetch: distance=2.120 count=75 stalls=3437 skipped=471 resets=0 ungets=0 forwarded=0
             histogram [2,4) => 72, [4,8) => 3
   Buffers: shared hit=3563 read=71
 Settings: enable_bitmapscan = 'off', enable_seqscan = 'off', max_parallel_workers_per_gather = '0'
 Planning:
   Buffers: shared hit=85 read=28
 Planning Time: 6.667 ms
 Execution Time: 7.877 ms
(12 rows)

SET
SET
SET
SET
SET
                                             QUERY PLAN                                             
----------------------------------------------------------------------------------------------------
 Index Scan Backward using idx on public.t (actual rows=4096.00 loops=1)
   Output: a, b
   Index Cond: ((t.a >= 11002) AND (t.a <= 13049))
   Index Searches: 1
   Buffers: shared hit=3634
 Settings: enable_bitmapscan = 'off', enable_seqscan = 'off', max_parallel_workers_per_gather = '0'
 Planning:
   Buffers: shared hit=118
 Planning Time: 0.430 ms
 Execution Time: 1.077 ms
(10 rows)

