SET
SET
SET
SET
SET
                                             QUERY PLAN                                             
----------------------------------------------------------------------------------------------------
 Index Scan Backward using idx on public.t (actual rows=8192.00 loops=1)
   Output: a, b
   Index Cond: ((t.a >= 1481) AND (t.a <= 5576))
   Index Searches: 1
   Prefetch: distance=2.078 count=154 stalls=6849 skipped=1000 resets=0 ungets=0 forwarded=0
             histogram [2,4) => 150, [4,8) => 4
   Buffers: shared hit=7064 read=120
 Settings: enable_bitmapscan = 'off', enable_seqscan = 'off', max_parallel_workers_per_gather = '0'
 Planning:
   Buffers: shared hit=85 read=28
 Planning Time: 6.604 ms
 Execution Time: 13.977 ms
(12 rows)

SET
SET
SET
SET
SET
                                             QUERY PLAN                                             
----------------------------------------------------------------------------------------------------
 Index Scan Backward using idx on public.t (actual rows=8192.00 loops=1)
   Output: a, b
   Index Cond: ((t.a >= 1481) AND (t.a <= 5576))
   Index Searches: 1
   Buffers: shared hit=7184
 Settings: enable_bitmapscan = 'off', enable_seqscan = 'off', max_parallel_workers_per_gather = '0'
 Planning:
   Buffers: shared hit=118
 Planning Time: 0.363 ms
 Execution Time: 2.172 ms
(10 rows)

