SET
SET
SET
SET
SET
                                                                 QUERY PLAN                                                                 
--------------------------------------------------------------------------------------------------------------------------------------------
 Index Scan Backward using idx on public.t (actual rows=1024.00 loops=1)
   Output: a, b
   Index Cond: ((t.a >= 20805) AND (t.a <= 21316))
   Index Searches: 1
   Prefetch: distance=247.871 count=957 stalls=1 skipped=115 resets=0 ungets=50 forwarded=2
             histogram [2,4) => 2, [4,8) => 5, [8,16) => 7, [16,32) => 16, [32,64) => 20, [64,128) => 2, [128,256) => 227, [256,512) => 678
   Buffers: shared hit=883 read=35
 Settings: enable_bitmapscan = 'off', enable_seqscan = 'off', max_parallel_workers_per_gather = '0'
 Planning:
   Buffers: shared hit=85 read=28
 Planning Time: 6.512 ms
 Execution Time: 2.947 ms
(12 rows)

SET
SET
SET
SET
SET
                                             QUERY PLAN                                             
----------------------------------------------------------------------------------------------------
 Index Scan Backward using idx on public.t (actual rows=1024.00 loops=1)
   Output: a, b
   Index Cond: ((t.a >= 20805) AND (t.a <= 21316))
   Index Searches: 1
   Buffers: shared hit=918
 Settings: enable_bitmapscan = 'off', enable_seqscan = 'off', max_parallel_workers_per_gather = '0'
 Planning:
   Buffers: shared hit=118
 Planning Time: 0.352 ms
 Execution Time: 0.429 ms
(10 rows)

