SET
SET
SET
SET
SET
                                             QUERY PLAN                                             
----------------------------------------------------------------------------------------------------
 Index Scan Backward using idx on public.t (actual rows=1024.00 loops=1)
   Output: a, b
   Index Cond: ((t.a >= 24529) AND (t.a <= 25040))
   Index Searches: 1
   Prefetch: distance=2.000 count=16 stalls=619 skipped=100 resets=0 ungets=0 forwarded=0
             histogram [2,4) => 16
   Buffers: shared hit=858 read=36
 Settings: enable_bitmapscan = 'off', enable_seqscan = 'off', max_parallel_workers_per_gather = '0'
 Planning:
   Buffers: shared hit=82 read=26
 Planning Time: 6.437 ms
 Execution Time: 3.611 ms
(12 rows)

SET
SET
SET
SET
SET
                                             QUERY PLAN                                             
----------------------------------------------------------------------------------------------------
 Index Scan Backward using idx on public.t (actual rows=1024.00 loops=1)
   Output: a, b
   Index Cond: ((t.a >= 24529) AND (t.a <= 25040))
   Index Searches: 1
   Buffers: shared hit=894
 Settings: enable_bitmapscan = 'off', enable_seqscan = 'off', max_parallel_workers_per_gather = '0'
 Planning:
   Buffers: shared hit=113
 Planning Time: 0.580 ms
 Execution Time: 0.479 ms
(10 rows)

