SET
SET
SET
SET
SET
                                             QUERY PLAN                                             
----------------------------------------------------------------------------------------------------
 Index Scan Backward using idx on public.t (actual rows=8192.00 loops=1)
   Output: a, b
   Index Cond: ((t.a >= 1533) AND (t.a <= 5628))
   Index Searches: 1
   Prefetch: distance=2.020 count=147 stalls=6679 skipped=963 resets=0 ungets=0 forwarded=0
             histogram [2,4) => 146, [4,8) => 1
   Buffers: shared hit=7084 read=119
 Settings: enable_bitmapscan = 'off', enable_seqscan = 'off', max_parallel_workers_per_gather = '0'
 Planning:
   Buffers: shared hit=82 read=26
 Planning Time: 6.570 ms
 Execution Time: 9.267 ms
(12 rows)

SET
SET
SET
SET
SET
                                             QUERY PLAN                                             
----------------------------------------------------------------------------------------------------
 Index Scan Backward using idx on public.t (actual rows=8192.00 loops=1)
   Output: a, b
   Index Cond: ((t.a >= 1533) AND (t.a <= 5628))
   Index Searches: 1
   Buffers: shared hit=7203
 Settings: enable_bitmapscan = 'off', enable_seqscan = 'off', max_parallel_workers_per_gather = '0'
 Planning:
   Buffers: shared hit=113
 Planning Time: 0.348 ms
 Execution Time: 2.008 ms
(10 rows)

