SET
SET
SET
SET
SET
                                             QUERY PLAN                                             
----------------------------------------------------------------------------------------------------
 Index Scan Backward using idx on public.t (actual rows=8192.00 loops=1)
   Output: a, b
   Index Cond: ((t.a >= 2553) AND (t.a <= 6648))
   Index Searches: 1
   Prefetch: distance=2.021 count=145 stalls=6730 skipped=924 resets=0 ungets=0 forwarded=0
             histogram [2,4) => 144, [4,8) => 1
   Buffers: shared hit=7132 read=119
 Settings: enable_bitmapscan = 'off', enable_seqscan = 'off', max_parallel_workers_per_gather = '0'
 Planning:
   Buffers: shared hit=82 read=26
 Planning Time: 6.376 ms
 Execution Time: 9.771 ms
(12 rows)

SET
SET
SET
SET
SET
                                             QUERY PLAN                                             
----------------------------------------------------------------------------------------------------
 Index Scan Backward using idx on public.t (actual rows=8192.00 loops=1)
   Output: a, b
   Index Cond: ((t.a >= 2553) AND (t.a <= 6648))
   Index Searches: 1
   Buffers: shared hit=7251
 Settings: enable_bitmapscan = 'off', enable_seqscan = 'off', max_parallel_workers_per_gather = '0'
 Planning:
   Buffers: shared hit=113
 Planning Time: 0.424 ms
 Execution Time: 2.063 ms
(10 rows)

