SET
SET
SET
SET
SET
                                             QUERY PLAN                                             
----------------------------------------------------------------------------------------------------
 Index Scan Backward using idx on public.t (actual rows=1024.00 loops=1)
   Output: a, b
   Index Cond: ((t.a >= 14508) AND (t.a <= 15019))
   Index Searches: 1
   Prefetch: distance=2.111 count=27 stalls=867 skipped=99 resets=0 ungets=0 forwarded=0
             histogram [2,4) => 26, [4,8) => 1
   Buffers: shared hit=895 read=35
 Settings: enable_bitmapscan = 'off', enable_seqscan = 'off', max_parallel_workers_per_gather = '0'
 Planning:
   Buffers: shared hit=82 read=26
 Planning Time: 6.696 ms
 Execution Time: 3.691 ms
(12 rows)

SET
SET
SET
SET
SET
                                             QUERY PLAN                                             
----------------------------------------------------------------------------------------------------
 Index Scan Backward using idx on public.t (actual rows=1024.00 loops=1)
   Output: a, b
   Index Cond: ((t.a >= 14508) AND (t.a <= 15019))
   Index Searches: 1
   Buffers: shared hit=930
 Settings: enable_bitmapscan = 'off', enable_seqscan = 'off', max_parallel_workers_per_gather = '0'
 Planning:
   Buffers: shared hit=113
 Planning Time: 0.394 ms
 Execution Time: 0.349 ms
(10 rows)

