SET
SET
SET
SET
SET
                                             QUERY PLAN                                             
----------------------------------------------------------------------------------------------------
 Index Scan Backward using idx on public.t (actual rows=1024.00 loops=1)
   Output: a, b
   Index Cond: ((t.a >= 32662) AND (t.a <= 32725))
   Index Searches: 1
   Prefetch: distance=2.250 count=24 stalls=579 skipped=202 resets=0 ungets=0 forwarded=0
             histogram [2,4) => 22, [4,8) => 2
   Buffers: shared hit=727 read=41
 Settings: enable_bitmapscan = 'off', enable_seqscan = 'off', max_parallel_workers_per_gather = '0'
 Planning:
   Buffers: shared hit=82 read=23
 Planning Time: 5.969 ms
 Execution Time: 4.288 ms
(12 rows)

SET
SET
SET
SET
SET
                                             QUERY PLAN                                             
----------------------------------------------------------------------------------------------------
 Index Scan Backward using idx on public.t (actual rows=1024.00 loops=1)
   Output: a, b
   Index Cond: ((t.a >= 32662) AND (t.a <= 32725))
   Index Searches: 1
   Buffers: shared hit=768
 Settings: enable_bitmapscan = 'off', enable_seqscan = 'off', max_parallel_workers_per_gather = '0'
 Planning:
   Buffers: shared hit=110
 Planning Time: 0.331 ms
 Execution Time: 0.332 ms
(10 rows)

