SET
SET
SET
SET
SET
                                                                  QUERY PLAN                                                                  
----------------------------------------------------------------------------------------------------------------------------------------------
 Index Scan Backward using idx on public.t (actual rows=4096.00 loops=1)
   Output: a, b
   Index Cond: ((t.a >= 16376) AND (t.a <= 16631))
   Index Searches: 1
   Prefetch: distance=254.629 count=3346 stalls=1 skipped=1002 resets=0 ungets=266 forwarded=0
             histogram [2,4) => 8, [4,8) => 7, [8,16) => 7, [16,32) => 19, [32,64) => 25, [64,128) => 58, [128,256) => 501, [256,512) => 2721
   Buffers: shared hit=3021 read=87
 Settings: enable_bitmapscan = 'off', enable_seqscan = 'off', max_parallel_workers_per_gather = '0'
 Planning:
   Buffers: shared hit=82 read=23
 Planning Time: 5.555 ms
 Execution Time: 6.613 ms
(12 rows)

SET
SET
SET
SET
SET
                                             QUERY PLAN                                             
----------------------------------------------------------------------------------------------------
 Index Scan Backward using idx on public.t (actual rows=4096.00 loops=1)
   Output: a, b
   Index Cond: ((t.a >= 16376) AND (t.a <= 16631))
   Index Searches: 1
   Buffers: shared hit=3108
 Settings: enable_bitmapscan = 'off', enable_seqscan = 'off', max_parallel_workers_per_gather = '0'
 Planning:
   Buffers: shared hit=110
 Planning Time: 0.369 ms
 Execution Time: 1.067 ms
(10 rows)

