SET
SET
SET
SET
SET
                                             QUERY PLAN                                             
----------------------------------------------------------------------------------------------------
 Index Scan Backward using idx on public.t (actual rows=1024.00 loops=1)
   Output: a, b
   Index Cond: ((t.a >= 17607) AND (t.a <= 18118))
   Index Searches: 1
   Prefetch: distance=2.000 count=14 stalls=587 skipped=94 resets=0 ungets=0 forwarded=0
             histogram [2,4) => 14
   Buffers: shared hit=865 read=33
 Settings: enable_bitmapscan = 'off', enable_seqscan = 'off', max_parallel_workers_per_gather = '0'
 Planning:
   Buffers: shared hit=82 read=26
 Planning Time: 6.526 ms
 Execution Time: 4.419 ms
(12 rows)

SET
SET
SET
SET
SET
                                             QUERY PLAN                                             
----------------------------------------------------------------------------------------------------
 Index Scan Backward using idx on public.t (actual rows=1024.00 loops=1)
   Output: a, b
   Index Cond: ((t.a >= 17607) AND (t.a <= 18118))
   Index Searches: 1
   Buffers: shared hit=898
 Settings: enable_bitmapscan = 'off', enable_seqscan = 'off', max_parallel_workers_per_gather = '0'
 Planning:
   Buffers: shared hit=113
 Planning Time: 0.524 ms
 Execution Time: 0.467 ms
(10 rows)

