SET
SET
SET
SET
SET
                                             QUERY PLAN                                             
----------------------------------------------------------------------------------------------------
 Index Scan Backward using idx on public.t (actual rows=512.00 loops=1)
   Output: a, b
   Index Cond: ((t.a >= 630) AND (t.a <= 885))
   Index Searches: 1
   Prefetch: distance=2.000 count=6 stalls=285 skipped=40 resets=0 ungets=0 forwarded=0
             histogram [2,4) => 6
   Buffers: shared hit=428 read=28
 Settings: enable_bitmapscan = 'off', enable_seqscan = 'off', max_parallel_workers_per_gather = '0'
 Planning:
   Buffers: shared hit=82 read=26
 Planning Time: 6.521 ms
 Execution Time: 3.345 ms
(12 rows)

SET
SET
SET
SET
SET
                                             QUERY PLAN                                             
----------------------------------------------------------------------------------------------------
 Index Scan Backward using idx on public.t (actual rows=512.00 loops=1)
   Output: a, b
   Index Cond: ((t.a >= 630) AND (t.a <= 885))
   Index Searches: 1
   Buffers: shared hit=456
 Settings: enable_bitmapscan = 'off', enable_seqscan = 'off', max_parallel_workers_per_gather = '0'
 Planning:
   Buffers: shared hit=113
 Planning Time: 0.353 ms
 Execution Time: 0.203 ms
(10 rows)

