SET
SET
SET
SET
SET
                                             QUERY PLAN                                             
----------------------------------------------------------------------------------------------------
 Index Scan Backward using idx on public.t (actual rows=256.00 loops=1)
   Output: a, b
   Index Cond: ((t.a >= 28075) AND (t.a <= 28202))
   Index Searches: 1
   Prefetch: distance=2.000 count=4 stalls=138 skipped=15 resets=0 ungets=0 forwarded=0
             histogram [2,4) => 4
   Buffers: shared hit=210 read=25
 Settings: enable_bitmapscan = 'off', enable_seqscan = 'off', max_parallel_workers_per_gather = '0'
 Planning:
   Buffers: shared hit=82 read=26
 Planning Time: 5.935 ms
 Execution Time: 3.191 ms
(12 rows)

SET
SET
SET
SET
SET
                                             QUERY PLAN                                             
----------------------------------------------------------------------------------------------------
 Index Scan Backward using idx on public.t (actual rows=256.00 loops=1)
   Output: a, b
   Index Cond: ((t.a >= 28075) AND (t.a <= 28202))
   Index Searches: 1
   Buffers: shared hit=235
 Settings: enable_bitmapscan = 'off', enable_seqscan = 'off', max_parallel_workers_per_gather = '0'
 Planning:
   Buffers: shared hit=113
 Planning Time: 0.467 ms
 Execution Time: 0.200 ms
(10 rows)

