SET
SET
SET
SET
SET
                                                QUERY PLAN                                                
----------------------------------------------------------------------------------------------------------
 Index Scan Backward using idx on public.t (actual rows=128.00 loops=1)
   Output: a, b
   Index Cond: ((t.a >= 16346) AND (t.a <= 16409))
   Index Searches: 1
   Prefetch: distance=37.367 count=98 stalls=5 skipped=16 resets=0 ungets=0 forwarded=0
             histogram [2,4) => 6, [4,8) => 6, [8,16) => 15, [16,32) => 18, [32,64) => 39, [64,128) => 14
   Buffers: shared hit=95 read=24
 Settings: enable_bitmapscan = 'off', enable_seqscan = 'off', max_parallel_workers_per_gather = '0'
 Planning:
   Buffers: shared hit=82 read=26
 Planning Time: 6.331 ms
 Execution Time: 2.994 ms
(12 rows)

SET
SET
SET
SET
SET
                                             QUERY PLAN                                             
----------------------------------------------------------------------------------------------------
 Index Scan Backward using idx on public.t (actual rows=128.00 loops=1)
   Output: a, b
   Index Cond: ((t.a >= 16346) AND (t.a <= 16409))
   Index Searches: 1
   Buffers: shared hit=119
 Settings: enable_bitmapscan = 'off', enable_seqscan = 'off', max_parallel_workers_per_gather = '0'
 Planning:
   Buffers: shared hit=113
 Planning Time: 0.349 ms
 Execution Time: 0.115 ms
(10 rows)

