SET
SET
SET
SET
SET
                                             QUERY PLAN                                             
----------------------------------------------------------------------------------------------------
 Index Scan Backward using idx on public.t (actual rows=8192.00 loops=1)
   Output: a, b
   Index Cond: ((t.a >= 30711) AND (t.a <= 34806))
   Index Searches: 1
   Prefetch: distance=2.077 count=156 stalls=6999 skipped=932 resets=0 ungets=0 forwarded=0
             histogram [2,4) => 152, [4,8) => 4
   Buffers: shared hit=7152 read=119
 Settings: enable_bitmapscan = 'off', enable_seqscan = 'off', max_parallel_workers_per_gather = '0'
 Planning:
   Buffers: shared hit=82 read=26
 Planning Time: 5.987 ms
 Execution Time: 8.959 ms
(12 rows)

SET
SET
SET
SET
SET
                                             QUERY PLAN                                             
----------------------------------------------------------------------------------------------------
 Index Scan Backward using idx on public.t (actual rows=8192.00 loops=1)
   Output: a, b
   Index Cond: ((t.a >= 30711) AND (t.a <= 34806))
   Index Searches: 1
   Buffers: shared hit=7271
 Settings: enable_bitmapscan = 'off', enable_seqscan = 'off', max_parallel_workers_per_gather = '0'
 Planning:
   Buffers: shared hit=113
 Planning Time: 0.349 ms
 Execution Time: 2.062 ms
(10 rows)

