SET
SET
SET
SET
SET
                                                                  QUERY PLAN                                                                  
----------------------------------------------------------------------------------------------------------------------------------------------
 Index Scan Backward using idx on public.t (actual rows=2048.00 loops=1)
   Output: a, b
   Index Cond: ((t.a >= 1326) AND (t.a <= 2349))
   Index Searches: 1
   Prefetch: distance=237.066 count=1789 stalls=1 skipped=266 resets=0 ungets=13 forwarded=1
             histogram [2,4) => 2, [4,8) => 5, [8,16) => 10, [16,32) => 19, [32,64) => 16, [64,128) => 13, [128,256) => 955, [256,512) => 769
   Buffers: shared hit=1743 read=49
 Settings: enable_bitmapscan = 'off', enable_seqscan = 'off', max_parallel_workers_per_gather = '0'
 Planning:
   Buffers: shared hit=82 read=26
 Planning Time: 6.081 ms
 Execution Time: 4.292 ms
(12 rows)

SET
SET
SET
SET
SET
                                             QUERY PLAN                                             
----------------------------------------------------------------------------------------------------
 Index Scan Backward using idx on public.t (actual rows=2048.00 loops=1)
   Output: a, b
   Index Cond: ((t.a >= 1326) AND (t.a <= 2349))
   Index Searches: 1
   Buffers: shared hit=1792
 Settings: enable_bitmapscan = 'off', enable_seqscan = 'off', max_parallel_workers_per_gather = '0'
 Planning:
   Buffers: shared hit=113
 Planning Time: 0.349 ms
 Execution Time: 0.585 ms
(10 rows)

