SET
SET
SET
SET
SET
                                             QUERY PLAN                                             
----------------------------------------------------------------------------------------------------
 Index Scan Backward using idx on public.t (actual rows=2048.00 loops=1)
   Output: a, b
   Index Cond: ((t.a >= 19080) AND (t.a <= 20103))
   Index Searches: 1
   Prefetch: distance=2.000 count=32 stalls=1570 skipped=221 resets=0 ungets=0 forwarded=0
             histogram [2,4) => 32
   Buffers: shared hit=1773 read=45
 Settings: enable_bitmapscan = 'off', enable_seqscan = 'off', max_parallel_workers_per_gather = '0'
 Planning:
   Buffers: shared hit=82 read=26
 Planning Time: 6.392 ms
 Execution Time: 5.279 ms
(12 rows)

SET
SET
SET
SET
SET
                                             QUERY PLAN                                             
----------------------------------------------------------------------------------------------------
 Index Scan Backward using idx on public.t (actual rows=2048.00 loops=1)
   Output: a, b
   Index Cond: ((t.a >= 19080) AND (t.a <= 20103))
   Index Searches: 1
   Buffers: shared hit=1818
 Settings: enable_bitmapscan = 'off', enable_seqscan = 'off', max_parallel_workers_per_gather = '0'
 Planning:
   Buffers: shared hit=113
 Planning Time: 0.460 ms
 Execution Time: 0.572 ms
(10 rows)

