SET
SET
SET
SET
SET
                                             QUERY PLAN                                             
----------------------------------------------------------------------------------------------------
 Index Scan Backward using idx on public.t (actual rows=256.00 loops=1)
   Output: a, b
   Index Cond: ((t.a >= 23175) AND (t.a <= 23302))
   Index Searches: 1
   Prefetch: distance=2.000 count=4 stalls=83 skipped=14 resets=0 ungets=0 forwarded=0
             histogram [2,4) => 4
   Buffers: shared hit=201 read=26
 Settings: enable_bitmapscan = 'off', enable_seqscan = 'off', max_parallel_workers_per_gather = '0'
 Planning:
   Buffers: shared hit=82 read=26
 Planning Time: 6.084 ms
 Execution Time: 3.345 ms
(12 rows)

SET
SET
SET
SET
SET
                                             QUERY PLAN                                             
----------------------------------------------------------------------------------------------------
 Index Scan Backward using idx on public.t (actual rows=256.00 loops=1)
   Output: a, b
   Index Cond: ((t.a >= 23175) AND (t.a <= 23302))
   Index Searches: 1
   Buffers: shared hit=227
 Settings: enable_bitmapscan = 'off', enable_seqscan = 'off', max_parallel_workers_per_gather = '0'
 Planning:
   Buffers: shared hit=113
 Planning Time: 0.454 ms
 Execution Time: 0.138 ms
(10 rows)

