SET
SET
SET
SET
SET
                                             QUERY PLAN                                             
----------------------------------------------------------------------------------------------------
 Index Scan Backward using idx on public.t (actual rows=8192.00 loops=1)
   Output: a, b
   Index Cond: ((t.a >= 31095) AND (t.a <= 35190))
   Index Searches: 1
   Prefetch: distance=2.079 count=152 stalls=6971 skipped=918 resets=0 ungets=0 forwarded=0
             histogram [2,4) => 148, [4,8) => 4
   Buffers: shared hit=7169 read=118
 Settings: enable_bitmapscan = 'off', enable_seqscan = 'off', max_parallel_workers_per_gather = '0'
 Planning:
   Buffers: shared hit=82 read=26
 Planning Time: 6.499 ms
 Execution Time: 8.532 ms
(12 rows)

SET
SET
SET
SET
SET
                                             QUERY PLAN                                             
----------------------------------------------------------------------------------------------------
 Index Scan Backward using idx on public.t (actual rows=8192.00 loops=1)
   Output: a, b
   Index Cond: ((t.a >= 31095) AND (t.a <= 35190))
   Index Searches: 1
   Buffers: shared hit=7287
 Settings: enable_bitmapscan = 'off', enable_seqscan = 'off', max_parallel_workers_per_gather = '0'
 Planning:
   Buffers: shared hit=113
 Planning Time: 0.342 ms
 Execution Time: 2.057 ms
(10 rows)

