SET
SET
SET
SET
SET
                                             QUERY PLAN                                             
----------------------------------------------------------------------------------------------------
 Index Scan Backward using idx on public.t (actual rows=4096.00 loops=1)
   Output: a, b
   Index Cond: ((t.a >= 29149) AND (t.a <= 31196))
   Index Searches: 1
   Prefetch: distance=2.042 count=71 stalls=3161 skipped=477 resets=0 ungets=0 forwarded=0
             histogram [2,4) => 70, [4,8) => 1
   Buffers: shared hit=3506 read=71
 Settings: enable_bitmapscan = 'off', enable_seqscan = 'off', max_parallel_workers_per_gather = '0'
 Planning:
   Buffers: shared hit=82 read=26
 Planning Time: 6.308 ms
 Execution Time: 5.661 ms
(12 rows)

SET
SET
SET
SET
SET
                                             QUERY PLAN                                             
----------------------------------------------------------------------------------------------------
 Index Scan Backward using idx on public.t (actual rows=4096.00 loops=1)
   Output: a, b
   Index Cond: ((t.a >= 29149) AND (t.a <= 31196))
   Index Searches: 1
   Buffers: shared hit=3577
 Settings: enable_bitmapscan = 'off', enable_seqscan = 'off', max_parallel_workers_per_gather = '0'
 Planning:
   Buffers: shared hit=113
 Planning Time: 0.352 ms
 Execution Time: 1.061 ms
(10 rows)

