SET
SET
SET
SET
SET
                                                                 QUERY PLAN                                                                 
--------------------------------------------------------------------------------------------------------------------------------------------
 Index Scan using idx on public.t (actual rows=128.00 loops=1)
   Output: a, b
   Index Cond: ((t.a >= 19740) AND (t.a <= 19803))
   Index Searches: 1
   Prefetch: distance=131.164 count=116 stalls=1 skipped=13 resets=0 ungets=5 forwarded=6
             histogram [2,4) => 4, [4,8) => 9, [8,16) => 12, [16,32) => 13, [32,64) => 18, [64,128) => 10, [128,256) => 12, [256,512) => 38
   Buffers: shared hit=95 read=26
 Settings: enable_bitmapscan = 'off', enable_seqscan = 'off', max_parallel_workers_per_gather = '0'
 Planning:
   Buffers: shared hit=86 read=26
 Planning Time: 6.520 ms
 Execution Time: 2.771 ms
(12 rows)

SET
SET
SET
SET
SET
                                             QUERY PLAN                                             
----------------------------------------------------------------------------------------------------
 Index Scan using idx on public.t (actual rows=128.00 loops=1)
   Output: a, b
   Index Cond: ((t.a >= 19740) AND (t.a <= 19803))
   Index Searches: 1
   Buffers: shared hit=122
 Settings: enable_bitmapscan = 'off', enable_seqscan = 'off', max_parallel_workers_per_gather = '0'
 Planning:
   Buffers: shared hit=117
 Planning Time: 0.351 ms
 Execution Time: 0.111 ms
(10 rows)

