SET
SET
SET
SET
SET
                                             QUERY PLAN                                             
----------------------------------------------------------------------------------------------------
 Index Scan using idx on public.t (actual rows=2048.00 loops=1)
   Output: a, b
   Index Cond: ((t.a >= 27359) AND (t.a <= 28382))
   Index Searches: 1
   Prefetch: distance=2.000 count=36 stalls=1686 skipped=217 resets=0 ungets=0 forwarded=0
             histogram [2,4) => 36
   Buffers: shared hit=1787 read=48
 Settings: enable_bitmapscan = 'off', enable_seqscan = 'off', max_parallel_workers_per_gather = '0'
 Planning:
   Buffers: shared hit=86 read=26
 Planning Time: 6.507 ms
 Execution Time: 6.192 ms
(12 rows)

SET
SET
SET
SET
SET
                                             QUERY PLAN                                             
----------------------------------------------------------------------------------------------------
 Index Scan using idx on public.t (actual rows=2048.00 loops=1)
   Output: a, b
   Index Cond: ((t.a >= 27359) AND (t.a <= 28382))
   Index Searches: 1
   Buffers: shared hit=1835
 Settings: enable_bitmapscan = 'off', enable_seqscan = 'off', max_parallel_workers_per_gather = '0'
 Planning:
   Buffers: shared hit=117
 Planning Time: 0.361 ms
 Execution Time: 0.586 ms
(10 rows)

