SET
SET
SET
SET
SET
                                             QUERY PLAN                                             
----------------------------------------------------------------------------------------------------
 Index Scan using idx on public.t (actual rows=1024.00 loops=1)
   Output: a, b
   Index Cond: ((t.a >= 23803) AND (t.a <= 24314))
   Index Searches: 1
   Prefetch: distance=2.176 count=17 stalls=807 skipped=107 resets=0 ungets=0 forwarded=0
             histogram [2,4) => 16, [4,8) => 1
   Buffers: shared hit=880 read=35
 Settings: enable_bitmapscan = 'off', enable_seqscan = 'off', max_parallel_workers_per_gather = '0'
 Planning:
   Buffers: shared hit=86 read=26
 Planning Time: 5.950 ms
 Execution Time: 4.280 ms
(12 rows)

SET
SET
SET
SET
SET
                                             QUERY PLAN                                             
----------------------------------------------------------------------------------------------------
 Index Scan using idx on public.t (actual rows=1024.00 loops=1)
   Output: a, b
   Index Cond: ((t.a >= 23803) AND (t.a <= 24314))
   Index Searches: 1
   Buffers: shared hit=915
 Settings: enable_bitmapscan = 'off', enable_seqscan = 'off', max_parallel_workers_per_gather = '0'
 Planning:
   Buffers: shared hit=117
 Planning Time: 0.359 ms
 Execution Time: 0.334 ms
(10 rows)

