SET
SET
SET
SET
SET
                                             QUERY PLAN                                             
----------------------------------------------------------------------------------------------------
 Index Scan using idx on public.t (actual rows=4096.00 loops=1)
   Output: a, b
   Index Cond: ((t.a >= 23830) AND (t.a <= 25877))
   Index Searches: 1
   Prefetch: distance=2.086 count=70 stalls=3188 skipped=461 resets=0 ungets=0 forwarded=0
             histogram [2,4) => 68, [4,8) => 2
   Buffers: shared hit=3537 read=70
 Settings: enable_bitmapscan = 'off', enable_seqscan = 'off', max_parallel_workers_per_gather = '0'
 Planning:
   Buffers: shared hit=86 read=26
 Planning Time: 6.011 ms
 Execution Time: 9.553 ms
(12 rows)

SET
SET
SET
SET
SET
                                             QUERY PLAN                                             
----------------------------------------------------------------------------------------------------
 Index Scan using idx on public.t (actual rows=4096.00 loops=1)
   Output: a, b
   Index Cond: ((t.a >= 23830) AND (t.a <= 25877))
   Index Searches: 1
   Buffers: shared hit=3607
 Settings: enable_bitmapscan = 'off', enable_seqscan = 'off', max_parallel_workers_per_gather = '0'
 Planning:
   Buffers: shared hit=117
 Planning Time: 0.348 ms
 Execution Time: 1.052 ms
(10 rows)

