SET
SET
SET
SET
SET
                                             QUERY PLAN                                             
----------------------------------------------------------------------------------------------------
 Index Scan using idx on public.t (actual rows=4096.00 loops=1)
   Output: a, b
   Index Cond: ((t.a >= 20859) AND (t.a <= 22906))
   Index Searches: 1
   Prefetch: distance=2.133 count=75 stalls=3437 skipped=465 resets=0 ungets=0 forwarded=0
             histogram [2,4) => 71, [4,8) => 4
   Buffers: shared hit=3557 read=70
 Settings: enable_bitmapscan = 'off', enable_seqscan = 'off', max_parallel_workers_per_gather = '0'
 Planning:
   Buffers: shared hit=86 read=26
 Planning Time: 6.260 ms
 Execution Time: 8.189 ms
(12 rows)

SET
SET
SET
SET
SET
                                             QUERY PLAN                                             
----------------------------------------------------------------------------------------------------
 Index Scan using idx on public.t (actual rows=4096.00 loops=1)
   Output: a, b
   Index Cond: ((t.a >= 20859) AND (t.a <= 22906))
   Index Searches: 1
   Buffers: shared hit=3627
 Settings: enable_bitmapscan = 'off', enable_seqscan = 'off', max_parallel_workers_per_gather = '0'
 Planning:
   Buffers: shared hit=117
 Planning Time: 0.452 ms
 Execution Time: 1.600 ms
(10 rows)

