SET
SET
SET
SET
SET
                                             QUERY PLAN                                             
----------------------------------------------------------------------------------------------------
 Index Scan using idx on public.t (actual rows=8192.00 loops=1)
   Output: a, b
   Index Cond: ((t.a >= 26503) AND (t.a <= 30598))
   Index Searches: 1
   Prefetch: distance=2.087 count=160 stalls=6962 skipped=995 resets=0 ungets=0 forwarded=1
             histogram [2,4) => 155, [4,8) => 5
   Buffers: shared hit=7093 read=119
 Settings: enable_bitmapscan = 'off', enable_seqscan = 'off', max_parallel_workers_per_gather = '0'
 Planning:
   Buffers: shared hit=86 read=26
 Planning Time: 6.417 ms
 Execution Time: 13.107 ms
(12 rows)

SET
SET
SET
SET
SET
                                             QUERY PLAN                                             
----------------------------------------------------------------------------------------------------
 Index Scan using idx on public.t (actual rows=8192.00 loops=1)
   Output: a, b
   Index Cond: ((t.a >= 26503) AND (t.a <= 30598))
   Index Searches: 1
   Buffers: shared hit=7212
 Settings: enable_bitmapscan = 'off', enable_seqscan = 'off', max_parallel_workers_per_gather = '0'
 Planning:
   Buffers: shared hit=117
 Planning Time: 0.371 ms
 Execution Time: 2.175 ms
(10 rows)

