SET
SET
SET
SET
SET
                                             QUERY PLAN                                             
----------------------------------------------------------------------------------------------------
 Index Scan using idx on public.t (actual rows=4096.00 loops=1)
   Output: a, b
   Index Cond: ((t.a >= 16298) AND (t.a <= 18345))
   Index Searches: 1
   Prefetch: distance=2.100 count=70 stalls=3222 skipped=469 resets=0 ungets=0 forwarded=0
             histogram [2,4) => 67, [4,8) => 3
   Buffers: shared hit=3532 read=70
 Settings: enable_bitmapscan = 'off', enable_seqscan = 'off', max_parallel_workers_per_gather = '0'
 Planning:
   Buffers: shared hit=86 read=26
 Planning Time: 6.463 ms
 Execution Time: 7.725 ms
(12 rows)

SET
SET
SET
SET
SET
                                             QUERY PLAN                                             
----------------------------------------------------------------------------------------------------
 Index Scan using idx on public.t (actual rows=4096.00 loops=1)
   Output: a, b
   Index Cond: ((t.a >= 16298) AND (t.a <= 18345))
   Index Searches: 1
   Buffers: shared hit=3602
 Settings: enable_bitmapscan = 'off', enable_seqscan = 'off', max_parallel_workers_per_gather = '0'
 Planning:
   Buffers: shared hit=117
 Planning Time: 0.366 ms
 Execution Time: 1.080 ms
(10 rows)

