SET
SET
SET
SET
SET
                                             QUERY PLAN                                             
----------------------------------------------------------------------------------------------------
 Index Scan using idx on public.t (actual rows=2048.00 loops=1)
   Output: a, b
   Index Cond: ((t.a >= 11155) AND (t.a <= 12178))
   Index Searches: 1
   Prefetch: distance=2.086 count=35 stalls=1602 skipped=230 resets=0 ungets=0 forwarded=0
             histogram [2,4) => 34, [4,8) => 1
   Buffers: shared hit=1763 read=46
 Settings: enable_bitmapscan = 'off', enable_seqscan = 'off', max_parallel_workers_per_gather = '0'
 Planning:
   Buffers: shared hit=86 read=26
 Planning Time: 6.107 ms
 Execution Time: 4.792 ms
(12 rows)

SET
SET
SET
SET
SET
                                             QUERY PLAN                                             
----------------------------------------------------------------------------------------------------
 Index Scan using idx on public.t (actual rows=2048.00 loops=1)
   Output: a, b
   Index Cond: ((t.a >= 11155) AND (t.a <= 12178))
   Index Searches: 1
   Buffers: shared hit=1809
 Settings: enable_bitmapscan = 'off', enable_seqscan = 'off', max_parallel_workers_per_gather = '0'
 Planning:
   Buffers: shared hit=117
 Planning Time: 0.366 ms
 Execution Time: 0.603 ms
(10 rows)

