SET
SET
SET
SET
SET
                                             QUERY PLAN                                             
----------------------------------------------------------------------------------------------------
 Index Scan using idx on public.t (actual rows=8192.00 loops=1)
   Output: a, b
   Index Cond: ((t.a >= 6628) AND (t.a <= 10723))
   Index Searches: 1
   Prefetch: distance=2.072 count=153 stalls=6940 skipped=986 resets=0 ungets=0 forwarded=0
             histogram [2,4) => 149, [4,8) => 4
   Buffers: shared hit=7104 read=119
 Settings: enable_bitmapscan = 'off', enable_seqscan = 'off', max_parallel_workers_per_gather = '0'
 Planning:
   Buffers: shared hit=86 read=26
 Planning Time: 6.102 ms
 Execution Time: 13.618 ms
(12 rows)

SET
SET
SET
SET
SET
                                             QUERY PLAN                                             
----------------------------------------------------------------------------------------------------
 Index Scan using idx on public.t (actual rows=8192.00 loops=1)
   Output: a, b
   Index Cond: ((t.a >= 6628) AND (t.a <= 10723))
   Index Searches: 1
   Buffers: shared hit=7223
 Settings: enable_bitmapscan = 'off', enable_seqscan = 'off', max_parallel_workers_per_gather = '0'
 Planning:
   Buffers: shared hit=117
 Planning Time: 0.341 ms
 Execution Time: 2.046 ms
(10 rows)

