SET
SET
SET
SET
SET
                                             QUERY PLAN                                             
----------------------------------------------------------------------------------------------------
 Index Scan using idx on public.t (actual rows=4096.00 loops=1)
   Output: a, b
   Index Cond: ((t.a >= 24668) AND (t.a <= 26715))
   Index Searches: 1
   Prefetch: distance=2.133 count=98 stalls=3487 skipped=488 resets=0 ungets=0 forwarded=0
             histogram [2,4) => 93, [4,8) => 5
   Buffers: shared hit=3550 read=72
 Settings: enable_bitmapscan = 'off', enable_seqscan = 'off', max_parallel_workers_per_gather = '0'
 Planning:
   Buffers: shared hit=86 read=26
 Planning Time: 6.039 ms
 Execution Time: 8.280 ms
(12 rows)

SET
SET
SET
SET
SET
                                             QUERY PLAN                                             
----------------------------------------------------------------------------------------------------
 Index Scan using idx on public.t (actual rows=4096.00 loops=1)
   Output: a, b
   Index Cond: ((t.a >= 24668) AND (t.a <= 26715))
   Index Searches: 1
   Buffers: shared hit=3622
 Settings: enable_bitmapscan = 'off', enable_seqscan = 'off', max_parallel_workers_per_gather = '0'
 Planning:
   Buffers: shared hit=117
 Planning Time: 0.356 ms
 Execution Time: 1.156 ms
(10 rows)

