SET
SET
SET
SET
SET
                                             QUERY PLAN                                             
----------------------------------------------------------------------------------------------------
 Index Scan using idx on public.t (actual rows=8192.00 loops=1)
   Output: a, b
   Index Cond: ((t.a >= 8680) AND (t.a <= 12775))
   Index Searches: 1
   Prefetch: distance=2.091 count=154 stalls=6946 skipped=935 resets=0 ungets=0 forwarded=0
             histogram [2,4) => 149, [4,8) => 5
   Buffers: shared hit=7147 read=119
 Settings: enable_bitmapscan = 'off', enable_seqscan = 'off', max_parallel_workers_per_gather = '0'
 Planning:
   Buffers: shared hit=86 read=26
 Planning Time: 6.027 ms
 Execution Time: 12.914 ms
(12 rows)

SET
SET
SET
SET
SET
                                             QUERY PLAN                                             
----------------------------------------------------------------------------------------------------
 Index Scan using idx on public.t (actual rows=8192.00 loops=1)
   Output: a, b
   Index Cond: ((t.a >= 8680) AND (t.a <= 12775))
   Index Searches: 1
   Buffers: shared hit=7266
 Settings: enable_bitmapscan = 'off', enable_seqscan = 'off', max_parallel_workers_per_gather = '0'
 Planning:
   Buffers: shared hit=117
 Planning Time: 0.388 ms
 Execution Time: 2.258 ms
(10 rows)

