SET
SET
SET
SET
SET
                                             QUERY PLAN                                             
----------------------------------------------------------------------------------------------------
 Index Scan Backward using idx on public.t (actual rows=4096.00 loops=1)
   Output: a, b
   Index Cond: ((t.a >= 19366) AND (t.a <= 19621))
   Index Searches: 1
   Prefetch: distance=2.034 count=89 stalls=2745 skipped=953 resets=0 ungets=0 forwarded=0
             histogram [2,4) => 88, [4,8) => 1
   Buffers: shared hit=3004 read=86
 Settings: enable_bitmapscan = 'off', enable_seqscan = 'off', max_parallel_workers_per_gather = '0'
 Planning:
   Buffers: shared hit=78 read=22
 Planning Time: 5.666 ms
 Execution Time: 6.767 ms
(12 rows)

SET
SET
SET
SET
SET
                                             QUERY PLAN                                             
----------------------------------------------------------------------------------------------------
 Index Scan Backward using idx on public.t (actual rows=4096.00 loops=1)
   Output: a, b
   Index Cond: ((t.a >= 19366) AND (t.a <= 19621))
   Index Searches: 1
   Buffers: shared hit=3090
 Settings: enable_bitmapscan = 'off', enable_seqscan = 'off', max_parallel_workers_per_gather = '0'
 Planning:
   Buffers: shared hit=105
 Planning Time: 0.311 ms
 Execution Time: 1.046 ms
(10 rows)

