SET
SET
SET
SET
SET
                                             QUERY PLAN                                             
----------------------------------------------------------------------------------------------------
 Index Scan Backward using idx on public.t (actual rows=256.00 loops=1)
   Output: a, b
   Index Cond: ((t.a >= 2686) AND (t.a <= 2813))
   Index Searches: 1
   Prefetch: distance=2.000 count=2 stalls=114 skipped=13 resets=0 ungets=0 forwarded=0
             histogram [2,4) => 2
   Buffers: shared hit=210 read=27
 Settings: enable_bitmapscan = 'off', enable_seqscan = 'off', max_parallel_workers_per_gather = '0'
 Planning:
   Buffers: shared hit=82 read=26
 Planning Time: 6.023 ms
 Execution Time: 3.030 ms
(12 rows)

SET
SET
SET
SET
SET
                                             QUERY PLAN                                             
----------------------------------------------------------------------------------------------------
 Index Scan Backward using idx on public.t (actual rows=256.00 loops=1)
   Output: a, b
   Index Cond: ((t.a >= 2686) AND (t.a <= 2813))
   Index Searches: 1
   Buffers: shared hit=237
 Settings: enable_bitmapscan = 'off', enable_seqscan = 'off', max_parallel_workers_per_gather = '0'
 Planning:
   Buffers: shared hit=113
 Planning Time: 0.332 ms
 Execution Time: 0.143 ms
(10 rows)

