SET
SET
SET
SET
SET
                                             QUERY PLAN                                             
----------------------------------------------------------------------------------------------------
 Index Scan Backward using idx on public.t (actual rows=4096.00 loops=1)
   Output: a, b
   Index Cond: ((t.a >= 23626) AND (t.a <= 25673))
   Index Searches: 1
   Prefetch: distance=2.036 count=83 stalls=3455 skipped=493 resets=0 ungets=0 forwarded=0
             histogram [2,4) => 82, [4,8) => 1
   Buffers: shared hit=3539 read=72
 Settings: enable_bitmapscan = 'off', enable_seqscan = 'off', max_parallel_workers_per_gather = '0'
 Planning:
   Buffers: shared hit=82 read=26
 Planning Time: 6.283 ms
 Execution Time: 6.450 ms
(12 rows)

SET
SET
SET
SET
SET
                                             QUERY PLAN                                             
----------------------------------------------------------------------------------------------------
 Index Scan Backward using idx on public.t (actual rows=4096.00 loops=1)
   Output: a, b
   Index Cond: ((t.a >= 23626) AND (t.a <= 25673))
   Index Searches: 1
   Buffers: shared hit=3611
 Settings: enable_bitmapscan = 'off', enable_seqscan = 'off', max_parallel_workers_per_gather = '0'
 Planning:
   Buffers: shared hit=113
 Planning Time: 0.388 ms
 Execution Time: 1.095 ms
(10 rows)

