SET
SET
SET
SET
SET
                                             QUERY PLAN                                             
----------------------------------------------------------------------------------------------------
 Index Scan Backward using idx on public.t (actual rows=2048.00 loops=1)
   Output: a, b
   Index Cond: ((t.a >= 1277) AND (t.a <= 2300))
   Index Searches: 1
   Prefetch: distance=2.000 count=36 stalls=1657 skipped=252 resets=0 ungets=0 forwarded=0
             histogram [2,4) => 36
   Buffers: shared hit=1749 read=46
 Settings: enable_bitmapscan = 'off', enable_seqscan = 'off', max_parallel_workers_per_gather = '0'
 Planning:
   Buffers: shared hit=82 read=26
 Planning Time: 6.318 ms
 Execution Time: 4.448 ms
(12 rows)

SET
SET
SET
SET
SET
                                             QUERY PLAN                                             
----------------------------------------------------------------------------------------------------
 Index Scan Backward using idx on public.t (actual rows=2048.00 loops=1)
   Output: a, b
   Index Cond: ((t.a >= 1277) AND (t.a <= 2300))
   Index Searches: 1
   Buffers: shared hit=1795
 Settings: enable_bitmapscan = 'off', enable_seqscan = 'off', max_parallel_workers_per_gather = '0'
 Planning:
   Buffers: shared hit=113
 Planning Time: 0.340 ms
 Execution Time: 0.693 ms
(10 rows)

