SET
SET
SET
SET
SET
                                             QUERY PLAN                                             
----------------------------------------------------------------------------------------------------
 Index Scan Backward using idx on public.t (actual rows=8192.00 loops=1)
   Output: a, b
   Index Cond: ((t.a >= 174) AND (t.a <= 4269))
   Index Searches: 1
   Prefetch: distance=2.046 count=152 stalls=6806 skipped=955 resets=0 ungets=0 forwarded=0
             histogram [2,4) => 149, [4,8) => 3
   Buffers: shared hit=7105 read=112
 Settings: enable_bitmapscan = 'off', enable_seqscan = 'off', max_parallel_workers_per_gather = '0'
 Planning:
   Buffers: shared hit=82 read=26
 Planning Time: 5.989 ms
 Execution Time: 7.233 ms
(12 rows)

SET
SET
SET
SET
SET
                                             QUERY PLAN                                             
----------------------------------------------------------------------------------------------------
 Index Scan Backward using idx on public.t (actual rows=8192.00 loops=1)
   Output: a, b
   Index Cond: ((t.a >= 174) AND (t.a <= 4269))
   Index Searches: 1
   Buffers: shared hit=7217
 Settings: enable_bitmapscan = 'off', enable_seqscan = 'off', max_parallel_workers_per_gather = '0'
 Planning:
   Buffers: shared hit=113
 Planning Time: 0.343 ms
 Execution Time: 2.202 ms
(10 rows)

