SET
SET
SET
SET
SET
                                             QUERY PLAN                                             
----------------------------------------------------------------------------------------------------
 Index Scan Backward using idx on public.t (actual rows=1024.00 loops=1)
   Output: a, b
   Index Cond: ((t.a >= 14904) AND (t.a <= 15415))
   Index Searches: 1
   Prefetch: distance=2.000 count=22 stalls=841 skipped=110 resets=0 ungets=0 forwarded=0
             histogram [2,4) => 22
   Buffers: shared hit=886 read=36
 Settings: enable_bitmapscan = 'off', enable_seqscan = 'off', max_parallel_workers_per_gather = '0'
 Planning:
   Buffers: shared hit=82 read=26
 Planning Time: 6.117 ms
 Execution Time: 4.050 ms
(12 rows)

SET
SET
SET
SET
SET
                                             QUERY PLAN                                             
----------------------------------------------------------------------------------------------------
 Index Scan Backward using idx on public.t (actual rows=1024.00 loops=1)
   Output: a, b
   Index Cond: ((t.a >= 14904) AND (t.a <= 15415))
   Index Searches: 1
   Buffers: shared hit=922
 Settings: enable_bitmapscan = 'off', enable_seqscan = 'off', max_parallel_workers_per_gather = '0'
 Planning:
   Buffers: shared hit=113
 Planning Time: 0.614 ms
 Execution Time: 0.474 ms
(10 rows)

