SET
SET
SET
SET
SET
                                             QUERY PLAN                                             
----------------------------------------------------------------------------------------------------
 Index Scan Backward using idx on public.t (actual rows=8192.00 loops=1)
   Output: a, b
   Index Cond: ((t.a >= 1268) AND (t.a <= 5363))
   Index Searches: 1
   Prefetch: distance=2.020 count=151 stalls=6914 skipped=1006 resets=0 ungets=0 forwarded=0
             histogram [2,4) => 150, [4,8) => 1
   Buffers: shared hit=7080 read=118
 Settings: enable_bitmapscan = 'off', enable_seqscan = 'off', max_parallel_workers_per_gather = '0'
 Planning:
   Buffers: shared hit=82 read=26
 Planning Time: 6.241 ms
 Execution Time: 8.372 ms
(12 rows)

SET
SET
SET
SET
SET
                                             QUERY PLAN                                             
----------------------------------------------------------------------------------------------------
 Index Scan Backward using idx on public.t (actual rows=8192.00 loops=1)
   Output: a, b
   Index Cond: ((t.a >= 1268) AND (t.a <= 5363))
   Index Searches: 1
   Buffers: shared hit=7198
 Settings: enable_bitmapscan = 'off', enable_seqscan = 'off', max_parallel_workers_per_gather = '0'
 Planning:
   Buffers: shared hit=113
 Planning Time: 0.353 ms
 Execution Time: 2.088 ms
(10 rows)

