SET
SET
SET
SET
SET
                                             QUERY PLAN                                             
----------------------------------------------------------------------------------------------------
 Index Scan Backward using idx on public.t (actual rows=64.00 loops=1)
   Output: a, b
   Index Cond: ((t.a >= 21808) AND (t.a <= 21839))
   Index Searches: 1
   Prefetch: distance=2.000 count=2 stalls=13 skipped=2 resets=0 ungets=0 forwarded=0
             histogram [2,4) => 2
   Buffers: shared hit=38 read=22
 Settings: enable_bitmapscan = 'off', enable_seqscan = 'off', max_parallel_workers_per_gather = '0'
 Planning:
   Buffers: shared hit=82 read=26
 Planning Time: 6.199 ms
 Execution Time: 3.017 ms
(12 rows)

SET
SET
SET
SET
SET
                                             QUERY PLAN                                             
----------------------------------------------------------------------------------------------------
 Index Scan Backward using idx on public.t (actual rows=64.00 loops=1)
   Output: a, b
   Index Cond: ((t.a >= 21808) AND (t.a <= 21839))
   Index Searches: 1
   Buffers: shared hit=60
 Settings: enable_bitmapscan = 'off', enable_seqscan = 'off', max_parallel_workers_per_gather = '0'
 Planning:
   Buffers: shared hit=113
 Planning Time: 0.350 ms
 Execution Time: 0.092 ms
(10 rows)

