SET
SET
SET
SET
SET
                                             QUERY PLAN                                             
----------------------------------------------------------------------------------------------------
 Index Scan Backward using idx on public.t (actual rows=8192.00 loops=1)
   Output: a, b
   Index Cond: ((t.a >= 5000) AND (t.a <= 9095))
   Index Searches: 1
   Prefetch: distance=2.060 count=149 stalls=6739 skipped=933 resets=0 ungets=0 forwarded=0
             histogram [2,4) => 146, [4,8) => 3
   Buffers: shared hit=7126 read=119
 Settings: enable_bitmapscan = 'off', enable_seqscan = 'off', max_parallel_workers_per_gather = '0'
 Planning:
   Buffers: shared hit=82 read=26
 Planning Time: 5.924 ms
 Execution Time: 8.256 ms
(12 rows)

SET
SET
SET
SET
SET
                                             QUERY PLAN                                             
----------------------------------------------------------------------------------------------------
 Index Scan Backward using idx on public.t (actual rows=8192.00 loops=1)
   Output: a, b
   Index Cond: ((t.a >= 5000) AND (t.a <= 9095))
   Index Searches: 1
   Buffers: shared hit=7245
 Settings: enable_bitmapscan = 'off', enable_seqscan = 'off', max_parallel_workers_per_gather = '0'
 Planning:
   Buffers: shared hit=113
 Planning Time: 0.359 ms
 Execution Time: 2.064 ms
(10 rows)

