SET
SET
SET
SET
SET
                                             QUERY PLAN                                             
----------------------------------------------------------------------------------------------------
 Index Scan Backward using idx on public.t (actual rows=1024.00 loops=1)
   Output: a, b
   Index Cond: ((t.a >= 9344) AND (t.a <= 9855))
   Index Searches: 1
   Prefetch: distance=2.000 count=12 stalls=712 skipped=91 resets=0 ungets=0 forwarded=0
             histogram [2,4) => 12
   Buffers: shared hit=883 read=34
 Settings: enable_bitmapscan = 'off', enable_seqscan = 'off', max_parallel_workers_per_gather = '0'
 Planning:
   Buffers: shared hit=82 read=26
 Planning Time: 6.110 ms
 Execution Time: 4.016 ms
(12 rows)

SET
SET
SET
SET
SET
                                             QUERY PLAN                                             
----------------------------------------------------------------------------------------------------
 Index Scan Backward using idx on public.t (actual rows=1024.00 loops=1)
   Output: a, b
   Index Cond: ((t.a >= 9344) AND (t.a <= 9855))
   Index Searches: 1
   Buffers: shared hit=917
 Settings: enable_bitmapscan = 'off', enable_seqscan = 'off', max_parallel_workers_per_gather = '0'
 Planning:
   Buffers: shared hit=113
 Planning Time: 0.401 ms
 Execution Time: 0.463 ms
(10 rows)

