SET
SET
SET
SET
SET
                                             QUERY PLAN                                             
----------------------------------------------------------------------------------------------------
 Index Scan Backward using idx on public.t (actual rows=4096.00 loops=1)
   Output: a, b
   Index Cond: ((t.a >= 26135) AND (t.a <= 28182))
   Index Searches: 1
   Prefetch: distance=2.081 count=74 stalls=3262 skipped=435 resets=0 ungets=0 forwarded=0
             histogram [2,4) => 72, [4,8) => 2
   Buffers: shared hit=3570 read=71
 Settings: enable_bitmapscan = 'off', enable_seqscan = 'off', max_parallel_workers_per_gather = '0'
 Planning:
   Buffers: shared hit=82 read=26
 Planning Time: 6.011 ms
 Execution Time: 5.688 ms
(12 rows)

SET
SET
SET
SET
SET
                                             QUERY PLAN                                             
----------------------------------------------------------------------------------------------------
 Index Scan Backward using idx on public.t (actual rows=4096.00 loops=1)
   Output: a, b
   Index Cond: ((t.a >= 26135) AND (t.a <= 28182))
   Index Searches: 1
   Buffers: shared hit=3641
 Settings: enable_bitmapscan = 'off', enable_seqscan = 'off', max_parallel_workers_per_gather = '0'
 Planning:
   Buffers: shared hit=113
 Planning Time: 0.336 ms
 Execution Time: 1.089 ms
(10 rows)

