SET
SET
SET
SET
SET
                                             QUERY PLAN                                             
----------------------------------------------------------------------------------------------------
 Index Scan Backward using idx on public.t (actual rows=2048.00 loops=1)
   Output: a, b
   Index Cond: ((t.a >= 13600) AND (t.a <= 14623))
   Index Searches: 1
   Prefetch: distance=2.000 count=38 stalls=1563 skipped=224 resets=0 ungets=0 forwarded=0
             histogram [2,4) => 38
   Buffers: shared hit=1767 read=47
 Settings: enable_bitmapscan = 'off', enable_seqscan = 'off', max_parallel_workers_per_gather = '0'
 Planning:
   Buffers: shared hit=82 read=26
 Planning Time: 6.176 ms
 Execution Time: 4.640 ms
(12 rows)

SET
SET
SET
SET
SET
                                             QUERY PLAN                                             
----------------------------------------------------------------------------------------------------
 Index Scan Backward using idx on public.t (actual rows=2048.00 loops=1)
   Output: a, b
   Index Cond: ((t.a >= 13600) AND (t.a <= 14623))
   Index Searches: 1
   Buffers: shared hit=1814
 Settings: enable_bitmapscan = 'off', enable_seqscan = 'off', max_parallel_workers_per_gather = '0'
 Planning:
   Buffers: shared hit=113
 Planning Time: 0.530 ms
 Execution Time: 0.858 ms
(10 rows)

