SET
SET
SET
SET
SET
                                             QUERY PLAN                                             
----------------------------------------------------------------------------------------------------
 Index Scan Backward using idx on public.t (actual rows=8192.00 loops=1)
   Output: a, b
   Index Cond: ((t.a >= 31241) AND (t.a <= 35336))
   Index Searches: 1
   Prefetch: distance=2.078 count=154 stalls=6872 skipped=903 resets=0 ungets=0 forwarded=0
             histogram [2,4) => 150, [4,8) => 4
   Buffers: shared hit=7160 read=120
 Settings: enable_bitmapscan = 'off', enable_seqscan = 'off', max_parallel_workers_per_gather = '0'
 Planning:
   Buffers: shared hit=82 read=26
 Planning Time: 5.935 ms
 Execution Time: 8.751 ms
(12 rows)

SET
SET
SET
SET
SET
                                             QUERY PLAN                                             
----------------------------------------------------------------------------------------------------
 Index Scan Backward using idx on public.t (actual rows=8192.00 loops=1)
   Output: a, b
   Index Cond: ((t.a >= 31241) AND (t.a <= 35336))
   Index Searches: 1
   Buffers: shared hit=7280
 Settings: enable_bitmapscan = 'off', enable_seqscan = 'off', max_parallel_workers_per_gather = '0'
 Planning:
   Buffers: shared hit=113
 Planning Time: 0.331 ms
 Execution Time: 2.287 ms
(10 rows)

