SET
SET
SET
SET
SET
                                             QUERY PLAN                                             
----------------------------------------------------------------------------------------------------
 Index Scan using idx on public.t (actual rows=512.00 loops=1)
   Output: a, b
   Index Cond: ((t.a >= 692) AND (t.a <= 947))
   Index Searches: 1
   Prefetch: distance=2.000 count=16 stalls=391 skipped=56 resets=0 ungets=0 forwarded=0
             histogram [2,4) => 16
   Buffers: shared hit=428 read=30
 Settings: enable_bitmapscan = 'off', enable_seqscan = 'off', max_parallel_workers_per_gather = '0'
 Planning:
   Buffers: shared hit=86 read=26
 Planning Time: 7.053 ms
 Execution Time: 3.614 ms
(12 rows)

SET
SET
SET
SET
SET
                                             QUERY PLAN                                             
----------------------------------------------------------------------------------------------------
 Index Scan using idx on public.t (actual rows=512.00 loops=1)
   Output: a, b
   Index Cond: ((t.a >= 692) AND (t.a <= 947))
   Index Searches: 1
   Buffers: shared hit=458
 Settings: enable_bitmapscan = 'off', enable_seqscan = 'off', max_parallel_workers_per_gather = '0'
 Planning:
   Buffers: shared hit=117
 Planning Time: 0.357 ms
 Execution Time: 0.215 ms
(10 rows)

