SET
SET
SET
SET
SET
                                             QUERY PLAN                                             
----------------------------------------------------------------------------------------------------
 Index Scan using idx on public.t (actual rows=1024.00 loops=1)
   Output: a, b
   Index Cond: ((t.a >= 19568) AND (t.a <= 20079))
   Index Searches: 1
   Prefetch: distance=2.174 count=23 stalls=747 skipped=105 resets=0 ungets=0 forwarded=0
             histogram [2,4) => 21, [4,8) => 2
   Buffers: shared hit=881 read=34
 Settings: enable_bitmapscan = 'off', enable_seqscan = 'off', max_parallel_workers_per_gather = '0'
 Planning:
   Buffers: shared hit=86 read=26
 Planning Time: 6.513 ms
 Execution Time: 4.272 ms
(12 rows)

SET
SET
SET
SET
SET
                                             QUERY PLAN                                             
----------------------------------------------------------------------------------------------------
 Index Scan using idx on public.t (actual rows=1024.00 loops=1)
   Output: a, b
   Index Cond: ((t.a >= 19568) AND (t.a <= 20079))
   Index Searches: 1
   Buffers: shared hit=915
 Settings: enable_bitmapscan = 'off', enable_seqscan = 'off', max_parallel_workers_per_gather = '0'
 Planning:
   Buffers: shared hit=117
 Planning Time: 0.353 ms
 Execution Time: 0.326 ms
(10 rows)

