SET
SET
SET
SET
SET
                                             QUERY PLAN                                             
----------------------------------------------------------------------------------------------------
 Index Scan using idx on public.t (actual rows=2048.00 loops=1)
   Output: a, b
   Index Cond: ((t.a >= 23933) AND (t.a <= 24956))
   Index Searches: 1
   Prefetch: distance=2.158 count=38 stalls=1614 skipped=237 resets=0 ungets=0 forwarded=0
             histogram [2,4) => 36, [4,8) => 2
   Buffers: shared hit=1754 read=46
 Settings: enable_bitmapscan = 'off', enable_seqscan = 'off', max_parallel_workers_per_gather = '0'
 Planning:
   Buffers: shared hit=86 read=26
 Planning Time: 6.043 ms
 Execution Time: 5.218 ms
(12 rows)

SET
SET
SET
SET
SET
                                             QUERY PLAN                                             
----------------------------------------------------------------------------------------------------
 Index Scan using idx on public.t (actual rows=2048.00 loops=1)
   Output: a, b
   Index Cond: ((t.a >= 23933) AND (t.a <= 24956))
   Index Searches: 1
   Buffers: shared hit=1800
 Settings: enable_bitmapscan = 'off', enable_seqscan = 'off', max_parallel_workers_per_gather = '0'
 Planning:
   Buffers: shared hit=117
 Planning Time: 0.476 ms
 Execution Time: 0.817 ms
(10 rows)

