SET
SET
SET
SET
SET
                                             QUERY PLAN                                             
----------------------------------------------------------------------------------------------------
 Index Scan using idx on public.t (actual rows=4096.00 loops=1)
   Output: a, b
   Index Cond: ((t.a >= 31173) AND (t.a <= 33220))
   Index Searches: 1
   Prefetch: distance=2.123 count=81 stalls=3509 skipped=465 resets=0 ungets=0 forwarded=1
             histogram [2,4) => 77, [4,8) => 4
   Buffers: shared hit=3574 read=71
 Settings: enable_bitmapscan = 'off', enable_seqscan = 'off', max_parallel_workers_per_gather = '0'
 Planning:
   Buffers: shared hit=86 read=26
 Planning Time: 5.991 ms
 Execution Time: 7.025 ms
(12 rows)

SET
SET
SET
SET
SET
                                             QUERY PLAN                                             
----------------------------------------------------------------------------------------------------
 Index Scan using idx on public.t (actual rows=4096.00 loops=1)
   Output: a, b
   Index Cond: ((t.a >= 31173) AND (t.a <= 33220))
   Index Searches: 1
   Buffers: shared hit=3645
 Settings: enable_bitmapscan = 'off', enable_seqscan = 'off', max_parallel_workers_per_gather = '0'
 Planning:
   Buffers: shared hit=117
 Planning Time: 0.347 ms
 Execution Time: 1.174 ms
(10 rows)

