SET
SET
SET
SET
SET
                                                                 QUERY PLAN                                                                 
--------------------------------------------------------------------------------------------------------------------------------------------
 Index Scan using idx on public.t (actual rows=2048.00 loops=1)
   Output: a, b
   Index Cond: ((t.a >= 2743) AND (t.a <= 3766))
   Index Searches: 1
   Prefetch: distance=250.329 count=1862 stalls=1 skipped=228 resets=0 ungets=46 forwarded=31
             histogram [2,4) => 2, [4,8) => 6, [8,16) => 5, [16,32) => 17, [32,64) => 3, [64,128) => 3, [128,256) => 626, [256,512) => 1200
   Buffers: shared hit=1784 read=48
 Settings: enable_bitmapscan = 'off', enable_seqscan = 'off', max_parallel_workers_per_gather = '0'
 Planning:
   Buffers: shared hit=86 read=26
 Planning Time: 6.168 ms
 Execution Time: 3.840 ms
(12 rows)

SET
SET
SET
SET
SET
                                             QUERY PLAN                                             
----------------------------------------------------------------------------------------------------
 Index Scan using idx on public.t (actual rows=2048.00 loops=1)
   Output: a, b
   Index Cond: ((t.a >= 2743) AND (t.a <= 3766))
   Index Searches: 1
   Buffers: shared hit=1832
 Settings: enable_bitmapscan = 'off', enable_seqscan = 'off', max_parallel_workers_per_gather = '0'
 Planning:
   Buffers: shared hit=117
 Planning Time: 0.353 ms
 Execution Time: 0.591 ms
(10 rows)

