SET
SET
SET
SET
SET
                                             QUERY PLAN                                             
----------------------------------------------------------------------------------------------------
 Index Scan using idx on public.t (actual rows=8192.00 loops=1)
   Output: a, b
   Index Cond: ((t.a >= 11120) AND (t.a <= 15215))
   Index Searches: 1
   Prefetch: distance=2.110 count=155 stalls=6923 skipped=949 resets=0 ungets=0 forwarded=0
             histogram [2,4) => 148, [4,8) => 7
   Buffers: shared hit=7135 read=118
 Settings: enable_bitmapscan = 'off', enable_seqscan = 'off', max_parallel_workers_per_gather = '0'
 Planning:
   Buffers: shared hit=86 read=26
 Planning Time: 6.282 ms
 Execution Time: 12.191 ms
(12 rows)

SET
SET
SET
SET
SET
                                             QUERY PLAN                                             
----------------------------------------------------------------------------------------------------
 Index Scan using idx on public.t (actual rows=8192.00 loops=1)
   Output: a, b
   Index Cond: ((t.a >= 11120) AND (t.a <= 15215))
   Index Searches: 1
   Buffers: shared hit=7253
 Settings: enable_bitmapscan = 'off', enable_seqscan = 'off', max_parallel_workers_per_gather = '0'
 Planning:
   Buffers: shared hit=117
 Planning Time: 0.348 ms
 Execution Time: 2.177 ms
(10 rows)

