SET
SET
SET
SET
SET
                                             QUERY PLAN                                             
----------------------------------------------------------------------------------------------------
 Index Scan using idx on public.t (actual rows=4096.00 loops=1)
   Output: a, b
   Index Cond: ((t.a >= 13836) AND (t.a <= 15883))
   Index Searches: 1
   Prefetch: distance=2.100 count=70 stalls=3316 skipped=427 resets=0 ungets=0 forwarded=0
             histogram [2,4) => 67, [4,8) => 3
   Buffers: shared hit=3580 read=71
 Settings: enable_bitmapscan = 'off', enable_seqscan = 'off', max_parallel_workers_per_gather = '0'
 Planning:
   Buffers: shared hit=86 read=26
 Planning Time: 6.458 ms
 Execution Time: 7.285 ms
(12 rows)

SET
SET
SET
SET
SET
                                             QUERY PLAN                                             
----------------------------------------------------------------------------------------------------
 Index Scan using idx on public.t (actual rows=4096.00 loops=1)
   Output: a, b
   Index Cond: ((t.a >= 13836) AND (t.a <= 15883))
   Index Searches: 1
   Buffers: shared hit=3651
 Settings: enable_bitmapscan = 'off', enable_seqscan = 'off', max_parallel_workers_per_gather = '0'
 Planning:
   Buffers: shared hit=117
 Planning Time: 0.359 ms
 Execution Time: 1.108 ms
(10 rows)

