SET
SET
SET
SET
SET
                                             QUERY PLAN                                             
----------------------------------------------------------------------------------------------------
 Index Scan using idx on public.t (actual rows=8192.00 loops=1)
   Output: a, b
   Index Cond: ((t.a >= 396) AND (t.a <= 4491))
   Index Searches: 1
   Prefetch: distance=2.056 count=144 stalls=6849 skipped=964 resets=0 ungets=0 forwarded=0
             histogram [2,4) => 140, [4,8) => 4
   Buffers: shared hit=7103 read=116
 Settings: enable_bitmapscan = 'off', enable_seqscan = 'off', max_parallel_workers_per_gather = '0'
 Planning:
   Buffers: shared hit=86 read=26
 Planning Time: 6.284 ms
 Execution Time: 12.037 ms
(12 rows)

SET
SET
SET
SET
SET
                                             QUERY PLAN                                             
----------------------------------------------------------------------------------------------------
 Index Scan using idx on public.t (actual rows=8192.00 loops=1)
   Output: a, b
   Index Cond: ((t.a >= 396) AND (t.a <= 4491))
   Index Searches: 1
   Buffers: shared hit=7219
 Settings: enable_bitmapscan = 'off', enable_seqscan = 'off', max_parallel_workers_per_gather = '0'
 Planning:
   Buffers: shared hit=117
 Planning Time: 0.410 ms
 Execution Time: 2.107 ms
(10 rows)

