SET
SET
SET
SET
SET
                                             QUERY PLAN                                             
----------------------------------------------------------------------------------------------------
 Index Scan using idx on public.t (actual rows=8192.00 loops=1)
   Output: a, b
   Index Cond: ((t.a >= 827) AND (t.a <= 4922))
   Index Searches: 1
   Prefetch: distance=2.054 count=148 stalls=6787 skipped=972 resets=0 ungets=0 forwarded=0
             histogram [2,4) => 144, [4,8) => 4
   Buffers: shared hit=7083 read=119
 Settings: enable_bitmapscan = 'off', enable_seqscan = 'off', max_parallel_workers_per_gather = '0'
 Planning:
   Buffers: shared hit=86 read=26
 Planning Time: 6.492 ms
 Execution Time: 11.728 ms
(12 rows)

SET
SET
SET
SET
SET
                                             QUERY PLAN                                             
----------------------------------------------------------------------------------------------------
 Index Scan using idx on public.t (actual rows=8192.00 loops=1)
   Output: a, b
   Index Cond: ((t.a >= 827) AND (t.a <= 4922))
   Index Searches: 1
   Buffers: shared hit=7202
 Settings: enable_bitmapscan = 'off', enable_seqscan = 'off', max_parallel_workers_per_gather = '0'
 Planning:
   Buffers: shared hit=117
 Planning Time: 0.354 ms
 Execution Time: 2.057 ms
(10 rows)

