SET
SET
SET
SET
SET
                                             QUERY PLAN                                             
----------------------------------------------------------------------------------------------------
 Index Scan using idx on public.t (actual rows=4096.00 loops=1)
   Output: a, b
   Index Cond: ((t.a >= 31287) AND (t.a <= 33334))
   Index Searches: 1
   Prefetch: distance=2.130 count=77 stalls=3318 skipped=432 resets=0 ungets=0 forwarded=1
             histogram [2,4) => 73, [4,8) => 4
   Buffers: shared hit=3587 read=72
 Settings: enable_bitmapscan = 'off', enable_seqscan = 'off', max_parallel_workers_per_gather = '0'
 Planning:
   Buffers: shared hit=86 read=26
 Planning Time: 6.139 ms
 Execution Time: 8.092 ms
(12 rows)

SET
SET
SET
SET
SET
                                             QUERY PLAN                                             
----------------------------------------------------------------------------------------------------
 Index Scan using idx on public.t (actual rows=4096.00 loops=1)
   Output: a, b
   Index Cond: ((t.a >= 31287) AND (t.a <= 33334))
   Index Searches: 1
   Buffers: shared hit=3659
 Settings: enable_bitmapscan = 'off', enable_seqscan = 'off', max_parallel_workers_per_gather = '0'
 Planning:
   Buffers: shared hit=117
 Planning Time: 0.396 ms
 Execution Time: 1.082 ms
(10 rows)

