SET
SET
SET
SET
SET
                                             QUERY PLAN                                             
----------------------------------------------------------------------------------------------------
 Index Scan using idx on public.t (actual rows=8192.00 loops=1)
   Output: a, b
   Index Cond: ((t.a >= 20465) AND (t.a <= 24560))
   Index Searches: 1
   Prefetch: distance=2.120 count=158 stalls=6891 skipped=964 resets=0 ungets=0 forwarded=0
             histogram [2,4) => 151, [4,8) => 7
   Buffers: shared hit=7111 read=119
 Settings: enable_bitmapscan = 'off', enable_seqscan = 'off', max_parallel_workers_per_gather = '0'
 Planning:
   Buffers: shared hit=86 read=26
 Planning Time: 5.926 ms
 Execution Time: 13.025 ms
(12 rows)

SET
SET
SET
SET
SET
                                             QUERY PLAN                                             
----------------------------------------------------------------------------------------------------
 Index Scan using idx on public.t (actual rows=8192.00 loops=1)
   Output: a, b
   Index Cond: ((t.a >= 20465) AND (t.a <= 24560))
   Index Searches: 1
   Buffers: shared hit=7230
 Settings: enable_bitmapscan = 'off', enable_seqscan = 'off', max_parallel_workers_per_gather = '0'
 Planning:
   Buffers: shared hit=117
 Planning Time: 0.345 ms
 Execution Time: 2.195 ms
(10 rows)

