SET
SET
SET
SET
SET
                                                               QUERY PLAN                                                                
-----------------------------------------------------------------------------------------------------------------------------------------
 Index Scan using idx on public.t (actual rows=512.00 loops=1)
   Output: a, b
   Index Cond: ((t.a >= 32744) AND (t.a <= 32999))
   Index Searches: 1
   Prefetch: distance=243.572 count=470 stalls=1 skipped=62 resets=0 ungets=26 forwarded=6
             histogram [2,4) => 2, [4,8) => 6, [8,16) => 6, [16,32) => 9, [32,64) => 8, [64,128) => 2, [128,256) => 87, [256,512) => 350
   Buffers: shared hit=428 read=29
 Settings: enable_bitmapscan = 'off', enable_seqscan = 'off', max_parallel_workers_per_gather = '0'
 Planning:
   Buffers: shared hit=86 read=26
 Planning Time: 6.117 ms
 Execution Time: 2.620 ms
(12 rows)

SET
SET
SET
SET
SET
                                             QUERY PLAN                                             
----------------------------------------------------------------------------------------------------
 Index Scan using idx on public.t (actual rows=512.00 loops=1)
   Output: a, b
   Index Cond: ((t.a >= 32744) AND (t.a <= 32999))
   Index Searches: 1
   Buffers: shared hit=457
 Settings: enable_bitmapscan = 'off', enable_seqscan = 'off', max_parallel_workers_per_gather = '0'
 Planning:
   Buffers: shared hit=117
 Planning Time: 0.337 ms
 Execution Time: 0.196 ms
(10 rows)

