SET
SET
SET
SET
SET
                                                                    QUERY PLAN                                                                     
---------------------------------------------------------------------------------------------------------------------------------------------------
 Index Scan using idx on public.t (actual rows=1048576.00 loops=1)
   Output: a, b
   Index Cond: ((t.a >= 18648) AND (t.a <= 542935))
   Index Searches: 1
   Prefetch: distance=259.467 count=949509 stalls=1 skipped=125260 resets=0 ungets=26199 forwarded=13450
             histogram [2,4) => 2, [4,8) => 7, [8,16) => 9, [16,32) => 16, [32,64) => 30, [64,128) => 38, [128,256) => 266744, [256,512) => 682663
   Buffers: shared hit=913101 read=12405
 Settings: enable_bitmapscan = 'off', enable_seqscan = 'off', max_parallel_workers_per_gather = '0'
 Planning:
   Buffers: shared hit=82 read=26
 Planning Time: 5.770 ms
 Execution Time: 601.643 ms
(12 rows)

SET
SET
SET
SET
SET
                                             QUERY PLAN                                             
----------------------------------------------------------------------------------------------------
 Index Scan using idx on public.t (actual rows=1048576.00 loops=1)
   Output: a, b
   Index Cond: ((t.a >= 18648) AND (t.a <= 542935))
   Index Searches: 1
   Buffers: shared hit=925904
 Settings: enable_bitmapscan = 'off', enable_seqscan = 'off', max_parallel_workers_per_gather = '0'
 Planning:
   Buffers: shared hit=113
 Planning Time: 0.524 ms
 Execution Time: 317.146 ms
(10 rows)

