SET
SET
SET
SET
SET
                                             QUERY PLAN                                             
----------------------------------------------------------------------------------------------------
 Index Scan using idx on public.t (actual rows=64.00 loops=1)
   Output: a, b
   Index Cond: ((t.a >= '-30991'::integer) AND (t.a <= '-30960'::integer))
   Index Searches: 1
   Prefetch: distance=2.000 count=3 stalls=10 skipped=2 resets=0 ungets=0 forwarded=0
             histogram [2,4) => 3
   Buffers: shared hit=42 read=24
 Settings: enable_bitmapscan = 'off', enable_seqscan = 'off', max_parallel_workers_per_gather = '0'
 Planning:
   Buffers: shared hit=82 read=27
 Planning Time: 6.140 ms
 Execution Time: 3.325 ms
(12 rows)

SET
SET
SET
SET
SET
                                             QUERY PLAN                                             
----------------------------------------------------------------------------------------------------
 Index Scan using idx on public.t (actual rows=64.00 loops=1)
   Output: a, b
   Index Cond: ((t.a >= '-30991'::integer) AND (t.a <= '-30960'::integer))
   Index Searches: 1
   Buffers: shared hit=66
 Settings: enable_bitmapscan = 'off', enable_seqscan = 'off', max_parallel_workers_per_gather = '0'
 Planning:
   Buffers: shared hit=114
 Planning Time: 0.357 ms
 Execution Time: 0.106 ms
(10 rows)

