SET
SET
SET
SET
SET
                                             QUERY PLAN                                             
----------------------------------------------------------------------------------------------------
 Index Scan using idx on public.t (actual rows=1024.00 loops=1)
   Output: a, b
   Index Cond: ((t.a >= '-3666'::integer) AND (t.a <= '-3155'::integer))
   Index Searches: 1
   Prefetch: distance=2.000 count=16 stalls=701 skipped=98 resets=0 ungets=0 forwarded=0
             histogram [2,4) => 16
   Buffers: shared hit=879 read=35
 Settings: enable_bitmapscan = 'off', enable_seqscan = 'off', max_parallel_workers_per_gather = '0'
 Planning:
   Buffers: shared hit=82 read=27
 Planning Time: 6.222 ms
 Execution Time: 4.526 ms
(12 rows)

SET
SET
SET
SET
SET
                                             QUERY PLAN                                             
----------------------------------------------------------------------------------------------------
 Index Scan using idx on public.t (actual rows=1024.00 loops=1)
   Output: a, b
   Index Cond: ((t.a >= '-3666'::integer) AND (t.a <= '-3155'::integer))
   Index Searches: 1
   Buffers: shared hit=914
 Settings: enable_bitmapscan = 'off', enable_seqscan = 'off', max_parallel_workers_per_gather = '0'
 Planning:
   Buffers: shared hit=114
 Planning Time: 0.333 ms
 Execution Time: 0.330 ms
(10 rows)

