SET
SET
SET
SET
SET
                                             QUERY PLAN                                             
----------------------------------------------------------------------------------------------------
 Index Scan using idx on public.t (actual rows=512.00 loops=1)
   Output: a, b
   Index Cond: ((t.a >= '-23598'::integer) AND (t.a <= '-23343'::integer))
   Index Searches: 1
   Prefetch: distance=2.000 count=6 stalls=194 skipped=27 resets=0 ungets=0 forwarded=0
             histogram [2,4) => 6
   Buffers: shared hit=429 read=28
 Settings: enable_bitmapscan = 'off', enable_seqscan = 'off', max_parallel_workers_per_gather = '0'
 Planning:
   Buffers: shared hit=82 read=27
 Planning Time: 7.769 ms
 Execution Time: 3.751 ms
(12 rows)

SET
SET
SET
SET
SET
                                             QUERY PLAN                                             
----------------------------------------------------------------------------------------------------
 Index Scan using idx on public.t (actual rows=512.00 loops=1)
   Output: a, b
   Index Cond: ((t.a >= '-23598'::integer) AND (t.a <= '-23343'::integer))
   Index Searches: 1
   Buffers: shared hit=457
 Settings: enable_bitmapscan = 'off', enable_seqscan = 'off', max_parallel_workers_per_gather = '0'
 Planning:
   Buffers: shared hit=114
 Planning Time: 0.347 ms
 Execution Time: 0.196 ms
(10 rows)

