SET
SET
SET
SET
SET
                                             QUERY PLAN                                             
----------------------------------------------------------------------------------------------------
 Index Scan using idx on public.t (actual rows=8192.00 loops=1)
   Output: a, b
   Index Cond: ((t.a >= '-28038'::integer) AND (t.a <= '-23943'::integer))
   Index Searches: 1
   Prefetch: distance=2.065 count=153 stalls=6855 skipped=950 resets=0 ungets=0 forwarded=0
             histogram [2,4) => 149, [4,8) => 4
   Buffers: shared hit=7126 read=120
 Settings: enable_bitmapscan = 'off', enable_seqscan = 'off', max_parallel_workers_per_gather = '0'
 Planning:
   Buffers: shared hit=82 read=27
 Planning Time: 6.196 ms
 Execution Time: 14.786 ms
(12 rows)

SET
SET
SET
SET
SET
                                             QUERY PLAN                                             
----------------------------------------------------------------------------------------------------
 Index Scan using idx on public.t (actual rows=8192.00 loops=1)
   Output: a, b
   Index Cond: ((t.a >= '-28038'::integer) AND (t.a <= '-23943'::integer))
   Index Searches: 1
   Buffers: shared hit=7246
 Settings: enable_bitmapscan = 'off', enable_seqscan = 'off', max_parallel_workers_per_gather = '0'
 Planning:
   Buffers: shared hit=114
 Planning Time: 0.360 ms
 Execution Time: 2.206 ms
(10 rows)

