SET
SET
SET
SET
SET
                                             QUERY PLAN                                             
----------------------------------------------------------------------------------------------------
 Index Scan using idx on public.t (actual rows=4096.00 loops=1)
   Output: a, b
   Index Cond: ((t.a >= '-7483'::integer) AND (t.a <= '-5436'::integer))
   Index Searches: 1
   Prefetch: distance=2.123 count=81 stalls=3399 skipped=487 resets=0 ungets=0 forwarded=0
             histogram [2,4) => 78, [4,8) => 3
   Buffers: shared hit=3545 read=70
 Settings: enable_bitmapscan = 'off', enable_seqscan = 'off', max_parallel_workers_per_gather = '0'
 Planning:
   Buffers: shared hit=82 read=27
 Planning Time: 6.303 ms
 Execution Time: 8.628 ms
(12 rows)

SET
SET
SET
SET
SET
                                             QUERY PLAN                                             
----------------------------------------------------------------------------------------------------
 Index Scan using idx on public.t (actual rows=4096.00 loops=1)
   Output: a, b
   Index Cond: ((t.a >= '-7483'::integer) AND (t.a <= '-5436'::integer))
   Index Searches: 1
   Buffers: shared hit=3615
 Settings: enable_bitmapscan = 'off', enable_seqscan = 'off', max_parallel_workers_per_gather = '0'
 Planning:
   Buffers: shared hit=114
 Planning Time: 0.363 ms
 Execution Time: 1.211 ms
(10 rows)

