SET
SET
SET
SET
SET
                                             QUERY PLAN                                             
----------------------------------------------------------------------------------------------------
 Index Scan using idx on public.t (actual rows=8192.00 loops=1)
   Output: a, b
   Index Cond: ((t.a >= '-16084'::integer) AND (t.a <= '-11989'::integer))
   Index Searches: 1
   Prefetch: distance=2.000 count=144 stalls=6824 skipped=945 resets=0 ungets=0 forwarded=0
             histogram [2,4) => 144
   Buffers: shared hit=7122 read=118
 Settings: enable_bitmapscan = 'off', enable_seqscan = 'off', max_parallel_workers_per_gather = '0'
 Planning:
   Buffers: shared hit=82 read=27
 Planning Time: 6.197 ms
 Execution Time: 13.783 ms
(12 rows)

SET
SET
SET
SET
SET
                                             QUERY PLAN                                             
----------------------------------------------------------------------------------------------------
 Index Scan using idx on public.t (actual rows=8192.00 loops=1)
   Output: a, b
   Index Cond: ((t.a >= '-16084'::integer) AND (t.a <= '-11989'::integer))
   Index Searches: 1
   Buffers: shared hit=7240
 Settings: enable_bitmapscan = 'off', enable_seqscan = 'off', max_parallel_workers_per_gather = '0'
 Planning:
   Buffers: shared hit=114
 Planning Time: 0.399 ms
 Execution Time: 2.057 ms
(10 rows)

