SET
SET
SET
SET
SET
                                             QUERY PLAN                                             
----------------------------------------------------------------------------------------------------
 Index Scan using idx on public.t (actual rows=4096.00 loops=1)
   Output: a, b
   Index Cond: ((t.a >= '-5688'::integer) AND (t.a <= '-3641'::integer))
   Index Searches: 1
   Prefetch: distance=2.095 count=74 stalls=3384 skipped=445 resets=0 ungets=0 forwarded=0
             histogram [2,4) => 71, [4,8) => 3
   Buffers: shared hit=3575 read=70
 Settings: enable_bitmapscan = 'off', enable_seqscan = 'off', max_parallel_workers_per_gather = '0'
 Planning:
   Buffers: shared hit=82 read=27
 Planning Time: 5.969 ms
 Execution Time: 7.864 ms
(12 rows)

SET
SET
SET
SET
SET
                                             QUERY PLAN                                             
----------------------------------------------------------------------------------------------------
 Index Scan using idx on public.t (actual rows=4096.00 loops=1)
   Output: a, b
   Index Cond: ((t.a >= '-5688'::integer) AND (t.a <= '-3641'::integer))
   Index Searches: 1
   Buffers: shared hit=3645
 Settings: enable_bitmapscan = 'off', enable_seqscan = 'off', max_parallel_workers_per_gather = '0'
 Planning:
   Buffers: shared hit=114
 Planning Time: 0.449 ms
 Execution Time: 1.483 ms
(10 rows)

