SET
SET
SET
SET
SET
                                                                      QUERY PLAN                                                                       
-------------------------------------------------------------------------------------------------------------------------------------------------------
 Index Scan using idx on public.t (actual rows=5048576.00 loops=1)
   Output: a, b
   Index Cond: ((t.a >= '-2542488'::integer) AND (t.a <= '-18201'::integer))
   Index Searches: 1
   Prefetch: distance=257.731 count=4514206 stalls=1 skipped=604635 resets=0 ungets=70277 forwarded=55569
             histogram [2,4) => 4, [4,8) => 5, [8,16) => 17, [16,32) => 16, [32,64) => 35, [64,128) => 117, [128,256) => 1469444, [256,512) => 3044568
   Buffers: shared hit=4395739 read=59641
 Settings: enable_bitmapscan = 'off', enable_seqscan = 'off', max_parallel_workers_per_gather = '0'
 Planning:
   Buffers: shared hit=78 read=27
 Planning Time: 6.073 ms
 Execution Time: 2921.870 ms
(12 rows)

SET
SET
SET
SET
SET
                                             QUERY PLAN                                             
----------------------------------------------------------------------------------------------------
 Index Scan using idx on public.t (actual rows=5048576.00 loops=1)
   Output: a, b
   Index Cond: ((t.a >= '-2542488'::integer) AND (t.a <= '-18201'::integer))
   Index Searches: 1
   Buffers: shared hit=4456381
 Settings: enable_bitmapscan = 'off', enable_seqscan = 'off', max_parallel_workers_per_gather = '0'
 Planning:
   Buffers: shared hit=110
 Planning Time: 0.394 ms
 Execution Time: 1234.884 ms
(10 rows)

