SET
SET
SET
SET
SET
                                             QUERY PLAN                                             
----------------------------------------------------------------------------------------------------
 Index Scan using idx on public.t (actual rows=8192.00 loops=1)
   Output: a, b
   Index Cond: ((t.a >= '-30795'::integer) AND (t.a <= '-26700'::integer))
   Index Searches: 1
   Prefetch: distance=2.099 count=161 stalls=7027 skipped=941 resets=0 ungets=0 forwarded=0
             histogram [2,4) => 156, [4,8) => 5
   Buffers: shared hit=7150 read=121
 Settings: enable_bitmapscan = 'off', enable_seqscan = 'off', max_parallel_workers_per_gather = '0'
 Planning:
   Buffers: shared hit=82 read=27
 Planning Time: 6.130 ms
 Execution Time: 13.579 ms
(12 rows)

SET
SET
SET
SET
SET
                                             QUERY PLAN                                             
----------------------------------------------------------------------------------------------------
 Index Scan using idx on public.t (actual rows=8192.00 loops=1)
   Output: a, b
   Index Cond: ((t.a >= '-30795'::integer) AND (t.a <= '-26700'::integer))
   Index Searches: 1
   Buffers: shared hit=7271
 Settings: enable_bitmapscan = 'off', enable_seqscan = 'off', max_parallel_workers_per_gather = '0'
 Planning:
   Buffers: shared hit=114
 Planning Time: 0.322 ms
 Execution Time: 2.083 ms
(10 rows)

