SET
SET
SET
SET
SET
                                             QUERY PLAN                                             
----------------------------------------------------------------------------------------------------
 Index Scan using idx on public.t (actual rows=2048.00 loops=1)
   Output: a, b
   Index Cond: ((t.a >= '-24300'::integer) AND (t.a <= '-23277'::integer))
   Index Searches: 1
   Prefetch: distance=2.000 count=42 stalls=1689 skipped=252 resets=0 ungets=0 forwarded=0
             histogram [2,4) => 42
   Buffers: shared hit=1750 read=48
 Settings: enable_bitmapscan = 'off', enable_seqscan = 'off', max_parallel_workers_per_gather = '0'
 Planning:
   Buffers: shared hit=82 read=27
 Planning Time: 6.297 ms
 Execution Time: 6.301 ms
(12 rows)

SET
SET
SET
SET
SET
                                             QUERY PLAN                                             
----------------------------------------------------------------------------------------------------
 Index Scan using idx on public.t (actual rows=2048.00 loops=1)
   Output: a, b
   Index Cond: ((t.a >= '-24300'::integer) AND (t.a <= '-23277'::integer))
   Index Searches: 1
   Buffers: shared hit=1798
 Settings: enable_bitmapscan = 'off', enable_seqscan = 'off', max_parallel_workers_per_gather = '0'
 Planning:
   Buffers: shared hit=114
 Planning Time: 0.345 ms
 Execution Time: 0.574 ms
(10 rows)

