SET
SET
SET
SET
SET
                                             QUERY PLAN                                             
----------------------------------------------------------------------------------------------------
 Index Scan using idx on public.t (actual rows=4096.00 loops=1)
   Output: a, b
   Index Cond: ((t.a >= '-20506'::integer) AND (t.a <= '-18459'::integer))
   Index Searches: 1
   Prefetch: distance=2.092 count=76 stalls=3394 skipped=435 resets=0 ungets=0 forwarded=1
             histogram [2,4) => 73, [4,8) => 3
   Buffers: shared hit=3581 read=71
 Settings: enable_bitmapscan = 'off', enable_seqscan = 'off', max_parallel_workers_per_gather = '0'
 Planning:
   Buffers: shared hit=82 read=27
 Planning Time: 5.981 ms
 Execution Time: 8.376 ms
(12 rows)

SET
SET
SET
SET
SET
                                             QUERY PLAN                                             
----------------------------------------------------------------------------------------------------
 Index Scan using idx on public.t (actual rows=4096.00 loops=1)
   Output: a, b
   Index Cond: ((t.a >= '-20506'::integer) AND (t.a <= '-18459'::integer))
   Index Searches: 1
   Buffers: shared hit=3652
 Settings: enable_bitmapscan = 'off', enable_seqscan = 'off', max_parallel_workers_per_gather = '0'
 Planning:
   Buffers: shared hit=114
 Planning Time: 0.348 ms
 Execution Time: 1.094 ms
(10 rows)

