SET
SET
SET
SET
SET
                                                                      QUERY PLAN                                                                      
------------------------------------------------------------------------------------------------------------------------------------------------------
 Index Scan using idx on public.t (actual rows=5048576.00 loops=1)
   Output: a, b
   Index Cond: ((t.a >= '-2555478'::integer) AND (t.a <= '-31191'::integer))
   Index Searches: 1
   Prefetch: distance=257.660 count=4511321 stalls=1 skipped=604685 resets=0 ungets=67439 forwarded=55012
             histogram [2,4) => 2, [4,8) => 6, [8,16) => 7, [16,32) => 15, [32,64) => 21, [64,128) => 123, [128,256) => 1478013, [256,512) => 3033134
   Buffers: shared hit=4395715 read=59641
 Settings: enable_bitmapscan = 'off', enable_seqscan = 'off', max_parallel_workers_per_gather = '0'
 Planning:
   Buffers: shared hit=78 read=27
 Planning Time: 6.453 ms
 Execution Time: 2931.011 ms
(12 rows)

SET
SET
SET
SET
SET
                                             QUERY PLAN                                             
----------------------------------------------------------------------------------------------------
 Index Scan using idx on public.t (actual rows=5048576.00 loops=1)
   Output: a, b
   Index Cond: ((t.a >= '-2555478'::integer) AND (t.a <= '-31191'::integer))
   Index Searches: 1
   Buffers: shared hit=4456327
 Settings: enable_bitmapscan = 'off', enable_seqscan = 'off', max_parallel_workers_per_gather = '0'
 Planning:
   Buffers: shared hit=110
 Planning Time: 0.491 ms
 Execution Time: 1664.756 ms
(10 rows)

