SET
SET
SET
SET
SET
                                             QUERY PLAN                                             
----------------------------------------------------------------------------------------------------
 Index Scan using idx on public.t (actual rows=8192.00 loops=1)
   Output: a, b
   Index Cond: ((t.a >= '-24659'::integer) AND (t.a <= '-20564'::integer))
   Index Searches: 1
   Prefetch: distance=2.028 count=145 stalls=6740 skipped=930 resets=0 ungets=0 forwarded=0
             histogram [2,4) => 143, [4,8) => 2
   Buffers: shared hit=7111 read=119
 Settings: enable_bitmapscan = 'off', enable_seqscan = 'off', max_parallel_workers_per_gather = '0'
 Planning:
   Buffers: shared hit=82 read=27
 Planning Time: 6.682 ms
 Execution Time: 13.454 ms
(12 rows)

SET
SET
SET
SET
SET
                                             QUERY PLAN                                             
----------------------------------------------------------------------------------------------------
 Index Scan using idx on public.t (actual rows=8192.00 loops=1)
   Output: a, b
   Index Cond: ((t.a >= '-24659'::integer) AND (t.a <= '-20564'::integer))
   Index Searches: 1
   Buffers: shared hit=7230
 Settings: enable_bitmapscan = 'off', enable_seqscan = 'off', max_parallel_workers_per_gather = '0'
 Planning:
   Buffers: shared hit=114
 Planning Time: 0.352 ms
 Execution Time: 2.158 ms
(10 rows)

