SET
SET
SET
SET
SET
                                             QUERY PLAN                                             
----------------------------------------------------------------------------------------------------
 Index Scan using idx on public.t (actual rows=4096.00 loops=1)
   Output: a, b
   Index Cond: ((t.a >= '-26506'::integer) AND (t.a <= '-24459'::integer))
   Index Searches: 1
   Prefetch: distance=2.097 count=103 stalls=3503 skipped=479 resets=0 ungets=0 forwarded=1
             histogram [2,4) => 99, [4,8) => 4
   Buffers: shared hit=3561 read=73
 Settings: enable_bitmapscan = 'off', enable_seqscan = 'off', max_parallel_workers_per_gather = '0'
 Planning:
   Buffers: shared hit=82 read=27
 Planning Time: 5.743 ms
 Execution Time: 8.290 ms
(12 rows)

SET
SET
SET
SET
SET
                                             QUERY PLAN                                             
----------------------------------------------------------------------------------------------------
 Index Scan using idx on public.t (actual rows=4096.00 loops=1)
   Output: a, b
   Index Cond: ((t.a >= '-26506'::integer) AND (t.a <= '-24459'::integer))
   Index Searches: 1
   Buffers: shared hit=3634
 Settings: enable_bitmapscan = 'off', enable_seqscan = 'off', max_parallel_workers_per_gather = '0'
 Planning:
   Buffers: shared hit=114
 Planning Time: 0.336 ms
 Execution Time: 1.091 ms
(10 rows)

