SET
SET
SET
SET
SET
                                             QUERY PLAN                                             
----------------------------------------------------------------------------------------------------
 Index Scan using idx on public.t (actual rows=2048.00 loops=1)
   Output: a, b
   Index Cond: ((t.a >= '-28850'::integer) AND (t.a <= '-27827'::integer))
   Index Searches: 1
   Prefetch: distance=2.086 count=35 stalls=1578 skipped=202 resets=0 ungets=0 forwarded=0
             histogram [2,4) => 34, [4,8) => 1
   Buffers: shared hit=1784 read=46
 Settings: enable_bitmapscan = 'off', enable_seqscan = 'off', max_parallel_workers_per_gather = '0'
 Planning:
   Buffers: shared hit=82 read=27
 Planning Time: 6.185 ms
 Execution Time: 5.757 ms
(12 rows)

SET
SET
SET
SET
SET
                                             QUERY PLAN                                             
----------------------------------------------------------------------------------------------------
 Index Scan using idx on public.t (actual rows=2048.00 loops=1)
   Output: a, b
   Index Cond: ((t.a >= '-28850'::integer) AND (t.a <= '-27827'::integer))
   Index Searches: 1
   Buffers: shared hit=1830
 Settings: enable_bitmapscan = 'off', enable_seqscan = 'off', max_parallel_workers_per_gather = '0'
 Planning:
   Buffers: shared hit=114
 Planning Time: 0.446 ms
 Execution Time: 0.832 ms
(10 rows)

