SET
SET
SET
SET
SET
                                             QUERY PLAN                                             
----------------------------------------------------------------------------------------------------
 Index Scan using idx on public.t (actual rows=4096.00 loops=1)
   Output: a, b
   Index Cond: ((t.a >= '-16940'::integer) AND (t.a <= '-14893'::integer))
   Index Searches: 1
   Prefetch: distance=2.000 count=70 stalls=3228 skipped=431 resets=0 ungets=0 forwarded=0
             histogram [2,4) => 70
   Buffers: shared hit=3558 read=71
 Settings: enable_bitmapscan = 'off', enable_seqscan = 'off', max_parallel_workers_per_gather = '0'
 Planning:
   Buffers: shared hit=82 read=27
 Planning Time: 6.297 ms
 Execution Time: 8.116 ms
(12 rows)

SET
SET
SET
SET
SET
                                             QUERY PLAN                                             
----------------------------------------------------------------------------------------------------
 Index Scan using idx on public.t (actual rows=4096.00 loops=1)
   Output: a, b
   Index Cond: ((t.a >= '-16940'::integer) AND (t.a <= '-14893'::integer))
   Index Searches: 1
   Buffers: shared hit=3629
 Settings: enable_bitmapscan = 'off', enable_seqscan = 'off', max_parallel_workers_per_gather = '0'
 Planning:
   Buffers: shared hit=114
 Planning Time: 0.350 ms
 Execution Time: 1.073 ms
(10 rows)

