SET
SET
SET
SET
SET
                                             QUERY PLAN                                             
----------------------------------------------------------------------------------------------------
 Index Scan using idx on public.t (actual rows=1024.00 loops=1)
   Output: a, b
   Index Cond: ((t.a >= '-20273'::integer) AND (t.a <= '-19762'::integer))
   Index Searches: 1
   Prefetch: distance=2.000 count=18 stalls=773 skipped=102 resets=0 ungets=0 forwarded=0
             histogram [2,4) => 18
   Buffers: shared hit=885 read=36
 Settings: enable_bitmapscan = 'off', enable_seqscan = 'off', max_parallel_workers_per_gather = '0'
 Planning:
   Buffers: shared hit=82 read=27
 Planning Time: 6.263 ms
 Execution Time: 4.128 ms
(12 rows)

SET
SET
SET
SET
SET
                                             QUERY PLAN                                             
----------------------------------------------------------------------------------------------------
 Index Scan using idx on public.t (actual rows=1024.00 loops=1)
   Output: a, b
   Index Cond: ((t.a >= '-20273'::integer) AND (t.a <= '-19762'::integer))
   Index Searches: 1
   Buffers: shared hit=921
 Settings: enable_bitmapscan = 'off', enable_seqscan = 'off', max_parallel_workers_per_gather = '0'
 Planning:
   Buffers: shared hit=114
 Planning Time: 0.368 ms
 Execution Time: 0.368 ms
(10 rows)

