SET
SET
SET
SET
SET
                                             QUERY PLAN                                             
----------------------------------------------------------------------------------------------------
 Index Scan Backward using idx on public.t (actual rows=16.00 loops=1)
   Output: a, b
   Index Cond: ((t.a >= '-20822'::integer) AND (t.a <= '-20815'::integer))
   Index Searches: 1
   Prefetch: distance=4.667 count=9 stalls=1 skipped=3 resets=0 ungets=0 forwarded=0
             histogram [2,4) => 2, [4,8) => 7
   Buffers: shared hit=7 read=12
 Settings: enable_bitmapscan = 'off', enable_seqscan = 'off', max_parallel_workers_per_gather = '0'
 Planning:
   Buffers: shared hit=86 read=27
 Planning Time: 6.161 ms
 Execution Time: 2.240 ms
(12 rows)

SET
SET
SET
SET
SET
                                             QUERY PLAN                                             
----------------------------------------------------------------------------------------------------
 Index Scan Backward using idx on public.t (actual rows=16.00 loops=1)
   Output: a, b
   Index Cond: ((t.a >= '-20822'::integer) AND (t.a <= '-20815'::integer))
   Index Searches: 1
   Buffers: shared hit=19
 Settings: enable_bitmapscan = 'off', enable_seqscan = 'off', max_parallel_workers_per_gather = '0'
 Planning:
   Buffers: shared hit=118
 Planning Time: 0.347 ms
 Execution Time: 0.081 ms
(10 rows)

