SET
SET
SET
SET
SET
                                             QUERY PLAN                                             
----------------------------------------------------------------------------------------------------
 Index Scan Backward using idx on public.t (actual rows=512.00 loops=1)
   Output: a, b
   Index Cond: ((t.a >= '-27514'::integer) AND (t.a <= '-27259'::integer))
   Index Searches: 1
   Prefetch: distance=2.000 count=10 stalls=352 skipped=43 resets=0 ungets=0 forwarded=0
             histogram [2,4) => 10
   Buffers: shared hit=441 read=28
 Settings: enable_bitmapscan = 'off', enable_seqscan = 'off', max_parallel_workers_per_gather = '0'
 Planning:
   Buffers: shared hit=86 read=27
 Planning Time: 6.148 ms
 Execution Time: 3.464 ms
(12 rows)

SET
SET
SET
SET
SET
                                             QUERY PLAN                                             
----------------------------------------------------------------------------------------------------
 Index Scan Backward using idx on public.t (actual rows=512.00 loops=1)
   Output: a, b
   Index Cond: ((t.a >= '-27514'::integer) AND (t.a <= '-27259'::integer))
   Index Searches: 1
   Buffers: shared hit=469
 Settings: enable_bitmapscan = 'off', enable_seqscan = 'off', max_parallel_workers_per_gather = '0'
 Planning:
   Buffers: shared hit=118
 Planning Time: 0.356 ms
 Execution Time: 0.218 ms
(10 rows)

