SET
SET
SET
SET
SET
                                             QUERY PLAN                                             
----------------------------------------------------------------------------------------------------
 Index Scan Backward using idx on public.t (actual rows=2048.00 loops=1)
   Output: a, b
   Index Cond: ((t.a >= '-32239'::integer) AND (t.a <= '-31216'::integer))
   Index Searches: 1
   Prefetch: distance=2.158 count=38 stalls=1474 skipped=223 resets=0 ungets=0 forwarded=0
             histogram [2,4) => 36, [4,8) => 2
   Buffers: shared hit=1747 read=47
 Settings: enable_bitmapscan = 'off', enable_seqscan = 'off', max_parallel_workers_per_gather = '0'
 Planning:
   Buffers: shared hit=86 read=27
 Planning Time: 6.261 ms
 Execution Time: 4.307 ms
(12 rows)

SET
SET
SET
SET
SET
                                             QUERY PLAN                                             
----------------------------------------------------------------------------------------------------
 Index Scan Backward using idx on public.t (actual rows=2048.00 loops=1)
   Output: a, b
   Index Cond: ((t.a >= '-32239'::integer) AND (t.a <= '-31216'::integer))
   Index Searches: 1
   Buffers: shared hit=1794
 Settings: enable_bitmapscan = 'off', enable_seqscan = 'off', max_parallel_workers_per_gather = '0'
 Planning:
   Buffers: shared hit=118
 Planning Time: 0.343 ms
 Execution Time: 0.589 ms
(10 rows)

