SET
SET
SET
SET
SET
                                             QUERY PLAN                                             
----------------------------------------------------------------------------------------------------
 Index Scan Backward using idx on public.t (actual rows=8192.00 loops=1)
   Output: a, b
   Index Cond: ((t.a >= '-16852'::integer) AND (t.a <= '-12757'::integer))
   Index Searches: 1
   Prefetch: distance=2.120 count=150 stalls=6816 skipped=941 resets=0 ungets=0 forwarded=0
             histogram [2,4) => 144, [4,8) => 6
   Buffers: shared hit=7127 read=118
 Settings: enable_bitmapscan = 'off', enable_seqscan = 'off', max_parallel_workers_per_gather = '0'
 Planning:
   Buffers: shared hit=86 read=27
 Planning Time: 7.795 ms
 Execution Time: 9.572 ms
(12 rows)

SET
SET
SET
SET
SET
                                             QUERY PLAN                                             
----------------------------------------------------------------------------------------------------
 Index Scan Backward using idx on public.t (actual rows=8192.00 loops=1)
   Output: a, b
   Index Cond: ((t.a >= '-16852'::integer) AND (t.a <= '-12757'::integer))
   Index Searches: 1
   Buffers: shared hit=7245
 Settings: enable_bitmapscan = 'off', enable_seqscan = 'off', max_parallel_workers_per_gather = '0'
 Planning:
   Buffers: shared hit=118
 Planning Time: 0.337 ms
 Execution Time: 2.165 ms
(10 rows)

