SET
SET
SET
SET
SET
                                               QUERY PLAN                                                
---------------------------------------------------------------------------------------------------------
 Index Scan Backward using idx on public.t (actual rows=128.00 loops=1)
   Output: a, b
   Index Cond: ((t.a >= '-13159'::integer) AND (t.a <= '-13096'::integer))
   Index Searches: 1
   Prefetch: distance=37.505 count=101 stalls=1 skipped=13 resets=0 ungets=0 forwarded=0
             histogram [2,4) => 4, [4,8) => 6, [8,16) => 9, [16,32) => 23, [32,64) => 47, [64,128) => 12
   Buffers: shared hit=98 read=23
 Settings: enable_bitmapscan = 'off', enable_seqscan = 'off', max_parallel_workers_per_gather = '0'
 Planning:
   Buffers: shared hit=86 read=27
 Planning Time: 6.348 ms
 Execution Time: 3.265 ms
(12 rows)

SET
SET
SET
SET
SET
                                             QUERY PLAN                                             
----------------------------------------------------------------------------------------------------
 Index Scan Backward using idx on public.t (actual rows=128.00 loops=1)
   Output: a, b
   Index Cond: ((t.a >= '-13159'::integer) AND (t.a <= '-13096'::integer))
   Index Searches: 1
   Buffers: shared hit=121
 Settings: enable_bitmapscan = 'off', enable_seqscan = 'off', max_parallel_workers_per_gather = '0'
 Planning:
   Buffers: shared hit=118
 Planning Time: 0.364 ms
 Execution Time: 0.118 ms
(10 rows)

