SET
SET
SET
SET
SET
                                             QUERY PLAN                                             
----------------------------------------------------------------------------------------------------
 Index Scan Backward using idx on public.t (actual rows=8192.00 loops=1)
   Output: a, b
   Index Cond: ((t.a >= '-10999'::integer) AND (t.a <= '-6904'::integer))
   Index Searches: 1
   Prefetch: distance=2.098 count=153 stalls=6840 skipped=982 resets=0 ungets=0 forwarded=0
             histogram [2,4) => 148, [4,8) => 5
   Buffers: shared hit=7086 read=120
 Settings: enable_bitmapscan = 'off', enable_seqscan = 'off', max_parallel_workers_per_gather = '0'
 Planning:
   Buffers: shared hit=86 read=27
 Planning Time: 6.279 ms
 Execution Time: 9.077 ms
(12 rows)

SET
SET
SET
SET
SET
                                             QUERY PLAN                                             
----------------------------------------------------------------------------------------------------
 Index Scan Backward using idx on public.t (actual rows=8192.00 loops=1)
   Output: a, b
   Index Cond: ((t.a >= '-10999'::integer) AND (t.a <= '-6904'::integer))
   Index Searches: 1
   Buffers: shared hit=7206
 Settings: enable_bitmapscan = 'off', enable_seqscan = 'off', max_parallel_workers_per_gather = '0'
 Planning:
   Buffers: shared hit=118
 Planning Time: 0.357 ms
 Execution Time: 2.070 ms
(10 rows)

