SET
SET
SET
SET
SET
                                             QUERY PLAN                                             
----------------------------------------------------------------------------------------------------
 Index Scan Backward using idx on public.t (actual rows=4096.00 loops=1)
   Output: a, b
   Index Cond: ((t.a >= '-30550'::integer) AND (t.a <= '-28503'::integer))
   Index Searches: 1
   Prefetch: distance=2.036 count=83 stalls=3494 skipped=464 resets=0 ungets=0 forwarded=0
             histogram [2,4) => 82, [4,8) => 1
   Buffers: shared hit=3570 read=71
 Settings: enable_bitmapscan = 'off', enable_seqscan = 'off', max_parallel_workers_per_gather = '0'
 Planning:
   Buffers: shared hit=86 read=27
 Planning Time: 6.156 ms
 Execution Time: 6.699 ms
(12 rows)

SET
SET
SET
SET
SET
                                             QUERY PLAN                                             
----------------------------------------------------------------------------------------------------
 Index Scan Backward using idx on public.t (actual rows=4096.00 loops=1)
   Output: a, b
   Index Cond: ((t.a >= '-30550'::integer) AND (t.a <= '-28503'::integer))
   Index Searches: 1
   Buffers: shared hit=3641
 Settings: enable_bitmapscan = 'off', enable_seqscan = 'off', max_parallel_workers_per_gather = '0'
 Planning:
   Buffers: shared hit=118
 Planning Time: 0.363 ms
 Execution Time: 1.111 ms
(10 rows)

