SET
SET
SET
SET
SET
                                             QUERY PLAN                                             
----------------------------------------------------------------------------------------------------
 Index Scan Backward using idx on public.t (actual rows=2048.00 loops=1)
   Output: a, b
   Index Cond: ((t.a >= '-3351'::integer) AND (t.a <= '-2328'::integer))
   Index Searches: 1
   Prefetch: distance=2.170 count=53 stalls=1730 skipped=234 resets=0 ungets=0 forwarded=0
             histogram [2,4) => 50, [4,8) => 3
   Buffers: shared hit=1775 read=48
 Settings: enable_bitmapscan = 'off', enable_seqscan = 'off', max_parallel_workers_per_gather = '0'
 Planning:
   Buffers: shared hit=86 read=27
 Planning Time: 6.441 ms
 Execution Time: 5.164 ms
(12 rows)

SET
SET
SET
SET
SET
                                             QUERY PLAN                                             
----------------------------------------------------------------------------------------------------
 Index Scan Backward using idx on public.t (actual rows=2048.00 loops=1)
   Output: a, b
   Index Cond: ((t.a >= '-3351'::integer) AND (t.a <= '-2328'::integer))
   Index Searches: 1
   Buffers: shared hit=1823
 Settings: enable_bitmapscan = 'off', enable_seqscan = 'off', max_parallel_workers_per_gather = '0'
 Planning:
   Buffers: shared hit=118
 Planning Time: 0.357 ms
 Execution Time: 0.598 ms
(10 rows)

