SET
SET
SET
SET
SET
                                             QUERY PLAN                                             
----------------------------------------------------------------------------------------------------
 Index Scan Backward using idx on public.t (actual rows=1024.00 loops=1)
   Output: a, b
   Index Cond: ((t.a >= '-19188'::integer) AND (t.a <= '-18677'::integer))
   Index Searches: 1
   Prefetch: distance=2.176 count=17 stalls=704 skipped=84 resets=0 ungets=0 forwarded=0
             histogram [2,4) => 16, [4,8) => 1
   Buffers: shared hit=884 read=34
 Settings: enable_bitmapscan = 'off', enable_seqscan = 'off', max_parallel_workers_per_gather = '0'
 Planning:
   Buffers: shared hit=86 read=27
 Planning Time: 6.146 ms
 Execution Time: 3.483 ms
(12 rows)

SET
SET
SET
SET
SET
                                             QUERY PLAN                                             
----------------------------------------------------------------------------------------------------
 Index Scan Backward using idx on public.t (actual rows=1024.00 loops=1)
   Output: a, b
   Index Cond: ((t.a >= '-19188'::integer) AND (t.a <= '-18677'::integer))
   Index Searches: 1
   Buffers: shared hit=918
 Settings: enable_bitmapscan = 'off', enable_seqscan = 'off', max_parallel_workers_per_gather = '0'
 Planning:
   Buffers: shared hit=118
 Planning Time: 0.335 ms
 Execution Time: 0.343 ms
(10 rows)

