SET
SET
SET
SET
SET
                                             QUERY PLAN                                             
----------------------------------------------------------------------------------------------------
 Index Scan Backward using idx on public.t (actual rows=512.00 loops=1)
   Output: a, b
   Index Cond: ((t.a >= '-29460'::integer) AND (t.a <= '-29205'::integer))
   Index Searches: 1
   Prefetch: distance=2.000 count=2 stalls=207 skipped=28 resets=0 ungets=0 forwarded=0
             histogram [2,4) => 2
   Buffers: shared hit=436 read=29
 Settings: enable_bitmapscan = 'off', enable_seqscan = 'off', max_parallel_workers_per_gather = '0'
 Planning:
   Buffers: shared hit=86 read=27
 Planning Time: 6.441 ms
 Execution Time: 3.751 ms
(12 rows)

SET
SET
SET
SET
SET
                                             QUERY PLAN                                             
----------------------------------------------------------------------------------------------------
 Index Scan Backward using idx on public.t (actual rows=512.00 loops=1)
   Output: a, b
   Index Cond: ((t.a >= '-29460'::integer) AND (t.a <= '-29205'::integer))
   Index Searches: 1
   Buffers: shared hit=465
 Settings: enable_bitmapscan = 'off', enable_seqscan = 'off', max_parallel_workers_per_gather = '0'
 Planning:
   Buffers: shared hit=118
 Planning Time: 0.363 ms
 Execution Time: 0.237 ms
(10 rows)

