SET
SET
SET
SET
SET
                                             QUERY PLAN                                             
----------------------------------------------------------------------------------------------------
 Index Scan Backward using idx on public.t (actual rows=4096.00 loops=1)
   Output: a, b
   Index Cond: ((t.a >= '-11260'::integer) AND (t.a <= '-9213'::integer))
   Index Searches: 1
   Prefetch: distance=2.073 count=82 stalls=3438 skipped=511 resets=0 ungets=0 forwarded=0
             histogram [2,4) => 80, [4,8) => 2
   Buffers: shared hit=3525 read=71
 Settings: enable_bitmapscan = 'off', enable_seqscan = 'off', max_parallel_workers_per_gather = '0'
 Planning:
   Buffers: shared hit=86 read=27
 Planning Time: 6.236 ms
 Execution Time: 5.404 ms
(12 rows)

SET
SET
SET
SET
SET
                                             QUERY PLAN                                             
----------------------------------------------------------------------------------------------------
 Index Scan Backward using idx on public.t (actual rows=4096.00 loops=1)
   Output: a, b
   Index Cond: ((t.a >= '-11260'::integer) AND (t.a <= '-9213'::integer))
   Index Searches: 1
   Buffers: shared hit=3596
 Settings: enable_bitmapscan = 'off', enable_seqscan = 'off', max_parallel_workers_per_gather = '0'
 Planning:
   Buffers: shared hit=118
 Planning Time: 0.376 ms
 Execution Time: 1.157 ms
(10 rows)

