SET
SET
SET
SET
SET
                                             QUERY PLAN                                             
----------------------------------------------------------------------------------------------------
 Index Scan Backward using idx on public.t (actual rows=8192.00 loops=1)
   Output: a, b
   Index Cond: ((t.a >= '-21655'::integer) AND (t.a <= '-17560'::integer))
   Index Searches: 1
   Prefetch: distance=2.147 count=177 stalls=7066 skipped=932 resets=0 ungets=0 forwarded=0
             histogram [2,4) => 168, [4,8) => 9
   Buffers: shared hit=7168 read=119
 Settings: enable_bitmapscan = 'off', enable_seqscan = 'off', max_parallel_workers_per_gather = '0'
 Planning:
   Buffers: shared hit=86 read=27
 Planning Time: 6.188 ms
 Execution Time: 9.136 ms
(12 rows)

SET
SET
SET
SET
SET
                                             QUERY PLAN                                             
----------------------------------------------------------------------------------------------------
 Index Scan Backward using idx on public.t (actual rows=8192.00 loops=1)
   Output: a, b
   Index Cond: ((t.a >= '-21655'::integer) AND (t.a <= '-17560'::integer))
   Index Searches: 1
   Buffers: shared hit=7287
 Settings: enable_bitmapscan = 'off', enable_seqscan = 'off', max_parallel_workers_per_gather = '0'
 Planning:
   Buffers: shared hit=118
 Planning Time: 0.346 ms
 Execution Time: 2.040 ms
(10 rows)

