SET
SET
SET
SET
SET
                                             QUERY PLAN                                             
----------------------------------------------------------------------------------------------------
 Index Scan Backward using idx on public.t (actual rows=4096.00 loops=1)
   Output: a, b
   Index Cond: ((t.a >= '-7874'::integer) AND (t.a <= '-5827'::integer))
   Index Searches: 1
   Prefetch: distance=2.042 count=71 stalls=3252 skipped=432 resets=0 ungets=0 forwarded=0
             histogram [2,4) => 70, [4,8) => 1
   Buffers: shared hit=3557 read=71
 Settings: enable_bitmapscan = 'off', enable_seqscan = 'off', max_parallel_workers_per_gather = '0'
 Planning:
   Buffers: shared hit=86 read=27
 Planning Time: 6.417 ms
 Execution Time: 6.317 ms
(12 rows)

SET
SET
SET
SET
SET
                                             QUERY PLAN                                             
----------------------------------------------------------------------------------------------------
 Index Scan Backward using idx on public.t (actual rows=4096.00 loops=1)
   Output: a, b
   Index Cond: ((t.a >= '-7874'::integer) AND (t.a <= '-5827'::integer))
   Index Searches: 1
   Buffers: shared hit=3628
 Settings: enable_bitmapscan = 'off', enable_seqscan = 'off', max_parallel_workers_per_gather = '0'
 Planning:
   Buffers: shared hit=118
 Planning Time: 0.356 ms
 Execution Time: 1.093 ms
(10 rows)

