SET
SET
SET
SET
SET
                                                                 QUERY PLAN                                                                 
--------------------------------------------------------------------------------------------------------------------------------------------
 Index Scan Backward using idx on public.t (actual rows=1024.00 loops=1)
   Output: a, b
   Index Cond: ((t.a >= 11996) AND (t.a <= 12059))
   Index Searches: 1
   Prefetch: distance=241.295 count=792 stalls=1 skipped=242 resets=0 ungets=24 forwarded=0
             histogram [2,4) => 2, [4,8) => 7, [8,16) => 8, [16,32) => 11, [32,64) => 30, [64,128) => 4, [128,256) => 201, [256,512) => 529
   Buffers: shared hit=743 read=43
 Settings: enable_bitmapscan = 'off', enable_seqscan = 'off', max_parallel_workers_per_gather = '0'
 Planning:
   Buffers: shared hit=78 read=22
 Planning Time: 5.938 ms
 Execution Time: 4.093 ms
(12 rows)

SET
SET
SET
SET
SET
                                             QUERY PLAN                                             
----------------------------------------------------------------------------------------------------
 Index Scan Backward using idx on public.t (actual rows=1024.00 loops=1)
   Output: a, b
   Index Cond: ((t.a >= 11996) AND (t.a <= 12059))
   Index Searches: 1
   Buffers: shared hit=786
 Settings: enable_bitmapscan = 'off', enable_seqscan = 'off', max_parallel_workers_per_gather = '0'
 Planning:
   Buffers: shared hit=105
 Planning Time: 0.309 ms
 Execution Time: 0.345 ms
(10 rows)

