SET
SET
SET
SET
SET
                                             QUERY PLAN                                             
----------------------------------------------------------------------------------------------------
 Index Scan Backward using idx on public.t (actual rows=2048.00 loops=1)
   Output: a, b
   Index Cond: ((t.a >= '-6840'::integer) AND (t.a <= '-5817'::integer))
   Index Searches: 1
   Prefetch: distance=2.000 count=32 stalls=1458 skipped=197 resets=0 ungets=0 forwarded=0
             histogram [2,4) => 32
   Buffers: shared hit=1762 read=47
 Settings: enable_bitmapscan = 'off', enable_seqscan = 'off', max_parallel_workers_per_gather = '0'
 Planning:
   Buffers: shared hit=86 read=27
 Planning Time: 7.378 ms
 Execution Time: 4.823 ms
(12 rows)

SET
SET
SET
SET
SET
                                             QUERY PLAN                                             
----------------------------------------------------------------------------------------------------
 Index Scan Backward using idx on public.t (actual rows=2048.00 loops=1)
   Output: a, b
   Index Cond: ((t.a >= '-6840'::integer) AND (t.a <= '-5817'::integer))
   Index Searches: 1
   Buffers: shared hit=1809
 Settings: enable_bitmapscan = 'off', enable_seqscan = 'off', max_parallel_workers_per_gather = '0'
 Planning:
   Buffers: shared hit=118
 Planning Time: 0.357 ms
 Execution Time: 0.583 ms
(10 rows)

