SET
SET
SET
SET
SET
                                             QUERY PLAN                                             
----------------------------------------------------------------------------------------------------
 Index Scan Backward using idx on public.t (actual rows=256.00 loops=1)
   Output: a, b
   Index Cond: ((t.a >= '-17390'::integer) AND (t.a <= '-17263'::integer))
   Index Searches: 1
   Prefetch: distance=2.000 count=2 stalls=44 skipped=5 resets=0 ungets=0 forwarded=0
             histogram [2,4) => 2
   Buffers: shared hit=205 read=27
 Settings: enable_bitmapscan = 'off', enable_seqscan = 'off', max_parallel_workers_per_gather = '0'
 Planning:
   Buffers: shared hit=86 read=27
 Planning Time: 6.528 ms
 Execution Time: 3.288 ms
(12 rows)

SET
SET
SET
SET
SET
                                             QUERY PLAN                                             
----------------------------------------------------------------------------------------------------
 Index Scan Backward using idx on public.t (actual rows=256.00 loops=1)
   Output: a, b
   Index Cond: ((t.a >= '-17390'::integer) AND (t.a <= '-17263'::integer))
   Index Searches: 1
   Buffers: shared hit=232
 Settings: enable_bitmapscan = 'off', enable_seqscan = 'off', max_parallel_workers_per_gather = '0'
 Planning:
   Buffers: shared hit=118
 Planning Time: 0.368 ms
 Execution Time: 0.143 ms
(10 rows)

