SET
SET
SET
SET
SET
                                             QUERY PLAN                                             
----------------------------------------------------------------------------------------------------
 Index Scan Backward using idx on public.t (actual rows=1024.00 loops=1)
   Output: a, b
   Index Cond: ((t.a >= '-29171'::integer) AND (t.a <= '-28660'::integer))
   Index Searches: 1
   Prefetch: distance=2.000 count=14 stalls=762 skipped=101 resets=0 ungets=0 forwarded=0
             histogram [2,4) => 14
   Buffers: shared hit=882 read=34
 Settings: enable_bitmapscan = 'off', enable_seqscan = 'off', max_parallel_workers_per_gather = '0'
 Planning:
   Buffers: shared hit=86 read=27
 Planning Time: 6.296 ms
 Execution Time: 4.091 ms
(12 rows)

SET
SET
SET
SET
SET
                                             QUERY PLAN                                             
----------------------------------------------------------------------------------------------------
 Index Scan Backward using idx on public.t (actual rows=1024.00 loops=1)
   Output: a, b
   Index Cond: ((t.a >= '-29171'::integer) AND (t.a <= '-28660'::integer))
   Index Searches: 1
   Buffers: shared hit=916
 Settings: enable_bitmapscan = 'off', enable_seqscan = 'off', max_parallel_workers_per_gather = '0'
 Planning:
   Buffers: shared hit=118
 Planning Time: 0.345 ms
 Execution Time: 0.341 ms
(10 rows)

