SET
SET
SET
SET
SET
                                             QUERY PLAN                                             
----------------------------------------------------------------------------------------------------
 Index Scan Backward using idx on public.t (actual rows=4096.00 loops=1)
   Output: a, b
   Index Cond: ((t.a >= '-13227'::integer) AND (t.a <= '-11180'::integer))
   Index Searches: 1
   Prefetch: distance=2.171 count=76 stalls=3350 skipped=479 resets=0 ungets=0 forwarded=0
             histogram [2,4) => 71, [4,8) => 5
   Buffers: shared hit=3531 read=71
 Settings: enable_bitmapscan = 'off', enable_seqscan = 'off', max_parallel_workers_per_gather = '0'
 Planning:
   Buffers: shared hit=86 read=27
 Planning Time: 6.205 ms
 Execution Time: 6.386 ms
(12 rows)

SET
SET
SET
SET
SET
                                             QUERY PLAN                                             
----------------------------------------------------------------------------------------------------
 Index Scan Backward using idx on public.t (actual rows=4096.00 loops=1)
   Output: a, b
   Index Cond: ((t.a >= '-13227'::integer) AND (t.a <= '-11180'::integer))
   Index Searches: 1
   Buffers: shared hit=3602
 Settings: enable_bitmapscan = 'off', enable_seqscan = 'off', max_parallel_workers_per_gather = '0'
 Planning:
   Buffers: shared hit=118
 Planning Time: 0.344 ms
 Execution Time: 1.094 ms
(10 rows)

