SET
SET
SET
SET
SET
                                             QUERY PLAN                                             
----------------------------------------------------------------------------------------------------
 Index Scan using idx on public.t (actual rows=1024.00 loops=1)
   Output: a, b
   Index Cond: ((t.a >= '-26928'::integer) AND (t.a <= '-26417'::integer))
   Index Searches: 1
   Prefetch: distance=2.120 count=25 stalls=850 skipped=106 resets=0 ungets=0 forwarded=0
             histogram [2,4) => 24, [4,8) => 1
   Buffers: shared hit=888 read=36
 Settings: enable_bitmapscan = 'off', enable_seqscan = 'off', max_parallel_workers_per_gather = '0'
 Planning:
   Buffers: shared hit=82 read=27
 Planning Time: 6.305 ms
 Execution Time: 4.265 ms
(12 rows)

SET
SET
SET
SET
SET
                                             QUERY PLAN                                             
----------------------------------------------------------------------------------------------------
 Index Scan using idx on public.t (actual rows=1024.00 loops=1)
   Output: a, b
   Index Cond: ((t.a >= '-26928'::integer) AND (t.a <= '-26417'::integer))
   Index Searches: 1
   Buffers: shared hit=924
 Settings: enable_bitmapscan = 'off', enable_seqscan = 'off', max_parallel_workers_per_gather = '0'
 Planning:
   Buffers: shared hit=114
 Planning Time: 0.339 ms
 Execution Time: 0.333 ms
(10 rows)

