SET
SET
SET
SET
SET
                                             QUERY PLAN                                             
----------------------------------------------------------------------------------------------------
 Index Scan using idx on public.t (actual rows=8192.00 loops=1)
   Output: a, b
   Index Cond: ((t.a >= '-15950'::integer) AND (t.a <= '-11855'::integer))
   Index Searches: 1
   Prefetch: distance=2.093 count=183 stalls=7014 skipped=984 resets=0 ungets=0 forwarded=0
             histogram [2,4) => 177, [4,8) => 6
   Buffers: shared hit=7112 read=121
 Settings: enable_bitmapscan = 'off', enable_seqscan = 'off', max_parallel_workers_per_gather = '0'
 Planning:
   Buffers: shared hit=82 read=27
 Planning Time: 6.376 ms
 Execution Time: 12.923 ms
(12 rows)

SET
SET
SET
SET
SET
                                             QUERY PLAN                                             
----------------------------------------------------------------------------------------------------
 Index Scan using idx on public.t (actual rows=8192.00 loops=1)
   Output: a, b
   Index Cond: ((t.a >= '-15950'::integer) AND (t.a <= '-11855'::integer))
   Index Searches: 1
   Buffers: shared hit=7233
 Settings: enable_bitmapscan = 'off', enable_seqscan = 'off', max_parallel_workers_per_gather = '0'
 Planning:
   Buffers: shared hit=114
 Planning Time: 0.493 ms
 Execution Time: 2.887 ms
(10 rows)

