SET
SET
SET
SET
SET
                                             QUERY PLAN                                             
----------------------------------------------------------------------------------------------------
 Index Scan using idx on public.t (actual rows=32.00 loops=1)
   Output: a, b
   Index Cond: ((t.a >= '-25286'::integer) AND (t.a <= '-25271'::integer))
   Index Searches: 1
   Prefetch: distance=8.700 count=20 stalls=2 skipped=3 resets=0 ungets=0 forwarded=1
             histogram [2,4) => 2, [4,8) => 9, [8,16) => 7, [16,32) => 2
   Buffers: shared hit=19 read=17
 Settings: enable_bitmapscan = 'off', enable_seqscan = 'off', max_parallel_workers_per_gather = '0'
 Planning:
   Buffers: shared hit=82 read=27
 Planning Time: 6.277 ms
 Execution Time: 2.512 ms
(12 rows)

SET
SET
SET
SET
SET
                                             QUERY PLAN                                             
----------------------------------------------------------------------------------------------------
 Index Scan using idx on public.t (actual rows=32.00 loops=1)
   Output: a, b
   Index Cond: ((t.a >= '-25286'::integer) AND (t.a <= '-25271'::integer))
   Index Searches: 1
   Buffers: shared hit=36
 Settings: enable_bitmapscan = 'off', enable_seqscan = 'off', max_parallel_workers_per_gather = '0'
 Planning:
   Buffers: shared hit=114
 Planning Time: 0.337 ms
 Execution Time: 0.082 ms
(10 rows)

