SET
SET
SET
SET
SET
                                             QUERY PLAN                                             
----------------------------------------------------------------------------------------------------
 Index Scan using idx on public.t (actual rows=256.00 loops=1)
   Output: a, b
   Index Cond: ((t.a >= '-25574'::integer) AND (t.a <= '-25447'::integer))
   Index Searches: 1
   Prefetch: distance=2.000 count=2 stalls=68 skipped=9 resets=0 ungets=0 forwarded=0
             histogram [2,4) => 2
   Buffers: shared hit=203 read=26
 Settings: enable_bitmapscan = 'off', enable_seqscan = 'off', max_parallel_workers_per_gather = '0'
 Planning:
   Buffers: shared hit=82 read=27
 Planning Time: 6.454 ms
 Execution Time: 2.694 ms
(12 rows)

SET
SET
SET
SET
SET
                                             QUERY PLAN                                             
----------------------------------------------------------------------------------------------------
 Index Scan using idx on public.t (actual rows=256.00 loops=1)
   Output: a, b
   Index Cond: ((t.a >= '-25574'::integer) AND (t.a <= '-25447'::integer))
   Index Searches: 1
   Buffers: shared hit=229
 Settings: enable_bitmapscan = 'off', enable_seqscan = 'off', max_parallel_workers_per_gather = '0'
 Planning:
   Buffers: shared hit=114
 Planning Time: 0.327 ms
 Execution Time: 0.140 ms
(10 rows)

