SET
SET
SET
SET
SET
                                             QUERY PLAN                                             
----------------------------------------------------------------------------------------------------
 Index Scan using idx on public.t (actual rows=2048.00 loops=1)
   Output: a, b
   Index Cond: ((t.a >= '-7521'::integer) AND (t.a <= '-6498'::integer))
   Index Searches: 1
   Prefetch: distance=2.000 count=34 stalls=1584 skipped=225 resets=0 ungets=0 forwarded=0
             histogram [2,4) => 34
   Buffers: shared hit=1773 read=45
 Settings: enable_bitmapscan = 'off', enable_seqscan = 'off', max_parallel_workers_per_gather = '0'
 Planning:
   Buffers: shared hit=82 read=27
 Planning Time: 6.631 ms
 Execution Time: 4.687 ms
(12 rows)

SET
SET
SET
SET
SET
                                             QUERY PLAN                                             
----------------------------------------------------------------------------------------------------
 Index Scan using idx on public.t (actual rows=2048.00 loops=1)
   Output: a, b
   Index Cond: ((t.a >= '-7521'::integer) AND (t.a <= '-6498'::integer))
   Index Searches: 1
   Buffers: shared hit=1818
 Settings: enable_bitmapscan = 'off', enable_seqscan = 'off', max_parallel_workers_per_gather = '0'
 Planning:
   Buffers: shared hit=114
 Planning Time: 0.455 ms
 Execution Time: 0.856 ms
(10 rows)

