SET
SET
SET
SET
SET
                                             QUERY PLAN                                             
----------------------------------------------------------------------------------------------------
 Index Scan using idx on public.t (actual rows=8192.00 loops=1)
   Output: a, b
   Index Cond: ((t.a >= '-5453'::integer) AND (t.a <= '-1358'::integer))
   Index Searches: 1
   Prefetch: distance=2.045 count=154 stalls=6971 skipped=938 resets=0 ungets=0 forwarded=0
             histogram [2,4) => 151, [4,8) => 3
   Buffers: shared hit=7146 read=119
 Settings: enable_bitmapscan = 'off', enable_seqscan = 'off', max_parallel_workers_per_gather = '0'
 Planning:
   Buffers: shared hit=82 read=27
 Planning Time: 6.156 ms
 Execution Time: 12.013 ms
(12 rows)

SET
SET
SET
SET
SET
                                             QUERY PLAN                                             
----------------------------------------------------------------------------------------------------
 Index Scan using idx on public.t (actual rows=8192.00 loops=1)
   Output: a, b
   Index Cond: ((t.a >= '-5453'::integer) AND (t.a <= '-1358'::integer))
   Index Searches: 1
   Buffers: shared hit=7265
 Settings: enable_bitmapscan = 'off', enable_seqscan = 'off', max_parallel_workers_per_gather = '0'
 Planning:
   Buffers: shared hit=114
 Planning Time: 0.341 ms
 Execution Time: 2.131 ms
(10 rows)

