SET
SET
SET
SET
SET
                                             QUERY PLAN                                             
----------------------------------------------------------------------------------------------------
 Index Scan using idx on public.t (actual rows=4096.00 loops=1)
   Output: a, b
   Index Cond: ((t.a >= '-4837'::integer) AND (t.a <= '-2790'::integer))
   Index Searches: 1
   Prefetch: distance=2.000 count=74 stalls=3454 skipped=453 resets=0 ungets=0 forwarded=0
             histogram [2,4) => 74
   Buffers: shared hit=3577 read=70
 Settings: enable_bitmapscan = 'off', enable_seqscan = 'off', max_parallel_workers_per_gather = '0'
 Planning:
   Buffers: shared hit=82 read=27
 Planning Time: 6.303 ms
 Execution Time: 8.227 ms
(12 rows)

SET
SET
SET
SET
SET
                                             QUERY PLAN                                             
----------------------------------------------------------------------------------------------------
 Index Scan using idx on public.t (actual rows=4096.00 loops=1)
   Output: a, b
   Index Cond: ((t.a >= '-4837'::integer) AND (t.a <= '-2790'::integer))
   Index Searches: 1
   Buffers: shared hit=3647
 Settings: enable_bitmapscan = 'off', enable_seqscan = 'off', max_parallel_workers_per_gather = '0'
 Planning:
   Buffers: shared hit=114
 Planning Time: 0.335 ms
 Execution Time: 1.185 ms
(10 rows)

