SET
SET
SET
SET
SET
                                             QUERY PLAN                                             
----------------------------------------------------------------------------------------------------
 Index Scan using idx on public.t (actual rows=8192.00 loops=1)
   Output: a, b
   Index Cond: ((t.a >= '-12712'::integer) AND (t.a <= '-8617'::integer))
   Index Searches: 1
   Prefetch: distance=2.076 count=170 stalls=6976 skipped=1015 resets=0 ungets=0 forwarded=0
             histogram [2,4) => 165, [4,8) => 5
   Buffers: shared hit=7081 read=120
 Settings: enable_bitmapscan = 'off', enable_seqscan = 'off', max_parallel_workers_per_gather = '0'
 Planning:
   Buffers: shared hit=82 read=27
 Planning Time: 6.571 ms
 Execution Time: 12.674 ms
(12 rows)

SET
SET
SET
SET
SET
                                             QUERY PLAN                                             
----------------------------------------------------------------------------------------------------
 Index Scan using idx on public.t (actual rows=8192.00 loops=1)
   Output: a, b
   Index Cond: ((t.a >= '-12712'::integer) AND (t.a <= '-8617'::integer))
   Index Searches: 1
   Buffers: shared hit=7201
 Settings: enable_bitmapscan = 'off', enable_seqscan = 'off', max_parallel_workers_per_gather = '0'
 Planning:
   Buffers: shared hit=114
 Planning Time: 0.340 ms
 Execution Time: 2.211 ms
(10 rows)

