SET
SET
SET
SET
SET
                                             QUERY PLAN                                             
----------------------------------------------------------------------------------------------------
 Index Scan using idx on public.t (actual rows=4096.00 loops=1)
   Output: a, b
   Index Cond: ((t.a >= '-15834'::integer) AND (t.a <= '-13787'::integer))
   Index Searches: 1
   Prefetch: distance=2.000 count=74 stalls=3382 skipped=455 resets=0 ungets=0 forwarded=0
             histogram [2,4) => 74
   Buffers: shared hit=3561 read=72
 Settings: enable_bitmapscan = 'off', enable_seqscan = 'off', max_parallel_workers_per_gather = '0'
 Planning:
   Buffers: shared hit=82 read=27
 Planning Time: 6.176 ms
 Execution Time: 7.858 ms
(12 rows)

SET
SET
SET
SET
SET
                                             QUERY PLAN                                             
----------------------------------------------------------------------------------------------------
 Index Scan using idx on public.t (actual rows=4096.00 loops=1)
   Output: a, b
   Index Cond: ((t.a >= '-15834'::integer) AND (t.a <= '-13787'::integer))
   Index Searches: 1
   Buffers: shared hit=3633
 Settings: enable_bitmapscan = 'off', enable_seqscan = 'off', max_parallel_workers_per_gather = '0'
 Planning:
   Buffers: shared hit=114
 Planning Time: 0.358 ms
 Execution Time: 1.209 ms
(10 rows)

