SET
SET
SET
SET
SET
                                             QUERY PLAN                                             
----------------------------------------------------------------------------------------------------
 Index Scan using idx on public.t (actual rows=512.00 loops=1)
   Output: a, b
   Index Cond: ((t.a >= '-23369'::integer) AND (t.a <= '-23114'::integer))
   Index Searches: 1
   Prefetch: distance=2.000 count=4 stalls=248 skipped=27 resets=0 ungets=0 forwarded=0
             histogram [2,4) => 4
   Buffers: shared hit=438 read=29
 Settings: enable_bitmapscan = 'off', enable_seqscan = 'off', max_parallel_workers_per_gather = '0'
 Planning:
   Buffers: shared hit=82 read=27
 Planning Time: 6.495 ms
 Execution Time: 3.011 ms
(12 rows)

SET
SET
SET
SET
SET
                                             QUERY PLAN                                             
----------------------------------------------------------------------------------------------------
 Index Scan using idx on public.t (actual rows=512.00 loops=1)
   Output: a, b
   Index Cond: ((t.a >= '-23369'::integer) AND (t.a <= '-23114'::integer))
   Index Searches: 1
   Buffers: shared hit=467
 Settings: enable_bitmapscan = 'off', enable_seqscan = 'off', max_parallel_workers_per_gather = '0'
 Planning:
   Buffers: shared hit=114
 Planning Time: 0.354 ms
 Execution Time: 0.256 ms
(10 rows)

