SET
SET
SET
SET
SET
                                             QUERY PLAN                                             
----------------------------------------------------------------------------------------------------
 Index Scan using idx on public.t (actual rows=4096.00 loops=1)
   Output: a, b
   Index Cond: ((t.a >= '-6895'::integer) AND (t.a <= '-4848'::integer))
   Index Searches: 1
   Prefetch: distance=2.210 count=81 stalls=3371 skipped=473 resets=0 ungets=0 forwarded=0
             histogram [2,4) => 75, [4,8) => 6
   Buffers: shared hit=3545 read=72
 Settings: enable_bitmapscan = 'off', enable_seqscan = 'off', max_parallel_workers_per_gather = '0'
 Planning:
   Buffers: shared hit=82 read=27
 Planning Time: 6.347 ms
 Execution Time: 7.974 ms
(12 rows)

SET
SET
SET
SET
SET
                                             QUERY PLAN                                             
----------------------------------------------------------------------------------------------------
 Index Scan using idx on public.t (actual rows=4096.00 loops=1)
   Output: a, b
   Index Cond: ((t.a >= '-6895'::integer) AND (t.a <= '-4848'::integer))
   Index Searches: 1
   Buffers: shared hit=3617
 Settings: enable_bitmapscan = 'off', enable_seqscan = 'off', max_parallel_workers_per_gather = '0'
 Planning:
   Buffers: shared hit=114
 Planning Time: 0.341 ms
 Execution Time: 1.091 ms
(10 rows)

