SET
SET
SET
SET
SET
                                             QUERY PLAN                                             
----------------------------------------------------------------------------------------------------
 Index Scan using idx on public.t (actual rows=8192.00 loops=1)
   Output: a, b
   Index Cond: ((t.a >= '-18110'::integer) AND (t.a <= '-14015'::integer))
   Index Searches: 1
   Prefetch: distance=2.041 count=148 stalls=6839 skipped=934 resets=0 ungets=0 forwarded=0
             histogram [2,4) => 146, [4,8) => 2
   Buffers: shared hit=7139 read=119
 Settings: enable_bitmapscan = 'off', enable_seqscan = 'off', max_parallel_workers_per_gather = '0'
 Planning:
   Buffers: shared hit=82 read=27
 Planning Time: 6.215 ms
 Execution Time: 12.496 ms
(12 rows)

SET
SET
SET
SET
SET
                                             QUERY PLAN                                             
----------------------------------------------------------------------------------------------------
 Index Scan using idx on public.t (actual rows=8192.00 loops=1)
   Output: a, b
   Index Cond: ((t.a >= '-18110'::integer) AND (t.a <= '-14015'::integer))
   Index Searches: 1
   Buffers: shared hit=7258
 Settings: enable_bitmapscan = 'off', enable_seqscan = 'off', max_parallel_workers_per_gather = '0'
 Planning:
   Buffers: shared hit=114
 Planning Time: 0.451 ms
 Execution Time: 2.991 ms
(10 rows)

