SET
SET
SET
SET
SET
                                             QUERY PLAN                                             
----------------------------------------------------------------------------------------------------
 Index Scan Backward using idx on public.t (actual rows=4096.00 loops=1)
   Output: a, b
   Index Cond: ((t.a >= '-15526'::integer) AND (t.a <= '-13479'::integer))
   Index Searches: 1
   Prefetch: distance=2.146 count=82 stalls=3473 skipped=482 resets=0 ungets=0 forwarded=0
             histogram [2,4) => 78, [4,8) => 4
   Buffers: shared hit=3550 read=70
 Settings: enable_bitmapscan = 'off', enable_seqscan = 'off', max_parallel_workers_per_gather = '0'
 Planning:
   Buffers: shared hit=86 read=27
 Planning Time: 6.287 ms
 Execution Time: 5.799 ms
(12 rows)

SET
SET
SET
SET
SET
                                             QUERY PLAN                                             
----------------------------------------------------------------------------------------------------
 Index Scan Backward using idx on public.t (actual rows=4096.00 loops=1)
   Output: a, b
   Index Cond: ((t.a >= '-15526'::integer) AND (t.a <= '-13479'::integer))
   Index Searches: 1
   Buffers: shared hit=3620
 Settings: enable_bitmapscan = 'off', enable_seqscan = 'off', max_parallel_workers_per_gather = '0'
 Planning:
   Buffers: shared hit=118
 Planning Time: 0.359 ms
 Execution Time: 1.093 ms
(10 rows)

