SET
SET
SET
SET
SET
                                             QUERY PLAN                                             
----------------------------------------------------------------------------------------------------
 Index Scan Backward using idx on public.t (actual rows=8192.00 loops=1)
   Output: a, b
   Index Cond: ((t.a >= '-14929'::integer) AND (t.a <= '-10834'::integer))
   Index Searches: 1
   Prefetch: distance=2.138 count=159 stalls=6961 skipped=1001 resets=0 ungets=0 forwarded=0
             histogram [2,4) => 151, [4,8) => 8
   Buffers: shared hit=7090 read=118
 Settings: enable_bitmapscan = 'off', enable_seqscan = 'off', max_parallel_workers_per_gather = '0'
 Planning:
   Buffers: shared hit=86 read=27
 Planning Time: 6.247 ms
 Execution Time: 7.875 ms
(12 rows)

SET
SET
SET
SET
SET
                                             QUERY PLAN                                             
----------------------------------------------------------------------------------------------------
 Index Scan Backward using idx on public.t (actual rows=8192.00 loops=1)
   Output: a, b
   Index Cond: ((t.a >= '-14929'::integer) AND (t.a <= '-10834'::integer))
   Index Searches: 1
   Buffers: shared hit=7208
 Settings: enable_bitmapscan = 'off', enable_seqscan = 'off', max_parallel_workers_per_gather = '0'
 Planning:
   Buffers: shared hit=118
 Planning Time: 0.368 ms
 Execution Time: 2.169 ms
(10 rows)

