SET
SET
SET
SET
SET
                                             QUERY PLAN                                             
----------------------------------------------------------------------------------------------------
 Index Scan Backward using idx on public.t (actual rows=2048.00 loops=1)
   Output: a, b
   Index Cond: ((t.a >= '-15899'::integer) AND (t.a <= '-14876'::integer))
   Index Searches: 1
   Prefetch: distance=2.150 count=40 stalls=1685 skipped=216 resets=0 ungets=0 forwarded=0
             histogram [2,4) => 38, [4,8) => 2
   Buffers: shared hit=1780 read=45
 Settings: enable_bitmapscan = 'off', enable_seqscan = 'off', max_parallel_workers_per_gather = '0'
 Planning:
   Buffers: shared hit=86 read=27
 Planning Time: 6.121 ms
 Execution Time: 4.570 ms
(12 rows)

SET
SET
SET
SET
SET
                                             QUERY PLAN                                             
----------------------------------------------------------------------------------------------------
 Index Scan Backward using idx on public.t (actual rows=2048.00 loops=1)
   Output: a, b
   Index Cond: ((t.a >= '-15899'::integer) AND (t.a <= '-14876'::integer))
   Index Searches: 1
   Buffers: shared hit=1825
 Settings: enable_bitmapscan = 'off', enable_seqscan = 'off', max_parallel_workers_per_gather = '0'
 Planning:
   Buffers: shared hit=118
 Planning Time: 0.323 ms
 Execution Time: 0.692 ms
(10 rows)

