SET
SET
SET
SET
SET
                                             QUERY PLAN                                             
----------------------------------------------------------------------------------------------------
 Index Scan Backward using idx on public.t (actual rows=8192.00 loops=1)
   Output: a, b
   Index Cond: ((t.a >= '-13077'::integer) AND (t.a <= '-8982'::integer))
   Index Searches: 1
   Prefetch: distance=2.102 count=157 stalls=6913 skipped=1001 resets=0 ungets=0 forwarded=0
             histogram [2,4) => 151, [4,8) => 6
   Buffers: shared hit=7086 read=119
 Settings: enable_bitmapscan = 'off', enable_seqscan = 'off', max_parallel_workers_per_gather = '0'
 Planning:
   Buffers: shared hit=86 read=27
 Planning Time: 7.962 ms
 Execution Time: 8.411 ms
(12 rows)

SET
SET
SET
SET
SET
                                             QUERY PLAN                                             
----------------------------------------------------------------------------------------------------
 Index Scan Backward using idx on public.t (actual rows=8192.00 loops=1)
   Output: a, b
   Index Cond: ((t.a >= '-13077'::integer) AND (t.a <= '-8982'::integer))
   Index Searches: 1
   Buffers: shared hit=7205
 Settings: enable_bitmapscan = 'off', enable_seqscan = 'off', max_parallel_workers_per_gather = '0'
 Planning:
   Buffers: shared hit=118
 Planning Time: 0.344 ms
 Execution Time: 2.266 ms
(10 rows)

