SET
SET
SET
SET
SET
                                                                QUERY PLAN                                                                 
-------------------------------------------------------------------------------------------------------------------------------------------
 Index Scan Backward using idx on public.t (actual rows=256.00 loops=1)
   Output: a, b
   Index Cond: ((t.a >= '-2463'::integer) AND (t.a <= '-2336'::integer))
   Index Searches: 1
   Prefetch: distance=120.406 count=212 stalls=1 skipped=28 resets=0 ungets=0 forwarded=0
             histogram [2,4) => 4, [4,8) => 6, [8,16) => 8, [16,32) => 14, [32,64) => 32, [64,128) => 61, [128,256) => 68, [256,512) => 19
   Buffers: shared hit=205 read=28
 Settings: enable_bitmapscan = 'off', enable_seqscan = 'off', max_parallel_workers_per_gather = '0'
 Planning:
   Buffers: shared hit=86 read=27
 Planning Time: 6.178 ms
 Execution Time: 3.123 ms
(12 rows)

SET
SET
SET
SET
SET
                                             QUERY PLAN                                             
----------------------------------------------------------------------------------------------------
 Index Scan Backward using idx on public.t (actual rows=256.00 loops=1)
   Output: a, b
   Index Cond: ((t.a >= '-2463'::integer) AND (t.a <= '-2336'::integer))
   Index Searches: 1
   Buffers: shared hit=233
 Settings: enable_bitmapscan = 'off', enable_seqscan = 'off', max_parallel_workers_per_gather = '0'
 Planning:
   Buffers: shared hit=118
 Planning Time: 0.349 ms
 Execution Time: 0.150 ms
(10 rows)

