SET
SET
SET
SET
SET
                                             QUERY PLAN                                             
----------------------------------------------------------------------------------------------------
 Index Scan Backward using idx on public.t (actual rows=512.00 loops=1)
   Output: a, b
   Index Cond: ((t.a >= '-26391'::integer) AND (t.a <= '-26136'::integer))
   Index Searches: 1
   Prefetch: distance=2.000 count=4 stalls=163 skipped=22 resets=0 ungets=0 forwarded=0
             histogram [2,4) => 4
   Buffers: shared hit=427 read=29
 Settings: enable_bitmapscan = 'off', enable_seqscan = 'off', max_parallel_workers_per_gather = '0'
 Planning:
   Buffers: shared hit=86 read=27
 Planning Time: 6.258 ms
 Execution Time: 3.260 ms
(12 rows)

SET
SET
SET
SET
SET
                                             QUERY PLAN                                             
----------------------------------------------------------------------------------------------------
 Index Scan Backward using idx on public.t (actual rows=512.00 loops=1)
   Output: a, b
   Index Cond: ((t.a >= '-26391'::integer) AND (t.a <= '-26136'::integer))
   Index Searches: 1
   Buffers: shared hit=456
 Settings: enable_bitmapscan = 'off', enable_seqscan = 'off', max_parallel_workers_per_gather = '0'
 Planning:
   Buffers: shared hit=118
 Planning Time: 0.365 ms
 Execution Time: 0.208 ms
(10 rows)

