SET
SET
SET
SET
SET
                                             QUERY PLAN                                             
----------------------------------------------------------------------------------------------------
 Index Scan Backward using idx on public.t (actual rows=2048.00 loops=1)
   Output: a, b
   Index Cond: ((t.a >= '-6082'::integer) AND (t.a <= '-5059'::integer))
   Index Searches: 1
   Prefetch: distance=2.000 count=36 stalls=1538 skipped=221 resets=0 ungets=0 forwarded=0
             histogram [2,4) => 36
   Buffers: shared hit=1758 read=47
 Settings: enable_bitmapscan = 'off', enable_seqscan = 'off', max_parallel_workers_per_gather = '0'
 Planning:
   Buffers: shared hit=86 read=27
 Planning Time: 6.218 ms
 Execution Time: 5.164 ms
(12 rows)

SET
SET
SET
SET
SET
                                             QUERY PLAN                                             
----------------------------------------------------------------------------------------------------
 Index Scan Backward using idx on public.t (actual rows=2048.00 loops=1)
   Output: a, b
   Index Cond: ((t.a >= '-6082'::integer) AND (t.a <= '-5059'::integer))
   Index Searches: 1
   Buffers: shared hit=1805
 Settings: enable_bitmapscan = 'off', enable_seqscan = 'off', max_parallel_workers_per_gather = '0'
 Planning:
   Buffers: shared hit=118
 Planning Time: 0.345 ms
 Execution Time: 0.606 ms
(10 rows)

