SET
SET
SET
SET
SET
                                             QUERY PLAN                                             
----------------------------------------------------------------------------------------------------
 Index Scan Backward using idx on public.t (actual rows=8192.00 loops=1)
   Output: a, b
   Index Cond: ((t.a >= '-20560'::integer) AND (t.a <= '-16465'::integer))
   Index Searches: 1
   Prefetch: distance=2.060 count=149 stalls=6940 skipped=926 resets=0 ungets=0 forwarded=0
             histogram [2,4) => 146, [4,8) => 3
   Buffers: shared hit=7151 read=119
 Settings: enable_bitmapscan = 'off', enable_seqscan = 'off', max_parallel_workers_per_gather = '0'
 Planning:
   Buffers: shared hit=86 read=27
 Planning Time: 6.332 ms
 Execution Time: 8.418 ms
(12 rows)

SET
SET
SET
SET
SET
                                             QUERY PLAN                                             
----------------------------------------------------------------------------------------------------
 Index Scan Backward using idx on public.t (actual rows=8192.00 loops=1)
   Output: a, b
   Index Cond: ((t.a >= '-20560'::integer) AND (t.a <= '-16465'::integer))
   Index Searches: 1
   Buffers: shared hit=7270
 Settings: enable_bitmapscan = 'off', enable_seqscan = 'off', max_parallel_workers_per_gather = '0'
 Planning:
   Buffers: shared hit=118
 Planning Time: 0.320 ms
 Execution Time: 2.151 ms
(10 rows)

