SET
SET
SET
SET
SET
                                             QUERY PLAN                                             
----------------------------------------------------------------------------------------------------
 Index Scan Backward using idx on public.t (actual rows=512.00 loops=1)
   Output: a, b
   Index Cond: ((t.a >= 6422) AND (t.a <= 6453))
   Index Searches: 1
   Prefetch: distance=2.000 count=8 stalls=193 skipped=54 resets=0 ungets=0 forwarded=0
             histogram [2,4) => 8
   Buffers: shared hit=357 read=33
 Settings: enable_bitmapscan = 'off', enable_seqscan = 'off', max_parallel_workers_per_gather = '0'
 Planning:
   Buffers: shared hit=78 read=22
 Planning Time: 5.745 ms
 Execution Time: 4.178 ms
(12 rows)

SET
SET
SET
SET
SET
                                             QUERY PLAN                                             
----------------------------------------------------------------------------------------------------
 Index Scan Backward using idx on public.t (actual rows=512.00 loops=1)
   Output: a, b
   Index Cond: ((t.a >= 6422) AND (t.a <= 6453))
   Index Searches: 1
   Buffers: shared hit=390
 Settings: enable_bitmapscan = 'off', enable_seqscan = 'off', max_parallel_workers_per_gather = '0'
 Planning:
   Buffers: shared hit=105
 Planning Time: 0.313 ms
 Execution Time: 0.210 ms
(10 rows)

