SET
SET
SET
SET
SET
                                             QUERY PLAN                                             
----------------------------------------------------------------------------------------------------
 Index Scan Backward using idx on public.t (actual rows=2048.00 loops=1)
   Output: a, b
   Index Cond: ((t.a >= 32084) AND (t.a <= 32211))
   Index Searches: 1
   Prefetch: distance=2.070 count=43 stalls=1265 skipped=423 resets=0 ungets=0 forwarded=0
             histogram [2,4) => 42, [4,8) => 1
   Buffers: shared hit=1493 read=57
 Settings: enable_bitmapscan = 'off', enable_seqscan = 'off', max_parallel_workers_per_gather = '0'
 Planning:
   Buffers: shared hit=78 read=22
 Planning Time: 5.788 ms
 Execution Time: 5.378 ms
(12 rows)

SET
SET
SET
SET
SET
                                             QUERY PLAN                                             
----------------------------------------------------------------------------------------------------
 Index Scan Backward using idx on public.t (actual rows=2048.00 loops=1)
   Output: a, b
   Index Cond: ((t.a >= 32084) AND (t.a <= 32211))
   Index Searches: 1
   Buffers: shared hit=1550
 Settings: enable_bitmapscan = 'off', enable_seqscan = 'off', max_parallel_workers_per_gather = '0'
 Planning:
   Buffers: shared hit=105
 Planning Time: 0.319 ms
 Execution Time: 0.582 ms
(10 rows)

