SET
SET
SET
SET
SET
                                                                   QUERY PLAN                                                                   
------------------------------------------------------------------------------------------------------------------------------------------------
 Index Scan Backward using idx on public.t (actual rows=8192.00 loops=1)
   Output: a, b
   Index Cond: ((t.a >= 14924) AND (t.a <= 15435))
   Index Searches: 1
   Prefetch: distance=248.786 count=6116 stalls=1 skipped=2084 resets=0 ungets=20 forwarded=0
             histogram [2,4) => 2, [4,8) => 5, [8,16) => 11, [16,32) => 11, [32,64) => 26, [64,128) => 26, [128,256) => 3115, [256,512) => 2920
   Buffers: shared hit=5986 read=148
 Settings: enable_bitmapscan = 'off', enable_seqscan = 'off', max_parallel_workers_per_gather = '0'
 Planning:
   Buffers: shared hit=78 read=22
 Planning Time: 5.477 ms
 Execution Time: 9.037 ms
(12 rows)

SET
SET
SET
SET
SET
                                             QUERY PLAN                                             
----------------------------------------------------------------------------------------------------
 Index Scan Backward using idx on public.t (actual rows=8192.00 loops=1)
   Output: a, b
   Index Cond: ((t.a >= 14924) AND (t.a <= 15435))
   Index Searches: 1
   Buffers: shared hit=6134
 Settings: enable_bitmapscan = 'off', enable_seqscan = 'off', max_parallel_workers_per_gather = '0'
 Planning:
   Buffers: shared hit=105
 Planning Time: 0.314 ms
 Execution Time: 1.996 ms
(10 rows)

