SET
SET
SET
SET
SET
                                             QUERY PLAN                                             
----------------------------------------------------------------------------------------------------
 Index Scan Backward using idx on public.t (actual rows=512.00 loops=1)
   Output: a, b
   Index Cond: ((t.a >= '-12898'::integer) AND (t.a <= '-12643'::integer))
   Index Searches: 1
   Prefetch: distance=2.444 count=9 stalls=349 skipped=47 resets=0 ungets=0 forwarded=0
             histogram [2,4) => 7, [4,8) => 2
   Buffers: shared hit=430 read=30
 Settings: enable_bitmapscan = 'off', enable_seqscan = 'off', max_parallel_workers_per_gather = '0'
 Planning:
   Buffers: shared hit=86 read=27
 Planning Time: 5.882 ms
 Execution Time: 3.617 ms
(12 rows)

SET
SET
SET
SET
SET
                                             QUERY PLAN                                             
----------------------------------------------------------------------------------------------------
 Index Scan Backward using idx on public.t (actual rows=512.00 loops=1)
   Output: a, b
   Index Cond: ((t.a >= '-12898'::integer) AND (t.a <= '-12643'::integer))
   Index Searches: 1
   Buffers: shared hit=460
 Settings: enable_bitmapscan = 'off', enable_seqscan = 'off', max_parallel_workers_per_gather = '0'
 Planning:
   Buffers: shared hit=118
 Planning Time: 0.342 ms
 Execution Time: 0.211 ms
(10 rows)

