SET
SET
SET
SET
SET
                                                                   QUERY PLAN                                                                   
------------------------------------------------------------------------------------------------------------------------------------------------
 Index Scan Backward using idx on public.t (actual rows=4096.00 loops=1)
   Output: a, b
   Index Cond: ((t.a >= '-27329'::integer) AND (t.a <= '-25282'::integer))
   Index Searches: 1
   Prefetch: distance=247.021 count=3705 stalls=1 skipped=438 resets=0 ungets=49 forwarded=5
             histogram [2,4) => 9, [4,8) => 20, [8,16) => 9, [16,32) => 11, [32,64) => 27, [64,128) => 56, [128,256) => 1389, [256,512) => 2184
   Buffers: shared hit=3603 read=71
 Settings: enable_bitmapscan = 'off', enable_seqscan = 'off', max_parallel_workers_per_gather = '0'
 Planning:
   Buffers: shared hit=86 read=27
 Planning Time: 6.228 ms
 Execution Time: 5.374 ms
(12 rows)

SET
SET
SET
SET
SET
                                             QUERY PLAN                                             
----------------------------------------------------------------------------------------------------
 Index Scan Backward using idx on public.t (actual rows=4096.00 loops=1)
   Output: a, b
   Index Cond: ((t.a >= '-27329'::integer) AND (t.a <= '-25282'::integer))
   Index Searches: 1
   Buffers: shared hit=3674
 Settings: enable_bitmapscan = 'off', enable_seqscan = 'off', max_parallel_workers_per_gather = '0'
 Planning:
   Buffers: shared hit=118
 Planning Time: 0.356 ms
 Execution Time: 1.139 ms
(10 rows)

