SET
SET
SET
SET
SET
                                             QUERY PLAN                                             
----------------------------------------------------------------------------------------------------
 Index Scan Backward using idx on public.t (actual rows=1024.00 loops=1)
   Output: a, b
   Index Cond: ((t.a >= '-1424'::integer) AND (t.a <= '-913'::integer))
   Index Searches: 1
   Prefetch: distance=2.176 count=34 stalls=856 skipped=115 resets=0 ungets=0 forwarded=0
             histogram [2,4) => 32, [4,8) => 2
   Buffers: shared hit=882 read=35
 Settings: enable_bitmapscan = 'off', enable_seqscan = 'off', max_parallel_workers_per_gather = '0'
 Planning:
   Buffers: shared hit=86 read=27
 Planning Time: 6.234 ms
 Execution Time: 3.639 ms
(12 rows)

SET
SET
SET
SET
SET
                                             QUERY PLAN                                             
----------------------------------------------------------------------------------------------------
 Index Scan Backward using idx on public.t (actual rows=1024.00 loops=1)
   Output: a, b
   Index Cond: ((t.a >= '-1424'::integer) AND (t.a <= '-913'::integer))
   Index Searches: 1
   Buffers: shared hit=917
 Settings: enable_bitmapscan = 'off', enable_seqscan = 'off', max_parallel_workers_per_gather = '0'
 Planning:
   Buffers: shared hit=118
 Planning Time: 0.452 ms
 Execution Time: 0.481 ms
(10 rows)

