SET
SET
SET
SET
SET
                                             QUERY PLAN                                             
----------------------------------------------------------------------------------------------------
 Index Scan Backward using idx on public.t (actual rows=8192.00 loops=1)
   Output: a, b
   Index Cond: ((t.a >= '-19983'::integer) AND (t.a <= '-15888'::integer))
   Index Searches: 1
   Prefetch: distance=2.060 count=151 stalls=6986 skipped=942 resets=0 ungets=0 forwarded=0
             histogram [2,4) => 148, [4,8) => 3
   Buffers: shared hit=7149 read=119
 Settings: enable_bitmapscan = 'off', enable_seqscan = 'off', max_parallel_workers_per_gather = '0'
 Planning:
   Buffers: shared hit=86 read=27
 Planning Time: 6.172 ms
 Execution Time: 8.295 ms
(12 rows)

SET
SET
SET
SET
SET
                                             QUERY PLAN                                             
----------------------------------------------------------------------------------------------------
 Index Scan Backward using idx on public.t (actual rows=8192.00 loops=1)
   Output: a, b
   Index Cond: ((t.a >= '-19983'::integer) AND (t.a <= '-15888'::integer))
   Index Searches: 1
   Buffers: shared hit=7268
 Settings: enable_bitmapscan = 'off', enable_seqscan = 'off', max_parallel_workers_per_gather = '0'
 Planning:
   Buffers: shared hit=118
 Planning Time: 0.341 ms
 Execution Time: 2.215 ms
(10 rows)

