SET
SET
SET
SET
SET
                                             QUERY PLAN                                             
----------------------------------------------------------------------------------------------------
 Index Scan Backward using idx on public.t (actual rows=4096.00 loops=1)
   Output: a, b
   Index Cond: ((t.a >= '-26771'::integer) AND (t.a <= '-24724'::integer))
   Index Searches: 1
   Prefetch: distance=2.081 count=74 stalls=3289 skipped=428 resets=0 ungets=0 forwarded=0
             histogram [2,4) => 72, [4,8) => 2
   Buffers: shared hit=3579 read=70
 Settings: enable_bitmapscan = 'off', enable_seqscan = 'off', max_parallel_workers_per_gather = '0'
 Planning:
   Buffers: shared hit=86 read=27
 Planning Time: 6.179 ms
 Execution Time: 5.435 ms
(12 rows)

SET
SET
SET
SET
SET
                                             QUERY PLAN                                             
----------------------------------------------------------------------------------------------------
 Index Scan Backward using idx on public.t (actual rows=4096.00 loops=1)
   Output: a, b
   Index Cond: ((t.a >= '-26771'::integer) AND (t.a <= '-24724'::integer))
   Index Searches: 1
   Buffers: shared hit=3649
 Settings: enable_bitmapscan = 'off', enable_seqscan = 'off', max_parallel_workers_per_gather = '0'
 Planning:
   Buffers: shared hit=118
 Planning Time: 0.346 ms
 Execution Time: 1.076 ms
(10 rows)

