SET
SET
SET
SET
SET
                                             QUERY PLAN                                             
----------------------------------------------------------------------------------------------------
 Index Scan Backward using idx on public.t (actual rows=1024.00 loops=1)
   Output: a, b
   Index Cond: ((t.a >= '-18362'::integer) AND (t.a <= '-17851'::integer))
   Index Searches: 1
   Prefetch: distance=2.000 count=14 stalls=737 skipped=90 resets=0 ungets=0 forwarded=0
             histogram [2,4) => 14
   Buffers: shared hit=894 read=34
 Settings: enable_bitmapscan = 'off', enable_seqscan = 'off', max_parallel_workers_per_gather = '0'
 Planning:
   Buffers: shared hit=81 read=27
 Planning Time: 5.885 ms
 Execution Time: 3.664 ms
(12 rows)

SET
SET
SET
SET
SET
                                             QUERY PLAN                                             
----------------------------------------------------------------------------------------------------
 Index Scan Backward using idx on public.t (actual rows=1024.00 loops=1)
   Output: a, b
   Index Cond: ((t.a >= '-18362'::integer) AND (t.a <= '-17851'::integer))
   Index Searches: 1
   Buffers: shared hit=928
 Settings: enable_bitmapscan = 'off', enable_seqscan = 'off', max_parallel_workers_per_gather = '0'
 Planning:
   Buffers: shared hit=113
 Planning Time: 0.362 ms
 Execution Time: 0.324 ms
(10 rows)

