SET
SET
SET
SET
SET
                                             QUERY PLAN                                             
----------------------------------------------------------------------------------------------------
 Index Scan Backward using idx on public.t (actual rows=8192.00 loops=1)
   Output: a, b
   Index Cond: ((t.a >= '-4893'::integer) AND (t.a <= '-798'::integer))
   Index Searches: 1
   Prefetch: distance=2.137 count=161 stalls=6992 skipped=998 resets=0 ungets=0 forwarded=0
             histogram [2,4) => 153, [4,8) => 8
   Buffers: shared hit=7100 read=118
 Settings: enable_bitmapscan = 'off', enable_seqscan = 'off', max_parallel_workers_per_gather = '0'
 Planning:
   Buffers: shared hit=81 read=27
 Planning Time: 6.245 ms
 Execution Time: 13.828 ms
(12 rows)

SET
SET
SET
SET
SET
                                             QUERY PLAN                                             
----------------------------------------------------------------------------------------------------
 Index Scan Backward using idx on public.t (actual rows=8192.00 loops=1)
   Output: a, b
   Index Cond: ((t.a >= '-4893'::integer) AND (t.a <= '-798'::integer))
   Index Searches: 1
   Buffers: shared hit=7218
 Settings: enable_bitmapscan = 'off', enable_seqscan = 'off', max_parallel_workers_per_gather = '0'
 Planning:
   Buffers: shared hit=113
 Planning Time: 0.360 ms
 Execution Time: 2.218 ms
(10 rows)

