SET
SET
SET
SET
SET
                                                                   QUERY PLAN                                                                   
------------------------------------------------------------------------------------------------------------------------------------------------
 Index Scan Backward using idx on public.t (actual rows=4096.00 loops=1)
   Output: a, b
   Index Cond: ((t.a >= '-20305'::integer) AND (t.a <= '-18258'::integer))
   Index Searches: 1
   Prefetch: distance=247.851 count=3601 stalls=1 skipped=496 resets=0 ungets=11 forwarded=2
             histogram [2,4) => 2, [4,8) => 13, [8,16) => 9, [16,32) => 25, [32,64) => 29, [64,128) => 12, [128,256) => 1590, [256,512) => 1921
   Buffers: shared hit=3544 read=71
 Settings: enable_bitmapscan = 'off', enable_seqscan = 'off', max_parallel_workers_per_gather = '0'
 Planning:
   Buffers: shared hit=81 read=27
 Planning Time: 6.165 ms
 Execution Time: 6.265 ms
(12 rows)

SET
SET
SET
SET
SET
                                             QUERY PLAN                                             
----------------------------------------------------------------------------------------------------
 Index Scan Backward using idx on public.t (actual rows=4096.00 loops=1)
   Output: a, b
   Index Cond: ((t.a >= '-20305'::integer) AND (t.a <= '-18258'::integer))
   Index Searches: 1
   Buffers: shared hit=3616
 Settings: enable_bitmapscan = 'off', enable_seqscan = 'off', max_parallel_workers_per_gather = '0'
 Planning:
   Buffers: shared hit=113
 Planning Time: 0.361 ms
 Execution Time: 1.063 ms
(10 rows)

