SET
SET
SET
SET
SET
                                             QUERY PLAN                                             
----------------------------------------------------------------------------------------------------
 Index Scan Backward using idx on public.t (actual rows=4096.00 loops=1)
   Output: a, b
   Index Cond: ((t.a >= '-26930'::integer) AND (t.a <= '-24883'::integer))
   Index Searches: 1
   Prefetch: distance=2.123 count=73 stalls=3287 skipped=469 resets=0 ungets=0 forwarded=0
             histogram [2,4) => 70, [4,8) => 3
   Buffers: shared hit=3542 read=69
 Settings: enable_bitmapscan = 'off', enable_seqscan = 'off', max_parallel_workers_per_gather = '0'
 Planning:
   Buffers: shared hit=81 read=27
 Planning Time: 6.342 ms
 Execution Time: 8.808 ms
(12 rows)

SET
SET
SET
SET
SET
                                             QUERY PLAN                                             
----------------------------------------------------------------------------------------------------
 Index Scan Backward using idx on public.t (actual rows=4096.00 loops=1)
   Output: a, b
   Index Cond: ((t.a >= '-26930'::integer) AND (t.a <= '-24883'::integer))
   Index Searches: 1
   Buffers: shared hit=3611
 Settings: enable_bitmapscan = 'off', enable_seqscan = 'off', max_parallel_workers_per_gather = '0'
 Planning:
   Buffers: shared hit=113
 Planning Time: 0.353 ms
 Execution Time: 1.092 ms
(10 rows)

