SET
SET
SET
SET
SET
                                             QUERY PLAN                                             
----------------------------------------------------------------------------------------------------
 Index Scan Backward using idx on public.t (actual rows=2048.00 loops=1)
   Output: a, b
   Index Cond: ((t.a >= '-31754'::integer) AND (t.a <= '-30731'::integer))
   Index Searches: 1
   Prefetch: distance=2.167 count=36 stalls=1630 skipped=211 resets=0 ungets=0 forwarded=0
             histogram [2,4) => 34, [4,8) => 2
   Buffers: shared hit=1783 read=47
 Settings: enable_bitmapscan = 'off', enable_seqscan = 'off', max_parallel_workers_per_gather = '0'
 Planning:
   Buffers: shared hit=81 read=27
 Planning Time: 6.262 ms
 Execution Time: 5.911 ms
(12 rows)

SET
SET
SET
SET
SET
                                             QUERY PLAN                                             
----------------------------------------------------------------------------------------------------
 Index Scan Backward using idx on public.t (actual rows=2048.00 loops=1)
   Output: a, b
   Index Cond: ((t.a >= '-31754'::integer) AND (t.a <= '-30731'::integer))
   Index Searches: 1
   Buffers: shared hit=1830
 Settings: enable_bitmapscan = 'off', enable_seqscan = 'off', max_parallel_workers_per_gather = '0'
 Planning:
   Buffers: shared hit=113
 Planning Time: 0.472 ms
 Execution Time: 0.800 ms
(10 rows)

