SET
SET
SET
SET
SET
                                                                      QUERY PLAN                                                                       
-------------------------------------------------------------------------------------------------------------------------------------------------------
 Index Scan Backward using idx on public.t (actual rows=7048576.00 loops=1)
   Output: a, b
   Index Cond: ((t.a >= '-3550678'::integer) AND (t.a <= '-26391'::integer))
   Index Searches: 1
   Prefetch: distance=253.548 count=6245146 stalls=1 skipped=843538 resets=0 ungets=40118 forwarded=4566
             histogram [2,4) => 6, [4,8) => 9, [8,16) => 9, [16,32) => 15, [32,64) => 26, [64,128) => 1023, [128,256) => 2594148, [256,512) => 3649910
   Buffers: shared hit=6139104 read=83259
 Settings: enable_bitmapscan = 'off', enable_seqscan = 'off', max_parallel_workers_per_gather = '0'
 Planning:
   Buffers: shared hit=77 read=27
 Planning Time: 6.490 ms
 Execution Time: 5398.615 ms
(12 rows)

SET
SET
SET
SET
SET
                                             QUERY PLAN                                             
----------------------------------------------------------------------------------------------------
 Index Scan Backward using idx on public.t (actual rows=7048576.00 loops=1)
   Output: a, b
   Index Cond: ((t.a >= '-3550678'::integer) AND (t.a <= '-26391'::integer))
   Index Searches: 1
   Buffers: shared hit=6222405
 Settings: enable_bitmapscan = 'off', enable_seqscan = 'off', max_parallel_workers_per_gather = '0'
 Planning:
   Buffers: shared hit=109
 Planning Time: 0.411 ms
 Execution Time: 2021.982 ms
(10 rows)

