SET
SET
SET
SET
SET
                                             QUERY PLAN                                             
----------------------------------------------------------------------------------------------------
 Index Scan Backward using idx on public.t (actual rows=4096.00 loops=1)
   Output: a, b
   Index Cond: ((t.a >= '-5090'::integer) AND (t.a <= '-3043'::integer))
   Index Searches: 1
   Prefetch: distance=2.187 count=91 stalls=3468 skipped=508 resets=0 ungets=0 forwarded=0
             histogram [2,4) => 84, [4,8) => 7
   Buffers: shared hit=3531 read=70
 Settings: enable_bitmapscan = 'off', enable_seqscan = 'off', max_parallel_workers_per_gather = '0'
 Planning:
   Buffers: shared hit=81 read=27
 Planning Time: 6.248 ms
 Execution Time: 9.127 ms
(12 rows)

SET
SET
SET
SET
SET
                                             QUERY PLAN                                             
----------------------------------------------------------------------------------------------------
 Index Scan Backward using idx on public.t (actual rows=4096.00 loops=1)
   Output: a, b
   Index Cond: ((t.a >= '-5090'::integer) AND (t.a <= '-3043'::integer))
   Index Searches: 1
   Buffers: shared hit=3601
 Settings: enable_bitmapscan = 'off', enable_seqscan = 'off', max_parallel_workers_per_gather = '0'
 Planning:
   Buffers: shared hit=113
 Planning Time: 0.357 ms
 Execution Time: 1.170 ms
(10 rows)

