SET
SET
SET
SET
SET
                                             QUERY PLAN                                             
----------------------------------------------------------------------------------------------------
 Index Scan Backward using idx on public.t (actual rows=8192.00 loops=1)
   Output: a, b
   Index Cond: ((t.a >= '-30674'::integer) AND (t.a <= '-26579'::integer))
   Index Searches: 1
   Prefetch: distance=2.057 count=157 stalls=7007 skipped=987 resets=0 ungets=0 forwarded=0
             histogram [2,4) => 154, [4,8) => 3
   Buffers: shared hit=7106 read=119
 Settings: enable_bitmapscan = 'off', enable_seqscan = 'off', max_parallel_workers_per_gather = '0'
 Planning:
   Buffers: shared hit=81 read=27
 Planning Time: 6.343 ms
 Execution Time: 14.801 ms
(12 rows)

SET
SET
SET
SET
SET
                                             QUERY PLAN                                             
----------------------------------------------------------------------------------------------------
 Index Scan Backward using idx on public.t (actual rows=8192.00 loops=1)
   Output: a, b
   Index Cond: ((t.a >= '-30674'::integer) AND (t.a <= '-26579'::integer))
   Index Searches: 1
   Buffers: shared hit=7225
 Settings: enable_bitmapscan = 'off', enable_seqscan = 'off', max_parallel_workers_per_gather = '0'
 Planning:
   Buffers: shared hit=113
 Planning Time: 0.345 ms
 Execution Time: 2.100 ms
(10 rows)

