SET
SET
SET
SET
SET
                                             QUERY PLAN                                             
----------------------------------------------------------------------------------------------------
 Index Scan Backward using idx on public.t (actual rows=1024.00 loops=1)
   Output: a, b
   Index Cond: ((t.a >= '-32532'::integer) AND (t.a <= '-32021'::integer))
   Index Searches: 1
   Prefetch: distance=2.000 count=16 stalls=776 skipped=129 resets=0 ungets=0 forwarded=0
             histogram [2,4) => 16
   Buffers: shared hit=854 read=34
 Settings: enable_bitmapscan = 'off', enable_seqscan = 'off', max_parallel_workers_per_gather = '0'
 Planning:
   Buffers: shared hit=81 read=27
 Planning Time: 6.346 ms
 Execution Time: 3.961 ms
(12 rows)

SET
SET
SET
SET
SET
                                             QUERY PLAN                                             
----------------------------------------------------------------------------------------------------
 Index Scan Backward using idx on public.t (actual rows=1024.00 loops=1)
   Output: a, b
   Index Cond: ((t.a >= '-32532'::integer) AND (t.a <= '-32021'::integer))
   Index Searches: 1
   Buffers: shared hit=888
 Settings: enable_bitmapscan = 'off', enable_seqscan = 'off', max_parallel_workers_per_gather = '0'
 Planning:
   Buffers: shared hit=113
 Planning Time: 0.346 ms
 Execution Time: 0.333 ms
(10 rows)

