SET
SET
SET
SET
SET
                                             QUERY PLAN                                             
----------------------------------------------------------------------------------------------------
 Index Scan Backward using idx on public.t (actual rows=512.00 loops=1)
   Output: a, b
   Index Cond: ((t.a >= '-18891'::integer) AND (t.a <= '-18636'::integer))
   Index Searches: 1
   Prefetch: distance=15.412 count=102 stalls=323 skipped=64 resets=0 ungets=0 forwarded=0
             histogram [2,4) => 12, [4,8) => 15, [8,16) => 22, [16,32) => 50, [32,64) => 3
   Buffers: shared hit=422 read=30
 Settings: enable_bitmapscan = 'off', enable_seqscan = 'off', max_parallel_workers_per_gather = '0'
 Planning:
   Buffers: shared hit=81 read=27
 Planning Time: 9.259 ms
 Execution Time: 4.007 ms
(12 rows)

SET
SET
SET
SET
SET
                                             QUERY PLAN                                             
----------------------------------------------------------------------------------------------------
 Index Scan Backward using idx on public.t (actual rows=512.00 loops=1)
   Output: a, b
   Index Cond: ((t.a >= '-18891'::integer) AND (t.a <= '-18636'::integer))
   Index Searches: 1
   Buffers: shared hit=452
 Settings: enable_bitmapscan = 'off', enable_seqscan = 'off', max_parallel_workers_per_gather = '0'
 Planning:
   Buffers: shared hit=113
 Planning Time: 0.597 ms
 Execution Time: 0.363 ms
(10 rows)

