SET
SET
SET
SET
SET
                                                                  QUERY PLAN                                                                   
-----------------------------------------------------------------------------------------------------------------------------------------------
 Index Scan Backward using idx on public.t (actual rows=32768.00 loops=1)
   Output: a, b
   Index Cond: ((t.a >= '-36340'::integer) AND (t.a <= '-19957'::integer))
   Index Searches: 1
   Prefetch: distance=252.073 count=29033 stalls=1 skipped=3940 resets=0 ungets=211 forwarded=18
             histogram [2,4) => 2, [4,8) => 7, [8,16) => 6, [16,32) => 10, [32,64) => 8, [64,128) => 2, [128,256) => 12711, [256,512) => 16287
   Buffers: shared hit=28500 read=411
 Settings: enable_bitmapscan = 'off', enable_seqscan = 'off', max_parallel_workers_per_gather = '0'
 Planning:
   Buffers: shared hit=81 read=27
 Planning Time: 6.747 ms
 Execution Time: 28.176 ms
(12 rows)

SET
SET
SET
SET
SET
                                             QUERY PLAN                                             
----------------------------------------------------------------------------------------------------
 Index Scan Backward using idx on public.t (actual rows=32768.00 loops=1)
   Output: a, b
   Index Cond: ((t.a >= '-36340'::integer) AND (t.a <= '-19957'::integer))
   Index Searches: 1
   Buffers: shared hit=28911
 Settings: enable_bitmapscan = 'off', enable_seqscan = 'off', max_parallel_workers_per_gather = '0'
 Planning:
   Buffers: shared hit=113
 Planning Time: 0.386 ms
 Execution Time: 7.767 ms
(10 rows)

