SET
SET
SET
SET
SET
                                             QUERY PLAN                                             
----------------------------------------------------------------------------------------------------
 Index Scan Backward using idx on public.t (actual rows=2048.00 loops=1)
   Output: a, b
   Index Cond: ((t.a >= '-17410'::integer) AND (t.a <= '-16387'::integer))
   Index Searches: 1
   Prefetch: distance=2.000 count=34 stalls=1496 skipped=209 resets=0 ungets=0 forwarded=0
             histogram [2,4) => 34
   Buffers: shared hit=1769 read=47
 Settings: enable_bitmapscan = 'off', enable_seqscan = 'off', max_parallel_workers_per_gather = '0'
 Planning:
   Buffers: shared hit=81 read=27
 Planning Time: 6.334 ms
 Execution Time: 5.842 ms
(12 rows)

SET
SET
SET
SET
SET
                                             QUERY PLAN                                             
----------------------------------------------------------------------------------------------------
 Index Scan Backward using idx on public.t (actual rows=2048.00 loops=1)
   Output: a, b
   Index Cond: ((t.a >= '-17410'::integer) AND (t.a <= '-16387'::integer))
   Index Searches: 1
   Buffers: shared hit=1816
 Settings: enable_bitmapscan = 'off', enable_seqscan = 'off', max_parallel_workers_per_gather = '0'
 Planning:
   Buffers: shared hit=113
 Planning Time: 0.361 ms
 Execution Time: 0.647 ms
(10 rows)

