SET
SET
SET
SET
SET
                                             QUERY PLAN                                             
----------------------------------------------------------------------------------------------------
 Index Scan Backward using idx on public.t (actual rows=8192.00 loops=1)
   Output: a, b
   Index Cond: ((t.a >= '-12246'::integer) AND (t.a <= '-8151'::integer))
   Index Searches: 1
   Prefetch: distance=2.039 count=154 stalls=6931 skipped=976 resets=0 ungets=0 forwarded=0
             histogram [2,4) => 152, [4,8) => 2
   Buffers: shared hit=7106 read=119
 Settings: enable_bitmapscan = 'off', enable_seqscan = 'off', max_parallel_workers_per_gather = '0'
 Planning:
   Buffers: shared hit=81 read=27
 Planning Time: 6.287 ms
 Execution Time: 17.067 ms
(12 rows)

SET
SET
SET
SET
SET
                                             QUERY PLAN                                             
----------------------------------------------------------------------------------------------------
 Index Scan Backward using idx on public.t (actual rows=8192.00 loops=1)
   Output: a, b
   Index Cond: ((t.a >= '-12246'::integer) AND (t.a <= '-8151'::integer))
   Index Searches: 1
   Buffers: shared hit=7225
 Settings: enable_bitmapscan = 'off', enable_seqscan = 'off', max_parallel_workers_per_gather = '0'
 Planning:
   Buffers: shared hit=113
 Planning Time: 0.381 ms
 Execution Time: 2.222 ms
(10 rows)

