SET
SET
SET
SET
SET
                                                                      QUERY PLAN                                                                       
-------------------------------------------------------------------------------------------------------------------------------------------------------
 Index Scan Backward using idx on public.t (actual rows=4048576.00 loops=1)
   Output: a, b
   Index Cond: ((t.a >= '-2043611'::integer) AND (t.a <= '-19324'::integer))
   Index Searches: 1
   Prefetch: distance=253.417 count=3586726 stalls=4 skipped=484738 resets=0 ungets=22911 forwarded=2661
             histogram [2,4) => 4, [4,8) => 6, [8,16) => 14, [16,32) => 18, [32,64) => 64, [64,128) => 689, [128,256) => 1497792, [256,512) => 2088139
   Buffers: shared hit=3525951 read=47834
 Settings: enable_bitmapscan = 'off', enable_seqscan = 'off', max_parallel_workers_per_gather = '0'
 Planning:
   Buffers: shared hit=77 read=27
 Planning Time: 6.228 ms
 Execution Time: 3088.200 ms
(12 rows)

SET
SET
SET
SET
SET
                                             QUERY PLAN                                             
----------------------------------------------------------------------------------------------------
 Index Scan Backward using idx on public.t (actual rows=4048576.00 loops=1)
   Output: a, b
   Index Cond: ((t.a >= '-2043611'::integer) AND (t.a <= '-19324'::integer))
   Index Searches: 1
   Buffers: shared hit=3573814
 Settings: enable_bitmapscan = 'off', enable_seqscan = 'off', max_parallel_workers_per_gather = '0'
 Planning:
   Buffers: shared hit=109
 Planning Time: 0.418 ms
 Execution Time: 1183.952 ms
(10 rows)

