SET
SET
SET
SET
SET
                                             QUERY PLAN                                             
----------------------------------------------------------------------------------------------------
 Index Scan Backward using idx on public.t (actual rows=4096.00 loops=1)
   Output: a, b
   Index Cond: ((t.a >= '-7157'::integer) AND (t.a <= '-5110'::integer))
   Index Searches: 1
   Prefetch: distance=2.150 count=80 stalls=3408 skipped=505 resets=0 ungets=0 forwarded=0
             histogram [2,4) => 76, [4,8) => 4
   Buffers: shared hit=3526 read=70
 Settings: enable_bitmapscan = 'off', enable_seqscan = 'off', max_parallel_workers_per_gather = '0'
 Planning:
   Buffers: shared hit=81 read=27
 Planning Time: 6.337 ms
 Execution Time: 8.734 ms
(12 rows)

SET
SET
SET
SET
SET
                                             QUERY PLAN                                             
----------------------------------------------------------------------------------------------------
 Index Scan Backward using idx on public.t (actual rows=4096.00 loops=1)
   Output: a, b
   Index Cond: ((t.a >= '-7157'::integer) AND (t.a <= '-5110'::integer))
   Index Searches: 1
   Buffers: shared hit=3596
 Settings: enable_bitmapscan = 'off', enable_seqscan = 'off', max_parallel_workers_per_gather = '0'
 Planning:
   Buffers: shared hit=113
 Planning Time: 0.457 ms
 Execution Time: 1.069 ms
(10 rows)

