SET
SET
SET
SET
SET
                                             QUERY PLAN                                             
----------------------------------------------------------------------------------------------------
 Index Scan Backward using idx on public.t (actual rows=8192.00 loops=1)
   Output: a, b
   Index Cond: ((t.a >= '-27803'::integer) AND (t.a <= '-23708'::integer))
   Index Searches: 1
   Prefetch: distance=2.080 count=150 stalls=6739 skipped=914 resets=0 ungets=0 forwarded=0
             histogram [2,4) => 146, [4,8) => 4
   Buffers: shared hit=7138 read=121
 Settings: enable_bitmapscan = 'off', enable_seqscan = 'off', max_parallel_workers_per_gather = '0'
 Planning:
   Buffers: shared hit=81 read=27
 Planning Time: 6.589 ms
 Execution Time: 15.489 ms
(12 rows)

SET
SET
SET
SET
SET
                                             QUERY PLAN                                             
----------------------------------------------------------------------------------------------------
 Index Scan Backward using idx on public.t (actual rows=8192.00 loops=1)
   Output: a, b
   Index Cond: ((t.a >= '-27803'::integer) AND (t.a <= '-23708'::integer))
   Index Searches: 1
   Buffers: shared hit=7259
 Settings: enable_bitmapscan = 'off', enable_seqscan = 'off', max_parallel_workers_per_gather = '0'
 Planning:
   Buffers: shared hit=113
 Planning Time: 0.426 ms
 Execution Time: 2.050 ms
(10 rows)

