SET
SET
SET
SET
SET
                                             QUERY PLAN                                             
----------------------------------------------------------------------------------------------------
 Index Scan Backward using idx on public.t (actual rows=512.00 loops=1)
   Output: a, b
   Index Cond: ((t.a >= '-21615'::integer) AND (t.a <= '-21360'::integer))
   Index Searches: 1
   Prefetch: distance=2.000 count=2 stalls=268 skipped=49 resets=0 ungets=0 forwarded=0
             histogram [2,4) => 2
   Buffers: shared hit=424 read=28
 Settings: enable_bitmapscan = 'off', enable_seqscan = 'off', max_parallel_workers_per_gather = '0'
 Planning:
   Buffers: shared hit=81 read=27
 Planning Time: 5.968 ms
 Execution Time: 3.643 ms
(12 rows)

SET
SET
SET
SET
SET
                                             QUERY PLAN                                             
----------------------------------------------------------------------------------------------------
 Index Scan Backward using idx on public.t (actual rows=512.00 loops=1)
   Output: a, b
   Index Cond: ((t.a >= '-21615'::integer) AND (t.a <= '-21360'::integer))
   Index Searches: 1
   Buffers: shared hit=452
 Settings: enable_bitmapscan = 'off', enable_seqscan = 'off', max_parallel_workers_per_gather = '0'
 Planning:
   Buffers: shared hit=113
 Planning Time: 0.496 ms
 Execution Time: 0.303 ms
(10 rows)

