SET
SET
SET
SET
SET
                                             QUERY PLAN                                             
----------------------------------------------------------------------------------------------------
 Index Scan Backward using idx on public.t (actual rows=1024.00 loops=1)
   Output: a, b
   Index Cond: ((t.a >= '-29627'::integer) AND (t.a <= '-29116'::integer))
   Index Searches: 1
   Prefetch: distance=2.000 count=14 stalls=544 skipped=83 resets=0 ungets=0 forwarded=0
             histogram [2,4) => 14
   Buffers: shared hit=862 read=33
 Settings: enable_bitmapscan = 'off', enable_seqscan = 'off', max_parallel_workers_per_gather = '0'
 Planning:
   Buffers: shared hit=81 read=27
 Planning Time: 6.144 ms
 Execution Time: 4.274 ms
(12 rows)

SET
SET
SET
SET
SET
                                             QUERY PLAN                                             
----------------------------------------------------------------------------------------------------
 Index Scan Backward using idx on public.t (actual rows=1024.00 loops=1)
   Output: a, b
   Index Cond: ((t.a >= '-29627'::integer) AND (t.a <= '-29116'::integer))
   Index Searches: 1
   Buffers: shared hit=895
 Settings: enable_bitmapscan = 'off', enable_seqscan = 'off', max_parallel_workers_per_gather = '0'
 Planning:
   Buffers: shared hit=113
 Planning Time: 0.344 ms
 Execution Time: 0.444 ms
(10 rows)

