SET
SET
SET
SET
SET
                                             QUERY PLAN                                             
----------------------------------------------------------------------------------------------------
 Index Scan using idx on public.t (actual rows=1024.00 loops=1)
   Output: a, b
   Index Cond: ((t.a >= 23024) AND (t.a <= 23087))
   Index Searches: 1
   Prefetch: distance=2.000 count=19 stalls=615 skipped=197 resets=0 ungets=0 forwarded=0
             histogram [2,4) => 19
   Buffers: shared hit=745 read=42
 Settings: enable_bitmapscan = 'off', enable_seqscan = 'off', max_parallel_workers_per_gather = '0'
 Planning:
   Buffers: shared hit=78 read=23
 Planning Time: 6.224 ms
 Execution Time: 4.006 ms
(12 rows)

SET
SET
SET
SET
SET
                                             QUERY PLAN                                             
----------------------------------------------------------------------------------------------------
 Index Scan using idx on public.t (actual rows=1024.00 loops=1)
   Output: a, b
   Index Cond: ((t.a >= 23024) AND (t.a <= 23087))
   Index Searches: 1
   Buffers: shared hit=787
 Settings: enable_bitmapscan = 'off', enable_seqscan = 'off', max_parallel_workers_per_gather = '0'
 Planning:
   Buffers: shared hit=106
 Planning Time: 0.318 ms
 Execution Time: 0.338 ms
(10 rows)

