SET
SET
SET
SET
SET
                                             QUERY PLAN                                             
----------------------------------------------------------------------------------------------------
 Index Scan using idx on public.t (actual rows=4096.00 loops=1)
   Output: a, b
   Index Cond: ((t.a >= '-5451'::integer) AND (t.a <= '-3404'::integer))
   Index Searches: 1
   Prefetch: distance=2.087 count=80 stalls=3402 skipped=519 resets=0 ungets=0 forwarded=0
             histogram [2,4) => 77, [4,8) => 3
   Buffers: shared hit=3512 read=71
 Settings: enable_bitmapscan = 'off', enable_seqscan = 'off', max_parallel_workers_per_gather = '0'
 Planning:
   Buffers: shared hit=85 read=27
 Planning Time: 6.401 ms
 Execution Time: 5.635 ms
(12 rows)

SET
SET
SET
SET
SET
                                             QUERY PLAN                                             
----------------------------------------------------------------------------------------------------
 Index Scan using idx on public.t (actual rows=4096.00 loops=1)
   Output: a, b
   Index Cond: ((t.a >= '-5451'::integer) AND (t.a <= '-3404'::integer))
   Index Searches: 1
   Buffers: shared hit=3583
 Settings: enable_bitmapscan = 'off', enable_seqscan = 'off', max_parallel_workers_per_gather = '0'
 Planning:
   Buffers: shared hit=117
 Planning Time: 0.348 ms
 Execution Time: 1.062 ms
(10 rows)

