SET
SET
SET
SET
SET
                                                                           QUERY PLAN                                                                           
----------------------------------------------------------------------------------------------------------------------------------------------------------------
 Index Scan using idx on public.t (actual rows=7048576.00 loops=1)
   Output: a, b
   Index Cond: ((t.a >= '-3546617'::integer) AND (t.a <= '-22330'::integer))
   Index Searches: 1
   Prefetch: distance=219.117 count=1997555 stalls=4207444 skipped=843591 resets=0 ungets=16 forwarded=1105
             histogram [2,4) => 90611, [4,8) => 2605, [8,16) => 20, [16,32) => 59, [32,64) => 225, [64,128) => 10391, [128,256) => 1417423, [256,512) => 476221
   Buffers: shared hit=6139080 read=83258
 Settings: enable_bitmapscan = 'off', enable_seqscan = 'off', max_parallel_workers_per_gather = '0'
 Planning:
   Buffers: shared hit=81 read=27
 Planning Time: 6.523 ms
 Execution Time: 3561.214 ms
(12 rows)

SET
SET
SET
SET
SET
                                             QUERY PLAN                                             
----------------------------------------------------------------------------------------------------
 Index Scan using idx on public.t (actual rows=7048576.00 loops=1)
   Output: a, b
   Index Cond: ((t.a >= '-3546617'::integer) AND (t.a <= '-22330'::integer))
   Index Searches: 1
   Buffers: shared hit=6222352
 Settings: enable_bitmapscan = 'off', enable_seqscan = 'off', max_parallel_workers_per_gather = '0'
 Planning:
   Buffers: shared hit=113
 Planning Time: 0.507 ms
 Execution Time: 2399.183 ms
(10 rows)

