SET
SET
SET
SET
SET
                                             QUERY PLAN                                             
----------------------------------------------------------------------------------------------------
 Index Scan using idx on public.t (actual rows=2048.00 loops=1)
   Output: a, b
   Index Cond: ((t.a >= 5799) AND (t.a <= 5926))
   Index Searches: 1
   Prefetch: distance=2.000 count=43 stalls=1348 skipped=462 resets=0 ungets=0 forwarded=0
             histogram [2,4) => 43
   Buffers: shared hit=1495 read=57
 Settings: enable_bitmapscan = 'off', enable_seqscan = 'off', max_parallel_workers_per_gather = '0'
 Planning:
   Buffers: shared hit=82 read=27
 Planning Time: 6.399 ms
 Execution Time: 3.843 ms
(12 rows)

SET
SET
SET
SET
SET
                                             QUERY PLAN                                             
----------------------------------------------------------------------------------------------------
 Index Scan using idx on public.t (actual rows=2048.00 loops=1)
   Output: a, b
   Index Cond: ((t.a >= 5799) AND (t.a <= 5926))
   Index Searches: 1
   Buffers: shared hit=1552
 Settings: enable_bitmapscan = 'off', enable_seqscan = 'off', max_parallel_workers_per_gather = '0'
 Planning:
   Buffers: shared hit=114
 Planning Time: 0.482 ms
 Execution Time: 0.830 ms
(10 rows)

