SET
SET
SET
SET
SET
                                             QUERY PLAN                                             
----------------------------------------------------------------------------------------------------
 Index Scan using idx on public.t (actual rows=1024.00 loops=1)
   Output: a, b
   Index Cond: ((t.a >= '-16728'::integer) AND (t.a <= '-16217'::integer))
   Index Searches: 1
   Prefetch: distance=2.000 count=26 stalls=836 skipped=115 resets=0 ungets=0 forwarded=0
             histogram [2,4) => 26
   Buffers: shared hit=878 read=34
 Settings: enable_bitmapscan = 'off', enable_seqscan = 'off', max_parallel_workers_per_gather = '0'
 Planning:
   Buffers: shared hit=85 read=27
 Planning Time: 6.503 ms
 Execution Time: 3.315 ms
(12 rows)

SET
SET
SET
SET
SET
                                             QUERY PLAN                                             
----------------------------------------------------------------------------------------------------
 Index Scan using idx on public.t (actual rows=1024.00 loops=1)
   Output: a, b
   Index Cond: ((t.a >= '-16728'::integer) AND (t.a <= '-16217'::integer))
   Index Searches: 1
   Buffers: shared hit=912
 Settings: enable_bitmapscan = 'off', enable_seqscan = 'off', max_parallel_workers_per_gather = '0'
 Planning:
   Buffers: shared hit=117
 Planning Time: 0.423 ms
 Execution Time: 0.342 ms
(10 rows)

