SET
SET
SET
SET
SET
                                             QUERY PLAN                                             
----------------------------------------------------------------------------------------------------
 Index Scan using idx on public.t (actual rows=8192.00 loops=1)
   Output: a, b
   Index Cond: ((t.a >= '-4538'::integer) AND (t.a <= '-443'::integer))
   Index Searches: 1
   Prefetch: distance=2.159 count=151 stalls=6752 skipped=956 resets=0 ungets=0 forwarded=0
             histogram [2,4) => 141, [4,8) => 10
   Buffers: shared hit=7107 read=115
 Settings: enable_bitmapscan = 'off', enable_seqscan = 'off', max_parallel_workers_per_gather = '0'
 Planning:
   Buffers: shared hit=85 read=27
 Planning Time: 6.146 ms
 Execution Time: 7.059 ms
(12 rows)

SET
SET
SET
SET
SET
                                             QUERY PLAN                                             
----------------------------------------------------------------------------------------------------
 Index Scan using idx on public.t (actual rows=8192.00 loops=1)
   Output: a, b
   Index Cond: ((t.a >= '-4538'::integer) AND (t.a <= '-443'::integer))
   Index Searches: 1
   Buffers: shared hit=7222
 Settings: enable_bitmapscan = 'off', enable_seqscan = 'off', max_parallel_workers_per_gather = '0'
 Planning:
   Buffers: shared hit=117
 Planning Time: 0.329 ms
 Execution Time: 2.076 ms
(10 rows)

