SET
SET
SET
SET
SET
                                                                           QUERY PLAN                                                                            
-----------------------------------------------------------------------------------------------------------------------------------------------------------------
 Index Scan using idx on public.t (actual rows=9048576.00 loops=1)
   Output: a, b
   Index Cond: ((t.a >= '-4555951'::integer) AND (t.a <= '-31664'::integer))
   Index Searches: 1
   Prefetch: distance=214.680 count=2019610 stalls=5945797 skipped=1083175 resets=0 ungets=15 forwarded=1115
             histogram [2,4) => 128042, [4,8) => 3734, [8,16) => 16, [16,32) => 45, [32,64) => 184, [64,128) => 10226, [128,256) => 1408308, [256,512) => 469055
   Buffers: shared hit=7880805 read=106878
 Settings: enable_bitmapscan = 'off', enable_seqscan = 'off', max_parallel_workers_per_gather = '0'
 Planning:
   Buffers: shared hit=81 read=27
 Planning Time: 6.297 ms
 Execution Time: 4478.938 ms
(12 rows)

SET
SET
SET
SET
SET
                                             QUERY PLAN                                             
----------------------------------------------------------------------------------------------------
 Index Scan using idx on public.t (actual rows=9048576.00 loops=1)
   Output: a, b
   Index Cond: ((t.a >= '-4555951'::integer) AND (t.a <= '-31664'::integer))
   Index Searches: 1
   Buffers: shared hit=7987694
 Settings: enable_bitmapscan = 'off', enable_seqscan = 'off', max_parallel_workers_per_gather = '0'
 Planning:
   Buffers: shared hit=113
 Planning Time: 0.400 ms
 Execution Time: 2514.654 ms
(10 rows)

