SET
SET
SET
SET
SET
                                             QUERY PLAN                                             
----------------------------------------------------------------------------------------------------
 Index Scan Backward using idx on public.t (actual rows=2048.00 loops=1)
   Output: a, b
   Index Cond: ((t.a >= 26869) AND (t.a <= 26996))
   Index Searches: 1
   Prefetch: distance=2.000 count=42 stalls=1264 skipped=433 resets=0 ungets=0 forwarded=0
             histogram [2,4) => 42
   Buffers: shared hit=1493 read=56
 Settings: enable_bitmapscan = 'off', enable_seqscan = 'off', max_parallel_workers_per_gather = '0'
 Planning:
   Buffers: shared hit=78 read=22
 Planning Time: 5.247 ms
 Execution Time: 5.167 ms
(12 rows)

SET
SET
SET
SET
SET
                                             QUERY PLAN                                             
----------------------------------------------------------------------------------------------------
 Index Scan Backward using idx on public.t (actual rows=2048.00 loops=1)
   Output: a, b
   Index Cond: ((t.a >= 26869) AND (t.a <= 26996))
   Index Searches: 1
   Buffers: shared hit=1549
 Settings: enable_bitmapscan = 'off', enable_seqscan = 'off', max_parallel_workers_per_gather = '0'
 Planning:
   Buffers: shared hit=105
 Planning Time: 0.322 ms
 Execution Time: 0.584 ms
(10 rows)

