SET
SET
SET
SET
SET
                                             QUERY PLAN                                             
----------------------------------------------------------------------------------------------------
 Index Scan Backward using idx on public.t (actual rows=4096.00 loops=1)
   Output: a, b
   Index Cond: ((t.a >= 27631) AND (t.a <= 27886))
   Index Searches: 1
   Prefetch: distance=2.032 count=93 stalls=2819 skipped=989 resets=0 ungets=0 forwarded=0
             histogram [2,4) => 92, [4,8) => 1
   Buffers: shared hit=2992 read=87
 Settings: enable_bitmapscan = 'off', enable_seqscan = 'off', max_parallel_workers_per_gather = '0'
 Planning:
   Buffers: shared hit=78 read=22
 Planning Time: 5.105 ms
 Execution Time: 6.997 ms
(12 rows)

SET
SET
SET
SET
SET
                                             QUERY PLAN                                             
----------------------------------------------------------------------------------------------------
 Index Scan Backward using idx on public.t (actual rows=4096.00 loops=1)
   Output: a, b
   Index Cond: ((t.a >= 27631) AND (t.a <= 27886))
   Index Searches: 1
   Buffers: shared hit=3079
 Settings: enable_bitmapscan = 'off', enable_seqscan = 'off', max_parallel_workers_per_gather = '0'
 Planning:
   Buffers: shared hit=105
 Planning Time: 0.299 ms
 Execution Time: 1.080 ms
(10 rows)

