SET
SET
SET
SET
SET
                                             QUERY PLAN                                             
----------------------------------------------------------------------------------------------------
 Index Scan using idx on public.t (actual rows=32.00 loops=1)
   Output: a, b
   Index Cond: ((t.a >= '-5689'::integer) AND (t.a <= '-5674'::integer))
   Index Searches: 1
   Prefetch: distance=2.000 count=4 stalls=5 skipped=2 resets=0 ungets=0 forwarded=0
             histogram [2,4) => 4
   Buffers: shared hit=21 read=15
 Settings: enable_bitmapscan = 'off', enable_seqscan = 'off', max_parallel_workers_per_gather = '0'
 Planning:
   Buffers: shared hit=85 read=27
 Planning Time: 6.382 ms
 Execution Time: 1.938 ms
(12 rows)

SET
SET
SET
SET
SET
                                             QUERY PLAN                                             
----------------------------------------------------------------------------------------------------
 Index Scan using idx on public.t (actual rows=32.00 loops=1)
   Output: a, b
   Index Cond: ((t.a >= '-5689'::integer) AND (t.a <= '-5674'::integer))
   Index Searches: 1
   Buffers: shared hit=36
 Settings: enable_bitmapscan = 'off', enable_seqscan = 'off', max_parallel_workers_per_gather = '0'
 Planning:
   Buffers: shared hit=117
 Planning Time: 0.391 ms
 Execution Time: 0.095 ms
(10 rows)

