SET
SET
SET
SET
SET
                                             QUERY PLAN                                             
----------------------------------------------------------------------------------------------------
 Index Scan using idx on public.t (actual rows=4096.00 loops=1)
   Output: a, b
   Index Cond: ((t.a >= '-33778'::integer) AND (t.a <= '-31731'::integer))
   Index Searches: 1
   Prefetch: distance=2.092 count=76 stalls=3272 skipped=467 resets=0 ungets=0 forwarded=0
             histogram [2,4) => 73, [4,8) => 3
   Buffers: shared hit=3547 read=71
 Settings: enable_bitmapscan = 'off', enable_seqscan = 'off', max_parallel_workers_per_gather = '0'
 Planning:
   Buffers: shared hit=85 read=27
 Planning Time: 6.307 ms
 Execution Time: 5.542 ms
(12 rows)

SET
SET
SET
SET
SET
                                             QUERY PLAN                                             
----------------------------------------------------------------------------------------------------
 Index Scan using idx on public.t (actual rows=4096.00 loops=1)
   Output: a, b
   Index Cond: ((t.a >= '-33778'::integer) AND (t.a <= '-31731'::integer))
   Index Searches: 1
   Buffers: shared hit=3618
 Settings: enable_bitmapscan = 'off', enable_seqscan = 'off', max_parallel_workers_per_gather = '0'
 Planning:
   Buffers: shared hit=117
 Planning Time: 0.386 ms
 Execution Time: 1.205 ms
(10 rows)

