SET
SET
SET
SET
SET
                                             QUERY PLAN                                             
----------------------------------------------------------------------------------------------------
 Index Scan using idx on public.t (actual rows=8192.00 loops=1)
   Output: a, b
   Index Cond: ((t.a >= '-32851'::integer) AND (t.a <= '-28756'::integer))
   Index Searches: 1
   Prefetch: distance=2.108 count=157 stalls=6930 skipped=964 resets=0 ungets=0 forwarded=0
             histogram [2,4) => 151, [4,8) => 6
   Buffers: shared hit=7121 read=119
 Settings: enable_bitmapscan = 'off', enable_seqscan = 'off', max_parallel_workers_per_gather = '0'
 Planning:
   Buffers: shared hit=85 read=27
 Planning Time: 6.552 ms
 Execution Time: 7.390 ms
(12 rows)

SET
SET
SET
SET
SET
                                             QUERY PLAN                                             
----------------------------------------------------------------------------------------------------
 Index Scan using idx on public.t (actual rows=8192.00 loops=1)
   Output: a, b
   Index Cond: ((t.a >= '-32851'::integer) AND (t.a <= '-28756'::integer))
   Index Searches: 1
   Buffers: shared hit=7240
 Settings: enable_bitmapscan = 'off', enable_seqscan = 'off', max_parallel_workers_per_gather = '0'
 Planning:
   Buffers: shared hit=117
 Planning Time: 0.353 ms
 Execution Time: 2.032 ms
(10 rows)

