SET
SET
SET
SET
SET
                                             QUERY PLAN                                             
----------------------------------------------------------------------------------------------------
 Index Scan using idx on public.t (actual rows=4096.00 loops=1)
   Output: a, b
   Index Cond: ((t.a >= 7601) AND (t.a <= 7856))
   Index Searches: 1
   Prefetch: distance=2.044 count=91 stalls=2770 skipped=958 resets=0 ungets=0 forwarded=0
             histogram [2,4) => 89, [4,8) => 2
   Buffers: shared hit=3008 read=86
 Settings: enable_bitmapscan = 'off', enable_seqscan = 'off', max_parallel_workers_per_gather = '0'
 Planning:
   Buffers: shared hit=78 read=23
 Planning Time: 6.123 ms
 Execution Time: 5.254 ms
(12 rows)

SET
SET
SET
SET
SET
                                             QUERY PLAN                                             
----------------------------------------------------------------------------------------------------
 Index Scan using idx on public.t (actual rows=4096.00 loops=1)
   Output: a, b
   Index Cond: ((t.a >= 7601) AND (t.a <= 7856))
   Index Searches: 1
   Buffers: shared hit=3094
 Settings: enable_bitmapscan = 'off', enable_seqscan = 'off', max_parallel_workers_per_gather = '0'
 Planning:
   Buffers: shared hit=106
 Planning Time: 0.413 ms
 Execution Time: 1.488 ms
(10 rows)

