SET
SET
SET
SET
SET
                                             QUERY PLAN                                             
----------------------------------------------------------------------------------------------------
 Index Scan using idx on public.t (actual rows=2048.00 loops=1)
   Output: a, b
   Index Cond: ((t.a >= '-5278'::integer) AND (t.a <= '-4255'::integer))
   Index Searches: 1
   Prefetch: distance=2.111 count=54 stalls=1706 skipped=271 resets=0 ungets=0 forwarded=0
             histogram [2,4) => 52, [4,8) => 2
   Buffers: shared hit=1742 read=45
 Settings: enable_bitmapscan = 'off', enable_seqscan = 'off', max_parallel_workers_per_gather = '0'
 Planning:
   Buffers: shared hit=85 read=27
 Planning Time: 6.707 ms
 Execution Time: 4.035 ms
(12 rows)

SET
SET
SET
SET
SET
                                             QUERY PLAN                                             
----------------------------------------------------------------------------------------------------
 Index Scan using idx on public.t (actual rows=2048.00 loops=1)
   Output: a, b
   Index Cond: ((t.a >= '-5278'::integer) AND (t.a <= '-4255'::integer))
   Index Searches: 1
   Buffers: shared hit=1787
 Settings: enable_bitmapscan = 'off', enable_seqscan = 'off', max_parallel_workers_per_gather = '0'
 Planning:
   Buffers: shared hit=117
 Planning Time: 0.465 ms
 Execution Time: 0.844 ms
(10 rows)

