SET
SET
SET
SET
SET
                                             QUERY PLAN                                             
----------------------------------------------------------------------------------------------------
 Index Scan using idx on public.t (actual rows=8192.00 loops=1)
   Output: a, b
   Index Cond: ((t.a >= '-18727'::integer) AND (t.a <= '-14632'::integer))
   Index Searches: 1
   Prefetch: distance=2.061 count=147 stalls=6745 skipped=925 resets=0 ungets=0 forwarded=0
             histogram [2,4) => 144, [4,8) => 3
   Buffers: shared hit=7126 read=119
 Settings: enable_bitmapscan = 'off', enable_seqscan = 'off', max_parallel_workers_per_gather = '0'
 Planning:
   Buffers: shared hit=85 read=27
 Planning Time: 6.679 ms
 Execution Time: 8.110 ms
(12 rows)

SET
SET
SET
SET
SET
                                             QUERY PLAN                                             
----------------------------------------------------------------------------------------------------
 Index Scan using idx on public.t (actual rows=8192.00 loops=1)
   Output: a, b
   Index Cond: ((t.a >= '-18727'::integer) AND (t.a <= '-14632'::integer))
   Index Searches: 1
   Buffers: shared hit=7245
 Settings: enable_bitmapscan = 'off', enable_seqscan = 'off', max_parallel_workers_per_gather = '0'
 Planning:
   Buffers: shared hit=117
 Planning Time: 0.374 ms
 Execution Time: 2.185 ms
(10 rows)

