SET
SET
SET
SET
SET
                                             QUERY PLAN                                             
----------------------------------------------------------------------------------------------------
 Index Scan using idx on public.t (actual rows=4096.00 loops=1)
   Output: a, b
   Index Cond: ((t.a >= '-14787'::integer) AND (t.a <= '-12740'::integer))
   Index Searches: 1
   Prefetch: distance=2.090 count=78 stalls=3444 skipped=475 resets=0 ungets=0 forwarded=0
             histogram [2,4) => 75, [4,8) => 3
   Buffers: shared hit=3551 read=71
 Settings: enable_bitmapscan = 'off', enable_seqscan = 'off', max_parallel_workers_per_gather = '0'
 Planning:
   Buffers: shared hit=85 read=27
 Planning Time: 6.477 ms
 Execution Time: 5.221 ms
(12 rows)

SET
SET
SET
SET
SET
                                             QUERY PLAN                                             
----------------------------------------------------------------------------------------------------
 Index Scan using idx on public.t (actual rows=4096.00 loops=1)
   Output: a, b
   Index Cond: ((t.a >= '-14787'::integer) AND (t.a <= '-12740'::integer))
   Index Searches: 1
   Buffers: shared hit=3622
 Settings: enable_bitmapscan = 'off', enable_seqscan = 'off', max_parallel_workers_per_gather = '0'
 Planning:
   Buffers: shared hit=117
 Planning Time: 0.335 ms
 Execution Time: 1.093 ms
(10 rows)

