SET
SET
SET
SET
SET
                                             QUERY PLAN                                             
----------------------------------------------------------------------------------------------------
 Index Scan using idx on public.t (actual rows=1024.00 loops=1)
   Output: a, b
   Index Cond: ((t.a >= '-32085'::integer) AND (t.a <= '-31574'::integer))
   Index Searches: 1
   Prefetch: distance=2.000 count=14 stalls=733 skipped=88 resets=0 ungets=0 forwarded=0
             histogram [2,4) => 14
   Buffers: shared hit=886 read=36
 Settings: enable_bitmapscan = 'off', enable_seqscan = 'off', max_parallel_workers_per_gather = '0'
 Planning:
   Buffers: shared hit=85 read=27
 Planning Time: 6.764 ms
 Execution Time: 4.194 ms
(12 rows)

SET
SET
SET
SET
SET
                                             QUERY PLAN                                             
----------------------------------------------------------------------------------------------------
 Index Scan using idx on public.t (actual rows=1024.00 loops=1)
   Output: a, b
   Index Cond: ((t.a >= '-32085'::integer) AND (t.a <= '-31574'::integer))
   Index Searches: 1
   Buffers: shared hit=922
 Settings: enable_bitmapscan = 'off', enable_seqscan = 'off', max_parallel_workers_per_gather = '0'
 Planning:
   Buffers: shared hit=117
 Planning Time: 0.348 ms
 Execution Time: 0.325 ms
(10 rows)

