SET
SET
SET
SET
SET
                                             QUERY PLAN                                             
----------------------------------------------------------------------------------------------------
 Index Scan using idx on public.t (actual rows=1024.00 loops=1)
   Output: a, b
   Index Cond: ((t.a >= '-31964'::integer) AND (t.a <= '-31453'::integer))
   Index Searches: 1
   Prefetch: distance=2.108 count=37 stalls=855 skipped=107 resets=0 ungets=0 forwarded=1
             histogram [2,4) => 36, [4,8) => 1
   Buffers: shared hit=888 read=34
 Settings: enable_bitmapscan = 'off', enable_seqscan = 'off', max_parallel_workers_per_gather = '0'
 Planning:
   Buffers: shared hit=85 read=27
 Planning Time: 6.488 ms
 Execution Time: 3.466 ms
(12 rows)

SET
SET
SET
SET
SET
                                             QUERY PLAN                                             
----------------------------------------------------------------------------------------------------
 Index Scan using idx on public.t (actual rows=1024.00 loops=1)
   Output: a, b
   Index Cond: ((t.a >= '-31964'::integer) AND (t.a <= '-31453'::integer))
   Index Searches: 1
   Buffers: shared hit=922
 Settings: enable_bitmapscan = 'off', enable_seqscan = 'off', max_parallel_workers_per_gather = '0'
 Planning:
   Buffers: shared hit=117
 Planning Time: 0.409 ms
 Execution Time: 0.380 ms
(10 rows)

