SET
SET
SET
SET
SET
                                             QUERY PLAN                                             
----------------------------------------------------------------------------------------------------
 Index Scan using idx on public.t (actual rows=4096.00 loops=1)
   Output: a, b
   Index Cond: ((t.a >= '-22603'::integer) AND (t.a <= '-20556'::integer))
   Index Searches: 1
   Prefetch: distance=2.178 count=73 stalls=3269 skipped=453 resets=0 ungets=0 forwarded=0
             histogram [2,4) => 67, [4,8) => 6
   Buffers: shared hit=3553 read=70
 Settings: enable_bitmapscan = 'off', enable_seqscan = 'off', max_parallel_workers_per_gather = '0'
 Planning:
   Buffers: shared hit=85 read=27
 Planning Time: 6.559 ms
 Execution Time: 5.794 ms
(12 rows)

SET
SET
SET
SET
SET
                                             QUERY PLAN                                             
----------------------------------------------------------------------------------------------------
 Index Scan using idx on public.t (actual rows=4096.00 loops=1)
   Output: a, b
   Index Cond: ((t.a >= '-22603'::integer) AND (t.a <= '-20556'::integer))
   Index Searches: 1
   Buffers: shared hit=3623
 Settings: enable_bitmapscan = 'off', enable_seqscan = 'off', max_parallel_workers_per_gather = '0'
 Planning:
   Buffers: shared hit=117
 Planning Time: 0.346 ms
 Execution Time: 1.074 ms
(10 rows)

