SET
SET
SET
SET
SET
                                             QUERY PLAN                                             
----------------------------------------------------------------------------------------------------
 Index Scan Backward using idx on public.t (actual rows=2048.00 loops=1)
   Output: a, b
   Index Cond: ((t.a >= '-7065'::integer) AND (t.a <= '-6042'::integer))
   Index Searches: 1
   Prefetch: distance=2.188 count=32 stalls=1477 skipped=214 resets=0 ungets=0 forwarded=0
             histogram [2,4) => 30, [4,8) => 2
   Buffers: shared hit=1757 read=46
 Settings: enable_bitmapscan = 'off', enable_seqscan = 'off', max_parallel_workers_per_gather = '0'
 Planning:
   Buffers: shared hit=81 read=27
 Planning Time: 6.540 ms
 Execution Time: 4.787 ms
(12 rows)

SET
SET
SET
SET
SET
                                             QUERY PLAN                                             
----------------------------------------------------------------------------------------------------
 Index Scan Backward using idx on public.t (actual rows=2048.00 loops=1)
   Output: a, b
   Index Cond: ((t.a >= '-7065'::integer) AND (t.a <= '-6042'::integer))
   Index Searches: 1
   Buffers: shared hit=1803
 Settings: enable_bitmapscan = 'off', enable_seqscan = 'off', max_parallel_workers_per_gather = '0'
 Planning:
   Buffers: shared hit=113
 Planning Time: 0.336 ms
 Execution Time: 0.583 ms
(10 rows)

