SET
SET
SET
SET
SET
                                             QUERY PLAN                                             
----------------------------------------------------------------------------------------------------
 Index Scan Backward using idx on public.t (actual rows=8192.00 loops=1)
   Output: a, b
   Index Cond: ((t.a >= '-20513'::integer) AND (t.a <= '-16418'::integer))
   Index Searches: 1
   Prefetch: distance=2.094 count=171 stalls=7016 skipped=986 resets=0 ungets=0 forwarded=0
             histogram [2,4) => 166, [4,8) => 5
   Buffers: shared hit=7111 read=119
 Settings: enable_bitmapscan = 'off', enable_seqscan = 'off', max_parallel_workers_per_gather = '0'
 Planning:
   Buffers: shared hit=81 read=27
 Planning Time: 6.639 ms
 Execution Time: 13.262 ms
(12 rows)

SET
SET
SET
SET
SET
                                             QUERY PLAN                                             
----------------------------------------------------------------------------------------------------
 Index Scan Backward using idx on public.t (actual rows=8192.00 loops=1)
   Output: a, b
   Index Cond: ((t.a >= '-20513'::integer) AND (t.a <= '-16418'::integer))
   Index Searches: 1
   Buffers: shared hit=7230
 Settings: enable_bitmapscan = 'off', enable_seqscan = 'off', max_parallel_workers_per_gather = '0'
 Planning:
   Buffers: shared hit=113
 Planning Time: 0.409 ms
 Execution Time: 2.086 ms
(10 rows)

