SET
SET
SET
SET
SET
                                             QUERY PLAN                                             
----------------------------------------------------------------------------------------------------
 Index Scan Backward using idx on public.t (actual rows=2048.00 loops=1)
   Output: a, b
   Index Cond: ((t.a >= '-5418'::integer) AND (t.a <= '-4395'::integer))
   Index Searches: 1
   Prefetch: distance=2.184 count=38 stalls=1495 skipped=236 resets=0 ungets=0 forwarded=0
             histogram [2,4) => 35, [4,8) => 3
   Buffers: shared hit=1734 read=47
 Settings: enable_bitmapscan = 'off', enable_seqscan = 'off', max_parallel_workers_per_gather = '0'
 Planning:
   Buffers: shared hit=81 read=27
 Planning Time: 6.640 ms
 Execution Time: 5.466 ms
(12 rows)

SET
SET
SET
SET
SET
                                             QUERY PLAN                                             
----------------------------------------------------------------------------------------------------
 Index Scan Backward using idx on public.t (actual rows=2048.00 loops=1)
   Output: a, b
   Index Cond: ((t.a >= '-5418'::integer) AND (t.a <= '-4395'::integer))
   Index Searches: 1
   Buffers: shared hit=1781
 Settings: enable_bitmapscan = 'off', enable_seqscan = 'off', max_parallel_workers_per_gather = '0'
 Planning:
   Buffers: shared hit=113
 Planning Time: 0.357 ms
 Execution Time: 0.570 ms
(10 rows)

