SET
SET
SET
SET
SET
                                             QUERY PLAN                                             
----------------------------------------------------------------------------------------------------
 Index Scan Backward using idx on public.t (actual rows=512.00 loops=1)
   Output: a, b
   Index Cond: ((t.a >= '-11872'::integer) AND (t.a <= '-11617'::integer))
   Index Searches: 1
   Prefetch: distance=2.000 count=6 stalls=275 skipped=36 resets=0 ungets=0 forwarded=0
             histogram [2,4) => 6
   Buffers: shared hit=432 read=29
 Settings: enable_bitmapscan = 'off', enable_seqscan = 'off', max_parallel_workers_per_gather = '0'
 Planning:
   Buffers: shared hit=81 read=27
 Planning Time: 6.631 ms
 Execution Time: 3.408 ms
(12 rows)

SET
SET
SET
SET
SET
                                             QUERY PLAN                                             
----------------------------------------------------------------------------------------------------
 Index Scan Backward using idx on public.t (actual rows=512.00 loops=1)
   Output: a, b
   Index Cond: ((t.a >= '-11872'::integer) AND (t.a <= '-11617'::integer))
   Index Searches: 1
   Buffers: shared hit=461
 Settings: enable_bitmapscan = 'off', enable_seqscan = 'off', max_parallel_workers_per_gather = '0'
 Planning:
   Buffers: shared hit=113
 Planning Time: 0.340 ms
 Execution Time: 0.206 ms
(10 rows)

