SET
SET
SET
SET
SET
                                             QUERY PLAN                                             
----------------------------------------------------------------------------------------------------
 Index Scan Backward using idx on public.t (actual rows=8192.00 loops=1)
   Output: a, b
   Index Cond: ((t.a >= '-13936'::integer) AND (t.a <= '-9841'::integer))
   Index Searches: 1
   Prefetch: distance=2.020 count=153 stalls=6799 skipped=977 resets=0 ungets=0 forwarded=0
             histogram [2,4) => 152, [4,8) => 1
   Buffers: shared hit=7098 read=120
 Settings: enable_bitmapscan = 'off', enable_seqscan = 'off', max_parallel_workers_per_gather = '0'
 Planning:
   Buffers: shared hit=81 read=27
 Planning Time: 6.875 ms
 Execution Time: 13.816 ms
(12 rows)

SET
SET
SET
SET
SET
                                             QUERY PLAN                                             
----------------------------------------------------------------------------------------------------
 Index Scan Backward using idx on public.t (actual rows=8192.00 loops=1)
   Output: a, b
   Index Cond: ((t.a >= '-13936'::integer) AND (t.a <= '-9841'::integer))
   Index Searches: 1
   Buffers: shared hit=7218
 Settings: enable_bitmapscan = 'off', enable_seqscan = 'off', max_parallel_workers_per_gather = '0'
 Planning:
   Buffers: shared hit=113
 Planning Time: 0.356 ms
 Execution Time: 2.187 ms
(10 rows)

