SET
SET
SET
SET
SET
                                             QUERY PLAN                                             
----------------------------------------------------------------------------------------------------
 Index Scan Backward using idx on public.t (actual rows=4096.00 loops=1)
   Output: a, b
   Index Cond: ((t.a >= '-31249'::integer) AND (t.a <= '-29202'::integer))
   Index Searches: 1
   Prefetch: distance=2.083 count=72 stalls=3202 skipped=443 resets=0 ungets=0 forwarded=0
             histogram [2,4) => 70, [4,8) => 2
   Buffers: shared hit=3559 read=72
 Settings: enable_bitmapscan = 'off', enable_seqscan = 'off', max_parallel_workers_per_gather = '0'
 Planning:
   Buffers: shared hit=81 read=27
 Planning Time: 6.785 ms
 Execution Time: 8.296 ms
(12 rows)

SET
SET
SET
SET
SET
                                             QUERY PLAN                                             
----------------------------------------------------------------------------------------------------
 Index Scan Backward using idx on public.t (actual rows=4096.00 loops=1)
   Output: a, b
   Index Cond: ((t.a >= '-31249'::integer) AND (t.a <= '-29202'::integer))
   Index Searches: 1
   Buffers: shared hit=3631
 Settings: enable_bitmapscan = 'off', enable_seqscan = 'off', max_parallel_workers_per_gather = '0'
 Planning:
   Buffers: shared hit=113
 Planning Time: 0.455 ms
 Execution Time: 1.629 ms
(10 rows)

