SET
SET
SET
SET
SET
                                             QUERY PLAN                                             
----------------------------------------------------------------------------------------------------
 Index Scan Backward using idx on public.t (actual rows=2048.00 loops=1)
   Output: a, b
   Index Cond: ((t.a >= '-2554'::integer) AND (t.a <= '-1531'::integer))
   Index Searches: 1
   Prefetch: distance=2.091 count=33 stalls=1571 skipped=209 resets=0 ungets=0 forwarded=0
             histogram [2,4) => 32, [4,8) => 1
   Buffers: shared hit=1777 read=45
 Settings: enable_bitmapscan = 'off', enable_seqscan = 'off', max_parallel_workers_per_gather = '0'
 Planning:
   Buffers: shared hit=81 read=27
 Planning Time: 10.623 ms
 Execution Time: 5.785 ms
(12 rows)

SET
SET
SET
SET
SET
                                             QUERY PLAN                                             
----------------------------------------------------------------------------------------------------
 Index Scan Backward using idx on public.t (actual rows=2048.00 loops=1)
   Output: a, b
   Index Cond: ((t.a >= '-2554'::integer) AND (t.a <= '-1531'::integer))
   Index Searches: 1
   Buffers: shared hit=1822
 Settings: enable_bitmapscan = 'off', enable_seqscan = 'off', max_parallel_workers_per_gather = '0'
 Planning:
   Buffers: shared hit=113
 Planning Time: 0.385 ms
 Execution Time: 0.637 ms
(10 rows)

