SET
SET
SET
SET
SET
                                             QUERY PLAN                                             
----------------------------------------------------------------------------------------------------
 Index Scan Backward using idx on public.t (actual rows=8192.00 loops=1)
   Output: a, b
   Index Cond: ((t.a >= '-35728'::integer) AND (t.a <= '-31633'::integer))
   Index Searches: 1
   Prefetch: distance=2.087 count=150 stalls=6667 skipped=970 resets=0 ungets=0 forwarded=0
             histogram [2,4) => 146, [4,8) => 4
   Buffers: shared hit=7070 read=120
 Settings: enable_bitmapscan = 'off', enable_seqscan = 'off', max_parallel_workers_per_gather = '0'
 Planning:
   Buffers: shared hit=81 read=27
 Planning Time: 6.712 ms
 Execution Time: 13.766 ms
(12 rows)

SET
SET
SET
SET
SET
                                             QUERY PLAN                                             
----------------------------------------------------------------------------------------------------
 Index Scan Backward using idx on public.t (actual rows=8192.00 loops=1)
   Output: a, b
   Index Cond: ((t.a >= '-35728'::integer) AND (t.a <= '-31633'::integer))
   Index Searches: 1
   Buffers: shared hit=7190
 Settings: enable_bitmapscan = 'off', enable_seqscan = 'off', max_parallel_workers_per_gather = '0'
 Planning:
   Buffers: shared hit=113
 Planning Time: 0.363 ms
 Execution Time: 2.038 ms
(10 rows)

