SET
SET
SET
SET
SET
                                             QUERY PLAN                                             
----------------------------------------------------------------------------------------------------
 Index Scan Backward using idx on public.t (actual rows=2048.00 loops=1)
   Output: a, b
   Index Cond: ((t.a >= '-5803'::integer) AND (t.a <= '-4780'::integer))
   Index Searches: 1
   Prefetch: distance=2.167 count=36 stalls=1549 skipped=226 resets=0 ungets=0 forwarded=0
             histogram [2,4) => 34, [4,8) => 2
   Buffers: shared hit=1759 read=46
 Settings: enable_bitmapscan = 'off', enable_seqscan = 'off', max_parallel_workers_per_gather = '0'
 Planning:
   Buffers: shared hit=81 read=27
 Planning Time: 6.461 ms
 Execution Time: 5.472 ms
(12 rows)

SET
SET
SET
SET
SET
                                             QUERY PLAN                                             
----------------------------------------------------------------------------------------------------
 Index Scan Backward using idx on public.t (actual rows=2048.00 loops=1)
   Output: a, b
   Index Cond: ((t.a >= '-5803'::integer) AND (t.a <= '-4780'::integer))
   Index Searches: 1
   Buffers: shared hit=1805
 Settings: enable_bitmapscan = 'off', enable_seqscan = 'off', max_parallel_workers_per_gather = '0'
 Planning:
   Buffers: shared hit=113
 Planning Time: 0.339 ms
 Execution Time: 0.584 ms
(10 rows)

