SET
SET
SET
SET
SET
                                                               QUERY PLAN                                                                
-----------------------------------------------------------------------------------------------------------------------------------------
 Index Scan Backward using idx on public.t (actual rows=128.00 loops=1)
   Output: a, b
   Index Cond: ((t.a >= '-25581'::integer) AND (t.a <= '-25518'::integer))
   Index Searches: 1
   Prefetch: distance=169.294 count=119 stalls=1 skipped=14 resets=0 ungets=11 forwarded=2
             histogram [2,4) => 2, [4,8) => 8, [8,16) => 9, [16,32) => 14, [32,64) => 13, [64,128) => 2, [128,256) => 3, [256,512) => 68
   Buffers: shared hit=96 read=23
 Settings: enable_bitmapscan = 'off', enable_seqscan = 'off', max_parallel_workers_per_gather = '0'
 Planning:
   Buffers: shared hit=81 read=27
 Planning Time: 6.547 ms
 Execution Time: 2.545 ms
(12 rows)

SET
SET
SET
SET
SET
                                             QUERY PLAN                                             
----------------------------------------------------------------------------------------------------
 Index Scan Backward using idx on public.t (actual rows=128.00 loops=1)
   Output: a, b
   Index Cond: ((t.a >= '-25581'::integer) AND (t.a <= '-25518'::integer))
   Index Searches: 1
   Buffers: shared hit=119
 Settings: enable_bitmapscan = 'off', enable_seqscan = 'off', max_parallel_workers_per_gather = '0'
 Planning:
   Buffers: shared hit=113
 Planning Time: 0.354 ms
 Execution Time: 0.110 ms
(10 rows)

