SET
SET
SET
SET
SET
                                             QUERY PLAN                                             
----------------------------------------------------------------------------------------------------
 Index Scan Backward using idx on public.t (actual rows=8192.00 loops=1)
   Output: a, b
   Index Cond: ((t.a >= '-24541'::integer) AND (t.a <= '-20446'::integer))
   Index Searches: 1
   Prefetch: distance=2.028 count=145 stalls=6752 skipped=934 resets=0 ungets=0 forwarded=0
             histogram [2,4) => 144, [4,8) => 1
   Buffers: shared hit=7124 read=118
 Settings: enable_bitmapscan = 'off', enable_seqscan = 'off', max_parallel_workers_per_gather = '0'
 Planning:
   Buffers: shared hit=81 read=27
 Planning Time: 6.457 ms
 Execution Time: 13.315 ms
(12 rows)

SET
SET
SET
SET
SET
                                             QUERY PLAN                                             
----------------------------------------------------------------------------------------------------
 Index Scan Backward using idx on public.t (actual rows=8192.00 loops=1)
   Output: a, b
   Index Cond: ((t.a >= '-24541'::integer) AND (t.a <= '-20446'::integer))
   Index Searches: 1
   Buffers: shared hit=7242
 Settings: enable_bitmapscan = 'off', enable_seqscan = 'off', max_parallel_workers_per_gather = '0'
 Planning:
   Buffers: shared hit=113
 Planning Time: 0.328 ms
 Execution Time: 2.174 ms
(10 rows)

