SET
SET
SET
SET
SET
                                                                    QUERY PLAN                                                                     
---------------------------------------------------------------------------------------------------------------------------------------------------
 Index Scan using idx on public.t (actual rows=262144.00 loops=1)
   Output: a, b
   Index Cond: ((t.a >= 21137) AND (t.a <= 37520))
   Index Searches: 1
   Prefetch: distance=249.089 count=196056 stalls=1 skipped=66240 resets=0 ungets=160 forwarded=343
             histogram [2,4) => 2, [4,8) => 6, [8,16) => 11, [16,32) => 14, [32,64) => 27, [64,128) => 38, [128,256) => 110955, [256,512) => 85003
   Buffers: shared hit=192791 read=3828
 Settings: enable_bitmapscan = 'off', enable_seqscan = 'off', max_parallel_workers_per_gather = '0'
 Planning:
   Buffers: shared hit=78 read=23
 Planning Time: 5.895 ms
 Execution Time: 136.711 ms
(12 rows)

SET
SET
SET
SET
SET
                                             QUERY PLAN                                             
----------------------------------------------------------------------------------------------------
 Index Scan using idx on public.t (actual rows=262144.00 loops=1)
   Output: a, b
   Index Cond: ((t.a >= 21137) AND (t.a <= 37520))
   Index Searches: 1
   Buffers: shared hit=196625
 Settings: enable_bitmapscan = 'off', enable_seqscan = 'off', max_parallel_workers_per_gather = '0'
 Planning:
   Buffers: shared hit=106
 Planning Time: 0.369 ms
 Execution Time: 67.800 ms
(10 rows)

