SET
SET
SET
SET
SET
                                             QUERY PLAN                                             
----------------------------------------------------------------------------------------------------
 Index Scan using idx on public.t (actual rows=8192.00 loops=1)
   Output: a, b
   Index Cond: ((t.a >= '-32782'::integer) AND (t.a <= '-28687'::integer))
   Index Searches: 1
   Prefetch: distance=2.110 count=155 stalls=6806 skipped=952 resets=0 ungets=0 forwarded=0
             histogram [2,4) => 149, [4,8) => 6
   Buffers: shared hit=7113 read=119
 Settings: enable_bitmapscan = 'off', enable_seqscan = 'off', max_parallel_workers_per_gather = '0'
 Planning:
   Buffers: shared hit=85 read=27
 Planning Time: 6.634 ms
 Execution Time: 5.371 ms
(12 rows)

SET
SET
SET
SET
SET
                                             QUERY PLAN                                             
----------------------------------------------------------------------------------------------------
 Index Scan using idx on public.t (actual rows=8192.00 loops=1)
   Output: a, b
   Index Cond: ((t.a >= '-32782'::integer) AND (t.a <= '-28687'::integer))
   Index Searches: 1
   Buffers: shared hit=7232
 Settings: enable_bitmapscan = 'off', enable_seqscan = 'off', max_parallel_workers_per_gather = '0'
 Planning:
   Buffers: shared hit=117
 Planning Time: 0.348 ms
 Execution Time: 2.175 ms
(10 rows)

