SET
SET
SET
SET
SET
                                             QUERY PLAN                                             
----------------------------------------------------------------------------------------------------
 Index Scan using idx on public.t (actual rows=4096.00 loops=1)
   Output: a, b
   Index Cond: ((t.a >= '-18982'::integer) AND (t.a <= '-16935'::integer))
   Index Searches: 1
   Prefetch: distance=2.125 count=72 stalls=3331 skipped=458 resets=0 ungets=0 forwarded=0
             histogram [2,4) => 68, [4,8) => 4
   Buffers: shared hit=3556 read=70
 Settings: enable_bitmapscan = 'off', enable_seqscan = 'off', max_parallel_workers_per_gather = '0'
 Planning:
   Buffers: shared hit=85 read=27
 Planning Time: 6.634 ms
 Execution Time: 4.642 ms
(12 rows)

SET
SET
SET
SET
SET
                                             QUERY PLAN                                             
----------------------------------------------------------------------------------------------------
 Index Scan using idx on public.t (actual rows=4096.00 loops=1)
   Output: a, b
   Index Cond: ((t.a >= '-18982'::integer) AND (t.a <= '-16935'::integer))
   Index Searches: 1
   Buffers: shared hit=3626
 Settings: enable_bitmapscan = 'off', enable_seqscan = 'off', max_parallel_workers_per_gather = '0'
 Planning:
   Buffers: shared hit=117
 Planning Time: 0.334 ms
 Execution Time: 1.176 ms
(10 rows)

