SET
SET
SET
SET
SET
                                             QUERY PLAN                                             
----------------------------------------------------------------------------------------------------
 Index Scan using idx on public.t (actual rows=2048.00 loops=1)
   Output: a, b
   Index Cond: ((t.a >= '-14592'::integer) AND (t.a <= '-13569'::integer))
   Index Searches: 1
   Prefetch: distance=2.159 count=44 stalls=1707 skipped=232 resets=0 ungets=0 forwarded=0
             histogram [2,4) => 41, [4,8) => 3
   Buffers: shared hit=1771 read=45
 Settings: enable_bitmapscan = 'off', enable_seqscan = 'off', max_parallel_workers_per_gather = '0'
 Planning:
   Buffers: shared hit=85 read=27
 Planning Time: 6.755 ms
 Execution Time: 3.508 ms
(12 rows)

SET
SET
SET
SET
SET
                                             QUERY PLAN                                             
----------------------------------------------------------------------------------------------------
 Index Scan using idx on public.t (actual rows=2048.00 loops=1)
   Output: a, b
   Index Cond: ((t.a >= '-14592'::integer) AND (t.a <= '-13569'::integer))
   Index Searches: 1
   Buffers: shared hit=1816
 Settings: enable_bitmapscan = 'off', enable_seqscan = 'off', max_parallel_workers_per_gather = '0'
 Planning:
   Buffers: shared hit=117
 Planning Time: 0.375 ms
 Execution Time: 0.688 ms
(10 rows)

