SET
SET
SET
SET
SET
                                             QUERY PLAN                                             
----------------------------------------------------------------------------------------------------
 Index Scan using idx on public.t (actual rows=8192.00 loops=1)
   Output: a, b
   Index Cond: ((t.a >= '-31884'::integer) AND (t.a <= '-27789'::integer))
   Index Searches: 1
   Prefetch: distance=2.081 count=160 stalls=7017 skipped=970 resets=0 ungets=0 forwarded=0
             histogram [2,4) => 156, [4,8) => 4
   Buffers: shared hit=7123 read=120
 Settings: enable_bitmapscan = 'off', enable_seqscan = 'off', max_parallel_workers_per_gather = '0'
 Planning:
   Buffers: shared hit=85 read=27
 Planning Time: 6.840 ms
 Execution Time: 6.944 ms
(12 rows)

SET
SET
SET
SET
SET
                                             QUERY PLAN                                             
----------------------------------------------------------------------------------------------------
 Index Scan using idx on public.t (actual rows=8192.00 loops=1)
   Output: a, b
   Index Cond: ((t.a >= '-31884'::integer) AND (t.a <= '-27789'::integer))
   Index Searches: 1
   Buffers: shared hit=7243
 Settings: enable_bitmapscan = 'off', enable_seqscan = 'off', max_parallel_workers_per_gather = '0'
 Planning:
   Buffers: shared hit=117
 Planning Time: 0.352 ms
 Execution Time: 2.059 ms
(10 rows)

