SET
SET
SET
SET
SET
                                             QUERY PLAN                                             
----------------------------------------------------------------------------------------------------
 Index Scan using idx on public.t (actual rows=1024.00 loops=1)
   Output: a, b
   Index Cond: ((t.a >= '-5357'::integer) AND (t.a <= '-4846'::integer))
   Index Searches: 1
   Prefetch: distance=2.000 count=26 stalls=808 skipped=137 resets=0 ungets=0 forwarded=0
             histogram [2,4) => 26
   Buffers: shared hit=857 read=36
 Settings: enable_bitmapscan = 'off', enable_seqscan = 'off', max_parallel_workers_per_gather = '0'
 Planning:
   Buffers: shared hit=85 read=27
 Planning Time: 6.850 ms
 Execution Time: 2.879 ms
(12 rows)

SET
SET
SET
SET
SET
                                             QUERY PLAN                                             
----------------------------------------------------------------------------------------------------
 Index Scan using idx on public.t (actual rows=1024.00 loops=1)
   Output: a, b
   Index Cond: ((t.a >= '-5357'::integer) AND (t.a <= '-4846'::integer))
   Index Searches: 1
   Buffers: shared hit=893
 Settings: enable_bitmapscan = 'off', enable_seqscan = 'off', max_parallel_workers_per_gather = '0'
 Planning:
   Buffers: shared hit=117
 Planning Time: 0.341 ms
 Execution Time: 0.354 ms
(10 rows)

