SET
SET
SET
SET
SET
                                             QUERY PLAN                                             
----------------------------------------------------------------------------------------------------
 Index Scan using idx on public.t (actual rows=4096.00 loops=1)
   Output: a, b
   Index Cond: ((t.a >= '-9398'::integer) AND (t.a <= '-7351'::integer))
   Index Searches: 1
   Prefetch: distance=2.127 count=71 stalls=3276 skipped=428 resets=0 ungets=0 forwarded=0
             histogram [2,4) => 68, [4,8) => 3
   Buffers: shared hit=3570 read=71
 Settings: enable_bitmapscan = 'off', enable_seqscan = 'off', max_parallel_workers_per_gather = '0'
 Planning:
   Buffers: shared hit=85 read=27
 Planning Time: 6.462 ms
 Execution Time: 4.990 ms
(12 rows)

SET
SET
SET
SET
SET
                                             QUERY PLAN                                             
----------------------------------------------------------------------------------------------------
 Index Scan using idx on public.t (actual rows=4096.00 loops=1)
   Output: a, b
   Index Cond: ((t.a >= '-9398'::integer) AND (t.a <= '-7351'::integer))
   Index Searches: 1
   Buffers: shared hit=3641
 Settings: enable_bitmapscan = 'off', enable_seqscan = 'off', max_parallel_workers_per_gather = '0'
 Planning:
   Buffers: shared hit=117
 Planning Time: 0.366 ms
 Execution Time: 1.157 ms
(10 rows)

