SET
SET
SET
SET
SET
                                             QUERY PLAN                                             
----------------------------------------------------------------------------------------------------
 Index Scan using idx on public.t (actual rows=512.00 loops=1)
   Output: a, b
   Index Cond: ((t.a >= '-9881'::integer) AND (t.a <= '-9626'::integer))
   Index Searches: 1
   Prefetch: distance=2.000 count=4 stalls=234 skipped=37 resets=0 ungets=0 forwarded=0
             histogram [2,4) => 4
   Buffers: shared hit=419 read=27
 Settings: enable_bitmapscan = 'off', enable_seqscan = 'off', max_parallel_workers_per_gather = '0'
 Planning:
   Buffers: shared hit=85 read=27
 Planning Time: 6.165 ms
 Execution Time: 3.185 ms
(12 rows)

SET
SET
SET
SET
SET
                                             QUERY PLAN                                             
----------------------------------------------------------------------------------------------------
 Index Scan using idx on public.t (actual rows=512.00 loops=1)
   Output: a, b
   Index Cond: ((t.a >= '-9881'::integer) AND (t.a <= '-9626'::integer))
   Index Searches: 1
   Buffers: shared hit=446
 Settings: enable_bitmapscan = 'off', enable_seqscan = 'off', max_parallel_workers_per_gather = '0'
 Planning:
   Buffers: shared hit=117
 Planning Time: 0.338 ms
 Execution Time: 0.197 ms
(10 rows)

