SET
SET
SET
SET
SET
                                             QUERY PLAN                                             
----------------------------------------------------------------------------------------------------
 Index Scan using idx on public.t (actual rows=4096.00 loops=1)
   Output: a, b
   Index Cond: ((t.a >= '-20695'::integer) AND (t.a <= '-18648'::integer))
   Index Searches: 1
   Prefetch: distance=2.125 count=80 stalls=3456 skipped=501 resets=0 ungets=0 forwarded=0
             histogram [2,4) => 75, [4,8) => 5
   Buffers: shared hit=3530 read=72
 Settings: enable_bitmapscan = 'off', enable_seqscan = 'off', max_parallel_workers_per_gather = '0'
 Planning:
   Buffers: shared hit=85 read=27
 Planning Time: 6.659 ms
 Execution Time: 5.207 ms
(12 rows)

SET
SET
SET
SET
SET
                                             QUERY PLAN                                             
----------------------------------------------------------------------------------------------------
 Index Scan using idx on public.t (actual rows=4096.00 loops=1)
   Output: a, b
   Index Cond: ((t.a >= '-20695'::integer) AND (t.a <= '-18648'::integer))
   Index Searches: 1
   Buffers: shared hit=3602
 Settings: enable_bitmapscan = 'off', enable_seqscan = 'off', max_parallel_workers_per_gather = '0'
 Planning:
   Buffers: shared hit=117
 Planning Time: 0.340 ms
 Execution Time: 1.081 ms
(10 rows)

