SET
SET
SET
SET
SET
                                             QUERY PLAN                                             
----------------------------------------------------------------------------------------------------
 Index Scan using idx on public.t (actual rows=1024.00 loops=1)
   Output: a, b
   Index Cond: ((t.a >= '-15860'::integer) AND (t.a <= '-15349'::integer))
   Index Searches: 1
   Prefetch: distance=2.158 count=19 stalls=734 skipped=112 resets=0 ungets=0 forwarded=0
             histogram [2,4) => 18, [4,8) => 1
   Buffers: shared hit=864 read=36
 Settings: enable_bitmapscan = 'off', enable_seqscan = 'off', max_parallel_workers_per_gather = '0'
 Planning:
   Buffers: shared hit=85 read=27
 Planning Time: 6.247 ms
 Execution Time: 3.598 ms
(12 rows)

SET
SET
SET
SET
SET
                                             QUERY PLAN                                             
----------------------------------------------------------------------------------------------------
 Index Scan using idx on public.t (actual rows=1024.00 loops=1)
   Output: a, b
   Index Cond: ((t.a >= '-15860'::integer) AND (t.a <= '-15349'::integer))
   Index Searches: 1
   Buffers: shared hit=900
 Settings: enable_bitmapscan = 'off', enable_seqscan = 'off', max_parallel_workers_per_gather = '0'
 Planning:
   Buffers: shared hit=117
 Planning Time: 0.353 ms
 Execution Time: 0.362 ms
(10 rows)

