SET
SET
SET
SET
SET
                                                                   QUERY PLAN                                                                    
-------------------------------------------------------------------------------------------------------------------------------------------------
 Index Scan using idx on public.t (actual rows=262144.00 loops=1)
   Output: a, b
   Index Cond: ((t.a >= '-140003'::integer) AND (t.a <= '-8932'::integer))
   Index Searches: 1
   Prefetch: distance=254.598 count=232498 stalls=1 skipped=31579 resets=0 ungets=1935 forwarded=1120
             histogram [2,4) => 2, [4,8) => 4, [8,16) => 6, [16,32) => 21, [32,64) => 6, [64,128) => 22, [128,256) => 91738, [256,512) => 140699
   Buffers: shared hit=228060 read=3118
 Settings: enable_bitmapscan = 'off', enable_seqscan = 'off', max_parallel_workers_per_gather = '0'
 Planning:
   Buffers: shared hit=81 read=27
 Planning Time: 6.155 ms
 Execution Time: 134.171 ms
(12 rows)

SET
SET
SET
SET
SET
                                             QUERY PLAN                                             
----------------------------------------------------------------------------------------------------
 Index Scan using idx on public.t (actual rows=262144.00 loops=1)
   Output: a, b
   Index Cond: ((t.a >= '-140003'::integer) AND (t.a <= '-8932'::integer))
   Index Searches: 1
   Buffers: shared hit=231217
 Settings: enable_bitmapscan = 'off', enable_seqscan = 'off', max_parallel_workers_per_gather = '0'
 Planning:
   Buffers: shared hit=113
 Planning Time: 0.396 ms
 Execution Time: 66.582 ms
(10 rows)

