SET
SET
SET
SET
SET
                                             QUERY PLAN                                             
----------------------------------------------------------------------------------------------------
 Index Scan using idx on public.t (actual rows=8192.00 loops=1)
   Output: a, b
   Index Cond: ((t.a >= '-28313'::integer) AND (t.a <= '-24218'::integer))
   Index Searches: 1
   Prefetch: distance=2.074 count=149 stalls=6791 skipped=967 resets=0 ungets=0 forwarded=0
             histogram [2,4) => 145, [4,8) => 4
   Buffers: shared hit=7099 read=120
 Settings: enable_bitmapscan = 'off', enable_seqscan = 'off', max_parallel_workers_per_gather = '0'
 Planning:
   Buffers: shared hit=85 read=27
 Planning Time: 6.253 ms
 Execution Time: 6.035 ms
(12 rows)

SET
SET
SET
SET
SET
                                             QUERY PLAN                                             
----------------------------------------------------------------------------------------------------
 Index Scan using idx on public.t (actual rows=8192.00 loops=1)
   Output: a, b
   Index Cond: ((t.a >= '-28313'::integer) AND (t.a <= '-24218'::integer))
   Index Searches: 1
   Buffers: shared hit=7219
 Settings: enable_bitmapscan = 'off', enable_seqscan = 'off', max_parallel_workers_per_gather = '0'
 Planning:
   Buffers: shared hit=117
 Planning Time: 0.353 ms
 Execution Time: 2.065 ms
(10 rows)

