SET
SET
SET
SET
SET
                                             QUERY PLAN                                             
----------------------------------------------------------------------------------------------------
 Index Scan using idx on public.t (actual rows=4096.00 loops=1)
   Output: a, b
   Index Cond: ((t.a >= '-22959'::integer) AND (t.a <= '-20912'::integer))
   Index Searches: 1
   Prefetch: distance=2.211 count=76 stalls=3157 skipped=462 resets=0 ungets=0 forwarded=0
             histogram [2,4) => 69, [4,8) => 7
   Buffers: shared hit=3537 read=71
 Settings: enable_bitmapscan = 'off', enable_seqscan = 'off', max_parallel_workers_per_gather = '0'
 Planning:
   Buffers: shared hit=85 read=27
 Planning Time: 6.347 ms
 Execution Time: 4.595 ms
(12 rows)

SET
SET
SET
SET
SET
                                             QUERY PLAN                                             
----------------------------------------------------------------------------------------------------
 Index Scan using idx on public.t (actual rows=4096.00 loops=1)
   Output: a, b
   Index Cond: ((t.a >= '-22959'::integer) AND (t.a <= '-20912'::integer))
   Index Searches: 1
   Buffers: shared hit=3608
 Settings: enable_bitmapscan = 'off', enable_seqscan = 'off', max_parallel_workers_per_gather = '0'
 Planning:
   Buffers: shared hit=117
 Planning Time: 0.461 ms
 Execution Time: 1.518 ms
(10 rows)

