SET
SET
SET
SET
SET
                                             QUERY PLAN                                             
----------------------------------------------------------------------------------------------------
 Index Scan using idx on public.t (actual rows=1024.00 loops=1)
   Output: a, b
   Index Cond: ((t.a >= '-21554'::integer) AND (t.a <= '-21043'::integer))
   Index Searches: 1
   Prefetch: distance=2.318 count=22 stalls=745 skipped=118 resets=0 ungets=0 forwarded=0
             histogram [2,4) => 19, [4,8) => 3
   Buffers: shared hit=865 read=36
 Settings: enable_bitmapscan = 'off', enable_seqscan = 'off', max_parallel_workers_per_gather = '0'
 Planning:
   Buffers: shared hit=85 read=27
 Planning Time: 6.560 ms
 Execution Time: 3.372 ms
(12 rows)

SET
SET
SET
SET
SET
                                             QUERY PLAN                                             
----------------------------------------------------------------------------------------------------
 Index Scan using idx on public.t (actual rows=1024.00 loops=1)
   Output: a, b
   Index Cond: ((t.a >= '-21554'::integer) AND (t.a <= '-21043'::integer))
   Index Searches: 1
   Buffers: shared hit=901
 Settings: enable_bitmapscan = 'off', enable_seqscan = 'off', max_parallel_workers_per_gather = '0'
 Planning:
   Buffers: shared hit=117
 Planning Time: 0.385 ms
 Execution Time: 0.373 ms
(10 rows)

