SET
SET
SET
SET
                                             QUERY PLAN                                             
----------------------------------------------------------------------------------------------------
 Index Scan using idx on public.t (actual rows=8.00 loops=1)
   Output: a, b
   Index Cond: ((t.a >= '-15685'::integer) AND (t.a <= '-15682'::integer))
   Index Searches: 1
   Buffers: shared hit=7 read=7
 Settings: enable_bitmapscan = 'off', enable_seqscan = 'off', max_parallel_workers_per_gather = '0'
 Planning:
   Buffers: shared hit=85 read=27
 Planning Time: 6.137 ms
 Execution Time: 1.546 ms
(10 rows)

SET
SET
SET
SET
                                             QUERY PLAN                                             
----------------------------------------------------------------------------------------------------
 Index Scan using idx on public.t (actual rows=8.00 loops=1)
   Output: a, b
   Index Cond: ((t.a >= '-15685'::integer) AND (t.a <= '-15682'::integer))
   Index Searches: 1
   Buffers: shared hit=14
 Settings: enable_bitmapscan = 'off', enable_seqscan = 'off', max_parallel_workers_per_gather = '0'
 Planning:
   Buffers: shared hit=117
 Planning Time: 0.341 ms
 Execution Time: 0.050 ms
(10 rows)

