SET
SET
SET
SET
SET
                                             QUERY PLAN                                             
----------------------------------------------------------------------------------------------------
 Index Scan using idx on public.t (actual rows=512.00 loops=1)
   Output: a, b
   Index Cond: ((t.a >= '-31256'::integer) AND (t.a <= '-31001'::integer))
   Index Searches: 1
   Prefetch: distance=2.500 count=14 stalls=342 skipped=39 resets=0 ungets=0 forwarded=0
             histogram [2,4) => 11, [4,8) => 3
   Buffers: shared hit=435 read=29
 Settings: enable_bitmapscan = 'off', enable_seqscan = 'off', max_parallel_workers_per_gather = '0'
 Planning:
   Buffers: shared hit=85 read=27
 Planning Time: 6.487 ms
 Execution Time: 3.268 ms
(12 rows)

SET
SET
SET
SET
SET
                                             QUERY PLAN                                             
----------------------------------------------------------------------------------------------------
 Index Scan using idx on public.t (actual rows=512.00 loops=1)
   Output: a, b
   Index Cond: ((t.a >= '-31256'::integer) AND (t.a <= '-31001'::integer))
   Index Searches: 1
   Buffers: shared hit=464
 Settings: enable_bitmapscan = 'off', enable_seqscan = 'off', max_parallel_workers_per_gather = '0'
 Planning:
   Buffers: shared hit=117
 Planning Time: 0.360 ms
 Execution Time: 0.218 ms
(10 rows)

