SET
SET
SET
SET
SET
                                             QUERY PLAN                                             
----------------------------------------------------------------------------------------------------
 Index Scan using idx on public.t (actual rows=2048.00 loops=1)
   Output: a, b
   Index Cond: ((t.a >= '-9468'::integer) AND (t.a <= '-8445'::integer))
   Index Searches: 1
   Prefetch: distance=2.159 count=44 stalls=1639 skipped=202 resets=0 ungets=0 forwarded=0
             histogram [2,4) => 42, [4,8) => 2
   Buffers: shared hit=1791 read=48
 Settings: enable_bitmapscan = 'off', enable_seqscan = 'off', max_parallel_workers_per_gather = '0'
 Planning:
   Buffers: shared hit=85 read=27
 Planning Time: 6.381 ms
 Execution Time: 4.319 ms
(12 rows)

SET
SET
SET
SET
SET
                                             QUERY PLAN                                             
----------------------------------------------------------------------------------------------------
 Index Scan using idx on public.t (actual rows=2048.00 loops=1)
   Output: a, b
   Index Cond: ((t.a >= '-9468'::integer) AND (t.a <= '-8445'::integer))
   Index Searches: 1
   Buffers: shared hit=1839
 Settings: enable_bitmapscan = 'off', enable_seqscan = 'off', max_parallel_workers_per_gather = '0'
 Planning:
   Buffers: shared hit=117
 Planning Time: 0.357 ms
 Execution Time: 0.594 ms
(10 rows)

