SET
SET
SET
SET
SET
                                             QUERY PLAN                                             
----------------------------------------------------------------------------------------------------
 Index Scan using idx on public.t (actual rows=4096.00 loops=1)
   Output: a, b
   Index Cond: ((t.a >= '-7762'::integer) AND (t.a <= '-5715'::integer))
   Index Searches: 1
   Prefetch: distance=2.123 count=73 stalls=3219 skipped=459 resets=0 ungets=0 forwarded=0
             histogram [2,4) => 70, [4,8) => 3
   Buffers: shared hit=3536 read=70
 Settings: enable_bitmapscan = 'off', enable_seqscan = 'off', max_parallel_workers_per_gather = '0'
 Planning:
   Buffers: shared hit=85 read=27
 Planning Time: 6.295 ms
 Execution Time: 5.097 ms
(12 rows)

SET
SET
SET
SET
SET
                                             QUERY PLAN                                             
----------------------------------------------------------------------------------------------------
 Index Scan using idx on public.t (actual rows=4096.00 loops=1)
   Output: a, b
   Index Cond: ((t.a >= '-7762'::integer) AND (t.a <= '-5715'::integer))
   Index Searches: 1
   Buffers: shared hit=3606
 Settings: enable_bitmapscan = 'off', enable_seqscan = 'off', max_parallel_workers_per_gather = '0'
 Planning:
   Buffers: shared hit=117
 Planning Time: 0.459 ms
 Execution Time: 1.578 ms
(10 rows)

