SET
SET
SET
SET
SET
                                             QUERY PLAN                                             
----------------------------------------------------------------------------------------------------
 Index Scan using idx on public.t (actual rows=8192.00 loops=1)
   Output: a, b
   Index Cond: ((t.a >= '-24109'::integer) AND (t.a <= '-20014'::integer))
   Index Searches: 1
   Prefetch: distance=2.127 count=157 stalls=6907 skipped=961 resets=0 ungets=0 forwarded=0
             histogram [2,4) => 148, [4,8) => 9
   Buffers: shared hit=7117 read=120
 Settings: enable_bitmapscan = 'off', enable_seqscan = 'off', max_parallel_workers_per_gather = '0'
 Planning:
   Buffers: shared hit=85 read=27
 Planning Time: 6.356 ms
 Execution Time: 7.386 ms
(12 rows)

SET
SET
SET
SET
SET
                                             QUERY PLAN                                             
----------------------------------------------------------------------------------------------------
 Index Scan using idx on public.t (actual rows=8192.00 loops=1)
   Output: a, b
   Index Cond: ((t.a >= '-24109'::integer) AND (t.a <= '-20014'::integer))
   Index Searches: 1
   Buffers: shared hit=7237
 Settings: enable_bitmapscan = 'off', enable_seqscan = 'off', max_parallel_workers_per_gather = '0'
 Planning:
   Buffers: shared hit=117
 Planning Time: 0.368 ms
 Execution Time: 2.067 ms
(10 rows)

