SET
SET
SET
SET
SET
                                             QUERY PLAN                                             
----------------------------------------------------------------------------------------------------
 Index Scan using idx on public.t (actual rows=4096.00 loops=1)
   Output: a, b
   Index Cond: ((t.a >= 14990) AND (t.a <= 19085))
   Index Searches: 1
   Prefetch: distance=2.068 count=147 stalls=3706 skipped=227 resets=0 ungets=0 forwarded=0
             histogram [2,4) => 144, [4,8) => 3
   Buffers: shared hit=3791 read=94
 Settings: enable_bitmapscan = 'off', enable_seqscan = 'off', max_parallel_workers_per_gather = '0'
 Planning:
   Buffers: shared hit=82 read=27
 Planning Time: 6.154 ms
 Execution Time: 6.156 ms
(12 rows)

SET
SET
SET
SET
SET
                                             QUERY PLAN                                             
----------------------------------------------------------------------------------------------------
 Index Scan using idx on public.t (actual rows=4096.00 loops=1)
   Output: a, b
   Index Cond: ((t.a >= 14990) AND (t.a <= 19085))
   Index Searches: 1
   Buffers: shared hit=3885
 Settings: enable_bitmapscan = 'off', enable_seqscan = 'off', max_parallel_workers_per_gather = '0'
 Planning:
   Buffers: shared hit=114
 Planning Time: 0.353 ms
 Execution Time: 1.126 ms
(10 rows)

