SET
SET
SET
SET
SET
                                             QUERY PLAN                                             
----------------------------------------------------------------------------------------------------
 Index Scan using idx on public.t (actual rows=512.00 loops=1)
   Output: a, b
   Index Cond: ((t.a >= 24266) AND (t.a <= 24777))
   Index Searches: 1
   Prefetch: distance=2.000 count=8 stalls=235 skipped=13 resets=0 ungets=0 forwarded=0
             histogram [2,4) => 8
   Buffers: shared hit=466 read=27
 Settings: enable_bitmapscan = 'off', enable_seqscan = 'off', max_parallel_workers_per_gather = '0'
 Planning:
   Buffers: shared hit=82 read=27
 Planning Time: 6.809 ms
 Execution Time: 3.899 ms
(12 rows)

SET
SET
SET
SET
SET
                                             QUERY PLAN                                             
----------------------------------------------------------------------------------------------------
 Index Scan using idx on public.t (actual rows=512.00 loops=1)
   Output: a, b
   Index Cond: ((t.a >= 24266) AND (t.a <= 24777))
   Index Searches: 1
   Buffers: shared hit=493
 Settings: enable_bitmapscan = 'off', enable_seqscan = 'off', max_parallel_workers_per_gather = '0'
 Planning:
   Buffers: shared hit=114
 Planning Time: 0.488 ms
 Execution Time: 0.314 ms
(10 rows)

