SET
SET
SET
SET
SET
                                             QUERY PLAN                                             
----------------------------------------------------------------------------------------------------
 Index Scan using idx on public.t (actual rows=512.00 loops=1)
   Output: a, b
   Index Cond: ((t.a >= 16860) AND (t.a <= 17371))
   Index Searches: 1
   Prefetch: distance=2.000 count=4 stalls=155 skipped=11 resets=0 ungets=0 forwarded=0
             histogram [2,4) => 4
   Buffers: shared hit=466 read=26
 Settings: enable_bitmapscan = 'off', enable_seqscan = 'off', max_parallel_workers_per_gather = '0'
 Planning:
   Buffers: shared hit=82 read=27
 Planning Time: 6.202 ms
 Execution Time: 2.995 ms
(12 rows)

SET
SET
SET
SET
SET
                                             QUERY PLAN                                             
----------------------------------------------------------------------------------------------------
 Index Scan using idx on public.t (actual rows=512.00 loops=1)
   Output: a, b
   Index Cond: ((t.a >= 16860) AND (t.a <= 17371))
   Index Searches: 1
   Buffers: shared hit=492
 Settings: enable_bitmapscan = 'off', enable_seqscan = 'off', max_parallel_workers_per_gather = '0'
 Planning:
   Buffers: shared hit=114
 Planning Time: 0.475 ms
 Execution Time: 0.201 ms
(10 rows)

