SET
SET
SET
SET
SET
                                                                  QUERY PLAN                                                                  
----------------------------------------------------------------------------------------------------------------------------------------------
 Index Scan using idx on public.t (actual rows=4096.00 loops=1)
   Output: a, b
   Index Cond: ((t.a >= 1097) AND (t.a <= 5192))
   Index Searches: 1
   Prefetch: distance=250.200 count=3866 stalls=1 skipped=260 resets=0 ungets=33 forwarded=1
             histogram [2,4) => 4, [4,8) => 7, [8,16) => 7, [16,32) => 12, [32,64) => 14, [64,128) => 4, [128,256) => 1803, [256,512) => 2015
   Buffers: shared hit=3759 read=93
 Settings: enable_bitmapscan = 'off', enable_seqscan = 'off', max_parallel_workers_per_gather = '0'
 Planning:
   Buffers: shared hit=82 read=27
 Planning Time: 6.426 ms
 Execution Time: 5.225 ms
(12 rows)

SET
SET
SET
SET
SET
                                             QUERY PLAN                                             
----------------------------------------------------------------------------------------------------
 Index Scan using idx on public.t (actual rows=4096.00 loops=1)
   Output: a, b
   Index Cond: ((t.a >= 1097) AND (t.a <= 5192))
   Index Searches: 1
   Buffers: shared hit=3853
 Settings: enable_bitmapscan = 'off', enable_seqscan = 'off', max_parallel_workers_per_gather = '0'
 Planning:
   Buffers: shared hit=114
 Planning Time: 0.378 ms
 Execution Time: 1.294 ms
(10 rows)

