SET
SET
SET
SET
SET
                                             QUERY PLAN                                             
----------------------------------------------------------------------------------------------------
 Index Scan using idx on public.t (actual rows=512.00 loops=1)
   Output: a, b
   Index Cond: ((t.a >= 18797) AND (t.a <= 18828))
   Index Searches: 1
   Prefetch: distance=2.429 count=7 stalls=191 skipped=67 resets=0 ungets=0 forwarded=1
             histogram [2,4) => 6, [4,8) => 1
   Buffers: shared hit=360 read=32
 Settings: enable_bitmapscan = 'off', enable_seqscan = 'off', max_parallel_workers_per_gather = '0'
 Planning:
   Buffers: shared hit=82 read=22
 Planning Time: 5.472 ms
 Execution Time: 3.615 ms
(12 rows)

SET
SET
SET
SET
SET
                                             QUERY PLAN                                             
----------------------------------------------------------------------------------------------------
 Index Scan using idx on public.t (actual rows=512.00 loops=1)
   Output: a, b
   Index Cond: ((t.a >= 18797) AND (t.a <= 18828))
   Index Searches: 1
   Buffers: shared hit=392
 Settings: enable_bitmapscan = 'off', enable_seqscan = 'off', max_parallel_workers_per_gather = '0'
 Planning:
   Buffers: shared hit=109
 Planning Time: 0.374 ms
 Execution Time: 0.213 ms
(10 rows)

