SET
SET
SET
SET
SET
                                                                  QUERY PLAN                                                                  
----------------------------------------------------------------------------------------------------------------------------------------------
 Index Scan using idx on public.t (actual rows=1024.00 loops=1)
   Output: a, b
   Index Cond: ((t.a >= 30988) AND (t.a <= 31051))
   Index Searches: 1
   Prefetch: distance=233.602 count=817 stalls=1 skipped=242 resets=0 ungets=41 forwarded=37
             histogram [2,4) => 2, [4,8) => 3, [8,16) => 13, [16,32) => 14, [32,64) => 24, [64,128) => 56, [128,256) => 145, [256,512) => 560
   Buffers: shared hit=750 read=41
 Settings: enable_bitmapscan = 'off', enable_seqscan = 'off', max_parallel_workers_per_gather = '0'
 Planning:
   Buffers: shared hit=82 read=22
 Planning Time: 5.465 ms
 Execution Time: 3.853 ms
(12 rows)

SET
SET
SET
SET
SET
                                             QUERY PLAN                                             
----------------------------------------------------------------------------------------------------
 Index Scan using idx on public.t (actual rows=1024.00 loops=1)
   Output: a, b
   Index Cond: ((t.a >= 30988) AND (t.a <= 31051))
   Index Searches: 1
   Buffers: shared hit=791
 Settings: enable_bitmapscan = 'off', enable_seqscan = 'off', max_parallel_workers_per_gather = '0'
 Planning:
   Buffers: shared hit=109
 Planning Time: 0.316 ms
 Execution Time: 0.324 ms
(10 rows)

