SET
SET
SET
SET
SET
                                             QUERY PLAN                                             
----------------------------------------------------------------------------------------------------
 Index Scan using idx on public.t (actual rows=2048.00 loops=1)
   Output: a, b
   Index Cond: ((t.a >= 23020) AND (t.a <= 23147))
   Index Searches: 1
   Prefetch: distance=2.064 count=47 stalls=1329 skipped=495 resets=0 ungets=0 forwarded=1
             histogram [2,4) => 46, [4,8) => 1
   Buffers: shared hit=1466 read=58
 Settings: enable_bitmapscan = 'off', enable_seqscan = 'off', max_parallel_workers_per_gather = '0'
 Planning:
   Buffers: shared hit=82 read=22
 Planning Time: 5.361 ms
 Execution Time: 4.966 ms
(12 rows)

SET
SET
SET
SET
SET
                                             QUERY PLAN                                             
----------------------------------------------------------------------------------------------------
 Index Scan using idx on public.t (actual rows=2048.00 loops=1)
   Output: a, b
   Index Cond: ((t.a >= 23020) AND (t.a <= 23147))
   Index Searches: 1
   Buffers: shared hit=1524
 Settings: enable_bitmapscan = 'off', enable_seqscan = 'off', max_parallel_workers_per_gather = '0'
 Planning:
   Buffers: shared hit=109
 Planning Time: 0.318 ms
 Execution Time: 0.585 ms
(10 rows)

