SET
SET
SET
SET
SET
                                                                 QUERY PLAN                                                                  
---------------------------------------------------------------------------------------------------------------------------------------------
 Index Scan using idx on public.t (actual rows=8192.00 loops=1)
   Output: a, b
   Index Cond: ((t.a >= 14267) AND (t.a <= 22458))
   Index Searches: 1
   Prefetch: distance=250.505 count=7755 stalls=1 skipped=464 resets=0 ungets=35 forwarded=5
             histogram [2,4) => 2, [4,8) => 7, [8,16) => 4, [16,32) => 19, [32,64) => 5, [64,128) => 4, [128,256) => 3840, [256,512) => 3874
   Buffers: shared hit=7589 read=168
 Settings: enable_bitmapscan = 'off', enable_seqscan = 'off', max_parallel_workers_per_gather = '0'
 Planning:
   Buffers: shared hit=82 read=27
 Planning Time: 6.270 ms
 Execution Time: 7.729 ms
(12 rows)

SET
SET
SET
SET
SET
                                             QUERY PLAN                                             
----------------------------------------------------------------------------------------------------
 Index Scan using idx on public.t (actual rows=8192.00 loops=1)
   Output: a, b
   Index Cond: ((t.a >= 14267) AND (t.a <= 22458))
   Index Searches: 1
   Buffers: shared hit=7757
 Settings: enable_bitmapscan = 'off', enable_seqscan = 'off', max_parallel_workers_per_gather = '0'
 Planning:
   Buffers: shared hit=114
 Planning Time: 0.497 ms
 Execution Time: 3.050 ms
(10 rows)

