SET
SET
SET
SET
SET
                                             QUERY PLAN                                             
----------------------------------------------------------------------------------------------------
 Index Scan using idx on public.t (actual rows=4096.00 loops=1)
   Output: a, b
   Index Cond: ((t.a >= 24399) AND (t.a <= 24654))
   Index Searches: 1
   Prefetch: distance=2.042 count=95 stalls=2856 skipped=1012 resets=0 ungets=0 forwarded=0
             histogram [2,4) => 93, [4,8) => 2
   Buffers: shared hit=2983 read=85
 Settings: enable_bitmapscan = 'off', enable_seqscan = 'off', max_parallel_workers_per_gather = '0'
 Planning:
   Buffers: shared hit=82 read=22
 Planning Time: 5.740 ms
 Execution Time: 9.588 ms
(12 rows)

SET
SET
SET
SET
SET
                                             QUERY PLAN                                             
----------------------------------------------------------------------------------------------------
 Index Scan using idx on public.t (actual rows=4096.00 loops=1)
   Output: a, b
   Index Cond: ((t.a >= 24399) AND (t.a <= 24654))
   Index Searches: 1
   Buffers: shared hit=3068
 Settings: enable_bitmapscan = 'off', enable_seqscan = 'off', max_parallel_workers_per_gather = '0'
 Planning:
   Buffers: shared hit=109
 Planning Time: 0.369 ms
 Execution Time: 1.050 ms
(10 rows)

