SET
SET
SET
SET
SET
                                                                    QUERY PLAN                                                                     
---------------------------------------------------------------------------------------------------------------------------------------------------
 Index Scan Backward using idx on public.t (actual rows=9048576.00 loops=1)
   Output: a, b
   Index Cond: ((t.a >= 3704) AND (t.a <= 9052279))
   Index Searches: 1
   Prefetch: distance=262.887 count=9326918 stalls=1 skipped=531523 resets=0 ungets=809866 forwarded=52915
             histogram [2,4) => 4, [4,8) => 4, [8,16) => 7, [16,32) => 16, [32,64) => 2, [64,128) => 2, [128,256) => 1622054, [256,512) => 7704829
   Buffers: shared hit=8373689 read=166126
 Settings: enable_bitmapscan = 'off', enable_seqscan = 'off', max_parallel_workers_per_gather = '0'
 Planning:
   Buffers: shared hit=82 read=27
 Planning Time: 6.304 ms
 Execution Time: 8825.854 ms
(12 rows)

SET
SET
SET
SET
SET
                                             QUERY PLAN                                             
----------------------------------------------------------------------------------------------------
 Index Scan Backward using idx on public.t (actual rows=9048576.00 loops=1)
   Output: a, b
   Index Cond: ((t.a >= 3704) AND (t.a <= 9052279))
   Index Searches: 1
   Buffers: shared hit=8541782
 Settings: enable_bitmapscan = 'off', enable_seqscan = 'off', max_parallel_workers_per_gather = '0'
 Planning:
   Buffers: shared hit=114
 Planning Time: 0.465 ms
 Execution Time: 2332.746 ms
(10 rows)

