SET
SET
SET
SET
SET
                                             QUERY PLAN                                             
----------------------------------------------------------------------------------------------------
 Index Scan Backward using idx on public.t (actual rows=4096.00 loops=1)
   Output: a, b
   Index Cond: ((t.a >= 2435) AND (t.a <= 6530))
   Index Searches: 1
   Prefetch: distance=2.034 count=117 stalls=3418 skipped=254 resets=0 ungets=0 forwarded=0
             histogram [2,4) => 116, [4,8) => 1
   Buffers: shared hit=3753 read=93
 Settings: enable_bitmapscan = 'off', enable_seqscan = 'off', max_parallel_workers_per_gather = '0'
 Planning:
   Buffers: shared hit=86 read=27
 Planning Time: 6.300 ms
 Execution Time: 10.509 ms
(12 rows)

SET
SET
SET
SET
SET
                                             QUERY PLAN                                             
----------------------------------------------------------------------------------------------------
 Index Scan Backward using idx on public.t (actual rows=4096.00 loops=1)
   Output: a, b
   Index Cond: ((t.a >= 2435) AND (t.a <= 6530))
   Index Searches: 1
   Buffers: shared hit=3846
 Settings: enable_bitmapscan = 'off', enable_seqscan = 'off', max_parallel_workers_per_gather = '0'
 Planning:
   Buffers: shared hit=118
 Planning Time: 0.402 ms
 Execution Time: 1.133 ms
(10 rows)

