SET
SET
SET
SET
SET
                                             QUERY PLAN                                             
----------------------------------------------------------------------------------------------------
 Index Scan Backward using idx on public.t (actual rows=512.00 loops=1)
   Output: a, b
   Index Cond: ((t.a >= 31815) AND (t.a <= 32326))
   Index Searches: 1
   Prefetch: distance=2.000 count=14 stalls=351 skipped=30 resets=0 ungets=0 forwarded=0
             histogram [2,4) => 14
   Buffers: shared hit=455 read=27
 Settings: enable_bitmapscan = 'off', enable_seqscan = 'off', max_parallel_workers_per_gather = '0'
 Planning:
   Buffers: shared hit=86 read=27
 Planning Time: 6.451 ms
 Execution Time: 3.339 ms
(12 rows)

SET
SET
SET
SET
SET
                                             QUERY PLAN                                             
----------------------------------------------------------------------------------------------------
 Index Scan Backward using idx on public.t (actual rows=512.00 loops=1)
   Output: a, b
   Index Cond: ((t.a >= 31815) AND (t.a <= 32326))
   Index Searches: 1
   Buffers: shared hit=482
 Settings: enable_bitmapscan = 'off', enable_seqscan = 'off', max_parallel_workers_per_gather = '0'
 Planning:
   Buffers: shared hit=118
 Planning Time: 0.343 ms
 Execution Time: 0.201 ms
(10 rows)

