SET
SET
SET
SET
SET
                                                                      QUERY PLAN                                                                      
------------------------------------------------------------------------------------------------------------------------------------------------------
 Index Scan Backward using idx on public.t (actual rows=9048576.00 loops=1)
   Output: a, b
   Index Cond: ((t.a >= 4805) AND (t.a <= 9053380))
   Index Searches: 1
   Prefetch: distance=262.633 count=9305885 stalls=1 skipped=531518 resets=0 ungets=788831 forwarded=51768
             histogram [2,4) => 4, [4,8) => 4, [8,16) => 10, [16,32) => 11, [32,64) => 16, [64,128) => 11, [128,256) => 1685288, [256,512) => 7620541
   Buffers: shared hit=8373678 read=166126
 Settings: enable_bitmapscan = 'off', enable_seqscan = 'off', max_parallel_workers_per_gather = '0'
 Planning:
   Buffers: shared hit=82 read=27
 Planning Time: 6.417 ms
 Execution Time: 9152.017 ms
(12 rows)

SET
SET
SET
SET
SET
                                             QUERY PLAN                                             
----------------------------------------------------------------------------------------------------
 Index Scan Backward using idx on public.t (actual rows=9048576.00 loops=1)
   Output: a, b
   Index Cond: ((t.a >= 4805) AND (t.a <= 9053380))
   Index Searches: 1
   Buffers: shared hit=8541787
 Settings: enable_bitmapscan = 'off', enable_seqscan = 'off', max_parallel_workers_per_gather = '0'
 Planning:
   Buffers: shared hit=114
 Planning Time: 0.449 ms
 Execution Time: 2512.541 ms
(10 rows)

