SET
SET
SET
SET
SET
                                             QUERY PLAN                                             
----------------------------------------------------------------------------------------------------
 Index Scan Backward using idx on public.t (actual rows=4096.00 loops=1)
   Output: a, b
   Index Cond: ((t.a >= 5748) AND (t.a <= 9843))
   Index Searches: 1
   Prefetch: distance=2.026 count=117 stalls=3443 skipped=210 resets=0 ungets=0 forwarded=0
             histogram [2,4) => 116, [4,8) => 1
   Buffers: shared hit=3795 read=90
 Settings: enable_bitmapscan = 'off', enable_seqscan = 'off', max_parallel_workers_per_gather = '0'
 Planning:
   Buffers: shared hit=86 read=27
 Planning Time: 6.054 ms
 Execution Time: 11.133 ms
(12 rows)

SET
SET
SET
SET
SET
                                             QUERY PLAN                                             
----------------------------------------------------------------------------------------------------
 Index Scan Backward using idx on public.t (actual rows=4096.00 loops=1)
   Output: a, b
   Index Cond: ((t.a >= 5748) AND (t.a <= 9843))
   Index Searches: 1
   Buffers: shared hit=3885
 Settings: enable_bitmapscan = 'off', enable_seqscan = 'off', max_parallel_workers_per_gather = '0'
 Planning:
   Buffers: shared hit=118
 Planning Time: 0.338 ms
 Execution Time: 1.147 ms
(10 rows)

