SET
SET
SET
SET
SET
                                             QUERY PLAN                                             
----------------------------------------------------------------------------------------------------
 Index Scan Backward using idx on public.t (actual rows=2048.00 loops=1)
   Output: a, b
   Index Cond: ((t.a >= 943) AND (t.a <= 2990))
   Index Searches: 1
   Prefetch: distance=2.000 count=64 stalls=1794 skipped=129 resets=0 ungets=0 forwarded=0
             histogram [2,4) => 64
   Buffers: shared hit=1871 read=56
 Settings: enable_bitmapscan = 'off', enable_seqscan = 'off', max_parallel_workers_per_gather = '0'
 Planning:
   Buffers: shared hit=86 read=27
 Planning Time: 6.502 ms
 Execution Time: 6.618 ms
(12 rows)

SET
SET
SET
SET
SET
                                             QUERY PLAN                                             
----------------------------------------------------------------------------------------------------
 Index Scan Backward using idx on public.t (actual rows=2048.00 loops=1)
   Output: a, b
   Index Cond: ((t.a >= 943) AND (t.a <= 2990))
   Index Searches: 1
   Buffers: shared hit=1927
 Settings: enable_bitmapscan = 'off', enable_seqscan = 'off', max_parallel_workers_per_gather = '0'
 Planning:
   Buffers: shared hit=118
 Planning Time: 0.337 ms
 Execution Time: 0.631 ms
(10 rows)

