SET
SET
SET
SET
SET
                                             QUERY PLAN                                             
----------------------------------------------------------------------------------------------------
 Index Scan using idx on public.t (actual rows=32.00 loops=1)
   Output: a, b
   Index Cond: ((t.a >= 10120) AND (t.a <= 10121))
   Index Searches: 1
   Prefetch: distance=3.000 count=10 stalls=2 skipped=5 resets=0 ungets=0 forwarded=2
             histogram [2,4) => 6, [4,8) => 4
   Buffers: shared hit=9 read=21
 Settings: enable_bitmapscan = 'off', enable_seqscan = 'off', max_parallel_workers_per_gather = '0'
 Planning:
   Buffers: shared hit=82 read=22
 Planning Time: 5.693 ms
 Execution Time: 1.976 ms
(12 rows)

SET
SET
SET
SET
SET
                                             QUERY PLAN                                             
----------------------------------------------------------------------------------------------------
 Index Scan using idx on public.t (actual rows=32.00 loops=1)
   Output: a, b
   Index Cond: ((t.a >= 10120) AND (t.a <= 10121))
   Index Searches: 1
   Buffers: shared hit=30
 Settings: enable_bitmapscan = 'off', enable_seqscan = 'off', max_parallel_workers_per_gather = '0'
 Planning:
   Buffers: shared hit=109
 Planning Time: 0.312 ms
 Execution Time: 0.083 ms
(10 rows)

