SET
SET
SET
SET
SET
                                             QUERY PLAN                                             
----------------------------------------------------------------------------------------------------
 Index Scan using idx on public.t (actual rows=4096.00 loops=1)
   Output: a, b
   Index Cond: ((t.a >= 4198) AND (t.a <= 8293))
   Index Searches: 1
   Prefetch: distance=2.033 count=123 stalls=3560 skipped=219 resets=0 ungets=0 forwarded=0
             histogram [2,4) => 122, [4,8) => 1
   Buffers: shared hit=3795 read=93
 Settings: enable_bitmapscan = 'off', enable_seqscan = 'off', max_parallel_workers_per_gather = '0'
 Planning:
   Buffers: shared hit=82 read=27
 Planning Time: 6.468 ms
 Execution Time: 5.254 ms
(12 rows)

SET
SET
SET
SET
SET
                                             QUERY PLAN                                             
----------------------------------------------------------------------------------------------------
 Index Scan using idx on public.t (actual rows=4096.00 loops=1)
   Output: a, b
   Index Cond: ((t.a >= 4198) AND (t.a <= 8293))
   Index Searches: 1
   Buffers: shared hit=3888
 Settings: enable_bitmapscan = 'off', enable_seqscan = 'off', max_parallel_workers_per_gather = '0'
 Planning:
   Buffers: shared hit=114
 Planning Time: 0.471 ms
 Execution Time: 1.658 ms
(10 rows)

