SET
SET
SET
SET
SET
                                             QUERY PLAN                                             
----------------------------------------------------------------------------------------------------
 Index Scan using idx on public.t (actual rows=4096.00 loops=1)
   Output: a, b
   Index Cond: ((t.a >= 12897) AND (t.a <= 13152))
   Index Searches: 1
   Prefetch: distance=2.065 count=93 stalls=2796 skipped=1008 resets=0 ungets=0 forwarded=1
             histogram [2,4) => 90, [4,8) => 3
   Buffers: shared hit=2976 read=86
 Settings: enable_bitmapscan = 'off', enable_seqscan = 'off', max_parallel_workers_per_gather = '0'
 Planning:
   Buffers: shared hit=82 read=22
 Planning Time: 5.403 ms
 Execution Time: 8.488 ms
(12 rows)

SET
SET
SET
SET
SET
                                             QUERY PLAN                                             
----------------------------------------------------------------------------------------------------
 Index Scan using idx on public.t (actual rows=4096.00 loops=1)
   Output: a, b
   Index Cond: ((t.a >= 12897) AND (t.a <= 13152))
   Index Searches: 1
   Buffers: shared hit=3062
 Settings: enable_bitmapscan = 'off', enable_seqscan = 'off', max_parallel_workers_per_gather = '0'
 Planning:
   Buffers: shared hit=109
 Planning Time: 0.369 ms
 Execution Time: 1.109 ms
(10 rows)

