SET
SET
SET
SET
SET
                                             QUERY PLAN                                             
----------------------------------------------------------------------------------------------------
 Index Scan using idx on public.t (actual rows=4096.00 loops=1)
   Output: a, b
   Index Cond: ((t.a >= 6373) AND (t.a <= 10468))
   Index Searches: 1
   Prefetch: distance=2.000 count=122 stalls=3546 skipped=213 resets=0 ungets=0 forwarded=0
             histogram [2,4) => 122
   Buffers: shared hit=3797 read=93
 Settings: enable_bitmapscan = 'off', enable_seqscan = 'off', max_parallel_workers_per_gather = '0'
 Planning:
   Buffers: shared hit=82 read=27
 Planning Time: 6.375 ms
 Execution Time: 4.901 ms
(12 rows)

SET
SET
SET
SET
SET
                                             QUERY PLAN                                             
----------------------------------------------------------------------------------------------------
 Index Scan using idx on public.t (actual rows=4096.00 loops=1)
   Output: a, b
   Index Cond: ((t.a >= 6373) AND (t.a <= 10468))
   Index Searches: 1
   Buffers: shared hit=3890
 Settings: enable_bitmapscan = 'off', enable_seqscan = 'off', max_parallel_workers_per_gather = '0'
 Planning:
   Buffers: shared hit=114
 Planning Time: 0.361 ms
 Execution Time: 1.145 ms
(10 rows)

