SET
SET
SET
SET
SET
                                                                    QUERY PLAN                                                                     
---------------------------------------------------------------------------------------------------------------------------------------------------
 Index Scan using idx on public.t (actual rows=2048576.00 loops=1)
   Output: a, b
   Index Cond: ((t.a >= 24520) AND (t.a <= 2073095))
   Index Searches: 1
   Prefetch: distance=259.796 count=2087226 stalls=1 skipped=119965 resets=0 ungets=158618 forwarded=4715
             histogram [2,4) => 2, [4,8) => 4, [8,16) => 7, [16,32) => 18, [32,64) => 16, [64,128) => 2, [128,256) => 532537, [256,512) => 1554640
   Buffers: shared hit=1896256 read=37623
 Settings: enable_bitmapscan = 'off', enable_seqscan = 'off', max_parallel_workers_per_gather = '0'
 Planning:
   Buffers: shared hit=78 read=27
 Planning Time: 6.243 ms
 Execution Time: 1175.196 ms
(12 rows)

SET
SET
SET
SET
SET
                                             QUERY PLAN                                             
----------------------------------------------------------------------------------------------------
 Index Scan using idx on public.t (actual rows=2048576.00 loops=1)
   Output: a, b
   Index Cond: ((t.a >= 24520) AND (t.a <= 2073095))
   Index Searches: 1
   Buffers: shared hit=1934214
 Settings: enable_bitmapscan = 'off', enable_seqscan = 'off', max_parallel_workers_per_gather = '0'
 Planning:
   Buffers: shared hit=110
 Planning Time: 0.411 ms
 Execution Time: 593.077 ms
(10 rows)

