SET
SET
SET
SET
SET
                                             QUERY PLAN                                             
----------------------------------------------------------------------------------------------------
 Index Scan Backward using idx on public.t (actual rows=4096.00 loops=1)
   Output: a, b
   Index Cond: ((t.a >= 20809) AND (t.a <= 24904))
   Index Searches: 1
   Prefetch: distance=2.022 count=137 stalls=3705 skipped=239 resets=0 ungets=0 forwarded=0
             histogram [2,4) => 136, [4,8) => 1
   Buffers: shared hit=3783 read=92
 Settings: enable_bitmapscan = 'off', enable_seqscan = 'off', max_parallel_workers_per_gather = '0'
 Planning:
   Buffers: shared hit=86 read=27
 Planning Time: 6.258 ms
 Execution Time: 11.002 ms
(12 rows)

SET
SET
SET
SET
SET
                                             QUERY PLAN                                             
----------------------------------------------------------------------------------------------------
 Index Scan Backward using idx on public.t (actual rows=4096.00 loops=1)
   Output: a, b
   Index Cond: ((t.a >= 20809) AND (t.a <= 24904))
   Index Searches: 1
   Buffers: shared hit=3875
 Settings: enable_bitmapscan = 'off', enable_seqscan = 'off', max_parallel_workers_per_gather = '0'
 Planning:
   Buffers: shared hit=118
 Planning Time: 0.389 ms
 Execution Time: 1.319 ms
(10 rows)

