SET
SET
SET
SET
SET
                                                              QUERY PLAN                                                               
---------------------------------------------------------------------------------------------------------------------------------------
 Index Scan Backward using idx on public.t (actual rows=64.00 loops=1)
   Output: a, b
   Index Cond: ((t.a >= 13847) AND (t.a <= 13910))
   Index Searches: 1
   Prefetch: distance=146.957 count=70 stalls=1 skipped=0 resets=0 ungets=8 forwarded=1
             histogram [2,4) => 2, [4,8) => 6, [8,16) => 6, [16,32) => 8, [32,64) => 8, [64,128) => 5, [128,256) => 5, [256,512) => 30
   Buffers: shared hit=51 read=20
 Settings: enable_bitmapscan = 'off', enable_seqscan = 'off', max_parallel_workers_per_gather = '0'
 Planning:
   Buffers: shared hit=86 read=27
 Planning Time: 5.955 ms
 Execution Time: 1.989 ms
(12 rows)

SET
SET
SET
SET
SET
                                             QUERY PLAN                                             
----------------------------------------------------------------------------------------------------
 Index Scan Backward using idx on public.t (actual rows=64.00 loops=1)
   Output: a, b
   Index Cond: ((t.a >= 13847) AND (t.a <= 13910))
   Index Searches: 1
   Buffers: shared hit=71
 Settings: enable_bitmapscan = 'off', enable_seqscan = 'off', max_parallel_workers_per_gather = '0'
 Planning:
   Buffers: shared hit=118
 Planning Time: 0.359 ms
 Execution Time: 0.096 ms
(10 rows)

