SET
SET
SET
SET
SET
                                             QUERY PLAN                                             
----------------------------------------------------------------------------------------------------
 Index Scan Backward using idx on public.t (actual rows=1024.00 loops=1)
   Output: a, b
   Index Cond: ((t.a >= 18535) AND (t.a <= 19558))
   Index Searches: 1
   Prefetch: distance=2.000 count=28 stalls=787 skipped=50 resets=0 ungets=0 forwarded=0
             histogram [2,4) => 28
   Buffers: shared hit=940 read=37
 Settings: enable_bitmapscan = 'off', enable_seqscan = 'off', max_parallel_workers_per_gather = '0'
 Planning:
   Buffers: shared hit=86 read=27
 Planning Time: 6.096 ms
 Execution Time: 4.249 ms
(12 rows)

SET
SET
SET
SET
SET
                                             QUERY PLAN                                             
----------------------------------------------------------------------------------------------------
 Index Scan Backward using idx on public.t (actual rows=1024.00 loops=1)
   Output: a, b
   Index Cond: ((t.a >= 18535) AND (t.a <= 19558))
   Index Searches: 1
   Buffers: shared hit=977
 Settings: enable_bitmapscan = 'off', enable_seqscan = 'off', max_parallel_workers_per_gather = '0'
 Planning:
   Buffers: shared hit=118
 Planning Time: 0.477 ms
 Execution Time: 0.492 ms
(10 rows)

