SET
SET
SET
SET
SET
                                             QUERY PLAN                                             
----------------------------------------------------------------------------------------------------
 Index Scan Backward using idx on public.t (actual rows=2048.00 loops=1)
   Output: a, b
   Index Cond: ((t.a >= 9318) AND (t.a <= 11365))
   Index Searches: 1
   Prefetch: distance=2.000 count=74 stalls=1832 skipped=124 resets=0 ungets=0 forwarded=0
             histogram [2,4) => 74
   Buffers: shared hit=1880 read=55
 Settings: enable_bitmapscan = 'off', enable_seqscan = 'off', max_parallel_workers_per_gather = '0'
 Planning:
   Buffers: shared hit=86 read=27
 Planning Time: 6.461 ms
 Execution Time: 7.474 ms
(12 rows)

SET
SET
SET
SET
SET
                                             QUERY PLAN                                             
----------------------------------------------------------------------------------------------------
 Index Scan Backward using idx on public.t (actual rows=2048.00 loops=1)
   Output: a, b
   Index Cond: ((t.a >= 9318) AND (t.a <= 11365))
   Index Searches: 1
   Buffers: shared hit=1935
 Settings: enable_bitmapscan = 'off', enable_seqscan = 'off', max_parallel_workers_per_gather = '0'
 Planning:
   Buffers: shared hit=118
 Planning Time: 0.338 ms
 Execution Time: 0.731 ms
(10 rows)

