SET
SET
SET
SET
SET
                                             QUERY PLAN                                             
----------------------------------------------------------------------------------------------------
 Index Scan Backward using idx on public.t (actual rows=4096.00 loops=1)
   Output: a, b
   Index Cond: ((t.a >= 1679) AND (t.a <= 5774))
   Index Searches: 1
   Prefetch: distance=2.034 count=119 stalls=3450 skipped=244 resets=0 ungets=0 forwarded=0
             histogram [2,4) => 118, [4,8) => 1
   Buffers: shared hit=3757 read=93
 Settings: enable_bitmapscan = 'off', enable_seqscan = 'off', max_parallel_workers_per_gather = '0'
 Planning:
   Buffers: shared hit=86 read=27
 Planning Time: 6.355 ms
 Execution Time: 10.265 ms
(12 rows)

SET
SET
SET
SET
SET
                                             QUERY PLAN                                             
----------------------------------------------------------------------------------------------------
 Index Scan Backward using idx on public.t (actual rows=4096.00 loops=1)
   Output: a, b
   Index Cond: ((t.a >= 1679) AND (t.a <= 5774))
   Index Searches: 1
   Buffers: shared hit=3850
 Settings: enable_bitmapscan = 'off', enable_seqscan = 'off', max_parallel_workers_per_gather = '0'
 Planning:
   Buffers: shared hit=118
 Planning Time: 0.469 ms
 Execution Time: 1.744 ms
(10 rows)

