SET
SET
SET
SET
SET
                                                                  QUERY PLAN                                                                  
----------------------------------------------------------------------------------------------------------------------------------------------
 Index Scan Backward using idx on public.t (actual rows=2048.00 loops=1)
   Output: a, b
   Index Cond: ((t.a >= 2716) AND (t.a <= 4763))
   Index Searches: 1
   Prefetch: distance=255.992 count=2100 stalls=3 skipped=136 resets=0 ungets=195 forwarded=21
             histogram [2,4) => 2, [4,8) => 7, [8,16) => 8, [16,32) => 12, [32,64) => 28, [64,128) => 15, [128,256) => 283, [256,512) => 1745
   Buffers: shared hit=1867 read=55
 Settings: enable_bitmapscan = 'off', enable_seqscan = 'off', max_parallel_workers_per_gather = '0'
 Planning:
   Buffers: shared hit=86 read=27
 Planning Time: 6.307 ms
 Execution Time: 3.770 ms
(12 rows)

SET
SET
SET
SET
SET
                                             QUERY PLAN                                             
----------------------------------------------------------------------------------------------------
 Index Scan Backward using idx on public.t (actual rows=2048.00 loops=1)
   Output: a, b
   Index Cond: ((t.a >= 2716) AND (t.a <= 4763))
   Index Searches: 1
   Buffers: shared hit=1924
 Settings: enable_bitmapscan = 'off', enable_seqscan = 'off', max_parallel_workers_per_gather = '0'
 Planning:
   Buffers: shared hit=118
 Planning Time: 0.369 ms
 Execution Time: 0.632 ms
(10 rows)

