SET
SET
SET
SET
SET
                                             QUERY PLAN                                             
----------------------------------------------------------------------------------------------------
 Index Scan Backward using idx on public.t (actual rows=4096.00 loops=1)
   Output: a, b
   Index Cond: ((t.a >= 5345) AND (t.a <= 9440))
   Index Searches: 1
   Prefetch: distance=2.025 count=121 stalls=3471 skipped=215 resets=0 ungets=0 forwarded=0
             histogram [2,4) => 120, [4,8) => 1
   Buffers: shared hit=3788 read=92
 Settings: enable_bitmapscan = 'off', enable_seqscan = 'off', max_parallel_workers_per_gather = '0'
 Planning:
   Buffers: shared hit=86 read=27
 Planning Time: 6.363 ms
 Execution Time: 10.438 ms
(12 rows)

SET
SET
SET
SET
SET
                                             QUERY PLAN                                             
----------------------------------------------------------------------------------------------------
 Index Scan Backward using idx on public.t (actual rows=4096.00 loops=1)
   Output: a, b
   Index Cond: ((t.a >= 5345) AND (t.a <= 9440))
   Index Searches: 1
   Buffers: shared hit=3880
 Settings: enable_bitmapscan = 'off', enable_seqscan = 'off', max_parallel_workers_per_gather = '0'
 Planning:
   Buffers: shared hit=118
 Planning Time: 0.410 ms
 Execution Time: 1.223 ms
(10 rows)

