SET
SET
SET
SET
SET
                                             QUERY PLAN                                             
----------------------------------------------------------------------------------------------------
 Index Scan Backward using idx on public.t (actual rows=2048.00 loops=1)
   Output: a, b
   Index Cond: ((t.a >= 26637) AND (t.a <= 28684))
   Index Searches: 1
   Prefetch: distance=2.000 count=58 stalls=1740 skipped=115 resets=0 ungets=0 forwarded=0
             histogram [2,4) => 58
   Buffers: shared hit=1880 read=55
 Settings: enable_bitmapscan = 'off', enable_seqscan = 'off', max_parallel_workers_per_gather = '0'
 Planning:
   Buffers: shared hit=86 read=27
 Planning Time: 6.153 ms
 Execution Time: 6.873 ms
(12 rows)

SET
SET
SET
SET
SET
                                             QUERY PLAN                                             
----------------------------------------------------------------------------------------------------
 Index Scan Backward using idx on public.t (actual rows=2048.00 loops=1)
   Output: a, b
   Index Cond: ((t.a >= 26637) AND (t.a <= 28684))
   Index Searches: 1
   Buffers: shared hit=1935
 Settings: enable_bitmapscan = 'off', enable_seqscan = 'off', max_parallel_workers_per_gather = '0'
 Planning:
   Buffers: shared hit=118
 Planning Time: 0.374 ms
 Execution Time: 0.622 ms
(10 rows)

