SET
SET
SET
SET
SET
                                             QUERY PLAN                                             
----------------------------------------------------------------------------------------------------
 Index Scan Backward using idx on public.t (actual rows=4096.00 loops=1)
   Output: a, b
   Index Cond: ((t.a >= 14284) AND (t.a <= 18379))
   Index Searches: 1
   Prefetch: distance=2.024 count=127 stalls=3665 skipped=226 resets=0 ungets=0 forwarded=0
             histogram [2,4) => 126, [4,8) => 1
   Buffers: shared hit=3791 read=93
 Settings: enable_bitmapscan = 'off', enable_seqscan = 'off', max_parallel_workers_per_gather = '0'
 Planning:
   Buffers: shared hit=86 read=27
 Planning Time: 6.015 ms
 Execution Time: 10.689 ms
(12 rows)

SET
SET
SET
SET
SET
                                             QUERY PLAN                                             
----------------------------------------------------------------------------------------------------
 Index Scan Backward using idx on public.t (actual rows=4096.00 loops=1)
   Output: a, b
   Index Cond: ((t.a >= 14284) AND (t.a <= 18379))
   Index Searches: 1
   Buffers: shared hit=3884
 Settings: enable_bitmapscan = 'off', enable_seqscan = 'off', max_parallel_workers_per_gather = '0'
 Planning:
   Buffers: shared hit=118
 Planning Time: 0.364 ms
 Execution Time: 1.151 ms
(10 rows)

