SET
SET
SET
SET
SET
                                                                     QUERY PLAN                                                                      
-----------------------------------------------------------------------------------------------------------------------------------------------------
 Index Scan Backward using idx on public.t (actual rows=4048576.00 loops=1)
   Output: a, b
   Index Cond: ((t.a >= 24293) AND (t.a <= 4072868))
   Index Searches: 1
   Prefetch: distance=251.196 count=3812704 stalls=2 skipped=237921 resets=0 ungets=2062 forwarded=1077
             histogram [2,4) => 2, [4,8) => 8, [8,16) => 7, [16,32) => 16, [32,64) => 27, [64,128) => 39, [128,256) => 1940806, [256,512) => 1871799
   Buffers: shared hit=3747366 read=74342
 Settings: enable_bitmapscan = 'off', enable_seqscan = 'off', max_parallel_workers_per_gather = '0'
 Planning:
   Buffers: shared hit=78 read=26
 Planning Time: 6.387 ms
 Execution Time: 3133.604 ms
(12 rows)

SET
SET
SET
SET
SET
                                             QUERY PLAN                                             
----------------------------------------------------------------------------------------------------
 Index Scan Backward using idx on public.t (actual rows=4048576.00 loops=1)
   Output: a, b
   Index Cond: ((t.a >= 24293) AND (t.a <= 4072868))
   Index Searches: 1
   Buffers: shared hit=3821722
 Settings: enable_bitmapscan = 'off', enable_seqscan = 'off', max_parallel_workers_per_gather = '0'
 Planning:
   Buffers: shared hit=109
 Planning Time: 0.406 ms
 Execution Time: 1183.127 ms
(10 rows)

