SET
SET
SET
SET
SET
                                             QUERY PLAN                                             
----------------------------------------------------------------------------------------------------
 Index Scan Backward using idx on public.t (actual rows=2048.00 loops=1)
   Output: a, b
   Index Cond: ((t.a >= 29989) AND (t.a <= 32036))
   Index Searches: 1
   Prefetch: distance=2.000 count=58 stalls=1705 skipped=114 resets=0 ungets=0 forwarded=0
             histogram [2,4) => 58
   Buffers: shared hit=1877 read=56
 Settings: enable_bitmapscan = 'off', enable_seqscan = 'off', max_parallel_workers_per_gather = '0'
 Planning:
   Buffers: shared hit=82 read=26
 Planning Time: 6.394 ms
 Execution Time: 4.209 ms
(12 rows)

SET
SET
SET
SET
SET
                                             QUERY PLAN                                             
----------------------------------------------------------------------------------------------------
 Index Scan Backward using idx on public.t (actual rows=2048.00 loops=1)
   Output: a, b
   Index Cond: ((t.a >= 29989) AND (t.a <= 32036))
   Index Searches: 1
   Buffers: shared hit=1933
 Settings: enable_bitmapscan = 'off', enable_seqscan = 'off', max_parallel_workers_per_gather = '0'
 Planning:
   Buffers: shared hit=113
 Planning Time: 0.362 ms
 Execution Time: 0.618 ms
(10 rows)

