SET
SET
SET
SET
SET
                                             QUERY PLAN                                             
----------------------------------------------------------------------------------------------------
 Index Scan using idx on public.t (actual rows=256.00 loops=1)
   Output: a, b
   Index Cond: ((t.a >= 23307) AND (t.a <= 23322))
   Index Searches: 1
   Prefetch: distance=2.000 count=10 stalls=139 skipped=58 resets=0 ungets=0 forwarded=0
             histogram [2,4) => 10
   Buffers: shared hit=161 read=30
 Settings: enable_bitmapscan = 'off', enable_seqscan = 'off', max_parallel_workers_per_gather = '0'
 Planning:
   Buffers: shared hit=82 read=22
 Planning Time: 5.677 ms
 Execution Time: 2.871 ms
(12 rows)

SET
SET
SET
SET
SET
                                             QUERY PLAN                                             
----------------------------------------------------------------------------------------------------
 Index Scan using idx on public.t (actual rows=256.00 loops=1)
   Output: a, b
   Index Cond: ((t.a >= 23307) AND (t.a <= 23322))
   Index Searches: 1
   Buffers: shared hit=191
 Settings: enable_bitmapscan = 'off', enable_seqscan = 'off', max_parallel_workers_per_gather = '0'
 Planning:
   Buffers: shared hit=109
 Planning Time: 0.328 ms
 Execution Time: 0.149 ms
(10 rows)

