SET
SET
SET
SET
SET
                                             QUERY PLAN                                             
----------------------------------------------------------------------------------------------------
 Index Scan using idx on public.t (actual rows=1024.00 loops=1)
   Output: a, b
   Index Cond: ((t.a >= 19446) AND (t.a <= 19509))
   Index Searches: 1
   Prefetch: distance=2.000 count=20 stalls=632 skipped=209 resets=0 ungets=0 forwarded=0
             histogram [2,4) => 20
   Buffers: shared hit=742 read=42
 Settings: enable_bitmapscan = 'off', enable_seqscan = 'off', max_parallel_workers_per_gather = '0'
 Planning:
   Buffers: shared hit=82 read=22
 Planning Time: 5.893 ms
 Execution Time: 4.399 ms
(12 rows)

SET
SET
SET
SET
SET
                                             QUERY PLAN                                             
----------------------------------------------------------------------------------------------------
 Index Scan using idx on public.t (actual rows=1024.00 loops=1)
   Output: a, b
   Index Cond: ((t.a >= 19446) AND (t.a <= 19509))
   Index Searches: 1
   Buffers: shared hit=784
 Settings: enable_bitmapscan = 'off', enable_seqscan = 'off', max_parallel_workers_per_gather = '0'
 Planning:
   Buffers: shared hit=109
 Planning Time: 0.346 ms
 Execution Time: 0.336 ms
(10 rows)

