SET
SET
SET
SET
SET
                                             QUERY PLAN                                             
----------------------------------------------------------------------------------------------------
 Index Scan using idx on public.t (actual rows=2048.00 loops=1)
   Output: a, b
   Index Cond: ((t.a >= 14427) AND (t.a <= 14554))
   Index Searches: 1
   Prefetch: distance=2.000 count=42 stalls=1237 skipped=464 resets=0 ungets=0 forwarded=0
             histogram [2,4) => 42
   Buffers: shared hit=1458 read=56
 Settings: enable_bitmapscan = 'off', enable_seqscan = 'off', max_parallel_workers_per_gather = '0'
 Planning:
   Buffers: shared hit=82 read=22
 Planning Time: 5.548 ms
 Execution Time: 5.084 ms
(12 rows)

SET
SET
SET
SET
SET
                                             QUERY PLAN                                             
----------------------------------------------------------------------------------------------------
 Index Scan using idx on public.t (actual rows=2048.00 loops=1)
   Output: a, b
   Index Cond: ((t.a >= 14427) AND (t.a <= 14554))
   Index Searches: 1
   Buffers: shared hit=1514
 Settings: enable_bitmapscan = 'off', enable_seqscan = 'off', max_parallel_workers_per_gather = '0'
 Planning:
   Buffers: shared hit=109
 Planning Time: 0.319 ms
 Execution Time: 0.570 ms
(10 rows)

