SET
SET
SET
SET
SET
                                             QUERY PLAN                                             
----------------------------------------------------------------------------------------------------
 Index Scan using idx on public.t (actual rows=4096.00 loops=1)
   Output: a, b
   Index Cond: ((t.a >= 17069) AND (t.a <= 17324))
   Index Searches: 1
   Prefetch: distance=2.089 count=90 stalls=2701 skipped=965 resets=0 ungets=0 forwarded=0
             histogram [2,4) => 86, [4,8) => 4
   Buffers: shared hit=2968 read=86
 Settings: enable_bitmapscan = 'off', enable_seqscan = 'off', max_parallel_workers_per_gather = '0'
 Planning:
   Buffers: shared hit=82 read=22
 Planning Time: 5.446 ms
 Execution Time: 8.619 ms
(12 rows)

SET
SET
SET
SET
SET
                                             QUERY PLAN                                             
----------------------------------------------------------------------------------------------------
 Index Scan using idx on public.t (actual rows=4096.00 loops=1)
   Output: a, b
   Index Cond: ((t.a >= 17069) AND (t.a <= 17324))
   Index Searches: 1
   Buffers: shared hit=3054
 Settings: enable_bitmapscan = 'off', enable_seqscan = 'off', max_parallel_workers_per_gather = '0'
 Planning:
   Buffers: shared hit=109
 Planning Time: 0.324 ms
 Execution Time: 1.089 ms
(10 rows)

