SET
SET
SET
SET
SET
                                                                  QUERY PLAN                                                                   
-----------------------------------------------------------------------------------------------------------------------------------------------
 Index Scan using idx on public.t (actual rows=8192.00 loops=1)
   Output: a, b
   Index Cond: ((t.a >= 9998) AND (t.a <= 10509))
   Index Searches: 1
   Prefetch: distance=261.175 count=6627 stalls=1 skipped=2077 resets=0 ungets=514 forwarded=310
             histogram [2,4) => 2, [4,8) => 4, [8,16) => 10, [16,32) => 20, [32,64) => 30, [64,128) => 16, [128,256) => 800, [256,512) => 5745
   Buffers: shared hit=5986 read=145
 Settings: enable_bitmapscan = 'off', enable_seqscan = 'off', max_parallel_workers_per_gather = '0'
 Planning:
   Buffers: shared hit=82 read=22
 Planning Time: 5.540 ms
 Execution Time: 7.985 ms
(12 rows)

SET
SET
SET
SET
SET
                                             QUERY PLAN                                             
----------------------------------------------------------------------------------------------------
 Index Scan using idx on public.t (actual rows=8192.00 loops=1)
   Output: a, b
   Index Cond: ((t.a >= 9998) AND (t.a <= 10509))
   Index Searches: 1
   Buffers: shared hit=6144
 Settings: enable_bitmapscan = 'off', enable_seqscan = 'off', max_parallel_workers_per_gather = '0'
 Planning:
   Buffers: shared hit=109
 Planning Time: 0.333 ms
 Execution Time: 2.137 ms
(10 rows)

