SET
SET
SET
SET
SET
                                                                      QUERY PLAN                                                                      
------------------------------------------------------------------------------------------------------------------------------------------------------
 Index Scan using idx on public.t (actual rows=3048576.00 loops=1)
   Output: a, b
   Index Cond: ((t.a >= 14984) AND (t.a <= 205519))
   Index Searches: 1
   Prefetch: distance=263.999 count=2482911 stalls=1 skipped=770522 resets=0 ungets=204869 forwarded=130955
             histogram [2,4) => 2, [4,8) => 10, [8,16) => 14, [16,32) => 16, [32,64) => 27, [64,128) => 57, [128,256) => 321548, [256,512) => 2161237
   Buffers: shared hit=2236058 read=44223
 Settings: enable_bitmapscan = 'off', enable_seqscan = 'off', max_parallel_workers_per_gather = '0'
 Planning:
   Buffers: shared hit=82 read=22
 Planning Time: 5.478 ms
 Execution Time: 1896.019 ms
(12 rows)

SET
SET
SET
SET
SET
                                             QUERY PLAN                                             
----------------------------------------------------------------------------------------------------
 Index Scan using idx on public.t (actual rows=3048576.00 loops=1)
   Output: a, b
   Index Cond: ((t.a >= 14984) AND (t.a <= 205519))
   Index Searches: 1
   Buffers: shared hit=2286387
 Settings: enable_bitmapscan = 'off', enable_seqscan = 'off', max_parallel_workers_per_gather = '0'
 Planning:
   Buffers: shared hit=109
 Planning Time: 0.380 ms
 Execution Time: 856.854 ms
(10 rows)

