SET
SET
SET
SET
SET
                                             QUERY PLAN                                             
----------------------------------------------------------------------------------------------------
 Index Scan Backward using idx on public.t (actual rows=4096.00 loops=1)
   Output: a, b
   Index Cond: ((t.a >= 30922) AND (t.a <= 35017))
   Index Searches: 1
   Prefetch: distance=2.000 count=118 stalls=3425 skipped=217 resets=0 ungets=0 forwarded=0
             histogram [2,4) => 118
   Buffers: shared hit=3777 read=94
 Settings: enable_bitmapscan = 'off', enable_seqscan = 'off', max_parallel_workers_per_gather = '0'
 Planning:
   Buffers: shared hit=82 read=26
 Planning Time: 6.522 ms
 Execution Time: 6.672 ms
(12 rows)

SET
SET
SET
SET
SET
                                             QUERY PLAN                                             
----------------------------------------------------------------------------------------------------
 Index Scan Backward using idx on public.t (actual rows=4096.00 loops=1)
   Output: a, b
   Index Cond: ((t.a >= 30922) AND (t.a <= 35017))
   Index Searches: 1
   Buffers: shared hit=3871
 Settings: enable_bitmapscan = 'off', enable_seqscan = 'off', max_parallel_workers_per_gather = '0'
 Planning:
   Buffers: shared hit=113
 Planning Time: 0.471 ms
 Execution Time: 1.130 ms
(10 rows)

