SET
SET
SET
SET
SET
                                             QUERY PLAN                                             
----------------------------------------------------------------------------------------------------
 Index Scan using idx on public.t (actual rows=512.00 loops=1)
   Output: a, b
   Index Cond: ((t.a >= 111) AND (t.a <= 622))
   Index Searches: 1
   Prefetch: distance=2.000 count=2 stalls=373 skipped=30 resets=0 ungets=0 forwarded=0
             histogram [2,4) => 2
   Buffers: shared hit=462 read=20
 Settings: enable_bitmapscan = 'off', enable_seqscan = 'off', max_parallel_workers_per_gather = '0'
 Planning:
   Buffers: shared hit=86 read=26
 Planning Time: 6.077 ms
 Execution Time: 2.803 ms
(12 rows)

SET
SET
SET
SET
SET
                                             QUERY PLAN                                             
----------------------------------------------------------------------------------------------------
 Index Scan using idx on public.t (actual rows=512.00 loops=1)
   Output: a, b
   Index Cond: ((t.a >= 111) AND (t.a <= 622))
   Index Searches: 1
   Buffers: shared hit=482
 Settings: enable_bitmapscan = 'off', enable_seqscan = 'off', max_parallel_workers_per_gather = '0'
 Planning:
   Buffers: shared hit=117
 Planning Time: 0.417 ms
 Execution Time: 0.191 ms
(10 rows)

