SET
SET
SET
SET
SET
                                             QUERY PLAN                                             
----------------------------------------------------------------------------------------------------
 Index Scan using idx on public.t (actual rows=1024.00 loops=1)
   Output: a, b
   Index Cond: ((t.a >= 11215) AND (t.a <= 12238))
   Index Searches: 1
   Prefetch: distance=2.130 count=46 stalls=906 skipped=61 resets=0 ungets=0 forwarded=0
             histogram [2,4) => 44, [4,8) => 2
   Buffers: shared hit=935 read=36
 Settings: enable_bitmapscan = 'off', enable_seqscan = 'off', max_parallel_workers_per_gather = '0'
 Planning:
   Buffers: shared hit=86 read=26
 Planning Time: 5.988 ms
 Execution Time: 4.706 ms
(12 rows)

SET
SET
SET
SET
SET
                                             QUERY PLAN                                             
----------------------------------------------------------------------------------------------------
 Index Scan using idx on public.t (actual rows=1024.00 loops=1)
   Output: a, b
   Index Cond: ((t.a >= 11215) AND (t.a <= 12238))
   Index Searches: 1
   Buffers: shared hit=971
 Settings: enable_bitmapscan = 'off', enable_seqscan = 'off', max_parallel_workers_per_gather = '0'
 Planning:
   Buffers: shared hit=117
 Planning Time: 0.369 ms
 Execution Time: 0.467 ms
(10 rows)

