SET
SET
SET
SET
SET
                                             QUERY PLAN                                             
----------------------------------------------------------------------------------------------------
 Index Scan using idx on public.t (actual rows=4096.00 loops=1)
   Output: a, b
   Index Cond: ((t.a >= 364) AND (t.a <= 4459))
   Index Searches: 1
   Prefetch: distance=2.000 count=114 stalls=3480 skipped=218 resets=0 ungets=0 forwarded=0
             histogram [2,4) => 114
   Buffers: shared hit=3791 read=89
 Settings: enable_bitmapscan = 'off', enable_seqscan = 'off', max_parallel_workers_per_gather = '0'
 Planning:
   Buffers: shared hit=86 read=26
 Planning Time: 6.465 ms
 Execution Time: 9.787 ms
(12 rows)

SET
SET
SET
SET
SET
                                             QUERY PLAN                                             
----------------------------------------------------------------------------------------------------
 Index Scan using idx on public.t (actual rows=4096.00 loops=1)
   Output: a, b
   Index Cond: ((t.a >= 364) AND (t.a <= 4459))
   Index Searches: 1
   Buffers: shared hit=3880
 Settings: enable_bitmapscan = 'off', enable_seqscan = 'off', max_parallel_workers_per_gather = '0'
 Planning:
   Buffers: shared hit=117
 Planning Time: 0.447 ms
 Execution Time: 1.144 ms
(10 rows)

