SET
SET
SET
SET
SET
                                             QUERY PLAN                                             
----------------------------------------------------------------------------------------------------
 Index Scan using idx on public.t (actual rows=2048.00 loops=1)
   Output: a, b
   Index Cond: ((t.a >= 20033) AND (t.a <= 22080))
   Index Searches: 1
   Prefetch: distance=2.057 count=53 stalls=1565 skipped=93 resets=0 ungets=0 forwarded=0
             histogram [2,4) => 52, [4,8) => 1
   Buffers: shared hit=1890 read=55
 Settings: enable_bitmapscan = 'off', enable_seqscan = 'off', max_parallel_workers_per_gather = '0'
 Planning:
   Buffers: shared hit=86 read=26
 Planning Time: 6.419 ms
 Execution Time: 6.750 ms
(12 rows)

SET
SET
SET
SET
SET
                                             QUERY PLAN                                             
----------------------------------------------------------------------------------------------------
 Index Scan using idx on public.t (actual rows=2048.00 loops=1)
   Output: a, b
   Index Cond: ((t.a >= 20033) AND (t.a <= 22080))
   Index Searches: 1
   Buffers: shared hit=1945
 Settings: enable_bitmapscan = 'off', enable_seqscan = 'off', max_parallel_workers_per_gather = '0'
 Planning:
   Buffers: shared hit=117
 Planning Time: 0.362 ms
 Execution Time: 0.616 ms
(10 rows)

