SET
SET
SET
SET
SET
                                             QUERY PLAN                                             
----------------------------------------------------------------------------------------------------
 Index Scan using idx on public.t (actual rows=4096.00 loops=1)
   Output: a, b
   Index Cond: ((t.a >= 6000) AND (t.a <= 10095))
   Index Searches: 1
   Prefetch: distance=2.000 count=126 stalls=3655 skipped=251 resets=0 ungets=0 forwarded=0
             histogram [2,4) => 126
   Buffers: shared hit=3766 read=93
 Settings: enable_bitmapscan = 'off', enable_seqscan = 'off', max_parallel_workers_per_gather = '0'
 Planning:
   Buffers: shared hit=86 read=26
 Planning Time: 6.213 ms
 Execution Time: 10.525 ms
(12 rows)

SET
SET
SET
SET
SET
                                             QUERY PLAN                                             
----------------------------------------------------------------------------------------------------
 Index Scan using idx on public.t (actual rows=4096.00 loops=1)
   Output: a, b
   Index Cond: ((t.a >= 6000) AND (t.a <= 10095))
   Index Searches: 1
   Buffers: shared hit=3859
 Settings: enable_bitmapscan = 'off', enable_seqscan = 'off', max_parallel_workers_per_gather = '0'
 Planning:
   Buffers: shared hit=117
 Planning Time: 0.450 ms
 Execution Time: 1.585 ms
(10 rows)

