SET
SET
SET
SET
SET
                                             QUERY PLAN                                             
----------------------------------------------------------------------------------------------------
 Index Scan using idx on public.t (actual rows=1024.00 loops=1)
   Output: a, b
   Index Cond: ((t.a >= 15185) AND (t.a <= 16208))
   Index Searches: 1
   Prefetch: distance=2.000 count=22 stalls=637 skipped=44 resets=0 ungets=0 forwarded=0
             histogram [2,4) => 22
   Buffers: shared hit=937 read=35
 Settings: enable_bitmapscan = 'off', enable_seqscan = 'off', max_parallel_workers_per_gather = '0'
 Planning:
   Buffers: shared hit=86 read=26
 Planning Time: 6.247 ms
 Execution Time: 4.153 ms
(12 rows)

SET
SET
SET
SET
SET
                                             QUERY PLAN                                             
----------------------------------------------------------------------------------------------------
 Index Scan using idx on public.t (actual rows=1024.00 loops=1)
   Output: a, b
   Index Cond: ((t.a >= 15185) AND (t.a <= 16208))
   Index Searches: 1
   Buffers: shared hit=972
 Settings: enable_bitmapscan = 'off', enable_seqscan = 'off', max_parallel_workers_per_gather = '0'
 Planning:
   Buffers: shared hit=117
 Planning Time: 0.358 ms
 Execution Time: 0.339 ms
(10 rows)

