SET
SET
SET
SET
SET
                                             QUERY PLAN                                             
----------------------------------------------------------------------------------------------------
 Index Scan using idx on public.t (actual rows=2048.00 loops=1)
   Output: a, b
   Index Cond: ((t.a >= 7587) AND (t.a <= 9634))
   Index Searches: 1
   Prefetch: distance=2.000 count=54 stalls=1555 skipped=104 resets=0 ungets=0 forwarded=0
             histogram [2,4) => 54
   Buffers: shared hit=1874 read=55
 Settings: enable_bitmapscan = 'off', enable_seqscan = 'off', max_parallel_workers_per_gather = '0'
 Planning:
   Buffers: shared hit=86 read=26
 Planning Time: 5.936 ms
 Execution Time: 6.631 ms
(12 rows)

SET
SET
SET
SET
SET
                                             QUERY PLAN                                             
----------------------------------------------------------------------------------------------------
 Index Scan using idx on public.t (actual rows=2048.00 loops=1)
   Output: a, b
   Index Cond: ((t.a >= 7587) AND (t.a <= 9634))
   Index Searches: 1
   Buffers: shared hit=1929
 Settings: enable_bitmapscan = 'off', enable_seqscan = 'off', max_parallel_workers_per_gather = '0'
 Planning:
   Buffers: shared hit=117
 Planning Time: 0.367 ms
 Execution Time: 0.668 ms
(10 rows)

