SET
SET
SET
SET
SET
                                             QUERY PLAN                                             
----------------------------------------------------------------------------------------------------
 Index Scan using idx on public.t (actual rows=2048.00 loops=1)
   Output: a, b
   Index Cond: ((t.a >= 5268) AND (t.a <= 5395))
   Index Searches: 1
   Prefetch: distance=2.089 count=45 stalls=1365 skipped=476 resets=0 ungets=0 forwarded=1
             histogram [2,4) => 44, [4,8) => 1
   Buffers: shared hit=1485 read=57
 Settings: enable_bitmapscan = 'off', enable_seqscan = 'off', max_parallel_workers_per_gather = '0'
 Planning:
   Buffers: shared hit=86 read=26
 Planning Time: 6.355 ms
 Execution Time: 6.370 ms
(12 rows)

SET
SET
SET
SET
SET
                                             QUERY PLAN                                             
----------------------------------------------------------------------------------------------------
 Index Scan using idx on public.t (actual rows=2048.00 loops=1)
   Output: a, b
   Index Cond: ((t.a >= 5268) AND (t.a <= 5395))
   Index Searches: 1
   Buffers: shared hit=1542
 Settings: enable_bitmapscan = 'off', enable_seqscan = 'off', max_parallel_workers_per_gather = '0'
 Planning:
   Buffers: shared hit=117
 Planning Time: 0.410 ms
 Execution Time: 0.609 ms
(10 rows)

