SET
SET
SET
SET
SET
                                             QUERY PLAN                                             
----------------------------------------------------------------------------------------------------
 Index Scan using idx on public.t (actual rows=4096.00 loops=1)
   Output: a, b
   Index Cond: ((t.a >= 30063) AND (t.a <= 30318))
   Index Searches: 1
   Prefetch: distance=2.046 count=87 stalls=2705 skipped=949 resets=0 ungets=0 forwarded=0
             histogram [2,4) => 85, [4,8) => 2
   Buffers: shared hit=2979 read=85
 Settings: enable_bitmapscan = 'off', enable_seqscan = 'off', max_parallel_workers_per_gather = '0'
 Planning:
   Buffers: shared hit=82 read=22
 Planning Time: 5.924 ms
 Execution Time: 9.775 ms
(12 rows)

SET
SET
SET
SET
SET
                                             QUERY PLAN                                             
----------------------------------------------------------------------------------------------------
 Index Scan using idx on public.t (actual rows=4096.00 loops=1)
   Output: a, b
   Index Cond: ((t.a >= 30063) AND (t.a <= 30318))
   Index Searches: 1
   Buffers: shared hit=3064
 Settings: enable_bitmapscan = 'off', enable_seqscan = 'off', max_parallel_workers_per_gather = '0'
 Planning:
   Buffers: shared hit=109
 Planning Time: 0.328 ms
 Execution Time: 1.223 ms
(10 rows)

