SET
SET
SET
SET
SET
                                             QUERY PLAN                                             
----------------------------------------------------------------------------------------------------
 Index Scan Backward using idx on public.t (actual rows=2048.00 loops=1)
   Output: a, b
   Index Cond: ((t.a >= 15166) AND (t.a <= 17213))
   Index Searches: 1
   Prefetch: distance=2.000 count=56 stalls=1534 skipped=104 resets=0 ungets=0 forwarded=0
             histogram [2,4) => 56
   Buffers: shared hit=1882 read=55
 Settings: enable_bitmapscan = 'off', enable_seqscan = 'off', max_parallel_workers_per_gather = '0'
 Planning:
   Buffers: shared hit=82 read=26
 Planning Time: 6.274 ms
 Execution Time: 4.401 ms
(12 rows)

SET
SET
SET
SET
SET
                                             QUERY PLAN                                             
----------------------------------------------------------------------------------------------------
 Index Scan Backward using idx on public.t (actual rows=2048.00 loops=1)
   Output: a, b
   Index Cond: ((t.a >= 15166) AND (t.a <= 17213))
   Index Searches: 1
   Buffers: shared hit=1937
 Settings: enable_bitmapscan = 'off', enable_seqscan = 'off', max_parallel_workers_per_gather = '0'
 Planning:
   Buffers: shared hit=113
 Planning Time: 0.494 ms
 Execution Time: 0.929 ms
(10 rows)

