SET
SET
SET
SET
SET
                                             QUERY PLAN                                             
----------------------------------------------------------------------------------------------------
 Index Scan Backward using idx on public.t (actual rows=2048.00 loops=1)
   Output: a, b
   Index Cond: ((t.a >= 28663) AND (t.a <= 30710))
   Index Searches: 1
   Prefetch: distance=2.000 count=68 stalls=1823 skipped=124 resets=0 ungets=0 forwarded=0
             histogram [2,4) => 68
   Buffers: shared hit=1878 read=55
 Settings: enable_bitmapscan = 'off', enable_seqscan = 'off', max_parallel_workers_per_gather = '0'
 Planning:
   Buffers: shared hit=82 read=26
 Planning Time: 6.237 ms
 Execution Time: 3.860 ms
(12 rows)

SET
SET
SET
SET
SET
                                             QUERY PLAN                                             
----------------------------------------------------------------------------------------------------
 Index Scan Backward using idx on public.t (actual rows=2048.00 loops=1)
   Output: a, b
   Index Cond: ((t.a >= 28663) AND (t.a <= 30710))
   Index Searches: 1
   Buffers: shared hit=1933
 Settings: enable_bitmapscan = 'off', enable_seqscan = 'off', max_parallel_workers_per_gather = '0'
 Planning:
   Buffers: shared hit=113
 Planning Time: 0.364 ms
 Execution Time: 0.758 ms
(10 rows)

