SET
SET
SET
SET
SET
                                             QUERY PLAN                                             
----------------------------------------------------------------------------------------------------
 Index Scan Backward using idx on public.t (actual rows=1024.00 loops=1)
   Output: a, b
   Index Cond: ((t.a >= 7092) AND (t.a <= 8115))
   Index Searches: 1
   Prefetch: distance=3.333 count=57 stalls=897 skipped=60 resets=0 ungets=0 forwarded=0
             histogram [2,4) => 40, [4,8) => 12, [8,16) => 5
   Buffers: shared hit=936 read=35
 Settings: enable_bitmapscan = 'off', enable_seqscan = 'off', max_parallel_workers_per_gather = '0'
 Planning:
   Buffers: shared hit=82 read=26
 Planning Time: 6.226 ms
 Execution Time: 2.964 ms
(12 rows)

SET
SET
SET
SET
SET
                                             QUERY PLAN                                             
----------------------------------------------------------------------------------------------------
 Index Scan Backward using idx on public.t (actual rows=1024.00 loops=1)
   Output: a, b
   Index Cond: ((t.a >= 7092) AND (t.a <= 8115))
   Index Searches: 1
   Buffers: shared hit=971
 Settings: enable_bitmapscan = 'off', enable_seqscan = 'off', max_parallel_workers_per_gather = '0'
 Planning:
   Buffers: shared hit=113
 Planning Time: 0.347 ms
 Execution Time: 0.360 ms
(10 rows)

