SET
SET
SET
SET
SET
                                             QUERY PLAN                                             
----------------------------------------------------------------------------------------------------
 Index Scan Backward using idx on public.t (actual rows=512.00 loops=1)
   Output: a, b
   Index Cond: ((t.a >= 19894) AND (t.a <= 20405))
   Index Searches: 1
   Prefetch: distance=2.000 count=24 stalls=443 skipped=27 resets=0 ungets=0 forwarded=0
             histogram [2,4) => 24
   Buffers: shared hit=466 read=27
 Settings: enable_bitmapscan = 'off', enable_seqscan = 'off', max_parallel_workers_per_gather = '0'
 Planning:
   Buffers: shared hit=82 read=26
 Planning Time: 6.130 ms
 Execution Time: 2.816 ms
(12 rows)

SET
SET
SET
SET
SET
                                             QUERY PLAN                                             
----------------------------------------------------------------------------------------------------
 Index Scan Backward using idx on public.t (actual rows=512.00 loops=1)
   Output: a, b
   Index Cond: ((t.a >= 19894) AND (t.a <= 20405))
   Index Searches: 1
   Buffers: shared hit=493
 Settings: enable_bitmapscan = 'off', enable_seqscan = 'off', max_parallel_workers_per_gather = '0'
 Planning:
   Buffers: shared hit=113
 Planning Time: 0.484 ms
 Execution Time: 0.297 ms
(10 rows)

