SET
SET
SET
SET
SET
                                             QUERY PLAN                                             
----------------------------------------------------------------------------------------------------
 Index Scan using idx on public.t (actual rows=1024.00 loops=1)
   Output: a, b
   Index Cond: ((t.a >= 13018) AND (t.a <= 14041))
   Index Searches: 1
   Prefetch: distance=2.000 count=20 stalls=623 skipped=31 resets=0 ungets=0 forwarded=0
             histogram [2,4) => 20
   Buffers: shared hit=950 read=35
 Settings: enable_bitmapscan = 'off', enable_seqscan = 'off', max_parallel_workers_per_gather = '0'
 Planning:
   Buffers: shared hit=86 read=26
 Planning Time: 6.561 ms
 Execution Time: 4.470 ms
(12 rows)

SET
SET
SET
SET
SET
                                             QUERY PLAN                                             
----------------------------------------------------------------------------------------------------
 Index Scan using idx on public.t (actual rows=1024.00 loops=1)
   Output: a, b
   Index Cond: ((t.a >= 13018) AND (t.a <= 14041))
   Index Searches: 1
   Buffers: shared hit=985
 Settings: enable_bitmapscan = 'off', enable_seqscan = 'off', max_parallel_workers_per_gather = '0'
 Planning:
   Buffers: shared hit=117
 Planning Time: 0.459 ms
 Execution Time: 0.604 ms
(10 rows)

