SET
SET
SET
SET
SET
                                                                 QUERY PLAN                                                                 
--------------------------------------------------------------------------------------------------------------------------------------------
 Index Scan using idx on public.t (actual rows=512.00 loops=1)
   Output: a, b
   Index Cond: ((t.a >= 8425) AND (t.a <= 8936))
   Index Searches: 1
   Prefetch: distance=239.305 count=525 stalls=1 skipped=30 resets=0 ungets=47 forwarded=5
             histogram [2,4) => 3, [4,8) => 5, [8,16) => 12, [16,32) => 11, [32,64) => 23, [64,128) => 3, [128,256) => 46, [256,512) => 422
   Buffers: shared hit=462 read=28
 Settings: enable_bitmapscan = 'off', enable_seqscan = 'off', max_parallel_workers_per_gather = '0'
 Planning:
   Buffers: shared hit=86 read=26
 Planning Time: 6.185 ms
 Execution Time: 2.727 ms
(12 rows)

SET
SET
SET
SET
SET
                                             QUERY PLAN                                             
----------------------------------------------------------------------------------------------------
 Index Scan using idx on public.t (actual rows=512.00 loops=1)
   Output: a, b
   Index Cond: ((t.a >= 8425) AND (t.a <= 8936))
   Index Searches: 1
   Buffers: shared hit=490
 Settings: enable_bitmapscan = 'off', enable_seqscan = 'off', max_parallel_workers_per_gather = '0'
 Planning:
   Buffers: shared hit=117
 Planning Time: 0.347 ms
 Execution Time: 0.214 ms
(10 rows)

