SET
SET
SET
SET
SET
                                             QUERY PLAN                                             
----------------------------------------------------------------------------------------------------
 Index Scan using idx on public.t (actual rows=4096.00 loops=1)
   Output: a, b
   Index Cond: ((t.a >= 20216) AND (t.a <= 24311))
   Index Searches: 1
   Prefetch: distance=2.455 count=165 stalls=3678 skipped=247 resets=0 ungets=0 forwarded=0
             histogram [2,4) => 142, [4,8) => 21, [8,16) => 2
   Buffers: shared hit=3772 read=95
 Settings: enable_bitmapscan = 'off', enable_seqscan = 'off', max_parallel_workers_per_gather = '0'
 Planning:
   Buffers: shared hit=86 read=26
 Planning Time: 6.456 ms
 Execution Time: 9.513 ms
(12 rows)

SET
SET
SET
SET
SET
                                             QUERY PLAN                                             
----------------------------------------------------------------------------------------------------
 Index Scan using idx on public.t (actual rows=4096.00 loops=1)
   Output: a, b
   Index Cond: ((t.a >= 20216) AND (t.a <= 24311))
   Index Searches: 1
   Buffers: shared hit=3867
 Settings: enable_bitmapscan = 'off', enable_seqscan = 'off', max_parallel_workers_per_gather = '0'
 Planning:
   Buffers: shared hit=117
 Planning Time: 0.348 ms
 Execution Time: 1.127 ms
(10 rows)

