SET
SET
SET
SET
SET
                                             QUERY PLAN                                             
----------------------------------------------------------------------------------------------------
 Index Scan using idx on public.t (actual rows=1024.00 loops=1)
   Output: a, b
   Index Cond: ((t.a >= 11134) AND (t.a <= 12157))
   Index Searches: 1
   Prefetch: distance=2.120 count=25 stalls=659 skipped=44 resets=0 ungets=0 forwarded=0
             histogram [2,4) => 24, [4,8) => 1
   Buffers: shared hit=937 read=35
 Settings: enable_bitmapscan = 'off', enable_seqscan = 'off', max_parallel_workers_per_gather = '0'
 Planning:
   Buffers: shared hit=86 read=26
 Planning Time: 6.760 ms
 Execution Time: 4.274 ms
(12 rows)

SET
SET
SET
SET
SET
                                             QUERY PLAN                                             
----------------------------------------------------------------------------------------------------
 Index Scan using idx on public.t (actual rows=1024.00 loops=1)
   Output: a, b
   Index Cond: ((t.a >= 11134) AND (t.a <= 12157))
   Index Searches: 1
   Buffers: shared hit=972
 Settings: enable_bitmapscan = 'off', enable_seqscan = 'off', max_parallel_workers_per_gather = '0'
 Planning:
   Buffers: shared hit=117
 Planning Time: 0.425 ms
 Execution Time: 0.346 ms
(10 rows)

