SET
SET
SET
SET
SET
                                             QUERY PLAN                                             
----------------------------------------------------------------------------------------------------
 Index Scan using idx on public.t (actual rows=4096.00 loops=1)
   Output: a, b
   Index Cond: ((t.a >= 5109) AND (t.a <= 9204))
   Index Searches: 1
   Prefetch: distance=2.000 count=122 stalls=3472 skipped=231 resets=0 ungets=0 forwarded=0
             histogram [2,4) => 122
   Buffers: shared hit=3769 read=93
 Settings: enable_bitmapscan = 'off', enable_seqscan = 'off', max_parallel_workers_per_gather = '0'
 Planning:
   Buffers: shared hit=86 read=26
 Planning Time: 6.031 ms
 Execution Time: 10.259 ms
(12 rows)

SET
SET
SET
SET
SET
                                             QUERY PLAN                                             
----------------------------------------------------------------------------------------------------
 Index Scan using idx on public.t (actual rows=4096.00 loops=1)
   Output: a, b
   Index Cond: ((t.a >= 5109) AND (t.a <= 9204))
   Index Searches: 1
   Buffers: shared hit=3862
 Settings: enable_bitmapscan = 'off', enable_seqscan = 'off', max_parallel_workers_per_gather = '0'
 Planning:
   Buffers: shared hit=117
 Planning Time: 0.441 ms
 Execution Time: 1.316 ms
(10 rows)

