SET
SET
SET
SET
SET
                                                                   QUERY PLAN                                                                    
-------------------------------------------------------------------------------------------------------------------------------------------------
 Index Scan using idx on public.t (actual rows=524288.00 loops=1)
   Output: a, b
   Index Cond: ((t.a >= 32550) AND (t.a <= 556837))
   Index Searches: 1
   Prefetch: distance=265.094 count=550174 stalls=1 skipped=30685 resets=0 ungets=56575 forwarded=3705
             histogram [2,4) => 2, [4,8) => 7, [8,16) => 5, [16,32) => 16, [32,64) => 12, [64,128) => 3, [128,256) => 61373, [256,512) => 488756
   Buffers: shared hit=485233 read=9643
 Settings: enable_bitmapscan = 'off', enable_seqscan = 'off', max_parallel_workers_per_gather = '0'
 Planning:
   Buffers: shared hit=82 read=26
 Planning Time: 6.230 ms
 Execution Time: 443.685 ms
(12 rows)

SET
SET
SET
SET
SET
                                             QUERY PLAN                                             
----------------------------------------------------------------------------------------------------
 Index Scan using idx on public.t (actual rows=524288.00 loops=1)
   Output: a, b
   Index Cond: ((t.a >= 32550) AND (t.a <= 556837))
   Index Searches: 1
   Buffers: shared hit=495041
 Settings: enable_bitmapscan = 'off', enable_seqscan = 'off', max_parallel_workers_per_gather = '0'
 Planning:
   Buffers: shared hit=113
 Planning Time: 0.395 ms
 Execution Time: 152.016 ms
(10 rows)

