SET
SET
SET
SET
SET
                                             QUERY PLAN                                             
----------------------------------------------------------------------------------------------------
 Index Scan using idx on public.t (actual rows=4096.00 loops=1)
   Output: a, b
   Index Cond: ((t.a >= 19439) AND (t.a <= 23534))
   Index Searches: 1
   Prefetch: distance=2.026 count=117 stalls=3431 skipped=221 resets=0 ungets=0 forwarded=0
             histogram [2,4) => 116, [4,8) => 1
   Buffers: shared hit=3782 read=92
 Settings: enable_bitmapscan = 'off', enable_seqscan = 'off', max_parallel_workers_per_gather = '0'
 Planning:
   Buffers: shared hit=86 read=26
 Planning Time: 5.933 ms
 Execution Time: 9.969 ms
(12 rows)

SET
SET
SET
SET
SET
                                             QUERY PLAN                                             
----------------------------------------------------------------------------------------------------
 Index Scan using idx on public.t (actual rows=4096.00 loops=1)
   Output: a, b
   Index Cond: ((t.a >= 19439) AND (t.a <= 23534))
   Index Searches: 1
   Buffers: shared hit=3874
 Settings: enable_bitmapscan = 'off', enable_seqscan = 'off', max_parallel_workers_per_gather = '0'
 Planning:
   Buffers: shared hit=117
 Planning Time: 0.351 ms
 Execution Time: 1.318 ms
(10 rows)

