SET
SET
SET
SET
SET
                                                                    QUERY PLAN                                                                    
--------------------------------------------------------------------------------------------------------------------------------------------------
 Index Scan using idx on public.t (actual rows=32768.00 loops=1)
   Output: a, b
   Index Cond: ((t.a >= 692) AND (t.a <= 33459))
   Index Searches: 1
   Prefetch: distance=264.274 count=34324 stalls=4 skipped=1921 resets=0 ungets=3485 forwarded=217
             histogram [2,4) => 6, [4,8) => 13, [8,16) => 11, [16,32) => 11, [32,64) => 29, [64,128) => 55, [128,256) => 3776, [256,512) => 30423
   Buffers: shared hit=30312 read=621
 Settings: enable_bitmapscan = 'off', enable_seqscan = 'off', max_parallel_workers_per_gather = '0'
 Planning:
   Buffers: shared hit=86 read=26
 Planning Time: 6.293 ms
 Execution Time: 31.280 ms
(12 rows)

SET
SET
SET
SET
SET
                                             QUERY PLAN                                             
----------------------------------------------------------------------------------------------------
 Index Scan using idx on public.t (actual rows=32768.00 loops=1)
   Output: a, b
   Index Cond: ((t.a >= 692) AND (t.a <= 33459))
   Index Searches: 1
   Buffers: shared hit=30943
 Settings: enable_bitmapscan = 'off', enable_seqscan = 'off', max_parallel_workers_per_gather = '0'
 Planning:
   Buffers: shared hit=117
 Planning Time: 0.362 ms
 Execution Time: 8.023 ms
(10 rows)

