SET
SET
SET
SET
SET
                                             QUERY PLAN                                             
----------------------------------------------------------------------------------------------------
 Index Scan Backward using idx on public.t (actual rows=256.00 loops=1)
   Output: a, b
   Index Cond: ((t.a >= 22990) AND (t.a <= 23005))
   Index Searches: 1
   Prefetch: distance=2.000 count=4 stalls=75 skipped=24 resets=0 ungets=0 forwarded=0
             histogram [2,4) => 4
   Buffers: shared hit=175 read=31
 Settings: enable_bitmapscan = 'off', enable_seqscan = 'off', max_parallel_workers_per_gather = '0'
 Planning:
   Buffers: shared hit=78 read=22
 Planning Time: 5.830 ms
 Execution Time: 3.981 ms
(12 rows)

SET
SET
SET
SET
SET
                                             QUERY PLAN                                             
----------------------------------------------------------------------------------------------------
 Index Scan Backward using idx on public.t (actual rows=256.00 loops=1)
   Output: a, b
   Index Cond: ((t.a >= 22990) AND (t.a <= 23005))
   Index Searches: 1
   Buffers: shared hit=206
 Settings: enable_bitmapscan = 'off', enable_seqscan = 'off', max_parallel_workers_per_gather = '0'
 Planning:
   Buffers: shared hit=105
 Planning Time: 0.318 ms
 Execution Time: 0.161 ms
(10 rows)

