SET
SET
SET
SET
SET
                                             QUERY PLAN                                             
----------------------------------------------------------------------------------------------------
 Index Scan Backward using idx on public.t (actual rows=1024.00 loops=1)
   Output: a, b
   Index Cond: ((t.a >= 21086) AND (t.a <= 21149))
   Index Searches: 1
   Prefetch: distance=2.000 count=20 stalls=560 skipped=205 resets=0 ungets=0 forwarded=0
             histogram [2,4) => 20
   Buffers: shared hit=719 read=42
 Settings: enable_bitmapscan = 'off', enable_seqscan = 'off', max_parallel_workers_per_gather = '0'
 Planning:
   Buffers: shared hit=78 read=22
 Planning Time: 5.902 ms
 Execution Time: 4.648 ms
(12 rows)

SET
SET
SET
SET
SET
                                             QUERY PLAN                                             
----------------------------------------------------------------------------------------------------
 Index Scan Backward using idx on public.t (actual rows=1024.00 loops=1)
   Output: a, b
   Index Cond: ((t.a >= 21086) AND (t.a <= 21149))
   Index Searches: 1
   Buffers: shared hit=761
 Settings: enable_bitmapscan = 'off', enable_seqscan = 'off', max_parallel_workers_per_gather = '0'
 Planning:
   Buffers: shared hit=105
 Planning Time: 0.416 ms
 Execution Time: 0.539 ms
(10 rows)

