SET
SET
SET
SET
SET
                                             QUERY PLAN                                             
----------------------------------------------------------------------------------------------------
 Index Scan Backward using idx on public.t (actual rows=2048.00 loops=1)
   Output: a, b
   Index Cond: ((t.a >= 30582) AND (t.a <= 30709))
   Index Searches: 1
   Prefetch: distance=2.000 count=44 stalls=1325 skipped=485 resets=0 ungets=0 forwarded=0
             histogram [2,4) => 44
   Buffers: shared hit=1472 read=57
 Settings: enable_bitmapscan = 'off', enable_seqscan = 'off', max_parallel_workers_per_gather = '0'
 Planning:
   Buffers: shared hit=78 read=22
 Planning Time: 5.470 ms
 Execution Time: 5.496 ms
(12 rows)

SET
SET
SET
SET
SET
                                             QUERY PLAN                                             
----------------------------------------------------------------------------------------------------
 Index Scan Backward using idx on public.t (actual rows=2048.00 loops=1)
   Output: a, b
   Index Cond: ((t.a >= 30582) AND (t.a <= 30709))
   Index Searches: 1
   Buffers: shared hit=1529
 Settings: enable_bitmapscan = 'off', enable_seqscan = 'off', max_parallel_workers_per_gather = '0'
 Planning:
   Buffers: shared hit=105
 Planning Time: 0.406 ms
 Execution Time: 0.813 ms
(10 rows)

