SET
SET
SET
SET
SET
                                             QUERY PLAN                                             
----------------------------------------------------------------------------------------------------
 Index Scan Backward using idx on public.t (actual rows=4096.00 loops=1)
   Output: a, b
   Index Cond: ((t.a >= 397) AND (t.a <= 652))
   Index Searches: 1
   Prefetch: distance=2.028 count=109 stalls=2915 skipped=1039 resets=0 ungets=0 forwarded=0
             histogram [2,4) => 108, [4,8) => 1
   Buffers: shared hit=2979 read=86
 Settings: enable_bitmapscan = 'off', enable_seqscan = 'off', max_parallel_workers_per_gather = '0'
 Planning:
   Buffers: shared hit=82 read=26
 Planning Time: 6.562 ms
 Execution Time: 5.964 ms
(12 rows)

SET
SET
SET
SET
SET
                                             QUERY PLAN                                             
----------------------------------------------------------------------------------------------------
 Index Scan Backward using idx on public.t (actual rows=4096.00 loops=1)
   Output: a, b
   Index Cond: ((t.a >= 397) AND (t.a <= 652))
   Index Searches: 1
   Buffers: shared hit=3065
 Settings: enable_bitmapscan = 'off', enable_seqscan = 'off', max_parallel_workers_per_gather = '0'
 Planning:
   Buffers: shared hit=113
 Planning Time: 0.346 ms
 Execution Time: 1.053 ms
(10 rows)

