SET
SET
SET
SET
SET
                                             QUERY PLAN                                             
----------------------------------------------------------------------------------------------------
 Index Scan using idx on public.t (actual rows=1024.00 loops=1)
   Output: a, b
   Index Cond: ((t.a >= 23412) AND (t.a <= 24435))
   Index Searches: 1
   Prefetch: distance=2.000 count=24 stalls=817 skipped=53 resets=0 ungets=0 forwarded=0
             histogram [2,4) => 24
   Buffers: shared hit=936 read=37
 Settings: enable_bitmapscan = 'off', enable_seqscan = 'off', max_parallel_workers_per_gather = '0'
 Planning:
   Buffers: shared hit=86 read=26
 Planning Time: 6.254 ms
 Execution Time: 4.578 ms
(12 rows)

SET
SET
SET
SET
SET
                                             QUERY PLAN                                             
----------------------------------------------------------------------------------------------------
 Index Scan using idx on public.t (actual rows=1024.00 loops=1)
   Output: a, b
   Index Cond: ((t.a >= 23412) AND (t.a <= 24435))
   Index Searches: 1
   Buffers: shared hit=973
 Settings: enable_bitmapscan = 'off', enable_seqscan = 'off', max_parallel_workers_per_gather = '0'
 Planning:
   Buffers: shared hit=117
 Planning Time: 0.365 ms
 Execution Time: 0.343 ms
(10 rows)

