SET
SET
SET
SET
SET
                                             QUERY PLAN                                             
----------------------------------------------------------------------------------------------------
 Index Scan using idx on public.t (actual rows=512.00 loops=1)
   Output: a, b
   Index Cond: ((t.a >= 8217) AND (t.a <= 8728))
   Index Searches: 1
   Prefetch: distance=2.000 count=10 stalls=322 skipped=19 resets=0 ungets=0 forwarded=0
             histogram [2,4) => 10
   Buffers: shared hit=464 read=25
 Settings: enable_bitmapscan = 'off', enable_seqscan = 'off', max_parallel_workers_per_gather = '0'
 Planning:
   Buffers: shared hit=86 read=26
 Planning Time: 6.262 ms
 Execution Time: 3.169 ms
(12 rows)

SET
SET
SET
SET
SET
                                             QUERY PLAN                                             
----------------------------------------------------------------------------------------------------
 Index Scan using idx on public.t (actual rows=512.00 loops=1)
   Output: a, b
   Index Cond: ((t.a >= 8217) AND (t.a <= 8728))
   Index Searches: 1
   Buffers: shared hit=489
 Settings: enable_bitmapscan = 'off', enable_seqscan = 'off', max_parallel_workers_per_gather = '0'
 Planning:
   Buffers: shared hit=117
 Planning Time: 0.459 ms
 Execution Time: 0.301 ms
(10 rows)

