SET
SET
SET
SET
SET
                                                                    QUERY PLAN                                                                    
--------------------------------------------------------------------------------------------------------------------------------------------------
 Index Scan using idx on public.t (actual rows=5048576.00 loops=1)
   Output: a, b
   Index Cond: ((t.a >= '-5049485'::integer) AND (t.a <= '-910'::integer))
   Index Searches: 1
   Prefetch: distance=264.405 count=5261565 stalls=1 skipped=296461 resets=0 ungets=509451 forwarded=33236
             histogram [2,4) => 4, [4,8) => 4, [8,16) => 7, [16,32) => 17, [32,64) => 3, [64,128) => 2, [128,256) => 697550, [256,512) => 4563978
   Buffers: shared hit=4671825 read=92696
 Settings: enable_bitmapscan = 'off', enable_seqscan = 'off', max_parallel_workers_per_gather = '0'
 Planning:
   Buffers: shared hit=78 read=27
 Planning Time: 6.343 ms
 Execution Time: 4298.990 ms
(12 rows)

SET
SET
SET
SET
SET
                                             QUERY PLAN                                             
----------------------------------------------------------------------------------------------------
 Index Scan using idx on public.t (actual rows=5048576.00 loops=1)
   Output: a, b
   Index Cond: ((t.a >= '-5049485'::integer) AND (t.a <= '-910'::integer))
   Index Searches: 1
   Buffers: shared hit=4765915
 Settings: enable_bitmapscan = 'off', enable_seqscan = 'off', max_parallel_workers_per_gather = '0'
 Planning:
   Buffers: shared hit=110
 Planning Time: 0.504 ms
 Execution Time: 1411.933 ms
(10 rows)

