SET
SET
SET
SET
SET
                                             QUERY PLAN                                             
----------------------------------------------------------------------------------------------------
 Index Scan using idx on public.t (actual rows=2048.00 loops=1)
   Output: a, b
   Index Cond: ((t.a >= '-22658'::integer) AND (t.a <= '-20611'::integer))
   Index Searches: 1
   Prefetch: distance=2.000 count=56 stalls=1702 skipped=107 resets=0 ungets=0 forwarded=0
             histogram [2,4) => 56
   Buffers: shared hit=1881 read=55
 Settings: enable_bitmapscan = 'off', enable_seqscan = 'off', max_parallel_workers_per_gather = '0'
 Planning:
   Buffers: shared hit=82 read=27
 Planning Time: 6.511 ms
 Execution Time: 6.348 ms
(12 rows)

SET
SET
SET
SET
SET
                                             QUERY PLAN                                             
----------------------------------------------------------------------------------------------------
 Index Scan using idx on public.t (actual rows=2048.00 loops=1)
   Output: a, b
   Index Cond: ((t.a >= '-22658'::integer) AND (t.a <= '-20611'::integer))
   Index Searches: 1
   Buffers: shared hit=1936
 Settings: enable_bitmapscan = 'off', enable_seqscan = 'off', max_parallel_workers_per_gather = '0'
 Planning:
   Buffers: shared hit=114
 Planning Time: 0.364 ms
 Execution Time: 0.623 ms
(10 rows)

