SET
SET
SET
SET
SET
                                             QUERY PLAN                                             
----------------------------------------------------------------------------------------------------
 Index Scan using idx on public.t (actual rows=4096.00 loops=1)
   Output: a, b
   Index Cond: ((t.a >= '-14707'::integer) AND (t.a <= '-10612'::integer))
   Index Searches: 1
   Prefetch: distance=2.025 count=121 stalls=3473 skipped=218 resets=0 ungets=0 forwarded=0
             histogram [2,4) => 120, [4,8) => 1
   Buffers: shared hit=3791 read=93
 Settings: enable_bitmapscan = 'off', enable_seqscan = 'off', max_parallel_workers_per_gather = '0'
 Planning:
   Buffers: shared hit=82 read=27
 Planning Time: 6.654 ms
 Execution Time: 10.063 ms
(12 rows)

SET
SET
SET
SET
SET
                                             QUERY PLAN                                             
----------------------------------------------------------------------------------------------------
 Index Scan using idx on public.t (actual rows=4096.00 loops=1)
   Output: a, b
   Index Cond: ((t.a >= '-14707'::integer) AND (t.a <= '-10612'::integer))
   Index Searches: 1
   Buffers: shared hit=3884
 Settings: enable_bitmapscan = 'off', enable_seqscan = 'off', max_parallel_workers_per_gather = '0'
 Planning:
   Buffers: shared hit=114
 Planning Time: 0.362 ms
 Execution Time: 1.130 ms
(10 rows)

