SET
SET
SET
SET
SET
                                                                   QUERY PLAN                                                                    
-------------------------------------------------------------------------------------------------------------------------------------------------
 Index Scan using idx on public.t (actual rows=1048576.00 loops=1)
   Output: a, b
   Index Cond: ((t.a >= '-1065942'::integer) AND (t.a <= '-17367'::integer))
   Index Searches: 1
   Prefetch: distance=264.039 count=1090762 stalls=1 skipped=61320 resets=0 ungets=103508 forwarded=6691
             histogram [2,4) => 2, [4,8) => 5, [8,16) => 9, [16,32) => 15, [32,64) => 4, [64,128) => 3, [128,256) => 155352, [256,512) => 935372
   Buffers: shared hit=970572 read=19267
 Settings: enable_bitmapscan = 'off', enable_seqscan = 'off', max_parallel_workers_per_gather = '0'
 Planning:
   Buffers: shared hit=78 read=27
 Planning Time: 6.537 ms
 Execution Time: 935.387 ms
(12 rows)

SET
SET
SET
SET
SET
                                             QUERY PLAN                                             
----------------------------------------------------------------------------------------------------
 Index Scan using idx on public.t (actual rows=1048576.00 loops=1)
   Output: a, b
   Index Cond: ((t.a >= '-1065942'::integer) AND (t.a <= '-17367'::integer))
   Index Searches: 1
   Buffers: shared hit=990127
 Settings: enable_bitmapscan = 'off', enable_seqscan = 'off', max_parallel_workers_per_gather = '0'
 Planning:
   Buffers: shared hit=110
 Planning Time: 0.404 ms
 Execution Time: 316.558 ms
(10 rows)

