SET
SET
SET
SET
SET
                                             QUERY PLAN                                             
----------------------------------------------------------------------------------------------------
 Index Scan using idx on public.t (actual rows=4096.00 loops=1)
   Output: a, b
   Index Cond: ((t.a >= '-20175'::integer) AND (t.a <= '-16080'::integer))
   Index Searches: 1
   Prefetch: distance=2.000 count=120 stalls=3474 skipped=240 resets=0 ungets=0 forwarded=0
             histogram [2,4) => 120
   Buffers: shared hit=3773 read=93
 Settings: enable_bitmapscan = 'off', enable_seqscan = 'off', max_parallel_workers_per_gather = '0'
 Planning:
   Buffers: shared hit=82 read=27
 Planning Time: 6.555 ms
 Execution Time: 9.806 ms
(12 rows)

SET
SET
SET
SET
SET
                                             QUERY PLAN                                             
----------------------------------------------------------------------------------------------------
 Index Scan using idx on public.t (actual rows=4096.00 loops=1)
   Output: a, b
   Index Cond: ((t.a >= '-20175'::integer) AND (t.a <= '-16080'::integer))
   Index Searches: 1
   Buffers: shared hit=3866
 Settings: enable_bitmapscan = 'off', enable_seqscan = 'off', max_parallel_workers_per_gather = '0'
 Planning:
   Buffers: shared hit=114
 Planning Time: 0.374 ms
 Execution Time: 1.242 ms
(10 rows)

