SET
SET
SET
SET
                                             QUERY PLAN                                             
----------------------------------------------------------------------------------------------------
 Index Scan using idx on public.t (actual rows=2.00 loops=1)
   Output: a, b
   Index Cond: ((t.a >= '-30718'::integer) AND (t.a <= '-30717'::integer))
   Index Searches: 1
   Buffers: shared hit=4 read=4
 Settings: enable_bitmapscan = 'off', enable_seqscan = 'off', max_parallel_workers_per_gather = '0'
 Planning:
   Buffers: shared hit=82 read=27
 Planning Time: 6.680 ms
 Execution Time: 1.234 ms
(10 rows)

SET
SET
SET
SET
                                             QUERY PLAN                                             
----------------------------------------------------------------------------------------------------
 Index Scan using idx on public.t (actual rows=2.00 loops=1)
   Output: a, b
   Index Cond: ((t.a >= '-30718'::integer) AND (t.a <= '-30717'::integer))
   Index Searches: 1
   Buffers: shared hit=8
 Settings: enable_bitmapscan = 'off', enable_seqscan = 'off', max_parallel_workers_per_gather = '0'
 Planning:
   Buffers: shared hit=114
 Planning Time: 0.349 ms
 Execution Time: 0.047 ms
(10 rows)

