SET
SET
SET
SET
SET
                                             QUERY PLAN                                             
----------------------------------------------------------------------------------------------------
 Index Scan using idx on public.t (actual rows=64.00 loops=1)
   Output: a, b
   Index Cond: ((t.a >= '-14431'::integer) AND (t.a <= '-14368'::integer))
   Index Searches: 1
   Prefetch: distance=21.085 count=47 stalls=5 skipped=4 resets=0 ungets=0 forwarded=1
             histogram [2,4) => 2, [4,8) => 6, [8,16) => 9, [16,32) => 18, [32,64) => 12
   Buffers: shared hit=47 read=20
 Settings: enable_bitmapscan = 'off', enable_seqscan = 'off', max_parallel_workers_per_gather = '0'
 Planning:
   Buffers: shared hit=82 read=27
 Planning Time: 6.594 ms
 Execution Time: 2.916 ms
(12 rows)

SET
SET
SET
SET
SET
                                             QUERY PLAN                                             
----------------------------------------------------------------------------------------------------
 Index Scan using idx on public.t (actual rows=64.00 loops=1)
   Output: a, b
   Index Cond: ((t.a >= '-14431'::integer) AND (t.a <= '-14368'::integer))
   Index Searches: 1
   Buffers: shared hit=67
 Settings: enable_bitmapscan = 'off', enable_seqscan = 'off', max_parallel_workers_per_gather = '0'
 Planning:
   Buffers: shared hit=114
 Planning Time: 0.432 ms
 Execution Time: 0.105 ms
(10 rows)

