SET
SET
SET
SET
SET
                                             QUERY PLAN                                             
----------------------------------------------------------------------------------------------------
 Index Scan using idx on public.t (actual rows=2048.00 loops=1)
   Output: a, b
   Index Cond: ((t.a >= '-2284'::integer) AND (t.a <= '-237'::integer))
   Index Searches: 1
   Prefetch: distance=2.000 count=44 stalls=1581 skipped=118 resets=0 ungets=0 forwarded=0
             histogram [2,4) => 44
   Buffers: shared hit=1876 read=50
 Settings: enable_bitmapscan = 'off', enable_seqscan = 'off', max_parallel_workers_per_gather = '0'
 Planning:
   Buffers: shared hit=82 read=27
 Planning Time: 6.451 ms
 Execution Time: 5.883 ms
(12 rows)

SET
SET
SET
SET
SET
                                             QUERY PLAN                                             
----------------------------------------------------------------------------------------------------
 Index Scan using idx on public.t (actual rows=2048.00 loops=1)
   Output: a, b
   Index Cond: ((t.a >= '-2284'::integer) AND (t.a <= '-237'::integer))
   Index Searches: 1
   Buffers: shared hit=1926
 Settings: enable_bitmapscan = 'off', enable_seqscan = 'off', max_parallel_workers_per_gather = '0'
 Planning:
   Buffers: shared hit=114
 Planning Time: 0.381 ms
 Execution Time: 0.686 ms
(10 rows)

