SET
SET
SET
SET
SET
                                             QUERY PLAN                                             
----------------------------------------------------------------------------------------------------
 Index Scan using idx on public.t (actual rows=4096.00 loops=1)
   Output: a, b
   Index Cond: ((t.a >= '-31037'::integer) AND (t.a <= '-26942'::integer))
   Index Searches: 1
   Prefetch: distance=2.000 count=124 stalls=3576 skipped=252 resets=0 ungets=0 forwarded=0
             histogram [2,4) => 124
   Buffers: shared hit=3755 read=94
 Settings: enable_bitmapscan = 'off', enable_seqscan = 'off', max_parallel_workers_per_gather = '0'
 Planning:
   Buffers: shared hit=82 read=27
 Planning Time: 6.397 ms
 Execution Time: 10.418 ms
(12 rows)

SET
SET
SET
SET
SET
                                             QUERY PLAN                                             
----------------------------------------------------------------------------------------------------
 Index Scan using idx on public.t (actual rows=4096.00 loops=1)
   Output: a, b
   Index Cond: ((t.a >= '-31037'::integer) AND (t.a <= '-26942'::integer))
   Index Searches: 1
   Buffers: shared hit=3849
 Settings: enable_bitmapscan = 'off', enable_seqscan = 'off', max_parallel_workers_per_gather = '0'
 Planning:
   Buffers: shared hit=114
 Planning Time: 0.367 ms
 Execution Time: 1.135 ms
(10 rows)

