SET
SET
SET
SET
SET
                                                                  QUERY PLAN                                                                  
----------------------------------------------------------------------------------------------------------------------------------------------
 Index Scan using idx on public.t (actual rows=8192.00 loops=1)
   Output: a, b
   Index Cond: ((t.a >= '-15524'::integer) AND (t.a <= '-7333'::integer))
   Index Searches: 1
   Prefetch: distance=261.124 count=8478 stalls=1 skipped=468 resets=0 ungets=758 forwarded=55
             histogram [2,4) => 2, [4,8) => 6, [8,16) => 6, [16,32) => 17, [32,64) => 14, [64,128) => 4, [128,256) => 1493, [256,512) => 6936
   Buffers: shared hit=7583 read=169
 Settings: enable_bitmapscan = 'off', enable_seqscan = 'off', max_parallel_workers_per_gather = '0'
 Planning:
   Buffers: shared hit=82 read=27
 Planning Time: 6.430 ms
 Execution Time: 9.991 ms
(12 rows)

SET
SET
SET
SET
SET
                                             QUERY PLAN                                             
----------------------------------------------------------------------------------------------------
 Index Scan using idx on public.t (actual rows=8192.00 loops=1)
   Output: a, b
   Index Cond: ((t.a >= '-15524'::integer) AND (t.a <= '-7333'::integer))
   Index Searches: 1
   Buffers: shared hit=7753
 Settings: enable_bitmapscan = 'off', enable_seqscan = 'off', max_parallel_workers_per_gather = '0'
 Planning:
   Buffers: shared hit=114
 Planning Time: 0.354 ms
 Execution Time: 2.297 ms
(10 rows)

