SET
SET
SET
SET
SET
                                                                     QUERY PLAN                                                                      
-----------------------------------------------------------------------------------------------------------------------------------------------------
 Index Scan using idx on public.t (actual rows=4048576.00 loops=1)
   Output: a, b
   Index Cond: ((t.a >= '-4078863'::integer) AND (t.a <= '-30288'::integer))
   Index Searches: 1
   Prefetch: distance=263.979 count=4209393 stalls=2 skipped=237436 resets=0 ungets=398265 forwarded=26013
             histogram [2,4) => 2, [4,8) => 5, [8,16) => 10, [16,32) => 17, [32,64) => 23, [64,128) => 20, [128,256) => 607015, [256,512) => 3602301
   Buffers: shared hit=3746782 read=74340
 Settings: enable_bitmapscan = 'off', enable_seqscan = 'off', max_parallel_workers_per_gather = '0'
 Planning:
   Buffers: shared hit=78 read=27
 Planning Time: 6.367 ms
 Execution Time: 3602.156 ms
(12 rows)

SET
SET
SET
SET
SET
                                             QUERY PLAN                                             
----------------------------------------------------------------------------------------------------
 Index Scan using idx on public.t (actual rows=4048576.00 loops=1)
   Output: a, b
   Index Cond: ((t.a >= '-4078863'::integer) AND (t.a <= '-30288'::integer))
   Index Searches: 1
   Buffers: shared hit=3822207
 Settings: enable_bitmapscan = 'off', enable_seqscan = 'off', max_parallel_workers_per_gather = '0'
 Planning:
   Buffers: shared hit=110
 Planning Time: 0.535 ms
 Execution Time: 1375.643 ms
(10 rows)

