SET
SET
SET
SET
SET
                                             QUERY PLAN                                             
----------------------------------------------------------------------------------------------------
 Index Scan Backward using idx on public.t (actual rows=2048.00 loops=1)
   Output: a, b
   Index Cond: ((t.a >= '-28141'::integer) AND (t.a <= '-26094'::integer))
   Index Searches: 1
   Prefetch: distance=2.000 count=64 stalls=1824 skipped=120 resets=0 ungets=0 forwarded=0
             histogram [2,4) => 64
   Buffers: shared hit=1882 read=57
 Settings: enable_bitmapscan = 'off', enable_seqscan = 'off', max_parallel_workers_per_gather = '0'
 Planning:
   Buffers: shared hit=86 read=27
 Planning Time: 6.246 ms
 Execution Time: 4.589 ms
(12 rows)

SET
SET
SET
SET
SET
                                             QUERY PLAN                                             
----------------------------------------------------------------------------------------------------
 Index Scan Backward using idx on public.t (actual rows=2048.00 loops=1)
   Output: a, b
   Index Cond: ((t.a >= '-28141'::integer) AND (t.a <= '-26094'::integer))
   Index Searches: 1
   Buffers: shared hit=1939
 Settings: enable_bitmapscan = 'off', enable_seqscan = 'off', max_parallel_workers_per_gather = '0'
 Planning:
   Buffers: shared hit=118
 Planning Time: 0.372 ms
 Execution Time: 0.627 ms
(10 rows)

