SET
SET
SET
SET
SET
                                             QUERY PLAN                                             
----------------------------------------------------------------------------------------------------
 Index Scan Backward using idx on public.t (actual rows=2048.00 loops=1)
   Output: a, b
   Index Cond: ((t.a >= '-10511'::integer) AND (t.a <= '-8464'::integer))
   Index Searches: 1
   Prefetch: distance=2.097 count=62 stalls=1768 skipped=116 resets=0 ungets=0 forwarded=0
             histogram [2,4) => 60, [4,8) => 2
   Buffers: shared hit=1883 read=55
 Settings: enable_bitmapscan = 'off', enable_seqscan = 'off', max_parallel_workers_per_gather = '0'
 Planning:
   Buffers: shared hit=86 read=27
 Planning Time: 6.405 ms
 Execution Time: 4.858 ms
(12 rows)

SET
SET
SET
SET
SET
                                             QUERY PLAN                                             
----------------------------------------------------------------------------------------------------
 Index Scan Backward using idx on public.t (actual rows=2048.00 loops=1)
   Output: a, b
   Index Cond: ((t.a >= '-10511'::integer) AND (t.a <= '-8464'::integer))
   Index Searches: 1
   Buffers: shared hit=1938
 Settings: enable_bitmapscan = 'off', enable_seqscan = 'off', max_parallel_workers_per_gather = '0'
 Planning:
   Buffers: shared hit=118
 Planning Time: 0.412 ms
 Execution Time: 0.658 ms
(10 rows)

