SET
SET
SET
SET
SET
                                             QUERY PLAN                                             
----------------------------------------------------------------------------------------------------
 Index Scan Backward using idx on public.t (actual rows=1024.00 loops=1)
   Output: a, b
   Index Cond: ((t.a >= '-6551'::integer) AND (t.a <= '-5528'::integer))
   Index Searches: 1
   Prefetch: distance=2.000 count=28 stalls=831 skipped=55 resets=0 ungets=0 forwarded=0
             histogram [2,4) => 28
   Buffers: shared hit=935 read=37
 Settings: enable_bitmapscan = 'off', enable_seqscan = 'off', max_parallel_workers_per_gather = '0'
 Planning:
   Buffers: shared hit=86 read=27
 Planning Time: 6.663 ms
 Execution Time: 3.674 ms
(12 rows)

SET
SET
SET
SET
SET
                                             QUERY PLAN                                             
----------------------------------------------------------------------------------------------------
 Index Scan Backward using idx on public.t (actual rows=1024.00 loops=1)
   Output: a, b
   Index Cond: ((t.a >= '-6551'::integer) AND (t.a <= '-5528'::integer))
   Index Searches: 1
   Buffers: shared hit=972
 Settings: enable_bitmapscan = 'off', enable_seqscan = 'off', max_parallel_workers_per_gather = '0'
 Planning:
   Buffers: shared hit=118
 Planning Time: 0.409 ms
 Execution Time: 0.340 ms
(10 rows)

