SET
SET
SET
SET
SET
                                             QUERY PLAN                                             
----------------------------------------------------------------------------------------------------
 Index Scan Backward using idx on public.t (actual rows=4096.00 loops=1)
   Output: a, b
   Index Cond: ((t.a >= '-17602'::integer) AND (t.a <= '-13507'::integer))
   Index Searches: 1
   Prefetch: distance=2.056 count=126 stalls=3573 skipped=214 resets=0 ungets=0 forwarded=0
             histogram [2,4) => 124, [4,8) => 2
   Buffers: shared hit=3800 read=92
 Settings: enable_bitmapscan = 'off', enable_seqscan = 'off', max_parallel_workers_per_gather = '0'
 Planning:
   Buffers: shared hit=86 read=27
 Planning Time: 6.418 ms
 Execution Time: 7.164 ms
(12 rows)

SET
SET
SET
SET
SET
                                             QUERY PLAN                                             
----------------------------------------------------------------------------------------------------
 Index Scan Backward using idx on public.t (actual rows=4096.00 loops=1)
   Output: a, b
   Index Cond: ((t.a >= '-17602'::integer) AND (t.a <= '-13507'::integer))
   Index Searches: 1
   Buffers: shared hit=3892
 Settings: enable_bitmapscan = 'off', enable_seqscan = 'off', max_parallel_workers_per_gather = '0'
 Planning:
   Buffers: shared hit=118
 Planning Time: 0.370 ms
 Execution Time: 1.226 ms
(10 rows)

