SET
SET
SET
SET
SET
                                             QUERY PLAN                                             
----------------------------------------------------------------------------------------------------
 Index Scan Backward using idx on public.t (actual rows=512.00 loops=1)
   Output: a, b
   Index Cond: ((t.a >= 10757) AND (t.a <= 10788))
   Index Searches: 1
   Prefetch: distance=2.000 count=14 stalls=311 skipped=116 resets=0 ungets=0 forwarded=0
             histogram [2,4) => 14
   Buffers: shared hit=349 read=35
 Settings: enable_bitmapscan = 'off', enable_seqscan = 'off', max_parallel_workers_per_gather = '0'
 Planning:
   Buffers: shared hit=78 read=22
 Planning Time: 5.527 ms
 Execution Time: 3.989 ms
(12 rows)

SET
SET
SET
SET
SET
                                             QUERY PLAN                                             
----------------------------------------------------------------------------------------------------
 Index Scan Backward using idx on public.t (actual rows=512.00 loops=1)
   Output: a, b
   Index Cond: ((t.a >= 10757) AND (t.a <= 10788))
   Index Searches: 1
   Buffers: shared hit=384
 Settings: enable_bitmapscan = 'off', enable_seqscan = 'off', max_parallel_workers_per_gather = '0'
 Planning:
   Buffers: shared hit=105
 Planning Time: 0.314 ms
 Execution Time: 0.220 ms
(10 rows)

