SET
SET
SET
SET
SET
                                             QUERY PLAN                                             
----------------------------------------------------------------------------------------------------
 Index Scan Backward using idx on public.t (actual rows=512.00 loops=1)
   Output: a, b
   Index Cond: ((t.a >= '-20450'::integer) AND (t.a <= '-19939'::integer))
   Index Searches: 1
   Prefetch: distance=2.000 count=6 stalls=156 skipped=11 resets=0 ungets=0 forwarded=0
             histogram [2,4) => 6
   Buffers: shared hit=474 read=27
 Settings: enable_bitmapscan = 'off', enable_seqscan = 'off', max_parallel_workers_per_gather = '0'
 Planning:
   Buffers: shared hit=86 read=27
 Planning Time: 6.314 ms
 Execution Time: 3.036 ms
(12 rows)

SET
SET
SET
SET
SET
                                             QUERY PLAN                                             
----------------------------------------------------------------------------------------------------
 Index Scan Backward using idx on public.t (actual rows=512.00 loops=1)
   Output: a, b
   Index Cond: ((t.a >= '-20450'::integer) AND (t.a <= '-19939'::integer))
   Index Searches: 1
   Buffers: shared hit=501
 Settings: enable_bitmapscan = 'off', enable_seqscan = 'off', max_parallel_workers_per_gather = '0'
 Planning:
   Buffers: shared hit=118
 Planning Time: 0.472 ms
 Execution Time: 0.332 ms
(10 rows)

