SET
SET
SET
SET
SET
                                             QUERY PLAN                                             
----------------------------------------------------------------------------------------------------
 Index Scan Backward using idx on public.t (actual rows=4096.00 loops=1)
   Output: a, b
   Index Cond: ((t.a >= '-34856'::integer) AND (t.a <= '-30761'::integer))
   Index Searches: 1
   Prefetch: distance=2.024 count=125 stalls=3627 skipped=213 resets=0 ungets=0 forwarded=0
             histogram [2,4) => 124, [4,8) => 1
   Buffers: shared hit=3796 read=94
 Settings: enable_bitmapscan = 'off', enable_seqscan = 'off', max_parallel_workers_per_gather = '0'
 Planning:
   Buffers: shared hit=86 read=27
 Planning Time: 6.521 ms
 Execution Time: 6.461 ms
(12 rows)

SET
SET
SET
SET
SET
                                             QUERY PLAN                                             
----------------------------------------------------------------------------------------------------
 Index Scan Backward using idx on public.t (actual rows=4096.00 loops=1)
   Output: a, b
   Index Cond: ((t.a >= '-34856'::integer) AND (t.a <= '-30761'::integer))
   Index Searches: 1
   Buffers: shared hit=3890
 Settings: enable_bitmapscan = 'off', enable_seqscan = 'off', max_parallel_workers_per_gather = '0'
 Planning:
   Buffers: shared hit=118
 Planning Time: 0.369 ms
 Execution Time: 1.209 ms
(10 rows)

