SET
SET
SET
SET
SET
                                             QUERY PLAN                                             
----------------------------------------------------------------------------------------------------
 Index Scan Backward using idx on public.t (actual rows=2048.00 loops=1)
   Output: a, b
   Index Cond: ((t.a >= 9864) AND (t.a <= 9991))
   Index Searches: 1
   Prefetch: distance=2.000 count=46 stalls=1414 skipped=503 resets=0 ungets=0 forwarded=0
             histogram [2,4) => 46
   Buffers: shared hit=1482 read=57
 Settings: enable_bitmapscan = 'off', enable_seqscan = 'off', max_parallel_workers_per_gather = '0'
 Planning:
   Buffers: shared hit=78 read=22
 Planning Time: 5.642 ms
 Execution Time: 5.180 ms
(12 rows)

SET
SET
SET
SET
SET
                                             QUERY PLAN                                             
----------------------------------------------------------------------------------------------------
 Index Scan Backward using idx on public.t (actual rows=2048.00 loops=1)
   Output: a, b
   Index Cond: ((t.a >= 9864) AND (t.a <= 9991))
   Index Searches: 1
   Buffers: shared hit=1539
 Settings: enable_bitmapscan = 'off', enable_seqscan = 'off', max_parallel_workers_per_gather = '0'
 Planning:
   Buffers: shared hit=105
 Planning Time: 0.505 ms
 Execution Time: 0.828 ms
(10 rows)

