SET
SET
SET
SET
SET
                                             QUERY PLAN                                             
----------------------------------------------------------------------------------------------------
 Index Scan Backward using idx on public.t (actual rows=4096.00 loops=1)
   Output: a, b
   Index Cond: ((t.a >= 9933) AND (t.a <= 10188))
   Index Searches: 1
   Prefetch: distance=2.060 count=100 stalls=2916 skipped=1001 resets=0 ungets=0 forwarded=0
             histogram [2,4) => 98, [4,8) => 2
   Buffers: shared hit=3001 read=86
 Settings: enable_bitmapscan = 'off', enable_seqscan = 'off', max_parallel_workers_per_gather = '0'
 Planning:
   Buffers: shared hit=78 read=22
 Planning Time: 5.839 ms
 Execution Time: 5.778 ms
(12 rows)

SET
SET
SET
SET
SET
                                             QUERY PLAN                                             
----------------------------------------------------------------------------------------------------
 Index Scan Backward using idx on public.t (actual rows=4096.00 loops=1)
   Output: a, b
   Index Cond: ((t.a >= 9933) AND (t.a <= 10188))
   Index Searches: 1
   Buffers: shared hit=3087
 Settings: enable_bitmapscan = 'off', enable_seqscan = 'off', max_parallel_workers_per_gather = '0'
 Planning:
   Buffers: shared hit=105
 Planning Time: 0.311 ms
 Execution Time: 1.206 ms
(10 rows)

