SET
SET
SET
SET
SET
                                             QUERY PLAN                                             
----------------------------------------------------------------------------------------------------
 Index Scan Backward using idx on public.t (actual rows=4096.00 loops=1)
   Output: a, b
   Index Cond: ((t.a >= '-29844'::integer) AND (t.a <= '-25749'::integer))
   Index Searches: 1
   Prefetch: distance=2.000 count=138 stalls=3687 skipped=252 resets=0 ungets=0 forwarded=0
             histogram [2,4) => 138
   Buffers: shared hit=3765 read=95
 Settings: enable_bitmapscan = 'off', enable_seqscan = 'off', max_parallel_workers_per_gather = '0'
 Planning:
   Buffers: shared hit=86 read=27
 Planning Time: 6.197 ms
 Execution Time: 7.095 ms
(12 rows)

SET
SET
SET
SET
SET
                                             QUERY PLAN                                             
----------------------------------------------------------------------------------------------------
 Index Scan Backward using idx on public.t (actual rows=4096.00 loops=1)
   Output: a, b
   Index Cond: ((t.a >= '-29844'::integer) AND (t.a <= '-25749'::integer))
   Index Searches: 1
   Buffers: shared hit=3860
 Settings: enable_bitmapscan = 'off', enable_seqscan = 'off', max_parallel_workers_per_gather = '0'
 Planning:
   Buffers: shared hit=118
 Planning Time: 0.371 ms
 Execution Time: 1.150 ms
(10 rows)

