SET
SET
SET
SET
SET
                                             QUERY PLAN                                             
----------------------------------------------------------------------------------------------------
 Index Scan Backward using idx on public.t (actual rows=1024.00 loops=1)
   Output: a, b
   Index Cond: ((t.a >= '-7222'::integer) AND (t.a <= '-6199'::integer))
   Index Searches: 1
   Prefetch: distance=2.000 count=26 stalls=768 skipped=59 resets=0 ungets=0 forwarded=0
             histogram [2,4) => 26
   Buffers: shared hit=929 read=36
 Settings: enable_bitmapscan = 'off', enable_seqscan = 'off', max_parallel_workers_per_gather = '0'
 Planning:
   Buffers: shared hit=86 read=27
 Planning Time: 6.124 ms
 Execution Time: 3.353 ms
(12 rows)

SET
SET
SET
SET
SET
                                             QUERY PLAN                                             
----------------------------------------------------------------------------------------------------
 Index Scan Backward using idx on public.t (actual rows=1024.00 loops=1)
   Output: a, b
   Index Cond: ((t.a >= '-7222'::integer) AND (t.a <= '-6199'::integer))
   Index Searches: 1
   Buffers: shared hit=965
 Settings: enable_bitmapscan = 'off', enable_seqscan = 'off', max_parallel_workers_per_gather = '0'
 Planning:
   Buffers: shared hit=118
 Planning Time: 0.488 ms
 Execution Time: 0.471 ms
(10 rows)

