SET
SET
SET
SET
SET
                                             QUERY PLAN                                             
----------------------------------------------------------------------------------------------------
 Index Scan Backward using idx on public.t (actual rows=1.00 loops=1)
   Output: a, b
   Index Cond: ((t.a >= '-7154'::integer) AND (t.a <= '-7154'::integer))
   Index Searches: 1
   Buffers: shared hit=5 read=2
 Settings: enable_bitmapscan = 'off', enable_seqscan = 'off', max_parallel_workers_per_gather = '0'
 Planning:
   Buffers: shared hit=86 read=27
 Planning Time: 6.373 ms
 Execution Time: 0.839 ms
(10 rows)

SET
SET
SET
SET
SET
                                             QUERY PLAN                                             
----------------------------------------------------------------------------------------------------
 Index Scan Backward using idx on public.t (actual rows=1.00 loops=1)
   Output: a, b
   Index Cond: ((t.a >= '-7154'::integer) AND (t.a <= '-7154'::integer))
   Index Searches: 1
   Buffers: shared hit=7
 Settings: enable_bitmapscan = 'off', enable_seqscan = 'off', max_parallel_workers_per_gather = '0'
 Planning:
   Buffers: shared hit=118
 Planning Time: 0.370 ms
 Execution Time: 0.040 ms
(10 rows)

