SET
SET
SET
SET
SET
                                             QUERY PLAN                                             
----------------------------------------------------------------------------------------------------
 Index Scan Backward using idx on public.t (actual rows=4096.00 loops=1)
   Output: a, b
   Index Cond: ((t.a >= '-21554'::integer) AND (t.a <= '-17459'::integer))
   Index Searches: 1
   Prefetch: distance=2.000 count=118 stalls=3492 skipped=229 resets=0 ungets=0 forwarded=0
             histogram [2,4) => 118
   Buffers: shared hit=3778 read=92
 Settings: enable_bitmapscan = 'off', enable_seqscan = 'off', max_parallel_workers_per_gather = '0'
 Planning:
   Buffers: shared hit=86 read=27
 Planning Time: 6.646 ms
 Execution Time: 5.940 ms
(12 rows)

SET
SET
SET
SET
SET
                                             QUERY PLAN                                             
----------------------------------------------------------------------------------------------------
 Index Scan Backward using idx on public.t (actual rows=4096.00 loops=1)
   Output: a, b
   Index Cond: ((t.a >= '-21554'::integer) AND (t.a <= '-17459'::integer))
   Index Searches: 1
   Buffers: shared hit=3870
 Settings: enable_bitmapscan = 'off', enable_seqscan = 'off', max_parallel_workers_per_gather = '0'
 Planning:
   Buffers: shared hit=118
 Planning Time: 0.418 ms
 Execution Time: 1.239 ms
(10 rows)

