SET
SET
SET
SET
SET
                                             QUERY PLAN                                             
----------------------------------------------------------------------------------------------------
 Index Scan Backward using idx on public.t (actual rows=2048.00 loops=1)
   Output: a, b
   Index Cond: ((t.a >= '-21404'::integer) AND (t.a <= '-19357'::integer))
   Index Searches: 1
   Prefetch: distance=2.000 count=58 stalls=1690 skipped=111 resets=0 ungets=0 forwarded=0
             histogram [2,4) => 58
   Buffers: shared hit=1884 read=56
 Settings: enable_bitmapscan = 'off', enable_seqscan = 'off', max_parallel_workers_per_gather = '0'
 Planning:
   Buffers: shared hit=86 read=27
 Planning Time: 6.408 ms
 Execution Time: 4.980 ms
(12 rows)

SET
SET
SET
SET
SET
                                             QUERY PLAN                                             
----------------------------------------------------------------------------------------------------
 Index Scan Backward using idx on public.t (actual rows=2048.00 loops=1)
   Output: a, b
   Index Cond: ((t.a >= '-21404'::integer) AND (t.a <= '-19357'::integer))
   Index Searches: 1
   Buffers: shared hit=1940
 Settings: enable_bitmapscan = 'off', enable_seqscan = 'off', max_parallel_workers_per_gather = '0'
 Planning:
   Buffers: shared hit=118
 Planning Time: 0.484 ms
 Execution Time: 0.847 ms
(10 rows)

