SET
SET
SET
SET
SET
                                             QUERY PLAN                                             
----------------------------------------------------------------------------------------------------
 Index Scan Backward using idx on public.t (actual rows=255.00 loops=1)
   Output: a, b
   Index Cond: ((t.a >= '-255'::integer) AND (t.a <= 0))
   Index Searches: 1
   Prefetch: distance=2.000 count=2 stalls=88 skipped=18 resets=0 ungets=0 forwarded=0
             histogram [2,4) => 2
   Buffers: shared hit=212 read=13
 Settings: enable_bitmapscan = 'off', enable_seqscan = 'off', max_parallel_workers_per_gather = '0'
 Planning:
   Buffers: shared hit=86 read=27
 Planning Time: 6.367 ms
 Execution Time: 1.823 ms
(12 rows)

SET
SET
SET
SET
SET
                                             QUERY PLAN                                             
----------------------------------------------------------------------------------------------------
 Index Scan Backward using idx on public.t (actual rows=255.00 loops=1)
   Output: a, b
   Index Cond: ((t.a >= '-255'::integer) AND (t.a <= 0))
   Index Searches: 1
   Buffers: shared hit=225
 Settings: enable_bitmapscan = 'off', enable_seqscan = 'off', max_parallel_workers_per_gather = '0'
 Planning:
   Buffers: shared hit=118
 Planning Time: 0.436 ms
 Execution Time: 0.118 ms
(10 rows)

