SET
SET
SET
SET
SET
                                             QUERY PLAN                                             
----------------------------------------------------------------------------------------------------
 Index Scan using idx on public.t (actual rows=4096.00 loops=1)
   Output: a, b
   Index Cond: ((t.a >= '-25028'::integer) AND (t.a <= '-20933'::integer))
   Index Searches: 1
   Prefetch: distance=2.000 count=118 stalls=3411 skipped=210 resets=0 ungets=0 forwarded=0
             histogram [2,4) => 118
   Buffers: shared hit=3785 read=94
 Settings: enable_bitmapscan = 'off', enable_seqscan = 'off', max_parallel_workers_per_gather = '0'
 Planning:
   Buffers: shared hit=82 read=27
 Planning Time: 6.382 ms
 Execution Time: 10.402 ms
(12 rows)

SET
SET
SET
SET
SET
                                             QUERY PLAN                                             
----------------------------------------------------------------------------------------------------
 Index Scan using idx on public.t (actual rows=4096.00 loops=1)
   Output: a, b
   Index Cond: ((t.a >= '-25028'::integer) AND (t.a <= '-20933'::integer))
   Index Searches: 1
   Buffers: shared hit=3879
 Settings: enable_bitmapscan = 'off', enable_seqscan = 'off', max_parallel_workers_per_gather = '0'
 Planning:
   Buffers: shared hit=114
 Planning Time: 0.358 ms
 Execution Time: 1.168 ms
(10 rows)

