SET
SET
SET
SET
SET
                                             QUERY PLAN                                             
----------------------------------------------------------------------------------------------------
 Index Scan using idx on public.t (actual rows=2048.00 loops=1)
   Output: a, b
   Index Cond: ((t.a >= '-29560'::integer) AND (t.a <= '-27513'::integer))
   Index Searches: 1
   Prefetch: distance=2.000 count=58 stalls=1736 skipped=123 resets=0 ungets=0 forwarded=0
             histogram [2,4) => 58
   Buffers: shared hit=1869 read=56
 Settings: enable_bitmapscan = 'off', enable_seqscan = 'off', max_parallel_workers_per_gather = '0'
 Planning:
   Buffers: shared hit=82 read=27
 Planning Time: 6.338 ms
 Execution Time: 6.193 ms
(12 rows)

SET
SET
SET
SET
SET
                                             QUERY PLAN                                             
----------------------------------------------------------------------------------------------------
 Index Scan using idx on public.t (actual rows=2048.00 loops=1)
   Output: a, b
   Index Cond: ((t.a >= '-29560'::integer) AND (t.a <= '-27513'::integer))
   Index Searches: 1
   Buffers: shared hit=1925
 Settings: enable_bitmapscan = 'off', enable_seqscan = 'off', max_parallel_workers_per_gather = '0'
 Planning:
   Buffers: shared hit=114
 Planning Time: 0.373 ms
 Execution Time: 0.618 ms
(10 rows)

