SET
SET
SET
SET
SET
                                             QUERY PLAN                                             
----------------------------------------------------------------------------------------------------
 Index Scan using idx on public.t (actual rows=512.00 loops=1)
   Output: a, b
   Index Cond: ((t.a >= '-24685'::integer) AND (t.a <= '-24174'::integer))
   Index Searches: 1
   Prefetch: distance=2.000 count=27 stalls=447 skipped=24 resets=0 ungets=0 forwarded=0
             histogram [2,4) => 27
   Buffers: shared hit=467 read=29
 Settings: enable_bitmapscan = 'off', enable_seqscan = 'off', max_parallel_workers_per_gather = '0'
 Planning:
   Buffers: shared hit=82 read=27
 Planning Time: 6.355 ms
 Execution Time: 3.746 ms
(12 rows)

SET
SET
SET
SET
SET
                                             QUERY PLAN                                             
----------------------------------------------------------------------------------------------------
 Index Scan using idx on public.t (actual rows=512.00 loops=1)
   Output: a, b
   Index Cond: ((t.a >= '-24685'::integer) AND (t.a <= '-24174'::integer))
   Index Searches: 1
   Buffers: shared hit=496
 Settings: enable_bitmapscan = 'off', enable_seqscan = 'off', max_parallel_workers_per_gather = '0'
 Planning:
   Buffers: shared hit=114
 Planning Time: 0.361 ms
 Execution Time: 0.230 ms
(10 rows)

