SET
SET
SET
SET
SET
                                             QUERY PLAN                                             
----------------------------------------------------------------------------------------------------
 Index Scan using idx on public.t (actual rows=2048.00 loops=1)
   Output: a, b
   Index Cond: ((t.a >= '-34699'::integer) AND (t.a <= '-32652'::integer))
   Index Searches: 1
   Prefetch: distance=2.000 count=60 stalls=1757 skipped=85 resets=0 ungets=0 forwarded=0
             histogram [2,4) => 60
   Buffers: shared hit=1908 read=57
 Settings: enable_bitmapscan = 'off', enable_seqscan = 'off', max_parallel_workers_per_gather = '0'
 Planning:
   Buffers: shared hit=82 read=27
 Planning Time: 6.407 ms
 Execution Time: 6.399 ms
(12 rows)

SET
SET
SET
SET
SET
                                             QUERY PLAN                                             
----------------------------------------------------------------------------------------------------
 Index Scan using idx on public.t (actual rows=2048.00 loops=1)
   Output: a, b
   Index Cond: ((t.a >= '-34699'::integer) AND (t.a <= '-32652'::integer))
   Index Searches: 1
   Buffers: shared hit=1965
 Settings: enable_bitmapscan = 'off', enable_seqscan = 'off', max_parallel_workers_per_gather = '0'
 Planning:
   Buffers: shared hit=114
 Planning Time: 0.361 ms
 Execution Time: 0.623 ms
(10 rows)

