SET
SET
SET
SET
SET
                                             QUERY PLAN                                             
----------------------------------------------------------------------------------------------------
 Index Scan using idx on public.t (actual rows=2048.00 loops=1)
   Output: a, b
   Index Cond: ((t.a >= '-29001'::integer) AND (t.a <= '-26954'::integer))
   Index Searches: 1
   Prefetch: distance=2.000 count=56 stalls=1572 skipped=116 resets=0 ungets=0 forwarded=0
             histogram [2,4) => 56
   Buffers: shared hit=1876 read=56
 Settings: enable_bitmapscan = 'off', enable_seqscan = 'off', max_parallel_workers_per_gather = '0'
 Planning:
   Buffers: shared hit=82 read=27
 Planning Time: 6.137 ms
 Execution Time: 5.947 ms
(12 rows)

SET
SET
SET
SET
SET
                                             QUERY PLAN                                             
----------------------------------------------------------------------------------------------------
 Index Scan using idx on public.t (actual rows=2048.00 loops=1)
   Output: a, b
   Index Cond: ((t.a >= '-29001'::integer) AND (t.a <= '-26954'::integer))
   Index Searches: 1
   Buffers: shared hit=1932
 Settings: enable_bitmapscan = 'off', enable_seqscan = 'off', max_parallel_workers_per_gather = '0'
 Planning:
   Buffers: shared hit=114
 Planning Time: 0.345 ms
 Execution Time: 0.721 ms
(10 rows)

