SET
SET
SET
SET
SET
                                             QUERY PLAN                                             
----------------------------------------------------------------------------------------------------
 Index Scan using idx on public.t (actual rows=256.00 loops=1)
   Output: a, b
   Index Cond: ((t.a >= '-28016'::integer) AND (t.a <= '-27761'::integer))
   Index Searches: 1
   Prefetch: distance=2.000 count=8 stalls=185 skipped=12 resets=0 ungets=0 forwarded=0
             histogram [2,4) => 8
   Buffers: shared hit=226 read=23
 Settings: enable_bitmapscan = 'off', enable_seqscan = 'off', max_parallel_workers_per_gather = '0'
 Planning:
   Buffers: shared hit=82 read=27
 Planning Time: 6.466 ms
 Execution Time: 2.664 ms
(12 rows)

SET
SET
SET
SET
SET
                                             QUERY PLAN                                             
----------------------------------------------------------------------------------------------------
 Index Scan using idx on public.t (actual rows=256.00 loops=1)
   Output: a, b
   Index Cond: ((t.a >= '-28016'::integer) AND (t.a <= '-27761'::integer))
   Index Searches: 1
   Buffers: shared hit=249
 Settings: enable_bitmapscan = 'off', enable_seqscan = 'off', max_parallel_workers_per_gather = '0'
 Planning:
   Buffers: shared hit=114
 Planning Time: 0.458 ms
 Execution Time: 0.207 ms
(10 rows)

