SET
SET
SET
SET
SET
                                             QUERY PLAN                                             
----------------------------------------------------------------------------------------------------
 Index Scan using idx on public.t (actual rows=1024.00 loops=1)
   Output: a, b
   Index Cond: ((t.a >= '-33642'::integer) AND (t.a <= '-32619'::integer))
   Index Searches: 1
   Prefetch: distance=2.000 count=28 stalls=769 skipped=40 resets=0 ungets=0 forwarded=0
             histogram [2,4) => 28
   Buffers: shared hit=947 read=38
 Settings: enable_bitmapscan = 'off', enable_seqscan = 'off', max_parallel_workers_per_gather = '0'
 Planning:
   Buffers: shared hit=82 read=27
 Planning Time: 6.051 ms
 Execution Time: 4.599 ms
(12 rows)

SET
SET
SET
SET
SET
                                             QUERY PLAN                                             
----------------------------------------------------------------------------------------------------
 Index Scan using idx on public.t (actual rows=1024.00 loops=1)
   Output: a, b
   Index Cond: ((t.a >= '-33642'::integer) AND (t.a <= '-32619'::integer))
   Index Searches: 1
   Buffers: shared hit=985
 Settings: enable_bitmapscan = 'off', enable_seqscan = 'off', max_parallel_workers_per_gather = '0'
 Planning:
   Buffers: shared hit=114
 Planning Time: 0.395 ms
 Execution Time: 0.348 ms
(10 rows)

