SET
SET
SET
SET
SET
                                             QUERY PLAN                                             
----------------------------------------------------------------------------------------------------
 Index Scan using idx on public.t (actual rows=4096.00 loops=1)
   Output: a, b
   Index Cond: ((t.a >= '-10609'::integer) AND (t.a <= '-6514'::integer))
   Index Searches: 1
   Prefetch: distance=2.000 count=120 stalls=3526 skipped=238 resets=0 ungets=0 forwarded=0
             histogram [2,4) => 120
   Buffers: shared hit=3774 read=91
 Settings: enable_bitmapscan = 'off', enable_seqscan = 'off', max_parallel_workers_per_gather = '0'
 Planning:
   Buffers: shared hit=82 read=27
 Planning Time: 6.519 ms
 Execution Time: 10.175 ms
(12 rows)

SET
SET
SET
SET
SET
                                             QUERY PLAN                                             
----------------------------------------------------------------------------------------------------
 Index Scan using idx on public.t (actual rows=4096.00 loops=1)
   Output: a, b
   Index Cond: ((t.a >= '-10609'::integer) AND (t.a <= '-6514'::integer))
   Index Searches: 1
   Buffers: shared hit=3865
 Settings: enable_bitmapscan = 'off', enable_seqscan = 'off', max_parallel_workers_per_gather = '0'
 Planning:
   Buffers: shared hit=114
 Planning Time: 0.354 ms
 Execution Time: 1.274 ms
(10 rows)

