SET
SET
SET
SET
SET
                                             QUERY PLAN                                             
----------------------------------------------------------------------------------------------------
 Index Scan Backward using idx on public.t (actual rows=2048.00 loops=1)
   Output: a, b
   Index Cond: ((t.a >= '-8515'::integer) AND (t.a <= '-6468'::integer))
   Index Searches: 1
   Prefetch: distance=2.000 count=54 stalls=1613 skipped=113 resets=0 ungets=0 forwarded=0
             histogram [2,4) => 54
   Buffers: shared hit=1875 read=55
 Settings: enable_bitmapscan = 'off', enable_seqscan = 'off', max_parallel_workers_per_gather = '0'
 Planning:
   Buffers: shared hit=86 read=27
 Planning Time: 6.303 ms
 Execution Time: 4.156 ms
(12 rows)

SET
SET
SET
SET
SET
                                             QUERY PLAN                                             
----------------------------------------------------------------------------------------------------
 Index Scan Backward using idx on public.t (actual rows=2048.00 loops=1)
   Output: a, b
   Index Cond: ((t.a >= '-8515'::integer) AND (t.a <= '-6468'::integer))
   Index Searches: 1
   Buffers: shared hit=1930
 Settings: enable_bitmapscan = 'off', enable_seqscan = 'off', max_parallel_workers_per_gather = '0'
 Planning:
   Buffers: shared hit=118
 Planning Time: 0.343 ms
 Execution Time: 0.603 ms
(10 rows)

