SET
SET
SET
SET
SET
                                             QUERY PLAN                                             
----------------------------------------------------------------------------------------------------
 Index Scan Backward using idx on public.t (actual rows=4096.00 loops=1)
   Output: a, b
   Index Cond: ((t.a >= '-27978'::integer) AND (t.a <= '-23883'::integer))
   Index Searches: 1
   Prefetch: distance=2.000 count=130 stalls=3666 skipped=245 resets=0 ungets=0 forwarded=0
             histogram [2,4) => 130
   Buffers: shared hit=3772 read=94
 Settings: enable_bitmapscan = 'off', enable_seqscan = 'off', max_parallel_workers_per_gather = '0'
 Planning:
   Buffers: shared hit=86 read=27
 Planning Time: 6.233 ms
 Execution Time: 6.082 ms
(12 rows)

SET
SET
SET
SET
SET
                                             QUERY PLAN                                             
----------------------------------------------------------------------------------------------------
 Index Scan Backward using idx on public.t (actual rows=4096.00 loops=1)
   Output: a, b
   Index Cond: ((t.a >= '-27978'::integer) AND (t.a <= '-23883'::integer))
   Index Searches: 1
   Buffers: shared hit=3866
 Settings: enable_bitmapscan = 'off', enable_seqscan = 'off', max_parallel_workers_per_gather = '0'
 Planning:
   Buffers: shared hit=118
 Planning Time: 0.500 ms
 Execution Time: 1.592 ms
(10 rows)

