SET
SET
SET
SET
SET
                                             QUERY PLAN                                             
----------------------------------------------------------------------------------------------------
 Index Scan Backward using idx on public.t (actual rows=1024.00 loops=1)
   Output: a, b
   Index Cond: ((t.a >= '-26853'::integer) AND (t.a <= '-25830'::integer))
   Index Searches: 1
   Prefetch: distance=2.000 count=24 stalls=656 skipped=40 resets=0 ungets=0 forwarded=0
             histogram [2,4) => 24
   Buffers: shared hit=939 read=37
 Settings: enable_bitmapscan = 'off', enable_seqscan = 'off', max_parallel_workers_per_gather = '0'
 Planning:
   Buffers: shared hit=86 read=27
 Planning Time: 8.248 ms
 Execution Time: 3.240 ms
(12 rows)

SET
SET
SET
SET
SET
                                             QUERY PLAN                                             
----------------------------------------------------------------------------------------------------
 Index Scan Backward using idx on public.t (actual rows=1024.00 loops=1)
   Output: a, b
   Index Cond: ((t.a >= '-26853'::integer) AND (t.a <= '-25830'::integer))
   Index Searches: 1
   Buffers: shared hit=976
 Settings: enable_bitmapscan = 'off', enable_seqscan = 'off', max_parallel_workers_per_gather = '0'
 Planning:
   Buffers: shared hit=118
 Planning Time: 0.360 ms
 Execution Time: 0.387 ms
(10 rows)

