SET
SET
SET
SET
SET
                                             QUERY PLAN                                             
----------------------------------------------------------------------------------------------------
 Index Scan Backward using idx on public.t (actual rows=512.00 loops=1)
   Output: a, b
   Index Cond: ((t.a >= 15465) AND (t.a <= 15496))
   Index Searches: 1
   Prefetch: distance=2.000 count=10 stalls=268 skipped=95 resets=0 ungets=0 forwarded=0
             histogram [2,4) => 10
   Buffers: shared hit=355 read=35
 Settings: enable_bitmapscan = 'off', enable_seqscan = 'off', max_parallel_workers_per_gather = '0'
 Planning:
   Buffers: shared hit=78 read=22
 Planning Time: 5.741 ms
 Execution Time: 4.206 ms
(12 rows)

SET
SET
SET
SET
SET
                                             QUERY PLAN                                             
----------------------------------------------------------------------------------------------------
 Index Scan Backward using idx on public.t (actual rows=512.00 loops=1)
   Output: a, b
   Index Cond: ((t.a >= 15465) AND (t.a <= 15496))
   Index Searches: 1
   Buffers: shared hit=390
 Settings: enable_bitmapscan = 'off', enable_seqscan = 'off', max_parallel_workers_per_gather = '0'
 Planning:
   Buffers: shared hit=105
 Planning Time: 0.395 ms
 Execution Time: 0.302 ms
(10 rows)

