SET
SET
SET
SET
SET
                                             QUERY PLAN                                             
----------------------------------------------------------------------------------------------------
 Index Scan Backward using idx on public.t (actual rows=1024.00 loops=1)
   Output: a, b
   Index Cond: ((t.a >= 31828) AND (t.a <= 31891))
   Index Searches: 1
   Prefetch: distance=12.990 count=103 stalls=640 skipped=260 resets=0 ungets=0 forwarded=0
             histogram [2,4) => 30, [4,8) => 13, [8,16) => 18, [16,32) => 38, [32,64) => 4
   Buffers: shared hit=727 read=42
 Settings: enable_bitmapscan = 'off', enable_seqscan = 'off', max_parallel_workers_per_gather = '0'
 Planning:
   Buffers: shared hit=78 read=22
 Planning Time: 5.565 ms
 Execution Time: 4.448 ms
(12 rows)

SET
SET
SET
SET
SET
                                             QUERY PLAN                                             
----------------------------------------------------------------------------------------------------
 Index Scan Backward using idx on public.t (actual rows=1024.00 loops=1)
   Output: a, b
   Index Cond: ((t.a >= 31828) AND (t.a <= 31891))
   Index Searches: 1
   Buffers: shared hit=769
 Settings: enable_bitmapscan = 'off', enable_seqscan = 'off', max_parallel_workers_per_gather = '0'
 Planning:
   Buffers: shared hit=105
 Planning Time: 0.318 ms
 Execution Time: 0.344 ms
(10 rows)

