SET
SET
SET
SET
SET
                                                                QUERY PLAN                                                                 
-------------------------------------------------------------------------------------------------------------------------------------------
 Index Scan Backward using idx on public.t (actual rows=256.00 loops=1)
   Output: a, b
   Index Cond: ((t.a >= '-23084'::integer) AND (t.a <= '-22829'::integer))
   Index Searches: 1
   Prefetch: distance=99.163 count=227 stalls=3 skipped=14 resets=0 ungets=0 forwarded=0
             histogram [2,4) => 8, [4,8) => 5, [8,16) => 8, [16,32) => 18, [32,64) => 38, [64,128) => 80, [128,256) => 56, [256,512) => 14
   Buffers: shared hit=226 read=22
 Settings: enable_bitmapscan = 'off', enable_seqscan = 'off', max_parallel_workers_per_gather = '0'
 Planning:
   Buffers: shared hit=86 read=27
 Planning Time: 6.420 ms
 Execution Time: 3.071 ms
(12 rows)

SET
SET
SET
SET
SET
                                             QUERY PLAN                                             
----------------------------------------------------------------------------------------------------
 Index Scan Backward using idx on public.t (actual rows=256.00 loops=1)
   Output: a, b
   Index Cond: ((t.a >= '-23084'::integer) AND (t.a <= '-22829'::integer))
   Index Searches: 1
   Buffers: shared hit=248
 Settings: enable_bitmapscan = 'off', enable_seqscan = 'off', max_parallel_workers_per_gather = '0'
 Planning:
   Buffers: shared hit=118
 Planning Time: 0.346 ms
 Execution Time: 0.139 ms
(10 rows)

