SET
SET
SET
SET
SET
                                             QUERY PLAN                                             
----------------------------------------------------------------------------------------------------
 Index Scan Backward using idx on public.t (actual rows=4096.00 loops=1)
   Output: a, b
   Index Cond: ((t.a >= '-16693'::integer) AND (t.a <= '-12598'::integer))
   Index Searches: 1
   Prefetch: distance=2.059 count=118 stalls=3415 skipped=203 resets=0 ungets=0 forwarded=0
             histogram [2,4) => 116, [4,8) => 2
   Buffers: shared hit=3799 read=93
 Settings: enable_bitmapscan = 'off', enable_seqscan = 'off', max_parallel_workers_per_gather = '0'
 Planning:
   Buffers: shared hit=86 read=27
 Planning Time: 6.243 ms
 Execution Time: 5.569 ms
(12 rows)

SET
SET
SET
SET
SET
                                             QUERY PLAN                                             
----------------------------------------------------------------------------------------------------
 Index Scan Backward using idx on public.t (actual rows=4096.00 loops=1)
   Output: a, b
   Index Cond: ((t.a >= '-16693'::integer) AND (t.a <= '-12598'::integer))
   Index Searches: 1
   Buffers: shared hit=3892
 Settings: enable_bitmapscan = 'off', enable_seqscan = 'off', max_parallel_workers_per_gather = '0'
 Planning:
   Buffers: shared hit=118
 Planning Time: 0.350 ms
 Execution Time: 1.141 ms
(10 rows)

