SET
SET
SET
SET
SET
                                             QUERY PLAN                                             
----------------------------------------------------------------------------------------------------
 Index Scan Backward using idx on public.t (actual rows=1024.00 loops=1)
   Output: a, b
   Index Cond: ((t.a >= '-2948'::integer) AND (t.a <= '-1925'::integer))
   Index Searches: 1
   Prefetch: distance=2.000 count=32 stalls=888 skipped=51 resets=0 ungets=0 forwarded=0
             histogram [2,4) => 32
   Buffers: shared hit=942 read=36
 Settings: enable_bitmapscan = 'off', enable_seqscan = 'off', max_parallel_workers_per_gather = '0'
 Planning:
   Buffers: shared hit=86 read=27
 Planning Time: 6.331 ms
 Execution Time: 3.461 ms
(12 rows)

SET
SET
SET
SET
SET
                                             QUERY PLAN                                             
----------------------------------------------------------------------------------------------------
 Index Scan Backward using idx on public.t (actual rows=1024.00 loops=1)
   Output: a, b
   Index Cond: ((t.a >= '-2948'::integer) AND (t.a <= '-1925'::integer))
   Index Searches: 1
   Buffers: shared hit=978
 Settings: enable_bitmapscan = 'off', enable_seqscan = 'off', max_parallel_workers_per_gather = '0'
 Planning:
   Buffers: shared hit=118
 Planning Time: 0.363 ms
 Execution Time: 0.349 ms
(10 rows)

