SET
SET
SET
SET
SET
                                             QUERY PLAN                                             
----------------------------------------------------------------------------------------------------
 Index Scan Backward using idx on public.t (actual rows=4096.00 loops=1)
   Output: a, b
   Index Cond: ((t.a >= '-4463'::integer) AND (t.a <= '-368'::integer))
   Index Searches: 1
   Prefetch: distance=2.000 count=122 stalls=3609 skipped=219 resets=0 ungets=0 forwarded=0
             histogram [2,4) => 122
   Buffers: shared hit=3791 read=90
 Settings: enable_bitmapscan = 'off', enable_seqscan = 'off', max_parallel_workers_per_gather = '0'
 Planning:
   Buffers: shared hit=86 read=27
 Planning Time: 6.110 ms
 Execution Time: 5.441 ms
(12 rows)

SET
SET
SET
SET
SET
                                             QUERY PLAN                                             
----------------------------------------------------------------------------------------------------
 Index Scan Backward using idx on public.t (actual rows=4096.00 loops=1)
   Output: a, b
   Index Cond: ((t.a >= '-4463'::integer) AND (t.a <= '-368'::integer))
   Index Searches: 1
   Buffers: shared hit=3881
 Settings: enable_bitmapscan = 'off', enable_seqscan = 'off', max_parallel_workers_per_gather = '0'
 Planning:
   Buffers: shared hit=118
 Planning Time: 0.440 ms
 Execution Time: 1.128 ms
(10 rows)

