SET
SET
SET
SET
SET
                                             QUERY PLAN                                             
----------------------------------------------------------------------------------------------------
 Index Scan Backward using idx on public.t (actual rows=1024.00 loops=1)
   Output: a, b
   Index Cond: ((t.a >= '-18627'::integer) AND (t.a <= '-17604'::integer))
   Index Searches: 1
   Prefetch: distance=2.000 count=27 stalls=831 skipped=54 resets=0 ungets=0 forwarded=0
             histogram [2,4) => 27
   Buffers: shared hit=932 read=37
 Settings: enable_bitmapscan = 'off', enable_seqscan = 'off', max_parallel_workers_per_gather = '0'
 Planning:
   Buffers: shared hit=86 read=27
 Planning Time: 6.831 ms
 Execution Time: 4.286 ms
(12 rows)

SET
SET
SET
SET
SET
                                             QUERY PLAN                                             
----------------------------------------------------------------------------------------------------
 Index Scan Backward using idx on public.t (actual rows=1024.00 loops=1)
   Output: a, b
   Index Cond: ((t.a >= '-18627'::integer) AND (t.a <= '-17604'::integer))
   Index Searches: 1
   Buffers: shared hit=969
 Settings: enable_bitmapscan = 'off', enable_seqscan = 'off', max_parallel_workers_per_gather = '0'
 Planning:
   Buffers: shared hit=118
 Planning Time: 0.362 ms
 Execution Time: 0.424 ms
(10 rows)

