SET
SET
SET
SET
SET
                                             QUERY PLAN                                             
----------------------------------------------------------------------------------------------------
 Index Scan Backward using idx on public.t (actual rows=2048.00 loops=1)
   Output: a, b
   Index Cond: ((t.a >= '-32385'::integer) AND (t.a <= '-30338'::integer))
   Index Searches: 1
   Prefetch: distance=2.049 count=61 stalls=1678 skipped=121 resets=0 ungets=0 forwarded=0
             histogram [2,4) => 60, [4,8) => 1
   Buffers: shared hit=1873 read=57
 Settings: enable_bitmapscan = 'off', enable_seqscan = 'off', max_parallel_workers_per_gather = '0'
 Planning:
   Buffers: shared hit=86 read=27
 Planning Time: 6.501 ms
 Execution Time: 4.405 ms
(12 rows)

SET
SET
SET
SET
SET
                                             QUERY PLAN                                             
----------------------------------------------------------------------------------------------------
 Index Scan Backward using idx on public.t (actual rows=2048.00 loops=1)
   Output: a, b
   Index Cond: ((t.a >= '-32385'::integer) AND (t.a <= '-30338'::integer))
   Index Searches: 1
   Buffers: shared hit=1930
 Settings: enable_bitmapscan = 'off', enable_seqscan = 'off', max_parallel_workers_per_gather = '0'
 Planning:
   Buffers: shared hit=118
 Planning Time: 0.466 ms
 Execution Time: 0.854 ms
(10 rows)

