SET
SET
SET
SET
SET
                                             QUERY PLAN                                             
----------------------------------------------------------------------------------------------------
 Index Scan Backward using idx on public.t (actual rows=4096.00 loops=1)
   Output: a, b
   Index Cond: ((t.a >= '-32480'::integer) AND (t.a <= '-28385'::integer))
   Index Searches: 1
   Prefetch: distance=2.025 count=119 stalls=3430 skipped=236 resets=0 ungets=0 forwarded=0
             histogram [2,4) => 118, [4,8) => 1
   Buffers: shared hit=3761 read=93
 Settings: enable_bitmapscan = 'off', enable_seqscan = 'off', max_parallel_workers_per_gather = '0'
 Planning:
   Buffers: shared hit=86 read=27
 Planning Time: 6.490 ms
 Execution Time: 5.398 ms
(12 rows)

SET
SET
SET
SET
SET
                                             QUERY PLAN                                             
----------------------------------------------------------------------------------------------------
 Index Scan Backward using idx on public.t (actual rows=4096.00 loops=1)
   Output: a, b
   Index Cond: ((t.a >= '-32480'::integer) AND (t.a <= '-28385'::integer))
   Index Searches: 1
   Buffers: shared hit=3854
 Settings: enable_bitmapscan = 'off', enable_seqscan = 'off', max_parallel_workers_per_gather = '0'
 Planning:
   Buffers: shared hit=118
 Planning Time: 0.462 ms
 Execution Time: 1.586 ms
(10 rows)

