SET
SET
SET
SET
SET
                                             QUERY PLAN                                             
----------------------------------------------------------------------------------------------------
 Index Scan Backward using idx on public.t (actual rows=512.00 loops=1)
   Output: a, b
   Index Cond: ((t.a >= '-751'::integer) AND (t.a <= '-240'::integer))
   Index Searches: 1
   Prefetch: distance=19.280 count=100 stalls=354 skipped=40 resets=0 ungets=0 forwarded=0
             histogram [2,4) => 10, [4,8) => 8, [8,16) => 20, [16,32) => 46, [32,64) => 16
   Buffers: shared hit=457 read=23
 Settings: enable_bitmapscan = 'off', enable_seqscan = 'off', max_parallel_workers_per_gather = '0'
 Planning:
   Buffers: shared hit=82 read=26
 Planning Time: 6.156 ms
 Execution Time: 3.337 ms
(12 rows)

SET
SET
SET
SET
SET
                                             QUERY PLAN                                             
----------------------------------------------------------------------------------------------------
 Index Scan Backward using idx on public.t (actual rows=512.00 loops=1)
   Output: a, b
   Index Cond: ((t.a >= '-751'::integer) AND (t.a <= '-240'::integer))
   Index Searches: 1
   Buffers: shared hit=480
 Settings: enable_bitmapscan = 'off', enable_seqscan = 'off', max_parallel_workers_per_gather = '0'
 Planning:
   Buffers: shared hit=113
 Planning Time: 0.493 ms
 Execution Time: 0.337 ms
(10 rows)

