SET
SET
SET
SET
SET
                                             QUERY PLAN                                             
----------------------------------------------------------------------------------------------------
 Index Scan Backward using idx on public.t (actual rows=128.00 loops=1)
   Output: a, b
   Index Cond: ((t.a >= '-3683'::integer) AND (t.a <= '-3556'::integer))
   Index Searches: 1
   Prefetch: distance=2.273 count=11 stalls=88 skipped=7 resets=0 ungets=0 forwarded=0
             histogram [2,4) => 10, [4,8) => 1
   Buffers: shared hit=107 read=20
 Settings: enable_bitmapscan = 'off', enable_seqscan = 'off', max_parallel_workers_per_gather = '0'
 Planning:
   Buffers: shared hit=82 read=26
 Planning Time: 6.334 ms
 Execution Time: 2.959 ms
(12 rows)

SET
SET
SET
SET
SET
                                             QUERY PLAN                                             
----------------------------------------------------------------------------------------------------
 Index Scan Backward using idx on public.t (actual rows=128.00 loops=1)
   Output: a, b
   Index Cond: ((t.a >= '-3683'::integer) AND (t.a <= '-3556'::integer))
   Index Searches: 1
   Buffers: shared hit=127
 Settings: enable_bitmapscan = 'off', enable_seqscan = 'off', max_parallel_workers_per_gather = '0'
 Planning:
   Buffers: shared hit=113
 Planning Time: 0.345 ms
 Execution Time: 0.110 ms
(10 rows)

