SET
SET
SET
SET
SET
                                             QUERY PLAN                                             
----------------------------------------------------------------------------------------------------
 Index Scan Backward using idx on public.t (actual rows=4096.00 loops=1)
   Output: a, b
   Index Cond: ((t.a >= '-19621'::integer) AND (t.a <= '-15526'::integer))
   Index Searches: 1
   Prefetch: distance=2.071 count=127 stalls=3520 skipped=227 resets=0 ungets=0 forwarded=0
             histogram [2,4) => 124, [4,8) => 3
   Buffers: shared hit=3776 read=94
 Settings: enable_bitmapscan = 'off', enable_seqscan = 'off', max_parallel_workers_per_gather = '0'
 Planning:
   Buffers: shared hit=82 read=26
 Planning Time: 5.918 ms
 Execution Time: 11.589 ms
(12 rows)

SET
SET
SET
SET
SET
                                             QUERY PLAN                                             
----------------------------------------------------------------------------------------------------
 Index Scan Backward using idx on public.t (actual rows=4096.00 loops=1)
   Output: a, b
   Index Cond: ((t.a >= '-19621'::integer) AND (t.a <= '-15526'::integer))
   Index Searches: 1
   Buffers: shared hit=3870
 Settings: enable_bitmapscan = 'off', enable_seqscan = 'off', max_parallel_workers_per_gather = '0'
 Planning:
   Buffers: shared hit=113
 Planning Time: 0.371 ms
 Execution Time: 1.136 ms
(10 rows)

