SET
SET
SET
SET
SET
                                             QUERY PLAN                                             
----------------------------------------------------------------------------------------------------
 Index Scan Backward using idx on public.t (actual rows=2048.00 loops=1)
   Output: a, b
   Index Cond: ((t.a >= '-20017'::integer) AND (t.a <= '-17970'::integer))
   Index Searches: 1
   Prefetch: distance=2.051 count=59 stalls=1628 skipped=109 resets=0 ungets=0 forwarded=0
             histogram [2,4) => 58, [4,8) => 1
   Buffers: shared hit=1879 read=55
 Settings: enable_bitmapscan = 'off', enable_seqscan = 'off', max_parallel_workers_per_gather = '0'
 Planning:
   Buffers: shared hit=82 read=26
 Planning Time: 6.117 ms
 Execution Time: 6.723 ms
(12 rows)

SET
SET
SET
SET
SET
                                             QUERY PLAN                                             
----------------------------------------------------------------------------------------------------
 Index Scan Backward using idx on public.t (actual rows=2048.00 loops=1)
   Output: a, b
   Index Cond: ((t.a >= '-20017'::integer) AND (t.a <= '-17970'::integer))
   Index Searches: 1
   Buffers: shared hit=1934
 Settings: enable_bitmapscan = 'off', enable_seqscan = 'off', max_parallel_workers_per_gather = '0'
 Planning:
   Buffers: shared hit=113
 Planning Time: 0.373 ms
 Execution Time: 0.622 ms
(10 rows)

