SET
SET
SET
SET
SET
                                             QUERY PLAN                                             
----------------------------------------------------------------------------------------------------
 Index Scan Backward using idx on public.t (actual rows=4096.00 loops=1)
   Output: a, b
   Index Cond: ((t.a >= '-22756'::integer) AND (t.a <= '-18661'::integer))
   Index Searches: 1
   Prefetch: distance=2.000 count=130 stalls=3649 skipped=254 resets=0 ungets=0 forwarded=0
             histogram [2,4) => 130
   Buffers: shared hit=3763 read=93
 Settings: enable_bitmapscan = 'off', enable_seqscan = 'off', max_parallel_workers_per_gather = '0'
 Planning:
   Buffers: shared hit=82 read=26
 Planning Time: 6.092 ms
 Execution Time: 11.639 ms
(12 rows)

SET
SET
SET
SET
SET
                                             QUERY PLAN                                             
----------------------------------------------------------------------------------------------------
 Index Scan Backward using idx on public.t (actual rows=4096.00 loops=1)
   Output: a, b
   Index Cond: ((t.a >= '-22756'::integer) AND (t.a <= '-18661'::integer))
   Index Searches: 1
   Buffers: shared hit=3856
 Settings: enable_bitmapscan = 'off', enable_seqscan = 'off', max_parallel_workers_per_gather = '0'
 Planning:
   Buffers: shared hit=113
 Planning Time: 0.385 ms
 Execution Time: 1.176 ms
(10 rows)

