SET
SET
SET
SET
SET
                                             QUERY PLAN                                             
----------------------------------------------------------------------------------------------------
 Index Scan Backward using idx on public.t (actual rows=2048.00 loops=1)
   Output: a, b
   Index Cond: ((t.a >= '-16708'::integer) AND (t.a <= '-14661'::integer))
   Index Searches: 1
   Prefetch: distance=2.055 count=55 stalls=1665 skipped=91 resets=0 ungets=0 forwarded=0
             histogram [2,4) => 54, [4,8) => 1
   Buffers: shared hit=1905 read=54
 Settings: enable_bitmapscan = 'off', enable_seqscan = 'off', max_parallel_workers_per_gather = '0'
 Planning:
   Buffers: shared hit=82 read=26
 Planning Time: 5.991 ms
 Execution Time: 6.782 ms
(12 rows)

SET
SET
SET
SET
SET
                                             QUERY PLAN                                             
----------------------------------------------------------------------------------------------------
 Index Scan Backward using idx on public.t (actual rows=2048.00 loops=1)
   Output: a, b
   Index Cond: ((t.a >= '-16708'::integer) AND (t.a <= '-14661'::integer))
   Index Searches: 1
   Buffers: shared hit=1959
 Settings: enable_bitmapscan = 'off', enable_seqscan = 'off', max_parallel_workers_per_gather = '0'
 Planning:
   Buffers: shared hit=113
 Planning Time: 0.393 ms
 Execution Time: 0.667 ms
(10 rows)

