SET
SET
SET
SET
SET
                                             QUERY PLAN                                             
----------------------------------------------------------------------------------------------------
 Index Scan Backward using idx on public.t (actual rows=256.00 loops=1)
   Output: a, b
   Index Cond: ((t.a >= '-812'::integer) AND (t.a <= '-557'::integer))
   Index Searches: 1
   Prefetch: distance=2.000 count=2 stalls=160 skipped=15 resets=0 ungets=0 forwarded=0
             histogram [2,4) => 2
   Buffers: shared hit=225 read=21
 Settings: enable_bitmapscan = 'off', enable_seqscan = 'off', max_parallel_workers_per_gather = '0'
 Planning:
   Buffers: shared hit=82 read=26
 Planning Time: 6.307 ms
 Execution Time: 2.829 ms
(12 rows)

SET
SET
SET
SET
SET
                                             QUERY PLAN                                             
----------------------------------------------------------------------------------------------------
 Index Scan Backward using idx on public.t (actual rows=256.00 loops=1)
   Output: a, b
   Index Cond: ((t.a >= '-812'::integer) AND (t.a <= '-557'::integer))
   Index Searches: 1
   Buffers: shared hit=246
 Settings: enable_bitmapscan = 'off', enable_seqscan = 'off', max_parallel_workers_per_gather = '0'
 Planning:
   Buffers: shared hit=113
 Planning Time: 0.385 ms
 Execution Time: 0.141 ms
(10 rows)

