SET
SET
SET
SET
SET
                                             QUERY PLAN                                             
----------------------------------------------------------------------------------------------------
 Index Scan Backward using idx on public.t (actual rows=4096.00 loops=1)
   Output: a, b
   Index Cond: ((t.a >= '-20431'::integer) AND (t.a <= '-16336'::integer))
   Index Searches: 1
   Prefetch: distance=2.049 count=122 stalls=3434 skipped=240 resets=0 ungets=0 forwarded=0
             histogram [2,4) => 120, [4,8) => 2
   Buffers: shared hit=3767 read=94
 Settings: enable_bitmapscan = 'off', enable_seqscan = 'off', max_parallel_workers_per_gather = '0'
 Planning:
   Buffers: shared hit=82 read=26
 Planning Time: 6.205 ms
 Execution Time: 13.269 ms
(12 rows)

SET
SET
SET
SET
SET
                                             QUERY PLAN                                             
----------------------------------------------------------------------------------------------------
 Index Scan Backward using idx on public.t (actual rows=4096.00 loops=1)
   Output: a, b
   Index Cond: ((t.a >= '-20431'::integer) AND (t.a <= '-16336'::integer))
   Index Searches: 1
   Buffers: shared hit=3861
 Settings: enable_bitmapscan = 'off', enable_seqscan = 'off', max_parallel_workers_per_gather = '0'
 Planning:
   Buffers: shared hit=113
 Planning Time: 0.352 ms
 Execution Time: 1.160 ms
(10 rows)

