SET
SET
SET
SET
SET
                                             QUERY PLAN                                             
----------------------------------------------------------------------------------------------------
 Index Scan Backward using idx on public.t (actual rows=1024.00 loops=1)
   Output: a, b
   Index Cond: ((t.a >= '-23832'::integer) AND (t.a <= '-22809'::integer))
   Index Searches: 1
   Prefetch: distance=2.086 count=35 stalls=892 skipped=56 resets=0 ungets=0 forwarded=0
             histogram [2,4) => 34, [4,8) => 1
   Buffers: shared hit=937 read=36
 Settings: enable_bitmapscan = 'off', enable_seqscan = 'off', max_parallel_workers_per_gather = '0'
 Planning:
   Buffers: shared hit=82 read=26
 Planning Time: 5.901 ms
 Execution Time: 4.625 ms
(12 rows)

SET
SET
SET
SET
SET
                                             QUERY PLAN                                             
----------------------------------------------------------------------------------------------------
 Index Scan Backward using idx on public.t (actual rows=1024.00 loops=1)
   Output: a, b
   Index Cond: ((t.a >= '-23832'::integer) AND (t.a <= '-22809'::integer))
   Index Searches: 1
   Buffers: shared hit=973
 Settings: enable_bitmapscan = 'off', enable_seqscan = 'off', max_parallel_workers_per_gather = '0'
 Planning:
   Buffers: shared hit=113
 Planning Time: 0.366 ms
 Execution Time: 0.343 ms
(10 rows)

