SET
SET
SET
SET
SET
                                             QUERY PLAN                                             
----------------------------------------------------------------------------------------------------
 Index Scan Backward using idx on public.t (actual rows=4096.00 loops=1)
   Output: a, b
   Index Cond: ((t.a >= '-18850'::integer) AND (t.a <= '-14755'::integer))
   Index Searches: 1
   Prefetch: distance=2.072 count=125 stalls=3566 skipped=222 resets=0 ungets=0 forwarded=0
             histogram [2,4) => 122, [4,8) => 3
   Buffers: shared hit=3793 read=91
 Settings: enable_bitmapscan = 'off', enable_seqscan = 'off', max_parallel_workers_per_gather = '0'
 Planning:
   Buffers: shared hit=82 read=26
 Planning Time: 5.869 ms
 Execution Time: 11.199 ms
(12 rows)

SET
SET
SET
SET
SET
                                             QUERY PLAN                                             
----------------------------------------------------------------------------------------------------
 Index Scan Backward using idx on public.t (actual rows=4096.00 loops=1)
   Output: a, b
   Index Cond: ((t.a >= '-18850'::integer) AND (t.a <= '-14755'::integer))
   Index Searches: 1
   Buffers: shared hit=3884
 Settings: enable_bitmapscan = 'off', enable_seqscan = 'off', max_parallel_workers_per_gather = '0'
 Planning:
   Buffers: shared hit=113
 Planning Time: 0.622 ms
 Execution Time: 1.562 ms
(10 rows)

