SET
SET
SET
SET
SET
                                             QUERY PLAN                                             
----------------------------------------------------------------------------------------------------
 Index Scan Backward using idx on public.t (actual rows=2048.00 loops=1)
   Output: a, b
   Index Cond: ((t.a >= '-8872'::integer) AND (t.a <= '-6825'::integer))
   Index Searches: 1
   Prefetch: distance=2.046 count=65 stalls=1772 skipped=124 resets=0 ungets=0 forwarded=0
             histogram [2,4) => 64, [4,8) => 1
   Buffers: shared hit=1875 read=55
 Settings: enable_bitmapscan = 'off', enable_seqscan = 'off', max_parallel_workers_per_gather = '0'
 Planning:
   Buffers: shared hit=82 read=26
 Planning Time: 5.587 ms
 Execution Time: 6.949 ms
(12 rows)

SET
SET
SET
SET
SET
                                             QUERY PLAN                                             
----------------------------------------------------------------------------------------------------
 Index Scan Backward using idx on public.t (actual rows=2048.00 loops=1)
   Output: a, b
   Index Cond: ((t.a >= '-8872'::integer) AND (t.a <= '-6825'::integer))
   Index Searches: 1
   Buffers: shared hit=1930
 Settings: enable_bitmapscan = 'off', enable_seqscan = 'off', max_parallel_workers_per_gather = '0'
 Planning:
   Buffers: shared hit=113
 Planning Time: 0.347 ms
 Execution Time: 0.715 ms
(10 rows)

