SET
SET
SET
SET
SET
                                                                     QUERY PLAN                                                                      
-----------------------------------------------------------------------------------------------------------------------------------------------------
 Index Scan Backward using idx on public.t (actual rows=9048576.00 loops=1)
   Output: a, b
   Index Cond: ((t.a >= '-9070945'::integer) AND (t.a <= '-22370'::integer))
   Index Searches: 1
   Prefetch: distance=262.612 count=9306153 stalls=1 skipped=532346 resets=0 ungets=789924 forwarded=52196
             histogram [2,4) => 2, [4,8) => 5, [8,16) => 7, [16,32) => 16, [32,64) => 19, [64,128) => 16, [128,256) => 1686070, [256,512) => 7620018
   Buffers: shared hit=8372885 read=166125
 Settings: enable_bitmapscan = 'off', enable_seqscan = 'off', max_parallel_workers_per_gather = '0'
 Planning:
   Buffers: shared hit=78 read=26
 Planning Time: 5.780 ms
 Execution Time: 9161.800 ms
(12 rows)

SET
SET
SET
SET
SET
                                             QUERY PLAN                                             
----------------------------------------------------------------------------------------------------
 Index Scan Backward using idx on public.t (actual rows=9048576.00 loops=1)
   Output: a, b
   Index Cond: ((t.a >= '-9070945'::integer) AND (t.a <= '-22370'::integer))
   Index Searches: 1
   Buffers: shared hit=8540959
 Settings: enable_bitmapscan = 'off', enable_seqscan = 'off', max_parallel_workers_per_gather = '0'
 Planning:
   Buffers: shared hit=109
 Planning Time: 0.470 ms
 Execution Time: 2498.096 ms
(10 rows)

