SET
SET
SET
SET
SET
                                             QUERY PLAN                                             
----------------------------------------------------------------------------------------------------
 Index Scan Backward using idx on public.t (actual rows=512.00 loops=1)
   Output: a, b
   Index Cond: ((t.a >= '-22412'::integer) AND (t.a <= '-21901'::integer))
   Index Searches: 1
   Prefetch: distance=2.000 count=12 stalls=394 skipped=21 resets=0 ungets=0 forwarded=0
             histogram [2,4) => 12
   Buffers: shared hit=464 read=27
 Settings: enable_bitmapscan = 'off', enable_seqscan = 'off', max_parallel_workers_per_gather = '0'
 Planning:
   Buffers: shared hit=82 read=26
 Planning Time: 5.685 ms
 Execution Time: 3.901 ms
(12 rows)

SET
SET
SET
SET
SET
                                             QUERY PLAN                                             
----------------------------------------------------------------------------------------------------
 Index Scan Backward using idx on public.t (actual rows=512.00 loops=1)
   Output: a, b
   Index Cond: ((t.a >= '-22412'::integer) AND (t.a <= '-21901'::integer))
   Index Searches: 1
   Buffers: shared hit=491
 Settings: enable_bitmapscan = 'off', enable_seqscan = 'off', max_parallel_workers_per_gather = '0'
 Planning:
   Buffers: shared hit=113
 Planning Time: 0.366 ms
 Execution Time: 0.211 ms
(10 rows)

