SET
SET
SET
SET
SET
                                             QUERY PLAN                                             
----------------------------------------------------------------------------------------------------
 Index Scan Backward using idx on public.t (actual rows=2048.00 loops=1)
   Output: a, b
   Index Cond: ((t.a >= '-25002'::integer) AND (t.a <= '-22955'::integer))
   Index Searches: 1
   Prefetch: distance=2.000 count=60 stalls=1754 skipped=121 resets=0 ungets=0 forwarded=0
             histogram [2,4) => 60
   Buffers: shared hit=1876 read=56
 Settings: enable_bitmapscan = 'off', enable_seqscan = 'off', max_parallel_workers_per_gather = '0'
 Planning:
   Buffers: shared hit=82 read=26
 Planning Time: 6.097 ms
 Execution Time: 7.056 ms
(12 rows)

SET
SET
SET
SET
SET
                                             QUERY PLAN                                             
----------------------------------------------------------------------------------------------------
 Index Scan Backward using idx on public.t (actual rows=2048.00 loops=1)
   Output: a, b
   Index Cond: ((t.a >= '-25002'::integer) AND (t.a <= '-22955'::integer))
   Index Searches: 1
   Buffers: shared hit=1932
 Settings: enable_bitmapscan = 'off', enable_seqscan = 'off', max_parallel_workers_per_gather = '0'
 Planning:
   Buffers: shared hit=113
 Planning Time: 0.371 ms
 Execution Time: 0.612 ms
(10 rows)

