SET
SET
SET
SET
SET
                                             QUERY PLAN                                             
----------------------------------------------------------------------------------------------------
 Index Scan Backward using idx on public.t (actual rows=512.00 loops=1)
   Output: a, b
   Index Cond: ((t.a >= 3429) AND (t.a <= 3460))
   Index Searches: 1
   Prefetch: distance=2.000 count=8 stalls=231 skipped=73 resets=0 ungets=0 forwarded=0
             histogram [2,4) => 8
   Buffers: shared hit=367 read=33
 Settings: enable_bitmapscan = 'off', enable_seqscan = 'off', max_parallel_workers_per_gather = '0'
 Planning:
   Buffers: shared hit=82 read=26
 Planning Time: 6.045 ms
 Execution Time: 3.858 ms
(12 rows)

SET
SET
SET
SET
SET
                                             QUERY PLAN                                             
----------------------------------------------------------------------------------------------------
 Index Scan Backward using idx on public.t (actual rows=512.00 loops=1)
   Output: a, b
   Index Cond: ((t.a >= 3429) AND (t.a <= 3460))
   Index Searches: 1
   Buffers: shared hit=400
 Settings: enable_bitmapscan = 'off', enable_seqscan = 'off', max_parallel_workers_per_gather = '0'
 Planning:
   Buffers: shared hit=113
 Planning Time: 0.459 ms
 Execution Time: 0.299 ms
(10 rows)

