SET
SET
SET
SET
SET
                                             QUERY PLAN                                             
----------------------------------------------------------------------------------------------------
 Index Scan Backward using idx on public.t (actual rows=4096.00 loops=1)
   Output: a, b
   Index Cond: ((t.a >= 10849) AND (t.a <= 11104))
   Index Searches: 1
   Prefetch: distance=2.030 count=99 stalls=2936 skipped=998 resets=0 ungets=0 forwarded=0
             histogram [2,4) => 98, [4,8) => 1
   Buffers: shared hit=3012 read=86
 Settings: enable_bitmapscan = 'off', enable_seqscan = 'off', max_parallel_workers_per_gather = '0'
 Planning:
   Buffers: shared hit=78 read=22
 Planning Time: 7.048 ms
 Execution Time: 6.485 ms
(12 rows)

SET
SET
SET
SET
SET
                                             QUERY PLAN                                             
----------------------------------------------------------------------------------------------------
 Index Scan Backward using idx on public.t (actual rows=4096.00 loops=1)
   Output: a, b
   Index Cond: ((t.a >= 10849) AND (t.a <= 11104))
   Index Searches: 1
   Buffers: shared hit=3098
 Settings: enable_bitmapscan = 'off', enable_seqscan = 'off', max_parallel_workers_per_gather = '0'
 Planning:
   Buffers: shared hit=105
 Planning Time: 0.391 ms
 Execution Time: 1.526 ms
(10 rows)

