SET
SET
SET
SET
SET
                                             QUERY PLAN                                             
----------------------------------------------------------------------------------------------------
 Index Scan using idx on public.t (actual rows=4096.00 loops=1)
   Output: a, b
   Index Cond: ((t.a >= '-20477'::integer) AND (t.a <= '-16382'::integer))
   Index Searches: 1
   Prefetch: distance=2.000 count=124 stalls=3637 skipped=247 resets=0 ungets=0 forwarded=0
             histogram [2,4) => 124
   Buffers: shared hit=3768 read=92
 Settings: enable_bitmapscan = 'off', enable_seqscan = 'off', max_parallel_workers_per_gather = '0'
 Planning:
   Buffers: shared hit=86 read=26
 Planning Time: 6.046 ms
 Execution Time: 5.751 ms
(12 rows)

SET
SET
SET
SET
SET
                                             QUERY PLAN                                             
----------------------------------------------------------------------------------------------------
 Index Scan using idx on public.t (actual rows=4096.00 loops=1)
   Output: a, b
   Index Cond: ((t.a >= '-20477'::integer) AND (t.a <= '-16382'::integer))
   Index Searches: 1
   Buffers: shared hit=3860
 Settings: enable_bitmapscan = 'off', enable_seqscan = 'off', max_parallel_workers_per_gather = '0'
 Planning:
   Buffers: shared hit=117
 Planning Time: 0.382 ms
 Execution Time: 1.145 ms
(10 rows)

