SET
SET
SET
SET
SET
                                             QUERY PLAN                                             
----------------------------------------------------------------------------------------------------
 Index Scan using idx on public.t (actual rows=1024.00 loops=1)
   Output: a, b
   Index Cond: ((t.a >= '-6451'::integer) AND (t.a <= '-5428'::integer))
   Index Searches: 1
   Prefetch: distance=2.000 count=32 stalls=877 skipped=53 resets=0 ungets=0 forwarded=0
             histogram [2,4) => 32
   Buffers: shared hit=939 read=36
 Settings: enable_bitmapscan = 'off', enable_seqscan = 'off', max_parallel_workers_per_gather = '0'
 Planning:
   Buffers: shared hit=86 read=26
 Planning Time: 5.958 ms
 Execution Time: 3.080 ms
(12 rows)

SET
SET
SET
SET
SET
                                             QUERY PLAN                                             
----------------------------------------------------------------------------------------------------
 Index Scan using idx on public.t (actual rows=1024.00 loops=1)
   Output: a, b
   Index Cond: ((t.a >= '-6451'::integer) AND (t.a <= '-5428'::integer))
   Index Searches: 1
   Buffers: shared hit=975
 Settings: enable_bitmapscan = 'off', enable_seqscan = 'off', max_parallel_workers_per_gather = '0'
 Planning:
   Buffers: shared hit=117
 Planning Time: 0.380 ms
 Execution Time: 0.348 ms
(10 rows)

