SET
SET
SET
SET
SET
                                                                 QUERY PLAN                                                                  
---------------------------------------------------------------------------------------------------------------------------------------------
 Index Scan using idx on public.t (actual rows=2048.00 loops=1)
   Output: a, b
   Index Cond: ((t.a >= '-24738'::integer) AND (t.a <= '-22691'::integer))
   Index Searches: 1
   Prefetch: distance=250.504 count=1968 stalls=1 skipped=128 resets=0 ungets=50 forwarded=2
             histogram [2,4) => 2, [4,8) => 5, [8,16) => 7, [16,32) => 15, [32,64) => 20, [64,128) => 4, [128,256) => 679, [256,512) => 1236
   Buffers: shared hit=1876 read=56
 Settings: enable_bitmapscan = 'off', enable_seqscan = 'off', max_parallel_workers_per_gather = '0'
 Planning:
   Buffers: shared hit=86 read=26
 Planning Time: 6.018 ms
 Execution Time: 3.796 ms
(12 rows)

SET
SET
SET
SET
SET
                                             QUERY PLAN                                             
----------------------------------------------------------------------------------------------------
 Index Scan using idx on public.t (actual rows=2048.00 loops=1)
   Output: a, b
   Index Cond: ((t.a >= '-24738'::integer) AND (t.a <= '-22691'::integer))
   Index Searches: 1
   Buffers: shared hit=1932
 Settings: enable_bitmapscan = 'off', enable_seqscan = 'off', max_parallel_workers_per_gather = '0'
 Planning:
   Buffers: shared hit=117
 Planning Time: 0.411 ms
 Execution Time: 0.695 ms
(10 rows)

