SET
SET
SET
SET
SET
                                                                   QUERY PLAN                                                                    
-------------------------------------------------------------------------------------------------------------------------------------------------
 Index Scan using idx on public.t (actual rows=4096.00 loops=1)
   Output: a, b
   Index Cond: ((t.a >= '-34468'::integer) AND (t.a <= '-30373'::integer))
   Index Searches: 1
   Prefetch: distance=242.205 count=3864 stalls=1 skipped=238 resets=0 ungets=12 forwarded=3
             histogram [2,4) => 6, [4,8) => 10, [8,16) => 10, [16,32) => 20, [32,64) => 33, [64,128) => 49, [128,256) => 1979, [256,512) => 1757
   Buffers: shared hit=3782 read=94
 Settings: enable_bitmapscan = 'off', enable_seqscan = 'off', max_parallel_workers_per_gather = '0'
 Planning:
   Buffers: shared hit=86 read=26
 Planning Time: 5.974 ms
 Execution Time: 5.471 ms
(12 rows)

SET
SET
SET
SET
SET
                                             QUERY PLAN                                             
----------------------------------------------------------------------------------------------------
 Index Scan using idx on public.t (actual rows=4096.00 loops=1)
   Output: a, b
   Index Cond: ((t.a >= '-34468'::integer) AND (t.a <= '-30373'::integer))
   Index Searches: 1
   Buffers: shared hit=3876
 Settings: enable_bitmapscan = 'off', enable_seqscan = 'off', max_parallel_workers_per_gather = '0'
 Planning:
   Buffers: shared hit=117
 Planning Time: 0.421 ms
 Execution Time: 1.260 ms
(10 rows)

