SET
SET
SET
SET
SET
                                             QUERY PLAN                                             
----------------------------------------------------------------------------------------------------
 Index Scan using idx on public.t (actual rows=4096.00 loops=1)
   Output: a, b
   Index Cond: ((t.a >= '-18195'::integer) AND (t.a <= '-14100'::integer))
   Index Searches: 1
   Prefetch: distance=2.000 count=122 stalls=3587 skipped=213 resets=0 ungets=0 forwarded=0
             histogram [2,4) => 122
   Buffers: shared hit=3798 read=92
 Settings: enable_bitmapscan = 'off', enable_seqscan = 'off', max_parallel_workers_per_gather = '0'
 Planning:
   Buffers: shared hit=86 read=26
 Planning Time: 8.255 ms
 Execution Time: 6.091 ms
(12 rows)

SET
SET
SET
SET
SET
                                             QUERY PLAN                                             
----------------------------------------------------------------------------------------------------
 Index Scan using idx on public.t (actual rows=4096.00 loops=1)
   Output: a, b
   Index Cond: ((t.a >= '-18195'::integer) AND (t.a <= '-14100'::integer))
   Index Searches: 1
   Buffers: shared hit=3890
 Settings: enable_bitmapscan = 'off', enable_seqscan = 'off', max_parallel_workers_per_gather = '0'
 Planning:
   Buffers: shared hit=117
 Planning Time: 0.485 ms
 Execution Time: 1.566 ms
(10 rows)

