SET
SET
SET
SET
SET
                                                                  QUERY PLAN                                                                   
-----------------------------------------------------------------------------------------------------------------------------------------------
 Index Scan using idx on public.t (actual rows=16384.00 loops=1)
   Output: a, b
   Index Cond: ((t.a >= '-40538'::integer) AND (t.a <= '-24155'::integer))
   Index Searches: 1
   Prefetch: distance=250.342 count=15464 stalls=1 skipped=941 resets=0 ungets=23 forwarded=6
             histogram [2,4) => 6, [4,8) => 7, [8,16) => 9, [16,32) => 13, [32,64) => 21, [64,128) => 14, [128,256) => 7787, [256,512) => 7607
   Buffers: shared hit=15177 read=317
 Settings: enable_bitmapscan = 'off', enable_seqscan = 'off', max_parallel_workers_per_gather = '0'
 Planning:
   Buffers: shared hit=86 read=26
 Planning Time: 6.258 ms
 Execution Time: 12.738 ms
(12 rows)

SET
SET
SET
SET
SET
                                             QUERY PLAN                                             
----------------------------------------------------------------------------------------------------
 Index Scan using idx on public.t (actual rows=16384.00 loops=1)
   Output: a, b
   Index Cond: ((t.a >= '-40538'::integer) AND (t.a <= '-24155'::integer))
   Index Searches: 1
   Buffers: shared hit=15494
 Settings: enable_bitmapscan = 'off', enable_seqscan = 'off', max_parallel_workers_per_gather = '0'
 Planning:
   Buffers: shared hit=117
 Planning Time: 0.458 ms
 Execution Time: 4.275 ms
(10 rows)

