SET
SET
SET
SET
SET
                                             QUERY PLAN                                             
----------------------------------------------------------------------------------------------------
 Index Scan using idx on public.t (actual rows=2048.00 loops=1)
   Output: a, b
   Index Cond: ((t.a >= '-31442'::integer) AND (t.a <= '-29395'::integer))
   Index Searches: 1
   Prefetch: distance=2.000 count=56 stalls=1608 skipped=133 resets=0 ungets=0 forwarded=0
             histogram [2,4) => 56
   Buffers: shared hit=1856 read=56
 Settings: enable_bitmapscan = 'off', enable_seqscan = 'off', max_parallel_workers_per_gather = '0'
 Planning:
   Buffers: shared hit=86 read=26
 Planning Time: 5.853 ms
 Execution Time: 4.730 ms
(12 rows)

SET
SET
SET
SET
SET
                                             QUERY PLAN                                             
----------------------------------------------------------------------------------------------------
 Index Scan using idx on public.t (actual rows=2048.00 loops=1)
   Output: a, b
   Index Cond: ((t.a >= '-31442'::integer) AND (t.a <= '-29395'::integer))
   Index Searches: 1
   Buffers: shared hit=1912
 Settings: enable_bitmapscan = 'off', enable_seqscan = 'off', max_parallel_workers_per_gather = '0'
 Planning:
   Buffers: shared hit=117
 Planning Time: 0.388 ms
 Execution Time: 0.770 ms
(10 rows)

