SET
SET
SET
SET
SET
                                             QUERY PLAN                                             
----------------------------------------------------------------------------------------------------
 Index Scan using idx on public.t (actual rows=4096.00 loops=1)
   Output: a, b
   Index Cond: ((t.a >= '-31111'::integer) AND (t.a <= '-27016'::integer))
   Index Searches: 1
   Prefetch: distance=2.023 count=129 stalls=3651 skipped=248 resets=0 ungets=0 forwarded=0
             histogram [2,4) => 128, [4,8) => 1
   Buffers: shared hit=3767 read=94
 Settings: enable_bitmapscan = 'off', enable_seqscan = 'off', max_parallel_workers_per_gather = '0'
 Planning:
   Buffers: shared hit=86 read=26
 Planning Time: 5.911 ms
 Execution Time: 6.229 ms
(12 rows)

SET
SET
SET
SET
SET
                                             QUERY PLAN                                             
----------------------------------------------------------------------------------------------------
 Index Scan using idx on public.t (actual rows=4096.00 loops=1)
   Output: a, b
   Index Cond: ((t.a >= '-31111'::integer) AND (t.a <= '-27016'::integer))
   Index Searches: 1
   Buffers: shared hit=3861
 Settings: enable_bitmapscan = 'off', enable_seqscan = 'off', max_parallel_workers_per_gather = '0'
 Planning:
   Buffers: shared hit=117
 Planning Time: 0.370 ms
 Execution Time: 1.138 ms
(10 rows)

