SET
SET
SET
SET
SET
                                             QUERY PLAN                                             
----------------------------------------------------------------------------------------------------
 Index Scan Backward using idx on public.t (actual rows=2048.00 loops=1)
   Output: a, b
   Index Cond: ((t.a >= '-15392'::integer) AND (t.a <= '-13345'::integer))
   Index Searches: 1
   Prefetch: distance=2.049 count=81 stalls=1855 skipped=93 resets=0 ungets=0 forwarded=0
             histogram [2,4) => 80, [4,8) => 1
   Buffers: shared hit=1910 read=57
 Settings: enable_bitmapscan = 'off', enable_seqscan = 'off', max_parallel_workers_per_gather = '0'
 Planning:
   Buffers: shared hit=82 read=26
 Planning Time: 6.046 ms
 Execution Time: 6.892 ms
(12 rows)

SET
SET
SET
SET
SET
                                             QUERY PLAN                                             
----------------------------------------------------------------------------------------------------
 Index Scan Backward using idx on public.t (actual rows=2048.00 loops=1)
   Output: a, b
   Index Cond: ((t.a >= '-15392'::integer) AND (t.a <= '-13345'::integer))
   Index Searches: 1
   Buffers: shared hit=1967
 Settings: enable_bitmapscan = 'off', enable_seqscan = 'off', max_parallel_workers_per_gather = '0'
 Planning:
   Buffers: shared hit=113
 Planning Time: 0.359 ms
 Execution Time: 0.637 ms
(10 rows)

