SET
SET
SET
SET
SET
                                                                    QUERY PLAN                                                                    
--------------------------------------------------------------------------------------------------------------------------------------------------
 Index Scan Backward using idx on public.t (actual rows=1048576.00 loops=1)
   Output: a, b
   Index Cond: ((t.a >= '-1055547'::integer) AND (t.a <= '-6972'::integer))
   Index Searches: 1
   Prefetch: distance=264.286 count=1094137 stalls=3 skipped=61578 resets=0 ungets=107144 forwarded=7073
             histogram [2,4) => 4, [4,8) => 4, [8,16) => 9, [16,32) => 14, [32,64) => 23, [64,128) => 3, [128,256) => 147446, [256,512) => 946634
   Buffers: shared hit=970266 read=19268
 Settings: enable_bitmapscan = 'off', enable_seqscan = 'off', max_parallel_workers_per_gather = '0'
 Planning:
   Buffers: shared hit=78 read=26
 Planning Time: 6.286 ms
 Execution Time: 1062.137 ms
(12 rows)

SET
SET
SET
SET
SET
                                             QUERY PLAN                                             
----------------------------------------------------------------------------------------------------
 Index Scan Backward using idx on public.t (actual rows=1048576.00 loops=1)
   Output: a, b
   Index Cond: ((t.a >= '-1055547'::integer) AND (t.a <= '-6972'::integer))
   Index Searches: 1
   Buffers: shared hit=989869
 Settings: enable_bitmapscan = 'off', enable_seqscan = 'off', max_parallel_workers_per_gather = '0'
 Planning:
   Buffers: shared hit=109
 Planning Time: 0.497 ms
 Execution Time: 358.867 ms
(10 rows)

