SET
SET
SET
SET
SET
                                             QUERY PLAN                                             
----------------------------------------------------------------------------------------------------
 Index Scan Backward using idx on public.t (actual rows=2048.00 loops=1)
   Output: a, b
   Index Cond: ((t.a >= '-28721'::integer) AND (t.a <= '-26674'::integer))
   Index Searches: 1
   Prefetch: distance=2.000 count=56 stalls=1729 skipped=91 resets=0 ungets=0 forwarded=0
             histogram [2,4) => 56
   Buffers: shared hit=1905 read=54
 Settings: enable_bitmapscan = 'off', enable_seqscan = 'off', max_parallel_workers_per_gather = '0'
 Planning:
   Buffers: shared hit=82 read=26
 Planning Time: 6.050 ms
 Execution Time: 6.169 ms
(12 rows)

SET
SET
SET
SET
SET
                                             QUERY PLAN                                             
----------------------------------------------------------------------------------------------------
 Index Scan Backward using idx on public.t (actual rows=2048.00 loops=1)
   Output: a, b
   Index Cond: ((t.a >= '-28721'::integer) AND (t.a <= '-26674'::integer))
   Index Searches: 1
   Buffers: shared hit=1959
 Settings: enable_bitmapscan = 'off', enable_seqscan = 'off', max_parallel_workers_per_gather = '0'
 Planning:
   Buffers: shared hit=113
 Planning Time: 0.471 ms
 Execution Time: 0.864 ms
(10 rows)

