SET
SET
SET
SET
SET
                                             QUERY PLAN                                             
----------------------------------------------------------------------------------------------------
 Index Scan using idx on public.t (actual rows=2048.00 loops=1)
   Output: a, b
   Index Cond: ((t.a >= 18528) AND (t.a <= 18655))
   Index Searches: 1
   Prefetch: distance=2.227 count=66 stalls=1425 skipped=530 resets=0 ungets=0 forwarded=0
             histogram [2,4) => 62, [4,8) => 4
   Buffers: shared hit=1465 read=57
 Settings: enable_bitmapscan = 'off', enable_seqscan = 'off', max_parallel_workers_per_gather = '0'
 Planning:
   Buffers: shared hit=78 read=23
 Planning Time: 5.827 ms
 Execution Time: 3.741 ms
(12 rows)

SET
SET
SET
SET
SET
                                             QUERY PLAN                                             
----------------------------------------------------------------------------------------------------
 Index Scan using idx on public.t (actual rows=2048.00 loops=1)
   Output: a, b
   Index Cond: ((t.a >= 18528) AND (t.a <= 18655))
   Index Searches: 1
   Buffers: shared hit=1522
 Settings: enable_bitmapscan = 'off', enable_seqscan = 'off', max_parallel_workers_per_gather = '0'
 Planning:
   Buffers: shared hit=106
 Planning Time: 0.329 ms
 Execution Time: 0.566 ms
(10 rows)

