SET
SET
SET
SET
SET
                                             QUERY PLAN                                             
----------------------------------------------------------------------------------------------------
 Index Scan Backward using idx on public.t (actual rows=512.00 loops=1)
   Output: a, b
   Index Cond: ((t.a >= 10487) AND (t.a <= 10518))
   Index Searches: 1
   Prefetch: distance=2.429 count=7 stalls=105 skipped=35 resets=0 ungets=0 forwarded=0
             histogram [2,4) => 6, [4,8) => 1
   Buffers: shared hit=360 read=34
 Settings: enable_bitmapscan = 'off', enable_seqscan = 'off', max_parallel_workers_per_gather = '0'
 Planning:
   Buffers: shared hit=78 read=22
 Planning Time: 5.689 ms
 Execution Time: 3.780 ms
(12 rows)

SET
SET
SET
SET
SET
                                             QUERY PLAN                                             
----------------------------------------------------------------------------------------------------
 Index Scan Backward using idx on public.t (actual rows=512.00 loops=1)
   Output: a, b
   Index Cond: ((t.a >= 10487) AND (t.a <= 10518))
   Index Searches: 1
   Buffers: shared hit=394
 Settings: enable_bitmapscan = 'off', enable_seqscan = 'off', max_parallel_workers_per_gather = '0'
 Planning:
   Buffers: shared hit=105
 Planning Time: 0.319 ms
 Execution Time: 0.226 ms
(10 rows)

