SET
SET
SET
SET
SET
                                             QUERY PLAN                                             
----------------------------------------------------------------------------------------------------
 Index Scan Backward using idx on public.t (actual rows=2048.00 loops=1)
   Output: a, b
   Index Cond: ((t.a >= '-18342'::integer) AND (t.a <= '-16295'::integer))
   Index Searches: 1
   Prefetch: distance=2.086 count=70 stalls=1817 skipped=120 resets=0 ungets=0 forwarded=0
             histogram [2,4) => 68, [4,8) => 2
   Buffers: shared hit=1881 read=56
 Settings: enable_bitmapscan = 'off', enable_seqscan = 'off', max_parallel_workers_per_gather = '0'
 Planning:
   Buffers: shared hit=82 read=26
 Planning Time: 6.169 ms
 Execution Time: 6.842 ms
(12 rows)

SET
SET
SET
SET
SET
                                             QUERY PLAN                                             
----------------------------------------------------------------------------------------------------
 Index Scan Backward using idx on public.t (actual rows=2048.00 loops=1)
   Output: a, b
   Index Cond: ((t.a >= '-18342'::integer) AND (t.a <= '-16295'::integer))
   Index Searches: 1
   Buffers: shared hit=1937
 Settings: enable_bitmapscan = 'off', enable_seqscan = 'off', max_parallel_workers_per_gather = '0'
 Planning:
   Buffers: shared hit=113
 Planning Time: 0.335 ms
 Execution Time: 0.613 ms
(10 rows)

