SET
SET
SET
SET
SET
                                             QUERY PLAN                                             
----------------------------------------------------------------------------------------------------
 Index Scan Backward using idx on public.t (actual rows=2048.00 loops=1)
   Output: a, b
   Index Cond: ((t.a >= 12157) AND (t.a <= 12284))
   Index Searches: 1
   Prefetch: distance=2.143 count=42 stalls=1217 skipped=425 resets=0 ungets=0 forwarded=0
             histogram [2,4) => 40, [4,8) => 2
   Buffers: shared hit=1475 read=56
 Settings: enable_bitmapscan = 'off', enable_seqscan = 'off', max_parallel_workers_per_gather = '0'
 Planning:
   Buffers: shared hit=78 read=22
 Planning Time: 5.874 ms
 Execution Time: 4.916 ms
(12 rows)

SET
SET
SET
SET
SET
                                             QUERY PLAN                                             
----------------------------------------------------------------------------------------------------
 Index Scan Backward using idx on public.t (actual rows=2048.00 loops=1)
   Output: a, b
   Index Cond: ((t.a >= 12157) AND (t.a <= 12284))
   Index Searches: 1
   Buffers: shared hit=1531
 Settings: enable_bitmapscan = 'off', enable_seqscan = 'off', max_parallel_workers_per_gather = '0'
 Planning:
   Buffers: shared hit=105
 Planning Time: 0.396 ms
 Execution Time: 0.805 ms
(10 rows)

