SET
SET
SET
SET
SET
                                             QUERY PLAN                                             
----------------------------------------------------------------------------------------------------
 Index Scan Backward using idx on public.t (actual rows=4096.00 loops=1)
   Output: a, b
   Index Cond: ((t.a >= 1853) AND (t.a <= 2108))
   Index Searches: 1
   Prefetch: distance=2.032 count=95 stalls=2830 skipped=1010 resets=0 ungets=0 forwarded=0
             histogram [2,4) => 94, [4,8) => 1
   Buffers: shared hit=2978 read=83
 Settings: enable_bitmapscan = 'off', enable_seqscan = 'off', max_parallel_workers_per_gather = '0'
 Planning:
   Buffers: shared hit=82 read=26
 Planning Time: 6.118 ms
 Execution Time: 6.687 ms
(12 rows)

SET
SET
SET
SET
SET
                                             QUERY PLAN                                             
----------------------------------------------------------------------------------------------------
 Index Scan Backward using idx on public.t (actual rows=4096.00 loops=1)
   Output: a, b
   Index Cond: ((t.a >= 1853) AND (t.a <= 2108))
   Index Searches: 1
   Buffers: shared hit=3061
 Settings: enable_bitmapscan = 'off', enable_seqscan = 'off', max_parallel_workers_per_gather = '0'
 Planning:
   Buffers: shared hit=113
 Planning Time: 0.525 ms
 Execution Time: 1.547 ms
(10 rows)

