SET
SET
SET
SET
SET
                                             QUERY PLAN                                             
----------------------------------------------------------------------------------------------------
 Index Scan using idx on public.t (actual rows=4096.00 loops=1)
   Output: a, b
   Index Cond: ((t.a >= 3767) AND (t.a <= 4022))
   Index Searches: 1
   Prefetch: distance=2.042 count=95 stalls=2840 skipped=1027 resets=0 ungets=0 forwarded=0
             histogram [2,4) => 93, [4,8) => 2
   Buffers: shared hit=2963 read=84
 Settings: enable_bitmapscan = 'off', enable_seqscan = 'off', max_parallel_workers_per_gather = '0'
 Planning:
   Buffers: shared hit=82 read=27
 Planning Time: 6.269 ms
 Execution Time: 4.860 ms
(12 rows)

SET
SET
SET
SET
SET
                                             QUERY PLAN                                             
----------------------------------------------------------------------------------------------------
 Index Scan using idx on public.t (actual rows=4096.00 loops=1)
   Output: a, b
   Index Cond: ((t.a >= 3767) AND (t.a <= 4022))
   Index Searches: 1
   Buffers: shared hit=3047
 Settings: enable_bitmapscan = 'off', enable_seqscan = 'off', max_parallel_workers_per_gather = '0'
 Planning:
   Buffers: shared hit=114
 Planning Time: 0.454 ms
 Execution Time: 1.059 ms
(10 rows)

