SET
SET
SET
SET
SET
                                             QUERY PLAN                                             
----------------------------------------------------------------------------------------------------
 Index Scan Backward using idx on public.t (actual rows=1024.00 loops=1)
   Output: a, b
   Index Cond: ((t.a >= '-21291'::integer) AND (t.a <= '-20268'::integer))
   Index Searches: 1
   Prefetch: distance=2.000 count=28 stalls=876 skipped=58 resets=0 ungets=0 forwarded=0
             histogram [2,4) => 28
   Buffers: shared hit=933 read=37
 Settings: enable_bitmapscan = 'off', enable_seqscan = 'off', max_parallel_workers_per_gather = '0'
 Planning:
   Buffers: shared hit=82 read=26
 Planning Time: 6.148 ms
 Execution Time: 4.596 ms
(12 rows)

SET
SET
SET
SET
SET
                                             QUERY PLAN                                             
----------------------------------------------------------------------------------------------------
 Index Scan Backward using idx on public.t (actual rows=1024.00 loops=1)
   Output: a, b
   Index Cond: ((t.a >= '-21291'::integer) AND (t.a <= '-20268'::integer))
   Index Searches: 1
   Buffers: shared hit=970
 Settings: enable_bitmapscan = 'off', enable_seqscan = 'off', max_parallel_workers_per_gather = '0'
 Planning:
   Buffers: shared hit=113
 Planning Time: 0.462 ms
 Execution Time: 0.354 ms
(10 rows)

