SET
SET
SET
SET
SET
                                             QUERY PLAN                                             
----------------------------------------------------------------------------------------------------
 Index Scan Backward using idx on public.t (actual rows=4096.00 loops=1)
   Output: a, b
   Index Cond: ((t.a >= '-11374'::integer) AND (t.a <= '-7279'::integer))
   Index Searches: 1
   Prefetch: distance=2.044 count=136 stalls=3680 skipped=253 resets=0 ungets=0 forwarded=0
             histogram [2,4) => 134, [4,8) => 2
   Buffers: shared hit=3764 read=94
 Settings: enable_bitmapscan = 'off', enable_seqscan = 'off', max_parallel_workers_per_gather = '0'
 Planning:
   Buffers: shared hit=82 read=26
 Planning Time: 5.973 ms
 Execution Time: 10.613 ms
(12 rows)

SET
SET
SET
SET
SET
                                             QUERY PLAN                                             
----------------------------------------------------------------------------------------------------
 Index Scan Backward using idx on public.t (actual rows=4096.00 loops=1)
   Output: a, b
   Index Cond: ((t.a >= '-11374'::integer) AND (t.a <= '-7279'::integer))
   Index Searches: 1
   Buffers: shared hit=3858
 Settings: enable_bitmapscan = 'off', enable_seqscan = 'off', max_parallel_workers_per_gather = '0'
 Planning:
   Buffers: shared hit=113
 Planning Time: 0.376 ms
 Execution Time: 1.169 ms
(10 rows)

