SET
SET
SET
SET
SET
                                             QUERY PLAN                                             
----------------------------------------------------------------------------------------------------
 Index Scan using idx on public.t (actual rows=4096.00 loops=1)
   Output: a, b
   Index Cond: ((t.a >= '-33360'::integer) AND (t.a <= '-29265'::integer))
   Index Searches: 1
   Prefetch: distance=2.463 count=149 stalls=3663 skipped=269 resets=0 ungets=0 forwarded=1
             histogram [2,4) => 130, [4,8) => 17, [8,16) => 2
   Buffers: shared hit=3751 read=93
 Settings: enable_bitmapscan = 'off', enable_seqscan = 'off', max_parallel_workers_per_gather = '0'
 Planning:
   Buffers: shared hit=86 read=26
 Planning Time: 6.109 ms
 Execution Time: 5.552 ms
(12 rows)

SET
SET
SET
SET
SET
                                             QUERY PLAN                                             
----------------------------------------------------------------------------------------------------
 Index Scan using idx on public.t (actual rows=4096.00 loops=1)
   Output: a, b
   Index Cond: ((t.a >= '-33360'::integer) AND (t.a <= '-29265'::integer))
   Index Searches: 1
   Buffers: shared hit=3844
 Settings: enable_bitmapscan = 'off', enable_seqscan = 'off', max_parallel_workers_per_gather = '0'
 Planning:
   Buffers: shared hit=117
 Planning Time: 0.352 ms
 Execution Time: 1.147 ms
(10 rows)

