SET
SET
SET
SET
SET
                                             QUERY PLAN                                             
----------------------------------------------------------------------------------------------------
 Index Scan using idx on public.t (actual rows=2048.00 loops=1)
   Output: a, b
   Index Cond: ((t.a >= '-14035'::integer) AND (t.a <= '-11988'::integer))
   Index Searches: 1
   Prefetch: distance=2.000 count=62 stalls=1784 skipped=111 resets=0 ungets=0 forwarded=0
             histogram [2,4) => 62
   Buffers: shared hit=1882 read=56
 Settings: enable_bitmapscan = 'off', enable_seqscan = 'off', max_parallel_workers_per_gather = '0'
 Planning:
   Buffers: shared hit=86 read=26
 Planning Time: 6.238 ms
 Execution Time: 3.653 ms
(12 rows)

SET
SET
SET
SET
SET
                                             QUERY PLAN                                             
----------------------------------------------------------------------------------------------------
 Index Scan using idx on public.t (actual rows=2048.00 loops=1)
   Output: a, b
   Index Cond: ((t.a >= '-14035'::integer) AND (t.a <= '-11988'::integer))
   Index Searches: 1
   Buffers: shared hit=1938
 Settings: enable_bitmapscan = 'off', enable_seqscan = 'off', max_parallel_workers_per_gather = '0'
 Planning:
   Buffers: shared hit=117
 Planning Time: 0.375 ms
 Execution Time: 0.623 ms
(10 rows)

