SET
SET
SET
SET
SET
                                                                     QUERY PLAN                                                                     
----------------------------------------------------------------------------------------------------------------------------------------------------
 Index Scan using idx on public.t (actual rows=1048576.00 loops=1)
   Output: a, b
   Index Cond: ((t.a >= '-1052960'::integer) AND (t.a <= '-4385'::integer))
   Index Searches: 1
   Prefetch: distance=259.823 count=1068238 stalls=2 skipped=61578 resets=0 ungets=81249 forwarded=2342
             histogram [2,4) => 4, [4,8) => 9, [8,16) => 11, [16,32) => 26, [32,64) => 36, [64,128) => 59, [128,256) => 271114, [256,512) => 796979
   Buffers: shared hit=970436 read=19267
 Settings: enable_bitmapscan = 'off', enable_seqscan = 'off', max_parallel_workers_per_gather = '0'
 Planning:
   Buffers: shared hit=82 read=26
 Planning Time: 5.988 ms
 Execution Time: 610.788 ms
(12 rows)

SET
SET
SET
SET
SET
                                             QUERY PLAN                                             
----------------------------------------------------------------------------------------------------
 Index Scan using idx on public.t (actual rows=1048576.00 loops=1)
   Output: a, b
   Index Cond: ((t.a >= '-1052960'::integer) AND (t.a <= '-4385'::integer))
   Index Searches: 1
   Buffers: shared hit=989867
 Settings: enable_bitmapscan = 'off', enable_seqscan = 'off', max_parallel_workers_per_gather = '0'
 Planning:
   Buffers: shared hit=113
 Planning Time: 0.509 ms
 Execution Time: 368.017 ms
(10 rows)

