SET
SET
SET
SET
SET
                                             QUERY PLAN                                             
----------------------------------------------------------------------------------------------------
 Index Scan using idx on public.t (actual rows=4096.00 loops=1)
   Output: a, b
   Index Cond: ((t.a >= '-30862'::integer) AND (t.a <= '-26767'::integer))
   Index Searches: 1
   Prefetch: distance=2.025 count=119 stalls=3430 skipped=230 resets=0 ungets=0 forwarded=0
             histogram [2,4) => 118, [4,8) => 1
   Buffers: shared hit=3775 read=92
 Settings: enable_bitmapscan = 'off', enable_seqscan = 'off', max_parallel_workers_per_gather = '0'
 Planning:
   Buffers: shared hit=86 read=26
 Planning Time: 6.193 ms
 Execution Time: 4.706 ms
(12 rows)

SET
SET
SET
SET
SET
                                             QUERY PLAN                                             
----------------------------------------------------------------------------------------------------
 Index Scan using idx on public.t (actual rows=4096.00 loops=1)
   Output: a, b
   Index Cond: ((t.a >= '-30862'::integer) AND (t.a <= '-26767'::integer))
   Index Searches: 1
   Buffers: shared hit=3867
 Settings: enable_bitmapscan = 'off', enable_seqscan = 'off', max_parallel_workers_per_gather = '0'
 Planning:
   Buffers: shared hit=117
 Planning Time: 0.340 ms
 Execution Time: 1.135 ms
(10 rows)

