SET
SET
SET
SET
SET
                                             QUERY PLAN                                             
----------------------------------------------------------------------------------------------------
 Index Scan using idx on public.t (actual rows=2048.00 loops=1)
   Output: a, b
   Index Cond: ((t.a >= '-10460'::integer) AND (t.a <= '-8413'::integer))
   Index Searches: 1
   Prefetch: distance=3.862 count=109 stalls=1804 skipped=130 resets=0 ungets=0 forwarded=0
             histogram [2,4) => 76, [4,8) => 14, [8,16) => 19
   Buffers: shared hit=1874 read=56
 Settings: enable_bitmapscan = 'off', enable_seqscan = 'off', max_parallel_workers_per_gather = '0'
 Planning:
   Buffers: shared hit=86 read=26
 Planning Time: 5.793 ms
 Execution Time: 3.759 ms
(12 rows)

SET
SET
SET
SET
SET
                                             QUERY PLAN                                             
----------------------------------------------------------------------------------------------------
 Index Scan using idx on public.t (actual rows=2048.00 loops=1)
   Output: a, b
   Index Cond: ((t.a >= '-10460'::integer) AND (t.a <= '-8413'::integer))
   Index Searches: 1
   Buffers: shared hit=1930
 Settings: enable_bitmapscan = 'off', enable_seqscan = 'off', max_parallel_workers_per_gather = '0'
 Planning:
   Buffers: shared hit=117
 Planning Time: 0.356 ms
 Execution Time: 0.614 ms
(10 rows)

