SET
SET
SET
SET
SET
                                             QUERY PLAN                                             
----------------------------------------------------------------------------------------------------
 Index Scan using idx on public.t (actual rows=4096.00 loops=1)
   Output: a, b
   Index Cond: ((t.a >= '-27800'::integer) AND (t.a <= '-23705'::integer))
   Index Searches: 1
   Prefetch: distance=2.032 count=125 stalls=3659 skipped=227 resets=0 ungets=0 forwarded=0
             histogram [2,4) => 124, [4,8) => 1
   Buffers: shared hit=3792 read=92
 Settings: enable_bitmapscan = 'off', enable_seqscan = 'off', max_parallel_workers_per_gather = '0'
 Planning:
   Buffers: shared hit=86 read=26
 Planning Time: 5.938 ms
 Execution Time: 5.186 ms
(12 rows)

SET
SET
SET
SET
SET
                                             QUERY PLAN                                             
----------------------------------------------------------------------------------------------------
 Index Scan using idx on public.t (actual rows=4096.00 loops=1)
   Output: a, b
   Index Cond: ((t.a >= '-27800'::integer) AND (t.a <= '-23705'::integer))
   Index Searches: 1
   Buffers: shared hit=3884
 Settings: enable_bitmapscan = 'off', enable_seqscan = 'off', max_parallel_workers_per_gather = '0'
 Planning:
   Buffers: shared hit=117
 Planning Time: 0.364 ms
 Execution Time: 1.276 ms
(10 rows)

