SET
SET
SET
SET
SET
                                             QUERY PLAN                                             
----------------------------------------------------------------------------------------------------
 Index Scan using idx on public.t (actual rows=1024.00 loops=1)
   Output: a, b
   Index Cond: ((t.a >= '-21359'::integer) AND (t.a <= '-20336'::integer))
   Index Searches: 1
   Prefetch: distance=2.097 count=31 stalls=776 skipped=56 resets=0 ungets=0 forwarded=0
             histogram [2,4) => 30, [4,8) => 1
   Buffers: shared hit=930 read=37
 Settings: enable_bitmapscan = 'off', enable_seqscan = 'off', max_parallel_workers_per_gather = '0'
 Planning:
   Buffers: shared hit=86 read=26
 Planning Time: 6.288 ms
 Execution Time: 3.571 ms
(12 rows)

SET
SET
SET
SET
SET
                                             QUERY PLAN                                             
----------------------------------------------------------------------------------------------------
 Index Scan using idx on public.t (actual rows=1024.00 loops=1)
   Output: a, b
   Index Cond: ((t.a >= '-21359'::integer) AND (t.a <= '-20336'::integer))
   Index Searches: 1
   Buffers: shared hit=967
 Settings: enable_bitmapscan = 'off', enable_seqscan = 'off', max_parallel_workers_per_gather = '0'
 Planning:
   Buffers: shared hit=117
 Planning Time: 0.444 ms
 Execution Time: 0.377 ms
(10 rows)

