SET
SET
SET
SET
SET
                                             QUERY PLAN                                             
----------------------------------------------------------------------------------------------------
 Index Scan using idx on public.t (actual rows=1024.00 loops=1)
   Output: a, b
   Index Cond: ((t.a >= '-20191'::integer) AND (t.a <= '-19168'::integer))
   Index Searches: 1
   Prefetch: distance=2.000 count=23 stalls=713 skipped=58 resets=0 ungets=0 forwarded=0
             histogram [2,4) => 23
   Buffers: shared hit=926 read=35
 Settings: enable_bitmapscan = 'off', enable_seqscan = 'off', max_parallel_workers_per_gather = '0'
 Planning:
   Buffers: shared hit=86 read=26
 Planning Time: 6.099 ms
 Execution Time: 3.436 ms
(12 rows)

SET
SET
SET
SET
SET
                                             QUERY PLAN                                             
----------------------------------------------------------------------------------------------------
 Index Scan using idx on public.t (actual rows=1024.00 loops=1)
   Output: a, b
   Index Cond: ((t.a >= '-20191'::integer) AND (t.a <= '-19168'::integer))
   Index Searches: 1
   Buffers: shared hit=961
 Settings: enable_bitmapscan = 'off', enable_seqscan = 'off', max_parallel_workers_per_gather = '0'
 Planning:
   Buffers: shared hit=117
 Planning Time: 0.423 ms
 Execution Time: 0.343 ms
(10 rows)

