SET
SET
SET
SET
SET
                                                        QUERY PLAN                                                        
--------------------------------------------------------------------------------------------------------------------------
 Index Scan using idx on public.t (actual rows=128.00 loops=1)
   Output: a, b
   Index Cond: ((t.a >= '-14396'::integer) AND (t.a <= '-14269'::integer))
   Index Searches: 1
   Prefetch: distance=62.521 count=117 stalls=1 skipped=5 resets=0 ungets=0 forwarded=1
             histogram [2,4) => 2, [4,8) => 8, [8,16) => 7, [16,32) => 16, [32,64) => 35, [64,128) => 37, [128,256) => 12
   Buffers: shared hit=108 read=21
 Settings: enable_bitmapscan = 'off', enable_seqscan = 'off', max_parallel_workers_per_gather = '0'
 Planning:
   Buffers: shared hit=86 read=26
 Planning Time: 5.996 ms
 Execution Time: 2.302 ms
(12 rows)

SET
SET
SET
SET
SET
                                             QUERY PLAN                                             
----------------------------------------------------------------------------------------------------
 Index Scan using idx on public.t (actual rows=128.00 loops=1)
   Output: a, b
   Index Cond: ((t.a >= '-14396'::integer) AND (t.a <= '-14269'::integer))
   Index Searches: 1
   Buffers: shared hit=129
 Settings: enable_bitmapscan = 'off', enable_seqscan = 'off', max_parallel_workers_per_gather = '0'
 Planning:
   Buffers: shared hit=117
 Planning Time: 0.359 ms
 Execution Time: 0.114 ms
(10 rows)

