SET
SET
SET
SET
SET
                                                                QUERY PLAN                                                                
------------------------------------------------------------------------------------------------------------------------------------------
 Index Scan using idx on public.t (actual rows=32768.00 loops=1)
   Output: a, b
   Index Cond: ((t.a >= 18976) AND (t.a <= 21023))
   Index Searches: 1
   Prefetch: distance=267.622 count=2831 stalls=1 skipped=30392 resets=0 ungets=647 forwarded=16
             histogram [2,4) => 2, [4,8) => 6, [8,16) => 10, [16,32) => 5, [32,64) => 2, [64,128) => 2, [128,256) => 9, [256,512) => 2795
   Buffers: shared hit=1528 read=764
 Settings: enable_bitmapscan = 'off', enable_seqscan = 'off', max_parallel_workers_per_gather = '0'
 Planning:
   Buffers: shared hit=78 read=23
 Planning Time: 5.954 ms
 Execution Time: 16.093 ms
(12 rows)

SET
SET
SET
SET
SET
                                             QUERY PLAN                                             
----------------------------------------------------------------------------------------------------
 Index Scan using idx on public.t (actual rows=32768.00 loops=1)
   Output: a, b
   Index Cond: ((t.a >= 18976) AND (t.a <= 21023))
   Index Searches: 1
   Buffers: shared hit=2292
 Settings: enable_bitmapscan = 'off', enable_seqscan = 'off', max_parallel_workers_per_gather = '0'
 Planning:
   Buffers: shared hit=106
 Planning Time: 0.426 ms
 Execution Time: 4.568 ms
(10 rows)

