SET
SET
SET
SET
SET
                                                               QUERY PLAN                                                                
-----------------------------------------------------------------------------------------------------------------------------------------
 Index Scan using idx on public.t (actual rows=4096.00 loops=1)
   Output: a, b
   Index Cond: ((t.a >= 634) AND (t.a <= 889))
   Index Searches: 1
   Prefetch: distance=253.240 count=420 stalls=1 skipped=3705 resets=0 ungets=157 forwarded=3
             histogram [2,4) => 2, [4,8) => 3, [8,16) => 8, [16,32) => 14, [32,64) => 2, [64,128) => 2, [128,256) => 2, [256,512) => 387
   Buffers: shared hit=87 read=202
 Settings: enable_bitmapscan = 'off', enable_seqscan = 'off', max_parallel_workers_per_gather = '0'
 Planning:
   Buffers: shared hit=82 read=27
 Planning Time: 6.026 ms
 Execution Time: 5.637 ms
(12 rows)

SET
SET
SET
SET
SET
                                             QUERY PLAN                                             
----------------------------------------------------------------------------------------------------
 Index Scan using idx on public.t (actual rows=4096.00 loops=1)
   Output: a, b
   Index Cond: ((t.a >= 634) AND (t.a <= 889))
   Index Searches: 1
   Buffers: shared hit=289
 Settings: enable_bitmapscan = 'off', enable_seqscan = 'off', max_parallel_workers_per_gather = '0'
 Planning:
   Buffers: shared hit=114
 Planning Time: 0.491 ms
 Execution Time: 1.319 ms
(10 rows)

