SET
SET
SET
SET
SET
                                                               QUERY PLAN                                                               
----------------------------------------------------------------------------------------------------------------------------------------
 Index Scan using idx on public.t (actual rows=1024.00 loops=1)
   Output: a, b
   Index Cond: ((t.a >= 12314) AND (t.a <= 12377))
   Index Searches: 1
   Prefetch: distance=160.859 count=71 stalls=1 skipped=701 resets=0 ungets=20 forwarded=0
             histogram [2,4) => 2, [4,8) => 4, [8,16) => 9, [16,32) => 12, [32,64) => 2, [64,128) => 2, [128,256) => 2, [256,512) => 38
   Buffers: shared hit=9 read=70
 Settings: enable_bitmapscan = 'off', enable_seqscan = 'off', max_parallel_workers_per_gather = '0'
 Planning:
   Buffers: shared hit=78 read=23
 Planning Time: 6.051 ms
 Execution Time: 4.816 ms
(12 rows)

SET
SET
SET
SET
SET
                                             QUERY PLAN                                             
----------------------------------------------------------------------------------------------------
 Index Scan using idx on public.t (actual rows=1024.00 loops=1)
   Output: a, b
   Index Cond: ((t.a >= 12314) AND (t.a <= 12377))
   Index Searches: 1
   Buffers: shared hit=79
 Settings: enable_bitmapscan = 'off', enable_seqscan = 'off', max_parallel_workers_per_gather = '0'
 Planning:
   Buffers: shared hit=106
 Planning Time: 0.336 ms
 Execution Time: 0.296 ms
(10 rows)

