SET
SET
SET
SET
SET
                                                                  QUERY PLAN                                                                   
-----------------------------------------------------------------------------------------------------------------------------------------------
 Index Scan using idx on public.t (actual rows=7048576.00 loops=1)
   Output: a, b
   Index Cond: ((t.a >= 31814) AND (t.a <= 472349))
   Index Searches: 1
   Prefetch: distance=269.489 count=579122 stalls=1 skipped=6581691 resets=0 ungets=112349 forwarded=2622
             histogram [2,4) => 2, [4,8) => 6, [8,16) => 8, [16,32) => 11, [32,64) => 2, [64,128) => 2, [128,256) => 4110, [256,512) => 574981
   Buffers: shared hit=356447 read=129549
 Settings: enable_bitmapscan = 'off', enable_seqscan = 'off', max_parallel_workers_per_gather = '0'
 Planning:
   Buffers: shared hit=78 read=23
 Planning Time: 6.064 ms
 Execution Time: 2127.942 ms
(12 rows)

SET
SET
SET
SET
SET
                                             QUERY PLAN                                             
----------------------------------------------------------------------------------------------------
 Index Scan using idx on public.t (actual rows=7048576.00 loops=1)
   Output: a, b
   Index Cond: ((t.a >= 31814) AND (t.a <= 472349))
   Index Searches: 1
   Buffers: shared hit=486046
 Settings: enable_bitmapscan = 'off', enable_seqscan = 'off', max_parallel_workers_per_gather = '0'
 Planning:
   Buffers: shared hit=106
 Planning Time: 0.438 ms
 Execution Time: 1287.800 ms
(10 rows)

