SET
SET
SET
SET
SET
                                                                 QUERY PLAN                                                                  
---------------------------------------------------------------------------------------------------------------------------------------------
 Index Scan using idx on public.t (actual rows=1048576.00 loops=1)
   Output: a, b
   Index Cond: ((t.a >= 3021) AND (t.a <= 68556))
   Index Searches: 1
   Prefetch: distance=269.417 count=86326 stalls=1 skipped=978711 resets=0 ungets=16829 forwarded=402
             histogram [2,4) => 2, [4,8) => 4, [8,16) => 11, [16,32) => 6, [32,64) => 2, [64,128) => 3, [128,256) => 645, [256,512) => 85653
   Buffers: shared hit=52972 read=19411
 Settings: enable_bitmapscan = 'off', enable_seqscan = 'off', max_parallel_workers_per_gather = '0'
 Planning:
   Buffers: shared hit=78 read=27
 Planning Time: 6.442 ms
 Execution Time: 317.548 ms
(12 rows)

SET
SET
SET
SET
SET
                                             QUERY PLAN                                             
----------------------------------------------------------------------------------------------------
 Index Scan using idx on public.t (actual rows=1048576.00 loops=1)
   Output: a, b
   Index Cond: ((t.a >= 3021) AND (t.a <= 68556))
   Index Searches: 1
   Buffers: shared hit=72390
 Settings: enable_bitmapscan = 'off', enable_seqscan = 'off', max_parallel_workers_per_gather = '0'
 Planning:
   Buffers: shared hit=110
 Planning Time: 0.430 ms
 Execution Time: 193.987 ms
(10 rows)

