SET
SET
SET
SET
SET
                                                                  QUERY PLAN                                                                   
-----------------------------------------------------------------------------------------------------------------------------------------------
 Index Scan using idx on public.t (actual rows=6048576.00 loops=1)
   Output: a, b
   Index Cond: ((t.a >= 20648) AND (t.a <= 398683))
   Index Searches: 1
   Prefetch: distance=269.478 count=496920 stalls=1 skipped=5647784 resets=0 ungets=96288 forwarded=2244
             histogram [2,4) => 2, [4,8) => 7, [8,16) => 5, [16,32) => 11, [32,64) => 4, [64,128) => 2, [128,256) => 3525, [256,512) => 493364
   Buffers: shared hit=305942 read=111200
 Settings: enable_bitmapscan = 'off', enable_seqscan = 'off', max_parallel_workers_per_gather = '0'
 Planning:
   Buffers: shared hit=78 read=23
 Planning Time: 6.187 ms
 Execution Time: 1880.379 ms
(12 rows)

SET
SET
SET
SET
SET
                                             QUERY PLAN                                             
----------------------------------------------------------------------------------------------------
 Index Scan using idx on public.t (actual rows=6048576.00 loops=1)
   Output: a, b
   Index Cond: ((t.a >= 20648) AND (t.a <= 398683))
   Index Searches: 1
   Buffers: shared hit=417175
 Settings: enable_bitmapscan = 'off', enable_seqscan = 'off', max_parallel_workers_per_gather = '0'
 Planning:
   Buffers: shared hit=106
 Planning Time: 0.423 ms
 Execution Time: 1112.092 ms
(10 rows)

