SET
SET
SET
SET
SET
                                             QUERY PLAN                                             
----------------------------------------------------------------------------------------------------
 Index Scan using idx on public.t (actual rows=1024.00 loops=1)
   Output: a, b
   Index Cond: ((t.a >= 24027) AND (t.a <= 24090))
   Index Searches: 1
   Prefetch: distance=2.000 count=16 stalls=560 skipped=189 resets=0 ungets=0 forwarded=0
             histogram [2,4) => 16
   Buffers: shared hit=736 read=42
 Settings: enable_bitmapscan = 'off', enable_seqscan = 'off', max_parallel_workers_per_gather = '0'
 Planning:
   Buffers: shared hit=82 read=22
 Planning Time: 5.527 ms
 Execution Time: 3.450 ms
(12 rows)

SET
SET
SET
SET
SET
                                             QUERY PLAN                                             
----------------------------------------------------------------------------------------------------
 Index Scan using idx on public.t (actual rows=1024.00 loops=1)
   Output: a, b
   Index Cond: ((t.a >= 24027) AND (t.a <= 24090))
   Index Searches: 1
   Buffers: shared hit=778
 Settings: enable_bitmapscan = 'off', enable_seqscan = 'off', max_parallel_workers_per_gather = '0'
 Planning:
   Buffers: shared hit=109
 Planning Time: 0.332 ms
 Execution Time: 0.415 ms
(10 rows)

