SET
SET
SET
SET
SET
                                                               QUERY PLAN                                                                
-----------------------------------------------------------------------------------------------------------------------------------------
 Index Scan using idx on public.t (actual rows=8192.00 loops=1)
   Output: a, b
   Index Cond: ((t.a >= 25503) AND (t.a <= 26014))
   Index Searches: 1
   Prefetch: distance=261.890 count=802 stalls=1 skipped=7590 resets=0 ungets=264 forwarded=8
             histogram [2,4) => 2, [4,8) => 6, [8,16) => 7, [16,32) => 10, [32,64) => 2, [64,128) => 2, [128,256) => 2, [256,512) => 771
   Buffers: shared hit=263 read=308
 Settings: enable_bitmapscan = 'off', enable_seqscan = 'off', max_parallel_workers_per_gather = '0'
 Planning:
   Buffers: shared hit=78 read=23
 Planning Time: 6.005 ms
 Execution Time: 7.075 ms
(12 rows)

SET
SET
SET
SET
SET
                                             QUERY PLAN                                             
----------------------------------------------------------------------------------------------------
 Index Scan using idx on public.t (actual rows=8192.00 loops=1)
   Output: a, b
   Index Cond: ((t.a >= 25503) AND (t.a <= 26014))
   Index Searches: 1
   Buffers: shared hit=571
 Settings: enable_bitmapscan = 'off', enable_seqscan = 'off', max_parallel_workers_per_gather = '0'
 Planning:
   Buffers: shared hit=106
 Planning Time: 0.396 ms
 Execution Time: 1.342 ms
(10 rows)

