SET
SET
SET
SET
SET
                                                                QUERY PLAN                                                                 
-------------------------------------------------------------------------------------------------------------------------------------------
 Index Scan using idx on public.t (actual rows=32768.00 loops=1)
   Output: a, b
   Index Cond: ((t.a >= 21680) AND (t.a <= 23727))
   Index Searches: 1
   Prefetch: distance=267.284 count=2842 stalls=1 skipped=30473 resets=0 ungets=659 forwarded=23
             histogram [2,4) => 4, [4,8) => 4, [8,16) => 5, [16,32) => 13, [32,64) => 3, [64,128) => 2, [128,256) => 20, [256,512) => 2791
   Buffers: shared hit=1520 read=766
 Settings: enable_bitmapscan = 'off', enable_seqscan = 'off', max_parallel_workers_per_gather = '0'
 Planning:
   Buffers: shared hit=78 read=23
 Planning Time: 6.219 ms
 Execution Time: 16.592 ms
(12 rows)

SET
SET
SET
SET
SET
                                             QUERY PLAN                                             
----------------------------------------------------------------------------------------------------
 Index Scan using idx on public.t (actual rows=32768.00 loops=1)
   Output: a, b
   Index Cond: ((t.a >= 21680) AND (t.a <= 23727))
   Index Searches: 1
   Buffers: shared hit=2286
 Settings: enable_bitmapscan = 'off', enable_seqscan = 'off', max_parallel_workers_per_gather = '0'
 Planning:
   Buffers: shared hit=106
 Planning Time: 0.329 ms
 Execution Time: 4.604 ms
(10 rows)

