SET
SET
SET
SET
SET
                                                                QUERY PLAN                                                                 
-------------------------------------------------------------------------------------------------------------------------------------------
 Index Scan using idx on public.t (actual rows=131072.00 loops=1)
   Output: a, b
   Index Cond: ((t.a >= 11991) AND (t.a <= 20182))
   Index Searches: 1
   Prefetch: distance=268.994 count=10845 stalls=1 skipped=122097 resets=0 ungets=2190 forwarded=43
             histogram [2,4) => 2, [4,8) => 4, [8,16) => 6, [16,32) => 9, [32,64) => 3, [64,128) => 3, [128,256) => 61, [256,512) => 10757
   Buffers: shared hit=6477 read=2562
 Settings: enable_bitmapscan = 'off', enable_seqscan = 'off', max_parallel_workers_per_gather = '0'
 Planning:
   Buffers: shared hit=78 read=23
 Planning Time: 6.404 ms
 Execution Time: 46.820 ms
(12 rows)

SET
SET
SET
SET
SET
                                             QUERY PLAN                                             
----------------------------------------------------------------------------------------------------
 Index Scan using idx on public.t (actual rows=131072.00 loops=1)
   Output: a, b
   Index Cond: ((t.a >= 11991) AND (t.a <= 20182))
   Index Searches: 1
   Buffers: shared hit=9039
 Settings: enable_bitmapscan = 'off', enable_seqscan = 'off', max_parallel_workers_per_gather = '0'
 Planning:
   Buffers: shared hit=106
 Planning Time: 0.355 ms
 Execution Time: 18.301 ms
(10 rows)

