SET
SET
SET
SET
SET
                                                                  QUERY PLAN                                                                   
-----------------------------------------------------------------------------------------------------------------------------------------------
 Index Scan using idx on public.t (actual rows=5048576.00 loops=1)
   Output: a, b
   Index Cond: ((t.a >= 18164) AND (t.a <= 333699))
   Index Searches: 1
   Prefetch: distance=269.473 count=414838 stalls=1 skipped=4713771 resets=0 ungets=80400 forwarded=1887
             histogram [2,4) => 2, [4,8) => 3, [8,16) => 12, [16,32) => 8, [32,64) => 3, [64,128) => 2, [128,256) => 3014, [256,512) => 411794
   Buffers: shared hit=255392 read=92834
 Settings: enable_bitmapscan = 'off', enable_seqscan = 'off', max_parallel_workers_per_gather = '0'
 Planning:
   Buffers: shared hit=78 read=23
 Planning Time: 6.359 ms
 Execution Time: 1556.484 ms
(12 rows)

SET
SET
SET
SET
SET
                                             QUERY PLAN                                             
----------------------------------------------------------------------------------------------------
 Index Scan using idx on public.t (actual rows=5048576.00 loops=1)
   Output: a, b
   Index Cond: ((t.a >= 18164) AND (t.a <= 333699))
   Index Searches: 1
   Buffers: shared hit=348261
 Settings: enable_bitmapscan = 'off', enable_seqscan = 'off', max_parallel_workers_per_gather = '0'
 Planning:
   Buffers: shared hit=106
 Planning Time: 0.558 ms
 Execution Time: 1051.253 ms
(10 rows)

