SET
SET
SET
SET
SET
                                             QUERY PLAN                                             
----------------------------------------------------------------------------------------------------
 Index Scan using idx on public.t (actual rows=4096.00 loops=1)
   Output: a, b
   Index Cond: ((t.a >= 32212) AND (t.a <= 32467))
   Index Searches: 1
   Prefetch: distance=2.033 count=91 stalls=2708 skipped=962 resets=0 ungets=0 forwarded=1
             histogram [2,4) => 90, [4,8) => 1
   Buffers: shared hit=2982 read=86
 Settings: enable_bitmapscan = 'off', enable_seqscan = 'off', max_parallel_workers_per_gather = '0'
 Planning:
   Buffers: shared hit=82 read=22
 Planning Time: 5.505 ms
 Execution Time: 8.060 ms
(12 rows)

SET
SET
SET
SET
SET
                                             QUERY PLAN                                             
----------------------------------------------------------------------------------------------------
 Index Scan using idx on public.t (actual rows=4096.00 loops=1)
   Output: a, b
   Index Cond: ((t.a >= 32212) AND (t.a <= 32467))
   Index Searches: 1
   Buffers: shared hit=3068
 Settings: enable_bitmapscan = 'off', enable_seqscan = 'off', max_parallel_workers_per_gather = '0'
 Planning:
   Buffers: shared hit=109
 Planning Time: 0.314 ms
 Execution Time: 1.054 ms
(10 rows)

