SET
SET
SET
SET
SET
                                                               QUERY PLAN                                                                
-----------------------------------------------------------------------------------------------------------------------------------------
 Index Scan using idx on public.t (actual rows=2048.00 loops=1)
   Output: a, b
   Index Cond: ((t.a >= 3175) AND (t.a <= 3302))
   Index Searches: 1
   Prefetch: distance=235.948 count=213 stalls=1 skipped=1821 resets=0 ungets=82 forwarded=1
             histogram [2,4) => 2, [4,8) => 3, [8,16) => 5, [16,32) => 17, [32,64) => 1, [64,128) => 3, [128,256) => 2, [256,512) => 180
   Buffers: shared hit=32 read=117
 Settings: enable_bitmapscan = 'off', enable_seqscan = 'off', max_parallel_workers_per_gather = '0'
 Planning:
   Buffers: shared hit=82 read=27
 Planning Time: 6.134 ms
 Execution Time: 4.076 ms
(12 rows)

SET
SET
SET
SET
SET
                                             QUERY PLAN                                             
----------------------------------------------------------------------------------------------------
 Index Scan using idx on public.t (actual rows=2048.00 loops=1)
   Output: a, b
   Index Cond: ((t.a >= 3175) AND (t.a <= 3302))
   Index Searches: 1
   Buffers: shared hit=149
 Settings: enable_bitmapscan = 'off', enable_seqscan = 'off', max_parallel_workers_per_gather = '0'
 Planning:
   Buffers: shared hit=114
 Planning Time: 0.373 ms
 Execution Time: 0.418 ms
(10 rows)

