SET
SET
SET
SET
SET
                                                                 QUERY PLAN                                                                  
---------------------------------------------------------------------------------------------------------------------------------------------
 Index Scan using idx on public.t (actual rows=262144.00 loops=1)
   Output: a, b
   Index Cond: ((t.a >= 2378) AND (t.a <= 18761))
   Index Searches: 1
   Prefetch: distance=269.240 count=21661 stalls=1 skipped=244769 resets=0 ungets=4318 forwarded=94
             histogram [2,4) => 2, [4,8) => 4, [8,16) => 12, [16,32) => 6, [32,64) => 3, [64,128) => 2, [128,256) => 142, [256,512) => 21490
   Buffers: shared hit=13100 read=4968
 Settings: enable_bitmapscan = 'off', enable_seqscan = 'off', max_parallel_workers_per_gather = '0'
 Planning:
   Buffers: shared hit=78 read=27
 Planning Time: 6.502 ms
 Execution Time: 84.536 ms
(12 rows)

SET
SET
SET
SET
SET
                                             QUERY PLAN                                             
----------------------------------------------------------------------------------------------------
 Index Scan using idx on public.t (actual rows=262144.00 loops=1)
   Output: a, b
   Index Cond: ((t.a >= 2378) AND (t.a <= 18761))
   Index Searches: 1
   Buffers: shared hit=18068
 Settings: enable_bitmapscan = 'off', enable_seqscan = 'off', max_parallel_workers_per_gather = '0'
 Planning:
   Buffers: shared hit=110
 Planning Time: 0.577 ms
 Execution Time: 48.964 ms
(10 rows)

