SET
SET
SET
SET
SET
                                                                  QUERY PLAN                                                                   
-----------------------------------------------------------------------------------------------------------------------------------------------
 Index Scan using idx on public.t (actual rows=7048576.00 loops=1)
   Output: a, b
   Index Cond: ((t.a >= 11627) AND (t.a <= 452162))
   Index Searches: 1
   Prefetch: distance=269.488 count=579259 stalls=1 skipped=6581402 resets=0 ungets=112373 forwarded=2660
             histogram [2,4) => 2, [4,8) => 3, [8,16) => 11, [16,32) => 8, [32,64) => 2, [64,128) => 2, [128,256) => 4163, [256,512) => 575068
   Buffers: shared hit=356573 read=129547
 Settings: enable_bitmapscan = 'off', enable_seqscan = 'off', max_parallel_workers_per_gather = '0'
 Planning:
   Buffers: shared hit=78 read=23
 Planning Time: 5.860 ms
 Execution Time: 2127.657 ms
(12 rows)

SET
SET
SET
SET
SET
                                             QUERY PLAN                                             
----------------------------------------------------------------------------------------------------
 Index Scan using idx on public.t (actual rows=7048576.00 loops=1)
   Output: a, b
   Index Cond: ((t.a >= 11627) AND (t.a <= 452162))
   Index Searches: 1
   Buffers: shared hit=486168
 Settings: enable_bitmapscan = 'off', enable_seqscan = 'off', max_parallel_workers_per_gather = '0'
 Planning:
   Buffers: shared hit=106
 Planning Time: 0.501 ms
 Execution Time: 1262.178 ms
(10 rows)

