SET
SET
SET
SET
SET
                                                                QUERY PLAN                                                                
------------------------------------------------------------------------------------------------------------------------------------------
 Index Scan using idx on public.t (actual rows=16384.00 loops=1)
   Output: a, b
   Index Cond: ((t.a >= 20566) AND (t.a <= 21589))
   Index Searches: 1
   Prefetch: distance=265.380 count=1440 stalls=1 skipped=14941 resets=0 ungets=365 forwarded=8
             histogram [2,4) => 4, [4,8) => 5, [8,16) => 7, [16,32) => 7, [32,64) => 2, [64,128) => 2, [128,256) => 13, [256,512) => 1400
   Buffers: shared hit=694 read=455
 Settings: enable_bitmapscan = 'off', enable_seqscan = 'off', max_parallel_workers_per_gather = '0'
 Planning:
   Buffers: shared hit=78 read=23
 Planning Time: 5.814 ms
 Execution Time: 11.256 ms
(12 rows)

SET
SET
SET
SET
SET
                                             QUERY PLAN                                             
----------------------------------------------------------------------------------------------------
 Index Scan using idx on public.t (actual rows=16384.00 loops=1)
   Output: a, b
   Index Cond: ((t.a >= 20566) AND (t.a <= 21589))
   Index Searches: 1
   Buffers: shared hit=1149
 Settings: enable_bitmapscan = 'off', enable_seqscan = 'off', max_parallel_workers_per_gather = '0'
 Planning:
   Buffers: shared hit=106
 Planning Time: 0.331 ms
 Execution Time: 2.488 ms
(10 rows)

