SET
SET
SET
SET
SET
                                                                  QUERY PLAN                                                                  
----------------------------------------------------------------------------------------------------------------------------------------------
 Index Scan using idx on public.t (actual rows=3048576.00 loops=1)
   Output: a, b
   Index Cond: ((t.a >= 12183) AND (t.a <= 202718))
   Index Searches: 1
   Prefetch: distance=269.458 count=250634 stalls=1 skipped=2846306 resets=0 ungets=48540 forwarded=1184
             histogram [2,4) => 4, [4,8) => 5, [8,16) => 7, [16,32) => 9, [32,64) => 2, [64,128) => 3, [128,256) => 1752, [256,512) => 248852
   Buffers: shared hit=154301 read=56123
 Settings: enable_bitmapscan = 'off', enable_seqscan = 'off', max_parallel_workers_per_gather = '0'
 Planning:
   Buffers: shared hit=78 read=23
 Planning Time: 5.929 ms
 Execution Time: 937.853 ms
(12 rows)

SET
SET
SET
SET
SET
                                             QUERY PLAN                                             
----------------------------------------------------------------------------------------------------
 Index Scan using idx on public.t (actual rows=3048576.00 loops=1)
   Output: a, b
   Index Cond: ((t.a >= 12183) AND (t.a <= 202718))
   Index Searches: 1
   Buffers: shared hit=210441
 Settings: enable_bitmapscan = 'off', enable_seqscan = 'off', max_parallel_workers_per_gather = '0'
 Planning:
   Buffers: shared hit=106
 Planning Time: 0.467 ms
 Execution Time: 629.961 ms
(10 rows)

