SET
SET
SET
SET
SET
                                                                 QUERY PLAN                                                                  
---------------------------------------------------------------------------------------------------------------------------------------------
 Index Scan using idx on public.t (actual rows=1048576.00 loops=1)
   Output: a, b
   Index Cond: ((t.a >= 11800) AND (t.a <= 77335))
   Index Searches: 1
   Prefetch: distance=269.435 count=86320 stalls=1 skipped=979016 resets=0 ungets=16840 forwarded=417
             histogram [2,4) => 2, [4,8) => 4, [8,16) => 12, [16,32) => 5, [32,64) => 2, [64,128) => 2, [128,256) => 601, [256,512) => 85692
   Buffers: shared hit=52936 read=19415
 Settings: enable_bitmapscan = 'off', enable_seqscan = 'off', max_parallel_workers_per_gather = '0'
 Planning:
   Buffers: shared hit=78 read=23
 Planning Time: 5.789 ms
 Execution Time: 318.709 ms
(12 rows)

SET
SET
SET
SET
SET
                                             QUERY PLAN                                             
----------------------------------------------------------------------------------------------------
 Index Scan using idx on public.t (actual rows=1048576.00 loops=1)
   Output: a, b
   Index Cond: ((t.a >= 11800) AND (t.a <= 77335))
   Index Searches: 1
   Buffers: shared hit=72356
 Settings: enable_bitmapscan = 'off', enable_seqscan = 'off', max_parallel_workers_per_gather = '0'
 Planning:
   Buffers: shared hit=106
 Planning Time: 0.380 ms
 Execution Time: 191.124 ms
(10 rows)

