SET
SET
SET
SET
SET
                                                               QUERY PLAN                                                                
-----------------------------------------------------------------------------------------------------------------------------------------
 Index Scan Backward using idx on public.t (actual rows=4096.00 loops=1)
   Output: a, b
   Index Cond: ((t.a >= 17770) AND (t.a <= 18025))
   Index Searches: 1
   Prefetch: distance=252.825 count=395 stalls=1 skipped=3481 resets=0 ungets=148 forwarded=0
             histogram [2,4) => 2, [4,8) => 6, [8,16) => 6, [16,32) => 10, [32,64) => 2, [64,128) => 2, [128,256) => 3, [256,512) => 364
   Buffers: shared hit=81 read=207
 Settings: enable_bitmapscan = 'off', enable_seqscan = 'off', max_parallel_workers_per_gather = '0'
 Planning:
   Buffers: shared hit=82 read=23
 Planning Time: 6.097 ms
 Execution Time: 7.801 ms
(12 rows)

SET
SET
SET
SET
SET
                                             QUERY PLAN                                             
----------------------------------------------------------------------------------------------------
 Index Scan Backward using idx on public.t (actual rows=4096.00 loops=1)
   Output: a, b
   Index Cond: ((t.a >= 17770) AND (t.a <= 18025))
   Index Searches: 1
   Buffers: shared hit=288
 Settings: enable_bitmapscan = 'off', enable_seqscan = 'off', max_parallel_workers_per_gather = '0'
 Planning:
   Buffers: shared hit=110
 Planning Time: 0.359 ms
 Execution Time: 0.895 ms
(10 rows)

