SET
SET
SET
SET
SET
                                                                 QUERY PLAN                                                                  
---------------------------------------------------------------------------------------------------------------------------------------------
 Index Scan Backward using idx on public.t (actual rows=1048576.00 loops=1)
   Output: a, b
   Index Cond: ((t.a >= 11663) AND (t.a <= 77198))
   Index Searches: 1
   Prefetch: distance=269.361 count=86540 stalls=1 skipped=978820 resets=0 ungets=17072 forwarded=30
             histogram [2,4) => 2, [4,8) => 3, [8,16) => 8, [16,32) => 10, [32,64) => 2, [64,128) => 2, [128,256) => 737, [256,512) => 85776
   Buffers: shared hit=52952 read=19406
 Settings: enable_bitmapscan = 'off', enable_seqscan = 'off', max_parallel_workers_per_gather = '0'
 Planning:
   Buffers: shared hit=82 read=23
 Planning Time: 5.915 ms
 Execution Time: 560.905 ms
(12 rows)

SET
SET
SET
SET
SET
                                             QUERY PLAN                                             
----------------------------------------------------------------------------------------------------
 Index Scan Backward using idx on public.t (actual rows=1048576.00 loops=1)
   Output: a, b
   Index Cond: ((t.a >= 11663) AND (t.a <= 77198))
   Index Searches: 1
   Buffers: shared hit=72358
 Settings: enable_bitmapscan = 'off', enable_seqscan = 'off', max_parallel_workers_per_gather = '0'
 Planning:
   Buffers: shared hit=110
 Planning Time: 0.386 ms
 Execution Time: 189.196 ms
(10 rows)

