SET
SET
SET
SET
SET
                                                                  QUERY PLAN                                                                  
----------------------------------------------------------------------------------------------------------------------------------------------
 Index Scan Backward using idx on public.t (actual rows=2048576.00 loops=1)
   Output: a, b
   Index Cond: ((t.a >= 9583) AND (t.a <= 137618))
   Index Searches: 1
   Prefetch: distance=269.418 count=169095 stalls=1 skipped=1912776 resets=0 ungets=33327 forwarded=51
             histogram [2,4) => 2, [4,8) => 3, [8,16) => 5, [16,32) => 9, [32,64) => 3, [64,128) => 4, [128,256) => 1343, [256,512) => 167726
   Buffers: shared hit=103606 read=37768
 Settings: enable_bitmapscan = 'off', enable_seqscan = 'off', max_parallel_workers_per_gather = '0'
 Planning:
   Buffers: shared hit=82 read=23
 Planning Time: 5.981 ms
 Execution Time: 1058.745 ms
(12 rows)

SET
SET
SET
SET
SET
                                             QUERY PLAN                                             
----------------------------------------------------------------------------------------------------
 Index Scan Backward using idx on public.t (actual rows=2048576.00 loops=1)
   Output: a, b
   Index Cond: ((t.a >= 9583) AND (t.a <= 137618))
   Index Searches: 1
   Buffers: shared hit=141374
 Settings: enable_bitmapscan = 'off', enable_seqscan = 'off', max_parallel_workers_per_gather = '0'
 Planning:
   Buffers: shared hit=110
 Planning Time: 0.458 ms
 Execution Time: 443.624 ms
(10 rows)

