SET
SET
SET
SET
SET
                                                                  QUERY PLAN                                                                   
-----------------------------------------------------------------------------------------------------------------------------------------------
 Index Scan Backward using idx on public.t (actual rows=3048576.00 loops=1)
   Output: a, b
   Index Cond: ((t.a >= 1612) AND (t.a <= 192147))
   Index Searches: 1
   Prefetch: distance=269.426 count=251668 stalls=1 skipped=2846137 resets=0 ungets=49549 forwarded=83
             histogram [2,4) => 2, [4,8) => 4, [8,16) => 11, [16,32) => 6, [32,64) => 2, [64,128) => 2, [128,256) => 2005, [256,512) => 249636
   Buffers: shared hit=154348 read=56128
 Settings: enable_bitmapscan = 'off', enable_seqscan = 'off', max_parallel_workers_per_gather = '0'
 Planning:
   Buffers: shared hit=82 read=27
 Planning Time: 6.620 ms
 Execution Time: 1576.551 ms
(12 rows)

SET
SET
SET
SET
SET
                                             QUERY PLAN                                             
----------------------------------------------------------------------------------------------------
 Index Scan Backward using idx on public.t (actual rows=3048576.00 loops=1)
   Output: a, b
   Index Cond: ((t.a >= 1612) AND (t.a <= 192147))
   Index Searches: 1
   Buffers: shared hit=210476
 Settings: enable_bitmapscan = 'off', enable_seqscan = 'off', max_parallel_workers_per_gather = '0'
 Planning:
   Buffers: shared hit=114
 Planning Time: 0.425 ms
 Execution Time: 573.627 ms
(10 rows)

