SET
SET
SET
SET
SET
                                                                  QUERY PLAN                                                                  
----------------------------------------------------------------------------------------------------------------------------------------------
 Index Scan Backward using idx on public.t (actual rows=6048576.00 loops=1)
   Output: a, b
   Index Cond: ((t.a >= 13515) AND (t.a <= 391550))
   Index Searches: 1
   Prefetch: distance=269.452 count=498617 stalls=1 skipped=5647613 resets=0 ungets=98006 forwarded=167
             histogram [2,4) => 2, [4,8) => 3, [8,16) => 9, [16,32) => 9, [32,64) => 4, [64,128) => 2, [128,256) => 3724, [256,512) => 494864
   Buffers: shared hit=305981 read=111185
 Settings: enable_bitmapscan = 'off', enable_seqscan = 'off', max_parallel_workers_per_gather = '0'
 Planning:
   Buffers: shared hit=82 read=23
 Planning Time: 5.541 ms
 Execution Time: 3194.140 ms
(12 rows)

SET
SET
SET
SET
SET
                                             QUERY PLAN                                             
----------------------------------------------------------------------------------------------------
 Index Scan Backward using idx on public.t (actual rows=6048576.00 loops=1)
   Output: a, b
   Index Cond: ((t.a >= 13515) AND (t.a <= 391550))
   Index Searches: 1
   Buffers: shared hit=417166
 Settings: enable_bitmapscan = 'off', enable_seqscan = 'off', max_parallel_workers_per_gather = '0'
 Planning:
   Buffers: shared hit=110
 Planning Time: 0.429 ms
 Execution Time: 907.910 ms
(10 rows)

