SET
SET
SET
SET
SET
                                                                QUERY PLAN                                                                 
-------------------------------------------------------------------------------------------------------------------------------------------
 Index Scan Backward using idx on public.t (actual rows=131072.00 loops=1)
   Output: a, b
   Index Cond: ((t.a >= 6464) AND (t.a <= 14655))
   Index Searches: 1
   Prefetch: distance=269.053 count=10914 stalls=1 skipped=122169 resets=0 ungets=2251 forwarded=7
             histogram [2,4) => 2, [4,8) => 6, [8,16) => 9, [16,32) => 6, [32,64) => 2, [64,128) => 2, [128,256) => 59, [256,512) => 10828
   Buffers: shared hit=6471 read=2571
 Settings: enable_bitmapscan = 'off', enable_seqscan = 'off', max_parallel_workers_per_gather = '0'
 Planning:
   Buffers: shared hit=82 read=23
 Planning Time: 5.816 ms
 Execution Time: 77.248 ms
(12 rows)

SET
SET
SET
SET
SET
                                             QUERY PLAN                                             
----------------------------------------------------------------------------------------------------
 Index Scan Backward using idx on public.t (actual rows=131072.00 loops=1)
   Output: a, b
   Index Cond: ((t.a >= 6464) AND (t.a <= 14655))
   Index Searches: 1
   Buffers: shared hit=9043
 Settings: enable_bitmapscan = 'off', enable_seqscan = 'off', max_parallel_workers_per_gather = '0'
 Planning:
   Buffers: shared hit=110
 Planning Time: 0.389 ms
 Execution Time: 18.913 ms
(10 rows)

