SET
SET
SET
SET
SET
                                                                  QUERY PLAN                                                                   
-----------------------------------------------------------------------------------------------------------------------------------------------
 Index Scan Backward using idx on public.t (actual rows=6048576.00 loops=1)
   Output: a, b
   Index Cond: ((t.a >= 28433) AND (t.a <= 406468))
   Index Searches: 1
   Prefetch: distance=269.459 count=498819 stalls=1 skipped=5647914 resets=0 ungets=98205 forwarded=166
             histogram [2,4) => 2, [4,8) => 3, [8,16) => 5, [16,32) => 11, [32,64) => 3, [64,128) => 2, [128,256) => 3684, [256,512) => 495109
   Buffers: shared hit=305952 read=111198
 Settings: enable_bitmapscan = 'off', enable_seqscan = 'off', max_parallel_workers_per_gather = '0'
 Planning:
   Buffers: shared hit=82 read=23
 Planning Time: 5.877 ms
 Execution Time: 3134.064 ms
(12 rows)

SET
SET
SET
SET
SET
                                             QUERY PLAN                                             
----------------------------------------------------------------------------------------------------
 Index Scan Backward using idx on public.t (actual rows=6048576.00 loops=1)
   Output: a, b
   Index Cond: ((t.a >= 28433) AND (t.a <= 406468))
   Index Searches: 1
   Buffers: shared hit=417150
 Settings: enable_bitmapscan = 'off', enable_seqscan = 'off', max_parallel_workers_per_gather = '0'
 Planning:
   Buffers: shared hit=110
 Planning Time: 0.537 ms
 Execution Time: 1131.180 ms
(10 rows)

