SET
SET
SET
SET
SET
                                                                 QUERY PLAN                                                                 
--------------------------------------------------------------------------------------------------------------------------------------------
 Index Scan Backward using idx on public.t (actual rows=262144.00 loops=1)
   Output: a, b
   Index Cond: ((t.a >= 22312) AND (t.a <= 38695))
   Index Searches: 1
   Prefetch: distance=269.114 count=21741 stalls=3 skipped=244530 resets=0 ungets=4353 forwarded=7
             histogram [2,4) => 2, [4,8) => 7, [8,16) => 6, [16,32) => 8, [32,64) => 4, [64,128) => 3, [128,256) => 174, [256,512) => 21537
   Buffers: shared hit=13164 read=4963
 Settings: enable_bitmapscan = 'off', enable_seqscan = 'off', max_parallel_workers_per_gather = '0'
 Planning:
   Buffers: shared hit=82 read=23
 Planning Time: 5.855 ms
 Execution Time: 147.187 ms
(12 rows)

SET
SET
SET
SET
SET
                                             QUERY PLAN                                             
----------------------------------------------------------------------------------------------------
 Index Scan Backward using idx on public.t (actual rows=262144.00 loops=1)
   Output: a, b
   Index Cond: ((t.a >= 22312) AND (t.a <= 38695))
   Index Searches: 1
   Buffers: shared hit=18127
 Settings: enable_bitmapscan = 'off', enable_seqscan = 'off', max_parallel_workers_per_gather = '0'
 Planning:
   Buffers: shared hit=110
 Planning Time: 0.378 ms
 Execution Time: 45.228 ms
(10 rows)

