SET
SET
SET
SET
SET
                                                                QUERY PLAN                                                                
------------------------------------------------------------------------------------------------------------------------------------------
 Index Scan Backward using idx on public.t (actual rows=16384.00 loops=1)
   Output: a, b
   Index Cond: ((t.a >= 1999) AND (t.a <= 3022))
   Index Searches: 1
   Prefetch: distance=265.882 count=1468 stalls=1 skipped=15266 resets=0 ungets=398 forwarded=3
             histogram [2,4) => 2, [4,8) => 3, [8,16) => 5, [16,32) => 9, [32,64) => 3, [64,128) => 2, [128,256) => 16, [256,512) => 1428
   Buffers: shared hit=668 read=456
 Settings: enable_bitmapscan = 'off', enable_seqscan = 'off', max_parallel_workers_per_gather = '0'
 Planning:
   Buffers: shared hit=86 read=27
 Planning Time: 6.595 ms
 Execution Time: 12.251 ms
(12 rows)

SET
SET
SET
SET
SET
                                             QUERY PLAN                                             
----------------------------------------------------------------------------------------------------
 Index Scan Backward using idx on public.t (actual rows=16384.00 loops=1)
   Output: a, b
   Index Cond: ((t.a >= 1999) AND (t.a <= 3022))
   Index Searches: 1
   Buffers: shared hit=1124
 Settings: enable_bitmapscan = 'off', enable_seqscan = 'off', max_parallel_workers_per_gather = '0'
 Planning:
   Buffers: shared hit=118
 Planning Time: 0.389 ms
 Execution Time: 2.545 ms
(10 rows)

