SET
SET
SET
SET
SET
                                                                QUERY PLAN                                                                
------------------------------------------------------------------------------------------------------------------------------------------
 Index Scan Backward using idx on public.t (actual rows=32768.00 loops=1)
   Output: a, b
   Index Cond: ((t.a >= 32627) AND (t.a <= 34674))
   Index Searches: 1
   Prefetch: distance=267.147 count=2807 stalls=1 skipped=30314 resets=0 ungets=657 forwarded=0
             histogram [2,4) => 2, [4,8) => 7, [8,16) => 5, [16,32) => 8, [32,64) => 6, [64,128) => 2, [128,256) => 12, [256,512) => 2765
   Buffers: shared hit=1501 read=764
 Settings: enable_bitmapscan = 'off', enable_seqscan = 'off', max_parallel_workers_per_gather = '0'
 Planning:
   Buffers: shared hit=82 read=23
 Planning Time: 5.897 ms
 Execution Time: 22.654 ms
(12 rows)

SET
SET
SET
SET
SET
                                             QUERY PLAN                                             
----------------------------------------------------------------------------------------------------
 Index Scan Backward using idx on public.t (actual rows=32768.00 loops=1)
   Output: a, b
   Index Cond: ((t.a >= 32627) AND (t.a <= 34674))
   Index Searches: 1
   Buffers: shared hit=2265
 Settings: enable_bitmapscan = 'off', enable_seqscan = 'off', max_parallel_workers_per_gather = '0'
 Planning:
   Buffers: shared hit=110
 Planning Time: 0.366 ms
 Execution Time: 4.861 ms
(10 rows)

