SET
SET
SET
SET
SET
                                                                  QUERY PLAN                                                                  
----------------------------------------------------------------------------------------------------------------------------------------------
 Index Scan Backward using idx on public.t (actual rows=4048576.00 loops=1)
   Output: a, b
   Index Cond: ((t.a >= 12055) AND (t.a <= 265090))
   Index Searches: 1
   Prefetch: distance=269.434 count=333954 stalls=1 skipped=3780099 resets=0 ungets=65717 forwarded=106
             histogram [2,4) => 2, [4,8) => 6, [8,16) => 8, [16,32) => 7, [32,64) => 2, [64,128) => 2, [128,256) => 2690, [256,512) => 331237
   Buffers: shared hit=204835 read=74486
 Settings: enable_bitmapscan = 'off', enable_seqscan = 'off', max_parallel_workers_per_gather = '0'
 Planning:
   Buffers: shared hit=82 read=23
 Planning Time: 6.024 ms
 Execution Time: 2147.364 ms
(12 rows)

SET
SET
SET
SET
SET
                                             QUERY PLAN                                             
----------------------------------------------------------------------------------------------------
 Index Scan Backward using idx on public.t (actual rows=4048576.00 loops=1)
   Output: a, b
   Index Cond: ((t.a >= 12055) AND (t.a <= 265090))
   Index Searches: 1
   Buffers: shared hit=279321
 Settings: enable_bitmapscan = 'off', enable_seqscan = 'off', max_parallel_workers_per_gather = '0'
 Planning:
   Buffers: shared hit=110
 Planning Time: 0.489 ms
 Execution Time: 640.282 ms
(10 rows)

