SET
SET
SET
SET
SET
                                                               QUERY PLAN                                                               
----------------------------------------------------------------------------------------------------------------------------------------
 Index Scan Backward using idx on public.t (actual rows=2048.00 loops=1)
   Output: a, b
   Index Cond: ((t.a >= 25167) AND (t.a <= 25294))
   Index Searches: 1
   Prefetch: distance=231.441 count=186 stalls=1 skipped=1641 resets=0 ungets=67 forwarded=1
             histogram [2,4) => 2, [4,8) => 8, [8,16) => 7, [16,32) => 8, [32,64) => 2, [64,128) => 2, [128,256) => 2, [256,512) => 155
   Buffers: shared hit=34 read=117
 Settings: enable_bitmapscan = 'off', enable_seqscan = 'off', max_parallel_workers_per_gather = '0'
 Planning:
   Buffers: shared hit=82 read=23
 Planning Time: 6.123 ms
 Execution Time: 6.041 ms
(12 rows)

SET
SET
SET
SET
SET
                                             QUERY PLAN                                             
----------------------------------------------------------------------------------------------------
 Index Scan Backward using idx on public.t (actual rows=2048.00 loops=1)
   Output: a, b
   Index Cond: ((t.a >= 25167) AND (t.a <= 25294))
   Index Searches: 1
   Buffers: shared hit=151
 Settings: enable_bitmapscan = 'off', enable_seqscan = 'off', max_parallel_workers_per_gather = '0'
 Planning:
   Buffers: shared hit=110
 Planning Time: 0.336 ms
 Execution Time: 0.465 ms
(10 rows)

