SET
SET
SET
SET
SET
                                                                  QUERY PLAN                                                                   
-----------------------------------------------------------------------------------------------------------------------------------------------
 Index Scan Backward using idx on public.t (actual rows=5048576.00 loops=1)
   Output: a, b
   Index Cond: ((t.a >= 7925) AND (t.a <= 323460))
   Index Searches: 1
   Prefetch: distance=269.452 count=416413 stalls=1 skipped=4714028 resets=0 ungets=81993 forwarded=136
             histogram [2,4) => 4, [4,8) => 3, [8,16) => 5, [16,32) => 11, [32,64) => 3, [64,128) => 3, [128,256) => 3162, [256,512) => 413222
   Buffers: shared hit=255389 read=92838
 Settings: enable_bitmapscan = 'off', enable_seqscan = 'off', max_parallel_workers_per_gather = '0'
 Planning:
   Buffers: shared hit=82 read=23
 Planning Time: 5.763 ms
 Execution Time: 2589.624 ms
(12 rows)

SET
SET
SET
SET
SET
                                             QUERY PLAN                                             
----------------------------------------------------------------------------------------------------
 Index Scan Backward using idx on public.t (actual rows=5048576.00 loops=1)
   Output: a, b
   Index Cond: ((t.a >= 7925) AND (t.a <= 323460))
   Index Searches: 1
   Buffers: shared hit=348228
 Settings: enable_bitmapscan = 'off', enable_seqscan = 'off', max_parallel_workers_per_gather = '0'
 Planning:
   Buffers: shared hit=110
 Planning Time: 0.459 ms
 Execution Time: 964.346 ms
(10 rows)

