SET
SET
SET
SET
SET
                                                                  QUERY PLAN                                                                  
----------------------------------------------------------------------------------------------------------------------------------------------
 Index Scan Backward using idx on public.t (actual rows=8048576.00 loops=1)
   Output: a, b
   Index Cond: ((t.a >= 8712) AND (t.a <= 511747))
   Index Searches: 1
   Prefetch: distance=269.455 count=663555 stalls=1 skipped=7515366 resets=0 ungets=130521 forwarded=218
             histogram [2,4) => 4, [4,8) => 5, [8,16) => 7, [16,32) => 6, [32,64) => 2, [64,128) => 2, [128,256) => 4956, [256,512) => 658573
   Buffers: shared hit=407133 read=147907
 Settings: enable_bitmapscan = 'off', enable_seqscan = 'off', max_parallel_workers_per_gather = '0'
 Planning:
   Buffers: shared hit=82 read=23
 Planning Time: 5.828 ms
 Execution Time: 4233.208 ms
(12 rows)

SET
SET
SET
SET
SET
                                             QUERY PLAN                                             
----------------------------------------------------------------------------------------------------
 Index Scan Backward using idx on public.t (actual rows=8048576.00 loops=1)
   Output: a, b
   Index Cond: ((t.a >= 8712) AND (t.a <= 511747))
   Index Searches: 1
   Buffers: shared hit=555042
 Settings: enable_bitmapscan = 'off', enable_seqscan = 'off', max_parallel_workers_per_gather = '0'
 Planning:
   Buffers: shared hit=110
 Planning Time: 0.422 ms
 Execution Time: 1399.556 ms
(10 rows)

