SET
SET
SET
SET
SET
                                                                 QUERY PLAN                                                                 
--------------------------------------------------------------------------------------------------------------------------------------------
 Index Scan Backward using idx on public.t (actual rows=1048576.00 loops=1)
   Output: a, b
   Index Cond: ((t.a >= 25046) AND (t.a <= 90581))
   Index Searches: 1
   Prefetch: distance=269.363 count=86672 stalls=1 skipped=978751 resets=0 ungets=17151 forwarded=32
             histogram [2,4) => 4, [4,8) => 5, [8,16) => 6, [16,32) => 8, [32,64) => 2, [64,128) => 3, [128,256) => 774, [256,512) => 85870
   Buffers: shared hit=53007 read=19404
 Settings: enable_bitmapscan = 'off', enable_seqscan = 'off', max_parallel_workers_per_gather = '0'
 Planning:
   Buffers: shared hit=82 read=23
 Planning Time: 6.167 ms
 Execution Time: 559.455 ms
(12 rows)

SET
SET
SET
SET
SET
                                             QUERY PLAN                                             
----------------------------------------------------------------------------------------------------
 Index Scan Backward using idx on public.t (actual rows=1048576.00 loops=1)
   Output: a, b
   Index Cond: ((t.a >= 25046) AND (t.a <= 90581))
   Index Searches: 1
   Buffers: shared hit=72411
 Settings: enable_bitmapscan = 'off', enable_seqscan = 'off', max_parallel_workers_per_gather = '0'
 Planning:
   Buffers: shared hit=110
 Planning Time: 0.387 ms
 Execution Time: 194.920 ms
(10 rows)

