SET
SET
SET
SET
SET
                                                                QUERY PLAN                                                                 
-------------------------------------------------------------------------------------------------------------------------------------------
 Index Scan Backward using idx on public.t (actual rows=65536.00 loops=1)
   Output: a, b
   Index Cond: ((t.a >= 25512) AND (t.a <= 29607))
   Index Searches: 1
   Prefetch: distance=268.464 count=5519 stalls=1 skipped=61092 resets=0 ungets=1187 forwarded=2
             histogram [2,4) => 2, [4,8) => 3, [8,16) => 7, [16,32) => 10, [32,64) => 2, [64,128) => 2, [128,256) => 46, [256,512) => 5447
   Buffers: shared hit=3163 read=1361
 Settings: enable_bitmapscan = 'off', enable_seqscan = 'off', max_parallel_workers_per_gather = '0'
 Planning:
   Buffers: shared hit=82 read=23
 Planning Time: 6.153 ms
 Execution Time: 39.244 ms
(12 rows)

SET
SET
SET
SET
SET
                                             QUERY PLAN                                             
----------------------------------------------------------------------------------------------------
 Index Scan Backward using idx on public.t (actual rows=65536.00 loops=1)
   Output: a, b
   Index Cond: ((t.a >= 25512) AND (t.a <= 29607))
   Index Searches: 1
   Buffers: shared hit=4524
 Settings: enable_bitmapscan = 'off', enable_seqscan = 'off', max_parallel_workers_per_gather = '0'
 Planning:
   Buffers: shared hit=110
 Planning Time: 0.450 ms
 Execution Time: 13.086 ms
(10 rows)

