SET
SET
SET
SET
SET
                                                                  QUERY PLAN                                                                  
----------------------------------------------------------------------------------------------------------------------------------------------
 Index Scan using idx on public.t (actual rows=8048576.00 loops=1)
   Output: a, b
   Index Cond: ((t.a >= 14901) AND (t.a <= 517936))
   Index Searches: 1
   Prefetch: distance=269.709 count=669269 stalls=1 skipped=7515284 resets=0 ungets=136217 forwarded=3533
             histogram [2,4) => 2, [4,8) => 7, [8,16) => 7, [16,32) => 7, [32,64) => 3, [64,128) => 2, [128,256) => 3356, [256,512) => 665885
   Buffers: shared hit=407073 read=147904
 Settings: enable_bitmapscan = 'off', enable_seqscan = 'off', max_parallel_workers_per_gather = '0'
 Planning:
   Buffers: shared hit=78 read=23
 Planning Time: 5.724 ms
 Execution Time: 2808.307 ms
(12 rows)

SET
SET
SET
SET
SET
                                             QUERY PLAN                                             
----------------------------------------------------------------------------------------------------
 Index Scan using idx on public.t (actual rows=8048576.00 loops=1)
   Output: a, b
   Index Cond: ((t.a >= 14901) AND (t.a <= 517936))
   Index Searches: 1
   Buffers: shared hit=555064
 Settings: enable_bitmapscan = 'off', enable_seqscan = 'off', max_parallel_workers_per_gather = '0'
 Planning:
   Buffers: shared hit=106
 Planning Time: 0.428 ms
 Execution Time: 1410.145 ms
(10 rows)

