SET
SET
SET
SET
SET
                                                                 QUERY PLAN                                                                  
---------------------------------------------------------------------------------------------------------------------------------------------
 Index Scan using idx on public.t (actual rows=262144.00 loops=1)
   Output: a, b
   Index Cond: ((t.a >= 16178) AND (t.a <= 32561))
   Index Searches: 1
   Prefetch: distance=269.425 count=22020 stalls=2 skipped=244397 resets=0 ungets=4579 forwarded=127
             histogram [2,4) => 2, [4,8) => 3, [8,16) => 6, [16,32) => 13, [32,64) => 4, [64,128) => 2, [128,256) => 115, [256,512) => 21875
   Buffers: shared hit=13210 read=4968
 Settings: enable_bitmapscan = 'off', enable_seqscan = 'off', max_parallel_workers_per_gather = '0'
 Planning:
   Buffers: shared hit=78 read=23
 Planning Time: 7.135 ms
 Execution Time: 98.703 ms
(12 rows)

SET
SET
SET
SET
SET
                                             QUERY PLAN                                             
----------------------------------------------------------------------------------------------------
 Index Scan using idx on public.t (actual rows=262144.00 loops=1)
   Output: a, b
   Index Cond: ((t.a >= 16178) AND (t.a <= 32561))
   Index Searches: 1
   Buffers: shared hit=18183
 Settings: enable_bitmapscan = 'off', enable_seqscan = 'off', max_parallel_workers_per_gather = '0'
 Planning:
   Buffers: shared hit=106
 Planning Time: 0.354 ms
 Execution Time: 38.425 ms
(10 rows)

