SET
SET
SET
SET
SET
                                                                 QUERY PLAN                                                                  
---------------------------------------------------------------------------------------------------------------------------------------------
 Index Scan using idx on public.t (actual rows=2048576.00 loops=1)
   Output: a, b
   Index Cond: ((t.a >= 32210) AND (t.a <= 160245))
   Index Searches: 1
   Prefetch: distance=269.697 count=170633 stalls=1 skipped=1912483 resets=0 ungets=34892 forwarded=928
             histogram [2,4) => 2, [4,8) => 7, [8,16) => 7, [16,32) => 7, [32,64) => 2, [64,128) => 2, [128,256) => 754, [256,512) => 169852
   Buffers: shared hit=103567 read=37777
 Settings: enable_bitmapscan = 'off', enable_seqscan = 'off', max_parallel_workers_per_gather = '0'
 Planning:
   Buffers: shared hit=78 read=23
 Planning Time: 5.906 ms
 Execution Time: 714.872 ms
(12 rows)

SET
SET
SET
SET
SET
                                             QUERY PLAN                                             
----------------------------------------------------------------------------------------------------
 Index Scan using idx on public.t (actual rows=2048576.00 loops=1)
   Output: a, b
   Index Cond: ((t.a >= 32210) AND (t.a <= 160245))
   Index Searches: 1
   Buffers: shared hit=141367
 Settings: enable_bitmapscan = 'off', enable_seqscan = 'off', max_parallel_workers_per_gather = '0'
 Planning:
   Buffers: shared hit=106
 Planning Time: 0.457 ms
 Execution Time: 343.333 ms
(10 rows)

