SET
SET
SET
SET
SET
                                                              QUERY PLAN                                                               
---------------------------------------------------------------------------------------------------------------------------------------
 Index Scan using idx on public.t (actual rows=1024.00 loops=1)
   Output: a, b
   Index Cond: ((t.a >= 23114) AND (t.a <= 23177))
   Index Searches: 1
   Prefetch: distance=174.688 count=77 stalls=1 skipped=746 resets=0 ungets=23 forwarded=1
             histogram [2,4) => 4, [4,8) => 5, [8,16) => 7, [16,32) => 9, [32,64) => 2, [64,128) => 2, [128,256) => 2, [256,512) => 46
   Buffers: shared hit=14 read=65
 Settings: enable_bitmapscan = 'off', enable_seqscan = 'off', max_parallel_workers_per_gather = '0'
 Planning:
   Buffers: shared hit=78 read=23
 Planning Time: 5.868 ms
 Execution Time: 4.358 ms
(12 rows)

SET
SET
SET
SET
SET
                                             QUERY PLAN                                             
----------------------------------------------------------------------------------------------------
 Index Scan using idx on public.t (actual rows=1024.00 loops=1)
   Output: a, b
   Index Cond: ((t.a >= 23114) AND (t.a <= 23177))
   Index Searches: 1
   Buffers: shared hit=79
 Settings: enable_bitmapscan = 'off', enable_seqscan = 'off', max_parallel_workers_per_gather = '0'
 Planning:
   Buffers: shared hit=106
 Planning Time: 0.374 ms
 Execution Time: 0.271 ms
(10 rows)

