SET
SET
SET
SET
SET
                                                                  QUERY PLAN                                                                   
-----------------------------------------------------------------------------------------------------------------------------------------------
 Index Scan using idx on public.t (actual rows=4048576.00 loops=1)
   Output: a, b
   Index Cond: ((t.a >= 20808) AND (t.a <= 273843))
   Index Searches: 1
   Prefetch: distance=269.696 count=336905 stalls=1 skipped=3780169 resets=0 ungets=68658 forwarded=1797
             histogram [2,4) => 2, [4,8) => 3, [8,16) => 6, [16,32) => 14, [32,64) => 3, [64,128) => 2, [128,256) => 1642, [256,512) => 335233
   Buffers: shared hit=204800 read=74487
 Settings: enable_bitmapscan = 'off', enable_seqscan = 'off', max_parallel_workers_per_gather = '0'
 Planning:
   Buffers: shared hit=78 read=23
 Planning Time: 5.822 ms
 Execution Time: 1403.548 ms
(12 rows)

SET
SET
SET
SET
SET
                                             QUERY PLAN                                             
----------------------------------------------------------------------------------------------------
 Index Scan using idx on public.t (actual rows=4048576.00 loops=1)
   Output: a, b
   Index Cond: ((t.a >= 20808) AND (t.a <= 273843))
   Index Searches: 1
   Buffers: shared hit=279325
 Settings: enable_bitmapscan = 'off', enable_seqscan = 'off', max_parallel_workers_per_gather = '0'
 Planning:
   Buffers: shared hit=106
 Planning Time: 0.412 ms
 Execution Time: 593.064 ms
(10 rows)

