SET
SET
SET
SET
SET
                                                                  QUERY PLAN                                                                  
----------------------------------------------------------------------------------------------------------------------------------------------
 Index Scan using idx on public.t (actual rows=6048576.00 loops=1)
   Output: a, b
   Index Cond: ((t.a >= 29949) AND (t.a <= 407984))
   Index Searches: 1
   Prefetch: distance=269.703 count=503107 stalls=1 skipped=5647649 resets=0 ungets=102484 forwarded=2632
             histogram [2,4) => 2, [4,8) => 7, [8,16) => 7, [16,32) => 9, [32,64) => 4, [64,128) => 2, [128,256) => 2497, [256,512) => 500579
   Buffers: shared hit=305939 read=111191
 Settings: enable_bitmapscan = 'off', enable_seqscan = 'off', max_parallel_workers_per_gather = '0'
 Planning:
   Buffers: shared hit=78 read=23
 Planning Time: 5.823 ms
 Execution Time: 2112.464 ms
(12 rows)

SET
SET
SET
SET
SET
                                             QUERY PLAN                                             
----------------------------------------------------------------------------------------------------
 Index Scan using idx on public.t (actual rows=6048576.00 loops=1)
   Output: a, b
   Index Cond: ((t.a >= 29949) AND (t.a <= 407984))
   Index Searches: 1
   Buffers: shared hit=417177
 Settings: enable_bitmapscan = 'off', enable_seqscan = 'off', max_parallel_workers_per_gather = '0'
 Planning:
   Buffers: shared hit=106
 Planning Time: 0.467 ms
 Execution Time: 1050.375 ms
(10 rows)

