SET
SET
SET
SET
SET
                                                                  QUERY PLAN                                                                  
----------------------------------------------------------------------------------------------------------------------------------------------
 Index Scan using idx on public.t (actual rows=9048576.00 loops=1)
   Output: a, b
   Index Cond: ((t.a >= 29177) AND (t.a <= 594712))
   Index Searches: 1
   Prefetch: distance=269.709 count=752369 stalls=1 skipped=8449023 resets=0 ungets=153024 forwarded=3943
             histogram [2,4) => 2, [4,8) => 3, [8,16) => 5, [16,32) => 9, [32,64) => 4, [64,128) => 1, [128,256) => 3787, [256,512) => 748558
   Buffers: shared hit=457730 read=166274
 Settings: enable_bitmapscan = 'off', enable_seqscan = 'off', max_parallel_workers_per_gather = '0'
 Planning:
   Buffers: shared hit=78 read=23
 Planning Time: 5.704 ms
 Execution Time: 3100.052 ms
(12 rows)

SET
SET
SET
SET
SET
                                             QUERY PLAN                                             
----------------------------------------------------------------------------------------------------
 Index Scan using idx on public.t (actual rows=9048576.00 loops=1)
   Output: a, b
   Index Cond: ((t.a >= 29177) AND (t.a <= 594712))
   Index Searches: 1
   Buffers: shared hit=624089
 Settings: enable_bitmapscan = 'off', enable_seqscan = 'off', max_parallel_workers_per_gather = '0'
 Planning:
   Buffers: shared hit=106
 Planning Time: 0.463 ms
 Execution Time: 1551.691 ms
(10 rows)

