SET
SET
SET
SET
SET
                                                                  QUERY PLAN                                                                  
----------------------------------------------------------------------------------------------------------------------------------------------
 Index Scan using idx on public.t (actual rows=8048576.00 loops=1)
   Output: a, b
   Index Cond: ((t.a >= 28516) AND (t.a <= 531551))
   Index Searches: 1
   Prefetch: distance=269.707 count=669188 stalls=1 skipped=7515405 resets=0 ungets=136193 forwarded=3487
             histogram [2,4) => 4, [4,8) => 6, [8,16) => 7, [16,32) => 7, [32,64) => 2, [64,128) => 2, [128,256) => 3364, [256,512) => 665796
   Buffers: shared hit=407032 read=147903
 Settings: enable_bitmapscan = 'off', enable_seqscan = 'off', max_parallel_workers_per_gather = '0'
 Planning:
   Buffers: shared hit=78 read=23
 Planning Time: 5.793 ms
 Execution Time: 2767.789 ms
(12 rows)

SET
SET
SET
SET
SET
                                             QUERY PLAN                                             
----------------------------------------------------------------------------------------------------
 Index Scan using idx on public.t (actual rows=8048576.00 loops=1)
   Output: a, b
   Index Cond: ((t.a >= 28516) AND (t.a <= 531551))
   Index Searches: 1
   Buffers: shared hit=555003
 Settings: enable_bitmapscan = 'off', enable_seqscan = 'off', max_parallel_workers_per_gather = '0'
 Planning:
   Buffers: shared hit=106
 Planning Time: 0.427 ms
 Execution Time: 1399.754 ms
(10 rows)

