SET
SET
SET
SET
SET
                                             QUERY PLAN                                             
----------------------------------------------------------------------------------------------------
 Index Scan using idx on public.t (actual rows=512.00 loops=1)
   Output: a, b
   Index Cond: ((t.a >= 31282) AND (t.a <= 31313))
   Index Searches: 1
   Prefetch: distance=2.000 count=10 stalls=238 skipped=92 resets=0 ungets=0 forwarded=0
             histogram [2,4) => 10
   Buffers: shared hit=353 read=34
 Settings: enable_bitmapscan = 'off', enable_seqscan = 'off', max_parallel_workers_per_gather = '0'
 Planning:
   Buffers: shared hit=82 read=22
 Planning Time: 5.474 ms
 Execution Time: 3.280 ms
(12 rows)

SET
SET
SET
SET
SET
                                             QUERY PLAN                                             
----------------------------------------------------------------------------------------------------
 Index Scan using idx on public.t (actual rows=512.00 loops=1)
   Output: a, b
   Index Cond: ((t.a >= 31282) AND (t.a <= 31313))
   Index Searches: 1
   Buffers: shared hit=387
 Settings: enable_bitmapscan = 'off', enable_seqscan = 'off', max_parallel_workers_per_gather = '0'
 Planning:
   Buffers: shared hit=109
 Planning Time: 0.302 ms
 Execution Time: 0.212 ms
(10 rows)

