SET
SET
SET
SET
SET
                                                               QUERY PLAN                                                                
-----------------------------------------------------------------------------------------------------------------------------------------
 Index Scan using idx on public.t (actual rows=8192.00 loops=1)
   Output: a, b
   Index Cond: ((t.a >= 16514) AND (t.a <= 17025))
   Index Searches: 1
   Prefetch: distance=262.172 count=791 stalls=1 skipped=7610 resets=0 ungets=257 forwarded=4
             histogram [2,4) => 2, [4,8) => 5, [8,16) => 10, [16,32) => 7, [32,64) => 2, [64,128) => 3, [128,256) => 2, [256,512) => 760
   Buffers: shared hit=265 read=300
 Settings: enable_bitmapscan = 'off', enable_seqscan = 'off', max_parallel_workers_per_gather = '0'
 Planning:
   Buffers: shared hit=78 read=23
 Planning Time: 5.719 ms
 Execution Time: 6.896 ms
(12 rows)

SET
SET
SET
SET
SET
                                             QUERY PLAN                                             
----------------------------------------------------------------------------------------------------
 Index Scan using idx on public.t (actual rows=8192.00 loops=1)
   Output: a, b
   Index Cond: ((t.a >= 16514) AND (t.a <= 17025))
   Index Searches: 1
   Buffers: shared hit=566
 Settings: enable_bitmapscan = 'off', enable_seqscan = 'off', max_parallel_workers_per_gather = '0'
 Planning:
   Buffers: shared hit=106
 Planning Time: 0.332 ms
 Execution Time: 1.476 ms
(10 rows)

