SET
SET
SET
SET
SET
                                                                 QUERY PLAN                                                                 
--------------------------------------------------------------------------------------------------------------------------------------------
 Index Scan using idx on public.t (actual rows=131072.00 loops=1)
   Output: a, b
   Index Cond: ((t.a >= 620) AND (t.a <= 8811))
   Index Searches: 1
   Prefetch: distance=269.216 count=11029 stalls=1 skipped=122051 resets=0 ungets=2360 forwarded=69
             histogram [2,4) => 2, [4,8) => 3, [8,16) => 8, [16,32) => 14, [32,64) => 2, [64,128) => 2, [128,256) => 30, [256,512) => 10968
   Buffers: shared hit=6493 read=2562
 Settings: enable_bitmapscan = 'off', enable_seqscan = 'off', max_parallel_workers_per_gather = '0'
 Planning:
   Buffers: shared hit=78 read=27
 Planning Time: 6.558 ms
 Execution Time: 52.792 ms
(12 rows)

SET
SET
SET
SET
SET
                                             QUERY PLAN                                             
----------------------------------------------------------------------------------------------------
 Index Scan using idx on public.t (actual rows=131072.00 loops=1)
   Output: a, b
   Index Cond: ((t.a >= 620) AND (t.a <= 8811))
   Index Searches: 1
   Buffers: shared hit=9057
 Settings: enable_bitmapscan = 'off', enable_seqscan = 'off', max_parallel_workers_per_gather = '0'
 Planning:
   Buffers: shared hit=110
 Planning Time: 0.373 ms
 Execution Time: 17.370 ms
(10 rows)

