SET
SET
SET
SET
SET
                                                               QUERY PLAN                                                                
-----------------------------------------------------------------------------------------------------------------------------------------
 Index Scan using idx on public.t (actual rows=4096.00 loops=1)
   Output: a, b
   Index Cond: ((t.a >= 1556) AND (t.a <= 1811))
   Index Searches: 1
   Prefetch: distance=256.469 count=439 stalls=1 skipped=3810 resets=0 ungets=169 forwarded=4
             histogram [2,4) => 2, [4,8) => 3, [8,16) => 10, [16,32) => 8, [32,64) => 2, [64,128) => 2, [128,256) => 2, [256,512) => 410
   Buffers: shared hit=92 read=197
 Settings: enable_bitmapscan = 'off', enable_seqscan = 'off', max_parallel_workers_per_gather = '0'
 Planning:
   Buffers: shared hit=82 read=27
 Planning Time: 6.131 ms
 Execution Time: 4.640 ms
(12 rows)

SET
SET
SET
SET
SET
                                             QUERY PLAN                                             
----------------------------------------------------------------------------------------------------
 Index Scan using idx on public.t (actual rows=4096.00 loops=1)
   Output: a, b
   Index Cond: ((t.a >= 1556) AND (t.a <= 1811))
   Index Searches: 1
   Buffers: shared hit=289
 Settings: enable_bitmapscan = 'off', enable_seqscan = 'off', max_parallel_workers_per_gather = '0'
 Planning:
   Buffers: shared hit=114
 Planning Time: 0.427 ms
 Execution Time: 0.840 ms
(10 rows)

