SET
SET
SET
SET
SET
                                                                   QUERY PLAN                                                                   
------------------------------------------------------------------------------------------------------------------------------------------------
 Index Scan using idx on public.t (actual rows=4048576.00 loops=1)
   Output: a, b
   Index Cond: ((t.a >= 24935) AND (t.a <= 277970))
   Index Searches: 1
   Prefetch: distance=269.692 count=336862 stalls=1 skipped=3780019 resets=0 ungets=68673 forwarded=1789
             histogram [2,4) => 2, [4,8) => 3, [8,16) => 11, [16,32) => 10, [32,64) => 3, [64,128) => 2, [128,256) => 1696, [256,512) => 335135
   Buffers: shared hit=204770 read=74482
 Settings: enable_bitmapscan = 'off', enable_seqscan = 'off', max_parallel_workers_per_gather = '0'
 Planning:
   Buffers: shared hit=78 read=23
 Planning Time: 5.642 ms
 Execution Time: 1393.383 ms
(12 rows)

SET
SET
SET
SET
SET
                                             QUERY PLAN                                             
----------------------------------------------------------------------------------------------------
 Index Scan using idx on public.t (actual rows=4048576.00 loops=1)
   Output: a, b
   Index Cond: ((t.a >= 24935) AND (t.a <= 277970))
   Index Searches: 1
   Buffers: shared hit=279284
 Settings: enable_bitmapscan = 'off', enable_seqscan = 'off', max_parallel_workers_per_gather = '0'
 Planning:
   Buffers: shared hit=106
 Planning Time: 0.356 ms
 Execution Time: 590.758 ms
(10 rows)

