SET
SET
SET
SET
SET
                                                                 QUERY PLAN                                                                  
---------------------------------------------------------------------------------------------------------------------------------------------
 Index Scan using idx on public.t (actual rows=524288.00 loops=1)
   Output: a, b
   Index Cond: ((t.a >= 31955) AND (t.a <= 64722))
   Index Searches: 1
   Prefetch: distance=269.578 count=43722 stalls=1 skipped=489530 resets=0 ungets=9012 forwarded=238
             histogram [2,4) => 2, [4,8) => 5, [8,16) => 10, [16,32) => 7, [32,64) => 2, [64,128) => 2, [128,256) => 234, [256,512) => 43460
   Buffers: shared hit=26361 read=9786
 Settings: enable_bitmapscan = 'off', enable_seqscan = 'off', max_parallel_workers_per_gather = '0'
 Planning:
   Buffers: shared hit=78 read=23
 Planning Time: 5.745 ms
 Execution Time: 187.181 ms
(12 rows)

SET
SET
SET
SET
SET
                                             QUERY PLAN                                             
----------------------------------------------------------------------------------------------------
 Index Scan using idx on public.t (actual rows=524288.00 loops=1)
   Output: a, b
   Index Cond: ((t.a >= 31955) AND (t.a <= 64722))
   Index Searches: 1
   Buffers: shared hit=36152
 Settings: enable_bitmapscan = 'off', enable_seqscan = 'off', max_parallel_workers_per_gather = '0'
 Planning:
   Buffers: shared hit=106
 Planning Time: 0.362 ms
 Execution Time: 77.235 ms
(10 rows)

