SET
SET
SET
SET
SET
                                                                  QUERY PLAN                                                                  
----------------------------------------------------------------------------------------------------------------------------------------------
 Index Scan using idx on public.t (actual rows=2048576.00 loops=1)
   Output: a, b
   Index Cond: ((t.a >= 32334) AND (t.a <= 160369))
   Index Searches: 1
   Prefetch: distance=269.690 count=170630 stalls=1 skipped=1912613 resets=0 ungets=34875 forwarded=929
             histogram [2,4) => 2, [4,8) => 3, [8,16) => 5, [16,32) => 13, [32,64) => 3, [64,128) => 4, [128,256) => 755, [256,512) => 169845
   Buffers: shared hit=103594 read=37760
 Settings: enable_bitmapscan = 'off', enable_seqscan = 'off', max_parallel_workers_per_gather = '0'
 Planning:
   Buffers: shared hit=78 read=23
 Planning Time: 5.957 ms
 Execution Time: 711.709 ms
(12 rows)

SET
SET
SET
SET
SET
                                             QUERY PLAN                                             
----------------------------------------------------------------------------------------------------
 Index Scan using idx on public.t (actual rows=2048576.00 loops=1)
   Output: a, b
   Index Cond: ((t.a >= 32334) AND (t.a <= 160369))
   Index Searches: 1
   Buffers: shared hit=141371
 Settings: enable_bitmapscan = 'off', enable_seqscan = 'off', max_parallel_workers_per_gather = '0'
 Planning:
   Buffers: shared hit=106
 Planning Time: 0.420 ms
 Execution Time: 348.329 ms
(10 rows)

