SET
SET
SET
SET
SET
                                                               QUERY PLAN                                                               
----------------------------------------------------------------------------------------------------------------------------------------
 Index Scan using idx on public.t (actual rows=4096.00 loops=1)
   Output: a, b
   Index Cond: ((t.a >= 27223) AND (t.a <= 27478))
   Index Searches: 1
   Prefetch: distance=250.326 count=383 stalls=1 skipped=3478 resets=0 ungets=133 forwarded=4
             histogram [2,4) => 2, [4,8) => 5, [8,16) => 6, [16,32) => 9, [32,64) => 7, [64,128) => 2, [128,256) => 2, [256,512) => 350
   Buffers: shared hit=96 read=195
 Settings: enable_bitmapscan = 'off', enable_seqscan = 'off', max_parallel_workers_per_gather = '0'
 Planning:
   Buffers: shared hit=78 read=23
 Planning Time: 5.358 ms
 Execution Time: 7.501 ms
(12 rows)

SET
SET
SET
SET
SET
                                             QUERY PLAN                                             
----------------------------------------------------------------------------------------------------
 Index Scan using idx on public.t (actual rows=4096.00 loops=1)
   Output: a, b
   Index Cond: ((t.a >= 27223) AND (t.a <= 27478))
   Index Searches: 1
   Buffers: shared hit=291
 Settings: enable_bitmapscan = 'off', enable_seqscan = 'off', max_parallel_workers_per_gather = '0'
 Planning:
   Buffers: shared hit=106
 Planning Time: 0.357 ms
 Execution Time: 1.224 ms
(10 rows)

