SET
SET
SET
SET
SET
                                                               QUERY PLAN                                                                
-----------------------------------------------------------------------------------------------------------------------------------------
 Index Scan using idx on public.t (actual rows=16384.00 loops=1)
   Output: a, b
   Index Cond: ((t.a >= 4185) AND (t.a <= 5208))
   Index Searches: 1
   Prefetch: distance=266.245 count=1501 stalls=1 skipped=15255 resets=0 ungets=420 forwarded=6
             histogram [2,4) => 2, [4,8) => 6, [8,16) => 8, [16,32) => 6, [32,64) => 2, [64,128) => 2, [128,256) => 2, [256,512) => 1473
   Buffers: shared hit=671 read=464
 Settings: enable_bitmapscan = 'off', enable_seqscan = 'off', max_parallel_workers_per_gather = '0'
 Planning:
   Buffers: shared hit=82 read=27
 Planning Time: 5.878 ms
 Execution Time: 9.809 ms
(12 rows)

SET
SET
SET
SET
SET
                                             QUERY PLAN                                             
----------------------------------------------------------------------------------------------------
 Index Scan using idx on public.t (actual rows=16384.00 loops=1)
   Output: a, b
   Index Cond: ((t.a >= 4185) AND (t.a <= 5208))
   Index Searches: 1
   Buffers: shared hit=1135
 Settings: enable_bitmapscan = 'off', enable_seqscan = 'off', max_parallel_workers_per_gather = '0'
 Planning:
   Buffers: shared hit=114
 Planning Time: 0.412 ms
 Execution Time: 2.317 ms
(10 rows)

