SET
SET
SET
SET
SET
                                                                 QUERY PLAN                                                                  
---------------------------------------------------------------------------------------------------------------------------------------------
 Index Scan using idx on public.t (actual rows=1048576.00 loops=1)
   Output: a, b
   Index Cond: ((t.a >= 20648) AND (t.a <= 86183))
   Index Searches: 1
   Prefetch: distance=269.624 count=87501 stalls=1 skipped=978863 resets=0 ungets=17948 forwarded=502
             histogram [2,4) => 2, [4,8) => 7, [8,16) => 5, [16,32) => 11, [32,64) => 4, [64,128) => 2, [128,256) => 493, [256,512) => 86977
   Buffers: shared hit=53016 read=19410
 Settings: enable_bitmapscan = 'off', enable_seqscan = 'off', max_parallel_workers_per_gather = '0'
 Planning:
   Buffers: shared hit=78 read=23
 Planning Time: 5.363 ms
 Execution Time: 366.257 ms
(12 rows)

SET
SET
SET
SET
SET
                                             QUERY PLAN                                             
----------------------------------------------------------------------------------------------------
 Index Scan using idx on public.t (actual rows=1048576.00 loops=1)
   Output: a, b
   Index Cond: ((t.a >= 20648) AND (t.a <= 86183))
   Index Searches: 1
   Buffers: shared hit=72435
 Settings: enable_bitmapscan = 'off', enable_seqscan = 'off', max_parallel_workers_per_gather = '0'
 Planning:
   Buffers: shared hit=106
 Planning Time: 0.363 ms
 Execution Time: 155.711 ms
(10 rows)

