SET
SET
SET
SET
SET
                                                                  QUERY PLAN                                                                  
----------------------------------------------------------------------------------------------------------------------------------------------
 Index Scan using idx on public.t (actual rows=6048576.00 loops=1)
   Output: a, b
   Index Cond: ((t.a >= 6713) AND (t.a <= 384748))
   Index Searches: 1
   Prefetch: distance=269.704 count=503128 stalls=1 skipped=5647724 resets=0 ungets=102500 forwarded=2647
             histogram [2,4) => 4, [4,8) => 6, [8,16) => 8, [16,32) => 8, [32,64) => 2, [64,128) => 3, [128,256) => 2567, [256,512) => 500530
   Buffers: shared hit=305925 read=111197
 Settings: enable_bitmapscan = 'off', enable_seqscan = 'off', max_parallel_workers_per_gather = '0'
 Planning:
   Buffers: shared hit=78 read=23
 Planning Time: 5.644 ms
 Execution Time: 2078.042 ms
(12 rows)

SET
SET
SET
SET
SET
                                             QUERY PLAN                                             
----------------------------------------------------------------------------------------------------
 Index Scan using idx on public.t (actual rows=6048576.00 loops=1)
   Output: a, b
   Index Cond: ((t.a >= 6713) AND (t.a <= 384748))
   Index Searches: 1
   Buffers: shared hit=417176
 Settings: enable_bitmapscan = 'off', enable_seqscan = 'off', max_parallel_workers_per_gather = '0'
 Planning:
   Buffers: shared hit=106
 Planning Time: 0.383 ms
 Execution Time: 874.791 ms
(10 rows)

