SET
SET
SET
SET
SET
                                                               QUERY PLAN                                                               
----------------------------------------------------------------------------------------------------------------------------------------
 Index Scan using idx on public.t (actual rows=8192.00 loops=1)
   Output: a, b
   Index Cond: ((t.a >= 980) AND (t.a <= 1491))
   Index Searches: 1
   Prefetch: distance=262.605 count=807 stalls=1 skipped=7574 resets=0 ungets=269 forwarded=9
             histogram [2,4) => 4, [4,8) => 4, [8,16) => 7, [16,32) => 8, [32,64) => 2, [64,128) => 2, [128,256) => 2, [256,512) => 778
   Buffers: shared hit=258 read=314
 Settings: enable_bitmapscan = 'off', enable_seqscan = 'off', max_parallel_workers_per_gather = '0'
 Planning:
   Buffers: shared hit=82 read=27
 Planning Time: 5.741 ms
 Execution Time: 7.613 ms
(12 rows)

SET
SET
SET
SET
SET
                                             QUERY PLAN                                             
----------------------------------------------------------------------------------------------------
 Index Scan using idx on public.t (actual rows=8192.00 loops=1)
   Output: a, b
   Index Cond: ((t.a >= 980) AND (t.a <= 1491))
   Index Searches: 1
   Buffers: shared hit=572
 Settings: enable_bitmapscan = 'off', enable_seqscan = 'off', max_parallel_workers_per_gather = '0'
 Planning:
   Buffers: shared hit=114
 Planning Time: 0.391 ms
 Execution Time: 1.501 ms
(10 rows)

