SET
SET
SET
SET
SET
                                                                     QUERY PLAN                                                                      
-----------------------------------------------------------------------------------------------------------------------------------------------------
 Index Scan using idx on public.t (actual rows=9048576.00 loops=1)
   Output: a, b
   Index Cond: ((t.a >= 12788) AND (t.a <= 578323))
   Index Searches: 1
   Prefetch: distance=250.311 count=6758027 stalls=1 skipped=2290875 resets=0 ungets=329 forwarded=10331
             histogram [2,4) => 2, [4,8) => 4, [8,16) => 12, [16,32) => 15, [32,64) => 9, [64,128) => 12, [128,256) => 3684304, [256,512) => 3073669
   Buffers: shared hit=6651109 read=131204
 Settings: enable_bitmapscan = 'off', enable_seqscan = 'off', max_parallel_workers_per_gather = '0'
 Planning:
   Buffers: shared hit=78 read=23
 Planning Time: 6.250 ms
 Execution Time: 4347.050 ms
(12 rows)

SET
SET
SET
SET
SET
                                             QUERY PLAN                                             
----------------------------------------------------------------------------------------------------
 Index Scan using idx on public.t (actual rows=9048576.00 loops=1)
   Output: a, b
   Index Cond: ((t.a >= 12788) AND (t.a <= 578323))
   Index Searches: 1
   Buffers: shared hit=6782429
 Settings: enable_bitmapscan = 'off', enable_seqscan = 'off', max_parallel_workers_per_gather = '0'
 Planning:
   Buffers: shared hit=106
 Planning Time: 0.506 ms
 Execution Time: 3091.191 ms
(10 rows)

