SET
SET
SET
SET
SET
                                                                 QUERY PLAN                                                                 
--------------------------------------------------------------------------------------------------------------------------------------------
 Index Scan Backward using idx on public.t (actual rows=262144.00 loops=1)
   Output: a, b
   Index Cond: ((t.a >= 23918) AND (t.a <= 40301))
   Index Searches: 1
   Prefetch: distance=269.459 count=22064 stalls=1 skipped=244483 resets=0 ungets=4707 forwarded=6
             histogram [2,4) => 2, [4,8) => 3, [8,16) => 8, [16,32) => 9, [32,64) => 2, [64,128) => 2, [128,256) => 137, [256,512) => 21901
   Buffers: shared hit=13124 read=4974
 Settings: enable_bitmapscan = 'off', enable_seqscan = 'off', max_parallel_workers_per_gather = '0'
 Planning:
   Buffers: shared hit=82 read=23
 Planning Time: 5.639 ms
 Execution Time: 153.257 ms
(12 rows)

SET
SET
SET
SET
SET
                                             QUERY PLAN                                             
----------------------------------------------------------------------------------------------------
 Index Scan Backward using idx on public.t (actual rows=262144.00 loops=1)
   Output: a, b
   Index Cond: ((t.a >= 23918) AND (t.a <= 40301))
   Index Searches: 1
   Buffers: shared hit=18098
 Settings: enable_bitmapscan = 'off', enable_seqscan = 'off', max_parallel_workers_per_gather = '0'
 Planning:
   Buffers: shared hit=110
 Planning Time: 0.455 ms
 Execution Time: 37.104 ms
(10 rows)

