SET
SET
SET
SET
SET
                                                                  QUERY PLAN                                                                   
-----------------------------------------------------------------------------------------------------------------------------------------------
 Index Scan Backward using idx on public.t (actual rows=6048576.00 loops=1)
   Output: a, b
   Index Cond: ((t.a >= 11283) AND (t.a <= 389318))
   Index Searches: 1
   Prefetch: distance=269.746 count=506669 stalls=1 skipped=5647806 resets=0 ungets=106043 forwarded=196
             histogram [2,4) => 2, [4,8) => 3, [8,16) => 5, [16,32) => 11, [32,64) => 4, [64,128) => 2, [128,256) => 2287, [256,512) => 504355
   Buffers: shared hit=305968 read=111197
 Settings: enable_bitmapscan = 'off', enable_seqscan = 'off', max_parallel_workers_per_gather = '0'
 Planning:
   Buffers: shared hit=82 read=23
 Planning Time: 5.903 ms
 Execution Time: 3423.593 ms
(12 rows)

SET
SET
SET
SET
SET
                                             QUERY PLAN                                             
----------------------------------------------------------------------------------------------------
 Index Scan Backward using idx on public.t (actual rows=6048576.00 loops=1)
   Output: a, b
   Index Cond: ((t.a >= 11283) AND (t.a <= 389318))
   Index Searches: 1
   Buffers: shared hit=417167
 Settings: enable_bitmapscan = 'off', enable_seqscan = 'off', max_parallel_workers_per_gather = '0'
 Planning:
   Buffers: shared hit=110
 Planning Time: 0.435 ms
 Execution Time: 971.255 ms
(10 rows)

