SET
SET
SET
SET
SET
                                                               QUERY PLAN                                                                
-----------------------------------------------------------------------------------------------------------------------------------------
 Index Scan Backward using idx on public.t (actual rows=16384.00 loops=1)
   Output: a, b
   Index Cond: ((t.a >= 4292) AND (t.a <= 5315))
   Index Searches: 1
   Prefetch: distance=266.396 count=1502 stalls=1 skipped=15182 resets=0 ungets=428 forwarded=1
             histogram [2,4) => 2, [4,8) => 3, [8,16) => 8, [16,32) => 9, [32,64) => 2, [64,128) => 2, [128,256) => 2, [256,512) => 1474
   Buffers: shared hit=670 read=464
 Settings: enable_bitmapscan = 'off', enable_seqscan = 'off', max_parallel_workers_per_gather = '0'
 Planning:
   Buffers: shared hit=86 read=27
 Planning Time: 5.892 ms
 Execution Time: 13.828 ms
(12 rows)

SET
SET
SET
SET
SET
                                             QUERY PLAN                                             
----------------------------------------------------------------------------------------------------
 Index Scan Backward using idx on public.t (actual rows=16384.00 loops=1)
   Output: a, b
   Index Cond: ((t.a >= 4292) AND (t.a <= 5315))
   Index Searches: 1
   Buffers: shared hit=1134
 Settings: enable_bitmapscan = 'off', enable_seqscan = 'off', max_parallel_workers_per_gather = '0'
 Planning:
   Buffers: shared hit=118
 Planning Time: 0.455 ms
 Execution Time: 2.283 ms
(10 rows)

