SET
SET
SET
SET
SET
                                                                  QUERY PLAN                                                                  
----------------------------------------------------------------------------------------------------------------------------------------------
 Index Scan Backward using idx on public.t (actual rows=2048576.00 loops=1)
   Output: a, b
   Index Cond: ((t.a >= 28177) AND (t.a <= 156212))
   Index Searches: 1
   Prefetch: distance=269.703 count=171771 stalls=1 skipped=1912470 resets=0 ungets=36016 forwarded=60
             histogram [2,4) => 4, [4,8) => 3, [8,16) => 7, [16,32) => 13, [32,64) => 3, [64,128) => 2, [128,256) => 800, [256,512) => 170939
   Buffers: shared hit=103615 read=37765
 Settings: enable_bitmapscan = 'off', enable_seqscan = 'off', max_parallel_workers_per_gather = '0'
 Planning:
   Buffers: shared hit=82 read=23
 Planning Time: 5.728 ms
 Execution Time: 1186.393 ms
(12 rows)

SET
SET
SET
SET
SET
                                             QUERY PLAN                                             
----------------------------------------------------------------------------------------------------
 Index Scan Backward using idx on public.t (actual rows=2048576.00 loops=1)
   Output: a, b
   Index Cond: ((t.a >= 28177) AND (t.a <= 156212))
   Index Searches: 1
   Buffers: shared hit=141380
 Settings: enable_bitmapscan = 'off', enable_seqscan = 'off', max_parallel_workers_per_gather = '0'
 Planning:
   Buffers: shared hit=110
 Planning Time: 0.422 ms
 Execution Time: 322.003 ms
(10 rows)

