SET
SET
SET
SET
SET
                                             QUERY PLAN                                             
----------------------------------------------------------------------------------------------------
 Index Scan Backward using idx on public.t (actual rows=256.00 loops=1)
   Output: a, b
   Index Cond: ((t.a >= 3931) AND (t.a <= 3946))
   Index Searches: 1
   Prefetch: distance=3.200 count=5 stalls=1 skipped=59 resets=0 ungets=0 forwarded=0
             histogram [2,4) => 2, [4,8) => 3
   Buffers: shared hit=5 read=19
 Settings: enable_bitmapscan = 'off', enable_seqscan = 'off', max_parallel_workers_per_gather = '0'
 Planning:
   Buffers: shared hit=86 read=27
 Planning Time: 5.994 ms
 Execution Time: 2.630 ms
(12 rows)

SET
SET
SET
SET
SET
                                             QUERY PLAN                                             
----------------------------------------------------------------------------------------------------
 Index Scan Backward using idx on public.t (actual rows=256.00 loops=1)
   Output: a, b
   Index Cond: ((t.a >= 3931) AND (t.a <= 3946))
   Index Searches: 1
   Buffers: shared hit=24
 Settings: enable_bitmapscan = 'off', enable_seqscan = 'off', max_parallel_workers_per_gather = '0'
 Planning:
   Buffers: shared hit=118
 Planning Time: 0.383 ms
 Execution Time: 0.104 ms
(10 rows)

