SET
SET
SET
SET
SET
                                                                 QUERY PLAN                                                                 
--------------------------------------------------------------------------------------------------------------------------------------------
 Index Scan Backward using idx on public.t (actual rows=524288.00 loops=1)
   Output: a, b
   Index Cond: ((t.a >= 25762) AND (t.a <= 58529))
   Index Searches: 1
   Prefetch: distance=269.538 count=44023 stalls=1 skipped=489294 resets=0 ungets=9269 forwarded=13
             histogram [2,4) => 6, [4,8) => 5, [8,16) => 6, [16,32) => 8, [32,64) => 2, [64,128) => 2, [128,256) => 260, [256,512) => 43734
   Buffers: shared hit=26428 read=9780
 Settings: enable_bitmapscan = 'off', enable_seqscan = 'off', max_parallel_workers_per_gather = '0'
 Planning:
   Buffers: shared hit=82 read=23
 Planning Time: 5.702 ms
 Execution Time: 306.414 ms
(12 rows)

SET
SET
SET
SET
SET
                                             QUERY PLAN                                             
----------------------------------------------------------------------------------------------------
 Index Scan Backward using idx on public.t (actual rows=524288.00 loops=1)
   Output: a, b
   Index Cond: ((t.a >= 25762) AND (t.a <= 58529))
   Index Searches: 1
   Buffers: shared hit=36208
 Settings: enable_bitmapscan = 'off', enable_seqscan = 'off', max_parallel_workers_per_gather = '0'
 Planning:
   Buffers: shared hit=110
 Planning Time: 0.375 ms
 Execution Time: 70.751 ms
(10 rows)

