SET
SET
SET
SET
SET
                                                                QUERY PLAN                                                                 
-------------------------------------------------------------------------------------------------------------------------------------------
 Index Scan Backward using idx on public.t (actual rows=32768.00 loops=1)
   Output: a, b
   Index Cond: ((t.a >= 5258) AND (t.a <= 7305))
   Index Searches: 1
   Prefetch: distance=267.440 count=2872 stalls=1 skipped=30458 resets=0 ungets=690 forwarded=2
             histogram [2,4) => 4, [4,8) => 5, [8,16) => 5, [16,32) => 10, [32,64) => 2, [64,128) => 2, [128,256) => 31, [256,512) => 2813
   Buffers: shared hit=1529 read=758
 Settings: enable_bitmapscan = 'off', enable_seqscan = 'off', max_parallel_workers_per_gather = '0'
 Planning:
   Buffers: shared hit=82 read=27
 Planning Time: 5.816 ms
 Execution Time: 22.158 ms
(12 rows)

SET
SET
SET
SET
SET
                                             QUERY PLAN                                             
----------------------------------------------------------------------------------------------------
 Index Scan Backward using idx on public.t (actual rows=32768.00 loops=1)
   Output: a, b
   Index Cond: ((t.a >= 5258) AND (t.a <= 7305))
   Index Searches: 1
   Buffers: shared hit=2287
 Settings: enable_bitmapscan = 'off', enable_seqscan = 'off', max_parallel_workers_per_gather = '0'
 Planning:
   Buffers: shared hit=114
 Planning Time: 0.469 ms
 Execution Time: 6.886 ms
(10 rows)

