SET
SET
SET
SET
SET
                                                                  QUERY PLAN                                                                   
-----------------------------------------------------------------------------------------------------------------------------------------------
 Index Scan Backward using idx on public.t (actual rows=4048576.00 loops=1)
   Output: a, b
   Index Cond: ((t.a >= 7314) AND (t.a <= 260349))
   Index Searches: 1
   Prefetch: distance=269.728 count=339336 stalls=1 skipped=3780170 resets=0 ungets=71074 forwarded=126
             histogram [2,4) => 2, [4,8) => 3, [8,16) => 11, [16,32) => 6, [32,64) => 2, [64,128) => 2, [128,256) => 1678, [256,512) => 337632
   Buffers: shared hit=204857 read=74480
 Settings: enable_bitmapscan = 'off', enable_seqscan = 'off', max_parallel_workers_per_gather = '0'
 Planning:
   Buffers: shared hit=82 read=23
 Planning Time: 5.749 ms
 Execution Time: 2301.752 ms
(12 rows)

SET
SET
SET
SET
SET
                                             QUERY PLAN                                             
----------------------------------------------------------------------------------------------------
 Index Scan Backward using idx on public.t (actual rows=4048576.00 loops=1)
   Output: a, b
   Index Cond: ((t.a >= 7314) AND (t.a <= 260349))
   Index Searches: 1
   Buffers: shared hit=279340
 Settings: enable_bitmapscan = 'off', enable_seqscan = 'off', max_parallel_workers_per_gather = '0'
 Planning:
   Buffers: shared hit=110
 Planning Time: 0.438 ms
 Execution Time: 643.423 ms
(10 rows)

