SET
SET
SET
SET
SET
                                                               QUERY PLAN                                                                
-----------------------------------------------------------------------------------------------------------------------------------------
 Index Scan Backward using idx on public.t (actual rows=4096.00 loops=1)
   Output: a, b
   Index Cond: ((t.a >= 18067) AND (t.a <= 18322))
   Index Searches: 1
   Prefetch: distance=250.216 count=385 stalls=1 skipped=3500 resets=0 ungets=141 forwarded=0
             histogram [2,4) => 2, [4,8) => 7, [8,16) => 4, [16,32) => 13, [32,64) => 4, [64,128) => 4, [128,256) => 2, [256,512) => 349
   Buffers: shared hit=95 read=189
 Settings: enable_bitmapscan = 'off', enable_seqscan = 'off', max_parallel_workers_per_gather = '0'
 Planning:
   Buffers: shared hit=82 read=23
 Planning Time: 5.733 ms
 Execution Time: 7.621 ms
(12 rows)

SET
SET
SET
SET
SET
                                             QUERY PLAN                                             
----------------------------------------------------------------------------------------------------
 Index Scan Backward using idx on public.t (actual rows=4096.00 loops=1)
   Output: a, b
   Index Cond: ((t.a >= 18067) AND (t.a <= 18322))
   Index Searches: 1
   Buffers: shared hit=284
 Settings: enable_bitmapscan = 'off', enable_seqscan = 'off', max_parallel_workers_per_gather = '0'
 Planning:
   Buffers: shared hit=110
 Planning Time: 0.313 ms
 Execution Time: 0.758 ms
(10 rows)

