SET
SET
SET
SET
SET
                                                                 QUERY PLAN                                                                  
---------------------------------------------------------------------------------------------------------------------------------------------
 Index Scan Backward using idx on public.t (actual rows=262144.00 loops=1)
   Output: a, b
   Index Cond: ((t.a >= 15591) AND (t.a <= 31974))
   Index Searches: 1
   Prefetch: distance=269.224 count=21676 stalls=1 skipped=244480 resets=0 ungets=4332 forwarded=12
             histogram [2,4) => 2, [4,8) => 6, [8,16) => 5, [16,32) => 10, [32,64) => 3, [64,128) => 2, [128,256) => 139, [256,512) => 21509
   Buffers: shared hit=13112 read=4974
 Settings: enable_bitmapscan = 'off', enable_seqscan = 'off', max_parallel_workers_per_gather = '0'
 Planning:
   Buffers: shared hit=78 read=22
 Planning Time: 5.714 ms
 Execution Time: 144.352 ms
(12 rows)

SET
SET
SET
SET
SET
                                             QUERY PLAN                                             
----------------------------------------------------------------------------------------------------
 Index Scan Backward using idx on public.t (actual rows=262144.00 loops=1)
   Output: a, b
   Index Cond: ((t.a >= 15591) AND (t.a <= 31974))
   Index Searches: 1
   Buffers: shared hit=18087
 Settings: enable_bitmapscan = 'off', enable_seqscan = 'off', max_parallel_workers_per_gather = '0'
 Planning:
   Buffers: shared hit=105
 Planning Time: 0.371 ms
 Execution Time: 43.749 ms
(10 rows)

