SET
SET
SET
SET
SET
                                                                  QUERY PLAN                                                                  
----------------------------------------------------------------------------------------------------------------------------------------------
 Index Scan Backward using idx on public.t (actual rows=5048576.00 loops=1)
   Output: a, b
   Index Cond: ((t.a >= 10316) AND (t.a <= 325851))
   Index Searches: 1
   Prefetch: distance=269.415 count=416103 stalls=1 skipped=4713655 resets=0 ungets=81358 forwarded=157
             histogram [2,4) => 4, [4,8) => 5, [8,16) => 7, [16,32) => 8, [32,64) => 2, [64,128) => 2, [128,256) => 3229, [256,512) => 412846
   Buffers: shared hit=255714 read=92843
 Settings: enable_bitmapscan = 'off', enable_seqscan = 'off', max_parallel_workers_per_gather = '0'
 Planning:
   Buffers: shared hit=78 read=22
 Planning Time: 5.848 ms
 Execution Time: 2560.283 ms
(12 rows)

SET
SET
SET
SET
SET
                                             QUERY PLAN                                             
----------------------------------------------------------------------------------------------------
 Index Scan Backward using idx on public.t (actual rows=5048576.00 loops=1)
   Output: a, b
   Index Cond: ((t.a >= 10316) AND (t.a <= 325851))
   Index Searches: 1
   Buffers: shared hit=348557
 Settings: enable_bitmapscan = 'off', enable_seqscan = 'off', max_parallel_workers_per_gather = '0'
 Planning:
   Buffers: shared hit=105
 Planning Time: 0.558 ms
 Execution Time: 1099.945 ms
(10 rows)

