SET
SET
SET
SET
SET
                                                               QUERY PLAN                                                               
----------------------------------------------------------------------------------------------------------------------------------------
 Index Scan Backward using idx on public.t (actual rows=1024.00 loops=1)
   Output: a, b
   Index Cond: ((t.a >= 10394) AND (t.a <= 10457))
   Index Searches: 1
   Prefetch: distance=213.082 count=110 stalls=1 skipped=925 resets=0 ungets=43 forwarded=0
             histogram [2,4) => 2, [4,8) => 3, [8,16) => 12, [16,32) => 5, [32,64) => 2, [64,128) => 2, [128,256) => 2, [256,512) => 82
   Buffers: shared hit=7 read=71
 Settings: enable_bitmapscan = 'off', enable_seqscan = 'off', max_parallel_workers_per_gather = '0'
 Planning:
   Buffers: shared hit=78 read=22
 Planning Time: 5.803 ms
 Execution Time: 3.053 ms
(12 rows)

SET
SET
SET
SET
SET
                                             QUERY PLAN                                             
----------------------------------------------------------------------------------------------------
 Index Scan Backward using idx on public.t (actual rows=1024.00 loops=1)
   Output: a, b
   Index Cond: ((t.a >= 10394) AND (t.a <= 10457))
   Index Searches: 1
   Buffers: shared hit=78
 Settings: enable_bitmapscan = 'off', enable_seqscan = 'off', max_parallel_workers_per_gather = '0'
 Planning:
   Buffers: shared hit=105
 Planning Time: 0.322 ms
 Execution Time: 0.273 ms
(10 rows)

