SET
SET
SET
SET
SET
                                                                  QUERY PLAN                                                                   
-----------------------------------------------------------------------------------------------------------------------------------------------
 Index Scan Backward using idx on public.t (actual rows=8048576.00 loops=1)
   Output: a, b
   Index Cond: ((t.a >= 28819) AND (t.a <= 531854))
   Index Searches: 1
   Prefetch: distance=269.419 count=663115 stalls=1 skipped=7514937 resets=0 ungets=129700 forwarded=219
             histogram [2,4) => 2, [4,8) => 3, [8,16) => 6, [16,32) => 11, [32,64) => 2, [64,128) => 2, [128,256) => 5140, [256,512) => 657949
   Buffers: shared hit=407520 read=147906
 Settings: enable_bitmapscan = 'off', enable_seqscan = 'off', max_parallel_workers_per_gather = '0'
 Planning:
   Buffers: shared hit=78 read=22
 Planning Time: 5.771 ms
 Execution Time: 4103.032 ms
(12 rows)

SET
SET
SET
SET
SET
                                             QUERY PLAN                                             
----------------------------------------------------------------------------------------------------
 Index Scan Backward using idx on public.t (actual rows=8048576.00 loops=1)
   Output: a, b
   Index Cond: ((t.a >= 28819) AND (t.a <= 531854))
   Index Searches: 1
   Buffers: shared hit=555427
 Settings: enable_bitmapscan = 'off', enable_seqscan = 'off', max_parallel_workers_per_gather = '0'
 Planning:
   Buffers: shared hit=105
 Planning Time: 0.451 ms
 Execution Time: 1500.108 ms
(10 rows)

