SET
SET
SET
SET
SET
                                                                  QUERY PLAN                                                                  
----------------------------------------------------------------------------------------------------------------------------------------------
 Index Scan Backward using idx on public.t (actual rows=9048576.00 loops=1)
   Output: a, b
   Index Cond: ((t.a >= 16321) AND (t.a <= 581856))
   Index Searches: 1
   Prefetch: distance=269.421 count=745520 stalls=1 skipped=8448416 resets=0 ungets=145712 forwarded=260
             histogram [2,4) => 2, [4,8) => 6, [8,16) => 9, [16,32) => 6, [32,64) => 2, [64,128) => 2, [128,256) => 5673, [256,512) => 739820
   Buffers: shared hit=458281 read=166275
 Settings: enable_bitmapscan = 'off', enable_seqscan = 'off', max_parallel_workers_per_gather = '0'
 Planning:
   Buffers: shared hit=78 read=22
 Planning Time: 5.610 ms
 Execution Time: 4651.519 ms
(12 rows)

SET
SET
SET
SET
SET
                                             QUERY PLAN                                             
----------------------------------------------------------------------------------------------------
 Index Scan Backward using idx on public.t (actual rows=9048576.00 loops=1)
   Output: a, b
   Index Cond: ((t.a >= 16321) AND (t.a <= 581856))
   Index Searches: 1
   Buffers: shared hit=624558
 Settings: enable_bitmapscan = 'off', enable_seqscan = 'off', max_parallel_workers_per_gather = '0'
 Planning:
   Buffers: shared hit=105
 Planning Time: 0.468 ms
 Execution Time: 1239.538 ms
(10 rows)

