SET
SET
SET
SET
SET
                                             QUERY PLAN                                             
----------------------------------------------------------------------------------------------------
 Index Scan using idx on public.t (actual rows=2048.00 loops=1)
   Output: a, b
   Index Cond: ((t.a >= 7847) AND (t.a <= 7974))
   Index Searches: 1
   Prefetch: distance=2.075 count=53 stalls=1419 skipped=509 resets=0 ungets=0 forwarded=0
             histogram [2,4) => 52, [4,8) => 1
   Buffers: shared hit=1474 read=57
 Settings: enable_bitmapscan = 'off', enable_seqscan = 'off', max_parallel_workers_per_gather = '0'
 Planning:
   Buffers: shared hit=82 read=22
 Planning Time: 5.564 ms
 Execution Time: 5.309 ms
(12 rows)

SET
SET
SET
SET
SET
                                             QUERY PLAN                                             
----------------------------------------------------------------------------------------------------
 Index Scan using idx on public.t (actual rows=2048.00 loops=1)
   Output: a, b
   Index Cond: ((t.a >= 7847) AND (t.a <= 7974))
   Index Searches: 1
   Buffers: shared hit=1531
 Settings: enable_bitmapscan = 'off', enable_seqscan = 'off', max_parallel_workers_per_gather = '0'
 Planning:
   Buffers: shared hit=109
 Planning Time: 0.418 ms
 Execution Time: 0.574 ms
(10 rows)

