SET
SET
SET
SET
SET
                                                               QUERY PLAN                                                                
-----------------------------------------------------------------------------------------------------------------------------------------
 Index Scan Backward using idx on public.t (actual rows=4096.00 loops=1)
   Output: a, b
   Index Cond: ((t.a >= 12322) AND (t.a <= 12577))
   Index Searches: 1
   Prefetch: distance=253.102 count=400 stalls=1 skipped=3561 resets=0 ungets=153 forwarded=1
             histogram [2,4) => 2, [4,8) => 7, [8,16) => 4, [16,32) => 10, [32,64) => 2, [64,128) => 3, [128,256) => 3, [256,512) => 369
   Buffers: shared hit=85 read=198
 Settings: enable_bitmapscan = 'off', enable_seqscan = 'off', max_parallel_workers_per_gather = '0'
 Planning:
   Buffers: shared hit=78 read=22
 Planning Time: 5.581 ms
 Execution Time: 7.372 ms
(12 rows)

SET
SET
SET
SET
SET
                                             QUERY PLAN                                             
----------------------------------------------------------------------------------------------------
 Index Scan Backward using idx on public.t (actual rows=4096.00 loops=1)
   Output: a, b
   Index Cond: ((t.a >= 12322) AND (t.a <= 12577))
   Index Searches: 1
   Buffers: shared hit=283
 Settings: enable_bitmapscan = 'off', enable_seqscan = 'off', max_parallel_workers_per_gather = '0'
 Planning:
   Buffers: shared hit=105
 Planning Time: 0.333 ms
 Execution Time: 0.849 ms
(10 rows)

