SET
SET
SET
SET
SET
                                                                  QUERY PLAN                                                                   
-----------------------------------------------------------------------------------------------------------------------------------------------
 Index Scan Backward using idx on public.t (actual rows=9048576.00 loops=1)
   Output: a, b
   Index Cond: ((t.a >= 4522) AND (t.a <= 570057))
   Index Searches: 1
   Prefetch: distance=269.422 count=745546 stalls=1 skipped=8448491 resets=0 ungets=145749 forwarded=263
             histogram [2,4) => 2, [4,8) => 3, [8,16) => 10, [16,32) => 8, [32,64) => 2, [64,128) => 2, [128,256) => 5667, [256,512) => 739852
   Buffers: shared hit=458277 read=166266
 Settings: enable_bitmapscan = 'off', enable_seqscan = 'off', max_parallel_workers_per_gather = '0'
 Planning:
   Buffers: shared hit=78 read=26
 Planning Time: 6.866 ms
 Execution Time: 4608.811 ms
(12 rows)

SET
SET
SET
SET
SET
                                             QUERY PLAN                                             
----------------------------------------------------------------------------------------------------
 Index Scan Backward using idx on public.t (actual rows=9048576.00 loops=1)
   Output: a, b
   Index Cond: ((t.a >= 4522) AND (t.a <= 570057))
   Index Searches: 1
   Buffers: shared hit=624545
 Settings: enable_bitmapscan = 'off', enable_seqscan = 'off', max_parallel_workers_per_gather = '0'
 Planning:
   Buffers: shared hit=109
 Planning Time: 0.476 ms
 Execution Time: 1698.647 ms
(10 rows)

