SET
SET
SET
SET
SET
                                                                QUERY PLAN                                                                
------------------------------------------------------------------------------------------------------------------------------------------
 Index Scan Backward using idx on public.t (actual rows=16384.00 loops=1)
   Output: a, b
   Index Cond: ((t.a >= 2553) AND (t.a <= 3576))
   Index Searches: 1
   Prefetch: distance=265.175 count=1414 stalls=1 skipped=15022 resets=0 ungets=372 forwarded=1
             histogram [2,4) => 4, [4,8) => 3, [8,16) => 7, [16,32) => 12, [32,64) => 2, [64,128) => 2, [128,256) => 2, [256,512) => 1382
   Buffers: shared hit=658 read=455
 Settings: enable_bitmapscan = 'off', enable_seqscan = 'off', max_parallel_workers_per_gather = '0'
 Planning:
   Buffers: shared hit=82 read=26
 Planning Time: 6.342 ms
 Execution Time: 14.006 ms
(12 rows)

SET
SET
SET
SET
SET
                                             QUERY PLAN                                             
----------------------------------------------------------------------------------------------------
 Index Scan Backward using idx on public.t (actual rows=16384.00 loops=1)
   Output: a, b
   Index Cond: ((t.a >= 2553) AND (t.a <= 3576))
   Index Searches: 1
   Buffers: shared hit=1113
 Settings: enable_bitmapscan = 'off', enable_seqscan = 'off', max_parallel_workers_per_gather = '0'
 Planning:
   Buffers: shared hit=113
 Planning Time: 0.386 ms
 Execution Time: 2.753 ms
(10 rows)

