SET
SET
SET
SET
SET
                                                                QUERY PLAN                                                                
------------------------------------------------------------------------------------------------------------------------------------------
 Index Scan Backward using idx on public.t (actual rows=65536.00 loops=1)
   Output: a, b
   Index Cond: ((t.a >= 7670) AND (t.a <= 11765))
   Index Searches: 1
   Prefetch: distance=268.528 count=5531 stalls=1 skipped=61120 resets=0 ungets=1179 forwarded=4
             histogram [2,4) => 2, [4,8) => 3, [8,16) => 9, [16,32) => 8, [32,64) => 2, [64,128) => 2, [128,256) => 28, [256,512) => 5477
   Buffers: shared hit=3177 read=1364
 Settings: enable_bitmapscan = 'off', enable_seqscan = 'off', max_parallel_workers_per_gather = '0'
 Planning:
   Buffers: shared hit=78 read=22
 Planning Time: 5.911 ms
 Execution Time: 38.208 ms
(12 rows)

SET
SET
SET
SET
SET
                                             QUERY PLAN                                             
----------------------------------------------------------------------------------------------------
 Index Scan Backward using idx on public.t (actual rows=65536.00 loops=1)
   Output: a, b
   Index Cond: ((t.a >= 7670) AND (t.a <= 11765))
   Index Searches: 1
   Buffers: shared hit=4541
 Settings: enable_bitmapscan = 'off', enable_seqscan = 'off', max_parallel_workers_per_gather = '0'
 Planning:
   Buffers: shared hit=105
 Planning Time: 0.349 ms
 Execution Time: 9.746 ms
(10 rows)

