SET
SET
SET
SET
SET
                                                                 QUERY PLAN                                                                  
---------------------------------------------------------------------------------------------------------------------------------------------
 Index Scan Backward using idx on public.t (actual rows=262144.00 loops=1)
   Output: a, b
   Index Cond: ((t.a >= 25213) AND (t.a <= 41596))
   Index Searches: 1
   Prefetch: distance=269.233 count=21649 stalls=1 skipped=244759 resets=0 ungets=4360 forwarded=8
             histogram [2,4) => 2, [4,8) => 3, [8,16) => 12, [16,32) => 5, [32,64) => 3, [64,128) => 2, [128,256) => 169, [256,512) => 21453
   Buffers: shared hit=13034 read=4984
 Settings: enable_bitmapscan = 'off', enable_seqscan = 'off', max_parallel_workers_per_gather = '0'
 Planning:
   Buffers: shared hit=78 read=22
 Planning Time: 6.014 ms
 Execution Time: 141.713 ms
(12 rows)

SET
SET
SET
SET
SET
                                             QUERY PLAN                                             
----------------------------------------------------------------------------------------------------
 Index Scan Backward using idx on public.t (actual rows=262144.00 loops=1)
   Output: a, b
   Index Cond: ((t.a >= 25213) AND (t.a <= 41596))
   Index Searches: 1
   Buffers: shared hit=18018
 Settings: enable_bitmapscan = 'off', enable_seqscan = 'off', max_parallel_workers_per_gather = '0'
 Planning:
   Buffers: shared hit=105
 Planning Time: 0.364 ms
 Execution Time: 41.098 ms
(10 rows)

