SET
SET
SET
SET
SET
                                                                  QUERY PLAN                                                                   
-----------------------------------------------------------------------------------------------------------------------------------------------
 Index Scan Backward using idx on public.t (actual rows=9048576.00 loops=1)
   Output: a, b
   Index Cond: ((t.a >= 28092) AND (t.a <= 593627))
   Index Searches: 1
   Prefetch: distance=269.418 count=745546 stalls=1 skipped=8448626 resets=0 ungets=145740 forwarded=255
             histogram [2,4) => 2, [4,8) => 6, [8,16) => 6, [16,32) => 10, [32,64) => 3, [64,128) => 2, [128,256) => 5703, [256,512) => 739814
   Buffers: shared hit=458267 read=166272
 Settings: enable_bitmapscan = 'off', enable_seqscan = 'off', max_parallel_workers_per_gather = '0'
 Planning:
   Buffers: shared hit=78 read=22
 Planning Time: 5.507 ms
 Execution Time: 4623.004 ms
(12 rows)

SET
SET
SET
SET
SET
                                             QUERY PLAN                                             
----------------------------------------------------------------------------------------------------
 Index Scan Backward using idx on public.t (actual rows=9048576.00 loops=1)
   Output: a, b
   Index Cond: ((t.a >= 28092) AND (t.a <= 593627))
   Index Searches: 1
   Buffers: shared hit=624544
 Settings: enable_bitmapscan = 'off', enable_seqscan = 'off', max_parallel_workers_per_gather = '0'
 Planning:
   Buffers: shared hit=105
 Planning Time: 0.430 ms
 Execution Time: 1247.339 ms
(10 rows)

