SET
SET
SET
SET
SET
                                                                  QUERY PLAN                                                                   
-----------------------------------------------------------------------------------------------------------------------------------------------
 Index Scan Backward using idx on public.t (actual rows=4048576.00 loops=1)
   Output: a, b
   Index Cond: ((t.a >= 3290) AND (t.a <= 256325))
   Index Searches: 1
   Prefetch: distance=269.411 count=333699 stalls=1 skipped=3779943 resets=0 ungets=65306 forwarded=137
             histogram [2,4) => 2, [4,8) => 3, [8,16) => 11, [16,32) => 7, [32,64) => 2, [64,128) => 2, [128,256) => 2625, [256,512) => 331047
   Buffers: shared hit=205001 read=74473
 Settings: enable_bitmapscan = 'off', enable_seqscan = 'off', max_parallel_workers_per_gather = '0'
 Planning:
   Buffers: shared hit=78 read=26
 Planning Time: 6.493 ms
 Execution Time: 2045.911 ms
(12 rows)

SET
SET
SET
SET
SET
                                             QUERY PLAN                                             
----------------------------------------------------------------------------------------------------
 Index Scan Backward using idx on public.t (actual rows=4048576.00 loops=1)
   Output: a, b
   Index Cond: ((t.a >= 3290) AND (t.a <= 256325))
   Index Searches: 1
   Buffers: shared hit=279476
 Settings: enable_bitmapscan = 'off', enable_seqscan = 'off', max_parallel_workers_per_gather = '0'
 Planning:
   Buffers: shared hit=109
 Planning Time: 0.403 ms
 Execution Time: 640.073 ms
(10 rows)

