SET
SET
SET
SET
SET
                                                                QUERY PLAN                                                                
------------------------------------------------------------------------------------------------------------------------------------------
 Index Scan using idx on public.t (actual rows=4096.00 loops=1)
   Output: a, b
   Index Cond: ((t.a >= 13472) AND (t.a <= 13727))
   Index Searches: 1
   Prefetch: distance=251.760 count=405 stalls=2 skipped=3584 resets=0 ungets=149 forwarded=5
             histogram [2,4) => 4, [4,8) => 3, [8,16) => 11, [16,32) => 10, [32,64) => 2, [64,128) => 2, [128,256) => 2, [256,512) => 371
   Buffers: shared hit=91 read=200
 Settings: enable_bitmapscan = 'off', enable_seqscan = 'off', max_parallel_workers_per_gather = '0'
 Planning:
   Buffers: shared hit=82 read=22
 Planning Time: 6.105 ms
 Execution Time: 6.960 ms
(12 rows)

SET
SET
SET
SET
SET
                                             QUERY PLAN                                             
----------------------------------------------------------------------------------------------------
 Index Scan using idx on public.t (actual rows=4096.00 loops=1)
   Output: a, b
   Index Cond: ((t.a >= 13472) AND (t.a <= 13727))
   Index Searches: 1
   Buffers: shared hit=291
 Settings: enable_bitmapscan = 'off', enable_seqscan = 'off', max_parallel_workers_per_gather = '0'
 Planning:
   Buffers: shared hit=109
 Planning Time: 0.360 ms
 Execution Time: 0.928 ms
(10 rows)

