SET
SET
SET
SET
SET
                                                                   QUERY PLAN                                                                   
------------------------------------------------------------------------------------------------------------------------------------------------
 Index Scan using idx on public.t (actual rows=3048576.00 loops=1)
   Output: a, b
   Index Cond: ((t.a >= 27633) AND (t.a <= 218168))
   Index Searches: 1
   Prefetch: distance=269.564 count=252026 stalls=1 skipped=2846011 resets=0 ungets=49829 forwarded=1324
             histogram [2,4) => 2, [4,8) => 3, [8,16) => 10, [16,32) => 12, [32,64) => 4, [64,128) => 2, [128,256) => 1345, [256,512) => 250648
   Buffers: shared hit=154408 read=56126
 Settings: enable_bitmapscan = 'off', enable_seqscan = 'off', max_parallel_workers_per_gather = '0'
 Planning:
   Buffers: shared hit=82 read=22
 Planning Time: 5.455 ms
 Execution Time: 904.555 ms
(12 rows)

SET
SET
SET
SET
SET
                                             QUERY PLAN                                             
----------------------------------------------------------------------------------------------------
 Index Scan using idx on public.t (actual rows=3048576.00 loops=1)
   Output: a, b
   Index Cond: ((t.a >= 27633) AND (t.a <= 218168))
   Index Searches: 1
   Buffers: shared hit=210557
 Settings: enable_bitmapscan = 'off', enable_seqscan = 'off', max_parallel_workers_per_gather = '0'
 Planning:
   Buffers: shared hit=109
 Planning Time: 0.478 ms
 Execution Time: 614.277 ms
(10 rows)

