SET
SET
SET
SET
SET
                                                                 QUERY PLAN                                                                  
---------------------------------------------------------------------------------------------------------------------------------------------
 Index Scan using idx on public.t (actual rows=262144.00 loops=1)
   Output: a, b
   Index Cond: ((t.a >= 19394) AND (t.a <= 35777))
   Index Searches: 1
   Prefetch: distance=269.290 count=21714 stalls=1 skipped=244597 resets=0 ungets=4407 forwarded=118
             histogram [2,4) => 2, [4,8) => 4, [8,16) => 10, [16,32) => 8, [32,64) => 2, [64,128) => 2, [128,256) => 145, [256,512) => 21541
   Buffers: shared hit=13071 read=4972
 Settings: enable_bitmapscan = 'off', enable_seqscan = 'off', max_parallel_workers_per_gather = '0'
 Planning:
   Buffers: shared hit=82 read=22
 Planning Time: 5.715 ms
 Execution Time: 86.520 ms
(12 rows)

SET
SET
SET
SET
SET
                                             QUERY PLAN                                             
----------------------------------------------------------------------------------------------------
 Index Scan using idx on public.t (actual rows=262144.00 loops=1)
   Output: a, b
   Index Cond: ((t.a >= 19394) AND (t.a <= 35777))
   Index Searches: 1
   Buffers: shared hit=18044
 Settings: enable_bitmapscan = 'off', enable_seqscan = 'off', max_parallel_workers_per_gather = '0'
 Planning:
   Buffers: shared hit=109
 Planning Time: 0.373 ms
 Execution Time: 45.554 ms
(10 rows)

