SET
SET
SET
SET
SET
                                                                  QUERY PLAN                                                                  
----------------------------------------------------------------------------------------------------------------------------------------------
 Index Scan using idx on public.t (actual rows=5048576.00 loops=1)
   Output: a, b
   Index Cond: ((t.a >= 14527) AND (t.a <= 330062))
   Index Searches: 1
   Prefetch: distance=269.595 count=417530 stalls=1 skipped=4713589 resets=0 ungets=82751 forwarded=2183
             histogram [2,4) => 3, [4,8) => 6, [8,16) => 7, [16,32) => 6, [32,64) => 2, [64,128) => 2, [128,256) => 2313, [256,512) => 415191
   Buffers: shared hit=255697 read=92852
 Settings: enable_bitmapscan = 'off', enable_seqscan = 'off', max_parallel_workers_per_gather = '0'
 Planning:
   Buffers: shared hit=82 read=22
 Planning Time: 5.728 ms
 Execution Time: 1475.053 ms
(12 rows)

SET
SET
SET
SET
SET
                                             QUERY PLAN                                             
----------------------------------------------------------------------------------------------------
 Index Scan using idx on public.t (actual rows=5048576.00 loops=1)
   Output: a, b
   Index Cond: ((t.a >= 14527) AND (t.a <= 330062))
   Index Searches: 1
   Buffers: shared hit=348592
 Settings: enable_bitmapscan = 'off', enable_seqscan = 'off', max_parallel_workers_per_gather = '0'
 Planning:
   Buffers: shared hit=109
 Planning Time: 0.385 ms
 Execution Time: 786.404 ms
(10 rows)

