SET
SET
SET
SET
SET
                                                               QUERY PLAN                                                               
----------------------------------------------------------------------------------------------------------------------------------------
 Index Scan using idx on public.t (actual rows=4096.00 loops=1)
   Output: a, b
   Index Cond: ((t.a >= 2929) AND (t.a <= 3184))
   Index Searches: 1
   Prefetch: distance=253.853 count=387 stalls=1 skipped=3562 resets=0 ungets=141 forwarded=1
             histogram [2,4) => 2, [4,8) => 3, [8,16) => 5, [16,32) => 9, [32,64) => 5, [64,128) => 2, [128,256) => 2, [256,512) => 359
   Buffers: shared hit=86 read=195
 Settings: enable_bitmapscan = 'off', enable_seqscan = 'off', max_parallel_workers_per_gather = '0'
 Planning:
   Buffers: shared hit=86 read=26
 Planning Time: 6.102 ms
 Execution Time: 6.170 ms
(12 rows)

SET
SET
SET
SET
SET
                                             QUERY PLAN                                             
----------------------------------------------------------------------------------------------------
 Index Scan using idx on public.t (actual rows=4096.00 loops=1)
   Output: a, b
   Index Cond: ((t.a >= 2929) AND (t.a <= 3184))
   Index Searches: 1
   Buffers: shared hit=281
 Settings: enable_bitmapscan = 'off', enable_seqscan = 'off', max_parallel_workers_per_gather = '0'
 Planning:
   Buffers: shared hit=117
 Planning Time: 0.345 ms
 Execution Time: 0.861 ms
(10 rows)

