SET
SET
SET
SET
SET
                                                               QUERY PLAN                                                                
-----------------------------------------------------------------------------------------------------------------------------------------
 Index Scan using idx on public.t (actual rows=32768.00 loops=1)
   Output: a, b
   Index Cond: ((t.a >= 2775) AND (t.a <= 4822))
   Index Searches: 1
   Prefetch: distance=267.861 count=2795 stalls=1 skipped=30481 resets=0 ungets=652 forwarded=15
             histogram [2,4) => 2, [4,8) => 3, [8,16) => 5, [16,32) => 9, [32,64) => 2, [64,128) => 3, [128,256) => 3, [256,512) => 2768
   Buffers: shared hit=1496 read=751
 Settings: enable_bitmapscan = 'off', enable_seqscan = 'off', max_parallel_workers_per_gather = '0'
 Planning:
   Buffers: shared hit=86 read=26
 Planning Time: 6.221 ms
 Execution Time: 14.354 ms
(12 rows)

SET
SET
SET
SET
SET
                                             QUERY PLAN                                             
----------------------------------------------------------------------------------------------------
 Index Scan using idx on public.t (actual rows=32768.00 loops=1)
   Output: a, b
   Index Cond: ((t.a >= 2775) AND (t.a <= 4822))
   Index Searches: 1
   Buffers: shared hit=2248
 Settings: enable_bitmapscan = 'off', enable_seqscan = 'off', max_parallel_workers_per_gather = '0'
 Planning:
   Buffers: shared hit=117
 Planning Time: 0.364 ms
 Execution Time: 4.381 ms
(10 rows)

