SET
SET
SET
SET
SET
                                                                  QUERY PLAN                                                                   
-----------------------------------------------------------------------------------------------------------------------------------------------
 Index Scan using idx on public.t (actual rows=2048576.00 loops=1)
   Output: a, b
   Index Cond: ((t.a >= 181) AND (t.a <= 128216))
   Index Searches: 1
   Prefetch: distance=269.533 count=169199 stalls=1 skipped=1912501 resets=0 ungets=33380 forwarded=873
             histogram [2,4) => 2, [4,8) => 3, [8,16) => 11, [16,32) => 9, [32,64) => 2, [64,128) => 3, [128,256) => 1016, [256,512) => 168153
   Buffers: shared hit=103702 read=37722
 Settings: enable_bitmapscan = 'off', enable_seqscan = 'off', max_parallel_workers_per_gather = '0'
 Planning:
   Buffers: shared hit=82 read=26
 Planning Time: 6.630 ms
 Execution Time: 644.590 ms
(12 rows)

SET
SET
SET
SET
SET
                                             QUERY PLAN                                             
----------------------------------------------------------------------------------------------------
 Index Scan using idx on public.t (actual rows=2048576.00 loops=1)
   Output: a, b
   Index Cond: ((t.a >= 181) AND (t.a <= 128216))
   Index Searches: 1
   Buffers: shared hit=141438
 Settings: enable_bitmapscan = 'off', enable_seqscan = 'off', max_parallel_workers_per_gather = '0'
 Planning:
   Buffers: shared hit=113
 Planning Time: 0.504 ms
 Execution Time: 355.706 ms
(10 rows)

