SET
SET
SET
SET
SET
                                                                  QUERY PLAN                                                                   
-----------------------------------------------------------------------------------------------------------------------------------------------
 Index Scan using idx on public.t (actual rows=7048576.00 loops=1)
   Output: a, b
   Index Cond: ((t.a >= 28446) AND (t.a <= 468981))
   Index Searches: 1
   Prefetch: distance=269.568 count=581900 stalls=1 skipped=6581160 resets=0 ungets=114676 forwarded=2995
             histogram [2,4) => 2, [4,8) => 4, [8,16) => 6, [16,32) => 14, [32,64) => 2, [64,128) => 2, [128,256) => 3534, [256,512) => 578336
   Buffers: shared hit=356891 read=129555
 Settings: enable_bitmapscan = 'off', enable_seqscan = 'off', max_parallel_workers_per_gather = '0'
 Planning:
   Buffers: shared hit=82 read=22
 Planning Time: 5.946 ms
 Execution Time: 2179.422 ms
(12 rows)

SET
SET
SET
SET
SET
                                             QUERY PLAN                                             
----------------------------------------------------------------------------------------------------
 Index Scan using idx on public.t (actual rows=7048576.00 loops=1)
   Output: a, b
   Index Cond: ((t.a >= 28446) AND (t.a <= 468981))
   Index Searches: 1
   Buffers: shared hit=486500
 Settings: enable_bitmapscan = 'off', enable_seqscan = 'off', max_parallel_workers_per_gather = '0'
 Planning:
   Buffers: shared hit=109
 Planning Time: 0.417 ms
 Execution Time: 1280.695 ms
(10 rows)

