SET
SET
SET
SET
SET
                                                                 QUERY PLAN                                                                 
--------------------------------------------------------------------------------------------------------------------------------------------
 Index Scan using idx on public.t (actual rows=524288.00 loops=1)
   Output: a, b
   Index Cond: ((t.a >= 27616) AND (t.a <= 60383))
   Index Searches: 1
   Prefetch: distance=269.437 count=43398 stalls=1 skipped=489437 resets=0 ungets=8659 forwarded=219
             histogram [2,4) => 2, [4,8) => 3, [8,16) => 5, [16,32) => 9, [32,64) => 6, [64,128) => 3, [128,256) => 251, [256,512) => 43119
   Buffers: shared hit=26396 read=9786
 Settings: enable_bitmapscan = 'off', enable_seqscan = 'off', max_parallel_workers_per_gather = '0'
 Planning:
   Buffers: shared hit=82 read=22
 Planning Time: 5.647 ms
 Execution Time: 166.292 ms
(12 rows)

SET
SET
SET
SET
SET
                                             QUERY PLAN                                             
----------------------------------------------------------------------------------------------------
 Index Scan using idx on public.t (actual rows=524288.00 loops=1)
   Output: a, b
   Index Cond: ((t.a >= 27616) AND (t.a <= 60383))
   Index Searches: 1
   Buffers: shared hit=36185
 Settings: enable_bitmapscan = 'off', enable_seqscan = 'off', max_parallel_workers_per_gather = '0'
 Planning:
   Buffers: shared hit=109
 Planning Time: 0.366 ms
 Execution Time: 93.727 ms
(10 rows)

