SET
SET
SET
SET
SET
                                                               QUERY PLAN                                                                
-----------------------------------------------------------------------------------------------------------------------------------------
 Index Scan using idx on public.t (actual rows=2048.00 loops=1)
   Output: a, b
   Index Cond: ((t.a >= 16957) AND (t.a <= 17084))
   Index Searches: 1
   Prefetch: distance=236.277 count=206 stalls=1 skipped=1762 resets=0 ungets=80 forwarded=1
             histogram [2,4) => 2, [4,8) => 4, [8,16) => 11, [16,32) => 8, [32,64) => 2, [64,128) => 2, [128,256) => 2, [256,512) => 175
   Buffers: shared hit=29 read=120
 Settings: enable_bitmapscan = 'off', enable_seqscan = 'off', max_parallel_workers_per_gather = '0'
 Planning:
   Buffers: shared hit=82 read=22
 Planning Time: 5.742 ms
 Execution Time: 4.849 ms
(12 rows)

SET
SET
SET
SET
SET
                                             QUERY PLAN                                             
----------------------------------------------------------------------------------------------------
 Index Scan using idx on public.t (actual rows=2048.00 loops=1)
   Output: a, b
   Index Cond: ((t.a >= 16957) AND (t.a <= 17084))
   Index Searches: 1
   Buffers: shared hit=149
 Settings: enable_bitmapscan = 'off', enable_seqscan = 'off', max_parallel_workers_per_gather = '0'
 Planning:
   Buffers: shared hit=109
 Planning Time: 0.339 ms
 Execution Time: 0.452 ms
(10 rows)

