SET
SET
SET
SET
SET
                                                               QUERY PLAN                                                                
-----------------------------------------------------------------------------------------------------------------------------------------
 Index Scan using idx on public.t (actual rows=4096.00 loops=1)
   Output: a, b
   Index Cond: ((t.a >= 1327) AND (t.a <= 1582))
   Index Searches: 1
   Prefetch: distance=252.562 count=406 stalls=1 skipped=3545 resets=0 ungets=143 forwarded=5
             histogram [2,4) => 2, [4,8) => 4, [8,16) => 8, [16,32) => 12, [32,64) => 2, [64,128) => 2, [128,256) => 2, [256,512) => 374
   Buffers: shared hit=96 read=205
 Settings: enable_bitmapscan = 'off', enable_seqscan = 'off', max_parallel_workers_per_gather = '0'
 Planning:
   Buffers: shared hit=86 read=26
 Planning Time: 6.476 ms
 Execution Time: 6.676 ms
(12 rows)

SET
SET
SET
SET
SET
                                             QUERY PLAN                                             
----------------------------------------------------------------------------------------------------
 Index Scan using idx on public.t (actual rows=4096.00 loops=1)
   Output: a, b
   Index Cond: ((t.a >= 1327) AND (t.a <= 1582))
   Index Searches: 1
   Buffers: shared hit=301
 Settings: enable_bitmapscan = 'off', enable_seqscan = 'off', max_parallel_workers_per_gather = '0'
 Planning:
   Buffers: shared hit=117
 Planning Time: 0.460 ms
 Execution Time: 0.764 ms
(10 rows)

