SET
SET
SET
SET
SET
                                                                 QUERY PLAN                                                                  
---------------------------------------------------------------------------------------------------------------------------------------------
 Index Scan using idx on public.t (actual rows=2048576.00 loops=1)
   Output: a, b
   Index Cond: ((t.a >= 32204) AND (t.a <= 160239))
   Index Searches: 1
   Prefetch: distance=269.542 count=169275 stalls=1 skipped=1912469 resets=0 ungets=33392 forwarded=889
             histogram [2,4) => 2, [4,8) => 7, [8,16) => 8, [16,32) => 7, [32,64) => 2, [64,128) => 2, [128,256) => 913, [256,512) => 168334
   Buffers: shared hit=103739 read=37752
 Settings: enable_bitmapscan = 'off', enable_seqscan = 'off', max_parallel_workers_per_gather = '0'
 Planning:
   Buffers: shared hit=82 read=22
 Planning Time: 5.608 ms
 Execution Time: 634.106 ms
(12 rows)

SET
SET
SET
SET
SET
                                             QUERY PLAN                                             
----------------------------------------------------------------------------------------------------
 Index Scan using idx on public.t (actual rows=2048576.00 loops=1)
   Output: a, b
   Index Cond: ((t.a >= 32204) AND (t.a <= 160239))
   Index Searches: 1
   Buffers: shared hit=141502
 Settings: enable_bitmapscan = 'off', enable_seqscan = 'off', max_parallel_workers_per_gather = '0'
 Planning:
   Buffers: shared hit=109
 Planning Time: 0.377 ms
 Execution Time: 330.211 ms
(10 rows)

