SET
SET
SET
SET
SET
                                                                  QUERY PLAN                                                                  
----------------------------------------------------------------------------------------------------------------------------------------------
 Index Scan using idx on public.t (actual rows=6048576.00 loops=1)
   Output: a, b
   Index Cond: ((t.a >= 7037) AND (t.a <= 385072))
   Index Searches: 1
   Prefetch: distance=269.576 count=499685 stalls=1 skipped=5647346 resets=0 ungets=98583 forwarded=2616
             histogram [2,4) => 2, [4,8) => 6, [8,16) => 9, [16,32) => 7, [32,64) => 2, [64,128) => 2, [128,256) => 2947, [256,512) => 496710
   Buffers: shared hit=306396 read=111199
 Settings: enable_bitmapscan = 'off', enable_seqscan = 'off', max_parallel_workers_per_gather = '0'
 Planning:
   Buffers: shared hit=82 read=22
 Planning Time: 5.561 ms
 Execution Time: 1833.896 ms
(12 rows)

SET
SET
SET
SET
SET
                                             QUERY PLAN                                             
----------------------------------------------------------------------------------------------------
 Index Scan using idx on public.t (actual rows=6048576.00 loops=1)
   Output: a, b
   Index Cond: ((t.a >= 7037) AND (t.a <= 385072))
   Index Searches: 1
   Buffers: shared hit=417643
 Settings: enable_bitmapscan = 'off', enable_seqscan = 'off', max_parallel_workers_per_gather = '0'
 Planning:
   Buffers: shared hit=109
 Planning Time: 0.402 ms
 Execution Time: 1068.623 ms
(10 rows)

