SET
SET
SET
SET
SET
                                                               QUERY PLAN                                                                
-----------------------------------------------------------------------------------------------------------------------------------------
 Index Scan using idx on public.t (actual rows=1024.00 loops=1)
   Output: a, b
   Index Cond: ((t.a >= 13667) AND (t.a <= 13730))
   Index Searches: 1
   Prefetch: distance=151.403 count=67 stalls=2 skipped=671 resets=0 ungets=18 forwarded=1
             histogram [2,4) => 4, [4,8) => 3, [8,16) => 11, [16,32) => 10, [32,64) => 2, [64,128) => 2, [128,256) => 2, [256,512) => 33
   Buffers: shared hit=12 read=66
 Settings: enable_bitmapscan = 'off', enable_seqscan = 'off', max_parallel_workers_per_gather = '0'
 Planning:
   Buffers: shared hit=82 read=22
 Planning Time: 5.648 ms
 Execution Time: 4.712 ms
(12 rows)

SET
SET
SET
SET
SET
                                             QUERY PLAN                                             
----------------------------------------------------------------------------------------------------
 Index Scan using idx on public.t (actual rows=1024.00 loops=1)
   Output: a, b
   Index Cond: ((t.a >= 13667) AND (t.a <= 13730))
   Index Searches: 1
   Buffers: shared hit=78
 Settings: enable_bitmapscan = 'off', enable_seqscan = 'off', max_parallel_workers_per_gather = '0'
 Planning:
   Buffers: shared hit=109
 Planning Time: 0.326 ms
 Execution Time: 0.416 ms
(10 rows)

