SET
SET
SET
SET
SET
                                                               QUERY PLAN                                                                
-----------------------------------------------------------------------------------------------------------------------------------------
 Index Scan using idx on public.t (actual rows=8192.00 loops=1)
   Output: a, b
   Index Cond: ((t.a >= 17979) AND (t.a <= 18490))
   Index Searches: 1
   Prefetch: distance=262.189 count=774 stalls=1 skipped=7326 resets=0 ungets=244 forwarded=11
             histogram [2,4) => 2, [4,8) => 3, [8,16) => 5, [16,32) => 12, [32,64) => 4, [64,128) => 2, [128,256) => 2, [256,512) => 744
   Buffers: shared hit=271 read=312
 Settings: enable_bitmapscan = 'off', enable_seqscan = 'off', max_parallel_workers_per_gather = '0'
 Planning:
   Buffers: shared hit=82 read=22
 Planning Time: 5.496 ms
 Execution Time: 9.253 ms
(12 rows)

SET
SET
SET
SET
SET
                                             QUERY PLAN                                             
----------------------------------------------------------------------------------------------------
 Index Scan using idx on public.t (actual rows=8192.00 loops=1)
   Output: a, b
   Index Cond: ((t.a >= 17979) AND (t.a <= 18490))
   Index Searches: 1
   Buffers: shared hit=583
 Settings: enable_bitmapscan = 'off', enable_seqscan = 'off', max_parallel_workers_per_gather = '0'
 Planning:
   Buffers: shared hit=109
 Planning Time: 0.334 ms
 Execution Time: 1.377 ms
(10 rows)

