SET
SET
SET
SET
SET
                                                                  QUERY PLAN                                                                   
-----------------------------------------------------------------------------------------------------------------------------------------------
 Index Scan using idx on public.t (actual rows=7048576.00 loops=1)
   Output: a, b
   Index Cond: ((t.a >= 3078) AND (t.a <= 443613))
   Index Searches: 1
   Prefetch: distance=269.581 count=582357 stalls=1 skipped=6581126 resets=0 ungets=115099 forwarded=3008
             histogram [2,4) => 2, [4,8) => 3, [8,16) => 5, [16,32) => 12, [32,64) => 4, [64,128) => 2, [128,256) => 3527, [256,512) => 578802
   Buffers: shared hit=356941 read=129547
 Settings: enable_bitmapscan = 'off', enable_seqscan = 'off', max_parallel_workers_per_gather = '0'
 Planning:
   Buffers: shared hit=82 read=26
 Planning Time: 6.354 ms
 Execution Time: 2106.712 ms
(12 rows)

SET
SET
SET
SET
SET
                                             QUERY PLAN                                             
----------------------------------------------------------------------------------------------------
 Index Scan using idx on public.t (actual rows=7048576.00 loops=1)
   Output: a, b
   Index Cond: ((t.a >= 3078) AND (t.a <= 443613))
   Index Searches: 1
   Buffers: shared hit=486534
 Settings: enable_bitmapscan = 'off', enable_seqscan = 'off', max_parallel_workers_per_gather = '0'
 Planning:
   Buffers: shared hit=113
 Planning Time: 0.452 ms
 Execution Time: 1235.575 ms
(10 rows)

