SET
SET
SET
SET
SET
                                                                  QUERY PLAN                                                                   
-----------------------------------------------------------------------------------------------------------------------------------------------
 Index Scan using idx on public.t (actual rows=4048576.00 loops=1)
   Output: a, b
   Index Cond: ((t.a >= 6846) AND (t.a <= 259881))
   Index Searches: 1
   Prefetch: distance=269.558 count=334286 stalls=1 skipped=3779937 resets=0 ungets=65839 forwarded=1723
             histogram [2,4) => 2, [4,8) => 5, [8,16) => 6, [16,32) => 10, [32,64) => 5, [64,128) => 2, [128,256) => 1885, [256,512) => 332371
   Buffers: shared hit=205016 read=74481
 Settings: enable_bitmapscan = 'off', enable_seqscan = 'off', max_parallel_workers_per_gather = '0'
 Planning:
   Buffers: shared hit=82 read=26
 Planning Time: 5.975 ms
 Execution Time: 1259.568 ms
(12 rows)

SET
SET
SET
SET
SET
                                             QUERY PLAN                                             
----------------------------------------------------------------------------------------------------
 Index Scan using idx on public.t (actual rows=4048576.00 loops=1)
   Output: a, b
   Index Cond: ((t.a >= 6846) AND (t.a <= 259881))
   Index Searches: 1
   Buffers: shared hit=279528
 Settings: enable_bitmapscan = 'off', enable_seqscan = 'off', max_parallel_workers_per_gather = '0'
 Planning:
   Buffers: shared hit=113
 Planning Time: 0.428 ms
 Execution Time: 640.002 ms
(10 rows)

