SET
SET
SET
SET
SET
                                                                  QUERY PLAN                                                                   
-----------------------------------------------------------------------------------------------------------------------------------------------
 Index Scan using idx on public.t (actual rows=8048576.00 loops=1)
   Output: a, b
   Index Cond: ((t.a >= 16210) AND (t.a <= 519245))
   Index Searches: 1
   Prefetch: distance=269.588 count=664931 stalls=1 skipped=7514853 resets=0 ungets=131512 forwarded=3450
             histogram [2,4) => 2, [4,8) => 4, [8,16) => 11, [16,32) => 7, [32,64) => 2, [64,128) => 2, [128,256) => 3844, [256,512) => 661059
   Buffers: shared hit=407457 read=147912
 Settings: enable_bitmapscan = 'off', enable_seqscan = 'off', max_parallel_workers_per_gather = '0'
 Planning:
   Buffers: shared hit=82 read=22
 Planning Time: 6.167 ms
 Execution Time: 2389.507 ms
(12 rows)

SET
SET
SET
SET
SET
                                             QUERY PLAN                                             
----------------------------------------------------------------------------------------------------
 Index Scan using idx on public.t (actual rows=8048576.00 loops=1)
   Output: a, b
   Index Cond: ((t.a >= 16210) AND (t.a <= 519245))
   Index Searches: 1
   Buffers: shared hit=555435
 Settings: enable_bitmapscan = 'off', enable_seqscan = 'off', max_parallel_workers_per_gather = '0'
 Planning:
   Buffers: shared hit=109
 Planning Time: 0.420 ms
 Execution Time: 1400.467 ms
(10 rows)

