SET
SET
SET
SET
SET
                                                               QUERY PLAN                                                               
----------------------------------------------------------------------------------------------------------------------------------------
 Index Scan using idx on public.t (actual rows=4096.00 loops=1)
   Output: a, b
   Index Cond: ((t.a >= 15544) AND (t.a <= 15799))
   Index Searches: 1
   Prefetch: distance=256.091 count=428 stalls=1 skipped=3730 resets=0 ungets=158 forwarded=5
             histogram [2,4) => 2, [4,8) => 3, [8,16) => 5, [16,32) => 9, [32,64) => 4, [64,128) => 2, [128,256) => 2, [256,512) => 401
   Buffers: shared hit=91 read=202
 Settings: enable_bitmapscan = 'off', enable_seqscan = 'off', max_parallel_workers_per_gather = '0'
 Planning:
   Buffers: shared hit=82 read=22
 Planning Time: 5.490 ms
 Execution Time: 4.965 ms
(12 rows)

SET
SET
SET
SET
SET
                                             QUERY PLAN                                             
----------------------------------------------------------------------------------------------------
 Index Scan using idx on public.t (actual rows=4096.00 loops=1)
   Output: a, b
   Index Cond: ((t.a >= 15544) AND (t.a <= 15799))
   Index Searches: 1
   Buffers: shared hit=293
 Settings: enable_bitmapscan = 'off', enable_seqscan = 'off', max_parallel_workers_per_gather = '0'
 Planning:
   Buffers: shared hit=109
 Planning Time: 0.311 ms
 Execution Time: 0.770 ms
(10 rows)

