SET
SET
SET
SET
SET
                                                                QUERY PLAN                                                                 
-------------------------------------------------------------------------------------------------------------------------------------------
 Index Scan using idx on public.t (actual rows=65536.00 loops=1)
   Output: a, b
   Index Cond: ((t.a >= 11793) AND (t.a <= 15888))
   Index Searches: 1
   Prefetch: distance=268.517 count=5502 stalls=1 skipped=61144 resets=0 ungets=1174 forwarded=28
             histogram [2,4) => 2, [4,8) => 3, [8,16) => 7, [16,32) => 12, [32,64) => 2, [64,128) => 2, [128,256) => 38, [256,512) => 5436
   Buffers: shared hit=3154 read=1362
 Settings: enable_bitmapscan = 'off', enable_seqscan = 'off', max_parallel_workers_per_gather = '0'
 Planning:
   Buffers: shared hit=82 read=22
 Planning Time: 5.667 ms
 Execution Time: 24.930 ms
(12 rows)

SET
SET
SET
SET
SET
                                             QUERY PLAN                                             
----------------------------------------------------------------------------------------------------
 Index Scan using idx on public.t (actual rows=65536.00 loops=1)
   Output: a, b
   Index Cond: ((t.a >= 11793) AND (t.a <= 15888))
   Index Searches: 1
   Buffers: shared hit=4516
 Settings: enable_bitmapscan = 'off', enable_seqscan = 'off', max_parallel_workers_per_gather = '0'
 Planning:
   Buffers: shared hit=109
 Planning Time: 0.331 ms
 Execution Time: 9.327 ms
(10 rows)

