SET
SET
SET
SET
SET
                                                                 QUERY PLAN                                                                 
--------------------------------------------------------------------------------------------------------------------------------------------
 Index Scan Backward using idx on public.t (actual rows=131072.00 loops=1)
   Output: a, b
   Index Cond: ((t.a >= 21835) AND (t.a <= 30026))
   Index Searches: 1
   Prefetch: distance=269.173 count=11049 stalls=1 skipped=122082 resets=0 ungets=2395 forwarded=8
             histogram [2,4) => 4, [4,8) => 3, [8,16) => 6, [16,32) => 13, [32,64) => 2, [64,128) => 3, [128,256) => 45, [256,512) => 10973
   Buffers: shared hit=6468 read=2573
 Settings: enable_bitmapscan = 'off', enable_seqscan = 'off', max_parallel_workers_per_gather = '0'
 Planning:
   Buffers: shared hit=78 read=22
 Planning Time: 5.484 ms
 Execution Time: 81.626 ms
(12 rows)

SET
SET
SET
SET
SET
                                             QUERY PLAN                                             
----------------------------------------------------------------------------------------------------
 Index Scan Backward using idx on public.t (actual rows=131072.00 loops=1)
   Output: a, b
   Index Cond: ((t.a >= 21835) AND (t.a <= 30026))
   Index Searches: 1
   Buffers: shared hit=9041
 Settings: enable_bitmapscan = 'off', enable_seqscan = 'off', max_parallel_workers_per_gather = '0'
 Planning:
   Buffers: shared hit=105
 Planning Time: 0.361 ms
 Execution Time: 16.995 ms
(10 rows)

