SET
SET
SET
SET
SET
                                             QUERY PLAN                                             
----------------------------------------------------------------------------------------------------
 Index Scan using idx on public.t (actual rows=512.00 loops=1)
   Output: a, b
   Index Cond: ((t.a >= 29180) AND (t.a <= 29211))
   Index Searches: 1
   Prefetch: distance=2.000 count=8 stalls=215 skipped=78 resets=0 ungets=0 forwarded=0
             histogram [2,4) => 8
   Buffers: shared hit=347 read=35
 Settings: enable_bitmapscan = 'off', enable_seqscan = 'off', max_parallel_workers_per_gather = '0'
 Planning:
   Buffers: shared hit=82 read=22
 Planning Time: 5.643 ms
 Execution Time: 3.144 ms
(12 rows)

SET
SET
SET
SET
SET
                                             QUERY PLAN                                             
----------------------------------------------------------------------------------------------------
 Index Scan using idx on public.t (actual rows=512.00 loops=1)
   Output: a, b
   Index Cond: ((t.a >= 29180) AND (t.a <= 29211))
   Index Searches: 1
   Buffers: shared hit=382
 Settings: enable_bitmapscan = 'off', enable_seqscan = 'off', max_parallel_workers_per_gather = '0'
 Planning:
   Buffers: shared hit=109
 Planning Time: 0.297 ms
 Execution Time: 0.217 ms
(10 rows)

