SET
SET
SET
SET
SET
                                             QUERY PLAN                                             
----------------------------------------------------------------------------------------------------
 Index Scan using idx on public.t (actual rows=1024.00 loops=1)
   Output: a, b
   Index Cond: ((t.a >= 23029) AND (t.a <= 23092))
   Index Searches: 1
   Prefetch: distance=3.200 count=50 stalls=686 skipped=259 resets=0 ungets=0 forwarded=5
             histogram [2,4) => 35, [4,8) => 14, [8,16) => 1
   Buffers: shared hit=723 read=43
 Settings: enable_bitmapscan = 'off', enable_seqscan = 'off', max_parallel_workers_per_gather = '0'
 Planning:
   Buffers: shared hit=82 read=22
 Planning Time: 5.718 ms
 Execution Time: 3.483 ms
(12 rows)

SET
SET
SET
SET
SET
                                             QUERY PLAN                                             
----------------------------------------------------------------------------------------------------
 Index Scan using idx on public.t (actual rows=1024.00 loops=1)
   Output: a, b
   Index Cond: ((t.a >= 23029) AND (t.a <= 23092))
   Index Searches: 1
   Buffers: shared hit=766
 Settings: enable_bitmapscan = 'off', enable_seqscan = 'off', max_parallel_workers_per_gather = '0'
 Planning:
   Buffers: shared hit=109
 Planning Time: 0.319 ms
 Execution Time: 0.346 ms
(10 rows)

