SET
SET
SET
SET
SET
                                                                QUERY PLAN                                                                 
-------------------------------------------------------------------------------------------------------------------------------------------
 Index Scan Backward using idx on public.t (actual rows=131072.00 loops=1)
   Output: a, b
   Index Cond: ((t.a >= 26435) AND (t.a <= 34626))
   Index Searches: 1
   Prefetch: distance=269.281 count=11002 stalls=1 skipped=122166 resets=0 ungets=2400 forwarded=5
             histogram [2,4) => 2, [4,8) => 3, [8,16) => 8, [16,32) => 9, [32,64) => 3, [64,128) => 2, [128,256) => 44, [256,512) => 10931
   Buffers: shared hit=6411 read=2575
 Settings: enable_bitmapscan = 'off', enable_seqscan = 'off', max_parallel_workers_per_gather = '0'
 Planning:
   Buffers: shared hit=78 read=22
 Planning Time: 5.614 ms
 Execution Time: 80.702 ms
(12 rows)

SET
SET
SET
SET
SET
                                             QUERY PLAN                                             
----------------------------------------------------------------------------------------------------
 Index Scan Backward using idx on public.t (actual rows=131072.00 loops=1)
   Output: a, b
   Index Cond: ((t.a >= 26435) AND (t.a <= 34626))
   Index Searches: 1
   Buffers: shared hit=8986
 Settings: enable_bitmapscan = 'off', enable_seqscan = 'off', max_parallel_workers_per_gather = '0'
 Planning:
   Buffers: shared hit=105
 Planning Time: 0.343 ms
 Execution Time: 16.288 ms
(10 rows)

