SET
SET
SET
SET
SET
                                             QUERY PLAN                                             
----------------------------------------------------------------------------------------------------
 Index Scan using idx on public.t (actual rows=4096.00 loops=1)
   Output: a, b
   Index Cond: ((t.a >= 31347) AND (t.a <= 31602))
   Index Searches: 1
   Prefetch: distance=2.038 count=105 stalls=2943 skipped=1010 resets=0 ungets=0 forwarded=1
             histogram [2,4) => 104, [4,8) => 1
   Buffers: shared hit=3006 read=87
 Settings: enable_bitmapscan = 'off', enable_seqscan = 'off', max_parallel_workers_per_gather = '0'
 Planning:
   Buffers: shared hit=82 read=22
 Planning Time: 5.621 ms
 Execution Time: 8.684 ms
(12 rows)

SET
SET
SET
SET
SET
                                             QUERY PLAN                                             
----------------------------------------------------------------------------------------------------
 Index Scan using idx on public.t (actual rows=4096.00 loops=1)
   Output: a, b
   Index Cond: ((t.a >= 31347) AND (t.a <= 31602))
   Index Searches: 1
   Buffers: shared hit=3093
 Settings: enable_bitmapscan = 'off', enable_seqscan = 'off', max_parallel_workers_per_gather = '0'
 Planning:
   Buffers: shared hit=109
 Planning Time: 0.314 ms
 Execution Time: 1.079 ms
(10 rows)

