SET
SET
SET
SET
SET
                                                                  QUERY PLAN                                                                   
-----------------------------------------------------------------------------------------------------------------------------------------------
 Index Scan Backward using idx on public.t (actual rows=8048576.00 loops=1)
   Output: a, b
   Index Cond: ((t.a >= 18743) AND (t.a <= 521778))
   Index Searches: 1
   Prefetch: distance=269.724 count=673883 stalls=1 skipped=7515123 resets=0 ungets=140462 forwarded=256
             histogram [2,4) => 2, [4,8) => 3, [8,16) => 5, [16,32) => 10, [32,64) => 2, [64,128) => 2, [128,256) => 3107, [256,512) => 670752
   Buffers: shared hit=407512 read=147904
 Settings: enable_bitmapscan = 'off', enable_seqscan = 'off', max_parallel_workers_per_gather = '0'
 Planning:
   Buffers: shared hit=78 read=22
 Planning Time: 5.768 ms
 Execution Time: 4549.367 ms
(12 rows)

SET
SET
SET
SET
SET
                                             QUERY PLAN                                             
----------------------------------------------------------------------------------------------------
 Index Scan Backward using idx on public.t (actual rows=8048576.00 loops=1)
   Output: a, b
   Index Cond: ((t.a >= 18743) AND (t.a <= 521778))
   Index Searches: 1
   Buffers: shared hit=555420
 Settings: enable_bitmapscan = 'off', enable_seqscan = 'off', max_parallel_workers_per_gather = '0'
 Planning:
   Buffers: shared hit=105
 Planning Time: 0.412 ms
 Execution Time: 1062.727 ms
(10 rows)

