SET
SET
SET
SET
SET
                                                                 QUERY PLAN                                                                 
--------------------------------------------------------------------------------------------------------------------------------------------
 Index Scan Backward using idx on public.t (actual rows=524288.00 loops=1)
   Output: a, b
   Index Cond: ((t.a >= 3446) AND (t.a <= 36213))
   Index Searches: 1
   Prefetch: distance=269.618 count=43886 stalls=1 skipped=489305 resets=0 ungets=9207 forwarded=28
             histogram [2,4) => 2, [4,8) => 6, [8,16) => 8, [16,32) => 7, [32,64) => 2, [64,128) => 2, [128,256) => 199, [256,512) => 43660
   Buffers: shared hit=26360 read=9776
 Settings: enable_bitmapscan = 'off', enable_seqscan = 'off', max_parallel_workers_per_gather = '0'
 Planning:
   Buffers: shared hit=78 read=26
 Planning Time: 6.172 ms
 Execution Time: 305.899 ms
(12 rows)

SET
SET
SET
SET
SET
                                             QUERY PLAN                                             
----------------------------------------------------------------------------------------------------
 Index Scan Backward using idx on public.t (actual rows=524288.00 loops=1)
   Output: a, b
   Index Cond: ((t.a >= 3446) AND (t.a <= 36213))
   Index Searches: 1
   Buffers: shared hit=36137
 Settings: enable_bitmapscan = 'off', enable_seqscan = 'off', max_parallel_workers_per_gather = '0'
 Planning:
   Buffers: shared hit=109
 Planning Time: 0.563 ms
 Execution Time: 73.892 ms
(10 rows)

