SET
SET
SET
SET
SET
                                                                QUERY PLAN                                                                
------------------------------------------------------------------------------------------------------------------------------------------
 Index Scan Backward using idx on public.t (actual rows=32768.00 loops=1)
   Output: a, b
   Index Cond: ((t.a >= 27797) AND (t.a <= 29844))
   Index Searches: 1
   Prefetch: distance=267.763 count=2847 stalls=1 skipped=30507 resets=0 ungets=698 forwarded=1
             histogram [2,4) => 2, [4,8) => 7, [8,16) => 6, [16,32) => 8, [32,64) => 2, [64,128) => 2, [128,256) => 10, [256,512) => 2810
   Buffers: shared hit=1489 read=763
 Settings: enable_bitmapscan = 'off', enable_seqscan = 'off', max_parallel_workers_per_gather = '0'
 Planning:
   Buffers: shared hit=78 read=22
 Planning Time: 5.500 ms
 Execution Time: 23.215 ms
(12 rows)

SET
SET
SET
SET
SET
                                             QUERY PLAN                                             
----------------------------------------------------------------------------------------------------
 Index Scan Backward using idx on public.t (actual rows=32768.00 loops=1)
   Output: a, b
   Index Cond: ((t.a >= 27797) AND (t.a <= 29844))
   Index Searches: 1
   Buffers: shared hit=2252
 Settings: enable_bitmapscan = 'off', enable_seqscan = 'off', max_parallel_workers_per_gather = '0'
 Planning:
   Buffers: shared hit=105
 Planning Time: 0.419 ms
 Execution Time: 7.081 ms
(10 rows)

