SET
SET
SET
SET
SET
                                                                QUERY PLAN                                                                 
-------------------------------------------------------------------------------------------------------------------------------------------
 Index Scan Backward using idx on public.t (actual rows=131072.00 loops=1)
   Output: a, b
   Index Cond: ((t.a >= 16970) AND (t.a <= 25161))
   Index Searches: 1
   Prefetch: distance=269.256 count=11111 stalls=1 skipped=122139 resets=0 ungets=2402 forwarded=7
             histogram [2,4) => 2, [4,8) => 6, [8,16) => 7, [16,32) => 8, [32,64) => 2, [64,128) => 2, [128,256) => 39, [256,512) => 11045
   Buffers: shared hit=6524 read=2565
 Settings: enable_bitmapscan = 'off', enable_seqscan = 'off', max_parallel_workers_per_gather = '0'
 Planning:
   Buffers: shared hit=78 read=22
 Planning Time: 5.577 ms
 Execution Time: 81.639 ms
(12 rows)

SET
SET
SET
SET
SET
                                             QUERY PLAN                                             
----------------------------------------------------------------------------------------------------
 Index Scan Backward using idx on public.t (actual rows=131072.00 loops=1)
   Output: a, b
   Index Cond: ((t.a >= 16970) AND (t.a <= 25161))
   Index Searches: 1
   Buffers: shared hit=9089
 Settings: enable_bitmapscan = 'off', enable_seqscan = 'off', max_parallel_workers_per_gather = '0'
 Planning:
   Buffers: shared hit=105
 Planning Time: 0.447 ms
 Execution Time: 26.821 ms
(10 rows)

