SET
SET
SET
SET
SET
                                                                  QUERY PLAN                                                                   
-----------------------------------------------------------------------------------------------------------------------------------------------
 Index Scan Backward using idx on public.t (actual rows=4048576.00 loops=1)
   Output: a, b
   Index Cond: ((t.a >= 18142) AND (t.a <= 271177))
   Index Searches: 1
   Prefetch: distance=269.721 count=339176 stalls=1 skipped=3780044 resets=0 ungets=70788 forwarded=148
             histogram [2,4) => 2, [4,8) => 3, [8,16) => 7, [16,32) => 10, [32,64) => 2, [64,128) => 2, [128,256) => 1492, [256,512) => 337658
   Buffers: shared hit=204982 read=74481
 Settings: enable_bitmapscan = 'off', enable_seqscan = 'off', max_parallel_workers_per_gather = '0'
 Planning:
   Buffers: shared hit=78 read=22
 Planning Time: 5.548 ms
 Execution Time: 2249.621 ms
(12 rows)

SET
SET
SET
SET
SET
                                             QUERY PLAN                                             
----------------------------------------------------------------------------------------------------
 Index Scan Backward using idx on public.t (actual rows=4048576.00 loops=1)
   Output: a, b
   Index Cond: ((t.a >= 18142) AND (t.a <= 271177))
   Index Searches: 1
   Buffers: shared hit=279465
 Settings: enable_bitmapscan = 'off', enable_seqscan = 'off', max_parallel_workers_per_gather = '0'
 Planning:
   Buffers: shared hit=105
 Planning Time: 0.435 ms
 Execution Time: 649.639 ms
(10 rows)

