SET
SET
SET
SET
SET
                                                                  QUERY PLAN                                                                   
-----------------------------------------------------------------------------------------------------------------------------------------------
 Index Scan Backward using idx on public.t (actual rows=7048576.00 loops=1)
   Output: a, b
   Index Cond: ((t.a >= 22315) AND (t.a <= 462850))
   Index Searches: 1
   Prefetch: distance=269.714 count=590181 stalls=1 skipped=6581051 resets=0 ungets=123008 forwarded=237
             histogram [2,4) => 4, [4,8) => 4, [8,16) => 6, [16,32) => 11, [32,64) => 6, [64,128) => 2, [128,256) => 2763, [256,512) => 587385
   Buffers: shared hit=356900 read=129559
 Settings: enable_bitmapscan = 'off', enable_seqscan = 'off', max_parallel_workers_per_gather = '0'
 Planning:
   Buffers: shared hit=78 read=22
 Planning Time: 5.369 ms
 Execution Time: 3964.410 ms
(12 rows)

SET
SET
SET
SET
SET
                                             QUERY PLAN                                             
----------------------------------------------------------------------------------------------------
 Index Scan Backward using idx on public.t (actual rows=7048576.00 loops=1)
   Output: a, b
   Index Cond: ((t.a >= 22315) AND (t.a <= 462850))
   Index Searches: 1
   Buffers: shared hit=486462
 Settings: enable_bitmapscan = 'off', enable_seqscan = 'off', max_parallel_workers_per_gather = '0'
 Planning:
   Buffers: shared hit=105
 Planning Time: 0.393 ms
 Execution Time: 993.156 ms
(10 rows)

