SET
SET
SET
SET
SET
                                                                  QUERY PLAN                                                                  
----------------------------------------------------------------------------------------------------------------------------------------------
 Index Scan using idx on public.t (actual rows=3048576.00 loops=1)
   Output: a, b
   Index Cond: ((t.a >= 12589) AND (t.a <= 203124))
   Index Searches: 1
   Prefetch: distance=269.735 count=254502 stalls=2 skipped=2846219 resets=0 ungets=52274 forwarded=1476
             histogram [2,4) => 2, [4,8) => 4, [8,16) => 5, [16,32) => 9, [32,64) => 3, [64,128) => 2, [128,256) => 1029, [256,512) => 253448
   Buffers: shared hit=154428 read=56118
 Settings: enable_bitmapscan = 'off', enable_seqscan = 'off', max_parallel_workers_per_gather = '0'
 Planning:
   Buffers: shared hit=82 read=22
 Planning Time: 5.764 ms
 Execution Time: 1029.771 ms
(12 rows)

SET
SET
SET
SET
SET
                                             QUERY PLAN                                             
----------------------------------------------------------------------------------------------------
 Index Scan using idx on public.t (actual rows=3048576.00 loops=1)
   Output: a, b
   Index Cond: ((t.a >= 12589) AND (t.a <= 203124))
   Index Searches: 1
   Buffers: shared hit=210573
 Settings: enable_bitmapscan = 'off', enable_seqscan = 'off', max_parallel_workers_per_gather = '0'
 Planning:
   Buffers: shared hit=109
 Planning Time: 0.372 ms
 Execution Time: 447.065 ms
(10 rows)

