SET
SET
SET
SET
SET
                                                                QUERY PLAN                                                                
------------------------------------------------------------------------------------------------------------------------------------------
 Index Scan using idx on public.t (actual rows=16384.00 loops=1)
   Output: a, b
   Index Cond: ((t.a >= 24712) AND (t.a <= 25735))
   Index Searches: 1
   Prefetch: distance=266.044 count=1477 stalls=1 skipped=15068 resets=0 ungets=401 forwarded=9
             histogram [2,4) => 2, [4,8) => 3, [8,16) => 5, [16,32) => 13, [32,64) => 2, [64,128) => 3, [128,256) => 2, [256,512) => 1447
   Buffers: shared hit=691 read=451
 Settings: enable_bitmapscan = 'off', enable_seqscan = 'off', max_parallel_workers_per_gather = '0'
 Planning:
   Buffers: shared hit=82 read=22
 Planning Time: 5.321 ms
 Execution Time: 10.817 ms
(12 rows)

SET
SET
SET
SET
SET
                                             QUERY PLAN                                             
----------------------------------------------------------------------------------------------------
 Index Scan using idx on public.t (actual rows=16384.00 loops=1)
   Output: a, b
   Index Cond: ((t.a >= 24712) AND (t.a <= 25735))
   Index Searches: 1
   Buffers: shared hit=1142
 Settings: enable_bitmapscan = 'off', enable_seqscan = 'off', max_parallel_workers_per_gather = '0'
 Planning:
   Buffers: shared hit=109
 Planning Time: 0.326 ms
 Execution Time: 2.420 ms
(10 rows)

