SET
SET
SET
SET
SET
                                                               QUERY PLAN                                                               
----------------------------------------------------------------------------------------------------------------------------------------
 Index Scan using idx on public.t (actual rows=8192.00 loops=1)
   Output: a, b
   Index Cond: ((t.a >= 5872) AND (t.a <= 6383))
   Index Searches: 1
   Prefetch: distance=262.671 count=780 stalls=1 skipped=7428 resets=0 ungets=256 forwarded=4
             histogram [2,4) => 2, [4,8) => 3, [8,16) => 8, [16,32) => 9, [32,64) => 2, [64,128) => 3, [128,256) => 2, [256,512) => 751
   Buffers: shared hit=252 read=315
 Settings: enable_bitmapscan = 'off', enable_seqscan = 'off', max_parallel_workers_per_gather = '0'
 Planning:
   Buffers: shared hit=86 read=26
 Planning Time: 8.515 ms
 Execution Time: 7.735 ms
(12 rows)

SET
SET
SET
SET
SET
                                             QUERY PLAN                                             
----------------------------------------------------------------------------------------------------
 Index Scan using idx on public.t (actual rows=8192.00 loops=1)
   Output: a, b
   Index Cond: ((t.a >= 5872) AND (t.a <= 6383))
   Index Searches: 1
   Buffers: shared hit=567
 Settings: enable_bitmapscan = 'off', enable_seqscan = 'off', max_parallel_workers_per_gather = '0'
 Planning:
   Buffers: shared hit=117
 Planning Time: 0.342 ms
 Execution Time: 1.487 ms
(10 rows)

