SET
SET
SET
SET
SET
                                                                  QUERY PLAN                                                                   
-----------------------------------------------------------------------------------------------------------------------------------------------
 Index Scan using idx on public.t (actual rows=7048576.00 loops=1)
   Output: a, b
   Index Cond: ((t.a >= 25392) AND (t.a <= 465927))
   Index Searches: 1
   Prefetch: distance=269.746 count=587889 stalls=1 skipped=6581023 resets=0 ungets=120704 forwarded=3373
             histogram [2,4) => 2, [4,8) => 6, [8,16) => 5, [16,32) => 12, [32,64) => 3, [64,128) => 3, [128,256) => 2721, [256,512) => 585137
   Buffers: shared hit=356850 read=129558
 Settings: enable_bitmapscan = 'off', enable_seqscan = 'off', max_parallel_workers_per_gather = '0'
 Planning:
   Buffers: shared hit=82 read=22
 Planning Time: 5.380 ms
 Execution Time: 2332.019 ms
(12 rows)

SET
SET
SET
SET
SET
                                             QUERY PLAN                                             
----------------------------------------------------------------------------------------------------
 Index Scan using idx on public.t (actual rows=7048576.00 loops=1)
   Output: a, b
   Index Cond: ((t.a >= 25392) AND (t.a <= 465927))
   Index Searches: 1
   Buffers: shared hit=486473
 Settings: enable_bitmapscan = 'off', enable_seqscan = 'off', max_parallel_workers_per_gather = '0'
 Planning:
   Buffers: shared hit=109
 Planning Time: 0.421 ms
 Execution Time: 1015.351 ms
(10 rows)

