SET
SET
SET
SET
SET
                                                                 QUERY PLAN                                                                 
--------------------------------------------------------------------------------------------------------------------------------------------
 Index Scan using idx on public.t (actual rows=131072.00 loops=1)
   Output: a, b
   Index Cond: ((t.a >= 28504) AND (t.a <= 36695))
   Index Searches: 1
   Prefetch: distance=269.202 count=10982 stalls=1 skipped=122184 resets=0 ungets=2382 forwarded=59
             histogram [2,4) => 2, [4,8) => 3, [8,16) => 8, [16,32) => 11, [32,64) => 3, [64,128) => 2, [128,256) => 69, [256,512) => 10884
   Buffers: shared hit=6410 read=2572
 Settings: enable_bitmapscan = 'off', enable_seqscan = 'off', max_parallel_workers_per_gather = '0'
 Planning:
   Buffers: shared hit=82 read=22
 Planning Time: 5.448 ms
 Execution Time: 52.302 ms
(12 rows)

SET
SET
SET
SET
SET
                                             QUERY PLAN                                             
----------------------------------------------------------------------------------------------------
 Index Scan using idx on public.t (actual rows=131072.00 loops=1)
   Output: a, b
   Index Cond: ((t.a >= 28504) AND (t.a <= 36695))
   Index Searches: 1
   Buffers: shared hit=8982
 Settings: enable_bitmapscan = 'off', enable_seqscan = 'off', max_parallel_workers_per_gather = '0'
 Planning:
   Buffers: shared hit=109
 Planning Time: 0.339 ms
 Execution Time: 16.840 ms
(10 rows)

