SET
SET
SET
SET
SET
                                                                  QUERY PLAN                                                                   
-----------------------------------------------------------------------------------------------------------------------------------------------
 Index Scan using idx on public.t (actual rows=3048576.00 loops=1)
   Output: a, b
   Index Cond: ((t.a >= 10545) AND (t.a <= 201080))
   Index Searches: 1
   Prefetch: distance=269.734 count=254478 stalls=2 skipped=2846009 resets=0 ungets=52280 forwarded=1470
             histogram [2,4) => 2, [4,8) => 4, [8,16) => 6, [16,32) => 12, [32,64) => 2, [64,128) => 2, [128,256) => 1030, [256,512) => 253420
   Buffers: shared hit=154392 read=56132
 Settings: enable_bitmapscan = 'off', enable_seqscan = 'off', max_parallel_workers_per_gather = '0'
 Planning:
   Buffers: shared hit=82 read=22
 Planning Time: 5.565 ms
 Execution Time: 1022.091 ms
(12 rows)

SET
SET
SET
SET
SET
                                             QUERY PLAN                                             
----------------------------------------------------------------------------------------------------
 Index Scan using idx on public.t (actual rows=3048576.00 loops=1)
   Output: a, b
   Index Cond: ((t.a >= 10545) AND (t.a <= 201080))
   Index Searches: 1
   Buffers: shared hit=210557
 Settings: enable_bitmapscan = 'off', enable_seqscan = 'off', max_parallel_workers_per_gather = '0'
 Planning:
   Buffers: shared hit=109
 Planning Time: 0.363 ms
 Execution Time: 442.531 ms
(10 rows)

