SET
SET
SET
SET
SET
                                              QUERY PLAN                                               
-------------------------------------------------------------------------------------------------------
 Index Scan using idx on public.t (actual rows=512.00 loops=1)
   Output: a, b
   Index Cond: ((t.a >= 21829) AND (t.a <= 21860))
   Index Searches: 1
   Prefetch: distance=25.387 count=31 stalls=2 skipped=370 resets=0 ungets=2 forwarded=0
             histogram [2,4) => 2, [4,8) => 4, [8,16) => 6, [16,32) => 15, [32,64) => 2, [64,128) => 2
   Buffers: shared hit=5 read=39
 Settings: enable_bitmapscan = 'off', enable_seqscan = 'off', max_parallel_workers_per_gather = '0'
 Planning:
   Buffers: shared hit=82 read=22
 Planning Time: 5.444 ms
 Execution Time: 2.768 ms
(12 rows)

SET
SET
SET
SET
SET
                                             QUERY PLAN                                             
----------------------------------------------------------------------------------------------------
 Index Scan using idx on public.t (actual rows=512.00 loops=1)
   Output: a, b
   Index Cond: ((t.a >= 21829) AND (t.a <= 21860))
   Index Searches: 1
   Buffers: shared hit=44
 Settings: enable_bitmapscan = 'off', enable_seqscan = 'off', max_parallel_workers_per_gather = '0'
 Planning:
   Buffers: shared hit=109
 Planning Time: 0.325 ms
 Execution Time: 0.180 ms
(10 rows)

