SET
SET
SET
SET
SET
                                                               QUERY PLAN                                                               
----------------------------------------------------------------------------------------------------------------------------------------
 Index Scan using idx on public.t (actual rows=4096.00 loops=1)
   Output: a, b
   Index Cond: ((t.a >= 26562) AND (t.a <= 26817))
   Index Searches: 1
   Prefetch: distance=252.950 count=397 stalls=1 skipped=3498 resets=0 ungets=151 forwarded=1
             histogram [2,4) => 4, [4,8) => 7, [8,16) => 7, [16,32) => 7, [32,64) => 2, [64,128) => 2, [128,256) => 2, [256,512) => 366
   Buffers: shared hit=79 read=208
 Settings: enable_bitmapscan = 'off', enable_seqscan = 'off', max_parallel_workers_per_gather = '0'
 Planning:
   Buffers: shared hit=82 read=22
 Planning Time: 5.577 ms
 Execution Time: 7.948 ms
(12 rows)

SET
SET
SET
SET
SET
                                             QUERY PLAN                                             
----------------------------------------------------------------------------------------------------
 Index Scan using idx on public.t (actual rows=4096.00 loops=1)
   Output: a, b
   Index Cond: ((t.a >= 26562) AND (t.a <= 26817))
   Index Searches: 1
   Buffers: shared hit=287
 Settings: enable_bitmapscan = 'off', enable_seqscan = 'off', max_parallel_workers_per_gather = '0'
 Planning:
   Buffers: shared hit=109
 Planning Time: 0.304 ms
 Execution Time: 0.796 ms
(10 rows)

