SET
SET
SET
SET
SET
                                                                QUERY PLAN                                                                
------------------------------------------------------------------------------------------------------------------------------------------
 Index Scan using idx on public.t (actual rows=16384.00 loops=1)
   Output: a, b
   Index Cond: ((t.a >= 17546) AND (t.a <= 18569))
   Index Searches: 1
   Prefetch: distance=265.499 count=1503 stalls=1 skipped=15140 resets=0 ungets=403 forwarded=15
             histogram [2,4) => 2, [4,8) => 3, [8,16) => 12, [16,32) => 8, [32,64) => 2, [64,128) => 3, [128,256) => 8, [256,512) => 1465
   Buffers: shared hit=698 read=462
 Settings: enable_bitmapscan = 'off', enable_seqscan = 'off', max_parallel_workers_per_gather = '0'
 Planning:
   Buffers: shared hit=82 read=22
 Planning Time: 5.586 ms
 Execution Time: 10.698 ms
(12 rows)

SET
SET
SET
SET
SET
                                             QUERY PLAN                                             
----------------------------------------------------------------------------------------------------
 Index Scan using idx on public.t (actual rows=16384.00 loops=1)
   Output: a, b
   Index Cond: ((t.a >= 17546) AND (t.a <= 18569))
   Index Searches: 1
   Buffers: shared hit=1160
 Settings: enable_bitmapscan = 'off', enable_seqscan = 'off', max_parallel_workers_per_gather = '0'
 Planning:
   Buffers: shared hit=109
 Planning Time: 0.449 ms
 Execution Time: 2.572 ms
(10 rows)

