SET
SET
SET
SET
SET
                                                                 QUERY PLAN                                                                 
--------------------------------------------------------------------------------------------------------------------------------------------
 Index Scan using idx on public.t (actual rows=262144.00 loops=1)
   Output: a, b
   Index Cond: ((t.a >= 19806) AND (t.a <= 36189))
   Index Searches: 1
   Prefetch: distance=269.441 count=21924 stalls=1 skipped=244600 resets=0 ungets=4620 forwarded=126
             histogram [2,4) => 4, [4,8) => 5, [8,16) => 7, [16,32) => 9, [32,64) => 2, [64,128) => 2, [128,256) => 114, [256,512) => 21781
   Buffers: shared hit=13074 read=4965
 Settings: enable_bitmapscan = 'off', enable_seqscan = 'off', max_parallel_workers_per_gather = '0'
 Planning:
   Buffers: shared hit=82 read=22
 Planning Time: 5.536 ms
 Execution Time: 93.694 ms
(12 rows)

SET
SET
SET
SET
SET
                                             QUERY PLAN                                             
----------------------------------------------------------------------------------------------------
 Index Scan using idx on public.t (actual rows=262144.00 loops=1)
   Output: a, b
   Index Cond: ((t.a >= 19806) AND (t.a <= 36189))
   Index Searches: 1
   Buffers: shared hit=18041
 Settings: enable_bitmapscan = 'off', enable_seqscan = 'off', max_parallel_workers_per_gather = '0'
 Planning:
   Buffers: shared hit=109
 Planning Time: 0.465 ms
 Execution Time: 37.262 ms
(10 rows)

