SET
SET
SET
SET
SET
                                                                QUERY PLAN                                                                 
-------------------------------------------------------------------------------------------------------------------------------------------
 Index Scan using idx on public.t (actual rows=131072.00 loops=1)
   Output: a, b
   Index Cond: ((t.a >= 4302) AND (t.a <= 12493))
   Index Searches: 1
   Prefetch: distance=269.230 count=11033 stalls=2 skipped=122135 resets=0 ungets=2369 forwarded=49
             histogram [2,4) => 2, [4,8) => 6, [8,16) => 8, [16,32) => 7, [32,64) => 2, [64,128) => 2, [128,256) => 63, [256,512) => 10943
   Buffers: shared hit=6479 read=2569
 Settings: enable_bitmapscan = 'off', enable_seqscan = 'off', max_parallel_workers_per_gather = '0'
 Planning:
   Buffers: shared hit=82 read=26
 Planning Time: 6.058 ms
 Execution Time: 51.513 ms
(12 rows)

SET
SET
SET
SET
SET
                                             QUERY PLAN                                             
----------------------------------------------------------------------------------------------------
 Index Scan using idx on public.t (actual rows=131072.00 loops=1)
   Output: a, b
   Index Cond: ((t.a >= 4302) AND (t.a <= 12493))
   Index Searches: 1
   Buffers: shared hit=9048
 Settings: enable_bitmapscan = 'off', enable_seqscan = 'off', max_parallel_workers_per_gather = '0'
 Planning:
   Buffers: shared hit=113
 Planning Time: 0.404 ms
 Execution Time: 17.421 ms
(10 rows)

