SET
SET
SET
SET
SET
                                                                 QUERY PLAN                                                                  
---------------------------------------------------------------------------------------------------------------------------------------------
 Index Scan using idx on public.t (actual rows=2048576.00 loops=1)
   Output: a, b
   Index Cond: ((t.a >= 25287) AND (t.a <= 153322))
   Index Searches: 1
   Prefetch: distance=269.711 count=170942 stalls=1 skipped=1912666 resets=0 ungets=35112 forwarded=1010
             histogram [2,4) => 2, [4,8) => 3, [8,16) => 9, [16,32) => 9, [32,64) => 2, [64,128) => 2, [128,256) => 719, [256,512) => 170196
   Buffers: shared hit=103642 read=37775
 Settings: enable_bitmapscan = 'off', enable_seqscan = 'off', max_parallel_workers_per_gather = '0'
 Planning:
   Buffers: shared hit=82 read=22
 Planning Time: 5.449 ms
 Execution Time: 693.545 ms
(12 rows)

SET
SET
SET
SET
SET
                                             QUERY PLAN                                             
----------------------------------------------------------------------------------------------------
 Index Scan using idx on public.t (actual rows=2048576.00 loops=1)
   Output: a, b
   Index Cond: ((t.a >= 25287) AND (t.a <= 153322))
   Index Searches: 1
   Buffers: shared hit=141439
 Settings: enable_bitmapscan = 'off', enable_seqscan = 'off', max_parallel_workers_per_gather = '0'
 Planning:
   Buffers: shared hit=109
 Planning Time: 0.431 ms
 Execution Time: 361.865 ms
(10 rows)

