SET
SET
SET
SET
SET
                                                               QUERY PLAN                                                               
----------------------------------------------------------------------------------------------------------------------------------------
 Index Scan using idx on public.t (actual rows=2048.00 loops=1)
   Output: a, b
   Index Cond: ((t.a >= 30226) AND (t.a <= 30353))
   Index Searches: 1
   Prefetch: distance=238.597 count=201 stalls=1 skipped=1734 resets=0 ungets=79 forwarded=1
             histogram [2,4) => 2, [4,8) => 4, [8,16) => 5, [16,32) => 9, [32,64) => 3, [64,128) => 2, [128,256) => 2, [256,512) => 174
   Buffers: shared hit=30 read=116
 Settings: enable_bitmapscan = 'off', enable_seqscan = 'off', max_parallel_workers_per_gather = '0'
 Planning:
   Buffers: shared hit=82 read=22
 Planning Time: 5.598 ms
 Execution Time: 4.712 ms
(12 rows)

SET
SET
SET
SET
SET
                                             QUERY PLAN                                             
----------------------------------------------------------------------------------------------------
 Index Scan using idx on public.t (actual rows=2048.00 loops=1)
   Output: a, b
   Index Cond: ((t.a >= 30226) AND (t.a <= 30353))
   Index Searches: 1
   Buffers: shared hit=146
 Settings: enable_bitmapscan = 'off', enable_seqscan = 'off', max_parallel_workers_per_gather = '0'
 Planning:
   Buffers: shared hit=109
 Planning Time: 0.316 ms
 Execution Time: 0.431 ms
(10 rows)

