SET
SET
SET
SET
SET
                                                                QUERY PLAN                                                                 
-------------------------------------------------------------------------------------------------------------------------------------------
 Index Scan using idx on public.t (actual rows=65536.00 loops=1)
   Output: a, b
   Index Cond: ((t.a >= 4786) AND (t.a <= 8881))
   Index Searches: 1
   Prefetch: distance=268.305 count=5538 stalls=1 skipped=60901 resets=0 ungets=1223 forwarded=35
             histogram [2,4) => 2, [4,8) => 3, [8,16) => 9, [16,32) => 14, [32,64) => 2, [64,128) => 3, [128,256) => 53, [256,512) => 5452
   Buffers: shared hit=3166 read=1354
 Settings: enable_bitmapscan = 'off', enable_seqscan = 'off', max_parallel_workers_per_gather = '0'
 Planning:
   Buffers: shared hit=82 read=26
 Planning Time: 6.120 ms
 Execution Time: 29.310 ms
(12 rows)

SET
SET
SET
SET
SET
                                             QUERY PLAN                                             
----------------------------------------------------------------------------------------------------
 Index Scan using idx on public.t (actual rows=65536.00 loops=1)
   Output: a, b
   Index Cond: ((t.a >= 4786) AND (t.a <= 8881))
   Index Searches: 1
   Buffers: shared hit=4521
 Settings: enable_bitmapscan = 'off', enable_seqscan = 'off', max_parallel_workers_per_gather = '0'
 Planning:
   Buffers: shared hit=113
 Planning Time: 0.366 ms
 Execution Time: 8.807 ms
(10 rows)

