SET
SET
SET
SET
SET
                                                                  QUERY PLAN                                                                   
-----------------------------------------------------------------------------------------------------------------------------------------------
 Index Scan using idx on public.t (actual rows=8048576.00 loops=1)
   Output: a, b
   Index Cond: ((t.a >= 18161) AND (t.a <= 521196))
   Index Searches: 1
   Prefetch: distance=269.754 count=671279 stalls=1 skipped=7515095 resets=0 ungets=137846 forwarded=3860
             histogram [2,4) => 2, [4,8) => 3, [8,16) => 6, [16,32) => 11, [32,64) => 2, [64,128) => 2, [128,256) => 2922, [256,512) => 668331
   Buffers: shared hit=407437 read=147910
 Settings: enable_bitmapscan = 'off', enable_seqscan = 'off', max_parallel_workers_per_gather = '0'
 Planning:
   Buffers: shared hit=82 read=22
 Planning Time: 5.784 ms
 Execution Time: 2668.334 ms
(12 rows)

SET
SET
SET
SET
SET
                                             QUERY PLAN                                             
----------------------------------------------------------------------------------------------------
 Index Scan using idx on public.t (actual rows=8048576.00 loops=1)
   Output: a, b
   Index Cond: ((t.a >= 18161) AND (t.a <= 521196))
   Index Searches: 1
   Buffers: shared hit=555433
 Settings: enable_bitmapscan = 'off', enable_seqscan = 'off', max_parallel_workers_per_gather = '0'
 Planning:
   Buffers: shared hit=109
 Planning Time: 0.413 ms
 Execution Time: 1104.783 ms
(10 rows)

