SET
SET
SET
SET
SET
                                                               QUERY PLAN                                                               
----------------------------------------------------------------------------------------------------------------------------------------
 Index Scan using idx on public.t (actual rows=1024.00 loops=1)
   Output: a, b
   Index Cond: ((t.a >= '-23574'::integer) AND (t.a <= '-23511'::integer))
   Index Searches: 1
   Prefetch: distance=200.468 count=94 stalls=1 skipped=898 resets=0 ungets=32 forwarded=1
             histogram [2,4) => 2, [4,8) => 3, [8,16) => 8, [16,32) => 10, [32,64) => 2, [64,128) => 2, [128,256) => 2, [256,512) => 65
   Buffers: shared hit=12 read=64
 Settings: enable_bitmapscan = 'off', enable_seqscan = 'off', max_parallel_workers_per_gather = '0'
 Planning:
   Buffers: shared hit=77 read=24
 Planning Time: 5.814 ms
 Execution Time: 3.527 ms
(12 rows)

SET
SET
SET
SET
SET
                                             QUERY PLAN                                             
----------------------------------------------------------------------------------------------------
 Index Scan using idx on public.t (actual rows=1024.00 loops=1)
   Output: a, b
   Index Cond: ((t.a >= '-23574'::integer) AND (t.a <= '-23511'::integer))
   Index Searches: 1
   Buffers: shared hit=76
 Settings: enable_bitmapscan = 'off', enable_seqscan = 'off', max_parallel_workers_per_gather = '0'
 Planning:
   Buffers: shared hit=106
 Planning Time: 0.323 ms
 Execution Time: 0.261 ms
(10 rows)

