SET
SET
SET
SET
SET
                                                                QUERY PLAN                                                                
------------------------------------------------------------------------------------------------------------------------------------------
 Index Scan using idx on public.t (actual rows=16384.00 loops=1)
   Output: a, b
   Index Cond: ((t.a >= '-24010'::integer) AND (t.a <= '-22987'::integer))
   Index Searches: 1
   Prefetch: distance=265.067 count=1471 stalls=1 skipped=15223 resets=0 ungets=390 forwarded=8
             histogram [2,4) => 2, [4,8) => 3, [8,16) => 9, [16,32) => 14, [32,64) => 2, [64,128) => 2, [128,256) => 2, [256,512) => 1437
   Buffers: shared hit=680 read=458
 Settings: enable_bitmapscan = 'off', enable_seqscan = 'off', max_parallel_workers_per_gather = '0'
 Planning:
   Buffers: shared hit=77 read=24
 Planning Time: 5.645 ms
 Execution Time: 9.362 ms
(12 rows)

SET
SET
SET
SET
SET
                                             QUERY PLAN                                             
----------------------------------------------------------------------------------------------------
 Index Scan using idx on public.t (actual rows=16384.00 loops=1)
   Output: a, b
   Index Cond: ((t.a >= '-24010'::integer) AND (t.a <= '-22987'::integer))
   Index Searches: 1
   Buffers: shared hit=1138
 Settings: enable_bitmapscan = 'off', enable_seqscan = 'off', max_parallel_workers_per_gather = '0'
 Planning:
   Buffers: shared hit=106
 Planning Time: 0.326 ms
 Execution Time: 2.432 ms
(10 rows)

