SET
SET
SET
SET
SET
                                                               QUERY PLAN                                                                
-----------------------------------------------------------------------------------------------------------------------------------------
 Index Scan using idx on public.t (actual rows=2048.00 loops=1)
   Output: a, b
   Index Cond: ((t.a >= '-3912'::integer) AND (t.a <= '-3785'::integer))
   Index Searches: 1
   Prefetch: distance=227.906 count=192 stalls=1 skipped=1703 resets=0 ungets=71 forwarded=2
             histogram [2,4) => 2, [4,8) => 4, [8,16) => 9, [16,32) => 13, [32,64) => 3, [64,128) => 2, [128,256) => 2, [256,512) => 157
   Buffers: shared hit=34 read=113
 Settings: enable_bitmapscan = 'off', enable_seqscan = 'off', max_parallel_workers_per_gather = '0'
 Planning:
   Buffers: shared hit=81 read=28
 Planning Time: 6.295 ms
 Execution Time: 4.941 ms
(12 rows)

SET
SET
SET
SET
SET
                                             QUERY PLAN                                             
----------------------------------------------------------------------------------------------------
 Index Scan using idx on public.t (actual rows=2048.00 loops=1)
   Output: a, b
   Index Cond: ((t.a >= '-3912'::integer) AND (t.a <= '-3785'::integer))
   Index Searches: 1
   Buffers: shared hit=147
 Settings: enable_bitmapscan = 'off', enable_seqscan = 'off', max_parallel_workers_per_gather = '0'
 Planning:
   Buffers: shared hit=114
 Planning Time: 0.355 ms
 Execution Time: 0.434 ms
(10 rows)

