SET
SET
SET
SET
SET
                                                                QUERY PLAN                                                                 
-------------------------------------------------------------------------------------------------------------------------------------------
 Index Scan using idx on public.t (actual rows=131072.00 loops=1)
   Output: a, b
   Index Cond: ((t.a >= '-37218'::integer) AND (t.a <= '-29027'::integer))
   Index Searches: 1
   Prefetch: distance=269.027 count=10891 stalls=1 skipped=122203 resets=0 ungets=2246 forwarded=41
             histogram [2,4) => 2, [4,8) => 5, [8,16) => 9, [16,32) => 7, [32,64) => 3, [64,128) => 3, [128,256) => 78, [256,512) => 10784
   Buffers: shared hit=6458 read=2566
 Settings: enable_bitmapscan = 'off', enable_seqscan = 'off', max_parallel_workers_per_gather = '0'
 Planning:
   Buffers: shared hit=77 read=24
 Planning Time: 7.163 ms
 Execution Time: 45.565 ms
(12 rows)

SET
SET
SET
SET
SET
                                             QUERY PLAN                                             
----------------------------------------------------------------------------------------------------
 Index Scan using idx on public.t (actual rows=131072.00 loops=1)
   Output: a, b
   Index Cond: ((t.a >= '-37218'::integer) AND (t.a <= '-29027'::integer))
   Index Searches: 1
   Buffers: shared hit=9024
 Settings: enable_bitmapscan = 'off', enable_seqscan = 'off', max_parallel_workers_per_gather = '0'
 Planning:
   Buffers: shared hit=106
 Planning Time: 0.321 ms
 Execution Time: 16.587 ms
(10 rows)

