SET
SET
SET
SET
SET
                                                                QUERY PLAN                                                                 
-------------------------------------------------------------------------------------------------------------------------------------------
 Index Scan using idx on public.t (actual rows=32768.00 loops=1)
   Output: a, b
   Index Cond: ((t.a >= '-4822'::integer) AND (t.a <= '-2775'::integer))
   Index Searches: 1
   Prefetch: distance=267.653 count=2809 stalls=1 skipped=30465 resets=0 ungets=650 forwarded=17
             histogram [2,4) => 2, [4,8) => 3, [8,16) => 5, [16,32) => 12, [32,64) => 3, [64,128) => 2, [128,256) => 24, [256,512) => 2758
   Buffers: shared hit=1501 read=765
 Settings: enable_bitmapscan = 'off', enable_seqscan = 'off', max_parallel_workers_per_gather = '0'
 Planning:
   Buffers: shared hit=81 read=28
 Planning Time: 6.395 ms
 Execution Time: 15.545 ms
(12 rows)

SET
SET
SET
SET
SET
                                             QUERY PLAN                                             
----------------------------------------------------------------------------------------------------
 Index Scan using idx on public.t (actual rows=32768.00 loops=1)
   Output: a, b
   Index Cond: ((t.a >= '-4822'::integer) AND (t.a <= '-2775'::integer))
   Index Searches: 1
   Buffers: shared hit=2266
 Settings: enable_bitmapscan = 'off', enable_seqscan = 'off', max_parallel_workers_per_gather = '0'
 Planning:
   Buffers: shared hit=114
 Planning Time: 0.377 ms
 Execution Time: 4.835 ms
(10 rows)

