SET
SET
SET
SET
SET
                                                                  QUERY PLAN                                                                   
-----------------------------------------------------------------------------------------------------------------------------------------------
 Index Scan using idx on public.t (actual rows=6048576.00 loops=1)
   Output: a, b
   Index Cond: ((t.a >= '-407000'::integer) AND (t.a <= '-28965'::integer))
   Index Searches: 1
   Prefetch: distance=269.569 count=499103 stalls=1 skipped=5647757 resets=0 ungets=98636 forwarded=2473
             histogram [2,4) => 2, [4,8) => 3, [8,16) => 11, [16,32) => 9, [32,64) => 3, [64,128) => 2, [128,256) => 3139, [256,512) => 495934
   Buffers: shared hit=305791 read=111197
 Settings: enable_bitmapscan = 'off', enable_seqscan = 'off', max_parallel_workers_per_gather = '0'
 Planning:
   Buffers: shared hit=77 read=24
 Planning Time: 5.779 ms
 Execution Time: 1874.813 ms
(12 rows)

SET
SET
SET
SET
SET
                                             QUERY PLAN                                             
----------------------------------------------------------------------------------------------------
 Index Scan using idx on public.t (actual rows=6048576.00 loops=1)
   Output: a, b
   Index Cond: ((t.a >= '-407000'::integer) AND (t.a <= '-28965'::integer))
   Index Searches: 1
   Buffers: shared hit=417024
 Settings: enable_bitmapscan = 'off', enable_seqscan = 'off', max_parallel_workers_per_gather = '0'
 Planning:
   Buffers: shared hit=106
 Planning Time: 0.418 ms
 Execution Time: 1103.277 ms
(10 rows)

