SET
SET
SET
SET
SET
                                                                 QUERY PLAN                                                                  
---------------------------------------------------------------------------------------------------------------------------------------------
 Index Scan using idx on public.t (actual rows=524288.00 loops=1)
   Output: a, b
   Index Cond: ((t.a >= '-44908'::integer) AND (t.a <= '-12141'::integer))
   Index Searches: 1
   Prefetch: distance=269.440 count=43315 stalls=1 skipped=489282 resets=0 ungets=8597 forwarded=211
             histogram [2,4) => 2, [4,8) => 3, [8,16) => 6, [16,32) => 15, [32,64) => 2, [64,128) => 4, [128,256) => 231, [256,512) => 43052
   Buffers: shared hit=26388 read=9783
 Settings: enable_bitmapscan = 'off', enable_seqscan = 'off', max_parallel_workers_per_gather = '0'
 Planning:
   Buffers: shared hit=77 read=24
 Planning Time: 5.706 ms
 Execution Time: 171.209 ms
(12 rows)

SET
SET
SET
SET
SET
                                             QUERY PLAN                                             
----------------------------------------------------------------------------------------------------
 Index Scan using idx on public.t (actual rows=524288.00 loops=1)
   Output: a, b
   Index Cond: ((t.a >= '-44908'::integer) AND (t.a <= '-12141'::integer))
   Index Searches: 1
   Buffers: shared hit=36175
 Settings: enable_bitmapscan = 'off', enable_seqscan = 'off', max_parallel_workers_per_gather = '0'
 Planning:
   Buffers: shared hit=106
 Planning Time: 0.411 ms
 Execution Time: 90.587 ms
(10 rows)

