SET
SET
SET
SET
SET
                                                                  QUERY PLAN                                                                   
-----------------------------------------------------------------------------------------------------------------------------------------------
 Index Scan using idx on public.t (actual rows=5048576.00 loops=1)
   Output: a, b
   Index Cond: ((t.a >= '-333630'::integer) AND (t.a <= '-18095'::integer))
   Index Searches: 1
   Prefetch: distance=269.564 count=416461 stalls=1 skipped=4714135 resets=0 ungets=82212 forwarded=2036
             histogram [2,4) => 4, [4,8) => 3, [8,16) => 9, [16,32) => 10, [32,64) => 2, [64,128) => 2, [128,256) => 2598, [256,512) => 413833
   Buffers: shared hit=255201 read=92828
 Settings: enable_bitmapscan = 'off', enable_seqscan = 'off', max_parallel_workers_per_gather = '0'
 Planning:
   Buffers: shared hit=77 read=24
 Planning Time: 5.829 ms
 Execution Time: 1555.513 ms
(12 rows)

SET
SET
SET
SET
SET
                                             QUERY PLAN                                             
----------------------------------------------------------------------------------------------------
 Index Scan using idx on public.t (actual rows=5048576.00 loops=1)
   Output: a, b
   Index Cond: ((t.a >= '-333630'::integer) AND (t.a <= '-18095'::integer))
   Index Searches: 1
   Buffers: shared hit=348061
 Settings: enable_bitmapscan = 'off', enable_seqscan = 'off', max_parallel_workers_per_gather = '0'
 Planning:
   Buffers: shared hit=106
 Planning Time: 0.393 ms
 Execution Time: 876.609 ms
(10 rows)

