SET
SET
SET
SET
SET
                                                                 QUERY PLAN                                                                  
---------------------------------------------------------------------------------------------------------------------------------------------
 Index Scan using idx on public.t (actual rows=262144.00 loops=1)
   Output: a, b
   Index Cond: ((t.a >= '-36826'::integer) AND (t.a <= '-20443'::integer))
   Index Searches: 1
   Prefetch: distance=269.344 count=21749 stalls=1 skipped=244619 resets=0 ungets=4400 forwarded=102
             histogram [2,4) => 2, [4,8) => 7, [8,16) => 10, [16,32) => 4, [32,64) => 2, [64,128) => 2, [128,256) => 127, [256,512) => 21595
   Buffers: shared hit=13100 read=4979
 Settings: enable_bitmapscan = 'off', enable_seqscan = 'off', max_parallel_workers_per_gather = '0'
 Planning:
   Buffers: shared hit=77 read=24
 Planning Time: 5.715 ms
 Execution Time: 84.720 ms
(12 rows)

SET
SET
SET
SET
SET
                                             QUERY PLAN                                             
----------------------------------------------------------------------------------------------------
 Index Scan using idx on public.t (actual rows=262144.00 loops=1)
   Output: a, b
   Index Cond: ((t.a >= '-36826'::integer) AND (t.a <= '-20443'::integer))
   Index Searches: 1
   Buffers: shared hit=18082
 Settings: enable_bitmapscan = 'off', enable_seqscan = 'off', max_parallel_workers_per_gather = '0'
 Planning:
   Buffers: shared hit=106
 Planning Time: 0.366 ms
 Execution Time: 43.004 ms
(10 rows)

