SET
SET
SET
SET
SET
                                                                  QUERY PLAN                                                                  
----------------------------------------------------------------------------------------------------------------------------------------------
 Index Scan using idx on public.t (actual rows=7048576.00 loops=1)
   Output: a, b
   Index Cond: ((t.a >= '-472036'::integer) AND (t.a <= '-31501'::integer))
   Index Searches: 1
   Prefetch: distance=269.577 count=581498 stalls=1 skipped=6581954 resets=0 ungets=114908 forwarded=2890
             histogram [2,4) => 2, [4,8) => 3, [8,16) => 5, [16,32) => 9, [32,64) => 3, [64,128) => 3, [128,256) => 3605, [256,512) => 577868
   Buffers: shared hit=356265 read=129560
 Settings: enable_bitmapscan = 'off', enable_seqscan = 'off', max_parallel_workers_per_gather = '0'
 Planning:
   Buffers: shared hit=77 read=24
 Planning Time: 5.682 ms
 Execution Time: 2173.643 ms
(12 rows)

SET
SET
SET
SET
SET
                                             QUERY PLAN                                             
----------------------------------------------------------------------------------------------------
 Index Scan using idx on public.t (actual rows=7048576.00 loops=1)
   Output: a, b
   Index Cond: ((t.a >= '-472036'::integer) AND (t.a <= '-31501'::integer))
   Index Searches: 1
   Buffers: shared hit=485857
 Settings: enable_bitmapscan = 'off', enable_seqscan = 'off', max_parallel_workers_per_gather = '0'
 Planning:
   Buffers: shared hit=106
 Planning Time: 0.413 ms
 Execution Time: 1261.566 ms
(10 rows)

