SET
SET
SET
SET
SET
                                                                 QUERY PLAN                                                                  
---------------------------------------------------------------------------------------------------------------------------------------------
 Index Scan using idx on public.t (actual rows=1048576.00 loops=1)
   Output: a, b
   Index Cond: ((t.a >= '-96944'::integer) AND (t.a <= '-31409'::integer))
   Index Searches: 1
   Prefetch: distance=269.517 count=86671 stalls=1 skipped=978886 resets=0 ungets=17205 forwarded=444
             histogram [2,4) => 2, [4,8) => 3, [8,16) => 7, [16,32) => 10, [32,64) => 2, [64,128) => 2, [128,256) => 568, [256,512) => 86077
   Buffers: shared hit=52920 read=19420
 Settings: enable_bitmapscan = 'off', enable_seqscan = 'off', max_parallel_workers_per_gather = '0'
 Planning:
   Buffers: shared hit=77 read=24
 Planning Time: 5.473 ms
 Execution Time: 323.661 ms
(12 rows)

SET
SET
SET
SET
SET
                                             QUERY PLAN                                             
----------------------------------------------------------------------------------------------------
 Index Scan using idx on public.t (actual rows=1048576.00 loops=1)
   Output: a, b
   Index Cond: ((t.a >= '-96944'::integer) AND (t.a <= '-31409'::integer))
   Index Searches: 1
   Buffers: shared hit=72351
 Settings: enable_bitmapscan = 'off', enable_seqscan = 'off', max_parallel_workers_per_gather = '0'
 Planning:
   Buffers: shared hit=106
 Planning Time: 0.384 ms
 Execution Time: 195.504 ms
(10 rows)

