SET
SET
SET
SET
SET
                                                                  QUERY PLAN                                                                  
----------------------------------------------------------------------------------------------------------------------------------------------
 Index Scan using idx on public.t (actual rows=4048576.00 loops=1)
   Output: a, b
   Index Cond: ((t.a >= '-269133'::integer) AND (t.a <= '-16098'::integer))
   Index Searches: 1
   Prefetch: distance=269.560 count=334177 stalls=1 skipped=3780014 resets=0 ungets=65983 forwarded=1664
             histogram [2,4) => 4, [4,8) => 5, [8,16) => 6, [16,32) => 8, [32,64) => 3, [64,128) => 2, [128,256) => 2143, [256,512) => 332006
   Buffers: shared hit=204783 read=74478
 Settings: enable_bitmapscan = 'off', enable_seqscan = 'off', max_parallel_workers_per_gather = '0'
 Planning:
   Buffers: shared hit=77 read=24
 Planning Time: 5.585 ms
 Execution Time: 1257.347 ms
(12 rows)

SET
SET
SET
SET
SET
                                             QUERY PLAN                                             
----------------------------------------------------------------------------------------------------
 Index Scan using idx on public.t (actual rows=4048576.00 loops=1)
   Output: a, b
   Index Cond: ((t.a >= '-269133'::integer) AND (t.a <= '-16098'::integer))
   Index Searches: 1
   Buffers: shared hit=279286
 Settings: enable_bitmapscan = 'off', enable_seqscan = 'off', max_parallel_workers_per_gather = '0'
 Planning:
   Buffers: shared hit=106
 Planning Time: 0.474 ms
 Execution Time: 705.317 ms
(10 rows)

