SET
SET
SET
SET
SET
                                                                  QUERY PLAN                                                                  
----------------------------------------------------------------------------------------------------------------------------------------------
 Index Scan using idx on public.t (actual rows=8048576.00 loops=1)
   Output: a, b
   Index Cond: ((t.a >= '-516938'::integer) AND (t.a <= '-13903'::integer))
   Index Searches: 1
   Prefetch: distance=269.590 count=664453 stalls=1 skipped=7515401 resets=0 ungets=131646 forwarded=3351
             histogram [2,4) => 2, [4,8) => 3, [8,16) => 5, [16,32) => 9, [32,64) => 4, [64,128) => 4, [128,256) => 4122, [256,512) => 660304
   Buffers: shared hit=406864 read=147913
 Settings: enable_bitmapscan = 'off', enable_seqscan = 'off', max_parallel_workers_per_gather = '0'
 Planning:
   Buffers: shared hit=77 read=24
 Planning Time: 5.684 ms
 Execution Time: 2390.340 ms
(12 rows)

SET
SET
SET
SET
SET
                                             QUERY PLAN                                             
----------------------------------------------------------------------------------------------------
 Index Scan using idx on public.t (actual rows=8048576.00 loops=1)
   Output: a, b
   Index Cond: ((t.a >= '-516938'::integer) AND (t.a <= '-13903'::integer))
   Index Searches: 1
   Buffers: shared hit=554828
 Settings: enable_bitmapscan = 'off', enable_seqscan = 'off', max_parallel_workers_per_gather = '0'
 Planning:
   Buffers: shared hit=106
 Planning Time: 0.501 ms
 Execution Time: 1596.639 ms
(10 rows)

