SET
SET
SET
SET
SET
                                                                 QUERY PLAN                                                                 
--------------------------------------------------------------------------------------------------------------------------------------------
 Index Scan using idx on public.t (actual rows=524288.00 loops=1)
   Output: a, b
   Index Cond: ((t.a >= '-47670'::integer) AND (t.a <= '-14903'::integer))
   Index Searches: 1
   Prefetch: distance=269.484 count=43394 stalls=1 skipped=489342 resets=0 ungets=8656 forwarded=211
             histogram [2,4) => 2, [4,8) => 3, [8,16) => 5, [16,32) => 9, [32,64) => 3, [64,128) => 2, [128,256) => 237, [256,512) => 43133
   Buffers: shared hit=26395 read=9794
 Settings: enable_bitmapscan = 'off', enable_seqscan = 'off', max_parallel_workers_per_gather = '0'
 Planning:
   Buffers: shared hit=77 read=24
 Planning Time: 5.631 ms
 Execution Time: 167.934 ms
(12 rows)

SET
SET
SET
SET
SET
                                             QUERY PLAN                                             
----------------------------------------------------------------------------------------------------
 Index Scan using idx on public.t (actual rows=524288.00 loops=1)
   Output: a, b
   Index Cond: ((t.a >= '-47670'::integer) AND (t.a <= '-14903'::integer))
   Index Searches: 1
   Buffers: shared hit=36190
 Settings: enable_bitmapscan = 'off', enable_seqscan = 'off', max_parallel_workers_per_gather = '0'
 Planning:
   Buffers: shared hit=106
 Planning Time: 0.466 ms
 Execution Time: 106.724 ms
(10 rows)

