SET
SET
SET
SET
SET
                                                                 QUERY PLAN                                                                  
---------------------------------------------------------------------------------------------------------------------------------------------
 Index Scan using idx on public.t (actual rows=1048576.00 loops=1)
   Output: a, b
   Index Cond: ((t.a >= '-73831'::integer) AND (t.a <= '-8296'::integer))
   Index Searches: 1
   Prefetch: distance=269.506 count=86650 stalls=1 skipped=979017 resets=0 ungets=17171 forwarded=425
             histogram [2,4) => 2, [4,8) => 3, [8,16) => 10, [16,32) => 7, [32,64) => 2, [64,128) => 2, [128,256) => 559, [256,512) => 86065
   Buffers: shared hit=52954 read=19397
 Settings: enable_bitmapscan = 'off', enable_seqscan = 'off', max_parallel_workers_per_gather = '0'
 Planning:
   Buffers: shared hit=77 read=28
 Planning Time: 6.127 ms
 Execution Time: 327.823 ms
(12 rows)

SET
SET
SET
SET
SET
                                             QUERY PLAN                                             
----------------------------------------------------------------------------------------------------
 Index Scan using idx on public.t (actual rows=1048576.00 loops=1)
   Output: a, b
   Index Cond: ((t.a >= '-73831'::integer) AND (t.a <= '-8296'::integer))
   Index Searches: 1
   Buffers: shared hit=72357
 Settings: enable_bitmapscan = 'off', enable_seqscan = 'off', max_parallel_workers_per_gather = '0'
 Planning:
   Buffers: shared hit=110
 Planning Time: 0.476 ms
 Execution Time: 193.267 ms
(10 rows)

