SET
SET
SET
SET
SET
                                                                  QUERY PLAN                                                                   
-----------------------------------------------------------------------------------------------------------------------------------------------
 Index Scan using idx on public.t (actual rows=2048576.00 loops=1)
   Output: a, b
   Index Cond: ((t.a >= '-132172'::integer) AND (t.a <= '-4137'::integer))
   Index Searches: 1
   Prefetch: distance=269.553 count=169047 stalls=1 skipped=1912790 resets=0 ungets=33485 forwarded=825
             histogram [2,4) => 2, [4,8) => 3, [8,16) => 12, [16,32) => 7, [32,64) => 3, [64,128) => 2, [128,256) => 1049, [256,512) => 167969
   Buffers: shared hit=103402 read=37769
 Settings: enable_bitmapscan = 'off', enable_seqscan = 'off', max_parallel_workers_per_gather = '0'
 Planning:
   Buffers: shared hit=77 read=28
 Planning Time: 6.272 ms
 Execution Time: 636.436 ms
(12 rows)

SET
SET
SET
SET
SET
                                             QUERY PLAN                                             
----------------------------------------------------------------------------------------------------
 Index Scan using idx on public.t (actual rows=2048576.00 loops=1)
   Output: a, b
   Index Cond: ((t.a >= '-132172'::integer) AND (t.a <= '-4137'::integer))
   Index Searches: 1
   Buffers: shared hit=141179
 Settings: enable_bitmapscan = 'off', enable_seqscan = 'off', max_parallel_workers_per_gather = '0'
 Planning:
   Buffers: shared hit=110
 Planning Time: 0.498 ms
 Execution Time: 347.509 ms
(10 rows)

