SET
SET
SET
SET
SET
                                                                  QUERY PLAN                                                                  
----------------------------------------------------------------------------------------------------------------------------------------------
 Index Scan using idx on public.t (actual rows=262144.00 loops=1)
   Output: a, b
   Index Cond: ((t.a >= '-46138'::integer) AND (t.a <= '-29755'::integer))
   Index Searches: 1
   Prefetch: distance=269.307 count=21758 stalls=1 skipped=244579 resets=0 ungets=4401 forwarded=101
             histogram [2,4) => 2, [4,8) => 3, [8,16) => 10, [16,32) => 10, [32,64) => 2, [64,128) => 3, [128,256) => 141, [256,512) => 21587
   Buffers: shared hit=13106 read=4988
 Settings: enable_bitmapscan = 'off', enable_seqscan = 'off', max_parallel_workers_per_gather = '0'
 Planning:
   Buffers: shared hit=77 read=24
 Planning Time: 5.643 ms
 Execution Time: 87.131 ms
(12 rows)

SET
SET
SET
SET
SET
                                             QUERY PLAN                                             
----------------------------------------------------------------------------------------------------
 Index Scan using idx on public.t (actual rows=262144.00 loops=1)
   Output: a, b
   Index Cond: ((t.a >= '-46138'::integer) AND (t.a <= '-29755'::integer))
   Index Searches: 1
   Buffers: shared hit=18095
 Settings: enable_bitmapscan = 'off', enable_seqscan = 'off', max_parallel_workers_per_gather = '0'
 Planning:
   Buffers: shared hit=106
 Planning Time: 0.378 ms
 Execution Time: 43.814 ms
(10 rows)

