SET
SET
SET
SET
SET
                                                                  QUERY PLAN                                                                   
-----------------------------------------------------------------------------------------------------------------------------------------------
 Index Scan using idx on public.t (actual rows=3048576.00 loops=1)
   Output: a, b
   Index Cond: ((t.a >= '-222740'::integer) AND (t.a <= '-32205'::integer))
   Index Searches: 1
   Prefetch: distance=269.552 count=251617 stalls=1 skipped=2846342 resets=0 ungets=49703 forwarded=1219
             histogram [2,4) => 2, [4,8) => 4, [8,16) => 6, [16,32) => 11, [32,64) => 4, [64,128) => 2, [128,256) => 1606, [256,512) => 249982
   Buffers: shared hit=154128 read=56126
 Settings: enable_bitmapscan = 'off', enable_seqscan = 'off', max_parallel_workers_per_gather = '0'
 Planning:
   Buffers: shared hit=77 read=24
 Planning Time: 5.544 ms
 Execution Time: 956.892 ms
(12 rows)

SET
SET
SET
SET
SET
                                             QUERY PLAN                                             
----------------------------------------------------------------------------------------------------
 Index Scan using idx on public.t (actual rows=3048576.00 loops=1)
   Output: a, b
   Index Cond: ((t.a >= '-222740'::integer) AND (t.a <= '-32205'::integer))
   Index Searches: 1
   Buffers: shared hit=210270
 Settings: enable_bitmapscan = 'off', enable_seqscan = 'off', max_parallel_workers_per_gather = '0'
 Planning:
   Buffers: shared hit=106
 Planning Time: 0.457 ms
 Execution Time: 495.450 ms
(10 rows)

