SET
SET
SET
SET
SET
                                                               QUERY PLAN                                                                
-----------------------------------------------------------------------------------------------------------------------------------------
 Index Scan using idx on public.t (actual rows=8192.00 loops=1)
   Output: a, b
   Index Cond: ((t.a >= '-22468'::integer) AND (t.a <= '-21957'::integer))
   Index Searches: 1
   Prefetch: distance=261.159 count=760 stalls=1 skipped=7369 resets=0 ungets=241 forwarded=2
             histogram [2,4) => 2, [4,8) => 7, [8,16) => 6, [16,32) => 10, [32,64) => 2, [64,128) => 2, [128,256) => 2, [256,512) => 729
   Buffers: shared hit=263 read=305
 Settings: enable_bitmapscan = 'off', enable_seqscan = 'off', max_parallel_workers_per_gather = '0'
 Planning:
   Buffers: shared hit=77 read=24
 Planning Time: 5.488 ms
 Execution Time: 8.056 ms
(12 rows)

SET
SET
SET
SET
SET
                                             QUERY PLAN                                             
----------------------------------------------------------------------------------------------------
 Index Scan using idx on public.t (actual rows=8192.00 loops=1)
   Output: a, b
   Index Cond: ((t.a >= '-22468'::integer) AND (t.a <= '-21957'::integer))
   Index Searches: 1
   Buffers: shared hit=568
 Settings: enable_bitmapscan = 'off', enable_seqscan = 'off', max_parallel_workers_per_gather = '0'
 Planning:
   Buffers: shared hit=106
 Planning Time: 0.443 ms
 Execution Time: 2.219 ms
(10 rows)

