SET
SET
SET
SET
SET
                                                                  QUERY PLAN                                                                   
-----------------------------------------------------------------------------------------------------------------------------------------------
 Index Scan using idx on public.t (actual rows=7048576.00 loops=1)
   Output: a, b
   Index Cond: ((t.a >= '-453516'::integer) AND (t.a <= '-12981'::integer))
   Index Searches: 1
   Prefetch: distance=269.589 count=581976 stalls=1 skipped=6581778 resets=0 ungets=115337 forwarded=2924
             histogram [2,4) => 2, [4,8) => 3, [8,16) => 5, [16,32) => 10, [32,64) => 6, [64,128) => 2, [128,256) => 3564, [256,512) => 578384
   Buffers: shared hit=356324 read=129551
 Settings: enable_bitmapscan = 'off', enable_seqscan = 'off', max_parallel_workers_per_gather = '0'
 Planning:
   Buffers: shared hit=77 read=24
 Planning Time: 5.601 ms
 Execution Time: 2092.327 ms
(12 rows)

SET
SET
SET
SET
SET
                                             QUERY PLAN                                             
----------------------------------------------------------------------------------------------------
 Index Scan using idx on public.t (actual rows=7048576.00 loops=1)
   Output: a, b
   Index Cond: ((t.a >= '-453516'::integer) AND (t.a <= '-12981'::integer))
   Index Searches: 1
   Buffers: shared hit=485913
 Settings: enable_bitmapscan = 'off', enable_seqscan = 'off', max_parallel_workers_per_gather = '0'
 Planning:
   Buffers: shared hit=106
 Planning Time: 0.485 ms
 Execution Time: 1251.402 ms
(10 rows)

