SET
SET
SET
SET
SET
                                                                  QUERY PLAN                                                                  
----------------------------------------------------------------------------------------------------------------------------------------------
 Index Scan using idx on public.t (actual rows=6048576.00 loops=1)
   Output: a, b
   Index Cond: ((t.a >= '-402360'::integer) AND (t.a <= '-24325'::integer))
   Index Searches: 1
   Prefetch: distance=269.578 count=499212 stalls=1 skipped=5648047 resets=0 ungets=98731 forwarded=2474
             histogram [2,4) => 2, [4,8) => 3, [8,16) => 5, [16,32) => 9, [32,64) => 5, [64,128) => 2, [128,256) => 3088, [256,512) => 496098
   Buffers: shared hit=305776 read=111197
 Settings: enable_bitmapscan = 'off', enable_seqscan = 'off', max_parallel_workers_per_gather = '0'
 Planning:
   Buffers: shared hit=77 read=24
 Planning Time: 5.808 ms
 Execution Time: 1865.377 ms
(12 rows)

SET
SET
SET
SET
SET
                                             QUERY PLAN                                             
----------------------------------------------------------------------------------------------------
 Index Scan using idx on public.t (actual rows=6048576.00 loops=1)
   Output: a, b
   Index Cond: ((t.a >= '-402360'::integer) AND (t.a <= '-24325'::integer))
   Index Searches: 1
   Buffers: shared hit=417017
 Settings: enable_bitmapscan = 'off', enable_seqscan = 'off', max_parallel_workers_per_gather = '0'
 Planning:
   Buffers: shared hit=106
 Planning Time: 0.410 ms
 Execution Time: 1105.534 ms
(10 rows)

