SET
SET
SET
SET
SET
                                                                  QUERY PLAN                                                                   
-----------------------------------------------------------------------------------------------------------------------------------------------
 Index Scan using idx on public.t (actual rows=8048576.00 loops=1)
   Output: a, b
   Index Cond: ((t.a >= '-534949'::integer) AND (t.a <= '-31914'::integer))
   Index Searches: 1
   Prefetch: distance=269.577 count=663988 stalls=1 skipped=7515667 resets=0 ungets=131207 forwarded=3286
             histogram [2,4) => 2, [4,8) => 3, [8,16) => 5, [16,32) => 10, [32,64) => 2, [64,128) => 2, [128,256) => 4170, [256,512) => 659794
   Buffers: shared hit=406836 read=147906
 Settings: enable_bitmapscan = 'off', enable_seqscan = 'off', max_parallel_workers_per_gather = '0'
 Planning:
   Buffers: shared hit=77 read=24
 Planning Time: 5.880 ms
 Execution Time: 2472.809 ms
(12 rows)

SET
SET
SET
SET
SET
                                             QUERY PLAN                                             
----------------------------------------------------------------------------------------------------
 Index Scan using idx on public.t (actual rows=8048576.00 loops=1)
   Output: a, b
   Index Cond: ((t.a >= '-534949'::integer) AND (t.a <= '-31914'::integer))
   Index Searches: 1
   Buffers: shared hit=554787
 Settings: enable_bitmapscan = 'off', enable_seqscan = 'off', max_parallel_workers_per_gather = '0'
 Planning:
   Buffers: shared hit=106
 Planning Time: 0.421 ms
 Execution Time: 1423.153 ms
(10 rows)

