SET
SET
SET
SET
SET
                                                                  QUERY PLAN                                                                   
-----------------------------------------------------------------------------------------------------------------------------------------------
 Index Scan using idx on public.t (actual rows=9048576.00 loops=1)
   Output: a, b
   Index Cond: ((t.a >= '-579225'::integer) AND (t.a <= '-13690'::integer))
   Index Searches: 1
   Prefetch: distance=269.586 count=746966 stalls=1 skipped=8449117 resets=0 ungets=147843 forwarded=3779
             histogram [2,4) => 2, [4,8) => 3, [8,16) => 5, [16,32) => 13, [32,64) => 3, [64,128) => 2, [128,256) => 4630, [256,512) => 742308
   Buffers: shared hit=457558 read=166267
 Settings: enable_bitmapscan = 'off', enable_seqscan = 'off', max_parallel_workers_per_gather = '0'
 Planning:
   Buffers: shared hit=77 read=24
 Planning Time: 5.682 ms
 Execution Time: 2706.730 ms
(12 rows)

SET
SET
SET
SET
SET
                                             QUERY PLAN                                             
----------------------------------------------------------------------------------------------------
 Index Scan using idx on public.t (actual rows=9048576.00 loops=1)
   Output: a, b
   Index Cond: ((t.a >= '-579225'::integer) AND (t.a <= '-13690'::integer))
   Index Searches: 1
   Buffers: shared hit=623873
 Settings: enable_bitmapscan = 'off', enable_seqscan = 'off', max_parallel_workers_per_gather = '0'
 Planning:
   Buffers: shared hit=106
 Planning Time: 0.434 ms
 Execution Time: 1355.357 ms
(10 rows)

