SET
SET
SET
SET
SET
                                             QUERY PLAN                                             
----------------------------------------------------------------------------------------------------
 Index Scan using idx on public.t (actual rows=256.00 loops=1)
   Output: a, b
   Index Cond: ((t.a >= 19402) AND (t.a <= 19417))
   Index Searches: 1
   Prefetch: distance=2.000 count=2 stalls=75 skipped=24 resets=0 ungets=0 forwarded=0
             histogram [2,4) => 2
   Buffers: shared hit=168 read=31
 Settings: enable_bitmapscan = 'off', enable_seqscan = 'off', max_parallel_workers_per_gather = '0'
 Planning:
   Buffers: shared hit=82 read=22
 Planning Time: 5.862 ms
 Execution Time: 3.591 ms
(12 rows)

SET
SET
SET
SET
SET
                                             QUERY PLAN                                             
----------------------------------------------------------------------------------------------------
 Index Scan using idx on public.t (actual rows=256.00 loops=1)
   Output: a, b
   Index Cond: ((t.a >= 19402) AND (t.a <= 19417))
   Index Searches: 1
   Buffers: shared hit=199
 Settings: enable_bitmapscan = 'off', enable_seqscan = 'off', max_parallel_workers_per_gather = '0'
 Planning:
   Buffers: shared hit=109
 Planning Time: 0.317 ms
 Execution Time: 0.139 ms
(10 rows)

