SET
SET
SET
SET
SET
                                             QUERY PLAN                                             
----------------------------------------------------------------------------------------------------
 Index Scan using idx on public.t (actual rows=512.00 loops=1)
   Output: a, b
   Index Cond: ((t.a >= 13553) AND (t.a <= 13584))
   Index Searches: 1
   Prefetch: distance=2.545 count=11 stalls=264 skipped=80 resets=0 ungets=0 forwarded=0
             histogram [2,4) => 8, [4,8) => 3
   Buffers: shared hit=366 read=34
 Settings: enable_bitmapscan = 'off', enable_seqscan = 'off', max_parallel_workers_per_gather = '0'
 Planning:
   Buffers: shared hit=82 read=22
 Planning Time: 6.130 ms
 Execution Time: 3.006 ms
(12 rows)

SET
SET
SET
SET
SET
                                             QUERY PLAN                                             
----------------------------------------------------------------------------------------------------
 Index Scan using idx on public.t (actual rows=512.00 loops=1)
   Output: a, b
   Index Cond: ((t.a >= 13553) AND (t.a <= 13584))
   Index Searches: 1
   Buffers: shared hit=400
 Settings: enable_bitmapscan = 'off', enable_seqscan = 'off', max_parallel_workers_per_gather = '0'
 Planning:
   Buffers: shared hit=109
 Planning Time: 0.318 ms
 Execution Time: 0.218 ms
(10 rows)

