SET
SET
SET
SET
SET
                                                                QUERY PLAN                                                                
------------------------------------------------------------------------------------------------------------------------------------------
 Index Scan using idx on public.t (actual rows=8192.00 loops=1)
   Output: a, b
   Index Cond: ((t.a >= '-25492'::integer) AND (t.a <= '-24981'::integer))
   Index Searches: 1
   Prefetch: distance=261.130 count=767 stalls=1 skipped=7302 resets=0 ungets=245 forwarded=9
             histogram [2,4) => 2, [4,8) => 3, [8,16) => 11, [16,32) => 10, [32,64) => 2, [64,128) => 2, [128,256) => 3, [256,512) => 734
   Buffers: shared hit=265 read=308
 Settings: enable_bitmapscan = 'off', enable_seqscan = 'off', max_parallel_workers_per_gather = '0'
 Planning:
   Buffers: shared hit=77 read=24
 Planning Time: 5.668 ms
 Execution Time: 8.719 ms
(12 rows)

SET
SET
SET
SET
SET
                                             QUERY PLAN                                             
----------------------------------------------------------------------------------------------------
 Index Scan using idx on public.t (actual rows=8192.00 loops=1)
   Output: a, b
   Index Cond: ((t.a >= '-25492'::integer) AND (t.a <= '-24981'::integer))
   Index Searches: 1
   Buffers: shared hit=573
 Settings: enable_bitmapscan = 'off', enable_seqscan = 'off', max_parallel_workers_per_gather = '0'
 Planning:
   Buffers: shared hit=106
 Planning Time: 0.344 ms
 Execution Time: 1.479 ms
(10 rows)

