SET
SET
SET
SET
SET
                                                                QUERY PLAN                                                                 
-------------------------------------------------------------------------------------------------------------------------------------------
 Index Scan using idx on public.t (actual rows=65536.00 loops=1)
   Output: a, b
   Index Cond: ((t.a >= '-8082'::integer) AND (t.a <= '-3987'::integer))
   Index Searches: 1
   Prefetch: distance=268.523 count=5480 stalls=2 skipped=60910 resets=0 ungets=1191 forwarded=29
             histogram [2,4) => 2, [4,8) => 3, [8,16) => 6, [16,32) => 12, [32,64) => 3, [64,128) => 4, [128,256) => 28, [256,512) => 5422
   Buffers: shared hit=3125 read=1371
 Settings: enable_bitmapscan = 'off', enable_seqscan = 'off', max_parallel_workers_per_gather = '0'
 Planning:
   Buffers: shared hit=81 read=28
 Planning Time: 6.328 ms
 Execution Time: 26.240 ms
(12 rows)

SET
SET
SET
SET
SET
                                             QUERY PLAN                                             
----------------------------------------------------------------------------------------------------
 Index Scan using idx on public.t (actual rows=65536.00 loops=1)
   Output: a, b
   Index Cond: ((t.a >= '-8082'::integer) AND (t.a <= '-3987'::integer))
   Index Searches: 1
   Buffers: shared hit=4497
 Settings: enable_bitmapscan = 'off', enable_seqscan = 'off', max_parallel_workers_per_gather = '0'
 Planning:
   Buffers: shared hit=114
 Planning Time: 0.433 ms
 Execution Time: 8.960 ms
(10 rows)

