SET
SET
SET
SET
SET
                                                                 QUERY PLAN                                                                  
---------------------------------------------------------------------------------------------------------------------------------------------
 Index Scan using idx on public.t (actual rows=2048576.00 loops=1)
   Output: a, b
   Index Cond: ((t.a >= '-139131'::integer) AND (t.a <= '-11096'::integer))
   Index Searches: 1
   Prefetch: distance=269.570 count=169207 stalls=1 skipped=1912652 resets=0 ungets=33587 forwarded=832
             histogram [2,4) => 4, [4,8) => 6, [8,16) => 7, [16,32) => 8, [32,64) => 2, [64,128) => 2, [128,256) => 992, [256,512) => 168186
   Buffers: shared hit=103460 read=37766
 Settings: enable_bitmapscan = 'off', enable_seqscan = 'off', max_parallel_workers_per_gather = '0'
 Planning:
   Buffers: shared hit=77 read=28
 Planning Time: 6.211 ms
 Execution Time: 616.050 ms
(12 rows)

SET
SET
SET
SET
SET
                                             QUERY PLAN                                             
----------------------------------------------------------------------------------------------------
 Index Scan using idx on public.t (actual rows=2048576.00 loops=1)
   Output: a, b
   Index Cond: ((t.a >= '-139131'::integer) AND (t.a <= '-11096'::integer))
   Index Searches: 1
   Buffers: shared hit=141243
 Settings: enable_bitmapscan = 'off', enable_seqscan = 'off', max_parallel_workers_per_gather = '0'
 Planning:
   Buffers: shared hit=110
 Planning Time: 0.418 ms
 Execution Time: 359.848 ms
(10 rows)

