SET
SET
SET
SET
SET
                                             QUERY PLAN                                             
----------------------------------------------------------------------------------------------------
 Index Scan using idx on public.t (actual rows=4096.00 loops=1)
   Output: a, b
   Index Cond: ((t.a >= 13006) AND (t.a <= 13261))
   Index Searches: 1
   Prefetch: distance=2.094 count=96 stalls=2824 skipped=1063 resets=0 ungets=0 forwarded=1
             histogram [2,4) => 92, [4,8) => 4
   Buffers: shared hit=2936 read=86
 Settings: enable_bitmapscan = 'off', enable_seqscan = 'off', max_parallel_workers_per_gather = '0'
 Planning:
   Buffers: shared hit=82 read=22
 Planning Time: 5.868 ms
 Execution Time: 8.632 ms
(12 rows)

SET
SET
SET
SET
SET
                                             QUERY PLAN                                             
----------------------------------------------------------------------------------------------------
 Index Scan using idx on public.t (actual rows=4096.00 loops=1)
   Output: a, b
   Index Cond: ((t.a >= 13006) AND (t.a <= 13261))
   Index Searches: 1
   Buffers: shared hit=3022
 Settings: enable_bitmapscan = 'off', enable_seqscan = 'off', max_parallel_workers_per_gather = '0'
 Planning:
   Buffers: shared hit=109
 Planning Time: 0.403 ms
 Execution Time: 1.503 ms
(10 rows)

