SET
SET
SET
SET
SET
                                                                  QUERY PLAN                                                                   
-----------------------------------------------------------------------------------------------------------------------------------------------
 Index Scan using idx on public.t (actual rows=7048576.00 loops=1)
   Output: a, b
   Index Cond: ((t.a >= '-452581'::integer) AND (t.a <= '-12046'::integer))
   Index Searches: 1
   Prefetch: distance=269.584 count=581796 stalls=1 skipped=6581753 resets=0 ungets=115181 forwarded=2907
             histogram [2,4) => 2, [4,8) => 3, [8,16) => 7, [16,32) => 11, [32,64) => 2, [64,128) => 3, [128,256) => 3569, [256,512) => 578199
   Buffers: shared hit=356289 read=129552
 Settings: enable_bitmapscan = 'off', enable_seqscan = 'off', max_parallel_workers_per_gather = '0'
 Planning:
   Buffers: shared hit=77 read=24
 Planning Time: 5.491 ms
 Execution Time: 2135.342 ms
(12 rows)

SET
SET
SET
SET
SET
                                             QUERY PLAN                                             
----------------------------------------------------------------------------------------------------
 Index Scan using idx on public.t (actual rows=7048576.00 loops=1)
   Output: a, b
   Index Cond: ((t.a >= '-452581'::integer) AND (t.a <= '-12046'::integer))
   Index Searches: 1
   Buffers: shared hit=485892
 Settings: enable_bitmapscan = 'off', enable_seqscan = 'off', max_parallel_workers_per_gather = '0'
 Planning:
   Buffers: shared hit=106
 Planning Time: 0.522 ms
 Execution Time: 1293.890 ms
(10 rows)

