SET
SET
SET
SET
SET
                                                                  QUERY PLAN                                                                  
----------------------------------------------------------------------------------------------------------------------------------------------
 Index Scan using idx on public.t (actual rows=524288.00 loops=1)
   Output: a, b
   Index Cond: ((t.a >= '-63554'::integer) AND (t.a <= '-30787'::integer))
   Index Searches: 1
   Prefetch: distance=269.413 count=43399 stalls=1 skipped=489206 resets=0 ungets=8653 forwarded=203
             histogram [2,4) => 2, [4,8) => 3, [8,16) => 10, [16,32) => 10, [32,64) => 2, [64,128) => 3, [128,256) => 329, [256,512) => 43040
   Buffers: shared hit=26425 read=9776
 Settings: enable_bitmapscan = 'off', enable_seqscan = 'off', max_parallel_workers_per_gather = '0'
 Planning:
   Buffers: shared hit=77 read=24
 Planning Time: 5.421 ms
 Execution Time: 165.941 ms
(12 rows)

SET
SET
SET
SET
SET
                                             QUERY PLAN                                             
----------------------------------------------------------------------------------------------------
 Index Scan using idx on public.t (actual rows=524288.00 loops=1)
   Output: a, b
   Index Cond: ((t.a >= '-63554'::integer) AND (t.a <= '-30787'::integer))
   Index Searches: 1
   Buffers: shared hit=36205
 Settings: enable_bitmapscan = 'off', enable_seqscan = 'off', max_parallel_workers_per_gather = '0'
 Planning:
   Buffers: shared hit=106
 Planning Time: 0.407 ms
 Execution Time: 95.252 ms
(10 rows)

