SET
SET
SET
SET
SET
                                                                  QUERY PLAN                                                                  
----------------------------------------------------------------------------------------------------------------------------------------------
 Index Scan using idx on public.t (actual rows=3048576.00 loops=1)
   Output: a, b
   Index Cond: ((t.a >= '-213829'::integer) AND (t.a <= '-23294'::integer))
   Index Searches: 1
   Prefetch: distance=269.556 count=251683 stalls=1 skipped=2846514 resets=0 ungets=49749 forwarded=1246
             histogram [2,4) => 4, [4,8) => 4, [8,16) => 7, [16,32) => 8, [32,64) => 2, [64,128) => 2, [128,256) => 1587, [256,512) => 250069
   Buffers: shared hit=154131 read=56129
 Settings: enable_bitmapscan = 'off', enable_seqscan = 'off', max_parallel_workers_per_gather = '0'
 Planning:
   Buffers: shared hit=77 read=24
 Planning Time: 5.956 ms
 Execution Time: 951.621 ms
(12 rows)

SET
SET
SET
SET
SET
                                             QUERY PLAN                                             
----------------------------------------------------------------------------------------------------
 Index Scan using idx on public.t (actual rows=3048576.00 loops=1)
   Output: a, b
   Index Cond: ((t.a >= '-213829'::integer) AND (t.a <= '-23294'::integer))
   Index Searches: 1
   Buffers: shared hit=210279
 Settings: enable_bitmapscan = 'off', enable_seqscan = 'off', max_parallel_workers_per_gather = '0'
 Planning:
   Buffers: shared hit=106
 Planning Time: 0.477 ms
 Execution Time: 646.277 ms
(10 rows)

