SET
SET
SET
SET
SET
                                                                  QUERY PLAN                                                                  
----------------------------------------------------------------------------------------------------------------------------------------------
 Index Scan using idx on public.t (actual rows=6048576.00 loops=1)
   Output: a, b
   Index Cond: ((t.a >= '-400486'::integer) AND (t.a <= '-22451'::integer))
   Index Searches: 1
   Prefetch: distance=269.575 count=499184 stalls=1 skipped=5648018 resets=0 ungets=98706 forwarded=2501
             histogram [2,4) => 2, [4,8) => 3, [8,16) => 5, [16,32) => 9, [32,64) => 3, [64,128) => 2, [128,256) => 3117, [256,512) => 496043
   Buffers: shared hit=305789 read=111196
 Settings: enable_bitmapscan = 'off', enable_seqscan = 'off', max_parallel_workers_per_gather = '0'
 Planning:
   Buffers: shared hit=77 read=24
 Planning Time: 5.904 ms
 Execution Time: 1846.281 ms
(12 rows)

SET
SET
SET
SET
SET
                                             QUERY PLAN                                             
----------------------------------------------------------------------------------------------------
 Index Scan using idx on public.t (actual rows=6048576.00 loops=1)
   Output: a, b
   Index Cond: ((t.a >= '-400486'::integer) AND (t.a <= '-22451'::integer))
   Index Searches: 1
   Buffers: shared hit=417014
 Settings: enable_bitmapscan = 'off', enable_seqscan = 'off', max_parallel_workers_per_gather = '0'
 Planning:
   Buffers: shared hit=106
 Planning Time: 0.482 ms
 Execution Time: 1147.887 ms
(10 rows)

