SET
SET
SET
SET
SET
                                                                  QUERY PLAN                                                                  
----------------------------------------------------------------------------------------------------------------------------------------------
 Index Scan using idx on public.t (actual rows=9048576.00 loops=1)
   Output: a, b
   Index Cond: ((t.a >= '-577599'::integer) AND (t.a <= '-12064'::integer))
   Index Searches: 1
   Prefetch: distance=269.576 count=746577 stalls=1 skipped=8449151 resets=0 ungets=147456 forwarded=3750
             histogram [2,4) => 2, [4,8) => 3, [8,16) => 9, [16,32) => 9, [32,64) => 2, [64,128) => 2, [128,256) => 4754, [256,512) => 741796
   Buffers: shared hit=457546 read=166268
 Settings: enable_bitmapscan = 'off', enable_seqscan = 'off', max_parallel_workers_per_gather = '0'
 Planning:
   Buffers: shared hit=77 read=24
 Planning Time: 5.793 ms
 Execution Time: 2792.510 ms
(12 rows)

SET
SET
SET
SET
SET
                                             QUERY PLAN                                             
----------------------------------------------------------------------------------------------------
 Index Scan using idx on public.t (actual rows=9048576.00 loops=1)
   Output: a, b
   Index Cond: ((t.a >= '-577599'::integer) AND (t.a <= '-12064'::integer))
   Index Searches: 1
   Buffers: shared hit=623869
 Settings: enable_bitmapscan = 'off', enable_seqscan = 'off', max_parallel_workers_per_gather = '0'
 Planning:
   Buffers: shared hit=106
 Planning Time: 0.488 ms
 Execution Time: 1859.980 ms
(10 rows)

