SET
SET
SET
SET
SET
                                                               QUERY PLAN                                                               
----------------------------------------------------------------------------------------------------------------------------------------
 Index Scan using idx on public.t (actual rows=1024.00 loops=1)
   Output: a, b
   Index Cond: ((t.a >= '-8082'::integer) AND (t.a <= '-8019'::integer))
   Index Searches: 1
   Prefetch: distance=158.328 count=64 stalls=2 skipped=640 resets=0 ungets=17 forwarded=1
             histogram [2,4) => 2, [4,8) => 3, [8,16) => 6, [16,32) => 12, [32,64) => 3, [64,128) => 4, [128,256) => 2, [256,512) => 32
   Buffers: shared hit=14 read=64
 Settings: enable_bitmapscan = 'off', enable_seqscan = 'off', max_parallel_workers_per_gather = '0'
 Planning:
   Buffers: shared hit=81 read=28
 Planning Time: 6.673 ms
 Execution Time: 4.701 ms
(12 rows)

SET
SET
SET
SET
SET
                                             QUERY PLAN                                             
----------------------------------------------------------------------------------------------------
 Index Scan using idx on public.t (actual rows=1024.00 loops=1)
   Output: a, b
   Index Cond: ((t.a >= '-8082'::integer) AND (t.a <= '-8019'::integer))
   Index Searches: 1
   Buffers: shared hit=78
 Settings: enable_bitmapscan = 'off', enable_seqscan = 'off', max_parallel_workers_per_gather = '0'
 Planning:
   Buffers: shared hit=114
 Planning Time: 0.396 ms
 Execution Time: 0.272 ms
(10 rows)

