SET
SET
SET
SET
SET
                                                                 QUERY PLAN                                                                 
--------------------------------------------------------------------------------------------------------------------------------------------
 Index Scan using idx on public.t (actual rows=1048576.00 loops=1)
   Output: a, b
   Index Cond: ((t.a >= '-79478'::integer) AND (t.a <= '-13943'::integer))
   Index Searches: 1
   Prefetch: distance=269.501 count=86688 stalls=1 skipped=979057 resets=0 ungets=17185 forwarded=436
             histogram [2,4) => 2, [4,8) => 3, [8,16) => 5, [16,32) => 9, [32,64) => 3, [64,128) => 2, [128,256) => 579, [256,512) => 86085
   Buffers: shared hit=52959 read=19408
 Settings: enable_bitmapscan = 'off', enable_seqscan = 'off', max_parallel_workers_per_gather = '0'
 Planning:
   Buffers: shared hit=77 read=24
 Planning Time: 5.799 ms
 Execution Time: 325.198 ms
(12 rows)

SET
SET
SET
SET
SET
                                             QUERY PLAN                                             
----------------------------------------------------------------------------------------------------
 Index Scan using idx on public.t (actual rows=1048576.00 loops=1)
   Output: a, b
   Index Cond: ((t.a >= '-79478'::integer) AND (t.a <= '-13943'::integer))
   Index Searches: 1
   Buffers: shared hit=72375
 Settings: enable_bitmapscan = 'off', enable_seqscan = 'off', max_parallel_workers_per_gather = '0'
 Planning:
   Buffers: shared hit=106
 Planning Time: 0.437 ms
 Execution Time: 184.145 ms
(10 rows)

