SET
SET
SET
SET
SET
                                                                QUERY PLAN                                                                 
-------------------------------------------------------------------------------------------------------------------------------------------
 Index Scan using idx on public.t (actual rows=131072.00 loops=1)
   Output: a, b
   Index Cond: ((t.a >= '-11818'::integer) AND (t.a <= '-3627'::integer))
   Index Searches: 1
   Prefetch: distance=269.109 count=10879 stalls=1 skipped=122350 resets=0 ungets=2253 forwarded=53
             histogram [2,4) => 2, [4,8) => 7, [8,16) => 7, [16,32) => 6, [32,64) => 2, [64,128) => 2, [128,256) => 56, [256,512) => 10797
   Buffers: shared hit=6427 read=2566
 Settings: enable_bitmapscan = 'off', enable_seqscan = 'off', max_parallel_workers_per_gather = '0'
 Planning:
   Buffers: shared hit=81 read=28
 Planning Time: 6.527 ms
 Execution Time: 46.810 ms
(12 rows)

SET
SET
SET
SET
SET
                                             QUERY PLAN                                             
----------------------------------------------------------------------------------------------------
 Index Scan using idx on public.t (actual rows=131072.00 loops=1)
   Output: a, b
   Index Cond: ((t.a >= '-11818'::integer) AND (t.a <= '-3627'::integer))
   Index Searches: 1
   Buffers: shared hit=8996
 Settings: enable_bitmapscan = 'off', enable_seqscan = 'off', max_parallel_workers_per_gather = '0'
 Planning:
   Buffers: shared hit=114
 Planning Time: 0.430 ms
 Execution Time: 18.940 ms
(10 rows)

