SET
SET
SET
SET
SET
                                                                  QUERY PLAN                                                                  
----------------------------------------------------------------------------------------------------------------------------------------------
 Index Scan using idx on public.t (actual rows=7048576.00 loops=1)
   Output: a, b
   Index Cond: ((t.a >= '-454355'::integer) AND (t.a <= '-13820'::integer))
   Index Searches: 1
   Prefetch: distance=269.571 count=581428 stalls=1 skipped=6581883 resets=0 ungets=114783 forwarded=2889
             histogram [2,4) => 2, [4,8) => 3, [8,16) => 5, [16,32) => 9, [32,64) => 2, [64,128) => 2, [128,256) => 3698, [256,512) => 577707
   Buffers: shared hit=356311 read=129557
 Settings: enable_bitmapscan = 'off', enable_seqscan = 'off', max_parallel_workers_per_gather = '0'
 Planning:
   Buffers: shared hit=77 read=24
 Planning Time: 5.577 ms
 Execution Time: 2200.159 ms
(12 rows)

SET
SET
SET
SET
SET
                                             QUERY PLAN                                             
----------------------------------------------------------------------------------------------------
 Index Scan using idx on public.t (actual rows=7048576.00 loops=1)
   Output: a, b
   Index Cond: ((t.a >= '-454355'::integer) AND (t.a <= '-13820'::integer))
   Index Searches: 1
   Buffers: shared hit=485913
 Settings: enable_bitmapscan = 'off', enable_seqscan = 'off', max_parallel_workers_per_gather = '0'
 Planning:
   Buffers: shared hit=106
 Planning Time: 0.418 ms
 Execution Time: 1288.187 ms
(10 rows)

