SET
SET
SET
SET
SET
                                                                  QUERY PLAN                                                                   
-----------------------------------------------------------------------------------------------------------------------------------------------
 Index Scan using idx on public.t (actual rows=9048576.00 loops=1)
   Output: a, b
   Index Cond: ((t.a >= '-571511'::integer) AND (t.a <= '-5976'::integer))
   Index Searches: 1
   Prefetch: distance=269.572 count=746378 stalls=1 skipped=8449277 resets=0 ungets=147335 forwarded=3742
             histogram [2,4) => 2, [4,8) => 3, [8,16) => 7, [16,32) => 15, [32,64) => 2, [64,128) => 2, [128,256) => 4775, [256,512) => 741572
   Buffers: shared hit=457478 read=166258
 Settings: enable_bitmapscan = 'off', enable_seqscan = 'off', max_parallel_workers_per_gather = '0'
 Planning:
   Buffers: shared hit=77 read=28
 Planning Time: 6.385 ms
 Execution Time: 2798.645 ms
(12 rows)

SET
SET
SET
SET
SET
                                             QUERY PLAN                                             
----------------------------------------------------------------------------------------------------
 Index Scan using idx on public.t (actual rows=9048576.00 loops=1)
   Output: a, b
   Index Cond: ((t.a >= '-571511'::integer) AND (t.a <= '-5976'::integer))
   Index Searches: 1
   Buffers: shared hit=623788
 Settings: enable_bitmapscan = 'off', enable_seqscan = 'off', max_parallel_workers_per_gather = '0'
 Planning:
   Buffers: shared hit=110
 Planning Time: 0.451 ms
 Execution Time: 1366.774 ms
(10 rows)

