SET
SET
SET
SET
SET
                                                                  QUERY PLAN                                                                   
-----------------------------------------------------------------------------------------------------------------------------------------------
 Index Scan using idx on public.t (actual rows=8048576.00 loops=1)
   Output: a, b
   Index Cond: ((t.a >= '-505143'::integer) AND (t.a <= '-2108'::integer))
   Index Searches: 1
   Prefetch: distance=269.568 count=663609 stalls=1 skipped=7515684 resets=0 ungets=130845 forwarded=3271
             histogram [2,4) => 2, [4,8) => 3, [8,16) => 12, [16,32) => 6, [32,64) => 2, [64,128) => 2, [128,256) => 4199, [256,512) => 659383
   Buffers: shared hit=406810 read=147911
 Settings: enable_bitmapscan = 'off', enable_seqscan = 'off', max_parallel_workers_per_gather = '0'
 Planning:
   Buffers: shared hit=77 read=28
 Planning Time: 6.411 ms
 Execution Time: 2534.629 ms
(12 rows)

SET
SET
SET
SET
SET
                                             QUERY PLAN                                             
----------------------------------------------------------------------------------------------------
 Index Scan using idx on public.t (actual rows=8048576.00 loops=1)
   Output: a, b
   Index Cond: ((t.a >= '-505143'::integer) AND (t.a <= '-2108'::integer))
   Index Searches: 1
   Buffers: shared hit=554769
 Settings: enable_bitmapscan = 'off', enable_seqscan = 'off', max_parallel_workers_per_gather = '0'
 Planning:
   Buffers: shared hit=110
 Planning Time: 0.513 ms
 Execution Time: 1304.796 ms
(10 rows)

