SET
SET
SET
SET
SET
                                                                  QUERY PLAN                                                                   
-----------------------------------------------------------------------------------------------------------------------------------------------
 Index Scan using idx on public.t (actual rows=6048576.00 loops=1)
   Output: a, b
   Index Cond: ((t.a >= '-390732'::integer) AND (t.a <= '-12697'::integer))
   Index Searches: 1
   Prefetch: distance=269.575 count=499102 stalls=1 skipped=5647857 resets=0 ungets=98671 forwarded=2456
             histogram [2,4) => 2, [4,8) => 3, [8,16) => 11, [16,32) => 8, [32,64) => 3, [64,128) => 2, [128,256) => 3142, [256,512) => 495931
   Buffers: shared hit=305756 read=111191
 Settings: enable_bitmapscan = 'off', enable_seqscan = 'off', max_parallel_workers_per_gather = '0'
 Planning:
   Buffers: shared hit=77 read=24
 Planning Time: 5.641 ms
 Execution Time: 1850.860 ms
(12 rows)

SET
SET
SET
SET
SET
                                             QUERY PLAN                                             
----------------------------------------------------------------------------------------------------
 Index Scan using idx on public.t (actual rows=6048576.00 loops=1)
   Output: a, b
   Index Cond: ((t.a >= '-390732'::integer) AND (t.a <= '-12697'::integer))
   Index Searches: 1
   Buffers: shared hit=416982
 Settings: enable_bitmapscan = 'off', enable_seqscan = 'off', max_parallel_workers_per_gather = '0'
 Planning:
   Buffers: shared hit=106
 Planning Time: 0.564 ms
 Execution Time: 1226.651 ms
(10 rows)

