SET
SET
SET
SET
SET
                                                                     QUERY PLAN                                                                      
-----------------------------------------------------------------------------------------------------------------------------------------------------
 Index Scan using idx on public.t (actual rows=5048576.00 loops=1)
   Output: a, b
   Index Cond: ((t.a >= 14698) AND (t.a <= 330233))
   Index Searches: 1
   Prefetch: distance=264.425 count=4130500 stalls=1 skipped=1277817 resets=0 ungets=359745 forwarded=232947
             histogram [2,4) => 2, [4,8) => 3, [8,16) => 12, [16,32) => 15, [32,64) => 31, [64,128) => 44, [128,256) => 476350, [256,512) => 3654043
   Buffers: shared hit=3698943 read=73216
 Settings: enable_bitmapscan = 'off', enable_seqscan = 'off', max_parallel_workers_per_gather = '0'
 Planning:
   Buffers: shared hit=82 read=22
 Planning Time: 5.586 ms
 Execution Time: 3164.665 ms
(12 rows)

SET
SET
SET
SET
SET
                                             QUERY PLAN                                             
----------------------------------------------------------------------------------------------------
 Index Scan using idx on public.t (actual rows=5048576.00 loops=1)
   Output: a, b
   Index Cond: ((t.a >= 14698) AND (t.a <= 330233))
   Index Searches: 1
   Buffers: shared hit=3784558
 Settings: enable_bitmapscan = 'off', enable_seqscan = 'off', max_parallel_workers_per_gather = '0'
 Planning:
   Buffers: shared hit=109
 Planning Time: 0.367 ms
 Execution Time: 1401.562 ms
(10 rows)

