SET
SET
SET
SET
SET
                                                                  QUERY PLAN                                                                   
-----------------------------------------------------------------------------------------------------------------------------------------------
 Index Scan using idx on public.t (actual rows=6048576.00 loops=1)
   Output: a, b
   Index Cond: ((t.a >= '-402049'::integer) AND (t.a <= '-24014'::integer))
   Index Searches: 1
   Prefetch: distance=269.577 count=499244 stalls=1 skipped=5647910 resets=0 ungets=98770 forwarded=2484
             histogram [2,4) => 2, [4,8) => 3, [8,16) => 5, [16,32) => 15, [32,64) => 2, [64,128) => 2, [128,256) => 3119, [256,512) => 496096
   Buffers: shared hit=305796 read=111194
 Settings: enable_bitmapscan = 'off', enable_seqscan = 'off', max_parallel_workers_per_gather = '0'
 Planning:
   Buffers: shared hit=77 read=24
 Planning Time: 5.547 ms
 Execution Time: 1818.829 ms
(12 rows)

SET
SET
SET
SET
SET
                                             QUERY PLAN                                             
----------------------------------------------------------------------------------------------------
 Index Scan using idx on public.t (actual rows=6048576.00 loops=1)
   Output: a, b
   Index Cond: ((t.a >= '-402049'::integer) AND (t.a <= '-24014'::integer))
   Index Searches: 1
   Buffers: shared hit=417018
 Settings: enable_bitmapscan = 'off', enable_seqscan = 'off', max_parallel_workers_per_gather = '0'
 Planning:
   Buffers: shared hit=106
 Planning Time: 0.414 ms
 Execution Time: 1095.512 ms
(10 rows)

