SET
SET
SET
SET
SET
                                                                  QUERY PLAN                                                                   
-----------------------------------------------------------------------------------------------------------------------------------------------
 Index Scan using idx on public.t (actual rows=3048576.00 loops=1)
   Output: a, b
   Index Cond: ((t.a >= '-210789'::integer) AND (t.a <= '-20254'::integer))
   Index Searches: 1
   Prefetch: distance=269.573 count=251880 stalls=1 skipped=2846475 resets=0 ungets=49939 forwarded=1255
             histogram [2,4) => 3, [4,8) => 6, [8,16) => 6, [16,32) => 11, [32,64) => 2, [64,128) => 2, [128,256) => 1518, [256,512) => 250332
   Buffers: shared hit=154146 read=56125
 Settings: enable_bitmapscan = 'off', enable_seqscan = 'off', max_parallel_workers_per_gather = '0'
 Planning:
   Buffers: shared hit=77 read=24
 Planning Time: 5.644 ms
 Execution Time: 915.761 ms
(12 rows)

SET
SET
SET
SET
SET
                                             QUERY PLAN                                             
----------------------------------------------------------------------------------------------------
 Index Scan using idx on public.t (actual rows=3048576.00 loops=1)
   Output: a, b
   Index Cond: ((t.a >= '-210789'::integer) AND (t.a <= '-20254'::integer))
   Index Searches: 1
   Buffers: shared hit=210288
 Settings: enable_bitmapscan = 'off', enable_seqscan = 'off', max_parallel_workers_per_gather = '0'
 Planning:
   Buffers: shared hit=106
 Planning Time: 0.452 ms
 Execution Time: 627.485 ms
(10 rows)

