SET
SET
SET
SET
SET
                                                                  QUERY PLAN                                                                  
----------------------------------------------------------------------------------------------------------------------------------------------
 Index Scan using idx on public.t (actual rows=4048576.00 loops=1)
   Output: a, b
   Index Cond: ((t.a >= '-273165'::integer) AND (t.a <= '-20130'::integer))
   Index Searches: 1
   Prefetch: distance=269.569 count=334306 stalls=1 skipped=3780282 resets=0 ungets=66108 forwarded=1665
             histogram [2,4) => 4, [4,8) => 5, [8,16) => 7, [16,32) => 6, [32,64) => 2, [64,128) => 2, [128,256) => 2091, [256,512) => 332189
   Buffers: shared hit=204759 read=74483
 Settings: enable_bitmapscan = 'off', enable_seqscan = 'off', max_parallel_workers_per_gather = '0'
 Planning:
   Buffers: shared hit=77 read=24
 Planning Time: 5.680 ms
 Execution Time: 1244.071 ms
(12 rows)

SET
SET
SET
SET
SET
                                             QUERY PLAN                                             
----------------------------------------------------------------------------------------------------
 Index Scan using idx on public.t (actual rows=4048576.00 loops=1)
   Output: a, b
   Index Cond: ((t.a >= '-273165'::integer) AND (t.a <= '-20130'::integer))
   Index Searches: 1
   Buffers: shared hit=279273
 Settings: enable_bitmapscan = 'off', enable_seqscan = 'off', max_parallel_workers_per_gather = '0'
 Planning:
   Buffers: shared hit=106
 Planning Time: 0.549 ms
 Execution Time: 855.575 ms
(10 rows)

