SET
SET
SET
SET
SET
                                                                 QUERY PLAN                                                                 
--------------------------------------------------------------------------------------------------------------------------------------------
 Index Scan using idx on public.t (actual rows=1048576.00 loops=1)
   Output: a, b
   Index Cond: ((t.a >= '-78223'::integer) AND (t.a <= '-12688'::integer))
   Index Searches: 1
   Prefetch: distance=269.510 count=86655 stalls=1 skipped=979003 resets=0 ungets=17162 forwarded=427
             histogram [2,4) => 2, [4,8) => 3, [8,16) => 5, [16,32) => 9, [32,64) => 3, [64,128) => 2, [128,256) => 552, [256,512) => 86079
   Buffers: shared hit=52956 read=19409
 Settings: enable_bitmapscan = 'off', enable_seqscan = 'off', max_parallel_workers_per_gather = '0'
 Planning:
   Buffers: shared hit=77 read=24
 Planning Time: 5.573 ms
 Execution Time: 326.923 ms
(12 rows)

SET
SET
SET
SET
SET
                                             QUERY PLAN                                             
----------------------------------------------------------------------------------------------------
 Index Scan using idx on public.t (actual rows=1048576.00 loops=1)
   Output: a, b
   Index Cond: ((t.a >= '-78223'::integer) AND (t.a <= '-12688'::integer))
   Index Searches: 1
   Buffers: shared hit=72369
 Settings: enable_bitmapscan = 'off', enable_seqscan = 'off', max_parallel_workers_per_gather = '0'
 Planning:
   Buffers: shared hit=106
 Planning Time: 0.458 ms
 Execution Time: 215.055 ms
(10 rows)

