SET
SET
SET
SET
SET
                                                                  QUERY PLAN                                                                  
----------------------------------------------------------------------------------------------------------------------------------------------
 Index Scan using idx on public.t (actual rows=8048576.00 loops=1)
   Output: a, b
   Index Cond: ((t.a >= '-525520'::integer) AND (t.a <= '-22485'::integer))
   Index Searches: 1
   Prefetch: distance=269.590 count=664333 stalls=1 skipped=7515738 resets=0 ungets=131559 forwarded=3322
             histogram [2,4) => 2, [4,8) => 3, [8,16) => 5, [16,32) => 9, [32,64) => 3, [64,128) => 2, [128,256) => 4056, [256,512) => 660253
   Buffers: shared hit=406812 read=147913
 Settings: enable_bitmapscan = 'off', enable_seqscan = 'off', max_parallel_workers_per_gather = '0'
 Planning:
   Buffers: shared hit=77 read=24
 Planning Time: 5.739 ms
 Execution Time: 2403.685 ms
(12 rows)

SET
SET
SET
SET
SET
                                             QUERY PLAN                                             
----------------------------------------------------------------------------------------------------
 Index Scan using idx on public.t (actual rows=8048576.00 loops=1)
   Output: a, b
   Index Cond: ((t.a >= '-525520'::integer) AND (t.a <= '-22485'::integer))
   Index Searches: 1
   Buffers: shared hit=554775
 Settings: enable_bitmapscan = 'off', enable_seqscan = 'off', max_parallel_workers_per_gather = '0'
 Planning:
   Buffers: shared hit=106
 Planning Time: 0.415 ms
 Execution Time: 1466.568 ms
(10 rows)

