SET
SET
SET
SET
SET
                                                                  QUERY PLAN                                                                   
-----------------------------------------------------------------------------------------------------------------------------------------------
 Index Scan using idx on public.t (actual rows=9048576.00 loops=1)
   Output: a, b
   Index Cond: ((t.a >= '-573231'::integer) AND (t.a <= '-7696'::integer))
   Index Searches: 1
   Prefetch: distance=269.573 count=746440 stalls=1 skipped=8449191 resets=0 ungets=147375 forwarded=3735
             histogram [2,4) => 2, [4,8) => 6, [8,16) => 7, [16,32) => 10, [32,64) => 3, [64,128) => 2, [128,256) => 4766, [256,512) => 741644
   Buffers: shared hit=457495 read=166265
 Settings: enable_bitmapscan = 'off', enable_seqscan = 'off', max_parallel_workers_per_gather = '0'
 Planning:
   Buffers: shared hit=77 read=28
 Planning Time: 6.014 ms
 Execution Time: 2773.679 ms
(12 rows)

SET
SET
SET
SET
SET
                                             QUERY PLAN                                             
----------------------------------------------------------------------------------------------------
 Index Scan using idx on public.t (actual rows=9048576.00 loops=1)
   Output: a, b
   Index Cond: ((t.a >= '-573231'::integer) AND (t.a <= '-7696'::integer))
   Index Searches: 1
   Buffers: shared hit=623815
 Settings: enable_bitmapscan = 'off', enable_seqscan = 'off', max_parallel_workers_per_gather = '0'
 Planning:
   Buffers: shared hit=110
 Planning Time: 0.452 ms
 Execution Time: 1518.595 ms
(10 rows)

