SET
SET
SET
SET
SET
                                                               QUERY PLAN                                                               
----------------------------------------------------------------------------------------------------------------------------------------
 Index Scan Backward using idx on public.t (actual rows=512.00 loops=1)
   Output: a, b
   Index Cond: ((t.a >= '-4798'::integer) AND (t.a <= '-4767'::integer))
   Index Searches: 1
   Prefetch: distance=110.150 count=40 stalls=1 skipped=449 resets=0 ungets=9 forwarded=0
             histogram [2,4) => 2, [4,8) => 3, [8,16) => 7, [16,32) => 10, [32,64) => 2, [64,128) => 2, [128,256) => 2, [256,512) => 12
   Buffers: shared hit=5 read=36
 Settings: enable_bitmapscan = 'off', enable_seqscan = 'off', max_parallel_workers_per_gather = '0'
 Planning:
   Buffers: shared hit=85 read=28
 Planning Time: 6.180 ms
 Execution Time: 2.410 ms
(12 rows)

SET
SET
SET
SET
SET
                                             QUERY PLAN                                             
----------------------------------------------------------------------------------------------------
 Index Scan Backward using idx on public.t (actual rows=512.00 loops=1)
   Output: a, b
   Index Cond: ((t.a >= '-4798'::integer) AND (t.a <= '-4767'::integer))
   Index Searches: 1
   Buffers: shared hit=41
 Settings: enable_bitmapscan = 'off', enable_seqscan = 'off', max_parallel_workers_per_gather = '0'
 Planning:
   Buffers: shared hit=118
 Planning Time: 0.508 ms
 Execution Time: 0.249 ms
(10 rows)

