SET
SET
SET
SET
SET
                                                                  QUERY PLAN                                                                  
----------------------------------------------------------------------------------------------------------------------------------------------
 Index Scan Backward using idx on public.t (actual rows=2048576.00 loops=1)
   Output: a, b
   Index Cond: ((t.a >= '-137751'::integer) AND (t.a <= '-9716'::integer))
   Index Searches: 1
   Prefetch: distance=269.385 count=168602 stalls=1 skipped=1912678 resets=0 ungets=32976 forwarded=56
             histogram [2,4) => 2, [4,8) => 6, [8,16) => 8, [16,32) => 7, [32,64) => 2, [64,128) => 2, [128,256) => 1469, [256,512) => 167106
   Buffers: shared hit=103486 read=37759
 Settings: enable_bitmapscan = 'off', enable_seqscan = 'off', max_parallel_workers_per_gather = '0'
 Planning:
   Buffers: shared hit=81 read=28
 Planning Time: 6.326 ms
 Execution Time: 1081.472 ms
(12 rows)

SET
SET
SET
SET
SET
                                             QUERY PLAN                                             
----------------------------------------------------------------------------------------------------
 Index Scan Backward using idx on public.t (actual rows=2048576.00 loops=1)
   Output: a, b
   Index Cond: ((t.a >= '-137751'::integer) AND (t.a <= '-9716'::integer))
   Index Searches: 1
   Buffers: shared hit=141246
 Settings: enable_bitmapscan = 'off', enable_seqscan = 'off', max_parallel_workers_per_gather = '0'
 Planning:
   Buffers: shared hit=114
 Planning Time: 0.404 ms
 Execution Time: 375.746 ms
(10 rows)

