SET
SET
SET
SET
SET
                                                               QUERY PLAN                                                                
-----------------------------------------------------------------------------------------------------------------------------------------
 Index Scan Backward using idx on public.t (actual rows=8192.00 loops=1)
   Output: a, b
   Index Cond: ((t.a >= '-11777'::integer) AND (t.a <= '-11266'::integer))
   Index Searches: 1
   Prefetch: distance=262.302 count=765 stalls=1 skipped=7323 resets=0 ungets=248 forwarded=0
             histogram [2,4) => 2, [4,8) => 4, [8,16) => 11, [16,32) => 6, [32,64) => 2, [64,128) => 2, [128,256) => 2, [256,512) => 736
   Buffers: shared hit=261 read=308
 Settings: enable_bitmapscan = 'off', enable_seqscan = 'off', max_parallel_workers_per_gather = '0'
 Planning:
   Buffers: shared hit=85 read=28
 Planning Time: 6.326 ms
 Execution Time: 9.975 ms
(12 rows)

SET
SET
SET
SET
SET
                                             QUERY PLAN                                             
----------------------------------------------------------------------------------------------------
 Index Scan Backward using idx on public.t (actual rows=8192.00 loops=1)
   Output: a, b
   Index Cond: ((t.a >= '-11777'::integer) AND (t.a <= '-11266'::integer))
   Index Searches: 1
   Buffers: shared hit=569
 Settings: enable_bitmapscan = 'off', enable_seqscan = 'off', max_parallel_workers_per_gather = '0'
 Planning:
   Buffers: shared hit=118
 Planning Time: 0.401 ms
 Execution Time: 1.491 ms
(10 rows)

