SET
SET
SET
SET
SET
                                                                QUERY PLAN                                                                
------------------------------------------------------------------------------------------------------------------------------------------
 Index Scan Backward using idx on public.t (actual rows=65536.00 loops=1)
   Output: a, b
   Index Cond: ((t.a >= '-9475'::integer) AND (t.a <= '-5380'::integer))
   Index Searches: 1
   Prefetch: distance=268.517 count=5491 stalls=1 skipped=61137 resets=0 ungets=1188 forwarded=1
             histogram [2,4) => 4, [4,8) => 5, [8,16) => 6, [16,32) => 8, [32,64) => 2, [64,128) => 2, [128,256) => 34, [256,512) => 5430
   Buffers: shared hit=3129 read=1366
 Settings: enable_bitmapscan = 'off', enable_seqscan = 'off', max_parallel_workers_per_gather = '0'
 Planning:
   Buffers: shared hit=85 read=28
 Planning Time: 6.257 ms
 Execution Time: 41.439 ms
(12 rows)

SET
SET
SET
SET
SET
                                             QUERY PLAN                                             
----------------------------------------------------------------------------------------------------
 Index Scan Backward using idx on public.t (actual rows=65536.00 loops=1)
   Output: a, b
   Index Cond: ((t.a >= '-9475'::integer) AND (t.a <= '-5380'::integer))
   Index Searches: 1
   Buffers: shared hit=4495
 Settings: enable_bitmapscan = 'off', enable_seqscan = 'off', max_parallel_workers_per_gather = '0'
 Planning:
   Buffers: shared hit=118
 Planning Time: 0.476 ms
 Execution Time: 12.929 ms
(10 rows)

