SET
SET
SET
SET
SET
                                                                 QUERY PLAN                                                                  
---------------------------------------------------------------------------------------------------------------------------------------------
 Index Scan Backward using idx on public.t (actual rows=1048576.00 loops=1)
   Output: a, b
   Index Cond: ((t.a >= '-65853'::integer) AND (t.a <= '-318'::integer))
   Index Searches: 1
   Prefetch: distance=269.368 count=86423 stalls=2 skipped=978921 resets=0 ungets=16977 forwarded=29
             histogram [2,4) => 2, [4,8) => 3, [8,16) => 5, [16,32) => 12, [32,64) => 3, [64,128) => 2, [128,256) => 736, [256,512) => 85660
   Buffers: shared hit=52951 read=19382
 Settings: enable_bitmapscan = 'off', enable_seqscan = 'off', max_parallel_workers_per_gather = '0'
 Planning:
   Buffers: shared hit=81 read=28
 Planning Time: 6.107 ms
 Execution Time: 552.004 ms
(12 rows)

SET
SET
SET
SET
SET
                                             QUERY PLAN                                             
----------------------------------------------------------------------------------------------------
 Index Scan Backward using idx on public.t (actual rows=1048576.00 loops=1)
   Output: a, b
   Index Cond: ((t.a >= '-65853'::integer) AND (t.a <= '-318'::integer))
   Index Searches: 1
   Buffers: shared hit=72333
 Settings: enable_bitmapscan = 'off', enable_seqscan = 'off', max_parallel_workers_per_gather = '0'
 Planning:
   Buffers: shared hit=114
 Planning Time: 0.421 ms
 Execution Time: 204.136 ms
(10 rows)

