SET
SET
SET
SET
SET
                                                                  QUERY PLAN                                                                  
----------------------------------------------------------------------------------------------------------------------------------------------
 Index Scan Backward using idx on public.t (actual rows=8048576.00 loops=1)
   Output: a, b
   Index Cond: ((t.a >= '-515003'::integer) AND (t.a <= '-11968'::integer))
   Index Searches: 1
   Prefetch: distance=269.429 count=662242 stalls=1 skipped=7515664 resets=0 ungets=129426 forwarded=212
             histogram [2,4) => 2, [4,8) => 3, [8,16) => 5, [16,32) => 9, [32,64) => 2, [64,128) => 2, [128,256) => 5310, [256,512) => 656909
   Buffers: shared hit=406909 read=147910
 Settings: enable_bitmapscan = 'off', enable_seqscan = 'off', max_parallel_workers_per_gather = '0'
 Planning:
   Buffers: shared hit=81 read=28
 Planning Time: 6.289 ms
 Execution Time: 4293.487 ms
(12 rows)

SET
SET
SET
SET
SET
                                             QUERY PLAN                                             
----------------------------------------------------------------------------------------------------
 Index Scan Backward using idx on public.t (actual rows=8048576.00 loops=1)
   Output: a, b
   Index Cond: ((t.a >= '-515003'::integer) AND (t.a <= '-11968'::integer))
   Index Searches: 1
   Buffers: shared hit=554820
 Settings: enable_bitmapscan = 'off', enable_seqscan = 'off', max_parallel_workers_per_gather = '0'
 Planning:
   Buffers: shared hit=114
 Planning Time: 0.459 ms
 Execution Time: 1486.611 ms
(10 rows)

