SET
SET
SET
SET
SET
                                                                  QUERY PLAN                                                                   
-----------------------------------------------------------------------------------------------------------------------------------------------
 Index Scan Backward using idx on public.t (actual rows=3048576.00 loops=1)
   Output: a, b
   Index Cond: ((t.a >= '-191518'::integer) AND (t.a <= '-983'::integer))
   Index Searches: 1
   Prefetch: distance=269.406 count=251004 stalls=1 skipped=2846530 resets=0 ungets=49134 forwarded=84
             histogram [2,4) => 2, [4,8) => 3, [8,16) => 5, [16,32) => 12, [32,64) => 3, [64,128) => 2, [128,256) => 2080, [256,512) => 248897
   Buffers: shared hit=154091 read=56124
 Settings: enable_bitmapscan = 'off', enable_seqscan = 'off', max_parallel_workers_per_gather = '0'
 Planning:
   Buffers: shared hit=81 read=28
 Planning Time: 6.410 ms
 Execution Time: 1552.189 ms
(12 rows)

SET
SET
SET
SET
SET
                                             QUERY PLAN                                             
----------------------------------------------------------------------------------------------------
 Index Scan Backward using idx on public.t (actual rows=3048576.00 loops=1)
   Output: a, b
   Index Cond: ((t.a >= '-191518'::integer) AND (t.a <= '-983'::integer))
   Index Searches: 1
   Buffers: shared hit=210216
 Settings: enable_bitmapscan = 'off', enable_seqscan = 'off', max_parallel_workers_per_gather = '0'
 Planning:
   Buffers: shared hit=114
 Planning Time: 0.512 ms
 Execution Time: 654.947 ms
(10 rows)

