SET
SET
SET
SET
SET
                                                                  QUERY PLAN                                                                  
----------------------------------------------------------------------------------------------------------------------------------------------
 Index Scan Backward using idx on public.t (actual rows=4048576.00 loops=1)
   Output: a, b
   Index Cond: ((t.a >= '-271272'::integer) AND (t.a <= '-18237'::integer))
   Index Searches: 1
   Prefetch: distance=269.411 count=333458 stalls=1 skipped=3780284 resets=0 ungets=65246 forwarded=99
             histogram [2,4) => 2, [4,8) => 3, [8,16) => 5, [16,32) => 9, [32,64) => 2, [64,128) => 3, [128,256) => 2809, [256,512) => 330625
   Buffers: shared hit=204806 read=74479
 Settings: enable_bitmapscan = 'off', enable_seqscan = 'off', max_parallel_workers_per_gather = '0'
 Planning:
   Buffers: shared hit=81 read=24
 Planning Time: 6.139 ms
 Execution Time: 2093.664 ms
(12 rows)

SET
SET
SET
SET
SET
                                             QUERY PLAN                                             
----------------------------------------------------------------------------------------------------
 Index Scan Backward using idx on public.t (actual rows=4048576.00 loops=1)
   Output: a, b
   Index Cond: ((t.a >= '-271272'::integer) AND (t.a <= '-18237'::integer))
   Index Searches: 1
   Buffers: shared hit=279285
 Settings: enable_bitmapscan = 'off', enable_seqscan = 'off', max_parallel_workers_per_gather = '0'
 Planning:
   Buffers: shared hit=110
 Planning Time: 0.462 ms
 Execution Time: 902.458 ms
(10 rows)

