SET
SET
SET
SET
SET
                                                                  QUERY PLAN                                                                  
----------------------------------------------------------------------------------------------------------------------------------------------
 Index Scan Backward using idx on public.t (actual rows=3048576.00 loops=1)
   Output: a, b
   Index Cond: ((t.a >= '-218448'::integer) AND (t.a <= '-27913'::integer))
   Index Searches: 1
   Prefetch: distance=269.410 count=251017 stalls=1 skipped=2846563 resets=0 ungets=49084 forwarded=81
             histogram [2,4) => 2, [4,8) => 3, [8,16) => 5, [16,32) => 9, [32,64) => 2, [64,128) => 2, [128,256) => 2074, [256,512) => 248920
   Buffers: shared hit=154143 read=56131
 Settings: enable_bitmapscan = 'off', enable_seqscan = 'off', max_parallel_workers_per_gather = '0'
 Planning:
   Buffers: shared hit=81 read=24
 Planning Time: 5.729 ms
 Execution Time: 1639.531 ms
(12 rows)

SET
SET
SET
SET
SET
                                             QUERY PLAN                                             
----------------------------------------------------------------------------------------------------
 Index Scan Backward using idx on public.t (actual rows=3048576.00 loops=1)
   Output: a, b
   Index Cond: ((t.a >= '-218448'::integer) AND (t.a <= '-27913'::integer))
   Index Searches: 1
   Buffers: shared hit=210274
 Settings: enable_bitmapscan = 'off', enable_seqscan = 'off', max_parallel_workers_per_gather = '0'
 Planning:
   Buffers: shared hit=110
 Planning Time: 0.475 ms
 Execution Time: 651.698 ms
(10 rows)

