SET
SET
SET
SET
SET
                                                                  QUERY PLAN                                                                  
----------------------------------------------------------------------------------------------------------------------------------------------
 Index Scan Backward using idx on public.t (actual rows=9048576.00 loops=1)
   Output: a, b
   Index Cond: ((t.a >= '-585953'::integer) AND (t.a <= '-20418'::integer))
   Index Searches: 1
   Prefetch: distance=269.431 count=744854 stalls=1 skipped=8449135 resets=0 ungets=145733 forwarded=235
             histogram [2,4) => 2, [4,8) => 3, [8,16) => 5, [16,32) => 9, [32,64) => 2, [64,128) => 3, [128,256) => 6029, [256,512) => 738801
   Buffers: shared hit=457602 read=166267
 Settings: enable_bitmapscan = 'off', enable_seqscan = 'off', max_parallel_workers_per_gather = '0'
 Planning:
   Buffers: shared hit=81 read=24
 Planning Time: 6.036 ms
 Execution Time: 4595.476 ms
(12 rows)

SET
SET
SET
SET
SET
                                             QUERY PLAN                                             
----------------------------------------------------------------------------------------------------
 Index Scan Backward using idx on public.t (actual rows=9048576.00 loops=1)
   Output: a, b
   Index Cond: ((t.a >= '-585953'::integer) AND (t.a <= '-20418'::integer))
   Index Searches: 1
   Buffers: shared hit=623871
 Settings: enable_bitmapscan = 'off', enable_seqscan = 'off', max_parallel_workers_per_gather = '0'
 Planning:
   Buffers: shared hit=110
 Planning Time: 0.445 ms
 Execution Time: 1458.198 ms
(10 rows)

