SET
SET
SET
SET
SET
                                                                  QUERY PLAN                                                                  
----------------------------------------------------------------------------------------------------------------------------------------------
 Index Scan Backward using idx on public.t (actual rows=7048576.00 loops=1)
   Output: a, b
   Index Cond: ((t.a >= '-453073'::integer) AND (t.a <= '-12538'::integer))
   Index Searches: 1
   Prefetch: distance=269.431 count=580040 stalls=1 skipped=6581818 resets=0 ungets=113410 forwarded=190
             histogram [2,4) => 2, [4,8) => 3, [8,16) => 5, [16,32) => 9, [32,64) => 2, [64,128) => 2, [128,256) => 4624, [256,512) => 575393
   Buffers: shared hit=356346 read=129556
 Settings: enable_bitmapscan = 'off', enable_seqscan = 'off', max_parallel_workers_per_gather = '0'
 Planning:
   Buffers: shared hit=81 read=24
 Planning Time: 9.313 ms
 Execution Time: 3698.739 ms
(12 rows)

SET
SET
SET
SET
SET
                                             QUERY PLAN                                             
----------------------------------------------------------------------------------------------------
 Index Scan Backward using idx on public.t (actual rows=7048576.00 loops=1)
   Output: a, b
   Index Cond: ((t.a >= '-453073'::integer) AND (t.a <= '-12538'::integer))
   Index Searches: 1
   Buffers: shared hit=485903
 Settings: enable_bitmapscan = 'off', enable_seqscan = 'off', max_parallel_workers_per_gather = '0'
 Planning:
   Buffers: shared hit=110
 Planning Time: 0.522 ms
 Execution Time: 1178.887 ms
(10 rows)

