SET
SET
SET
SET
SET
                                                                  QUERY PLAN                                                                  
----------------------------------------------------------------------------------------------------------------------------------------------
 Index Scan Backward using idx on public.t (actual rows=8048576.00 loops=1)
   Output: a, b
   Index Cond: ((t.a >= '-520930'::integer) AND (t.a <= '-17895'::integer))
   Index Searches: 1
   Prefetch: distance=269.430 count=662307 stalls=1 skipped=7515725 resets=0 ungets=129520 forwarded=210
             histogram [2,4) => 2, [4,8) => 3, [8,16) => 5, [16,32) => 9, [32,64) => 2, [64,128) => 2, [128,256) => 5294, [256,512) => 656990
   Buffers: shared hit=406884 read=147903
 Settings: enable_bitmapscan = 'off', enable_seqscan = 'off', max_parallel_workers_per_gather = '0'
 Planning:
   Buffers: shared hit=81 read=24
 Planning Time: 5.867 ms
 Execution Time: 4274.483 ms
(12 rows)

SET
SET
SET
SET
SET
                                             QUERY PLAN                                             
----------------------------------------------------------------------------------------------------
 Index Scan Backward using idx on public.t (actual rows=8048576.00 loops=1)
   Output: a, b
   Index Cond: ((t.a >= '-520930'::integer) AND (t.a <= '-17895'::integer))
   Index Searches: 1
   Buffers: shared hit=554789
 Settings: enable_bitmapscan = 'off', enable_seqscan = 'off', max_parallel_workers_per_gather = '0'
 Planning:
   Buffers: shared hit=110
 Planning Time: 0.450 ms
 Execution Time: 1604.922 ms
(10 rows)

