SET
SET
SET
SET
SET
                                                                  QUERY PLAN                                                                   
-----------------------------------------------------------------------------------------------------------------------------------------------
 Index Scan Backward using idx on public.t (actual rows=4048576.00 loops=1)
   Output: a, b
   Index Cond: ((t.a >= '-261959'::integer) AND (t.a <= '-8924'::integer))
   Index Searches: 1
   Prefetch: distance=269.416 count=333464 stalls=1 skipped=3780232 resets=0 ungets=65248 forwarded=103
             histogram [2,4) => 2, [4,8) => 3, [8,16) => 5, [16,32) => 11, [32,64) => 3, [64,128) => 2, [128,256) => 2732, [256,512) => 330706
   Buffers: shared hit=204815 read=74478
 Settings: enable_bitmapscan = 'off', enable_seqscan = 'off', max_parallel_workers_per_gather = '0'
 Planning:
   Buffers: shared hit=81 read=28
 Planning Time: 6.357 ms
 Execution Time: 2085.441 ms
(12 rows)

SET
SET
SET
SET
SET
                                             QUERY PLAN                                             
----------------------------------------------------------------------------------------------------
 Index Scan Backward using idx on public.t (actual rows=4048576.00 loops=1)
   Output: a, b
   Index Cond: ((t.a >= '-261959'::integer) AND (t.a <= '-8924'::integer))
   Index Searches: 1
   Buffers: shared hit=279293
 Settings: enable_bitmapscan = 'off', enable_seqscan = 'off', max_parallel_workers_per_gather = '0'
 Planning:
   Buffers: shared hit=114
 Planning Time: 0.410 ms
 Execution Time: 749.637 ms
(10 rows)

