SET
SET
SET
SET
SET
                                                                  QUERY PLAN                                                                   
-----------------------------------------------------------------------------------------------------------------------------------------------
 Index Scan Backward using idx on public.t (actual rows=6048576.00 loops=1)
   Output: a, b
   Index Cond: ((t.a >= '-390506'::integer) AND (t.a <= '-12471'::integer))
   Index Searches: 1
   Prefetch: distance=269.430 count=497840 stalls=1 skipped=5648016 resets=0 ungets=97392 forwarded=153
             histogram [2,4) => 2, [4,8) => 3, [8,16) => 7, [16,32) => 10, [32,64) => 2, [64,128) => 3, [128,256) => 3956, [256,512) => 493857
   Buffers: shared hit=305798 read=111189
 Settings: enable_bitmapscan = 'off', enable_seqscan = 'off', max_parallel_workers_per_gather = '0'
 Planning:
   Buffers: shared hit=81 read=24
 Planning Time: 6.005 ms
 Execution Time: 3124.128 ms
(12 rows)

SET
SET
SET
SET
SET
                                             QUERY PLAN                                             
----------------------------------------------------------------------------------------------------
 Index Scan Backward using idx on public.t (actual rows=6048576.00 loops=1)
   Output: a, b
   Index Cond: ((t.a >= '-390506'::integer) AND (t.a <= '-12471'::integer))
   Index Searches: 1
   Buffers: shared hit=416987
 Settings: enable_bitmapscan = 'off', enable_seqscan = 'off', max_parallel_workers_per_gather = '0'
 Planning:
   Buffers: shared hit=110
 Planning Time: 0.601 ms
 Execution Time: 1373.193 ms
(10 rows)

