SET
SET
SET
SET
SET
                                                                  QUERY PLAN                                                                  
----------------------------------------------------------------------------------------------------------------------------------------------
 Index Scan Backward using idx on public.t (actual rows=3048576.00 loops=1)
   Output: a, b
   Index Cond: ((t.a >= '-213299'::integer) AND (t.a <= '-22764'::integer))
   Index Searches: 1
   Prefetch: distance=269.409 count=251011 stalls=1 skipped=2846539 resets=0 ungets=49086 forwarded=83
             histogram [2,4) => 2, [4,8) => 5, [8,16) => 9, [16,32) => 8, [32,64) => 2, [64,128) => 2, [128,256) => 2022, [256,512) => 248961
   Buffers: shared hit=154145 read=56124
 Settings: enable_bitmapscan = 'off', enable_seqscan = 'off', max_parallel_workers_per_gather = '0'
 Planning:
   Buffers: shared hit=81 read=24
 Planning Time: 5.914 ms
 Execution Time: 1632.654 ms
(12 rows)

SET
SET
SET
SET
SET
                                             QUERY PLAN                                             
----------------------------------------------------------------------------------------------------
 Index Scan Backward using idx on public.t (actual rows=3048576.00 loops=1)
   Output: a, b
   Index Cond: ((t.a >= '-213299'::integer) AND (t.a <= '-22764'::integer))
   Index Searches: 1
   Buffers: shared hit=210269
 Settings: enable_bitmapscan = 'off', enable_seqscan = 'off', max_parallel_workers_per_gather = '0'
 Planning:
   Buffers: shared hit=110
 Planning Time: 0.388 ms
 Execution Time: 568.924 ms
(10 rows)

