SET
SET
SET
SET
SET
                                                                   QUERY PLAN                                                                   
------------------------------------------------------------------------------------------------------------------------------------------------
 Index Scan Backward using idx on public.t (actual rows=6048576.00 loops=1)
   Output: a, b
   Index Cond: ((t.a >= '-388209'::integer) AND (t.a <= '-10174'::integer))
   Index Searches: 1
   Prefetch: distance=269.429 count=497854 stalls=1 skipped=5647873 resets=0 ungets=97407 forwarded=154
             histogram [2,4) => 2, [4,8) => 4, [8,16) => 10, [16,32) => 10, [32,64) => 2, [64,128) => 2, [128,256) => 3960, [256,512) => 493864
   Buffers: shared hit=305804 read=111192
 Settings: enable_bitmapscan = 'off', enable_seqscan = 'off', max_parallel_workers_per_gather = '0'
 Planning:
   Buffers: shared hit=81 read=28
 Planning Time: 6.554 ms
 Execution Time: 3121.141 ms
(12 rows)

SET
SET
SET
SET
SET
                                             QUERY PLAN                                             
----------------------------------------------------------------------------------------------------
 Index Scan Backward using idx on public.t (actual rows=6048576.00 loops=1)
   Output: a, b
   Index Cond: ((t.a >= '-388209'::integer) AND (t.a <= '-10174'::integer))
   Index Searches: 1
   Buffers: shared hit=416996
 Settings: enable_bitmapscan = 'off', enable_seqscan = 'off', max_parallel_workers_per_gather = '0'
 Planning:
   Buffers: shared hit=114
 Planning Time: 0.423 ms
 Execution Time: 848.927 ms
(10 rows)

