SET
SET
SET
SET
SET
                                                                  QUERY PLAN                                                                   
-----------------------------------------------------------------------------------------------------------------------------------------------
 Index Scan Backward using idx on public.t (actual rows=5048576.00 loops=1)
   Output: a, b
   Index Cond: ((t.a >= '-343796'::integer) AND (t.a <= '-28261'::integer))
   Index Searches: 1
   Prefetch: distance=269.433 count=415549 stalls=1 skipped=4713963 resets=0 ungets=81304 forwarded=135
             histogram [2,4) => 2, [4,8) => 4, [8,16) => 10, [16,32) => 7, [32,64) => 2, [64,128) => 2, [128,256) => 3234, [256,512) => 412288
   Buffers: shared hit=255239 read=92831
 Settings: enable_bitmapscan = 'off', enable_seqscan = 'off', max_parallel_workers_per_gather = '0'
 Planning:
   Buffers: shared hit=81 read=24
 Planning Time: 5.864 ms
 Execution Time: 2588.842 ms
(12 rows)

SET
SET
SET
SET
SET
                                             QUERY PLAN                                             
----------------------------------------------------------------------------------------------------
 Index Scan Backward using idx on public.t (actual rows=5048576.00 loops=1)
   Output: a, b
   Index Cond: ((t.a >= '-343796'::integer) AND (t.a <= '-28261'::integer))
   Index Searches: 1
   Buffers: shared hit=348070
 Settings: enable_bitmapscan = 'off', enable_seqscan = 'off', max_parallel_workers_per_gather = '0'
 Planning:
   Buffers: shared hit=110
 Planning Time: 0.392 ms
 Execution Time: 907.795 ms
(10 rows)

