SET
SET
SET
SET
SET
                                                                 QUERY PLAN                                                                  
---------------------------------------------------------------------------------------------------------------------------------------------
 Index Scan Backward using idx on public.t (actual rows=524288.00 loops=1)
   Output: a, b
   Index Cond: ((t.a >= '-36308'::integer) AND (t.a <= '-3541'::integer))
   Index Searches: 1
   Prefetch: distance=269.312 count=43182 stalls=1 skipped=489406 resets=0 ungets=8540 forwarded=14
             histogram [2,4) => 2, [4,8) => 3, [8,16) => 5, [16,32) => 10, [32,64) => 4, [64,128) => 2, [128,256) => 367, [256,512) => 42789
   Buffers: shared hit=26315 read=9781
 Settings: enable_bitmapscan = 'off', enable_seqscan = 'off', max_parallel_workers_per_gather = '0'
 Planning:
   Buffers: shared hit=81 read=28
 Planning Time: 6.517 ms
 Execution Time: 287.028 ms
(12 rows)

SET
SET
SET
SET
SET
                                             QUERY PLAN                                             
----------------------------------------------------------------------------------------------------
 Index Scan Backward using idx on public.t (actual rows=524288.00 loops=1)
   Output: a, b
   Index Cond: ((t.a >= '-36308'::integer) AND (t.a <= '-3541'::integer))
   Index Searches: 1
   Buffers: shared hit=36096
 Settings: enable_bitmapscan = 'off', enable_seqscan = 'off', max_parallel_workers_per_gather = '0'
 Planning:
   Buffers: shared hit=114
 Planning Time: 0.423 ms
 Execution Time: 89.299 ms
(10 rows)

