SET
SET
SET
SET
SET
                                                                  QUERY PLAN                                                                  
----------------------------------------------------------------------------------------------------------------------------------------------
 Index Scan Backward using idx on public.t (actual rows=8048576.00 loops=1)
   Output: a, b
   Index Cond: ((t.a >= '-507388'::integer) AND (t.a <= '-4353'::integer))
   Index Searches: 1
   Prefetch: distance=269.433 count=662314 stalls=1 skipped=7515746 resets=0 ungets=129548 forwarded=209
             histogram [2,4) => 2, [4,8) => 3, [8,16) => 5, [16,32) => 9, [32,64) => 2, [64,128) => 2, [128,256) => 5294, [256,512) => 656997
   Buffers: shared hit=406852 read=147914
 Settings: enable_bitmapscan = 'off', enable_seqscan = 'off', max_parallel_workers_per_gather = '0'
 Planning:
   Buffers: shared hit=81 read=28
 Planning Time: 6.390 ms
 Execution Time: 4221.430 ms
(12 rows)

SET
SET
SET
SET
SET
                                             QUERY PLAN                                             
----------------------------------------------------------------------------------------------------
 Index Scan Backward using idx on public.t (actual rows=8048576.00 loops=1)
   Output: a, b
   Index Cond: ((t.a >= '-507388'::integer) AND (t.a <= '-4353'::integer))
   Index Searches: 1
   Buffers: shared hit=554767
 Settings: enable_bitmapscan = 'off', enable_seqscan = 'off', max_parallel_workers_per_gather = '0'
 Planning:
   Buffers: shared hit=114
 Planning Time: 0.452 ms
 Execution Time: 1519.237 ms
(10 rows)

