SET
SET
SET
SET
SET
                                                                  QUERY PLAN                                                                  
----------------------------------------------------------------------------------------------------------------------------------------------
 Index Scan Backward using idx on public.t (actual rows=4048576.00 loops=1)
   Output: a, b
   Index Cond: ((t.a >= '-271654'::integer) AND (t.a <= '-18619'::integer))
   Index Searches: 1
   Prefetch: distance=269.412 count=333461 stalls=1 skipped=3780189 resets=0 ungets=65266 forwarded=101
             histogram [2,4) => 2, [4,8) => 3, [8,16) => 5, [16,32) => 9, [32,64) => 2, [64,128) => 2, [128,256) => 2810, [256,512) => 330628
   Buffers: shared hit=204787 read=74489
 Settings: enable_bitmapscan = 'off', enable_seqscan = 'off', max_parallel_workers_per_gather = '0'
 Planning:
   Buffers: shared hit=81 read=24
 Planning Time: 5.771 ms
 Execution Time: 2068.977 ms
(12 rows)

SET
SET
SET
SET
SET
                                             QUERY PLAN                                             
----------------------------------------------------------------------------------------------------
 Index Scan Backward using idx on public.t (actual rows=4048576.00 loops=1)
   Output: a, b
   Index Cond: ((t.a >= '-271654'::integer) AND (t.a <= '-18619'::integer))
   Index Searches: 1
   Buffers: shared hit=279276
 Settings: enable_bitmapscan = 'off', enable_seqscan = 'off', max_parallel_workers_per_gather = '0'
 Planning:
   Buffers: shared hit=110
 Planning Time: 0.441 ms
 Execution Time: 750.705 ms
(10 rows)

