SET
SET
SET
SET
SET
                                                                 QUERY PLAN                                                                 
--------------------------------------------------------------------------------------------------------------------------------------------
 Index Scan Backward using idx on public.t (actual rows=1048576.00 loops=1)
   Output: a, b
   Index Cond: ((t.a >= '-79041'::integer) AND (t.a <= '-13506'::integer))
   Index Searches: 1
   Prefetch: distance=269.360 count=86516 stalls=1 skipped=979057 resets=0 ungets=17013 forwarded=27
             histogram [2,4) => 2, [4,8) => 3, [8,16) => 5, [16,32) => 9, [32,64) => 3, [64,128) => 2, [128,256) => 767, [256,512) => 85725
   Buffers: shared hit=52966 read=19409
 Settings: enable_bitmapscan = 'off', enable_seqscan = 'off', max_parallel_workers_per_gather = '0'
 Planning:
   Buffers: shared hit=81 read=24
 Planning Time: 5.844 ms
 Execution Time: 554.436 ms
(12 rows)

SET
SET
SET
SET
SET
                                             QUERY PLAN                                             
----------------------------------------------------------------------------------------------------
 Index Scan Backward using idx on public.t (actual rows=1048576.00 loops=1)
   Output: a, b
   Index Cond: ((t.a >= '-79041'::integer) AND (t.a <= '-13506'::integer))
   Index Searches: 1
   Buffers: shared hit=72375
 Settings: enable_bitmapscan = 'off', enable_seqscan = 'off', max_parallel_workers_per_gather = '0'
 Planning:
   Buffers: shared hit=110
 Planning Time: 0.387 ms
 Execution Time: 208.948 ms
(10 rows)

