SET
SET
SET
SET
SET
                                                               QUERY PLAN                                                                
-----------------------------------------------------------------------------------------------------------------------------------------
 Index Scan Backward using idx on public.t (actual rows=2048.00 loops=1)
   Output: a, b
   Index Cond: ((t.a >= '-8300'::integer) AND (t.a <= '-8173'::integer))
   Index Searches: 1
   Prefetch: distance=240.349 count=212 stalls=1 skipped=1859 resets=0 ungets=87 forwarded=0
             histogram [2,4) => 2, [4,8) => 3, [8,16) => 5, [16,32) => 11, [32,64) => 4, [64,128) => 2, [128,256) => 2, [256,512) => 183
   Buffers: shared hit=20 read=121
 Settings: enable_bitmapscan = 'off', enable_seqscan = 'off', max_parallel_workers_per_gather = '0'
 Planning:
   Buffers: shared hit=85 read=28
 Planning Time: 6.208 ms
 Execution Time: 4.164 ms
(12 rows)

SET
SET
SET
SET
SET
                                             QUERY PLAN                                             
----------------------------------------------------------------------------------------------------
 Index Scan Backward using idx on public.t (actual rows=2048.00 loops=1)
   Output: a, b
   Index Cond: ((t.a >= '-8300'::integer) AND (t.a <= '-8173'::integer))
   Index Searches: 1
   Buffers: shared hit=141
 Settings: enable_bitmapscan = 'off', enable_seqscan = 'off', max_parallel_workers_per_gather = '0'
 Planning:
   Buffers: shared hit=118
 Planning Time: 0.359 ms
 Execution Time: 0.452 ms
(10 rows)

