SET
SET
SET
SET
SET
                                                               QUERY PLAN                                                               
----------------------------------------------------------------------------------------------------------------------------------------
 Index Scan Backward using idx on public.t (actual rows=1024.00 loops=1)
   Output: a, b
   Index Cond: ((t.a >= '-13182'::integer) AND (t.a <= '-13119'::integer))
   Index Searches: 1
   Prefetch: distance=151.738 count=61 stalls=1 skipped=629 resets=0 ungets=18 forwarded=0
             histogram [2,4) => 2, [4,8) => 6, [8,16) => 6, [16,32) => 10, [32,64) => 2, [64,128) => 2, [128,256) => 2, [256,512) => 31
   Buffers: shared hit=7 read=68
 Settings: enable_bitmapscan = 'off', enable_seqscan = 'off', max_parallel_workers_per_gather = '0'
 Planning:
   Buffers: shared hit=81 read=24
 Planning Time: 5.863 ms
 Execution Time: 5.005 ms
(12 rows)

SET
SET
SET
SET
SET
                                             QUERY PLAN                                             
----------------------------------------------------------------------------------------------------
 Index Scan Backward using idx on public.t (actual rows=1024.00 loops=1)
   Output: a, b
   Index Cond: ((t.a >= '-13182'::integer) AND (t.a <= '-13119'::integer))
   Index Searches: 1
   Buffers: shared hit=75
 Settings: enable_bitmapscan = 'off', enable_seqscan = 'off', max_parallel_workers_per_gather = '0'
 Planning:
   Buffers: shared hit=110
 Planning Time: 0.315 ms
 Execution Time: 0.286 ms
(10 rows)

