SET
SET
SET
SET
SET
                                                                  QUERY PLAN                                                                   
-----------------------------------------------------------------------------------------------------------------------------------------------
 Index Scan Backward using idx on public.t (actual rows=3048576.00 loops=1)
   Output: a, b
   Index Cond: ((t.a >= '-192974'::integer) AND (t.a <= '-2439'::integer))
   Index Searches: 1
   Prefetch: distance=269.402 count=250926 stalls=1 skipped=2846405 resets=0 ungets=49059 forwarded=86
             histogram [2,4) => 2, [4,8) => 3, [8,16) => 8, [16,32) => 10, [32,64) => 2, [64,128) => 2, [128,256) => 2112, [256,512) => 248787
   Buffers: shared hit=154106 read=56116
 Settings: enable_bitmapscan = 'off', enable_seqscan = 'off', max_parallel_workers_per_gather = '0'
 Planning:
   Buffers: shared hit=81 read=28
 Planning Time: 6.509 ms
 Execution Time: 1612.783 ms
(12 rows)

SET
SET
SET
SET
SET
                                             QUERY PLAN                                             
----------------------------------------------------------------------------------------------------
 Index Scan Backward using idx on public.t (actual rows=3048576.00 loops=1)
   Output: a, b
   Index Cond: ((t.a >= '-192974'::integer) AND (t.a <= '-2439'::integer))
   Index Searches: 1
   Buffers: shared hit=210222
 Settings: enable_bitmapscan = 'off', enable_seqscan = 'off', max_parallel_workers_per_gather = '0'
 Planning:
   Buffers: shared hit=114
 Planning Time: 0.517 ms
 Execution Time: 644.530 ms
(10 rows)

