SET
SET
SET
SET
SET
                                                                  QUERY PLAN                                                                  
----------------------------------------------------------------------------------------------------------------------------------------------
 Index Scan Backward using idx on public.t (actual rows=2048576.00 loops=1)
   Output: a, b
   Index Cond: ((t.a >= '-160627'::integer) AND (t.a <= '-32592'::integer))
   Index Searches: 1
   Prefetch: distance=269.385 count=168599 stalls=1 skipped=1912685 resets=0 ungets=32964 forwarded=55
             histogram [2,4) => 2, [4,8) => 7, [8,16) => 7, [16,32) => 8, [32,64) => 2, [64,128) => 2, [128,256) => 1413, [256,512) => 167158
   Buffers: shared hit=103484 read=37772
 Settings: enable_bitmapscan = 'off', enable_seqscan = 'off', max_parallel_workers_per_gather = '0'
 Planning:
   Buffers: shared hit=81 read=24
 Planning Time: 5.542 ms
 Execution Time: 1099.092 ms
(12 rows)

SET
SET
SET
SET
SET
                                             QUERY PLAN                                             
----------------------------------------------------------------------------------------------------
 Index Scan Backward using idx on public.t (actual rows=2048576.00 loops=1)
   Output: a, b
   Index Cond: ((t.a >= '-160627'::integer) AND (t.a <= '-32592'::integer))
   Index Searches: 1
   Buffers: shared hit=141256
 Settings: enable_bitmapscan = 'off', enable_seqscan = 'off', max_parallel_workers_per_gather = '0'
 Planning:
   Buffers: shared hit=110
 Planning Time: 0.379 ms
 Execution Time: 386.880 ms
(10 rows)

