SET
SET
SET
SET
SET
                                                               QUERY PLAN                                                                
-----------------------------------------------------------------------------------------------------------------------------------------
 Index Scan Backward using idx on public.t (actual rows=16384.00 loops=1)
   Output: a, b
   Index Cond: ((t.a >= '-14196'::integer) AND (t.a <= '-13173'::integer))
   Index Searches: 1
   Prefetch: distance=265.071 count=1471 stalls=1 skipped=15082 resets=0 ungets=393 forwarded=0
             histogram [2,4) => 4, [4,8) => 5, [8,16) => 6, [16,32) => 8, [32,64) => 5, [64,128) => 3, [128,256) => 2, [256,512) => 1438
   Buffers: shared hit=682 read=462
 Settings: enable_bitmapscan = 'off', enable_seqscan = 'off', max_parallel_workers_per_gather = '0'
 Planning:
   Buffers: shared hit=81 read=24
 Planning Time: 5.885 ms
 Execution Time: 13.646 ms
(12 rows)

SET
SET
SET
SET
SET
                                             QUERY PLAN                                             
----------------------------------------------------------------------------------------------------
 Index Scan Backward using idx on public.t (actual rows=16384.00 loops=1)
   Output: a, b
   Index Cond: ((t.a >= '-14196'::integer) AND (t.a <= '-13173'::integer))
   Index Searches: 1
   Buffers: shared hit=1144
 Settings: enable_bitmapscan = 'off', enable_seqscan = 'off', max_parallel_workers_per_gather = '0'
 Planning:
   Buffers: shared hit=110
 Planning Time: 0.323 ms
 Execution Time: 2.540 ms
(10 rows)

