SET
SET
SET
SET
SET
                                                                QUERY PLAN                                                                 
-------------------------------------------------------------------------------------------------------------------------------------------
 Index Scan Backward using idx on public.t (actual rows=131072.00 loops=1)
   Output: a, b
   Index Cond: ((t.a >= '-29951'::integer) AND (t.a <= '-21760'::integer))
   Index Searches: 1
   Prefetch: distance=268.977 count=10928 stalls=1 skipped=122319 resets=0 ungets=2255 forwarded=5
             histogram [2,4) => 2, [4,8) => 3, [8,16) => 5, [16,32) => 9, [32,64) => 2, [64,128) => 2, [128,256) => 98, [256,512) => 10807
   Buffers: shared hit=6473 read=2569
 Settings: enable_bitmapscan = 'off', enable_seqscan = 'off', max_parallel_workers_per_gather = '0'
 Planning:
   Buffers: shared hit=81 read=24
 Planning Time: 5.856 ms
 Execution Time: 75.846 ms
(12 rows)

SET
SET
SET
SET
SET
                                             QUERY PLAN                                             
----------------------------------------------------------------------------------------------------
 Index Scan Backward using idx on public.t (actual rows=131072.00 loops=1)
   Output: a, b
   Index Cond: ((t.a >= '-29951'::integer) AND (t.a <= '-21760'::integer))
   Index Searches: 1
   Buffers: shared hit=9042
 Settings: enable_bitmapscan = 'off', enable_seqscan = 'off', max_parallel_workers_per_gather = '0'
 Planning:
   Buffers: shared hit=110
 Planning Time: 0.344 ms
 Execution Time: 18.465 ms
(10 rows)

