SET
SET
SET
SET
SET
                                                                  QUERY PLAN                                                                   
-----------------------------------------------------------------------------------------------------------------------------------------------
 Index Scan Backward using idx on public.t (actual rows=9048576.00 loops=1)
   Output: a, b
   Index Cond: ((t.a >= '-579377'::integer) AND (t.a <= '-13842'::integer))
   Index Searches: 1
   Prefetch: distance=269.430 count=744691 stalls=1 skipped=8449315 resets=0 ungets=145558 forwarded=235
             histogram [2,4) => 2, [4,8) => 3, [8,16) => 5, [16,32) => 12, [32,64) => 2, [64,128) => 2, [128,256) => 5952, [256,512) => 738713
   Buffers: shared hit=457593 read=166275
 Settings: enable_bitmapscan = 'off', enable_seqscan = 'off', max_parallel_workers_per_gather = '0'
 Planning:
   Buffers: shared hit=81 read=24
 Planning Time: 5.643 ms
 Execution Time: 4692.043 ms
(12 rows)

SET
SET
SET
SET
SET
                                             QUERY PLAN                                             
----------------------------------------------------------------------------------------------------
 Index Scan Backward using idx on public.t (actual rows=9048576.00 loops=1)
   Output: a, b
   Index Cond: ((t.a >= '-579377'::integer) AND (t.a <= '-13842'::integer))
   Index Searches: 1
   Buffers: shared hit=623870
 Settings: enable_bitmapscan = 'off', enable_seqscan = 'off', max_parallel_workers_per_gather = '0'
 Planning:
   Buffers: shared hit=110
 Planning Time: 0.466 ms
 Execution Time: 1575.436 ms
(10 rows)

