SET
SET
SET
SET
SET
                                                                  QUERY PLAN                                                                   
-----------------------------------------------------------------------------------------------------------------------------------------------
 Index Scan Backward using idx on public.t (actual rows=7048576.00 loops=1)
   Output: a, b
   Index Cond: ((t.a >= '-448381'::integer) AND (t.a <= '-7846'::integer))
   Index Searches: 1
   Prefetch: distance=269.425 count=579953 stalls=1 skipped=6581816 resets=0 ungets=113369 forwarded=188
             histogram [2,4) => 2, [4,8) => 5, [8,16) => 7, [16,32) => 10, [32,64) => 2, [64,128) => 2, [128,256) => 4647, [256,512) => 575278
   Buffers: shared hit=356308 read=129551
 Settings: enable_bitmapscan = 'off', enable_seqscan = 'off', max_parallel_workers_per_gather = '0'
 Planning:
   Buffers: shared hit=81 read=28
 Planning Time: 6.477 ms
 Execution Time: 3693.051 ms
(12 rows)

SET
SET
SET
SET
SET
                                             QUERY PLAN                                             
----------------------------------------------------------------------------------------------------
 Index Scan Backward using idx on public.t (actual rows=7048576.00 loops=1)
   Output: a, b
   Index Cond: ((t.a >= '-448381'::integer) AND (t.a <= '-7846'::integer))
   Index Searches: 1
   Buffers: shared hit=485859
 Settings: enable_bitmapscan = 'off', enable_seqscan = 'off', max_parallel_workers_per_gather = '0'
 Planning:
   Buffers: shared hit=114
 Planning Time: 0.458 ms
 Execution Time: 1311.889 ms
(10 rows)

