SET
SET
SET
SET
SET
                                             QUERY PLAN                                             
----------------------------------------------------------------------------------------------------
 Index Scan using idx on public.t (actual rows=128.00 loops=1)
   Output: a, b
   Index Cond: ((t.a >= '-28654'::integer) AND (t.a <= '-28647'::integer))
   Index Searches: 1
   Prefetch: distance=2.000 count=2 stalls=1 skipped=30 resets=0 ungets=0 forwarded=0
             histogram [2,4) => 2
   Buffers: shared hit=3 read=13
 Settings: enable_bitmapscan = 'off', enable_seqscan = 'off', max_parallel_workers_per_gather = '0'
 Planning:
   Buffers: shared hit=77 read=24
 Planning Time: 5.602 ms
 Execution Time: 2.230 ms
(12 rows)

SET
SET
SET
SET
SET
                                             QUERY PLAN                                             
----------------------------------------------------------------------------------------------------
 Index Scan using idx on public.t (actual rows=128.00 loops=1)
   Output: a, b
   Index Cond: ((t.a >= '-28654'::integer) AND (t.a <= '-28647'::integer))
   Index Searches: 1
   Buffers: shared hit=16
 Settings: enable_bitmapscan = 'off', enable_seqscan = 'off', max_parallel_workers_per_gather = '0'
 Planning:
   Buffers: shared hit=106
 Planning Time: 0.307 ms
 Execution Time: 0.080 ms
(10 rows)

