SET
SET
SET
SET
SET
                                             QUERY PLAN                                             
----------------------------------------------------------------------------------------------------
 Index Scan using idx on public.t (actual rows=64.00 loops=1)
   Output: a, b
   Index Cond: ((t.a >= '-28857'::integer) AND (t.a <= '-28854'::integer))
   Index Searches: 1
   Prefetch: distance=2.000 count=1 stalls=1 skipped=15 resets=0 ungets=0 forwarded=0
             histogram [2,4) => 1
   Buffers: shared hit=3 read=8
 Settings: enable_bitmapscan = 'off', enable_seqscan = 'off', max_parallel_workers_per_gather = '0'
 Planning:
   Buffers: shared hit=77 read=24
 Planning Time: 5.673 ms
 Execution Time: 1.641 ms
(12 rows)

SET
SET
SET
SET
SET
                                             QUERY PLAN                                             
----------------------------------------------------------------------------------------------------
 Index Scan using idx on public.t (actual rows=64.00 loops=1)
   Output: a, b
   Index Cond: ((t.a >= '-28857'::integer) AND (t.a <= '-28854'::integer))
   Index Searches: 1
   Buffers: shared hit=11
 Settings: enable_bitmapscan = 'off', enable_seqscan = 'off', max_parallel_workers_per_gather = '0'
 Planning:
   Buffers: shared hit=106
 Planning Time: 0.329 ms
 Execution Time: 0.063 ms
(10 rows)

