SET
SET
SET
SET
SET
                                                               QUERY PLAN                                                               
----------------------------------------------------------------------------------------------------------------------------------------
 Index Scan using idx on public.t (actual rows=8192.00 loops=1)
   Output: a, b
   Index Cond: ((t.a >= '-27344'::integer) AND (t.a <= '-26833'::integer))
   Index Searches: 1
   Prefetch: distance=261.014 count=764 stalls=1 skipped=7322 resets=0 ungets=246 forwarded=7
             histogram [2,4) => 2, [4,8) => 7, [8,16) => 8, [16,32) => 9, [32,64) => 2, [64,128) => 2, [128,256) => 2, [256,512) => 732
   Buffers: shared hit=259 read=310
 Settings: enable_bitmapscan = 'off', enable_seqscan = 'off', max_parallel_workers_per_gather = '0'
 Planning:
   Buffers: shared hit=77 read=24
 Planning Time: 5.703 ms
 Execution Time: 8.881 ms
(12 rows)

SET
SET
SET
SET
SET
                                             QUERY PLAN                                             
----------------------------------------------------------------------------------------------------
 Index Scan using idx on public.t (actual rows=8192.00 loops=1)
   Output: a, b
   Index Cond: ((t.a >= '-27344'::integer) AND (t.a <= '-26833'::integer))
   Index Searches: 1
   Buffers: shared hit=569
 Settings: enable_bitmapscan = 'off', enable_seqscan = 'off', max_parallel_workers_per_gather = '0'
 Planning:
   Buffers: shared hit=106
 Planning Time: 0.330 ms
 Execution Time: 1.371 ms
(10 rows)

