SET
SET
SET
SET
SET
                                                                QUERY PLAN                                                                
------------------------------------------------------------------------------------------------------------------------------------------
 Index Scan using idx on public.t (actual rows=16384.00 loops=1)
   Output: a, b
   Index Cond: ((t.a >= '-4973'::integer) AND (t.a <= '-3950'::integer))
   Index Searches: 1
   Prefetch: distance=265.552 count=1448 stalls=1 skipped=14968 resets=0 ungets=400 forwarded=9
             histogram [2,4) => 2, [4,8) => 3, [8,16) => 8, [16,32) => 13, [32,64) => 2, [64,128) => 2, [128,256) => 2, [256,512) => 1416
   Buffers: shared hit=652 read=470
 Settings: enable_bitmapscan = 'off', enable_seqscan = 'off', max_parallel_workers_per_gather = '0'
 Planning:
   Buffers: shared hit=81 read=28
 Planning Time: 6.590 ms
 Execution Time: 11.557 ms
(12 rows)

SET
SET
SET
SET
SET
                                             QUERY PLAN                                             
----------------------------------------------------------------------------------------------------
 Index Scan using idx on public.t (actual rows=16384.00 loops=1)
   Output: a, b
   Index Cond: ((t.a >= '-4973'::integer) AND (t.a <= '-3950'::integer))
   Index Searches: 1
   Buffers: shared hit=1122
 Settings: enable_bitmapscan = 'off', enable_seqscan = 'off', max_parallel_workers_per_gather = '0'
 Planning:
   Buffers: shared hit=114
 Planning Time: 0.468 ms
 Execution Time: 3.693 ms
(10 rows)

