SET
SET
SET
SET
SET
                                                               QUERY PLAN                                                               
----------------------------------------------------------------------------------------------------------------------------------------
 Index Scan using idx on public.t (actual rows=2048.00 loops=1)
   Output: a, b
   Index Cond: ((t.a >= '-30452'::integer) AND (t.a <= '-30325'::integer))
   Index Searches: 1
   Prefetch: distance=231.536 count=183 stalls=1 skipped=1630 resets=0 ungets=69 forwarded=0
             histogram [2,4) => 4, [4,8) => 4, [8,16) => 7, [16,32) => 9, [32,64) => 2, [64,128) => 2, [128,256) => 2, [256,512) => 153
   Buffers: shared hit=28 read=119
 Settings: enable_bitmapscan = 'off', enable_seqscan = 'off', max_parallel_workers_per_gather = '0'
 Planning:
   Buffers: shared hit=77 read=24
 Planning Time: 5.614 ms
 Execution Time: 5.829 ms
(12 rows)

SET
SET
SET
SET
SET
                                             QUERY PLAN                                             
----------------------------------------------------------------------------------------------------
 Index Scan using idx on public.t (actual rows=2048.00 loops=1)
   Output: a, b
   Index Cond: ((t.a >= '-30452'::integer) AND (t.a <= '-30325'::integer))
   Index Searches: 1
   Buffers: shared hit=147
 Settings: enable_bitmapscan = 'off', enable_seqscan = 'off', max_parallel_workers_per_gather = '0'
 Planning:
   Buffers: shared hit=106
 Planning Time: 0.343 ms
 Execution Time: 0.454 ms
(10 rows)

