SET
SET
SET
SET
SET
                                                                 QUERY PLAN                                                                 
--------------------------------------------------------------------------------------------------------------------------------------------
 Index Scan using idx on public.t (actual rows=131072.00 loops=1)
   Output: a, b
   Index Cond: ((t.a >= '-31441'::integer) AND (t.a <= '-23250'::integer))
   Index Searches: 1
   Prefetch: distance=269.258 count=11068 stalls=1 skipped=122356 resets=0 ungets=2384 forwarded=67
             histogram [2,4) => 2, [4,8) => 3, [8,16) => 5, [16,32) => 12, [32,64) => 5, [64,128) => 2, [128,256) => 31, [256,512) => 11008
   Buffers: shared hit=6484 read=2566
 Settings: enable_bitmapscan = 'off', enable_seqscan = 'off', max_parallel_workers_per_gather = '0'
 Planning:
   Buffers: shared hit=77 read=24
 Planning Time: 5.773 ms
 Execution Time: 48.026 ms
(12 rows)

SET
SET
SET
SET
SET
                                             QUERY PLAN                                             
----------------------------------------------------------------------------------------------------
 Index Scan using idx on public.t (actual rows=131072.00 loops=1)
   Output: a, b
   Index Cond: ((t.a >= '-31441'::integer) AND (t.a <= '-23250'::integer))
   Index Searches: 1
   Buffers: shared hit=9052
 Settings: enable_bitmapscan = 'off', enable_seqscan = 'off', max_parallel_workers_per_gather = '0'
 Planning:
   Buffers: shared hit=106
 Planning Time: 0.337 ms
 Execution Time: 16.868 ms
(10 rows)

