SET
SET
SET
SET
SET
                                                                QUERY PLAN                                                                
------------------------------------------------------------------------------------------------------------------------------------------
 Index Scan using idx on public.t (actual rows=32768.00 loops=1)
   Output: a, b
   Index Cond: ((t.a >= '-34740'::integer) AND (t.a <= '-32693'::integer))
   Index Searches: 1
   Prefetch: distance=267.742 count=2856 stalls=1 skipped=30488 resets=0 ungets=688 forwarded=13
             histogram [2,4) => 2, [4,8) => 3, [8,16) => 8, [16,32) => 10, [32,64) => 3, [64,128) => 2, [128,256) => 9, [256,512) => 2819
   Buffers: shared hit=1507 read=765
 Settings: enable_bitmapscan = 'off', enable_seqscan = 'off', max_parallel_workers_per_gather = '0'
 Planning:
   Buffers: shared hit=77 read=24
 Planning Time: 5.941 ms
 Execution Time: 16.350 ms
(12 rows)

SET
SET
SET
SET
SET
                                             QUERY PLAN                                             
----------------------------------------------------------------------------------------------------
 Index Scan using idx on public.t (actual rows=32768.00 loops=1)
   Output: a, b
   Index Cond: ((t.a >= '-34740'::integer) AND (t.a <= '-32693'::integer))
   Index Searches: 1
   Buffers: shared hit=2272
 Settings: enable_bitmapscan = 'off', enable_seqscan = 'off', max_parallel_workers_per_gather = '0'
 Planning:
   Buffers: shared hit=106
 Planning Time: 0.431 ms
 Execution Time: 6.824 ms
(10 rows)

