SET
SET
SET
SET
SET
                                                                  QUERY PLAN                                                                   
-----------------------------------------------------------------------------------------------------------------------------------------------
 Index Scan using idx on public.t (actual rows=8048576.00 loops=1)
   Output: a, b
   Index Cond: ((t.a >= '-519625'::integer) AND (t.a <= '-16590'::integer))
   Index Searches: 1
   Prefetch: distance=269.749 count=670607 stalls=1 skipped=7515631 resets=0 ungets=137838 forwarded=3713
             histogram [2,4) => 2, [4,8) => 4, [8,16) => 11, [16,32) => 7, [32,64) => 2, [64,128) => 2, [128,256) => 3140, [256,512) => 667439
   Buffers: shared hit=406779 read=147912
 Settings: enable_bitmapscan = 'off', enable_seqscan = 'off', max_parallel_workers_per_gather = '0'
 Planning:
   Buffers: shared hit=77 read=24
 Planning Time: 5.875 ms
 Execution Time: 2736.139 ms
(12 rows)

SET
SET
SET
SET
SET
                                             QUERY PLAN                                             
----------------------------------------------------------------------------------------------------
 Index Scan using idx on public.t (actual rows=8048576.00 loops=1)
   Output: a, b
   Index Cond: ((t.a >= '-519625'::integer) AND (t.a <= '-16590'::integer))
   Index Searches: 1
   Buffers: shared hit=554777
 Settings: enable_bitmapscan = 'off', enable_seqscan = 'off', max_parallel_workers_per_gather = '0'
 Planning:
   Buffers: shared hit=106
 Planning Time: 0.484 ms
 Execution Time: 1425.031 ms
(10 rows)

