SET
SET
SET
SET
SET
                                                                QUERY PLAN                                                                 
-------------------------------------------------------------------------------------------------------------------------------------------
 Index Scan using idx on public.t (actual rows=262144.00 loops=1)
   Output: a, b
   Index Cond: ((t.a >= '-42493'::integer) AND (t.a <= '-26110'::integer))
   Index Searches: 1
   Prefetch: distance=269.551 count=21971 stalls=1 skipped=244710 resets=0 ungets=4617 forwarded=117
             histogram [2,4) => 2, [4,8) => 3, [8,16) => 5, [16,32) => 9, [32,64) => 3, [64,128) => 2, [128,256) => 86, [256,512) => 21861
   Buffers: shared hit=13103 read=4972
 Settings: enable_bitmapscan = 'off', enable_seqscan = 'off', max_parallel_workers_per_gather = '0'
 Planning:
   Buffers: shared hit=77 read=24
 Planning Time: 5.695 ms
 Execution Time: 92.937 ms
(12 rows)

SET
SET
SET
SET
SET
                                             QUERY PLAN                                             
----------------------------------------------------------------------------------------------------
 Index Scan using idx on public.t (actual rows=262144.00 loops=1)
   Output: a, b
   Index Cond: ((t.a >= '-42493'::integer) AND (t.a <= '-26110'::integer))
   Index Searches: 1
   Buffers: shared hit=18082
 Settings: enable_bitmapscan = 'off', enable_seqscan = 'off', max_parallel_workers_per_gather = '0'
 Planning:
   Buffers: shared hit=106
 Planning Time: 0.425 ms
 Execution Time: 50.822 ms
(10 rows)

