SET
SET
SET
SET
SET
                                                                  QUERY PLAN                                                                  
----------------------------------------------------------------------------------------------------------------------------------------------
 Index Scan using idx on public.t (actual rows=5048576.00 loops=1)
   Output: a, b
   Index Cond: ((t.a >= '-335085'::integer) AND (t.a <= '-19550'::integer))
   Index Searches: 1
   Prefetch: distance=269.742 count=420785 stalls=1 skipped=4714255 resets=0 ungets=86512 forwarded=2309
             histogram [2,4) => 2, [4,8) => 3, [8,16) => 5, [16,32) => 9, [32,64) => 2, [64,128) => 2, [128,256) => 1973, [256,512) => 418789
   Buffers: shared hit=255196 read=92826
 Settings: enable_bitmapscan = 'off', enable_seqscan = 'off', max_parallel_workers_per_gather = '0'
 Planning:
   Buffers: shared hit=77 read=24
 Planning Time: 5.700 ms
 Execution Time: 1683.317 ms
(12 rows)

SET
SET
SET
SET
SET
                                             QUERY PLAN                                             
----------------------------------------------------------------------------------------------------
 Index Scan using idx on public.t (actual rows=5048576.00 loops=1)
   Output: a, b
   Index Cond: ((t.a >= '-335085'::integer) AND (t.a <= '-19550'::integer))
   Index Searches: 1
   Buffers: shared hit=348076
 Settings: enable_bitmapscan = 'off', enable_seqscan = 'off', max_parallel_workers_per_gather = '0'
 Planning:
   Buffers: shared hit=106
 Planning Time: 0.445 ms
 Execution Time: 852.584 ms
(10 rows)

