SET
SET
SET
SET
SET
                                                                 QUERY PLAN                                                                 
--------------------------------------------------------------------------------------------------------------------------------------------
 Index Scan using idx on public.t (actual rows=524288.00 loops=1)
   Output: a, b
   Index Cond: ((t.a >= '-50014'::integer) AND (t.a <= '-17247'::integer))
   Index Searches: 1
   Prefetch: distance=269.660 count=43811 stalls=1 skipped=489180 resets=0 ungets=9071 forwarded=240
             histogram [2,4) => 2, [4,8) => 6, [8,16) => 9, [16,32) => 5, [32,64) => 2, [64,128) => 2, [128,256) => 151, [256,512) => 43634
   Buffers: shared hit=26427 read=9774
 Settings: enable_bitmapscan = 'off', enable_seqscan = 'off', max_parallel_workers_per_gather = '0'
 Planning:
   Buffers: shared hit=77 read=24
 Planning Time: 5.909 ms
 Execution Time: 183.388 ms
(12 rows)

SET
SET
SET
SET
SET
                                             QUERY PLAN                                             
----------------------------------------------------------------------------------------------------
 Index Scan using idx on public.t (actual rows=524288.00 loops=1)
   Output: a, b
   Index Cond: ((t.a >= '-50014'::integer) AND (t.a <= '-17247'::integer))
   Index Searches: 1
   Buffers: shared hit=36203
 Settings: enable_bitmapscan = 'off', enable_seqscan = 'off', max_parallel_workers_per_gather = '0'
 Planning:
   Buffers: shared hit=106
 Planning Time: 0.442 ms
 Execution Time: 75.515 ms
(10 rows)

