SET
SET
SET
SET
SET
                                                                  QUERY PLAN                                                                  
----------------------------------------------------------------------------------------------------------------------------------------------
 Index Scan using idx on public.t (actual rows=9048576.00 loops=1)
   Output: a, b
   Index Cond: ((t.a >= '-585062'::integer) AND (t.a <= '-19527'::integer))
   Index Searches: 1
   Prefetch: distance=269.751 count=754052 stalls=1 skipped=8449392 resets=0 ungets=154900 forwarded=4197
             histogram [2,4) => 2, [4,8) => 3, [8,16) => 5, [16,32) => 9, [32,64) => 3, [64,128) => 2, [128,256) => 3476, [256,512) => 750552
   Buffers: shared hit=457543 read=166256
 Settings: enable_bitmapscan = 'off', enable_seqscan = 'off', max_parallel_workers_per_gather = '0'
 Planning:
   Buffers: shared hit=77 read=24
 Planning Time: 5.713 ms
 Execution Time: 3023.451 ms
(12 rows)

SET
SET
SET
SET
SET
                                             QUERY PLAN                                             
----------------------------------------------------------------------------------------------------
 Index Scan using idx on public.t (actual rows=9048576.00 loops=1)
   Output: a, b
   Index Cond: ((t.a >= '-585062'::integer) AND (t.a <= '-19527'::integer))
   Index Searches: 1
   Buffers: shared hit=623883
 Settings: enable_bitmapscan = 'off', enable_seqscan = 'off', max_parallel_workers_per_gather = '0'
 Planning:
   Buffers: shared hit=106
 Planning Time: 0.675 ms
 Execution Time: 1487.677 ms
(10 rows)

