SET
SET
SET
SET
SET
                                             QUERY PLAN                                             
----------------------------------------------------------------------------------------------------
 Index Scan using idx on public.t (actual rows=128.00 loops=1)
   Output: a, b
   Index Cond: ((t.a >= '-9803'::integer) AND (t.a <= '-9796'::integer))
   Index Searches: 1
   Prefetch: distance=3.000 count=4 stalls=1 skipped=60 resets=0 ungets=0 forwarded=0
             histogram [2,4) => 2, [4,8) => 2
   Buffers: shared hit=4 read=11
 Settings: enable_bitmapscan = 'off', enable_seqscan = 'off', max_parallel_workers_per_gather = '0'
 Planning:
   Buffers: shared hit=81 read=28
 Planning Time: 5.920 ms
 Execution Time: 1.949 ms
(12 rows)

SET
SET
SET
SET
SET
                                             QUERY PLAN                                             
----------------------------------------------------------------------------------------------------
 Index Scan using idx on public.t (actual rows=128.00 loops=1)
   Output: a, b
   Index Cond: ((t.a >= '-9803'::integer) AND (t.a <= '-9796'::integer))
   Index Searches: 1
   Buffers: shared hit=15
 Settings: enable_bitmapscan = 'off', enable_seqscan = 'off', max_parallel_workers_per_gather = '0'
 Planning:
   Buffers: shared hit=114
 Planning Time: 0.355 ms
 Execution Time: 0.067 ms
(10 rows)

