SET
SET
SET
SET
SET
                                                                QUERY PLAN                                                                 
-------------------------------------------------------------------------------------------------------------------------------------------
 Index Scan using idx on public.t (actual rows=65536.00 loops=1)
   Output: a, b
   Index Cond: ((t.a >= '-21458'::integer) AND (t.a <= '-17363'::integer))
   Index Searches: 1
   Prefetch: distance=268.547 count=5558 stalls=1 skipped=60959 resets=0 ungets=1221 forwarded=40
             histogram [2,4) => 2, [4,8) => 5, [8,16) => 9, [16,32) => 11, [32,64) => 2, [64,128) => 2, [128,256) => 18, [256,512) => 5509
   Buffers: shared hit=3182 read=1359
 Settings: enable_bitmapscan = 'off', enable_seqscan = 'off', max_parallel_workers_per_gather = '0'
 Planning:
   Buffers: shared hit=77 read=24
 Planning Time: 6.353 ms
 Execution Time: 36.133 ms
(12 rows)

SET
SET
SET
SET
SET
                                             QUERY PLAN                                             
----------------------------------------------------------------------------------------------------
 Index Scan using idx on public.t (actual rows=65536.00 loops=1)
   Output: a, b
   Index Cond: ((t.a >= '-21458'::integer) AND (t.a <= '-17363'::integer))
   Index Searches: 1
   Buffers: shared hit=4541
 Settings: enable_bitmapscan = 'off', enable_seqscan = 'off', max_parallel_workers_per_gather = '0'
 Planning:
   Buffers: shared hit=106
 Planning Time: 0.327 ms
 Execution Time: 8.296 ms
(10 rows)

