SET
SET
SET
SET
SET
                                                                QUERY PLAN                                                                
------------------------------------------------------------------------------------------------------------------------------------------
 Index Scan using idx on public.t (actual rows=32768.00 loops=1)
   Output: a, b
   Index Cond: ((t.a >= '-25252'::integer) AND (t.a <= '-23205'::integer))
   Index Searches: 1
   Prefetch: distance=267.529 count=2831 stalls=1 skipped=30412 resets=0 ungets=667 forwarded=16
             histogram [2,4) => 2, [4,8) => 5, [8,16) => 8, [16,32) => 10, [32,64) => 2, [64,128) => 2, [128,256) => 7, [256,512) => 2795
   Buffers: shared hit=1510 read=762
 Settings: enable_bitmapscan = 'off', enable_seqscan = 'off', max_parallel_workers_per_gather = '0'
 Planning:
   Buffers: shared hit=77 read=24
 Planning Time: 6.771 ms
 Execution Time: 21.972 ms
(12 rows)

SET
SET
SET
SET
SET
                                             QUERY PLAN                                             
----------------------------------------------------------------------------------------------------
 Index Scan using idx on public.t (actual rows=32768.00 loops=1)
   Output: a, b
   Index Cond: ((t.a >= '-25252'::integer) AND (t.a <= '-23205'::integer))
   Index Searches: 1
   Buffers: shared hit=2272
 Settings: enable_bitmapscan = 'off', enable_seqscan = 'off', max_parallel_workers_per_gather = '0'
 Planning:
   Buffers: shared hit=106
 Planning Time: 0.431 ms
 Execution Time: 6.792 ms
(10 rows)

