SET
SET
SET
SET
SET
                                                                  QUERY PLAN                                                                  
----------------------------------------------------------------------------------------------------------------------------------------------
 Index Scan using idx on public.t (actual rows=524288.00 loops=1)
   Output: a, b
   Index Cond: ((t.a >= '-39721'::integer) AND (t.a <= '-6954'::integer))
   Index Searches: 1
   Prefetch: distance=269.644 count=43747 stalls=1 skipped=489575 resets=0 ungets=9050 forwarded=232
             histogram [2,4) => 2, [4,8) => 3, [8,16) => 10, [16,32) => 11, [32,64) => 2, [64,128) => 2, [128,256) => 121, [256,512) => 43596
   Buffers: shared hit=26353 read=9779
 Settings: enable_bitmapscan = 'off', enable_seqscan = 'off', max_parallel_workers_per_gather = '0'
 Planning:
   Buffers: shared hit=77 read=28
 Planning Time: 7.537 ms
 Execution Time: 239.143 ms
(12 rows)

SET
SET
SET
SET
SET
                                             QUERY PLAN                                             
----------------------------------------------------------------------------------------------------
 Index Scan using idx on public.t (actual rows=524288.00 loops=1)
   Output: a, b
   Index Cond: ((t.a >= '-39721'::integer) AND (t.a <= '-6954'::integer))
   Index Searches: 1
   Buffers: shared hit=36137
 Settings: enable_bitmapscan = 'off', enable_seqscan = 'off', max_parallel_workers_per_gather = '0'
 Planning:
   Buffers: shared hit=110
 Planning Time: 0.441 ms
 Execution Time: 73.566 ms
(10 rows)

