SET
SET
SET
SET
SET
                                                                QUERY PLAN                                                                 
-------------------------------------------------------------------------------------------------------------------------------------------
 Index Scan using idx on public.t (actual rows=16384.00 loops=1)
   Output: a, b
   Index Cond: ((t.a >= '-3815'::integer) AND (t.a <= '-2792'::integer))
   Index Searches: 1
   Prefetch: distance=265.514 count=1482 stalls=1 skipped=15154 resets=0 ungets=396 forwarded=12
             histogram [2,4) => 2, [4,8) => 3, [8,16) => 12, [16,32) => 7, [32,64) => 2, [64,128) => 2, [128,256) => 24, [256,512) => 1430
   Buffers: shared hit=690 read=456
 Settings: enable_bitmapscan = 'off', enable_seqscan = 'off', max_parallel_workers_per_gather = '0'
 Planning:
   Buffers: shared hit=81 read=28
 Planning Time: 7.139 ms
 Execution Time: 16.080 ms
(12 rows)

SET
SET
SET
SET
SET
                                             QUERY PLAN                                             
----------------------------------------------------------------------------------------------------
 Index Scan using idx on public.t (actual rows=16384.00 loops=1)
   Output: a, b
   Index Cond: ((t.a >= '-3815'::integer) AND (t.a <= '-2792'::integer))
   Index Searches: 1
   Buffers: shared hit=1146
 Settings: enable_bitmapscan = 'off', enable_seqscan = 'off', max_parallel_workers_per_gather = '0'
 Planning:
   Buffers: shared hit=114
 Planning Time: 0.361 ms
 Execution Time: 2.432 ms
(10 rows)

