SET
SET
SET
SET
SET
                                                                 QUERY PLAN                                                                 
--------------------------------------------------------------------------------------------------------------------------------------------
 Index Scan using idx on public.t (actual rows=1048576.00 loops=1)
   Output: a, b
   Index Cond: ((t.a >= '-87178'::integer) AND (t.a <= '-21643'::integer))
   Index Searches: 1
   Prefetch: distance=269.672 count=87447 stalls=1 skipped=978858 resets=0 ungets=17969 forwarded=479
             histogram [2,4) => 2, [4,8) => 7, [8,16) => 7, [16,32) => 7, [32,64) => 2, [64,128) => 3, [128,256) => 395, [256,512) => 87024
   Buffers: shared hit=52945 read=19413
 Settings: enable_bitmapscan = 'off', enable_seqscan = 'off', max_parallel_workers_per_gather = '0'
 Planning:
   Buffers: shared hit=77 read=24
 Planning Time: 8.315 ms
 Execution Time: 470.930 ms
(12 rows)

SET
SET
SET
SET
SET
                                             QUERY PLAN                                             
----------------------------------------------------------------------------------------------------
 Index Scan using idx on public.t (actual rows=1048576.00 loops=1)
   Output: a, b
   Index Cond: ((t.a >= '-87178'::integer) AND (t.a <= '-21643'::integer))
   Index Searches: 1
   Buffers: shared hit=72365
 Settings: enable_bitmapscan = 'off', enable_seqscan = 'off', max_parallel_workers_per_gather = '0'
 Planning:
   Buffers: shared hit=106
 Planning Time: 0.562 ms
 Execution Time: 172.628 ms
(10 rows)

