SET
SET
SET
SET
SET
                                                                  QUERY PLAN                                                                   
-----------------------------------------------------------------------------------------------------------------------------------------------
 Index Scan using idx on public.t (actual rows=3048576.00 loops=1)
   Output: a, b
   Index Cond: ((t.a >= '-212198'::integer) AND (t.a <= '-21663'::integer))
   Index Searches: 1
   Prefetch: distance=269.719 count=253899 stalls=1 skipped=2846637 resets=0 ungets=51976 forwarded=1388
             histogram [2,4) => 2, [4,8) => 5, [8,16) => 10, [16,32) => 6, [32,64) => 2, [64,128) => 2, [128,256) => 1176, [256,512) => 252696
   Buffers: shared hit=154100 read=56126
 Settings: enable_bitmapscan = 'off', enable_seqscan = 'off', max_parallel_workers_per_gather = '0'
 Planning:
   Buffers: shared hit=77 read=24
 Planning Time: 10.495 ms
 Execution Time: 1418.172 ms
(12 rows)

SET
SET
SET
SET
SET
                                             QUERY PLAN                                             
----------------------------------------------------------------------------------------------------
 Index Scan using idx on public.t (actual rows=3048576.00 loops=1)
   Output: a, b
   Index Cond: ((t.a >= '-212198'::integer) AND (t.a <= '-21663'::integer))
   Index Searches: 1
   Buffers: shared hit=210260
 Settings: enable_bitmapscan = 'off', enable_seqscan = 'off', max_parallel_workers_per_gather = '0'
 Planning:
   Buffers: shared hit=106
 Planning Time: 0.494 ms
 Execution Time: 535.113 ms
(10 rows)

