SET
SET
SET
SET
SET
                                                                  QUERY PLAN                                                                  
----------------------------------------------------------------------------------------------------------------------------------------------
 Index Scan using idx on public.t (actual rows=6048576.00 loops=1)
   Output: a, b
   Index Cond: ((t.a >= '-384310'::integer) AND (t.a <= '-6275'::integer))
   Index Searches: 1
   Prefetch: distance=269.749 count=504101 stalls=1 skipped=5648126 resets=0 ungets=103667 forwarded=2793
             histogram [2,4) => 2, [4,8) => 3, [8,16) => 5, [16,32) => 9, [32,64) => 3, [64,128) => 2, [128,256) => 2317, [256,512) => 501760
   Buffers: shared hit=305706 read=111200
 Settings: enable_bitmapscan = 'off', enable_seqscan = 'off', max_parallel_workers_per_gather = '0'
 Planning:
   Buffers: shared hit=77 read=28
 Planning Time: 8.309 ms
 Execution Time: 2026.092 ms
(12 rows)

SET
SET
SET
SET
SET
                                             QUERY PLAN                                             
----------------------------------------------------------------------------------------------------
 Index Scan using idx on public.t (actual rows=6048576.00 loops=1)
   Output: a, b
   Index Cond: ((t.a >= '-384310'::integer) AND (t.a <= '-6275'::integer))
   Index Searches: 1
   Buffers: shared hit=416968
 Settings: enable_bitmapscan = 'off', enable_seqscan = 'off', max_parallel_workers_per_gather = '0'
 Planning:
   Buffers: shared hit=110
 Planning Time: 0.431 ms
 Execution Time: 1019.615 ms
(10 rows)

