SET
SET
SET
SET
SET
                                                                  QUERY PLAN                                                                   
-----------------------------------------------------------------------------------------------------------------------------------------------
 Index Scan using idx on public.t (actual rows=8048576.00 loops=1)
   Output: a, b
   Index Cond: ((t.a >= '-510006'::integer) AND (t.a <= '-6971'::integer))
   Index Searches: 1
   Prefetch: distance=269.752 count=670731 stalls=1 skipped=7515450 resets=0 ungets=137957 forwarded=3719
             histogram [2,4) => 2, [4,8) => 3, [8,16) => 12, [16,32) => 9, [32,64) => 3, [64,128) => 2, [128,256) => 3091, [256,512) => 667609
   Buffers: shared hit=406820 read=147892
 Settings: enable_bitmapscan = 'off', enable_seqscan = 'off', max_parallel_workers_per_gather = '0'
 Planning:
   Buffers: shared hit=77 read=28
 Planning Time: 6.396 ms
 Execution Time: 2651.438 ms
(12 rows)

SET
SET
SET
SET
SET
                                             QUERY PLAN                                             
----------------------------------------------------------------------------------------------------
 Index Scan using idx on public.t (actual rows=8048576.00 loops=1)
   Output: a, b
   Index Cond: ((t.a >= '-510006'::integer) AND (t.a <= '-6971'::integer))
   Index Searches: 1
   Buffers: shared hit=554793
 Settings: enable_bitmapscan = 'off', enable_seqscan = 'off', max_parallel_workers_per_gather = '0'
 Planning:
   Buffers: shared hit=110
 Planning Time: 0.623 ms
 Execution Time: 1387.958 ms
(10 rows)

