SET
SET
SET
SET
SET
                                                                  QUERY PLAN                                                                   
-----------------------------------------------------------------------------------------------------------------------------------------------
 Index Scan using idx on public.t (actual rows=5048576.00 loops=1)
   Output: a, b
   Index Cond: ((t.a >= '-327252'::integer) AND (t.a <= '-11717'::integer))
   Index Searches: 1
   Prefetch: distance=269.744 count=420743 stalls=1 skipped=4714069 resets=0 ungets=86492 forwarded=2300
             histogram [2,4) => 2, [4,8) => 5, [8,16) => 10, [16,32) => 6, [32,64) => 2, [64,128) => 2, [128,256) => 1985, [256,512) => 418731
   Buffers: shared hit=255187 read=92837
 Settings: enable_bitmapscan = 'off', enable_seqscan = 'off', max_parallel_workers_per_gather = '0'
 Planning:
   Buffers: shared hit=77 read=28
 Planning Time: 6.828 ms
 Execution Time: 1724.645 ms
(12 rows)

SET
SET
SET
SET
SET
                                             QUERY PLAN                                             
----------------------------------------------------------------------------------------------------
 Index Scan using idx on public.t (actual rows=5048576.00 loops=1)
   Output: a, b
   Index Cond: ((t.a >= '-327252'::integer) AND (t.a <= '-11717'::integer))
   Index Searches: 1
   Buffers: shared hit=348067
 Settings: enable_bitmapscan = 'off', enable_seqscan = 'off', max_parallel_workers_per_gather = '0'
 Planning:
   Buffers: shared hit=110
 Planning Time: 0.501 ms
 Execution Time: 850.260 ms
(10 rows)

