SET
SET
SET
SET
SET
                                                                  QUERY PLAN                                                                  
----------------------------------------------------------------------------------------------------------------------------------------------
 Index Scan using idx on public.t (actual rows=9048576.00 loops=1)
   Output: a, b
   Index Cond: ((t.a >= '-585309'::integer) AND (t.a <= '-19774'::integer))
   Index Searches: 1
   Prefetch: distance=269.746 count=753986 stalls=1 skipped=8449122 resets=0 ungets=154852 forwarded=4176
             histogram [2,4) => 2, [4,8) => 7, [8,16) => 7, [16,32) => 6, [32,64) => 2, [64,128) => 2, [128,256) => 3616, [256,512) => 750344
   Buffers: shared hit=457540 read=166263
 Settings: enable_bitmapscan = 'off', enable_seqscan = 'off', max_parallel_workers_per_gather = '0'
 Planning:
   Buffers: shared hit=77 read=24
 Planning Time: 5.744 ms
 Execution Time: 3038.333 ms
(12 rows)

SET
SET
SET
SET
SET
                                             QUERY PLAN                                             
----------------------------------------------------------------------------------------------------
 Index Scan using idx on public.t (actual rows=9048576.00 loops=1)
   Output: a, b
   Index Cond: ((t.a >= '-585309'::integer) AND (t.a <= '-19774'::integer))
   Index Searches: 1
   Buffers: shared hit=623883
 Settings: enable_bitmapscan = 'off', enable_seqscan = 'off', max_parallel_workers_per_gather = '0'
 Planning:
   Buffers: shared hit=106
 Planning Time: 0.438 ms
 Execution Time: 1500.766 ms
(10 rows)

