SET
SET
SET
SET
SET
                                             QUERY PLAN                                             
----------------------------------------------------------------------------------------------------
 Index Scan using idx on public.t (actual rows=256.00 loops=1)
   Output: a, b
   Index Cond: ((t.a >= '-29019'::integer) AND (t.a <= '-29004'::integer))
   Index Searches: 1
   Prefetch: distance=2.000 count=6 stalls=131 skipped=52 resets=0 ungets=0 forwarded=0
             histogram [2,4) => 6
   Buffers: shared hit=160 read=30
 Settings: enable_bitmapscan = 'off', enable_seqscan = 'off', max_parallel_workers_per_gather = '0'
 Planning:
   Buffers: shared hit=77 read=24
 Planning Time: 5.578 ms
 Execution Time: 2.832 ms
(12 rows)

SET
SET
SET
SET
SET
                                             QUERY PLAN                                             
----------------------------------------------------------------------------------------------------
 Index Scan using idx on public.t (actual rows=256.00 loops=1)
   Output: a, b
   Index Cond: ((t.a >= '-29019'::integer) AND (t.a <= '-29004'::integer))
   Index Searches: 1
   Buffers: shared hit=190
 Settings: enable_bitmapscan = 'off', enable_seqscan = 'off', max_parallel_workers_per_gather = '0'
 Planning:
   Buffers: shared hit=106
 Planning Time: 0.306 ms
 Execution Time: 0.150 ms
(10 rows)

