SET
SET
SET
SET
SET
                                             QUERY PLAN                                             
----------------------------------------------------------------------------------------------------
 Index Scan using idx on public.t (actual rows=512.00 loops=1)
   Output: a, b
   Index Cond: ((t.a >= '-3642'::integer) AND (t.a <= '-3611'::integer))
   Index Searches: 1
   Prefetch: distance=2.000 count=4 stalls=160 skipped=53 resets=0 ungets=0 forwarded=0
             histogram [2,4) => 4
   Buffers: shared hit=362 read=33
 Settings: enable_bitmapscan = 'off', enable_seqscan = 'off', max_parallel_workers_per_gather = '0'
 Planning:
   Buffers: shared hit=81 read=28
 Planning Time: 7.060 ms
 Execution Time: 6.850 ms
(12 rows)

SET
SET
SET
SET
SET
                                             QUERY PLAN                                             
----------------------------------------------------------------------------------------------------
 Index Scan using idx on public.t (actual rows=512.00 loops=1)
   Output: a, b
   Index Cond: ((t.a >= '-3642'::integer) AND (t.a <= '-3611'::integer))
   Index Searches: 1
   Buffers: shared hit=395
 Settings: enable_bitmapscan = 'off', enable_seqscan = 'off', max_parallel_workers_per_gather = '0'
 Planning:
   Buffers: shared hit=114
 Planning Time: 0.350 ms
 Execution Time: 0.204 ms
(10 rows)

