SET
SET
SET
SET
SET
                                                               QUERY PLAN                                                                
-----------------------------------------------------------------------------------------------------------------------------------------
 Index Scan using idx on public.t (actual rows=8192.00 loops=1)
   Output: a, b
   Index Cond: ((t.a >= '-23084'::integer) AND (t.a <= '-22573'::integer))
   Index Searches: 1
   Prefetch: distance=261.187 count=765 stalls=1 skipped=7400 resets=0 ungets=245 forwarded=3
             histogram [2,4) => 4, [4,8) => 3, [8,16) => 8, [16,32) => 11, [32,64) => 2, [64,128) => 3, [128,256) => 2, [256,512) => 732
   Buffers: shared hit=267 read=299
 Settings: enable_bitmapscan = 'off', enable_seqscan = 'off', max_parallel_workers_per_gather = '0'
 Planning:
   Buffers: shared hit=77 read=24
 Planning Time: 5.977 ms
 Execution Time: 8.153 ms
(12 rows)

SET
SET
SET
SET
SET
                                             QUERY PLAN                                             
----------------------------------------------------------------------------------------------------
 Index Scan using idx on public.t (actual rows=8192.00 loops=1)
   Output: a, b
   Index Cond: ((t.a >= '-23084'::integer) AND (t.a <= '-22573'::integer))
   Index Searches: 1
   Buffers: shared hit=566
 Settings: enable_bitmapscan = 'off', enable_seqscan = 'off', max_parallel_workers_per_gather = '0'
 Planning:
   Buffers: shared hit=106
 Planning Time: 0.332 ms
 Execution Time: 1.328 ms
(10 rows)

