SET
SET
SET
SET
SET
                                                                 QUERY PLAN                                                                 
--------------------------------------------------------------------------------------------------------------------------------------------
 Index Scan using idx on public.t (actual rows=65536.00 loops=1)
   Output: a, b
   Index Cond: ((t.a >= '-21350'::integer) AND (t.a <= '-17255'::integer))
   Index Searches: 1
   Prefetch: distance=268.677 count=5549 stalls=1 skipped=60864 resets=0 ungets=1228 forwarded=36
             histogram [2,4) => 2, [4,8) => 3, [8,16) => 10, [16,32) => 11, [32,64) => 2, [64,128) => 2, [128,256) => 14, [256,512) => 5505
   Buffers: shared hit=3166 read=1363
 Settings: enable_bitmapscan = 'off', enable_seqscan = 'off', max_parallel_workers_per_gather = '0'
 Planning:
   Buffers: shared hit=77 read=24
 Planning Time: 6.114 ms
 Execution Time: 29.196 ms
(12 rows)

SET
SET
SET
SET
SET
                                             QUERY PLAN                                             
----------------------------------------------------------------------------------------------------
 Index Scan using idx on public.t (actual rows=65536.00 loops=1)
   Output: a, b
   Index Cond: ((t.a >= '-21350'::integer) AND (t.a <= '-17255'::integer))
   Index Searches: 1
   Buffers: shared hit=4529
 Settings: enable_bitmapscan = 'off', enable_seqscan = 'off', max_parallel_workers_per_gather = '0'
 Planning:
   Buffers: shared hit=106
 Planning Time: 0.340 ms
 Execution Time: 8.651 ms
(10 rows)

