SET
SET
SET
SET
SET
                                                                  QUERY PLAN                                                                   
-----------------------------------------------------------------------------------------------------------------------------------------------
 Index Scan using idx on public.t (actual rows=3048576.00 loops=1)
   Output: a, b
   Index Cond: ((t.a >= '-196813'::integer) AND (t.a <= '-6278'::integer))
   Index Searches: 1
   Prefetch: distance=269.745 count=254210 stalls=1 skipped=2846535 resets=0 ungets=52345 forwarded=1402
             histogram [2,4) => 2, [4,8) => 3, [8,16) => 5, [16,32) => 10, [32,64) => 5, [64,128) => 2, [128,256) => 1125, [256,512) => 253058
   Buffers: shared hit=154065 read=56127
 Settings: enable_bitmapscan = 'off', enable_seqscan = 'off', max_parallel_workers_per_gather = '0'
 Planning:
   Buffers: shared hit=77 read=28
 Planning Time: 6.228 ms
 Execution Time: 1033.422 ms
(12 rows)

SET
SET
SET
SET
SET
                                             QUERY PLAN                                             
----------------------------------------------------------------------------------------------------
 Index Scan using idx on public.t (actual rows=3048576.00 loops=1)
   Output: a, b
   Index Cond: ((t.a >= '-196813'::integer) AND (t.a <= '-6278'::integer))
   Index Searches: 1
   Buffers: shared hit=210212
 Settings: enable_bitmapscan = 'off', enable_seqscan = 'off', max_parallel_workers_per_gather = '0'
 Planning:
   Buffers: shared hit=110
 Planning Time: 0.468 ms
 Execution Time: 525.381 ms
(10 rows)

