SET
SET
SET
SET
SET
                                                                  QUERY PLAN                                                                   
-----------------------------------------------------------------------------------------------------------------------------------------------
 Index Scan using idx on public.t (actual rows=7048576.00 loops=1)
   Output: a, b
   Index Cond: ((t.a >= '-448858'::integer) AND (t.a <= '-8323'::integer))
   Index Searches: 1
   Prefetch: distance=269.752 count=587473 stalls=2 skipped=6581680 resets=0 ungets=120882 forwarded=3234
             histogram [2,4) => 2, [4,8) => 3, [8,16) => 12, [16,32) => 8, [32,64) => 2, [64,128) => 2, [128,256) => 2618, [256,512) => 584826
   Buffers: shared hit=356260 read=129554
 Settings: enable_bitmapscan = 'off', enable_seqscan = 'off', max_parallel_workers_per_gather = '0'
 Planning:
   Buffers: shared hit=77 read=28
 Planning Time: 6.669 ms
 Execution Time: 2362.327 ms
(12 rows)

SET
SET
SET
SET
SET
                                             QUERY PLAN                                             
----------------------------------------------------------------------------------------------------
 Index Scan using idx on public.t (actual rows=7048576.00 loops=1)
   Output: a, b
   Index Cond: ((t.a >= '-448858'::integer) AND (t.a <= '-8323'::integer))
   Index Searches: 1
   Buffers: shared hit=485876
 Settings: enable_bitmapscan = 'off', enable_seqscan = 'off', max_parallel_workers_per_gather = '0'
 Planning:
   Buffers: shared hit=110
 Planning Time: 0.483 ms
 Execution Time: 1229.782 ms
(10 rows)

