SET
SET
SET
SET
SET
                                                                 QUERY PLAN                                                                 
--------------------------------------------------------------------------------------------------------------------------------------------
 Index Scan using idx on public.t (actual rows=1048576.00 loops=1)
   Output: a, b
   Index Cond: ((t.a >= '-87414'::integer) AND (t.a <= '-21879'::integer))
   Index Searches: 1
   Prefetch: distance=269.701 count=87582 stalls=1 skipped=978739 resets=0 ungets=18113 forwarded=501
             histogram [2,4) => 2, [4,8) => 6, [8,16) => 9, [16,32) => 6, [32,64) => 2, [64,128) => 3, [128,256) => 370, [256,512) => 87184
   Buffers: shared hit=52941 read=19415
 Settings: enable_bitmapscan = 'off', enable_seqscan = 'off', max_parallel_workers_per_gather = '0'
 Planning:
   Buffers: shared hit=77 read=24
 Planning Time: 6.174 ms
 Execution Time: 359.891 ms
(12 rows)

SET
SET
SET
SET
SET
                                             QUERY PLAN                                             
----------------------------------------------------------------------------------------------------
 Index Scan using idx on public.t (actual rows=1048576.00 loops=1)
   Output: a, b
   Index Cond: ((t.a >= '-87414'::integer) AND (t.a <= '-21879'::integer))
   Index Searches: 1
   Buffers: shared hit=72363
 Settings: enable_bitmapscan = 'off', enable_seqscan = 'off', max_parallel_workers_per_gather = '0'
 Planning:
   Buffers: shared hit=106
 Planning Time: 0.395 ms
 Execution Time: 181.232 ms
(10 rows)

