SET
SET
SET
SET
SET
                                                                 QUERY PLAN                                                                  
---------------------------------------------------------------------------------------------------------------------------------------------
 Index Scan using idx on public.t (actual rows=524288.00 loops=1)
   Output: a, b
   Index Cond: ((t.a >= '-65491'::integer) AND (t.a <= '-32724'::integer))
   Index Searches: 1
   Prefetch: distance=269.627 count=43864 stalls=1 skipped=489324 resets=0 ungets=9124 forwarded=246
             histogram [2,4) => 2, [4,8) => 3, [8,16) => 7, [16,32) => 13, [32,64) => 2, [64,128) => 2, [128,256) => 193, [256,512) => 43642
   Buffers: shared hit=26398 read=9791
 Settings: enable_bitmapscan = 'off', enable_seqscan = 'off', max_parallel_workers_per_gather = '0'
 Planning:
   Buffers: shared hit=77 read=24
 Planning Time: 6.161 ms
 Execution Time: 185.646 ms
(12 rows)

SET
SET
SET
SET
SET
                                             QUERY PLAN                                             
----------------------------------------------------------------------------------------------------
 Index Scan using idx on public.t (actual rows=524288.00 loops=1)
   Output: a, b
   Index Cond: ((t.a >= '-65491'::integer) AND (t.a <= '-32724'::integer))
   Index Searches: 1
   Buffers: shared hit=36195
 Settings: enable_bitmapscan = 'off', enable_seqscan = 'off', max_parallel_workers_per_gather = '0'
 Planning:
   Buffers: shared hit=106
 Planning Time: 0.386 ms
 Execution Time: 76.779 ms
(10 rows)

