SET
SET
SET
SET
SET
                                                                  QUERY PLAN                                                                  
----------------------------------------------------------------------------------------------------------------------------------------------
 Index Scan using idx on public.t (actual rows=8048576.00 loops=1)
   Output: a, b
   Index Cond: ((t.a >= '-506413'::integer) AND (t.a <= '-3378'::integer))
   Index Searches: 1
   Prefetch: distance=269.759 count=670730 stalls=1 skipped=7515513 resets=0 ungets=137987 forwarded=3704
             histogram [2,4) => 2, [4,8) => 3, [8,16) => 5, [16,32) => 9, [32,64) => 2, [64,128) => 2, [128,256) => 3005, [256,512) => 667702
   Buffers: shared hit=406771 read=147912
 Settings: enable_bitmapscan = 'off', enable_seqscan = 'off', max_parallel_workers_per_gather = '0'
 Planning:
   Buffers: shared hit=77 read=28
 Planning Time: 6.630 ms
 Execution Time: 2687.671 ms
(12 rows)

SET
SET
SET
SET
SET
                                             QUERY PLAN                                             
----------------------------------------------------------------------------------------------------
 Index Scan using idx on public.t (actual rows=8048576.00 loops=1)
   Output: a, b
   Index Cond: ((t.a >= '-506413'::integer) AND (t.a <= '-3378'::integer))
   Index Searches: 1
   Buffers: shared hit=554761
 Settings: enable_bitmapscan = 'off', enable_seqscan = 'off', max_parallel_workers_per_gather = '0'
 Planning:
   Buffers: shared hit=110
 Planning Time: 0.599 ms
 Execution Time: 1353.544 ms
(10 rows)

