SET
SET
SET
SET
SET
                                             QUERY PLAN                                             
----------------------------------------------------------------------------------------------------
 Index Scan using idx on public.t (actual rows=4096.00 loops=1)
   Output: a, b
   Index Cond: ((t.a >= '-20687'::integer) AND (t.a <= '-20432'::integer))
   Index Searches: 1
   Prefetch: distance=2.045 count=89 stalls=2682 skipped=978 resets=0 ungets=0 forwarded=0
             histogram [2,4) => 88, [4,8) => 1
   Buffers: shared hit=2971 read=86
 Settings: enable_bitmapscan = 'off', enable_seqscan = 'off', max_parallel_workers_per_gather = '0'
 Planning:
   Buffers: shared hit=77 read=24
 Planning Time: 5.861 ms
 Execution Time: 8.352 ms
(12 rows)

SET
SET
SET
SET
SET
                                             QUERY PLAN                                             
----------------------------------------------------------------------------------------------------
 Index Scan using idx on public.t (actual rows=4096.00 loops=1)
   Output: a, b
   Index Cond: ((t.a >= '-20687'::integer) AND (t.a <= '-20432'::integer))
   Index Searches: 1
   Buffers: shared hit=3057
 Settings: enable_bitmapscan = 'off', enable_seqscan = 'off', max_parallel_workers_per_gather = '0'
 Planning:
   Buffers: shared hit=106
 Planning Time: 0.322 ms
 Execution Time: 1.060 ms
(10 rows)

