SET
SET
SET
SET
SET
                                                                  QUERY PLAN                                                                  
----------------------------------------------------------------------------------------------------------------------------------------------
 Index Scan using idx on public.t (actual rows=2048576.00 loops=1)
   Output: a, b
   Index Cond: ((t.a >= '-144944'::integer) AND (t.a <= '-16909'::integer))
   Index Searches: 1
   Prefetch: distance=269.736 count=170840 stalls=1 skipped=1912600 resets=0 ungets=35216 forwarded=933
             histogram [2,4) => 2, [4,8) => 4, [8,16) => 11, [16,32) => 9, [32,64) => 2, [64,128) => 2, [128,256) => 743, [256,512) => 170067
   Buffers: shared hit=103455 read=37774
 Settings: enable_bitmapscan = 'off', enable_seqscan = 'off', max_parallel_workers_per_gather = '0'
 Planning:
   Buffers: shared hit=77 read=24
 Planning Time: 7.889 ms
 Execution Time: 684.488 ms
(12 rows)

SET
SET
SET
SET
SET
                                             QUERY PLAN                                             
----------------------------------------------------------------------------------------------------
 Index Scan using idx on public.t (actual rows=2048576.00 loops=1)
   Output: a, b
   Index Cond: ((t.a >= '-144944'::integer) AND (t.a <= '-16909'::integer))
   Index Searches: 1
   Buffers: shared hit=141250
 Settings: enable_bitmapscan = 'off', enable_seqscan = 'off', max_parallel_workers_per_gather = '0'
 Planning:
   Buffers: shared hit=106
 Planning Time: 0.413 ms
 Execution Time: 353.233 ms
(10 rows)

