SET
SET
SET
SET
SET
                                                                   QUERY PLAN                                                                   
------------------------------------------------------------------------------------------------------------------------------------------------
 Index Scan using idx on public.t (actual rows=9048576.00 loops=1)
   Output: a, b
   Index Cond: ((t.a >= '-575463'::integer) AND (t.a <= '-9928'::integer))
   Index Searches: 1
   Prefetch: distance=269.749 count=754039 stalls=1 skipped=8449297 resets=0 ungets=154936 forwarded=4172
             histogram [2,4) => 2, [4,8) => 3, [8,16) => 10, [16,32) => 11, [32,64) => 2, [64,128) => 2, [128,256) => 3498, [256,512) => 750511
   Buffers: shared hit=457469 read=166281
 Settings: enable_bitmapscan = 'off', enable_seqscan = 'off', max_parallel_workers_per_gather = '0'
 Planning:
   Buffers: shared hit=77 read=28
 Planning Time: 6.423 ms
 Execution Time: 3012.830 ms
(12 rows)

SET
SET
SET
SET
SET
                                             QUERY PLAN                                             
----------------------------------------------------------------------------------------------------
 Index Scan using idx on public.t (actual rows=9048576.00 loops=1)
   Output: a, b
   Index Cond: ((t.a >= '-575463'::integer) AND (t.a <= '-9928'::integer))
   Index Searches: 1
   Buffers: shared hit=623844
 Settings: enable_bitmapscan = 'off', enable_seqscan = 'off', max_parallel_workers_per_gather = '0'
 Planning:
   Buffers: shared hit=110
 Planning Time: 0.443 ms
 Execution Time: 1594.712 ms
(10 rows)

