SET
SET
SET
SET
SET
                                                                 QUERY PLAN                                                                 
--------------------------------------------------------------------------------------------------------------------------------------------
 Index Scan using idx on public.t (actual rows=524288.00 loops=1)
   Output: a, b
   Index Cond: ((t.a >= '-62351'::integer) AND (t.a <= '-29584'::integer))
   Index Searches: 1
   Prefetch: distance=269.639 count=43914 stalls=1 skipped=489396 resets=0 ungets=9150 forwarded=243
             histogram [2,4) => 2, [4,8) => 3, [8,16) => 5, [16,32) => 9, [32,64) => 2, [64,128) => 2, [128,256) => 215, [256,512) => 43676
   Buffers: shared hit=26420 read=9788
 Settings: enable_bitmapscan = 'off', enable_seqscan = 'off', max_parallel_workers_per_gather = '0'
 Planning:
   Buffers: shared hit=77 read=24
 Planning Time: 5.840 ms
 Execution Time: 180.582 ms
(12 rows)

SET
SET
SET
SET
SET
                                             QUERY PLAN                                             
----------------------------------------------------------------------------------------------------
 Index Scan using idx on public.t (actual rows=524288.00 loops=1)
   Output: a, b
   Index Cond: ((t.a >= '-62351'::integer) AND (t.a <= '-29584'::integer))
   Index Searches: 1
   Buffers: shared hit=36211
 Settings: enable_bitmapscan = 'off', enable_seqscan = 'off', max_parallel_workers_per_gather = '0'
 Planning:
   Buffers: shared hit=106
 Planning Time: 0.480 ms
 Execution Time: 77.502 ms
(10 rows)

