SET
SET
SET
SET
SET
                                                                QUERY PLAN                                                                
------------------------------------------------------------------------------------------------------------------------------------------
 Index Scan using idx on public.t (actual rows=16384.00 loops=1)
   Output: a, b
   Index Cond: ((t.a >= '-30408'::integer) AND (t.a <= '-29385'::integer))
   Index Searches: 1
   Prefetch: distance=265.554 count=1451 stalls=1 skipped=14980 resets=0 ungets=383 forwarded=6
             histogram [2,4) => 2, [4,8) => 3, [8,16) => 9, [16,32) => 11, [32,64) => 2, [64,128) => 2, [128,256) => 2, [256,512) => 1420
   Buffers: shared hit=688 read=452
 Settings: enable_bitmapscan = 'off', enable_seqscan = 'off', max_parallel_workers_per_gather = '0'
 Planning:
   Buffers: shared hit=77 read=24
 Planning Time: 6.094 ms
 Execution Time: 11.104 ms
(12 rows)

SET
SET
SET
SET
SET
                                             QUERY PLAN                                             
----------------------------------------------------------------------------------------------------
 Index Scan using idx on public.t (actual rows=16384.00 loops=1)
   Output: a, b
   Index Cond: ((t.a >= '-30408'::integer) AND (t.a <= '-29385'::integer))
   Index Searches: 1
   Buffers: shared hit=1140
 Settings: enable_bitmapscan = 'off', enable_seqscan = 'off', max_parallel_workers_per_gather = '0'
 Planning:
   Buffers: shared hit=106
 Planning Time: 0.316 ms
 Execution Time: 2.452 ms
(10 rows)

