SET
SET
SET
SET
SET
                                                                 QUERY PLAN                                                                  
---------------------------------------------------------------------------------------------------------------------------------------------
 Index Scan using idx on public.t (actual rows=2048576.00 loops=1)
   Output: a, b
   Index Cond: ((t.a >= '-143680'::integer) AND (t.a <= '-15645'::integer))
   Index Searches: 1
   Prefetch: distance=269.743 count=170898 stalls=1 skipped=1912677 resets=0 ungets=35255 forwarded=940
             histogram [2,4) => 2, [4,8) => 3, [8,16) => 5, [16,32) => 9, [32,64) => 4, [64,128) => 3, [128,256) => 746, [256,512) => 170126
   Buffers: shared hit=103474 read=37769
 Settings: enable_bitmapscan = 'off', enable_seqscan = 'off', max_parallel_workers_per_gather = '0'
 Planning:
   Buffers: shared hit=77 read=24
 Planning Time: 5.747 ms
 Execution Time: 677.959 ms
(12 rows)

SET
SET
SET
SET
SET
                                             QUERY PLAN                                             
----------------------------------------------------------------------------------------------------
 Index Scan using idx on public.t (actual rows=2048576.00 loops=1)
   Output: a, b
   Index Cond: ((t.a >= '-143680'::integer) AND (t.a <= '-15645'::integer))
   Index Searches: 1
   Buffers: shared hit=141263
 Settings: enable_bitmapscan = 'off', enable_seqscan = 'off', max_parallel_workers_per_gather = '0'
 Planning:
   Buffers: shared hit=106
 Planning Time: 0.403 ms
 Execution Time: 336.451 ms
(10 rows)

