SET
SET
SET
SET
SET
                                                                 QUERY PLAN                                                                  
---------------------------------------------------------------------------------------------------------------------------------------------
 Index Scan using idx on public.t (actual rows=1048576.00 loops=1)
   Output: a, b
   Index Cond: ((t.a >= '-94115'::integer) AND (t.a <= '-28580'::integer))
   Index Searches: 1
   Prefetch: distance=269.701 count=87559 stalls=1 skipped=978803 resets=0 ungets=18122 forwarded=497
             histogram [2,4) => 2, [4,8) => 3, [8,16) => 11, [16,32) => 7, [32,64) => 2, [64,128) => 2, [128,256) => 421, [256,512) => 87111
   Buffers: shared hit=52915 read=19403
 Settings: enable_bitmapscan = 'off', enable_seqscan = 'off', max_parallel_workers_per_gather = '0'
 Planning:
   Buffers: shared hit=77 read=24
 Planning Time: 5.566 ms
 Execution Time: 359.312 ms
(12 rows)

SET
SET
SET
SET
SET
                                             QUERY PLAN                                             
----------------------------------------------------------------------------------------------------
 Index Scan using idx on public.t (actual rows=1048576.00 loops=1)
   Output: a, b
   Index Cond: ((t.a >= '-94115'::integer) AND (t.a <= '-28580'::integer))
   Index Searches: 1
   Buffers: shared hit=72329
 Settings: enable_bitmapscan = 'off', enable_seqscan = 'off', max_parallel_workers_per_gather = '0'
 Planning:
   Buffers: shared hit=106
 Planning Time: 0.361 ms
 Execution Time: 146.866 ms
(10 rows)

