SET
SET
SET
SET
SET
                                                                  QUERY PLAN                                                                  
----------------------------------------------------------------------------------------------------------------------------------------------
 Index Scan using idx on public.t (actual rows=6048576.00 loops=1)
   Output: a, b
   Index Cond: ((t.a >= '-408703'::integer) AND (t.a <= '-30668'::integer))
   Index Searches: 1
   Prefetch: distance=269.742 count=504093 stalls=1 skipped=5647942 resets=0 ungets=103603 forwarded=2793
             histogram [2,4) => 2, [4,8) => 3, [8,16) => 5, [16,32) => 9, [32,64) => 5, [64,128) => 4, [128,256) => 2378, [256,512) => 501687
   Buffers: shared hit=305783 read=111193
 Settings: enable_bitmapscan = 'off', enable_seqscan = 'off', max_parallel_workers_per_gather = '0'
 Planning:
   Buffers: shared hit=77 read=24
 Planning Time: 6.027 ms
 Execution Time: 2022.359 ms
(12 rows)

SET
SET
SET
SET
SET
                                             QUERY PLAN                                             
----------------------------------------------------------------------------------------------------
 Index Scan using idx on public.t (actual rows=6048576.00 loops=1)
   Output: a, b
   Index Cond: ((t.a >= '-408703'::integer) AND (t.a <= '-30668'::integer))
   Index Searches: 1
   Buffers: shared hit=417031
 Settings: enable_bitmapscan = 'off', enable_seqscan = 'off', max_parallel_workers_per_gather = '0'
 Planning:
   Buffers: shared hit=106
 Planning Time: 0.384 ms
 Execution Time: 935.265 ms
(10 rows)

