SET
SET
SET
SET
SET
                                                                  QUERY PLAN                                                                   
-----------------------------------------------------------------------------------------------------------------------------------------------
 Index Scan using idx on public.t (actual rows=9048576.00 loops=1)
   Output: a, b
   Index Cond: ((t.a >= '-581944'::integer) AND (t.a <= '-16409'::integer))
   Index Searches: 1
   Prefetch: distance=269.752 count=754091 stalls=1 skipped=8449167 resets=0 ungets=154970 forwarded=4184
             histogram [2,4) => 2, [4,8) => 3, [8,16) => 5, [16,32) => 15, [32,64) => 2, [64,128) => 2, [128,256) => 3483, [256,512) => 750579
   Buffers: shared hit=457498 read=166279
 Settings: enable_bitmapscan = 'off', enable_seqscan = 'off', max_parallel_workers_per_gather = '0'
 Planning:
   Buffers: shared hit=77 read=24
 Planning Time: 6.050 ms
 Execution Time: 3088.564 ms
(12 rows)

SET
SET
SET
SET
SET
                                             QUERY PLAN                                             
----------------------------------------------------------------------------------------------------
 Index Scan using idx on public.t (actual rows=9048576.00 loops=1)
   Output: a, b
   Index Cond: ((t.a >= '-581944'::integer) AND (t.a <= '-16409'::integer))
   Index Searches: 1
   Buffers: shared hit=623868
 Settings: enable_bitmapscan = 'off', enable_seqscan = 'off', max_parallel_workers_per_gather = '0'
 Planning:
   Buffers: shared hit=106
 Planning Time: 0.408 ms
 Execution Time: 1324.630 ms
(10 rows)

