SET
SET
SET
SET
SET
                                             QUERY PLAN                                             
----------------------------------------------------------------------------------------------------
 Index Scan using idx on public.t (actual rows=128.00 loops=1)
   Output: a, b
   Index Cond: ((t.a >= '-2553'::integer) AND (t.a <= '-2546'::integer))
   Index Searches: 1
   Prefetch: distance=2.667 count=3 stalls=1 skipped=45 resets=0 ungets=0 forwarded=0
             histogram [2,4) => 2, [4,8) => 1
   Buffers: shared hit=4 read=11
 Settings: enable_bitmapscan = 'off', enable_seqscan = 'off', max_parallel_workers_per_gather = '0'
 Planning:
   Buffers: shared hit=81 read=28
 Planning Time: 6.212 ms
 Execution Time: 2.058 ms
(12 rows)

SET
SET
SET
SET
SET
                                             QUERY PLAN                                             
----------------------------------------------------------------------------------------------------
 Index Scan using idx on public.t (actual rows=128.00 loops=1)
   Output: a, b
   Index Cond: ((t.a >= '-2553'::integer) AND (t.a <= '-2546'::integer))
   Index Searches: 1
   Buffers: shared hit=15
 Settings: enable_bitmapscan = 'off', enable_seqscan = 'off', max_parallel_workers_per_gather = '0'
 Planning:
   Buffers: shared hit=114
 Planning Time: 0.351 ms
 Execution Time: 0.071 ms
(10 rows)

