SET
SET
SET
SET
SET
                                                               QUERY PLAN                                                                
-----------------------------------------------------------------------------------------------------------------------------------------
 Index Scan using idx on public.t (actual rows=4096.00 loops=1)
   Output: a, b
   Index Cond: ((t.a >= '-4214'::integer) AND (t.a <= '-3959'::integer))
   Index Searches: 1
   Prefetch: distance=254.090 count=400 stalls=1 skipped=3543 resets=0 ungets=151 forwarded=6
             histogram [2,4) => 2, [4,8) => 5, [8,16) => 10, [16,32) => 7, [32,64) => 2, [64,128) => 2, [128,256) => 2, [256,512) => 370
   Buffers: shared hit=84 read=205
 Settings: enable_bitmapscan = 'off', enable_seqscan = 'off', max_parallel_workers_per_gather = '0'
 Planning:
   Buffers: shared hit=81 read=28
 Planning Time: 6.239 ms
 Execution Time: 7.509 ms
(12 rows)

SET
SET
SET
SET
SET
                                             QUERY PLAN                                             
----------------------------------------------------------------------------------------------------
 Index Scan using idx on public.t (actual rows=4096.00 loops=1)
   Output: a, b
   Index Cond: ((t.a >= '-4214'::integer) AND (t.a <= '-3959'::integer))
   Index Searches: 1
   Buffers: shared hit=289
 Settings: enable_bitmapscan = 'off', enable_seqscan = 'off', max_parallel_workers_per_gather = '0'
 Planning:
   Buffers: shared hit=114
 Planning Time: 0.349 ms
 Execution Time: 0.774 ms
(10 rows)

