SET
SET
SET
SET
SET
                                                               QUERY PLAN                                                                
-----------------------------------------------------------------------------------------------------------------------------------------
 Index Scan using idx on public.t (actual rows=2048.00 loops=1)
   Output: a, b
   Index Cond: ((t.a >= '-28349'::integer) AND (t.a <= '-28222'::integer))
   Index Searches: 1
   Prefetch: distance=233.778 count=180 stalls=1 skipped=1596 resets=0 ungets=64 forwarded=2
             histogram [2,4) => 2, [4,8) => 3, [8,16) => 13, [16,32) => 5, [32,64) => 2, [64,128) => 2, [128,256) => 3, [256,512) => 150
   Buffers: shared hit=35 read=113
 Settings: enable_bitmapscan = 'off', enable_seqscan = 'off', max_parallel_workers_per_gather = '0'
 Planning:
   Buffers: shared hit=77 read=24
 Planning Time: 5.728 ms
 Execution Time: 5.557 ms
(12 rows)

SET
SET
SET
SET
SET
                                             QUERY PLAN                                             
----------------------------------------------------------------------------------------------------
 Index Scan using idx on public.t (actual rows=2048.00 loops=1)
   Output: a, b
   Index Cond: ((t.a >= '-28349'::integer) AND (t.a <= '-28222'::integer))
   Index Searches: 1
   Buffers: shared hit=148
 Settings: enable_bitmapscan = 'off', enable_seqscan = 'off', max_parallel_workers_per_gather = '0'
 Planning:
   Buffers: shared hit=106
 Planning Time: 0.415 ms
 Execution Time: 0.482 ms
(10 rows)

