SET
SET
SET
SET
SET
                                                                 QUERY PLAN                                                                 
--------------------------------------------------------------------------------------------------------------------------------------------
 Index Scan using idx on public.t (actual rows=131072.00 loops=1)
   Output: a, b
   Index Cond: ((t.a >= '-18623'::integer) AND (t.a <= '-10432'::integer))
   Index Searches: 1
   Prefetch: distance=269.200 count=10986 stalls=1 skipped=122158 resets=0 ungets=2344 forwarded=62
             histogram [2,4) => 2, [4,8) => 3, [8,16) => 5, [16,32) => 14, [32,64) => 2, [64,128) => 2, [128,256) => 48, [256,512) => 10910
   Buffers: shared hit=6458 read=2566
 Settings: enable_bitmapscan = 'off', enable_seqscan = 'off', max_parallel_workers_per_gather = '0'
 Planning:
   Buffers: shared hit=77 read=28
 Planning Time: 6.167 ms
 Execution Time: 48.433 ms
(12 rows)

SET
SET
SET
SET
SET
                                             QUERY PLAN                                             
----------------------------------------------------------------------------------------------------
 Index Scan using idx on public.t (actual rows=131072.00 loops=1)
   Output: a, b
   Index Cond: ((t.a >= '-18623'::integer) AND (t.a <= '-10432'::integer))
   Index Searches: 1
   Buffers: shared hit=9026
 Settings: enable_bitmapscan = 'off', enable_seqscan = 'off', max_parallel_workers_per_gather = '0'
 Planning:
   Buffers: shared hit=110
 Planning Time: 0.487 ms
 Execution Time: 17.134 ms
(10 rows)

