SET
SET
SET
SET
SET
                                                                  QUERY PLAN                                                                   
-----------------------------------------------------------------------------------------------------------------------------------------------
 Index Scan using idx on public.t (actual rows=3048576.00 loops=1)
   Output: a, b
   Index Cond: ((t.a >= '-208827'::integer) AND (t.a <= '-18292'::integer))
   Index Searches: 1
   Prefetch: distance=269.738 count=254252 stalls=1 skipped=2846422 resets=0 ungets=52338 forwarded=1404
             histogram [2,4) => 2, [4,8) => 6, [8,16) => 7, [16,32) => 10, [32,64) => 2, [64,128) => 2, [128,256) => 1144, [256,512) => 253079
   Buffers: shared hit=154123 read=56118
 Settings: enable_bitmapscan = 'off', enable_seqscan = 'off', max_parallel_workers_per_gather = '0'
 Planning:
   Buffers: shared hit=77 read=24
 Planning Time: 5.681 ms
 Execution Time: 1006.952 ms
(12 rows)

SET
SET
SET
SET
SET
                                             QUERY PLAN                                             
----------------------------------------------------------------------------------------------------
 Index Scan using idx on public.t (actual rows=3048576.00 loops=1)
   Output: a, b
   Index Cond: ((t.a >= '-208827'::integer) AND (t.a <= '-18292'::integer))
   Index Searches: 1
   Buffers: shared hit=210264
 Settings: enable_bitmapscan = 'off', enable_seqscan = 'off', max_parallel_workers_per_gather = '0'
 Planning:
   Buffers: shared hit=106
 Planning Time: 0.363 ms
 Execution Time: 424.990 ms
(10 rows)

