SET
SET
SET
SET
SET
                                                                  QUERY PLAN                                                                  
----------------------------------------------------------------------------------------------------------------------------------------------
 Index Scan using idx on public.t (actual rows=6048576.00 loops=1)
   Output: a, b
   Index Cond: ((t.a >= '-401880'::integer) AND (t.a <= '-23845'::integer))
   Index Searches: 1
   Prefetch: distance=269.745 count=504115 stalls=1 skipped=5648045 resets=0 ungets=103632 forwarded=2776
             histogram [2,4) => 2, [4,8) => 3, [8,16) => 5, [16,32) => 9, [32,64) => 2, [64,128) => 2, [128,256) => 2331, [256,512) => 501761
   Buffers: shared hit=305758 read=111203
 Settings: enable_bitmapscan = 'off', enable_seqscan = 'off', max_parallel_workers_per_gather = '0'
 Planning:
   Buffers: shared hit=77 read=24
 Planning Time: 5.732 ms
 Execution Time: 2070.216 ms
(12 rows)

SET
SET
SET
SET
SET
                                             QUERY PLAN                                             
----------------------------------------------------------------------------------------------------
 Index Scan using idx on public.t (actual rows=6048576.00 loops=1)
   Output: a, b
   Index Cond: ((t.a >= '-401880'::integer) AND (t.a <= '-23845'::integer))
   Index Searches: 1
   Buffers: shared hit=417019
 Settings: enable_bitmapscan = 'off', enable_seqscan = 'off', max_parallel_workers_per_gather = '0'
 Planning:
   Buffers: shared hit=106
 Planning Time: 0.482 ms
 Execution Time: 832.734 ms
(10 rows)

