SET
SET
SET
SET
SET
                                                                 QUERY PLAN                                                                  
---------------------------------------------------------------------------------------------------------------------------------------------
 Index Scan using idx on public.t (actual rows=1048576.00 loops=1)
   Output: a, b
   Index Cond: ((t.a >= '-86745'::integer) AND (t.a <= '-21210'::integer))
   Index Searches: 1
   Prefetch: distance=269.694 count=87572 stalls=1 skipped=978813 resets=0 ungets=18081 forwarded=493
             histogram [2,4) => 2, [4,8) => 5, [8,16) => 7, [16,32) => 10, [32,64) => 2, [64,128) => 2, [128,256) => 387, [256,512) => 87157
   Buffers: shared hit=52961 read=19408
 Settings: enable_bitmapscan = 'off', enable_seqscan = 'off', max_parallel_workers_per_gather = '0'
 Planning:
   Buffers: shared hit=77 read=24
 Planning Time: 5.718 ms
 Execution Time: 361.151 ms
(12 rows)

SET
SET
SET
SET
SET
                                             QUERY PLAN                                             
----------------------------------------------------------------------------------------------------
 Index Scan using idx on public.t (actual rows=1048576.00 loops=1)
   Output: a, b
   Index Cond: ((t.a >= '-86745'::integer) AND (t.a <= '-21210'::integer))
   Index Searches: 1
   Buffers: shared hit=72380
 Settings: enable_bitmapscan = 'off', enable_seqscan = 'off', max_parallel_workers_per_gather = '0'
 Planning:
   Buffers: shared hit=106
 Planning Time: 0.368 ms
 Execution Time: 154.577 ms
(10 rows)

