SET
SET
SET
SET
SET
                                                                  QUERY PLAN                                                                   
-----------------------------------------------------------------------------------------------------------------------------------------------
 Index Scan using idx on public.t (actual rows=4048576.00 loops=1)
   Output: a, b
   Index Cond: ((t.a >= '-267187'::integer) AND (t.a <= '-14152'::integer))
   Index Searches: 1
   Prefetch: distance=269.739 count=337594 stalls=1 skipped=3780041 resets=0 ungets=69395 forwarded=1874
             histogram [2,4) => 2, [4,8) => 5, [8,16) => 9, [16,32) => 10, [32,64) => 1, [64,128) => 2, [128,256) => 1546, [256,512) => 336019
   Buffers: shared hit=204774 read=74478
 Settings: enable_bitmapscan = 'off', enable_seqscan = 'off', max_parallel_workers_per_gather = '0'
 Planning:
   Buffers: shared hit=77 read=24
 Planning Time: 5.951 ms
 Execution Time: 1363.135 ms
(12 rows)

SET
SET
SET
SET
SET
                                             QUERY PLAN                                             
----------------------------------------------------------------------------------------------------
 Index Scan using idx on public.t (actual rows=4048576.00 loops=1)
   Output: a, b
   Index Cond: ((t.a >= '-267187'::integer) AND (t.a <= '-14152'::integer))
   Index Searches: 1
   Buffers: shared hit=279289
 Settings: enable_bitmapscan = 'off', enable_seqscan = 'off', max_parallel_workers_per_gather = '0'
 Planning:
   Buffers: shared hit=106
 Planning Time: 0.478 ms
 Execution Time: 703.628 ms
(10 rows)

