SET
SET
SET
SET
SET
                                                                  QUERY PLAN                                                                  
----------------------------------------------------------------------------------------------------------------------------------------------
 Index Scan using idx on public.t (actual rows=8048576.00 loops=1)
   Output: a, b
   Index Cond: ((t.a >= '-513271'::integer) AND (t.a <= '-10236'::integer))
   Index Searches: 1
   Prefetch: distance=269.757 count=670721 stalls=1 skipped=7515500 resets=0 ungets=137901 forwarded=3721
             histogram [2,4) => 2, [4,8) => 3, [8,16) => 5, [16,32) => 9, [32,64) => 2, [64,128) => 2, [128,256) => 2991, [256,512) => 667707
   Buffers: shared hit=406843 read=147908
 Settings: enable_bitmapscan = 'off', enable_seqscan = 'off', max_parallel_workers_per_gather = '0'
 Planning:
   Buffers: shared hit=77 read=28
 Planning Time: 6.095 ms
 Execution Time: 2659.006 ms
(12 rows)

SET
SET
SET
SET
SET
                                             QUERY PLAN                                             
----------------------------------------------------------------------------------------------------
 Index Scan using idx on public.t (actual rows=8048576.00 loops=1)
   Output: a, b
   Index Cond: ((t.a >= '-513271'::integer) AND (t.a <= '-10236'::integer))
   Index Searches: 1
   Buffers: shared hit=554833
 Settings: enable_bitmapscan = 'off', enable_seqscan = 'off', max_parallel_workers_per_gather = '0'
 Planning:
   Buffers: shared hit=110
 Planning Time: 0.475 ms
 Execution Time: 1386.443 ms
(10 rows)

