SET
SET
SET
SET
SET
                                                                 QUERY PLAN                                                                 
--------------------------------------------------------------------------------------------------------------------------------------------
 Index Scan using idx on public.t (actual rows=262144.00 loops=1)
   Output: a, b
   Index Cond: ((t.a >= '-48789'::integer) AND (t.a <= '-32406'::integer))
   Index Searches: 1
   Prefetch: distance=269.478 count=21981 stalls=1 skipped=244611 resets=0 ungets=4624 forwarded=115
             histogram [2,4) => 2, [4,8) => 3, [8,16) => 6, [16,32) => 13, [32,64) => 4, [64,128) => 3, [128,256) => 89, [256,512) => 21861
   Buffers: shared hit=13114 read=4972
 Settings: enable_bitmapscan = 'off', enable_seqscan = 'off', max_parallel_workers_per_gather = '0'
 Planning:
   Buffers: shared hit=77 read=24
 Planning Time: 5.745 ms
 Execution Time: 96.428 ms
(12 rows)

SET
SET
SET
SET
SET
                                             QUERY PLAN                                             
----------------------------------------------------------------------------------------------------
 Index Scan using idx on public.t (actual rows=262144.00 loops=1)
   Output: a, b
   Index Cond: ((t.a >= '-48789'::integer) AND (t.a <= '-32406'::integer))
   Index Searches: 1
   Buffers: shared hit=18091
 Settings: enable_bitmapscan = 'off', enable_seqscan = 'off', max_parallel_workers_per_gather = '0'
 Planning:
   Buffers: shared hit=106
 Planning Time: 0.450 ms
 Execution Time: 38.899 ms
(10 rows)

