SET
SET
SET
SET
SET
                                                                 QUERY PLAN                                                                  
---------------------------------------------------------------------------------------------------------------------------------------------
 Index Scan using idx on public.t (actual rows=2048576.00 loops=1)
   Output: a, b
   Index Cond: ((t.a >= '-159998'::integer) AND (t.a <= '-31963'::integer))
   Index Searches: 1
   Prefetch: distance=269.729 count=170887 stalls=1 skipped=1912889 resets=0 ungets=35216 forwarded=941
             histogram [2,4) => 2, [4,8) => 3, [8,16) => 6, [16,32) => 9, [32,64) => 2, [64,128) => 2, [128,256) => 786, [256,512) => 170077
   Buffers: shared hit=103483 read=37770
 Settings: enable_bitmapscan = 'off', enable_seqscan = 'off', max_parallel_workers_per_gather = '0'
 Planning:
   Buffers: shared hit=77 read=24
 Planning Time: 5.691 ms
 Execution Time: 690.587 ms
(12 rows)

SET
SET
SET
SET
SET
                                             QUERY PLAN                                             
----------------------------------------------------------------------------------------------------
 Index Scan using idx on public.t (actual rows=2048576.00 loops=1)
   Output: a, b
   Index Cond: ((t.a >= '-159998'::integer) AND (t.a <= '-31963'::integer))
   Index Searches: 1
   Buffers: shared hit=141276
 Settings: enable_bitmapscan = 'off', enable_seqscan = 'off', max_parallel_workers_per_gather = '0'
 Planning:
   Buffers: shared hit=106
 Planning Time: 0.627 ms
 Execution Time: 349.435 ms
(10 rows)

