SET
SET
SET
SET
SET
                                                                 QUERY PLAN                                                                 
--------------------------------------------------------------------------------------------------------------------------------------------
 Index Scan Backward using idx on public.t (actual rows=262144.00 loops=1)
   Output: a, b
   Index Cond: ((t.a >= '-39105'::integer) AND (t.a <= '-22722'::integer))
   Index Searches: 1
   Prefetch: distance=269.488 count=22054 stalls=1 skipped=244724 resets=0 ungets=4698 forwarded=9
             histogram [2,4) => 2, [4,8) => 7, [8,16) => 7, [16,32) => 6, [32,64) => 2, [64,128) => 2, [128,256) => 121, [256,512) => 21907
   Buffers: shared hit=13112 read=4972
 Settings: enable_bitmapscan = 'off', enable_seqscan = 'off', max_parallel_workers_per_gather = '0'
 Planning:
   Buffers: shared hit=81 read=24
 Planning Time: 6.069 ms
 Execution Time: 152.781 ms
(12 rows)

SET
SET
SET
SET
SET
                                             QUERY PLAN                                             
----------------------------------------------------------------------------------------------------
 Index Scan Backward using idx on public.t (actual rows=262144.00 loops=1)
   Output: a, b
   Index Cond: ((t.a >= '-39105'::integer) AND (t.a <= '-22722'::integer))
   Index Searches: 1
   Buffers: shared hit=18084
 Settings: enable_bitmapscan = 'off', enable_seqscan = 'off', max_parallel_workers_per_gather = '0'
 Planning:
   Buffers: shared hit=110
 Planning Time: 0.442 ms
 Execution Time: 36.235 ms
(10 rows)

