SET
SET
SET
SET
SET
                                                                QUERY PLAN                                                                 
-------------------------------------------------------------------------------------------------------------------------------------------
 Index Scan Backward using idx on public.t (actual rows=32768.00 loops=1)
   Output: a, b
   Index Cond: ((t.a >= '-3987'::integer) AND (t.a <= '-1940'::integer))
   Index Searches: 1
   Prefetch: distance=267.756 count=2840 stalls=1 skipped=30367 resets=0 ungets=679 forwarded=2
             histogram [2,4) => 2, [4,8) => 5, [8,16) => 10, [16,32) => 5, [32,64) => 2, [64,128) => 2, [128,256) => 20, [256,512) => 2794
   Buffers: shared hit=1521 read=750
 Settings: enable_bitmapscan = 'off', enable_seqscan = 'off', max_parallel_workers_per_gather = '0'
 Planning:
   Buffers: shared hit=85 read=28
 Planning Time: 6.014 ms
 Execution Time: 23.410 ms
(12 rows)

SET
SET
SET
SET
SET
                                             QUERY PLAN                                             
----------------------------------------------------------------------------------------------------
 Index Scan Backward using idx on public.t (actual rows=32768.00 loops=1)
   Output: a, b
   Index Cond: ((t.a >= '-3987'::integer) AND (t.a <= '-1940'::integer))
   Index Searches: 1
   Buffers: shared hit=2271
 Settings: enable_bitmapscan = 'off', enable_seqscan = 'off', max_parallel_workers_per_gather = '0'
 Planning:
   Buffers: shared hit=118
 Planning Time: 0.420 ms
 Execution Time: 4.978 ms
(10 rows)

