SET
SET
SET
SET
SET
                                                                  QUERY PLAN                                                                  
----------------------------------------------------------------------------------------------------------------------------------------------
 Index Scan Backward using idx on public.t (actual rows=8048576.00 loops=1)
   Output: a, b
   Index Cond: ((t.a >= '-508321'::integer) AND (t.a <= '-5286'::integer))
   Index Searches: 1
   Prefetch: distance=269.715 count=672753 stalls=1 skipped=7515652 resets=0 ungets=139973 forwarded=254
             histogram [2,4) => 4, [4,8) => 5, [8,16) => 7, [16,32) => 6, [32,64) => 2, [64,128) => 2, [128,256) => 3559, [256,512) => 669168
   Buffers: shared hit=406876 read=147903
 Settings: enable_bitmapscan = 'off', enable_seqscan = 'off', max_parallel_workers_per_gather = '0'
 Planning:
   Buffers: shared hit=81 read=28
 Planning Time: 6.342 ms
 Execution Time: 4552.132 ms
(12 rows)

SET
SET
SET
SET
SET
                                             QUERY PLAN                                             
----------------------------------------------------------------------------------------------------
 Index Scan Backward using idx on public.t (actual rows=8048576.00 loops=1)
   Output: a, b
   Index Cond: ((t.a >= '-508321'::integer) AND (t.a <= '-5286'::integer))
   Index Searches: 1
   Buffers: shared hit=554786
 Settings: enable_bitmapscan = 'off', enable_seqscan = 'off', max_parallel_workers_per_gather = '0'
 Planning:
   Buffers: shared hit=114
 Planning Time: 0.486 ms
 Execution Time: 1261.398 ms
(10 rows)

