SET
SET
SET
SET
SET
                                                                  QUERY PLAN                                                                  
----------------------------------------------------------------------------------------------------------------------------------------------
 Index Scan Backward using idx on public.t (actual rows=5048576.00 loops=1)
   Output: a, b
   Index Cond: ((t.a >= '-337829'::integer) AND (t.a <= '-22294'::integer))
   Index Searches: 1
   Prefetch: distance=269.718 count=422066 stalls=1 skipped=4714015 resets=0 ungets=87825 forwarded=162
             histogram [2,4) => 2, [4,8) => 3, [8,16) => 5, [16,32) => 9, [32,64) => 2, [64,128) => 2, [128,256) => 2132, [256,512) => 419911
   Buffers: shared hit=255227 read=92832
 Settings: enable_bitmapscan = 'off', enable_seqscan = 'off', max_parallel_workers_per_gather = '0'
 Planning:
   Buffers: shared hit=81 read=24
 Planning Time: 5.964 ms
 Execution Time: 2841.484 ms
(12 rows)

SET
SET
SET
SET
SET
                                             QUERY PLAN                                             
----------------------------------------------------------------------------------------------------
 Index Scan Backward using idx on public.t (actual rows=5048576.00 loops=1)
   Output: a, b
   Index Cond: ((t.a >= '-337829'::integer) AND (t.a <= '-22294'::integer))
   Index Searches: 1
   Buffers: shared hit=348061
 Settings: enable_bitmapscan = 'off', enable_seqscan = 'off', max_parallel_workers_per_gather = '0'
 Planning:
   Buffers: shared hit=110
 Planning Time: 0.443 ms
 Execution Time: 802.809 ms
(10 rows)

