SET
SET
SET
SET
SET
                                                                QUERY PLAN                                                                
------------------------------------------------------------------------------------------------------------------------------------------
 Index Scan Backward using idx on public.t (actual rows=65536.00 loops=1)
   Output: a, b
   Index Cond: ((t.a >= '-10373'::integer) AND (t.a <= '-6278'::integer))
   Index Searches: 1
   Prefetch: distance=268.603 count=5525 stalls=1 skipped=60894 resets=0 ungets=1251 forwarded=2
             histogram [2,4) => 2, [4,8) => 7, [8,16) => 6, [16,32) => 9, [32,64) => 3, [64,128) => 2, [128,256) => 26, [256,512) => 5470
   Buffers: shared hit=3123 read=1362
 Settings: enable_bitmapscan = 'off', enable_seqscan = 'off', max_parallel_workers_per_gather = '0'
 Planning:
   Buffers: shared hit=85 read=28
 Planning Time: 6.365 ms
 Execution Time: 43.518 ms
(12 rows)

SET
SET
SET
SET
SET
                                             QUERY PLAN                                             
----------------------------------------------------------------------------------------------------
 Index Scan Backward using idx on public.t (actual rows=65536.00 loops=1)
   Output: a, b
   Index Cond: ((t.a >= '-10373'::integer) AND (t.a <= '-6278'::integer))
   Index Searches: 1
   Buffers: shared hit=4485
 Settings: enable_bitmapscan = 'off', enable_seqscan = 'off', max_parallel_workers_per_gather = '0'
 Planning:
   Buffers: shared hit=118
 Planning Time: 0.445 ms
 Execution Time: 12.514 ms
(10 rows)

