SET
SET
SET
SET
SET
                                                               QUERY PLAN                                                                
-----------------------------------------------------------------------------------------------------------------------------------------
 Index Scan Backward using idx on public.t (actual rows=32768.00 loops=1)
   Output: a, b
   Index Cond: ((t.a >= '-9103'::integer) AND (t.a <= '-7056'::integer))
   Index Searches: 1
   Prefetch: distance=267.435 count=2794 stalls=1 skipped=30286 resets=0 ungets=680 forwarded=1
             histogram [2,4) => 4, [4,8) => 5, [8,16) => 4, [16,32) => 9, [32,64) => 5, [64,128) => 3, [128,256) => 4, [256,512) => 2760
   Buffers: shared hit=1466 read=767
 Settings: enable_bitmapscan = 'off', enable_seqscan = 'off', max_parallel_workers_per_gather = '0'
 Planning:
   Buffers: shared hit=85 read=28
 Planning Time: 6.060 ms
 Execution Time: 24.255 ms
(12 rows)

SET
SET
SET
SET
SET
                                             QUERY PLAN                                             
----------------------------------------------------------------------------------------------------
 Index Scan Backward using idx on public.t (actual rows=32768.00 loops=1)
   Output: a, b
   Index Cond: ((t.a >= '-9103'::integer) AND (t.a <= '-7056'::integer))
   Index Searches: 1
   Buffers: shared hit=2233
 Settings: enable_bitmapscan = 'off', enable_seqscan = 'off', max_parallel_workers_per_gather = '0'
 Planning:
   Buffers: shared hit=118
 Planning Time: 0.547 ms
 Execution Time: 7.001 ms
(10 rows)

