SET
SET
SET
SET
SET
                                                                QUERY PLAN                                                                 
-------------------------------------------------------------------------------------------------------------------------------------------
 Index Scan Backward using idx on public.t (actual rows=131072.00 loops=1)
   Output: a, b
   Index Cond: ((t.a >= '-19020'::integer) AND (t.a <= '-10829'::integer))
   Index Searches: 1
   Prefetch: distance=269.335 count=11076 stalls=1 skipped=122394 resets=0 ungets=2430 forwarded=7
             histogram [2,4) => 2, [4,8) => 3, [8,16) => 5, [16,32) => 9, [32,64) => 2, [64,128) => 2, [128,256) => 45, [256,512) => 11008
   Buffers: shared hit=6443 read=2570
 Settings: enable_bitmapscan = 'off', enable_seqscan = 'off', max_parallel_workers_per_gather = '0'
 Planning:
   Buffers: shared hit=81 read=28
 Planning Time: 6.332 ms
 Execution Time: 76.429 ms
(12 rows)

SET
SET
SET
SET
SET
                                             QUERY PLAN                                             
----------------------------------------------------------------------------------------------------
 Index Scan Backward using idx on public.t (actual rows=131072.00 loops=1)
   Output: a, b
   Index Cond: ((t.a >= '-19020'::integer) AND (t.a <= '-10829'::integer))
   Index Searches: 1
   Buffers: shared hit=9013
 Settings: enable_bitmapscan = 'off', enable_seqscan = 'off', max_parallel_workers_per_gather = '0'
 Planning:
   Buffers: shared hit=114
 Planning Time: 0.404 ms
 Execution Time: 17.580 ms
(10 rows)

