SET
SET
SET
SET
SET
                                                                  QUERY PLAN                                                                  
----------------------------------------------------------------------------------------------------------------------------------------------
 Index Scan Backward using idx on public.t (actual rows=8048576.00 loops=1)
   Output: a, b
   Index Cond: ((t.a >= '-524732'::integer) AND (t.a <= '-21697'::integer))
   Index Searches: 1
   Prefetch: distance=269.719 count=672691 stalls=1 skipped=7515468 resets=0 ungets=139935 forwarded=254
             histogram [2,4) => 2, [4,8) => 6, [8,16) => 8, [16,32) => 6, [32,64) => 2, [64,128) => 2, [128,256) => 3438, [256,512) => 669227
   Buffers: shared hit=406861 read=147908
 Settings: enable_bitmapscan = 'off', enable_seqscan = 'off', max_parallel_workers_per_gather = '0'
 Planning:
   Buffers: shared hit=81 read=24
 Planning Time: 5.778 ms
 Execution Time: 4518.571 ms
(12 rows)

SET
SET
SET
SET
SET
                                             QUERY PLAN                                             
----------------------------------------------------------------------------------------------------
 Index Scan Backward using idx on public.t (actual rows=8048576.00 loops=1)
   Output: a, b
   Index Cond: ((t.a >= '-524732'::integer) AND (t.a <= '-21697'::integer))
   Index Searches: 1
   Buffers: shared hit=554775
 Settings: enable_bitmapscan = 'off', enable_seqscan = 'off', max_parallel_workers_per_gather = '0'
 Planning:
   Buffers: shared hit=110
 Planning Time: 0.579 ms
 Execution Time: 1273.134 ms
(10 rows)

