SET
SET
SET
SET
SET
                                                                 QUERY PLAN                                                                  
---------------------------------------------------------------------------------------------------------------------------------------------
 Index Scan Backward using idx on public.t (actual rows=262144.00 loops=1)
   Output: a, b
   Index Cond: ((t.a >= '-41558'::integer) AND (t.a <= '-25175'::integer))
   Index Searches: 1
   Prefetch: distance=269.489 count=22034 stalls=1 skipped=244461 resets=0 ungets=4687 forwarded=8
             histogram [2,4) => 2, [4,8) => 4, [8,16) => 11, [16,32) => 6, [32,64) => 2, [64,128) => 2, [128,256) => 114, [256,512) => 21893
   Buffers: shared hit=13110 read=4981
 Settings: enable_bitmapscan = 'off', enable_seqscan = 'off', max_parallel_workers_per_gather = '0'
 Planning:
   Buffers: shared hit=81 read=24
 Planning Time: 5.979 ms
 Execution Time: 157.938 ms
(12 rows)

SET
SET
SET
SET
SET
                                             QUERY PLAN                                             
----------------------------------------------------------------------------------------------------
 Index Scan Backward using idx on public.t (actual rows=262144.00 loops=1)
   Output: a, b
   Index Cond: ((t.a >= '-41558'::integer) AND (t.a <= '-25175'::integer))
   Index Searches: 1
   Buffers: shared hit=18091
 Settings: enable_bitmapscan = 'off', enable_seqscan = 'off', max_parallel_workers_per_gather = '0'
 Planning:
   Buffers: shared hit=110
 Planning Time: 0.363 ms
 Execution Time: 35.685 ms
(10 rows)

