SET
SET
SET
SET
SET
                                                                 QUERY PLAN                                                                  
---------------------------------------------------------------------------------------------------------------------------------------------
 Index Scan Backward using idx on public.t (actual rows=1048576.00 loops=1)
   Output: a, b
   Index Cond: ((t.a >= '-67313'::integer) AND (t.a <= '-1778'::integer))
   Index Searches: 1
   Prefetch: distance=269.655 count=87810 stalls=1 skipped=978874 resets=0 ungets=18379 forwarded=35
             histogram [2,4) => 2, [4,8) => 3, [8,16) => 11, [16,32) => 7, [32,64) => 2, [64,128) => 2, [128,256) => 494, [256,512) => 87289
   Buffers: shared hit=52916 read=19407
 Settings: enable_bitmapscan = 'off', enable_seqscan = 'off', max_parallel_workers_per_gather = '0'
 Planning:
   Buffers: shared hit=81 read=28
 Planning Time: 6.328 ms
 Execution Time: 602.893 ms
(12 rows)

SET
SET
SET
SET
SET
                                             QUERY PLAN                                             
----------------------------------------------------------------------------------------------------
 Index Scan Backward using idx on public.t (actual rows=1048576.00 loops=1)
   Output: a, b
   Index Cond: ((t.a >= '-67313'::integer) AND (t.a <= '-1778'::integer))
   Index Searches: 1
   Buffers: shared hit=72323
 Settings: enable_bitmapscan = 'off', enable_seqscan = 'off', max_parallel_workers_per_gather = '0'
 Planning:
   Buffers: shared hit=114
 Planning Time: 0.498 ms
 Execution Time: 150.564 ms
(10 rows)

