SET
SET
SET
SET
SET
                                                                  QUERY PLAN                                                                  
----------------------------------------------------------------------------------------------------------------------------------------------
 Index Scan Backward using idx on public.t (actual rows=5048576.00 loops=1)
   Output: a, b
   Index Cond: ((t.a >= '-319651'::integer) AND (t.a <= '-4116'::integer))
   Index Searches: 1
   Prefetch: distance=269.719 count=422195 stalls=1 skipped=4714159 resets=0 ungets=87970 forwarded=161
             histogram [2,4) => 2, [4,8) => 3, [8,16) => 5, [16,32) => 9, [32,64) => 3, [64,128) => 4, [128,256) => 2180, [256,512) => 419989
   Buffers: shared hit=255194 read=92843
 Settings: enable_bitmapscan = 'off', enable_seqscan = 'off', max_parallel_workers_per_gather = '0'
 Planning:
   Buffers: shared hit=81 read=28
 Planning Time: 6.383 ms
 Execution Time: 2846.006 ms
(12 rows)

SET
SET
SET
SET
SET
                                             QUERY PLAN                                             
----------------------------------------------------------------------------------------------------
 Index Scan Backward using idx on public.t (actual rows=5048576.00 loops=1)
   Output: a, b
   Index Cond: ((t.a >= '-319651'::integer) AND (t.a <= '-4116'::integer))
   Index Searches: 1
   Buffers: shared hit=348039
 Settings: enable_bitmapscan = 'off', enable_seqscan = 'off', max_parallel_workers_per_gather = '0'
 Planning:
   Buffers: shared hit=114
 Planning Time: 0.474 ms
 Execution Time: 660.141 ms
(10 rows)

