SET
SET
SET
SET
SET
                                                                  QUERY PLAN                                                                  
----------------------------------------------------------------------------------------------------------------------------------------------
 Index Scan Backward using idx on public.t (actual rows=9048576.00 loops=1)
   Output: a, b
   Index Cond: ((t.a >= '-566860'::integer) AND (t.a <= '-1325'::integer))
   Index Searches: 1
   Prefetch: distance=269.718 count=756511 stalls=1 skipped=8449321 resets=0 ungets=157448 forwarded=286
             histogram [2,4) => 2, [4,8) => 3, [8,16) => 5, [16,32) => 9, [32,64) => 2, [64,128) => 2, [128,256) => 3948, [256,512) => 752540
   Buffers: shared hit=457529 read=166269
 Settings: enable_bitmapscan = 'off', enable_seqscan = 'off', max_parallel_workers_per_gather = '0'
 Planning:
   Buffers: shared hit=81 read=28
 Planning Time: 6.444 ms
 Execution Time: 5075.694 ms
(12 rows)

SET
SET
SET
SET
SET
                                             QUERY PLAN                                             
----------------------------------------------------------------------------------------------------
 Index Scan Backward using idx on public.t (actual rows=9048576.00 loops=1)
   Output: a, b
   Index Cond: ((t.a >= '-566860'::integer) AND (t.a <= '-1325'::integer))
   Index Searches: 1
   Buffers: shared hit=623804
 Settings: enable_bitmapscan = 'off', enable_seqscan = 'off', max_parallel_workers_per_gather = '0'
 Planning:
   Buffers: shared hit=114
 Planning Time: 1.068 ms
 Execution Time: 1183.484 ms
(10 rows)

