SET
SET
SET
SET
SET
                                                               QUERY PLAN                                                                
-----------------------------------------------------------------------------------------------------------------------------------------
 Index Scan Backward using idx on public.t (actual rows=2048.00 loops=1)
   Output: a, b
   Index Cond: ((t.a >= '-3344'::integer) AND (t.a <= '-3217'::integer))
   Index Searches: 1
   Prefetch: distance=233.630 count=192 stalls=1 skipped=1628 resets=0 ungets=76 forwarded=0
             histogram [2,4) => 2, [4,8) => 4, [8,16) => 12, [16,32) => 7, [32,64) => 2, [64,128) => 2, [128,256) => 2, [256,512) => 161
   Buffers: shared hit=27 read=120
 Settings: enable_bitmapscan = 'off', enable_seqscan = 'off', max_parallel_workers_per_gather = '0'
 Planning:
   Buffers: shared hit=85 read=28
 Planning Time: 6.310 ms
 Execution Time: 6.171 ms
(12 rows)

SET
SET
SET
SET
SET
                                             QUERY PLAN                                             
----------------------------------------------------------------------------------------------------
 Index Scan Backward using idx on public.t (actual rows=2048.00 loops=1)
   Output: a, b
   Index Cond: ((t.a >= '-3344'::integer) AND (t.a <= '-3217'::integer))
   Index Searches: 1
   Buffers: shared hit=147
 Settings: enable_bitmapscan = 'off', enable_seqscan = 'off', max_parallel_workers_per_gather = '0'
 Planning:
   Buffers: shared hit=118
 Planning Time: 0.465 ms
 Execution Time: 0.453 ms
(10 rows)

