SET
SET
SET
SET
SET
                                                               QUERY PLAN                                                               
----------------------------------------------------------------------------------------------------------------------------------------
 Index Scan Backward using idx on public.t (actual rows=4096.00 loops=1)
   Output: a, b
   Index Cond: ((t.a >= '-2507'::integer) AND (t.a <= '-2252'::integer))
   Index Searches: 1
   Prefetch: distance=255.199 count=392 stalls=1 skipped=3482 resets=0 ungets=146 forwarded=0
             histogram [2,4) => 2, [4,8) => 3, [8,16) => 6, [16,32) => 9, [32,64) => 2, [64,128) => 2, [128,256) => 2, [256,512) => 366
   Buffers: shared hit=88 read=200
 Settings: enable_bitmapscan = 'off', enable_seqscan = 'off', max_parallel_workers_per_gather = '0'
 Planning:
   Buffers: shared hit=85 read=28
 Planning Time: 6.446 ms
 Execution Time: 7.892 ms
(12 rows)

SET
SET
SET
SET
SET
                                             QUERY PLAN                                             
----------------------------------------------------------------------------------------------------
 Index Scan Backward using idx on public.t (actual rows=4096.00 loops=1)
   Output: a, b
   Index Cond: ((t.a >= '-2507'::integer) AND (t.a <= '-2252'::integer))
   Index Searches: 1
   Buffers: shared hit=288
 Settings: enable_bitmapscan = 'off', enable_seqscan = 'off', max_parallel_workers_per_gather = '0'
 Planning:
   Buffers: shared hit=118
 Planning Time: 0.391 ms
 Execution Time: 0.740 ms
(10 rows)

