SET
SET
SET
SET
SET
                                                                 QUERY PLAN                                                                  
---------------------------------------------------------------------------------------------------------------------------------------------
 Index Scan Backward using idx on public.t (actual rows=524288.00 loops=1)
   Output: a, b
   Index Cond: ((t.a >= '-34533'::integer) AND (t.a <= '-1766'::integer))
   Index Searches: 1
   Prefetch: distance=269.579 count=43974 stalls=1 skipped=489500 resets=0 ungets=9282 forwarded=18
             histogram [2,4) => 2, [4,8) => 5, [8,16) => 10, [16,32) => 9, [32,64) => 2, [64,128) => 2, [128,256) => 255, [256,512) => 43689
   Buffers: shared hit=26354 read=9785
 Settings: enable_bitmapscan = 'off', enable_seqscan = 'off', max_parallel_workers_per_gather = '0'
 Planning:
   Buffers: shared hit=81 read=28
 Planning Time: 6.202 ms
 Execution Time: 306.335 ms
(12 rows)

SET
SET
SET
SET
SET
                                             QUERY PLAN                                             
----------------------------------------------------------------------------------------------------
 Index Scan Backward using idx on public.t (actual rows=524288.00 loops=1)
   Output: a, b
   Index Cond: ((t.a >= '-34533'::integer) AND (t.a <= '-1766'::integer))
   Index Searches: 1
   Buffers: shared hit=36139
 Settings: enable_bitmapscan = 'off', enable_seqscan = 'off', max_parallel_workers_per_gather = '0'
 Planning:
   Buffers: shared hit=114
 Planning Time: 0.445 ms
 Execution Time: 81.079 ms
(10 rows)

