SET
SET
SET
SET
SET
                                                                  QUERY PLAN                                                                  
----------------------------------------------------------------------------------------------------------------------------------------------
 Index Scan Backward using idx on public.t (actual rows=9048576.00 loops=1)
   Output: a, b
   Index Cond: ((t.a >= '-580258'::integer) AND (t.a <= '-14723'::integer))
   Index Searches: 1
   Prefetch: distance=269.715 count=756481 stalls=1 skipped=8449154 resets=0 ungets=157363 forwarded=286
             histogram [2,4) => 4, [4,8) => 3, [8,16) => 5, [16,32) => 9, [32,64) => 2, [64,128) => 3, [128,256) => 4048, [256,512) => 752407
   Buffers: shared hit=457599 read=166265
 Settings: enable_bitmapscan = 'off', enable_seqscan = 'off', max_parallel_workers_per_gather = '0'
 Planning:
   Buffers: shared hit=81 read=24
 Planning Time: 5.827 ms
 Execution Time: 5107.206 ms
(12 rows)

SET
SET
SET
SET
SET
                                             QUERY PLAN                                             
----------------------------------------------------------------------------------------------------
 Index Scan Backward using idx on public.t (actual rows=9048576.00 loops=1)
   Output: a, b
   Index Cond: ((t.a >= '-580258'::integer) AND (t.a <= '-14723'::integer))
   Index Searches: 1
   Buffers: shared hit=623869
 Settings: enable_bitmapscan = 'off', enable_seqscan = 'off', max_parallel_workers_per_gather = '0'
 Planning:
   Buffers: shared hit=110
 Planning Time: 0.547 ms
 Execution Time: 1683.519 ms
(10 rows)

