SET
SET
SET
SET
SET
                                                                  QUERY PLAN                                                                   
-----------------------------------------------------------------------------------------------------------------------------------------------
 Index Scan Backward using idx on public.t (actual rows=5048576.00 loops=1)
   Output: a, b
   Index Cond: ((t.a >= '-343659'::integer) AND (t.a <= '-28124'::integer))
   Index Searches: 1
   Prefetch: distance=269.720 count=422131 stalls=1 skipped=4713962 resets=0 ungets=87885 forwarded=169
             histogram [2,4) => 2, [4,8) => 4, [8,16) => 11, [16,32) => 6, [32,64) => 1, [64,128) => 2, [128,256) => 2158, [256,512) => 419947
   Buffers: shared hit=255230 read=92837
 Settings: enable_bitmapscan = 'off', enable_seqscan = 'off', max_parallel_workers_per_gather = '0'
 Planning:
   Buffers: shared hit=81 read=24
 Planning Time: 5.595 ms
 Execution Time: 2850.886 ms
(12 rows)

SET
SET
SET
SET
SET
                                             QUERY PLAN                                             
----------------------------------------------------------------------------------------------------
 Index Scan Backward using idx on public.t (actual rows=5048576.00 loops=1)
   Output: a, b
   Index Cond: ((t.a >= '-343659'::integer) AND (t.a <= '-28124'::integer))
   Index Searches: 1
   Buffers: shared hit=348070
 Settings: enable_bitmapscan = 'off', enable_seqscan = 'off', max_parallel_workers_per_gather = '0'
 Planning:
   Buffers: shared hit=110
 Planning Time: 0.392 ms
 Execution Time: 699.725 ms
(10 rows)

