SET
SET
SET
SET
SET
                                                                  QUERY PLAN                                                                  
----------------------------------------------------------------------------------------------------------------------------------------------
 Index Scan Backward using idx on public.t (actual rows=8048576.00 loops=1)
   Output: a, b
   Index Cond: ((t.a >= '-511550'::integer) AND (t.a <= '-8515'::integer))
   Index Searches: 1
   Prefetch: distance=269.714 count=672733 stalls=1 skipped=7515696 resets=0 ungets=139933 forwarded=259
             histogram [2,4) => 2, [4,8) => 7, [8,16) => 7, [16,32) => 7, [32,64) => 2, [64,128) => 2, [128,256) => 3560, [256,512) => 669146
   Buffers: shared hit=406890 read=147907
 Settings: enable_bitmapscan = 'off', enable_seqscan = 'off', max_parallel_workers_per_gather = '0'
 Planning:
   Buffers: shared hit=81 read=28
 Planning Time: 6.314 ms
 Execution Time: 4504.199 ms
(12 rows)

SET
SET
SET
SET
SET
                                             QUERY PLAN                                             
----------------------------------------------------------------------------------------------------
 Index Scan Backward using idx on public.t (actual rows=8048576.00 loops=1)
   Output: a, b
   Index Cond: ((t.a >= '-511550'::integer) AND (t.a <= '-8515'::integer))
   Index Searches: 1
   Buffers: shared hit=554803
 Settings: enable_bitmapscan = 'off', enable_seqscan = 'off', max_parallel_workers_per_gather = '0'
 Planning:
   Buffers: shared hit=114
 Planning Time: 0.919 ms
 Execution Time: 1227.596 ms
(10 rows)

