SET
SET
SET
SET
SET
                                                                 QUERY PLAN                                                                 
--------------------------------------------------------------------------------------------------------------------------------------------
 Index Scan Backward using idx on public.t (actual rows=131072.00 loops=1)
   Output: a, b
   Index Cond: ((t.a >= '-14682'::integer) AND (t.a <= '-6491'::integer))
   Index Searches: 1
   Prefetch: distance=269.273 count=11015 stalls=1 skipped=122202 resets=0 ungets=2401 forwarded=4
             histogram [2,4) => 2, [4,8) => 3, [8,16) => 11, [16,32) => 6, [32,64) => 2, [64,128) => 2, [128,256) => 38, [256,512) => 10951
   Buffers: shared hit=6427 read=2569
 Settings: enable_bitmapscan = 'off', enable_seqscan = 'off', max_parallel_workers_per_gather = '0'
 Planning:
   Buffers: shared hit=81 read=28
 Planning Time: 6.145 ms
 Execution Time: 79.769 ms
(12 rows)

SET
SET
SET
SET
SET
                                             QUERY PLAN                                             
----------------------------------------------------------------------------------------------------
 Index Scan Backward using idx on public.t (actual rows=131072.00 loops=1)
   Output: a, b
   Index Cond: ((t.a >= '-14682'::integer) AND (t.a <= '-6491'::integer))
   Index Searches: 1
   Buffers: shared hit=8996
 Settings: enable_bitmapscan = 'off', enable_seqscan = 'off', max_parallel_workers_per_gather = '0'
 Planning:
   Buffers: shared hit=114
 Planning Time: 0.561 ms
 Execution Time: 25.982 ms
(10 rows)

