SET
SET
SET
SET
SET
                                                               QUERY PLAN                                                               
----------------------------------------------------------------------------------------------------------------------------------------
 Index Scan Backward using idx on public.t (actual rows=1024.00 loops=1)
   Output: a, b
   Index Cond: ((t.a >= '-24185'::integer) AND (t.a <= '-24122'::integer))
   Index Searches: 1
   Prefetch: distance=155.180 count=61 stalls=1 skipped=628 resets=0 ungets=17 forwarded=0
             histogram [2,4) => 2, [4,8) => 7, [8,16) => 4, [16,32) => 10, [32,64) => 2, [64,128) => 2, [128,256) => 2, [256,512) => 32
   Buffers: shared hit=10 read=65
 Settings: enable_bitmapscan = 'off', enable_seqscan = 'off', max_parallel_workers_per_gather = '0'
 Planning:
   Buffers: shared hit=81 read=24
 Planning Time: 6.032 ms
 Execution Time: 5.072 ms
(12 rows)

SET
SET
SET
SET
SET
                                             QUERY PLAN                                             
----------------------------------------------------------------------------------------------------
 Index Scan Backward using idx on public.t (actual rows=1024.00 loops=1)
   Output: a, b
   Index Cond: ((t.a >= '-24185'::integer) AND (t.a <= '-24122'::integer))
   Index Searches: 1
   Buffers: shared hit=75
 Settings: enable_bitmapscan = 'off', enable_seqscan = 'off', max_parallel_workers_per_gather = '0'
 Planning:
   Buffers: shared hit=110
 Planning Time: 0.331 ms
 Execution Time: 0.271 ms
(10 rows)

