SET
SET
SET
SET
SET
                                             QUERY PLAN                                             
----------------------------------------------------------------------------------------------------
 Index Scan Backward using idx on public.t (actual rows=512.00 loops=1)
   Output: a, b
   Index Cond: ((t.a >= '-21279'::integer) AND (t.a <= '-21248'::integer))
   Index Searches: 1
   Prefetch: distance=11.474 count=19 stalls=1 skipped=270 resets=0 ungets=0 forwarded=0
             histogram [2,4) => 2, [4,8) => 3, [8,16) => 11, [16,32) => 3
   Buffers: shared hit=5 read=35
 Settings: enable_bitmapscan = 'off', enable_seqscan = 'off', max_parallel_workers_per_gather = '0'
 Planning:
   Buffers: shared hit=81 read=24
 Planning Time: 5.909 ms
 Execution Time: 3.551 ms
(12 rows)

SET
SET
SET
SET
SET
                                             QUERY PLAN                                             
----------------------------------------------------------------------------------------------------
 Index Scan Backward using idx on public.t (actual rows=512.00 loops=1)
   Output: a, b
   Index Cond: ((t.a >= '-21279'::integer) AND (t.a <= '-21248'::integer))
   Index Searches: 1
   Buffers: shared hit=40
 Settings: enable_bitmapscan = 'off', enable_seqscan = 'off', max_parallel_workers_per_gather = '0'
 Planning:
   Buffers: shared hit=110
 Planning Time: 0.311 ms
 Execution Time: 0.169 ms
(10 rows)

