SET
SET
SET
SET
SET
                                                                  QUERY PLAN                                                                   
-----------------------------------------------------------------------------------------------------------------------------------------------
 Index Scan Backward using idx on public.t (actual rows=6048576.00 loops=1)
   Output: a, b
   Index Cond: ((t.a >= '-398055'::integer) AND (t.a <= '-20020'::integer))
   Index Searches: 1
   Prefetch: distance=269.717 count=505740 stalls=1 skipped=5647975 resets=0 ungets=105235 forwarded=183
             histogram [2,4) => 2, [4,8) => 3, [8,16) => 5, [16,32) => 10, [32,64) => 4, [64,128) => 2, [128,256) => 2535, [256,512) => 503179
   Buffers: shared hit=305844 read=111198
 Settings: enable_bitmapscan = 'off', enable_seqscan = 'off', max_parallel_workers_per_gather = '0'
 Planning:
   Buffers: shared hit=81 read=24
 Planning Time: 6.030 ms
 Execution Time: 3368.976 ms
(12 rows)

SET
SET
SET
SET
SET
                                             QUERY PLAN                                             
----------------------------------------------------------------------------------------------------
 Index Scan Backward using idx on public.t (actual rows=6048576.00 loops=1)
   Output: a, b
   Index Cond: ((t.a >= '-398055'::integer) AND (t.a <= '-20020'::integer))
   Index Searches: 1
   Buffers: shared hit=417044
 Settings: enable_bitmapscan = 'off', enable_seqscan = 'off', max_parallel_workers_per_gather = '0'
 Planning:
   Buffers: shared hit=110
 Planning Time: 0.415 ms
 Execution Time: 796.101 ms
(10 rows)

