SET
SET
SET
SET
SET
                                                                  QUERY PLAN                                                                   
-----------------------------------------------------------------------------------------------------------------------------------------------
 Index Scan Backward using idx on public.t (actual rows=8048576.00 loops=1)
   Output: a, b
   Index Cond: ((t.a >= '-520957'::integer) AND (t.a <= '-17922'::integer))
   Index Searches: 1
   Prefetch: distance=269.718 count=672767 stalls=1 skipped=7515438 resets=0 ungets=139997 forwarded=249
             histogram [2,4) => 2, [4,8) => 3, [8,16) => 12, [16,32) => 5, [32,64) => 2, [64,128) => 2, [128,256) => 3504, [256,512) => 669237
   Buffers: shared hit=406886 read=147899
 Settings: enable_bitmapscan = 'off', enable_seqscan = 'off', max_parallel_workers_per_gather = '0'
 Planning:
   Buffers: shared hit=81 read=24
 Planning Time: 6.060 ms
 Execution Time: 4572.759 ms
(12 rows)

SET
SET
SET
SET
SET
                                             QUERY PLAN                                             
----------------------------------------------------------------------------------------------------
 Index Scan Backward using idx on public.t (actual rows=8048576.00 loops=1)
   Output: a, b
   Index Cond: ((t.a >= '-520957'::integer) AND (t.a <= '-17922'::integer))
   Index Searches: 1
   Buffers: shared hit=554788
 Settings: enable_bitmapscan = 'off', enable_seqscan = 'off', max_parallel_workers_per_gather = '0'
 Planning:
   Buffers: shared hit=110
 Planning Time: 0.539 ms
 Execution Time: 1275.618 ms
(10 rows)

