SET
SET
SET
SET
SET
                                                                 QUERY PLAN                                                                 
--------------------------------------------------------------------------------------------------------------------------------------------
 Index Scan Backward using idx on public.t (actual rows=262144.00 loops=1)
   Output: a, b
   Index Cond: ((t.a >= '-26886'::integer) AND (t.a <= '-10503'::integer))
   Index Searches: 1
   Prefetch: distance=269.469 count=22052 stalls=1 skipped=244681 resets=0 ungets=4701 forwarded=11
             histogram [2,4) => 2, [4,8) => 6, [8,16) => 9, [16,32) => 5, [32,64) => 2, [64,128) => 2, [128,256) => 134, [256,512) => 21892
   Buffers: shared hit=13121 read=4959
 Settings: enable_bitmapscan = 'off', enable_seqscan = 'off', max_parallel_workers_per_gather = '0'
 Planning:
   Buffers: shared hit=81 read=28
 Planning Time: 6.146 ms
 Execution Time: 148.813 ms
(12 rows)

SET
SET
SET
SET
SET
                                             QUERY PLAN                                             
----------------------------------------------------------------------------------------------------
 Index Scan Backward using idx on public.t (actual rows=262144.00 loops=1)
   Output: a, b
   Index Cond: ((t.a >= '-26886'::integer) AND (t.a <= '-10503'::integer))
   Index Searches: 1
   Buffers: shared hit=18080
 Settings: enable_bitmapscan = 'off', enable_seqscan = 'off', max_parallel_workers_per_gather = '0'
 Planning:
   Buffers: shared hit=114
 Planning Time: 0.437 ms
 Execution Time: 35.402 ms
(10 rows)

