SET
SET
SET
SET
SET
                                                                  QUERY PLAN                                                                  
----------------------------------------------------------------------------------------------------------------------------------------------
 Index Scan Backward using idx on public.t (actual rows=3048576.00 loops=1)
   Output: a, b
   Index Cond: ((t.a >= '-197868'::integer) AND (t.a <= '-7333'::integer))
   Index Searches: 1
   Prefetch: distance=269.695 count=254946 stalls=1 skipped=2846386 resets=0 ungets=53092 forwarded=104
             histogram [2,4) => 2, [4,8) => 7, [8,16) => 7, [16,32) => 6, [32,64) => 2, [64,128) => 2, [128,256) => 1391, [256,512) => 253529
   Buffers: shared hit=154081 read=56129
 Settings: enable_bitmapscan = 'off', enable_seqscan = 'off', max_parallel_workers_per_gather = '0'
 Planning:
   Buffers: shared hit=81 read=28
 Planning Time: 6.403 ms
 Execution Time: 1711.797 ms
(12 rows)

SET
SET
SET
SET
SET
                                             QUERY PLAN                                             
----------------------------------------------------------------------------------------------------
 Index Scan Backward using idx on public.t (actual rows=3048576.00 loops=1)
   Output: a, b
   Index Cond: ((t.a >= '-197868'::integer) AND (t.a <= '-7333'::integer))
   Index Searches: 1
   Buffers: shared hit=210210
 Settings: enable_bitmapscan = 'off', enable_seqscan = 'off', max_parallel_workers_per_gather = '0'
 Planning:
   Buffers: shared hit=114
 Planning Time: 0.467 ms
 Execution Time: 479.605 ms
(10 rows)

