SET
SET
SET
SET
SET
                                                               QUERY PLAN                                                               
----------------------------------------------------------------------------------------------------------------------------------------
 Index Scan Backward using idx on public.t (actual rows=2048.00 loops=1)
   Output: a, b
   Index Cond: ((t.a >= '-27002'::integer) AND (t.a <= '-26875'::integer))
   Index Searches: 1
   Prefetch: distance=240.309 count=207 stalls=2 skipped=1699 resets=0 ungets=83 forwarded=0
             histogram [2,4) => 2, [4,8) => 6, [8,16) => 9, [16,32) => 5, [32,64) => 2, [64,128) => 2, [128,256) => 2, [256,512) => 179
   Buffers: shared hit=30 read=121
 Settings: enable_bitmapscan = 'off', enable_seqscan = 'off', max_parallel_workers_per_gather = '0'
 Planning:
   Buffers: shared hit=81 read=24
 Planning Time: 5.954 ms
 Execution Time: 5.615 ms
(12 rows)

SET
SET
SET
SET
SET
                                             QUERY PLAN                                             
----------------------------------------------------------------------------------------------------
 Index Scan Backward using idx on public.t (actual rows=2048.00 loops=1)
   Output: a, b
   Index Cond: ((t.a >= '-27002'::integer) AND (t.a <= '-26875'::integer))
   Index Searches: 1
   Buffers: shared hit=151
 Settings: enable_bitmapscan = 'off', enable_seqscan = 'off', max_parallel_workers_per_gather = '0'
 Planning:
   Buffers: shared hit=110
 Planning Time: 0.317 ms
 Execution Time: 0.458 ms
(10 rows)

