SET
SET
SET
SET
SET
                                                                  QUERY PLAN                                                                   
-----------------------------------------------------------------------------------------------------------------------------------------------
 Index Scan Backward using idx on public.t (actual rows=8048576.00 loops=1)
   Output: a, b
   Index Cond: ((t.a >= '-525266'::integer) AND (t.a <= '-22231'::integer))
   Index Searches: 1
   Prefetch: distance=269.718 count=672717 stalls=1 skipped=7515590 resets=0 ungets=139955 forwarded=255
             histogram [2,4) => 2, [4,8) => 3, [8,16) => 12, [16,32) => 5, [32,64) => 4, [64,128) => 2, [128,256) => 3529, [256,512) => 669160
   Buffers: shared hit=406860 read=147911
 Settings: enable_bitmapscan = 'off', enable_seqscan = 'off', max_parallel_workers_per_gather = '0'
 Planning:
   Buffers: shared hit=81 read=24
 Planning Time: 5.676 ms
 Execution Time: 4486.449 ms
(12 rows)

SET
SET
SET
SET
SET
                                             QUERY PLAN                                             
----------------------------------------------------------------------------------------------------
 Index Scan Backward using idx on public.t (actual rows=8048576.00 loops=1)
   Output: a, b
   Index Cond: ((t.a >= '-525266'::integer) AND (t.a <= '-22231'::integer))
   Index Searches: 1
   Buffers: shared hit=554773
 Settings: enable_bitmapscan = 'off', enable_seqscan = 'off', max_parallel_workers_per_gather = '0'
 Planning:
   Buffers: shared hit=110
 Planning Time: 0.422 ms
 Execution Time: 1056.131 ms
(10 rows)

