SET
SET
SET
SET
SET
                                                                QUERY PLAN                                                                
------------------------------------------------------------------------------------------------------------------------------------------
 Index Scan Backward using idx on public.t (actual rows=32768.00 loops=1)
   Output: a, b
   Index Cond: ((t.a >= '-6808'::integer) AND (t.a <= '-4761'::integer))
   Index Searches: 1
   Prefetch: distance=267.322 count=2816 stalls=1 skipped=30363 resets=0 ungets=650 forwarded=1
             histogram [2,4) => 2, [4,8) => 7, [8,16) => 5, [16,32) => 9, [32,64) => 3, [64,128) => 2, [128,256) => 19, [256,512) => 2769
   Buffers: shared hit=1518 read=759
 Settings: enable_bitmapscan = 'off', enable_seqscan = 'off', max_parallel_workers_per_gather = '0'
 Planning:
   Buffers: shared hit=82 read=26
 Planning Time: 6.502 ms
 Execution Time: 22.456 ms
(12 rows)

SET
SET
SET
SET
SET
                                             QUERY PLAN                                             
----------------------------------------------------------------------------------------------------
 Index Scan Backward using idx on public.t (actual rows=32768.00 loops=1)
   Output: a, b
   Index Cond: ((t.a >= '-6808'::integer) AND (t.a <= '-4761'::integer))
   Index Searches: 1
   Buffers: shared hit=2277
 Settings: enable_bitmapscan = 'off', enable_seqscan = 'off', max_parallel_workers_per_gather = '0'
 Planning:
   Buffers: shared hit=113
 Planning Time: 0.390 ms
 Execution Time: 5.170 ms
(10 rows)

