SET
SET
SET
SET
SET
                                                                  QUERY PLAN                                                                  
----------------------------------------------------------------------------------------------------------------------------------------------
 Index Scan Backward using idx on public.t (actual rows=2048576.00 loops=1)
   Output: a, b
   Index Cond: ((t.a >= '-154464'::integer) AND (t.a <= '-26429'::integer))
   Index Searches: 1
   Prefetch: distance=269.417 count=168986 stalls=1 skipped=1912747 resets=0 ungets=33349 forwarded=60
             histogram [2,4) => 2, [4,8) => 5, [8,16) => 8, [16,32) => 9, [32,64) => 2, [64,128) => 4, [128,256) => 1385, [256,512) => 167571
   Buffers: shared hit=103501 read=37752
 Settings: enable_bitmapscan = 'off', enable_seqscan = 'off', max_parallel_workers_per_gather = '0'
 Planning:
   Buffers: shared hit=78 read=22
 Planning Time: 5.888 ms
 Execution Time: 1056.110 ms
(12 rows)

SET
SET
SET
SET
SET
                                             QUERY PLAN                                             
----------------------------------------------------------------------------------------------------
 Index Scan Backward using idx on public.t (actual rows=2048576.00 loops=1)
   Output: a, b
   Index Cond: ((t.a >= '-154464'::integer) AND (t.a <= '-26429'::integer))
   Index Searches: 1
   Buffers: shared hit=141253
 Settings: enable_bitmapscan = 'off', enable_seqscan = 'off', max_parallel_workers_per_gather = '0'
 Planning:
   Buffers: shared hit=105
 Planning Time: 0.385 ms
 Execution Time: 376.098 ms
(10 rows)

