SET
SET
SET
SET
SET
                                                                  QUERY PLAN                                                                  
----------------------------------------------------------------------------------------------------------------------------------------------
 Index Scan Backward using idx on public.t (actual rows=5048576.00 loops=1)
   Output: a, b
   Index Cond: ((t.a >= '-327380'::integer) AND (t.a <= '-11845'::integer))
   Index Searches: 1
   Prefetch: distance=269.442 count=416110 stalls=1 skipped=4714054 resets=0 ungets=81844 forwarded=151
             histogram [2,4) => 2, [4,8) => 3, [8,16) => 5, [16,32) => 9, [32,64) => 3, [64,128) => 4, [128,256) => 3253, [256,512) => 412831
   Buffers: shared hit=255242 read=92841
 Settings: enable_bitmapscan = 'off', enable_seqscan = 'off', max_parallel_workers_per_gather = '0'
 Planning:
   Buffers: shared hit=78 read=26
 Planning Time: 6.099 ms
 Execution Time: 2670.069 ms
(12 rows)

SET
SET
SET
SET
SET
                                             QUERY PLAN                                             
----------------------------------------------------------------------------------------------------
 Index Scan Backward using idx on public.t (actual rows=5048576.00 loops=1)
   Output: a, b
   Index Cond: ((t.a >= '-327380'::integer) AND (t.a <= '-11845'::integer))
   Index Searches: 1
   Buffers: shared hit=348083
 Settings: enable_bitmapscan = 'off', enable_seqscan = 'off', max_parallel_workers_per_gather = '0'
 Planning:
   Buffers: shared hit=109
 Planning Time: 0.474 ms
 Execution Time: 696.616 ms
(10 rows)

