SET
SET
SET
SET
SET
                                                                 QUERY PLAN                                                                  
---------------------------------------------------------------------------------------------------------------------------------------------
 Index Scan Backward using idx on public.t (actual rows=1048576.00 loops=1)
   Output: a, b
   Index Cond: ((t.a >= '-79723'::integer) AND (t.a <= '-14188'::integer))
   Index Searches: 1
   Prefetch: distance=269.374 count=86585 stalls=1 skipped=979048 resets=0 ungets=17121 forwarded=27
             histogram [2,4) => 2, [4,8) => 3, [8,16) => 7, [16,32) => 10, [32,64) => 2, [64,128) => 2, [128,256) => 744, [256,512) => 85815
   Buffers: shared hit=52935 read=19404
 Settings: enable_bitmapscan = 'off', enable_seqscan = 'off', max_parallel_workers_per_gather = '0'
 Planning:
   Buffers: shared hit=78 read=22
 Planning Time: 5.699 ms
 Execution Time: 568.911 ms
(12 rows)

SET
SET
SET
SET
SET
                                             QUERY PLAN                                             
----------------------------------------------------------------------------------------------------
 Index Scan Backward using idx on public.t (actual rows=1048576.00 loops=1)
   Output: a, b
   Index Cond: ((t.a >= '-79723'::integer) AND (t.a <= '-14188'::integer))
   Index Searches: 1
   Buffers: shared hit=72339
 Settings: enable_bitmapscan = 'off', enable_seqscan = 'off', max_parallel_workers_per_gather = '0'
 Planning:
   Buffers: shared hit=105
 Planning Time: 0.376 ms
 Execution Time: 205.074 ms
(10 rows)

