SET
SET
SET
SET
SET
                                                                  QUERY PLAN                                                                   
-----------------------------------------------------------------------------------------------------------------------------------------------
 Index Scan Backward using idx on public.t (actual rows=8048576.00 loops=1)
   Output: a, b
   Index Cond: ((t.a >= '-534844'::integer) AND (t.a <= '-31809'::integer))
   Index Searches: 1
   Prefetch: distance=269.447 count=663418 stalls=1 skipped=7515471 resets=0 ungets=130377 forwarded=245
             histogram [2,4) => 2, [4,8) => 3, [8,16) => 8, [16,32) => 10, [32,64) => 2, [64,128) => 2, [128,256) => 5268, [256,512) => 658123
   Buffers: shared hit=407138 read=147903
 Settings: enable_bitmapscan = 'off', enable_seqscan = 'off', max_parallel_workers_per_gather = '0'
 Planning:
   Buffers: shared hit=78 read=22
 Planning Time: 5.803 ms
 Execution Time: 4231.601 ms
(12 rows)

SET
SET
SET
SET
SET
                                             QUERY PLAN                                             
----------------------------------------------------------------------------------------------------
 Index Scan Backward using idx on public.t (actual rows=8048576.00 loops=1)
   Output: a, b
   Index Cond: ((t.a >= '-534844'::integer) AND (t.a <= '-31809'::integer))
   Index Searches: 1
   Buffers: shared hit=555042
 Settings: enable_bitmapscan = 'off', enable_seqscan = 'off', max_parallel_workers_per_gather = '0'
 Planning:
   Buffers: shared hit=105
 Planning Time: 0.520 ms
 Execution Time: 1431.183 ms
(10 rows)

