SET
SET
SET
SET
SET
                                                                  QUERY PLAN                                                                  
----------------------------------------------------------------------------------------------------------------------------------------------
 Index Scan Backward using idx on public.t (actual rows=3048576.00 loops=1)
   Output: a, b
   Index Cond: ((t.a >= '-215608'::integer) AND (t.a <= '-25073'::integer))
   Index Searches: 1
   Prefetch: distance=269.438 count=251380 stalls=1 skipped=2846579 resets=0 ungets=49575 forwarded=95
             histogram [2,4) => 2, [4,8) => 3, [8,16) => 5, [16,32) => 9, [32,64) => 2, [64,128) => 2, [128,256) => 1984, [256,512) => 249373
   Buffers: shared hit=154030 read=56124
 Settings: enable_bitmapscan = 'off', enable_seqscan = 'off', max_parallel_workers_per_gather = '0'
 Planning:
   Buffers: shared hit=78 read=22
 Planning Time: 5.520 ms
 Execution Time: 1602.151 ms
(12 rows)

SET
SET
SET
SET
SET
                                             QUERY PLAN                                             
----------------------------------------------------------------------------------------------------
 Index Scan Backward using idx on public.t (actual rows=3048576.00 loops=1)
   Output: a, b
   Index Cond: ((t.a >= '-215608'::integer) AND (t.a <= '-25073'::integer))
   Index Searches: 1
   Buffers: shared hit=210154
 Settings: enable_bitmapscan = 'off', enable_seqscan = 'off', max_parallel_workers_per_gather = '0'
 Planning:
   Buffers: shared hit=105
 Planning Time: 0.465 ms
 Execution Time: 669.258 ms
(10 rows)

