SET
SET
SET
SET
SET
                                             QUERY PLAN                                             
----------------------------------------------------------------------------------------------------
 Index Scan using idx on public.t (actual rows=512.00 loops=1)
   Output: a, b
   Index Cond: ((t.a >= 8742) AND (t.a <= 8773))
   Index Searches: 1
   Prefetch: distance=2.000 count=5 stalls=143 skipped=43 resets=0 ungets=0 forwarded=0
             histogram [2,4) => 5
   Buffers: shared hit=351 read=35
 Settings: enable_bitmapscan = 'off', enable_seqscan = 'off', max_parallel_workers_per_gather = '0'
 Planning:
   Buffers: shared hit=78 read=23
 Planning Time: 6.021 ms
 Execution Time: 2.835 ms
(12 rows)

SET
SET
SET
SET
SET
                                             QUERY PLAN                                             
----------------------------------------------------------------------------------------------------
 Index Scan using idx on public.t (actual rows=512.00 loops=1)
   Output: a, b
   Index Cond: ((t.a >= 8742) AND (t.a <= 8773))
   Index Searches: 1
   Buffers: shared hit=386
 Settings: enable_bitmapscan = 'off', enable_seqscan = 'off', max_parallel_workers_per_gather = '0'
 Planning:
   Buffers: shared hit=106
 Planning Time: 0.339 ms
 Execution Time: 0.225 ms
(10 rows)

