SET
SET
SET
SET
SET
                                                                QUERY PLAN                                                                 
-------------------------------------------------------------------------------------------------------------------------------------------
 Index Scan Backward using idx on public.t (actual rows=65536.00 loops=1)
   Output: a, b
   Index Cond: ((t.a >= '-22393'::integer) AND (t.a <= '-18298'::integer))
   Index Searches: 1
   Prefetch: distance=268.239 count=5481 stalls=1 skipped=60881 resets=0 ungets=1178 forwarded=3
             histogram [2,4) => 2, [4,8) => 5, [8,16) => 9, [16,32) => 10, [32,64) => 2, [64,128) => 2, [128,256) => 51, [256,512) => 5400
   Buffers: shared hit=3142 read=1369
 Settings: enable_bitmapscan = 'off', enable_seqscan = 'off', max_parallel_workers_per_gather = '0'
 Planning:
   Buffers: shared hit=78 read=22
 Planning Time: 5.646 ms
 Execution Time: 40.048 ms
(12 rows)

SET
SET
SET
SET
SET
                                             QUERY PLAN                                             
----------------------------------------------------------------------------------------------------
 Index Scan Backward using idx on public.t (actual rows=65536.00 loops=1)
   Output: a, b
   Index Cond: ((t.a >= '-22393'::integer) AND (t.a <= '-18298'::integer))
   Index Searches: 1
   Buffers: shared hit=4511
 Settings: enable_bitmapscan = 'off', enable_seqscan = 'off', max_parallel_workers_per_gather = '0'
 Planning:
   Buffers: shared hit=105
 Planning Time: 0.420 ms
 Execution Time: 13.391 ms
(10 rows)

