SET
SET
SET
SET
SET
                                                               QUERY PLAN                                                               
----------------------------------------------------------------------------------------------------------------------------------------
 Index Scan Backward using idx on public.t (actual rows=8192.00 loops=1)
   Output: a, b
   Index Cond: ((t.a >= '-23401'::integer) AND (t.a <= '-22890'::integer))
   Index Searches: 1
   Prefetch: distance=261.714 count=768 stalls=1 skipped=7303 resets=0 ungets=247 forwarded=0
             histogram [2,4) => 4, [4,8) => 3, [8,16) => 5, [16,32) => 9, [32,64) => 4, [64,128) => 5, [128,256) => 2, [256,512) => 736
   Buffers: shared hit=267 read=305
 Settings: enable_bitmapscan = 'off', enable_seqscan = 'off', max_parallel_workers_per_gather = '0'
 Planning:
   Buffers: shared hit=78 read=22
 Planning Time: 5.697 ms
 Execution Time: 10.075 ms
(12 rows)

SET
SET
SET
SET
SET
                                             QUERY PLAN                                             
----------------------------------------------------------------------------------------------------
 Index Scan Backward using idx on public.t (actual rows=8192.00 loops=1)
   Output: a, b
   Index Cond: ((t.a >= '-23401'::integer) AND (t.a <= '-22890'::integer))
   Index Searches: 1
   Buffers: shared hit=572
 Settings: enable_bitmapscan = 'off', enable_seqscan = 'off', max_parallel_workers_per_gather = '0'
 Planning:
   Buffers: shared hit=105
 Planning Time: 0.422 ms
 Execution Time: 2.199 ms
(10 rows)

