SET
SET
SET
SET
SET
                                                                 QUERY PLAN                                                                 
--------------------------------------------------------------------------------------------------------------------------------------------
 Index Scan Backward using idx on public.t (actual rows=524288.00 loops=1)
   Output: a, b
   Index Cond: ((t.a >= '-62776'::integer) AND (t.a <= '-30009'::integer))
   Index Searches: 1
   Prefetch: distance=269.295 count=43448 stalls=1 skipped=489347 resets=0 ungets=8619 forwarded=14
             histogram [2,4) => 2, [4,8) => 3, [8,16) => 5, [16,32) => 9, [32,64) => 2, [64,128) => 2, [128,256) => 392, [256,512) => 43033
   Buffers: shared hit=26489 read=9786
 Settings: enable_bitmapscan = 'off', enable_seqscan = 'off', max_parallel_workers_per_gather = '0'
 Planning:
   Buffers: shared hit=78 read=22
 Planning Time: 5.591 ms
 Execution Time: 286.044 ms
(12 rows)

SET
SET
SET
SET
SET
                                             QUERY PLAN                                             
----------------------------------------------------------------------------------------------------
 Index Scan Backward using idx on public.t (actual rows=524288.00 loops=1)
   Output: a, b
   Index Cond: ((t.a >= '-62776'::integer) AND (t.a <= '-30009'::integer))
   Index Searches: 1
   Buffers: shared hit=36275
 Settings: enable_bitmapscan = 'off', enable_seqscan = 'off', max_parallel_workers_per_gather = '0'
 Planning:
   Buffers: shared hit=105
 Planning Time: 0.371 ms
 Execution Time: 98.052 ms
(10 rows)

