SET
SET
SET
SET
SET
                                                                  QUERY PLAN                                                                  
----------------------------------------------------------------------------------------------------------------------------------------------
 Index Scan Backward using idx on public.t (actual rows=9048576.00 loops=1)
   Output: a, b
   Index Cond: ((t.a >= '-575047'::integer) AND (t.a <= '-9512'::integer))
   Index Searches: 1
   Prefetch: distance=269.449 count=745889 stalls=1 skipped=8449171 resets=0 ungets=146740 forwarded=270
             histogram [2,4) => 2, [4,8) => 3, [8,16) => 5, [16,32) => 9, [32,64) => 2, [64,128) => 2, [128,256) => 5947, [256,512) => 739919
   Buffers: shared hit=457624 read=166268
 Settings: enable_bitmapscan = 'off', enable_seqscan = 'off', max_parallel_workers_per_gather = '0'
 Planning:
   Buffers: shared hit=78 read=26
 Planning Time: 6.059 ms
 Execution Time: 4628.295 ms
(12 rows)

SET
SET
SET
SET
SET
                                             QUERY PLAN                                             
----------------------------------------------------------------------------------------------------
 Index Scan Backward using idx on public.t (actual rows=9048576.00 loops=1)
   Output: a, b
   Index Cond: ((t.a >= '-575047'::integer) AND (t.a <= '-9512'::integer))
   Index Searches: 1
   Buffers: shared hit=623894
 Settings: enable_bitmapscan = 'off', enable_seqscan = 'off', max_parallel_workers_per_gather = '0'
 Planning:
   Buffers: shared hit=109
 Planning Time: 0.453 ms
 Execution Time: 1274.856 ms
(10 rows)

