SET
SET
SET
SET
SET
                                                                  QUERY PLAN                                                                  
----------------------------------------------------------------------------------------------------------------------------------------------
 Index Scan Backward using idx on public.t (actual rows=4048576.00 loops=1)
   Output: a, b
   Index Cond: ((t.a >= '-265283'::integer) AND (t.a <= '-12248'::integer))
   Index Searches: 1
   Prefetch: distance=269.435 count=333705 stalls=1 skipped=3780527 resets=0 ungets=65688 forwarded=114
             histogram [2,4) => 2, [4,8) => 3, [8,16) => 5, [16,32) => 9, [32,64) => 2, [64,128) => 2, [128,256) => 2710, [256,512) => 330972
   Buffers: shared hit=204609 read=74478
 Settings: enable_bitmapscan = 'off', enable_seqscan = 'off', max_parallel_workers_per_gather = '0'
 Planning:
   Buffers: shared hit=78 read=26
 Planning Time: 5.935 ms
 Execution Time: 2136.068 ms
(12 rows)

SET
SET
SET
SET
SET
                                             QUERY PLAN                                             
----------------------------------------------------------------------------------------------------
 Index Scan Backward using idx on public.t (actual rows=4048576.00 loops=1)
   Output: a, b
   Index Cond: ((t.a >= '-265283'::integer) AND (t.a <= '-12248'::integer))
   Index Searches: 1
   Buffers: shared hit=279087
 Settings: enable_bitmapscan = 'off', enable_seqscan = 'off', max_parallel_workers_per_gather = '0'
 Planning:
   Buffers: shared hit=109
 Planning Time: 0.499 ms
 Execution Time: 753.453 ms
(10 rows)

