SET
SET
SET
SET
SET
                                                                  QUERY PLAN                                                                  
----------------------------------------------------------------------------------------------------------------------------------------------
 Index Scan Backward using idx on public.t (actual rows=6048576.00 loops=1)
   Output: a, b
   Index Cond: ((t.a >= '-388254'::integer) AND (t.a <= '-10219'::integer))
   Index Searches: 1
   Prefetch: distance=269.445 count=498566 stalls=1 skipped=5647732 resets=0 ungets=98042 forwarded=192
             histogram [2,4) => 2, [4,8) => 6, [8,16) => 8, [16,32) => 7, [32,64) => 2, [64,128) => 2, [128,256) => 3950, [256,512) => 494589
   Buffers: shared hit=305887 read=111190
 Settings: enable_bitmapscan = 'off', enable_seqscan = 'off', max_parallel_workers_per_gather = '0'
 Planning:
   Buffers: shared hit=78 read=26
 Planning Time: 5.969 ms
 Execution Time: 3191.308 ms
(12 rows)

SET
SET
SET
SET
SET
                                             QUERY PLAN                                             
----------------------------------------------------------------------------------------------------
 Index Scan Backward using idx on public.t (actual rows=6048576.00 loops=1)
   Output: a, b
   Index Cond: ((t.a >= '-388254'::integer) AND (t.a <= '-10219'::integer))
   Index Searches: 1
   Buffers: shared hit=417077
 Settings: enable_bitmapscan = 'off', enable_seqscan = 'off', max_parallel_workers_per_gather = '0'
 Planning:
   Buffers: shared hit=109
 Planning Time: 0.491 ms
 Execution Time: 1141.502 ms
(10 rows)

