SET
SET
SET
SET
SET
                                                                  QUERY PLAN                                                                  
----------------------------------------------------------------------------------------------------------------------------------------------
 Index Scan Backward using idx on public.t (actual rows=8048576.00 loops=1)
   Output: a, b
   Index Cond: ((t.a >= '-515483'::integer) AND (t.a <= '-12448'::integer))
   Index Searches: 1
   Prefetch: distance=269.446 count=663314 stalls=1 skipped=7515382 resets=0 ungets=130408 forwarded=240
             histogram [2,4) => 2, [4,8) => 7, [8,16) => 6, [16,32) => 8, [32,64) => 2, [64,128) => 2, [128,256) => 5265, [256,512) => 658022
   Buffers: shared hit=407014 read=147904
 Settings: enable_bitmapscan = 'off', enable_seqscan = 'off', max_parallel_workers_per_gather = '0'
 Planning:
   Buffers: shared hit=78 read=26
 Planning Time: 6.311 ms
 Execution Time: 4213.886 ms
(12 rows)

SET
SET
SET
SET
SET
                                             QUERY PLAN                                             
----------------------------------------------------------------------------------------------------
 Index Scan Backward using idx on public.t (actual rows=8048576.00 loops=1)
   Output: a, b
   Index Cond: ((t.a >= '-515483'::integer) AND (t.a <= '-12448'::integer))
   Index Searches: 1
   Buffers: shared hit=554920
 Settings: enable_bitmapscan = 'off', enable_seqscan = 'off', max_parallel_workers_per_gather = '0'
 Planning:
   Buffers: shared hit=109
 Planning Time: 0.537 ms
 Execution Time: 1447.511 ms
(10 rows)

