SET
SET
SET
SET
SET
                                                                QUERY PLAN                                                                
------------------------------------------------------------------------------------------------------------------------------------------
 Index Scan Backward using idx on public.t (actual rows=65536.00 loops=1)
   Output: a, b
   Index Cond: ((t.a >= '-10978'::integer) AND (t.a <= '-6883'::integer))
   Index Searches: 1
   Prefetch: distance=268.304 count=5488 stalls=1 skipped=60891 resets=0 ungets=1179 forwarded=2
             histogram [2,4) => 2, [4,8) => 6, [8,16) => 7, [16,32) => 9, [32,64) => 3, [64,128) => 2, [128,256) => 40, [256,512) => 5419
   Buffers: shared hit=3162 read=1354
 Settings: enable_bitmapscan = 'off', enable_seqscan = 'off', max_parallel_workers_per_gather = '0'
 Planning:
   Buffers: shared hit=82 read=26
 Planning Time: 5.701 ms
 Execution Time: 39.697 ms
(12 rows)

SET
SET
SET
SET
SET
                                             QUERY PLAN                                             
----------------------------------------------------------------------------------------------------
 Index Scan Backward using idx on public.t (actual rows=65536.00 loops=1)
   Output: a, b
   Index Cond: ((t.a >= '-10978'::integer) AND (t.a <= '-6883'::integer))
   Index Searches: 1
   Buffers: shared hit=4516
 Settings: enable_bitmapscan = 'off', enable_seqscan = 'off', max_parallel_workers_per_gather = '0'
 Planning:
   Buffers: shared hit=113
 Planning Time: 0.380 ms
 Execution Time: 8.821 ms
(10 rows)

