SET
SET
SET
SET
SET
                                                                  QUERY PLAN                                                                  
----------------------------------------------------------------------------------------------------------------------------------------------
 Index Scan Backward using idx on public.t (actual rows=6048576.00 loops=1)
   Output: a, b
   Index Cond: ((t.a >= '-386460'::integer) AND (t.a <= '-8425'::integer))
   Index Searches: 1
   Prefetch: distance=269.443 count=498436 stalls=1 skipped=5647922 resets=0 ungets=97942 forwarded=190
             histogram [2,4) => 2, [4,8) => 3, [8,16) => 5, [16,32) => 9, [32,64) => 2, [64,128) => 2, [128,256) => 3949, [256,512) => 494464
   Buffers: shared hit=305855 read=111181
 Settings: enable_bitmapscan = 'off', enable_seqscan = 'off', max_parallel_workers_per_gather = '0'
 Planning:
   Buffers: shared hit=78 read=26
 Planning Time: 5.969 ms
 Execution Time: 3246.144 ms
(12 rows)

SET
SET
SET
SET
SET
                                             QUERY PLAN                                             
----------------------------------------------------------------------------------------------------
 Index Scan Backward using idx on public.t (actual rows=6048576.00 loops=1)
   Output: a, b
   Index Cond: ((t.a >= '-386460'::integer) AND (t.a <= '-8425'::integer))
   Index Searches: 1
   Buffers: shared hit=417036
 Settings: enable_bitmapscan = 'off', enable_seqscan = 'off', max_parallel_workers_per_gather = '0'
 Planning:
   Buffers: shared hit=109
 Planning Time: 0.449 ms
 Execution Time: 830.833 ms
(10 rows)

