SET
SET
SET
SET
SET
                                                                  QUERY PLAN                                                                   
-----------------------------------------------------------------------------------------------------------------------------------------------
 Index Scan Backward using idx on public.t (actual rows=8048576.00 loops=1)
   Output: a, b
   Index Cond: ((t.a >= '-520688'::integer) AND (t.a <= '-17653'::integer))
   Index Searches: 1
   Prefetch: distance=269.445 count=663349 stalls=1 skipped=7515482 resets=0 ungets=130383 forwarded=242
             histogram [2,4) => 2, [4,8) => 3, [8,16) => 5, [16,32) => 12, [32,64) => 2, [64,128) => 2, [128,256) => 5303, [256,512) => 658020
   Buffers: shared hit=407064 read=147906
 Settings: enable_bitmapscan = 'off', enable_seqscan = 'off', max_parallel_workers_per_gather = '0'
 Planning:
   Buffers: shared hit=78 read=22
 Planning Time: 5.692 ms
 Execution Time: 4256.826 ms
(12 rows)

SET
SET
SET
SET
SET
                                             QUERY PLAN                                             
----------------------------------------------------------------------------------------------------
 Index Scan Backward using idx on public.t (actual rows=8048576.00 loops=1)
   Output: a, b
   Index Cond: ((t.a >= '-520688'::integer) AND (t.a <= '-17653'::integer))
   Index Searches: 1
   Buffers: shared hit=554971
 Settings: enable_bitmapscan = 'off', enable_seqscan = 'off', max_parallel_workers_per_gather = '0'
 Planning:
   Buffers: shared hit=105
 Planning Time: 0.409 ms
 Execution Time: 1497.414 ms
(10 rows)

