SET
SET
SET
SET
SET
                                                                  QUERY PLAN                                                                   
-----------------------------------------------------------------------------------------------------------------------------------------------
 Index Scan Backward using idx on public.t (actual rows=2048576.00 loops=1)
   Output: a, b
   Index Cond: ((t.a >= '-130895'::integer) AND (t.a <= '-2860'::integer))
   Index Searches: 1
   Prefetch: distance=269.420 count=168996 stalls=1 skipped=1912847 resets=0 ungets=33347 forwarded=52
             histogram [2,4) => 2, [4,8) => 3, [8,16) => 13, [16,32) => 6, [32,64) => 2, [64,128) => 2, [128,256) => 1408, [256,512) => 167560
   Buffers: shared hit=103496 read=37762
 Settings: enable_bitmapscan = 'off', enable_seqscan = 'off', max_parallel_workers_per_gather = '0'
 Planning:
   Buffers: shared hit=78 read=26
 Planning Time: 5.974 ms
 Execution Time: 1059.650 ms
(12 rows)

SET
SET
SET
SET
SET
                                             QUERY PLAN                                             
----------------------------------------------------------------------------------------------------
 Index Scan Backward using idx on public.t (actual rows=2048576.00 loops=1)
   Output: a, b
   Index Cond: ((t.a >= '-130895'::integer) AND (t.a <= '-2860'::integer))
   Index Searches: 1
   Buffers: shared hit=141259
 Settings: enable_bitmapscan = 'off', enable_seqscan = 'off', max_parallel_workers_per_gather = '0'
 Planning:
   Buffers: shared hit=109
 Planning Time: 0.509 ms
 Execution Time: 459.419 ms
(10 rows)

