SET
SET
SET
SET
SET
                                                                  QUERY PLAN                                                                  
----------------------------------------------------------------------------------------------------------------------------------------------
 Index Scan Backward using idx on public.t (actual rows=7048576.00 loops=1)
   Output: a, b
   Index Cond: ((t.a >= '-446901'::integer) AND (t.a <= '-6366'::integer))
   Index Searches: 1
   Prefetch: distance=269.447 count=581025 stalls=1 skipped=6581626 resets=0 ungets=114315 forwarded=211
             histogram [2,4) => 2, [4,8) => 5, [8,16) => 8, [16,32) => 9, [32,64) => 2, [64,128) => 3, [128,256) => 4612, [256,512) => 576384
   Buffers: shared hit=356429 read=129560
 Settings: enable_bitmapscan = 'off', enable_seqscan = 'off', max_parallel_workers_per_gather = '0'
 Planning:
   Buffers: shared hit=78 read=26
 Planning Time: 5.788 ms
 Execution Time: 3648.018 ms
(12 rows)

SET
SET
SET
SET
SET
                                             QUERY PLAN                                             
----------------------------------------------------------------------------------------------------
 Index Scan Backward using idx on public.t (actual rows=7048576.00 loops=1)
   Output: a, b
   Index Cond: ((t.a >= '-446901'::integer) AND (t.a <= '-6366'::integer))
   Index Searches: 1
   Buffers: shared hit=485991
 Settings: enable_bitmapscan = 'off', enable_seqscan = 'off', max_parallel_workers_per_gather = '0'
 Planning:
   Buffers: shared hit=109
 Planning Time: 0.553 ms
 Execution Time: 1282.597 ms
(10 rows)

