SET
SET
SET
SET
SET
                                                                  QUERY PLAN                                                                  
----------------------------------------------------------------------------------------------------------------------------------------------
 Index Scan Backward using idx on public.t (actual rows=1048576.00 loops=1)
   Output: a, b
   Index Cond: ((t.a >= '-93988'::integer) AND (t.a <= '-28453'::integer))
   Index Searches: 1
   Prefetch: distance=269.345 count=86562 stalls=1 skipped=978820 resets=0 ungets=17094 forwarded=26
             histogram [2,4) => 2, [4,8) => 3, [8,16) => 11, [16,32) => 10, [32,64) => 2, [64,128) => 2, [128,256) => 753, [256,512) => 85779
   Buffers: shared hit=52952 read=19407
 Settings: enable_bitmapscan = 'off', enable_seqscan = 'off', max_parallel_workers_per_gather = '0'
 Planning:
   Buffers: shared hit=78 read=22
 Planning Time: 5.984 ms
 Execution Time: 569.356 ms
(12 rows)

SET
SET
SET
SET
SET
                                             QUERY PLAN                                             
----------------------------------------------------------------------------------------------------
 Index Scan Backward using idx on public.t (actual rows=1048576.00 loops=1)
   Output: a, b
   Index Cond: ((t.a >= '-93988'::integer) AND (t.a <= '-28453'::integer))
   Index Searches: 1
   Buffers: shared hit=72359
 Settings: enable_bitmapscan = 'off', enable_seqscan = 'off', max_parallel_workers_per_gather = '0'
 Planning:
   Buffers: shared hit=105
 Planning Time: 0.381 ms
 Execution Time: 204.041 ms
(10 rows)

