SET
SET
SET
SET
SET
                                                                 QUERY PLAN                                                                  
---------------------------------------------------------------------------------------------------------------------------------------------
 Index Scan Backward using idx on public.t (actual rows=1048576.00 loops=1)
   Output: a, b
   Index Cond: ((t.a >= '-77271'::integer) AND (t.a <= '-11736'::integer))
   Index Searches: 1
   Prefetch: distance=269.379 count=86556 stalls=1 skipped=978785 resets=0 ungets=17133 forwarded=27
             histogram [2,4) => 2, [4,8) => 3, [8,16) => 10, [16,32) => 7, [32,64) => 2, [64,128) => 3, [128,256) => 735, [256,512) => 85794
   Buffers: shared hit=52902 read=19417
 Settings: enable_bitmapscan = 'off', enable_seqscan = 'off', max_parallel_workers_per_gather = '0'
 Planning:
   Buffers: shared hit=78 read=26
 Planning Time: 5.580 ms
 Execution Time: 556.111 ms
(12 rows)

SET
SET
SET
SET
SET
                                             QUERY PLAN                                             
----------------------------------------------------------------------------------------------------
 Index Scan Backward using idx on public.t (actual rows=1048576.00 loops=1)
   Output: a, b
   Index Cond: ((t.a >= '-77271'::integer) AND (t.a <= '-11736'::integer))
   Index Searches: 1
   Buffers: shared hit=72319
 Settings: enable_bitmapscan = 'off', enable_seqscan = 'off', max_parallel_workers_per_gather = '0'
 Planning:
   Buffers: shared hit=109
 Planning Time: 0.526 ms
 Execution Time: 228.649 ms
(10 rows)

