SET
SET
SET
SET
SET
                                                                QUERY PLAN                                                                
------------------------------------------------------------------------------------------------------------------------------------------
 Index Scan Backward using idx on public.t (actual rows=16384.00 loops=1)
   Output: a, b
   Index Cond: ((t.a >= '-3450'::integer) AND (t.a <= '-2427'::integer))
   Index Searches: 1
   Prefetch: distance=265.517 count=1458 stalls=1 skipped=15010 resets=0 ungets=388 forwarded=1
             histogram [2,4) => 4, [4,8) => 4, [8,16) => 6, [16,32) => 10, [32,64) => 2, [64,128) => 2, [128,256) => 5, [256,512) => 1425
   Buffers: shared hit=680 read=459
 Settings: enable_bitmapscan = 'off', enable_seqscan = 'off', max_parallel_workers_per_gather = '0'
 Planning:
   Buffers: shared hit=82 read=26
 Planning Time: 6.174 ms
 Execution Time: 14.109 ms
(12 rows)

SET
SET
SET
SET
SET
                                             QUERY PLAN                                             
----------------------------------------------------------------------------------------------------
 Index Scan Backward using idx on public.t (actual rows=16384.00 loops=1)
   Output: a, b
   Index Cond: ((t.a >= '-3450'::integer) AND (t.a <= '-2427'::integer))
   Index Searches: 1
   Buffers: shared hit=1139
 Settings: enable_bitmapscan = 'off', enable_seqscan = 'off', max_parallel_workers_per_gather = '0'
 Planning:
   Buffers: shared hit=113
 Planning Time: 0.475 ms
 Execution Time: 3.763 ms
(10 rows)

