SET
SET
SET
SET
SET
                                                               QUERY PLAN                                                               
----------------------------------------------------------------------------------------------------------------------------------------
 Index Scan Backward using idx on public.t (actual rows=8192.00 loops=1)
   Output: a, b
   Index Cond: ((t.a >= '-8292'::integer) AND (t.a <= '-7781'::integer))
   Index Searches: 1
   Prefetch: distance=262.949 count=788 stalls=1 skipped=7465 resets=0 ungets=253 forwarded=0
             histogram [2,4) => 2, [4,8) => 3, [8,16) => 5, [16,32) => 9, [32,64) => 2, [64,128) => 4, [128,256) => 4, [256,512) => 759
   Buffers: shared hit=274 read=301
 Settings: enable_bitmapscan = 'off', enable_seqscan = 'off', max_parallel_workers_per_gather = '0'
 Planning:
   Buffers: shared hit=82 read=26
 Planning Time: 5.841 ms
 Execution Time: 8.306 ms
(12 rows)

SET
SET
SET
SET
SET
                                             QUERY PLAN                                             
----------------------------------------------------------------------------------------------------
 Index Scan Backward using idx on public.t (actual rows=8192.00 loops=1)
   Output: a, b
   Index Cond: ((t.a >= '-8292'::integer) AND (t.a <= '-7781'::integer))
   Index Searches: 1
   Buffers: shared hit=575
 Settings: enable_bitmapscan = 'off', enable_seqscan = 'off', max_parallel_workers_per_gather = '0'
 Planning:
   Buffers: shared hit=113
 Planning Time: 0.377 ms
 Execution Time: 1.393 ms
(10 rows)

