SET
SET
SET
SET
SET
                                                                  QUERY PLAN                                                                   
-----------------------------------------------------------------------------------------------------------------------------------------------
 Index Scan Backward using idx on public.t (actual rows=3048576.00 loops=1)
   Output: a, b
   Index Cond: ((t.a >= '-198546'::integer) AND (t.a <= '-8011'::integer))
   Index Searches: 1
   Prefetch: distance=269.424 count=251297 stalls=1 skipped=2846592 resets=0 ungets=49537 forwarded=90
             histogram [2,4) => 2, [4,8) => 3, [8,16) => 8, [16,32) => 10, [32,64) => 2, [64,128) => 2, [128,256) => 2084, [256,512) => 249186
   Buffers: shared hit=153976 read=56133
 Settings: enable_bitmapscan = 'off', enable_seqscan = 'off', max_parallel_workers_per_gather = '0'
 Planning:
   Buffers: shared hit=78 read=26
 Planning Time: 5.892 ms
 Execution Time: 1615.644 ms
(12 rows)

SET
SET
SET
SET
SET
                                             QUERY PLAN                                             
----------------------------------------------------------------------------------------------------
 Index Scan Backward using idx on public.t (actual rows=3048576.00 loops=1)
   Output: a, b
   Index Cond: ((t.a >= '-198546'::integer) AND (t.a <= '-8011'::integer))
   Index Searches: 1
   Buffers: shared hit=210109
 Settings: enable_bitmapscan = 'off', enable_seqscan = 'off', max_parallel_workers_per_gather = '0'
 Planning:
   Buffers: shared hit=109
 Planning Time: 0.571 ms
 Execution Time: 457.649 ms
(10 rows)

