SET
SET
SET
SET
SET
                                                                  QUERY PLAN                                                                  
----------------------------------------------------------------------------------------------------------------------------------------------
 Index Scan Backward using idx on public.t (actual rows=8048576.00 loops=1)
   Output: a, b
   Index Cond: ((t.a >= '-524524'::integer) AND (t.a <= '-21489'::integer))
   Index Searches: 1
   Prefetch: distance=269.441 count=663237 stalls=1 skipped=7515533 resets=0 ungets=130210 forwarded=240
             histogram [2,4) => 2, [4,8) => 3, [8,16) => 5, [16,32) => 9, [32,64) => 3, [64,128) => 3, [128,256) => 5309, [256,512) => 657903
   Buffers: shared hit=407112 read=147910
 Settings: enable_bitmapscan = 'off', enable_seqscan = 'off', max_parallel_workers_per_gather = '0'
 Planning:
   Buffers: shared hit=78 read=22
 Planning Time: 5.597 ms
 Execution Time: 4399.509 ms
(12 rows)

SET
SET
SET
SET
SET
                                             QUERY PLAN                                             
----------------------------------------------------------------------------------------------------
 Index Scan Backward using idx on public.t (actual rows=8048576.00 loops=1)
   Output: a, b
   Index Cond: ((t.a >= '-524524'::integer) AND (t.a <= '-21489'::integer))
   Index Searches: 1
   Buffers: shared hit=555025
 Settings: enable_bitmapscan = 'off', enable_seqscan = 'off', max_parallel_workers_per_gather = '0'
 Planning:
   Buffers: shared hit=105
 Planning Time: 0.436 ms
 Execution Time: 1218.615 ms
(10 rows)

