SET
SET
SET
SET
SET
                                                                  QUERY PLAN                                                                  
----------------------------------------------------------------------------------------------------------------------------------------------
 Index Scan Backward using idx on public.t (actual rows=9048576.00 loops=1)
   Output: a, b
   Index Cond: ((t.a >= '-583025'::integer) AND (t.a <= '-17490'::integer))
   Index Searches: 1
   Prefetch: distance=269.442 count=745711 stalls=1 skipped=8449221 resets=0 ungets=146516 forwarded=274
             histogram [2,4) => 2, [4,8) => 7, [8,16) => 6, [16,32) => 8, [32,64) => 2, [64,128) => 2, [128,256) => 6007, [256,512) => 739677
   Buffers: shared hit=457665 read=166267
 Settings: enable_bitmapscan = 'off', enable_seqscan = 'off', max_parallel_workers_per_gather = '0'
 Planning:
   Buffers: shared hit=78 read=22
 Planning Time: 5.496 ms
 Execution Time: 4745.828 ms
(12 rows)

SET
SET
SET
SET
SET
                                             QUERY PLAN                                             
----------------------------------------------------------------------------------------------------
 Index Scan Backward using idx on public.t (actual rows=9048576.00 loops=1)
   Output: a, b
   Index Cond: ((t.a >= '-583025'::integer) AND (t.a <= '-17490'::integer))
   Index Searches: 1
   Buffers: shared hit=623934
 Settings: enable_bitmapscan = 'off', enable_seqscan = 'off', max_parallel_workers_per_gather = '0'
 Planning:
   Buffers: shared hit=105
 Planning Time: 0.395 ms
 Execution Time: 1313.239 ms
(10 rows)

