SET
SET
SET
SET
SET
                                                                  QUERY PLAN                                                                  
----------------------------------------------------------------------------------------------------------------------------------------------
 Index Scan Backward using idx on public.t (actual rows=6048576.00 loops=1)
   Output: a, b
   Index Cond: ((t.a >= '-393949'::integer) AND (t.a <= '-15914'::integer))
   Index Searches: 1
   Prefetch: distance=269.449 count=498626 stalls=1 skipped=5647728 resets=0 ungets=98082 forwarded=195
             histogram [2,4) => 2, [4,8) => 3, [8,16) => 5, [16,32) => 9, [32,64) => 2, [64,128) => 2, [128,256) => 3905, [256,512) => 494698
   Buffers: shared hit=305899 read=111195
 Settings: enable_bitmapscan = 'off', enable_seqscan = 'off', max_parallel_workers_per_gather = '0'
 Planning:
   Buffers: shared hit=78 read=22
 Planning Time: 5.560 ms
 Execution Time: 3162.593 ms
(12 rows)

SET
SET
SET
SET
SET
                                             QUERY PLAN                                             
----------------------------------------------------------------------------------------------------
 Index Scan Backward using idx on public.t (actual rows=6048576.00 loops=1)
   Output: a, b
   Index Cond: ((t.a >= '-393949'::integer) AND (t.a <= '-15914'::integer))
   Index Searches: 1
   Buffers: shared hit=417095
 Settings: enable_bitmapscan = 'off', enable_seqscan = 'off', max_parallel_workers_per_gather = '0'
 Planning:
   Buffers: shared hit=105
 Planning Time: 0.373 ms
 Execution Time: 1126.730 ms
(10 rows)

