SET
SET
SET
SET
SET
                                                               QUERY PLAN                                                                
-----------------------------------------------------------------------------------------------------------------------------------------
 Index Scan Backward using idx on public.t (actual rows=2048.00 loops=1)
   Output: a, b
   Index Cond: ((t.a >= '-387'::integer) AND (t.a <= '-260'::integer))
   Index Searches: 1
   Prefetch: distance=227.377 count=175 stalls=1 skipped=1604 resets=0 ungets=67 forwarded=0
             histogram [2,4) => 4, [4,8) => 4, [8,16) => 10, [16,32) => 8, [32,64) => 2, [64,128) => 3, [128,256) => 3, [256,512) => 141
   Buffers: shared hit=31 read=109
 Settings: enable_bitmapscan = 'off', enable_seqscan = 'off', max_parallel_workers_per_gather = '0'
 Planning:
   Buffers: shared hit=82 read=26
 Planning Time: 6.123 ms
 Execution Time: 5.578 ms
(12 rows)

SET
SET
SET
SET
SET
                                             QUERY PLAN                                             
----------------------------------------------------------------------------------------------------
 Index Scan Backward using idx on public.t (actual rows=2048.00 loops=1)
   Output: a, b
   Index Cond: ((t.a >= '-387'::integer) AND (t.a <= '-260'::integer))
   Index Searches: 1
   Buffers: shared hit=140
 Settings: enable_bitmapscan = 'off', enable_seqscan = 'off', max_parallel_workers_per_gather = '0'
 Planning:
   Buffers: shared hit=113
 Planning Time: 0.422 ms
 Execution Time: 0.493 ms
(10 rows)

