SET
SET
SET
SET
SET
                                                                  QUERY PLAN                                                                   
-----------------------------------------------------------------------------------------------------------------------------------------------
 Index Scan Backward using idx on public.t (actual rows=7048576.00 loops=1)
   Output: a, b
   Index Cond: ((t.a >= '-454534'::integer) AND (t.a <= '-13999'::integer))
   Index Searches: 1
   Prefetch: distance=269.450 count=581152 stalls=1 skipped=6581719 resets=0 ungets=114423 forwarded=211
             histogram [2,4) => 4, [4,8) => 3, [8,16) => 12, [16,32) => 5, [32,64) => 2, [64,128) => 2, [128,256) => 4606, [256,512) => 576518
   Buffers: shared hit=356458 read=129543
 Settings: enable_bitmapscan = 'off', enable_seqscan = 'off', max_parallel_workers_per_gather = '0'
 Planning:
   Buffers: shared hit=78 read=22
 Planning Time: 5.669 ms
 Execution Time: 3597.264 ms
(12 rows)

SET
SET
SET
SET
SET
                                             QUERY PLAN                                             
----------------------------------------------------------------------------------------------------
 Index Scan Backward using idx on public.t (actual rows=7048576.00 loops=1)
   Output: a, b
   Index Cond: ((t.a >= '-454534'::integer) AND (t.a <= '-13999'::integer))
   Index Searches: 1
   Buffers: shared hit=486003
 Settings: enable_bitmapscan = 'off', enable_seqscan = 'off', max_parallel_workers_per_gather = '0'
 Planning:
   Buffers: shared hit=105
 Planning Time: 0.402 ms
 Execution Time: 1032.456 ms
(10 rows)

