SET
SET
SET
SET
SET
                                                                 QUERY PLAN                                                                 
--------------------------------------------------------------------------------------------------------------------------------------------
 Index Scan Backward using idx on public.t (actual rows=524288.00 loops=1)
   Output: a, b
   Index Cond: ((t.a >= '-42271'::integer) AND (t.a <= '-9504'::integer))
   Index Searches: 1
   Prefetch: distance=269.284 count=43227 stalls=1 skipped=489346 resets=0 ungets=8621 forwarded=9
             histogram [2,4) => 2, [4,8) => 6, [8,16) => 7, [16,32) => 9, [32,64) => 2, [64,128) => 2, [128,256) => 395, [256,512) => 42804
   Buffers: shared hit=26270 read=9796
 Settings: enable_bitmapscan = 'off', enable_seqscan = 'off', max_parallel_workers_per_gather = '0'
 Planning:
   Buffers: shared hit=78 read=26
 Planning Time: 6.026 ms
 Execution Time: 283.792 ms
(12 rows)

SET
SET
SET
SET
SET
                                             QUERY PLAN                                             
----------------------------------------------------------------------------------------------------
 Index Scan Backward using idx on public.t (actual rows=524288.00 loops=1)
   Output: a, b
   Index Cond: ((t.a >= '-42271'::integer) AND (t.a <= '-9504'::integer))
   Index Searches: 1
   Buffers: shared hit=36066
 Settings: enable_bitmapscan = 'off', enable_seqscan = 'off', max_parallel_workers_per_gather = '0'
 Planning:
   Buffers: shared hit=109
 Planning Time: 0.420 ms
 Execution Time: 98.594 ms
(10 rows)

