SET
SET
SET
SET
SET
                                                                  QUERY PLAN                                                                   
-----------------------------------------------------------------------------------------------------------------------------------------------
 Index Scan Backward using idx on public.t (actual rows=8048576.00 loops=1)
   Output: a, b
   Index Cond: ((t.a >= '-517214'::integer) AND (t.a <= '-14179'::integer))
   Index Searches: 1
   Prefetch: distance=269.447 count=663331 stalls=1 skipped=7515470 resets=0 ungets=130401 forwarded=239
             histogram [2,4) => 2, [4,8) => 3, [8,16) => 10, [16,32) => 7, [32,64) => 3, [64,128) => 2, [128,256) => 5289, [256,512) => 658015
   Buffers: shared hit=407031 read=147906
 Settings: enable_bitmapscan = 'off', enable_seqscan = 'off', max_parallel_workers_per_gather = '0'
 Planning:
   Buffers: shared hit=78 read=22
 Planning Time: 5.690 ms
 Execution Time: 4234.410 ms
(12 rows)

SET
SET
SET
SET
SET
                                             QUERY PLAN                                             
----------------------------------------------------------------------------------------------------
 Index Scan Backward using idx on public.t (actual rows=8048576.00 loops=1)
   Output: a, b
   Index Cond: ((t.a >= '-517214'::integer) AND (t.a <= '-14179'::integer))
   Index Searches: 1
   Buffers: shared hit=554938
 Settings: enable_bitmapscan = 'off', enable_seqscan = 'off', max_parallel_workers_per_gather = '0'
 Planning:
   Buffers: shared hit=105
 Planning Time: 0.539 ms
 Execution Time: 1793.003 ms
(10 rows)

