SET
SET
SET
SET
SET
                                                                  QUERY PLAN                                                                   
-----------------------------------------------------------------------------------------------------------------------------------------------
 Index Scan Backward using idx on public.t (actual rows=3048576.00 loops=1)
   Output: a, b
   Index Cond: ((t.a >= '-191171'::integer) AND (t.a <= '-636'::integer))
   Index Searches: 1
   Prefetch: distance=269.426 count=251332 stalls=1 skipped=2846709 resets=0 ungets=49545 forwarded=84
             histogram [2,4) => 2, [4,8) => 3, [8,16) => 12, [16,32) => 6, [32,64) => 2, [64,128) => 2, [128,256) => 2081, [256,512) => 249224
   Buffers: shared hit=154004 read=56122
 Settings: enable_bitmapscan = 'off', enable_seqscan = 'off', max_parallel_workers_per_gather = '0'
 Planning:
   Buffers: shared hit=78 read=26
 Planning Time: 5.736 ms
 Execution Time: 1603.180 ms
(12 rows)

SET
SET
SET
SET
SET
                                             QUERY PLAN                                             
----------------------------------------------------------------------------------------------------
 Index Scan Backward using idx on public.t (actual rows=3048576.00 loops=1)
   Output: a, b
   Index Cond: ((t.a >= '-191171'::integer) AND (t.a <= '-636'::integer))
   Index Searches: 1
   Buffers: shared hit=210128
 Settings: enable_bitmapscan = 'off', enable_seqscan = 'off', max_parallel_workers_per_gather = '0'
 Planning:
   Buffers: shared hit=109
 Planning Time: 0.455 ms
 Execution Time: 470.702 ms
(10 rows)

