SET
SET
SET
SET
SET
                                                                  QUERY PLAN                                                                  
----------------------------------------------------------------------------------------------------------------------------------------------
 Index Scan Backward using idx on public.t (actual rows=4048576.00 loops=1)
   Output: a, b
   Index Cond: ((t.a >= '-268241'::integer) AND (t.a <= '-15206'::integer))
   Index Searches: 1
   Prefetch: distance=269.441 count=333787 stalls=1 skipped=3780439 resets=0 ungets=65794 forwarded=116
             histogram [2,4) => 2, [4,8) => 3, [8,16) => 5, [16,32) => 9, [32,64) => 2, [64,128) => 2, [128,256) => 2669, [256,512) => 331095
   Buffers: shared hit=204581 read=74489
 Settings: enable_bitmapscan = 'off', enable_seqscan = 'off', max_parallel_workers_per_gather = '0'
 Planning:
   Buffers: shared hit=78 read=22
 Planning Time: 5.383 ms
 Execution Time: 2069.238 ms
(12 rows)

SET
SET
SET
SET
SET
                                             QUERY PLAN                                             
----------------------------------------------------------------------------------------------------
 Index Scan Backward using idx on public.t (actual rows=4048576.00 loops=1)
   Output: a, b
   Index Cond: ((t.a >= '-268241'::integer) AND (t.a <= '-15206'::integer))
   Index Searches: 1
   Buffers: shared hit=279070
 Settings: enable_bitmapscan = 'off', enable_seqscan = 'off', max_parallel_workers_per_gather = '0'
 Planning:
   Buffers: shared hit=105
 Planning Time: 0.499 ms
 Execution Time: 876.905 ms
(10 rows)

