SET
SET
SET
SET
SET
                                                                 QUERY PLAN                                                                  
---------------------------------------------------------------------------------------------------------------------------------------------
 Index Scan using idx on public.t (actual rows=524288.00 loops=1)
   Output: a, b
   Index Cond: ((t.a >= '-36982'::integer) AND (t.a <= '-4215'::integer))
   Index Searches: 1
   Prefetch: distance=269.373 count=43138 stalls=1 skipped=489346 resets=0 ungets=8484 forwarded=182
             histogram [2,4) => 2, [4,8) => 5, [8,16) => 10, [16,32) => 5, [32,64) => 2, [64,128) => 2, [128,256) => 310, [256,512) => 42802
   Buffers: shared hit=26332 read=9776
 Settings: enable_bitmapscan = 'off', enable_seqscan = 'off', max_parallel_workers_per_gather = '0'
 Planning:
   Buffers: shared hit=82 read=26
 Planning Time: 6.286 ms
 Execution Time: 167.206 ms
(12 rows)

SET
SET
SET
SET
SET
                                             QUERY PLAN                                             
----------------------------------------------------------------------------------------------------
 Index Scan using idx on public.t (actual rows=524288.00 loops=1)
   Output: a, b
   Index Cond: ((t.a >= '-36982'::integer) AND (t.a <= '-4215'::integer))
   Index Searches: 1
   Buffers: shared hit=36110
 Settings: enable_bitmapscan = 'off', enable_seqscan = 'off', max_parallel_workers_per_gather = '0'
 Planning:
   Buffers: shared hit=113
 Planning Time: 0.503 ms
 Execution Time: 102.383 ms
(10 rows)

