SET
SET
SET
SET
SET
                                                                 QUERY PLAN                                                                 
--------------------------------------------------------------------------------------------------------------------------------------------
 Index Scan using idx on public.t (actual rows=262144.00 loops=1)
   Output: a, b
   Index Cond: ((t.a >= '-48861'::integer) AND (t.a <= '-32478'::integer))
   Index Searches: 1
   Prefetch: distance=269.209 count=21666 stalls=1 skipped=244691 resets=0 ungets=4309 forwarded=88
             histogram [2,4) => 2, [4,8) => 3, [8,16) => 5, [16,32) => 9, [32,64) => 2, [64,128) => 2, [128,256) => 207, [256,512) => 21436
   Buffers: shared hit=13113 read=4971
 Settings: enable_bitmapscan = 'off', enable_seqscan = 'off', max_parallel_workers_per_gather = '0'
 Planning:
   Buffers: shared hit=82 read=22
 Planning Time: 5.982 ms
 Execution Time: 86.714 ms
(12 rows)

SET
SET
SET
SET
SET
                                             QUERY PLAN                                             
----------------------------------------------------------------------------------------------------
 Index Scan using idx on public.t (actual rows=262144.00 loops=1)
   Output: a, b
   Index Cond: ((t.a >= '-48861'::integer) AND (t.a <= '-32478'::integer))
   Index Searches: 1
   Buffers: shared hit=18085
 Settings: enable_bitmapscan = 'off', enable_seqscan = 'off', max_parallel_workers_per_gather = '0'
 Planning:
   Buffers: shared hit=109
 Planning Time: 0.446 ms
 Execution Time: 50.281 ms
(10 rows)

