SET
SET
SET
SET
SET
                                                                QUERY PLAN                                                                 
-------------------------------------------------------------------------------------------------------------------------------------------
 Index Scan using idx on public.t (actual rows=65536.00 loops=1)
   Output: a, b
   Index Cond: ((t.a >= '-26574'::integer) AND (t.a <= '-22479'::integer))
   Index Searches: 1
   Prefetch: distance=268.505 count=5469 stalls=1 skipped=61082 resets=0 ungets=1159 forwarded=25
             histogram [2,4) => 2, [4,8) => 3, [8,16) => 6, [16,32) => 13, [32,64) => 2, [64,128) => 2, [128,256) => 34, [256,512) => 5407
   Buffers: shared hit=3146 read=1358
 Settings: enable_bitmapscan = 'off', enable_seqscan = 'off', max_parallel_workers_per_gather = '0'
 Planning:
   Buffers: shared hit=82 read=22
 Planning Time: 5.685 ms
 Execution Time: 24.265 ms
(12 rows)

SET
SET
SET
SET
SET
                                             QUERY PLAN                                             
----------------------------------------------------------------------------------------------------
 Index Scan using idx on public.t (actual rows=65536.00 loops=1)
   Output: a, b
   Index Cond: ((t.a >= '-26574'::integer) AND (t.a <= '-22479'::integer))
   Index Searches: 1
   Buffers: shared hit=4504
 Settings: enable_bitmapscan = 'off', enable_seqscan = 'off', max_parallel_workers_per_gather = '0'
 Planning:
   Buffers: shared hit=109
 Planning Time: 0.344 ms
 Execution Time: 9.143 ms
(10 rows)

