SET
SET
SET
SET
SET
                                                                  QUERY PLAN                                                                  
----------------------------------------------------------------------------------------------------------------------------------------------
 Index Scan using idx on public.t (actual rows=6048576.00 loops=1)
   Output: a, b
   Index Cond: ((t.a >= '-401000'::integer) AND (t.a <= '-22965'::integer))
   Index Searches: 1
   Prefetch: distance=269.485 count=496939 stalls=1 skipped=5647885 resets=0 ungets=96296 forwarded=2260
             histogram [2,4) => 2, [4,8) => 3, [8,16) => 5, [16,32) => 9, [32,64) => 3, [64,128) => 2, [128,256) => 3536, [256,512) => 493379
   Buffers: shared hit=305950 read=111181
 Settings: enable_bitmapscan = 'off', enable_seqscan = 'off', max_parallel_workers_per_gather = '0'
 Planning:
   Buffers: shared hit=82 read=22
 Planning Time: 5.846 ms
 Execution Time: 1866.729 ms
(12 rows)

SET
SET
SET
SET
SET
                                             QUERY PLAN                                             
----------------------------------------------------------------------------------------------------
 Index Scan using idx on public.t (actual rows=6048576.00 loops=1)
   Output: a, b
   Index Cond: ((t.a >= '-401000'::integer) AND (t.a <= '-22965'::integer))
   Index Searches: 1
   Buffers: shared hit=417179
 Settings: enable_bitmapscan = 'off', enable_seqscan = 'off', max_parallel_workers_per_gather = '0'
 Planning:
   Buffers: shared hit=109
 Planning Time: 0.423 ms
 Execution Time: 940.229 ms
(10 rows)

