SET
SET
SET
SET
SET
                                                                  QUERY PLAN                                                                  
----------------------------------------------------------------------------------------------------------------------------------------------
 Index Scan using idx on public.t (actual rows=5048576.00 loops=1)
   Output: a, b
   Index Cond: ((t.a >= '-330689'::integer) AND (t.a <= '-15154'::integer))
   Index Searches: 1
   Prefetch: distance=269.481 count=414705 stalls=1 skipped=4714103 resets=0 ungets=80456 forwarded=1864
             histogram [2,4) => 2, [4,8) => 6, [8,16) => 9, [16,32) => 9, [32,64) => 2, [64,128) => 2, [128,256) => 2981, [256,512) => 411694
   Buffers: shared hit=255185 read=92843
 Settings: enable_bitmapscan = 'off', enable_seqscan = 'off', max_parallel_workers_per_gather = '0'
 Planning:
   Buffers: shared hit=82 read=22
 Planning Time: 5.760 ms
 Execution Time: 1547.320 ms
(12 rows)

SET
SET
SET
SET
SET
                                             QUERY PLAN                                             
----------------------------------------------------------------------------------------------------
 Index Scan using idx on public.t (actual rows=5048576.00 loops=1)
   Output: a, b
   Index Cond: ((t.a >= '-330689'::integer) AND (t.a <= '-15154'::integer))
   Index Searches: 1
   Buffers: shared hit=348064
 Settings: enable_bitmapscan = 'off', enable_seqscan = 'off', max_parallel_workers_per_gather = '0'
 Planning:
   Buffers: shared hit=109
 Planning Time: 0.370 ms
 Execution Time: 900.586 ms
(10 rows)

