SET
SET
SET
SET
SET
                                                                QUERY PLAN                                                                
------------------------------------------------------------------------------------------------------------------------------------------
 Index Scan using idx on public.t (actual rows=65536.00 loops=1)
   Output: a, b
   Index Cond: ((t.a >= '-35259'::integer) AND (t.a <= '-31164'::integer))
   Index Searches: 1
   Prefetch: distance=268.318 count=5511 stalls=1 skipped=60948 resets=0 ungets=1178 forwarded=21
             histogram [2,4) => 2, [4,8) => 3, [8,16) => 5, [16,32) => 9, [32,64) => 7, [64,128) => 2, [128,256) => 59, [256,512) => 5424
   Buffers: shared hit=3156 read=1378
 Settings: enable_bitmapscan = 'off', enable_seqscan = 'off', max_parallel_workers_per_gather = '0'
 Planning:
   Buffers: shared hit=82 read=22
 Planning Time: 6.082 ms
 Execution Time: 26.140 ms
(12 rows)

SET
SET
SET
SET
SET
                                             QUERY PLAN                                             
----------------------------------------------------------------------------------------------------
 Index Scan using idx on public.t (actual rows=65536.00 loops=1)
   Output: a, b
   Index Cond: ((t.a >= '-35259'::integer) AND (t.a <= '-31164'::integer))
   Index Searches: 1
   Buffers: shared hit=4534
 Settings: enable_bitmapscan = 'off', enable_seqscan = 'off', max_parallel_workers_per_gather = '0'
 Planning:
   Buffers: shared hit=109
 Planning Time: 0.342 ms
 Execution Time: 9.150 ms
(10 rows)

