SET
SET
SET
SET
SET
                                                                  QUERY PLAN                                                                  
----------------------------------------------------------------------------------------------------------------------------------------------
 Index Scan using idx on public.t (actual rows=5048576.00 loops=1)
   Output: a, b
   Index Cond: ((t.a >= '-330646'::integer) AND (t.a <= '-15111'::integer))
   Index Searches: 1
   Prefetch: distance=269.479 count=414653 stalls=1 skipped=4714144 resets=0 ungets=80397 forwarded=1877
             histogram [2,4) => 2, [4,8) => 3, [8,16) => 5, [16,32) => 9, [32,64) => 4, [64,128) => 2, [128,256) => 3026, [256,512) => 411602
   Buffers: shared hit=255193 read=92843
 Settings: enable_bitmapscan = 'off', enable_seqscan = 'off', max_parallel_workers_per_gather = '0'
 Planning:
   Buffers: shared hit=82 read=22
 Planning Time: 5.913 ms
 Execution Time: 1553.625 ms
(12 rows)

SET
SET
SET
SET
SET
                                             QUERY PLAN                                             
----------------------------------------------------------------------------------------------------
 Index Scan using idx on public.t (actual rows=5048576.00 loops=1)
   Output: a, b
   Index Cond: ((t.a >= '-330646'::integer) AND (t.a <= '-15111'::integer))
   Index Searches: 1
   Buffers: shared hit=348068
 Settings: enable_bitmapscan = 'off', enable_seqscan = 'off', max_parallel_workers_per_gather = '0'
 Planning:
   Buffers: shared hit=109
 Planning Time: 0.461 ms
 Execution Time: 873.690 ms
(10 rows)

