SET
SET
SET
SET
SET
                                                                  QUERY PLAN                                                                  
----------------------------------------------------------------------------------------------------------------------------------------------
 Index Scan using idx on public.t (actual rows=6048576.00 loops=1)
   Output: a, b
   Index Cond: ((t.a >= '-390001'::integer) AND (t.a <= '-11966'::integer))
   Index Searches: 1
   Prefetch: distance=269.485 count=496882 stalls=2 skipped=5647707 resets=0 ungets=96366 forwarded=2230
             histogram [2,4) => 4, [4,8) => 3, [8,16) => 5, [16,32) => 9, [32,64) => 4, [64,128) => 2, [128,256) => 3465, [256,512) => 493390
   Buffers: shared hit=305835 read=111199
 Settings: enable_bitmapscan = 'off', enable_seqscan = 'off', max_parallel_workers_per_gather = '0'
 Planning:
   Buffers: shared hit=82 read=26
 Planning Time: 6.415 ms
 Execution Time: 1873.896 ms
(12 rows)

SET
SET
SET
SET
SET
                                             QUERY PLAN                                             
----------------------------------------------------------------------------------------------------
 Index Scan using idx on public.t (actual rows=6048576.00 loops=1)
   Output: a, b
   Index Cond: ((t.a >= '-390001'::integer) AND (t.a <= '-11966'::integer))
   Index Searches: 1
   Buffers: shared hit=417072
 Settings: enable_bitmapscan = 'off', enable_seqscan = 'off', max_parallel_workers_per_gather = '0'
 Planning:
   Buffers: shared hit=113
 Planning Time: 0.449 ms
 Execution Time: 946.433 ms
(10 rows)

