SET
SET
SET
SET
SET
                                                                  QUERY PLAN                                                                  
----------------------------------------------------------------------------------------------------------------------------------------------
 Index Scan using idx on public.t (actual rows=7048576.00 loops=1)
   Output: a, b
   Index Cond: ((t.a >= '-453233'::integer) AND (t.a <= '-12698'::integer))
   Index Searches: 1
   Prefetch: distance=269.489 count=578766 stalls=1 skipped=6581503 resets=0 ungets=112045 forwarded=2597
             histogram [2,4) => 2, [4,8) => 3, [8,16) => 5, [16,32) => 9, [32,64) => 2, [64,128) => 2, [128,256) => 4047, [256,512) => 574696
   Buffers: shared hit=356406 read=129562
 Settings: enable_bitmapscan = 'off', enable_seqscan = 'off', max_parallel_workers_per_gather = '0'
 Planning:
   Buffers: shared hit=82 read=26
 Planning Time: 6.141 ms
 Execution Time: 2163.542 ms
(12 rows)

SET
SET
SET
SET
SET
                                             QUERY PLAN                                             
----------------------------------------------------------------------------------------------------
 Index Scan using idx on public.t (actual rows=7048576.00 loops=1)
   Output: a, b
   Index Cond: ((t.a >= '-453233'::integer) AND (t.a <= '-12698'::integer))
   Index Searches: 1
   Buffers: shared hit=486010
 Settings: enable_bitmapscan = 'off', enable_seqscan = 'off', max_parallel_workers_per_gather = '0'
 Planning:
   Buffers: shared hit=113
 Planning Time: 0.687 ms
 Execution Time: 1288.693 ms
(10 rows)

