SET
SET
SET
SET
SET
                                                                 QUERY PLAN                                                                  
---------------------------------------------------------------------------------------------------------------------------------------------
 Index Scan using idx on public.t (actual rows=262144.00 loops=1)
   Output: a, b
   Index Cond: ((t.a >= '-38389'::integer) AND (t.a <= '-22006'::integer))
   Index Searches: 1
   Prefetch: distance=269.241 count=21671 stalls=1 skipped=244779 resets=0 ungets=4322 forwarded=98
             histogram [2,4) => 2, [4,8) => 3, [8,16) => 6, [16,32) => 12, [32,64) => 2, [64,128) => 2, [128,256) => 162, [256,512) => 21482
   Buffers: shared hit=13094 read=4978
 Settings: enable_bitmapscan = 'off', enable_seqscan = 'off', max_parallel_workers_per_gather = '0'
 Planning:
   Buffers: shared hit=82 read=22
 Planning Time: 5.786 ms
 Execution Time: 86.149 ms
(12 rows)

SET
SET
SET
SET
SET
                                             QUERY PLAN                                             
----------------------------------------------------------------------------------------------------
 Index Scan using idx on public.t (actual rows=262144.00 loops=1)
   Output: a, b
   Index Cond: ((t.a >= '-38389'::integer) AND (t.a <= '-22006'::integer))
   Index Searches: 1
   Buffers: shared hit=18073
 Settings: enable_bitmapscan = 'off', enable_seqscan = 'off', max_parallel_workers_per_gather = '0'
 Planning:
   Buffers: shared hit=109
 Planning Time: 0.365 ms
 Execution Time: 43.330 ms
(10 rows)

