SET
SET
SET
SET
SET
                                                                 QUERY PLAN                                                                 
--------------------------------------------------------------------------------------------------------------------------------------------
 Index Scan using idx on public.t (actual rows=1048576.00 loops=1)
   Output: a, b
   Index Cond: ((t.a >= '-72156'::integer) AND (t.a <= '-6621'::integer))
   Index Searches: 1
   Prefetch: distance=269.437 count=86297 stalls=1 skipped=978885 resets=0 ungets=16830 forwarded=375
             histogram [2,4) => 2, [4,8) => 3, [8,16) => 5, [16,32) => 9, [32,64) => 2, [64,128) => 2, [128,256) => 652, [256,512) => 85622
   Buffers: shared hit=52942 read=19406
 Settings: enable_bitmapscan = 'off', enable_seqscan = 'off', max_parallel_workers_per_gather = '0'
 Planning:
   Buffers: shared hit=82 read=26
 Planning Time: 6.216 ms
 Execution Time: 319.593 ms
(12 rows)

SET
SET
SET
SET
SET
                                             QUERY PLAN                                             
----------------------------------------------------------------------------------------------------
 Index Scan using idx on public.t (actual rows=1048576.00 loops=1)
   Output: a, b
   Index Cond: ((t.a >= '-72156'::integer) AND (t.a <= '-6621'::integer))
   Index Searches: 1
   Buffers: shared hit=72356
 Settings: enable_bitmapscan = 'off', enable_seqscan = 'off', max_parallel_workers_per_gather = '0'
 Planning:
   Buffers: shared hit=113
 Planning Time: 0.418 ms
 Execution Time: 183.364 ms
(10 rows)

