SET
SET
SET
SET
SET
                                                               QUERY PLAN                                                                
-----------------------------------------------------------------------------------------------------------------------------------------
 Index Scan using idx on public.t (actual rows=2048.00 loops=1)
   Output: a, b
   Index Cond: ((t.a >= '-23749'::integer) AND (t.a <= '-23622'::integer))
   Index Searches: 1
   Prefetch: distance=238.629 count=205 stalls=1 skipped=1780 resets=0 ungets=81 forwarded=0
             histogram [2,4) => 2, [4,8) => 3, [8,16) => 12, [16,32) => 6, [32,64) => 2, [64,128) => 2, [128,256) => 3, [256,512) => 175
   Buffers: shared hit=20 read=125
 Settings: enable_bitmapscan = 'off', enable_seqscan = 'off', max_parallel_workers_per_gather = '0'
 Planning:
   Buffers: shared hit=82 read=22
 Planning Time: 5.613 ms
 Execution Time: 4.529 ms
(12 rows)

SET
SET
SET
SET
SET
                                             QUERY PLAN                                             
----------------------------------------------------------------------------------------------------
 Index Scan using idx on public.t (actual rows=2048.00 loops=1)
   Output: a, b
   Index Cond: ((t.a >= '-23749'::integer) AND (t.a <= '-23622'::integer))
   Index Searches: 1
   Buffers: shared hit=145
 Settings: enable_bitmapscan = 'off', enable_seqscan = 'off', max_parallel_workers_per_gather = '0'
 Planning:
   Buffers: shared hit=109
 Planning Time: 0.334 ms
 Execution Time: 0.481 ms
(10 rows)

