SET
SET
SET
SET
SET
                                                              QUERY PLAN                                                               
---------------------------------------------------------------------------------------------------------------------------------------
 Index Scan using idx on public.t (actual rows=1024.00 loops=1)
   Output: a, b
   Index Cond: ((t.a >= '-5070'::integer) AND (t.a <= '-5007'::integer))
   Index Searches: 1
   Prefetch: distance=207.730 count=100 stalls=1 skipped=895 resets=0 ungets=35 forwarded=0
             histogram [2,4) => 2, [4,8) => 3, [8,16) => 5, [16,32) => 9, [32,64) => 3, [64,128) => 2, [128,256) => 2, [256,512) => 74
   Buffers: shared hit=10 read=70
 Settings: enable_bitmapscan = 'off', enable_seqscan = 'off', max_parallel_workers_per_gather = '0'
 Planning:
   Buffers: shared hit=86 read=26
 Planning Time: 6.221 ms
 Execution Time: 4.699 ms
(12 rows)

SET
SET
SET
SET
SET
                                             QUERY PLAN                                             
----------------------------------------------------------------------------------------------------
 Index Scan using idx on public.t (actual rows=1024.00 loops=1)
   Output: a, b
   Index Cond: ((t.a >= '-5070'::integer) AND (t.a <= '-5007'::integer))
   Index Searches: 1
   Buffers: shared hit=80
 Settings: enable_bitmapscan = 'off', enable_seqscan = 'off', max_parallel_workers_per_gather = '0'
 Planning:
   Buffers: shared hit=117
 Planning Time: 0.475 ms
 Execution Time: 0.421 ms
(10 rows)

