SET
SET
SET
SET
SET
                                                               QUERY PLAN                                                                
-----------------------------------------------------------------------------------------------------------------------------------------
 Index Scan using idx on public.t (actual rows=16384.00 loops=1)
   Output: a, b
   Index Cond: ((t.a >= '-2942'::integer) AND (t.a <= '-1919'::integer))
   Index Searches: 1
   Prefetch: distance=266.059 count=1477 stalls=1 skipped=15235 resets=0 ungets=392 forwarded=9
             histogram [2,4) => 2, [4,8) => 3, [8,16) => 5, [16,32) => 9, [32,64) => 4, [64,128) => 2, [128,256) => 6, [256,512) => 1446
   Buffers: shared hit=679 read=461
 Settings: enable_bitmapscan = 'off', enable_seqscan = 'off', max_parallel_workers_per_gather = '0'
 Planning:
   Buffers: shared hit=86 read=26
 Planning Time: 6.113 ms
 Execution Time: 8.791 ms
(12 rows)

SET
SET
SET
SET
SET
                                             QUERY PLAN                                             
----------------------------------------------------------------------------------------------------
 Index Scan using idx on public.t (actual rows=16384.00 loops=1)
   Output: a, b
   Index Cond: ((t.a >= '-2942'::integer) AND (t.a <= '-1919'::integer))
   Index Searches: 1
   Buffers: shared hit=1140
 Settings: enable_bitmapscan = 'off', enable_seqscan = 'off', max_parallel_workers_per_gather = '0'
 Planning:
   Buffers: shared hit=117
 Planning Time: 0.371 ms
 Execution Time: 2.424 ms
(10 rows)

