SET
SET
SET
SET
SET
                                                               QUERY PLAN                                                                
-----------------------------------------------------------------------------------------------------------------------------------------
 Index Scan using idx on public.t (actual rows=8192.00 loops=1)
   Output: a, b
   Index Cond: ((t.a >= '-29095'::integer) AND (t.a <= '-28584'::integer))
   Index Searches: 1
   Prefetch: distance=260.685 count=777 stalls=1 skipped=7483 resets=0 ungets=244 forwarded=8
             histogram [2,4) => 4, [4,8) => 6, [8,16) => 6, [16,32) => 10, [32,64) => 2, [64,128) => 3, [128,256) => 3, [256,512) => 743
   Buffers: shared hit=270 read=305
 Settings: enable_bitmapscan = 'off', enable_seqscan = 'off', max_parallel_workers_per_gather = '0'
 Planning:
   Buffers: shared hit=82 read=22
 Planning Time: 5.618 ms
 Execution Time: 10.043 ms
(12 rows)

SET
SET
SET
SET
SET
                                             QUERY PLAN                                             
----------------------------------------------------------------------------------------------------
 Index Scan using idx on public.t (actual rows=8192.00 loops=1)
   Output: a, b
   Index Cond: ((t.a >= '-29095'::integer) AND (t.a <= '-28584'::integer))
   Index Searches: 1
   Buffers: shared hit=575
 Settings: enable_bitmapscan = 'off', enable_seqscan = 'off', max_parallel_workers_per_gather = '0'
 Planning:
   Buffers: shared hit=109
 Planning Time: 0.347 ms
 Execution Time: 1.513 ms
(10 rows)

