SET
SET
SET
SET
SET
                                                                  QUERY PLAN                                                                   
-----------------------------------------------------------------------------------------------------------------------------------------------
 Index Scan using idx on public.t (actual rows=2048576.00 loops=1)
   Output: a, b
   Index Cond: ((t.a >= '-152674'::integer) AND (t.a <= '-24639'::integer))
   Index Searches: 1
   Prefetch: distance=269.461 count=168373 stalls=1 skipped=1912607 resets=0 ungets=32756 forwarded=774
             histogram [2,4) => 2, [4,8) => 7, [8,16) => 8, [16,32) => 10, [32,64) => 2, [64,128) => 2, [128,256) => 1233, [256,512) => 167109
   Buffers: shared hit=103454 read=37774
 Settings: enable_bitmapscan = 'off', enable_seqscan = 'off', max_parallel_workers_per_gather = '0'
 Planning:
   Buffers: shared hit=82 read=22
 Planning Time: 5.719 ms
 Execution Time: 619.642 ms
(12 rows)

SET
SET
SET
SET
SET
                                             QUERY PLAN                                             
----------------------------------------------------------------------------------------------------
 Index Scan using idx on public.t (actual rows=2048576.00 loops=1)
   Output: a, b
   Index Cond: ((t.a >= '-152674'::integer) AND (t.a <= '-24639'::integer))
   Index Searches: 1
   Buffers: shared hit=141243
 Settings: enable_bitmapscan = 'off', enable_seqscan = 'off', max_parallel_workers_per_gather = '0'
 Planning:
   Buffers: shared hit=109
 Planning Time: 0.380 ms
 Execution Time: 376.417 ms
(10 rows)

