SET
SET
SET
SET
SET
                                                                  QUERY PLAN                                                                   
-----------------------------------------------------------------------------------------------------------------------------------------------
 Index Scan using idx on public.t (actual rows=5048576.00 loops=1)
   Output: a, b
   Index Cond: ((t.a >= '-342034'::integer) AND (t.a <= '-26499'::integer))
   Index Searches: 1
   Prefetch: distance=269.476 count=414627 stalls=1 skipped=4714010 resets=0 ungets=80301 forwarded=1875
             histogram [2,4) => 2, [4,8) => 3, [8,16) => 12, [16,32) => 5, [32,64) => 2, [64,128) => 2, [128,256) => 2996, [256,512) => 411605
   Buffers: shared hit=255285 read=92828
 Settings: enable_bitmapscan = 'off', enable_seqscan = 'off', max_parallel_workers_per_gather = '0'
 Planning:
   Buffers: shared hit=82 read=22
 Planning Time: 5.791 ms
 Execution Time: 1554.105 ms
(12 rows)

SET
SET
SET
SET
SET
                                             QUERY PLAN                                             
----------------------------------------------------------------------------------------------------
 Index Scan using idx on public.t (actual rows=5048576.00 loops=1)
   Output: a, b
   Index Cond: ((t.a >= '-342034'::integer) AND (t.a <= '-26499'::integer))
   Index Searches: 1
   Buffers: shared hit=348142
 Settings: enable_bitmapscan = 'off', enable_seqscan = 'off', max_parallel_workers_per_gather = '0'
 Planning:
   Buffers: shared hit=109
 Planning Time: 0.373 ms
 Execution Time: 827.580 ms
(10 rows)

