SET
SET
SET
SET
SET
                                                                  QUERY PLAN                                                                   
-----------------------------------------------------------------------------------------------------------------------------------------------
 Index Scan using idx on public.t (actual rows=7048576.00 loops=1)
   Output: a, b
   Index Cond: ((t.a >= '-473051'::integer) AND (t.a <= '-32516'::integer))
   Index Searches: 1
   Prefetch: distance=269.489 count=578987 stalls=1 skipped=6581599 resets=0 ungets=112234 forwarded=2608
             histogram [2,4) => 2, [4,8) => 7, [8,16) => 6, [16,32) => 10, [32,64) => 2, [64,128) => 2, [128,256) => 4084, [256,512) => 574874
   Buffers: shared hit=356441 read=129549
 Settings: enable_bitmapscan = 'off', enable_seqscan = 'off', max_parallel_workers_per_gather = '0'
 Planning:
   Buffers: shared hit=82 read=22
 Planning Time: 5.584 ms
 Execution Time: 2126.834 ms
(12 rows)

SET
SET
SET
SET
SET
                                             QUERY PLAN                                             
----------------------------------------------------------------------------------------------------
 Index Scan using idx on public.t (actual rows=7048576.00 loops=1)
   Output: a, b
   Index Cond: ((t.a >= '-473051'::integer) AND (t.a <= '-32516'::integer))
   Index Searches: 1
   Buffers: shared hit=486032
 Settings: enable_bitmapscan = 'off', enable_seqscan = 'off', max_parallel_workers_per_gather = '0'
 Planning:
   Buffers: shared hit=109
 Planning Time: 0.467 ms
 Execution Time: 1204.531 ms
(10 rows)

