SET
SET
SET
SET
SET
                                                                  QUERY PLAN                                                                   
-----------------------------------------------------------------------------------------------------------------------------------------------
 Index Scan using idx on public.t (actual rows=4048576.00 loops=1)
   Output: a, b
   Index Cond: ((t.a >= '-257633'::integer) AND (t.a <= '-4598'::integer))
   Index Searches: 1
   Prefetch: distance=269.473 count=332481 stalls=1 skipped=3780581 resets=0 ungets=64502 forwarded=1482
             histogram [2,4) => 2, [4,8) => 3, [8,16) => 13, [16,32) => 5, [32,64) => 2, [64,128) => 2, [128,256) => 2479, [256,512) => 329975
   Buffers: shared hit=204544 read=74477
 Settings: enable_bitmapscan = 'off', enable_seqscan = 'off', max_parallel_workers_per_gather = '0'
 Planning:
   Buffers: shared hit=82 read=26
 Planning Time: 6.547 ms
 Execution Time: 1238.960 ms
(12 rows)

SET
SET
SET
SET
SET
                                             QUERY PLAN                                             
----------------------------------------------------------------------------------------------------
 Index Scan using idx on public.t (actual rows=4048576.00 loops=1)
   Output: a, b
   Index Cond: ((t.a >= '-257633'::integer) AND (t.a <= '-4598'::integer))
   Index Searches: 1
   Buffers: shared hit=279048
 Settings: enable_bitmapscan = 'off', enable_seqscan = 'off', max_parallel_workers_per_gather = '0'
 Planning:
   Buffers: shared hit=113
 Planning Time: 0.407 ms
 Execution Time: 697.268 ms
(10 rows)

