SET
SET
SET
SET
SET
                                                               QUERY PLAN                                                               
----------------------------------------------------------------------------------------------------------------------------------------
 Index Scan using idx on public.t (actual rows=8192.00 loops=1)
   Output: a, b
   Index Cond: ((t.a >= '-26090'::integer) AND (t.a <= '-25579'::integer))
   Index Searches: 1
   Prefetch: distance=262.207 count=762 stalls=1 skipped=7355 resets=0 ungets=245 forwarded=6
             histogram [2,4) => 2, [4,8) => 5, [8,16) => 8, [16,32) => 8, [32,64) => 2, [64,128) => 2, [128,256) => 2, [256,512) => 733
   Buffers: shared hit=261 read=304
 Settings: enable_bitmapscan = 'off', enable_seqscan = 'off', max_parallel_workers_per_gather = '0'
 Planning:
   Buffers: shared hit=82 read=22
 Planning Time: 5.540 ms
 Execution Time: 8.345 ms
(12 rows)

SET
SET
SET
SET
SET
                                             QUERY PLAN                                             
----------------------------------------------------------------------------------------------------
 Index Scan using idx on public.t (actual rows=8192.00 loops=1)
   Output: a, b
   Index Cond: ((t.a >= '-26090'::integer) AND (t.a <= '-25579'::integer))
   Index Searches: 1
   Buffers: shared hit=565
 Settings: enable_bitmapscan = 'off', enable_seqscan = 'off', max_parallel_workers_per_gather = '0'
 Planning:
   Buffers: shared hit=109
 Planning Time: 0.343 ms
 Execution Time: 1.335 ms
(10 rows)

