SET
SET
SET
SET
SET
                                                                 QUERY PLAN                                                                 
--------------------------------------------------------------------------------------------------------------------------------------------
 Index Scan using idx on public.t (actual rows=131072.00 loops=1)
   Output: a, b
   Index Cond: ((t.a >= '-38750'::integer) AND (t.a <= '-30559'::integer))
   Index Searches: 1
   Prefetch: distance=268.931 count=10915 stalls=1 skipped=122330 resets=0 ungets=2221 forwarded=53
             histogram [2,4) => 2, [4,8) => 3, [8,16) => 11, [16,32) => 8, [32,64) => 2, [64,128) => 2, [128,256) => 86, [256,512) => 10801
   Buffers: shared hit=6499 read=2562
 Settings: enable_bitmapscan = 'off', enable_seqscan = 'off', max_parallel_workers_per_gather = '0'
 Planning:
   Buffers: shared hit=82 read=22
 Planning Time: 7.072 ms
 Execution Time: 44.599 ms
(12 rows)

SET
SET
SET
SET
SET
                                             QUERY PLAN                                             
----------------------------------------------------------------------------------------------------
 Index Scan using idx on public.t (actual rows=131072.00 loops=1)
   Output: a, b
   Index Cond: ((t.a >= '-38750'::integer) AND (t.a <= '-30559'::integer))
   Index Searches: 1
   Buffers: shared hit=9062
 Settings: enable_bitmapscan = 'off', enable_seqscan = 'off', max_parallel_workers_per_gather = '0'
 Planning:
   Buffers: shared hit=109
 Planning Time: 0.333 ms
 Execution Time: 18.294 ms
(10 rows)

