SET
SET
SET
SET
SET
                                             QUERY PLAN                                             
----------------------------------------------------------------------------------------------------
 Index Scan using idx on public.t (actual rows=256.00 loops=1)
   Output: a, b
   Index Cond: ((t.a >= '-28368'::integer) AND (t.a <= '-28353'::integer))
   Index Searches: 1
   Prefetch: distance=3.000 count=4 stalls=1 skipped=44 resets=0 ungets=0 forwarded=0
             histogram [2,4) => 2, [4,8) => 2
   Buffers: shared hit=3 read=22
 Settings: enable_bitmapscan = 'off', enable_seqscan = 'off', max_parallel_workers_per_gather = '0'
 Planning:
   Buffers: shared hit=82 read=22
 Planning Time: 6.069 ms
 Execution Time: 3.385 ms
(12 rows)

SET
SET
SET
SET
SET
                                             QUERY PLAN                                             
----------------------------------------------------------------------------------------------------
 Index Scan using idx on public.t (actual rows=256.00 loops=1)
   Output: a, b
   Index Cond: ((t.a >= '-28368'::integer) AND (t.a <= '-28353'::integer))
   Index Searches: 1
   Buffers: shared hit=25
 Settings: enable_bitmapscan = 'off', enable_seqscan = 'off', max_parallel_workers_per_gather = '0'
 Planning:
   Buffers: shared hit=109
 Planning Time: 0.326 ms
 Execution Time: 0.119 ms
(10 rows)

