SET
SET
SET
SET
SET
                                             QUERY PLAN                                             
----------------------------------------------------------------------------------------------------
 Index Scan using idx on public.t (actual rows=512.00 loops=1)
   Output: a, b
   Index Cond: ((t.a >= '-9211'::integer) AND (t.a <= '-9180'::integer))
   Index Searches: 1
   Prefetch: distance=9.706 count=17 stalls=1 skipped=223 resets=0 ungets=0 forwarded=1
             histogram [2,4) => 2, [4,8) => 4, [8,16) => 10, [16,32) => 1
   Buffers: shared hit=8 read=37
 Settings: enable_bitmapscan = 'off', enable_seqscan = 'off', max_parallel_workers_per_gather = '0'
 Planning:
   Buffers: shared hit=86 read=26
 Planning Time: 5.743 ms
 Execution Time: 4.360 ms
(12 rows)

SET
SET
SET
SET
SET
                                             QUERY PLAN                                             
----------------------------------------------------------------------------------------------------
 Index Scan using idx on public.t (actual rows=512.00 loops=1)
   Output: a, b
   Index Cond: ((t.a >= '-9211'::integer) AND (t.a <= '-9180'::integer))
   Index Searches: 1
   Buffers: shared hit=45
 Settings: enable_bitmapscan = 'off', enable_seqscan = 'off', max_parallel_workers_per_gather = '0'
 Planning:
   Buffers: shared hit=117
 Planning Time: 0.446 ms
 Execution Time: 0.176 ms
(10 rows)

