SET
SET
SET
SET
SET
                                                                 QUERY PLAN                                                                 
--------------------------------------------------------------------------------------------------------------------------------------------
 Index Scan using idx on public.t (actual rows=1048576.00 loops=1)
   Output: a, b
   Index Cond: ((t.a >= '-96874'::integer) AND (t.a <= '-31339'::integer))
   Index Searches: 1
   Prefetch: distance=269.442 count=86293 stalls=1 skipped=979094 resets=0 ungets=16827 forwarded=369
             histogram [2,4) => 2, [4,8) => 3, [8,16) => 5, [16,32) => 9, [32,64) => 3, [64,128) => 2, [128,256) => 674, [256,512) => 85595
   Buffers: shared hit=52919 read=19414
 Settings: enable_bitmapscan = 'off', enable_seqscan = 'off', max_parallel_workers_per_gather = '0'
 Planning:
   Buffers: shared hit=82 read=22
 Planning Time: 5.727 ms
 Execution Time: 322.484 ms
(12 rows)

SET
SET
SET
SET
SET
                                             QUERY PLAN                                             
----------------------------------------------------------------------------------------------------
 Index Scan using idx on public.t (actual rows=1048576.00 loops=1)
   Output: a, b
   Index Cond: ((t.a >= '-96874'::integer) AND (t.a <= '-31339'::integer))
   Index Searches: 1
   Buffers: shared hit=72338
 Settings: enable_bitmapscan = 'off', enable_seqscan = 'off', max_parallel_workers_per_gather = '0'
 Planning:
   Buffers: shared hit=109
 Planning Time: 0.441 ms
 Execution Time: 180.452 ms
(10 rows)

