SET
SET
SET
SET
SET
                                                                  QUERY PLAN                                                                   
-----------------------------------------------------------------------------------------------------------------------------------------------
 Index Scan using idx on public.t (actual rows=7048576.00 loops=1)
   Output: a, b
   Index Cond: ((t.a >= '-457971'::integer) AND (t.a <= '-17436'::integer))
   Index Searches: 1
   Prefetch: distance=269.492 count=579092 stalls=1 skipped=6581518 resets=0 ungets=112338 forwarded=2611
             histogram [2,4) => 6, [4,8) => 4, [8,16) => 6, [16,32) => 10, [32,64) => 2, [64,128) => 2, [128,256) => 4083, [256,512) => 574979
   Buffers: shared hit=356442 read=129546
 Settings: enable_bitmapscan = 'off', enable_seqscan = 'off', max_parallel_workers_per_gather = '0'
 Planning:
   Buffers: shared hit=82 read=22
 Planning Time: 5.727 ms
 Execution Time: 2120.628 ms
(12 rows)

SET
SET
SET
SET
SET
                                             QUERY PLAN                                             
----------------------------------------------------------------------------------------------------
 Index Scan using idx on public.t (actual rows=7048576.00 loops=1)
   Output: a, b
   Index Cond: ((t.a >= '-457971'::integer) AND (t.a <= '-17436'::integer))
   Index Searches: 1
   Buffers: shared hit=486038
 Settings: enable_bitmapscan = 'off', enable_seqscan = 'off', max_parallel_workers_per_gather = '0'
 Planning:
   Buffers: shared hit=109
 Planning Time: 0.420 ms
 Execution Time: 1261.780 ms
(10 rows)

