SET
SET
SET
SET
SET
                                                                  QUERY PLAN                                                                  
----------------------------------------------------------------------------------------------------------------------------------------------
 Index Scan using idx on public.t (actual rows=4048576.00 loops=1)
   Output: a, b
   Index Cond: ((t.a >= '-262691'::integer) AND (t.a <= '-9656'::integer))
   Index Searches: 1
   Prefetch: distance=269.485 count=332595 stalls=1 skipped=3780263 resets=0 ungets=64634 forwarded=1498
             histogram [2,4) => 2, [4,8) => 3, [8,16) => 5, [16,32) => 9, [32,64) => 2, [64,128) => 2, [128,256) => 2433, [256,512) => 330139
   Buffers: shared hit=204542 read=74482
 Settings: enable_bitmapscan = 'off', enable_seqscan = 'off', max_parallel_workers_per_gather = '0'
 Planning:
   Buffers: shared hit=82 read=26
 Planning Time: 6.166 ms
 Execution Time: 1212.046 ms
(12 rows)

SET
SET
SET
SET
SET
                                             QUERY PLAN                                             
----------------------------------------------------------------------------------------------------
 Index Scan using idx on public.t (actual rows=4048576.00 loops=1)
   Output: a, b
   Index Cond: ((t.a >= '-262691'::integer) AND (t.a <= '-9656'::integer))
   Index Searches: 1
   Buffers: shared hit=279050
 Settings: enable_bitmapscan = 'off', enable_seqscan = 'off', max_parallel_workers_per_gather = '0'
 Planning:
   Buffers: shared hit=113
 Planning Time: 0.445 ms
 Execution Time: 637.715 ms
(10 rows)

