SET
SET
SET
SET
SET
                                                                 QUERY PLAN                                                                  
---------------------------------------------------------------------------------------------------------------------------------------------
 Index Scan using idx on public.t (actual rows=524288.00 loops=1)
   Output: a, b
   Index Cond: ((t.a >= '-40488'::integer) AND (t.a <= '-7721'::integer))
   Index Searches: 1
   Prefetch: distance=269.343 count=43134 stalls=1 skipped=489453 resets=0 ungets=8491 forwarded=185
             histogram [2,4) => 2, [4,8) => 7, [8,16) => 5, [16,32) => 10, [32,64) => 2, [64,128) => 2, [128,256) => 331, [256,512) => 42775
   Buffers: shared hit=26312 read=9777
 Settings: enable_bitmapscan = 'off', enable_seqscan = 'off', max_parallel_workers_per_gather = '0'
 Planning:
   Buffers: shared hit=82 read=26
 Planning Time: 5.926 ms
 Execution Time: 163.048 ms
(12 rows)

SET
SET
SET
SET
SET
                                             QUERY PLAN                                             
----------------------------------------------------------------------------------------------------
 Index Scan using idx on public.t (actual rows=524288.00 loops=1)
   Output: a, b
   Index Cond: ((t.a >= '-40488'::integer) AND (t.a <= '-7721'::integer))
   Index Searches: 1
   Buffers: shared hit=36093
 Settings: enable_bitmapscan = 'off', enable_seqscan = 'off', max_parallel_workers_per_gather = '0'
 Planning:
   Buffers: shared hit=113
 Planning Time: 0.449 ms
 Execution Time: 75.554 ms
(10 rows)

