SET
SET
SET
SET
SET
                                                                  QUERY PLAN                                                                  
----------------------------------------------------------------------------------------------------------------------------------------------
 Index Scan using idx on public.t (actual rows=262144.00 loops=1)
   Output: a, b
   Index Cond: ((t.a >= '-23276'::integer) AND (t.a <= '-6893'::integer))
   Index Searches: 1
   Prefetch: distance=269.176 count=21566 stalls=1 skipped=244602 resets=0 ungets=4296 forwarded=80
             histogram [2,4) => 4, [4,8) => 3, [8,16) => 12, [16,32) => 11, [32,64) => 2, [64,128) => 2, [128,256) => 143, [256,512) => 21389
   Buffers: shared hit=13048 read=4960
 Settings: enable_bitmapscan = 'off', enable_seqscan = 'off', max_parallel_workers_per_gather = '0'
 Planning:
   Buffers: shared hit=82 read=26
 Planning Time: 6.125 ms
 Execution Time: 85.500 ms
(12 rows)

SET
SET
SET
SET
SET
                                             QUERY PLAN                                             
----------------------------------------------------------------------------------------------------
 Index Scan using idx on public.t (actual rows=262144.00 loops=1)
   Output: a, b
   Index Cond: ((t.a >= '-23276'::integer) AND (t.a <= '-6893'::integer))
   Index Searches: 1
   Buffers: shared hit=18009
 Settings: enable_bitmapscan = 'off', enable_seqscan = 'off', max_parallel_workers_per_gather = '0'
 Planning:
   Buffers: shared hit=113
 Planning Time: 0.508 ms
 Execution Time: 42.268 ms
(10 rows)

