SET
SET
SET
SET
SET
                                                               QUERY PLAN                                                               
----------------------------------------------------------------------------------------------------------------------------------------
 Index Scan using idx on public.t (actual rows=2048.00 loops=1)
   Output: a, b
   Index Cond: ((t.a >= '-24472'::integer) AND (t.a <= '-24345'::integer))
   Index Searches: 1
   Prefetch: distance=232.277 count=188 stalls=1 skipped=1642 resets=0 ungets=70 forwarded=2
             histogram [2,4) => 4, [4,8) => 3, [8,16) => 5, [16,32) => 9, [32,64) => 5, [64,128) => 2, [128,256) => 2, [256,512) => 158
   Buffers: shared hit=25 read=125
 Settings: enable_bitmapscan = 'off', enable_seqscan = 'off', max_parallel_workers_per_gather = '0'
 Planning:
   Buffers: shared hit=82 read=22
 Planning Time: 5.300 ms
 Execution Time: 5.865 ms
(12 rows)

SET
SET
SET
SET
SET
                                             QUERY PLAN                                             
----------------------------------------------------------------------------------------------------
 Index Scan using idx on public.t (actual rows=2048.00 loops=1)
   Output: a, b
   Index Cond: ((t.a >= '-24472'::integer) AND (t.a <= '-24345'::integer))
   Index Searches: 1
   Buffers: shared hit=150
 Settings: enable_bitmapscan = 'off', enable_seqscan = 'off', max_parallel_workers_per_gather = '0'
 Planning:
   Buffers: shared hit=109
 Planning Time: 0.422 ms
 Execution Time: 0.880 ms
(10 rows)

