SET
SET
SET
SET
SET
                                                               QUERY PLAN                                                                
-----------------------------------------------------------------------------------------------------------------------------------------
 Index Scan using idx on public.t (actual rows=16384.00 loops=1)
   Output: a, b
   Index Cond: ((t.a >= '-25334'::integer) AND (t.a <= '-24311'::integer))
   Index Searches: 1
   Prefetch: distance=265.698 count=1457 stalls=1 skipped=15204 resets=0 ungets=388 forwarded=5
             histogram [2,4) => 2, [4,8) => 3, [8,16) => 9, [16,32) => 9, [32,64) => 2, [64,128) => 2, [128,256) => 9, [256,512) => 1421
   Buffers: shared hit=660 read=467
 Settings: enable_bitmapscan = 'off', enable_seqscan = 'off', max_parallel_workers_per_gather = '0'
 Planning:
   Buffers: shared hit=82 read=22
 Planning Time: 5.659 ms
 Execution Time: 9.517 ms
(12 rows)

SET
SET
SET
SET
SET
                                             QUERY PLAN                                             
----------------------------------------------------------------------------------------------------
 Index Scan using idx on public.t (actual rows=16384.00 loops=1)
   Output: a, b
   Index Cond: ((t.a >= '-25334'::integer) AND (t.a <= '-24311'::integer))
   Index Searches: 1
   Buffers: shared hit=1127
 Settings: enable_bitmapscan = 'off', enable_seqscan = 'off', max_parallel_workers_per_gather = '0'
 Planning:
   Buffers: shared hit=109
 Planning Time: 0.325 ms
 Execution Time: 2.554 ms
(10 rows)

