SET
SET
SET
SET
SET
                                                                QUERY PLAN                                                                
------------------------------------------------------------------------------------------------------------------------------------------
 Index Scan using idx on public.t (actual rows=32768.00 loops=1)
   Output: a, b
   Index Cond: ((t.a >= '-20212'::integer) AND (t.a <= '-18165'::integer))
   Index Searches: 1
   Prefetch: distance=267.293 count=2783 stalls=1 skipped=30273 resets=0 ungets=640 forwarded=16
             histogram [2,4) => 2, [4,8) => 5, [8,16) => 8, [16,32) => 11, [32,64) => 2, [64,128) => 2, [128,256) => 5, [256,512) => 2748
   Buffers: shared hit=1497 read=763
 Settings: enable_bitmapscan = 'off', enable_seqscan = 'off', max_parallel_workers_per_gather = '0'
 Planning:
   Buffers: shared hit=82 read=22
 Planning Time: 5.480 ms
 Execution Time: 16.033 ms
(12 rows)

SET
SET
SET
SET
SET
                                             QUERY PLAN                                             
----------------------------------------------------------------------------------------------------
 Index Scan using idx on public.t (actual rows=32768.00 loops=1)
   Output: a, b
   Index Cond: ((t.a >= '-20212'::integer) AND (t.a <= '-18165'::integer))
   Index Searches: 1
   Buffers: shared hit=2260
 Settings: enable_bitmapscan = 'off', enable_seqscan = 'off', max_parallel_workers_per_gather = '0'
 Planning:
   Buffers: shared hit=109
 Planning Time: 0.352 ms
 Execution Time: 4.823 ms
(10 rows)

