SET
SET
SET
SET
SET
                                                                   QUERY PLAN                                                                   
------------------------------------------------------------------------------------------------------------------------------------------------
 Index Scan using idx on public.t (actual rows=9048576.00 loops=1)
   Output: a, b
   Index Cond: ((t.a >= '-567942'::integer) AND (t.a <= '-2407'::integer))
   Index Searches: 1
   Prefetch: distance=269.495 count=743348 stalls=1 skipped=8449069 resets=0 ungets=144144 forwarded=3336
             histogram [2,4) => 2, [4,8) => 3, [8,16) => 12, [16,32) => 10, [32,64) => 2, [64,128) => 2, [128,256) => 5270, [256,512) => 738047
   Buffers: shared hit=457619 read=166272
 Settings: enable_bitmapscan = 'off', enable_seqscan = 'off', max_parallel_workers_per_gather = '0'
 Planning:
   Buffers: shared hit=82 read=26
 Planning Time: 6.026 ms
 Execution Time: 2742.894 ms
(12 rows)

SET
SET
SET
SET
SET
                                             QUERY PLAN                                             
----------------------------------------------------------------------------------------------------
 Index Scan using idx on public.t (actual rows=9048576.00 loops=1)
   Output: a, b
   Index Cond: ((t.a >= '-567942'::integer) AND (t.a <= '-2407'::integer))
   Index Searches: 1
   Buffers: shared hit=623952
 Settings: enable_bitmapscan = 'off', enable_seqscan = 'off', max_parallel_workers_per_gather = '0'
 Planning:
   Buffers: shared hit=113
 Planning Time: 0.476 ms
 Execution Time: 1368.679 ms
(10 rows)

