SET
SET
SET
SET
SET
                                                                  QUERY PLAN                                                                  
----------------------------------------------------------------------------------------------------------------------------------------------
 Index Scan using idx on public.t (actual rows=5048576.00 loops=1)
   Output: a, b
   Index Cond: ((t.a >= '-338486'::integer) AND (t.a <= '-22951'::integer))
   Index Searches: 1
   Prefetch: distance=269.482 count=414723 stalls=1 skipped=4714014 resets=0 ungets=80433 forwarded=1867
             histogram [2,4) => 4, [4,8) => 5, [8,16) => 7, [16,32) => 8, [32,64) => 2, [64,128) => 2, [128,256) => 2969, [256,512) => 411726
   Buffers: shared hit=255239 read=92836
 Settings: enable_bitmapscan = 'off', enable_seqscan = 'off', max_parallel_workers_per_gather = '0'
 Planning:
   Buffers: shared hit=82 read=22
 Planning Time: 5.971 ms
 Execution Time: 1562.154 ms
(12 rows)

SET
SET
SET
SET
SET
                                             QUERY PLAN                                             
----------------------------------------------------------------------------------------------------
 Index Scan using idx on public.t (actual rows=5048576.00 loops=1)
   Output: a, b
   Index Cond: ((t.a >= '-338486'::integer) AND (t.a <= '-22951'::integer))
   Index Searches: 1
   Buffers: shared hit=348107
 Settings: enable_bitmapscan = 'off', enable_seqscan = 'off', max_parallel_workers_per_gather = '0'
 Planning:
   Buffers: shared hit=109
 Planning Time: 0.373 ms
 Execution Time: 904.906 ms
(10 rows)

