SET
SET
SET
SET
SET
                                                                  QUERY PLAN                                                                  
----------------------------------------------------------------------------------------------------------------------------------------------
 Index Scan using idx on public.t (actual rows=6048576.00 loops=1)
   Output: a, b
   Index Cond: ((t.a >= '-379532'::integer) AND (t.a <= '-1497'::integer))
   Index Searches: 1
   Prefetch: distance=269.481 count=496716 stalls=1 skipped=5647862 resets=0 ungets=96226 forwarded=2239
             histogram [2,4) => 2, [4,8) => 3, [8,16) => 5, [16,32) => 9, [32,64) => 4, [64,128) => 2, [128,256) => 3535, [256,512) => 493156
   Buffers: shared hit=305825 read=111183
 Settings: enable_bitmapscan = 'off', enable_seqscan = 'off', max_parallel_workers_per_gather = '0'
 Planning:
   Buffers: shared hit=82 read=26
 Planning Time: 5.915 ms
 Execution Time: 1871.522 ms
(12 rows)

SET
SET
SET
SET
SET
                                             QUERY PLAN                                             
----------------------------------------------------------------------------------------------------
 Index Scan using idx on public.t (actual rows=6048576.00 loops=1)
   Output: a, b
   Index Cond: ((t.a >= '-379532'::integer) AND (t.a <= '-1497'::integer))
   Index Searches: 1
   Buffers: shared hit=417038
 Settings: enable_bitmapscan = 'off', enable_seqscan = 'off', max_parallel_workers_per_gather = '0'
 Planning:
   Buffers: shared hit=113
 Planning Time: 0.574 ms
 Execution Time: 1046.032 ms
(10 rows)

