SET
SET
SET
SET
SET
                                                                  QUERY PLAN                                                                   
-----------------------------------------------------------------------------------------------------------------------------------------------
 Index Scan using idx on public.t (actual rows=4048576.00 loops=1)
   Output: a, b
   Index Cond: ((t.a >= '-270424'::integer) AND (t.a <= '-17389'::integer))
   Index Searches: 1
   Prefetch: distance=269.468 count=332474 stalls=1 skipped=3780225 resets=0 ungets=64459 forwarded=1497
             histogram [2,4) => 2, [4,8) => 4, [8,16) => 6, [16,32) => 13, [32,64) => 2, [64,128) => 2, [128,256) => 2490, [256,512) => 329955
   Buffers: shared hit=204602 read=74476
 Settings: enable_bitmapscan = 'off', enable_seqscan = 'off', max_parallel_workers_per_gather = '0'
 Planning:
   Buffers: shared hit=82 read=22
 Planning Time: 5.727 ms
 Execution Time: 1244.727 ms
(12 rows)

SET
SET
SET
SET
SET
                                             QUERY PLAN                                             
----------------------------------------------------------------------------------------------------
 Index Scan using idx on public.t (actual rows=4048576.00 loops=1)
   Output: a, b
   Index Cond: ((t.a >= '-270424'::integer) AND (t.a <= '-17389'::integer))
   Index Searches: 1
   Buffers: shared hit=279103
 Settings: enable_bitmapscan = 'off', enable_seqscan = 'off', max_parallel_workers_per_gather = '0'
 Planning:
   Buffers: shared hit=109
 Planning Time: 0.461 ms
 Execution Time: 667.861 ms
(10 rows)

