SET
SET
SET
SET
SET
                                                                  QUERY PLAN                                                                  
----------------------------------------------------------------------------------------------------------------------------------------------
 Index Scan using idx on public.t (actual rows=7048576.00 loops=1)
   Output: a, b
   Index Cond: ((t.a >= '-446952'::integer) AND (t.a <= '-6417'::integer))
   Index Searches: 1
   Prefetch: distance=269.490 count=579070 stalls=1 skipped=6581666 resets=0 ungets=112352 forwarded=2585
             histogram [2,4) => 4, [4,8) => 7, [8,16) => 7, [16,32) => 8, [32,64) => 2, [64,128) => 2, [128,256) => 4072, [256,512) => 574968
   Buffers: shared hit=356386 read=129559
 Settings: enable_bitmapscan = 'off', enable_seqscan = 'off', max_parallel_workers_per_gather = '0'
 Planning:
   Buffers: shared hit=82 read=26
 Planning Time: 6.071 ms
 Execution Time: 2133.463 ms
(12 rows)

SET
SET
SET
SET
SET
                                             QUERY PLAN                                             
----------------------------------------------------------------------------------------------------
 Index Scan using idx on public.t (actual rows=7048576.00 loops=1)
   Output: a, b
   Index Cond: ((t.a >= '-446952'::integer) AND (t.a <= '-6417'::integer))
   Index Searches: 1
   Buffers: shared hit=485995
 Settings: enable_bitmapscan = 'off', enable_seqscan = 'off', max_parallel_workers_per_gather = '0'
 Planning:
   Buffers: shared hit=113
 Planning Time: 0.439 ms
 Execution Time: 1255.798 ms
(10 rows)

