SET
SET
SET
SET
SET
                                                                  QUERY PLAN                                                                  
----------------------------------------------------------------------------------------------------------------------------------------------
 Index Scan Backward using idx on public.t (actual rows=7048576.00 loops=1)
   Output: a, b
   Index Cond: ((t.a >= '-466105'::integer) AND (t.a <= '-25570'::integer))
   Index Searches: 1
   Prefetch: distance=269.738 count=590327 stalls=1 skipped=6581745 resets=0 ungets=123560 forwarded=253
             histogram [2,4) => 2, [4,8) => 3, [8,16) => 5, [16,32) => 9, [32,64) => 2, [64,128) => 2, [128,256) => 2867, [256,512) => 587437
   Buffers: shared hit=356485 read=129553
 Settings: enable_bitmapscan = 'off', enable_seqscan = 'off', max_parallel_workers_per_gather = '0'
 Planning:
   Buffers: shared hit=78 read=22
 Planning Time: 5.442 ms
 Execution Time: 4003.386 ms
(12 rows)

SET
SET
SET
SET
SET
                                             QUERY PLAN                                             
----------------------------------------------------------------------------------------------------
 Index Scan Backward using idx on public.t (actual rows=7048576.00 loops=1)
   Output: a, b
   Index Cond: ((t.a >= '-466105'::integer) AND (t.a <= '-25570'::integer))
   Index Searches: 1
   Buffers: shared hit=486039
 Settings: enable_bitmapscan = 'off', enable_seqscan = 'off', max_parallel_workers_per_gather = '0'
 Planning:
   Buffers: shared hit=105
 Planning Time: 0.469 ms
 Execution Time: 941.862 ms
(10 rows)

