SET
SET
SET
SET
SET
                                                                  QUERY PLAN                                                                   
-----------------------------------------------------------------------------------------------------------------------------------------------
 Index Scan Backward using idx on public.t (actual rows=4048576.00 loops=1)
   Output: a, b
   Index Cond: ((t.a >= '-258585'::integer) AND (t.a <= '-5550'::integer))
   Index Searches: 1
   Prefetch: distance=269.736 count=339040 stalls=1 skipped=3780517 resets=0 ungets=71077 forwarded=135
             histogram [2,4) => 2, [4,8) => 3, [8,16) => 5, [16,32) => 12, [32,64) => 2, [64,128) => 2, [128,256) => 1580, [256,512) => 337434
   Buffers: shared hit=204561 read=74474
 Settings: enable_bitmapscan = 'off', enable_seqscan = 'off', max_parallel_workers_per_gather = '0'
 Planning:
   Buffers: shared hit=78 read=26
 Planning Time: 5.893 ms
 Execution Time: 2262.734 ms
(12 rows)

SET
SET
SET
SET
SET
                                             QUERY PLAN                                             
----------------------------------------------------------------------------------------------------
 Index Scan Backward using idx on public.t (actual rows=4048576.00 loops=1)
   Output: a, b
   Index Cond: ((t.a >= '-258585'::integer) AND (t.a <= '-5550'::integer))
   Index Searches: 1
   Buffers: shared hit=279037
 Settings: enable_bitmapscan = 'off', enable_seqscan = 'off', max_parallel_workers_per_gather = '0'
 Planning:
   Buffers: shared hit=109
 Planning Time: 0.629 ms
 Execution Time: 625.049 ms
(10 rows)

