SET
SET
SET
SET
SET
                                                                  QUERY PLAN                                                                  
----------------------------------------------------------------------------------------------------------------------------------------------
 Index Scan Backward using idx on public.t (actual rows=8048576.00 loops=1)
   Output: a, b
   Index Cond: ((t.a >= '-506088'::integer) AND (t.a <= '-3053'::integer))
   Index Searches: 1
   Prefetch: distance=269.740 count=674028 stalls=1 skipped=7515620 resets=0 ungets=141104 forwarded=278
             histogram [2,4) => 2, [4,8) => 3, [8,16) => 5, [16,32) => 9, [32,64) => 2, [64,128) => 2, [128,256) => 3231, [256,512) => 670774
   Buffers: shared hit=407022 read=147899
 Settings: enable_bitmapscan = 'off', enable_seqscan = 'off', max_parallel_workers_per_gather = '0'
 Planning:
   Buffers: shared hit=78 read=26
 Planning Time: 6.012 ms
 Execution Time: 4558.453 ms
(12 rows)

SET
SET
SET
SET
SET
                                             QUERY PLAN                                             
----------------------------------------------------------------------------------------------------
 Index Scan Backward using idx on public.t (actual rows=8048576.00 loops=1)
   Output: a, b
   Index Cond: ((t.a >= '-506088'::integer) AND (t.a <= '-3053'::integer))
   Index Searches: 1
   Buffers: shared hit=554923
 Settings: enable_bitmapscan = 'off', enable_seqscan = 'off', max_parallel_workers_per_gather = '0'
 Planning:
   Buffers: shared hit=109
 Planning Time: 0.542 ms
 Execution Time: 1094.419 ms
(10 rows)

