SET
SET
SET
SET
SET
                                                                 QUERY PLAN                                                                  
---------------------------------------------------------------------------------------------------------------------------------------------
 Index Scan Backward using idx on public.t (actual rows=262144.00 loops=1)
   Output: a, b
   Index Cond: ((t.a >= '-42297'::integer) AND (t.a <= '-25914'::integer))
   Index Searches: 1
   Prefetch: distance=269.443 count=22117 stalls=1 skipped=244742 resets=0 ungets=4747 forwarded=8
             histogram [2,4) => 2, [4,8) => 3, [8,16) => 7, [16,32) => 11, [32,64) => 2, [64,128) => 2, [128,256) => 132, [256,512) => 21958
   Buffers: shared hit=13112 read=4983
 Settings: enable_bitmapscan = 'off', enable_seqscan = 'off', max_parallel_workers_per_gather = '0'
 Planning:
   Buffers: shared hit=78 read=22
 Planning Time: 5.644 ms
 Execution Time: 154.371 ms
(12 rows)

SET
SET
SET
SET
SET
                                             QUERY PLAN                                             
----------------------------------------------------------------------------------------------------
 Index Scan Backward using idx on public.t (actual rows=262144.00 loops=1)
   Output: a, b
   Index Cond: ((t.a >= '-42297'::integer) AND (t.a <= '-25914'::integer))
   Index Searches: 1
   Buffers: shared hit=18095
 Settings: enable_bitmapscan = 'off', enable_seqscan = 'off', max_parallel_workers_per_gather = '0'
 Planning:
   Buffers: shared hit=105
 Planning Time: 0.374 ms
 Execution Time: 36.211 ms
(10 rows)

