SET
SET
SET
SET
SET
                                                                  QUERY PLAN                                                                  
----------------------------------------------------------------------------------------------------------------------------------------------
 Index Scan Backward using idx on public.t (actual rows=2048576.00 loops=1)
   Output: a, b
   Index Cond: ((t.a >= '-146213'::integer) AND (t.a <= '-18178'::integer))
   Index Searches: 1
   Prefetch: distance=269.722 count=171668 stalls=1 skipped=1912647 resets=0 ungets=36043 forwarded=72
             histogram [2,4) => 2, [4,8) => 3, [8,16) => 8, [16,32) => 10, [32,64) => 2, [64,128) => 2, [128,256) => 844, [256,512) => 170797
   Buffers: shared hit=103484 read=37763
 Settings: enable_bitmapscan = 'off', enable_seqscan = 'off', max_parallel_workers_per_gather = '0'
 Planning:
   Buffers: shared hit=78 read=22
 Planning Time: 5.503 ms
 Execution Time: 1165.753 ms
(12 rows)

SET
SET
SET
SET
SET
                                             QUERY PLAN                                             
----------------------------------------------------------------------------------------------------
 Index Scan Backward using idx on public.t (actual rows=2048576.00 loops=1)
   Output: a, b
   Index Cond: ((t.a >= '-146213'::integer) AND (t.a <= '-18178'::integer))
   Index Searches: 1
   Buffers: shared hit=141248
 Settings: enable_bitmapscan = 'off', enable_seqscan = 'off', max_parallel_workers_per_gather = '0'
 Planning:
   Buffers: shared hit=105
 Planning Time: 0.418 ms
 Execution Time: 306.894 ms
(10 rows)

