SET
SET
SET
SET
SET
                                                               QUERY PLAN                                                                
-----------------------------------------------------------------------------------------------------------------------------------------
 Index Scan Backward using idx on public.t (actual rows=16384.00 loops=1)
   Output: a, b
   Index Cond: ((t.a >= '-30732'::integer) AND (t.a <= '-29709'::integer))
   Index Searches: 1
   Prefetch: distance=265.417 count=1488 stalls=1 skipped=15141 resets=0 ungets=421 forwarded=0
             histogram [2,4) => 4, [4,8) => 6, [8,16) => 8, [16,32) => 8, [32,64) => 2, [64,128) => 2, [128,256) => 7, [256,512) => 1451
   Buffers: shared hit=653 read=477
 Settings: enable_bitmapscan = 'off', enable_seqscan = 'off', max_parallel_workers_per_gather = '0'
 Planning:
   Buffers: shared hit=78 read=22
 Planning Time: 5.524 ms
 Execution Time: 14.276 ms
(12 rows)

SET
SET
SET
SET
SET
                                             QUERY PLAN                                             
----------------------------------------------------------------------------------------------------
 Index Scan Backward using idx on public.t (actual rows=16384.00 loops=1)
   Output: a, b
   Index Cond: ((t.a >= '-30732'::integer) AND (t.a <= '-29709'::integer))
   Index Searches: 1
   Buffers: shared hit=1130
 Settings: enable_bitmapscan = 'off', enable_seqscan = 'off', max_parallel_workers_per_gather = '0'
 Planning:
   Buffers: shared hit=105
 Planning Time: 0.328 ms
 Execution Time: 2.463 ms
(10 rows)

