SET
SET
SET
SET
SET
                                                                  QUERY PLAN                                                                  
----------------------------------------------------------------------------------------------------------------------------------------------
 Index Scan Backward using idx on public.t (actual rows=4048576.00 loops=1)
   Output: a, b
   Index Cond: ((t.a >= '-285188'::integer) AND (t.a <= '-32153'::integer))
   Index Searches: 1
   Prefetch: distance=269.725 count=339124 stalls=1 skipped=3780418 resets=0 ungets=71062 forwarded=142
             histogram [2,4) => 2, [4,8) => 3, [8,16) => 5, [16,32) => 9, [32,64) => 2, [64,128) => 2, [128,256) => 1720, [256,512) => 337381
   Buffers: shared hit=204646 read=74488
 Settings: enable_bitmapscan = 'off', enable_seqscan = 'off', max_parallel_workers_per_gather = '0'
 Planning:
   Buffers: shared hit=78 read=22
 Planning Time: 5.610 ms
 Execution Time: 2326.841 ms
(12 rows)

SET
SET
SET
SET
SET
                                             QUERY PLAN                                             
----------------------------------------------------------------------------------------------------
 Index Scan Backward using idx on public.t (actual rows=4048576.00 loops=1)
   Output: a, b
   Index Cond: ((t.a >= '-285188'::integer) AND (t.a <= '-32153'::integer))
   Index Searches: 1
   Buffers: shared hit=279137
 Settings: enable_bitmapscan = 'off', enable_seqscan = 'off', max_parallel_workers_per_gather = '0'
 Planning:
   Buffers: shared hit=105
 Planning Time: 0.418 ms
 Execution Time: 655.572 ms
(10 rows)

