SET
SET
SET
SET
SET
                                                                  QUERY PLAN                                                                  
----------------------------------------------------------------------------------------------------------------------------------------------
 Index Scan Backward using idx on public.t (actual rows=8048576.00 loops=1)
   Output: a, b
   Index Cond: ((t.a >= '-511959'::integer) AND (t.a <= '-8924'::integer))
   Index Searches: 1
   Prefetch: distance=269.740 count=673999 stalls=1 skipped=7515393 resets=0 ungets=141088 forwarded=283
             histogram [2,4) => 2, [4,8) => 7, [8,16) => 7, [16,32) => 6, [32,64) => 2, [64,128) => 2, [128,256) => 3240, [256,512) => 670733
   Buffers: shared hit=407008 read=147913
 Settings: enable_bitmapscan = 'off', enable_seqscan = 'off', max_parallel_workers_per_gather = '0'
 Planning:
   Buffers: shared hit=78 read=26
 Planning Time: 5.940 ms
 Execution Time: 4564.081 ms
(12 rows)

SET
SET
SET
SET
SET
                                             QUERY PLAN                                             
----------------------------------------------------------------------------------------------------
 Index Scan Backward using idx on public.t (actual rows=8048576.00 loops=1)
   Output: a, b
   Index Cond: ((t.a >= '-511959'::integer) AND (t.a <= '-8924'::integer))
   Index Searches: 1
   Buffers: shared hit=554924
 Settings: enable_bitmapscan = 'off', enable_seqscan = 'off', max_parallel_workers_per_gather = '0'
 Planning:
   Buffers: shared hit=109
 Planning Time: 0.651 ms
 Execution Time: 1256.725 ms
(10 rows)

