SET
SET
SET
SET
SET
                                                                QUERY PLAN                                                                
------------------------------------------------------------------------------------------------------------------------------------------
 Index Scan Backward using idx on public.t (actual rows=32768.00 loops=1)
   Output: a, b
   Index Cond: ((t.a >= '-34214'::integer) AND (t.a <= '-32167'::integer))
   Index Searches: 1
   Prefetch: distance=267.527 count=2849 stalls=1 skipped=30357 resets=0 ungets=694 forwarded=1
             histogram [2,4) => 4, [4,8) => 5, [8,16) => 6, [16,32) => 9, [32,64) => 2, [64,128) => 2, [128,256) => 20, [256,512) => 2801
   Buffers: shared hit=1501 read=765
 Settings: enable_bitmapscan = 'off', enable_seqscan = 'off', max_parallel_workers_per_gather = '0'
 Planning:
   Buffers: shared hit=78 read=22
 Planning Time: 5.602 ms
 Execution Time: 24.252 ms
(12 rows)

SET
SET
SET
SET
SET
                                             QUERY PLAN                                             
----------------------------------------------------------------------------------------------------
 Index Scan Backward using idx on public.t (actual rows=32768.00 loops=1)
   Output: a, b
   Index Cond: ((t.a >= '-34214'::integer) AND (t.a <= '-32167'::integer))
   Index Searches: 1
   Buffers: shared hit=2266
 Settings: enable_bitmapscan = 'off', enable_seqscan = 'off', max_parallel_workers_per_gather = '0'
 Planning:
   Buffers: shared hit=105
 Planning Time: 0.329 ms
 Execution Time: 4.351 ms
(10 rows)

