SET
SET
SET
SET
SET
                                             QUERY PLAN                                             
----------------------------------------------------------------------------------------------------
 Index Scan using idx on public.t (actual rows=2048.00 loops=1)
   Output: a, b
   Index Cond: ((t.a >= '-292'::integer) AND (t.a <= '-165'::integer))
   Index Searches: 1
   Prefetch: distance=2.000 count=44 stalls=1399 skipped=473 resets=0 ungets=0 forwarded=0
             histogram [2,4) => 44
   Buffers: shared hit=1495 read=55
 Settings: enable_bitmapscan = 'off', enable_seqscan = 'off', max_parallel_workers_per_gather = '0'
 Planning:
   Buffers: shared hit=81 read=28
 Planning Time: 6.340 ms
 Execution Time: 5.568 ms
(12 rows)

SET
SET
SET
SET
SET
                                             QUERY PLAN                                             
----------------------------------------------------------------------------------------------------
 Index Scan using idx on public.t (actual rows=2048.00 loops=1)
   Output: a, b
   Index Cond: ((t.a >= '-292'::integer) AND (t.a <= '-165'::integer))
   Index Searches: 1
   Buffers: shared hit=1550
 Settings: enable_bitmapscan = 'off', enable_seqscan = 'off', max_parallel_workers_per_gather = '0'
 Planning:
   Buffers: shared hit=114
 Planning Time: 0.363 ms
 Execution Time: 0.586 ms
(10 rows)

