SET
SET
SET
SET
SET
                                             QUERY PLAN                                             
----------------------------------------------------------------------------------------------------
 Index Scan using idx on public.t (actual rows=4096.00 loops=1)
   Output: a, b
   Index Cond: ((t.a >= '-9817'::integer) AND (t.a <= '-9562'::integer))
   Index Searches: 1
   Prefetch: distance=2.000 count=90 stalls=2816 skipped=915 resets=0 ungets=0 forwarded=0
             histogram [2,4) => 90
   Buffers: shared hit=3045 read=85
 Settings: enable_bitmapscan = 'off', enable_seqscan = 'off', max_parallel_workers_per_gather = '0'
 Planning:
   Buffers: shared hit=81 read=28
 Planning Time: 6.068 ms
 Execution Time: 9.425 ms
(12 rows)

SET
SET
SET
SET
SET
                                             QUERY PLAN                                             
----------------------------------------------------------------------------------------------------
 Index Scan using idx on public.t (actual rows=4096.00 loops=1)
   Output: a, b
   Index Cond: ((t.a >= '-9817'::integer) AND (t.a <= '-9562'::integer))
   Index Searches: 1
   Buffers: shared hit=3130
 Settings: enable_bitmapscan = 'off', enable_seqscan = 'off', max_parallel_workers_per_gather = '0'
 Planning:
   Buffers: shared hit=114
 Planning Time: 0.445 ms
 Execution Time: 1.123 ms
(10 rows)

