SET
SET
SET
SET
SET
                                                                  QUERY PLAN                                                                  
----------------------------------------------------------------------------------------------------------------------------------------------
 Index Scan Backward using idx on public.t (actual rows=6048576.00 loops=1)
   Output: a, b
   Index Cond: ((t.a >= '-396897'::integer) AND (t.a <= '-18862'::integer))
   Index Searches: 1
   Prefetch: distance=269.736 count=506707 stalls=1 skipped=5647705 resets=0 ungets=106092 forwarded=223
             histogram [2,4) => 2, [4,8) => 7, [8,16) => 6, [16,32) => 9, [32,64) => 2, [64,128) => 2, [128,256) => 2505, [256,512) => 504174
   Buffers: shared hit=305966 read=111198
 Settings: enable_bitmapscan = 'off', enable_seqscan = 'off', max_parallel_workers_per_gather = '0'
 Planning:
   Buffers: shared hit=78 read=22
 Planning Time: 5.733 ms
 Execution Time: 3441.655 ms
(12 rows)

SET
SET
SET
SET
SET
                                             QUERY PLAN                                             
----------------------------------------------------------------------------------------------------
 Index Scan Backward using idx on public.t (actual rows=6048576.00 loops=1)
   Output: a, b
   Index Cond: ((t.a >= '-396897'::integer) AND (t.a <= '-18862'::integer))
   Index Searches: 1
   Buffers: shared hit=417165
 Settings: enable_bitmapscan = 'off', enable_seqscan = 'off', max_parallel_workers_per_gather = '0'
 Planning:
   Buffers: shared hit=105
 Planning Time: 0.429 ms
 Execution Time: 900.552 ms
(10 rows)

