SET
SET
SET
SET
SET
                                                                 QUERY PLAN                                                                 
--------------------------------------------------------------------------------------------------------------------------------------------
 Index Scan Backward using idx on public.t (actual rows=1048576.00 loops=1)
   Output: a, b
   Index Cond: ((t.a >= '-71744'::integer) AND (t.a <= '-6209'::integer))
   Index Searches: 1
   Prefetch: distance=269.695 count=88021 stalls=1 skipped=978962 resets=0 ungets=18535 forwarded=30
             histogram [2,4) => 2, [4,8) => 3, [8,16) => 5, [16,32) => 9, [32,64) => 2, [64,128) => 2, [128,256) => 415, [256,512) => 87583
   Buffers: shared hit=52960 read=19405
 Settings: enable_bitmapscan = 'off', enable_seqscan = 'off', max_parallel_workers_per_gather = '0'
 Planning:
   Buffers: shared hit=78 read=26
 Planning Time: 6.518 ms
 Execution Time: 597.060 ms
(12 rows)

SET
SET
SET
SET
SET
                                             QUERY PLAN                                             
----------------------------------------------------------------------------------------------------
 Index Scan Backward using idx on public.t (actual rows=1048576.00 loops=1)
   Output: a, b
   Index Cond: ((t.a >= '-71744'::integer) AND (t.a <= '-6209'::integer))
   Index Searches: 1
   Buffers: shared hit=72365
 Settings: enable_bitmapscan = 'off', enable_seqscan = 'off', max_parallel_workers_per_gather = '0'
 Planning:
   Buffers: shared hit=109
 Planning Time: 0.492 ms
 Execution Time: 139.729 ms
(10 rows)

