SET
SET
SET
SET
SET
                                                                  QUERY PLAN                                                                  
----------------------------------------------------------------------------------------------------------------------------------------------
 Index Scan Backward using idx on public.t (actual rows=9048576.00 loops=1)
   Output: a, b
   Index Cond: ((t.a >= '-597911'::integer) AND (t.a <= '-32376'::integer))
   Index Searches: 1
   Prefetch: distance=269.735 count=757843 stalls=1 skipped=8449190 resets=0 ungets=158537 forwarded=315
             histogram [2,4) => 2, [4,8) => 3, [8,16) => 5, [16,32) => 9, [32,64) => 2, [64,128) => 2, [128,256) => 3767, [256,512) => 754053
   Buffers: shared hit=457762 read=166275
 Settings: enable_bitmapscan = 'off', enable_seqscan = 'off', max_parallel_workers_per_gather = '0'
 Planning:
   Buffers: shared hit=78 read=22
 Planning Time: 5.923 ms
 Execution Time: 5161.186 ms
(12 rows)

SET
SET
SET
SET
SET
                                             QUERY PLAN                                             
----------------------------------------------------------------------------------------------------
 Index Scan Backward using idx on public.t (actual rows=9048576.00 loops=1)
   Output: a, b
   Index Cond: ((t.a >= '-597911'::integer) AND (t.a <= '-32376'::integer))
   Index Searches: 1
   Buffers: shared hit=624040
 Settings: enable_bitmapscan = 'off', enable_seqscan = 'off', max_parallel_workers_per_gather = '0'
 Planning:
   Buffers: shared hit=105
 Planning Time: 0.472 ms
 Execution Time: 1440.511 ms
(10 rows)

