SET
SET
SET
SET
SET
                                                                 QUERY PLAN                                                                 
--------------------------------------------------------------------------------------------------------------------------------------------
 Index Scan Backward using idx on public.t (actual rows=1048576.00 loops=1)
   Output: a, b
   Index Cond: ((t.a >= '-84548'::integer) AND (t.a <= '-19013'::integer))
   Index Searches: 1
   Prefetch: distance=269.675 count=88031 stalls=1 skipped=979043 resets=0 ungets=18530 forwarded=33
             histogram [2,4) => 2, [4,8) => 3, [8,16) => 5, [16,32) => 9, [32,64) => 2, [64,128) => 2, [128,256) => 454, [256,512) => 87554
   Buffers: shared hit=52953 read=19420
 Settings: enable_bitmapscan = 'off', enable_seqscan = 'off', max_parallel_workers_per_gather = '0'
 Planning:
   Buffers: shared hit=78 read=22
 Planning Time: 5.449 ms
 Execution Time: 604.832 ms
(12 rows)

SET
SET
SET
SET
SET
                                             QUERY PLAN                                             
----------------------------------------------------------------------------------------------------
 Index Scan Backward using idx on public.t (actual rows=1048576.00 loops=1)
   Output: a, b
   Index Cond: ((t.a >= '-84548'::integer) AND (t.a <= '-19013'::integer))
   Index Searches: 1
   Buffers: shared hit=72374
 Settings: enable_bitmapscan = 'off', enable_seqscan = 'off', max_parallel_workers_per_gather = '0'
 Planning:
   Buffers: shared hit=105
 Planning Time: 0.420 ms
 Execution Time: 158.526 ms
(10 rows)

