SET
SET
SET
SET
SET
                                                                 QUERY PLAN                                                                  
---------------------------------------------------------------------------------------------------------------------------------------------
 Index Scan Backward using idx on public.t (actual rows=2048576.00 loops=1)
   Output: a, b
   Index Cond: ((t.a >= '-148900'::integer) AND (t.a <= '-20865'::integer))
   Index Searches: 1
   Prefetch: distance=269.735 count=171741 stalls=1 skipped=1912821 resets=0 ungets=36098 forwarded=74
             histogram [2,4) => 2, [4,8) => 3, [8,16) => 6, [16,32) => 9, [32,64) => 2, [64,128) => 3, [128,256) => 768, [256,512) => 170948
   Buffers: shared hit=103496 read=37756
 Settings: enable_bitmapscan = 'off', enable_seqscan = 'off', max_parallel_workers_per_gather = '0'
 Planning:
   Buffers: shared hit=78 read=22
 Planning Time: 5.584 ms
 Execution Time: 1187.231 ms
(12 rows)

SET
SET
SET
SET
SET
                                             QUERY PLAN                                             
----------------------------------------------------------------------------------------------------
 Index Scan Backward using idx on public.t (actual rows=2048576.00 loops=1)
   Output: a, b
   Index Cond: ((t.a >= '-148900'::integer) AND (t.a <= '-20865'::integer))
   Index Searches: 1
   Buffers: shared hit=141253
 Settings: enable_bitmapscan = 'off', enable_seqscan = 'off', max_parallel_workers_per_gather = '0'
 Planning:
   Buffers: shared hit=105
 Planning Time: 0.362 ms
 Execution Time: 280.099 ms
(10 rows)

