SET
SET
SET
SET
SET
                                                                 QUERY PLAN                                                                 
--------------------------------------------------------------------------------------------------------------------------------------------
 Index Scan Backward using idx on public.t (actual rows=524288.00 loops=1)
   Output: a, b
   Index Cond: ((t.a >= '-47723'::integer) AND (t.a <= '-14956'::integer))
   Index Searches: 1
   Prefetch: distance=269.630 count=44015 stalls=1 skipped=489525 resets=0 ungets=9348 forwarded=15
             histogram [2,4) => 2, [4,8) => 3, [8,16) => 5, [16,32) => 9, [32,64) => 2, [64,128) => 2, [128,256) => 240, [256,512) => 43752
   Buffers: shared hit=26320 read=9793
 Settings: enable_bitmapscan = 'off', enable_seqscan = 'off', max_parallel_workers_per_gather = '0'
 Planning:
   Buffers: shared hit=78 read=22
 Planning Time: 5.737 ms
 Execution Time: 304.533 ms
(12 rows)

SET
SET
SET
SET
SET
                                             QUERY PLAN                                             
----------------------------------------------------------------------------------------------------
 Index Scan Backward using idx on public.t (actual rows=524288.00 loops=1)
   Output: a, b
   Index Cond: ((t.a >= '-47723'::integer) AND (t.a <= '-14956'::integer))
   Index Searches: 1
   Buffers: shared hit=36113
 Settings: enable_bitmapscan = 'off', enable_seqscan = 'off', max_parallel_workers_per_gather = '0'
 Planning:
   Buffers: shared hit=105
 Planning Time: 0.445 ms
 Execution Time: 79.357 ms
(10 rows)

