SET
SET
SET
SET
SET
                                                                  QUERY PLAN                                                                  
----------------------------------------------------------------------------------------------------------------------------------------------
 Index Scan Backward using idx on public.t (actual rows=8048576.00 loops=1)
   Output: a, b
   Index Cond: ((t.a >= '-509142'::integer) AND (t.a <= '-6107'::integer))
   Index Searches: 1
   Prefetch: distance=269.739 count=674027 stalls=1 skipped=7515404 resets=0 ungets=141079 forwarded=279
             histogram [2,4) => 2, [4,8) => 3, [8,16) => 9, [16,32) => 9, [32,64) => 2, [64,128) => 2, [128,256) => 3220, [256,512) => 670780
   Buffers: shared hit=407051 read=147906
 Settings: enable_bitmapscan = 'off', enable_seqscan = 'off', max_parallel_workers_per_gather = '0'
 Planning:
   Buffers: shared hit=78 read=26
 Planning Time: 5.787 ms
 Execution Time: 4579.986 ms
(12 rows)

SET
SET
SET
SET
SET
                                             QUERY PLAN                                             
----------------------------------------------------------------------------------------------------
 Index Scan Backward using idx on public.t (actual rows=8048576.00 loops=1)
   Output: a, b
   Index Cond: ((t.a >= '-509142'::integer) AND (t.a <= '-6107'::integer))
   Index Searches: 1
   Buffers: shared hit=554960
 Settings: enable_bitmapscan = 'off', enable_seqscan = 'off', max_parallel_workers_per_gather = '0'
 Planning:
   Buffers: shared hit=109
 Planning Time: 0.488 ms
 Execution Time: 1262.349 ms
(10 rows)

