SET
SET
SET
SET
SET
                                                                  QUERY PLAN                                                                  
----------------------------------------------------------------------------------------------------------------------------------------------
 Index Scan Backward using idx on public.t (actual rows=5048576.00 loops=1)
   Output: a, b
   Index Cond: ((t.a >= '-316132'::integer) AND (t.a <= '-597'::integer))
   Index Searches: 1
   Prefetch: distance=269.736 count=422929 stalls=1 skipped=4713918 resets=0 ungets=88639 forwarded=169
             histogram [2,4) => 2, [4,8) => 4, [8,16) => 8, [16,32) => 9, [32,64) => 6, [64,128) => 2, [128,256) => 1959, [256,512) => 420939
   Buffers: shared hit=255281 read=92831
 Settings: enable_bitmapscan = 'off', enable_seqscan = 'off', max_parallel_workers_per_gather = '0'
 Planning:
   Buffers: shared hit=78 read=26
 Planning Time: 5.873 ms
 Execution Time: 2871.550 ms
(12 rows)

SET
SET
SET
SET
SET
                                             QUERY PLAN                                             
----------------------------------------------------------------------------------------------------
 Index Scan Backward using idx on public.t (actual rows=5048576.00 loops=1)
   Output: a, b
   Index Cond: ((t.a >= '-316132'::integer) AND (t.a <= '-597'::integer))
   Index Searches: 1
   Buffers: shared hit=348113
 Settings: enable_bitmapscan = 'off', enable_seqscan = 'off', max_parallel_workers_per_gather = '0'
 Planning:
   Buffers: shared hit=109
 Planning Time: 0.459 ms
 Execution Time: 788.731 ms
(10 rows)

