SET
SET
SET
SET
SET
                                                                QUERY PLAN                                                                
------------------------------------------------------------------------------------------------------------------------------------------
 Index Scan Backward using idx on public.t (actual rows=16384.00 loops=1)
   Output: a, b
   Index Cond: ((t.a >= '-6052'::integer) AND (t.a <= '-5029'::integer))
   Index Searches: 1
   Prefetch: distance=265.900 count=1477 stalls=1 skipped=15109 resets=0 ungets=410 forwarded=1
             histogram [2,4) => 2, [4,8) => 4, [8,16) => 10, [16,32) => 7, [32,64) => 3, [64,128) => 2, [128,256) => 3, [256,512) => 1446
   Buffers: shared hit=660 read=471
 Settings: enable_bitmapscan = 'off', enable_seqscan = 'off', max_parallel_workers_per_gather = '0'
 Planning:
   Buffers: shared hit=82 read=26
 Planning Time: 5.777 ms
 Execution Time: 14.389 ms
(12 rows)

SET
SET
SET
SET
SET
                                             QUERY PLAN                                             
----------------------------------------------------------------------------------------------------
 Index Scan Backward using idx on public.t (actual rows=16384.00 loops=1)
   Output: a, b
   Index Cond: ((t.a >= '-6052'::integer) AND (t.a <= '-5029'::integer))
   Index Searches: 1
   Buffers: shared hit=1131
 Settings: enable_bitmapscan = 'off', enable_seqscan = 'off', max_parallel_workers_per_gather = '0'
 Planning:
   Buffers: shared hit=113
 Planning Time: 0.355 ms
 Execution Time: 2.400 ms
(10 rows)

