SET
SET
SET
SET
SET
                                                                 QUERY PLAN                                                                  
---------------------------------------------------------------------------------------------------------------------------------------------
 Index Scan Backward using idx on public.t (actual rows=2048576.00 loops=1)
   Output: a, b
   Index Cond: ((t.a >= '-154087'::integer) AND (t.a <= '-26052'::integer))
   Index Searches: 1
   Prefetch: distance=269.728 count=171743 stalls=1 skipped=1912903 resets=0 ungets=36086 forwarded=73
             histogram [2,4) => 2, [4,8) => 3, [8,16) => 5, [16,32) => 9, [32,64) => 2, [64,128) => 2, [128,256) => 827, [256,512) => 170893
   Buffers: shared hit=103485 read=37776
 Settings: enable_bitmapscan = 'off', enable_seqscan = 'off', max_parallel_workers_per_gather = '0'
 Planning:
   Buffers: shared hit=78 read=22
 Planning Time: 5.613 ms
 Execution Time: 1164.828 ms
(12 rows)

SET
SET
SET
SET
SET
                                             QUERY PLAN                                             
----------------------------------------------------------------------------------------------------
 Index Scan Backward using idx on public.t (actual rows=2048576.00 loops=1)
   Output: a, b
   Index Cond: ((t.a >= '-154087'::integer) AND (t.a <= '-26052'::integer))
   Index Searches: 1
   Buffers: shared hit=141262
 Settings: enable_bitmapscan = 'off', enable_seqscan = 'off', max_parallel_workers_per_gather = '0'
 Planning:
   Buffers: shared hit=105
 Planning Time: 0.416 ms
 Execution Time: 312.463 ms
(10 rows)

