SET
SET
SET
SET
SET
                                                                  QUERY PLAN                                                                   
-----------------------------------------------------------------------------------------------------------------------------------------------
 Index Scan Backward using idx on public.t (actual rows=9048576.00 loops=1)
   Output: a, b
   Index Cond: ((t.a >= '-584189'::integer) AND (t.a <= '-18654'::integer))
   Index Searches: 1
   Prefetch: distance=269.739 count=757812 stalls=1 skipped=8449218 resets=0 ungets=158582 forwarded=315
             histogram [2,4) => 2, [4,8) => 3, [8,16) => 12, [16,32) => 5, [32,64) => 2, [64,128) => 2, [128,256) => 3728, [256,512) => 754058
   Buffers: shared hit=457693 read=166272
 Settings: enable_bitmapscan = 'off', enable_seqscan = 'off', max_parallel_workers_per_gather = '0'
 Planning:
   Buffers: shared hit=78 read=22
 Planning Time: 5.676 ms
 Execution Time: 5120.246 ms
(12 rows)

SET
SET
SET
SET
SET
                                             QUERY PLAN                                             
----------------------------------------------------------------------------------------------------
 Index Scan Backward using idx on public.t (actual rows=9048576.00 loops=1)
   Output: a, b
   Index Cond: ((t.a >= '-584189'::integer) AND (t.a <= '-18654'::integer))
   Index Searches: 1
   Buffers: shared hit=623968
 Settings: enable_bitmapscan = 'off', enable_seqscan = 'off', max_parallel_workers_per_gather = '0'
 Planning:
   Buffers: shared hit=105
 Planning Time: 0.559 ms
 Execution Time: 1479.715 ms
(10 rows)

