SET
SET
SET
SET
SET
                                                               QUERY PLAN                                                               
----------------------------------------------------------------------------------------------------------------------------------------
 Index Scan using idx on public.t (actual rows=1024.00 loops=1)
   Output: a, b
   Index Cond: ((t.a >= '-6897'::integer) AND (t.a <= '-6834'::integer))
   Index Searches: 1
   Prefetch: distance=198.204 count=98 stalls=1 skipped=847 resets=0 ungets=32 forwarded=1
             histogram [2,4) => 2, [4,8) => 3, [8,16) => 13, [16,32) => 7, [32,64) => 2, [64,128) => 2, [128,256) => 2, [256,512) => 67
   Buffers: shared hit=13 read=70
 Settings: enable_bitmapscan = 'off', enable_seqscan = 'off', max_parallel_workers_per_gather = '0'
 Planning:
   Buffers: shared hit=86 read=26
 Planning Time: 6.164 ms
 Execution Time: 3.601 ms
(12 rows)

SET
SET
SET
SET
SET
                                             QUERY PLAN                                             
----------------------------------------------------------------------------------------------------
 Index Scan using idx on public.t (actual rows=1024.00 loops=1)
   Output: a, b
   Index Cond: ((t.a >= '-6897'::integer) AND (t.a <= '-6834'::integer))
   Index Searches: 1
   Buffers: shared hit=83
 Settings: enable_bitmapscan = 'off', enable_seqscan = 'off', max_parallel_workers_per_gather = '0'
 Planning:
   Buffers: shared hit=117
 Planning Time: 0.368 ms
 Execution Time: 0.276 ms
(10 rows)

