SET
SET
SET
SET
SET
                                                                 QUERY PLAN                                                                 
--------------------------------------------------------------------------------------------------------------------------------------------
 Index Scan using idx on public.t (actual rows=524288.00 loops=1)
   Output: a, b
   Index Cond: ((t.a >= '-59428'::integer) AND (t.a <= '-26661'::integer))
   Index Searches: 1
   Prefetch: distance=269.530 count=43774 stalls=1 skipped=489269 resets=0 ungets=8963 forwarded=222
             histogram [2,4) => 2, [4,8) => 3, [8,16) => 6, [16,32) => 9, [32,64) => 3, [64,128) => 2, [128,256) => 307, [256,512) => 43442
   Buffers: shared hit=26478 read=9781
 Settings: enable_bitmapscan = 'off', enable_seqscan = 'off', max_parallel_workers_per_gather = '0'
 Planning:
   Buffers: shared hit=82 read=22
 Planning Time: 5.414 ms
 Execution Time: 188.248 ms
(12 rows)

SET
SET
SET
SET
SET
                                             QUERY PLAN                                             
----------------------------------------------------------------------------------------------------
 Index Scan using idx on public.t (actual rows=524288.00 loops=1)
   Output: a, b
   Index Cond: ((t.a >= '-59428'::integer) AND (t.a <= '-26661'::integer))
   Index Searches: 1
   Buffers: shared hit=36261
 Settings: enable_bitmapscan = 'off', enable_seqscan = 'off', max_parallel_workers_per_gather = '0'
 Planning:
   Buffers: shared hit=109
 Planning Time: 0.367 ms
 Execution Time: 78.238 ms
(10 rows)

