SET
SET
SET
SET
SET
                                                                QUERY PLAN                                                                 
-------------------------------------------------------------------------------------------------------------------------------------------
 Index Scan using idx on public.t (actual rows=262144.00 loops=1)
   Output: a, b
   Index Cond: ((t.a >= '-19826'::integer) AND (t.a <= '-3443'::integer))
   Index Searches: 1
   Prefetch: distance=269.471 count=21903 stalls=1 skipped=244619 resets=0 ungets=4586 forwarded=102
             histogram [2,4) => 2, [4,8) => 7, [8,16) => 9, [16,32) => 7, [32,64) => 2, [64,128) => 2, [128,256) => 88, [256,512) => 21786
   Buffers: shared hit=13074 read=4975
 Settings: enable_bitmapscan = 'off', enable_seqscan = 'off', max_parallel_workers_per_gather = '0'
 Planning:
   Buffers: shared hit=82 read=26
 Planning Time: 5.879 ms
 Execution Time: 96.921 ms
(12 rows)

SET
SET
SET
SET
SET
                                             QUERY PLAN                                             
----------------------------------------------------------------------------------------------------
 Index Scan using idx on public.t (actual rows=262144.00 loops=1)
   Output: a, b
   Index Cond: ((t.a >= '-19826'::integer) AND (t.a <= '-3443'::integer))
   Index Searches: 1
   Buffers: shared hit=18052
 Settings: enable_bitmapscan = 'off', enable_seqscan = 'off', max_parallel_workers_per_gather = '0'
 Planning:
   Buffers: shared hit=113
 Planning Time: 0.409 ms
 Execution Time: 38.543 ms
(10 rows)

