SET
SET
SET
SET
SET
                                                                QUERY PLAN                                                                
------------------------------------------------------------------------------------------------------------------------------------------
 Index Scan using idx on public.t (actual rows=65536.00 loops=1)
   Output: a, b
   Index Cond: ((t.a >= '-24556'::integer) AND (t.a <= '-20461'::integer))
   Index Searches: 1
   Prefetch: distance=268.739 count=5549 stalls=1 skipped=61004 resets=0 ungets=1241 forwarded=35
             histogram [2,4) => 2, [4,8) => 3, [8,16) => 5, [16,32) => 9, [32,64) => 4, [64,128) => 2, [128,256) => 34, [256,512) => 5490
   Buffers: shared hit=3144 read=1363
 Settings: enable_bitmapscan = 'off', enable_seqscan = 'off', max_parallel_workers_per_gather = '0'
 Planning:
   Buffers: shared hit=82 read=22
 Planning Time: 5.827 ms
 Execution Time: 28.161 ms
(12 rows)

SET
SET
SET
SET
SET
                                             QUERY PLAN                                             
----------------------------------------------------------------------------------------------------
 Index Scan using idx on public.t (actual rows=65536.00 loops=1)
   Output: a, b
   Index Cond: ((t.a >= '-24556'::integer) AND (t.a <= '-20461'::integer))
   Index Searches: 1
   Buffers: shared hit=4507
 Settings: enable_bitmapscan = 'off', enable_seqscan = 'off', max_parallel_workers_per_gather = '0'
 Planning:
   Buffers: shared hit=109
 Planning Time: 0.446 ms
 Execution Time: 13.051 ms
(10 rows)

