SET
SET
SET
SET
SET
                                                                QUERY PLAN                                                                
------------------------------------------------------------------------------------------------------------------------------------------
 Index Scan using idx on public.t (actual rows=32768.00 loops=1)
   Output: a, b
   Index Cond: ((t.a >= '-12634'::integer) AND (t.a <= '-10587'::integer))
   Index Searches: 1
   Prefetch: distance=267.830 count=2843 stalls=1 skipped=30514 resets=0 ungets=685 forwarded=17
             histogram [2,4) => 2, [4,8) => 4, [8,16) => 5, [16,32) => 10, [32,64) => 3, [64,128) => 2, [128,256) => 9, [256,512) => 2808
   Buffers: shared hit=1499 read=762
 Settings: enable_bitmapscan = 'off', enable_seqscan = 'off', max_parallel_workers_per_gather = '0'
 Planning:
   Buffers: shared hit=86 read=26
 Planning Time: 6.132 ms
 Execution Time: 15.833 ms
(12 rows)

SET
SET
SET
SET
SET
                                             QUERY PLAN                                             
----------------------------------------------------------------------------------------------------
 Index Scan using idx on public.t (actual rows=32768.00 loops=1)
   Output: a, b
   Index Cond: ((t.a >= '-12634'::integer) AND (t.a <= '-10587'::integer))
   Index Searches: 1
   Buffers: shared hit=2261
 Settings: enable_bitmapscan = 'off', enable_seqscan = 'off', max_parallel_workers_per_gather = '0'
 Planning:
   Buffers: shared hit=117
 Planning Time: 0.484 ms
 Execution Time: 6.961 ms
(10 rows)

