SET
SET
SET
SET
SET
                                                                  QUERY PLAN                                                                  
----------------------------------------------------------------------------------------------------------------------------------------------
 Index Scan using idx on public.t (actual rows=3048576.00 loops=1)
   Output: a, b
   Index Cond: ((t.a >= '-194747'::integer) AND (t.a <= '-4212'::integer))
   Index Searches: 1
   Prefetch: distance=269.690 count=253436 stalls=1 skipped=2846479 resets=0 ungets=51675 forwarded=1334
             histogram [2,4) => 2, [4,8) => 5, [8,16) => 9, [16,32) => 7, [32,64) => 2, [64,128) => 3, [128,256) => 1269, [256,512) => 252139
   Buffers: shared hit=153973 read=56123
 Settings: enable_bitmapscan = 'off', enable_seqscan = 'off', max_parallel_workers_per_gather = '0'
 Planning:
   Buffers: shared hit=82 read=26
 Planning Time: 6.002 ms
 Execution Time: 1043.084 ms
(12 rows)

SET
SET
SET
SET
SET
                                             QUERY PLAN                                             
----------------------------------------------------------------------------------------------------
 Index Scan using idx on public.t (actual rows=3048576.00 loops=1)
   Output: a, b
   Index Cond: ((t.a >= '-194747'::integer) AND (t.a <= '-4212'::integer))
   Index Searches: 1
   Buffers: shared hit=210117
 Settings: enable_bitmapscan = 'off', enable_seqscan = 'off', max_parallel_workers_per_gather = '0'
 Planning:
   Buffers: shared hit=113
 Planning Time: 0.422 ms
 Execution Time: 426.215 ms
(10 rows)

