SET
SET
SET
SET
SET
                                                                 QUERY PLAN                                                                  
---------------------------------------------------------------------------------------------------------------------------------------------
 Index Scan using idx on public.t (actual rows=2048576.00 loops=1)
   Output: a, b
   Index Cond: ((t.a >= '-132949'::integer) AND (t.a <= '-4914'::integer))
   Index Searches: 1
   Prefetch: distance=269.688 count=170461 stalls=1 skipped=1912854 resets=0 ungets=34835 forwarded=895
             histogram [2,4) => 2, [4,8) => 3, [8,16) => 5, [16,32) => 9, [32,64) => 4, [64,128) => 2, [128,256) => 856, [256,512) => 169580
   Buffers: shared hit=103445 read=37769
 Settings: enable_bitmapscan = 'off', enable_seqscan = 'off', max_parallel_workers_per_gather = '0'
 Planning:
   Buffers: shared hit=82 read=26
 Planning Time: 6.153 ms
 Execution Time: 698.904 ms
(12 rows)

SET
SET
SET
SET
SET
                                             QUERY PLAN                                             
----------------------------------------------------------------------------------------------------
 Index Scan using idx on public.t (actual rows=2048576.00 loops=1)
   Output: a, b
   Index Cond: ((t.a >= '-132949'::integer) AND (t.a <= '-4914'::integer))
   Index Searches: 1
   Buffers: shared hit=141236
 Settings: enable_bitmapscan = 'off', enable_seqscan = 'off', max_parallel_workers_per_gather = '0'
 Planning:
   Buffers: shared hit=113
 Planning Time: 0.453 ms
 Execution Time: 349.585 ms
(10 rows)

