SET
SET
SET
SET
SET
                                                                  QUERY PLAN                                                                   
-----------------------------------------------------------------------------------------------------------------------------------------------
 Index Scan using idx on public.t (actual rows=7048576.00 loops=1)
   Output: a, b
   Index Cond: ((t.a >= '-448227'::integer) AND (t.a <= '-7692'::integer))
   Index Searches: 1
   Prefetch: distance=269.706 count=586141 stalls=1 skipped=6581587 resets=0 ungets=119440 forwarded=3068
             histogram [2,4) => 4, [4,8) => 4, [8,16) => 12, [16,32) => 7, [32,64) => 3, [64,128) => 2, [128,256) => 2999, [256,512) => 583110
   Buffers: shared hit=356366 read=129559
 Settings: enable_bitmapscan = 'off', enable_seqscan = 'off', max_parallel_workers_per_gather = '0'
 Planning:
   Buffers: shared hit=82 read=26
 Planning Time: 6.046 ms
 Execution Time: 2435.671 ms
(12 rows)

SET
SET
SET
SET
SET
                                             QUERY PLAN                                             
----------------------------------------------------------------------------------------------------
 Index Scan using idx on public.t (actual rows=7048576.00 loops=1)
   Output: a, b
   Index Cond: ((t.a >= '-448227'::integer) AND (t.a <= '-7692'::integer))
   Index Searches: 1
   Buffers: shared hit=485984
 Settings: enable_bitmapscan = 'off', enable_seqscan = 'off', max_parallel_workers_per_gather = '0'
 Planning:
   Buffers: shared hit=113
 Planning Time: 0.749 ms
 Execution Time: 1165.206 ms
(10 rows)

