SET
SET
SET
SET
SET
                                                                  QUERY PLAN                                                                   
-----------------------------------------------------------------------------------------------------------------------------------------------
 Index Scan using idx on public.t (actual rows=4048576.00 loops=1)
   Output: a, b
   Index Cond: ((t.a >= '-260505'::integer) AND (t.a <= '-7470'::integer))
   Index Searches: 1
   Prefetch: distance=269.693 count=336622 stalls=1 skipped=3780437 resets=0 ungets=68675 forwarded=1754
             histogram [2,4) => 2, [4,8) => 4, [8,16) => 11, [16,32) => 5, [32,64) => 2, [64,128) => 3, [128,256) => 1804, [256,512) => 334791
   Buffers: shared hit=204506 read=74482
 Settings: enable_bitmapscan = 'off', enable_seqscan = 'off', max_parallel_workers_per_gather = '0'
 Planning:
   Buffers: shared hit=82 read=26
 Planning Time: 6.034 ms
 Execution Time: 1402.631 ms
(12 rows)

SET
SET
SET
SET
SET
                                             QUERY PLAN                                             
----------------------------------------------------------------------------------------------------
 Index Scan using idx on public.t (actual rows=4048576.00 loops=1)
   Output: a, b
   Index Cond: ((t.a >= '-260505'::integer) AND (t.a <= '-7470'::integer))
   Index Searches: 1
   Buffers: shared hit=279028
 Settings: enable_bitmapscan = 'off', enable_seqscan = 'off', max_parallel_workers_per_gather = '0'
 Planning:
   Buffers: shared hit=113
 Planning Time: 0.404 ms
 Execution Time: 622.187 ms
(10 rows)

