SET
SET
SET
SET
SET
                                                                QUERY PLAN                                                                
------------------------------------------------------------------------------------------------------------------------------------------
 Index Scan using idx on public.t (actual rows=8192.00 loops=1)
   Output: a, b
   Index Cond: ((t.a >= '-24748'::integer) AND (t.a <= '-24237'::integer))
   Index Searches: 1
   Prefetch: distance=260.273 count=781 stalls=1 skipped=7474 resets=0 ungets=255 forwarded=5
             histogram [2,4) => 4, [4,8) => 4, [8,16) => 10, [16,32) => 11, [32,64) => 2, [64,128) => 3, [128,256) => 2, [256,512) => 745
   Buffers: shared hit=261 read=307
 Settings: enable_bitmapscan = 'off', enable_seqscan = 'off', max_parallel_workers_per_gather = '0'
 Planning:
   Buffers: shared hit=82 read=22
 Planning Time: 5.620 ms
 Execution Time: 7.900 ms
(12 rows)

SET
SET
SET
SET
SET
                                             QUERY PLAN                                             
----------------------------------------------------------------------------------------------------
 Index Scan using idx on public.t (actual rows=8192.00 loops=1)
   Output: a, b
   Index Cond: ((t.a >= '-24748'::integer) AND (t.a <= '-24237'::integer))
   Index Searches: 1
   Buffers: shared hit=568
 Settings: enable_bitmapscan = 'off', enable_seqscan = 'off', max_parallel_workers_per_gather = '0'
 Planning:
   Buffers: shared hit=109
 Planning Time: 0.308 ms
 Execution Time: 1.452 ms
(10 rows)

