SET
SET
SET
SET
SET
                                                                QUERY PLAN                                                                 
-------------------------------------------------------------------------------------------------------------------------------------------
 Index Scan using idx on public.t (actual rows=131072.00 loops=1)
   Output: a, b
   Index Cond: ((t.a >= '-39150'::integer) AND (t.a <= '-30959'::integer))
   Index Searches: 1
   Prefetch: distance=269.149 count=11011 stalls=1 skipped=122150 resets=0 ungets=2329 forwarded=57
             histogram [2,4) => 2, [4,8) => 6, [8,16) => 8, [16,32) => 9, [32,64) => 1, [64,128) => 3, [128,256) => 47, [256,512) => 10935
   Buffers: shared hit=6495 read=2567
 Settings: enable_bitmapscan = 'off', enable_seqscan = 'off', max_parallel_workers_per_gather = '0'
 Planning:
   Buffers: shared hit=82 read=22
 Planning Time: 5.698 ms
 Execution Time: 50.332 ms
(12 rows)

SET
SET
SET
SET
SET
                                             QUERY PLAN                                             
----------------------------------------------------------------------------------------------------
 Index Scan using idx on public.t (actual rows=131072.00 loops=1)
   Output: a, b
   Index Cond: ((t.a >= '-39150'::integer) AND (t.a <= '-30959'::integer))
   Index Searches: 1
   Buffers: shared hit=9063
 Settings: enable_bitmapscan = 'off', enable_seqscan = 'off', max_parallel_workers_per_gather = '0'
 Planning:
   Buffers: shared hit=109
 Planning Time: 0.401 ms
 Execution Time: 17.373 ms
(10 rows)

