SET
SET
SET
SET
SET
                                                                QUERY PLAN                                                                
------------------------------------------------------------------------------------------------------------------------------------------
 Index Scan using idx on public.t (actual rows=16384.00 loops=1)
   Output: a, b
   Index Cond: ((t.a >= '-6917'::integer) AND (t.a <= '-5894'::integer))
   Index Searches: 1
   Prefetch: distance=266.106 count=1477 stalls=1 skipped=15147 resets=0 ungets=384 forwarded=12
             histogram [2,4) => 2, [4,8) => 3, [8,16) => 5, [16,32) => 9, [32,64) => 2, [64,128) => 2, [128,256) => 12, [256,512) => 1442
   Buffers: shared hit=707 read=447
 Settings: enable_bitmapscan = 'off', enable_seqscan = 'off', max_parallel_workers_per_gather = '0'
 Planning:
   Buffers: shared hit=86 read=26
 Planning Time: 5.938 ms
 Execution Time: 10.397 ms
(12 rows)

SET
SET
SET
SET
SET
                                             QUERY PLAN                                             
----------------------------------------------------------------------------------------------------
 Index Scan using idx on public.t (actual rows=16384.00 loops=1)
   Output: a, b
   Index Cond: ((t.a >= '-6917'::integer) AND (t.a <= '-5894'::integer))
   Index Searches: 1
   Buffers: shared hit=1154
 Settings: enable_bitmapscan = 'off', enable_seqscan = 'off', max_parallel_workers_per_gather = '0'
 Planning:
   Buffers: shared hit=117
 Planning Time: 0.461 ms
 Execution Time: 3.763 ms
(10 rows)

