SET
SET
SET
SET
SET
                                                                QUERY PLAN                                                                 
-------------------------------------------------------------------------------------------------------------------------------------------
 Index Scan using idx on public.t (actual rows=65536.00 loops=1)
   Output: a, b
   Index Cond: ((t.a >= '-10710'::integer) AND (t.a <= '-6615'::integer))
   Index Searches: 1
   Prefetch: distance=268.709 count=5551 stalls=1 skipped=60898 resets=0 ungets=1233 forwarded=32
             histogram [2,4) => 2, [4,8) => 3, [8,16) => 8, [16,32) => 10, [32,64) => 2, [64,128) => 3, [128,256) => 26, [256,512) => 5497
   Buffers: shared hit=3166 read=1361
 Settings: enable_bitmapscan = 'off', enable_seqscan = 'off', max_parallel_workers_per_gather = '0'
 Planning:
   Buffers: shared hit=86 read=26
 Planning Time: 5.810 ms
 Execution Time: 28.690 ms
(12 rows)

SET
SET
SET
SET
SET
                                             QUERY PLAN                                             
----------------------------------------------------------------------------------------------------
 Index Scan using idx on public.t (actual rows=65536.00 loops=1)
   Output: a, b
   Index Cond: ((t.a >= '-10710'::integer) AND (t.a <= '-6615'::integer))
   Index Searches: 1
   Buffers: shared hit=4528
 Settings: enable_bitmapscan = 'off', enable_seqscan = 'off', max_parallel_workers_per_gather = '0'
 Planning:
   Buffers: shared hit=117
 Planning Time: 0.377 ms
 Execution Time: 8.185 ms
(10 rows)

