SET
SET
SET
SET
SET
                                                               QUERY PLAN                                                               
----------------------------------------------------------------------------------------------------------------------------------------
 Index Scan using idx on public.t (actual rows=1024.00 loops=1)
   Output: a, b
   Index Cond: ((t.a >= '-32677'::integer) AND (t.a <= '-32614'::integer))
   Index Searches: 1
   Prefetch: distance=195.990 count=96 stalls=1 skipped=850 resets=0 ungets=34 forwarded=2
             histogram [2,4) => 2, [4,8) => 3, [8,16) => 9, [16,32) => 11, [32,64) => 3, [64,128) => 1, [128,256) => 2, [256,512) => 65
   Buffers: shared hit=13 read=66
 Settings: enable_bitmapscan = 'off', enable_seqscan = 'off', max_parallel_workers_per_gather = '0'
 Planning:
   Buffers: shared hit=82 read=22
 Planning Time: 6.120 ms
 Execution Time: 3.596 ms
(12 rows)

SET
SET
SET
SET
SET
                                             QUERY PLAN                                             
----------------------------------------------------------------------------------------------------
 Index Scan using idx on public.t (actual rows=1024.00 loops=1)
   Output: a, b
   Index Cond: ((t.a >= '-32677'::integer) AND (t.a <= '-32614'::integer))
   Index Searches: 1
   Buffers: shared hit=79
 Settings: enable_bitmapscan = 'off', enable_seqscan = 'off', max_parallel_workers_per_gather = '0'
 Planning:
   Buffers: shared hit=109
 Planning Time: 0.302 ms
 Execution Time: 0.330 ms
(10 rows)

