SET
SET
SET
SET
SET
                                                                  QUERY PLAN                                                                  
----------------------------------------------------------------------------------------------------------------------------------------------
 Index Scan using idx on public.t (actual rows=2048576.00 loops=1)
   Output: a, b
   Index Cond: ((t.a >= '-153785'::integer) AND (t.a <= '-25750'::integer))
   Index Searches: 1
   Prefetch: distance=269.686 count=170485 stalls=1 skipped=1912780 resets=0 ungets=34833 forwarded=916
             histogram [2,4) => 2, [4,8) => 3, [8,16) => 6, [16,32) => 12, [32,64) => 2, [64,128) => 2, [128,256) => 883, [256,512) => 169575
   Buffers: shared hit=103486 read=37760
 Settings: enable_bitmapscan = 'off', enable_seqscan = 'off', max_parallel_workers_per_gather = '0'
 Planning:
   Buffers: shared hit=82 read=22
 Planning Time: 5.693 ms
 Execution Time: 705.391 ms
(12 rows)

SET
SET
SET
SET
SET
                                             QUERY PLAN                                             
----------------------------------------------------------------------------------------------------
 Index Scan using idx on public.t (actual rows=2048576.00 loops=1)
   Output: a, b
   Index Cond: ((t.a >= '-153785'::integer) AND (t.a <= '-25750'::integer))
   Index Searches: 1
   Buffers: shared hit=141264
 Settings: enable_bitmapscan = 'off', enable_seqscan = 'off', max_parallel_workers_per_gather = '0'
 Planning:
   Buffers: shared hit=109
 Planning Time: 0.458 ms
 Execution Time: 351.867 ms
(10 rows)

