SET
SET
SET
SET
SET
                                                                 QUERY PLAN                                                                  
---------------------------------------------------------------------------------------------------------------------------------------------
 Index Scan using idx on public.t (actual rows=524288.00 loops=1)
   Output: a, b
   Index Cond: ((t.a >= '-60700'::integer) AND (t.a <= '-27933'::integer))
   Index Searches: 1
   Prefetch: distance=269.510 count=43741 stalls=1 skipped=489131 resets=0 ungets=8936 forwarded=225
             histogram [2,4) => 2, [4,8) => 7, [8,16) => 6, [16,32) => 10, [32,64) => 4, [64,128) => 2, [128,256) => 268, [256,512) => 43442
   Buffers: shared hit=26481 read=9779
 Settings: enable_bitmapscan = 'off', enable_seqscan = 'off', max_parallel_workers_per_gather = '0'
 Planning:
   Buffers: shared hit=82 read=22
 Planning Time: 5.820 ms
 Execution Time: 183.316 ms
(12 rows)

SET
SET
SET
SET
SET
                                             QUERY PLAN                                             
----------------------------------------------------------------------------------------------------
 Index Scan using idx on public.t (actual rows=524288.00 loops=1)
   Output: a, b
   Index Cond: ((t.a >= '-60700'::integer) AND (t.a <= '-27933'::integer))
   Index Searches: 1
   Buffers: shared hit=36266
 Settings: enable_bitmapscan = 'off', enable_seqscan = 'off', max_parallel_workers_per_gather = '0'
 Planning:
   Buffers: shared hit=109
 Planning Time: 0.459 ms
 Execution Time: 78.135 ms
(10 rows)

