SET
SET
SET
SET
SET
                                                                 QUERY PLAN                                                                 
--------------------------------------------------------------------------------------------------------------------------------------------
 Index Scan using idx on public.t (actual rows=262144.00 loops=1)
   Output: a, b
   Index Cond: ((t.a >= '-30116'::integer) AND (t.a <= '-13733'::integer))
   Index Searches: 1
   Prefetch: distance=269.471 count=21873 stalls=1 skipped=244606 resets=0 ungets=4591 forwarded=107
             histogram [2,4) => 2, [4,8) => 3, [8,16) => 12, [16,32) => 8, [32,64) => 2, [64,128) => 2, [128,256) => 97, [256,512) => 21747
   Buffers: shared hit=13048 read=4971
 Settings: enable_bitmapscan = 'off', enable_seqscan = 'off', max_parallel_workers_per_gather = '0'
 Planning:
   Buffers: shared hit=82 read=22
 Planning Time: 5.935 ms
 Execution Time: 97.414 ms
(12 rows)

SET
SET
SET
SET
SET
                                             QUERY PLAN                                             
----------------------------------------------------------------------------------------------------
 Index Scan using idx on public.t (actual rows=262144.00 loops=1)
   Output: a, b
   Index Cond: ((t.a >= '-30116'::integer) AND (t.a <= '-13733'::integer))
   Index Searches: 1
   Buffers: shared hit=18021
 Settings: enable_bitmapscan = 'off', enable_seqscan = 'off', max_parallel_workers_per_gather = '0'
 Planning:
   Buffers: shared hit=109
 Planning Time: 0.398 ms
 Execution Time: 34.743 ms
(10 rows)

