SET
SET
SET
SET
SET
                                                                QUERY PLAN                                                                 
-------------------------------------------------------------------------------------------------------------------------------------------
 Index Scan using idx on public.t (actual rows=131072.00 loops=1)
   Output: a, b
   Index Cond: ((t.a >= '-18480'::integer) AND (t.a <= '-10289'::integer))
   Index Searches: 1
   Prefetch: distance=269.312 count=11004 stalls=1 skipped=122346 resets=0 ungets=2374 forwarded=46
             histogram [2,4) => 2, [4,8) => 3, [8,16) => 5, [16,32) => 9, [32,64) => 4, [64,128) => 2, [128,256) => 36, [256,512) => 10943
   Buffers: shared hit=6434 read=2565
 Settings: enable_bitmapscan = 'off', enable_seqscan = 'off', max_parallel_workers_per_gather = '0'
 Planning:
   Buffers: shared hit=82 read=26
 Planning Time: 6.361 ms
 Execution Time: 51.215 ms
(12 rows)

SET
SET
SET
SET
SET
                                             QUERY PLAN                                             
----------------------------------------------------------------------------------------------------
 Index Scan using idx on public.t (actual rows=131072.00 loops=1)
   Output: a, b
   Index Cond: ((t.a >= '-18480'::integer) AND (t.a <= '-10289'::integer))
   Index Searches: 1
   Buffers: shared hit=9000
 Settings: enable_bitmapscan = 'off', enable_seqscan = 'off', max_parallel_workers_per_gather = '0'
 Planning:
   Buffers: shared hit=113
 Planning Time: 0.486 ms
 Execution Time: 24.105 ms
(10 rows)

