SET
SET
SET
SET
SET
                                                                 QUERY PLAN                                                                  
---------------------------------------------------------------------------------------------------------------------------------------------
 Index Scan using idx on public.t (actual rows=2048576.00 loops=1)
   Output: a, b
   Index Cond: ((t.a >= '-150258'::integer) AND (t.a <= '-22223'::integer))
   Index Searches: 1
   Prefetch: distance=269.690 count=170472 stalls=1 skipped=1912735 resets=0 ungets=34839 forwarded=906
             histogram [2,4) => 2, [4,8) => 3, [8,16) => 5, [16,32) => 9, [32,64) => 3, [64,128) => 3, [128,256) => 869, [256,512) => 169578
   Buffers: shared hit=103458 read=37772
 Settings: enable_bitmapscan = 'off', enable_seqscan = 'off', max_parallel_workers_per_gather = '0'
 Planning:
   Buffers: shared hit=82 read=22
 Planning Time: 5.755 ms
 Execution Time: 706.175 ms
(12 rows)

SET
SET
SET
SET
SET
                                             QUERY PLAN                                             
----------------------------------------------------------------------------------------------------
 Index Scan using idx on public.t (actual rows=2048576.00 loops=1)
   Output: a, b
   Index Cond: ((t.a >= '-150258'::integer) AND (t.a <= '-22223'::integer))
   Index Searches: 1
   Buffers: shared hit=141249
 Settings: enable_bitmapscan = 'off', enable_seqscan = 'off', max_parallel_workers_per_gather = '0'
 Planning:
   Buffers: shared hit=109
 Planning Time: 0.467 ms
 Execution Time: 351.963 ms
(10 rows)

