SET
SET
SET
SET
SET
                                                                  QUERY PLAN                                                                   
-----------------------------------------------------------------------------------------------------------------------------------------------
 Index Scan using idx on public.t (actual rows=3048576.00 loops=1)
   Output: a, b
   Index Cond: ((t.a >= '-222324'::integer) AND (t.a <= '-31789'::integer))
   Index Searches: 1
   Prefetch: distance=269.686 count=253508 stalls=1 skipped=2846586 resets=0 ungets=51662 forwarded=1338
             histogram [2,4) => 2, [4,8) => 3, [8,16) => 10, [16,32) => 9, [32,64) => 5, [64,128) => 2, [128,256) => 1295, [256,512) => 252182
   Buffers: shared hit=154031 read=56129
 Settings: enable_bitmapscan = 'off', enable_seqscan = 'off', max_parallel_workers_per_gather = '0'
 Planning:
   Buffers: shared hit=82 read=22
 Planning Time: 5.736 ms
 Execution Time: 1035.736 ms
(12 rows)

SET
SET
SET
SET
SET
                                             QUERY PLAN                                             
----------------------------------------------------------------------------------------------------
 Index Scan using idx on public.t (actual rows=3048576.00 loops=1)
   Output: a, b
   Index Cond: ((t.a >= '-222324'::integer) AND (t.a <= '-31789'::integer))
   Index Searches: 1
   Buffers: shared hit=210191
 Settings: enable_bitmapscan = 'off', enable_seqscan = 'off', max_parallel_workers_per_gather = '0'
 Planning:
   Buffers: shared hit=109
 Planning Time: 0.367 ms
 Execution Time: 445.410 ms
(10 rows)

