SET
SET
SET
SET
SET
                                                               QUERY PLAN                                                                
-----------------------------------------------------------------------------------------------------------------------------------------
 Index Scan using idx on public.t (actual rows=8192.00 loops=1)
   Output: a, b
   Index Cond: ((t.a >= '-8033'::integer) AND (t.a <= '-7522'::integer))
   Index Searches: 1
   Prefetch: distance=263.249 count=811 stalls=1 skipped=7567 resets=0 ungets=266 forwarded=8
             histogram [2,4) => 2, [4,8) => 3, [8,16) => 5, [16,32) => 12, [32,64) => 2, [64,128) => 2, [128,256) => 2, [256,512) => 783
   Buffers: shared hit=270 read=309
 Settings: enable_bitmapscan = 'off', enable_seqscan = 'off', max_parallel_workers_per_gather = '0'
 Planning:
   Buffers: shared hit=86 read=26
 Planning Time: 6.100 ms
 Execution Time: 7.795 ms
(12 rows)

SET
SET
SET
SET
SET
                                             QUERY PLAN                                             
----------------------------------------------------------------------------------------------------
 Index Scan using idx on public.t (actual rows=8192.00 loops=1)
   Output: a, b
   Index Cond: ((t.a >= '-8033'::integer) AND (t.a <= '-7522'::integer))
   Index Searches: 1
   Buffers: shared hit=579
 Settings: enable_bitmapscan = 'off', enable_seqscan = 'off', max_parallel_workers_per_gather = '0'
 Planning:
   Buffers: shared hit=117
 Planning Time: 0.369 ms
 Execution Time: 1.317 ms
(10 rows)

