SET
SET
SET
SET
SET
                                                                 QUERY PLAN                                                                 
--------------------------------------------------------------------------------------------------------------------------------------------
 Index Scan using idx on public.t (actual rows=1048576.00 loops=1)
   Output: a, b
   Index Cond: ((t.a >= '-79138'::integer) AND (t.a <= '-13603'::integer))
   Index Searches: 1
   Prefetch: distance=269.667 count=87333 stalls=1 skipped=978977 resets=0 ungets=17878 forwarded=437
             histogram [2,4) => 2, [4,8) => 3, [8,16) => 5, [16,32) => 9, [32,64) => 2, [64,128) => 2, [128,256) => 406, [256,512) => 86904
   Buffers: shared hit=52918 read=19407
 Settings: enable_bitmapscan = 'off', enable_seqscan = 'off', max_parallel_workers_per_gather = '0'
 Planning:
   Buffers: shared hit=82 read=22
 Planning Time: 5.503 ms
 Execution Time: 366.707 ms
(12 rows)

SET
SET
SET
SET
SET
                                             QUERY PLAN                                             
----------------------------------------------------------------------------------------------------
 Index Scan using idx on public.t (actual rows=1048576.00 loops=1)
   Output: a, b
   Index Cond: ((t.a >= '-79138'::integer) AND (t.a <= '-13603'::integer))
   Index Searches: 1
   Buffers: shared hit=72335
 Settings: enable_bitmapscan = 'off', enable_seqscan = 'off', max_parallel_workers_per_gather = '0'
 Planning:
   Buffers: shared hit=109
 Planning Time: 0.419 ms
 Execution Time: 149.705 ms
(10 rows)

