SET
SET
SET
SET
SET
                                                                  QUERY PLAN                                                                   
-----------------------------------------------------------------------------------------------------------------------------------------------
 Index Scan using idx on public.t (actual rows=7048576.00 loops=1)
   Output: a, b
   Index Cond: ((t.a >= '-444248'::integer) AND (t.a <= '-3713'::integer))
   Index Searches: 1
   Prefetch: distance=269.712 count=586139 stalls=1 skipped=6581601 resets=0 ungets=119436 forwarded=3057
             histogram [2,4) => 2, [4,8) => 3, [8,16) => 9, [16,32) => 10, [32,64) => 3, [64,128) => 2, [128,256) => 2831, [256,512) => 583279
   Buffers: shared hit=356379 read=129542
 Settings: enable_bitmapscan = 'off', enable_seqscan = 'off', max_parallel_workers_per_gather = '0'
 Planning:
   Buffers: shared hit=82 read=26
 Planning Time: 5.964 ms
 Execution Time: 2433.054 ms
(12 rows)

SET
SET
SET
SET
SET
                                             QUERY PLAN                                             
----------------------------------------------------------------------------------------------------
 Index Scan using idx on public.t (actual rows=7048576.00 loops=1)
   Output: a, b
   Index Cond: ((t.a >= '-444248'::integer) AND (t.a <= '-3713'::integer))
   Index Searches: 1
   Buffers: shared hit=485987
 Settings: enable_bitmapscan = 'off', enable_seqscan = 'off', max_parallel_workers_per_gather = '0'
 Planning:
   Buffers: shared hit=113
 Planning Time: 0.468 ms
 Execution Time: 1216.413 ms
(10 rows)

