SET
SET
SET
SET
SET
                                                                QUERY PLAN                                                                 
-------------------------------------------------------------------------------------------------------------------------------------------
 Index Scan using idx on public.t (actual rows=65536.00 loops=1)
   Output: a, b
   Index Cond: ((t.a >= '-23436'::integer) AND (t.a <= '-19341'::integer))
   Index Searches: 1
   Prefetch: distance=268.491 count=5545 stalls=1 skipped=61012 resets=0 ungets=1229 forwarded=33
             histogram [2,4) => 2, [4,8) => 5, [8,16) => 9, [16,32) => 10, [32,64) => 2, [64,128) => 2, [128,256) => 33, [256,512) => 5482
   Buffers: shared hit=3154 read=1363
 Settings: enable_bitmapscan = 'off', enable_seqscan = 'off', max_parallel_workers_per_gather = '0'
 Planning:
   Buffers: shared hit=82 read=22
 Planning Time: 6.140 ms
 Execution Time: 28.385 ms
(12 rows)

SET
SET
SET
SET
SET
                                             QUERY PLAN                                             
----------------------------------------------------------------------------------------------------
 Index Scan using idx on public.t (actual rows=65536.00 loops=1)
   Output: a, b
   Index Cond: ((t.a >= '-23436'::integer) AND (t.a <= '-19341'::integer))
   Index Searches: 1
   Buffers: shared hit=4517
 Settings: enable_bitmapscan = 'off', enable_seqscan = 'off', max_parallel_workers_per_gather = '0'
 Planning:
   Buffers: shared hit=109
 Planning Time: 0.335 ms
 Execution Time: 8.548 ms
(10 rows)

