SET
SET
SET
SET
SET
                                                               QUERY PLAN                                                                
-----------------------------------------------------------------------------------------------------------------------------------------
 Index Scan using idx on public.t (actual rows=1024.00 loops=1)
   Output: a, b
   Index Cond: ((t.a >= '-10936'::integer) AND (t.a <= '-10873'::integer))
   Index Searches: 1
   Prefetch: distance=132.485 count=68 stalls=1 skipped=701 resets=0 ungets=17 forwarded=1
             histogram [2,4) => 6, [4,8) => 4, [8,16) => 12, [16,32) => 10, [32,64) => 3, [64,128) => 2, [128,256) => 2, [256,512) => 29
   Buffers: shared hit=14 read=64
 Settings: enable_bitmapscan = 'off', enable_seqscan = 'off', max_parallel_workers_per_gather = '0'
 Planning:
   Buffers: shared hit=86 read=26
 Planning Time: 6.299 ms
 Execution Time: 4.952 ms
(12 rows)

SET
SET
SET
SET
SET
                                             QUERY PLAN                                             
----------------------------------------------------------------------------------------------------
 Index Scan using idx on public.t (actual rows=1024.00 loops=1)
   Output: a, b
   Index Cond: ((t.a >= '-10936'::integer) AND (t.a <= '-10873'::integer))
   Index Searches: 1
   Buffers: shared hit=78
 Settings: enable_bitmapscan = 'off', enable_seqscan = 'off', max_parallel_workers_per_gather = '0'
 Planning:
   Buffers: shared hit=117
 Planning Time: 0.369 ms
 Execution Time: 0.257 ms
(10 rows)

