SET
SET
SET
SET
SET
                                                               QUERY PLAN                                                                
-----------------------------------------------------------------------------------------------------------------------------------------
 Index Scan using idx on public.t (actual rows=4096.00 loops=1)
   Output: a, b
   Index Cond: ((t.a >= '-16370'::integer) AND (t.a <= '-16115'::integer))
   Index Searches: 1
   Prefetch: distance=254.558 count=405 stalls=1 skipped=3636 resets=0 ungets=153 forwarded=1
             histogram [2,4) => 2, [4,8) => 3, [8,16) => 5, [16,32) => 11, [32,64) => 5, [64,128) => 2, [128,256) => 3, [256,512) => 374
   Buffers: shared hit=84 read=199
 Settings: enable_bitmapscan = 'off', enable_seqscan = 'off', max_parallel_workers_per_gather = '0'
 Planning:
   Buffers: shared hit=82 read=22
 Planning Time: 5.943 ms
 Execution Time: 5.977 ms
(12 rows)

SET
SET
SET
SET
SET
                                             QUERY PLAN                                             
----------------------------------------------------------------------------------------------------
 Index Scan using idx on public.t (actual rows=4096.00 loops=1)
   Output: a, b
   Index Cond: ((t.a >= '-16370'::integer) AND (t.a <= '-16115'::integer))
   Index Searches: 1
   Buffers: shared hit=283
 Settings: enable_bitmapscan = 'off', enable_seqscan = 'off', max_parallel_workers_per_gather = '0'
 Planning:
   Buffers: shared hit=109
 Planning Time: 0.327 ms
 Execution Time: 0.767 ms
(10 rows)

