SET
SET
SET
SET
SET
                                                               QUERY PLAN                                                                
-----------------------------------------------------------------------------------------------------------------------------------------
 Index Scan using idx on public.t (actual rows=2048.00 loops=1)
   Output: a, b
   Index Cond: ((t.a >= '-17359'::integer) AND (t.a <= '-17232'::integer))
   Index Searches: 1
   Prefetch: distance=237.865 count=192 stalls=1 skipped=1659 resets=0 ungets=75 forwarded=2
             histogram [2,4) => 2, [4,8) => 5, [8,16) => 10, [16,32) => 5, [32,64) => 2, [64,128) => 2, [128,256) => 2, [256,512) => 164
   Buffers: shared hit=27 read=119
 Settings: enable_bitmapscan = 'off', enable_seqscan = 'off', max_parallel_workers_per_gather = '0'
 Planning:
   Buffers: shared hit=82 read=22
 Planning Time: 5.953 ms
 Execution Time: 5.335 ms
(12 rows)

SET
SET
SET
SET
SET
                                             QUERY PLAN                                             
----------------------------------------------------------------------------------------------------
 Index Scan using idx on public.t (actual rows=2048.00 loops=1)
   Output: a, b
   Index Cond: ((t.a >= '-17359'::integer) AND (t.a <= '-17232'::integer))
   Index Searches: 1
   Buffers: shared hit=146
 Settings: enable_bitmapscan = 'off', enable_seqscan = 'off', max_parallel_workers_per_gather = '0'
 Planning:
   Buffers: shared hit=109
 Planning Time: 0.331 ms
 Execution Time: 0.478 ms
(10 rows)

