SET
SET
SET
SET
SET
                                                                 QUERY PLAN                                                                 
--------------------------------------------------------------------------------------------------------------------------------------------
 Index Scan using idx on public.t (actual rows=1048576.00 loops=1)
   Output: a, b
   Index Cond: ((t.a >= '-66862'::integer) AND (t.a <= '-1327'::integer))
   Index Searches: 1
   Prefetch: distance=269.638 count=87396 stalls=1 skipped=979049 resets=0 ungets=17885 forwarded=445
             histogram [2,4) => 2, [4,8) => 3, [8,16) => 5, [16,32) => 9, [32,64) => 4, [64,128) => 2, [128,256) => 468, [256,512) => 86903
   Buffers: shared hit=52965 read=19409
 Settings: enable_bitmapscan = 'off', enable_seqscan = 'off', max_parallel_workers_per_gather = '0'
 Planning:
   Buffers: shared hit=82 read=26
 Planning Time: 5.981 ms
 Execution Time: 361.211 ms
(12 rows)

SET
SET
SET
SET
SET
                                             QUERY PLAN                                             
----------------------------------------------------------------------------------------------------
 Index Scan using idx on public.t (actual rows=1048576.00 loops=1)
   Output: a, b
   Index Cond: ((t.a >= '-66862'::integer) AND (t.a <= '-1327'::integer))
   Index Searches: 1
   Buffers: shared hit=72383
 Settings: enable_bitmapscan = 'off', enable_seqscan = 'off', max_parallel_workers_per_gather = '0'
 Planning:
   Buffers: shared hit=113
 Planning Time: 0.403 ms
 Execution Time: 148.723 ms
(10 rows)

