SET
SET
SET
SET
SET
                                                                  QUERY PLAN                                                                   
-----------------------------------------------------------------------------------------------------------------------------------------------
 Index Scan using idx on public.t (actual rows=3048576.00 loops=1)
   Output: a, b
   Index Cond: ((t.a >= '-207762'::integer) AND (t.a <= '-17227'::integer))
   Index Searches: 1
   Prefetch: distance=269.692 count=253468 stalls=1 skipped=2846509 resets=0 ungets=51753 forwarded=1336
             histogram [2,4) => 2, [4,8) => 5, [8,16) => 10, [16,32) => 5, [32,64) => 2, [64,128) => 2, [128,256) => 1320, [256,512) => 252122
   Buffers: shared hit=153920 read=56130
 Settings: enable_bitmapscan = 'off', enable_seqscan = 'off', max_parallel_workers_per_gather = '0'
 Planning:
   Buffers: shared hit=82 read=22
 Planning Time: 6.040 ms
 Execution Time: 1067.677 ms
(12 rows)

SET
SET
SET
SET
SET
                                             QUERY PLAN                                             
----------------------------------------------------------------------------------------------------
 Index Scan using idx on public.t (actual rows=3048576.00 loops=1)
   Output: a, b
   Index Cond: ((t.a >= '-207762'::integer) AND (t.a <= '-17227'::integer))
   Index Searches: 1
   Buffers: shared hit=210073
 Settings: enable_bitmapscan = 'off', enable_seqscan = 'off', max_parallel_workers_per_gather = '0'
 Planning:
   Buffers: shared hit=109
 Planning Time: 0.402 ms
 Execution Time: 426.300 ms
(10 rows)

