SET
SET
SET
SET
SET
                                                                 QUERY PLAN                                                                 
--------------------------------------------------------------------------------------------------------------------------------------------
 Index Scan using idx on public.t (actual rows=262144.00 loops=1)
   Output: a, b
   Index Cond: ((t.a >= '-17002'::integer) AND (t.a <= '-619'::integer))
   Index Searches: 1
   Prefetch: distance=269.517 count=21929 stalls=1 skipped=244427 resets=0 ungets=4580 forwarded=108
             histogram [2,4) => 2, [4,8) => 3, [8,16) => 5, [16,32) => 10, [32,64) => 5, [64,128) => 2, [128,256) => 90, [256,512) => 21812
   Buffers: shared hit=13129 read=4966
 Settings: enable_bitmapscan = 'off', enable_seqscan = 'off', max_parallel_workers_per_gather = '0'
 Planning:
   Buffers: shared hit=82 read=26
 Planning Time: 5.960 ms
 Execution Time: 97.217 ms
(12 rows)

SET
SET
SET
SET
SET
                                             QUERY PLAN                                             
----------------------------------------------------------------------------------------------------
 Index Scan using idx on public.t (actual rows=262144.00 loops=1)
   Output: a, b
   Index Cond: ((t.a >= '-17002'::integer) AND (t.a <= '-619'::integer))
   Index Searches: 1
   Buffers: shared hit=18096
 Settings: enable_bitmapscan = 'off', enable_seqscan = 'off', max_parallel_workers_per_gather = '0'
 Planning:
   Buffers: shared hit=113
 Planning Time: 0.487 ms
 Execution Time: 51.750 ms
(10 rows)

