SET
SET
SET
SET
SET
                                                                  QUERY PLAN                                                                   
-----------------------------------------------------------------------------------------------------------------------------------------------
 Index Scan using idx on public.t (actual rows=8048576.00 loops=1)
   Output: a, b
   Index Cond: ((t.a >= '-524023'::integer) AND (t.a <= '-20988'::integer))
   Index Searches: 1
   Prefetch: distance=269.714 count=669396 stalls=1 skipped=7515361 resets=0 ungets=136389 forwarded=3505
             histogram [2,4) => 2, [4,8) => 3, [8,16) => 5, [16,32) => 13, [32,64) => 2, [64,128) => 3, [128,256) => 3324, [256,512) => 666044
   Buffers: shared hit=407034 read=147909
 Settings: enable_bitmapscan = 'off', enable_seqscan = 'off', max_parallel_workers_per_gather = '0'
 Planning:
   Buffers: shared hit=82 read=22
 Planning Time: 5.825 ms
 Execution Time: 2786.979 ms
(12 rows)

SET
SET
SET
SET
SET
                                             QUERY PLAN                                             
----------------------------------------------------------------------------------------------------
 Index Scan using idx on public.t (actual rows=8048576.00 loops=1)
   Output: a, b
   Index Cond: ((t.a >= '-524023'::integer) AND (t.a <= '-20988'::integer))
   Index Searches: 1
   Buffers: shared hit=555017
 Settings: enable_bitmapscan = 'off', enable_seqscan = 'off', max_parallel_workers_per_gather = '0'
 Planning:
   Buffers: shared hit=109
 Planning Time: 0.411 ms
 Execution Time: 1171.527 ms
(10 rows)

