SET
SET
SET
SET
SET
                                                                  QUERY PLAN                                                                  
----------------------------------------------------------------------------------------------------------------------------------------------
 Index Scan using idx on public.t (actual rows=5048576.00 loops=1)
   Output: a, b
   Index Cond: ((t.a >= '-324702'::integer) AND (t.a <= '-9167'::integer))
   Index Searches: 1
   Prefetch: distance=269.698 count=419894 stalls=1 skipped=4714196 resets=0 ungets=85626 forwarded=2188
             histogram [2,4) => 2, [4,8) => 3, [8,16) => 5, [16,32) => 9, [32,64) => 6, [64,128) => 2, [128,256) => 2228, [256,512) => 417639
   Buffers: shared hit=255182 read=92842
 Settings: enable_bitmapscan = 'off', enable_seqscan = 'off', max_parallel_workers_per_gather = '0'
 Planning:
   Buffers: shared hit=82 read=26
 Planning Time: 6.431 ms
 Execution Time: 1772.501 ms
(12 rows)

SET
SET
SET
SET
SET
                                             QUERY PLAN                                             
----------------------------------------------------------------------------------------------------
 Index Scan using idx on public.t (actual rows=5048576.00 loops=1)
   Output: a, b
   Index Cond: ((t.a >= '-324702'::integer) AND (t.a <= '-9167'::integer))
   Index Searches: 1
   Buffers: shared hit=348075
 Settings: enable_bitmapscan = 'off', enable_seqscan = 'off', max_parallel_workers_per_gather = '0'
 Planning:
   Buffers: shared hit=113
 Planning Time: 0.463 ms
 Execution Time: 712.621 ms
(10 rows)

