SET
SET
SET
SET
SET
                                                                  QUERY PLAN                                                                   
-----------------------------------------------------------------------------------------------------------------------------------------------
 Index Scan using idx on public.t (actual rows=7048576.00 loops=1)
   Output: a, b
   Index Cond: ((t.a >= '-464832'::integer) AND (t.a <= '-24297'::integer))
   Index Searches: 1
   Prefetch: distance=269.710 count=586212 stalls=1 skipped=6581481 resets=0 ungets=119452 forwarded=3086
             histogram [2,4) => 2, [4,8) => 3, [8,16) => 9, [16,32) => 10, [32,64) => 2, [64,128) => 2, [128,256) => 2939, [256,512) => 583245
   Buffers: shared hit=356421 read=129552
 Settings: enable_bitmapscan = 'off', enable_seqscan = 'off', max_parallel_workers_per_gather = '0'
 Planning:
   Buffers: shared hit=82 read=22
 Planning Time: 5.961 ms
 Execution Time: 2470.005 ms
(12 rows)

SET
SET
SET
SET
SET
                                             QUERY PLAN                                             
----------------------------------------------------------------------------------------------------
 Index Scan using idx on public.t (actual rows=7048576.00 loops=1)
   Output: a, b
   Index Cond: ((t.a >= '-464832'::integer) AND (t.a <= '-24297'::integer))
   Index Searches: 1
   Buffers: shared hit=486045
 Settings: enable_bitmapscan = 'off', enable_seqscan = 'off', max_parallel_workers_per_gather = '0'
 Planning:
   Buffers: shared hit=109
 Planning Time: 0.416 ms
 Execution Time: 1232.225 ms
(10 rows)

