SET
SET
SET
SET
SET
                                                               QUERY PLAN                                                                
-----------------------------------------------------------------------------------------------------------------------------------------
 Index Scan using idx on public.t (actual rows=2048.00 loops=1)
   Output: a, b
   Index Cond: ((t.a >= '-31927'::integer) AND (t.a <= '-31800'::integer))
   Index Searches: 1
   Prefetch: distance=224.652 count=178 stalls=2 skipped=1597 resets=0 ungets=63 forwarded=3
             histogram [2,4) => 2, [4,8) => 7, [8,16) => 5, [16,32) => 10, [32,64) => 6, [64,128) => 2, [128,256) => 3, [256,512) => 143
   Buffers: shared hit=35 read=116
 Settings: enable_bitmapscan = 'off', enable_seqscan = 'off', max_parallel_workers_per_gather = '0'
 Planning:
   Buffers: shared hit=82 read=22
 Planning Time: 5.780 ms
 Execution Time: 5.945 ms
(12 rows)

SET
SET
SET
SET
SET
                                             QUERY PLAN                                             
----------------------------------------------------------------------------------------------------
 Index Scan using idx on public.t (actual rows=2048.00 loops=1)
   Output: a, b
   Index Cond: ((t.a >= '-31927'::integer) AND (t.a <= '-31800'::integer))
   Index Searches: 1
   Buffers: shared hit=151
 Settings: enable_bitmapscan = 'off', enable_seqscan = 'off', max_parallel_workers_per_gather = '0'
 Planning:
   Buffers: shared hit=109
 Planning Time: 0.326 ms
 Execution Time: 0.485 ms
(10 rows)

