SET
SET
SET
SET
SET
                                                                QUERY PLAN                                                                
------------------------------------------------------------------------------------------------------------------------------------------
 Index Scan using idx on public.t (actual rows=32768.00 loops=1)
   Output: a, b
   Index Cond: ((t.a >= '-10676'::integer) AND (t.a <= '-8629'::integer))
   Index Searches: 1
   Prefetch: distance=267.723 count=2807 stalls=1 skipped=30332 resets=0 ungets=675 forwarded=15
             histogram [2,4) => 2, [4,8) => 6, [8,16) => 9, [16,32) => 6, [32,64) => 2, [64,128) => 2, [128,256) => 15, [256,512) => 2765
   Buffers: shared hit=1492 read=754
 Settings: enable_bitmapscan = 'off', enable_seqscan = 'off', max_parallel_workers_per_gather = '0'
 Planning:
   Buffers: shared hit=86 read=26
 Planning Time: 6.228 ms
 Execution Time: 17.249 ms
(12 rows)

SET
SET
SET
SET
SET
                                             QUERY PLAN                                             
----------------------------------------------------------------------------------------------------
 Index Scan using idx on public.t (actual rows=32768.00 loops=1)
   Output: a, b
   Index Cond: ((t.a >= '-10676'::integer) AND (t.a <= '-8629'::integer))
   Index Searches: 1
   Buffers: shared hit=2246
 Settings: enable_bitmapscan = 'off', enable_seqscan = 'off', max_parallel_workers_per_gather = '0'
 Planning:
   Buffers: shared hit=117
 Planning Time: 0.368 ms
 Execution Time: 4.324 ms
(10 rows)

