SET
SET
SET
SET
SET
                                                                 QUERY PLAN                                                                  
---------------------------------------------------------------------------------------------------------------------------------------------
 Index Scan using idx on public.t (actual rows=262144.00 loops=1)
   Output: a, b
   Index Cond: ((t.a >= '-43900'::integer) AND (t.a <= '-27517'::integer))
   Index Searches: 1
   Prefetch: distance=269.407 count=21944 stalls=1 skipped=244728 resets=0 ungets=4576 forwarded=112
             histogram [2,4) => 2, [4,8) => 3, [8,16) => 5, [16,32) => 12, [32,64) => 2, [64,128) => 2, [128,256) => 151, [256,512) => 21767
   Buffers: shared hit=13124 read=4968
 Settings: enable_bitmapscan = 'off', enable_seqscan = 'off', max_parallel_workers_per_gather = '0'
 Planning:
   Buffers: shared hit=82 read=22
 Planning Time: 5.726 ms
 Execution Time: 96.184 ms
(12 rows)

SET
SET
SET
SET
SET
                                             QUERY PLAN                                             
----------------------------------------------------------------------------------------------------
 Index Scan using idx on public.t (actual rows=262144.00 loops=1)
   Output: a, b
   Index Cond: ((t.a >= '-43900'::integer) AND (t.a <= '-27517'::integer))
   Index Searches: 1
   Buffers: shared hit=18094
 Settings: enable_bitmapscan = 'off', enable_seqscan = 'off', max_parallel_workers_per_gather = '0'
 Planning:
   Buffers: shared hit=109
 Planning Time: 0.361 ms
 Execution Time: 36.754 ms
(10 rows)

