SET
SET
SET
SET
SET
                                                                QUERY PLAN                                                                 
-------------------------------------------------------------------------------------------------------------------------------------------
 Index Scan using idx on public.t (actual rows=131072.00 loops=1)
   Output: a, b
   Index Cond: ((t.a >= '-29485'::integer) AND (t.a <= '-21294'::integer))
   Index Searches: 1
   Prefetch: distance=269.215 count=10996 stalls=1 skipped=122344 resets=0 ungets=2332 forwarded=66
             histogram [2,4) => 2, [4,8) => 3, [8,16) => 5, [16,32) => 9, [32,64) => 4, [64,128) => 2, [128,256) => 45, [256,512) => 10926
   Buffers: shared hit=6466 read=2564
 Settings: enable_bitmapscan = 'off', enable_seqscan = 'off', max_parallel_workers_per_gather = '0'
 Planning:
   Buffers: shared hit=82 read=22
 Planning Time: 5.703 ms
 Execution Time: 49.535 ms
(12 rows)

SET
SET
SET
SET
SET
                                             QUERY PLAN                                             
----------------------------------------------------------------------------------------------------
 Index Scan using idx on public.t (actual rows=131072.00 loops=1)
   Output: a, b
   Index Cond: ((t.a >= '-29485'::integer) AND (t.a <= '-21294'::integer))
   Index Searches: 1
   Buffers: shared hit=9032
 Settings: enable_bitmapscan = 'off', enable_seqscan = 'off', max_parallel_workers_per_gather = '0'
 Planning:
   Buffers: shared hit=109
 Planning Time: 0.354 ms
 Execution Time: 17.781 ms
(10 rows)

