SET
SET
SET
SET
SET
                                                                QUERY PLAN                                                                
------------------------------------------------------------------------------------------------------------------------------------------
 Index Scan using idx on public.t (actual rows=65536.00 loops=1)
   Output: a, b
   Index Cond: ((t.a >= '-18098'::integer) AND (t.a <= '-14003'::integer))
   Index Searches: 1
   Prefetch: distance=268.807 count=5528 stalls=1 skipped=60909 resets=0 ungets=1237 forwarded=29
             histogram [2,4) => 2, [4,8) => 3, [8,16) => 5, [16,32) => 9, [32,64) => 4, [64,128) => 2, [128,256) => 16, [256,512) => 5487
   Buffers: shared hit=3135 read=1364
 Settings: enable_bitmapscan = 'off', enable_seqscan = 'off', max_parallel_workers_per_gather = '0'
 Planning:
   Buffers: shared hit=82 read=22
 Planning Time: 5.704 ms
 Execution Time: 28.849 ms
(12 rows)

SET
SET
SET
SET
SET
                                             QUERY PLAN                                             
----------------------------------------------------------------------------------------------------
 Index Scan using idx on public.t (actual rows=65536.00 loops=1)
   Output: a, b
   Index Cond: ((t.a >= '-18098'::integer) AND (t.a <= '-14003'::integer))
   Index Searches: 1
   Buffers: shared hit=4500
 Settings: enable_bitmapscan = 'off', enable_seqscan = 'off', max_parallel_workers_per_gather = '0'
 Planning:
   Buffers: shared hit=109
 Planning Time: 0.323 ms
 Execution Time: 8.535 ms
(10 rows)

