SET
SET
SET
SET
SET
                                                                  QUERY PLAN                                                                   
-----------------------------------------------------------------------------------------------------------------------------------------------
 Index Scan using idx on public.t (actual rows=9048576.00 loops=1)
   Output: a, b
   Index Cond: ((t.a >= '-566379'::integer) AND (t.a <= '-844'::integer))
   Index Searches: 1
   Prefetch: distance=269.710 count=752543 stalls=1 skipped=8449261 resets=0 ungets=153292 forwarded=3912
             histogram [2,4) => 2, [4,8) => 3, [8,16) => 5, [16,32) => 12, [32,64) => 3, [64,128) => 3, [128,256) => 3842, [256,512) => 748673
   Buffers: shared hit=457640 read=166257
 Settings: enable_bitmapscan = 'off', enable_seqscan = 'off', max_parallel_workers_per_gather = '0'
 Planning:
   Buffers: shared hit=82 read=26
 Planning Time: 6.259 ms
 Execution Time: 3168.810 ms
(12 rows)

SET
SET
SET
SET
SET
                                             QUERY PLAN                                             
----------------------------------------------------------------------------------------------------
 Index Scan using idx on public.t (actual rows=9048576.00 loops=1)
   Output: a, b
   Index Cond: ((t.a >= '-566379'::integer) AND (t.a <= '-844'::integer))
   Index Searches: 1
   Buffers: shared hit=623985
 Settings: enable_bitmapscan = 'off', enable_seqscan = 'off', max_parallel_workers_per_gather = '0'
 Planning:
   Buffers: shared hit=113
 Planning Time: 0.546 ms
 Execution Time: 1571.492 ms
(10 rows)

