SET
SET
SET
SET
SET
                                                                  QUERY PLAN                                                                   
-----------------------------------------------------------------------------------------------------------------------------------------------
 Index Scan using idx on public.t (actual rows=5048576.00 loops=1)
   Output: a, b
   Index Cond: ((t.a >= '-317163'::integer) AND (t.a <= '-1628'::integer))
   Index Searches: 1
   Prefetch: distance=269.706 count=419939 stalls=1 skipped=4713975 resets=0 ungets=85658 forwarded=2224
             histogram [2,4) => 2, [4,8) => 4, [8,16) => 10, [16,32) => 7, [32,64) => 2, [64,128) => 2, [128,256) => 2092, [256,512) => 417820
   Buffers: shared hit=255227 read=92838
 Settings: enable_bitmapscan = 'off', enable_seqscan = 'off', max_parallel_workers_per_gather = '0'
 Planning:
   Buffers: shared hit=82 read=26
 Planning Time: 6.153 ms
 Execution Time: 1748.610 ms
(12 rows)

SET
SET
SET
SET
SET
                                             QUERY PLAN                                             
----------------------------------------------------------------------------------------------------
 Index Scan using idx on public.t (actual rows=5048576.00 loops=1)
   Output: a, b
   Index Cond: ((t.a >= '-317163'::integer) AND (t.a <= '-1628'::integer))
   Index Searches: 1
   Buffers: shared hit=348104
 Settings: enable_bitmapscan = 'off', enable_seqscan = 'off', max_parallel_workers_per_gather = '0'
 Planning:
   Buffers: shared hit=113
 Planning Time: 0.518 ms
 Execution Time: 828.836 ms
(10 rows)

