SET
SET
SET
SET
SET
                                                                  QUERY PLAN                                                                  
----------------------------------------------------------------------------------------------------------------------------------------------
 Index Scan using idx on public.t (actual rows=6048576.00 loops=1)
   Output: a, b
   Index Cond: ((t.a >= '-404793'::integer) AND (t.a <= '-26758'::integer))
   Index Searches: 1
   Prefetch: distance=269.706 count=503204 stalls=1 skipped=5647824 resets=0 ungets=102564 forwarded=2663
             histogram [2,4) => 2, [4,8) => 3, [8,16) => 5, [16,32) => 9, [32,64) => 4, [64,128) => 4, [128,256) => 2530, [256,512) => 500647
   Buffers: shared hit=305939 read=111191
 Settings: enable_bitmapscan = 'off', enable_seqscan = 'off', max_parallel_workers_per_gather = '0'
 Planning:
   Buffers: shared hit=82 read=22
 Planning Time: 6.195 ms
 Execution Time: 2105.684 ms
(12 rows)

SET
SET
SET
SET
SET
                                             QUERY PLAN                                             
----------------------------------------------------------------------------------------------------
 Index Scan using idx on public.t (actual rows=6048576.00 loops=1)
   Output: a, b
   Index Cond: ((t.a >= '-404793'::integer) AND (t.a <= '-26758'::integer))
   Index Searches: 1
   Buffers: shared hit=417179
 Settings: enable_bitmapscan = 'off', enable_seqscan = 'off', max_parallel_workers_per_gather = '0'
 Planning:
   Buffers: shared hit=109
 Planning Time: 0.382 ms
 Execution Time: 840.147 ms
(10 rows)

