SET
SET
SET
SET
SET
                                                                     QUERY PLAN                                                                     
----------------------------------------------------------------------------------------------------------------------------------------------------
 Index Scan using idx on public.t (actual rows=1048576.00 loops=1)
   Output: a, b
   Index Cond: ((t.a >= 3338) AND (t.a <= 265481))
   Index Searches: 1
   Prefetch: distance=239.937 count=969943 stalls=1 skipped=78666 resets=0 ungets=45 forwarded=182
             histogram [2,4) => 4, [4,8) => 6, [8,16) => 12, [16,32) => 20, [32,64) => 29, [64,128) => 91, [128,256) => 645136, [256,512) => 324645
   Buffers: shared hit=960094 read=11390
 Settings: enable_bitmapscan = 'off', enable_seqscan = 'off', max_parallel_workers_per_gather = '0'
 Planning:
   Buffers: shared hit=78 read=27
 Planning Time: 6.298 ms
 Execution Time: 524.410 ms
(12 rows)

SET
SET
SET
SET
SET
                                             QUERY PLAN                                             
----------------------------------------------------------------------------------------------------
 Index Scan using idx on public.t (actual rows=1048576.00 loops=1)
   Output: a, b
   Index Cond: ((t.a >= 3338) AND (t.a <= 265481))
   Index Searches: 1
   Buffers: shared hit=971485
 Settings: enable_bitmapscan = 'off', enable_seqscan = 'off', max_parallel_workers_per_gather = '0'
 Planning:
   Buffers: shared hit=110
 Planning Time: 0.494 ms
 Execution Time: 330.917 ms
(10 rows)

