SET
SET
SET
SET
SET
                                             QUERY PLAN                                             
----------------------------------------------------------------------------------------------------
 Index Scan using idx on public.t (actual rows=256.00 loops=1)
   Output: a, b
   Index Cond: ((t.a >= '-12824'::integer) AND (t.a <= '-12809'::integer))
   Index Searches: 1
   Prefetch: distance=2.000 count=4 stalls=134 skipped=42 resets=0 ungets=0 forwarded=0
             histogram [2,4) => 4
   Buffers: shared hit=177 read=30
 Settings: enable_bitmapscan = 'off', enable_seqscan = 'off', max_parallel_workers_per_gather = '0'
 Planning:
   Buffers: shared hit=77 read=24
 Planning Time: 5.548 ms
 Execution Time: 2.255 ms
(12 rows)

SET
SET
SET
SET
SET
                                             QUERY PLAN                                             
----------------------------------------------------------------------------------------------------
 Index Scan using idx on public.t (actual rows=256.00 loops=1)
   Output: a, b
   Index Cond: ((t.a >= '-12824'::integer) AND (t.a <= '-12809'::integer))
   Index Searches: 1
   Buffers: shared hit=207
 Settings: enable_bitmapscan = 'off', enable_seqscan = 'off', max_parallel_workers_per_gather = '0'
 Planning:
   Buffers: shared hit=106
 Planning Time: 0.308 ms
 Execution Time: 0.147 ms
(10 rows)

