SET
SET
SET
SET
SET
                                             QUERY PLAN                                             
----------------------------------------------------------------------------------------------------
 Index Scan using idx on public.t (actual rows=512.00 loops=1)
   Output: a, b
   Index Cond: ((t.a >= '-333'::integer) AND (t.a <= '-302'::integer))
   Index Searches: 1
   Prefetch: distance=2.000 count=18 stalls=317 skipped=122 resets=0 ungets=0 forwarded=0
             histogram [2,4) => 18
   Buffers: shared hit=348 read=34
 Settings: enable_bitmapscan = 'off', enable_seqscan = 'off', max_parallel_workers_per_gather = '0'
 Planning:
   Buffers: shared hit=81 read=28
 Planning Time: 6.357 ms
 Execution Time: 3.148 ms
(12 rows)

SET
SET
SET
SET
SET
                                             QUERY PLAN                                             
----------------------------------------------------------------------------------------------------
 Index Scan using idx on public.t (actual rows=512.00 loops=1)
   Output: a, b
   Index Cond: ((t.a >= '-333'::integer) AND (t.a <= '-302'::integer))
   Index Searches: 1
   Buffers: shared hit=382
 Settings: enable_bitmapscan = 'off', enable_seqscan = 'off', max_parallel_workers_per_gather = '0'
 Planning:
   Buffers: shared hit=114
 Planning Time: 0.455 ms
 Execution Time: 0.424 ms
(10 rows)

