SET
SET
SET
SET
SET
                                             QUERY PLAN                                             
----------------------------------------------------------------------------------------------------
 Index Scan using idx on public.t (actual rows=1024.00 loops=1)
   Output: a, b
   Index Cond: ((t.a >= '-17953'::integer) AND (t.a <= '-17890'::integer))
   Index Searches: 1
   Prefetch: distance=2.000 count=20 stalls=626 skipped=223 resets=0 ungets=0 forwarded=0
             histogram [2,4) => 20
   Buffers: shared hit=730 read=43
 Settings: enable_bitmapscan = 'off', enable_seqscan = 'off', max_parallel_workers_per_gather = '0'
 Planning:
   Buffers: shared hit=77 read=24
 Planning Time: 5.604 ms
 Execution Time: 3.775 ms
(12 rows)

SET
SET
SET
SET
SET
                                             QUERY PLAN                                             
----------------------------------------------------------------------------------------------------
 Index Scan using idx on public.t (actual rows=1024.00 loops=1)
   Output: a, b
   Index Cond: ((t.a >= '-17953'::integer) AND (t.a <= '-17890'::integer))
   Index Searches: 1
   Buffers: shared hit=773
 Settings: enable_bitmapscan = 'off', enable_seqscan = 'off', max_parallel_workers_per_gather = '0'
 Planning:
   Buffers: shared hit=106
 Planning Time: 0.308 ms
 Execution Time: 0.340 ms
(10 rows)

