SET
SET
SET
SET
SET
                                             QUERY PLAN                                             
----------------------------------------------------------------------------------------------------
 Index Scan using idx on public.t (actual rows=4096.00 loops=1)
   Output: a, b
   Index Cond: ((t.a >= 4896) AND (t.a <= 5919))
   Index Searches: 1
   Prefetch: distance=2.000 count=70 stalls=3289 skipped=278 resets=0 ungets=0 forwarded=0
             histogram [2,4) => 70
   Buffers: shared hit=3740 read=65
 Settings: enable_bitmapscan = 'off', enable_seqscan = 'off', max_parallel_workers_per_gather = '0'
 Planning:
   Buffers: shared hit=82 read=27
 Planning Time: 6.319 ms
 Execution Time: 5.662 ms
(12 rows)

SET
SET
SET
SET
SET
                                             QUERY PLAN                                             
----------------------------------------------------------------------------------------------------
 Index Scan using idx on public.t (actual rows=4096.00 loops=1)
   Output: a, b
   Index Cond: ((t.a >= 4896) AND (t.a <= 5919))
   Index Searches: 1
   Buffers: shared hit=3805
 Settings: enable_bitmapscan = 'off', enable_seqscan = 'off', max_parallel_workers_per_gather = '0'
 Planning:
   Buffers: shared hit=114
 Planning Time: 0.440 ms
 Execution Time: 1.448 ms
(10 rows)

