SET
SET
SET
SET
SET
                                             QUERY PLAN                                             
----------------------------------------------------------------------------------------------------
 Index Scan using idx on public.t (actual rows=4096.00 loops=1)
   Output: a, b
   Index Cond: ((t.a >= 27234) AND (t.a <= 28257))
   Index Searches: 1
   Prefetch: distance=2.000 count=62 stalls=3151 skipped=264 resets=0 ungets=0 forwarded=0
             histogram [2,4) => 62
   Buffers: shared hit=3744 read=66
 Settings: enable_bitmapscan = 'off', enable_seqscan = 'off', max_parallel_workers_per_gather = '0'
 Planning:
   Buffers: shared hit=78 read=23
 Planning Time: 6.038 ms
 Execution Time: 4.623 ms
(12 rows)

SET
SET
SET
SET
SET
                                             QUERY PLAN                                             
----------------------------------------------------------------------------------------------------
 Index Scan using idx on public.t (actual rows=4096.00 loops=1)
   Output: a, b
   Index Cond: ((t.a >= 27234) AND (t.a <= 28257))
   Index Searches: 1
   Buffers: shared hit=3810
 Settings: enable_bitmapscan = 'off', enable_seqscan = 'off', max_parallel_workers_per_gather = '0'
 Planning:
   Buffers: shared hit=106
 Planning Time: 0.371 ms
 Execution Time: 1.154 ms
(10 rows)

