SET
SET
SET
SET
SET
                                             QUERY PLAN                                             
----------------------------------------------------------------------------------------------------
 Index Scan using idx on public.t (actual rows=1024.00 loops=1)
   Output: a, b
   Index Cond: ((t.a >= 16973) AND (t.a <= 17228))
   Index Searches: 1
   Prefetch: distance=2.000 count=16 stalls=697 skipped=64 resets=0 ungets=0 forwarded=0
             histogram [2,4) => 16
   Buffers: shared hit=917 read=32
 Settings: enable_bitmapscan = 'off', enable_seqscan = 'off', max_parallel_workers_per_gather = '0'
 Planning:
   Buffers: shared hit=82 read=27
 Planning Time: 6.040 ms
 Execution Time: 2.948 ms
(12 rows)

SET
SET
SET
SET
SET
                                             QUERY PLAN                                             
----------------------------------------------------------------------------------------------------
 Index Scan using idx on public.t (actual rows=1024.00 loops=1)
   Output: a, b
   Index Cond: ((t.a >= 16973) AND (t.a <= 17228))
   Index Searches: 1
   Buffers: shared hit=949
 Settings: enable_bitmapscan = 'off', enable_seqscan = 'off', max_parallel_workers_per_gather = '0'
 Planning:
   Buffers: shared hit=114
 Planning Time: 0.449 ms
 Execution Time: 0.330 ms
(10 rows)

