SET
SET
SET
SET
SET
                                             QUERY PLAN                                             
----------------------------------------------------------------------------------------------------
 Index Scan Backward using idx on public.t (actual rows=8192.00 loops=1)
   Output: a, b
   Index Cond: ((t.a >= 24480) AND (t.a <= 26527))
   Index Searches: 1
   Prefetch: distance=2.000 count=144 stalls=6914 skipped=571 resets=0 ungets=0 forwarded=0
             histogram [2,4) => 144
   Buffers: shared hit=7494 read=111
 Settings: enable_bitmapscan = 'off', enable_seqscan = 'off', max_parallel_workers_per_gather = '0'
 Planning:
   Buffers: shared hit=82 read=23
 Planning Time: 5.700 ms
 Execution Time: 13.571 ms
(12 rows)

SET
SET
SET
SET
SET
                                             QUERY PLAN                                             
----------------------------------------------------------------------------------------------------
 Index Scan Backward using idx on public.t (actual rows=8192.00 loops=1)
   Output: a, b
   Index Cond: ((t.a >= 24480) AND (t.a <= 26527))
   Index Searches: 1
   Buffers: shared hit=7605
 Settings: enable_bitmapscan = 'off', enable_seqscan = 'off', max_parallel_workers_per_gather = '0'
 Planning:
   Buffers: shared hit=110
 Planning Time: 0.350 ms
 Execution Time: 2.368 ms
(10 rows)

