SET
SET
SET
SET
SET
                                             QUERY PLAN                                             
----------------------------------------------------------------------------------------------------
 Index Scan Backward using idx on public.t (actual rows=1024.00 loops=1)
   Output: a, b
   Index Cond: ((t.a >= 2163) AND (t.a <= 2418))
   Index Searches: 1
   Prefetch: distance=2.000 count=12 stalls=634 skipped=59 resets=0 ungets=0 forwarded=0
             histogram [2,4) => 12
   Buffers: shared hit=918 read=31
 Settings: enable_bitmapscan = 'off', enable_seqscan = 'off', max_parallel_workers_per_gather = '0'
 Planning:
   Buffers: shared hit=86 read=27
 Planning Time: 6.083 ms
 Execution Time: 4.238 ms
(12 rows)

SET
SET
SET
SET
SET
                                             QUERY PLAN                                             
----------------------------------------------------------------------------------------------------
 Index Scan Backward using idx on public.t (actual rows=1024.00 loops=1)
   Output: a, b
   Index Cond: ((t.a >= 2163) AND (t.a <= 2418))
   Index Searches: 1
   Buffers: shared hit=949
 Settings: enable_bitmapscan = 'off', enable_seqscan = 'off', max_parallel_workers_per_gather = '0'
 Planning:
   Buffers: shared hit=118
 Planning Time: 0.448 ms
 Execution Time: 0.339 ms
(10 rows)

