SET
SET
SET
SET
SET
                                             QUERY PLAN                                             
----------------------------------------------------------------------------------------------------
 Index Scan Backward using idx on public.t (actual rows=8192.00 loops=1)
   Output: a, b
   Index Cond: ((t.a >= 16494) AND (t.a <= 18541))
   Index Searches: 1
   Prefetch: distance=3.297 count=195 stalls=7347 skipped=635 resets=0 ungets=0 forwarded=0
             histogram [2,4) => 162, [4,8) => 10, [8,16) => 22, [16,32) => 1
   Buffers: shared hit=7464 read=110
 Settings: enable_bitmapscan = 'off', enable_seqscan = 'off', max_parallel_workers_per_gather = '0'
 Planning:
   Buffers: shared hit=86 read=27
 Planning Time: 6.184 ms
 Execution Time: 14.404 ms
(12 rows)

SET
SET
SET
SET
SET
                                             QUERY PLAN                                             
----------------------------------------------------------------------------------------------------
 Index Scan Backward using idx on public.t (actual rows=8192.00 loops=1)
   Output: a, b
   Index Cond: ((t.a >= 16494) AND (t.a <= 18541))
   Index Searches: 1
   Buffers: shared hit=7574
 Settings: enable_bitmapscan = 'off', enable_seqscan = 'off', max_parallel_workers_per_gather = '0'
 Planning:
   Buffers: shared hit=118
 Planning Time: 0.479 ms
 Execution Time: 2.103 ms
(10 rows)

