SET
SET
SET
SET
SET
                                             QUERY PLAN                                             
----------------------------------------------------------------------------------------------------
 Index Scan Backward using idx on public.t (actual rows=8192.00 loops=1)
   Output: a, b
   Index Cond: ((t.a >= 26533) AND (t.a <= 28580))
   Index Searches: 1
   Prefetch: distance=2.019 count=155 stalls=7363 skipped=583 resets=0 ungets=0 forwarded=0
             histogram [2,4) => 154, [4,8) => 1
   Buffers: shared hit=7509 read=112
 Settings: enable_bitmapscan = 'off', enable_seqscan = 'off', max_parallel_workers_per_gather = '0'
 Planning:
   Buffers: shared hit=82 read=23
 Planning Time: 5.498 ms
 Execution Time: 14.485 ms
(12 rows)

SET
SET
SET
SET
SET
                                             QUERY PLAN                                             
----------------------------------------------------------------------------------------------------
 Index Scan Backward using idx on public.t (actual rows=8192.00 loops=1)
   Output: a, b
   Index Cond: ((t.a >= 26533) AND (t.a <= 28580))
   Index Searches: 1
   Buffers: shared hit=7621
 Settings: enable_bitmapscan = 'off', enable_seqscan = 'off', max_parallel_workers_per_gather = '0'
 Planning:
   Buffers: shared hit=110
 Planning Time: 0.329 ms
 Execution Time: 2.169 ms
(10 rows)

