SET
SET
SET
SET
SET
                                             QUERY PLAN                                             
----------------------------------------------------------------------------------------------------
 Index Scan Backward using idx on public.t (actual rows=128.00 loops=1)
   Output: a, b
   Index Cond: ((t.a >= 14692) AND (t.a <= 14723))
   Index Searches: 1
   Prefetch: distance=2.000 count=1 stalls=19 skipped=1 resets=0 ungets=0 forwarded=0
             histogram [2,4) => 1
   Buffers: shared hit=102 read=23
 Settings: enable_bitmapscan = 'off', enable_seqscan = 'off', max_parallel_workers_per_gather = '0'
 Planning:
   Buffers: shared hit=86 read=27
 Planning Time: 5.931 ms
 Execution Time: 2.779 ms
(12 rows)

SET
SET
SET
SET
SET
                                             QUERY PLAN                                             
----------------------------------------------------------------------------------------------------
 Index Scan Backward using idx on public.t (actual rows=128.00 loops=1)
   Output: a, b
   Index Cond: ((t.a >= 14692) AND (t.a <= 14723))
   Index Searches: 1
   Buffers: shared hit=125
 Settings: enable_bitmapscan = 'off', enable_seqscan = 'off', max_parallel_workers_per_gather = '0'
 Planning:
   Buffers: shared hit=118
 Planning Time: 0.362 ms
 Execution Time: 0.106 ms
(10 rows)

