SET
SET
SET
SET
SET
                                                                  QUERY PLAN                                                                   
-----------------------------------------------------------------------------------------------------------------------------------------------
 Index Scan Backward using idx on public.t (actual rows=32768.00 loops=1)
   Output: a, b
   Index Cond: ((t.a >= 24041) AND (t.a <= 32232))
   Index Searches: 1
   Prefetch: distance=260.112 count=31750 stalls=1 skipped=2415 resets=0 ungets=1401 forwarded=0
             histogram [2,4) => 6, [4,8) => 4, [8,16) => 8, [16,32) => 17, [32,64) => 25, [64,128) => 7, [128,256) => 7643, [256,512) => 24040
   Buffers: shared hit=30032 read=377
 Settings: enable_bitmapscan = 'off', enable_seqscan = 'off', max_parallel_workers_per_gather = '0'
 Planning:
   Buffers: shared hit=82 read=27
 Planning Time: 6.430 ms
 Execution Time: 26.321 ms
(12 rows)

SET
SET
SET
SET
SET
                                             QUERY PLAN                                             
----------------------------------------------------------------------------------------------------
 Index Scan Backward using idx on public.t (actual rows=32768.00 loops=1)
   Output: a, b
   Index Cond: ((t.a >= 24041) AND (t.a <= 32232))
   Index Searches: 1
   Buffers: shared hit=30409
 Settings: enable_bitmapscan = 'off', enable_seqscan = 'off', max_parallel_workers_per_gather = '0'
 Planning:
   Buffers: shared hit=114
 Planning Time: 0.451 ms
 Execution Time: 10.343 ms
(10 rows)

