SET
SET
SET
SET
SET
                                             QUERY PLAN                                             
----------------------------------------------------------------------------------------------------
 Index Scan Backward using idx on public.t (actual rows=4096.00 loops=1)
   Output: a, b
   Index Cond: ((t.a >= 7656) AND (t.a <= 8679))
   Index Searches: 1
   Prefetch: distance=2.000 count=66 stalls=3133 skipped=250 resets=0 ungets=0 forwarded=0
             histogram [2,4) => 66
   Buffers: shared hit=3738 read=65
 Settings: enable_bitmapscan = 'off', enable_seqscan = 'off', max_parallel_workers_per_gather = '0'
 Planning:
   Buffers: shared hit=86 read=27
 Planning Time: 6.265 ms
 Execution Time: 8.281 ms
(12 rows)

SET
SET
SET
SET
SET
                                             QUERY PLAN                                             
----------------------------------------------------------------------------------------------------
 Index Scan Backward using idx on public.t (actual rows=4096.00 loops=1)
   Output: a, b
   Index Cond: ((t.a >= 7656) AND (t.a <= 8679))
   Index Searches: 1
   Buffers: shared hit=3803
 Settings: enable_bitmapscan = 'off', enable_seqscan = 'off', max_parallel_workers_per_gather = '0'
 Planning:
   Buffers: shared hit=118
 Planning Time: 0.379 ms
 Execution Time: 1.058 ms
(10 rows)

