SET
SET
SET
SET
SET
                                             QUERY PLAN                                             
----------------------------------------------------------------------------------------------------
 Index Scan using idx on public.t (actual rows=8192.00 loops=1)
   Output: a, b
   Index Cond: ((t.a >= 29994) AND (t.a <= 32041))
   Index Searches: 1
   Prefetch: distance=2.000 count=148 stalls=7188 skipped=589 resets=0 ungets=0 forwarded=0
             histogram [2,4) => 148
   Buffers: shared hit=7484 read=110
 Settings: enable_bitmapscan = 'off', enable_seqscan = 'off', max_parallel_workers_per_gather = '0'
 Planning:
   Buffers: shared hit=78 read=23
 Planning Time: 6.090 ms
 Execution Time: 6.558 ms
(12 rows)

SET
SET
SET
SET
SET
                                             QUERY PLAN                                             
----------------------------------------------------------------------------------------------------
 Index Scan using idx on public.t (actual rows=8192.00 loops=1)
   Output: a, b
   Index Cond: ((t.a >= 29994) AND (t.a <= 32041))
   Index Searches: 1
   Buffers: shared hit=7594
 Settings: enable_bitmapscan = 'off', enable_seqscan = 'off', max_parallel_workers_per_gather = '0'
 Planning:
   Buffers: shared hit=106
 Planning Time: 0.396 ms
 Execution Time: 2.767 ms
(10 rows)

