SET
SET
SET
SET
SET
                                             QUERY PLAN                                             
----------------------------------------------------------------------------------------------------
 Index Scan using idx on public.t (actual rows=2048.00 loops=1)
   Output: a, b
   Index Cond: ((t.a >= 25741) AND (t.a <= 25868))
   Index Searches: 1
   Prefetch: distance=2.000 count=42 stalls=1282 skipped=449 resets=0 ungets=0 forwarded=0
             histogram [2,4) => 42
   Buffers: shared hit=1492 read=55
 Settings: enable_bitmapscan = 'off', enable_seqscan = 'off', max_parallel_workers_per_gather = '0'
 Planning:
   Buffers: shared hit=78 read=23
 Planning Time: 5.821 ms
 Execution Time: 3.884 ms
(12 rows)

SET
SET
SET
SET
SET
                                             QUERY PLAN                                             
----------------------------------------------------------------------------------------------------
 Index Scan using idx on public.t (actual rows=2048.00 loops=1)
   Output: a, b
   Index Cond: ((t.a >= 25741) AND (t.a <= 25868))
   Index Searches: 1
   Buffers: shared hit=1547
 Settings: enable_bitmapscan = 'off', enable_seqscan = 'off', max_parallel_workers_per_gather = '0'
 Planning:
   Buffers: shared hit=106
 Planning Time: 0.337 ms
 Execution Time: 0.721 ms
(10 rows)

