SET
SET
SET
SET
SET
                                             QUERY PLAN                                             
----------------------------------------------------------------------------------------------------
 Index Scan using idx on public.t (actual rows=256.00 loops=1)
   Output: a, b
   Index Cond: ((t.a >= '-11086'::integer) AND (t.a <= '-11071'::integer))
   Index Searches: 1
   Prefetch: distance=2.000 count=6 stalls=135 skipped=31 resets=0 ungets=0 forwarded=0
             histogram [2,4) => 6
   Buffers: shared hit=179 read=30
 Settings: enable_bitmapscan = 'off', enable_seqscan = 'off', max_parallel_workers_per_gather = '0'
 Planning:
   Buffers: shared hit=81 read=28
 Planning Time: 6.221 ms
 Execution Time: 2.521 ms
(12 rows)

SET
SET
SET
SET
SET
                                             QUERY PLAN                                             
----------------------------------------------------------------------------------------------------
 Index Scan using idx on public.t (actual rows=256.00 loops=1)
   Output: a, b
   Index Cond: ((t.a >= '-11086'::integer) AND (t.a <= '-11071'::integer))
   Index Searches: 1
   Buffers: shared hit=209
 Settings: enable_bitmapscan = 'off', enable_seqscan = 'off', max_parallel_workers_per_gather = '0'
 Planning:
   Buffers: shared hit=114
 Planning Time: 0.452 ms
 Execution Time: 0.218 ms
(10 rows)

