SET
SET
SET
SET
SET
                                             QUERY PLAN                                             
----------------------------------------------------------------------------------------------------
 Index Scan using idx on public.t (actual rows=2048.00 loops=1)
   Output: a, b
   Index Cond: ((t.a >= 25563) AND (t.a <= 26074))
   Index Searches: 1
   Prefetch: distance=2.000 count=24 stalls=1297 skipped=104 resets=0 ungets=0 forwarded=0
             histogram [2,4) => 24
   Buffers: shared hit=1857 read=43
 Settings: enable_bitmapscan = 'off', enable_seqscan = 'off', max_parallel_workers_per_gather = '0'
 Planning:
   Buffers: shared hit=78 read=23
 Planning Time: 5.509 ms
 Execution Time: 4.278 ms
(12 rows)

SET
SET
SET
SET
SET
                                             QUERY PLAN                                             
----------------------------------------------------------------------------------------------------
 Index Scan using idx on public.t (actual rows=2048.00 loops=1)
   Output: a, b
   Index Cond: ((t.a >= 25563) AND (t.a <= 26074))
   Index Searches: 1
   Buffers: shared hit=1900
 Settings: enable_bitmapscan = 'off', enable_seqscan = 'off', max_parallel_workers_per_gather = '0'
 Planning:
   Buffers: shared hit=106
 Planning Time: 0.304 ms
 Execution Time: 0.568 ms
(10 rows)

