SET
SET
SET
SET
SET
                                             QUERY PLAN                                             
----------------------------------------------------------------------------------------------------
 Index Scan using idx on public.t (actual rows=8192.00 loops=1)
   Output: a, b
   Index Cond: ((t.a >= 7519) AND (t.a <= 9566))
   Index Searches: 1
   Prefetch: distance=2.028 count=143 stalls=6831 skipped=563 resets=0 ungets=0 forwarded=0
             histogram [2,4) => 141, [4,8) => 2
   Buffers: shared hit=7496 read=108
 Settings: enable_bitmapscan = 'off', enable_seqscan = 'off', max_parallel_workers_per_gather = '0'
 Planning:
   Buffers: shared hit=82 read=27
 Planning Time: 6.068 ms
 Execution Time: 6.223 ms
(12 rows)

SET
SET
SET
SET
SET
                                             QUERY PLAN                                             
----------------------------------------------------------------------------------------------------
 Index Scan using idx on public.t (actual rows=8192.00 loops=1)
   Output: a, b
   Index Cond: ((t.a >= 7519) AND (t.a <= 9566))
   Index Searches: 1
   Buffers: shared hit=7604
 Settings: enable_bitmapscan = 'off', enable_seqscan = 'off', max_parallel_workers_per_gather = '0'
 Planning:
   Buffers: shared hit=114
 Planning Time: 0.337 ms
 Execution Time: 2.187 ms
(10 rows)

