SET
SET
SET
SET
SET
                                             QUERY PLAN                                             
----------------------------------------------------------------------------------------------------
 Index Scan using idx on public.t (actual rows=2048.00 loops=1)
   Output: a, b
   Index Cond: ((t.a >= '-31807'::integer) AND (t.a <= '-31680'::integer))
   Index Searches: 1
   Prefetch: distance=2.155 count=58 stalls=1471 skipped=496 resets=0 ungets=0 forwarded=1
             histogram [2,4) => 54, [4,8) => 4
   Buffers: shared hit=1505 read=56
 Settings: enable_bitmapscan = 'off', enable_seqscan = 'off', max_parallel_workers_per_gather = '0'
 Planning:
   Buffers: shared hit=77 read=24
 Planning Time: 5.602 ms
 Execution Time: 6.860 ms
(12 rows)

SET
SET
SET
SET
SET
                                             QUERY PLAN                                             
----------------------------------------------------------------------------------------------------
 Index Scan using idx on public.t (actual rows=2048.00 loops=1)
   Output: a, b
   Index Cond: ((t.a >= '-31807'::integer) AND (t.a <= '-31680'::integer))
   Index Searches: 1
   Buffers: shared hit=1561
 Settings: enable_bitmapscan = 'off', enable_seqscan = 'off', max_parallel_workers_per_gather = '0'
 Planning:
   Buffers: shared hit=106
 Planning Time: 0.373 ms
 Execution Time: 0.577 ms
(10 rows)

