SET
SET
SET
SET
SET
                                             QUERY PLAN                                             
----------------------------------------------------------------------------------------------------
 Index Scan using idx on public.t (actual rows=4096.00 loops=1)
   Output: a, b
   Index Cond: ((t.a >= '-25895'::integer) AND (t.a <= '-25640'::integer))
   Index Searches: 1
   Prefetch: distance=2.089 count=90 stalls=2799 skipped=982 resets=0 ungets=0 forwarded=0
             histogram [2,4) => 87, [4,8) => 3
   Buffers: shared hit=2991 read=85
 Settings: enable_bitmapscan = 'off', enable_seqscan = 'off', max_parallel_workers_per_gather = '0'
 Planning:
   Buffers: shared hit=77 read=24
 Planning Time: 5.625 ms
 Execution Time: 8.635 ms
(12 rows)

SET
SET
SET
SET
SET
                                             QUERY PLAN                                             
----------------------------------------------------------------------------------------------------
 Index Scan using idx on public.t (actual rows=4096.00 loops=1)
   Output: a, b
   Index Cond: ((t.a >= '-25895'::integer) AND (t.a <= '-25640'::integer))
   Index Searches: 1
   Buffers: shared hit=3076
 Settings: enable_bitmapscan = 'off', enable_seqscan = 'off', max_parallel_workers_per_gather = '0'
 Planning:
   Buffers: shared hit=106
 Planning Time: 0.336 ms
 Execution Time: 1.239 ms
(10 rows)

