SET
SET
SET
SET
SET
                                             QUERY PLAN                                             
----------------------------------------------------------------------------------------------------
 Index Scan using idx on public.t (actual rows=4096.00 loops=1)
   Output: a, b
   Index Cond: ((t.a >= 11337) AND (t.a <= 11592))
   Index Searches: 1
   Prefetch: distance=2.032 count=93 stalls=2837 skipped=1007 resets=0 ungets=0 forwarded=0
             histogram [2,4) => 92, [4,8) => 1
   Buffers: shared hit=2980 read=86
 Settings: enable_bitmapscan = 'off', enable_seqscan = 'off', max_parallel_workers_per_gather = '0'
 Planning:
   Buffers: shared hit=78 read=23
 Planning Time: 6.132 ms
 Execution Time: 5.322 ms
(12 rows)

SET
SET
SET
SET
SET
                                             QUERY PLAN                                             
----------------------------------------------------------------------------------------------------
 Index Scan using idx on public.t (actual rows=4096.00 loops=1)
   Output: a, b
   Index Cond: ((t.a >= 11337) AND (t.a <= 11592))
   Index Searches: 1
   Buffers: shared hit=3066
 Settings: enable_bitmapscan = 'off', enable_seqscan = 'off', max_parallel_workers_per_gather = '0'
 Planning:
   Buffers: shared hit=106
 Planning Time: 0.341 ms
 Execution Time: 1.046 ms
(10 rows)

