SET
SET
SET
SET
SET
                                             QUERY PLAN                                             
----------------------------------------------------------------------------------------------------
 Index Scan using idx on public.t (actual rows=2048.00 loops=1)
   Output: a, b
   Index Cond: ((t.a >= 30385) AND (t.a <= 30896))
   Index Searches: 1
   Prefetch: distance=2.000 count=38 stalls=1804 skipped=167 resets=0 ungets=0 forwarded=0
             histogram [2,4) => 38
   Buffers: shared hit=1845 read=44
 Settings: enable_bitmapscan = 'off', enable_seqscan = 'off', max_parallel_workers_per_gather = '0'
 Planning:
   Buffers: shared hit=78 read=23
 Planning Time: 5.559 ms
 Execution Time: 3.847 ms
(12 rows)

SET
SET
SET
SET
SET
                                             QUERY PLAN                                             
----------------------------------------------------------------------------------------------------
 Index Scan using idx on public.t (actual rows=2048.00 loops=1)
   Output: a, b
   Index Cond: ((t.a >= 30385) AND (t.a <= 30896))
   Index Searches: 1
   Buffers: shared hit=1889
 Settings: enable_bitmapscan = 'off', enable_seqscan = 'off', max_parallel_workers_per_gather = '0'
 Planning:
   Buffers: shared hit=106
 Planning Time: 0.369 ms
 Execution Time: 0.658 ms
(10 rows)

