SET
SET
SET
SET
SET
                                             QUERY PLAN                                             
----------------------------------------------------------------------------------------------------
 Index Scan using idx on public.t (actual rows=4096.00 loops=1)
   Output: a, b
   Index Cond: ((t.a >= 24614) AND (t.a <= 25637))
   Index Searches: 1
   Prefetch: distance=2.000 count=70 stalls=3320 skipped=295 resets=0 ungets=0 forwarded=0
             histogram [2,4) => 70
   Buffers: shared hit=3724 read=66
 Settings: enable_bitmapscan = 'off', enable_seqscan = 'off', max_parallel_workers_per_gather = '0'
 Planning:
   Buffers: shared hit=78 read=23
 Planning Time: 5.607 ms
 Execution Time: 4.719 ms
(12 rows)

SET
SET
SET
SET
SET
                                             QUERY PLAN                                             
----------------------------------------------------------------------------------------------------
 Index Scan using idx on public.t (actual rows=4096.00 loops=1)
   Output: a, b
   Index Cond: ((t.a >= 24614) AND (t.a <= 25637))
   Index Searches: 1
   Buffers: shared hit=3790
 Settings: enable_bitmapscan = 'off', enable_seqscan = 'off', max_parallel_workers_per_gather = '0'
 Planning:
   Buffers: shared hit=106
 Planning Time: 0.508 ms
 Execution Time: 1.449 ms
(10 rows)

