SET
SET
SET
SET
SET
                                             QUERY PLAN                                             
----------------------------------------------------------------------------------------------------
 Index Scan using idx on public.t (actual rows=4096.00 loops=1)
   Output: a, b
   Index Cond: ((t.a >= 9053) AND (t.a <= 10076))
   Index Searches: 1
   Prefetch: distance=2.060 count=67 stalls=3226 skipped=272 resets=0 ungets=0 forwarded=0
             histogram [2,4) => 65, [4,8) => 2
   Buffers: shared hit=3736 read=64
 Settings: enable_bitmapscan = 'off', enable_seqscan = 'off', max_parallel_workers_per_gather = '0'
 Planning:
   Buffers: shared hit=82 read=27
 Planning Time: 6.090 ms
 Execution Time: 4.649 ms
(12 rows)

SET
SET
SET
SET
SET
                                             QUERY PLAN                                             
----------------------------------------------------------------------------------------------------
 Index Scan using idx on public.t (actual rows=4096.00 loops=1)
   Output: a, b
   Index Cond: ((t.a >= 9053) AND (t.a <= 10076))
   Index Searches: 1
   Buffers: shared hit=3800
 Settings: enable_bitmapscan = 'off', enable_seqscan = 'off', max_parallel_workers_per_gather = '0'
 Planning:
   Buffers: shared hit=114
 Planning Time: 0.341 ms
 Execution Time: 1.208 ms
(10 rows)

