SET
SET
SET
SET
SET
                                             QUERY PLAN                                             
----------------------------------------------------------------------------------------------------
 Index Scan using idx on public.t (actual rows=8192.00 loops=1)
   Output: a, b
   Index Cond: ((t.a >= 25794) AND (t.a <= 27841))
   Index Searches: 1
   Prefetch: distance=2.000 count=144 stalls=7129 skipped=552 resets=0 ungets=0 forwarded=0
             histogram [2,4) => 144
   Buffers: shared hit=7518 read=111
 Settings: enable_bitmapscan = 'off', enable_seqscan = 'off', max_parallel_workers_per_gather = '0'
 Planning:
   Buffers: shared hit=78 read=23
 Planning Time: 5.682 ms
 Execution Time: 7.019 ms
(12 rows)

SET
SET
SET
SET
SET
                                             QUERY PLAN                                             
----------------------------------------------------------------------------------------------------
 Index Scan using idx on public.t (actual rows=8192.00 loops=1)
   Output: a, b
   Index Cond: ((t.a >= 25794) AND (t.a <= 27841))
   Index Searches: 1
   Buffers: shared hit=7629
 Settings: enable_bitmapscan = 'off', enable_seqscan = 'off', max_parallel_workers_per_gather = '0'
 Planning:
   Buffers: shared hit=106
 Planning Time: 0.320 ms
 Execution Time: 2.154 ms
(10 rows)

