SET
SET
SET
SET
SET
                                             QUERY PLAN                                             
----------------------------------------------------------------------------------------------------
 Index Scan Backward using idx on public.t (actual rows=4096.00 loops=1)
   Output: a, b
   Index Cond: ((t.a >= 14614) AND (t.a <= 15637))
   Index Searches: 1
   Prefetch: distance=2.043 count=69 stalls=3324 skipped=280 resets=0 ungets=0 forwarded=0
             histogram [2,4) => 68, [4,8) => 1
   Buffers: shared hit=3738 read=65
 Settings: enable_bitmapscan = 'off', enable_seqscan = 'off', max_parallel_workers_per_gather = '0'
 Planning:
   Buffers: shared hit=86 read=27
 Planning Time: 6.472 ms
 Execution Time: 7.971 ms
(12 rows)

SET
SET
SET
SET
SET
                                             QUERY PLAN                                             
----------------------------------------------------------------------------------------------------
 Index Scan Backward using idx on public.t (actual rows=4096.00 loops=1)
   Output: a, b
   Index Cond: ((t.a >= 14614) AND (t.a <= 15637))
   Index Searches: 1
   Buffers: shared hit=3803
 Settings: enable_bitmapscan = 'off', enable_seqscan = 'off', max_parallel_workers_per_gather = '0'
 Planning:
   Buffers: shared hit=118
 Planning Time: 0.353 ms
 Execution Time: 1.212 ms
(10 rows)

