SET
SET
SET
SET
SET
                                             QUERY PLAN                                             
----------------------------------------------------------------------------------------------------
 Index Scan Backward using idx on public.t (actual rows=8192.00 loops=1)
   Output: a, b
   Index Cond: ((t.a >= 11934) AND (t.a <= 13981))
   Index Searches: 1
   Prefetch: distance=2.021 count=143 stalls=6990 skipped=580 resets=0 ungets=0 forwarded=0
             histogram [2,4) => 142, [4,8) => 1
   Buffers: shared hit=7486 read=108
 Settings: enable_bitmapscan = 'off', enable_seqscan = 'off', max_parallel_workers_per_gather = '0'
 Planning:
   Buffers: shared hit=86 read=27
 Planning Time: 5.927 ms
 Execution Time: 12.778 ms
(12 rows)

SET
SET
SET
SET
SET
                                             QUERY PLAN                                             
----------------------------------------------------------------------------------------------------
 Index Scan Backward using idx on public.t (actual rows=8192.00 loops=1)
   Output: a, b
   Index Cond: ((t.a >= 11934) AND (t.a <= 13981))
   Index Searches: 1
   Buffers: shared hit=7594
 Settings: enable_bitmapscan = 'off', enable_seqscan = 'off', max_parallel_workers_per_gather = '0'
 Planning:
   Buffers: shared hit=118
 Planning Time: 0.349 ms
 Execution Time: 2.082 ms
(10 rows)

