SET
SET
SET
SET
SET
                                             QUERY PLAN                                             
----------------------------------------------------------------------------------------------------
 Index Scan Backward using idx on public.t (actual rows=2048.00 loops=1)
   Output: a, b
   Index Cond: ((t.a >= 13035) AND (t.a <= 13546))
   Index Searches: 1
   Prefetch: distance=2.000 count=36 stalls=1783 skipped=154 resets=0 ungets=0 forwarded=0
             histogram [2,4) => 36
   Buffers: shared hit=1857 read=42
 Settings: enable_bitmapscan = 'off', enable_seqscan = 'off', max_parallel_workers_per_gather = '0'
 Planning:
   Buffers: shared hit=86 read=27
 Planning Time: 6.285 ms
 Execution Time: 5.363 ms
(12 rows)

SET
SET
SET
SET
SET
                                             QUERY PLAN                                             
----------------------------------------------------------------------------------------------------
 Index Scan Backward using idx on public.t (actual rows=2048.00 loops=1)
   Output: a, b
   Index Cond: ((t.a >= 13035) AND (t.a <= 13546))
   Index Searches: 1
   Buffers: shared hit=1899
 Settings: enable_bitmapscan = 'off', enable_seqscan = 'off', max_parallel_workers_per_gather = '0'
 Planning:
   Buffers: shared hit=118
 Planning Time: 0.440 ms
 Execution Time: 0.795 ms
(10 rows)

