SET
SET
SET
SET
SET
                                             QUERY PLAN                                             
----------------------------------------------------------------------------------------------------
 Index Scan Backward using idx on public.t (actual rows=4096.00 loops=1)
   Output: a, b
   Index Cond: ((t.a >= 27046) AND (t.a <= 28069))
   Index Searches: 1
   Prefetch: distance=2.000 count=78 stalls=3671 skipped=296 resets=0 ungets=0 forwarded=0
             histogram [2,4) => 78
   Buffers: shared hit=3742 read=67
 Settings: enable_bitmapscan = 'off', enable_seqscan = 'off', max_parallel_workers_per_gather = '0'
 Planning:
   Buffers: shared hit=82 read=23
 Planning Time: 5.881 ms
 Execution Time: 8.135 ms
(12 rows)

SET
SET
SET
SET
SET
                                             QUERY PLAN                                             
----------------------------------------------------------------------------------------------------
 Index Scan Backward using idx on public.t (actual rows=4096.00 loops=1)
   Output: a, b
   Index Cond: ((t.a >= 27046) AND (t.a <= 28069))
   Index Searches: 1
   Buffers: shared hit=3809
 Settings: enable_bitmapscan = 'off', enable_seqscan = 'off', max_parallel_workers_per_gather = '0'
 Planning:
   Buffers: shared hit=110
 Planning Time: 0.314 ms
 Execution Time: 1.215 ms
(10 rows)

