SET
SET
SET
SET
SET
                                             QUERY PLAN                                             
----------------------------------------------------------------------------------------------------
 Index Scan Backward using idx on public.t (actual rows=1024.00 loops=1)
   Output: a, b
   Index Cond: ((t.a >= 6402) AND (t.a <= 6657))
   Index Searches: 1
   Prefetch: distance=2.000 count=8 stalls=409 skipped=32 resets=0 ungets=0 forwarded=0
             histogram [2,4) => 8
   Buffers: shared hit=924 read=31
 Settings: enable_bitmapscan = 'off', enable_seqscan = 'off', max_parallel_workers_per_gather = '0'
 Planning:
   Buffers: shared hit=86 read=27
 Planning Time: 6.513 ms
 Execution Time: 4.521 ms
(12 rows)

SET
SET
SET
SET
SET
                                             QUERY PLAN                                             
----------------------------------------------------------------------------------------------------
 Index Scan Backward using idx on public.t (actual rows=1024.00 loops=1)
   Output: a, b
   Index Cond: ((t.a >= 6402) AND (t.a <= 6657))
   Index Searches: 1
   Buffers: shared hit=955
 Settings: enable_bitmapscan = 'off', enable_seqscan = 'off', max_parallel_workers_per_gather = '0'
 Planning:
   Buffers: shared hit=118
 Planning Time: 0.360 ms
 Execution Time: 0.317 ms
(10 rows)

