SET
SET
SET
SET
SET
                                             QUERY PLAN                                             
----------------------------------------------------------------------------------------------------
 Index Scan using idx on public.t (actual rows=4096.00 loops=1)
   Output: a, b
   Index Cond: ((t.a >= 24729) AND (t.a <= 24984))
   Index Searches: 1
   Prefetch: distance=2.111 count=90 stalls=2721 skipped=922 resets=0 ungets=0 forwarded=0
             histogram [2,4) => 87, [4,8) => 3
   Buffers: shared hit=3017 read=86
 Settings: enable_bitmapscan = 'off', enable_seqscan = 'off', max_parallel_workers_per_gather = '0'
 Planning:
   Buffers: shared hit=78 read=23
 Planning Time: 6.256 ms
 Execution Time: 4.918 ms
(12 rows)

SET
SET
SET
SET
SET
                                             QUERY PLAN                                             
----------------------------------------------------------------------------------------------------
 Index Scan using idx on public.t (actual rows=4096.00 loops=1)
   Output: a, b
   Index Cond: ((t.a >= 24729) AND (t.a <= 24984))
   Index Searches: 1
   Buffers: shared hit=3103
 Settings: enable_bitmapscan = 'off', enable_seqscan = 'off', max_parallel_workers_per_gather = '0'
 Planning:
   Buffers: shared hit=106
 Planning Time: 0.310 ms
 Execution Time: 1.060 ms
(10 rows)

