SET
SET
SET
SET
SET
                                             QUERY PLAN                                             
----------------------------------------------------------------------------------------------------
 Index Scan Backward using idx on public.t (actual rows=8192.00 loops=1)
   Output: a, b
   Index Cond: ((t.a >= 3313) AND (t.a <= 5360))
   Index Searches: 1
   Prefetch: distance=2.000 count=150 stalls=7287 skipped=604 resets=0 ungets=0 forwarded=0
             histogram [2,4) => 150
   Buffers: shared hit=7486 read=109
 Settings: enable_bitmapscan = 'off', enable_seqscan = 'off', max_parallel_workers_per_gather = '0'
 Planning:
   Buffers: shared hit=82 read=26
 Planning Time: 6.150 ms
 Execution Time: 8.328 ms
(12 rows)

SET
SET
SET
SET
SET
                                             QUERY PLAN                                             
----------------------------------------------------------------------------------------------------
 Index Scan Backward using idx on public.t (actual rows=8192.00 loops=1)
   Output: a, b
   Index Cond: ((t.a >= 3313) AND (t.a <= 5360))
   Index Searches: 1
   Buffers: shared hit=7595
 Settings: enable_bitmapscan = 'off', enable_seqscan = 'off', max_parallel_workers_per_gather = '0'
 Planning:
   Buffers: shared hit=113
 Planning Time: 0.325 ms
 Execution Time: 2.135 ms
(10 rows)

