SET
SET
SET
SET
SET
                                             QUERY PLAN                                             
----------------------------------------------------------------------------------------------------
 Index Scan Backward using idx on public.t (actual rows=512.00 loops=1)
   Output: a, b
   Index Cond: ((t.a >= '-31854'::integer) AND (t.a <= '-31823'::integer))
   Index Searches: 1
   Prefetch: distance=2.000 count=10 stalls=296 skipped=104 resets=0 ungets=0 forwarded=0
             histogram [2,4) => 10
   Buffers: shared hit=356 read=35
 Settings: enable_bitmapscan = 'off', enable_seqscan = 'off', max_parallel_workers_per_gather = '0'
 Planning:
   Buffers: shared hit=81 read=24
 Planning Time: 5.418 ms
 Execution Time: 4.089 ms
(12 rows)

SET
SET
SET
SET
SET
                                             QUERY PLAN                                             
----------------------------------------------------------------------------------------------------
 Index Scan Backward using idx on public.t (actual rows=512.00 loops=1)
   Output: a, b
   Index Cond: ((t.a >= '-31854'::integer) AND (t.a <= '-31823'::integer))
   Index Searches: 1
   Buffers: shared hit=391
 Settings: enable_bitmapscan = 'off', enable_seqscan = 'off', max_parallel_workers_per_gather = '0'
 Planning:
   Buffers: shared hit=110
 Planning Time: 0.331 ms
 Execution Time: 0.227 ms
(10 rows)

