SET
SET
SET
SET
SET
                                                                  QUERY PLAN                                                                   
-----------------------------------------------------------------------------------------------------------------------------------------------
 Index Scan Backward using idx on public.t (actual rows=1024.00 loops=1)
   Output: a, b
   Index Cond: ((t.a >= '-18761'::integer) AND (t.a <= '-18698'::integer))
   Index Searches: 1
   Prefetch: distance=182.560 count=739 stalls=1 skipped=267 resets=0 ungets=0 forwarded=0
             histogram [2,4) => 2, [4,8) => 5, [8,16) => 14, [16,32) => 23, [32,64) => 32, [64,128) => 137, [128,256) => 399, [256,512) => 127
   Buffers: shared hit=722 read=41
 Settings: enable_bitmapscan = 'off', enable_seqscan = 'off', max_parallel_workers_per_gather = '0'
 Planning:
   Buffers: shared hit=81 read=24
 Planning Time: 5.985 ms
 Execution Time: 4.881 ms
(12 rows)

SET
SET
SET
SET
SET
                                             QUERY PLAN                                             
----------------------------------------------------------------------------------------------------
 Index Scan Backward using idx on public.t (actual rows=1024.00 loops=1)
   Output: a, b
   Index Cond: ((t.a >= '-18761'::integer) AND (t.a <= '-18698'::integer))
   Index Searches: 1
   Buffers: shared hit=763
 Settings: enable_bitmapscan = 'off', enable_seqscan = 'off', max_parallel_workers_per_gather = '0'
 Planning:
   Buffers: shared hit=110
 Planning Time: 0.329 ms
 Execution Time: 0.334 ms
(10 rows)

