SET
SET
SET
SET
SET
                                             QUERY PLAN                                             
----------------------------------------------------------------------------------------------------
 Index Scan Backward using idx on public.t (actual rows=2048.00 loops=1)
   Output: a, b
   Index Cond: ((t.a >= '-28014'::integer) AND (t.a <= '-27887'::integer))
   Index Searches: 1
   Prefetch: distance=2.067 count=45 stalls=1424 skipped=454 resets=0 ungets=0 forwarded=0
             histogram [2,4) => 44, [4,8) => 1
   Buffers: shared hit=1526 read=57
 Settings: enable_bitmapscan = 'off', enable_seqscan = 'off', max_parallel_workers_per_gather = '0'
 Planning:
   Buffers: shared hit=81 read=24
 Planning Time: 5.748 ms
 Execution Time: 5.395 ms
(12 rows)

SET
SET
SET
SET
SET
                                             QUERY PLAN                                             
----------------------------------------------------------------------------------------------------
 Index Scan Backward using idx on public.t (actual rows=2048.00 loops=1)
   Output: a, b
   Index Cond: ((t.a >= '-28014'::integer) AND (t.a <= '-27887'::integer))
   Index Searches: 1
   Buffers: shared hit=1583
 Settings: enable_bitmapscan = 'off', enable_seqscan = 'off', max_parallel_workers_per_gather = '0'
 Planning:
   Buffers: shared hit=110
 Planning Time: 0.330 ms
 Execution Time: 0.748 ms
(10 rows)

