SET
SET
SET
SET
SET
                                             QUERY PLAN                                             
----------------------------------------------------------------------------------------------------
 Index Scan Backward using idx on public.t (actual rows=4096.00 loops=1)
   Output: a, b
   Index Cond: ((t.a >= '-1207'::integer) AND (t.a <= '-952'::integer))
   Index Searches: 1
   Prefetch: distance=2.033 count=91 stalls=2723 skipped=979 resets=0 ungets=0 forwarded=0
             histogram [2,4) => 90, [4,8) => 1
   Buffers: shared hit=2971 read=83
 Settings: enable_bitmapscan = 'off', enable_seqscan = 'off', max_parallel_workers_per_gather = '0'
 Planning:
   Buffers: shared hit=85 read=28
 Planning Time: 6.506 ms
 Execution Time: 7.432 ms
(12 rows)

SET
SET
SET
SET
SET
                                             QUERY PLAN                                             
----------------------------------------------------------------------------------------------------
 Index Scan Backward using idx on public.t (actual rows=4096.00 loops=1)
   Output: a, b
   Index Cond: ((t.a >= '-1207'::integer) AND (t.a <= '-952'::integer))
   Index Searches: 1
   Buffers: shared hit=3054
 Settings: enable_bitmapscan = 'off', enable_seqscan = 'off', max_parallel_workers_per_gather = '0'
 Planning:
   Buffers: shared hit=118
 Planning Time: 0.381 ms
 Execution Time: 1.185 ms
(10 rows)

