SET
SET
SET
SET
SET
                                                                     QUERY PLAN                                                                     
----------------------------------------------------------------------------------------------------------------------------------------------------
 Index Scan using idx on public.t (actual rows=524288.00 loops=1)
   Output: a, b
   Index Cond: ((t.a >= 17774) AND (t.a <= 50541))
   Index Searches: 1
   Prefetch: distance=249.853 count=391891 stalls=1 skipped=132392 resets=0 ungets=9 forwarded=592
             histogram [2,4) => 2, [4,8) => 6, [8,16) => 13, [16,32) => 15, [32,64) => 37, [64,128) => 57, [128,256) => 217578, [256,512) => 174183
   Buffers: shared hit=385699 read=7627
 Settings: enable_bitmapscan = 'off', enable_seqscan = 'off', max_parallel_workers_per_gather = '0'
 Planning:
   Buffers: shared hit=78 read=23
 Planning Time: 6.137 ms
 Execution Time: 271.400 ms
(12 rows)

SET
SET
SET
SET
SET
                                             QUERY PLAN                                             
----------------------------------------------------------------------------------------------------
 Index Scan using idx on public.t (actual rows=524288.00 loops=1)
   Output: a, b
   Index Cond: ((t.a >= 17774) AND (t.a <= 50541))
   Index Searches: 1
   Buffers: shared hit=393331
 Settings: enable_bitmapscan = 'off', enable_seqscan = 'off', max_parallel_workers_per_gather = '0'
 Planning:
   Buffers: shared hit=106
 Planning Time: 0.365 ms
 Execution Time: 143.612 ms
(10 rows)

