SET
SET
SET
SET
SET
                                             QUERY PLAN                                             
----------------------------------------------------------------------------------------------------
 Index Scan Backward using idx on public.t (actual rows=2048.00 loops=1)
   Output: a, b
   Index Cond: ((t.a >= 29901) AND (t.a <= 30412))
   Index Searches: 1
   Prefetch: distance=2.148 count=61 stalls=1815 skipped=161 resets=0 ungets=0 forwarded=0
             histogram [2,4) => 58, [4,8) => 3
   Buffers: shared hit=1850 read=46
 Settings: enable_bitmapscan = 'off', enable_seqscan = 'off', max_parallel_workers_per_gather = '0'
 Planning:
   Buffers: shared hit=78 read=22
 Planning Time: 6.226 ms
 Execution Time: 5.037 ms
(12 rows)

SET
SET
SET
SET
SET
                                             QUERY PLAN                                             
----------------------------------------------------------------------------------------------------
 Index Scan Backward using idx on public.t (actual rows=2048.00 loops=1)
   Output: a, b
   Index Cond: ((t.a >= 29901) AND (t.a <= 30412))
   Index Searches: 1
   Buffers: shared hit=1896
 Settings: enable_bitmapscan = 'off', enable_seqscan = 'off', max_parallel_workers_per_gather = '0'
 Planning:
   Buffers: shared hit=105
 Planning Time: 0.351 ms
 Execution Time: 0.592 ms
(10 rows)

