SET
SET
SET
SET
SET
                                             QUERY PLAN                                             
----------------------------------------------------------------------------------------------------
 Index Scan Backward using idx on public.t (actual rows=8192.00 loops=1)
   Output: a, b
   Index Cond: ((t.a >= 21764) AND (t.a <= 23811))
   Index Searches: 1
   Prefetch: distance=2.000 count=144 stalls=6988 skipped=565 resets=0 ungets=0 forwarded=0
             histogram [2,4) => 144
   Buffers: shared hit=7500 read=109
 Settings: enable_bitmapscan = 'off', enable_seqscan = 'off', max_parallel_workers_per_gather = '0'
 Planning:
   Buffers: shared hit=78 read=26
 Planning Time: 6.179 ms
 Execution Time: 7.982 ms
(12 rows)

SET
SET
SET
SET
SET
                                             QUERY PLAN                                             
----------------------------------------------------------------------------------------------------
 Index Scan Backward using idx on public.t (actual rows=8192.00 loops=1)
   Output: a, b
   Index Cond: ((t.a >= 21764) AND (t.a <= 23811))
   Index Searches: 1
   Buffers: shared hit=7609
 Settings: enable_bitmapscan = 'off', enable_seqscan = 'off', max_parallel_workers_per_gather = '0'
 Planning:
   Buffers: shared hit=109
 Planning Time: 0.340 ms
 Execution Time: 2.145 ms
(10 rows)

