SET
SET
SET
SET
SET
                                             QUERY PLAN                                             
----------------------------------------------------------------------------------------------------
 Index Scan Backward using idx on public.t (actual rows=8192.00 loops=1)
   Output: a, b
   Index Cond: ((t.a >= 32547) AND (t.a <= 34594))
   Index Searches: 1
   Prefetch: distance=2.020 count=153 stalls=7330 skipped=594 resets=0 ungets=0 forwarded=0
             histogram [2,4) => 152, [4,8) => 1
   Buffers: shared hit=7498 read=112
 Settings: enable_bitmapscan = 'off', enable_seqscan = 'off', max_parallel_workers_per_gather = '0'
 Planning:
   Buffers: shared hit=78 read=22
 Planning Time: 5.794 ms
 Execution Time: 8.568 ms
(12 rows)

SET
SET
SET
SET
SET
                                             QUERY PLAN                                             
----------------------------------------------------------------------------------------------------
 Index Scan Backward using idx on public.t (actual rows=8192.00 loops=1)
   Output: a, b
   Index Cond: ((t.a >= 32547) AND (t.a <= 34594))
   Index Searches: 1
   Buffers: shared hit=7610
 Settings: enable_bitmapscan = 'off', enable_seqscan = 'off', max_parallel_workers_per_gather = '0'
 Planning:
   Buffers: shared hit=105
 Planning Time: 0.434 ms
 Execution Time: 2.843 ms
(10 rows)

