SET
SET
SET
SET
SET
                                                                     QUERY PLAN                                                                     
----------------------------------------------------------------------------------------------------------------------------------------------------
 Index Scan Backward using idx on public.t (actual rows=1048576.00 loops=1)
   Output: a, b
   Index Cond: ((t.a >= 843) AND (t.a <= 262986))
   Index Searches: 1
   Prefetch: distance=239.382 count=969875 stalls=1 skipped=78812 resets=0 ungets=123 forwarded=0
             histogram [2,4) => 4, [4,8) => 9, [8,16) => 10, [16,32) => 19, [32,64) => 30, [64,128) => 97, [128,256) => 653972, [256,512) => 315734
   Buffers: shared hit=959949 read=11390
 Settings: enable_bitmapscan = 'off', enable_seqscan = 'off', max_parallel_workers_per_gather = '0'
 Planning:
   Buffers: shared hit=78 read=26
 Planning Time: 6.257 ms
 Execution Time: 647.594 ms
(12 rows)

SET
SET
SET
SET
SET
                                             QUERY PLAN                                             
----------------------------------------------------------------------------------------------------
 Index Scan Backward using idx on public.t (actual rows=1048576.00 loops=1)
   Output: a, b
   Index Cond: ((t.a >= 843) AND (t.a <= 262986))
   Index Searches: 1
   Buffers: shared hit=971339
 Settings: enable_bitmapscan = 'off', enable_seqscan = 'off', max_parallel_workers_per_gather = '0'
 Planning:
   Buffers: shared hit=109
 Planning Time: 0.468 ms
 Execution Time: 286.852 ms
(10 rows)

