SET
SET
SET
SET
SET
                                             QUERY PLAN                                             
----------------------------------------------------------------------------------------------------
 Index Scan using idx on public.t (actual rows=8192.00 loops=1)
   Output: a, b
   Index Cond: ((t.a >= 29896) AND (t.a <= 31943))
   Index Searches: 1
   Prefetch: distance=2.046 count=152 stalls=7265 skipped=632 resets=0 ungets=0 forwarded=0
             histogram [2,4) => 149, [4,8) => 3
   Buffers: shared hit=7458 read=112
 Settings: enable_bitmapscan = 'off', enable_seqscan = 'off', max_parallel_workers_per_gather = '0'
 Planning:
   Buffers: shared hit=82 read=22
 Planning Time: 6.152 ms
 Execution Time: 13.727 ms
(12 rows)

SET
SET
SET
SET
SET
                                             QUERY PLAN                                             
----------------------------------------------------------------------------------------------------
 Index Scan using idx on public.t (actual rows=8192.00 loops=1)
   Output: a, b
   Index Cond: ((t.a >= 29896) AND (t.a <= 31943))
   Index Searches: 1
   Buffers: shared hit=7570
 Settings: enable_bitmapscan = 'off', enable_seqscan = 'off', max_parallel_workers_per_gather = '0'
 Planning:
   Buffers: shared hit=109
 Planning Time: 0.314 ms
 Execution Time: 2.068 ms
(10 rows)

