SET
SET
SET
SET
SET
                                             QUERY PLAN                                             
----------------------------------------------------------------------------------------------------
 Index Scan using idx on public.t (actual rows=1024.00 loops=1)
   Output: a, b
   Index Cond: ((t.a >= 1372) AND (t.a <= 1627))
   Index Searches: 1
   Prefetch: distance=2.000 count=12 stalls=521 skipped=36 resets=0 ungets=0 forwarded=0
             histogram [2,4) => 12
   Buffers: shared hit=932 read=31
 Settings: enable_bitmapscan = 'off', enable_seqscan = 'off', max_parallel_workers_per_gather = '0'
 Planning:
   Buffers: shared hit=86 read=26
 Planning Time: 6.333 ms
 Execution Time: 3.751 ms
(12 rows)

SET
SET
SET
SET
SET
                                             QUERY PLAN                                             
----------------------------------------------------------------------------------------------------
 Index Scan using idx on public.t (actual rows=1024.00 loops=1)
   Output: a, b
   Index Cond: ((t.a >= 1372) AND (t.a <= 1627))
   Index Searches: 1
   Buffers: shared hit=963
 Settings: enable_bitmapscan = 'off', enable_seqscan = 'off', max_parallel_workers_per_gather = '0'
 Planning:
   Buffers: shared hit=117
 Planning Time: 0.320 ms
 Execution Time: 0.321 ms
(10 rows)

