SET
SET
SET
SET
SET
                                             QUERY PLAN                                             
----------------------------------------------------------------------------------------------------
 Index Scan using idx on public.t (actual rows=1024.00 loops=1)
   Output: a, b
   Index Cond: ((t.a >= 21318) AND (t.a <= 21573))
   Index Searches: 1
   Prefetch: distance=2.000 count=20 stalls=858 skipped=65 resets=0 ungets=0 forwarded=0
             histogram [2,4) => 20
   Buffers: shared hit=926 read=33
 Settings: enable_bitmapscan = 'off', enable_seqscan = 'off', max_parallel_workers_per_gather = '0'
 Planning:
   Buffers: shared hit=86 read=26
 Planning Time: 7.733 ms
 Execution Time: 3.509 ms
(12 rows)

SET
SET
SET
SET
SET
                                             QUERY PLAN                                             
----------------------------------------------------------------------------------------------------
 Index Scan using idx on public.t (actual rows=1024.00 loops=1)
   Output: a, b
   Index Cond: ((t.a >= 21318) AND (t.a <= 21573))
   Index Searches: 1
   Buffers: shared hit=959
 Settings: enable_bitmapscan = 'off', enable_seqscan = 'off', max_parallel_workers_per_gather = '0'
 Planning:
   Buffers: shared hit=117
 Planning Time: 0.418 ms
 Execution Time: 0.331 ms
(10 rows)

