SET
SET
SET
SET
SET
                                             QUERY PLAN                                             
----------------------------------------------------------------------------------------------------
 Index Scan using idx on public.t (actual rows=1024.00 loops=1)
   Output: a, b
   Index Cond: ((t.a >= 5986) AND (t.a <= 6241))
   Index Searches: 1
   Prefetch: distance=2.000 count=16 stalls=742 skipped=59 resets=0 ungets=0 forwarded=0
             histogram [2,4) => 16
   Buffers: shared hit=922 read=32
 Settings: enable_bitmapscan = 'off', enable_seqscan = 'off', max_parallel_workers_per_gather = '0'
 Planning:
   Buffers: shared hit=86 read=26
 Planning Time: 6.480 ms
 Execution Time: 4.126 ms
(12 rows)

SET
SET
SET
SET
SET
                                             QUERY PLAN                                             
----------------------------------------------------------------------------------------------------
 Index Scan using idx on public.t (actual rows=1024.00 loops=1)
   Output: a, b
   Index Cond: ((t.a >= 5986) AND (t.a <= 6241))
   Index Searches: 1
   Buffers: shared hit=954
 Settings: enable_bitmapscan = 'off', enable_seqscan = 'off', max_parallel_workers_per_gather = '0'
 Planning:
   Buffers: shared hit=117
 Planning Time: 0.502 ms
 Execution Time: 0.550 ms
(10 rows)

