SET
SET
SET
SET
SET
                                             QUERY PLAN                                             
----------------------------------------------------------------------------------------------------
 Index Scan using idx on public.t (actual rows=2048.00 loops=1)
   Output: a, b
   Index Cond: ((t.a >= 19516) AND (t.a <= 20027))
   Index Searches: 1
   Prefetch: distance=2.000 count=28 stalls=1330 skipped=115 resets=0 ungets=0 forwarded=0
             histogram [2,4) => 28
   Buffers: shared hit=1848 read=42
 Settings: enable_bitmapscan = 'off', enable_seqscan = 'off', max_parallel_workers_per_gather = '0'
 Planning:
   Buffers: shared hit=86 read=26
 Planning Time: 6.430 ms
 Execution Time: 4.816 ms
(12 rows)

SET
SET
SET
SET
SET
                                             QUERY PLAN                                             
----------------------------------------------------------------------------------------------------
 Index Scan using idx on public.t (actual rows=2048.00 loops=1)
   Output: a, b
   Index Cond: ((t.a >= 19516) AND (t.a <= 20027))
   Index Searches: 1
   Buffers: shared hit=1890
 Settings: enable_bitmapscan = 'off', enable_seqscan = 'off', max_parallel_workers_per_gather = '0'
 Planning:
   Buffers: shared hit=117
 Planning Time: 0.330 ms
 Execution Time: 0.553 ms
(10 rows)

