SET
SET
SET
SET
SET
                                             QUERY PLAN                                             
----------------------------------------------------------------------------------------------------
 Index Scan using idx on public.t (actual rows=1024.00 loops=1)
   Output: a, b
   Index Cond: ((t.a >= 6188) AND (t.a <= 6443))
   Index Searches: 1
   Prefetch: distance=2.000 count=14 stalls=610 skipped=53 resets=0 ungets=0 forwarded=0
             histogram [2,4) => 14
   Buffers: shared hit=921 read=31
 Settings: enable_bitmapscan = 'off', enable_seqscan = 'off', max_parallel_workers_per_gather = '0'
 Planning:
   Buffers: shared hit=86 read=26
 Planning Time: 6.439 ms
 Execution Time: 4.330 ms
(12 rows)

SET
SET
SET
SET
SET
                                             QUERY PLAN                                             
----------------------------------------------------------------------------------------------------
 Index Scan using idx on public.t (actual rows=1024.00 loops=1)
   Output: a, b
   Index Cond: ((t.a >= 6188) AND (t.a <= 6443))
   Index Searches: 1
   Buffers: shared hit=952
 Settings: enable_bitmapscan = 'off', enable_seqscan = 'off', max_parallel_workers_per_gather = '0'
 Planning:
   Buffers: shared hit=117
 Planning Time: 0.447 ms
 Execution Time: 0.536 ms
(10 rows)

