SET
SET
SET
SET
SET
                                             QUERY PLAN                                             
----------------------------------------------------------------------------------------------------
 Index Scan using idx on public.t (actual rows=4096.00 loops=1)
   Output: a, b
   Index Cond: ((t.a >= 9521) AND (t.a <= 10544))
   Index Searches: 1
   Prefetch: distance=2.036 count=83 stalls=3663 skipped=299 resets=0 ungets=0 forwarded=1
             histogram [2,4) => 82, [4,8) => 1
   Buffers: shared hit=3739 read=66
 Settings: enable_bitmapscan = 'off', enable_seqscan = 'off', max_parallel_workers_per_gather = '0'
 Planning:
   Buffers: shared hit=86 read=26
 Planning Time: 6.350 ms
 Execution Time: 8.355 ms
(12 rows)

SET
SET
SET
SET
SET
                                             QUERY PLAN                                             
----------------------------------------------------------------------------------------------------
 Index Scan using idx on public.t (actual rows=4096.00 loops=1)
   Output: a, b
   Index Cond: ((t.a >= 9521) AND (t.a <= 10544))
   Index Searches: 1
   Buffers: shared hit=3805
 Settings: enable_bitmapscan = 'off', enable_seqscan = 'off', max_parallel_workers_per_gather = '0'
 Planning:
   Buffers: shared hit=117
 Planning Time: 0.453 ms
 Execution Time: 1.582 ms
(10 rows)

