SET
SET
SET
SET
SET
                                             QUERY PLAN                                             
----------------------------------------------------------------------------------------------------
 Index Scan Backward using idx on public.t (actual rows=1024.00 loops=1)
   Output: a, b
   Index Cond: ((t.a >= '-25527'::integer) AND (t.a <= '-25464'::integer))
   Index Searches: 1
   Prefetch: distance=2.000 count=22 stalls=667 skipped=238 resets=0 ungets=0 forwarded=0
             histogram [2,4) => 22
   Buffers: shared hit=729 read=42
 Settings: enable_bitmapscan = 'off', enable_seqscan = 'off', max_parallel_workers_per_gather = '0'
 Planning:
   Buffers: shared hit=81 read=24
 Planning Time: 5.743 ms
 Execution Time: 4.587 ms
(12 rows)

SET
SET
SET
SET
SET
                                             QUERY PLAN                                             
----------------------------------------------------------------------------------------------------
 Index Scan Backward using idx on public.t (actual rows=1024.00 loops=1)
   Output: a, b
   Index Cond: ((t.a >= '-25527'::integer) AND (t.a <= '-25464'::integer))
   Index Searches: 1
   Buffers: shared hit=771
 Settings: enable_bitmapscan = 'off', enable_seqscan = 'off', max_parallel_workers_per_gather = '0'
 Planning:
   Buffers: shared hit=110
 Planning Time: 0.412 ms
 Execution Time: 0.496 ms
(10 rows)

