SET
SET
SET
SET
SET
                                             QUERY PLAN                                             
----------------------------------------------------------------------------------------------------
 Index Scan Backward using idx on public.t (actual rows=2048.00 loops=1)
   Output: a, b
   Index Cond: ((t.a >= '-28440'::integer) AND (t.a <= '-28313'::integer))
   Index Searches: 1
   Prefetch: distance=2.000 count=42 stalls=1297 skipped=445 resets=0 ungets=0 forwarded=0
             histogram [2,4) => 42
   Buffers: shared hit=1483 read=56
 Settings: enable_bitmapscan = 'off', enable_seqscan = 'off', max_parallel_workers_per_gather = '0'
 Planning:
   Buffers: shared hit=81 read=24
 Planning Time: 5.594 ms
 Execution Time: 5.615 ms
(12 rows)

SET
SET
SET
SET
SET
                                             QUERY PLAN                                             
----------------------------------------------------------------------------------------------------
 Index Scan Backward using idx on public.t (actual rows=2048.00 loops=1)
   Output: a, b
   Index Cond: ((t.a >= '-28440'::integer) AND (t.a <= '-28313'::integer))
   Index Searches: 1
   Buffers: shared hit=1539
 Settings: enable_bitmapscan = 'off', enable_seqscan = 'off', max_parallel_workers_per_gather = '0'
 Planning:
   Buffers: shared hit=110
 Planning Time: 0.321 ms
 Execution Time: 0.586 ms
(10 rows)

