SET
SET
SET
SET
SET
                                             QUERY PLAN                                             
----------------------------------------------------------------------------------------------------
 Index Scan Backward using idx on public.t (actual rows=4096.00 loops=1)
   Output: a, b
   Index Cond: ((t.a >= '-9690'::integer) AND (t.a <= '-9435'::integer))
   Index Searches: 1
   Prefetch: distance=2.034 count=89 stalls=2731 skipped=915 resets=0 ungets=0 forwarded=0
             histogram [2,4) => 88, [4,8) => 1
   Buffers: shared hit=3023 read=85
 Settings: enable_bitmapscan = 'off', enable_seqscan = 'off', max_parallel_workers_per_gather = '0'
 Planning:
   Buffers: shared hit=85 read=28
 Planning Time: 6.289 ms
 Execution Time: 7.286 ms
(12 rows)

SET
SET
SET
SET
SET
                                             QUERY PLAN                                             
----------------------------------------------------------------------------------------------------
 Index Scan Backward using idx on public.t (actual rows=4096.00 loops=1)
   Output: a, b
   Index Cond: ((t.a >= '-9690'::integer) AND (t.a <= '-9435'::integer))
   Index Searches: 1
   Buffers: shared hit=3108
 Settings: enable_bitmapscan = 'off', enable_seqscan = 'off', max_parallel_workers_per_gather = '0'
 Planning:
   Buffers: shared hit=118
 Planning Time: 0.381 ms
 Execution Time: 1.171 ms
(10 rows)

