SET
SET
SET
SET
SET
                                             QUERY PLAN                                             
----------------------------------------------------------------------------------------------------
 Index Scan Backward using idx on public.t (actual rows=2048.00 loops=1)
   Output: a, b
   Index Cond: ((t.a >= 28531) AND (t.a <= 29042))
   Index Searches: 1
   Prefetch: distance=2.000 count=34 stalls=1723 skipped=144 resets=0 ungets=0 forwarded=0
             histogram [2,4) => 34
   Buffers: shared hit=1853 read=44
 Settings: enable_bitmapscan = 'off', enable_seqscan = 'off', max_parallel_workers_per_gather = '0'
 Planning:
   Buffers: shared hit=78 read=22
 Planning Time: 5.571 ms
 Execution Time: 4.327 ms
(12 rows)

SET
SET
SET
SET
SET
                                             QUERY PLAN                                             
----------------------------------------------------------------------------------------------------
 Index Scan Backward using idx on public.t (actual rows=2048.00 loops=1)
   Output: a, b
   Index Cond: ((t.a >= 28531) AND (t.a <= 29042))
   Index Searches: 1
   Buffers: shared hit=1897
 Settings: enable_bitmapscan = 'off', enable_seqscan = 'off', max_parallel_workers_per_gather = '0'
 Planning:
   Buffers: shared hit=105
 Planning Time: 0.316 ms
 Execution Time: 0.588 ms
(10 rows)

