SET
SET
SET
SET
SET
                                             QUERY PLAN                                             
----------------------------------------------------------------------------------------------------
 Index Scan Backward using idx on public.t (actual rows=8192.00 loops=1)
   Output: a, b
   Index Cond: ((t.a >= 24276) AND (t.a <= 26323))
   Index Searches: 1
   Prefetch: distance=2.000 count=144 stalls=7038 skipped=543 resets=0 ungets=0 forwarded=0
             histogram [2,4) => 144
   Buffers: shared hit=7530 read=110
 Settings: enable_bitmapscan = 'off', enable_seqscan = 'off', max_parallel_workers_per_gather = '0'
 Planning:
   Buffers: shared hit=78 read=22
 Planning Time: 5.854 ms
 Execution Time: 6.700 ms
(12 rows)

SET
SET
SET
SET
SET
                                             QUERY PLAN                                             
----------------------------------------------------------------------------------------------------
 Index Scan Backward using idx on public.t (actual rows=8192.00 loops=1)
   Output: a, b
   Index Cond: ((t.a >= 24276) AND (t.a <= 26323))
   Index Searches: 1
   Buffers: shared hit=7640
 Settings: enable_bitmapscan = 'off', enable_seqscan = 'off', max_parallel_workers_per_gather = '0'
 Planning:
   Buffers: shared hit=105
 Planning Time: 0.310 ms
 Execution Time: 2.063 ms
(10 rows)

