SET
SET
SET
SET
SET
                                             QUERY PLAN                                             
----------------------------------------------------------------------------------------------------
 Index Scan Backward using idx on public.t (actual rows=2048.00 loops=1)
   Output: a, b
   Index Cond: ((t.a >= 5529) AND (t.a <= 6040))
   Index Searches: 1
   Prefetch: distance=2.000 count=26 stalls=1274 skipped=109 resets=0 ungets=0 forwarded=0
             histogram [2,4) => 26
   Buffers: shared hit=1861 read=42
 Settings: enable_bitmapscan = 'off', enable_seqscan = 'off', max_parallel_workers_per_gather = '0'
 Planning:
   Buffers: shared hit=82 read=26
 Planning Time: 6.262 ms
 Execution Time: 3.671 ms
(12 rows)

SET
SET
SET
SET
SET
                                             QUERY PLAN                                             
----------------------------------------------------------------------------------------------------
 Index Scan Backward using idx on public.t (actual rows=2048.00 loops=1)
   Output: a, b
   Index Cond: ((t.a >= 5529) AND (t.a <= 6040))
   Index Searches: 1
   Buffers: shared hit=1903
 Settings: enable_bitmapscan = 'off', enable_seqscan = 'off', max_parallel_workers_per_gather = '0'
 Planning:
   Buffers: shared hit=113
 Planning Time: 0.330 ms
 Execution Time: 0.619 ms
(10 rows)

