SET
SET
SET
SET
SET
                                             QUERY PLAN                                             
----------------------------------------------------------------------------------------------------
 Index Scan Backward using idx on public.t (actual rows=4096.00 loops=1)
   Output: a, b
   Index Cond: ((t.a >= 2430) AND (t.a <= 3453))
   Index Searches: 1
   Prefetch: distance=2.000 count=70 stalls=3403 skipped=280 resets=0 ungets=0 forwarded=0
             histogram [2,4) => 70
   Buffers: shared hit=3747 read=65
 Settings: enable_bitmapscan = 'off', enable_seqscan = 'off', max_parallel_workers_per_gather = '0'
 Planning:
   Buffers: shared hit=82 read=26
 Planning Time: 6.790 ms
 Execution Time: 5.830 ms
(12 rows)

SET
SET
SET
SET
SET
                                             QUERY PLAN                                             
----------------------------------------------------------------------------------------------------
 Index Scan Backward using idx on public.t (actual rows=4096.00 loops=1)
   Output: a, b
   Index Cond: ((t.a >= 2430) AND (t.a <= 3453))
   Index Searches: 1
   Buffers: shared hit=3812
 Settings: enable_bitmapscan = 'off', enable_seqscan = 'off', max_parallel_workers_per_gather = '0'
 Planning:
   Buffers: shared hit=113
 Planning Time: 0.433 ms
 Execution Time: 1.546 ms
(10 rows)

