SET
SET
SET
SET
SET
                                             QUERY PLAN                                             
----------------------------------------------------------------------------------------------------
 Index Scan Backward using idx on public.t (actual rows=8192.00 loops=1)
   Output: a, b
   Index Cond: ((t.a >= 11315) AND (t.a <= 13362))
   Index Searches: 1
   Prefetch: distance=2.000 count=150 stalls=7210 skipped=625 resets=0 ungets=0 forwarded=0
             histogram [2,4) => 150
   Buffers: shared hit=7464 read=109
 Settings: enable_bitmapscan = 'off', enable_seqscan = 'off', max_parallel_workers_per_gather = '0'
 Planning:
   Buffers: shared hit=82 read=26
 Planning Time: 6.333 ms
 Execution Time: 7.487 ms
(12 rows)

SET
SET
SET
SET
SET
                                             QUERY PLAN                                             
----------------------------------------------------------------------------------------------------
 Index Scan Backward using idx on public.t (actual rows=8192.00 loops=1)
   Output: a, b
   Index Cond: ((t.a >= 11315) AND (t.a <= 13362))
   Index Searches: 1
   Buffers: shared hit=7573
 Settings: enable_bitmapscan = 'off', enable_seqscan = 'off', max_parallel_workers_per_gather = '0'
 Planning:
   Buffers: shared hit=113
 Planning Time: 0.329 ms
 Execution Time: 2.061 ms
(10 rows)

