SET
SET
SET
SET
SET
                                                                     QUERY PLAN                                                                     
----------------------------------------------------------------------------------------------------------------------------------------------------
 Index Scan Backward using idx on public.t (actual rows=1048576.00 loops=1)
   Output: a, b
   Index Cond: ((t.a >= 32574) AND (t.a <= 294717))
   Index Searches: 1
   Prefetch: distance=259.025 count=1006241 stalls=2 skipped=78768 resets=0 ungets=36442 forwarded=6
             histogram [2,4) => 6, [4,8) => 7, [8,16) => 12, [16,32) => 16, [32,64) => 24, [64,128) => 43, [128,256) => 286707, [256,512) => 719426
   Buffers: shared hit=959991 read=11392
 Settings: enable_bitmapscan = 'off', enable_seqscan = 'off', max_parallel_workers_per_gather = '0'
 Planning:
   Buffers: shared hit=78 read=22
 Planning Time: 6.062 ms
 Execution Time: 666.740 ms
(12 rows)

SET
SET
SET
SET
SET
                                             QUERY PLAN                                             
----------------------------------------------------------------------------------------------------
 Index Scan Backward using idx on public.t (actual rows=1048576.00 loops=1)
   Output: a, b
   Index Cond: ((t.a >= 32574) AND (t.a <= 294717))
   Index Searches: 1
   Buffers: shared hit=971383
 Settings: enable_bitmapscan = 'off', enable_seqscan = 'off', max_parallel_workers_per_gather = '0'
 Planning:
   Buffers: shared hit=105
 Planning Time: 0.362 ms
 Execution Time: 288.442 ms
(10 rows)

