SET
SET
SET
SET
SET
                                             QUERY PLAN                                             
----------------------------------------------------------------------------------------------------
 Index Scan Backward using idx on public.t (actual rows=8192.00 loops=1)
   Output: a, b
   Index Cond: ((t.a >= 22032) AND (t.a <= 24079))
   Index Searches: 1
   Prefetch: distance=2.000 count=152 stalls=7334 skipped=615 resets=0 ungets=0 forwarded=0
             histogram [2,4) => 152
   Buffers: shared hit=7479 read=110
 Settings: enable_bitmapscan = 'off', enable_seqscan = 'off', max_parallel_workers_per_gather = '0'
 Planning:
   Buffers: shared hit=78 read=26
 Planning Time: 6.313 ms
 Execution Time: 7.038 ms
(12 rows)

SET
SET
SET
SET
SET
                                             QUERY PLAN                                             
----------------------------------------------------------------------------------------------------
 Index Scan Backward using idx on public.t (actual rows=8192.00 loops=1)
   Output: a, b
   Index Cond: ((t.a >= 22032) AND (t.a <= 24079))
   Index Searches: 1
   Buffers: shared hit=7589
 Settings: enable_bitmapscan = 'off', enable_seqscan = 'off', max_parallel_workers_per_gather = '0'
 Planning:
   Buffers: shared hit=109
 Planning Time: 0.338 ms
 Execution Time: 2.026 ms
(10 rows)

