SET
SET
SET
SET
SET
                                             QUERY PLAN                                             
----------------------------------------------------------------------------------------------------
 Index Scan using idx on public.t (actual rows=4096.00 loops=1)
   Output: a, b
   Index Cond: ((t.a >= 1640) AND (t.a <= 2663))
   Index Searches: 1
   Prefetch: distance=2.000 count=66 stalls=3168 skipped=271 resets=0 ungets=0 forwarded=0
             histogram [2,4) => 66
   Buffers: shared hit=3725 read=64
 Settings: enable_bitmapscan = 'off', enable_seqscan = 'off', max_parallel_workers_per_gather = '0'
 Planning:
   Buffers: shared hit=86 read=26
 Planning Time: 6.574 ms
 Execution Time: 6.975 ms
(12 rows)

SET
SET
SET
SET
SET
                                             QUERY PLAN                                             
----------------------------------------------------------------------------------------------------
 Index Scan using idx on public.t (actual rows=4096.00 loops=1)
   Output: a, b
   Index Cond: ((t.a >= 1640) AND (t.a <= 2663))
   Index Searches: 1
   Buffers: shared hit=3789
 Settings: enable_bitmapscan = 'off', enable_seqscan = 'off', max_parallel_workers_per_gather = '0'
 Planning:
   Buffers: shared hit=117
 Planning Time: 0.316 ms
 Execution Time: 1.168 ms
(10 rows)

