SET
SET
SET
SET
SET
                                             QUERY PLAN                                             
----------------------------------------------------------------------------------------------------
 Index Scan using idx on public.t (actual rows=1024.00 loops=1)
   Output: a, b
   Index Cond: ((t.a >= 20659) AND (t.a <= 20914))
   Index Searches: 1
   Prefetch: distance=2.000 count=16 stalls=837 skipped=56 resets=0 ungets=0 forwarded=0
             histogram [2,4) => 16
   Buffers: shared hit=936 read=31
 Settings: enable_bitmapscan = 'off', enable_seqscan = 'off', max_parallel_workers_per_gather = '0'
 Planning:
   Buffers: shared hit=86 read=26
 Planning Time: 6.371 ms
 Execution Time: 4.057 ms
(12 rows)

SET
SET
SET
SET
SET
                                             QUERY PLAN                                             
----------------------------------------------------------------------------------------------------
 Index Scan using idx on public.t (actual rows=1024.00 loops=1)
   Output: a, b
   Index Cond: ((t.a >= 20659) AND (t.a <= 20914))
   Index Searches: 1
   Buffers: shared hit=967
 Settings: enable_bitmapscan = 'off', enable_seqscan = 'off', max_parallel_workers_per_gather = '0'
 Planning:
   Buffers: shared hit=117
 Planning Time: 0.441 ms
 Execution Time: 0.350 ms
(10 rows)

