SET
SET
SET
SET
SET
                                             QUERY PLAN                                             
----------------------------------------------------------------------------------------------------
 Index Scan using idx on public.t (actual rows=2048.00 loops=1)
   Output: a, b
   Index Cond: ((t.a >= 12530) AND (t.a <= 13041))
   Index Searches: 1
   Prefetch: distance=2.176 count=51 stalls=1820 skipped=158 resets=0 ungets=0 forwarded=0
             histogram [2,4) => 48, [4,8) => 3
   Buffers: shared hit=1856 read=43
 Settings: enable_bitmapscan = 'off', enable_seqscan = 'off', max_parallel_workers_per_gather = '0'
 Planning:
   Buffers: shared hit=86 read=26
 Planning Time: 6.162 ms
 Execution Time: 4.805 ms
(12 rows)

SET
SET
SET
SET
SET
                                             QUERY PLAN                                             
----------------------------------------------------------------------------------------------------
 Index Scan using idx on public.t (actual rows=2048.00 loops=1)
   Output: a, b
   Index Cond: ((t.a >= 12530) AND (t.a <= 13041))
   Index Searches: 1
   Buffers: shared hit=1899
 Settings: enable_bitmapscan = 'off', enable_seqscan = 'off', max_parallel_workers_per_gather = '0'
 Planning:
   Buffers: shared hit=117
 Planning Time: 0.346 ms
 Execution Time: 0.604 ms
(10 rows)

