SET
SET
SET
SET
SET
                                             QUERY PLAN                                             
----------------------------------------------------------------------------------------------------
 Index Scan using idx on public.t (actual rows=2048.00 loops=1)
   Output: a, b
   Index Cond: ((t.a >= 10298) AND (t.a <= 10809))
   Index Searches: 1
   Prefetch: distance=2.000 count=30 stalls=1453 skipped=122 resets=0 ungets=0 forwarded=0
             histogram [2,4) => 30
   Buffers: shared hit=1860 read=43
 Settings: enable_bitmapscan = 'off', enable_seqscan = 'off', max_parallel_workers_per_gather = '0'
 Planning:
   Buffers: shared hit=86 read=26
 Planning Time: 6.479 ms
 Execution Time: 5.487 ms
(12 rows)

SET
SET
SET
SET
SET
                                             QUERY PLAN                                             
----------------------------------------------------------------------------------------------------
 Index Scan using idx on public.t (actual rows=2048.00 loops=1)
   Output: a, b
   Index Cond: ((t.a >= 10298) AND (t.a <= 10809))
   Index Searches: 1
   Buffers: shared hit=1903
 Settings: enable_bitmapscan = 'off', enable_seqscan = 'off', max_parallel_workers_per_gather = '0'
 Planning:
   Buffers: shared hit=117
 Planning Time: 0.338 ms
 Execution Time: 0.598 ms
(10 rows)

