SET
SET
SET
SET
SET
                                             QUERY PLAN                                             
----------------------------------------------------------------------------------------------------
 Index Scan using idx on public.t (actual rows=2048.00 loops=1)
   Output: a, b
   Index Cond: ((t.a >= 25838) AND (t.a <= 26349))
   Index Searches: 1
   Prefetch: distance=2.000 count=30 stalls=1436 skipped=103 resets=0 ungets=0 forwarded=0
             histogram [2,4) => 30
   Buffers: shared hit=1874 read=45
 Settings: enable_bitmapscan = 'off', enable_seqscan = 'off', max_parallel_workers_per_gather = '0'
 Planning:
   Buffers: shared hit=82 read=22
 Planning Time: 5.875 ms
 Execution Time: 5.121 ms
(12 rows)

SET
SET
SET
SET
SET
                                             QUERY PLAN                                             
----------------------------------------------------------------------------------------------------
 Index Scan using idx on public.t (actual rows=2048.00 loops=1)
   Output: a, b
   Index Cond: ((t.a >= 25838) AND (t.a <= 26349))
   Index Searches: 1
   Buffers: shared hit=1919
 Settings: enable_bitmapscan = 'off', enable_seqscan = 'off', max_parallel_workers_per_gather = '0'
 Planning:
   Buffers: shared hit=109
 Planning Time: 0.383 ms
 Execution Time: 0.653 ms
(10 rows)

