SET
SET
SET
SET
SET
                                                                    QUERY PLAN                                                                     
---------------------------------------------------------------------------------------------------------------------------------------------------
 Index Scan using idx on public.t (actual rows=262144.00 loops=1)
   Output: a, b
   Index Cond: ((t.a >= 16307) AND (t.a <= 81842))
   Index Searches: 1
   Prefetch: distance=262.618 count=262172 stalls=2 skipped=19650 resets=0 ungets=19687 forwarded=3275
             histogram [2,4) => 4, [4,8) => 8, [8,16) => 12, [16,32) => 19, [32,64) => 42, [64,128) => 60, [128,256) => 47872, [256,512) => 214155
   Buffers: shared hit=239871 read=2864
 Settings: enable_bitmapscan = 'off', enable_seqscan = 'off', max_parallel_workers_per_gather = '0'
 Planning:
   Buffers: shared hit=82 read=26
 Planning Time: 6.285 ms
 Execution Time: 159.089 ms
(12 rows)

SET
SET
SET
SET
SET
                                             QUERY PLAN                                             
----------------------------------------------------------------------------------------------------
 Index Scan using idx on public.t (actual rows=262144.00 loops=1)
   Output: a, b
   Index Cond: ((t.a >= 16307) AND (t.a <= 81842))
   Index Searches: 1
   Buffers: shared hit=242893
 Settings: enable_bitmapscan = 'off', enable_seqscan = 'off', max_parallel_workers_per_gather = '0'
 Planning:
   Buffers: shared hit=113
 Planning Time: 0.411 ms
 Execution Time: 65.656 ms
(10 rows)

