SET
SET
SET
SET
SET
                                             QUERY PLAN                                             
----------------------------------------------------------------------------------------------------
 Index Scan Backward using idx on public.t (actual rows=1024.00 loops=1)
   Output: a, b
   Index Cond: ((t.a >= '-13322'::integer) AND (t.a <= '-13259'::integer))
   Index Searches: 1
   Prefetch: distance=2.000 count=16 stalls=533 skipped=176 resets=0 ungets=0 forwarded=0
             histogram [2,4) => 16
   Buffers: shared hit=722 read=40
 Settings: enable_bitmapscan = 'off', enable_seqscan = 'off', max_parallel_workers_per_gather = '0'
 Planning:
   Buffers: shared hit=81 read=24
 Planning Time: 5.613 ms
 Execution Time: 4.607 ms
(12 rows)

SET
SET
SET
SET
SET
                                             QUERY PLAN                                             
----------------------------------------------------------------------------------------------------
 Index Scan Backward using idx on public.t (actual rows=1024.00 loops=1)
   Output: a, b
   Index Cond: ((t.a >= '-13322'::integer) AND (t.a <= '-13259'::integer))
   Index Searches: 1
   Buffers: shared hit=762
 Settings: enable_bitmapscan = 'off', enable_seqscan = 'off', max_parallel_workers_per_gather = '0'
 Planning:
   Buffers: shared hit=110
 Planning Time: 0.384 ms
 Execution Time: 0.337 ms
(10 rows)

