SET
SET
SET
SET
SET
                                             QUERY PLAN                                             
----------------------------------------------------------------------------------------------------
 Index Scan Backward using idx on public.t (actual rows=2048.00 loops=1)
   Output: a, b
   Index Cond: ((t.a >= '-12078'::integer) AND (t.a <= '-11951'::integer))
   Index Searches: 1
   Prefetch: distance=2.200 count=45 stalls=1213 skipped=424 resets=0 ungets=0 forwarded=0
             histogram [2,4) => 42, [4,8) => 3
   Buffers: shared hit=1490 read=56
 Settings: enable_bitmapscan = 'off', enable_seqscan = 'off', max_parallel_workers_per_gather = '0'
 Planning:
   Buffers: shared hit=85 read=28
 Planning Time: 6.277 ms
 Execution Time: 5.206 ms
(12 rows)

SET
SET
SET
SET
SET
                                             QUERY PLAN                                             
----------------------------------------------------------------------------------------------------
 Index Scan Backward using idx on public.t (actual rows=2048.00 loops=1)
   Output: a, b
   Index Cond: ((t.a >= '-12078'::integer) AND (t.a <= '-11951'::integer))
   Index Searches: 1
   Buffers: shared hit=1546
 Settings: enable_bitmapscan = 'off', enable_seqscan = 'off', max_parallel_workers_per_gather = '0'
 Planning:
   Buffers: shared hit=118
 Planning Time: 0.349 ms
 Execution Time: 0.579 ms
(10 rows)

