SET
SET
SET
SET
SET
                                             QUERY PLAN                                             
----------------------------------------------------------------------------------------------------
 Index Scan using idx on public.t (actual rows=8192.00 loops=1)
   Output: a, b
   Index Cond: ((t.a >= 15051) AND (t.a <= 17098))
   Index Searches: 1
   Prefetch: distance=2.000 count=150 stalls=7242 skipped=585 resets=0 ungets=0 forwarded=0
             histogram [2,4) => 150
   Buffers: shared hit=7504 read=109
 Settings: enable_bitmapscan = 'off', enable_seqscan = 'off', max_parallel_workers_per_gather = '0'
 Planning:
   Buffers: shared hit=86 read=26
 Planning Time: 6.313 ms
 Execution Time: 11.748 ms
(12 rows)

SET
SET
SET
SET
SET
                                             QUERY PLAN                                             
----------------------------------------------------------------------------------------------------
 Index Scan using idx on public.t (actual rows=8192.00 loops=1)
   Output: a, b
   Index Cond: ((t.a >= 15051) AND (t.a <= 17098))
   Index Searches: 1
   Buffers: shared hit=7613
 Settings: enable_bitmapscan = 'off', enable_seqscan = 'off', max_parallel_workers_per_gather = '0'
 Planning:
   Buffers: shared hit=117
 Planning Time: 0.443 ms
 Execution Time: 2.918 ms
(10 rows)

