SET
SET
SET
SET
SET
                                             QUERY PLAN                                             
----------------------------------------------------------------------------------------------------
 Index Scan using idx on public.t (actual rows=2048.00 loops=1)
   Output: a, b
   Index Cond: ((t.a >= 10949) AND (t.a <= 11460))
   Index Searches: 1
   Prefetch: distance=2.000 count=32 stalls=1506 skipped=135 resets=0 ungets=0 forwarded=0
             histogram [2,4) => 32
   Buffers: shared hit=1849 read=43
 Settings: enable_bitmapscan = 'off', enable_seqscan = 'off', max_parallel_workers_per_gather = '0'
 Planning:
   Buffers: shared hit=86 read=26
 Planning Time: 8.019 ms
 Execution Time: 5.670 ms
(12 rows)

SET
SET
SET
SET
SET
                                             QUERY PLAN                                             
----------------------------------------------------------------------------------------------------
 Index Scan using idx on public.t (actual rows=2048.00 loops=1)
   Output: a, b
   Index Cond: ((t.a >= 10949) AND (t.a <= 11460))
   Index Searches: 1
   Buffers: shared hit=1892
 Settings: enable_bitmapscan = 'off', enable_seqscan = 'off', max_parallel_workers_per_gather = '0'
 Planning:
   Buffers: shared hit=117
 Planning Time: 0.348 ms
 Execution Time: 0.577 ms
(10 rows)

