SET
SET
SET
SET
SET
                                             QUERY PLAN                                             
----------------------------------------------------------------------------------------------------
 Index Scan using idx on public.t (actual rows=8192.00 loops=1)
   Output: a, b
   Index Cond: ((t.a >= '-27780'::integer) AND (t.a <= '-25733'::integer))
   Index Searches: 1
   Prefetch: distance=2.020 count=151 stalls=7221 skipped=629 resets=0 ungets=0 forwarded=1
             histogram [2,4) => 150, [4,8) => 1
   Buffers: shared hit=7459 read=109
 Settings: enable_bitmapscan = 'off', enable_seqscan = 'off', max_parallel_workers_per_gather = '0'
 Planning:
   Buffers: shared hit=82 read=27
 Planning Time: 6.182 ms
 Execution Time: 11.909 ms
(12 rows)

SET
SET
SET
SET
SET
                                             QUERY PLAN                                             
----------------------------------------------------------------------------------------------------
 Index Scan using idx on public.t (actual rows=8192.00 loops=1)
   Output: a, b
   Index Cond: ((t.a >= '-27780'::integer) AND (t.a <= '-25733'::integer))
   Index Searches: 1
   Buffers: shared hit=7568
 Settings: enable_bitmapscan = 'off', enable_seqscan = 'off', max_parallel_workers_per_gather = '0'
 Planning:
   Buffers: shared hit=114
 Planning Time: 0.341 ms
 Execution Time: 2.158 ms
(10 rows)

