SET
SET
SET
SET
SET
                                             QUERY PLAN                                             
----------------------------------------------------------------------------------------------------
 Index Scan using idx on public.t (actual rows=4096.00 loops=1)
   Output: a, b
   Index Cond: ((t.a >= '-28985'::integer) AND (t.a <= '-27962'::integer))
   Index Searches: 1
   Prefetch: distance=2.000 count=68 stalls=3419 skipped=274 resets=0 ungets=0 forwarded=0
             histogram [2,4) => 68
   Buffers: shared hit=3743 read=64
 Settings: enable_bitmapscan = 'off', enable_seqscan = 'off', max_parallel_workers_per_gather = '0'
 Planning:
   Buffers: shared hit=82 read=27
 Planning Time: 6.345 ms
 Execution Time: 7.915 ms
(12 rows)

SET
SET
SET
SET
SET
                                             QUERY PLAN                                             
----------------------------------------------------------------------------------------------------
 Index Scan using idx on public.t (actual rows=4096.00 loops=1)
   Output: a, b
   Index Cond: ((t.a >= '-28985'::integer) AND (t.a <= '-27962'::integer))
   Index Searches: 1
   Buffers: shared hit=3807
 Settings: enable_bitmapscan = 'off', enable_seqscan = 'off', max_parallel_workers_per_gather = '0'
 Planning:
   Buffers: shared hit=114
 Planning Time: 0.345 ms
 Execution Time: 1.188 ms
(10 rows)

