SET
SET
SET
SET
SET
                                                                    QUERY PLAN                                                                     
---------------------------------------------------------------------------------------------------------------------------------------------------
 Index Scan using idx on public.t (actual rows=1048576.00 loops=1)
   Output: a, b
   Index Cond: ((t.a >= '-294433'::integer) AND (t.a <= '-32290'::integer))
   Index Searches: 1
   Prefetch: distance=261.837 count=1033863 stalls=2 skipped=79474 resets=0 ungets=64770 forwarded=11800
             histogram [2,4) => 2, [4,8) => 5, [8,16) => 8, [16,32) => 15, [32,64) => 28, [64,128) => 50, [128,256) => 215148, [256,512) => 818607
   Buffers: shared hit=958797 read=11392
 Settings: enable_bitmapscan = 'off', enable_seqscan = 'off', max_parallel_workers_per_gather = '0'
 Planning:
   Buffers: shared hit=78 read=27
 Planning Time: 6.513 ms
 Execution Time: 637.655 ms
(12 rows)

SET
SET
SET
SET
SET
                                             QUERY PLAN                                             
----------------------------------------------------------------------------------------------------
 Index Scan using idx on public.t (actual rows=1048576.00 loops=1)
   Output: a, b
   Index Cond: ((t.a >= '-294433'::integer) AND (t.a <= '-32290'::integer))
   Index Searches: 1
   Buffers: shared hit=970678
 Settings: enable_bitmapscan = 'off', enable_seqscan = 'off', max_parallel_workers_per_gather = '0'
 Planning:
   Buffers: shared hit=110
 Planning Time: 0.479 ms
 Execution Time: 294.140 ms
(10 rows)

