SET
SET
SET
SET
SET
                                             QUERY PLAN                                             
----------------------------------------------------------------------------------------------------
 Index Scan using idx on public.t (actual rows=8192.00 loops=1)
   Output: a, b
   Index Cond: ((t.a >= '-19604'::integer) AND (t.a <= '-17557'::integer))
   Index Searches: 1
   Prefetch: distance=2.000 count=150 stalls=7229 skipped=594 resets=0 ungets=0 forwarded=0
             histogram [2,4) => 150
   Buffers: shared hit=7490 read=107
 Settings: enable_bitmapscan = 'off', enable_seqscan = 'off', max_parallel_workers_per_gather = '0'
 Planning:
   Buffers: shared hit=82 read=27
 Planning Time: 6.405 ms
 Execution Time: 12.174 ms
(12 rows)

SET
SET
SET
SET
SET
                                             QUERY PLAN                                             
----------------------------------------------------------------------------------------------------
 Index Scan using idx on public.t (actual rows=8192.00 loops=1)
   Output: a, b
   Index Cond: ((t.a >= '-19604'::integer) AND (t.a <= '-17557'::integer))
   Index Searches: 1
   Buffers: shared hit=7597
 Settings: enable_bitmapscan = 'off', enable_seqscan = 'off', max_parallel_workers_per_gather = '0'
 Planning:
   Buffers: shared hit=114
 Planning Time: 0.373 ms
 Execution Time: 2.195 ms
(10 rows)

