SET
SET
SET
SET
SET
                                             QUERY PLAN                                             
----------------------------------------------------------------------------------------------------
 Index Scan using idx on public.t (actual rows=256.00 loops=1)
   Output: a, b
   Index Cond: ((t.a >= '-26098'::integer) AND (t.a <= '-26035'::integer))
   Index Searches: 1
   Prefetch: distance=2.000 count=2 stalls=101 skipped=10 resets=0 ungets=0 forwarded=0
             histogram [2,4) => 2
   Buffers: shared hit=221 read=23
 Settings: enable_bitmapscan = 'off', enable_seqscan = 'off', max_parallel_workers_per_gather = '0'
 Planning:
   Buffers: shared hit=82 read=27
 Planning Time: 6.494 ms
 Execution Time: 3.176 ms
(12 rows)

SET
SET
SET
SET
SET
                                             QUERY PLAN                                             
----------------------------------------------------------------------------------------------------
 Index Scan using idx on public.t (actual rows=256.00 loops=1)
   Output: a, b
   Index Cond: ((t.a >= '-26098'::integer) AND (t.a <= '-26035'::integer))
   Index Searches: 1
   Buffers: shared hit=244
 Settings: enable_bitmapscan = 'off', enable_seqscan = 'off', max_parallel_workers_per_gather = '0'
 Planning:
   Buffers: shared hit=114
 Planning Time: 0.378 ms
 Execution Time: 0.131 ms
(10 rows)

