SET
SET
SET
SET
SET
                                             QUERY PLAN                                             
----------------------------------------------------------------------------------------------------
 Index Scan using idx on public.t (actual rows=1024.00 loops=1)
   Output: a, b
   Index Cond: ((t.a >= '-11258'::integer) AND (t.a <= '-11003'::integer))
   Index Searches: 1
   Prefetch: distance=2.000 count=14 stalls=713 skipped=62 resets=0 ungets=0 forwarded=0
             histogram [2,4) => 14
   Buffers: shared hit=922 read=31
 Settings: enable_bitmapscan = 'off', enable_seqscan = 'off', max_parallel_workers_per_gather = '0'
 Planning:
   Buffers: shared hit=82 read=27
 Planning Time: 6.347 ms
 Execution Time: 4.188 ms
(12 rows)

SET
SET
SET
SET
SET
                                             QUERY PLAN                                             
----------------------------------------------------------------------------------------------------
 Index Scan using idx on public.t (actual rows=1024.00 loops=1)
   Output: a, b
   Index Cond: ((t.a >= '-11258'::integer) AND (t.a <= '-11003'::integer))
   Index Searches: 1
   Buffers: shared hit=953
 Settings: enable_bitmapscan = 'off', enable_seqscan = 'off', max_parallel_workers_per_gather = '0'
 Planning:
   Buffers: shared hit=114
 Planning Time: 0.410 ms
 Execution Time: 0.323 ms
(10 rows)

