SET
SET
SET
SET
SET
                                             QUERY PLAN                                             
----------------------------------------------------------------------------------------------------
 Index Scan using idx on public.t (actual rows=8192.00 loops=1)
   Output: a, b
   Index Cond: ((t.a >= '-22069'::integer) AND (t.a <= '-20022'::integer))
   Index Searches: 1
   Prefetch: distance=2.000 count=154 stalls=7370 skipped=609 resets=0 ungets=0 forwarded=0
             histogram [2,4) => 154
   Buffers: shared hit=7488 read=110
 Settings: enable_bitmapscan = 'off', enable_seqscan = 'off', max_parallel_workers_per_gather = '0'
 Planning:
   Buffers: shared hit=82 read=27
 Planning Time: 6.595 ms
 Execution Time: 12.517 ms
(12 rows)

SET
SET
SET
SET
SET
                                             QUERY PLAN                                             
----------------------------------------------------------------------------------------------------
 Index Scan using idx on public.t (actual rows=8192.00 loops=1)
   Output: a, b
   Index Cond: ((t.a >= '-22069'::integer) AND (t.a <= '-20022'::integer))
   Index Searches: 1
   Buffers: shared hit=7598
 Settings: enable_bitmapscan = 'off', enable_seqscan = 'off', max_parallel_workers_per_gather = '0'
 Planning:
   Buffers: shared hit=114
 Planning Time: 0.347 ms
 Execution Time: 2.032 ms
(10 rows)

