SET
SET
SET
SET
SET
                                             QUERY PLAN                                             
----------------------------------------------------------------------------------------------------
 Index Scan using idx on public.t (actual rows=1024.00 loops=1)
   Output: a, b
   Index Cond: ((t.a >= '-2812'::integer) AND (t.a <= '-2557'::integer))
   Index Searches: 1
   Prefetch: distance=2.000 count=10 stalls=457 skipped=38 resets=0 ungets=0 forwarded=0
             histogram [2,4) => 10
   Buffers: shared hit=927 read=31
 Settings: enable_bitmapscan = 'off', enable_seqscan = 'off', max_parallel_workers_per_gather = '0'
 Planning:
   Buffers: shared hit=82 read=27
 Planning Time: 6.598 ms
 Execution Time: 4.426 ms
(12 rows)

SET
SET
SET
SET
SET
                                             QUERY PLAN                                             
----------------------------------------------------------------------------------------------------
 Index Scan using idx on public.t (actual rows=1024.00 loops=1)
   Output: a, b
   Index Cond: ((t.a >= '-2812'::integer) AND (t.a <= '-2557'::integer))
   Index Searches: 1
   Buffers: shared hit=958
 Settings: enable_bitmapscan = 'off', enable_seqscan = 'off', max_parallel_workers_per_gather = '0'
 Planning:
   Buffers: shared hit=114
 Planning Time: 0.357 ms
 Execution Time: 0.472 ms
(10 rows)

