SET
SET
SET
SET
SET
                                             QUERY PLAN                                             
----------------------------------------------------------------------------------------------------
 Index Scan using idx on public.t (actual rows=8192.00 loops=1)
   Output: a, b
   Index Cond: ((t.a >= '-6999'::integer) AND (t.a <= '-4952'::integer))
   Index Searches: 1
   Prefetch: distance=2.021 count=143 stalls=6890 skipped=592 resets=0 ungets=0 forwarded=0
             histogram [2,4) => 142, [4,8) => 1
   Buffers: shared hit=7455 read=109
 Settings: enable_bitmapscan = 'off', enable_seqscan = 'off', max_parallel_workers_per_gather = '0'
 Planning:
   Buffers: shared hit=82 read=27
 Planning Time: 6.390 ms
 Execution Time: 12.472 ms
(12 rows)

SET
SET
SET
SET
SET
                                             QUERY PLAN                                             
----------------------------------------------------------------------------------------------------
 Index Scan using idx on public.t (actual rows=8192.00 loops=1)
   Output: a, b
   Index Cond: ((t.a >= '-6999'::integer) AND (t.a <= '-4952'::integer))
   Index Searches: 1
   Buffers: shared hit=7564
 Settings: enable_bitmapscan = 'off', enable_seqscan = 'off', max_parallel_workers_per_gather = '0'
 Planning:
   Buffers: shared hit=114
 Planning Time: 0.343 ms
 Execution Time: 2.208 ms
(10 rows)

