SET
SET
SET
SET
SET
                                             QUERY PLAN                                             
----------------------------------------------------------------------------------------------------
 Index Scan using idx on public.t (actual rows=4096.00 loops=1)
   Output: a, b
   Index Cond: ((t.a >= '-4226'::integer) AND (t.a <= '-3203'::integer))
   Index Searches: 1
   Prefetch: distance=2.000 count=74 stalls=3574 skipped=285 resets=0 ungets=0 forwarded=0
             histogram [2,4) => 74
   Buffers: shared hit=3738 read=65
 Settings: enable_bitmapscan = 'off', enable_seqscan = 'off', max_parallel_workers_per_gather = '0'
 Planning:
   Buffers: shared hit=82 read=27
 Planning Time: 6.210 ms
 Execution Time: 7.405 ms
(12 rows)

SET
SET
SET
SET
SET
                                             QUERY PLAN                                             
----------------------------------------------------------------------------------------------------
 Index Scan using idx on public.t (actual rows=4096.00 loops=1)
   Output: a, b
   Index Cond: ((t.a >= '-4226'::integer) AND (t.a <= '-3203'::integer))
   Index Searches: 1
   Buffers: shared hit=3803
 Settings: enable_bitmapscan = 'off', enable_seqscan = 'off', max_parallel_workers_per_gather = '0'
 Planning:
   Buffers: shared hit=114
 Planning Time: 0.360 ms
 Execution Time: 1.164 ms
(10 rows)

