SET
SET
SET
SET
SET
                                             QUERY PLAN                                             
----------------------------------------------------------------------------------------------------
 Index Scan using idx on public.t (actual rows=8192.00 loops=1)
   Output: a, b
   Index Cond: ((t.a >= '-21924'::integer) AND (t.a <= '-19877'::integer))
   Index Searches: 1
   Prefetch: distance=2.000 count=152 stalls=7277 skipped=616 resets=0 ungets=0 forwarded=0
             histogram [2,4) => 152
   Buffers: shared hit=7476 read=110
 Settings: enable_bitmapscan = 'off', enable_seqscan = 'off', max_parallel_workers_per_gather = '0'
 Planning:
   Buffers: shared hit=82 read=27
 Planning Time: 6.105 ms
 Execution Time: 11.982 ms
(12 rows)

SET
SET
SET
SET
SET
                                             QUERY PLAN                                             
----------------------------------------------------------------------------------------------------
 Index Scan using idx on public.t (actual rows=8192.00 loops=1)
   Output: a, b
   Index Cond: ((t.a >= '-21924'::integer) AND (t.a <= '-19877'::integer))
   Index Searches: 1
   Buffers: shared hit=7586
 Settings: enable_bitmapscan = 'off', enable_seqscan = 'off', max_parallel_workers_per_gather = '0'
 Planning:
   Buffers: shared hit=114
 Planning Time: 0.360 ms
 Execution Time: 2.235 ms
(10 rows)

