SET
SET
SET
SET
SET
                                             QUERY PLAN                                             
----------------------------------------------------------------------------------------------------
 Index Scan Backward using idx on public.t (actual rows=2048.00 loops=1)
   Output: a, b
   Index Cond: ((t.a >= '-6975'::integer) AND (t.a <= '-6464'::integer))
   Index Searches: 1
   Prefetch: distance=2.000 count=34 stalls=1624 skipped=151 resets=0 ungets=0 forwarded=0
             histogram [2,4) => 34
   Buffers: shared hit=1851 read=41
 Settings: enable_bitmapscan = 'off', enable_seqscan = 'off', max_parallel_workers_per_gather = '0'
 Planning:
   Buffers: shared hit=86 read=27
 Planning Time: 6.056 ms
 Execution Time: 3.730 ms
(12 rows)

SET
SET
SET
SET
SET
                                             QUERY PLAN                                             
----------------------------------------------------------------------------------------------------
 Index Scan Backward using idx on public.t (actual rows=2048.00 loops=1)
   Output: a, b
   Index Cond: ((t.a >= '-6975'::integer) AND (t.a <= '-6464'::integer))
   Index Searches: 1
   Buffers: shared hit=1892
 Settings: enable_bitmapscan = 'off', enable_seqscan = 'off', max_parallel_workers_per_gather = '0'
 Planning:
   Buffers: shared hit=118
 Planning Time: 0.342 ms
 Execution Time: 0.577 ms
(10 rows)

