SET
SET
SET
SET
SET
                                             QUERY PLAN                                             
----------------------------------------------------------------------------------------------------
 Index Scan Backward using idx on public.t (actual rows=512.00 loops=1)
   Output: a, b
   Index Cond: ((t.a >= '-28848'::integer) AND (t.a <= '-28721'::integer))
   Index Searches: 1
   Prefetch: distance=2.000 count=10 stalls=421 skipped=26 resets=0 ungets=0 forwarded=0
             histogram [2,4) => 10
   Buffers: shared hit=462 read=26
 Settings: enable_bitmapscan = 'off', enable_seqscan = 'off', max_parallel_workers_per_gather = '0'
 Planning:
   Buffers: shared hit=86 read=27
 Planning Time: 6.151 ms
 Execution Time: 3.161 ms
(12 rows)

SET
SET
SET
SET
SET
                                             QUERY PLAN                                             
----------------------------------------------------------------------------------------------------
 Index Scan Backward using idx on public.t (actual rows=512.00 loops=1)
   Output: a, b
   Index Cond: ((t.a >= '-28848'::integer) AND (t.a <= '-28721'::integer))
   Index Searches: 1
   Buffers: shared hit=488
 Settings: enable_bitmapscan = 'off', enable_seqscan = 'off', max_parallel_workers_per_gather = '0'
 Planning:
   Buffers: shared hit=118
 Planning Time: 0.351 ms
 Execution Time: 0.208 ms
(10 rows)

