SET
SET
SET
SET
SET
                                             QUERY PLAN                                             
----------------------------------------------------------------------------------------------------
 Index Scan Backward using idx on public.t (actual rows=8192.00 loops=1)
   Output: a, b
   Index Cond: ((t.a >= '-25970'::integer) AND (t.a <= '-23923'::integer))
   Index Searches: 1
   Prefetch: distance=2.000 count=144 stalls=6932 skipped=573 resets=0 ungets=0 forwarded=0
             histogram [2,4) => 144
   Buffers: shared hit=7482 read=110
 Settings: enable_bitmapscan = 'off', enable_seqscan = 'off', max_parallel_workers_per_gather = '0'
 Planning:
   Buffers: shared hit=86 read=27
 Planning Time: 6.959 ms
 Execution Time: 7.968 ms
(12 rows)

SET
SET
SET
SET
SET
                                             QUERY PLAN                                             
----------------------------------------------------------------------------------------------------
 Index Scan Backward using idx on public.t (actual rows=8192.00 loops=1)
   Output: a, b
   Index Cond: ((t.a >= '-25970'::integer) AND (t.a <= '-23923'::integer))
   Index Searches: 1
   Buffers: shared hit=7592
 Settings: enable_bitmapscan = 'off', enable_seqscan = 'off', max_parallel_workers_per_gather = '0'
 Planning:
   Buffers: shared hit=118
 Planning Time: 0.339 ms
 Execution Time: 2.175 ms
(10 rows)

