SET
SET
SET
SET
SET
                                             QUERY PLAN                                             
----------------------------------------------------------------------------------------------------
 Index Scan Backward using idx on public.t (actual rows=1024.00 loops=1)
   Output: a, b
   Index Cond: ((t.a >= '-12148'::integer) AND (t.a <= '-11893'::integer))
   Index Searches: 1
   Prefetch: distance=2.000 count=8 stalls=418 skipped=31 resets=0 ungets=0 forwarded=0
             histogram [2,4) => 8
   Buffers: shared hit=930 read=31
 Settings: enable_bitmapscan = 'off', enable_seqscan = 'off', max_parallel_workers_per_gather = '0'
 Planning:
   Buffers: shared hit=86 read=27
 Planning Time: 6.074 ms
 Execution Time: 3.516 ms
(12 rows)

SET
SET
SET
SET
SET
                                             QUERY PLAN                                             
----------------------------------------------------------------------------------------------------
 Index Scan Backward using idx on public.t (actual rows=1024.00 loops=1)
   Output: a, b
   Index Cond: ((t.a >= '-12148'::integer) AND (t.a <= '-11893'::integer))
   Index Searches: 1
   Buffers: shared hit=961
 Settings: enable_bitmapscan = 'off', enable_seqscan = 'off', max_parallel_workers_per_gather = '0'
 Planning:
   Buffers: shared hit=118
 Planning Time: 0.353 ms
 Execution Time: 0.330 ms
(10 rows)

