SET
SET
SET
SET
SET
                                             QUERY PLAN                                             
----------------------------------------------------------------------------------------------------
 Index Scan Backward using idx on public.t (actual rows=2048.00 loops=1)
   Output: a, b
   Index Cond: ((t.a >= '-2572'::integer) AND (t.a <= '-2061'::integer))
   Index Searches: 1
   Prefetch: distance=2.000 count=30 stalls=1424 skipped=111 resets=0 ungets=0 forwarded=0
             histogram [2,4) => 30
   Buffers: shared hit=1856 read=42
 Settings: enable_bitmapscan = 'off', enable_seqscan = 'off', max_parallel_workers_per_gather = '0'
 Planning:
   Buffers: shared hit=86 read=27
 Planning Time: 6.324 ms
 Execution Time: 3.940 ms
(12 rows)

SET
SET
SET
SET
SET
                                             QUERY PLAN                                             
----------------------------------------------------------------------------------------------------
 Index Scan Backward using idx on public.t (actual rows=2048.00 loops=1)
   Output: a, b
   Index Cond: ((t.a >= '-2572'::integer) AND (t.a <= '-2061'::integer))
   Index Searches: 1
   Buffers: shared hit=1898
 Settings: enable_bitmapscan = 'off', enable_seqscan = 'off', max_parallel_workers_per_gather = '0'
 Planning:
   Buffers: shared hit=118
 Planning Time: 0.384 ms
 Execution Time: 0.649 ms
(10 rows)

