SET
SET
SET
SET
SET
                                             QUERY PLAN                                             
----------------------------------------------------------------------------------------------------
 Index Scan Backward using idx on public.t (actual rows=8192.00 loops=1)
   Output: a, b
   Index Cond: ((t.a >= '-6700'::integer) AND (t.a <= '-4653'::integer))
   Index Searches: 1
   Prefetch: distance=2.039 count=154 stalls=7284 skipped=619 resets=0 ungets=0 forwarded=0
             histogram [2,4) => 152, [4,8) => 2
   Buffers: shared hit=7472 read=110
 Settings: enable_bitmapscan = 'off', enable_seqscan = 'off', max_parallel_workers_per_gather = '0'
 Planning:
   Buffers: shared hit=86 read=27
 Planning Time: 6.374 ms
 Execution Time: 10.094 ms
(12 rows)

SET
SET
SET
SET
SET
                                             QUERY PLAN                                             
----------------------------------------------------------------------------------------------------
 Index Scan Backward using idx on public.t (actual rows=8192.00 loops=1)
   Output: a, b
   Index Cond: ((t.a >= '-6700'::integer) AND (t.a <= '-4653'::integer))
   Index Searches: 1
   Buffers: shared hit=7582
 Settings: enable_bitmapscan = 'off', enable_seqscan = 'off', max_parallel_workers_per_gather = '0'
 Planning:
   Buffers: shared hit=118
 Planning Time: 0.363 ms
 Execution Time: 2.103 ms
(10 rows)

