SET
SET
SET
SET
SET
                                             QUERY PLAN                                             
----------------------------------------------------------------------------------------------------
 Index Scan Backward using idx on public.t (actual rows=256.00 loops=1)
   Output: a, b
   Index Cond: ((t.a >= '-20169'::integer) AND (t.a <= '-20154'::integer))
   Index Searches: 1
   Prefetch: distance=2.000 count=2 stalls=84 skipped=25 resets=0 ungets=0 forwarded=0
             histogram [2,4) => 2
   Buffers: shared hit=161 read=32
 Settings: enable_bitmapscan = 'off', enable_seqscan = 'off', max_parallel_workers_per_gather = '0'
 Planning:
   Buffers: shared hit=81 read=24
 Planning Time: 5.656 ms
 Execution Time: 4.027 ms
(12 rows)

SET
SET
SET
SET
SET
                                             QUERY PLAN                                             
----------------------------------------------------------------------------------------------------
 Index Scan Backward using idx on public.t (actual rows=256.00 loops=1)
   Output: a, b
   Index Cond: ((t.a >= '-20169'::integer) AND (t.a <= '-20154'::integer))
   Index Searches: 1
   Buffers: shared hit=193
 Settings: enable_bitmapscan = 'off', enable_seqscan = 'off', max_parallel_workers_per_gather = '0'
 Planning:
   Buffers: shared hit=110
 Planning Time: 0.367 ms
 Execution Time: 0.144 ms
(10 rows)

