SET
SET
SET
SET
SET
                                             QUERY PLAN                                             
----------------------------------------------------------------------------------------------------
 Index Scan Backward using idx on public.t (actual rows=512.00 loops=1)
   Output: a, b
   Index Cond: ((t.a >= '-21072'::integer) AND (t.a <= '-21041'::integer))
   Index Searches: 1
   Prefetch: distance=2.000 count=6 stalls=216 skipped=63 resets=0 ungets=0 forwarded=0
             histogram [2,4) => 6
   Buffers: shared hit=365 read=34
 Settings: enable_bitmapscan = 'off', enable_seqscan = 'off', max_parallel_workers_per_gather = '0'
 Planning:
   Buffers: shared hit=81 read=24
 Planning Time: 5.414 ms
 Execution Time: 3.725 ms
(12 rows)

SET
SET
SET
SET
SET
                                             QUERY PLAN                                             
----------------------------------------------------------------------------------------------------
 Index Scan Backward using idx on public.t (actual rows=512.00 loops=1)
   Output: a, b
   Index Cond: ((t.a >= '-21072'::integer) AND (t.a <= '-21041'::integer))
   Index Searches: 1
   Buffers: shared hit=399
 Settings: enable_bitmapscan = 'off', enable_seqscan = 'off', max_parallel_workers_per_gather = '0'
 Planning:
   Buffers: shared hit=110
 Planning Time: 0.325 ms
 Execution Time: 0.210 ms
(10 rows)

