SET
SET
SET
SET
SET
                                             QUERY PLAN                                             
----------------------------------------------------------------------------------------------------
 Index Scan Backward using idx on public.t (actual rows=1024.00 loops=1)
   Output: a, b
   Index Cond: ((t.a >= '-18005'::integer) AND (t.a <= '-17750'::integer))
   Index Searches: 1
   Prefetch: distance=2.000 count=8 stalls=452 skipped=45 resets=0 ungets=0 forwarded=0
             histogram [2,4) => 8
   Buffers: shared hit=924 read=31
 Settings: enable_bitmapscan = 'off', enable_seqscan = 'off', max_parallel_workers_per_gather = '0'
 Planning:
   Buffers: shared hit=86 read=27
 Planning Time: 5.903 ms
 Execution Time: 3.701 ms
(12 rows)

SET
SET
SET
SET
SET
                                             QUERY PLAN                                             
----------------------------------------------------------------------------------------------------
 Index Scan Backward using idx on public.t (actual rows=1024.00 loops=1)
   Output: a, b
   Index Cond: ((t.a >= '-18005'::integer) AND (t.a <= '-17750'::integer))
   Index Searches: 1
   Buffers: shared hit=955
 Settings: enable_bitmapscan = 'off', enable_seqscan = 'off', max_parallel_workers_per_gather = '0'
 Planning:
   Buffers: shared hit=118
 Planning Time: 0.353 ms
 Execution Time: 0.330 ms
(10 rows)

