SET
SET
SET
SET
SET
                                             QUERY PLAN                                             
----------------------------------------------------------------------------------------------------
 Index Scan Backward using idx on public.t (actual rows=512.00 loops=1)
   Output: a, b
   Index Cond: ((t.a >= '-12655'::integer) AND (t.a <= '-12528'::integer))
   Index Searches: 1
   Prefetch: distance=2.000 count=14 stalls=431 skipped=36 resets=0 ungets=0 forwarded=0
             histogram [2,4) => 14
   Buffers: shared hit=456 read=26
 Settings: enable_bitmapscan = 'off', enable_seqscan = 'off', max_parallel_workers_per_gather = '0'
 Planning:
   Buffers: shared hit=86 read=27
 Planning Time: 6.588 ms
 Execution Time: 3.376 ms
(12 rows)

SET
SET
SET
SET
SET
                                             QUERY PLAN                                             
----------------------------------------------------------------------------------------------------
 Index Scan Backward using idx on public.t (actual rows=512.00 loops=1)
   Output: a, b
   Index Cond: ((t.a >= '-12655'::integer) AND (t.a <= '-12528'::integer))
   Index Searches: 1
   Buffers: shared hit=482
 Settings: enable_bitmapscan = 'off', enable_seqscan = 'off', max_parallel_workers_per_gather = '0'
 Planning:
   Buffers: shared hit=118
 Planning Time: 0.356 ms
 Execution Time: 0.205 ms
(10 rows)

