SET
SET
SET
SET
SET
                                             QUERY PLAN                                             
----------------------------------------------------------------------------------------------------
 Index Scan Backward using idx on public.t (actual rows=8192.00 loops=1)
   Output: a, b
   Index Cond: ((t.a >= '-5676'::integer) AND (t.a <= '-3629'::integer))
   Index Searches: 1
   Prefetch: distance=2.020 count=149 stalls=7244 skipped=576 resets=0 ungets=0 forwarded=0
             histogram [2,4) => 148, [4,8) => 1
   Buffers: shared hit=7504 read=108
 Settings: enable_bitmapscan = 'off', enable_seqscan = 'off', max_parallel_workers_per_gather = '0'
 Planning:
   Buffers: shared hit=86 read=27
 Planning Time: 5.985 ms
 Execution Time: 8.160 ms
(12 rows)

SET
SET
SET
SET
SET
                                             QUERY PLAN                                             
----------------------------------------------------------------------------------------------------
 Index Scan Backward using idx on public.t (actual rows=8192.00 loops=1)
   Output: a, b
   Index Cond: ((t.a >= '-5676'::integer) AND (t.a <= '-3629'::integer))
   Index Searches: 1
   Buffers: shared hit=7612
 Settings: enable_bitmapscan = 'off', enable_seqscan = 'off', max_parallel_workers_per_gather = '0'
 Planning:
   Buffers: shared hit=118
 Planning Time: 0.355 ms
 Execution Time: 2.089 ms
(10 rows)

