SET
SET
SET
SET
SET
                                             QUERY PLAN                                             
----------------------------------------------------------------------------------------------------
 Index Scan Backward using idx on public.t (actual rows=1024.00 loops=1)
   Output: a, b
   Index Cond: ((t.a >= '-13851'::integer) AND (t.a <= '-13788'::integer))
   Index Searches: 1
   Prefetch: distance=2.300 count=20 stalls=533 skipped=218 resets=0 ungets=0 forwarded=0
             histogram [2,4) => 18, [4,8) => 2
   Buffers: shared hit=712 read=42
 Settings: enable_bitmapscan = 'off', enable_seqscan = 'off', max_parallel_workers_per_gather = '0'
 Planning:
   Buffers: shared hit=81 read=24
 Planning Time: 5.705 ms
 Execution Time: 6.016 ms
(12 rows)

SET
SET
SET
SET
SET
                                             QUERY PLAN                                             
----------------------------------------------------------------------------------------------------
 Index Scan Backward using idx on public.t (actual rows=1024.00 loops=1)
   Output: a, b
   Index Cond: ((t.a >= '-13851'::integer) AND (t.a <= '-13788'::integer))
   Index Searches: 1
   Buffers: shared hit=754
 Settings: enable_bitmapscan = 'off', enable_seqscan = 'off', max_parallel_workers_per_gather = '0'
 Planning:
   Buffers: shared hit=110
 Planning Time: 0.320 ms
 Execution Time: 0.337 ms
(10 rows)

