SET
SET
SET
SET
SET
                                             QUERY PLAN                                             
----------------------------------------------------------------------------------------------------
 Index Scan Backward using idx on public.t (actual rows=2048.00 loops=1)
   Output: a, b
   Index Cond: ((t.a >= '-12454'::integer) AND (t.a <= '-11943'::integer))
   Index Searches: 1
   Prefetch: distance=2.000 count=30 stalls=1524 skipped=127 resets=0 ungets=0 forwarded=0
             histogram [2,4) => 30
   Buffers: shared hit=1863 read=42
 Settings: enable_bitmapscan = 'off', enable_seqscan = 'off', max_parallel_workers_per_gather = '0'
 Planning:
   Buffers: shared hit=86 read=27
 Planning Time: 6.063 ms
 Execution Time: 4.189 ms
(12 rows)

SET
SET
SET
SET
SET
                                             QUERY PLAN                                             
----------------------------------------------------------------------------------------------------
 Index Scan Backward using idx on public.t (actual rows=2048.00 loops=1)
   Output: a, b
   Index Cond: ((t.a >= '-12454'::integer) AND (t.a <= '-11943'::integer))
   Index Searches: 1
   Buffers: shared hit=1905
 Settings: enable_bitmapscan = 'off', enable_seqscan = 'off', max_parallel_workers_per_gather = '0'
 Planning:
   Buffers: shared hit=118
 Planning Time: 0.332 ms
 Execution Time: 0.664 ms
(10 rows)

