SET
SET
SET
SET
SET
                                             QUERY PLAN                                             
----------------------------------------------------------------------------------------------------
 Index Scan Backward using idx on public.t (actual rows=4096.00 loops=1)
   Output: a, b
   Index Cond: ((t.a >= '-22666'::integer) AND (t.a <= '-22411'::integer))
   Index Searches: 1
   Prefetch: distance=2.065 count=92 stalls=2777 skipped=959 resets=0 ungets=0 forwarded=0
             histogram [2,4) => 90, [4,8) => 2
   Buffers: shared hit=2996 read=86
 Settings: enable_bitmapscan = 'off', enable_seqscan = 'off', max_parallel_workers_per_gather = '0'
 Planning:
   Buffers: shared hit=81 read=24
 Planning Time: 5.692 ms
 Execution Time: 7.026 ms
(12 rows)

SET
SET
SET
SET
SET
                                             QUERY PLAN                                             
----------------------------------------------------------------------------------------------------
 Index Scan Backward using idx on public.t (actual rows=4096.00 loops=1)
   Output: a, b
   Index Cond: ((t.a >= '-22666'::integer) AND (t.a <= '-22411'::integer))
   Index Searches: 1
   Buffers: shared hit=3082
 Settings: enable_bitmapscan = 'off', enable_seqscan = 'off', max_parallel_workers_per_gather = '0'
 Planning:
   Buffers: shared hit=110
 Planning Time: 0.342 ms
 Execution Time: 1.099 ms
(10 rows)

