SET
SET
SET
SET
SET
                                                                      QUERY PLAN                                                                       
-------------------------------------------------------------------------------------------------------------------------------------------------------
 Index Scan Backward using idx on public.t (actual rows=9048576.00 loops=1)
   Output: a, b
   Index Cond: ((t.a >= '-2290207'::integer) AND (t.a <= '-28064'::integer))
   Index Searches: 1
   Prefetch: distance=239.900 count=8367466 stalls=3 skipped=681584 resets=0 ungets=488 forwarded=0
             histogram [2,4) => 2, [4,8) => 6, [8,16) => 16, [16,32) => 17, [32,64) => 39, [64,128) => 574, [128,256) => 5586880, [256,512) => 2779932
   Buffers: shared hit=8282411 read=98131
 Settings: enable_bitmapscan = 'off', enable_seqscan = 'off', max_parallel_workers_per_gather = '0'
 Planning:
   Buffers: shared hit=82 read=27
 Planning Time: 6.431 ms
 Execution Time: 5563.646 ms
(12 rows)

SET
SET
SET
SET
SET
                                             QUERY PLAN                                             
----------------------------------------------------------------------------------------------------
 Index Scan Backward using idx on public.t (actual rows=9048576.00 loops=1)
   Output: a, b
   Index Cond: ((t.a >= '-2290207'::integer) AND (t.a <= '-28064'::integer))
   Index Searches: 1
   Buffers: shared hit=8380542
 Settings: enable_bitmapscan = 'off', enable_seqscan = 'off', max_parallel_workers_per_gather = '0'
 Planning:
   Buffers: shared hit=114
 Planning Time: 0.524 ms
 Execution Time: 2511.474 ms
(10 rows)

