SET
SET
SET
SET
SET
                                             QUERY PLAN                                             
----------------------------------------------------------------------------------------------------
 Index Scan Backward using idx on public.t (actual rows=512.00 loops=1)
   Output: a, b
   Index Cond: ((t.a >= '-27255'::integer) AND (t.a <= '-27128'::integer))
   Index Searches: 1
   Prefetch: distance=2.000 count=2 stalls=88 skipped=7 resets=0 ungets=0 forwarded=0
             histogram [2,4) => 2
   Buffers: shared hit=460 read=27
 Settings: enable_bitmapscan = 'off', enable_seqscan = 'off', max_parallel_workers_per_gather = '0'
 Planning:
   Buffers: shared hit=86 read=27
 Planning Time: 6.422 ms
 Execution Time: 3.165 ms
(12 rows)

SET
SET
SET
SET
SET
                                             QUERY PLAN                                             
----------------------------------------------------------------------------------------------------
 Index Scan Backward using idx on public.t (actual rows=512.00 loops=1)
   Output: a, b
   Index Cond: ((t.a >= '-27255'::integer) AND (t.a <= '-27128'::integer))
   Index Searches: 1
   Buffers: shared hit=487
 Settings: enable_bitmapscan = 'off', enable_seqscan = 'off', max_parallel_workers_per_gather = '0'
 Planning:
   Buffers: shared hit=118
 Planning Time: 0.435 ms
 Execution Time: 0.228 ms
(10 rows)

