SET
SET
SET
SET
SET
                                             QUERY PLAN                                             
----------------------------------------------------------------------------------------------------
 Index Scan Backward using idx on public.t (actual rows=2048.00 loops=1)
   Output: a, b
   Index Cond: ((t.a >= '-20398'::integer) AND (t.a <= '-19887'::integer))
   Index Searches: 1
   Prefetch: distance=2.000 count=28 stalls=1267 skipped=98 resets=0 ungets=0 forwarded=0
             histogram [2,4) => 28
   Buffers: shared hit=1857 read=44
 Settings: enable_bitmapscan = 'off', enable_seqscan = 'off', max_parallel_workers_per_gather = '0'
 Planning:
   Buffers: shared hit=86 read=27
 Planning Time: 6.105 ms
 Execution Time: 4.596 ms
(12 rows)

SET
SET
SET
SET
SET
                                             QUERY PLAN                                             
----------------------------------------------------------------------------------------------------
 Index Scan Backward using idx on public.t (actual rows=2048.00 loops=1)
   Output: a, b
   Index Cond: ((t.a >= '-20398'::integer) AND (t.a <= '-19887'::integer))
   Index Searches: 1
   Buffers: shared hit=1901
 Settings: enable_bitmapscan = 'off', enable_seqscan = 'off', max_parallel_workers_per_gather = '0'
 Planning:
   Buffers: shared hit=118
 Planning Time: 0.367 ms
 Execution Time: 0.618 ms
(10 rows)

