SET
SET
SET
SET
SET
                                                                      QUERY PLAN                                                                       
-------------------------------------------------------------------------------------------------------------------------------------------------------
 Index Scan Backward using idx on public.t (actual rows=8048576.00 loops=1)
   Output: a, b
   Index Cond: ((t.a >= '-2031189'::integer) AND (t.a <= '-19046'::integer))
   Index Searches: 1
   Prefetch: distance=240.215 count=7442769 stalls=2 skipped=606323 resets=0 ungets=529 forwarded=0
             histogram [2,4) => 2, [4,8) => 8, [8,16) => 11, [16,32) => 14, [32,64) => 25, [64,128) => 483, [128,256) => 4938867, [256,512) => 2503359
   Buffers: shared hit=7367017 read=87290
 Settings: enable_bitmapscan = 'off', enable_seqscan = 'off', max_parallel_workers_per_gather = '0'
 Planning:
   Buffers: shared hit=82 read=27
 Planning Time: 6.300 ms
 Execution Time: 4967.738 ms
(12 rows)

SET
SET
SET
SET
SET
                                             QUERY PLAN                                             
----------------------------------------------------------------------------------------------------
 Index Scan Backward using idx on public.t (actual rows=8048576.00 loops=1)
   Output: a, b
   Index Cond: ((t.a >= '-2031189'::integer) AND (t.a <= '-19046'::integer))
   Index Searches: 1
   Buffers: shared hit=7454307
 Settings: enable_bitmapscan = 'off', enable_seqscan = 'off', max_parallel_workers_per_gather = '0'
 Planning:
   Buffers: shared hit=114
 Planning Time: 0.520 ms
 Execution Time: 2254.007 ms
(10 rows)

