SET
SET
SET
SET
SET
                                             QUERY PLAN                                             
----------------------------------------------------------------------------------------------------
 Index Scan using idx on public.t (actual rows=4096.00 loops=1)
   Output: a, b
   Index Cond: ((t.a >= '-25250'::integer) AND (t.a <= '-24227'::integer))
   Index Searches: 1
   Prefetch: distance=2.000 count=74 stalls=3624 skipped=307 resets=0 ungets=0 forwarded=0
             histogram [2,4) => 74
   Buffers: shared hit=3727 read=65
 Settings: enable_bitmapscan = 'off', enable_seqscan = 'off', max_parallel_workers_per_gather = '0'
 Planning:
   Buffers: shared hit=82 read=27
 Planning Time: 6.110 ms
 Execution Time: 7.333 ms
(12 rows)

SET
SET
SET
SET
SET
                                             QUERY PLAN                                             
----------------------------------------------------------------------------------------------------
 Index Scan using idx on public.t (actual rows=4096.00 loops=1)
   Output: a, b
   Index Cond: ((t.a >= '-25250'::integer) AND (t.a <= '-24227'::integer))
   Index Searches: 1
   Buffers: shared hit=3792
 Settings: enable_bitmapscan = 'off', enable_seqscan = 'off', max_parallel_workers_per_gather = '0'
 Planning:
   Buffers: shared hit=114
 Planning Time: 0.382 ms
 Execution Time: 1.066 ms
(10 rows)

