SET
SET
SET
SET
SET
                                             QUERY PLAN                                             
----------------------------------------------------------------------------------------------------
 Index Scan using idx on public.t (actual rows=8192.00 loops=1)
   Output: a, b
   Index Cond: ((t.a >= '-24559'::integer) AND (t.a <= '-22512'::integer))
   Index Searches: 1
   Prefetch: distance=2.000 count=140 stalls=6808 skipped=577 resets=0 ungets=0 forwarded=0
             histogram [2,4) => 140
   Buffers: shared hit=7479 read=108
 Settings: enable_bitmapscan = 'off', enable_seqscan = 'off', max_parallel_workers_per_gather = '0'
 Planning:
   Buffers: shared hit=82 read=27
 Planning Time: 6.034 ms
 Execution Time: 10.768 ms
(12 rows)

SET
SET
SET
SET
SET
                                             QUERY PLAN                                             
----------------------------------------------------------------------------------------------------
 Index Scan using idx on public.t (actual rows=8192.00 loops=1)
   Output: a, b
   Index Cond: ((t.a >= '-24559'::integer) AND (t.a <= '-22512'::integer))
   Index Searches: 1
   Buffers: shared hit=7587
 Settings: enable_bitmapscan = 'off', enable_seqscan = 'off', max_parallel_workers_per_gather = '0'
 Planning:
   Buffers: shared hit=114
 Planning Time: 0.382 ms
 Execution Time: 2.046 ms
(10 rows)

