SET
SET
SET
SET
SET
                                             QUERY PLAN                                             
----------------------------------------------------------------------------------------------------
 Index Scan using idx on public.t (actual rows=1024.00 loops=1)
   Output: a, b
   Index Cond: ((t.a >= '-16445'::integer) AND (t.a <= '-16190'::integer))
   Index Searches: 1
   Prefetch: distance=2.000 count=14 stalls=671 skipped=64 resets=0 ungets=0 forwarded=0
             histogram [2,4) => 14
   Buffers: shared hit=921 read=31
 Settings: enable_bitmapscan = 'off', enable_seqscan = 'off', max_parallel_workers_per_gather = '0'
 Planning:
   Buffers: shared hit=82 read=27
 Planning Time: 5.932 ms
 Execution Time: 3.508 ms
(12 rows)

SET
SET
SET
SET
SET
                                             QUERY PLAN                                             
----------------------------------------------------------------------------------------------------
 Index Scan using idx on public.t (actual rows=1024.00 loops=1)
   Output: a, b
   Index Cond: ((t.a >= '-16445'::integer) AND (t.a <= '-16190'::integer))
   Index Searches: 1
   Buffers: shared hit=952
 Settings: enable_bitmapscan = 'off', enable_seqscan = 'off', max_parallel_workers_per_gather = '0'
 Planning:
   Buffers: shared hit=114
 Planning Time: 0.318 ms
 Execution Time: 0.325 ms
(10 rows)

