SET
SET
SET
SET
SET
                                             QUERY PLAN                                             
----------------------------------------------------------------------------------------------------
 Index Scan using idx on public.t (actual rows=4096.00 loops=1)
   Output: a, b
   Index Cond: ((t.a >= '-25056'::integer) AND (t.a <= '-24033'::integer))
   Index Searches: 1
   Prefetch: distance=2.000 count=64 stalls=3098 skipped=283 resets=0 ungets=0 forwarded=0
             histogram [2,4) => 64
   Buffers: shared hit=3712 read=64
 Settings: enable_bitmapscan = 'off', enable_seqscan = 'off', max_parallel_workers_per_gather = '0'
 Planning:
   Buffers: shared hit=82 read=27
 Planning Time: 6.209 ms
 Execution Time: 6.619 ms
(12 rows)

SET
SET
SET
SET
SET
                                             QUERY PLAN                                             
----------------------------------------------------------------------------------------------------
 Index Scan using idx on public.t (actual rows=4096.00 loops=1)
   Output: a, b
   Index Cond: ((t.a >= '-25056'::integer) AND (t.a <= '-24033'::integer))
   Index Searches: 1
   Buffers: shared hit=3776
 Settings: enable_bitmapscan = 'off', enable_seqscan = 'off', max_parallel_workers_per_gather = '0'
 Planning:
   Buffers: shared hit=114
 Planning Time: 0.339 ms
 Execution Time: 1.111 ms
(10 rows)

