SET
SET
SET
SET
SET
                                             QUERY PLAN                                             
----------------------------------------------------------------------------------------------------
 Index Scan using idx on public.t (actual rows=8192.00 loops=1)
   Output: a, b
   Index Cond: ((t.a >= '-21652'::integer) AND (t.a <= '-19605'::integer))
   Index Searches: 1
   Prefetch: distance=2.000 count=146 stalls=7054 skipped=597 resets=0 ungets=0 forwarded=0
             histogram [2,4) => 146
   Buffers: shared hit=7475 read=109
 Settings: enable_bitmapscan = 'off', enable_seqscan = 'off', max_parallel_workers_per_gather = '0'
 Planning:
   Buffers: shared hit=82 read=27
 Planning Time: 6.240 ms
 Execution Time: 12.425 ms
(12 rows)

SET
SET
SET
SET
SET
                                             QUERY PLAN                                             
----------------------------------------------------------------------------------------------------
 Index Scan using idx on public.t (actual rows=8192.00 loops=1)
   Output: a, b
   Index Cond: ((t.a >= '-21652'::integer) AND (t.a <= '-19605'::integer))
   Index Searches: 1
   Buffers: shared hit=7584
 Settings: enable_bitmapscan = 'off', enable_seqscan = 'off', max_parallel_workers_per_gather = '0'
 Planning:
   Buffers: shared hit=114
 Planning Time: 0.357 ms
 Execution Time: 2.110 ms
(10 rows)

