SET
SET
SET
SET
SET
                                             QUERY PLAN                                             
----------------------------------------------------------------------------------------------------
 Index Scan using idx on public.t (actual rows=512.00 loops=1)
   Output: a, b
   Index Cond: ((t.a >= '-3352'::integer) AND (t.a <= '-3225'::integer))
   Index Searches: 1
   Prefetch: distance=11.352 count=91 stalls=380 skipped=34 resets=0 ungets=0 forwarded=0
             histogram [2,4) => 14, [4,8) => 16, [8,16) => 34, [16,32) => 27
   Buffers: shared hit=458 read=26
 Settings: enable_bitmapscan = 'off', enable_seqscan = 'off', max_parallel_workers_per_gather = '0'
 Planning:
   Buffers: shared hit=82 read=27
 Planning Time: 6.343 ms
 Execution Time: 2.946 ms
(12 rows)

SET
SET
SET
SET
SET
                                             QUERY PLAN                                             
----------------------------------------------------------------------------------------------------
 Index Scan using idx on public.t (actual rows=512.00 loops=1)
   Output: a, b
   Index Cond: ((t.a >= '-3352'::integer) AND (t.a <= '-3225'::integer))
   Index Searches: 1
   Buffers: shared hit=484
 Settings: enable_bitmapscan = 'off', enable_seqscan = 'off', max_parallel_workers_per_gather = '0'
 Planning:
   Buffers: shared hit=114
 Planning Time: 0.355 ms
 Execution Time: 0.203 ms
(10 rows)

