SET
SET
SET
SET
SET
                                             QUERY PLAN                                             
----------------------------------------------------------------------------------------------------
 Index Scan using idx on public.t (actual rows=8192.00 loops=1)
   Output: a, b
   Index Cond: ((t.a >= '-23365'::integer) AND (t.a <= '-21318'::integer))
   Index Searches: 1
   Prefetch: distance=2.000 count=144 stalls=6913 skipped=567 resets=0 ungets=0 forwarded=0
             histogram [2,4) => 144
   Buffers: shared hit=7495 read=109
 Settings: enable_bitmapscan = 'off', enable_seqscan = 'off', max_parallel_workers_per_gather = '0'
 Planning:
   Buffers: shared hit=82 read=27
 Planning Time: 6.286 ms
 Execution Time: 11.400 ms
(12 rows)

SET
SET
SET
SET
SET
                                             QUERY PLAN                                             
----------------------------------------------------------------------------------------------------
 Index Scan using idx on public.t (actual rows=8192.00 loops=1)
   Output: a, b
   Index Cond: ((t.a >= '-23365'::integer) AND (t.a <= '-21318'::integer))
   Index Searches: 1
   Buffers: shared hit=7604
 Settings: enable_bitmapscan = 'off', enable_seqscan = 'off', max_parallel_workers_per_gather = '0'
 Planning:
   Buffers: shared hit=114
 Planning Time: 0.340 ms
 Execution Time: 2.068 ms
(10 rows)

