SET
SET
SET
SET
SET
                                             QUERY PLAN                                             
----------------------------------------------------------------------------------------------------
 Index Scan using idx on public.t (actual rows=8192.00 loops=1)
   Output: a, b
   Index Cond: ((t.a >= '-19489'::integer) AND (t.a <= '-17442'::integer))
   Index Searches: 1
   Prefetch: distance=2.000 count=146 stalls=7037 skipped=582 resets=0 ungets=0 forwarded=0
             histogram [2,4) => 146
   Buffers: shared hit=7495 read=109
 Settings: enable_bitmapscan = 'off', enable_seqscan = 'off', max_parallel_workers_per_gather = '0'
 Planning:
   Buffers: shared hit=82 read=27
 Planning Time: 6.260 ms
 Execution Time: 11.640 ms
(12 rows)

SET
SET
SET
SET
SET
                                             QUERY PLAN                                             
----------------------------------------------------------------------------------------------------
 Index Scan using idx on public.t (actual rows=8192.00 loops=1)
   Output: a, b
   Index Cond: ((t.a >= '-19489'::integer) AND (t.a <= '-17442'::integer))
   Index Searches: 1
   Buffers: shared hit=7604
 Settings: enable_bitmapscan = 'off', enable_seqscan = 'off', max_parallel_workers_per_gather = '0'
 Planning:
   Buffers: shared hit=114
 Planning Time: 0.323 ms
 Execution Time: 2.031 ms
(10 rows)

