SET
SET
SET
SET
SET
                                             QUERY PLAN                                             
----------------------------------------------------------------------------------------------------
 Index Scan using idx on public.t (actual rows=4096.00 loops=1)
   Output: a, b
   Index Cond: ((t.a >= '-31455'::integer) AND (t.a <= '-30432'::integer))
   Index Searches: 1
   Prefetch: distance=2.000 count=72 stalls=3528 skipped=301 resets=0 ungets=0 forwarded=0
             histogram [2,4) => 72
   Buffers: shared hit=3731 read=65
 Settings: enable_bitmapscan = 'off', enable_seqscan = 'off', max_parallel_workers_per_gather = '0'
 Planning:
   Buffers: shared hit=82 read=27
 Planning Time: 6.167 ms
 Execution Time: 8.240 ms
(12 rows)

SET
SET
SET
SET
SET
                                             QUERY PLAN                                             
----------------------------------------------------------------------------------------------------
 Index Scan using idx on public.t (actual rows=4096.00 loops=1)
   Output: a, b
   Index Cond: ((t.a >= '-31455'::integer) AND (t.a <= '-30432'::integer))
   Index Searches: 1
   Buffers: shared hit=3796
 Settings: enable_bitmapscan = 'off', enable_seqscan = 'off', max_parallel_workers_per_gather = '0'
 Planning:
   Buffers: shared hit=114
 Planning Time: 0.325 ms
 Execution Time: 1.173 ms
(10 rows)

