SET
SET
SET
SET
SET
                                             QUERY PLAN                                             
----------------------------------------------------------------------------------------------------
 Index Scan Backward using idx on public.t (actual rows=8192.00 loops=1)
   Output: a, b
   Index Cond: ((t.a >= '-15437'::integer) AND (t.a <= '-13390'::integer))
   Index Searches: 1
   Prefetch: distance=2.000 count=142 stalls=6921 skipped=538 resets=0 ungets=0 forwarded=0
             histogram [2,4) => 142
   Buffers: shared hit=7516 read=109
 Settings: enable_bitmapscan = 'off', enable_seqscan = 'off', max_parallel_workers_per_gather = '0'
 Planning:
   Buffers: shared hit=86 read=27
 Planning Time: 6.506 ms
 Execution Time: 7.341 ms
(12 rows)

SET
SET
SET
SET
SET
                                             QUERY PLAN                                             
----------------------------------------------------------------------------------------------------
 Index Scan Backward using idx on public.t (actual rows=8192.00 loops=1)
   Output: a, b
   Index Cond: ((t.a >= '-15437'::integer) AND (t.a <= '-13390'::integer))
   Index Searches: 1
   Buffers: shared hit=7625
 Settings: enable_bitmapscan = 'off', enable_seqscan = 'off', max_parallel_workers_per_gather = '0'
 Planning:
   Buffers: shared hit=118
 Planning Time: 0.437 ms
 Execution Time: 2.718 ms
(10 rows)

