SET
SET
SET
SET
SET
                                             QUERY PLAN                                             
----------------------------------------------------------------------------------------------------
 Index Scan Backward using idx on public.t (actual rows=512.00 loops=1)
   Output: a, b
   Index Cond: ((t.a >= '-5766'::integer) AND (t.a <= '-5639'::integer))
   Index Searches: 1
   Prefetch: distance=2.000 count=6 stalls=282 skipped=25 resets=0 ungets=0 forwarded=0
             histogram [2,4) => 6
   Buffers: shared hit=452 read=26
 Settings: enable_bitmapscan = 'off', enable_seqscan = 'off', max_parallel_workers_per_gather = '0'
 Planning:
   Buffers: shared hit=86 read=27
 Planning Time: 6.551 ms
 Execution Time: 2.831 ms
(12 rows)

SET
SET
SET
SET
SET
                                             QUERY PLAN                                             
----------------------------------------------------------------------------------------------------
 Index Scan Backward using idx on public.t (actual rows=512.00 loops=1)
   Output: a, b
   Index Cond: ((t.a >= '-5766'::integer) AND (t.a <= '-5639'::integer))
   Index Searches: 1
   Buffers: shared hit=478
 Settings: enable_bitmapscan = 'off', enable_seqscan = 'off', max_parallel_workers_per_gather = '0'
 Planning:
   Buffers: shared hit=118
 Planning Time: 0.356 ms
 Execution Time: 0.213 ms
(10 rows)

