SET
SET
SET
SET
SET
                                                                   QUERY PLAN                                                                   
------------------------------------------------------------------------------------------------------------------------------------------------
 Index Scan Backward using idx on public.t (actual rows=32768.00 loops=1)
   Output: a, b
   Index Cond: ((t.a >= '-29743'::integer) AND (t.a <= '-21552'::integer))
   Index Searches: 1
   Prefetch: distance=258.306 count=31431 stalls=1 skipped=2437 resets=0 ungets=1108 forwarded=1
             histogram [2,4) => 6, [4,8) => 5, [8,16) => 7, [16,32) => 13, [32,64) => 23, [64,128) => 47, [128,256) => 8762, [256,512) => 22568
   Buffers: shared hit=30009 read=377
 Settings: enable_bitmapscan = 'off', enable_seqscan = 'off', max_parallel_workers_per_gather = '0'
 Planning:
   Buffers: shared hit=86 read=27
 Planning Time: 6.105 ms
 Execution Time: 24.184 ms
(12 rows)

SET
SET
SET
SET
SET
                                             QUERY PLAN                                             
----------------------------------------------------------------------------------------------------
 Index Scan Backward using idx on public.t (actual rows=32768.00 loops=1)
   Output: a, b
   Index Cond: ((t.a >= '-29743'::integer) AND (t.a <= '-21552'::integer))
   Index Searches: 1
   Buffers: shared hit=30386
 Settings: enable_bitmapscan = 'off', enable_seqscan = 'off', max_parallel_workers_per_gather = '0'
 Planning:
   Buffers: shared hit=118
 Planning Time: 0.464 ms
 Execution Time: 7.637 ms
(10 rows)

