SET
SET
SET
SET
SET
                                             QUERY PLAN                                             
----------------------------------------------------------------------------------------------------
 Index Scan Backward using idx on public.t (actual rows=8192.00 loops=1)
   Output: a, b
   Index Cond: ((t.a >= '-9878'::integer) AND (t.a <= '-7831'::integer))
   Index Searches: 1
   Prefetch: distance=2.000 count=152 stalls=7336 skipped=589 resets=0 ungets=0 forwarded=0
             histogram [2,4) => 152
   Buffers: shared hit=7501 read=110
 Settings: enable_bitmapscan = 'off', enable_seqscan = 'off', max_parallel_workers_per_gather = '0'
 Planning:
   Buffers: shared hit=86 read=27
 Planning Time: 6.494 ms
 Execution Time: 7.288 ms
(12 rows)

SET
SET
SET
SET
SET
                                             QUERY PLAN                                             
----------------------------------------------------------------------------------------------------
 Index Scan Backward using idx on public.t (actual rows=8192.00 loops=1)
   Output: a, b
   Index Cond: ((t.a >= '-9878'::integer) AND (t.a <= '-7831'::integer))
   Index Searches: 1
   Buffers: shared hit=7611
 Settings: enable_bitmapscan = 'off', enable_seqscan = 'off', max_parallel_workers_per_gather = '0'
 Planning:
   Buffers: shared hit=118
 Planning Time: 0.347 ms
 Execution Time: 2.210 ms
(10 rows)

