SET
SET
SET
SET
SET
                                             QUERY PLAN                                             
----------------------------------------------------------------------------------------------------
 Index Scan Backward using idx on public.t (actual rows=4096.00 loops=1)
   Output: a, b
   Index Cond: ((t.a >= '-18296'::integer) AND (t.a <= '-17273'::integer))
   Index Searches: 1
   Prefetch: distance=2.042 count=71 stalls=3343 skipped=259 resets=0 ungets=0 forwarded=0
             histogram [2,4) => 70, [4,8) => 1
   Buffers: shared hit=3749 read=65
 Settings: enable_bitmapscan = 'off', enable_seqscan = 'off', max_parallel_workers_per_gather = '0'
 Planning:
   Buffers: shared hit=86 read=27
 Planning Time: 6.657 ms
 Execution Time: 4.908 ms
(12 rows)

SET
SET
SET
SET
SET
                                             QUERY PLAN                                             
----------------------------------------------------------------------------------------------------
 Index Scan Backward using idx on public.t (actual rows=4096.00 loops=1)
   Output: a, b
   Index Cond: ((t.a >= '-18296'::integer) AND (t.a <= '-17273'::integer))
   Index Searches: 1
   Buffers: shared hit=3814
 Settings: enable_bitmapscan = 'off', enable_seqscan = 'off', max_parallel_workers_per_gather = '0'
 Planning:
   Buffers: shared hit=118
 Planning Time: 0.400 ms
 Execution Time: 1.140 ms
(10 rows)

