SET
SET
SET
SET
SET
                                             QUERY PLAN                                             
----------------------------------------------------------------------------------------------------
 Index Scan Backward using idx on public.t (actual rows=2048.00 loops=1)
   Output: a, b
   Index Cond: ((t.a >= '-7327'::integer) AND (t.a <= '-6816'::integer))
   Index Searches: 1
   Prefetch: distance=2.000 count=38 stalls=1707 skipped=136 resets=0 ungets=0 forwarded=0
             histogram [2,4) => 38
   Buffers: shared hit=1864 read=42
 Settings: enable_bitmapscan = 'off', enable_seqscan = 'off', max_parallel_workers_per_gather = '0'
 Planning:
   Buffers: shared hit=86 read=27
 Planning Time: 6.593 ms
 Execution Time: 3.685 ms
(12 rows)

SET
SET
SET
SET
SET
                                             QUERY PLAN                                             
----------------------------------------------------------------------------------------------------
 Index Scan Backward using idx on public.t (actual rows=2048.00 loops=1)
   Output: a, b
   Index Cond: ((t.a >= '-7327'::integer) AND (t.a <= '-6816'::integer))
   Index Searches: 1
   Buffers: shared hit=1906
 Settings: enable_bitmapscan = 'off', enable_seqscan = 'off', max_parallel_workers_per_gather = '0'
 Planning:
   Buffers: shared hit=118
 Planning Time: 0.342 ms
 Execution Time: 0.614 ms
(10 rows)

