SET
SET
SET
SET
SET
                                             QUERY PLAN                                             
----------------------------------------------------------------------------------------------------
 Index Scan Backward using idx on public.t (actual rows=1024.00 loops=1)
   Output: a, b
   Index Cond: ((t.a >= '-7372'::integer) AND (t.a <= '-7117'::integer))
   Index Searches: 1
   Prefetch: distance=2.000 count=12 stalls=668 skipped=45 resets=0 ungets=0 forwarded=0
             histogram [2,4) => 12
   Buffers: shared hit=936 read=32
 Settings: enable_bitmapscan = 'off', enable_seqscan = 'off', max_parallel_workers_per_gather = '0'
 Planning:
   Buffers: shared hit=86 read=27
 Planning Time: 6.114 ms
 Execution Time: 4.011 ms
(12 rows)

SET
SET
SET
SET
SET
                                             QUERY PLAN                                             
----------------------------------------------------------------------------------------------------
 Index Scan Backward using idx on public.t (actual rows=1024.00 loops=1)
   Output: a, b
   Index Cond: ((t.a >= '-7372'::integer) AND (t.a <= '-7117'::integer))
   Index Searches: 1
   Buffers: shared hit=968
 Settings: enable_bitmapscan = 'off', enable_seqscan = 'off', max_parallel_workers_per_gather = '0'
 Planning:
   Buffers: shared hit=118
 Planning Time: 0.347 ms
 Execution Time: 0.326 ms
(10 rows)

