SET
SET
SET
SET
SET
                                             QUERY PLAN                                             
----------------------------------------------------------------------------------------------------
 Index Scan Backward using idx on public.t (actual rows=4096.00 loops=1)
   Output: a, b
   Index Cond: ((t.a >= '-10466'::integer) AND (t.a <= '-9443'::integer))
   Index Searches: 1
   Prefetch: distance=2.000 count=70 stalls=3379 skipped=300 resets=0 ungets=0 forwarded=0
             histogram [2,4) => 70
   Buffers: shared hit=3721 read=64
 Settings: enable_bitmapscan = 'off', enable_seqscan = 'off', max_parallel_workers_per_gather = '0'
 Planning:
   Buffers: shared hit=86 read=27
 Planning Time: 6.413 ms
 Execution Time: 5.407 ms
(12 rows)

SET
SET
SET
SET
SET
                                             QUERY PLAN                                             
----------------------------------------------------------------------------------------------------
 Index Scan Backward using idx on public.t (actual rows=4096.00 loops=1)
   Output: a, b
   Index Cond: ((t.a >= '-10466'::integer) AND (t.a <= '-9443'::integer))
   Index Searches: 1
   Buffers: shared hit=3785
 Settings: enable_bitmapscan = 'off', enable_seqscan = 'off', max_parallel_workers_per_gather = '0'
 Planning:
   Buffers: shared hit=118
 Planning Time: 0.357 ms
 Execution Time: 1.055 ms
(10 rows)

