SET
SET
SET
SET
SET
                                             QUERY PLAN                                             
----------------------------------------------------------------------------------------------------
 Index Scan Backward using idx on public.t (actual rows=8192.00 loops=1)
   Output: a, b
   Index Cond: ((t.a >= '-6243'::integer) AND (t.a <= '-4196'::integer))
   Index Searches: 1
   Prefetch: distance=2.021 count=141 stalls=6858 skipped=566 resets=0 ungets=0 forwarded=0
             histogram [2,4) => 140, [4,8) => 1
   Buffers: shared hit=7488 read=109
 Settings: enable_bitmapscan = 'off', enable_seqscan = 'off', max_parallel_workers_per_gather = '0'
 Planning:
   Buffers: shared hit=86 read=27
 Planning Time: 6.351 ms
 Execution Time: 7.355 ms
(12 rows)

SET
SET
SET
SET
SET
                                             QUERY PLAN                                             
----------------------------------------------------------------------------------------------------
 Index Scan Backward using idx on public.t (actual rows=8192.00 loops=1)
   Output: a, b
   Index Cond: ((t.a >= '-6243'::integer) AND (t.a <= '-4196'::integer))
   Index Searches: 1
   Buffers: shared hit=7597
 Settings: enable_bitmapscan = 'off', enable_seqscan = 'off', max_parallel_workers_per_gather = '0'
 Planning:
   Buffers: shared hit=118
 Planning Time: 0.423 ms
 Execution Time: 2.032 ms
(10 rows)

