SET
SET
SET
SET
SET
                                                                  QUERY PLAN                                                                   
-----------------------------------------------------------------------------------------------------------------------------------------------
 Index Scan Backward using idx on public.t (actual rows=32768.00 loops=1)
   Output: a, b
   Index Cond: ((t.a >= '-36424'::integer) AND (t.a <= '-28233'::integer))
   Index Searches: 1
   Prefetch: distance=258.635 count=31468 stalls=1 skipped=2438 resets=0 ungets=1142 forwarded=0
             histogram [2,4) => 2, [4,8) => 3, [8,16) => 10, [16,32) => 9, [32,64) => 19, [64,128) => 2, [128,256) => 8986, [256,512) => 22437
   Buffers: shared hit=30010 read=376
 Settings: enable_bitmapscan = 'off', enable_seqscan = 'off', max_parallel_workers_per_gather = '0'
 Planning:
   Buffers: shared hit=86 read=27
 Planning Time: 6.122 ms
 Execution Time: 24.451 ms
(12 rows)

SET
SET
SET
SET
SET
                                             QUERY PLAN                                             
----------------------------------------------------------------------------------------------------
 Index Scan Backward using idx on public.t (actual rows=32768.00 loops=1)
   Output: a, b
   Index Cond: ((t.a >= '-36424'::integer) AND (t.a <= '-28233'::integer))
   Index Searches: 1
   Buffers: shared hit=30386
 Settings: enable_bitmapscan = 'off', enable_seqscan = 'off', max_parallel_workers_per_gather = '0'
 Planning:
   Buffers: shared hit=118
 Planning Time: 0.486 ms
 Execution Time: 10.617 ms
(10 rows)

