SET
SET
SET
SET
SET
                                             QUERY PLAN                                             
----------------------------------------------------------------------------------------------------
 Index Scan Backward using idx on public.t (actual rows=512.00 loops=1)
   Output: a, b
   Index Cond: ((t.a >= '-10708'::integer) AND (t.a <= '-10677'::integer))
   Index Searches: 1
   Prefetch: distance=2.000 count=6 stalls=191 skipped=61 resets=0 ungets=0 forwarded=0
             histogram [2,4) => 6
   Buffers: shared hit=362 read=34
 Settings: enable_bitmapscan = 'off', enable_seqscan = 'off', max_parallel_workers_per_gather = '0'
 Planning:
   Buffers: shared hit=85 read=28
 Planning Time: 6.202 ms
 Execution Time: 3.890 ms
(12 rows)

SET
SET
SET
SET
SET
                                             QUERY PLAN                                             
----------------------------------------------------------------------------------------------------
 Index Scan Backward using idx on public.t (actual rows=512.00 loops=1)
   Output: a, b
   Index Cond: ((t.a >= '-10708'::integer) AND (t.a <= '-10677'::integer))
   Index Searches: 1
   Buffers: shared hit=396
 Settings: enable_bitmapscan = 'off', enable_seqscan = 'off', max_parallel_workers_per_gather = '0'
 Planning:
   Buffers: shared hit=118
 Planning Time: 0.378 ms
 Execution Time: 0.223 ms
(10 rows)

