SET
SET
SET
SET
SET
                                             QUERY PLAN                                             
----------------------------------------------------------------------------------------------------
 Index Scan Backward using idx on public.t (actual rows=2048.00 loops=1)
   Output: a, b
   Index Cond: ((t.a >= '-20459'::integer) AND (t.a <= '-20332'::integer))
   Index Searches: 1
   Prefetch: distance=2.000 count=42 stalls=1304 skipped=477 resets=0 ungets=0 forwarded=0
             histogram [2,4) => 42
   Buffers: shared hit=1478 read=56
 Settings: enable_bitmapscan = 'off', enable_seqscan = 'off', max_parallel_workers_per_gather = '0'
 Planning:
   Buffers: shared hit=81 read=24
 Planning Time: 5.703 ms
 Execution Time: 4.954 ms
(12 rows)

SET
SET
SET
SET
SET
                                             QUERY PLAN                                             
----------------------------------------------------------------------------------------------------
 Index Scan Backward using idx on public.t (actual rows=2048.00 loops=1)
   Output: a, b
   Index Cond: ((t.a >= '-20459'::integer) AND (t.a <= '-20332'::integer))
   Index Searches: 1
   Buffers: shared hit=1534
 Settings: enable_bitmapscan = 'off', enable_seqscan = 'off', max_parallel_workers_per_gather = '0'
 Planning:
   Buffers: shared hit=110
 Planning Time: 0.316 ms
 Execution Time: 0.580 ms
(10 rows)

