SET
SET
SET
SET
SET
                                             QUERY PLAN                                             
----------------------------------------------------------------------------------------------------
 Index Scan Backward using idx on public.t (actual rows=4096.00 loops=1)
   Output: a, b
   Index Cond: ((t.a >= '-23293'::integer) AND (t.a <= '-23038'::integer))
   Index Searches: 1
   Prefetch: distance=2.032 count=95 stalls=2896 skipped=988 resets=0 ungets=0 forwarded=0
             histogram [2,4) => 94, [4,8) => 1
   Buffers: shared hit=3012 read=87
 Settings: enable_bitmapscan = 'off', enable_seqscan = 'off', max_parallel_workers_per_gather = '0'
 Planning:
   Buffers: shared hit=81 read=24
 Planning Time: 5.830 ms
 Execution Time: 7.004 ms
(12 rows)

SET
SET
SET
SET
SET
                                             QUERY PLAN                                             
----------------------------------------------------------------------------------------------------
 Index Scan Backward using idx on public.t (actual rows=4096.00 loops=1)
   Output: a, b
   Index Cond: ((t.a >= '-23293'::integer) AND (t.a <= '-23038'::integer))
   Index Searches: 1
   Buffers: shared hit=3099
 Settings: enable_bitmapscan = 'off', enable_seqscan = 'off', max_parallel_workers_per_gather = '0'
 Planning:
   Buffers: shared hit=110
 Planning Time: 0.338 ms
 Execution Time: 1.075 ms
(10 rows)

