SET
SET
SET
SET
SET
                                             QUERY PLAN                                             
----------------------------------------------------------------------------------------------------
 Index Scan Backward using idx on public.t (actual rows=2048.00 loops=1)
   Output: a, b
   Index Cond: ((t.a >= '-32429'::integer) AND (t.a <= '-31918'::integer))
   Index Searches: 1
   Prefetch: distance=2.000 count=26 stalls=1284 skipped=111 resets=0 ungets=0 forwarded=0
             histogram [2,4) => 26
   Buffers: shared hit=1855 read=43
 Settings: enable_bitmapscan = 'off', enable_seqscan = 'off', max_parallel_workers_per_gather = '0'
 Planning:
   Buffers: shared hit=86 read=27
 Planning Time: 6.310 ms
 Execution Time: 3.736 ms
(12 rows)

SET
SET
SET
SET
SET
                                             QUERY PLAN                                             
----------------------------------------------------------------------------------------------------
 Index Scan Backward using idx on public.t (actual rows=2048.00 loops=1)
   Output: a, b
   Index Cond: ((t.a >= '-32429'::integer) AND (t.a <= '-31918'::integer))
   Index Searches: 1
   Buffers: shared hit=1898
 Settings: enable_bitmapscan = 'off', enable_seqscan = 'off', max_parallel_workers_per_gather = '0'
 Planning:
   Buffers: shared hit=118
 Planning Time: 0.341 ms
 Execution Time: 0.693 ms
(10 rows)

