SET
SET
SET
SET
SET
                                             QUERY PLAN                                             
----------------------------------------------------------------------------------------------------
 Index Scan Backward using idx on public.t (actual rows=8192.00 loops=1)
   Output: a, b
   Index Cond: ((t.a >= '-31360'::integer) AND (t.a <= '-29313'::integer))
   Index Searches: 1
   Prefetch: distance=2.000 count=146 stalls=7115 skipped=572 resets=0 ungets=0 forwarded=0
             histogram [2,4) => 146
   Buffers: shared hit=7501 read=109
 Settings: enable_bitmapscan = 'off', enable_seqscan = 'off', max_parallel_workers_per_gather = '0'
 Planning:
   Buffers: shared hit=86 read=27
 Planning Time: 6.089 ms
 Execution Time: 7.147 ms
(12 rows)

SET
SET
SET
SET
SET
                                             QUERY PLAN                                             
----------------------------------------------------------------------------------------------------
 Index Scan Backward using idx on public.t (actual rows=8192.00 loops=1)
   Output: a, b
   Index Cond: ((t.a >= '-31360'::integer) AND (t.a <= '-29313'::integer))
   Index Searches: 1
   Buffers: shared hit=7610
 Settings: enable_bitmapscan = 'off', enable_seqscan = 'off', max_parallel_workers_per_gather = '0'
 Planning:
   Buffers: shared hit=118
 Planning Time: 0.362 ms
 Execution Time: 2.176 ms
(10 rows)

