SET
SET
SET
SET
SET
                                             QUERY PLAN                                             
----------------------------------------------------------------------------------------------------
 Index Scan Backward using idx on public.t (actual rows=2048.00 loops=1)
   Output: a, b
   Index Cond: ((t.a >= '-5162'::integer) AND (t.a <= '-4651'::integer))
   Index Searches: 1
   Prefetch: distance=2.081 count=37 stalls=1738 skipped=130 resets=0 ungets=0 forwarded=0
             histogram [2,4) => 36, [4,8) => 1
   Buffers: shared hit=1874 read=42
 Settings: enable_bitmapscan = 'off', enable_seqscan = 'off', max_parallel_workers_per_gather = '0'
 Planning:
   Buffers: shared hit=86 read=27
 Planning Time: 6.350 ms
 Execution Time: 3.541 ms
(12 rows)

SET
SET
SET
SET
SET
                                             QUERY PLAN                                             
----------------------------------------------------------------------------------------------------
 Index Scan Backward using idx on public.t (actual rows=2048.00 loops=1)
   Output: a, b
   Index Cond: ((t.a >= '-5162'::integer) AND (t.a <= '-4651'::integer))
   Index Searches: 1
   Buffers: shared hit=1916
 Settings: enable_bitmapscan = 'off', enable_seqscan = 'off', max_parallel_workers_per_gather = '0'
 Planning:
   Buffers: shared hit=118
 Planning Time: 0.366 ms
 Execution Time: 0.727 ms
(10 rows)

