SET
SET
SET
SET
SET
                                             QUERY PLAN                                             
----------------------------------------------------------------------------------------------------
 Index Scan Backward using idx on public.t (actual rows=4096.00 loops=1)
   Output: a, b
   Index Cond: ((t.a >= '-23470'::integer) AND (t.a <= '-22447'::integer))
   Index Searches: 1
   Prefetch: distance=2.000 count=70 stalls=3320 skipped=271 resets=0 ungets=0 forwarded=0
             histogram [2,4) => 70
   Buffers: shared hit=3742 read=64
 Settings: enable_bitmapscan = 'off', enable_seqscan = 'off', max_parallel_workers_per_gather = '0'
 Planning:
   Buffers: shared hit=86 read=27
 Planning Time: 6.194 ms
 Execution Time: 4.909 ms
(12 rows)

SET
SET
SET
SET
SET
                                             QUERY PLAN                                             
----------------------------------------------------------------------------------------------------
 Index Scan Backward using idx on public.t (actual rows=4096.00 loops=1)
   Output: a, b
   Index Cond: ((t.a >= '-23470'::integer) AND (t.a <= '-22447'::integer))
   Index Searches: 1
   Buffers: shared hit=3806
 Settings: enable_bitmapscan = 'off', enable_seqscan = 'off', max_parallel_workers_per_gather = '0'
 Planning:
   Buffers: shared hit=118
 Planning Time: 0.337 ms
 Execution Time: 1.062 ms
(10 rows)

