SET
SET
SET
SET
SET
                                             QUERY PLAN                                             
----------------------------------------------------------------------------------------------------
 Index Scan Backward using idx on public.t (actual rows=8192.00 loops=1)
   Output: a, b
   Index Cond: ((t.a >= '-14834'::integer) AND (t.a <= '-12787'::integer))
   Index Searches: 1
   Prefetch: distance=2.000 count=148 stalls=7121 skipped=592 resets=0 ungets=0 forwarded=0
             histogram [2,4) => 148
   Buffers: shared hit=7485 read=110
 Settings: enable_bitmapscan = 'off', enable_seqscan = 'off', max_parallel_workers_per_gather = '0'
 Planning:
   Buffers: shared hit=86 read=27
 Planning Time: 6.169 ms
 Execution Time: 7.186 ms
(12 rows)

SET
SET
SET
SET
SET
                                             QUERY PLAN                                             
----------------------------------------------------------------------------------------------------
 Index Scan Backward using idx on public.t (actual rows=8192.00 loops=1)
   Output: a, b
   Index Cond: ((t.a >= '-14834'::integer) AND (t.a <= '-12787'::integer))
   Index Searches: 1
   Buffers: shared hit=7595
 Settings: enable_bitmapscan = 'off', enable_seqscan = 'off', max_parallel_workers_per_gather = '0'
 Planning:
   Buffers: shared hit=118
 Planning Time: 0.446 ms
 Execution Time: 2.071 ms
(10 rows)

