SET
SET
SET
SET
SET
                                             QUERY PLAN                                             
----------------------------------------------------------------------------------------------------
 Index Scan Backward using idx on public.t (actual rows=8192.00 loops=1)
   Output: a, b
   Index Cond: ((t.a >= '-18576'::integer) AND (t.a <= '-16529'::integer))
   Index Searches: 1
   Prefetch: distance=2.000 count=150 stalls=7303 skipped=584 resets=0 ungets=0 forwarded=0
             histogram [2,4) => 150
   Buffers: shared hit=7505 read=109
 Settings: enable_bitmapscan = 'off', enable_seqscan = 'off', max_parallel_workers_per_gather = '0'
 Planning:
   Buffers: shared hit=82 read=26
 Planning Time: 6.043 ms
 Execution Time: 13.280 ms
(12 rows)

SET
SET
SET
SET
SET
                                             QUERY PLAN                                             
----------------------------------------------------------------------------------------------------
 Index Scan Backward using idx on public.t (actual rows=8192.00 loops=1)
   Output: a, b
   Index Cond: ((t.a >= '-18576'::integer) AND (t.a <= '-16529'::integer))
   Index Searches: 1
   Buffers: shared hit=7614
 Settings: enable_bitmapscan = 'off', enable_seqscan = 'off', max_parallel_workers_per_gather = '0'
 Planning:
   Buffers: shared hit=113
 Planning Time: 0.343 ms
 Execution Time: 2.205 ms
(10 rows)

