SET
SET
SET
SET
SET
                                             QUERY PLAN                                             
----------------------------------------------------------------------------------------------------
 Index Scan Backward using idx on public.t (actual rows=2048.00 loops=1)
   Output: a, b
   Index Cond: ((t.a >= '-27393'::integer) AND (t.a <= '-26882'::integer))
   Index Searches: 1
   Prefetch: distance=2.057 count=53 stalls=1820 skipped=156 resets=0 ungets=0 forwarded=0
             histogram [2,4) => 52, [4,8) => 1
   Buffers: shared hit=1858 read=43
 Settings: enable_bitmapscan = 'off', enable_seqscan = 'off', max_parallel_workers_per_gather = '0'
 Planning:
   Buffers: shared hit=82 read=26
 Planning Time: 5.712 ms
 Execution Time: 5.321 ms
(12 rows)

SET
SET
SET
SET
SET
                                             QUERY PLAN                                             
----------------------------------------------------------------------------------------------------
 Index Scan Backward using idx on public.t (actual rows=2048.00 loops=1)
   Output: a, b
   Index Cond: ((t.a >= '-27393'::integer) AND (t.a <= '-26882'::integer))
   Index Searches: 1
   Buffers: shared hit=1901
 Settings: enable_bitmapscan = 'off', enable_seqscan = 'off', max_parallel_workers_per_gather = '0'
 Planning:
   Buffers: shared hit=113
 Planning Time: 0.397 ms
 Execution Time: 0.612 ms
(10 rows)

