SET
SET
SET
SET
SET
                                             QUERY PLAN                                             
----------------------------------------------------------------------------------------------------
 Index Scan Backward using idx on public.t (actual rows=8192.00 loops=1)
   Output: a, b
   Index Cond: ((t.a >= '-13281'::integer) AND (t.a <= '-11234'::integer))
   Index Searches: 1
   Prefetch: distance=2.020 count=149 stalls=7117 skipped=575 resets=0 ungets=0 forwarded=0
             histogram [2,4) => 148, [4,8) => 1
   Buffers: shared hit=7498 read=109
 Settings: enable_bitmapscan = 'off', enable_seqscan = 'off', max_parallel_workers_per_gather = '0'
 Planning:
   Buffers: shared hit=82 read=26
 Planning Time: 6.200 ms
 Execution Time: 14.085 ms
(12 rows)

SET
SET
SET
SET
SET
                                             QUERY PLAN                                             
----------------------------------------------------------------------------------------------------
 Index Scan Backward using idx on public.t (actual rows=8192.00 loops=1)
   Output: a, b
   Index Cond: ((t.a >= '-13281'::integer) AND (t.a <= '-11234'::integer))
   Index Searches: 1
   Buffers: shared hit=7607
 Settings: enable_bitmapscan = 'off', enable_seqscan = 'off', max_parallel_workers_per_gather = '0'
 Planning:
   Buffers: shared hit=113
 Planning Time: 0.350 ms
 Execution Time: 2.179 ms
(10 rows)

