SET
SET
SET
SET
SET
                                             QUERY PLAN                                             
----------------------------------------------------------------------------------------------------
 Index Scan Backward using idx on public.t (actual rows=4096.00 loops=1)
   Output: a, b
   Index Cond: ((t.a >= '-19173'::integer) AND (t.a <= '-18150'::integer))
   Index Searches: 1
   Prefetch: distance=2.000 count=66 stalls=3234 skipped=257 resets=0 ungets=0 forwarded=0
             histogram [2,4) => 66
   Buffers: shared hit=3742 read=64
 Settings: enable_bitmapscan = 'off', enable_seqscan = 'off', max_parallel_workers_per_gather = '0'
 Planning:
   Buffers: shared hit=82 read=26
 Planning Time: 5.880 ms
 Execution Time: 8.002 ms
(12 rows)

SET
SET
SET
SET
SET
                                             QUERY PLAN                                             
----------------------------------------------------------------------------------------------------
 Index Scan Backward using idx on public.t (actual rows=4096.00 loops=1)
   Output: a, b
   Index Cond: ((t.a >= '-19173'::integer) AND (t.a <= '-18150'::integer))
   Index Searches: 1
   Buffers: shared hit=3806
 Settings: enable_bitmapscan = 'off', enable_seqscan = 'off', max_parallel_workers_per_gather = '0'
 Planning:
   Buffers: shared hit=113
 Planning Time: 0.490 ms
 Execution Time: 1.067 ms
(10 rows)

