SET
SET
SET
SET
SET
                                             QUERY PLAN                                             
----------------------------------------------------------------------------------------------------
 Index Scan Backward using idx on public.t (actual rows=8192.00 loops=1)
   Output: a, b
   Index Cond: ((t.a >= '-27513'::integer) AND (t.a <= '-25466'::integer))
   Index Searches: 1
   Prefetch: distance=2.000 count=144 stalls=6953 skipped=596 resets=0 ungets=0 forwarded=0
             histogram [2,4) => 144
   Buffers: shared hit=7471 read=109
 Settings: enable_bitmapscan = 'off', enable_seqscan = 'off', max_parallel_workers_per_gather = '0'
 Planning:
   Buffers: shared hit=82 read=26
 Planning Time: 5.977 ms
 Execution Time: 13.858 ms
(12 rows)

SET
SET
SET
SET
SET
                                             QUERY PLAN                                             
----------------------------------------------------------------------------------------------------
 Index Scan Backward using idx on public.t (actual rows=8192.00 loops=1)
   Output: a, b
   Index Cond: ((t.a >= '-27513'::integer) AND (t.a <= '-25466'::integer))
   Index Searches: 1
   Buffers: shared hit=7580
 Settings: enable_bitmapscan = 'off', enable_seqscan = 'off', max_parallel_workers_per_gather = '0'
 Planning:
   Buffers: shared hit=113
 Planning Time: 0.356 ms
 Execution Time: 2.145 ms
(10 rows)

