SET
SET
SET
SET
SET
                                             QUERY PLAN                                             
----------------------------------------------------------------------------------------------------
 Index Scan Backward using idx on public.t (actual rows=1024.00 loops=1)
   Output: a, b
   Index Cond: ((t.a >= '-17057'::integer) AND (t.a <= '-16802'::integer))
   Index Searches: 1
   Prefetch: distance=2.000 count=18 stalls=843 skipped=72 resets=0 ungets=0 forwarded=0
             histogram [2,4) => 18
   Buffers: shared hit=919 read=32
 Settings: enable_bitmapscan = 'off', enable_seqscan = 'off', max_parallel_workers_per_gather = '0'
 Planning:
   Buffers: shared hit=82 read=26
 Planning Time: 5.789 ms
 Execution Time: 4.363 ms
(12 rows)

SET
SET
SET
SET
SET
                                             QUERY PLAN                                             
----------------------------------------------------------------------------------------------------
 Index Scan Backward using idx on public.t (actual rows=1024.00 loops=1)
   Output: a, b
   Index Cond: ((t.a >= '-17057'::integer) AND (t.a <= '-16802'::integer))
   Index Searches: 1
   Buffers: shared hit=951
 Settings: enable_bitmapscan = 'off', enable_seqscan = 'off', max_parallel_workers_per_gather = '0'
 Planning:
   Buffers: shared hit=113
 Planning Time: 0.455 ms
 Execution Time: 0.477 ms
(10 rows)

