SET
SET
SET
SET
SET
                                             QUERY PLAN                                             
----------------------------------------------------------------------------------------------------
 Index Scan using idx on public.t (actual rows=8192.00 loops=1)
   Output: a, b
   Index Cond: ((t.a >= '-10170'::integer) AND (t.a <= '-8123'::integer))
   Index Searches: 1
   Prefetch: distance=2.020 count=151 stalls=7226 skipped=572 resets=0 ungets=0 forwarded=0
             histogram [2,4) => 150, [4,8) => 1
   Buffers: shared hit=7513 read=109
 Settings: enable_bitmapscan = 'off', enable_seqscan = 'off', max_parallel_workers_per_gather = '0'
 Planning:
   Buffers: shared hit=86 read=26
 Planning Time: 5.525 ms
 Execution Time: 7.215 ms
(12 rows)

SET
SET
SET
SET
SET
                                             QUERY PLAN                                             
----------------------------------------------------------------------------------------------------
 Index Scan using idx on public.t (actual rows=8192.00 loops=1)
   Output: a, b
   Index Cond: ((t.a >= '-10170'::integer) AND (t.a <= '-8123'::integer))
   Index Searches: 1
   Buffers: shared hit=7622
 Settings: enable_bitmapscan = 'off', enable_seqscan = 'off', max_parallel_workers_per_gather = '0'
 Planning:
   Buffers: shared hit=117
 Planning Time: 0.332 ms
 Execution Time: 2.029 ms
(10 rows)

