SET
SET
SET
SET
SET
                                             QUERY PLAN                                             
----------------------------------------------------------------------------------------------------
 Index Scan using idx on public.t (actual rows=8192.00 loops=1)
   Output: a, b
   Index Cond: ((t.a >= '-18512'::integer) AND (t.a <= '-16465'::integer))
   Index Searches: 1
   Prefetch: distance=2.000 count=148 stalls=7194 skipped=575 resets=0 ungets=0 forwarded=0
             histogram [2,4) => 148
   Buffers: shared hit=7501 read=109
 Settings: enable_bitmapscan = 'off', enable_seqscan = 'off', max_parallel_workers_per_gather = '0'
 Planning:
   Buffers: shared hit=86 read=26
 Planning Time: 5.698 ms
 Execution Time: 7.214 ms
(12 rows)

SET
SET
SET
SET
SET
                                             QUERY PLAN                                             
----------------------------------------------------------------------------------------------------
 Index Scan using idx on public.t (actual rows=8192.00 loops=1)
   Output: a, b
   Index Cond: ((t.a >= '-18512'::integer) AND (t.a <= '-16465'::integer))
   Index Searches: 1
   Buffers: shared hit=7610
 Settings: enable_bitmapscan = 'off', enable_seqscan = 'off', max_parallel_workers_per_gather = '0'
 Planning:
   Buffers: shared hit=117
 Planning Time: 0.349 ms
 Execution Time: 2.075 ms
(10 rows)

