SET
SET
SET
SET
SET
                                             QUERY PLAN                                             
----------------------------------------------------------------------------------------------------
 Index Scan using idx on public.t (actual rows=1024.00 loops=1)
   Output: a, b
   Index Cond: ((t.a >= '-9070'::integer) AND (t.a <= '-8815'::integer))
   Index Searches: 1
   Prefetch: distance=2.000 count=16 stalls=803 skipped=58 resets=0 ungets=0 forwarded=0
             histogram [2,4) => 16
   Buffers: shared hit=930 read=31
 Settings: enable_bitmapscan = 'off', enable_seqscan = 'off', max_parallel_workers_per_gather = '0'
 Planning:
   Buffers: shared hit=86 read=26
 Planning Time: 6.215 ms
 Execution Time: 3.108 ms
(12 rows)

SET
SET
SET
SET
SET
                                             QUERY PLAN                                             
----------------------------------------------------------------------------------------------------
 Index Scan using idx on public.t (actual rows=1024.00 loops=1)
   Output: a, b
   Index Cond: ((t.a >= '-9070'::integer) AND (t.a <= '-8815'::integer))
   Index Searches: 1
   Buffers: shared hit=961
 Settings: enable_bitmapscan = 'off', enable_seqscan = 'off', max_parallel_workers_per_gather = '0'
 Planning:
   Buffers: shared hit=117
 Planning Time: 0.347 ms
 Execution Time: 0.324 ms
(10 rows)

