SET
SET
SET
SET
SET
                                             QUERY PLAN                                             
----------------------------------------------------------------------------------------------------
 Index Scan using idx on public.t (actual rows=4096.00 loops=1)
   Output: a, b
   Index Cond: ((t.a >= '-28533'::integer) AND (t.a <= '-27510'::integer))
   Index Searches: 1
   Prefetch: distance=2.000 count=74 stalls=3537 skipped=302 resets=0 ungets=0 forwarded=0
             histogram [2,4) => 74
   Buffers: shared hit=3721 read=64
 Settings: enable_bitmapscan = 'off', enable_seqscan = 'off', max_parallel_workers_per_gather = '0'
 Planning:
   Buffers: shared hit=86 read=26
 Planning Time: 5.856 ms
 Execution Time: 5.036 ms
(12 rows)

SET
SET
SET
SET
SET
                                             QUERY PLAN                                             
----------------------------------------------------------------------------------------------------
 Index Scan using idx on public.t (actual rows=4096.00 loops=1)
   Output: a, b
   Index Cond: ((t.a >= '-28533'::integer) AND (t.a <= '-27510'::integer))
   Index Searches: 1
   Buffers: shared hit=3785
 Settings: enable_bitmapscan = 'off', enable_seqscan = 'off', max_parallel_workers_per_gather = '0'
 Planning:
   Buffers: shared hit=117
 Planning Time: 0.345 ms
 Execution Time: 1.056 ms
(10 rows)

