SET
SET
SET
SET
SET
                                             QUERY PLAN                                             
----------------------------------------------------------------------------------------------------
 Index Scan using idx on public.t (actual rows=2048.00 loops=1)
   Output: a, b
   Index Cond: ((t.a >= '-28848'::integer) AND (t.a <= '-28337'::integer))
   Index Searches: 1
   Prefetch: distance=2.000 count=34 stalls=1668 skipped=131 resets=0 ungets=0 forwarded=0
             histogram [2,4) => 34
   Buffers: shared hit=1873 read=42
 Settings: enable_bitmapscan = 'off', enable_seqscan = 'off', max_parallel_workers_per_gather = '0'
 Planning:
   Buffers: shared hit=86 read=26
 Planning Time: 6.046 ms
 Execution Time: 3.975 ms
(12 rows)

SET
SET
SET
SET
SET
                                             QUERY PLAN                                             
----------------------------------------------------------------------------------------------------
 Index Scan using idx on public.t (actual rows=2048.00 loops=1)
   Output: a, b
   Index Cond: ((t.a >= '-28848'::integer) AND (t.a <= '-28337'::integer))
   Index Searches: 1
   Buffers: shared hit=1915
 Settings: enable_bitmapscan = 'off', enable_seqscan = 'off', max_parallel_workers_per_gather = '0'
 Planning:
   Buffers: shared hit=117
 Planning Time: 0.367 ms
 Execution Time: 0.705 ms
(10 rows)

