SET
SET
SET
SET
SET
                                             QUERY PLAN                                             
----------------------------------------------------------------------------------------------------
 Index Scan using idx on public.t (actual rows=512.00 loops=1)
   Output: a, b
   Index Cond: ((t.a >= '-16924'::integer) AND (t.a <= '-16893'::integer))
   Index Searches: 1
   Prefetch: distance=2.000 count=8 stalls=249 skipped=93 resets=0 ungets=0 forwarded=0
             histogram [2,4) => 8
   Buffers: shared hit=342 read=33
 Settings: enable_bitmapscan = 'off', enable_seqscan = 'off', max_parallel_workers_per_gather = '0'
 Planning:
   Buffers: shared hit=77 read=24
 Planning Time: 5.340 ms
 Execution Time: 3.621 ms
(12 rows)

SET
SET
SET
SET
SET
                                             QUERY PLAN                                             
----------------------------------------------------------------------------------------------------
 Index Scan using idx on public.t (actual rows=512.00 loops=1)
   Output: a, b
   Index Cond: ((t.a >= '-16924'::integer) AND (t.a <= '-16893'::integer))
   Index Searches: 1
   Buffers: shared hit=375
 Settings: enable_bitmapscan = 'off', enable_seqscan = 'off', max_parallel_workers_per_gather = '0'
 Planning:
   Buffers: shared hit=106
 Planning Time: 0.343 ms
 Execution Time: 0.203 ms
(10 rows)

