SET
SET
SET
SET
SET
                                             QUERY PLAN                                             
----------------------------------------------------------------------------------------------------
 Index Scan using idx on public.t (actual rows=1024.00 loops=1)
   Output: a, b
   Index Cond: ((t.a >= '-31079'::integer) AND (t.a <= '-31016'::integer))
   Index Searches: 1
   Prefetch: distance=2.000 count=22 stalls=670 skipped=244 resets=0 ungets=0 forwarded=0
             histogram [2,4) => 22
   Buffers: shared hit=727 read=42
 Settings: enable_bitmapscan = 'off', enable_seqscan = 'off', max_parallel_workers_per_gather = '0'
 Planning:
   Buffers: shared hit=77 read=24
 Planning Time: 5.416 ms
 Execution Time: 3.854 ms
(12 rows)

SET
SET
SET
SET
SET
                                             QUERY PLAN                                             
----------------------------------------------------------------------------------------------------
 Index Scan using idx on public.t (actual rows=1024.00 loops=1)
   Output: a, b
   Index Cond: ((t.a >= '-31079'::integer) AND (t.a <= '-31016'::integer))
   Index Searches: 1
   Buffers: shared hit=769
 Settings: enable_bitmapscan = 'off', enable_seqscan = 'off', max_parallel_workers_per_gather = '0'
 Planning:
   Buffers: shared hit=106
 Planning Time: 0.359 ms
 Execution Time: 0.336 ms
(10 rows)

