SET
SET
SET
SET
SET
                                             QUERY PLAN                                             
----------------------------------------------------------------------------------------------------
 Index Scan using idx on public.t (actual rows=4096.00 loops=1)
   Output: a, b
   Index Cond: ((t.a >= '-21470'::integer) AND (t.a <= '-21215'::integer))
   Index Searches: 1
   Prefetch: distance=2.070 count=100 stalls=2923 skipped=1010 resets=0 ungets=0 forwarded=2
             histogram [2,4) => 98, [4,8) => 2
   Buffers: shared hit=2995 read=88
 Settings: enable_bitmapscan = 'off', enable_seqscan = 'off', max_parallel_workers_per_gather = '0'
 Planning:
   Buffers: shared hit=77 read=24
 Planning Time: 5.539 ms
 Execution Time: 8.995 ms
(12 rows)

SET
SET
SET
SET
SET
                                             QUERY PLAN                                             
----------------------------------------------------------------------------------------------------
 Index Scan using idx on public.t (actual rows=4096.00 loops=1)
   Output: a, b
   Index Cond: ((t.a >= '-21470'::integer) AND (t.a <= '-21215'::integer))
   Index Searches: 1
   Buffers: shared hit=3083
 Settings: enable_bitmapscan = 'off', enable_seqscan = 'off', max_parallel_workers_per_gather = '0'
 Planning:
   Buffers: shared hit=106
 Planning Time: 0.304 ms
 Execution Time: 1.046 ms
(10 rows)

