SET
SET
SET
SET
SET
                                                                    QUERY PLAN                                                                     
---------------------------------------------------------------------------------------------------------------------------------------------------
 Index Scan using idx on public.t (actual rows=2048576.00 loops=1)
   Output: a, b
   Index Cond: ((t.a >= '-139776'::integer) AND (t.a <= '-11741'::integer))
   Index Searches: 1
   Prefetch: distance=264.224 count=1674206 stalls=1 skipped=518576 resets=0 ungets=144214 forwarded=93884
             histogram [2,4) => 2, [4,8) => 5, [8,16) => 8, [16,32) => 17, [32,64) => 22, [64,128) => 8, [128,256) => 203565, [256,512) => 1470579
   Buffers: shared hit=1500872 read=29724
 Settings: enable_bitmapscan = 'off', enable_seqscan = 'off', max_parallel_workers_per_gather = '0'
 Planning:
   Buffers: shared hit=77 read=28
 Planning Time: 6.270 ms
 Execution Time: 1318.811 ms
(12 rows)

SET
SET
SET
SET
SET
                                             QUERY PLAN                                             
----------------------------------------------------------------------------------------------------
 Index Scan using idx on public.t (actual rows=2048576.00 loops=1)
   Output: a, b
   Index Cond: ((t.a >= '-139776'::integer) AND (t.a <= '-11741'::integer))
   Index Searches: 1
   Buffers: shared hit=1535602
 Settings: enable_bitmapscan = 'off', enable_seqscan = 'off', max_parallel_workers_per_gather = '0'
 Planning:
   Buffers: shared hit=110
 Planning Time: 0.538 ms
 Execution Time: 700.375 ms
(10 rows)

