SET
SET
SET
SET
SET
                                             QUERY PLAN                                             
----------------------------------------------------------------------------------------------------
 Index Scan using idx on public.t (actual rows=8192.00 loops=1)
   Output: a, b
   Index Cond: ((t.a >= '-3273'::integer) AND (t.a <= '-1226'::integer))
   Index Searches: 1
   Prefetch: distance=2.000 count=144 stalls=7020 skipped=585 resets=0 ungets=0 forwarded=0
             histogram [2,4) => 144
   Buffers: shared hit=7488 read=109
 Settings: enable_bitmapscan = 'off', enable_seqscan = 'off', max_parallel_workers_per_gather = '0'
 Planning:
   Buffers: shared hit=86 read=26
 Planning Time: 5.827 ms
 Execution Time: 7.512 ms
(12 rows)

SET
SET
SET
SET
SET
                                             QUERY PLAN                                             
----------------------------------------------------------------------------------------------------
 Index Scan using idx on public.t (actual rows=8192.00 loops=1)
   Output: a, b
   Index Cond: ((t.a >= '-3273'::integer) AND (t.a <= '-1226'::integer))
   Index Searches: 1
   Buffers: shared hit=7597
 Settings: enable_bitmapscan = 'off', enable_seqscan = 'off', max_parallel_workers_per_gather = '0'
 Planning:
   Buffers: shared hit=117
 Planning Time: 0.404 ms
 Execution Time: 2.015 ms
(10 rows)

