SET
SET
SET
SET
SET
                                                                     QUERY PLAN                                                                     
----------------------------------------------------------------------------------------------------------------------------------------------------
 Index Scan using idx on public.t (actual rows=5048576.00 loops=1)
   Output: a, b
   Index Cond: ((t.a >= '-346566'::integer) AND (t.a <= '-31031'::integer))
   Index Searches: 1
   Prefetch: distance=264.425 count=4129889 stalls=1 skipped=1279433 resets=0 ungets=360754 forwarded=234585
             histogram [2,4) => 2, [4,8) => 3, [8,16) => 10, [16,32) => 10, [32,64) => 11, [64,128) => 4, [128,256) => 476134, [256,512) => 3653715
   Buffers: shared hit=3697162 read=73216
 Settings: enable_bitmapscan = 'off', enable_seqscan = 'off', max_parallel_workers_per_gather = '0'
 Planning:
   Buffers: shared hit=77 read=24
 Planning Time: 5.943 ms
 Execution Time: 3144.059 ms
(12 rows)

SET
SET
SET
SET
SET
                                             QUERY PLAN                                             
----------------------------------------------------------------------------------------------------
 Index Scan using idx on public.t (actual rows=5048576.00 loops=1)
   Output: a, b
   Index Cond: ((t.a >= '-346566'::integer) AND (t.a <= '-31031'::integer))
   Index Searches: 1
   Buffers: shared hit=3782940
 Settings: enable_bitmapscan = 'off', enable_seqscan = 'off', max_parallel_workers_per_gather = '0'
 Planning:
   Buffers: shared hit=106
 Planning Time: 0.371 ms
 Execution Time: 1255.122 ms
(10 rows)

