SET
SET
SET
SET
SET
                                             QUERY PLAN                                             
----------------------------------------------------------------------------------------------------
 Index Scan using idx on public.t (actual rows=4096.00 loops=1)
   Output: a, b
   Index Cond: ((t.a >= '-1544'::integer) AND (t.a <= '-521'::integer))
   Index Searches: 1
   Prefetch: distance=2.000 count=66 stalls=3196 skipped=243 resets=0 ungets=0 forwarded=0
             histogram [2,4) => 66
   Buffers: shared hit=3754 read=66
 Settings: enable_bitmapscan = 'off', enable_seqscan = 'off', max_parallel_workers_per_gather = '0'
 Planning:
   Buffers: shared hit=86 read=26
 Planning Time: 5.861 ms
 Execution Time: 4.415 ms
(12 rows)

SET
SET
SET
SET
SET
                                             QUERY PLAN                                             
----------------------------------------------------------------------------------------------------
 Index Scan using idx on public.t (actual rows=4096.00 loops=1)
   Output: a, b
   Index Cond: ((t.a >= '-1544'::integer) AND (t.a <= '-521'::integer))
   Index Searches: 1
   Buffers: shared hit=3820
 Settings: enable_bitmapscan = 'off', enable_seqscan = 'off', max_parallel_workers_per_gather = '0'
 Planning:
   Buffers: shared hit=117
 Planning Time: 0.438 ms
 Execution Time: 1.444 ms
(10 rows)

