SET
SET
SET
SET
SET
                                             QUERY PLAN                                             
----------------------------------------------------------------------------------------------------
 Index Scan using idx on public.t (actual rows=2048.00 loops=1)
   Output: a, b
   Index Cond: ((t.a >= '-11793'::integer) AND (t.a <= '-11282'::integer))
   Index Searches: 1
   Prefetch: distance=2.000 count=32 stalls=1590 skipped=127 resets=0 ungets=0 forwarded=0
             histogram [2,4) => 32
   Buffers: shared hit=1861 read=43
 Settings: enable_bitmapscan = 'off', enable_seqscan = 'off', max_parallel_workers_per_gather = '0'
 Planning:
   Buffers: shared hit=86 read=26
 Planning Time: 5.871 ms
 Execution Time: 4.250 ms
(12 rows)

SET
SET
SET
SET
SET
                                             QUERY PLAN                                             
----------------------------------------------------------------------------------------------------
 Index Scan using idx on public.t (actual rows=2048.00 loops=1)
   Output: a, b
   Index Cond: ((t.a >= '-11793'::integer) AND (t.a <= '-11282'::integer))
   Index Searches: 1
   Buffers: shared hit=1904
 Settings: enable_bitmapscan = 'off', enable_seqscan = 'off', max_parallel_workers_per_gather = '0'
 Planning:
   Buffers: shared hit=117
 Planning Time: 0.335 ms
 Execution Time: 0.667 ms
(10 rows)

