SET
SET
SET
SET
SET
                                             QUERY PLAN                                             
----------------------------------------------------------------------------------------------------
 Index Scan using idx on public.t (actual rows=8192.00 loops=1)
   Output: a, b
   Index Cond: ((t.a >= '-3400'::integer) AND (t.a <= '-1353'::integer))
   Index Searches: 1
   Prefetch: distance=2.000 count=142 stalls=6861 skipped=586 resets=0 ungets=0 forwarded=0
             histogram [2,4) => 142
   Buffers: shared hit=7476 read=109
 Settings: enable_bitmapscan = 'off', enable_seqscan = 'off', max_parallel_workers_per_gather = '0'
 Planning:
   Buffers: shared hit=86 read=26
 Planning Time: 6.079 ms
 Execution Time: 6.972 ms
(12 rows)

SET
SET
SET
SET
SET
                                             QUERY PLAN                                             
----------------------------------------------------------------------------------------------------
 Index Scan using idx on public.t (actual rows=8192.00 loops=1)
   Output: a, b
   Index Cond: ((t.a >= '-3400'::integer) AND (t.a <= '-1353'::integer))
   Index Searches: 1
   Buffers: shared hit=7585
 Settings: enable_bitmapscan = 'off', enable_seqscan = 'off', max_parallel_workers_per_gather = '0'
 Planning:
   Buffers: shared hit=117
 Planning Time: 0.441 ms
 Execution Time: 2.796 ms
(10 rows)

