SET
SET
SET
SET
SET
                                             QUERY PLAN                                             
----------------------------------------------------------------------------------------------------
 Index Scan Backward using idx on public.t (actual rows=4096.00 loops=1)
   Output: a, b
   Index Cond: ((t.a >= '-27883'::integer) AND (t.a <= '-26860'::integer))
   Index Searches: 1
   Prefetch: distance=2.000 count=64 stalls=3102 skipped=287 resets=0 ungets=0 forwarded=0
             histogram [2,4) => 64
   Buffers: shared hit=3708 read=65
 Settings: enable_bitmapscan = 'off', enable_seqscan = 'off', max_parallel_workers_per_gather = '0'
 Planning:
   Buffers: shared hit=82 read=26
 Planning Time: 5.773 ms
 Execution Time: 7.493 ms
(12 rows)

SET
SET
SET
SET
SET
                                             QUERY PLAN                                             
----------------------------------------------------------------------------------------------------
 Index Scan Backward using idx on public.t (actual rows=4096.00 loops=1)
   Output: a, b
   Index Cond: ((t.a >= '-27883'::integer) AND (t.a <= '-26860'::integer))
   Index Searches: 1
   Buffers: shared hit=3773
 Settings: enable_bitmapscan = 'off', enable_seqscan = 'off', max_parallel_workers_per_gather = '0'
 Planning:
   Buffers: shared hit=113
 Planning Time: 0.344 ms
 Execution Time: 1.074 ms
(10 rows)

