SET
SET
SET
SET
SET
                                             QUERY PLAN                                             
----------------------------------------------------------------------------------------------------
 Index Scan Backward using idx on public.t (actual rows=4096.00 loops=1)
   Output: a, b
   Index Cond: ((t.a >= '-7810'::integer) AND (t.a <= '-6787'::integer))
   Index Searches: 1
   Prefetch: distance=2.000 count=68 stalls=3227 skipped=290 resets=0 ungets=0 forwarded=0
             histogram [2,4) => 68
   Buffers: shared hit=3721 read=65
 Settings: enable_bitmapscan = 'off', enable_seqscan = 'off', max_parallel_workers_per_gather = '0'
 Planning:
   Buffers: shared hit=82 read=26
 Planning Time: 5.669 ms
 Execution Time: 7.643 ms
(12 rows)

SET
SET
SET
SET
SET
                                             QUERY PLAN                                             
----------------------------------------------------------------------------------------------------
 Index Scan Backward using idx on public.t (actual rows=4096.00 loops=1)
   Output: a, b
   Index Cond: ((t.a >= '-7810'::integer) AND (t.a <= '-6787'::integer))
   Index Searches: 1
   Buffers: shared hit=3786
 Settings: enable_bitmapscan = 'off', enable_seqscan = 'off', max_parallel_workers_per_gather = '0'
 Planning:
   Buffers: shared hit=113
 Planning Time: 0.357 ms
 Execution Time: 1.066 ms
(10 rows)

