SET
SET
SET
SET
SET
                                             QUERY PLAN                                             
----------------------------------------------------------------------------------------------------
 Index Scan Backward using idx on public.t (actual rows=2048.00 loops=1)
   Output: a, b
   Index Cond: ((t.a >= '-15344'::integer) AND (t.a <= '-14833'::integer))
   Index Searches: 1
   Prefetch: distance=2.000 count=30 stalls=1323 skipped=108 resets=0 ungets=0 forwarded=0
             histogram [2,4) => 30
   Buffers: shared hit=1865 read=43
 Settings: enable_bitmapscan = 'off', enable_seqscan = 'off', max_parallel_workers_per_gather = '0'
 Planning:
   Buffers: shared hit=82 read=26
 Planning Time: 5.948 ms
 Execution Time: 5.086 ms
(12 rows)

SET
SET
SET
SET
SET
                                             QUERY PLAN                                             
----------------------------------------------------------------------------------------------------
 Index Scan Backward using idx on public.t (actual rows=2048.00 loops=1)
   Output: a, b
   Index Cond: ((t.a >= '-15344'::integer) AND (t.a <= '-14833'::integer))
   Index Searches: 1
   Buffers: shared hit=1908
 Settings: enable_bitmapscan = 'off', enable_seqscan = 'off', max_parallel_workers_per_gather = '0'
 Planning:
   Buffers: shared hit=113
 Planning Time: 0.350 ms
 Execution Time: 0.690 ms
(10 rows)

