SET
SET
SET
SET
SET
                                             QUERY PLAN                                             
----------------------------------------------------------------------------------------------------
 Index Scan Backward using idx on public.t (actual rows=8192.00 loops=1)
   Output: a, b
   Index Cond: ((t.a >= '-33342'::integer) AND (t.a <= '-31295'::integer))
   Index Searches: 1
   Prefetch: distance=2.000 count=146 stalls=7018 skipped=593 resets=0 ungets=0 forwarded=0
             histogram [2,4) => 146
   Buffers: shared hit=7472 read=109
 Settings: enable_bitmapscan = 'off', enable_seqscan = 'off', max_parallel_workers_per_gather = '0'
 Planning:
   Buffers: shared hit=82 read=26
 Planning Time: 5.750 ms
 Execution Time: 12.529 ms
(12 rows)

SET
SET
SET
SET
SET
                                             QUERY PLAN                                             
----------------------------------------------------------------------------------------------------
 Index Scan Backward using idx on public.t (actual rows=8192.00 loops=1)
   Output: a, b
   Index Cond: ((t.a >= '-33342'::integer) AND (t.a <= '-31295'::integer))
   Index Searches: 1
   Buffers: shared hit=7581
 Settings: enable_bitmapscan = 'off', enable_seqscan = 'off', max_parallel_workers_per_gather = '0'
 Planning:
   Buffers: shared hit=113
 Planning Time: 0.403 ms
 Execution Time: 2.044 ms
(10 rows)

