SET
SET
SET
SET
SET
                                             QUERY PLAN                                             
----------------------------------------------------------------------------------------------------
 Index Scan Backward using idx on public.t (actual rows=8192.00 loops=1)
   Output: a, b
   Index Cond: ((t.a >= '-5972'::integer) AND (t.a <= '-3925'::integer))
   Index Searches: 1
   Prefetch: distance=2.000 count=144 stalls=6961 skipped=580 resets=0 ungets=0 forwarded=0
             histogram [2,4) => 144
   Buffers: shared hit=7480 read=109
 Settings: enable_bitmapscan = 'off', enable_seqscan = 'off', max_parallel_workers_per_gather = '0'
 Planning:
   Buffers: shared hit=82 read=26
 Planning Time: 6.070 ms
 Execution Time: 12.769 ms
(12 rows)

SET
SET
SET
SET
SET
                                             QUERY PLAN                                             
----------------------------------------------------------------------------------------------------
 Index Scan Backward using idx on public.t (actual rows=8192.00 loops=1)
   Output: a, b
   Index Cond: ((t.a >= '-5972'::integer) AND (t.a <= '-3925'::integer))
   Index Searches: 1
   Buffers: shared hit=7589
 Settings: enable_bitmapscan = 'off', enable_seqscan = 'off', max_parallel_workers_per_gather = '0'
 Planning:
   Buffers: shared hit=113
 Planning Time: 0.377 ms
 Execution Time: 2.099 ms
(10 rows)

