SET
SET
SET
SET
SET
                                             QUERY PLAN                                             
----------------------------------------------------------------------------------------------------
 Index Scan Backward using idx on public.t (actual rows=8192.00 loops=1)
   Output: a, b
   Index Cond: ((t.a >= '-2421'::integer) AND (t.a <= '-374'::integer))
   Index Searches: 1
   Prefetch: distance=2.000 count=146 stalls=7128 skipped=587 resets=0 ungets=0 forwarded=0
             histogram [2,4) => 146
   Buffers: shared hit=7484 read=108
 Settings: enable_bitmapscan = 'off', enable_seqscan = 'off', max_parallel_workers_per_gather = '0'
 Planning:
   Buffers: shared hit=82 read=26
 Planning Time: 6.370 ms
 Execution Time: 11.122 ms
(12 rows)

SET
SET
SET
SET
SET
                                             QUERY PLAN                                             
----------------------------------------------------------------------------------------------------
 Index Scan Backward using idx on public.t (actual rows=8192.00 loops=1)
   Output: a, b
   Index Cond: ((t.a >= '-2421'::integer) AND (t.a <= '-374'::integer))
   Index Searches: 1
   Buffers: shared hit=7592
 Settings: enable_bitmapscan = 'off', enable_seqscan = 'off', max_parallel_workers_per_gather = '0'
 Planning:
   Buffers: shared hit=113
 Planning Time: 0.354 ms
 Execution Time: 2.160 ms
(10 rows)

