SET
SET
SET
SET
SET
                                             QUERY PLAN                                             
----------------------------------------------------------------------------------------------------
 Index Scan using idx on public.t (actual rows=8192.00 loops=1)
   Output: a, b
   Index Cond: ((t.a >= '-24920'::integer) AND (t.a <= '-22873'::integer))
   Index Searches: 1
   Prefetch: distance=2.043 count=164 stalls=7429 skipped=572 resets=0 ungets=0 forwarded=0
             histogram [2,4) => 162, [4,8) => 2
   Buffers: shared hit=7529 read=110
 Settings: enable_bitmapscan = 'off', enable_seqscan = 'off', max_parallel_workers_per_gather = '0'
 Planning:
   Buffers: shared hit=86 read=26
 Planning Time: 5.757 ms
 Execution Time: 5.723 ms
(12 rows)

SET
SET
SET
SET
SET
                                             QUERY PLAN                                             
----------------------------------------------------------------------------------------------------
 Index Scan using idx on public.t (actual rows=8192.00 loops=1)
   Output: a, b
   Index Cond: ((t.a >= '-24920'::integer) AND (t.a <= '-22873'::integer))
   Index Searches: 1
   Buffers: shared hit=7639
 Settings: enable_bitmapscan = 'off', enable_seqscan = 'off', max_parallel_workers_per_gather = '0'
 Planning:
   Buffers: shared hit=117
 Planning Time: 0.415 ms
 Execution Time: 2.060 ms
(10 rows)

