SET
SET
SET
SET
SET
                                             QUERY PLAN                                             
----------------------------------------------------------------------------------------------------
 Index Scan using idx on public.t (actual rows=1024.00 loops=1)
   Output: a, b
   Index Cond: ((t.a >= '-31726'::integer) AND (t.a <= '-31471'::integer))
   Index Searches: 1
   Prefetch: distance=2.000 count=14 stalls=590 skipped=49 resets=0 ungets=0 forwarded=0
             histogram [2,4) => 14
   Buffers: shared hit=927 read=31
 Settings: enable_bitmapscan = 'off', enable_seqscan = 'off', max_parallel_workers_per_gather = '0'
 Planning:
   Buffers: shared hit=86 read=26
 Planning Time: 6.122 ms
 Execution Time: 3.104 ms
(12 rows)

SET
SET
SET
SET
SET
                                             QUERY PLAN                                             
----------------------------------------------------------------------------------------------------
 Index Scan using idx on public.t (actual rows=1024.00 loops=1)
   Output: a, b
   Index Cond: ((t.a >= '-31726'::integer) AND (t.a <= '-31471'::integer))
   Index Searches: 1
   Buffers: shared hit=958
 Settings: enable_bitmapscan = 'off', enable_seqscan = 'off', max_parallel_workers_per_gather = '0'
 Planning:
   Buffers: shared hit=117
 Planning Time: 0.452 ms
 Execution Time: 0.466 ms
(10 rows)

