SET
SET
SET
SET
SET
                                             QUERY PLAN                                             
----------------------------------------------------------------------------------------------------
 Index Scan using idx on public.t (actual rows=4096.00 loops=1)
   Output: a, b
   Index Cond: ((t.a >= '-29220'::integer) AND (t.a <= '-28197'::integer))
   Index Searches: 1
   Prefetch: distance=2.000 count=74 stalls=3619 skipped=296 resets=0 ungets=0 forwarded=0
             histogram [2,4) => 74
   Buffers: shared hit=3737 read=64
 Settings: enable_bitmapscan = 'off', enable_seqscan = 'off', max_parallel_workers_per_gather = '0'
 Planning:
   Buffers: shared hit=86 read=26
 Planning Time: 5.997 ms
 Execution Time: 4.637 ms
(12 rows)

SET
SET
SET
SET
SET
                                             QUERY PLAN                                             
----------------------------------------------------------------------------------------------------
 Index Scan using idx on public.t (actual rows=4096.00 loops=1)
   Output: a, b
   Index Cond: ((t.a >= '-29220'::integer) AND (t.a <= '-28197'::integer))
   Index Searches: 1
   Buffers: shared hit=3801
 Settings: enable_bitmapscan = 'off', enable_seqscan = 'off', max_parallel_workers_per_gather = '0'
 Planning:
   Buffers: shared hit=117
 Planning Time: 0.457 ms
 Execution Time: 1.077 ms
(10 rows)

