SET
SET
SET
SET
SET
                                                                     QUERY PLAN                                                                      
-----------------------------------------------------------------------------------------------------------------------------------------------------
 Index Scan using idx on public.t (actual rows=9048576.00 loops=1)
   Output: a, b
   Index Cond: ((t.a >= '-2273833'::integer) AND (t.a <= '-11690'::integer))
   Index Searches: 1
   Prefetch: distance=259.278 count=8690451 stalls=1 skipped=680955 resets=0 ungets=322834 forwarded=30831
             histogram [2,4) => 4, [4,8) => 4, [8,16) => 10, [16,32) => 12, [32,64) => 14, [64,128) => 1, [128,256) => 2430348, [256,512) => 6260058
   Buffers: shared hit=8280635 read=98133
 Settings: enable_bitmapscan = 'off', enable_seqscan = 'off', max_parallel_workers_per_gather = '0'
 Planning:
   Buffers: shared hit=82 read=26
 Planning Time: 5.804 ms
 Execution Time: 4472.844 ms
(12 rows)

SET
SET
SET
SET
SET
                                             QUERY PLAN                                             
----------------------------------------------------------------------------------------------------
 Index Scan using idx on public.t (actual rows=9048576.00 loops=1)
   Output: a, b
   Index Cond: ((t.a >= '-2273833'::integer) AND (t.a <= '-11690'::integer))
   Index Searches: 1
   Buffers: shared hit=8381172
 Settings: enable_bitmapscan = 'off', enable_seqscan = 'off', max_parallel_workers_per_gather = '0'
 Planning:
   Buffers: shared hit=113
 Planning Time: 0.408 ms
 Execution Time: 2092.382 ms
(10 rows)

