SET
SET
SET
SET
SET
                                                       QUERY PLAN                                                        
-------------------------------------------------------------------------------------------------------------------------
 Index Scan using idx on public.t (actual rows=128.00 loops=1)
   Output: a, b
   Index Cond: ((t.a >= '-879'::integer) AND (t.a <= '-872'::integer))
   Index Searches: 1
   Prefetch: distance=59.344 count=90 stalls=1 skipped=31 resets=0 ungets=1 forwarded=12
             histogram [2,4) => 2, [4,8) => 4, [8,16) => 9, [16,32) => 15, [32,64) => 23, [64,128) => 34, [128,256) => 3
   Buffers: shared hit=76 read=26
 Settings: enable_bitmapscan = 'off', enable_seqscan = 'off', max_parallel_workers_per_gather = '0'
 Planning:
   Buffers: shared hit=81 read=28
 Planning Time: 6.214 ms
 Execution Time: 2.685 ms
(12 rows)

SET
SET
SET
SET
SET
                                             QUERY PLAN                                             
----------------------------------------------------------------------------------------------------
 Index Scan using idx on public.t (actual rows=128.00 loops=1)
   Output: a, b
   Index Cond: ((t.a >= '-879'::integer) AND (t.a <= '-872'::integer))
   Index Searches: 1
   Buffers: shared hit=102
 Settings: enable_bitmapscan = 'off', enable_seqscan = 'off', max_parallel_workers_per_gather = '0'
 Planning:
   Buffers: shared hit=114
 Planning Time: 0.376 ms
 Execution Time: 0.125 ms
(10 rows)

