SET
SET
SET
SET
SET
                                             QUERY PLAN                                             
----------------------------------------------------------------------------------------------------
 Index Scan using idx on public.t (actual rows=1024.00 loops=1)
   Output: a, b
   Index Cond: ((t.a >= '-15827'::integer) AND (t.a <= '-15764'::integer))
   Index Searches: 1
   Prefetch: distance=2.000 count=20 stalls=604 skipped=223 resets=0 ungets=0 forwarded=0
             histogram [2,4) => 20
   Buffers: shared hit=722 read=42
 Settings: enable_bitmapscan = 'off', enable_seqscan = 'off', max_parallel_workers_per_gather = '0'
 Planning:
   Buffers: shared hit=77 read=24
 Planning Time: 5.808 ms
 Execution Time: 4.753 ms
(12 rows)

SET
SET
SET
SET
SET
                                             QUERY PLAN                                             
----------------------------------------------------------------------------------------------------
 Index Scan using idx on public.t (actual rows=1024.00 loops=1)
   Output: a, b
   Index Cond: ((t.a >= '-15827'::integer) AND (t.a <= '-15764'::integer))
   Index Searches: 1
   Buffers: shared hit=764
 Settings: enable_bitmapscan = 'off', enable_seqscan = 'off', max_parallel_workers_per_gather = '0'
 Planning:
   Buffers: shared hit=106
 Planning Time: 0.311 ms
 Execution Time: 0.335 ms
(10 rows)

