SET
SET
SET
SET
SET
                                             QUERY PLAN                                             
----------------------------------------------------------------------------------------------------
 Index Scan using idx on public.t (actual rows=2048.00 loops=1)
   Output: a, b
   Index Cond: ((t.a >= '-10917'::integer) AND (t.a <= '-10790'::integer))
   Index Searches: 1
   Prefetch: distance=2.167 count=42 stalls=1248 skipped=450 resets=0 ungets=0 forwarded=1
             histogram [2,4) => 39, [4,8) => 3
   Buffers: shared hit=1471 read=55
 Settings: enable_bitmapscan = 'off', enable_seqscan = 'off', max_parallel_workers_per_gather = '0'
 Planning:
   Buffers: shared hit=81 read=28
 Planning Time: 6.301 ms
 Execution Time: 6.130 ms
(12 rows)

SET
SET
SET
SET
SET
                                             QUERY PLAN                                             
----------------------------------------------------------------------------------------------------
 Index Scan using idx on public.t (actual rows=2048.00 loops=1)
   Output: a, b
   Index Cond: ((t.a >= '-10917'::integer) AND (t.a <= '-10790'::integer))
   Index Searches: 1
   Buffers: shared hit=1526
 Settings: enable_bitmapscan = 'off', enable_seqscan = 'off', max_parallel_workers_per_gather = '0'
 Planning:
   Buffers: shared hit=114
 Planning Time: 0.357 ms
 Execution Time: 0.565 ms
(10 rows)

