SET
SET
SET
SET
SET
                                             QUERY PLAN                                             
----------------------------------------------------------------------------------------------------
 Index Scan using idx on public.t (actual rows=8192.00 loops=1)
   Output: a, b
   Index Cond: ((t.a >= '-29977'::integer) AND (t.a <= '-27930'::integer))
   Index Searches: 1
   Prefetch: distance=2.000 count=142 stalls=6943 skipped=600 resets=0 ungets=0 forwarded=0
             histogram [2,4) => 142
   Buffers: shared hit=7466 read=109
 Settings: enable_bitmapscan = 'off', enable_seqscan = 'off', max_parallel_workers_per_gather = '0'
 Planning:
   Buffers: shared hit=86 read=26
 Planning Time: 5.901 ms
 Execution Time: 6.011 ms
(12 rows)

SET
SET
SET
SET
SET
                                             QUERY PLAN                                             
----------------------------------------------------------------------------------------------------
 Index Scan using idx on public.t (actual rows=8192.00 loops=1)
   Output: a, b
   Index Cond: ((t.a >= '-29977'::integer) AND (t.a <= '-27930'::integer))
   Index Searches: 1
   Buffers: shared hit=7575
 Settings: enable_bitmapscan = 'off', enable_seqscan = 'off', max_parallel_workers_per_gather = '0'
 Planning:
   Buffers: shared hit=117
 Planning Time: 0.494 ms
 Execution Time: 2.784 ms
(10 rows)

