SET
SET
SET
SET
SET
                                             QUERY PLAN                                             
----------------------------------------------------------------------------------------------------
 Index Scan using idx on public.t (actual rows=4096.00 loops=1)
   Output: a, b
   Index Cond: ((t.a >= '-3741'::integer) AND (t.a <= '-2718'::integer))
   Index Searches: 1
   Prefetch: distance=2.000 count=68 stalls=3263 skipped=278 resets=0 ungets=0 forwarded=0
             histogram [2,4) => 68
   Buffers: shared hit=3737 read=64
 Settings: enable_bitmapscan = 'off', enable_seqscan = 'off', max_parallel_workers_per_gather = '0'
 Planning:
   Buffers: shared hit=86 read=26
 Planning Time: 6.204 ms
 Execution Time: 4.183 ms
(12 rows)

SET
SET
SET
SET
SET
                                             QUERY PLAN                                             
----------------------------------------------------------------------------------------------------
 Index Scan using idx on public.t (actual rows=4096.00 loops=1)
   Output: a, b
   Index Cond: ((t.a >= '-3741'::integer) AND (t.a <= '-2718'::integer))
   Index Searches: 1
   Buffers: shared hit=3801
 Settings: enable_bitmapscan = 'off', enable_seqscan = 'off', max_parallel_workers_per_gather = '0'
 Planning:
   Buffers: shared hit=117
 Planning Time: 0.326 ms
 Execution Time: 1.156 ms
(10 rows)

