SET
SET
SET
SET
SET
                                             QUERY PLAN                                             
----------------------------------------------------------------------------------------------------
 Index Scan using idx on public.t (actual rows=4096.00 loops=1)
   Output: a, b
   Index Cond: ((t.a >= '-7325'::integer) AND (t.a <= '-7070'::integer))
   Index Searches: 1
   Prefetch: distance=2.000 count=92 stalls=2744 skipped=963 resets=0 ungets=0 forwarded=0
             histogram [2,4) => 92
   Buffers: shared hit=2987 read=85
 Settings: enable_bitmapscan = 'off', enable_seqscan = 'off', max_parallel_workers_per_gather = '0'
 Planning:
   Buffers: shared hit=81 read=28
 Planning Time: 6.163 ms
 Execution Time: 9.085 ms
(12 rows)

SET
SET
SET
SET
SET
                                             QUERY PLAN                                             
----------------------------------------------------------------------------------------------------
 Index Scan using idx on public.t (actual rows=4096.00 loops=1)
   Output: a, b
   Index Cond: ((t.a >= '-7325'::integer) AND (t.a <= '-7070'::integer))
   Index Searches: 1
   Buffers: shared hit=3072
 Settings: enable_bitmapscan = 'off', enable_seqscan = 'off', max_parallel_workers_per_gather = '0'
 Planning:
   Buffers: shared hit=114
 Planning Time: 0.387 ms
 Execution Time: 1.100 ms
(10 rows)

