SET
SET
SET
SET
SET
                                             QUERY PLAN                                             
----------------------------------------------------------------------------------------------------
 Index Scan using idx on public.t (actual rows=2048.00 loops=1)
   Output: a, b
   Index Cond: ((t.a >= '-19038'::integer) AND (t.a <= '-18527'::integer))
   Index Searches: 1
   Prefetch: distance=2.000 count=42 stalls=1827 skipped=136 resets=0 ungets=0 forwarded=0
             histogram [2,4) => 42
   Buffers: shared hit=1879 read=41
 Settings: enable_bitmapscan = 'off', enable_seqscan = 'off', max_parallel_workers_per_gather = '0'
 Planning:
   Buffers: shared hit=86 read=26
 Planning Time: 5.996 ms
 Execution Time: 3.138 ms
(12 rows)

SET
SET
SET
SET
SET
                                             QUERY PLAN                                             
----------------------------------------------------------------------------------------------------
 Index Scan using idx on public.t (actual rows=2048.00 loops=1)
   Output: a, b
   Index Cond: ((t.a >= '-19038'::integer) AND (t.a <= '-18527'::integer))
   Index Searches: 1
   Buffers: shared hit=1920
 Settings: enable_bitmapscan = 'off', enable_seqscan = 'off', max_parallel_workers_per_gather = '0'
 Planning:
   Buffers: shared hit=117
 Planning Time: 0.342 ms
 Execution Time: 0.648 ms
(10 rows)

