SET
SET
SET
SET
SET
                                             QUERY PLAN                                             
----------------------------------------------------------------------------------------------------
 Index Scan using idx on public.t (actual rows=256.00 loops=1)
   Output: a, b
   Index Cond: ((t.a >= '-27090'::integer) AND (t.a <= '-27027'::integer))
   Index Searches: 1
   Prefetch: distance=2.000 count=4 stalls=134 skipped=7 resets=0 ungets=0 forwarded=0
             histogram [2,4) => 4
   Buffers: shared hit=221 read=24
 Settings: enable_bitmapscan = 'off', enable_seqscan = 'off', max_parallel_workers_per_gather = '0'
 Planning:
   Buffers: shared hit=86 read=26
 Planning Time: 5.965 ms
 Execution Time: 3.122 ms
(12 rows)

SET
SET
SET
SET
SET
                                             QUERY PLAN                                             
----------------------------------------------------------------------------------------------------
 Index Scan using idx on public.t (actual rows=256.00 loops=1)
   Output: a, b
   Index Cond: ((t.a >= '-27090'::integer) AND (t.a <= '-27027'::integer))
   Index Searches: 1
   Buffers: shared hit=245
 Settings: enable_bitmapscan = 'off', enable_seqscan = 'off', max_parallel_workers_per_gather = '0'
 Planning:
   Buffers: shared hit=117
 Planning Time: 0.350 ms
 Execution Time: 0.142 ms
(10 rows)

