SET
SET
SET
SET
SET
                                             QUERY PLAN                                             
----------------------------------------------------------------------------------------------------
 Index Scan using idx on public.t (actual rows=4096.00 loops=1)
   Output: a, b
   Index Cond: ((t.a >= '-26300'::integer) AND (t.a <= '-25277'::integer))
   Index Searches: 1
   Prefetch: distance=2.000 count=67 stalls=3312 skipped=286 resets=0 ungets=0 forwarded=0
             histogram [2,4) => 67
   Buffers: shared hit=3725 read=65
 Settings: enable_bitmapscan = 'off', enable_seqscan = 'off', max_parallel_workers_per_gather = '0'
 Planning:
   Buffers: shared hit=86 read=26
 Planning Time: 6.088 ms
 Execution Time: 4.257 ms
(12 rows)

SET
SET
SET
SET
SET
                                             QUERY PLAN                                             
----------------------------------------------------------------------------------------------------
 Index Scan using idx on public.t (actual rows=4096.00 loops=1)
   Output: a, b
   Index Cond: ((t.a >= '-26300'::integer) AND (t.a <= '-25277'::integer))
   Index Searches: 1
   Buffers: shared hit=3790
 Settings: enable_bitmapscan = 'off', enable_seqscan = 'off', max_parallel_workers_per_gather = '0'
 Planning:
   Buffers: shared hit=117
 Planning Time: 0.401 ms
 Execution Time: 1.084 ms
(10 rows)

