SET
SET
SET
SET
SET
                                             QUERY PLAN                                             
----------------------------------------------------------------------------------------------------
 Index Scan using idx on public.t (actual rows=512.00 loops=1)
   Output: a, b
   Index Cond: ((t.a >= '-19561'::integer) AND (t.a <= '-19434'::integer))
   Index Searches: 1
   Prefetch: distance=2.000 count=2 stalls=84 skipped=3 resets=0 ungets=0 forwarded=0
             histogram [2,4) => 2
   Buffers: shared hit=462 read=26
 Settings: enable_bitmapscan = 'off', enable_seqscan = 'off', max_parallel_workers_per_gather = '0'
 Planning:
   Buffers: shared hit=86 read=26
 Planning Time: 6.135 ms
 Execution Time: 3.335 ms
(12 rows)

SET
SET
SET
SET
SET
                                             QUERY PLAN                                             
----------------------------------------------------------------------------------------------------
 Index Scan using idx on public.t (actual rows=512.00 loops=1)
   Output: a, b
   Index Cond: ((t.a >= '-19561'::integer) AND (t.a <= '-19434'::integer))
   Index Searches: 1
   Buffers: shared hit=488
 Settings: enable_bitmapscan = 'off', enable_seqscan = 'off', max_parallel_workers_per_gather = '0'
 Planning:
   Buffers: shared hit=117
 Planning Time: 0.450 ms
 Execution Time: 0.359 ms
(10 rows)

