SET
SET
SET
SET
SET
                                             QUERY PLAN                                             
----------------------------------------------------------------------------------------------------
 Index Scan using idx on public.t (actual rows=1024.00 loops=1)
   Output: a, b
   Index Cond: ((t.a >= '-31814'::integer) AND (t.a <= '-31559'::integer))
   Index Searches: 1
   Prefetch: distance=2.091 count=33 stalls=898 skipped=74 resets=0 ungets=0 forwarded=0
             histogram [2,4) => 32, [4,8) => 1
   Buffers: shared hit=925 read=31
 Settings: enable_bitmapscan = 'off', enable_seqscan = 'off', max_parallel_workers_per_gather = '0'
 Planning:
   Buffers: shared hit=86 read=26
 Planning Time: 6.471 ms
 Execution Time: 3.843 ms
(12 rows)

SET
SET
SET
SET
SET
                                             QUERY PLAN                                             
----------------------------------------------------------------------------------------------------
 Index Scan using idx on public.t (actual rows=1024.00 loops=1)
   Output: a, b
   Index Cond: ((t.a >= '-31814'::integer) AND (t.a <= '-31559'::integer))
   Index Searches: 1
   Buffers: shared hit=956
 Settings: enable_bitmapscan = 'off', enable_seqscan = 'off', max_parallel_workers_per_gather = '0'
 Planning:
   Buffers: shared hit=117
 Planning Time: 0.343 ms
 Execution Time: 0.330 ms
(10 rows)

