SET
SET
SET
SET
SET
                                                                      QUERY PLAN                                                                      
------------------------------------------------------------------------------------------------------------------------------------------------------
 Index Scan using idx on public.t (actual rows=5048576.00 loops=1)
   Output: a, b
   Index Cond: ((t.a >= '-339155'::integer) AND (t.a <= '-23620'::integer))
   Index Searches: 1
   Prefetch: distance=264.416 count=4129782 stalls=2 skipped=1279350 resets=0 ungets=360573 forwarded=234537
             histogram [2,4) => 6, [4,8) => 10, [8,16) => 10, [16,32) => 18, [32,64) => 29, [64,128) => 62, [128,256) => 476440, [256,512) => 3653207
   Buffers: shared hit=3697306 read=73215
 Settings: enable_bitmapscan = 'off', enable_seqscan = 'off', max_parallel_workers_per_gather = '0'
 Planning:
   Buffers: shared hit=77 read=24
 Planning Time: 5.784 ms
 Execution Time: 3152.826 ms
(12 rows)

SET
SET
SET
SET
SET
                                             QUERY PLAN                                             
----------------------------------------------------------------------------------------------------
 Index Scan using idx on public.t (actual rows=5048576.00 loops=1)
   Output: a, b
   Index Cond: ((t.a >= '-339155'::integer) AND (t.a <= '-23620'::integer))
   Index Searches: 1
   Buffers: shared hit=3783020
 Settings: enable_bitmapscan = 'off', enable_seqscan = 'off', max_parallel_workers_per_gather = '0'
 Planning:
   Buffers: shared hit=106
 Planning Time: 0.531 ms
 Execution Time: 1732.860 ms
(10 rows)

