SET
SET
SET
SET
SET
                                                       QUERY PLAN                                                        
-------------------------------------------------------------------------------------------------------------------------
 Index Scan using idx on public.t (actual rows=128.00 loops=1)
   Output: a, b
   Index Cond: ((t.a >= '-16395'::integer) AND (t.a <= '-16364'::integer))
   Index Searches: 1
   Prefetch: distance=51.574 count=101 stalls=5 skipped=11 resets=0 ungets=0 forwarded=1
             histogram [2,4) => 5, [4,8) => 5, [8,16) => 9, [16,32) => 15, [32,64) => 32, [64,128) => 31, [128,256) => 4
   Buffers: shared hit=98 read=22
 Settings: enable_bitmapscan = 'off', enable_seqscan = 'off', max_parallel_workers_per_gather = '0'
 Planning:
   Buffers: shared hit=86 read=26
 Planning Time: 6.114 ms
 Execution Time: 1.821 ms
(12 rows)

SET
SET
SET
SET
SET
                                             QUERY PLAN                                             
----------------------------------------------------------------------------------------------------
 Index Scan using idx on public.t (actual rows=128.00 loops=1)
   Output: a, b
   Index Cond: ((t.a >= '-16395'::integer) AND (t.a <= '-16364'::integer))
   Index Searches: 1
   Buffers: shared hit=120
 Settings: enable_bitmapscan = 'off', enable_seqscan = 'off', max_parallel_workers_per_gather = '0'
 Planning:
   Buffers: shared hit=117
 Planning Time: 0.341 ms
 Execution Time: 0.105 ms
(10 rows)

