SET
SET
SET
SET
SET
                                             QUERY PLAN                                             
----------------------------------------------------------------------------------------------------
 Index Scan using idx on public.t (actual rows=8192.00 loops=1)
   Output: a, b
   Index Cond: ((t.a >= '-21421'::integer) AND (t.a <= '-19374'::integer))
   Index Searches: 1
   Prefetch: distance=2.000 count=140 stalls=6851 skipped=538 resets=0 ungets=0 forwarded=0
             histogram [2,4) => 140
   Buffers: shared hit=7524 read=108
 Settings: enable_bitmapscan = 'off', enable_seqscan = 'off', max_parallel_workers_per_gather = '0'
 Planning:
   Buffers: shared hit=86 read=26
 Planning Time: 6.389 ms
 Execution Time: 5.757 ms
(12 rows)

SET
SET
SET
SET
SET
                                             QUERY PLAN                                             
----------------------------------------------------------------------------------------------------
 Index Scan using idx on public.t (actual rows=8192.00 loops=1)
   Output: a, b
   Index Cond: ((t.a >= '-21421'::integer) AND (t.a <= '-19374'::integer))
   Index Searches: 1
   Buffers: shared hit=7632
 Settings: enable_bitmapscan = 'off', enable_seqscan = 'off', max_parallel_workers_per_gather = '0'
 Planning:
   Buffers: shared hit=117
 Planning Time: 0.348 ms
 Execution Time: 2.194 ms
(10 rows)

