SET
SET
SET
SET
SET
                                             QUERY PLAN                                             
----------------------------------------------------------------------------------------------------
 Index Scan using idx on public.t (actual rows=2048.00 loops=1)
   Output: a, b
   Index Cond: ((t.a >= '-6186'::integer) AND (t.a <= '-5675'::integer))
   Index Searches: 1
   Prefetch: distance=5.621 count=87 stalls=1811 skipped=135 resets=0 ungets=0 forwarded=0
             histogram [2,4) => 42, [4,8) => 18, [8,16) => 24, [16,32) => 3
   Buffers: shared hit=1879 read=44
 Settings: enable_bitmapscan = 'off', enable_seqscan = 'off', max_parallel_workers_per_gather = '0'
 Planning:
   Buffers: shared hit=86 read=26
 Planning Time: 6.130 ms
 Execution Time: 3.180 ms
(12 rows)

SET
SET
SET
SET
SET
                                             QUERY PLAN                                             
----------------------------------------------------------------------------------------------------
 Index Scan using idx on public.t (actual rows=2048.00 loops=1)
   Output: a, b
   Index Cond: ((t.a >= '-6186'::integer) AND (t.a <= '-5675'::integer))
   Index Searches: 1
   Buffers: shared hit=1923
 Settings: enable_bitmapscan = 'off', enable_seqscan = 'off', max_parallel_workers_per_gather = '0'
 Planning:
   Buffers: shared hit=117
 Planning Time: 0.430 ms
 Execution Time: 0.603 ms
(10 rows)

