SET
SET
SET
SET
SET
                                             QUERY PLAN                                             
----------------------------------------------------------------------------------------------------
 Index Scan using idx on public.t (actual rows=8192.00 loops=1)
   Output: a, b
   Index Cond: ((t.a >= '-24465'::integer) AND (t.a <= '-22418'::integer))
   Index Searches: 1
   Prefetch: distance=2.000 count=144 stalls=7010 skipped=527 resets=0 ungets=0 forwarded=0
             histogram [2,4) => 144
   Buffers: shared hit=7532 read=109
 Settings: enable_bitmapscan = 'off', enable_seqscan = 'off', max_parallel_workers_per_gather = '0'
 Planning:
   Buffers: shared hit=86 read=26
 Planning Time: 6.058 ms
 Execution Time: 5.877 ms
(12 rows)

SET
SET
SET
SET
SET
                                             QUERY PLAN                                             
----------------------------------------------------------------------------------------------------
 Index Scan using idx on public.t (actual rows=8192.00 loops=1)
   Output: a, b
   Index Cond: ((t.a >= '-24465'::integer) AND (t.a <= '-22418'::integer))
   Index Searches: 1
   Buffers: shared hit=7641
 Settings: enable_bitmapscan = 'off', enable_seqscan = 'off', max_parallel_workers_per_gather = '0'
 Planning:
   Buffers: shared hit=117
 Planning Time: 0.372 ms
 Execution Time: 2.186 ms
(10 rows)

