SET
SET
SET
SET
SET
                                             QUERY PLAN                                             
----------------------------------------------------------------------------------------------------
 Index Scan using idx on public.t (actual rows=64.00 loops=1)
   Output: a, b
   Index Cond: ((t.a >= '-6857'::integer) AND (t.a <= '-6842'::integer))
   Index Searches: 1
   Prefetch: distance=2.231 count=13 stalls=24 skipped=4 resets=0 ungets=0 forwarded=0
             histogram [2,4) => 12, [4,8) => 1
   Buffers: shared hit=46 read=20
 Settings: enable_bitmapscan = 'off', enable_seqscan = 'off', max_parallel_workers_per_gather = '0'
 Planning:
   Buffers: shared hit=86 read=26
 Planning Time: 5.958 ms
 Execution Time: 2.694 ms
(12 rows)

SET
SET
SET
SET
SET
                                             QUERY PLAN                                             
----------------------------------------------------------------------------------------------------
 Index Scan using idx on public.t (actual rows=64.00 loops=1)
   Output: a, b
   Index Cond: ((t.a >= '-6857'::integer) AND (t.a <= '-6842'::integer))
   Index Searches: 1
   Buffers: shared hit=66
 Settings: enable_bitmapscan = 'off', enable_seqscan = 'off', max_parallel_workers_per_gather = '0'
 Planning:
   Buffers: shared hit=117
 Planning Time: 0.350 ms
 Execution Time: 0.082 ms
(10 rows)

