SET
SET
SET
SET
SET
                                             QUERY PLAN                                             
----------------------------------------------------------------------------------------------------
 Index Scan using idx on public.t (actual rows=4096.00 loops=1)
   Output: a, b
   Index Cond: ((t.a >= '-19647'::integer) AND (t.a <= '-18624'::integer))
   Index Searches: 1
   Prefetch: distance=2.000 count=70 stalls=3442 skipped=261 resets=0 ungets=0 forwarded=0
             histogram [2,4) => 70
   Buffers: shared hit=3761 read=65
 Settings: enable_bitmapscan = 'off', enable_seqscan = 'off', max_parallel_workers_per_gather = '0'
 Planning:
   Buffers: shared hit=86 read=26
 Planning Time: 6.622 ms
 Execution Time: 4.524 ms
(12 rows)

SET
SET
SET
SET
SET
                                             QUERY PLAN                                             
----------------------------------------------------------------------------------------------------
 Index Scan using idx on public.t (actual rows=4096.00 loops=1)
   Output: a, b
   Index Cond: ((t.a >= '-19647'::integer) AND (t.a <= '-18624'::integer))
   Index Searches: 1
   Buffers: shared hit=3826
 Settings: enable_bitmapscan = 'off', enable_seqscan = 'off', max_parallel_workers_per_gather = '0'
 Planning:
   Buffers: shared hit=117
 Planning Time: 0.462 ms
 Execution Time: 1.447 ms
(10 rows)

