SET
SET
SET
SET
SET
                                                                      QUERY PLAN                                                                      
------------------------------------------------------------------------------------------------------------------------------------------------------
 Index Scan using idx on public.t (actual rows=524288.00 loops=1)
   Output: a, b
   Index Cond: ((t.a >= 5122) AND (t.a <= 529409))
   Index Searches: 1
   Prefetch: distance=135.696 count=25611 stalls=476210 skipped=22491 resets=0 ungets=26 forwarded=3
             histogram [2,4) => 9491, [4,8) => 46, [8,16) => 20, [16,32) => 46, [32,64) => 91, [64,128) => 709, [128,256) => 12095, [256,512) => 3113
   Buffers: shared hit=496877 read=6359
 Settings: enable_bitmapscan = 'off', enable_seqscan = 'off', max_parallel_workers_per_gather = '0'
 Planning:
   Buffers: shared hit=78 read=27
 Planning Time: 6.503 ms
 Execution Time: 281.479 ms
(12 rows)

SET
SET
SET
SET
SET
                                             QUERY PLAN                                             
----------------------------------------------------------------------------------------------------
 Index Scan using idx on public.t (actual rows=524288.00 loops=1)
   Output: a, b
   Index Cond: ((t.a >= 5122) AND (t.a <= 529409))
   Index Searches: 1
   Buffers: shared hit=503236
 Settings: enable_bitmapscan = 'off', enable_seqscan = 'off', max_parallel_workers_per_gather = '0'
 Planning:
   Buffers: shared hit=110
 Planning Time: 0.430 ms
 Execution Time: 136.889 ms
(10 rows)

