SET
SET
SET
SET
SET
                                             QUERY PLAN                                             
----------------------------------------------------------------------------------------------------
 Index Scan using idx on public.t (actual rows=2048.00 loops=1)
   Output: a, b
   Index Cond: ((t.a >= 31418) AND (t.a <= 33465))
   Index Searches: 1
   Prefetch: distance=2.000 count=46 stalls=1861 skipped=83 resets=0 ungets=0 forwarded=0
             histogram [2,4) => 46
   Buffers: shared hit=1923 read=51
 Settings: enable_bitmapscan = 'off', enable_seqscan = 'off', max_parallel_workers_per_gather = '0'
 Planning:
   Buffers: shared hit=82 read=27
 Planning Time: 6.460 ms
 Execution Time: 4.094 ms
(12 rows)

SET
SET
SET
SET
SET
                                             QUERY PLAN                                             
----------------------------------------------------------------------------------------------------
 Index Scan using idx on public.t (actual rows=2048.00 loops=1)
   Output: a, b
   Index Cond: ((t.a >= 31418) AND (t.a <= 33465))
   Index Searches: 1
   Buffers: shared hit=1974
 Settings: enable_bitmapscan = 'off', enable_seqscan = 'off', max_parallel_workers_per_gather = '0'
 Planning:
   Buffers: shared hit=114
 Planning Time: 0.497 ms
 Execution Time: 0.849 ms
(10 rows)

