SET
SET
SET
SET
SET
                                                                     QUERY PLAN                                                                      
-----------------------------------------------------------------------------------------------------------------------------------------------------
 Index Scan using idx on public.t (actual rows=32768.00 loops=1)
   Output: a, b
   Index Cond: ((t.a >= 14998) AND (t.a <= 47765))
   Index Searches: 1
   Prefetch: distance=216.909 count=28634 stalls=2731 skipped=1404 resets=0 ungets=9 forwarded=2
             histogram [2,4) => 62, [4,8) => 13, [8,16) => 16, [16,32) => 33, [32,64) => 107, [64,128) => 935, [128,256) => 21808, [256,512) => 5660
   Buffers: shared hit=31038 read=422
 Settings: enable_bitmapscan = 'off', enable_seqscan = 'off', max_parallel_workers_per_gather = '0'
 Planning:
   Buffers: shared hit=82 read=27
 Planning Time: 5.929 ms
 Execution Time: 22.332 ms
(12 rows)

SET
SET
SET
SET
SET
                                             QUERY PLAN                                             
----------------------------------------------------------------------------------------------------
 Index Scan using idx on public.t (actual rows=32768.00 loops=1)
   Output: a, b
   Index Cond: ((t.a >= 14998) AND (t.a <= 47765))
   Index Searches: 1
   Buffers: shared hit=31460
 Settings: enable_bitmapscan = 'off', enable_seqscan = 'off', max_parallel_workers_per_gather = '0'
 Planning:
   Buffers: shared hit=114
 Planning Time: 0.374 ms
 Execution Time: 8.036 ms
(10 rows)

