SET
SET
SET
SET
SET
                                             QUERY PLAN                                             
----------------------------------------------------------------------------------------------------
 Index Scan using idx on public.t (actual rows=2048.00 loops=1)
   Output: a, b
   Index Cond: ((t.a >= 9860) AND (t.a <= 11907))
   Index Searches: 1
   Prefetch: distance=2.379 count=66 stalls=1870 skipped=90 resets=0 ungets=0 forwarded=0
             histogram [2,4) => 58, [4,8) => 8
   Buffers: shared hit=1918 read=52
 Settings: enable_bitmapscan = 'off', enable_seqscan = 'off', max_parallel_workers_per_gather = '0'
 Planning:
   Buffers: shared hit=82 read=27
 Planning Time: 6.560 ms
 Execution Time: 5.376 ms
(12 rows)

SET
SET
SET
SET
SET
                                             QUERY PLAN                                             
----------------------------------------------------------------------------------------------------
 Index Scan using idx on public.t (actual rows=2048.00 loops=1)
   Output: a, b
   Index Cond: ((t.a >= 9860) AND (t.a <= 11907))
   Index Searches: 1
   Buffers: shared hit=1970
 Settings: enable_bitmapscan = 'off', enable_seqscan = 'off', max_parallel_workers_per_gather = '0'
 Planning:
   Buffers: shared hit=114
 Planning Time: 0.345 ms
 Execution Time: 0.591 ms
(10 rows)

