SET
SET
SET
SET
SET
                                             QUERY PLAN                                             
----------------------------------------------------------------------------------------------------
 Index Scan using idx on public.t (actual rows=512.00 loops=1)
   Output: a, b
   Index Cond: ((t.a >= 31419) AND (t.a <= 31930))
   Index Searches: 1
   Prefetch: distance=2.000 count=18 stalls=410 skipped=27 resets=0 ungets=0 forwarded=0
             histogram [2,4) => 18
   Buffers: shared hit=458 read=32
 Settings: enable_bitmapscan = 'off', enable_seqscan = 'off', max_parallel_workers_per_gather = '0'
 Planning:
   Buffers: shared hit=82 read=27
 Planning Time: 6.550 ms
 Execution Time: 3.793 ms
(12 rows)

SET
SET
SET
SET
SET
                                             QUERY PLAN                                             
----------------------------------------------------------------------------------------------------
 Index Scan using idx on public.t (actual rows=512.00 loops=1)
   Output: a, b
   Index Cond: ((t.a >= 31419) AND (t.a <= 31930))
   Index Searches: 1
   Buffers: shared hit=490
 Settings: enable_bitmapscan = 'off', enable_seqscan = 'off', max_parallel_workers_per_gather = '0'
 Planning:
   Buffers: shared hit=114
 Planning Time: 0.363 ms
 Execution Time: 0.218 ms
(10 rows)

