SET
SET
SET
SET
SET
                                                                       QUERY PLAN                                                                       
--------------------------------------------------------------------------------------------------------------------------------------------------------
 Index Scan using idx on public.t (actual rows=4048576.00 loops=1)
   Output: a, b
   Index Cond: ((t.a >= 12440) AND (t.a <= 4061015))
   Index Searches: 1
   Prefetch: distance=64.687 count=106348 stalls=3767779 skipped=174458 resets=0 ungets=13 forwarded=4
             histogram [2,4) => 75072, [4,8) => 258, [8,16) => 15, [16,32) => 33, [32,64) => 92, [64,128) => 970, [128,256) => 23994, [256,512) => 5914
   Buffers: shared hit=3836260 read=48926
 Settings: enable_bitmapscan = 'off', enable_seqscan = 'off', max_parallel_workers_per_gather = '0'
 Planning:
   Buffers: shared hit=78 read=27
 Planning Time: 6.193 ms
 Execution Time: 2154.471 ms
(12 rows)

SET
SET
SET
SET
SET
                                             QUERY PLAN                                             
----------------------------------------------------------------------------------------------------
 Index Scan using idx on public.t (actual rows=4048576.00 loops=1)
   Output: a, b
   Index Cond: ((t.a >= 12440) AND (t.a <= 4061015))
   Index Searches: 1
   Buffers: shared hit=3885186
 Settings: enable_bitmapscan = 'off', enable_seqscan = 'off', max_parallel_workers_per_gather = '0'
 Planning:
   Buffers: shared hit=110
 Planning Time: 0.412 ms
 Execution Time: 1180.899 ms
(10 rows)

