SET
SET
SET
SET
SET
                                             QUERY PLAN                                             
----------------------------------------------------------------------------------------------------
 Index Scan using idx on public.t (actual rows=1024.00 loops=1)
   Output: a, b
   Index Cond: ((t.a >= 19211) AND (t.a <= 20234))
   Index Searches: 1
   Prefetch: distance=2.000 count=18 stalls=781 skipped=38 resets=0 ungets=0 forwarded=0
             histogram [2,4) => 18
   Buffers: shared hit=948 read=40
 Settings: enable_bitmapscan = 'off', enable_seqscan = 'off', max_parallel_workers_per_gather = '0'
 Planning:
   Buffers: shared hit=82 read=27
 Planning Time: 7.802 ms
 Execution Time: 3.923 ms
(12 rows)

SET
SET
SET
SET
SET
                                             QUERY PLAN                                             
----------------------------------------------------------------------------------------------------
 Index Scan using idx on public.t (actual rows=1024.00 loops=1)
   Output: a, b
   Index Cond: ((t.a >= 19211) AND (t.a <= 20234))
   Index Searches: 1
   Buffers: shared hit=988
 Settings: enable_bitmapscan = 'off', enable_seqscan = 'off', max_parallel_workers_per_gather = '0'
 Planning:
   Buffers: shared hit=114
 Planning Time: 0.549 ms
 Execution Time: 0.502 ms
(10 rows)

