SET
SET
SET
SET
SET
                                             QUERY PLAN                                             
----------------------------------------------------------------------------------------------------
 Index Scan using idx on public.t (actual rows=512.00 loops=1)
   Output: a, b
   Index Cond: ((t.a >= '-3779'::integer) AND (t.a <= '-3748'::integer))
   Index Searches: 1
   Prefetch: distance=2.000 count=4 stalls=159 skipped=57 resets=0 ungets=0 forwarded=0
             histogram [2,4) => 4
   Buffers: shared hit=355 read=32
 Settings: enable_bitmapscan = 'off', enable_seqscan = 'off', max_parallel_workers_per_gather = '0'
 Planning:
   Buffers: shared hit=81 read=28
 Planning Time: 6.288 ms
 Execution Time: 3.218 ms
(12 rows)

SET
SET
SET
SET
SET
                                             QUERY PLAN                                             
----------------------------------------------------------------------------------------------------
 Index Scan using idx on public.t (actual rows=512.00 loops=1)
   Output: a, b
   Index Cond: ((t.a >= '-3779'::integer) AND (t.a <= '-3748'::integer))
   Index Searches: 1
   Buffers: shared hit=387
 Settings: enable_bitmapscan = 'off', enable_seqscan = 'off', max_parallel_workers_per_gather = '0'
 Planning:
   Buffers: shared hit=114
 Planning Time: 0.361 ms
 Execution Time: 0.206 ms
(10 rows)

