SET
SET
SET
SET
SET
                                             QUERY PLAN                                             
----------------------------------------------------------------------------------------------------
 Index Scan using idx on public.t (actual rows=2048.00 loops=1)
   Output: a, b
   Index Cond: ((t.a >= '-21815'::integer) AND (t.a <= '-21688'::integer))
   Index Searches: 1
   Prefetch: distance=2.000 count=46 stalls=1414 skipped=495 resets=0 ungets=0 forwarded=0
             histogram [2,4) => 46
   Buffers: shared hit=1488 read=56
 Settings: enable_bitmapscan = 'off', enable_seqscan = 'off', max_parallel_workers_per_gather = '0'
 Planning:
   Buffers: shared hit=77 read=24
 Planning Time: 5.740 ms
 Execution Time: 6.010 ms
(12 rows)

SET
SET
SET
SET
SET
                                             QUERY PLAN                                             
----------------------------------------------------------------------------------------------------
 Index Scan using idx on public.t (actual rows=2048.00 loops=1)
   Output: a, b
   Index Cond: ((t.a >= '-21815'::integer) AND (t.a <= '-21688'::integer))
   Index Searches: 1
   Buffers: shared hit=1544
 Settings: enable_bitmapscan = 'off', enable_seqscan = 'off', max_parallel_workers_per_gather = '0'
 Planning:
   Buffers: shared hit=106
 Planning Time: 0.529 ms
 Execution Time: 0.831 ms
(10 rows)

