SET
SET
SET
SET
SET
                                             QUERY PLAN                                             
----------------------------------------------------------------------------------------------------
 Index Scan using idx on public.t (actual rows=4096.00 loops=1)
   Output: a, b
   Index Cond: ((t.a >= '-17306'::integer) AND (t.a <= '-17051'::integer))
   Index Searches: 1
   Prefetch: distance=2.100 count=100 stalls=2917 skipped=1028 resets=0 ungets=0 forwarded=1
             histogram [2,4) => 95, [4,8) => 5
   Buffers: shared hit=2989 read=87
 Settings: enable_bitmapscan = 'off', enable_seqscan = 'off', max_parallel_workers_per_gather = '0'
 Planning:
   Buffers: shared hit=77 read=24
 Planning Time: 5.586 ms
 Execution Time: 8.272 ms
(12 rows)

SET
SET
SET
SET
SET
                                             QUERY PLAN                                             
----------------------------------------------------------------------------------------------------
 Index Scan using idx on public.t (actual rows=4096.00 loops=1)
   Output: a, b
   Index Cond: ((t.a >= '-17306'::integer) AND (t.a <= '-17051'::integer))
   Index Searches: 1
   Buffers: shared hit=3076
 Settings: enable_bitmapscan = 'off', enable_seqscan = 'off', max_parallel_workers_per_gather = '0'
 Planning:
   Buffers: shared hit=106
 Planning Time: 0.391 ms
 Execution Time: 1.472 ms
(10 rows)

