SET
SET
SET
SET
SET
                                             QUERY PLAN                                             
----------------------------------------------------------------------------------------------------
 Index Scan Backward using idx on public.t (actual rows=2048.00 loops=1)
   Output: a, b
   Index Cond: ((t.a >= 17022) AND (t.a <= 19069))
   Index Searches: 1
   Prefetch: distance=2.902 count=61 stalls=1870 skipped=81 resets=0 ungets=0 forwarded=0
             histogram [2,4) => 47, [4,8) => 12, [8,16) => 2
   Buffers: shared hit=1925 read=53
 Settings: enable_bitmapscan = 'off', enable_seqscan = 'off', max_parallel_workers_per_gather = '0'
 Planning:
   Buffers: shared hit=86 read=27
 Planning Time: 6.504 ms
 Execution Time: 5.883 ms
(12 rows)

SET
SET
SET
SET
SET
                                             QUERY PLAN                                             
----------------------------------------------------------------------------------------------------
 Index Scan Backward using idx on public.t (actual rows=2048.00 loops=1)
   Output: a, b
   Index Cond: ((t.a >= 17022) AND (t.a <= 19069))
   Index Searches: 1
   Buffers: shared hit=1978
 Settings: enable_bitmapscan = 'off', enable_seqscan = 'off', max_parallel_workers_per_gather = '0'
 Planning:
   Buffers: shared hit=118
 Planning Time: 0.374 ms
 Execution Time: 0.689 ms
(10 rows)

