SET
SET
SET
SET
SET
                                             QUERY PLAN                                             
----------------------------------------------------------------------------------------------------
 Index Scan Backward using idx on public.t (actual rows=4096.00 loops=1)
   Output: a, b
   Index Cond: ((t.a >= 30893) AND (t.a <= 34988))
   Index Searches: 1
   Prefetch: distance=2.040 count=75 stalls=3634 skipped=170 resets=0 ungets=0 forwarded=0
             histogram [2,4) => 74, [4,8) => 1
   Buffers: shared hit=3861 read=76
 Settings: enable_bitmapscan = 'off', enable_seqscan = 'off', max_parallel_workers_per_gather = '0'
 Planning:
   Buffers: shared hit=86 read=27
 Planning Time: 6.556 ms
 Execution Time: 8.814 ms
(12 rows)

SET
SET
SET
SET
SET
                                             QUERY PLAN                                             
----------------------------------------------------------------------------------------------------
 Index Scan Backward using idx on public.t (actual rows=4096.00 loops=1)
   Output: a, b
   Index Cond: ((t.a >= 30893) AND (t.a <= 34988))
   Index Searches: 1
   Buffers: shared hit=3937
 Settings: enable_bitmapscan = 'off', enable_seqscan = 'off', max_parallel_workers_per_gather = '0'
 Planning:
   Buffers: shared hit=118
 Planning Time: 0.474 ms
 Execution Time: 1.134 ms
(10 rows)

