SET
SET
SET
SET
SET
                                             QUERY PLAN                                             
----------------------------------------------------------------------------------------------------
 Index Scan Backward using idx on public.t (actual rows=256.00 loops=1)
   Output: a, b
   Index Cond: ((t.a >= 23292) AND (t.a <= 23547))
   Index Searches: 1
   Prefetch: distance=2.000 count=2 stalls=128 skipped=4 resets=0 ungets=0 forwarded=0
             histogram [2,4) => 2
   Buffers: shared hit=224 read=30
 Settings: enable_bitmapscan = 'off', enable_seqscan = 'off', max_parallel_workers_per_gather = '0'
 Planning:
   Buffers: shared hit=86 read=27
 Planning Time: 6.497 ms
 Execution Time: 3.674 ms
(12 rows)

SET
SET
SET
SET
SET
                                             QUERY PLAN                                             
----------------------------------------------------------------------------------------------------
 Index Scan Backward using idx on public.t (actual rows=256.00 loops=1)
   Output: a, b
   Index Cond: ((t.a >= 23292) AND (t.a <= 23547))
   Index Searches: 1
   Buffers: shared hit=254
 Settings: enable_bitmapscan = 'off', enable_seqscan = 'off', max_parallel_workers_per_gather = '0'
 Planning:
   Buffers: shared hit=118
 Planning Time: 0.458 ms
 Execution Time: 0.175 ms
(10 rows)

