SET
SET
SET
SET
SET
                                                                     QUERY PLAN                                                                     
----------------------------------------------------------------------------------------------------------------------------------------------------
 Index Scan Backward using idx on public.t (actual rows=524288.00 loops=1)
   Output: a, b
   Index Cond: ((t.a >= 10460) AND (t.a <= 534747))
   Index Searches: 1
   Prefetch: distance=245.290 count=501967 stalls=4 skipped=22518 resets=0 ungets=221 forwarded=218
             histogram [2,4) => 2, [4,8) => 3, [8,16) => 8, [16,32) => 15, [32,64) => 27, [64,128) => 949, [128,256) => 283017, [256,512) => 217946
   Buffers: shared hit=496846 read=6361
 Settings: enable_bitmapscan = 'off', enable_seqscan = 'off', max_parallel_workers_per_gather = '0'
 Planning:
   Buffers: shared hit=82 read=27
 Planning Time: 6.471 ms
 Execution Time: 433.600 ms
(12 rows)

SET
SET
SET
SET
SET
                                             QUERY PLAN                                             
----------------------------------------------------------------------------------------------------
 Index Scan Backward using idx on public.t (actual rows=524288.00 loops=1)
   Output: a, b
   Index Cond: ((t.a >= 10460) AND (t.a <= 534747))
   Index Searches: 1
   Buffers: shared hit=503208
 Settings: enable_bitmapscan = 'off', enable_seqscan = 'off', max_parallel_workers_per_gather = '0'
 Planning:
   Buffers: shared hit=114
 Planning Time: 0.414 ms
 Execution Time: 152.335 ms
(10 rows)

