SET
SET
SET
SET
SET
                                                                     QUERY PLAN                                                                      
-----------------------------------------------------------------------------------------------------------------------------------------------------
 Index Scan using idx on public.t (actual rows=6048576.00 loops=1)
   Output: a, b
   Index Cond: ((t.a >= '-406178'::integer) AND (t.a <= '-28143'::integer))
   Index Searches: 1
   Prefetch: distance=264.447 count=4949926 stalls=1 skipped=1531824 resets=0 ungets=433178 forwarded=282220
             histogram [2,4) => 2, [4,8) => 4, [8,16) => 10, [16,32) => 20, [32,64) => 31, [64,128) => 15, [128,256) => 566697, [256,512) => 4383147
   Buffers: shared hit=4430533 read=87714
 Settings: enable_bitmapscan = 'off', enable_seqscan = 'off', max_parallel_workers_per_gather = '0'
 Planning:
   Buffers: shared hit=77 read=24
 Planning Time: 5.797 ms
 Execution Time: 3742.376 ms
(12 rows)

SET
SET
SET
SET
SET
                                             QUERY PLAN                                             
----------------------------------------------------------------------------------------------------
 Index Scan using idx on public.t (actual rows=6048576.00 loops=1)
   Output: a, b
   Index Cond: ((t.a >= '-406178'::integer) AND (t.a <= '-28143'::integer))
   Index Searches: 1
   Buffers: shared hit=4533285
 Settings: enable_bitmapscan = 'off', enable_seqscan = 'off', max_parallel_workers_per_gather = '0'
 Planning:
   Buffers: shared hit=106
 Planning Time: 0.376 ms
 Execution Time: 1697.284 ms
(10 rows)

