SET
SET
SET
SET
SET
                                             QUERY PLAN                                             
----------------------------------------------------------------------------------------------------
 Index Scan Backward using idx on public.t (actual rows=2048.00 loops=1)
   Output: a, b
   Index Cond: ((t.a >= 3870) AND (t.a <= 5917))
   Index Searches: 1
   Prefetch: distance=2.000 count=52 stalls=1854 skipped=81 resets=0 ungets=0 forwarded=0
             histogram [2,4) => 52
   Buffers: shared hit=1919 read=53
 Settings: enable_bitmapscan = 'off', enable_seqscan = 'off', max_parallel_workers_per_gather = '0'
 Planning:
   Buffers: shared hit=86 read=27
 Planning Time: 6.132 ms
 Execution Time: 6.613 ms
(12 rows)

SET
SET
SET
SET
SET
                                             QUERY PLAN                                             
----------------------------------------------------------------------------------------------------
 Index Scan Backward using idx on public.t (actual rows=2048.00 loops=1)
   Output: a, b
   Index Cond: ((t.a >= 3870) AND (t.a <= 5917))
   Index Searches: 1
   Buffers: shared hit=1972
 Settings: enable_bitmapscan = 'off', enable_seqscan = 'off', max_parallel_workers_per_gather = '0'
 Planning:
   Buffers: shared hit=118
 Planning Time: 0.480 ms
 Execution Time: 0.865 ms
(10 rows)

