SET
SET
SET
SET
SET
                                             QUERY PLAN                                             
----------------------------------------------------------------------------------------------------
 Index Scan Backward using idx on public.t (actual rows=4096.00 loops=1)
   Output: a, b
   Index Cond: ((t.a >= 10643) AND (t.a <= 14738))
   Index Searches: 1
   Prefetch: distance=2.000 count=84 stalls=3755 skipped=160 resets=0 ungets=0 forwarded=0
             histogram [2,4) => 84
   Buffers: shared hit=3871 read=76
 Settings: enable_bitmapscan = 'off', enable_seqscan = 'off', max_parallel_workers_per_gather = '0'
 Planning:
   Buffers: shared hit=86 read=27
 Planning Time: 6.274 ms
 Execution Time: 9.332 ms
(12 rows)

SET
SET
SET
SET
SET
                                             QUERY PLAN                                             
----------------------------------------------------------------------------------------------------
 Index Scan Backward using idx on public.t (actual rows=4096.00 loops=1)
   Output: a, b
   Index Cond: ((t.a >= 10643) AND (t.a <= 14738))
   Index Searches: 1
   Buffers: shared hit=3947
 Settings: enable_bitmapscan = 'off', enable_seqscan = 'off', max_parallel_workers_per_gather = '0'
 Planning:
   Buffers: shared hit=118
 Planning Time: 0.370 ms
 Execution Time: 1.128 ms
(10 rows)

