SET
SET
SET
SET
SET
                                                                  QUERY PLAN                                                                   
-----------------------------------------------------------------------------------------------------------------------------------------------
 Index Scan Backward using idx on public.t (actual rows=4096.00 loops=1)
   Output: a, b
   Index Cond: ((t.a >= 14954) AND (t.a <= 19049))
   Index Searches: 1
   Prefetch: distance=243.697 count=3922 stalls=5 skipped=168 resets=0 ungets=15 forwarded=4
             histogram [2,4) => 4, [4,8) => 6, [8,16) => 8, [16,32) => 18, [32,64) => 22, [64,128) => 20, [128,256) => 2034, [256,512) => 1810
   Buffers: shared hit=3869 read=77
 Settings: enable_bitmapscan = 'off', enable_seqscan = 'off', max_parallel_workers_per_gather = '0'
 Planning:
   Buffers: shared hit=86 read=27
 Planning Time: 6.209 ms
 Execution Time: 6.771 ms
(12 rows)

SET
SET
SET
SET
SET
                                             QUERY PLAN                                             
----------------------------------------------------------------------------------------------------
 Index Scan Backward using idx on public.t (actual rows=4096.00 loops=1)
   Output: a, b
   Index Cond: ((t.a >= 14954) AND (t.a <= 19049))
   Index Searches: 1
   Buffers: shared hit=3946
 Settings: enable_bitmapscan = 'off', enable_seqscan = 'off', max_parallel_workers_per_gather = '0'
 Planning:
   Buffers: shared hit=118
 Planning Time: 0.361 ms
 Execution Time: 1.136 ms
(10 rows)

