SET
SET
SET
SET
SET
                                                                        QUERY PLAN                                                                        
----------------------------------------------------------------------------------------------------------------------------------------------------------
 Index Scan Backward using idx on public.t (actual rows=1048576.00 loops=1)
   Output: a, b
   Index Cond: ((t.a >= 4055) AND (t.a <= 1052630))
   Index Searches: 1
   Prefetch: distance=234.711 count=319006 stalls=684502 skipped=45191 resets=0 ungets=136 forwarded=153
             histogram [2,4) => 13644, [4,8) => 62, [8,16) => 17, [16,32) => 65, [32,64) => 83, [64,128) => 563, [128,256) => 171995, [256,512) => 132577
   Buffers: shared hit=993563 read=12692
 Settings: enable_bitmapscan = 'off', enable_seqscan = 'off', max_parallel_workers_per_gather = '0'
 Planning:
   Buffers: shared hit=82 read=27
 Planning Time: 6.684 ms
 Execution Time: 1343.059 ms
(12 rows)

SET
SET
SET
SET
SET
                                             QUERY PLAN                                             
----------------------------------------------------------------------------------------------------
 Index Scan Backward using idx on public.t (actual rows=1048576.00 loops=1)
   Output: a, b
   Index Cond: ((t.a >= 4055) AND (t.a <= 1052630))
   Index Searches: 1
   Buffers: shared hit=1006256
 Settings: enable_bitmapscan = 'off', enable_seqscan = 'off', max_parallel_workers_per_gather = '0'
 Planning:
   Buffers: shared hit=114
 Planning Time: 0.413 ms
 Execution Time: 308.890 ms
(10 rows)

