SET
SET
SET
SET
SET
                                             QUERY PLAN                                             
----------------------------------------------------------------------------------------------------
 Index Scan Backward using idx on public.t (actual rows=1024.00 loops=1)
   Output: a, b
   Index Cond: ((t.a >= 19048) AND (t.a <= 20071))
   Index Searches: 1
   Prefetch: distance=2.231 count=13 stalls=672 skipped=33 resets=0 ungets=0 forwarded=0
             histogram [2,4) => 12, [4,8) => 1
   Buffers: shared hit=950 read=35
 Settings: enable_bitmapscan = 'off', enable_seqscan = 'off', max_parallel_workers_per_gather = '0'
 Planning:
   Buffers: shared hit=86 read=27
 Planning Time: 6.269 ms
 Execution Time: 4.411 ms
(12 rows)

SET
SET
SET
SET
SET
                                             QUERY PLAN                                             
----------------------------------------------------------------------------------------------------
 Index Scan Backward using idx on public.t (actual rows=1024.00 loops=1)
   Output: a, b
   Index Cond: ((t.a >= 19048) AND (t.a <= 20071))
   Index Searches: 1
   Buffers: shared hit=985
 Settings: enable_bitmapscan = 'off', enable_seqscan = 'off', max_parallel_workers_per_gather = '0'
 Planning:
   Buffers: shared hit=118
 Planning Time: 0.365 ms
 Execution Time: 0.350 ms
(10 rows)

