SET
SET
SET
SET
SET
                                             QUERY PLAN                                             
----------------------------------------------------------------------------------------------------
 Index Scan Backward using idx on public.t (actual rows=4096.00 loops=1)
   Output: a, b
   Index Cond: ((t.a >= 1055) AND (t.a <= 5150))
   Index Searches: 1
   Prefetch: distance=2.034 count=89 stalls=3815 skipped=167 resets=0 ungets=0 forwarded=0
             histogram [2,4) => 88, [4,8) => 1
   Buffers: shared hit=3872 read=74
 Settings: enable_bitmapscan = 'off', enable_seqscan = 'off', max_parallel_workers_per_gather = '0'
 Planning:
   Buffers: shared hit=86 read=27
 Planning Time: 6.435 ms
 Execution Time: 7.988 ms
(12 rows)

SET
SET
SET
SET
SET
                                             QUERY PLAN                                             
----------------------------------------------------------------------------------------------------
 Index Scan Backward using idx on public.t (actual rows=4096.00 loops=1)
   Output: a, b
   Index Cond: ((t.a >= 1055) AND (t.a <= 5150))
   Index Searches: 1
   Buffers: shared hit=3946
 Settings: enable_bitmapscan = 'off', enable_seqscan = 'off', max_parallel_workers_per_gather = '0'
 Planning:
   Buffers: shared hit=118
 Planning Time: 0.485 ms
 Execution Time: 1.141 ms
(10 rows)

