SET
SET
SET
SET
SET
                                                                 QUERY PLAN                                                                 
--------------------------------------------------------------------------------------------------------------------------------------------
 Index Scan using idx on public.t (actual rows=256.00 loops=1)
   Output: a, b
   Index Cond: ((t.a >= 25979) AND (t.a <= 26234))
   Index Searches: 1
   Prefetch: distance=100.523 count=235 stalls=3 skipped=10 resets=0 ungets=0 forwarded=0
             histogram [2,4) => 10, [4,8) => 6, [8,16) => 20, [16,32) => 18, [32,64) => 41, [64,128) => 57, [128,256) => 79, [256,512) => 4
   Buffers: shared hit=222 read=30
 Settings: enable_bitmapscan = 'off', enable_seqscan = 'off', max_parallel_workers_per_gather = '0'
 Planning:
   Buffers: shared hit=82 read=27
 Planning Time: 6.223 ms
 Execution Time: 3.313 ms
(12 rows)

SET
SET
SET
SET
SET
                                             QUERY PLAN                                             
----------------------------------------------------------------------------------------------------
 Index Scan using idx on public.t (actual rows=256.00 loops=1)
   Output: a, b
   Index Cond: ((t.a >= 25979) AND (t.a <= 26234))
   Index Searches: 1
   Buffers: shared hit=252
 Settings: enable_bitmapscan = 'off', enable_seqscan = 'off', max_parallel_workers_per_gather = '0'
 Planning:
   Buffers: shared hit=114
 Planning Time: 0.433 ms
 Execution Time: 0.196 ms
(10 rows)

