SET
SET
SET
SET
SET
                                                                     QUERY PLAN                                                                      
-----------------------------------------------------------------------------------------------------------------------------------------------------
 Index Scan using idx on public.t (actual rows=1048576.00 loops=1)
   Output: a, b
   Index Cond: ((t.a >= 4387) AND (t.a <= 1052962))
   Index Searches: 1
   Prefetch: distance=246.234 count=1003765 stalls=1 skipped=45192 resets=0 ungets=387 forwarded=201
             histogram [2,4) => 8, [4,8) => 5, [8,16) => 7, [16,32) => 17, [32,64) => 31, [64,128) => 1754, [128,256) => 549450, [256,512) => 452493
   Buffers: shared hit=993563 read=12691
 Settings: enable_bitmapscan = 'off', enable_seqscan = 'off', max_parallel_workers_per_gather = '0'
 Planning:
   Buffers: shared hit=78 read=27
 Planning Time: 6.270 ms
 Execution Time: 567.356 ms
(12 rows)

SET
SET
SET
SET
SET
                                             QUERY PLAN                                             
----------------------------------------------------------------------------------------------------
 Index Scan using idx on public.t (actual rows=1048576.00 loops=1)
   Output: a, b
   Index Cond: ((t.a >= 4387) AND (t.a <= 1052962))
   Index Searches: 1
   Buffers: shared hit=1006255
 Settings: enable_bitmapscan = 'off', enable_seqscan = 'off', max_parallel_workers_per_gather = '0'
 Planning:
   Buffers: shared hit=110
 Planning Time: 0.395 ms
 Execution Time: 267.372 ms
(10 rows)

