SET
SET
SET
SET
                                             QUERY PLAN                                             
----------------------------------------------------------------------------------------------------
 Index Scan using idx on public.t (actual rows=8192.00 loops=1)
   Output: a, b
   Index Cond: ((t.a >= '-25378'::integer) AND (t.a <= '-24867'::integer))
   Index Searches: 1
   Buffers: shared hit=6002 read=146
 Settings: enable_bitmapscan = 'off', enable_seqscan = 'off', max_parallel_workers_per_gather = '0'
 Planning:
   Buffers: shared hit=77 read=24
 Planning Time: 5.563 ms
 Execution Time: 13.797 ms
(10 rows)

SET
SET
SET
SET
                                             QUERY PLAN                                             
----------------------------------------------------------------------------------------------------
 Index Scan using idx on public.t (actual rows=8192.00 loops=1)
   Output: a, b
   Index Cond: ((t.a >= '-25378'::integer) AND (t.a <= '-24867'::integer))
   Index Searches: 1
   Buffers: shared hit=6148
 Settings: enable_bitmapscan = 'off', enable_seqscan = 'off', max_parallel_workers_per_gather = '0'
 Planning:
   Buffers: shared hit=106
 Planning Time: 0.351 ms
 Execution Time: 1.884 ms
(10 rows)

