SET
SET
SET
SET
SET
                                                                QUERY PLAN                                                                 
-------------------------------------------------------------------------------------------------------------------------------------------
 Index Scan using idx on public.t (actual rows=512.00 loops=1)
   Output: a, b
   Index Cond: ((t.a >= 19026) AND (t.a <= 19537))
   Index Searches: 1
   Prefetch: distance=237.998 count=501 stalls=4 skipped=20 resets=0 ungets=19 forwarded=0
             histogram [2,4) => 4, [4,8) => 5, [8,16) => 8, [16,32) => 13, [32,64) => 18, [64,128) => 3, [128,256) => 93, [256,512) => 357
   Buffers: shared hit=468 read=32
 Settings: enable_bitmapscan = 'off', enable_seqscan = 'off', max_parallel_workers_per_gather = '0'
 Planning:
   Buffers: shared hit=82 read=27
 Planning Time: 6.133 ms
 Execution Time: 2.790 ms
(12 rows)

SET
SET
SET
SET
SET
                                             QUERY PLAN                                             
----------------------------------------------------------------------------------------------------
 Index Scan using idx on public.t (actual rows=512.00 loops=1)
   Output: a, b
   Index Cond: ((t.a >= 19026) AND (t.a <= 19537))
   Index Searches: 1
   Buffers: shared hit=500
 Settings: enable_bitmapscan = 'off', enable_seqscan = 'off', max_parallel_workers_per_gather = '0'
 Planning:
   Buffers: shared hit=114
 Planning Time: 0.352 ms
 Execution Time: 0.223 ms
(10 rows)

