SET
SET
SET
SET
SET
                                             QUERY PLAN                                             
----------------------------------------------------------------------------------------------------
 Index Scan using idx on public.t (actual rows=256.00 loops=1)
   Output: a, b
   Index Cond: ((t.a >= '-25180'::integer) AND (t.a <= '-25165'::integer))
   Index Searches: 1
   Prefetch: distance=2.000 count=2 stalls=87 skipped=36 resets=0 ungets=0 forwarded=0
             histogram [2,4) => 2
   Buffers: shared hit=160 read=31
 Settings: enable_bitmapscan = 'off', enable_seqscan = 'off', max_parallel_workers_per_gather = '0'
 Planning:
   Buffers: shared hit=77 read=24
 Planning Time: 5.673 ms
 Execution Time: 2.744 ms
(12 rows)

SET
SET
SET
SET
SET
                                             QUERY PLAN                                             
----------------------------------------------------------------------------------------------------
 Index Scan using idx on public.t (actual rows=256.00 loops=1)
   Output: a, b
   Index Cond: ((t.a >= '-25180'::integer) AND (t.a <= '-25165'::integer))
   Index Searches: 1
   Buffers: shared hit=191
 Settings: enable_bitmapscan = 'off', enable_seqscan = 'off', max_parallel_workers_per_gather = '0'
 Planning:
   Buffers: shared hit=106
 Planning Time: 0.319 ms
 Execution Time: 0.145 ms
(10 rows)

