SET
SET
SET
SET
SET
                                             QUERY PLAN                                             
----------------------------------------------------------------------------------------------------
 Index Scan using idx on public.t (actual rows=2048.00 loops=1)
   Output: a, b
   Index Cond: ((t.a >= 1087) AND (t.a <= 3134))
   Index Searches: 1
   Prefetch: distance=2.299 count=67 stalls=1886 skipped=84 resets=0 ungets=0 forwarded=0
             histogram [2,4) => 60, [4,8) => 7
   Buffers: shared hit=1927 read=49
 Settings: enable_bitmapscan = 'off', enable_seqscan = 'off', max_parallel_workers_per_gather = '0'
 Planning:
   Buffers: shared hit=82 read=27
 Planning Time: 6.310 ms
 Execution Time: 3.682 ms
(12 rows)

SET
SET
SET
SET
SET
                                             QUERY PLAN                                             
----------------------------------------------------------------------------------------------------
 Index Scan using idx on public.t (actual rows=2048.00 loops=1)
   Output: a, b
   Index Cond: ((t.a >= 1087) AND (t.a <= 3134))
   Index Searches: 1
   Buffers: shared hit=1976
 Settings: enable_bitmapscan = 'off', enable_seqscan = 'off', max_parallel_workers_per_gather = '0'
 Planning:
   Buffers: shared hit=114
 Planning Time: 0.383 ms
 Execution Time: 0.664 ms
(10 rows)

