SET
SET
SET
SET
SET
                                                                          QUERY PLAN                                                                           
---------------------------------------------------------------------------------------------------------------------------------------------------------------
 Index Scan using idx on public.t (actual rows=8048576.00 loops=1)
   Output: a, b
   Index Cond: ((t.a >= 29999) AND (t.a <= 8078574))
   Index Searches: 1
   Prefetch: distance=244.210 count=5381187 stalls=2322491 skipped=347256 resets=0 ungets=2371 forwarded=1208
             histogram [2,4) => 46281, [4,8) => 142, [8,16) => 20, [16,32) => 48, [32,64) => 192, [64,128) => 9173, [128,256) => 2910195, [256,512) => 2415136
   Buffers: shared hit=7626075 read=97240
 Settings: enable_bitmapscan = 'off', enable_seqscan = 'off', max_parallel_workers_per_gather = '0'
 Planning:
   Buffers: shared hit=78 read=27
 Planning Time: 6.536 ms
 Execution Time: 3868.975 ms
(12 rows)

SET
SET
SET
SET
SET
                                             QUERY PLAN                                             
----------------------------------------------------------------------------------------------------
 Index Scan using idx on public.t (actual rows=8048576.00 loops=1)
   Output: a, b
   Index Cond: ((t.a >= 29999) AND (t.a <= 8078574))
   Index Searches: 1
   Buffers: shared hit=7723317
 Settings: enable_bitmapscan = 'off', enable_seqscan = 'off', max_parallel_workers_per_gather = '0'
 Planning:
   Buffers: shared hit=110
 Planning Time: 0.453 ms
 Execution Time: 2264.888 ms
(10 rows)

