SET
SET
SET
SET
SET
                                             QUERY PLAN                                             
----------------------------------------------------------------------------------------------------
 Index Scan using idx on public.t (actual rows=512.00 loops=1)
   Output: a, b
   Index Cond: ((t.a >= '-10610'::integer) AND (t.a <= '-10579'::integer))
   Index Searches: 1
   Prefetch: distance=2.000 count=6 stalls=255 skipped=97 resets=0 ungets=0 forwarded=0
             histogram [2,4) => 6
   Buffers: shared hit=348 read=32
 Settings: enable_bitmapscan = 'off', enable_seqscan = 'off', max_parallel_workers_per_gather = '0'
 Planning:
   Buffers: shared hit=81 read=28
 Planning Time: 5.894 ms
 Execution Time: 2.261 ms
(12 rows)

SET
SET
SET
SET
SET
                                             QUERY PLAN                                             
----------------------------------------------------------------------------------------------------
 Index Scan using idx on public.t (actual rows=512.00 loops=1)
   Output: a, b
   Index Cond: ((t.a >= '-10610'::integer) AND (t.a <= '-10579'::integer))
   Index Searches: 1
   Buffers: shared hit=380
 Settings: enable_bitmapscan = 'off', enable_seqscan = 'off', max_parallel_workers_per_gather = '0'
 Planning:
   Buffers: shared hit=114
 Planning Time: 0.357 ms
 Execution Time: 0.209 ms
(10 rows)

