SET
SET
SET
SET
SET
                                             QUERY PLAN                                             
----------------------------------------------------------------------------------------------------
 Index Scan using idx on public.t (actual rows=1024.00 loops=1)
   Output: a, b
   Index Cond: ((t.a >= '-15493'::integer) AND (t.a <= '-15430'::integer))
   Index Searches: 1
   Prefetch: distance=2.000 count=18 stalls=508 skipped=174 resets=0 ungets=0 forwarded=0
             histogram [2,4) => 18
   Buffers: shared hit=724 read=41
 Settings: enable_bitmapscan = 'off', enable_seqscan = 'off', max_parallel_workers_per_gather = '0'
 Planning:
   Buffers: shared hit=77 read=24
 Planning Time: 5.592 ms
 Execution Time: 3.721 ms
(12 rows)

SET
SET
SET
SET
SET
                                             QUERY PLAN                                             
----------------------------------------------------------------------------------------------------
 Index Scan using idx on public.t (actual rows=1024.00 loops=1)
   Output: a, b
   Index Cond: ((t.a >= '-15493'::integer) AND (t.a <= '-15430'::integer))
   Index Searches: 1
   Buffers: shared hit=765
 Settings: enable_bitmapscan = 'off', enable_seqscan = 'off', max_parallel_workers_per_gather = '0'
 Planning:
   Buffers: shared hit=106
 Planning Time: 0.333 ms
 Execution Time: 0.338 ms
(10 rows)

