SET
SET
SET
SET
SET
                                             QUERY PLAN                                             
----------------------------------------------------------------------------------------------------
 Index Scan using idx on public.t (actual rows=4096.00 loops=1)
   Output: a, b
   Index Cond: ((t.a >= '-8351'::integer) AND (t.a <= '-8096'::integer))
   Index Searches: 1
   Prefetch: distance=2.033 count=91 stalls=2755 skipped=1007 resets=0 ungets=0 forwarded=0
             histogram [2,4) => 90, [4,8) => 1
   Buffers: shared hit=2957 read=85
 Settings: enable_bitmapscan = 'off', enable_seqscan = 'off', max_parallel_workers_per_gather = '0'
 Planning:
   Buffers: shared hit=81 read=28
 Planning Time: 6.551 ms
 Execution Time: 8.169 ms
(12 rows)

SET
SET
SET
SET
SET
                                             QUERY PLAN                                             
----------------------------------------------------------------------------------------------------
 Index Scan using idx on public.t (actual rows=4096.00 loops=1)
   Output: a, b
   Index Cond: ((t.a >= '-8351'::integer) AND (t.a <= '-8096'::integer))
   Index Searches: 1
   Buffers: shared hit=3042
 Settings: enable_bitmapscan = 'off', enable_seqscan = 'off', max_parallel_workers_per_gather = '0'
 Planning:
   Buffers: shared hit=114
 Planning Time: 0.344 ms
 Execution Time: 1.198 ms
(10 rows)

