SET
SET
SET
SET
SET
                                             QUERY PLAN                                             
----------------------------------------------------------------------------------------------------
 Index Scan using idx on public.t (actual rows=1024.00 loops=1)
   Output: a, b
   Index Cond: ((t.a >= 18578) AND (t.a <= 19601))
   Index Searches: 1
   Prefetch: distance=2.000 count=18 stalls=884 skipped=34 resets=0 ungets=0 forwarded=0
             histogram [2,4) => 18
   Buffers: shared hit=957 read=39
 Settings: enable_bitmapscan = 'off', enable_seqscan = 'off', max_parallel_workers_per_gather = '0'
 Planning:
   Buffers: shared hit=82 read=27
 Planning Time: 6.480 ms
 Execution Time: 4.018 ms
(12 rows)

SET
SET
SET
SET
SET
                                             QUERY PLAN                                             
----------------------------------------------------------------------------------------------------
 Index Scan using idx on public.t (actual rows=1024.00 loops=1)
   Output: a, b
   Index Cond: ((t.a >= 18578) AND (t.a <= 19601))
   Index Searches: 1
   Buffers: shared hit=996
 Settings: enable_bitmapscan = 'off', enable_seqscan = 'off', max_parallel_workers_per_gather = '0'
 Planning:
   Buffers: shared hit=114
 Planning Time: 0.360 ms
 Execution Time: 0.360 ms
(10 rows)

