SET
SET
SET
SET
SET
                                             QUERY PLAN                                             
----------------------------------------------------------------------------------------------------
 Index Scan using idx on public.t (actual rows=4096.00 loops=1)
   Output: a, b
   Index Cond: ((t.a >= 4607) AND (t.a <= 8702))
   Index Searches: 1
   Prefetch: distance=2.038 count=79 stalls=3683 skipped=183 resets=0 ungets=0 forwarded=0
             histogram [2,4) => 78, [4,8) => 1
   Buffers: shared hit=3849 read=78
 Settings: enable_bitmapscan = 'off', enable_seqscan = 'off', max_parallel_workers_per_gather = '0'
 Planning:
   Buffers: shared hit=82 read=27
 Planning Time: 6.127 ms
 Execution Time: 5.680 ms
(12 rows)

SET
SET
SET
SET
SET
                                             QUERY PLAN                                             
----------------------------------------------------------------------------------------------------
 Index Scan using idx on public.t (actual rows=4096.00 loops=1)
   Output: a, b
   Index Cond: ((t.a >= 4607) AND (t.a <= 8702))
   Index Searches: 1
   Buffers: shared hit=3927
 Settings: enable_bitmapscan = 'off', enable_seqscan = 'off', max_parallel_workers_per_gather = '0'
 Planning:
   Buffers: shared hit=114
 Planning Time: 0.372 ms
 Execution Time: 1.326 ms
(10 rows)

