SET
SET
SET
SET
SET
                                             QUERY PLAN                                             
----------------------------------------------------------------------------------------------------
 Index Scan Backward using idx on public.t (actual rows=4096.00 loops=1)
   Output: a, b
   Index Cond: ((t.a >= 28509) AND (t.a <= 32604))
   Index Searches: 1
   Prefetch: distance=2.121 count=91 stalls=3820 skipped=156 resets=0 ungets=0 forwarded=0
             histogram [2,4) => 88, [4,8) => 3
   Buffers: shared hit=3880 read=78
 Settings: enable_bitmapscan = 'off', enable_seqscan = 'off', max_parallel_workers_per_gather = '0'
 Planning:
   Buffers: shared hit=86 read=27
 Planning Time: 6.541 ms
 Execution Time: 10.001 ms
(12 rows)

SET
SET
SET
SET
SET
                                             QUERY PLAN                                             
----------------------------------------------------------------------------------------------------
 Index Scan Backward using idx on public.t (actual rows=4096.00 loops=1)
   Output: a, b
   Index Cond: ((t.a >= 28509) AND (t.a <= 32604))
   Index Searches: 1
   Buffers: shared hit=3958
 Settings: enable_bitmapscan = 'off', enable_seqscan = 'off', max_parallel_workers_per_gather = '0'
 Planning:
   Buffers: shared hit=118
 Planning Time: 0.368 ms
 Execution Time: 1.250 ms
(10 rows)

