SET
SET
SET
SET
SET
                                             QUERY PLAN                                             
----------------------------------------------------------------------------------------------------
 Index Scan Backward using idx on public.t (actual rows=4096.00 loops=1)
   Output: a, b
   Index Cond: ((t.a >= 13948) AND (t.a <= 18043))
   Index Searches: 1
   Prefetch: distance=2.000 count=80 stalls=3736 skipped=172 resets=0 ungets=0 forwarded=0
             histogram [2,4) => 80
   Buffers: shared hit=3864 read=75
 Settings: enable_bitmapscan = 'off', enable_seqscan = 'off', max_parallel_workers_per_gather = '0'
 Planning:
   Buffers: shared hit=86 read=27
 Planning Time: 6.338 ms
 Execution Time: 8.653 ms
(12 rows)

SET
SET
SET
SET
SET
                                             QUERY PLAN                                             
----------------------------------------------------------------------------------------------------
 Index Scan Backward using idx on public.t (actual rows=4096.00 loops=1)
   Output: a, b
   Index Cond: ((t.a >= 13948) AND (t.a <= 18043))
   Index Searches: 1
   Buffers: shared hit=3939
 Settings: enable_bitmapscan = 'off', enable_seqscan = 'off', max_parallel_workers_per_gather = '0'
 Planning:
   Buffers: shared hit=118
 Planning Time: 0.384 ms
 Execution Time: 1.283 ms
(10 rows)

