SET
SET
SET
SET
SET
                                             QUERY PLAN                                             
----------------------------------------------------------------------------------------------------
 Index Scan Backward using idx on public.t (actual rows=2048.00 loops=1)
   Output: a, b
   Index Cond: ((t.a >= 15993) AND (t.a <= 18040))
   Index Searches: 1
   Prefetch: distance=2.000 count=42 stalls=1813 skipped=88 resets=0 ungets=0 forwarded=0
             histogram [2,4) => 42
   Buffers: shared hit=1920 read=51
 Settings: enable_bitmapscan = 'off', enable_seqscan = 'off', max_parallel_workers_per_gather = '0'
 Planning:
   Buffers: shared hit=86 read=27
 Planning Time: 6.320 ms
 Execution Time: 5.736 ms
(12 rows)

SET
SET
SET
SET
SET
                                             QUERY PLAN                                             
----------------------------------------------------------------------------------------------------
 Index Scan Backward using idx on public.t (actual rows=2048.00 loops=1)
   Output: a, b
   Index Cond: ((t.a >= 15993) AND (t.a <= 18040))
   Index Searches: 1
   Buffers: shared hit=1971
 Settings: enable_bitmapscan = 'off', enable_seqscan = 'off', max_parallel_workers_per_gather = '0'
 Planning:
   Buffers: shared hit=118
 Planning Time: 0.514 ms
 Execution Time: 0.861 ms
(10 rows)

