SET
SET
SET
SET
SET
                                                                     QUERY PLAN                                                                     
----------------------------------------------------------------------------------------------------------------------------------------------------
 Index Scan Backward using idx on public.t (actual rows=1048576.00 loops=1)
   Output: a, b
   Index Cond: ((t.a >= 5512) AND (t.a <= 1054087))
   Index Searches: 1
   Prefetch: distance=252.915 count=1006092 stalls=5 skipped=45182 resets=0 ungets=2709 forwarded=689
             histogram [2,4) => 8, [4,8) => 6, [8,16) => 9, [16,32) => 14, [32,64) => 28, [64,128) => 486, [128,256) => 438472, [256,512) => 567069
   Buffers: shared hit=993568 read=12693
 Settings: enable_bitmapscan = 'off', enable_seqscan = 'off', max_parallel_workers_per_gather = '0'
 Planning:
   Buffers: shared hit=82 read=27
 Planning Time: 6.649 ms
 Execution Time: 846.368 ms
(12 rows)

SET
SET
SET
SET
SET
                                             QUERY PLAN                                             
----------------------------------------------------------------------------------------------------
 Index Scan Backward using idx on public.t (actual rows=1048576.00 loops=1)
   Output: a, b
   Index Cond: ((t.a >= 5512) AND (t.a <= 1054087))
   Index Searches: 1
   Buffers: shared hit=1006265
 Settings: enable_bitmapscan = 'off', enable_seqscan = 'off', max_parallel_workers_per_gather = '0'
 Planning:
   Buffers: shared hit=114
 Planning Time: 0.514 ms
 Execution Time: 311.353 ms
(10 rows)

