SET
SET
SET
SET
SET
                                                                       QUERY PLAN                                                                       
--------------------------------------------------------------------------------------------------------------------------------------------------------
 Index Scan Backward using idx on public.t (actual rows=9048576.00 loops=1)
   Output: a, b
   Index Cond: ((t.a >= 26780) AND (t.a <= 9075355))
   Index Searches: 1
   Prefetch: distance=252.949 count=8682681 stalls=2 skipped=390404 resets=0 ungets=24529 forwarded=6217
             histogram [2,4) => 4, [4,8) => 4, [8,16) => 10, [16,32) => 23, [32,64) => 74, [64,128) => 3155, [128,256) => 3763459, [256,512) => 4915952
   Buffers: shared hit=8573539 read=109316
 Settings: enable_bitmapscan = 'off', enable_seqscan = 'off', max_parallel_workers_per_gather = '0'
 Planning:
   Buffers: shared hit=82 read=27
 Planning Time: 6.550 ms
 Execution Time: 7196.900 ms
(12 rows)

SET
SET
SET
SET
SET
                                             QUERY PLAN                                             
----------------------------------------------------------------------------------------------------
 Index Scan Backward using idx on public.t (actual rows=9048576.00 loops=1)
   Output: a, b
   Index Cond: ((t.a >= 26780) AND (t.a <= 9075355))
   Index Searches: 1
   Buffers: shared hit=8682901
 Settings: enable_bitmapscan = 'off', enable_seqscan = 'off', max_parallel_workers_per_gather = '0'
 Planning:
   Buffers: shared hit=114
 Planning Time: 0.410 ms
 Execution Time: 2577.199 ms
(10 rows)

