SET
SET
SET
SET
SET
                                             QUERY PLAN                                             
----------------------------------------------------------------------------------------------------
 Index Scan Backward using idx on public.t (actual rows=4096.00 loops=1)
   Output: a, b
   Index Cond: ((t.a >= 23331) AND (t.a <= 27426))
   Index Searches: 1
   Prefetch: distance=2.000 count=70 stalls=3525 skipped=160 resets=0 ungets=0 forwarded=0
             histogram [2,4) => 70
   Buffers: shared hit=3861 read=76
 Settings: enable_bitmapscan = 'off', enable_seqscan = 'off', max_parallel_workers_per_gather = '0'
 Planning:
   Buffers: shared hit=86 read=27
 Planning Time: 6.251 ms
 Execution Time: 9.060 ms
(12 rows)

SET
SET
SET
SET
SET
                                             QUERY PLAN                                             
----------------------------------------------------------------------------------------------------
 Index Scan Backward using idx on public.t (actual rows=4096.00 loops=1)
   Output: a, b
   Index Cond: ((t.a >= 23331) AND (t.a <= 27426))
   Index Searches: 1
   Buffers: shared hit=3937
 Settings: enable_bitmapscan = 'off', enable_seqscan = 'off', max_parallel_workers_per_gather = '0'
 Planning:
   Buffers: shared hit=118
 Planning Time: 0.404 ms
 Execution Time: 1.290 ms
(10 rows)

