SET
SET
SET
SET
SET
                                             QUERY PLAN                                             
----------------------------------------------------------------------------------------------------
 Index Scan Backward using idx on public.t (actual rows=512.00 loops=1)
   Output: a, b
   Index Cond: ((t.a >= 26785) AND (t.a <= 27296))
   Index Searches: 1
   Prefetch: distance=2.176 count=17 stalls=397 skipped=17 resets=0 ungets=0 forwarded=0
             histogram [2,4) => 16, [4,8) => 1
   Buffers: shared hit=464 read=34
 Settings: enable_bitmapscan = 'off', enable_seqscan = 'off', max_parallel_workers_per_gather = '0'
 Planning:
   Buffers: shared hit=81 read=27
 Planning Time: 6.058 ms
 Execution Time: 3.535 ms
(12 rows)

SET
SET
SET
SET
SET
                                             QUERY PLAN                                             
----------------------------------------------------------------------------------------------------
 Index Scan Backward using idx on public.t (actual rows=512.00 loops=1)
   Output: a, b
   Index Cond: ((t.a >= 26785) AND (t.a <= 27296))
   Index Searches: 1
   Buffers: shared hit=498
 Settings: enable_bitmapscan = 'off', enable_seqscan = 'off', max_parallel_workers_per_gather = '0'
 Planning:
   Buffers: shared hit=113
 Planning Time: 0.347 ms
 Execution Time: 0.223 ms
(10 rows)

