SET
SET
SET
SET
SET
                                             QUERY PLAN                                             
----------------------------------------------------------------------------------------------------
 Index Scan Backward using idx on public.t (actual rows=1024.00 loops=1)
   Output: a, b
   Index Cond: ((t.a >= 3060) AND (t.a <= 4083))
   Index Searches: 1
   Prefetch: distance=3.102 count=59 stalls=908 skipped=41 resets=0 ungets=0 forwarded=0
             histogram [2,4) => 39, [4,8) => 19, [8,16) => 1
   Buffers: shared hit=951 read=40
 Settings: enable_bitmapscan = 'off', enable_seqscan = 'off', max_parallel_workers_per_gather = '0'
 Planning:
   Buffers: shared hit=81 read=27
 Planning Time: 6.426 ms
 Execution Time: 3.821 ms
(12 rows)

SET
SET
SET
SET
SET
                                             QUERY PLAN                                             
----------------------------------------------------------------------------------------------------
 Index Scan Backward using idx on public.t (actual rows=1024.00 loops=1)
   Output: a, b
   Index Cond: ((t.a >= 3060) AND (t.a <= 4083))
   Index Searches: 1
   Buffers: shared hit=991
 Settings: enable_bitmapscan = 'off', enable_seqscan = 'off', max_parallel_workers_per_gather = '0'
 Planning:
   Buffers: shared hit=113
 Planning Time: 0.358 ms
 Execution Time: 0.355 ms
(10 rows)

