SET
SET
SET
SET
SET
                                                                QUERY PLAN                                                                 
-------------------------------------------------------------------------------------------------------------------------------------------
 Index Scan using idx on public.t (actual rows=256.00 loops=1)
   Output: a, b
   Index Cond: ((t.a >= '-13369'::integer) AND (t.a <= '-13354'::integer))
   Index Searches: 1
   Prefetch: distance=139.332 count=187 stalls=1 skipped=62 resets=0 ungets=5 forwarded=12
             histogram [2,4) => 3, [4,8) => 6, [8,16) => 11, [16,32) => 17, [32,64) => 26, [64,128) => 45, [128,256) => 9, [256,512) => 70
   Buffers: shared hit=168 read=31
 Settings: enable_bitmapscan = 'off', enable_seqscan = 'off', max_parallel_workers_per_gather = '0'
 Planning:
   Buffers: shared hit=77 read=24
 Planning Time: 5.762 ms
 Execution Time: 2.518 ms
(12 rows)

SET
SET
SET
SET
SET
                                             QUERY PLAN                                             
----------------------------------------------------------------------------------------------------
 Index Scan using idx on public.t (actual rows=256.00 loops=1)
   Output: a, b
   Index Cond: ((t.a >= '-13369'::integer) AND (t.a <= '-13354'::integer))
   Index Searches: 1
   Buffers: shared hit=199
 Settings: enable_bitmapscan = 'off', enable_seqscan = 'off', max_parallel_workers_per_gather = '0'
 Planning:
   Buffers: shared hit=106
 Planning Time: 0.313 ms
 Execution Time: 0.143 ms
(10 rows)

