SET
SET
SET
SET
SET
                                             QUERY PLAN                                             
----------------------------------------------------------------------------------------------------
 Index Scan using idx on public.t (actual rows=1024.00 loops=1)
   Output: a, b
   Index Cond: ((t.a >= '-2697'::integer) AND (t.a <= '-2634'::integer))
   Index Searches: 1
   Prefetch: distance=2.000 count=18 stalls=611 skipped=213 resets=0 ungets=0 forwarded=0
             histogram [2,4) => 18
   Buffers: shared hit=735 read=39
 Settings: enable_bitmapscan = 'off', enable_seqscan = 'off', max_parallel_workers_per_gather = '0'
 Planning:
   Buffers: shared hit=81 read=28
 Planning Time: 6.241 ms
 Execution Time: 4.115 ms
(12 rows)

SET
SET
SET
SET
SET
                                             QUERY PLAN                                             
----------------------------------------------------------------------------------------------------
 Index Scan using idx on public.t (actual rows=1024.00 loops=1)
   Output: a, b
   Index Cond: ((t.a >= '-2697'::integer) AND (t.a <= '-2634'::integer))
   Index Searches: 1
   Buffers: shared hit=774
 Settings: enable_bitmapscan = 'off', enable_seqscan = 'off', max_parallel_workers_per_gather = '0'
 Planning:
   Buffers: shared hit=114
 Planning Time: 0.331 ms
 Execution Time: 0.426 ms
(10 rows)

