SET
SET
SET
SET
SET
                                             QUERY PLAN                                             
----------------------------------------------------------------------------------------------------
 Index Scan using idx on public.t (actual rows=4096.00 loops=1)
   Output: a, b
   Index Cond: ((t.a >= '-6892'::integer) AND (t.a <= '-6637'::integer))
   Index Searches: 1
   Prefetch: distance=2.000 count=86 stalls=2713 skipped=974 resets=0 ungets=0 forwarded=0
             histogram [2,4) => 86
   Buffers: shared hit=2966 read=84
 Settings: enable_bitmapscan = 'off', enable_seqscan = 'off', max_parallel_workers_per_gather = '0'
 Planning:
   Buffers: shared hit=81 read=28
 Planning Time: 6.256 ms
 Execution Time: 8.697 ms
(12 rows)

SET
SET
SET
SET
SET
                                             QUERY PLAN                                             
----------------------------------------------------------------------------------------------------
 Index Scan using idx on public.t (actual rows=4096.00 loops=1)
   Output: a, b
   Index Cond: ((t.a >= '-6892'::integer) AND (t.a <= '-6637'::integer))
   Index Searches: 1
   Buffers: shared hit=3050
 Settings: enable_bitmapscan = 'off', enable_seqscan = 'off', max_parallel_workers_per_gather = '0'
 Planning:
   Buffers: shared hit=114
 Planning Time: 0.344 ms
 Execution Time: 1.041 ms
(10 rows)

