SET
SET
SET
SET
SET
                                             QUERY PLAN                                             
----------------------------------------------------------------------------------------------------
 Index Scan Backward using idx on public.t (actual rows=4096.00 loops=1)
   Output: a, b
   Index Cond: ((t.a >= 22120) AND (t.a <= 22375))
   Index Searches: 1
   Prefetch: distance=2.059 count=102 stalls=2927 skipped=1016 resets=0 ungets=0 forwarded=0
             histogram [2,4) => 100, [4,8) => 2
   Buffers: shared hit=3000 read=87
 Settings: enable_bitmapscan = 'off', enable_seqscan = 'off', max_parallel_workers_per_gather = '0'
 Planning:
   Buffers: shared hit=82 read=23
 Planning Time: 6.376 ms
 Execution Time: 10.354 ms
(12 rows)

SET
SET
SET
SET
SET
                                             QUERY PLAN                                             
----------------------------------------------------------------------------------------------------
 Index Scan Backward using idx on public.t (actual rows=4096.00 loops=1)
   Output: a, b
   Index Cond: ((t.a >= 22120) AND (t.a <= 22375))
   Index Searches: 1
   Buffers: shared hit=3087
 Settings: enable_bitmapscan = 'off', enable_seqscan = 'off', max_parallel_workers_per_gather = '0'
 Planning:
   Buffers: shared hit=110
 Planning Time: 0.323 ms
 Execution Time: 1.189 ms
(10 rows)

