SET
SET
SET
SET
SET
                                             QUERY PLAN                                             
----------------------------------------------------------------------------------------------------
 Index Scan Backward using idx on public.t (actual rows=1024.00 loops=1)
   Output: a, b
   Index Cond: ((t.a >= 21137) AND (t.a <= 22160))
   Index Searches: 1
   Prefetch: distance=2.000 count=10 stalls=727 skipped=48 resets=0 ungets=0 forwarded=0
             histogram [2,4) => 10
   Buffers: shared hit=938 read=38
 Settings: enable_bitmapscan = 'off', enable_seqscan = 'off', max_parallel_workers_per_gather = '0'
 Planning:
   Buffers: shared hit=81 read=27
 Planning Time: 6.131 ms
 Execution Time: 4.345 ms
(12 rows)

SET
SET
SET
SET
SET
                                             QUERY PLAN                                             
----------------------------------------------------------------------------------------------------
 Index Scan Backward using idx on public.t (actual rows=1024.00 loops=1)
   Output: a, b
   Index Cond: ((t.a >= 21137) AND (t.a <= 22160))
   Index Searches: 1
   Buffers: shared hit=976
 Settings: enable_bitmapscan = 'off', enable_seqscan = 'off', max_parallel_workers_per_gather = '0'
 Planning:
   Buffers: shared hit=113
 Planning Time: 0.358 ms
 Execution Time: 0.349 ms
(10 rows)

