SET
SET
SET
SET
SET
                                             QUERY PLAN                                             
----------------------------------------------------------------------------------------------------
 Index Scan Backward using idx on public.t (actual rows=2048.00 loops=1)
   Output: a, b
   Index Cond: ((t.a >= 24384) AND (t.a <= 26431))
   Index Searches: 1
   Prefetch: distance=2.097 count=31 stalls=1647 skipped=84 resets=0 ungets=0 forwarded=0
             histogram [2,4) => 30, [4,8) => 1
   Buffers: shared hit=1917 read=52
 Settings: enable_bitmapscan = 'off', enable_seqscan = 'off', max_parallel_workers_per_gather = '0'
 Planning:
   Buffers: shared hit=81 read=27
 Planning Time: 6.341 ms
 Execution Time: 4.821 ms
(12 rows)

SET
SET
SET
SET
SET
                                             QUERY PLAN                                             
----------------------------------------------------------------------------------------------------
 Index Scan Backward using idx on public.t (actual rows=2048.00 loops=1)
   Output: a, b
   Index Cond: ((t.a >= 24384) AND (t.a <= 26431))
   Index Searches: 1
   Buffers: shared hit=1969
 Settings: enable_bitmapscan = 'off', enable_seqscan = 'off', max_parallel_workers_per_gather = '0'
 Planning:
   Buffers: shared hit=113
 Planning Time: 0.336 ms
 Execution Time: 0.615 ms
(10 rows)

