SET
SET
SET
SET
SET
                                                                        QUERY PLAN                                                                         
-----------------------------------------------------------------------------------------------------------------------------------------------------------
 Index Scan Backward using idx on public.t (actual rows=3048576.00 loops=1)
   Output: a, b
   Index Cond: ((t.a >= 22474) AND (t.a <= 3071049))
   Index Searches: 1
   Prefetch: distance=161.528 count=203206 stalls=2713227 skipped=132179 resets=0 ungets=36 forwarded=11
             histogram [2,4) => 54065, [4,8) => 193, [8,16) => 20, [16,32) => 63, [32,64) => 95, [64,128) => 3286, [128,256) => 116224, [256,512) => 29260
   Buffers: shared hit=2887884 read=36849
 Settings: enable_bitmapscan = 'off', enable_seqscan = 'off', max_parallel_workers_per_gather = '0'
 Planning:
   Buffers: shared hit=77 read=27
 Planning Time: 6.249 ms
 Execution Time: 2229.011 ms
(12 rows)

SET
SET
SET
SET
SET
                                             QUERY PLAN                                             
----------------------------------------------------------------------------------------------------
 Index Scan Backward using idx on public.t (actual rows=3048576.00 loops=1)
   Output: a, b
   Index Cond: ((t.a >= 22474) AND (t.a <= 3071049))
   Index Searches: 1
   Buffers: shared hit=2924733
 Settings: enable_bitmapscan = 'off', enable_seqscan = 'off', max_parallel_workers_per_gather = '0'
 Planning:
   Buffers: shared hit=109
 Planning Time: 0.409 ms
 Execution Time: 878.314 ms
(10 rows)

