SET
SET
SET
SET
SET
                                             QUERY PLAN                                             
----------------------------------------------------------------------------------------------------
 Index Scan Backward using idx on public.t (actual rows=4096.00 loops=1)
   Output: a, b
   Index Cond: ((t.a >= 17621) AND (t.a <= 21716))
   Index Searches: 1
   Prefetch: distance=2.037 count=81 stalls=3748 skipped=172 resets=0 ungets=0 forwarded=0
             histogram [2,4) => 80, [4,8) => 1
   Buffers: shared hit=3857 read=77
 Settings: enable_bitmapscan = 'off', enable_seqscan = 'off', max_parallel_workers_per_gather = '0'
 Planning:
   Buffers: shared hit=81 read=27
 Planning Time: 6.421 ms
 Execution Time: 6.721 ms
(12 rows)

SET
SET
SET
SET
SET
                                             QUERY PLAN                                             
----------------------------------------------------------------------------------------------------
 Index Scan Backward using idx on public.t (actual rows=4096.00 loops=1)
   Output: a, b
   Index Cond: ((t.a >= 17621) AND (t.a <= 21716))
   Index Searches: 1
   Buffers: shared hit=3934
 Settings: enable_bitmapscan = 'off', enable_seqscan = 'off', max_parallel_workers_per_gather = '0'
 Planning:
   Buffers: shared hit=113
 Planning Time: 0.444 ms
 Execution Time: 1.140 ms
(10 rows)

