SET
SET
SET
SET
SET
                                             QUERY PLAN                                             
----------------------------------------------------------------------------------------------------
 Index Scan using idx on public.t (actual rows=1024.00 loops=1)
   Output: a, b
   Index Cond: ((t.a >= 3289) AND (t.a <= 4312))
   Index Searches: 1
   Prefetch: distance=2.000 count=18 stalls=834 skipped=35 resets=0 ungets=0 forwarded=0
             histogram [2,4) => 18
   Buffers: shared hit=949 read=41
 Settings: enable_bitmapscan = 'off', enable_seqscan = 'off', max_parallel_workers_per_gather = '0'
 Planning:
   Buffers: shared hit=85 read=27
 Planning Time: 6.050 ms
 Execution Time: 4.594 ms
(12 rows)

SET
SET
SET
SET
SET
                                             QUERY PLAN                                             
----------------------------------------------------------------------------------------------------
 Index Scan using idx on public.t (actual rows=1024.00 loops=1)
   Output: a, b
   Index Cond: ((t.a >= 3289) AND (t.a <= 4312))
   Index Searches: 1
   Buffers: shared hit=990
 Settings: enable_bitmapscan = 'off', enable_seqscan = 'off', max_parallel_workers_per_gather = '0'
 Planning:
   Buffers: shared hit=117
 Planning Time: 0.370 ms
 Execution Time: 0.348 ms
(10 rows)

