SET
SET
SET
SET
SET
                                                                      QUERY PLAN                                                                       
-------------------------------------------------------------------------------------------------------------------------------------------------------
 Index Scan using idx on public.t (actual rows=5048576.00 loops=1)
   Output: a, b
   Index Cond: ((t.a >= 11171) AND (t.a <= 5059746))
   Index Searches: 1
   Prefetch: distance=250.583 count=4836458 stalls=1 skipped=218239 resets=0 ungets=6135 forwarded=2829
             histogram [2,4) => 2, [4,8) => 4, [8,16) => 8, [16,32) => 19, [32,64) => 22, [64,128) => 2586, [128,256) => 2338930, [256,512) => 2494887
   Buffers: shared hit=4783111 read=61005
 Settings: enable_bitmapscan = 'off', enable_seqscan = 'off', max_parallel_workers_per_gather = '0'
 Planning:
   Buffers: shared hit=81 read=27
 Planning Time: 5.974 ms
 Execution Time: 3175.697 ms
(12 rows)

SET
SET
SET
SET
SET
                                             QUERY PLAN                                             
----------------------------------------------------------------------------------------------------
 Index Scan using idx on public.t (actual rows=5048576.00 loops=1)
   Output: a, b
   Index Cond: ((t.a >= 11171) AND (t.a <= 5059746))
   Index Searches: 1
   Buffers: shared hit=4844136
 Settings: enable_bitmapscan = 'off', enable_seqscan = 'off', max_parallel_workers_per_gather = '0'
 Planning:
   Buffers: shared hit=113
 Planning Time: 0.402 ms
 Execution Time: 1541.628 ms
(10 rows)

