SET
SET
SET
SET
SET
                                                                       QUERY PLAN                                                                       
--------------------------------------------------------------------------------------------------------------------------------------------------------
 Index Scan using idx on public.t (actual rows=6048576.00 loops=1)
   Output: a, b
   Index Cond: ((t.a >= 5216) AND (t.a <= 6053791))
   Index Searches: 1
   Prefetch: distance=250.929 count=5795881 stalls=1 skipped=260951 resets=0 ungets=8259 forwarded=3445
             histogram [2,4) => 2, [4,8) => 3, [8,16) => 10, [16,32) => 9, [32,64) => 135, [64,128) => 3880, [128,256) => 2760978, [256,512) => 3030864
   Buffers: shared hit=5731061 read=73081
 Settings: enable_bitmapscan = 'off', enable_seqscan = 'off', max_parallel_workers_per_gather = '0'
 Planning:
   Buffers: shared hit=81 read=27
 Planning Time: 6.405 ms
 Execution Time: 3770.021 ms
(12 rows)

SET
SET
SET
SET
SET
                                             QUERY PLAN                                             
----------------------------------------------------------------------------------------------------
 Index Scan using idx on public.t (actual rows=6048576.00 loops=1)
   Output: a, b
   Index Cond: ((t.a >= 5216) AND (t.a <= 6053791))
   Index Searches: 1
   Buffers: shared hit=5804158
 Settings: enable_bitmapscan = 'off', enable_seqscan = 'off', max_parallel_workers_per_gather = '0'
 Planning:
   Buffers: shared hit=113
 Planning Time: 0.573 ms
 Execution Time: 1833.354 ms
(10 rows)

