SET
SET
SET
SET
SET
                                             QUERY PLAN                                             
----------------------------------------------------------------------------------------------------
 Index Scan using idx on public.t (actual rows=512.00 loops=1)
   Output: a, b
   Index Cond: ((t.a >= 18664) AND (t.a <= 19175))
   Index Searches: 1
   Prefetch: distance=2.000 count=4 stalls=142 skipped=6 resets=0 ungets=0 forwarded=0
             histogram [2,4) => 4
   Buffers: shared hit=466 read=33
 Settings: enable_bitmapscan = 'off', enable_seqscan = 'off', max_parallel_workers_per_gather = '0'
 Planning:
   Buffers: shared hit=85 read=27
 Planning Time: 6.145 ms
 Execution Time: 4.261 ms
(12 rows)

SET
SET
SET
SET
SET
                                             QUERY PLAN                                             
----------------------------------------------------------------------------------------------------
 Index Scan using idx on public.t (actual rows=512.00 loops=1)
   Output: a, b
   Index Cond: ((t.a >= 18664) AND (t.a <= 19175))
   Index Searches: 1
   Buffers: shared hit=499
 Settings: enable_bitmapscan = 'off', enable_seqscan = 'off', max_parallel_workers_per_gather = '0'
 Planning:
   Buffers: shared hit=117
 Planning Time: 0.362 ms
 Execution Time: 0.223 ms
(10 rows)

