SET
SET
SET
SET
SET
                                             QUERY PLAN                                             
----------------------------------------------------------------------------------------------------
 Index Scan using idx on public.t (actual rows=1024.00 loops=1)
   Output: a, b
   Index Cond: ((t.a >= 5763) AND (t.a <= 6786))
   Index Searches: 1
   Prefetch: distance=2.000 count=32 stalls=896 skipped=47 resets=0 ungets=0 forwarded=0
             histogram [2,4) => 32
   Buffers: shared hit=942 read=41
 Settings: enable_bitmapscan = 'off', enable_seqscan = 'off', max_parallel_workers_per_gather = '0'
 Planning:
   Buffers: shared hit=85 read=27
 Planning Time: 6.741 ms
 Execution Time: 5.007 ms
(12 rows)

SET
SET
SET
SET
SET
                                             QUERY PLAN                                             
----------------------------------------------------------------------------------------------------
 Index Scan using idx on public.t (actual rows=1024.00 loops=1)
   Output: a, b
   Index Cond: ((t.a >= 5763) AND (t.a <= 6786))
   Index Searches: 1
   Buffers: shared hit=983
 Settings: enable_bitmapscan = 'off', enable_seqscan = 'off', max_parallel_workers_per_gather = '0'
 Planning:
   Buffers: shared hit=117
 Planning Time: 0.376 ms
 Execution Time: 0.377 ms
(10 rows)

