SET
SET
SET
SET
SET
                                             QUERY PLAN                                             
----------------------------------------------------------------------------------------------------
 Index Scan using idx on public.t (actual rows=2048.00 loops=1)
   Output: a, b
   Index Cond: ((t.a >= 5787) AND (t.a <= 7834))
   Index Searches: 1
   Prefetch: distance=2.000 count=36 stalls=1567 skipped=80 resets=0 ungets=0 forwarded=0
             histogram [2,4) => 36
   Buffers: shared hit=1909 read=51
 Settings: enable_bitmapscan = 'off', enable_seqscan = 'off', max_parallel_workers_per_gather = '0'
 Planning:
   Buffers: shared hit=85 read=27
 Planning Time: 6.248 ms
 Execution Time: 5.880 ms
(12 rows)

SET
SET
SET
SET
SET
                                             QUERY PLAN                                             
----------------------------------------------------------------------------------------------------
 Index Scan using idx on public.t (actual rows=2048.00 loops=1)
   Output: a, b
   Index Cond: ((t.a >= 5787) AND (t.a <= 7834))
   Index Searches: 1
   Buffers: shared hit=1960
 Settings: enable_bitmapscan = 'off', enable_seqscan = 'off', max_parallel_workers_per_gather = '0'
 Planning:
   Buffers: shared hit=117
 Planning Time: 0.354 ms
 Execution Time: 0.598 ms
(10 rows)

