SET
SET
SET
SET
SET
                                             QUERY PLAN                                             
----------------------------------------------------------------------------------------------------
 Index Scan using idx on public.t (actual rows=1024.00 loops=1)
   Output: a, b
   Index Cond: ((t.a >= 18254) AND (t.a <= 19277))
   Index Searches: 1
   Prefetch: distance=2.214 count=28 stalls=863 skipped=37 resets=0 ungets=0 forwarded=0
             histogram [2,4) => 26, [4,8) => 2
   Buffers: shared hit=951 read=41
 Settings: enable_bitmapscan = 'off', enable_seqscan = 'off', max_parallel_workers_per_gather = '0'
 Planning:
   Buffers: shared hit=85 read=27
 Planning Time: 6.094 ms
 Execution Time: 5.458 ms
(12 rows)

SET
SET
SET
SET
SET
                                             QUERY PLAN                                             
----------------------------------------------------------------------------------------------------
 Index Scan using idx on public.t (actual rows=1024.00 loops=1)
   Output: a, b
   Index Cond: ((t.a >= 18254) AND (t.a <= 19277))
   Index Searches: 1
   Buffers: shared hit=992
 Settings: enable_bitmapscan = 'off', enable_seqscan = 'off', max_parallel_workers_per_gather = '0'
 Planning:
   Buffers: shared hit=117
 Planning Time: 0.386 ms
 Execution Time: 0.366 ms
(10 rows)

