SET
SET
SET
SET
SET
                                             QUERY PLAN                                             
----------------------------------------------------------------------------------------------------
 Index Scan using idx on public.t (actual rows=2048.00 loops=1)
   Output: a, b
   Index Cond: ((t.a >= 11250) AND (t.a <= 13297))
   Index Searches: 1
   Prefetch: distance=2.000 count=30 stalls=1618 skipped=62 resets=0 ungets=0 forwarded=0
             histogram [2,4) => 30
   Buffers: shared hit=1930 read=52
 Settings: enable_bitmapscan = 'off', enable_seqscan = 'off', max_parallel_workers_per_gather = '0'
 Planning:
   Buffers: shared hit=85 read=27
 Planning Time: 6.088 ms
 Execution Time: 5.880 ms
(12 rows)

SET
SET
SET
SET
SET
                                             QUERY PLAN                                             
----------------------------------------------------------------------------------------------------
 Index Scan using idx on public.t (actual rows=2048.00 loops=1)
   Output: a, b
   Index Cond: ((t.a >= 11250) AND (t.a <= 13297))
   Index Searches: 1
   Buffers: shared hit=1982
 Settings: enable_bitmapscan = 'off', enable_seqscan = 'off', max_parallel_workers_per_gather = '0'
 Planning:
   Buffers: shared hit=117
 Planning Time: 0.374 ms
 Execution Time: 0.679 ms
(10 rows)

