SET
SET
SET
SET
SET
                                                                 QUERY PLAN                                                                 
--------------------------------------------------------------------------------------------------------------------------------------------
 Index Scan Backward using idx on public.t (actual rows=512.00 loops=1)
   Output: a, b
   Index Cond: ((t.a >= 24665) AND (t.a <= 25176))
   Index Searches: 1
   Prefetch: distance=241.640 count=494 stalls=1 skipped=30 resets=0 ungets=18 forwarded=3
             histogram [2,4) => 2, [4,8) => 3, [8,16) => 10, [16,32) => 16, [32,64) => 8, [64,128) => 2, [128,256) => 116, [256,512) => 337
   Buffers: shared hit=455 read=35
 Settings: enable_bitmapscan = 'off', enable_seqscan = 'off', max_parallel_workers_per_gather = '0'
 Planning:
   Buffers: shared hit=81 read=27
 Planning Time: 6.550 ms
 Execution Time: 2.926 ms
(12 rows)

SET
SET
SET
SET
SET
                                             QUERY PLAN                                             
----------------------------------------------------------------------------------------------------
 Index Scan Backward using idx on public.t (actual rows=512.00 loops=1)
   Output: a, b
   Index Cond: ((t.a >= 24665) AND (t.a <= 25176))
   Index Searches: 1
   Buffers: shared hit=490
 Settings: enable_bitmapscan = 'off', enable_seqscan = 'off', max_parallel_workers_per_gather = '0'
 Planning:
   Buffers: shared hit=113
 Planning Time: 0.361 ms
 Execution Time: 0.236 ms
(10 rows)

