SET
SET
SET
SET
SET
                                             QUERY PLAN                                             
----------------------------------------------------------------------------------------------------
 Index Scan Backward using idx on public.t (actual rows=1024.00 loops=1)
   Output: a, b
   Index Cond: ((t.a >= 5670) AND (t.a <= 6693))
   Index Searches: 1
   Prefetch: distance=2.000 count=14 stalls=645 skipped=31 resets=0 ungets=0 forwarded=0
             histogram [2,4) => 14
   Buffers: shared hit=947 read=39
 Settings: enable_bitmapscan = 'off', enable_seqscan = 'off', max_parallel_workers_per_gather = '0'
 Planning:
   Buffers: shared hit=81 read=27
 Planning Time: 6.727 ms
 Execution Time: 3.784 ms
(12 rows)

SET
SET
SET
SET
SET
                                             QUERY PLAN                                             
----------------------------------------------------------------------------------------------------
 Index Scan Backward using idx on public.t (actual rows=1024.00 loops=1)
   Output: a, b
   Index Cond: ((t.a >= 5670) AND (t.a <= 6693))
   Index Searches: 1
   Buffers: shared hit=986
 Settings: enable_bitmapscan = 'off', enable_seqscan = 'off', max_parallel_workers_per_gather = '0'
 Planning:
   Buffers: shared hit=113
 Planning Time: 0.343 ms
 Execution Time: 0.357 ms
(10 rows)

