SET
SET
SET
SET
SET
                                             QUERY PLAN                                             
----------------------------------------------------------------------------------------------------
 Index Scan Backward using idx on public.t (actual rows=256.00 loops=1)
   Output: a, b
   Index Cond: ((t.a >= '-13721'::integer) AND (t.a <= '-13706'::integer))
   Index Searches: 1
   Prefetch: distance=2.000 count=2 stalls=116 skipped=37 resets=0 ungets=0 forwarded=0
             histogram [2,4) => 2
   Buffers: shared hit=172 read=30
 Settings: enable_bitmapscan = 'off', enable_seqscan = 'off', max_parallel_workers_per_gather = '0'
 Planning:
   Buffers: shared hit=81 read=24
 Planning Time: 5.785 ms
 Execution Time: 3.628 ms
(12 rows)

SET
SET
SET
SET
SET
                                             QUERY PLAN                                             
----------------------------------------------------------------------------------------------------
 Index Scan Backward using idx on public.t (actual rows=256.00 loops=1)
   Output: a, b
   Index Cond: ((t.a >= '-13721'::integer) AND (t.a <= '-13706'::integer))
   Index Searches: 1
   Buffers: shared hit=202
 Settings: enable_bitmapscan = 'off', enable_seqscan = 'off', max_parallel_workers_per_gather = '0'
 Planning:
   Buffers: shared hit=110
 Planning Time: 0.330 ms
 Execution Time: 0.155 ms
(10 rows)

