SET
SET
SET
SET
SET
                                             QUERY PLAN                                             
----------------------------------------------------------------------------------------------------
 Index Scan Backward using idx on public.t (actual rows=1024.00 loops=1)
   Output: a, b
   Index Cond: ((t.a >= '-8456'::integer) AND (t.a <= '-8393'::integer))
   Index Searches: 1
   Prefetch: distance=2.000 count=20 stalls=596 skipped=210 resets=0 ungets=0 forwarded=0
             histogram [2,4) => 20
   Buffers: shared hit=729 read=42
 Settings: enable_bitmapscan = 'off', enable_seqscan = 'off', max_parallel_workers_per_gather = '0'
 Planning:
   Buffers: shared hit=85 read=28
 Planning Time: 6.202 ms
 Execution Time: 4.391 ms
(12 rows)

SET
SET
SET
SET
SET
                                             QUERY PLAN                                             
----------------------------------------------------------------------------------------------------
 Index Scan Backward using idx on public.t (actual rows=1024.00 loops=1)
   Output: a, b
   Index Cond: ((t.a >= '-8456'::integer) AND (t.a <= '-8393'::integer))
   Index Searches: 1
   Buffers: shared hit=771
 Settings: enable_bitmapscan = 'off', enable_seqscan = 'off', max_parallel_workers_per_gather = '0'
 Planning:
   Buffers: shared hit=118
 Planning Time: 0.355 ms
 Execution Time: 0.338 ms
(10 rows)

