SET
SET
SET
SET
SET
                                             QUERY PLAN                                             
----------------------------------------------------------------------------------------------------
 Index Scan Backward using idx on public.t (actual rows=4096.00 loops=1)
   Output: a, b
   Index Cond: ((t.a >= '-8350'::integer) AND (t.a <= '-8095'::integer))
   Index Searches: 1
   Prefetch: distance=2.000 count=92 stalls=2777 skipped=1020 resets=0 ungets=0 forwarded=0
             histogram [2,4) => 92
   Buffers: shared hit=2956 read=85
 Settings: enable_bitmapscan = 'off', enable_seqscan = 'off', max_parallel_workers_per_gather = '0'
 Planning:
   Buffers: shared hit=85 read=28
 Planning Time: 6.320 ms
 Execution Time: 5.952 ms
(12 rows)

SET
SET
SET
SET
SET
                                             QUERY PLAN                                             
----------------------------------------------------------------------------------------------------
 Index Scan Backward using idx on public.t (actual rows=4096.00 loops=1)
   Output: a, b
   Index Cond: ((t.a >= '-8350'::integer) AND (t.a <= '-8095'::integer))
   Index Searches: 1
   Buffers: shared hit=3041
 Settings: enable_bitmapscan = 'off', enable_seqscan = 'off', max_parallel_workers_per_gather = '0'
 Planning:
   Buffers: shared hit=118
 Planning Time: 0.373 ms
 Execution Time: 1.190 ms
(10 rows)

