SET
SET
SET
SET
SET
                                             QUERY PLAN                                             
----------------------------------------------------------------------------------------------------
 Index Scan Backward using idx on public.t (actual rows=4096.00 loops=1)
   Output: a, b
   Index Cond: ((t.a >= 28241) AND (t.a <= 32336))
   Index Searches: 1
   Prefetch: distance=2.038 count=79 stalls=3780 skipped=148 resets=0 ungets=0 forwarded=0
             histogram [2,4) => 78, [4,8) => 1
   Buffers: shared hit=3885 read=78
 Settings: enable_bitmapscan = 'off', enable_seqscan = 'off', max_parallel_workers_per_gather = '0'
 Planning:
   Buffers: shared hit=81 read=27
 Planning Time: 6.083 ms
 Execution Time: 5.792 ms
(12 rows)

SET
SET
SET
SET
SET
                                             QUERY PLAN                                             
----------------------------------------------------------------------------------------------------
 Index Scan Backward using idx on public.t (actual rows=4096.00 loops=1)
   Output: a, b
   Index Cond: ((t.a >= 28241) AND (t.a <= 32336))
   Index Searches: 1
   Buffers: shared hit=3963
 Settings: enable_bitmapscan = 'off', enable_seqscan = 'off', max_parallel_workers_per_gather = '0'
 Planning:
   Buffers: shared hit=113
 Planning Time: 0.348 ms
 Execution Time: 1.141 ms
(10 rows)

