SET
SET
SET
SET
SET
                                             QUERY PLAN                                             
----------------------------------------------------------------------------------------------------
 Index Scan Backward using idx on public.t (actual rows=1024.00 loops=1)
   Output: a, b
   Index Cond: ((t.a >= 8908) AND (t.a <= 9931))
   Index Searches: 1
   Prefetch: distance=2.286 count=42 stalls=914 skipped=44 resets=0 ungets=0 forwarded=0
             histogram [2,4) => 38, [4,8) => 4
   Buffers: shared hit=949 read=38
 Settings: enable_bitmapscan = 'off', enable_seqscan = 'off', max_parallel_workers_per_gather = '0'
 Planning:
   Buffers: shared hit=81 read=27
 Planning Time: 6.376 ms
 Execution Time: 4.114 ms
(12 rows)

SET
SET
SET
SET
SET
                                             QUERY PLAN                                             
----------------------------------------------------------------------------------------------------
 Index Scan Backward using idx on public.t (actual rows=1024.00 loops=1)
   Output: a, b
   Index Cond: ((t.a >= 8908) AND (t.a <= 9931))
   Index Searches: 1
   Buffers: shared hit=987
 Settings: enable_bitmapscan = 'off', enable_seqscan = 'off', max_parallel_workers_per_gather = '0'
 Planning:
   Buffers: shared hit=113
 Planning Time: 0.367 ms
 Execution Time: 0.379 ms
(10 rows)

