SET
SET
SET
SET
SET
                                                                QUERY PLAN                                                                
------------------------------------------------------------------------------------------------------------------------------------------
 Index Scan Backward using idx on public.t (actual rows=256.00 loops=1)
   Output: a, b
   Index Cond: ((t.a >= 30525) AND (t.a <= 30780))
   Index Searches: 1
   Prefetch: distance=231.609 count=279 stalls=1 skipped=5 resets=0 ungets=30 forwarded=1
             histogram [2,4) => 2, [4,8) => 7, [8,16) => 5, [16,32) => 18, [32,64) => 3, [64,128) => 3, [128,256) => 35, [256,512) => 206
   Buffers: shared hit=226 read=32
 Settings: enable_bitmapscan = 'off', enable_seqscan = 'off', max_parallel_workers_per_gather = '0'
 Planning:
   Buffers: shared hit=81 read=27
 Planning Time: 6.385 ms
 Execution Time: 2.547 ms
(12 rows)

SET
SET
SET
SET
SET
                                             QUERY PLAN                                             
----------------------------------------------------------------------------------------------------
 Index Scan Backward using idx on public.t (actual rows=256.00 loops=1)
   Output: a, b
   Index Cond: ((t.a >= 30525) AND (t.a <= 30780))
   Index Searches: 1
   Buffers: shared hit=258
 Settings: enable_bitmapscan = 'off', enable_seqscan = 'off', max_parallel_workers_per_gather = '0'
 Planning:
   Buffers: shared hit=113
 Planning Time: 0.331 ms
 Execution Time: 0.154 ms
(10 rows)

