SET
SET
SET
SET
SET
                                                                      QUERY PLAN                                                                       
-------------------------------------------------------------------------------------------------------------------------------------------------------
 Index Scan Backward using idx on public.t (actual rows=3048576.00 loops=1)
   Output: a, b
   Index Cond: ((t.a >= 9652) AND (t.a <= 3058227))
   Index Searches: 1
   Prefetch: distance=246.522 count=2917699 stalls=1 skipped=132203 resets=0 ungets=1339 forwarded=674
             histogram [2,4) => 2, [4,8) => 5, [8,16) => 7, [16,32) => 12, [32,64) => 28, [64,128) => 4266, [128,256) => 1588936, [256,512) => 1324443
   Buffers: shared hit=2887857 read=36849
 Settings: enable_bitmapscan = 'off', enable_seqscan = 'off', max_parallel_workers_per_gather = '0'
 Planning:
   Buffers: shared hit=77 read=27
 Planning Time: 6.508 ms
 Execution Time: 2296.646 ms
(12 rows)

SET
SET
SET
SET
SET
                                             QUERY PLAN                                             
----------------------------------------------------------------------------------------------------
 Index Scan Backward using idx on public.t (actual rows=3048576.00 loops=1)
   Output: a, b
   Index Cond: ((t.a >= 9652) AND (t.a <= 3058227))
   Index Searches: 1
   Buffers: shared hit=2924709
 Settings: enable_bitmapscan = 'off', enable_seqscan = 'off', max_parallel_workers_per_gather = '0'
 Planning:
   Buffers: shared hit=109
 Planning Time: 0.412 ms
 Execution Time: 897.625 ms
(10 rows)

