SET
SET
SET
SET
SET
                                             QUERY PLAN                                             
----------------------------------------------------------------------------------------------------
 Index Scan Backward using idx on public.t (actual rows=1024.00 loops=1)
   Output: a, b
   Index Cond: ((t.a >= 27024) AND (t.a <= 28047))
   Index Searches: 1
   Prefetch: distance=2.143 count=21 stalls=753 skipped=42 resets=0 ungets=0 forwarded=0
             histogram [2,4) => 20, [4,8) => 1
   Buffers: shared hit=939 read=42
 Settings: enable_bitmapscan = 'off', enable_seqscan = 'off', max_parallel_workers_per_gather = '0'
 Planning:
   Buffers: shared hit=81 read=27
 Planning Time: 6.233 ms
 Execution Time: 4.095 ms
(12 rows)

SET
SET
SET
SET
SET
                                             QUERY PLAN                                             
----------------------------------------------------------------------------------------------------
 Index Scan Backward using idx on public.t (actual rows=1024.00 loops=1)
   Output: a, b
   Index Cond: ((t.a >= 27024) AND (t.a <= 28047))
   Index Searches: 1
   Buffers: shared hit=981
 Settings: enable_bitmapscan = 'off', enable_seqscan = 'off', max_parallel_workers_per_gather = '0'
 Planning:
   Buffers: shared hit=113
 Planning Time: 0.358 ms
 Execution Time: 0.363 ms
(10 rows)

