SET
SET
SET
SET
SET
                                             QUERY PLAN                                             
----------------------------------------------------------------------------------------------------
 Index Scan Backward using idx on public.t (actual rows=2048.00 loops=1)
   Output: a, b
   Index Cond: ((t.a >= 5149) AND (t.a <= 7196))
   Index Searches: 1
   Prefetch: distance=2.000 count=40 stalls=1804 skipped=81 resets=0 ungets=0 forwarded=0
             histogram [2,4) => 40
   Buffers: shared hit=1917 read=52
 Settings: enable_bitmapscan = 'off', enable_seqscan = 'off', max_parallel_workers_per_gather = '0'
 Planning:
   Buffers: shared hit=81 read=27
 Planning Time: 6.379 ms
 Execution Time: 5.196 ms
(12 rows)

SET
SET
SET
SET
SET
                                             QUERY PLAN                                             
----------------------------------------------------------------------------------------------------
 Index Scan Backward using idx on public.t (actual rows=2048.00 loops=1)
   Output: a, b
   Index Cond: ((t.a >= 5149) AND (t.a <= 7196))
   Index Searches: 1
   Buffers: shared hit=1969
 Settings: enable_bitmapscan = 'off', enable_seqscan = 'off', max_parallel_workers_per_gather = '0'
 Planning:
   Buffers: shared hit=113
 Planning Time: 0.452 ms
 Execution Time: 0.655 ms
(10 rows)

