SET
SET
SET
SET
SET
                                             QUERY PLAN                                             
----------------------------------------------------------------------------------------------------
 Index Scan Backward using idx on public.t (actual rows=2048.00 loops=1)
   Output: a, b
   Index Cond: ((t.a >= 12123) AND (t.a <= 14170))
   Index Searches: 1
   Prefetch: distance=2.000 count=38 stalls=1820 skipped=87 resets=0 ungets=0 forwarded=0
             histogram [2,4) => 38
   Buffers: shared hit=1920 read=50
 Settings: enable_bitmapscan = 'off', enable_seqscan = 'off', max_parallel_workers_per_gather = '0'
 Planning:
   Buffers: shared hit=81 read=27
 Planning Time: 6.516 ms
 Execution Time: 5.116 ms
(12 rows)

SET
SET
SET
SET
SET
                                             QUERY PLAN                                             
----------------------------------------------------------------------------------------------------
 Index Scan Backward using idx on public.t (actual rows=2048.00 loops=1)
   Output: a, b
   Index Cond: ((t.a >= 12123) AND (t.a <= 14170))
   Index Searches: 1
   Buffers: shared hit=1970
 Settings: enable_bitmapscan = 'off', enable_seqscan = 'off', max_parallel_workers_per_gather = '0'
 Planning:
   Buffers: shared hit=113
 Planning Time: 0.458 ms
 Execution Time: 0.874 ms
(10 rows)

