SET
SET
SET
SET
SET
                                             QUERY PLAN                                             
----------------------------------------------------------------------------------------------------
 Index Scan Backward using idx on public.t (actual rows=4096.00 loops=1)
   Output: a, b
   Index Cond: ((t.a >= 6274) AND (t.a <= 10369))
   Index Searches: 1
   Prefetch: distance=2.000 count=76 stalls=3726 skipped=198 resets=0 ungets=0 forwarded=0
             histogram [2,4) => 76
   Buffers: shared hit=3837 read=77
 Settings: enable_bitmapscan = 'off', enable_seqscan = 'off', max_parallel_workers_per_gather = '0'
 Planning:
   Buffers: shared hit=81 read=27
 Planning Time: 6.480 ms
 Execution Time: 6.053 ms
(12 rows)

SET
SET
SET
SET
SET
                                             QUERY PLAN                                             
----------------------------------------------------------------------------------------------------
 Index Scan Backward using idx on public.t (actual rows=4096.00 loops=1)
   Output: a, b
   Index Cond: ((t.a >= 6274) AND (t.a <= 10369))
   Index Searches: 1
   Buffers: shared hit=3914
 Settings: enable_bitmapscan = 'off', enable_seqscan = 'off', max_parallel_workers_per_gather = '0'
 Planning:
   Buffers: shared hit=113
 Planning Time: 0.338 ms
 Execution Time: 1.353 ms
(10 rows)

