SET
SET
SET
SET
SET
                                             QUERY PLAN                                             
----------------------------------------------------------------------------------------------------
 Index Scan using idx on public.t (actual rows=4096.00 loops=1)
   Output: a, b
   Index Cond: ((t.a >= 32171) AND (t.a <= 36266))
   Index Searches: 1
   Prefetch: distance=2.000 count=72 stalls=3640 skipped=135 resets=0 ungets=0 forwarded=0
             histogram [2,4) => 72
   Buffers: shared hit=3886 read=78
 Settings: enable_bitmapscan = 'off', enable_seqscan = 'off', max_parallel_workers_per_gather = '0'
 Planning:
   Buffers: shared hit=85 read=27
 Planning Time: 6.243 ms
 Execution Time: 8.608 ms
(12 rows)

SET
SET
SET
SET
SET
                                             QUERY PLAN                                             
----------------------------------------------------------------------------------------------------
 Index Scan using idx on public.t (actual rows=4096.00 loops=1)
   Output: a, b
   Index Cond: ((t.a >= 32171) AND (t.a <= 36266))
   Index Searches: 1
   Buffers: shared hit=3964
 Settings: enable_bitmapscan = 'off', enable_seqscan = 'off', max_parallel_workers_per_gather = '0'
 Planning:
   Buffers: shared hit=117
 Planning Time: 0.401 ms
 Execution Time: 1.223 ms
(10 rows)

