SET
SET
SET
SET
SET
                                                                      QUERY PLAN                                                                       
-------------------------------------------------------------------------------------------------------------------------------------------------------
 Index Scan using idx on public.t (actual rows=5048576.00 loops=1)
   Output: a, b
   Index Cond: ((t.a >= 32760) AND (t.a <= 5081335))
   Index Searches: 1
   Prefetch: distance=254.897 count=4850089 stalls=1 skipped=218238 resets=0 ungets=19760 forwarded=3689
             histogram [2,4) => 2, [4,8) => 5, [8,16) => 11, [16,32) => 18, [32,64) => 25, [64,128) => 510, [128,256) => 1920062, [256,512) => 2929456
   Buffers: shared hit=4783102 read=61004
 Settings: enable_bitmapscan = 'off', enable_seqscan = 'off', max_parallel_workers_per_gather = '0'
 Planning:
   Buffers: shared hit=81 read=27
 Planning Time: 6.023 ms
 Execution Time: 2999.013 ms
(12 rows)

SET
SET
SET
SET
SET
                                             QUERY PLAN                                             
----------------------------------------------------------------------------------------------------
 Index Scan using idx on public.t (actual rows=5048576.00 loops=1)
   Output: a, b
   Index Cond: ((t.a >= 32760) AND (t.a <= 5081335))
   Index Searches: 1
   Buffers: shared hit=4844138
 Settings: enable_bitmapscan = 'off', enable_seqscan = 'off', max_parallel_workers_per_gather = '0'
 Planning:
   Buffers: shared hit=113
 Planning Time: 0.413 ms
 Execution Time: 1327.408 ms
(10 rows)

