SET
SET
SET
SET
SET
                                             QUERY PLAN                                             
----------------------------------------------------------------------------------------------------
 Index Scan Backward using idx on public.t (actual rows=512.00 loops=1)
   Output: a, b
   Index Cond: ((t.a >= '-26395'::integer) AND (t.a <= '-26364'::integer))
   Index Searches: 1
   Prefetch: distance=2.000 count=4 stalls=125 skipped=46 resets=0 ungets=0 forwarded=0
             histogram [2,4) => 4
   Buffers: shared hit=348 read=35
 Settings: enable_bitmapscan = 'off', enable_seqscan = 'off', max_parallel_workers_per_gather = '0'
 Planning:
   Buffers: shared hit=81 read=24
 Planning Time: 7.283 ms
 Execution Time: 3.580 ms
(12 rows)

SET
SET
SET
SET
SET
                                             QUERY PLAN                                             
----------------------------------------------------------------------------------------------------
 Index Scan Backward using idx on public.t (actual rows=512.00 loops=1)
   Output: a, b
   Index Cond: ((t.a >= '-26395'::integer) AND (t.a <= '-26364'::integer))
   Index Searches: 1
   Buffers: shared hit=383
 Settings: enable_bitmapscan = 'off', enable_seqscan = 'off', max_parallel_workers_per_gather = '0'
 Planning:
   Buffers: shared hit=110
 Planning Time: 0.374 ms
 Execution Time: 0.254 ms
(10 rows)

