SET
SET
SET
SET
SET
                                             QUERY PLAN                                             
----------------------------------------------------------------------------------------------------
 Index Scan using idx on public.t (actual rows=4096.00 loops=1)
   Output: a, b
   Index Cond: ((t.a >= 13649) AND (t.a <= 17744))
   Index Searches: 1
   Prefetch: distance=2.150 count=107 stalls=3770 skipped=192 resets=0 ungets=0 forwarded=0
             histogram [2,4) => 102, [4,8) => 5
   Buffers: shared hit=3842 read=78
 Settings: enable_bitmapscan = 'off', enable_seqscan = 'off', max_parallel_workers_per_gather = '0'
 Planning:
   Buffers: shared hit=85 read=27
 Planning Time: 6.262 ms
 Execution Time: 8.317 ms
(12 rows)

SET
SET
SET
SET
SET
                                             QUERY PLAN                                             
----------------------------------------------------------------------------------------------------
 Index Scan using idx on public.t (actual rows=4096.00 loops=1)
   Output: a, b
   Index Cond: ((t.a >= 13649) AND (t.a <= 17744))
   Index Searches: 1
   Buffers: shared hit=3920
 Settings: enable_bitmapscan = 'off', enable_seqscan = 'off', max_parallel_workers_per_gather = '0'
 Planning:
   Buffers: shared hit=117
 Planning Time: 0.343 ms
 Execution Time: 1.153 ms
(10 rows)

