SET
SET
SET
SET
SET
                                             QUERY PLAN                                             
----------------------------------------------------------------------------------------------------
 Index Scan Backward using idx on public.t (actual rows=2048.00 loops=1)
   Output: a, b
   Index Cond: ((t.a >= '-30487'::integer) AND (t.a <= '-30360'::integer))
   Index Searches: 1
   Prefetch: distance=2.000 count=46 stalls=1413 skipped=503 resets=0 ungets=0 forwarded=0
             histogram [2,4) => 46
   Buffers: shared hit=1478 read=58
 Settings: enable_bitmapscan = 'off', enable_seqscan = 'off', max_parallel_workers_per_gather = '0'
 Planning:
   Buffers: shared hit=81 read=24
 Planning Time: 5.906 ms
 Execution Time: 5.503 ms
(12 rows)

SET
SET
SET
SET
SET
                                             QUERY PLAN                                             
----------------------------------------------------------------------------------------------------
 Index Scan Backward using idx on public.t (actual rows=2048.00 loops=1)
   Output: a, b
   Index Cond: ((t.a >= '-30487'::integer) AND (t.a <= '-30360'::integer))
   Index Searches: 1
   Buffers: shared hit=1536
 Settings: enable_bitmapscan = 'off', enable_seqscan = 'off', max_parallel_workers_per_gather = '0'
 Planning:
   Buffers: shared hit=110
 Planning Time: 0.415 ms
 Execution Time: 0.837 ms
(10 rows)

