SET
SET
SET
SET
SET
                                             QUERY PLAN                                             
----------------------------------------------------------------------------------------------------
 Index Scan Backward using idx on public.t (actual rows=4096.00 loops=1)
   Output: a, b
   Index Cond: ((t.a >= '-2127'::integer) AND (t.a <= '-1872'::integer))
   Index Searches: 1
   Prefetch: distance=2.000 count=92 stalls=2844 skipped=937 resets=0 ungets=0 forwarded=0
             histogram [2,4) => 92
   Buffers: shared hit=3033 read=84
 Settings: enable_bitmapscan = 'off', enable_seqscan = 'off', max_parallel_workers_per_gather = '0'
 Planning:
   Buffers: shared hit=85 read=28
 Planning Time: 6.168 ms
 Execution Time: 6.317 ms
(12 rows)

SET
SET
SET
SET
SET
                                             QUERY PLAN                                             
----------------------------------------------------------------------------------------------------
 Index Scan Backward using idx on public.t (actual rows=4096.00 loops=1)
   Output: a, b
   Index Cond: ((t.a >= '-2127'::integer) AND (t.a <= '-1872'::integer))
   Index Searches: 1
   Buffers: shared hit=3117
 Settings: enable_bitmapscan = 'off', enable_seqscan = 'off', max_parallel_workers_per_gather = '0'
 Planning:
   Buffers: shared hit=118
 Planning Time: 0.465 ms
 Execution Time: 1.081 ms
(10 rows)

