SET
SET
SET
SET
SET
                                             QUERY PLAN                                             
----------------------------------------------------------------------------------------------------
 Index Scan using idx on public.t (actual rows=256.00 loops=1)
   Output: a, b
   Index Cond: ((t.a >= '-6506'::integer) AND (t.a <= '-6251'::integer))
   Index Searches: 1
   Prefetch: distance=2.000 count=6 stalls=112 skipped=3 resets=0 ungets=0 forwarded=0
             histogram [2,4) => 6
   Buffers: shared hit=227 read=31
 Settings: enable_bitmapscan = 'off', enable_seqscan = 'off', max_parallel_workers_per_gather = '0'
 Planning:
   Buffers: shared hit=82 read=27
 Planning Time: 6.725 ms
 Execution Time: 4.139 ms
(12 rows)

SET
SET
SET
SET
SET
                                             QUERY PLAN                                             
----------------------------------------------------------------------------------------------------
 Index Scan using idx on public.t (actual rows=256.00 loops=1)
   Output: a, b
   Index Cond: ((t.a >= '-6506'::integer) AND (t.a <= '-6251'::integer))
   Index Searches: 1
   Buffers: shared hit=258
 Settings: enable_bitmapscan = 'off', enable_seqscan = 'off', max_parallel_workers_per_gather = '0'
 Planning:
   Buffers: shared hit=114
 Planning Time: 0.589 ms
 Execution Time: 0.219 ms
(10 rows)

