SET
SET
SET
SET
SET
                                             QUERY PLAN                                             
----------------------------------------------------------------------------------------------------
 Index Scan using idx on public.t (actual rows=2048.00 loops=1)
   Output: a, b
   Index Cond: ((t.a >= '-4032'::integer) AND (t.a <= '-1985'::integer))
   Index Searches: 1
   Prefetch: distance=2.000 count=28 stalls=1713 skipped=84 resets=0 ungets=0 forwarded=0
             histogram [2,4) => 28
   Buffers: shared hit=1913 read=49
 Settings: enable_bitmapscan = 'off', enable_seqscan = 'off', max_parallel_workers_per_gather = '0'
 Planning:
   Buffers: shared hit=82 read=27
 Planning Time: 6.328 ms
 Execution Time: 5.651 ms
(12 rows)

SET
SET
SET
SET
SET
                                             QUERY PLAN                                             
----------------------------------------------------------------------------------------------------
 Index Scan using idx on public.t (actual rows=2048.00 loops=1)
   Output: a, b
   Index Cond: ((t.a >= '-4032'::integer) AND (t.a <= '-1985'::integer))
   Index Searches: 1
   Buffers: shared hit=1962
 Settings: enable_bitmapscan = 'off', enable_seqscan = 'off', max_parallel_workers_per_gather = '0'
 Planning:
   Buffers: shared hit=114
 Planning Time: 0.410 ms
 Execution Time: 0.668 ms
(10 rows)

