SET
SET
SET
SET
SET
                                             QUERY PLAN                                             
----------------------------------------------------------------------------------------------------
 Index Scan using idx on public.t (actual rows=1024.00 loops=1)
   Output: a, b
   Index Cond: ((t.a >= '-6703'::integer) AND (t.a <= '-5680'::integer))
   Index Searches: 1
   Prefetch: distance=2.000 count=14 stalls=652 skipped=26 resets=0 ungets=0 forwarded=0
             histogram [2,4) => 14
   Buffers: shared hit=957 read=37
 Settings: enable_bitmapscan = 'off', enable_seqscan = 'off', max_parallel_workers_per_gather = '0'
 Planning:
   Buffers: shared hit=82 read=27
 Planning Time: 6.464 ms
 Execution Time: 4.463 ms
(12 rows)

SET
SET
SET
SET
SET
                                             QUERY PLAN                                             
----------------------------------------------------------------------------------------------------
 Index Scan using idx on public.t (actual rows=1024.00 loops=1)
   Output: a, b
   Index Cond: ((t.a >= '-6703'::integer) AND (t.a <= '-5680'::integer))
   Index Searches: 1
   Buffers: shared hit=994
 Settings: enable_bitmapscan = 'off', enable_seqscan = 'off', max_parallel_workers_per_gather = '0'
 Planning:
   Buffers: shared hit=114
 Planning Time: 0.355 ms
 Execution Time: 0.345 ms
(10 rows)

