SET
SET
SET
SET
SET
                                             QUERY PLAN                                             
----------------------------------------------------------------------------------------------------
 Index Scan using idx on public.t (actual rows=2048.00 loops=1)
   Output: a, b
   Index Cond: ((t.a >= '-11523'::integer) AND (t.a <= '-9476'::integer))
   Index Searches: 1
   Prefetch: distance=2.103 count=58 stalls=1880 skipped=82 resets=0 ungets=0 forwarded=0
             histogram [2,4) => 56, [4,8) => 2
   Buffers: shared hit=1926 read=52
 Settings: enable_bitmapscan = 'off', enable_seqscan = 'off', max_parallel_workers_per_gather = '0'
 Planning:
   Buffers: shared hit=82 read=27
 Planning Time: 6.400 ms
 Execution Time: 6.061 ms
(12 rows)

SET
SET
SET
SET
SET
                                             QUERY PLAN                                             
----------------------------------------------------------------------------------------------------
 Index Scan using idx on public.t (actual rows=2048.00 loops=1)
   Output: a, b
   Index Cond: ((t.a >= '-11523'::integer) AND (t.a <= '-9476'::integer))
   Index Searches: 1
   Buffers: shared hit=1978
 Settings: enable_bitmapscan = 'off', enable_seqscan = 'off', max_parallel_workers_per_gather = '0'
 Planning:
   Buffers: shared hit=114
 Planning Time: 0.379 ms
 Execution Time: 0.611 ms
(10 rows)

