SET
SET
SET
SET
SET
                                             QUERY PLAN                                             
----------------------------------------------------------------------------------------------------
 Index Scan using idx on public.t (actual rows=512.00 loops=1)
   Output: a, b
   Index Cond: ((t.a >= '-23374'::integer) AND (t.a <= '-22863'::integer))
   Index Searches: 1
   Prefetch: distance=2.000 count=10 stalls=313 skipped=22 resets=0 ungets=0 forwarded=0
             histogram [2,4) => 10
   Buffers: shared hit=443 read=34
 Settings: enable_bitmapscan = 'off', enable_seqscan = 'off', max_parallel_workers_per_gather = '0'
 Planning:
   Buffers: shared hit=82 read=27
 Planning Time: 6.674 ms
 Execution Time: 4.171 ms
(12 rows)

SET
SET
SET
SET
SET
                                             QUERY PLAN                                             
----------------------------------------------------------------------------------------------------
 Index Scan using idx on public.t (actual rows=512.00 loops=1)
   Output: a, b
   Index Cond: ((t.a >= '-23374'::integer) AND (t.a <= '-22863'::integer))
   Index Searches: 1
   Buffers: shared hit=477
 Settings: enable_bitmapscan = 'off', enable_seqscan = 'off', max_parallel_workers_per_gather = '0'
 Planning:
   Buffers: shared hit=114
 Planning Time: 0.365 ms
 Execution Time: 0.220 ms
(10 rows)

