SET
SET
SET
SET
SET
                                             QUERY PLAN                                             
----------------------------------------------------------------------------------------------------
 Index Scan using idx on public.t (actual rows=4096.00 loops=1)
   Output: a, b
   Index Cond: ((t.a >= '-26632'::integer) AND (t.a <= '-22537'::integer))
   Index Searches: 1
   Prefetch: distance=2.000 count=70 stalls=3719 skipped=176 resets=0 ungets=0 forwarded=0
             histogram [2,4) => 70
   Buffers: shared hit=3858 read=75
 Settings: enable_bitmapscan = 'off', enable_seqscan = 'off', max_parallel_workers_per_gather = '0'
 Planning:
   Buffers: shared hit=82 read=27
 Planning Time: 6.471 ms
 Execution Time: 8.847 ms
(12 rows)

SET
SET
SET
SET
SET
                                             QUERY PLAN                                             
----------------------------------------------------------------------------------------------------
 Index Scan using idx on public.t (actual rows=4096.00 loops=1)
   Output: a, b
   Index Cond: ((t.a >= '-26632'::integer) AND (t.a <= '-22537'::integer))
   Index Searches: 1
   Buffers: shared hit=3933
 Settings: enable_bitmapscan = 'off', enable_seqscan = 'off', max_parallel_workers_per_gather = '0'
 Planning:
   Buffers: shared hit=114
 Planning Time: 0.365 ms
 Execution Time: 1.128 ms
(10 rows)

