SET
SET
SET
SET
SET
                                                                      QUERY PLAN                                                                       
-------------------------------------------------------------------------------------------------------------------------------------------------------
 Index Scan using idx on public.t (actual rows=4048576.00 loops=1)
   Output: a, b
   Index Cond: ((t.a >= '-4053985'::integer) AND (t.a <= '-5410'::integer))
   Index Searches: 1
   Prefetch: distance=250.621 count=3879857 stalls=1 skipped=174298 resets=0 ungets=5600 forwarded=2302
             histogram [2,4) => 8, [4,8) => 9, [8,16) => 8, [16,32) => 14, [32,64) => 89, [64,128) => 3497, [128,256) => 1858928, [256,512) => 2017304
   Buffers: shared hit=3836413 read=48925
 Settings: enable_bitmapscan = 'off', enable_seqscan = 'off', max_parallel_workers_per_gather = '0'
 Planning:
   Buffers: shared hit=78 read=27
 Planning Time: 6.312 ms
 Execution Time: 2515.004 ms
(12 rows)

SET
SET
SET
SET
SET
                                             QUERY PLAN                                             
----------------------------------------------------------------------------------------------------
 Index Scan using idx on public.t (actual rows=4048576.00 loops=1)
   Output: a, b
   Index Cond: ((t.a >= '-4053985'::integer) AND (t.a <= '-5410'::integer))
   Index Searches: 1
   Buffers: shared hit=3885344
 Settings: enable_bitmapscan = 'off', enable_seqscan = 'off', max_parallel_workers_per_gather = '0'
 Planning:
   Buffers: shared hit=110
 Planning Time: 0.573 ms
 Execution Time: 1194.956 ms
(10 rows)

