SET
SET
SET
SET
SET
                                             QUERY PLAN                                             
----------------------------------------------------------------------------------------------------
 Index Scan using idx on public.t (actual rows=512.00 loops=1)
   Output: a, b
   Index Cond: ((t.a >= '-7901'::integer) AND (t.a <= '-7390'::integer))
   Index Searches: 1
   Prefetch: distance=2.000 count=20 stalls=412 skipped=14 resets=0 ungets=0 forwarded=0
             histogram [2,4) => 20
   Buffers: shared hit=470 read=34
 Settings: enable_bitmapscan = 'off', enable_seqscan = 'off', max_parallel_workers_per_gather = '0'
 Planning:
   Buffers: shared hit=82 read=27
 Planning Time: 6.531 ms
 Execution Time: 3.804 ms
(12 rows)

SET
SET
SET
SET
SET
                                             QUERY PLAN                                             
----------------------------------------------------------------------------------------------------
 Index Scan using idx on public.t (actual rows=512.00 loops=1)
   Output: a, b
   Index Cond: ((t.a >= '-7901'::integer) AND (t.a <= '-7390'::integer))
   Index Searches: 1
   Buffers: shared hit=504
 Settings: enable_bitmapscan = 'off', enable_seqscan = 'off', max_parallel_workers_per_gather = '0'
 Planning:
   Buffers: shared hit=114
 Planning Time: 0.357 ms
 Execution Time: 0.226 ms
(10 rows)

