SET
SET
SET
SET
SET
                                             QUERY PLAN                                             
----------------------------------------------------------------------------------------------------
 Index Scan using idx on public.t (actual rows=4096.00 loops=1)
   Output: a, b
   Index Cond: ((t.a >= '-23066'::integer) AND (t.a <= '-18971'::integer))
   Index Searches: 1
   Prefetch: distance=2.000 count=70 stalls=3620 skipped=181 resets=0 ungets=0 forwarded=0
             histogram [2,4) => 70
   Buffers: shared hit=3840 read=77
 Settings: enable_bitmapscan = 'off', enable_seqscan = 'off', max_parallel_workers_per_gather = '0'
 Planning:
   Buffers: shared hit=82 read=27
 Planning Time: 6.514 ms
 Execution Time: 8.556 ms
(12 rows)

SET
SET
SET
SET
SET
                                             QUERY PLAN                                             
----------------------------------------------------------------------------------------------------
 Index Scan using idx on public.t (actual rows=4096.00 loops=1)
   Output: a, b
   Index Cond: ((t.a >= '-23066'::integer) AND (t.a <= '-18971'::integer))
   Index Searches: 1
   Buffers: shared hit=3917
 Settings: enable_bitmapscan = 'off', enable_seqscan = 'off', max_parallel_workers_per_gather = '0'
 Planning:
   Buffers: shared hit=114
 Planning Time: 0.359 ms
 Execution Time: 1.335 ms
(10 rows)

