SET
SET
SET
SET
SET
                                             QUERY PLAN                                             
----------------------------------------------------------------------------------------------------
 Index Scan Backward using idx on public.t (actual rows=2048.00 loops=1)
   Output: a, b
   Index Cond: ((t.a >= '-4666'::integer) AND (t.a <= '-2619'::integer))
   Index Searches: 1
   Prefetch: distance=2.000 count=40 stalls=1824 skipped=93 resets=0 ungets=0 forwarded=0
             histogram [2,4) => 40
   Buffers: shared hit=1912 read=51
 Settings: enable_bitmapscan = 'off', enable_seqscan = 'off', max_parallel_workers_per_gather = '0'
 Planning:
   Buffers: shared hit=86 read=27
 Planning Time: 6.385 ms
 Execution Time: 4.260 ms
(12 rows)

SET
SET
SET
SET
SET
                                             QUERY PLAN                                             
----------------------------------------------------------------------------------------------------
 Index Scan Backward using idx on public.t (actual rows=2048.00 loops=1)
   Output: a, b
   Index Cond: ((t.a >= '-4666'::integer) AND (t.a <= '-2619'::integer))
   Index Searches: 1
   Buffers: shared hit=1963
 Settings: enable_bitmapscan = 'off', enable_seqscan = 'off', max_parallel_workers_per_gather = '0'
 Planning:
   Buffers: shared hit=118
 Planning Time: 0.353 ms
 Execution Time: 0.625 ms
(10 rows)

