SET
SET
SET
SET
SET
                                             QUERY PLAN                                             
----------------------------------------------------------------------------------------------------
 Index Scan Backward using idx on public.t (actual rows=4096.00 loops=1)
   Output: a, b
   Index Cond: ((t.a >= '-27118'::integer) AND (t.a <= '-23023'::integer))
   Index Searches: 1
   Prefetch: distance=2.081 count=74 stalls=3668 skipped=171 resets=0 ungets=0 forwarded=0
             histogram [2,4) => 72, [4,8) => 2
   Buffers: shared hit=3853 read=76
 Settings: enable_bitmapscan = 'off', enable_seqscan = 'off', max_parallel_workers_per_gather = '0'
 Planning:
   Buffers: shared hit=86 read=27
 Planning Time: 6.216 ms
 Execution Time: 7.002 ms
(12 rows)

SET
SET
SET
SET
SET
                                             QUERY PLAN                                             
----------------------------------------------------------------------------------------------------
 Index Scan Backward using idx on public.t (actual rows=4096.00 loops=1)
   Output: a, b
   Index Cond: ((t.a >= '-27118'::integer) AND (t.a <= '-23023'::integer))
   Index Searches: 1
   Buffers: shared hit=3929
 Settings: enable_bitmapscan = 'off', enable_seqscan = 'off', max_parallel_workers_per_gather = '0'
 Planning:
   Buffers: shared hit=118
 Planning Time: 0.346 ms
 Execution Time: 1.243 ms
(10 rows)

