SET
SET
SET
SET
SET
                                             QUERY PLAN                                             
----------------------------------------------------------------------------------------------------
 Index Scan Backward using idx on public.t (actual rows=4096.00 loops=1)
   Output: a, b
   Index Cond: ((t.a >= '-23229'::integer) AND (t.a <= '-19134'::integer))
   Index Searches: 1
   Prefetch: distance=2.151 count=93 stalls=3761 skipped=196 resets=0 ungets=0 forwarded=0
             histogram [2,4) => 88, [4,8) => 5
   Buffers: shared hit=3837 read=78
 Settings: enable_bitmapscan = 'off', enable_seqscan = 'off', max_parallel_workers_per_gather = '0'
 Planning:
   Buffers: shared hit=86 read=27
 Planning Time: 6.528 ms
 Execution Time: 6.946 ms
(12 rows)

SET
SET
SET
SET
SET
                                             QUERY PLAN                                             
----------------------------------------------------------------------------------------------------
 Index Scan Backward using idx on public.t (actual rows=4096.00 loops=1)
   Output: a, b
   Index Cond: ((t.a >= '-23229'::integer) AND (t.a <= '-19134'::integer))
   Index Searches: 1
   Buffers: shared hit=3915
 Settings: enable_bitmapscan = 'off', enable_seqscan = 'off', max_parallel_workers_per_gather = '0'
 Planning:
   Buffers: shared hit=118
 Planning Time: 0.357 ms
 Execution Time: 1.259 ms
(10 rows)

