SET
SET
SET
SET
SET
                                             QUERY PLAN                                             
----------------------------------------------------------------------------------------------------
 Index Scan Backward using idx on public.t (actual rows=2048.00 loops=1)
   Output: a, b
   Index Cond: ((t.a >= '-24713'::integer) AND (t.a <= '-22666'::integer))
   Index Searches: 1
   Prefetch: distance=2.150 count=40 stalls=1729 skipped=105 resets=0 ungets=0 forwarded=0
             histogram [2,4) => 38, [4,8) => 2
   Buffers: shared hit=1897 read=53
 Settings: enable_bitmapscan = 'off', enable_seqscan = 'off', max_parallel_workers_per_gather = '0'
 Planning:
   Buffers: shared hit=86 read=27
 Planning Time: 6.709 ms
 Execution Time: 5.012 ms
(12 rows)

SET
SET
SET
SET
SET
                                             QUERY PLAN                                             
----------------------------------------------------------------------------------------------------
 Index Scan Backward using idx on public.t (actual rows=2048.00 loops=1)
   Output: a, b
   Index Cond: ((t.a >= '-24713'::integer) AND (t.a <= '-22666'::integer))
   Index Searches: 1
   Buffers: shared hit=1950
 Settings: enable_bitmapscan = 'off', enable_seqscan = 'off', max_parallel_workers_per_gather = '0'
 Planning:
   Buffers: shared hit=118
 Planning Time: 0.357 ms
 Execution Time: 0.607 ms
(10 rows)

