SET
SET
SET
SET
SET
                                                        QUERY PLAN                                                         
---------------------------------------------------------------------------------------------------------------------------
 Index Scan Backward using idx on public.t (actual rows=256.00 loops=1)
   Output: a, b
   Index Cond: ((t.a >= '-20153'::integer) AND (t.a <= '-19898'::integer))
   Index Searches: 1
   Prefetch: distance=122.677 count=223 stalls=2 skipped=16 resets=0 ungets=0 forwarded=2
             histogram [2,4) => 6, [4,8) => 7, [8,16) => 9, [16,32) => 14, [32,64) => 24, [64,128) => 55, [128,256) => 108
   Buffers: shared hit=215 read=30
 Settings: enable_bitmapscan = 'off', enable_seqscan = 'off', max_parallel_workers_per_gather = '0'
 Planning:
   Buffers: shared hit=86 read=27
 Planning Time: 6.700 ms
 Execution Time: 3.893 ms
(12 rows)

SET
SET
SET
SET
SET
                                             QUERY PLAN                                             
----------------------------------------------------------------------------------------------------
 Index Scan Backward using idx on public.t (actual rows=256.00 loops=1)
   Output: a, b
   Index Cond: ((t.a >= '-20153'::integer) AND (t.a <= '-19898'::integer))
   Index Searches: 1
   Buffers: shared hit=245
 Settings: enable_bitmapscan = 'off', enable_seqscan = 'off', max_parallel_workers_per_gather = '0'
 Planning:
   Buffers: shared hit=118
 Planning Time: 0.359 ms
 Execution Time: 0.163 ms
(10 rows)

