SET
SET
SET
SET
SET
                                             QUERY PLAN                                             
----------------------------------------------------------------------------------------------------
 Index Scan Backward using idx on public.t (actual rows=1024.00 loops=1)
   Output: a, b
   Index Cond: ((t.a >= '-25193'::integer) AND (t.a <= '-24170'::integer))
   Index Searches: 1
   Prefetch: distance=2.000 count=20 stalls=832 skipped=38 resets=0 ungets=0 forwarded=0
             histogram [2,4) => 20
   Buffers: shared hit=949 read=40
 Settings: enable_bitmapscan = 'off', enable_seqscan = 'off', max_parallel_workers_per_gather = '0'
 Planning:
   Buffers: shared hit=86 read=27
 Planning Time: 6.981 ms
 Execution Time: 3.923 ms
(12 rows)

SET
SET
SET
SET
SET
                                             QUERY PLAN                                             
----------------------------------------------------------------------------------------------------
 Index Scan Backward using idx on public.t (actual rows=1024.00 loops=1)
   Output: a, b
   Index Cond: ((t.a >= '-25193'::integer) AND (t.a <= '-24170'::integer))
   Index Searches: 1
   Buffers: shared hit=989
 Settings: enable_bitmapscan = 'off', enable_seqscan = 'off', max_parallel_workers_per_gather = '0'
 Planning:
   Buffers: shared hit=118
 Planning Time: 0.358 ms
 Execution Time: 0.360 ms
(10 rows)

