SET
SET
SET
SET
SET
                                             QUERY PLAN                                             
----------------------------------------------------------------------------------------------------
 Index Scan Backward using idx on public.t (actual rows=1024.00 loops=1)
   Output: a, b
   Index Cond: ((t.a >= '-28342'::integer) AND (t.a <= '-27319'::integer))
   Index Searches: 1
   Prefetch: distance=2.000 count=10 stalls=704 skipped=31 resets=0 ungets=0 forwarded=0
             histogram [2,4) => 10
   Buffers: shared hit=946 read=38
 Settings: enable_bitmapscan = 'off', enable_seqscan = 'off', max_parallel_workers_per_gather = '0'
 Planning:
   Buffers: shared hit=86 read=27
 Planning Time: 6.628 ms
 Execution Time: 4.197 ms
(12 rows)

SET
SET
SET
SET
SET
                                             QUERY PLAN                                             
----------------------------------------------------------------------------------------------------
 Index Scan Backward using idx on public.t (actual rows=1024.00 loops=1)
   Output: a, b
   Index Cond: ((t.a >= '-28342'::integer) AND (t.a <= '-27319'::integer))
   Index Searches: 1
   Buffers: shared hit=984
 Settings: enable_bitmapscan = 'off', enable_seqscan = 'off', max_parallel_workers_per_gather = '0'
 Planning:
   Buffers: shared hit=118
 Planning Time: 0.371 ms
 Execution Time: 0.355 ms
(10 rows)

