SET
SET
SET
SET
SET
                                             QUERY PLAN                                             
----------------------------------------------------------------------------------------------------
 Index Scan Backward using idx on public.t (actual rows=256.00 loops=1)
   Output: a, b
   Index Cond: ((t.a >= '-23265'::integer) AND (t.a <= '-23250'::integer))
   Index Searches: 1
   Prefetch: distance=2.231 count=26 stalls=151 skipped=59 resets=0 ungets=0 forwarded=0
             histogram [2,4) => 24, [4,8) => 2
   Buffers: shared hit=168 read=32
 Settings: enable_bitmapscan = 'off', enable_seqscan = 'off', max_parallel_workers_per_gather = '0'
 Planning:
   Buffers: shared hit=81 read=24
 Planning Time: 5.942 ms
 Execution Time: 3.765 ms
(12 rows)

SET
SET
SET
SET
SET
                                             QUERY PLAN                                             
----------------------------------------------------------------------------------------------------
 Index Scan Backward using idx on public.t (actual rows=256.00 loops=1)
   Output: a, b
   Index Cond: ((t.a >= '-23265'::integer) AND (t.a <= '-23250'::integer))
   Index Searches: 1
   Buffers: shared hit=200
 Settings: enable_bitmapscan = 'off', enable_seqscan = 'off', max_parallel_workers_per_gather = '0'
 Planning:
   Buffers: shared hit=110
 Planning Time: 0.329 ms
 Execution Time: 0.146 ms
(10 rows)

