SET
SET
SET
SET
SET
                                             QUERY PLAN                                             
----------------------------------------------------------------------------------------------------
 Index Scan Backward using idx on public.t (actual rows=1024.00 loops=1)
   Output: a, b
   Index Cond: ((t.a >= '-18282'::integer) AND (t.a <= '-18219'::integer))
   Index Searches: 1
   Prefetch: distance=2.000 count=14 stalls=490 skipped=158 resets=0 ungets=0 forwarded=0
             histogram [2,4) => 14
   Buffers: shared hit=749 read=41
 Settings: enable_bitmapscan = 'off', enable_seqscan = 'off', max_parallel_workers_per_gather = '0'
 Planning:
   Buffers: shared hit=81 read=24
 Planning Time: 5.620 ms
 Execution Time: 3.820 ms
(12 rows)

SET
SET
SET
SET
SET
                                             QUERY PLAN                                             
----------------------------------------------------------------------------------------------------
 Index Scan Backward using idx on public.t (actual rows=1024.00 loops=1)
   Output: a, b
   Index Cond: ((t.a >= '-18282'::integer) AND (t.a <= '-18219'::integer))
   Index Searches: 1
   Buffers: shared hit=790
 Settings: enable_bitmapscan = 'off', enable_seqscan = 'off', max_parallel_workers_per_gather = '0'
 Planning:
   Buffers: shared hit=110
 Planning Time: 0.317 ms
 Execution Time: 0.337 ms
(10 rows)

