SET
SET
SET
SET
SET
                                             QUERY PLAN                                             
----------------------------------------------------------------------------------------------------
 Index Scan Backward using idx on public.t (actual rows=4096.00 loops=1)
   Output: a, b
   Index Cond: ((t.a >= '-5828'::integer) AND (t.a <= '-1733'::integer))
   Index Searches: 1
   Prefetch: distance=2.000 count=74 stalls=3601 skipped=176 resets=0 ungets=0 forwarded=0
             histogram [2,4) => 74
   Buffers: shared hit=3847 read=76
 Settings: enable_bitmapscan = 'off', enable_seqscan = 'off', max_parallel_workers_per_gather = '0'
 Planning:
   Buffers: shared hit=86 read=27
 Planning Time: 6.586 ms
 Execution Time: 6.607 ms
(12 rows)

SET
SET
SET
SET
SET
                                             QUERY PLAN                                             
----------------------------------------------------------------------------------------------------
 Index Scan Backward using idx on public.t (actual rows=4096.00 loops=1)
   Output: a, b
   Index Cond: ((t.a >= '-5828'::integer) AND (t.a <= '-1733'::integer))
   Index Searches: 1
   Buffers: shared hit=3923
 Settings: enable_bitmapscan = 'off', enable_seqscan = 'off', max_parallel_workers_per_gather = '0'
 Planning:
   Buffers: shared hit=118
 Planning Time: 0.460 ms
 Execution Time: 1.140 ms
(10 rows)

