SET
SET
SET
SET
SET
                                                                      QUERY PLAN                                                                       
-------------------------------------------------------------------------------------------------------------------------------------------------------
 Index Scan Backward using idx on public.t (actual rows=65536.00 loops=1)
   Output: a, b
   Index Cond: ((t.a >= '-67504'::integer) AND (t.a <= '-1969'::integer))
   Index Searches: 1
   Prefetch: distance=214.869 count=39596 stalls=23110 skipped=2821 resets=0 ungets=0 forwarded=4
             histogram [2,4) => 468, [4,8) => 17, [8,16) => 22, [16,32) => 33, [32,64) => 131, [64,128) => 1180, [128,256) => 30287, [256,512) => 7458
   Buffers: shared hit=62085 read=816
 Settings: enable_bitmapscan = 'off', enable_seqscan = 'off', max_parallel_workers_per_gather = '0'
 Planning:
   Buffers: shared hit=86 read=27
 Planning Time: 6.504 ms
 Execution Time: 53.143 ms
(12 rows)

SET
SET
SET
SET
SET
                                             QUERY PLAN                                             
----------------------------------------------------------------------------------------------------
 Index Scan Backward using idx on public.t (actual rows=65536.00 loops=1)
   Output: a, b
   Index Cond: ((t.a >= '-67504'::integer) AND (t.a <= '-1969'::integer))
   Index Searches: 1
   Buffers: shared hit=62901
 Settings: enable_bitmapscan = 'off', enable_seqscan = 'off', max_parallel_workers_per_gather = '0'
 Planning:
   Buffers: shared hit=118
 Planning Time: 0.356 ms
 Execution Time: 15.453 ms
(10 rows)

