SET
SET
SET
SET
SET
                                             QUERY PLAN                                             
----------------------------------------------------------------------------------------------------
 Index Scan Backward using idx on public.t (actual rows=2048.00 loops=1)
   Output: a, b
   Index Cond: ((t.a >= '-13144'::integer) AND (t.a <= '-11097'::integer))
   Index Searches: 1
   Prefetch: distance=2.273 count=55 stalls=1868 skipped=94 resets=0 ungets=0 forwarded=1
             histogram [2,4) => 50, [4,8) => 5
   Buffers: shared hit=1913 read=51
 Settings: enable_bitmapscan = 'off', enable_seqscan = 'off', max_parallel_workers_per_gather = '0'
 Planning:
   Buffers: shared hit=86 read=27
 Planning Time: 6.361 ms
 Execution Time: 5.381 ms
(12 rows)

SET
SET
SET
SET
SET
                                             QUERY PLAN                                             
----------------------------------------------------------------------------------------------------
 Index Scan Backward using idx on public.t (actual rows=2048.00 loops=1)
   Output: a, b
   Index Cond: ((t.a >= '-13144'::integer) AND (t.a <= '-11097'::integer))
   Index Searches: 1
   Buffers: shared hit=1964
 Settings: enable_bitmapscan = 'off', enable_seqscan = 'off', max_parallel_workers_per_gather = '0'
 Planning:
   Buffers: shared hit=118
 Planning Time: 0.355 ms
 Execution Time: 0.618 ms
(10 rows)

