SET
SET
SET
SET
SET
                                                                       QUERY PLAN                                                                       
--------------------------------------------------------------------------------------------------------------------------------------------------------
 Index Scan Backward using idx on public.t (actual rows=7048576.00 loops=1)
   Output: a, b
   Index Cond: ((t.a >= '-7080197'::integer) AND (t.a <= '-31622'::integer))
   Index Searches: 1
   Prefetch: distance=18.666 count=142766 stalls=6601940 skipped=303898 resets=0 ungets=30 forwarded=4
             histogram [2,4) => 131520, [4,8) => 456, [8,16) => 19, [16,32) => 25, [32,64) => 56, [64,128) => 264, [128,256) => 7957, [256,512) => 2469
   Buffers: shared hit=6678784 read=85159
 Settings: enable_bitmapscan = 'off', enable_seqscan = 'off', max_parallel_workers_per_gather = '0'
 Planning:
   Buffers: shared hit=82 read=27
 Planning Time: 6.490 ms
 Execution Time: 5111.564 ms
(12 rows)

SET
SET
SET
SET
SET
                                             QUERY PLAN                                             
----------------------------------------------------------------------------------------------------
 Index Scan Backward using idx on public.t (actual rows=7048576.00 loops=1)
   Output: a, b
   Index Cond: ((t.a >= '-7080197'::integer) AND (t.a <= '-31622'::integer))
   Index Searches: 1
   Buffers: shared hit=6763943
 Settings: enable_bitmapscan = 'off', enable_seqscan = 'off', max_parallel_workers_per_gather = '0'
 Planning:
   Buffers: shared hit=114
 Planning Time: 0.529 ms
 Execution Time: 2556.733 ms
(10 rows)

