SET
SET
SET
SET
SET
                                             QUERY PLAN                                             
----------------------------------------------------------------------------------------------------
 Index Scan using idx on public.t (actual rows=512.00 loops=1)
   Output: a, b
   Index Cond: ((t.a >= '-19145'::integer) AND (t.a <= '-18634'::integer))
   Index Searches: 1
   Prefetch: distance=2.000 count=2 stalls=171 skipped=9 resets=0 ungets=0 forwarded=0
             histogram [2,4) => 2
   Buffers: shared hit=462 read=32
 Settings: enable_bitmapscan = 'off', enable_seqscan = 'off', max_parallel_workers_per_gather = '0'
 Planning:
   Buffers: shared hit=82 read=27
 Planning Time: 6.521 ms
 Execution Time: 4.065 ms
(12 rows)

SET
SET
SET
SET
SET
                                             QUERY PLAN                                             
----------------------------------------------------------------------------------------------------
 Index Scan using idx on public.t (actual rows=512.00 loops=1)
   Output: a, b
   Index Cond: ((t.a >= '-19145'::integer) AND (t.a <= '-18634'::integer))
   Index Searches: 1
   Buffers: shared hit=494
 Settings: enable_bitmapscan = 'off', enable_seqscan = 'off', max_parallel_workers_per_gather = '0'
 Planning:
   Buffers: shared hit=114
 Planning Time: 0.332 ms
 Execution Time: 0.220 ms
(10 rows)

