SET
SET
SET
SET
SET
                                                                  QUERY PLAN                                                                   
-----------------------------------------------------------------------------------------------------------------------------------------------
 Index Scan using idx on public.t (actual rows=16384.00 loops=1)
   Output: a, b
   Index Cond: ((t.a >= '-42983'::integer) AND (t.a <= '-26600'::integer))
   Index Searches: 1
   Prefetch: distance=253.958 count=15789 stalls=2 skipped=691 resets=0 ungets=110 forwarded=15
             histogram [2,4) => 4, [4,8) => 7, [8,16) => 8, [16,32) => 12, [32,64) => 27, [64,128) => 32, [128,256) => 6084, [256,512) => 9615
   Buffers: shared hit=15518 read=224
 Settings: enable_bitmapscan = 'off', enable_seqscan = 'off', max_parallel_workers_per_gather = '0'
 Planning:
   Buffers: shared hit=82 read=27
 Planning Time: 8.263 ms
 Execution Time: 15.530 ms
(12 rows)

SET
SET
SET
SET
SET
                                             QUERY PLAN                                             
----------------------------------------------------------------------------------------------------
 Index Scan using idx on public.t (actual rows=16384.00 loops=1)
   Output: a, b
   Index Cond: ((t.a >= '-42983'::integer) AND (t.a <= '-26600'::integer))
   Index Searches: 1
   Buffers: shared hit=15742
 Settings: enable_bitmapscan = 'off', enable_seqscan = 'off', max_parallel_workers_per_gather = '0'
 Planning:
   Buffers: shared hit=114
 Planning Time: 0.396 ms
 Execution Time: 4.205 ms
(10 rows)

