SET
SET
SET
SET
SET
                                             QUERY PLAN                                             
----------------------------------------------------------------------------------------------------
 Index Scan using idx on public.t (actual rows=2048.00 loops=1)
   Output: a, b
   Index Cond: ((t.a >= '-15713'::integer) AND (t.a <= '-13666'::integer))
   Index Searches: 1
   Prefetch: distance=2.000 count=34 stalls=1741 skipped=81 resets=0 ungets=0 forwarded=0
             histogram [2,4) => 34
   Buffers: shared hit=1925 read=51
 Settings: enable_bitmapscan = 'off', enable_seqscan = 'off', max_parallel_workers_per_gather = '0'
 Planning:
   Buffers: shared hit=82 read=27
 Planning Time: 6.670 ms
 Execution Time: 5.827 ms
(12 rows)

SET
SET
SET
SET
SET
                                             QUERY PLAN                                             
----------------------------------------------------------------------------------------------------
 Index Scan using idx on public.t (actual rows=2048.00 loops=1)
   Output: a, b
   Index Cond: ((t.a >= '-15713'::integer) AND (t.a <= '-13666'::integer))
   Index Searches: 1
   Buffers: shared hit=1976
 Settings: enable_bitmapscan = 'off', enable_seqscan = 'off', max_parallel_workers_per_gather = '0'
 Planning:
   Buffers: shared hit=114
 Planning Time: 0.418 ms
 Execution Time: 0.621 ms
(10 rows)

