SET
SET
SET
SET
SET
                                                                      QUERY PLAN                                                                      
------------------------------------------------------------------------------------------------------------------------------------------------------
 Index Scan using idx on public.t (actual rows=7048576.00 loops=1)
   Output: a, b
   Index Cond: ((t.a >= '-7073099'::integer) AND (t.a <= '-24524'::integer))
   Index Searches: 1
   Prefetch: distance=254.769 count=6773389 stalls=1 skipped=303863 resets=0 ungets=28677 forwarded=5251
             histogram [2,4) => 2, [4,8) => 4, [8,16) => 11, [16,32) => 8, [32,64) => 3, [64,128) => 1316, [128,256) => 2692236, [256,512) => 4079809
   Buffers: shared hit=6678779 read=85161
 Settings: enable_bitmapscan = 'off', enable_seqscan = 'off', max_parallel_workers_per_gather = '0'
 Planning:
   Buffers: shared hit=78 read=27
 Planning Time: 6.214 ms
 Execution Time: 4181.762 ms
(12 rows)

SET
SET
SET
SET
SET
                                             QUERY PLAN                                             
----------------------------------------------------------------------------------------------------
 Index Scan using idx on public.t (actual rows=7048576.00 loops=1)
   Output: a, b
   Index Cond: ((t.a >= '-7073099'::integer) AND (t.a <= '-24524'::integer))
   Index Searches: 1
   Buffers: shared hit=6763978
 Settings: enable_bitmapscan = 'off', enable_seqscan = 'off', max_parallel_workers_per_gather = '0'
 Planning:
   Buffers: shared hit=110
 Planning Time: 0.537 ms
 Execution Time: 2180.531 ms
(10 rows)

