SET
SET
SET
SET
SET
                                                                 QUERY PLAN                                                                  
---------------------------------------------------------------------------------------------------------------------------------------------
 Index Scan using idx on public.t (actual rows=8192.00 loops=1)
   Output: a, b
   Index Cond: ((t.a >= '-15158'::integer) AND (t.a <= '-6967'::integer))
   Index Searches: 1
   Prefetch: distance=254.042 count=7886 stalls=1 skipped=371 resets=0 ungets=69 forwarded=10
             histogram [2,4) => 2, [4,8) => 5, [8,16) => 8, [16,32) => 11, [32,64) => 4, [64,128) => 2, [128,256) => 3072, [256,512) => 4782
   Buffers: shared hit=7725 read=125
 Settings: enable_bitmapscan = 'off', enable_seqscan = 'off', max_parallel_workers_per_gather = '0'
 Planning:
   Buffers: shared hit=82 read=27
 Planning Time: 6.537 ms
 Execution Time: 8.060 ms
(12 rows)

SET
SET
SET
SET
SET
                                             QUERY PLAN                                             
----------------------------------------------------------------------------------------------------
 Index Scan using idx on public.t (actual rows=8192.00 loops=1)
   Output: a, b
   Index Cond: ((t.a >= '-15158'::integer) AND (t.a <= '-6967'::integer))
   Index Searches: 1
   Buffers: shared hit=7850
 Settings: enable_bitmapscan = 'off', enable_seqscan = 'off', max_parallel_workers_per_gather = '0'
 Planning:
   Buffers: shared hit=114
 Planning Time: 0.358 ms
 Execution Time: 2.178 ms
(10 rows)

