SET
SET
SET
SET
SET
                                             QUERY PLAN                                             
----------------------------------------------------------------------------------------------------
 Index Scan using idx on public.t (actual rows=64.00 loops=1)
   Output: a, b
   Index Cond: ((t.a >= '-17374'::integer) AND (t.a <= '-17311'::integer))
   Index Searches: 1
   Prefetch: distance=2.200 count=15 stalls=24 skipped=2 resets=0 ungets=0 forwarded=0
             histogram [2,4) => 14, [4,8) => 1
   Buffers: shared hit=43 read=25
 Settings: enable_bitmapscan = 'off', enable_seqscan = 'off', max_parallel_workers_per_gather = '0'
 Planning:
   Buffers: shared hit=82 read=27
 Planning Time: 6.376 ms
 Execution Time: 3.136 ms
(12 rows)

SET
SET
SET
SET
SET
                                             QUERY PLAN                                             
----------------------------------------------------------------------------------------------------
 Index Scan using idx on public.t (actual rows=64.00 loops=1)
   Output: a, b
   Index Cond: ((t.a >= '-17374'::integer) AND (t.a <= '-17311'::integer))
   Index Searches: 1
   Buffers: shared hit=68
 Settings: enable_bitmapscan = 'off', enable_seqscan = 'off', max_parallel_workers_per_gather = '0'
 Planning:
   Buffers: shared hit=114
 Planning Time: 0.550 ms
 Execution Time: 0.136 ms
(10 rows)

