SET
SET
SET
SET
SET
                                                                 QUERY PLAN                                                                  
---------------------------------------------------------------------------------------------------------------------------------------------
 Index Scan using idx on public.t (actual rows=2048.00 loops=1)
   Output: a, b
   Index Cond: ((t.a >= '-33464'::integer) AND (t.a <= '-31417'::integer))
   Index Searches: 1
   Prefetch: distance=249.072 count=1995 stalls=1 skipped=85 resets=0 ungets=42 forwarded=3
             histogram [2,4) => 2, [4,8) => 8, [8,16) => 8, [16,32) => 15, [32,64) => 14, [64,128) => 5, [128,256) => 651, [256,512) => 1292
   Buffers: shared hit=1922 read=53
 Settings: enable_bitmapscan = 'off', enable_seqscan = 'off', max_parallel_workers_per_gather = '0'
 Planning:
   Buffers: shared hit=82 read=27
 Planning Time: 6.260 ms
 Execution Time: 3.857 ms
(12 rows)

SET
SET
SET
SET
SET
                                             QUERY PLAN                                             
----------------------------------------------------------------------------------------------------
 Index Scan using idx on public.t (actual rows=2048.00 loops=1)
   Output: a, b
   Index Cond: ((t.a >= '-33464'::integer) AND (t.a <= '-31417'::integer))
   Index Searches: 1
   Buffers: shared hit=1975
 Settings: enable_bitmapscan = 'off', enable_seqscan = 'off', max_parallel_workers_per_gather = '0'
 Planning:
   Buffers: shared hit=114
 Planning Time: 0.361 ms
 Execution Time: 0.643 ms
(10 rows)

