SET
SET
SET
SET
SET
                                             QUERY PLAN                                             
----------------------------------------------------------------------------------------------------
 Index Scan using idx on public.t (actual rows=1024.00 loops=1)
   Output: a, b
   Index Cond: ((t.a >= '-23524'::integer) AND (t.a <= '-22501'::integer))
   Index Searches: 1
   Prefetch: distance=2.000 count=12 stalls=660 skipped=35 resets=0 ungets=0 forwarded=0
             histogram [2,4) => 12
   Buffers: shared hit=932 read=39
 Settings: enable_bitmapscan = 'off', enable_seqscan = 'off', max_parallel_workers_per_gather = '0'
 Planning:
   Buffers: shared hit=82 read=27
 Planning Time: 8.077 ms
 Execution Time: 5.002 ms
(12 rows)

SET
SET
SET
SET
SET
                                             QUERY PLAN                                             
----------------------------------------------------------------------------------------------------
 Index Scan using idx on public.t (actual rows=1024.00 loops=1)
   Output: a, b
   Index Cond: ((t.a >= '-23524'::integer) AND (t.a <= '-22501'::integer))
   Index Searches: 1
   Buffers: shared hit=971
 Settings: enable_bitmapscan = 'off', enable_seqscan = 'off', max_parallel_workers_per_gather = '0'
 Planning:
   Buffers: shared hit=114
 Planning Time: 0.393 ms
 Execution Time: 0.400 ms
(10 rows)

