SET
SET
SET
SET
SET
                                             QUERY PLAN                                             
----------------------------------------------------------------------------------------------------
 Index Scan using idx on public.t (actual rows=2048.00 loops=1)
   Output: a, b
   Index Cond: ((t.a >= '-21222'::integer) AND (t.a <= '-19175'::integer))
   Index Searches: 1
   Prefetch: distance=2.000 count=32 stalls=1716 skipped=89 resets=0 ungets=0 forwarded=0
             histogram [2,4) => 32
   Buffers: shared hit=1907 read=51
 Settings: enable_bitmapscan = 'off', enable_seqscan = 'off', max_parallel_workers_per_gather = '0'
 Planning:
   Buffers: shared hit=82 read=27
 Planning Time: 6.084 ms
 Execution Time: 5.845 ms
(12 rows)

SET
SET
SET
SET
SET
                                             QUERY PLAN                                             
----------------------------------------------------------------------------------------------------
 Index Scan using idx on public.t (actual rows=2048.00 loops=1)
   Output: a, b
   Index Cond: ((t.a >= '-21222'::integer) AND (t.a <= '-19175'::integer))
   Index Searches: 1
   Buffers: shared hit=1958
 Settings: enable_bitmapscan = 'off', enable_seqscan = 'off', max_parallel_workers_per_gather = '0'
 Planning:
   Buffers: shared hit=114
 Planning Time: 0.451 ms
 Execution Time: 0.597 ms
(10 rows)

