SET
SET
SET
SET
SET
                                                                  QUERY PLAN                                                                   
-----------------------------------------------------------------------------------------------------------------------------------------------
 Index Scan Backward using idx on public.t (actual rows=8192.00 loops=1)
   Output: a, b
   Index Cond: ((t.a >= '-31016'::integer) AND (t.a <= '-22825'::integer))
   Index Searches: 1
   Prefetch: distance=243.461 count=7840 stalls=2 skipped=349 resets=0 ungets=14 forwarded=1
             histogram [2,4) => 2, [4,8) => 8, [8,16) => 8, [16,32) => 14, [32,64) => 35, [64,128) => 50, [128,256) => 4328, [256,512) => 3395
   Buffers: shared hit=7743 read=128
 Settings: enable_bitmapscan = 'off', enable_seqscan = 'off', max_parallel_workers_per_gather = '0'
 Planning:
   Buffers: shared hit=86 read=27
 Planning Time: 6.215 ms
 Execution Time: 9.740 ms
(12 rows)

SET
SET
SET
SET
SET
                                             QUERY PLAN                                             
----------------------------------------------------------------------------------------------------
 Index Scan Backward using idx on public.t (actual rows=8192.00 loops=1)
   Output: a, b
   Index Cond: ((t.a >= '-31016'::integer) AND (t.a <= '-22825'::integer))
   Index Searches: 1
   Buffers: shared hit=7871
 Settings: enable_bitmapscan = 'off', enable_seqscan = 'off', max_parallel_workers_per_gather = '0'
 Planning:
   Buffers: shared hit=118
 Planning Time: 0.347 ms
 Execution Time: 2.256 ms
(10 rows)

