SET
SET
SET
SET
SET
                                             QUERY PLAN                                             
----------------------------------------------------------------------------------------------------
 Index Scan Backward using idx on public.t (actual rows=64.00 loops=1)
   Output: a, b
   Index Cond: ((t.a >= '-9340'::integer) AND (t.a <= '-9277'::integer))
   Index Searches: 1
   Prefetch: distance=14.571 count=42 stalls=1 skipped=0 resets=0 ungets=0 forwarded=0
             histogram [2,4) => 2, [4,8) => 6, [8,16) => 18, [16,32) => 13, [32,64) => 3
   Buffers: shared hit=43 read=28
 Settings: enable_bitmapscan = 'off', enable_seqscan = 'off', max_parallel_workers_per_gather = '0'
 Planning:
   Buffers: shared hit=86 read=27
 Planning Time: 6.683 ms
 Execution Time: 3.248 ms
(12 rows)

SET
SET
SET
SET
SET
                                             QUERY PLAN                                             
----------------------------------------------------------------------------------------------------
 Index Scan Backward using idx on public.t (actual rows=64.00 loops=1)
   Output: a, b
   Index Cond: ((t.a >= '-9340'::integer) AND (t.a <= '-9277'::integer))
   Index Searches: 1
   Buffers: shared hit=71
 Settings: enable_bitmapscan = 'off', enable_seqscan = 'off', max_parallel_workers_per_gather = '0'
 Planning:
   Buffers: shared hit=118
 Planning Time: 0.469 ms
 Execution Time: 0.167 ms
(10 rows)

