SET
SET
SET
SET
SET
                                             QUERY PLAN                                             
----------------------------------------------------------------------------------------------------
 Index Scan Backward using idx on public.t (actual rows=4096.00 loops=1)
   Output: a, b
   Index Cond: ((t.a >= '-20367'::integer) AND (t.a <= '-16272'::integer))
   Index Searches: 1
   Prefetch: distance=2.000 count=70 stalls=3527 skipped=153 resets=0 ungets=0 forwarded=0
             histogram [2,4) => 70
   Buffers: shared hit=3871 read=77
 Settings: enable_bitmapscan = 'off', enable_seqscan = 'off', max_parallel_workers_per_gather = '0'
 Planning:
   Buffers: shared hit=86 read=27
 Planning Time: 6.670 ms
 Execution Time: 7.261 ms
(12 rows)

SET
SET
SET
SET
SET
                                             QUERY PLAN                                             
----------------------------------------------------------------------------------------------------
 Index Scan Backward using idx on public.t (actual rows=4096.00 loops=1)
   Output: a, b
   Index Cond: ((t.a >= '-20367'::integer) AND (t.a <= '-16272'::integer))
   Index Searches: 1
   Buffers: shared hit=3948
 Settings: enable_bitmapscan = 'off', enable_seqscan = 'off', max_parallel_workers_per_gather = '0'
 Planning:
   Buffers: shared hit=118
 Planning Time: 0.348 ms
 Execution Time: 1.143 ms
(10 rows)

