SET
SET
SET
SET
SET
                                             QUERY PLAN                                             
----------------------------------------------------------------------------------------------------
 Index Scan Backward using idx on public.t (actual rows=2048.00 loops=1)
   Output: a, b
   Index Cond: ((t.a >= '-7726'::integer) AND (t.a <= '-5679'::integer))
   Index Searches: 1
   Prefetch: distance=2.108 count=37 stalls=1618 skipped=68 resets=0 ungets=0 forwarded=0
             histogram [2,4) => 35, [4,8) => 2
   Buffers: shared hit=1928 read=51
 Settings: enable_bitmapscan = 'off', enable_seqscan = 'off', max_parallel_workers_per_gather = '0'
 Planning:
   Buffers: shared hit=86 read=27
 Planning Time: 6.643 ms
 Execution Time: 4.895 ms
(12 rows)

SET
SET
SET
SET
SET
                                             QUERY PLAN                                             
----------------------------------------------------------------------------------------------------
 Index Scan Backward using idx on public.t (actual rows=2048.00 loops=1)
   Output: a, b
   Index Cond: ((t.a >= '-7726'::integer) AND (t.a <= '-5679'::integer))
   Index Searches: 1
   Buffers: shared hit=1979
 Settings: enable_bitmapscan = 'off', enable_seqscan = 'off', max_parallel_workers_per_gather = '0'
 Planning:
   Buffers: shared hit=118
 Planning Time: 0.464 ms
 Execution Time: 0.876 ms
(10 rows)

