SET
SET
SET
SET
SET
                                                                      QUERY PLAN                                                                      
------------------------------------------------------------------------------------------------------------------------------------------------------
 Index Scan Backward using idx on public.t (actual rows=1048576.00 loops=1)
   Output: a, b
   Index Cond: ((t.a >= '-1053837'::integer) AND (t.a <= '-5262'::integer))
   Index Searches: 1
   Prefetch: distance=246.571 count=1003841 stalls=3 skipped=45167 resets=0 ungets=445 forwarded=227
             histogram [2,4) => 6, [4,8) => 5, [8,16) => 11, [16,32) => 18, [32,64) => 27, [64,128) => 1223, [128,256) => 545859, [256,512) => 456692
   Buffers: shared hit=993587 read=12693
 Settings: enable_bitmapscan = 'off', enable_seqscan = 'off', max_parallel_workers_per_gather = '0'
 Planning:
   Buffers: shared hit=82 read=27
 Planning Time: 6.813 ms
 Execution Time: 791.187 ms
(12 rows)

SET
SET
SET
SET
SET
                                             QUERY PLAN                                             
----------------------------------------------------------------------------------------------------
 Index Scan Backward using idx on public.t (actual rows=1048576.00 loops=1)
   Output: a, b
   Index Cond: ((t.a >= '-1053837'::integer) AND (t.a <= '-5262'::integer))
   Index Searches: 1
   Buffers: shared hit=1006280
 Settings: enable_bitmapscan = 'off', enable_seqscan = 'off', max_parallel_workers_per_gather = '0'
 Planning:
   Buffers: shared hit=114
 Planning Time: 0.619 ms
 Execution Time: 369.273 ms
(10 rows)

