SET
SET
SET
SET
SET
                                             QUERY PLAN                                             
----------------------------------------------------------------------------------------------------
 Index Scan Backward using idx on public.t (actual rows=2048.00 loops=1)
   Output: a, b
   Index Cond: ((t.a >= '-32181'::integer) AND (t.a <= '-32054'::integer))
   Index Searches: 1
   Prefetch: distance=2.000 count=50 stalls=1409 skipped=523 resets=0 ungets=0 forwarded=0
             histogram [2,4) => 50
   Buffers: shared hit=1461 read=58
 Settings: enable_bitmapscan = 'off', enable_seqscan = 'off', max_parallel_workers_per_gather = '0'
 Planning:
   Buffers: shared hit=81 read=24
 Planning Time: 6.137 ms
 Execution Time: 5.151 ms
(12 rows)

SET
SET
SET
SET
SET
                                             QUERY PLAN                                             
----------------------------------------------------------------------------------------------------
 Index Scan Backward using idx on public.t (actual rows=2048.00 loops=1)
   Output: a, b
   Index Cond: ((t.a >= '-32181'::integer) AND (t.a <= '-32054'::integer))
   Index Searches: 1
   Buffers: shared hit=1519
 Settings: enable_bitmapscan = 'off', enable_seqscan = 'off', max_parallel_workers_per_gather = '0'
 Planning:
   Buffers: shared hit=110
 Planning Time: 0.321 ms
 Execution Time: 0.581 ms
(10 rows)

