SET
SET
SET
SET
SET
                                             QUERY PLAN                                             
----------------------------------------------------------------------------------------------------
 Index Scan Backward using idx on public.t (actual rows=4096.00 loops=1)
   Output: a, b
   Index Cond: ((t.a >= '-8175'::integer) AND (t.a <= '-7920'::integer))
   Index Searches: 1
   Prefetch: distance=2.032 count=93 stalls=2867 skipped=1057 resets=0 ungets=0 forwarded=0
             histogram [2,4) => 92, [4,8) => 1
   Buffers: shared hit=2958 read=85
 Settings: enable_bitmapscan = 'off', enable_seqscan = 'off', max_parallel_workers_per_gather = '0'
 Planning:
   Buffers: shared hit=85 read=28
 Planning Time: 6.652 ms
 Execution Time: 6.622 ms
(12 rows)

SET
SET
SET
SET
SET
                                             QUERY PLAN                                             
----------------------------------------------------------------------------------------------------
 Index Scan Backward using idx on public.t (actual rows=4096.00 loops=1)
   Output: a, b
   Index Cond: ((t.a >= '-8175'::integer) AND (t.a <= '-7920'::integer))
   Index Searches: 1
   Buffers: shared hit=3043
 Settings: enable_bitmapscan = 'off', enable_seqscan = 'off', max_parallel_workers_per_gather = '0'
 Planning:
   Buffers: shared hit=118
 Planning Time: 0.371 ms
 Execution Time: 1.081 ms
(10 rows)

