SET
SET
SET
SET
SET
                                             QUERY PLAN                                             
----------------------------------------------------------------------------------------------------
 Index Scan Backward using idx on public.t (actual rows=4096.00 loops=1)
   Output: a, b
   Index Cond: ((t.a >= '-20697'::integer) AND (t.a <= '-16602'::integer))
   Index Searches: 1
   Prefetch: distance=2.000 count=98 stalls=3818 skipped=164 resets=0 ungets=0 forwarded=0
             histogram [2,4) => 98
   Buffers: shared hit=3873 read=76
 Settings: enable_bitmapscan = 'off', enable_seqscan = 'off', max_parallel_workers_per_gather = '0'
 Planning:
   Buffers: shared hit=86 read=27
 Planning Time: 6.671 ms
 Execution Time: 5.546 ms
(12 rows)

SET
SET
SET
SET
SET
                                             QUERY PLAN                                             
----------------------------------------------------------------------------------------------------
 Index Scan Backward using idx on public.t (actual rows=4096.00 loops=1)
   Output: a, b
   Index Cond: ((t.a >= '-20697'::integer) AND (t.a <= '-16602'::integer))
   Index Searches: 1
   Buffers: shared hit=3949
 Settings: enable_bitmapscan = 'off', enable_seqscan = 'off', max_parallel_workers_per_gather = '0'
 Planning:
   Buffers: shared hit=118
 Planning Time: 0.471 ms
 Execution Time: 1.664 ms
(10 rows)

