SET
SET
SET
SET
SET
                                             QUERY PLAN                                             
----------------------------------------------------------------------------------------------------
 Index Scan Backward using idx on public.t (actual rows=2048.00 loops=1)
   Output: a, b
   Index Cond: ((t.a >= '-18202'::integer) AND (t.a <= '-16155'::integer))
   Index Searches: 1
   Prefetch: distance=2.000 count=34 stalls=1849 skipped=68 resets=0 ungets=0 forwarded=0
             histogram [2,4) => 34
   Buffers: shared hit=1936 read=51
 Settings: enable_bitmapscan = 'off', enable_seqscan = 'off', max_parallel_workers_per_gather = '0'
 Planning:
   Buffers: shared hit=86 read=27
 Planning Time: 6.662 ms
 Execution Time: 3.592 ms
(12 rows)

SET
SET
SET
SET
SET
                                             QUERY PLAN                                             
----------------------------------------------------------------------------------------------------
 Index Scan Backward using idx on public.t (actual rows=2048.00 loops=1)
   Output: a, b
   Index Cond: ((t.a >= '-18202'::integer) AND (t.a <= '-16155'::integer))
   Index Searches: 1
   Buffers: shared hit=1987
 Settings: enable_bitmapscan = 'off', enable_seqscan = 'off', max_parallel_workers_per_gather = '0'
 Planning:
   Buffers: shared hit=118
 Planning Time: 0.454 ms
 Execution Time: 0.963 ms
(10 rows)

