SET
SET
SET
SET
SET
                                             QUERY PLAN                                             
----------------------------------------------------------------------------------------------------
 Index Scan Backward using idx on public.t (actual rows=2048.00 loops=1)
   Output: a, b
   Index Cond: ((t.a >= '-30721'::integer) AND (t.a <= '-28674'::integer))
   Index Searches: 1
   Prefetch: distance=2.169 count=59 stalls=1901 skipped=66 resets=0 ungets=0 forwarded=1
             histogram [2,4) => 56, [4,8) => 3
   Buffers: shared hit=1940 read=54
 Settings: enable_bitmapscan = 'off', enable_seqscan = 'off', max_parallel_workers_per_gather = '0'
 Planning:
   Buffers: shared hit=86 read=27
 Planning Time: 6.860 ms
 Execution Time: 5.280 ms
(12 rows)

SET
SET
SET
SET
SET
                                             QUERY PLAN                                             
----------------------------------------------------------------------------------------------------
 Index Scan Backward using idx on public.t (actual rows=2048.00 loops=1)
   Output: a, b
   Index Cond: ((t.a >= '-30721'::integer) AND (t.a <= '-28674'::integer))
   Index Searches: 1
   Buffers: shared hit=1994
 Settings: enable_bitmapscan = 'off', enable_seqscan = 'off', max_parallel_workers_per_gather = '0'
 Planning:
   Buffers: shared hit=118
 Planning Time: 0.350 ms
 Execution Time: 0.616 ms
(10 rows)

