SET
SET
SET
SET
SET
                                             QUERY PLAN                                             
----------------------------------------------------------------------------------------------------
 Index Scan Backward using idx on public.t (actual rows=4096.00 loops=1)
   Output: a, b
   Index Cond: ((t.a >= '-26042'::integer) AND (t.a <= '-21947'::integer))
   Index Searches: 1
   Prefetch: distance=2.083 count=72 stalls=3678 skipped=185 resets=0 ungets=0 forwarded=0
             histogram [2,4) => 70, [4,8) => 2
   Buffers: shared hit=3850 read=74
 Settings: enable_bitmapscan = 'off', enable_seqscan = 'off', max_parallel_workers_per_gather = '0'
 Planning:
   Buffers: shared hit=86 read=27
 Planning Time: 6.556 ms
 Execution Time: 7.114 ms
(12 rows)

SET
SET
SET
SET
SET
                                             QUERY PLAN                                             
----------------------------------------------------------------------------------------------------
 Index Scan Backward using idx on public.t (actual rows=4096.00 loops=1)
   Output: a, b
   Index Cond: ((t.a >= '-26042'::integer) AND (t.a <= '-21947'::integer))
   Index Searches: 1
   Buffers: shared hit=3924
 Settings: enable_bitmapscan = 'off', enable_seqscan = 'off', max_parallel_workers_per_gather = '0'
 Planning:
   Buffers: shared hit=118
 Planning Time: 0.398 ms
 Execution Time: 1.237 ms
(10 rows)

