SET
SET
SET
SET
SET
                                             QUERY PLAN                                             
----------------------------------------------------------------------------------------------------
 Index Scan Backward using idx on public.t (actual rows=512.00 loops=1)
   Output: a, b
   Index Cond: ((t.a >= '-23629'::integer) AND (t.a <= '-23118'::integer))
   Index Searches: 1
   Prefetch: distance=2.231 count=13 stalls=381 skipped=30 resets=0 ungets=0 forwarded=0
             histogram [2,4) => 12, [4,8) => 1
   Buffers: shared hit=450 read=35
 Settings: enable_bitmapscan = 'off', enable_seqscan = 'off', max_parallel_workers_per_gather = '0'
 Planning:
   Buffers: shared hit=86 read=27
 Planning Time: 6.363 ms
 Execution Time: 3.255 ms
(12 rows)

SET
SET
SET
SET
SET
                                             QUERY PLAN                                             
----------------------------------------------------------------------------------------------------
 Index Scan Backward using idx on public.t (actual rows=512.00 loops=1)
   Output: a, b
   Index Cond: ((t.a >= '-23629'::integer) AND (t.a <= '-23118'::integer))
   Index Searches: 1
   Buffers: shared hit=485
 Settings: enable_bitmapscan = 'off', enable_seqscan = 'off', max_parallel_workers_per_gather = '0'
 Planning:
   Buffers: shared hit=118
 Planning Time: 0.364 ms
 Execution Time: 0.223 ms
(10 rows)

