SET
SET
SET
SET
SET
                                             QUERY PLAN                                             
----------------------------------------------------------------------------------------------------
 Index Scan Backward using idx on public.t (actual rows=512.00 loops=1)
   Output: a, b
   Index Cond: ((t.a >= '-11385'::integer) AND (t.a <= '-10874'::integer))
   Index Searches: 1
   Prefetch: distance=2.143 count=21 stalls=432 skipped=21 resets=0 ungets=0 forwarded=0
             histogram [2,4) => 20, [4,8) => 1
   Buffers: shared hit=465 read=34
 Settings: enable_bitmapscan = 'off', enable_seqscan = 'off', max_parallel_workers_per_gather = '0'
 Planning:
   Buffers: shared hit=82 read=26
 Planning Time: 6.395 ms
 Execution Time: 4.327 ms
(12 rows)

SET
SET
SET
SET
SET
                                             QUERY PLAN                                             
----------------------------------------------------------------------------------------------------
 Index Scan Backward using idx on public.t (actual rows=512.00 loops=1)
   Output: a, b
   Index Cond: ((t.a >= '-11385'::integer) AND (t.a <= '-10874'::integer))
   Index Searches: 1
   Buffers: shared hit=499
 Settings: enable_bitmapscan = 'off', enable_seqscan = 'off', max_parallel_workers_per_gather = '0'
 Planning:
   Buffers: shared hit=113
 Planning Time: 0.363 ms
 Execution Time: 0.243 ms
(10 rows)

