SET
SET
SET
SET
SET
                                             QUERY PLAN                                             
----------------------------------------------------------------------------------------------------
 Index Scan Backward using idx on public.t (actual rows=4096.00 loops=1)
   Output: a, b
   Index Cond: ((t.a >= '-18766'::integer) AND (t.a <= '-14671'::integer))
   Index Searches: 1
   Prefetch: distance=2.000 count=76 stalls=3782 skipped=139 resets=0 ungets=0 forwarded=0
             histogram [2,4) => 76
   Buffers: shared hit=3890 read=78
 Settings: enable_bitmapscan = 'off', enable_seqscan = 'off', max_parallel_workers_per_gather = '0'
 Planning:
   Buffers: shared hit=82 read=26
 Planning Time: 6.446 ms
 Execution Time: 9.353 ms
(12 rows)

SET
SET
SET
SET
SET
                                             QUERY PLAN                                             
----------------------------------------------------------------------------------------------------
 Index Scan Backward using idx on public.t (actual rows=4096.00 loops=1)
   Output: a, b
   Index Cond: ((t.a >= '-18766'::integer) AND (t.a <= '-14671'::integer))
   Index Searches: 1
   Buffers: shared hit=3968
 Settings: enable_bitmapscan = 'off', enable_seqscan = 'off', max_parallel_workers_per_gather = '0'
 Planning:
   Buffers: shared hit=113
 Planning Time: 0.354 ms
 Execution Time: 1.154 ms
(10 rows)

