SET
SET
SET
SET
SET
                                             QUERY PLAN                                             
----------------------------------------------------------------------------------------------------
 Index Scan Backward using idx on public.t (actual rows=4096.00 loops=1)
   Output: a, b
   Index Cond: ((t.a >= '-9678'::integer) AND (t.a <= '-5583'::integer))
   Index Searches: 1
   Prefetch: distance=2.000 count=74 stalls=3691 skipped=170 resets=0 ungets=0 forwarded=0
             histogram [2,4) => 74
   Buffers: shared hit=3859 read=76
 Settings: enable_bitmapscan = 'off', enable_seqscan = 'off', max_parallel_workers_per_gather = '0'
 Planning:
   Buffers: shared hit=82 read=26
 Planning Time: 6.486 ms
 Execution Time: 9.358 ms
(12 rows)

SET
SET
SET
SET
SET
                                             QUERY PLAN                                             
----------------------------------------------------------------------------------------------------
 Index Scan Backward using idx on public.t (actual rows=4096.00 loops=1)
   Output: a, b
   Index Cond: ((t.a >= '-9678'::integer) AND (t.a <= '-5583'::integer))
   Index Searches: 1
   Buffers: shared hit=3935
 Settings: enable_bitmapscan = 'off', enable_seqscan = 'off', max_parallel_workers_per_gather = '0'
 Planning:
   Buffers: shared hit=113
 Planning Time: 0.343 ms
 Execution Time: 1.133 ms
(10 rows)

