SET
SET
SET
SET
SET
                                             QUERY PLAN                                             
----------------------------------------------------------------------------------------------------
 Index Scan Backward using idx on public.t (actual rows=32.00 loops=1)
   Output: a, b
   Index Cond: ((t.a >= '-18314'::integer) AND (t.a <= '-18283'::integer))
   Index Searches: 1
   Prefetch: distance=3.176 count=17 stalls=2 skipped=0 resets=0 ungets=0 forwarded=0
             histogram [2,4) => 10, [4,8) => 7
   Buffers: shared hit=20 read=18
 Settings: enable_bitmapscan = 'off', enable_seqscan = 'off', max_parallel_workers_per_gather = '0'
 Planning:
   Buffers: shared hit=82 read=26
 Planning Time: 6.448 ms
 Execution Time: 2.915 ms
(12 rows)

SET
SET
SET
SET
SET
                                             QUERY PLAN                                             
----------------------------------------------------------------------------------------------------
 Index Scan Backward using idx on public.t (actual rows=32.00 loops=1)
   Output: a, b
   Index Cond: ((t.a >= '-18314'::integer) AND (t.a <= '-18283'::integer))
   Index Searches: 1
   Buffers: shared hit=38
 Settings: enable_bitmapscan = 'off', enable_seqscan = 'off', max_parallel_workers_per_gather = '0'
 Planning:
   Buffers: shared hit=113
 Planning Time: 0.372 ms
 Execution Time: 0.082 ms
(10 rows)

