SET
SET
SET
SET
SET
                                             QUERY PLAN                                             
----------------------------------------------------------------------------------------------------
 Index Scan Backward using idx on public.t (actual rows=1024.00 loops=1)
   Output: a, b
   Index Cond: ((t.a >= '-14934'::integer) AND (t.a <= '-13911'::integer))
   Index Searches: 1
   Prefetch: distance=2.000 count=14 stalls=679 skipped=38 resets=0 ungets=0 forwarded=0
             histogram [2,4) => 14
   Buffers: shared hit=942 read=39
 Settings: enable_bitmapscan = 'off', enable_seqscan = 'off', max_parallel_workers_per_gather = '0'
 Planning:
   Buffers: shared hit=82 read=26
 Planning Time: 6.342 ms
 Execution Time: 5.019 ms
(12 rows)

SET
SET
SET
SET
SET
                                             QUERY PLAN                                             
----------------------------------------------------------------------------------------------------
 Index Scan Backward using idx on public.t (actual rows=1024.00 loops=1)
   Output: a, b
   Index Cond: ((t.a >= '-14934'::integer) AND (t.a <= '-13911'::integer))
   Index Searches: 1
   Buffers: shared hit=981
 Settings: enable_bitmapscan = 'off', enable_seqscan = 'off', max_parallel_workers_per_gather = '0'
 Planning:
   Buffers: shared hit=113
 Planning Time: 0.350 ms
 Execution Time: 0.352 ms
(10 rows)

