SET
SET
SET
SET
SET
                                                                        QUERY PLAN                                                                         
-----------------------------------------------------------------------------------------------------------------------------------------------------------
 Index Scan Backward using idx on public.t (actual rows=2048576.00 loops=1)
   Output: a, b
   Index Cond: ((t.a >= '-2056194'::integer) AND (t.a <= '-7619'::integer))
   Index Searches: 1
   Prefetch: distance=243.964 count=1499496 stalls=461675 skipped=88206 resets=0 ungets=806 forwarded=718
             histogram [2,4) => 9199, [4,8) => 38, [8,16) => 25, [16,32) => 61, [32,64) => 118, [64,128) => 3401, [128,256) => 833121, [256,512) => 653533
   Buffers: shared hit=1941199 read=24772
 Settings: enable_bitmapscan = 'off', enable_seqscan = 'off', max_parallel_workers_per_gather = '0'
 Planning:
   Buffers: shared hit=78 read=26
 Planning Time: 6.290 ms
 Execution Time: 1956.650 ms
(12 rows)

SET
SET
SET
SET
SET
                                             QUERY PLAN                                             
----------------------------------------------------------------------------------------------------
 Index Scan Backward using idx on public.t (actual rows=2048576.00 loops=1)
   Output: a, b
   Index Cond: ((t.a >= '-2056194'::integer) AND (t.a <= '-7619'::integer))
   Index Searches: 1
   Buffers: shared hit=1965973
 Settings: enable_bitmapscan = 'off', enable_seqscan = 'off', max_parallel_workers_per_gather = '0'
 Planning:
   Buffers: shared hit=109
 Planning Time: 0.394 ms
 Execution Time: 530.998 ms
(10 rows)

