SET
SET
SET
SET
SET
                                             QUERY PLAN                                             
----------------------------------------------------------------------------------------------------
 Index Scan Backward using idx on public.t (actual rows=512.00 loops=1)
   Output: a, b
   Index Cond: ((t.a >= '-25806'::integer) AND (t.a <= '-25775'::integer))
   Index Searches: 1
   Prefetch: distance=2.000 count=8 stalls=193 skipped=66 resets=0 ungets=0 forwarded=0
             histogram [2,4) => 8
   Buffers: shared hit=354 read=34
 Settings: enable_bitmapscan = 'off', enable_seqscan = 'off', max_parallel_workers_per_gather = '0'
 Planning:
   Buffers: shared hit=81 read=24
 Planning Time: 6.166 ms
 Execution Time: 3.667 ms
(12 rows)

SET
SET
SET
SET
SET
                                             QUERY PLAN                                             
----------------------------------------------------------------------------------------------------
 Index Scan Backward using idx on public.t (actual rows=512.00 loops=1)
   Output: a, b
   Index Cond: ((t.a >= '-25806'::integer) AND (t.a <= '-25775'::integer))
   Index Searches: 1
   Buffers: shared hit=388
 Settings: enable_bitmapscan = 'off', enable_seqscan = 'off', max_parallel_workers_per_gather = '0'
 Planning:
   Buffers: shared hit=110
 Planning Time: 0.322 ms
 Execution Time: 0.210 ms
(10 rows)

