SET
SET
SET
SET
SET
                                             QUERY PLAN                                             
----------------------------------------------------------------------------------------------------
 Index Scan using idx on public.t (actual rows=4096.00 loops=1)
   Output: a, b
   Index Cond: ((t.a >= '-24076'::integer) AND (t.a <= '-19981'::integer))
   Index Searches: 1
   Prefetch: distance=2.000 count=76 stalls=3698 skipped=173 resets=0 ungets=0 forwarded=0
             histogram [2,4) => 76
   Buffers: shared hit=3855 read=76
 Settings: enable_bitmapscan = 'off', enable_seqscan = 'off', max_parallel_workers_per_gather = '0'
 Planning:
   Buffers: shared hit=86 read=26
 Planning Time: 6.354 ms
 Execution Time: 6.238 ms
(12 rows)

SET
SET
SET
SET
SET
                                             QUERY PLAN                                             
----------------------------------------------------------------------------------------------------
 Index Scan using idx on public.t (actual rows=4096.00 loops=1)
   Output: a, b
   Index Cond: ((t.a >= '-24076'::integer) AND (t.a <= '-19981'::integer))
   Index Searches: 1
   Buffers: shared hit=3931
 Settings: enable_bitmapscan = 'off', enable_seqscan = 'off', max_parallel_workers_per_gather = '0'
 Planning:
   Buffers: shared hit=117
 Planning Time: 0.469 ms
 Execution Time: 1.630 ms
(10 rows)

