SET
SET
SET
SET
SET
                                             QUERY PLAN                                             
----------------------------------------------------------------------------------------------------
 Index Scan Backward using idx on public.t (actual rows=2048.00 loops=1)
   Output: a, b
   Index Cond: ((t.a >= '-29314'::integer) AND (t.a <= '-29187'::integer))
   Index Searches: 1
   Prefetch: distance=2.000 count=44 stalls=1343 skipped=474 resets=0 ungets=0 forwarded=0
             histogram [2,4) => 44
   Buffers: shared hit=1481 read=58
 Settings: enable_bitmapscan = 'off', enable_seqscan = 'off', max_parallel_workers_per_gather = '0'
 Planning:
   Buffers: shared hit=81 read=24
 Planning Time: 5.953 ms
 Execution Time: 5.633 ms
(12 rows)

SET
SET
SET
SET
SET
                                             QUERY PLAN                                             
----------------------------------------------------------------------------------------------------
 Index Scan Backward using idx on public.t (actual rows=2048.00 loops=1)
   Output: a, b
   Index Cond: ((t.a >= '-29314'::integer) AND (t.a <= '-29187'::integer))
   Index Searches: 1
   Buffers: shared hit=1539
 Settings: enable_bitmapscan = 'off', enable_seqscan = 'off', max_parallel_workers_per_gather = '0'
 Planning:
   Buffers: shared hit=110
 Planning Time: 0.327 ms
 Execution Time: 0.596 ms
(10 rows)

