SET
SET
SET
SET
SET
                                             QUERY PLAN                                             
----------------------------------------------------------------------------------------------------
 Index Scan using idx on public.t (actual rows=1024.00 loops=1)
   Output: a, b
   Index Cond: ((t.a >= '-2165'::integer) AND (t.a <= '-1142'::integer))
   Index Searches: 1
   Prefetch: distance=2.000 count=12 stalls=662 skipped=28 resets=0 ungets=0 forwarded=0
             histogram [2,4) => 12
   Buffers: shared hit=949 read=34
 Settings: enable_bitmapscan = 'off', enable_seqscan = 'off', max_parallel_workers_per_gather = '0'
 Planning:
   Buffers: shared hit=86 read=26
 Planning Time: 6.094 ms
 Execution Time: 3.152 ms
(12 rows)

SET
SET
SET
SET
SET
                                             QUERY PLAN                                             
----------------------------------------------------------------------------------------------------
 Index Scan using idx on public.t (actual rows=1024.00 loops=1)
   Output: a, b
   Index Cond: ((t.a >= '-2165'::integer) AND (t.a <= '-1142'::integer))
   Index Searches: 1
   Buffers: shared hit=983
 Settings: enable_bitmapscan = 'off', enable_seqscan = 'off', max_parallel_workers_per_gather = '0'
 Planning:
   Buffers: shared hit=117
 Planning Time: 0.365 ms
 Execution Time: 0.344 ms
(10 rows)

