SET
SET
SET
SET
SET
                                             QUERY PLAN                                             
----------------------------------------------------------------------------------------------------
 Index Scan using idx on public.t (actual rows=2048.00 loops=1)
   Output: a, b
   Index Cond: ((t.a >= '-23128'::integer) AND (t.a <= '-21081'::integer))
   Index Searches: 1
   Prefetch: distance=2.000 count=36 stalls=1778 skipped=87 resets=0 ungets=0 forwarded=0
             histogram [2,4) => 36
   Buffers: shared hit=1915 read=52
 Settings: enable_bitmapscan = 'off', enable_seqscan = 'off', max_parallel_workers_per_gather = '0'
 Planning:
   Buffers: shared hit=86 read=26
 Planning Time: 6.335 ms
 Execution Time: 4.915 ms
(12 rows)

SET
SET
SET
SET
SET
                                             QUERY PLAN                                             
----------------------------------------------------------------------------------------------------
 Index Scan using idx on public.t (actual rows=2048.00 loops=1)
   Output: a, b
   Index Cond: ((t.a >= '-23128'::integer) AND (t.a <= '-21081'::integer))
   Index Searches: 1
   Buffers: shared hit=1967
 Settings: enable_bitmapscan = 'off', enable_seqscan = 'off', max_parallel_workers_per_gather = '0'
 Planning:
   Buffers: shared hit=117
 Planning Time: 0.379 ms
 Execution Time: 0.663 ms
(10 rows)

