SET
SET
SET
SET
SET
                                             QUERY PLAN                                             
----------------------------------------------------------------------------------------------------
 Index Scan using idx on public.t (actual rows=4096.00 loops=1)
   Output: a, b
   Index Cond: ((t.a >= '-12912'::integer) AND (t.a <= '-8817'::integer))
   Index Searches: 1
   Prefetch: distance=2.000 count=74 stalls=3512 skipped=177 resets=0 ungets=0 forwarded=0
             histogram [2,4) => 74
   Buffers: shared hit=3844 read=76
 Settings: enable_bitmapscan = 'off', enable_seqscan = 'off', max_parallel_workers_per_gather = '0'
 Planning:
   Buffers: shared hit=86 read=26
 Planning Time: 6.491 ms
 Execution Time: 5.984 ms
(12 rows)

SET
SET
SET
SET
SET
                                             QUERY PLAN                                             
----------------------------------------------------------------------------------------------------
 Index Scan using idx on public.t (actual rows=4096.00 loops=1)
   Output: a, b
   Index Cond: ((t.a >= '-12912'::integer) AND (t.a <= '-8817'::integer))
   Index Searches: 1
   Buffers: shared hit=3920
 Settings: enable_bitmapscan = 'off', enable_seqscan = 'off', max_parallel_workers_per_gather = '0'
 Planning:
   Buffers: shared hit=117
 Planning Time: 0.380 ms
 Execution Time: 1.126 ms
(10 rows)

