SET
SET
SET
SET
SET
                                             QUERY PLAN                                             
----------------------------------------------------------------------------------------------------
 Index Scan using idx on public.t (actual rows=512.00 loops=1)
   Output: a, b
   Index Cond: ((t.a >= '-2984'::integer) AND (t.a <= '-2473'::integer))
   Index Searches: 1
   Prefetch: distance=2.000 count=8 stalls=397 skipped=18 resets=0 ungets=0 forwarded=0
             histogram [2,4) => 8
   Buffers: shared hit=467 read=32
 Settings: enable_bitmapscan = 'off', enable_seqscan = 'off', max_parallel_workers_per_gather = '0'
 Planning:
   Buffers: shared hit=86 read=26
 Planning Time: 6.429 ms
 Execution Time: 3.668 ms
(12 rows)

SET
SET
SET
SET
SET
                                             QUERY PLAN                                             
----------------------------------------------------------------------------------------------------
 Index Scan using idx on public.t (actual rows=512.00 loops=1)
   Output: a, b
   Index Cond: ((t.a >= '-2984'::integer) AND (t.a <= '-2473'::integer))
   Index Searches: 1
   Buffers: shared hit=499
 Settings: enable_bitmapscan = 'off', enable_seqscan = 'off', max_parallel_workers_per_gather = '0'
 Planning:
   Buffers: shared hit=117
 Planning Time: 0.392 ms
 Execution Time: 0.240 ms
(10 rows)

