SET
SET
SET
SET
SET
                                             QUERY PLAN                                             
----------------------------------------------------------------------------------------------------
 Index Scan using idx on public.t (actual rows=2048.00 loops=1)
   Output: a, b
   Index Cond: ((t.a >= '-34421'::integer) AND (t.a <= '-32374'::integer))
   Index Searches: 1
   Prefetch: distance=2.000 count=34 stalls=1737 skipped=77 resets=0 ungets=0 forwarded=0
             histogram [2,4) => 34
   Buffers: shared hit=1924 read=51
 Settings: enable_bitmapscan = 'off', enable_seqscan = 'off', max_parallel_workers_per_gather = '0'
 Planning:
   Buffers: shared hit=86 read=26
 Planning Time: 6.256 ms
 Execution Time: 5.014 ms
(12 rows)

SET
SET
SET
SET
SET
                                             QUERY PLAN                                             
----------------------------------------------------------------------------------------------------
 Index Scan using idx on public.t (actual rows=2048.00 loops=1)
   Output: a, b
   Index Cond: ((t.a >= '-34421'::integer) AND (t.a <= '-32374'::integer))
   Index Searches: 1
   Buffers: shared hit=1975
 Settings: enable_bitmapscan = 'off', enable_seqscan = 'off', max_parallel_workers_per_gather = '0'
 Planning:
   Buffers: shared hit=117
 Planning Time: 0.488 ms
 Execution Time: 0.620 ms
(10 rows)

