SET
SET
SET
SET
SET
                                             QUERY PLAN                                             
----------------------------------------------------------------------------------------------------
 Index Scan using idx on public.t (actual rows=4096.00 loops=1)
   Output: a, b
   Index Cond: ((t.a >= '-27794'::integer) AND (t.a <= '-23699'::integer))
   Index Searches: 1
   Prefetch: distance=2.000 count=78 stalls=3769 skipped=158 resets=0 ungets=0 forwarded=0
             histogram [2,4) => 78
   Buffers: shared hit=3875 read=76
 Settings: enable_bitmapscan = 'off', enable_seqscan = 'off', max_parallel_workers_per_gather = '0'
 Planning:
   Buffers: shared hit=86 read=26
 Planning Time: 6.007 ms
 Execution Time: 6.336 ms
(12 rows)

SET
SET
SET
SET
SET
                                             QUERY PLAN                                             
----------------------------------------------------------------------------------------------------
 Index Scan using idx on public.t (actual rows=4096.00 loops=1)
   Output: a, b
   Index Cond: ((t.a >= '-27794'::integer) AND (t.a <= '-23699'::integer))
   Index Searches: 1
   Buffers: shared hit=3951
 Settings: enable_bitmapscan = 'off', enable_seqscan = 'off', max_parallel_workers_per_gather = '0'
 Planning:
   Buffers: shared hit=117
 Planning Time: 0.369 ms
 Execution Time: 1.147 ms
(10 rows)

