SET
SET
SET
SET
SET
                                                                         QUERY PLAN                                                                         
------------------------------------------------------------------------------------------------------------------------------------------------------------
 Index Scan using idx on public.t (actual rows=7048576.00 loops=1)
   Output: a, b
   Index Cond: ((t.a >= '-7074191'::integer) AND (t.a <= '-25616'::integer))
   Index Searches: 1
   Prefetch: distance=97.936 count=235407 stalls=6509872 skipped=303307 resets=0 ungets=14 forwarded=8
             histogram [2,4) => 129680, [4,8) => 464, [8,16) => 12, [16,32) => 31, [32,64) => 145, [64,128) => 3880, [128,256) => 81184, [256,512) => 20011
   Buffers: shared hit=6679373 read=85161
 Settings: enable_bitmapscan = 'off', enable_seqscan = 'off', max_parallel_workers_per_gather = '0'
 Planning:
   Buffers: shared hit=82 read=26
 Planning Time: 6.190 ms
 Execution Time: 3738.360 ms
(12 rows)

SET
SET
SET
SET
SET
                                             QUERY PLAN                                             
----------------------------------------------------------------------------------------------------
 Index Scan using idx on public.t (actual rows=7048576.00 loops=1)
   Output: a, b
   Index Cond: ((t.a >= '-7074191'::integer) AND (t.a <= '-25616'::integer))
   Index Searches: 1
   Buffers: shared hit=6764534
 Settings: enable_bitmapscan = 'off', enable_seqscan = 'off', max_parallel_workers_per_gather = '0'
 Planning:
   Buffers: shared hit=113
 Planning Time: 0.535 ms
 Execution Time: 2508.135 ms
(10 rows)

