SET
SET
SET
SET
SET
                                             QUERY PLAN                                             
----------------------------------------------------------------------------------------------------
 Index Scan using idx on public.t (actual rows=128.00 loops=1)
   Output: a, b
   Index Cond: ((t.a >= '-11795'::integer) AND (t.a <= '-11668'::integer))
   Index Searches: 1
   Prefetch: distance=2.231 count=13 stalls=66 skipped=5 resets=0 ungets=0 forwarded=0
             histogram [2,4) => 12, [4,8) => 1
   Buffers: shared hit=99 read=29
 Settings: enable_bitmapscan = 'off', enable_seqscan = 'off', max_parallel_workers_per_gather = '0'
 Planning:
   Buffers: shared hit=86 read=26
 Planning Time: 6.333 ms
 Execution Time: 3.609 ms
(12 rows)

SET
SET
SET
SET
SET
                                             QUERY PLAN                                             
----------------------------------------------------------------------------------------------------
 Index Scan using idx on public.t (actual rows=128.00 loops=1)
   Output: a, b
   Index Cond: ((t.a >= '-11795'::integer) AND (t.a <= '-11668'::integer))
   Index Searches: 1
   Buffers: shared hit=128
 Settings: enable_bitmapscan = 'off', enable_seqscan = 'off', max_parallel_workers_per_gather = '0'
 Planning:
   Buffers: shared hit=117
 Planning Time: 0.361 ms
 Execution Time: 0.121 ms
(10 rows)

