SET
SET
SET
SET
SET
                                             QUERY PLAN                                             
----------------------------------------------------------------------------------------------------
 Index Scan Backward using idx on public.t (actual rows=4096.00 loops=1)
   Output: a, b
   Index Cond: ((t.a >= '-35942'::integer) AND (t.a <= '-31847'::integer))
   Index Searches: 1
   Prefetch: distance=2.000 count=82 stalls=3770 skipped=171 resets=0 ungets=0 forwarded=0
             histogram [2,4) => 82
   Buffers: shared hit=3861 read=77
 Settings: enable_bitmapscan = 'off', enable_seqscan = 'off', max_parallel_workers_per_gather = '0'
 Planning:
   Buffers: shared hit=82 read=26
 Planning Time: 6.015 ms
 Execution Time: 8.718 ms
(12 rows)

SET
SET
SET
SET
SET
                                             QUERY PLAN                                             
----------------------------------------------------------------------------------------------------
 Index Scan Backward using idx on public.t (actual rows=4096.00 loops=1)
   Output: a, b
   Index Cond: ((t.a >= '-35942'::integer) AND (t.a <= '-31847'::integer))
   Index Searches: 1
   Buffers: shared hit=3938
 Settings: enable_bitmapscan = 'off', enable_seqscan = 'off', max_parallel_workers_per_gather = '0'
 Planning:
   Buffers: shared hit=113
 Planning Time: 0.337 ms
 Execution Time: 1.132 ms
(10 rows)

