SET
SET
SET
SET
SET
                                             QUERY PLAN                                             
----------------------------------------------------------------------------------------------------
 Index Scan Backward using idx on public.t (actual rows=4096.00 loops=1)
   Output: a, b
   Index Cond: ((t.a >= '-25579'::integer) AND (t.a <= '-21484'::integer))
   Index Searches: 1
   Prefetch: distance=2.000 count=72 stalls=3544 skipped=156 resets=0 ungets=0 forwarded=0
             histogram [2,4) => 72
   Buffers: shared hit=3870 read=77
 Settings: enable_bitmapscan = 'off', enable_seqscan = 'off', max_parallel_workers_per_gather = '0'
 Planning:
   Buffers: shared hit=82 read=26
 Planning Time: 6.069 ms
 Execution Time: 9.437 ms
(12 rows)

SET
SET
SET
SET
SET
                                             QUERY PLAN                                             
----------------------------------------------------------------------------------------------------
 Index Scan Backward using idx on public.t (actual rows=4096.00 loops=1)
   Output: a, b
   Index Cond: ((t.a >= '-25579'::integer) AND (t.a <= '-21484'::integer))
   Index Searches: 1
   Buffers: shared hit=3947
 Settings: enable_bitmapscan = 'off', enable_seqscan = 'off', max_parallel_workers_per_gather = '0'
 Planning:
   Buffers: shared hit=113
 Planning Time: 0.338 ms
 Execution Time: 1.148 ms
(10 rows)

