SET
SET
SET
SET
SET
                                             QUERY PLAN                                             
----------------------------------------------------------------------------------------------------
 Index Scan Backward using idx on public.t (actual rows=512.00 loops=1)
   Output: a, b
   Index Cond: ((t.a >= '-9764'::integer) AND (t.a <= '-9253'::integer))
   Index Searches: 1
   Prefetch: distance=2.000 count=4 stalls=244 skipped=17 resets=0 ungets=0 forwarded=0
             histogram [2,4) => 4
   Buffers: shared hit=461 read=32
 Settings: enable_bitmapscan = 'off', enable_seqscan = 'off', max_parallel_workers_per_gather = '0'
 Planning:
   Buffers: shared hit=82 read=26
 Planning Time: 6.278 ms
 Execution Time: 3.866 ms
(12 rows)

SET
SET
SET
SET
SET
                                             QUERY PLAN                                             
----------------------------------------------------------------------------------------------------
 Index Scan Backward using idx on public.t (actual rows=512.00 loops=1)
   Output: a, b
   Index Cond: ((t.a >= '-9764'::integer) AND (t.a <= '-9253'::integer))
   Index Searches: 1
   Buffers: shared hit=493
 Settings: enable_bitmapscan = 'off', enable_seqscan = 'off', max_parallel_workers_per_gather = '0'
 Planning:
   Buffers: shared hit=113
 Planning Time: 0.332 ms
 Execution Time: 0.216 ms
(10 rows)

