SET
SET
SET
SET
SET
                                             QUERY PLAN                                             
----------------------------------------------------------------------------------------------------
 Index Scan Backward using idx on public.t (actual rows=4096.00 loops=1)
   Output: a, b
   Index Cond: ((t.a >= '-10950'::integer) AND (t.a <= '-6855'::integer))
   Index Searches: 1
   Prefetch: distance=2.000 count=72 stalls=3518 skipped=171 resets=0 ungets=0 forwarded=0
             histogram [2,4) => 72
   Buffers: shared hit=3848 read=76
 Settings: enable_bitmapscan = 'off', enable_seqscan = 'off', max_parallel_workers_per_gather = '0'
 Planning:
   Buffers: shared hit=82 read=26
 Planning Time: 6.434 ms
 Execution Time: 9.146 ms
(12 rows)

SET
SET
SET
SET
SET
                                             QUERY PLAN                                             
----------------------------------------------------------------------------------------------------
 Index Scan Backward using idx on public.t (actual rows=4096.00 loops=1)
   Output: a, b
   Index Cond: ((t.a >= '-10950'::integer) AND (t.a <= '-6855'::integer))
   Index Searches: 1
   Buffers: shared hit=3924
 Settings: enable_bitmapscan = 'off', enable_seqscan = 'off', max_parallel_workers_per_gather = '0'
 Planning:
   Buffers: shared hit=113
 Planning Time: 0.365 ms
 Execution Time: 1.131 ms
(10 rows)

