SET
SET
SET
SET
SET
                                                                   QUERY PLAN                                                                    
-------------------------------------------------------------------------------------------------------------------------------------------------
 Index Scan Backward using idx on public.t (actual rows=131072.00 loops=1)
   Output: a, b
   Index Cond: ((t.a >= '-141650'::integer) AND (t.a <= '-10579'::integer))
   Index Searches: 1
   Prefetch: distance=252.613 count=125798 stalls=1 skipped=5645 resets=0 ungets=379 forwarded=81
             histogram [2,4) => 2, [4,8) => 6, [8,16) => 10, [16,32) => 15, [32,64) => 18, [64,128) => 7, [128,256) => 56129, [256,512) => 69611
   Buffers: shared hit=124181 read=1611
 Settings: enable_bitmapscan = 'off', enable_seqscan = 'off', max_parallel_workers_per_gather = '0'
 Planning:
   Buffers: shared hit=82 read=26
 Planning Time: 6.469 ms
 Execution Time: 109.466 ms
(12 rows)

SET
SET
SET
SET
SET
                                             QUERY PLAN                                             
----------------------------------------------------------------------------------------------------
 Index Scan Backward using idx on public.t (actual rows=131072.00 loops=1)
   Output: a, b
   Index Cond: ((t.a >= '-141650'::integer) AND (t.a <= '-10579'::integer))
   Index Searches: 1
   Buffers: shared hit=125792
 Settings: enable_bitmapscan = 'off', enable_seqscan = 'off', max_parallel_workers_per_gather = '0'
 Planning:
   Buffers: shared hit=113
 Planning Time: 0.378 ms
 Execution Time: 30.521 ms
(10 rows)

