SET
SET
SET
SET
SET
                                             QUERY PLAN                                             
----------------------------------------------------------------------------------------------------
 Index Scan Backward using idx on public.t (actual rows=128.00 loops=1)
   Output: a, b
   Index Cond: ((t.a >= '-26679'::integer) AND (t.a <= '-26672'::integer))
   Index Searches: 1
   Prefetch: distance=2.000 count=4 stalls=14 skipped=3 resets=0 ungets=0 forwarded=0
             histogram [2,4) => 4
   Buffers: shared hit=72 read=30
 Settings: enable_bitmapscan = 'off', enable_seqscan = 'off', max_parallel_workers_per_gather = '0'
 Planning:
   Buffers: shared hit=78 read=22
 Planning Time: 5.440 ms
 Execution Time: 3.849 ms
(12 rows)

SET
SET
SET
SET
SET
                                             QUERY PLAN                                             
----------------------------------------------------------------------------------------------------
 Index Scan Backward using idx on public.t (actual rows=128.00 loops=1)
   Output: a, b
   Index Cond: ((t.a >= '-26679'::integer) AND (t.a <= '-26672'::integer))
   Index Searches: 1
   Buffers: shared hit=102
 Settings: enable_bitmapscan = 'off', enable_seqscan = 'off', max_parallel_workers_per_gather = '0'
 Planning:
   Buffers: shared hit=105
 Planning Time: 0.433 ms
 Execution Time: 0.125 ms
(10 rows)

