SET
SET
SET
SET
SET
                                                                QUERY PLAN                                                                 
-------------------------------------------------------------------------------------------------------------------------------------------
 Index Scan Backward using idx on public.t (actual rows=256.00 loops=1)
   Output: a, b
   Index Cond: ((t.a >= '-13199'::integer) AND (t.a <= '-13184'::integer))
   Index Searches: 1
   Prefetch: distance=220.802 count=197 stalls=1 skipped=72 resets=0 ungets=15 forwarded=0
             histogram [2,4) => 2, [4,8) => 3, [8,16) => 10, [16,32) => 12, [32,64) => 2, [64,128) => 3, [128,256) => 51, [256,512) => 114
   Buffers: shared hit=161 read=30
 Settings: enable_bitmapscan = 'off', enable_seqscan = 'off', max_parallel_workers_per_gather = '0'
 Planning:
   Buffers: shared hit=78 read=22
 Planning Time: 5.921 ms
 Execution Time: 2.947 ms
(12 rows)

SET
SET
SET
SET
SET
                                             QUERY PLAN                                             
----------------------------------------------------------------------------------------------------
 Index Scan Backward using idx on public.t (actual rows=256.00 loops=1)
   Output: a, b
   Index Cond: ((t.a >= '-13199'::integer) AND (t.a <= '-13184'::integer))
   Index Searches: 1
   Buffers: shared hit=191
 Settings: enable_bitmapscan = 'off', enable_seqscan = 'off', max_parallel_workers_per_gather = '0'
 Planning:
   Buffers: shared hit=105
 Planning Time: 0.339 ms
 Execution Time: 0.157 ms
(10 rows)

