SET
SET
SET
SET
SET
                                             QUERY PLAN                                             
----------------------------------------------------------------------------------------------------
 Index Scan Backward using idx on public.t (actual rows=2048.00 loops=1)
   Output: a, b
   Index Cond: ((t.a >= '-31875'::integer) AND (t.a <= '-31748'::integer))
   Index Searches: 1
   Prefetch: distance=2.000 count=42 stalls=1368 skipped=476 resets=0 ungets=0 forwarded=0
             histogram [2,4) => 42
   Buffers: shared hit=1476 read=56
 Settings: enable_bitmapscan = 'off', enable_seqscan = 'off', max_parallel_workers_per_gather = '0'
 Planning:
   Buffers: shared hit=78 read=22
 Planning Time: 6.206 ms
 Execution Time: 7.000 ms
(12 rows)

SET
SET
SET
SET
SET
                                             QUERY PLAN                                             
----------------------------------------------------------------------------------------------------
 Index Scan Backward using idx on public.t (actual rows=2048.00 loops=1)
   Output: a, b
   Index Cond: ((t.a >= '-31875'::integer) AND (t.a <= '-31748'::integer))
   Index Searches: 1
   Buffers: shared hit=1532
 Settings: enable_bitmapscan = 'off', enable_seqscan = 'off', max_parallel_workers_per_gather = '0'
 Planning:
   Buffers: shared hit=105
 Planning Time: 0.307 ms
 Execution Time: 0.576 ms
(10 rows)

