SET
SET
SET
SET
SET
                                             QUERY PLAN                                             
----------------------------------------------------------------------------------------------------
 Index Scan Backward using idx on public.t (actual rows=2048.00 loops=1)
   Output: a, b
   Index Cond: ((t.a >= '-8773'::integer) AND (t.a <= '-6726'::integer))
   Index Searches: 1
   Prefetch: distance=2.000 count=34 stalls=1592 skipped=68 resets=0 ungets=0 forwarded=0
             histogram [2,4) => 34
   Buffers: shared hit=1921 read=51
 Settings: enable_bitmapscan = 'off', enable_seqscan = 'off', max_parallel_workers_per_gather = '0'
 Planning:
   Buffers: shared hit=82 read=26
 Planning Time: 6.162 ms
 Execution Time: 5.802 ms
(12 rows)

SET
SET
SET
SET
SET
                                             QUERY PLAN                                             
----------------------------------------------------------------------------------------------------
 Index Scan Backward using idx on public.t (actual rows=2048.00 loops=1)
   Output: a, b
   Index Cond: ((t.a >= '-8773'::integer) AND (t.a <= '-6726'::integer))
   Index Searches: 1
   Buffers: shared hit=1972
 Settings: enable_bitmapscan = 'off', enable_seqscan = 'off', max_parallel_workers_per_gather = '0'
 Planning:
   Buffers: shared hit=113
 Planning Time: 0.345 ms
 Execution Time: 0.617 ms
(10 rows)

