SET
SET
SET
SET
SET
                                                                     QUERY PLAN                                                                      
-----------------------------------------------------------------------------------------------------------------------------------------------------
 Index Scan Backward using idx on public.t (actual rows=3048576.00 loops=1)
   Output: a, b
   Index Cond: ((t.a >= '-3074767'::integer) AND (t.a <= '-26192'::integer))
   Index Searches: 1
   Prefetch: distance=253.097 count=2925658 stalls=1 skipped=131238 resets=0 ungets=8321 forwarded=2119
             histogram [2,4) => 2, [4,8) => 3, [8,16) => 11, [16,32) => 8, [32,64) => 2, [64,128) => 789, [128,256) => 1264969, [256,512) => 1659874
   Buffers: shared hit=2888818 read=36848
 Settings: enable_bitmapscan = 'off', enable_seqscan = 'off', max_parallel_workers_per_gather = '0'
 Planning:
   Buffers: shared hit=78 read=26
 Planning Time: 5.975 ms
 Execution Time: 2412.809 ms
(12 rows)

SET
SET
SET
SET
SET
                                             QUERY PLAN                                             
----------------------------------------------------------------------------------------------------
 Index Scan Backward using idx on public.t (actual rows=3048576.00 loops=1)
   Output: a, b
   Index Cond: ((t.a >= '-3074767'::integer) AND (t.a <= '-26192'::integer))
   Index Searches: 1
   Buffers: shared hit=2925674
 Settings: enable_bitmapscan = 'off', enable_seqscan = 'off', max_parallel_workers_per_gather = '0'
 Planning:
   Buffers: shared hit=109
 Planning Time: 0.590 ms
 Execution Time: 1097.258 ms
(10 rows)

