SET
SET
SET
SET
SET
                                             QUERY PLAN                                             
----------------------------------------------------------------------------------------------------
 Index Scan using idx on public.t (actual rows=1024.00 loops=1)
   Output: a, b
   Index Cond: ((t.a >= '-31670'::integer) AND (t.a <= '-30647'::integer))
   Index Searches: 1
   Prefetch: distance=2.214 count=28 stalls=862 skipped=37 resets=0 ungets=0 forwarded=0
             histogram [2,4) => 26, [4,8) => 2
   Buffers: shared hit=953 read=39
 Settings: enable_bitmapscan = 'off', enable_seqscan = 'off', max_parallel_workers_per_gather = '0'
 Planning:
   Buffers: shared hit=86 read=26
 Planning Time: 6.413 ms
 Execution Time: 4.038 ms
(12 rows)

SET
SET
SET
SET
SET
                                             QUERY PLAN                                             
----------------------------------------------------------------------------------------------------
 Index Scan using idx on public.t (actual rows=1024.00 loops=1)
   Output: a, b
   Index Cond: ((t.a >= '-31670'::integer) AND (t.a <= '-30647'::integer))
   Index Searches: 1
   Buffers: shared hit=992
 Settings: enable_bitmapscan = 'off', enable_seqscan = 'off', max_parallel_workers_per_gather = '0'
 Planning:
   Buffers: shared hit=117
 Planning Time: 0.363 ms
 Execution Time: 0.359 ms
(10 rows)

