SET
SET
SET
SET
SET
                                              QUERY PLAN                                               
-------------------------------------------------------------------------------------------------------
 Index Scan using idx on public.t (actual rows=32.00 loops=1)
   Output: a, b
   Index Cond: ((t.a >= '-3324'::integer) AND (t.a <= '-3293'::integer))
   Index Searches: 1
   Prefetch: distance=25.742 count=31 stalls=1 skipped=1 resets=0 ungets=2 forwarded=1
             histogram [2,4) => 2, [4,8) => 5, [8,16) => 7, [16,32) => 10, [32,64) => 3, [64,128) => 4
   Buffers: shared hit=17 read=21
 Settings: enable_bitmapscan = 'off', enable_seqscan = 'off', max_parallel_workers_per_gather = '0'
 Planning:
   Buffers: shared hit=86 read=26
 Planning Time: 6.304 ms
 Execution Time: 1.774 ms
(12 rows)

SET
SET
SET
SET
SET
                                             QUERY PLAN                                             
----------------------------------------------------------------------------------------------------
 Index Scan using idx on public.t (actual rows=32.00 loops=1)
   Output: a, b
   Index Cond: ((t.a >= '-3324'::integer) AND (t.a <= '-3293'::integer))
   Index Searches: 1
   Buffers: shared hit=38
 Settings: enable_bitmapscan = 'off', enable_seqscan = 'off', max_parallel_workers_per_gather = '0'
 Planning:
   Buffers: shared hit=117
 Planning Time: 0.355 ms
 Execution Time: 0.081 ms
(10 rows)

