SET
SET
SET
SET
SET
                                             QUERY PLAN                                             
----------------------------------------------------------------------------------------------------
 Index Scan using idx on public.t (actual rows=4096.00 loops=1)
   Output: a, b
   Index Cond: ((t.a >= '-30973'::integer) AND (t.a <= '-26878'::integer))
   Index Searches: 1
   Prefetch: distance=2.040 count=75 stalls=3644 skipped=171 resets=0 ungets=0 forwarded=0
             histogram [2,4) => 74, [4,8) => 1
   Buffers: shared hit=3858 read=76
 Settings: enable_bitmapscan = 'off', enable_seqscan = 'off', max_parallel_workers_per_gather = '0'
 Planning:
   Buffers: shared hit=86 read=26
 Planning Time: 6.098 ms
 Execution Time: 5.843 ms
(12 rows)

SET
SET
SET
SET
SET
                                             QUERY PLAN                                             
----------------------------------------------------------------------------------------------------
 Index Scan using idx on public.t (actual rows=4096.00 loops=1)
   Output: a, b
   Index Cond: ((t.a >= '-30973'::integer) AND (t.a <= '-26878'::integer))
   Index Searches: 1
   Buffers: shared hit=3934
 Settings: enable_bitmapscan = 'off', enable_seqscan = 'off', max_parallel_workers_per_gather = '0'
 Planning:
   Buffers: shared hit=117
 Planning Time: 0.374 ms
 Execution Time: 1.149 ms
(10 rows)

