SET
SET
SET
SET
SET
                                                                 QUERY PLAN                                                                 
--------------------------------------------------------------------------------------------------------------------------------------------
 Index Scan using idx on public.t (actual rows=2048.00 loops=1)
   Output: a, b
   Index Cond: ((t.a >= '-31326'::integer) AND (t.a <= '-29279'::integer))
   Index Searches: 1
   Prefetch: distance=251.332 count=2003 stalls=1 skipped=87 resets=0 ungets=44 forwarded=1
             histogram [2,4) => 2, [4,8) => 4, [8,16) => 7, [16,32) => 15, [32,64) => 6, [64,128) => 2, [128,256) => 752, [256,512) => 1215
   Buffers: shared hit=1923 read=50
 Settings: enable_bitmapscan = 'off', enable_seqscan = 'off', max_parallel_workers_per_gather = '0'
 Planning:
   Buffers: shared hit=86 read=26
 Planning Time: 6.252 ms
 Execution Time: 3.440 ms
(12 rows)

SET
SET
SET
SET
SET
                                             QUERY PLAN                                             
----------------------------------------------------------------------------------------------------
 Index Scan using idx on public.t (actual rows=2048.00 loops=1)
   Output: a, b
   Index Cond: ((t.a >= '-31326'::integer) AND (t.a <= '-29279'::integer))
   Index Searches: 1
   Buffers: shared hit=1973
 Settings: enable_bitmapscan = 'off', enable_seqscan = 'off', max_parallel_workers_per_gather = '0'
 Planning:
   Buffers: shared hit=117
 Planning Time: 0.364 ms
 Execution Time: 0.614 ms
(10 rows)

