SET
SET
SET
SET
SET
                                             QUERY PLAN                                             
----------------------------------------------------------------------------------------------------
 Index Scan using idx on public.t (actual rows=512.00 loops=1)
   Output: a, b
   Index Cond: ((t.a >= '-26932'::integer) AND (t.a <= '-26421'::integer))
   Index Searches: 1
   Prefetch: distance=2.000 count=2 stalls=200 skipped=13 resets=0 ungets=0 forwarded=0
             histogram [2,4) => 2
   Buffers: shared hit=457 read=30
 Settings: enable_bitmapscan = 'off', enable_seqscan = 'off', max_parallel_workers_per_gather = '0'
 Planning:
   Buffers: shared hit=86 read=26
 Planning Time: 6.229 ms
 Execution Time: 3.487 ms
(12 rows)

SET
SET
SET
SET
SET
                                             QUERY PLAN                                             
----------------------------------------------------------------------------------------------------
 Index Scan using idx on public.t (actual rows=512.00 loops=1)
   Output: a, b
   Index Cond: ((t.a >= '-26932'::integer) AND (t.a <= '-26421'::integer))
   Index Searches: 1
   Buffers: shared hit=487
 Settings: enable_bitmapscan = 'off', enable_seqscan = 'off', max_parallel_workers_per_gather = '0'
 Planning:
   Buffers: shared hit=117
 Planning Time: 0.360 ms
 Execution Time: 0.227 ms
(10 rows)

