SET
SET
SET
SET
SET
                                                                         QUERY PLAN                                                                          
-------------------------------------------------------------------------------------------------------------------------------------------------------------
 Index Scan using idx on public.t (actual rows=5048576.00 loops=1)
   Output: a, b
   Index Cond: ((t.a >= '-5073453'::integer) AND (t.a <= '-24878'::integer))
   Index Searches: 1
   Prefetch: distance=240.844 count=2230500 stalls=2601792 skipped=217143 resets=0 ungets=869 forwarded=453
             histogram [2,4) => 51834, [4,8) => 204, [8,16) => 22, [16,32) => 48, [32,64) => 85, [64,128) => 3169, [128,256) => 1185204, [256,512) => 989934
   Buffers: shared hit=4784228 read=61004
 Settings: enable_bitmapscan = 'off', enable_seqscan = 'off', max_parallel_workers_per_gather = '0'
 Planning:
   Buffers: shared hit=82 read=26
 Planning Time: 6.207 ms
 Execution Time: 2254.584 ms
(12 rows)

SET
SET
SET
SET
SET
                                             QUERY PLAN                                             
----------------------------------------------------------------------------------------------------
 Index Scan using idx on public.t (actual rows=5048576.00 loops=1)
   Output: a, b
   Index Cond: ((t.a >= '-5073453'::integer) AND (t.a <= '-24878'::integer))
   Index Searches: 1
   Buffers: shared hit=4845233
 Settings: enable_bitmapscan = 'off', enable_seqscan = 'off', max_parallel_workers_per_gather = '0'
 Planning:
   Buffers: shared hit=113
 Planning Time: 0.409 ms
 Execution Time: 1386.243 ms
(10 rows)

