SET
SET
SET
SET
SET
                                                                QUERY PLAN                                                                 
-------------------------------------------------------------------------------------------------------------------------------------------
 Index Scan using idx on public.t (actual rows=4096.00 loops=1)
   Output: a, b
   Index Cond: ((t.a >= 21484) AND (t.a <= 21611))
   Index Searches: 1
   Prefetch: distance=242.625 count=1001 stalls=1 skipped=2974 resets=0 ungets=103 forwarded=0
             histogram [2,4) => 2, [4,8) => 4, [8,16) => 8, [16,32) => 9, [32,64) => 24, [64,128) => 39, [128,256) => 65, [256,512) => 850
   Buffers: shared hit=6 read=953
 Settings: enable_bitmapscan = 'off', enable_seqscan = 'off', max_parallel_workers_per_gather = '0'
 Planning:
   Buffers: shared hit=78 read=23
 Planning Time: 6.207 ms
 Execution Time: 11.145 ms
(12 rows)

SET
SET
SET
SET
SET
                                             QUERY PLAN                                             
----------------------------------------------------------------------------------------------------
 Index Scan using idx on public.t (actual rows=4096.00 loops=1)
   Output: a, b
   Index Cond: ((t.a >= 21484) AND (t.a <= 21611))
   Index Searches: 1
   Buffers: shared hit=959
 Settings: enable_bitmapscan = 'off', enable_seqscan = 'off', max_parallel_workers_per_gather = '0'
 Planning:
   Buffers: shared hit=106
 Planning Time: 0.424 ms
 Execution Time: 2.336 ms
(10 rows)

