SET
SET
SET
SET
SET
                                                                   QUERY PLAN                                                                   
------------------------------------------------------------------------------------------------------------------------------------------------
 Index Scan using idx on public.t (actual rows=524288.00 loops=1)
   Output: a, b
   Index Cond: ((t.a >= 9133) AND (t.a <= 25516))
   Index Searches: 1
   Prefetch: distance=268.539 count=132773 stalls=1 skipped=404258 resets=0 ungets=12839 forwarded=4473
             histogram [2,4) => 2, [4,8) => 4, [8,16) => 8, [16,32) => 9, [32,64) => 22, [64,128) => 39, [128,256) => 4551, [256,512) => 128138
   Buffers: shared hit=56570 read=63845
 Settings: enable_bitmapscan = 'off', enable_seqscan = 'off', max_parallel_workers_per_gather = '0'
 Planning:
   Buffers: shared hit=78 read=23
 Planning Time: 5.832 ms
 Execution Time: 427.074 ms
(12 rows)

SET
SET
SET
SET
SET
                                             QUERY PLAN                                             
----------------------------------------------------------------------------------------------------
 Index Scan using idx on public.t (actual rows=524288.00 loops=1)
   Output: a, b
   Index Cond: ((t.a >= 9133) AND (t.a <= 25516))
   Index Searches: 1
   Buffers: shared hit=120430
 Settings: enable_bitmapscan = 'off', enable_seqscan = 'off', max_parallel_workers_per_gather = '0'
 Planning:
   Buffers: shared hit=106
 Planning Time: 0.374 ms
 Execution Time: 161.579 ms
(10 rows)

