SET
SET
SET
SET
SET
                                                                  QUERY PLAN                                                                   
-----------------------------------------------------------------------------------------------------------------------------------------------
 Index Scan using idx on public.t (actual rows=131072.00 loops=1)
   Output: a, b
   Index Cond: ((t.a >= 1478) AND (t.a <= 5573))
   Index Searches: 1
   Prefetch: distance=269.821 count=33507 stalls=1 skipped=100450 resets=0 ungets=3781 forwarded=816
             histogram [2,4) => 2, [4,8) => 4, [8,16) => 7, [16,32) => 15, [32,64) => 24, [64,128) => 70, [128,256) => 162, [256,512) => 33223
   Buffers: shared hit=7768 read=22284
 Settings: enable_bitmapscan = 'off', enable_seqscan = 'off', max_parallel_workers_per_gather = '0'
 Planning:
   Buffers: shared hit=78 read=27
 Planning Time: 6.388 ms
 Execution Time: 150.554 ms
(12 rows)

SET
SET
SET
SET
SET
                                             QUERY PLAN                                             
----------------------------------------------------------------------------------------------------
 Index Scan using idx on public.t (actual rows=131072.00 loops=1)
   Output: a, b
   Index Cond: ((t.a >= 1478) AND (t.a <= 5573))
   Index Searches: 1
   Buffers: shared hit=30056
 Settings: enable_bitmapscan = 'off', enable_seqscan = 'off', max_parallel_workers_per_gather = '0'
 Planning:
   Buffers: shared hit=110
 Planning Time: 0.466 ms
 Execution Time: 49.179 ms
(10 rows)

