SET
SET
SET
SET
SET
                                                                   QUERY PLAN                                                                    
-------------------------------------------------------------------------------------------------------------------------------------------------
 Index Scan using idx on public.t (actual rows=1048576.00 loops=1)
   Output: a, b
   Index Cond: ((t.a >= 1052) AND (t.a <= 33819))
   Index Searches: 1
   Prefetch: distance=266.038 count=253961 stalls=1 skipped=807933 resets=0 ungets=14406 forwarded=7338
             histogram [2,4) => 2, [4,8) => 4, [8,16) => 8, [16,32) => 9, [32,64) => 23, [64,128) => 39, [128,256) => 22481, [256,512) => 231395
   Buffers: shared hit=155949 read=84777
 Settings: enable_bitmapscan = 'off', enable_seqscan = 'off', max_parallel_workers_per_gather = '0'
 Planning:
   Buffers: shared hit=78 read=27
 Planning Time: 6.457 ms
 Execution Time: 677.172 ms
(12 rows)

SET
SET
SET
SET
SET
                                             QUERY PLAN                                             
----------------------------------------------------------------------------------------------------
 Index Scan using idx on public.t (actual rows=1048576.00 loops=1)
   Output: a, b
   Index Cond: ((t.a >= 1052) AND (t.a <= 33819))
   Index Searches: 1
   Buffers: shared hit=240748
 Settings: enable_bitmapscan = 'off', enable_seqscan = 'off', max_parallel_workers_per_gather = '0'
 Planning:
   Buffers: shared hit=110
 Planning Time: 0.433 ms
 Execution Time: 305.122 ms
(10 rows)

