SET
SET
SET
SET
SET
                                                                QUERY PLAN                                                                 
-------------------------------------------------------------------------------------------------------------------------------------------
 Index Scan using idx on public.t (actual rows=2048.00 loops=1)
   Output: a, b
   Index Cond: ((t.a >= 7996) AND (t.a <= 8059))
   Index Searches: 1
   Prefetch: distance=191.174 count=344 stalls=1 skipped=1089 resets=0 ungets=25 forwarded=0
             histogram [2,4) => 2, [4,8) => 4, [8,16) => 8, [16,32) => 9, [32,64) => 24, [64,128) => 39, [128,256) => 54, [256,512) => 204
   Buffers: shared hit=3 read=473
 Settings: enable_bitmapscan = 'off', enable_seqscan = 'off', max_parallel_workers_per_gather = '0'
 Planning:
   Buffers: shared hit=78 read=23
 Planning Time: 5.931 ms
 Execution Time: 15.665 ms
(12 rows)

SET
SET
SET
SET
SET
                                             QUERY PLAN                                             
----------------------------------------------------------------------------------------------------
 Index Scan using idx on public.t (actual rows=2048.00 loops=1)
   Output: a, b
   Index Cond: ((t.a >= 7996) AND (t.a <= 8059))
   Index Searches: 1
   Buffers: shared hit=476
 Settings: enable_bitmapscan = 'off', enable_seqscan = 'off', max_parallel_workers_per_gather = '0'
 Planning:
   Buffers: shared hit=106
 Planning Time: 0.430 ms
 Execution Time: 1.355 ms
(10 rows)

