SET
SET
SET
SET
SET
                                                                 QUERY PLAN                                                                 
--------------------------------------------------------------------------------------------------------------------------------------------
 Index Scan using idx on public.t (actual rows=32768.00 loops=1)
   Output: a, b
   Index Cond: ((t.a >= 22730) AND (t.a <= 23753))
   Index Searches: 1
   Prefetch: distance=268.489 count=8359 stalls=1 skipped=24740 resets=0 ungets=1003 forwarded=42
             histogram [2,4) => 2, [4,8) => 4, [8,16) => 8, [16,32) => 9, [32,64) => 23, [64,128) => 38, [128,256) => 60, [256,512) => 8215
   Buffers: shared hit=277 read=7271
 Settings: enable_bitmapscan = 'off', enable_seqscan = 'off', max_parallel_workers_per_gather = '0'
 Planning:
   Buffers: shared hit=78 read=23
 Planning Time: 5.772 ms
 Execution Time: 51.859 ms
(12 rows)

SET
SET
SET
SET
SET
                                             QUERY PLAN                                             
----------------------------------------------------------------------------------------------------
 Index Scan using idx on public.t (actual rows=32768.00 loops=1)
   Output: a, b
   Index Cond: ((t.a >= 22730) AND (t.a <= 23753))
   Index Searches: 1
   Buffers: shared hit=7548
 Settings: enable_bitmapscan = 'off', enable_seqscan = 'off', max_parallel_workers_per_gather = '0'
 Planning:
   Buffers: shared hit=106
 Planning Time: 0.364 ms
 Execution Time: 10.934 ms
(10 rows)

