SET
SET
SET
SET
SET
                                                                    QUERY PLAN                                                                     
---------------------------------------------------------------------------------------------------------------------------------------------------
 Index Scan using idx on public.t (actual rows=3048576.00 loops=1)
   Output: a, b
   Index Cond: ((t.a >= 10008) AND (t.a <= 105275))
   Index Searches: 1
   Prefetch: distance=264.711 count=721613 stalls=1 skipped=2350818 resets=0 ungets=23951 forwarded=18560
             histogram [2,4) => 2, [4,8) => 4, [8,16) => 8, [16,32) => 16, [32,64) => 24, [64,128) => 105, [128,256) => 85374, [256,512) => 636080
   Buffers: shared hit=506745 read=193644
 Settings: enable_bitmapscan = 'off', enable_seqscan = 'off', max_parallel_workers_per_gather = '0'
 Planning:
   Buffers: shared hit=78 read=23
 Planning Time: 5.996 ms
 Execution Time: 1681.894 ms
(12 rows)

SET
SET
SET
SET
SET
                                             QUERY PLAN                                             
----------------------------------------------------------------------------------------------------
 Index Scan using idx on public.t (actual rows=3048576.00 loops=1)
   Output: a, b
   Index Cond: ((t.a >= 10008) AND (t.a <= 105275))
   Index Searches: 1
   Buffers: shared hit=700412
 Settings: enable_bitmapscan = 'off', enable_seqscan = 'off', max_parallel_workers_per_gather = '0'
 Planning:
   Buffers: shared hit=106
 Planning Time: 0.417 ms
 Execution Time: 883.530 ms
(10 rows)

