SET
SET
SET
SET
SET
                                                                    QUERY PLAN                                                                     
---------------------------------------------------------------------------------------------------------------------------------------------------
 Index Scan using idx on public.t (actual rows=8048576.00 loops=1)
   Output: a, b
   Index Cond: ((t.a >= 31308) AND (t.a <= 282825))
   Index Searches: 1
   Prefetch: distance=263.911 count=1881324 stalls=1 skipped=6205893 resets=0 ungets=39217 forwarded=44318
             histogram [2,4) => 2, [4,8) => 4, [8,16) => 8, [16,32) => 9, [32,64) => 22, [64,128) => 40, [128,256) => 260818, [256,512) => 1620421
   Buffers: shared hit=1401913 read=447473
 Settings: enable_bitmapscan = 'off', enable_seqscan = 'off', max_parallel_workers_per_gather = '0'
 Planning:
   Buffers: shared hit=78 read=23
 Planning Time: 5.717 ms
 Execution Time: 4139.912 ms
(12 rows)

SET
SET
SET
SET
SET
                                             QUERY PLAN                                             
----------------------------------------------------------------------------------------------------
 Index Scan using idx on public.t (actual rows=8048576.00 loops=1)
   Output: a, b
   Index Cond: ((t.a >= 31308) AND (t.a <= 282825))
   Index Searches: 1
   Buffers: shared hit=1849432
 Settings: enable_bitmapscan = 'off', enable_seqscan = 'off', max_parallel_workers_per_gather = '0'
 Planning:
   Buffers: shared hit=106
 Planning Time: 0.425 ms
 Execution Time: 2331.249 ms
(10 rows)

