SET
SET
SET
SET
SET
                                                                   QUERY PLAN                                                                    
-------------------------------------------------------------------------------------------------------------------------------------------------
 Index Scan using idx on public.t (actual rows=524288.00 loops=1)
   Output: a, b
   Index Cond: ((t.a >= 15396) AND (t.a <= 31779))
   Index Searches: 1
   Prefetch: distance=269.080 count=133399 stalls=1 skipped=404308 resets=0 ungets=13579 forwarded=4467
             histogram [2,4) => 2, [4,8) => 4, [8,16) => 8, [16,32) => 14, [32,64) => 23, [64,128) => 40, [128,256) => 3016, [256,512) => 130292
   Buffers: shared hit=51947 read=68374
 Settings: enable_bitmapscan = 'off', enable_seqscan = 'off', max_parallel_workers_per_gather = '0'
 Planning:
   Buffers: shared hit=78 read=23
 Planning Time: 5.858 ms
 Execution Time: 452.458 ms
(12 rows)

SET
SET
SET
SET
SET
                                             QUERY PLAN                                             
----------------------------------------------------------------------------------------------------
 Index Scan using idx on public.t (actual rows=524288.00 loops=1)
   Output: a, b
   Index Cond: ((t.a >= 15396) AND (t.a <= 31779))
   Index Searches: 1
   Buffers: shared hit=120331
 Settings: enable_bitmapscan = 'off', enable_seqscan = 'off', max_parallel_workers_per_gather = '0'
 Planning:
   Buffers: shared hit=106
 Planning Time: 0.497 ms
 Execution Time: 169.248 ms
(10 rows)

