SET
SET
SET
SET
SET
                                                                   QUERY PLAN                                                                    
-------------------------------------------------------------------------------------------------------------------------------------------------
 Index Scan using idx on public.t (actual rows=2048576.00 loops=1)
   Output: a, b
   Index Cond: ((t.a >= 21825) AND (t.a <= 85842))
   Index Searches: 1
   Prefetch: distance=265.740 count=493491 stalls=1 skipped=1579443 resets=0 ungets=24870 forwarded=14167
             histogram [2,4) => 2, [4,8) => 4, [8,16) => 8, [16,32) => 9, [32,64) => 22, [64,128) => 40, [128,256) => 47364, [256,512) => 446042
   Buffers: shared hit=314725 read=155839
 Settings: enable_bitmapscan = 'off', enable_seqscan = 'off', max_parallel_workers_per_gather = '0'
 Planning:
   Buffers: shared hit=78 read=23
 Planning Time: 5.937 ms
 Execution Time: 1276.358 ms
(12 rows)

SET
SET
SET
SET
SET
                                             QUERY PLAN                                             
----------------------------------------------------------------------------------------------------
 Index Scan using idx on public.t (actual rows=2048576.00 loops=1)
   Output: a, b
   Index Cond: ((t.a >= 21825) AND (t.a <= 85842))
   Index Searches: 1
   Buffers: shared hit=470577
 Settings: enable_bitmapscan = 'off', enable_seqscan = 'off', max_parallel_workers_per_gather = '0'
 Planning:
   Buffers: shared hit=106
 Planning Time: 0.416 ms
 Execution Time: 557.642 ms
(10 rows)

