SET
SET
SET
SET
SET
                                                                   QUERY PLAN                                                                    
-------------------------------------------------------------------------------------------------------------------------------------------------
 Index Scan using idx on public.t (actual rows=3048576.00 loops=1)
   Output: a, b
   Index Cond: ((t.a >= 27343) AND (t.a <= 122610))
   Index Searches: 1
   Prefetch: distance=265.020 count=725768 stalls=1 skipped=2350011 resets=0 ungets=28099 forwarded=19399
             histogram [2,4) => 2, [4,8) => 4, [8,16) => 8, [16,32) => 9, [32,64) => 22, [64,128) => 38, [128,256) => 81385, [256,512) => 644300
   Buffers: shared hit=492940 read=207642
 Settings: enable_bitmapscan = 'off', enable_seqscan = 'off', max_parallel_workers_per_gather = '0'
 Planning:
   Buffers: shared hit=78 read=23
 Planning Time: 5.953 ms
 Execution Time: 1772.149 ms
(12 rows)

SET
SET
SET
SET
SET
                                             QUERY PLAN                                             
----------------------------------------------------------------------------------------------------
 Index Scan using idx on public.t (actual rows=3048576.00 loops=1)
   Output: a, b
   Index Cond: ((t.a >= 27343) AND (t.a <= 122610))
   Index Searches: 1
   Buffers: shared hit=700601
 Settings: enable_bitmapscan = 'off', enable_seqscan = 'off', max_parallel_workers_per_gather = '0'
 Planning:
   Buffers: shared hit=106
 Planning Time: 0.485 ms
 Execution Time: 1091.014 ms
(10 rows)

