SET
SET
SET
SET
SET
                                                                     QUERY PLAN                                                                     
----------------------------------------------------------------------------------------------------------------------------------------------------
 Index Scan using idx on public.t (actual rows=5048576.00 loops=1)
   Output: a, b
   Index Cond: ((t.a >= 2641) AND (t.a <= 160408))
   Index Searches: 1
   Prefetch: distance=263.995 count=1180281 stalls=1 skipped=3892494 resets=0 ungets=24839 forwarded=27706
             histogram [2,4) => 2, [4,8) => 4, [8,16) => 8, [16,32) => 15, [32,64) => 24, [64,128) => 41, [128,256) => 159306, [256,512) => 1020881
   Buffers: shared hit=878715 read=281356
 Settings: enable_bitmapscan = 'off', enable_seqscan = 'off', max_parallel_workers_per_gather = '0'
 Planning:
   Buffers: shared hit=78 read=27
 Planning Time: 6.540 ms
 Execution Time: 2648.125 ms
(12 rows)

SET
SET
SET
SET
SET
                                             QUERY PLAN                                             
----------------------------------------------------------------------------------------------------
 Index Scan using idx on public.t (actual rows=5048576.00 loops=1)
   Output: a, b
   Index Cond: ((t.a >= 2641) AND (t.a <= 160408))
   Index Searches: 1
   Buffers: shared hit=1160102
 Settings: enable_bitmapscan = 'off', enable_seqscan = 'off', max_parallel_workers_per_gather = '0'
 Planning:
   Buffers: shared hit=110
 Planning Time: 0.606 ms
 Execution Time: 1751.740 ms
(10 rows)

