SET
SET
SET
SET
SET
                                                                     QUERY PLAN                                                                     
----------------------------------------------------------------------------------------------------------------------------------------------------
 Index Scan using idx on public.t (actual rows=7048576.00 loops=1)
   Output: a, b
   Index Cond: ((t.a >= 1385) AND (t.a <= 221652))
   Index Searches: 1
   Prefetch: distance=263.787 count=1641869 stalls=1 skipped=5434764 resets=0 ungets=28569 forwarded=37543
             histogram [2,4) => 2, [4,8) => 4, [8,16) => 8, [16,32) => 15, [32,64) => 24, [64,128) => 40, [128,256) => 229972, [256,512) => 1411804
   Buffers: shared hit=1243482 read=376184
 Settings: enable_bitmapscan = 'off', enable_seqscan = 'off', max_parallel_workers_per_gather = '0'
 Planning:
   Buffers: shared hit=78 read=27
 Planning Time: 6.165 ms
 Execution Time: 3477.426 ms
(12 rows)

SET
SET
SET
SET
SET
                                             QUERY PLAN                                             
----------------------------------------------------------------------------------------------------
 Index Scan using idx on public.t (actual rows=7048576.00 loops=1)
   Output: a, b
   Index Cond: ((t.a >= 1385) AND (t.a <= 221652))
   Index Searches: 1
   Buffers: shared hit=1619712
 Settings: enable_bitmapscan = 'off', enable_seqscan = 'off', max_parallel_workers_per_gather = '0'
 Planning:
   Buffers: shared hit=110
 Planning Time: 0.536 ms
 Execution Time: 2236.700 ms
(10 rows)

