SET
SET
SET
SET
SET
                                                                          QUERY PLAN                                                                          
--------------------------------------------------------------------------------------------------------------------------------------------------------------
 Index Scan using idx on public.t (actual rows=9048576.00 loops=1)
   Output: a, b
   Index Cond: ((t.a >= 28916) AND (t.a <= 311683))
   Index Searches: 1
   Prefetch: distance=262.457 count=2060961 stalls=49372 skipped=6976586 resets=0 ungets=39302 forwarded=47373
             histogram [2,4) => 748, [4,8) => 1161, [8,16) => 1049, [16,32) => 148, [32,64) => 66, [64,128) => 661, [128,256) => 333393, [256,512) => 1723735
   Buffers: shared hit=1611176 read=468116
 Settings: enable_bitmapscan = 'off', enable_seqscan = 'off', max_parallel_workers_per_gather = '0'
 Planning:
   Buffers: shared hit=78 read=27
 Planning Time: 6.564 ms
 Execution Time: 4590.010 ms
(12 rows)

SET
SET
SET
SET
SET
                                             QUERY PLAN                                             
----------------------------------------------------------------------------------------------------
 Index Scan using idx on public.t (actual rows=9048576.00 loops=1)
   Output: a, b
   Index Cond: ((t.a >= 28916) AND (t.a <= 311683))
   Index Searches: 1
   Buffers: shared hit=2079332
 Settings: enable_bitmapscan = 'off', enable_seqscan = 'off', max_parallel_workers_per_gather = '0'
 Planning:
   Buffers: shared hit=110
 Planning Time: 0.480 ms
 Execution Time: 2499.562 ms
(10 rows)

