SET
SET
SET
SET
SET
                                                                 QUERY PLAN                                                                 
--------------------------------------------------------------------------------------------------------------------------------------------
 Index Scan using idx on public.t (actual rows=4096.00 loops=1)
   Output: a, b
   Index Cond: ((t.a >= 24186) AND (t.a <= 24313))
   Index Searches: 1
   Prefetch: distance=231.070 count=753 stalls=1 skipped=2296 resets=0 ungets=73 forwarded=0
             histogram [2,4) => 2, [4,8) => 4, [8,16) => 7, [16,32) => 15, [32,64) => 25, [64,128) => 40, [128,256) => 63, [256,512) => 597
   Buffers: shared hit=13 read=927
 Settings: enable_bitmapscan = 'off', enable_seqscan = 'off', max_parallel_workers_per_gather = '0'
 Planning:
   Buffers: shared hit=78 read=23
 Planning Time: 5.966 ms
 Execution Time: 24.497 ms
(12 rows)

SET
SET
SET
SET
SET
                                             QUERY PLAN                                             
----------------------------------------------------------------------------------------------------
 Index Scan using idx on public.t (actual rows=4096.00 loops=1)
   Output: a, b
   Index Cond: ((t.a >= 24186) AND (t.a <= 24313))
   Index Searches: 1
   Buffers: shared hit=940
 Settings: enable_bitmapscan = 'off', enable_seqscan = 'off', max_parallel_workers_per_gather = '0'
 Planning:
   Buffers: shared hit=106
 Planning Time: 0.327 ms
 Execution Time: 1.227 ms
(10 rows)

