SET
SET
SET
SET
SET
                                             QUERY PLAN                                             
----------------------------------------------------------------------------------------------------
 Index Scan Backward using idx on public.t (actual rows=2048.00 loops=1)
   Output: a, b
   Index Cond: ((t.a >= '-13195'::integer) AND (t.a <= '-13068'::integer))
   Index Searches: 1
   Prefetch: distance=2.073 count=41 stalls=1241 skipped=463 resets=0 ungets=0 forwarded=0
             histogram [2,4) => 40, [4,8) => 1
   Buffers: shared hit=1455 read=56
 Settings: enable_bitmapscan = 'off', enable_seqscan = 'off', max_parallel_workers_per_gather = '0'
 Planning:
   Buffers: shared hit=78 read=22
 Planning Time: 5.783 ms
 Execution Time: 6.945 ms
(12 rows)

SET
SET
SET
SET
SET
                                             QUERY PLAN                                             
----------------------------------------------------------------------------------------------------
 Index Scan Backward using idx on public.t (actual rows=2048.00 loops=1)
   Output: a, b
   Index Cond: ((t.a >= '-13195'::integer) AND (t.a <= '-13068'::integer))
   Index Searches: 1
   Buffers: shared hit=1511
 Settings: enable_bitmapscan = 'off', enable_seqscan = 'off', max_parallel_workers_per_gather = '0'
 Planning:
   Buffers: shared hit=105
 Planning Time: 0.425 ms
 Execution Time: 0.582 ms
(10 rows)

