SET
SET
SET
SET
SET
                                                                 QUERY PLAN                                                                  
---------------------------------------------------------------------------------------------------------------------------------------------
 Index Scan using idx on public.t (actual rows=16384.00 loops=1)
   Output: a, b
   Index Cond: ((t.a >= 31629) AND (t.a <= 32140))
   Index Searches: 1
   Prefetch: distance=264.928 count=4176 stalls=1 skipped=12317 resets=0 ungets=493 forwarded=17
             histogram [2,4) => 2, [4,8) => 4, [8,16) => 7, [16,32) => 15, [32,64) => 23, [64,128) => 38, [128,256) => 59, [256,512) => 4028
   Buffers: shared hit=48 read=3740
 Settings: enable_bitmapscan = 'off', enable_seqscan = 'off', max_parallel_workers_per_gather = '0'
 Planning:
   Buffers: shared hit=78 read=23
 Planning Time: 6.318 ms
 Execution Time: 27.979 ms
(12 rows)

SET
SET
SET
SET
SET
                                             QUERY PLAN                                             
----------------------------------------------------------------------------------------------------
 Index Scan using idx on public.t (actual rows=16384.00 loops=1)
   Output: a, b
   Index Cond: ((t.a >= 31629) AND (t.a <= 32140))
   Index Searches: 1
   Buffers: shared hit=3788
 Settings: enable_bitmapscan = 'off', enable_seqscan = 'off', max_parallel_workers_per_gather = '0'
 Planning:
   Buffers: shared hit=106
 Planning Time: 0.450 ms
 Execution Time: 7.216 ms
(10 rows)

