SET
SET
SET
SET
SET
                                             QUERY PLAN                                             
----------------------------------------------------------------------------------------------------
 Index Scan Backward using idx on public.t (actual rows=4096.00 loops=1)
   Output: a, b
   Index Cond: ((t.a >= '-13105'::integer) AND (t.a <= '-12850'::integer))
   Index Searches: 1
   Prefetch: distance=2.099 count=91 stalls=2740 skipped=936 resets=0 ungets=0 forwarded=0
             histogram [2,4) => 88, [4,8) => 3
   Buffers: shared hit=2999 read=85
 Settings: enable_bitmapscan = 'off', enable_seqscan = 'off', max_parallel_workers_per_gather = '0'
 Planning:
   Buffers: shared hit=78 read=26
 Planning Time: 6.284 ms
 Execution Time: 10.338 ms
(12 rows)

SET
SET
SET
SET
SET
                                             QUERY PLAN                                             
----------------------------------------------------------------------------------------------------
 Index Scan Backward using idx on public.t (actual rows=4096.00 loops=1)
   Output: a, b
   Index Cond: ((t.a >= '-13105'::integer) AND (t.a <= '-12850'::integer))
   Index Searches: 1
   Buffers: shared hit=3084
 Settings: enable_bitmapscan = 'off', enable_seqscan = 'off', max_parallel_workers_per_gather = '0'
 Planning:
   Buffers: shared hit=109
 Planning Time: 0.421 ms
 Execution Time: 1.125 ms
(10 rows)

