SET
SET
SET
SET
SET
                                                                   QUERY PLAN                                                                   
------------------------------------------------------------------------------------------------------------------------------------------------
 Index Scan Backward using idx on public.t (actual rows=65536.00 loops=1)
   Output: a, b
   Index Cond: ((t.a >= '-4781'::integer) AND (t.a <= '-686'::integer))
   Index Searches: 1
   Prefetch: distance=261.838 count=52452 stalls=1 skipped=16670 resets=0 ungets=3589 forwarded=0
             histogram [2,4) => 2, [4,8) => 3, [8,16) => 10, [16,32) => 11, [32,64) => 6, [64,128) => 2, [128,256) => 10089, [256,512) => 42329
   Buffers: shared hit=48075 read=976
 Settings: enable_bitmapscan = 'off', enable_seqscan = 'off', max_parallel_workers_per_gather = '0'
 Planning:
   Buffers: shared hit=82 read=26
 Planning Time: 6.320 ms
 Execution Time: 56.537 ms
(12 rows)

SET
SET
SET
SET
SET
                                             QUERY PLAN                                             
----------------------------------------------------------------------------------------------------
 Index Scan Backward using idx on public.t (actual rows=65536.00 loops=1)
   Output: a, b
   Index Cond: ((t.a >= '-4781'::integer) AND (t.a <= '-686'::integer))
   Index Searches: 1
   Buffers: shared hit=49051
 Settings: enable_bitmapscan = 'off', enable_seqscan = 'off', max_parallel_workers_per_gather = '0'
 Planning:
   Buffers: shared hit=113
 Planning Time: 0.353 ms
 Execution Time: 14.176 ms
(10 rows)

