SET
SET
SET
SET
SET
                                                                QUERY PLAN                                                                 
-------------------------------------------------------------------------------------------------------------------------------------------
 Index Scan using idx on public.t (actual rows=2048.00 loops=1)
   Output: a, b
   Index Cond: ((t.a >= 17670) AND (t.a <= 17733))
   Index Searches: 1
   Prefetch: distance=215.807 count=477 stalls=1 skipped=1423 resets=0 ungets=44 forwarded=28
             histogram [2,4) => 2, [4,8) => 4, [8,16) => 8, [16,32) => 9, [32,64) => 23, [64,128) => 40, [128,256) => 48, [256,512) => 343
   Buffers: shared hit=9 read=475
 Settings: enable_bitmapscan = 'off', enable_seqscan = 'off', max_parallel_workers_per_gather = '0'
 Planning:
   Buffers: shared hit=78 read=23
 Planning Time: 5.976 ms
 Execution Time: 8.317 ms
(12 rows)

SET
SET
SET
SET
SET
                                             QUERY PLAN                                             
----------------------------------------------------------------------------------------------------
 Index Scan using idx on public.t (actual rows=2048.00 loops=1)
   Output: a, b
   Index Cond: ((t.a >= 17670) AND (t.a <= 17733))
   Index Searches: 1
   Buffers: shared hit=485
 Settings: enable_bitmapscan = 'off', enable_seqscan = 'off', max_parallel_workers_per_gather = '0'
 Planning:
   Buffers: shared hit=106
 Planning Time: 0.327 ms
 Execution Time: 0.878 ms
(10 rows)

