SET
SET
SET
SET
SET
                                                                    QUERY PLAN                                                                    
--------------------------------------------------------------------------------------------------------------------------------------------------
 Index Scan using idx on public.t (actual rows=1048576.00 loops=1)
   Output: a, b
   Index Cond: ((t.a >= 4834) AND (t.a <= 37601))
   Index Searches: 1
   Prefetch: distance=266.342 count=255849 stalls=1 skipped=807899 resets=0 ungets=16196 forwarded=7781
             histogram [2,4) => 2, [4,8) => 4, [8,16) => 8, [16,32) => 15, [32,64) => 23, [64,128) => 40, [128,256) => 20954, [256,512) => 234803
   Buffers: shared hit=151012 read=89785
 Settings: enable_bitmapscan = 'off', enable_seqscan = 'off', max_parallel_workers_per_gather = '0'
 Planning:
   Buffers: shared hit=78 read=23
 Planning Time: 6.009 ms
 Execution Time: 681.749 ms
(12 rows)

SET
SET
SET
SET
SET
                                             QUERY PLAN                                             
----------------------------------------------------------------------------------------------------
 Index Scan using idx on public.t (actual rows=1048576.00 loops=1)
   Output: a, b
   Index Cond: ((t.a >= 4834) AND (t.a <= 37601))
   Index Searches: 1
   Buffers: shared hit=240826
 Settings: enable_bitmapscan = 'off', enable_seqscan = 'off', max_parallel_workers_per_gather = '0'
 Planning:
   Buffers: shared hit=106
 Planning Time: 0.379 ms
 Execution Time: 312.127 ms
(10 rows)

