SET
SET
SET
SET
SET
                                                                    QUERY PLAN                                                                     
---------------------------------------------------------------------------------------------------------------------------------------------------
 Index Scan using idx on public.t (actual rows=6048576.00 loops=1)
   Output: a, b
   Index Cond: ((t.a >= 30768) AND (t.a <= 219785))
   Index Searches: 1
   Prefetch: distance=264.217 count=1419449 stalls=1 skipped=4663084 resets=0 ungets=35013 forwarded=34372
             histogram [2,4) => 2, [4,8) => 4, [8,16) => 8, [16,32) => 9, [32,64) => 24, [64,128) => 40, [128,256) => 185316, [256,512) => 1234046
   Buffers: shared hit=1035636 read=354409
 Settings: enable_bitmapscan = 'off', enable_seqscan = 'off', max_parallel_workers_per_gather = '0'
 Planning:
   Buffers: shared hit=78 read=23
 Planning Time: 5.962 ms
 Execution Time: 3164.291 ms
(12 rows)

SET
SET
SET
SET
SET
                                             QUERY PLAN                                             
----------------------------------------------------------------------------------------------------
 Index Scan using idx on public.t (actual rows=6048576.00 loops=1)
   Output: a, b
   Index Cond: ((t.a >= 30768) AND (t.a <= 219785))
   Index Searches: 1
   Buffers: shared hit=1390085
 Settings: enable_bitmapscan = 'off', enable_seqscan = 'off', max_parallel_workers_per_gather = '0'
 Planning:
   Buffers: shared hit=106
 Planning Time: 0.434 ms
 Execution Time: 1589.004 ms
(10 rows)

