SET
SET
SET
SET
SET
                                                                     QUERY PLAN                                                                      
-----------------------------------------------------------------------------------------------------------------------------------------------------
 Index Scan using idx on public.t (actual rows=9048576.00 loops=1)
   Output: a, b
   Index Cond: ((t.a >= 20346) AND (t.a <= 303113))
   Index Searches: 1
   Prefetch: distance=262.987 count=2109652 stalls=1 skipped=6976851 resets=0 ungets=38727 forwarded=48227
             histogram [2,4) => 2, [4,8) => 4, [8,16) => 8, [16,32) => 15, [32,64) => 23, [64,128) => 485, [128,256) => 336782, [256,512) => 1772333
   Buffers: shared hit=1604806 read=474339
 Settings: enable_bitmapscan = 'off', enable_seqscan = 'off', max_parallel_workers_per_gather = '0'
 Planning:
   Buffers: shared hit=78 read=23
 Planning Time: 5.915 ms
 Execution Time: 4592.634 ms
(12 rows)

SET
SET
SET
SET
SET
                                             QUERY PLAN                                             
----------------------------------------------------------------------------------------------------
 Index Scan using idx on public.t (actual rows=9048576.00 loops=1)
   Output: a, b
   Index Cond: ((t.a >= 20346) AND (t.a <= 303113))
   Index Searches: 1
   Buffers: shared hit=2079197
 Settings: enable_bitmapscan = 'off', enable_seqscan = 'off', max_parallel_workers_per_gather = '0'
 Planning:
   Buffers: shared hit=106
 Planning Time: 0.440 ms
 Execution Time: 2658.523 ms
(10 rows)

