SET
SET
SET
SET
SET
                                                                     QUERY PLAN                                                                      
-----------------------------------------------------------------------------------------------------------------------------------------------------
 Index Scan Backward using idx on public.t (actual rows=2048576.00 loops=1)
   Output: a, b
   Index Cond: ((t.a >= '-160103'::integer) AND (t.a <= '-32068'::integer))
   Index Searches: 1
   Prefetch: distance=262.039 count=1646111 stalls=1 skipped=518433 resets=0 ungets=115983 forwarded=0
             histogram [2,4) => 2, [4,8) => 5, [8,16) => 11, [16,32) => 15, [32,64) => 23, [64,128) => 45, [128,256) => 316029, [256,512) => 1329981
   Buffers: shared hit=1506015 read=29727
 Settings: enable_bitmapscan = 'off', enable_seqscan = 'off', max_parallel_workers_per_gather = '0'
 Planning:
   Buffers: shared hit=78 read=22
 Planning Time: 6.094 ms
 Execution Time: 1637.216 ms
(12 rows)

SET
SET
SET
SET
SET
                                             QUERY PLAN                                             
----------------------------------------------------------------------------------------------------
 Index Scan Backward using idx on public.t (actual rows=2048576.00 loops=1)
   Output: a, b
   Index Cond: ((t.a >= '-160103'::integer) AND (t.a <= '-32068'::integer))
   Index Searches: 1
   Buffers: shared hit=1535742
 Settings: enable_bitmapscan = 'off', enable_seqscan = 'off', max_parallel_workers_per_gather = '0'
 Planning:
   Buffers: shared hit=105
 Planning Time: 0.470 ms
 Execution Time: 681.559 ms
(10 rows)

