SET
SET
SET
SET
SET
                                                                          QUERY PLAN                                                                          
--------------------------------------------------------------------------------------------------------------------------------------------------------------
 Index Scan Backward using idx on public.t (actual rows=6048576.00 loops=1)
   Output: a, b
   Index Cond: ((t.a >= 3328) AND (t.a <= 192345))
   Index Searches: 1
   Prefetch: distance=260.939 count=1693169 stalls=12770 skipped=4663561 resets=0 ungets=321563 forwarded=0
             histogram [2,4) => 356, [4,8) => 386, [8,16) => 442, [16,32) => 576, [32,64) => 664, [64,128) => 1346, [128,256) => 391450, [256,512) => 1297949
   Buffers: shared hit=1059286 read=330640
 Settings: enable_bitmapscan = 'off', enable_seqscan = 'off', max_parallel_workers_per_gather = '0'
 Planning:
   Buffers: shared hit=82 read=27
 Planning Time: 6.574 ms
 Execution Time: 6294.951 ms
(12 rows)

SET
SET
SET
SET
SET
                                             QUERY PLAN                                             
----------------------------------------------------------------------------------------------------
 Index Scan Backward using idx on public.t (actual rows=6048576.00 loops=1)
   Output: a, b
   Index Cond: ((t.a >= 3328) AND (t.a <= 192345))
   Index Searches: 1
   Buffers: shared hit=1389926
 Settings: enable_bitmapscan = 'off', enable_seqscan = 'off', max_parallel_workers_per_gather = '0'
 Planning:
   Buffers: shared hit=114
 Planning Time: 0.472 ms
 Execution Time: 1690.803 ms
(10 rows)

