SET
SET
SET
SET
SET
                                                                     QUERY PLAN                                                                     
----------------------------------------------------------------------------------------------------------------------------------------------------
 Index Scan Backward using idx on public.t (actual rows=8048576.00 loops=1)
   Output: a, b
   Index Cond: ((t.a >= '-526148'::integer) AND (t.a <= '-23113'::integer))
   Index Searches: 1
   Prefetch: distance=261.994 count=6460430 stalls=1 skipped=2036545 resets=0 ungets=448401 forwarded=0
             histogram [2,4) => 2, [4,8) => 3, [8,16) => 10, [16,32) => 11, [32,64) => 4, [64,128) => 2, [128,256) => 1251174, [256,512) => 5209224
   Buffers: shared hit=5917321 read=116707
 Settings: enable_bitmapscan = 'off', enable_seqscan = 'off', max_parallel_workers_per_gather = '0'
 Planning:
   Buffers: shared hit=78 read=22
 Planning Time: 5.686 ms
 Execution Time: 6453.073 ms
(12 rows)

SET
SET
SET
SET
SET
                                             QUERY PLAN                                             
----------------------------------------------------------------------------------------------------
 Index Scan Backward using idx on public.t (actual rows=8048576.00 loops=1)
   Output: a, b
   Index Cond: ((t.a >= '-526148'::integer) AND (t.a <= '-23113'::integer))
   Index Searches: 1
   Buffers: shared hit=6034028
 Settings: enable_bitmapscan = 'off', enable_seqscan = 'off', max_parallel_workers_per_gather = '0'
 Planning:
   Buffers: shared hit=105
 Planning Time: 0.414 ms
 Execution Time: 2392.268 ms
(10 rows)

