SET
SET
SET
SET
SET
                                             QUERY PLAN                                             
----------------------------------------------------------------------------------------------------
 Index Scan Backward using idx on public.t (actual rows=1024.00 loops=1)
   Output: a, b
   Index Cond: ((t.a >= 16520) AND (t.a <= 16551))
   Index Searches: 1
   Prefetch: distance=4.571 count=7 stalls=1 skipped=25 resets=0 ungets=0 forwarded=0
             histogram [2,4) => 2, [4,8) => 3, [8,16) => 2
   Buffers: shared hit=3 read=234
 Settings: enable_bitmapscan = 'off', enable_seqscan = 'off', max_parallel_workers_per_gather = '0'
 Planning:
   Buffers: shared hit=82 read=23
 Planning Time: 6.287 ms
 Execution Time: 22.825 ms
(12 rows)

SET
SET
SET
SET
SET
                                             QUERY PLAN                                             
----------------------------------------------------------------------------------------------------
 Index Scan Backward using idx on public.t (actual rows=1024.00 loops=1)
   Output: a, b
   Index Cond: ((t.a >= 16520) AND (t.a <= 16551))
   Index Searches: 1
   Buffers: shared hit=237
 Settings: enable_bitmapscan = 'off', enable_seqscan = 'off', max_parallel_workers_per_gather = '0'
 Planning:
   Buffers: shared hit=110
 Planning Time: 0.438 ms
 Execution Time: 0.825 ms
(10 rows)

