SET
SET
SET
SET
SET
                                                                         QUERY PLAN                                                                          
-------------------------------------------------------------------------------------------------------------------------------------------------------------
 Index Scan Backward using idx on public.t (actual rows=4048576.00 loops=1)
   Output: a, b
   Index Cond: ((t.a >= 1839) AND (t.a <= 128356))
   Index Searches: 1
   Prefetch: distance=260.549 count=1132209 stalls=18807 skipped=3121684 resets=0 ungets=224475 forwarded=0
             histogram [2,4) => 454, [4,8) => 509, [8,16) => 595, [16,32) => 851, [32,64) => 961, [64,128) => 2109, [128,256) => 251529, [256,512) => 875201
   Buffers: shared hit=698542 read=231704
 Settings: enable_bitmapscan = 'off', enable_seqscan = 'off', max_parallel_workers_per_gather = '0'
 Planning:
   Buffers: shared hit=82 read=27
 Planning Time: 6.456 ms
 Execution Time: 4493.283 ms
(12 rows)

SET
SET
SET
SET
SET
                                             QUERY PLAN                                             
----------------------------------------------------------------------------------------------------
 Index Scan Backward using idx on public.t (actual rows=4048576.00 loops=1)
   Output: a, b
   Index Cond: ((t.a >= 1839) AND (t.a <= 128356))
   Index Searches: 1
   Buffers: shared hit=930246
 Settings: enable_bitmapscan = 'off', enable_seqscan = 'off', max_parallel_workers_per_gather = '0'
 Planning:
   Buffers: shared hit=114
 Planning Time: 0.488 ms
 Execution Time: 1086.537 ms
(10 rows)

