SET
SET
SET
SET
SET
                                                                         QUERY PLAN                                                                          
-------------------------------------------------------------------------------------------------------------------------------------------------------------
 Index Scan Backward using idx on public.t (actual rows=2048576.00 loops=1)
   Output: a, b
   Index Cond: ((t.a >= 2204) AND (t.a <= 66221))
   Index Searches: 1
   Prefetch: distance=260.565 count=581491 stalls=17143 skipped=1579788 resets=0 ungets=129877 forwarded=0
             histogram [2,4) => 436, [4,8) => 495, [8,16) => 571, [16,32) => 809, [32,64) => 922, [64,128) => 1891, [128,256) => 111789, [256,512) => 464578
   Buffers: shared hit=335670 read=134929
 Settings: enable_bitmapscan = 'off', enable_seqscan = 'off', max_parallel_workers_per_gather = '0'
 Planning:
   Buffers: shared hit=82 read=27
 Planning Time: 6.509 ms
 Execution Time: 2624.577 ms
(12 rows)

SET
SET
SET
SET
SET
                                             QUERY PLAN                                             
----------------------------------------------------------------------------------------------------
 Index Scan Backward using idx on public.t (actual rows=2048576.00 loops=1)
   Output: a, b
   Index Cond: ((t.a >= 2204) AND (t.a <= 66221))
   Index Searches: 1
   Buffers: shared hit=470599
 Settings: enable_bitmapscan = 'off', enable_seqscan = 'off', max_parallel_workers_per_gather = '0'
 Planning:
   Buffers: shared hit=114
 Planning Time: 0.455 ms
 Execution Time: 537.369 ms
(10 rows)

