SET
SET
SET
SET
SET
                                                                         QUERY PLAN                                                                          
-------------------------------------------------------------------------------------------------------------------------------------------------------------
 Index Scan Backward using idx on public.t (actual rows=3048576.00 loops=1)
   Output: a, b
   Index Cond: ((t.a >= 2286) AND (t.a <= 97553))
   Index Searches: 1
   Prefetch: distance=260.591 count=858037 stalls=17143 skipped=2350751 resets=0 ungets=177610 forwarded=0
             histogram [2,4) => 436, [4,8) => 495, [8,16) => 571, [16,32) => 809, [32,64) => 922, [64,128) => 1818, [128,256) => 182039, [256,512) => 670947
   Buffers: shared hit=516527 read=183830
 Settings: enable_bitmapscan = 'off', enable_seqscan = 'off', max_parallel_workers_per_gather = '0'
 Planning:
   Buffers: shared hit=82 read=27
 Planning Time: 6.185 ms
 Execution Time: 3533.814 ms
(12 rows)

SET
SET
SET
SET
SET
                                             QUERY PLAN                                             
----------------------------------------------------------------------------------------------------
 Index Scan Backward using idx on public.t (actual rows=3048576.00 loops=1)
   Output: a, b
   Index Cond: ((t.a >= 2286) AND (t.a <= 97553))
   Index Searches: 1
   Buffers: shared hit=700357
 Settings: enable_bitmapscan = 'off', enable_seqscan = 'off', max_parallel_workers_per_gather = '0'
 Planning:
   Buffers: shared hit=114
 Planning Time: 0.481 ms
 Execution Time: 775.971 ms
(10 rows)

