SET
SET
SET
SET
SET
                                                                  QUERY PLAN                                                                  
----------------------------------------------------------------------------------------------------------------------------------------------
 Index Scan using idx on public.t (actual rows=131072.00 loops=1)
   Output: a, b
   Index Cond: ((t.a >= 26791) AND (t.a <= 30886))
   Index Searches: 1
   Prefetch: distance=270.657 count=33914 stalls=1 skipped=100602 resets=0 ungets=4084 forwarded=574
             histogram [2,4) => 2, [4,8) => 4, [8,16) => 8, [16,32) => 15, [32,64) => 24, [64,128) => 37, [128,256) => 53, [256,512) => 33771
   Buffers: shared hit=4103 read=25992
 Settings: enable_bitmapscan = 'off', enable_seqscan = 'off', max_parallel_workers_per_gather = '0'
 Planning:
   Buffers: shared hit=78 read=23
 Planning Time: 5.682 ms
 Execution Time: 160.686 ms
(12 rows)

SET
SET
SET
SET
SET
                                             QUERY PLAN                                             
----------------------------------------------------------------------------------------------------
 Index Scan using idx on public.t (actual rows=131072.00 loops=1)
   Output: a, b
   Index Cond: ((t.a >= 26791) AND (t.a <= 30886))
   Index Searches: 1
   Buffers: shared hit=30095
 Settings: enable_bitmapscan = 'off', enable_seqscan = 'off', max_parallel_workers_per_gather = '0'
 Planning:
   Buffers: shared hit=106
 Planning Time: 0.395 ms
 Execution Time: 43.285 ms
(10 rows)

