SET
SET
SET
SET
SET
                                                                    QUERY PLAN                                                                     
---------------------------------------------------------------------------------------------------------------------------------------------------
 Index Scan using idx on public.t (actual rows=7048576.00 loops=1)
   Output: a, b
   Index Cond: ((t.a >= 25028) AND (t.a <= 245295))
   Index Searches: 1
   Prefetch: distance=264.061 count=1650545 stalls=1 skipped=5434163 resets=0 ungets=37188 forwarded=39652
             histogram [2,4) => 2, [4,8) => 4, [8,16) => 8, [16,32) => 9, [32,64) => 24, [64,128) => 38, [128,256) => 221759, [256,512) => 1428701
   Buffers: shared hit=1219485 read=400363
 Settings: enable_bitmapscan = 'off', enable_seqscan = 'off', max_parallel_workers_per_gather = '0'
 Planning:
   Buffers: shared hit=78 read=23
 Planning Time: 5.765 ms
 Execution Time: 4401.366 ms
(12 rows)

SET
SET
SET
SET
SET
                                             QUERY PLAN                                             
----------------------------------------------------------------------------------------------------
 Index Scan using idx on public.t (actual rows=7048576.00 loops=1)
   Output: a, b
   Index Cond: ((t.a >= 25028) AND (t.a <= 245295))
   Index Searches: 1
   Buffers: shared hit=1619899
 Settings: enable_bitmapscan = 'off', enable_seqscan = 'off', max_parallel_workers_per_gather = '0'
 Planning:
   Buffers: shared hit=106
 Planning Time: 0.435 ms
 Execution Time: 1873.679 ms
(10 rows)

