SET
SET
SET
SET
SET
                                                                   QUERY PLAN                                                                    
-------------------------------------------------------------------------------------------------------------------------------------------------
 Index Scan using idx on public.t (actual rows=3048576.00 loops=1)
   Output: a, b
   Index Cond: ((t.a >= 2811) AND (t.a <= 98078))
   Index Searches: 1
   Prefetch: distance=264.424 count=717922 stalls=1 skipped=2350296 resets=0 ungets=20442 forwarded=17923
             histogram [2,4) => 2, [4,8) => 4, [8,16) => 8, [16,32) => 9, [32,64) => 22, [64,128) => 40, [128,256) => 89956, [256,512) => 627881
   Buffers: shared hit=515859 read=184499
 Settings: enable_bitmapscan = 'off', enable_seqscan = 'off', max_parallel_workers_per_gather = '0'
 Planning:
   Buffers: shared hit=78 read=27
 Planning Time: 5.980 ms
 Execution Time: 1758.047 ms
(12 rows)

SET
SET
SET
SET
SET
                                             QUERY PLAN                                             
----------------------------------------------------------------------------------------------------
 Index Scan using idx on public.t (actual rows=3048576.00 loops=1)
   Output: a, b
   Index Cond: ((t.a >= 2811) AND (t.a <= 98078))
   Index Searches: 1
   Buffers: shared hit=700392
 Settings: enable_bitmapscan = 'off', enable_seqscan = 'off', max_parallel_workers_per_gather = '0'
 Planning:
   Buffers: shared hit=110
 Planning Time: 0.489 ms
 Execution Time: 959.814 ms
(10 rows)

