SET
SET
SET
SET
SET
                                                                   QUERY PLAN                                                                    
-------------------------------------------------------------------------------------------------------------------------------------------------
 Index Scan using idx on public.t (actual rows=2048576.00 loops=1)
   Output: a, b
   Index Cond: ((t.a >= 26558) AND (t.a <= 90575))
   Index Searches: 1
   Prefetch: distance=265.805 count=494304 stalls=1 skipped=1579584 resets=0 ungets=25568 forwarded=14381
             histogram [2,4) => 2, [4,8) => 4, [8,16) => 8, [16,32) => 9, [32,64) => 24, [64,128) => 39, [128,256) => 46371, [256,512) => 447847
   Buffers: shared hit=311959 read=158660
 Settings: enable_bitmapscan = 'off', enable_seqscan = 'off', max_parallel_workers_per_gather = '0'
 Planning:
   Buffers: shared hit=78 read=23
 Planning Time: 6.349 ms
 Execution Time: 1366.182 ms
(12 rows)

SET
SET
SET
SET
SET
                                             QUERY PLAN                                             
----------------------------------------------------------------------------------------------------
 Index Scan using idx on public.t (actual rows=2048576.00 loops=1)
   Output: a, b
   Index Cond: ((t.a >= 26558) AND (t.a <= 90575))
   Index Searches: 1
   Buffers: shared hit=470629
 Settings: enable_bitmapscan = 'off', enable_seqscan = 'off', max_parallel_workers_per_gather = '0'
 Planning:
   Buffers: shared hit=106
 Planning Time: 0.385 ms
 Execution Time: 628.653 ms
(10 rows)

