SET
SET
SET
SET
SET
                                                                 QUERY PLAN                                                                  
---------------------------------------------------------------------------------------------------------------------------------------------
 Index Scan using idx on public.t (actual rows=8192.00 loops=1)
   Output: a, b
   Index Cond: ((t.a >= 26958) AND (t.a <= 27213))
   Index Searches: 1
   Prefetch: distance=256.255 count=1856 stalls=1 skipped=5649 resets=0 ungets=209 forwarded=2
             histogram [2,4) => 2, [4,8) => 4, [8,16) => 8, [16,32) => 16, [32,64) => 23, [64,128) => 40, [128,256) => 51, [256,512) => 1712
   Buffers: shared hit=18 read=1845
 Settings: enable_bitmapscan = 'off', enable_seqscan = 'off', max_parallel_workers_per_gather = '0'
 Planning:
   Buffers: shared hit=78 read=23
 Planning Time: 5.838 ms
 Execution Time: 26.260 ms
(12 rows)

SET
SET
SET
SET
SET
                                             QUERY PLAN                                             
----------------------------------------------------------------------------------------------------
 Index Scan using idx on public.t (actual rows=8192.00 loops=1)
   Output: a, b
   Index Cond: ((t.a >= 26958) AND (t.a <= 27213))
   Index Searches: 1
   Buffers: shared hit=1863
 Settings: enable_bitmapscan = 'off', enable_seqscan = 'off', max_parallel_workers_per_gather = '0'
 Planning:
   Buffers: shared hit=106
 Planning Time: 0.430 ms
 Execution Time: 4.062 ms
(10 rows)

