SET
SET
SET
SET
SET
                                                                    QUERY PLAN                                                                    
--------------------------------------------------------------------------------------------------------------------------------------------------
 Index Scan using idx on public.t (actual rows=4048576.00 loops=1)
   Output: a, b
   Index Cond: ((t.a >= 26296) AND (t.a <= 152813))
   Index Searches: 1
   Prefetch: distance=264.620 count=957052 stalls=1 skipped=3121206 resets=0 ungets=30482 forwarded=24696
             histogram [2,4) => 2, [4,8) => 4, [8,16) => 8, [16,32) => 9, [32,64) => 23, [64,128) => 39, [128,256) => 115800, [256,512) => 841167
   Buffers: shared hit=674454 read=255890
 Settings: enable_bitmapscan = 'off', enable_seqscan = 'off', max_parallel_workers_per_gather = '0'
 Planning:
   Buffers: shared hit=78 read=23
 Planning Time: 5.683 ms
 Execution Time: 2464.468 ms
(12 rows)

SET
SET
SET
SET
SET
                                             QUERY PLAN                                             
----------------------------------------------------------------------------------------------------
 Index Scan using idx on public.t (actual rows=4048576.00 loops=1)
   Output: a, b
   Index Cond: ((t.a >= 26296) AND (t.a <= 152813))
   Index Searches: 1
   Buffers: shared hit=930368
 Settings: enable_bitmapscan = 'off', enable_seqscan = 'off', max_parallel_workers_per_gather = '0'
 Planning:
   Buffers: shared hit=106
 Planning Time: 0.409 ms
 Execution Time: 1034.736 ms
(10 rows)

