SET
SET
SET
SET
SET
                                                                  QUERY PLAN                                                                   
-----------------------------------------------------------------------------------------------------------------------------------------------
 Index Scan using idx on public.t (actual rows=262144.00 loops=1)
   Output: a, b
   Index Cond: ((t.a >= 26802) AND (t.a <= 34993))
   Index Searches: 1
   Prefetch: distance=270.550 count=67775 stalls=1 skipped=201982 resets=0 ungets=7901 forwarded=1797
             histogram [2,4) => 2, [4,8) => 4, [8,16) => 8, [16,32) => 15, [32,64) => 24, [64,128) => 37, [128,256) => 105, [256,512) => 67580
   Buffers: shared hit=14440 read=45737
 Settings: enable_bitmapscan = 'off', enable_seqscan = 'off', max_parallel_workers_per_gather = '0'
 Planning:
   Buffers: shared hit=78 read=23
 Planning Time: 6.163 ms
 Execution Time: 285.607 ms
(12 rows)

SET
SET
SET
SET
SET
                                             QUERY PLAN                                             
----------------------------------------------------------------------------------------------------
 Index Scan using idx on public.t (actual rows=262144.00 loops=1)
   Output: a, b
   Index Cond: ((t.a >= 26802) AND (t.a <= 34993))
   Index Searches: 1
   Buffers: shared hit=60179
 Settings: enable_bitmapscan = 'off', enable_seqscan = 'off', max_parallel_workers_per_gather = '0'
 Planning:
   Buffers: shared hit=106
 Planning Time: 0.570 ms
 Execution Time: 97.962 ms
(10 rows)

