SET
SET
SET
SET
SET
                                                                    QUERY PLAN                                                                     
---------------------------------------------------------------------------------------------------------------------------------------------------
 Index Scan using idx on public.t (actual rows=6048576.00 loops=1)
   Output: a, b
   Index Cond: ((t.a >= 22879) AND (t.a <= 211896))
   Index Searches: 1
   Prefetch: distance=264.181 count=1418973 stalls=1 skipped=4663729 resets=0 ungets=34510 forwarded=34629
             histogram [2,4) => 2, [4,8) => 4, [8,16) => 8, [16,32) => 9, [32,64) => 23, [64,128) => 40, [128,256) => 186443, [256,512) => 1232444
   Buffers: shared hit=1039352 read=350550
 Settings: enable_bitmapscan = 'off', enable_seqscan = 'off', max_parallel_workers_per_gather = '0'
 Planning:
   Buffers: shared hit=78 read=23
 Planning Time: 5.616 ms
 Execution Time: 3735.145 ms
(12 rows)

SET
SET
SET
SET
SET
                                             QUERY PLAN                                             
----------------------------------------------------------------------------------------------------
 Index Scan using idx on public.t (actual rows=6048576.00 loops=1)
   Output: a, b
   Index Cond: ((t.a >= 22879) AND (t.a <= 211896))
   Index Searches: 1
   Buffers: shared hit=1389960
 Settings: enable_bitmapscan = 'off', enable_seqscan = 'off', max_parallel_workers_per_gather = '0'
 Planning:
   Buffers: shared hit=106
 Planning Time: 0.401 ms
 Execution Time: 1832.684 ms
(10 rows)

