SET
SET
SET
SET
SET
                                                                    QUERY PLAN                                                                    
--------------------------------------------------------------------------------------------------------------------------------------------------
 Index Scan using idx on public.t (actual rows=1048576.00 loops=1)
   Output: a, b
   Index Cond: ((t.a >= 12011) AND (t.a <= 44778))
   Index Searches: 1
   Prefetch: distance=266.905 count=258838 stalls=1 skipped=807863 resets=0 ungets=19085 forwarded=8480
             histogram [2,4) => 2, [4,8) => 4, [8,16) => 8, [16,32) => 9, [32,64) => 23, [64,128) => 106, [128,256) => 18155, [256,512) => 240531
   Buffers: shared hit=143055 read=97839
 Settings: enable_bitmapscan = 'off', enable_seqscan = 'off', max_parallel_workers_per_gather = '0'
 Planning:
   Buffers: shared hit=78 read=23
 Planning Time: 5.993 ms
 Execution Time: 742.496 ms
(12 rows)

SET
SET
SET
SET
SET
                                             QUERY PLAN                                             
----------------------------------------------------------------------------------------------------
 Index Scan using idx on public.t (actual rows=1048576.00 loops=1)
   Output: a, b
   Index Cond: ((t.a >= 12011) AND (t.a <= 44778))
   Index Searches: 1
   Buffers: shared hit=240914
 Settings: enable_bitmapscan = 'off', enable_seqscan = 'off', max_parallel_workers_per_gather = '0'
 Planning:
   Buffers: shared hit=106
 Planning Time: 0.401 ms
 Execution Time: 280.189 ms
(10 rows)

