SET
SET
SET
SET
SET
                                                                     QUERY PLAN                                                                     
----------------------------------------------------------------------------------------------------------------------------------------------------
 Index Scan using idx on public.t (actual rows=8048576.00 loops=1)
   Output: a, b
   Index Cond: ((t.a >= 22465) AND (t.a <= 273982))
   Index Searches: 1
   Prefetch: distance=263.938 count=1881144 stalls=1 skipped=6206285 resets=0 ungets=39045 forwarded=44784
             histogram [2,4) => 2, [4,8) => 4, [8,16) => 8, [16,32) => 16, [32,64) => 24, [64,128) => 40, [128,256) => 258485, [256,512) => 1622565
   Buffers: shared hit=1403407 read=445858
 Settings: enable_bitmapscan = 'off', enable_seqscan = 'off', max_parallel_workers_per_gather = '0'
 Planning:
   Buffers: shared hit=78 read=23
 Planning Time: 5.932 ms
 Execution Time: 4667.413 ms
(12 rows)

SET
SET
SET
SET
SET
                                             QUERY PLAN                                             
----------------------------------------------------------------------------------------------------
 Index Scan using idx on public.t (actual rows=8048576.00 loops=1)
   Output: a, b
   Index Cond: ((t.a >= 22465) AND (t.a <= 273982))
   Index Searches: 1
   Buffers: shared hit=1849337
 Settings: enable_bitmapscan = 'off', enable_seqscan = 'off', max_parallel_workers_per_gather = '0'
 Planning:
   Buffers: shared hit=106
 Planning Time: 0.393 ms
 Execution Time: 2014.002 ms
(10 rows)

