SET
SET
SET
SET
SET
                                                                    QUERY PLAN                                                                     
---------------------------------------------------------------------------------------------------------------------------------------------------
 Index Scan using idx on public.t (actual rows=9048576.00 loops=1)
   Output: a, b
   Index Cond: ((t.a >= 13277) AND (t.a <= 296044))
   Index Searches: 1
   Prefetch: distance=263.456 count=2108585 stalls=1 skipped=6976951 resets=0 ungets=37728 forwarded=49074
             histogram [2,4) => 2, [4,8) => 4, [8,16) => 8, [16,32) => 9, [32,64) => 25, [64,128) => 39, [128,256) => 317665, [256,512) => 1790833
   Buffers: shared hit=1603825 read=475231
 Settings: enable_bitmapscan = 'off', enable_seqscan = 'off', max_parallel_workers_per_gather = '0'
 Planning:
   Buffers: shared hit=78 read=23
 Planning Time: 6.113 ms
 Execution Time: 5241.885 ms
(12 rows)

SET
SET
SET
SET
SET
                                             QUERY PLAN                                             
----------------------------------------------------------------------------------------------------
 Index Scan using idx on public.t (actual rows=9048576.00 loops=1)
   Output: a, b
   Index Cond: ((t.a >= 13277) AND (t.a <= 296044))
   Index Searches: 1
   Buffers: shared hit=2079116
 Settings: enable_bitmapscan = 'off', enable_seqscan = 'off', max_parallel_workers_per_gather = '0'
 Planning:
   Buffers: shared hit=106
 Planning Time: 0.399 ms
 Execution Time: 2246.083 ms
(10 rows)

