SET
SET
SET
SET
SET
                                                                 QUERY PLAN                                                                  
---------------------------------------------------------------------------------------------------------------------------------------------
 Index Scan Backward using idx on public.t (actual rows=512.00 loops=1)
   Output: a, b
   Index Cond: ((t.a >= '-20817'::integer) AND (t.a <= '-20786'::integer))
   Index Searches: 1
   Prefetch: distance=154.191 count=371 stalls=1 skipped=131 resets=0 ungets=2 forwarded=0
             histogram [2,4) => 4, [4,8) => 9, [8,16) => 20, [16,32) => 22, [32,64) => 45, [64,128) => 53, [128,256) => 144, [256,512) => 74
   Buffers: shared hit=353 read=34
 Settings: enable_bitmapscan = 'off', enable_seqscan = 'off', max_parallel_workers_per_gather = '0'
 Planning:
   Buffers: shared hit=78 read=22
 Planning Time: 5.707 ms
 Execution Time: 3.557 ms
(12 rows)

SET
SET
SET
SET
SET
                                             QUERY PLAN                                             
----------------------------------------------------------------------------------------------------
 Index Scan Backward using idx on public.t (actual rows=512.00 loops=1)
   Output: a, b
   Index Cond: ((t.a >= '-20817'::integer) AND (t.a <= '-20786'::integer))
   Index Searches: 1
   Buffers: shared hit=387
 Settings: enable_bitmapscan = 'off', enable_seqscan = 'off', max_parallel_workers_per_gather = '0'
 Planning:
   Buffers: shared hit=105
 Planning Time: 0.510 ms
 Execution Time: 0.444 ms
(10 rows)

