SET
SET
SET
SET
SET
                                                                   QUERY PLAN                                                                    
-------------------------------------------------------------------------------------------------------------------------------------------------
 Index Scan using idx on public.t (actual rows=524288.00 loops=1)
   Output: a, b
   Index Cond: ((t.a >= 29652) AND (t.a <= 46035))
   Index Searches: 1
   Prefetch: distance=269.676 count=134224 stalls=1 skipped=403504 resets=0 ungets=14368 forwarded=4449
             histogram [2,4) => 2, [4,8) => 4, [8,16) => 8, [16,32) => 15, [32,64) => 24, [64,128) => 40, [128,256) => 1700, [256,512) => 132431
   Buffers: shared hit=45421 read=75115
 Settings: enable_bitmapscan = 'off', enable_seqscan = 'off', max_parallel_workers_per_gather = '0'
 Planning:
   Buffers: shared hit=78 read=23
 Planning Time: 6.000 ms
 Execution Time: 505.410 ms
(12 rows)

SET
SET
SET
SET
SET
                                             QUERY PLAN                                             
----------------------------------------------------------------------------------------------------
 Index Scan using idx on public.t (actual rows=524288.00 loops=1)
   Output: a, b
   Index Cond: ((t.a >= 29652) AND (t.a <= 46035))
   Index Searches: 1
   Buffers: shared hit=120541
 Settings: enable_bitmapscan = 'off', enable_seqscan = 'off', max_parallel_workers_per_gather = '0'
 Planning:
   Buffers: shared hit=106
 Planning Time: 0.427 ms
 Execution Time: 183.216 ms
(10 rows)

