SET
SET
SET
SET
SET
                                             QUERY PLAN                                             
----------------------------------------------------------------------------------------------------
 Index Scan Backward using idx on public.t (actual rows=2048.00 loops=1)
   Output: a, b
   Index Cond: ((t.a >= '-617'::integer) AND (t.a <= '-490'::integer))
   Index Searches: 1
   Prefetch: distance=2.000 count=42 stalls=1208 skipped=443 resets=0 ungets=0 forwarded=0
             histogram [2,4) => 42
   Buffers: shared hit=1467 read=54
 Settings: enable_bitmapscan = 'off', enable_seqscan = 'off', max_parallel_workers_per_gather = '0'
 Planning:
   Buffers: shared hit=82 read=26
 Planning Time: 6.136 ms
 Execution Time: 6.846 ms
(12 rows)

SET
SET
SET
SET
SET
                                             QUERY PLAN                                             
----------------------------------------------------------------------------------------------------
 Index Scan Backward using idx on public.t (actual rows=2048.00 loops=1)
   Output: a, b
   Index Cond: ((t.a >= '-617'::integer) AND (t.a <= '-490'::integer))
   Index Searches: 1
   Buffers: shared hit=1521
 Settings: enable_bitmapscan = 'off', enable_seqscan = 'off', max_parallel_workers_per_gather = '0'
 Planning:
   Buffers: shared hit=113
 Planning Time: 0.439 ms
 Execution Time: 0.579 ms
(10 rows)

