SET
SET
SET
SET
SET
                                             QUERY PLAN                                             
----------------------------------------------------------------------------------------------------
 Index Scan Backward using idx on public.t (actual rows=4096.00 loops=1)
   Output: a, b
   Index Cond: ((t.a >= '-14977'::integer) AND (t.a <= '-14722'::integer))
   Index Searches: 1
   Prefetch: distance=2.033 count=91 stalls=2782 skipped=956 resets=0 ungets=0 forwarded=0
             histogram [2,4) => 90, [4,8) => 1
   Buffers: shared hit=3005 read=86
 Settings: enable_bitmapscan = 'off', enable_seqscan = 'off', max_parallel_workers_per_gather = '0'
 Planning:
   Buffers: shared hit=78 read=22
 Planning Time: 5.785 ms
 Execution Time: 10.447 ms
(12 rows)

SET
SET
SET
SET
SET
                                             QUERY PLAN                                             
----------------------------------------------------------------------------------------------------
 Index Scan Backward using idx on public.t (actual rows=4096.00 loops=1)
   Output: a, b
   Index Cond: ((t.a >= '-14977'::integer) AND (t.a <= '-14722'::integer))
   Index Searches: 1
   Buffers: shared hit=3091
 Settings: enable_bitmapscan = 'off', enable_seqscan = 'off', max_parallel_workers_per_gather = '0'
 Planning:
   Buffers: shared hit=105
 Planning Time: 0.316 ms
 Execution Time: 1.093 ms
(10 rows)

