SET
SET
SET
SET
SET
                                                                    QUERY PLAN                                                                    
--------------------------------------------------------------------------------------------------------------------------------------------------
 Index Scan using idx on public.t (actual rows=2048576.00 loops=1)
   Output: a, b
   Index Cond: ((t.a >= 20784) AND (t.a <= 84801))
   Index Searches: 1
   Prefetch: distance=265.709 count=493430 stalls=1 skipped=1579656 resets=0 ungets=24734 forwarded=14213
             histogram [2,4) => 2, [4,8) => 4, [8,16) => 8, [16,32) => 10, [32,64) => 22, [64,128) => 38, [128,256) => 47654, [256,512) => 445692
   Buffers: shared hit=315615 read=154940
 Settings: enable_bitmapscan = 'off', enable_seqscan = 'off', max_parallel_workers_per_gather = '0'
 Planning:
   Buffers: shared hit=78 read=23
 Planning Time: 6.026 ms
 Execution Time: 1368.124 ms
(12 rows)

SET
SET
SET
SET
SET
                                             QUERY PLAN                                             
----------------------------------------------------------------------------------------------------
 Index Scan using idx on public.t (actual rows=2048576.00 loops=1)
   Output: a, b
   Index Cond: ((t.a >= 20784) AND (t.a <= 84801))
   Index Searches: 1
   Buffers: shared hit=470584
 Settings: enable_bitmapscan = 'off', enable_seqscan = 'off', max_parallel_workers_per_gather = '0'
 Planning:
   Buffers: shared hit=106
 Planning Time: 0.392 ms
 Execution Time: 614.659 ms
(10 rows)

