SET
SET
SET
SET
SET
                                                                   QUERY PLAN                                                                   
------------------------------------------------------------------------------------------------------------------------------------------------
 Index Scan using idx on public.t (actual rows=524288.00 loops=1)
   Output: a, b
   Index Cond: ((t.a >= 22976) AND (t.a <= 39359))
   Index Searches: 1
   Prefetch: distance=269.503 count=133855 stalls=1 skipped=403925 resets=0 ungets=14132 forwarded=4422
             histogram [2,4) => 2, [4,8) => 4, [8,16) => 8, [16,32) => 9, [32,64) => 23, [64,128) => 39, [128,256) => 2016, [256,512) => 131754
   Buffers: shared hit=47909 read=72427
 Settings: enable_bitmapscan = 'off', enable_seqscan = 'off', max_parallel_workers_per_gather = '0'
 Planning:
   Buffers: shared hit=78 read=23
 Planning Time: 5.939 ms
 Execution Time: 496.237 ms
(12 rows)

SET
SET
SET
SET
SET
                                             QUERY PLAN                                             
----------------------------------------------------------------------------------------------------
 Index Scan using idx on public.t (actual rows=524288.00 loops=1)
   Output: a, b
   Index Cond: ((t.a >= 22976) AND (t.a <= 39359))
   Index Searches: 1
   Buffers: shared hit=120345
 Settings: enable_bitmapscan = 'off', enable_seqscan = 'off', max_parallel_workers_per_gather = '0'
 Planning:
   Buffers: shared hit=106
 Planning Time: 0.362 ms
 Execution Time: 166.603 ms
(10 rows)

