SET
SET
SET
SET
SET
                                                                 QUERY PLAN                                                                 
--------------------------------------------------------------------------------------------------------------------------------------------
 Index Scan using idx on public.t (actual rows=32768.00 loops=1)
   Output: a, b
   Index Cond: ((t.a >= 26267) AND (t.a <= 27290))
   Index Searches: 1
   Prefetch: distance=268.455 count=8336 stalls=1 skipped=24822 resets=0 ungets=998 forwarded=50
             histogram [2,4) => 2, [4,8) => 4, [8,16) => 8, [16,32) => 9, [32,64) => 23, [64,128) => 39, [128,256) => 59, [256,512) => 8192
   Buffers: shared hit=289 read=7218
 Settings: enable_bitmapscan = 'off', enable_seqscan = 'off', max_parallel_workers_per_gather = '0'
 Planning:
   Buffers: shared hit=78 read=23
 Planning Time: 5.780 ms
 Execution Time: 48.851 ms
(12 rows)

SET
SET
SET
SET
SET
                                             QUERY PLAN                                             
----------------------------------------------------------------------------------------------------
 Index Scan using idx on public.t (actual rows=32768.00 loops=1)
   Output: a, b
   Index Cond: ((t.a >= 26267) AND (t.a <= 27290))
   Index Searches: 1
   Buffers: shared hit=7510
 Settings: enable_bitmapscan = 'off', enable_seqscan = 'off', max_parallel_workers_per_gather = '0'
 Planning:
   Buffers: shared hit=106
 Planning Time: 0.451 ms
 Execution Time: 15.005 ms
(10 rows)

