SET
SET
SET
SET
SET
                                                                     QUERY PLAN                                                                     
----------------------------------------------------------------------------------------------------------------------------------------------------
 Index Scan using idx on public.t (actual rows=5048576.00 loops=1)
   Output: a, b
   Index Cond: ((t.a >= 24918) AND (t.a <= 182685))
   Index Searches: 1
   Prefetch: distance=264.375 count=1188355 stalls=1 skipped=3892779 resets=0 ungets=32654 forwarded=29705
             histogram [2,4) => 2, [4,8) => 4, [8,16) => 8, [16,32) => 16, [32,64) => 24, [64,128) => 40, [128,256) => 150553, [256,512) => 1037708
   Buffers: shared hit=856485 read=303705
 Settings: enable_bitmapscan = 'off', enable_seqscan = 'off', max_parallel_workers_per_gather = '0'
 Planning:
   Buffers: shared hit=78 read=23
 Planning Time: 5.633 ms
 Execution Time: 3070.120 ms
(12 rows)

SET
SET
SET
SET
SET
                                             QUERY PLAN                                             
----------------------------------------------------------------------------------------------------
 Index Scan using idx on public.t (actual rows=5048576.00 loops=1)
   Output: a, b
   Index Cond: ((t.a >= 24918) AND (t.a <= 182685))
   Index Searches: 1
   Buffers: shared hit=1160237
 Settings: enable_bitmapscan = 'off', enable_seqscan = 'off', max_parallel_workers_per_gather = '0'
 Planning:
   Buffers: shared hit=106
 Planning Time: 0.385 ms
 Execution Time: 1290.449 ms
(10 rows)

