SET
SET
SET
SET
SET
                                                                    QUERY PLAN                                                                     
---------------------------------------------------------------------------------------------------------------------------------------------------
 Index Scan Backward using idx on public.t (actual rows=3048576.00 loops=1)
   Output: a, b
   Index Cond: ((t.a >= '-192562'::integer) AND (t.a <= '-2027'::integer))
   Index Searches: 1
   Prefetch: distance=262.017 count=2447771 stalls=1 skipped=771218 resets=0 ungets=170417 forwarded=0
             histogram [2,4) => 2, [4,8) => 3, [8,16) => 10, [16,32) => 9, [32,64) => 16, [64,128) => 2, [128,256) => 472228, [256,512) => 1975501
   Buffers: shared hit=2241470 read=44222
 Settings: enable_bitmapscan = 'off', enable_seqscan = 'off', max_parallel_workers_per_gather = '0'
 Planning:
   Buffers: shared hit=78 read=26
 Planning Time: 6.044 ms
 Execution Time: 2430.252 ms
(12 rows)

SET
SET
SET
SET
SET
                                             QUERY PLAN                                             
----------------------------------------------------------------------------------------------------
 Index Scan Backward using idx on public.t (actual rows=3048576.00 loops=1)
   Output: a, b
   Index Cond: ((t.a >= '-192562'::integer) AND (t.a <= '-2027'::integer))
   Index Searches: 1
   Buffers: shared hit=2285692
 Settings: enable_bitmapscan = 'off', enable_seqscan = 'off', max_parallel_workers_per_gather = '0'
 Planning:
   Buffers: shared hit=109
 Planning Time: 0.515 ms
 Execution Time: 923.660 ms
(10 rows)

