SET
SET
SET
SET
SET
                                                                          QUERY PLAN                                                                          
--------------------------------------------------------------------------------------------------------------------------------------------------------------
 Index Scan Backward using idx on public.t (actual rows=8048576.00 loops=1)
   Output: a, b
   Index Cond: ((t.a >= 3038) AND (t.a <= 254555))
   Index Searches: 1
   Prefetch: distance=260.890 count=2244194 stalls=14205 skipped=6205494 resets=0 ungets=416436 forwarded=0
             histogram [2,4) => 390, [4,8) => 429, [8,16) => 501, [16,32) => 672, [32,64) => 745, [64,128) => 1482, [128,256) => 529251, [256,512) => 1710724
   Buffers: shared hit=1421873 read=427541
 Settings: enable_bitmapscan = 'off', enable_seqscan = 'off', max_parallel_workers_per_gather = '0'
 Planning:
   Buffers: shared hit=82 read=27
 Planning Time: 6.149 ms
 Execution Time: 8697.511 ms
(12 rows)

SET
SET
SET
SET
SET
                                             QUERY PLAN                                             
----------------------------------------------------------------------------------------------------
 Index Scan Backward using idx on public.t (actual rows=8048576.00 loops=1)
   Output: a, b
   Index Cond: ((t.a >= 3038) AND (t.a <= 254555))
   Index Searches: 1
   Buffers: shared hit=1849414
 Settings: enable_bitmapscan = 'off', enable_seqscan = 'off', max_parallel_workers_per_gather = '0'
 Planning:
   Buffers: shared hit=114
 Planning Time: 0.492 ms
 Execution Time: 2187.610 ms
(10 rows)

