SET
SET
SET
SET
SET
                                                                          QUERY PLAN                                                                           
---------------------------------------------------------------------------------------------------------------------------------------------------------------
 Index Scan Backward using idx on public.t (actual rows=6048576.00 loops=1)
   Output: a, b
   Index Cond: ((t.a >= 50) AND (t.a <= 189067))
   Index Searches: 1
   Prefetch: distance=260.589 count=1669477 stalls=31372 skipped=4663361 resets=0 ungets=316657 forwarded=0
             histogram [2,4) => 528, [4,8) => 602, [8,16) => 691, [16,32) => 967, [32,64) => 1024, [64,128) => 2111, [128,256) => 386407, [256,512) => 1277147
   Buffers: shared hit=1063819 read=326017
 Settings: enable_bitmapscan = 'off', enable_seqscan = 'off', max_parallel_workers_per_gather = '0'
 Planning:
   Buffers: shared hit=82 read=27
 Planning Time: 6.224 ms
 Execution Time: 6642.093 ms
(12 rows)

SET
SET
SET
SET
SET
                                             QUERY PLAN                                             
----------------------------------------------------------------------------------------------------
 Index Scan Backward using idx on public.t (actual rows=6048576.00 loops=1)
   Output: a, b
   Index Cond: ((t.a >= 50) AND (t.a <= 189067))
   Index Searches: 1
   Buffers: shared hit=1389836
 Settings: enable_bitmapscan = 'off', enable_seqscan = 'off', max_parallel_workers_per_gather = '0'
 Planning:
   Buffers: shared hit=114
 Planning Time: 0.439 ms
 Execution Time: 1669.034 ms
(10 rows)

