SET
SET
SET
SET
SET
                                                                       QUERY PLAN                                                                       
--------------------------------------------------------------------------------------------------------------------------------------------------------
 Index Scan Backward using idx on public.t (actual rows=9048576.00 loops=1)
   Output: a, b
   Index Cond: ((t.a >= 6564) AND (t.a <= 289331))
   Index Searches: 1
   Prefetch: distance=261.235 count=2531301 stalls=972 skipped=6977013 resets=0 ungets=461381 forwarded=0
             histogram [2,4) => 28, [4,8) => 29, [8,16) => 31, [16,32) => 35, [32,64) => 34, [64,128) => 246, [128,256) => 604130, [256,512) => 1926768
   Buffers: shared hit=1606398 read=472725
 Settings: enable_bitmapscan = 'off', enable_seqscan = 'off', max_parallel_workers_per_gather = '0'
 Planning:
   Buffers: shared hit=82 read=23
 Planning Time: 5.665 ms
 Execution Time: 9570.157 ms
(12 rows)

SET
SET
SET
SET
SET
                                             QUERY PLAN                                             
----------------------------------------------------------------------------------------------------
 Index Scan Backward using idx on public.t (actual rows=9048576.00 loops=1)
   Output: a, b
   Index Cond: ((t.a >= 6564) AND (t.a <= 289331))
   Index Searches: 1
   Buffers: shared hit=2079123
 Settings: enable_bitmapscan = 'off', enable_seqscan = 'off', max_parallel_workers_per_gather = '0'
 Planning:
   Buffers: shared hit=110
 Planning Time: 0.446 ms
 Execution Time: 2561.635 ms
(10 rows)

