SET
SET
SET
SET
SET
                                                                    QUERY PLAN                                                                    
--------------------------------------------------------------------------------------------------------------------------------------------------
 Index Scan Backward using idx on public.t (actual rows=1048576.00 loops=1)
   Output: a, b
   Index Cond: ((t.a >= 703) AND (t.a <= 33470))
   Index Searches: 1
   Prefetch: distance=264.067 count=321674 stalls=1 skipped=808515 resets=0 ungets=81933 forwarded=0
             histogram [2,4) => 2, [4,8) => 3, [8,16) => 5, [16,32) => 9, [32,64) => 95, [64,128) => 386, [128,256) => 48777, [256,512) => 272397
   Buffers: shared hit=156407 read=84350
 Settings: enable_bitmapscan = 'off', enable_seqscan = 'off', max_parallel_workers_per_gather = '0'
 Planning:
   Buffers: shared hit=82 read=27
 Planning Time: 6.316 ms
 Execution Time: 1630.314 ms
(12 rows)

SET
SET
SET
SET
SET
                                             QUERY PLAN                                             
----------------------------------------------------------------------------------------------------
 Index Scan Backward using idx on public.t (actual rows=1048576.00 loops=1)
   Output: a, b
   Index Cond: ((t.a >= 703) AND (t.a <= 33470))
   Index Searches: 1
   Buffers: shared hit=240757
 Settings: enable_bitmapscan = 'off', enable_seqscan = 'off', max_parallel_workers_per_gather = '0'
 Planning:
   Buffers: shared hit=114
 Planning Time: 0.477 ms
 Execution Time: 293.731 ms
(10 rows)

