SET
SET
SET
SET
SET
                                                                QUERY PLAN                                                                 
-------------------------------------------------------------------------------------------------------------------------------------------
 Index Scan Backward using idx on public.t (actual rows=65536.00 loops=1)
   Output: a, b
   Index Cond: ((t.a >= 12741) AND (t.a <= 14788))
   Index Searches: 1
   Prefetch: distance=271.585 count=28267 stalls=1 skipped=50095 resets=0 ungets=13402 forwarded=0
             histogram [2,4) => 2, [4,8) => 3, [8,16) => 8, [16,32) => 11, [32,64) => 2, [64,128) => 2, [128,256) => 2, [256,512) => 28237
   Buffers: shared hit=1449 read=13610
 Settings: enable_bitmapscan = 'off', enable_seqscan = 'off', max_parallel_workers_per_gather = '0'
 Planning:
   Buffers: shared hit=82 read=23
 Planning Time: 5.814 ms
 Execution Time: 255.472 ms
(12 rows)

SET
SET
SET
SET
SET
                                             QUERY PLAN                                             
----------------------------------------------------------------------------------------------------
 Index Scan Backward using idx on public.t (actual rows=65536.00 loops=1)
   Output: a, b
   Index Cond: ((t.a >= 12741) AND (t.a <= 14788))
   Index Searches: 1
   Buffers: shared hit=15059
 Settings: enable_bitmapscan = 'off', enable_seqscan = 'off', max_parallel_workers_per_gather = '0'
 Planning:
   Buffers: shared hit=110
 Planning Time: 0.364 ms
 Execution Time: 21.937 ms
(10 rows)

