SET
SET
SET
SET
SET
                                                                         QUERY PLAN                                                                         
------------------------------------------------------------------------------------------------------------------------------------------------------------
 Index Scan Backward using idx on public.t (actual rows=2048576.00 loops=1)
   Output: a, b
   Index Cond: ((t.a >= 6133) AND (t.a <= 70150))
   Index Searches: 1
   Prefetch: distance=262.617 count=600995 stalls=3600 skipped=1579537 resets=0 ungets=135875 forwarded=0
             histogram [2,4) => 108, [4,8) => 123, [8,16) => 149, [16,32) => 173, [32,64) => 123, [64,128) => 295, [128,256) => 113128, [256,512) => 486896
   Buffers: shared hit=330197 read=140428
 Settings: enable_bitmapscan = 'off', enable_seqscan = 'off', max_parallel_workers_per_gather = '0'
 Planning:
   Buffers: shared hit=82 read=23
 Planning Time: 5.795 ms
 Execution Time: 2769.723 ms
(12 rows)

SET
SET
SET
SET
SET
                                             QUERY PLAN                                             
----------------------------------------------------------------------------------------------------
 Index Scan Backward using idx on public.t (actual rows=2048576.00 loops=1)
   Output: a, b
   Index Cond: ((t.a >= 6133) AND (t.a <= 70150))
   Index Searches: 1
   Buffers: shared hit=470625
 Settings: enable_bitmapscan = 'off', enable_seqscan = 'off', max_parallel_workers_per_gather = '0'
 Planning:
   Buffers: shared hit=110
 Planning Time: 0.398 ms
 Execution Time: 570.178 ms
(10 rows)

