SET
SET
SET
SET
SET
                                                                         QUERY PLAN                                                                         
------------------------------------------------------------------------------------------------------------------------------------------------------------
 Index Scan Backward using idx on public.t (actual rows=4048576.00 loops=1)
   Output: a, b
   Index Cond: ((t.a >= 5364) AND (t.a <= 131881))
   Index Searches: 1
   Prefetch: distance=261.541 count=1148663 stalls=7860 skipped=3121911 resets=0 ungets=229889 forwarded=0
             histogram [2,4) => 252, [4,8) => 274, [8,16) => 314, [16,32) => 386, [32,64) => 346, [64,128) => 389, [128,256) => 251168, [256,512) => 895534
   Buffers: shared hit=693726 read=236536
 Settings: enable_bitmapscan = 'off', enable_seqscan = 'off', max_parallel_workers_per_gather = '0'
 Planning:
   Buffers: shared hit=82 read=23
 Planning Time: 6.257 ms
 Execution Time: 4700.441 ms
(12 rows)

SET
SET
SET
SET
SET
                                             QUERY PLAN                                             
----------------------------------------------------------------------------------------------------
 Index Scan Backward using idx on public.t (actual rows=4048576.00 loops=1)
   Output: a, b
   Index Cond: ((t.a >= 5364) AND (t.a <= 131881))
   Index Searches: 1
   Buffers: shared hit=930262
 Settings: enable_bitmapscan = 'off', enable_seqscan = 'off', max_parallel_workers_per_gather = '0'
 Planning:
   Buffers: shared hit=110
 Planning Time: 0.427 ms
 Execution Time: 1156.143 ms
(10 rows)

