SET
SET
SET
SET
SET
                                                                          QUERY PLAN                                                                          
--------------------------------------------------------------------------------------------------------------------------------------------------------------
 Index Scan Backward using idx on public.t (actual rows=6048576.00 loops=1)
   Output: a, b
   Index Cond: ((t.a >= 4136) AND (t.a <= 193153))
   Index Searches: 1
   Prefetch: distance=261.026 count=1698130 stalls=8945 skipped=4663457 resets=0 ungets=322691 forwarded=0
             histogram [2,4) => 278, [4,8) => 318, [8,16) => 387, [16,32) => 543, [32,64) => 640, [64,128) => 1177, [128,256) => 392105, [256,512) => 1302682
   Buffers: shared hit=1058332 read=331629
 Settings: enable_bitmapscan = 'off', enable_seqscan = 'off', max_parallel_workers_per_gather = '0'
 Planning:
   Buffers: shared hit=82 read=23
 Planning Time: 6.055 ms
 Execution Time: 6712.451 ms
(12 rows)

SET
SET
SET
SET
SET
                                             QUERY PLAN                                             
----------------------------------------------------------------------------------------------------
 Index Scan Backward using idx on public.t (actual rows=6048576.00 loops=1)
   Output: a, b
   Index Cond: ((t.a >= 4136) AND (t.a <= 193153))
   Index Searches: 1
   Buffers: shared hit=1389961
 Settings: enable_bitmapscan = 'off', enable_seqscan = 'off', max_parallel_workers_per_gather = '0'
 Planning:
   Buffers: shared hit=110
 Planning Time: 0.420 ms
 Execution Time: 1646.542 ms
(10 rows)

