SET
SET
SET
SET
SET
                                                                          QUERY PLAN                                                                           
---------------------------------------------------------------------------------------------------------------------------------------------------------------
 Index Scan Backward using idx on public.t (actual rows=9048576.00 loops=1)
   Output: a, b
   Index Cond: ((t.a >= 57) AND (t.a <= 282824))
   Index Searches: 1
   Prefetch: distance=260.652 count=2494441 stalls=31326 skipped=6977051 resets=0 ungets=455009 forwarded=0
             histogram [2,4) => 528, [4,8) => 602, [8,16) => 691, [16,32) => 967, [32,64) => 1024, [64,128) => 2080, [128,256) => 595566, [256,512) => 1892983
   Buffers: shared hit=1611843 read=467181
 Settings: enable_bitmapscan = 'off', enable_seqscan = 'off', max_parallel_workers_per_gather = '0'
 Planning:
   Buffers: shared hit=82 read=27
 Planning Time: 6.515 ms
 Execution Time: 9587.563 ms
(12 rows)

SET
SET
SET
SET
SET
                                             QUERY PLAN                                             
----------------------------------------------------------------------------------------------------
 Index Scan Backward using idx on public.t (actual rows=9048576.00 loops=1)
   Output: a, b
   Index Cond: ((t.a >= 57) AND (t.a <= 282824))
   Index Searches: 1
   Buffers: shared hit=2079024
 Settings: enable_bitmapscan = 'off', enable_seqscan = 'off', max_parallel_workers_per_gather = '0'
 Planning:
   Buffers: shared hit=114
 Planning Time: 0.615 ms
 Execution Time: 2493.327 ms
(10 rows)

