SET
SET
SET
SET
SET
                                                                       QUERY PLAN                                                                        
---------------------------------------------------------------------------------------------------------------------------------------------------------
 Index Scan Backward using idx on public.t (actual rows=3048576.00 loops=1)
   Output: a, b
   Index Cond: ((t.a >= 6348) AND (t.a <= 101615))
   Index Searches: 1
   Prefetch: distance=262.038 count=879376 stalls=2174 skipped=2350630 resets=0 ungets=183923 forwarded=0
             histogram [2,4) => 66, [4,8) => 83, [8,16) => 128, [16,32) => 147, [32,64) => 95, [64,128) => 295, [128,256) => 183527, [256,512) => 695035
   Buffers: shared hit=510932 read=189496
 Settings: enable_bitmapscan = 'off', enable_seqscan = 'off', max_parallel_workers_per_gather = '0'
 Planning:
   Buffers: shared hit=82 read=23
 Planning Time: 6.383 ms
 Execution Time: 3757.640 ms
(12 rows)

SET
SET
SET
SET
SET
                                             QUERY PLAN                                             
----------------------------------------------------------------------------------------------------
 Index Scan Backward using idx on public.t (actual rows=3048576.00 loops=1)
   Output: a, b
   Index Cond: ((t.a >= 6348) AND (t.a <= 101615))
   Index Searches: 1
   Buffers: shared hit=700428
 Settings: enable_bitmapscan = 'off', enable_seqscan = 'off', max_parallel_workers_per_gather = '0'
 Planning:
   Buffers: shared hit=110
 Planning Time: 0.584 ms
 Execution Time: 885.017 ms
(10 rows)

