SET
SET
SET
SET
SET
                                                                         QUERY PLAN                                                                          
-------------------------------------------------------------------------------------------------------------------------------------------------------------
 Index Scan Backward using idx on public.t (actual rows=4048576.00 loops=1)
   Output: a, b
   Index Cond: ((t.a >= 4005) AND (t.a <= 130522))
   Index Searches: 1
   Prefetch: distance=261.099 count=1144729 stalls=9808 skipped=3121706 resets=0 ungets=227890 forwarded=0
             histogram [2,4) => 300, [4,8) => 339, [8,16) => 421, [16,32) => 563, [32,64) => 640, [64,128) => 1177, [128,256) => 252680, [256,512) => 888609
   Buffers: shared hit=695531 read=234789
 Settings: enable_bitmapscan = 'off', enable_seqscan = 'off', max_parallel_workers_per_gather = '0'
 Planning:
   Buffers: shared hit=82 read=23
 Planning Time: 6.394 ms
 Execution Time: 4709.613 ms
(12 rows)

SET
SET
SET
SET
SET
                                             QUERY PLAN                                             
----------------------------------------------------------------------------------------------------
 Index Scan Backward using idx on public.t (actual rows=4048576.00 loops=1)
   Output: a, b
   Index Cond: ((t.a >= 4005) AND (t.a <= 130522))
   Index Searches: 1
   Buffers: shared hit=930320
 Settings: enable_bitmapscan = 'off', enable_seqscan = 'off', max_parallel_workers_per_gather = '0'
 Planning:
   Buffers: shared hit=110
 Planning Time: 0.713 ms
 Execution Time: 1135.757 ms
(10 rows)

