SET
SET
SET
SET
SET
                                                                          QUERY PLAN                                                                          
--------------------------------------------------------------------------------------------------------------------------------------------------------------
 Index Scan Backward using idx on public.t (actual rows=9048576.00 loops=1)
   Output: a, b
   Index Cond: ((t.a >= 2017) AND (t.a <= 284784))
   Index Searches: 1
   Prefetch: distance=260.691 count=2510276 stalls=17536 skipped=6976975 resets=0 ungets=456978 forwarded=0
             histogram [2,4) => 438, [4,8) => 499, [8,16) => 579, [16,32) => 825, [32,64) => 954, [64,128) => 2080, [128,256) => 600454, [256,512) => 1904447
   Buffers: shared hit=1610038 read=469057
 Settings: enable_bitmapscan = 'off', enable_seqscan = 'off', max_parallel_workers_per_gather = '0'
 Planning:
   Buffers: shared hit=82 read=27
 Planning Time: 6.469 ms
 Execution Time: 9577.198 ms
(12 rows)

SET
SET
SET
SET
SET
                                             QUERY PLAN                                             
----------------------------------------------------------------------------------------------------
 Index Scan Backward using idx on public.t (actual rows=9048576.00 loops=1)
   Output: a, b
   Index Cond: ((t.a >= 2017) AND (t.a <= 284784))
   Index Searches: 1
   Buffers: shared hit=2079095
 Settings: enable_bitmapscan = 'off', enable_seqscan = 'off', max_parallel_workers_per_gather = '0'
 Planning:
   Buffers: shared hit=114
 Planning Time: 0.541 ms
 Execution Time: 2705.128 ms
(10 rows)

