SET
SET
SET
SET
SET
                                             QUERY PLAN                                             
----------------------------------------------------------------------------------------------------
 Index Scan Backward using idx on public.t (actual rows=1024.00 loops=1)
   Output: a, b
   Index Cond: ((t.a >= '-10080'::integer) AND (t.a <= '-10017'::integer))
   Index Searches: 1
   Prefetch: distance=2.000 count=20 stalls=573 skipped=192 resets=0 ungets=0 forwarded=0
             histogram [2,4) => 20
   Buffers: shared hit=737 read=41
 Settings: enable_bitmapscan = 'off', enable_seqscan = 'off', max_parallel_workers_per_gather = '0'
 Planning:
   Buffers: shared hit=82 read=26
 Planning Time: 5.867 ms
 Execution Time: 4.873 ms
(12 rows)

SET
SET
SET
SET
SET
                                             QUERY PLAN                                             
----------------------------------------------------------------------------------------------------
 Index Scan Backward using idx on public.t (actual rows=1024.00 loops=1)
   Output: a, b
   Index Cond: ((t.a >= '-10080'::integer) AND (t.a <= '-10017'::integer))
   Index Searches: 1
   Buffers: shared hit=778
 Settings: enable_bitmapscan = 'off', enable_seqscan = 'off', max_parallel_workers_per_gather = '0'
 Planning:
   Buffers: shared hit=113
 Planning Time: 0.347 ms
 Execution Time: 0.321 ms
(10 rows)

