SET
SET
SET
SET
SET
                                                                   QUERY PLAN                                                                    
-------------------------------------------------------------------------------------------------------------------------------------------------
 Index Scan using idx on public.t (actual rows=524288.00 loops=1)
   Output: a, b
   Index Cond: ((t.a >= 15089) AND (t.a <= 31472))
   Index Searches: 1
   Prefetch: distance=269.011 count=133403 stalls=1 skipped=403692 resets=0 ungets=13511 forwarded=4418
             histogram [2,4) => 2, [4,8) => 4, [8,16) => 8, [16,32) => 15, [32,64) => 23, [64,128) => 40, [128,256) => 3486, [256,512) => 129825
   Buffers: shared hit=52419 read=68099
 Settings: enable_bitmapscan = 'off', enable_seqscan = 'off', max_parallel_workers_per_gather = '0'
 Planning:
   Buffers: shared hit=82 read=23
 Planning Time: 5.889 ms
 Execution Time: 468.590 ms
(12 rows)

SET
SET
SET
SET
SET
                                             QUERY PLAN                                             
----------------------------------------------------------------------------------------------------
 Index Scan using idx on public.t (actual rows=524288.00 loops=1)
   Output: a, b
   Index Cond: ((t.a >= 15089) AND (t.a <= 31472))
   Index Searches: 1
   Buffers: shared hit=120525
 Settings: enable_bitmapscan = 'off', enable_seqscan = 'off', max_parallel_workers_per_gather = '0'
 Planning:
   Buffers: shared hit=110
 Planning Time: 0.379 ms
 Execution Time: 166.771 ms
(10 rows)

