SET
SET
SET
SET
SET
                                                                    QUERY PLAN                                                                    
--------------------------------------------------------------------------------------------------------------------------------------------------
 Index Scan using idx on public.t (actual rows=2048576.00 loops=1)
   Output: a, b
   Index Cond: ((t.a >= 14761) AND (t.a <= 78778))
   Index Searches: 1
   Prefetch: distance=264.007 count=493696 stalls=1 skipped=1579227 resets=0 ungets=24603 forwarded=13844
             histogram [2,4) => 2, [4,8) => 4, [8,16) => 8, [16,32) => 16, [32,64) => 24, [64,128) => 41, [128,256) => 73698, [256,512) => 419903
   Buffers: shared hit=320764 read=150208
 Settings: enable_bitmapscan = 'off', enable_seqscan = 'off', max_parallel_workers_per_gather = '0'
 Planning:
   Buffers: shared hit=82 read=23
 Planning Time: 5.837 ms
 Execution Time: 1248.677 ms
(12 rows)

SET
SET
SET
SET
SET
                                             QUERY PLAN                                             
----------------------------------------------------------------------------------------------------
 Index Scan using idx on public.t (actual rows=2048576.00 loops=1)
   Output: a, b
   Index Cond: ((t.a >= 14761) AND (t.a <= 78778))
   Index Searches: 1
   Buffers: shared hit=470988
 Settings: enable_bitmapscan = 'off', enable_seqscan = 'off', max_parallel_workers_per_gather = '0'
 Planning:
   Buffers: shared hit=110
 Planning Time: 0.491 ms
 Execution Time: 614.284 ms
(10 rows)

