SET
SET
SET
SET
SET
                                                                     QUERY PLAN                                                                     
----------------------------------------------------------------------------------------------------------------------------------------------------
 Index Scan using idx on public.t (actual rows=5048576.00 loops=1)
   Output: a, b
   Index Cond: ((t.a >= 32506) AND (t.a <= 190273))
   Index Searches: 1
   Prefetch: distance=264.264 count=1188776 stalls=1 skipped=3892056 resets=0 ungets=33152 forwarded=29164
             histogram [2,4) => 2, [4,8) => 4, [8,16) => 8, [16,32) => 15, [32,64) => 24, [64,128) => 39, [128,256) => 157404, [256,512) => 1031280
   Buffers: shared hit=853352 read=306957
 Settings: enable_bitmapscan = 'off', enable_seqscan = 'off', max_parallel_workers_per_gather = '0'
 Planning:
   Buffers: shared hit=82 read=23
 Planning Time: 6.196 ms
 Execution Time: 2820.197 ms
(12 rows)

SET
SET
SET
SET
SET
                                             QUERY PLAN                                             
----------------------------------------------------------------------------------------------------
 Index Scan using idx on public.t (actual rows=5048576.00 loops=1)
   Output: a, b
   Index Cond: ((t.a >= 32506) AND (t.a <= 190273))
   Index Searches: 1
   Buffers: shared hit=1160340
 Settings: enable_bitmapscan = 'off', enable_seqscan = 'off', max_parallel_workers_per_gather = '0'
 Planning:
   Buffers: shared hit=110
 Planning Time: 0.503 ms
 Execution Time: 1498.346 ms
(10 rows)

