SET
SET
SET
SET
SET
                                                                     QUERY PLAN                                                                     
----------------------------------------------------------------------------------------------------------------------------------------------------
 Index Scan using idx on public.t (actual rows=9048576.00 loops=1)
   Output: a, b
   Index Cond: ((t.a >= 14322) AND (t.a <= 297089))
   Index Searches: 1
   Prefetch: distance=263.275 count=2109121 stalls=1 skipped=6976251 resets=0 ungets=37564 forwarded=48153
             histogram [2,4) => 2, [4,8) => 4, [8,16) => 8, [16,32) => 15, [32,64) => 49, [64,128) => 94, [128,256) => 328774, [256,512) => 1780175
   Buffers: shared hit=1604303 read=475482
 Settings: enable_bitmapscan = 'off', enable_seqscan = 'off', max_parallel_workers_per_gather = '0'
 Planning:
   Buffers: shared hit=82 read=23
 Planning Time: 5.991 ms
 Execution Time: 4532.095 ms
(12 rows)

SET
SET
SET
SET
SET
                                             QUERY PLAN                                             
----------------------------------------------------------------------------------------------------
 Index Scan using idx on public.t (actual rows=9048576.00 loops=1)
   Output: a, b
   Index Cond: ((t.a >= 14322) AND (t.a <= 297089))
   Index Searches: 1
   Buffers: shared hit=2079818
 Settings: enable_bitmapscan = 'off', enable_seqscan = 'off', max_parallel_workers_per_gather = '0'
 Planning:
   Buffers: shared hit=110
 Planning Time: 0.535 ms
 Execution Time: 2612.216 ms
(10 rows)

