SET
SET
SET
SET
SET
                                                QUERY PLAN                                                
----------------------------------------------------------------------------------------------------------
 Index Scan using idx on public.t (actual rows=1024.00 loops=1)
   Output: a, b
   Index Cond: ((t.a >= 13308) AND (t.a <= 13339))
   Index Searches: 1
   Prefetch: distance=51.041 count=98 stalls=1 skipped=318 resets=0 ungets=0 forwarded=1
             histogram [2,4) => 2, [4,8) => 4, [8,16) => 13, [16,32) => 24, [32,64) => 35, [64,128) => 20
   Buffers: shared hit=5 read=244
 Settings: enable_bitmapscan = 'off', enable_seqscan = 'off', max_parallel_workers_per_gather = '0'
 Planning:
   Buffers: shared hit=82 read=23
 Planning Time: 6.052 ms
 Execution Time: 13.657 ms
(12 rows)

SET
SET
SET
SET
SET
                                             QUERY PLAN                                             
----------------------------------------------------------------------------------------------------
 Index Scan using idx on public.t (actual rows=1024.00 loops=1)
   Output: a, b
   Index Cond: ((t.a >= 13308) AND (t.a <= 13339))
   Index Searches: 1
   Buffers: shared hit=249
 Settings: enable_bitmapscan = 'off', enable_seqscan = 'off', max_parallel_workers_per_gather = '0'
 Planning:
   Buffers: shared hit=110
 Planning Time: 0.325 ms
 Execution Time: 0.485 ms
(10 rows)

