SET
SET
SET
SET
SET
                                                                        QUERY PLAN                                                                         
-----------------------------------------------------------------------------------------------------------------------------------------------------------
 Index Scan using idx on public.t (actual rows=6048576.00 loops=1)
   Output: a, b
   Index Cond: ((t.a >= 8123) AND (t.a <= 197140))
   Index Searches: 1
   Prefetch: distance=262.633 count=1410329 stalls=7767 skipped=4662974 resets=0 ungets=33613 forwarded=33031
             histogram [2,4) => 240, [4,8) => 347, [8,16) => 373, [16,32) => 59, [32,64) => 83, [64,128) => 444, [128,256) => 233869, [256,512) => 1174914
   Buffers: shared hit=1052987 read=337135
 Settings: enable_bitmapscan = 'off', enable_seqscan = 'off', max_parallel_workers_per_gather = '0'
 Planning:
   Buffers: shared hit=82 read=23
 Planning Time: 6.205 ms
 Execution Time: 3268.871 ms
(12 rows)

SET
SET
SET
SET
SET
                                             QUERY PLAN                                             
----------------------------------------------------------------------------------------------------
 Index Scan using idx on public.t (actual rows=6048576.00 loops=1)
   Output: a, b
   Index Cond: ((t.a >= 8123) AND (t.a <= 197140))
   Index Searches: 1
   Buffers: shared hit=1390149
 Settings: enable_bitmapscan = 'off', enable_seqscan = 'off', max_parallel_workers_per_gather = '0'
 Planning:
   Buffers: shared hit=110
 Planning Time: 0.431 ms
 Execution Time: 1606.427 ms
(10 rows)

