SET
SET
SET
SET
SET
                                                                  QUERY PLAN                                                                   
-----------------------------------------------------------------------------------------------------------------------------------------------
 Index Scan using idx on public.t (actual rows=262144.00 loops=1)
   Output: a, b
   Index Cond: ((t.a >= 30035) AND (t.a <= 38226))
   Index Searches: 1
   Prefetch: distance=270.586 count=67736 stalls=1 skipped=201612 resets=0 ungets=7876 forwarded=1653
             histogram [2,4) => 2, [4,8) => 4, [8,16) => 8, [16,32) => 15, [32,64) => 24, [64,128) => 37, [128,256) => 131, [256,512) => 67515
   Buffers: shared hit=14119 read=46132
 Settings: enable_bitmapscan = 'off', enable_seqscan = 'off', max_parallel_workers_per_gather = '0'
 Planning:
   Buffers: shared hit=82 read=23
 Planning Time: 5.761 ms
 Execution Time: 294.402 ms
(12 rows)

SET
SET
SET
SET
SET
                                             QUERY PLAN                                             
----------------------------------------------------------------------------------------------------
 Index Scan using idx on public.t (actual rows=262144.00 loops=1)
   Output: a, b
   Index Cond: ((t.a >= 30035) AND (t.a <= 38226))
   Index Searches: 1
   Buffers: shared hit=60252
 Settings: enable_bitmapscan = 'off', enable_seqscan = 'off', max_parallel_workers_per_gather = '0'
 Planning:
   Buffers: shared hit=110
 Planning Time: 0.463 ms
 Execution Time: 110.255 ms
(10 rows)

