SET
SET
SET
SET
SET
                                                                 QUERY PLAN                                                                 
--------------------------------------------------------------------------------------------------------------------------------------------
 Index Scan using idx on public.t (actual rows=8192.00 loops=1)
   Output: a, b
   Index Cond: ((t.a >= 26925) AND (t.a <= 27180))
   Index Searches: 1
   Prefetch: distance=255.974 count=1831 stalls=1 skipped=5449 resets=0 ungets=208 forwarded=3
             histogram [2,4) => 2, [4,8) => 4, [8,16) => 8, [16,32) => 9, [32,64) => 25, [64,128) => 40, [128,256) => 61, [256,512) => 1682
   Buffers: shared hit=18 read=1876
 Settings: enable_bitmapscan = 'off', enable_seqscan = 'off', max_parallel_workers_per_gather = '0'
 Planning:
   Buffers: shared hit=82 read=23
 Planning Time: 5.876 ms
 Execution Time: 29.700 ms
(12 rows)

SET
SET
SET
SET
SET
                                             QUERY PLAN                                             
----------------------------------------------------------------------------------------------------
 Index Scan using idx on public.t (actual rows=8192.00 loops=1)
   Output: a, b
   Index Cond: ((t.a >= 26925) AND (t.a <= 27180))
   Index Searches: 1
   Buffers: shared hit=1894
 Settings: enable_bitmapscan = 'off', enable_seqscan = 'off', max_parallel_workers_per_gather = '0'
 Planning:
   Buffers: shared hit=110
 Planning Time: 0.402 ms
 Execution Time: 2.319 ms
(10 rows)

