SET
SET
SET
SET
SET
                                                                 QUERY PLAN                                                                  
---------------------------------------------------------------------------------------------------------------------------------------------
 Index Scan using idx on public.t (actual rows=2048.00 loops=1)
   Output: a, b
   Index Cond: ((t.a >= 395) AND (t.a <= 458))
   Index Searches: 1
   Prefetch: distance=187.837 count=355 stalls=1 skipped=1141 resets=0 ungets=24 forwarded=1
             histogram [2,4) => 2, [4,8) => 4, [8,16) => 21, [16,32) => 21, [32,64) => 34, [64,128) => 58, [128,256) => 18, [256,512) => 197
   Buffers: shared hit=10 read=461
 Settings: enable_bitmapscan = 'off', enable_seqscan = 'off', max_parallel_workers_per_gather = '0'
 Planning:
   Buffers: shared hit=86 read=27
 Planning Time: 6.520 ms
 Execution Time: 12.829 ms
(12 rows)

SET
SET
SET
SET
SET
                                             QUERY PLAN                                             
----------------------------------------------------------------------------------------------------
 Index Scan using idx on public.t (actual rows=2048.00 loops=1)
   Output: a, b
   Index Cond: ((t.a >= 395) AND (t.a <= 458))
   Index Searches: 1
   Buffers: shared hit=471
 Settings: enable_bitmapscan = 'off', enable_seqscan = 'off', max_parallel_workers_per_gather = '0'
 Planning:
   Buffers: shared hit=118
 Planning Time: 0.395 ms
 Execution Time: 0.785 ms
(10 rows)

