SET
SET
SET
SET
SET
                                                                 QUERY PLAN                                                                  
---------------------------------------------------------------------------------------------------------------------------------------------
 Index Scan using idx on public.t (actual rows=16384.00 loops=1)
   Output: a, b
   Index Cond: ((t.a >= 1531) AND (t.a <= 2042))
   Index Searches: 1
   Prefetch: distance=264.783 count=4029 stalls=1 skipped=11968 resets=0 ungets=477 forwarded=26
             histogram [2,4) => 2, [4,8) => 4, [8,16) => 8, [16,32) => 16, [32,64) => 17, [64,128) => 41, [128,256) => 54, [256,512) => 3887
   Buffers: shared hit=187 read=3583
 Settings: enable_bitmapscan = 'off', enable_seqscan = 'off', max_parallel_workers_per_gather = '0'
 Planning:
   Buffers: shared hit=86 read=27
 Planning Time: 6.672 ms
 Execution Time: 35.783 ms
(12 rows)

SET
SET
SET
SET
SET
                                             QUERY PLAN                                             
----------------------------------------------------------------------------------------------------
 Index Scan using idx on public.t (actual rows=16384.00 loops=1)
   Output: a, b
   Index Cond: ((t.a >= 1531) AND (t.a <= 2042))
   Index Searches: 1
   Buffers: shared hit=3770
 Settings: enable_bitmapscan = 'off', enable_seqscan = 'off', max_parallel_workers_per_gather = '0'
 Planning:
   Buffers: shared hit=118
 Planning Time: 0.405 ms
 Execution Time: 4.723 ms
(10 rows)

