SET
SET
SET
SET
SET
                                                                         QUERY PLAN                                                                         
------------------------------------------------------------------------------------------------------------------------------------------------------------
 Index Scan using idx on public.t (actual rows=2048576.00 loops=1)
   Output: a, b
   Index Cond: ((t.a >= 3025) AND (t.a <= 67042))
   Index Searches: 1
   Prefetch: distance=260.256 count=449343 stalls=42639 skipped=1578557 resets=0 ungets=22986 forwarded=12561
             histogram [2,4) => 967, [4,8) => 1301, [8,16) => 1220, [16,32) => 106, [32,64) => 65, [64,128) => 402, [128,256) => 79507, [256,512) => 365775
   Buffers: shared hit=334372 read=136672
 Settings: enable_bitmapscan = 'off', enable_seqscan = 'off', max_parallel_workers_per_gather = '0'
 Planning:
   Buffers: shared hit=82 read=27
 Planning Time: 6.470 ms
 Execution Time: 1249.645 ms
(12 rows)

SET
SET
SET
SET
SET
                                             QUERY PLAN                                             
----------------------------------------------------------------------------------------------------
 Index Scan using idx on public.t (actual rows=2048576.00 loops=1)
   Output: a, b
   Index Cond: ((t.a >= 3025) AND (t.a <= 67042))
   Index Searches: 1
   Buffers: shared hit=471061
 Settings: enable_bitmapscan = 'off', enable_seqscan = 'off', max_parallel_workers_per_gather = '0'
 Planning:
   Buffers: shared hit=114
 Planning Time: 0.499 ms
 Execution Time: 600.565 ms
(10 rows)

