SET
SET
SET
SET
SET
                                                                     QUERY PLAN                                                                     
----------------------------------------------------------------------------------------------------------------------------------------------------
 Index Scan using idx on public.t (actual rows=8048576.00 loops=1)
   Output: a, b
   Index Cond: ((t.a >= 29690) AND (t.a <= 281207))
   Index Searches: 1
   Prefetch: distance=263.850 count=1881830 stalls=1 skipped=6205092 resets=0 ungets=39370 forwarded=44375
             histogram [2,4) => 2, [4,8) => 4, [8,16) => 8, [16,32) => 16, [32,64) => 24, [64,128) => 39, [128,256) => 264935, [256,512) => 1616802
   Buffers: shared hit=1402123 read=447714
 Settings: enable_bitmapscan = 'off', enable_seqscan = 'off', max_parallel_workers_per_gather = '0'
 Planning:
   Buffers: shared hit=82 read=23
 Planning Time: 5.692 ms
 Execution Time: 4123.409 ms
(12 rows)

SET
SET
SET
SET
SET
                                             QUERY PLAN                                             
----------------------------------------------------------------------------------------------------
 Index Scan using idx on public.t (actual rows=8048576.00 loops=1)
   Output: a, b
   Index Cond: ((t.a >= 29690) AND (t.a <= 281207))
   Index Searches: 1
   Buffers: shared hit=1849887
 Settings: enable_bitmapscan = 'off', enable_seqscan = 'off', max_parallel_workers_per_gather = '0'
 Planning:
   Buffers: shared hit=110
 Planning Time: 0.431 ms
 Execution Time: 2097.629 ms
(10 rows)

