SET
SET
SET
SET
SET
                                                                     QUERY PLAN                                                                     
----------------------------------------------------------------------------------------------------------------------------------------------------
 Index Scan using idx on public.t (actual rows=9048576.00 loops=1)
   Output: a, b
   Index Cond: ((t.a >= 20160) AND (t.a <= 302927))
   Index Searches: 1
   Prefetch: distance=263.450 count=2107491 stalls=1 skipped=6976536 resets=0 ungets=35995 forwarded=47957
             histogram [2,4) => 2, [4,8) => 4, [8,16) => 8, [16,32) => 16, [32,64) => 22, [64,128) => 33, [128,256) => 318397, [256,512) => 1789009
   Buffers: shared hit=1605570 read=474100
 Settings: enable_bitmapscan = 'off', enable_seqscan = 'off', max_parallel_workers_per_gather = '0'
 Planning:
   Buffers: shared hit=82 read=23
 Planning Time: 6.076 ms
 Execution Time: 4597.123 ms
(12 rows)

SET
SET
SET
SET
SET
                                             QUERY PLAN                                             
----------------------------------------------------------------------------------------------------
 Index Scan using idx on public.t (actual rows=9048576.00 loops=1)
   Output: a, b
   Index Cond: ((t.a >= 20160) AND (t.a <= 302927))
   Index Searches: 1
   Buffers: shared hit=2079709
 Settings: enable_bitmapscan = 'off', enable_seqscan = 'off', max_parallel_workers_per_gather = '0'
 Planning:
   Buffers: shared hit=110
 Planning Time: 0.423 ms
 Execution Time: 2292.975 ms
(10 rows)

