SET
SET
SET
SET
SET
                                                                 QUERY PLAN                                                                  
---------------------------------------------------------------------------------------------------------------------------------------------
 Index Scan using idx on public.t (actual rows=8192.00 loops=1)
   Output: a, b
   Index Cond: ((t.a >= 21840) AND (t.a <= 22095))
   Index Searches: 1
   Prefetch: distance=256.027 count=1895 stalls=1 skipped=5713 resets=0 ungets=216 forwarded=0
             histogram [2,4) => 2, [4,8) => 4, [8,16) => 8, [16,32) => 15, [32,64) => 23, [64,128) => 39, [128,256) => 62, [256,512) => 1742
   Buffers: shared hit=17 read=1863
 Settings: enable_bitmapscan = 'off', enable_seqscan = 'off', max_parallel_workers_per_gather = '0'
 Planning:
   Buffers: shared hit=82 read=23
 Planning Time: 6.263 ms
 Execution Time: 25.862 ms
(12 rows)

SET
SET
SET
SET
SET
                                             QUERY PLAN                                             
----------------------------------------------------------------------------------------------------
 Index Scan using idx on public.t (actual rows=8192.00 loops=1)
   Output: a, b
   Index Cond: ((t.a >= 21840) AND (t.a <= 22095))
   Index Searches: 1
   Buffers: shared hit=1880
 Settings: enable_bitmapscan = 'off', enable_seqscan = 'off', max_parallel_workers_per_gather = '0'
 Planning:
   Buffers: shared hit=110
 Planning Time: 0.339 ms
 Execution Time: 2.308 ms
(10 rows)

