SET
SET
SET
SET
SET
                                                                         QUERY PLAN                                                                          
-------------------------------------------------------------------------------------------------------------------------------------------------------------
 Index Scan using idx on public.t (actual rows=2048576.00 loops=1)
   Output: a, b
   Index Cond: ((t.a >= 1867) AND (t.a <= 65884))
   Index Searches: 1
   Prefetch: distance=260.170 count=440903 stalls=50875 skipped=1578605 resets=0 ungets=22734 forwarded=12359
             histogram [2,4) => 1024, [4,8) => 1419, [8,16) => 1296, [16,32) => 100, [32,64) => 66, [64,128) => 378, [128,256) => 76933, [256,512) => 359687
   Buffers: shared hit=336048 read=135024
 Settings: enable_bitmapscan = 'off', enable_seqscan = 'off', max_parallel_workers_per_gather = '0'
 Planning:
   Buffers: shared hit=82 read=27
 Planning Time: 6.369 ms
 Execution Time: 1279.497 ms
(12 rows)

SET
SET
SET
SET
SET
                                             QUERY PLAN                                             
----------------------------------------------------------------------------------------------------
 Index Scan using idx on public.t (actual rows=2048576.00 loops=1)
   Output: a, b
   Index Cond: ((t.a >= 1867) AND (t.a <= 65884))
   Index Searches: 1
   Buffers: shared hit=471088
 Settings: enable_bitmapscan = 'off', enable_seqscan = 'off', max_parallel_workers_per_gather = '0'
 Planning:
   Buffers: shared hit=114
 Planning Time: 0.471 ms
 Execution Time: 588.039 ms
(10 rows)

