SET
SET
SET
SET
SET
                                                                  QUERY PLAN                                                                  
----------------------------------------------------------------------------------------------------------------------------------------------
 Index Scan using idx on public.t (actual rows=131072.00 loops=1)
   Output: a, b
   Index Cond: ((t.a >= 23574) AND (t.a <= 27669))
   Index Searches: 1
   Prefetch: distance=270.555 count=33835 stalls=1 skipped=100196 resets=0 ungets=4047 forwarded=607
             histogram [2,4) => 2, [4,8) => 4, [8,16) => 7, [16,32) => 15, [32,64) => 24, [64,128) => 39, [128,256) => 71, [256,512) => 33673
   Buffers: shared hit=4317 read=25842
 Settings: enable_bitmapscan = 'off', enable_seqscan = 'off', max_parallel_workers_per_gather = '0'
 Planning:
   Buffers: shared hit=82 read=23
 Planning Time: 6.025 ms
 Execution Time: 170.500 ms
(12 rows)

SET
SET
SET
SET
SET
                                             QUERY PLAN                                             
----------------------------------------------------------------------------------------------------
 Index Scan using idx on public.t (actual rows=131072.00 loops=1)
   Output: a, b
   Index Cond: ((t.a >= 23574) AND (t.a <= 27669))
   Index Searches: 1
   Buffers: shared hit=30163
 Settings: enable_bitmapscan = 'off', enable_seqscan = 'off', max_parallel_workers_per_gather = '0'
 Planning:
   Buffers: shared hit=110
 Planning Time: 0.486 ms
 Execution Time: 57.504 ms
(10 rows)

