SET
SET
SET
SET
SET
                                                                    QUERY PLAN                                                                    
--------------------------------------------------------------------------------------------------------------------------------------------------
 Index Scan using idx on public.t (actual rows=3048576.00 loops=1)
   Output: a, b
   Index Cond: ((t.a >= 25913) AND (t.a <= 121180))
   Index Searches: 1
   Prefetch: distance=264.742 count=725687 stalls=1 skipped=2349911 resets=0 ungets=27822 forwarded=19095
             histogram [2,4) => 2, [4,8) => 4, [8,16) => 8, [16,32) => 15, [32,64) => 23, [64,128) => 36, [128,256) => 89368, [256,512) => 636231
   Buffers: shared hit=493713 read=207040
 Settings: enable_bitmapscan = 'off', enable_seqscan = 'off', max_parallel_workers_per_gather = '0'
 Planning:
   Buffers: shared hit=82 read=23
 Planning Time: 6.138 ms
 Execution Time: 1817.162 ms
(12 rows)

SET
SET
SET
SET
SET
                                             QUERY PLAN                                             
----------------------------------------------------------------------------------------------------
 Index Scan using idx on public.t (actual rows=3048576.00 loops=1)
   Output: a, b
   Index Cond: ((t.a >= 25913) AND (t.a <= 121180))
   Index Searches: 1
   Buffers: shared hit=700775
 Settings: enable_bitmapscan = 'off', enable_seqscan = 'off', max_parallel_workers_per_gather = '0'
 Planning:
   Buffers: shared hit=110
 Planning Time: 0.472 ms
 Execution Time: 924.556 ms
(10 rows)

