SET
SET
SET
SET
SET
                                                                  QUERY PLAN                                                                  
----------------------------------------------------------------------------------------------------------------------------------------------
 Index Scan using idx on public.t (actual rows=131072.00 loops=1)
   Output: a, b
   Index Cond: ((t.a >= 16839) AND (t.a <= 20934))
   Index Searches: 1
   Prefetch: distance=270.481 count=33947 stalls=1 skipped=100552 resets=0 ungets=4035 forwarded=731
             histogram [2,4) => 2, [4,8) => 4, [8,16) => 8, [16,32) => 16, [32,64) => 53, [64,128) => 64, [128,256) => 21, [256,512) => 33779
   Buffers: shared hit=4925 read=25240
 Settings: enable_bitmapscan = 'off', enable_seqscan = 'off', max_parallel_workers_per_gather = '0'
 Planning:
   Buffers: shared hit=82 read=23
 Planning Time: 5.895 ms
 Execution Time: 160.107 ms
(12 rows)

SET
SET
SET
SET
SET
                                             QUERY PLAN                                             
----------------------------------------------------------------------------------------------------
 Index Scan using idx on public.t (actual rows=131072.00 loops=1)
   Output: a, b
   Index Cond: ((t.a >= 16839) AND (t.a <= 20934))
   Index Searches: 1
   Buffers: shared hit=30173
 Settings: enable_bitmapscan = 'off', enable_seqscan = 'off', max_parallel_workers_per_gather = '0'
 Planning:
   Buffers: shared hit=110
 Planning Time: 0.397 ms
 Execution Time: 45.308 ms
(10 rows)

