SET
SET
SET
SET
SET
                                                                 QUERY PLAN                                                                 
--------------------------------------------------------------------------------------------------------------------------------------------
 Index Scan using idx on public.t (actual rows=4096.00 loops=1)
   Output: a, b
   Index Cond: ((t.a >= 26273) AND (t.a <= 26400))
   Index Searches: 1
   Prefetch: distance=235.693 count=835 stalls=1 skipped=2544 resets=0 ungets=83 forwarded=0
             histogram [2,4) => 2, [4,8) => 4, [8,16) => 8, [16,32) => 15, [32,64) => 23, [64,128) => 40, [128,256) => 61, [256,512) => 682
   Buffers: shared hit=15 read=924
 Settings: enable_bitmapscan = 'off', enable_seqscan = 'off', max_parallel_workers_per_gather = '0'
 Planning:
   Buffers: shared hit=82 read=23
 Planning Time: 5.453 ms
 Execution Time: 19.705 ms
(12 rows)

SET
SET
SET
SET
SET
                                             QUERY PLAN                                             
----------------------------------------------------------------------------------------------------
 Index Scan using idx on public.t (actual rows=4096.00 loops=1)
   Output: a, b
   Index Cond: ((t.a >= 26273) AND (t.a <= 26400))
   Index Searches: 1
   Buffers: shared hit=939
 Settings: enable_bitmapscan = 'off', enable_seqscan = 'off', max_parallel_workers_per_gather = '0'
 Planning:
   Buffers: shared hit=110
 Planning Time: 0.358 ms
 Execution Time: 1.333 ms
(10 rows)

