SET
SET
SET
SET
SET
                                                                   QUERY PLAN                                                                    
-------------------------------------------------------------------------------------------------------------------------------------------------
 Index Scan using idx on public.t (actual rows=3048576.00 loops=1)
   Output: a, b
   Index Cond: ((t.a >= 28622) AND (t.a <= 123889))
   Index Searches: 1
   Prefetch: distance=264.839 count=726279 stalls=1 skipped=2350361 resets=0 ungets=28192 forwarded=19157
             histogram [2,4) => 2, [4,8) => 4, [8,16) => 8, [16,32) => 9, [32,64) => 22, [64,128) => 39, [128,256) => 87348, [256,512) => 638847
   Buffers: shared hit=492361 read=208466
 Settings: enable_bitmapscan = 'off', enable_seqscan = 'off', max_parallel_workers_per_gather = '0'
 Planning:
   Buffers: shared hit=82 read=23
 Planning Time: 6.364 ms
 Execution Time: 1740.251 ms
(12 rows)

SET
SET
SET
SET
SET
                                             QUERY PLAN                                             
----------------------------------------------------------------------------------------------------
 Index Scan using idx on public.t (actual rows=3048576.00 loops=1)
   Output: a, b
   Index Cond: ((t.a >= 28622) AND (t.a <= 123889))
   Index Searches: 1
   Buffers: shared hit=700845
 Settings: enable_bitmapscan = 'off', enable_seqscan = 'off', max_parallel_workers_per_gather = '0'
 Planning:
   Buffers: shared hit=110
 Planning Time: 0.436 ms
 Execution Time: 910.885 ms
(10 rows)

