SET
SET
SET
SET
SET
                                             QUERY PLAN                                             
----------------------------------------------------------------------------------------------------
 Index Scan Backward using idx on public.t (actual rows=256.00 loops=1)
   Output: a, b
   Index Cond: ((t.a >= 18026) AND (t.a <= 18041))
   Index Searches: 1
   Prefetch: distance=2.000 count=1 stalls=6 skipped=1 resets=0 ungets=0 forwarded=0
             histogram [2,4) => 1
   Buffers: shared hit=162 read=32
 Settings: enable_bitmapscan = 'off', enable_seqscan = 'off', max_parallel_workers_per_gather = '0'
 Planning:
   Buffers: shared hit=82 read=23
 Planning Time: 6.131 ms
 Execution Time: 4.176 ms
(12 rows)

SET
SET
SET
SET
SET
                                             QUERY PLAN                                             
----------------------------------------------------------------------------------------------------
 Index Scan Backward using idx on public.t (actual rows=256.00 loops=1)
   Output: a, b
   Index Cond: ((t.a >= 18026) AND (t.a <= 18041))
   Index Searches: 1
   Buffers: shared hit=194
 Settings: enable_bitmapscan = 'off', enable_seqscan = 'off', max_parallel_workers_per_gather = '0'
 Planning:
   Buffers: shared hit=110
 Planning Time: 0.343 ms
 Execution Time: 0.170 ms
(10 rows)

