SET
SET
SET
SET
SET
                                             QUERY PLAN                                             
----------------------------------------------------------------------------------------------------
 Index Scan Backward using idx on public.t (actual rows=1024.00 loops=1)
   Output: a, b
   Index Cond: ((t.a >= 1004) AND (t.a <= 1067))
   Index Searches: 1
   Prefetch: distance=2.000 count=18 stalls=572 skipped=199 resets=0 ungets=0 forwarded=0
             histogram [2,4) => 18
   Buffers: shared hit=740 read=40
 Settings: enable_bitmapscan = 'off', enable_seqscan = 'off', max_parallel_workers_per_gather = '0'
 Planning:
   Buffers: shared hit=86 read=27
 Planning Time: 6.339 ms
 Execution Time: 4.854 ms
(12 rows)

SET
SET
SET
SET
SET
                                             QUERY PLAN                                             
----------------------------------------------------------------------------------------------------
 Index Scan Backward using idx on public.t (actual rows=1024.00 loops=1)
   Output: a, b
   Index Cond: ((t.a >= 1004) AND (t.a <= 1067))
   Index Searches: 1
   Buffers: shared hit=780
 Settings: enable_bitmapscan = 'off', enable_seqscan = 'off', max_parallel_workers_per_gather = '0'
 Planning:
   Buffers: shared hit=118
 Planning Time: 0.395 ms
 Execution Time: 0.351 ms
(10 rows)

