SET
SET
SET
SET
SET
                                             QUERY PLAN                                             
----------------------------------------------------------------------------------------------------
 Index Scan Backward using idx on public.t (actual rows=2048.00 loops=1)
   Output: a, b
   Index Cond: ((t.a >= 20787) AND (t.a <= 20914))
   Index Searches: 1
   Prefetch: distance=2.060 count=50 stalls=1418 skipped=481 resets=0 ungets=0 forwarded=0
             histogram [2,4) => 49, [4,8) => 1
   Buffers: shared hit=1491 read=58
 Settings: enable_bitmapscan = 'off', enable_seqscan = 'off', max_parallel_workers_per_gather = '0'
 Planning:
   Buffers: shared hit=82 read=23
 Planning Time: 6.168 ms
 Execution Time: 6.872 ms
(12 rows)

SET
SET
SET
SET
SET
                                             QUERY PLAN                                             
----------------------------------------------------------------------------------------------------
 Index Scan Backward using idx on public.t (actual rows=2048.00 loops=1)
   Output: a, b
   Index Cond: ((t.a >= 20787) AND (t.a <= 20914))
   Index Searches: 1
   Buffers: shared hit=1549
 Settings: enable_bitmapscan = 'off', enable_seqscan = 'off', max_parallel_workers_per_gather = '0'
 Planning:
   Buffers: shared hit=110
 Planning Time: 0.321 ms
 Execution Time: 0.588 ms
(10 rows)

