SET
SET
SET
SET
SET
                                                                QUERY PLAN                                                                
------------------------------------------------------------------------------------------------------------------------------------------
 Index Scan Backward using idx on public.t (actual rows=256.00 loops=1)
   Output: a, b
   Index Cond: ((t.a >= '-6749'::integer) AND (t.a <= '-6734'::integer))
   Index Searches: 1
   Prefetch: distance=91.378 count=180 stalls=1 skipped=61 resets=0 ungets=1 forwarded=0
             histogram [2,4) => 6, [4,8) => 4, [8,16) => 9, [16,32) => 16, [32,64) => 31, [64,128) => 66, [128,256) => 46, [256,512) => 2
   Buffers: shared hit=167 read=31
 Settings: enable_bitmapscan = 'off', enable_seqscan = 'off', max_parallel_workers_per_gather = '0'
 Planning:
   Buffers: shared hit=82 read=26
 Planning Time: 6.488 ms
 Execution Time: 3.919 ms
(12 rows)

SET
SET
SET
SET
SET
                                             QUERY PLAN                                             
----------------------------------------------------------------------------------------------------
 Index Scan Backward using idx on public.t (actual rows=256.00 loops=1)
   Output: a, b
   Index Cond: ((t.a >= '-6749'::integer) AND (t.a <= '-6734'::integer))
   Index Searches: 1
   Buffers: shared hit=198
 Settings: enable_bitmapscan = 'off', enable_seqscan = 'off', max_parallel_workers_per_gather = '0'
 Planning:
   Buffers: shared hit=113
 Planning Time: 0.384 ms
 Execution Time: 0.147 ms
(10 rows)

