SET
SET
SET
SET
SET
                                             QUERY PLAN                                             
----------------------------------------------------------------------------------------------------
 Index Scan Backward using idx on public.t (actual rows=1024.00 loops=1)
   Output: a, b
   Index Cond: ((t.a >= '-6238'::integer) AND (t.a <= '-6175'::integer))
   Index Searches: 1
   Prefetch: distance=2.000 count=18 stalls=563 skipped=188 resets=0 ungets=0 forwarded=0
             histogram [2,4) => 18
   Buffers: shared hit=746 read=41
 Settings: enable_bitmapscan = 'off', enable_seqscan = 'off', max_parallel_workers_per_gather = '0'
 Planning:
   Buffers: shared hit=82 read=26
 Planning Time: 6.266 ms
 Execution Time: 5.049 ms
(12 rows)

SET
SET
SET
SET
SET
                                             QUERY PLAN                                             
----------------------------------------------------------------------------------------------------
 Index Scan Backward using idx on public.t (actual rows=1024.00 loops=1)
   Output: a, b
   Index Cond: ((t.a >= '-6238'::integer) AND (t.a <= '-6175'::integer))
   Index Searches: 1
   Buffers: shared hit=787
 Settings: enable_bitmapscan = 'off', enable_seqscan = 'off', max_parallel_workers_per_gather = '0'
 Planning:
   Buffers: shared hit=113
 Planning Time: 0.377 ms
 Execution Time: 0.339 ms
(10 rows)

