SET
SET
SET
SET
SET
                                                                  QUERY PLAN                                                                   
-----------------------------------------------------------------------------------------------------------------------------------------------
 Index Scan Backward using idx on public.t (actual rows=131072.00 loops=1)
   Output: a, b
   Index Cond: ((t.a >= '-17820'::integer) AND (t.a <= '-9629'::integer))
   Index Searches: 1
   Prefetch: distance=261.988 count=105150 stalls=1 skipped=33176 resets=0 ungets=7260 forwarded=0
             histogram [2,4) => 2, [4,8) => 4, [8,16) => 8, [16,32) => 8, [32,64) => 10, [64,128) => 7, [128,256) => 20144, [256,512) => 84967
   Buffers: shared hit=96334 read=1926
 Settings: enable_bitmapscan = 'off', enable_seqscan = 'off', max_parallel_workers_per_gather = '0'
 Planning:
   Buffers: shared hit=78 read=26
 Planning Time: 5.896 ms
 Execution Time: 106.984 ms
(12 rows)

SET
SET
SET
SET
SET
                                             QUERY PLAN                                             
----------------------------------------------------------------------------------------------------
 Index Scan Backward using idx on public.t (actual rows=131072.00 loops=1)
   Output: a, b
   Index Cond: ((t.a >= '-17820'::integer) AND (t.a <= '-9629'::integer))
   Index Searches: 1
   Buffers: shared hit=98260
 Settings: enable_bitmapscan = 'off', enable_seqscan = 'off', max_parallel_workers_per_gather = '0'
 Planning:
   Buffers: shared hit=109
 Planning Time: 0.475 ms
 Execution Time: 39.458 ms
(10 rows)

