SET
SET
SET
SET
SET
                                                                   QUERY PLAN                                                                    
-------------------------------------------------------------------------------------------------------------------------------------------------
 Index Scan using idx on public.t (actual rows=524288.00 loops=1)
   Output: a, b
   Index Cond: ((t.a >= 3894) AND (t.a <= 20277))
   Index Searches: 1
   Prefetch: distance=267.949 count=131330 stalls=1 skipped=403528 resets=0 ungets=11434 forwarded=4491
             histogram [2,4) => 2, [4,8) => 4, [8,16) => 7, [16,32) => 16, [32,64) => 25, [64,128) => 40, [128,256) => 6477, [256,512) => 124759
   Buffers: shared hit=61091 read=59468
 Settings: enable_bitmapscan = 'off', enable_seqscan = 'off', max_parallel_workers_per_gather = '0'
 Planning:
   Buffers: shared hit=82 read=23
 Planning Time: 6.166 ms
 Execution Time: 442.856 ms
(12 rows)

SET
SET
SET
SET
SET
                                             QUERY PLAN                                             
----------------------------------------------------------------------------------------------------
 Index Scan using idx on public.t (actual rows=524288.00 loops=1)
   Output: a, b
   Index Cond: ((t.a >= 3894) AND (t.a <= 20277))
   Index Searches: 1
   Buffers: shared hit=120568
 Settings: enable_bitmapscan = 'off', enable_seqscan = 'off', max_parallel_workers_per_gather = '0'
 Planning:
   Buffers: shared hit=110
 Planning Time: 0.429 ms
 Execution Time: 172.945 ms
(10 rows)

