SET
SET
SET
SET
SET
                                                                  QUERY PLAN                                                                  
----------------------------------------------------------------------------------------------------------------------------------------------
 Index Scan using idx on public.t (actual rows=131072.00 loops=1)
   Output: a, b
   Index Cond: ((t.a >= 11336) AND (t.a <= 15431))
   Index Searches: 1
   Prefetch: distance=270.416 count=33929 stalls=1 skipped=100808 resets=0 ungets=4017 forwarded=772
             histogram [2,4) => 2, [4,8) => 4, [8,16) => 8, [16,32) => 15, [32,64) => 24, [64,128) => 38, [128,256) => 80, [256,512) => 33758
   Buffers: shared hit=5195 read=24911
 Settings: enable_bitmapscan = 'off', enable_seqscan = 'off', max_parallel_workers_per_gather = '0'
 Planning:
   Buffers: shared hit=82 read=23
 Planning Time: 5.898 ms
 Execution Time: 158.456 ms
(12 rows)

SET
SET
SET
SET
SET
                                             QUERY PLAN                                             
----------------------------------------------------------------------------------------------------
 Index Scan using idx on public.t (actual rows=131072.00 loops=1)
   Output: a, b
   Index Cond: ((t.a >= 11336) AND (t.a <= 15431))
   Index Searches: 1
   Buffers: shared hit=30116
 Settings: enable_bitmapscan = 'off', enable_seqscan = 'off', max_parallel_workers_per_gather = '0'
 Planning:
   Buffers: shared hit=110
 Planning Time: 0.369 ms
 Execution Time: 40.890 ms
(10 rows)

