SET
SET
SET
SET
SET
                                                                        QUERY PLAN                                                                         
-----------------------------------------------------------------------------------------------------------------------------------------------------------
 Index Scan using idx on public.t (actual rows=8048576.00 loops=1)
   Output: a, b
   Index Cond: ((t.a >= 7988) AND (t.a <= 259505))
   Index Searches: 1
   Prefetch: distance=262.776 count=1872392 stalls=8622 skipped=6205068 resets=0 ungets=38465 forwarded=43430
             histogram [2,4) => 270, [4,8) => 387, [8,16) => 431, [16,32) => 62, [32,64) => 66, [64,128) => 401, [128,256) => 303995, [256,512) => 1566780
   Buffers: shared hit=1415703 read=434204
 Settings: enable_bitmapscan = 'off', enable_seqscan = 'off', max_parallel_workers_per_gather = '0'
 Planning:
   Buffers: shared hit=82 read=23
 Planning Time: 6.092 ms
 Execution Time: 4770.013 ms
(12 rows)

SET
SET
SET
SET
SET
                                             QUERY PLAN                                             
----------------------------------------------------------------------------------------------------
 Index Scan using idx on public.t (actual rows=8048576.00 loops=1)
   Output: a, b
   Index Cond: ((t.a >= 7988) AND (t.a <= 259505))
   Index Searches: 1
   Buffers: shared hit=1849967
 Settings: enable_bitmapscan = 'off', enable_seqscan = 'off', max_parallel_workers_per_gather = '0'
 Planning:
   Buffers: shared hit=110
 Planning Time: 0.500 ms
 Execution Time: 2546.330 ms
(10 rows)

