SET
SET
SET
SET
SET
                                                                    QUERY PLAN                                                                    
--------------------------------------------------------------------------------------------------------------------------------------------------
 Index Scan using idx on public.t (actual rows=4048576.00 loops=1)
   Output: a, b
   Index Cond: ((t.a >= 25433) AND (t.a <= 151950))
   Index Searches: 1
   Prefetch: distance=264.349 count=957113 stalls=1 skipped=3120902 resets=0 ungets=30399 forwarded=24469
             histogram [2,4) => 2, [4,8) => 4, [8,16) => 8, [16,32) => 9, [32,64) => 24, [64,128) => 40, [128,256) => 126660, [256,512) => 830366
   Buffers: shared hit=674912 read=255617
 Settings: enable_bitmapscan = 'off', enable_seqscan = 'off', max_parallel_workers_per_gather = '0'
 Planning:
   Buffers: shared hit=82 read=23
 Planning Time: 5.893 ms
 Execution Time: 2543.008 ms
(12 rows)

SET
SET
SET
SET
SET
                                             QUERY PLAN                                             
----------------------------------------------------------------------------------------------------
 Index Scan using idx on public.t (actual rows=4048576.00 loops=1)
   Output: a, b
   Index Cond: ((t.a >= 25433) AND (t.a <= 151950))
   Index Searches: 1
   Buffers: shared hit=930551
 Settings: enable_bitmapscan = 'off', enable_seqscan = 'off', max_parallel_workers_per_gather = '0'
 Planning:
   Buffers: shared hit=110
 Planning Time: 0.413 ms
 Execution Time: 1047.401 ms
(10 rows)

