SET
SET
SET
SET
SET
                                                                     QUERY PLAN                                                                     
----------------------------------------------------------------------------------------------------------------------------------------------------
 Index Scan using idx on public.t (actual rows=6048576.00 loops=1)
   Output: a, b
   Index Cond: ((t.a >= 21847) AND (t.a <= 210864))
   Index Searches: 1
   Prefetch: distance=263.858 count=1419824 stalls=1 skipped=4663660 resets=0 ungets=35036 forwarded=34220
             histogram [2,4) => 2, [4,8) => 4, [8,16) => 8, [16,32) => 16, [32,64) => 24, [64,128) => 39, [128,256) => 202981, [256,512) => 1216750
   Buffers: shared hit=1040512 read=349678
 Settings: enable_bitmapscan = 'off', enable_seqscan = 'off', max_parallel_workers_per_gather = '0'
 Planning:
   Buffers: shared hit=82 read=23
 Planning Time: 6.114 ms
 Execution Time: 3771.144 ms
(12 rows)

SET
SET
SET
SET
SET
                                             QUERY PLAN                                             
----------------------------------------------------------------------------------------------------
 Index Scan using idx on public.t (actual rows=6048576.00 loops=1)
   Output: a, b
   Index Cond: ((t.a >= 21847) AND (t.a <= 210864))
   Index Searches: 1
   Buffers: shared hit=1390224
 Settings: enable_bitmapscan = 'off', enable_seqscan = 'off', max_parallel_workers_per_gather = '0'
 Planning:
   Buffers: shared hit=110
 Planning Time: 0.486 ms
 Execution Time: 1639.704 ms
(10 rows)

