SET
SET
SET
SET
SET
                                                                     QUERY PLAN                                                                     
----------------------------------------------------------------------------------------------------------------------------------------------------
 Index Scan using idx on public.t (actual rows=9048576.00 loops=1)
   Output: a, b
   Index Cond: ((t.a >= 20647) AND (t.a <= 303414))
   Index Searches: 1
   Prefetch: distance=263.466 count=2107662 stalls=1 skipped=6976599 resets=0 ungets=36133 forwarded=48362
             histogram [2,4) => 2, [4,8) => 4, [8,16) => 8, [16,32) => 10, [32,64) => 24, [64,128) => 39, [128,256) => 317878, [256,512) => 1789697
   Buffers: shared hit=1605730 read=473938
 Settings: enable_bitmapscan = 'off', enable_seqscan = 'off', max_parallel_workers_per_gather = '0'
 Planning:
   Buffers: shared hit=82 read=23
 Planning Time: 5.664 ms
 Execution Time: 5331.996 ms
(12 rows)

SET
SET
SET
SET
SET
                                             QUERY PLAN                                             
----------------------------------------------------------------------------------------------------
 Index Scan using idx on public.t (actual rows=9048576.00 loops=1)
   Output: a, b
   Index Cond: ((t.a >= 20647) AND (t.a <= 303414))
   Index Searches: 1
   Buffers: shared hit=2079719
 Settings: enable_bitmapscan = 'off', enable_seqscan = 'off', max_parallel_workers_per_gather = '0'
 Planning:
   Buffers: shared hit=110
 Planning Time: 0.437 ms
 Execution Time: 2290.827 ms
(10 rows)

