SET
SET
SET
SET
SET
                                                                 QUERY PLAN                                                                 
--------------------------------------------------------------------------------------------------------------------------------------------
 Index Scan using idx on public.t (actual rows=16384.00 loops=1)
   Output: a, b
   Index Cond: ((t.a >= 28947) AND (t.a <= 29458))
   Index Searches: 1
   Prefetch: distance=265.054 count=4211 stalls=1 skipped=12575 resets=0 ungets=498 forwarded=5
             histogram [2,4) => 2, [4,8) => 4, [8,16) => 8, [16,32) => 9, [32,64) => 24, [64,128) => 40, [128,256) => 62, [256,512) => 4062
   Buffers: shared hit=51 read=3706
 Settings: enable_bitmapscan = 'off', enable_seqscan = 'off', max_parallel_workers_per_gather = '0'
 Planning:
   Buffers: shared hit=82 read=23
 Planning Time: 6.127 ms
 Execution Time: 23.307 ms
(12 rows)

SET
SET
SET
SET
SET
                                             QUERY PLAN                                             
----------------------------------------------------------------------------------------------------
 Index Scan using idx on public.t (actual rows=16384.00 loops=1)
   Output: a, b
   Index Cond: ((t.a >= 28947) AND (t.a <= 29458))
   Index Searches: 1
   Buffers: shared hit=3757
 Settings: enable_bitmapscan = 'off', enable_seqscan = 'off', max_parallel_workers_per_gather = '0'
 Planning:
   Buffers: shared hit=110
 Planning Time: 0.357 ms
 Execution Time: 4.996 ms
(10 rows)

