SET
SET
SET
SET
SET
                                                                 QUERY PLAN                                                                  
---------------------------------------------------------------------------------------------------------------------------------------------
 Index Scan using idx on public.t (actual rows=32768.00 loops=1)
   Output: a, b
   Index Cond: ((t.a >= 11280) AND (t.a <= 12303))
   Index Searches: 1
   Prefetch: distance=268.297 count=8232 stalls=1 skipped=24467 resets=0 ungets=987 forwarded=60
             histogram [2,4) => 2, [4,8) => 4, [8,16) => 7, [16,32) => 14, [32,64) => 23, [64,128) => 40, [128,256) => 56, [256,512) => 8086
   Buffers: shared hit=402 read=7112
 Settings: enable_bitmapscan = 'off', enable_seqscan = 'off', max_parallel_workers_per_gather = '0'
 Planning:
   Buffers: shared hit=82 read=23
 Planning Time: 5.827 ms
 Execution Time: 57.224 ms
(12 rows)

SET
SET
SET
SET
SET
                                             QUERY PLAN                                             
----------------------------------------------------------------------------------------------------
 Index Scan using idx on public.t (actual rows=32768.00 loops=1)
   Output: a, b
   Index Cond: ((t.a >= 11280) AND (t.a <= 12303))
   Index Searches: 1
   Buffers: shared hit=7516
 Settings: enable_bitmapscan = 'off', enable_seqscan = 'off', max_parallel_workers_per_gather = '0'
 Planning:
   Buffers: shared hit=110
 Planning Time: 0.382 ms
 Execution Time: 10.152 ms
(10 rows)

