SET
SET
SET
SET
SET
                                                                        QUERY PLAN                                                                        
----------------------------------------------------------------------------------------------------------------------------------------------------------
 Index Scan using idx on public.t (actual rows=1048576.00 loops=1)
   Output: a, b
   Index Cond: ((t.a >= 4361) AND (t.a <= 37128))
   Index Searches: 1
   Prefetch: distance=263.505 count=243605 stalls=12916 skipped=808230 resets=0 ungets=16430 forwarded=7773
             histogram [2,4) => 558, [4,8) => 675, [8,16) => 471, [16,32) => 59, [32,64) => 125, [64,128) => 111, [128,256) => 27148, [256,512) => 214458
   Buffers: shared hit=151690 read=89369
 Settings: enable_bitmapscan = 'off', enable_seqscan = 'off', max_parallel_workers_per_gather = '0'
 Planning:
   Buffers: shared hit=82 read=23
 Planning Time: 6.122 ms
 Execution Time: 781.445 ms
(12 rows)

SET
SET
SET
SET
SET
                                             QUERY PLAN                                             
----------------------------------------------------------------------------------------------------
 Index Scan using idx on public.t (actual rows=1048576.00 loops=1)
   Output: a, b
   Index Cond: ((t.a >= 4361) AND (t.a <= 37128))
   Index Searches: 1
   Buffers: shared hit=241090
 Settings: enable_bitmapscan = 'off', enable_seqscan = 'off', max_parallel_workers_per_gather = '0'
 Planning:
   Buffers: shared hit=110
 Planning Time: 0.401 ms
 Execution Time: 286.662 ms
(10 rows)

