SET
SET
SET
SET
SET
                                                                     QUERY PLAN                                                                      
-----------------------------------------------------------------------------------------------------------------------------------------------------
 Index Scan using idx on public.t (actual rows=8048576.00 loops=1)
   Output: a, b
   Index Cond: ((t.a >= 32729) AND (t.a <= 284246))
   Index Searches: 1
   Prefetch: distance=263.868 count=1881848 stalls=1 skipped=6205278 resets=0 ungets=39382 forwarded=44669
             histogram [2,4) => 2, [4,8) => 4, [8,16) => 14, [16,32) => 25, [32,64) => 36, [64,128) => 67, [128,256) => 263859, [256,512) => 1617841
   Buffers: shared hit=1402265 read=447520
 Settings: enable_bitmapscan = 'off', enable_seqscan = 'off', max_parallel_workers_per_gather = '0'
 Planning:
   Buffers: shared hit=82 read=23
 Planning Time: 6.054 ms
 Execution Time: 4988.785 ms
(12 rows)

SET
SET
SET
SET
SET
                                             QUERY PLAN                                             
----------------------------------------------------------------------------------------------------
 Index Scan using idx on public.t (actual rows=8048576.00 loops=1)
   Output: a, b
   Index Cond: ((t.a >= 32729) AND (t.a <= 284246))
   Index Searches: 1
   Buffers: shared hit=1849849
 Settings: enable_bitmapscan = 'off', enable_seqscan = 'off', max_parallel_workers_per_gather = '0'
 Planning:
   Buffers: shared hit=110
 Planning Time: 0.404 ms
 Execution Time: 2503.041 ms
(10 rows)

