SET
SET
SET
SET
SET
                                                                  QUERY PLAN                                                                   
-----------------------------------------------------------------------------------------------------------------------------------------------
 Index Scan using idx on public.t (actual rows=262144.00 loops=1)
   Output: a, b
   Index Cond: ((t.a >= 28379) AND (t.a <= 36570))
   Index Searches: 1
   Prefetch: distance=270.562 count=67803 stalls=1 skipped=201908 resets=0 ungets=7887 forwarded=1662
             histogram [2,4) => 2, [4,8) => 4, [8,16) => 8, [16,32) => 22, [32,64) => 54, [64,128) => 65, [128,256) => 122, [256,512) => 67526
   Buffers: shared hit=14267 read=45952
 Settings: enable_bitmapscan = 'off', enable_seqscan = 'off', max_parallel_workers_per_gather = '0'
 Planning:
   Buffers: shared hit=82 read=23
 Planning Time: 6.186 ms
 Execution Time: 290.677 ms
(12 rows)

SET
SET
SET
SET
SET
                                             QUERY PLAN                                             
----------------------------------------------------------------------------------------------------
 Index Scan using idx on public.t (actual rows=262144.00 loops=1)
   Output: a, b
   Index Cond: ((t.a >= 28379) AND (t.a <= 36570))
   Index Searches: 1
   Buffers: shared hit=60229
 Settings: enable_bitmapscan = 'off', enable_seqscan = 'off', max_parallel_workers_per_gather = '0'
 Planning:
   Buffers: shared hit=110
 Planning Time: 0.400 ms
 Execution Time: 86.576 ms
(10 rows)

