SET
SET
SET
SET
SET
                                                                 QUERY PLAN                                                                 
--------------------------------------------------------------------------------------------------------------------------------------------
 Index Scan using idx on public.t (actual rows=16384.00 loops=1)
   Output: a, b
   Index Cond: ((t.a >= 26250) AND (t.a <= 26761))
   Index Searches: 1
   Prefetch: distance=265.136 count=4228 stalls=1 skipped=12635 resets=0 ungets=511 forwarded=26
             histogram [2,4) => 2, [4,8) => 4, [8,16) => 8, [16,32) => 9, [32,64) => 24, [64,128) => 39, [128,256) => 61, [256,512) => 4081
   Buffers: shared hit=75 read=3670
 Settings: enable_bitmapscan = 'off', enable_seqscan = 'off', max_parallel_workers_per_gather = '0'
 Planning:
   Buffers: shared hit=82 read=23
 Planning Time: 6.115 ms
 Execution Time: 23.661 ms
(12 rows)

SET
SET
SET
SET
SET
                                             QUERY PLAN                                             
----------------------------------------------------------------------------------------------------
 Index Scan using idx on public.t (actual rows=16384.00 loops=1)
   Output: a, b
   Index Cond: ((t.a >= 26250) AND (t.a <= 26761))
   Index Searches: 1
   Buffers: shared hit=3745
 Settings: enable_bitmapscan = 'off', enable_seqscan = 'off', max_parallel_workers_per_gather = '0'
 Planning:
   Buffers: shared hit=110
 Planning Time: 0.361 ms
 Execution Time: 5.138 ms
(10 rows)

