SET
SET
SET
SET
SET
                                                                          QUERY PLAN                                                                          
--------------------------------------------------------------------------------------------------------------------------------------------------------------
 Index Scan using idx on public.t (actual rows=4048576.00 loops=1)
   Output: a, b
   Index Cond: ((t.a >= 1353) AND (t.a <= 127870))
   Index Searches: 1
   Prefetch: distance=261.477 count=901195 stalls=54554 skipped=3120618 resets=0 ungets=28750 forwarded=22326
             histogram [2,4) => 1049, [4,8) => 1453, [8,16) => 1315, [16,32) => 102, [32,64) => 65, [64,128) => 401, [128,256) => 154337, [256,512) => 742473
   Buffers: shared hit=699614 read=231206
 Settings: enable_bitmapscan = 'off', enable_seqscan = 'off', max_parallel_workers_per_gather = '0'
 Planning:
   Buffers: shared hit=82 read=27
 Planning Time: 6.547 ms
 Execution Time: 2595.812 ms
(12 rows)

SET
SET
SET
SET
SET
                                             QUERY PLAN                                             
----------------------------------------------------------------------------------------------------
 Index Scan using idx on public.t (actual rows=4048576.00 loops=1)
   Output: a, b
   Index Cond: ((t.a >= 1353) AND (t.a <= 127870))
   Index Searches: 1
   Buffers: shared hit=930838
 Settings: enable_bitmapscan = 'off', enable_seqscan = 'off', max_parallel_workers_per_gather = '0'
 Planning:
   Buffers: shared hit=114
 Planning Time: 0.515 ms
 Execution Time: 1072.294 ms
(10 rows)

