SET
SET
SET
SET
SET
                                                                 QUERY PLAN                                                                  
---------------------------------------------------------------------------------------------------------------------------------------------
 Index Scan using idx on public.t (actual rows=65536.00 loops=1)
   Output: a, b
   Index Cond: ((t.a >= 24465) AND (t.a <= 26512))
   Index Searches: 1
   Prefetch: distance=270.147 count=16800 stalls=1 skipped=49746 resets=0 ungets=2034 forwarded=226
             histogram [2,4) => 2, [4,8) => 4, [8,16) => 8, [16,32) => 9, [32,64) => 20, [64,128) => 35, [128,256) => 61, [256,512) => 16661
   Buffers: shared hit=1062 read=13998
 Settings: enable_bitmapscan = 'off', enable_seqscan = 'off', max_parallel_workers_per_gather = '0'
 Planning:
   Buffers: shared hit=82 read=23
 Planning Time: 5.843 ms
 Execution Time: 92.852 ms
(12 rows)

SET
SET
SET
SET
SET
                                             QUERY PLAN                                             
----------------------------------------------------------------------------------------------------
 Index Scan using idx on public.t (actual rows=65536.00 loops=1)
   Output: a, b
   Index Cond: ((t.a >= 24465) AND (t.a <= 26512))
   Index Searches: 1
   Buffers: shared hit=15064
 Settings: enable_bitmapscan = 'off', enable_seqscan = 'off', max_parallel_workers_per_gather = '0'
 Planning:
   Buffers: shared hit=110
 Planning Time: 0.470 ms
 Execution Time: 31.091 ms
(10 rows)

