SET
SET
SET
SET
SET
                                                                         QUERY PLAN                                                                          
-------------------------------------------------------------------------------------------------------------------------------------------------------------
 Index Scan using idx on public.t (actual rows=7048576.00 loops=1)
   Output: a, b
   Index Cond: ((t.a >= 4338) AND (t.a <= 224605))
   Index Searches: 1
   Prefetch: distance=262.402 count=1616261 stalls=33435 skipped=5434189 resets=0 ungets=36108 forwarded=37794
             histogram [2,4) => 850, [4,8) => 1146, [8,16) => 1049, [16,32) => 90, [32,64) => 87, [64,128) => 440, [128,256) => 264033, [256,512) => 1348566
   Buffers: shared hit=1238963 read=381070
 Settings: enable_bitmapscan = 'off', enable_seqscan = 'off', max_parallel_workers_per_gather = '0'
 Planning:
   Buffers: shared hit=82 read=23
 Planning Time: 6.017 ms
 Execution Time: 4378.490 ms
(12 rows)

SET
SET
SET
SET
SET
                                             QUERY PLAN                                             
----------------------------------------------------------------------------------------------------
 Index Scan using idx on public.t (actual rows=7048576.00 loops=1)
   Output: a, b
   Index Cond: ((t.a >= 4338) AND (t.a <= 224605))
   Index Searches: 1
   Buffers: shared hit=1620073
 Settings: enable_bitmapscan = 'off', enable_seqscan = 'off', max_parallel_workers_per_gather = '0'
 Planning:
   Buffers: shared hit=110
 Planning Time: 0.404 ms
 Execution Time: 2105.868 ms
(10 rows)

