SET
SET
SET
SET
SET
                                                                  QUERY PLAN                                                                   
-----------------------------------------------------------------------------------------------------------------------------------------------
 Index Scan using idx on public.t (actual rows=262144.00 loops=1)
   Output: a, b
   Index Cond: ((t.a >= 21457) AND (t.a <= 29648))
   Index Searches: 1
   Prefetch: distance=270.418 count=67689 stalls=1 skipped=201644 resets=0 ungets=7765 forwarded=1823
             histogram [2,4) => 2, [4,8) => 4, [8,16) => 8, [16,32) => 16, [32,64) => 17, [64,128) => 41, [128,256) => 221, [256,512) => 67380
   Buffers: shared hit=15745 read=44539
 Settings: enable_bitmapscan = 'off', enable_seqscan = 'off', max_parallel_workers_per_gather = '0'
 Planning:
   Buffers: shared hit=82 read=23
 Planning Time: 5.849 ms
 Execution Time: 293.056 ms
(12 rows)

SET
SET
SET
SET
SET
                                             QUERY PLAN                                             
----------------------------------------------------------------------------------------------------
 Index Scan using idx on public.t (actual rows=262144.00 loops=1)
   Output: a, b
   Index Cond: ((t.a >= 21457) AND (t.a <= 29648))
   Index Searches: 1
   Buffers: shared hit=60292
 Settings: enable_bitmapscan = 'off', enable_seqscan = 'off', max_parallel_workers_per_gather = '0'
 Planning:
   Buffers: shared hit=110
 Planning Time: 0.377 ms
 Execution Time: 83.997 ms
(10 rows)

