SET
SET
SET
SET
SET
                                                                        QUERY PLAN                                                                         
-----------------------------------------------------------------------------------------------------------------------------------------------------------
 Index Scan using idx on public.t (actual rows=8048576.00 loops=1)
   Output: a, b
   Index Cond: ((t.a >= 6645) AND (t.a <= 258162))
   Index Searches: 1
   Prefetch: distance=262.663 count=1863470 stalls=17702 skipped=6205334 resets=0 ungets=38473 forwarded=43299
             histogram [2,4) => 519, [4,8) => 715, [8,16) => 668, [16,32) => 75, [32,64) => 65, [64,128) => 400, [128,256) => 302237, [256,512) => 1558791
   Buffers: shared hit=1417425 read=432535
 Settings: enable_bitmapscan = 'off', enable_seqscan = 'off', max_parallel_workers_per_gather = '0'
 Planning:
   Buffers: shared hit=82 read=23
 Planning Time: 6.015 ms
 Execution Time: 4673.761 ms
(12 rows)

SET
SET
SET
SET
SET
                                             QUERY PLAN                                             
----------------------------------------------------------------------------------------------------
 Index Scan using idx on public.t (actual rows=8048576.00 loops=1)
   Output: a, b
   Index Cond: ((t.a >= 6645) AND (t.a <= 258162))
   Index Searches: 1
   Buffers: shared hit=1850020
 Settings: enable_bitmapscan = 'off', enable_seqscan = 'off', max_parallel_workers_per_gather = '0'
 Planning:
   Buffers: shared hit=110
 Planning Time: 0.373 ms
 Execution Time: 2009.569 ms
(10 rows)

