SET
SET
SET
SET
SET
                                                                  QUERY PLAN                                                                   
-----------------------------------------------------------------------------------------------------------------------------------------------
 Index Scan using idx on public.t (actual rows=131072.00 loops=1)
   Output: a, b
   Index Cond: ((t.a >= '-6720'::integer) AND (t.a <= '-2625'::integer))
   Index Searches: 1
   Prefetch: distance=269.951 count=33665 stalls=1 skipped=100762 resets=0 ungets=3835 forwarded=826
             histogram [2,4) => 2, [4,8) => 4, [8,16) => 7, [16,32) => 16, [32,64) => 24, [64,128) => 39, [128,256) => 130, [256,512) => 33443
   Buffers: shared hit=7408 read=22652
 Settings: enable_bitmapscan = 'off', enable_seqscan = 'off', max_parallel_workers_per_gather = '0'
 Planning:
   Buffers: shared hit=78 read=26
 Planning Time: 9.164 ms
 Execution Time: 147.281 ms
(12 rows)

SET
SET
SET
SET
SET
                                             QUERY PLAN                                             
----------------------------------------------------------------------------------------------------
 Index Scan using idx on public.t (actual rows=131072.00 loops=1)
   Output: a, b
   Index Cond: ((t.a >= '-6720'::integer) AND (t.a <= '-2625'::integer))
   Index Searches: 1
   Buffers: shared hit=30062
 Settings: enable_bitmapscan = 'off', enable_seqscan = 'off', max_parallel_workers_per_gather = '0'
 Planning:
   Buffers: shared hit=109
 Planning Time: 0.408 ms
 Execution Time: 42.809 ms
(10 rows)

