SET
SET
SET
SET
SET
                                                                  QUERY PLAN                                                                  
----------------------------------------------------------------------------------------------------------------------------------------------
 Index Scan using idx on public.t (actual rows=65536.00 loops=1)
   Output: a, b
   Index Cond: ((t.a >= '-33233'::integer) AND (t.a <= '-31186'::integer))
   Index Searches: 1
   Prefetch: distance=269.880 count=16776 stalls=1 skipped=49724 resets=0 ungets=2020 forwarded=172
             histogram [2,4) => 2, [4,8) => 4, [8,16) => 8, [16,32) => 15, [32,64) => 24, [64,128) => 39, [128,256) => 68, [256,512) => 16616
   Buffers: shared hit=1008 read=14054
 Settings: enable_bitmapscan = 'off', enable_seqscan = 'off', max_parallel_workers_per_gather = '0'
 Planning:
   Buffers: shared hit=78 read=22
 Planning Time: 5.546 ms
 Execution Time: 94.355 ms
(12 rows)

SET
SET
SET
SET
SET
                                             QUERY PLAN                                             
----------------------------------------------------------------------------------------------------
 Index Scan using idx on public.t (actual rows=65536.00 loops=1)
   Output: a, b
   Index Cond: ((t.a >= '-33233'::integer) AND (t.a <= '-31186'::integer))
   Index Searches: 1
   Buffers: shared hit=15064
 Settings: enable_bitmapscan = 'off', enable_seqscan = 'off', max_parallel_workers_per_gather = '0'
 Planning:
   Buffers: shared hit=105
 Planning Time: 0.460 ms
 Execution Time: 29.696 ms
(10 rows)

