SET
SET
SET
SET
SET
                                                                QUERY PLAN                                                                 
-------------------------------------------------------------------------------------------------------------------------------------------
 Index Scan using idx on public.t (actual rows=4096.00 loops=1)
   Output: a, b
   Index Cond: ((t.a >= '-8410'::integer) AND (t.a <= '-8283'::integer))
   Index Searches: 1
   Prefetch: distance=238.070 count=842 stalls=1 skipped=2539 resets=0 ungets=85 forwarded=2
             histogram [2,4) => 2, [4,8) => 4, [8,16) => 8, [16,32) => 9, [32,64) => 22, [64,128) => 40, [128,256) => 61, [256,512) => 696
   Buffers: shared hit=7 read=944
 Settings: enable_bitmapscan = 'off', enable_seqscan = 'off', max_parallel_workers_per_gather = '0'
 Planning:
   Buffers: shared hit=78 read=22
 Planning Time: 5.839 ms
 Execution Time: 18.739 ms
(12 rows)

SET
SET
SET
SET
SET
                                             QUERY PLAN                                             
----------------------------------------------------------------------------------------------------
 Index Scan using idx on public.t (actual rows=4096.00 loops=1)
   Output: a, b
   Index Cond: ((t.a >= '-8410'::integer) AND (t.a <= '-8283'::integer))
   Index Searches: 1
   Buffers: shared hit=951
 Settings: enable_bitmapscan = 'off', enable_seqscan = 'off', max_parallel_workers_per_gather = '0'
 Planning:
   Buffers: shared hit=105
 Planning Time: 0.336 ms
 Execution Time: 1.378 ms
(10 rows)

