SET
SET
SET
SET
SET
                                                                     QUERY PLAN                                                                     
----------------------------------------------------------------------------------------------------------------------------------------------------
 Index Scan using idx on public.t (actual rows=9048576.00 loops=1)
   Output: a, b
   Index Cond: ((t.a >= '-295871'::integer) AND (t.a <= '-13104'::integer))
   Index Searches: 1
   Prefetch: distance=263.249 count=2108572 stalls=1 skipped=6976489 resets=0 ungets=37477 forwarded=48281
             histogram [2,4) => 2, [4,8) => 4, [8,16) => 8, [16,32) => 15, [32,64) => 23, [64,128) => 39, [128,256) => 328584, [256,512) => 1779897
   Buffers: shared hit=1604226 read=475128
 Settings: enable_bitmapscan = 'off', enable_seqscan = 'off', max_parallel_workers_per_gather = '0'
 Planning:
   Buffers: shared hit=78 read=22
 Planning Time: 5.954 ms
 Execution Time: 4723.155 ms
(12 rows)

SET
SET
SET
SET
SET
                                             QUERY PLAN                                             
----------------------------------------------------------------------------------------------------
 Index Scan using idx on public.t (actual rows=9048576.00 loops=1)
   Output: a, b
   Index Cond: ((t.a >= '-295871'::integer) AND (t.a <= '-13104'::integer))
   Index Searches: 1
   Buffers: shared hit=2079405
 Settings: enable_bitmapscan = 'off', enable_seqscan = 'off', max_parallel_workers_per_gather = '0'
 Planning:
   Buffers: shared hit=105
 Planning Time: 0.498 ms
 Execution Time: 3170.632 ms
(10 rows)

