SET
SET
SET
SET
SET
                                                                    QUERY PLAN                                                                    
--------------------------------------------------------------------------------------------------------------------------------------------------
 Index Scan using idx on public.t (actual rows=2048576.00 loops=1)
   Output: a, b
   Index Cond: ((t.a >= '-87945'::integer) AND (t.a <= '-23928'::integer))
   Index Searches: 1
   Prefetch: distance=265.225 count=494263 stalls=1 skipped=1579293 resets=0 ungets=25140 forwarded=14286
             histogram [2,4) => 2, [4,8) => 4, [8,16) => 8, [16,32) => 15, [32,64) => 23, [64,128) => 40, [128,256) => 56874, [256,512) => 437297
   Buffers: shared hit=313826 read=157152
 Settings: enable_bitmapscan = 'off', enable_seqscan = 'off', max_parallel_workers_per_gather = '0'
 Planning:
   Buffers: shared hit=78 read=22
 Planning Time: 5.755 ms
 Execution Time: 1281.006 ms
(12 rows)

SET
SET
SET
SET
SET
                                             QUERY PLAN                                             
----------------------------------------------------------------------------------------------------
 Index Scan using idx on public.t (actual rows=2048576.00 loops=1)
   Output: a, b
   Index Cond: ((t.a >= '-87945'::integer) AND (t.a <= '-23928'::integer))
   Index Searches: 1
   Buffers: shared hit=470996
 Settings: enable_bitmapscan = 'off', enable_seqscan = 'off', max_parallel_workers_per_gather = '0'
 Planning:
   Buffers: shared hit=105
 Planning Time: 0.531 ms
 Execution Time: 556.693 ms
(10 rows)

