SET
SET
SET
SET
SET
                                                                         QUERY PLAN                                                                          
-------------------------------------------------------------------------------------------------------------------------------------------------------------
 Index Scan using idx on public.t (actual rows=8048576.00 loops=1)
   Output: a, b
   Index Cond: ((t.a >= '-254806'::integer) AND (t.a <= '-3289'::integer))
   Index Searches: 1
   Prefetch: distance=262.427 count=1843540 stalls=35976 skipped=6205853 resets=0 ungets=37464 forwarded=42406
             histogram [2,4) => 808, [4,8) => 1137, [8,16) => 1002, [16,32) => 91, [32,64) => 61, [64,128) => 459, [128,256) => 300085, [256,512) => 1539897
   Buffers: shared hit=1421424 read=427936
 Settings: enable_bitmapscan = 'off', enable_seqscan = 'off', max_parallel_workers_per_gather = '0'
 Planning:
   Buffers: shared hit=78 read=26
 Planning Time: 6.524 ms
 Execution Time: 4222.681 ms
(12 rows)

SET
SET
SET
SET
SET
                                             QUERY PLAN                                             
----------------------------------------------------------------------------------------------------
 Index Scan using idx on public.t (actual rows=8048576.00 loops=1)
   Output: a, b
   Index Cond: ((t.a >= '-254806'::integer) AND (t.a <= '-3289'::integer))
   Index Searches: 1
   Buffers: shared hit=1849397
 Settings: enable_bitmapscan = 'off', enable_seqscan = 'off', max_parallel_workers_per_gather = '0'
 Planning:
   Buffers: shared hit=109
 Planning Time: 0.488 ms
 Execution Time: 2111.121 ms
(10 rows)

