SET
SET
SET
SET
SET
                                                                     QUERY PLAN                                                                     
----------------------------------------------------------------------------------------------------------------------------------------------------
 Index Scan using idx on public.t (actual rows=5048576.00 loops=1)
   Output: a, b
   Index Cond: ((t.a >= '-177343'::integer) AND (t.a <= '-19576'::integer))
   Index Searches: 1
   Prefetch: distance=263.853 count=1187627 stalls=1 skipped=3892687 resets=0 ungets=32154 forwarded=29149
             histogram [2,4) => 2, [4,8) => 4, [8,16) => 7, [16,32) => 16, [32,64) => 24, [64,128) => 39, [128,256) => 169888, [256,512) => 1017647
   Buffers: shared hit=860305 read=299751
 Settings: enable_bitmapscan = 'off', enable_seqscan = 'off', max_parallel_workers_per_gather = '0'
 Planning:
   Buffers: shared hit=78 read=22
 Planning Time: 5.745 ms
 Execution Time: 2690.959 ms
(12 rows)

SET
SET
SET
SET
SET
                                             QUERY PLAN                                             
----------------------------------------------------------------------------------------------------
 Index Scan using idx on public.t (actual rows=5048576.00 loops=1)
   Output: a, b
   Index Cond: ((t.a >= '-177343'::integer) AND (t.a <= '-19576'::integer))
   Index Searches: 1
   Buffers: shared hit=1160079
 Settings: enable_bitmapscan = 'off', enable_seqscan = 'off', max_parallel_workers_per_gather = '0'
 Planning:
   Buffers: shared hit=105
 Planning Time: 0.482 ms
 Execution Time: 1785.580 ms
(10 rows)

