SET
SET
SET
SET
SET
                                                                     QUERY PLAN                                                                     
----------------------------------------------------------------------------------------------------------------------------------------------------
 Index Scan using idx on public.t (actual rows=6048576.00 loops=1)
   Output: a, b
   Index Cond: ((t.a >= '-206194'::integer) AND (t.a <= '-17177'::integer))
   Index Searches: 1
   Prefetch: distance=263.635 count=1417991 stalls=1 skipped=4663628 resets=0 ungets=33811 forwarded=33977
             histogram [2,4) => 2, [4,8) => 4, [8,16) => 8, [16,32) => 13, [32,64) => 17, [64,128) => 38, [128,256) => 210039, [256,512) => 1207870
   Buffers: shared hit=1043726 read=346011
 Settings: enable_bitmapscan = 'off', enable_seqscan = 'off', max_parallel_workers_per_gather = '0'
 Planning:
   Buffers: shared hit=78 read=22
 Planning Time: 5.805 ms
 Execution Time: 3158.829 ms
(12 rows)

SET
SET
SET
SET
SET
                                             QUERY PLAN                                             
----------------------------------------------------------------------------------------------------
 Index Scan using idx on public.t (actual rows=6048576.00 loops=1)
   Output: a, b
   Index Cond: ((t.a >= '-206194'::integer) AND (t.a <= '-17177'::integer))
   Index Searches: 1
   Buffers: shared hit=1389762
 Settings: enable_bitmapscan = 'off', enable_seqscan = 'off', max_parallel_workers_per_gather = '0'
 Planning:
   Buffers: shared hit=105
 Planning Time: 0.411 ms
 Execution Time: 1606.018 ms
(10 rows)

