SET
SET
SET
SET
SET
                                                                        QUERY PLAN                                                                        
----------------------------------------------------------------------------------------------------------------------------------------------------------
 Index Scan using idx on public.t (actual rows=4048576.00 loops=1)
   Output: a, b
   Index Cond: ((t.a >= '-131834'::integer) AND (t.a <= '-5317'::integer))
   Index Searches: 1
   Prefetch: distance=261.838 count=933172 stalls=22025 skipped=3121677 resets=0 ungets=28425 forwarded=22942
             histogram [2,4) => 578, [4,8) => 787, [8,16) => 733, [16,32) => 82, [32,64) => 60, [64,128) => 460, [128,256) => 161258, [256,512) => 769214
   Buffers: shared hit=693913 read=236474
 Settings: enable_bitmapscan = 'off', enable_seqscan = 'off', max_parallel_workers_per_gather = '0'
 Planning:
   Buffers: shared hit=78 read=26
 Planning Time: 6.562 ms
 Execution Time: 2287.175 ms
(12 rows)

SET
SET
SET
SET
SET
                                             QUERY PLAN                                             
----------------------------------------------------------------------------------------------------
 Index Scan using idx on public.t (actual rows=4048576.00 loops=1)
   Output: a, b
   Index Cond: ((t.a >= '-131834'::integer) AND (t.a <= '-5317'::integer))
   Index Searches: 1
   Buffers: shared hit=930422
 Settings: enable_bitmapscan = 'off', enable_seqscan = 'off', max_parallel_workers_per_gather = '0'
 Planning:
   Buffers: shared hit=109
 Planning Time: 0.514 ms
 Execution Time: 1210.361 ms
(10 rows)

