SET
SET
SET
SET
SET
                                                                 QUERY PLAN                                                                  
---------------------------------------------------------------------------------------------------------------------------------------------
 Index Scan using idx on public.t (actual rows=16384.00 loops=1)
   Output: a, b
   Index Cond: ((t.a >= '-11612'::integer) AND (t.a <= '-11101'::integer))
   Index Searches: 1
   Prefetch: distance=264.596 count=4206 stalls=1 skipped=12450 resets=0 ungets=496 forwarded=24
             histogram [2,4) => 2, [4,8) => 4, [8,16) => 8, [16,32) => 16, [32,64) => 23, [64,128) => 40, [128,256) => 63, [256,512) => 4050
   Buffers: shared hit=82 read=3700
 Settings: enable_bitmapscan = 'off', enable_seqscan = 'off', max_parallel_workers_per_gather = '0'
 Planning:
   Buffers: shared hit=78 read=22
 Planning Time: 5.798 ms
 Execution Time: 25.560 ms
(12 rows)

SET
SET
SET
SET
SET
                                             QUERY PLAN                                             
----------------------------------------------------------------------------------------------------
 Index Scan using idx on public.t (actual rows=16384.00 loops=1)
   Output: a, b
   Index Cond: ((t.a >= '-11612'::integer) AND (t.a <= '-11101'::integer))
   Index Searches: 1
   Buffers: shared hit=3782
 Settings: enable_bitmapscan = 'off', enable_seqscan = 'off', max_parallel_workers_per_gather = '0'
 Planning:
   Buffers: shared hit=105
 Planning Time: 0.349 ms
 Execution Time: 4.618 ms
(10 rows)

