SET
SET
SET
SET
SET
                                                                 QUERY PLAN                                                                  
---------------------------------------------------------------------------------------------------------------------------------------------
 Index Scan using idx on public.t (actual rows=131072.00 loops=1)
   Output: a, b
   Index Cond: ((t.a >= '-22813'::integer) AND (t.a <= '-18718'::integer))
   Index Searches: 1
   Prefetch: distance=270.499 count=33973 stalls=1 skipped=100892 resets=0 ungets=4049 forwarded=695
             histogram [2,4) => 2, [4,8) => 4, [8,16) => 8, [16,32) => 14, [32,64) => 54, [64,128) => 71, [128,256) => 9, [256,512) => 33811
   Buffers: shared hit=4704 read=25389
 Settings: enable_bitmapscan = 'off', enable_seqscan = 'off', max_parallel_workers_per_gather = '0'
 Planning:
   Buffers: shared hit=78 read=22
 Planning Time: 5.508 ms
 Execution Time: 151.494 ms
(12 rows)

SET
SET
SET
SET
SET
                                             QUERY PLAN                                             
----------------------------------------------------------------------------------------------------
 Index Scan using idx on public.t (actual rows=131072.00 loops=1)
   Output: a, b
   Index Cond: ((t.a >= '-22813'::integer) AND (t.a <= '-18718'::integer))
   Index Searches: 1
   Buffers: shared hit=30105
 Settings: enable_bitmapscan = 'off', enable_seqscan = 'off', max_parallel_workers_per_gather = '0'
 Planning:
   Buffers: shared hit=105
 Planning Time: 0.386 ms
 Execution Time: 43.799 ms
(10 rows)

