SET
SET
SET
SET
SET
                                                                    QUERY PLAN                                                                     
---------------------------------------------------------------------------------------------------------------------------------------------------
 Index Scan using idx on public.t (actual rows=8048576.00 loops=1)
   Output: a, b
   Index Cond: ((t.a >= '-268756'::integer) AND (t.a <= '-17239'::integer))
   Index Searches: 1
   Prefetch: distance=263.549 count=1880932 stalls=1 skipped=6205998 resets=0 ungets=38546 forwarded=44010
             histogram [2,4) => 2, [4,8) => 4, [8,16) => 8, [16,32) => 9, [32,64) => 23, [64,128) => 39, [128,256) => 280302, [256,512) => 1600545
   Buffers: shared hit=1407181 read=442387
 Settings: enable_bitmapscan = 'off', enable_seqscan = 'off', max_parallel_workers_per_gather = '0'
 Planning:
   Buffers: shared hit=78 read=22
 Planning Time: 5.733 ms
 Execution Time: 4139.956 ms
(12 rows)

SET
SET
SET
SET
SET
                                             QUERY PLAN                                             
----------------------------------------------------------------------------------------------------
 Index Scan using idx on public.t (actual rows=8048576.00 loops=1)
   Output: a, b
   Index Cond: ((t.a >= '-268756'::integer) AND (t.a <= '-17239'::integer))
   Index Searches: 1
   Buffers: shared hit=1849620
 Settings: enable_bitmapscan = 'off', enable_seqscan = 'off', max_parallel_workers_per_gather = '0'
 Planning:
   Buffers: shared hit=105
 Planning Time: 0.533 ms
 Execution Time: 2297.952 ms
(10 rows)

