SET
SET
SET
SET
SET
                                                                        QUERY PLAN                                                                        
----------------------------------------------------------------------------------------------------------------------------------------------------------
 Index Scan using idx on public.t (actual rows=5048576.00 loops=1)
   Output: a, b
   Index Cond: ((t.a >= '-165658'::integer) AND (t.a <= '-7891'::integer))
   Index Searches: 1
   Prefetch: distance=262.486 count=1181930 stalls=4805 skipped=3892509 resets=0 ungets=31243 forwarded=28308
             histogram [2,4) => 147, [4,8) => 187, [8,16) => 182, [16,32) => 48, [32,64) => 60, [64,128) => 460, [128,256) => 199925, [256,512) => 980921
   Buffers: shared hit=871720 read=288394
 Settings: enable_bitmapscan = 'off', enable_seqscan = 'off', max_parallel_workers_per_gather = '0'
 Planning:
   Buffers: shared hit=78 read=22
 Planning Time: 5.845 ms
 Execution Time: 2684.237 ms
(12 rows)

SET
SET
SET
SET
SET
                                             QUERY PLAN                                             
----------------------------------------------------------------------------------------------------
 Index Scan using idx on public.t (actual rows=5048576.00 loops=1)
   Output: a, b
   Index Cond: ((t.a >= '-165658'::integer) AND (t.a <= '-7891'::integer))
   Index Searches: 1
   Buffers: shared hit=1160141
 Settings: enable_bitmapscan = 'off', enable_seqscan = 'off', max_parallel_workers_per_gather = '0'
 Planning:
   Buffers: shared hit=105
 Planning Time: 0.425 ms
 Execution Time: 1298.599 ms
(10 rows)

