SET
SET
SET
SET
SET
                                                                       QUERY PLAN                                                                       
--------------------------------------------------------------------------------------------------------------------------------------------------------
 Index Scan using idx on public.t (actual rows=6048576.00 loops=1)
   Output: a, b
   Index Cond: ((t.a >= '-197391'::integer) AND (t.a <= '-8374'::integer))
   Index Searches: 1
   Prefetch: distance=262.664 count=1416109 stalls=1604 skipped=4664039 resets=0 ungets=33367 forwarded=33291
             histogram [2,4) => 42, [4,8) => 63, [8,16) => 96, [16,32) => 46, [32,64) => 61, [64,128) => 461, [128,256) => 235958, [256,512) => 1179382
   Buffers: shared hit=1052639 read=337121
 Settings: enable_bitmapscan = 'off', enable_seqscan = 'off', max_parallel_workers_per_gather = '0'
 Planning:
   Buffers: shared hit=78 read=22
 Planning Time: 5.435 ms
 Execution Time: 3105.174 ms
(12 rows)

SET
SET
SET
SET
SET
                                             QUERY PLAN                                             
----------------------------------------------------------------------------------------------------
 Index Scan using idx on public.t (actual rows=6048576.00 loops=1)
   Output: a, b
   Index Cond: ((t.a >= '-197391'::integer) AND (t.a <= '-8374'::integer))
   Index Searches: 1
   Buffers: shared hit=1389795
 Settings: enable_bitmapscan = 'off', enable_seqscan = 'off', max_parallel_workers_per_gather = '0'
 Planning:
   Buffers: shared hit=105
 Planning Time: 0.487 ms
 Execution Time: 1571.166 ms
(10 rows)

