SET
SET
SET
SET
SET
                                                                     QUERY PLAN                                                                     
----------------------------------------------------------------------------------------------------------------------------------------------------
 Index Scan using idx on public.t (actual rows=7048576.00 loops=1)
   Output: a, b
   Index Cond: ((t.a >= '-237383'::integer) AND (t.a <= '-17116'::integer))
   Index Searches: 1
   Prefetch: distance=263.569 count=1649354 stalls=1 skipped=5434568 resets=0 ungets=36242 forwarded=38987
             histogram [2,4) => 2, [4,8) => 4, [8,16) => 8, [16,32) => 15, [32,64) => 24, [64,128) => 40, [128,256) => 245858, [256,512) => 1403403
   Buffers: shared hit=1225054 read=394516
 Settings: enable_bitmapscan = 'off', enable_seqscan = 'off', max_parallel_workers_per_gather = '0'
 Planning:
   Buffers: shared hit=78 read=22
 Planning Time: 5.677 ms
 Execution Time: 3696.864 ms
(12 rows)

SET
SET
SET
SET
SET
                                             QUERY PLAN                                             
----------------------------------------------------------------------------------------------------
 Index Scan using idx on public.t (actual rows=7048576.00 loops=1)
   Output: a, b
   Index Cond: ((t.a >= '-237383'::integer) AND (t.a <= '-17116'::integer))
   Index Searches: 1
   Buffers: shared hit=1619614
 Settings: enable_bitmapscan = 'off', enable_seqscan = 'off', max_parallel_workers_per_gather = '0'
 Planning:
   Buffers: shared hit=105
 Planning Time: 0.422 ms
 Execution Time: 1994.868 ms
(10 rows)

