SET
SET
SET
SET
SET
                                                                    QUERY PLAN                                                                     
---------------------------------------------------------------------------------------------------------------------------------------------------
 Index Scan using idx on public.t (actual rows=4048576.00 loops=1)
   Output: a, b
   Index Cond: ((t.a >= '-137206'::integer) AND (t.a <= '-10689'::integer))
   Index Searches: 1
   Prefetch: distance=262.987 count=955792 stalls=1 skipped=3121164 resets=0 ungets=29052 forwarded=23547
             histogram [2,4) => 2, [4,8) => 4, [8,16) => 8, [16,32) => 9, [32,64) => 24, [64,128) => 151, [128,256) => 157087, [256,512) => 798507
   Buffers: shared hit=687564 read=242930
 Settings: enable_bitmapscan = 'off', enable_seqscan = 'off', max_parallel_workers_per_gather = '0'
 Planning:
   Buffers: shared hit=78 read=22
 Planning Time: 5.682 ms
 Execution Time: 2233.795 ms
(12 rows)

SET
SET
SET
SET
SET
                                             QUERY PLAN                                             
----------------------------------------------------------------------------------------------------
 Index Scan using idx on public.t (actual rows=4048576.00 loops=1)
   Output: a, b
   Index Cond: ((t.a >= '-137206'::integer) AND (t.a <= '-10689'::integer))
   Index Searches: 1
   Buffers: shared hit=930516
 Settings: enable_bitmapscan = 'off', enable_seqscan = 'off', max_parallel_workers_per_gather = '0'
 Planning:
   Buffers: shared hit=105
 Planning Time: 0.422 ms
 Execution Time: 1227.605 ms
(10 rows)

