SET
SET
SET
SET
SET
                                                                   QUERY PLAN                                                                    
-------------------------------------------------------------------------------------------------------------------------------------------------
 Index Scan using idx on public.t (actual rows=2048576.00 loops=1)
   Output: a, b
   Index Cond: ((t.a >= '-87335'::integer) AND (t.a <= '-23318'::integer))
   Index Searches: 1
   Prefetch: distance=265.173 count=494014 stalls=1 skipped=1578824 resets=0 ungets=25062 forwarded=14267
             histogram [2,4) => 2, [4,8) => 4, [8,16) => 8, [16,32) => 9, [32,64) => 23, [64,128) => 39, [128,256) => 57667, [256,512) => 436262
   Buffers: shared hit=314210 read=156741
 Settings: enable_bitmapscan = 'off', enable_seqscan = 'off', max_parallel_workers_per_gather = '0'
 Planning:
   Buffers: shared hit=78 read=22
 Planning Time: 5.636 ms
 Execution Time: 1292.656 ms
(12 rows)

SET
SET
SET
SET
SET
                                             QUERY PLAN                                             
----------------------------------------------------------------------------------------------------
 Index Scan using idx on public.t (actual rows=2048576.00 loops=1)
   Output: a, b
   Index Cond: ((t.a >= '-87335'::integer) AND (t.a <= '-23318'::integer))
   Index Searches: 1
   Buffers: shared hit=470967
 Settings: enable_bitmapscan = 'off', enable_seqscan = 'off', max_parallel_workers_per_gather = '0'
 Planning:
   Buffers: shared hit=105
 Planning Time: 0.435 ms
 Execution Time: 621.289 ms
(10 rows)

