SET
SET
SET
SET
SET
                                                                    QUERY PLAN                                                                     
---------------------------------------------------------------------------------------------------------------------------------------------------
 Index Scan using idx on public.t (actual rows=9048576.00 loops=1)
   Output: a, b
   Index Cond: ((t.a >= '-301227'::integer) AND (t.a <= '-18460'::integer))
   Index Searches: 1
   Prefetch: distance=263.440 count=2107419 stalls=1 skipped=6976538 resets=0 ungets=36405 forwarded=48487
             histogram [2,4) => 2, [4,8) => 4, [8,16) => 8, [16,32) => 9, [32,64) => 24, [64,128) => 39, [128,256) => 317277, [256,512) => 1790056
   Buffers: shared hit=1604496 read=474775
 Settings: enable_bitmapscan = 'off', enable_seqscan = 'off', max_parallel_workers_per_gather = '0'
 Planning:
   Buffers: shared hit=78 read=22
 Planning Time: 5.564 ms
 Execution Time: 4574.890 ms
(12 rows)

SET
SET
SET
SET
SET
                                             QUERY PLAN                                             
----------------------------------------------------------------------------------------------------
 Index Scan using idx on public.t (actual rows=9048576.00 loops=1)
   Output: a, b
   Index Cond: ((t.a >= '-301227'::integer) AND (t.a <= '-18460'::integer))
   Index Searches: 1
   Buffers: shared hit=2079330
 Settings: enable_bitmapscan = 'off', enable_seqscan = 'off', max_parallel_workers_per_gather = '0'
 Planning:
   Buffers: shared hit=105
 Planning Time: 0.435 ms
 Execution Time: 2590.447 ms
(10 rows)

