SET
SET
SET
SET
SET
                                                                 QUERY PLAN                                                                 
--------------------------------------------------------------------------------------------------------------------------------------------
 Index Scan using idx on public.t (actual rows=8192.00 loops=1)
   Output: a, b
   Index Cond: ((t.a >= '-31681'::integer) AND (t.a <= '-31426'::integer))
   Index Searches: 1
   Prefetch: distance=257.023 count=1939 stalls=1 skipped=5797 resets=0 ungets=216 forwarded=2
             histogram [2,4) => 2, [4,8) => 4, [8,16) => 7, [16,32) => 9, [32,64) => 24, [64,128) => 39, [128,256) => 64, [256,512) => 1790
   Buffers: shared hit=12 read=1878
 Settings: enable_bitmapscan = 'off', enable_seqscan = 'off', max_parallel_workers_per_gather = '0'
 Planning:
   Buffers: shared hit=78 read=22
 Planning Time: 5.301 ms
 Execution Time: 21.326 ms
(12 rows)

SET
SET
SET
SET
SET
                                             QUERY PLAN                                             
----------------------------------------------------------------------------------------------------
 Index Scan using idx on public.t (actual rows=8192.00 loops=1)
   Output: a, b
   Index Cond: ((t.a >= '-31681'::integer) AND (t.a <= '-31426'::integer))
   Index Searches: 1
   Buffers: shared hit=1890
 Settings: enable_bitmapscan = 'off', enable_seqscan = 'off', max_parallel_workers_per_gather = '0'
 Planning:
   Buffers: shared hit=105
 Planning Time: 0.354 ms
 Execution Time: 2.503 ms
(10 rows)

