SET
SET
SET
SET
SET
                                                                 QUERY PLAN                                                                  
---------------------------------------------------------------------------------------------------------------------------------------------
 Index Scan using idx on public.t (actual rows=32768.00 loops=1)
   Output: a, b
   Index Cond: ((t.a >= '-5260'::integer) AND (t.a <= '-4237'::integer))
   Index Searches: 1
   Prefetch: distance=268.055 count=8287 stalls=1 skipped=24671 resets=0 ungets=990 forwarded=76
             histogram [2,4) => 2, [4,8) => 4, [8,16) => 8, [16,32) => 15, [32,64) => 23, [64,128) => 39, [128,256) => 64, [256,512) => 8132
   Buffers: shared hit=535 read=6977
 Settings: enable_bitmapscan = 'off', enable_seqscan = 'off', max_parallel_workers_per_gather = '0'
 Planning:
   Buffers: shared hit=82 read=26
 Planning Time: 6.752 ms
 Execution Time: 52.229 ms
(12 rows)

SET
SET
SET
SET
SET
                                             QUERY PLAN                                             
----------------------------------------------------------------------------------------------------
 Index Scan using idx on public.t (actual rows=32768.00 loops=1)
   Output: a, b
   Index Cond: ((t.a >= '-5260'::integer) AND (t.a <= '-4237'::integer))
   Index Searches: 1
   Buffers: shared hit=7513
 Settings: enable_bitmapscan = 'off', enable_seqscan = 'off', max_parallel_workers_per_gather = '0'
 Planning:
   Buffers: shared hit=113
 Planning Time: 0.414 ms
 Execution Time: 10.712 ms
(10 rows)

