SET
SET
SET
SET
SET
                                                                 QUERY PLAN                                                                  
---------------------------------------------------------------------------------------------------------------------------------------------
 Index Scan using idx on public.t (actual rows=16384.00 loops=1)
   Output: a, b
   Index Cond: ((t.a >= '-9458'::integer) AND (t.a <= '-8947'::integer))
   Index Searches: 1
   Prefetch: distance=264.611 count=4097 stalls=1 skipped=12036 resets=0 ungets=485 forwarded=73
             histogram [2,4) => 2, [4,8) => 4, [8,16) => 8, [16,32) => 14, [32,64) => 23, [64,128) => 59, [128,256) => 47, [256,512) => 3940
   Buffers: shared hit=156 read=3645
 Settings: enable_bitmapscan = 'off', enable_seqscan = 'off', max_parallel_workers_per_gather = '0'
 Planning:
   Buffers: shared hit=78 read=22
 Planning Time: 5.635 ms
 Execution Time: 34.079 ms
(12 rows)

SET
SET
SET
SET
SET
                                             QUERY PLAN                                             
----------------------------------------------------------------------------------------------------
 Index Scan using idx on public.t (actual rows=16384.00 loops=1)
   Output: a, b
   Index Cond: ((t.a >= '-9458'::integer) AND (t.a <= '-8947'::integer))
   Index Searches: 1
   Buffers: shared hit=3801
 Settings: enable_bitmapscan = 'off', enable_seqscan = 'off', max_parallel_workers_per_gather = '0'
 Planning:
   Buffers: shared hit=105
 Planning Time: 0.429 ms
 Execution Time: 4.704 ms
(10 rows)

