SET
SET
SET
SET
SET
                                                                  QUERY PLAN                                                                  
----------------------------------------------------------------------------------------------------------------------------------------------
 Index Scan using idx on public.t (actual rows=131072.00 loops=1)
   Output: a, b
   Index Cond: ((t.a >= '-28085'::integer) AND (t.a <= '-23990'::integer))
   Index Searches: 1
   Prefetch: distance=270.786 count=33880 stalls=1 skipped=100295 resets=0 ungets=4063 forwarded=634
             histogram [2,4) => 2, [4,8) => 4, [8,16) => 8, [16,32) => 16, [32,64) => 23, [64,128) => 39, [128,256) => 23, [256,512) => 33765
   Buffers: shared hit=4276 read=25873
 Settings: enable_bitmapscan = 'off', enable_seqscan = 'off', max_parallel_workers_per_gather = '0'
 Planning:
   Buffers: shared hit=78 read=22
 Planning Time: 5.448 ms
 Execution Time: 161.725 ms
(12 rows)

SET
SET
SET
SET
SET
                                             QUERY PLAN                                             
----------------------------------------------------------------------------------------------------
 Index Scan using idx on public.t (actual rows=131072.00 loops=1)
   Output: a, b
   Index Cond: ((t.a >= '-28085'::integer) AND (t.a <= '-23990'::integer))
   Index Searches: 1
   Buffers: shared hit=30158
 Settings: enable_bitmapscan = 'off', enable_seqscan = 'off', max_parallel_workers_per_gather = '0'
 Planning:
   Buffers: shared hit=105
 Planning Time: 0.373 ms
 Execution Time: 44.835 ms
(10 rows)

