SET
SET
SET
SET
SET
                                                                        QUERY PLAN                                                                        
----------------------------------------------------------------------------------------------------------------------------------------------------------
 Index Scan using idx on public.t (actual rows=5048576.00 loops=1)
   Output: a, b
   Index Cond: ((t.a >= '-163863'::integer) AND (t.a <= '-6096'::integer))
   Index Searches: 1
   Prefetch: distance=262.196 count=1169878 stalls=16685 skipped=3892747 resets=0 ungets=30989 forwarded=28078
             histogram [2,4) => 482, [4,8) => 659, [8,16) => 601, [16,32) => 70, [32,64) => 60, [64,128) => 460, [128,256) => 198157, [256,512) => 969389
   Buffers: shared hit=873879 read=286230
 Settings: enable_bitmapscan = 'off', enable_seqscan = 'off', max_parallel_workers_per_gather = '0'
 Planning:
   Buffers: shared hit=78 read=22
 Planning Time: 5.425 ms
 Execution Time: 2760.050 ms
(12 rows)

SET
SET
SET
SET
SET
                                             QUERY PLAN                                             
----------------------------------------------------------------------------------------------------
 Index Scan using idx on public.t (actual rows=5048576.00 loops=1)
   Output: a, b
   Index Cond: ((t.a >= '-163863'::integer) AND (t.a <= '-6096'::integer))
   Index Searches: 1
   Buffers: shared hit=1160142
 Settings: enable_bitmapscan = 'off', enable_seqscan = 'off', max_parallel_workers_per_gather = '0'
 Planning:
   Buffers: shared hit=105
 Planning Time: 0.418 ms
 Execution Time: 1363.417 ms
(10 rows)

