SET
SET
SET
SET
SET
                                                                        QUERY PLAN                                                                        
----------------------------------------------------------------------------------------------------------------------------------------------------------
 Index Scan using idx on public.t (actual rows=2048576.00 loops=1)
   Output: a, b
   Index Cond: ((t.a >= '-68308'::integer) AND (t.a <= '-4291'::integer))
   Index Searches: 1
   Prefetch: distance=260.383 count=462977 stalls=29000 skipped=1579477 resets=0 ungets=22973 forwarded=12835
             histogram [2,4) => 714, [4,8) => 1009, [8,16) => 882, [16,32) => 86, [32,64) => 59, [64,128) => 426, [128,256) => 85829, [256,512) => 373972
   Buffers: shared hit=333103 read=137733
 Settings: enable_bitmapscan = 'off', enable_seqscan = 'off', max_parallel_workers_per_gather = '0'
 Planning:
   Buffers: shared hit=78 read=26
 Planning Time: 6.203 ms
 Execution Time: 1254.824 ms
(12 rows)

SET
SET
SET
SET
SET
                                             QUERY PLAN                                             
----------------------------------------------------------------------------------------------------
 Index Scan using idx on public.t (actual rows=2048576.00 loops=1)
   Output: a, b
   Index Cond: ((t.a >= '-68308'::integer) AND (t.a <= '-4291'::integer))
   Index Searches: 1
   Buffers: shared hit=470857
 Settings: enable_bitmapscan = 'off', enable_seqscan = 'off', max_parallel_workers_per_gather = '0'
 Planning:
   Buffers: shared hit=109
 Planning Time: 0.653 ms
 Execution Time: 643.186 ms
(10 rows)

