SET
SET
SET
SET
SET
                                                                    QUERY PLAN                                                                     
---------------------------------------------------------------------------------------------------------------------------------------------------
 Index Scan using idx on public.t (actual rows=4048576.00 loops=1)
   Output: a, b
   Index Cond: ((t.a >= '-155194'::integer) AND (t.a <= '-28677'::integer))
   Index Searches: 1
   Prefetch: distance=264.424 count=956553 stalls=1 skipped=3121329 resets=0 ungets=29914 forwarded=24283
             histogram [2,4) => 2, [4,8) => 4, [8,16) => 8, [16,32) => 15, [32,64) => 25, [64,128) => 40, [128,256) => 123265, [256,512) => 833194
   Buffers: shared hit=674054 read=256301
 Settings: enable_bitmapscan = 'off', enable_seqscan = 'off', max_parallel_workers_per_gather = '0'
 Planning:
   Buffers: shared hit=78 read=22
 Planning Time: 5.677 ms
 Execution Time: 2245.071 ms
(12 rows)

SET
SET
SET
SET
SET
                                             QUERY PLAN                                             
----------------------------------------------------------------------------------------------------
 Index Scan using idx on public.t (actual rows=4048576.00 loops=1)
   Output: a, b
   Index Cond: ((t.a >= '-155194'::integer) AND (t.a <= '-28677'::integer))
   Index Searches: 1
   Buffers: shared hit=930399
 Settings: enable_bitmapscan = 'off', enable_seqscan = 'off', max_parallel_workers_per_gather = '0'
 Planning:
   Buffers: shared hit=105
 Planning Time: 0.432 ms
 Execution Time: 1209.930 ms
(10 rows)

