SET
SET
SET
SET
SET
                                                                  QUERY PLAN                                                                  
----------------------------------------------------------------------------------------------------------------------------------------------
 Index Scan using idx on public.t (actual rows=262144.00 loops=1)
   Output: a, b
   Index Cond: ((t.a >= '-18922'::integer) AND (t.a <= '-10731'::integer))
   Index Searches: 1
   Prefetch: distance=270.065 count=67622 stalls=1 skipped=202034 resets=0 ungets=7576 forwarded=2059
             histogram [2,4) => 2, [4,8) => 4, [8,16) => 8, [16,32) => 9, [32,64) => 22, [64,128) => 39, [128,256) => 450, [256,512) => 67088
   Buffers: shared hit=18575 read=41716
 Settings: enable_bitmapscan = 'off', enable_seqscan = 'off', max_parallel_workers_per_gather = '0'
 Planning:
   Buffers: shared hit=78 read=22
 Planning Time: 5.701 ms
 Execution Time: 260.864 ms
(12 rows)

SET
SET
SET
SET
SET
                                             QUERY PLAN                                             
----------------------------------------------------------------------------------------------------
 Index Scan using idx on public.t (actual rows=262144.00 loops=1)
   Output: a, b
   Index Cond: ((t.a >= '-18922'::integer) AND (t.a <= '-10731'::integer))
   Index Searches: 1
   Buffers: shared hit=60299
 Settings: enable_bitmapscan = 'off', enable_seqscan = 'off', max_parallel_workers_per_gather = '0'
 Planning:
   Buffers: shared hit=105
 Planning Time: 0.476 ms
 Execution Time: 106.407 ms
(10 rows)

