SET
SET
SET
SET
SET
                                                                       QUERY PLAN                                                                        
---------------------------------------------------------------------------------------------------------------------------------------------------------
 Index Scan using idx on public.t (actual rows=6048576.00 loops=1)
   Output: a, b
   Index Cond: ((t.a >= '-197308'::integer) AND (t.a <= '-8291'::integer))
   Index Searches: 1
   Prefetch: distance=262.654 count=1415388 stalls=2161 skipped=4663487 resets=0 ungets=33355 forwarded=33341
             histogram [2,4) => 65, [4,8) => 85, [8,16) => 102, [16,32) => 46, [32,64) => 61, [64,128) => 461, [128,256) => 235836, [256,512) => 1178732
   Buffers: shared hit=1052767 read=337000
 Settings: enable_bitmapscan = 'off', enable_seqscan = 'off', max_parallel_workers_per_gather = '0'
 Planning:
   Buffers: shared hit=78 read=22
 Planning Time: 5.429 ms
 Execution Time: 3180.771 ms
(12 rows)

SET
SET
SET
SET
SET
                                             QUERY PLAN                                             
----------------------------------------------------------------------------------------------------
 Index Scan using idx on public.t (actual rows=6048576.00 loops=1)
   Output: a, b
   Index Cond: ((t.a >= '-197308'::integer) AND (t.a <= '-8291'::integer))
   Index Searches: 1
   Buffers: shared hit=1389803
 Settings: enable_bitmapscan = 'off', enable_seqscan = 'off', max_parallel_workers_per_gather = '0'
 Planning:
   Buffers: shared hit=105
 Planning Time: 0.421 ms
 Execution Time: 1747.200 ms
(10 rows)

