SET
SET
SET
SET
SET
                                                                     QUERY PLAN                                                                     
----------------------------------------------------------------------------------------------------------------------------------------------------
 Index Scan using idx on public.t (actual rows=7048576.00 loops=1)
   Output: a, b
   Index Cond: ((t.a >= '-251611'::integer) AND (t.a <= '-31344'::integer))
   Index Searches: 1
   Prefetch: distance=263.985 count=1650369 stalls=1 skipped=5434951 resets=0 ungets=37096 forwarded=39003
             histogram [2,4) => 2, [4,8) => 4, [8,16) => 8, [16,32) => 16, [32,64) => 23, [64,128) => 39, [128,256) => 226669, [256,512) => 1423608
   Buffers: shared hit=1216163 read=403454
 Settings: enable_bitmapscan = 'off', enable_seqscan = 'off', max_parallel_workers_per_gather = '0'
 Planning:
   Buffers: shared hit=78 read=22
 Planning Time: 5.555 ms
 Execution Time: 3764.012 ms
(12 rows)

SET
SET
SET
SET
SET
                                             QUERY PLAN                                             
----------------------------------------------------------------------------------------------------
 Index Scan using idx on public.t (actual rows=7048576.00 loops=1)
   Output: a, b
   Index Cond: ((t.a >= '-251611'::integer) AND (t.a <= '-31344'::integer))
   Index Searches: 1
   Buffers: shared hit=1619654
 Settings: enable_bitmapscan = 'off', enable_seqscan = 'off', max_parallel_workers_per_gather = '0'
 Planning:
   Buffers: shared hit=105
 Planning Time: 0.417 ms
 Execution Time: 1817.251 ms
(10 rows)

