SET
SET
SET
SET
SET
                                                                     QUERY PLAN                                                                     
----------------------------------------------------------------------------------------------------------------------------------------------------
 Index Scan using idx on public.t (actual rows=9048576.00 loops=1)
   Output: a, b
   Index Cond: ((t.a >= '-297302'::integer) AND (t.a <= '-14535'::integer))
   Index Searches: 1
   Prefetch: distance=263.307 count=2108355 stalls=1 skipped=6976606 resets=0 ungets=37249 forwarded=48341
             histogram [2,4) => 2, [4,8) => 4, [8,16) => 8, [16,32) => 15, [32,64) => 23, [64,128) => 39, [128,256) => 325245, [256,512) => 1783019
   Buffers: shared hit=1604060 read=475293
 Settings: enable_bitmapscan = 'off', enable_seqscan = 'off', max_parallel_workers_per_gather = '0'
 Planning:
   Buffers: shared hit=78 read=22
 Planning Time: 5.446 ms
 Execution Time: 4594.629 ms
(12 rows)

SET
SET
SET
SET
SET
                                             QUERY PLAN                                             
----------------------------------------------------------------------------------------------------
 Index Scan using idx on public.t (actual rows=9048576.00 loops=1)
   Output: a, b
   Index Cond: ((t.a >= '-297302'::integer) AND (t.a <= '-14535'::integer))
   Index Searches: 1
   Buffers: shared hit=2079391
 Settings: enable_bitmapscan = 'off', enable_seqscan = 'off', max_parallel_workers_per_gather = '0'
 Planning:
   Buffers: shared hit=105
 Planning Time: 0.608 ms
 Execution Time: 2858.773 ms
(10 rows)

