SET
SET
SET
SET
SET
                                                                QUERY PLAN                                                                 
-------------------------------------------------------------------------------------------------------------------------------------------
 Index Scan using idx on public.t (actual rows=2048.00 loops=1)
   Output: a, b
   Index Cond: ((t.a >= '-105'::integer) AND (t.a <= '-42'::integer))
   Index Searches: 1
   Prefetch: distance=193.213 count=380 stalls=1 skipped=1216 resets=0 ungets=28 forwarded=4
             histogram [2,4) => 2, [4,8) => 4, [8,16) => 8, [16,32) => 23, [32,64) => 53, [64,128) => 58, [128,256) => 8, [256,512) => 224
   Buffers: shared hit=19 read=455
 Settings: enable_bitmapscan = 'off', enable_seqscan = 'off', max_parallel_workers_per_gather = '0'
 Planning:
   Buffers: shared hit=82 read=26
 Planning Time: 6.434 ms
 Execution Time: 12.158 ms
(12 rows)

SET
SET
SET
SET
SET
                                             QUERY PLAN                                             
----------------------------------------------------------------------------------------------------
 Index Scan using idx on public.t (actual rows=2048.00 loops=1)
   Output: a, b
   Index Cond: ((t.a >= '-105'::integer) AND (t.a <= '-42'::integer))
   Index Searches: 1
   Buffers: shared hit=474
 Settings: enable_bitmapscan = 'off', enable_seqscan = 'off', max_parallel_workers_per_gather = '0'
 Planning:
   Buffers: shared hit=113
 Planning Time: 0.403 ms
 Execution Time: 0.923 ms
(10 rows)

