SET
SET
SET
SET
SET
                                                                 QUERY PLAN                                                                  
---------------------------------------------------------------------------------------------------------------------------------------------
 Index Scan using idx on public.t (actual rows=8192.00 loops=1)
   Output: a, b
   Index Cond: ((t.a >= '-14860'::integer) AND (t.a <= '-14605'::integer))
   Index Searches: 1
   Prefetch: distance=255.418 count=1830 stalls=1 skipped=5446 resets=0 ungets=204 forwarded=3
             histogram [2,4) => 2, [4,8) => 4, [8,16) => 8, [16,32) => 15, [32,64) => 24, [64,128) => 40, [128,256) => 59, [256,512) => 1678
   Buffers: shared hit=30 read=1869
 Settings: enable_bitmapscan = 'off', enable_seqscan = 'off', max_parallel_workers_per_gather = '0'
 Planning:
   Buffers: shared hit=78 read=22
 Planning Time: 5.246 ms
 Execution Time: 29.398 ms
(12 rows)

SET
SET
SET
SET
SET
                                             QUERY PLAN                                             
----------------------------------------------------------------------------------------------------
 Index Scan using idx on public.t (actual rows=8192.00 loops=1)
   Output: a, b
   Index Cond: ((t.a >= '-14860'::integer) AND (t.a <= '-14605'::integer))
   Index Searches: 1
   Buffers: shared hit=1899
 Settings: enable_bitmapscan = 'off', enable_seqscan = 'off', max_parallel_workers_per_gather = '0'
 Planning:
   Buffers: shared hit=105
 Planning Time: 0.345 ms
 Execution Time: 2.354 ms
(10 rows)

