SET
SET
SET
SET
SET
                                                                    QUERY PLAN                                                                    
--------------------------------------------------------------------------------------------------------------------------------------------------
 Index Scan using idx on public.t (actual rows=1048576.00 loops=1)
   Output: a, b
   Index Cond: ((t.a >= '-41245'::integer) AND (t.a <= '-8478'::integer))
   Index Searches: 1
   Prefetch: distance=265.455 count=257385 stalls=1 skipped=807731 resets=0 ungets=17500 forwarded=8124
             histogram [2,4) => 2, [4,8) => 4, [8,16) => 8, [16,32) => 16, [32,64) => 23, [64,128) => 40, [128,256) => 29241, [256,512) => 228051
   Buffers: shared hit=146761 read=94272
 Settings: enable_bitmapscan = 'off', enable_seqscan = 'off', max_parallel_workers_per_gather = '0'
 Planning:
   Buffers: shared hit=78 read=22
 Planning Time: 5.473 ms
 Execution Time: 738.586 ms
(12 rows)

SET
SET
SET
SET
SET
                                             QUERY PLAN                                             
----------------------------------------------------------------------------------------------------
 Index Scan using idx on public.t (actual rows=1048576.00 loops=1)
   Output: a, b
   Index Cond: ((t.a >= '-41245'::integer) AND (t.a <= '-8478'::integer))
   Index Searches: 1
   Buffers: shared hit=241047
 Settings: enable_bitmapscan = 'off', enable_seqscan = 'off', max_parallel_workers_per_gather = '0'
 Planning:
   Buffers: shared hit=105
 Planning Time: 0.383 ms
 Execution Time: 319.074 ms
(10 rows)

