SET
SET
SET
SET
SET
                                                                    QUERY PLAN                                                                    
--------------------------------------------------------------------------------------------------------------------------------------------------
 Index Scan using idx on public.t (actual rows=2048576.00 loops=1)
   Output: a, b
   Index Cond: ((t.a >= '-78989'::integer) AND (t.a <= '-14972'::integer))
   Index Searches: 1
   Prefetch: distance=263.936 count=493200 stalls=1 skipped=1579362 resets=0 ungets=24274 forwarded=13951
             histogram [2,4) => 2, [4,8) => 4, [8,16) => 8, [16,32) => 15, [32,64) => 23, [64,128) => 39, [128,256) => 73272, [256,512) => 419837
   Buffers: shared hit=320782 read=150018
 Settings: enable_bitmapscan = 'off', enable_seqscan = 'off', max_parallel_workers_per_gather = '0'
 Planning:
   Buffers: shared hit=78 read=22
 Planning Time: 5.560 ms
 Execution Time: 1219.778 ms
(12 rows)

SET
SET
SET
SET
SET
                                             QUERY PLAN                                             
----------------------------------------------------------------------------------------------------
 Index Scan using idx on public.t (actual rows=2048576.00 loops=1)
   Output: a, b
   Index Cond: ((t.a >= '-78989'::integer) AND (t.a <= '-14972'::integer))
   Index Searches: 1
   Buffers: shared hit=470827
 Settings: enable_bitmapscan = 'off', enable_seqscan = 'off', max_parallel_workers_per_gather = '0'
 Planning:
   Buffers: shared hit=105
 Planning Time: 0.399 ms
 Execution Time: 586.550 ms
(10 rows)

