SET
SET
SET
SET
SET
                                                                  QUERY PLAN                                                                  
----------------------------------------------------------------------------------------------------------------------------------------------
 Index Scan using idx on public.t (actual rows=131072.00 loops=1)
   Output: a, b
   Index Cond: ((t.a >= '-36127'::integer) AND (t.a <= '-32032'::integer))
   Index Searches: 1
   Prefetch: distance=270.681 count=33891 stalls=1 skipped=100534 resets=0 ungets=4057 forwarded=473
             histogram [2,4) => 2, [4,8) => 4, [8,16) => 8, [16,32) => 16, [32,64) => 23, [64,128) => 40, [128,256) => 54, [256,512) => 33744
   Buffers: shared hit=3710 read=26410
 Settings: enable_bitmapscan = 'off', enable_seqscan = 'off', max_parallel_workers_per_gather = '0'
 Planning:
   Buffers: shared hit=78 read=22
 Planning Time: 5.656 ms
 Execution Time: 163.721 ms
(12 rows)

SET
SET
SET
SET
SET
                                             QUERY PLAN                                             
----------------------------------------------------------------------------------------------------
 Index Scan using idx on public.t (actual rows=131072.00 loops=1)
   Output: a, b
   Index Cond: ((t.a >= '-36127'::integer) AND (t.a <= '-32032'::integer))
   Index Searches: 1
   Buffers: shared hit=30120
 Settings: enable_bitmapscan = 'off', enable_seqscan = 'off', max_parallel_workers_per_gather = '0'
 Planning:
   Buffers: shared hit=105
 Planning Time: 0.376 ms
 Execution Time: 44.289 ms
(10 rows)

