SET
SET
SET
SET
SET
                                                                  QUERY PLAN                                                                  
----------------------------------------------------------------------------------------------------------------------------------------------
 Index Scan using idx on public.t (actual rows=65536.00 loops=1)
   Output: a, b
   Index Cond: ((t.a >= '-7194'::integer) AND (t.a <= '-5147'::integer))
   Index Searches: 1
   Prefetch: distance=269.667 count=16724 stalls=1 skipped=49715 resets=0 ungets=1991 forwarded=252
             histogram [2,4) => 2, [4,8) => 4, [8,16) => 8, [16,32) => 15, [32,64) => 24, [64,128) => 39, [128,256) => 62, [256,512) => 16570
   Buffers: shared hit=1915 read=13135
 Settings: enable_bitmapscan = 'off', enable_seqscan = 'off', max_parallel_workers_per_gather = '0'
 Planning:
   Buffers: shared hit=78 read=26
 Planning Time: 6.178 ms
 Execution Time: 93.625 ms
(12 rows)

SET
SET
SET
SET
SET
                                             QUERY PLAN                                             
----------------------------------------------------------------------------------------------------
 Index Scan using idx on public.t (actual rows=65536.00 loops=1)
   Output: a, b
   Index Cond: ((t.a >= '-7194'::integer) AND (t.a <= '-5147'::integer))
   Index Searches: 1
   Buffers: shared hit=15051
 Settings: enable_bitmapscan = 'off', enable_seqscan = 'off', max_parallel_workers_per_gather = '0'
 Planning:
   Buffers: shared hit=109
 Planning Time: 0.404 ms
 Execution Time: 22.159 ms
(10 rows)

