SET
SET
SET
SET
SET
                                                                    QUERY PLAN                                                                     
---------------------------------------------------------------------------------------------------------------------------------------------------
 Index Scan using idx on public.t (actual rows=9048576.00 loops=1)
   Output: a, b
   Index Cond: ((t.a >= '-307012'::integer) AND (t.a <= '-24245'::integer))
   Index Searches: 1
   Prefetch: distance=263.542 count=2105543 stalls=1 skipped=6977089 resets=0 ungets=34280 forwarded=47978
             histogram [2,4) => 2, [4,8) => 4, [8,16) => 8, [16,32) => 9, [32,64) => 24, [64,128) => 41, [128,256) => 310662, [256,512) => 1794793
   Buffers: shared hit=1607333 read=472029
 Settings: enable_bitmapscan = 'off', enable_seqscan = 'off', max_parallel_workers_per_gather = '0'
 Planning:
   Buffers: shared hit=78 read=22
 Planning Time: 5.526 ms
 Execution Time: 4555.314 ms
(12 rows)

SET
SET
SET
SET
SET
                                             QUERY PLAN                                             
----------------------------------------------------------------------------------------------------
 Index Scan using idx on public.t (actual rows=9048576.00 loops=1)
   Output: a, b
   Index Cond: ((t.a >= '-307012'::integer) AND (t.a <= '-24245'::integer))
   Index Searches: 1
   Buffers: shared hit=2079399
 Settings: enable_bitmapscan = 'off', enable_seqscan = 'off', max_parallel_workers_per_gather = '0'
 Planning:
   Buffers: shared hit=105
 Planning Time: 0.414 ms
 Execution Time: 2514.710 ms
(10 rows)

