SET
SET
SET
SET
SET
                                                                         QUERY PLAN                                                                          
-------------------------------------------------------------------------------------------------------------------------------------------------------------
 Index Scan using idx on public.t (actual rows=8048576.00 loops=1)
   Output: a, b
   Index Cond: ((t.a >= '-253121'::integer) AND (t.a <= '-1604'::integer))
   Index Searches: 1
   Prefetch: distance=262.359 count=1831626 stalls=47901 skipped=6205952 resets=0 ungets=37414 forwarded=42166
             histogram [2,4) => 917, [4,8) => 1333, [8,16) => 1122, [16,32) => 97, [32,64) => 60, [64,128) => 461, [128,256) => 298331, [256,512) => 1529305
   Buffers: shared hit=1423596 read=425790
 Settings: enable_bitmapscan = 'off', enable_seqscan = 'off', max_parallel_workers_per_gather = '0'
 Planning:
   Buffers: shared hit=78 read=26
 Planning Time: 6.353 ms
 Execution Time: 4180.301 ms
(12 rows)

SET
SET
SET
SET
SET
                                             QUERY PLAN                                             
----------------------------------------------------------------------------------------------------
 Index Scan using idx on public.t (actual rows=8048576.00 loops=1)
   Output: a, b
   Index Cond: ((t.a >= '-253121'::integer) AND (t.a <= '-1604'::integer))
   Index Searches: 1
   Buffers: shared hit=1849423
 Settings: enable_bitmapscan = 'off', enable_seqscan = 'off', max_parallel_workers_per_gather = '0'
 Planning:
   Buffers: shared hit=109
 Planning Time: 0.543 ms
 Execution Time: 2321.345 ms
(10 rows)

