SET
SET
SET
SET
SET
                                                                     QUERY PLAN                                                                     
----------------------------------------------------------------------------------------------------------------------------------------------------
 Index Scan using idx on public.t (actual rows=5048576.00 loops=1)
   Output: a, b
   Index Cond: ((t.a >= '-190017'::integer) AND (t.a <= '-32250'::integer))
   Index Searches: 1
   Prefetch: distance=264.276 count=1188025 stalls=1 skipped=3892639 resets=0 ungets=32632 forwarded=29287
             histogram [2,4) => 2, [4,8) => 4, [8,16) => 8, [16,32) => 16, [32,64) => 24, [64,128) => 41, [128,256) => 155174, [256,512) => 1032756
   Buffers: shared hit=853627 read=306377
 Settings: enable_bitmapscan = 'off', enable_seqscan = 'off', max_parallel_workers_per_gather = '0'
 Planning:
   Buffers: shared hit=78 read=22
 Planning Time: 5.430 ms
 Execution Time: 2725.191 ms
(12 rows)

SET
SET
SET
SET
SET
                                             QUERY PLAN                                             
----------------------------------------------------------------------------------------------------
 Index Scan using idx on public.t (actual rows=5048576.00 loops=1)
   Output: a, b
   Index Cond: ((t.a >= '-190017'::integer) AND (t.a <= '-32250'::integer))
   Index Searches: 1
   Buffers: shared hit=1160031
 Settings: enable_bitmapscan = 'off', enable_seqscan = 'off', max_parallel_workers_per_gather = '0'
 Planning:
   Buffers: shared hit=105
 Planning Time: 0.433 ms
 Execution Time: 1505.263 ms
(10 rows)

