SET
SET
SET
SET
SET
                                                                   QUERY PLAN                                                                    
-------------------------------------------------------------------------------------------------------------------------------------------------
 Index Scan using idx on public.t (actual rows=2048576.00 loops=1)
   Output: a, b
   Index Cond: ((t.a >= '-93943'::integer) AND (t.a <= '-29926'::integer))
   Index Searches: 1
   Prefetch: distance=265.591 count=494581 stalls=1 skipped=1579013 resets=0 ungets=25594 forwarded=14345
             histogram [2,4) => 2, [4,8) => 4, [8,16) => 8, [16,32) => 9, [32,64) => 23, [64,128) => 39, [128,256) => 51151, [256,512) => 443345
   Buffers: shared hit=310779 read=160160
 Settings: enable_bitmapscan = 'off', enable_seqscan = 'off', max_parallel_workers_per_gather = '0'
 Planning:
   Buffers: shared hit=78 read=22
 Planning Time: 5.638 ms
 Execution Time: 1309.713 ms
(12 rows)

SET
SET
SET
SET
SET
                                             QUERY PLAN                                             
----------------------------------------------------------------------------------------------------
 Index Scan using idx on public.t (actual rows=2048576.00 loops=1)
   Output: a, b
   Index Cond: ((t.a >= '-93943'::integer) AND (t.a <= '-29926'::integer))
   Index Searches: 1
   Buffers: shared hit=470957
 Settings: enable_bitmapscan = 'off', enable_seqscan = 'off', max_parallel_workers_per_gather = '0'
 Planning:
   Buffers: shared hit=105
 Planning Time: 0.421 ms
 Execution Time: 576.485 ms
(10 rows)

