SET
SET
SET
SET
SET
                                                                    QUERY PLAN                                                                    
--------------------------------------------------------------------------------------------------------------------------------------------------
 Index Scan using idx on public.t (actual rows=1048576.00 loops=1)
   Output: a, b
   Index Cond: ((t.a >= '-44630'::integer) AND (t.a <= '-11863'::integer))
   Index Searches: 1
   Prefetch: distance=266.417 count=258331 stalls=1 skipped=808005 resets=0 ungets=18400 forwarded=8352
             histogram [2,4) => 2, [4,8) => 4, [8,16) => 8, [16,32) => 15, [32,64) => 23, [64,128) => 39, [128,256) => 23012, [256,512) => 235228
   Buffers: shared hit=142903 read=98108
 Settings: enable_bitmapscan = 'off', enable_seqscan = 'off', max_parallel_workers_per_gather = '0'
 Planning:
   Buffers: shared hit=78 read=22
 Planning Time: 5.818 ms
 Execution Time: 749.992 ms
(12 rows)

SET
SET
SET
SET
SET
                                             QUERY PLAN                                             
----------------------------------------------------------------------------------------------------
 Index Scan using idx on public.t (actual rows=1048576.00 loops=1)
   Output: a, b
   Index Cond: ((t.a >= '-44630'::integer) AND (t.a <= '-11863'::integer))
   Index Searches: 1
   Buffers: shared hit=241021
 Settings: enable_bitmapscan = 'off', enable_seqscan = 'off', max_parallel_workers_per_gather = '0'
 Planning:
   Buffers: shared hit=105
 Planning Time: 0.450 ms
 Execution Time: 320.046 ms
(10 rows)

