SET
SET
SET
SET
SET
                                                                     QUERY PLAN                                                                     
----------------------------------------------------------------------------------------------------------------------------------------------------
 Index Scan using idx on public.t (actual rows=6048576.00 loops=1)
   Output: a, b
   Index Cond: ((t.a >= '-205596'::integer) AND (t.a <= '-16579'::integer))
   Index Searches: 1
   Prefetch: distance=263.598 count=1417991 stalls=1 skipped=4663669 resets=0 ungets=33756 forwarded=33923
             histogram [2,4) => 2, [4,8) => 4, [8,16) => 8, [16,32) => 15, [32,64) => 23, [64,128) => 39, [128,256) => 211355, [256,512) => 1206545
   Buffers: shared hit=1044207 read=345547
 Settings: enable_bitmapscan = 'off', enable_seqscan = 'off', max_parallel_workers_per_gather = '0'
 Planning:
   Buffers: shared hit=78 read=22
 Planning Time: 5.755 ms
 Execution Time: 3182.060 ms
(12 rows)

SET
SET
SET
SET
SET
                                             QUERY PLAN                                             
----------------------------------------------------------------------------------------------------
 Index Scan using idx on public.t (actual rows=6048576.00 loops=1)
   Output: a, b
   Index Cond: ((t.a >= '-205596'::integer) AND (t.a <= '-16579'::integer))
   Index Searches: 1
   Buffers: shared hit=1389795
 Settings: enable_bitmapscan = 'off', enable_seqscan = 'off', max_parallel_workers_per_gather = '0'
 Planning:
   Buffers: shared hit=105
 Planning Time: 0.440 ms
 Execution Time: 1795.000 ms
(10 rows)

