SET
SET
SET
SET
SET
                                                                     QUERY PLAN                                                                     
----------------------------------------------------------------------------------------------------------------------------------------------------
 Index Scan using idx on public.t (actual rows=7048576.00 loops=1)
   Output: a, b
   Index Cond: ((t.a >= '-231589'::integer) AND (t.a <= '-11322'::integer))
   Index Searches: 1
   Prefetch: distance=263.173 count=1648978 stalls=1 skipped=5435056 resets=0 ungets=35746 forwarded=38516
             histogram [2,4) => 2, [4,8) => 4, [8,16) => 8, [16,32) => 9, [32,64) => 23, [64,128) => 134, [128,256) => 261145, [256,512) => 1387653
   Buffers: shared hit=1230414 read=389153
 Settings: enable_bitmapscan = 'off', enable_seqscan = 'off', max_parallel_workers_per_gather = '0'
 Planning:
   Buffers: shared hit=78 read=22
 Planning Time: 5.549 ms
 Execution Time: 3651.917 ms
(12 rows)

SET
SET
SET
SET
SET
                                             QUERY PLAN                                             
----------------------------------------------------------------------------------------------------
 Index Scan using idx on public.t (actual rows=7048576.00 loops=1)
   Output: a, b
   Index Cond: ((t.a >= '-231589'::integer) AND (t.a <= '-11322'::integer))
   Index Searches: 1
   Buffers: shared hit=1619601
 Settings: enable_bitmapscan = 'off', enable_seqscan = 'off', max_parallel_workers_per_gather = '0'
 Planning:
   Buffers: shared hit=105
 Planning Time: 0.391 ms
 Execution Time: 1820.762 ms
(10 rows)

