SET
SET
SET
SET
SET
                                                                    QUERY PLAN                                                                    
--------------------------------------------------------------------------------------------------------------------------------------------------
 Index Scan using idx on public.t (actual rows=3048576.00 loops=1)
   Output: a, b
   Index Cond: ((t.a >= '-119258'::integer) AND (t.a <= '-23991'::integer))
   Index Searches: 1
   Prefetch: distance=264.606 count=725069 stalls=1 skipped=2349877 resets=0 ungets=27266 forwarded=19170
             histogram [2,4) => 2, [4,8) => 4, [8,16) => 8, [16,32) => 15, [32,64) => 22, [64,128) => 40, [128,256) => 92437, [256,512) => 632541
   Buffers: shared hit=494923 read=205793
 Settings: enable_bitmapscan = 'off', enable_seqscan = 'off', max_parallel_workers_per_gather = '0'
 Planning:
   Buffers: shared hit=78 read=22
 Planning Time: 5.374 ms
 Execution Time: 1779.707 ms
(12 rows)

SET
SET
SET
SET
SET
                                             QUERY PLAN                                             
----------------------------------------------------------------------------------------------------
 Index Scan using idx on public.t (actual rows=3048576.00 loops=1)
   Output: a, b
   Index Cond: ((t.a >= '-119258'::integer) AND (t.a <= '-23991'::integer))
   Index Searches: 1
   Buffers: shared hit=700733
 Settings: enable_bitmapscan = 'off', enable_seqscan = 'off', max_parallel_workers_per_gather = '0'
 Planning:
   Buffers: shared hit=105
 Planning Time: 0.409 ms
 Execution Time: 889.985 ms
(10 rows)

