SET
SET
SET
SET
SET
                                                                    QUERY PLAN                                                                     
---------------------------------------------------------------------------------------------------------------------------------------------------
 Index Scan using idx on public.t (actual rows=8048576.00 loops=1)
   Output: a, b
   Index Cond: ((t.a >= '-274830'::integer) AND (t.a <= '-23313'::integer))
   Index Searches: 1
   Prefetch: distance=263.761 count=1881242 stalls=1 skipped=6205526 resets=0 ungets=38992 forwarded=44244
             histogram [2,4) => 2, [4,8) => 4, [8,16) => 8, [16,32) => 9, [32,64) => 23, [64,128) => 40, [128,256) => 269409, [256,512) => 1611747
   Buffers: shared hit=1403777 read=445808
 Settings: enable_bitmapscan = 'off', enable_seqscan = 'off', max_parallel_workers_per_gather = '0'
 Planning:
   Buffers: shared hit=78 read=22
 Planning Time: 5.568 ms
 Execution Time: 4197.337 ms
(12 rows)

SET
SET
SET
SET
SET
                                             QUERY PLAN                                             
----------------------------------------------------------------------------------------------------
 Index Scan using idx on public.t (actual rows=8048576.00 loops=1)
   Output: a, b
   Index Cond: ((t.a >= '-274830'::integer) AND (t.a <= '-23313'::integer))
   Index Searches: 1
   Buffers: shared hit=1849628
 Settings: enable_bitmapscan = 'off', enable_seqscan = 'off', max_parallel_workers_per_gather = '0'
 Planning:
   Buffers: shared hit=105
 Planning Time: 0.440 ms
 Execution Time: 2194.345 ms
(10 rows)

