SET
SET
SET
SET
SET
                                                                   QUERY PLAN                                                                    
-------------------------------------------------------------------------------------------------------------------------------------------------
 Index Scan Backward using idx on public.t (actual rows=6048576.00 loops=1)
   Output: a, b
   Index Cond: ((t.a >= '-192736'::integer) AND (t.a <= '-3719'::integer))
   Index Searches: 1
   Prefetch: distance=262.052 count=1709716 stalls=1 skipped=4663953 resets=0 ungets=325477 forwarded=1
             histogram [2,4) => 2, [4,8) => 3, [8,16) => 5, [16,32) => 9, [32,64) => 2, [64,128) => 2, [128,256) => 378271, [256,512) => 1331422
   Buffers: shared hit=1058334 read=331400
 Settings: enable_bitmapscan = 'off', enable_seqscan = 'off', max_parallel_workers_per_gather = '0'
 Planning:
   Buffers: shared hit=82 read=26
 Planning Time: 6.132 ms
 Execution Time: 6177.659 ms
(12 rows)

SET
SET
SET
SET
SET
                                             QUERY PLAN                                             
----------------------------------------------------------------------------------------------------
 Index Scan Backward using idx on public.t (actual rows=6048576.00 loops=1)
   Output: a, b
   Index Cond: ((t.a >= '-192736'::integer) AND (t.a <= '-3719'::integer))
   Index Searches: 1
   Buffers: shared hit=1389734
 Settings: enable_bitmapscan = 'off', enable_seqscan = 'off', max_parallel_workers_per_gather = '0'
 Planning:
   Buffers: shared hit=113
 Planning Time: 0.536 ms
 Execution Time: 1535.988 ms
(10 rows)

