SET
SET
SET
SET
SET
                                                                   QUERY PLAN                                                                    
-------------------------------------------------------------------------------------------------------------------------------------------------
 Index Scan Backward using idx on public.t (actual rows=9048576.00 loops=1)
   Output: a, b
   Index Cond: ((t.a >= '-291650'::integer) AND (t.a <= '-8883'::integer))
   Index Searches: 1
   Prefetch: distance=261.517 count=2535806 stalls=1 skipped=6976500 resets=0 ungets=464626 forwarded=1
             histogram [2,4) => 2, [4,8) => 3, [8,16) => 5, [16,32) => 9, [32,64) => 2, [64,128) => 2, [128,256) => 593373, [256,512) => 1942410
   Buffers: shared hit=1605465 read=474005
 Settings: enable_bitmapscan = 'off', enable_seqscan = 'off', max_parallel_workers_per_gather = '0'
 Planning:
   Buffers: shared hit=82 read=22
 Planning Time: 5.640 ms
 Execution Time: 8861.818 ms
(12 rows)

SET
SET
SET
SET
SET
                                             QUERY PLAN                                             
----------------------------------------------------------------------------------------------------
 Index Scan Backward using idx on public.t (actual rows=9048576.00 loops=1)
   Output: a, b
   Index Cond: ((t.a >= '-291650'::integer) AND (t.a <= '-8883'::integer))
   Index Searches: 1
   Buffers: shared hit=2079470
 Settings: enable_bitmapscan = 'off', enable_seqscan = 'off', max_parallel_workers_per_gather = '0'
 Planning:
   Buffers: shared hit=109
 Planning Time: 0.483 ms
 Execution Time: 2698.641 ms
(10 rows)

