SET
SET
SET
SET
SET
                                                                   QUERY PLAN                                                                    
-------------------------------------------------------------------------------------------------------------------------------------------------
 Index Scan Backward using idx on public.t (actual rows=7048576.00 loops=1)
   Output: a, b
   Index Cond: ((t.a >= '-239228'::integer) AND (t.a <= '-18961'::integer))
   Index Searches: 1
   Prefetch: distance=262.259 count=2002438 stalls=1 skipped=5434538 resets=0 ungets=389360 forwarded=1
             histogram [2,4) => 2, [4,8) => 3, [8,16) => 5, [16,32) => 9, [32,64) => 2, [64,128) => 2, [128,256) => 432241, [256,512) => 1570174
   Buffers: shared hit=1223206 read=396395
 Settings: enable_bitmapscan = 'off', enable_seqscan = 'off', max_parallel_workers_per_gather = '0'
 Planning:
   Buffers: shared hit=82 read=22
 Planning Time: 5.924 ms
 Execution Time: 7410.038 ms
(12 rows)

SET
SET
SET
SET
SET
                                             QUERY PLAN                                             
----------------------------------------------------------------------------------------------------
 Index Scan Backward using idx on public.t (actual rows=7048576.00 loops=1)
   Output: a, b
   Index Cond: ((t.a >= '-239228'::integer) AND (t.a <= '-18961'::integer))
   Index Searches: 1
   Buffers: shared hit=1619601
 Settings: enable_bitmapscan = 'off', enable_seqscan = 'off', max_parallel_workers_per_gather = '0'
 Planning:
   Buffers: shared hit=109
 Planning Time: 0.567 ms
 Execution Time: 2453.243 ms
(10 rows)

