SET
SET
SET
SET
SET
                                                                      QUERY PLAN                                                                       
-------------------------------------------------------------------------------------------------------------------------------------------------------
 Index Scan Backward using idx on public.t (actual rows=9048576.00 loops=1)
   Output: a, b
   Index Cond: ((t.a >= '-303761'::integer) AND (t.a <= '-20994'::integer))
   Index Searches: 1
   Prefetch: distance=261.336 count=2533702 stalls=165 skipped=6976698 resets=0 ungets=462852 forwarded=1
             histogram [2,4) => 10, [4,8) => 11, [8,16) => 21, [16,32) => 26, [32,64) => 61, [64,128) => 76, [128,256) => 599658, [256,512) => 1933839
   Buffers: shared hit=1605404 read=473894
 Settings: enable_bitmapscan = 'off', enable_seqscan = 'off', max_parallel_workers_per_gather = '0'
 Planning:
   Buffers: shared hit=82 read=22
 Planning Time: 5.741 ms
 Execution Time: 8978.665 ms
(12 rows)

SET
SET
SET
SET
SET
                                             QUERY PLAN                                             
----------------------------------------------------------------------------------------------------
 Index Scan Backward using idx on public.t (actual rows=9048576.00 loops=1)
   Output: a, b
   Index Cond: ((t.a >= '-303761'::integer) AND (t.a <= '-20994'::integer))
   Index Searches: 1
   Buffers: shared hit=2079298
 Settings: enable_bitmapscan = 'off', enable_seqscan = 'off', max_parallel_workers_per_gather = '0'
 Planning:
   Buffers: shared hit=109
 Planning Time: 0.428 ms
 Execution Time: 2429.002 ms
(10 rows)

