SET
SET
SET
SET
SET
                                                                       QUERY PLAN                                                                        
---------------------------------------------------------------------------------------------------------------------------------------------------------
 Index Scan Backward using idx on public.t (actual rows=9048576.00 loops=1)
   Output: a, b
   Index Cond: ((t.a >= '-304635'::integer) AND (t.a <= '-21868'::integer))
   Index Searches: 1
   Prefetch: distance=261.290 count=2532844 stalls=505 skipped=6976646 resets=0 ungets=462314 forwarded=1
             histogram [2,4) => 28, [4,8) => 41, [8,16) => 56, [16,32) => 56, [32,64) => 162, [64,128) => 110, [128,256) => 600335, [256,512) => 1932056
   Buffers: shared hit=1605747 read=473577
 Settings: enable_bitmapscan = 'off', enable_seqscan = 'off', max_parallel_workers_per_gather = '0'
 Planning:
   Buffers: shared hit=82 read=22
 Planning Time: 5.861 ms
 Execution Time: 8977.025 ms
(12 rows)

SET
SET
SET
SET
SET
                                             QUERY PLAN                                             
----------------------------------------------------------------------------------------------------
 Index Scan Backward using idx on public.t (actual rows=9048576.00 loops=1)
   Output: a, b
   Index Cond: ((t.a >= '-304635'::integer) AND (t.a <= '-21868'::integer))
   Index Searches: 1
   Buffers: shared hit=2079324
 Settings: enable_bitmapscan = 'off', enable_seqscan = 'off', max_parallel_workers_per_gather = '0'
 Planning:
   Buffers: shared hit=109
 Planning Time: 0.440 ms
 Execution Time: 2534.704 ms
(10 rows)

