SET
SET
SET
SET
SET
                                                                   QUERY PLAN                                                                    
-------------------------------------------------------------------------------------------------------------------------------------------------
 Index Scan Backward using idx on public.t (actual rows=7048576.00 loops=1)
   Output: a, b
   Index Cond: ((t.a >= '-228158'::integer) AND (t.a <= '-7891'::integer))
   Index Searches: 1
   Prefetch: distance=262.026 count=1991887 stalls=1 skipped=5435140 resets=0 ungets=378611 forwarded=1
             histogram [2,4) => 2, [4,8) => 3, [8,16) => 5, [16,32) => 9, [32,64) => 2, [64,128) => 2, [128,256) => 441480, [256,512) => 1550384
   Buffers: shared hit=1234119 read=385495
 Settings: enable_bitmapscan = 'off', enable_seqscan = 'off', max_parallel_workers_per_gather = '0'
 Planning:
   Buffers: shared hit=82 read=22
 Planning Time: 5.788 ms
 Execution Time: 7277.383 ms
(12 rows)

SET
SET
SET
SET
SET
                                             QUERY PLAN                                             
----------------------------------------------------------------------------------------------------
 Index Scan Backward using idx on public.t (actual rows=7048576.00 loops=1)
   Output: a, b
   Index Cond: ((t.a >= '-228158'::integer) AND (t.a <= '-7891'::integer))
   Index Searches: 1
   Buffers: shared hit=1619614
 Settings: enable_bitmapscan = 'off', enable_seqscan = 'off', max_parallel_workers_per_gather = '0'
 Planning:
   Buffers: shared hit=109
 Planning Time: 0.438 ms
 Execution Time: 1955.709 ms
(10 rows)

