SET
SET
SET
SET
SET
                                                                  QUERY PLAN                                                                   
-----------------------------------------------------------------------------------------------------------------------------------------------
 Index Scan using idx on public.t (actual rows=262144.00 loops=1)
   Output: a, b
   Index Cond: ((t.a >= '-23789'::integer) AND (t.a <= '-15598'::integer))
   Index Searches: 1
   Prefetch: distance=270.247 count=67630 stalls=1 skipped=202100 resets=0 ungets=7714 forwarded=1998
             histogram [2,4) => 2, [4,8) => 4, [8,16) => 8, [16,32) => 16, [32,64) => 23, [64,128) => 39, [128,256) => 203, [256,512) => 67335
   Buffers: shared hit=16806 read=43369
 Settings: enable_bitmapscan = 'off', enable_seqscan = 'off', max_parallel_workers_per_gather = '0'
 Planning:
   Buffers: shared hit=78 read=22
 Planning Time: 5.502 ms
 Execution Time: 274.027 ms
(12 rows)

SET
SET
SET
SET
SET
                                             QUERY PLAN                                             
----------------------------------------------------------------------------------------------------
 Index Scan using idx on public.t (actual rows=262144.00 loops=1)
   Output: a, b
   Index Cond: ((t.a >= '-23789'::integer) AND (t.a <= '-15598'::integer))
   Index Searches: 1
   Buffers: shared hit=60185
 Settings: enable_bitmapscan = 'off', enable_seqscan = 'off', max_parallel_workers_per_gather = '0'
 Planning:
   Buffers: shared hit=105
 Planning Time: 0.419 ms
 Execution Time: 94.729 ms
(10 rows)

