SET
SET
SET
SET
SET
                                                                  QUERY PLAN                                                                  
----------------------------------------------------------------------------------------------------------------------------------------------
 Index Scan using idx on public.t (actual rows=65536.00 loops=1)
   Output: a, b
   Index Cond: ((t.a >= '-7522'::integer) AND (t.a <= '-5475'::integer))
   Index Searches: 1
   Prefetch: distance=269.798 count=16924 stalls=1 skipped=50248 resets=0 ungets=2020 forwarded=253
             histogram [2,4) => 2, [4,8) => 4, [8,16) => 7, [16,32) => 15, [32,64) => 25, [64,128) => 39, [128,256) => 50, [256,512) => 16782
   Buffers: shared hit=1835 read=13219
 Settings: enable_bitmapscan = 'off', enable_seqscan = 'off', max_parallel_workers_per_gather = '0'
 Planning:
   Buffers: shared hit=78 read=22
 Planning Time: 5.882 ms
 Execution Time: 81.474 ms
(12 rows)

SET
SET
SET
SET
SET
                                             QUERY PLAN                                             
----------------------------------------------------------------------------------------------------
 Index Scan using idx on public.t (actual rows=65536.00 loops=1)
   Output: a, b
   Index Cond: ((t.a >= '-7522'::integer) AND (t.a <= '-5475'::integer))
   Index Searches: 1
   Buffers: shared hit=15055
 Settings: enable_bitmapscan = 'off', enable_seqscan = 'off', max_parallel_workers_per_gather = '0'
 Planning:
   Buffers: shared hit=105
 Planning Time: 0.520 ms
 Execution Time: 29.769 ms
(10 rows)

