SET
SET
SET
SET
SET
                                                                  QUERY PLAN                                                                  
----------------------------------------------------------------------------------------------------------------------------------------------
 Index Scan using idx on public.t (actual rows=131072.00 loops=1)
   Output: a, b
   Index Cond: ((t.a >= '-9516'::integer) AND (t.a <= '-5421'::integer))
   Index Searches: 1
   Prefetch: distance=270.201 count=33821 stalls=1 skipped=100830 resets=0 ungets=3931 forwarded=811
             histogram [2,4) => 2, [4,8) => 4, [8,16) => 8, [16,32) => 9, [32,64) => 23, [64,128) => 39, [128,256) => 112, [256,512) => 33624
   Buffers: shared hit=6515 read=23575
 Settings: enable_bitmapscan = 'off', enable_seqscan = 'off', max_parallel_workers_per_gather = '0'
 Planning:
   Buffers: shared hit=78 read=22
 Planning Time: 5.468 ms
 Execution Time: 147.609 ms
(12 rows)

SET
SET
SET
SET
SET
                                             QUERY PLAN                                             
----------------------------------------------------------------------------------------------------
 Index Scan using idx on public.t (actual rows=131072.00 loops=1)
   Output: a, b
   Index Cond: ((t.a >= '-9516'::integer) AND (t.a <= '-5421'::integer))
   Index Searches: 1
   Buffers: shared hit=30093
 Settings: enable_bitmapscan = 'off', enable_seqscan = 'off', max_parallel_workers_per_gather = '0'
 Planning:
   Buffers: shared hit=105
 Planning Time: 0.423 ms
 Execution Time: 38.152 ms
(10 rows)

