SET
SET
SET
SET
SET
                                                                 QUERY PLAN                                                                 
--------------------------------------------------------------------------------------------------------------------------------------------
 Index Scan using idx on public.t (actual rows=16384.00 loops=1)
   Output: a, b
   Index Cond: ((t.a >= '-31075'::integer) AND (t.a <= '-30564'::integer))
   Index Searches: 1
   Prefetch: distance=264.902 count=4161 stalls=1 skipped=12395 resets=0 ungets=492 forwarded=17
             histogram [2,4) => 2, [4,8) => 4, [8,16) => 8, [16,32) => 9, [32,64) => 23, [64,128) => 40, [128,256) => 65, [256,512) => 4010
   Buffers: shared hit=72 read=3691
 Settings: enable_bitmapscan = 'off', enable_seqscan = 'off', max_parallel_workers_per_gather = '0'
 Planning:
   Buffers: shared hit=78 read=22
 Planning Time: 5.853 ms
 Execution Time: 27.012 ms
(12 rows)

SET
SET
SET
SET
SET
                                             QUERY PLAN                                             
----------------------------------------------------------------------------------------------------
 Index Scan using idx on public.t (actual rows=16384.00 loops=1)
   Output: a, b
   Index Cond: ((t.a >= '-31075'::integer) AND (t.a <= '-30564'::integer))
   Index Searches: 1
   Buffers: shared hit=3763
 Settings: enable_bitmapscan = 'off', enable_seqscan = 'off', max_parallel_workers_per_gather = '0'
 Planning:
   Buffers: shared hit=105
 Planning Time: 0.465 ms
 Execution Time: 5.506 ms
(10 rows)

