SET
SET
SET
SET
SET
                                                                    QUERY PLAN                                                                     
---------------------------------------------------------------------------------------------------------------------------------------------------
 Index Scan using idx on public.t (actual rows=7048576.00 loops=1)
   Output: a, b
   Index Cond: ((t.a >= '-237763'::integer) AND (t.a <= '-17496'::integer))
   Index Searches: 1
   Prefetch: distance=263.603 count=1649742 stalls=1 skipped=5434703 resets=0 ungets=36605 forwarded=39424
             histogram [2,4) => 2, [4,8) => 4, [8,16) => 8, [16,32) => 9, [32,64) => 24, [64,128) => 40, [128,256) => 244726, [256,512) => 1404929
   Buffers: shared hit=1224557 read=394993
 Settings: enable_bitmapscan = 'off', enable_seqscan = 'off', max_parallel_workers_per_gather = '0'
 Planning:
   Buffers: shared hit=78 read=22
 Planning Time: 5.477 ms
 Execution Time: 4255.717 ms
(12 rows)

SET
SET
SET
SET
SET
                                             QUERY PLAN                                             
----------------------------------------------------------------------------------------------------
 Index Scan using idx on public.t (actual rows=7048576.00 loops=1)
   Output: a, b
   Index Cond: ((t.a >= '-237763'::integer) AND (t.a <= '-17496'::integer))
   Index Searches: 1
   Buffers: shared hit=1619602
 Settings: enable_bitmapscan = 'off', enable_seqscan = 'off', max_parallel_workers_per_gather = '0'
 Planning:
   Buffers: shared hit=105
 Planning Time: 0.392 ms
 Execution Time: 1767.104 ms
(10 rows)

