SET
SET
SET
SET
SET
                                                                        QUERY PLAN                                                                         
-----------------------------------------------------------------------------------------------------------------------------------------------------------
 Index Scan using idx on public.t (actual rows=8048576.00 loops=1)
   Output: a, b
   Index Cond: ((t.a >= '-256803'::integer) AND (t.a <= '-5286'::integer))
   Index Searches: 1
   Prefetch: distance=262.555 count=1857757 stalls=22228 skipped=6205733 resets=0 ungets=37877 forwarded=43129
             histogram [2,4) => 582, [4,8) => 801, [8,16) => 735, [16,32) => 76, [32,64) => 60, [64,128) => 460, [128,256) => 302180, [256,512) => 1552863
   Buffers: shared hit=1418985 read=430422
 Settings: enable_bitmapscan = 'off', enable_seqscan = 'off', max_parallel_workers_per_gather = '0'
 Planning:
   Buffers: shared hit=78 read=26
 Planning Time: 6.507 ms
 Execution Time: 4826.280 ms
(12 rows)

SET
SET
SET
SET
SET
                                             QUERY PLAN                                             
----------------------------------------------------------------------------------------------------
 Index Scan using idx on public.t (actual rows=8048576.00 loops=1)
   Output: a, b
   Index Cond: ((t.a >= '-256803'::integer) AND (t.a <= '-5286'::integer))
   Index Searches: 1
   Buffers: shared hit=1849464
 Settings: enable_bitmapscan = 'off', enable_seqscan = 'off', max_parallel_workers_per_gather = '0'
 Planning:
   Buffers: shared hit=109
 Planning Time: 0.430 ms
 Execution Time: 2436.642 ms
(10 rows)

