SET
SET
SET
SET
SET
                                                                    QUERY PLAN                                                                    
--------------------------------------------------------------------------------------------------------------------------------------------------
 Index Scan using idx on public.t (actual rows=1048576.00 loops=1)
   Output: a, b
   Index Cond: ((t.a >= '-51329'::integer) AND (t.a <= '-18562'::integer))
   Index Searches: 1
   Prefetch: distance=267.098 count=259778 stalls=1 skipped=807657 resets=0 ungets=19947 forwarded=8785
             histogram [2,4) => 2, [4,8) => 4, [8,16) => 8, [16,32) => 15, [32,64) => 24, [64,128) => 39, [128,256) => 18577, [256,512) => 241109
   Buffers: shared hit=137269 read=103736
 Settings: enable_bitmapscan = 'off', enable_seqscan = 'off', max_parallel_workers_per_gather = '0'
 Planning:
   Buffers: shared hit=78 read=22
 Planning Time: 5.438 ms
 Execution Time: 800.677 ms
(12 rows)

SET
SET
SET
SET
SET
                                             QUERY PLAN                                             
----------------------------------------------------------------------------------------------------
 Index Scan using idx on public.t (actual rows=1048576.00 loops=1)
   Output: a, b
   Index Cond: ((t.a >= '-51329'::integer) AND (t.a <= '-18562'::integer))
   Index Searches: 1
   Buffers: shared hit=241022
 Settings: enable_bitmapscan = 'off', enable_seqscan = 'off', max_parallel_workers_per_gather = '0'
 Planning:
   Buffers: shared hit=105
 Planning Time: 0.378 ms
 Execution Time: 281.087 ms
(10 rows)

