SET
SET
SET
SET
SET
                                                                    QUERY PLAN                                                                    
--------------------------------------------------------------------------------------------------------------------------------------------------
 Index Scan using idx on public.t (actual rows=2048576.00 loops=1)
   Output: a, b
   Index Cond: ((t.a >= '-85836'::integer) AND (t.a <= '-21819'::integer))
   Index Searches: 1
   Prefetch: distance=265.065 count=493876 stalls=1 skipped=1578717 resets=0 ungets=25009 forwarded=14397
             histogram [2,4) => 2, [4,8) => 4, [8,16) => 8, [16,32) => 16, [32,64) => 24, [64,128) => 40, [128,256) => 59046, [256,512) => 434736
   Buffers: shared hit=315069 read=155833
 Settings: enable_bitmapscan = 'off', enable_seqscan = 'off', max_parallel_workers_per_gather = '0'
 Planning:
   Buffers: shared hit=78 read=22
 Planning Time: 5.501 ms
 Execution Time: 1389.545 ms
(12 rows)

SET
SET
SET
SET
SET
                                             QUERY PLAN                                             
----------------------------------------------------------------------------------------------------
 Index Scan using idx on public.t (actual rows=2048576.00 loops=1)
   Output: a, b
   Index Cond: ((t.a >= '-85836'::integer) AND (t.a <= '-21819'::integer))
   Index Searches: 1
   Buffers: shared hit=470928
 Settings: enable_bitmapscan = 'off', enable_seqscan = 'off', max_parallel_workers_per_gather = '0'
 Planning:
   Buffers: shared hit=105
 Planning Time: 0.428 ms
 Execution Time: 542.188 ms
(10 rows)

