SET
SET
SET
SET
SET
                                                                  QUERY PLAN                                                                  
----------------------------------------------------------------------------------------------------------------------------------------------
 Index Scan using idx on public.t (actual rows=65536.00 loops=1)
   Output: a, b
   Index Cond: ((t.a >= '-24104'::integer) AND (t.a <= '-22057'::integer))
   Index Searches: 1
   Prefetch: distance=269.940 count=16953 stalls=1 skipped=50515 resets=0 ungets=2060 forwarded=225
             histogram [2,4) => 2, [4,8) => 4, [8,16) => 8, [16,32) => 15, [32,64) => 23, [64,128) => 39, [128,256) => 62, [256,512) => 16800
   Buffers: shared hit=1192 read=13791
 Settings: enable_bitmapscan = 'off', enable_seqscan = 'off', max_parallel_workers_per_gather = '0'
 Planning:
   Buffers: shared hit=78 read=22
 Planning Time: 5.738 ms
 Execution Time: 82.225 ms
(12 rows)

SET
SET
SET
SET
SET
                                             QUERY PLAN                                             
----------------------------------------------------------------------------------------------------
 Index Scan using idx on public.t (actual rows=65536.00 loops=1)
   Output: a, b
   Index Cond: ((t.a >= '-24104'::integer) AND (t.a <= '-22057'::integer))
   Index Searches: 1
   Buffers: shared hit=14987
 Settings: enable_bitmapscan = 'off', enable_seqscan = 'off', max_parallel_workers_per_gather = '0'
 Planning:
   Buffers: shared hit=105
 Planning Time: 0.370 ms
 Execution Time: 22.160 ms
(10 rows)

