SET
SET
SET
SET
SET
                                                                  QUERY PLAN                                                                  
----------------------------------------------------------------------------------------------------------------------------------------------
 Index Scan using idx on public.t (actual rows=8192.00 loops=1)
   Output: a, b
   Index Cond: ((t.a >= '-19210'::integer) AND (t.a <= '-18955'::integer))
   Index Searches: 1
   Prefetch: distance=256.744 count=2030 stalls=1 skipped=6075 resets=0 ungets=233 forwarded=27
             histogram [2,4) => 2, [4,8) => 4, [8,16) => 19, [16,32) => 23, [32,64) => 33, [64,128) => 59, [128,256) => 23, [256,512) => 1867
   Buffers: shared hit=25 read=1861
 Settings: enable_bitmapscan = 'off', enable_seqscan = 'off', max_parallel_workers_per_gather = '0'
 Planning:
   Buffers: shared hit=78 read=22
 Planning Time: 5.870 ms
 Execution Time: 18.393 ms
(12 rows)

SET
SET
SET
SET
SET
                                             QUERY PLAN                                             
----------------------------------------------------------------------------------------------------
 Index Scan using idx on public.t (actual rows=8192.00 loops=1)
   Output: a, b
   Index Cond: ((t.a >= '-19210'::integer) AND (t.a <= '-18955'::integer))
   Index Searches: 1
   Buffers: shared hit=1886
 Settings: enable_bitmapscan = 'off', enable_seqscan = 'off', max_parallel_workers_per_gather = '0'
 Planning:
   Buffers: shared hit=105
 Planning Time: 0.331 ms
 Execution Time: 2.340 ms
(10 rows)

