SET
SET
SET
SET
SET
                                                                 QUERY PLAN                                                                 
--------------------------------------------------------------------------------------------------------------------------------------------
 Index Scan using idx on public.t (actual rows=4096.00 loops=1)
   Output: a, b
   Index Cond: ((t.a >= '-31696'::integer) AND (t.a <= '-31569'::integer))
   Index Searches: 1
   Prefetch: distance=243.501 count=1035 stalls=1 skipped=3136 resets=0 ungets=107 forwarded=1
             histogram [2,4) => 2, [4,8) => 4, [8,16) => 8, [16,32) => 15, [32,64) => 23, [64,128) => 38, [128,256) => 58, [256,512) => 887
   Buffers: shared hit=7 read=938
 Settings: enable_bitmapscan = 'off', enable_seqscan = 'off', max_parallel_workers_per_gather = '0'
 Planning:
   Buffers: shared hit=78 read=22
 Planning Time: 8.382 ms
 Execution Time: 9.125 ms
(12 rows)

SET
SET
SET
SET
SET
                                             QUERY PLAN                                             
----------------------------------------------------------------------------------------------------
 Index Scan using idx on public.t (actual rows=4096.00 loops=1)
   Output: a, b
   Index Cond: ((t.a >= '-31696'::integer) AND (t.a <= '-31569'::integer))
   Index Searches: 1
   Buffers: shared hit=945
 Settings: enable_bitmapscan = 'off', enable_seqscan = 'off', max_parallel_workers_per_gather = '0'
 Planning:
   Buffers: shared hit=105
 Planning Time: 0.313 ms
 Execution Time: 1.284 ms
(10 rows)

