SET
SET
SET
SET
SET
                                                                        QUERY PLAN                                                                         
-----------------------------------------------------------------------------------------------------------------------------------------------------------
 Index Scan using idx on public.t (actual rows=2048576.00 loops=1)
   Output: a, b
   Index Cond: ((t.a >= '-67221'::integer) AND (t.a <= '-3204'::integer))
   Index Searches: 1
   Prefetch: distance=260.176 count=455468 stalls=36571 skipped=1579528 resets=0 ungets=23022 forwarded=12794
             histogram [2,4) => 814, [4,8) => 1149, [8,16) => 1011, [16,32) => 98, [32,64) => 60, [64,128) => 432, [128,256) => 84021, [256,512) => 367883
   Buffers: shared hit=334509 read=136327
 Settings: enable_bitmapscan = 'off', enable_seqscan = 'off', max_parallel_workers_per_gather = '0'
 Planning:
   Buffers: shared hit=78 read=26
 Planning Time: 6.236 ms
 Execution Time: 1315.985 ms
(12 rows)

SET
SET
SET
SET
SET
                                             QUERY PLAN                                             
----------------------------------------------------------------------------------------------------
 Index Scan using idx on public.t (actual rows=2048576.00 loops=1)
   Output: a, b
   Index Cond: ((t.a >= '-67221'::integer) AND (t.a <= '-3204'::integer))
   Index Searches: 1
   Buffers: shared hit=470859
 Settings: enable_bitmapscan = 'off', enable_seqscan = 'off', max_parallel_workers_per_gather = '0'
 Planning:
   Buffers: shared hit=109
 Planning Time: 0.431 ms
 Execution Time: 517.327 ms
(10 rows)

