SET
SET
SET
SET
SET
                                                                     QUERY PLAN                                                                      
-----------------------------------------------------------------------------------------------------------------------------------------------------
 Index Scan using idx on public.t (actual rows=8048576.00 loops=1)
   Output: a, b
   Index Cond: ((t.a >= '-261506'::integer) AND (t.a <= '-9989'::integer))
   Index Searches: 1
   Prefetch: distance=263.043 count=1880687 stalls=1 skipped=6206204 resets=0 ungets=38347 forwarded=43973
             histogram [2,4) => 2, [4,8) => 4, [8,16) => 8, [16,32) => 16, [32,64) => 25, [64,128) => 227, [128,256) => 300681, [256,512) => 1579724
   Buffers: shared hit=1413219 read=436267
 Settings: enable_bitmapscan = 'off', enable_seqscan = 'off', max_parallel_workers_per_gather = '0'
 Planning:
   Buffers: shared hit=78 read=22
 Planning Time: 5.606 ms
 Execution Time: 4749.378 ms
(12 rows)

SET
SET
SET
SET
SET
                                             QUERY PLAN                                             
----------------------------------------------------------------------------------------------------
 Index Scan using idx on public.t (actual rows=8048576.00 loops=1)
   Output: a, b
   Index Cond: ((t.a >= '-261506'::integer) AND (t.a <= '-9989'::integer))
   Index Searches: 1
   Buffers: shared hit=1849540
 Settings: enable_bitmapscan = 'off', enable_seqscan = 'off', max_parallel_workers_per_gather = '0'
 Planning:
   Buffers: shared hit=105
 Planning Time: 0.435 ms
 Execution Time: 2574.643 ms
(10 rows)

