SET
SET
SET
SET
SET
                                                                        QUERY PLAN                                                                        
----------------------------------------------------------------------------------------------------------------------------------------------------------
 Index Scan using idx on public.t (actual rows=1048576.00 loops=1)
   Output: a, b
   Index Cond: ((t.a >= '-36171'::integer) AND (t.a <= '-3404'::integer))
   Index Searches: 1
   Prefetch: distance=263.150 count=243926 stalls=12162 skipped=807854 resets=0 ungets=16357 forwarded=7644
             histogram [2,4) => 411, [4,8) => 604, [8,16) => 333, [16,32) => 59, [32,64) => 213, [64,128) => 275, [128,256) => 30080, [256,512) => 211951
   Buffers: shared hit=152491 read=88396
 Settings: enable_bitmapscan = 'off', enable_seqscan = 'off', max_parallel_workers_per_gather = '0'
 Planning:
   Buffers: shared hit=78 read=26
 Planning Time: 6.290 ms
 Execution Time: 773.205 ms
(12 rows)

SET
SET
SET
SET
SET
                                             QUERY PLAN                                             
----------------------------------------------------------------------------------------------------
 Index Scan using idx on public.t (actual rows=1048576.00 loops=1)
   Output: a, b
   Index Cond: ((t.a >= '-36171'::integer) AND (t.a <= '-3404'::integer))
   Index Searches: 1
   Buffers: shared hit=240897
 Settings: enable_bitmapscan = 'off', enable_seqscan = 'off', max_parallel_workers_per_gather = '0'
 Planning:
   Buffers: shared hit=109
 Planning Time: 0.481 ms
 Execution Time: 336.897 ms
(10 rows)

