SET
SET
SET
SET
SET
                                                                   QUERY PLAN                                                                   
------------------------------------------------------------------------------------------------------------------------------------------------
 Index Scan using idx on public.t (actual rows=524288.00 loops=1)
   Output: a, b
   Index Cond: ((t.a >= '-44987'::integer) AND (t.a <= '-28604'::integer))
   Index Searches: 1
   Prefetch: distance=269.654 count=134263 stalls=1 skipped=403534 resets=0 ungets=14373 forwarded=4392
             histogram [2,4) => 2, [4,8) => 4, [8,16) => 8, [16,32) => 9, [32,64) => 24, [64,128) => 40, [128,256) => 1853, [256,512) => 132323
   Buffers: shared hit=46038 read=74515
 Settings: enable_bitmapscan = 'off', enable_seqscan = 'off', max_parallel_workers_per_gather = '0'
 Planning:
   Buffers: shared hit=78 read=22
 Planning Time: 5.819 ms
 Execution Time: 514.159 ms
(12 rows)

SET
SET
SET
SET
SET
                                             QUERY PLAN                                             
----------------------------------------------------------------------------------------------------
 Index Scan using idx on public.t (actual rows=524288.00 loops=1)
   Output: a, b
   Index Cond: ((t.a >= '-44987'::integer) AND (t.a <= '-28604'::integer))
   Index Searches: 1
   Buffers: shared hit=120560
 Settings: enable_bitmapscan = 'off', enable_seqscan = 'off', max_parallel_workers_per_gather = '0'
 Planning:
   Buffers: shared hit=105
 Planning Time: 0.474 ms
 Execution Time: 156.472 ms
(10 rows)

