SET
SET
SET
SET
SET
                                                                  QUERY PLAN                                                                  
----------------------------------------------------------------------------------------------------------------------------------------------
 Index Scan using idx on public.t (actual rows=131072.00 loops=1)
   Output: a, b
   Index Cond: ((t.a >= '-25351'::integer) AND (t.a <= '-21256'::integer))
   Index Searches: 1
   Prefetch: distance=270.499 count=33757 stalls=1 skipped=100507 resets=0 ungets=4024 forwarded=671
             histogram [2,4) => 2, [4,8) => 4, [8,16) => 8, [16,32) => 16, [32,64) => 24, [64,128) => 39, [128,256) => 77, [256,512) => 33587
   Buffers: shared hit=4551 read=25479
 Settings: enable_bitmapscan = 'off', enable_seqscan = 'off', max_parallel_workers_per_gather = '0'
 Planning:
   Buffers: shared hit=78 read=22
 Planning Time: 5.503 ms
 Execution Time: 162.691 ms
(12 rows)

SET
SET
SET
SET
SET
                                             QUERY PLAN                                             
----------------------------------------------------------------------------------------------------
 Index Scan using idx on public.t (actual rows=131072.00 loops=1)
   Output: a, b
   Index Cond: ((t.a >= '-25351'::integer) AND (t.a <= '-21256'::integer))
   Index Searches: 1
   Buffers: shared hit=30041
 Settings: enable_bitmapscan = 'off', enable_seqscan = 'off', max_parallel_workers_per_gather = '0'
 Planning:
   Buffers: shared hit=105
 Planning Time: 0.389 ms
 Execution Time: 43.555 ms
(10 rows)

