SET
SET
SET
SET
SET
                                                                    QUERY PLAN                                                                    
--------------------------------------------------------------------------------------------------------------------------------------------------
 Index Scan using idx on public.t (actual rows=1048576.00 loops=1)
   Output: a, b
   Index Cond: ((t.a >= '-54709'::integer) AND (t.a <= '-21942'::integer))
   Index Searches: 1
   Prefetch: distance=267.380 count=260674 stalls=1 skipped=808005 resets=0 ungets=20711 forwarded=8990
             histogram [2,4) => 2, [4,8) => 4, [8,16) => 8, [16,32) => 15, [32,64) => 24, [64,128) => 40, [128,256) => 16518, [256,512) => 244063
   Buffers: shared hit=134750 read=106282
 Settings: enable_bitmapscan = 'off', enable_seqscan = 'off', max_parallel_workers_per_gather = '0'
 Planning:
   Buffers: shared hit=78 read=22
 Planning Time: 5.570 ms
 Execution Time: 843.178 ms
(12 rows)

SET
SET
SET
SET
SET
                                             QUERY PLAN                                             
----------------------------------------------------------------------------------------------------
 Index Scan using idx on public.t (actual rows=1048576.00 loops=1)
   Output: a, b
   Index Cond: ((t.a >= '-54709'::integer) AND (t.a <= '-21942'::integer))
   Index Searches: 1
   Buffers: shared hit=241043
 Settings: enable_bitmapscan = 'off', enable_seqscan = 'off', max_parallel_workers_per_gather = '0'
 Planning:
   Buffers: shared hit=105
 Planning Time: 0.554 ms
 Execution Time: 342.905 ms
(10 rows)

