SET
SET
SET
SET
SET
                                                                    QUERY PLAN                                                                     
---------------------------------------------------------------------------------------------------------------------------------------------------
 Index Scan using idx on public.t (actual rows=4048576.00 loops=1)
   Output: a, b
   Index Cond: ((t.a >= '-155584'::integer) AND (t.a <= '-29067'::integer))
   Index Searches: 1
   Prefetch: distance=264.445 count=956716 stalls=1 skipped=3121195 resets=0 ungets=30103 forwarded=24477
             histogram [2,4) => 2, [4,8) => 4, [8,16) => 8, [16,32) => 15, [32,64) => 24, [64,128) => 40, [128,256) => 122748, [256,512) => 833875
   Buffers: shared hit=673829 read=256554
 Settings: enable_bitmapscan = 'off', enable_seqscan = 'off', max_parallel_workers_per_gather = '0'
 Planning:
   Buffers: shared hit=78 read=22
 Planning Time: 5.514 ms
 Execution Time: 2605.830 ms
(12 rows)

SET
SET
SET
SET
SET
                                             QUERY PLAN                                             
----------------------------------------------------------------------------------------------------
 Index Scan using idx on public.t (actual rows=4048576.00 loops=1)
   Output: a, b
   Index Cond: ((t.a >= '-155584'::integer) AND (t.a <= '-29067'::integer))
   Index Searches: 1
   Buffers: shared hit=930406
 Settings: enable_bitmapscan = 'off', enable_seqscan = 'off', max_parallel_workers_per_gather = '0'
 Planning:
   Buffers: shared hit=105
 Planning Time: 0.403 ms
 Execution Time: 1265.278 ms
(10 rows)

