SET
SET
SET
SET
SET
                                                                   QUERY PLAN                                                                    
-------------------------------------------------------------------------------------------------------------------------------------------------
 Index Scan using idx on public.t (actual rows=524288.00 loops=1)
   Output: a, b
   Index Cond: ((t.a >= '-44286'::integer) AND (t.a <= '-27903'::integer))
   Index Searches: 1
   Prefetch: distance=269.600 count=134214 stalls=1 skipped=403575 resets=0 ungets=14333 forwarded=4408
             histogram [2,4) => 2, [4,8) => 4, [8,16) => 8, [16,32) => 15, [32,64) => 23, [64,128) => 40, [128,256) => 2034, [256,512) => 132088
   Buffers: shared hit=46286 read=74252
 Settings: enable_bitmapscan = 'off', enable_seqscan = 'off', max_parallel_workers_per_gather = '0'
 Planning:
   Buffers: shared hit=78 read=22
 Planning Time: 5.597 ms
 Execution Time: 510.716 ms
(12 rows)

SET
SET
SET
SET
SET
                                             QUERY PLAN                                             
----------------------------------------------------------------------------------------------------
 Index Scan using idx on public.t (actual rows=524288.00 loops=1)
   Output: a, b
   Index Cond: ((t.a >= '-44286'::integer) AND (t.a <= '-27903'::integer))
   Index Searches: 1
   Buffers: shared hit=120550
 Settings: enable_bitmapscan = 'off', enable_seqscan = 'off', max_parallel_workers_per_gather = '0'
 Planning:
   Buffers: shared hit=105
 Planning Time: 0.370 ms
 Execution Time: 150.725 ms
(10 rows)

