SET
SET
SET
SET
SET
                                                                     QUERY PLAN                                                                      
-----------------------------------------------------------------------------------------------------------------------------------------------------
 Index Scan using idx on public.t (actual rows=6048576.00 loops=1)
   Output: a, b
   Index Cond: ((t.a >= '-198750'::integer) AND (t.a <= '-9733'::integer))
   Index Searches: 1
   Prefetch: distance=262.921 count=1417866 stalls=1 skipped=4663318 resets=0 ungets=33728 forwarded=33906
             histogram [2,4) => 2, [4,8) => 4, [8,16) => 8, [16,32) => 14, [32,64) => 24, [64,128) => 228, [128,256) => 231620, [256,512) => 1185966
   Buffers: shared hit=1051053 read=338703
 Settings: enable_bitmapscan = 'off', enable_seqscan = 'off', max_parallel_workers_per_gather = '0'
 Planning:
   Buffers: shared hit=78 read=22
 Planning Time: 5.576 ms
 Execution Time: 3779.813 ms
(12 rows)

SET
SET
SET
SET
SET
                                             QUERY PLAN                                             
----------------------------------------------------------------------------------------------------
 Index Scan using idx on public.t (actual rows=6048576.00 loops=1)
   Output: a, b
   Index Cond: ((t.a >= '-198750'::integer) AND (t.a <= '-9733'::integer))
   Index Searches: 1
   Buffers: shared hit=1389800
 Settings: enable_bitmapscan = 'off', enable_seqscan = 'off', max_parallel_workers_per_gather = '0'
 Planning:
   Buffers: shared hit=105
 Planning Time: 0.434 ms
 Execution Time: 1592.239 ms
(10 rows)

