SET
SET
SET
SET
SET
                                                                    QUERY PLAN                                                                     
---------------------------------------------------------------------------------------------------------------------------------------------------
 Index Scan using idx on public.t (actual rows=3048576.00 loops=1)
   Output: a, b
   Index Cond: ((t.a >= '-110791'::integer) AND (t.a <= '-15524'::integer))
   Index Searches: 1
   Prefetch: distance=263.794 count=724863 stalls=1 skipped=2349849 resets=0 ungets=27128 forwarded=19238
             histogram [2,4) => 2, [4,8) => 4, [8,16) => 7, [16,32) => 16, [32,64) => 23, [64,128) => 39, [128,256) => 107943, [256,512) => 616829
   Buffers: shared hit=501209 read=199466
 Settings: enable_bitmapscan = 'off', enable_seqscan = 'off', max_parallel_workers_per_gather = '0'
 Planning:
   Buffers: shared hit=78 read=22
 Planning Time: 5.482 ms
 Execution Time: 1920.693 ms
(12 rows)

SET
SET
SET
SET
SET
                                             QUERY PLAN                                             
----------------------------------------------------------------------------------------------------
 Index Scan using idx on public.t (actual rows=3048576.00 loops=1)
   Output: a, b
   Index Cond: ((t.a >= '-110791'::integer) AND (t.a <= '-15524'::integer))
   Index Searches: 1
   Buffers: shared hit=700696
 Settings: enable_bitmapscan = 'off', enable_seqscan = 'off', max_parallel_workers_per_gather = '0'
 Planning:
   Buffers: shared hit=105
 Planning Time: 0.392 ms
 Execution Time: 778.410 ms
(10 rows)

