SET
SET
SET
SET
SET
                                                                  QUERY PLAN                                                                  
----------------------------------------------------------------------------------------------------------------------------------------------
 Index Scan using idx on public.t (actual rows=65536.00 loops=1)
   Output: a, b
   Index Cond: ((t.a >= '-24787'::integer) AND (t.a <= '-22740'::integer))
   Index Searches: 1
   Prefetch: distance=269.874 count=16799 stalls=1 skipped=50057 resets=0 ungets=2024 forwarded=214
             histogram [2,4) => 2, [4,8) => 4, [8,16) => 8, [16,32) => 16, [32,64) => 24, [64,128) => 40, [128,256) => 63, [256,512) => 16642
   Buffers: shared hit=1216 read=13774
 Settings: enable_bitmapscan = 'off', enable_seqscan = 'off', max_parallel_workers_per_gather = '0'
 Planning:
   Buffers: shared hit=78 read=22
 Planning Time: 5.917 ms
 Execution Time: 88.451 ms
(12 rows)

SET
SET
SET
SET
SET
                                             QUERY PLAN                                             
----------------------------------------------------------------------------------------------------
 Index Scan using idx on public.t (actual rows=65536.00 loops=1)
   Output: a, b
   Index Cond: ((t.a >= '-24787'::integer) AND (t.a <= '-22740'::integer))
   Index Searches: 1
   Buffers: shared hit=14997
 Settings: enable_bitmapscan = 'off', enable_seqscan = 'off', max_parallel_workers_per_gather = '0'
 Planning:
   Buffers: shared hit=105
 Planning Time: 0.393 ms
 Execution Time: 22.144 ms
(10 rows)

