SET
SET
SET
SET
SET
                                                                    QUERY PLAN                                                                    
--------------------------------------------------------------------------------------------------------------------------------------------------
 Index Scan using idx on public.t (actual rows=2048576.00 loops=1)
   Output: a, b
   Index Cond: ((t.a >= '-87953'::integer) AND (t.a <= '-23936'::integer))
   Index Searches: 1
   Prefetch: distance=265.241 count=494273 stalls=1 skipped=1579097 resets=0 ungets=25210 forwarded=14478
             histogram [2,4) => 2, [4,8) => 4, [8,16) => 8, [16,32) => 15, [32,64) => 23, [64,128) => 40, [128,256) => 56735, [256,512) => 437446
   Buffers: shared hit=313824 read=157150
 Settings: enable_bitmapscan = 'off', enable_seqscan = 'off', max_parallel_workers_per_gather = '0'
 Planning:
   Buffers: shared hit=78 read=22
 Planning Time: 5.707 ms
 Execution Time: 1399.800 ms
(12 rows)

SET
SET
SET
SET
SET
                                             QUERY PLAN                                             
----------------------------------------------------------------------------------------------------
 Index Scan using idx on public.t (actual rows=2048576.00 loops=1)
   Output: a, b
   Index Cond: ((t.a >= '-87953'::integer) AND (t.a <= '-23936'::integer))
   Index Searches: 1
   Buffers: shared hit=470998
 Settings: enable_bitmapscan = 'off', enable_seqscan = 'off', max_parallel_workers_per_gather = '0'
 Planning:
   Buffers: shared hit=105
 Planning Time: 0.405 ms
 Execution Time: 543.119 ms
(10 rows)

