SET
SET
SET
SET
SET
                                                                     QUERY PLAN                                                                      
-----------------------------------------------------------------------------------------------------------------------------------------------------
 Index Scan using idx on public.t (actual rows=9048576.00 loops=1)
   Output: a, b
   Index Cond: ((t.a >= '-292741'::integer) AND (t.a <= '-9974'::integer))
   Index Searches: 1
   Prefetch: distance=262.995 count=2109969 stalls=1 skipped=6976807 resets=0 ungets=38712 forwarded=48891
             histogram [2,4) => 2, [4,8) => 4, [8,16) => 8, [16,32) => 15, [32,64) => 23, [64,128) => 226, [128,256) => 339092, [256,512) => 1770599
   Buffers: shared hit=1605030 read=474377
 Settings: enable_bitmapscan = 'off', enable_seqscan = 'off', max_parallel_workers_per_gather = '0'
 Planning:
   Buffers: shared hit=78 read=22
 Planning Time: 5.441 ms
 Execution Time: 5098.929 ms
(12 rows)

SET
SET
SET
SET
SET
                                             QUERY PLAN                                             
----------------------------------------------------------------------------------------------------
 Index Scan using idx on public.t (actual rows=9048576.00 loops=1)
   Output: a, b
   Index Cond: ((t.a >= '-292741'::integer) AND (t.a <= '-9974'::integer))
   Index Searches: 1
   Buffers: shared hit=2079459
 Settings: enable_bitmapscan = 'off', enable_seqscan = 'off', max_parallel_workers_per_gather = '0'
 Planning:
   Buffers: shared hit=105
 Planning Time: 0.430 ms
 Execution Time: 2850.282 ms
(10 rows)

