SET
SET
SET
SET
SET
                                                                        QUERY PLAN                                                                         
-----------------------------------------------------------------------------------------------------------------------------------------------------------
 Index Scan using idx on public.t (actual rows=8048576.00 loops=1)
   Output: a, b
   Index Cond: ((t.a >= '-256239'::integer) AND (t.a <= '-4722'::integer))
   Index Searches: 1
   Prefetch: distance=262.505 count=1854026 stalls=25983 skipped=6205854 resets=0 ungets=37894 forwarded=43046
             histogram [2,4) => 667, [4,8) => 948, [8,16) => 849, [16,32) => 91, [32,64) => 60, [64,128) => 460, [128,256) => 301472, [256,512) => 1549479
   Buffers: shared hit=1419642 read=429768
 Settings: enable_bitmapscan = 'off', enable_seqscan = 'off', max_parallel_workers_per_gather = '0'
 Planning:
   Buffers: shared hit=78 read=26
 Planning Time: 6.232 ms
 Execution Time: 4734.531 ms
(12 rows)

SET
SET
SET
SET
SET
                                             QUERY PLAN                                             
----------------------------------------------------------------------------------------------------
 Index Scan using idx on public.t (actual rows=8048576.00 loops=1)
   Output: a, b
   Index Cond: ((t.a >= '-256239'::integer) AND (t.a <= '-4722'::integer))
   Index Searches: 1
   Buffers: shared hit=1849441
 Settings: enable_bitmapscan = 'off', enable_seqscan = 'off', max_parallel_workers_per_gather = '0'
 Planning:
   Buffers: shared hit=109
 Planning Time: 0.488 ms
 Execution Time: 2496.921 ms
(10 rows)

