SET
SET
SET
SET
SET
                                                                 QUERY PLAN                                                                  
---------------------------------------------------------------------------------------------------------------------------------------------
 Index Scan using idx on public.t (actual rows=2048.00 loops=1)
   Output: a, b
   Index Cond: ((t.a >= '-19224'::integer) AND (t.a <= '-19161'::integer))
   Index Searches: 1
   Prefetch: distance=173.624 count=314 stalls=1 skipped=988 resets=0 ungets=22 forwarded=23
             histogram [2,4) => 2, [4,8) => 4, [8,16) => 19, [16,32) => 23, [32,64) => 33, [64,128) => 59, [128,256) => 23, [256,512) => 151
   Buffers: shared hit=10 read=466
 Settings: enable_bitmapscan = 'off', enable_seqscan = 'off', max_parallel_workers_per_gather = '0'
 Planning:
   Buffers: shared hit=78 read=22
 Planning Time: 5.707 ms
 Execution Time: 16.748 ms
(12 rows)

SET
SET
SET
SET
SET
                                             QUERY PLAN                                             
----------------------------------------------------------------------------------------------------
 Index Scan using idx on public.t (actual rows=2048.00 loops=1)
   Output: a, b
   Index Cond: ((t.a >= '-19224'::integer) AND (t.a <= '-19161'::integer))
   Index Searches: 1
   Buffers: shared hit=476
 Settings: enable_bitmapscan = 'off', enable_seqscan = 'off', max_parallel_workers_per_gather = '0'
 Planning:
   Buffers: shared hit=105
 Planning Time: 0.457 ms
 Execution Time: 0.787 ms
(10 rows)

