SET
SET
SET
SET
SET
                                                                   QUERY PLAN                                                                    
-------------------------------------------------------------------------------------------------------------------------------------------------
 Index Scan using idx on public.t (actual rows=3048576.00 loops=1)
   Output: a, b
   Index Cond: ((t.a >= '-119481'::integer) AND (t.a <= '-24214'::integer))
   Index Searches: 1
   Prefetch: distance=264.628 count=725401 stalls=1 skipped=2350434 resets=0 ungets=27451 forwarded=19437
             histogram [2,4) => 2, [4,8) => 4, [8,16) => 8, [16,32) => 9, [32,64) => 24, [64,128) => 33, [128,256) => 92160, [256,512) => 633161
   Buffers: shared hit=494771 read=205934
 Settings: enable_bitmapscan = 'off', enable_seqscan = 'off', max_parallel_workers_per_gather = '0'
 Planning:
   Buffers: shared hit=78 read=22
 Planning Time: 5.411 ms
 Execution Time: 2019.502 ms
(12 rows)

SET
SET
SET
SET
SET
                                             QUERY PLAN                                             
----------------------------------------------------------------------------------------------------
 Index Scan using idx on public.t (actual rows=3048576.00 loops=1)
   Output: a, b
   Index Cond: ((t.a >= '-119481'::integer) AND (t.a <= '-24214'::integer))
   Index Searches: 1
   Buffers: shared hit=700724
 Settings: enable_bitmapscan = 'off', enable_seqscan = 'off', max_parallel_workers_per_gather = '0'
 Planning:
   Buffers: shared hit=105
 Planning Time: 0.437 ms
 Execution Time: 867.691 ms
(10 rows)

