SET
SET
SET
SET
SET
                                                                  QUERY PLAN                                                                  
----------------------------------------------------------------------------------------------------------------------------------------------
 Index Scan using idx on public.t (actual rows=131072.00 loops=1)
   Output: a, b
   Index Cond: ((t.a >= '-12654'::integer) AND (t.a <= '-8559'::integer))
   Index Searches: 1
   Prefetch: distance=270.313 count=33727 stalls=1 skipped=100210 resets=0 ungets=3953 forwarded=808
             histogram [2,4) => 2, [4,8) => 4, [8,16) => 8, [16,32) => 15, [32,64) => 24, [64,128) => 41, [128,256) => 80, [256,512) => 33553
   Buffers: shared hit=5788 read=24354
 Settings: enable_bitmapscan = 'off', enable_seqscan = 'off', max_parallel_workers_per_gather = '0'
 Planning:
   Buffers: shared hit=78 read=22
 Planning Time: 5.631 ms
 Execution Time: 163.215 ms
(12 rows)

SET
SET
SET
SET
SET
                                             QUERY PLAN                                             
----------------------------------------------------------------------------------------------------
 Index Scan using idx on public.t (actual rows=131072.00 loops=1)
   Output: a, b
   Index Cond: ((t.a >= '-12654'::integer) AND (t.a <= '-8559'::integer))
   Index Searches: 1
   Buffers: shared hit=30145
 Settings: enable_bitmapscan = 'off', enable_seqscan = 'off', max_parallel_workers_per_gather = '0'
 Planning:
   Buffers: shared hit=105
 Planning Time: 0.415 ms
 Execution Time: 40.564 ms
(10 rows)

