SET
SET
SET
SET
SET
                                                                    QUERY PLAN                                                                     
---------------------------------------------------------------------------------------------------------------------------------------------------
 Index Scan using idx on public.t (actual rows=7048576.00 loops=1)
   Output: a, b
   Index Cond: ((t.a >= '-252038'::integer) AND (t.a <= '-31771'::integer))
   Index Searches: 1
   Prefetch: distance=263.988 count=1650823 stalls=1 skipped=5434724 resets=0 ungets=37547 forwarded=39589
             histogram [2,4) => 2, [4,8) => 4, [8,16) => 8, [16,32) => 9, [32,64) => 23, [64,128) => 38, [128,256) => 226862, [256,512) => 1423877
   Buffers: shared hit=1215984 read=403684
 Settings: enable_bitmapscan = 'off', enable_seqscan = 'off', max_parallel_workers_per_gather = '0'
 Planning:
   Buffers: shared hit=78 read=22
 Planning Time: 5.357 ms
 Execution Time: 4424.881 ms
(12 rows)

SET
SET
SET
SET
SET
                                             QUERY PLAN                                             
----------------------------------------------------------------------------------------------------
 Index Scan using idx on public.t (actual rows=7048576.00 loops=1)
   Output: a, b
   Index Cond: ((t.a >= '-252038'::integer) AND (t.a <= '-31771'::integer))
   Index Searches: 1
   Buffers: shared hit=1619706
 Settings: enable_bitmapscan = 'off', enable_seqscan = 'off', max_parallel_workers_per_gather = '0'
 Planning:
   Buffers: shared hit=105
 Planning Time: 0.564 ms
 Execution Time: 2213.919 ms
(10 rows)

