SET
SET
SET
SET
SET
                                                                         QUERY PLAN                                                                          
-------------------------------------------------------------------------------------------------------------------------------------------------------------
 Index Scan using idx on public.t (actual rows=9048576.00 loops=1)
   Output: a, b
   Index Cond: ((t.a >= '-284327'::integer) AND (t.a <= '-1560'::integer))
   Index Searches: 1
   Prefetch: distance=262.425 count=2062783 stalls=48224 skipped=6977208 resets=0 ungets=39702 forwarded=47973
             histogram [2,4) => 917, [4,8) => 1333, [8,16) => 1122, [16,32) => 97, [32,64) => 60, [64,128) => 460, [128,256) => 335538, [256,512) => 1723256
   Buffers: shared hit=1610492 read=468873
 Settings: enable_bitmapscan = 'off', enable_seqscan = 'off', max_parallel_workers_per_gather = '0'
 Planning:
   Buffers: shared hit=78 read=26
 Planning Time: 6.405 ms
 Execution Time: 5131.663 ms
(12 rows)

SET
SET
SET
SET
SET
                                             QUERY PLAN                                             
----------------------------------------------------------------------------------------------------
 Index Scan using idx on public.t (actual rows=9048576.00 loops=1)
   Output: a, b
   Index Cond: ((t.a >= '-284327'::integer) AND (t.a <= '-1560'::integer))
   Index Searches: 1
   Buffers: shared hit=2079406
 Settings: enable_bitmapscan = 'off', enable_seqscan = 'off', max_parallel_workers_per_gather = '0'
 Planning:
   Buffers: shared hit=109
 Planning Time: 0.489 ms
 Execution Time: 2867.144 ms
(10 rows)

