SET
SET
SET
SET
SET
                                                                 QUERY PLAN                                                                 
--------------------------------------------------------------------------------------------------------------------------------------------
 Index Scan using idx on public.t (actual rows=2048.00 loops=1)
   Output: a, b
   Index Cond: ((t.a >= '-23385'::integer) AND (t.a <= '-23322'::integer))
   Index Searches: 1
   Prefetch: distance=187.202 count=342 stalls=1 skipped=1091 resets=0 ungets=25 forwarded=2
             histogram [2,4) => 2, [4,8) => 4, [8,16) => 8, [16,32) => 16, [32,64) => 23, [64,128) => 39, [128,256) => 51, [256,512) => 199
   Buffers: shared hit=14 read=458
 Settings: enable_bitmapscan = 'off', enable_seqscan = 'off', max_parallel_workers_per_gather = '0'
 Planning:
   Buffers: shared hit=78 read=22
 Planning Time: 5.994 ms
 Execution Time: 14.623 ms
(12 rows)

SET
SET
SET
SET
SET
                                             QUERY PLAN                                             
----------------------------------------------------------------------------------------------------
 Index Scan using idx on public.t (actual rows=2048.00 loops=1)
   Output: a, b
   Index Cond: ((t.a >= '-23385'::integer) AND (t.a <= '-23322'::integer))
   Index Searches: 1
   Buffers: shared hit=472
 Settings: enable_bitmapscan = 'off', enable_seqscan = 'off', max_parallel_workers_per_gather = '0'
 Planning:
   Buffers: shared hit=105
 Planning Time: 0.332 ms
 Execution Time: 0.901 ms
(10 rows)

