SET
SET
SET
SET
SET
                                                                QUERY PLAN                                                                 
-------------------------------------------------------------------------------------------------------------------------------------------
 Index Scan using idx on public.t (actual rows=4096.00 loops=1)
   Output: a, b
   Index Cond: ((t.a >= '-30137'::integer) AND (t.a <= '-30010'::integer))
   Index Searches: 1
   Prefetch: distance=240.957 count=899 stalls=1 skipped=2746 resets=0 ungets=93 forwarded=0
             histogram [2,4) => 2, [4,8) => 4, [8,16) => 7, [16,32) => 9, [32,64) => 22, [64,128) => 39, [128,256) => 60, [256,512) => 756
   Buffers: shared hit=3 read=936
 Settings: enable_bitmapscan = 'off', enable_seqscan = 'off', max_parallel_workers_per_gather = '0'
 Planning:
   Buffers: shared hit=78 read=22
 Planning Time: 5.741 ms
 Execution Time: 16.069 ms
(12 rows)

SET
SET
SET
SET
SET
                                             QUERY PLAN                                             
----------------------------------------------------------------------------------------------------
 Index Scan using idx on public.t (actual rows=4096.00 loops=1)
   Output: a, b
   Index Cond: ((t.a >= '-30137'::integer) AND (t.a <= '-30010'::integer))
   Index Searches: 1
   Buffers: shared hit=939
 Settings: enable_bitmapscan = 'off', enable_seqscan = 'off', max_parallel_workers_per_gather = '0'
 Planning:
   Buffers: shared hit=105
 Planning Time: 0.334 ms
 Execution Time: 1.304 ms
(10 rows)

