SET
SET
SET
SET
SET
                                                                   QUERY PLAN                                                                    
-------------------------------------------------------------------------------------------------------------------------------------------------
 Index Scan using idx on public.t (actual rows=1048576.00 loops=1)
   Output: a, b
   Index Cond: ((t.a >= '-50237'::integer) AND (t.a <= '-17470'::integer))
   Index Searches: 1
   Prefetch: distance=267.043 count=259623 stalls=1 skipped=807831 resets=0 ungets=19742 forwarded=8867
             histogram [2,4) => 2, [4,8) => 4, [8,16) => 8, [16,32) => 9, [32,64) => 23, [64,128) => 39, [128,256) => 19141, [256,512) => 240397
   Buffers: shared hit=138149 read=102858
 Settings: enable_bitmapscan = 'off', enable_seqscan = 'off', max_parallel_workers_per_gather = '0'
 Planning:
   Buffers: shared hit=78 read=22
 Planning Time: 5.650 ms
 Execution Time: 833.581 ms
(12 rows)

SET
SET
SET
SET
SET
                                             QUERY PLAN                                             
----------------------------------------------------------------------------------------------------
 Index Scan using idx on public.t (actual rows=1048576.00 loops=1)
   Output: a, b
   Index Cond: ((t.a >= '-50237'::integer) AND (t.a <= '-17470'::integer))
   Index Searches: 1
   Buffers: shared hit=241021
 Settings: enable_bitmapscan = 'off', enable_seqscan = 'off', max_parallel_workers_per_gather = '0'
 Planning:
   Buffers: shared hit=105
 Planning Time: 0.389 ms
 Execution Time: 328.745 ms
(10 rows)

