SET
SET
SET
SET
SET
                                                                  QUERY PLAN                                                                   
-----------------------------------------------------------------------------------------------------------------------------------------------
 Index Scan using idx on public.t (actual rows=131072.00 loops=1)
   Output: a, b
   Index Cond: ((t.a >= '-5271'::integer) AND (t.a <= '-1176'::integer))
   Index Searches: 1
   Prefetch: distance=269.712 count=33733 stalls=1 skipped=101077 resets=0 ungets=3770 forwarded=876
             histogram [2,4) => 2, [4,8) => 4, [8,16) => 8, [16,32) => 15, [32,64) => 25, [64,128) => 39, [128,256) => 261, [256,512) => 33379
   Buffers: shared hit=8003 read=22084
 Settings: enable_bitmapscan = 'off', enable_seqscan = 'off', max_parallel_workers_per_gather = '0'
 Planning:
   Buffers: shared hit=82 read=26
 Planning Time: 6.501 ms
 Execution Time: 139.165 ms
(12 rows)

SET
SET
SET
SET
SET
                                             QUERY PLAN                                             
----------------------------------------------------------------------------------------------------
 Index Scan using idx on public.t (actual rows=131072.00 loops=1)
   Output: a, b
   Index Cond: ((t.a >= '-5271'::integer) AND (t.a <= '-1176'::integer))
   Index Searches: 1
   Buffers: shared hit=30092
 Settings: enable_bitmapscan = 'off', enable_seqscan = 'off', max_parallel_workers_per_gather = '0'
 Planning:
   Buffers: shared hit=113
 Planning Time: 0.438 ms
 Execution Time: 44.703 ms
(10 rows)

