SET
SET
SET
SET
SET
                                                                    QUERY PLAN                                                                     
---------------------------------------------------------------------------------------------------------------------------------------------------
 Index Scan using idx on public.t (actual rows=2048576.00 loops=1)
   Output: a, b
   Index Cond: ((t.a >= '-75279'::integer) AND (t.a <= '-11262'::integer))
   Index Searches: 1
   Prefetch: distance=263.075 count=492940 stalls=1 skipped=1579285 resets=0 ungets=23937 forwarded=13818
             histogram [2,4) => 2, [4,8) => 4, [8,16) => 7, [16,32) => 15, [32,64) => 24, [64,128) => 132, [128,256) => 82382, [256,512) => 410374
   Buffers: shared hit=324715 read=146158
 Settings: enable_bitmapscan = 'off', enable_seqscan = 'off', max_parallel_workers_per_gather = '0'
 Planning:
   Buffers: shared hit=78 read=22
 Planning Time: 5.333 ms
 Execution Time: 1417.666 ms
(12 rows)

SET
SET
SET
SET
SET
                                             QUERY PLAN                                             
----------------------------------------------------------------------------------------------------
 Index Scan using idx on public.t (actual rows=2048576.00 loops=1)
   Output: a, b
   Index Cond: ((t.a >= '-75279'::integer) AND (t.a <= '-11262'::integer))
   Index Searches: 1
   Buffers: shared hit=470901
 Settings: enable_bitmapscan = 'off', enable_seqscan = 'off', max_parallel_workers_per_gather = '0'
 Planning:
   Buffers: shared hit=105
 Planning Time: 0.495 ms
 Execution Time: 625.816 ms
(10 rows)

