SET
SET
SET
SET
SET
                                                                 QUERY PLAN                                                                  
---------------------------------------------------------------------------------------------------------------------------------------------
 Index Scan using idx on public.t (actual rows=16384.00 loops=1)
   Output: a, b
   Index Cond: ((t.a >= '-7491'::integer) AND (t.a <= '-6980'::integer))
   Index Searches: 1
   Prefetch: distance=264.466 count=4114 stalls=1 skipped=12251 resets=0 ungets=493 forwarded=34
             histogram [2,4) => 2, [4,8) => 4, [8,16) => 8, [16,32) => 16, [32,64) => 23, [64,128) => 39, [128,256) => 62, [256,512) => 3960
   Buffers: shared hit=107 read=3649
 Settings: enable_bitmapscan = 'off', enable_seqscan = 'off', max_parallel_workers_per_gather = '0'
 Planning:
   Buffers: shared hit=78 read=22
 Planning Time: 5.399 ms
 Execution Time: 29.181 ms
(12 rows)

SET
SET
SET
SET
SET
                                             QUERY PLAN                                             
----------------------------------------------------------------------------------------------------
 Index Scan using idx on public.t (actual rows=16384.00 loops=1)
   Output: a, b
   Index Cond: ((t.a >= '-7491'::integer) AND (t.a <= '-6980'::integer))
   Index Searches: 1
   Buffers: shared hit=3757
 Settings: enable_bitmapscan = 'off', enable_seqscan = 'off', max_parallel_workers_per_gather = '0'
 Planning:
   Buffers: shared hit=105
 Planning Time: 0.433 ms
 Execution Time: 7.568 ms
(10 rows)

