SET
SET
SET
SET
SET
                                                                  QUERY PLAN                                                                  
----------------------------------------------------------------------------------------------------------------------------------------------
 Index Scan using idx on public.t (actual rows=262144.00 loops=1)
   Output: a, b
   Index Cond: ((t.a >= '-36609'::integer) AND (t.a <= '-28418'::integer))
   Index Searches: 1
   Prefetch: distance=270.557 count=67781 stalls=1 skipped=201775 resets=0 ungets=7860 forwarded=1653
             histogram [2,4) => 2, [4,8) => 4, [8,16) => 8, [16,32) => 9, [32,64) => 23, [64,128) => 38, [128,256) => 149, [256,512) => 67548
   Buffers: shared hit=14164 read=46095
 Settings: enable_bitmapscan = 'off', enable_seqscan = 'off', max_parallel_workers_per_gather = '0'
 Planning:
   Buffers: shared hit=78 read=22
 Planning Time: 6.285 ms
 Execution Time: 290.708 ms
(12 rows)

SET
SET
SET
SET
SET
                                             QUERY PLAN                                             
----------------------------------------------------------------------------------------------------
 Index Scan using idx on public.t (actual rows=262144.00 loops=1)
   Output: a, b
   Index Cond: ((t.a >= '-36609'::integer) AND (t.a <= '-28418'::integer))
   Index Searches: 1
   Buffers: shared hit=60263
 Settings: enable_bitmapscan = 'off', enable_seqscan = 'off', max_parallel_workers_per_gather = '0'
 Planning:
   Buffers: shared hit=105
 Planning Time: 0.421 ms
 Execution Time: 96.905 ms
(10 rows)

