SET
SET
SET
SET
SET
                                                                 QUERY PLAN                                                                  
---------------------------------------------------------------------------------------------------------------------------------------------
 Index Scan using idx on public.t (actual rows=32768.00 loops=1)
   Output: a, b
   Index Cond: ((t.a >= '-21385'::integer) AND (t.a <= '-20362'::integer))
   Index Searches: 1
   Prefetch: distance=268.266 count=8406 stalls=1 skipped=24887 resets=0 ungets=1005 forwarded=62
             histogram [2,4) => 2, [4,8) => 4, [8,16) => 7, [16,32) => 15, [32,64) => 23, [64,128) => 39, [128,256) => 64, [256,512) => 8252
   Buffers: shared hit=308 read=7234
 Settings: enable_bitmapscan = 'off', enable_seqscan = 'off', max_parallel_workers_per_gather = '0'
 Planning:
   Buffers: shared hit=78 read=22
 Planning Time: 5.718 ms
 Execution Time: 46.608 ms
(12 rows)

SET
SET
SET
SET
SET
                                             QUERY PLAN                                             
----------------------------------------------------------------------------------------------------
 Index Scan using idx on public.t (actual rows=32768.00 loops=1)
   Output: a, b
   Index Cond: ((t.a >= '-21385'::integer) AND (t.a <= '-20362'::integer))
   Index Searches: 1
   Buffers: shared hit=7543
 Settings: enable_bitmapscan = 'off', enable_seqscan = 'off', max_parallel_workers_per_gather = '0'
 Planning:
   Buffers: shared hit=105
 Planning Time: 0.459 ms
 Execution Time: 15.420 ms
(10 rows)

