SET
SET
SET
SET
SET
                                                                    QUERY PLAN                                                                     
---------------------------------------------------------------------------------------------------------------------------------------------------
 Index Scan using idx on public.t (actual rows=5048576.00 loops=1)
   Output: a, b
   Index Cond: ((t.a >= '-181073'::integer) AND (t.a <= '-23306'::integer))
   Index Searches: 1
   Prefetch: distance=264.051 count=1187868 stalls=1 skipped=3892167 resets=0 ungets=32515 forwarded=29595
             histogram [2,4) => 2, [4,8) => 4, [8,16) => 8, [16,32) => 9, [32,64) => 23, [64,128) => 40, [128,256) => 164061, [256,512) => 1023721
   Buffers: shared hit=857916 read=302148
 Settings: enable_bitmapscan = 'off', enable_seqscan = 'off', max_parallel_workers_per_gather = '0'
 Planning:
   Buffers: shared hit=78 read=22
 Planning Time: 5.800 ms
 Execution Time: 3044.241 ms
(12 rows)

SET
SET
SET
SET
SET
                                             QUERY PLAN                                             
----------------------------------------------------------------------------------------------------
 Index Scan using idx on public.t (actual rows=5048576.00 loops=1)
   Output: a, b
   Index Cond: ((t.a >= '-181073'::integer) AND (t.a <= '-23306'::integer))
   Index Searches: 1
   Buffers: shared hit=1160103
 Settings: enable_bitmapscan = 'off', enable_seqscan = 'off', max_parallel_workers_per_gather = '0'
 Planning:
   Buffers: shared hit=105
 Planning Time: 0.427 ms
 Execution Time: 1603.916 ms
(10 rows)

