SET
SET
SET
SET
SET
                                                                     QUERY PLAN                                                                     
----------------------------------------------------------------------------------------------------------------------------------------------------
 Index Scan using idx on public.t (actual rows=7048576.00 loops=1)
   Output: a, b
   Index Cond: ((t.a >= '-241189'::integer) AND (t.a <= '-20922'::integer))
   Index Searches: 1
   Prefetch: distance=263.752 count=1649927 stalls=1 skipped=5434791 resets=0 ungets=36750 forwarded=39426
             histogram [2,4) => 2, [4,8) => 4, [8,16) => 8, [16,32) => 15, [32,64) => 24, [64,128) => 33, [128,256) => 237813, [256,512) => 1412028
   Buffers: shared hit=1221742 read=397815
 Settings: enable_bitmapscan = 'off', enable_seqscan = 'off', max_parallel_workers_per_gather = '0'
 Planning:
   Buffers: shared hit=78 read=22
 Planning Time: 5.637 ms
 Execution Time: 4323.095 ms
(12 rows)

SET
SET
SET
SET
SET
                                             QUERY PLAN                                             
----------------------------------------------------------------------------------------------------
 Index Scan using idx on public.t (actual rows=7048576.00 loops=1)
   Output: a, b
   Index Cond: ((t.a >= '-241189'::integer) AND (t.a <= '-20922'::integer))
   Index Searches: 1
   Buffers: shared hit=1619618
 Settings: enable_bitmapscan = 'off', enable_seqscan = 'off', max_parallel_workers_per_gather = '0'
 Planning:
   Buffers: shared hit=105
 Planning Time: 0.422 ms
 Execution Time: 1872.615 ms
(10 rows)

