SET
SET
SET
SET
SET
                                                                    QUERY PLAN                                                                     
---------------------------------------------------------------------------------------------------------------------------------------------------
 Index Scan using idx on public.t (actual rows=6048576.00 loops=1)
   Output: a, b
   Index Cond: ((t.a >= '-204754'::integer) AND (t.a <= '-15737'::integer))
   Index Searches: 1
   Prefetch: distance=263.554 count=1418286 stalls=1 skipped=4663726 resets=0 ungets=34044 forwarded=34316
             histogram [2,4) => 2, [4,8) => 4, [8,16) => 8, [16,32) => 9, [32,64) => 23, [64,128) => 39, [128,256) => 213118, [256,512) => 1205083
   Buffers: shared hit=1044920 read=344831
 Settings: enable_bitmapscan = 'off', enable_seqscan = 'off', max_parallel_workers_per_gather = '0'
 Planning:
   Buffers: shared hit=78 read=22
 Planning Time: 5.841 ms
 Execution Time: 3725.792 ms
(12 rows)

SET
SET
SET
SET
SET
                                             QUERY PLAN                                             
----------------------------------------------------------------------------------------------------
 Index Scan using idx on public.t (actual rows=6048576.00 loops=1)
   Output: a, b
   Index Cond: ((t.a >= '-204754'::integer) AND (t.a <= '-15737'::integer))
   Index Searches: 1
   Buffers: shared hit=1389785
 Settings: enable_bitmapscan = 'off', enable_seqscan = 'off', max_parallel_workers_per_gather = '0'
 Planning:
   Buffers: shared hit=105
 Planning Time: 0.424 ms
 Execution Time: 1611.720 ms
(10 rows)

