SET
SET
SET
SET
SET
                                                                    QUERY PLAN                                                                     
---------------------------------------------------------------------------------------------------------------------------------------------------
 Index Scan using idx on public.t (actual rows=4048576.00 loops=1)
   Output: a, b
   Index Cond: ((t.a >= '-153193'::integer) AND (t.a <= '-26676'::integer))
   Index Searches: 1
   Prefetch: distance=264.363 count=956688 stalls=1 skipped=3121437 resets=0 ungets=29965 forwarded=24549
             histogram [2,4) => 2, [4,8) => 4, [8,16) => 8, [16,32) => 15, [32,64) => 22, [64,128) => 40, [128,256) => 125337, [256,512) => 831260
   Buffers: shared hit=675111 read=255282
 Settings: enable_bitmapscan = 'off', enable_seqscan = 'off', max_parallel_workers_per_gather = '0'
 Planning:
   Buffers: shared hit=78 read=22
 Planning Time: 5.677 ms
 Execution Time: 2468.063 ms
(12 rows)

SET
SET
SET
SET
SET
                                             QUERY PLAN                                             
----------------------------------------------------------------------------------------------------
 Index Scan using idx on public.t (actual rows=4048576.00 loops=1)
   Output: a, b
   Index Cond: ((t.a >= '-153193'::integer) AND (t.a <= '-26676'::integer))
   Index Searches: 1
   Buffers: shared hit=930435
 Settings: enable_bitmapscan = 'off', enable_seqscan = 'off', max_parallel_workers_per_gather = '0'
 Planning:
   Buffers: shared hit=105
 Planning Time: 0.396 ms
 Execution Time: 1020.019 ms
(10 rows)

