SET
SET
SET
SET
SET
                                             QUERY PLAN                                             
----------------------------------------------------------------------------------------------------
 Index Scan using idx on public.t (actual rows=512.00 loops=1)
   Output: a, b
   Index Cond: ((t.a >= '-9402'::integer) AND (t.a <= '-9371'::integer))
   Index Searches: 1
   Prefetch: distance=2.000 count=9 stalls=269 skipped=94 resets=0 ungets=0 forwarded=0
             histogram [2,4) => 9
   Buffers: shared hit=354 read=34
 Settings: enable_bitmapscan = 'off', enable_seqscan = 'off', max_parallel_workers_per_gather = '0'
 Planning:
   Buffers: shared hit=86 read=26
 Planning Time: 6.415 ms
 Execution Time: 3.266 ms
(12 rows)

SET
SET
SET
SET
SET
                                             QUERY PLAN                                             
----------------------------------------------------------------------------------------------------
 Index Scan using idx on public.t (actual rows=512.00 loops=1)
   Output: a, b
   Index Cond: ((t.a >= '-9402'::integer) AND (t.a <= '-9371'::integer))
   Index Searches: 1
   Buffers: shared hit=388
 Settings: enable_bitmapscan = 'off', enable_seqscan = 'off', max_parallel_workers_per_gather = '0'
 Planning:
   Buffers: shared hit=117
 Planning Time: 0.381 ms
 Execution Time: 0.222 ms
(10 rows)

