SET
SET
SET
SET
SET
                                                                   QUERY PLAN                                                                    
-------------------------------------------------------------------------------------------------------------------------------------------------
 Index Scan Backward using idx on public.t (actual rows=6048576.00 loops=1)
   Output: a, b
   Index Cond: ((t.a >= '-193101'::integer) AND (t.a <= '-4084'::integer))
   Index Searches: 1
   Prefetch: distance=262.063 count=1710042 stalls=1 skipped=4663441 resets=0 ungets=325931 forwarded=1
             histogram [2,4) => 2, [4,8) => 3, [8,16) => 5, [16,32) => 9, [32,64) => 2, [64,128) => 2, [128,256) => 377800, [256,512) => 1332219
   Buffers: shared hit=1057776 read=331973
 Settings: enable_bitmapscan = 'off', enable_seqscan = 'off', max_parallel_workers_per_gather = '0'
 Planning:
   Buffers: shared hit=82 read=26
 Planning Time: 6.255 ms
 Execution Time: 6587.891 ms
(12 rows)

SET
SET
SET
SET
SET
                                             QUERY PLAN                                             
----------------------------------------------------------------------------------------------------
 Index Scan Backward using idx on public.t (actual rows=6048576.00 loops=1)
   Output: a, b
   Index Cond: ((t.a >= '-193101'::integer) AND (t.a <= '-4084'::integer))
   Index Searches: 1
   Buffers: shared hit=1389749
 Settings: enable_bitmapscan = 'off', enable_seqscan = 'off', max_parallel_workers_per_gather = '0'
 Planning:
   Buffers: shared hit=113
 Planning Time: 0.477 ms
 Execution Time: 1735.974 ms
(10 rows)

