SET
SET
SET
SET
SET
                                                                   QUERY PLAN                                                                   
------------------------------------------------------------------------------------------------------------------------------------------------
 Index Scan Backward using idx on public.t (actual rows=1048576.00 loops=1)
   Output: a, b
   Index Cond: ((t.a >= '-50368'::integer) AND (t.a <= '-17601'::integer))
   Index Searches: 1
   Prefetch: distance=268.218 count=341728 stalls=1 skipped=807895 resets=0 ungets=101847 forwarded=1
             histogram [2,4) => 2, [4,8) => 3, [8,16) => 9, [16,32) => 11, [32,64) => 2, [64,128) => 2, [128,256) => 22033, [256,512) => 319666
   Buffers: shared hit=138047 read=102962
 Settings: enable_bitmapscan = 'off', enable_seqscan = 'off', max_parallel_workers_per_gather = '0'
 Planning:
   Buffers: shared hit=82 read=22
 Planning Time: 5.919 ms
 Execution Time: 1866.754 ms
(12 rows)

SET
SET
SET
SET
SET
                                             QUERY PLAN                                             
----------------------------------------------------------------------------------------------------
 Index Scan Backward using idx on public.t (actual rows=1048576.00 loops=1)
   Output: a, b
   Index Cond: ((t.a >= '-50368'::integer) AND (t.a <= '-17601'::integer))
   Index Searches: 1
   Buffers: shared hit=241009
 Settings: enable_bitmapscan = 'off', enable_seqscan = 'off', max_parallel_workers_per_gather = '0'
 Planning:
   Buffers: shared hit=109
 Planning Time: 0.429 ms
 Execution Time: 313.348 ms
(10 rows)

