SET
SET
SET
SET
SET
                                                                   QUERY PLAN                                                                    
-------------------------------------------------------------------------------------------------------------------------------------------------
 Index Scan Backward using idx on public.t (actual rows=9048576.00 loops=1)
   Output: a, b
   Index Cond: ((t.a >= '-296923'::integer) AND (t.a <= '-14156'::integer))
   Index Searches: 1
   Prefetch: distance=261.482 count=2536848 stalls=1 skipped=6977139 resets=0 ungets=465571 forwarded=1
             histogram [2,4) => 2, [4,8) => 3, [8,16) => 5, [16,32) => 9, [32,64) => 2, [64,128) => 2, [128,256) => 594869, [256,512) => 1941956
   Buffers: shared hit=1604132 read=475267
 Settings: enable_bitmapscan = 'off', enable_seqscan = 'off', max_parallel_workers_per_gather = '0'
 Planning:
   Buffers: shared hit=82 read=22
 Planning Time: 5.648 ms
 Execution Time: 9492.694 ms
(12 rows)

SET
SET
SET
SET
SET
                                             QUERY PLAN                                             
----------------------------------------------------------------------------------------------------
 Index Scan Backward using idx on public.t (actual rows=9048576.00 loops=1)
   Output: a, b
   Index Cond: ((t.a >= '-296923'::integer) AND (t.a <= '-14156'::integer))
   Index Searches: 1
   Buffers: shared hit=2079399
 Settings: enable_bitmapscan = 'off', enable_seqscan = 'off', max_parallel_workers_per_gather = '0'
 Planning:
   Buffers: shared hit=109
 Planning Time: 0.427 ms
 Execution Time: 2608.186 ms
(10 rows)

