SET
SET
SET
SET
SET
                                             QUERY PLAN                                             
----------------------------------------------------------------------------------------------------
 Index Scan using idx on public.t (actual rows=4096.00 loops=1)
   Output: a, b
   Index Cond: ((t.a >= '-4432'::integer) AND (t.a <= '-4177'::integer))
   Index Searches: 1
   Prefetch: distance=2.043 count=93 stalls=2831 skipped=1011 resets=0 ungets=0 forwarded=0
             histogram [2,4) => 92, [4,8) => 1
   Buffers: shared hit=2981 read=83
 Settings: enable_bitmapscan = 'off', enable_seqscan = 'off', max_parallel_workers_per_gather = '0'
 Planning:
   Buffers: shared hit=86 read=26
 Planning Time: 6.424 ms
 Execution Time: 4.846 ms
(12 rows)

SET
SET
SET
SET
SET
                                             QUERY PLAN                                             
----------------------------------------------------------------------------------------------------
 Index Scan using idx on public.t (actual rows=4096.00 loops=1)
   Output: a, b
   Index Cond: ((t.a >= '-4432'::integer) AND (t.a <= '-4177'::integer))
   Index Searches: 1
   Buffers: shared hit=3064
 Settings: enable_bitmapscan = 'off', enable_seqscan = 'off', max_parallel_workers_per_gather = '0'
 Planning:
   Buffers: shared hit=117
 Planning Time: 0.396 ms
 Execution Time: 1.059 ms
(10 rows)

