SET
SET
SET
SET
SET
                                                                   QUERY PLAN                                                                   
------------------------------------------------------------------------------------------------------------------------------------------------
 Index Scan Backward using idx on public.t (actual rows=2048576.00 loops=1)
   Output: a, b
   Index Cond: ((t.a >= '-64823'::integer) AND (t.a <= '-806'::integer))
   Index Searches: 1
   Prefetch: distance=263.779 count=599548 stalls=1 skipped=1579076 resets=0 ungets=130688 forwarded=1
             histogram [2,4) => 2, [4,8) => 3, [8,16) => 5, [16,32) => 9, [32,64) => 2, [64,128) => 2, [128,256) => 106938, [256,512) => 492587
   Buffers: shared hit=338076 read=132768
 Settings: enable_bitmapscan = 'off', enable_seqscan = 'off', max_parallel_workers_per_gather = '0'
 Planning:
   Buffers: shared hit=82 read=26
 Planning Time: 6.369 ms
 Execution Time: 2551.768 ms
(12 rows)

SET
SET
SET
SET
SET
                                             QUERY PLAN                                             
----------------------------------------------------------------------------------------------------
 Index Scan Backward using idx on public.t (actual rows=2048576.00 loops=1)
   Output: a, b
   Index Cond: ((t.a >= '-64823'::integer) AND (t.a <= '-806'::integer))
   Index Searches: 1
   Buffers: shared hit=470844
 Settings: enable_bitmapscan = 'off', enable_seqscan = 'off', max_parallel_workers_per_gather = '0'
 Planning:
   Buffers: shared hit=113
 Planning Time: 0.477 ms
 Execution Time: 575.720 ms
(10 rows)

