SET
SET
SET
SET
SET
                                                                    QUERY PLAN                                                                     
---------------------------------------------------------------------------------------------------------------------------------------------------
 Index Scan using idx on public.t (actual rows=1048576.00 loops=1)
   Output: a, b
   Index Cond: ((t.a >= '-97354'::integer) AND (t.a <= '-31819'::integer))
   Index Searches: 1
   Prefetch: distance=249.534 count=783479 stalls=1 skipped=265135 resets=0 ungets=56 forwarded=1118
             histogram [2,4) => 4, [4,8) => 5, [8,16) => 9, [16,32) => 21, [32,64) => 37, [64,128) => 75, [128,256) => 439716, [256,512) => 343612
   Buffers: shared hit=771063 read=15227
 Settings: enable_bitmapscan = 'off', enable_seqscan = 'off', max_parallel_workers_per_gather = '0'
 Planning:
   Buffers: shared hit=82 read=22
 Planning Time: 5.794 ms
 Execution Time: 529.528 ms
(12 rows)

SET
SET
SET
SET
SET
                                             QUERY PLAN                                             
----------------------------------------------------------------------------------------------------
 Index Scan using idx on public.t (actual rows=1048576.00 loops=1)
   Output: a, b
   Index Cond: ((t.a >= '-97354'::integer) AND (t.a <= '-31819'::integer))
   Index Searches: 1
   Buffers: shared hit=786307
 Settings: enable_bitmapscan = 'off', enable_seqscan = 'off', max_parallel_workers_per_gather = '0'
 Planning:
   Buffers: shared hit=109
 Planning Time: 0.471 ms
 Execution Time: 294.724 ms
(10 rows)

