SET
SET
SET
SET
SET
                                                                           QUERY PLAN                                                                           
----------------------------------------------------------------------------------------------------------------------------------------------------------------
 Index Scan Backward using idx on public.t (actual rows=9048576.00 loops=1)
   Output: a, b
   Index Cond: ((t.a >= '-309956'::integer) AND (t.a <= '-27189'::integer))
   Index Searches: 1
   Prefetch: distance=260.669 count=2510537 stalls=18098 skipped=6976648 resets=0 ungets=457570 forwarded=0
             histogram [2,4) => 476, [4,8) => 588, [8,16) => 893, [16,32) => 1146, [32,64) => 1322, [64,128) => 1603, [128,256) => 596891, [256,512) => 1907618
   Buffers: shared hit=1609704 read=469644
 Settings: enable_bitmapscan = 'off', enable_seqscan = 'off', max_parallel_workers_per_gather = '0'
 Planning:
   Buffers: shared hit=82 read=26
 Planning Time: 6.455 ms
 Execution Time: 9550.102 ms
(12 rows)

SET
SET
SET
SET
SET
                                             QUERY PLAN                                             
----------------------------------------------------------------------------------------------------
 Index Scan Backward using idx on public.t (actual rows=9048576.00 loops=1)
   Output: a, b
   Index Cond: ((t.a >= '-309956'::integer) AND (t.a <= '-27189'::integer))
   Index Searches: 1
   Buffers: shared hit=2079348
 Settings: enable_bitmapscan = 'off', enable_seqscan = 'off', max_parallel_workers_per_gather = '0'
 Planning:
   Buffers: shared hit=113
 Planning Time: 0.433 ms
 Execution Time: 2504.827 ms
(10 rows)

