SET
SET
SET
SET
SET
                                                                           QUERY PLAN                                                                           
----------------------------------------------------------------------------------------------------------------------------------------------------------------
 Index Scan Backward using idx on public.t (actual rows=9048576.00 loops=1)
   Output: a, b
   Index Cond: ((t.a >= '-309619'::integer) AND (t.a <= '-26852'::integer))
   Index Searches: 1
   Prefetch: distance=260.706 count=2513197 stalls=16014 skipped=6976951 resets=0 ungets=458033 forwarded=0
             histogram [2,4) => 420, [4,8) => 496, [8,16) => 781, [16,32) => 1072, [32,64) => 1273, [64,128) => 1603, [128,256) => 597646, [256,512) => 1909906
   Buffers: shared hit=1609427 read=469939
 Settings: enable_bitmapscan = 'off', enable_seqscan = 'off', max_parallel_workers_per_gather = '0'
 Planning:
   Buffers: shared hit=82 read=26
 Planning Time: 6.309 ms
 Execution Time: 9562.467 ms
(12 rows)

SET
SET
SET
SET
SET
                                             QUERY PLAN                                             
----------------------------------------------------------------------------------------------------
 Index Scan Backward using idx on public.t (actual rows=9048576.00 loops=1)
   Output: a, b
   Index Cond: ((t.a >= '-309619'::integer) AND (t.a <= '-26852'::integer))
   Index Searches: 1
   Buffers: shared hit=2079366
 Settings: enable_bitmapscan = 'off', enable_seqscan = 'off', max_parallel_workers_per_gather = '0'
 Planning:
   Buffers: shared hit=113
 Planning Time: 0.554 ms
 Execution Time: 2567.836 ms
(10 rows)

