SET
SET
SET
SET
SET
                                                                   QUERY PLAN                                                                   
------------------------------------------------------------------------------------------------------------------------------------------------
 Index Scan Backward using idx on public.t (actual rows=4048576.00 loops=1)
   Output: a, b
   Index Cond: ((t.a >= '-136016'::integer) AND (t.a <= '-9499'::integer))
   Index Searches: 1
   Prefetch: distance=262.891 count=1164529 stalls=1 skipped=3121528 resets=0 ungets=237705 forwarded=1
             histogram [2,4) => 2, [4,8) => 3, [8,16) => 5, [16,32) => 9, [32,64) => 2, [64,128) => 2, [128,256) => 232587, [256,512) => 931919
   Buffers: shared hit=688866 read=241630
 Settings: enable_bitmapscan = 'off', enable_seqscan = 'off', max_parallel_workers_per_gather = '0'
 Planning:
   Buffers: shared hit=82 read=22
 Planning Time: 5.816 ms
 Execution Time: 4705.901 ms
(12 rows)

SET
SET
SET
SET
SET
                                             QUERY PLAN                                             
----------------------------------------------------------------------------------------------------
 Index Scan Backward using idx on public.t (actual rows=4048576.00 loops=1)
   Output: a, b
   Index Cond: ((t.a >= '-136016'::integer) AND (t.a <= '-9499'::integer))
   Index Searches: 1
   Buffers: shared hit=930496
 Settings: enable_bitmapscan = 'off', enable_seqscan = 'off', max_parallel_workers_per_gather = '0'
 Planning:
   Buffers: shared hit=109
 Planning Time: 0.641 ms
 Execution Time: 1158.135 ms
(10 rows)

