SET
SET
SET
SET
SET
                                                                   QUERY PLAN                                                                    
-------------------------------------------------------------------------------------------------------------------------------------------------
 Index Scan Backward using idx on public.t (actual rows=9048576.00 loops=1)
   Output: a, b
   Index Cond: ((t.a >= '-284019'::integer) AND (t.a <= '-1252'::integer))
   Index Searches: 1
   Prefetch: distance=261.474 count=2530526 stalls=1 skipped=6976570 resets=0 ungets=459448 forwarded=1
             histogram [2,4) => 2, [4,8) => 3, [8,16) => 5, [16,32) => 9, [32,64) => 2, [64,128) => 2, [128,256) => 596378, [256,512) => 1934125
   Buffers: shared hit=1610843 read=468535
 Settings: enable_bitmapscan = 'off', enable_seqscan = 'off', max_parallel_workers_per_gather = '0'
 Planning:
   Buffers: shared hit=82 read=26
 Planning Time: 6.380 ms
 Execution Time: 9438.992 ms
(12 rows)

SET
SET
SET
SET
SET
                                             QUERY PLAN                                             
----------------------------------------------------------------------------------------------------
 Index Scan Backward using idx on public.t (actual rows=9048576.00 loops=1)
   Output: a, b
   Index Cond: ((t.a >= '-284019'::integer) AND (t.a <= '-1252'::integer))
   Index Searches: 1
   Buffers: shared hit=2079378
 Settings: enable_bitmapscan = 'off', enable_seqscan = 'off', max_parallel_workers_per_gather = '0'
 Planning:
   Buffers: shared hit=113
 Planning Time: 0.546 ms
 Execution Time: 2524.483 ms
(10 rows)

