SET
SET
SET
SET
SET
                                                                   QUERY PLAN                                                                    
-------------------------------------------------------------------------------------------------------------------------------------------------
 Index Scan Backward using idx on public.t (actual rows=7048576.00 loops=1)
   Output: a, b
   Index Cond: ((t.a >= '-251206'::integer) AND (t.a <= '-30939'::integer))
   Index Searches: 1
   Prefetch: distance=262.363 count=2009485 stalls=1 skipped=5434697 resets=0 ungets=396310 forwarded=0
             histogram [2,4) => 2, [4,8) => 3, [8,16) => 5, [16,32) => 9, [32,64) => 2, [64,128) => 2, [128,256) => 428418, [256,512) => 1581044
   Buffers: shared hit=1216377 read=403257
 Settings: enable_bitmapscan = 'off', enable_seqscan = 'off', max_parallel_workers_per_gather = '0'
 Planning:
   Buffers: shared hit=82 read=22
 Planning Time: 5.873 ms
 Execution Time: 7953.987 ms
(12 rows)

SET
SET
SET
SET
SET
                                             QUERY PLAN                                             
----------------------------------------------------------------------------------------------------
 Index Scan Backward using idx on public.t (actual rows=7048576.00 loops=1)
   Output: a, b
   Index Cond: ((t.a >= '-251206'::integer) AND (t.a <= '-30939'::integer))
   Index Searches: 1
   Buffers: shared hit=1619634
 Settings: enable_bitmapscan = 'off', enable_seqscan = 'off', max_parallel_workers_per_gather = '0'
 Planning:
   Buffers: shared hit=109
 Planning Time: 0.450 ms
 Execution Time: 2072.873 ms
(10 rows)

