SET
SET
SET
SET
SET
                                                                   QUERY PLAN                                                                    
-------------------------------------------------------------------------------------------------------------------------------------------------
 Index Scan Backward using idx on public.t (actual rows=6048576.00 loops=1)
   Output: a, b
   Index Cond: ((t.a >= '-205762'::integer) AND (t.a <= '-16745'::integer))
   Index Searches: 1
   Prefetch: distance=262.395 count=1724129 stalls=1 skipped=4664064 resets=0 ungets=339809 forwarded=1
             histogram [2,4) => 2, [4,8) => 3, [8,16) => 5, [16,32) => 9, [32,64) => 2, [64,128) => 2, [128,256) => 365621, [256,512) => 1358485
   Buffers: shared hit=1044098 read=345677
 Settings: enable_bitmapscan = 'off', enable_seqscan = 'off', max_parallel_workers_per_gather = '0'
 Planning:
   Buffers: shared hit=82 read=22
 Planning Time: 5.708 ms
 Execution Time: 6787.503 ms
(12 rows)

SET
SET
SET
SET
SET
                                             QUERY PLAN                                             
----------------------------------------------------------------------------------------------------
 Index Scan Backward using idx on public.t (actual rows=6048576.00 loops=1)
   Output: a, b
   Index Cond: ((t.a >= '-205762'::integer) AND (t.a <= '-16745'::integer))
   Index Searches: 1
   Buffers: shared hit=1389775
 Settings: enable_bitmapscan = 'off', enable_seqscan = 'off', max_parallel_workers_per_gather = '0'
 Planning:
   Buffers: shared hit=109
 Planning Time: 0.394 ms
 Execution Time: 1677.958 ms
(10 rows)

