SET
SET
SET
SET
SET
                                                                    QUERY PLAN                                                                    
--------------------------------------------------------------------------------------------------------------------------------------------------
 Index Scan Backward using idx on public.t (actual rows=7048576.00 loops=1)
   Output: a, b
   Index Cond: ((t.a >= '-231386'::integer) AND (t.a <= '-11119'::integer))
   Index Searches: 1
   Prefetch: distance=261.782 count=1993265 stalls=1 skipped=5435503 resets=0 ungets=380224 forwarded=1
             histogram [2,4) => 2, [4,8) => 3, [8,16) => 5, [16,32) => 9, [32,64) => 2, [64,128) => 14, [128,256) => 452511, [256,512) => 1540719
   Buffers: shared hit=1230631 read=388717
 Settings: enable_bitmapscan = 'off', enable_seqscan = 'off', max_parallel_workers_per_gather = '0'
 Planning:
   Buffers: shared hit=78 read=22
 Planning Time: 5.388 ms
 Execution Time: 7344.614 ms
(12 rows)

SET
SET
SET
SET
SET
                                             QUERY PLAN                                             
----------------------------------------------------------------------------------------------------
 Index Scan Backward using idx on public.t (actual rows=7048576.00 loops=1)
   Output: a, b
   Index Cond: ((t.a >= '-231386'::integer) AND (t.a <= '-11119'::integer))
   Index Searches: 1
   Buffers: shared hit=1619348
 Settings: enable_bitmapscan = 'off', enable_seqscan = 'off', max_parallel_workers_per_gather = '0'
 Planning:
   Buffers: shared hit=105
 Planning Time: 0.460 ms
 Execution Time: 1794.284 ms
(10 rows)

