SET
SET
SET
SET
SET
                                                                          QUERY PLAN                                                                           
---------------------------------------------------------------------------------------------------------------------------------------------------------------
 Index Scan Backward using idx on public.t (actual rows=6048576.00 loops=1)
   Output: a, b
   Index Cond: ((t.a >= '-189135'::integer) AND (t.a <= '-118'::integer))
   Index Searches: 1
   Prefetch: distance=260.590 count=1673568 stalls=27528 skipped=4663675 resets=0 ungets=317154 forwarded=1
             histogram [2,4) => 364, [4,8) => 424, [8,16) => 538, [16,32) => 833, [32,64) => 1299, [64,128) => 3067, [128,256) => 384085, [256,512) => 1282958
   Buffers: shared hit=1063014 read=326551
 Settings: enable_bitmapscan = 'off', enable_seqscan = 'off', max_parallel_workers_per_gather = '0'
 Planning:
   Buffers: shared hit=78 read=26
 Planning Time: 5.640 ms
 Execution Time: 6299.287 ms
(12 rows)

SET
SET
SET
SET
SET
                                             QUERY PLAN                                             
----------------------------------------------------------------------------------------------------
 Index Scan Backward using idx on public.t (actual rows=6048576.00 loops=1)
   Output: a, b
   Index Cond: ((t.a >= '-189135'::integer) AND (t.a <= '-118'::integer))
   Index Searches: 1
   Buffers: shared hit=1389565
 Settings: enable_bitmapscan = 'off', enable_seqscan = 'off', max_parallel_workers_per_gather = '0'
 Planning:
   Buffers: shared hit=109
 Planning Time: 0.456 ms
 Execution Time: 1667.135 ms
(10 rows)

