SET
SET
SET
SET
SET
                                                                         QUERY PLAN                                                                         
------------------------------------------------------------------------------------------------------------------------------------------------------------
 Index Scan Backward using idx on public.t (actual rows=7048576.00 loops=1)
   Output: a, b
   Index Cond: ((t.a >= '-225600'::integer) AND (t.a <= '-5333'::integer))
   Index Searches: 1
   Prefetch: distance=261.206 count=1983093 stalls=1862 skipped=5434897 resets=0 ungets=372075 forwarded=1
             histogram [2,4) => 62, [4,8) => 79, [8,16) => 134, [16,32) => 256, [32,64) => 569, [64,128) => 1394, [128,256) => 460233, [256,512) => 1520366
   Buffers: shared hit=1237430 read=381933
 Settings: enable_bitmapscan = 'off', enable_seqscan = 'off', max_parallel_workers_per_gather = '0'
 Planning:
   Buffers: shared hit=78 read=26
 Planning Time: 5.982 ms
 Execution Time: 7282.272 ms
(12 rows)

SET
SET
SET
SET
SET
                                             QUERY PLAN                                             
----------------------------------------------------------------------------------------------------
 Index Scan Backward using idx on public.t (actual rows=7048576.00 loops=1)
   Output: a, b
   Index Cond: ((t.a >= '-225600'::integer) AND (t.a <= '-5333'::integer))
   Index Searches: 1
   Buffers: shared hit=1619363
 Settings: enable_bitmapscan = 'off', enable_seqscan = 'off', max_parallel_workers_per_gather = '0'
 Planning:
   Buffers: shared hit=109
 Planning Time: 0.557 ms
 Execution Time: 1980.655 ms
(10 rows)

