SET
SET
SET
SET
SET
                                                                          QUERY PLAN                                                                           
---------------------------------------------------------------------------------------------------------------------------------------------------------------
 Index Scan Backward using idx on public.t (actual rows=6048576.00 loops=1)
   Output: a, b
   Index Cond: ((t.a >= '-192308'::integer) AND (t.a <= '-3291'::integer))
   Index Searches: 1
   Prefetch: distance=260.840 count=1698923 stalls=7104 skipped=4663959 resets=0 ungets=321985 forwarded=1
             histogram [2,4) => 210, [4,8) => 220, [8,16) => 298, [16,32) => 508, [32,64) => 1020, [64,128) => 2696, [128,256) => 390468, [256,512) => 1303503
   Buffers: shared hit=1058466 read=331116
 Settings: enable_bitmapscan = 'off', enable_seqscan = 'off', max_parallel_workers_per_gather = '0'
 Planning:
   Buffers: shared hit=78 read=26
 Planning Time: 5.989 ms
 Execution Time: 6353.899 ms
(12 rows)

SET
SET
SET
SET
SET
                                             QUERY PLAN                                             
----------------------------------------------------------------------------------------------------
 Index Scan Backward using idx on public.t (actual rows=6048576.00 loops=1)
   Output: a, b
   Index Cond: ((t.a >= '-192308'::integer) AND (t.a <= '-3291'::integer))
   Index Searches: 1
   Buffers: shared hit=1389582
 Settings: enable_bitmapscan = 'off', enable_seqscan = 'off', max_parallel_workers_per_gather = '0'
 Planning:
   Buffers: shared hit=109
 Planning Time: 0.456 ms
 Execution Time: 1666.752 ms
(10 rows)

