SET
SET
SET
SET
SET
                                                                      QUERY PLAN                                                                       
-------------------------------------------------------------------------------------------------------------------------------------------------------
 Index Scan Backward using idx on public.t (actual rows=3048576.00 loops=1)
   Output: a, b
   Index Cond: ((t.a >= '-103738'::integer) AND (t.a <= '-8471'::integer))
   Index Searches: 1
   Prefetch: distance=262.430 count=884417 stalls=35 skipped=2350073 resets=0 ungets=187004 forwarded=1
             histogram [2,4) => 6, [4,8) => 10, [8,16) => 26, [16,32) => 73, [32,64) => 120, [64,128) => 395, [128,256) => 178513, [256,512) => 705274
   Buffers: shared hit=508135 read=192282
 Settings: enable_bitmapscan = 'off', enable_seqscan = 'off', max_parallel_workers_per_gather = '0'
 Planning:
   Buffers: shared hit=78 read=22
 Planning Time: 5.602 ms
 Execution Time: 3608.853 ms
(12 rows)

SET
SET
SET
SET
SET
                                             QUERY PLAN                                             
----------------------------------------------------------------------------------------------------
 Index Scan Backward using idx on public.t (actual rows=3048576.00 loops=1)
   Output: a, b
   Index Cond: ((t.a >= '-103738'::integer) AND (t.a <= '-8471'::integer))
   Index Searches: 1
   Buffers: shared hit=700417
 Settings: enable_bitmapscan = 'off', enable_seqscan = 'off', max_parallel_workers_per_gather = '0'
 Planning:
   Buffers: shared hit=105
 Planning Time: 0.434 ms
 Execution Time: 821.172 ms
(10 rows)

