SET
SET
SET
SET
SET
                                                                   QUERY PLAN                                                                    
-------------------------------------------------------------------------------------------------------------------------------------------------
 Index Scan Backward using idx on public.t (actual rows=9048576.00 loops=1)
   Output: a, b
   Index Cond: ((t.a >= '-311893'::integer) AND (t.a <= '-29126'::integer))
   Index Searches: 1
   Prefetch: distance=261.451 count=2529735 stalls=1 skipped=6977435 resets=0 ungets=458850 forwarded=1
             histogram [2,4) => 2, [4,8) => 3, [8,16) => 5, [16,32) => 9, [32,64) => 2, [64,128) => 2, [128,256) => 599031, [256,512) => 1930681
   Buffers: shared hit=1611226 read=467803
 Settings: enable_bitmapscan = 'off', enable_seqscan = 'off', max_parallel_workers_per_gather = '0'
 Planning:
   Buffers: shared hit=78 read=26
 Planning Time: 6.197 ms
 Execution Time: 8847.410 ms
(12 rows)

SET
SET
SET
SET
SET
                                             QUERY PLAN                                             
----------------------------------------------------------------------------------------------------
 Index Scan Backward using idx on public.t (actual rows=9048576.00 loops=1)
   Output: a, b
   Index Cond: ((t.a >= '-311893'::integer) AND (t.a <= '-29126'::integer))
   Index Searches: 1
   Buffers: shared hit=2079029
 Settings: enable_bitmapscan = 'off', enable_seqscan = 'off', max_parallel_workers_per_gather = '0'
 Planning:
   Buffers: shared hit=109
 Planning Time: 0.473 ms
 Execution Time: 2290.874 ms
(10 rows)

