SET
SET
SET
SET
SET
                                                                      QUERY PLAN                                                                       
-------------------------------------------------------------------------------------------------------------------------------------------------------
 Index Scan Backward using idx on public.t (actual rows=4048576.00 loops=1)
   Output: a, b
   Index Cond: ((t.a >= '-133948'::integer) AND (t.a <= '-7431'::integer))
   Index Searches: 1
   Prefetch: distance=261.876 count=1159279 stalls=35 skipped=3121924 resets=0 ungets=232757 forwarded=1
             histogram [2,4) => 6, [4,8) => 10, [8,16) => 26, [16,32) => 82, [32,64) => 198, [64,128) => 643, [128,256) => 250765, [256,512) => 907549
   Buffers: shared hit=691141 read=239058
 Settings: enable_bitmapscan = 'off', enable_seqscan = 'off', max_parallel_workers_per_gather = '0'
 Planning:
   Buffers: shared hit=78 read=22
 Planning Time: 5.745 ms
 Execution Time: 4563.783 ms
(12 rows)

SET
SET
SET
SET
SET
                                             QUERY PLAN                                             
----------------------------------------------------------------------------------------------------
 Index Scan Backward using idx on public.t (actual rows=4048576.00 loops=1)
   Output: a, b
   Index Cond: ((t.a >= '-133948'::integer) AND (t.a <= '-7431'::integer))
   Index Searches: 1
   Buffers: shared hit=930199
 Settings: enable_bitmapscan = 'off', enable_seqscan = 'off', max_parallel_workers_per_gather = '0'
 Planning:
   Buffers: shared hit=105
 Planning Time: 0.409 ms
 Execution Time: 1130.900 ms
(10 rows)

