SET
SET
SET
SET
SET
                                                                   QUERY PLAN                                                                    
-------------------------------------------------------------------------------------------------------------------------------------------------
 Index Scan Backward using idx on public.t (actual rows=4048576.00 loops=1)
   Output: a, b
   Index Cond: ((t.a >= '-136604'::integer) AND (t.a <= '-10087'::integer))
   Index Searches: 1
   Prefetch: distance=262.314 count=1162745 stalls=1 skipped=3121212 resets=0 ungets=236469 forwarded=1
             histogram [2,4) => 2, [4,8) => 3, [8,16) => 5, [16,32) => 9, [32,64) => 2, [64,128) => 14, [128,256) => 246383, [256,512) => 916327
   Buffers: shared hit=687745 read=242400
 Settings: enable_bitmapscan = 'off', enable_seqscan = 'off', max_parallel_workers_per_gather = '0'
 Planning:
   Buffers: shared hit=78 read=22
 Planning Time: 5.628 ms
 Execution Time: 4594.140 ms
(12 rows)

SET
SET
SET
SET
SET
                                             QUERY PLAN                                             
----------------------------------------------------------------------------------------------------
 Index Scan Backward using idx on public.t (actual rows=4048576.00 loops=1)
   Output: a, b
   Index Cond: ((t.a >= '-136604'::integer) AND (t.a <= '-10087'::integer))
   Index Searches: 1
   Buffers: shared hit=930145
 Settings: enable_bitmapscan = 'off', enable_seqscan = 'off', max_parallel_workers_per_gather = '0'
 Planning:
   Buffers: shared hit=105
 Planning Time: 0.501 ms
 Execution Time: 1252.132 ms
(10 rows)

