SET
SET
SET
SET
SET
                                                                         QUERY PLAN                                                                         
------------------------------------------------------------------------------------------------------------------------------------------------------------
 Index Scan Backward using idx on public.t (actual rows=9048576.00 loops=1)
   Output: a, b
   Index Cond: ((t.a >= '-287388'::integer) AND (t.a <= '-4621'::integer))
   Index Searches: 1
   Prefetch: distance=260.904 count=2528711 stalls=1862 skipped=6977441 resets=0 ungets=459533 forwarded=1
             histogram [2,4) => 62, [4,8) => 79, [8,16) => 134, [16,32) => 287, [32,64) => 735, [64,128) => 2121, [128,256) => 604580, [256,512) => 1920713
   Buffers: shared hit=1607852 read=471295
 Settings: enable_bitmapscan = 'off', enable_seqscan = 'off', max_parallel_workers_per_gather = '0'
 Planning:
   Buffers: shared hit=78 read=26
 Planning Time: 6.326 ms
 Execution Time: 9053.246 ms
(12 rows)

SET
SET
SET
SET
SET
                                             QUERY PLAN                                             
----------------------------------------------------------------------------------------------------
 Index Scan Backward using idx on public.t (actual rows=9048576.00 loops=1)
   Output: a, b
   Index Cond: ((t.a >= '-287388'::integer) AND (t.a <= '-4621'::integer))
   Index Searches: 1
   Buffers: shared hit=2079147
 Settings: enable_bitmapscan = 'off', enable_seqscan = 'off', max_parallel_workers_per_gather = '0'
 Planning:
   Buffers: shared hit=109
 Planning Time: 0.479 ms
 Execution Time: 2439.380 ms
(10 rows)

