SET
SET
SET
SET
SET
                                                                          QUERY PLAN                                                                           
---------------------------------------------------------------------------------------------------------------------------------------------------------------
 Index Scan Backward using idx on public.t (actual rows=9048576.00 loops=1)
   Output: a, b
   Index Cond: ((t.a >= '-285775'::integer) AND (t.a <= '-3008'::integer))
   Index Searches: 1
   Prefetch: distance=260.718 count=2519633 stalls=8939 skipped=6976702 resets=0 ungets=457817 forwarded=1
             histogram [2,4) => 250, [4,8) => 274, [8,16) => 347, [16,32) => 586, [32,64) => 1041, [64,128) => 2696, [128,256) => 602500, [256,512) => 1911939
   Buffers: shared hit=1609032 read=470069
 Settings: enable_bitmapscan = 'off', enable_seqscan = 'off', max_parallel_workers_per_gather = '0'
 Planning:
   Buffers: shared hit=78 read=26
 Planning Time: 6.110 ms
 Execution Time: 8959.843 ms
(12 rows)

SET
SET
SET
SET
SET
                                             QUERY PLAN                                             
----------------------------------------------------------------------------------------------------
 Index Scan Backward using idx on public.t (actual rows=9048576.00 loops=1)
   Output: a, b
   Index Cond: ((t.a >= '-285775'::integer) AND (t.a <= '-3008'::integer))
   Index Searches: 1
   Buffers: shared hit=2079101
 Settings: enable_bitmapscan = 'off', enable_seqscan = 'off', max_parallel_workers_per_gather = '0'
 Planning:
   Buffers: shared hit=109
 Planning Time: 0.471 ms
 Execution Time: 2479.052 ms
(10 rows)

