SET
SET
SET
SET
SET
                                                                          QUERY PLAN                                                                           
---------------------------------------------------------------------------------------------------------------------------------------------------------------
 Index Scan Backward using idx on public.t (actual rows=8048576.00 loops=1)
   Output: a, b
   Index Cond: ((t.a >= '-253183'::integer) AND (t.a <= '-1666'::integer))
   Index Searches: 1
   Prefetch: distance=260.662 count=2239339 stalls=16648 skipped=6205894 resets=0 ungets=414200 forwarded=1
             histogram [2,4) => 318, [4,8) => 356, [8,16) => 448, [16,32) => 741, [32,64) => 1208, [64,128) => 3067, [128,256) => 528417, [256,512) => 1704784
   Buffers: shared hit=1423691 read=425485
 Settings: enable_bitmapscan = 'off', enable_seqscan = 'off', max_parallel_workers_per_gather = '0'
 Planning:
   Buffers: shared hit=78 read=26
 Planning Time: 6.231 ms
 Execution Time: 8166.366 ms
(12 rows)

SET
SET
SET
SET
SET
                                             QUERY PLAN                                             
----------------------------------------------------------------------------------------------------
 Index Scan Backward using idx on public.t (actual rows=8048576.00 loops=1)
   Output: a, b
   Index Cond: ((t.a >= '-253183'::integer) AND (t.a <= '-1666'::integer))
   Index Searches: 1
   Buffers: shared hit=1849176
 Settings: enable_bitmapscan = 'off', enable_seqscan = 'off', max_parallel_workers_per_gather = '0'
 Planning:
   Buffers: shared hit=109
 Planning Time: 0.546 ms
 Execution Time: 2609.705 ms
(10 rows)

