SET
SET
SET
SET
SET
                                                                 QUERY PLAN                                                                  
---------------------------------------------------------------------------------------------------------------------------------------------
 Index Scan using idx on public.t (actual rows=8192.00 loops=1)
   Output: a, b
   Index Cond: ((t.a >= '-22095'::integer) AND (t.a <= '-21840'::integer))
   Index Searches: 1
   Prefetch: distance=257.538 count=2105 stalls=1 skipped=6298 resets=0 ungets=243 forwarded=32
             histogram [2,4) => 2, [4,8) => 4, [8,16) => 8, [16,32) => 15, [32,64) => 23, [64,128) => 39, [128,256) => 63, [256,512) => 1951
   Buffers: shared hit=38 read=1844
 Settings: enable_bitmapscan = 'off', enable_seqscan = 'off', max_parallel_workers_per_gather = '0'
 Planning:
   Buffers: shared hit=82 read=22
 Planning Time: 5.458 ms
 Execution Time: 12.761 ms
(12 rows)

SET
SET
SET
SET
SET
                                             QUERY PLAN                                             
----------------------------------------------------------------------------------------------------
 Index Scan using idx on public.t (actual rows=8192.00 loops=1)
   Output: a, b
   Index Cond: ((t.a >= '-22095'::integer) AND (t.a <= '-21840'::integer))
   Index Searches: 1
   Buffers: shared hit=1882
 Settings: enable_bitmapscan = 'off', enable_seqscan = 'off', max_parallel_workers_per_gather = '0'
 Planning:
   Buffers: shared hit=109
 Planning Time: 0.327 ms
 Execution Time: 2.342 ms
(10 rows)

