SET
SET
SET
SET
SET
                                                                 QUERY PLAN                                                                  
---------------------------------------------------------------------------------------------------------------------------------------------
 Index Scan using idx on public.t (actual rows=16384.00 loops=1)
   Output: a, b
   Index Cond: ((t.a >= '-5124'::integer) AND (t.a <= '-4613'::integer))
   Index Searches: 1
   Prefetch: distance=264.684 count=4174 stalls=1 skipped=12447 resets=0 ungets=493 forwarded=19
             histogram [2,4) => 2, [4,8) => 4, [8,16) => 8, [16,32) => 15, [32,64) => 23, [64,128) => 39, [128,256) => 61, [256,512) => 4022
   Buffers: shared hit=125 read=3638
 Settings: enable_bitmapscan = 'off', enable_seqscan = 'off', max_parallel_workers_per_gather = '0'
 Planning:
   Buffers: shared hit=86 read=26
 Planning Time: 5.750 ms
 Execution Time: 25.922 ms
(12 rows)

SET
SET
SET
SET
SET
                                             QUERY PLAN                                             
----------------------------------------------------------------------------------------------------
 Index Scan using idx on public.t (actual rows=16384.00 loops=1)
   Output: a, b
   Index Cond: ((t.a >= '-5124'::integer) AND (t.a <= '-4613'::integer))
   Index Searches: 1
   Buffers: shared hit=3763
 Settings: enable_bitmapscan = 'off', enable_seqscan = 'off', max_parallel_workers_per_gather = '0'
 Planning:
   Buffers: shared hit=117
 Planning Time: 0.389 ms
 Execution Time: 5.154 ms
(10 rows)

