SET
SET
SET
SET
SET
                                                                   QUERY PLAN                                                                   
------------------------------------------------------------------------------------------------------------------------------------------------
 Index Scan using idx on public.t (actual rows=524288.00 loops=1)
   Output: a, b
   Index Cond: ((t.a >= '-35450'::integer) AND (t.a <= '-19067'::integer))
   Index Searches: 1
   Prefetch: distance=269.342 count=133794 stalls=1 skipped=404127 resets=0 ungets=13921 forwarded=4535
             histogram [2,4) => 2, [4,8) => 4, [8,16) => 8, [16,32) => 9, [32,64) => 24, [64,128) => 33, [128,256) => 2492, [256,512) => 131222
   Buffers: shared hit=49720 read=70679
 Settings: enable_bitmapscan = 'off', enable_seqscan = 'off', max_parallel_workers_per_gather = '0'
 Planning:
   Buffers: shared hit=82 read=22
 Planning Time: 5.647 ms
 Execution Time: 474.758 ms
(12 rows)

SET
SET
SET
SET
SET
                                             QUERY PLAN                                             
----------------------------------------------------------------------------------------------------
 Index Scan using idx on public.t (actual rows=524288.00 loops=1)
   Output: a, b
   Index Cond: ((t.a >= '-35450'::integer) AND (t.a <= '-19067'::integer))
   Index Searches: 1
   Buffers: shared hit=120415
 Settings: enable_bitmapscan = 'off', enable_seqscan = 'off', max_parallel_workers_per_gather = '0'
 Planning:
   Buffers: shared hit=109
 Planning Time: 0.385 ms
 Execution Time: 172.738 ms
(10 rows)

