SET
SET
SET
SET
SET
                                                                  QUERY PLAN                                                                  
----------------------------------------------------------------------------------------------------------------------------------------------
 Index Scan using idx on public.t (actual rows=262144.00 loops=1)
   Output: a, b
   Index Cond: ((t.a >= '-16564'::integer) AND (t.a <= '-8373'::integer))
   Index Searches: 1
   Prefetch: distance=269.949 count=67190 stalls=1 skipped=201474 resets=0 ungets=7416 forwarded=1975
             histogram [2,4) => 2, [4,8) => 4, [8,16) => 8, [16,32) => 9, [32,64) => 23, [64,128) => 38, [128,256) => 511, [256,512) => 66595
   Buffers: shared hit=19212 read=41002
 Settings: enable_bitmapscan = 'off', enable_seqscan = 'off', max_parallel_workers_per_gather = '0'
 Planning:
   Buffers: shared hit=82 read=22
 Planning Time: 5.750 ms
 Execution Time: 276.510 ms
(12 rows)

SET
SET
SET
SET
SET
                                             QUERY PLAN                                             
----------------------------------------------------------------------------------------------------
 Index Scan using idx on public.t (actual rows=262144.00 loops=1)
   Output: a, b
   Index Cond: ((t.a >= '-16564'::integer) AND (t.a <= '-8373'::integer))
   Index Searches: 1
   Buffers: shared hit=60217
 Settings: enable_bitmapscan = 'off', enable_seqscan = 'off', max_parallel_workers_per_gather = '0'
 Planning:
   Buffers: shared hit=109
 Planning Time: 0.380 ms
 Execution Time: 86.286 ms
(10 rows)

