SET
SET
SET
SET
SET
                                                                    QUERY PLAN                                                                    
--------------------------------------------------------------------------------------------------------------------------------------------------
 Index Scan using idx on public.t (actual rows=2048576.00 loops=1)
   Output: a, b
   Index Cond: ((t.a >= '-66068'::integer) AND (t.a <= '-2051'::integer))
   Index Searches: 1
   Prefetch: distance=264.793 count=486358 stalls=1 skipped=1579285 resets=0 ungets=17547 forwarded=12751
             histogram [2,4) => 2, [4,8) => 4, [8,16) => 8, [16,32) => 16, [32,64) => 23, [64,128) => 39, [128,256) => 57428, [256,512) => 428838
   Buffers: shared hit=335770 read=134972
 Settings: enable_bitmapscan = 'off', enable_seqscan = 'off', max_parallel_workers_per_gather = '0'
 Planning:
   Buffers: shared hit=82 read=26
 Planning Time: 5.870 ms
 Execution Time: 1143.570 ms
(12 rows)

SET
SET
SET
SET
SET
                                             QUERY PLAN                                             
----------------------------------------------------------------------------------------------------
 Index Scan using idx on public.t (actual rows=2048576.00 loops=1)
   Output: a, b
   Index Cond: ((t.a >= '-66068'::integer) AND (t.a <= '-2051'::integer))
   Index Searches: 1
   Buffers: shared hit=470758
 Settings: enable_bitmapscan = 'off', enable_seqscan = 'off', max_parallel_workers_per_gather = '0'
 Planning:
   Buffers: shared hit=113
 Planning Time: 0.438 ms
 Execution Time: 577.047 ms
(10 rows)

