SET
SET
SET
SET
SET
                                                                    QUERY PLAN                                                                     
---------------------------------------------------------------------------------------------------------------------------------------------------
 Index Scan using idx on public.t (actual rows=8048576.00 loops=1)
   Output: a, b
   Index Cond: ((t.a >= '-270722'::integer) AND (t.a <= '-19205'::integer))
   Index Searches: 1
   Prefetch: distance=263.881 count=1879685 stalls=1 skipped=6206238 resets=0 ungets=37699 forwarded=44128
             histogram [2,4) => 2, [4,8) => 4, [8,16) => 8, [16,32) => 9, [32,64) => 24, [64,128) => 40, [128,256) => 261900, [256,512) => 1617698
   Buffers: shared hit=1404952 read=444266
 Settings: enable_bitmapscan = 'off', enable_seqscan = 'off', max_parallel_workers_per_gather = '0'
 Planning:
   Buffers: shared hit=82 read=22
 Planning Time: 5.640 ms
 Execution Time: 4115.741 ms
(12 rows)

SET
SET
SET
SET
SET
                                             QUERY PLAN                                             
----------------------------------------------------------------------------------------------------
 Index Scan using idx on public.t (actual rows=8048576.00 loops=1)
   Output: a, b
   Index Cond: ((t.a >= '-270722'::integer) AND (t.a <= '-19205'::integer))
   Index Searches: 1
   Buffers: shared hit=1849261
 Settings: enable_bitmapscan = 'off', enable_seqscan = 'off', max_parallel_workers_per_gather = '0'
 Planning:
   Buffers: shared hit=109
 Planning Time: 0.461 ms
 Execution Time: 2166.165 ms
(10 rows)

