SET
SET
SET
SET
SET
                                                                     QUERY PLAN                                                                     
----------------------------------------------------------------------------------------------------------------------------------------------------
 Index Scan using idx on public.t (actual rows=5048576.00 loops=1)
   Output: a, b
   Index Cond: ((t.a >= '-179334'::integer) AND (t.a <= '-21567'::integer))
   Index Searches: 1
   Prefetch: distance=264.268 count=1186832 stalls=1 skipped=3892407 resets=0 ungets=31591 forwarded=29254
             histogram [2,4) => 2, [4,8) => 4, [8,16) => 8, [16,32) => 16, [32,64) => 23, [64,128) => 39, [128,256) => 154458, [256,512) => 1032282
   Buffers: shared hit=858523 read=301407
 Settings: enable_bitmapscan = 'off', enable_seqscan = 'off', max_parallel_workers_per_gather = '0'
 Planning:
   Buffers: shared hit=82 read=22
 Planning Time: 6.091 ms
 Execution Time: 2766.008 ms
(12 rows)

SET
SET
SET
SET
SET
                                             QUERY PLAN                                             
----------------------------------------------------------------------------------------------------
 Index Scan using idx on public.t (actual rows=5048576.00 loops=1)
   Output: a, b
   Index Cond: ((t.a >= '-179334'::integer) AND (t.a <= '-21567'::integer))
   Index Searches: 1
   Buffers: shared hit=1159963
 Settings: enable_bitmapscan = 'off', enable_seqscan = 'off', max_parallel_workers_per_gather = '0'
 Planning:
   Buffers: shared hit=109
 Planning Time: 0.420 ms
 Execution Time: 1458.414 ms
(10 rows)

