SET
SET
SET
SET
SET
                                                                    QUERY PLAN                                                                     
---------------------------------------------------------------------------------------------------------------------------------------------------
 Index Scan using idx on public.t (actual rows=6048576.00 loops=1)
   Output: a, b
   Index Cond: ((t.a >= '-217012'::integer) AND (t.a <= '-27995'::integer))
   Index Searches: 1
   Prefetch: distance=264.148 count=1418932 stalls=1 skipped=4664186 resets=0 ungets=34734 forwarded=34087
             histogram [2,4) => 2, [4,8) => 4, [8,16) => 8, [16,32) => 9, [32,64) => 23, [64,128) => 33, [128,256) => 189196, [256,512) => 1229657
   Buffers: shared hit=1036338 read=353281
 Settings: enable_bitmapscan = 'off', enable_seqscan = 'off', max_parallel_workers_per_gather = '0'
 Planning:
   Buffers: shared hit=82 read=22
 Planning Time: 5.764 ms
 Execution Time: 3161.403 ms
(12 rows)

SET
SET
SET
SET
SET
                                             QUERY PLAN                                             
----------------------------------------------------------------------------------------------------
 Index Scan using idx on public.t (actual rows=6048576.00 loops=1)
   Output: a, b
   Index Cond: ((t.a >= '-217012'::integer) AND (t.a <= '-27995'::integer))
   Index Searches: 1
   Buffers: shared hit=1389651
 Settings: enable_bitmapscan = 'off', enable_seqscan = 'off', max_parallel_workers_per_gather = '0'
 Planning:
   Buffers: shared hit=109
 Planning Time: 0.418 ms
 Execution Time: 1734.676 ms
(10 rows)

