SET
SET
SET
SET
SET
                                                                    QUERY PLAN                                                                    
--------------------------------------------------------------------------------------------------------------------------------------------------
 Index Scan using idx on public.t (actual rows=3048576.00 loops=1)
   Output: a, b
   Index Cond: ((t.a >= '-100603'::integer) AND (t.a <= '-5336'::integer))
   Index Searches: 1
   Prefetch: distance=264.445 count=719222 stalls=1 skipped=2350316 resets=0 ungets=21602 forwarded=18037
             histogram [2,4) => 2, [4,8) => 4, [8,16) => 8, [16,32) => 15, [32,64) => 24, [64,128) => 39, [128,256) => 90393, [256,512) => 628737
   Buffers: shared hit=512186 read=188288
 Settings: enable_bitmapscan = 'off', enable_seqscan = 'off', max_parallel_workers_per_gather = '0'
 Planning:
   Buffers: shared hit=82 read=26
 Planning Time: 6.308 ms
 Execution Time: 1691.858 ms
(12 rows)

SET
SET
SET
SET
SET
                                             QUERY PLAN                                             
----------------------------------------------------------------------------------------------------
 Index Scan using idx on public.t (actual rows=3048576.00 loops=1)
   Output: a, b
   Index Cond: ((t.a >= '-100603'::integer) AND (t.a <= '-5336'::integer))
   Index Searches: 1
   Buffers: shared hit=700494
 Settings: enable_bitmapscan = 'off', enable_seqscan = 'off', max_parallel_workers_per_gather = '0'
 Planning:
   Buffers: shared hit=113
 Planning Time: 0.469 ms
 Execution Time: 873.886 ms
(10 rows)

