SET
SET
SET
SET
SET
                                             QUERY PLAN                                             
----------------------------------------------------------------------------------------------------
 Index Scan using idx on public.t (actual rows=1024.00 loops=1)
   Output: a, b
   Index Cond: ((t.a >= '-29223'::integer) AND (t.a <= '-29160'::integer))
   Index Searches: 1
   Prefetch: distance=2.130 count=23 stalls=673 skipped=223 resets=0 ungets=0 forwarded=0
             histogram [2,4) => 22, [4,8) => 1
   Buffers: shared hit=744 read=42
 Settings: enable_bitmapscan = 'off', enable_seqscan = 'off', max_parallel_workers_per_gather = '0'
 Planning:
   Buffers: shared hit=82 read=22
 Planning Time: 5.978 ms
 Execution Time: 2.843 ms
(12 rows)

SET
SET
SET
SET
SET
                                             QUERY PLAN                                             
----------------------------------------------------------------------------------------------------
 Index Scan using idx on public.t (actual rows=1024.00 loops=1)
   Output: a, b
   Index Cond: ((t.a >= '-29223'::integer) AND (t.a <= '-29160'::integer))
   Index Searches: 1
   Buffers: shared hit=786
 Settings: enable_bitmapscan = 'off', enable_seqscan = 'off', max_parallel_workers_per_gather = '0'
 Planning:
   Buffers: shared hit=109
 Planning Time: 0.324 ms
 Execution Time: 0.349 ms
(10 rows)

