SET
SET
SET
SET
SET
                                             QUERY PLAN                                             
----------------------------------------------------------------------------------------------------
 Index Scan using idx on public.t (actual rows=2048.00 loops=1)
   Output: a, b
   Index Cond: ((t.a >= '-6813'::integer) AND (t.a <= '-6686'::integer))
   Index Searches: 1
   Prefetch: distance=2.000 count=42 stalls=1297 skipped=432 resets=0 ungets=0 forwarded=0
             histogram [2,4) => 42
   Buffers: shared hit=1503 read=55
 Settings: enable_bitmapscan = 'off', enable_seqscan = 'off', max_parallel_workers_per_gather = '0'
 Planning:
   Buffers: shared hit=86 read=26
 Planning Time: 5.922 ms
 Execution Time: 3.766 ms
(12 rows)

SET
SET
SET
SET
SET
                                             QUERY PLAN                                             
----------------------------------------------------------------------------------------------------
 Index Scan using idx on public.t (actual rows=2048.00 loops=1)
   Output: a, b
   Index Cond: ((t.a >= '-6813'::integer) AND (t.a <= '-6686'::integer))
   Index Searches: 1
   Buffers: shared hit=1558
 Settings: enable_bitmapscan = 'off', enable_seqscan = 'off', max_parallel_workers_per_gather = '0'
 Planning:
   Buffers: shared hit=117
 Planning Time: 0.362 ms
 Execution Time: 0.566 ms
(10 rows)

