SET
SET
SET
SET
SET
                                                                 QUERY PLAN                                                                 
--------------------------------------------------------------------------------------------------------------------------------------------
 Index Scan using idx on public.t (actual rows=32768.00 loops=1)
   Output: a, b
   Index Cond: ((t.a >= '-9956'::integer) AND (t.a <= '-8933'::integer))
   Index Searches: 1
   Prefetch: distance=268.411 count=8284 stalls=1 skipped=24576 resets=0 ungets=988 forwarded=77
             histogram [2,4) => 2, [4,8) => 4, [8,16) => 8, [16,32) => 9, [32,64) => 23, [64,128) => 40, [128,256) => 54, [256,512) => 8144
   Buffers: shared hit=435 read=7106
 Settings: enable_bitmapscan = 'off', enable_seqscan = 'off', max_parallel_workers_per_gather = '0'
 Planning:
   Buffers: shared hit=82 read=22
 Planning Time: 6.095 ms
 Execution Time: 55.038 ms
(12 rows)

SET
SET
SET
SET
SET
                                             QUERY PLAN                                             
----------------------------------------------------------------------------------------------------
 Index Scan using idx on public.t (actual rows=32768.00 loops=1)
   Output: a, b
   Index Cond: ((t.a >= '-9956'::integer) AND (t.a <= '-8933'::integer))
   Index Searches: 1
   Buffers: shared hit=7541
 Settings: enable_bitmapscan = 'off', enable_seqscan = 'off', max_parallel_workers_per_gather = '0'
 Planning:
   Buffers: shared hit=109
 Planning Time: 0.378 ms
 Execution Time: 10.356 ms
(10 rows)

