SET
SET
SET
SET
SET
                                                                 QUERY PLAN                                                                 
--------------------------------------------------------------------------------------------------------------------------------------------
 Index Scan using idx on public.t (actual rows=16384.00 loops=1)
   Output: a, b
   Index Cond: ((t.a >= '-14318'::integer) AND (t.a <= '-13807'::integer))
   Index Searches: 1
   Prefetch: distance=265.126 count=4107 stalls=1 skipped=12149 resets=0 ungets=480 forwarded=35
             histogram [2,4) => 2, [4,8) => 4, [8,16) => 8, [16,32) => 9, [32,64) => 23, [64,128) => 39, [128,256) => 56, [256,512) => 3966
   Buffers: shared hit=98 read=3689
 Settings: enable_bitmapscan = 'off', enable_seqscan = 'off', max_parallel_workers_per_gather = '0'
 Planning:
   Buffers: shared hit=82 read=22
 Planning Time: 5.398 ms
 Execution Time: 30.004 ms
(12 rows)

SET
SET
SET
SET
SET
                                             QUERY PLAN                                             
----------------------------------------------------------------------------------------------------
 Index Scan using idx on public.t (actual rows=16384.00 loops=1)
   Output: a, b
   Index Cond: ((t.a >= '-14318'::integer) AND (t.a <= '-13807'::integer))
   Index Searches: 1
   Buffers: shared hit=3787
 Settings: enable_bitmapscan = 'off', enable_seqscan = 'off', max_parallel_workers_per_gather = '0'
 Planning:
   Buffers: shared hit=109
 Planning Time: 0.348 ms
 Execution Time: 5.071 ms
(10 rows)

