SET
SET
SET
SET
SET
                                                                    QUERY PLAN                                                                     
---------------------------------------------------------------------------------------------------------------------------------------------------
 Index Scan using idx on public.t (actual rows=6048576.00 loops=1)
   Output: a, b
   Index Cond: ((t.a >= '-190623'::integer) AND (t.a <= '-1606'::integer))
   Index Searches: 1
   Prefetch: distance=263.790 count=1410724 stalls=1 skipped=4664272 resets=0 ungets=26580 forwarded=32640
             histogram [2,4) => 2, [4,8) => 4, [8,16) => 8, [16,32) => 9, [32,64) => 24, [64,128) => 39, [128,256) => 199310, [256,512) => 1211328
   Buffers: shared hit=1060999 read=328552
 Settings: enable_bitmapscan = 'off', enable_seqscan = 'off', max_parallel_workers_per_gather = '0'
 Planning:
   Buffers: shared hit=82 read=26
 Planning Time: 6.338 ms
 Execution Time: 3059.335 ms
(12 rows)

SET
SET
SET
SET
SET
                                             QUERY PLAN                                             
----------------------------------------------------------------------------------------------------
 Index Scan using idx on public.t (actual rows=6048576.00 loops=1)
   Output: a, b
   Index Cond: ((t.a >= '-190623'::integer) AND (t.a <= '-1606'::integer))
   Index Searches: 1
   Buffers: shared hit=1389585
 Settings: enable_bitmapscan = 'off', enable_seqscan = 'off', max_parallel_workers_per_gather = '0'
 Planning:
   Buffers: shared hit=113
 Planning Time: 0.501 ms
 Execution Time: 1719.043 ms
(10 rows)

