SET
SET
SET
SET
SET
                                                                     QUERY PLAN                                                                     
----------------------------------------------------------------------------------------------------------------------------------------------------
 Index Scan using idx on public.t (actual rows=8048576.00 loops=1)
   Output: a, b
   Index Cond: ((t.a >= '-261371'::integer) AND (t.a <= '-9854'::integer))
   Index Searches: 1
   Prefetch: distance=263.783 count=1876861 stalls=1 skipped=6206111 resets=0 ungets=34940 forwarded=43321
             histogram [2,4) => 2, [4,8) => 4, [8,16) => 7, [16,32) => 14, [32,64) => 24, [64,128) => 40, [128,256) => 265389, [256,512) => 1611381
   Buffers: shared hit=1412977 read=436233
 Settings: enable_bitmapscan = 'off', enable_seqscan = 'off', max_parallel_workers_per_gather = '0'
 Planning:
   Buffers: shared hit=82 read=22
 Planning Time: 5.653 ms
 Execution Time: 4140.473 ms
(12 rows)

SET
SET
SET
SET
SET
                                             QUERY PLAN                                             
----------------------------------------------------------------------------------------------------
 Index Scan using idx on public.t (actual rows=8048576.00 loops=1)
   Output: a, b
   Index Cond: ((t.a >= '-261371'::integer) AND (t.a <= '-9854'::integer))
   Index Searches: 1
   Buffers: shared hit=1849238
 Settings: enable_bitmapscan = 'off', enable_seqscan = 'off', max_parallel_workers_per_gather = '0'
 Planning:
   Buffers: shared hit=109
 Planning Time: 0.423 ms
 Execution Time: 2106.736 ms
(10 rows)

