SET
SET
SET
SET
SET
                                                                    QUERY PLAN                                                                    
--------------------------------------------------------------------------------------------------------------------------------------------------
 Index Scan using idx on public.t (actual rows=1048576.00 loops=1)
   Output: a, b
   Index Cond: ((t.a >= '-51878'::integer) AND (t.a <= '-19111'::integer))
   Index Searches: 1
   Prefetch: distance=267.327 count=260699 stalls=1 skipped=807662 resets=0 ungets=20905 forwarded=8740
             histogram [2,4) => 2, [4,8) => 4, [8,16) => 7, [16,32) => 16, [32,64) => 23, [64,128) => 40, [128,256) => 16053, [256,512) => 244554
   Buffers: shared hit=136544 read=104430
 Settings: enable_bitmapscan = 'off', enable_seqscan = 'off', max_parallel_workers_per_gather = '0'
 Planning:
   Buffers: shared hit=82 read=22
 Planning Time: 5.746 ms
 Execution Time: 772.047 ms
(12 rows)

SET
SET
SET
SET
SET
                                             QUERY PLAN                                             
----------------------------------------------------------------------------------------------------
 Index Scan using idx on public.t (actual rows=1048576.00 loops=1)
   Output: a, b
   Index Cond: ((t.a >= '-51878'::integer) AND (t.a <= '-19111'::integer))
   Index Searches: 1
   Buffers: shared hit=240989
 Settings: enable_bitmapscan = 'off', enable_seqscan = 'off', max_parallel_workers_per_gather = '0'
 Planning:
   Buffers: shared hit=109
 Planning Time: 0.500 ms
 Execution Time: 331.759 ms
(10 rows)

