SET
SET
SET
SET
SET
                                                                  QUERY PLAN                                                                   
-----------------------------------------------------------------------------------------------------------------------------------------------
 Index Scan using idx on public.t (actual rows=262144.00 loops=1)
   Output: a, b
   Index Cond: ((t.a >= '-13216'::integer) AND (t.a <= '-5025'::integer))
   Index Searches: 1
   Prefetch: distance=269.558 count=67039 stalls=1 skipped=201764 resets=0 ungets=7171 forwarded=2093
             histogram [2,4) => 2, [4,8) => 4, [8,16) => 8, [16,32) => 15, [32,64) => 23, [64,128) => 39, [128,256) => 834, [256,512) => 66114
   Buffers: shared hit=20937 read=39285
 Settings: enable_bitmapscan = 'off', enable_seqscan = 'off', max_parallel_workers_per_gather = '0'
 Planning:
   Buffers: shared hit=82 read=26
 Planning Time: 6.062 ms
 Execution Time: 261.694 ms
(12 rows)

SET
SET
SET
SET
SET
                                             QUERY PLAN                                             
----------------------------------------------------------------------------------------------------
 Index Scan using idx on public.t (actual rows=262144.00 loops=1)
   Output: a, b
   Index Cond: ((t.a >= '-13216'::integer) AND (t.a <= '-5025'::integer))
   Index Searches: 1
   Buffers: shared hit=60226
 Settings: enable_bitmapscan = 'off', enable_seqscan = 'off', max_parallel_workers_per_gather = '0'
 Planning:
   Buffers: shared hit=113
 Planning Time: 0.525 ms
 Execution Time: 86.059 ms
(10 rows)

