SET
SET
SET
SET
SET
                                                                    QUERY PLAN                                                                     
---------------------------------------------------------------------------------------------------------------------------------------------------
 Index Scan using idx on public.t (actual rows=4048576.00 loops=1)
   Output: a, b
   Index Cond: ((t.a >= '-155453'::integer) AND (t.a <= '-28936'::integer))
   Index Searches: 1
   Prefetch: distance=264.590 count=957052 stalls=1 skipped=3121663 resets=0 ungets=30459 forwarded=24368
             histogram [2,4) => 2, [4,8) => 4, [8,16) => 8, [16,32) => 15, [32,64) => 24, [64,128) => 39, [128,256) => 117473, [256,512) => 839487
   Buffers: shared hit=673624 read=256636
 Settings: enable_bitmapscan = 'off', enable_seqscan = 'off', max_parallel_workers_per_gather = '0'
 Planning:
   Buffers: shared hit=82 read=22
 Planning Time: 6.044 ms
 Execution Time: 2227.299 ms
(12 rows)

SET
SET
SET
SET
SET
                                             QUERY PLAN                                             
----------------------------------------------------------------------------------------------------
 Index Scan using idx on public.t (actual rows=4048576.00 loops=1)
   Output: a, b
   Index Cond: ((t.a >= '-155453'::integer) AND (t.a <= '-28936'::integer))
   Index Searches: 1
   Buffers: shared hit=930288
 Settings: enable_bitmapscan = 'off', enable_seqscan = 'off', max_parallel_workers_per_gather = '0'
 Planning:
   Buffers: shared hit=109
 Planning Time: 0.495 ms
 Execution Time: 1299.212 ms
(10 rows)

