SET
SET
SET
SET
SET
                                                                 QUERY PLAN                                                                  
---------------------------------------------------------------------------------------------------------------------------------------------
 Index Scan using idx on public.t (actual rows=65536.00 loops=1)
   Output: a, b
   Index Cond: ((t.a >= '-7409'::integer) AND (t.a <= '-5362'::integer))
   Index Searches: 1
   Prefetch: distance=269.772 count=16799 stalls=1 skipped=49817 resets=0 ungets=2008 forwarded=363
             histogram [2,4) => 2, [4,8) => 4, [8,16) => 8, [16,32) => 9, [32,64) => 22, [64,128) => 39, [128,256) => 64, [256,512) => 16651
   Buffers: shared hit=2004 read=13063
 Settings: enable_bitmapscan = 'off', enable_seqscan = 'off', max_parallel_workers_per_gather = '0'
 Planning:
   Buffers: shared hit=82 read=26
 Planning Time: 6.233 ms
 Execution Time: 89.182 ms
(12 rows)

SET
SET
SET
SET
SET
                                             QUERY PLAN                                             
----------------------------------------------------------------------------------------------------
 Index Scan using idx on public.t (actual rows=65536.00 loops=1)
   Output: a, b
   Index Cond: ((t.a >= '-7409'::integer) AND (t.a <= '-5362'::integer))
   Index Searches: 1
   Buffers: shared hit=15072
 Settings: enable_bitmapscan = 'off', enable_seqscan = 'off', max_parallel_workers_per_gather = '0'
 Planning:
   Buffers: shared hit=113
 Planning Time: 0.518 ms
 Execution Time: 27.800 ms
(10 rows)

