SET
SET
SET
SET
SET
                                                                    QUERY PLAN                                                                     
---------------------------------------------------------------------------------------------------------------------------------------------------
 Index Scan using idx on public.t (actual rows=6048576.00 loops=1)
   Output: a, b
   Index Cond: ((t.a >= '-194560'::integer) AND (t.a <= '-5543'::integer))
   Index Searches: 1
   Prefetch: distance=263.873 count=1412700 stalls=1 skipped=4663801 resets=0 ungets=28661 forwarded=32998
             histogram [2,4) => 2, [4,8) => 4, [8,16) => 8, [16,32) => 9, [32,64) => 24, [64,128) => 38, [128,256) => 196577, [256,512) => 1216038
   Buffers: shared hit=1055513 read=334076
 Settings: enable_bitmapscan = 'off', enable_seqscan = 'off', max_parallel_workers_per_gather = '0'
 Planning:
   Buffers: shared hit=82 read=26
 Planning Time: 6.043 ms
 Execution Time: 3051.185 ms
(12 rows)

SET
SET
SET
SET
SET
                                             QUERY PLAN                                             
----------------------------------------------------------------------------------------------------
 Index Scan using idx on public.t (actual rows=6048576.00 loops=1)
   Output: a, b
   Index Cond: ((t.a >= '-194560'::integer) AND (t.a <= '-5543'::integer))
   Index Searches: 1
   Buffers: shared hit=1389615
 Settings: enable_bitmapscan = 'off', enable_seqscan = 'off', max_parallel_workers_per_gather = '0'
 Planning:
   Buffers: shared hit=113
 Planning Time: 0.529 ms
 Execution Time: 1664.020 ms
(10 rows)

