SET
SET
SET
SET
SET
                                                                    QUERY PLAN                                                                    
--------------------------------------------------------------------------------------------------------------------------------------------------
 Index Scan using idx on public.t (actual rows=3048576.00 loops=1)
   Output: a, b
   Index Cond: ((t.a >= '-120216'::integer) AND (t.a <= '-24949'::integer))
   Index Searches: 1
   Prefetch: distance=264.964 count=725496 stalls=1 skipped=2350656 resets=0 ungets=27800 forwarded=19238
             histogram [2,4) => 2, [4,8) => 4, [8,16) => 8, [16,32) => 15, [32,64) => 22, [64,128) => 40, [128,256) => 83157, [256,512) => 642248
   Buffers: shared hit=493850 read=206608
 Settings: enable_bitmapscan = 'off', enable_seqscan = 'off', max_parallel_workers_per_gather = '0'
 Planning:
   Buffers: shared hit=82 read=22
 Planning Time: 5.625 ms
 Execution Time: 1731.511 ms
(12 rows)

SET
SET
SET
SET
SET
                                             QUERY PLAN                                             
----------------------------------------------------------------------------------------------------
 Index Scan using idx on public.t (actual rows=3048576.00 loops=1)
   Output: a, b
   Index Cond: ((t.a >= '-120216'::integer) AND (t.a <= '-24949'::integer))
   Index Searches: 1
   Buffers: shared hit=700477
 Settings: enable_bitmapscan = 'off', enable_seqscan = 'off', max_parallel_workers_per_gather = '0'
 Planning:
   Buffers: shared hit=109
 Planning Time: 0.423 ms
 Execution Time: 899.937 ms
(10 rows)

