SET
SET
SET
SET
SET
                                                                   QUERY PLAN                                                                    
-------------------------------------------------------------------------------------------------------------------------------------------------
 Index Scan using idx on public.t (actual rows=2048576.00 loops=1)
   Output: a, b
   Index Cond: ((t.a >= '-88583'::integer) AND (t.a <= '-24566'::integer))
   Index Searches: 1
   Prefetch: distance=265.696 count=494057 stalls=1 skipped=1579651 resets=0 ungets=25292 forwarded=14166
             histogram [2,4) => 2, [4,8) => 4, [8,16) => 8, [16,32) => 9, [32,64) => 23, [64,128) => 33, [128,256) => 48896, [256,512) => 445082
   Buffers: shared hit=312923 read=157709
 Settings: enable_bitmapscan = 'off', enable_seqscan = 'off', max_parallel_workers_per_gather = '0'
 Planning:
   Buffers: shared hit=82 read=22
 Planning Time: 5.932 ms
 Execution Time: 1265.047 ms
(12 rows)

SET
SET
SET
SET
SET
                                             QUERY PLAN                                             
----------------------------------------------------------------------------------------------------
 Index Scan using idx on public.t (actual rows=2048576.00 loops=1)
   Output: a, b
   Index Cond: ((t.a >= '-88583'::integer) AND (t.a <= '-24566'::integer))
   Index Searches: 1
   Buffers: shared hit=470638
 Settings: enable_bitmapscan = 'off', enable_seqscan = 'off', max_parallel_workers_per_gather = '0'
 Planning:
   Buffers: shared hit=109
 Planning Time: 0.407 ms
 Execution Time: 605.364 ms
(10 rows)

