SET
SET
SET
SET
SET
                                                                  QUERY PLAN                                                                  
----------------------------------------------------------------------------------------------------------------------------------------------
 Index Scan using idx on public.t (actual rows=262144.00 loops=1)
   Output: a, b
   Index Cond: ((t.a >= '-29976'::integer) AND (t.a <= '-21785'::integer))
   Index Searches: 1
   Prefetch: distance=270.482 count=67633 stalls=1 skipped=201612 resets=0 ungets=7773 forwarded=1782
             histogram [2,4) => 2, [4,8) => 4, [8,16) => 8, [16,32) => 9, [32,64) => 24, [64,128) => 39, [128,256) => 139, [256,512) => 67408
   Buffers: shared hit=15347 read=44904
 Settings: enable_bitmapscan = 'off', enable_seqscan = 'off', max_parallel_workers_per_gather = '0'
 Planning:
   Buffers: shared hit=82 read=22
 Planning Time: 5.775 ms
 Execution Time: 288.937 ms
(12 rows)

SET
SET
SET
SET
SET
                                             QUERY PLAN                                             
----------------------------------------------------------------------------------------------------
 Index Scan using idx on public.t (actual rows=262144.00 loops=1)
   Output: a, b
   Index Cond: ((t.a >= '-29976'::integer) AND (t.a <= '-21785'::integer))
   Index Searches: 1
   Buffers: shared hit=60252
 Settings: enable_bitmapscan = 'off', enable_seqscan = 'off', max_parallel_workers_per_gather = '0'
 Planning:
   Buffers: shared hit=109
 Planning Time: 0.454 ms
 Execution Time: 113.106 ms
(10 rows)

