SET
SET
SET
SET
SET
                                                                    QUERY PLAN                                                                     
---------------------------------------------------------------------------------------------------------------------------------------------------
 Index Scan using idx on public.t (actual rows=4048576.00 loops=1)
   Output: a, b
   Index Cond: ((t.a >= '-149936'::integer) AND (t.a <= '-23419'::integer))
   Index Searches: 1
   Prefetch: distance=264.559 count=956131 stalls=1 skipped=3121183 resets=0 ungets=29762 forwarded=24273
             histogram [2,4) => 2, [4,8) => 4, [8,16) => 8, [16,32) => 16, [32,64) => 17, [64,128) => 39, [128,256) => 117969, [256,512) => 838076
   Buffers: shared hit=676176 read=254023
 Settings: enable_bitmapscan = 'off', enable_seqscan = 'off', max_parallel_workers_per_gather = '0'
 Planning:
   Buffers: shared hit=82 read=22
 Planning Time: 5.781 ms
 Execution Time: 2216.192 ms
(12 rows)

SET
SET
SET
SET
SET
                                             QUERY PLAN                                             
----------------------------------------------------------------------------------------------------
 Index Scan using idx on public.t (actual rows=4048576.00 loops=1)
   Output: a, b
   Index Cond: ((t.a >= '-149936'::integer) AND (t.a <= '-23419'::integer))
   Index Searches: 1
   Buffers: shared hit=930219
 Settings: enable_bitmapscan = 'off', enable_seqscan = 'off', max_parallel_workers_per_gather = '0'
 Planning:
   Buffers: shared hit=109
 Planning Time: 0.590 ms
 Execution Time: 1449.364 ms
(10 rows)

