SET
SET
SET
SET
SET
                                                                     QUERY PLAN                                                                     
----------------------------------------------------------------------------------------------------------------------------------------------------
 Index Scan using idx on public.t (actual rows=9048576.00 loops=1)
   Output: a, b
   Index Cond: ((t.a >= '-287260'::integer) AND (t.a <= '-4493'::integer))
   Index Searches: 1
   Prefetch: distance=263.509 count=2104722 stalls=1 skipped=6976945 resets=0 ungets=33827 forwarded=47784
             histogram [2,4) => 2, [4,8) => 4, [8,16) => 8, [16,32) => 10, [32,64) => 23, [64,128) => 39, [128,256) => 314176, [256,512) => 1790460
   Buffers: shared hit=1607919 read=471198
 Settings: enable_bitmapscan = 'off', enable_seqscan = 'off', max_parallel_workers_per_gather = '0'
 Planning:
   Buffers: shared hit=82 read=26
 Planning Time: 5.939 ms
 Execution Time: 4591.061 ms
(12 rows)

SET
SET
SET
SET
SET
                                             QUERY PLAN                                             
----------------------------------------------------------------------------------------------------
 Index Scan using idx on public.t (actual rows=9048576.00 loops=1)
   Output: a, b
   Index Cond: ((t.a >= '-287260'::integer) AND (t.a <= '-4493'::integer))
   Index Searches: 1
   Buffers: shared hit=2079152
 Settings: enable_bitmapscan = 'off', enable_seqscan = 'off', max_parallel_workers_per_gather = '0'
 Planning:
   Buffers: shared hit=113
 Planning Time: 0.464 ms
 Execution Time: 2479.863 ms
(10 rows)

