SET
SET
SET
SET
SET
                                                                     QUERY PLAN                                                                     
----------------------------------------------------------------------------------------------------------------------------------------------------
 Index Scan using idx on public.t (actual rows=7048576.00 loops=1)
   Output: a, b
   Index Cond: ((t.a >= '-227592'::integer) AND (t.a <= '-7325'::integer))
   Index Searches: 1
   Prefetch: distance=263.810 count=1644288 stalls=1 skipped=5434886 resets=0 ungets=31430 forwarded=37888
             histogram [2,4) => 2, [4,8) => 4, [8,16) => 8, [16,32) => 15, [32,64) => 24, [64,128) => 39, [128,256) => 231230, [256,512) => 1412966
   Buffers: shared hit=1234997 read=384331
 Settings: enable_bitmapscan = 'off', enable_seqscan = 'off', max_parallel_workers_per_gather = '0'
 Planning:
   Buffers: shared hit=82 read=22
 Planning Time: 5.572 ms
 Execution Time: 3813.306 ms
(12 rows)

SET
SET
SET
SET
SET
                                             QUERY PLAN                                             
----------------------------------------------------------------------------------------------------
 Index Scan using idx on public.t (actual rows=7048576.00 loops=1)
   Output: a, b
   Index Cond: ((t.a >= '-227592'::integer) AND (t.a <= '-7325'::integer))
   Index Searches: 1
   Buffers: shared hit=1619348
 Settings: enable_bitmapscan = 'off', enable_seqscan = 'off', max_parallel_workers_per_gather = '0'
 Planning:
   Buffers: shared hit=109
 Planning Time: 0.503 ms
 Execution Time: 2279.443 ms
(10 rows)

