SET
SET
SET
SET
SET
                                                                 QUERY PLAN                                                                  
---------------------------------------------------------------------------------------------------------------------------------------------
 Index Scan using idx on public.t (actual rows=32768.00 loops=1)
   Output: a, b
   Index Cond: ((t.a >= '-27836'::integer) AND (t.a <= '-26813'::integer))
   Index Searches: 1
   Prefetch: distance=268.318 count=8235 stalls=1 skipped=24464 resets=0 ungets=987 forwarded=39
             histogram [2,4) => 2, [4,8) => 4, [8,16) => 8, [16,32) => 14, [32,64) => 23, [64,128) => 38, [128,256) => 58, [256,512) => 8088
   Buffers: shared hit=304 read=7216
 Settings: enable_bitmapscan = 'off', enable_seqscan = 'off', max_parallel_workers_per_gather = '0'
 Planning:
   Buffers: shared hit=82 read=22
 Planning Time: 5.570 ms
 Execution Time: 56.242 ms
(12 rows)

SET
SET
SET
SET
SET
                                             QUERY PLAN                                             
----------------------------------------------------------------------------------------------------
 Index Scan using idx on public.t (actual rows=32768.00 loops=1)
   Output: a, b
   Index Cond: ((t.a >= '-27836'::integer) AND (t.a <= '-26813'::integer))
   Index Searches: 1
   Buffers: shared hit=7520
 Settings: enable_bitmapscan = 'off', enable_seqscan = 'off', max_parallel_workers_per_gather = '0'
 Planning:
   Buffers: shared hit=109
 Planning Time: 0.378 ms
 Execution Time: 11.235 ms
(10 rows)

