SET
SET
SET
SET
SET
                                                                    QUERY PLAN                                                                    
--------------------------------------------------------------------------------------------------------------------------------------------------
 Index Scan using idx on public.t (actual rows=4048576.00 loops=1)
   Output: a, b
   Index Cond: ((t.a >= '-147120'::integer) AND (t.a <= '-20603'::integer))
   Index Searches: 1
   Prefetch: distance=264.543 count=955603 stalls=1 skipped=3121743 resets=0 ungets=29186 forwarded=24303
             histogram [2,4) => 2, [4,8) => 4, [8,16) => 8, [16,32) => 9, [32,64) => 22, [64,128) => 39, [128,256) => 117924, [256,512) => 837595
   Buffers: shared hit=677707 read=252398
 Settings: enable_bitmapscan = 'off', enable_seqscan = 'off', max_parallel_workers_per_gather = '0'
 Planning:
   Buffers: shared hit=82 read=22
 Planning Time: 5.640 ms
 Execution Time: 2181.981 ms
(12 rows)

SET
SET
SET
SET
SET
                                             QUERY PLAN                                             
----------------------------------------------------------------------------------------------------
 Index Scan using idx on public.t (actual rows=4048576.00 loops=1)
   Output: a, b
   Index Cond: ((t.a >= '-147120'::integer) AND (t.a <= '-20603'::integer))
   Index Searches: 1
   Buffers: shared hit=930133
 Settings: enable_bitmapscan = 'off', enable_seqscan = 'off', max_parallel_workers_per_gather = '0'
 Planning:
   Buffers: shared hit=109
 Planning Time: 0.564 ms
 Execution Time: 1194.556 ms
(10 rows)

