SET
SET
SET
SET
SET
                                                                    QUERY PLAN                                                                     
---------------------------------------------------------------------------------------------------------------------------------------------------
 Index Scan using idx on public.t (actual rows=3048576.00 loops=1)
   Output: a, b
   Index Cond: ((t.a >= '-98677'::integer) AND (t.a <= '-3410'::integer))
   Index Searches: 1
   Prefetch: distance=264.366 count=718019 stalls=1 skipped=2350394 resets=0 ungets=20509 forwarded=17872
             histogram [2,4) => 2, [4,8) => 4, [8,16) => 12, [16,32) => 20, [32,64) => 32, [64,128) => 55, [128,256) => 91999, [256,512) => 625895
   Buffers: shared hit=514771 read=185587
 Settings: enable_bitmapscan = 'off', enable_seqscan = 'off', max_parallel_workers_per_gather = '0'
 Planning:
   Buffers: shared hit=82 read=26
 Planning Time: 6.066 ms
 Execution Time: 1676.087 ms
(12 rows)

SET
SET
SET
SET
SET
                                             QUERY PLAN                                             
----------------------------------------------------------------------------------------------------
 Index Scan using idx on public.t (actual rows=3048576.00 loops=1)
   Output: a, b
   Index Cond: ((t.a >= '-98677'::integer) AND (t.a <= '-3410'::integer))
   Index Searches: 1
   Buffers: shared hit=700387
 Settings: enable_bitmapscan = 'off', enable_seqscan = 'off', max_parallel_workers_per_gather = '0'
 Planning:
   Buffers: shared hit=113
 Planning Time: 0.636 ms
 Execution Time: 942.253 ms
(10 rows)

