SET
SET
SET
SET
SET
                                                                    QUERY PLAN                                                                    
--------------------------------------------------------------------------------------------------------------------------------------------------
 Index Scan using idx on public.t (actual rows=2048576.00 loops=1)
   Output: a, b
   Index Cond: ((t.a >= '-77041'::integer) AND (t.a <= '-13024'::integer))
   Index Searches: 1
   Prefetch: distance=265.414 count=491022 stalls=1 skipped=1578938 resets=0 ungets=22408 forwarded=13738
             histogram [2,4) => 2, [4,8) => 4, [8,16) => 8, [16,32) => 10, [32,64) => 24, [64,128) => 39, [128,256) => 51104, [256,512) => 439831
   Buffers: shared hit=322104 read=148566
 Settings: enable_bitmapscan = 'off', enable_seqscan = 'off', max_parallel_workers_per_gather = '0'
 Planning:
   Buffers: shared hit=82 read=22
 Planning Time: 5.737 ms
 Execution Time: 1247.766 ms
(12 rows)

SET
SET
SET
SET
SET
                                             QUERY PLAN                                             
----------------------------------------------------------------------------------------------------
 Index Scan using idx on public.t (actual rows=2048576.00 loops=1)
   Output: a, b
   Index Cond: ((t.a >= '-77041'::integer) AND (t.a <= '-13024'::integer))
   Index Searches: 1
   Buffers: shared hit=470683
 Settings: enable_bitmapscan = 'off', enable_seqscan = 'off', max_parallel_workers_per_gather = '0'
 Planning:
   Buffers: shared hit=109
 Planning Time: 0.526 ms
 Execution Time: 604.854 ms
(10 rows)

