SET
SET
SET
SET
SET
                                                                     QUERY PLAN                                                                     
----------------------------------------------------------------------------------------------------------------------------------------------------
 Index Scan using idx on public.t (actual rows=8048576.00 loops=1)
   Output: a, b
   Index Cond: ((t.a >= '-273330'::integer) AND (t.a <= '-21813'::integer))
   Index Searches: 1
   Prefetch: distance=263.888 count=1879971 stalls=1 skipped=6205769 resets=0 ungets=38060 forwarded=44159
             histogram [2,4) => 2, [4,8) => 4, [8,16) => 8, [16,32) => 15, [32,64) => 23, [64,128) => 39, [128,256) => 261915, [256,512) => 1617965
   Buffers: shared hit=1403602 read=445672
 Settings: enable_bitmapscan = 'off', enable_seqscan = 'off', max_parallel_workers_per_gather = '0'
 Planning:
   Buffers: shared hit=82 read=22
 Planning Time: 5.662 ms
 Execution Time: 4154.367 ms
(12 rows)

SET
SET
SET
SET
SET
                                             QUERY PLAN                                             
----------------------------------------------------------------------------------------------------
 Index Scan using idx on public.t (actual rows=8048576.00 loops=1)
   Output: a, b
   Index Cond: ((t.a >= '-273330'::integer) AND (t.a <= '-21813'::integer))
   Index Searches: 1
   Buffers: shared hit=1849303
 Settings: enable_bitmapscan = 'off', enable_seqscan = 'off', max_parallel_workers_per_gather = '0'
 Planning:
   Buffers: shared hit=109
 Planning Time: 0.425 ms
 Execution Time: 2254.826 ms
(10 rows)

