SET
SET
SET
SET
SET
                                                                     QUERY PLAN                                                                     
----------------------------------------------------------------------------------------------------------------------------------------------------
 Index Scan using idx on public.t (actual rows=7048576.00 loops=1)
   Output: a, b
   Index Cond: ((t.a >= '-223794'::integer) AND (t.a <= '-3527'::integer))
   Index Searches: 1
   Prefetch: distance=263.745 count=1642612 stalls=1 skipped=5435358 resets=0 ungets=29682 forwarded=37682
             histogram [2,4) => 2, [4,8) => 4, [8,16) => 8, [16,32) => 16, [32,64) => 25, [64,128) => 39, [128,256) => 234016, [256,512) => 1408502
   Buffers: shared hit=1239603 read=379646
 Settings: enable_bitmapscan = 'off', enable_seqscan = 'off', max_parallel_workers_per_gather = '0'
 Planning:
   Buffers: shared hit=82 read=26
 Planning Time: 6.008 ms
 Execution Time: 3591.116 ms
(12 rows)

SET
SET
SET
SET
SET
                                             QUERY PLAN                                             
----------------------------------------------------------------------------------------------------
 Index Scan using idx on public.t (actual rows=7048576.00 loops=1)
   Output: a, b
   Index Cond: ((t.a >= '-223794'::integer) AND (t.a <= '-3527'::integer))
   Index Searches: 1
   Buffers: shared hit=1619294
 Settings: enable_bitmapscan = 'off', enable_seqscan = 'off', max_parallel_workers_per_gather = '0'
 Planning:
   Buffers: shared hit=113
 Planning Time: 0.511 ms
 Execution Time: 1944.479 ms
(10 rows)

