SET
SET
SET
SET
SET
                                                                  QUERY PLAN                                                                  
----------------------------------------------------------------------------------------------------------------------------------------------
 Index Scan using idx on public.t (actual rows=131072.00 loops=1)
   Output: a, b
   Index Cond: ((t.a >= '-17873'::integer) AND (t.a <= '-13778'::integer))
   Index Searches: 1
   Prefetch: distance=270.448 count=33968 stalls=1 skipped=100727 resets=0 ungets=4039 forwarded=730
             histogram [2,4) => 2, [4,8) => 4, [8,16) => 8, [16,32) => 15, [32,64) => 23, [64,128) => 40, [128,256) => 63, [256,512) => 33813
   Buffers: shared hit=5090 read=25052
 Settings: enable_bitmapscan = 'off', enable_seqscan = 'off', max_parallel_workers_per_gather = '0'
 Planning:
   Buffers: shared hit=82 read=22
 Planning Time: 5.602 ms
 Execution Time: 156.789 ms
(12 rows)

SET
SET
SET
SET
SET
                                             QUERY PLAN                                             
----------------------------------------------------------------------------------------------------
 Index Scan using idx on public.t (actual rows=131072.00 loops=1)
   Output: a, b
   Index Cond: ((t.a >= '-17873'::integer) AND (t.a <= '-13778'::integer))
   Index Searches: 1
   Buffers: shared hit=30148
 Settings: enable_bitmapscan = 'off', enable_seqscan = 'off', max_parallel_workers_per_gather = '0'
 Planning:
   Buffers: shared hit=109
 Planning Time: 0.431 ms
 Execution Time: 44.144 ms
(10 rows)

