SET
SET
SET
SET
SET
                                                                   QUERY PLAN                                                                    
-------------------------------------------------------------------------------------------------------------------------------------------------
 Index Scan using idx on public.t (actual rows=524288.00 loops=1)
   Output: a, b
   Index Cond: ((t.a >= '-46412'::integer) AND (t.a <= '-30029'::integer))
   Index Searches: 1
   Prefetch: distance=269.676 count=134474 stalls=1 skipped=404181 resets=0 ungets=14431 forwarded=4421
             histogram [2,4) => 2, [4,8) => 4, [8,16) => 7, [16,32) => 15, [32,64) => 23, [64,128) => 39, [128,256) => 1864, [256,512) => 132520
   Buffers: shared hit=45770 read=74751
 Settings: enable_bitmapscan = 'off', enable_seqscan = 'off', max_parallel_workers_per_gather = '0'
 Planning:
   Buffers: shared hit=82 read=22
 Planning Time: 5.276 ms
 Execution Time: 495.798 ms
(12 rows)

SET
SET
SET
SET
SET
                                             QUERY PLAN                                             
----------------------------------------------------------------------------------------------------
 Index Scan using idx on public.t (actual rows=524288.00 loops=1)
   Output: a, b
   Index Cond: ((t.a >= '-46412'::integer) AND (t.a <= '-30029'::integer))
   Index Searches: 1
   Buffers: shared hit=120533
 Settings: enable_bitmapscan = 'off', enable_seqscan = 'off', max_parallel_workers_per_gather = '0'
 Planning:
   Buffers: shared hit=109
 Planning Time: 0.506 ms
 Execution Time: 208.298 ms
(10 rows)

