SET
SET
SET
SET
SET
                                                                     QUERY PLAN                                                                     
----------------------------------------------------------------------------------------------------------------------------------------------------
 Index Scan using idx on public.t (actual rows=7048576.00 loops=1)
   Output: a, b
   Index Cond: ((t.a >= '-222451'::integer) AND (t.a <= '-2184'::integer))
   Index Searches: 1
   Prefetch: distance=263.723 count=1641888 stalls=1 skipped=5434994 resets=0 ungets=29010 forwarded=37599
             histogram [2,4) => 2, [4,8) => 4, [8,16) => 7, [16,32) => 15, [32,64) => 25, [64,128) => 39, [128,256) => 234575, [256,512) => 1407221
   Buffers: shared hit=1241536 read=377755
 Settings: enable_bitmapscan = 'off', enable_seqscan = 'off', max_parallel_workers_per_gather = '0'
 Planning:
   Buffers: shared hit=82 read=26
 Planning Time: 6.502 ms
 Execution Time: 3578.168 ms
(12 rows)

SET
SET
SET
SET
SET
                                             QUERY PLAN                                             
----------------------------------------------------------------------------------------------------
 Index Scan using idx on public.t (actual rows=7048576.00 loops=1)
   Output: a, b
   Index Cond: ((t.a >= '-222451'::integer) AND (t.a <= '-2184'::integer))
   Index Searches: 1
   Buffers: shared hit=1619340
 Settings: enable_bitmapscan = 'off', enable_seqscan = 'off', max_parallel_workers_per_gather = '0'
 Planning:
   Buffers: shared hit=113
 Planning Time: 0.664 ms
 Execution Time: 2398.844 ms
(10 rows)

