SET
SET
SET
SET
SET
                                                                     QUERY PLAN                                                                     
----------------------------------------------------------------------------------------------------------------------------------------------------
 Index Scan using idx on public.t (actual rows=9048576.00 loops=1)
   Output: a, b
   Index Cond: ((t.a >= '-283655'::integer) AND (t.a <= '-888'::integer))
   Index Searches: 1
   Prefetch: distance=263.519 count=2102937 stalls=1 skipped=6977038 resets=0 ungets=32135 forwarded=47473
             histogram [2,4) => 2, [4,8) => 4, [8,16) => 8, [16,32) => 14, [32,64) => 17, [64,128) => 52, [128,256) => 312446, [256,512) => 1790394
   Buffers: shared hit=1610950 read=468056
 Settings: enable_bitmapscan = 'off', enable_seqscan = 'off', max_parallel_workers_per_gather = '0'
 Planning:
   Buffers: shared hit=82 read=26
 Planning Time: 6.121 ms
 Execution Time: 4533.689 ms
(12 rows)

SET
SET
SET
SET
SET
                                             QUERY PLAN                                             
----------------------------------------------------------------------------------------------------
 Index Scan using idx on public.t (actual rows=9048576.00 loops=1)
   Output: a, b
   Index Cond: ((t.a >= '-283655'::integer) AND (t.a <= '-888'::integer))
   Index Searches: 1
   Buffers: shared hit=2079056
 Settings: enable_bitmapscan = 'off', enable_seqscan = 'off', max_parallel_workers_per_gather = '0'
 Planning:
   Buffers: shared hit=113
 Planning Time: 0.548 ms
 Execution Time: 3028.915 ms
(10 rows)

