SET
SET
SET
SET
SET
                                                                     QUERY PLAN                                                                     
----------------------------------------------------------------------------------------------------------------------------------------------------
 Index Scan using idx on public.t (actual rows=6048576.00 loops=1)
   Output: a, b
   Index Cond: ((t.a >= '-216093'::integer) AND (t.a <= '-27076'::integer))
   Index Searches: 1
   Prefetch: distance=264.136 count=1418772 stalls=1 skipped=4663978 resets=0 ungets=34654 forwarded=34100
             histogram [2,4) => 2, [4,8) => 4, [8,16) => 8, [16,32) => 16, [32,64) => 23, [64,128) => 39, [128,256) => 189658, [256,512) => 1229022
   Buffers: shared hit=1036898 read=352716
 Settings: enable_bitmapscan = 'off', enable_seqscan = 'off', max_parallel_workers_per_gather = '0'
 Planning:
   Buffers: shared hit=82 read=22
 Planning Time: 5.623 ms
 Execution Time: 3196.599 ms
(12 rows)

SET
SET
SET
SET
SET
                                             QUERY PLAN                                             
----------------------------------------------------------------------------------------------------
 Index Scan using idx on public.t (actual rows=6048576.00 loops=1)
   Output: a, b
   Index Cond: ((t.a >= '-216093'::integer) AND (t.a <= '-27076'::integer))
   Index Searches: 1
   Buffers: shared hit=1389638
 Settings: enable_bitmapscan = 'off', enable_seqscan = 'off', max_parallel_workers_per_gather = '0'
 Planning:
   Buffers: shared hit=109
 Planning Time: 0.509 ms
 Execution Time: 1639.326 ms
(10 rows)

