SET
SET
SET
SET
SET
                                                                    QUERY PLAN                                                                     
---------------------------------------------------------------------------------------------------------------------------------------------------
 Index Scan using idx on public.t (actual rows=8048576.00 loops=1)
   Output: a, b
   Index Cond: ((t.a >= '-270216'::integer) AND (t.a <= '-18699'::integer))
   Index Searches: 1
   Prefetch: distance=263.882 count=1879413 stalls=1 skipped=6205829 resets=0 ungets=37530 forwarded=43954
             histogram [2,4) => 2, [4,8) => 4, [8,16) => 8, [16,32) => 9, [32,64) => 23, [64,128) => 40, [128,256) => 261797, [256,512) => 1617530
   Buffers: shared hit=1405184 read=444063
 Settings: enable_bitmapscan = 'off', enable_seqscan = 'off', max_parallel_workers_per_gather = '0'
 Planning:
   Buffers: shared hit=82 read=22
 Planning Time: 5.722 ms
 Execution Time: 4199.728 ms
(12 rows)

SET
SET
SET
SET
SET
                                             QUERY PLAN                                             
----------------------------------------------------------------------------------------------------
 Index Scan using idx on public.t (actual rows=8048576.00 loops=1)
   Output: a, b
   Index Cond: ((t.a >= '-270216'::integer) AND (t.a <= '-18699'::integer))
   Index Searches: 1
   Buffers: shared hit=1849271
 Settings: enable_bitmapscan = 'off', enable_seqscan = 'off', max_parallel_workers_per_gather = '0'
 Planning:
   Buffers: shared hit=109
 Planning Time: 0.430 ms
 Execution Time: 2110.154 ms
(10 rows)

