SET
SET
SET
SET
SET
                                                                    QUERY PLAN                                                                     
---------------------------------------------------------------------------------------------------------------------------------------------------
 Index Scan using idx on public.t (actual rows=4048576.00 loops=1)
   Output: a, b
   Index Cond: ((t.a >= '-137672'::integer) AND (t.a <= '-11155'::integer))
   Index Searches: 1
   Prefetch: distance=264.351 count=952759 stalls=1 skipped=3121734 resets=0 ungets=26269 forwarded=23517
             histogram [2,4) => 2, [4,8) => 4, [8,16) => 8, [16,32) => 16, [32,64) => 24, [64,128) => 40, [128,256) => 121576, [256,512) => 831089
   Buffers: shared hit=686676 read=243496
 Settings: enable_bitmapscan = 'off', enable_seqscan = 'off', max_parallel_workers_per_gather = '0'
 Planning:
   Buffers: shared hit=82 read=22
 Planning Time: 5.471 ms
 Execution Time: 2181.037 ms
(12 rows)

SET
SET
SET
SET
SET
                                             QUERY PLAN                                             
----------------------------------------------------------------------------------------------------
 Index Scan using idx on public.t (actual rows=4048576.00 loops=1)
   Output: a, b
   Index Cond: ((t.a >= '-137672'::integer) AND (t.a <= '-11155'::integer))
   Index Searches: 1
   Buffers: shared hit=930189
 Settings: enable_bitmapscan = 'off', enable_seqscan = 'off', max_parallel_workers_per_gather = '0'
 Planning:
   Buffers: shared hit=109
 Planning Time: 0.586 ms
 Execution Time: 1414.545 ms
(10 rows)

