SET
SET
SET
SET
SET
                                                                     QUERY PLAN                                                                     
----------------------------------------------------------------------------------------------------------------------------------------------------
 Index Scan using idx on public.t (actual rows=5048576.00 loops=1)
   Output: a, b
   Index Cond: ((t.a >= '-174128'::integer) AND (t.a <= '-16361'::integer))
   Index Searches: 1
   Prefetch: distance=264.206 count=1185687 stalls=1 skipped=3892644 resets=0 ungets=30395 forwarded=28958
             histogram [2,4) => 2, [4,8) => 4, [8,16) => 8, [16,32) => 15, [32,64) => 23, [64,128) => 41, [128,256) => 155699, [256,512) => 1029895
   Buffers: shared hit=862724 read=297199
 Settings: enable_bitmapscan = 'off', enable_seqscan = 'off', max_parallel_workers_per_gather = '0'
 Planning:
   Buffers: shared hit=82 read=22
 Planning Time: 5.818 ms
 Execution Time: 2688.101 ms
(12 rows)

SET
SET
SET
SET
SET
                                             QUERY PLAN                                             
----------------------------------------------------------------------------------------------------
 Index Scan using idx on public.t (actual rows=5048576.00 loops=1)
   Output: a, b
   Index Cond: ((t.a >= '-174128'::integer) AND (t.a <= '-16361'::integer))
   Index Searches: 1
   Buffers: shared hit=1159951
 Settings: enable_bitmapscan = 'off', enable_seqscan = 'off', max_parallel_workers_per_gather = '0'
 Planning:
   Buffers: shared hit=109
 Planning Time: 0.561 ms
 Execution Time: 1783.044 ms
(10 rows)

