SET
SET
SET
SET
SET
                                                                          QUERY PLAN                                                                           
---------------------------------------------------------------------------------------------------------------------------------------------------------------
 Index Scan Backward using idx on public.t (actual rows=7048576.00 loops=1)
   Output: a, b
   Index Cond: ((t.a >= '-220562'::integer) AND (t.a <= '-295'::integer))
   Index Searches: 1
   Prefetch: distance=260.619 count=1951115 stalls=26230 skipped=5434946 resets=0 ungets=364578 forwarded=1
             histogram [2,4) => 364, [4,8) => 424, [8,16) => 538, [16,32) => 833, [32,64) => 1299, [64,128) => 3067, [128,256) => 454464, [256,512) => 1490126
   Buffers: shared hit=1244333 read=374926
 Settings: enable_bitmapscan = 'off', enable_seqscan = 'off', max_parallel_workers_per_gather = '0'
 Planning:
   Buffers: shared hit=78 read=26
 Planning Time: 5.960 ms
 Execution Time: 7613.998 ms
(12 rows)

SET
SET
SET
SET
SET
                                             QUERY PLAN                                             
----------------------------------------------------------------------------------------------------
 Index Scan Backward using idx on public.t (actual rows=7048576.00 loops=1)
   Output: a, b
   Index Cond: ((t.a >= '-220562'::integer) AND (t.a <= '-295'::integer))
   Index Searches: 1
   Buffers: shared hit=1619259
 Settings: enable_bitmapscan = 'off', enable_seqscan = 'off', max_parallel_workers_per_gather = '0'
 Planning:
   Buffers: shared hit=109
 Planning Time: 0.563 ms
 Execution Time: 1949.363 ms
(10 rows)

