SET
SET
SET
SET
SET
                                                                   QUERY PLAN                                                                    
-------------------------------------------------------------------------------------------------------------------------------------------------
 Index Scan Backward using idx on public.t (actual rows=2048576.00 loops=1)
   Output: a, b
   Index Cond: ((t.a >= '-74578'::integer) AND (t.a <= '-10561'::integer))
   Index Searches: 1
   Prefetch: distance=263.727 count=610790 stalls=1 skipped=1579067 resets=0 ungets=142177 forwarded=0
             histogram [2,4) => 2, [4,8) => 3, [8,16) => 5, [16,32) => 9, [32,64) => 2, [64,128) => 14, [128,256) => 105740, [256,512) => 505015
   Buffers: shared hit=324726 read=145930
 Settings: enable_bitmapscan = 'off', enable_seqscan = 'off', max_parallel_workers_per_gather = '0'
 Planning:
   Buffers: shared hit=78 read=22
 Planning Time: 6.046 ms
 Execution Time: 2825.105 ms
(12 rows)

SET
SET
SET
SET
SET
                                             QUERY PLAN                                             
----------------------------------------------------------------------------------------------------
 Index Scan Backward using idx on public.t (actual rows=2048576.00 loops=1)
   Output: a, b
   Index Cond: ((t.a >= '-74578'::integer) AND (t.a <= '-10561'::integer))
   Index Searches: 1
   Buffers: shared hit=470656
 Settings: enable_bitmapscan = 'off', enable_seqscan = 'off', max_parallel_workers_per_gather = '0'
 Planning:
   Buffers: shared hit=105
 Planning Time: 0.431 ms
 Execution Time: 615.885 ms
(10 rows)

