SET
SET
SET
SET
SET
                                                                   QUERY PLAN                                                                    
-------------------------------------------------------------------------------------------------------------------------------------------------
 Index Scan Backward using idx on public.t (actual rows=9048576.00 loops=1)
   Output: a, b
   Index Cond: ((t.a >= '-302289'::integer) AND (t.a <= '-19522'::integer))
   Index Searches: 1
   Prefetch: distance=261.531 count=2536039 stalls=1 skipped=6976880 resets=0 ungets=465271 forwarded=1
             histogram [2,4) => 2, [4,8) => 3, [8,16) => 5, [16,32) => 9, [32,64) => 2, [64,128) => 2, [128,256) => 594293, [256,512) => 1941723
   Buffers: shared hit=1604362 read=474702
 Settings: enable_bitmapscan = 'off', enable_seqscan = 'off', max_parallel_workers_per_gather = '0'
 Planning:
   Buffers: shared hit=78 read=22
 Planning Time: 5.878 ms
 Execution Time: 9529.471 ms
(12 rows)

SET
SET
SET
SET
SET
                                             QUERY PLAN                                             
----------------------------------------------------------------------------------------------------
 Index Scan Backward using idx on public.t (actual rows=9048576.00 loops=1)
   Output: a, b
   Index Cond: ((t.a >= '-302289'::integer) AND (t.a <= '-19522'::integer))
   Index Searches: 1
   Buffers: shared hit=2079064
 Settings: enable_bitmapscan = 'off', enable_seqscan = 'off', max_parallel_workers_per_gather = '0'
 Planning:
   Buffers: shared hit=105
 Planning Time: 0.474 ms
 Execution Time: 2457.055 ms
(10 rows)

