SET
SET
SET
SET
SET
                                                                       QUERY PLAN                                                                       
--------------------------------------------------------------------------------------------------------------------------------------------------------
 Index Scan Backward using idx on public.t (actual rows=8048576.00 loops=1)
   Output: a, b
   Index Cond: ((t.a >= '-260974'::integer) AND (t.a <= '-9457'::integer))
   Index Searches: 1
   Prefetch: distance=261.535 count=2267915 stalls=35 skipped=6206200 resets=0 ungets=426021 forwarded=1
             histogram [2,4) => 6, [4,8) => 10, [8,16) => 26, [16,32) => 73, [32,64) => 120, [64,128) => 356, [128,256) => 524671, [256,512) => 1742653
   Buffers: shared hit=1413387 read=435835
 Settings: enable_bitmapscan = 'off', enable_seqscan = 'off', max_parallel_workers_per_gather = '0'
 Planning:
   Buffers: shared hit=78 read=22
 Planning Time: 5.828 ms
 Execution Time: 8744.134 ms
(12 rows)

SET
SET
SET
SET
SET
                                             QUERY PLAN                                             
----------------------------------------------------------------------------------------------------
 Index Scan Backward using idx on public.t (actual rows=8048576.00 loops=1)
   Output: a, b
   Index Cond: ((t.a >= '-260974'::integer) AND (t.a <= '-9457'::integer))
   Index Searches: 1
   Buffers: shared hit=1849222
 Settings: enable_bitmapscan = 'off', enable_seqscan = 'off', max_parallel_workers_per_gather = '0'
 Planning:
   Buffers: shared hit=105
 Planning Time: 0.493 ms
 Execution Time: 2213.217 ms
(10 rows)

