SET
SET
SET
SET
SET
                                                                   QUERY PLAN                                                                    
-------------------------------------------------------------------------------------------------------------------------------------------------
 Index Scan Backward using idx on public.t (actual rows=6048576.00 loops=1)
   Output: a, b
   Index Cond: ((t.a >= '-215865'::integer) AND (t.a <= '-26848'::integer))
   Index Searches: 1
   Prefetch: distance=262.491 count=1730562 stalls=1 skipped=4663859 resets=0 ungets=346485 forwarded=1
             histogram [2,4) => 2, [4,8) => 3, [8,16) => 5, [16,32) => 9, [32,64) => 2, [64,128) => 2, [128,256) => 365038, [256,512) => 1365501
   Buffers: shared hit=1037001 read=352626
 Settings: enable_bitmapscan = 'off', enable_seqscan = 'off', max_parallel_workers_per_gather = '0'
 Planning:
   Buffers: shared hit=78 read=22
 Planning Time: 5.780 ms
 Execution Time: 6946.436 ms
(12 rows)

SET
SET
SET
SET
SET
                                             QUERY PLAN                                             
----------------------------------------------------------------------------------------------------
 Index Scan Backward using idx on public.t (actual rows=6048576.00 loops=1)
   Output: a, b
   Index Cond: ((t.a >= '-215865'::integer) AND (t.a <= '-26848'::integer))
   Index Searches: 1
   Buffers: shared hit=1389627
 Settings: enable_bitmapscan = 'off', enable_seqscan = 'off', max_parallel_workers_per_gather = '0'
 Planning:
   Buffers: shared hit=105
 Planning Time: 0.438 ms
 Execution Time: 1788.035 ms
(10 rows)

