SET
SET
SET
SET
SET
                                                                          QUERY PLAN                                                                           
---------------------------------------------------------------------------------------------------------------------------------------------------------------
 Index Scan Backward using idx on public.t (actual rows=8048576.00 loops=1)
   Output: a, b
   Index Cond: ((t.a >= '-254572'::integer) AND (t.a <= '-3055'::integer))
   Index Searches: 1
   Prefetch: distance=260.787 count=2249855 stalls=8603 skipped=6206173 resets=0 ungets=416598 forwarded=1
             histogram [2,4) => 246, [4,8) => 269, [8,16) => 347, [16,32) => 586, [32,64) => 1041, [64,128) => 2696, [128,256) => 530145, [256,512) => 1714525
   Buffers: shared hit=1421516 read=427658
 Settings: enable_bitmapscan = 'off', enable_seqscan = 'off', max_parallel_workers_per_gather = '0'
 Planning:
   Buffers: shared hit=78 read=26
 Planning Time: 6.069 ms
 Execution Time: 8696.836 ms
(12 rows)

SET
SET
SET
SET
SET
                                             QUERY PLAN                                             
----------------------------------------------------------------------------------------------------
 Index Scan Backward using idx on public.t (actual rows=8048576.00 loops=1)
   Output: a, b
   Index Cond: ((t.a >= '-254572'::integer) AND (t.a <= '-3055'::integer))
   Index Searches: 1
   Buffers: shared hit=1849174
 Settings: enable_bitmapscan = 'off', enable_seqscan = 'off', max_parallel_workers_per_gather = '0'
 Planning:
   Buffers: shared hit=109
 Planning Time: 0.783 ms
 Execution Time: 2198.272 ms
(10 rows)

