SET
SET
SET
SET
SET
                                                                       QUERY PLAN                                                                       
--------------------------------------------------------------------------------------------------------------------------------------------------------
 Index Scan Backward using idx on public.t (actual rows=9048576.00 loops=1)
   Output: a, b
   Index Cond: ((t.a >= '-291068'::integer) AND (t.a <= '-8301'::integer))
   Index Searches: 1
   Prefetch: distance=261.293 count=2533588 stalls=35 skipped=6977407 resets=0 ungets=462709 forwarded=1
             histogram [2,4) => 6, [4,8) => 10, [8,16) => 26, [16,32) => 73, [32,64) => 120, [64,128) => 395, [128,256) => 600864, [256,512) => 1932094
   Buffers: shared hit=1605358 read=473698
 Settings: enable_bitmapscan = 'off', enable_seqscan = 'off', max_parallel_workers_per_gather = '0'
 Planning:
   Buffers: shared hit=78 read=22
 Planning Time: 5.646 ms
 Execution Time: 9570.953 ms
(12 rows)

SET
SET
SET
SET
SET
                                             QUERY PLAN                                             
----------------------------------------------------------------------------------------------------
 Index Scan Backward using idx on public.t (actual rows=9048576.00 loops=1)
   Output: a, b
   Index Cond: ((t.a >= '-291068'::integer) AND (t.a <= '-8301'::integer))
   Index Searches: 1
   Buffers: shared hit=2079056
 Settings: enable_bitmapscan = 'off', enable_seqscan = 'off', max_parallel_workers_per_gather = '0'
 Planning:
   Buffers: shared hit=105
 Planning Time: 0.460 ms
 Execution Time: 2533.964 ms
(10 rows)

