SET
SET
SET
SET
SET
                                                                QUERY PLAN                                                                 
-------------------------------------------------------------------------------------------------------------------------------------------
 Index Scan Backward using idx on public.t (actual rows=32768.00 loops=1)
   Output: a, b
   Index Cond: ((t.a >= '-12003'::integer) AND (t.a <= '-10980'::integer))
   Index Searches: 1
   Prefetch: distance=271.327 count=14053 stalls=1 skipped=24478 resets=0 ungets=6819 forwarded=0
             histogram [2,4) => 2, [4,8) => 3, [8,16) => 7, [16,32) => 14, [32,64) => 5, [64,128) => 2, [128,256) => 2, [256,512) => 14018
   Buffers: shared hit=397 read=7109
 Settings: enable_bitmapscan = 'off', enable_seqscan = 'off', max_parallel_workers_per_gather = '0'
 Planning:
   Buffers: shared hit=78 read=22
 Planning Time: 5.684 ms
 Execution Time: 148.714 ms
(12 rows)

SET
SET
SET
SET
SET
                                             QUERY PLAN                                             
----------------------------------------------------------------------------------------------------
 Index Scan Backward using idx on public.t (actual rows=32768.00 loops=1)
   Output: a, b
   Index Cond: ((t.a >= '-12003'::integer) AND (t.a <= '-10980'::integer))
   Index Searches: 1
   Buffers: shared hit=7506
 Settings: enable_bitmapscan = 'off', enable_seqscan = 'off', max_parallel_workers_per_gather = '0'
 Planning:
   Buffers: shared hit=105
 Planning Time: 0.380 ms
 Execution Time: 11.160 ms
(10 rows)

