SET
SET
SET
SET
SET
                                                                   QUERY PLAN                                                                    
-------------------------------------------------------------------------------------------------------------------------------------------------
 Index Scan Backward using idx on public.t (actual rows=4048576.00 loops=1)
   Output: a, b
   Index Cond: ((t.a >= '-137765'::integer) AND (t.a <= '-11248'::integer))
   Index Searches: 1
   Prefetch: distance=262.396 count=1164660 stalls=1 skipped=3121874 resets=0 ungets=238118 forwarded=1
             histogram [2,4) => 2, [4,8) => 3, [8,16) => 5, [16,32) => 9, [32,64) => 2, [64,128) => 14, [128,256) => 244706, [256,512) => 919919
   Buffers: shared hit=686601 read=243599
 Settings: enable_bitmapscan = 'off', enable_seqscan = 'off', max_parallel_workers_per_gather = '0'
 Planning:
   Buffers: shared hit=78 read=22
 Planning Time: 5.743 ms
 Execution Time: 4791.716 ms
(12 rows)

SET
SET
SET
SET
SET
                                             QUERY PLAN                                             
----------------------------------------------------------------------------------------------------
 Index Scan Backward using idx on public.t (actual rows=4048576.00 loops=1)
   Output: a, b
   Index Cond: ((t.a >= '-137765'::integer) AND (t.a <= '-11248'::integer))
   Index Searches: 1
   Buffers: shared hit=930200
 Settings: enable_bitmapscan = 'off', enable_seqscan = 'off', max_parallel_workers_per_gather = '0'
 Planning:
   Buffers: shared hit=105
 Planning Time: 0.442 ms
 Execution Time: 1115.772 ms
(10 rows)

