SET
SET
SET
SET
SET
                                                                       QUERY PLAN                                                                       
--------------------------------------------------------------------------------------------------------------------------------------------------------
 Index Scan Backward using idx on public.t (actual rows=5048576.00 loops=1)
   Output: a, b
   Index Cond: ((t.a >= '-164712'::integer) AND (t.a <= '-6945'::integer))
   Index Searches: 1
   Prefetch: distance=261.691 count=1435142 stalls=35 skipped=3893087 resets=0 ungets=279751 forwarded=2
             histogram [2,4) => 6, [4,8) => 10, [8,16) => 26, [16,32) => 82, [32,64) => 198, [64,128) => 643, [128,256) => 320226, [256,512) => 1113951
   Buffers: shared hit=872856 read=287098
 Settings: enable_bitmapscan = 'off', enable_seqscan = 'off', max_parallel_workers_per_gather = '0'
 Planning:
   Buffers: shared hit=78 read=22
 Planning Time: 5.717 ms
 Execution Time: 5730.006 ms
(12 rows)

SET
SET
SET
SET
SET
                                             QUERY PLAN                                             
----------------------------------------------------------------------------------------------------
 Index Scan Backward using idx on public.t (actual rows=5048576.00 loops=1)
   Output: a, b
   Index Cond: ((t.a >= '-164712'::integer) AND (t.a <= '-6945'::integer))
   Index Searches: 1
   Buffers: shared hit=1159954
 Settings: enable_bitmapscan = 'off', enable_seqscan = 'off', max_parallel_workers_per_gather = '0'
 Planning:
   Buffers: shared hit=105
 Planning Time: 0.404 ms
 Execution Time: 1397.922 ms
(10 rows)

