SET
SET
SET
SET
SET
                                                                         QUERY PLAN                                                                         
------------------------------------------------------------------------------------------------------------------------------------------------------------
 Index Scan Backward using idx on public.t (actual rows=9048576.00 loops=1)
   Output: a, b
   Index Cond: ((t.a >= '-287187'::integer) AND (t.a <= '-4420'::integer))
   Index Searches: 1
   Prefetch: distance=260.877 count=2528458 stalls=1862 skipped=6977211 resets=0 ungets=459338 forwarded=1
             histogram [2,4) => 62, [4,8) => 79, [8,16) => 134, [16,32) => 287, [32,64) => 752, [64,128) => 2285, [128,256) => 604803, [256,512) => 1920056
   Buffers: shared hit=1608015 read=471143
 Settings: enable_bitmapscan = 'off', enable_seqscan = 'off', max_parallel_workers_per_gather = '0'
 Planning:
   Buffers: shared hit=78 read=26
 Planning Time: 6.160 ms
 Execution Time: 9546.716 ms
(12 rows)

SET
SET
SET
SET
SET
                                             QUERY PLAN                                             
----------------------------------------------------------------------------------------------------
 Index Scan Backward using idx on public.t (actual rows=9048576.00 loops=1)
   Output: a, b
   Index Cond: ((t.a >= '-287187'::integer) AND (t.a <= '-4420'::integer))
   Index Searches: 1
   Buffers: shared hit=2079158
 Settings: enable_bitmapscan = 'off', enable_seqscan = 'off', max_parallel_workers_per_gather = '0'
 Planning:
   Buffers: shared hit=109
 Planning Time: 0.527 ms
 Execution Time: 2566.568 ms
(10 rows)

