SET
SET
SET
SET
SET
                                                                   QUERY PLAN                                                                    
-------------------------------------------------------------------------------------------------------------------------------------------------
 Index Scan Backward using idx on public.t (actual rows=9048576.00 loops=1)
   Output: a, b
   Index Cond: ((t.a >= '-308349'::integer) AND (t.a <= '-25582'::integer))
   Index Searches: 1
   Prefetch: distance=261.496 count=2532609 stalls=1 skipped=6976785 resets=0 ungets=461906 forwarded=1
             histogram [2,4) => 2, [4,8) => 3, [8,16) => 5, [16,32) => 9, [32,64) => 2, [64,128) => 2, [128,256) => 596310, [256,512) => 1936276
   Buffers: shared hit=1607922 read=471107
 Settings: enable_bitmapscan = 'off', enable_seqscan = 'off', max_parallel_workers_per_gather = '0'
 Planning:
   Buffers: shared hit=78 read=22
 Planning Time: 5.797 ms
 Execution Time: 9467.773 ms
(12 rows)

SET
SET
SET
SET
SET
                                             QUERY PLAN                                             
----------------------------------------------------------------------------------------------------
 Index Scan Backward using idx on public.t (actual rows=9048576.00 loops=1)
   Output: a, b
   Index Cond: ((t.a >= '-308349'::integer) AND (t.a <= '-25582'::integer))
   Index Searches: 1
   Buffers: shared hit=2079029
 Settings: enable_bitmapscan = 'off', enable_seqscan = 'off', max_parallel_workers_per_gather = '0'
 Planning:
   Buffers: shared hit=105
 Planning Time: 0.473 ms
 Execution Time: 2585.756 ms
(10 rows)

