SET
SET
SET
SET
SET
                                                                         QUERY PLAN                                                                          
-------------------------------------------------------------------------------------------------------------------------------------------------------------
 Index Scan Backward using idx on public.t (actual rows=2048576.00 loops=1)
   Output: a, b
   Index Cond: ((t.a >= '-67655'::integer) AND (t.a <= '-3638'::integer))
   Index Searches: 1
   Prefetch: distance=260.801 count=595742 stalls=4890 skipped=1578841 resets=0 ungets=132016 forwarded=0
             histogram [2,4) => 164, [4,8) => 176, [8,16) => 237, [16,32) => 426, [32,64) => 929, [64,128) => 2696, [128,256) => 114241, [256,512) => 476873
   Buffers: shared hit=333608 read=137097
 Settings: enable_bitmapscan = 'off', enable_seqscan = 'off', max_parallel_workers_per_gather = '0'
 Planning:
   Buffers: shared hit=78 read=26
 Planning Time: 6.295 ms
 Execution Time: 2737.970 ms
(12 rows)

SET
SET
SET
SET
SET
                                             QUERY PLAN                                             
----------------------------------------------------------------------------------------------------
 Index Scan Backward using idx on public.t (actual rows=2048576.00 loops=1)
   Output: a, b
   Index Cond: ((t.a >= '-67655'::integer) AND (t.a <= '-3638'::integer))
   Index Searches: 1
   Buffers: shared hit=470705
 Settings: enable_bitmapscan = 'off', enable_seqscan = 'off', max_parallel_workers_per_gather = '0'
 Planning:
   Buffers: shared hit=109
 Planning Time: 0.447 ms
 Execution Time: 588.785 ms
(10 rows)

