SET
SET
SET
SET
SET
                                                                       QUERY PLAN                                                                       
--------------------------------------------------------------------------------------------------------------------------------------------------------
 Index Scan Backward using idx on public.t (actual rows=7048576.00 loops=1)
   Output: a, b
   Index Cond: ((t.a >= '-228840'::integer) AND (t.a <= '-8573'::integer))
   Index Searches: 1
   Prefetch: distance=261.587 count=1989659 stalls=35 skipped=5435298 resets=0 ungets=376735 forwarded=1
             histogram [2,4) => 6, [4,8) => 10, [8,16) => 26, [16,32) => 73, [32,64) => 120, [64,128) => 395, [128,256) => 456489, [256,512) => 1532540
   Buffers: shared hit=1233583 read=385747
 Settings: enable_bitmapscan = 'off', enable_seqscan = 'off', max_parallel_workers_per_gather = '0'
 Planning:
   Buffers: shared hit=78 read=22
 Planning Time: 5.864 ms
 Execution Time: 7755.433 ms
(12 rows)

SET
SET
SET
SET
SET
                                             QUERY PLAN                                             
----------------------------------------------------------------------------------------------------
 Index Scan Backward using idx on public.t (actual rows=7048576.00 loops=1)
   Output: a, b
   Index Cond: ((t.a >= '-228840'::integer) AND (t.a <= '-8573'::integer))
   Index Searches: 1
   Buffers: shared hit=1619330
 Settings: enable_bitmapscan = 'off', enable_seqscan = 'off', max_parallel_workers_per_gather = '0'
 Planning:
   Buffers: shared hit=105
 Planning Time: 0.678 ms
 Execution Time: 2024.712 ms
(10 rows)

