SET
SET
SET
SET
SET
                                                                       QUERY PLAN                                                                       
--------------------------------------------------------------------------------------------------------------------------------------------------------
 Index Scan Backward using idx on public.t (actual rows=9048576.00 loops=1)
   Output: a, b
   Index Cond: ((t.a >= '-290649'::integer) AND (t.a <= '-7882'::integer))
   Index Searches: 1
   Prefetch: distance=261.277 count=2533310 stalls=35 skipped=6977383 resets=0 ungets=462439 forwarded=1
             histogram [2,4) => 6, [4,8) => 10, [8,16) => 26, [16,32) => 73, [32,64) => 120, [64,128) => 428, [128,256) => 601387, [256,512) => 1931260
   Buffers: shared hit=1605516 read=473537
 Settings: enable_bitmapscan = 'off', enable_seqscan = 'off', max_parallel_workers_per_gather = '0'
 Planning:
   Buffers: shared hit=78 read=22
 Planning Time: 5.886 ms
 Execution Time: 9585.531 ms
(12 rows)

SET
SET
SET
SET
SET
                                             QUERY PLAN                                             
----------------------------------------------------------------------------------------------------
 Index Scan Backward using idx on public.t (actual rows=9048576.00 loops=1)
   Output: a, b
   Index Cond: ((t.a >= '-290649'::integer) AND (t.a <= '-7882'::integer))
   Index Searches: 1
   Buffers: shared hit=2079053
 Settings: enable_bitmapscan = 'off', enable_seqscan = 'off', max_parallel_workers_per_gather = '0'
 Planning:
   Buffers: shared hit=105
 Planning Time: 0.441 ms
 Execution Time: 2517.387 ms
(10 rows)

