SET
SET
SET
SET
SET
                                                                 QUERY PLAN                                                                 
--------------------------------------------------------------------------------------------------------------------------------------------
 Index Scan using idx on public.t (actual rows=2048.00 loops=1)
   Output: a, b
   Index Cond: ((t.a >= '-16757'::integer) AND (t.a <= '-16694'::integer))
   Index Searches: 1
   Prefetch: distance=210.579 count=504 stalls=1 skipped=1524 resets=0 ungets=44 forwarded=0
             histogram [2,4) => 2, [4,8) => 4, [8,16) => 8, [16,32) => 16, [32,64) => 24, [64,128) => 40, [128,256) => 62, [256,512) => 348
   Buffers: shared hit=3 read=479
 Settings: enable_bitmapscan = 'off', enable_seqscan = 'off', max_parallel_workers_per_gather = '0'
 Planning:
   Buffers: shared hit=82 read=22
 Planning Time: 5.635 ms
 Execution Time: 7.142 ms
(12 rows)

SET
SET
SET
SET
SET
                                             QUERY PLAN                                             
----------------------------------------------------------------------------------------------------
 Index Scan using idx on public.t (actual rows=2048.00 loops=1)
   Output: a, b
   Index Cond: ((t.a >= '-16757'::integer) AND (t.a <= '-16694'::integer))
   Index Searches: 1
   Buffers: shared hit=482
 Settings: enable_bitmapscan = 'off', enable_seqscan = 'off', max_parallel_workers_per_gather = '0'
 Planning:
   Buffers: shared hit=109
 Planning Time: 0.357 ms
 Execution Time: 0.810 ms
(10 rows)

