SET
SET
SET
SET
SET
                                                                 QUERY PLAN                                                                 
--------------------------------------------------------------------------------------------------------------------------------------------
 Index Scan using idx on public.t (actual rows=16384.00 loops=1)
   Output: a, b
   Index Cond: ((t.a >= '-4478'::integer) AND (t.a <= '-3967'::integer))
   Index Searches: 1
   Prefetch: distance=264.678 count=4043 stalls=1 skipped=12049 resets=0 ungets=476 forwarded=23
             histogram [2,4) => 2, [4,8) => 4, [8,16) => 8, [16,32) => 9, [32,64) => 24, [64,128) => 101, [128,256) => 8, [256,512) => 3887
   Buffers: shared hit=185 read=3577
 Settings: enable_bitmapscan = 'off', enable_seqscan = 'off', max_parallel_workers_per_gather = '0'
 Planning:
   Buffers: shared hit=86 read=26
 Planning Time: 5.970 ms
 Execution Time: 32.601 ms
(12 rows)

SET
SET
SET
SET
SET
                                             QUERY PLAN                                             
----------------------------------------------------------------------------------------------------
 Index Scan using idx on public.t (actual rows=16384.00 loops=1)
   Output: a, b
   Index Cond: ((t.a >= '-4478'::integer) AND (t.a <= '-3967'::integer))
   Index Searches: 1
   Buffers: shared hit=3762
 Settings: enable_bitmapscan = 'off', enable_seqscan = 'off', max_parallel_workers_per_gather = '0'
 Planning:
   Buffers: shared hit=117
 Planning Time: 0.413 ms
 Execution Time: 4.963 ms
(10 rows)

