SET
SET
SET
SET
SET
                                                                  QUERY PLAN                                                                   
-----------------------------------------------------------------------------------------------------------------------------------------------
 Index Scan using idx on public.t (actual rows=262144.00 loops=1)
   Output: a, b
   Index Cond: ((t.a >= '-24402'::integer) AND (t.a <= '-16211'::integer))
   Index Searches: 1
   Prefetch: distance=270.275 count=67442 stalls=1 skipped=201438 resets=0 ungets=7696 forwarded=1922
             histogram [2,4) => 2, [4,8) => 4, [8,16) => 8, [16,32) => 28, [32,64) => 42, [64,128) => 64, [128,256) => 155, [256,512) => 67139
   Buffers: shared hit=16724 read=43468
 Settings: enable_bitmapscan = 'off', enable_seqscan = 'off', max_parallel_workers_per_gather = '0'
 Planning:
   Buffers: shared hit=82 read=22
 Planning Time: 5.630 ms
 Execution Time: 292.198 ms
(12 rows)

SET
SET
SET
SET
SET
                                             QUERY PLAN                                             
----------------------------------------------------------------------------------------------------
 Index Scan using idx on public.t (actual rows=262144.00 loops=1)
   Output: a, b
   Index Cond: ((t.a >= '-24402'::integer) AND (t.a <= '-16211'::integer))
   Index Searches: 1
   Buffers: shared hit=60204
 Settings: enable_bitmapscan = 'off', enable_seqscan = 'off', max_parallel_workers_per_gather = '0'
 Planning:
   Buffers: shared hit=109
 Planning Time: 0.385 ms
 Execution Time: 79.350 ms
(10 rows)

