SET
SET
SET
SET
SET
                                                                 QUERY PLAN                                                                  
---------------------------------------------------------------------------------------------------------------------------------------------
 Index Scan using idx on public.t (actual rows=32768.00 loops=1)
   Output: a, b
   Index Cond: ((t.a >= '-30858'::integer) AND (t.a <= '-29835'::integer))
   Index Searches: 1
   Prefetch: distance=268.260 count=8330 stalls=1 skipped=24763 resets=0 ungets=997 forwarded=53
             histogram [2,4) => 2, [4,8) => 4, [8,16) => 8, [16,32) => 15, [32,64) => 23, [64,128) => 39, [128,256) => 60, [256,512) => 8179
   Buffers: shared hit=293 read=7234
 Settings: enable_bitmapscan = 'off', enable_seqscan = 'off', max_parallel_workers_per_gather = '0'
 Planning:
   Buffers: shared hit=82 read=22
 Planning Time: 5.735 ms
 Execution Time: 52.470 ms
(12 rows)

SET
SET
SET
SET
SET
                                             QUERY PLAN                                             
----------------------------------------------------------------------------------------------------
 Index Scan using idx on public.t (actual rows=32768.00 loops=1)
   Output: a, b
   Index Cond: ((t.a >= '-30858'::integer) AND (t.a <= '-29835'::integer))
   Index Searches: 1
   Buffers: shared hit=7527
 Settings: enable_bitmapscan = 'off', enable_seqscan = 'off', max_parallel_workers_per_gather = '0'
 Planning:
   Buffers: shared hit=109
 Planning Time: 0.464 ms
 Execution Time: 15.293 ms
(10 rows)

