SET
SET
SET
SET
SET
                                                                   QUERY PLAN                                                                    
-------------------------------------------------------------------------------------------------------------------------------------------------
 Index Scan using idx on public.t (actual rows=524288.00 loops=1)
   Output: a, b
   Index Cond: ((t.a >= '-19140'::integer) AND (t.a <= '-2757'::integer))
   Index Searches: 1
   Prefetch: distance=267.843 count=131536 stalls=1 skipped=404138 resets=0 ungets=11674 forwarded=4314
             histogram [2,4) => 2, [4,8) => 4, [8,16) => 8, [16,32) => 14, [32,64) => 24, [64,128) => 40, [128,256) => 6357, [256,512) => 125087
   Buffers: shared hit=61938 read=58455
 Settings: enable_bitmapscan = 'off', enable_seqscan = 'off', max_parallel_workers_per_gather = '0'
 Planning:
   Buffers: shared hit=82 read=26
 Planning Time: 6.279 ms
 Execution Time: 414.911 ms
(12 rows)

SET
SET
SET
SET
SET
                                             QUERY PLAN                                             
----------------------------------------------------------------------------------------------------
 Index Scan using idx on public.t (actual rows=524288.00 loops=1)
   Output: a, b
   Index Cond: ((t.a >= '-19140'::integer) AND (t.a <= '-2757'::integer))
   Index Searches: 1
   Buffers: shared hit=120401
 Settings: enable_bitmapscan = 'off', enable_seqscan = 'off', max_parallel_workers_per_gather = '0'
 Planning:
   Buffers: shared hit=113
 Planning Time: 0.502 ms
 Execution Time: 143.244 ms
(10 rows)

