SET
SET
SET
SET
SET
                                                                    QUERY PLAN                                                                     
---------------------------------------------------------------------------------------------------------------------------------------------------
 Index Scan using idx on public.t (actual rows=7048576.00 loops=1)
   Output: a, b
   Index Cond: ((t.a >= '-241063'::integer) AND (t.a <= '-20796'::integer))
   Index Searches: 1
   Prefetch: distance=263.984 count=1648996 stalls=1 skipped=5434675 resets=0 ungets=36055 forwarded=39474
             histogram [2,4) => 2, [4,8) => 4, [8,16) => 8, [16,32) => 9, [32,64) => 24, [64,128) => 93, [128,256) => 225964, [256,512) => 1422892
   Buffers: shared hit=1221651 read=397750
 Settings: enable_bitmapscan = 'off', enable_seqscan = 'off', max_parallel_workers_per_gather = '0'
 Planning:
   Buffers: shared hit=82 read=22
 Planning Time: 5.719 ms
 Execution Time: 4079.413 ms
(12 rows)

SET
SET
SET
SET
SET
                                             QUERY PLAN                                             
----------------------------------------------------------------------------------------------------
 Index Scan using idx on public.t (actual rows=7048576.00 loops=1)
   Output: a, b
   Index Cond: ((t.a >= '-241063'::integer) AND (t.a <= '-20796'::integer))
   Index Searches: 1
   Buffers: shared hit=1619455
 Settings: enable_bitmapscan = 'off', enable_seqscan = 'off', max_parallel_workers_per_gather = '0'
 Planning:
   Buffers: shared hit=109
 Planning Time: 0.445 ms
 Execution Time: 2215.576 ms
(10 rows)

