SET
SET
SET
SET
SET
                                                                    QUERY PLAN                                                                     
---------------------------------------------------------------------------------------------------------------------------------------------------
 Index Scan using idx on public.t (actual rows=8048576.00 loops=1)
   Output: a, b
   Index Cond: ((t.a >= '-261829'::integer) AND (t.a <= '-10312'::integer))
   Index Searches: 1
   Prefetch: distance=263.796 count=1877350 stalls=1 skipped=6206212 resets=0 ungets=35434 forwarded=43967
             histogram [2,4) => 2, [4,8) => 4, [8,16) => 8, [16,32) => 9, [32,64) => 21, [64,128) => 33, [128,256) => 265284, [256,512) => 1611989
   Buffers: shared hit=1412397 read=436753
 Settings: enable_bitmapscan = 'off', enable_seqscan = 'off', max_parallel_workers_per_gather = '0'
 Planning:
   Buffers: shared hit=82 read=22
 Planning Time: 6.032 ms
 Execution Time: 4800.328 ms
(12 rows)

SET
SET
SET
SET
SET
                                             QUERY PLAN                                             
----------------------------------------------------------------------------------------------------
 Index Scan using idx on public.t (actual rows=8048576.00 loops=1)
   Output: a, b
   Index Cond: ((t.a >= '-261829'::integer) AND (t.a <= '-10312'::integer))
   Index Searches: 1
   Buffers: shared hit=1849209
 Settings: enable_bitmapscan = 'off', enable_seqscan = 'off', max_parallel_workers_per_gather = '0'
 Planning:
   Buffers: shared hit=109
 Planning Time: 0.416 ms
 Execution Time: 2109.649 ms
(10 rows)

