SET
SET
SET
SET
SET
                                                                    QUERY PLAN                                                                     
---------------------------------------------------------------------------------------------------------------------------------------------------
 Index Scan using idx on public.t (actual rows=6048576.00 loops=1)
   Output: a, b
   Index Cond: ((t.a >= '-189376'::integer) AND (t.a <= '-359'::integer))
   Index Searches: 1
   Prefetch: distance=263.766 count=1409995 stalls=1 skipped=4663763 resets=0 ungets=26046 forwarded=32770
             histogram [2,4) => 2, [4,8) => 4, [8,16) => 8, [16,32) => 9, [32,64) => 23, [64,128) => 40, [128,256) => 199950, [256,512) => 1209959
   Buffers: shared hit=1062664 read=326841
 Settings: enable_bitmapscan = 'off', enable_seqscan = 'off', max_parallel_workers_per_gather = '0'
 Planning:
   Buffers: shared hit=82 read=26
 Planning Time: 6.487 ms
 Execution Time: 3581.468 ms
(12 rows)

SET
SET
SET
SET
SET
                                             QUERY PLAN                                             
----------------------------------------------------------------------------------------------------
 Index Scan using idx on public.t (actual rows=6048576.00 loops=1)
   Output: a, b
   Index Cond: ((t.a >= '-189376'::integer) AND (t.a <= '-359'::integer))
   Index Searches: 1
   Buffers: shared hit=1389551
 Settings: enable_bitmapscan = 'off', enable_seqscan = 'off', max_parallel_workers_per_gather = '0'
 Planning:
   Buffers: shared hit=113
 Planning Time: 0.437 ms
 Execution Time: 1809.355 ms
(10 rows)

