SET
SET
SET
SET
SET
                                                                    QUERY PLAN                                                                     
---------------------------------------------------------------------------------------------------------------------------------------------------
 Index Scan using idx on public.t (actual rows=5048576.00 loops=1)
   Output: a, b
   Index Cond: ((t.a >= '-188624'::integer) AND (t.a <= '-30857'::integer))
   Index Searches: 1
   Prefetch: distance=264.343 count=1188323 stalls=1 skipped=3892817 resets=0 ungets=33012 forwarded=29497
             histogram [2,4) => 2, [4,8) => 4, [8,16) => 8, [16,32) => 9, [32,64) => 24, [64,128) => 38, [128,256) => 153060, [256,512) => 1035178
   Buffers: shared hit=853379 read=306507
 Settings: enable_bitmapscan = 'off', enable_seqscan = 'off', max_parallel_workers_per_gather = '0'
 Planning:
   Buffers: shared hit=82 read=22
 Planning Time: 6.258 ms
 Execution Time: 3108.321 ms
(12 rows)

SET
SET
SET
SET
SET
                                             QUERY PLAN                                             
----------------------------------------------------------------------------------------------------
 Index Scan using idx on public.t (actual rows=5048576.00 loops=1)
   Output: a, b
   Index Cond: ((t.a >= '-188624'::integer) AND (t.a <= '-30857'::integer))
   Index Searches: 1
   Buffers: shared hit=1159924
 Settings: enable_bitmapscan = 'off', enable_seqscan = 'off', max_parallel_workers_per_gather = '0'
 Planning:
   Buffers: shared hit=109
 Planning Time: 0.475 ms
 Execution Time: 1303.632 ms
(10 rows)

