SET
SET
SET
SET
SET
                                                                    QUERY PLAN                                                                    
--------------------------------------------------------------------------------------------------------------------------------------------------
 Index Scan using idx on public.t (actual rows=2048576.00 loops=1)
   Output: a, b
   Index Cond: ((t.a >= '-83647'::integer) AND (t.a <= '-19630'::integer))
   Index Searches: 1
   Prefetch: distance=265.635 count=493057 stalls=1 skipped=1579633 resets=0 ungets=24306 forwarded=14280
             histogram [2,4) => 2, [4,8) => 4, [8,16) => 8, [16,32) => 16, [32,64) => 24, [64,128) => 39, [128,256) => 48863, [256,512) => 444101
   Buffers: shared hit=316064 read=154538
 Settings: enable_bitmapscan = 'off', enable_seqscan = 'off', max_parallel_workers_per_gather = '0'
 Planning:
   Buffers: shared hit=82 read=22
 Planning Time: 5.791 ms
 Execution Time: 1324.425 ms
(12 rows)

SET
SET
SET
SET
SET
                                             QUERY PLAN                                             
----------------------------------------------------------------------------------------------------
 Index Scan using idx on public.t (actual rows=2048576.00 loops=1)
   Output: a, b
   Index Cond: ((t.a >= '-83647'::integer) AND (t.a <= '-19630'::integer))
   Index Searches: 1
   Buffers: shared hit=470631
 Settings: enable_bitmapscan = 'off', enable_seqscan = 'off', max_parallel_workers_per_gather = '0'
 Planning:
   Buffers: shared hit=109
 Planning Time: 0.429 ms
 Execution Time: 662.158 ms
(10 rows)

