SET
SET
SET
SET
SET
                                             QUERY PLAN                                             
----------------------------------------------------------------------------------------------------
 Index Scan using idx on public.t (actual rows=512.00 loops=1)
   Output: a, b
   Index Cond: ((t.a >= '-15434'::integer) AND (t.a <= '-15403'::integer))
   Index Searches: 1
   Prefetch: distance=2.000 count=6 stalls=194 skipped=61 resets=0 ungets=0 forwarded=0
             histogram [2,4) => 6
   Buffers: shared hit=361 read=33
 Settings: enable_bitmapscan = 'off', enable_seqscan = 'off', max_parallel_workers_per_gather = '0'
 Planning:
   Buffers: shared hit=82 read=22
 Planning Time: 5.582 ms
 Execution Time: 3.244 ms
(12 rows)

SET
SET
SET
SET
SET
                                             QUERY PLAN                                             
----------------------------------------------------------------------------------------------------
 Index Scan using idx on public.t (actual rows=512.00 loops=1)
   Output: a, b
   Index Cond: ((t.a >= '-15434'::integer) AND (t.a <= '-15403'::integer))
   Index Searches: 1
   Buffers: shared hit=394
 Settings: enable_bitmapscan = 'off', enable_seqscan = 'off', max_parallel_workers_per_gather = '0'
 Planning:
   Buffers: shared hit=109
 Planning Time: 0.318 ms
 Execution Time: 0.225 ms
(10 rows)

