SET
SET
SET
SET
SET
                                             QUERY PLAN                                             
----------------------------------------------------------------------------------------------------
 Index Scan using idx on public.t (actual rows=1024.00 loops=1)
   Output: a, b
   Index Cond: ((t.a >= '-22703'::integer) AND (t.a <= '-22640'::integer))
   Index Searches: 1
   Prefetch: distance=2.000 count=22 stalls=661 skipped=226 resets=0 ungets=0 forwarded=0
             histogram [2,4) => 22
   Buffers: shared hit=731 read=41
 Settings: enable_bitmapscan = 'off', enable_seqscan = 'off', max_parallel_workers_per_gather = '0'
 Planning:
   Buffers: shared hit=82 read=22
 Planning Time: 5.676 ms
 Execution Time: 3.303 ms
(12 rows)

SET
SET
SET
SET
SET
                                             QUERY PLAN                                             
----------------------------------------------------------------------------------------------------
 Index Scan using idx on public.t (actual rows=1024.00 loops=1)
   Output: a, b
   Index Cond: ((t.a >= '-22703'::integer) AND (t.a <= '-22640'::integer))
   Index Searches: 1
   Buffers: shared hit=772
 Settings: enable_bitmapscan = 'off', enable_seqscan = 'off', max_parallel_workers_per_gather = '0'
 Planning:
   Buffers: shared hit=109
 Planning Time: 0.300 ms
 Execution Time: 0.330 ms
(10 rows)

