SET
SET
SET
SET
SET
                                             QUERY PLAN                                             
----------------------------------------------------------------------------------------------------
 Index Scan using idx on public.t (actual rows=2048.00 loops=1)
   Output: a, b
   Index Cond: ((t.a >= '-31651'::integer) AND (t.a <= '-31524'::integer))
   Index Searches: 1
   Prefetch: distance=2.140 count=43 stalls=1240 skipped=420 resets=0 ungets=0 forwarded=0
             histogram [2,4) => 40, [4,8) => 3
   Buffers: shared hit=1504 read=56
 Settings: enable_bitmapscan = 'off', enable_seqscan = 'off', max_parallel_workers_per_gather = '0'
 Planning:
   Buffers: shared hit=82 read=22
 Planning Time: 5.806 ms
 Execution Time: 3.618 ms
(12 rows)

SET
SET
SET
SET
SET
                                             QUERY PLAN                                             
----------------------------------------------------------------------------------------------------
 Index Scan using idx on public.t (actual rows=2048.00 loops=1)
   Output: a, b
   Index Cond: ((t.a >= '-31651'::integer) AND (t.a <= '-31524'::integer))
   Index Searches: 1
   Buffers: shared hit=1560
 Settings: enable_bitmapscan = 'off', enable_seqscan = 'off', max_parallel_workers_per_gather = '0'
 Planning:
   Buffers: shared hit=109
 Planning Time: 0.349 ms
 Execution Time: 0.642 ms
(10 rows)

