SET
SET
SET
SET
SET
                                                                  QUERY PLAN                                                                  
----------------------------------------------------------------------------------------------------------------------------------------------
 Index Scan using idx on public.t (actual rows=65536.00 loops=1)
   Output: a, b
   Index Cond: ((t.a >= '-2953'::integer) AND (t.a <= '-906'::integer))
   Index Searches: 1
   Prefetch: distance=269.686 count=16929 stalls=1 skipped=50447 resets=0 ungets=2000 forwarded=309
             histogram [2,4) => 2, [4,8) => 4, [8,16) => 8, [16,32) => 14, [32,64) => 17, [64,128) => 39, [128,256) => 61, [256,512) => 16784
   Buffers: shared hit=2340 read=12689
 Settings: enable_bitmapscan = 'off', enable_seqscan = 'off', max_parallel_workers_per_gather = '0'
 Planning:
   Buffers: shared hit=86 read=26
 Planning Time: 6.211 ms
 Execution Time: 78.010 ms
(12 rows)

SET
SET
SET
SET
SET
                                             QUERY PLAN                                             
----------------------------------------------------------------------------------------------------
 Index Scan using idx on public.t (actual rows=65536.00 loops=1)
   Output: a, b
   Index Cond: ((t.a >= '-2953'::integer) AND (t.a <= '-906'::integer))
   Index Searches: 1
   Buffers: shared hit=15033
 Settings: enable_bitmapscan = 'off', enable_seqscan = 'off', max_parallel_workers_per_gather = '0'
 Planning:
   Buffers: shared hit=117
 Planning Time: 0.419 ms
 Execution Time: 19.675 ms
(10 rows)

