SET
SET
SET
SET
SET
                                                                 QUERY PLAN                                                                 
--------------------------------------------------------------------------------------------------------------------------------------------
 Index Scan using idx on public.t (actual rows=2048.00 loops=1)
   Output: a, b
   Index Cond: ((t.a >= '-18613'::integer) AND (t.a <= '-18550'::integer))
   Index Searches: 1
   Prefetch: distance=212.974 count=501 stalls=1 skipped=1557 resets=0 ungets=42 forwarded=0
             histogram [2,4) => 2, [4,8) => 4, [8,16) => 7, [16,32) => 14, [32,64) => 22, [64,128) => 40, [128,256) => 61, [256,512) => 351
   Buffers: shared hit=3 read=472
 Settings: enable_bitmapscan = 'off', enable_seqscan = 'off', max_parallel_workers_per_gather = '0'
 Planning:
   Buffers: shared hit=82 read=22
 Planning Time: 5.620 ms
 Execution Time: 6.779 ms
(12 rows)

SET
SET
SET
SET
SET
                                             QUERY PLAN                                             
----------------------------------------------------------------------------------------------------
 Index Scan using idx on public.t (actual rows=2048.00 loops=1)
   Output: a, b
   Index Cond: ((t.a >= '-18613'::integer) AND (t.a <= '-18550'::integer))
   Index Searches: 1
   Buffers: shared hit=475
 Settings: enable_bitmapscan = 'off', enable_seqscan = 'off', max_parallel_workers_per_gather = '0'
 Planning:
   Buffers: shared hit=109
 Planning Time: 0.324 ms
 Execution Time: 0.774 ms
(10 rows)

