SET
SET
SET
SET
SET
                                                                 QUERY PLAN                                                                  
---------------------------------------------------------------------------------------------------------------------------------------------
 Index Scan using idx on public.t (actual rows=16384.00 loops=1)
   Output: a, b
   Index Cond: ((t.a >= '-16868'::integer) AND (t.a <= '-16357'::integer))
   Index Searches: 1
   Prefetch: distance=264.533 count=4059 stalls=1 skipped=12033 resets=0 ungets=476 forwarded=12
             histogram [2,4) => 2, [4,8) => 4, [8,16) => 8, [16,32) => 15, [32,64) => 23, [64,128) => 41, [128,256) => 58, [256,512) => 3908
   Buffers: shared hit=60 read=3717
 Settings: enable_bitmapscan = 'off', enable_seqscan = 'off', max_parallel_workers_per_gather = '0'
 Planning:
   Buffers: shared hit=82 read=22
 Planning Time: 5.576 ms
 Execution Time: 35.668 ms
(12 rows)

SET
SET
SET
SET
SET
                                             QUERY PLAN                                             
----------------------------------------------------------------------------------------------------
 Index Scan using idx on public.t (actual rows=16384.00 loops=1)
   Output: a, b
   Index Cond: ((t.a >= '-16868'::integer) AND (t.a <= '-16357'::integer))
   Index Searches: 1
   Buffers: shared hit=3777
 Settings: enable_bitmapscan = 'off', enable_seqscan = 'off', max_parallel_workers_per_gather = '0'
 Planning:
   Buffers: shared hit=109
 Planning Time: 0.343 ms
 Execution Time: 4.686 ms
(10 rows)

