SET
SET
SET
SET
SET
                                             QUERY PLAN                                             
----------------------------------------------------------------------------------------------------
 Index Scan using idx on public.t (actual rows=4096.00 loops=1)
   Output: a, b
   Index Cond: ((t.a >= '-27658'::integer) AND (t.a <= '-27403'::integer))
   Index Searches: 1
   Prefetch: distance=2.000 count=106 stalls=2920 skipped=1035 resets=0 ungets=0 forwarded=0
             histogram [2,4) => 106
   Buffers: shared hit=2981 read=86
 Settings: enable_bitmapscan = 'off', enable_seqscan = 'off', max_parallel_workers_per_gather = '0'
 Planning:
   Buffers: shared hit=82 read=22
 Planning Time: 6.035 ms
 Execution Time: 4.891 ms
(12 rows)

SET
SET
SET
SET
SET
                                             QUERY PLAN                                             
----------------------------------------------------------------------------------------------------
 Index Scan using idx on public.t (actual rows=4096.00 loops=1)
   Output: a, b
   Index Cond: ((t.a >= '-27658'::integer) AND (t.a <= '-27403'::integer))
   Index Searches: 1
   Buffers: shared hit=3067
 Settings: enable_bitmapscan = 'off', enable_seqscan = 'off', max_parallel_workers_per_gather = '0'
 Planning:
   Buffers: shared hit=109
 Planning Time: 0.320 ms
 Execution Time: 1.057 ms
(10 rows)

