SET
SET
SET
SET
SET
                                                                  QUERY PLAN                                                                  
----------------------------------------------------------------------------------------------------------------------------------------------
 Index Scan using idx on public.t (actual rows=262144.00 loops=1)
   Output: a, b
   Index Cond: ((t.a >= '-28777'::integer) AND (t.a <= '-20586'::integer))
   Index Searches: 1
   Prefetch: distance=270.405 count=67512 stalls=1 skipped=201424 resets=0 ungets=7752 forwarded=1891
             histogram [2,4) => 2, [4,8) => 4, [8,16) => 8, [16,32) => 9, [32,64) => 22, [64,128) => 39, [128,256) => 166, [256,512) => 67262
   Buffers: shared hit=15729 read=44481
 Settings: enable_bitmapscan = 'off', enable_seqscan = 'off', max_parallel_workers_per_gather = '0'
 Planning:
   Buffers: shared hit=82 read=22
 Planning Time: 5.766 ms
 Execution Time: 295.002 ms
(12 rows)

SET
SET
SET
SET
SET
                                             QUERY PLAN                                             
----------------------------------------------------------------------------------------------------
 Index Scan using idx on public.t (actual rows=262144.00 loops=1)
   Output: a, b
   Index Cond: ((t.a >= '-28777'::integer) AND (t.a <= '-20586'::integer))
   Index Searches: 1
   Buffers: shared hit=60220
 Settings: enable_bitmapscan = 'off', enable_seqscan = 'off', max_parallel_workers_per_gather = '0'
 Planning:
   Buffers: shared hit=109
 Planning Time: 0.359 ms
 Execution Time: 77.554 ms
(10 rows)

