SET
SET
SET
SET
SET
                                                                    QUERY PLAN                                                                    
--------------------------------------------------------------------------------------------------------------------------------------------------
 Index Scan using idx on public.t (actual rows=3048576.00 loops=1)
   Output: a, b
   Index Cond: ((t.a >= '-123057'::integer) AND (t.a <= '-27790'::integer))
   Index Searches: 1
   Prefetch: distance=265.007 count=725974 stalls=1 skipped=2350762 resets=0 ungets=28192 forwarded=19393
             histogram [2,4) => 2, [4,8) => 4, [8,16) => 8, [16,32) => 15, [32,64) => 24, [64,128) => 39, [128,256) => 82401, [256,512) => 643481
   Buffers: shared hit=492621 read=207878
 Settings: enable_bitmapscan = 'off', enable_seqscan = 'off', max_parallel_workers_per_gather = '0'
 Planning:
   Buffers: shared hit=82 read=22
 Planning Time: 5.732 ms
 Execution Time: 1990.921 ms
(12 rows)

SET
SET
SET
SET
SET
                                             QUERY PLAN                                             
----------------------------------------------------------------------------------------------------
 Index Scan using idx on public.t (actual rows=3048576.00 loops=1)
   Output: a, b
   Index Cond: ((t.a >= '-123057'::integer) AND (t.a <= '-27790'::integer))
   Index Searches: 1
   Buffers: shared hit=700518
 Settings: enable_bitmapscan = 'off', enable_seqscan = 'off', max_parallel_workers_per_gather = '0'
 Planning:
   Buffers: shared hit=109
 Planning Time: 0.401 ms
 Execution Time: 929.914 ms
(10 rows)

