SET
SET
SET
SET
SET
                                                                 QUERY PLAN                                                                  
---------------------------------------------------------------------------------------------------------------------------------------------
 Index Scan using idx on public.t (actual rows=32768.00 loops=1)
   Output: a, b
   Index Cond: ((t.a >= '-28588'::integer) AND (t.a <= '-27565'::integer))
   Index Searches: 1
   Prefetch: distance=268.474 count=8405 stalls=1 skipped=24858 resets=0 ungets=1007 forwarded=32
             histogram [2,4) => 2, [4,8) => 4, [8,16) => 8, [16,32) => 15, [32,64) => 24, [64,128) => 39, [128,256) => 51, [256,512) => 8262
   Buffers: shared hit=222 read=7326
 Settings: enable_bitmapscan = 'off', enable_seqscan = 'off', max_parallel_workers_per_gather = '0'
 Planning:
   Buffers: shared hit=82 read=22
 Planning Time: 5.783 ms
 Execution Time: 47.202 ms
(12 rows)

SET
SET
SET
SET
SET
                                             QUERY PLAN                                             
----------------------------------------------------------------------------------------------------
 Index Scan using idx on public.t (actual rows=32768.00 loops=1)
   Output: a, b
   Index Cond: ((t.a >= '-28588'::integer) AND (t.a <= '-27565'::integer))
   Index Searches: 1
   Buffers: shared hit=7548
 Settings: enable_bitmapscan = 'off', enable_seqscan = 'off', max_parallel_workers_per_gather = '0'
 Planning:
   Buffers: shared hit=109
 Planning Time: 0.381 ms
 Execution Time: 10.517 ms
(10 rows)

