SET
SET
SET
SET
SET
                                                                 QUERY PLAN                                                                  
---------------------------------------------------------------------------------------------------------------------------------------------
 Index Scan using idx on public.t (actual rows=16384.00 loops=1)
   Output: a, b
   Index Cond: ((t.a >= '-23821'::integer) AND (t.a <= '-23310'::integer))
   Index Searches: 1
   Prefetch: distance=265.173 count=4253 stalls=1 skipped=12592 resets=0 ungets=493 forwarded=8
             histogram [2,4) => 2, [4,8) => 4, [8,16) => 8, [16,32) => 10, [32,64) => 23, [64,128) => 40, [128,256) => 59, [256,512) => 4107
   Buffers: shared hit=77 read=3711
 Settings: enable_bitmapscan = 'off', enable_seqscan = 'off', max_parallel_workers_per_gather = '0'
 Planning:
   Buffers: shared hit=82 read=22
 Planning Time: 6.445 ms
 Execution Time: 22.469 ms
(12 rows)

SET
SET
SET
SET
SET
                                             QUERY PLAN                                             
----------------------------------------------------------------------------------------------------
 Index Scan using idx on public.t (actual rows=16384.00 loops=1)
   Output: a, b
   Index Cond: ((t.a >= '-23821'::integer) AND (t.a <= '-23310'::integer))
   Index Searches: 1
   Buffers: shared hit=3788
 Settings: enable_bitmapscan = 'off', enable_seqscan = 'off', max_parallel_workers_per_gather = '0'
 Planning:
   Buffers: shared hit=109
 Planning Time: 0.392 ms
 Execution Time: 5.961 ms
(10 rows)

