SET
SET
SET
SET
SET
                                                                    QUERY PLAN                                                                     
---------------------------------------------------------------------------------------------------------------------------------------------------
 Index Scan using idx on public.t (actual rows=4048576.00 loops=1)
   Output: a, b
   Index Cond: ((t.a >= '-131959'::integer) AND (t.a <= '-5442'::integer))
   Index Searches: 1
   Prefetch: distance=264.167 count=950626 stalls=1 skipped=3121529 resets=0 ungets=24187 forwarded=23286
             histogram [2,4) => 2, [4,8) => 4, [8,16) => 8, [16,32) => 15, [32,64) => 33, [64,128) => 88, [128,256) => 125702, [256,512) => 824774
   Buffers: shared hit=693611 read=236560
 Settings: enable_bitmapscan = 'off', enable_seqscan = 'off', max_parallel_workers_per_gather = '0'
 Planning:
   Buffers: shared hit=82 read=26
 Planning Time: 5.938 ms
 Execution Time: 2341.234 ms
(12 rows)

SET
SET
SET
SET
SET
                                             QUERY PLAN                                             
----------------------------------------------------------------------------------------------------
 Index Scan using idx on public.t (actual rows=4048576.00 loops=1)
   Output: a, b
   Index Cond: ((t.a >= '-131959'::integer) AND (t.a <= '-5442'::integer))
   Index Searches: 1
   Buffers: shared hit=930198
 Settings: enable_bitmapscan = 'off', enable_seqscan = 'off', max_parallel_workers_per_gather = '0'
 Planning:
   Buffers: shared hit=113
 Planning Time: 0.436 ms
 Execution Time: 1032.892 ms
(10 rows)

