SET
SET
SET
SET
SET
                                                                     QUERY PLAN                                                                     
----------------------------------------------------------------------------------------------------------------------------------------------------
 Index Scan using idx on public.t (actual rows=6048576.00 loops=1)
   Output: a, b
   Index Cond: ((t.a >= '-204206'::integer) AND (t.a <= '-15189'::integer))
   Index Searches: 1
   Prefetch: distance=264.045 count=1416588 stalls=1 skipped=4664456 resets=0 ungets=32532 forwarded=34157
             histogram [2,4) => 2, [4,8) => 4, [8,16) => 8, [16,32) => 16, [32,64) => 23, [64,128) => 39, [128,256) => 191721, [256,512) => 1224775
   Buffers: shared hit=1044642 read=344794
 Settings: enable_bitmapscan = 'off', enable_seqscan = 'off', max_parallel_workers_per_gather = '0'
 Planning:
   Buffers: shared hit=82 read=22
 Planning Time: 5.599 ms
 Execution Time: 3490.771 ms
(12 rows)

SET
SET
SET
SET
SET
                                             QUERY PLAN                                             
----------------------------------------------------------------------------------------------------
 Index Scan using idx on public.t (actual rows=6048576.00 loops=1)
   Output: a, b
   Index Cond: ((t.a >= '-204206'::integer) AND (t.a <= '-15189'::integer))
   Index Searches: 1
   Buffers: shared hit=1389478
 Settings: enable_bitmapscan = 'off', enable_seqscan = 'off', max_parallel_workers_per_gather = '0'
 Planning:
   Buffers: shared hit=109
 Planning Time: 0.440 ms
 Execution Time: 1926.679 ms
(10 rows)

