SET
SET
SET
SET
SET
                                                                  QUERY PLAN                                                                  
----------------------------------------------------------------------------------------------------------------------------------------------
 Index Scan using idx on public.t (actual rows=131072.00 loops=1)
   Output: a, b
   Index Cond: ((t.a >= '-14626'::integer) AND (t.a <= '-10531'::integer))
   Index Searches: 1
   Prefetch: distance=270.355 count=33991 stalls=1 skipped=100942 resets=0 ungets=4021 forwarded=761
             histogram [2,4) => 2, [4,8) => 4, [8,16) => 7, [16,32) => 16, [32,64) => 24, [64,128) => 40, [128,256) => 71, [256,512) => 33827
   Buffers: shared hit=5505 read=24623
 Settings: enable_bitmapscan = 'off', enable_seqscan = 'off', max_parallel_workers_per_gather = '0'
 Planning:
   Buffers: shared hit=82 read=22
 Planning Time: 5.976 ms
 Execution Time: 151.663 ms
(12 rows)

SET
SET
SET
SET
SET
                                             QUERY PLAN                                             
----------------------------------------------------------------------------------------------------
 Index Scan using idx on public.t (actual rows=131072.00 loops=1)
   Output: a, b
   Index Cond: ((t.a >= '-14626'::integer) AND (t.a <= '-10531'::integer))
   Index Searches: 1
   Buffers: shared hit=30131
 Settings: enable_bitmapscan = 'off', enable_seqscan = 'off', max_parallel_workers_per_gather = '0'
 Planning:
   Buffers: shared hit=109
 Planning Time: 0.452 ms
 Execution Time: 57.454 ms
(10 rows)

