SET
SET
SET
SET
SET
                                                                    QUERY PLAN                                                                    
--------------------------------------------------------------------------------------------------------------------------------------------------
 Index Scan using idx on public.t (actual rows=1048576.00 loops=1)
   Output: a, b
   Index Cond: ((t.a >= '-34159'::integer) AND (t.a <= '-1392'::integer))
   Index Searches: 1
   Prefetch: distance=266.015 count=254608 stalls=1 skipped=808469 resets=0 ungets=14789 forwarded=7628
             histogram [2,4) => 2, [4,8) => 4, [8,16) => 8, [16,32) => 16, [32,64) => 22, [64,128) => 33, [128,256) => 22794, [256,512) => 231729
   Buffers: shared hit=155583 read=85221
 Settings: enable_bitmapscan = 'off', enable_seqscan = 'off', max_parallel_workers_per_gather = '0'
 Planning:
   Buffers: shared hit=82 read=26
 Planning Time: 5.986 ms
 Execution Time: 702.418 ms
(12 rows)

SET
SET
SET
SET
SET
                                             QUERY PLAN                                             
----------------------------------------------------------------------------------------------------
 Index Scan using idx on public.t (actual rows=1048576.00 loops=1)
   Output: a, b
   Index Cond: ((t.a >= '-34159'::integer) AND (t.a <= '-1392'::integer))
   Index Searches: 1
   Buffers: shared hit=240823
 Settings: enable_bitmapscan = 'off', enable_seqscan = 'off', max_parallel_workers_per_gather = '0'
 Planning:
   Buffers: shared hit=113
 Planning Time: 0.570 ms
 Execution Time: 332.933 ms
(10 rows)

