SET
SET
SET
SET
SET
                                                                   QUERY PLAN                                                                    
-------------------------------------------------------------------------------------------------------------------------------------------------
 Index Scan using idx on public.t (actual rows=2048576.00 loops=1)
   Output: a, b
   Index Cond: ((t.a >= '-76250'::integer) AND (t.a <= '-12233'::integer))
   Index Searches: 1
   Prefetch: distance=265.380 count=490924 stalls=1 skipped=1579274 resets=0 ungets=22198 forwarded=13752
             histogram [2,4) => 2, [4,8) => 4, [8,16) => 8, [16,32) => 9, [32,64) => 24, [64,128) => 38, [128,256) => 51416, [256,512) => 439423
   Buffers: shared hit=322890 read=147786
 Settings: enable_bitmapscan = 'off', enable_seqscan = 'off', max_parallel_workers_per_gather = '0'
 Planning:
   Buffers: shared hit=82 read=22
 Planning Time: 5.572 ms
 Execution Time: 1378.945 ms
(12 rows)

SET
SET
SET
SET
SET
                                             QUERY PLAN                                             
----------------------------------------------------------------------------------------------------
 Index Scan using idx on public.t (actual rows=2048576.00 loops=1)
   Output: a, b
   Index Cond: ((t.a >= '-76250'::integer) AND (t.a <= '-12233'::integer))
   Index Searches: 1
   Buffers: shared hit=470697
 Settings: enable_bitmapscan = 'off', enable_seqscan = 'off', max_parallel_workers_per_gather = '0'
 Planning:
   Buffers: shared hit=109
 Planning Time: 0.402 ms
 Execution Time: 628.221 ms
(10 rows)

