SET
SET
SET
SET
SET
                                                       QUERY PLAN                                                        
-------------------------------------------------------------------------------------------------------------------------
 Index Scan using idx on public.t (actual rows=512.00 loops=1)
   Output: a, b
   Index Cond: ((t.a >= '-10513'::integer) AND (t.a <= '-10498'::integer))
   Index Searches: 1
   Prefetch: distance=43.792 count=96 stalls=1 skipped=320 resets=0 ungets=0 forwarded=0
             histogram [2,4) => 2, [4,8) => 4, [8,16) => 7, [16,32) => 16, [32,64) => 23, [64,128) => 39, [128,256) => 5
   Buffers: shared hit=3 read=122
 Settings: enable_bitmapscan = 'off', enable_seqscan = 'off', max_parallel_workers_per_gather = '0'
 Planning:
   Buffers: shared hit=82 read=22
 Planning Time: 5.508 ms
 Execution Time: 4.827 ms
(12 rows)

SET
SET
SET
SET
SET
                                             QUERY PLAN                                             
----------------------------------------------------------------------------------------------------
 Index Scan using idx on public.t (actual rows=512.00 loops=1)
   Output: a, b
   Index Cond: ((t.a >= '-10513'::integer) AND (t.a <= '-10498'::integer))
   Index Searches: 1
   Buffers: shared hit=125
 Settings: enable_bitmapscan = 'off', enable_seqscan = 'off', max_parallel_workers_per_gather = '0'
 Planning:
   Buffers: shared hit=109
 Planning Time: 0.317 ms
 Execution Time: 0.274 ms
(10 rows)

