SET
SET
SET
SET
SET
                                                                 QUERY PLAN                                                                 
--------------------------------------------------------------------------------------------------------------------------------------------
 Index Scan using idx on public.t (actual rows=2048.00 loops=1)
   Output: a, b
   Index Cond: ((t.a >= '-1299'::integer) AND (t.a <= '-1236'::integer))
   Index Searches: 1
   Prefetch: distance=176.488 count=303 stalls=1 skipped=964 resets=0 ungets=19 forwarded=0
             histogram [2,4) => 2, [4,8) => 4, [8,16) => 8, [16,32) => 16, [32,64) => 23, [64,128) => 39, [128,256) => 51, [256,512) => 160
   Buffers: shared hit=5 read=468
 Settings: enable_bitmapscan = 'off', enable_seqscan = 'off', max_parallel_workers_per_gather = '0'
 Planning:
   Buffers: shared hit=86 read=26
 Planning Time: 6.100 ms
 Execution Time: 16.067 ms
(12 rows)

SET
SET
SET
SET
SET
                                             QUERY PLAN                                             
----------------------------------------------------------------------------------------------------
 Index Scan using idx on public.t (actual rows=2048.00 loops=1)
   Output: a, b
   Index Cond: ((t.a >= '-1299'::integer) AND (t.a <= '-1236'::integer))
   Index Searches: 1
   Buffers: shared hit=473
 Settings: enable_bitmapscan = 'off', enable_seqscan = 'off', max_parallel_workers_per_gather = '0'
 Planning:
   Buffers: shared hit=117
 Planning Time: 0.408 ms
 Execution Time: 0.844 ms
(10 rows)

