SET
SET
SET
SET
SET
                                                                 QUERY PLAN                                                                 
--------------------------------------------------------------------------------------------------------------------------------------------
 Index Scan using idx on public.t (actual rows=16384.00 loops=1)
   Output: a, b
   Index Cond: ((t.a >= '-31203'::integer) AND (t.a <= '-30692'::integer))
   Index Searches: 1
   Prefetch: distance=265.472 count=4213 stalls=1 skipped=12541 resets=0 ungets=498 forwarded=11
             histogram [2,4) => 2, [4,8) => 4, [8,16) => 8, [16,32) => 9, [32,64) => 24, [64,128) => 40, [128,256) => 48, [256,512) => 4078
   Buffers: shared hit=87 read=3677
 Settings: enable_bitmapscan = 'off', enable_seqscan = 'off', max_parallel_workers_per_gather = '0'
 Planning:
   Buffers: shared hit=82 read=22
 Planning Time: 5.379 ms
 Execution Time: 24.498 ms
(12 rows)

SET
SET
SET
SET
SET
                                             QUERY PLAN                                             
----------------------------------------------------------------------------------------------------
 Index Scan using idx on public.t (actual rows=16384.00 loops=1)
   Output: a, b
   Index Cond: ((t.a >= '-31203'::integer) AND (t.a <= '-30692'::integer))
   Index Searches: 1
   Buffers: shared hit=3764
 Settings: enable_bitmapscan = 'off', enable_seqscan = 'off', max_parallel_workers_per_gather = '0'
 Planning:
   Buffers: shared hit=109
 Planning Time: 0.349 ms
 Execution Time: 5.212 ms
(10 rows)

