SET
SET
SET
SET
SET
                                                                    QUERY PLAN                                                                     
---------------------------------------------------------------------------------------------------------------------------------------------------
 Index Scan using idx on public.t (actual rows=4048576.00 loops=1)
   Output: a, b
   Index Cond: ((t.a >= '-126622'::integer) AND (t.a <= '-105'::integer))
   Index Searches: 1
   Prefetch: distance=264.007 count=947810 stalls=1 skipped=3122014 resets=0 ungets=21280 forwarded=22637
             histogram [2,4) => 2, [4,8) => 4, [8,16) => 8, [16,32) => 16, [32,64) => 24, [64,128) => 40, [128,256) => 128949, [256,512) => 818767
   Buffers: shared hit=700689 read=229427
 Settings: enable_bitmapscan = 'off', enable_seqscan = 'off', max_parallel_workers_per_gather = '0'
 Planning:
   Buffers: shared hit=82 read=26
 Planning Time: 6.144 ms
 Execution Time: 2429.213 ms
(12 rows)

SET
SET
SET
SET
SET
                                             QUERY PLAN                                             
----------------------------------------------------------------------------------------------------
 Index Scan using idx on public.t (actual rows=4048576.00 loops=1)
   Output: a, b
   Index Cond: ((t.a >= '-126622'::integer) AND (t.a <= '-105'::integer))
   Index Searches: 1
   Buffers: shared hit=930159
 Settings: enable_bitmapscan = 'off', enable_seqscan = 'off', max_parallel_workers_per_gather = '0'
 Planning:
   Buffers: shared hit=113
 Planning Time: 0.472 ms
 Execution Time: 997.668 ms
(10 rows)

