SET
SET
SET
SET
SET
                                                                    QUERY PLAN                                                                    
--------------------------------------------------------------------------------------------------------------------------------------------------
 Index Scan using idx on public.t (actual rows=2048576.00 loops=1)
   Output: a, b
   Index Cond: ((t.a >= '-65055'::integer) AND (t.a <= '-1038'::integer))
   Index Searches: 1
   Prefetch: distance=264.732 count=485879 stalls=1 skipped=1579347 resets=0 ungets=17066 forwarded=12673
             histogram [2,4) => 2, [4,8) => 4, [8,16) => 8, [16,32) => 18, [32,64) => 47, [64,128) => 43, [128,256) => 58086, [256,512) => 427671
   Buffers: shared hit=337228 read=133495
 Settings: enable_bitmapscan = 'off', enable_seqscan = 'off', max_parallel_workers_per_gather = '0'
 Planning:
   Buffers: shared hit=82 read=26
 Planning Time: 6.011 ms
 Execution Time: 1289.570 ms
(12 rows)

SET
SET
SET
SET
SET
                                             QUERY PLAN                                             
----------------------------------------------------------------------------------------------------
 Index Scan using idx on public.t (actual rows=2048576.00 loops=1)
   Output: a, b
   Index Cond: ((t.a >= '-65055'::integer) AND (t.a <= '-1038'::integer))
   Index Searches: 1
   Buffers: shared hit=470745
 Settings: enable_bitmapscan = 'off', enable_seqscan = 'off', max_parallel_workers_per_gather = '0'
 Planning:
   Buffers: shared hit=113
 Planning Time: 0.467 ms
 Execution Time: 517.527 ms
(10 rows)

