SET
SET
SET
SET
SET
                                                                  QUERY PLAN                                                                  
----------------------------------------------------------------------------------------------------------------------------------------------
 Index Scan using idx on public.t (actual rows=65536.00 loops=1)
   Output: a, b
   Index Cond: ((t.a >= '-18596'::integer) AND (t.a <= '-16549'::integer))
   Index Searches: 1
   Prefetch: distance=269.845 count=17009 stalls=1 skipped=50354 resets=0 ungets=2051 forwarded=238
             histogram [2,4) => 2, [4,8) => 4, [8,16) => 8, [16,32) => 15, [32,64) => 22, [64,128) => 41, [128,256) => 66, [256,512) => 16851
   Buffers: shared hit=1357 read=13714
 Settings: enable_bitmapscan = 'off', enable_seqscan = 'off', max_parallel_workers_per_gather = '0'
 Planning:
   Buffers: shared hit=82 read=22
 Planning Time: 5.429 ms
 Execution Time: 86.195 ms
(12 rows)

SET
SET
SET
SET
SET
                                             QUERY PLAN                                             
----------------------------------------------------------------------------------------------------
 Index Scan using idx on public.t (actual rows=65536.00 loops=1)
   Output: a, b
   Index Cond: ((t.a >= '-18596'::integer) AND (t.a <= '-16549'::integer))
   Index Searches: 1
   Buffers: shared hit=15075
 Settings: enable_bitmapscan = 'off', enable_seqscan = 'off', max_parallel_workers_per_gather = '0'
 Planning:
   Buffers: shared hit=109
 Planning Time: 0.366 ms
 Execution Time: 20.683 ms
(10 rows)

