SET
SET
SET
SET
SET
                                                                    QUERY PLAN                                                                    
--------------------------------------------------------------------------------------------------------------------------------------------------
 Index Scan using idx on public.t (actual rows=1048576.00 loops=1)
   Output: a, b
   Index Cond: ((t.a >= '-51429'::integer) AND (t.a <= '-18662'::integer))
   Index Searches: 1
   Prefetch: distance=267.312 count=260652 stalls=1 skipped=807812 resets=0 ungets=20816 forwarded=8764
             histogram [2,4) => 2, [4,8) => 4, [8,16) => 8, [16,32) => 15, [32,64) => 23, [64,128) => 40, [128,256) => 16102, [256,512) => 244458
   Buffers: shared hit=136877 read=104081
 Settings: enable_bitmapscan = 'off', enable_seqscan = 'off', max_parallel_workers_per_gather = '0'
 Planning:
   Buffers: shared hit=82 read=22
 Planning Time: 5.333 ms
 Execution Time: 813.940 ms
(12 rows)

SET
SET
SET
SET
SET
                                             QUERY PLAN                                             
----------------------------------------------------------------------------------------------------
 Index Scan using idx on public.t (actual rows=1048576.00 loops=1)
   Output: a, b
   Index Cond: ((t.a >= '-51429'::integer) AND (t.a <= '-18662'::integer))
   Index Searches: 1
   Buffers: shared hit=240980
 Settings: enable_bitmapscan = 'off', enable_seqscan = 'off', max_parallel_workers_per_gather = '0'
 Planning:
   Buffers: shared hit=109
 Planning Time: 0.397 ms
 Execution Time: 332.892 ms
(10 rows)

