SET
SET
SET
SET
SET
                                                                     QUERY PLAN                                                                     
----------------------------------------------------------------------------------------------------------------------------------------------------
 Index Scan using idx on public.t (actual rows=6048576.00 loops=1)
   Output: a, b
   Index Cond: ((t.a >= '-217311'::integer) AND (t.a <= '-28294'::integer))
   Index Searches: 1
   Prefetch: distance=264.147 count=1419093 stalls=1 skipped=4663790 resets=0 ungets=35011 forwarded=34495
             histogram [2,4) => 2, [4,8) => 4, [8,16) => 8, [16,32) => 16, [32,64) => 17, [64,128) => 40, [128,256) => 189366, [256,512) => 1229640
   Buffers: shared hit=1036143 read=353460
 Settings: enable_bitmapscan = 'off', enable_seqscan = 'off', max_parallel_workers_per_gather = '0'
 Planning:
   Buffers: shared hit=82 read=22
 Planning Time: 5.593 ms
 Execution Time: 3555.740 ms
(12 rows)

SET
SET
SET
SET
SET
                                             QUERY PLAN                                             
----------------------------------------------------------------------------------------------------
 Index Scan using idx on public.t (actual rows=6048576.00 loops=1)
   Output: a, b
   Index Cond: ((t.a >= '-217311'::integer) AND (t.a <= '-28294'::integer))
   Index Searches: 1
   Buffers: shared hit=1389650
 Settings: enable_bitmapscan = 'off', enable_seqscan = 'off', max_parallel_workers_per_gather = '0'
 Planning:
   Buffers: shared hit=109
 Planning Time: 0.410 ms
 Execution Time: 1558.892 ms
(10 rows)

