SET
SET
SET
SET
SET
                                                                     QUERY PLAN                                                                     
----------------------------------------------------------------------------------------------------------------------------------------------------
 Index Scan using idx on public.t (actual rows=5048576.00 loops=1)
   Output: a, b
   Index Cond: ((t.a >= '-171473'::integer) AND (t.a <= '-13706'::integer))
   Index Searches: 1
   Prefetch: distance=264.174 count=1185154 stalls=1 skipped=3892778 resets=0 ungets=29836 forwarded=29121
             histogram [2,4) => 2, [4,8) => 4, [8,16) => 8, [16,32) => 15, [32,64) => 22, [64,128) => 41, [128,256) => 156812, [256,512) => 1028250
   Buffers: shared hit=865341 read=294560
 Settings: enable_bitmapscan = 'off', enable_seqscan = 'off', max_parallel_workers_per_gather = '0'
 Planning:
   Buffers: shared hit=82 read=22
 Planning Time: 5.401 ms
 Execution Time: 3045.495 ms
(12 rows)

SET
SET
SET
SET
SET
                                             QUERY PLAN                                             
----------------------------------------------------------------------------------------------------
 Index Scan using idx on public.t (actual rows=5048576.00 loops=1)
   Output: a, b
   Index Cond: ((t.a >= '-171473'::integer) AND (t.a <= '-13706'::integer))
   Index Searches: 1
   Buffers: shared hit=1159942
 Settings: enable_bitmapscan = 'off', enable_seqscan = 'off', max_parallel_workers_per_gather = '0'
 Planning:
   Buffers: shared hit=109
 Planning Time: 0.444 ms
 Execution Time: 1328.833 ms
(10 rows)

