SET
SET
SET
SET
SET
                                                                  QUERY PLAN                                                                  
----------------------------------------------------------------------------------------------------------------------------------------------
 Index Scan using idx on public.t (actual rows=65536.00 loops=1)
   Output: a, b
   Index Cond: ((t.a >= '-9789'::integer) AND (t.a <= '-7742'::integer))
   Index Searches: 1
   Prefetch: distance=269.849 count=16804 stalls=1 skipped=49810 resets=0 ungets=2006 forwarded=260
             histogram [2,4) => 2, [4,8) => 4, [8,16) => 8, [16,32) => 16, [32,64) => 17, [64,128) => 40, [128,256) => 64, [256,512) => 16653
   Buffers: shared hit=1735 read=13342
 Settings: enable_bitmapscan = 'off', enable_seqscan = 'off', max_parallel_workers_per_gather = '0'
 Planning:
   Buffers: shared hit=82 read=22
 Planning Time: 5.904 ms
 Execution Time: 90.465 ms
(12 rows)

SET
SET
SET
SET
SET
                                             QUERY PLAN                                             
----------------------------------------------------------------------------------------------------
 Index Scan using idx on public.t (actual rows=65536.00 loops=1)
   Output: a, b
   Index Cond: ((t.a >= '-9789'::integer) AND (t.a <= '-7742'::integer))
   Index Searches: 1
   Buffers: shared hit=15079
 Settings: enable_bitmapscan = 'off', enable_seqscan = 'off', max_parallel_workers_per_gather = '0'
 Planning:
   Buffers: shared hit=109
 Planning Time: 0.468 ms
 Execution Time: 29.110 ms
(10 rows)

