SET
SET
SET
SET
SET
                                                                   QUERY PLAN                                                                    
-------------------------------------------------------------------------------------------------------------------------------------------------
 Index Scan using idx on public.t (actual rows=524288.00 loops=1)
   Output: a, b
   Index Cond: ((t.a >= '-45114'::integer) AND (t.a <= '-28731'::integer))
   Index Searches: 1
   Prefetch: distance=269.623 count=134441 stalls=1 skipped=404093 resets=0 ungets=14406 forwarded=4458
             histogram [2,4) => 2, [4,8) => 4, [8,16) => 8, [16,32) => 16, [32,64) => 23, [64,128) => 38, [128,256) => 1976, [256,512) => 132374
   Buffers: shared hit=46243 read=74290
 Settings: enable_bitmapscan = 'off', enable_seqscan = 'off', max_parallel_workers_per_gather = '0'
 Planning:
   Buffers: shared hit=82 read=22
 Planning Time: 5.674 ms
 Execution Time: 497.263 ms
(12 rows)

SET
SET
SET
SET
SET
                                             QUERY PLAN                                             
----------------------------------------------------------------------------------------------------
 Index Scan using idx on public.t (actual rows=524288.00 loops=1)
   Output: a, b
   Index Cond: ((t.a >= '-45114'::integer) AND (t.a <= '-28731'::integer))
   Index Searches: 1
   Buffers: shared hit=120545
 Settings: enable_bitmapscan = 'off', enable_seqscan = 'off', max_parallel_workers_per_gather = '0'
 Planning:
   Buffers: shared hit=109
 Planning Time: 0.368 ms
 Execution Time: 148.889 ms
(10 rows)

