SET
SET
SET
SET
SET
                                                                  QUERY PLAN                                                                   
-----------------------------------------------------------------------------------------------------------------------------------------------
 Index Scan using idx on public.t (actual rows=262144.00 loops=1)
   Output: a, b
   Index Cond: ((t.a >= '-34938'::integer) AND (t.a <= '-26747'::integer))
   Index Searches: 1
   Prefetch: distance=270.508 count=67614 stalls=1 skipped=201471 resets=0 ungets=7869 forwarded=1697
             histogram [2,4) => 2, [4,8) => 4, [8,16) => 8, [16,32) => 15, [32,64) => 23, [64,128) => 39, [128,256) => 170, [256,512) => 67353
   Buffers: shared hit=14607 read=45592
 Settings: enable_bitmapscan = 'off', enable_seqscan = 'off', max_parallel_workers_per_gather = '0'
 Planning:
   Buffers: shared hit=82 read=22
 Planning Time: 5.886 ms
 Execution Time: 300.052 ms
(12 rows)

SET
SET
SET
SET
SET
                                             QUERY PLAN                                             
----------------------------------------------------------------------------------------------------
 Index Scan using idx on public.t (actual rows=262144.00 loops=1)
   Output: a, b
   Index Cond: ((t.a >= '-34938'::integer) AND (t.a <= '-26747'::integer))
   Index Searches: 1
   Buffers: shared hit=60201
 Settings: enable_bitmapscan = 'off', enable_seqscan = 'off', max_parallel_workers_per_gather = '0'
 Planning:
   Buffers: shared hit=109
 Planning Time: 0.459 ms
 Execution Time: 96.592 ms
(10 rows)

