SET
SET
SET
SET
SET
                                                                 QUERY PLAN                                                                  
---------------------------------------------------------------------------------------------------------------------------------------------
 Index Scan using idx on public.t (actual rows=32768.00 loops=1)
   Output: a, b
   Index Cond: ((t.a >= '-7072'::integer) AND (t.a <= '-6049'::integer))
   Index Searches: 1
   Prefetch: distance=268.367 count=8504 stalls=1 skipped=25067 resets=0 ungets=1027 forwarded=152
             histogram [2,4) => 2, [4,8) => 4, [8,16) => 8, [16,32) => 10, [32,64) => 24, [64,128) => 38, [128,256) => 64, [256,512) => 8354
   Buffers: shared hit=465 read=7099
 Settings: enable_bitmapscan = 'off', enable_seqscan = 'off', max_parallel_workers_per_gather = '0'
 Planning:
   Buffers: shared hit=82 read=26
 Planning Time: 5.849 ms
 Execution Time: 43.206 ms
(12 rows)

SET
SET
SET
SET
SET
                                             QUERY PLAN                                             
----------------------------------------------------------------------------------------------------
 Index Scan using idx on public.t (actual rows=32768.00 loops=1)
   Output: a, b
   Index Cond: ((t.a >= '-7072'::integer) AND (t.a <= '-6049'::integer))
   Index Searches: 1
   Buffers: shared hit=7564
 Settings: enable_bitmapscan = 'off', enable_seqscan = 'off', max_parallel_workers_per_gather = '0'
 Planning:
   Buffers: shared hit=113
 Planning Time: 0.460 ms
 Execution Time: 12.427 ms
(10 rows)

