SET
SET
SET
SET
SET
                                                                     QUERY PLAN                                                                     
----------------------------------------------------------------------------------------------------------------------------------------------------
 Index Scan using idx on public.t (actual rows=6048576.00 loops=1)
   Output: a, b
   Index Cond: ((t.a >= '-205092'::integer) AND (t.a <= '-16075'::integer))
   Index Searches: 1
   Prefetch: distance=264.055 count=1416667 stalls=1 skipped=4663841 resets=0 ungets=32764 forwarded=34242
             histogram [2,4) => 2, [4,8) => 4, [8,16) => 8, [16,32) => 16, [32,64) => 24, [64,128) => 40, [128,256) => 191374, [256,512) => 1225199
   Buffers: shared hit=1043726 read=345721
 Settings: enable_bitmapscan = 'off', enable_seqscan = 'off', max_parallel_workers_per_gather = '0'
 Planning:
   Buffers: shared hit=82 read=22
 Planning Time: 5.557 ms
 Execution Time: 3508.407 ms
(12 rows)

SET
SET
SET
SET
SET
                                             QUERY PLAN                                             
----------------------------------------------------------------------------------------------------
 Index Scan using idx on public.t (actual rows=6048576.00 loops=1)
   Output: a, b
   Index Cond: ((t.a >= '-205092'::integer) AND (t.a <= '-16075'::integer))
   Index Searches: 1
   Buffers: shared hit=1389499
 Settings: enable_bitmapscan = 'off', enable_seqscan = 'off', max_parallel_workers_per_gather = '0'
 Planning:
   Buffers: shared hit=109
 Planning Time: 0.404 ms
 Execution Time: 1515.330 ms
(10 rows)

