SET
SET
SET
SET
SET
                                                                    QUERY PLAN                                                                     
---------------------------------------------------------------------------------------------------------------------------------------------------
 Index Scan using idx on public.t (actual rows=7048576.00 loops=1)
   Output: a, b
   Index Cond: ((t.a >= '-251581'::integer) AND (t.a <= '-31314'::integer))
   Index Searches: 1
   Prefetch: distance=264.048 count=1650606 stalls=1 skipped=5435058 resets=0 ungets=37472 forwarded=39543
             histogram [2,4) => 2, [4,8) => 4, [8,16) => 8, [16,32) => 9, [32,64) => 24, [64,128) => 40, [128,256) => 223845, [256,512) => 1426674
   Buffers: shared hit=1216145 read=403327
 Settings: enable_bitmapscan = 'off', enable_seqscan = 'off', max_parallel_workers_per_gather = '0'
 Planning:
   Buffers: shared hit=82 read=22
 Planning Time: 5.437 ms
 Execution Time: 4427.126 ms
(12 rows)

SET
SET
SET
SET
SET
                                             QUERY PLAN                                             
----------------------------------------------------------------------------------------------------
 Index Scan using idx on public.t (actual rows=7048576.00 loops=1)
   Output: a, b
   Index Cond: ((t.a >= '-251581'::integer) AND (t.a <= '-31314'::integer))
   Index Searches: 1
   Buffers: shared hit=1619526
 Settings: enable_bitmapscan = 'off', enable_seqscan = 'off', max_parallel_workers_per_gather = '0'
 Planning:
   Buffers: shared hit=109
 Planning Time: 0.434 ms
 Execution Time: 1869.152 ms
(10 rows)

