SET
SET
SET
SET
SET
                                                                         QUERY PLAN                                                                          
-------------------------------------------------------------------------------------------------------------------------------------------------------------
 Index Scan using idx on public.t (actual rows=9048576.00 loops=1)
   Output: a, b
   Index Cond: ((t.a >= '-306781'::integer) AND (t.a <= '-24014'::integer))
   Index Searches: 1
   Prefetch: distance=262.653 count=2088911 stalls=20949 skipped=6976805 resets=0 ungets=39112 forwarded=48377
             histogram [2,4) => 491, [4,8) => 794, [8,16) => 659, [16,32) => 135, [32,64) => 168, [64,128) => 534, [128,256) => 340262, [256,512) => 1745868
   Buffers: shared hit=1606763 read=472244
 Settings: enable_bitmapscan = 'off', enable_seqscan = 'off', max_parallel_workers_per_gather = '0'
 Planning:
   Buffers: shared hit=82 read=22
 Planning Time: 5.659 ms
 Execution Time: 5448.165 ms
(12 rows)

SET
SET
SET
SET
SET
                                             QUERY PLAN                                             
----------------------------------------------------------------------------------------------------
 Index Scan using idx on public.t (actual rows=9048576.00 loops=1)
   Output: a, b
   Index Cond: ((t.a >= '-306781'::integer) AND (t.a <= '-24014'::integer))
   Index Searches: 1
   Buffers: shared hit=2079065
 Settings: enable_bitmapscan = 'off', enable_seqscan = 'off', max_parallel_workers_per_gather = '0'
 Planning:
   Buffers: shared hit=109
 Planning Time: 0.450 ms
 Execution Time: 2447.059 ms
(10 rows)

