SET
SET
SET
SET
SET
                                                                     QUERY PLAN                                                                     
----------------------------------------------------------------------------------------------------------------------------------------------------
 Index Scan using idx on public.t (actual rows=8048576.00 loops=1)
   Output: a, b
   Index Cond: ((t.a >= '-254345'::integer) AND (t.a <= '-2828'::integer))
   Index Searches: 1
   Prefetch: distance=263.684 count=1873983 stalls=1 skipped=6206390 resets=0 ungets=32053 forwarded=43214
             histogram [2,4) => 2, [4,8) => 4, [8,16) => 8, [16,32) => 14, [32,64) => 23, [64,128) => 35, [128,256) => 269732, [256,512) => 1604165
   Buffers: shared hit=1421808 read=427319
 Settings: enable_bitmapscan = 'off', enable_seqscan = 'off', max_parallel_workers_per_gather = '0'
 Planning:
   Buffers: shared hit=82 read=26
 Planning Time: 6.308 ms
 Execution Time: 4617.474 ms
(12 rows)

SET
SET
SET
SET
SET
                                             QUERY PLAN                                             
----------------------------------------------------------------------------------------------------
 Index Scan using idx on public.t (actual rows=8048576.00 loops=1)
   Output: a, b
   Index Cond: ((t.a >= '-254345'::integer) AND (t.a <= '-2828'::integer))
   Index Searches: 1
   Buffers: shared hit=1849179
 Settings: enable_bitmapscan = 'off', enable_seqscan = 'off', max_parallel_workers_per_gather = '0'
 Planning:
   Buffers: shared hit=113
 Planning Time: 0.486 ms
 Execution Time: 2548.073 ms
(10 rows)

