SET
SET
SET
SET
SET
                                             QUERY PLAN                                             
----------------------------------------------------------------------------------------------------
 Index Scan using idx on public.t (actual rows=8192.00 loops=1)
   Output: a, b
   Index Cond: ((t.a >= 23741) AND (t.a <= 25788))
   Index Searches: 1
   Prefetch: distance=2.000 count=142 stalls=1180 skipped=6299 resets=0 ungets=0 forwarded=0
             histogram [2,4) => 142
   Buffers: shared hit=1338 read=94
 Settings: enable_bitmapscan = 'off', enable_seqscan = 'off', max_parallel_workers_per_gather = '0'
 Planning:
   Buffers: shared hit=77 read=23
 Planning Time: 5.453 ms
 Execution Time: 4.591 ms
(12 rows)

SET
SET
SET
SET
SET
                                             QUERY PLAN                                             
----------------------------------------------------------------------------------------------------
 Index Scan using idx on public.t (actual rows=8192.00 loops=1)
   Output: a, b
   Index Cond: ((t.a >= 23741) AND (t.a <= 25788))
   Index Searches: 1
   Buffers: shared hit=1432
 Settings: enable_bitmapscan = 'off', enable_seqscan = 'off', max_parallel_workers_per_gather = '0'
 Planning:
   Buffers: shared hit=105
 Planning Time: 0.360 ms
 Execution Time: 1.228 ms
(10 rows)

