SET
SET
SET
SET
SET
                                             QUERY PLAN                                             
----------------------------------------------------------------------------------------------------
 Index Scan using idx on public.t (actual rows=1024.00 loops=1)
   Output: a, b
   Index Cond: ((t.a >= 26184) AND (t.a <= 26439))
   Index Searches: 1
   Prefetch: distance=2.000 count=16 stalls=137 skipped=728 resets=0 ungets=0 forwarded=0
             histogram [2,4) => 16
   Buffers: shared hit=167 read=18
 Settings: enable_bitmapscan = 'off', enable_seqscan = 'off', max_parallel_workers_per_gather = '0'
 Planning:
   Buffers: shared hit=77 read=23
 Planning Time: 5.675 ms
 Execution Time: 2.193 ms
(12 rows)

SET
SET
SET
SET
SET
                                             QUERY PLAN                                             
----------------------------------------------------------------------------------------------------
 Index Scan using idx on public.t (actual rows=1024.00 loops=1)
   Output: a, b
   Index Cond: ((t.a >= 26184) AND (t.a <= 26439))
   Index Searches: 1
   Buffers: shared hit=185
 Settings: enable_bitmapscan = 'off', enable_seqscan = 'off', max_parallel_workers_per_gather = '0'
 Planning:
   Buffers: shared hit=105
 Planning Time: 0.336 ms
 Execution Time: 0.215 ms
(10 rows)

