SET
SET
SET
SET
SET
                                             QUERY PLAN                                             
----------------------------------------------------------------------------------------------------
 Index Scan using idx on public.t (actual rows=524288.00 loops=1)
   Output: a, b
   Index Cond: ((t.a >= 30637) AND (t.a <= 161708))
   Index Searches: 1
   Prefetch: distance=2.000 count=9794 stalls=79066 skipped=435061 resets=0 ungets=0 forwarded=0
             histogram [2,4) => 9793, [4,8) => 1
   Buffers: shared hit=84019 read=5691
 Settings: enable_bitmapscan = 'off', enable_seqscan = 'off', max_parallel_workers_per_gather = '0'
 Planning:
   Buffers: shared hit=77 read=23
 Planning Time: 5.426 ms
 Execution Time: 197.223 ms
(12 rows)

SET
SET
SET
SET
SET
                                             QUERY PLAN                                             
----------------------------------------------------------------------------------------------------
 Index Scan using idx on public.t (actual rows=524288.00 loops=1)
   Output: a, b
   Index Cond: ((t.a >= 30637) AND (t.a <= 161708))
   Index Searches: 1
   Buffers: shared hit=89710
 Settings: enable_bitmapscan = 'off', enable_seqscan = 'off', max_parallel_workers_per_gather = '0'
 Planning:
   Buffers: shared hit=105
 Planning Time: 0.455 ms
 Execution Time: 86.844 ms
(10 rows)

