SET
SET
SET
SET
SET
                                             QUERY PLAN                                             
----------------------------------------------------------------------------------------------------
 Index Scan using idx on public.t (actual rows=1048576.00 loops=1)
   Output: a, b
   Index Cond: ((t.a >= 4221) AND (t.a <= 266364))
   Index Searches: 1
   Prefetch: distance=2.000 count=19592 stalls=158300 skipped=870197 resets=0 ungets=0 forwarded=0
             histogram [2,4) => 19590, [4,8) => 2
   Buffers: shared hit=168180 read=11373
 Settings: enable_bitmapscan = 'off', enable_seqscan = 'off', max_parallel_workers_per_gather = '0'
 Planning:
   Buffers: shared hit=77 read=27
 Planning Time: 6.192 ms
 Execution Time: 390.086 ms
(12 rows)

SET
SET
SET
SET
SET
                                             QUERY PLAN                                             
----------------------------------------------------------------------------------------------------
 Index Scan using idx on public.t (actual rows=1048576.00 loops=1)
   Output: a, b
   Index Cond: ((t.a >= 4221) AND (t.a <= 266364))
   Index Searches: 1
   Buffers: shared hit=179553
 Settings: enable_bitmapscan = 'off', enable_seqscan = 'off', max_parallel_workers_per_gather = '0'
 Planning:
   Buffers: shared hit=109
 Planning Time: 0.413 ms
 Execution Time: 142.426 ms
(10 rows)

