SET
SET
SET
SET
SET
                                             QUERY PLAN                                             
----------------------------------------------------------------------------------------------------
 Index Scan using idx on public.t (actual rows=4096.00 loops=1)
   Output: a, b
   Index Cond: ((t.a >= '-23756'::integer) AND (t.a <= '-23501'::integer))
   Index Searches: 1
   Prefetch: distance=2.066 count=91 stalls=2802 skipped=956 resets=0 ungets=0 forwarded=0
             histogram [2,4) => 88, [4,8) => 3
   Buffers: shared hit=3008 read=85
 Settings: enable_bitmapscan = 'off', enable_seqscan = 'off', max_parallel_workers_per_gather = '0'
 Planning:
   Buffers: shared hit=82 read=22
 Planning Time: 5.830 ms
 Execution Time: 5.632 ms
(12 rows)

SET
SET
SET
SET
SET
                                             QUERY PLAN                                             
----------------------------------------------------------------------------------------------------
 Index Scan using idx on public.t (actual rows=4096.00 loops=1)
   Output: a, b
   Index Cond: ((t.a >= '-23756'::integer) AND (t.a <= '-23501'::integer))
   Index Searches: 1
   Buffers: shared hit=3093
 Settings: enable_bitmapscan = 'off', enable_seqscan = 'off', max_parallel_workers_per_gather = '0'
 Planning:
   Buffers: shared hit=109
 Planning Time: 0.323 ms
 Execution Time: 1.067 ms
(10 rows)

