SET
SET
SET
SET
SET
                                             QUERY PLAN                                             
----------------------------------------------------------------------------------------------------
 Index Scan Backward using idx on public.t (actual rows=512.00 loops=1)
   Output: a, b
   Index Cond: ((t.a >= '-23146'::integer) AND (t.a <= '-23115'::integer))
   Index Searches: 1
   Prefetch: distance=2.000 count=3 stalls=158 skipped=42 resets=0 ungets=0 forwarded=0
             histogram [2,4) => 3
   Buffers: shared hit=365 read=34
 Settings: enable_bitmapscan = 'off', enable_seqscan = 'off', max_parallel_workers_per_gather = '0'
 Planning:
   Buffers: shared hit=78 read=22
 Planning Time: 5.849 ms
 Execution Time: 3.799 ms
(12 rows)

SET
SET
SET
SET
SET
                                             QUERY PLAN                                             
----------------------------------------------------------------------------------------------------
 Index Scan Backward using idx on public.t (actual rows=512.00 loops=1)
   Output: a, b
   Index Cond: ((t.a >= '-23146'::integer) AND (t.a <= '-23115'::integer))
   Index Searches: 1
   Buffers: shared hit=399
 Settings: enable_bitmapscan = 'off', enable_seqscan = 'off', max_parallel_workers_per_gather = '0'
 Planning:
   Buffers: shared hit=105
 Planning Time: 0.291 ms
 Execution Time: 0.206 ms
(10 rows)

