SET
SET
SET
SET
SET
                                             QUERY PLAN                                             
----------------------------------------------------------------------------------------------------
 Index Scan Backward using idx on public.t (actual rows=1024.00 loops=1)
   Output: a, b
   Index Cond: ((t.a >= '-25853'::integer) AND (t.a <= '-25790'::integer))
   Index Searches: 1
   Prefetch: distance=2.000 count=26 stalls=691 skipped=239 resets=0 ungets=0 forwarded=0
             histogram [2,4) => 26
   Buffers: shared hit=733 read=41
 Settings: enable_bitmapscan = 'off', enable_seqscan = 'off', max_parallel_workers_per_gather = '0'
 Planning:
   Buffers: shared hit=78 read=22
 Planning Time: 6.045 ms
 Execution Time: 5.042 ms
(12 rows)

SET
SET
SET
SET
SET
                                             QUERY PLAN                                             
----------------------------------------------------------------------------------------------------
 Index Scan Backward using idx on public.t (actual rows=1024.00 loops=1)
   Output: a, b
   Index Cond: ((t.a >= '-25853'::integer) AND (t.a <= '-25790'::integer))
   Index Searches: 1
   Buffers: shared hit=774
 Settings: enable_bitmapscan = 'off', enable_seqscan = 'off', max_parallel_workers_per_gather = '0'
 Planning:
   Buffers: shared hit=105
 Planning Time: 0.319 ms
 Execution Time: 0.335 ms
(10 rows)

