SET
SET
SET
SET
SET
                                             QUERY PLAN                                             
----------------------------------------------------------------------------------------------------
 Index Scan Backward using idx on public.t (actual rows=2048.00 loops=1)
   Output: a, b
   Index Cond: ((t.a >= '-9016'::integer) AND (t.a <= '-8889'::integer))
   Index Searches: 1
   Prefetch: distance=2.054 count=56 stalls=1433 skipped=508 resets=0 ungets=0 forwarded=0
             histogram [2,4) => 55, [4,8) => 1
   Buffers: shared hit=1480 read=57
 Settings: enable_bitmapscan = 'off', enable_seqscan = 'off', max_parallel_workers_per_gather = '0'
 Planning:
   Buffers: shared hit=82 read=26
 Planning Time: 6.222 ms
 Execution Time: 6.489 ms
(12 rows)

SET
SET
SET
SET
SET
                                             QUERY PLAN                                             
----------------------------------------------------------------------------------------------------
 Index Scan Backward using idx on public.t (actual rows=2048.00 loops=1)
   Output: a, b
   Index Cond: ((t.a >= '-9016'::integer) AND (t.a <= '-8889'::integer))
   Index Searches: 1
   Buffers: shared hit=1537
 Settings: enable_bitmapscan = 'off', enable_seqscan = 'off', max_parallel_workers_per_gather = '0'
 Planning:
   Buffers: shared hit=113
 Planning Time: 0.360 ms
 Execution Time: 0.581 ms
(10 rows)

