SET
SET
SET
SET
SET
                                             QUERY PLAN                                             
----------------------------------------------------------------------------------------------------
 Index Scan Backward using idx on public.t (actual rows=512.00 loops=1)
   Output: a, b
   Index Cond: ((t.a >= '-15126'::integer) AND (t.a <= '-15095'::integer))
   Index Searches: 1
   Prefetch: distance=2.000 count=10 stalls=302 skipped=111 resets=0 ungets=0 forwarded=0
             histogram [2,4) => 10
   Buffers: shared hit=344 read=34
 Settings: enable_bitmapscan = 'off', enable_seqscan = 'off', max_parallel_workers_per_gather = '0'
 Planning:
   Buffers: shared hit=78 read=22
 Planning Time: 6.225 ms
 Execution Time: 4.380 ms
(12 rows)

SET
SET
SET
SET
SET
                                             QUERY PLAN                                             
----------------------------------------------------------------------------------------------------
 Index Scan Backward using idx on public.t (actual rows=512.00 loops=1)
   Output: a, b
   Index Cond: ((t.a >= '-15126'::integer) AND (t.a <= '-15095'::integer))
   Index Searches: 1
   Buffers: shared hit=378
 Settings: enable_bitmapscan = 'off', enable_seqscan = 'off', max_parallel_workers_per_gather = '0'
 Planning:
   Buffers: shared hit=105
 Planning Time: 0.306 ms
 Execution Time: 0.209 ms
(10 rows)

