SET
SET
SET
SET
SET
                                             QUERY PLAN                                             
----------------------------------------------------------------------------------------------------
 Index Scan Backward using idx on public.t (actual rows=2048.00 loops=1)
   Output: a, b
   Index Cond: ((t.a >= '-23435'::integer) AND (t.a <= '-23308'::integer))
   Index Searches: 1
   Prefetch: distance=2.000 count=46 stalls=1358 skipped=469 resets=0 ungets=0 forwarded=0
             histogram [2,4) => 46
   Buffers: shared hit=1489 read=57
 Settings: enable_bitmapscan = 'off', enable_seqscan = 'off', max_parallel_workers_per_gather = '0'
 Planning:
   Buffers: shared hit=78 read=22
 Planning Time: 5.940 ms
 Execution Time: 6.917 ms
(12 rows)

SET
SET
SET
SET
SET
                                             QUERY PLAN                                             
----------------------------------------------------------------------------------------------------
 Index Scan Backward using idx on public.t (actual rows=2048.00 loops=1)
   Output: a, b
   Index Cond: ((t.a >= '-23435'::integer) AND (t.a <= '-23308'::integer))
   Index Searches: 1
   Buffers: shared hit=1546
 Settings: enable_bitmapscan = 'off', enable_seqscan = 'off', max_parallel_workers_per_gather = '0'
 Planning:
   Buffers: shared hit=105
 Planning Time: 0.414 ms
 Execution Time: 0.894 ms
(10 rows)

