SET
SET
SET
SET
SET
                                                                   QUERY PLAN                                                                    
-------------------------------------------------------------------------------------------------------------------------------------------------
 Index Scan Backward using idx on public.t (actual rows=131072.00 loops=1)
   Output: a, b
   Index Cond: ((t.a >= '-21892'::integer) AND (t.a <= '-13701'::integer))
   Index Searches: 1
   Prefetch: distance=263.804 count=107284 stalls=1 skipped=33067 resets=0 ungets=9289 forwarded=0
             histogram [2,4) => 2, [4,8) => 5, [8,16) => 11, [16,32) => 17, [32,64) => 26, [64,128) => 8, [128,256) => 14532, [256,512) => 92683
   Buffers: shared hit=96441 read=1927
 Settings: enable_bitmapscan = 'off', enable_seqscan = 'off', max_parallel_workers_per_gather = '0'
 Planning:
   Buffers: shared hit=78 read=22
 Planning Time: 5.643 ms
 Execution Time: 108.945 ms
(12 rows)

SET
SET
SET
SET
SET
                                             QUERY PLAN                                             
----------------------------------------------------------------------------------------------------
 Index Scan Backward using idx on public.t (actual rows=131072.00 loops=1)
   Output: a, b
   Index Cond: ((t.a >= '-21892'::integer) AND (t.a <= '-13701'::integer))
   Index Searches: 1
   Buffers: shared hit=98368
 Settings: enable_bitmapscan = 'off', enable_seqscan = 'off', max_parallel_workers_per_gather = '0'
 Planning:
   Buffers: shared hit=105
 Planning Time: 0.381 ms
 Execution Time: 30.401 ms
(10 rows)

