SET
SET
SET
SET
SET
                                             QUERY PLAN                                             
----------------------------------------------------------------------------------------------------
 Index Scan Backward using idx on public.t (actual rows=2048.00 loops=1)
   Output: a, b
   Index Cond: ((t.a >= '-19600'::integer) AND (t.a <= '-19473'::integer))
   Index Searches: 1
   Prefetch: distance=2.000 count=42 stalls=1262 skipped=441 resets=0 ungets=0 forwarded=0
             histogram [2,4) => 42
   Buffers: shared hit=1496 read=57
 Settings: enable_bitmapscan = 'off', enable_seqscan = 'off', max_parallel_workers_per_gather = '0'
 Planning:
   Buffers: shared hit=78 read=22
 Planning Time: 5.684 ms
 Execution Time: 7.189 ms
(12 rows)

SET
SET
SET
SET
SET
                                             QUERY PLAN                                             
----------------------------------------------------------------------------------------------------
 Index Scan Backward using idx on public.t (actual rows=2048.00 loops=1)
   Output: a, b
   Index Cond: ((t.a >= '-19600'::integer) AND (t.a <= '-19473'::integer))
   Index Searches: 1
   Buffers: shared hit=1553
 Settings: enable_bitmapscan = 'off', enable_seqscan = 'off', max_parallel_workers_per_gather = '0'
 Planning:
   Buffers: shared hit=105
 Planning Time: 0.306 ms
 Execution Time: 0.591 ms
(10 rows)

