SET
SET
SET
SET
SET
                                             QUERY PLAN                                             
----------------------------------------------------------------------------------------------------
 Index Scan Backward using idx on public.t (actual rows=4096.00 loops=1)
   Output: a, b
   Index Cond: ((t.a >= '-26591'::integer) AND (t.a <= '-26336'::integer))
   Index Searches: 1
   Prefetch: distance=2.000 count=94 stalls=2847 skipped=992 resets=0 ungets=0 forwarded=0
             histogram [2,4) => 94
   Buffers: shared hit=2997 read=87
 Settings: enable_bitmapscan = 'off', enable_seqscan = 'off', max_parallel_workers_per_gather = '0'
 Planning:
   Buffers: shared hit=78 read=22
 Planning Time: 5.834 ms
 Execution Time: 9.492 ms
(12 rows)

SET
SET
SET
SET
SET
                                             QUERY PLAN                                             
----------------------------------------------------------------------------------------------------
 Index Scan Backward using idx on public.t (actual rows=4096.00 loops=1)
   Output: a, b
   Index Cond: ((t.a >= '-26591'::integer) AND (t.a <= '-26336'::integer))
   Index Searches: 1
   Buffers: shared hit=3084
 Settings: enable_bitmapscan = 'off', enable_seqscan = 'off', max_parallel_workers_per_gather = '0'
 Planning:
   Buffers: shared hit=105
 Planning Time: 0.438 ms
 Execution Time: 1.061 ms
(10 rows)

