SET
SET
SET
SET
SET
                                             QUERY PLAN                                             
----------------------------------------------------------------------------------------------------
 Index Scan Backward using idx on public.t (actual rows=256.00 loops=1)
   Output: a, b
   Index Cond: ((t.a >= '-27960'::integer) AND (t.a <= '-27945'::integer))
   Index Searches: 1
   Prefetch: distance=2.000 count=5 stalls=111 skipped=33 resets=0 ungets=0 forwarded=0
             histogram [2,4) => 5
   Buffers: shared hit=174 read=31
 Settings: enable_bitmapscan = 'off', enable_seqscan = 'off', max_parallel_workers_per_gather = '0'
 Planning:
   Buffers: shared hit=78 read=22
 Planning Time: 5.845 ms
 Execution Time: 3.698 ms
(12 rows)

SET
SET
SET
SET
SET
                                             QUERY PLAN                                             
----------------------------------------------------------------------------------------------------
 Index Scan Backward using idx on public.t (actual rows=256.00 loops=1)
   Output: a, b
   Index Cond: ((t.a >= '-27960'::integer) AND (t.a <= '-27945'::integer))
   Index Searches: 1
   Buffers: shared hit=205
 Settings: enable_bitmapscan = 'off', enable_seqscan = 'off', max_parallel_workers_per_gather = '0'
 Planning:
   Buffers: shared hit=105
 Planning Time: 0.404 ms
 Execution Time: 0.234 ms
(10 rows)

