SET
SET
SET
SET
SET
                                             QUERY PLAN                                             
----------------------------------------------------------------------------------------------------
 Index Scan Backward using idx on public.t (actual rows=512.00 loops=1)
   Output: a, b
   Index Cond: ((t.a >= '-10583'::integer) AND (t.a <= '-10552'::integer))
   Index Searches: 1
   Prefetch: distance=2.333 count=9 stalls=203 skipped=65 resets=0 ungets=0 forwarded=0
             histogram [2,4) => 8, [4,8) => 1
   Buffers: shared hit=362 read=33
 Settings: enable_bitmapscan = 'off', enable_seqscan = 'off', max_parallel_workers_per_gather = '0'
 Planning:
   Buffers: shared hit=82 read=26
 Planning Time: 5.998 ms
 Execution Time: 3.699 ms
(12 rows)

SET
SET
SET
SET
SET
                                             QUERY PLAN                                             
----------------------------------------------------------------------------------------------------
 Index Scan Backward using idx on public.t (actual rows=512.00 loops=1)
   Output: a, b
   Index Cond: ((t.a >= '-10583'::integer) AND (t.a <= '-10552'::integer))
   Index Searches: 1
   Buffers: shared hit=395
 Settings: enable_bitmapscan = 'off', enable_seqscan = 'off', max_parallel_workers_per_gather = '0'
 Planning:
   Buffers: shared hit=113
 Planning Time: 0.418 ms
 Execution Time: 0.230 ms
(10 rows)

