SET
SET
SET
SET
SET
                                             QUERY PLAN                                             
----------------------------------------------------------------------------------------------------
 Index Scan Backward using idx on public.t (actual rows=1024.00 loops=1)
   Output: a, b
   Index Cond: ((t.a >= '-20156'::integer) AND (t.a <= '-20093'::integer))
   Index Searches: 1
   Prefetch: distance=2.000 count=32 stalls=705 skipped=237 resets=0 ungets=0 forwarded=0
             histogram [2,4) => 32
   Buffers: shared hit=737 read=41
 Settings: enable_bitmapscan = 'off', enable_seqscan = 'off', max_parallel_workers_per_gather = '0'
 Planning:
   Buffers: shared hit=78 read=22
 Planning Time: 5.891 ms
 Execution Time: 4.699 ms
(12 rows)

SET
SET
SET
SET
SET
                                             QUERY PLAN                                             
----------------------------------------------------------------------------------------------------
 Index Scan Backward using idx on public.t (actual rows=1024.00 loops=1)
   Output: a, b
   Index Cond: ((t.a >= '-20156'::integer) AND (t.a <= '-20093'::integer))
   Index Searches: 1
   Buffers: shared hit=778
 Settings: enable_bitmapscan = 'off', enable_seqscan = 'off', max_parallel_workers_per_gather = '0'
 Planning:
   Buffers: shared hit=105
 Planning Time: 0.315 ms
 Execution Time: 0.345 ms
(10 rows)

