SET
SET
SET
SET
SET
                                             QUERY PLAN                                             
----------------------------------------------------------------------------------------------------
 Index Scan Backward using idx on public.t (actual rows=4096.00 loops=1)
   Output: a, b
   Index Cond: ((t.a >= '-22111'::integer) AND (t.a <= '-21856'::integer))
   Index Searches: 1
   Prefetch: distance=2.000 count=92 stalls=2803 skipped=982 resets=0 ungets=0 forwarded=0
             histogram [2,4) => 92
   Buffers: shared hit=2982 read=86
 Settings: enable_bitmapscan = 'off', enable_seqscan = 'off', max_parallel_workers_per_gather = '0'
 Planning:
   Buffers: shared hit=78 read=22
 Planning Time: 5.928 ms
 Execution Time: 9.613 ms
(12 rows)

SET
SET
SET
SET
SET
                                             QUERY PLAN                                             
----------------------------------------------------------------------------------------------------
 Index Scan Backward using idx on public.t (actual rows=4096.00 loops=1)
   Output: a, b
   Index Cond: ((t.a >= '-22111'::integer) AND (t.a <= '-21856'::integer))
   Index Searches: 1
   Buffers: shared hit=3068
 Settings: enable_bitmapscan = 'off', enable_seqscan = 'off', max_parallel_workers_per_gather = '0'
 Planning:
   Buffers: shared hit=105
 Planning Time: 0.417 ms
 Execution Time: 1.599 ms
(10 rows)

