SET
SET
SET
SET
SET
                                                         QUERY PLAN                                                         
----------------------------------------------------------------------------------------------------------------------------
 Index Scan Backward using idx on public.t (actual rows=256.00 loops=1)
   Output: a, b
   Index Cond: ((t.a >= 13299) AND (t.a <= 13314))
   Index Searches: 1
   Prefetch: distance=80.287 count=174 stalls=1 skipped=70 resets=0 ungets=0 forwarded=0
             histogram [2,4) => 2, [4,8) => 13, [8,16) => 10, [16,32) => 22, [32,64) => 27, [64,128) => 64, [128,256) => 36
   Buffers: shared hit=161 read=32
 Settings: enable_bitmapscan = 'off', enable_seqscan = 'off', max_parallel_workers_per_gather = '0'
 Planning:
   Buffers: shared hit=82 read=23
 Planning Time: 5.782 ms
 Execution Time: 3.790 ms
(12 rows)

SET
SET
SET
SET
SET
                                             QUERY PLAN                                             
----------------------------------------------------------------------------------------------------
 Index Scan Backward using idx on public.t (actual rows=256.00 loops=1)
   Output: a, b
   Index Cond: ((t.a >= 13299) AND (t.a <= 13314))
   Index Searches: 1
   Buffers: shared hit=193
 Settings: enable_bitmapscan = 'off', enable_seqscan = 'off', max_parallel_workers_per_gather = '0'
 Planning:
   Buffers: shared hit=110
 Planning Time: 0.322 ms
 Execution Time: 0.157 ms
(10 rows)

