SET
SET
SET
SET
SET
                                             QUERY PLAN                                             
----------------------------------------------------------------------------------------------------
 Index Scan Backward using idx on public.t (actual rows=2048.00 loops=1)
   Output: a, b
   Index Cond: ((t.a >= 27020) AND (t.a <= 27147))
   Index Searches: 1
   Prefetch: distance=2.000 count=42 stalls=1263 skipped=467 resets=0 ungets=0 forwarded=0
             histogram [2,4) => 42
   Buffers: shared hit=1462 read=56
 Settings: enable_bitmapscan = 'off', enable_seqscan = 'off', max_parallel_workers_per_gather = '0'
 Planning:
   Buffers: shared hit=82 read=23
 Planning Time: 5.926 ms
 Execution Time: 7.376 ms
(12 rows)

SET
SET
SET
SET
SET
                                             QUERY PLAN                                             
----------------------------------------------------------------------------------------------------
 Index Scan Backward using idx on public.t (actual rows=2048.00 loops=1)
   Output: a, b
   Index Cond: ((t.a >= 27020) AND (t.a <= 27147))
   Index Searches: 1
   Buffers: shared hit=1518
 Settings: enable_bitmapscan = 'off', enable_seqscan = 'off', max_parallel_workers_per_gather = '0'
 Planning:
   Buffers: shared hit=110
 Planning Time: 0.310 ms
 Execution Time: 0.724 ms
(10 rows)

