SET
SET
SET
SET
SET
                                             QUERY PLAN                                             
----------------------------------------------------------------------------------------------------
 Index Scan Backward using idx on public.t (actual rows=4096.00 loops=1)
   Output: a, b
   Index Cond: ((t.a >= '-13137'::integer) AND (t.a <= '-12882'::integer))
   Index Searches: 1
   Prefetch: distance=2.094 count=96 stalls=2883 skipped=1010 resets=0 ungets=0 forwarded=0
             histogram [2,4) => 93, [4,8) => 3
   Buffers: shared hit=2987 read=86
 Settings: enable_bitmapscan = 'off', enable_seqscan = 'off', max_parallel_workers_per_gather = '0'
 Planning:
   Buffers: shared hit=78 read=26
 Planning Time: 6.375 ms
 Execution Time: 10.044 ms
(12 rows)

SET
SET
SET
SET
SET
                                             QUERY PLAN                                             
----------------------------------------------------------------------------------------------------
 Index Scan Backward using idx on public.t (actual rows=4096.00 loops=1)
   Output: a, b
   Index Cond: ((t.a >= '-13137'::integer) AND (t.a <= '-12882'::integer))
   Index Searches: 1
   Buffers: shared hit=3073
 Settings: enable_bitmapscan = 'off', enable_seqscan = 'off', max_parallel_workers_per_gather = '0'
 Planning:
   Buffers: shared hit=109
 Planning Time: 0.335 ms
 Execution Time: 1.186 ms
(10 rows)

