SET
SET
SET
SET
SET
                                             QUERY PLAN                                             
----------------------------------------------------------------------------------------------------
 Index Scan Backward using idx on public.t (actual rows=4096.00 loops=1)
   Output: a, b
   Index Cond: ((t.a >= 17121) AND (t.a <= 17376))
   Index Searches: 1
   Prefetch: distance=2.000 count=90 stalls=2800 skipped=985 resets=0 ungets=0 forwarded=0
             histogram [2,4) => 90
   Buffers: shared hit=2994 read=85
 Settings: enable_bitmapscan = 'off', enable_seqscan = 'off', max_parallel_workers_per_gather = '0'
 Planning:
   Buffers: shared hit=82 read=23
 Planning Time: 5.886 ms
 Execution Time: 10.516 ms
(12 rows)

SET
SET
SET
SET
SET
                                             QUERY PLAN                                             
----------------------------------------------------------------------------------------------------
 Index Scan Backward using idx on public.t (actual rows=4096.00 loops=1)
   Output: a, b
   Index Cond: ((t.a >= 17121) AND (t.a <= 17376))
   Index Searches: 1
   Buffers: shared hit=3079
 Settings: enable_bitmapscan = 'off', enable_seqscan = 'off', max_parallel_workers_per_gather = '0'
 Planning:
   Buffers: shared hit=110
 Planning Time: 0.314 ms
 Execution Time: 1.062 ms
(10 rows)

