SET
SET
SET
SET
SET
                                                                    QUERY PLAN                                                                    
--------------------------------------------------------------------------------------------------------------------------------------------------
 Index Scan Backward using idx on public.t (actual rows=3048576.00 loops=1)
   Output: a, b
   Index Cond: ((t.a >= '-220904'::integer) AND (t.a <= '-30369'::integer))
   Index Searches: 1
   Prefetch: distance=263.871 count=2492810 stalls=1 skipped=771226 resets=0 ungets=215463 forwarded=0
             histogram [2,4) => 2, [4,8) => 3, [8,16) => 9, [16,32) => 12, [32,64) => 4, [64,128) => 4, [128,256) => 342879, [256,512) => 2149897
   Buffers: shared hit=2241463 read=44222
 Settings: enable_bitmapscan = 'off', enable_seqscan = 'off', max_parallel_workers_per_gather = '0'
 Planning:
   Buffers: shared hit=78 read=22
 Planning Time: 5.857 ms
 Execution Time: 2460.515 ms
(12 rows)

SET
SET
SET
SET
SET
                                             QUERY PLAN                                             
----------------------------------------------------------------------------------------------------
 Index Scan Backward using idx on public.t (actual rows=3048576.00 loops=1)
   Output: a, b
   Index Cond: ((t.a >= '-220904'::integer) AND (t.a <= '-30369'::integer))
   Index Searches: 1
   Buffers: shared hit=2285685
 Settings: enable_bitmapscan = 'off', enable_seqscan = 'off', max_parallel_workers_per_gather = '0'
 Planning:
   Buffers: shared hit=105
 Planning Time: 0.504 ms
 Execution Time: 1060.579 ms
(10 rows)

