SET
SET
SET
SET
SET
                                             QUERY PLAN                                             
----------------------------------------------------------------------------------------------------
 Index Scan using idx on public.t (actual rows=2048.00 loops=1)
   Output: a, b
   Index Cond: ((t.a >= '-12047'::integer) AND (t.a <= '-11920'::integer))
   Index Searches: 1
   Prefetch: distance=2.000 count=40 stalls=1234 skipped=427 resets=0 ungets=0 forwarded=0
             histogram [2,4) => 40
   Buffers: shared hit=1496 read=54
 Settings: enable_bitmapscan = 'off', enable_seqscan = 'off', max_parallel_workers_per_gather = '0'
 Planning:
   Buffers: shared hit=86 read=26
 Planning Time: 6.065 ms
 Execution Time: 3.290 ms
(12 rows)

SET
SET
SET
SET
SET
                                             QUERY PLAN                                             
----------------------------------------------------------------------------------------------------
 Index Scan using idx on public.t (actual rows=2048.00 loops=1)
   Output: a, b
   Index Cond: ((t.a >= '-12047'::integer) AND (t.a <= '-11920'::integer))
   Index Searches: 1
   Buffers: shared hit=1550
 Settings: enable_bitmapscan = 'off', enable_seqscan = 'off', max_parallel_workers_per_gather = '0'
 Planning:
   Buffers: shared hit=117
 Planning Time: 0.358 ms
 Execution Time: 0.644 ms
(10 rows)

