SET
SET
SET
SET
SET
                                             QUERY PLAN                                             
----------------------------------------------------------------------------------------------------
 Index Scan using idx on public.t (actual rows=4096.00 loops=1)
   Output: a, b
   Index Cond: ((t.a >= '-17675'::integer) AND (t.a <= '-17420'::integer))
   Index Searches: 1
   Prefetch: distance=2.000 count=94 stalls=2810 skipped=1005 resets=0 ungets=0 forwarded=0
             histogram [2,4) => 94
   Buffers: shared hit=2978 read=85
 Settings: enable_bitmapscan = 'off', enable_seqscan = 'off', max_parallel_workers_per_gather = '0'
 Planning:
   Buffers: shared hit=82 read=22
 Planning Time: 5.804 ms
 Execution Time: 4.317 ms
(12 rows)

SET
SET
SET
SET
SET
                                             QUERY PLAN                                             
----------------------------------------------------------------------------------------------------
 Index Scan using idx on public.t (actual rows=4096.00 loops=1)
   Output: a, b
   Index Cond: ((t.a >= '-17675'::integer) AND (t.a <= '-17420'::integer))
   Index Searches: 1
   Buffers: shared hit=3063
 Settings: enable_bitmapscan = 'off', enable_seqscan = 'off', max_parallel_workers_per_gather = '0'
 Planning:
   Buffers: shared hit=109
 Planning Time: 0.297 ms
 Execution Time: 1.136 ms
(10 rows)

