SET
SET
SET
SET
SET
                                             QUERY PLAN                                             
----------------------------------------------------------------------------------------------------
 Index Scan using idx on public.t (actual rows=512.00 loops=1)
   Output: a, b
   Index Cond: ((t.a >= '-16042'::integer) AND (t.a <= '-16011'::integer))
   Index Searches: 1
   Prefetch: distance=2.333 count=24 stalls=331 skipped=117 resets=0 ungets=0 forwarded=1
             histogram [2,4) => 21, [4,8) => 3
   Buffers: shared hit=351 read=36
 Settings: enable_bitmapscan = 'off', enable_seqscan = 'off', max_parallel_workers_per_gather = '0'
 Planning:
   Buffers: shared hit=82 read=22
 Planning Time: 5.666 ms
 Execution Time: 3.162 ms
(12 rows)

SET
SET
SET
SET
SET
                                             QUERY PLAN                                             
----------------------------------------------------------------------------------------------------
 Index Scan using idx on public.t (actual rows=512.00 loops=1)
   Output: a, b
   Index Cond: ((t.a >= '-16042'::integer) AND (t.a <= '-16011'::integer))
   Index Searches: 1
   Buffers: shared hit=387
 Settings: enable_bitmapscan = 'off', enable_seqscan = 'off', max_parallel_workers_per_gather = '0'
 Planning:
   Buffers: shared hit=109
 Planning Time: 0.309 ms
 Execution Time: 0.213 ms
(10 rows)

