SET
SET
SET
SET
SET
                                             QUERY PLAN                                             
----------------------------------------------------------------------------------------------------
 Index Scan using idx on public.t (actual rows=4096.00 loops=1)
   Output: a, b
   Index Cond: ((t.a >= '-19329'::integer) AND (t.a <= '-19074'::integer))
   Index Searches: 1
   Prefetch: distance=2.104 count=96 stalls=2884 skipped=1041 resets=0 ungets=0 forwarded=0
             histogram [2,4) => 92, [4,8) => 4
   Buffers: shared hit=2966 read=86
 Settings: enable_bitmapscan = 'off', enable_seqscan = 'off', max_parallel_workers_per_gather = '0'
 Planning:
   Buffers: shared hit=82 read=22
 Planning Time: 5.609 ms
 Execution Time: 4.157 ms
(12 rows)

SET
SET
SET
SET
SET
                                             QUERY PLAN                                             
----------------------------------------------------------------------------------------------------
 Index Scan using idx on public.t (actual rows=4096.00 loops=1)
   Output: a, b
   Index Cond: ((t.a >= '-19329'::integer) AND (t.a <= '-19074'::integer))
   Index Searches: 1
   Buffers: shared hit=3052
 Settings: enable_bitmapscan = 'off', enable_seqscan = 'off', max_parallel_workers_per_gather = '0'
 Planning:
   Buffers: shared hit=109
 Planning Time: 0.382 ms
 Execution Time: 1.094 ms
(10 rows)

