SET
SET
SET
SET
SET
                                             QUERY PLAN                                             
----------------------------------------------------------------------------------------------------
 Index Scan using idx on public.t (actual rows=512.00 loops=1)
   Output: a, b
   Index Cond: ((t.a >= '-21227'::integer) AND (t.a <= '-21196'::integer))
   Index Searches: 1
   Prefetch: distance=2.000 count=10 stalls=252 skipped=89 resets=0 ungets=0 forwarded=0
             histogram [2,4) => 10
   Buffers: shared hit=357 read=34
 Settings: enable_bitmapscan = 'off', enable_seqscan = 'off', max_parallel_workers_per_gather = '0'
 Planning:
   Buffers: shared hit=82 read=22
 Planning Time: 5.729 ms
 Execution Time: 2.750 ms
(12 rows)

SET
SET
SET
SET
SET
                                             QUERY PLAN                                             
----------------------------------------------------------------------------------------------------
 Index Scan using idx on public.t (actual rows=512.00 loops=1)
   Output: a, b
   Index Cond: ((t.a >= '-21227'::integer) AND (t.a <= '-21196'::integer))
   Index Searches: 1
   Buffers: shared hit=391
 Settings: enable_bitmapscan = 'off', enable_seqscan = 'off', max_parallel_workers_per_gather = '0'
 Planning:
   Buffers: shared hit=109
 Planning Time: 0.323 ms
 Execution Time: 0.213 ms
(10 rows)

