SET
SET
SET
SET
SET
                                             QUERY PLAN                                             
----------------------------------------------------------------------------------------------------
 Index Scan using idx on public.t (actual rows=4096.00 loops=1)
   Output: a, b
   Index Cond: ((t.a >= '-10889'::integer) AND (t.a <= '-10634'::integer))
   Index Searches: 1
   Prefetch: distance=2.000 count=99 stalls=2902 skipped=1034 resets=0 ungets=0 forwarded=0
             histogram [2,4) => 99
   Buffers: shared hit=2978 read=86
 Settings: enable_bitmapscan = 'off', enable_seqscan = 'off', max_parallel_workers_per_gather = '0'
 Planning:
   Buffers: shared hit=86 read=26
 Planning Time: 6.046 ms
 Execution Time: 4.734 ms
(12 rows)

SET
SET
SET
SET
SET
                                             QUERY PLAN                                             
----------------------------------------------------------------------------------------------------
 Index Scan using idx on public.t (actual rows=4096.00 loops=1)
   Output: a, b
   Index Cond: ((t.a >= '-10889'::integer) AND (t.a <= '-10634'::integer))
   Index Searches: 1
   Buffers: shared hit=3064
 Settings: enable_bitmapscan = 'off', enable_seqscan = 'off', max_parallel_workers_per_gather = '0'
 Planning:
   Buffers: shared hit=117
 Planning Time: 0.468 ms
 Execution Time: 1.054 ms
(10 rows)

