SET
SET
SET
SET
SET
                                             QUERY PLAN                                             
----------------------------------------------------------------------------------------------------
 Index Scan using idx on public.t (actual rows=256.00 loops=1)
   Output: a, b
   Index Cond: ((t.a >= '-12272'::integer) AND (t.a <= '-12257'::integer))
   Index Searches: 1
   Prefetch: distance=2.000 count=5 stalls=136 skipped=36 resets=0 ungets=0 forwarded=0
             histogram [2,4) => 5
   Buffers: shared hit=172 read=30
 Settings: enable_bitmapscan = 'off', enable_seqscan = 'off', max_parallel_workers_per_gather = '0'
 Planning:
   Buffers: shared hit=86 read=26
 Planning Time: 5.995 ms
 Execution Time: 2.404 ms
(12 rows)

SET
SET
SET
SET
SET
                                             QUERY PLAN                                             
----------------------------------------------------------------------------------------------------
 Index Scan using idx on public.t (actual rows=256.00 loops=1)
   Output: a, b
   Index Cond: ((t.a >= '-12272'::integer) AND (t.a <= '-12257'::integer))
   Index Searches: 1
   Buffers: shared hit=202
 Settings: enable_bitmapscan = 'off', enable_seqscan = 'off', max_parallel_workers_per_gather = '0'
 Planning:
   Buffers: shared hit=117
 Planning Time: 0.356 ms
 Execution Time: 0.152 ms
(10 rows)

