SET
SET
SET
SET
SET
                                             QUERY PLAN                                             
----------------------------------------------------------------------------------------------------
 Index Scan using idx on public.t (actual rows=1024.00 loops=1)
   Output: a, b
   Index Cond: ((t.a >= '-19812'::integer) AND (t.a <= '-19749'::integer))
   Index Searches: 1
   Prefetch: distance=2.000 count=16 stalls=571 skipped=182 resets=0 ungets=0 forwarded=0
             histogram [2,4) => 16
   Buffers: shared hit=741 read=41
 Settings: enable_bitmapscan = 'off', enable_seqscan = 'off', max_parallel_workers_per_gather = '0'
 Planning:
   Buffers: shared hit=82 read=22
 Planning Time: 5.703 ms
 Execution Time: 3.154 ms
(12 rows)

SET
SET
SET
SET
SET
                                             QUERY PLAN                                             
----------------------------------------------------------------------------------------------------
 Index Scan using idx on public.t (actual rows=1024.00 loops=1)
   Output: a, b
   Index Cond: ((t.a >= '-19812'::integer) AND (t.a <= '-19749'::integer))
   Index Searches: 1
   Buffers: shared hit=782
 Settings: enable_bitmapscan = 'off', enable_seqscan = 'off', max_parallel_workers_per_gather = '0'
 Planning:
   Buffers: shared hit=109
 Planning Time: 0.315 ms
 Execution Time: 0.339 ms
(10 rows)

