SET
SET
SET
SET
SET
                                             QUERY PLAN                                             
----------------------------------------------------------------------------------------------------
 Index Scan using idx on public.t (actual rows=2048.00 loops=1)
   Output: a, b
   Index Cond: ((t.a >= '-28508'::integer) AND (t.a <= '-28381'::integer))
   Index Searches: 1
   Prefetch: distance=2.180 count=50 stalls=1362 skipped=511 resets=0 ungets=0 forwarded=0
             histogram [2,4) => 46, [4,8) => 4
   Buffers: shared hit=1464 read=57
 Settings: enable_bitmapscan = 'off', enable_seqscan = 'off', max_parallel_workers_per_gather = '0'
 Planning:
   Buffers: shared hit=82 read=22
 Planning Time: 5.670 ms
 Execution Time: 2.915 ms
(12 rows)

SET
SET
SET
SET
SET
                                             QUERY PLAN                                             
----------------------------------------------------------------------------------------------------
 Index Scan using idx on public.t (actual rows=2048.00 loops=1)
   Output: a, b
   Index Cond: ((t.a >= '-28508'::integer) AND (t.a <= '-28381'::integer))
   Index Searches: 1
   Buffers: shared hit=1521
 Settings: enable_bitmapscan = 'off', enable_seqscan = 'off', max_parallel_workers_per_gather = '0'
 Planning:
   Buffers: shared hit=109
 Planning Time: 0.346 ms
 Execution Time: 0.571 ms
(10 rows)

