SET
SET
SET
SET
SET
                                                                QUERY PLAN                                                                 
-------------------------------------------------------------------------------------------------------------------------------------------
 Index Scan using idx on public.t (actual rows=256.00 loops=1)
   Output: a, b
   Index Cond: ((t.a >= 14200) AND (t.a <= 14327))
   Index Searches: 1
   Prefetch: distance=215.352 count=244 stalls=1 skipped=3 resets=0 ungets=13 forwarded=2
             histogram [2,4) => 2, [4,8) => 5, [8,16) => 6, [16,32) => 20, [32,64) => 10, [64,128) => 2, [128,256) => 53, [256,512) => 146
   Buffers: shared hit=217 read=43
 Settings: enable_bitmapscan = 'off', enable_seqscan = 'off', max_parallel_workers_per_gather = '0'
 Planning:
   Buffers: shared hit=82 read=27
 Planning Time: 6.113 ms
 Execution Time: 4.263 ms
(12 rows)

SET
SET
SET
SET
SET
                                             QUERY PLAN                                             
----------------------------------------------------------------------------------------------------
 Index Scan using idx on public.t (actual rows=256.00 loops=1)
   Output: a, b
   Index Cond: ((t.a >= 14200) AND (t.a <= 14327))
   Index Searches: 1
   Buffers: shared hit=260
 Settings: enable_bitmapscan = 'off', enable_seqscan = 'off', max_parallel_workers_per_gather = '0'
 Planning:
   Buffers: shared hit=114
 Planning Time: 0.413 ms
 Execution Time: 0.189 ms
(10 rows)

