SET
SET
SET
SET
SET
                                                                QUERY PLAN                                                                 
-------------------------------------------------------------------------------------------------------------------------------------------
 Index Scan using idx on public.t (actual rows=1024.00 loops=1)
   Output: a, b
   Index Cond: ((t.a >= 24765) AND (t.a <= 25276))
   Index Searches: 1
   Prefetch: distance=252.984 count=1031 stalls=1 skipped=23 resets=0 ungets=34 forwarded=1
             histogram [2,4) => 2, [4,8) => 4, [8,16) => 9, [16,32) => 11, [32,64) => 3, [64,128) => 3, [128,256) => 248, [256,512) => 751
   Buffers: shared hit=955 read=54
 Settings: enable_bitmapscan = 'off', enable_seqscan = 'off', max_parallel_workers_per_gather = '0'
 Planning:
   Buffers: shared hit=82 read=27
 Planning Time: 6.251 ms
 Execution Time: 3.785 ms
(12 rows)

SET
SET
SET
SET
SET
                                             QUERY PLAN                                             
----------------------------------------------------------------------------------------------------
 Index Scan using idx on public.t (actual rows=1024.00 loops=1)
   Output: a, b
   Index Cond: ((t.a >= 24765) AND (t.a <= 25276))
   Index Searches: 1
   Buffers: shared hit=1009
 Settings: enable_bitmapscan = 'off', enable_seqscan = 'off', max_parallel_workers_per_gather = '0'
 Planning:
   Buffers: shared hit=114
 Planning Time: 0.359 ms
 Execution Time: 0.378 ms
(10 rows)

