SET
SET
SET
SET
SET
                                             QUERY PLAN                                             
----------------------------------------------------------------------------------------------------
 Index Scan using idx on public.t (actual rows=4096.00 loops=1)
   Output: a, b
   Index Cond: ((t.a >= 5940) AND (t.a <= 7987))
   Index Searches: 1
   Prefetch: distance=2.033 count=121 stalls=3570 skipped=104 resets=0 ungets=0 forwarded=0
             histogram [2,4) => 119, [4,8) => 2
   Buffers: shared hit=3893 read=110
 Settings: enable_bitmapscan = 'off', enable_seqscan = 'off', max_parallel_workers_per_gather = '0'
 Planning:
   Buffers: shared hit=82 read=27
 Planning Time: 6.083 ms
 Execution Time: 7.828 ms
(12 rows)

SET
SET
SET
SET
SET
                                             QUERY PLAN                                             
----------------------------------------------------------------------------------------------------
 Index Scan using idx on public.t (actual rows=4096.00 loops=1)
   Output: a, b
   Index Cond: ((t.a >= 5940) AND (t.a <= 7987))
   Index Searches: 1
   Buffers: shared hit=4003
 Settings: enable_bitmapscan = 'off', enable_seqscan = 'off', max_parallel_workers_per_gather = '0'
 Planning:
   Buffers: shared hit=114
 Planning Time: 0.374 ms
 Execution Time: 1.342 ms
(10 rows)

