SET
SET
SET
SET
SET
                                                                QUERY PLAN                                                                
------------------------------------------------------------------------------------------------------------------------------------------
 Index Scan using idx on public.t (actual rows=256.00 loops=1)
   Output: a, b
   Index Cond: ((t.a >= 5074) AND (t.a <= 5201))
   Index Searches: 1
   Prefetch: distance=232.736 count=277 stalls=1 skipped=3 resets=0 ungets=28 forwarded=2
             histogram [2,4) => 2, [4,8) => 6, [8,16) => 9, [16,32) => 7, [32,64) => 10, [64,128) => 2, [128,256) => 28, [256,512) => 213
   Buffers: shared hit=219 read=41
 Settings: enable_bitmapscan = 'off', enable_seqscan = 'off', max_parallel_workers_per_gather = '0'
 Planning:
   Buffers: shared hit=82 read=27
 Planning Time: 6.039 ms
 Execution Time: 3.123 ms
(12 rows)

SET
SET
SET
SET
SET
                                             QUERY PLAN                                             
----------------------------------------------------------------------------------------------------
 Index Scan using idx on public.t (actual rows=256.00 loops=1)
   Output: a, b
   Index Cond: ((t.a >= 5074) AND (t.a <= 5201))
   Index Searches: 1
   Buffers: shared hit=260
 Settings: enable_bitmapscan = 'off', enable_seqscan = 'off', max_parallel_workers_per_gather = '0'
 Planning:
   Buffers: shared hit=114
 Planning Time: 0.422 ms
 Execution Time: 0.204 ms
(10 rows)

