SET
SET
SET
SET
SET
                                             QUERY PLAN                                             
----------------------------------------------------------------------------------------------------
 Index Scan using idx on public.t (actual rows=512.00 loops=1)
   Output: a, b
   Index Cond: ((t.a >= 30617) AND (t.a <= 30872))
   Index Searches: 1
   Prefetch: distance=2.000 count=26 stalls=406 skipped=7 resets=0 ungets=0 forwarded=0
             histogram [2,4) => 26
   Buffers: shared hit=465 read=47
 Settings: enable_bitmapscan = 'off', enable_seqscan = 'off', max_parallel_workers_per_gather = '0'
 Planning:
   Buffers: shared hit=82 read=27
 Planning Time: 6.041 ms
 Execution Time: 4.205 ms
(12 rows)

SET
SET
SET
SET
SET
                                             QUERY PLAN                                             
----------------------------------------------------------------------------------------------------
 Index Scan using idx on public.t (actual rows=512.00 loops=1)
   Output: a, b
   Index Cond: ((t.a >= 30617) AND (t.a <= 30872))
   Index Searches: 1
   Buffers: shared hit=512
 Settings: enable_bitmapscan = 'off', enable_seqscan = 'off', max_parallel_workers_per_gather = '0'
 Planning:
   Buffers: shared hit=114
 Planning Time: 0.361 ms
 Execution Time: 0.245 ms
(10 rows)

