SET
SET
SET
SET
SET
                                             QUERY PLAN                                             
----------------------------------------------------------------------------------------------------
 Index Scan using idx on public.t (actual rows=4096.00 loops=1)
   Output: a, b
   Index Cond: ((t.a >= 13879) AND (t.a <= 15926))
   Index Searches: 1
   Prefetch: distance=2.025 count=121 stalls=3602 skipped=116 resets=0 ungets=0 forwarded=0
             histogram [2,4) => 120, [4,8) => 1
   Buffers: shared hit=3876 read=111
 Settings: enable_bitmapscan = 'off', enable_seqscan = 'off', max_parallel_workers_per_gather = '0'
 Planning:
   Buffers: shared hit=82 read=27
 Planning Time: 6.129 ms
 Execution Time: 7.006 ms
(12 rows)

SET
SET
SET
SET
SET
                                             QUERY PLAN                                             
----------------------------------------------------------------------------------------------------
 Index Scan using idx on public.t (actual rows=4096.00 loops=1)
   Output: a, b
   Index Cond: ((t.a >= 13879) AND (t.a <= 15926))
   Index Searches: 1
   Buffers: shared hit=3987
 Settings: enable_bitmapscan = 'off', enable_seqscan = 'off', max_parallel_workers_per_gather = '0'
 Planning:
   Buffers: shared hit=114
 Planning Time: 0.381 ms
 Execution Time: 1.175 ms
(10 rows)

