SET
SET
SET
SET
SET
                                             QUERY PLAN                                             
----------------------------------------------------------------------------------------------------
 Index Scan using idx on public.t (actual rows=512.00 loops=1)
   Output: a, b
   Index Cond: ((t.a >= 10441) AND (t.a <= 10696))
   Index Searches: 1
   Prefetch: distance=2.000 count=4 stalls=273 skipped=4 resets=0 ungets=0 forwarded=0
             histogram [2,4) => 4
   Buffers: shared hit=464 read=45
 Settings: enable_bitmapscan = 'off', enable_seqscan = 'off', max_parallel_workers_per_gather = '0'
 Planning:
   Buffers: shared hit=82 read=27
 Planning Time: 6.382 ms
 Execution Time: 5.209 ms
(12 rows)

SET
SET
SET
SET
SET
                                             QUERY PLAN                                             
----------------------------------------------------------------------------------------------------
 Index Scan using idx on public.t (actual rows=512.00 loops=1)
   Output: a, b
   Index Cond: ((t.a >= 10441) AND (t.a <= 10696))
   Index Searches: 1
   Buffers: shared hit=509
 Settings: enable_bitmapscan = 'off', enable_seqscan = 'off', max_parallel_workers_per_gather = '0'
 Planning:
   Buffers: shared hit=114
 Planning Time: 0.350 ms
 Execution Time: 0.222 ms
(10 rows)

