SET
SET
SET
SET
SET
                                                         QUERY PLAN                                                         
----------------------------------------------------------------------------------------------------------------------------
 Index Scan using idx on public.t (actual rows=256.00 loops=1)
   Output: a, b
   Index Cond: ((t.a >= 21711) AND (t.a <= 21838))
   Index Searches: 1
   Prefetch: distance=88.224 count=228 stalls=4 skipped=3 resets=0 ungets=0 forwarded=0
             histogram [2,4) => 8, [4,8) => 10, [8,16) => 27, [16,32) => 30, [32,64) => 33, [64,128) => 48, [128,256) => 72
   Buffers: shared hit=219 read=41
 Settings: enable_bitmapscan = 'off', enable_seqscan = 'off', max_parallel_workers_per_gather = '0'
 Planning:
   Buffers: shared hit=82 read=27
 Planning Time: 6.387 ms
 Execution Time: 4.304 ms
(12 rows)

SET
SET
SET
SET
SET
                                             QUERY PLAN                                             
----------------------------------------------------------------------------------------------------
 Index Scan using idx on public.t (actual rows=256.00 loops=1)
   Output: a, b
   Index Cond: ((t.a >= 21711) AND (t.a <= 21838))
   Index Searches: 1
   Buffers: shared hit=260
 Settings: enable_bitmapscan = 'off', enable_seqscan = 'off', max_parallel_workers_per_gather = '0'
 Planning:
   Buffers: shared hit=114
 Planning Time: 0.345 ms
 Execution Time: 0.170 ms
(10 rows)

