SET
SET
SET
SET
SET
                                             QUERY PLAN                                             
----------------------------------------------------------------------------------------------------
 Index Scan using idx on public.t (actual rows=8192.00 loops=1)
   Output: a, b
   Index Cond: ((t.a >= 27222) AND (t.a <= 31317))
   Index Searches: 1
   Prefetch: distance=2.060 count=251 stalls=7350 skipped=224 resets=0 ungets=0 forwarded=1
             histogram [2,4) => 246, [4,8) => 5
   Buffers: shared hit=7801 read=184
 Settings: enable_bitmapscan = 'off', enable_seqscan = 'off', max_parallel_workers_per_gather = '0'
 Planning:
   Buffers: shared hit=82 read=27
 Planning Time: 6.404 ms
 Execution Time: 10.755 ms
(12 rows)

SET
SET
SET
SET
SET
                                             QUERY PLAN                                             
----------------------------------------------------------------------------------------------------
 Index Scan using idx on public.t (actual rows=8192.00 loops=1)
   Output: a, b
   Index Cond: ((t.a >= 27222) AND (t.a <= 31317))
   Index Searches: 1
   Buffers: shared hit=7985
 Settings: enable_bitmapscan = 'off', enable_seqscan = 'off', max_parallel_workers_per_gather = '0'
 Planning:
   Buffers: shared hit=114
 Planning Time: 0.367 ms
 Execution Time: 2.224 ms
(10 rows)

