SET
SET
SET
SET
SET
                                             QUERY PLAN                                             
----------------------------------------------------------------------------------------------------
 Index Scan using idx on public.t (actual rows=1024.00 loops=1)
   Output: a, b
   Index Cond: ((t.a >= 10241) AND (t.a <= 10752))
   Index Searches: 1
   Prefetch: distance=2.000 count=24 stalls=753 skipped=22 resets=0 ungets=0 forwarded=0
             histogram [2,4) => 24
   Buffers: shared hit=949 read=55
 Settings: enable_bitmapscan = 'off', enable_seqscan = 'off', max_parallel_workers_per_gather = '0'
 Planning:
   Buffers: shared hit=82 read=27
 Planning Time: 6.135 ms
 Execution Time: 4.609 ms
(12 rows)

SET
SET
SET
SET
SET
                                             QUERY PLAN                                             
----------------------------------------------------------------------------------------------------
 Index Scan using idx on public.t (actual rows=1024.00 loops=1)
   Output: a, b
   Index Cond: ((t.a >= 10241) AND (t.a <= 10752))
   Index Searches: 1
   Buffers: shared hit=1004
 Settings: enable_bitmapscan = 'off', enable_seqscan = 'off', max_parallel_workers_per_gather = '0'
 Planning:
   Buffers: shared hit=114
 Planning Time: 0.354 ms
 Execution Time: 0.357 ms
(10 rows)

