SET
SET
SET
SET
SET
                                             QUERY PLAN                                             
----------------------------------------------------------------------------------------------------
 Index Scan Backward using idx on public.t (actual rows=8192.00 loops=1)
   Output: a, b
   Index Cond: ((t.a >= 29571) AND (t.a <= 33666))
   Index Searches: 1
   Prefetch: distance=2.060 count=249 stalls=7400 skipped=201 resets=0 ungets=0 forwarded=0
             histogram [2,4) => 244, [4,8) => 5
   Buffers: shared hit=7823 read=183
 Settings: enable_bitmapscan = 'off', enable_seqscan = 'off', max_parallel_workers_per_gather = '0'
 Planning:
   Buffers: shared hit=86 read=27
 Planning Time: 6.042 ms
 Execution Time: 20.758 ms
(12 rows)

SET
SET
SET
SET
SET
                                             QUERY PLAN                                             
----------------------------------------------------------------------------------------------------
 Index Scan Backward using idx on public.t (actual rows=8192.00 loops=1)
   Output: a, b
   Index Cond: ((t.a >= 29571) AND (t.a <= 33666))
   Index Searches: 1
   Buffers: shared hit=8006
 Settings: enable_bitmapscan = 'off', enable_seqscan = 'off', max_parallel_workers_per_gather = '0'
 Planning:
   Buffers: shared hit=118
 Planning Time: 0.359 ms
 Execution Time: 2.337 ms
(10 rows)

