SET
SET
SET
SET
SET
                                             QUERY PLAN                                             
----------------------------------------------------------------------------------------------------
 Index Scan Backward using idx on public.t (actual rows=2048.00 loops=1)
   Output: a, b
   Index Cond: ((t.a >= 4070) AND (t.a <= 5093))
   Index Searches: 1
   Prefetch: distance=2.103 count=87 stalls=1877 skipped=49 resets=0 ungets=0 forwarded=0
             histogram [2,4) => 84, [4,8) => 3
   Buffers: shared hit=1936 read=73
 Settings: enable_bitmapscan = 'off', enable_seqscan = 'off', max_parallel_workers_per_gather = '0'
 Planning:
   Buffers: shared hit=86 read=27
 Planning Time: 5.617 ms
 Execution Time: 8.693 ms
(12 rows)

SET
SET
SET
SET
SET
                                             QUERY PLAN                                             
----------------------------------------------------------------------------------------------------
 Index Scan Backward using idx on public.t (actual rows=2048.00 loops=1)
   Output: a, b
   Index Cond: ((t.a >= 4070) AND (t.a <= 5093))
   Index Searches: 1
   Buffers: shared hit=2009
 Settings: enable_bitmapscan = 'off', enable_seqscan = 'off', max_parallel_workers_per_gather = '0'
 Planning:
   Buffers: shared hit=118
 Planning Time: 0.355 ms
 Execution Time: 0.655 ms
(10 rows)

