SET
SET
SET
SET
SET
                                             QUERY PLAN                                             
----------------------------------------------------------------------------------------------------
 Index Scan Backward using idx on public.t (actual rows=4096.00 loops=1)
   Output: a, b
   Index Cond: ((t.a >= 23572) AND (t.a <= 25619))
   Index Searches: 1
   Prefetch: distance=2.000 count=136 stalls=3767 skipped=112 resets=0 ungets=0 forwarded=0
             histogram [2,4) => 136
   Buffers: shared hit=3886 read=111
 Settings: enable_bitmapscan = 'off', enable_seqscan = 'off', max_parallel_workers_per_gather = '0'
 Planning:
   Buffers: shared hit=86 read=27
 Planning Time: 6.536 ms
 Execution Time: 13.378 ms
(12 rows)

SET
SET
SET
SET
SET
                                             QUERY PLAN                                             
----------------------------------------------------------------------------------------------------
 Index Scan Backward using idx on public.t (actual rows=4096.00 loops=1)
   Output: a, b
   Index Cond: ((t.a >= 23572) AND (t.a <= 25619))
   Index Searches: 1
   Buffers: shared hit=3997
 Settings: enable_bitmapscan = 'off', enable_seqscan = 'off', max_parallel_workers_per_gather = '0'
 Planning:
   Buffers: shared hit=118
 Planning Time: 0.378 ms
 Execution Time: 1.184 ms
(10 rows)

