SET
SET
SET
SET
SET
                                             QUERY PLAN                                             
----------------------------------------------------------------------------------------------------
 Index Scan Backward using idx on public.t (actual rows=8192.00 loops=1)
   Output: a, b
   Index Cond: ((t.a >= 21257) AND (t.a <= 25352))
   Index Searches: 1
   Prefetch: distance=2.025 count=244 stalls=7378 skipped=211 resets=0 ungets=0 forwarded=0
             histogram [2,4) => 242, [4,8) => 2
   Buffers: shared hit=7815 read=185
 Settings: enable_bitmapscan = 'off', enable_seqscan = 'off', max_parallel_workers_per_gather = '0'
 Planning:
   Buffers: shared hit=86 read=27
 Planning Time: 6.723 ms
 Execution Time: 21.609 ms
(12 rows)

SET
SET
SET
SET
SET
                                             QUERY PLAN                                             
----------------------------------------------------------------------------------------------------
 Index Scan Backward using idx on public.t (actual rows=8192.00 loops=1)
   Output: a, b
   Index Cond: ((t.a >= 21257) AND (t.a <= 25352))
   Index Searches: 1
   Buffers: shared hit=8000
 Settings: enable_bitmapscan = 'off', enable_seqscan = 'off', max_parallel_workers_per_gather = '0'
 Planning:
   Buffers: shared hit=118
 Planning Time: 0.375 ms
 Execution Time: 2.414 ms
(10 rows)

