SET
SET
SET
SET
SET
                                             QUERY PLAN                                             
----------------------------------------------------------------------------------------------------
 Index Scan Backward using idx on public.t (actual rows=4096.00 loops=1)
   Output: a, b
   Index Cond: ((t.a >= 11282) AND (t.a <= 13329))
   Index Searches: 1
   Prefetch: distance=2.057 count=122 stalls=3584 skipped=123 resets=0 ungets=0 forwarded=0
             histogram [2,4) => 120, [4,8) => 2
   Buffers: shared hit=3875 read=110
 Settings: enable_bitmapscan = 'off', enable_seqscan = 'off', max_parallel_workers_per_gather = '0'
 Planning:
   Buffers: shared hit=86 read=27
 Planning Time: 6.301 ms
 Execution Time: 12.707 ms
(12 rows)

SET
SET
SET
SET
SET
                                             QUERY PLAN                                             
----------------------------------------------------------------------------------------------------
 Index Scan Backward using idx on public.t (actual rows=4096.00 loops=1)
   Output: a, b
   Index Cond: ((t.a >= 11282) AND (t.a <= 13329))
   Index Searches: 1
   Buffers: shared hit=3985
 Settings: enable_bitmapscan = 'off', enable_seqscan = 'off', max_parallel_workers_per_gather = '0'
 Planning:
   Buffers: shared hit=118
 Planning Time: 0.364 ms
 Execution Time: 1.188 ms
(10 rows)

