SET
SET
SET
SET
SET
                                                                     QUERY PLAN                                                                     
----------------------------------------------------------------------------------------------------------------------------------------------------
 Index Scan using idx on public.t (actual rows=6048576.00 loops=1)
   Output: a, b
   Index Cond: ((t.a >= 15014) AND (t.a <= 3039301))
   Index Searches: 1
   Prefetch: distance=257.489 count=5965001 stalls=1 skipped=153884 resets=0 ungets=70327 forwarded=5644
             histogram [2,4) => 2, [4,8) => 8, [8,16) => 7, [16,32) => 19, [32,64) => 6, [64,128) => 24, [128,256) => 1979398, [256,512) => 3985537
   Buffers: shared hit=5800002 read=109443
 Settings: enable_bitmapscan = 'off', enable_seqscan = 'off', max_parallel_workers_per_gather = '0'
 Planning:
   Buffers: shared hit=78 read=27
 Planning Time: 6.571 ms
 Execution Time: 3676.274 ms
(12 rows)

SET
SET
SET
SET
SET
                                             QUERY PLAN                                             
----------------------------------------------------------------------------------------------------
 Index Scan using idx on public.t (actual rows=6048576.00 loops=1)
   Output: a, b
   Index Cond: ((t.a >= 15014) AND (t.a <= 3039301))
   Index Searches: 1
   Buffers: shared hit=5909594
 Settings: enable_bitmapscan = 'off', enable_seqscan = 'off', max_parallel_workers_per_gather = '0'
 Planning:
   Buffers: shared hit=110
 Planning Time: 0.411 ms
 Execution Time: 1747.393 ms
(10 rows)

