SET
SET
SET
SET
SET
                                             QUERY PLAN                                             
----------------------------------------------------------------------------------------------------
 Index Scan using idx on public.t (actual rows=1024.00 loops=1)
   Output: a, b
   Index Cond: ((t.a >= 587) AND (t.a <= 1098))
   Index Searches: 1
   Prefetch: distance=2.061 count=49 stalls=906 skipped=24 resets=0 ungets=0 forwarded=0
             histogram [2,4) => 48, [4,8) => 1
   Buffers: shared hit=957 read=51
 Settings: enable_bitmapscan = 'off', enable_seqscan = 'off', max_parallel_workers_per_gather = '0'
 Planning:
   Buffers: shared hit=82 read=27
 Planning Time: 5.842 ms
 Execution Time: 4.746 ms
(12 rows)

SET
SET
SET
SET
SET
                                             QUERY PLAN                                             
----------------------------------------------------------------------------------------------------
 Index Scan using idx on public.t (actual rows=1024.00 loops=1)
   Output: a, b
   Index Cond: ((t.a >= 587) AND (t.a <= 1098))
   Index Searches: 1
   Buffers: shared hit=1008
 Settings: enable_bitmapscan = 'off', enable_seqscan = 'off', max_parallel_workers_per_gather = '0'
 Planning:
   Buffers: shared hit=114
 Planning Time: 0.375 ms
 Execution Time: 0.360 ms
(10 rows)

