SET
SET
SET
SET
SET
                                             QUERY PLAN                                             
----------------------------------------------------------------------------------------------------
 Index Scan using idx on public.t (actual rows=4096.00 loops=1)
   Output: a, b
   Index Cond: ((t.a >= 27455) AND (t.a <= 29502))
   Index Searches: 1
   Prefetch: distance=2.073 count=123 stalls=3546 skipped=120 resets=0 ungets=0 forwarded=1
             histogram [2,4) => 120, [4,8) => 3
   Buffers: shared hit=3871 read=110
 Settings: enable_bitmapscan = 'off', enable_seqscan = 'off', max_parallel_workers_per_gather = '0'
 Planning:
   Buffers: shared hit=82 read=27
 Planning Time: 6.721 ms
 Execution Time: 8.068 ms
(12 rows)

SET
SET
SET
SET
SET
                                             QUERY PLAN                                             
----------------------------------------------------------------------------------------------------
 Index Scan using idx on public.t (actual rows=4096.00 loops=1)
   Output: a, b
   Index Cond: ((t.a >= 27455) AND (t.a <= 29502))
   Index Searches: 1
   Buffers: shared hit=3981
 Settings: enable_bitmapscan = 'off', enable_seqscan = 'off', max_parallel_workers_per_gather = '0'
 Planning:
   Buffers: shared hit=114
 Planning Time: 0.483 ms
 Execution Time: 1.651 ms
(10 rows)

