SET
SET
SET
SET
SET
                                                                    QUERY PLAN                                                                     
---------------------------------------------------------------------------------------------------------------------------------------------------
 Index Scan using idx on public.t (actual rows=65536.00 loops=1)
   Output: a, b
   Index Cond: ((t.a >= 15214) AND (t.a <= 47981))
   Index Searches: 1
   Prefetch: distance=257.416 count=64621 stalls=6 skipped=1718 resets=0 ungets=832 forwarded=60
             histogram [2,4) => 8, [4,8) => 11, [8,16) => 19, [16,32) => 27, [32,64) => 24, [64,128) => 51, [128,256) => 20799, [256,512) => 43682
   Buffers: shared hit=62764 read=1220
 Settings: enable_bitmapscan = 'off', enable_seqscan = 'off', max_parallel_workers_per_gather = '0'
 Planning:
   Buffers: shared hit=82 read=27
 Planning Time: 6.086 ms
 Execution Time: 46.615 ms
(12 rows)

SET
SET
SET
SET
SET
                                             QUERY PLAN                                             
----------------------------------------------------------------------------------------------------
 Index Scan using idx on public.t (actual rows=65536.00 loops=1)
   Output: a, b
   Index Cond: ((t.a >= 15214) AND (t.a <= 47981))
   Index Searches: 1
   Buffers: shared hit=63985
 Settings: enable_bitmapscan = 'off', enable_seqscan = 'off', max_parallel_workers_per_gather = '0'
 Planning:
   Buffers: shared hit=114
 Planning Time: 0.340 ms
 Execution Time: 15.559 ms
(10 rows)

