SET
SET
SET
SET
SET
                                                                   QUERY PLAN                                                                   
------------------------------------------------------------------------------------------------------------------------------------------------
 Index Scan using idx on public.t (actual rows=262144.00 loops=1)
   Output: a, b
   Index Cond: ((t.a >= 21107) AND (t.a <= 152178))
   Index Searches: 1
   Prefetch: distance=257.462 count=258403 stalls=1 skipped=6831 resets=0 ungets=3102 forwarded=233
             histogram [2,4) => 2, [4,8) => 7, [8,16) => 6, [16,32) => 15, [32,64) => 8, [64,128) => 2, [128,256) => 85687, [256,512) => 172676
   Buffers: shared hit=251186 read=4776
 Settings: enable_bitmapscan = 'off', enable_seqscan = 'off', max_parallel_workers_per_gather = '0'
 Planning:
   Buffers: shared hit=78 read=27
 Planning Time: 6.216 ms
 Execution Time: 165.143 ms
(12 rows)

SET
SET
SET
SET
SET
                                             QUERY PLAN                                             
----------------------------------------------------------------------------------------------------
 Index Scan using idx on public.t (actual rows=262144.00 loops=1)
   Output: a, b
   Index Cond: ((t.a >= 21107) AND (t.a <= 152178))
   Index Searches: 1
   Buffers: shared hit=255965
 Settings: enable_bitmapscan = 'off', enable_seqscan = 'off', max_parallel_workers_per_gather = '0'
 Planning:
   Buffers: shared hit=110
 Planning Time: 0.477 ms
 Execution Time: 77.863 ms
(10 rows)

