SET
SET
SET
SET
SET
                                                                     QUERY PLAN                                                                      
-----------------------------------------------------------------------------------------------------------------------------------------------------
 Index Scan using idx on public.t (actual rows=6048576.00 loops=1)
   Output: a, b
   Index Cond: ((t.a >= 801) AND (t.a <= 3025088))
   Index Searches: 1
   Prefetch: distance=257.504 count=5965590 stalls=7 skipped=153902 resets=0 ungets=70946 forwarded=5659
             histogram [2,4) => 8, [4,8) => 9, [8,16) => 7, [16,32) => 18, [32,64) => 28, [64,128) => 47, [128,256) => 1976899, [256,512) => 3988574
   Buffers: shared hit=5799982 read=109442
 Settings: enable_bitmapscan = 'off', enable_seqscan = 'off', max_parallel_workers_per_gather = '0'
 Planning:
   Buffers: shared hit=78 read=27
 Planning Time: 6.298 ms
 Execution Time: 3761.069 ms
(12 rows)

SET
SET
SET
SET
SET
                                             QUERY PLAN                                             
----------------------------------------------------------------------------------------------------
 Index Scan using idx on public.t (actual rows=6048576.00 loops=1)
   Output: a, b
   Index Cond: ((t.a >= 801) AND (t.a <= 3025088))
   Index Searches: 1
   Buffers: shared hit=5909577
 Settings: enable_bitmapscan = 'off', enable_seqscan = 'off', max_parallel_workers_per_gather = '0'
 Planning:
   Buffers: shared hit=110
 Planning Time: 0.543 ms
 Execution Time: 1854.736 ms
(10 rows)

