SET
SET
SET
SET
SET
                                             QUERY PLAN                                             
----------------------------------------------------------------------------------------------------
 Index Scan using idx on public.t (actual rows=1024.00 loops=1)
   Output: a, b
   Index Cond: ((t.a >= 26232) AND (t.a <= 26743))
   Index Searches: 1
   Prefetch: distance=2.000 count=20 stalls=664 skipped=23 resets=0 ungets=0 forwarded=0
             histogram [2,4) => 20
   Buffers: shared hit=946 read=54
 Settings: enable_bitmapscan = 'off', enable_seqscan = 'off', max_parallel_workers_per_gather = '0'
 Planning:
   Buffers: shared hit=82 read=27
 Planning Time: 6.323 ms
 Execution Time: 4.955 ms
(12 rows)

SET
SET
SET
SET
SET
                                             QUERY PLAN                                             
----------------------------------------------------------------------------------------------------
 Index Scan using idx on public.t (actual rows=1024.00 loops=1)
   Output: a, b
   Index Cond: ((t.a >= 26232) AND (t.a <= 26743))
   Index Searches: 1
   Buffers: shared hit=1000
 Settings: enable_bitmapscan = 'off', enable_seqscan = 'off', max_parallel_workers_per_gather = '0'
 Planning:
   Buffers: shared hit=114
 Planning Time: 0.332 ms
 Execution Time: 0.351 ms
(10 rows)

