SET
SET
SET
SET
SET
                                             QUERY PLAN                                             
----------------------------------------------------------------------------------------------------
 Index Scan using idx on public.t (actual rows=4096.00 loops=1)
   Output: a, b
   Index Cond: ((t.a >= 26625) AND (t.a <= 28672))
   Index Searches: 1
   Prefetch: distance=2.025 count=119 stalls=3528 skipped=106 resets=0 ungets=0 forwarded=0
             histogram [2,4) => 118, [4,8) => 1
   Buffers: shared hit=3889 read=111
 Settings: enable_bitmapscan = 'off', enable_seqscan = 'off', max_parallel_workers_per_gather = '0'
 Planning:
   Buffers: shared hit=82 read=27
 Planning Time: 6.077 ms
 Execution Time: 5.853 ms
(12 rows)

SET
SET
SET
SET
SET
                                             QUERY PLAN                                             
----------------------------------------------------------------------------------------------------
 Index Scan using idx on public.t (actual rows=4096.00 loops=1)
   Output: a, b
   Index Cond: ((t.a >= 26625) AND (t.a <= 28672))
   Index Searches: 1
   Buffers: shared hit=4000
 Settings: enable_bitmapscan = 'off', enable_seqscan = 'off', max_parallel_workers_per_gather = '0'
 Planning:
   Buffers: shared hit=114
 Planning Time: 0.352 ms
 Execution Time: 1.283 ms
(10 rows)

