SET
SET
SET
SET
SET
                                             QUERY PLAN                                             
----------------------------------------------------------------------------------------------------
 Index Scan using idx on public.t (actual rows=8192.00 loops=1)
   Output: a, b
   Index Cond: ((t.a >= 25815) AND (t.a <= 29910))
   Index Searches: 1
   Prefetch: distance=2.048 count=250 stalls=7378 skipped=225 resets=0 ungets=0 forwarded=1
             histogram [2,4) => 246, [4,8) => 4
   Buffers: shared hit=7801 read=185
 Settings: enable_bitmapscan = 'off', enable_seqscan = 'off', max_parallel_workers_per_gather = '0'
 Planning:
   Buffers: shared hit=82 read=27
 Planning Time: 6.007 ms
 Execution Time: 8.043 ms
(12 rows)

SET
SET
SET
SET
SET
                                             QUERY PLAN                                             
----------------------------------------------------------------------------------------------------
 Index Scan using idx on public.t (actual rows=8192.00 loops=1)
   Output: a, b
   Index Cond: ((t.a >= 25815) AND (t.a <= 29910))
   Index Searches: 1
   Buffers: shared hit=7986
 Settings: enable_bitmapscan = 'off', enable_seqscan = 'off', max_parallel_workers_per_gather = '0'
 Planning:
   Buffers: shared hit=114
 Planning Time: 0.373 ms
 Execution Time: 2.320 ms
(10 rows)

