SET
SET
SET
SET
SET
                                                                      QUERY PLAN                                                                      
------------------------------------------------------------------------------------------------------------------------------------------------------
 Index Scan using idx on public.t (actual rows=1048576.00 loops=1)
   Output: a, b
   Index Cond: ((t.a >= 27998) AND (t.a <= 552285))
   Index Searches: 1
   Prefetch: distance=257.410 count=1034139 stalls=1 skipped=26728 resets=0 ungets=12325 forwarded=970
             histogram [2,4) => 2, [4,8) => 10, [8,16) => 16, [16,32) => 27, [32,64) => 93, [64,128) => 108, [128,256) => 343280, [256,512) => 690603
   Buffers: shared hit=1005416 read=19004
 Settings: enable_bitmapscan = 'off', enable_seqscan = 'off', max_parallel_workers_per_gather = '0'
 Planning:
   Buffers: shared hit=78 read=27
 Planning Time: 5.962 ms
 Execution Time: 644.614 ms
(12 rows)

SET
SET
SET
SET
SET
                                             QUERY PLAN                                             
----------------------------------------------------------------------------------------------------
 Index Scan using idx on public.t (actual rows=1048576.00 loops=1)
   Output: a, b
   Index Cond: ((t.a >= 27998) AND (t.a <= 552285))
   Index Searches: 1
   Buffers: shared hit=1024437
 Settings: enable_bitmapscan = 'off', enable_seqscan = 'off', max_parallel_workers_per_gather = '0'
 Planning:
   Buffers: shared hit=110
 Planning Time: 0.402 ms
 Execution Time: 322.444 ms
(10 rows)

