SET
SET
SET
SET
SET
                                             QUERY PLAN                                             
----------------------------------------------------------------------------------------------------
 Index Scan Backward using idx on public.t (actual rows=512.00 loops=1)
   Output: a, b
   Index Cond: ((t.a >= 8252) AND (t.a <= 8283))
   Index Searches: 1
   Prefetch: distance=2.158 count=19 stalls=337 skipped=121 resets=0 ungets=0 forwarded=0
             histogram [2,4) => 18, [4,8) => 1
   Buffers: shared hit=359 read=34
 Settings: enable_bitmapscan = 'off', enable_seqscan = 'off', max_parallel_workers_per_gather = '0'
 Planning:
   Buffers: shared hit=82 read=23
 Planning Time: 6.079 ms
 Execution Time: 4.121 ms
(12 rows)

SET
SET
SET
SET
SET
                                             QUERY PLAN                                             
----------------------------------------------------------------------------------------------------
 Index Scan Backward using idx on public.t (actual rows=512.00 loops=1)
   Output: a, b
   Index Cond: ((t.a >= 8252) AND (t.a <= 8283))
   Index Searches: 1
   Buffers: shared hit=393
 Settings: enable_bitmapscan = 'off', enable_seqscan = 'off', max_parallel_workers_per_gather = '0'
 Planning:
   Buffers: shared hit=110
 Planning Time: 0.404 ms
 Execution Time: 0.336 ms
(10 rows)

