SET
SET
SET
SET
SET
                                             QUERY PLAN                                             
----------------------------------------------------------------------------------------------------
 Index Scan Backward using idx on public.t (actual rows=2048.00 loops=1)
   Output: a, b
   Index Cond: ((t.a >= 23680) AND (t.a <= 23807))
   Index Searches: 1
   Prefetch: distance=2.070 count=43 stalls=1292 skipped=442 resets=0 ungets=0 forwarded=0
             histogram [2,4) => 42, [4,8) => 1
   Buffers: shared hit=1487 read=56
 Settings: enable_bitmapscan = 'off', enable_seqscan = 'off', max_parallel_workers_per_gather = '0'
 Planning:
   Buffers: shared hit=82 read=23
 Planning Time: 6.035 ms
 Execution Time: 6.644 ms
(12 rows)

SET
SET
SET
SET
SET
                                             QUERY PLAN                                             
----------------------------------------------------------------------------------------------------
 Index Scan Backward using idx on public.t (actual rows=2048.00 loops=1)
   Output: a, b
   Index Cond: ((t.a >= 23680) AND (t.a <= 23807))
   Index Searches: 1
   Buffers: shared hit=1543
 Settings: enable_bitmapscan = 'off', enable_seqscan = 'off', max_parallel_workers_per_gather = '0'
 Planning:
   Buffers: shared hit=110
 Planning Time: 0.323 ms
 Execution Time: 0.581 ms
(10 rows)

