SET
SET
SET
SET
SET
                                             QUERY PLAN                                             
----------------------------------------------------------------------------------------------------
 Index Scan using idx on public.t (actual rows=2048.00 loops=1)
   Output: a, b
   Index Cond: ((t.a >= 14638) AND (t.a <= 15661))
   Index Searches: 1
   Prefetch: distance=2.055 count=55 stalls=1581 skipped=49 resets=0 ungets=0 forwarded=0
             histogram [2,4) => 54, [4,8) => 1
   Buffers: shared hit=1925 read=73
 Settings: enable_bitmapscan = 'off', enable_seqscan = 'off', max_parallel_workers_per_gather = '0'
 Planning:
   Buffers: shared hit=82 read=27
 Planning Time: 6.272 ms
 Execution Time: 5.970 ms
(12 rows)

SET
SET
SET
SET
SET
                                             QUERY PLAN                                             
----------------------------------------------------------------------------------------------------
 Index Scan using idx on public.t (actual rows=2048.00 loops=1)
   Output: a, b
   Index Cond: ((t.a >= 14638) AND (t.a <= 15661))
   Index Searches: 1
   Buffers: shared hit=1998
 Settings: enable_bitmapscan = 'off', enable_seqscan = 'off', max_parallel_workers_per_gather = '0'
 Planning:
   Buffers: shared hit=114
 Planning Time: 0.353 ms
 Execution Time: 0.645 ms
(10 rows)

