SET
SET
SET
SET
SET
                                             QUERY PLAN                                             
----------------------------------------------------------------------------------------------------
 Index Scan using idx on public.t (actual rows=8192.00 loops=1)
   Output: a, b
   Index Cond: ((t.a >= 11304) AND (t.a <= 15399))
   Index Searches: 1
   Prefetch: distance=2.035 count=259 stalls=7556 skipped=248 resets=0 ungets=0 forwarded=0
             histogram [2,4) => 256, [4,8) => 3
   Buffers: shared hit=7782 read=184
 Settings: enable_bitmapscan = 'off', enable_seqscan = 'off', max_parallel_workers_per_gather = '0'
 Planning:
   Buffers: shared hit=82 read=27
 Planning Time: 6.548 ms
 Execution Time: 7.920 ms
(12 rows)

SET
SET
SET
SET
SET
                                             QUERY PLAN                                             
----------------------------------------------------------------------------------------------------
 Index Scan using idx on public.t (actual rows=8192.00 loops=1)
   Output: a, b
   Index Cond: ((t.a >= 11304) AND (t.a <= 15399))
   Index Searches: 1
   Buffers: shared hit=7966
 Settings: enable_bitmapscan = 'off', enable_seqscan = 'off', max_parallel_workers_per_gather = '0'
 Planning:
   Buffers: shared hit=114
 Planning Time: 0.345 ms
 Execution Time: 2.420 ms
(10 rows)

