SET
SET
SET
SET
SET
                                                                QUERY PLAN                                                                 
-------------------------------------------------------------------------------------------------------------------------------------------
 Index Scan using idx on public.t (actual rows=256.00 loops=1)
   Output: a, b
   Index Cond: ((t.a >= 7094) AND (t.a <= 7221))
   Index Searches: 1
   Prefetch: distance=145.096 count=228 stalls=2 skipped=6 resets=0 ungets=3 forwarded=1
             histogram [2,4) => 2, [4,8) => 6, [8,16) => 7, [16,32) => 14, [32,64) => 27, [64,128) => 54, [128,256) => 90, [256,512) => 28
   Buffers: shared hit=213 read=43
 Settings: enable_bitmapscan = 'off', enable_seqscan = 'off', max_parallel_workers_per_gather = '0'
 Planning:
   Buffers: shared hit=82 read=27
 Planning Time: 5.757 ms
 Execution Time: 4.355 ms
(12 rows)

SET
SET
SET
SET
SET
                                             QUERY PLAN                                             
----------------------------------------------------------------------------------------------------
 Index Scan using idx on public.t (actual rows=256.00 loops=1)
   Output: a, b
   Index Cond: ((t.a >= 7094) AND (t.a <= 7221))
   Index Searches: 1
   Buffers: shared hit=256
 Settings: enable_bitmapscan = 'off', enable_seqscan = 'off', max_parallel_workers_per_gather = '0'
 Planning:
   Buffers: shared hit=114
 Planning Time: 0.428 ms
 Execution Time: 0.176 ms
(10 rows)

