SET
SET
SET
SET
SET
                                             QUERY PLAN                                             
----------------------------------------------------------------------------------------------------
 Index Scan Backward using idx on public.t (actual rows=512.00 loops=1)
   Output: a, b
   Index Cond: ((t.a >= 30829) AND (t.a <= 31084))
   Index Searches: 1
   Prefetch: distance=2.000 count=32 stalls=412 skipped=19 resets=0 ungets=0 forwarded=0
             histogram [2,4) => 32
   Buffers: shared hit=455 read=45
 Settings: enable_bitmapscan = 'off', enable_seqscan = 'off', max_parallel_workers_per_gather = '0'
 Planning:
   Buffers: shared hit=86 read=27
 Planning Time: 6.081 ms
 Execution Time: 4.604 ms
(12 rows)

SET
SET
SET
SET
SET
                                             QUERY PLAN                                             
----------------------------------------------------------------------------------------------------
 Index Scan Backward using idx on public.t (actual rows=512.00 loops=1)
   Output: a, b
   Index Cond: ((t.a >= 30829) AND (t.a <= 31084))
   Index Searches: 1
   Buffers: shared hit=500
 Settings: enable_bitmapscan = 'off', enable_seqscan = 'off', max_parallel_workers_per_gather = '0'
 Planning:
   Buffers: shared hit=118
 Planning Time: 0.362 ms
 Execution Time: 0.242 ms
(10 rows)

