SET
SET
SET
SET
SET
                                             QUERY PLAN                                             
----------------------------------------------------------------------------------------------------
 Index Scan Backward using idx on public.t (actual rows=4096.00 loops=1)
   Output: a, b
   Index Cond: ((t.a >= 8923) AND (t.a <= 10970))
   Index Searches: 1
   Prefetch: distance=2.184 count=179 stalls=3798 skipped=104 resets=0 ungets=0 forwarded=1
             histogram [2,4) => 168, [4,8) => 11
   Buffers: shared hit=3899 read=110
 Settings: enable_bitmapscan = 'off', enable_seqscan = 'off', max_parallel_workers_per_gather = '0'
 Planning:
   Buffers: shared hit=86 read=27
 Planning Time: 6.196 ms
 Execution Time: 11.907 ms
(12 rows)

SET
SET
SET
SET
SET
                                             QUERY PLAN                                             
----------------------------------------------------------------------------------------------------
 Index Scan Backward using idx on public.t (actual rows=4096.00 loops=1)
   Output: a, b
   Index Cond: ((t.a >= 8923) AND (t.a <= 10970))
   Index Searches: 1
   Buffers: shared hit=4009
 Settings: enable_bitmapscan = 'off', enable_seqscan = 'off', max_parallel_workers_per_gather = '0'
 Planning:
   Buffers: shared hit=118
 Planning Time: 0.351 ms
 Execution Time: 1.209 ms
(10 rows)

