SET
SET
SET
SET
SET
                                                                     QUERY PLAN                                                                     
----------------------------------------------------------------------------------------------------------------------------------------------------
 Index Scan Backward using idx on public.t (actual rows=524288.00 loops=1)
   Output: a, b
   Index Cond: ((t.a >= 31406) AND (t.a <= 293549))
   Index Searches: 1
   Prefetch: distance=260.247 count=526886 stalls=2 skipped=13502 resets=0 ungets=16123 forwarded=99
             histogram [2,4) => 6, [4,8) => 6, [8,16) => 13, [16,32) => 17, [32,64) => 35, [64,128) => 27, [128,256) => 134242, [256,512) => 392540
   Buffers: shared hit=502562 read=9520
 Settings: enable_bitmapscan = 'off', enable_seqscan = 'off', max_parallel_workers_per_gather = '0'
 Planning:
   Buffers: shared hit=82 read=27
 Planning Time: 6.294 ms
 Execution Time: 478.502 ms
(12 rows)

SET
SET
SET
SET
SET
                                             QUERY PLAN                                             
----------------------------------------------------------------------------------------------------
 Index Scan Backward using idx on public.t (actual rows=524288.00 loops=1)
   Output: a, b
   Index Cond: ((t.a >= 31406) AND (t.a <= 293549))
   Index Searches: 1
   Buffers: shared hit=512084
 Settings: enable_bitmapscan = 'off', enable_seqscan = 'off', max_parallel_workers_per_gather = '0'
 Planning:
   Buffers: shared hit=114
 Planning Time: 0.459 ms
 Execution Time: 142.115 ms
(10 rows)

