SET
SET
SET
SET
SET
                                             QUERY PLAN                                             
----------------------------------------------------------------------------------------------------
 Index Scan Backward using idx on public.t (actual rows=256.00 loops=1)
   Output: a, b
   Index Cond: ((t.a >= 31805) AND (t.a <= 31932))
   Index Searches: 1
   Prefetch: distance=2.000 count=4 stalls=129 skipped=2 resets=0 ungets=0 forwarded=0
             histogram [2,4) => 4
   Buffers: shared hit=217 read=42
 Settings: enable_bitmapscan = 'off', enable_seqscan = 'off', max_parallel_workers_per_gather = '0'
 Planning:
   Buffers: shared hit=86 read=27
 Planning Time: 5.897 ms
 Execution Time: 4.447 ms
(12 rows)

SET
SET
SET
SET
SET
                                             QUERY PLAN                                             
----------------------------------------------------------------------------------------------------
 Index Scan Backward using idx on public.t (actual rows=256.00 loops=1)
   Output: a, b
   Index Cond: ((t.a >= 31805) AND (t.a <= 31932))
   Index Searches: 1
   Buffers: shared hit=259
 Settings: enable_bitmapscan = 'off', enable_seqscan = 'off', max_parallel_workers_per_gather = '0'
 Planning:
   Buffers: shared hit=118
 Planning Time: 0.457 ms
 Execution Time: 0.244 ms
(10 rows)

