SET
SET
SET
SET
SET
                                             QUERY PLAN                                             
----------------------------------------------------------------------------------------------------
 Index Scan Backward using idx on public.t (actual rows=1024.00 loops=1)
   Output: a, b
   Index Cond: ((t.a >= 9389) AND (t.a <= 9900))
   Index Searches: 1
   Prefetch: distance=2.000 count=22 stalls=680 skipped=11 resets=0 ungets=0 forwarded=0
             histogram [2,4) => 22
   Buffers: shared hit=962 read=53
 Settings: enable_bitmapscan = 'off', enable_seqscan = 'off', max_parallel_workers_per_gather = '0'
 Planning:
   Buffers: shared hit=86 read=27
 Planning Time: 6.029 ms
 Execution Time: 5.709 ms
(12 rows)

SET
SET
SET
SET
SET
                                             QUERY PLAN                                             
----------------------------------------------------------------------------------------------------
 Index Scan Backward using idx on public.t (actual rows=1024.00 loops=1)
   Output: a, b
   Index Cond: ((t.a >= 9389) AND (t.a <= 9900))
   Index Searches: 1
   Buffers: shared hit=1015
 Settings: enable_bitmapscan = 'off', enable_seqscan = 'off', max_parallel_workers_per_gather = '0'
 Planning:
   Buffers: shared hit=118
 Planning Time: 0.403 ms
 Execution Time: 0.365 ms
(10 rows)

