SET
SET
SET
SET
SET
                                             QUERY PLAN                                             
----------------------------------------------------------------------------------------------------
 Index Scan Backward using idx on public.t (actual rows=2048.00 loops=1)
   Output: a, b
   Index Cond: ((t.a >= 2308) AND (t.a <= 3331))
   Index Searches: 1
   Prefetch: distance=2.000 count=56 stalls=1783 skipped=44 resets=0 ungets=0 forwarded=0
             histogram [2,4) => 56
   Buffers: shared hit=1937 read=73
 Settings: enable_bitmapscan = 'off', enable_seqscan = 'off', max_parallel_workers_per_gather = '0'
 Planning:
   Buffers: shared hit=86 read=27
 Planning Time: 6.221 ms
 Execution Time: 7.969 ms
(12 rows)

SET
SET
SET
SET
SET
                                             QUERY PLAN                                             
----------------------------------------------------------------------------------------------------
 Index Scan Backward using idx on public.t (actual rows=2048.00 loops=1)
   Output: a, b
   Index Cond: ((t.a >= 2308) AND (t.a <= 3331))
   Index Searches: 1
   Buffers: shared hit=2010
 Settings: enable_bitmapscan = 'off', enable_seqscan = 'off', max_parallel_workers_per_gather = '0'
 Planning:
   Buffers: shared hit=118
 Planning Time: 0.390 ms
 Execution Time: 0.676 ms
(10 rows)

