SET
SET
SET
SET
SET
                                             QUERY PLAN                                             
----------------------------------------------------------------------------------------------------
 Index Scan Backward using idx on public.t (actual rows=4096.00 loops=1)
   Output: a, b
   Index Cond: ((t.a >= 20034) AND (t.a <= 22081))
   Index Searches: 1
   Prefetch: distance=2.098 count=122 stalls=3575 skipped=86 resets=0 ungets=0 forwarded=0
             histogram [2,4) => 118, [4,8) => 4
   Buffers: shared hit=3909 read=110
 Settings: enable_bitmapscan = 'off', enable_seqscan = 'off', max_parallel_workers_per_gather = '0'
 Planning:
   Buffers: shared hit=86 read=27
 Planning Time: 6.428 ms
 Execution Time: 11.673 ms
(12 rows)

SET
SET
SET
SET
SET
                                             QUERY PLAN                                             
----------------------------------------------------------------------------------------------------
 Index Scan Backward using idx on public.t (actual rows=4096.00 loops=1)
   Output: a, b
   Index Cond: ((t.a >= 20034) AND (t.a <= 22081))
   Index Searches: 1
   Buffers: shared hit=4019
 Settings: enable_bitmapscan = 'off', enable_seqscan = 'off', max_parallel_workers_per_gather = '0'
 Planning:
   Buffers: shared hit=118
 Planning Time: 0.450 ms
 Execution Time: 1.596 ms
(10 rows)

