SET
SET
SET
SET
SET
                                             QUERY PLAN                                             
----------------------------------------------------------------------------------------------------
 Index Scan Backward using idx on public.t (actual rows=4096.00 loops=1)
   Output: a, b
   Index Cond: ((t.a >= 31626) AND (t.a <= 33673))
   Index Searches: 1
   Prefetch: distance=2.103 count=116 stalls=3521 skipped=103 resets=0 ungets=0 forwarded=0
             histogram [2,4) => 112, [4,8) => 4
   Buffers: shared hit=3891 read=107
 Settings: enable_bitmapscan = 'off', enable_seqscan = 'off', max_parallel_workers_per_gather = '0'
 Planning:
   Buffers: shared hit=86 read=27
 Planning Time: 6.017 ms
 Execution Time: 11.581 ms
(12 rows)

SET
SET
SET
SET
SET
                                             QUERY PLAN                                             
----------------------------------------------------------------------------------------------------
 Index Scan Backward using idx on public.t (actual rows=4096.00 loops=1)
   Output: a, b
   Index Cond: ((t.a >= 31626) AND (t.a <= 33673))
   Index Searches: 1
   Buffers: shared hit=3998
 Settings: enable_bitmapscan = 'off', enable_seqscan = 'off', max_parallel_workers_per_gather = '0'
 Planning:
   Buffers: shared hit=118
 Planning Time: 0.477 ms
 Execution Time: 1.722 ms
(10 rows)

