SET
SET
SET
SET
SET
                                             QUERY PLAN                                             
----------------------------------------------------------------------------------------------------
 Index Scan Backward using idx on public.t (actual rows=8192.00 loops=1)
   Output: a, b
   Index Cond: ((t.a >= 11217) AND (t.a <= 15312))
   Index Searches: 1
   Prefetch: distance=2.028 count=252 stalls=7522 skipped=245 resets=0 ungets=0 forwarded=0
             histogram [2,4) => 250, [4,8) => 2
   Buffers: shared hit=7784 read=183
 Settings: enable_bitmapscan = 'off', enable_seqscan = 'off', max_parallel_workers_per_gather = '0'
 Planning:
   Buffers: shared hit=86 read=27
 Planning Time: 6.336 ms
 Execution Time: 19.972 ms
(12 rows)

SET
SET
SET
SET
SET
                                             QUERY PLAN                                             
----------------------------------------------------------------------------------------------------
 Index Scan Backward using idx on public.t (actual rows=8192.00 loops=1)
   Output: a, b
   Index Cond: ((t.a >= 11217) AND (t.a <= 15312))
   Index Searches: 1
   Buffers: shared hit=7967
 Settings: enable_bitmapscan = 'off', enable_seqscan = 'off', max_parallel_workers_per_gather = '0'
 Planning:
   Buffers: shared hit=118
 Planning Time: 0.468 ms
 Execution Time: 3.253 ms
(10 rows)

