SET
SET
SET
SET
SET
                                             QUERY PLAN                                             
----------------------------------------------------------------------------------------------------
 Index Scan Backward using idx on public.t (actual rows=8192.00 loops=1)
   Output: a, b
   Index Cond: ((t.a >= 12485) AND (t.a <= 16580))
   Index Searches: 1
   Prefetch: distance=2.051 count=256 stalls=7428 skipped=235 resets=0 ungets=0 forwarded=0
             histogram [2,4) => 252, [4,8) => 4
   Buffers: shared hit=7788 read=185
 Settings: enable_bitmapscan = 'off', enable_seqscan = 'off', max_parallel_workers_per_gather = '0'
 Planning:
   Buffers: shared hit=86 read=27
 Planning Time: 6.449 ms
 Execution Time: 19.388 ms
(12 rows)

SET
SET
SET
SET
SET
                                             QUERY PLAN                                             
----------------------------------------------------------------------------------------------------
 Index Scan Backward using idx on public.t (actual rows=8192.00 loops=1)
   Output: a, b
   Index Cond: ((t.a >= 12485) AND (t.a <= 16580))
   Index Searches: 1
   Buffers: shared hit=7973
 Settings: enable_bitmapscan = 'off', enable_seqscan = 'off', max_parallel_workers_per_gather = '0'
 Planning:
   Buffers: shared hit=118
 Planning Time: 0.360 ms
 Execution Time: 2.382 ms
(10 rows)

