SET
SET
SET
SET
SET
                                                                    QUERY PLAN                                                                     
---------------------------------------------------------------------------------------------------------------------------------------------------
 Index Scan Backward using idx on public.t (actual rows=4048576.00 loops=1)
   Output: a, b
   Index Cond: ((t.a >= 24595) AND (t.a <= 2048882))
   Index Searches: 1
   Prefetch: distance=260.240 count=4067841 stalls=1 skipped=102984 resets=0 ungets=122255 forwarded=757
             histogram [2,4) => 2, [4,8) => 6, [8,16) => 5, [16,32) => 10, [32,64) => 9, [64,128) => 2, [128,256) => 1044393, [256,512) => 3023414
   Buffers: shared hit=3882277 read=73270
 Settings: enable_bitmapscan = 'off', enable_seqscan = 'off', max_parallel_workers_per_gather = '0'
 Planning:
   Buffers: shared hit=82 read=27
 Planning Time: 6.504 ms
 Execution Time: 3769.213 ms
(12 rows)

SET
SET
SET
SET
SET
                                             QUERY PLAN                                             
----------------------------------------------------------------------------------------------------
 Index Scan Backward using idx on public.t (actual rows=4048576.00 loops=1)
   Output: a, b
   Index Cond: ((t.a >= 24595) AND (t.a <= 2048882))
   Index Searches: 1
   Buffers: shared hit=3955570
 Settings: enable_bitmapscan = 'off', enable_seqscan = 'off', max_parallel_workers_per_gather = '0'
 Planning:
   Buffers: shared hit=114
 Planning Time: 0.501 ms
 Execution Time: 1249.598 ms
(10 rows)

