SET
SET
SET
SET
SET
                                             QUERY PLAN                                             
----------------------------------------------------------------------------------------------------
 Index Scan Backward using idx on public.t (actual rows=4096.00 loops=1)
   Output: a, b
   Index Cond: ((t.a >= 7545) AND (t.a <= 9592))
   Index Searches: 1
   Prefetch: distance=2.070 count=129 stalls=3762 skipped=104 resets=0 ungets=0 forwarded=0
             histogram [2,4) => 126, [4,8) => 3
   Buffers: shared hit=3896 read=110
 Settings: enable_bitmapscan = 'off', enable_seqscan = 'off', max_parallel_workers_per_gather = '0'
 Planning:
   Buffers: shared hit=86 read=27
 Planning Time: 6.049 ms
 Execution Time: 12.156 ms
(12 rows)

SET
SET
SET
SET
SET
                                             QUERY PLAN                                             
----------------------------------------------------------------------------------------------------
 Index Scan Backward using idx on public.t (actual rows=4096.00 loops=1)
   Output: a, b
   Index Cond: ((t.a >= 7545) AND (t.a <= 9592))
   Index Searches: 1
   Buffers: shared hit=4006
 Settings: enable_bitmapscan = 'off', enable_seqscan = 'off', max_parallel_workers_per_gather = '0'
 Planning:
   Buffers: shared hit=118
 Planning Time: 0.418 ms
 Execution Time: 1.213 ms
(10 rows)

