SET
SET
SET
SET
SET
                                                                   QUERY PLAN                                                                    
-------------------------------------------------------------------------------------------------------------------------------------------------
 Index Scan Backward using idx on public.t (actual rows=3048576.00 loops=1)
   Output: a, b
   Index Cond: ((t.a >= 10191) AND (t.a <= 1534478))
   Index Searches: 1
   Prefetch: distance=260.274 count=3064030 stalls=2 skipped=77684 resets=0 ungets=93141 forwarded=577
             histogram [2,4) => 2, [4,8) => 5, [8,16) => 9, [16,32) => 9, [32,64) => 2, [64,128) => 3, [128,256) => 784670, [256,512) => 2279330
   Buffers: shared hit=2923203 read=55182
 Settings: enable_bitmapscan = 'off', enable_seqscan = 'off', max_parallel_workers_per_gather = '0'
 Planning:
   Buffers: shared hit=82 read=27
 Planning Time: 6.675 ms
 Execution Time: 2799.060 ms
(12 rows)

SET
SET
SET
SET
SET
                                             QUERY PLAN                                             
----------------------------------------------------------------------------------------------------
 Index Scan Backward using idx on public.t (actual rows=3048576.00 loops=1)
   Output: a, b
   Index Cond: ((t.a >= 10191) AND (t.a <= 1534478))
   Index Searches: 1
   Buffers: shared hit=2978407
 Settings: enable_bitmapscan = 'off', enable_seqscan = 'off', max_parallel_workers_per_gather = '0'
 Planning:
   Buffers: shared hit=114
 Planning Time: 0.558 ms
 Execution Time: 1146.749 ms
(10 rows)

