SET
SET
SET
SET
SET
                                             QUERY PLAN                                             
----------------------------------------------------------------------------------------------------
 Index Scan Backward using idx on public.t (actual rows=1024.00 loops=1)
   Output: a, b
   Index Cond: ((t.a >= 21918) AND (t.a <= 22429))
   Index Searches: 1
   Prefetch: distance=2.000 count=26 stalls=739 skipped=26 resets=0 ungets=0 forwarded=0
             histogram [2,4) => 26
   Buffers: shared hit=946 read=56
 Settings: enable_bitmapscan = 'off', enable_seqscan = 'off', max_parallel_workers_per_gather = '0'
 Planning:
   Buffers: shared hit=82 read=26
 Planning Time: 6.510 ms
 Execution Time: 5.314 ms
(12 rows)

SET
SET
SET
SET
SET
                                             QUERY PLAN                                             
----------------------------------------------------------------------------------------------------
 Index Scan Backward using idx on public.t (actual rows=1024.00 loops=1)
   Output: a, b
   Index Cond: ((t.a >= 21918) AND (t.a <= 22429))
   Index Searches: 1
   Buffers: shared hit=1002
 Settings: enable_bitmapscan = 'off', enable_seqscan = 'off', max_parallel_workers_per_gather = '0'
 Planning:
   Buffers: shared hit=113
 Planning Time: 0.483 ms
 Execution Time: 0.390 ms
(10 rows)

