SET
SET
SET
SET
SET
                                             QUERY PLAN                                             
----------------------------------------------------------------------------------------------------
 Index Scan Backward using idx on public.t (actual rows=4096.00 loops=1)
   Output: a, b
   Index Cond: ((t.a >= 14486) AND (t.a <= 16533))
   Index Searches: 1
   Prefetch: distance=2.000 count=136 stalls=3777 skipped=108 resets=0 ungets=0 forwarded=0
             histogram [2,4) => 136
   Buffers: shared hit=3889 read=111
 Settings: enable_bitmapscan = 'off', enable_seqscan = 'off', max_parallel_workers_per_gather = '0'
 Planning:
   Buffers: shared hit=82 read=26
 Planning Time: 6.099 ms
 Execution Time: 7.810 ms
(12 rows)

SET
SET
SET
SET
SET
                                             QUERY PLAN                                             
----------------------------------------------------------------------------------------------------
 Index Scan Backward using idx on public.t (actual rows=4096.00 loops=1)
   Output: a, b
   Index Cond: ((t.a >= 14486) AND (t.a <= 16533))
   Index Searches: 1
   Buffers: shared hit=4000
 Settings: enable_bitmapscan = 'off', enable_seqscan = 'off', max_parallel_workers_per_gather = '0'
 Planning:
   Buffers: shared hit=113
 Planning Time: 0.328 ms
 Execution Time: 1.166 ms
(10 rows)

