SET
SET
SET
SET
SET
                                             QUERY PLAN                                             
----------------------------------------------------------------------------------------------------
 Index Scan Backward using idx on public.t (actual rows=2048.00 loops=1)
   Output: a, b
   Index Cond: ((t.a >= 20942) AND (t.a <= 21965))
   Index Searches: 1
   Prefetch: distance=2.000 count=58 stalls=1793 skipped=42 resets=0 ungets=0 forwarded=0
             histogram [2,4) => 58
   Buffers: shared hit=1938 read=73
 Settings: enable_bitmapscan = 'off', enable_seqscan = 'off', max_parallel_workers_per_gather = '0'
 Planning:
   Buffers: shared hit=82 read=26
 Planning Time: 6.209 ms
 Execution Time: 6.649 ms
(12 rows)

SET
SET
SET
SET
SET
                                             QUERY PLAN                                             
----------------------------------------------------------------------------------------------------
 Index Scan Backward using idx on public.t (actual rows=2048.00 loops=1)
   Output: a, b
   Index Cond: ((t.a >= 20942) AND (t.a <= 21965))
   Index Searches: 1
   Buffers: shared hit=2011
 Settings: enable_bitmapscan = 'off', enable_seqscan = 'off', max_parallel_workers_per_gather = '0'
 Planning:
   Buffers: shared hit=113
 Planning Time: 0.369 ms
 Execution Time: 0.658 ms
(10 rows)

