SET
SET
SET
SET
SET
                                                                     QUERY PLAN                                                                     
----------------------------------------------------------------------------------------------------------------------------------------------------
 Index Scan Backward using idx on public.t (actual rows=262144.00 loops=1)
   Output: a, b
   Index Cond: ((t.a >= 32176) AND (t.a <= 163247))
   Index Searches: 1
   Prefetch: distance=241.706 count=255434 stalls=5 skipped=6719 resets=0 ungets=31 forwarded=7
             histogram [2,4) => 6, [4,8) => 7, [8,16) => 18, [16,32) => 23, [32,64) => 29, [64,128) => 135, [128,256) => 166601, [256,512) => 88615
   Buffers: shared hit=251301 read=4776
 Settings: enable_bitmapscan = 'off', enable_seqscan = 'off', max_parallel_workers_per_gather = '0'
 Planning:
   Buffers: shared hit=78 read=26
 Planning Time: 6.332 ms
 Execution Time: 217.220 ms
(12 rows)

SET
SET
SET
SET
SET
                                             QUERY PLAN                                             
----------------------------------------------------------------------------------------------------
 Index Scan Backward using idx on public.t (actual rows=262144.00 loops=1)
   Output: a, b
   Index Cond: ((t.a >= 32176) AND (t.a <= 163247))
   Index Searches: 1
   Buffers: shared hit=256077
 Settings: enable_bitmapscan = 'off', enable_seqscan = 'off', max_parallel_workers_per_gather = '0'
 Planning:
   Buffers: shared hit=109
 Planning Time: 0.393 ms
 Execution Time: 68.024 ms
(10 rows)

