SET
SET
SET
SET
SET
                                                                  QUERY PLAN                                                                  
----------------------------------------------------------------------------------------------------------------------------------------------
 Index Scan using idx on public.t (actual rows=2048.00 loops=1)
   Output: a, b
   Index Cond: ((t.a >= 30287) AND (t.a <= 30414))
   Index Searches: 1
   Prefetch: distance=250.301 count=1642 stalls=1 skipped=521 resets=0 ungets=123 forwarded=53
             histogram [2,4) => 2, [4,8) => 6, [8,16) => 6, [16,32) => 17, [32,64) => 32, [64,128) => 28, [128,256) => 258, [256,512) => 1293
   Buffers: shared hit=1480 read=57
 Settings: enable_bitmapscan = 'off', enable_seqscan = 'off', max_parallel_workers_per_gather = '0'
 Planning:
   Buffers: shared hit=78 read=23
 Planning Time: 5.997 ms
 Execution Time: 3.473 ms
(12 rows)

SET
SET
SET
SET
SET
                                             QUERY PLAN                                             
----------------------------------------------------------------------------------------------------
 Index Scan using idx on public.t (actual rows=2048.00 loops=1)
   Output: a, b
   Index Cond: ((t.a >= 30287) AND (t.a <= 30414))
   Index Searches: 1
   Buffers: shared hit=1538
 Settings: enable_bitmapscan = 'off', enable_seqscan = 'off', max_parallel_workers_per_gather = '0'
 Planning:
   Buffers: shared hit=106
 Planning Time: 0.343 ms
 Execution Time: 0.699 ms
(10 rows)

