SET
SET
SET
SET
SET
                                             QUERY PLAN                                             
----------------------------------------------------------------------------------------------------
 Index Scan using idx on public.t (actual rows=4096.00 loops=1)
   Output: a, b
   Index Cond: ((t.a >= 17012) AND (t.a <= 17267))
   Index Searches: 1
   Prefetch: distance=2.137 count=95 stalls=2884 skipped=990 resets=0 ungets=0 forwarded=0
             histogram [2,4) => 89, [4,8) => 6
   Buffers: shared hit=3002 read=86
 Settings: enable_bitmapscan = 'off', enable_seqscan = 'off', max_parallel_workers_per_gather = '0'
 Planning:
   Buffers: shared hit=78 read=23
 Planning Time: 5.955 ms
 Execution Time: 4.537 ms
(12 rows)

SET
SET
SET
SET
SET
                                             QUERY PLAN                                             
----------------------------------------------------------------------------------------------------
 Index Scan using idx on public.t (actual rows=4096.00 loops=1)
   Output: a, b
   Index Cond: ((t.a >= 17012) AND (t.a <= 17267))
   Index Searches: 1
   Buffers: shared hit=3088
 Settings: enable_bitmapscan = 'off', enable_seqscan = 'off', max_parallel_workers_per_gather = '0'
 Planning:
   Buffers: shared hit=106
 Planning Time: 0.308 ms
 Execution Time: 1.111 ms
(10 rows)

