SET
SET
SET
SET
SET
                                             QUERY PLAN                                             
----------------------------------------------------------------------------------------------------
 Index Scan Backward using idx on public.t (actual rows=512.00 loops=1)
   Output: a, b
   Index Cond: ((t.a >= 29558) AND (t.a <= 29813))
   Index Searches: 1
   Prefetch: distance=2.000 count=4 stalls=124 skipped=3 resets=0 ungets=0 forwarded=0
             histogram [2,4) => 4
   Buffers: shared hit=462 read=43
 Settings: enable_bitmapscan = 'off', enable_seqscan = 'off', max_parallel_workers_per_gather = '0'
 Planning:
   Buffers: shared hit=82 read=26
 Planning Time: 6.335 ms
 Execution Time: 4.060 ms
(12 rows)

SET
SET
SET
SET
SET
                                             QUERY PLAN                                             
----------------------------------------------------------------------------------------------------
 Index Scan Backward using idx on public.t (actual rows=512.00 loops=1)
   Output: a, b
   Index Cond: ((t.a >= 29558) AND (t.a <= 29813))
   Index Searches: 1
   Buffers: shared hit=505
 Settings: enable_bitmapscan = 'off', enable_seqscan = 'off', max_parallel_workers_per_gather = '0'
 Planning:
   Buffers: shared hit=113
 Planning Time: 0.348 ms
 Execution Time: 0.218 ms
(10 rows)

