SET
SET
SET
SET
SET
                                             QUERY PLAN                                             
----------------------------------------------------------------------------------------------------
 Index Scan Backward using idx on public.t (actual rows=8192.00 loops=1)
   Output: a, b
   Index Cond: ((t.a >= 31689) AND (t.a <= 35784))
   Index Searches: 1
   Prefetch: distance=2.012 count=249 stalls=7534 skipped=230 resets=0 ungets=0 forwarded=0
             histogram [2,4) => 248, [4,8) => 1
   Buffers: shared hit=7802 read=184
 Settings: enable_bitmapscan = 'off', enable_seqscan = 'off', max_parallel_workers_per_gather = '0'
 Planning:
   Buffers: shared hit=82 read=26
 Planning Time: 6.101 ms
 Execution Time: 11.802 ms
(12 rows)

SET
SET
SET
SET
SET
                                             QUERY PLAN                                             
----------------------------------------------------------------------------------------------------
 Index Scan Backward using idx on public.t (actual rows=8192.00 loops=1)
   Output: a, b
   Index Cond: ((t.a >= 31689) AND (t.a <= 35784))
   Index Searches: 1
   Buffers: shared hit=7986
 Settings: enable_bitmapscan = 'off', enable_seqscan = 'off', max_parallel_workers_per_gather = '0'
 Planning:
   Buffers: shared hit=113
 Planning Time: 0.399 ms
 Execution Time: 2.395 ms
(10 rows)

