SET
SET
SET
SET
SET
                                                                    QUERY PLAN                                                                    
--------------------------------------------------------------------------------------------------------------------------------------------------
 Index Scan Backward using idx on public.t (actual rows=131072.00 loops=1)
   Output: a, b
   Index Cond: ((t.a >= 29136) AND (t.a <= 94671))
   Index Searches: 1
   Prefetch: distance=241.550 count=127714 stalls=1 skipped=3381 resets=0 ungets=31 forwarded=3
             histogram [2,4) => 2, [4,8) => 10, [8,16) => 6, [16,32) => 13, [32,64) => 15, [64,128) => 78, [128,256) => 83258, [256,512) => 44332
   Buffers: shared hit=125613 read=2407
 Settings: enable_bitmapscan = 'off', enable_seqscan = 'off', max_parallel_workers_per_gather = '0'
 Planning:
   Buffers: shared hit=78 read=26
 Planning Time: 6.442 ms
 Execution Time: 109.488 ms
(12 rows)

SET
SET
SET
SET
SET
                                             QUERY PLAN                                             
----------------------------------------------------------------------------------------------------
 Index Scan Backward using idx on public.t (actual rows=131072.00 loops=1)
   Output: a, b
   Index Cond: ((t.a >= 29136) AND (t.a <= 94671))
   Index Searches: 1
   Buffers: shared hit=128020
 Settings: enable_bitmapscan = 'off', enable_seqscan = 'off', max_parallel_workers_per_gather = '0'
 Planning:
   Buffers: shared hit=109
 Planning Time: 0.448 ms
 Execution Time: 31.205 ms
(10 rows)

