SET
SET
SET
SET
SET
                                             QUERY PLAN                                             
----------------------------------------------------------------------------------------------------
 Index Scan Backward using idx on public.t (actual rows=2048.00 loops=1)
   Output: a, b
   Index Cond: ((t.a >= 3622) AND (t.a <= 4645))
   Index Searches: 1
   Prefetch: distance=2.055 count=55 stalls=1664 skipped=44 resets=0 ungets=0 forwarded=0
             histogram [2,4) => 54, [4,8) => 1
   Buffers: shared hit=1935 read=71
 Settings: enable_bitmapscan = 'off', enable_seqscan = 'off', max_parallel_workers_per_gather = '0'
 Planning:
   Buffers: shared hit=82 read=26
 Planning Time: 6.532 ms
 Execution Time: 5.734 ms
(12 rows)

SET
SET
SET
SET
SET
                                             QUERY PLAN                                             
----------------------------------------------------------------------------------------------------
 Index Scan Backward using idx on public.t (actual rows=2048.00 loops=1)
   Output: a, b
   Index Cond: ((t.a >= 3622) AND (t.a <= 4645))
   Index Searches: 1
   Buffers: shared hit=2006
 Settings: enable_bitmapscan = 'off', enable_seqscan = 'off', max_parallel_workers_per_gather = '0'
 Planning:
   Buffers: shared hit=113
 Planning Time: 0.371 ms
 Execution Time: 0.670 ms
(10 rows)

