SET
SET
SET
SET
SET
                                             QUERY PLAN                                             
----------------------------------------------------------------------------------------------------
 Index Scan Backward using idx on public.t (actual rows=1024.00 loops=1)
   Output: a, b
   Index Cond: ((t.a >= 18672) AND (t.a <= 19183))
   Index Searches: 1
   Prefetch: distance=2.000 count=20 stalls=755 skipped=20 resets=0 ungets=0 forwarded=0
             histogram [2,4) => 20
   Buffers: shared hit=955 read=52
 Settings: enable_bitmapscan = 'off', enable_seqscan = 'off', max_parallel_workers_per_gather = '0'
 Planning:
   Buffers: shared hit=82 read=26
 Planning Time: 6.237 ms
 Execution Time: 4.801 ms
(12 rows)

SET
SET
SET
SET
SET
                                             QUERY PLAN                                             
----------------------------------------------------------------------------------------------------
 Index Scan Backward using idx on public.t (actual rows=1024.00 loops=1)
   Output: a, b
   Index Cond: ((t.a >= 18672) AND (t.a <= 19183))
   Index Searches: 1
   Buffers: shared hit=1007
 Settings: enable_bitmapscan = 'off', enable_seqscan = 'off', max_parallel_workers_per_gather = '0'
 Planning:
   Buffers: shared hit=113
 Planning Time: 0.536 ms
 Execution Time: 0.587 ms
(10 rows)

