SET
SET
SET
SET
SET
                                             QUERY PLAN                                             
----------------------------------------------------------------------------------------------------
 Index Scan Backward using idx on public.t (actual rows=2048.00 loops=1)
   Output: a, b
   Index Cond: ((t.a >= 19962) AND (t.a <= 20985))
   Index Searches: 1
   Prefetch: distance=2.048 count=63 stalls=1853 skipped=47 resets=0 ungets=0 forwarded=0
             histogram [2,4) => 62, [4,8) => 1
   Buffers: shared hit=1937 read=72
 Settings: enable_bitmapscan = 'off', enable_seqscan = 'off', max_parallel_workers_per_gather = '0'
 Planning:
   Buffers: shared hit=82 read=26
 Planning Time: 6.265 ms
 Execution Time: 6.356 ms
(12 rows)

SET
SET
SET
SET
SET
                                             QUERY PLAN                                             
----------------------------------------------------------------------------------------------------
 Index Scan Backward using idx on public.t (actual rows=2048.00 loops=1)
   Output: a, b
   Index Cond: ((t.a >= 19962) AND (t.a <= 20985))
   Index Searches: 1
   Buffers: shared hit=2009
 Settings: enable_bitmapscan = 'off', enable_seqscan = 'off', max_parallel_workers_per_gather = '0'
 Planning:
   Buffers: shared hit=113
 Planning Time: 0.353 ms
 Execution Time: 0.654 ms
(10 rows)

