SET
SET
SET
SET
SET
                                                                  QUERY PLAN                                                                   
-----------------------------------------------------------------------------------------------------------------------------------------------
 Index Scan Backward using idx on public.t (actual rows=16384.00 loops=1)
   Output: a, b
   Index Cond: ((t.a >= 6593) AND (t.a <= 14784))
   Index Searches: 1
   Prefetch: distance=243.493 count=15981 stalls=3 skipped=397 resets=0 ungets=24 forwarded=0
             histogram [2,4) => 6, [4,8) => 4, [8,16) => 10, [16,32) => 14, [32,64) => 21, [64,128) => 3, [128,256) => 9654, [256,512) => 6269
   Buffers: shared hit=15699 read=334
 Settings: enable_bitmapscan = 'off', enable_seqscan = 'off', max_parallel_workers_per_gather = '0'
 Planning:
   Buffers: shared hit=82 read=26
 Planning Time: 6.323 ms
 Execution Time: 19.213 ms
(12 rows)

SET
SET
SET
SET
SET
                                             QUERY PLAN                                             
----------------------------------------------------------------------------------------------------
 Index Scan Backward using idx on public.t (actual rows=16384.00 loops=1)
   Output: a, b
   Index Cond: ((t.a >= 6593) AND (t.a <= 14784))
   Index Searches: 1
   Buffers: shared hit=16033
 Settings: enable_bitmapscan = 'off', enable_seqscan = 'off', max_parallel_workers_per_gather = '0'
 Planning:
   Buffers: shared hit=113
 Planning Time: 0.349 ms
 Execution Time: 4.242 ms
(10 rows)

