SET
SET
SET
SET
SET
                                                                       QUERY PLAN                                                                        
---------------------------------------------------------------------------------------------------------------------------------------------------------
 Index Scan Backward using idx on public.t (actual rows=8048576.00 loops=1)
   Output: a, b
   Index Cond: ((t.a >= 18371) AND (t.a <= 4042658))
   Index Searches: 1
   Prefetch: distance=241.890 count=7843448 stalls=1 skipped=205148 resets=0 ungets=40 forwarded=96
             histogram [2,4) => 10, [4,8) => 7, [8,16) => 10, [16,32) => 11, [32,64) => 30, [64,128) => 2271, [128,256) => 5109564, [256,512) => 2731545
   Buffers: shared hit=7717639 read=145619
 Settings: enable_bitmapscan = 'off', enable_seqscan = 'off', max_parallel_workers_per_gather = '0'
 Planning:
   Buffers: shared hit=78 read=26
 Planning Time: 6.499 ms
 Execution Time: 6360.404 ms
(12 rows)

SET
SET
SET
SET
SET
                                             QUERY PLAN                                             
----------------------------------------------------------------------------------------------------
 Index Scan Backward using idx on public.t (actual rows=8048576.00 loops=1)
   Output: a, b
   Index Cond: ((t.a >= 18371) AND (t.a <= 4042658))
   Index Searches: 1
   Buffers: shared hit=7863258
 Settings: enable_bitmapscan = 'off', enable_seqscan = 'off', max_parallel_workers_per_gather = '0'
 Planning:
   Buffers: shared hit=109
 Planning Time: 0.520 ms
 Execution Time: 2996.110 ms
(10 rows)

