SET
SET
SET
SET
SET
                                                               QUERY PLAN                                                               
----------------------------------------------------------------------------------------------------------------------------------------
 Index Scan using idx on public.t (actual rows=128.00 loops=1)
   Output: a, b
   Index Cond: ((t.a >= 16087) AND (t.a <= 16150))
   Index Searches: 1
   Prefetch: distance=208.188 count=133 stalls=1 skipped=3 resets=0 ungets=14 forwarded=1
             histogram [2,4) => 3, [4,8) => 5, [8,16) => 5, [16,32) => 9, [32,64) => 6, [64,128) => 2, [128,256) => 10, [256,512) => 93
   Buffers: shared hit=95 read=37
 Settings: enable_bitmapscan = 'off', enable_seqscan = 'off', max_parallel_workers_per_gather = '0'
 Planning:
   Buffers: shared hit=86 read=26
 Planning Time: 6.152 ms
 Execution Time: 2.880 ms
(12 rows)

SET
SET
SET
SET
SET
                                             QUERY PLAN                                             
----------------------------------------------------------------------------------------------------
 Index Scan using idx on public.t (actual rows=128.00 loops=1)
   Output: a, b
   Index Cond: ((t.a >= 16087) AND (t.a <= 16150))
   Index Searches: 1
   Buffers: shared hit=132
 Settings: enable_bitmapscan = 'off', enable_seqscan = 'off', max_parallel_workers_per_gather = '0'
 Planning:
   Buffers: shared hit=117
 Planning Time: 0.368 ms
 Execution Time: 0.131 ms
(10 rows)

