SET
SET
SET
SET
SET
                                             QUERY PLAN                                             
----------------------------------------------------------------------------------------------------
 Index Scan using idx on public.t (actual rows=2048.00 loops=1)
   Output: a, b
   Index Cond: ((t.a >= 23138) AND (t.a <= 24161))
   Index Searches: 1
   Prefetch: distance=2.053 count=57 stalls=1745 skipped=53 resets=0 ungets=0 forwarded=0
             histogram [2,4) => 56, [4,8) => 1
   Buffers: shared hit=1927 read=73
 Settings: enable_bitmapscan = 'off', enable_seqscan = 'off', max_parallel_workers_per_gather = '0'
 Planning:
   Buffers: shared hit=86 read=26
 Planning Time: 6.379 ms
 Execution Time: 7.266 ms
(12 rows)

SET
SET
SET
SET
SET
                                             QUERY PLAN                                             
----------------------------------------------------------------------------------------------------
 Index Scan using idx on public.t (actual rows=2048.00 loops=1)
   Output: a, b
   Index Cond: ((t.a >= 23138) AND (t.a <= 24161))
   Index Searches: 1
   Buffers: shared hit=2000
 Settings: enable_bitmapscan = 'off', enable_seqscan = 'off', max_parallel_workers_per_gather = '0'
 Planning:
   Buffers: shared hit=117
 Planning Time: 0.343 ms
 Execution Time: 0.665 ms
(10 rows)

