SET
SET
SET
SET
SET
                                             QUERY PLAN                                             
----------------------------------------------------------------------------------------------------
 Index Scan using idx on public.t (actual rows=8192.00 loops=1)
   Output: a, b
   Index Cond: ((t.a >= 26084) AND (t.a <= 30179))
   Index Searches: 1
   Prefetch: distance=2.032 count=277 stalls=7675 skipped=191 resets=0 ungets=0 forwarded=0
             histogram [2,4) => 274, [4,8) => 3
   Buffers: shared hit=7840 read=186
 Settings: enable_bitmapscan = 'off', enable_seqscan = 'off', max_parallel_workers_per_gather = '0'
 Planning:
   Buffers: shared hit=86 read=26
 Planning Time: 6.364 ms
 Execution Time: 19.421 ms
(12 rows)

SET
SET
SET
SET
SET
                                             QUERY PLAN                                             
----------------------------------------------------------------------------------------------------
 Index Scan using idx on public.t (actual rows=8192.00 loops=1)
   Output: a, b
   Index Cond: ((t.a >= 26084) AND (t.a <= 30179))
   Index Searches: 1
   Buffers: shared hit=8026
 Settings: enable_bitmapscan = 'off', enable_seqscan = 'off', max_parallel_workers_per_gather = '0'
 Planning:
   Buffers: shared hit=117
 Planning Time: 0.359 ms
 Execution Time: 2.386 ms
(10 rows)

