SET
SET
SET
SET
SET
                                                                     QUERY PLAN                                                                      
-----------------------------------------------------------------------------------------------------------------------------------------------------
 Index Scan using idx on public.t (actual rows=524288.00 loops=1)
   Output: a, b
   Index Cond: ((t.a >= 31716) AND (t.a <= 293859))
   Index Searches: 1
   Prefetch: distance=259.695 count=522907 stalls=12 skipped=13380 resets=0 ungets=12026 forwarded=840
             histogram [2,4) => 20, [4,8) => 7, [8,16) => 10, [16,32) => 17, [32,64) => 26, [64,128) => 36, [128,256) => 141660, [256,512) => 381131
   Buffers: shared hit=502671 read=9521
 Settings: enable_bitmapscan = 'off', enable_seqscan = 'off', max_parallel_workers_per_gather = '0'
 Planning:
   Buffers: shared hit=82 read=26
 Planning Time: 6.487 ms
 Execution Time: 408.811 ms
(12 rows)

SET
SET
SET
SET
SET
                                             QUERY PLAN                                             
----------------------------------------------------------------------------------------------------
 Index Scan using idx on public.t (actual rows=524288.00 loops=1)
   Output: a, b
   Index Cond: ((t.a >= 31716) AND (t.a <= 293859))
   Index Searches: 1
   Buffers: shared hit=512206
 Settings: enable_bitmapscan = 'off', enable_seqscan = 'off', max_parallel_workers_per_gather = '0'
 Planning:
   Buffers: shared hit=113
 Planning Time: 0.397 ms
 Execution Time: 163.586 ms
(10 rows)

