SET
SET
SET
SET
SET
                                             QUERY PLAN                                             
----------------------------------------------------------------------------------------------------
 Index Scan using idx on public.t (actual rows=4096.00 loops=1)
   Output: a, b
   Index Cond: ((t.a >= 31379) AND (t.a <= 33426))
   Index Searches: 1
   Prefetch: distance=2.115 count=148 stalls=3782 skipped=119 resets=0 ungets=0 forwarded=0
             histogram [2,4) => 142, [4,8) => 6
   Buffers: shared hit=3884 read=107
 Settings: enable_bitmapscan = 'off', enable_seqscan = 'off', max_parallel_workers_per_gather = '0'
 Planning:
   Buffers: shared hit=86 read=26
 Planning Time: 6.217 ms
 Execution Time: 12.397 ms
(12 rows)

SET
SET
SET
SET
SET
                                             QUERY PLAN                                             
----------------------------------------------------------------------------------------------------
 Index Scan using idx on public.t (actual rows=4096.00 loops=1)
   Output: a, b
   Index Cond: ((t.a >= 31379) AND (t.a <= 33426))
   Index Searches: 1
   Buffers: shared hit=3991
 Settings: enable_bitmapscan = 'off', enable_seqscan = 'off', max_parallel_workers_per_gather = '0'
 Planning:
   Buffers: shared hit=117
 Planning Time: 0.346 ms
 Execution Time: 1.293 ms
(10 rows)

