SET
SET
SET
SET
SET
                                             QUERY PLAN                                             
----------------------------------------------------------------------------------------------------
 Index Scan using idx on public.t (actual rows=8192.00 loops=1)
   Output: a, b
   Index Cond: ((t.a >= 27275) AND (t.a <= 31370))
   Index Searches: 1
   Prefetch: distance=2.024 count=250 stalls=7342 skipped=199 resets=0 ungets=0 forwarded=0
             histogram [2,4) => 248, [4,8) => 2
   Buffers: shared hit=7824 read=186
 Settings: enable_bitmapscan = 'off', enable_seqscan = 'off', max_parallel_workers_per_gather = '0'
 Planning:
   Buffers: shared hit=86 read=26
 Planning Time: 6.474 ms
 Execution Time: 18.594 ms
(12 rows)

SET
SET
SET
SET
SET
                                             QUERY PLAN                                             
----------------------------------------------------------------------------------------------------
 Index Scan using idx on public.t (actual rows=8192.00 loops=1)
   Output: a, b
   Index Cond: ((t.a >= 27275) AND (t.a <= 31370))
   Index Searches: 1
   Buffers: shared hit=8010
 Settings: enable_bitmapscan = 'off', enable_seqscan = 'off', max_parallel_workers_per_gather = '0'
 Planning:
   Buffers: shared hit=117
 Planning Time: 0.351 ms
 Execution Time: 2.254 ms
(10 rows)

