SET
SET
SET
SET
SET
                                             QUERY PLAN                                             
----------------------------------------------------------------------------------------------------
 Index Scan using idx on public.t (actual rows=2048.00 loops=1)
   Output: a, b
   Index Cond: ((t.a >= 30751) AND (t.a <= 31774))
   Index Searches: 1
   Prefetch: distance=2.000 count=54 stalls=1558 skipped=39 resets=0 ungets=0 forwarded=0
             histogram [2,4) => 54
   Buffers: shared hit=1939 read=75
 Settings: enable_bitmapscan = 'off', enable_seqscan = 'off', max_parallel_workers_per_gather = '0'
 Planning:
   Buffers: shared hit=86 read=26
 Planning Time: 6.178 ms
 Execution Time: 7.535 ms
(12 rows)

SET
SET
SET
SET
SET
                                             QUERY PLAN                                             
----------------------------------------------------------------------------------------------------
 Index Scan using idx on public.t (actual rows=2048.00 loops=1)
   Output: a, b
   Index Cond: ((t.a >= 30751) AND (t.a <= 31774))
   Index Searches: 1
   Buffers: shared hit=2014
 Settings: enable_bitmapscan = 'off', enable_seqscan = 'off', max_parallel_workers_per_gather = '0'
 Planning:
   Buffers: shared hit=117
 Planning Time: 0.342 ms
 Execution Time: 0.636 ms
(10 rows)

