SET
SET
SET
SET
SET
                                                                   QUERY PLAN                                                                   
------------------------------------------------------------------------------------------------------------------------------------------------
 Index Scan using idx on public.t (actual rows=4096.00 loops=1)
   Output: a, b
   Index Cond: ((t.a >= 17974) AND (t.a <= 20021))
   Index Searches: 1
   Prefetch: distance=253.636 count=4022 stalls=5 skipped=106 resets=0 ungets=70 forwarded=11
             histogram [2,4) => 8, [4,8) => 4, [8,16) => 10, [16,32) => 16, [32,64) => 24, [64,128) => 49, [128,256) => 1053, [256,512) => 2858
   Buffers: shared hit=3892 read=112
 Settings: enable_bitmapscan = 'off', enable_seqscan = 'off', max_parallel_workers_per_gather = '0'
 Planning:
   Buffers: shared hit=86 read=26
 Planning Time: 6.753 ms
 Execution Time: 7.501 ms
(12 rows)

SET
SET
SET
SET
SET
                                             QUERY PLAN                                             
----------------------------------------------------------------------------------------------------
 Index Scan using idx on public.t (actual rows=4096.00 loops=1)
   Output: a, b
   Index Cond: ((t.a >= 17974) AND (t.a <= 20021))
   Index Searches: 1
   Buffers: shared hit=4005
 Settings: enable_bitmapscan = 'off', enable_seqscan = 'off', max_parallel_workers_per_gather = '0'
 Planning:
   Buffers: shared hit=117
 Planning Time: 0.342 ms
 Execution Time: 1.260 ms
(10 rows)

