SET
SET
SET
SET
SET
                                             QUERY PLAN                                             
----------------------------------------------------------------------------------------------------
 Index Scan using idx on public.t (actual rows=8192.00 loops=1)
   Output: a, b
   Index Cond: ((t.a >= 31481) AND (t.a <= 35576))
   Index Searches: 1
   Prefetch: distance=2.048 count=252 stalls=7432 skipped=221 resets=0 ungets=0 forwarded=1
             histogram [2,4) => 248, [4,8) => 4
   Buffers: shared hit=7801 read=185
 Settings: enable_bitmapscan = 'off', enable_seqscan = 'off', max_parallel_workers_per_gather = '0'
 Planning:
   Buffers: shared hit=86 read=26
 Planning Time: 6.511 ms
 Execution Time: 19.239 ms
(12 rows)

SET
SET
SET
SET
SET
                                             QUERY PLAN                                             
----------------------------------------------------------------------------------------------------
 Index Scan using idx on public.t (actual rows=8192.00 loops=1)
   Output: a, b
   Index Cond: ((t.a >= 31481) AND (t.a <= 35576))
   Index Searches: 1
   Buffers: shared hit=7986
 Settings: enable_bitmapscan = 'off', enable_seqscan = 'off', max_parallel_workers_per_gather = '0'
 Planning:
   Buffers: shared hit=117
 Planning Time: 0.364 ms
 Execution Time: 2.389 ms
(10 rows)

