SET
SET
SET
SET
SET
                                             QUERY PLAN                                             
----------------------------------------------------------------------------------------------------
 Index Scan using idx on public.t (actual rows=8192.00 loops=1)
   Output: a, b
   Index Cond: ((t.a >= 30396) AND (t.a <= 34491))
   Index Searches: 1
   Prefetch: distance=2.035 count=257 stalls=7569 skipped=219 resets=0 ungets=0 forwarded=1
             histogram [2,4) => 254, [4,8) => 3
   Buffers: shared hit=7810 read=184
 Settings: enable_bitmapscan = 'off', enable_seqscan = 'off', max_parallel_workers_per_gather = '0'
 Planning:
   Buffers: shared hit=86 read=26
 Planning Time: 6.132 ms
 Execution Time: 20.366 ms
(12 rows)

SET
SET
SET
SET
SET
                                             QUERY PLAN                                             
----------------------------------------------------------------------------------------------------
 Index Scan using idx on public.t (actual rows=8192.00 loops=1)
   Output: a, b
   Index Cond: ((t.a >= 30396) AND (t.a <= 34491))
   Index Searches: 1
   Buffers: shared hit=7994
 Settings: enable_bitmapscan = 'off', enable_seqscan = 'off', max_parallel_workers_per_gather = '0'
 Planning:
   Buffers: shared hit=117
 Planning Time: 0.366 ms
 Execution Time: 2.210 ms
(10 rows)

