SET
SET
SET
SET
SET
                                                                   QUERY PLAN                                                                    
-------------------------------------------------------------------------------------------------------------------------------------------------
 Index Scan using idx on public.t (actual rows=262144.00 loops=1)
   Output: a, b
   Index Cond: ((t.a >= 26977) AND (t.a <= 158048))
   Index Searches: 1
   Prefetch: distance=259.772 count=261580 stalls=1 skipped=6679 resets=0 ungets=6123 forwarded=442
             histogram [2,4) => 2, [4,8) => 3, [8,16) => 9, [16,32) => 14, [32,64) => 18, [64,128) => 3, [128,256) => 70175, [256,512) => 191356
   Buffers: shared hit=251332 read=4778
 Settings: enable_bitmapscan = 'off', enable_seqscan = 'off', max_parallel_workers_per_gather = '0'
 Planning:
   Buffers: shared hit=82 read=26
 Planning Time: 6.248 ms
 Execution Time: 204.339 ms
(12 rows)

SET
SET
SET
SET
SET
                                             QUERY PLAN                                             
----------------------------------------------------------------------------------------------------
 Index Scan using idx on public.t (actual rows=262144.00 loops=1)
   Output: a, b
   Index Cond: ((t.a >= 26977) AND (t.a <= 158048))
   Index Searches: 1
   Buffers: shared hit=256117
 Settings: enable_bitmapscan = 'off', enable_seqscan = 'off', max_parallel_workers_per_gather = '0'
 Planning:
   Buffers: shared hit=113
 Planning Time: 0.418 ms
 Execution Time: 71.431 ms
(10 rows)

