SET
SET
SET
SET
SET
                                             QUERY PLAN                                             
----------------------------------------------------------------------------------------------------
 Index Scan using idx on public.t (actual rows=4096.00 loops=1)
   Output: a, b
   Index Cond: ((t.a >= 24526) AND (t.a <= 26573))
   Index Searches: 1
   Prefetch: distance=2.023 count=129 stalls=3728 skipped=94 resets=0 ungets=0 forwarded=0
             histogram [2,4) => 128, [4,8) => 1
   Buffers: shared hit=3898 read=112
 Settings: enable_bitmapscan = 'off', enable_seqscan = 'off', max_parallel_workers_per_gather = '0'
 Planning:
   Buffers: shared hit=86 read=26
 Planning Time: 6.005 ms
 Execution Time: 12.254 ms
(12 rows)

SET
SET
SET
SET
SET
                                             QUERY PLAN                                             
----------------------------------------------------------------------------------------------------
 Index Scan using idx on public.t (actual rows=4096.00 loops=1)
   Output: a, b
   Index Cond: ((t.a >= 24526) AND (t.a <= 26573))
   Index Searches: 1
   Buffers: shared hit=4010
 Settings: enable_bitmapscan = 'off', enable_seqscan = 'off', max_parallel_workers_per_gather = '0'
 Planning:
   Buffers: shared hit=117
 Planning Time: 0.354 ms
 Execution Time: 1.166 ms
(10 rows)

