SET
SET
SET
SET
SET
                                             QUERY PLAN                                             
----------------------------------------------------------------------------------------------------
 Index Scan using idx on public.t (actual rows=256.00 loops=1)
   Output: a, b
   Index Cond: ((t.a >= 23215) AND (t.a <= 23230))
   Index Searches: 1
   Prefetch: distance=2.000 count=2 stalls=141 skipped=48 resets=0 ungets=0 forwarded=0
             histogram [2,4) => 2
   Buffers: shared hit=174 read=31
 Settings: enable_bitmapscan = 'off', enable_seqscan = 'off', max_parallel_workers_per_gather = '0'
 Planning:
   Buffers: shared hit=78 read=23
 Planning Time: 5.685 ms
 Execution Time: 2.529 ms
(12 rows)

SET
SET
SET
SET
SET
                                             QUERY PLAN                                             
----------------------------------------------------------------------------------------------------
 Index Scan using idx on public.t (actual rows=256.00 loops=1)
   Output: a, b
   Index Cond: ((t.a >= 23215) AND (t.a <= 23230))
   Index Searches: 1
   Buffers: shared hit=205
 Settings: enable_bitmapscan = 'off', enable_seqscan = 'off', max_parallel_workers_per_gather = '0'
 Planning:
   Buffers: shared hit=106
 Planning Time: 0.311 ms
 Execution Time: 0.153 ms
(10 rows)

