SET
SET
SET
SET
SET
                                                                QUERY PLAN                                                                
------------------------------------------------------------------------------------------------------------------------------------------
 Index Scan Backward using idx on public.t (actual rows=128.00 loops=1)
   Output: a, b
   Index Cond: ((t.a >= 27305) AND (t.a <= 27368))
   Index Searches: 1
   Prefetch: distance=142.058 count=120 stalls=1 skipped=3 resets=0 ungets=11 forwarded=0
             histogram [2,4) => 6, [4,8) => 16, [8,16) => 5, [16,32) => 16, [32,64) => 14, [64,128) => 3, [128,256) => 5, [256,512) => 55
   Buffers: shared hit=94 read=36
 Settings: enable_bitmapscan = 'off', enable_seqscan = 'off', max_parallel_workers_per_gather = '0'
 Planning:
   Buffers: shared hit=82 read=26
 Planning Time: 6.427 ms
 Execution Time: 3.406 ms
(12 rows)

SET
SET
SET
SET
SET
                                             QUERY PLAN                                             
----------------------------------------------------------------------------------------------------
 Index Scan Backward using idx on public.t (actual rows=128.00 loops=1)
   Output: a, b
   Index Cond: ((t.a >= 27305) AND (t.a <= 27368))
   Index Searches: 1
   Buffers: shared hit=130
 Settings: enable_bitmapscan = 'off', enable_seqscan = 'off', max_parallel_workers_per_gather = '0'
 Planning:
   Buffers: shared hit=113
 Planning Time: 0.348 ms
 Execution Time: 0.133 ms
(10 rows)

