SET
SET
SET
SET
SET
                                             QUERY PLAN                                             
----------------------------------------------------------------------------------------------------
 Index Scan Backward using idx on public.t (actual rows=1024.00 loops=1)
   Output: a, b
   Index Cond: ((t.a >= 15650) AND (t.a <= 16161))
   Index Searches: 1
   Prefetch: distance=2.000 count=22 stalls=795 skipped=24 resets=0 ungets=0 forwarded=0
             histogram [2,4) => 22
   Buffers: shared hit=951 read=53
 Settings: enable_bitmapscan = 'off', enable_seqscan = 'off', max_parallel_workers_per_gather = '0'
 Planning:
   Buffers: shared hit=82 read=26
 Planning Time: 6.436 ms
 Execution Time: 3.333 ms
(12 rows)

SET
SET
SET
SET
SET
                                             QUERY PLAN                                             
----------------------------------------------------------------------------------------------------
 Index Scan Backward using idx on public.t (actual rows=1024.00 loops=1)
   Output: a, b
   Index Cond: ((t.a >= 15650) AND (t.a <= 16161))
   Index Searches: 1
   Buffers: shared hit=1004
 Settings: enable_bitmapscan = 'off', enable_seqscan = 'off', max_parallel_workers_per_gather = '0'
 Planning:
   Buffers: shared hit=113
 Planning Time: 0.351 ms
 Execution Time: 0.383 ms
(10 rows)

