SET
SET
SET
SET
SET
                                                                  QUERY PLAN                                                                   
-----------------------------------------------------------------------------------------------------------------------------------------------
 Index Scan Backward using idx on public.t (actual rows=8192.00 loops=1)
   Output: a, b
   Index Cond: ((t.a >= 11066) AND (t.a <= 15161))
   Index Searches: 1
   Prefetch: distance=256.314 count=8122 stalls=1 skipped=192 resets=0 ungets=136 forwarded=1
             histogram [2,4) => 4, [4,8) => 5, [8,16) => 11, [16,32) => 11, [32,64) => 20, [64,128) => 2, [128,256) => 2690, [256,512) => 5379
   Buffers: shared hit=7842 read=185
 Settings: enable_bitmapscan = 'off', enable_seqscan = 'off', max_parallel_workers_per_gather = '0'
 Planning:
   Buffers: shared hit=82 read=26
 Planning Time: 6.527 ms
 Execution Time: 10.699 ms
(12 rows)

SET
SET
SET
SET
SET
                                             QUERY PLAN                                             
----------------------------------------------------------------------------------------------------
 Index Scan Backward using idx on public.t (actual rows=8192.00 loops=1)
   Output: a, b
   Index Cond: ((t.a >= 11066) AND (t.a <= 15161))
   Index Searches: 1
   Buffers: shared hit=8027
 Settings: enable_bitmapscan = 'off', enable_seqscan = 'off', max_parallel_workers_per_gather = '0'
 Planning:
   Buffers: shared hit=113
 Planning Time: 0.400 ms
 Execution Time: 2.255 ms
(10 rows)

