SET
SET
SET
SET
SET
                                                                   QUERY PLAN                                                                   
------------------------------------------------------------------------------------------------------------------------------------------------
 Index Scan Backward using idx on public.t (actual rows=262144.00 loops=1)
   Output: a, b
   Index Cond: ((t.a >= 26702) AND (t.a <= 157773))
   Index Searches: 1
   Prefetch: distance=257.347 count=258474 stalls=1 skipped=6673 resets=0 ungets=3007 forwarded=14
             histogram [2,4) => 2, [4,8) => 5, [8,16) => 7, [16,32) => 16, [32,64) => 2, [64,128) => 7, [128,256) => 86600, [256,512) => 171835
   Buffers: shared hit=251345 read=4777
 Settings: enable_bitmapscan = 'off', enable_seqscan = 'off', max_parallel_workers_per_gather = '0'
 Planning:
   Buffers: shared hit=78 read=26
 Planning Time: 6.415 ms
 Execution Time: 230.746 ms
(12 rows)

SET
SET
SET
SET
SET
                                             QUERY PLAN                                             
----------------------------------------------------------------------------------------------------
 Index Scan Backward using idx on public.t (actual rows=262144.00 loops=1)
   Output: a, b
   Index Cond: ((t.a >= 26702) AND (t.a <= 157773))
   Index Searches: 1
   Buffers: shared hit=256123
 Settings: enable_bitmapscan = 'off', enable_seqscan = 'off', max_parallel_workers_per_gather = '0'
 Planning:
   Buffers: shared hit=109
 Planning Time: 0.390 ms
 Execution Time: 77.017 ms
(10 rows)

