SET
SET
SET
SET
SET
                                             QUERY PLAN                                             
----------------------------------------------------------------------------------------------------
 Index Scan using idx on public.t (actual rows=1024.00 loops=1)
   Output: a, b
   Index Cond: ((t.a >= 17785) AND (t.a <= 17848))
   Index Searches: 1
   Prefetch: distance=2.000 count=18 stalls=592 skipped=211 resets=0 ungets=0 forwarded=0
             histogram [2,4) => 18
   Buffers: shared hit=729 read=41
 Settings: enable_bitmapscan = 'off', enable_seqscan = 'off', max_parallel_workers_per_gather = '0'
 Planning:
   Buffers: shared hit=78 read=23
 Planning Time: 6.105 ms
 Execution Time: 3.604 ms
(12 rows)

SET
SET
SET
SET
SET
                                             QUERY PLAN                                             
----------------------------------------------------------------------------------------------------
 Index Scan using idx on public.t (actual rows=1024.00 loops=1)
   Output: a, b
   Index Cond: ((t.a >= 17785) AND (t.a <= 17848))
   Index Searches: 1
   Buffers: shared hit=770
 Settings: enable_bitmapscan = 'off', enable_seqscan = 'off', max_parallel_workers_per_gather = '0'
 Planning:
   Buffers: shared hit=106
 Planning Time: 0.417 ms
 Execution Time: 0.489 ms
(10 rows)

