SET
SET
SET
SET
SET
                                             QUERY PLAN                                             
----------------------------------------------------------------------------------------------------
 Index Scan using idx on public.t (actual rows=2048.00 loops=1)
   Output: a, b
   Index Cond: ((t.a >= 8823) AND (t.a <= 8950))
   Index Searches: 1
   Prefetch: distance=2.000 count=44 stalls=1376 skipped=504 resets=0 ungets=0 forwarded=0
             histogram [2,4) => 44
   Buffers: shared hit=1461 read=57
 Settings: enable_bitmapscan = 'off', enable_seqscan = 'off', max_parallel_workers_per_gather = '0'
 Planning:
   Buffers: shared hit=78 read=23
 Planning Time: 6.020 ms
 Execution Time: 3.693 ms
(12 rows)

SET
SET
SET
SET
SET
                                             QUERY PLAN                                             
----------------------------------------------------------------------------------------------------
 Index Scan using idx on public.t (actual rows=2048.00 loops=1)
   Output: a, b
   Index Cond: ((t.a >= 8823) AND (t.a <= 8950))
   Index Searches: 1
   Buffers: shared hit=1518
 Settings: enable_bitmapscan = 'off', enable_seqscan = 'off', max_parallel_workers_per_gather = '0'
 Planning:
   Buffers: shared hit=106
 Planning Time: 0.386 ms
 Execution Time: 0.933 ms
(10 rows)

