SET
SET
SET
SET
SET
                                                                  QUERY PLAN                                                                  
----------------------------------------------------------------------------------------------------------------------------------------------
 Index Scan Backward using idx on public.t (actual rows=512.00 loops=1)
   Output: a, b
   Index Cond: ((t.a >= 25472) AND (t.a <= 25727))
   Index Searches: 1
   Prefetch: distance=193.232 count=491 stalls=7 skipped=4 resets=0 ungets=17 forwarded=2
             histogram [2,4) => 8, [4,8) => 7, [8,16) => 15, [16,32) => 18, [32,64) => 27, [64,128) => 55, [128,256) => 139, [256,512) => 222
   Buffers: shared hit=469 read=46
 Settings: enable_bitmapscan = 'off', enable_seqscan = 'off', max_parallel_workers_per_gather = '0'
 Planning:
   Buffers: shared hit=82 read=26
 Planning Time: 5.830 ms
 Execution Time: 4.573 ms
(12 rows)

SET
SET
SET
SET
SET
                                             QUERY PLAN                                             
----------------------------------------------------------------------------------------------------
 Index Scan Backward using idx on public.t (actual rows=512.00 loops=1)
   Output: a, b
   Index Cond: ((t.a >= 25472) AND (t.a <= 25727))
   Index Searches: 1
   Buffers: shared hit=515
 Settings: enable_bitmapscan = 'off', enable_seqscan = 'off', max_parallel_workers_per_gather = '0'
 Planning:
   Buffers: shared hit=113
 Planning Time: 0.346 ms
 Execution Time: 0.245 ms
(10 rows)

