SET
SET
SET
SET
SET
                                             QUERY PLAN                                             
----------------------------------------------------------------------------------------------------
 Index Scan Backward using idx on public.t (actual rows=4096.00 loops=1)
   Output: a, b
   Index Cond: ((t.a >= 25217) AND (t.a <= 27264))
   Index Searches: 1
   Prefetch: distance=2.024 count=127 stalls=3759 skipped=79 resets=0 ungets=0 forwarded=0
             histogram [2,4) => 126, [4,8) => 1
   Buffers: shared hit=3923 read=108
 Settings: enable_bitmapscan = 'off', enable_seqscan = 'off', max_parallel_workers_per_gather = '0'
 Planning:
   Buffers: shared hit=82 read=26
 Planning Time: 6.030 ms
 Execution Time: 6.923 ms
(12 rows)

SET
SET
SET
SET
SET
                                             QUERY PLAN                                             
----------------------------------------------------------------------------------------------------
 Index Scan Backward using idx on public.t (actual rows=4096.00 loops=1)
   Output: a, b
   Index Cond: ((t.a >= 25217) AND (t.a <= 27264))
   Index Searches: 1
   Buffers: shared hit=4031
 Settings: enable_bitmapscan = 'off', enable_seqscan = 'off', max_parallel_workers_per_gather = '0'
 Planning:
   Buffers: shared hit=113
 Planning Time: 0.346 ms
 Execution Time: 1.190 ms
(10 rows)

