SET
SET
SET
SET
SET
                                             QUERY PLAN                                             
----------------------------------------------------------------------------------------------------
 Index Scan Backward using idx on public.t (actual rows=8192.00 loops=1)
   Output: a, b
   Index Cond: ((t.a >= 19575) AND (t.a <= 23670))
   Index Searches: 1
   Prefetch: distance=2.044 count=270 stalls=7657 skipped=218 resets=0 ungets=0 forwarded=0
             histogram [2,4) => 266, [4,8) => 4
   Buffers: shared hit=7816 read=185
 Settings: enable_bitmapscan = 'off', enable_seqscan = 'off', max_parallel_workers_per_gather = '0'
 Planning:
   Buffers: shared hit=82 read=26
 Planning Time: 5.819 ms
 Execution Time: 10.532 ms
(12 rows)

SET
SET
SET
SET
SET
                                             QUERY PLAN                                             
----------------------------------------------------------------------------------------------------
 Index Scan Backward using idx on public.t (actual rows=8192.00 loops=1)
   Output: a, b
   Index Cond: ((t.a >= 19575) AND (t.a <= 23670))
   Index Searches: 1
   Buffers: shared hit=8001
 Settings: enable_bitmapscan = 'off', enable_seqscan = 'off', max_parallel_workers_per_gather = '0'
 Planning:
   Buffers: shared hit=113
 Planning Time: 0.346 ms
 Execution Time: 2.228 ms
(10 rows)

