SET
SET
SET
SET
SET
                                                                     QUERY PLAN                                                                      
-----------------------------------------------------------------------------------------------------------------------------------------------------
 Index Scan Backward using idx on public.t (actual rows=5048576.00 loops=1)
   Output: a, b
   Index Cond: ((t.a >= 13703) AND (t.a <= 2537990))
   Index Searches: 1
   Prefetch: distance=257.472 count=4978991 stalls=1 skipped=128495 resets=0 ungets=58928 forwarded=343
             histogram [2,4) => 6, [4,8) => 5, [8,16) => 8, [16,32) => 11, [32,64) => 23, [64,128) => 10, [128,256) => 1653239, [256,512) => 3325689
   Buffers: shared hit=4841151 read=91355
 Settings: enable_bitmapscan = 'off', enable_seqscan = 'off', max_parallel_workers_per_gather = '0'
 Planning:
   Buffers: shared hit=78 read=26
 Planning Time: 6.067 ms
 Execution Time: 4286.073 ms
(12 rows)

SET
SET
SET
SET
SET
                                             QUERY PLAN                                             
----------------------------------------------------------------------------------------------------
 Index Scan Backward using idx on public.t (actual rows=5048576.00 loops=1)
   Output: a, b
   Index Cond: ((t.a >= 13703) AND (t.a <= 2537990))
   Index Searches: 1
   Buffers: shared hit=4932521
 Settings: enable_bitmapscan = 'off', enable_seqscan = 'off', max_parallel_workers_per_gather = '0'
 Planning:
   Buffers: shared hit=109
 Planning Time: 0.401 ms
 Execution Time: 1533.883 ms
(10 rows)

