SET
SET
SET
SET
SET
                                             QUERY PLAN                                             
----------------------------------------------------------------------------------------------------
 Index Scan Backward using idx on public.t (actual rows=512.00 loops=1)
   Output: a, b
   Index Cond: ((t.a >= 25839) AND (t.a <= 26094))
   Index Searches: 1
   Prefetch: distance=2.000 count=20 stalls=379 skipped=8 resets=0 ungets=0 forwarded=0
             histogram [2,4) => 20
   Buffers: shared hit=462 read=45
 Settings: enable_bitmapscan = 'off', enable_seqscan = 'off', max_parallel_workers_per_gather = '0'
 Planning:
   Buffers: shared hit=82 read=26
 Planning Time: 6.519 ms
 Execution Time: 4.180 ms
(12 rows)

SET
SET
SET
SET
SET
                                             QUERY PLAN                                             
----------------------------------------------------------------------------------------------------
 Index Scan Backward using idx on public.t (actual rows=512.00 loops=1)
   Output: a, b
   Index Cond: ((t.a >= 25839) AND (t.a <= 26094))
   Index Searches: 1
   Buffers: shared hit=507
 Settings: enable_bitmapscan = 'off', enable_seqscan = 'off', max_parallel_workers_per_gather = '0'
 Planning:
   Buffers: shared hit=113
 Planning Time: 0.521 ms
 Execution Time: 0.367 ms
(10 rows)

