SET
SET
SET
SET
SET
                                             QUERY PLAN                                             
----------------------------------------------------------------------------------------------------
 Index Scan Backward using idx on public.t (actual rows=1024.00 loops=1)
   Output: a, b
   Index Cond: ((t.a >= 11897) AND (t.a <= 12408))
   Index Searches: 1
   Prefetch: distance=2.000 count=22 stalls=606 skipped=15 resets=0 ungets=0 forwarded=0
             histogram [2,4) => 22
   Buffers: shared hit=953 read=54
 Settings: enable_bitmapscan = 'off', enable_seqscan = 'off', max_parallel_workers_per_gather = '0'
 Planning:
   Buffers: shared hit=82 read=26
 Planning Time: 6.047 ms
 Execution Time: 5.261 ms
(12 rows)

SET
SET
SET
SET
SET
                                             QUERY PLAN                                             
----------------------------------------------------------------------------------------------------
 Index Scan Backward using idx on public.t (actual rows=1024.00 loops=1)
   Output: a, b
   Index Cond: ((t.a >= 11897) AND (t.a <= 12408))
   Index Searches: 1
   Buffers: shared hit=1007
 Settings: enable_bitmapscan = 'off', enable_seqscan = 'off', max_parallel_workers_per_gather = '0'
 Planning:
   Buffers: shared hit=113
 Planning Time: 0.371 ms
 Execution Time: 0.367 ms
(10 rows)

