SET
SET
SET
SET
SET
                                             QUERY PLAN                                             
----------------------------------------------------------------------------------------------------
 Index Scan Backward using idx on public.t (actual rows=2048.00 loops=1)
   Output: a, b
   Index Cond: ((t.a >= 13447) AND (t.a <= 14470))
   Index Searches: 1
   Prefetch: distance=2.046 count=65 stalls=1815 skipped=45 resets=0 ungets=0 forwarded=0
             histogram [2,4) => 64, [4,8) => 1
   Buffers: shared hit=1938 read=73
 Settings: enable_bitmapscan = 'off', enable_seqscan = 'off', max_parallel_workers_per_gather = '0'
 Planning:
   Buffers: shared hit=82 read=26
 Planning Time: 6.079 ms
 Execution Time: 6.306 ms
(12 rows)

SET
SET
SET
SET
SET
                                             QUERY PLAN                                             
----------------------------------------------------------------------------------------------------
 Index Scan Backward using idx on public.t (actual rows=2048.00 loops=1)
   Output: a, b
   Index Cond: ((t.a >= 13447) AND (t.a <= 14470))
   Index Searches: 1
   Buffers: shared hit=2011
 Settings: enable_bitmapscan = 'off', enable_seqscan = 'off', max_parallel_workers_per_gather = '0'
 Planning:
   Buffers: shared hit=113
 Planning Time: 0.349 ms
 Execution Time: 0.649 ms
(10 rows)

