SET
SET
SET
SET
SET
                                             QUERY PLAN                                             
----------------------------------------------------------------------------------------------------
 Index Scan Backward using idx on public.t (actual rows=8192.00 loops=1)
   Output: a, b
   Index Cond: ((t.a >= 14395) AND (t.a <= 18490))
   Index Searches: 1
   Prefetch: distance=2.012 count=251 stalls=7483 skipped=201 resets=0 ungets=0 forwarded=0
             histogram [2,4) => 250, [4,8) => 1
   Buffers: shared hit=7826 read=185
 Settings: enable_bitmapscan = 'off', enable_seqscan = 'off', max_parallel_workers_per_gather = '0'
 Planning:
   Buffers: shared hit=82 read=26
 Planning Time: 5.911 ms
 Execution Time: 9.509 ms
(12 rows)

SET
SET
SET
SET
SET
                                             QUERY PLAN                                             
----------------------------------------------------------------------------------------------------
 Index Scan Backward using idx on public.t (actual rows=8192.00 loops=1)
   Output: a, b
   Index Cond: ((t.a >= 14395) AND (t.a <= 18490))
   Index Searches: 1
   Buffers: shared hit=8011
 Settings: enable_bitmapscan = 'off', enable_seqscan = 'off', max_parallel_workers_per_gather = '0'
 Planning:
   Buffers: shared hit=113
 Planning Time: 0.380 ms
 Execution Time: 2.437 ms
(10 rows)

