SET
SET
SET
SET
SET
                                             QUERY PLAN                                             
----------------------------------------------------------------------------------------------------
 Index Scan Backward using idx on public.t (actual rows=8192.00 loops=1)
   Output: a, b
   Index Cond: ((t.a >= 12297) AND (t.a <= 16392))
   Index Searches: 1
   Prefetch: distance=2.012 count=245 stalls=7367 skipped=187 resets=0 ungets=0 forwarded=0
             histogram [2,4) => 244, [4,8) => 1
   Buffers: shared hit=7836 read=183
 Settings: enable_bitmapscan = 'off', enable_seqscan = 'off', max_parallel_workers_per_gather = '0'
 Planning:
   Buffers: shared hit=82 read=26
 Planning Time: 6.348 ms
 Execution Time: 10.459 ms
(12 rows)

SET
SET
SET
SET
SET
                                             QUERY PLAN                                             
----------------------------------------------------------------------------------------------------
 Index Scan Backward using idx on public.t (actual rows=8192.00 loops=1)
   Output: a, b
   Index Cond: ((t.a >= 12297) AND (t.a <= 16392))
   Index Searches: 1
   Buffers: shared hit=8019
 Settings: enable_bitmapscan = 'off', enable_seqscan = 'off', max_parallel_workers_per_gather = '0'
 Planning:
   Buffers: shared hit=113
 Planning Time: 0.330 ms
 Execution Time: 2.407 ms
(10 rows)

