SET
SET
SET
SET
SET
                                             QUERY PLAN                                             
----------------------------------------------------------------------------------------------------
 Index Scan Backward using idx on public.t (actual rows=8192.00 loops=1)
   Output: a, b
   Index Cond: ((t.a >= 5253) AND (t.a <= 9348))
   Index Searches: 1
   Prefetch: distance=2.048 count=252 stalls=7479 skipped=190 resets=0 ungets=0 forwarded=0
             histogram [2,4) => 248, [4,8) => 4
   Buffers: shared hit=7839 read=183
 Settings: enable_bitmapscan = 'off', enable_seqscan = 'off', max_parallel_workers_per_gather = '0'
 Planning:
   Buffers: shared hit=82 read=26
 Planning Time: 6.448 ms
 Execution Time: 10.865 ms
(12 rows)

SET
SET
SET
SET
SET
                                             QUERY PLAN                                             
----------------------------------------------------------------------------------------------------
 Index Scan Backward using idx on public.t (actual rows=8192.00 loops=1)
   Output: a, b
   Index Cond: ((t.a >= 5253) AND (t.a <= 9348))
   Index Searches: 1
   Buffers: shared hit=8022
 Settings: enable_bitmapscan = 'off', enable_seqscan = 'off', max_parallel_workers_per_gather = '0'
 Planning:
   Buffers: shared hit=113
 Planning Time: 0.449 ms
 Execution Time: 3.087 ms
(10 rows)

