SET
SET
SET
SET
SET
                                                                      QUERY PLAN                                                                      
------------------------------------------------------------------------------------------------------------------------------------------------------
 Index Scan Backward using idx on public.t (actual rows=9048576.00 loops=1)
   Output: a, b
   Index Cond: ((t.a >= 8817) AND (t.a <= 4533104))
   Index Searches: 1
   Prefetch: distance=257.549 count=8924880 stalls=1 skipped=230328 resets=0 ungets=106678 forwarded=655
             histogram [2,4) => 2, [4,8) => 4, [8,16) => 10, [16,32) => 17, [32,64) => 26, [64,128) => 77, [128,256) => 2948343, [256,512) => 5976401
   Buffers: shared hit=8676803 read=163708
 Settings: enable_bitmapscan = 'off', enable_seqscan = 'off', max_parallel_workers_per_gather = '0'
 Planning:
   Buffers: shared hit=78 read=26
 Planning Time: 6.143 ms
 Execution Time: 7765.115 ms
(12 rows)

SET
SET
SET
SET
SET
                                             QUERY PLAN                                             
----------------------------------------------------------------------------------------------------
 Index Scan Backward using idx on public.t (actual rows=9048576.00 loops=1)
   Output: a, b
   Index Cond: ((t.a >= 8817) AND (t.a <= 4533104))
   Index Searches: 1
   Buffers: shared hit=8840542
 Settings: enable_bitmapscan = 'off', enable_seqscan = 'off', max_parallel_workers_per_gather = '0'
 Planning:
   Buffers: shared hit=109
 Planning Time: 0.500 ms
 Execution Time: 3043.505 ms
(10 rows)

