SET
SET
SET
SET
SET
                                                               QUERY PLAN                                                               
----------------------------------------------------------------------------------------------------------------------------------------
 Index Scan using idx on public.t (actual rows=256.00 loops=1)
   Output: a, b
   Index Cond: ((t.a >= 17241) AND (t.a <= 17368))
   Index Searches: 1
   Prefetch: distance=239.174 count=281 stalls=1 skipped=10 resets=0 ungets=41 forwarded=3
             histogram [2,4) => 2, [4,8) => 4, [8,16) => 9, [16,32) => 9, [32,64) => 6, [64,128) => 2, [128,256) => 8, [256,512) => 241
   Buffers: shared hit=212 read=41
 Settings: enable_bitmapscan = 'off', enable_seqscan = 'off', max_parallel_workers_per_gather = '0'
 Planning:
   Buffers: shared hit=86 read=26
 Planning Time: 5.944 ms
 Execution Time: 2.651 ms
(12 rows)

SET
SET
SET
SET
SET
                                             QUERY PLAN                                             
----------------------------------------------------------------------------------------------------
 Index Scan using idx on public.t (actual rows=256.00 loops=1)
   Output: a, b
   Index Cond: ((t.a >= 17241) AND (t.a <= 17368))
   Index Searches: 1
   Buffers: shared hit=253
 Settings: enable_bitmapscan = 'off', enable_seqscan = 'off', max_parallel_workers_per_gather = '0'
 Planning:
   Buffers: shared hit=117
 Planning Time: 0.353 ms
 Execution Time: 0.160 ms
(10 rows)

