SET
SET
SET
SET
SET
                                             QUERY PLAN                                             
----------------------------------------------------------------------------------------------------
 Index Scan using idx on public.t (actual rows=4096.00 loops=1)
   Output: a, b
   Index Cond: ((t.a >= 10484) AND (t.a <= 12531))
   Index Searches: 1
   Prefetch: distance=2.044 count=136 stalls=3776 skipped=109 resets=0 ungets=0 forwarded=0
             histogram [2,4) => 134, [4,8) => 2
   Buffers: shared hit=3892 read=111
 Settings: enable_bitmapscan = 'off', enable_seqscan = 'off', max_parallel_workers_per_gather = '0'
 Planning:
   Buffers: shared hit=86 read=26
 Planning Time: 5.862 ms
 Execution Time: 11.331 ms
(12 rows)

SET
SET
SET
SET
SET
                                             QUERY PLAN                                             
----------------------------------------------------------------------------------------------------
 Index Scan using idx on public.t (actual rows=4096.00 loops=1)
   Output: a, b
   Index Cond: ((t.a >= 10484) AND (t.a <= 12531))
   Index Searches: 1
   Buffers: shared hit=4003
 Settings: enable_bitmapscan = 'off', enable_seqscan = 'off', max_parallel_workers_per_gather = '0'
 Planning:
   Buffers: shared hit=117
 Planning Time: 0.544 ms
 Execution Time: 1.672 ms
(10 rows)

