SET
SET
SET
SET
SET
                                             QUERY PLAN                                             
----------------------------------------------------------------------------------------------------
 Index Scan using idx on public.t (actual rows=8192.00 loops=1)
   Output: a, b
   Index Cond: ((t.a >= 4663) AND (t.a <= 8758))
   Index Searches: 1
   Prefetch: distance=2.028 count=248 stalls=7504 skipped=197 resets=0 ungets=0 forwarded=0
             histogram [2,4) => 246, [4,8) => 2
   Buffers: shared hit=7833 read=183
 Settings: enable_bitmapscan = 'off', enable_seqscan = 'off', max_parallel_workers_per_gather = '0'
 Planning:
   Buffers: shared hit=86 read=26
 Planning Time: 6.280 ms
 Execution Time: 18.064 ms
(12 rows)

SET
SET
SET
SET
SET
                                             QUERY PLAN                                             
----------------------------------------------------------------------------------------------------
 Index Scan using idx on public.t (actual rows=8192.00 loops=1)
   Output: a, b
   Index Cond: ((t.a >= 4663) AND (t.a <= 8758))
   Index Searches: 1
   Buffers: shared hit=8016
 Settings: enable_bitmapscan = 'off', enable_seqscan = 'off', max_parallel_workers_per_gather = '0'
 Planning:
   Buffers: shared hit=117
 Planning Time: 0.369 ms
 Execution Time: 2.338 ms
(10 rows)

