SET
SET
SET
SET
SET
                                             QUERY PLAN                                             
----------------------------------------------------------------------------------------------------
 Index Scan using idx on public.t (actual rows=2048.00 loops=1)
   Output: a, b
   Index Cond: ((t.a >= 396) AND (t.a <= 1419))
   Index Searches: 1
   Prefetch: distance=2.067 count=45 stalls=1755 skipped=67 resets=0 ungets=0 forwarded=0
             histogram [2,4) => 44, [4,8) => 1
   Buffers: shared hit=1921 read=66
 Settings: enable_bitmapscan = 'off', enable_seqscan = 'off', max_parallel_workers_per_gather = '0'
 Planning:
   Buffers: shared hit=86 read=26
 Planning Time: 6.243 ms
 Execution Time: 6.909 ms
(12 rows)

SET
SET
SET
SET
SET
                                             QUERY PLAN                                             
----------------------------------------------------------------------------------------------------
 Index Scan using idx on public.t (actual rows=2048.00 loops=1)
   Output: a, b
   Index Cond: ((t.a >= 396) AND (t.a <= 1419))
   Index Searches: 1
   Buffers: shared hit=1987
 Settings: enable_bitmapscan = 'off', enable_seqscan = 'off', max_parallel_workers_per_gather = '0'
 Planning:
   Buffers: shared hit=117
 Planning Time: 0.346 ms
 Execution Time: 0.666 ms
(10 rows)

