SET
SET
SET
SET
SET
                                             QUERY PLAN                                             
----------------------------------------------------------------------------------------------------
 Index Scan using idx on public.t (actual rows=1024.00 loops=1)
   Output: a, b
   Index Cond: ((t.a >= 25437) AND (t.a <= 25948))
   Index Searches: 1
   Prefetch: distance=2.000 count=28 stalls=866 skipped=17 resets=0 ungets=0 forwarded=0
             histogram [2,4) => 28
   Buffers: shared hit=961 read=53
 Settings: enable_bitmapscan = 'off', enable_seqscan = 'off', max_parallel_workers_per_gather = '0'
 Planning:
   Buffers: shared hit=86 read=26
 Planning Time: 6.199 ms
 Execution Time: 5.707 ms
(12 rows)

SET
SET
SET
SET
SET
                                             QUERY PLAN                                             
----------------------------------------------------------------------------------------------------
 Index Scan using idx on public.t (actual rows=1024.00 loops=1)
   Output: a, b
   Index Cond: ((t.a >= 25437) AND (t.a <= 25948))
   Index Searches: 1
   Buffers: shared hit=1014
 Settings: enable_bitmapscan = 'off', enable_seqscan = 'off', max_parallel_workers_per_gather = '0'
 Planning:
   Buffers: shared hit=117
 Planning Time: 0.348 ms
 Execution Time: 0.457 ms
(10 rows)

