SET
SET
SET
SET
SET
                                             QUERY PLAN                                             
----------------------------------------------------------------------------------------------------
 Index Scan using idx on public.t (actual rows=8192.00 loops=1)
   Output: a, b
   Index Cond: ((t.a >= 28994) AND (t.a <= 33089))
   Index Searches: 1
   Prefetch: distance=2.024 count=254 stalls=7537 skipped=216 resets=0 ungets=0 forwarded=0
             histogram [2,4) => 252, [4,8) => 2
   Buffers: shared hit=7814 read=185
 Settings: enable_bitmapscan = 'off', enable_seqscan = 'off', max_parallel_workers_per_gather = '0'
 Planning:
   Buffers: shared hit=86 read=26
 Planning Time: 6.113 ms
 Execution Time: 18.357 ms
(12 rows)

SET
SET
SET
SET
SET
                                             QUERY PLAN                                             
----------------------------------------------------------------------------------------------------
 Index Scan using idx on public.t (actual rows=8192.00 loops=1)
   Output: a, b
   Index Cond: ((t.a >= 28994) AND (t.a <= 33089))
   Index Searches: 1
   Buffers: shared hit=7999
 Settings: enable_bitmapscan = 'off', enable_seqscan = 'off', max_parallel_workers_per_gather = '0'
 Planning:
   Buffers: shared hit=117
 Planning Time: 0.334 ms
 Execution Time: 2.339 ms
(10 rows)

