SET
SET
SET
SET
SET
                                             QUERY PLAN                                             
----------------------------------------------------------------------------------------------------
 Index Scan using idx on public.t (actual rows=2048.00 loops=1)
   Output: a, b
   Index Cond: ((t.a >= 19506) AND (t.a <= 20529))
   Index Searches: 1
   Prefetch: distance=2.000 count=54 stalls=1708 skipped=49 resets=0 ungets=0 forwarded=0
             histogram [2,4) => 54
   Buffers: shared hit=1932 read=73
 Settings: enable_bitmapscan = 'off', enable_seqscan = 'off', max_parallel_workers_per_gather = '0'
 Planning:
   Buffers: shared hit=86 read=26
 Planning Time: 6.202 ms
 Execution Time: 7.379 ms
(12 rows)

SET
SET
SET
SET
SET
                                             QUERY PLAN                                             
----------------------------------------------------------------------------------------------------
 Index Scan using idx on public.t (actual rows=2048.00 loops=1)
   Output: a, b
   Index Cond: ((t.a >= 19506) AND (t.a <= 20529))
   Index Searches: 1
   Buffers: shared hit=2005
 Settings: enable_bitmapscan = 'off', enable_seqscan = 'off', max_parallel_workers_per_gather = '0'
 Planning:
   Buffers: shared hit=117
 Planning Time: 0.441 ms
 Execution Time: 0.901 ms
(10 rows)

