SET
SET
SET
SET
SET
                                             QUERY PLAN                                             
----------------------------------------------------------------------------------------------------
 Index Scan using idx on public.t (actual rows=4096.00 loops=1)
   Output: a, b
   Index Cond: ((t.a >= 20573) AND (t.a <= 22620))
   Index Searches: 1
   Prefetch: distance=2.000 count=118 stalls=3526 skipped=93 resets=0 ungets=0 forwarded=0
             histogram [2,4) => 118
   Buffers: shared hit=3898 read=108
 Settings: enable_bitmapscan = 'off', enable_seqscan = 'off', max_parallel_workers_per_gather = '0'
 Planning:
   Buffers: shared hit=86 read=26
 Planning Time: 5.983 ms
 Execution Time: 12.058 ms
(12 rows)

SET
SET
SET
SET
SET
                                             QUERY PLAN                                             
----------------------------------------------------------------------------------------------------
 Index Scan using idx on public.t (actual rows=4096.00 loops=1)
   Output: a, b
   Index Cond: ((t.a >= 20573) AND (t.a <= 22620))
   Index Searches: 1
   Buffers: shared hit=4006
 Settings: enable_bitmapscan = 'off', enable_seqscan = 'off', max_parallel_workers_per_gather = '0'
 Planning:
   Buffers: shared hit=117
 Planning Time: 0.342 ms
 Execution Time: 1.188 ms
(10 rows)

