SET
SET
SET
SET
SET
                                             QUERY PLAN                                             
----------------------------------------------------------------------------------------------------
 Index Scan using idx on public.t (actual rows=8192.00 loops=1)
   Output: a, b
   Index Cond: ((t.a >= 26556) AND (t.a <= 30651))
   Index Searches: 1
   Prefetch: distance=2.024 count=252 stalls=7568 skipped=191 resets=0 ungets=0 forwarded=0
             histogram [2,4) => 250, [4,8) => 2
   Buffers: shared hit=7841 read=183
 Settings: enable_bitmapscan = 'off', enable_seqscan = 'off', max_parallel_workers_per_gather = '0'
 Planning:
   Buffers: shared hit=86 read=26
 Planning Time: 6.330 ms
 Execution Time: 18.040 ms
(12 rows)

SET
SET
SET
SET
SET
                                             QUERY PLAN                                             
----------------------------------------------------------------------------------------------------
 Index Scan using idx on public.t (actual rows=8192.00 loops=1)
   Output: a, b
   Index Cond: ((t.a >= 26556) AND (t.a <= 30651))
   Index Searches: 1
   Buffers: shared hit=8024
 Settings: enable_bitmapscan = 'off', enable_seqscan = 'off', max_parallel_workers_per_gather = '0'
 Planning:
   Buffers: shared hit=117
 Planning Time: 0.343 ms
 Execution Time: 2.339 ms
(10 rows)

