SET
SET
SET
SET
SET
                                                                    QUERY PLAN                                                                     
---------------------------------------------------------------------------------------------------------------------------------------------------
 Index Scan using idx on public.t (actual rows=3048576.00 loops=1)
   Output: a, b
   Index Cond: ((t.a >= 5640) AND (t.a <= 1529927))
   Index Searches: 1
   Prefetch: distance=260.802 count=3081961 stalls=1 skipped=77558 resets=0 ungets=110961 forwarded=6036
             histogram [2,4) => 6, [4,8) => 4, [8,16) => 8, [16,32) => 15, [32,64) => 14, [64,128) => 5, [128,256) => 742624, [256,512) => 2339285
   Buffers: shared hit=2923183 read=55179
 Settings: enable_bitmapscan = 'off', enable_seqscan = 'off', max_parallel_workers_per_gather = '0'
 Planning:
   Buffers: shared hit=82 read=26
 Planning Time: 6.380 ms
 Execution Time: 2350.334 ms
(12 rows)

SET
SET
SET
SET
SET
                                             QUERY PLAN                                             
----------------------------------------------------------------------------------------------------
 Index Scan using idx on public.t (actual rows=3048576.00 loops=1)
   Output: a, b
   Index Cond: ((t.a >= 5640) AND (t.a <= 1529927))
   Index Searches: 1
   Buffers: shared hit=2978533
 Settings: enable_bitmapscan = 'off', enable_seqscan = 'off', max_parallel_workers_per_gather = '0'
 Planning:
   Buffers: shared hit=113
 Planning Time: 0.483 ms
 Execution Time: 1136.465 ms
(10 rows)

