SET
SET
SET
SET
SET
                                             QUERY PLAN                                             
----------------------------------------------------------------------------------------------------
 Index Scan using idx on public.t (actual rows=2048.00 loops=1)
   Output: a, b
   Index Cond: ((t.a >= 10214) AND (t.a <= 10341))
   Index Searches: 1
   Prefetch: distance=2.136 count=44 stalls=1337 skipped=474 resets=0 ungets=0 forwarded=0
             histogram [2,4) => 41, [4,8) => 3
   Buffers: shared hit=1475 read=58
 Settings: enable_bitmapscan = 'off', enable_seqscan = 'off', max_parallel_workers_per_gather = '0'
 Planning:
   Buffers: shared hit=78 read=23
 Planning Time: 6.103 ms
 Execution Time: 4.853 ms
(12 rows)

SET
SET
SET
SET
SET
                                             QUERY PLAN                                             
----------------------------------------------------------------------------------------------------
 Index Scan using idx on public.t (actual rows=2048.00 loops=1)
   Output: a, b
   Index Cond: ((t.a >= 10214) AND (t.a <= 10341))
   Index Searches: 1
   Buffers: shared hit=1533
 Settings: enable_bitmapscan = 'off', enable_seqscan = 'off', max_parallel_workers_per_gather = '0'
 Planning:
   Buffers: shared hit=106
 Planning Time: 0.307 ms
 Execution Time: 0.576 ms
(10 rows)

