SET
SET
SET
SET
SET
                                             QUERY PLAN                                             
----------------------------------------------------------------------------------------------------
 Index Scan using idx on public.t (actual rows=1024.00 loops=1)
   Output: a, b
   Index Cond: ((t.a >= '-28504'::integer) AND (t.a <= '-27993'::integer))
   Index Searches: 1
   Prefetch: distance=2.000 count=22 stalls=632 skipped=17 resets=0 ungets=0 forwarded=0
             histogram [2,4) => 22
   Buffers: shared hit=951 read=54
 Settings: enable_bitmapscan = 'off', enable_seqscan = 'off', max_parallel_workers_per_gather = '0'
 Planning:
   Buffers: shared hit=82 read=27
 Planning Time: 6.183 ms
 Execution Time: 5.825 ms
(12 rows)

SET
SET
SET
SET
SET
                                             QUERY PLAN                                             
----------------------------------------------------------------------------------------------------
 Index Scan using idx on public.t (actual rows=1024.00 loops=1)
   Output: a, b
   Index Cond: ((t.a >= '-28504'::integer) AND (t.a <= '-27993'::integer))
   Index Searches: 1
   Buffers: shared hit=1005
 Settings: enable_bitmapscan = 'off', enable_seqscan = 'off', max_parallel_workers_per_gather = '0'
 Planning:
   Buffers: shared hit=114
 Planning Time: 0.362 ms
 Execution Time: 0.387 ms
(10 rows)

