SET
SET
SET
SET
SET
                                             QUERY PLAN                                             
----------------------------------------------------------------------------------------------------
 Index Scan using idx on public.t (actual rows=8192.00 loops=1)
   Output: a, b
   Index Cond: ((t.a >= '-10558'::integer) AND (t.a <= '-6463'::integer))
   Index Searches: 1
   Prefetch: distance=2.012 count=251 stalls=7543 skipped=209 resets=0 ungets=0 forwarded=0
             histogram [2,4) => 250, [4,8) => 1
   Buffers: shared hit=7819 read=185
 Settings: enable_bitmapscan = 'off', enable_seqscan = 'off', max_parallel_workers_per_gather = '0'
 Planning:
   Buffers: shared hit=82 read=27
 Planning Time: 6.127 ms
 Execution Time: 20.070 ms
(12 rows)

SET
SET
SET
SET
SET
                                             QUERY PLAN                                             
----------------------------------------------------------------------------------------------------
 Index Scan using idx on public.t (actual rows=8192.00 loops=1)
   Output: a, b
   Index Cond: ((t.a >= '-10558'::integer) AND (t.a <= '-6463'::integer))
   Index Searches: 1
   Buffers: shared hit=8004
 Settings: enable_bitmapscan = 'off', enable_seqscan = 'off', max_parallel_workers_per_gather = '0'
 Planning:
   Buffers: shared hit=114
 Planning Time: 0.349 ms
 Execution Time: 2.365 ms
(10 rows)

