SET
SET
SET
SET
SET
                                                                   QUERY PLAN                                                                   
------------------------------------------------------------------------------------------------------------------------------------------------
 Index Scan using idx on public.t (actual rows=2048.00 loops=1)
   Output: a, b
   Index Cond: ((t.a >= '-19208'::integer) AND (t.a <= '-18185'::integer))
   Index Searches: 1
   Prefetch: distance=242.531 count=2026 stalls=3 skipped=51 resets=0 ungets=63 forwarded=4
             histogram [2,4) => 8, [4,8) => 10, [8,16) => 10, [16,32) => 33, [32,64) => 33, [64,128) => 59, [128,256) => 523, [256,512) => 1350
   Buffers: shared hit=1936 read=72
 Settings: enable_bitmapscan = 'off', enable_seqscan = 'off', max_parallel_workers_per_gather = '0'
 Planning:
   Buffers: shared hit=82 read=27
 Planning Time: 6.347 ms
 Execution Time: 5.356 ms
(12 rows)

SET
SET
SET
SET
SET
                                             QUERY PLAN                                             
----------------------------------------------------------------------------------------------------
 Index Scan using idx on public.t (actual rows=2048.00 loops=1)
   Output: a, b
   Index Cond: ((t.a >= '-19208'::integer) AND (t.a <= '-18185'::integer))
   Index Searches: 1
   Buffers: shared hit=2008
 Settings: enable_bitmapscan = 'off', enable_seqscan = 'off', max_parallel_workers_per_gather = '0'
 Planning:
   Buffers: shared hit=114
 Planning Time: 0.364 ms
 Execution Time: 0.643 ms
(10 rows)

