SET
SET
SET
SET
SET
                                             QUERY PLAN                                             
----------------------------------------------------------------------------------------------------
 Index Scan using idx on public.t (actual rows=8192.00 loops=1)
   Output: a, b
   Index Cond: ((t.a >= '-4239'::integer) AND (t.a <= '-144'::integer))
   Index Searches: 1
   Prefetch: distance=2.039 count=233 stalls=7598 skipped=224 resets=0 ungets=0 forwarded=0
             histogram [2,4) => 230, [4,8) => 3
   Buffers: shared hit=7822 read=171
 Settings: enable_bitmapscan = 'off', enable_seqscan = 'off', max_parallel_workers_per_gather = '0'
 Planning:
   Buffers: shared hit=82 read=27
 Planning Time: 6.517 ms
 Execution Time: 19.050 ms
(12 rows)

SET
SET
SET
SET
SET
                                             QUERY PLAN                                             
----------------------------------------------------------------------------------------------------
 Index Scan using idx on public.t (actual rows=8192.00 loops=1)
   Output: a, b
   Index Cond: ((t.a >= '-4239'::integer) AND (t.a <= '-144'::integer))
   Index Searches: 1
   Buffers: shared hit=7993
 Settings: enable_bitmapscan = 'off', enable_seqscan = 'off', max_parallel_workers_per_gather = '0'
 Planning:
   Buffers: shared hit=114
 Planning Time: 0.409 ms
 Execution Time: 2.271 ms
(10 rows)

