SET
SET
SET
SET
SET
                                             QUERY PLAN                                             
----------------------------------------------------------------------------------------------------
 Index Scan using idx on public.t (actual rows=128.00 loops=1)
   Output: a, b
   Index Cond: ((t.a >= '-329'::integer) AND (t.a <= '-266'::integer))
   Index Searches: 1
   Prefetch: distance=2.476 count=21 stalls=76 skipped=0 resets=0 ungets=0 forwarded=0
             histogram [2,4) => 18, [4,8) => 3
   Buffers: shared hit=103 read=30
 Settings: enable_bitmapscan = 'off', enable_seqscan = 'off', max_parallel_workers_per_gather = '0'
 Planning:
   Buffers: shared hit=82 read=27
 Planning Time: 7.623 ms
 Execution Time: 3.305 ms
(12 rows)

SET
SET
SET
SET
SET
                                             QUERY PLAN                                             
----------------------------------------------------------------------------------------------------
 Index Scan using idx on public.t (actual rows=128.00 loops=1)
   Output: a, b
   Index Cond: ((t.a >= '-329'::integer) AND (t.a <= '-266'::integer))
   Index Searches: 1
   Buffers: shared hit=133
 Settings: enable_bitmapscan = 'off', enable_seqscan = 'off', max_parallel_workers_per_gather = '0'
 Planning:
   Buffers: shared hit=114
 Planning Time: 0.365 ms
 Execution Time: 0.127 ms
(10 rows)

