SET
SET
SET
SET
SET
                                             QUERY PLAN                                             
----------------------------------------------------------------------------------------------------
 Index Scan using idx on public.t (actual rows=8192.00 loops=1)
   Output: a, b
   Index Cond: ((t.a >= '-13375'::integer) AND (t.a <= '-9280'::integer))
   Index Searches: 1
   Prefetch: distance=2.023 count=256 stalls=7598 skipped=199 resets=0 ungets=0 forwarded=1
             histogram [2,4) => 254, [4,8) => 2
   Buffers: shared hit=7831 read=185
 Settings: enable_bitmapscan = 'off', enable_seqscan = 'off', max_parallel_workers_per_gather = '0'
 Planning:
   Buffers: shared hit=82 read=27
 Planning Time: 6.644 ms
 Execution Time: 20.886 ms
(12 rows)

SET
SET
SET
SET
SET
                                             QUERY PLAN                                             
----------------------------------------------------------------------------------------------------
 Index Scan using idx on public.t (actual rows=8192.00 loops=1)
   Output: a, b
   Index Cond: ((t.a >= '-13375'::integer) AND (t.a <= '-9280'::integer))
   Index Searches: 1
   Buffers: shared hit=8016
 Settings: enable_bitmapscan = 'off', enable_seqscan = 'off', max_parallel_workers_per_gather = '0'
 Planning:
   Buffers: shared hit=114
 Planning Time: 0.345 ms
 Execution Time: 2.208 ms
(10 rows)

