SET
SET
SET
SET
SET
                                             QUERY PLAN                                             
----------------------------------------------------------------------------------------------------
 Index Scan using idx on public.t (actual rows=1024.00 loops=1)
   Output: a, b
   Index Cond: ((t.a >= '-27043'::integer) AND (t.a <= '-26532'::integer))
   Index Searches: 1
   Prefetch: distance=2.143 count=21 stalls=707 skipped=23 resets=0 ungets=0 forwarded=0
             histogram [2,4) => 20, [4,8) => 1
   Buffers: shared hit=947 read=53
 Settings: enable_bitmapscan = 'off', enable_seqscan = 'off', max_parallel_workers_per_gather = '0'
 Planning:
   Buffers: shared hit=82 read=27
 Planning Time: 6.577 ms
 Execution Time: 6.360 ms
(12 rows)

SET
SET
SET
SET
SET
                                             QUERY PLAN                                             
----------------------------------------------------------------------------------------------------
 Index Scan using idx on public.t (actual rows=1024.00 loops=1)
   Output: a, b
   Index Cond: ((t.a >= '-27043'::integer) AND (t.a <= '-26532'::integer))
   Index Searches: 1
   Buffers: shared hit=1000
 Settings: enable_bitmapscan = 'off', enable_seqscan = 'off', max_parallel_workers_per_gather = '0'
 Planning:
   Buffers: shared hit=114
 Planning Time: 0.400 ms
 Execution Time: 0.365 ms
(10 rows)

