SET
SET
SET
SET
SET
                                             QUERY PLAN                                             
----------------------------------------------------------------------------------------------------
 Index Scan using idx on public.t (actual rows=4096.00 loops=1)
   Output: a, b
   Index Cond: ((t.a >= '-13974'::integer) AND (t.a <= '-11927'::integer))
   Index Searches: 1
   Prefetch: distance=2.046 count=130 stalls=3749 skipped=98 resets=0 ungets=0 forwarded=1
             histogram [2,4) => 128, [4,8) => 2
   Buffers: shared hit=3897 read=111
 Settings: enable_bitmapscan = 'off', enable_seqscan = 'off', max_parallel_workers_per_gather = '0'
 Planning:
   Buffers: shared hit=82 read=27
 Planning Time: 6.700 ms
 Execution Time: 11.829 ms
(12 rows)

SET
SET
SET
SET
SET
                                             QUERY PLAN                                             
----------------------------------------------------------------------------------------------------
 Index Scan using idx on public.t (actual rows=4096.00 loops=1)
   Output: a, b
   Index Cond: ((t.a >= '-13974'::integer) AND (t.a <= '-11927'::integer))
   Index Searches: 1
   Buffers: shared hit=4008
 Settings: enable_bitmapscan = 'off', enable_seqscan = 'off', max_parallel_workers_per_gather = '0'
 Planning:
   Buffers: shared hit=114
 Planning Time: 0.354 ms
 Execution Time: 1.306 ms
(10 rows)

