SET
SET
SET
SET
SET
                                             QUERY PLAN                                             
----------------------------------------------------------------------------------------------------
 Index Scan using idx on public.t (actual rows=8192.00 loops=1)
   Output: a, b
   Index Cond: ((t.a >= '-23451'::integer) AND (t.a <= '-19356'::integer))
   Index Searches: 1
   Prefetch: distance=2.012 count=247 stalls=7341 skipped=207 resets=0 ungets=0 forwarded=0
             histogram [2,4) => 246, [4,8) => 1
   Buffers: shared hit=7809 read=187
 Settings: enable_bitmapscan = 'off', enable_seqscan = 'off', max_parallel_workers_per_gather = '0'
 Planning:
   Buffers: shared hit=82 read=27
 Planning Time: 6.914 ms
 Execution Time: 19.638 ms
(12 rows)

SET
SET
SET
SET
SET
                                             QUERY PLAN                                             
----------------------------------------------------------------------------------------------------
 Index Scan using idx on public.t (actual rows=8192.00 loops=1)
   Output: a, b
   Index Cond: ((t.a >= '-23451'::integer) AND (t.a <= '-19356'::integer))
   Index Searches: 1
   Buffers: shared hit=7996
 Settings: enable_bitmapscan = 'off', enable_seqscan = 'off', max_parallel_workers_per_gather = '0'
 Planning:
   Buffers: shared hit=114
 Planning Time: 0.589 ms
 Execution Time: 2.701 ms
(10 rows)

