SET
SET
SET
SET
SET
                                             QUERY PLAN                                             
----------------------------------------------------------------------------------------------------
 Index Scan using idx on public.t (actual rows=1024.00 loops=1)
   Output: a, b
   Index Cond: ((t.a >= '-4369'::integer) AND (t.a <= '-3858'::integer))
   Index Searches: 1
   Prefetch: distance=2.000 count=18 stalls=590 skipped=19 resets=0 ungets=0 forwarded=0
             histogram [2,4) => 18
   Buffers: shared hit=950 read=52
 Settings: enable_bitmapscan = 'off', enable_seqscan = 'off', max_parallel_workers_per_gather = '0'
 Planning:
   Buffers: shared hit=82 read=27
 Planning Time: 6.579 ms
 Execution Time: 6.603 ms
(12 rows)

SET
SET
SET
SET
SET
                                             QUERY PLAN                                             
----------------------------------------------------------------------------------------------------
 Index Scan using idx on public.t (actual rows=1024.00 loops=1)
   Output: a, b
   Index Cond: ((t.a >= '-4369'::integer) AND (t.a <= '-3858'::integer))
   Index Searches: 1
   Buffers: shared hit=1002
 Settings: enable_bitmapscan = 'off', enable_seqscan = 'off', max_parallel_workers_per_gather = '0'
 Planning:
   Buffers: shared hit=114
 Planning Time: 0.355 ms
 Execution Time: 0.375 ms
(10 rows)

