SET
SET
SET
SET
SET
                                             QUERY PLAN                                             
----------------------------------------------------------------------------------------------------
 Index Scan using idx on public.t (actual rows=2048.00 loops=1)
   Output: a, b
   Index Cond: ((t.a >= '-13743'::integer) AND (t.a <= '-12720'::integer))
   Index Searches: 1
   Prefetch: distance=2.037 count=81 stalls=1854 skipped=50 resets=0 ungets=0 forwarded=1
             histogram [2,4) => 80, [4,8) => 1
   Buffers: shared hit=1933 read=75
 Settings: enable_bitmapscan = 'off', enable_seqscan = 'off', max_parallel_workers_per_gather = '0'
 Planning:
   Buffers: shared hit=82 read=27
 Planning Time: 6.656 ms
 Execution Time: 8.271 ms
(12 rows)

SET
SET
SET
SET
SET
                                             QUERY PLAN                                             
----------------------------------------------------------------------------------------------------
 Index Scan using idx on public.t (actual rows=2048.00 loops=1)
   Output: a, b
   Index Cond: ((t.a >= '-13743'::integer) AND (t.a <= '-12720'::integer))
   Index Searches: 1
   Buffers: shared hit=2008
 Settings: enable_bitmapscan = 'off', enable_seqscan = 'off', max_parallel_workers_per_gather = '0'
 Planning:
   Buffers: shared hit=114
 Planning Time: 0.366 ms
 Execution Time: 0.645 ms
(10 rows)

