SET
SET
SET
SET
SET
                                             QUERY PLAN                                             
----------------------------------------------------------------------------------------------------
 Index Scan using idx on public.t (actual rows=8192.00 loops=1)
   Output: a, b
   Index Cond: ((t.a >= '-33441'::integer) AND (t.a <= '-29346'::integer))
   Index Searches: 1
   Prefetch: distance=2.022 count=268 stalls=7630 skipped=217 resets=0 ungets=0 forwarded=0
             histogram [2,4) => 266, [4,8) => 2
   Buffers: shared hit=7815 read=185
 Settings: enable_bitmapscan = 'off', enable_seqscan = 'off', max_parallel_workers_per_gather = '0'
 Planning:
   Buffers: shared hit=82 read=27
 Planning Time: 6.801 ms
 Execution Time: 19.030 ms
(12 rows)

SET
SET
SET
SET
SET
                                             QUERY PLAN                                             
----------------------------------------------------------------------------------------------------
 Index Scan using idx on public.t (actual rows=8192.00 loops=1)
   Output: a, b
   Index Cond: ((t.a >= '-33441'::integer) AND (t.a <= '-29346'::integer))
   Index Searches: 1
   Buffers: shared hit=8000
 Settings: enable_bitmapscan = 'off', enable_seqscan = 'off', max_parallel_workers_per_gather = '0'
 Planning:
   Buffers: shared hit=114
 Planning Time: 0.456 ms
 Execution Time: 3.296 ms
(10 rows)

