SET
SET
SET
SET
SET
                                                                     QUERY PLAN                                                                     
----------------------------------------------------------------------------------------------------------------------------------------------------
 Index Scan using idx on public.t (actual rows=9048576.00 loops=1)
   Output: a, b
   Index Cond: ((t.a >= '-4537366'::integer) AND (t.a <= '-13079'::integer))
   Index Searches: 1
   Prefetch: distance=259.789 count=9032687 stalls=2 skipped=230029 resets=0 ungets=214147 forwarded=15778
             histogram [2,4) => 2, [4,8) => 3, [8,16) => 8, [16,32) => 12, [32,64) => 2, [64,128) => 16, [128,256) => 2434571, [256,512) => 6598073
   Buffers: shared hit=8676821 read=163710
 Settings: enable_bitmapscan = 'off', enable_seqscan = 'off', max_parallel_workers_per_gather = '0'
 Planning:
   Buffers: shared hit=78 read=27
 Planning Time: 6.435 ms
 Execution Time: 7000.653 ms
(12 rows)

SET
SET
SET
SET
SET
                                             QUERY PLAN                                             
----------------------------------------------------------------------------------------------------
 Index Scan using idx on public.t (actual rows=9048576.00 loops=1)
   Output: a, b
   Index Cond: ((t.a >= '-4537366'::integer) AND (t.a <= '-13079'::integer))
   Index Searches: 1
   Buffers: shared hit=8840841
 Settings: enable_bitmapscan = 'off', enable_seqscan = 'off', max_parallel_workers_per_gather = '0'
 Planning:
   Buffers: shared hit=110
 Planning Time: 0.464 ms
 Execution Time: 2860.245 ms
(10 rows)

