SET
SET
SET
SET
SET
                                             QUERY PLAN                                             
----------------------------------------------------------------------------------------------------
 Index Scan Backward using idx on public.t (actual rows=2048.00 loops=1)
   Output: a, b
   Index Cond: ((t.a >= '-28929'::integer) AND (t.a <= '-27906'::integer))
   Index Searches: 1
   Prefetch: distance=2.321 count=106 stalls=1847 skipped=64 resets=0 ungets=0 forwarded=0
             histogram [2,4) => 95, [4,8) => 11
   Buffers: shared hit=1918 read=76
 Settings: enable_bitmapscan = 'off', enable_seqscan = 'off', max_parallel_workers_per_gather = '0'
 Planning:
   Buffers: shared hit=86 read=27
 Planning Time: 6.351 ms
 Execution Time: 6.152 ms
(12 rows)

SET
SET
SET
SET
SET
                                             QUERY PLAN                                             
----------------------------------------------------------------------------------------------------
 Index Scan Backward using idx on public.t (actual rows=2048.00 loops=1)
   Output: a, b
   Index Cond: ((t.a >= '-28929'::integer) AND (t.a <= '-27906'::integer))
   Index Searches: 1
   Buffers: shared hit=1994
 Settings: enable_bitmapscan = 'off', enable_seqscan = 'off', max_parallel_workers_per_gather = '0'
 Planning:
   Buffers: shared hit=118
 Planning Time: 0.475 ms
 Execution Time: 0.957 ms
(10 rows)

