SET
SET
SET
SET
SET
                                                                      QUERY PLAN                                                                       
-------------------------------------------------------------------------------------------------------------------------------------------------------
 Index Scan Backward using idx on public.t (actual rows=8048576.00 loops=1)
   Output: a, b
   Index Cond: ((t.a >= '-4044687'::integer) AND (t.a <= '-20400'::integer))
   Index Searches: 1
   Prefetch: distance=241.708 count=7844168 stalls=1 skipped=204403 resets=0 ungets=17 forwarded=99
             histogram [2,4) => 2, [4,8) => 8, [8,16) => 9, [16,32) => 15, [32,64) => 26, [64,128) => 2241, [128,256) => 5131671, [256,512) => 2710196
   Buffers: shared hit=7718383 read=145619
 Settings: enable_bitmapscan = 'off', enable_seqscan = 'off', max_parallel_workers_per_gather = '0'
 Planning:
   Buffers: shared hit=82 read=27
 Planning Time: 6.019 ms
 Execution Time: 6301.647 ms
(12 rows)

SET
SET
SET
SET
SET
                                             QUERY PLAN                                             
----------------------------------------------------------------------------------------------------
 Index Scan Backward using idx on public.t (actual rows=8048576.00 loops=1)
   Output: a, b
   Index Cond: ((t.a >= '-4044687'::integer) AND (t.a <= '-20400'::integer))
   Index Searches: 1
   Buffers: shared hit=7864004
 Settings: enable_bitmapscan = 'off', enable_seqscan = 'off', max_parallel_workers_per_gather = '0'
 Planning:
   Buffers: shared hit=114
 Planning Time: 0.488 ms
 Execution Time: 2205.007 ms
(10 rows)

