SET
SET
SET
SET
SET
                                             QUERY PLAN                                             
----------------------------------------------------------------------------------------------------
 Index Scan Backward using idx on public.t (actual rows=1024.00 loops=1)
   Output: a, b
   Index Cond: ((t.a >= '-16418'::integer) AND (t.a <= '-15907'::integer))
   Index Searches: 1
   Prefetch: distance=2.000 count=34 stalls=886 skipped=29 resets=0 ungets=0 forwarded=0
             histogram [2,4) => 34
   Buffers: shared hit=950 read=53
 Settings: enable_bitmapscan = 'off', enable_seqscan = 'off', max_parallel_workers_per_gather = '0'
 Planning:
   Buffers: shared hit=86 read=27
 Planning Time: 6.242 ms
 Execution Time: 4.749 ms
(12 rows)

SET
SET
SET
SET
SET
                                             QUERY PLAN                                             
----------------------------------------------------------------------------------------------------
 Index Scan Backward using idx on public.t (actual rows=1024.00 loops=1)
   Output: a, b
   Index Cond: ((t.a >= '-16418'::integer) AND (t.a <= '-15907'::integer))
   Index Searches: 1
   Buffers: shared hit=1003
 Settings: enable_bitmapscan = 'off', enable_seqscan = 'off', max_parallel_workers_per_gather = '0'
 Planning:
   Buffers: shared hit=118
 Planning Time: 0.360 ms
 Execution Time: 0.370 ms
(10 rows)

