SET
SET
SET
SET
SET
                                             QUERY PLAN                                             
----------------------------------------------------------------------------------------------------
 Index Scan Backward using idx on public.t (actual rows=4096.00 loops=1)
   Output: a, b
   Index Cond: ((t.a >= '-29125'::integer) AND (t.a <= '-27078'::integer))
   Index Searches: 1
   Prefetch: distance=2.064 count=141 stalls=3771 skipped=121 resets=0 ungets=0 forwarded=0
             histogram [2,4) => 138, [4,8) => 3
   Buffers: shared hit=3878 read=109
 Settings: enable_bitmapscan = 'off', enable_seqscan = 'off', max_parallel_workers_per_gather = '0'
 Planning:
   Buffers: shared hit=86 read=27
 Planning Time: 6.468 ms
 Execution Time: 7.360 ms
(12 rows)

SET
SET
SET
SET
SET
                                             QUERY PLAN                                             
----------------------------------------------------------------------------------------------------
 Index Scan Backward using idx on public.t (actual rows=4096.00 loops=1)
   Output: a, b
   Index Cond: ((t.a >= '-29125'::integer) AND (t.a <= '-27078'::integer))
   Index Searches: 1
   Buffers: shared hit=3987
 Settings: enable_bitmapscan = 'off', enable_seqscan = 'off', max_parallel_workers_per_gather = '0'
 Planning:
   Buffers: shared hit=118
 Planning Time: 0.384 ms
 Execution Time: 1.191 ms
(10 rows)

