SET
SET
SET
SET
SET
                                             QUERY PLAN                                             
----------------------------------------------------------------------------------------------------
 Index Scan Backward using idx on public.t (actual rows=8192.00 loops=1)
   Output: a, b
   Index Cond: ((t.a >= '-24249'::integer) AND (t.a <= '-20154'::integer))
   Index Searches: 1
   Prefetch: distance=2.023 count=258 stalls=7613 skipped=214 resets=0 ungets=0 forwarded=0
             histogram [2,4) => 256, [4,8) => 2
   Buffers: shared hit=7818 read=184
 Settings: enable_bitmapscan = 'off', enable_seqscan = 'off', max_parallel_workers_per_gather = '0'
 Planning:
   Buffers: shared hit=86 read=27
 Planning Time: 6.537 ms
 Execution Time: 12.362 ms
(12 rows)

SET
SET
SET
SET
SET
                                             QUERY PLAN                                             
----------------------------------------------------------------------------------------------------
 Index Scan Backward using idx on public.t (actual rows=8192.00 loops=1)
   Output: a, b
   Index Cond: ((t.a >= '-24249'::integer) AND (t.a <= '-20154'::integer))
   Index Searches: 1
   Buffers: shared hit=8002
 Settings: enable_bitmapscan = 'off', enable_seqscan = 'off', max_parallel_workers_per_gather = '0'
 Planning:
   Buffers: shared hit=118
 Planning Time: 0.374 ms
 Execution Time: 2.357 ms
(10 rows)

