SET
SET
SET
SET
SET
                                                                     QUERY PLAN                                                                     
----------------------------------------------------------------------------------------------------------------------------------------------------
 Index Scan Backward using idx on public.t (actual rows=2048576.00 loops=1)
   Output: a, b
   Index Cond: ((t.a >= '-1046929'::integer) AND (t.a <= '-22642'::integer))
   Index Searches: 1
   Prefetch: distance=241.699 count=1996419 stalls=1 skipped=52208 resets=0 ungets=55 forwarded=30
             histogram [2,4) => 2, [4,8) => 3, [8,16) => 6, [16,32) => 13, [32,64) => 4, [64,128) => 430, [128,256) => 1307654, [256,512) => 688307
   Buffers: shared hit=1964330 read=37090
 Settings: enable_bitmapscan = 'off', enable_seqscan = 'off', max_parallel_workers_per_gather = '0'
 Planning:
   Buffers: shared hit=82 read=27
 Planning Time: 6.317 ms
 Execution Time: 1634.054 ms
(12 rows)

SET
SET
SET
SET
SET
                                             QUERY PLAN                                             
----------------------------------------------------------------------------------------------------
 Index Scan Backward using idx on public.t (actual rows=2048576.00 loops=1)
   Output: a, b
   Index Cond: ((t.a >= '-1046929'::integer) AND (t.a <= '-22642'::integer))
   Index Searches: 1
   Buffers: shared hit=2001420
 Settings: enable_bitmapscan = 'off', enable_seqscan = 'off', max_parallel_workers_per_gather = '0'
 Planning:
   Buffers: shared hit=114
 Planning Time: 0.411 ms
 Execution Time: 623.308 ms
(10 rows)

