SET
SET
SET
SET
SET
                                             QUERY PLAN                                             
----------------------------------------------------------------------------------------------------
 Index Scan Backward using idx on public.t (actual rows=256.00 loops=1)
   Output: a, b
   Index Cond: ((t.a >= '-19305'::integer) AND (t.a <= '-19178'::integer))
   Index Searches: 1
   Prefetch: distance=3.000 count=39 stalls=187 skipped=1 resets=0 ungets=0 forwarded=0
             histogram [2,4) => 26, [4,8) => 13
   Buffers: shared hit=221 read=40
 Settings: enable_bitmapscan = 'off', enable_seqscan = 'off', max_parallel_workers_per_gather = '0'
 Planning:
   Buffers: shared hit=86 read=27
 Planning Time: 6.220 ms
 Execution Time: 3.906 ms
(12 rows)

SET
SET
SET
SET
SET
                                             QUERY PLAN                                             
----------------------------------------------------------------------------------------------------
 Index Scan Backward using idx on public.t (actual rows=256.00 loops=1)
   Output: a, b
   Index Cond: ((t.a >= '-19305'::integer) AND (t.a <= '-19178'::integer))
   Index Searches: 1
   Buffers: shared hit=261
 Settings: enable_bitmapscan = 'off', enable_seqscan = 'off', max_parallel_workers_per_gather = '0'
 Planning:
   Buffers: shared hit=118
 Planning Time: 0.463 ms
 Execution Time: 0.250 ms
(10 rows)

