SET
SET
SET
SET
SET
                                                                 QUERY PLAN                                                                 
--------------------------------------------------------------------------------------------------------------------------------------------
 Index Scan Backward using idx on public.t (actual rows=1024.00 loops=1)
   Output: a, b
   Index Cond: ((t.a >= '-11781'::integer) AND (t.a <= '-11270'::integer))
   Index Searches: 1
   Prefetch: distance=238.237 count=1023 stalls=1 skipped=21 resets=0 ungets=32 forwarded=2
             histogram [2,4) => 6, [4,8) => 5, [8,16) => 8, [16,32) => 14, [32,64) => 15, [64,128) => 5, [128,256) => 429, [256,512) => 541
   Buffers: shared hit=958 read=54
 Settings: enable_bitmapscan = 'off', enable_seqscan = 'off', max_parallel_workers_per_gather = '0'
 Planning:
   Buffers: shared hit=86 read=27
 Planning Time: 6.310 ms
 Execution Time: 4.508 ms
(12 rows)

SET
SET
SET
SET
SET
                                             QUERY PLAN                                             
----------------------------------------------------------------------------------------------------
 Index Scan Backward using idx on public.t (actual rows=1024.00 loops=1)
   Output: a, b
   Index Cond: ((t.a >= '-11781'::integer) AND (t.a <= '-11270'::integer))
   Index Searches: 1
   Buffers: shared hit=1012
 Settings: enable_bitmapscan = 'off', enable_seqscan = 'off', max_parallel_workers_per_gather = '0'
 Planning:
   Buffers: shared hit=118
 Planning Time: 0.358 ms
 Execution Time: 0.380 ms
(10 rows)

