SET
SET
SET
SET
SET
                                             QUERY PLAN                                             
----------------------------------------------------------------------------------------------------
 Index Scan Backward using idx on public.t (actual rows=2048.00 loops=1)
   Output: a, b
   Index Cond: ((t.a >= '-13047'::integer) AND (t.a <= '-12024'::integer))
   Index Searches: 1
   Prefetch: distance=2.000 count=66 stalls=1807 skipped=48 resets=0 ungets=0 forwarded=0
             histogram [2,4) => 66
   Buffers: shared hit=1933 read=74
 Settings: enable_bitmapscan = 'off', enable_seqscan = 'off', max_parallel_workers_per_gather = '0'
 Planning:
   Buffers: shared hit=86 read=27
 Planning Time: 6.301 ms
 Execution Time: 6.985 ms
(12 rows)

SET
SET
SET
SET
SET
                                             QUERY PLAN                                             
----------------------------------------------------------------------------------------------------
 Index Scan Backward using idx on public.t (actual rows=2048.00 loops=1)
   Output: a, b
   Index Cond: ((t.a >= '-13047'::integer) AND (t.a <= '-12024'::integer))
   Index Searches: 1
   Buffers: shared hit=2007
 Settings: enable_bitmapscan = 'off', enable_seqscan = 'off', max_parallel_workers_per_gather = '0'
 Planning:
   Buffers: shared hit=118
 Planning Time: 0.459 ms
 Execution Time: 0.900 ms
(10 rows)

