SET
SET
SET
SET
SET
                                             QUERY PLAN                                             
----------------------------------------------------------------------------------------------------
 Index Scan Backward using idx on public.t (actual rows=8192.00 loops=1)
   Output: a, b
   Index Cond: ((t.a >= '-20338'::integer) AND (t.a <= '-16243'::integer))
   Index Searches: 1
   Prefetch: distance=2.024 count=250 stalls=7503 skipped=224 resets=0 ungets=0 forwarded=0
             histogram [2,4) => 248, [4,8) => 2
   Buffers: shared hit=7807 read=183
 Settings: enable_bitmapscan = 'off', enable_seqscan = 'off', max_parallel_workers_per_gather = '0'
 Planning:
   Buffers: shared hit=86 read=27
 Planning Time: 6.342 ms
 Execution Time: 12.331 ms
(12 rows)

SET
SET
SET
SET
SET
                                             QUERY PLAN                                             
----------------------------------------------------------------------------------------------------
 Index Scan Backward using idx on public.t (actual rows=8192.00 loops=1)
   Output: a, b
   Index Cond: ((t.a >= '-20338'::integer) AND (t.a <= '-16243'::integer))
   Index Searches: 1
   Buffers: shared hit=7990
 Settings: enable_bitmapscan = 'off', enable_seqscan = 'off', max_parallel_workers_per_gather = '0'
 Planning:
   Buffers: shared hit=118
 Planning Time: 0.358 ms
 Execution Time: 2.349 ms
(10 rows)

