SET
SET
SET
SET
                                             QUERY PLAN                                             
----------------------------------------------------------------------------------------------------
 Index Scan Backward using idx on public.t (actual rows=8192.00 loops=1)
   Output: a, b
   Index Cond: ((t.a >= '-6705'::integer) AND (t.a <= '-6450'::integer))
   Index Searches: 1
   Buffers: shared hit=157 read=89
 Settings: enable_bitmapscan = 'off', enable_seqscan = 'off', max_parallel_workers_per_gather = '0'
 Planning:
   Buffers: shared hit=82 read=23
 Planning Time: 1.384 ms
 Execution Time: 1.762 ms
(10 rows)

SET
SET
SET
SET
                                             QUERY PLAN                                             
----------------------------------------------------------------------------------------------------
 Index Scan Backward using idx on public.t (actual rows=8192.00 loops=1)
   Output: a, b
   Index Cond: ((t.a >= '-6705'::integer) AND (t.a <= '-6450'::integer))
   Index Searches: 1
   Buffers: shared hit=246
 Settings: enable_bitmapscan = 'off', enable_seqscan = 'off', max_parallel_workers_per_gather = '0'
 Planning:
   Buffers: shared hit=110
 Planning Time: 0.119 ms
 Execution Time: 0.372 ms
(10 rows)

