SET
SET
SET
SET
SET
                                                                  QUERY PLAN                                                                   
-----------------------------------------------------------------------------------------------------------------------------------------------
 Index Scan Backward using idx on public.t (actual rows=524288.00 loops=1)
   Output: a, b
   Index Cond: ((t.a >= '-23201'::integer) AND (t.a <= '-6818'::integer))
   Index Searches: 1
   Prefetch: distance=268.083 count=22048 stalls=130 skipped=508585 resets=0 ungets=7370 forwarded=2804
             histogram [2,4) => 240, [4,8) => 47, [8,16) => 11, [16,32) => 13, [32,64) => 1, [64,128) => 4, [128,256) => 1, [256,512) => 21731
   Buffers: shared hit=9853 read=5372
 Settings: enable_bitmapscan = 'off', enable_seqscan = 'off', max_parallel_workers_per_gather = '0'
 Planning:
   Buffers: shared hit=82 read=23
 Planning Time: 1.795 ms
 Execution Time: 70.434 ms
(12 rows)

SET
SET
SET
SET
SET
                                             QUERY PLAN                                             
----------------------------------------------------------------------------------------------------
 Index Scan Backward using idx on public.t (actual rows=524288.00 loops=1)
   Output: a, b
   Index Cond: ((t.a >= '-23201'::integer) AND (t.a <= '-6818'::integer))
   Index Searches: 1
   Buffers: shared hit=15306
 Settings: enable_bitmapscan = 'off', enable_seqscan = 'off', max_parallel_workers_per_gather = '0'
 Planning:
   Buffers: shared hit=110
 Planning Time: 0.159 ms
 Execution Time: 20.704 ms
(10 rows)

