SET
SET
SET
SET
SET
                                                                 QUERY PLAN                                                                  
---------------------------------------------------------------------------------------------------------------------------------------------
 Index Scan Backward using idx on public.t (actual rows=32768.00 loops=1)
   Output: a, b
   Index Cond: ((t.a >= '-3762'::integer) AND (t.a <= '-2739'::integer))
   Index Searches: 1
   Prefetch: distance=225.523 count=1153 stalls=72 skipped=31436 resets=0 ungets=308 forwarded=127
             histogram [2,4) => 148, [4,8) => 20, [8,16) => 15, [16,32) => 11, [32,64) => 4, [64,128) => 1, [128,256) => 4, [256,512) => 950
   Buffers: shared hit=620 read=338
 Settings: enable_bitmapscan = 'off', enable_seqscan = 'off', max_parallel_workers_per_gather = '0'
 Planning:
   Buffers: shared hit=86 read=27
 Planning Time: 1.901 ms
 Execution Time: 5.887 ms
(12 rows)

SET
SET
SET
SET
SET
                                             QUERY PLAN                                             
----------------------------------------------------------------------------------------------------
 Index Scan Backward using idx on public.t (actual rows=32768.00 loops=1)
   Output: a, b
   Index Cond: ((t.a >= '-3762'::integer) AND (t.a <= '-2739'::integer))
   Index Searches: 1
   Buffers: shared hit=964
 Settings: enable_bitmapscan = 'off', enable_seqscan = 'off', max_parallel_workers_per_gather = '0'
 Planning:
   Buffers: shared hit=118
 Planning Time: 0.173 ms
 Execution Time: 1.302 ms
(10 rows)

