SET
SET
SET
SET
SET
                                                                  QUERY PLAN                                                                   
-----------------------------------------------------------------------------------------------------------------------------------------------
 Index Scan Backward using idx on public.t (actual rows=65536.00 loops=1)
   Output: a, b
   Index Cond: ((t.a >= '-26441'::integer) AND (t.a <= '-24394'::integer))
   Index Searches: 1
   Prefetch: distance=253.021 count=2475 stalls=68 skipped=62994 resets=0 ungets=704 forwarded=233
             histogram [2,4) => 118, [4,8) => 13, [8,16) => 18, [16,32) => 11, [32,64) => 10, [64,128) => 6, [128,256) => 3, [256,512) => 2296
   Buffers: shared hit=1239 read=674
 Settings: enable_bitmapscan = 'off', enable_seqscan = 'off', max_parallel_workers_per_gather = '0'
 Planning:
   Buffers: shared hit=82 read=23
 Planning Time: 1.806 ms
 Execution Time: 10.381 ms
(12 rows)

SET
SET
SET
SET
SET
                                             QUERY PLAN                                             
----------------------------------------------------------------------------------------------------
 Index Scan Backward using idx on public.t (actual rows=65536.00 loops=1)
   Output: a, b
   Index Cond: ((t.a >= '-26441'::integer) AND (t.a <= '-24394'::integer))
   Index Searches: 1
   Buffers: shared hit=1923
 Settings: enable_bitmapscan = 'off', enable_seqscan = 'off', max_parallel_workers_per_gather = '0'
 Planning:
   Buffers: shared hit=110
 Planning Time: 0.186 ms
 Execution Time: 2.733 ms
(10 rows)

