SET
SET
SET
SET
SET
                                             QUERY PLAN                                             
----------------------------------------------------------------------------------------------------
 Index Scan Backward using idx on public.t (actual rows=8192.00 loops=1)
   Output: a, b
   Index Cond: ((t.a >= '-21383'::integer) AND (t.a <= '-21128'::integer))
   Index Searches: 1
   Prefetch: distance=2.067 count=134 stalls=66 skipped=6937 resets=0 ungets=0 forwarded=0
             histogram [2,4) => 130, [4,8) => 4
   Buffers: shared hit=152 read=87
 Settings: enable_bitmapscan = 'off', enable_seqscan = 'off', max_parallel_workers_per_gather = '0'
 Planning:
   Buffers: shared hit=82 read=23
 Planning Time: 1.266 ms
 Execution Time: 2.094 ms
(12 rows)

SET
SET
SET
SET
SET
                                             QUERY PLAN                                             
----------------------------------------------------------------------------------------------------
 Index Scan Backward using idx on public.t (actual rows=8192.00 loops=1)
   Output: a, b
   Index Cond: ((t.a >= '-21383'::integer) AND (t.a <= '-21128'::integer))
   Index Searches: 1
   Buffers: shared hit=239
 Settings: enable_bitmapscan = 'off', enable_seqscan = 'off', max_parallel_workers_per_gather = '0'
 Planning:
   Buffers: shared hit=110
 Planning Time: 0.124 ms
 Execution Time: 0.339 ms
(10 rows)

