SET
SET
SET
SET
SET
                                                                  QUERY PLAN                                                                   
-----------------------------------------------------------------------------------------------------------------------------------------------
 Index Scan Backward using idx on public.t (actual rows=262144.00 loops=1)
   Output: a, b
   Index Cond: ((t.a >= '-32499'::integer) AND (t.a <= '-24308'::integer))
   Index Searches: 1
   Prefetch: distance=265.482 count=10066 stalls=103 skipped=254607 resets=0 ungets=2727 forwarded=524
             histogram [2,4) => 180, [4,8) => 13, [8,16) => 17, [16,32) => 16, [32,64) => 13, [64,128) => 3, [128,256) => 1, [256,512) => 9823
   Buffers: shared hit=4960 read=2688
 Settings: enable_bitmapscan = 'off', enable_seqscan = 'off', max_parallel_workers_per_gather = '0'
 Planning:
   Buffers: shared hit=82 read=23
 Planning Time: 1.813 ms
 Execution Time: 33.281 ms
(12 rows)

SET
SET
SET
SET
SET
                                             QUERY PLAN                                             
----------------------------------------------------------------------------------------------------
 Index Scan Backward using idx on public.t (actual rows=262144.00 loops=1)
   Output: a, b
   Index Cond: ((t.a >= '-32499'::integer) AND (t.a <= '-24308'::integer))
   Index Searches: 1
   Buffers: shared hit=7684
 Settings: enable_bitmapscan = 'off', enable_seqscan = 'off', max_parallel_workers_per_gather = '0'
 Planning:
   Buffers: shared hit=110
 Planning Time: 0.192 ms
 Execution Time: 10.527 ms
(10 rows)

