SET
SET
SET
SET
SET
                                                                  QUERY PLAN                                                                  
----------------------------------------------------------------------------------------------------------------------------------------------
 Index Scan Backward using idx on public.t (actual rows=2048576.00 loops=1)
   Output: a, b
   Index Cond: ((t.a >= '-82732'::integer) AND (t.a <= '-18715'::integer))
   Index Searches: 1
   Prefetch: distance=271.120 count=82046 stalls=108 skipped=1989589 resets=0 ungets=24158 forwarded=6283
             histogram [2,4) => 182, [4,8) => 12, [8,16) => 12, [16,32) => 9, [32,64) => 6, [64,128) => 3, [128,256) => 4, [256,512) => 81818
   Buffers: shared hit=38546 read=20979
 Settings: enable_bitmapscan = 'off', enable_seqscan = 'off', max_parallel_workers_per_gather = '0'
 Planning:
   Buffers: shared hit=82 read=23
 Planning Time: 1.802 ms
 Execution Time: 242.311 ms
(12 rows)

SET
SET
SET
SET
SET
                                             QUERY PLAN                                             
----------------------------------------------------------------------------------------------------
 Index Scan Backward using idx on public.t (actual rows=2048576.00 loops=1)
   Output: a, b
   Index Cond: ((t.a >= '-82732'::integer) AND (t.a <= '-18715'::integer))
   Index Searches: 1
   Buffers: shared hit=59861
 Settings: enable_bitmapscan = 'off', enable_seqscan = 'off', max_parallel_workers_per_gather = '0'
 Planning:
   Buffers: shared hit=110
 Planning Time: 0.177 ms
 Execution Time: 81.261 ms
(10 rows)

