SET
SET
SET
SET
SET
                                                                   QUERY PLAN                                                                   
------------------------------------------------------------------------------------------------------------------------------------------------
 Index Scan Backward using idx on public.t (actual rows=3048576.00 loops=1)
   Output: a, b
   Index Cond: ((t.a >= '-102020'::integer) AND (t.a <= '-6753'::integer))
   Index Searches: 1
   Prefetch: distance=271.162 count=129298 stalls=151 skipped=2961431 resets=0 ungets=43039 forwarded=15551
             histogram [2,4) => 282, [4,8) => 47, [8,16) => 11, [16,32) => 14, [32,64) => 2, [64,128) => 1, [128,256) => 4, [256,512) => 128937
   Buffers: shared hit=57486 read=31218
 Settings: enable_bitmapscan = 'off', enable_seqscan = 'off', max_parallel_workers_per_gather = '0'
 Planning:
   Buffers: shared hit=82 read=23
 Planning Time: 1.801 ms
 Execution Time: 389.213 ms
(12 rows)

SET
SET
SET
SET
SET
                                             QUERY PLAN                                             
----------------------------------------------------------------------------------------------------
 Index Scan Backward using idx on public.t (actual rows=3048576.00 loops=1)
   Output: a, b
   Index Cond: ((t.a >= '-102020'::integer) AND (t.a <= '-6753'::integer))
   Index Searches: 1
   Buffers: shared hit=89157
 Settings: enable_bitmapscan = 'off', enable_seqscan = 'off', max_parallel_workers_per_gather = '0'
 Planning:
   Buffers: shared hit=110
 Planning Time: 0.186 ms
 Execution Time: 121.695 ms
(10 rows)

