SET
SET
SET
SET
SET
                                                                  QUERY PLAN                                                                   
-----------------------------------------------------------------------------------------------------------------------------------------------
 Index Scan Backward using idx on public.t (actual rows=7048576.00 loops=1)
   Output: a, b
   Index Cond: ((t.a >= '-233347'::integer) AND (t.a <= '-13080'::integer))
   Index Searches: 1
   Prefetch: distance=271.774 count=283202 stalls=16 skipped=6847822 resets=0 ungets=83455 forwarded=21157
             histogram [2,4) => 32, [4,8) => 17, [8,16) => 13, [16,32) => 11, [32,64) => 8, [64,128) => 1, [128,256) => 4, [256,512) => 283116
   Buffers: shared hit=132905 read=72172
 Settings: enable_bitmapscan = 'off', enable_seqscan = 'off', max_parallel_workers_per_gather = '0'
 Planning:
   Buffers: shared hit=82 read=23
 Planning Time: 1.780 ms
 Execution Time: 820.547 ms
(12 rows)

SET
SET
SET
SET
SET
                                             QUERY PLAN                                             
----------------------------------------------------------------------------------------------------
 Index Scan Backward using idx on public.t (actual rows=7048576.00 loops=1)
   Output: a, b
   Index Cond: ((t.a >= '-233347'::integer) AND (t.a <= '-13080'::integer))
   Index Searches: 1
   Buffers: shared hit=206089
 Settings: enable_bitmapscan = 'off', enable_seqscan = 'off', max_parallel_workers_per_gather = '0'
 Planning:
   Buffers: shared hit=110
 Planning Time: 0.202 ms
 Execution Time: 278.751 ms
(10 rows)

