SET
SET
SET
SET
SET
                                                                   QUERY PLAN                                                                    
-------------------------------------------------------------------------------------------------------------------------------------------------
 Index Scan Backward using idx on public.t (actual rows=8048576.00 loops=1)
   Output: a, b
   Index Cond: ((t.a >= '-281368'::integer) AND (t.a <= '-29851'::integer))
   Index Searches: 1
   Prefetch: distance=271.531 count=322783 stalls=167 skipped=7819451 resets=0 ungets=94624 forwarded=24227
             histogram [2,4) => 305, [4,8) => 38, [8,16) => 10, [16,32) => 18, [32,64) => 14, [64,128) => 1, [128,256) => 4, [256,512) => 322393
   Buffers: shared hit=151904 read=82410
 Settings: enable_bitmapscan = 'off', enable_seqscan = 'off', max_parallel_workers_per_gather = '0'
 Planning:
   Buffers: shared hit=82 read=23
 Planning Time: 1.812 ms
 Execution Time: 920.105 ms
(12 rows)

SET
SET
SET
SET
SET
                                             QUERY PLAN                                             
----------------------------------------------------------------------------------------------------
 Index Scan Backward using idx on public.t (actual rows=8048576.00 loops=1)
   Output: a, b
   Index Cond: ((t.a >= '-281368'::integer) AND (t.a <= '-29851'::integer))
   Index Searches: 1
   Buffers: shared hit=235539
 Settings: enable_bitmapscan = 'off', enable_seqscan = 'off', max_parallel_workers_per_gather = '0'
 Planning:
   Buffers: shared hit=110
 Planning Time: 0.205 ms
 Execution Time: 321.531 ms
(10 rows)

