SET
SET
SET
SET
SET
                                                                QUERY PLAN                                                                
------------------------------------------------------------------------------------------------------------------------------------------
 Index Scan using idx on public.t (actual rows=256.00 loops=1)
   Output: a, b
   Index Cond: ((t.a >= 30553) AND (t.a <= 30616))
   Index Searches: 1
   Prefetch: distance=240.032 count=277 stalls=1 skipped=1 resets=0 ungets=58 forwarded=2
             histogram [2,4) => 2, [4,8) => 4, [8,16) => 11, [16,32) => 11, [32,64) => 2, [64,128) => 2, [128,256) => 5, [256,512) => 240
   Buffers: shared hit=161 read=101
 Settings: enable_bitmapscan = 'off', enable_seqscan = 'off', max_parallel_workers_per_gather = '0'
 Planning:
   Buffers: shared hit=78 read=23
 Planning Time: 1.388 ms
 Execution Time: 3.595 ms
(12 rows)

SET
SET
SET
SET
SET
                                             QUERY PLAN                                             
----------------------------------------------------------------------------------------------------
 Index Scan using idx on public.t (actual rows=256.00 loops=1)
   Output: a, b
   Index Cond: ((t.a >= 30553) AND (t.a <= 30616))
   Index Searches: 1
   Buffers: shared hit=262
 Settings: enable_bitmapscan = 'off', enable_seqscan = 'off', max_parallel_workers_per_gather = '0'
 Planning:
   Buffers: shared hit=106
 Planning Time: 0.123 ms
 Execution Time: 0.095 ms
(10 rows)

