SET
SET
SET
SET
                                             QUERY PLAN                                             
----------------------------------------------------------------------------------------------------
 Index Scan using idx on public.t (actual rows=2048.00 loops=1)
   Output: a, b
   Index Cond: ((t.a >= '-30653'::integer) AND (t.a <= '-30590'::integer))
   Index Searches: 1
   Buffers: shared hit=34 read=26
 Settings: enable_bitmapscan = 'off', enable_seqscan = 'off', max_parallel_workers_per_gather = '0'
 Planning:
   Buffers: shared hit=78 read=23
 Planning Time: 1.243 ms
 Execution Time: 1.971 ms
(10 rows)

SET
SET
SET
SET
                                             QUERY PLAN                                             
----------------------------------------------------------------------------------------------------
 Index Scan using idx on public.t (actual rows=2048.00 loops=1)
   Output: a, b
   Index Cond: ((t.a >= '-30653'::integer) AND (t.a <= '-30590'::integer))
   Index Searches: 1
   Buffers: shared hit=60
 Settings: enable_bitmapscan = 'off', enable_seqscan = 'off', max_parallel_workers_per_gather = '0'
 Planning:
   Buffers: shared hit=106
 Planning Time: 0.111 ms
 Execution Time: 0.093 ms
(10 rows)

