SET
SET
SET
SET
SET
                                             QUERY PLAN                                             
----------------------------------------------------------------------------------------------------
 Index Scan using idx on public.t (actual rows=256.00 loops=1)
   Output: a, b
   Index Cond: ((t.a >= '-30437'::integer) AND (t.a <= '-30430'::integer))
   Index Searches: 1
   Prefetch: distance=2.000 count=6 stalls=1 skipped=186 resets=0 ungets=0 forwarded=0
             histogram [2,4) => 6
   Buffers: shared hit=6 read=8
 Settings: enable_bitmapscan = 'off', enable_seqscan = 'off', max_parallel_workers_per_gather = '0'
 Planning:
   Buffers: shared hit=78 read=23
 Planning Time: 1.245 ms
 Execution Time: 0.758 ms
(12 rows)

SET
SET
SET
SET
SET
                                             QUERY PLAN                                             
----------------------------------------------------------------------------------------------------
 Index Scan using idx on public.t (actual rows=256.00 loops=1)
   Output: a, b
   Index Cond: ((t.a >= '-30437'::integer) AND (t.a <= '-30430'::integer))
   Index Searches: 1
   Buffers: shared hit=14
 Settings: enable_bitmapscan = 'off', enable_seqscan = 'off', max_parallel_workers_per_gather = '0'
 Planning:
   Buffers: shared hit=106
 Planning Time: 0.135 ms
 Execution Time: 0.038 ms
(10 rows)

