SET
SET
SET
SET
SET
                                             QUERY PLAN                                             
----------------------------------------------------------------------------------------------------
 Index Scan using idx on public.t (actual rows=16384.00 loops=1)
   Output: a, b
   Index Cond: ((t.a >= '-24578'::integer) AND (t.a <= '-24067'::integer))
   Index Searches: 1
   Prefetch: distance=2.064 count=298 stalls=151 skipped=15200 resets=0 ungets=0 forwarded=6
             histogram [2,4) => 291, [4,8) => 7
   Buffers: shared hit=319 read=172
 Settings: enable_bitmapscan = 'off', enable_seqscan = 'off', max_parallel_workers_per_gather = '0'
 Planning:
   Buffers: shared hit=78 read=23
 Planning Time: 1.254 ms
 Execution Time: 11.054 ms
(12 rows)

SET
SET
SET
SET
SET
                                             QUERY PLAN                                             
----------------------------------------------------------------------------------------------------
 Index Scan using idx on public.t (actual rows=16384.00 loops=1)
   Output: a, b
   Index Cond: ((t.a >= '-24578'::integer) AND (t.a <= '-24067'::integer))
   Index Searches: 1
   Buffers: shared hit=491
 Settings: enable_bitmapscan = 'off', enable_seqscan = 'off', max_parallel_workers_per_gather = '0'
 Planning:
   Buffers: shared hit=106
 Planning Time: 0.173 ms
 Execution Time: 0.811 ms
(10 rows)

