SET
SET
SET
SET
SET
                                                                 QUERY PLAN                                                                  
---------------------------------------------------------------------------------------------------------------------------------------------
 Index Scan using idx on public.t (actual rows=131072.00 loops=1)
   Output: a, b
   Index Cond: ((t.a >= '-31417'::integer) AND (t.a <= '-27322'::integer))
   Index Searches: 1
   Prefetch: distance=241.612 count=6099 stalls=278 skipped=127277 resets=0 ungets=2677 forwarded=1071
             histogram [2,4) => 611, [4,8) => 58, [8,16) => 10, [16,32) => 5, [32,64) => 3, [64,128) => 1, [128,256) => 4, [256,512) => 5407
   Buffers: shared hit=2451 read=1346
 Settings: enable_bitmapscan = 'off', enable_seqscan = 'off', max_parallel_workers_per_gather = '0'
 Planning:
   Buffers: shared hit=78 read=23
 Planning Time: 1.628 ms
 Execution Time: 48.648 ms
(12 rows)

SET
SET
SET
SET
SET
                                             QUERY PLAN                                             
----------------------------------------------------------------------------------------------------
 Index Scan using idx on public.t (actual rows=131072.00 loops=1)
   Output: a, b
   Index Cond: ((t.a >= '-31417'::integer) AND (t.a <= '-27322'::integer))
   Index Searches: 1
   Buffers: shared hit=3825
 Settings: enable_bitmapscan = 'off', enable_seqscan = 'off', max_parallel_workers_per_gather = '0'
 Planning:
   Buffers: shared hit=106
 Planning Time: 0.183 ms
 Execution Time: 5.709 ms
(10 rows)

