SET
SET
SET
SET
SET
                                                                  QUERY PLAN                                                                  
----------------------------------------------------------------------------------------------------------------------------------------------
 Index Scan using idx on public.t (actual rows=1048576.00 loops=1)
   Output: a, b
   Index Cond: ((t.a >= '-46539'::integer) AND (t.a <= '-13772'::integer))
   Index Searches: 1
   Prefetch: distance=270.938 count=58595 stalls=92 skipped=1018688 resets=0 ungets=28926 forwarded=11006
             histogram [2,4) => 190, [4,8) => 21, [8,16) => 10, [16,32) => 5, [32,64) => 3, [64,128) => 1, [128,256) => 2, [256,512) => 58363
   Buffers: shared hit=19703 read=10742
 Settings: enable_bitmapscan = 'off', enable_seqscan = 'off', max_parallel_workers_per_gather = '0'
 Planning:
   Buffers: shared hit=78 read=23
 Planning Time: 2.031 ms
 Execution Time: 278.240 ms
(12 rows)

SET
SET
SET
SET
SET
                                             QUERY PLAN                                             
----------------------------------------------------------------------------------------------------
 Index Scan using idx on public.t (actual rows=1048576.00 loops=1)
   Output: a, b
   Index Cond: ((t.a >= '-46539'::integer) AND (t.a <= '-13772'::integer))
   Index Searches: 1
   Buffers: shared hit=30706
 Settings: enable_bitmapscan = 'off', enable_seqscan = 'off', max_parallel_workers_per_gather = '0'
 Planning:
   Buffers: shared hit=106
 Planning Time: 0.195 ms
 Execution Time: 45.305 ms
(10 rows)

