SET
SET
SET
SET
SET
                                                                   QUERY PLAN                                                                   
------------------------------------------------------------------------------------------------------------------------------------------------
 Index Scan using idx on public.t (actual rows=4048576.00 loops=1)
   Output: a, b
   Index Cond: ((t.a >= '-147220'::integer) AND (t.a <= '-20703'::integer))
   Index Searches: 1
   Prefetch: distance=270.716 count=225902 stalls=407 skipped=3932830 resets=0 ungets=111362 forwarded=42471
             histogram [2,4) => 938, [4,8) => 110, [8,16) => 10, [16,32) => 5, [32,64) => 2, [64,128) => 3, [128,256) => 1, [256,512) => 224833
   Buffers: shared hit=75959 read=41458
 Settings: enable_bitmapscan = 'off', enable_seqscan = 'off', max_parallel_workers_per_gather = '0'
 Planning:
   Buffers: shared hit=78 read=23
 Planning Time: 1.807 ms
 Execution Time: 1088.041 ms
(12 rows)

SET
SET
SET
SET
SET
                                             QUERY PLAN                                             
----------------------------------------------------------------------------------------------------
 Index Scan using idx on public.t (actual rows=4048576.00 loops=1)
   Output: a, b
   Index Cond: ((t.a >= '-147220'::integer) AND (t.a <= '-20703'::integer))
   Index Searches: 1
   Buffers: shared hit=118591
 Settings: enable_bitmapscan = 'off', enable_seqscan = 'off', max_parallel_workers_per_gather = '0'
 Planning:
   Buffers: shared hit=106
 Planning Time: 0.220 ms
 Execution Time: 174.880 ms
(10 rows)

