SET
SET
SET
SET
SET
                                                                  QUERY PLAN                                                                   
-----------------------------------------------------------------------------------------------------------------------------------------------
 Index Scan using idx on public.t (actual rows=2048576.00 loops=1)
   Output: a, b
   Index Cond: ((t.a >= '-88033'::integer) AND (t.a <= '-24016'::integer))
   Index Searches: 1
   Prefetch: distance=270.477 count=113861 stalls=257 skipped=1989786 resets=0 ungets=56090 forwarded=21357
             histogram [2,4) => 553, [4,8) => 64, [8,16) => 7, [16,32) => 10, [32,64) => 3, [64,128) => 1, [128,256) => 3, [256,512) => 113220
   Buffers: shared hit=38338 read=20979
 Settings: enable_bitmapscan = 'off', enable_seqscan = 'off', max_parallel_workers_per_gather = '0'
 Planning:
   Buffers: shared hit=78 read=23
 Planning Time: 1.827 ms
 Execution Time: 550.180 ms
(12 rows)

SET
SET
SET
SET
SET
                                             QUERY PLAN                                             
----------------------------------------------------------------------------------------------------
 Index Scan using idx on public.t (actual rows=2048576.00 loops=1)
   Output: a, b
   Index Cond: ((t.a >= '-88033'::integer) AND (t.a <= '-24016'::integer))
   Index Searches: 1
   Buffers: shared hit=59888
 Settings: enable_bitmapscan = 'off', enable_seqscan = 'off', max_parallel_workers_per_gather = '0'
 Planning:
   Buffers: shared hit=106
 Planning Time: 0.176 ms
 Execution Time: 89.392 ms
(10 rows)

