SET
SET
SET
SET
SET
                                                                  QUERY PLAN                                                                  
----------------------------------------------------------------------------------------------------------------------------------------------
 Index Scan using idx on public.t (actual rows=6048576.00 loops=1)
   Output: a, b
   Index Cond: ((t.a >= '-211099'::integer) AND (t.a <= '-22082'::integer))
   Index Searches: 1
   Prefetch: distance=271.924 count=339747 stalls=24 skipped=5876136 resets=0 ungets=168290 forwarded=63893
             histogram [2,4) => 50, [4,8) => 12, [8,16) => 7, [16,32) => 10, [32,64) => 1, [64,128) => 2, [128,256) => 3, [256,512) => 339662
   Buffers: shared hit=113331 read=61933
 Settings: enable_bitmapscan = 'off', enable_seqscan = 'off', max_parallel_workers_per_gather = '0'
 Planning:
   Buffers: shared hit=78 read=23
 Planning Time: 1.821 ms
 Execution Time: 1589.995 ms
(12 rows)

SET
SET
SET
SET
SET
                                             QUERY PLAN                                             
----------------------------------------------------------------------------------------------------
 Index Scan using idx on public.t (actual rows=6048576.00 loops=1)
   Output: a, b
   Index Cond: ((t.a >= '-211099'::integer) AND (t.a <= '-22082'::integer))
   Index Searches: 1
   Buffers: shared hit=176912
 Settings: enable_bitmapscan = 'off', enable_seqscan = 'off', max_parallel_workers_per_gather = '0'
 Planning:
   Buffers: shared hit=106
 Planning Time: 0.206 ms
 Execution Time: 262.320 ms
(10 rows)

