SET
SET
SET
SET
SET
                                                                 QUERY PLAN                                                                 
--------------------------------------------------------------------------------------------------------------------------------------------
 Index Scan using idx on public.t (actual rows=16384.00 loops=1)
   Output: a, b
   Index Cond: ((t.a >= '-15068'::integer) AND (t.a <= '-14557'::integer))
   Index Searches: 1
   Prefetch: distance=214.583 count=633 stalls=51 skipped=14892 resets=0 ungets=247 forwarded=108
             histogram [2,4) => 101, [4,8) => 16, [8,16) => 10, [16,32) => 6, [32,64) => 1, [64,128) => 3, [128,256) => 1, [256,512) => 495
   Buffers: shared hit=313 read=171
 Settings: enable_bitmapscan = 'off', enable_seqscan = 'off', max_parallel_workers_per_gather = '0'
 Planning:
   Buffers: shared hit=78 read=23
 Planning Time: 1.250 ms
 Execution Time: 7.917 ms
(12 rows)

SET
SET
SET
SET
SET
                                             QUERY PLAN                                             
----------------------------------------------------------------------------------------------------
 Index Scan using idx on public.t (actual rows=16384.00 loops=1)
   Output: a, b
   Index Cond: ((t.a >= '-15068'::integer) AND (t.a <= '-14557'::integer))
   Index Searches: 1
   Buffers: shared hit=487
 Settings: enable_bitmapscan = 'off', enable_seqscan = 'off', max_parallel_workers_per_gather = '0'
 Planning:
   Buffers: shared hit=106
 Planning Time: 0.173 ms
 Execution Time: 0.790 ms
(10 rows)

