SET
SET
SET
SET
SET
                                                                 QUERY PLAN                                                                 
--------------------------------------------------------------------------------------------------------------------------------------------
 Index Scan using idx on public.t (actual rows=65536.00 loops=1)
   Output: a, b
   Index Cond: ((t.a >= '-14263'::integer) AND (t.a <= '-12216'::integer))
   Index Searches: 1
   Prefetch: distance=263.662 count=3457 stalls=38 skipped=62649 resets=0 ungets=1663 forwarded=648
             histogram [2,4) => 74, [4,8) => 13, [8,16) => 10, [16,32) => 7, [32,64) => 3, [64,128) => 1, [128,256) => 2, [256,512) => 3347
   Buffers: shared hit=1231 read=674
 Settings: enable_bitmapscan = 'off', enable_seqscan = 'off', max_parallel_workers_per_gather = '0'
 Planning:
   Buffers: shared hit=78 read=23
 Planning Time: 1.358 ms
 Execution Time: 18.815 ms
(12 rows)

SET
SET
SET
SET
SET
                                             QUERY PLAN                                             
----------------------------------------------------------------------------------------------------
 Index Scan using idx on public.t (actual rows=65536.00 loops=1)
   Output: a, b
   Index Cond: ((t.a >= '-14263'::integer) AND (t.a <= '-12216'::integer))
   Index Searches: 1
   Buffers: shared hit=1926
 Settings: enable_bitmapscan = 'off', enable_seqscan = 'off', max_parallel_workers_per_gather = '0'
 Planning:
   Buffers: shared hit=106
 Planning Time: 0.132 ms
 Execution Time: 2.546 ms
(10 rows)

