SET
SET
SET
SET
SET
                                             QUERY PLAN                                             
----------------------------------------------------------------------------------------------------
 Index Scan using idx on public.t (actual rows=4096.00 loops=1)
   Output: a, b
   Index Cond: ((t.a >= '-7561'::integer) AND (t.a <= '-7434'::integer))
   Index Searches: 1
   Prefetch: distance=2.058 count=69 stalls=36 skipped=3480 resets=0 ungets=0 forwarded=1
             histogram [2,4) => 67, [4,8) => 2
   Buffers: shared hit=81 read=47
 Settings: enable_bitmapscan = 'off', enable_seqscan = 'off', max_parallel_workers_per_gather = '0'
 Planning:
   Buffers: shared hit=78 read=23
 Planning Time: 1.265 ms
 Execution Time: 3.191 ms
(12 rows)

SET
SET
SET
SET
SET
                                             QUERY PLAN                                             
----------------------------------------------------------------------------------------------------
 Index Scan using idx on public.t (actual rows=4096.00 loops=1)
   Output: a, b
   Index Cond: ((t.a >= '-7561'::integer) AND (t.a <= '-7434'::integer))
   Index Searches: 1
   Buffers: shared hit=128
 Settings: enable_bitmapscan = 'off', enable_seqscan = 'off', max_parallel_workers_per_gather = '0'
 Planning:
   Buffers: shared hit=106
 Planning Time: 0.170 ms
 Execution Time: 0.232 ms
(10 rows)

