SET
SET
SET
SET
SET
                                                               QUERY PLAN                                                                
-----------------------------------------------------------------------------------------------------------------------------------------
 Index Scan using idx on public.t (actual rows=8192.00 loops=1)
   Output: a, b
   Index Cond: ((t.a >= '-16390'::integer) AND (t.a <= '-16135'::integer))
   Index Searches: 1
   Prefetch: distance=20.757 count=177 stalls=31 skipped=7192 resets=0 ungets=7 forwarded=37
             histogram [2,4) => 111, [4,8) => 36, [8,16) => 9, [16,32) => 7, [32,64) => 1, [64,128) => 3, [128,256) => 1, [256,512) => 9
   Buffers: shared hit=144 read=88
 Settings: enable_bitmapscan = 'off', enable_seqscan = 'off', max_parallel_workers_per_gather = '0'
 Planning:
   Buffers: shared hit=78 read=23
 Planning Time: 1.283 ms
 Execution Time: 5.777 ms
(12 rows)

SET
SET
SET
SET
SET
                                             QUERY PLAN                                             
----------------------------------------------------------------------------------------------------
 Index Scan using idx on public.t (actual rows=8192.00 loops=1)
   Output: a, b
   Index Cond: ((t.a >= '-16390'::integer) AND (t.a <= '-16135'::integer))
   Index Searches: 1
   Buffers: shared hit=232
 Settings: enable_bitmapscan = 'off', enable_seqscan = 'off', max_parallel_workers_per_gather = '0'
 Planning:
   Buffers: shared hit=106
 Planning Time: 0.183 ms
 Execution Time: 0.426 ms
(10 rows)

