SET
SET
SET
SET
SET
                                                                  QUERY PLAN                                                                   
-----------------------------------------------------------------------------------------------------------------------------------------------
 Index Scan using idx on public.t (actual rows=3048576.00 loops=1)
   Output: a, b
   Index Cond: ((t.a >= '-126174'::integer) AND (t.a <= '-30907'::integer))
   Index Searches: 1
   Prefetch: distance=270.836 count=170177 stalls=281 skipped=2961570 resets=0 ungets=83931 forwarded=31947
             histogram [2,4) => 647, [4,8) => 61, [8,16) => 6, [16,32) => 10, [32,64) => 1, [64,128) => 2, [128,256) => 3, [256,512) => 169447
   Buffers: shared hit=57151 read=31218
 Settings: enable_bitmapscan = 'off', enable_seqscan = 'off', max_parallel_workers_per_gather = '0'
 Planning:
   Buffers: shared hit=78 read=23
 Planning Time: 1.802 ms
 Execution Time: 818.883 ms
(12 rows)

SET
SET
SET
SET
SET
                                             QUERY PLAN                                             
----------------------------------------------------------------------------------------------------
 Index Scan using idx on public.t (actual rows=3048576.00 loops=1)
   Output: a, b
   Index Cond: ((t.a >= '-126174'::integer) AND (t.a <= '-30907'::integer))
   Index Searches: 1
   Buffers: shared hit=89268
 Settings: enable_bitmapscan = 'off', enable_seqscan = 'off', max_parallel_workers_per_gather = '0'
 Planning:
   Buffers: shared hit=106
 Planning Time: 0.193 ms
 Execution Time: 132.322 ms
(10 rows)

