SET
SET
SET
SET
SET
                                                                  QUERY PLAN                                                                   
-----------------------------------------------------------------------------------------------------------------------------------------------
 Index Scan using idx on public.t (actual rows=6048576.00 loops=1)
   Output: a, b
   Index Cond: ((t.a >= '-205353'::integer) AND (t.a <= '-16336'::integer))
   Index Searches: 1
   Prefetch: distance=271.571 count=338893 stalls=223 skipped=5876322 resets=0 ungets=167597 forwarded=63685
             histogram [2,4) => 465, [4,8) => 42, [8,16) => 10, [16,32) => 5, [32,64) => 3, [64,128) => 1, [128,256) => 3, [256,512) => 338364
   Buffers: shared hit=113268 read=61932
 Settings: enable_bitmapscan = 'off', enable_seqscan = 'off', max_parallel_workers_per_gather = '0'
 Planning:
   Buffers: shared hit=78 read=23
 Planning Time: 1.833 ms
 Execution Time: 1601.405 ms
(12 rows)

SET
SET
SET
SET
SET
                                             QUERY PLAN                                             
----------------------------------------------------------------------------------------------------
 Index Scan using idx on public.t (actual rows=6048576.00 loops=1)
   Output: a, b
   Index Cond: ((t.a >= '-205353'::integer) AND (t.a <= '-16336'::integer))
   Index Searches: 1
   Buffers: shared hit=176941
 Settings: enable_bitmapscan = 'off', enable_seqscan = 'off', max_parallel_workers_per_gather = '0'
 Planning:
   Buffers: shared hit=106
 Planning Time: 0.210 ms
 Execution Time: 258.421 ms
(10 rows)

