SET
SET
SET
SET
SET
                                                                  QUERY PLAN                                                                  
----------------------------------------------------------------------------------------------------------------------------------------------
 Index Scan using idx on public.t (actual rows=7048576.00 loops=1)
   Output: a, b
   Index Cond: ((t.a >= '-241700'::integer) AND (t.a <= '-21433'::integer))
   Index Searches: 1
   Prefetch: distance=271.698 count=395151 stalls=200 skipped=6848519 resets=0 ungets=195517 forwarded=74322
             histogram [2,4) => 383, [4,8) => 23, [8,16) => 9, [16,32) => 8, [32,64) => 3, [64,128) => 1, [128,256) => 2, [256,512) => 394722
   Buffers: shared hit=131948 read=72173
 Settings: enable_bitmapscan = 'off', enable_seqscan = 'off', max_parallel_workers_per_gather = '0'
 Planning:
   Buffers: shared hit=78 read=23
 Planning Time: 1.834 ms
 Execution Time: 1865.560 ms
(12 rows)

SET
SET
SET
SET
SET
                                             QUERY PLAN                                             
----------------------------------------------------------------------------------------------------
 Index Scan using idx on public.t (actual rows=7048576.00 loops=1)
   Output: a, b
   Index Cond: ((t.a >= '-241700'::integer) AND (t.a <= '-21433'::integer))
   Index Searches: 1
   Buffers: shared hit=206138
 Settings: enable_bitmapscan = 'off', enable_seqscan = 'off', max_parallel_workers_per_gather = '0'
 Planning:
   Buffers: shared hit=106
 Planning Time: 0.206 ms
 Execution Time: 302.762 ms
(10 rows)

