SET
SET
SET
SET
SET
                                                                  QUERY PLAN                                                                  
----------------------------------------------------------------------------------------------------------------------------------------------
 Index Scan using idx on public.t (actual rows=5048576.00 loops=1)
   Output: a, b
   Index Cond: ((t.a >= '-189291'::integer) AND (t.a <= '-31524'::integer))
   Index Searches: 1
   Prefetch: distance=271.634 count=283209 stalls=158 skipped=4904497 resets=0 ungets=140119 forwarded=53253
             histogram [2,4) => 323, [4,8) => 29, [8,16) => 9, [16,32) => 8, [32,64) => 3, [64,128) => 1, [128,256) => 3, [256,512) => 282833
   Buffers: shared hit=94665 read=51695
 Settings: enable_bitmapscan = 'off', enable_seqscan = 'off', max_parallel_workers_per_gather = '0'
 Planning:
   Buffers: shared hit=78 read=23
 Planning Time: 1.850 ms
 Execution Time: 1337.702 ms
(12 rows)

SET
SET
SET
SET
SET
                                             QUERY PLAN                                             
----------------------------------------------------------------------------------------------------
 Index Scan using idx on public.t (actual rows=5048576.00 loops=1)
   Output: a, b
   Index Cond: ((t.a >= '-189291'::integer) AND (t.a <= '-31524'::integer))
   Index Searches: 1
   Buffers: shared hit=147783
 Settings: enable_bitmapscan = 'off', enable_seqscan = 'off', max_parallel_workers_per_gather = '0'
 Planning:
   Buffers: shared hit=106
 Planning Time: 0.203 ms
 Execution Time: 235.704 ms
(10 rows)

