SET
SET
SET
SET
SET
                                                                 QUERY PLAN                                                                  
---------------------------------------------------------------------------------------------------------------------------------------------
 Index Scan using idx on public.t (actual rows=2048576.00 loops=1)
   Output: a, b
   Index Cond: ((t.a >= '-73510'::integer) AND (t.a <= '-9493'::integer))
   Index Searches: 1
   Prefetch: distance=271.749 count=114786 stalls=31 skipped=1989759 resets=0 ungets=56799 forwarded=21573
             histogram [2,4) => 68, [4,8) => 16, [8,16) => 8, [16,32) => 7, [32,64) => 2, [64,128) => 3, [128,256) => 1, [256,512) => 114681
   Buffers: shared hit=38309 read=20979
 Settings: enable_bitmapscan = 'off', enable_seqscan = 'off', max_parallel_workers_per_gather = '0'
 Planning:
   Buffers: shared hit=78 read=23
 Planning Time: 1.803 ms
 Execution Time: 538.794 ms
(12 rows)

SET
SET
SET
SET
SET
                                             QUERY PLAN                                             
----------------------------------------------------------------------------------------------------
 Index Scan using idx on public.t (actual rows=2048576.00 loops=1)
   Output: a, b
   Index Cond: ((t.a >= '-73510'::integer) AND (t.a <= '-9493'::integer))
   Index Searches: 1
   Buffers: shared hit=59874
 Settings: enable_bitmapscan = 'off', enable_seqscan = 'off', max_parallel_workers_per_gather = '0'
 Planning:
   Buffers: shared hit=106
 Planning Time: 0.167 ms
 Execution Time: 82.507 ms
(10 rows)

