SET
SET
SET
SET
SET
                                                                 QUERY PLAN                                                                  
---------------------------------------------------------------------------------------------------------------------------------------------
 Index Scan using idx on public.t (actual rows=524288.00 loops=1)
   Output: a, b
   Index Cond: ((t.a >= '-20950'::integer) AND (t.a <= '-4567'::integer))
   Index Searches: 1
   Prefetch: distance=268.791 count=28885 stalls=74 skipped=508339 resets=0 ungets=14134 forwarded=5442
             histogram [2,4) => 250, [4,8) => 73, [8,16) => 9, [16,32) => 8, [32,64) => 2, [64,128) => 3, [128,256) => 1, [256,512) => 28539
   Buffers: shared hit=9805 read=5372
 Settings: enable_bitmapscan = 'off', enable_seqscan = 'off', max_parallel_workers_per_gather = '0'
 Planning:
   Buffers: shared hit=78 read=27
 Planning Time: 2.116 ms
 Execution Time: 141.135 ms
(12 rows)

SET
SET
SET
SET
SET
                                             QUERY PLAN                                             
----------------------------------------------------------------------------------------------------
 Index Scan using idx on public.t (actual rows=524288.00 loops=1)
   Output: a, b
   Index Cond: ((t.a >= '-20950'::integer) AND (t.a <= '-4567'::integer))
   Index Searches: 1
   Buffers: shared hit=15331
 Settings: enable_bitmapscan = 'off', enable_seqscan = 'off', max_parallel_workers_per_gather = '0'
 Planning:
   Buffers: shared hit=110
 Planning Time: 0.173 ms
 Execution Time: 23.252 ms
(10 rows)

