SET
SET
SET
SET
SET
                                                                 QUERY PLAN                                                                  
---------------------------------------------------------------------------------------------------------------------------------------------
 Index Scan using idx on public.t (actual rows=32768.00 loops=1)
   Output: a, b
   Index Cond: ((t.a >= '-11648'::integer) AND (t.a <= '-10625'::integer))
   Index Searches: 1
   Prefetch: distance=240.031 count=1524 stalls=61 skipped=31592 resets=0 ungets=664 forwarded=282
             histogram [2,4) => 134, [4,8) => 30, [8,16) => 10, [16,32) => 6, [32,64) => 1, [64,128) => 1, [128,256) => 2, [256,512) => 1340
   Buffers: shared hit=612 read=341
 Settings: enable_bitmapscan = 'off', enable_seqscan = 'off', max_parallel_workers_per_gather = '0'
 Planning:
   Buffers: shared hit=78 read=23
 Planning Time: 1.251 ms
 Execution Time: 12.147 ms
(12 rows)

SET
SET
SET
SET
SET
                                             QUERY PLAN                                             
----------------------------------------------------------------------------------------------------
 Index Scan using idx on public.t (actual rows=32768.00 loops=1)
   Output: a, b
   Index Cond: ((t.a >= '-11648'::integer) AND (t.a <= '-10625'::integer))
   Index Searches: 1
   Buffers: shared hit=963
 Settings: enable_bitmapscan = 'off', enable_seqscan = 'off', max_parallel_workers_per_gather = '0'
 Planning:
   Buffers: shared hit=106
 Planning Time: 0.182 ms
 Execution Time: 1.549 ms
(10 rows)

