SET
SET
SET
SET
SET
                                                                  QUERY PLAN                                                                   
-----------------------------------------------------------------------------------------------------------------------------------------------
 Index Scan using idx on public.t (actual rows=3048576.00 loops=1)
   Output: a, b
   Index Cond: ((t.a >= '-109812'::integer) AND (t.a <= '-14545'::integer))
   Index Searches: 1
   Prefetch: distance=271.289 count=170467 stalls=196 skipped=2961095 resets=0 ungets=84205 forwarded=32046
             histogram [2,4) => 390, [4,8) => 34, [8,16) => 10, [16,32) => 5, [32,64) => 2, [64,128) => 3, [128,256) => 1, [256,512) => 170022
   Buffers: shared hit=57114 read=31218
 Settings: enable_bitmapscan = 'off', enable_seqscan = 'off', max_parallel_workers_per_gather = '0'
 Planning:
   Buffers: shared hit=78 read=23
 Planning Time: 1.833 ms
 Execution Time: 812.527 ms
(12 rows)

SET
SET
SET
SET
SET
                                             QUERY PLAN                                             
----------------------------------------------------------------------------------------------------
 Index Scan using idx on public.t (actual rows=3048576.00 loops=1)
   Output: a, b
   Index Cond: ((t.a >= '-109812'::integer) AND (t.a <= '-14545'::integer))
   Index Searches: 1
   Buffers: shared hit=89214
 Settings: enable_bitmapscan = 'off', enable_seqscan = 'off', max_parallel_workers_per_gather = '0'
 Planning:
   Buffers: shared hit=106
 Planning Time: 0.171 ms
 Execution Time: 134.482 ms
(10 rows)

