SET
SET
SET
SET
SET
                                                                  QUERY PLAN                                                                  
----------------------------------------------------------------------------------------------------------------------------------------------
 Index Scan using idx on public.t (actual rows=1048576.00 loops=1)
   Output: a, b
   Index Cond: ((t.a >= '-44397'::integer) AND (t.a <= '-11630'::integer))
   Index Searches: 1
   Prefetch: distance=269.467 count=57843 stalls=250 skipped=1017815 resets=0 ungets=28383 forwarded=10828
             histogram [2,4) => 483, [4,8) => 40, [8,16) => 10, [16,32) => 6, [32,64) => 1, [64,128) => 2, [128,256) => 3, [256,512) => 57298
   Buffers: shared hit=19656 read=10741
 Settings: enable_bitmapscan = 'off', enable_seqscan = 'off', max_parallel_workers_per_gather = '0'
 Planning:
   Buffers: shared hit=78 read=23
 Planning Time: 1.811 ms
 Execution Time: 285.436 ms
(12 rows)

SET
SET
SET
SET
SET
                                             QUERY PLAN                                             
----------------------------------------------------------------------------------------------------
 Index Scan using idx on public.t (actual rows=1048576.00 loops=1)
   Output: a, b
   Index Cond: ((t.a >= '-44397'::integer) AND (t.a <= '-11630'::integer))
   Index Searches: 1
   Buffers: shared hit=30682
 Settings: enable_bitmapscan = 'off', enable_seqscan = 'off', max_parallel_workers_per_gather = '0'
 Planning:
   Buffers: shared hit=106
 Planning Time: 0.194 ms
 Execution Time: 46.220 ms
(10 rows)

