SET
SET
SET
SET
SET
                                                                  QUERY PLAN                                                                   
-----------------------------------------------------------------------------------------------------------------------------------------------
 Index Scan using idx on public.t (actual rows=5048576.00 loops=1)
   Output: a, b
   Index Cond: ((t.a >= '-170638'::integer) AND (t.a <= '-12871'::integer))
   Index Searches: 1
   Prefetch: distance=271.666 count=283276 stalls=146 skipped=4904374 resets=0 ungets=140115 forwarded=53271
             histogram [2,4) => 299, [4,8) => 22, [8,16) => 10, [16,32) => 6, [32,64) => 1, [64,128) => 2, [128,256) => 3, [256,512) => 282933
   Buffers: shared hit=94669 read=51694
 Settings: enable_bitmapscan = 'off', enable_seqscan = 'off', max_parallel_workers_per_gather = '0'
 Planning:
   Buffers: shared hit=78 read=23
 Planning Time: 1.813 ms
 Execution Time: 1337.068 ms
(12 rows)

SET
SET
SET
SET
SET
                                             QUERY PLAN                                             
----------------------------------------------------------------------------------------------------
 Index Scan using idx on public.t (actual rows=5048576.00 loops=1)
   Output: a, b
   Index Cond: ((t.a >= '-170638'::integer) AND (t.a <= '-12871'::integer))
   Index Searches: 1
   Buffers: shared hit=147842
 Settings: enable_bitmapscan = 'off', enable_seqscan = 'off', max_parallel_workers_per_gather = '0'
 Planning:
   Buffers: shared hit=106
 Planning Time: 0.192 ms
 Execution Time: 218.636 ms
(10 rows)

