SET
SET
SET
SET
SET
                                                                 QUERY PLAN                                                                  
---------------------------------------------------------------------------------------------------------------------------------------------
 Index Scan using idx on public.t (actual rows=65536.00 loops=1)
   Output: a, b
   Index Cond: ((t.a >= '-31477'::integer) AND (t.a <= '-29430'::integer))
   Index Searches: 1
   Prefetch: distance=191.773 count=2387 stalls=286 skipped=62763 resets=0 ungets=827 forwarded=372
             histogram [2,4) => 633, [4,8) => 59, [8,16) => 10, [16,32) => 5, [32,64) => 3, [64,128) => 1, [128,256) => 4, [256,512) => 1672
   Buffers: shared hit=1246 read=675
 Settings: enable_bitmapscan = 'off', enable_seqscan = 'off', max_parallel_workers_per_gather = '0'
 Planning:
   Buffers: shared hit=78 read=23
 Planning Time: 1.368 ms
 Execution Time: 32.655 ms
(12 rows)

SET
SET
SET
SET
SET
                                             QUERY PLAN                                             
----------------------------------------------------------------------------------------------------
 Index Scan using idx on public.t (actual rows=65536.00 loops=1)
   Output: a, b
   Index Cond: ((t.a >= '-31477'::integer) AND (t.a <= '-29430'::integer))
   Index Searches: 1
   Buffers: shared hit=1931
 Settings: enable_bitmapscan = 'off', enable_seqscan = 'off', max_parallel_workers_per_gather = '0'
 Planning:
   Buffers: shared hit=106
 Planning Time: 0.164 ms
 Execution Time: 2.968 ms
(10 rows)

