SET
SET
SET
SET
SET
                                                                  QUERY PLAN                                                                   
-----------------------------------------------------------------------------------------------------------------------------------------------
 Index Scan using idx on public.t (actual rows=4048576.00 loops=1)
   Output: a, b
   Index Cond: ((t.a >= '-153561'::integer) AND (t.a <= '-27044'::integer))
   Index Searches: 1
   Prefetch: distance=271.321 count=226628 stalls=239 skipped=3932642 resets=0 ungets=111956 forwarded=42617
             histogram [2,4) => 508, [4,8) => 35, [8,16) => 10, [16,32) => 5, [32,64) => 3, [64,128) => 1, [128,256) => 2, [256,512) => 226064
   Buffers: shared hit=75920 read=41455
 Settings: enable_bitmapscan = 'off', enable_seqscan = 'off', max_parallel_workers_per_gather = '0'
 Planning:
   Buffers: shared hit=78 read=23
 Planning Time: 1.785 ms
 Execution Time: 1077.734 ms
(12 rows)

SET
SET
SET
SET
SET
                                             QUERY PLAN                                             
----------------------------------------------------------------------------------------------------
 Index Scan using idx on public.t (actual rows=4048576.00 loops=1)
   Output: a, b
   Index Cond: ((t.a >= '-153561'::integer) AND (t.a <= '-27044'::integer))
   Index Searches: 1
   Buffers: shared hit=118557
 Settings: enable_bitmapscan = 'off', enable_seqscan = 'off', max_parallel_workers_per_gather = '0'
 Planning:
   Buffers: shared hit=106
 Planning Time: 0.194 ms
 Execution Time: 172.815 ms
(10 rows)

