SET
SET
SET
SET
SET
                                                                 QUERY PLAN                                                                  
---------------------------------------------------------------------------------------------------------------------------------------------
 Index Scan using idx on public.t (actual rows=131072.00 loops=1)
   Output: a, b
   Index Cond: ((t.a >= '-24085'::integer) AND (t.a <= '-19990'::integer))
   Index Searches: 1
   Prefetch: distance=256.007 count=6658 stalls=143 skipped=126705 resets=0 ungets=3105 forwarded=1210
             histogram [2,4) => 324, [4,8) => 52, [8,16) => 11, [16,32) => 6, [32,64) => 1, [64,128) => 3, [128,256) => 1, [256,512) => 6260
   Buffers: shared hit=2458 read=1345
 Settings: enable_bitmapscan = 'off', enable_seqscan = 'off', max_parallel_workers_per_gather = '0'
 Planning:
   Buffers: shared hit=78 read=23
 Planning Time: 1.650 ms
 Execution Time: 43.564 ms
(12 rows)

SET
SET
SET
SET
SET
                                             QUERY PLAN                                             
----------------------------------------------------------------------------------------------------
 Index Scan using idx on public.t (actual rows=131072.00 loops=1)
   Output: a, b
   Index Cond: ((t.a >= '-24085'::integer) AND (t.a <= '-19990'::integer))
   Index Searches: 1
   Buffers: shared hit=3835
 Settings: enable_bitmapscan = 'off', enable_seqscan = 'off', max_parallel_workers_per_gather = '0'
 Planning:
   Buffers: shared hit=106
 Planning Time: 0.161 ms
 Execution Time: 5.267 ms
(10 rows)

