SET
SET
SET
SET
SET
                                                                  QUERY PLAN                                                                  
----------------------------------------------------------------------------------------------------------------------------------------------
 Index Scan using idx on public.t (actual rows=7048576.00 loops=1)
   Output: a, b
   Index Cond: ((t.a >= '-223418'::integer) AND (t.a <= '-3151'::integer))
   Index Searches: 1
   Prefetch: distance=271.752 count=395256 stalls=148 skipped=6847879 resets=0 ungets=195602 forwarded=74341
             histogram [2,4) => 310, [4,8) => 18, [8,16) => 8, [16,32) => 9, [32,64) => 1, [64,128) => 2, [128,256) => 3, [256,512) => 394905
   Buffers: shared hit=131936 read=72172
 Settings: enable_bitmapscan = 'off', enable_seqscan = 'off', max_parallel_workers_per_gather = '0'
 Planning:
   Buffers: shared hit=78 read=27
 Planning Time: 2.095 ms
 Execution Time: 1859.641 ms
(12 rows)

SET
SET
SET
SET
SET
                                             QUERY PLAN                                             
----------------------------------------------------------------------------------------------------
 Index Scan using idx on public.t (actual rows=7048576.00 loops=1)
   Output: a, b
   Index Cond: ((t.a >= '-223418'::integer) AND (t.a <= '-3151'::integer))
   Index Searches: 1
   Buffers: shared hit=206124
 Settings: enable_bitmapscan = 'off', enable_seqscan = 'off', max_parallel_workers_per_gather = '0'
 Planning:
   Buffers: shared hit=110
 Planning Time: 0.231 ms
 Execution Time: 321.209 ms
(10 rows)

