SET
SET
SET
SET
SET
                                             QUERY PLAN                                             
----------------------------------------------------------------------------------------------------
 Index Scan using idx on public.t (actual rows=2048.00 loops=1)
   Output: a, b
   Index Cond: ((t.a >= '-6907'::integer) AND (t.a <= '-6844'::integer))
   Index Searches: 1
   Prefetch: distance=2.000 count=24 stalls=15 skipped=1114 resets=0 ungets=0 forwarded=0
             histogram [2,4) => 24
   Buffers: shared hit=46 read=26
 Settings: enable_bitmapscan = 'off', enable_seqscan = 'off', max_parallel_workers_per_gather = '0'
 Planning:
   Buffers: shared hit=78 read=23
 Planning Time: 1.218 ms
 Execution Time: 2.058 ms
(12 rows)

SET
SET
SET
SET
SET
                                             QUERY PLAN                                             
----------------------------------------------------------------------------------------------------
 Index Scan using idx on public.t (actual rows=2048.00 loops=1)
   Output: a, b
   Index Cond: ((t.a >= '-6907'::integer) AND (t.a <= '-6844'::integer))
   Index Searches: 1
   Buffers: shared hit=72
 Settings: enable_bitmapscan = 'off', enable_seqscan = 'off', max_parallel_workers_per_gather = '0'
 Planning:
   Buffers: shared hit=106
 Planning Time: 0.111 ms
 Execution Time: 0.099 ms
(10 rows)

