SET
SET
SET
SET
SET
                                                                QUERY PLAN                                                                 
-------------------------------------------------------------------------------------------------------------------------------------------
 Index Scan using idx on public.t (actual rows=8192.00 loops=1)
   Output: a, b
   Index Cond: ((t.a >= '-15498'::integer) AND (t.a <= '-15243'::integer))
   Index Searches: 1
   Prefetch: distance=165.579 count=285 stalls=26 skipped=7681 resets=0 ungets=87 forwarded=57
             histogram [2,4) => 74, [4,8) => 21, [8,16) => 10, [16,32) => 5, [32,64) => 2, [64,128) => 2, [128,256) => 4, [256,512) => 167
   Buffers: shared hit=155 read=88
 Settings: enable_bitmapscan = 'off', enable_seqscan = 'off', max_parallel_workers_per_gather = '0'
 Planning:
   Buffers: shared hit=78 read=23
 Planning Time: 1.253 ms
 Execution Time: 4.430 ms
(12 rows)

SET
SET
SET
SET
SET
                                             QUERY PLAN                                             
----------------------------------------------------------------------------------------------------
 Index Scan using idx on public.t (actual rows=8192.00 loops=1)
   Output: a, b
   Index Cond: ((t.a >= '-15498'::integer) AND (t.a <= '-15243'::integer))
   Index Searches: 1
   Buffers: shared hit=243
 Settings: enable_bitmapscan = 'off', enable_seqscan = 'off', max_parallel_workers_per_gather = '0'
 Planning:
   Buffers: shared hit=106
 Planning Time: 0.168 ms
 Execution Time: 0.425 ms
(10 rows)

