SET
SET
SET
SET
SET
                                                                QUERY PLAN                                                                 
-------------------------------------------------------------------------------------------------------------------------------------------
 Index Scan using idx on public.t (actual rows=65536.00 loops=1)
   Output: a, b
   Index Cond: ((t.a >= '-13252'::integer) AND (t.a <= '-11205'::integer))
   Index Searches: 1
   Prefetch: distance=262.272 count=3469 stalls=25 skipped=63625 resets=0 ungets=1655 forwarded=654
             histogram [2,4) => 82, [4,8) => 22, [8,16) => 9, [16,32) => 9, [32,64) => 2, [64,128) => 3, [128,256) => 1, [256,512) => 3341
   Buffers: shared hit=1207 read=676
 Settings: enable_bitmapscan = 'off', enable_seqscan = 'off', max_parallel_workers_per_gather = '0'
 Planning:
   Buffers: shared hit=78 read=23
 Planning Time: 1.608 ms
 Execution Time: 19.658 ms
(12 rows)

SET
SET
SET
SET
SET
                                             QUERY PLAN                                             
----------------------------------------------------------------------------------------------------
 Index Scan using idx on public.t (actual rows=65536.00 loops=1)
   Output: a, b
   Index Cond: ((t.a >= '-13252'::integer) AND (t.a <= '-11205'::integer))
   Index Searches: 1
   Buffers: shared hit=1904
 Settings: enable_bitmapscan = 'off', enable_seqscan = 'off', max_parallel_workers_per_gather = '0'
 Planning:
   Buffers: shared hit=106
 Planning Time: 0.166 ms
 Execution Time: 2.687 ms
(10 rows)

