SET
SET
SET
SET
SET
                                                                 QUERY PLAN                                                                  
---------------------------------------------------------------------------------------------------------------------------------------------
 Index Scan using idx on public.t (actual rows=1048576.00 loops=1)
   Output: a, b
   Index Cond: ((t.a >= '-49961'::integer) AND (t.a <= '-17194'::integer))
   Index Searches: 1
   Prefetch: distance=270.677 count=58438 stalls=108 skipped=1017818 resets=0 ungets=28779 forwarded=10985
             histogram [2,4) => 236, [4,8) => 28, [8,16) => 9, [16,32) => 9, [32,64) => 1, [64,128) => 2, [128,256) => 3, [256,512) => 58150
   Buffers: shared hit=19694 read=10740
 Settings: enable_bitmapscan = 'off', enable_seqscan = 'off', max_parallel_workers_per_gather = '0'
 Planning:
   Buffers: shared hit=78 read=23
 Planning Time: 1.798 ms
 Execution Time: 281.934 ms
(12 rows)

SET
SET
SET
SET
SET
                                             QUERY PLAN                                             
----------------------------------------------------------------------------------------------------
 Index Scan using idx on public.t (actual rows=1048576.00 loops=1)
   Output: a, b
   Index Cond: ((t.a >= '-49961'::integer) AND (t.a <= '-17194'::integer))
   Index Searches: 1
   Buffers: shared hit=30737
 Settings: enable_bitmapscan = 'off', enable_seqscan = 'off', max_parallel_workers_per_gather = '0'
 Planning:
   Buffers: shared hit=106
 Planning Time: 0.174 ms
 Execution Time: 45.254 ms
(10 rows)

