SET
SET
SET
SET
SET
                                                                 QUERY PLAN                                                                 
--------------------------------------------------------------------------------------------------------------------------------------------
 Index Scan using idx on public.t (actual rows=32768.00 loops=1)
   Output: a, b
   Index Cond: ((t.a >= '-24081'::integer) AND (t.a <= '-23058'::integer))
   Index Searches: 1
   Prefetch: distance=179.777 count=1154 stalls=143 skipped=31306 resets=0 ungets=378 forwarded=184
             histogram [2,4) => 324, [4,8) => 52, [8,16) => 11, [16,32) => 6, [32,64) => 1, [64,128) => 3, [128,256) => 1, [256,512) => 756
   Buffers: shared hit=623 read=340
 Settings: enable_bitmapscan = 'off', enable_seqscan = 'off', max_parallel_workers_per_gather = '0'
 Planning:
   Buffers: shared hit=78 read=23
 Planning Time: 1.231 ms
 Execution Time: 16.417 ms
(12 rows)

SET
SET
SET
SET
SET
                                             QUERY PLAN                                             
----------------------------------------------------------------------------------------------------
 Index Scan using idx on public.t (actual rows=32768.00 loops=1)
   Output: a, b
   Index Cond: ((t.a >= '-24081'::integer) AND (t.a <= '-23058'::integer))
   Index Searches: 1
   Buffers: shared hit=967
 Settings: enable_bitmapscan = 'off', enable_seqscan = 'off', max_parallel_workers_per_gather = '0'
 Planning:
   Buffers: shared hit=106
 Planning Time: 0.183 ms
 Execution Time: 1.541 ms
(10 rows)

