SET
SET
SET
SET
SET
                                                                  QUERY PLAN                                                                  
----------------------------------------------------------------------------------------------------------------------------------------------
 Index Scan using idx on public.t (actual rows=4048576.00 loops=1)
   Output: a, b
   Index Cond: ((t.a >= '-144143'::integer) AND (t.a <= '-17626'::integer))
   Index Searches: 1
   Prefetch: distance=271.883 count=227656 stalls=32 skipped=3932703 resets=0 ungets=112710 forwarded=42891
             histogram [2,4) => 60, [4,8) => 11, [8,16) => 10, [16,32) => 5, [32,64) => 2, [64,128) => 3, [128,256) => 1, [256,512) => 227564
   Buffers: shared hit=75972 read=41455
 Settings: enable_bitmapscan = 'off', enable_seqscan = 'off', max_parallel_workers_per_gather = '0'
 Planning:
   Buffers: shared hit=78 read=23
 Planning Time: 1.804 ms
 Execution Time: 1069.683 ms
(12 rows)

SET
SET
SET
SET
SET
                                             QUERY PLAN                                             
----------------------------------------------------------------------------------------------------
 Index Scan using idx on public.t (actual rows=4048576.00 loops=1)
   Output: a, b
   Index Cond: ((t.a >= '-144143'::integer) AND (t.a <= '-17626'::integer))
   Index Searches: 1
   Buffers: shared hit=118619
 Settings: enable_bitmapscan = 'off', enable_seqscan = 'off', max_parallel_workers_per_gather = '0'
 Planning:
   Buffers: shared hit=106
 Planning Time: 0.208 ms
 Execution Time: 174.391 ms
(10 rows)

