SET
SET
SET
SET
SET
                                                                QUERY PLAN                                                                 
-------------------------------------------------------------------------------------------------------------------------------------------
 Index Scan using idx on public.t (actual rows=16384.00 loops=1)
   Output: a, b
   Index Cond: ((t.a >= '-11129'::integer) AND (t.a <= '-10618'::integer))
   Index Searches: 1
   Prefetch: distance=196.658 count=594 stalls=61 skipped=15494 resets=0 ungets=212 forwarded=96
             histogram [2,4) => 134, [4,8) => 14, [8,16) => 9, [16,32) => 6, [32,64) => 3, [64,128) => 1, [128,256) => 2, [256,512) => 425
   Buffers: shared hit=298 read=173
 Settings: enable_bitmapscan = 'off', enable_seqscan = 'off', max_parallel_workers_per_gather = '0'
 Planning:
   Buffers: shared hit=78 read=23
 Planning Time: 1.235 ms
 Execution Time: 7.550 ms
(12 rows)

SET
SET
SET
SET
SET
                                             QUERY PLAN                                             
----------------------------------------------------------------------------------------------------
 Index Scan using idx on public.t (actual rows=16384.00 loops=1)
   Output: a, b
   Index Cond: ((t.a >= '-11129'::integer) AND (t.a <= '-10618'::integer))
   Index Searches: 1
   Buffers: shared hit=476
 Settings: enable_bitmapscan = 'off', enable_seqscan = 'off', max_parallel_workers_per_gather = '0'
 Planning:
   Buffers: shared hit=106
 Planning Time: 0.223 ms
 Execution Time: 0.883 ms
(10 rows)

