SET
SET
SET
SET
SET
                                                                  QUERY PLAN                                                                   
-----------------------------------------------------------------------------------------------------------------------------------------------
 Index Scan using idx on public.t (actual rows=2048576.00 loops=1)
   Output: a, b
   Index Cond: ((t.a >= '-83690'::integer) AND (t.a <= '-19673'::integer))
   Index Searches: 1
   Prefetch: distance=270.523 count=113728 stalls=295 skipped=1989939 resets=0 ungets=56025 forwarded=21282
             histogram [2,4) => 577, [4,8) => 23, [8,16) => 10, [16,32) => 6, [32,64) => 1, [64,128) => 2, [128,256) => 3, [256,512) => 113106
   Buffers: shared hit=38315 read=20979
 Settings: enable_bitmapscan = 'off', enable_seqscan = 'off', max_parallel_workers_per_gather = '0'
 Planning:
   Buffers: shared hit=78 read=23
 Planning Time: 1.806 ms
 Execution Time: 552.958 ms
(12 rows)

SET
SET
SET
SET
SET
                                             QUERY PLAN                                             
----------------------------------------------------------------------------------------------------
 Index Scan using idx on public.t (actual rows=2048576.00 loops=1)
   Output: a, b
   Index Cond: ((t.a >= '-83690'::integer) AND (t.a <= '-19673'::integer))
   Index Searches: 1
   Buffers: shared hit=59852
 Settings: enable_bitmapscan = 'off', enable_seqscan = 'off', max_parallel_workers_per_gather = '0'
 Planning:
   Buffers: shared hit=106
 Planning Time: 0.195 ms
 Execution Time: 89.580 ms
(10 rows)

