SET
SET
SET
SET
SET
                                                                  QUERY PLAN                                                                   
-----------------------------------------------------------------------------------------------------------------------------------------------
 Index Scan using idx on public.t (actual rows=8048576.00 loops=1)
   Output: a, b
   Index Cond: ((t.a >= '-271590'::integer) AND (t.a <= '-20073'::integer))
   Index Searches: 1
   Prefetch: distance=271.677 count=451379 stalls=219 skipped=7820082 resets=0 ungets=223295 forwarded=84862
             histogram [2,4) => 463, [4,8) => 40, [8,16) => 10, [16,32) => 6, [32,64) => 1, [64,128) => 3, [128,256) => 1, [256,512) => 450855
   Buffers: shared hit=150744 read=82412
 Settings: enable_bitmapscan = 'off', enable_seqscan = 'off', max_parallel_workers_per_gather = '0'
 Planning:
   Buffers: shared hit=78 read=23
 Planning Time: 1.837 ms
 Execution Time: 2126.967 ms
(12 rows)

SET
SET
SET
SET
SET
                                             QUERY PLAN                                             
----------------------------------------------------------------------------------------------------
 Index Scan using idx on public.t (actual rows=8048576.00 loops=1)
   Output: a, b
   Index Cond: ((t.a >= '-271590'::integer) AND (t.a <= '-20073'::integer))
   Index Searches: 1
   Buffers: shared hit=235500
 Settings: enable_bitmapscan = 'off', enable_seqscan = 'off', max_parallel_workers_per_gather = '0'
 Planning:
   Buffers: shared hit=106
 Planning Time: 0.205 ms
 Execution Time: 350.168 ms
(10 rows)

