SET
SET
SET
SET
SET
                                                                  QUERY PLAN                                                                  
----------------------------------------------------------------------------------------------------------------------------------------------
 Index Scan using idx on public.t (actual rows=9048576.00 loops=1)
   Output: a, b
   Index Cond: ((t.a >= '-299718'::integer) AND (t.a <= '-16951'::integer))
   Index Searches: 1
   Prefetch: distance=271.932 count=508352 stalls=30 skipped=8791005 resets=0 ungets=251706 forwarded=95645
             histogram [2,4) => 68, [4,8) => 19, [8,16) => 10, [16,32) => 8, [32,64) => 1, [64,128) => 2, [128,256) => 3, [256,512) => 508241
   Buffers: shared hit=169501 read=92649
 Settings: enable_bitmapscan = 'off', enable_seqscan = 'off', max_parallel_workers_per_gather = '0'
 Planning:
   Buffers: shared hit=78 read=23
 Planning Time: 1.877 ms
 Execution Time: 2385.395 ms
(12 rows)

SET
SET
SET
SET
SET
                                             QUERY PLAN                                             
----------------------------------------------------------------------------------------------------
 Index Scan using idx on public.t (actual rows=9048576.00 loops=1)
   Output: a, b
   Index Cond: ((t.a >= '-299718'::integer) AND (t.a <= '-16951'::integer))
   Index Searches: 1
   Buffers: shared hit=264786
 Settings: enable_bitmapscan = 'off', enable_seqscan = 'off', max_parallel_workers_per_gather = '0'
 Planning:
   Buffers: shared hit=106
 Planning Time: 0.209 ms
 Execution Time: 390.148 ms
(10 rows)

