SET
SET
SET
SET
SET
                                                                  QUERY PLAN                                                                  
----------------------------------------------------------------------------------------------------------------------------------------------
 Index Scan using idx on public.t (actual rows=7048576.00 loops=1)
   Output: a, b
   Index Cond: ((t.a >= '-239333'::integer) AND (t.a <= '-19066'::integer))
   Index Searches: 1
   Prefetch: distance=271.420 count=394365 stalls=377 skipped=6848138 resets=0 ungets=194928 forwarded=74117
             histogram [2,4) => 744, [4,8) => 67, [8,16) => 8, [16,32) => 9, [32,64) => 1, [64,128) => 2, [128,256) => 3, [256,512) => 393531
   Buffers: shared hit=131975 read=72172
 Settings: enable_bitmapscan = 'off', enable_seqscan = 'off', max_parallel_workers_per_gather = '0'
 Planning:
   Buffers: shared hit=78 read=23
 Planning Time: 1.803 ms
 Execution Time: 1872.757 ms
(12 rows)

SET
SET
SET
SET
SET
                                             QUERY PLAN                                             
----------------------------------------------------------------------------------------------------
 Index Scan using idx on public.t (actual rows=7048576.00 loops=1)
   Output: a, b
   Index Cond: ((t.a >= '-239333'::integer) AND (t.a <= '-19066'::integer))
   Index Searches: 1
   Buffers: shared hit=206128
 Settings: enable_bitmapscan = 'off', enable_seqscan = 'off', max_parallel_workers_per_gather = '0'
 Planning:
   Buffers: shared hit=106
 Planning Time: 0.205 ms
 Execution Time: 288.740 ms
(10 rows)

