SET
SET
SET
SET
SET
                                                                  QUERY PLAN                                                                  
----------------------------------------------------------------------------------------------------------------------------------------------
 Index Scan using idx on public.t (actual rows=6048576.00 loops=1)
   Output: a, b
   Index Cond: ((t.a >= '-219771'::integer) AND (t.a <= '-30754'::integer))
   Index Searches: 1
   Prefetch: distance=271.917 count=339793 stalls=31 skipped=5876394 resets=0 ungets=168313 forwarded=63915
             histogram [2,4) => 52, [4,8) => 21, [8,16) => 10, [16,32) => 6, [32,64) => 1, [64,128) => 3, [128,256) => 1, [256,512) => 339699
   Buffers: shared hit=113315 read=61932
 Settings: enable_bitmapscan = 'off', enable_seqscan = 'off', max_parallel_workers_per_gather = '0'
 Planning:
   Buffers: shared hit=78 read=23
 Planning Time: 1.890 ms
 Execution Time: 1595.555 ms
(12 rows)

SET
SET
SET
SET
SET
                                             QUERY PLAN                                             
----------------------------------------------------------------------------------------------------
 Index Scan using idx on public.t (actual rows=6048576.00 loops=1)
   Output: a, b
   Index Cond: ((t.a >= '-219771'::integer) AND (t.a <= '-30754'::integer))
   Index Searches: 1
   Buffers: shared hit=176935
 Settings: enable_bitmapscan = 'off', enable_seqscan = 'off', max_parallel_workers_per_gather = '0'
 Planning:
   Buffers: shared hit=106
 Planning Time: 0.203 ms
 Execution Time: 262.114 ms
(10 rows)

