SET
SET
SET
SET
SET
                                                                 QUERY PLAN                                                                  
---------------------------------------------------------------------------------------------------------------------------------------------
 Index Scan using idx on public.t (actual rows=65536.00 loops=1)
   Output: a, b
   Index Cond: ((t.a >= '-18373'::integer) AND (t.a <= '-16326'::integer))
   Index Searches: 1
   Prefetch: distance=259.802 count=3377 stalls=52 skipped=63272 resets=0 ungets=1597 forwarded=626
             histogram [2,4) => 108, [4,8) => 28, [8,16) => 10, [16,32) => 4, [32,64) => 2, [64,128) => 3, [128,256) => 1, [256,512) => 3221
   Buffers: shared hit=1213 read=675
 Settings: enable_bitmapscan = 'off', enable_seqscan = 'off', max_parallel_workers_per_gather = '0'
 Planning:
   Buffers: shared hit=78 read=23
 Planning Time: 1.419 ms
 Execution Time: 19.990 ms
(12 rows)

SET
SET
SET
SET
SET
                                             QUERY PLAN                                             
----------------------------------------------------------------------------------------------------
 Index Scan using idx on public.t (actual rows=65536.00 loops=1)
   Output: a, b
   Index Cond: ((t.a >= '-18373'::integer) AND (t.a <= '-16326'::integer))
   Index Searches: 1
   Buffers: shared hit=1907
 Settings: enable_bitmapscan = 'off', enable_seqscan = 'off', max_parallel_workers_per_gather = '0'
 Planning:
   Buffers: shared hit=106
 Planning Time: 0.129 ms
 Execution Time: 2.381 ms
(10 rows)

