SET
SET
SET
SET
SET
                                                                 QUERY PLAN                                                                  
---------------------------------------------------------------------------------------------------------------------------------------------
 Index Scan using idx on public.t (actual rows=32768.00 loops=1)
   Output: a, b
   Index Cond: ((t.a >= '-30821'::integer) AND (t.a <= '-29798'::integer))
   Index Searches: 1
   Prefetch: distance=209.824 count=1314 stalls=124 skipped=31768 resets=0 ungets=501 forwarded=215
             histogram [2,4) => 262, [4,8) => 23, [8,16) => 10, [16,32) => 5, [32,64) => 3, [64,128) => 1, [128,256) => 4, [256,512) => 1006
   Buffers: shared hit=628 read=341
 Settings: enable_bitmapscan = 'off', enable_seqscan = 'off', max_parallel_workers_per_gather = '0'
 Planning:
   Buffers: shared hit=78 read=23
 Planning Time: 1.228 ms
 Execution Time: 15.133 ms
(12 rows)

SET
SET
SET
SET
SET
                                             QUERY PLAN                                             
----------------------------------------------------------------------------------------------------
 Index Scan using idx on public.t (actual rows=32768.00 loops=1)
   Output: a, b
   Index Cond: ((t.a >= '-30821'::integer) AND (t.a <= '-29798'::integer))
   Index Searches: 1
   Buffers: shared hit=974
 Settings: enable_bitmapscan = 'off', enable_seqscan = 'off', max_parallel_workers_per_gather = '0'
 Planning:
   Buffers: shared hit=106
 Planning Time: 0.180 ms
 Execution Time: 1.536 ms
(10 rows)

