SET
SET
SET
SET
SET
                                             QUERY PLAN                                             
----------------------------------------------------------------------------------------------------
 Index Scan using idx on public.t (actual rows=16384.00 loops=1)
   Output: a, b
   Index Cond: ((t.a >= '-21020'::integer) AND (t.a <= '-20509'::integer))
   Index Searches: 1
   Prefetch: distance=2.588 count=335 stalls=93 skipped=14837 resets=0 ungets=0 forwarded=50
             histogram [2,4) => 277, [4,8) => 58
   Buffers: shared hit=309 read=171
 Settings: enable_bitmapscan = 'off', enable_seqscan = 'off', max_parallel_workers_per_gather = '0'
 Planning:
   Buffers: shared hit=78 read=23
 Planning Time: 1.481 ms
 Execution Time: 12.059 ms
(12 rows)

SET
SET
SET
SET
SET
                                             QUERY PLAN                                             
----------------------------------------------------------------------------------------------------
 Index Scan using idx on public.t (actual rows=16384.00 loops=1)
   Output: a, b
   Index Cond: ((t.a >= '-21020'::integer) AND (t.a <= '-20509'::integer))
   Index Searches: 1
   Buffers: shared hit=480
 Settings: enable_bitmapscan = 'off', enable_seqscan = 'off', max_parallel_workers_per_gather = '0'
 Planning:
   Buffers: shared hit=106
 Planning Time: 0.180 ms
 Execution Time: 0.865 ms
(10 rows)

