SET
SET
SET
SET
SET
                                                                  QUERY PLAN                                                                  
----------------------------------------------------------------------------------------------------------------------------------------------
 Index Scan using idx on public.t (actual rows=262144.00 loops=1)
   Output: a, b
   Index Cond: ((t.a >= '-33917'::integer) AND (t.a <= '-25726'::integer))
   Index Searches: 1
   Prefetch: distance=267.682 count=14269 stalls=100 skipped=254179 resets=0 ungets=6947 forwarded=2678
             histogram [2,4) => 190, [4,8) => 20, [8,16) => 10, [16,32) => 6, [32,64) => 1, [64,128) => 3, [128,256) => 1, [256,512) => 14038
   Buffers: shared hit=4920 read=2688
 Settings: enable_bitmapscan = 'off', enable_seqscan = 'off', max_parallel_workers_per_gather = '0'
 Planning:
   Buffers: shared hit=78 read=23
 Planning Time: 1.936 ms
 Execution Time: 76.091 ms
(12 rows)

SET
SET
SET
SET
SET
                                             QUERY PLAN                                             
----------------------------------------------------------------------------------------------------
 Index Scan using idx on public.t (actual rows=262144.00 loops=1)
   Output: a, b
   Index Cond: ((t.a >= '-33917'::integer) AND (t.a <= '-25726'::integer))
   Index Searches: 1
   Buffers: shared hit=7676
 Settings: enable_bitmapscan = 'off', enable_seqscan = 'off', max_parallel_workers_per_gather = '0'
 Planning:
   Buffers: shared hit=106
 Planning Time: 0.204 ms
 Execution Time: 11.178 ms
(10 rows)

