SET
SET
SET
SET
SET
                                                                  QUERY PLAN                                                                  
----------------------------------------------------------------------------------------------------------------------------------------------
 Index Scan using idx on public.t (actual rows=524288.00 loops=1)
   Output: a, b
   Index Cond: ((t.a >= '-40995'::integer) AND (t.a <= '-24612'::integer))
   Index Searches: 1
   Prefetch: distance=269.107 count=28873 stalls=125 skipped=508629 resets=0 ungets=14138 forwarded=5431
             histogram [2,4) => 257, [4,8) => 33, [8,16) => 11, [16,32) => 5, [32,64) => 3, [64,128) => 1, [128,256) => 2, [256,512) => 28561
   Buffers: shared hit=9840 read=5372
 Settings: enable_bitmapscan = 'off', enable_seqscan = 'off', max_parallel_workers_per_gather = '0'
 Planning:
   Buffers: shared hit=78 read=23
 Planning Time: 1.817 ms
 Execution Time: 145.571 ms
(12 rows)

SET
SET
SET
SET
SET
                                             QUERY PLAN                                             
----------------------------------------------------------------------------------------------------
 Index Scan using idx on public.t (actual rows=524288.00 loops=1)
   Output: a, b
   Index Cond: ((t.a >= '-40995'::integer) AND (t.a <= '-24612'::integer))
   Index Searches: 1
   Buffers: shared hit=15353
 Settings: enable_bitmapscan = 'off', enable_seqscan = 'off', max_parallel_workers_per_gather = '0'
 Planning:
   Buffers: shared hit=106
 Planning Time: 0.234 ms
 Execution Time: 22.342 ms
(10 rows)

