SET
SET
SET
SET
SET
                                                                  QUERY PLAN                                                                  
----------------------------------------------------------------------------------------------------------------------------------------------
 Index Scan using idx on public.t (actual rows=5048576.00 loops=1)
   Output: a, b
   Index Cond: ((t.a >= '-171359'::integer) AND (t.a <= '-13592'::integer))
   Index Searches: 1
   Prefetch: distance=271.807 count=283658 stalls=72 skipped=4904803 resets=0 ungets=140404 forwarded=53367
             histogram [2,4) => 157, [4,8) => 14, [8,16) => 8, [16,32) => 9, [32,64) => 1, [64,128) => 2, [128,256) => 3, [256,512) => 283464
   Buffers: shared hit=94688 read=51695
 Settings: enable_bitmapscan = 'off', enable_seqscan = 'off', max_parallel_workers_per_gather = '0'
 Planning:
   Buffers: shared hit=78 read=23
 Planning Time: 1.823 ms
 Execution Time: 1330.781 ms
(12 rows)

SET
SET
SET
SET
SET
                                             QUERY PLAN                                             
----------------------------------------------------------------------------------------------------
 Index Scan using idx on public.t (actual rows=5048576.00 loops=1)
   Output: a, b
   Index Cond: ((t.a >= '-171359'::integer) AND (t.a <= '-13592'::integer))
   Index Searches: 1
   Buffers: shared hit=147854
 Settings: enable_bitmapscan = 'off', enable_seqscan = 'off', max_parallel_workers_per_gather = '0'
 Planning:
   Buffers: shared hit=106
 Planning Time: 0.266 ms
 Execution Time: 218.924 ms
(10 rows)

