SET
SET
SET
SET
SET
                                                                  QUERY PLAN                                                                   
-----------------------------------------------------------------------------------------------------------------------------------------------
 Index Scan using idx on public.t (actual rows=6048576.00 loops=1)
   Output: a, b
   Index Cond: ((t.a >= '-206821'::integer) AND (t.a <= '-17804'::integer))
   Index Searches: 1
   Prefetch: distance=271.502 count=338760 stalls=271 skipped=5876379 resets=0 ungets=167505 forwarded=63642
             histogram [2,4) => 558, [4,8) => 35, [8,16) => 10, [16,32) => 6, [32,64) => 1, [64,128) => 3, [128,256) => 1, [256,512) => 338146
   Buffers: shared hit=113298 read=61933
 Settings: enable_bitmapscan = 'off', enable_seqscan = 'off', max_parallel_workers_per_gather = '0'
 Planning:
   Buffers: shared hit=78 read=23
 Planning Time: 1.807 ms
 Execution Time: 1606.155 ms
(12 rows)

SET
SET
SET
SET
SET
                                             QUERY PLAN                                             
----------------------------------------------------------------------------------------------------
 Index Scan using idx on public.t (actual rows=6048576.00 loops=1)
   Output: a, b
   Index Cond: ((t.a >= '-206821'::integer) AND (t.a <= '-17804'::integer))
   Index Searches: 1
   Buffers: shared hit=176952
 Settings: enable_bitmapscan = 'off', enable_seqscan = 'off', max_parallel_workers_per_gather = '0'
 Planning:
   Buffers: shared hit=106
 Planning Time: 0.205 ms
 Execution Time: 260.474 ms
(10 rows)

