SET
SET
SET
SET
SET
                                                                  QUERY PLAN                                                                  
----------------------------------------------------------------------------------------------------------------------------------------------
 Index Scan using idx on public.t (actual rows=7048576.00 loops=1)
   Output: a, b
   Index Cond: ((t.a >= '-238268'::integer) AND (t.a <= '-18001'::integer))
   Index Searches: 1
   Prefetch: distance=271.874 count=395647 stalls=55 skipped=6848673 resets=0 ungets=195894 forwarded=74459
             histogram [2,4) => 123, [4,8) => 26, [8,16) => 8, [16,32) => 9, [32,64) => 1, [64,128) => 2, [128,256) => 3, [256,512) => 395475
   Buffers: shared hit=131934 read=72173
 Settings: enable_bitmapscan = 'off', enable_seqscan = 'off', max_parallel_workers_per_gather = '0'
 Planning:
   Buffers: shared hit=78 read=23
 Planning Time: 1.793 ms
 Execution Time: 1858.875 ms
(12 rows)

SET
SET
SET
SET
SET
                                             QUERY PLAN                                             
----------------------------------------------------------------------------------------------------
 Index Scan using idx on public.t (actual rows=7048576.00 loops=1)
   Output: a, b
   Index Cond: ((t.a >= '-238268'::integer) AND (t.a <= '-18001'::integer))
   Index Searches: 1
   Buffers: shared hit=206111
 Settings: enable_bitmapscan = 'off', enable_seqscan = 'off', max_parallel_workers_per_gather = '0'
 Planning:
   Buffers: shared hit=106
 Planning Time: 0.211 ms
 Execution Time: 298.795 ms
(10 rows)

