SET
SET
SET
SET
SET
                                                                  QUERY PLAN                                                                   
-----------------------------------------------------------------------------------------------------------------------------------------------
 Index Scan using idx on public.t (actual rows=4048576.00 loops=1)
   Output: a, b
   Index Cond: ((t.a >= '-146046'::integer) AND (t.a <= '-19529'::integer))
   Index Searches: 1
   Prefetch: distance=271.613 count=227261 stalls=99 skipped=3933381 resets=0 ungets=112388 forwarded=42804
             histogram [2,4) => 258, [4,8) => 41, [8,16) => 10, [16,32) => 5, [32,64) => 2, [64,128) => 3, [128,256) => 1, [256,512) => 226941
   Buffers: shared hit=75960 read=41456
 Settings: enable_bitmapscan = 'off', enable_seqscan = 'off', max_parallel_workers_per_gather = '0'
 Planning:
   Buffers: shared hit=78 read=23
 Planning Time: 1.876 ms
 Execution Time: 1071.902 ms
(12 rows)

SET
SET
SET
SET
SET
                                             QUERY PLAN                                             
----------------------------------------------------------------------------------------------------
 Index Scan using idx on public.t (actual rows=4048576.00 loops=1)
   Output: a, b
   Index Cond: ((t.a >= '-146046'::integer) AND (t.a <= '-19529'::integer))
   Index Searches: 1
   Buffers: shared hit=118599
 Settings: enable_bitmapscan = 'off', enable_seqscan = 'off', max_parallel_workers_per_gather = '0'
 Planning:
   Buffers: shared hit=106
 Planning Time: 0.201 ms
 Execution Time: 174.359 ms
(10 rows)

