SET
SET
SET
SET
SET
                                             QUERY PLAN                                             
----------------------------------------------------------------------------------------------------
 Index Scan Backward using idx on public.t (actual rows=256.00 loops=1)
   Output: a, b
   Index Cond: ((t.a >= '-19346'::integer) AND (t.a <= '-19339'::integer))
   Index Searches: 1
   Prefetch: distance=2.000 count=6 stalls=3 skipped=184 resets=0 ungets=0 forwarded=0
             histogram [2,4) => 6
   Buffers: shared hit=8 read=8
 Settings: enable_bitmapscan = 'off', enable_seqscan = 'off', max_parallel_workers_per_gather = '0'
 Planning:
   Buffers: shared hit=82 read=23
 Planning Time: 1.317 ms
 Execution Time: 0.632 ms
(12 rows)

SET
SET
SET
SET
SET
                                             QUERY PLAN                                             
----------------------------------------------------------------------------------------------------
 Index Scan Backward using idx on public.t (actual rows=256.00 loops=1)
   Output: a, b
   Index Cond: ((t.a >= '-19346'::integer) AND (t.a <= '-19339'::integer))
   Index Searches: 1
   Buffers: shared hit=16
 Settings: enable_bitmapscan = 'off', enable_seqscan = 'off', max_parallel_workers_per_gather = '0'
 Planning:
   Buffers: shared hit=110
 Planning Time: 0.168 ms
 Execution Time: 0.044 ms
(10 rows)

