SET
SET
SET
SET
SET
                                                                 QUERY PLAN                                                                  
---------------------------------------------------------------------------------------------------------------------------------------------
 Index Scan Backward using idx on public.t (actual rows=131072.00 loops=1)
   Output: a, b
   Index Cond: ((t.a >= '-34129'::integer) AND (t.a <= '-30034'::integer))
   Index Searches: 1
   Prefetch: distance=261.414 count=6701 stalls=111 skipped=126812 resets=0 ungets=3095 forwarded=2498
             histogram [2,4) => 201, [4,8) => 38, [8,16) => 14, [16,32) => 7, [32,64) => 4, [64,128) => 1, [128,256) => 1, [256,512) => 6435
   Buffers: shared hit=2486 read=1346
 Settings: enable_bitmapscan = 'off', enable_seqscan = 'off', max_parallel_workers_per_gather = '0'
 Planning:
   Buffers: shared hit=82 read=23
 Planning Time: 1.804 ms
 Execution Time: 18.734 ms
(12 rows)

SET
SET
SET
SET
SET
                                             QUERY PLAN                                             
----------------------------------------------------------------------------------------------------
 Index Scan Backward using idx on public.t (actual rows=131072.00 loops=1)
   Output: a, b
   Index Cond: ((t.a >= '-34129'::integer) AND (t.a <= '-30034'::integer))
   Index Searches: 1
   Buffers: shared hit=3858
 Settings: enable_bitmapscan = 'off', enable_seqscan = 'off', max_parallel_workers_per_gather = '0'
 Planning:
   Buffers: shared hit=110
 Planning Time: 0.187 ms
 Execution Time: 5.502 ms
(10 rows)

