SET
SET
SET
SET
SET
                                                                QUERY PLAN                                                                
------------------------------------------------------------------------------------------------------------------------------------------
 Index Scan Backward using idx on public.t (actual rows=2048.00 loops=1)
   Output: a, b
   Index Cond: ((t.a >= '-31300'::integer) AND (t.a <= '-31237'::integer))
   Index Searches: 1
   Prefetch: distance=81.922 count=64 stalls=2 skipped=1865 resets=0 ungets=10 forwarded=23
             histogram [2,4) => 6, [4,8) => 14, [8,16) => 12, [16,32) => 11, [32,64) => 1, [64,128) => 4, [128,256) => 1, [256,512) => 15
   Buffers: shared hit=41 read=25
 Settings: enable_bitmapscan = 'off', enable_seqscan = 'off', max_parallel_workers_per_gather = '0'
 Planning:
   Buffers: shared hit=82 read=23
 Planning Time: 1.224 ms
 Execution Time: 0.961 ms
(12 rows)

SET
SET
SET
SET
SET
                                             QUERY PLAN                                             
----------------------------------------------------------------------------------------------------
 Index Scan Backward using idx on public.t (actual rows=2048.00 loops=1)
   Output: a, b
   Index Cond: ((t.a >= '-31300'::integer) AND (t.a <= '-31237'::integer))
   Index Searches: 1
   Buffers: shared hit=67
 Settings: enable_bitmapscan = 'off', enable_seqscan = 'off', max_parallel_workers_per_gather = '0'
 Planning:
   Buffers: shared hit=110
 Planning Time: 0.170 ms
 Execution Time: 0.127 ms
(10 rows)

