SET
SET
SET
SET
SET
                                                                QUERY PLAN                                                                 
-------------------------------------------------------------------------------------------------------------------------------------------
 Index Scan Backward using idx on public.t (actual rows=16384.00 loops=1)
   Output: a, b
   Index Cond: ((t.a >= '-19439'::integer) AND (t.a <= '-18928'::integer))
   Index Searches: 1
   Prefetch: distance=236.141 count=688 stalls=31 skipped=15051 resets=0 ungets=281 forwarded=239
             histogram [2,4) => 58, [4,8) => 9, [8,16) => 11, [16,32) => 12, [32,64) => 1, [64,128) => 2, [128,256) => 2, [256,512) => 593
   Buffers: shared hit=308 read=172
 Settings: enable_bitmapscan = 'off', enable_seqscan = 'off', max_parallel_workers_per_gather = '0'
 Planning:
   Buffers: shared hit=82 read=23
 Planning Time: 1.250 ms
 Execution Time: 3.438 ms
(12 rows)

SET
SET
SET
SET
SET
                                             QUERY PLAN                                             
----------------------------------------------------------------------------------------------------
 Index Scan Backward using idx on public.t (actual rows=16384.00 loops=1)
   Output: a, b
   Index Cond: ((t.a >= '-19439'::integer) AND (t.a <= '-18928'::integer))
   Index Searches: 1
   Buffers: shared hit=485
 Settings: enable_bitmapscan = 'off', enable_seqscan = 'off', max_parallel_workers_per_gather = '0'
 Planning:
   Buffers: shared hit=110
 Planning Time: 0.184 ms
 Execution Time: 0.784 ms
(10 rows)

