SET
SET
SET
SET
SET
                                                                 QUERY PLAN                                                                  
---------------------------------------------------------------------------------------------------------------------------------------------
 Index Scan Backward using idx on public.t (actual rows=262144.00 loops=1)
   Output: a, b
   Index Cond: ((t.a >= '-31676'::integer) AND (t.a <= '-23485'::integer))
   Index Searches: 1
   Prefetch: distance=270.715 count=14119 stalls=10 skipped=254061 resets=0 ungets=6717 forwarded=5488
             histogram [2,4) => 24, [4,8) => 20, [8,16) => 9, [16,32) => 13, [32,64) => 1, [64,128) => 2, [128,256) => 2, [256,512) => 14048
   Buffers: shared hit=4912 read=2688
 Settings: enable_bitmapscan = 'off', enable_seqscan = 'off', max_parallel_workers_per_gather = '0'
 Planning:
   Buffers: shared hit=82 read=23
 Planning Time: 1.820 ms
 Execution Time: 37.739 ms
(12 rows)

SET
SET
SET
SET
SET
                                             QUERY PLAN                                             
----------------------------------------------------------------------------------------------------
 Index Scan Backward using idx on public.t (actual rows=262144.00 loops=1)
   Output: a, b
   Index Cond: ((t.a >= '-31676'::integer) AND (t.a <= '-23485'::integer))
   Index Searches: 1
   Buffers: shared hit=7671
 Settings: enable_bitmapscan = 'off', enable_seqscan = 'off', max_parallel_workers_per_gather = '0'
 Planning:
   Buffers: shared hit=110
 Planning Time: 0.182 ms
 Execution Time: 10.804 ms
(10 rows)

