SET
SET
SET
SET
SET
                                             QUERY PLAN                                             
----------------------------------------------------------------------------------------------------
 Index Scan Backward using idx on public.t (actual rows=8192.00 loops=1)
   Output: a, b
   Index Cond: ((t.a >= '-18521'::integer) AND (t.a <= '-18266'::integer))
   Index Searches: 1
   Prefetch: distance=2.143 count=140 stalls=71 skipped=7160 resets=0 ungets=0 forwarded=0
             histogram [2,4) => 132, [4,8) => 8
   Buffers: shared hit=163 read=88
 Settings: enable_bitmapscan = 'off', enable_seqscan = 'off', max_parallel_workers_per_gather = '0'
 Planning:
   Buffers: shared hit=82 read=23
 Planning Time: 1.277 ms
 Execution Time: 2.152 ms
(12 rows)

SET
SET
SET
SET
SET
                                             QUERY PLAN                                             
----------------------------------------------------------------------------------------------------
 Index Scan Backward using idx on public.t (actual rows=8192.00 loops=1)
   Output: a, b
   Index Cond: ((t.a >= '-18521'::integer) AND (t.a <= '-18266'::integer))
   Index Searches: 1
   Buffers: shared hit=251
 Settings: enable_bitmapscan = 'off', enable_seqscan = 'off', max_parallel_workers_per_gather = '0'
 Planning:
   Buffers: shared hit=110
 Planning Time: 0.187 ms
 Execution Time: 0.426 ms
(10 rows)

