SET
SET
SET
SET
SET
                                                                 QUERY PLAN                                                                 
--------------------------------------------------------------------------------------------------------------------------------------------
 Index Scan Backward using idx on public.t (actual rows=32768.00 loops=1)
   Output: a, b
   Index Cond: ((t.a >= '-11171'::integer) AND (t.a <= '-10148'::integer))
   Index Searches: 1
   Prefetch: distance=208.058 count=1209 stalls=135 skipped=31110 resets=0 ungets=442 forwarded=370
             histogram [2,4) => 254, [4,8) => 8, [8,16) => 11, [16,32) => 10, [32,64) => 4, [64,128) => 1, [128,256) => 1, [256,512) => 920
   Buffers: shared hit=608 read=340
 Settings: enable_bitmapscan = 'off', enable_seqscan = 'off', max_parallel_workers_per_gather = '0'
 Planning:
   Buffers: shared hit=82 read=23
 Planning Time: 1.446 ms
 Execution Time: 5.608 ms
(12 rows)

SET
SET
SET
SET
SET
                                             QUERY PLAN                                             
----------------------------------------------------------------------------------------------------
 Index Scan Backward using idx on public.t (actual rows=32768.00 loops=1)
   Output: a, b
   Index Cond: ((t.a >= '-11171'::integer) AND (t.a <= '-10148'::integer))
   Index Searches: 1
   Buffers: shared hit=955
 Settings: enable_bitmapscan = 'off', enable_seqscan = 'off', max_parallel_workers_per_gather = '0'
 Planning:
   Buffers: shared hit=110
 Planning Time: 0.184 ms
 Execution Time: 1.552 ms
(10 rows)

