SET
SET
SET
SET
SET
                                                                 QUERY PLAN                                                                  
---------------------------------------------------------------------------------------------------------------------------------------------
 Index Scan Backward using idx on public.t (actual rows=8048576.00 loops=1)
   Output: a, b
   Index Cond: ((t.a >= '-274099'::integer) AND (t.a <= '-22582'::integer))
   Index Searches: 1
   Prefetch: distance=271.929 count=435443 stalls=25 skipped=7819817 resets=0 ungets=207156 forwarded=168856
             histogram [2,4) => 52, [4,8) => 25, [8,16) => 6, [16,32) => 8, [32,64) => 6, [64,128) => 1, [128,256) => 4, [256,512) => 435341
   Buffers: shared hit=150364 read=82411
 Settings: enable_bitmapscan = 'off', enable_seqscan = 'off', max_parallel_workers_per_gather = '0'
 Planning:
   Buffers: shared hit=82 read=23
 Planning Time: 1.997 ms
 Execution Time: 1021.000 ms
(12 rows)

SET
SET
SET
SET
SET
                                             QUERY PLAN                                             
----------------------------------------------------------------------------------------------------
 Index Scan Backward using idx on public.t (actual rows=8048576.00 loops=1)
   Output: a, b
   Index Cond: ((t.a >= '-274099'::integer) AND (t.a <= '-22582'::integer))
   Index Searches: 1
   Buffers: shared hit=235517
 Settings: enable_bitmapscan = 'off', enable_seqscan = 'off', max_parallel_workers_per_gather = '0'
 Planning:
   Buffers: shared hit=110
 Planning Time: 0.204 ms
 Execution Time: 328.493 ms
(10 rows)

