SET
SET
SET
SET
SET
                                                                  QUERY PLAN                                                                   
-----------------------------------------------------------------------------------------------------------------------------------------------
 Index Scan Backward using idx on public.t (actual rows=2048576.00 loops=1)
   Output: a, b
   Index Cond: ((t.a >= '-94137'::integer) AND (t.a <= '-30120'::integer))
   Index Searches: 1
   Prefetch: distance=271.462 count=110111 stalls=92 skipped=1990430 resets=0 ungets=52088 forwarded=42405
             histogram [2,4) => 162, [4,8) => 29, [8,16) => 14, [16,32) => 7, [32,64) => 4, [64,128) => 1, [128,256) => 1, [256,512) => 109893
   Buffers: shared hit=38193 read=20980
 Settings: enable_bitmapscan = 'off', enable_seqscan = 'off', max_parallel_workers_per_gather = '0'
 Planning:
   Buffers: shared hit=82 read=23
 Planning Time: 1.814 ms
 Execution Time: 258.679 ms
(12 rows)

SET
SET
SET
SET
SET
                                             QUERY PLAN                                             
----------------------------------------------------------------------------------------------------
 Index Scan Backward using idx on public.t (actual rows=2048576.00 loops=1)
   Output: a, b
   Index Cond: ((t.a >= '-94137'::integer) AND (t.a <= '-30120'::integer))
   Index Searches: 1
   Buffers: shared hit=59952
 Settings: enable_bitmapscan = 'off', enable_seqscan = 'off', max_parallel_workers_per_gather = '0'
 Planning:
   Buffers: shared hit=110
 Planning Time: 0.167 ms
 Execution Time: 82.575 ms
(10 rows)

