SET
SET
SET
SET
SET
                                                                  QUERY PLAN                                                                   
-----------------------------------------------------------------------------------------------------------------------------------------------
 Index Scan Backward using idx on public.t (actual rows=9048576.00 loops=1)
   Output: a, b
   Index Cond: ((t.a >= '-287262'::integer) AND (t.a <= '-4495'::integer))
   Index Searches: 1
   Prefetch: distance=271.825 count=488755 stalls=139 skipped=8791668 resets=0 ungets=232209 forwarded=189251
             histogram [2,4) => 243, [4,8) => 33, [8,16) => 13, [16,32) => 9, [32,64) => 1, [64,128) => 1, [128,256) => 3, [256,512) => 488452
   Buffers: shared hit=168867 read=92648
 Settings: enable_bitmapscan = 'off', enable_seqscan = 'off', max_parallel_workers_per_gather = '0'
 Planning:
   Buffers: shared hit=82 read=27
 Planning Time: 2.094 ms
 Execution Time: 1133.084 ms
(12 rows)

SET
SET
SET
SET
SET
                                             QUERY PLAN                                             
----------------------------------------------------------------------------------------------------
 Index Scan Backward using idx on public.t (actual rows=9048576.00 loops=1)
   Output: a, b
   Index Cond: ((t.a >= '-287262'::integer) AND (t.a <= '-4495'::integer))
   Index Searches: 1
   Buffers: shared hit=264775
 Settings: enable_bitmapscan = 'off', enable_seqscan = 'off', max_parallel_workers_per_gather = '0'
 Planning:
   Buffers: shared hit=114
 Planning Time: 0.223 ms
 Execution Time: 384.461 ms
(10 rows)

