SET
SET
SET
SET
SET
                                                                  QUERY PLAN                                                                   
-----------------------------------------------------------------------------------------------------------------------------------------------
 Index Scan Backward using idx on public.t (actual rows=3048576.00 loops=1)
   Output: a, b
   Index Cond: ((t.a >= '-99724'::integer) AND (t.a <= '-4457'::integer))
   Index Searches: 1
   Prefetch: distance=271.458 count=165463 stalls=140 skipped=2961810 resets=0 ungets=79156 forwarded=65045
             histogram [2,4) => 252, [4,8) => 53, [8,16) => 13, [16,32) => 9, [32,64) => 1, [64,128) => 1, [128,256) => 3, [256,512) => 165131
   Buffers: shared hit=57223 read=31216
 Settings: enable_bitmapscan = 'off', enable_seqscan = 'off', max_parallel_workers_per_gather = '0'
 Planning:
   Buffers: shared hit=82 read=27
 Planning Time: 2.116 ms
 Execution Time: 399.346 ms
(12 rows)

SET
SET
SET
SET
SET
                                             QUERY PLAN                                             
----------------------------------------------------------------------------------------------------
 Index Scan Backward using idx on public.t (actual rows=3048576.00 loops=1)
   Output: a, b
   Index Cond: ((t.a >= '-99724'::integer) AND (t.a <= '-4457'::integer))
   Index Searches: 1
   Buffers: shared hit=89185
 Settings: enable_bitmapscan = 'off', enable_seqscan = 'off', max_parallel_workers_per_gather = '0'
 Planning:
   Buffers: shared hit=114
 Planning Time: 0.235 ms
 Execution Time: 131.264 ms
(10 rows)

