SET
SET
SET
SET
SET
                                                                   QUERY PLAN                                                                   
------------------------------------------------------------------------------------------------------------------------------------------------
 Index Scan Backward using idx on public.t (actual rows=6048576.00 loops=1)
   Output: a, b
   Index Cond: ((t.a >= '-214519'::integer) AND (t.a <= '-25502'::integer))
   Index Searches: 1
   Prefetch: distance=271.283 count=324677 stalls=402 skipped=5876007 resets=0 ungets=153597 forwarded=124882
             histogram [2,4) => 774, [4,8) => 51, [8,16) => 12, [16,32) => 10, [32,64) => 1, [64,128) => 4, [128,256) => 1, [256,512) => 323824
   Buffers: shared hit=112635 read=61933
 Settings: enable_bitmapscan = 'off', enable_seqscan = 'off', max_parallel_workers_per_gather = '0'
 Planning:
   Buffers: shared hit=82 read=23
 Planning Time: 1.839 ms
 Execution Time: 764.202 ms
(12 rows)

SET
SET
SET
SET
SET
                                             QUERY PLAN                                             
----------------------------------------------------------------------------------------------------
 Index Scan Backward using idx on public.t (actual rows=6048576.00 loops=1)
   Output: a, b
   Index Cond: ((t.a >= '-214519'::integer) AND (t.a <= '-25502'::integer))
   Index Searches: 1
   Buffers: shared hit=176916
 Settings: enable_bitmapscan = 'off', enable_seqscan = 'off', max_parallel_workers_per_gather = '0'
 Planning:
   Buffers: shared hit=110
 Planning Time: 0.163 ms
 Execution Time: 244.148 ms
(10 rows)

