SET
SET
SET
SET
SET
                                                                  QUERY PLAN                                                                   
-----------------------------------------------------------------------------------------------------------------------------------------------
 Index Scan Backward using idx on public.t (actual rows=7048576.00 loops=1)
   Output: a, b
   Index Cond: ((t.a >= '-224953'::integer) AND (t.a <= '-4686'::integer))
   Index Searches: 1
   Prefetch: distance=271.867 count=379614 stalls=68 skipped=6847953 resets=0 ungets=179890 forwarded=146396
             histogram [2,4) => 128, [4,8) => 20, [8,16) => 13, [16,32) => 9, [32,64) => 1, [64,128) => 1, [128,256) => 3, [256,512) => 379439
   Buffers: shared hit=131239 read=72170
 Settings: enable_bitmapscan = 'off', enable_seqscan = 'off', max_parallel_workers_per_gather = '0'
 Planning:
   Buffers: shared hit=82 read=27
 Planning Time: 2.104 ms
 Execution Time: 883.506 ms
(12 rows)

SET
SET
SET
SET
SET
                                             QUERY PLAN                                             
----------------------------------------------------------------------------------------------------
 Index Scan Backward using idx on public.t (actual rows=7048576.00 loops=1)
   Output: a, b
   Index Cond: ((t.a >= '-224953'::integer) AND (t.a <= '-4686'::integer))
   Index Searches: 1
   Buffers: shared hit=206111
 Settings: enable_bitmapscan = 'off', enable_seqscan = 'off', max_parallel_workers_per_gather = '0'
 Planning:
   Buffers: shared hit=114
 Planning Time: 0.188 ms
 Execution Time: 300.344 ms
(10 rows)

