SET
SET
SET
SET
SET
                                                                 QUERY PLAN                                                                  
---------------------------------------------------------------------------------------------------------------------------------------------
 Index Scan Backward using idx on public.t (actual rows=32768.00 loops=1)
   Output: a, b
   Index Cond: ((t.a >= '-8574'::integer) AND (t.a <= '-7551'::integer))
   Index Searches: 1
   Prefetch: distance=222.431 count=1294 stalls=120 skipped=30870 resets=0 ungets=507 forwarded=428
             histogram [2,4) => 204, [4,8) => 8, [8,16) => 10, [16,32) => 14, [32,64) => 1, [64,128) => 1, [128,256) => 4, [256,512) => 1052
   Buffers: shared hit=622 read=340
 Settings: enable_bitmapscan = 'off', enable_seqscan = 'off', max_parallel_workers_per_gather = '0'
 Planning:
   Buffers: shared hit=82 read=23
 Planning Time: 1.630 ms
 Execution Time: 5.183 ms
(12 rows)

SET
SET
SET
SET
SET
                                             QUERY PLAN                                             
----------------------------------------------------------------------------------------------------
 Index Scan Backward using idx on public.t (actual rows=32768.00 loops=1)
   Output: a, b
   Index Cond: ((t.a >= '-8574'::integer) AND (t.a <= '-7551'::integer))
   Index Searches: 1
   Buffers: shared hit=968
 Settings: enable_bitmapscan = 'off', enable_seqscan = 'off', max_parallel_workers_per_gather = '0'
 Planning:
   Buffers: shared hit=110
 Planning Time: 0.187 ms
 Execution Time: 1.484 ms
(10 rows)

