SET
SET
SET
SET
SET
                                                               QUERY PLAN                                                                
-----------------------------------------------------------------------------------------------------------------------------------------
 Index Scan Backward using idx on public.t (actual rows=2048.00 loops=1)
   Output: a, b
   Index Cond: ((t.a >= '-23601'::integer) AND (t.a <= '-23538'::integer))
   Index Searches: 1
   Prefetch: distance=65.000 count=61 stalls=1 skipped=1898 resets=0 ungets=7 forwarded=17
             histogram [2,4) => 4, [4,8) => 20, [8,16) => 9, [16,32) => 13, [32,64) => 1, [64,128) => 2, [128,256) => 2, [256,512) => 10
   Buffers: shared hit=38 read=25
 Settings: enable_bitmapscan = 'off', enable_seqscan = 'off', max_parallel_workers_per_gather = '0'
 Planning:
   Buffers: shared hit=82 read=23
 Planning Time: 1.327 ms
 Execution Time: 1.062 ms
(12 rows)

SET
SET
SET
SET
SET
                                             QUERY PLAN                                             
----------------------------------------------------------------------------------------------------
 Index Scan Backward using idx on public.t (actual rows=2048.00 loops=1)
   Output: a, b
   Index Cond: ((t.a >= '-23601'::integer) AND (t.a <= '-23538'::integer))
   Index Searches: 1
   Buffers: shared hit=63
 Settings: enable_bitmapscan = 'off', enable_seqscan = 'off', max_parallel_workers_per_gather = '0'
 Planning:
   Buffers: shared hit=110
 Planning Time: 0.176 ms
 Execution Time: 0.131 ms
(10 rows)

