SET
SET
SET
SET
SET
                                                                 QUERY PLAN                                                                 
--------------------------------------------------------------------------------------------------------------------------------------------
 Index Scan Backward using idx on public.t (actual rows=16384.00 loops=1)
   Output: a, b
   Index Cond: ((t.a >= '-12488'::integer) AND (t.a <= '-11977'::integer))
   Index Searches: 1
   Prefetch: distance=228.736 count=696 stalls=26 skipped=15499 resets=0 ungets=284 forwarded=230
             histogram [2,4) => 63, [4,8) => 24, [8,16) => 11, [16,32) => 10, [32,64) => 2, [64,128) => 4, [128,256) => 1, [256,512) => 581
   Buffers: shared hit=298 read=172
 Settings: enable_bitmapscan = 'off', enable_seqscan = 'off', max_parallel_workers_per_gather = '0'
 Planning:
   Buffers: shared hit=82 read=23
 Planning Time: 1.293 ms
 Execution Time: 3.144 ms
(12 rows)

SET
SET
SET
SET
SET
                                             QUERY PLAN                                             
----------------------------------------------------------------------------------------------------
 Index Scan Backward using idx on public.t (actual rows=16384.00 loops=1)
   Output: a, b
   Index Cond: ((t.a >= '-12488'::integer) AND (t.a <= '-11977'::integer))
   Index Searches: 1
   Buffers: shared hit=471
 Settings: enable_bitmapscan = 'off', enable_seqscan = 'off', max_parallel_workers_per_gather = '0'
 Planning:
   Buffers: shared hit=110
 Planning Time: 0.212 ms
 Execution Time: 0.829 ms
(10 rows)

