SET
SET
SET
SET
SET
                                                                  QUERY PLAN                                                                   
-----------------------------------------------------------------------------------------------------------------------------------------------
 Index Scan Backward using idx on public.t (actual rows=262144.00 loops=1)
   Output: a, b
   Index Cond: ((t.a >= '-30905'::integer) AND (t.a <= '-22714'::integer))
   Index Searches: 1
   Prefetch: distance=267.416 count=13767 stalls=82 skipped=253999 resets=0 ungets=6434 forwarded=5238
             histogram [2,4) => 157, [4,8) => 47, [8,16) => 10, [16,32) => 15, [32,64) => 4, [64,128) => 1, [128,256) => 4, [256,512) => 13529
   Buffers: shared hit=4906 read=2688
 Settings: enable_bitmapscan = 'off', enable_seqscan = 'off', max_parallel_workers_per_gather = '0'
 Planning:
   Buffers: shared hit=82 read=23
 Planning Time: 1.785 ms
 Execution Time: 36.935 ms
(12 rows)

SET
SET
SET
SET
SET
                                             QUERY PLAN                                             
----------------------------------------------------------------------------------------------------
 Index Scan Backward using idx on public.t (actual rows=262144.00 loops=1)
   Output: a, b
   Index Cond: ((t.a >= '-30905'::integer) AND (t.a <= '-22714'::integer))
   Index Searches: 1
   Buffers: shared hit=7673
 Settings: enable_bitmapscan = 'off', enable_seqscan = 'off', max_parallel_workers_per_gather = '0'
 Planning:
   Buffers: shared hit=110
 Planning Time: 0.166 ms
 Execution Time: 10.887 ms
(10 rows)

