SET
SET
SET
SET
SET
                                                                  QUERY PLAN                                                                   
-----------------------------------------------------------------------------------------------------------------------------------------------
 Index Scan Backward using idx on public.t (actual rows=6048576.00 loops=1)
   Output: a, b
   Index Cond: ((t.a >= '-210802'::integer) AND (t.a <= '-21785'::integer))
   Index Searches: 1
   Prefetch: distance=271.822 count=326343 stalls=73 skipped=5876865 resets=0 ungets=154928 forwarded=126129
             histogram [2,4) => 156, [4,8) => 23, [8,16) => 13, [16,32) => 7, [32,64) => 5, [64,128) => 1, [128,256) => 1, [256,512) => 326137
   Buffers: shared hit=112800 read=61935
 Settings: enable_bitmapscan = 'off', enable_seqscan = 'off', max_parallel_workers_per_gather = '0'
 Planning:
   Buffers: shared hit=82 read=23
 Planning Time: 1.814 ms
 Execution Time: 760.502 ms
(12 rows)

SET
SET
SET
SET
SET
                                             QUERY PLAN                                             
----------------------------------------------------------------------------------------------------
 Index Scan Backward using idx on public.t (actual rows=6048576.00 loops=1)
   Output: a, b
   Index Cond: ((t.a >= '-210802'::integer) AND (t.a <= '-21785'::integer))
   Index Searches: 1
   Buffers: shared hit=176900
 Settings: enable_bitmapscan = 'off', enable_seqscan = 'off', max_parallel_workers_per_gather = '0'
 Planning:
   Buffers: shared hit=110
 Planning Time: 0.202 ms
 Execution Time: 244.552 ms
(10 rows)

