SET
SET
SET
SET
SET
                                                                   QUERY PLAN                                                                   
------------------------------------------------------------------------------------------------------------------------------------------------
 Index Scan Backward using idx on public.t (actual rows=5048576.00 loops=1)
   Output: a, b
   Index Cond: ((t.a >= '-166656'::integer) AND (t.a <= '-8889'::integer))
   Index Searches: 1
   Prefetch: distance=271.647 count=272968 stalls=151 skipped=4904573 resets=0 ungets=129819 forwarded=105912
             histogram [2,4) => 298, [4,8) => 26, [8,16) => 11, [16,32) => 11, [32,64) => 1, [64,128) => 1, [128,256) => 4, [256,512) => 272616
   Buffers: shared hit=94436 read=51696
 Settings: enable_bitmapscan = 'off', enable_seqscan = 'off', max_parallel_workers_per_gather = '0'
 Planning:
   Buffers: shared hit=82 read=23
 Planning Time: 1.812 ms
 Execution Time: 646.766 ms
(12 rows)

SET
SET
SET
SET
SET
                                             QUERY PLAN                                             
----------------------------------------------------------------------------------------------------
 Index Scan Backward using idx on public.t (actual rows=5048576.00 loops=1)
   Output: a, b
   Index Cond: ((t.a >= '-166656'::integer) AND (t.a <= '-8889'::integer))
   Index Searches: 1
   Buffers: shared hit=147833
 Settings: enable_bitmapscan = 'off', enable_seqscan = 'off', max_parallel_workers_per_gather = '0'
 Planning:
   Buffers: shared hit=110
 Planning Time: 0.182 ms
 Execution Time: 204.145 ms
(10 rows)

