SET
SET
SET
SET
SET
                                                                 QUERY PLAN                                                                  
---------------------------------------------------------------------------------------------------------------------------------------------
 Index Scan Backward using idx on public.t (actual rows=524288.00 loops=1)
   Output: a, b
   Index Cond: ((t.a >= '-23610'::integer) AND (t.a <= '-7227'::integer))
   Index Searches: 1
   Prefetch: distance=271.359 count=28415 stalls=15 skipped=509337 resets=0 ungets=13606 forwarded=11195
             histogram [2,4) => 30, [4,8) => 14, [8,16) => 13, [16,32) => 7, [32,64) => 2, [64,128) => 4, [128,256) => 1, [256,512) => 28344
   Buffers: shared hit=9805 read=5373
 Settings: enable_bitmapscan = 'off', enable_seqscan = 'off', max_parallel_workers_per_gather = '0'
 Planning:
   Buffers: shared hit=82 read=23
 Planning Time: 1.794 ms
 Execution Time: 72.348 ms
(12 rows)

SET
SET
SET
SET
SET
                                             QUERY PLAN                                             
----------------------------------------------------------------------------------------------------
 Index Scan Backward using idx on public.t (actual rows=524288.00 loops=1)
   Output: a, b
   Index Cond: ((t.a >= '-23610'::integer) AND (t.a <= '-7227'::integer))
   Index Searches: 1
   Buffers: shared hit=15301
 Settings: enable_bitmapscan = 'off', enable_seqscan = 'off', max_parallel_workers_per_gather = '0'
 Planning:
   Buffers: shared hit=110
 Planning Time: 0.212 ms
 Execution Time: 21.993 ms
(10 rows)

