SET
SET
SET
SET
SET
                                                                  QUERY PLAN                                                                  
----------------------------------------------------------------------------------------------------------------------------------------------
 Index Scan Backward using idx on public.t (actual rows=8048576.00 loops=1)
   Output: a, b
   Index Cond: ((t.a >= '-267742'::integer) AND (t.a <= '-16225'::integer))
   Index Searches: 1
   Prefetch: distance=271.907 count=433803 stalls=41 skipped=7820270 resets=0 ungets=205569 forwarded=166921
             histogram [2,4) => 89, [4,8) => 20, [8,16) => 12, [16,32) => 8, [32,64) => 1, [64,128) => 4, [128,256) => 1, [256,512) => 433668
   Buffers: shared hit=149948 read=82412
 Settings: enable_bitmapscan = 'off', enable_seqscan = 'off', max_parallel_workers_per_gather = '0'
 Planning:
   Buffers: shared hit=82 read=23
 Planning Time: 1.791 ms
 Execution Time: 1006.254 ms
(12 rows)

SET
SET
SET
SET
SET
                                             QUERY PLAN                                             
----------------------------------------------------------------------------------------------------
 Index Scan Backward using idx on public.t (actual rows=8048576.00 loops=1)
   Output: a, b
   Index Cond: ((t.a >= '-267742'::integer) AND (t.a <= '-16225'::integer))
   Index Searches: 1
   Buffers: shared hit=235469
 Settings: enable_bitmapscan = 'off', enable_seqscan = 'off', max_parallel_workers_per_gather = '0'
 Planning:
   Buffers: shared hit=110
 Planning Time: 0.203 ms
 Execution Time: 320.252 ms
(10 rows)

