SET
SET
SET
SET
SET
                                                              QUERY PLAN                                                               
---------------------------------------------------------------------------------------------------------------------------------------
 Index Scan Backward using idx on public.t (actual rows=131072.00 loops=1)
   Output: a, b
   Index Cond: ((t.a >= '-24692'::integer) AND (t.a <= '-20597'::integer))
   Index Searches: 1
   Buffers: shared hit=2489 read=1346
 Settings: enable_bitmapscan = 'off', enable_seqscan = 'off', max_parallel_workers_per_gather = '0', enable_indexscan_prefetch = 'off'
 Planning:
   Buffers: shared hit=82 read=23
 Planning Time: 1.796 ms
 Execution Time: 19.233 ms
(10 rows)

SET
SET
SET
SET
SET
                                                              QUERY PLAN                                                               
---------------------------------------------------------------------------------------------------------------------------------------
 Index Scan Backward using idx on public.t (actual rows=131072.00 loops=1)
   Output: a, b
   Index Cond: ((t.a >= '-24692'::integer) AND (t.a <= '-20597'::integer))
   Index Searches: 1
   Buffers: shared hit=3835
 Settings: enable_bitmapscan = 'off', enable_seqscan = 'off', max_parallel_workers_per_gather = '0', enable_indexscan_prefetch = 'off'
 Planning:
   Buffers: shared hit=110
 Planning Time: 0.147 ms
 Execution Time: 4.671 ms
(10 rows)

