SET
SET
SET
SET
SET
                                             QUERY PLAN                                             
----------------------------------------------------------------------------------------------------
 Index Scan Backward using idx on public.t (actual rows=4096.00 loops=1)
   Output: a, b
   Index Cond: ((t.a >= '-8809'::integer) AND (t.a <= '-8682'::integer))
   Index Searches: 1
   Prefetch: distance=4.282 count=71 stalls=22 skipped=3396 resets=0 ungets=0 forwarded=8
             histogram [2,4) => 47, [4,8) => 13, [8,16) => 10, [16,32) => 1
   Buffers: shared hit=77 read=46
 Settings: enable_bitmapscan = 'off', enable_seqscan = 'off', max_parallel_workers_per_gather = '0'
 Planning:
   Buffers: shared hit=82 read=23
 Planning Time: 1.338 ms
 Execution Time: 1.277 ms
(12 rows)

SET
SET
SET
SET
SET
                                             QUERY PLAN                                             
----------------------------------------------------------------------------------------------------
 Index Scan Backward using idx on public.t (actual rows=4096.00 loops=1)
   Output: a, b
   Index Cond: ((t.a >= '-8809'::integer) AND (t.a <= '-8682'::integer))
   Index Searches: 1
   Buffers: shared hit=123
 Settings: enable_bitmapscan = 'off', enable_seqscan = 'off', max_parallel_workers_per_gather = '0'
 Planning:
   Buffers: shared hit=110
 Planning Time: 0.138 ms
 Execution Time: 0.178 ms
(10 rows)

