SET
SET
SET
SET
SET
                                                                 QUERY PLAN                                                                  
---------------------------------------------------------------------------------------------------------------------------------------------
 Index Scan Backward using idx on public.t (actual rows=32768.00 loops=1)
   Output: a, b
   Index Cond: ((t.a >= '-29116'::integer) AND (t.a <= '-28093'::integer))
   Index Searches: 1
   Prefetch: distance=141.494 count=928 stalls=170 skipped=30787 resets=0 ungets=227 forwarded=189
             histogram [2,4) => 375, [4,8) => 46, [8,16) => 15, [16,32) => 11, [32,64) => 2, [64,128) => 2, [128,256) => 3, [256,512) => 474
   Buffers: shared hit=590 read=339
 Settings: enable_bitmapscan = 'off', enable_seqscan = 'off', max_parallel_workers_per_gather = '0'
 Planning:
   Buffers: shared hit=82 read=23
 Planning Time: 1.379 ms
 Execution Time: 6.077 ms
(12 rows)

SET
SET
SET
SET
SET
                                             QUERY PLAN                                             
----------------------------------------------------------------------------------------------------
 Index Scan Backward using idx on public.t (actual rows=32768.00 loops=1)
   Output: a, b
   Index Cond: ((t.a >= '-29116'::integer) AND (t.a <= '-28093'::integer))
   Index Searches: 1
   Buffers: shared hit=933
 Settings: enable_bitmapscan = 'off', enable_seqscan = 'off', max_parallel_workers_per_gather = '0'
 Planning:
   Buffers: shared hit=110
 Planning Time: 0.214 ms
 Execution Time: 1.499 ms
(10 rows)

