SET
SET
SET
SET
SET
                                                                 QUERY PLAN                                                                 
--------------------------------------------------------------------------------------------------------------------------------------------
 Index Scan Backward using idx on public.t (actual rows=16384.00 loops=1)
   Output: a, b
   Index Cond: ((t.a >= '-15860'::integer) AND (t.a <= '-15349'::integer))
   Index Searches: 1
   Prefetch: distance=230.099 count=719 stalls=16 skipped=15842 resets=0 ungets=288 forwarded=233
             histogram [2,4) => 42, [4,8) => 42, [8,16) => 15, [16,32) => 10, [32,64) => 2, [64,128) => 2, [128,256) => 4, [256,512) => 602
   Buffers: shared hit=295 read=173
 Settings: enable_bitmapscan = 'off', enable_seqscan = 'off', max_parallel_workers_per_gather = '0'
 Planning:
   Buffers: shared hit=82 read=23
 Planning Time: 1.353 ms
 Execution Time: 3.426 ms
(12 rows)

SET
SET
SET
SET
SET
                                             QUERY PLAN                                             
----------------------------------------------------------------------------------------------------
 Index Scan Backward using idx on public.t (actual rows=16384.00 loops=1)
   Output: a, b
   Index Cond: ((t.a >= '-15860'::integer) AND (t.a <= '-15349'::integer))
   Index Searches: 1
   Buffers: shared hit=470
 Settings: enable_bitmapscan = 'off', enable_seqscan = 'off', max_parallel_workers_per_gather = '0'
 Planning:
   Buffers: shared hit=110
 Planning Time: 0.179 ms
 Execution Time: 0.766 ms
(10 rows)

