SET
SET
SET
SET
SET
                                                                  QUERY PLAN                                                                   
-----------------------------------------------------------------------------------------------------------------------------------------------
 Index Scan Backward using idx on public.t (actual rows=5048576.00 loops=1)
   Output: a, b
   Index Cond: ((t.a >= '-179838'::integer) AND (t.a <= '-22071'::integer))
   Index Searches: 1
   Prefetch: distance=271.668 count=272505 stalls=150 skipped=4904203 resets=0 ungets=129433 forwarded=105453
             histogram [2,4) => 275, [4,8) => 25, [8,16) => 9, [16,32) => 12, [32,64) => 3, [64,128) => 3, [128,256) => 1, [256,512) => 272177
   Buffers: shared hit=94276 read=51694
 Settings: enable_bitmapscan = 'off', enable_seqscan = 'off', max_parallel_workers_per_gather = '0'
 Planning:
   Buffers: shared hit=82 read=23
 Planning Time: 1.982 ms
 Execution Time: 639.364 ms
(12 rows)

SET
SET
SET
SET
SET
                                             QUERY PLAN                                             
----------------------------------------------------------------------------------------------------
 Index Scan Backward using idx on public.t (actual rows=5048576.00 loops=1)
   Output: a, b
   Index Cond: ((t.a >= '-179838'::integer) AND (t.a <= '-22071'::integer))
   Index Searches: 1
   Buffers: shared hit=147765
 Settings: enable_bitmapscan = 'off', enable_seqscan = 'off', max_parallel_workers_per_gather = '0'
 Planning:
   Buffers: shared hit=110
 Planning Time: 0.176 ms
 Execution Time: 202.608 ms
(10 rows)

