SET
SET
SET
SET
SET
                                                                  QUERY PLAN                                                                   
-----------------------------------------------------------------------------------------------------------------------------------------------
 Index Scan Backward using idx on public.t (actual rows=262144.00 loops=1)
   Output: a, b
   Index Cond: ((t.a >= '-26878'::integer) AND (t.a <= '-18687'::integer))
   Index Searches: 1
   Prefetch: distance=267.284 count=13833 stalls=119 skipped=253943 resets=0 ungets=6518 forwarded=5369
             histogram [2,4) => 204, [4,8) => 13, [8,16) => 11, [16,32) => 12, [32,64) => 1, [64,128) => 2, [128,256) => 2, [256,512) => 13588
   Buffers: shared hit=4944 read=2688
 Settings: enable_bitmapscan = 'off', enable_seqscan = 'off', max_parallel_workers_per_gather = '0'
 Planning:
   Buffers: shared hit=82 read=23
 Planning Time: 1.811 ms
 Execution Time: 38.393 ms
(12 rows)

SET
SET
SET
SET
SET
                                             QUERY PLAN                                             
----------------------------------------------------------------------------------------------------
 Index Scan Backward using idx on public.t (actual rows=262144.00 loops=1)
   Output: a, b
   Index Cond: ((t.a >= '-26878'::integer) AND (t.a <= '-18687'::integer))
   Index Searches: 1
   Buffers: shared hit=7692
 Settings: enable_bitmapscan = 'off', enable_seqscan = 'off', max_parallel_workers_per_gather = '0'
 Planning:
   Buffers: shared hit=110
 Planning Time: 0.185 ms
 Execution Time: 10.668 ms
(10 rows)

