SET
SET
SET
SET
SET
                                                                   QUERY PLAN                                                                   
------------------------------------------------------------------------------------------------------------------------------------------------
 Index Scan Backward using idx on public.t (actual rows=4048576.00 loops=1)
   Output: a, b
   Index Cond: ((t.a >= '-144724'::integer) AND (t.a <= '-18207'::integer))
   Index Searches: 1
   Prefetch: distance=271.322 count=218755 stalls=268 skipped=3933140 resets=0 ungets=104034 forwarded=84897
             histogram [2,4) => 491, [4,8) => 26, [8,16) => 11, [16,32) => 12, [32,64) => 1, [64,128) => 2, [128,256) => 2, [256,512) => 218210
   Buffers: shared hit=75875 read=41457
 Settings: enable_bitmapscan = 'off', enable_seqscan = 'off', max_parallel_workers_per_gather = '0'
 Planning:
   Buffers: shared hit=82 read=23
 Planning Time: 1.782 ms
 Execution Time: 523.453 ms
(12 rows)

SET
SET
SET
SET
SET
                                             QUERY PLAN                                             
----------------------------------------------------------------------------------------------------
 Index Scan Backward using idx on public.t (actual rows=4048576.00 loops=1)
   Output: a, b
   Index Cond: ((t.a >= '-144724'::integer) AND (t.a <= '-18207'::integer))
   Index Searches: 1
   Buffers: shared hit=118621
 Settings: enable_bitmapscan = 'off', enable_seqscan = 'off', max_parallel_workers_per_gather = '0'
 Planning:
   Buffers: shared hit=110
 Planning Time: 0.198 ms
 Execution Time: 161.167 ms
(10 rows)

