SET
SET
SET
SET
SET
                                                                  QUERY PLAN                                                                   
-----------------------------------------------------------------------------------------------------------------------------------------------
 Index Scan Backward using idx on public.t (actual rows=3048576.00 loops=1)
   Output: a, b
   Index Cond: ((t.a >= '-102883'::integer) AND (t.a <= '-7616'::integer))
   Index Searches: 1
   Prefetch: distance=271.667 count=163842 stalls=97 skipped=2961012 resets=0 ungets=77526 forwarded=63052
             histogram [2,4) => 162, [4,8) => 8, [8,16) => 10, [16,32) => 14, [32,64) => 1, [64,128) => 1, [128,256) => 4, [256,512) => 163642
   Buffers: shared hit=56778 read=31216
 Settings: enable_bitmapscan = 'off', enable_seqscan = 'off', max_parallel_workers_per_gather = '0'
 Planning:
   Buffers: shared hit=82 read=23
 Planning Time: 1.815 ms
 Execution Time: 385.537 ms
(12 rows)

SET
SET
SET
SET
SET
                                             QUERY PLAN                                             
----------------------------------------------------------------------------------------------------
 Index Scan Backward using idx on public.t (actual rows=3048576.00 loops=1)
   Output: a, b
   Index Cond: ((t.a >= '-102883'::integer) AND (t.a <= '-7616'::integer))
   Index Searches: 1
   Buffers: shared hit=89174
 Settings: enable_bitmapscan = 'off', enable_seqscan = 'off', max_parallel_workers_per_gather = '0'
 Planning:
   Buffers: shared hit=110
 Planning Time: 0.166 ms
 Execution Time: 114.315 ms
(10 rows)

