SET
SET
SET
SET
SET
                                                                   QUERY PLAN                                                                   
------------------------------------------------------------------------------------------------------------------------------------------------
 Index Scan Backward using idx on public.t (actual rows=8048576.00 loops=1)
   Output: a, b
   Index Cond: ((t.a >= '-268432'::integer) AND (t.a <= '-16915'::integer))
   Index Searches: 1
   Prefetch: distance=271.886 count=433397 stalls=63 skipped=7819904 resets=0 ungets=205171 forwarded=166664
             histogram [2,4) => 115, [4,8) => 23, [8,16) => 15, [16,32) => 10, [32,64) => 1, [64,128) => 2, [128,256) => 2, [256,512) => 433229
   Buffers: shared hit=149885 read=82410
 Settings: enable_bitmapscan = 'off', enable_seqscan = 'off', max_parallel_workers_per_gather = '0'
 Planning:
   Buffers: shared hit=82 read=23
 Planning Time: 1.801 ms
 Execution Time: 1001.070 ms
(12 rows)

SET
SET
SET
SET
SET
                                             QUERY PLAN                                             
----------------------------------------------------------------------------------------------------
 Index Scan Backward using idx on public.t (actual rows=8048576.00 loops=1)
   Output: a, b
   Index Cond: ((t.a >= '-268432'::integer) AND (t.a <= '-16915'::integer))
   Index Searches: 1
   Buffers: shared hit=235489
 Settings: enable_bitmapscan = 'off', enable_seqscan = 'off', max_parallel_workers_per_gather = '0'
 Planning:
   Buffers: shared hit=110
 Planning Time: 0.172 ms
 Execution Time: 322.933 ms
(10 rows)

