SET
SET
SET
SET
SET
                                                                 QUERY PLAN                                                                  
---------------------------------------------------------------------------------------------------------------------------------------------
 Index Scan Backward using idx on public.t (actual rows=2048576.00 loops=1)
   Output: a, b
   Index Cond: ((t.a >= '-76845'::integer) AND (t.a <= '-12828'::integer))
   Index Searches: 1
   Prefetch: distance=271.866 count=110563 stalls=4 skipped=1990477 resets=0 ungets=52564 forwarded=42948
             histogram [2,4) => 8, [4,8) => 17, [8,16) => 15, [16,32) => 8, [32,64) => 4, [64,128) => 1, [128,256) => 1, [256,512) => 110509
   Buffers: shared hit=38151 read=20979
 Settings: enable_bitmapscan = 'off', enable_seqscan = 'off', max_parallel_workers_per_gather = '0'
 Planning:
   Buffers: shared hit=82 read=23
 Planning Time: 1.796 ms
 Execution Time: 264.454 ms
(12 rows)

SET
SET
SET
SET
SET
                                             QUERY PLAN                                             
----------------------------------------------------------------------------------------------------
 Index Scan Backward using idx on public.t (actual rows=2048576.00 loops=1)
   Output: a, b
   Index Cond: ((t.a >= '-76845'::integer) AND (t.a <= '-12828'::integer))
   Index Searches: 1
   Buffers: shared hit=59840
 Settings: enable_bitmapscan = 'off', enable_seqscan = 'off', max_parallel_workers_per_gather = '0'
 Planning:
   Buffers: shared hit=110
 Planning Time: 0.245 ms
 Execution Time: 83.161 ms
(10 rows)

