SET
SET
SET
SET
SET
                                                                QUERY PLAN                                                                 
-------------------------------------------------------------------------------------------------------------------------------------------
 Index Scan Backward using idx on public.t (actual rows=131072.00 loops=1)
   Output: a, b
   Index Cond: ((t.a >= '-7863'::integer) AND (t.a <= '-3768'::integer))
   Index Searches: 1
   Prefetch: distance=269.523 count=7033 stalls=20 skipped=126275 resets=0 ungets=3343 forwarded=2814
             histogram [2,4) => 34, [4,8) => 8, [8,16) => 13, [16,32) => 9, [32,64) => 1, [64,128) => 1, [128,256) => 4, [256,512) => 6963
   Buffers: shared hit=2485 read=1344
 Settings: enable_bitmapscan = 'off', enable_seqscan = 'off', max_parallel_workers_per_gather = '0'
 Planning:
   Buffers: shared hit=82 read=27
 Planning Time: 2.094 ms
 Execution Time: 17.700 ms
(12 rows)

SET
SET
SET
SET
SET
                                             QUERY PLAN                                             
----------------------------------------------------------------------------------------------------
 Index Scan Backward using idx on public.t (actual rows=131072.00 loops=1)
   Output: a, b
   Index Cond: ((t.a >= '-7863'::integer) AND (t.a <= '-3768'::integer))
   Index Searches: 1
   Buffers: shared hit=3860
 Settings: enable_bitmapscan = 'off', enable_seqscan = 'off', max_parallel_workers_per_gather = '0'
 Planning:
   Buffers: shared hit=114
 Planning Time: 0.201 ms
 Execution Time: 5.823 ms
(10 rows)

