SET
SET
SET
SET
SET
                                                                 QUERY PLAN                                                                  
---------------------------------------------------------------------------------------------------------------------------------------------
 Index Scan Backward using idx on public.t (actual rows=262144.00 loops=1)
   Output: a, b
   Index Cond: ((t.a >= '-11758'::integer) AND (t.a <= '-3567'::integer))
   Index Searches: 1
   Prefetch: distance=270.743 count=14179 stalls=11 skipped=253931 resets=0 ungets=6776 forwarded=5643
             histogram [2,4) => 32, [4,8) => 11, [8,16) => 9, [16,32) => 11, [32,64) => 1, [64,128) => 4, [128,256) => 1, [256,512) => 14110
   Buffers: shared hit=4921 read=2686
 Settings: enable_bitmapscan = 'off', enable_seqscan = 'off', max_parallel_workers_per_gather = '0'
 Planning:
   Buffers: shared hit=82 read=27
 Planning Time: 2.125 ms
 Execution Time: 34.257 ms
(12 rows)

SET
SET
SET
SET
SET
                                             QUERY PLAN                                             
----------------------------------------------------------------------------------------------------
 Index Scan Backward using idx on public.t (actual rows=262144.00 loops=1)
   Output: a, b
   Index Cond: ((t.a >= '-11758'::integer) AND (t.a <= '-3567'::integer))
   Index Searches: 1
   Buffers: shared hit=7676
 Settings: enable_bitmapscan = 'off', enable_seqscan = 'off', max_parallel_workers_per_gather = '0'
 Planning:
   Buffers: shared hit=114
 Planning Time: 0.277 ms
 Execution Time: 11.063 ms
(10 rows)

