SET
SET
SET
SET
SET
                                                                 QUERY PLAN                                                                  
---------------------------------------------------------------------------------------------------------------------------------------------
 Index Scan Backward using idx on public.t (actual rows=65536.00 loops=1)
   Output: a, b
   Index Cond: ((t.a >= '-13840'::integer) AND (t.a <= '-11793'::integer))
   Index Searches: 1
   Prefetch: distance=259.917 count=3260 stalls=50 skipped=62939 resets=0 ungets=1480 forwarded=1250
             histogram [2,4) => 102, [4,8) => 18, [8,16) => 7, [16,32) => 16, [32,64) => 3, [64,128) => 2, [128,256) => 4, [256,512) => 3108
   Buffers: shared hit=1209 read=675
 Settings: enable_bitmapscan = 'off', enable_seqscan = 'off', max_parallel_workers_per_gather = '0'
 Planning:
   Buffers: shared hit=82 read=23
 Planning Time: 1.822 ms
 Execution Time: 10.472 ms
(12 rows)

SET
SET
SET
SET
SET
                                             QUERY PLAN                                             
----------------------------------------------------------------------------------------------------
 Index Scan Backward using idx on public.t (actual rows=65536.00 loops=1)
   Output: a, b
   Index Cond: ((t.a >= '-13840'::integer) AND (t.a <= '-11793'::integer))
   Index Searches: 1
   Buffers: shared hit=1914
 Settings: enable_bitmapscan = 'off', enable_seqscan = 'off', max_parallel_workers_per_gather = '0'
 Planning:
   Buffers: shared hit=110
 Planning Time: 0.155 ms
 Execution Time: 2.416 ms
(10 rows)

