SET
SET
SET
SET
SET
                                                                 QUERY PLAN                                                                  
---------------------------------------------------------------------------------------------------------------------------------------------
 Index Scan Backward using idx on public.t (actual rows=32768.00 loops=1)
   Output: a, b
   Index Cond: ((t.a >= '-18016'::integer) AND (t.a <= '-16993'::integer))
   Index Searches: 1
   Prefetch: distance=251.367 count=1598 stalls=41 skipped=31714 resets=0 ungets=712 forwarded=595
             histogram [2,4) => 73, [4,8) => 23, [8,16) => 15, [16,32) => 10, [32,64) => 1, [64,128) => 2, [128,256) => 2, [256,512) => 1472
   Buffers: shared hit=617 read=341
 Settings: enable_bitmapscan = 'off', enable_seqscan = 'off', max_parallel_workers_per_gather = '0'
 Planning:
   Buffers: shared hit=82 read=23
 Planning Time: 1.632 ms
 Execution Time: 5.569 ms
(12 rows)

SET
SET
SET
SET
SET
                                             QUERY PLAN                                             
----------------------------------------------------------------------------------------------------
 Index Scan Backward using idx on public.t (actual rows=32768.00 loops=1)
   Output: a, b
   Index Cond: ((t.a >= '-18016'::integer) AND (t.a <= '-16993'::integer))
   Index Searches: 1
   Buffers: shared hit=966
 Settings: enable_bitmapscan = 'off', enable_seqscan = 'off', max_parallel_workers_per_gather = '0'
 Planning:
   Buffers: shared hit=110
 Planning Time: 0.174 ms
 Execution Time: 1.440 ms
(10 rows)

