SET
SET
SET
SET
SET
                                                                 QUERY PLAN                                                                 
--------------------------------------------------------------------------------------------------------------------------------------------
 Index Scan Backward using idx on public.t (actual rows=1048576.00 loops=1)
   Output: a, b
   Index Cond: ((t.a >= '-63228'::integer) AND (t.a <= '-30461'::integer))
   Index Searches: 1
   Prefetch: distance=271.759 count=56822 stalls=12 skipped=1018442 resets=0 ungets=27051 forwarded=22064
             histogram [2,4) => 18, [4,8) => 8, [8,16) => 13, [16,32) => 9, [32,64) => 1, [64,128) => 1, [128,256) => 4, [256,512) => 56768
   Buffers: shared hit=19650 read=10740
 Settings: enable_bitmapscan = 'off', enable_seqscan = 'off', max_parallel_workers_per_gather = '0'
 Planning:
   Buffers: shared hit=82 read=23
 Planning Time: 1.830 ms
 Execution Time: 135.058 ms
(12 rows)

SET
SET
SET
SET
SET
                                             QUERY PLAN                                             
----------------------------------------------------------------------------------------------------
 Index Scan Backward using idx on public.t (actual rows=1048576.00 loops=1)
   Output: a, b
   Index Cond: ((t.a >= '-63228'::integer) AND (t.a <= '-30461'::integer))
   Index Searches: 1
   Buffers: shared hit=30735
 Settings: enable_bitmapscan = 'off', enable_seqscan = 'off', max_parallel_workers_per_gather = '0'
 Planning:
   Buffers: shared hit=110
 Planning Time: 0.169 ms
 Execution Time: 42.439 ms
(10 rows)

