SET
SET
SET
SET
SET
                                                                  QUERY PLAN                                                                   
-----------------------------------------------------------------------------------------------------------------------------------------------
 Index Scan Backward using idx on public.t (actual rows=524288.00 loops=1)
   Output: a, b
   Index Cond: ((t.a >= '-44724'::integer) AND (t.a <= '-28341'::integer))
   Index Searches: 1
   Prefetch: distance=269.166 count=27727 stalls=116 skipped=508420 resets=0 ungets=12966 forwarded=10445
             histogram [2,4) => 241, [4,8) => 21, [8,16) => 15, [16,32) => 11, [32,64) => 2, [64,128) => 2, [128,256) => 3, [256,512) => 27432
   Buffers: shared hit=9824 read=5372
 Settings: enable_bitmapscan = 'off', enable_seqscan = 'off', max_parallel_workers_per_gather = '0'
 Planning:
   Buffers: shared hit=82 read=23
 Planning Time: 1.810 ms
 Execution Time: 68.863 ms
(12 rows)

SET
SET
SET
SET
SET
                                             QUERY PLAN                                             
----------------------------------------------------------------------------------------------------
 Index Scan Backward using idx on public.t (actual rows=524288.00 loops=1)
   Output: a, b
   Index Cond: ((t.a >= '-44724'::integer) AND (t.a <= '-28341'::integer))
   Index Searches: 1
   Buffers: shared hit=15377
 Settings: enable_bitmapscan = 'off', enable_seqscan = 'off', max_parallel_workers_per_gather = '0'
 Planning:
   Buffers: shared hit=110
 Planning Time: 0.175 ms
 Execution Time: 21.713 ms
(10 rows)

