SET
SET
SET
SET
                                             QUERY PLAN                                             
----------------------------------------------------------------------------------------------------
 Index Scan using idx on public.t (actual rows=131072.00 loops=1)
   Output: a, b
   Index Cond: ((t.a >= 1241) AND (t.a <= 34008))
   Index Searches: 1
   Buffers: shared hit=122873 read=6524
 Settings: enable_bitmapscan = 'off', enable_seqscan = 'off', max_parallel_workers_per_gather = '0'
 Planning:
   Buffers: shared hit=78 read=27
 Planning Time: 2.036 ms
 Execution Time: 34.317 ms
(10 rows)

SET
SET
SET
SET
                                             QUERY PLAN                                             
----------------------------------------------------------------------------------------------------
 Index Scan using idx on public.t (actual rows=131072.00 loops=1)
   Output: a, b
   Index Cond: ((t.a >= 1241) AND (t.a <= 34008))
   Index Searches: 1
   Buffers: shared hit=129397
 Settings: enable_bitmapscan = 'off', enable_seqscan = 'off', max_parallel_workers_per_gather = '0'
 Planning:
   Buffers: shared hit=110
 Planning Time: 0.202 ms
 Execution Time: 14.519 ms
(10 rows)

