SET
SET
SET
SET
SET
                                                                 QUERY PLAN                                                                  
---------------------------------------------------------------------------------------------------------------------------------------------
 Index Scan Backward using idx on public.t (actual rows=6048576.00 loops=1)
   Output: a, b
   Index Cond: ((t.a >= '-193227'::integer) AND (t.a <= '-4210'::integer))
   Index Searches: 1
   Prefetch: distance=271.912 count=326081 stalls=19 skipped=5876670 resets=0 ungets=154545 forwarded=125696
             histogram [2,4) => 38, [4,8) => 32, [8,16) => 7, [16,32) => 8, [32,64) => 6, [64,128) => 1, [128,256) => 5, [256,512) => 325984
   Buffers: shared hit=112636 read=61932
 Settings: enable_bitmapscan = 'off', enable_seqscan = 'off', max_parallel_workers_per_gather = '0'
 Planning:
   Buffers: shared hit=82 read=27
 Planning Time: 2.092 ms
 Execution Time: 762.437 ms
(12 rows)

SET
SET
SET
SET
SET
                                             QUERY PLAN                                             
----------------------------------------------------------------------------------------------------
 Index Scan Backward using idx on public.t (actual rows=6048576.00 loops=1)
   Output: a, b
   Index Cond: ((t.a >= '-193227'::integer) AND (t.a <= '-4210'::integer))
   Index Searches: 1
   Buffers: shared hit=176971
 Settings: enable_bitmapscan = 'off', enable_seqscan = 'off', max_parallel_workers_per_gather = '0'
 Planning:
   Buffers: shared hit=114
 Planning Time: 0.216 ms
 Execution Time: 256.904 ms
(10 rows)

