SET
SET
SET
SET
SET
                                                                  QUERY PLAN                                                                  
----------------------------------------------------------------------------------------------------------------------------------------------
 Index Scan Backward using idx on public.t (actual rows=5048576.00 loops=1)
   Output: a, b
   Index Cond: ((t.a >= '-177163'::integer) AND (t.a <= '-19396'::integer))
   Index Searches: 1
   Prefetch: distance=271.920 count=272491 stalls=23 skipped=4904821 resets=0 ungets=129238 forwarded=105129
             histogram [2,4) => 38, [4,8) => 6, [8,16) => 14, [16,32) => 10, [32,64) => 1, [64,128) => 4, [128,256) => 1, [256,512) => 272417
   Buffers: shared hit=94175 read=51696
 Settings: enable_bitmapscan = 'off', enable_seqscan = 'off', max_parallel_workers_per_gather = '0'
 Planning:
   Buffers: shared hit=82 read=23
 Planning Time: 1.844 ms
 Execution Time: 635.616 ms
(12 rows)

SET
SET
SET
SET
SET
                                             QUERY PLAN                                             
----------------------------------------------------------------------------------------------------
 Index Scan Backward using idx on public.t (actual rows=5048576.00 loops=1)
   Output: a, b
   Index Cond: ((t.a >= '-177163'::integer) AND (t.a <= '-19396'::integer))
   Index Searches: 1
   Buffers: shared hit=147804
 Settings: enable_bitmapscan = 'off', enable_seqscan = 'off', max_parallel_workers_per_gather = '0'
 Planning:
   Buffers: shared hit=110
 Planning Time: 0.169 ms
 Execution Time: 206.690 ms
(10 rows)

