SET
SET
SET
SET
SET
                                                                  QUERY PLAN                                                                  
----------------------------------------------------------------------------------------------------------------------------------------------
 Index Scan Backward using idx on public.t (actual rows=8048576.00 loops=1)
   Output: a, b
   Index Cond: ((t.a >= '-281789'::integer) AND (t.a <= '-30272'::integer))
   Index Searches: 1
   Prefetch: distance=271.922 count=434995 stalls=35 skipped=7819501 resets=0 ungets=206722 forwarded=168269
             histogram [2,4) => 60, [4,8) => 26, [8,16) => 14, [16,32) => 7, [32,64) => 4, [64,128) => 1, [128,256) => 1, [256,512) => 434882
   Buffers: shared hit=150233 read=82410
 Settings: enable_bitmapscan = 'off', enable_seqscan = 'off', max_parallel_workers_per_gather = '0'
 Planning:
   Buffers: shared hit=82 read=23
 Planning Time: 1.785 ms
 Execution Time: 1007.174 ms
(12 rows)

SET
SET
SET
SET
SET
                                             QUERY PLAN                                             
----------------------------------------------------------------------------------------------------
 Index Scan Backward using idx on public.t (actual rows=8048576.00 loops=1)
   Output: a, b
   Index Cond: ((t.a >= '-281789'::integer) AND (t.a <= '-30272'::integer))
   Index Searches: 1
   Buffers: shared hit=235519
 Settings: enable_bitmapscan = 'off', enable_seqscan = 'off', max_parallel_workers_per_gather = '0'
 Planning:
   Buffers: shared hit=110
 Planning Time: 0.199 ms
 Execution Time: 321.463 ms
(10 rows)

