SET
SET
SET
SET
SET
                                                                  QUERY PLAN                                                                  
----------------------------------------------------------------------------------------------------------------------------------------------
 Index Scan Backward using idx on public.t (actual rows=1048576.00 loops=1)
   Output: a, b
   Index Cond: ((t.a >= '-46367'::integer) AND (t.a <= '-13600'::integer))
   Index Searches: 1
   Prefetch: distance=270.931 count=56119 stalls=106 skipped=1018745 resets=0 ungets=26456 forwarded=21496
             histogram [2,4) => 188, [4,8) => 7, [8,16) => 11, [16,32) => 12, [32,64) => 1, [64,128) => 1, [128,256) => 4, [256,512) => 55895
   Buffers: shared hit=19554 read=10741
 Settings: enable_bitmapscan = 'off', enable_seqscan = 'off', max_parallel_workers_per_gather = '0'
 Planning:
   Buffers: shared hit=82 read=23
 Planning Time: 1.814 ms
 Execution Time: 136.349 ms
(12 rows)

SET
SET
SET
SET
SET
                                             QUERY PLAN                                             
----------------------------------------------------------------------------------------------------
 Index Scan Backward using idx on public.t (actual rows=1048576.00 loops=1)
   Output: a, b
   Index Cond: ((t.a >= '-46367'::integer) AND (t.a <= '-13600'::integer))
   Index Searches: 1
   Buffers: shared hit=30712
 Settings: enable_bitmapscan = 'off', enable_seqscan = 'off', max_parallel_workers_per_gather = '0'
 Planning:
   Buffers: shared hit=110
 Planning Time: 0.174 ms
 Execution Time: 42.572 ms
(10 rows)

