SET
SET
SET
SET
SET
                                                                 QUERY PLAN                                                                 
--------------------------------------------------------------------------------------------------------------------------------------------
 Index Scan Backward using idx on public.t (actual rows=65536.00 loops=1)
   Output: a, b
   Index Cond: ((t.a >= '-29064'::integer) AND (t.a <= '-27017'::integer))
   Index Searches: 1
   Prefetch: distance=267.606 count=3388 stalls=13 skipped=62940 resets=0 ungets=1604 forwarded=1333
             histogram [2,4) => 20, [4,8) => 9, [8,16) => 14, [16,32) => 11, [32,64) => 1, [64,128) => 1, [128,256) => 4, [256,512) => 3328
   Buffers: shared hit=1194 read=675
 Settings: enable_bitmapscan = 'off', enable_seqscan = 'off', max_parallel_workers_per_gather = '0'
 Planning:
   Buffers: shared hit=82 read=23
 Planning Time: 1.786 ms
 Execution Time: 10.921 ms
(12 rows)

SET
SET
SET
SET
SET
                                             QUERY PLAN                                             
----------------------------------------------------------------------------------------------------
 Index Scan Backward using idx on public.t (actual rows=65536.00 loops=1)
   Output: a, b
   Index Cond: ((t.a >= '-29064'::integer) AND (t.a <= '-27017'::integer))
   Index Searches: 1
   Buffers: shared hit=1884
 Settings: enable_bitmapscan = 'off', enable_seqscan = 'off', max_parallel_workers_per_gather = '0'
 Planning:
   Buffers: shared hit=110
 Planning Time: 0.127 ms
 Execution Time: 2.331 ms
(10 rows)

