SET
SET
SET
SET
SET
                                                                  QUERY PLAN                                                                  
----------------------------------------------------------------------------------------------------------------------------------------------
 Index Scan Backward using idx on public.t (actual rows=524288.00 loops=1)
   Output: a, b
   Index Cond: ((t.a >= '-20939'::integer) AND (t.a <= '-4556'::integer))
   Index Searches: 1
   Prefetch: distance=269.529 count=28069 stalls=112 skipped=508968 resets=0 ungets=13340 forwarded=10969
             histogram [2,4) => 201, [4,8) => 33, [8,16) => 13, [16,32) => 9, [32,64) => 1, [64,128) => 1, [128,256) => 3, [256,512) => 27808
   Buffers: shared hit=9844 read=5371
 Settings: enable_bitmapscan = 'off', enable_seqscan = 'off', max_parallel_workers_per_gather = '0'
 Planning:
   Buffers: shared hit=82 read=27
 Planning Time: 2.085 ms
 Execution Time: 71.024 ms
(12 rows)

SET
SET
SET
SET
SET
                                             QUERY PLAN                                             
----------------------------------------------------------------------------------------------------
 Index Scan Backward using idx on public.t (actual rows=524288.00 loops=1)
   Output: a, b
   Index Cond: ((t.a >= '-20939'::integer) AND (t.a <= '-4556'::integer))
   Index Searches: 1
   Buffers: shared hit=15330
 Settings: enable_bitmapscan = 'off', enable_seqscan = 'off', max_parallel_workers_per_gather = '0'
 Planning:
   Buffers: shared hit=114
 Planning Time: 0.210 ms
 Execution Time: 23.490 ms
(10 rows)

