SET
SET
SET
SET
SET
                                                                 QUERY PLAN                                                                 
--------------------------------------------------------------------------------------------------------------------------------------------
 Index Scan Backward using idx on public.t (actual rows=131072.00 loops=1)
   Output: a, b
   Index Cond: ((t.a >= '-35048'::integer) AND (t.a <= '-30953'::integer))
   Index Searches: 1
   Prefetch: distance=265.958 count=6883 stalls=54 skipped=127100 resets=0 ungets=3220 forwarded=2610
             histogram [2,4) => 108, [4,8) => 25, [8,16) => 6, [16,32) => 8, [32,64) => 5, [64,128) => 4, [128,256) => 1, [256,512) => 6726
   Buffers: shared hit=2466 read=1346
 Settings: enable_bitmapscan = 'off', enable_seqscan = 'off', max_parallel_workers_per_gather = '0'
 Planning:
   Buffers: shared hit=82 read=23
 Planning Time: 1.795 ms
 Execution Time: 18.603 ms
(12 rows)

SET
SET
SET
SET
SET
                                             QUERY PLAN                                             
----------------------------------------------------------------------------------------------------
 Index Scan Backward using idx on public.t (actual rows=131072.00 loops=1)
   Output: a, b
   Index Cond: ((t.a >= '-35048'::integer) AND (t.a <= '-30953'::integer))
   Index Searches: 1
   Buffers: shared hit=3847
 Settings: enable_bitmapscan = 'off', enable_seqscan = 'off', max_parallel_workers_per_gather = '0'
 Planning:
   Buffers: shared hit=110
 Planning Time: 0.190 ms
 Execution Time: 5.521 ms
(10 rows)

