SET
SET
SET
SET
SET
                                                                  QUERY PLAN                                                                  
----------------------------------------------------------------------------------------------------------------------------------------------
 Index Scan Backward using idx on public.t (actual rows=2048576.00 loops=1)
   Output: a, b
   Index Cond: ((t.a >= '-76788'::integer) AND (t.a <= '-12771'::integer))
   Index Searches: 1
   Prefetch: distance=271.809 count=110227 stalls=11 skipped=1989790 resets=0 ungets=52251 forwarded=42524
             histogram [2,4) => 30, [4,8) => 18, [8,16) => 15, [16,32) => 8, [32,64) => 4, [64,128) => 1, [128,256) => 1, [256,512) => 110150
   Buffers: shared hit=38108 read=20979
 Settings: enable_bitmapscan = 'off', enable_seqscan = 'off', max_parallel_workers_per_gather = '0'
 Planning:
   Buffers: shared hit=82 read=23
 Planning Time: 1.841 ms
 Execution Time: 265.691 ms
(12 rows)

SET
SET
SET
SET
SET
                                             QUERY PLAN                                             
----------------------------------------------------------------------------------------------------
 Index Scan Backward using idx on public.t (actual rows=2048576.00 loops=1)
   Output: a, b
   Index Cond: ((t.a >= '-76788'::integer) AND (t.a <= '-12771'::integer))
   Index Searches: 1
   Buffers: shared hit=59843
 Settings: enable_bitmapscan = 'off', enable_seqscan = 'off', max_parallel_workers_per_gather = '0'
 Planning:
   Buffers: shared hit=110
 Planning Time: 0.168 ms
 Execution Time: 83.004 ms
(10 rows)

