SET
SET
SET
SET
SET
                                                                 QUERY PLAN                                                                  
---------------------------------------------------------------------------------------------------------------------------------------------
 Index Scan Backward using idx on public.t (actual rows=16384.00 loops=1)
   Output: a, b
   Index Cond: ((t.a >= '-31015'::integer) AND (t.a <= '-30504'::integer))
   Index Searches: 1
   Prefetch: distance=196.804 count=603 stalls=60 skipped=15836 resets=0 ungets=210 forwarded=185
             histogram [2,4) => 124, [4,8) => 16, [8,16) => 15, [16,32) => 10, [32,64) => 3, [64,128) => 1, [128,256) => 4, [256,512) => 430
   Buffers: shared hit=303 read=172
 Settings: enable_bitmapscan = 'off', enable_seqscan = 'off', max_parallel_workers_per_gather = '0'
 Planning:
   Buffers: shared hit=82 read=23
 Planning Time: 1.367 ms
 Execution Time: 3.078 ms
(12 rows)

SET
SET
SET
SET
SET
                                             QUERY PLAN                                             
----------------------------------------------------------------------------------------------------
 Index Scan Backward using idx on public.t (actual rows=16384.00 loops=1)
   Output: a, b
   Index Cond: ((t.a >= '-31015'::integer) AND (t.a <= '-30504'::integer))
   Index Searches: 1
   Buffers: shared hit=476
 Settings: enable_bitmapscan = 'off', enable_seqscan = 'off', max_parallel_workers_per_gather = '0'
 Planning:
   Buffers: shared hit=110
 Planning Time: 0.180 ms
 Execution Time: 0.770 ms
(10 rows)

