SET
SET
SET
SET
SET
                                                                  QUERY PLAN                                                                   
-----------------------------------------------------------------------------------------------------------------------------------------------
 Index Scan Backward using idx on public.t (actual rows=9048576.00 loops=1)
   Output: a, b
   Index Cond: ((t.a >= '-287278'::integer) AND (t.a <= '-4511'::integer))
   Index Searches: 1
   Prefetch: distance=271.835 count=487228 stalls=128 skipped=8791109 resets=0 ungets=230688 forwarded=187276
             histogram [2,4) => 223, [4,8) => 33, [8,16) => 13, [16,32) => 9, [32,64) => 1, [64,128) => 1, [128,256) => 3, [256,512) => 486945
   Buffers: shared hit=168581 read=92648
 Settings: enable_bitmapscan = 'off', enable_seqscan = 'off', max_parallel_workers_per_gather = '0'
 Planning:
   Buffers: shared hit=82 read=27
 Planning Time: 2.114 ms
 Execution Time: 1132.115 ms
(12 rows)

SET
SET
SET
SET
SET
                                             QUERY PLAN                                             
----------------------------------------------------------------------------------------------------
 Index Scan Backward using idx on public.t (actual rows=9048576.00 loops=1)
   Output: a, b
   Index Cond: ((t.a >= '-287278'::integer) AND (t.a <= '-4511'::integer))
   Index Searches: 1
   Buffers: shared hit=264776
 Settings: enable_bitmapscan = 'off', enable_seqscan = 'off', max_parallel_workers_per_gather = '0'
 Planning:
   Buffers: shared hit=114
 Planning Time: 0.214 ms
 Execution Time: 389.377 ms
(10 rows)

