SET
SET
SET
SET
SET
                                                                 QUERY PLAN                                                                  
---------------------------------------------------------------------------------------------------------------------------------------------
 Index Scan Backward using idx on public.t (actual rows=7048576.00 loops=1)
   Output: a, b
   Index Cond: ((t.a >= '-238078'::integer) AND (t.a <= '-17811'::integer))
   Index Searches: 1
   Prefetch: distance=271.940 count=379673 stalls=7 skipped=6847967 resets=0 ungets=179902 forwarded=146281
             histogram [2,4) => 22, [4,8) => 25, [8,16) => 6, [16,32) => 9, [32,64) => 6, [64,128) => 1, [128,256) => 1, [256,512) => 379603
   Buffers: shared hit=131200 read=72171
 Settings: enable_bitmapscan = 'off', enable_seqscan = 'off', max_parallel_workers_per_gather = '0'
 Planning:
   Buffers: shared hit=82 read=23
 Planning Time: 1.811 ms
 Execution Time: 884.561 ms
(12 rows)

SET
SET
SET
SET
SET
                                             QUERY PLAN                                             
----------------------------------------------------------------------------------------------------
 Index Scan Backward using idx on public.t (actual rows=7048576.00 loops=1)
   Output: a, b
   Index Cond: ((t.a >= '-238078'::integer) AND (t.a <= '-17811'::integer))
   Index Searches: 1
   Buffers: shared hit=206100
 Settings: enable_bitmapscan = 'off', enable_seqscan = 'off', max_parallel_workers_per_gather = '0'
 Planning:
   Buffers: shared hit=110
 Planning Time: 0.182 ms
 Execution Time: 286.276 ms
(10 rows)

