SET
SET
SET
SET
SET
                                                                  QUERY PLAN                                                                   
-----------------------------------------------------------------------------------------------------------------------------------------------
 Index Scan Backward using idx on public.t (actual rows=3048576.00 loops=1)
   Output: a, b
   Index Cond: ((t.a >= '-98379'::integer) AND (t.a <= '-3112'::integer))
   Index Searches: 1
   Prefetch: distance=271.425 count=163626 stalls=152 skipped=2961380 resets=0 ungets=77349 forwarded=63079
             histogram [2,4) => 299, [4,8) => 20, [8,16) => 9, [16,32) => 11, [32,64) => 1, [64,128) => 4, [128,256) => 1, [256,512) => 163281
   Buffers: shared hit=56765 read=31215
 Settings: enable_bitmapscan = 'off', enable_seqscan = 'off', max_parallel_workers_per_gather = '0'
 Planning:
   Buffers: shared hit=82 read=27
 Planning Time: 2.090 ms
 Execution Time: 386.585 ms
(12 rows)

SET
SET
SET
SET
SET
                                             QUERY PLAN                                             
----------------------------------------------------------------------------------------------------
 Index Scan Backward using idx on public.t (actual rows=3048576.00 loops=1)
   Output: a, b
   Index Cond: ((t.a >= '-98379'::integer) AND (t.a <= '-3112'::integer))
   Index Searches: 1
   Buffers: shared hit=89179
 Settings: enable_bitmapscan = 'off', enable_seqscan = 'off', max_parallel_workers_per_gather = '0'
 Planning:
   Buffers: shared hit=114
 Planning Time: 0.184 ms
 Execution Time: 130.012 ms
(10 rows)

