SET
SET
SET
SET
SET
                                                              QUERY PLAN                                                               
---------------------------------------------------------------------------------------------------------------------------------------
 Index Scan Backward using idx on public.t (actual rows=8048576.00 loops=1)
   Output: a, b
   Index Cond: ((t.a >= '-262505'::integer) AND (t.a <= '-10988'::integer))
   Index Searches: 1
   Buffers: shared hit=153032 read=82411
 Settings: enable_bitmapscan = 'off', enable_seqscan = 'off', max_parallel_workers_per_gather = '0', enable_indexscan_prefetch = 'off'
 Planning:
   Buffers: shared hit=82 read=23
 Planning Time: 1.797 ms
 Execution Time: 965.279 ms
(10 rows)

SET
SET
SET
SET
SET
                                                              QUERY PLAN                                                               
---------------------------------------------------------------------------------------------------------------------------------------
 Index Scan Backward using idx on public.t (actual rows=8048576.00 loops=1)
   Output: a, b
   Index Cond: ((t.a >= '-262505'::integer) AND (t.a <= '-10988'::integer))
   Index Searches: 1
   Buffers: shared hit=235443
 Settings: enable_bitmapscan = 'off', enable_seqscan = 'off', max_parallel_workers_per_gather = '0', enable_indexscan_prefetch = 'off'
 Planning:
   Buffers: shared hit=110
 Planning Time: 0.200 ms
 Execution Time: 297.901 ms
(10 rows)

