SET
SET
SET
SET
SET
                                                               QUERY PLAN                                                                
-----------------------------------------------------------------------------------------------------------------------------------------
 Index Scan Backward using idx on public.t (actual rows=4096.00 loops=1)
   Output: a, b
   Index Cond: ((t.a >= '-16269'::integer) AND (t.a <= '-16142'::integer))
   Index Searches: 1
   Prefetch: distance=189.241 count=112 stalls=3 skipped=3062 resets=0 ungets=40 forwarded=21
             histogram [2,4) => 6, [4,8) => 11, [8,16) => 10, [16,32) => 5, [32,64) => 3, [64,128) => 1, [128,256) => 2, [256,512) => 74
   Buffers: shared hit=61 read=46
 Settings: enable_bitmapscan = 'off', enable_seqscan = 'off', max_parallel_workers_per_gather = '0'
 Planning:
   Buffers: shared hit=78 read=22
 Planning Time: 1.308 ms
 Execution Time: 2.436 ms
(12 rows)

SET
SET
SET
SET
SET
                                             QUERY PLAN                                             
----------------------------------------------------------------------------------------------------
 Index Scan Backward using idx on public.t (actual rows=4096.00 loops=1)
   Output: a, b
   Index Cond: ((t.a >= '-16269'::integer) AND (t.a <= '-16142'::integer))
   Index Searches: 1
   Buffers: shared hit=107
 Settings: enable_bitmapscan = 'off', enable_seqscan = 'off', max_parallel_workers_per_gather = '0'
 Planning:
   Buffers: shared hit=105
 Planning Time: 0.122 ms
 Execution Time: 0.173 ms
(10 rows)

