SET
SET
SET
SET
SET
                                                                QUERY PLAN                                                                
------------------------------------------------------------------------------------------------------------------------------------------
 Index Scan Backward using idx on public.t (actual rows=131072.00 loops=1)
   Output: a, b
   Index Cond: ((t.a >= '-10281'::integer) AND (t.a <= '-6186'::integer))
   Index Searches: 1
   Prefetch: distance=270.074 count=5698 stalls=10 skipped=127331 resets=0 ungets=2798 forwarded=816
             histogram [2,4) => 16, [4,8) => 7, [8,16) => 6, [16,32) => 8, [32,64) => 3, [64,128) => 1, [128,256) => 2, [256,512) => 5655
   Buffers: shared hit=1693 read=1346
 Settings: enable_bitmapscan = 'off', enable_seqscan = 'off', max_parallel_workers_per_gather = '0'
 Planning:
   Buffers: shared hit=78 read=22
 Planning Time: 1.814 ms
 Execution Time: 34.973 ms
(12 rows)

SET
SET
SET
SET
SET
                                             QUERY PLAN                                             
----------------------------------------------------------------------------------------------------
 Index Scan Backward using idx on public.t (actual rows=131072.00 loops=1)
   Output: a, b
   Index Cond: ((t.a >= '-10281'::integer) AND (t.a <= '-6186'::integer))
   Index Searches: 1
   Buffers: shared hit=3049
 Settings: enable_bitmapscan = 'off', enable_seqscan = 'off', max_parallel_workers_per_gather = '0'
 Planning:
   Buffers: shared hit=105
 Planning Time: 0.150 ms
 Execution Time: 4.888 ms
(10 rows)

