SET
SET
SET
SET
SET
                                                               QUERY PLAN                                                               
----------------------------------------------------------------------------------------------------------------------------------------
 Index Scan Backward using idx on public.t (actual rows=8192.00 loops=1)
   Output: a, b
   Index Cond: ((t.a >= '-12394'::integer) AND (t.a <= '-12139'::integer))
   Index Searches: 1
   Prefetch: distance=245.653 count=294 stalls=2 skipped=7889 resets=0 ungets=133 forwarded=40
             histogram [2,4) => 4, [4,8) => 7, [8,16) => 6, [16,32) => 9, [32,64) => 1, [64,128) => 2, [128,256) => 3, [256,512) => 262
   Buffers: shared hit=90 read=89
 Settings: enable_bitmapscan = 'off', enable_seqscan = 'off', max_parallel_workers_per_gather = '0'
 Planning:
   Buffers: shared hit=78 read=22
 Planning Time: 1.318 ms
 Execution Time: 3.286 ms
(12 rows)

SET
SET
SET
SET
SET
                                             QUERY PLAN                                             
----------------------------------------------------------------------------------------------------
 Index Scan Backward using idx on public.t (actual rows=8192.00 loops=1)
   Output: a, b
   Index Cond: ((t.a >= '-12394'::integer) AND (t.a <= '-12139'::integer))
   Index Searches: 1
   Buffers: shared hit=180
 Settings: enable_bitmapscan = 'off', enable_seqscan = 'off', max_parallel_workers_per_gather = '0'
 Planning:
   Buffers: shared hit=105
 Planning Time: 0.117 ms
 Execution Time: 0.328 ms
(10 rows)

