SET
SET
SET
SET
SET
                                                                QUERY PLAN                                                                 
-------------------------------------------------------------------------------------------------------------------------------------------
 Index Scan Backward using idx on public.t (actual rows=524288.00 loops=1)
   Output: a, b
   Index Cond: ((t.a >= '-42258'::integer) AND (t.a <= '-25875'::integer))
   Index Searches: 1
   Prefetch: distance=271.392 count=22820 stalls=12 skipped=512309 resets=0 ungets=11268 forwarded=3212
             histogram [2,4) => 22, [4,8) => 9, [8,16) => 6, [16,32) => 9, [32,64) => 2, [64,128) => 2, [128,256) => 3, [256,512) => 22767
   Buffers: shared hit=6638 read=5373
 Settings: enable_bitmapscan = 'off', enable_seqscan = 'off', max_parallel_workers_per_gather = '0'
 Planning:
   Buffers: shared hit=78 read=22
 Planning Time: 1.912 ms
 Execution Time: 142.183 ms
(12 rows)

SET
SET
SET
SET
SET
                                             QUERY PLAN                                             
----------------------------------------------------------------------------------------------------
 Index Scan Backward using idx on public.t (actual rows=524288.00 loops=1)
   Output: a, b
   Index Cond: ((t.a >= '-42258'::integer) AND (t.a <= '-25875'::integer))
   Index Searches: 1
   Buffers: shared hit=12047
 Settings: enable_bitmapscan = 'off', enable_seqscan = 'off', max_parallel_workers_per_gather = '0'
 Planning:
   Buffers: shared hit=105
 Planning Time: 0.161 ms
 Execution Time: 20.820 ms
(10 rows)

