SET
SET
SET
SET
SET
                                                               QUERY PLAN                                                                
-----------------------------------------------------------------------------------------------------------------------------------------
 Index Scan Backward using idx on public.t (actual rows=65536.00 loops=1)
   Output: a, b
   Index Cond: ((t.a >= '-14435'::integer) AND (t.a <= '-12388'::integer))
   Index Searches: 1
   Prefetch: distance=268.994 count=2854 stalls=3 skipped=63577 resets=0 ungets=1401 forwarded=411
             histogram [2,4) => 6, [4,8) => 8, [8,16) => 6, [16,32) => 9, [32,64) => 1, [64,128) => 2, [128,256) => 3, [256,512) => 2819
   Buffers: shared hit=845 read=676
 Settings: enable_bitmapscan = 'off', enable_seqscan = 'off', max_parallel_workers_per_gather = '0'
 Planning:
   Buffers: shared hit=78 read=22
 Planning Time: 1.431 ms
 Execution Time: 17.055 ms
(12 rows)

SET
SET
SET
SET
SET
                                             QUERY PLAN                                             
----------------------------------------------------------------------------------------------------
 Index Scan Backward using idx on public.t (actual rows=65536.00 loops=1)
   Output: a, b
   Index Cond: ((t.a >= '-14435'::integer) AND (t.a <= '-12388'::integer))
   Index Searches: 1
   Buffers: shared hit=1528
 Settings: enable_bitmapscan = 'off', enable_seqscan = 'off', max_parallel_workers_per_gather = '0'
 Planning:
   Buffers: shared hit=105
 Planning Time: 0.132 ms
 Execution Time: 2.375 ms
(10 rows)

