SET
SET
SET
SET
SET
                                                                QUERY PLAN                                                                 
-------------------------------------------------------------------------------------------------------------------------------------------
 Index Scan Backward using idx on public.t (actual rows=3048576.00 loops=1)
   Output: a, b
   Index Cond: ((t.a >= '-120797'::integer) AND (t.a <= '-25530'::integer))
   Index Searches: 1
   Prefetch: distance=271.927 count=132581 stalls=2 skipped=2981104 resets=0 ungets=65558 forwarded=18593
             histogram [2,4) => 4, [4,8) => 6, [8,16) => 6, [16,32) => 9, [32,64) => 2, [64,128) => 3, [128,256) => 1, [256,512) => 132550
   Buffers: shared hit=38281 read=31218
 Settings: enable_bitmapscan = 'off', enable_seqscan = 'off', max_parallel_workers_per_gather = '0'
 Planning:
   Buffers: shared hit=78 read=22
 Planning Time: 1.833 ms
 Execution Time: 831.952 ms
(12 rows)

SET
SET
SET
SET
SET
                                             QUERY PLAN                                             
----------------------------------------------------------------------------------------------------
 Index Scan Backward using idx on public.t (actual rows=3048576.00 loops=1)
   Output: a, b
   Index Cond: ((t.a >= '-120797'::integer) AND (t.a <= '-25530'::integer))
   Index Searches: 1
   Buffers: shared hit=69764
 Settings: enable_bitmapscan = 'off', enable_seqscan = 'off', max_parallel_workers_per_gather = '0'
 Planning:
   Buffers: shared hit=105
 Planning Time: 0.237 ms
 Execution Time: 118.957 ms
(10 rows)

