SET
SET
SET
SET
SET
                                                                 QUERY PLAN                                                                 
--------------------------------------------------------------------------------------------------------------------------------------------
 Index Scan Backward using idx on public.t (actual rows=2048576.00 loops=1)
   Output: a, b
   Index Cond: ((t.a >= '-65825'::integer) AND (t.a <= '-1808'::integer))
   Index Searches: 1
   Prefetch: distance=271.854 count=89449 stalls=3 skipped=2002460 resets=0 ungets=44189 forwarded=12651
             histogram [2,4) => 16, [4,8) => 11, [8,16) => 8, [16,32) => 7, [32,64) => 1, [64,128) => 2, [128,256) => 2, [256,512) => 89402
   Buffers: shared hit=25953 read=20977
 Settings: enable_bitmapscan = 'off', enable_seqscan = 'off', max_parallel_workers_per_gather = '0'
 Planning:
   Buffers: shared hit=78 read=26
 Planning Time: 2.054 ms
 Execution Time: 542.481 ms
(12 rows)

SET
SET
SET
SET
SET
                                             QUERY PLAN                                             
----------------------------------------------------------------------------------------------------
 Index Scan Backward using idx on public.t (actual rows=2048576.00 loops=1)
   Output: a, b
   Index Cond: ((t.a >= '-65825'::integer) AND (t.a <= '-1808'::integer))
   Index Searches: 1
   Buffers: shared hit=47113
 Settings: enable_bitmapscan = 'off', enable_seqscan = 'off', max_parallel_workers_per_gather = '0'
 Planning:
   Buffers: shared hit=109
 Planning Time: 0.194 ms
 Execution Time: 80.425 ms
(10 rows)

