SET
SET
SET
SET
SET
                                                                QUERY PLAN                                                                 
-------------------------------------------------------------------------------------------------------------------------------------------
 Index Scan Backward using idx on public.t (actual rows=1048576.00 loops=1)
   Output: a, b
   Index Cond: ((t.a >= '-58043'::integer) AND (t.a <= '-25276'::integer))
   Index Searches: 1
   Prefetch: distance=271.825 count=45891 stalls=3 skipped=1024954 resets=0 ungets=22687 forwarded=6482
             histogram [2,4) => 2, [4,8) => 5, [8,16) => 7, [16,32) => 10, [32,64) => 3, [64,128) => 1, [128,256) => 2, [256,512) => 45861
   Buffers: shared hit=13325 read=10740
 Settings: enable_bitmapscan = 'off', enable_seqscan = 'off', max_parallel_workers_per_gather = '0'
 Planning:
   Buffers: shared hit=78 read=22
 Planning Time: 1.816 ms
 Execution Time: 284.950 ms
(12 rows)

SET
SET
SET
SET
SET
                                             QUERY PLAN                                             
----------------------------------------------------------------------------------------------------
 Index Scan Backward using idx on public.t (actual rows=1048576.00 loops=1)
   Output: a, b
   Index Cond: ((t.a >= '-58043'::integer) AND (t.a <= '-25276'::integer))
   Index Searches: 1
   Buffers: shared hit=24157
 Settings: enable_bitmapscan = 'off', enable_seqscan = 'off', max_parallel_workers_per_gather = '0'
 Planning:
   Buffers: shared hit=105
 Planning Time: 0.208 ms
 Execution Time: 38.948 ms
(10 rows)

