SET
SET
SET
SET
SET
                                                                 QUERY PLAN                                                                 
--------------------------------------------------------------------------------------------------------------------------------------------
 Index Scan Backward using idx on public.t (actual rows=4048576.00 loops=1)
   Output: a, b
   Index Cond: ((t.a >= '-148461'::integer) AND (t.a <= '-21944'::integer))
   Index Searches: 1
   Prefetch: distance=271.926 count=176216 stalls=6 skipped=3958641 resets=0 ungets=87137 forwarded=24744
             histogram [2,4) => 14, [4,8) => 8, [8,16) => 6, [16,32) => 9, [32,64) => 1, [64,128) => 2, [128,256) => 2, [256,512) => 176174
   Buffers: shared hit=50897 read=41456
 Settings: enable_bitmapscan = 'off', enable_seqscan = 'off', max_parallel_workers_per_gather = '0'
 Planning:
   Buffers: shared hit=78 read=22
 Planning Time: 1.812 ms
 Execution Time: 1103.162 ms
(12 rows)

SET
SET
SET
SET
SET
                                             QUERY PLAN                                             
----------------------------------------------------------------------------------------------------
 Index Scan Backward using idx on public.t (actual rows=4048576.00 loops=1)
   Output: a, b
   Index Cond: ((t.a >= '-148461'::integer) AND (t.a <= '-21944'::integer))
   Index Searches: 1
   Buffers: shared hit=92720
 Settings: enable_bitmapscan = 'off', enable_seqscan = 'off', max_parallel_workers_per_gather = '0'
 Planning:
   Buffers: shared hit=105
 Planning Time: 0.201 ms
 Execution Time: 146.878 ms
(10 rows)

