SET
SET
SET
SET
SET
                                             QUERY PLAN                                             
----------------------------------------------------------------------------------------------------
 Index Scan Backward using idx on public.t (actual rows=2048.00 loops=1)
   Output: a, b
   Index Cond: ((t.a >= '-28813'::integer) AND (t.a <= '-28750'::integer))
   Index Searches: 1
   Prefetch: distance=6.775 count=40 stalls=3 skipped=1718 resets=0 ungets=0 forwarded=11
             histogram [2,4) => 16, [4,8) => 12, [8,16) => 6, [16,32) => 6
   Buffers: shared hit=32 read=26
 Settings: enable_bitmapscan = 'off', enable_seqscan = 'off', max_parallel_workers_per_gather = '0'
 Planning:
   Buffers: shared hit=78 read=22
 Planning Time: 1.324 ms
 Execution Time: 1.743 ms
(12 rows)

SET
SET
SET
SET
SET
                                             QUERY PLAN                                             
----------------------------------------------------------------------------------------------------
 Index Scan Backward using idx on public.t (actual rows=2048.00 loops=1)
   Output: a, b
   Index Cond: ((t.a >= '-28813'::integer) AND (t.a <= '-28750'::integer))
   Index Searches: 1
   Buffers: shared hit=58
 Settings: enable_bitmapscan = 'off', enable_seqscan = 'off', max_parallel_workers_per_gather = '0'
 Planning:
   Buffers: shared hit=105
 Planning Time: 0.173 ms
 Execution Time: 0.131 ms
(10 rows)

