SET
SET
SET
SET
SET
                                                                QUERY PLAN                                                                
------------------------------------------------------------------------------------------------------------------------------------------
 Index Scan Backward using idx on public.t (actual rows=32768.00 loops=1)
   Output: a, b
   Index Cond: ((t.a >= '-3176'::integer) AND (t.a <= '-2153'::integer))
   Index Searches: 1
   Prefetch: distance=264.827 count=1347 stalls=6 skipped=31233 resets=0 ungets=649 forwarded=193
             histogram [2,4) => 8, [4,8) => 7, [8,16) => 7, [16,32) => 13, [32,64) => 1, [64,128) => 2, [128,256) => 2, [256,512) => 1307
   Buffers: shared hit=415 read=339
 Settings: enable_bitmapscan = 'off', enable_seqscan = 'off', max_parallel_workers_per_gather = '0'
 Planning:
   Buffers: shared hit=82 read=26
 Planning Time: 1.575 ms
 Execution Time: 9.199 ms
(12 rows)

SET
SET
SET
SET
SET
                                             QUERY PLAN                                             
----------------------------------------------------------------------------------------------------
 Index Scan Backward using idx on public.t (actual rows=32768.00 loops=1)
   Output: a, b
   Index Cond: ((t.a >= '-3176'::integer) AND (t.a <= '-2153'::integer))
   Index Searches: 1
   Buffers: shared hit=759
 Settings: enable_bitmapscan = 'off', enable_seqscan = 'off', max_parallel_workers_per_gather = '0'
 Planning:
   Buffers: shared hit=113
 Planning Time: 0.195 ms
 Execution Time: 1.449 ms
(10 rows)

