SET
SET
SET
SET
SET
                                                               QUERY PLAN                                                                
-----------------------------------------------------------------------------------------------------------------------------------------
 Index Scan Backward using idx on public.t (actual rows=131072.00 loops=1)
   Output: a, b
   Index Cond: ((t.a >= '-6136'::integer) AND (t.a <= '-2041'::integer))
   Index Searches: 1
   Prefetch: distance=270.641 count=5726 stalls=3 skipped=127806 resets=0 ungets=2814 forwarded=824
             histogram [2,4) => 4, [4,8) => 7, [8,16) => 6, [16,32) => 8, [32,64) => 2, [64,128) => 3, [128,256) => 1, [256,512) => 5695
   Buffers: shared hit=1689 read=1345
 Settings: enable_bitmapscan = 'off', enable_seqscan = 'off', max_parallel_workers_per_gather = '0'
 Planning:
   Buffers: shared hit=78 read=26
 Planning Time: 1.763 ms
 Execution Time: 34.677 ms
(12 rows)

SET
SET
SET
SET
SET
                                             QUERY PLAN                                             
----------------------------------------------------------------------------------------------------
 Index Scan Backward using idx on public.t (actual rows=131072.00 loops=1)
   Output: a, b
   Index Cond: ((t.a >= '-6136'::integer) AND (t.a <= '-2041'::integer))
   Index Searches: 1
   Buffers: shared hit=3047
 Settings: enable_bitmapscan = 'off', enable_seqscan = 'off', max_parallel_workers_per_gather = '0'
 Planning:
   Buffers: shared hit=109
 Planning Time: 0.186 ms
 Execution Time: 5.188 ms
(10 rows)

