SET
SET
SET
SET
SET
                                             QUERY PLAN                                             
----------------------------------------------------------------------------------------------------
 Index Scan Backward using idx on public.t (actual rows=1024.00 loops=1)
   Output: a, b
   Index Cond: ((t.a >= '-10934'::integer) AND (t.a <= '-10903'::integer))
   Index Searches: 1
   Prefetch: distance=2.545 count=11 stalls=3 skipped=499 resets=0 ungets=0 forwarded=2
             histogram [2,4) => 9, [4,8) => 2
   Buffers: shared hit=17 read=15
 Settings: enable_bitmapscan = 'off', enable_seqscan = 'off', max_parallel_workers_per_gather = '0'
 Planning:
   Buffers: shared hit=78 read=22
 Planning Time: 1.275 ms
 Execution Time: 1.268 ms
(12 rows)

SET
SET
SET
SET
SET
                                             QUERY PLAN                                             
----------------------------------------------------------------------------------------------------
 Index Scan Backward using idx on public.t (actual rows=1024.00 loops=1)
   Output: a, b
   Index Cond: ((t.a >= '-10934'::integer) AND (t.a <= '-10903'::integer))
   Index Searches: 1
   Buffers: shared hit=32
 Settings: enable_bitmapscan = 'off', enable_seqscan = 'off', max_parallel_workers_per_gather = '0'
 Planning:
   Buffers: shared hit=105
 Planning Time: 0.140 ms
 Execution Time: 0.065 ms
(10 rows)

