SET
SET
SET
SET
SET
                                                                 QUERY PLAN                                                                  
---------------------------------------------------------------------------------------------------------------------------------------------
 Index Scan Backward using idx on public.t (actual rows=7048576.00 loops=1)
   Output: a, b
   Index Cond: ((t.a >= '-225710'::integer) AND (t.a <= '-5443'::integer))
   Index Searches: 1
   Prefetch: distance=271.954 count=307259 stalls=5 skipped=6892234 resets=0 ungets=151881 forwarded=43182
             histogram [2,4) => 10, [4,8) => 9, [8,16) => 10, [16,32) => 6, [32,64) => 1, [64,128) => 2, [128,256) => 2, [256,512) => 307219
   Buffers: shared hit=88847 read=72171
 Settings: enable_bitmapscan = 'off', enable_seqscan = 'off', max_parallel_workers_per_gather = '0'
 Planning:
   Buffers: shared hit=78 read=26
 Planning Time: 2.122 ms
 Execution Time: 1890.827 ms
(12 rows)

SET
SET
SET
SET
SET
                                             QUERY PLAN                                             
----------------------------------------------------------------------------------------------------
 Index Scan Backward using idx on public.t (actual rows=7048576.00 loops=1)
   Output: a, b
   Index Cond: ((t.a >= '-225710'::integer) AND (t.a <= '-5443'::integer))
   Index Searches: 1
   Buffers: shared hit=161697
 Settings: enable_bitmapscan = 'off', enable_seqscan = 'off', max_parallel_workers_per_gather = '0'
 Planning:
   Buffers: shared hit=109
 Planning Time: 0.230 ms
 Execution Time: 297.878 ms
(10 rows)

