SET
SET
SET
SET
SET
                                                                QUERY PLAN                                                                 
-------------------------------------------------------------------------------------------------------------------------------------------
 Index Scan Backward using idx on public.t (actual rows=5048576.00 loops=1)
   Output: a, b
   Index Cond: ((t.a >= '-165700'::integer) AND (t.a <= '-7933'::integer))
   Index Searches: 1
   Prefetch: distance=271.953 count=219971 stalls=1 skipped=4937062 resets=0 ungets=108793 forwarded=30916
             histogram [2,4) => 2, [4,8) => 6, [8,16) => 6, [16,32) => 9, [32,64) => 2, [64,128) => 2, [128,256) => 3, [256,512) => 219941
   Buffers: shared hit=63558 read=51696
 Settings: enable_bitmapscan = 'off', enable_seqscan = 'off', max_parallel_workers_per_gather = '0'
 Planning:
   Buffers: shared hit=78 read=22
 Planning Time: 1.815 ms
 Execution Time: 1369.246 ms
(12 rows)

SET
SET
SET
SET
SET
                                             QUERY PLAN                                             
----------------------------------------------------------------------------------------------------
 Index Scan Backward using idx on public.t (actual rows=5048576.00 loops=1)
   Output: a, b
   Index Cond: ((t.a >= '-165700'::integer) AND (t.a <= '-7933'::integer))
   Index Searches: 1
   Buffers: shared hit=115701
 Settings: enable_bitmapscan = 'off', enable_seqscan = 'off', max_parallel_workers_per_gather = '0'
 Planning:
   Buffers: shared hit=105
 Planning Time: 0.177 ms
 Execution Time: 196.953 ms
(10 rows)

