SET
SET
SET
SET
                                             QUERY PLAN                                             
----------------------------------------------------------------------------------------------------
 Index Scan Backward using idx on public.t (actual rows=1048576.00 loops=1)
   Output: a, b
   Index Cond: ((t.a >= '-37763'::integer) AND (t.a <= '-4996'::integer))
   Index Searches: 1
   Buffers: shared hit=13420 read=10739
 Settings: enable_bitmapscan = 'off', enable_seqscan = 'off', max_parallel_workers_per_gather = '0'
 Planning:
   Buffers: shared hit=78 read=26
 Planning Time: 2.071 ms
 Execution Time: 724.105 ms
(10 rows)

SET
SET
SET
SET
                                             QUERY PLAN                                             
----------------------------------------------------------------------------------------------------
 Index Scan Backward using idx on public.t (actual rows=1048576.00 loops=1)
   Output: a, b
   Index Cond: ((t.a >= '-37763'::integer) AND (t.a <= '-4996'::integer))
   Index Searches: 1
   Buffers: shared hit=24159
 Settings: enable_bitmapscan = 'off', enable_seqscan = 'off', max_parallel_workers_per_gather = '0'
 Planning:
   Buffers: shared hit=109
 Planning Time: 0.226 ms
 Execution Time: 40.200 ms
(10 rows)

