SET
SET
SET
SET
SET
                                             QUERY PLAN                                             
----------------------------------------------------------------------------------------------------
 Index Scan Backward using idx on public.t (actual rows=2048.00 loops=1)
   Output: a, b
   Index Cond: ((t.a >= '-3713'::integer) AND (t.a <= '-3650'::integer))
   Index Searches: 1
   Prefetch: distance=10.475 count=40 stalls=5 skipped=1908 resets=0 ungets=0 forwarded=9
             histogram [2,4) => 12, [4,8) => 8, [8,16) => 6, [16,32) => 9, [32,64) => 5
   Buffers: shared hit=31 read=23
 Settings: enable_bitmapscan = 'off', enable_seqscan = 'off', max_parallel_workers_per_gather = '0'
 Planning:
   Buffers: shared hit=82 read=26
 Planning Time: 1.579 ms
 Execution Time: 1.580 ms
(12 rows)

SET
SET
SET
SET
SET
                                             QUERY PLAN                                             
----------------------------------------------------------------------------------------------------
 Index Scan Backward using idx on public.t (actual rows=2048.00 loops=1)
   Output: a, b
   Index Cond: ((t.a >= '-3713'::integer) AND (t.a <= '-3650'::integer))
   Index Searches: 1
   Buffers: shared hit=54
 Settings: enable_bitmapscan = 'off', enable_seqscan = 'off', max_parallel_workers_per_gather = '0'
 Planning:
   Buffers: shared hit=113
 Planning Time: 0.222 ms
 Execution Time: 0.134 ms
(10 rows)

