SET
SET
SET
SET
SET
                                                                QUERY PLAN                                                                
------------------------------------------------------------------------------------------------------------------------------------------
 Index Scan Backward using idx on public.t (actual rows=16384.00 loops=1)
   Output: a, b
   Index Cond: ((t.a >= '-12829'::integer) AND (t.a <= '-12318'::integer))
   Index Searches: 1
   Prefetch: distance=248.181 count=609 stalls=13 skipped=15430 resets=0 ungets=275 forwarded=84
             histogram [2,4) => 28, [4,8) => 10, [8,16) => 7, [16,32) => 6, [32,64) => 2, [64,128) => 2, [128,256) => 2, [256,512) => 552
   Buffers: shared hit=205 read=173
 Settings: enable_bitmapscan = 'off', enable_seqscan = 'off', max_parallel_workers_per_gather = '0'
 Planning:
   Buffers: shared hit=78 read=22
 Planning Time: 1.290 ms
 Execution Time: 6.127 ms
(12 rows)

SET
SET
SET
SET
SET
                                             QUERY PLAN                                             
----------------------------------------------------------------------------------------------------
 Index Scan Backward using idx on public.t (actual rows=16384.00 loops=1)
   Output: a, b
   Index Cond: ((t.a >= '-12829'::integer) AND (t.a <= '-12318'::integer))
   Index Searches: 1
   Buffers: shared hit=380
 Settings: enable_bitmapscan = 'off', enable_seqscan = 'off', max_parallel_workers_per_gather = '0'
 Planning:
   Buffers: shared hit=105
 Planning Time: 0.174 ms
 Execution Time: 0.759 ms
(10 rows)

