SET
SET
SET
SET
SET
                                                               QUERY PLAN                                                                
-----------------------------------------------------------------------------------------------------------------------------------------
 Index Scan Backward using idx on public.t (actual rows=32768.00 loops=1)
   Output: a, b
   Index Cond: ((t.a >= '-33586'::integer) AND (t.a <= '-32563'::integer))
   Index Searches: 1
   Prefetch: distance=267.073 count=1425 stalls=3 skipped=31363 resets=0 ungets=694 forwarded=202
             histogram [2,4) => 4, [4,8) => 4, [8,16) => 5, [16,32) => 9, [32,64) => 2, [64,128) => 2, [128,256) => 2, [256,512) => 1397
   Buffers: shared hit=439 read=341
 Settings: enable_bitmapscan = 'off', enable_seqscan = 'off', max_parallel_workers_per_gather = '0'
 Planning:
   Buffers: shared hit=78 read=22
 Planning Time: 1.309 ms
 Execution Time: 10.277 ms
(12 rows)

SET
SET
SET
SET
SET
                                             QUERY PLAN                                             
----------------------------------------------------------------------------------------------------
 Index Scan Backward using idx on public.t (actual rows=32768.00 loops=1)
   Output: a, b
   Index Cond: ((t.a >= '-33586'::integer) AND (t.a <= '-32563'::integer))
   Index Searches: 1
   Buffers: shared hit=781
 Settings: enable_bitmapscan = 'off', enable_seqscan = 'off', max_parallel_workers_per_gather = '0'
 Planning:
   Buffers: shared hit=105
 Planning Time: 0.184 ms
 Execution Time: 1.376 ms
(10 rows)

