SET
SET
SET
SET
SET
                                                                QUERY PLAN                                                                 
-------------------------------------------------------------------------------------------------------------------------------------------
 Index Scan Backward using idx on public.t (actual rows=5048576.00 loops=1)
   Output: a, b
   Index Cond: ((t.a >= '-167325'::integer) AND (t.a <= '-9558'::integer))
   Index Searches: 1
   Prefetch: distance=271.949 count=219928 stalls=5 skipped=4936550 resets=0 ungets=108743 forwarded=30921
             histogram [2,4) => 8, [4,8) => 4, [8,16) => 5, [16,32) => 9, [32,64) => 2, [64,128) => 2, [128,256) => 2, [256,512) => 219896
   Buffers: shared hit=63559 read=51695
 Settings: enable_bitmapscan = 'off', enable_seqscan = 'off', max_parallel_workers_per_gather = '0'
 Planning:
   Buffers: shared hit=78 read=22
 Planning Time: 1.813 ms
 Execution Time: 1353.190 ms
(12 rows)

SET
SET
SET
SET
SET
                                             QUERY PLAN                                             
----------------------------------------------------------------------------------------------------
 Index Scan Backward using idx on public.t (actual rows=5048576.00 loops=1)
   Output: a, b
   Index Cond: ((t.a >= '-167325'::integer) AND (t.a <= '-9558'::integer))
   Index Searches: 1
   Buffers: shared hit=115719
 Settings: enable_bitmapscan = 'off', enable_seqscan = 'off', max_parallel_workers_per_gather = '0'
 Planning:
   Buffers: shared hit=105
 Planning Time: 0.175 ms
 Execution Time: 199.764 ms
(10 rows)

