SET
SET
SET
SET
SET
                                                                QUERY PLAN                                                                
------------------------------------------------------------------------------------------------------------------------------------------
 Index Scan Backward using idx on public.t (actual rows=65536.00 loops=1)
   Output: a, b
   Index Cond: ((t.a >= '-30625'::integer) AND (t.a <= '-28578'::integer))
   Index Searches: 1
   Prefetch: distance=268.654 count=2685 stalls=3 skipped=63011 resets=0 ungets=1314 forwarded=377
             histogram [2,4) => 6, [4,8) => 10, [8,16) => 6, [16,32) => 8, [32,64) => 2, [64,128) => 3, [128,256) => 1, [256,512) => 2649
   Buffers: shared hit=788 read=675
 Settings: enable_bitmapscan = 'off', enable_seqscan = 'off', max_parallel_workers_per_gather = '0'
 Planning:
   Buffers: shared hit=78 read=22
 Planning Time: 1.292 ms
 Execution Time: 18.415 ms
(12 rows)

SET
SET
SET
SET
SET
                                             QUERY PLAN                                             
----------------------------------------------------------------------------------------------------
 Index Scan Backward using idx on public.t (actual rows=65536.00 loops=1)
   Output: a, b
   Index Cond: ((t.a >= '-30625'::integer) AND (t.a <= '-28578'::integer))
   Index Searches: 1
   Buffers: shared hit=1465
 Settings: enable_bitmapscan = 'off', enable_seqscan = 'off', max_parallel_workers_per_gather = '0'
 Planning:
   Buffers: shared hit=105
 Planning Time: 0.153 ms
 Execution Time: 2.534 ms
(10 rows)

