SET
SET
SET
SET
SET
                                                                QUERY PLAN                                                                 
-------------------------------------------------------------------------------------------------------------------------------------------
 Index Scan Backward using idx on public.t (actual rows=131072.00 loops=1)
   Output: a, b
   Index Cond: ((t.a >= '-16548'::integer) AND (t.a <= '-12453'::integer))
   Index Searches: 1
   Prefetch: distance=269.960 count=5678 stalls=1 skipped=127230 resets=0 ungets=2792 forwarded=816
             histogram [2,4) => 12, [4,8) => 12, [8,16) => 7, [16,32) => 8, [32,64) => 3, [64,128) => 1, [128,256) => 3, [256,512) => 5632
   Buffers: shared hit=1674 read=1346
 Settings: enable_bitmapscan = 'off', enable_seqscan = 'off', max_parallel_workers_per_gather = '0'
 Planning:
   Buffers: shared hit=78 read=22
 Planning Time: 1.714 ms
 Execution Time: 34.661 ms
(12 rows)

SET
SET
SET
SET
SET
                                             QUERY PLAN                                             
----------------------------------------------------------------------------------------------------
 Index Scan Backward using idx on public.t (actual rows=131072.00 loops=1)
   Output: a, b
   Index Cond: ((t.a >= '-16548'::integer) AND (t.a <= '-12453'::integer))
   Index Searches: 1
   Buffers: shared hit=3028
 Settings: enable_bitmapscan = 'off', enable_seqscan = 'off', max_parallel_workers_per_gather = '0'
 Planning:
   Buffers: shared hit=105
 Planning Time: 0.190 ms
 Execution Time: 5.283 ms
(10 rows)

