SET
SET
SET
SET
SET
                                                                 QUERY PLAN                                                                  
---------------------------------------------------------------------------------------------------------------------------------------------
 Index Scan Backward using idx on public.t (actual rows=3048576.00 loops=1)
   Output: a, b
   Index Cond: ((t.a >= '-123097'::integer) AND (t.a <= '-27830'::integer))
   Index Searches: 1
   Prefetch: distance=271.912 count=132576 stalls=2 skipped=2981460 resets=0 ungets=65542 forwarded=18592
             histogram [2,4) => 8, [4,8) => 11, [8,16) => 10, [16,32) => 6, [32,64) => 1, [64,128) => 2, [128,256) => 3, [256,512) => 132535
   Buffers: shared hit=38250 read=31218
 Settings: enable_bitmapscan = 'off', enable_seqscan = 'off', max_parallel_workers_per_gather = '0'
 Planning:
   Buffers: shared hit=78 read=22
 Planning Time: 1.814 ms
 Execution Time: 826.996 ms
(12 rows)

SET
SET
SET
SET
SET
                                             QUERY PLAN                                             
----------------------------------------------------------------------------------------------------
 Index Scan Backward using idx on public.t (actual rows=3048576.00 loops=1)
   Output: a, b
   Index Cond: ((t.a >= '-123097'::integer) AND (t.a <= '-27830'::integer))
   Index Searches: 1
   Buffers: shared hit=69766
 Settings: enable_bitmapscan = 'off', enable_seqscan = 'off', max_parallel_workers_per_gather = '0'
 Planning:
   Buffers: shared hit=105
 Planning Time: 0.185 ms
 Execution Time: 117.205 ms
(10 rows)

