SET
SET
SET
SET
SET
                                                                 QUERY PLAN                                                                  
---------------------------------------------------------------------------------------------------------------------------------------------
 Index Scan Backward using idx on public.t (actual rows=4048576.00 loops=1)
   Output: a, b
   Index Cond: ((t.a >= '-156570'::integer) AND (t.a <= '-30053'::integer))
   Index Searches: 1
   Prefetch: distance=271.935 count=176196 stalls=5 skipped=3958988 resets=0 ungets=87124 forwarded=24730
             histogram [2,4) => 10, [4,8) => 4, [8,16) => 10, [16,32) => 7, [32,64) => 3, [64,128) => 1, [128,256) => 2, [256,512) => 176159
   Buffers: shared hit=50875 read=41456
 Settings: enable_bitmapscan = 'off', enable_seqscan = 'off', max_parallel_workers_per_gather = '0'
 Planning:
   Buffers: shared hit=78 read=22
 Planning Time: 1.813 ms
 Execution Time: 1097.932 ms
(12 rows)

SET
SET
SET
SET
SET
                                             QUERY PLAN                                             
----------------------------------------------------------------------------------------------------
 Index Scan Backward using idx on public.t (actual rows=4048576.00 loops=1)
   Output: a, b
   Index Cond: ((t.a >= '-156570'::integer) AND (t.a <= '-30053'::integer))
   Index Searches: 1
   Buffers: shared hit=92710
 Settings: enable_bitmapscan = 'off', enable_seqscan = 'off', max_parallel_workers_per_gather = '0'
 Planning:
   Buffers: shared hit=105
 Planning Time: 0.180 ms
 Execution Time: 159.964 ms
(10 rows)

