SET
SET
SET
SET
SET
                                                                QUERY PLAN                                                                
------------------------------------------------------------------------------------------------------------------------------------------
 Index Scan Backward using idx on public.t (actual rows=2048576.00 loops=1)
   Output: a, b
   Index Cond: ((t.a >= '-79900'::integer) AND (t.a <= '-15883'::integer))
   Index Searches: 1
   Prefetch: distance=271.891 count=89270 stalls=2 skipped=2002425 resets=0 ungets=44118 forwarded=12566
             histogram [2,4) => 8, [4,8) => 5, [8,16) => 5, [16,32) => 9, [32,64) => 2, [64,128) => 2, [128,256) => 3, [256,512) => 89236
   Buffers: shared hit=25837 read=20979
 Settings: enable_bitmapscan = 'off', enable_seqscan = 'off', max_parallel_workers_per_gather = '0'
 Planning:
   Buffers: shared hit=78 read=22
 Planning Time: 1.811 ms
 Execution Time: 544.458 ms
(12 rows)

SET
SET
SET
SET
SET
                                             QUERY PLAN                                             
----------------------------------------------------------------------------------------------------
 Index Scan Backward using idx on public.t (actual rows=2048576.00 loops=1)
   Output: a, b
   Index Cond: ((t.a >= '-79900'::integer) AND (t.a <= '-15883'::integer))
   Index Searches: 1
   Buffers: shared hit=47004
 Settings: enable_bitmapscan = 'off', enable_seqscan = 'off', max_parallel_workers_per_gather = '0'
 Planning:
   Buffers: shared hit=105
 Planning Time: 0.198 ms
 Execution Time: 79.936 ms
(10 rows)

