SET
SET
SET
SET
SET
                                                                 QUERY PLAN                                                                  
---------------------------------------------------------------------------------------------------------------------------------------------
 Index Scan Backward using idx on public.t (actual rows=7048576.00 loops=1)
   Output: a, b
   Index Cond: ((t.a >= '-241643'::integer) AND (t.a <= '-21376'::integer))
   Index Searches: 1
   Prefetch: distance=271.942 count=307406 stalls=3 skipped=6893067 resets=0 ungets=151995 forwarded=43177
             histogram [2,4) => 18, [4,8) => 15, [8,16) => 6, [16,32) => 9, [32,64) => 1, [64,128) => 2, [128,256) => 2, [256,512) => 307353
   Buffers: shared hit=88885 read=72173
 Settings: enable_bitmapscan = 'off', enable_seqscan = 'off', max_parallel_workers_per_gather = '0'
 Planning:
   Buffers: shared hit=78 read=22
 Planning Time: 1.808 ms
 Execution Time: 1919.567 ms
(12 rows)

SET
SET
SET
SET
SET
                                             QUERY PLAN                                             
----------------------------------------------------------------------------------------------------
 Index Scan Backward using idx on public.t (actual rows=7048576.00 loops=1)
   Output: a, b
   Index Cond: ((t.a >= '-241643'::integer) AND (t.a <= '-21376'::integer))
   Index Searches: 1
   Buffers: shared hit=161716
 Settings: enable_bitmapscan = 'off', enable_seqscan = 'off', max_parallel_workers_per_gather = '0'
 Planning:
   Buffers: shared hit=105
 Planning Time: 0.196 ms
 Execution Time: 273.275 ms
(10 rows)

