SET
SET
SET
SET
SET
                                                                 QUERY PLAN                                                                  
---------------------------------------------------------------------------------------------------------------------------------------------
 Index Scan Backward using idx on public.t (actual rows=8048576.00 loops=1)
   Output: a, b
   Index Cond: ((t.a >= '-263978'::integer) AND (t.a <= '-12461'::integer))
   Index Searches: 1
   Prefetch: distance=271.950 count=350983 stalls=1 skipped=7870853 resets=0 ungets=173548 forwarded=49339
             histogram [2,4) => 12, [4,8) => 16, [8,16) => 7, [16,32) => 8, [32,64) => 2, [64,128) => 3, [128,256) => 1, [256,512) => 350934
   Buffers: shared hit=101480 read=82412
 Settings: enable_bitmapscan = 'off', enable_seqscan = 'off', max_parallel_workers_per_gather = '0'
 Planning:
   Buffers: shared hit=78 read=22
 Planning Time: 1.831 ms
 Execution Time: 2164.063 ms
(12 rows)

SET
SET
SET
SET
SET
                                             QUERY PLAN                                             
----------------------------------------------------------------------------------------------------
 Index Scan Backward using idx on public.t (actual rows=8048576.00 loops=1)
   Output: a, b
   Index Cond: ((t.a >= '-263978'::integer) AND (t.a <= '-12461'::integer))
   Index Searches: 1
   Buffers: shared hit=184634
 Settings: enable_bitmapscan = 'off', enable_seqscan = 'off', max_parallel_workers_per_gather = '0'
 Planning:
   Buffers: shared hit=105
 Planning Time: 0.213 ms
 Execution Time: 310.070 ms
(10 rows)

