SET
SET
SET
SET
SET
                                                              QUERY PLAN                                                               
---------------------------------------------------------------------------------------------------------------------------------------
 Index Scan Backward using idx on public.t (actual rows=1024.00 loops=1)
   Output: a, b
   Index Cond: ((t.a >= '-10633'::integer) AND (t.a <= '-10602'::integer))
   Index Searches: 1
   Buffers: shared hit=17 read=15
 Settings: enable_bitmapscan = 'off', enable_seqscan = 'off', max_parallel_workers_per_gather = '0', enable_indexscan_prefetch = 'off'
 Planning:
   Buffers: shared hit=78 read=22
 Planning Time: 1.325 ms
 Execution Time: 1.361 ms
(10 rows)

SET
SET
SET
SET
SET
                                                              QUERY PLAN                                                               
---------------------------------------------------------------------------------------------------------------------------------------
 Index Scan Backward using idx on public.t (actual rows=1024.00 loops=1)
   Output: a, b
   Index Cond: ((t.a >= '-10633'::integer) AND (t.a <= '-10602'::integer))
   Index Searches: 1
   Buffers: shared hit=32
 Settings: enable_bitmapscan = 'off', enable_seqscan = 'off', max_parallel_workers_per_gather = '0', enable_indexscan_prefetch = 'off'
 Planning:
   Buffers: shared hit=105
 Planning Time: 0.146 ms
 Execution Time: 0.064 ms
(10 rows)

