SET
SET
SET
SET
SET
                                             QUERY PLAN                                             
----------------------------------------------------------------------------------------------------
 Index Scan Backward using idx on public.t (actual rows=2048.00 loops=1)
   Output: a, b
   Index Cond: ((t.a >= '-20163'::integer) AND (t.a <= '-20100'::integer))
   Index Searches: 1
   Prefetch: distance=8.140 count=43 stalls=7 skipped=1871 resets=0 ungets=0 forwarded=12
             histogram [2,4) => 18, [4,8) => 8, [8,16) => 6, [16,32) => 10, [32,64) => 1
   Buffers: shared hit=34 read=26
 Settings: enable_bitmapscan = 'off', enable_seqscan = 'off', max_parallel_workers_per_gather = '0'
 Planning:
   Buffers: shared hit=78 read=22
 Planning Time: 1.612 ms
 Execution Time: 1.767 ms
(12 rows)

SET
SET
SET
SET
SET
                                             QUERY PLAN                                             
----------------------------------------------------------------------------------------------------
 Index Scan Backward using idx on public.t (actual rows=2048.00 loops=1)
   Output: a, b
   Index Cond: ((t.a >= '-20163'::integer) AND (t.a <= '-20100'::integer))
   Index Searches: 1
   Buffers: shared hit=60
 Settings: enable_bitmapscan = 'off', enable_seqscan = 'off', max_parallel_workers_per_gather = '0'
 Planning:
   Buffers: shared hit=105
 Planning Time: 0.151 ms
 Execution Time: 0.107 ms
(10 rows)

