SET
SET
SET
SET
SET
                                             QUERY PLAN                                             
----------------------------------------------------------------------------------------------------
 Index Scan Backward using idx on public.t (actual rows=1024.00 loops=1)
   Output: a, b
   Index Cond: ((t.a >= '-26209'::integer) AND (t.a <= '-26178'::integer))
   Index Searches: 1
   Prefetch: distance=2.000 count=1 stalls=1 skipped=38 resets=0 ungets=0 forwarded=0
             histogram [2,4) => 1
   Buffers: shared hit=13 read=15
 Settings: enable_bitmapscan = 'off', enable_seqscan = 'off', max_parallel_workers_per_gather = '0'
 Planning:
   Buffers: shared hit=78 read=22
 Planning Time: 1.350 ms
 Execution Time: 1.284 ms
(12 rows)

SET
SET
SET
SET
SET
                                             QUERY PLAN                                             
----------------------------------------------------------------------------------------------------
 Index Scan Backward using idx on public.t (actual rows=1024.00 loops=1)
   Output: a, b
   Index Cond: ((t.a >= '-26209'::integer) AND (t.a <= '-26178'::integer))
   Index Searches: 1
   Buffers: shared hit=28
 Settings: enable_bitmapscan = 'off', enable_seqscan = 'off', max_parallel_workers_per_gather = '0'
 Planning:
   Buffers: shared hit=105
 Planning Time: 0.180 ms
 Execution Time: 0.081 ms
(10 rows)

