SET
SET
SET
SET
SET
                                                                QUERY PLAN                                                                 
-------------------------------------------------------------------------------------------------------------------------------------------
 Index Scan Backward using idx on public.t (actual rows=8192.00 loops=1)
   Output: a, b
   Index Cond: ((t.a >= '-25869'::integer) AND (t.a <= '-25614'::integer))
   Index Searches: 1
   Prefetch: distance=213.520 count=306 stalls=8 skipped=7865 resets=0 ungets=117 forwarded=43
             histogram [2,4) => 30, [4,8) => 19, [8,16) => 10, [16,32) => 5, [32,64) => 3, [64,128) => 1, [128,256) => 2, [256,512) => 236
   Buffers: shared hit=125 read=89
 Settings: enable_bitmapscan = 'off', enable_seqscan = 'off', max_parallel_workers_per_gather = '0'
 Planning:
   Buffers: shared hit=78 read=22
 Planning Time: 1.288 ms
 Execution Time: 4.329 ms
(12 rows)

SET
SET
SET
SET
SET
                                             QUERY PLAN                                             
----------------------------------------------------------------------------------------------------
 Index Scan Backward using idx on public.t (actual rows=8192.00 loops=1)
   Output: a, b
   Index Cond: ((t.a >= '-25869'::integer) AND (t.a <= '-25614'::integer))
   Index Searches: 1
   Buffers: shared hit=214
 Settings: enable_bitmapscan = 'off', enable_seqscan = 'off', max_parallel_workers_per_gather = '0'
 Planning:
   Buffers: shared hit=105
 Planning Time: 0.191 ms
 Execution Time: 0.412 ms
(10 rows)

