SET
SET
SET
SET
SET
                                                                     QUERY PLAN                                                                     
----------------------------------------------------------------------------------------------------------------------------------------------------
 Index Scan using idx on public.t (actual rows=6048576.00 loops=1)
   Output: a, b
   Index Cond: ((t.a >= 10016) AND (t.a <= 1522159))
   Index Searches: 1
   Prefetch: distance=262.888 count=6493277 stalls=1 skipped=89681 resets=0 ungets=534402 forwarded=11207
             histogram [2,4) => 2, [4,8) => 6, [8,16) => 10, [16,32) => 12, [32,64) => 2, [64,128) => 2, [128,256) => 1178208, [256,512) => 5315035
   Buffers: shared hit=5670321 read=297171
 Settings: enable_bitmapscan = 'off', enable_seqscan = 'off', max_parallel_workers_per_gather = '0'
 Planning:
   Buffers: shared hit=78 read=27
 Planning Time: 2.037 ms
 Execution Time: 1993.297 ms
(12 rows)

SET
SET
SET
SET
SET
                                             QUERY PLAN                                             
----------------------------------------------------------------------------------------------------
 Index Scan using idx on public.t (actual rows=6048576.00 loops=1)
   Output: a, b
   Index Cond: ((t.a >= 10016) AND (t.a <= 1522159))
   Index Searches: 1
   Buffers: shared hit=5967956
 Settings: enable_bitmapscan = 'off', enable_seqscan = 'off', max_parallel_workers_per_gather = '0'
 Planning:
   Buffers: shared hit=110
 Planning Time: 0.232 ms
 Execution Time: 951.690 ms
(10 rows)

