SET
SET
SET
SET
SET
                                                                 QUERY PLAN                                                                 
--------------------------------------------------------------------------------------------------------------------------------------------
 Index Scan Backward using idx on public.t (actual rows=4048576.00 loops=1)
   Output: a, b
   Index Cond: ((t.a >= '-134587'::integer) AND (t.a <= '-8070'::integer))
   Index Searches: 1
   Prefetch: distance=271.922 count=176235 stalls=6 skipped=3959036 resets=0 ungets=87148 forwarded=24750
             histogram [2,4) => 18, [4,8) => 6, [8,16) => 5, [16,32) => 9, [32,64) => 2, [64,128) => 3, [128,256) => 1, [256,512) => 176191
   Buffers: shared hit=50917 read=41456
 Settings: enable_bitmapscan = 'off', enable_seqscan = 'off', max_parallel_workers_per_gather = '0'
 Planning:
   Buffers: shared hit=78 read=22
 Planning Time: 1.890 ms
 Execution Time: 1090.437 ms
(12 rows)

SET
SET
SET
SET
SET
                                             QUERY PLAN                                             
----------------------------------------------------------------------------------------------------
 Index Scan Backward using idx on public.t (actual rows=4048576.00 loops=1)
   Output: a, b
   Index Cond: ((t.a >= '-134587'::integer) AND (t.a <= '-8070'::integer))
   Index Searches: 1
   Buffers: shared hit=92720
 Settings: enable_bitmapscan = 'off', enable_seqscan = 'off', max_parallel_workers_per_gather = '0'
 Planning:
   Buffers: shared hit=105
 Planning Time: 0.210 ms
 Execution Time: 158.352 ms
(10 rows)

