SET
SET
SET
SET
SET
                                                                 QUERY PLAN                                                                  
---------------------------------------------------------------------------------------------------------------------------------------------
 Index Scan Backward using idx on public.t (actual rows=1048576.00 loops=1)
   Output: a, b
   Index Cond: ((t.a >= '-44146'::integer) AND (t.a <= '-11379'::integer))
   Index Searches: 1
   Prefetch: distance=271.667 count=45811 stalls=5 skipped=1025043 resets=0 ungets=22634 forwarded=6472
             histogram [2,4) => 22, [4,8) => 14, [8,16) => 5, [16,32) => 10, [32,64) => 2, [64,128) => 3, [128,256) => 1, [256,512) => 45754
   Buffers: shared hit=13307 read=10740
 Settings: enable_bitmapscan = 'off', enable_seqscan = 'off', max_parallel_workers_per_gather = '0'
 Planning:
   Buffers: shared hit=78 read=22
 Planning Time: 1.838 ms
 Execution Time: 277.756 ms
(12 rows)

SET
SET
SET
SET
SET
                                             QUERY PLAN                                             
----------------------------------------------------------------------------------------------------
 Index Scan Backward using idx on public.t (actual rows=1048576.00 loops=1)
   Output: a, b
   Index Cond: ((t.a >= '-44146'::integer) AND (t.a <= '-11379'::integer))
   Index Searches: 1
   Buffers: shared hit=24133
 Settings: enable_bitmapscan = 'off', enable_seqscan = 'off', max_parallel_workers_per_gather = '0'
 Planning:
   Buffers: shared hit=105
 Planning Time: 0.169 ms
 Execution Time: 41.583 ms
(10 rows)

