SET
SET
SET
SET
SET
                                                                 QUERY PLAN                                                                 
--------------------------------------------------------------------------------------------------------------------------------------------
 Index Scan Backward using idx on public.t (actual rows=65536.00 loops=1)
   Output: a, b
   Index Cond: ((t.a >= '-12013'::integer) AND (t.a <= '-9966'::integer))
   Index Searches: 1
   Prefetch: distance=267.974 count=2813 stalls=3 skipped=63805 resets=0 ungets=1372 forwarded=409
             histogram [2,4) => 10, [4,8) => 11, [8,16) => 8, [16,32) => 10, [32,64) => 3, [64,128) => 1, [128,256) => 2, [256,512) => 2768
   Buffers: shared hit=835 read=675
 Settings: enable_bitmapscan = 'off', enable_seqscan = 'off', max_parallel_workers_per_gather = '0'
 Planning:
   Buffers: shared hit=78 read=22
 Planning Time: 1.308 ms
 Execution Time: 18.898 ms
(12 rows)

SET
SET
SET
SET
SET
                                             QUERY PLAN                                             
----------------------------------------------------------------------------------------------------
 Index Scan Backward using idx on public.t (actual rows=65536.00 loops=1)
   Output: a, b
   Index Cond: ((t.a >= '-12013'::integer) AND (t.a <= '-9966'::integer))
   Index Searches: 1
   Buffers: shared hit=1515
 Settings: enable_bitmapscan = 'off', enable_seqscan = 'off', max_parallel_workers_per_gather = '0'
 Planning:
   Buffers: shared hit=105
 Planning Time: 0.186 ms
 Execution Time: 2.724 ms
(10 rows)

