SET
SET
SET
SET
SET
                                                                QUERY PLAN                                                                 
-------------------------------------------------------------------------------------------------------------------------------------------
 Index Scan Backward using idx on public.t (actual rows=32768.00 loops=1)
   Output: a, b
   Index Cond: ((t.a >= '-22435'::integer) AND (t.a <= '-21412'::integer))
   Index Searches: 1
   Prefetch: distance=261.763 count=1327 stalls=7 skipped=30952 resets=0 ungets=637 forwarded=195
             histogram [2,4) => 22, [4,8) => 11, [8,16) => 6, [16,32) => 8, [32,64) => 3, [64,128) => 1, [128,256) => 2, [256,512) => 1274
   Buffers: shared hit=414 read=339
 Settings: enable_bitmapscan = 'off', enable_seqscan = 'off', max_parallel_workers_per_gather = '0'
 Planning:
   Buffers: shared hit=78 read=22
 Planning Time: 1.307 ms
 Execution Time: 10.574 ms
(12 rows)

SET
SET
SET
SET
SET
                                             QUERY PLAN                                             
----------------------------------------------------------------------------------------------------
 Index Scan Backward using idx on public.t (actual rows=32768.00 loops=1)
   Output: a, b
   Index Cond: ((t.a >= '-22435'::integer) AND (t.a <= '-21412'::integer))
   Index Searches: 1
   Buffers: shared hit=755
 Settings: enable_bitmapscan = 'off', enable_seqscan = 'off', max_parallel_workers_per_gather = '0'
 Planning:
   Buffers: shared hit=105
 Planning Time: 0.159 ms
 Execution Time: 1.229 ms
(10 rows)

