SET
SET
SET
SET
SET
                                                                 QUERY PLAN                                                                  
---------------------------------------------------------------------------------------------------------------------------------------------
 Index Scan Backward using idx on public.t (actual rows=5048576.00 loops=1)
   Output: a, b
   Index Cond: ((t.a >= '-175995'::integer) AND (t.a <= '-18228'::integer))
   Index Searches: 1
   Prefetch: distance=271.901 count=219820 stalls=9 skipped=4936875 resets=0 ungets=108664 forwarded=30880
             histogram [2,4) => 36, [4,8) => 16, [8,16) => 6, [16,32) => 8, [32,64) => 2, [64,128) => 3, [128,256) => 1, [256,512) => 219748
   Buffers: shared hit=63533 read=51696
 Settings: enable_bitmapscan = 'off', enable_seqscan = 'off', max_parallel_workers_per_gather = '0'
 Planning:
   Buffers: shared hit=78 read=22
 Planning Time: 1.828 ms
 Execution Time: 1356.497 ms
(12 rows)

SET
SET
SET
SET
SET
                                             QUERY PLAN                                             
----------------------------------------------------------------------------------------------------
 Index Scan Backward using idx on public.t (actual rows=5048576.00 loops=1)
   Output: a, b
   Index Cond: ((t.a >= '-175995'::integer) AND (t.a <= '-18228'::integer))
   Index Searches: 1
   Buffers: shared hit=115689
 Settings: enable_bitmapscan = 'off', enable_seqscan = 'off', max_parallel_workers_per_gather = '0'
 Planning:
   Buffers: shared hit=105
 Planning Time: 0.200 ms
 Execution Time: 201.537 ms
(10 rows)

