SET
SET
SET
SET
SET
                                                                  QUERY PLAN                                                                  
----------------------------------------------------------------------------------------------------------------------------------------------
 Index Scan Backward using idx on public.t (actual rows=7048576.00 loops=1)
   Output: a, b
   Index Cond: ((t.a >= '-248440'::integer) AND (t.a <= '-28173'::integer))
   Index Searches: 1
   Prefetch: distance=271.943 count=307193 stalls=5 skipped=6892933 resets=0 ungets=151874 forwarded=43123
             histogram [2,4) => 18, [4,8) => 12, [8,16) => 6, [16,32) => 10, [32,64) => 1, [64,128) => 2, [128,256) => 3, [256,512) => 307141
   Buffers: shared hit=88806 read=72173
 Settings: enable_bitmapscan = 'off', enable_seqscan = 'off', max_parallel_workers_per_gather = '0'
 Planning:
   Buffers: shared hit=78 read=22
 Planning Time: 1.810 ms
 Execution Time: 1914.111 ms
(12 rows)

SET
SET
SET
SET
SET
                                             QUERY PLAN                                             
----------------------------------------------------------------------------------------------------
 Index Scan Backward using idx on public.t (actual rows=7048576.00 loops=1)
   Output: a, b
   Index Cond: ((t.a >= '-248440'::integer) AND (t.a <= '-28173'::integer))
   Index Searches: 1
   Buffers: shared hit=161631
 Settings: enable_bitmapscan = 'off', enable_seqscan = 'off', max_parallel_workers_per_gather = '0'
 Planning:
   Buffers: shared hit=105
 Planning Time: 0.210 ms
 Execution Time: 274.718 ms
(10 rows)

