SET
SET
SET
SET
SET
                                             QUERY PLAN                                             
----------------------------------------------------------------------------------------------------
 Index Scan Backward using idx on public.t (actual rows=1024.00 loops=1)
   Output: a, b
   Index Cond: ((t.a >= '-17827'::integer) AND (t.a <= '-17796'::integer))
   Index Searches: 1
   Prefetch: distance=2.500 count=10 stalls=3 skipped=569 resets=0 ungets=0 forwarded=1
             histogram [2,4) => 8, [4,8) => 2
   Buffers: shared hit=13 read=15
 Settings: enable_bitmapscan = 'off', enable_seqscan = 'off', max_parallel_workers_per_gather = '0'
 Planning:
   Buffers: shared hit=78 read=22
 Planning Time: 1.311 ms
 Execution Time: 1.443 ms
(12 rows)

SET
SET
SET
SET
SET
                                             QUERY PLAN                                             
----------------------------------------------------------------------------------------------------
 Index Scan Backward using idx on public.t (actual rows=1024.00 loops=1)
   Output: a, b
   Index Cond: ((t.a >= '-17827'::integer) AND (t.a <= '-17796'::integer))
   Index Searches: 1
   Buffers: shared hit=28
 Settings: enable_bitmapscan = 'off', enable_seqscan = 'off', max_parallel_workers_per_gather = '0'
 Planning:
   Buffers: shared hit=105
 Planning Time: 0.178 ms
 Execution Time: 0.076 ms
(10 rows)

