SET
SET
SET
SET
SET
                                                                QUERY PLAN                                                                 
-------------------------------------------------------------------------------------------------------------------------------------------
 Index Scan Backward using idx on public.t (actual rows=32768.00 loops=1)
   Output: a, b
   Index Cond: ((t.a >= '-25770'::integer) AND (t.a <= '-24747'::integer))
   Index Searches: 1
   Prefetch: distance=264.975 count=1409 stalls=3 skipped=31680 resets=0 ungets=675 forwarded=204
             histogram [2,4) => 8, [4,8) => 10, [8,16) => 11, [16,32) => 5, [32,64) => 2, [64,128) => 3, [128,256) => 1, [256,512) => 1369
   Buffers: shared hit=437 read=340
 Settings: enable_bitmapscan = 'off', enable_seqscan = 'off', max_parallel_workers_per_gather = '0'
 Planning:
   Buffers: shared hit=78 read=22
 Planning Time: 1.281 ms
 Execution Time: 10.300 ms
(12 rows)

SET
SET
SET
SET
SET
                                             QUERY PLAN                                             
----------------------------------------------------------------------------------------------------
 Index Scan Backward using idx on public.t (actual rows=32768.00 loops=1)
   Output: a, b
   Index Cond: ((t.a >= '-25770'::integer) AND (t.a <= '-24747'::integer))
   Index Searches: 1
   Buffers: shared hit=780
 Settings: enable_bitmapscan = 'off', enable_seqscan = 'off', max_parallel_workers_per_gather = '0'
 Planning:
   Buffers: shared hit=105
 Planning Time: 0.179 ms
 Execution Time: 1.417 ms
(10 rows)

