SET
SET
SET
SET
SET
                                                               QUERY PLAN                                                               
----------------------------------------------------------------------------------------------------------------------------------------
 Index Scan Backward using idx on public.t (actual rows=4096.00 loops=1)
   Output: a, b
   Index Cond: ((t.a >= '-32182'::integer) AND (t.a <= '-32055'::integer))
   Index Searches: 1
   Prefetch: distance=177.815 count=108 stalls=5 skipped=3461 resets=0 ungets=36 forwarded=16
             histogram [2,4) => 12, [4,8) => 8, [8,16) => 6, [16,32) => 9, [32,64) => 1, [64,128) => 2, [128,256) => 3, [256,512) => 67
   Buffers: shared hit=49 read=46
 Settings: enable_bitmapscan = 'off', enable_seqscan = 'off', max_parallel_workers_per_gather = '0'
 Planning:
   Buffers: shared hit=78 read=22
 Planning Time: 1.318 ms
 Execution Time: 2.424 ms
(12 rows)

SET
SET
SET
SET
SET
                                             QUERY PLAN                                             
----------------------------------------------------------------------------------------------------
 Index Scan Backward using idx on public.t (actual rows=4096.00 loops=1)
   Output: a, b
   Index Cond: ((t.a >= '-32182'::integer) AND (t.a <= '-32055'::integer))
   Index Searches: 1
   Buffers: shared hit=96
 Settings: enable_bitmapscan = 'off', enable_seqscan = 'off', max_parallel_workers_per_gather = '0'
 Planning:
   Buffers: shared hit=105
 Planning Time: 0.184 ms
 Execution Time: 0.222 ms
(10 rows)

