SET
SET
SET
SET
SET
                                                                QUERY PLAN                                                                
------------------------------------------------------------------------------------------------------------------------------------------
 Index Scan Backward using idx on public.t (actual rows=65536.00 loops=1)
   Output: a, b
   Index Cond: ((t.a >= '-12439'::integer) AND (t.a <= '-10392'::integer))
   Index Searches: 1
   Prefetch: distance=268.229 count=2787 stalls=3 skipped=63656 resets=0 ungets=1357 forwarded=400
             histogram [2,4) => 8, [4,8) => 11, [8,16) => 9, [16,32) => 8, [32,64) => 2, [64,128) => 2, [128,256) => 3, [256,512) => 2744
   Buffers: shared hit=826 read=676
 Settings: enable_bitmapscan = 'off', enable_seqscan = 'off', max_parallel_workers_per_gather = '0'
 Planning:
   Buffers: shared hit=78 read=22
 Planning Time: 1.322 ms
 Execution Time: 19.121 ms
(12 rows)

SET
SET
SET
SET
SET
                                             QUERY PLAN                                             
----------------------------------------------------------------------------------------------------
 Index Scan Backward using idx on public.t (actual rows=65536.00 loops=1)
   Output: a, b
   Index Cond: ((t.a >= '-12439'::integer) AND (t.a <= '-10392'::integer))
   Index Searches: 1
   Buffers: shared hit=1504
 Settings: enable_bitmapscan = 'off', enable_seqscan = 'off', max_parallel_workers_per_gather = '0'
 Planning:
   Buffers: shared hit=105
 Planning Time: 0.177 ms
 Execution Time: 2.659 ms
(10 rows)

