SET
SET
SET
SET
SET
                                                               QUERY PLAN                                                               
----------------------------------------------------------------------------------------------------------------------------------------
 Index Scan Backward using idx on public.t (actual rows=16384.00 loops=1)
   Output: a, b
   Index Cond: ((t.a >= '-1011'::integer) AND (t.a <= '-500'::integer))
   Index Searches: 1
   Prefetch: distance=259.825 count=651 stalls=3 skipped=15048 resets=0 ungets=309 forwarded=93
             histogram [2,4) => 4, [4,8) => 8, [8,16) => 6, [16,32) => 8, [32,64) => 3, [64,128) => 1, [128,256) => 2, [256,512) => 619
   Buffers: shared hit=207 read=170
 Settings: enable_bitmapscan = 'off', enable_seqscan = 'off', max_parallel_workers_per_gather = '0'
 Planning:
   Buffers: shared hit=82 read=26
 Planning Time: 1.556 ms
 Execution Time: 5.356 ms
(12 rows)

SET
SET
SET
SET
SET
                                             QUERY PLAN                                             
----------------------------------------------------------------------------------------------------
 Index Scan Backward using idx on public.t (actual rows=16384.00 loops=1)
   Output: a, b
   Index Cond: ((t.a >= '-1011'::integer) AND (t.a <= '-500'::integer))
   Index Searches: 1
   Buffers: shared hit=377
 Settings: enable_bitmapscan = 'off', enable_seqscan = 'off', max_parallel_workers_per_gather = '0'
 Planning:
   Buffers: shared hit=113
 Planning Time: 0.130 ms
 Execution Time: 0.666 ms
(10 rows)

