SET
SET
SET
SET
SET
                                                                 QUERY PLAN                                                                 
--------------------------------------------------------------------------------------------------------------------------------------------
 Index Scan Backward using idx on public.t (actual rows=524288.00 loops=1)
   Output: a, b
   Index Cond: ((t.a >= '-25744'::integer) AND (t.a <= '-9361'::integer))
   Index Searches: 1
   Prefetch: distance=271.606 count=22942 stalls=3 skipped=512065 resets=0 ungets=11329 forwarded=3270
             histogram [2,4) => 4, [4,8) => 10, [8,16) => 10, [16,32) => 7, [32,64) => 1, [64,128) => 2, [128,256) => 2, [256,512) => 22906
   Buffers: shared hit=6693 read=5372
 Settings: enable_bitmapscan = 'off', enable_seqscan = 'off', max_parallel_workers_per_gather = '0'
 Planning:
   Buffers: shared hit=78 read=22
 Planning Time: 1.810 ms
 Execution Time: 137.318 ms
(12 rows)

SET
SET
SET
SET
SET
                                             QUERY PLAN                                             
----------------------------------------------------------------------------------------------------
 Index Scan Backward using idx on public.t (actual rows=524288.00 loops=1)
   Output: a, b
   Index Cond: ((t.a >= '-25744'::integer) AND (t.a <= '-9361'::integer))
   Index Searches: 1
   Buffers: shared hit=12103
 Settings: enable_bitmapscan = 'off', enable_seqscan = 'off', max_parallel_workers_per_gather = '0'
 Planning:
   Buffers: shared hit=105
 Planning Time: 0.174 ms
 Execution Time: 20.789 ms
(10 rows)

