SET
SET
SET
SET
SET
                                                                 QUERY PLAN                                                                  
---------------------------------------------------------------------------------------------------------------------------------------------
 Index Scan Backward using idx on public.t (actual rows=5048576.00 loops=1)
   Output: a, b
   Index Cond: ((t.a >= '-177280'::integer) AND (t.a <= '-19513'::integer))
   Index Searches: 1
   Prefetch: distance=271.940 count=219882 stalls=5 skipped=4937236 resets=0 ungets=108706 forwarded=30882
             histogram [2,4) => 10, [4,8) => 8, [8,16) => 5, [16,32) => 10, [32,64) => 3, [64,128) => 1, [128,256) => 3, [256,512) => 219842
   Buffers: shared hit=63519 read=51695
 Settings: enable_bitmapscan = 'off', enable_seqscan = 'off', max_parallel_workers_per_gather = '0'
 Planning:
   Buffers: shared hit=78 read=22
 Planning Time: 1.822 ms
 Execution Time: 1369.629 ms
(12 rows)

SET
SET
SET
SET
SET
                                             QUERY PLAN                                             
----------------------------------------------------------------------------------------------------
 Index Scan Backward using idx on public.t (actual rows=5048576.00 loops=1)
   Output: a, b
   Index Cond: ((t.a >= '-177280'::integer) AND (t.a <= '-19513'::integer))
   Index Searches: 1
   Buffers: shared hit=115699
 Settings: enable_bitmapscan = 'off', enable_seqscan = 'off', max_parallel_workers_per_gather = '0'
 Planning:
   Buffers: shared hit=105
 Planning Time: 0.183 ms
 Execution Time: 194.125 ms
(10 rows)

