SET
SET
SET
SET
SET
                                                                 QUERY PLAN                                                                 
--------------------------------------------------------------------------------------------------------------------------------------------
 Index Scan Backward using idx on public.t (actual rows=7048576.00 loops=1)
   Output: a, b
   Index Cond: ((t.a >= '-250340'::integer) AND (t.a <= '-30073'::integer))
   Index Searches: 1
   Prefetch: distance=271.961 count=307292 stalls=3 skipped=6892582 resets=0 ungets=151940 forwarded=43149
             histogram [2,4) => 2, [4,8) => 9, [8,16) => 10, [16,32) => 6, [32,64) => 1, [64,128) => 2, [128,256) => 2, [256,512) => 307260
   Buffers: shared hit=88804 read=72173
 Settings: enable_bitmapscan = 'off', enable_seqscan = 'off', max_parallel_workers_per_gather = '0'
 Planning:
   Buffers: shared hit=78 read=22
 Planning Time: 1.807 ms
 Execution Time: 1915.818 ms
(12 rows)

SET
SET
SET
SET
SET
                                             QUERY PLAN                                             
----------------------------------------------------------------------------------------------------
 Index Scan Backward using idx on public.t (actual rows=7048576.00 loops=1)
   Output: a, b
   Index Cond: ((t.a >= '-250340'::integer) AND (t.a <= '-30073'::integer))
   Index Searches: 1
   Buffers: shared hit=161667
 Settings: enable_bitmapscan = 'off', enable_seqscan = 'off', max_parallel_workers_per_gather = '0'
 Planning:
   Buffers: shared hit=105
 Planning Time: 0.260 ms
 Execution Time: 274.101 ms
(10 rows)

