SET
SET
SET
SET
SET
                                                                 QUERY PLAN                                                                  
---------------------------------------------------------------------------------------------------------------------------------------------
 Index Scan Backward using idx on public.t (actual rows=6048576.00 loops=1)
   Output: a, b
   Index Cond: ((t.a >= '-197998'::integer) AND (t.a <= '-8981'::integer))
   Index Searches: 1
   Prefetch: distance=271.927 count=263624 stalls=3 skipped=5915188 resets=0 ungets=130334 forwarded=37059
             histogram [2,4) => 24, [4,8) => 18, [8,16) => 7, [16,32) => 6, [32,64) => 2, [64,128) => 3, [128,256) => 1, [256,512) => 263563
   Buffers: shared hit=76209 read=61934
 Settings: enable_bitmapscan = 'off', enable_seqscan = 'off', max_parallel_workers_per_gather = '0'
 Planning:
   Buffers: shared hit=78 read=22
 Planning Time: 1.866 ms
 Execution Time: 1641.159 ms
(12 rows)

SET
SET
SET
SET
SET
                                             QUERY PLAN                                             
----------------------------------------------------------------------------------------------------
 Index Scan Backward using idx on public.t (actual rows=6048576.00 loops=1)
   Output: a, b
   Index Cond: ((t.a >= '-197998'::integer) AND (t.a <= '-8981'::integer))
   Index Searches: 1
   Buffers: shared hit=138702
 Settings: enable_bitmapscan = 'off', enable_seqscan = 'off', max_parallel_workers_per_gather = '0'
 Planning:
   Buffers: shared hit=105
 Planning Time: 0.216 ms
 Execution Time: 234.620 ms
(10 rows)

