SET
SET
SET
SET
SET
                                                                 QUERY PLAN                                                                 
--------------------------------------------------------------------------------------------------------------------------------------------
 Index Scan Backward using idx on public.t (actual rows=4048576.00 loops=1)
   Output: a, b
   Index Cond: ((t.a >= '-148504'::integer) AND (t.a <= '-21987'::integer))
   Index Searches: 1
   Prefetch: distance=271.935 count=176199 stalls=3 skipped=3958410 resets=0 ungets=87123 forwarded=24747
             histogram [2,4) => 10, [4,8) => 5, [8,16) => 5, [16,32) => 9, [32,64) => 3, [64,128) => 1, [128,256) => 2, [256,512) => 176164
   Buffers: shared hit=50906 read=41455
 Settings: enable_bitmapscan = 'off', enable_seqscan = 'off', max_parallel_workers_per_gather = '0'
 Planning:
   Buffers: shared hit=78 read=22
 Planning Time: 1.829 ms
 Execution Time: 1105.702 ms
(12 rows)

SET
SET
SET
SET
SET
                                             QUERY PLAN                                             
----------------------------------------------------------------------------------------------------
 Index Scan Backward using idx on public.t (actual rows=4048576.00 loops=1)
   Output: a, b
   Index Cond: ((t.a >= '-148504'::integer) AND (t.a <= '-21987'::integer))
   Index Searches: 1
   Buffers: shared hit=92717
 Settings: enable_bitmapscan = 'off', enable_seqscan = 'off', max_parallel_workers_per_gather = '0'
 Planning:
   Buffers: shared hit=105
 Planning Time: 0.216 ms
 Execution Time: 159.555 ms
(10 rows)

