SET
SET
SET
SET
SET
                                                                 QUERY PLAN                                                                 
--------------------------------------------------------------------------------------------------------------------------------------------
 Index Scan using idx on public.t (actual rows=65536.00 loops=1)
   Output: a, b
   Index Cond: ((t.a >= '-4220'::integer) AND (t.a <= '-2173'::integer))
   Index Searches: 1
   Prefetch: distance=264.284 count=2001 stalls=1 skipped=62964 resets=0 ungets=545 forwarded=478
             histogram [2,4) => 2, [4,8) => 22, [8,16) => 11, [16,32) => 17, [32,64) => 6, [64,128) => 1, [128,256) => 4, [256,512) => 1938
   Buffers: shared hit=812 read=674
 Settings: enable_bitmapscan = 'off', enable_seqscan = 'off', max_parallel_workers_per_gather = '0'
 Planning:
   Buffers: shared hit=86 read=26
 Planning Time: 2.059 ms
 Execution Time: 4.697 ms
(12 rows)

SET
SET
SET
SET
SET
                                             QUERY PLAN                                             
----------------------------------------------------------------------------------------------------
 Index Scan using idx on public.t (actual rows=65536.00 loops=1)
   Output: a, b
   Index Cond: ((t.a >= '-4220'::integer) AND (t.a <= '-2173'::integer))
   Index Searches: 1
   Buffers: shared hit=1542
 Settings: enable_bitmapscan = 'off', enable_seqscan = 'off', max_parallel_workers_per_gather = '0'
 Planning:
   Buffers: shared hit=117
 Planning Time: 0.156 ms
 Execution Time: 2.872 ms
(10 rows)

