SET
SET
SET
SET
SET
                                                                QUERY PLAN                                                                 
-------------------------------------------------------------------------------------------------------------------------------------------
 Index Scan using idx on public.t (actual rows=131072.00 loops=1)
   Output: a, b
   Index Cond: ((t.a >= '-18867'::integer) AND (t.a <= '-14772'::integer))
   Index Searches: 1
   Prefetch: distance=269.399 count=4162 stalls=1 skipped=127059 resets=0 ungets=1273 forwarded=1246
             histogram [2,4) => 2, [4,8) => 8, [8,16) => 11, [16,32) => 15, [32,64) => 5, [64,128) => 1, [128,256) => 1, [256,512) => 4119
   Buffers: shared hit=1557 read=1346
 Settings: enable_bitmapscan = 'off', enable_seqscan = 'off', max_parallel_workers_per_gather = '0'
 Planning:
   Buffers: shared hit=82 read=22
 Planning Time: 1.808 ms
 Execution Time: 10.011 ms
(12 rows)

SET
SET
SET
SET
SET
                                             QUERY PLAN                                             
----------------------------------------------------------------------------------------------------
 Index Scan using idx on public.t (actual rows=131072.00 loops=1)
   Output: a, b
   Index Cond: ((t.a >= '-18867'::integer) AND (t.a <= '-14772'::integer))
   Index Searches: 1
   Buffers: shared hit=3035
 Settings: enable_bitmapscan = 'off', enable_seqscan = 'off', max_parallel_workers_per_gather = '0'
 Planning:
   Buffers: shared hit=109
 Planning Time: 0.187 ms
 Execution Time: 5.444 ms
(10 rows)

