SET
SET
SET
SET
SET
                                             QUERY PLAN                                             
----------------------------------------------------------------------------------------------------
 Index Scan using idx on public.t (actual rows=2048.00 loops=1)
   Output: a, b
   Index Cond: ((t.a >= '-307'::integer) AND (t.a <= '-244'::integer))
   Index Searches: 1
   Prefetch: distance=14.317 count=41 stalls=5 skipped=1939 resets=0 ungets=0 forwarded=3
             histogram [2,4) => 4, [4,8) => 7, [8,16) => 15, [16,32) => 9, [32,64) => 6
   Buffers: shared hit=33 read=23
 Settings: enable_bitmapscan = 'off', enable_seqscan = 'off', max_parallel_workers_per_gather = '0'
 Planning:
   Buffers: shared hit=86 read=26
 Planning Time: 1.645 ms
 Execution Time: 0.614 ms
(12 rows)

SET
SET
SET
SET
SET
                                             QUERY PLAN                                             
----------------------------------------------------------------------------------------------------
 Index Scan using idx on public.t (actual rows=2048.00 loops=1)
   Output: a, b
   Index Cond: ((t.a >= '-307'::integer) AND (t.a <= '-244'::integer))
   Index Searches: 1
   Buffers: shared hit=56
 Settings: enable_bitmapscan = 'off', enable_seqscan = 'off', max_parallel_workers_per_gather = '0'
 Planning:
   Buffers: shared hit=117
 Planning Time: 0.133 ms
 Execution Time: 0.106 ms
(10 rows)

