SET
SET
SET
SET
SET
                                                                 QUERY PLAN                                                                  
---------------------------------------------------------------------------------------------------------------------------------------------
 Index Scan using idx on public.t (actual rows=262144.00 loops=1)
   Output: a, b
   Index Cond: ((t.a >= '-23033'::integer) AND (t.a <= '-14842'::integer))
   Index Searches: 1
   Prefetch: distance=269.626 count=7649 stalls=5 skipped=255251 resets=0 ungets=1880 forwarded=1174
             histogram [2,4) => 10, [4,8) => 23, [8,16) => 13, [16,32) => 14, [32,64) => 4, [64,128) => 4, [128,256) => 1, [256,512) => 7580
   Buffers: shared hit=3124 read=2688
 Settings: enable_bitmapscan = 'off', enable_seqscan = 'off', max_parallel_workers_per_gather = '0'
 Planning:
   Buffers: shared hit=82 read=22
 Planning Time: 1.786 ms
 Execution Time: 14.703 ms
(12 rows)

SET
SET
SET
SET
SET
                                             QUERY PLAN                                             
----------------------------------------------------------------------------------------------------
 Index Scan using idx on public.t (actual rows=262144.00 loops=1)
   Output: a, b
   Index Cond: ((t.a >= '-23033'::integer) AND (t.a <= '-14842'::integer))
   Index Searches: 1
   Buffers: shared hit=6034
 Settings: enable_bitmapscan = 'off', enable_seqscan = 'off', max_parallel_workers_per_gather = '0'
 Planning:
   Buffers: shared hit=109
 Planning Time: 0.165 ms
 Execution Time: 10.072 ms
(10 rows)

