SET
SET
SET
SET
SET
                                                                QUERY PLAN                                                                 
-------------------------------------------------------------------------------------------------------------------------------------------
 Index Scan using idx on public.t (actual rows=16384.00 loops=1)
   Output: a, b
   Index Cond: ((t.a >= '-5911'::integer) AND (t.a <= '-5400'::integer))
   Index Searches: 1
   Prefetch: distance=237.794 count=471 stalls=2 skipped=15173 resets=0 ungets=122 forwarded=154
             histogram [2,4) => 4, [4,8) => 26, [8,16) => 11, [16,32) => 15, [32,64) => 3, [64,128) => 4, [128,256) => 1, [256,512) => 407
   Buffers: shared hit=201 read=169
 Settings: enable_bitmapscan = 'off', enable_seqscan = 'off', max_parallel_workers_per_gather = '0'
 Planning:
   Buffers: shared hit=82 read=26
 Planning Time: 1.702 ms
 Execution Time: 2.134 ms
(12 rows)

SET
SET
SET
SET
SET
                                             QUERY PLAN                                             
----------------------------------------------------------------------------------------------------
 Index Scan using idx on public.t (actual rows=16384.00 loops=1)
   Output: a, b
   Index Cond: ((t.a >= '-5911'::integer) AND (t.a <= '-5400'::integer))
   Index Searches: 1
   Buffers: shared hit=388
 Settings: enable_bitmapscan = 'off', enable_seqscan = 'off', max_parallel_workers_per_gather = '0'
 Planning:
   Buffers: shared hit=113
 Planning Time: 0.147 ms
 Execution Time: 0.833 ms
(10 rows)

