SET
SET
SET
SET
SET
                                             QUERY PLAN                                             
----------------------------------------------------------------------------------------------------
 Index Scan using idx on public.t (actual rows=1024.00 loops=1)
   Output: a, b
   Index Cond: ((t.a >= '-27015'::integer) AND (t.a <= '-26984'::integer))
   Index Searches: 1
   Prefetch: distance=3.800 count=20 stalls=3 skipped=906 resets=0 ungets=0 forwarded=0
             histogram [2,4) => 2, [4,8) => 18
   Buffers: shared hit=16 read=15
 Settings: enable_bitmapscan = 'off', enable_seqscan = 'off', max_parallel_workers_per_gather = '0'
 Planning:
   Buffers: shared hit=82 read=22
 Planning Time: 1.309 ms
 Execution Time: 0.886 ms
(12 rows)

SET
SET
SET
SET
SET
                                             QUERY PLAN                                             
----------------------------------------------------------------------------------------------------
 Index Scan using idx on public.t (actual rows=1024.00 loops=1)
   Output: a, b
   Index Cond: ((t.a >= '-27015'::integer) AND (t.a <= '-26984'::integer))
   Index Searches: 1
   Buffers: shared hit=31
 Settings: enable_bitmapscan = 'off', enable_seqscan = 'off', max_parallel_workers_per_gather = '0'
 Planning:
   Buffers: shared hit=109
 Planning Time: 0.167 ms
 Execution Time: 0.075 ms
(10 rows)

