SET
SET
SET
SET
SET
                                                               QUERY PLAN                                                                
-----------------------------------------------------------------------------------------------------------------------------------------
 Index Scan using idx on public.t (actual rows=4096.00 loops=1)
   Output: a, b
   Index Cond: ((t.a >= '-4651'::integer) AND (t.a <= '-4524'::integer))
   Index Searches: 1
   Prefetch: distance=42.871 count=62 stalls=1 skipped=3147 resets=0 ungets=4 forwarded=38
             histogram [2,4) => 2, [4,8) => 14, [8,16) => 17, [16,32) => 10, [32,64) => 9, [64,128) => 4, [128,256) => 1, [256,512) => 5
   Buffers: shared hit=40 read=43
 Settings: enable_bitmapscan = 'off', enable_seqscan = 'off', max_parallel_workers_per_gather = '0'
 Planning:
   Buffers: shared hit=86 read=26
 Planning Time: 1.541 ms
 Execution Time: 1.086 ms
(12 rows)

SET
SET
SET
SET
SET
                                             QUERY PLAN                                             
----------------------------------------------------------------------------------------------------
 Index Scan using idx on public.t (actual rows=4096.00 loops=1)
   Output: a, b
   Index Cond: ((t.a >= '-4651'::integer) AND (t.a <= '-4524'::integer))
   Index Searches: 1
   Buffers: shared hit=84
 Settings: enable_bitmapscan = 'off', enable_seqscan = 'off', max_parallel_workers_per_gather = '0'
 Planning:
   Buffers: shared hit=117
 Planning Time: 0.193 ms
 Execution Time: 0.230 ms
(10 rows)

