SET
SET
SET
SET
SET
                                                                  QUERY PLAN                                                                   
-----------------------------------------------------------------------------------------------------------------------------------------------
 Index Scan using idx on public.t (actual rows=524288.00 loops=1)
   Output: a, b
   Index Cond: ((t.a >= '-42501'::integer) AND (t.a <= '-26118'::integer))
   Index Searches: 1
   Prefetch: distance=270.365 count=15675 stalls=6 skipped=511751 resets=0 ungets=4139 forwarded=2964
             histogram [2,4) => 15, [4,8) => 37, [8,16) => 13, [16,32) => 16, [32,64) => 12, [64,128) => 1, [128,256) => 6, [256,512) => 15575
   Buffers: shared hit=6202 read=5373
 Settings: enable_bitmapscan = 'off', enable_seqscan = 'off', max_parallel_workers_per_gather = '0'
 Planning:
   Buffers: shared hit=82 read=22
 Planning Time: 1.808 ms
 Execution Time: 31.087 ms
(12 rows)

SET
SET
SET
SET
SET
                                             QUERY PLAN                                             
----------------------------------------------------------------------------------------------------
 Index Scan using idx on public.t (actual rows=524288.00 loops=1)
   Output: a, b
   Index Cond: ((t.a >= '-42501'::integer) AND (t.a <= '-26118'::integer))
   Index Searches: 1
   Buffers: shared hit=12037
 Settings: enable_bitmapscan = 'off', enable_seqscan = 'off', max_parallel_workers_per_gather = '0'
 Planning:
   Buffers: shared hit=109
 Planning Time: 0.171 ms
 Execution Time: 21.029 ms
(10 rows)

