SET
SET
SET
SET
SET
                                                                QUERY PLAN                                                                
------------------------------------------------------------------------------------------------------------------------------------------
 Index Scan using idx on public.t (actual rows=32768.00 loops=1)
   Output: a, b
   Index Cond: ((t.a >= '-8427'::integer) AND (t.a <= '-7404'::integer))
   Index Searches: 1
   Prefetch: distance=249.114 count=929 stalls=4 skipped=31541 resets=0 ungets=249 forwarded=279
             histogram [2,4) => 4, [4,8) => 45, [8,16) => 8, [16,32) => 19, [32,64) => 4, [64,128) => 1, [128,256) => 5, [256,512) => 843
   Buffers: shared hit=363 read=340
 Settings: enable_bitmapscan = 'off', enable_seqscan = 'off', max_parallel_workers_per_gather = '0'
 Planning:
   Buffers: shared hit=82 read=22
 Planning Time: 1.782 ms
 Execution Time: 2.900 ms
(12 rows)

SET
SET
SET
SET
SET
                                             QUERY PLAN                                             
----------------------------------------------------------------------------------------------------
 Index Scan using idx on public.t (actual rows=32768.00 loops=1)
   Output: a, b
   Index Cond: ((t.a >= '-8427'::integer) AND (t.a <= '-7404'::integer))
   Index Searches: 1
   Buffers: shared hit=732
 Settings: enable_bitmapscan = 'off', enable_seqscan = 'off', max_parallel_workers_per_gather = '0'
 Planning:
   Buffers: shared hit=109
 Planning Time: 0.187 ms
 Execution Time: 1.422 ms
(10 rows)

