SET
SET
SET
SET
SET
                                                                  QUERY PLAN                                                                   
-----------------------------------------------------------------------------------------------------------------------------------------------
 Index Scan using idx on public.t (actual rows=7048576.00 loops=1)
   Output: a, b
   Index Cond: ((t.a >= '-232823'::integer) AND (t.a <= '-12556'::integer))
   Index Searches: 1
   Prefetch: distance=271.794 count=208814 stalls=4 skipped=6892911 resets=0 ungets=53472 forwarded=36127
             histogram [2,4) => 9, [4,8) => 55, [8,16) => 13, [16,32) => 10, [32,64) => 12, [64,128) => 1, [128,256) => 1, [256,512) => 208713
   Buffers: shared hit=82969 read=72173
 Settings: enable_bitmapscan = 'off', enable_seqscan = 'off', max_parallel_workers_per_gather = '0'
 Planning:
   Buffers: shared hit=82 read=22
 Planning Time: 1.889 ms
 Execution Time: 346.999 ms
(12 rows)

SET
SET
SET
SET
SET
                                             QUERY PLAN                                             
----------------------------------------------------------------------------------------------------
 Index Scan using idx on public.t (actual rows=7048576.00 loops=1)
   Output: a, b
   Index Cond: ((t.a >= '-232823'::integer) AND (t.a <= '-12556'::integer))
   Index Searches: 1
   Buffers: shared hit=161655
 Settings: enable_bitmapscan = 'off', enable_seqscan = 'off', max_parallel_workers_per_gather = '0'
 Planning:
   Buffers: shared hit=109
 Planning Time: 0.212 ms
 Execution Time: 282.370 ms
(10 rows)

