SET
SET
SET
SET
SET
                                                                  QUERY PLAN                                                                  
----------------------------------------------------------------------------------------------------------------------------------------------
 Index Scan using idx on public.t (actual rows=6048576.00 loops=1)
   Output: a, b
   Index Cond: ((t.a >= '-218744'::integer) AND (t.a <= '-29727'::integer))
   Index Searches: 1
   Prefetch: distance=271.843 count=178779 stalls=4 skipped=5914584 resets=0 ungets=45558 forwarded=29787
             histogram [2,4) => 6, [4,8) => 11, [8,16) => 14, [16,32) => 17, [32,64) => 1, [64,128) => 6, [128,256) => 1, [256,512) => 178723
   Buffers: shared hit=71368 read=61932
 Settings: enable_bitmapscan = 'off', enable_seqscan = 'off', max_parallel_workers_per_gather = '0'
 Planning:
   Buffers: shared hit=82 read=22
 Planning Time: 1.793 ms
 Execution Time: 302.768 ms
(12 rows)

SET
SET
SET
SET
SET
                                             QUERY PLAN                                             
----------------------------------------------------------------------------------------------------
 Index Scan using idx on public.t (actual rows=6048576.00 loops=1)
   Output: a, b
   Index Cond: ((t.a >= '-218744'::integer) AND (t.a <= '-29727'::integer))
   Index Searches: 1
   Buffers: shared hit=138645
 Settings: enable_bitmapscan = 'off', enable_seqscan = 'off', max_parallel_workers_per_gather = '0'
 Planning:
   Buffers: shared hit=109
 Planning Time: 0.206 ms
 Execution Time: 241.690 ms
(10 rows)

