SET
SET
SET
SET
SET
                                                                  QUERY PLAN                                                                  
----------------------------------------------------------------------------------------------------------------------------------------------
 Index Scan using idx on public.t (actual rows=9048576.00 loops=1)
   Output: a, b
   Index Cond: ((t.a >= '-285260'::integer) AND (t.a <= '-2493'::integer))
   Index Searches: 1
   Prefetch: distance=271.853 count=269844 stalls=2 skipped=8848115 resets=0 ungets=70318 forwarded=49784
             histogram [2,4) => 5, [4,8) => 31, [8,16) => 11, [16,32) => 8, [32,64) => 14, [64,128) => 5, [128,256) => 1, [256,512) => 269769
   Buffers: shared hit=106504 read=92647
 Settings: enable_bitmapscan = 'off', enable_seqscan = 'off', max_parallel_workers_per_gather = '0'
 Planning:
   Buffers: shared hit=82 read=26
 Planning Time: 2.058 ms
 Execution Time: 450.757 ms
(12 rows)

SET
SET
SET
SET
SET
                                             QUERY PLAN                                             
----------------------------------------------------------------------------------------------------
 Index Scan using idx on public.t (actual rows=9048576.00 loops=1)
   Output: a, b
   Index Cond: ((t.a >= '-285260'::integer) AND (t.a <= '-2493'::integer))
   Index Searches: 1
   Buffers: shared hit=207629
 Settings: enable_bitmapscan = 'off', enable_seqscan = 'off', max_parallel_workers_per_gather = '0'
 Planning:
   Buffers: shared hit=113
 Planning Time: 0.209 ms
 Execution Time: 384.951 ms
(10 rows)

