SET
SET
SET
SET
SET
                                                                  QUERY PLAN                                                                  
----------------------------------------------------------------------------------------------------------------------------------------------
 Index Scan using idx on public.t (actual rows=3048576.00 loops=1)
   Output: a, b
   Index Cond: ((t.a >= '-125040'::integer) AND (t.a <= '-29773'::integer))
   Index Searches: 1
   Prefetch: distance=271.718 count=91048 stalls=5 skipped=2981133 resets=0 ungets=24029 forwarded=17450
             histogram [2,4) => 10, [4,8) => 25, [8,16) => 7, [16,32) => 13, [32,64) => 14, [64,128) => 6, [128,256) => 1, [256,512) => 90972
   Buffers: shared hit=35733 read=31218
 Settings: enable_bitmapscan = 'off', enable_seqscan = 'off', max_parallel_workers_per_gather = '0'
 Planning:
   Buffers: shared hit=82 read=22
 Planning Time: 1.808 ms
 Execution Time: 161.541 ms
(12 rows)

SET
SET
SET
SET
SET
                                             QUERY PLAN                                             
----------------------------------------------------------------------------------------------------
 Index Scan using idx on public.t (actual rows=3048576.00 loops=1)
   Output: a, b
   Index Cond: ((t.a >= '-125040'::integer) AND (t.a <= '-29773'::integer))
   Index Searches: 1
   Buffers: shared hit=69761
 Settings: enable_bitmapscan = 'off', enable_seqscan = 'off', max_parallel_workers_per_gather = '0'
 Planning:
   Buffers: shared hit=109
 Planning Time: 0.173 ms
 Execution Time: 128.939 ms
(10 rows)

