SET
SET
SET
SET
SET
                                                                  QUERY PLAN                                                                  
----------------------------------------------------------------------------------------------------------------------------------------------
 Index Scan using idx on public.t (actual rows=1048576.00 loops=1)
   Output: a, b
   Index Cond: ((t.a >= '-43343'::integer) AND (t.a <= '-10576'::integer))
   Index Searches: 1
   Prefetch: distance=271.514 count=33436 stalls=8 skipped=1024448 resets=0 ungets=10307 forwarded=9634
             histogram [2,4) => 12, [4,8) => 6, [8,16) => 15, [16,32) => 13, [32,64) => 11, [64,128) => 1, [128,256) => 1, [256,512) => 33377
   Buffers: shared hit=12353 read=10740
 Settings: enable_bitmapscan = 'off', enable_seqscan = 'off', max_parallel_workers_per_gather = '0'
 Planning:
   Buffers: shared hit=82 read=22
 Planning Time: 1.808 ms
 Execution Time: 65.454 ms
(12 rows)

SET
SET
SET
SET
SET
                                             QUERY PLAN                                             
----------------------------------------------------------------------------------------------------
 Index Scan using idx on public.t (actual rows=1048576.00 loops=1)
   Output: a, b
   Index Cond: ((t.a >= '-43343'::integer) AND (t.a <= '-10576'::integer))
   Index Searches: 1
   Buffers: shared hit=24102
 Settings: enable_bitmapscan = 'off', enable_seqscan = 'off', max_parallel_workers_per_gather = '0'
 Planning:
   Buffers: shared hit=109
 Planning Time: 0.169 ms
 Execution Time: 42.167 ms
(10 rows)

