SET
SET
SET
SET
SET
                                                              QUERY PLAN                                                               
---------------------------------------------------------------------------------------------------------------------------------------
 Index Scan using idx on public.t (actual rows=65536.00 loops=1)
   Output: a, b
   Index Cond: ((t.a >= '-10443'::integer) AND (t.a <= '-8396'::integer))
   Index Searches: 1
   Buffers: shared hit=875 read=676
 Settings: enable_bitmapscan = 'off', enable_seqscan = 'off', max_parallel_workers_per_gather = '0', enable_indexscan_prefetch = 'off'
 Planning:
   Buffers: shared hit=82 read=22
 Planning Time: 1.817 ms
 Execution Time: 5.771 ms
(10 rows)

SET
SET
SET
SET
SET
                                                              QUERY PLAN                                                               
---------------------------------------------------------------------------------------------------------------------------------------
 Index Scan using idx on public.t (actual rows=65536.00 loops=1)
   Output: a, b
   Index Cond: ((t.a >= '-10443'::integer) AND (t.a <= '-8396'::integer))
   Index Searches: 1
   Buffers: shared hit=1551
 Settings: enable_bitmapscan = 'off', enable_seqscan = 'off', max_parallel_workers_per_gather = '0', enable_indexscan_prefetch = 'off'
 Planning:
   Buffers: shared hit=109
 Planning Time: 0.181 ms
 Execution Time: 2.685 ms
(10 rows)

