SET
SET
SET
SET
                                             QUERY PLAN                                             
----------------------------------------------------------------------------------------------------
 Index Scan using idx on public.t (actual rows=3048576.00 loops=1)
   Output: a, b
   Index Cond: ((t.a >= '-109386'::integer) AND (t.a <= '-14119'::integer))
   Index Searches: 1
   Buffers: shared hit=38660 read=31218
 Settings: enable_bitmapscan = 'off', enable_seqscan = 'off', max_parallel_workers_per_gather = '0'
 Planning:
   Buffers: shared hit=82 read=22
 Planning Time: 1.836 ms
 Execution Time: 177.135 ms
(10 rows)

SET
SET
SET
SET
                                             QUERY PLAN                                             
----------------------------------------------------------------------------------------------------
 Index Scan using idx on public.t (actual rows=3048576.00 loops=1)
   Output: a, b
   Index Cond: ((t.a >= '-109386'::integer) AND (t.a <= '-14119'::integer))
   Index Searches: 1
   Buffers: shared hit=69878
 Settings: enable_bitmapscan = 'off', enable_seqscan = 'off', max_parallel_workers_per_gather = '0'
 Planning:
   Buffers: shared hit=109
 Planning Time: 0.182 ms
 Execution Time: 115.759 ms
(10 rows)

