SET
SET
SET
SET
SET
                                                                QUERY PLAN                                                                
------------------------------------------------------------------------------------------------------------------------------------------
 Index Scan using idx on public.t (actual rows=4096.00 loops=1)
   Output: a, b
   Index Cond: ((t.a >= '-21121'::integer) AND (t.a <= '-20994'::integer))
   Index Searches: 1
   Prefetch: distance=150.047 count=106 stalls=2 skipped=3720 resets=0 ungets=22 forwarded=52
             histogram [2,4) => 5, [4,8) => 12, [8,16) => 14, [16,32) => 17, [32,64) => 1, [64,128) => 1, [128,256) => 3, [256,512) => 53
   Buffers: shared hit=56 read=46
 Settings: enable_bitmapscan = 'off', enable_seqscan = 'off', max_parallel_workers_per_gather = '0'
 Planning:
   Buffers: shared hit=82 read=22
 Planning Time: 1.290 ms
 Execution Time: 1.092 ms
(12 rows)

SET
SET
SET
SET
SET
                                             QUERY PLAN                                             
----------------------------------------------------------------------------------------------------
 Index Scan using idx on public.t (actual rows=4096.00 loops=1)
   Output: a, b
   Index Cond: ((t.a >= '-21121'::integer) AND (t.a <= '-20994'::integer))
   Index Searches: 1
   Buffers: shared hit=102
 Settings: enable_bitmapscan = 'off', enable_seqscan = 'off', max_parallel_workers_per_gather = '0'
 Planning:
   Buffers: shared hit=109
 Planning Time: 0.138 ms
 Execution Time: 0.179 ms
(10 rows)

