SET
SET
SET
SET
SET
                                                                QUERY PLAN                                                                 
-------------------------------------------------------------------------------------------------------------------------------------------
 Index Scan using idx on public.t (actual rows=16384.00 loops=1)
   Output: a, b
   Index Cond: ((t.a >= '-22255'::integer) AND (t.a <= '-21744'::integer))
   Index Searches: 1
   Prefetch: distance=247.809 count=466 stalls=1 skipped=15146 resets=0 ungets=129 forwarded=153
             histogram [2,4) => 2, [4,8) => 10, [8,16) => 12, [16,32) => 14, [32,64) => 1, [64,128) => 5, [128,256) => 4, [256,512) => 418
   Buffers: shared hit=194 read=171
 Settings: enable_bitmapscan = 'off', enable_seqscan = 'off', max_parallel_workers_per_gather = '0'
 Planning:
   Buffers: shared hit=82 read=22
 Planning Time: 1.284 ms
 Execution Time: 2.246 ms
(12 rows)

SET
SET
SET
SET
SET
                                             QUERY PLAN                                             
----------------------------------------------------------------------------------------------------
 Index Scan using idx on public.t (actual rows=16384.00 loops=1)
   Output: a, b
   Index Cond: ((t.a >= '-22255'::integer) AND (t.a <= '-21744'::integer))
   Index Searches: 1
   Buffers: shared hit=378
 Settings: enable_bitmapscan = 'off', enable_seqscan = 'off', max_parallel_workers_per_gather = '0'
 Planning:
   Buffers: shared hit=109
 Planning Time: 0.175 ms
 Execution Time: 0.762 ms
(10 rows)

