SET
SET
SET
SET
SET
                                                                QUERY PLAN                                                                 
-------------------------------------------------------------------------------------------------------------------------------------------
 Index Scan using idx on public.t (actual rows=8192.00 loops=1)
   Output: a, b
   Index Cond: ((t.a >= '-10314'::integer) AND (t.a <= '-10059'::integer))
   Index Searches: 1
   Prefetch: distance=194.583 count=206 stalls=4 skipped=7296 resets=0 ungets=49 forwarded=64
             histogram [2,4) => 8, [4,8) => 16, [8,16) => 21, [16,32) => 13, [32,64) => 1, [64,128) => 1, [128,256) => 5, [256,512) => 141
   Buffers: shared hit=99 read=87
 Settings: enable_bitmapscan = 'off', enable_seqscan = 'off', max_parallel_workers_per_gather = '0'
 Planning:
   Buffers: shared hit=82 read=22
 Planning Time: 1.312 ms
 Execution Time: 1.420 ms
(12 rows)

SET
SET
SET
SET
SET
                                             QUERY PLAN                                             
----------------------------------------------------------------------------------------------------
 Index Scan using idx on public.t (actual rows=8192.00 loops=1)
   Output: a, b
   Index Cond: ((t.a >= '-10314'::integer) AND (t.a <= '-10059'::integer))
   Index Searches: 1
   Buffers: shared hit=188
 Settings: enable_bitmapscan = 'off', enable_seqscan = 'off', max_parallel_workers_per_gather = '0'
 Planning:
   Buffers: shared hit=109
 Planning Time: 0.182 ms
 Execution Time: 0.409 ms
(10 rows)

