SET
SET
SET
SET
SET
                                             QUERY PLAN                                             
----------------------------------------------------------------------------------------------------
 Index Scan using idx on public.t (actual rows=2048.00 loops=1)
   Output: a, b
   Index Cond: ((t.a >= '-30137'::integer) AND (t.a <= '-30074'::integer))
   Index Searches: 1
   Prefetch: distance=9.217 count=23 stalls=1 skipped=1147 resets=0 ungets=0 forwarded=6
             histogram [2,4) => 2, [4,8) => 7, [8,16) => 8, [16,32) => 6
   Buffers: shared hit=26 read=26
 Settings: enable_bitmapscan = 'off', enable_seqscan = 'off', max_parallel_workers_per_gather = '0'
 Planning:
   Buffers: shared hit=82 read=22
 Planning Time: 1.301 ms
 Execution Time: 1.008 ms
(12 rows)

SET
SET
SET
SET
SET
                                             QUERY PLAN                                             
----------------------------------------------------------------------------------------------------
 Index Scan using idx on public.t (actual rows=2048.00 loops=1)
   Output: a, b
   Index Cond: ((t.a >= '-30137'::integer) AND (t.a <= '-30074'::integer))
   Index Searches: 1
   Buffers: shared hit=52
 Settings: enable_bitmapscan = 'off', enable_seqscan = 'off', max_parallel_workers_per_gather = '0'
 Planning:
   Buffers: shared hit=109
 Planning Time: 0.118 ms
 Execution Time: 0.099 ms
(10 rows)

