SET
SET
SET
SET
SET
                                                                 QUERY PLAN                                                                 
--------------------------------------------------------------------------------------------------------------------------------------------
 Index Scan using idx on public.t (actual rows=32768.00 loops=1)
   Output: a, b
   Index Cond: ((t.a >= '-20251'::integer) AND (t.a <= '-19228'::integer))
   Index Searches: 1
   Prefetch: distance=253.422 count=969 stalls=6 skipped=31354 resets=0 ungets=296 forwarded=313
             histogram [2,4) => 10, [4,8) => 24, [8,16) => 12, [16,32) => 19, [32,64) => 1, [64,128) => 5, [128,256) => 1, [256,512) => 897
   Buffers: shared hit=375 read=339
 Settings: enable_bitmapscan = 'off', enable_seqscan = 'off', max_parallel_workers_per_gather = '0'
 Planning:
   Buffers: shared hit=82 read=22
 Planning Time: 1.796 ms
 Execution Time: 3.506 ms
(12 rows)

SET
SET
SET
SET
SET
                                             QUERY PLAN                                             
----------------------------------------------------------------------------------------------------
 Index Scan using idx on public.t (actual rows=32768.00 loops=1)
   Output: a, b
   Index Cond: ((t.a >= '-20251'::integer) AND (t.a <= '-19228'::integer))
   Index Searches: 1
   Buffers: shared hit=731
 Settings: enable_bitmapscan = 'off', enable_seqscan = 'off', max_parallel_workers_per_gather = '0'
 Planning:
   Buffers: shared hit=109
 Planning Time: 0.177 ms
 Execution Time: 1.480 ms
(10 rows)

