SET
SET
SET
SET
SET
                                                                 QUERY PLAN                                                                  
---------------------------------------------------------------------------------------------------------------------------------------------
 Index Scan using idx on public.t (actual rows=65536.00 loops=1)
   Output: a, b
   Index Cond: ((t.a >= '-7482'::integer) AND (t.a <= '-5435'::integer))
   Index Searches: 1
   Prefetch: distance=257.875 count=1948 stalls=1 skipped=63234 resets=0 ungets=489 forwarded=372
             histogram [2,4) => 2, [4,8) => 56, [8,16) => 17, [16,32) => 13, [32,64) => 14, [64,128) => 1, [128,256) => 5, [256,512) => 1840
   Buffers: shared hit=816 read=673
 Settings: enable_bitmapscan = 'off', enable_seqscan = 'off', max_parallel_workers_per_gather = '0'
 Planning:
   Buffers: shared hit=82 read=26
 Planning Time: 2.070 ms
 Execution Time: 4.908 ms
(12 rows)

SET
SET
SET
SET
SET
                                             QUERY PLAN                                             
----------------------------------------------------------------------------------------------------
 Index Scan using idx on public.t (actual rows=65536.00 loops=1)
   Output: a, b
   Index Cond: ((t.a >= '-7482'::integer) AND (t.a <= '-5435'::integer))
   Index Searches: 1
   Buffers: shared hit=1542
 Settings: enable_bitmapscan = 'off', enable_seqscan = 'off', max_parallel_workers_per_gather = '0'
 Planning:
   Buffers: shared hit=113
 Planning Time: 0.202 ms
 Execution Time: 2.888 ms
(10 rows)

