SET
SET
SET
SET
SET
                                                                  QUERY PLAN                                                                  
----------------------------------------------------------------------------------------------------------------------------------------------
 Index Scan using idx on public.t (actual rows=2048576.00 loops=1)
   Output: a, b
   Index Cond: ((t.a >= '-75079'::integer) AND (t.a <= '-11062'::integer))
   Index Searches: 1
   Prefetch: distance=271.592 count=61367 stalls=9 skipped=2002250 resets=0 ungets=16198 forwarded=11702
             histogram [2,4) => 18, [4,8) => 24, [8,16) => 13, [16,32) => 9, [32,64) => 11, [64,128) => 1, [128,256) => 6, [256,512) => 61285
   Buffers: shared hit=24136 read=20979
 Settings: enable_bitmapscan = 'off', enable_seqscan = 'off', max_parallel_workers_per_gather = '0'
 Planning:
   Buffers: shared hit=82 read=22
 Planning Time: 1.800 ms
 Execution Time: 106.834 ms
(12 rows)

SET
SET
SET
SET
SET
                                             QUERY PLAN                                             
----------------------------------------------------------------------------------------------------
 Index Scan using idx on public.t (actual rows=2048576.00 loops=1)
   Output: a, b
   Index Cond: ((t.a >= '-75079'::integer) AND (t.a <= '-11062'::integer))
   Index Searches: 1
   Buffers: shared hit=47038
 Settings: enable_bitmapscan = 'off', enable_seqscan = 'off', max_parallel_workers_per_gather = '0'
 Planning:
   Buffers: shared hit=109
 Planning Time: 0.190 ms
 Execution Time: 81.530 ms
(10 rows)

