SET
SET
SET
SET
SET
                                                                 QUERY PLAN                                                                 
--------------------------------------------------------------------------------------------------------------------------------------------
 Index Scan using idx on public.t (actual rows=1048576.00 loops=1)
   Output: a, b
   Index Cond: ((t.a >= '-34766'::integer) AND (t.a <= '-1999'::integer))
   Index Searches: 1
   Prefetch: distance=271.612 count=32076 stalls=1 skipped=1024281 resets=0 ungets=8901 forwarded=7103
             histogram [2,4) => 2, [4,8) => 6, [8,16) => 15, [16,32) => 12, [32,64) => 4, [64,128) => 1, [128,256) => 1, [256,512) => 32035
   Buffers: shared hit=12369 read=10738
 Settings: enable_bitmapscan = 'off', enable_seqscan = 'off', max_parallel_workers_per_gather = '0'
 Planning:
   Buffers: shared hit=82 read=26
 Planning Time: 2.199 ms
 Execution Time: 57.090 ms
(12 rows)

SET
SET
SET
SET
SET
                                             QUERY PLAN                                             
----------------------------------------------------------------------------------------------------
 Index Scan using idx on public.t (actual rows=1048576.00 loops=1)
   Output: a, b
   Index Cond: ((t.a >= '-34766'::integer) AND (t.a <= '-1999'::integer))
   Index Searches: 1
   Buffers: shared hit=24144
 Settings: enable_bitmapscan = 'off', enable_seqscan = 'off', max_parallel_workers_per_gather = '0'
 Planning:
   Buffers: shared hit=113
 Planning Time: 0.191 ms
 Execution Time: 44.032 ms
(10 rows)

