SET
SET
SET
SET
SET
                                                                   QUERY PLAN                                                                   
------------------------------------------------------------------------------------------------------------------------------------------------
 Index Scan using idx on public.t (actual rows=5048576.00 loops=1)
   Output: a, b
   Index Cond: ((t.a >= '-186634'::integer) AND (t.a <= '-28867'::integer))
   Index Searches: 1
   Prefetch: distance=271.546 count=149191 stalls=6 skipped=4937135 resets=0 ungets=38043 forwarded=26156
             histogram [2,4) => 14, [4,8) => 157, [8,16) => 16, [16,32) => 11, [32,64) => 8, [64,128) => 5, [128,256) => 1, [256,512) => 148979
   Buffers: shared hit=59084 read=51695
 Settings: enable_bitmapscan = 'off', enable_seqscan = 'off', max_parallel_workers_per_gather = '0'
 Planning:
   Buffers: shared hit=82 read=22
 Planning Time: 1.805 ms
 Execution Time: 248.664 ms
(12 rows)

SET
SET
SET
SET
SET
                                             QUERY PLAN                                             
----------------------------------------------------------------------------------------------------
 Index Scan using idx on public.t (actual rows=5048576.00 loops=1)
   Output: a, b
   Index Cond: ((t.a >= '-186634'::integer) AND (t.a <= '-28867'::integer))
   Index Searches: 1
   Buffers: shared hit=115676
 Settings: enable_bitmapscan = 'off', enable_seqscan = 'off', max_parallel_workers_per_gather = '0'
 Planning:
   Buffers: shared hit=109
 Planning Time: 0.178 ms
 Execution Time: 197.843 ms
(10 rows)

