SET
SET
SET
SET
SET
                                                                  QUERY PLAN                                                                  
----------------------------------------------------------------------------------------------------------------------------------------------
 Index Scan using idx on public.t (actual rows=8048576.00 loops=1)
   Output: a, b
   Index Cond: ((t.a >= '-277751'::integer) AND (t.a <= '-26234'::integer))
   Index Searches: 1
   Prefetch: distance=271.869 count=239639 stalls=2 skipped=7870621 resets=0 ungets=62261 forwarded=43292
             histogram [2,4) => 4, [4,8) => 14, [8,16) => 11, [16,32) => 17, [32,64) => 1, [64,128) => 5, [128,256) => 1, [256,512) => 239586
   Buffers: shared hit=94660 read=82411
 Settings: enable_bitmapscan = 'off', enable_seqscan = 'off', max_parallel_workers_per_gather = '0'
 Planning:
   Buffers: shared hit=82 read=22
 Planning Time: 1.823 ms
 Execution Time: 415.332 ms
(12 rows)

SET
SET
SET
SET
SET
                                             QUERY PLAN                                             
----------------------------------------------------------------------------------------------------
 Index Scan using idx on public.t (actual rows=8048576.00 loops=1)
   Output: a, b
   Index Cond: ((t.a >= '-277751'::integer) AND (t.a <= '-26234'::integer))
   Index Searches: 1
   Buffers: shared hit=184579
 Settings: enable_bitmapscan = 'off', enable_seqscan = 'off', max_parallel_workers_per_gather = '0'
 Planning:
   Buffers: shared hit=109
 Planning Time: 0.204 ms
 Execution Time: 321.890 ms
(10 rows)

