SET
SET
SET
SET
SET
                                                                  QUERY PLAN                                                                  
----------------------------------------------------------------------------------------------------------------------------------------------
 Index Scan using idx on public.t (actual rows=262144.00 loops=1)
   Output: a, b
   Index Cond: ((t.a >= '-30524'::integer) AND (t.a <= '-22333'::integer))
   Index Searches: 1
   Prefetch: distance=269.801 count=8306 stalls=5 skipped=255322 resets=0 ungets=2555 forwarded=2431
             histogram [2,4) => 10, [4,8) => 26, [8,16) => 10, [16,32) => 11, [32,64) => 11, [64,128) => 1, [128,256) => 1, [256,512) => 8236
   Buffers: shared hit=3096 read=2688
 Settings: enable_bitmapscan = 'off', enable_seqscan = 'off', max_parallel_workers_per_gather = '0'
 Planning:
   Buffers: shared hit=82 read=22
 Planning Time: 1.813 ms
 Execution Time: 18.354 ms
(12 rows)

SET
SET
SET
SET
SET
                                             QUERY PLAN                                             
----------------------------------------------------------------------------------------------------
 Index Scan using idx on public.t (actual rows=262144.00 loops=1)
   Output: a, b
   Index Cond: ((t.a >= '-30524'::integer) AND (t.a <= '-22333'::integer))
   Index Searches: 1
   Buffers: shared hit=6018
 Settings: enable_bitmapscan = 'off', enable_seqscan = 'off', max_parallel_workers_per_gather = '0'
 Planning:
   Buffers: shared hit=109
 Planning Time: 0.181 ms
 Execution Time: 10.680 ms
(10 rows)

