SET
SET
SET
SET
SET
                                                                  QUERY PLAN                                                                  
----------------------------------------------------------------------------------------------------------------------------------------------
 Index Scan using idx on public.t (actual rows=4048576.00 loops=1)
   Output: a, b
   Index Cond: ((t.a >= '-134042'::integer) AND (t.a <= '-7525'::integer))
   Index Searches: 1
   Prefetch: distance=271.773 count=121014 stalls=5 skipped=3959440 resets=0 ungets=31946 forwarded=22684
             histogram [2,4) => 10, [4,8) => 33, [8,16) => 8, [16,32) => 11, [32,64) => 7, [64,128) => 1, [128,256) => 5, [256,512) => 120939
   Buffers: shared hit=47559 read=41456
 Settings: enable_bitmapscan = 'off', enable_seqscan = 'off', max_parallel_workers_per_gather = '0'
 Planning:
   Buffers: shared hit=82 read=22
 Planning Time: 1.803 ms
 Execution Time: 215.272 ms
(12 rows)

SET
SET
SET
SET
SET
                                             QUERY PLAN                                             
----------------------------------------------------------------------------------------------------
 Index Scan using idx on public.t (actual rows=4048576.00 loops=1)
   Output: a, b
   Index Cond: ((t.a >= '-134042'::integer) AND (t.a <= '-7525'::integer))
   Index Searches: 1
   Buffers: shared hit=92694
 Settings: enable_bitmapscan = 'off', enable_seqscan = 'off', max_parallel_workers_per_gather = '0'
 Planning:
   Buffers: shared hit=109
 Planning Time: 0.191 ms
 Execution Time: 166.601 ms
(10 rows)

