SET
SET
SET
SET
SET
                                                                 QUERY PLAN                                                                  
---------------------------------------------------------------------------------------------------------------------------------------------
 Index Scan using idx on public.t (actual rows=7048576.00 loops=1)
   Output: a, b
   Index Cond: ((t.a >= '-244298'::integer) AND (t.a <= '-24031'::integer))
   Index Searches: 1
   Prefetch: distance=271.867 count=207857 stalls=2 skipped=6892693 resets=0 ungets=52455 forwarded=33093
             histogram [2,4) => 2, [4,8) => 8, [8,16) => 15, [16,32) => 11, [32,64) => 4, [64,128) => 1, [128,256) => 1, [256,512) => 207815
   Buffers: shared hit=83574 read=72172
 Settings: enable_bitmapscan = 'off', enable_seqscan = 'off', max_parallel_workers_per_gather = '0'
 Planning:
   Buffers: shared hit=82 read=22
 Planning Time: 1.796 ms
 Execution Time: 359.324 ms
(12 rows)

SET
SET
SET
SET
SET
                                             QUERY PLAN                                             
----------------------------------------------------------------------------------------------------
 Index Scan using idx on public.t (actual rows=7048576.00 loops=1)
   Output: a, b
   Index Cond: ((t.a >= '-244298'::integer) AND (t.a <= '-24031'::integer))
   Index Searches: 1
   Buffers: shared hit=161715
 Settings: enable_bitmapscan = 'off', enable_seqscan = 'off', max_parallel_workers_per_gather = '0'
 Planning:
   Buffers: shared hit=109
 Planning Time: 0.186 ms
 Execution Time: 279.686 ms
(10 rows)

