SET
SET
SET
SET
SET
                                                                  QUERY PLAN                                                                  
----------------------------------------------------------------------------------------------------------------------------------------------
 Index Scan using idx on public.t (actual rows=3048576.00 loops=1)
   Output: a, b
   Index Cond: ((t.a >= '-118811'::integer) AND (t.a <= '-23544'::integer))
   Index Searches: 1
   Prefetch: distance=271.757 count=93694 stalls=7 skipped=2981108 resets=0 ungets=26648 forwarded=22011
             histogram [2,4) => 12, [4,8) => 18, [8,16) => 11, [16,32) => 14, [32,64) => 9, [64,128) => 4, [128,256) => 1, [256,512) => 93625
   Buffers: shared hit=35674 read=31218
 Settings: enable_bitmapscan = 'off', enable_seqscan = 'off', max_parallel_workers_per_gather = '0'
 Planning:
   Buffers: shared hit=82 read=22
 Planning Time: 1.810 ms
 Execution Time: 178.207 ms
(12 rows)

SET
SET
SET
SET
SET
                                             QUERY PLAN                                             
----------------------------------------------------------------------------------------------------
 Index Scan using idx on public.t (actual rows=3048576.00 loops=1)
   Output: a, b
   Index Cond: ((t.a >= '-118811'::integer) AND (t.a <= '-23544'::integer))
   Index Searches: 1
   Buffers: shared hit=69787
 Settings: enable_bitmapscan = 'off', enable_seqscan = 'off', max_parallel_workers_per_gather = '0'
 Planning:
   Buffers: shared hit=109
 Planning Time: 0.175 ms
 Execution Time: 122.238 ms
(10 rows)

