SET
SET
SET
SET
SET
                                                                  QUERY PLAN                                                                  
----------------------------------------------------------------------------------------------------------------------------------------------
 Index Scan using idx on public.t (actual rows=9048576.00 loops=1)
   Output: a, b
   Index Cond: ((t.a >= '-283352'::integer) AND (t.a <= '-585'::integer))
   Index Searches: 1
   Prefetch: distance=271.878 count=271073 stalls=3 skipped=8848707 resets=0 ungets=71558 forwarded=51915
             histogram [2,4) => 2, [4,8) => 13, [8,16) => 10, [16,32) => 14, [32,64) => 9, [64,128) => 1, [128,256) => 4, [256,512) => 271020
   Buffers: shared hit=106309 read=92648
 Settings: enable_bitmapscan = 'off', enable_seqscan = 'off', max_parallel_workers_per_gather = '0'
 Planning:
   Buffers: shared hit=82 read=26
 Planning Time: 2.065 ms
 Execution Time: 449.328 ms
(12 rows)

SET
SET
SET
SET
SET
                                             QUERY PLAN                                             
----------------------------------------------------------------------------------------------------
 Index Scan using idx on public.t (actual rows=9048576.00 loops=1)
   Output: a, b
   Index Cond: ((t.a >= '-283352'::integer) AND (t.a <= '-585'::integer))
   Index Searches: 1
   Buffers: shared hit=207609
 Settings: enable_bitmapscan = 'off', enable_seqscan = 'off', max_parallel_workers_per_gather = '0'
 Planning:
   Buffers: shared hit=113
 Planning Time: 0.217 ms
 Execution Time: 362.235 ms
(10 rows)

