SET
SET
SET
SET
SET
                                                                QUERY PLAN                                                                
------------------------------------------------------------------------------------------------------------------------------------------
 Index Scan using idx on public.t (actual rows=4096.00 loops=1)
   Output: a, b
   Index Cond: ((t.a >= '-8484'::integer) AND (t.a <= '-8357'::integer))
   Index Searches: 1
   Prefetch: distance=141.524 count=103 stalls=2 skipped=3722 resets=0 ungets=20 forwarded=40
             histogram [2,4) => 4, [4,8) => 18, [8,16) => 13, [16,32) => 14, [32,64) => 1, [64,128) => 1, [128,256) => 4, [256,512) => 48
   Buffers: shared hit=55 read=47
 Settings: enable_bitmapscan = 'off', enable_seqscan = 'off', max_parallel_workers_per_gather = '0'
 Planning:
   Buffers: shared hit=82 read=22
 Planning Time: 1.301 ms
 Execution Time: 1.231 ms
(12 rows)

SET
SET
SET
SET
SET
                                             QUERY PLAN                                             
----------------------------------------------------------------------------------------------------
 Index Scan using idx on public.t (actual rows=4096.00 loops=1)
   Output: a, b
   Index Cond: ((t.a >= '-8484'::integer) AND (t.a <= '-8357'::integer))
   Index Searches: 1
   Buffers: shared hit=102
 Settings: enable_bitmapscan = 'off', enable_seqscan = 'off', max_parallel_workers_per_gather = '0'
 Planning:
   Buffers: shared hit=109
 Planning Time: 0.181 ms
 Execution Time: 0.230 ms
(10 rows)

