SET
SET
SET
SET
SET
                                             QUERY PLAN                                             
----------------------------------------------------------------------------------------------------
 Index Scan using idx on public.t (actual rows=2048.00 loops=1)
   Output: a, b
   Index Cond: ((t.a >= '-16762'::integer) AND (t.a <= '-16699'::integer))
   Index Searches: 1
   Prefetch: distance=7.600 count=20 stalls=3 skipped=1002 resets=0 ungets=0 forwarded=5
             histogram [2,4) => 2, [4,8) => 8, [8,16) => 8, [16,32) => 2
   Buffers: shared hit=28 read=25
 Settings: enable_bitmapscan = 'off', enable_seqscan = 'off', max_parallel_workers_per_gather = '0'
 Planning:
   Buffers: shared hit=82 read=22
 Planning Time: 1.330 ms
 Execution Time: 0.928 ms
(12 rows)

SET
SET
SET
SET
SET
                                             QUERY PLAN                                             
----------------------------------------------------------------------------------------------------
 Index Scan using idx on public.t (actual rows=2048.00 loops=1)
   Output: a, b
   Index Cond: ((t.a >= '-16762'::integer) AND (t.a <= '-16699'::integer))
   Index Searches: 1
   Buffers: shared hit=53
 Settings: enable_bitmapscan = 'off', enable_seqscan = 'off', max_parallel_workers_per_gather = '0'
 Planning:
   Buffers: shared hit=109
 Planning Time: 0.121 ms
 Execution Time: 0.099 ms
(10 rows)

