SET
SET
SET
SET
SET
                                                                 QUERY PLAN                                                                  
---------------------------------------------------------------------------------------------------------------------------------------------
 Index Scan using idx on public.t (actual rows=32768.00 loops=1)
   Output: a, b
   Index Cond: ((t.a >= '-4939'::integer) AND (t.a <= '-3916'::integer))
   Index Searches: 1
   Prefetch: distance=245.274 count=925 stalls=8 skipped=31912 resets=0 ungets=236 forwarded=264
             histogram [2,4) => 17, [4,8) => 34, [8,16) => 12, [16,32) => 16, [32,64) => 15, [64,128) => 1, [128,256) => 4, [256,512) => 826
   Buffers: shared hit=373 read=339
 Settings: enable_bitmapscan = 'off', enable_seqscan = 'off', max_parallel_workers_per_gather = '0'
 Planning:
   Buffers: shared hit=86 read=26
 Planning Time: 1.554 ms
 Execution Time: 3.038 ms
(12 rows)

SET
SET
SET
SET
SET
                                             QUERY PLAN                                             
----------------------------------------------------------------------------------------------------
 Index Scan using idx on public.t (actual rows=32768.00 loops=1)
   Output: a, b
   Index Cond: ((t.a >= '-4939'::integer) AND (t.a <= '-3916'::integer))
   Index Searches: 1
   Buffers: shared hit=736
 Settings: enable_bitmapscan = 'off', enable_seqscan = 'off', max_parallel_workers_per_gather = '0'
 Planning:
   Buffers: shared hit=117
 Planning Time: 0.140 ms
 Execution Time: 1.263 ms
(10 rows)

