SET
SET
SET
SET
SET
                                                                 QUERY PLAN                                                                 
--------------------------------------------------------------------------------------------------------------------------------------------
 Index Scan using idx on public.t (actual rows=16384.00 loops=1)
   Output: a, b
   Index Cond: ((t.a >= '-28535'::integer) AND (t.a <= '-28024'::integer))
   Index Searches: 1
   Prefetch: distance=162.349 count=424 stalls=21 skipped=15591 resets=0 ungets=78 forwarded=81
             histogram [2,4) => 51, [4,8) => 85, [8,16) => 12, [16,32) => 23, [32,64) => 4, [64,128) => 1, [128,256) => 1, [256,512) => 247
   Buffers: shared hit=217 read=172
 Settings: enable_bitmapscan = 'off', enable_seqscan = 'off', max_parallel_workers_per_gather = '0'
 Planning:
   Buffers: shared hit=82 read=22
 Planning Time: 1.335 ms
 Execution Time: 2.236 ms
(12 rows)

SET
SET
SET
SET
SET
                                             QUERY PLAN                                             
----------------------------------------------------------------------------------------------------
 Index Scan using idx on public.t (actual rows=16384.00 loops=1)
   Output: a, b
   Index Cond: ((t.a >= '-28535'::integer) AND (t.a <= '-28024'::integer))
   Index Searches: 1
   Buffers: shared hit=394
 Settings: enable_bitmapscan = 'off', enable_seqscan = 'off', max_parallel_workers_per_gather = '0'
 Planning:
   Buffers: shared hit=109
 Planning Time: 0.182 ms
 Execution Time: 0.780 ms
(10 rows)

