SET
SET
SET
SET
SET
                                                                QUERY PLAN                                                                
------------------------------------------------------------------------------------------------------------------------------------------
 Index Scan using idx on public.t (actual rows=8192.00 loops=1)
   Output: a, b
   Index Cond: ((t.a >= '-26711'::integer) AND (t.a <= '-26456'::integer))
   Index Searches: 1
   Prefetch: distance=226.739 count=230 stalls=4 skipped=7862 resets=0 ungets=63 forwarded=88
             histogram [2,4) => 4, [4,8) => 7, [8,16) => 10, [16,32) => 16, [32,64) => 1, [64,128) => 4, [128,256) => 1, [256,512) => 187
   Buffers: shared hit=97 read=89
 Settings: enable_bitmapscan = 'off', enable_seqscan = 'off', max_parallel_workers_per_gather = '0'
 Planning:
   Buffers: shared hit=82 read=22
 Planning Time: 1.336 ms
 Execution Time: 1.645 ms
(12 rows)

SET
SET
SET
SET
SET
                                             QUERY PLAN                                             
----------------------------------------------------------------------------------------------------
 Index Scan using idx on public.t (actual rows=8192.00 loops=1)
   Output: a, b
   Index Cond: ((t.a >= '-26711'::integer) AND (t.a <= '-26456'::integer))
   Index Searches: 1
   Buffers: shared hit=187
 Settings: enable_bitmapscan = 'off', enable_seqscan = 'off', max_parallel_workers_per_gather = '0'
 Planning:
   Buffers: shared hit=109
 Planning Time: 0.162 ms
 Execution Time: 0.397 ms
(10 rows)

