SET
SET
SET
SET
SET
                                                                 QUERY PLAN                                                                 
--------------------------------------------------------------------------------------------------------------------------------------------
 Index Scan using idx on public.t (actual rows=65536.00 loops=1)
   Output: a, b
   Index Cond: ((t.a >= '-9843'::integer) AND (t.a <= '-7796'::integer))
   Index Searches: 1
   Prefetch: distance=264.804 count=2101 stalls=4 skipped=63756 resets=0 ungets=644 forwarded=604
             histogram [2,4) => 4, [4,8) => 22, [8,16) => 12, [16,32) => 16, [32,64) => 1, [64,128) => 4, [128,256) => 1, [256,512) => 2041
   Buffers: shared hit=799 read=675
 Settings: enable_bitmapscan = 'off', enable_seqscan = 'off', max_parallel_workers_per_gather = '0'
 Planning:
   Buffers: shared hit=82 read=22
 Planning Time: 1.860 ms
 Execution Time: 5.734 ms
(12 rows)

SET
SET
SET
SET
SET
                                             QUERY PLAN                                             
----------------------------------------------------------------------------------------------------
 Index Scan using idx on public.t (actual rows=65536.00 loops=1)
   Output: a, b
   Index Cond: ((t.a >= '-9843'::integer) AND (t.a <= '-7796'::integer))
   Index Searches: 1
   Buffers: shared hit=1533
 Settings: enable_bitmapscan = 'off', enable_seqscan = 'off', max_parallel_workers_per_gather = '0'
 Planning:
   Buffers: shared hit=109
 Planning Time: 0.167 ms
 Execution Time: 2.919 ms
(10 rows)

