SET
SET
SET
SET
SET
                                                                  QUERY PLAN                                                                  
----------------------------------------------------------------------------------------------------------------------------------------------
 Index Scan using idx on public.t (actual rows=6048576.00 loops=1)
   Output: a, b
   Index Cond: ((t.a >= '-194123'::integer) AND (t.a <= '-5106'::integer))
   Index Searches: 1
   Prefetch: distance=271.832 count=179525 stalls=2 skipped=5915055 resets=0 ungets=46216 forwarded=31130
             histogram [2,4) => 4, [4,8) => 25, [8,16) => 11, [16,32) => 11, [32,64) => 9, [64,128) => 1, [128,256) => 1, [256,512) => 179463
   Buffers: shared hit=71344 read=61932
 Settings: enable_bitmapscan = 'off', enable_seqscan = 'off', max_parallel_workers_per_gather = '0'
 Planning:
   Buffers: shared hit=82 read=26
 Planning Time: 2.073 ms
 Execution Time: 303.468 ms
(12 rows)

SET
SET
SET
SET
SET
                                             QUERY PLAN                                             
----------------------------------------------------------------------------------------------------
 Index Scan using idx on public.t (actual rows=6048576.00 loops=1)
   Output: a, b
   Index Cond: ((t.a >= '-194123'::integer) AND (t.a <= '-5106'::integer))
   Index Searches: 1
   Buffers: shared hit=138720
 Settings: enable_bitmapscan = 'off', enable_seqscan = 'off', max_parallel_workers_per_gather = '0'
 Planning:
   Buffers: shared hit=113
 Planning Time: 0.196 ms
 Execution Time: 258.262 ms
(10 rows)

