SET
SET
SET
SET
SET
                                                                 QUERY PLAN                                                                 
--------------------------------------------------------------------------------------------------------------------------------------------
 Index Scan using idx on public.t (actual rows=131072.00 loops=1)
   Output: a, b
   Index Cond: ((t.a >= '-21651'::integer) AND (t.a <= '-17556'::integer))
   Index Searches: 1
   Prefetch: distance=268.453 count=4127 stalls=4 skipped=127719 resets=0 ungets=1257 forwarded=1230
             histogram [2,4) => 4, [4,8) => 20, [8,16) => 13, [16,32) => 13, [32,64) => 4, [64,128) => 1, [128,256) => 4, [256,512) => 4068
   Buffers: shared hit=1539 read=1346
 Settings: enable_bitmapscan = 'off', enable_seqscan = 'off', max_parallel_workers_per_gather = '0'
 Planning:
   Buffers: shared hit=82 read=22
 Planning Time: 1.808 ms
 Execution Time: 10.347 ms
(12 rows)

SET
SET
SET
SET
SET
                                             QUERY PLAN                                             
----------------------------------------------------------------------------------------------------
 Index Scan using idx on public.t (actual rows=131072.00 loops=1)
   Output: a, b
   Index Cond: ((t.a >= '-21651'::integer) AND (t.a <= '-17556'::integer))
   Index Searches: 1
   Buffers: shared hit=3007
 Settings: enable_bitmapscan = 'off', enable_seqscan = 'off', max_parallel_workers_per_gather = '0'
 Planning:
   Buffers: shared hit=109
 Planning Time: 0.182 ms
 Execution Time: 5.416 ms
(10 rows)

