SET
SET
SET
SET
SET
                                                                  QUERY PLAN                                                                  
----------------------------------------------------------------------------------------------------------------------------------------------
 Index Scan using idx on public.t (actual rows=2048576.00 loops=1)
   Output: a, b
   Index Cond: ((t.a >= '-88690'::integer) AND (t.a <= '-24673'::integer))
   Index Searches: 1
   Prefetch: distance=271.651 count=61747 stalls=7 skipped=2003350 resets=0 ungets=16623 forwarded=12268
             histogram [2,4) => 16, [4,8) => 17, [8,16) => 13, [16,32) => 13, [32,64) => 5, [64,128) => 1, [128,256) => 5, [256,512) => 61677
   Buffers: shared hit=24173 read=20979
 Settings: enable_bitmapscan = 'off', enable_seqscan = 'off', max_parallel_workers_per_gather = '0'
 Planning:
   Buffers: shared hit=82 read=22
 Planning Time: 1.813 ms
 Execution Time: 109.585 ms
(12 rows)

SET
SET
SET
SET
SET
                                             QUERY PLAN                                             
----------------------------------------------------------------------------------------------------
 Index Scan using idx on public.t (actual rows=2048576.00 loops=1)
   Output: a, b
   Index Cond: ((t.a >= '-88690'::integer) AND (t.a <= '-24673'::integer))
   Index Searches: 1
   Buffers: shared hit=46969
 Settings: enable_bitmapscan = 'off', enable_seqscan = 'off', max_parallel_workers_per_gather = '0'
 Planning:
   Buffers: shared hit=109
 Planning Time: 0.216 ms
 Execution Time: 82.746 ms
(10 rows)

