SET
SET
SET
SET
SET
                                                                 QUERY PLAN                                                                  
---------------------------------------------------------------------------------------------------------------------------------------------
 Index Scan using idx on public.t (actual rows=1048576.00 loops=1)
   Output: a, b
   Index Cond: ((t.a >= '-64119'::integer) AND (t.a <= '-31352'::integer))
   Index Searches: 1
   Prefetch: distance=271.444 count=32245 stalls=2 skipped=1025064 resets=0 ungets=9086 forwarded=7511
             histogram [2,4) => 2, [4,8) => 23, [8,16) => 14, [16,32) => 13, [32,64) => 4, [64,128) => 4, [128,256) => 7, [256,512) => 32178
   Buffers: shared hit=12354 read=10741
 Settings: enable_bitmapscan = 'off', enable_seqscan = 'off', max_parallel_workers_per_gather = '0'
 Planning:
   Buffers: shared hit=82 read=22
 Planning Time: 1.804 ms
 Execution Time: 58.092 ms
(12 rows)

SET
SET
SET
SET
SET
                                             QUERY PLAN                                             
----------------------------------------------------------------------------------------------------
 Index Scan using idx on public.t (actual rows=1048576.00 loops=1)
   Output: a, b
   Index Cond: ((t.a >= '-64119'::integer) AND (t.a <= '-31352'::integer))
   Index Searches: 1
   Buffers: shared hit=24110
 Settings: enable_bitmapscan = 'off', enable_seqscan = 'off', max_parallel_workers_per_gather = '0'
 Planning:
   Buffers: shared hit=109
 Planning Time: 0.173 ms
 Execution Time: 41.797 ms
(10 rows)

