SET
SET
SET
SET
SET
                                                                  QUERY PLAN                                                                  
----------------------------------------------------------------------------------------------------------------------------------------------
 Index Scan using idx on public.t (actual rows=4048576.00 loops=1)
   Output: a, b
   Index Cond: ((t.a >= '-144943'::integer) AND (t.a <= '-18426'::integer))
   Index Searches: 1
   Prefetch: distance=271.709 count=120477 stalls=2 skipped=3958800 resets=0 ungets=31421 forwarded=22193
             histogram [2,4) => 7, [4,8) => 62, [8,16) => 10, [16,32) => 14, [32,64) => 4, [64,128) => 1, [128,256) => 4, [256,512) => 120375
   Buffers: shared hit=47474 read=41457
 Settings: enable_bitmapscan = 'off', enable_seqscan = 'off', max_parallel_workers_per_gather = '0'
 Planning:
   Buffers: shared hit=82 read=22
 Planning Time: 1.829 ms
 Execution Time: 201.931 ms
(12 rows)

SET
SET
SET
SET
SET
                                             QUERY PLAN                                             
----------------------------------------------------------------------------------------------------
 Index Scan using idx on public.t (actual rows=4048576.00 loops=1)
   Output: a, b
   Index Cond: ((t.a >= '-144943'::integer) AND (t.a <= '-18426'::integer))
   Index Searches: 1
   Buffers: shared hit=92695
 Settings: enable_bitmapscan = 'off', enable_seqscan = 'off', max_parallel_workers_per_gather = '0'
 Planning:
   Buffers: shared hit=109
 Planning Time: 0.190 ms
 Execution Time: 165.732 ms
(10 rows)

