SET
SET
SET
SET
SET
                                                                  QUERY PLAN                                                                  
----------------------------------------------------------------------------------------------------------------------------------------------
 Index Scan using idx on public.t (actual rows=524288.00 loops=1)
   Output: a, b
   Index Cond: ((t.a >= '-30480'::integer) AND (t.a <= '-14097'::integer))
   Index Searches: 1
   Prefetch: distance=271.037 count=15531 stalls=4 skipped=512387 resets=0 ungets=3994 forwarded=2681
             histogram [2,4) => 11, [4,8) => 11, [8,16) => 10, [16,32) => 12, [32,64) => 6, [64,128) => 4, [128,256) => 1, [256,512) => 15476
   Buffers: shared hit=6188 read=5372
 Settings: enable_bitmapscan = 'off', enable_seqscan = 'off', max_parallel_workers_per_gather = '0'
 Planning:
   Buffers: shared hit=82 read=22
 Planning Time: 1.788 ms
 Execution Time: 29.393 ms
(12 rows)

SET
SET
SET
SET
SET
                                             QUERY PLAN                                             
----------------------------------------------------------------------------------------------------
 Index Scan using idx on public.t (actual rows=524288.00 loops=1)
   Output: a, b
   Index Cond: ((t.a >= '-30480'::integer) AND (t.a <= '-14097'::integer))
   Index Searches: 1
   Buffers: shared hit=12023
 Settings: enable_bitmapscan = 'off', enable_seqscan = 'off', max_parallel_workers_per_gather = '0'
 Planning:
   Buffers: shared hit=109
 Planning Time: 0.176 ms
 Execution Time: 21.382 ms
(10 rows)

