SET
SET
SET
SET
SET
                                                                  QUERY PLAN                                                                  
----------------------------------------------------------------------------------------------------------------------------------------------
 Index Scan using idx on public.t (actual rows=5048576.00 loops=1)
   Output: a, b
   Index Cond: ((t.a >= '-188528'::integer) AND (t.a <= '-30761'::integer))
   Index Searches: 1
   Prefetch: distance=271.774 count=148763 stalls=6 skipped=4937176 resets=0 ungets=37528 forwarded=24307
             histogram [2,4) => 10, [4,8) => 39, [8,16) => 8, [16,32) => 18, [32,64) => 5, [64,128) => 1, [128,256) => 6, [256,512) => 148676
   Buffers: shared hit=59420 read=51696
 Settings: enable_bitmapscan = 'off', enable_seqscan = 'off', max_parallel_workers_per_gather = '0'
 Planning:
   Buffers: shared hit=82 read=22
 Planning Time: 1.926 ms
 Execution Time: 255.124 ms
(12 rows)

SET
SET
SET
SET
SET
                                             QUERY PLAN                                             
----------------------------------------------------------------------------------------------------
 Index Scan using idx on public.t (actual rows=5048576.00 loops=1)
   Output: a, b
   Index Cond: ((t.a >= '-188528'::integer) AND (t.a <= '-30761'::integer))
   Index Searches: 1
   Buffers: shared hit=115758
 Settings: enable_bitmapscan = 'off', enable_seqscan = 'off', max_parallel_workers_per_gather = '0'
 Planning:
   Buffers: shared hit=109
 Planning Time: 0.180 ms
 Execution Time: 203.099 ms
(10 rows)

