SET
SET
SET
SET
SET
                                                                  QUERY PLAN                                                                  
----------------------------------------------------------------------------------------------------------------------------------------------
 Index Scan using idx on public.t (actual rows=7048576.00 loops=1)
   Output: a, b
   Index Cond: ((t.a >= '-234065'::integer) AND (t.a <= '-13798'::integer))
   Index Searches: 1
   Prefetch: distance=271.825 count=209428 stalls=2 skipped=6892400 resets=0 ungets=54149 forwarded=37564
             histogram [2,4) => 4, [4,8) => 31, [8,16) => 13, [16,32) => 24, [32,64) => 5, [64,128) => 1, [128,256) => 4, [256,512) => 209346
   Buffers: shared hit=82795 read=72171
 Settings: enable_bitmapscan = 'off', enable_seqscan = 'off', max_parallel_workers_per_gather = '0'
 Planning:
   Buffers: shared hit=82 read=22
 Planning Time: 1.856 ms
 Execution Time: 345.891 ms
(12 rows)

SET
SET
SET
SET
SET
                                             QUERY PLAN                                             
----------------------------------------------------------------------------------------------------
 Index Scan using idx on public.t (actual rows=7048576.00 loops=1)
   Output: a, b
   Index Cond: ((t.a >= '-234065'::integer) AND (t.a <= '-13798'::integer))
   Index Searches: 1
   Buffers: shared hit=161601
 Settings: enable_bitmapscan = 'off', enable_seqscan = 'off', max_parallel_workers_per_gather = '0'
 Planning:
   Buffers: shared hit=109
 Planning Time: 0.181 ms
 Execution Time: 280.356 ms
(10 rows)

