SET
SET
SET
SET
SET
                                                                 QUERY PLAN                                                                  
---------------------------------------------------------------------------------------------------------------------------------------------
 Index Scan using idx on public.t (actual rows=8048576.00 loops=1)
   Output: a, b
   Index Cond: ((t.a >= '-255756'::integer) AND (t.a <= '-4239'::integer))
   Index Searches: 1
   Prefetch: distance=271.874 count=236963 stalls=1 skipped=7870045 resets=0 ungets=59562 forwarded=37706
             histogram [2,4) => 2, [4,8) => 11, [8,16) => 8, [16,32) => 11, [32,64) => 5, [64,128) => 1, [128,256) => 4, [256,512) => 236921
   Buffers: shared hit=95096 read=82409
 Settings: enable_bitmapscan = 'off', enable_seqscan = 'off', max_parallel_workers_per_gather = '0'
 Planning:
   Buffers: shared hit=82 read=26
 Planning Time: 2.065 ms
 Execution Time: 404.934 ms
(12 rows)

SET
SET
SET
SET
SET
                                             QUERY PLAN                                             
----------------------------------------------------------------------------------------------------
 Index Scan using idx on public.t (actual rows=8048576.00 loops=1)
   Output: a, b
   Index Cond: ((t.a >= '-255756'::integer) AND (t.a <= '-4239'::integer))
   Index Searches: 1
   Buffers: shared hit=184614
 Settings: enable_bitmapscan = 'off', enable_seqscan = 'off', max_parallel_workers_per_gather = '0'
 Planning:
   Buffers: shared hit=113
 Planning Time: 0.195 ms
 Execution Time: 337.972 ms
(10 rows)

