SET
SET
SET
SET
                                             QUERY PLAN                                             
----------------------------------------------------------------------------------------------------
 Index Scan using idx on public.t (actual rows=7048576.00 loops=1)
   Output: a, b
   Index Cond: ((t.a >= '-220620'::integer) AND (t.a <= '-353'::integer))
   Index Searches: 1
   Buffers: shared hit=89568 read=72170
 Settings: enable_bitmapscan = 'off', enable_seqscan = 'off', max_parallel_workers_per_gather = '0'
 Planning:
   Buffers: shared hit=82 read=26
 Planning Time: 2.075 ms
 Execution Time: 413.061 ms
(10 rows)

SET
SET
SET
SET
                                             QUERY PLAN                                             
----------------------------------------------------------------------------------------------------
 Index Scan using idx on public.t (actual rows=7048576.00 loops=1)
   Output: a, b
   Index Cond: ((t.a >= '-220620'::integer) AND (t.a <= '-353'::integer))
   Index Searches: 1
   Buffers: shared hit=161738
 Settings: enable_bitmapscan = 'off', enable_seqscan = 'off', max_parallel_workers_per_gather = '0'
 Planning:
   Buffers: shared hit=113
 Planning Time: 0.198 ms
 Execution Time: 271.510 ms
(10 rows)

