SET
SET
SET
SET
SET
                                                                QUERY PLAN                                                                 
-------------------------------------------------------------------------------------------------------------------------------------------
 Index Scan using idx on public.t (actual rows=8192.00 loops=1)
   Output: a, b
   Index Cond: ((t.a >= '-23485'::integer) AND (t.a <= '-23230'::integer))
   Index Searches: 1
   Prefetch: distance=176.643 count=199 stalls=2 skipped=7603 resets=0 ungets=40 forwarded=75
             histogram [2,4) => 5, [4,8) => 34, [8,16) => 10, [16,32) => 18, [32,64) => 5, [64,128) => 1, [128,256) => 5, [256,512) => 121
   Buffers: shared hit=90 read=88
 Settings: enable_bitmapscan = 'off', enable_seqscan = 'off', max_parallel_workers_per_gather = '0'
 Planning:
   Buffers: shared hit=82 read=22
 Planning Time: 1.313 ms
 Execution Time: 1.568 ms
(12 rows)

SET
SET
SET
SET
SET
                                             QUERY PLAN                                             
----------------------------------------------------------------------------------------------------
 Index Scan using idx on public.t (actual rows=8192.00 loops=1)
   Output: a, b
   Index Cond: ((t.a >= '-23485'::integer) AND (t.a <= '-23230'::integer))
   Index Searches: 1
   Buffers: shared hit=182
 Settings: enable_bitmapscan = 'off', enable_seqscan = 'off', max_parallel_workers_per_gather = '0'
 Planning:
   Buffers: shared hit=109
 Planning Time: 0.142 ms
 Execution Time: 0.338 ms
(10 rows)

