SET
SET
SET
SET
SET
                                             QUERY PLAN                                             
----------------------------------------------------------------------------------------------------
 Index Scan using idx on public.t (actual rows=4096.00 loops=1)
   Output: a, b
   Index Cond: ((t.a >= '-14969'::integer) AND (t.a <= '-14842'::integer))
   Index Searches: 1
   Prefetch: distance=9.544 count=57 stalls=5 skipped=2915 resets=0 ungets=0 forwarded=21
             histogram [2,4) => 10, [4,8) => 23, [8,16) => 13, [16,32) => 11
   Buffers: shared hit=45 read=46
 Settings: enable_bitmapscan = 'off', enable_seqscan = 'off', max_parallel_workers_per_gather = '0'
 Planning:
   Buffers: shared hit=82 read=22
 Planning Time: 1.301 ms
 Execution Time: 1.303 ms
(12 rows)

SET
SET
SET
SET
SET
                                             QUERY PLAN                                             
----------------------------------------------------------------------------------------------------
 Index Scan using idx on public.t (actual rows=4096.00 loops=1)
   Output: a, b
   Index Cond: ((t.a >= '-14969'::integer) AND (t.a <= '-14842'::integer))
   Index Searches: 1
   Buffers: shared hit=91
 Settings: enable_bitmapscan = 'off', enable_seqscan = 'off', max_parallel_workers_per_gather = '0'
 Planning:
   Buffers: shared hit=109
 Planning Time: 0.116 ms
 Execution Time: 0.167 ms
(10 rows)

