SET
SET
SET
SET
SET
                                             QUERY PLAN                                             
----------------------------------------------------------------------------------------------------
 Index Scan using idx on public.t (actual rows=2048.00 loops=1)
   Output: a, b
   Index Cond: ((t.a >= '-839'::integer) AND (t.a <= '-776'::integer))
   Index Searches: 1
   Prefetch: distance=2.824 count=17 stalls=9 skipped=1063 resets=0 ungets=0 forwarded=0
             histogram [2,4) => 10, [4,8) => 7
   Buffers: shared hit=34 read=22
 Settings: enable_bitmapscan = 'off', enable_seqscan = 'off', max_parallel_workers_per_gather = '0'
 Planning:
   Buffers: shared hit=86 read=26
 Planning Time: 1.579 ms
 Execution Time: 0.975 ms
(12 rows)

SET
SET
SET
SET
SET
                                             QUERY PLAN                                             
----------------------------------------------------------------------------------------------------
 Index Scan using idx on public.t (actual rows=2048.00 loops=1)
   Output: a, b
   Index Cond: ((t.a >= '-839'::integer) AND (t.a <= '-776'::integer))
   Index Searches: 1
   Buffers: shared hit=56
 Settings: enable_bitmapscan = 'off', enable_seqscan = 'off', max_parallel_workers_per_gather = '0'
 Planning:
   Buffers: shared hit=117
 Planning Time: 0.192 ms
 Execution Time: 0.132 ms
(10 rows)

