SET
SET
SET
SET
SET
                                                                 QUERY PLAN                                                                 
--------------------------------------------------------------------------------------------------------------------------------------------
 Index Scan using idx on public.t (actual rows=16384.00 loops=1)
   Output: a, b
   Index Cond: ((t.a >= '-15701'::integer) AND (t.a <= '-15190'::integer))
   Index Searches: 1
   Prefetch: distance=245.482 count=510 stalls=1 skipped=15964 resets=0 ungets=143 forwarded=164
             histogram [2,4) => 2, [4,8) => 15, [8,16) => 13, [16,32) => 11, [32,64) => 11, [64,128) => 1, [128,256) => 1, [256,512) => 456
   Buffers: shared hit=203 read=172
 Settings: enable_bitmapscan = 'off', enable_seqscan = 'off', max_parallel_workers_per_gather = '0'
 Planning:
   Buffers: shared hit=82 read=22
 Planning Time: 1.544 ms
 Execution Time: 2.355 ms
(12 rows)

SET
SET
SET
SET
SET
                                             QUERY PLAN                                             
----------------------------------------------------------------------------------------------------
 Index Scan using idx on public.t (actual rows=16384.00 loops=1)
   Output: a, b
   Index Cond: ((t.a >= '-15701'::integer) AND (t.a <= '-15190'::integer))
   Index Searches: 1
   Buffers: shared hit=389
 Settings: enable_bitmapscan = 'off', enable_seqscan = 'off', max_parallel_workers_per_gather = '0'
 Planning:
   Buffers: shared hit=109
 Planning Time: 0.165 ms
 Execution Time: 0.678 ms
(10 rows)

