SET
SET
SET
SET
SET
                                                                 QUERY PLAN                                                                  
---------------------------------------------------------------------------------------------------------------------------------------------
 Index Scan using idx on public.t (actual rows=524288.00 loops=1)
   Output: a, b
   Index Cond: ((t.a >= '-37413'::integer) AND (t.a <= '-21030'::integer))
   Index Searches: 1
   Prefetch: distance=270.902 count=15860 stalls=5 skipped=512520 resets=0 ungets=4288 forwarded=3510
             histogram [2,4) => 6, [4,8) => 15, [8,16) => 23, [16,32) => 8, [32,64) => 10, [64,128) => 1, [128,256) => 1, [256,512) => 15796
   Buffers: shared hit=6112 read=5372
 Settings: enable_bitmapscan = 'off', enable_seqscan = 'off', max_parallel_workers_per_gather = '0'
 Planning:
   Buffers: shared hit=82 read=22
 Planning Time: 1.849 ms
 Execution Time: 28.922 ms
(12 rows)

SET
SET
SET
SET
SET
                                             QUERY PLAN                                             
----------------------------------------------------------------------------------------------------
 Index Scan using idx on public.t (actual rows=524288.00 loops=1)
   Output: a, b
   Index Cond: ((t.a >= '-37413'::integer) AND (t.a <= '-21030'::integer))
   Index Searches: 1
   Buffers: shared hit=12055
 Settings: enable_bitmapscan = 'off', enable_seqscan = 'off', max_parallel_workers_per_gather = '0'
 Planning:
   Buffers: shared hit=109
 Planning Time: 0.185 ms
 Execution Time: 20.584 ms
(10 rows)

