SET
SET
SET
SET
SET
                                                                  QUERY PLAN                                                                  
----------------------------------------------------------------------------------------------------------------------------------------------
 Index Scan using idx on public.t (actual rows=131072.00 loops=1)
   Output: a, b
   Index Cond: ((t.a >= '-24910'::integer) AND (t.a <= '-20815'::integer))
   Index Searches: 1
   Prefetch: distance=260.353 count=3925 stalls=14 skipped=127821 resets=0 ungets=1039 forwarded=854
             histogram [2,4) => 34, [4,8) => 105, [8,16) => 14, [16,32) => 13, [32,64) => 5, [64,128) => 1, [128,256) => 1, [256,512) => 3752
   Buffers: shared hit=1569 read=1346
 Settings: enable_bitmapscan = 'off', enable_seqscan = 'off', max_parallel_workers_per_gather = '0'
 Planning:
   Buffers: shared hit=82 read=22
 Planning Time: 1.813 ms
 Execution Time: 8.905 ms
(12 rows)

SET
SET
SET
SET
SET
                                             QUERY PLAN                                             
----------------------------------------------------------------------------------------------------
 Index Scan using idx on public.t (actual rows=131072.00 loops=1)
   Output: a, b
   Index Cond: ((t.a >= '-24910'::integer) AND (t.a <= '-20815'::integer))
   Index Searches: 1
   Buffers: shared hit=3029
 Settings: enable_bitmapscan = 'off', enable_seqscan = 'off', max_parallel_workers_per_gather = '0'
 Planning:
   Buffers: shared hit=109
 Planning Time: 0.179 ms
 Execution Time: 5.457 ms
(10 rows)

