SET
SET
SET
SET
SET
                                                                  QUERY PLAN                                                                  
----------------------------------------------------------------------------------------------------------------------------------------------
 Index Scan using idx on public.t (actual rows=1048576.00 loops=1)
   Output: a, b
   Index Cond: ((t.a >= '-36719'::integer) AND (t.a <= '-3952'::integer))
   Index Searches: 1
   Prefetch: distance=271.421 count=31655 stalls=6 skipped=1025264 resets=0 ungets=8476 forwarded=6299
             histogram [2,4) => 13, [4,8) => 14, [8,16) => 12, [16,32) => 19, [32,64) => 4, [64,128) => 1, [128,256) => 1, [256,512) => 31591
   Buffers: shared hit=12377 read=10739
 Settings: enable_bitmapscan = 'off', enable_seqscan = 'off', max_parallel_workers_per_gather = '0'
 Planning:
   Buffers: shared hit=82 read=26
 Planning Time: 2.173 ms
 Execution Time: 54.632 ms
(12 rows)

SET
SET
SET
SET
SET
                                             QUERY PLAN                                             
----------------------------------------------------------------------------------------------------
 Index Scan using idx on public.t (actual rows=1048576.00 loops=1)
   Output: a, b
   Index Cond: ((t.a >= '-36719'::integer) AND (t.a <= '-3952'::integer))
   Index Searches: 1
   Buffers: shared hit=24129
 Settings: enable_bitmapscan = 'off', enable_seqscan = 'off', max_parallel_workers_per_gather = '0'
 Planning:
   Buffers: shared hit=113
 Planning Time: 0.179 ms
 Execution Time: 44.947 ms
(10 rows)

