SET
SET
SET
SET
SET
                                                                 QUERY PLAN                                                                 
--------------------------------------------------------------------------------------------------------------------------------------------
 Index Scan using idx on public.t (actual rows=262144.00 loops=1)
   Output: a, b
   Index Cond: ((t.a >= '-34575'::integer) AND (t.a <= '-26384'::integer))
   Index Searches: 1
   Prefetch: distance=269.433 count=7976 stalls=5 skipped=256173 resets=0 ungets=2233 forwarded=1893
             histogram [2,4) => 8, [4,8) => 32, [8,16) => 12, [16,32) => 12, [32,64) => 7, [64,128) => 4, [128,256) => 5, [256,512) => 7896
   Buffers: shared hit=3045 read=2688
 Settings: enable_bitmapscan = 'off', enable_seqscan = 'off', max_parallel_workers_per_gather = '0'
 Planning:
   Buffers: shared hit=82 read=22
 Planning Time: 1.829 ms
 Execution Time: 17.348 ms
(12 rows)

SET
SET
SET
SET
SET
                                             QUERY PLAN                                             
----------------------------------------------------------------------------------------------------
 Index Scan using idx on public.t (actual rows=262144.00 loops=1)
   Output: a, b
   Index Cond: ((t.a >= '-34575'::integer) AND (t.a <= '-26384'::integer))
   Index Searches: 1
   Buffers: shared hit=5992
 Settings: enable_bitmapscan = 'off', enable_seqscan = 'off', max_parallel_workers_per_gather = '0'
 Planning:
   Buffers: shared hit=109
 Planning Time: 0.158 ms
 Execution Time: 10.120 ms
(10 rows)

