SET
SET
SET
SET
SET
                                                                 QUERY PLAN                                                                 
--------------------------------------------------------------------------------------------------------------------------------------------
 Index Scan using idx on public.t (actual rows=65536.00 loops=1)
   Output: a, b
   Index Cond: ((t.a >= '-11936'::integer) AND (t.a <= '-9889'::integer))
   Index Searches: 1
   Prefetch: distance=262.028 count=2031 stalls=4 skipped=63554 resets=0 ungets=596 forwarded=617
             histogram [2,4) => 8, [4,8) => 35, [8,16) => 12, [16,32) => 14, [32,64) => 6, [64,128) => 4, [128,256) => 1, [256,512) => 1951
   Buffers: shared hit=769 read=675
 Settings: enable_bitmapscan = 'off', enable_seqscan = 'off', max_parallel_workers_per_gather = '0'
 Planning:
   Buffers: shared hit=82 read=22
 Planning Time: 1.794 ms
 Execution Time: 6.044 ms
(12 rows)

SET
SET
SET
SET
SET
                                             QUERY PLAN                                             
----------------------------------------------------------------------------------------------------
 Index Scan using idx on public.t (actual rows=65536.00 loops=1)
   Output: a, b
   Index Cond: ((t.a >= '-11936'::integer) AND (t.a <= '-9889'::integer))
   Index Searches: 1
   Buffers: shared hit=1515
 Settings: enable_bitmapscan = 'off', enable_seqscan = 'off', max_parallel_workers_per_gather = '0'
 Planning:
   Buffers: shared hit=109
 Planning Time: 0.186 ms
 Execution Time: 2.765 ms
(10 rows)

