SET
SET
SET
SET
SET
                                                                  QUERY PLAN                                                                  
----------------------------------------------------------------------------------------------------------------------------------------------
 Index Scan using idx on public.t (actual rows=4048576.00 loops=1)
   Output: a, b
   Index Cond: ((t.a >= '-139526'::integer) AND (t.a <= '-13009'::integer))
   Index Searches: 1
   Prefetch: distance=271.643 count=122132 stalls=5 skipped=3959124 resets=0 ungets=33068 forwarded=24949
             histogram [2,4) => 8, [4,8) => 93, [8,16) => 16, [16,32) => 11, [32,64) => 4, [64,128) => 1, [128,256) => 1, [256,512) => 121998
   Buffers: shared hit=47548 read=41457
 Settings: enable_bitmapscan = 'off', enable_seqscan = 'off', max_parallel_workers_per_gather = '0'
 Planning:
   Buffers: shared hit=82 read=22
 Planning Time: 1.817 ms
 Execution Time: 222.015 ms
(12 rows)

SET
SET
SET
SET
SET
                                             QUERY PLAN                                             
----------------------------------------------------------------------------------------------------
 Index Scan using idx on public.t (actual rows=4048576.00 loops=1)
   Output: a, b
   Index Cond: ((t.a >= '-139526'::integer) AND (t.a <= '-13009'::integer))
   Index Searches: 1
   Buffers: shared hit=92699
 Settings: enable_bitmapscan = 'off', enable_seqscan = 'off', max_parallel_workers_per_gather = '0'
 Planning:
   Buffers: shared hit=109
 Planning Time: 0.181 ms
 Execution Time: 148.675 ms
(10 rows)

