SET
SET
SET
SET
SET
                                                                  QUERY PLAN                                                                  
----------------------------------------------------------------------------------------------------------------------------------------------
 Index Scan using idx on public.t (actual rows=3048576.00 loops=1)
   Output: a, b
   Index Cond: ((t.a >= '-109737'::integer) AND (t.a <= '-14470'::integer))
   Index Searches: 1
   Prefetch: distance=271.734 count=91874 stalls=7 skipped=2980732 resets=0 ungets=24740 forwarded=19042
             histogram [2,4) => 15, [4,8) => 20, [8,16) => 10, [16,32) => 19, [32,64) => 4, [64,128) => 1, [128,256) => 4, [256,512) => 91801
   Buffers: shared hit=35706 read=31217
 Settings: enable_bitmapscan = 'off', enable_seqscan = 'off', max_parallel_workers_per_gather = '0'
 Planning:
   Buffers: shared hit=82 read=22
 Planning Time: 1.831 ms
 Execution Time: 160.965 ms
(12 rows)

SET
SET
SET
SET
SET
                                             QUERY PLAN                                             
----------------------------------------------------------------------------------------------------
 Index Scan using idx on public.t (actual rows=3048576.00 loops=1)
   Output: a, b
   Index Cond: ((t.a >= '-109737'::integer) AND (t.a <= '-14470'::integer))
   Index Searches: 1
   Buffers: shared hit=69879
 Settings: enable_bitmapscan = 'off', enable_seqscan = 'off', max_parallel_workers_per_gather = '0'
 Planning:
   Buffers: shared hit=109
 Planning Time: 0.174 ms
 Execution Time: 122.273 ms
(10 rows)

