SET
SET
SET
SET
SET
                                                                  QUERY PLAN                                                                   
-----------------------------------------------------------------------------------------------------------------------------------------------
 Index Scan using idx on public.t (actual rows=9048576.00 loops=1)
   Output: a, b
   Index Cond: ((t.a >= '-295246'::integer) AND (t.a <= '-12479'::integer))
   Index Searches: 1
   Prefetch: distance=271.841 count=263066 stalls=2 skipped=8848409 resets=0 ungets=63463 forwarded=33735
             histogram [2,4) => 5, [4,8) => 24, [8,16) => 13, [16,32) => 14, [32,64) => 10, [64,128) => 1, [128,256) => 4, [256,512) => 262995
   Buffers: shared hit=108215 read=92649
 Settings: enable_bitmapscan = 'off', enable_seqscan = 'off', max_parallel_workers_per_gather = '0'
 Planning:
   Buffers: shared hit=82 read=22
 Planning Time: 1.850 ms
 Execution Time: 475.316 ms
(12 rows)

SET
SET
SET
SET
SET
                                             QUERY PLAN                                             
----------------------------------------------------------------------------------------------------
 Index Scan using idx on public.t (actual rows=9048576.00 loops=1)
   Output: a, b
   Index Cond: ((t.a >= '-295246'::integer) AND (t.a <= '-12479'::integer))
   Index Searches: 1
   Buffers: shared hit=207701
 Settings: enable_bitmapscan = 'off', enable_seqscan = 'off', max_parallel_workers_per_gather = '0'
 Planning:
   Buffers: shared hit=109
 Planning Time: 0.179 ms
 Execution Time: 363.224 ms
(10 rows)

