SET
SET
SET
SET
SET
                                                                   QUERY PLAN                                                                   
------------------------------------------------------------------------------------------------------------------------------------------------
 Index Scan using idx on public.t (actual rows=6048576.00 loops=1)
   Output: a, b
   Index Cond: ((t.a >= '-203093'::integer) AND (t.a <= '-14076'::integer))
   Index Searches: 1
   Prefetch: distance=271.841 count=180160 stalls=4 skipped=5914380 resets=0 ungets=47000 forwarded=33278
             histogram [2,4) => 11, [4,8) => 11, [8,16) => 10, [16,32) => 10, [32,64) => 15, [64,128) => 1, [128,256) => 1, [256,512) => 180101
   Buffers: shared hit=70931 read=61934
 Settings: enable_bitmapscan = 'off', enable_seqscan = 'off', max_parallel_workers_per_gather = '0'
 Planning:
   Buffers: shared hit=82 read=22
 Planning Time: 1.798 ms
 Execution Time: 305.694 ms
(12 rows)

SET
SET
SET
SET
SET
                                             QUERY PLAN                                             
----------------------------------------------------------------------------------------------------
 Index Scan using idx on public.t (actual rows=6048576.00 loops=1)
   Output: a, b
   Index Cond: ((t.a >= '-203093'::integer) AND (t.a <= '-14076'::integer))
   Index Searches: 1
   Buffers: shared hit=138591
 Settings: enable_bitmapscan = 'off', enable_seqscan = 'off', max_parallel_workers_per_gather = '0'
 Planning:
   Buffers: shared hit=109
 Planning Time: 0.184 ms
 Execution Time: 240.835 ms
(10 rows)

