SET
SET
SET
SET
SET
                                                                  QUERY PLAN                                                                  
----------------------------------------------------------------------------------------------------------------------------------------------
 Index Scan using idx on public.t (actual rows=5048576.00 loops=1)
   Output: a, b
   Index Cond: ((t.a >= '-171518'::integer) AND (t.a <= '-13751'::integer))
   Index Searches: 1
   Prefetch: distance=271.834 count=151283 stalls=3 skipped=4937235 resets=0 ungets=40110 forwarded=29637
             histogram [2,4) => 8, [4,8) => 11, [8,16) => 20, [16,32) => 10, [32,64) => 1, [64,128) => 6, [128,256) => 1, [256,512) => 151226
   Buffers: shared hit=59007 read=51696
 Settings: enable_bitmapscan = 'off', enable_seqscan = 'off', max_parallel_workers_per_gather = '0'
 Planning:
   Buffers: shared hit=82 read=22
 Planning Time: 1.797 ms
 Execution Time: 256.711 ms
(12 rows)

SET
SET
SET
SET
SET
                                             QUERY PLAN                                             
----------------------------------------------------------------------------------------------------
 Index Scan using idx on public.t (actual rows=5048576.00 loops=1)
   Output: a, b
   Index Cond: ((t.a >= '-171518'::integer) AND (t.a <= '-13751'::integer))
   Index Searches: 1
   Buffers: shared hit=115694
 Settings: enable_bitmapscan = 'off', enable_seqscan = 'off', max_parallel_workers_per_gather = '0'
 Planning:
   Buffers: shared hit=109
 Planning Time: 0.195 ms
 Execution Time: 200.514 ms
(10 rows)

