SET
SET
SET
SET
SET
                                                              QUERY PLAN                                                               
---------------------------------------------------------------------------------------------------------------------------------------
 Index Scan using idx on public.t (actual rows=4048576.00 loops=1)
   Output: a, b
   Index Cond: ((t.a >= '-151533'::integer) AND (t.a <= '-25016'::integer))
   Index Searches: 1
   Buffers: shared hit=51259 read=41457
 Settings: enable_bitmapscan = 'off', enable_seqscan = 'off', max_parallel_workers_per_gather = '0', enable_indexscan_prefetch = 'off'
 Planning:
   Buffers: shared hit=82 read=22
 Planning Time: 1.815 ms
 Execution Time: 235.196 ms
(10 rows)

SET
SET
SET
SET
SET
                                                              QUERY PLAN                                                               
---------------------------------------------------------------------------------------------------------------------------------------
 Index Scan using idx on public.t (actual rows=4048576.00 loops=1)
   Output: a, b
   Index Cond: ((t.a >= '-151533'::integer) AND (t.a <= '-25016'::integer))
   Index Searches: 1
   Buffers: shared hit=92716
 Settings: enable_bitmapscan = 'off', enable_seqscan = 'off', max_parallel_workers_per_gather = '0', enable_indexscan_prefetch = 'off'
 Planning:
   Buffers: shared hit=109
 Planning Time: 0.197 ms
 Execution Time: 153.254 ms
(10 rows)

