SET
SET
SET
SET
SET
                                             QUERY PLAN                                             
----------------------------------------------------------------------------------------------------
 Index Scan using idx on public.t (actual rows=2048.00 loops=1)
   Output: a, b
   Index Cond: ((t.a >= '-31029'::integer) AND (t.a <= '-30966'::integer))
   Index Searches: 1
   Prefetch: distance=9.211 count=38 stalls=2 skipped=1689 resets=0 ungets=0 forwarded=7
             histogram [2,4) => 4, [4,8) => 15, [8,16) => 10, [16,32) => 9
   Buffers: shared hit=32 read=25
 Settings: enable_bitmapscan = 'off', enable_seqscan = 'off', max_parallel_workers_per_gather = '0'
 Planning:
   Buffers: shared hit=82 read=22
 Planning Time: 1.289 ms
 Execution Time: 0.974 ms
(12 rows)

SET
SET
SET
SET
SET
                                             QUERY PLAN                                             
----------------------------------------------------------------------------------------------------
 Index Scan using idx on public.t (actual rows=2048.00 loops=1)
   Output: a, b
   Index Cond: ((t.a >= '-31029'::integer) AND (t.a <= '-30966'::integer))
   Index Searches: 1
   Buffers: shared hit=57
 Settings: enable_bitmapscan = 'off', enable_seqscan = 'off', max_parallel_workers_per_gather = '0'
 Planning:
   Buffers: shared hit=109
 Planning Time: 0.115 ms
 Execution Time: 0.100 ms
(10 rows)

