SET
SET
SET
SET
SET
                                                                  QUERY PLAN                                                                  
----------------------------------------------------------------------------------------------------------------------------------------------
 Index Scan using idx on public.t (actual rows=262144.00 loops=1)
   Output: a, b
   Index Cond: ((t.a >= '-37751'::integer) AND (t.a <= '-29560'::integer))
   Index Searches: 1
   Prefetch: distance=269.667 count=7929 stalls=6 skipped=255832 resets=0 ungets=2166 forwarded=1703
             histogram [2,4) => 10, [4,8) => 18, [8,16) => 17, [16,32) => 13, [32,64) => 11, [64,128) => 1, [128,256) => 1, [256,512) => 7858
   Buffers: shared hit=3111 read=2689
 Settings: enable_bitmapscan = 'off', enable_seqscan = 'off', max_parallel_workers_per_gather = '0'
 Planning:
   Buffers: shared hit=82 read=22
 Planning Time: 2.047 ms
 Execution Time: 16.714 ms
(12 rows)

SET
SET
SET
SET
SET
                                             QUERY PLAN                                             
----------------------------------------------------------------------------------------------------
 Index Scan using idx on public.t (actual rows=262144.00 loops=1)
   Output: a, b
   Index Cond: ((t.a >= '-37751'::integer) AND (t.a <= '-29560'::integer))
   Index Searches: 1
   Buffers: shared hit=6020
 Settings: enable_bitmapscan = 'off', enable_seqscan = 'off', max_parallel_workers_per_gather = '0'
 Planning:
   Buffers: shared hit=109
 Planning Time: 0.168 ms
 Execution Time: 10.376 ms
(10 rows)

