SET
SET
SET
SET
SET
                                                                QUERY PLAN                                                                
------------------------------------------------------------------------------------------------------------------------------------------
 Index Scan using idx on public.t (actual rows=4096.00 loops=1)
   Output: a, b
   Index Cond: ((t.a >= '-6800'::integer) AND (t.a <= '-6673'::integer))
   Index Searches: 1
   Prefetch: distance=84.151 count=86 stalls=4 skipped=3599 resets=0 ungets=8 forwarded=33
             histogram [2,4) => 5, [4,8) => 25, [8,16) => 13, [16,32) => 13, [32,64) => 2, [64,128) => 4, [128,256) => 4, [256,512) => 20
   Buffers: shared hit=52 read=46
 Settings: enable_bitmapscan = 'off', enable_seqscan = 'off', max_parallel_workers_per_gather = '0'
 Planning:
   Buffers: shared hit=82 read=22
 Planning Time: 1.351 ms
 Execution Time: 1.192 ms
(12 rows)

SET
SET
SET
SET
SET
                                             QUERY PLAN                                             
----------------------------------------------------------------------------------------------------
 Index Scan using idx on public.t (actual rows=4096.00 loops=1)
   Output: a, b
   Index Cond: ((t.a >= '-6800'::integer) AND (t.a <= '-6673'::integer))
   Index Searches: 1
   Buffers: shared hit=100
 Settings: enable_bitmapscan = 'off', enable_seqscan = 'off', max_parallel_workers_per_gather = '0'
 Planning:
   Buffers: shared hit=109
 Planning Time: 0.117 ms
 Execution Time: 0.171 ms
(10 rows)

