SET
SET
SET
SET
SET
                                                                 QUERY PLAN                                                                 
--------------------------------------------------------------------------------------------------------------------------------------------
 Index Scan using idx on public.t (actual rows=65536.00 loops=1)
   Output: a, b
   Index Cond: ((t.a >= '-23653'::integer) AND (t.a <= '-21606'::integer))
   Index Searches: 1
   Prefetch: distance=265.765 count=2003 stalls=4 skipped=63314 resets=0 ungets=584 forwarded=577
             histogram [2,4) => 4, [4,8) => 11, [8,16) => 16, [16,32) => 11, [32,64) => 4, [64,128) => 1, [128,256) => 5, [256,512) => 1951
   Buffers: shared hit=767 read=674
 Settings: enable_bitmapscan = 'off', enable_seqscan = 'off', max_parallel_workers_per_gather = '0'
 Planning:
   Buffers: shared hit=82 read=22
 Planning Time: 1.930 ms
 Execution Time: 5.706 ms
(12 rows)

SET
SET
SET
SET
SET
                                             QUERY PLAN                                             
----------------------------------------------------------------------------------------------------
 Index Scan using idx on public.t (actual rows=65536.00 loops=1)
   Output: a, b
   Index Cond: ((t.a >= '-23653'::integer) AND (t.a <= '-21606'::integer))
   Index Searches: 1
   Buffers: shared hit=1506
 Settings: enable_bitmapscan = 'off', enable_seqscan = 'off', max_parallel_workers_per_gather = '0'
 Planning:
   Buffers: shared hit=109
 Planning Time: 0.133 ms
 Execution Time: 2.435 ms
(10 rows)

