SET
SET
SET
SET
SET
                                                                  QUERY PLAN                                                                  
----------------------------------------------------------------------------------------------------------------------------------------------
 Index Scan using idx on public.t (actual rows=2048576.00 loops=1)
   Output: a, b
   Index Cond: ((t.a >= '-91199'::integer) AND (t.a <= '-27182'::integer))
   Index Searches: 1
   Prefetch: distance=271.534 count=62176 stalls=3 skipped=2003030 resets=0 ungets=17080 forwarded=13291
             histogram [2,4) => 2, [4,8) => 40, [8,16) => 20, [16,32) => 13, [32,64) => 16, [64,128) => 6, [128,256) => 1, [256,512) => 62078
   Buffers: shared hit=24123 read=20979
 Settings: enable_bitmapscan = 'off', enable_seqscan = 'off', max_parallel_workers_per_gather = '0'
 Planning:
   Buffers: shared hit=82 read=22
 Planning Time: 1.856 ms
 Execution Time: 111.507 ms
(12 rows)

SET
SET
SET
SET
SET
                                             QUERY PLAN                                             
----------------------------------------------------------------------------------------------------
 Index Scan using idx on public.t (actual rows=2048576.00 loops=1)
   Output: a, b
   Index Cond: ((t.a >= '-91199'::integer) AND (t.a <= '-27182'::integer))
   Index Searches: 1
   Buffers: shared hit=46945
 Settings: enable_bitmapscan = 'off', enable_seqscan = 'off', max_parallel_workers_per_gather = '0'
 Planning:
   Buffers: shared hit=109
 Planning Time: 0.193 ms
 Execution Time: 80.784 ms
(10 rows)

