SET
SET
SET
SET
SET
                                                                QUERY PLAN                                                                 
-------------------------------------------------------------------------------------------------------------------------------------------
 Index Scan using idx on public.t (actual rows=32768.00 loops=1)
   Output: a, b
   Index Cond: ((t.a >= '-27054'::integer) AND (t.a <= '-26031'::integer))
   Index Searches: 1
   Prefetch: distance=260.427 count=1013 stalls=2 skipped=31699 resets=0 ungets=297 forwarded=292
             histogram [2,4) => 4, [4,8) => 10, [8,16) => 10, [16,32) => 17, [32,64) => 4, [64,128) => 1, [128,256) => 1, [256,512) => 966
   Buffers: shared hit=394 read=340
 Settings: enable_bitmapscan = 'off', enable_seqscan = 'off', max_parallel_workers_per_gather = '0'
 Planning:
   Buffers: shared hit=82 read=22
 Planning Time: 1.385 ms
 Execution Time: 3.539 ms
(12 rows)

SET
SET
SET
SET
SET
                                             QUERY PLAN                                             
----------------------------------------------------------------------------------------------------
 Index Scan using idx on public.t (actual rows=32768.00 loops=1)
   Output: a, b
   Index Cond: ((t.a >= '-27054'::integer) AND (t.a <= '-26031'::integer))
   Index Searches: 1
   Buffers: shared hit=762
 Settings: enable_bitmapscan = 'off', enable_seqscan = 'off', max_parallel_workers_per_gather = '0'
 Planning:
   Buffers: shared hit=109
 Planning Time: 0.180 ms
 Execution Time: 1.465 ms
(10 rows)

