SET
SET
SET
SET
SET
                                                                 QUERY PLAN                                                                 
--------------------------------------------------------------------------------------------------------------------------------------------
 Index Scan using idx on public.t (actual rows=1048576.00 loops=1)
   Output: a, b
   Index Cond: ((t.a >= '-41156'::integer) AND (t.a <= '-8389'::integer))
   Index Searches: 1
   Prefetch: distance=271.142 count=31813 stalls=4 skipped=1024991 resets=0 ungets=8615 forwarded=6757
             histogram [2,4) => 7, [4,8) => 57, [8,16) => 9, [16,32) => 18, [32,64) => 2, [64,128) => 4, [128,256) => 1, [256,512) => 31715
   Buffers: shared hit=12329 read=10740
 Settings: enable_bitmapscan = 'off', enable_seqscan = 'off', max_parallel_workers_per_gather = '0'
 Planning:
   Buffers: shared hit=82 read=22
 Planning Time: 1.813 ms
 Execution Time: 56.057 ms
(12 rows)

SET
SET
SET
SET
SET
                                             QUERY PLAN                                             
----------------------------------------------------------------------------------------------------
 Index Scan using idx on public.t (actual rows=1048576.00 loops=1)
   Output: a, b
   Index Cond: ((t.a >= '-41156'::integer) AND (t.a <= '-8389'::integer))
   Index Searches: 1
   Buffers: shared hit=24151
 Settings: enable_bitmapscan = 'off', enable_seqscan = 'off', max_parallel_workers_per_gather = '0'
 Planning:
   Buffers: shared hit=109
 Planning Time: 0.199 ms
 Execution Time: 42.867 ms
(10 rows)

