SET
SET
SET
SET
SET
                                                                  QUERY PLAN                                                                  
----------------------------------------------------------------------------------------------------------------------------------------------
 Index Scan using idx on public.t (actual rows=131072.00 loops=1)
   Output: a, b
   Index Cond: ((t.a >= '-20305'::integer) AND (t.a <= '-16210'::integer))
   Index Searches: 1
   Prefetch: distance=266.114 count=3780 stalls=9 skipped=127195 resets=0 ungets=935 forwarded=610
             histogram [2,4) => 19, [4,8) => 29, [8,16) => 10, [16,32) => 11, [32,64) => 11, [64,128) => 4, [128,256) => 1, [256,512) => 3695
   Buffers: shared hit=1549 read=1346
 Settings: enable_bitmapscan = 'off', enable_seqscan = 'off', max_parallel_workers_per_gather = '0'
 Planning:
   Buffers: shared hit=82 read=22
 Planning Time: 1.832 ms
 Execution Time: 9.391 ms
(12 rows)

SET
SET
SET
SET
SET
                                             QUERY PLAN                                             
----------------------------------------------------------------------------------------------------
 Index Scan using idx on public.t (actual rows=131072.00 loops=1)
   Output: a, b
   Index Cond: ((t.a >= '-20305'::integer) AND (t.a <= '-16210'::integer))
   Index Searches: 1
   Buffers: shared hit=2998
 Settings: enable_bitmapscan = 'off', enable_seqscan = 'off', max_parallel_workers_per_gather = '0'
 Planning:
   Buffers: shared hit=109
 Planning Time: 0.147 ms
 Execution Time: 4.993 ms
(10 rows)

