SET
SET
SET
SET
SET
                                                                QUERY PLAN                                                                
------------------------------------------------------------------------------------------------------------------------------------------
 Index Scan using idx on public.t (actual rows=8192.00 loops=1)
   Output: a, b
   Index Cond: ((t.a >= '-25307'::integer) AND (t.a <= '-25052'::integer))
   Index Searches: 1
   Prefetch: distance=96.804 count=194 stalls=2 skipped=7685 resets=0 ungets=21 forwarded=37
             histogram [2,4) => 7, [4,8) => 84, [8,16) => 18, [16,32) => 13, [32,64) => 6, [64,128) => 1, [128,256) => 1, [256,512) => 64
   Buffers: shared hit=107 read=89
 Settings: enable_bitmapscan = 'off', enable_seqscan = 'off', max_parallel_workers_per_gather = '0'
 Planning:
   Buffers: shared hit=82 read=22
 Planning Time: 1.317 ms
 Execution Time: 1.662 ms
(12 rows)

SET
SET
SET
SET
SET
                                             QUERY PLAN                                             
----------------------------------------------------------------------------------------------------
 Index Scan using idx on public.t (actual rows=8192.00 loops=1)
   Output: a, b
   Index Cond: ((t.a >= '-25307'::integer) AND (t.a <= '-25052'::integer))
   Index Searches: 1
   Buffers: shared hit=196
 Settings: enable_bitmapscan = 'off', enable_seqscan = 'off', max_parallel_workers_per_gather = '0'
 Planning:
   Buffers: shared hit=109
 Planning Time: 0.188 ms
 Execution Time: 0.418 ms
(10 rows)

