SET
SET
SET
SET
SET
                                                                 QUERY PLAN                                                                  
---------------------------------------------------------------------------------------------------------------------------------------------
 Index Scan using idx on public.t (actual rows=7048576.00 loops=1)
   Output: a, b
   Index Cond: ((t.a >= '-232143'::integer) AND (t.a <= '-11876'::integer))
   Index Searches: 1
   Prefetch: distance=271.843 count=209013 stalls=7 skipped=6892434 resets=0 ungets=53677 forwarded=35973
             histogram [2,4) => 9, [4,8) => 25, [8,16) => 7, [16,32) => 8, [32,64) => 10, [64,128) => 1, [128,256) => 4, [256,512) => 208949
   Buffers: shared hit=82976 read=72172
 Settings: enable_bitmapscan = 'off', enable_seqscan = 'off', max_parallel_workers_per_gather = '0'
 Planning:
   Buffers: shared hit=82 read=22
 Planning Time: 1.804 ms
 Execution Time: 346.011 ms
(12 rows)

SET
SET
SET
SET
SET
                                             QUERY PLAN                                             
----------------------------------------------------------------------------------------------------
 Index Scan using idx on public.t (actual rows=7048576.00 loops=1)
   Output: a, b
   Index Cond: ((t.a >= '-232143'::integer) AND (t.a <= '-11876'::integer))
   Index Searches: 1
   Buffers: shared hit=161659
 Settings: enable_bitmapscan = 'off', enable_seqscan = 'off', max_parallel_workers_per_gather = '0'
 Planning:
   Buffers: shared hit=109
 Planning Time: 0.195 ms
 Execution Time: 283.430 ms
(10 rows)

