SET
SET
SET
SET
SET
                                                                 QUERY PLAN                                                                 
--------------------------------------------------------------------------------------------------------------------------------------------
 Index Scan using idx on public.t (actual rows=3048576.00 loops=1)
   Output: a, b
   Index Cond: ((t.a >= '-112513'::integer) AND (t.a <= '-17246'::integer))
   Index Searches: 1
   Prefetch: distance=271.777 count=90119 stalls=5 skipped=2981128 resets=0 ungets=23030 forwarded=15496
             histogram [2,4) => 10, [4,8) => 5, [8,16) => 24, [16,32) => 9, [32,64) => 1, [64,128) => 1, [128,256) => 4, [256,512) => 90065
   Buffers: shared hit=35739 read=31217
 Settings: enable_bitmapscan = 'off', enable_seqscan = 'off', max_parallel_workers_per_gather = '0'
 Planning:
   Buffers: shared hit=82 read=22
 Planning Time: 1.867 ms
 Execution Time: 154.325 ms
(12 rows)

SET
SET
SET
SET
SET
                                             QUERY PLAN                                             
----------------------------------------------------------------------------------------------------
 Index Scan using idx on public.t (actual rows=3048576.00 loops=1)
   Output: a, b
   Index Cond: ((t.a >= '-112513'::integer) AND (t.a <= '-17246'::integer))
   Index Searches: 1
   Buffers: shared hit=69829
 Settings: enable_bitmapscan = 'off', enable_seqscan = 'off', max_parallel_workers_per_gather = '0'
 Planning:
   Buffers: shared hit=109
 Planning Time: 0.174 ms
 Execution Time: 121.346 ms
(10 rows)

