SET
SET
SET
SET
SET
                                                                 QUERY PLAN                                                                  
---------------------------------------------------------------------------------------------------------------------------------------------
 Index Scan using idx on public.t (actual rows=6048576.00 loops=1)
   Output: a, b
   Index Cond: ((t.a >= '-205171'::integer) AND (t.a <= '-16154'::integer))
   Index Searches: 1
   Prefetch: distance=271.829 count=179750 stalls=7 skipped=5914866 resets=0 ungets=46590 forwarded=31791
             histogram [2,4) => 6, [4,8) => 27, [8,16) => 8, [16,32) => 19, [32,64) => 1, [64,128) => 5, [128,256) => 1, [256,512) => 179683
   Buffers: shared hit=71280 read=61934
 Settings: enable_bitmapscan = 'off', enable_seqscan = 'off', max_parallel_workers_per_gather = '0'
 Planning:
   Buffers: shared hit=82 read=22
 Planning Time: 1.797 ms
 Execution Time: 310.054 ms
(12 rows)

SET
SET
SET
SET
SET
                                             QUERY PLAN                                             
----------------------------------------------------------------------------------------------------
 Index Scan using idx on public.t (actual rows=6048576.00 loops=1)
   Output: a, b
   Index Cond: ((t.a >= '-205171'::integer) AND (t.a <= '-16154'::integer))
   Index Searches: 1
   Buffers: shared hit=138585
 Settings: enable_bitmapscan = 'off', enable_seqscan = 'off', max_parallel_workers_per_gather = '0'
 Planning:
   Buffers: shared hit=109
 Planning Time: 0.171 ms
 Execution Time: 240.072 ms
(10 rows)

