SET
SET
SET
SET
SET
                                                                QUERY PLAN                                                                
------------------------------------------------------------------------------------------------------------------------------------------
 Index Scan Backward using idx on public.t (actual rows=524288.00 loops=1)
   Output: a, b
   Index Cond: ((t.a >= '-29578'::integer) AND (t.a <= '-13195'::integer))
   Index Searches: 1
   Prefetch: distance=271.614 count=23016 stalls=3 skipped=512571 resets=0 ungets=11429 forwarded=3247
             histogram [2,4) => 6, [4,8) => 9, [8,16) => 6, [16,32) => 8, [32,64) => 3, [64,128) => 1, [128,256) => 2, [256,512) => 22981
   Buffers: shared hit=6636 read=5373
 Settings: enable_bitmapscan = 'off', enable_seqscan = 'off', max_parallel_workers_per_gather = '0'
 Planning:
   Buffers: shared hit=78 read=22
 Planning Time: 1.831 ms
 Execution Time: 144.660 ms
(12 rows)

SET
SET
SET
SET
SET
                                             QUERY PLAN                                             
----------------------------------------------------------------------------------------------------
 Index Scan Backward using idx on public.t (actual rows=524288.00 loops=1)
   Output: a, b
   Index Cond: ((t.a >= '-29578'::integer) AND (t.a <= '-13195'::integer))
   Index Searches: 1
   Buffers: shared hit=12066
 Settings: enable_bitmapscan = 'off', enable_seqscan = 'off', max_parallel_workers_per_gather = '0'
 Planning:
   Buffers: shared hit=105
 Planning Time: 0.175 ms
 Execution Time: 20.861 ms
(10 rows)

