SET
SET
SET
SET
SET
                                                                QUERY PLAN                                                                
------------------------------------------------------------------------------------------------------------------------------------------
 Index Scan Backward using idx on public.t (actual rows=65536.00 loops=1)
   Output: a, b
   Index Cond: ((t.a >= '-11208'::integer) AND (t.a <= '-9161'::integer))
   Index Searches: 1
   Prefetch: distance=268.718 count=2914 stalls=2 skipped=63796 resets=0 ungets=1431 forwarded=429
             histogram [2,4) => 10, [4,8) => 7, [8,16) => 5, [16,32) => 9, [32,64) => 2, [64,128) => 2, [128,256) => 3, [256,512) => 2876
   Buffers: shared hit=874 read=675
 Settings: enable_bitmapscan = 'off', enable_seqscan = 'off', max_parallel_workers_per_gather = '0'
 Planning:
   Buffers: shared hit=78 read=22
 Planning Time: 1.288 ms
 Execution Time: 19.125 ms
(12 rows)

SET
SET
SET
SET
SET
                                             QUERY PLAN                                             
----------------------------------------------------------------------------------------------------
 Index Scan Backward using idx on public.t (actual rows=65536.00 loops=1)
   Output: a, b
   Index Cond: ((t.a >= '-11208'::integer) AND (t.a <= '-9161'::integer))
   Index Searches: 1
   Buffers: shared hit=1555
 Settings: enable_bitmapscan = 'off', enable_seqscan = 'off', max_parallel_workers_per_gather = '0'
 Planning:
   Buffers: shared hit=105
 Planning Time: 0.168 ms
 Execution Time: 2.676 ms
(10 rows)

