SET
SET
SET
SET
SET
                                             QUERY PLAN                                             
----------------------------------------------------------------------------------------------------
 Index Scan Backward using idx on public.t (actual rows=2048.00 loops=1)
   Output: a, b
   Index Cond: ((t.a >= '-20787'::integer) AND (t.a <= '-20724'::integer))
   Index Searches: 1
   Prefetch: distance=9.053 count=19 stalls=2 skipped=1004 resets=0 ungets=0 forwarded=4
             histogram [2,4) => 4, [4,8) => 3, [8,16) => 5, [16,32) => 7
   Buffers: shared hit=23 read=24
 Settings: enable_bitmapscan = 'off', enable_seqscan = 'off', max_parallel_workers_per_gather = '0'
 Planning:
   Buffers: shared hit=78 read=22
 Planning Time: 1.322 ms
 Execution Time: 1.762 ms
(12 rows)

SET
SET
SET
SET
SET
                                             QUERY PLAN                                             
----------------------------------------------------------------------------------------------------
 Index Scan Backward using idx on public.t (actual rows=2048.00 loops=1)
   Output: a, b
   Index Cond: ((t.a >= '-20787'::integer) AND (t.a <= '-20724'::integer))
   Index Searches: 1
   Buffers: shared hit=47
 Settings: enable_bitmapscan = 'off', enable_seqscan = 'off', max_parallel_workers_per_gather = '0'
 Planning:
   Buffers: shared hit=105
 Planning Time: 0.139 ms
 Execution Time: 0.107 ms
(10 rows)

