SET
SET
SET
SET
SET
                                                                 QUERY PLAN                                                                 
--------------------------------------------------------------------------------------------------------------------------------------------
 Index Scan Backward using idx on public.t (actual rows=262144.00 loops=1)
   Output: a, b
   Index Cond: ((t.a >= '-40298'::integer) AND (t.a <= '-32107'::integer))
   Index Searches: 1
   Prefetch: distance=271.088 count=11516 stalls=8 skipped=255911 resets=0 ungets=5706 forwarded=1613
             histogram [2,4) => 14, [4,8) => 5, [8,16) => 6, [16,32) => 10, [32,64) => 2, [64,128) => 3, [128,256) => 1, [256,512) => 11475
   Buffers: shared hit=3346 read=2688
 Settings: enable_bitmapscan = 'off', enable_seqscan = 'off', max_parallel_workers_per_gather = '0'
 Planning:
   Buffers: shared hit=78 read=22
 Planning Time: 1.824 ms
 Execution Time: 72.377 ms
(12 rows)

SET
SET
SET
SET
SET
                                             QUERY PLAN                                             
----------------------------------------------------------------------------------------------------
 Index Scan Backward using idx on public.t (actual rows=262144.00 loops=1)
   Output: a, b
   Index Cond: ((t.a >= '-40298'::integer) AND (t.a <= '-32107'::integer))
   Index Searches: 1
   Buffers: shared hit=6069
 Settings: enable_bitmapscan = 'off', enable_seqscan = 'off', max_parallel_workers_per_gather = '0'
 Planning:
   Buffers: shared hit=105
 Planning Time: 0.195 ms
 Execution Time: 10.209 ms
(10 rows)

