SET
SET
SET
SET
SET
                                                               QUERY PLAN                                                               
----------------------------------------------------------------------------------------------------------------------------------------
 Index Scan Backward using idx on public.t (actual rows=4096.00 loops=1)
   Output: a, b
   Index Cond: ((t.a >= '-6113'::integer) AND (t.a <= '-5986'::integer))
   Index Searches: 1
   Prefetch: distance=168.694 count=108 stalls=7 skipped=3249 resets=0 ungets=35 forwarded=18
             histogram [2,4) => 16, [4,8) => 8, [8,16) => 6, [16,32) => 8, [32,64) => 3, [64,128) => 1, [128,256) => 2, [256,512) => 64
   Buffers: shared hit=60 read=47
 Settings: enable_bitmapscan = 'off', enable_seqscan = 'off', max_parallel_workers_per_gather = '0'
 Planning:
   Buffers: shared hit=78 read=22
 Planning Time: 1.335 ms
 Execution Time: 2.356 ms
(12 rows)

SET
SET
SET
SET
SET
                                             QUERY PLAN                                             
----------------------------------------------------------------------------------------------------
 Index Scan Backward using idx on public.t (actual rows=4096.00 loops=1)
   Output: a, b
   Index Cond: ((t.a >= '-6113'::integer) AND (t.a <= '-5986'::integer))
   Index Searches: 1
   Buffers: shared hit=107
 Settings: enable_bitmapscan = 'off', enable_seqscan = 'off', max_parallel_workers_per_gather = '0'
 Planning:
   Buffers: shared hit=105
 Planning Time: 0.137 ms
 Execution Time: 0.181 ms
(10 rows)

