SET
SET
SET
SET
SET
                                                               QUERY PLAN                                                               
----------------------------------------------------------------------------------------------------------------------------------------
 Index Scan Backward using idx on public.t (actual rows=16384.00 loops=1)
   Output: a, b
   Index Cond: ((t.a >= '-8434'::integer) AND (t.a <= '-7923'::integer))
   Index Searches: 1
   Prefetch: distance=260.313 count=626 stalls=3 skipped=14967 resets=0 ungets=299 forwarded=92
             histogram [2,4) => 6, [4,8) => 3, [8,16) => 5, [16,32) => 9, [32,64) => 3, [64,128) => 1, [128,256) => 2, [256,512) => 597
   Buffers: shared hit=204 read=171
 Settings: enable_bitmapscan = 'off', enable_seqscan = 'off', max_parallel_workers_per_gather = '0'
 Planning:
   Buffers: shared hit=78 read=22
 Planning Time: 1.295 ms
 Execution Time: 5.528 ms
(12 rows)

SET
SET
SET
SET
SET
                                             QUERY PLAN                                             
----------------------------------------------------------------------------------------------------
 Index Scan Backward using idx on public.t (actual rows=16384.00 loops=1)
   Output: a, b
   Index Cond: ((t.a >= '-8434'::integer) AND (t.a <= '-7923'::integer))
   Index Searches: 1
   Buffers: shared hit=376
 Settings: enable_bitmapscan = 'off', enable_seqscan = 'off', max_parallel_workers_per_gather = '0'
 Planning:
   Buffers: shared hit=105
 Planning Time: 0.156 ms
 Execution Time: 0.764 ms
(10 rows)

