SET
SET
SET
SET
SET
                                                                QUERY PLAN                                                                 
-------------------------------------------------------------------------------------------------------------------------------------------
 Index Scan Backward using idx on public.t (actual rows=5048576.00 loops=1)
   Output: a, b
   Index Cond: ((t.a >= '-172174'::integer) AND (t.a <= '-14407'::integer))
   Index Searches: 1
   Prefetch: distance=271.965 count=221090 stalls=1 skipped=4937046 resets=0 ungets=109912 forwarded=30931
             histogram [2,4) => 2, [4,8) => 3, [8,16) => 5, [16,32) => 9, [32,64) => 3, [64,128) => 1, [128,256) => 3, [256,512) => 221064
   Buffers: shared hit=63425 read=51695
 Settings: enable_bitmapscan = 'off', enable_seqscan = 'off', max_parallel_workers_per_gather = '0'
 Planning:
   Buffers: shared hit=78 read=22
 Planning Time: 1.852 ms
 Execution Time: 1373.993 ms
(12 rows)

SET
SET
SET
SET
SET
                                             QUERY PLAN                                             
----------------------------------------------------------------------------------------------------
 Index Scan Backward using idx on public.t (actual rows=5048576.00 loops=1)
   Output: a, b
   Index Cond: ((t.a >= '-172174'::integer) AND (t.a <= '-14407'::integer))
   Index Searches: 1
   Buffers: shared hit=115700
 Settings: enable_bitmapscan = 'off', enable_seqscan = 'off', max_parallel_workers_per_gather = '0'
 Planning:
   Buffers: shared hit=105
 Planning Time: 0.194 ms
 Execution Time: 197.275 ms
(10 rows)

