SET
SET
SET
SET
SET
                                                                 QUERY PLAN                                                                 
--------------------------------------------------------------------------------------------------------------------------------------------
 Index Scan Backward using idx on public.t (actual rows=8048576.00 loops=1)
   Output: a, b
   Index Cond: ((t.a >= '-265240'::integer) AND (t.a <= '-13723'::integer))
   Index Searches: 1
   Prefetch: distance=271.965 count=352776 stalls=4 skipped=7870856 resets=0 ungets=175379 forwarded=49366
             histogram [2,4) => 14, [4,8) => 5, [8,16) => 5, [16,32) => 9, [32,64) => 2, [64,128) => 2, [128,256) => 2, [256,512) => 352737
   Buffers: shared hit=101259 read=82411
 Settings: enable_bitmapscan = 'off', enable_seqscan = 'off', max_parallel_workers_per_gather = '0'
 Planning:
   Buffers: shared hit=78 read=22
 Planning Time: 1.800 ms
 Execution Time: 2186.430 ms
(12 rows)

SET
SET
SET
SET
SET
                                             QUERY PLAN                                             
----------------------------------------------------------------------------------------------------
 Index Scan Backward using idx on public.t (actual rows=8048576.00 loops=1)
   Output: a, b
   Index Cond: ((t.a >= '-265240'::integer) AND (t.a <= '-13723'::integer))
   Index Searches: 1
   Buffers: shared hit=184600
 Settings: enable_bitmapscan = 'off', enable_seqscan = 'off', max_parallel_workers_per_gather = '0'
 Planning:
   Buffers: shared hit=105
 Planning Time: 0.290 ms
 Execution Time: 313.441 ms
(10 rows)

