SET
SET
SET
SET
SET
                                                                 QUERY PLAN                                                                 
--------------------------------------------------------------------------------------------------------------------------------------------
 Index Scan Backward using idx on public.t (actual rows=7048576.00 loops=1)
   Output: a, b
   Index Cond: ((t.a >= '-247548'::integer) AND (t.a <= '-27281'::integer))
   Index Searches: 1
   Prefetch: distance=271.963 count=308835 stalls=5 skipped=6892367 resets=0 ungets=153526 forwarded=43162
             histogram [2,4) => 12, [4,8) => 5, [8,16) => 5, [16,32) => 9, [32,64) => 3, [64,128) => 1, [128,256) => 2, [256,512) => 308798
   Buffers: shared hit=88635 read=72172
 Settings: enable_bitmapscan = 'off', enable_seqscan = 'off', max_parallel_workers_per_gather = '0'
 Planning:
   Buffers: shared hit=78 read=22
 Planning Time: 1.801 ms
 Execution Time: 1913.020 ms
(12 rows)

SET
SET
SET
SET
SET
                                             QUERY PLAN                                             
----------------------------------------------------------------------------------------------------
 Index Scan Backward using idx on public.t (actual rows=7048576.00 loops=1)
   Output: a, b
   Index Cond: ((t.a >= '-247548'::integer) AND (t.a <= '-27281'::integer))
   Index Searches: 1
   Buffers: shared hit=161630
 Settings: enable_bitmapscan = 'off', enable_seqscan = 'off', max_parallel_workers_per_gather = '0'
 Planning:
   Buffers: shared hit=105
 Planning Time: 0.201 ms
 Execution Time: 276.516 ms
(10 rows)

