SET
SET
SET
SET
SET
                                                                 QUERY PLAN                                                                  
---------------------------------------------------------------------------------------------------------------------------------------------
 Index Scan Backward using idx on public.t (actual rows=6048576.00 loops=1)
   Output: a, b
   Index Cond: ((t.a >= '-199152'::integer) AND (t.a <= '-10135'::integer))
   Index Searches: 1
   Prefetch: distance=271.955 count=265063 stalls=3 skipped=5915255 resets=0 ungets=131808 forwarded=37079
             histogram [2,4) => 10, [4,8) => 12, [8,16) => 7, [16,32) => 6, [32,64) => 2, [64,128) => 2, [128,256) => 2, [256,512) => 265022
   Buffers: shared hit=76060 read=61934
 Settings: enable_bitmapscan = 'off', enable_seqscan = 'off', max_parallel_workers_per_gather = '0'
 Planning:
   Buffers: shared hit=78 read=22
 Planning Time: 1.799 ms
 Execution Time: 1655.802 ms
(12 rows)

SET
SET
SET
SET
SET
                                             QUERY PLAN                                             
----------------------------------------------------------------------------------------------------
 Index Scan Backward using idx on public.t (actual rows=6048576.00 loops=1)
   Output: a, b
   Index Cond: ((t.a >= '-199152'::integer) AND (t.a <= '-10135'::integer))
   Index Searches: 1
   Buffers: shared hit=138666
 Settings: enable_bitmapscan = 'off', enable_seqscan = 'off', max_parallel_workers_per_gather = '0'
 Planning:
   Buffers: shared hit=105
 Planning Time: 0.191 ms
 Execution Time: 336.751 ms
(10 rows)

