SET
SET
SET
SET
SET
                                             QUERY PLAN                                             
----------------------------------------------------------------------------------------------------
 Index Scan Backward using idx on public.t (actual rows=2048.00 loops=1)
   Output: a, b
   Index Cond: ((t.a >= '-24058'::integer) AND (t.a <= '-23995'::integer))
   Index Searches: 1
   Prefetch: distance=9.118 count=34 stalls=2 skipped=1597 resets=0 ungets=0 forwarded=5
             histogram [2,4) => 6, [4,8) => 12, [8,16) => 6, [16,32) => 10
   Buffers: shared hit=22 read=25
 Settings: enable_bitmapscan = 'off', enable_seqscan = 'off', max_parallel_workers_per_gather = '0'
 Planning:
   Buffers: shared hit=78 read=22
 Planning Time: 1.307 ms
 Execution Time: 1.653 ms
(12 rows)

SET
SET
SET
SET
SET
                                             QUERY PLAN                                             
----------------------------------------------------------------------------------------------------
 Index Scan Backward using idx on public.t (actual rows=2048.00 loops=1)
   Output: a, b
   Index Cond: ((t.a >= '-24058'::integer) AND (t.a <= '-23995'::integer))
   Index Searches: 1
   Buffers: shared hit=47
 Settings: enable_bitmapscan = 'off', enable_seqscan = 'off', max_parallel_workers_per_gather = '0'
 Planning:
   Buffers: shared hit=105
 Planning Time: 0.165 ms
 Execution Time: 0.121 ms
(10 rows)

