SET
SET
SET
SET
SET
                                                                QUERY PLAN                                                                 
-------------------------------------------------------------------------------------------------------------------------------------------
 Index Scan Backward using idx on public.t (actual rows=8192.00 loops=1)
   Output: a, b
   Index Cond: ((t.a >= '-13593'::integer) AND (t.a <= '-13338'::integer))
   Index Searches: 1
   Prefetch: distance=237.184 count=305 stalls=2 skipped=7571 resets=0 ungets=133 forwarded=49
             histogram [2,4) => 10, [4,8) => 12, [8,16) => 10, [16,32) => 5, [32,64) => 3, [64,128) => 1, [128,256) => 2, [256,512) => 262
   Buffers: shared hit=108 read=88
 Settings: enable_bitmapscan = 'off', enable_seqscan = 'off', max_parallel_workers_per_gather = '0'
 Planning:
   Buffers: shared hit=78 read=22
 Planning Time: 1.326 ms
 Execution Time: 3.602 ms
(12 rows)

SET
SET
SET
SET
SET
                                             QUERY PLAN                                             
----------------------------------------------------------------------------------------------------
 Index Scan Backward using idx on public.t (actual rows=8192.00 loops=1)
   Output: a, b
   Index Cond: ((t.a >= '-13593'::integer) AND (t.a <= '-13338'::integer))
   Index Searches: 1
   Buffers: shared hit=196
 Settings: enable_bitmapscan = 'off', enable_seqscan = 'off', max_parallel_workers_per_gather = '0'
 Planning:
   Buffers: shared hit=105
 Planning Time: 0.163 ms
 Execution Time: 0.342 ms
(10 rows)

