SET
SET
SET
SET
SET
                                                               QUERY PLAN                                                               
----------------------------------------------------------------------------------------------------------------------------------------
 Index Scan Backward using idx on public.t (actual rows=4096.00 loops=1)
   Output: a, b
   Index Cond: ((t.a >= '-10426'::integer) AND (t.a <= '-10299'::integer))
   Index Searches: 1
   Prefetch: distance=181.049 count=103 stalls=2 skipped=3035 resets=0 ungets=35 forwarded=19
             histogram [2,4) => 6, [4,8) => 10, [8,16) => 8, [16,32) => 8, [32,64) => 3, [64,128) => 1, [128,256) => 2, [256,512) => 65
   Buffers: shared hit=57 read=46
 Settings: enable_bitmapscan = 'off', enable_seqscan = 'off', max_parallel_workers_per_gather = '0'
 Planning:
   Buffers: shared hit=78 read=22
 Planning Time: 1.295 ms
 Execution Time: 2.880 ms
(12 rows)

SET
SET
SET
SET
SET
                                             QUERY PLAN                                             
----------------------------------------------------------------------------------------------------
 Index Scan Backward using idx on public.t (actual rows=4096.00 loops=1)
   Output: a, b
   Index Cond: ((t.a >= '-10426'::integer) AND (t.a <= '-10299'::integer))
   Index Searches: 1
   Buffers: shared hit=103
 Settings: enable_bitmapscan = 'off', enable_seqscan = 'off', max_parallel_workers_per_gather = '0'
 Planning:
   Buffers: shared hit=105
 Planning Time: 0.205 ms
 Execution Time: 0.265 ms
(10 rows)

