SET
SET
SET
SET
SET
                                                                QUERY PLAN                                                                 
-------------------------------------------------------------------------------------------------------------------------------------------
 Index Scan Backward using idx on public.t (actual rows=32768.00 loops=1)
   Output: a, b
   Index Cond: ((t.a >= '-11455'::integer) AND (t.a <= '-10432'::integer))
   Index Searches: 1
   Prefetch: distance=265.974 count=1409 stalls=2 skipped=31724 resets=0 ungets=686 forwarded=206
             histogram [2,4) => 4, [4,8) => 10, [8,16) => 10, [16,32) => 6, [32,64) => 1, [64,128) => 2, [128,256) => 3, [256,512) => 1373
   Buffers: shared hit=424 read=340
 Settings: enable_bitmapscan = 'off', enable_seqscan = 'off', max_parallel_workers_per_gather = '0'
 Planning:
   Buffers: shared hit=78 read=22
 Planning Time: 1.321 ms
 Execution Time: 10.515 ms
(12 rows)

SET
SET
SET
SET
SET
                                             QUERY PLAN                                             
----------------------------------------------------------------------------------------------------
 Index Scan Backward using idx on public.t (actual rows=32768.00 loops=1)
   Output: a, b
   Index Cond: ((t.a >= '-11455'::integer) AND (t.a <= '-10432'::integer))
   Index Searches: 1
   Buffers: shared hit=767
 Settings: enable_bitmapscan = 'off', enable_seqscan = 'off', max_parallel_workers_per_gather = '0'
 Planning:
   Buffers: shared hit=105
 Planning Time: 0.167 ms
 Execution Time: 1.332 ms
(10 rows)

