SET
SET
SET
SET
SET
                                                                 QUERY PLAN                                                                 
--------------------------------------------------------------------------------------------------------------------------------------------
 Index Scan Backward using idx on public.t (actual rows=5048576.00 loops=1)
   Output: a, b
   Index Cond: ((t.a >= '-158781'::integer) AND (t.a <= '-1014'::integer))
   Index Searches: 1
   Prefetch: distance=271.947 count=221119 stalls=4 skipped=4936669 resets=0 ungets=109922 forwarded=30970
             histogram [2,4) => 12, [4,8) => 9, [8,16) => 6, [16,32) => 8, [32,64) => 2, [64,128) => 3, [128,256) => 1, [256,512) => 221078
   Buffers: shared hit=63470 read=51695
 Settings: enable_bitmapscan = 'off', enable_seqscan = 'off', max_parallel_workers_per_gather = '0'
 Planning:
   Buffers: shared hit=78 read=26
 Planning Time: 2.169 ms
 Execution Time: 1374.371 ms
(12 rows)

SET
SET
SET
SET
SET
                                             QUERY PLAN                                             
----------------------------------------------------------------------------------------------------
 Index Scan Backward using idx on public.t (actual rows=5048576.00 loops=1)
   Output: a, b
   Index Cond: ((t.a >= '-158781'::integer) AND (t.a <= '-1014'::integer))
   Index Searches: 1
   Buffers: shared hit=115730
 Settings: enable_bitmapscan = 'off', enable_seqscan = 'off', max_parallel_workers_per_gather = '0'
 Planning:
   Buffers: shared hit=109
 Planning Time: 0.219 ms
 Execution Time: 218.341 ms
(10 rows)

