SET
SET
SET
SET
SET
                                                                QUERY PLAN                                                                 
-------------------------------------------------------------------------------------------------------------------------------------------
 Index Scan Backward using idx on public.t (actual rows=524288.00 loops=1)
   Output: a, b
   Index Cond: ((t.a >= '-37740'::integer) AND (t.a <= '-21357'::integer))
   Index Searches: 1
   Prefetch: distance=271.443 count=22974 stalls=11 skipped=512384 resets=0 ungets=11400 forwarded=3225
             histogram [2,4) => 18, [4,8) => 9, [8,16) => 9, [16,32) => 8, [32,64) => 2, [64,128) => 3, [128,256) => 1, [256,512) => 22924
   Buffers: shared hit=6637 read=5372
 Settings: enable_bitmapscan = 'off', enable_seqscan = 'off', max_parallel_workers_per_gather = '0'
 Planning:
   Buffers: shared hit=78 read=22
 Planning Time: 1.960 ms
 Execution Time: 146.045 ms
(12 rows)

SET
SET
SET
SET
SET
                                             QUERY PLAN                                             
----------------------------------------------------------------------------------------------------
 Index Scan Backward using idx on public.t (actual rows=524288.00 loops=1)
   Output: a, b
   Index Cond: ((t.a >= '-37740'::integer) AND (t.a <= '-21357'::integer))
   Index Searches: 1
   Buffers: shared hit=12065
 Settings: enable_bitmapscan = 'off', enable_seqscan = 'off', max_parallel_workers_per_gather = '0'
 Planning:
   Buffers: shared hit=105
 Planning Time: 0.188 ms
 Execution Time: 20.266 ms
(10 rows)

