SET
SET
SET
SET
SET
                                                                QUERY PLAN                                                                 
-------------------------------------------------------------------------------------------------------------------------------------------
 Index Scan Backward using idx on public.t (actual rows=3048576.00 loops=1)
   Output: a, b
   Index Cond: ((t.a >= '-120767'::integer) AND (t.a <= '-25500'::integer))
   Index Searches: 1
   Prefetch: distance=271.940 count=133252 stalls=1 skipped=2980995 resets=0 ungets=66231 forwarded=18603
             histogram [2,4) => 4, [4,8) => 4, [8,16) => 5, [16,32) => 9, [32,64) => 2, [64,128) => 2, [128,256) => 3, [256,512) => 133223
   Buffers: shared hit=38192 read=31218
 Settings: enable_bitmapscan = 'off', enable_seqscan = 'off', max_parallel_workers_per_gather = '0'
 Planning:
   Buffers: shared hit=78 read=22
 Planning Time: 1.831 ms
 Execution Time: 828.027 ms
(12 rows)

SET
SET
SET
SET
SET
                                             QUERY PLAN                                             
----------------------------------------------------------------------------------------------------
 Index Scan Backward using idx on public.t (actual rows=3048576.00 loops=1)
   Output: a, b
   Index Cond: ((t.a >= '-120767'::integer) AND (t.a <= '-25500'::integer))
   Index Searches: 1
   Buffers: shared hit=69761
 Settings: enable_bitmapscan = 'off', enable_seqscan = 'off', max_parallel_workers_per_gather = '0'
 Planning:
   Buffers: shared hit=105
 Planning Time: 0.208 ms
 Execution Time: 122.820 ms
(10 rows)

