SET
SET
SET
SET
SET
                                                                 QUERY PLAN                                                                 
--------------------------------------------------------------------------------------------------------------------------------------------
 Index Scan Backward using idx on public.t (actual rows=9048576.00 loops=1)
   Output: a, b
   Index Cond: ((t.a >= '-307158'::integer) AND (t.a <= '-24391'::integer))
   Index Searches: 1
   Prefetch: distance=271.965 count=396941 stalls=3 skipped=8847885 resets=0 ungets=197326 forwarded=55543
             histogram [2,4) => 16, [4,8) => 8, [8,16) => 5, [16,32) => 9, [32,64) => 2, [64,128) => 2, [128,256) => 3, [256,512) => 396896
   Buffers: shared hit=114027 read=92649
 Settings: enable_bitmapscan = 'off', enable_seqscan = 'off', max_parallel_workers_per_gather = '0'
 Planning:
   Buffers: shared hit=78 read=22
 Planning Time: 1.793 ms
 Execution Time: 2456.922 ms
(12 rows)

SET
SET
SET
SET
SET
                                             QUERY PLAN                                             
----------------------------------------------------------------------------------------------------
 Index Scan Backward using idx on public.t (actual rows=9048576.00 loops=1)
   Output: a, b
   Index Cond: ((t.a >= '-307158'::integer) AND (t.a <= '-24391'::integer))
   Index Searches: 1
   Buffers: shared hit=207727
 Settings: enable_bitmapscan = 'off', enable_seqscan = 'off', max_parallel_workers_per_gather = '0'
 Planning:
   Buffers: shared hit=105
 Planning Time: 0.257 ms
 Execution Time: 353.623 ms
(10 rows)

