SET
SET
SET
SET
SET
                                                              QUERY PLAN                                                               
---------------------------------------------------------------------------------------------------------------------------------------
 Index Scan Backward using idx on public.t (actual rows=2048576.00 loops=1)
   Output: a, b
   Index Cond: ((t.a >= '-65914'::integer) AND (t.a <= '-1897'::integer))
   Index Searches: 1
   Buffers: shared hit=26125 read=20978
 Settings: enable_bitmapscan = 'off', enable_seqscan = 'off', max_parallel_workers_per_gather = '0', enable_indexscan_prefetch = 'off'
 Planning:
   Buffers: shared hit=78 read=26
 Planning Time: 2.080 ms
 Execution Time: 1465.750 ms
(10 rows)

SET
SET
SET
SET
SET
                                                              QUERY PLAN                                                               
---------------------------------------------------------------------------------------------------------------------------------------
 Index Scan Backward using idx on public.t (actual rows=2048576.00 loops=1)
   Output: a, b
   Index Cond: ((t.a >= '-65914'::integer) AND (t.a <= '-1897'::integer))
   Index Searches: 1
   Buffers: shared hit=47103
 Settings: enable_bitmapscan = 'off', enable_seqscan = 'off', max_parallel_workers_per_gather = '0', enable_indexscan_prefetch = 'off'
 Planning:
   Buffers: shared hit=109
 Planning Time: 0.215 ms
 Execution Time: 81.544 ms
(10 rows)

