SET
SET
SET
SET
SET
                                             QUERY PLAN                                             
----------------------------------------------------------------------------------------------------
 Index Scan Backward using idx on public.t (actual rows=1024.00 loops=1)
   Output: a, b
   Index Cond: ((t.a >= '-28074'::integer) AND (t.a <= '-28043'::integer))
   Index Searches: 1
   Prefetch: distance=2.750 count=20 stalls=3 skipped=874 resets=0 ungets=0 forwarded=4
             histogram [2,4) => 15, [4,8) => 5
   Buffers: shared hit=18 read=14
 Settings: enable_bitmapscan = 'off', enable_seqscan = 'off', max_parallel_workers_per_gather = '0'
 Planning:
   Buffers: shared hit=78 read=22
 Planning Time: 1.324 ms
 Execution Time: 1.301 ms
(12 rows)

SET
SET
SET
SET
SET
                                             QUERY PLAN                                             
----------------------------------------------------------------------------------------------------
 Index Scan Backward using idx on public.t (actual rows=1024.00 loops=1)
   Output: a, b
   Index Cond: ((t.a >= '-28074'::integer) AND (t.a <= '-28043'::integer))
   Index Searches: 1
   Buffers: shared hit=32
 Settings: enable_bitmapscan = 'off', enable_seqscan = 'off', max_parallel_workers_per_gather = '0'
 Planning:
   Buffers: shared hit=105
 Planning Time: 0.181 ms
 Execution Time: 0.078 ms
(10 rows)

