SET
SET
SET
SET
SET
                                             QUERY PLAN                                             
----------------------------------------------------------------------------------------------------
 Index Scan Backward using idx on public.t (actual rows=2048.00 loops=1)
   Output: a, b
   Index Cond: ((t.a >= '-22427'::integer) AND (t.a <= '-22364'::integer))
   Index Searches: 1
   Prefetch: distance=2.480 count=25 stalls=7 skipped=1153 resets=0 ungets=0 forwarded=4
             histogram [2,4) => 21, [4,8) => 4
   Buffers: shared hit=32 read=26
 Settings: enable_bitmapscan = 'off', enable_seqscan = 'off', max_parallel_workers_per_gather = '0'
 Planning:
   Buffers: shared hit=78 read=22
 Planning Time: 1.304 ms
 Execution Time: 1.917 ms
(12 rows)

SET
SET
SET
SET
SET
                                             QUERY PLAN                                             
----------------------------------------------------------------------------------------------------
 Index Scan Backward using idx on public.t (actual rows=2048.00 loops=1)
   Output: a, b
   Index Cond: ((t.a >= '-22427'::integer) AND (t.a <= '-22364'::integer))
   Index Searches: 1
   Buffers: shared hit=58
 Settings: enable_bitmapscan = 'off', enable_seqscan = 'off', max_parallel_workers_per_gather = '0'
 Planning:
   Buffers: shared hit=105
 Planning Time: 0.115 ms
 Execution Time: 0.100 ms
(10 rows)

