SET
SET
SET
SET
SET
                                                                 QUERY PLAN                                                                 
--------------------------------------------------------------------------------------------------------------------------------------------
 Index Scan Backward using idx on public.t (actual rows=32768.00 loops=1)
   Output: a, b
   Index Cond: ((t.a >= '-21739'::integer) AND (t.a <= '-20716'::integer))
   Index Searches: 1
   Prefetch: distance=260.831 count=1387 stalls=11 skipped=31905 resets=0 ungets=662 forwarded=190
             histogram [2,4) => 28, [4,8) => 11, [8,16) => 5, [16,32) => 10, [32,64) => 2, [64,128) => 2, [128,256) => 2, [256,512) => 1327
   Buffers: shared hit=432 read=340
 Settings: enable_bitmapscan = 'off', enable_seqscan = 'off', max_parallel_workers_per_gather = '0'
 Planning:
   Buffers: shared hit=78 read=22
 Planning Time: 1.303 ms
 Execution Time: 10.741 ms
(12 rows)

SET
SET
SET
SET
SET
                                             QUERY PLAN                                             
----------------------------------------------------------------------------------------------------
 Index Scan Backward using idx on public.t (actual rows=32768.00 loops=1)
   Output: a, b
   Index Cond: ((t.a >= '-21739'::integer) AND (t.a <= '-20716'::integer))
   Index Searches: 1
   Buffers: shared hit=775
 Settings: enable_bitmapscan = 'off', enable_seqscan = 'off', max_parallel_workers_per_gather = '0'
 Planning:
   Buffers: shared hit=105
 Planning Time: 0.117 ms
 Execution Time: 1.225 ms
(10 rows)

