SET
SET
SET
SET
SET
                                                                 QUERY PLAN                                                                  
---------------------------------------------------------------------------------------------------------------------------------------------
 Index Scan Backward using idx on public.t (actual rows=4048576.00 loops=1)
   Output: a, b
   Index Cond: ((t.a >= '-150546'::integer) AND (t.a <= '-24029'::integer))
   Index Searches: 1
   Prefetch: distance=271.914 count=177100 stalls=6 skipped=3959090 resets=0 ungets=88026 forwarded=24758
             histogram [2,4) => 22, [4,8) => 11, [8,16) => 6, [16,32) => 9, [32,64) => 3, [64,128) => 1, [128,256) => 2, [256,512) => 177046
   Buffers: shared hit=50802 read=41457
 Settings: enable_bitmapscan = 'off', enable_seqscan = 'off', max_parallel_workers_per_gather = '0'
 Planning:
   Buffers: shared hit=78 read=22
 Planning Time: 1.809 ms
 Execution Time: 1101.134 ms
(12 rows)

SET
SET
SET
SET
SET
                                             QUERY PLAN                                             
----------------------------------------------------------------------------------------------------
 Index Scan Backward using idx on public.t (actual rows=4048576.00 loops=1)
   Output: a, b
   Index Cond: ((t.a >= '-150546'::integer) AND (t.a <= '-24029'::integer))
   Index Searches: 1
   Buffers: shared hit=92709
 Settings: enable_bitmapscan = 'off', enable_seqscan = 'off', max_parallel_workers_per_gather = '0'
 Planning:
   Buffers: shared hit=105
 Planning Time: 0.206 ms
 Execution Time: 164.392 ms
(10 rows)

