SET
SET
SET
SET
SET
                                                                QUERY PLAN                                                                
------------------------------------------------------------------------------------------------------------------------------------------
 Index Scan Backward using idx on public.t (actual rows=2048576.00 loops=1)
   Output: a, b
   Index Cond: ((t.a >= '-72223'::integer) AND (t.a <= '-8206'::integer))
   Index Searches: 1
   Prefetch: distance=271.904 count=89905 stalls=4 skipped=2002776 resets=0 ungets=44684 forwarded=12620
             histogram [2,4) => 6, [4,8) => 7, [8,16) => 9, [16,32) => 5, [32,64) => 2, [64,128) => 3, [128,256) => 1, [256,512) => 89872
   Buffers: shared hit=25850 read=20979
 Settings: enable_bitmapscan = 'off', enable_seqscan = 'off', max_parallel_workers_per_gather = '0'
 Planning:
   Buffers: shared hit=78 read=22
 Planning Time: 1.839 ms
 Execution Time: 556.365 ms
(12 rows)

SET
SET
SET
SET
SET
                                             QUERY PLAN                                             
----------------------------------------------------------------------------------------------------
 Index Scan Backward using idx on public.t (actual rows=2048576.00 loops=1)
   Output: a, b
   Index Cond: ((t.a >= '-72223'::integer) AND (t.a <= '-8206'::integer))
   Index Searches: 1
   Buffers: shared hit=47072
 Settings: enable_bitmapscan = 'off', enable_seqscan = 'off', max_parallel_workers_per_gather = '0'
 Planning:
   Buffers: shared hit=105
 Planning Time: 0.179 ms
 Execution Time: 81.295 ms
(10 rows)

