SET
SET
SET
SET
SET
                                                                 QUERY PLAN                                                                  
---------------------------------------------------------------------------------------------------------------------------------------------
 Index Scan Backward using idx on public.t (actual rows=1048576.00 loops=1)
   Output: a, b
   Index Cond: ((t.a >= '-60618'::integer) AND (t.a <= '-27851'::integer))
   Index Searches: 1
   Prefetch: distance=271.727 count=45989 stalls=8 skipped=1024299 resets=0 ungets=22837 forwarded=6469
             histogram [2,4) => 17, [4,8) => 11, [8,16) => 10, [16,32) => 5, [32,64) => 2, [64,128) => 2, [128,256) => 3, [256,512) => 45939
   Buffers: shared hit=13256 read=10740
 Settings: enable_bitmapscan = 'off', enable_seqscan = 'off', max_parallel_workers_per_gather = '0'
 Planning:
   Buffers: shared hit=78 read=22
 Planning Time: 1.821 ms
 Execution Time: 285.319 ms
(12 rows)

SET
SET
SET
SET
SET
                                             QUERY PLAN                                             
----------------------------------------------------------------------------------------------------
 Index Scan Backward using idx on public.t (actual rows=1048576.00 loops=1)
   Output: a, b
   Index Cond: ((t.a >= '-60618'::integer) AND (t.a <= '-27851'::integer))
   Index Searches: 1
   Buffers: shared hit=24127
 Settings: enable_bitmapscan = 'off', enable_seqscan = 'off', max_parallel_workers_per_gather = '0'
 Planning:
   Buffers: shared hit=105
 Planning Time: 0.174 ms
 Execution Time: 41.620 ms
(10 rows)

