SET
SET
SET
SET
SET
                                                                QUERY PLAN                                                                
------------------------------------------------------------------------------------------------------------------------------------------
 Index Scan Backward using idx on public.t (actual rows=524288.00 loops=1)
   Output: a, b
   Index Cond: ((t.a >= '-41811'::integer) AND (t.a <= '-25428'::integer))
   Index Searches: 1
   Prefetch: distance=271.583 count=23021 stalls=2 skipped=511959 resets=0 ungets=11434 forwarded=3225
             histogram [2,4) => 8, [4,8) => 8, [8,16) => 6, [16,32) => 9, [32,64) => 2, [64,128) => 3, [128,256) => 1, [256,512) => 22984
   Buffers: shared hit=6643 read=5372
 Settings: enable_bitmapscan = 'off', enable_seqscan = 'off', max_parallel_workers_per_gather = '0'
 Planning:
   Buffers: shared hit=78 read=22
 Planning Time: 1.813 ms
 Execution Time: 144.240 ms
(12 rows)

SET
SET
SET
SET
SET
                                             QUERY PLAN                                             
----------------------------------------------------------------------------------------------------
 Index Scan Backward using idx on public.t (actual rows=524288.00 loops=1)
   Output: a, b
   Index Cond: ((t.a >= '-41811'::integer) AND (t.a <= '-25428'::integer))
   Index Searches: 1
   Buffers: shared hit=12074
 Settings: enable_bitmapscan = 'off', enable_seqscan = 'off', max_parallel_workers_per_gather = '0'
 Planning:
   Buffers: shared hit=105
 Planning Time: 0.179 ms
 Execution Time: 21.164 ms
(10 rows)

