SET
SET
SET
SET
SET
                                                                 QUERY PLAN                                                                 
--------------------------------------------------------------------------------------------------------------------------------------------
 Index Scan Backward using idx on public.t (actual rows=131072.00 loops=1)
   Output: a, b
   Index Cond: ((t.a >= '-13114'::integer) AND (t.a <= '-9019'::integer))
   Index Searches: 1
   Prefetch: distance=269.102 count=5705 stalls=12 skipped=127396 resets=0 ungets=2808 forwarded=815
             histogram [2,4) => 30, [4,8) => 14, [8,16) => 10, [16,32) => 5, [32,64) => 2, [64,128) => 2, [128,256) => 2, [256,512) => 5640
   Buffers: shared hit=1690 read=1347
 Settings: enable_bitmapscan = 'off', enable_seqscan = 'off', max_parallel_workers_per_gather = '0'
 Planning:
   Buffers: shared hit=78 read=22
 Planning Time: 1.669 ms
 Execution Time: 38.518 ms
(12 rows)

SET
SET
SET
SET
SET
                                             QUERY PLAN                                             
----------------------------------------------------------------------------------------------------
 Index Scan Backward using idx on public.t (actual rows=131072.00 loops=1)
   Output: a, b
   Index Cond: ((t.a >= '-13114'::integer) AND (t.a <= '-9019'::integer))
   Index Searches: 1
   Buffers: shared hit=3050
 Settings: enable_bitmapscan = 'off', enable_seqscan = 'off', max_parallel_workers_per_gather = '0'
 Planning:
   Buffers: shared hit=105
 Planning Time: 0.152 ms
 Execution Time: 4.970 ms
(10 rows)

