SET
SET
SET
SET
SET
                                                                QUERY PLAN                                                                 
-------------------------------------------------------------------------------------------------------------------------------------------
 Index Scan Backward using idx on public.t (actual rows=65536.00 loops=1)
   Output: a, b
   Index Cond: ((t.a >= '-10694'::integer) AND (t.a <= '-8647'::integer))
   Index Searches: 1
   Prefetch: distance=267.539 count=2873 stalls=1 skipped=63405 resets=0 ungets=1406 forwarded=421
             histogram [2,4) => 14, [4,8) => 16, [8,16) => 6, [16,32) => 8, [32,64) => 2, [64,128) => 3, [128,256) => 1, [256,512) => 2823
   Buffers: shared hit=861 read=675
 Settings: enable_bitmapscan = 'off', enable_seqscan = 'off', max_parallel_workers_per_gather = '0'
 Planning:
   Buffers: shared hit=78 read=22
 Planning Time: 1.407 ms
 Execution Time: 19.097 ms
(12 rows)

SET
SET
SET
SET
SET
                                             QUERY PLAN                                             
----------------------------------------------------------------------------------------------------
 Index Scan Backward using idx on public.t (actual rows=65536.00 loops=1)
   Output: a, b
   Index Cond: ((t.a >= '-10694'::integer) AND (t.a <= '-8647'::integer))
   Index Searches: 1
   Buffers: shared hit=1544
 Settings: enable_bitmapscan = 'off', enable_seqscan = 'off', max_parallel_workers_per_gather = '0'
 Planning:
   Buffers: shared hit=105
 Planning Time: 0.208 ms
 Execution Time: 2.802 ms
(10 rows)

