SET
SET
SET
SET
SET
                                                                 QUERY PLAN                                                                  
---------------------------------------------------------------------------------------------------------------------------------------------
 Index Scan Backward using idx on public.t (actual rows=9048576.00 loops=1)
   Output: a, b
   Index Cond: ((t.a >= '-309718'::integer) AND (t.a <= '-26951'::integer))
   Index Searches: 1
   Prefetch: distance=271.965 count=396879 stalls=8 skipped=8848895 resets=0 ungets=197301 forwarded=55519
             histogram [2,4) => 12, [4,8) => 12, [8,16) => 6, [16,32) => 8, [32,64) => 3, [64,128) => 1, [128,256) => 2, [256,512) => 396835
   Buffers: shared hit=113967 read=92648
 Settings: enable_bitmapscan = 'off', enable_seqscan = 'off', max_parallel_workers_per_gather = '0'
 Planning:
   Buffers: shared hit=78 read=26
 Planning Time: 2.116 ms
 Execution Time: 2456.431 ms
(12 rows)

SET
SET
SET
SET
SET
                                             QUERY PLAN                                             
----------------------------------------------------------------------------------------------------
 Index Scan Backward using idx on public.t (actual rows=9048576.00 loops=1)
   Output: a, b
   Index Cond: ((t.a >= '-309718'::integer) AND (t.a <= '-26951'::integer))
   Index Searches: 1
   Buffers: shared hit=207673
 Settings: enable_bitmapscan = 'off', enable_seqscan = 'off', max_parallel_workers_per_gather = '0'
 Planning:
   Buffers: shared hit=109
 Planning Time: 0.276 ms
 Execution Time: 381.563 ms
(10 rows)

