SET
SET
SET
SET
SET
                                                                 QUERY PLAN                                                                 
--------------------------------------------------------------------------------------------------------------------------------------------
 Index Scan Backward using idx on public.t (actual rows=8048576.00 loops=1)
   Output: a, b
   Index Cond: ((t.a >= '-266487'::integer) AND (t.a <= '-14970'::integer))
   Index Searches: 1
   Prefetch: distance=271.966 count=352809 stalls=4 skipped=7870127 resets=0 ungets=175387 forwarded=49376
             histogram [2,4) => 12, [4,8) => 8, [8,16) => 9, [16,32) => 6, [32,64) => 1, [64,128) => 2, [128,256) => 2, [256,512) => 352769
   Buffers: shared hit=101267 read=82411
 Settings: enable_bitmapscan = 'off', enable_seqscan = 'off', max_parallel_workers_per_gather = '0'
 Planning:
   Buffers: shared hit=78 read=22
 Planning Time: 1.813 ms
 Execution Time: 2184.440 ms
(12 rows)

SET
SET
SET
SET
SET
                                             QUERY PLAN                                             
----------------------------------------------------------------------------------------------------
 Index Scan Backward using idx on public.t (actual rows=8048576.00 loops=1)
   Output: a, b
   Index Cond: ((t.a >= '-266487'::integer) AND (t.a <= '-14970'::integer))
   Index Searches: 1
   Buffers: shared hit=184639
 Settings: enable_bitmapscan = 'off', enable_seqscan = 'off', max_parallel_workers_per_gather = '0'
 Planning:
   Buffers: shared hit=105
 Planning Time: 0.226 ms
 Execution Time: 312.288 ms
(10 rows)

