SET
SET
SET
SET
SET
                                             QUERY PLAN                                             
----------------------------------------------------------------------------------------------------
 Index Scan Backward using idx on public.t (actual rows=2048.00 loops=1)
   Output: a, b
   Index Cond: ((t.a >= '-17333'::integer) AND (t.a <= '-17270'::integer))
   Index Searches: 1
   Prefetch: distance=7.552 count=29 stalls=4 skipped=1728 resets=0 ungets=0 forwarded=3
             histogram [2,4) => 10, [4,8) => 8, [8,16) => 6, [16,32) => 5
   Buffers: shared hit=22 read=25
 Settings: enable_bitmapscan = 'off', enable_seqscan = 'off', max_parallel_workers_per_gather = '0'
 Planning:
   Buffers: shared hit=78 read=22
 Planning Time: 1.392 ms
 Execution Time: 1.439 ms
(12 rows)

SET
SET
SET
SET
SET
                                             QUERY PLAN                                             
----------------------------------------------------------------------------------------------------
 Index Scan Backward using idx on public.t (actual rows=2048.00 loops=1)
   Output: a, b
   Index Cond: ((t.a >= '-17333'::integer) AND (t.a <= '-17270'::integer))
   Index Searches: 1
   Buffers: shared hit=47
 Settings: enable_bitmapscan = 'off', enable_seqscan = 'off', max_parallel_workers_per_gather = '0'
 Planning:
   Buffers: shared hit=105
 Planning Time: 0.183 ms
 Execution Time: 0.134 ms
(10 rows)

