SET
SET
SET
SET
SET
                                                                QUERY PLAN                                                                
------------------------------------------------------------------------------------------------------------------------------------------
 Index Scan Backward using idx on public.t (actual rows=65536.00 loops=1)
   Output: a, b
   Index Cond: ((t.a >= '-22165'::integer) AND (t.a <= '-20118'::integer))
   Index Searches: 1
   Prefetch: distance=268.441 count=2837 stalls=6 skipped=63745 resets=0 ungets=1392 forwarded=403
             histogram [2,4) => 12, [4,8) => 6, [8,16) => 6, [16,32) => 9, [32,64) => 2, [64,128) => 2, [128,256) => 3, [256,512) => 2797
   Buffers: shared hit=835 read=676
 Settings: enable_bitmapscan = 'off', enable_seqscan = 'off', max_parallel_workers_per_gather = '0'
 Planning:
   Buffers: shared hit=78 read=22
 Planning Time: 1.300 ms
 Execution Time: 19.731 ms
(12 rows)

SET
SET
SET
SET
SET
                                             QUERY PLAN                                             
----------------------------------------------------------------------------------------------------
 Index Scan Backward using idx on public.t (actual rows=65536.00 loops=1)
   Output: a, b
   Index Cond: ((t.a >= '-22165'::integer) AND (t.a <= '-20118'::integer))
   Index Searches: 1
   Buffers: shared hit=1522
 Settings: enable_bitmapscan = 'off', enable_seqscan = 'off', max_parallel_workers_per_gather = '0'
 Planning:
   Buffers: shared hit=105
 Planning Time: 0.185 ms
 Execution Time: 2.717 ms
(10 rows)

