SET
SET
SET
SET
SET
                                                                 QUERY PLAN                                                                  
---------------------------------------------------------------------------------------------------------------------------------------------
 Index Scan Backward using idx on public.t (actual rows=3048576.00 loops=1)
   Output: a, b
   Index Cond: ((t.a >= '-103457'::integer) AND (t.a <= '-8190'::integer))
   Index Searches: 1
   Prefetch: distance=271.901 count=133662 stalls=5 skipped=2980315 resets=0 ungets=66429 forwarded=18754
             histogram [2,4) => 16, [4,8) => 12, [8,16) => 6, [16,32) => 9, [32,64) => 1, [64,128) => 3, [128,256) => 1, [256,512) => 133614
   Buffers: shared hit=38410 read=31218
 Settings: enable_bitmapscan = 'off', enable_seqscan = 'off', max_parallel_workers_per_gather = '0'
 Planning:
   Buffers: shared hit=78 read=22
 Planning Time: 1.797 ms
 Execution Time: 829.040 ms
(12 rows)

SET
SET
SET
SET
SET
                                             QUERY PLAN                                             
----------------------------------------------------------------------------------------------------
 Index Scan Backward using idx on public.t (actual rows=3048576.00 loops=1)
   Output: a, b
   Index Cond: ((t.a >= '-103457'::integer) AND (t.a <= '-8190'::integer))
   Index Searches: 1
   Buffers: shared hit=69993
 Settings: enable_bitmapscan = 'off', enable_seqscan = 'off', max_parallel_workers_per_gather = '0'
 Planning:
   Buffers: shared hit=105
 Planning Time: 0.193 ms
 Execution Time: 119.186 ms
(10 rows)

