SET
SET
SET
SET
SET
                                                                QUERY PLAN                                                                 
-------------------------------------------------------------------------------------------------------------------------------------------
 Index Scan Backward using idx on public.t (actual rows=2048576.00 loops=1)
   Output: a, b
   Index Cond: ((t.a >= '-65822'::integer) AND (t.a <= '-1805'::integer))
   Index Searches: 1
   Prefetch: distance=271.867 count=89962 stalls=3 skipped=2002553 resets=0 ungets=44699 forwarded=12666
             histogram [2,4) => 16, [4,8) => 8, [8,16) => 5, [16,32) => 9, [32,64) => 2, [64,128) => 3, [128,256) => 1, [256,512) => 89918
   Buffers: shared hit=25886 read=20978
 Settings: enable_bitmapscan = 'off', enable_seqscan = 'off', max_parallel_workers_per_gather = '0'
 Planning:
   Buffers: shared hit=78 read=26
 Planning Time: 2.156 ms
 Execution Time: 557.553 ms
(12 rows)

SET
SET
SET
SET
SET
                                             QUERY PLAN                                             
----------------------------------------------------------------------------------------------------
 Index Scan Backward using idx on public.t (actual rows=2048576.00 loops=1)
   Output: a, b
   Index Cond: ((t.a >= '-65822'::integer) AND (t.a <= '-1805'::integer))
   Index Searches: 1
   Buffers: shared hit=47114
 Settings: enable_bitmapscan = 'off', enable_seqscan = 'off', max_parallel_workers_per_gather = '0'
 Planning:
   Buffers: shared hit=109
 Planning Time: 0.198 ms
 Execution Time: 84.234 ms
(10 rows)

