SET
SET
SET
SET
SET
                                                                QUERY PLAN                                                                 
-------------------------------------------------------------------------------------------------------------------------------------------
 Index Scan Backward using idx on public.t (actual rows=32768.00 loops=1)
   Output: a, b
   Index Cond: ((t.a >= '-23745'::integer) AND (t.a <= '-22722'::integer))
   Index Searches: 1
   Prefetch: distance=264.623 count=1358 stalls=4 skipped=31551 resets=0 ungets=656 forwarded=189
             histogram [2,4) => 10, [4,8) => 11, [8,16) => 7, [16,32) => 7, [32,64) => 1, [64,128) => 2, [128,256) => 3, [256,512) => 1317
   Buffers: shared hit=410 read=339
 Settings: enable_bitmapscan = 'off', enable_seqscan = 'off', max_parallel_workers_per_gather = '0'
 Planning:
   Buffers: shared hit=78 read=22
 Planning Time: 1.295 ms
 Execution Time: 10.157 ms
(12 rows)

SET
SET
SET
SET
SET
                                             QUERY PLAN                                             
----------------------------------------------------------------------------------------------------
 Index Scan Backward using idx on public.t (actual rows=32768.00 loops=1)
   Output: a, b
   Index Cond: ((t.a >= '-23745'::integer) AND (t.a <= '-22722'::integer))
   Index Searches: 1
   Buffers: shared hit=752
 Settings: enable_bitmapscan = 'off', enable_seqscan = 'off', max_parallel_workers_per_gather = '0'
 Planning:
   Buffers: shared hit=105
 Planning Time: 0.210 ms
 Execution Time: 1.540 ms
(10 rows)

