SET
SET
SET
SET
SET
                                                                 QUERY PLAN                                                                 
--------------------------------------------------------------------------------------------------------------------------------------------
 Index Scan Backward using idx on public.t (actual rows=4048576.00 loops=1)
   Output: a, b
   Index Cond: ((t.a >= '-156998'::integer) AND (t.a <= '-30481'::integer))
   Index Searches: 1
   Prefetch: distance=271.950 count=177127 stalls=3 skipped=3958766 resets=0 ungets=88055 forwarded=24760
             histogram [2,4) => 2, [4,8) => 9, [8,16) => 10, [16,32) => 5, [32,64) => 3, [64,128) => 1, [128,256) => 2, [256,512) => 177095
   Buffers: shared hit=50811 read=41456
 Settings: enable_bitmapscan = 'off', enable_seqscan = 'off', max_parallel_workers_per_gather = '0'
 Planning:
   Buffers: shared hit=78 read=22
 Planning Time: 1.818 ms
 Execution Time: 1100.390 ms
(12 rows)

SET
SET
SET
SET
SET
                                             QUERY PLAN                                             
----------------------------------------------------------------------------------------------------
 Index Scan Backward using idx on public.t (actual rows=4048576.00 loops=1)
   Output: a, b
   Index Cond: ((t.a >= '-156998'::integer) AND (t.a <= '-30481'::integer))
   Index Searches: 1
   Buffers: shared hit=92714
 Settings: enable_bitmapscan = 'off', enable_seqscan = 'off', max_parallel_workers_per_gather = '0'
 Planning:
   Buffers: shared hit=105
 Planning Time: 0.226 ms
 Execution Time: 151.539 ms
(10 rows)

