SET
SET
SET
SET
SET
                                                                 QUERY PLAN                                                                 
--------------------------------------------------------------------------------------------------------------------------------------------
 Index Scan Backward using idx on public.t (actual rows=6048576.00 loops=1)
   Output: a, b
   Index Cond: ((t.a >= '-210419'::integer) AND (t.a <= '-21402'::integer))
   Index Searches: 1
   Prefetch: distance=271.958 count=264764 stalls=3 skipped=5914354 resets=0 ungets=131632 forwarded=36990
             histogram [2,4) => 4, [4,8) => 11, [8,16) => 8, [16,32) => 8, [32,64) => 2, [64,128) => 3, [128,256) => 1, [256,512) => 264727
   Buffers: shared hit=75964 read=61933
 Settings: enable_bitmapscan = 'off', enable_seqscan = 'off', max_parallel_workers_per_gather = '0'
 Planning:
   Buffers: shared hit=78 read=22
 Planning Time: 1.804 ms
 Execution Time: 1642.397 ms
(12 rows)

SET
SET
SET
SET
SET
                                             QUERY PLAN                                             
----------------------------------------------------------------------------------------------------
 Index Scan Backward using idx on public.t (actual rows=6048576.00 loops=1)
   Output: a, b
   Index Cond: ((t.a >= '-210419'::integer) AND (t.a <= '-21402'::integer))
   Index Searches: 1
   Buffers: shared hit=138564
 Settings: enable_bitmapscan = 'off', enable_seqscan = 'off', max_parallel_workers_per_gather = '0'
 Planning:
   Buffers: shared hit=105
 Planning Time: 0.196 ms
 Execution Time: 240.220 ms
(10 rows)

