SET
SET
SET
SET
SET
                                                                 QUERY PLAN                                                                  
---------------------------------------------------------------------------------------------------------------------------------------------
 Index Scan Backward using idx on public.t (actual rows=7048576.00 loops=1)
   Output: a, b
   Index Cond: ((t.a >= '-243545'::integer) AND (t.a <= '-23278'::integer))
   Index Searches: 1
   Prefetch: distance=271.960 count=309010 stalls=1 skipped=6892639 resets=0 ungets=153596 forwarded=43214
             histogram [2,4) => 6, [4,8) => 15, [8,16) => 10, [16,32) => 5, [32,64) => 2, [64,128) => 3, [128,256) => 1, [256,512) => 308968
   Buffers: shared hit=88738 read=72172
 Settings: enable_bitmapscan = 'off', enable_seqscan = 'off', max_parallel_workers_per_gather = '0'
 Planning:
   Buffers: shared hit=78 read=22
 Planning Time: 1.818 ms
 Execution Time: 1917.423 ms
(12 rows)

SET
SET
SET
SET
SET
                                             QUERY PLAN                                             
----------------------------------------------------------------------------------------------------
 Index Scan Backward using idx on public.t (actual rows=7048576.00 loops=1)
   Output: a, b
   Index Cond: ((t.a >= '-243545'::integer) AND (t.a <= '-23278'::integer))
   Index Searches: 1
   Buffers: shared hit=161724
 Settings: enable_bitmapscan = 'off', enable_seqscan = 'off', max_parallel_workers_per_gather = '0'
 Planning:
   Buffers: shared hit=105
 Planning Time: 0.200 ms
 Execution Time: 281.071 ms
(10 rows)

