SET
SET
SET
SET
SET
                                                              QUERY PLAN                                                               
---------------------------------------------------------------------------------------------------------------------------------------
 Index Scan Backward using idx on public.t (actual rows=4048576.00 loops=1)
   Output: a, b
   Index Cond: ((t.a >= '-128855'::integer) AND (t.a <= '-2338'::integer))
   Index Searches: 1
   Buffers: shared hit=51323 read=41456
 Settings: enable_bitmapscan = 'off', enable_seqscan = 'off', max_parallel_workers_per_gather = '0', enable_indexscan_prefetch = 'off'
 Planning:
   Buffers: shared hit=78 read=26
 Planning Time: 2.094 ms
 Execution Time: 2892.217 ms
(10 rows)

SET
SET
SET
SET
SET
                                                              QUERY PLAN                                                               
---------------------------------------------------------------------------------------------------------------------------------------
 Index Scan Backward using idx on public.t (actual rows=4048576.00 loops=1)
   Output: a, b
   Index Cond: ((t.a >= '-128855'::integer) AND (t.a <= '-2338'::integer))
   Index Searches: 1
   Buffers: shared hit=92779
 Settings: enable_bitmapscan = 'off', enable_seqscan = 'off', max_parallel_workers_per_gather = '0', enable_indexscan_prefetch = 'off'
 Planning:
   Buffers: shared hit=109
 Planning Time: 0.188 ms
 Execution Time: 158.535 ms
(10 rows)

