SET
SET
SET
SET
SET
                                             QUERY PLAN                                             
----------------------------------------------------------------------------------------------------
 Index Scan Backward using idx on public.t (actual rows=2048.00 loops=1)
   Output: a, b
   Index Cond: ((t.a >= '-7236'::integer) AND (t.a <= '-7173'::integer))
   Index Searches: 1
   Prefetch: distance=11.607 count=28 stalls=4 skipped=1153 resets=0 ungets=0 forwarded=8
             histogram [2,4) => 4, [4,8) => 9, [8,16) => 10, [16,32) => 5
   Buffers: shared hit=35 read=26
 Settings: enable_bitmapscan = 'off', enable_seqscan = 'off', max_parallel_workers_per_gather = '0'
 Planning:
   Buffers: shared hit=78 read=22
 Planning Time: 1.331 ms
 Execution Time: 1.610 ms
(12 rows)

SET
SET
SET
SET
SET
                                             QUERY PLAN                                             
----------------------------------------------------------------------------------------------------
 Index Scan Backward using idx on public.t (actual rows=2048.00 loops=1)
   Output: a, b
   Index Cond: ((t.a >= '-7236'::integer) AND (t.a <= '-7173'::integer))
   Index Searches: 1
   Buffers: shared hit=61
 Settings: enable_bitmapscan = 'off', enable_seqscan = 'off', max_parallel_workers_per_gather = '0'
 Planning:
   Buffers: shared hit=105
 Planning Time: 0.143 ms
 Execution Time: 0.108 ms
(10 rows)

