SET
SET
SET
SET
SET
                                                               QUERY PLAN                                                                
-----------------------------------------------------------------------------------------------------------------------------------------
 Index Scan Backward using idx on public.t (actual rows=65536.00 loops=1)
   Output: a, b
   Index Cond: ((t.a >= '-26996'::integer) AND (t.a <= '-24949'::integer))
   Index Searches: 1
   Prefetch: distance=268.802 count=2904 stalls=4 skipped=63640 resets=0 ungets=1425 forwarded=420
             histogram [2,4) => 8, [4,8) => 7, [8,16) => 6, [16,32) => 9, [32,64) => 2, [64,128) => 2, [128,256) => 3, [256,512) => 2867
   Buffers: shared hit=870 read=676
 Settings: enable_bitmapscan = 'off', enable_seqscan = 'off', max_parallel_workers_per_gather = '0'
 Planning:
   Buffers: shared hit=78 read=22
 Planning Time: 1.305 ms
 Execution Time: 20.557 ms
(12 rows)

SET
SET
SET
SET
SET
                                             QUERY PLAN                                             
----------------------------------------------------------------------------------------------------
 Index Scan Backward using idx on public.t (actual rows=65536.00 loops=1)
   Output: a, b
   Index Cond: ((t.a >= '-26996'::integer) AND (t.a <= '-24949'::integer))
   Index Searches: 1
   Buffers: shared hit=1555
 Settings: enable_bitmapscan = 'off', enable_seqscan = 'off', max_parallel_workers_per_gather = '0'
 Planning:
   Buffers: shared hit=105
 Planning Time: 0.134 ms
 Execution Time: 2.357 ms
(10 rows)

