SET
SET
SET
SET
SET
                                                               QUERY PLAN                                                                
-----------------------------------------------------------------------------------------------------------------------------------------
 Index Scan Backward using idx on public.t (actual rows=4096.00 loops=1)
   Output: a, b
   Index Cond: ((t.a >= '-28309'::integer) AND (t.a <= '-28182'::integer))
   Index Searches: 1
   Prefetch: distance=167.133 count=98 stalls=2 skipped=3071 resets=0 ungets=31 forwarded=17
             histogram [2,4) => 12, [4,8) => 7, [8,16) => 12, [16,32) => 6, [32,64) => 1, [64,128) => 2, [128,256) => 2, [256,512) => 56
   Buffers: shared hit=56 read=46
 Settings: enable_bitmapscan = 'off', enable_seqscan = 'off', max_parallel_workers_per_gather = '0'
 Planning:
   Buffers: shared hit=78 read=22
 Planning Time: 1.307 ms
 Execution Time: 2.751 ms
(12 rows)

SET
SET
SET
SET
SET
                                             QUERY PLAN                                             
----------------------------------------------------------------------------------------------------
 Index Scan Backward using idx on public.t (actual rows=4096.00 loops=1)
   Output: a, b
   Index Cond: ((t.a >= '-28309'::integer) AND (t.a <= '-28182'::integer))
   Index Searches: 1
   Buffers: shared hit=102
 Settings: enable_bitmapscan = 'off', enable_seqscan = 'off', max_parallel_workers_per_gather = '0'
 Planning:
   Buffers: shared hit=105
 Planning Time: 0.182 ms
 Execution Time: 0.225 ms
(10 rows)

