SET
SET
SET
SET
SET
                                                               QUERY PLAN                                                                
-----------------------------------------------------------------------------------------------------------------------------------------
 Index Scan Backward using idx on public.t (actual rows=131072.00 loops=1)
   Output: a, b
   Index Cond: ((t.a >= '-15867'::integer) AND (t.a <= '-11772'::integer))
   Index Searches: 1
   Prefetch: distance=270.458 count=5680 stalls=3 skipped=127820 resets=0 ungets=2814 forwarded=800
             histogram [2,4) => 8, [4,8) => 6, [8,16) => 5, [16,32) => 9, [32,64) => 2, [64,128) => 2, [128,256) => 3, [256,512) => 5645
   Buffers: shared hit=1643 read=1346
 Settings: enable_bitmapscan = 'off', enable_seqscan = 'off', max_parallel_workers_per_gather = '0'
 Planning:
   Buffers: shared hit=78 read=22
 Planning Time: 1.751 ms
 Execution Time: 36.438 ms
(12 rows)

SET
SET
SET
SET
SET
                                             QUERY PLAN                                             
----------------------------------------------------------------------------------------------------
 Index Scan Backward using idx on public.t (actual rows=131072.00 loops=1)
   Output: a, b
   Index Cond: ((t.a >= '-15867'::integer) AND (t.a <= '-11772'::integer))
   Index Searches: 1
   Buffers: shared hit=3000
 Settings: enable_bitmapscan = 'off', enable_seqscan = 'off', max_parallel_workers_per_gather = '0'
 Planning:
   Buffers: shared hit=105
 Planning Time: 0.141 ms
 Execution Time: 5.332 ms
(10 rows)

