SET
SET
SET
SET
SET
                                                                 QUERY PLAN                                                                  
---------------------------------------------------------------------------------------------------------------------------------------------
 Index Scan Backward using idx on public.t (actual rows=262144.00 loops=1)
   Output: a, b
   Index Cond: ((t.a >= '-33270'::integer) AND (t.a <= '-25079'::integer))
   Index Searches: 1
   Prefetch: distance=270.885 count=11434 stalls=5 skipped=255724 resets=0 ungets=5658 forwarded=1607
             histogram [2,4) => 14, [4,8) => 14, [8,16) => 10, [16,32) => 7, [32,64) => 1, [64,128) => 2, [128,256) => 3, [256,512) => 11383
   Buffers: shared hit=3309 read=2689
 Settings: enable_bitmapscan = 'off', enable_seqscan = 'off', max_parallel_workers_per_gather = '0'
 Planning:
   Buffers: shared hit=78 read=22
 Planning Time: 1.827 ms
 Execution Time: 74.520 ms
(12 rows)

SET
SET
SET
SET
SET
                                             QUERY PLAN                                             
----------------------------------------------------------------------------------------------------
 Index Scan Backward using idx on public.t (actual rows=262144.00 loops=1)
   Output: a, b
   Index Cond: ((t.a >= '-33270'::integer) AND (t.a <= '-25079'::integer))
   Index Searches: 1
   Buffers: shared hit=6032
 Settings: enable_bitmapscan = 'off', enable_seqscan = 'off', max_parallel_workers_per_gather = '0'
 Planning:
   Buffers: shared hit=105
 Planning Time: 0.164 ms
 Execution Time: 9.777 ms
(10 rows)

