SET
SET
SET
SET
SET
                                                                QUERY PLAN                                                                
------------------------------------------------------------------------------------------------------------------------------------------
 Index Scan Backward using idx on public.t (actual rows=524288.00 loops=1)
   Output: a, b
   Index Cond: ((t.a >= '-23824'::integer) AND (t.a <= '-7441'::integer))
   Index Searches: 1
   Prefetch: distance=271.621 count=22937 stalls=4 skipped=511968 resets=0 ungets=11388 forwarded=3246
             histogram [2,4) => 6, [4,8) => 8, [8,16) => 6, [16,32) => 8, [32,64) => 2, [64,128) => 2, [128,256) => 3, [256,512) => 22902
   Buffers: shared hit=6604 read=5371
 Settings: enable_bitmapscan = 'off', enable_seqscan = 'off', max_parallel_workers_per_gather = '0'
 Planning:
   Buffers: shared hit=78 read=22
 Planning Time: 1.877 ms
 Execution Time: 144.507 ms
(12 rows)

SET
SET
SET
SET
SET
                                             QUERY PLAN                                             
----------------------------------------------------------------------------------------------------
 Index Scan Backward using idx on public.t (actual rows=524288.00 loops=1)
   Output: a, b
   Index Cond: ((t.a >= '-23824'::integer) AND (t.a <= '-7441'::integer))
   Index Searches: 1
   Buffers: shared hit=12040
 Settings: enable_bitmapscan = 'off', enable_seqscan = 'off', max_parallel_workers_per_gather = '0'
 Planning:
   Buffers: shared hit=105
 Planning Time: 0.168 ms
 Execution Time: 20.883 ms
(10 rows)

