SET
SET
SET
SET
SET
                                                                    QUERY PLAN                                                                    
--------------------------------------------------------------------------------------------------------------------------------------------------
 Index Scan using idx on public.t (actual rows=5048576.00 loops=1)
   Output: a, b
   Index Cond: ((t.a >= 21539) AND (t.a <= 1283682))
   Index Searches: 1
   Prefetch: distance=262.868 count=5419785 stalls=1 skipped=74860 resets=0 ungets=446089 forwarded=9305
             histogram [2,4) => 2, [4,8) => 7, [8,16) => 8, [16,32) => 11, [32,64) => 2, [64,128) => 2, [128,256) => 985839, [256,512) => 4433914
   Buffers: shared hit=4732829 read=248058
 Settings: enable_bitmapscan = 'off', enable_seqscan = 'off', max_parallel_workers_per_gather = '0'
 Planning:
   Buffers: shared hit=78 read=27
 Planning Time: 2.053 ms
 Execution Time: 1652.042 ms
(12 rows)

SET
SET
SET
SET
SET
                                             QUERY PLAN                                             
----------------------------------------------------------------------------------------------------
 Index Scan using idx on public.t (actual rows=5048576.00 loops=1)
   Output: a, b
   Index Cond: ((t.a >= 21539) AND (t.a <= 1283682))
   Index Searches: 1
   Buffers: shared hit=4981280
 Settings: enable_bitmapscan = 'off', enable_seqscan = 'off', max_parallel_workers_per_gather = '0'
 Planning:
   Buffers: shared hit=110
 Planning Time: 0.223 ms
 Execution Time: 794.058 ms
(10 rows)

