SET
SET
SET
SET
SET
                                                               QUERY PLAN                                                                
-----------------------------------------------------------------------------------------------------------------------------------------
 Index Scan Backward using idx on public.t (actual rows=8192.00 loops=1)
   Output: a, b
   Index Cond: ((t.a >= '-19643'::integer) AND (t.a <= '-19388'::integer))
   Index Searches: 1
   Prefetch: distance=238.741 count=290 stalls=1 skipped=7758 resets=0 ungets=128 forwarded=45
             histogram [2,4) => 8, [4,8) => 10, [8,16) => 6, [16,32) => 8, [32,64) => 3, [64,128) => 1, [128,256) => 3, [256,512) => 251
   Buffers: shared hit=94 read=89
 Settings: enable_bitmapscan = 'off', enable_seqscan = 'off', max_parallel_workers_per_gather = '0'
 Planning:
   Buffers: shared hit=78 read=22
 Planning Time: 1.439 ms
 Execution Time: 3.047 ms
(12 rows)

SET
SET
SET
SET
SET
                                             QUERY PLAN                                             
----------------------------------------------------------------------------------------------------
 Index Scan Backward using idx on public.t (actual rows=8192.00 loops=1)
   Output: a, b
   Index Cond: ((t.a >= '-19643'::integer) AND (t.a <= '-19388'::integer))
   Index Searches: 1
   Buffers: shared hit=184
 Settings: enable_bitmapscan = 'off', enable_seqscan = 'off', max_parallel_workers_per_gather = '0'
 Planning:
   Buffers: shared hit=105
 Planning Time: 0.153 ms
 Execution Time: 0.350 ms
(10 rows)

