SET
SET
SET
SET
SET
                                                               QUERY PLAN                                                               
----------------------------------------------------------------------------------------------------------------------------------------
 Index Scan Backward using idx on public.t (actual rows=16384.00 loops=1)
   Output: a, b
   Index Cond: ((t.a >= '-29846'::integer) AND (t.a <= '-29335'::integer))
   Index Searches: 1
   Prefetch: distance=257.964 count=636 stalls=1 skipped=15204 resets=0 ungets=302 forwarded=92
             histogram [2,4) => 6, [4,8) => 8, [8,16) => 6, [16,32) => 9, [32,64) => 2, [64,128) => 3, [128,256) => 1, [256,512) => 601
   Buffers: shared hit=196 read=172
 Settings: enable_bitmapscan = 'off', enable_seqscan = 'off', max_parallel_workers_per_gather = '0'
 Planning:
   Buffers: shared hit=78 read=22
 Planning Time: 1.305 ms
 Execution Time: 5.289 ms
(12 rows)

SET
SET
SET
SET
SET
                                             QUERY PLAN                                             
----------------------------------------------------------------------------------------------------
 Index Scan Backward using idx on public.t (actual rows=16384.00 loops=1)
   Output: a, b
   Index Cond: ((t.a >= '-29846'::integer) AND (t.a <= '-29335'::integer))
   Index Searches: 1
   Buffers: shared hit=369
 Settings: enable_bitmapscan = 'off', enable_seqscan = 'off', max_parallel_workers_per_gather = '0'
 Planning:
   Buffers: shared hit=105
 Planning Time: 0.166 ms
 Execution Time: 0.643 ms
(10 rows)

