SET
SET
SET
SET
SET
                                                                QUERY PLAN                                                                 
-------------------------------------------------------------------------------------------------------------------------------------------
 Index Scan Backward using idx on public.t (actual rows=7048576.00 loops=1)
   Output: a, b
   Index Cond: ((t.a >= '-229150'::integer) AND (t.a <= '-8883'::integer))
   Index Searches: 1
   Prefetch: distance=271.967 count=308974 stalls=3 skipped=6893035 resets=0 ungets=153600 forwarded=43215
             histogram [2,4) => 6, [4,8) => 7, [8,16) => 6, [16,32) => 9, [32,64) => 1, [64,128) => 2, [128,256) => 2, [256,512) => 308941
   Buffers: shared hit=88694 read=72172
 Settings: enable_bitmapscan = 'off', enable_seqscan = 'off', max_parallel_workers_per_gather = '0'
 Planning:
   Buffers: shared hit=78 read=22
 Planning Time: 1.958 ms
 Execution Time: 1915.011 ms
(12 rows)

SET
SET
SET
SET
SET
                                             QUERY PLAN                                             
----------------------------------------------------------------------------------------------------
 Index Scan Backward using idx on public.t (actual rows=7048576.00 loops=1)
   Output: a, b
   Index Cond: ((t.a >= '-229150'::integer) AND (t.a <= '-8883'::integer))
   Index Searches: 1
   Buffers: shared hit=161680
 Settings: enable_bitmapscan = 'off', enable_seqscan = 'off', max_parallel_workers_per_gather = '0'
 Planning:
   Buffers: shared hit=105
 Planning Time: 0.211 ms
 Execution Time: 277.552 ms
(10 rows)

