SET
SET
SET
SET
SET
                                                                 QUERY PLAN                                                                  
---------------------------------------------------------------------------------------------------------------------------------------------
 Index Scan Backward using idx on public.t (actual rows=6048576.00 loops=1)
   Output: a, b
   Index Cond: ((t.a >= '-202602'::integer) AND (t.a <= '-13585'::integer))
   Index Searches: 1
   Prefetch: distance=271.955 count=264836 stalls=2 skipped=5914652 resets=0 ungets=131649 forwarded=37029
             histogram [2,4) => 10, [4,8) => 10, [8,16) => 6, [16,32) => 8, [32,64) => 3, [64,128) => 1, [128,256) => 3, [256,512) => 264795
   Buffers: shared hit=76001 read=61933
 Settings: enable_bitmapscan = 'off', enable_seqscan = 'off', max_parallel_workers_per_gather = '0'
 Planning:
   Buffers: shared hit=78 read=22
 Planning Time: 1.803 ms
 Execution Time: 1644.202 ms
(12 rows)

SET
SET
SET
SET
SET
                                             QUERY PLAN                                             
----------------------------------------------------------------------------------------------------
 Index Scan Backward using idx on public.t (actual rows=6048576.00 loops=1)
   Output: a, b
   Index Cond: ((t.a >= '-202602'::integer) AND (t.a <= '-13585'::integer))
   Index Searches: 1
   Buffers: shared hit=138610
 Settings: enable_bitmapscan = 'off', enable_seqscan = 'off', max_parallel_workers_per_gather = '0'
 Planning:
   Buffers: shared hit=105
 Planning Time: 0.193 ms
 Execution Time: 238.829 ms
(10 rows)

