SET
SET
SET
SET
SET
                                                                  QUERY PLAN                                                                  
----------------------------------------------------------------------------------------------------------------------------------------------
 Index Scan Backward using idx on public.t (actual rows=4048576.00 loops=1)
   Output: a, b
   Index Cond: ((t.a >= '-158644'::integer) AND (t.a <= '-32127'::integer))
   Index Searches: 1
   Prefetch: distance=271.932 count=177132 stalls=2 skipped=3958730 resets=0 ungets=88055 forwarded=24751
             histogram [2,4) => 10, [4,8) => 13, [8,16) => 10, [16,32) => 5, [32,64) => 3, [64,128) => 1, [128,256) => 2, [256,512) => 177088
   Buffers: shared hit=50812 read=41456
 Settings: enable_bitmapscan = 'off', enable_seqscan = 'off', max_parallel_workers_per_gather = '0'
 Planning:
   Buffers: shared hit=78 read=22
 Planning Time: 1.827 ms
 Execution Time: 1100.793 ms
(12 rows)

SET
SET
SET
SET
SET
                                             QUERY PLAN                                             
----------------------------------------------------------------------------------------------------
 Index Scan Backward using idx on public.t (actual rows=4048576.00 loops=1)
   Output: a, b
   Index Cond: ((t.a >= '-158644'::integer) AND (t.a <= '-32127'::integer))
   Index Searches: 1
   Buffers: shared hit=92716
 Settings: enable_bitmapscan = 'off', enable_seqscan = 'off', max_parallel_workers_per_gather = '0'
 Planning:
   Buffers: shared hit=105
 Planning Time: 0.204 ms
 Execution Time: 158.540 ms
(10 rows)

