SET
SET
SET
SET
SET
                                                                QUERY PLAN                                                                 
-------------------------------------------------------------------------------------------------------------------------------------------
 Index Scan Backward using idx on public.t (actual rows=3048576.00 loops=1)
   Output: a, b
   Index Cond: ((t.a >= '-109911'::integer) AND (t.a <= '-14644'::integer))
   Index Searches: 1
   Prefetch: distance=271.940 count=133472 stalls=1 skipped=2981055 resets=0 ungets=66334 forwarded=18708
             histogram [2,4) => 2, [4,8) => 7, [8,16) => 6, [16,32) => 9, [32,64) => 1, [64,128) => 2, [128,256) => 2, [256,512) => 133443
   Buffers: shared hit=38298 read=31218
 Settings: enable_bitmapscan = 'off', enable_seqscan = 'off', max_parallel_workers_per_gather = '0'
 Planning:
   Buffers: shared hit=78 read=22
 Planning Time: 1.823 ms
 Execution Time: 828.223 ms
(12 rows)

SET
SET
SET
SET
SET
                                             QUERY PLAN                                             
----------------------------------------------------------------------------------------------------
 Index Scan Backward using idx on public.t (actual rows=3048576.00 loops=1)
   Output: a, b
   Index Cond: ((t.a >= '-109911'::integer) AND (t.a <= '-14644'::integer))
   Index Searches: 1
   Buffers: shared hit=69877
 Settings: enable_bitmapscan = 'off', enable_seqscan = 'off', max_parallel_workers_per_gather = '0'
 Planning:
   Buffers: shared hit=105
 Planning Time: 0.219 ms
 Execution Time: 120.194 ms
(10 rows)

