SET
SET
SET
SET
SET
                                                                QUERY PLAN                                                                 
-------------------------------------------------------------------------------------------------------------------------------------------
 Index Scan Backward using idx on public.t (actual rows=5048576.00 loops=1)
   Output: a, b
   Index Cond: ((t.a >= '-189496'::integer) AND (t.a <= '-31729'::integer))
   Index Searches: 1
   Prefetch: distance=271.958 count=221163 stalls=7 skipped=4937152 resets=0 ungets=109937 forwarded=30919
             histogram [2,4) => 8, [4,8) => 3, [8,16) => 5, [16,32) => 9, [32,64) => 2, [64,128) => 2, [128,256) => 2, [256,512) => 221132
   Buffers: shared hit=63467 read=51695
 Settings: enable_bitmapscan = 'off', enable_seqscan = 'off', max_parallel_workers_per_gather = '0'
 Planning:
   Buffers: shared hit=78 read=22
 Planning Time: 1.806 ms
 Execution Time: 1370.717 ms
(12 rows)

SET
SET
SET
SET
SET
                                             QUERY PLAN                                             
----------------------------------------------------------------------------------------------------
 Index Scan Backward using idx on public.t (actual rows=5048576.00 loops=1)
   Output: a, b
   Index Cond: ((t.a >= '-189496'::integer) AND (t.a <= '-31729'::integer))
   Index Searches: 1
   Buffers: shared hit=115752
 Settings: enable_bitmapscan = 'off', enable_seqscan = 'off', max_parallel_workers_per_gather = '0'
 Planning:
   Buffers: shared hit=105
 Planning Time: 0.236 ms
 Execution Time: 203.745 ms
(10 rows)

