SET
SET
SET
SET
SET
                                                                 QUERY PLAN                                                                  
---------------------------------------------------------------------------------------------------------------------------------------------
 Index Scan Backward using idx on public.t (actual rows=9048576.00 loops=1)
   Output: a, b
   Index Cond: ((t.a >= '-308898'::integer) AND (t.a <= '-26131'::integer))
   Index Searches: 1
   Prefetch: distance=271.966 count=396890 stalls=1 skipped=8848174 resets=0 ungets=197313 forwarded=55534
             histogram [2,4) => 12, [4,8) => 12, [8,16) => 6, [16,32) => 8, [32,64) => 2, [64,128) => 2, [128,256) => 2, [256,512) => 396846
   Buffers: shared hit=113988 read=92649
 Settings: enable_bitmapscan = 'off', enable_seqscan = 'off', max_parallel_workers_per_gather = '0'
 Planning:
   Buffers: shared hit=78 read=22
 Planning Time: 1.809 ms
 Execution Time: 2457.487 ms
(12 rows)

SET
SET
SET
SET
SET
                                             QUERY PLAN                                             
----------------------------------------------------------------------------------------------------
 Index Scan Backward using idx on public.t (actual rows=9048576.00 loops=1)
   Output: a, b
   Index Cond: ((t.a >= '-308898'::integer) AND (t.a <= '-26131'::integer))
   Index Searches: 1
   Buffers: shared hit=207676
 Settings: enable_bitmapscan = 'off', enable_seqscan = 'off', max_parallel_workers_per_gather = '0'
 Planning:
   Buffers: shared hit=105
 Planning Time: 0.188 ms
 Execution Time: 352.353 ms
(10 rows)

