SET
SET
SET
SET
SET
                                                                QUERY PLAN                                                                 
-------------------------------------------------------------------------------------------------------------------------------------------
 Index Scan using idx on public.t (actual rows=32768.00 loops=1)
   Output: a, b
   Index Cond: ((t.a >= '-7846'::integer) AND (t.a <= '-6823'::integer))
   Index Searches: 1
   Prefetch: distance=263.591 count=1241 stalls=2 skipped=31969 resets=0 ungets=539 forwarded=757
             histogram [2,4) => 2, [4,8) => 7, [8,16) => 15, [16,32) => 13, [32,64) => 1, [64,128) => 1, [128,256) => 6, [256,512) => 1196
   Buffers: shared hit=396 read=340
 Settings: enable_bitmapscan = 'off', enable_seqscan = 'off', max_parallel_workers_per_gather = '0'
 Planning:
   Buffers: shared hit=82 read=22
 Planning Time: 1.552 ms
 Execution Time: 3.735 ms
(12 rows)

SET
SET
SET
SET
SET
                                             QUERY PLAN                                             
----------------------------------------------------------------------------------------------------
 Index Scan using idx on public.t (actual rows=32768.00 loops=1)
   Output: a, b
   Index Cond: ((t.a >= '-7846'::integer) AND (t.a <= '-6823'::integer))
   Index Searches: 1
   Buffers: shared hit=742
 Settings: enable_bitmapscan = 'off', enable_seqscan = 'off', max_parallel_workers_per_gather = '0'
 Planning:
   Buffers: shared hit=109
 Planning Time: 0.127 ms
 Execution Time: 1.216 ms
(10 rows)

