SET
SET
SET
SET
SET
                                                                 QUERY PLAN                                                                  
---------------------------------------------------------------------------------------------------------------------------------------------
 Index Scan using idx on public.t (actual rows=131072.00 loops=1)
   Output: a, b
   Index Cond: ((t.a >= '-32902'::integer) AND (t.a <= '-28807'::integer))
   Index Searches: 1
   Prefetch: distance=268.648 count=4998 stalls=8 skipped=127158 resets=0 ungets=2179 forwarded=3013
             histogram [2,4) => 12, [4,8) => 26, [8,16) => 13, [16,32) => 11, [32,64) => 1, [64,128) => 1, [128,256) => 4, [256,512) => 4930
   Buffers: shared hit=1582 read=1347
 Settings: enable_bitmapscan = 'off', enable_seqscan = 'off', max_parallel_workers_per_gather = '0'
 Planning:
   Buffers: shared hit=82 read=22
 Planning Time: 1.824 ms
 Execution Time: 10.700 ms
(12 rows)

SET
SET
SET
SET
SET
                                             QUERY PLAN                                             
----------------------------------------------------------------------------------------------------
 Index Scan using idx on public.t (actual rows=131072.00 loops=1)
   Output: a, b
   Index Cond: ((t.a >= '-32902'::integer) AND (t.a <= '-28807'::integer))
   Index Searches: 1
   Buffers: shared hit=2970
 Settings: enable_bitmapscan = 'off', enable_seqscan = 'off', max_parallel_workers_per_gather = '0'
 Planning:
   Buffers: shared hit=109
 Planning Time: 0.141 ms
 Execution Time: 5.040 ms
(10 rows)

