SET
SET
SET
SET
SET
                                                                 QUERY PLAN                                                                 
--------------------------------------------------------------------------------------------------------------------------------------------
 Index Scan using idx on public.t (actual rows=524288.00 loops=1)
   Output: a, b
   Index Cond: ((t.a >= '-43685'::integer) AND (t.a <= '-27302'::integer))
   Index Searches: 1
   Prefetch: distance=271.401 count=20740 stalls=3 skipped=511598 resets=0 ungets=9172 forwarded=12391
             histogram [2,4) => 4, [4,8) => 13, [8,16) => 8, [16,32) => 10, [32,64) => 8, [64,128) => 6, [128,256) => 1, [256,512) => 20690
   Buffers: shared hit=6546 read=5372
 Settings: enable_bitmapscan = 'off', enable_seqscan = 'off', max_parallel_workers_per_gather = '0'
 Planning:
   Buffers: shared hit=82 read=22
 Planning Time: 1.817 ms
 Execution Time: 37.045 ms
(12 rows)

SET
SET
SET
SET
SET
                                             QUERY PLAN                                             
----------------------------------------------------------------------------------------------------
 Index Scan using idx on public.t (actual rows=524288.00 loops=1)
   Output: a, b
   Index Cond: ((t.a >= '-43685'::integer) AND (t.a <= '-27302'::integer))
   Index Searches: 1
   Buffers: shared hit=12064
 Settings: enable_bitmapscan = 'off', enable_seqscan = 'off', max_parallel_workers_per_gather = '0'
 Planning:
   Buffers: shared hit=109
 Planning Time: 0.195 ms
 Execution Time: 21.697 ms
(10 rows)

