SET
SET
SET
SET
SET
                                               QUERY PLAN                                               
--------------------------------------------------------------------------------------------------------
 Index Scan using idx on public.t (actual rows=4096.00 loops=1)
   Output: a, b
   Index Cond: ((t.a >= '-16605'::integer) AND (t.a <= '-16478'::integer))
   Index Searches: 1
   Prefetch: distance=11.175 count=80 stalls=3 skipped=3759 resets=0 ungets=1 forwarded=16
             histogram [2,4) => 5, [4,8) => 49, [8,16) => 8, [16,32) => 11, [32,64) => 3, [64,128) => 4
   Buffers: shared hit=52 read=46
 Settings: enable_bitmapscan = 'off', enable_seqscan = 'off', max_parallel_workers_per_gather = '0'
 Planning:
   Buffers: shared hit=82 read=22
 Planning Time: 1.307 ms
 Execution Time: 1.228 ms
(12 rows)

SET
SET
SET
SET
SET
                                             QUERY PLAN                                             
----------------------------------------------------------------------------------------------------
 Index Scan using idx on public.t (actual rows=4096.00 loops=1)
   Output: a, b
   Index Cond: ((t.a >= '-16605'::integer) AND (t.a <= '-16478'::integer))
   Index Searches: 1
   Buffers: shared hit=98
 Settings: enable_bitmapscan = 'off', enable_seqscan = 'off', max_parallel_workers_per_gather = '0'
 Planning:
   Buffers: shared hit=109
 Planning Time: 0.181 ms
 Execution Time: 0.225 ms
(10 rows)

