SET
SET
SET
SET
SET
                                                                 QUERY PLAN                                                                 
--------------------------------------------------------------------------------------------------------------------------------------------
 Index Scan using idx on public.t (actual rows=16384.00 loops=1)
   Output: a, b
   Index Cond: ((t.a >= '-12459'::integer) AND (t.a <= '-11948'::integer))
   Index Searches: 1
   Prefetch: distance=241.826 count=546 stalls=7 skipped=15309 resets=0 ungets=213 forwarded=319
             histogram [2,4) => 10, [4,8) => 27, [8,16) => 13, [16,32) => 11, [32,64) => 1, [64,128) => 1, [128,256) => 4, [256,512) => 479
   Buffers: shared hit=198 read=172
 Settings: enable_bitmapscan = 'off', enable_seqscan = 'off', max_parallel_workers_per_gather = '0'
 Planning:
   Buffers: shared hit=82 read=22
 Planning Time: 1.308 ms
 Execution Time: 2.247 ms
(12 rows)

SET
SET
SET
SET
SET
                                             QUERY PLAN                                             
----------------------------------------------------------------------------------------------------
 Index Scan using idx on public.t (actual rows=16384.00 loops=1)
   Output: a, b
   Index Cond: ((t.a >= '-12459'::integer) AND (t.a <= '-11948'::integer))
   Index Searches: 1
   Buffers: shared hit=373
 Settings: enable_bitmapscan = 'off', enable_seqscan = 'off', max_parallel_workers_per_gather = '0'
 Planning:
   Buffers: shared hit=109
 Planning Time: 0.137 ms
 Execution Time: 0.796 ms
(10 rows)

