SET
SET
SET
SET
SET
                                                                QUERY PLAN                                                                 
-------------------------------------------------------------------------------------------------------------------------------------------
 Index Scan using idx on public.t (actual rows=65536.00 loops=1)
   Output: a, b
   Index Cond: ((t.a >= '-14578'::integer) AND (t.a <= '-12531'::integer))
   Index Searches: 1
   Prefetch: distance=262.039 count=2507 stalls=4 skipped=62984 resets=0 ungets=1078 forwarded=1456
             histogram [2,4) => 9, [4,8) => 53, [8,16) => 16, [16,32) => 9, [32,64) => 4, [64,128) => 7, [128,256) => 1, [256,512) => 2408
   Buffers: shared hit=824 read=675
 Settings: enable_bitmapscan = 'off', enable_seqscan = 'off', max_parallel_workers_per_gather = '0'
 Planning:
   Buffers: shared hit=82 read=22
 Planning Time: 1.825 ms
 Execution Time: 6.336 ms
(12 rows)

SET
SET
SET
SET
SET
                                             QUERY PLAN                                             
----------------------------------------------------------------------------------------------------
 Index Scan using idx on public.t (actual rows=65536.00 loops=1)
   Output: a, b
   Index Cond: ((t.a >= '-14578'::integer) AND (t.a <= '-12531'::integer))
   Index Searches: 1
   Buffers: shared hit=1522
 Settings: enable_bitmapscan = 'off', enable_seqscan = 'off', max_parallel_workers_per_gather = '0'
 Planning:
   Buffers: shared hit=109
 Planning Time: 0.161 ms
 Execution Time: 2.757 ms
(10 rows)

