SET
SET
SET
SET
SET
                                                                 QUERY PLAN                                                                  
---------------------------------------------------------------------------------------------------------------------------------------------
 Index Scan using idx on public.t (actual rows=262144.00 loops=1)
   Output: a, b
   Index Cond: ((t.a >= '-10142'::integer) AND (t.a <= '-1951'::integer))
   Index Searches: 1
   Prefetch: distance=270.886 count=10535 stalls=3 skipped=255952 resets=0 ungets=4697 forwarded=6211
             histogram [2,4) => 2, [4,8) => 16, [8,16) => 12, [16,32) => 10, [32,64) => 4, [64,128) => 1, [128,256) => 4, [256,512) => 10486
   Buffers: shared hit=3348 read=2687
 Settings: enable_bitmapscan = 'off', enable_seqscan = 'off', max_parallel_workers_per_gather = '0'
 Planning:
   Buffers: shared hit=82 read=26
 Planning Time: 2.080 ms
 Execution Time: 18.972 ms
(12 rows)

SET
SET
SET
SET
SET
                                             QUERY PLAN                                             
----------------------------------------------------------------------------------------------------
 Index Scan using idx on public.t (actual rows=262144.00 loops=1)
   Output: a, b
   Index Cond: ((t.a >= '-10142'::integer) AND (t.a <= '-1951'::integer))
   Index Searches: 1
   Buffers: shared hit=6087
 Settings: enable_bitmapscan = 'off', enable_seqscan = 'off', max_parallel_workers_per_gather = '0'
 Planning:
   Buffers: shared hit=113
 Planning Time: 0.205 ms
 Execution Time: 11.601 ms
(10 rows)

