SET
SET
SET
SET
SET
                                             QUERY PLAN                                             
----------------------------------------------------------------------------------------------------
 Index Scan using idx on public.t (actual rows=2048.00 loops=1)
   Output: a, b
   Index Cond: ((t.a >= '-26671'::integer) AND (t.a <= '-26608'::integer))
   Index Searches: 1
   Prefetch: distance=2.909 count=22 stalls=6 skipped=1125 resets=0 ungets=0 forwarded=0
             histogram [2,4) => 12, [4,8) => 10
   Buffers: shared hit=25 read=25
 Settings: enable_bitmapscan = 'off', enable_seqscan = 'off', max_parallel_workers_per_gather = '0'
 Planning:
   Buffers: shared hit=82 read=22
 Planning Time: 1.376 ms
 Execution Time: 0.909 ms
(12 rows)

SET
SET
SET
SET
SET
                                             QUERY PLAN                                             
----------------------------------------------------------------------------------------------------
 Index Scan using idx on public.t (actual rows=2048.00 loops=1)
   Output: a, b
   Index Cond: ((t.a >= '-26671'::integer) AND (t.a <= '-26608'::integer))
   Index Searches: 1
   Buffers: shared hit=50
 Settings: enable_bitmapscan = 'off', enable_seqscan = 'off', max_parallel_workers_per_gather = '0'
 Planning:
   Buffers: shared hit=109
 Planning Time: 0.121 ms
 Execution Time: 0.100 ms
(10 rows)

