SET
SET
SET
SET
SET
                                                                  QUERY PLAN                                                                   
-----------------------------------------------------------------------------------------------------------------------------------------------
 Index Scan using idx on public.t (actual rows=3048576.00 loops=1)
   Output: a, b
   Index Cond: ((t.a >= '-96137'::integer) AND (t.a <= '-870'::integer))
   Index Searches: 1
   Prefetch: distance=271.888 count=120893 stalls=4 skipped=2980997 resets=0 ungets=53541 forwarded=72122
             histogram [2,4) => 11, [4,8) => 15, [8,16) => 13, [16,32) => 10, [32,64) => 1, [64,128) => 1, [128,256) => 4, [256,512) => 120838
   Buffers: shared hit=37976 read=31216
 Settings: enable_bitmapscan = 'off', enable_seqscan = 'off', max_parallel_workers_per_gather = '0'
 Planning:
   Buffers: shared hit=82 read=26
 Planning Time: 2.062 ms
 Execution Time: 192.914 ms
(12 rows)

SET
SET
SET
SET
SET
                                             QUERY PLAN                                             
----------------------------------------------------------------------------------------------------
 Index Scan using idx on public.t (actual rows=3048576.00 loops=1)
   Output: a, b
   Index Cond: ((t.a >= '-96137'::integer) AND (t.a <= '-870'::integer))
   Index Searches: 1
   Buffers: shared hit=70087
 Settings: enable_bitmapscan = 'off', enable_seqscan = 'off', max_parallel_workers_per_gather = '0'
 Planning:
   Buffers: shared hit=113
 Planning Time: 0.192 ms
 Execution Time: 130.940 ms
(10 rows)

