SET
SET
SET
SET
SET
                                                                  QUERY PLAN                                                                  
----------------------------------------------------------------------------------------------------------------------------------------------
 Index Scan using idx on public.t (actual rows=6048576.00 loops=1)
   Output: a, b
   Index Cond: ((t.a >= '-220947'::integer) AND (t.a <= '-31930'::integer))
   Index Searches: 1
   Prefetch: distance=271.929 count=238790 stalls=3 skipped=5914395 resets=0 ungets=105482 forwarded=142436
             histogram [2,4) => 9, [4,8) => 17, [8,16) => 16, [16,32) => 16, [32,64) => 5, [64,128) => 1, [128,256) => 1, [256,512) => 238725
   Buffers: shared hit=75016 read=61933
 Settings: enable_bitmapscan = 'off', enable_seqscan = 'off', max_parallel_workers_per_gather = '0'
 Planning:
   Buffers: shared hit=82 read=22
 Planning Time: 1.813 ms
 Execution Time: 385.684 ms
(12 rows)

SET
SET
SET
SET
SET
                                             QUERY PLAN                                             
----------------------------------------------------------------------------------------------------
 Index Scan using idx on public.t (actual rows=6048576.00 loops=1)
   Output: a, b
   Index Cond: ((t.a >= '-220947'::integer) AND (t.a <= '-31930'::integer))
   Index Searches: 1
   Buffers: shared hit=138736
 Settings: enable_bitmapscan = 'off', enable_seqscan = 'off', max_parallel_workers_per_gather = '0'
 Planning:
   Buffers: shared hit=109
 Planning Time: 0.193 ms
 Execution Time: 245.480 ms
(10 rows)

