SET
SET
SET
SET
SET
                                                                 QUERY PLAN                                                                 
--------------------------------------------------------------------------------------------------------------------------------------------
 Index Scan using idx on public.t (actual rows=2048576.00 loops=1)
   Output: a, b
   Index Cond: ((t.a >= '-74921'::integer) AND (t.a <= '-10904'::integer))
   Index Searches: 1
   Prefetch: distance=271.805 count=81109 stalls=1 skipped=2002834 resets=0 ungets=35933 forwarded=48480
             histogram [2,4) => 2, [4,8) => 30, [8,16) => 6, [16,32) => 9, [32,64) => 10, [64,128) => 1, [128,256) => 4, [256,512) => 81047
   Buffers: shared hit=25513 read=20979
 Settings: enable_bitmapscan = 'off', enable_seqscan = 'off', max_parallel_workers_per_gather = '0'
 Planning:
   Buffers: shared hit=82 read=22
 Planning Time: 1.829 ms
 Execution Time: 131.698 ms
(12 rows)

SET
SET
SET
SET
SET
                                             QUERY PLAN                                             
----------------------------------------------------------------------------------------------------
 Index Scan using idx on public.t (actual rows=2048576.00 loops=1)
   Output: a, b
   Index Cond: ((t.a >= '-74921'::integer) AND (t.a <= '-10904'::integer))
   Index Searches: 1
   Buffers: shared hit=47023
 Settings: enable_bitmapscan = 'off', enable_seqscan = 'off', max_parallel_workers_per_gather = '0'
 Planning:
   Buffers: shared hit=109
 Planning Time: 0.171 ms
 Execution Time: 82.135 ms
(10 rows)

