SET
SET
SET
SET
SET
                                                                  QUERY PLAN                                                                  
----------------------------------------------------------------------------------------------------------------------------------------------
 Index Scan using idx on public.t (actual rows=7048576.00 loops=1)
   Output: a, b
   Index Cond: ((t.a >= '-238642'::integer) AND (t.a <= '-18375'::integer))
   Index Searches: 1
   Prefetch: distance=271.957 count=277512 stalls=2 skipped=6893138 resets=0 ungets=122147 forwarded=164832
             histogram [2,4) => 4, [4,8) => 10, [8,16) => 13, [16,32) => 12, [32,64) => 1, [64,128) => 4, [128,256) => 1, [256,512) => 277467
   Buffers: shared hit=87090 read=72172
 Settings: enable_bitmapscan = 'off', enable_seqscan = 'off', max_parallel_workers_per_gather = '0'
 Planning:
   Buffers: shared hit=82 read=22
 Planning Time: 1.818 ms
 Execution Time: 434.157 ms
(12 rows)

SET
SET
SET
SET
SET
                                             QUERY PLAN                                             
----------------------------------------------------------------------------------------------------
 Index Scan using idx on public.t (actual rows=7048576.00 loops=1)
   Output: a, b
   Index Cond: ((t.a >= '-238642'::integer) AND (t.a <= '-18375'::integer))
   Index Searches: 1
   Buffers: shared hit=161667
 Settings: enable_bitmapscan = 'off', enable_seqscan = 'off', max_parallel_workers_per_gather = '0'
 Planning:
   Buffers: shared hit=109
 Planning Time: 0.197 ms
 Execution Time: 276.985 ms
(10 rows)

