SET
SET
SET
SET
SET
                                                                  QUERY PLAN                                                                  
----------------------------------------------------------------------------------------------------------------------------------------------
 Index Scan using idx on public.t (actual rows=4048576.00 loops=1)
   Output: a, b
   Index Cond: ((t.a >= '-138702'::integer) AND (t.a <= '-12185'::integer))
   Index Searches: 1
   Prefetch: distance=271.912 count=158678 stalls=5 skipped=3958559 resets=0 ungets=69657 forwarded=94430
             histogram [2,4) => 8, [4,8) => 13, [8,16) => 15, [16,32) => 14, [32,64) => 1, [64,128) => 1, [128,256) => 5, [256,512) => 158621
   Buffers: shared hit=49701 read=41456
 Settings: enable_bitmapscan = 'off', enable_seqscan = 'off', max_parallel_workers_per_gather = '0'
 Planning:
   Buffers: shared hit=82 read=22
 Planning Time: 1.823 ms
 Execution Time: 256.310 ms
(12 rows)

SET
SET
SET
SET
SET
                                             QUERY PLAN                                             
----------------------------------------------------------------------------------------------------
 Index Scan using idx on public.t (actual rows=4048576.00 loops=1)
   Output: a, b
   Index Cond: ((t.a >= '-138702'::integer) AND (t.a <= '-12185'::integer))
   Index Searches: 1
   Buffers: shared hit=92664
 Settings: enable_bitmapscan = 'off', enable_seqscan = 'off', max_parallel_workers_per_gather = '0'
 Planning:
   Buffers: shared hit=109
 Planning Time: 0.189 ms
 Execution Time: 162.659 ms
(10 rows)

