SET
SET
SET
SET
SET
                                             QUERY PLAN                                             
----------------------------------------------------------------------------------------------------
 Index Scan using idx on public.t (actual rows=64.00 loops=1)
   Output: a, b
   Index Cond: ((t.a >= '-7427'::integer) AND (t.a <= '-7426'::integer))
   Index Searches: 1
   Buffers: shared hit=3 read=5
 Settings: enable_bitmapscan = 'off', enable_seqscan = 'off', max_parallel_workers_per_gather = '0'
 Planning:
   Buffers: shared hit=82 read=22
 Planning Time: 1.303 ms
 Execution Time: 0.473 ms
(10 rows)

SET
SET
SET
SET
SET
                                             QUERY PLAN                                             
----------------------------------------------------------------------------------------------------
 Index Scan using idx on public.t (actual rows=64.00 loops=1)
   Output: a, b
   Index Cond: ((t.a >= '-7427'::integer) AND (t.a <= '-7426'::integer))
   Index Searches: 1
   Buffers: shared hit=8
 Settings: enable_bitmapscan = 'off', enable_seqscan = 'off', max_parallel_workers_per_gather = '0'
 Planning:
   Buffers: shared hit=109
 Planning Time: 0.138 ms
 Execution Time: 0.025 ms
(10 rows)

