SET
SET
SET
SET
SET
                                                                 QUERY PLAN                                                                 
--------------------------------------------------------------------------------------------------------------------------------------------
 Index Scan using idx on public.t (actual rows=131072.00 loops=1)
   Output: a, b
   Index Cond: ((t.a >= '-35989'::integer) AND (t.a <= '-31894'::integer))
   Index Searches: 1
   Prefetch: distance=268.804 count=5124 stalls=1 skipped=127236 resets=0 ungets=2241 forwarded=3051
             histogram [2,4) => 2, [4,8) => 29, [8,16) => 10, [16,32) => 16, [32,64) => 3, [64,128) => 1, [128,256) => 6, [256,512) => 5057
   Buffers: shared hit=1645 read=1346
 Settings: enable_bitmapscan = 'off', enable_seqscan = 'off', max_parallel_workers_per_gather = '0'
 Planning:
   Buffers: shared hit=82 read=22
 Planning Time: 1.815 ms
 Execution Time: 10.534 ms
(12 rows)

SET
SET
SET
SET
SET
                                             QUERY PLAN                                             
----------------------------------------------------------------------------------------------------
 Index Scan using idx on public.t (actual rows=131072.00 loops=1)
   Output: a, b
   Index Cond: ((t.a >= '-35989'::integer) AND (t.a <= '-31894'::integer))
   Index Searches: 1
   Buffers: shared hit=3025
 Settings: enable_bitmapscan = 'off', enable_seqscan = 'off', max_parallel_workers_per_gather = '0'
 Planning:
   Buffers: shared hit=109
 Planning Time: 0.181 ms
 Execution Time: 5.481 ms
(10 rows)

