SET
SET
SET
SET
SET
                                                                QUERY PLAN                                                                
------------------------------------------------------------------------------------------------------------------------------------------
 Index Scan using idx on public.t (actual rows=32768.00 loops=1)
   Output: a, b
   Index Cond: ((t.a >= '-20327'::integer) AND (t.a <= '-19304'::integer))
   Index Searches: 1
   Prefetch: distance=263.633 count=1205 stalls=4 skipped=31529 resets=0 ungets=513 forwarded=727
             histogram [2,4) => 4, [4,8) => 7, [8,16) => 6, [16,32) => 9, [32,64) => 10, [64,128) => 3, [128,256) => 1, [256,512) => 1165
   Buffers: shared hit=390 read=340
 Settings: enable_bitmapscan = 'off', enable_seqscan = 'off', max_parallel_workers_per_gather = '0'
 Planning:
   Buffers: shared hit=82 read=22
 Planning Time: 1.835 ms
 Execution Time: 3.610 ms
(12 rows)

SET
SET
SET
SET
SET
                                             QUERY PLAN                                             
----------------------------------------------------------------------------------------------------
 Index Scan using idx on public.t (actual rows=32768.00 loops=1)
   Output: a, b
   Index Cond: ((t.a >= '-20327'::integer) AND (t.a <= '-19304'::integer))
   Index Searches: 1
   Buffers: shared hit=744
 Settings: enable_bitmapscan = 'off', enable_seqscan = 'off', max_parallel_workers_per_gather = '0'
 Planning:
   Buffers: shared hit=109
 Planning Time: 0.142 ms
 Execution Time: 1.195 ms
(10 rows)

