SET
SET
SET
SET
SET
                                                               QUERY PLAN                                                                
-----------------------------------------------------------------------------------------------------------------------------------------
 Index Scan using idx on public.t (actual rows=4096.00 loops=1)
   Output: a, b
   Index Cond: ((t.a >= '-11492'::integer) AND (t.a <= '-11365'::integer))
   Index Searches: 1
   Prefetch: distance=195.446 count=130 stalls=1 skipped=3642 resets=0 ungets=42 forwarded=73
             histogram [2,4) => 2, [4,8) => 7, [8,16) => 13, [16,32) => 12, [32,64) => 4, [64,128) => 1, [128,256) => 1, [256,512) => 90
   Buffers: shared hit=59 read=47
 Settings: enable_bitmapscan = 'off', enable_seqscan = 'off', max_parallel_workers_per_gather = '0'
 Planning:
   Buffers: shared hit=82 read=22
 Planning Time: 1.294 ms
 Execution Time: 1.176 ms
(12 rows)

SET
SET
SET
SET
SET
                                             QUERY PLAN                                             
----------------------------------------------------------------------------------------------------
 Index Scan using idx on public.t (actual rows=4096.00 loops=1)
   Output: a, b
   Index Cond: ((t.a >= '-11492'::integer) AND (t.a <= '-11365'::integer))
   Index Searches: 1
   Buffers: shared hit=106
 Settings: enable_bitmapscan = 'off', enable_seqscan = 'off', max_parallel_workers_per_gather = '0'
 Planning:
   Buffers: shared hit=109
 Planning Time: 0.136 ms
 Execution Time: 0.186 ms
(10 rows)

