SET
SET
SET
SET
SET
                                                                QUERY PLAN                                                                 
-------------------------------------------------------------------------------------------------------------------------------------------
 Index Scan using idx on public.t (actual rows=16384.00 loops=1)
   Output: a, b
   Index Cond: ((t.a >= '-15998'::integer) AND (t.a <= '-15487'::integer))
   Index Searches: 1
   Prefetch: distance=246.865 count=593 stalls=8 skipped=15323 resets=0 ungets=243 forwarded=331
             histogram [2,4) => 18, [4,8) => 12, [8,16) => 14, [16,32) => 9, [32,64) => 1, [64,128) => 5, [128,256) => 1, [256,512) => 533
   Buffers: shared hit=215 read=172
 Settings: enable_bitmapscan = 'off', enable_seqscan = 'off', max_parallel_workers_per_gather = '0'
 Planning:
   Buffers: shared hit=82 read=22
 Planning Time: 1.583 ms
 Execution Time: 2.606 ms
(12 rows)

SET
SET
SET
SET
SET
                                             QUERY PLAN                                             
----------------------------------------------------------------------------------------------------
 Index Scan using idx on public.t (actual rows=16384.00 loops=1)
   Output: a, b
   Index Cond: ((t.a >= '-15998'::integer) AND (t.a <= '-15487'::integer))
   Index Searches: 1
   Buffers: shared hit=392
 Settings: enable_bitmapscan = 'off', enable_seqscan = 'off', max_parallel_workers_per_gather = '0'
 Planning:
   Buffers: shared hit=109
 Planning Time: 0.155 ms
 Execution Time: 0.640 ms
(10 rows)

