SET
SET
SET
SET
SET
                                                                  QUERY PLAN                                                                  
----------------------------------------------------------------------------------------------------------------------------------------------
 Index Scan using idx on public.t (actual rows=65536.00 loops=1)
   Output: a, b
   Index Cond: ((t.a >= '-25966'::integer) AND (t.a <= '-23919'::integer))
   Index Searches: 1
   Prefetch: distance=262.462 count=2584 stalls=13 skipped=63322 resets=0 ungets=1118 forwarded=1470
             histogram [2,4) => 23, [4,8) => 33, [8,16) => 13, [16,32) => 12, [32,64) => 11, [64,128) => 1, [128,256) => 5, [256,512) => 2486
   Buffers: shared hit=863 read=674
 Settings: enable_bitmapscan = 'off', enable_seqscan = 'off', max_parallel_workers_per_gather = '0'
 Planning:
   Buffers: shared hit=82 read=22
 Planning Time: 1.809 ms
 Execution Time: 6.130 ms
(12 rows)

SET
SET
SET
SET
SET
                                             QUERY PLAN                                             
----------------------------------------------------------------------------------------------------
 Index Scan using idx on public.t (actual rows=65536.00 loops=1)
   Output: a, b
   Index Cond: ((t.a >= '-25966'::integer) AND (t.a <= '-23919'::integer))
   Index Searches: 1
   Buffers: shared hit=1557
 Settings: enable_bitmapscan = 'off', enable_seqscan = 'off', max_parallel_workers_per_gather = '0'
 Planning:
   Buffers: shared hit=109
 Planning Time: 0.147 ms
 Execution Time: 2.647 ms
(10 rows)

