SET
SET
SET
SET
SET
                                                                  QUERY PLAN                                                                  
----------------------------------------------------------------------------------------------------------------------------------------------
 Index Scan using idx on public.t (actual rows=6048576.00 loops=1)
   Output: a, b
   Index Cond: ((t.a >= '-189688'::integer) AND (t.a <= '-671'::integer))
   Index Searches: 1
   Prefetch: distance=271.945 count=238567 stalls=2 skipped=5914215 resets=0 ungets=105231 forwarded=141878
             histogram [2,4) => 4, [4,8) => 15, [8,16) => 10, [16,32) => 11, [32,64) => 3, [64,128) => 4, [128,256) => 4, [256,512) => 238516
   Buffers: shared hit=74922 read=61931
 Settings: enable_bitmapscan = 'off', enable_seqscan = 'off', max_parallel_workers_per_gather = '0'
 Planning:
   Buffers: shared hit=82 read=26
 Planning Time: 2.096 ms
 Execution Time: 383.345 ms
(12 rows)

SET
SET
SET
SET
SET
                                             QUERY PLAN                                             
----------------------------------------------------------------------------------------------------
 Index Scan using idx on public.t (actual rows=6048576.00 loops=1)
   Output: a, b
   Index Cond: ((t.a >= '-189688'::integer) AND (t.a <= '-671'::integer))
   Index Searches: 1
   Buffers: shared hit=138765
 Settings: enable_bitmapscan = 'off', enable_seqscan = 'off', max_parallel_workers_per_gather = '0'
 Planning:
   Buffers: shared hit=113
 Planning Time: 0.188 ms
 Execution Time: 260.195 ms
(10 rows)

