SET
SET
SET
SET
SET
                                                                  QUERY PLAN                                                                  
----------------------------------------------------------------------------------------------------------------------------------------------
 Index Scan using idx on public.t (actual rows=5048576.00 loops=1)
   Output: a, b
   Index Cond: ((t.a >= '-189014'::integer) AND (t.a <= '-31247'::integer))
   Index Searches: 1
   Prefetch: distance=271.901 count=198642 stalls=1 skipped=4936989 resets=0 ungets=87419 forwarded=118086
             histogram [2,4) => 2, [4,8) => 26, [8,16) => 25, [16,32) => 17, [32,64) => 1, [64,128) => 1, [128,256) => 5, [256,512) => 198565
   Buffers: shared hit=62360 read=51695
 Settings: enable_bitmapscan = 'off', enable_seqscan = 'off', max_parallel_workers_per_gather = '0'
 Planning:
   Buffers: shared hit=82 read=22
 Planning Time: 1.845 ms
 Execution Time: 317.903 ms
(12 rows)

SET
SET
SET
SET
SET
                                             QUERY PLAN                                             
----------------------------------------------------------------------------------------------------
 Index Scan using idx on public.t (actual rows=5048576.00 loops=1)
   Output: a, b
   Index Cond: ((t.a >= '-189014'::integer) AND (t.a <= '-31247'::integer))
   Index Searches: 1
   Buffers: shared hit=115745
 Settings: enable_bitmapscan = 'off', enable_seqscan = 'off', max_parallel_workers_per_gather = '0'
 Planning:
   Buffers: shared hit=109
 Planning Time: 0.198 ms
 Execution Time: 205.822 ms
(10 rows)

