SET
SET
SET
SET
SET
                                                                  QUERY PLAN                                                                  
----------------------------------------------------------------------------------------------------------------------------------------------
 Index Scan using idx on public.t (actual rows=3048576.00 loops=1)
   Output: a, b
   Index Cond: ((t.a >= '-98274'::integer) AND (t.a <= '-3007'::integer))
   Index Searches: 1
   Prefetch: distance=271.871 count=120133 stalls=6 skipped=2981092 resets=0 ungets=52814 forwarded=71163
             histogram [2,4) => 10, [4,8) => 21, [8,16) => 9, [16,32) => 12, [32,64) => 5, [64,128) => 1, [128,256) => 1, [256,512) => 120074
   Buffers: shared hit=37710 read=31216
 Settings: enable_bitmapscan = 'off', enable_seqscan = 'off', max_parallel_workers_per_gather = '0'
 Planning:
   Buffers: shared hit=82 read=26
 Planning Time: 2.083 ms
 Execution Time: 188.753 ms
(12 rows)

SET
SET
SET
SET
SET
                                             QUERY PLAN                                             
----------------------------------------------------------------------------------------------------
 Index Scan using idx on public.t (actual rows=3048576.00 loops=1)
   Output: a, b
   Index Cond: ((t.a >= '-98274'::integer) AND (t.a <= '-3007'::integer))
   Index Searches: 1
   Buffers: shared hit=70055
 Settings: enable_bitmapscan = 'off', enable_seqscan = 'off', max_parallel_workers_per_gather = '0'
 Planning:
   Buffers: shared hit=113
 Planning Time: 0.187 ms
 Execution Time: 128.726 ms
(10 rows)

