SET
SET
SET
SET
SET
                                                                 QUERY PLAN                                                                 
--------------------------------------------------------------------------------------------------------------------------------------------
 Index Scan using idx on public.t (actual rows=262144.00 loops=1)
   Output: a, b
   Index Cond: ((t.a >= '-38127'::integer) AND (t.a <= '-29936'::integer))
   Index Searches: 1
   Prefetch: distance=271.013 count=10330 stalls=1 skipped=255565 resets=0 ungets=4551 forwarded=6156
             histogram [2,4) => 2, [4,8) => 13, [8,16) => 13, [16,32) => 9, [32,64) => 1, [64,128) => 1, [128,256) => 7, [256,512) => 10284
   Buffers: shared hit=3263 read=2689
 Settings: enable_bitmapscan = 'off', enable_seqscan = 'off', max_parallel_workers_per_gather = '0'
 Planning:
   Buffers: shared hit=82 read=22
 Planning Time: 1.815 ms
 Execution Time: 19.381 ms
(12 rows)

SET
SET
SET
SET
SET
                                             QUERY PLAN                                             
----------------------------------------------------------------------------------------------------
 Index Scan using idx on public.t (actual rows=262144.00 loops=1)
   Output: a, b
   Index Cond: ((t.a >= '-38127'::integer) AND (t.a <= '-29936'::integer))
   Index Searches: 1
   Buffers: shared hit=6034
 Settings: enable_bitmapscan = 'off', enable_seqscan = 'off', max_parallel_workers_per_gather = '0'
 Planning:
   Buffers: shared hit=109
 Planning Time: 0.160 ms
 Execution Time: 10.451 ms
(10 rows)

