SET
SET
SET
SET
SET
                                                                  QUERY PLAN                                                                  
----------------------------------------------------------------------------------------------------------------------------------------------
 Index Scan using idx on public.t (actual rows=8048576.00 loops=1)
   Output: a, b
   Index Cond: ((t.a >= '-265151'::integer) AND (t.a <= '-13634'::integer))
   Index Searches: 1
   Prefetch: distance=271.947 count=315778 stalls=2 skipped=7870636 resets=0 ungets=138383 forwarded=186884
             histogram [2,4) => 2, [4,8) => 25, [8,16) => 10, [16,32) => 18, [32,64) => 1, [64,128) => 5, [128,256) => 1, [256,512) => 315716
   Buffers: shared hit=99044 read=82411
 Settings: enable_bitmapscan = 'off', enable_seqscan = 'off', max_parallel_workers_per_gather = '0'
 Planning:
   Buffers: shared hit=82 read=22
 Planning Time: 1.804 ms
 Execution Time: 486.242 ms
(12 rows)

SET
SET
SET
SET
SET
                                             QUERY PLAN                                             
----------------------------------------------------------------------------------------------------
 Index Scan using idx on public.t (actual rows=8048576.00 loops=1)
   Output: a, b
   Index Cond: ((t.a >= '-265151'::integer) AND (t.a <= '-13634'::integer))
   Index Searches: 1
   Buffers: shared hit=184601
 Settings: enable_bitmapscan = 'off', enable_seqscan = 'off', max_parallel_workers_per_gather = '0'
 Planning:
   Buffers: shared hit=109
 Planning Time: 0.193 ms
 Execution Time: 317.062 ms
(10 rows)

