SET
SET
SET
SET
SET
                                                                  QUERY PLAN                                                                  
----------------------------------------------------------------------------------------------------------------------------------------------
 Index Scan using idx on public.t (actual rows=1048576.00 loops=1)
   Output: a, b
   Index Cond: ((t.a >= '-32834'::integer) AND (t.a <= '-67'::integer))
   Index Searches: 1
   Prefetch: distance=271.539 count=41711 stalls=6 skipped=1025256 resets=0 ungets=18524 forwarded=24786
             histogram [2,4) => 10, [4,8) => 22, [8,16) => 19, [16,32) => 13, [32,64) => 7, [64,128) => 4, [128,256) => 1, [256,512) => 41635
   Buffers: shared hit=13129 read=10739
 Settings: enable_bitmapscan = 'off', enable_seqscan = 'off', max_parallel_workers_per_gather = '0'
 Planning:
   Buffers: shared hit=82 read=26
 Planning Time: 2.079 ms
 Execution Time: 69.785 ms
(12 rows)

SET
SET
SET
SET
SET
                                             QUERY PLAN                                             
----------------------------------------------------------------------------------------------------
 Index Scan using idx on public.t (actual rows=1048576.00 loops=1)
   Output: a, b
   Index Cond: ((t.a >= '-32834'::integer) AND (t.a <= '-67'::integer))
   Index Searches: 1
   Buffers: shared hit=24137
 Settings: enable_bitmapscan = 'off', enable_seqscan = 'off', max_parallel_workers_per_gather = '0'
 Planning:
   Buffers: shared hit=113
 Planning Time: 0.220 ms
 Execution Time: 44.826 ms
(10 rows)

