SET
SET
SET
SET
SET
                                                                QUERY PLAN                                                                 
-------------------------------------------------------------------------------------------------------------------------------------------
 Index Scan using idx on public.t (actual rows=524288.00 loops=1)
   Output: a, b
   Index Cond: ((t.a >= '-45586'::integer) AND (t.a <= '-29203'::integer))
   Index Searches: 1
   Prefetch: distance=271.376 count=20741 stalls=2 skipped=511982 resets=0 ungets=9172 forwarded=12378
             histogram [2,4) => 2, [4,8) => 16, [8,16) => 8, [16,32) => 9, [32,64) => 9, [64,128) => 7, [128,256) => 5, [256,512) => 20685
   Buffers: shared hit=6551 read=5372
 Settings: enable_bitmapscan = 'off', enable_seqscan = 'off', max_parallel_workers_per_gather = '0'
 Planning:
   Buffers: shared hit=82 read=22
 Planning Time: 1.817 ms
 Execution Time: 35.133 ms
(12 rows)

SET
SET
SET
SET
SET
                                             QUERY PLAN                                             
----------------------------------------------------------------------------------------------------
 Index Scan using idx on public.t (actual rows=524288.00 loops=1)
   Output: a, b
   Index Cond: ((t.a >= '-45586'::integer) AND (t.a <= '-29203'::integer))
   Index Searches: 1
   Buffers: shared hit=12063
 Settings: enable_bitmapscan = 'off', enable_seqscan = 'off', max_parallel_workers_per_gather = '0'
 Planning:
   Buffers: shared hit=109
 Planning Time: 0.193 ms
 Execution Time: 21.610 ms
(10 rows)

