SET
SET
SET
SET
SET
                                                                 QUERY PLAN                                                                 
--------------------------------------------------------------------------------------------------------------------------------------------
 Index Scan using idx on public.t (actual rows=2048576.00 loops=1)
   Output: a, b
   Index Cond: ((t.a >= '-93342'::integer) AND (t.a <= '-29325'::integer))
   Index Searches: 1
   Prefetch: distance=271.873 count=81106 stalls=2 skipped=2003245 resets=0 ungets=35968 forwarded=48570
             histogram [2,4) => 2, [4,8) => 6, [8,16) => 16, [16,32) => 11, [32,64) => 4, [64,128) => 1, [128,256) => 1, [256,512) => 81065
   Buffers: shared hit=25509 read=20979
 Settings: enable_bitmapscan = 'off', enable_seqscan = 'off', max_parallel_workers_per_gather = '0'
 Planning:
   Buffers: shared hit=82 read=22
 Planning Time: 1.797 ms
 Execution Time: 130.231 ms
(12 rows)

SET
SET
SET
SET
SET
                                             QUERY PLAN                                             
----------------------------------------------------------------------------------------------------
 Index Scan using idx on public.t (actual rows=2048576.00 loops=1)
   Output: a, b
   Index Cond: ((t.a >= '-93342'::integer) AND (t.a <= '-29325'::integer))
   Index Searches: 1
   Buffers: shared hit=46978
 Settings: enable_bitmapscan = 'off', enable_seqscan = 'off', max_parallel_workers_per_gather = '0'
 Planning:
   Buffers: shared hit=109
 Planning Time: 0.189 ms
 Execution Time: 83.474 ms
(10 rows)

