SET
SET
SET
SET
SET
                                                                  QUERY PLAN                                                                  
----------------------------------------------------------------------------------------------------------------------------------------------
 Index Scan using idx on public.t (actual rows=7048576.00 loops=1)
   Output: a, b
   Index Cond: ((t.a >= '-229490'::integer) AND (t.a <= '-9223'::integer))
   Index Searches: 1
   Prefetch: distance=271.949 count=276985 stalls=4 skipped=6892608 resets=0 ungets=121596 forwarded=164151
             histogram [2,4) => 4, [4,8) => 12, [8,16) => 12, [16,32) => 18, [32,64) => 5, [64,128) => 1, [128,256) => 1, [256,512) => 276932
   Buffers: shared hit=86858 read=72172
 Settings: enable_bitmapscan = 'off', enable_seqscan = 'off', max_parallel_workers_per_gather = '0'
 Planning:
   Buffers: shared hit=82 read=22
 Planning Time: 1.806 ms
 Execution Time: 431.738 ms
(12 rows)

SET
SET
SET
SET
SET
                                             QUERY PLAN                                             
----------------------------------------------------------------------------------------------------
 Index Scan using idx on public.t (actual rows=7048576.00 loops=1)
   Output: a, b
   Index Cond: ((t.a >= '-229490'::integer) AND (t.a <= '-9223'::integer))
   Index Searches: 1
   Buffers: shared hit=161703
 Settings: enable_bitmapscan = 'off', enable_seqscan = 'off', max_parallel_workers_per_gather = '0'
 Planning:
   Buffers: shared hit=109
 Planning Time: 0.195 ms
 Execution Time: 284.757 ms
(10 rows)

