SET
SET
SET
SET
SET
                                             QUERY PLAN                                             
----------------------------------------------------------------------------------------------------
 Index Scan using idx on public.t (actual rows=8192.00 loops=1)
   Output: a, b
   Index Cond: ((t.a >= 21403) AND (t.a <= 23450))
   Index Searches: 1
   Prefetch: distance=2.099 count=749 stalls=6769 skipped=111 resets=0 ungets=0 forwarded=0
             histogram [2,4) => 724, [4,8) => 25
   Buffers: shared hit=7603 read=489
 Settings: enable_bitmapscan = 'off', enable_seqscan = 'off', max_parallel_workers_per_gather = '0'
 Planning:
   Buffers: shared hit=82 read=27
 Planning Time: 1.969 ms
 Execution Time: 12.001 ms
(12 rows)

SET
SET
SET
SET
SET
                                             QUERY PLAN                                             
----------------------------------------------------------------------------------------------------
 Index Scan using idx on public.t (actual rows=8192.00 loops=1)
   Output: a, b
   Index Cond: ((t.a >= 21403) AND (t.a <= 23450))
   Index Searches: 1
   Buffers: shared hit=8092
 Settings: enable_bitmapscan = 'off', enable_seqscan = 'off', max_parallel_workers_per_gather = '0'
 Planning:
   Buffers: shared hit=114
 Planning Time: 0.153 ms
 Execution Time: 0.892 ms
(10 rows)

