SET
SET
SET
SET
SET
                                                                  QUERY PLAN                                                                  
----------------------------------------------------------------------------------------------------------------------------------------------
 Index Scan using idx on public.t (actual rows=9048576.00 loops=1)
   Output: a, b
   Index Cond: ((t.a >= '-293290'::integer) AND (t.a <= '-10523'::integer))
   Index Searches: 1
   Prefetch: distance=271.916 count=355637 stalls=5 skipped=8848558 resets=0 ungets=156071 forwarded=210797
             histogram [2,4) => 11, [4,8) => 65, [8,16) => 12, [16,32) => 9, [32,64) => 7, [64,128) => 4, [128,256) => 1, [256,512) => 355528
   Buffers: shared hit=111562 read=92650
 Settings: enable_bitmapscan = 'off', enable_seqscan = 'off', max_parallel_workers_per_gather = '0'
 Planning:
   Buffers: shared hit=82 read=22
 Planning Time: 1.787 ms
 Execution Time: 546.874 ms
(12 rows)

SET
SET
SET
SET
SET
                                             QUERY PLAN                                             
----------------------------------------------------------------------------------------------------
 Index Scan using idx on public.t (actual rows=9048576.00 loops=1)
   Output: a, b
   Index Cond: ((t.a >= '-293290'::integer) AND (t.a <= '-10523'::integer))
   Index Searches: 1
   Buffers: shared hit=207666
 Settings: enable_bitmapscan = 'off', enable_seqscan = 'off', max_parallel_workers_per_gather = '0'
 Planning:
   Buffers: shared hit=109
 Planning Time: 0.189 ms
 Execution Time: 360.408 ms
(10 rows)

