SET
SET
SET
SET
SET
                                                                QUERY PLAN                                                                
------------------------------------------------------------------------------------------------------------------------------------------
 Index Scan using idx on public.t (actual rows=8192.00 loops=1)
   Output: a, b
   Index Cond: ((t.a >= '-28612'::integer) AND (t.a <= '-28357'::integer))
   Index Searches: 1
   Prefetch: distance=165.333 count=228 stalls=5 skipped=7093 resets=0 ungets=64 forwarded=95
             histogram [2,4) => 8, [4,8) => 53, [8,16) => 10, [16,32) => 9, [32,64) => 8, [64,128) => 5, [128,256) => 1, [256,512) => 134
   Buffers: shared hit=112 read=88
 Settings: enable_bitmapscan = 'off', enable_seqscan = 'off', max_parallel_workers_per_gather = '0'
 Planning:
   Buffers: shared hit=82 read=22
 Planning Time: 1.275 ms
 Execution Time: 1.514 ms
(12 rows)

SET
SET
SET
SET
SET
                                             QUERY PLAN                                             
----------------------------------------------------------------------------------------------------
 Index Scan using idx on public.t (actual rows=8192.00 loops=1)
   Output: a, b
   Index Cond: ((t.a >= '-28612'::integer) AND (t.a <= '-28357'::integer))
   Index Searches: 1
   Buffers: shared hit=200
 Settings: enable_bitmapscan = 'off', enable_seqscan = 'off', max_parallel_workers_per_gather = '0'
 Planning:
   Buffers: shared hit=109
 Planning Time: 0.132 ms
 Execution Time: 0.329 ms
(10 rows)

