SET
SET
SET
SET
SET
                                                                QUERY PLAN                                                                 
-------------------------------------------------------------------------------------------------------------------------------------------
 Index Scan using idx on public.t (actual rows=16384.00 loops=1)
   Output: a, b
   Index Cond: ((t.a >= '-8694'::integer) AND (t.a <= '-8183'::integer))
   Index Searches: 1
   Prefetch: distance=248.553 count=624 stalls=4 skipped=15727 resets=0 ungets=258 forwarded=348
             histogram [2,4) => 9, [4,8) => 19, [8,16) => 14, [16,32) => 12, [32,64) => 1, [64,128) => 1, [128,256) => 6, [256,512) => 562
   Buffers: shared hit=225 read=173
 Settings: enable_bitmapscan = 'off', enable_seqscan = 'off', max_parallel_workers_per_gather = '0'
 Planning:
   Buffers: shared hit=82 read=22
 Planning Time: 1.302 ms
 Execution Time: 2.102 ms
(12 rows)

SET
SET
SET
SET
SET
                                             QUERY PLAN                                             
----------------------------------------------------------------------------------------------------
 Index Scan using idx on public.t (actual rows=16384.00 loops=1)
   Output: a, b
   Index Cond: ((t.a >= '-8694'::integer) AND (t.a <= '-8183'::integer))
   Index Searches: 1
   Buffers: shared hit=398
 Settings: enable_bitmapscan = 'off', enable_seqscan = 'off', max_parallel_workers_per_gather = '0'
 Planning:
   Buffers: shared hit=109
 Planning Time: 0.118 ms
 Execution Time: 0.615 ms
(10 rows)

