SET
SET
SET
SET
SET
                                                                 QUERY PLAN                                                                 
--------------------------------------------------------------------------------------------------------------------------------------------
 Index Scan using idx on public.t (actual rows=32768.00 loops=1)
   Output: a, b
   Index Cond: ((t.a >= '-10085'::integer) AND (t.a <= '-9062'::integer))
   Index Searches: 1
   Prefetch: distance=261.250 count=1322 stalls=1 skipped=31787 resets=0 ungets=573 forwarded=746
             histogram [2,4) => 2, [4,8) => 24, [8,16) => 10, [16,32) => 17, [32,64) => 1, [64,128) => 1, [128,256) => 4, [256,512) => 1263
   Buffers: shared hit=442 read=341
 Settings: enable_bitmapscan = 'off', enable_seqscan = 'off', max_parallel_workers_per_gather = '0'
 Planning:
   Buffers: shared hit=82 read=22
 Planning Time: 1.446 ms
 Execution Time: 3.510 ms
(12 rows)

SET
SET
SET
SET
SET
                                             QUERY PLAN                                             
----------------------------------------------------------------------------------------------------
 Index Scan using idx on public.t (actual rows=32768.00 loops=1)
   Output: a, b
   Index Cond: ((t.a >= '-10085'::integer) AND (t.a <= '-9062'::integer))
   Index Searches: 1
   Buffers: shared hit=788
 Settings: enable_bitmapscan = 'off', enable_seqscan = 'off', max_parallel_workers_per_gather = '0'
 Planning:
   Buffers: shared hit=109
 Planning Time: 0.174 ms
 Execution Time: 1.448 ms
(10 rows)

