SET
SET
SET
SET
SET
                                                                  QUERY PLAN                                                                  
----------------------------------------------------------------------------------------------------------------------------------------------
 Index Scan using idx on public.t (actual rows=2048576.00 loops=1)
   Output: a, b
   Index Cond: ((t.a >= '-70376'::integer) AND (t.a <= '-6359'::integer))
   Index Searches: 1
   Prefetch: distance=271.729 count=81145 stalls=7 skipped=2002936 resets=0 ungets=35922 forwarded=48316
             histogram [2,4) => 12, [4,8) => 40, [8,16) => 14, [16,32) => 15, [32,64) => 1, [64,128) => 1, [128,256) => 4, [256,512) => 81058
   Buffers: shared hit=25573 read=20979
 Settings: enable_bitmapscan = 'off', enable_seqscan = 'off', max_parallel_workers_per_gather = '0'
 Planning:
   Buffers: shared hit=82 read=22
 Planning Time: 1.870 ms
 Execution Time: 130.547 ms
(12 rows)

SET
SET
SET
SET
SET
                                             QUERY PLAN                                             
----------------------------------------------------------------------------------------------------
 Index Scan using idx on public.t (actual rows=2048576.00 loops=1)
   Output: a, b
   Index Cond: ((t.a >= '-70376'::integer) AND (t.a <= '-6359'::integer))
   Index Searches: 1
   Buffers: shared hit=47074
 Settings: enable_bitmapscan = 'off', enable_seqscan = 'off', max_parallel_workers_per_gather = '0'
 Planning:
   Buffers: shared hit=109
 Planning Time: 0.199 ms
 Execution Time: 84.031 ms
(10 rows)

