SET
SET
SET
SET
SET
                                                                QUERY PLAN                                                                 
-------------------------------------------------------------------------------------------------------------------------------------------
 Index Scan using idx on public.t (actual rows=262144.00 loops=1)
   Output: a, b
   Index Cond: ((t.a >= '-38983'::integer) AND (t.a <= '-30792'::integer))
   Index Searches: 1
   Prefetch: distance=270.688 count=10368 stalls=3 skipped=256046 resets=0 ungets=4560 forwarded=6119
             histogram [2,4) => 2, [4,8) => 22, [8,16) => 8, [16,32) => 9, [32,64) => 7, [64,128) => 5, [128,256) => 4, [256,512) => 10311
   Buffers: shared hit=3285 read=2688
 Settings: enable_bitmapscan = 'off', enable_seqscan = 'off', max_parallel_workers_per_gather = '0'
 Planning:
   Buffers: shared hit=82 read=22
 Planning Time: 1.824 ms
 Execution Time: 19.076 ms
(12 rows)

SET
SET
SET
SET
SET
                                             QUERY PLAN                                             
----------------------------------------------------------------------------------------------------
 Index Scan using idx on public.t (actual rows=262144.00 loops=1)
   Output: a, b
   Index Cond: ((t.a >= '-38983'::integer) AND (t.a <= '-30792'::integer))
   Index Searches: 1
   Buffers: shared hit=6058
 Settings: enable_bitmapscan = 'off', enable_seqscan = 'off', max_parallel_workers_per_gather = '0'
 Planning:
   Buffers: shared hit=109
 Planning Time: 0.166 ms
 Execution Time: 10.248 ms
(10 rows)

