SET
SET
SET
SET
SET
                                                                 QUERY PLAN                                                                  
---------------------------------------------------------------------------------------------------------------------------------------------
 Index Scan using idx on public.t (actual rows=1048576.00 loops=1)
   Output: a, b
   Index Cond: ((t.a >= '-42618'::integer) AND (t.a <= '-9851'::integer))
   Index Searches: 1
   Prefetch: distance=271.610 count=41304 stalls=5 skipped=1024756 resets=0 ungets=18152 forwarded=24412
             histogram [2,4) => 15, [4,8) => 17, [8,16) => 9, [16,32) => 10, [32,64) => 8, [64,128) => 1, [128,256) => 3, [256,512) => 41241
   Buffers: shared hit=12983 read=10740
 Settings: enable_bitmapscan = 'off', enable_seqscan = 'off', max_parallel_workers_per_gather = '0'
 Planning:
   Buffers: shared hit=82 read=22
 Planning Time: 1.852 ms
 Execution Time: 68.458 ms
(12 rows)

SET
SET
SET
SET
SET
                                             QUERY PLAN                                             
----------------------------------------------------------------------------------------------------
 Index Scan using idx on public.t (actual rows=1048576.00 loops=1)
   Output: a, b
   Index Cond: ((t.a >= '-42618'::integer) AND (t.a <= '-9851'::integer))
   Index Searches: 1
   Buffers: shared hit=24114
 Settings: enable_bitmapscan = 'off', enable_seqscan = 'off', max_parallel_workers_per_gather = '0'
 Planning:
   Buffers: shared hit=109
 Planning Time: 0.169 ms
 Execution Time: 41.794 ms
(10 rows)

