SET
SET
SET
SET
SET
                                                                 QUERY PLAN                                                                 
--------------------------------------------------------------------------------------------------------------------------------------------
 Index Scan using idx on public.t (actual rows=6048576.00 loops=1)
   Output: a, b
   Index Cond: ((t.a >= '-217298'::integer) AND (t.a <= '-28281'::integer))
   Index Searches: 1
   Prefetch: distance=271.910 count=239016 stalls=2 skipped=5914172 resets=0 ungets=105829 forwarded=142987
             histogram [2,4) => 4, [4,8) => 49, [8,16) => 7, [16,32) => 9, [32,64) => 5, [64,128) => 9, [128,256) => 1, [256,512) => 238932
   Buffers: shared hit=75060 read=61933
 Settings: enable_bitmapscan = 'off', enable_seqscan = 'off', max_parallel_workers_per_gather = '0'
 Planning:
   Buffers: shared hit=82 read=22
 Planning Time: 1.820 ms
 Execution Time: 378.976 ms
(12 rows)

SET
SET
SET
SET
SET
                                             QUERY PLAN                                             
----------------------------------------------------------------------------------------------------
 Index Scan using idx on public.t (actual rows=6048576.00 loops=1)
   Output: a, b
   Index Cond: ((t.a >= '-217298'::integer) AND (t.a <= '-28281'::integer))
   Index Searches: 1
   Buffers: shared hit=138623
 Settings: enable_bitmapscan = 'off', enable_seqscan = 'off', max_parallel_workers_per_gather = '0'
 Planning:
   Buffers: shared hit=109
 Planning Time: 0.170 ms
 Execution Time: 239.673 ms
(10 rows)

