SET
SET
SET
SET
SET
                                                                  QUERY PLAN                                                                  
----------------------------------------------------------------------------------------------------------------------------------------------
 Index Scan using idx on public.t (actual rows=524288.00 loops=1)
   Output: a, b
   Index Cond: ((t.a >= '-17285'::integer) AND (t.a <= '-902'::integer))
   Index Searches: 1
   Prefetch: distance=270.882 count=20955 stalls=13 skipped=512358 resets=0 ungets=9325 forwarded=12379
             histogram [2,4) => 23, [4,8) => 33, [8,16) => 14, [16,32) => 15, [32,64) => 1, [64,128) => 4, [128,256) => 1, [256,512) => 20864
   Buffers: shared hit=6619 read=5370
 Settings: enable_bitmapscan = 'off', enable_seqscan = 'off', max_parallel_workers_per_gather = '0'
 Planning:
   Buffers: shared hit=82 read=26
 Planning Time: 2.067 ms
 Execution Time: 35.904 ms
(12 rows)

SET
SET
SET
SET
SET
                                             QUERY PLAN                                             
----------------------------------------------------------------------------------------------------
 Index Scan using idx on public.t (actual rows=524288.00 loops=1)
   Output: a, b
   Index Cond: ((t.a >= '-17285'::integer) AND (t.a <= '-902'::integer))
   Index Searches: 1
   Buffers: shared hit=12124
 Settings: enable_bitmapscan = 'off', enable_seqscan = 'off', max_parallel_workers_per_gather = '0'
 Planning:
   Buffers: shared hit=113
 Planning Time: 0.207 ms
 Execution Time: 23.175 ms
(10 rows)

