SET
SET
SET
SET
SET
                                                                 QUERY PLAN                                                                 
--------------------------------------------------------------------------------------------------------------------------------------------
 Index Scan using idx on public.t (actual rows=65536.00 loops=1)
   Output: a, b
   Index Cond: ((t.a >= '-12838'::integer) AND (t.a <= '-10791'::integer))
   Index Searches: 1
   Prefetch: distance=257.657 count=2402 stalls=9 skipped=63258 resets=0 ungets=997 forwarded=1375
             histogram [2,4) => 22, [4,8) => 80, [8,16) => 6, [16,32) => 9, [32,64) => 10, [64,128) => 1, [128,256) => 4, [256,512) => 2270
   Buffers: shared hit=800 read=675
 Settings: enable_bitmapscan = 'off', enable_seqscan = 'off', max_parallel_workers_per_gather = '0'
 Planning:
   Buffers: shared hit=82 read=22
 Planning Time: 1.818 ms
 Execution Time: 6.152 ms
(12 rows)

SET
SET
SET
SET
SET
                                             QUERY PLAN                                             
----------------------------------------------------------------------------------------------------
 Index Scan using idx on public.t (actual rows=65536.00 loops=1)
   Output: a, b
   Index Cond: ((t.a >= '-12838'::integer) AND (t.a <= '-10791'::integer))
   Index Searches: 1
   Buffers: shared hit=1495
 Settings: enable_bitmapscan = 'off', enable_seqscan = 'off', max_parallel_workers_per_gather = '0'
 Planning:
   Buffers: shared hit=109
 Planning Time: 0.160 ms
 Execution Time: 2.449 ms
(10 rows)

