SET
SET
SET
SET
SET
                                                                  QUERY PLAN                                                                   
-----------------------------------------------------------------------------------------------------------------------------------------------
 Index Scan using idx on public.t (actual rows=8048576.00 loops=1)
   Output: a, b
   Index Cond: ((t.a >= '-282609'::integer) AND (t.a <= '-31092'::integer))
   Index Searches: 1
   Prefetch: distance=271.944 count=315689 stalls=8 skipped=7870442 resets=0 ungets=138330 forwarded=186964
             histogram [2,4) => 14, [4,8) => 20, [8,16) => 11, [16,32) => 16, [32,64) => 1, [64,128) => 1, [128,256) => 3, [256,512) => 315623
   Buffers: shared hit=99075 read=82410
 Settings: enable_bitmapscan = 'off', enable_seqscan = 'off', max_parallel_workers_per_gather = '0'
 Planning:
   Buffers: shared hit=82 read=22
 Planning Time: 1.930 ms
 Execution Time: 487.619 ms
(12 rows)

SET
SET
SET
SET
SET
                                             QUERY PLAN                                             
----------------------------------------------------------------------------------------------------
 Index Scan using idx on public.t (actual rows=8048576.00 loops=1)
   Output: a, b
   Index Cond: ((t.a >= '-282609'::integer) AND (t.a <= '-31092'::integer))
   Index Searches: 1
   Buffers: shared hit=184575
 Settings: enable_bitmapscan = 'off', enable_seqscan = 'off', max_parallel_workers_per_gather = '0'
 Planning:
   Buffers: shared hit=109
 Planning Time: 0.208 ms
 Execution Time: 328.924 ms
(10 rows)

