SET
SET
SET
SET
SET
                                                                QUERY PLAN                                                                 
-------------------------------------------------------------------------------------------------------------------------------------------
 Index Scan using idx on public.t (actual rows=4096.00 loops=1)
   Output: a, b
   Index Cond: ((t.a >= '-26757'::integer) AND (t.a <= '-26630'::integer))
   Index Searches: 1
   Prefetch: distance=134.436 count=110 stalls=6 skipped=3814 resets=0 ungets=25 forwarded=54
             histogram [2,4) => 12, [4,8) => 16, [8,16) => 13, [16,32) => 13, [32,64) => 4, [64,128) => 1, [128,256) => 1, [256,512) => 50
   Buffers: shared hit=56 read=47
 Settings: enable_bitmapscan = 'off', enable_seqscan = 'off', max_parallel_workers_per_gather = '0'
 Planning:
   Buffers: shared hit=82 read=22
 Planning Time: 1.413 ms
 Execution Time: 1.248 ms
(12 rows)

SET
SET
SET
SET
SET
                                             QUERY PLAN                                             
----------------------------------------------------------------------------------------------------
 Index Scan using idx on public.t (actual rows=4096.00 loops=1)
   Output: a, b
   Index Cond: ((t.a >= '-26757'::integer) AND (t.a <= '-26630'::integer))
   Index Searches: 1
   Buffers: shared hit=103
 Settings: enable_bitmapscan = 'off', enable_seqscan = 'off', max_parallel_workers_per_gather = '0'
 Planning:
   Buffers: shared hit=109
 Planning Time: 0.174 ms
 Execution Time: 0.229 ms
(10 rows)

