SET
SET
SET
SET
SET
                                             QUERY PLAN                                             
----------------------------------------------------------------------------------------------------
 Index Scan using idx on public.t (actual rows=512.00 loops=1)
   Output: a, b
   Index Cond: ((t.a >= '-4065'::integer) AND (t.a <= '-4050'::integer))
   Index Searches: 1
   Prefetch: distance=2.000 count=1 stalls=2 skipped=158 resets=0 ungets=0 forwarded=0
             histogram [2,4) => 1
   Buffers: shared hit=11 read=8
 Settings: enable_bitmapscan = 'off', enable_seqscan = 'off', max_parallel_workers_per_gather = '0'
 Planning:
   Buffers: shared hit=86 read=26
 Planning Time: 1.575 ms
 Execution Time: 0.618 ms
(12 rows)

SET
SET
SET
SET
SET
                                             QUERY PLAN                                             
----------------------------------------------------------------------------------------------------
 Index Scan using idx on public.t (actual rows=512.00 loops=1)
   Output: a, b
   Index Cond: ((t.a >= '-4065'::integer) AND (t.a <= '-4050'::integer))
   Index Searches: 1
   Buffers: shared hit=19
 Settings: enable_bitmapscan = 'off', enable_seqscan = 'off', max_parallel_workers_per_gather = '0'
 Planning:
   Buffers: shared hit=117
 Planning Time: 0.198 ms
 Execution Time: 0.057 ms
(10 rows)

