SET
SET
SET
SET
SET
                                                                 QUERY PLAN                                                                 
--------------------------------------------------------------------------------------------------------------------------------------------
 Index Scan using idx on public.t (actual rows=8192.00 loops=1)
   Output: a, b
   Index Cond: ((t.a >= '-19133'::integer) AND (t.a <= '-18878'::integer))
   Index Searches: 1
   Prefetch: distance=184.398 count=216 stalls=6 skipped=7268 resets=0 ungets=65 forwarded=111
             histogram [2,4) => 14, [4,8) => 27, [8,16) => 13, [16,32) => 12, [32,64) => 3, [64,128) => 4, [128,256) => 1, [256,512) => 142
   Buffers: shared hit=95 read=88
 Settings: enable_bitmapscan = 'off', enable_seqscan = 'off', max_parallel_workers_per_gather = '0'
 Planning:
   Buffers: shared hit=82 read=22
 Planning Time: 1.419 ms
 Execution Time: 1.470 ms
(12 rows)

SET
SET
SET
SET
SET
                                             QUERY PLAN                                             
----------------------------------------------------------------------------------------------------
 Index Scan using idx on public.t (actual rows=8192.00 loops=1)
   Output: a, b
   Index Cond: ((t.a >= '-19133'::integer) AND (t.a <= '-18878'::integer))
   Index Searches: 1
   Buffers: shared hit=183
 Settings: enable_bitmapscan = 'off', enable_seqscan = 'off', max_parallel_workers_per_gather = '0'
 Planning:
   Buffers: shared hit=109
 Planning Time: 0.175 ms
 Execution Time: 0.409 ms
(10 rows)

