SET
SET
SET
SET
SET
                                                                 QUERY PLAN                                                                 
--------------------------------------------------------------------------------------------------------------------------------------------
 Index Scan using idx on public.t (actual rows=131072.00 loops=1)
   Output: a, b
   Index Cond: ((t.a >= '-21797'::integer) AND (t.a <= '-17702'::integer))
   Index Searches: 1
   Prefetch: distance=268.562 count=5113 stalls=3 skipped=127866 resets=0 ungets=2224 forwarded=3013
             histogram [2,4) => 6, [4,8) => 24, [8,16) => 12, [16,32) => 9, [32,64) => 14, [64,128) => 1, [128,256) => 4, [256,512) => 5043
   Buffers: shared hit=1620 read=1346
 Settings: enable_bitmapscan = 'off', enable_seqscan = 'off', max_parallel_workers_per_gather = '0'
 Planning:
   Buffers: shared hit=82 read=22
 Planning Time: 1.837 ms
 Execution Time: 10.500 ms
(12 rows)

SET
SET
SET
SET
SET
                                             QUERY PLAN                                             
----------------------------------------------------------------------------------------------------
 Index Scan using idx on public.t (actual rows=131072.00 loops=1)
   Output: a, b
   Index Cond: ((t.a >= '-21797'::integer) AND (t.a <= '-17702'::integer))
   Index Searches: 1
   Buffers: shared hit=3018
 Settings: enable_bitmapscan = 'off', enable_seqscan = 'off', max_parallel_workers_per_gather = '0'
 Planning:
   Buffers: shared hit=109
 Planning Time: 0.166 ms
 Execution Time: 4.991 ms
(10 rows)

