SET
SET
SET
SET
SET
                                                                 QUERY PLAN                                                                  
---------------------------------------------------------------------------------------------------------------------------------------------
 Index Scan using idx on public.t (actual rows=2048576.00 loops=1)
   Output: a, b
   Index Cond: ((t.a >= '-68374'::integer) AND (t.a <= '-4357'::integer))
   Index Searches: 1
   Prefetch: distance=271.835 count=81158 stalls=5 skipped=2002727 resets=0 ungets=35921 forwarded=48365
             histogram [2,4) => 10, [4,8) => 12, [8,16) => 8, [16,32) => 11, [32,64) => 6, [64,128) => 4, [128,256) => 1, [256,512) => 81106
   Buffers: shared hit=25503 read=20977
 Settings: enable_bitmapscan = 'off', enable_seqscan = 'off', max_parallel_workers_per_gather = '0'
 Planning:
   Buffers: shared hit=82 read=26
 Planning Time: 2.067 ms
 Execution Time: 134.012 ms
(12 rows)

SET
SET
SET
SET
SET
                                             QUERY PLAN                                             
----------------------------------------------------------------------------------------------------
 Index Scan using idx on public.t (actual rows=2048576.00 loops=1)
   Output: a, b
   Index Cond: ((t.a >= '-68374'::integer) AND (t.a <= '-4357'::integer))
   Index Searches: 1
   Buffers: shared hit=47085
 Settings: enable_bitmapscan = 'off', enable_seqscan = 'off', max_parallel_workers_per_gather = '0'
 Planning:
   Buffers: shared hit=113
 Planning Time: 0.185 ms
 Execution Time: 89.012 ms
(10 rows)

