SET
SET
SET
SET
SET
                                                                QUERY PLAN                                                                 
-------------------------------------------------------------------------------------------------------------------------------------------
 Index Scan using idx on public.t (actual rows=524288.00 loops=1)
   Output: a, b
   Index Cond: ((t.a >= '-19603'::integer) AND (t.a <= '-3220'::integer))
   Index Searches: 1
   Prefetch: distance=271.463 count=20905 stalls=9 skipped=512625 resets=0 ungets=9282 forwarded=12400
             histogram [2,4) => 10, [4,8) => 7, [8,16) => 6, [16,32) => 9, [32,64) => 8, [64,128) => 5, [128,256) => 1, [256,512) => 20859
   Buffers: shared hit=6586 read=5371
 Settings: enable_bitmapscan = 'off', enable_seqscan = 'off', max_parallel_workers_per_gather = '0'
 Planning:
   Buffers: shared hit=82 read=26
 Planning Time: 2.061 ms
 Execution Time: 35.551 ms
(12 rows)

SET
SET
SET
SET
SET
                                             QUERY PLAN                                             
----------------------------------------------------------------------------------------------------
 Index Scan using idx on public.t (actual rows=524288.00 loops=1)
   Output: a, b
   Index Cond: ((t.a >= '-19603'::integer) AND (t.a <= '-3220'::integer))
   Index Searches: 1
   Buffers: shared hit=12108
 Settings: enable_bitmapscan = 'off', enable_seqscan = 'off', max_parallel_workers_per_gather = '0'
 Planning:
   Buffers: shared hit=113
 Planning Time: 0.198 ms
 Execution Time: 23.519 ms
(10 rows)

