SET
SET
SET
SET
SET
                                                                QUERY PLAN                                                                 
-------------------------------------------------------------------------------------------------------------------------------------------
 Index Scan using idx on public.t (actual rows=32768.00 loops=1)
   Output: a, b
   Index Cond: ((t.a >= '-30142'::integer) AND (t.a <= '-29119'::integer))
   Index Searches: 1
   Prefetch: distance=259.491 count=1136 stalls=1 skipped=32014 resets=0 ungets=469 forwarded=736
             histogram [2,4) => 2, [4,8) => 20, [8,16) => 7, [16,32) => 9, [32,64) => 14, [64,128) => 5, [128,256) => 1, [256,512) => 1078
   Buffers: shared hit=352 read=342
 Settings: enable_bitmapscan = 'off', enable_seqscan = 'off', max_parallel_workers_per_gather = '0'
 Planning:
   Buffers: shared hit=82 read=22
 Planning Time: 1.422 ms
 Execution Time: 3.897 ms
(12 rows)

SET
SET
SET
SET
SET
                                             QUERY PLAN                                             
----------------------------------------------------------------------------------------------------
 Index Scan using idx on public.t (actual rows=32768.00 loops=1)
   Output: a, b
   Index Cond: ((t.a >= '-30142'::integer) AND (t.a <= '-29119'::integer))
   Index Searches: 1
   Buffers: shared hit=705
 Settings: enable_bitmapscan = 'off', enable_seqscan = 'off', max_parallel_workers_per_gather = '0'
 Planning:
   Buffers: shared hit=109
 Planning Time: 0.174 ms
 Execution Time: 1.464 ms
(10 rows)

