SET
SET
SET
SET
SET
                                                                 QUERY PLAN                                                                 
--------------------------------------------------------------------------------------------------------------------------------------------
 Index Scan using idx on public.t (actual rows=262144.00 loops=1)
   Output: a, b
   Index Cond: ((t.a >= '-14720'::integer) AND (t.a <= '-6529'::integer))
   Index Searches: 1
   Prefetch: distance=270.461 count=10347 stalls=2 skipped=255816 resets=0 ungets=4564 forwarded=6107
             histogram [2,4) => 2, [4,8) => 34, [8,16) => 8, [16,32) => 11, [32,64) => 3, [64,128) => 3, [128,256) => 1, [256,512) => 10285
   Buffers: shared hit=3271 read=2689
 Settings: enable_bitmapscan = 'off', enable_seqscan = 'off', max_parallel_workers_per_gather = '0'
 Planning:
   Buffers: shared hit=82 read=22
 Planning Time: 1.835 ms
 Execution Time: 19.845 ms
(12 rows)

SET
SET
SET
SET
SET
                                             QUERY PLAN                                             
----------------------------------------------------------------------------------------------------
 Index Scan using idx on public.t (actual rows=262144.00 loops=1)
   Output: a, b
   Index Cond: ((t.a >= '-14720'::integer) AND (t.a <= '-6529'::integer))
   Index Searches: 1
   Buffers: shared hit=6034
 Settings: enable_bitmapscan = 'off', enable_seqscan = 'off', max_parallel_workers_per_gather = '0'
 Planning:
   Buffers: shared hit=109
 Planning Time: 0.184 ms
 Execution Time: 10.247 ms
(10 rows)

