SET
SET
SET
SET
SET
                                                                  QUERY PLAN                                                                  
----------------------------------------------------------------------------------------------------------------------------------------------
 Index Scan using idx on public.t (actual rows=5048576.00 loops=1)
   Output: a, b
   Index Cond: ((t.a >= '-172146'::integer) AND (t.a <= '-14379'::integer))
   Index Searches: 1
   Prefetch: distance=271.925 count=199517 stalls=6 skipped=4937168 resets=0 ungets=88338 forwarded=119274
             histogram [2,4) => 8, [4,8) => 15, [8,16) => 13, [16,32) => 18, [32,64) => 1, [64,128) => 1, [128,256) => 4, [256,512) => 199457
   Buffers: shared hit=62642 read=51696
 Settings: enable_bitmapscan = 'off', enable_seqscan = 'off', max_parallel_workers_per_gather = '0'
 Planning:
   Buffers: shared hit=82 read=22
 Planning Time: 1.917 ms
 Execution Time: 320.298 ms
(12 rows)

SET
SET
SET
SET
SET
                                             QUERY PLAN                                             
----------------------------------------------------------------------------------------------------
 Index Scan using idx on public.t (actual rows=5048576.00 loops=1)
   Output: a, b
   Index Cond: ((t.a >= '-172146'::integer) AND (t.a <= '-14379'::integer))
   Index Searches: 1
   Buffers: shared hit=115704
 Settings: enable_bitmapscan = 'off', enable_seqscan = 'off', max_parallel_workers_per_gather = '0'
 Planning:
   Buffers: shared hit=109
 Planning Time: 0.197 ms
 Execution Time: 203.274 ms
(10 rows)

