SET
SET
SET
SET
SET
                                                                  QUERY PLAN                                                                  
----------------------------------------------------------------------------------------------------------------------------------------------
 Index Scan using idx on public.t (actual rows=6048576.00 loops=1)
   Output: a, b
   Index Cond: ((t.a >= '-211179'::integer) AND (t.a <= '-22162'::integer))
   Index Searches: 1
   Prefetch: distance=271.914 count=238946 stalls=6 skipped=5914494 resets=0 ungets=105797 forwarded=142985
             histogram [2,4) => 9, [4,8) => 38, [8,16) => 12, [16,32) => 13, [32,64) => 1, [64,128) => 5, [128,256) => 1, [256,512) => 238867
   Buffers: shared hit=75039 read=61933
 Settings: enable_bitmapscan = 'off', enable_seqscan = 'off', max_parallel_workers_per_gather = '0'
 Planning:
   Buffers: shared hit=82 read=22
 Planning Time: 1.805 ms
 Execution Time: 381.974 ms
(12 rows)

SET
SET
SET
SET
SET
                                             QUERY PLAN                                             
----------------------------------------------------------------------------------------------------
 Index Scan using idx on public.t (actual rows=6048576.00 loops=1)
   Output: a, b
   Index Cond: ((t.a >= '-211179'::integer) AND (t.a <= '-22162'::integer))
   Index Searches: 1
   Buffers: shared hit=138580
 Settings: enable_bitmapscan = 'off', enable_seqscan = 'off', max_parallel_workers_per_gather = '0'
 Planning:
   Buffers: shared hit=109
 Planning Time: 0.178 ms
 Execution Time: 241.693 ms
(10 rows)

