SET
SET
SET
SET
SET
                                                                  QUERY PLAN                                                                  
----------------------------------------------------------------------------------------------------------------------------------------------
 Index Scan using idx on public.t (actual rows=8048576.00 loops=1)
   Output: a, b
   Index Cond: ((t.a >= '-255445'::integer) AND (t.a <= '-3928'::integer))
   Index Searches: 1
   Prefetch: distance=271.953 count=317194 stalls=6 skipped=7870275 resets=0 ungets=139794 forwarded=188716
             histogram [2,4) => 13, [4,8) => 12, [8,16) => 7, [16,32) => 17, [32,64) => 4, [64,128) => 1, [128,256) => 4, [256,512) => 317136
   Buffers: shared hit=99540 read=82409
 Settings: enable_bitmapscan = 'off', enable_seqscan = 'off', max_parallel_workers_per_gather = '0'
 Planning:
   Buffers: shared hit=82 read=26
 Planning Time: 2.077 ms
 Execution Time: 500.038 ms
(12 rows)

SET
SET
SET
SET
SET
                                             QUERY PLAN                                             
----------------------------------------------------------------------------------------------------
 Index Scan using idx on public.t (actual rows=8048576.00 loops=1)
   Output: a, b
   Index Cond: ((t.a >= '-255445'::integer) AND (t.a <= '-3928'::integer))
   Index Searches: 1
   Buffers: shared hit=184617
 Settings: enable_bitmapscan = 'off', enable_seqscan = 'off', max_parallel_workers_per_gather = '0'
 Planning:
   Buffers: shared hit=113
 Planning Time: 0.213 ms
 Execution Time: 342.978 ms
(10 rows)

