SET
SET
SET
SET
SET
                                                                  QUERY PLAN                                                                  
----------------------------------------------------------------------------------------------------------------------------------------------
 Index Scan using idx on public.t (actual rows=7048576.00 loops=1)
   Output: a, b
   Index Cond: ((t.a >= '-243725'::integer) AND (t.a <= '-23458'::integer))
   Index Searches: 1
   Prefetch: distance=271.914 count=277858 stalls=2 skipped=6892270 resets=0 ungets=122449 forwarded=165333
             histogram [2,4) => 4, [4,8) => 50, [8,16) => 14, [16,32) => 16, [32,64) => 2, [64,128) => 1, [128,256) => 6, [256,512) => 277765
   Buffers: shared hit=87250 read=72171
 Settings: enable_bitmapscan = 'off', enable_seqscan = 'off', max_parallel_workers_per_gather = '0'
 Planning:
   Buffers: shared hit=82 read=22
 Planning Time: 1.803 ms
 Execution Time: 441.321 ms
(12 rows)

SET
SET
SET
SET
SET
                                             QUERY PLAN                                             
----------------------------------------------------------------------------------------------------
 Index Scan using idx on public.t (actual rows=7048576.00 loops=1)
   Output: a, b
   Index Cond: ((t.a >= '-243725'::integer) AND (t.a <= '-23458'::integer))
   Index Searches: 1
   Buffers: shared hit=161728
 Settings: enable_bitmapscan = 'off', enable_seqscan = 'off', max_parallel_workers_per_gather = '0'
 Planning:
   Buffers: shared hit=109
 Planning Time: 0.196 ms
 Execution Time: 285.264 ms
(10 rows)

