SET
SET
SET
SET
SET
                                                              QUERY PLAN                                                               
---------------------------------------------------------------------------------------------------------------------------------------
 Index Scan using idx on public.t (actual rows=524288.00 loops=1)
   Output: a, b
   Index Cond: ((t.a >= '-39371'::integer) AND (t.a <= '-22988'::integer))
   Index Searches: 1
   Buffers: shared hit=6707 read=5373
 Settings: enable_bitmapscan = 'off', enable_seqscan = 'off', max_parallel_workers_per_gather = '0', enable_indexscan_prefetch = 'off'
 Planning:
   Buffers: shared hit=82 read=22
 Planning Time: 1.813 ms
 Execution Time: 33.997 ms
(10 rows)

SET
SET
SET
SET
SET
                                                              QUERY PLAN                                                               
---------------------------------------------------------------------------------------------------------------------------------------
 Index Scan using idx on public.t (actual rows=524288.00 loops=1)
   Output: a, b
   Index Cond: ((t.a >= '-39371'::integer) AND (t.a <= '-22988'::integer))
   Index Searches: 1
   Buffers: shared hit=12080
 Settings: enable_bitmapscan = 'off', enable_seqscan = 'off', max_parallel_workers_per_gather = '0', enable_indexscan_prefetch = 'off'
 Planning:
   Buffers: shared hit=109
 Planning Time: 0.165 ms
 Execution Time: 19.748 ms
(10 rows)

