SET
SET
SET
SET
SET
                                             QUERY PLAN                                             
----------------------------------------------------------------------------------------------------
 Index Scan using idx on public.t (actual rows=1024.00 loops=1)
   Output: a, b
   Index Cond: ((t.a >= '-21551'::integer) AND (t.a <= '-21520'::integer))
   Index Searches: 1
   Prefetch: distance=4.714 count=14 stalls=1 skipped=752 resets=0 ungets=0 forwarded=3
             histogram [2,4) => 2, [4,8) => 10, [8,16) => 2
   Buffers: shared hit=8 read=15
 Settings: enable_bitmapscan = 'off', enable_seqscan = 'off', max_parallel_workers_per_gather = '0'
 Planning:
   Buffers: shared hit=82 read=22
 Planning Time: 1.308 ms
 Execution Time: 0.840 ms
(12 rows)

SET
SET
SET
SET
SET
                                             QUERY PLAN                                             
----------------------------------------------------------------------------------------------------
 Index Scan using idx on public.t (actual rows=1024.00 loops=1)
   Output: a, b
   Index Cond: ((t.a >= '-21551'::integer) AND (t.a <= '-21520'::integer))
   Index Searches: 1
   Buffers: shared hit=24
 Settings: enable_bitmapscan = 'off', enable_seqscan = 'off', max_parallel_workers_per_gather = '0'
 Planning:
   Buffers: shared hit=109
 Planning Time: 0.170 ms
 Execution Time: 0.079 ms
(10 rows)

