SET
SET
SET
SET
SET
                                             QUERY PLAN                                             
----------------------------------------------------------------------------------------------------
 Index Scan using idx on public.t (actual rows=2048.00 loops=1)
   Output: a, b
   Index Cond: ((t.a >= '-31353'::integer) AND (t.a <= '-31290'::integer))
   Index Searches: 1
   Prefetch: distance=9.697 count=33 stalls=1 skipped=1957 resets=0 ungets=0 forwarded=8
             histogram [2,4) => 2, [4,8) => 5, [8,16) => 24, [16,32) => 2
   Buffers: shared hit=17 read=25
 Settings: enable_bitmapscan = 'off', enable_seqscan = 'off', max_parallel_workers_per_gather = '0'
 Planning:
   Buffers: shared hit=82 read=22
 Planning Time: 1.318 ms
 Execution Time: 0.939 ms
(12 rows)

SET
SET
SET
SET
SET
                                             QUERY PLAN                                             
----------------------------------------------------------------------------------------------------
 Index Scan using idx on public.t (actual rows=2048.00 loops=1)
   Output: a, b
   Index Cond: ((t.a >= '-31353'::integer) AND (t.a <= '-31290'::integer))
   Index Searches: 1
   Buffers: shared hit=42
 Settings: enable_bitmapscan = 'off', enable_seqscan = 'off', max_parallel_workers_per_gather = '0'
 Planning:
   Buffers: shared hit=109
 Planning Time: 0.171 ms
 Execution Time: 0.128 ms
(10 rows)

