SET
SET
SET
SET
SET
                                                                QUERY PLAN                                                                
------------------------------------------------------------------------------------------------------------------------------------------
 Index Scan using idx on public.t (actual rows=4096.00 loops=1)
   Output: a, b
   Index Cond: ((t.a >= '-9318'::integer) AND (t.a <= '-9191'::integer))
   Index Searches: 1
   Prefetch: distance=169.907 count=108 stalls=1 skipped=3528 resets=0 ungets=31 forwarded=67
             histogram [2,4) => 2, [4,8) => 10, [8,16) => 13, [16,32) => 12, [32,64) => 6, [64,128) => 1, [128,256) => 1, [256,512) => 63
   Buffers: shared hit=48 read=47
 Settings: enable_bitmapscan = 'off', enable_seqscan = 'off', max_parallel_workers_per_gather = '0'
 Planning:
   Buffers: shared hit=82 read=22
 Planning Time: 1.288 ms
 Execution Time: 1.094 ms
(12 rows)

SET
SET
SET
SET
SET
                                             QUERY PLAN                                             
----------------------------------------------------------------------------------------------------
 Index Scan using idx on public.t (actual rows=4096.00 loops=1)
   Output: a, b
   Index Cond: ((t.a >= '-9318'::integer) AND (t.a <= '-9191'::integer))
   Index Searches: 1
   Buffers: shared hit=95
 Settings: enable_bitmapscan = 'off', enable_seqscan = 'off', max_parallel_workers_per_gather = '0'
 Planning:
   Buffers: shared hit=109
 Planning Time: 0.165 ms
 Execution Time: 0.214 ms
(10 rows)

