SET
SET
SET
SET
SET
                                                                QUERY PLAN                                                                 
-------------------------------------------------------------------------------------------------------------------------------------------
 Index Scan using idx on public.t (actual rows=16384.00 loops=1)
   Output: a, b
   Index Cond: ((t.a >= '-14064'::integer) AND (t.a <= '-13553'::integer))
   Index Searches: 1
   Prefetch: distance=214.507 count=509 stalls=4 skipped=15111 resets=0 ungets=177 forwarded=266
             histogram [2,4) => 9, [4,8) => 70, [8,16) => 10, [16,32) => 18, [32,64) => 1, [64,128) => 5, [128,256) => 1, [256,512) => 395
   Buffers: shared hit=202 read=172
 Settings: enable_bitmapscan = 'off', enable_seqscan = 'off', max_parallel_workers_per_gather = '0'
 Planning:
   Buffers: shared hit=82 read=22
 Planning Time: 1.283 ms
 Execution Time: 2.497 ms
(12 rows)

SET
SET
SET
SET
SET
                                             QUERY PLAN                                             
----------------------------------------------------------------------------------------------------
 Index Scan using idx on public.t (actual rows=16384.00 loops=1)
   Output: a, b
   Index Cond: ((t.a >= '-14064'::integer) AND (t.a <= '-13553'::integer))
   Index Searches: 1
   Buffers: shared hit=377
 Settings: enable_bitmapscan = 'off', enable_seqscan = 'off', max_parallel_workers_per_gather = '0'
 Planning:
   Buffers: shared hit=109
 Planning Time: 0.183 ms
 Execution Time: 0.833 ms
(10 rows)

