SET
SET
SET
SET
SET
                                                                 QUERY PLAN                                                                  
---------------------------------------------------------------------------------------------------------------------------------------------
 Index Scan using idx on public.t (actual rows=524288.00 loops=1)
   Output: a, b
   Index Cond: ((t.a >= '-18623'::integer) AND (t.a <= '-2240'::integer))
   Index Searches: 1
   Prefetch: distance=271.282 count=20824 stalls=4 skipped=512583 resets=0 ungets=9186 forwarded=12220
             histogram [2,4) => 4, [4,8) => 19, [8,16) => 14, [16,32) => 19, [32,64) => 1, [64,128) => 1, [128,256) => 1, [256,512) => 20765
   Buffers: shared hit=6568 read=5371
 Settings: enable_bitmapscan = 'off', enable_seqscan = 'off', max_parallel_workers_per_gather = '0'
 Planning:
   Buffers: shared hit=82 read=26
 Planning Time: 2.080 ms
 Execution Time: 35.059 ms
(12 rows)

SET
SET
SET
SET
SET
                                             QUERY PLAN                                             
----------------------------------------------------------------------------------------------------
 Index Scan using idx on public.t (actual rows=524288.00 loops=1)
   Output: a, b
   Index Cond: ((t.a >= '-18623'::integer) AND (t.a <= '-2240'::integer))
   Index Searches: 1
   Buffers: shared hit=12118
 Settings: enable_bitmapscan = 'off', enable_seqscan = 'off', max_parallel_workers_per_gather = '0'
 Planning:
   Buffers: shared hit=113
 Planning Time: 0.179 ms
 Execution Time: 22.314 ms
(10 rows)

