SET
SET
SET
SET
SET
                                                                  QUERY PLAN                                                                  
----------------------------------------------------------------------------------------------------------------------------------------------
 Index Scan using idx on public.t (actual rows=262144.00 loops=1)
   Output: a, b
   Index Cond: ((t.a >= '-37966'::integer) AND (t.a <= '-29775'::integer))
   Index Searches: 1
   Prefetch: distance=270.137 count=10315 stalls=5 skipped=256008 resets=0 ungets=4539 forwarded=6120
             histogram [2,4) => 10, [4,8) => 25, [8,16) => 7, [16,32) => 11, [32,64) => 16, [64,128) => 6, [128,256) => 1, [256,512) => 10239
   Buffers: shared hit=3271 read=2688
 Settings: enable_bitmapscan = 'off', enable_seqscan = 'off', max_parallel_workers_per_gather = '0'
 Planning:
   Buffers: shared hit=82 read=22
 Planning Time: 1.805 ms
 Execution Time: 18.884 ms
(12 rows)

SET
SET
SET
SET
SET
                                             QUERY PLAN                                             
----------------------------------------------------------------------------------------------------
 Index Scan using idx on public.t (actual rows=262144.00 loops=1)
   Output: a, b
   Index Cond: ((t.a >= '-37966'::integer) AND (t.a <= '-29775'::integer))
   Index Searches: 1
   Buffers: shared hit=6028
 Settings: enable_bitmapscan = 'off', enable_seqscan = 'off', max_parallel_workers_per_gather = '0'
 Planning:
   Buffers: shared hit=109
 Planning Time: 0.177 ms
 Execution Time: 9.991 ms
(10 rows)

