SET
SET
SET
SET
SET
                                                                 QUERY PLAN                                                                 
--------------------------------------------------------------------------------------------------------------------------------------------
 Index Scan using idx on public.t (actual rows=2048576.00 loops=1)
   Output: a, b
   Index Cond: ((t.a >= '-83678'::integer) AND (t.a <= '-19661'::integer))
   Index Searches: 1
   Prefetch: distance=271.778 count=81069 stalls=4 skipped=2003031 resets=0 ungets=35888 forwarded=48491
             histogram [2,4) => 9, [4,8) => 25, [8,16) => 8, [16,32) => 17, [32,64) => 9, [64,128) => 1, [128,256) => 1, [256,512) => 80999
   Buffers: shared hit=25478 read=20979
 Settings: enable_bitmapscan = 'off', enable_seqscan = 'off', max_parallel_workers_per_gather = '0'
 Planning:
   Buffers: shared hit=82 read=22
 Planning Time: 1.816 ms
 Execution Time: 132.746 ms
(12 rows)

SET
SET
SET
SET
SET
                                             QUERY PLAN                                             
----------------------------------------------------------------------------------------------------
 Index Scan using idx on public.t (actual rows=2048576.00 loops=1)
   Output: a, b
   Index Cond: ((t.a >= '-83678'::integer) AND (t.a <= '-19661'::integer))
   Index Searches: 1
   Buffers: shared hit=47029
 Settings: enable_bitmapscan = 'off', enable_seqscan = 'off', max_parallel_workers_per_gather = '0'
 Planning:
   Buffers: shared hit=109
 Planning Time: 0.183 ms
 Execution Time: 82.405 ms
(10 rows)

