SET
SET
SET
SET
SET
                                                               QUERY PLAN                                                                
-----------------------------------------------------------------------------------------------------------------------------------------
 Index Scan using idx on public.t (actual rows=8192.00 loops=1)
   Output: a, b
   Index Cond: ((t.a >= '-16052'::integer) AND (t.a <= '-15797'::integer))
   Index Searches: 1
   Prefetch: distance=234.594 count=293 stalls=3 skipped=7245 resets=0 ungets=116 forwarded=152
             histogram [2,4) => 2, [4,8) => 16, [8,16) => 6, [16,32) => 9, [32,64) => 5, [64,128) => 5, [128,256) => 4, [256,512) => 246
   Buffers: shared hit=121 read=87
 Settings: enable_bitmapscan = 'off', enable_seqscan = 'off', max_parallel_workers_per_gather = '0'
 Planning:
   Buffers: shared hit=82 read=22
 Planning Time: 1.302 ms
 Execution Time: 1.543 ms
(12 rows)

SET
SET
SET
SET
SET
                                             QUERY PLAN                                             
----------------------------------------------------------------------------------------------------
 Index Scan using idx on public.t (actual rows=8192.00 loops=1)
   Output: a, b
   Index Cond: ((t.a >= '-16052'::integer) AND (t.a <= '-15797'::integer))
   Index Searches: 1
   Buffers: shared hit=210
 Settings: enable_bitmapscan = 'off', enable_seqscan = 'off', max_parallel_workers_per_gather = '0'
 Planning:
   Buffers: shared hit=109
 Planning Time: 0.119 ms
 Execution Time: 0.363 ms
(10 rows)

