SET
SET
SET
SET
SET
                                                                QUERY PLAN                                                                 
-------------------------------------------------------------------------------------------------------------------------------------------
 Index Scan using idx on public.t (actual rows=65536.00 loops=1)
   Output: a, b
   Index Cond: ((t.a >= '-17742'::integer) AND (t.a <= '-15695'::integer))
   Index Searches: 1
   Prefetch: distance=265.546 count=2546 stalls=3 skipped=63420 resets=0 ungets=1104 forwarded=1472
             histogram [2,4) => 6, [4,8) => 21, [8,16) => 14, [16,32) => 9, [32,64) => 9, [64,128) => 4, [128,256) => 5, [256,512) => 2478
   Buffers: shared hit=827 read=675
 Settings: enable_bitmapscan = 'off', enable_seqscan = 'off', max_parallel_workers_per_gather = '0'
 Planning:
   Buffers: shared hit=82 read=22
 Planning Time: 1.811 ms
 Execution Time: 6.082 ms
(12 rows)

SET
SET
SET
SET
SET
                                             QUERY PLAN                                             
----------------------------------------------------------------------------------------------------
 Index Scan using idx on public.t (actual rows=65536.00 loops=1)
   Output: a, b
   Index Cond: ((t.a >= '-17742'::integer) AND (t.a <= '-15695'::integer))
   Index Searches: 1
   Buffers: shared hit=1523
 Settings: enable_bitmapscan = 'off', enable_seqscan = 'off', max_parallel_workers_per_gather = '0'
 Planning:
   Buffers: shared hit=109
 Planning Time: 0.178 ms
 Execution Time: 2.780 ms
(10 rows)

