SET
SET
SET
SET
SET
                                                                  QUERY PLAN                                                                  
----------------------------------------------------------------------------------------------------------------------------------------------
 Index Scan using idx on public.t (actual rows=6048576.00 loops=1)
   Output: a, b
   Index Cond: ((t.a >= '-208536'::integer) AND (t.a <= '-19519'::integer))
   Index Searches: 1
   Prefetch: distance=271.941 count=237183 stalls=2 skipped=5915016 resets=0 ungets=104008 forwarded=140586
             histogram [2,4) => 4, [4,8) => 16, [8,16) => 11, [16,32) => 15, [32,64) => 1, [64,128) => 6, [128,256) => 1, [256,512) => 237129
   Buffers: shared hit=74353 read=61934
 Settings: enable_bitmapscan = 'off', enable_seqscan = 'off', max_parallel_workers_per_gather = '0'
 Planning:
   Buffers: shared hit=82 read=22
 Planning Time: 1.856 ms
 Execution Time: 370.168 ms
(12 rows)

SET
SET
SET
SET
SET
                                             QUERY PLAN                                             
----------------------------------------------------------------------------------------------------
 Index Scan using idx on public.t (actual rows=6048576.00 loops=1)
   Output: a, b
   Index Cond: ((t.a >= '-208536'::integer) AND (t.a <= '-19519'::integer))
   Index Searches: 1
   Buffers: shared hit=138589
 Settings: enable_bitmapscan = 'off', enable_seqscan = 'off', max_parallel_workers_per_gather = '0'
 Planning:
   Buffers: shared hit=109
 Planning Time: 0.178 ms
 Execution Time: 247.334 ms
(10 rows)

