SET
SET
SET
SET
SET
                                                                  QUERY PLAN                                                                  
----------------------------------------------------------------------------------------------------------------------------------------------
 Index Scan using idx on public.t (actual rows=3048576.00 loops=1)
   Output: a, b
   Index Cond: ((t.a >= '-99730'::integer) AND (t.a <= '-4463'::integer))
   Index Searches: 1
   Prefetch: distance=271.852 count=120409 stalls=13 skipped=2980736 resets=0 ungets=53177 forwarded=71712
             histogram [2,4) => 21, [4,8) => 15, [8,16) => 8, [16,32) => 11, [32,64) => 9, [64,128) => 1, [128,256) => 5, [256,512) => 120339
   Buffers: shared hit=37832 read=31216
 Settings: enable_bitmapscan = 'off', enable_seqscan = 'off', max_parallel_workers_per_gather = '0'
 Planning:
   Buffers: shared hit=82 read=26
 Planning Time: 2.084 ms
 Execution Time: 199.109 ms
(12 rows)

SET
SET
SET
SET
SET
                                             QUERY PLAN                                             
----------------------------------------------------------------------------------------------------
 Index Scan using idx on public.t (actual rows=3048576.00 loops=1)
   Output: a, b
   Index Cond: ((t.a >= '-99730'::integer) AND (t.a <= '-4463'::integer))
   Index Searches: 1
   Buffers: shared hit=69987
 Settings: enable_bitmapscan = 'off', enable_seqscan = 'off', max_parallel_workers_per_gather = '0'
 Planning:
   Buffers: shared hit=113
 Planning Time: 0.187 ms
 Execution Time: 131.691 ms
(10 rows)

