SET
SET
SET
SET
SET
                                                                  QUERY PLAN                                                                  
----------------------------------------------------------------------------------------------------------------------------------------------
 Index Scan using idx on public.t (actual rows=4048576.00 loops=1)
   Output: a, b
   Index Cond: ((t.a >= '-154517'::integer) AND (t.a <= '-28000'::integer))
   Index Searches: 1
   Prefetch: distance=271.934 count=159208 stalls=1 skipped=3959463 resets=0 ungets=70145 forwarded=94886
             histogram [2,4) => 2, [4,8) => 10, [8,16) => 12, [16,32) => 13, [32,64) => 1, [64,128) => 1, [128,256) => 6, [256,512) => 159163
   Buffers: shared hit=49974 read=41456
 Settings: enable_bitmapscan = 'off', enable_seqscan = 'off', max_parallel_workers_per_gather = '0'
 Planning:
   Buffers: shared hit=82 read=22
 Planning Time: 1.831 ms
 Execution Time: 255.405 ms
(12 rows)

SET
SET
SET
SET
SET
                                             QUERY PLAN                                             
----------------------------------------------------------------------------------------------------
 Index Scan using idx on public.t (actual rows=4048576.00 loops=1)
   Output: a, b
   Index Cond: ((t.a >= '-154517'::integer) AND (t.a <= '-28000'::integer))
   Index Searches: 1
   Buffers: shared hit=92685
 Settings: enable_bitmapscan = 'off', enable_seqscan = 'off', max_parallel_workers_per_gather = '0'
 Planning:
   Buffers: shared hit=109
 Planning Time: 0.178 ms
 Execution Time: 162.686 ms
(10 rows)

