SET
SET
SET
SET
SET
                                                                 QUERY PLAN                                                                 
--------------------------------------------------------------------------------------------------------------------------------------------
 Index Scan using idx on public.t (actual rows=5048576.00 loops=1)
   Output: a, b
   Index Cond: ((t.a >= '-189850'::integer) AND (t.a <= '-32083'::integer))
   Index Searches: 1
   Prefetch: distance=271.937 count=199152 stalls=1 skipped=4936886 resets=0 ungets=87931 forwarded=118757
             histogram [2,4) => 2, [4,8) => 17, [8,16) => 5, [16,32) => 9, [32,64) => 9, [64,128) => 5, [128,256) => 4, [256,512) => 199101
   Buffers: shared hit=62545 read=51695
 Settings: enable_bitmapscan = 'off', enable_seqscan = 'off', max_parallel_workers_per_gather = '0'
 Planning:
   Buffers: shared hit=82 read=22
 Planning Time: 1.798 ms
 Execution Time: 316.487 ms
(12 rows)

SET
SET
SET
SET
SET
                                             QUERY PLAN                                             
----------------------------------------------------------------------------------------------------
 Index Scan using idx on public.t (actual rows=5048576.00 loops=1)
   Output: a, b
   Index Cond: ((t.a >= '-189850'::integer) AND (t.a <= '-32083'::integer))
   Index Searches: 1
   Buffers: shared hit=115745
 Settings: enable_bitmapscan = 'off', enable_seqscan = 'off', max_parallel_workers_per_gather = '0'
 Planning:
   Buffers: shared hit=109
 Planning Time: 0.188 ms
 Execution Time: 201.453 ms
(10 rows)

