SET
SET
SET
SET
SET
                                                                  QUERY PLAN                                                                  
----------------------------------------------------------------------------------------------------------------------------------------------
 Index Scan using idx on public.t (actual rows=9048576.00 loops=1)
   Output: a, b
   Index Cond: ((t.a >= '-298215'::integer) AND (t.a <= '-15448'::integer))
   Index Searches: 1
   Prefetch: distance=271.953 count=355452 stalls=4 skipped=8848197 resets=0 ungets=155812 forwarded=210236
             histogram [2,4) => 9, [4,8) => 19, [8,16) => 13, [16,32) => 14, [32,64) => 1, [64,128) => 4, [128,256) => 1, [256,512) => 355391
   Buffers: shared hit=111544 read=92650
 Settings: enable_bitmapscan = 'off', enable_seqscan = 'off', max_parallel_workers_per_gather = '0'
 Planning:
   Buffers: shared hit=82 read=22
 Planning Time: 1.818 ms
 Execution Time: 563.059 ms
(12 rows)

SET
SET
SET
SET
SET
                                             QUERY PLAN                                             
----------------------------------------------------------------------------------------------------
 Index Scan using idx on public.t (actual rows=9048576.00 loops=1)
   Output: a, b
   Index Cond: ((t.a >= '-298215'::integer) AND (t.a <= '-15448'::integer))
   Index Searches: 1
   Buffers: shared hit=207752
 Settings: enable_bitmapscan = 'off', enable_seqscan = 'off', max_parallel_workers_per_gather = '0'
 Planning:
   Buffers: shared hit=109
 Planning Time: 0.223 ms
 Execution Time: 361.558 ms
(10 rows)

