SET
SET
SET
SET
SET
                                                              QUERY PLAN                                                               
---------------------------------------------------------------------------------------------------------------------------------------
 Index Scan using idx on public.t (actual rows=2048.00 loops=1)
   Output: a, b
   Index Cond: ((t.a >= '-8100'::integer) AND (t.a <= '-8037'::integer))
   Index Searches: 1
   Buffers: shared hit=24 read=26
 Settings: enable_bitmapscan = 'off', enable_seqscan = 'off', max_parallel_workers_per_gather = '0', enable_indexscan_prefetch = 'off'
 Planning:
   Buffers: shared hit=82 read=22
 Planning Time: 1.295 ms
 Execution Time: 0.814 ms
(10 rows)

SET
SET
SET
SET
SET
                                                              QUERY PLAN                                                               
---------------------------------------------------------------------------------------------------------------------------------------
 Index Scan using idx on public.t (actual rows=2048.00 loops=1)
   Output: a, b
   Index Cond: ((t.a >= '-8100'::integer) AND (t.a <= '-8037'::integer))
   Index Searches: 1
   Buffers: shared hit=50
 Settings: enable_bitmapscan = 'off', enable_seqscan = 'off', max_parallel_workers_per_gather = '0', enable_indexscan_prefetch = 'off'
 Planning:
   Buffers: shared hit=109
 Planning Time: 0.119 ms
 Execution Time: 0.097 ms
(10 rows)

