SET
SET
SET
SET
SET
                                                                QUERY PLAN                                                                
------------------------------------------------------------------------------------------------------------------------------------------
 Index Scan using idx on public.t (actual rows=1024.00 loops=1)
   Output: a, b
   Index Cond: ((t.a >= 17957) AND (t.a <= 18212))
   Index Searches: 1
   Prefetch: distance=252.515 count=643 stalls=1 skipped=240 resets=0 ungets=179 forwarded=4
             histogram [2,4) => 2, [4,8) => 4, [8,16) => 6, [16,32) => 21, [32,64) => 16, [64,128) => 3, [128,256) => 4, [256,512) => 587
   Buffers: shared hit=32 read=651
 Settings: enable_bitmapscan = 'off', enable_seqscan = 'off', max_parallel_workers_per_gather = '0'
 Planning:
   Buffers: shared hit=81 read=28
 Planning Time: 2.050 ms
 Execution Time: 14.821 ms
(12 rows)

SET
SET
SET
SET
SET
                                             QUERY PLAN                                             
----------------------------------------------------------------------------------------------------
 Index Scan using idx on public.t (actual rows=1024.00 loops=1)
   Output: a, b
   Index Cond: ((t.a >= 17957) AND (t.a <= 18212))
   Index Searches: 1
   Buffers: shared hit=683
 Settings: enable_bitmapscan = 'off', enable_seqscan = 'off', max_parallel_workers_per_gather = '0'
 Planning:
   Buffers: shared hit=114
 Planning Time: 0.207 ms
 Execution Time: 0.653 ms
(10 rows)

