SET
SET
SET
SET
SET
                                                                QUERY PLAN                                                                 
-------------------------------------------------------------------------------------------------------------------------------------------
 Index Scan using idx on public.t (actual rows=4096.00 loops=1)
   Output: a, b
   Index Cond: ((t.a >= 30841) AND (t.a <= 31864))
   Index Searches: 1
   Prefetch: distance=268.988 count=3626 stalls=1 skipped=1367 resets=0 ungets=1117 forwarded=65
             histogram [2,4) => 2, [4,8) => 4, [8,16) => 6, [16,32) => 11, [32,64) => 15, [64,128) => 2, [128,256) => 3, [256,512) => 3583
   Buffers: shared hit=250 read=2408
 Settings: enable_bitmapscan = 'off', enable_seqscan = 'off', max_parallel_workers_per_gather = '0'
 Planning:
   Buffers: shared hit=77 read=24
 Planning Time: 1.876 ms
 Execution Time: 19.410 ms
(12 rows)

SET
SET
SET
SET
SET
                                             QUERY PLAN                                             
----------------------------------------------------------------------------------------------------
 Index Scan using idx on public.t (actual rows=4096.00 loops=1)
   Output: a, b
   Index Cond: ((t.a >= 30841) AND (t.a <= 31864))
   Index Searches: 1
   Buffers: shared hit=2658
 Settings: enable_bitmapscan = 'off', enable_seqscan = 'off', max_parallel_workers_per_gather = '0'
 Planning:
   Buffers: shared hit=106
 Planning Time: 0.187 ms
 Execution Time: 1.748 ms
(10 rows)

