SET
SET
SET
SET
SET
                                                                QUERY PLAN                                                                
------------------------------------------------------------------------------------------------------------------------------------------
 Index Scan using idx on public.t (actual rows=8192.00 loops=1)
   Output: a, b
   Index Cond: ((t.a >= 24758) AND (t.a <= 26805))
   Index Searches: 1
   Prefetch: distance=270.182 count=7053 stalls=1 skipped=2684 resets=0 ungets=2049 forwarded=196
             histogram [2,4) => 2, [4,8) => 3, [8,16) => 7, [16,32) => 9, [32,64) => 17, [64,128) => 4, [128,256) => 2, [256,512) => 7009
   Buffers: shared hit=1037 read=4307
 Settings: enable_bitmapscan = 'off', enable_seqscan = 'off', max_parallel_workers_per_gather = '0'
 Planning:
   Buffers: shared hit=77 read=24
 Planning Time: 1.840 ms
 Execution Time: 38.807 ms
(12 rows)

SET
SET
SET
SET
SET
                                             QUERY PLAN                                             
----------------------------------------------------------------------------------------------------
 Index Scan using idx on public.t (actual rows=8192.00 loops=1)
   Output: a, b
   Index Cond: ((t.a >= 24758) AND (t.a <= 26805))
   Index Searches: 1
   Buffers: shared hit=5346
 Settings: enable_bitmapscan = 'off', enable_seqscan = 'off', max_parallel_workers_per_gather = '0'
 Planning:
   Buffers: shared hit=106
 Planning Time: 0.187 ms
 Execution Time: 3.254 ms
(10 rows)

