SET
SET
SET
SET
SET
                                                                    QUERY PLAN                                                                    
--------------------------------------------------------------------------------------------------------------------------------------------------
 Index Scan using idx on public.t (actual rows=262144.00 loops=1)
   Output: a, b
   Index Cond: ((t.a >= 11521) AND (t.a <= 77056))
   Index Searches: 1
   Prefetch: distance=254.394 count=178474 stalls=1 skipped=92090 resets=0 ungets=8432 forwarded=3079
             histogram [2,4) => 2, [4,8) => 3, [8,16) => 7, [16,32) => 25, [32,64) => 8, [64,128) => 160, [128,256) => 67051, [256,512) => 111218
   Buffers: shared hit=151100 read=19349
 Settings: enable_bitmapscan = 'off', enable_seqscan = 'off', max_parallel_workers_per_gather = '0'
 Planning:
   Buffers: shared hit=77 read=28
 Planning Time: 2.023 ms
 Execution Time: 125.925 ms
(12 rows)

SET
SET
SET
SET
SET
                                             QUERY PLAN                                             
----------------------------------------------------------------------------------------------------
 Index Scan using idx on public.t (actual rows=262144.00 loops=1)
   Output: a, b
   Index Cond: ((t.a >= 11521) AND (t.a <= 77056))
   Index Searches: 1
   Buffers: shared hit=170450
 Settings: enable_bitmapscan = 'off', enable_seqscan = 'off', max_parallel_workers_per_gather = '0'
 Planning:
   Buffers: shared hit=110
 Planning Time: 0.222 ms
 Execution Time: 55.226 ms
(10 rows)

