SET
SET
SET
SET
SET
                                                                  QUERY PLAN                                                                   
-----------------------------------------------------------------------------------------------------------------------------------------------
 Index Scan using idx on public.t (actual rows=65536.00 loops=1)
   Output: a, b
   Index Cond: ((t.a >= 24450) AND (t.a <= 40833))
   Index Searches: 1
   Prefetch: distance=267.718 count=50772 stalls=1 skipped=22858 resets=0 ungets=8494 forwarded=2048
             histogram [2,4) => 4, [4,8) => 6, [8,16) => 6, [16,32) => 13, [32,64) => 18, [64,128) => 3, [128,256) => 2980, [256,512) => 47742
   Buffers: shared hit=28487 read=14161
 Settings: enable_bitmapscan = 'off', enable_seqscan = 'off', max_parallel_workers_per_gather = '0'
 Planning:
   Buffers: shared hit=77 read=24
 Planning Time: 1.842 ms
 Execution Time: 72.653 ms
(12 rows)

SET
SET
SET
SET
SET
                                             QUERY PLAN                                             
----------------------------------------------------------------------------------------------------
 Index Scan using idx on public.t (actual rows=65536.00 loops=1)
   Output: a, b
   Index Cond: ((t.a >= 24450) AND (t.a <= 40833))
   Index Searches: 1
   Buffers: shared hit=42649
 Settings: enable_bitmapscan = 'off', enable_seqscan = 'off', max_parallel_workers_per_gather = '0'
 Planning:
   Buffers: shared hit=106
 Planning Time: 0.184 ms
 Execution Time: 17.145 ms
(10 rows)

