SET
SET
SET
SET
SET
                                                                  QUERY PLAN                                                                  
----------------------------------------------------------------------------------------------------------------------------------------------
 Index Scan using idx on public.t (actual rows=32768.00 loops=1)
   Output: a, b
   Index Cond: ((t.a >= 17059) AND (t.a <= 25250))
   Index Searches: 1
   Prefetch: distance=269.945 count=26759 stalls=1 skipped=11304 resets=0 ungets=5867 forwarded=1196
             histogram [2,4) => 2, [4,8) => 8, [8,16) => 6, [16,32) => 13, [32,64) => 15, [64,128) => 4, [128,256) => 131, [256,512) => 26580
   Buffers: shared hit=10925 read=10404
 Settings: enable_bitmapscan = 'off', enable_seqscan = 'off', max_parallel_workers_per_gather = '0'
 Planning:
   Buffers: shared hit=77 read=28
 Planning Time: 2.101 ms
 Execution Time: 66.030 ms
(12 rows)

SET
SET
SET
SET
SET
                                             QUERY PLAN                                             
----------------------------------------------------------------------------------------------------
 Index Scan using idx on public.t (actual rows=32768.00 loops=1)
   Output: a, b
   Index Cond: ((t.a >= 17059) AND (t.a <= 25250))
   Index Searches: 1
   Buffers: shared hit=21329
 Settings: enable_bitmapscan = 'off', enable_seqscan = 'off', max_parallel_workers_per_gather = '0'
 Planning:
   Buffers: shared hit=110
 Planning Time: 0.191 ms
 Execution Time: 7.099 ms
(10 rows)

