SET
SET
SET
SET
SET
                                                                   QUERY PLAN                                                                   
------------------------------------------------------------------------------------------------------------------------------------------------
 Index Scan using idx on public.t (actual rows=131072.00 loops=1)
   Output: a, b
   Index Cond: ((t.a >= 25180) AND (t.a <= 57947))
   Index Searches: 1
   Prefetch: distance=263.006 count=94131 stalls=1 skipped=46054 resets=0 ungets=9265 forwarded=2739
             histogram [2,4) => 2, [4,8) => 3, [8,16) => 8, [16,32) => 10, [32,64) => 17, [64,128) => 5, [128,256) => 17304, [256,512) => 76782
   Buffers: shared hit=68124 read=17043
 Settings: enable_bitmapscan = 'off', enable_seqscan = 'off', max_parallel_workers_per_gather = '0'
 Planning:
   Buffers: shared hit=77 read=24
 Planning Time: 1.842 ms
 Execution Time: 88.615 ms
(12 rows)

SET
SET
SET
SET
SET
                                             QUERY PLAN                                             
----------------------------------------------------------------------------------------------------
 Index Scan using idx on public.t (actual rows=131072.00 loops=1)
   Output: a, b
   Index Cond: ((t.a >= 25180) AND (t.a <= 57947))
   Index Searches: 1
   Buffers: shared hit=85170
 Settings: enable_bitmapscan = 'off', enable_seqscan = 'off', max_parallel_workers_per_gather = '0'
 Planning:
   Buffers: shared hit=106
 Planning Time: 0.178 ms
 Execution Time: 26.384 ms
(10 rows)

