SET
SET
SET
SET
SET
                                                                        QUERY PLAN                                                                         
-----------------------------------------------------------------------------------------------------------------------------------------------------------
 Index Scan using idx on public.t (actual rows=524288.00 loops=1)
   Output: a, b
   Index Cond: ((t.a >= 9621) AND (t.a <= 140692))
   Index Searches: 1
   Prefetch: distance=236.948 count=199927 stalls=148433 skipped=183958 resets=0 ungets=8293 forwarded=3287
             histogram [2,4) => 8057, [4,8) => 4919, [8,16) => 282, [16,32) => 28, [32,64) => 49, [64,128) => 259, [128,256) => 72606, [256,512) => 113727
   Buffers: shared hit=315329 read=25698
 Settings: enable_bitmapscan = 'off', enable_seqscan = 'off', max_parallel_workers_per_gather = '0'
 Planning:
   Buffers: shared hit=77 read=28
 Planning Time: 2.021 ms
 Execution Time: 231.734 ms
(12 rows)

SET
SET
SET
SET
SET
                                             QUERY PLAN                                             
----------------------------------------------------------------------------------------------------
 Index Scan using idx on public.t (actual rows=524288.00 loops=1)
   Output: a, b
   Index Cond: ((t.a >= 9621) AND (t.a <= 140692))
   Index Searches: 1
   Buffers: shared hit=341027
 Settings: enable_bitmapscan = 'off', enable_seqscan = 'off', max_parallel_workers_per_gather = '0'
 Planning:
   Buffers: shared hit=110
 Planning Time: 0.189 ms
 Execution Time: 102.694 ms
(10 rows)

