SET
SET
SET
SET
SET
                                                                 QUERY PLAN                                                                 
--------------------------------------------------------------------------------------------------------------------------------------------
 Index Scan using idx on public.t (actual rows=16384.00 loops=1)
   Output: a, b
   Index Cond: ((t.a >= 31417) AND (t.a <= 35512))
   Index Searches: 1
   Prefetch: distance=270.499 count=14014 stalls=1 skipped=5552 resets=0 ungets=3770 forwarded=550
             histogram [2,4) => 2, [4,8) => 4, [8,16) => 5, [16,32) => 10, [32,64) => 19, [64,128) => 8, [128,256) => 4, [256,512) => 13962
   Buffers: shared hit=3381 read=7279
 Settings: enable_bitmapscan = 'off', enable_seqscan = 'off', max_parallel_workers_per_gather = '0'
 Planning:
   Buffers: shared hit=77 read=24
 Planning Time: 1.840 ms
 Execution Time: 53.855 ms
(12 rows)

SET
SET
SET
SET
SET
                                             QUERY PLAN                                             
----------------------------------------------------------------------------------------------------
 Index Scan using idx on public.t (actual rows=16384.00 loops=1)
   Output: a, b
   Index Cond: ((t.a >= 31417) AND (t.a <= 35512))
   Index Searches: 1
   Buffers: shared hit=10660
 Settings: enable_bitmapscan = 'off', enable_seqscan = 'off', max_parallel_workers_per_gather = '0'
 Planning:
   Buffers: shared hit=106
 Planning Time: 0.170 ms
 Execution Time: 4.269 ms
(10 rows)

