SET
SET
SET
SET
SET
                                                                             QUERY PLAN                                                                             
--------------------------------------------------------------------------------------------------------------------------------------------------------------------
 Index Scan using idx on public.t (actual rows=8048576.00 loops=1)
   Output: a, b
   Index Cond: ((t.a >= 4235) AND (t.a <= 2016378))
   Index Searches: 1
   Prefetch: distance=130.073 count=832510 stalls=4398045 skipped=2825508 resets=0 ungets=7918 forwarded=10669
             histogram [2,4) => 245505, [4,8) => 145213, [8,16) => 6939, [16,32) => 482, [32,64) => 876, [64,128) => 2685, [128,256) => 219199, [256,512) => 211611
   Buffers: shared hit=5019328 read=215646
 Settings: enable_bitmapscan = 'off', enable_seqscan = 'off', max_parallel_workers_per_gather = '0'
 Planning:
   Buffers: shared hit=77 read=28
 Planning Time: 2.040 ms
 Execution Time: 3244.219 ms
(12 rows)

SET
SET
SET
SET
SET
                                             QUERY PLAN                                             
----------------------------------------------------------------------------------------------------
 Index Scan using idx on public.t (actual rows=8048576.00 loops=1)
   Output: a, b
   Index Cond: ((t.a >= 4235) AND (t.a <= 2016378))
   Index Searches: 1
   Buffers: shared hit=5234978
 Settings: enable_bitmapscan = 'off', enable_seqscan = 'off', max_parallel_workers_per_gather = '0'
 Planning:
   Buffers: shared hit=110
 Planning Time: 0.235 ms
 Execution Time: 1647.348 ms
(10 rows)

