SET
SET
SET
SET
                                             QUERY PLAN                                             
----------------------------------------------------------------------------------------------------
 Index Scan using idx on public.t (actual rows=7048576.00 loops=1)
   Output: a, b
   Index Cond: ((t.a >= 23373) AND (t.a <= 1785516))
   Index Searches: 1
   Buffers: shared hit=4392696 read=192128
 Settings: enable_bitmapscan = 'off', enable_seqscan = 'off', max_parallel_workers_per_gather = '0'
 Planning:
   Buffers: shared hit=77 read=28
 Planning Time: 2.025 ms
 Execution Time: 2501.543 ms
(10 rows)

SET
SET
SET
SET
                                             QUERY PLAN                                             
----------------------------------------------------------------------------------------------------
 Index Scan using idx on public.t (actual rows=7048576.00 loops=1)
   Output: a, b
   Index Cond: ((t.a >= 23373) AND (t.a <= 1785516))
   Index Searches: 1
   Buffers: shared hit=4584824
 Settings: enable_bitmapscan = 'off', enable_seqscan = 'off', max_parallel_workers_per_gather = '0'
 Planning:
   Buffers: shared hit=110
 Planning Time: 0.273 ms
 Execution Time: 1441.292 ms
(10 rows)

