SET
SET
SET
SET
SET
                                                                QUERY PLAN                                                                 
-------------------------------------------------------------------------------------------------------------------------------------------
 Index Scan using idx on public.t (actual rows=4096.00 loops=1)
   Output: a, b
   Index Cond: ((t.a >= 11418) AND (t.a <= 12441))
   Index Searches: 1
   Prefetch: distance=268.136 count=3349 stalls=1 skipped=1321 resets=0 ungets=998 forwarded=70
             histogram [2,4) => 2, [4,8) => 8, [8,16) => 9, [16,32) => 14, [32,64) => 13, [64,128) => 2, [128,256) => 5, [256,512) => 3296
   Buffers: shared hit=372 read=2272
 Settings: enable_bitmapscan = 'off', enable_seqscan = 'off', max_parallel_workers_per_gather = '0'
 Planning:
   Buffers: shared hit=81 read=28
 Planning Time: 2.031 ms
 Execution Time: 26.942 ms
(12 rows)

SET
SET
SET
SET
SET
                                             QUERY PLAN                                             
----------------------------------------------------------------------------------------------------
 Index Scan using idx on public.t (actual rows=4096.00 loops=1)
   Output: a, b
   Index Cond: ((t.a >= 11418) AND (t.a <= 12441))
   Index Searches: 1
   Buffers: shared hit=2644
 Settings: enable_bitmapscan = 'off', enable_seqscan = 'off', max_parallel_workers_per_gather = '0'
 Planning:
   Buffers: shared hit=114
 Planning Time: 0.179 ms
 Execution Time: 1.184 ms
(10 rows)

