SET
SET
SET
SET
SET
                                                                    QUERY PLAN                                                                     
---------------------------------------------------------------------------------------------------------------------------------------------------
 Index Scan using idx on public.t (actual rows=262144.00 loops=1)
   Output: a, b
   Index Cond: ((t.a >= 6678) AND (t.a <= 72213))
   Index Searches: 1
   Prefetch: distance=253.615 count=178163 stalls=1 skipped=92175 resets=0 ungets=8206 forwarded=3030
             histogram [2,4) => 2, [4,8) => 4, [8,16) => 6, [16,32) => 20, [32,64) => 15, [64,128) => 447, [128,256) => 68522, [256,512) => 109147
   Buffers: shared hit=151511 read=18853
 Settings: enable_bitmapscan = 'off', enable_seqscan = 'off', max_parallel_workers_per_gather = '0'
 Planning:
   Buffers: shared hit=77 read=28
 Planning Time: 2.032 ms
 Execution Time: 117.956 ms
(12 rows)

SET
SET
SET
SET
SET
                                             QUERY PLAN                                             
----------------------------------------------------------------------------------------------------
 Index Scan using idx on public.t (actual rows=262144.00 loops=1)
   Output: a, b
   Index Cond: ((t.a >= 6678) AND (t.a <= 72213))
   Index Searches: 1
   Buffers: shared hit=170366
 Settings: enable_bitmapscan = 'off', enable_seqscan = 'off', max_parallel_workers_per_gather = '0'
 Planning:
   Buffers: shared hit=110
 Planning Time: 0.190 ms
 Execution Time: 50.890 ms
(10 rows)

