SET
SET
SET
SET
SET
                                                                            QUERY PLAN                                                                            
------------------------------------------------------------------------------------------------------------------------------------------------------------------
 Index Scan using idx on public.t (actual rows=2048576.00 loops=1)
   Output: a, b
   Index Cond: ((t.a >= 7211) AND (t.a <= 519354))
   Index Searches: 1
   Prefetch: distance=199.586 count=416914 stalls=919971 skipped=719230 resets=0 ungets=8090 forwarded=5330
             histogram [2,4) => 51081, [4,8) => 30583, [8,16) => 1549, [16,32) => 104, [32,64) => 213, [64,128) => 1300, [128,256) => 159565, [256,512) => 172519
   Buffers: shared hit=1268057 read=64164
 Settings: enable_bitmapscan = 'off', enable_seqscan = 'off', max_parallel_workers_per_gather = '0'
 Planning:
   Buffers: shared hit=77 read=28
 Planning Time: 2.076 ms
 Execution Time: 789.627 ms
(12 rows)

SET
SET
SET
SET
SET
                                             QUERY PLAN                                             
----------------------------------------------------------------------------------------------------
 Index Scan using idx on public.t (actual rows=2048576.00 loops=1)
   Output: a, b
   Index Cond: ((t.a >= 7211) AND (t.a <= 519354))
   Index Searches: 1
   Buffers: shared hit=1332221
 Settings: enable_bitmapscan = 'off', enable_seqscan = 'off', max_parallel_workers_per_gather = '0'
 Planning:
   Buffers: shared hit=110
 Planning Time: 0.212 ms
 Execution Time: 417.612 ms
(10 rows)

