SET
SET
SET
SET
SET
                                                                           QUERY PLAN                                                                           
----------------------------------------------------------------------------------------------------------------------------------------------------------------
 Index Scan using idx on public.t (actual rows=3048576.00 loops=1)
   Output: a, b
   Index Cond: ((t.a >= 29442) AND (t.a <= 791585))
   Index Searches: 1
   Prefetch: distance=235.659 count=1391581 stalls=595972 skipped=1069971 resets=0 ungets=9419 forwarded=11266
             histogram [2,4) => 33130, [4,8) => 19826, [8,16) => 875, [16,32) => 71, [32,64) => 552, [64,128) => 5092, [128,256) => 749443, [256,512) => 582592
   Buffers: shared hit=1891605 read=91408
 Settings: enable_bitmapscan = 'off', enable_seqscan = 'off', max_parallel_workers_per_gather = '0'
 Planning:
   Buffers: shared hit=77 read=24
 Planning Time: 1.952 ms
 Execution Time: 1109.564 ms
(12 rows)

SET
SET
SET
SET
SET
                                             QUERY PLAN                                             
----------------------------------------------------------------------------------------------------
 Index Scan using idx on public.t (actual rows=3048576.00 loops=1)
   Output: a, b
   Index Cond: ((t.a >= 29442) AND (t.a <= 791585))
   Index Searches: 1
   Buffers: shared hit=1983016
 Settings: enable_bitmapscan = 'off', enable_seqscan = 'off', max_parallel_workers_per_gather = '0'
 Planning:
   Buffers: shared hit=106
 Planning Time: 0.212 ms
 Execution Time: 624.945 ms
(10 rows)

