SET
SET
SET
SET
SET
                                                                             QUERY PLAN                                                                             
--------------------------------------------------------------------------------------------------------------------------------------------------------------------
 Index Scan using idx on public.t (actual rows=6048576.00 loops=1)
   Output: a, b
   Index Cond: ((t.a >= 13385) AND (t.a <= 1525528))
   Index Searches: 1
   Prefetch: distance=145.724 count=703338 stalls=3230089 skipped=2122894 resets=0 ungets=8316 forwarded=9034
             histogram [2,4) => 180068, [4,8) => 106728, [8,16) => 5063, [16,32) => 424, [32,64) => 875, [64,128) => 2283, [128,256) => 203039, [256,512) => 204858
   Buffers: shared hit=3768721 read=165826
 Settings: enable_bitmapscan = 'off', enable_seqscan = 'off', max_parallel_workers_per_gather = '0'
 Planning:
   Buffers: shared hit=77 read=28
 Planning Time: 2.053 ms
 Execution Time: 2389.865 ms
(12 rows)

SET
SET
SET
SET
SET
                                             QUERY PLAN                                             
----------------------------------------------------------------------------------------------------
 Index Scan using idx on public.t (actual rows=6048576.00 loops=1)
   Output: a, b
   Index Cond: ((t.a >= 13385) AND (t.a <= 1525528))
   Index Searches: 1
   Buffers: shared hit=3934547
 Settings: enable_bitmapscan = 'off', enable_seqscan = 'off', max_parallel_workers_per_gather = '0'
 Planning:
   Buffers: shared hit=110
 Planning Time: 0.239 ms
 Execution Time: 1229.497 ms
(10 rows)

