SET
SET
SET
SET
SET
                                                                             QUERY PLAN                                                                             
--------------------------------------------------------------------------------------------------------------------------------------------------------------------
 Index Scan using idx on public.t (actual rows=9048576.00 loops=1)
   Output: a, b
   Index Cond: ((t.a >= 9335) AND (t.a <= 2271478))
   Index Searches: 1
   Prefetch: distance=120.595 count=874804 stalls=5005549 skipped=3176490 resets=0 ungets=8338 forwarded=11453
             histogram [2,4) => 279527, [4,8) => 165124, [8,16) => 7795, [16,32) => 489, [32,64) => 877, [64,128) => 2543, [128,256) => 210532, [256,512) => 207917
   Buffers: shared hit=5644205 read=241403
 Settings: enable_bitmapscan = 'off', enable_seqscan = 'off', max_parallel_workers_per_gather = '0'
 Planning:
   Buffers: shared hit=77 read=28
 Planning Time: 2.008 ms
 Execution Time: 3568.839 ms
(12 rows)

SET
SET
SET
SET
SET
                                             QUERY PLAN                                             
----------------------------------------------------------------------------------------------------
 Index Scan using idx on public.t (actual rows=9048576.00 loops=1)
   Output: a, b
   Index Cond: ((t.a >= 9335) AND (t.a <= 2271478))
   Index Searches: 1
   Buffers: shared hit=5885612
 Settings: enable_bitmapscan = 'off', enable_seqscan = 'off', max_parallel_workers_per_gather = '0'
 Planning:
   Buffers: shared hit=110
 Planning Time: 0.228 ms
 Execution Time: 1847.092 ms
(10 rows)

