SET
SET
SET
SET
SET
                                                                             QUERY PLAN                                                                             
--------------------------------------------------------------------------------------------------------------------------------------------------------------------
 Index Scan using idx on public.t (actual rows=7048576.00 loops=1)
   Output: a, b
   Index Cond: ((t.a >= 16975) AND (t.a <= 1779118))
   Index Searches: 1
   Prefetch: distance=134.181 count=749390 stalls=3833401 skipped=2474185 resets=0 ungets=8639 forwarded=9839
             histogram [2,4) => 214084, [4,8) => 126654, [8,16) => 6013, [16,32) => 456, [32,64) => 878, [64,128) => 2249, [128,256) => 196667, [256,512) => 202389
   Buffers: shared hit=4393301 read=191565
 Settings: enable_bitmapscan = 'off', enable_seqscan = 'off', max_parallel_workers_per_gather = '0'
 Planning:
   Buffers: shared hit=77 read=28
 Planning Time: 2.019 ms
 Execution Time: 2704.451 ms
(12 rows)

SET
SET
SET
SET
SET
                                             QUERY PLAN                                             
----------------------------------------------------------------------------------------------------
 Index Scan using idx on public.t (actual rows=7048576.00 loops=1)
   Output: a, b
   Index Cond: ((t.a >= 16975) AND (t.a <= 1779118))
   Index Searches: 1
   Buffers: shared hit=4584868
 Settings: enable_bitmapscan = 'off', enable_seqscan = 'off', max_parallel_workers_per_gather = '0'
 Planning:
   Buffers: shared hit=110
 Planning Time: 0.219 ms
 Execution Time: 1432.672 ms
(10 rows)

