SET
SET
SET
SET
SET
                                                                            QUERY PLAN                                                                             
-------------------------------------------------------------------------------------------------------------------------------------------------------------------
 Index Scan using idx on public.t (actual rows=4048576.00 loops=1)
   Output: a, b
   Index Cond: ((t.a >= 24346) AND (t.a <= 1036489))
   Index Searches: 1
   Prefetch: distance=161.905 count=538275 stalls=2098524 skipped=1420881 resets=0 ungets=9251 forwarded=7373
             histogram [2,4) => 116915, [4,8) => 69579, [8,16) => 3409, [16,32) => 226, [32,64) => 572, [64,128) => 1641, [128,256) => 163976, [256,512) => 181957
   Buffers: shared hit=2517383 read=116329
 Settings: enable_bitmapscan = 'off', enable_seqscan = 'off', max_parallel_workers_per_gather = '0'
 Planning:
   Buffers: shared hit=77 read=28
 Planning Time: 2.032 ms
 Execution Time: 1571.030 ms
(12 rows)

SET
SET
SET
SET
SET
                                             QUERY PLAN                                             
----------------------------------------------------------------------------------------------------
 Index Scan using idx on public.t (actual rows=4048576.00 loops=1)
   Output: a, b
   Index Cond: ((t.a >= 24346) AND (t.a <= 1036489))
   Index Searches: 1
   Buffers: shared hit=2633715
 Settings: enable_bitmapscan = 'off', enable_seqscan = 'off', max_parallel_workers_per_gather = '0'
 Planning:
   Buffers: shared hit=110
 Planning Time: 0.226 ms
 Execution Time: 828.625 ms
(10 rows)

