SET
SET
SET
SET
SET
                                                                QUERY PLAN                                                                 
-------------------------------------------------------------------------------------------------------------------------------------------
 Index Scan using idx on public.t (actual rows=2048.00 loops=1)
   Output: a, b
   Index Cond: ((t.a >= 20098) AND (t.a <= 20609))
   Index Searches: 1
   Prefetch: distance=263.711 count=1500 stalls=1 skipped=570 resets=0 ungets=462 forwarded=30
             histogram [2,4) => 2, [4,8) => 4, [8,16) => 6, [16,32) => 24, [32,64) => 12, [64,128) => 2, [128,256) => 4, [256,512) => 1446
   Buffers: shared hit=91 read=1235
 Settings: enable_bitmapscan = 'off', enable_seqscan = 'off', max_parallel_workers_per_gather = '0'
 Planning:
   Buffers: shared hit=81 read=28
 Planning Time: 2.053 ms
 Execution Time: 22.239 ms
(12 rows)

SET
SET
SET
SET
SET
                                             QUERY PLAN                                             
----------------------------------------------------------------------------------------------------
 Index Scan using idx on public.t (actual rows=2048.00 loops=1)
   Output: a, b
   Index Cond: ((t.a >= 20098) AND (t.a <= 20609))
   Index Searches: 1
   Buffers: shared hit=1326
 Settings: enable_bitmapscan = 'off', enable_seqscan = 'off', max_parallel_workers_per_gather = '0'
 Planning:
   Buffers: shared hit=114
 Planning Time: 0.210 ms
 Execution Time: 1.047 ms
(10 rows)

