SET
SET
SET
SET
SET
                                                                  QUERY PLAN                                                                   
-----------------------------------------------------------------------------------------------------------------------------------------------
 Index Scan using idx on public.t (actual rows=32768.00 loops=1)
   Output: a, b
   Index Cond: ((t.a >= 3027) AND (t.a <= 11218))
   Index Searches: 1
   Prefetch: distance=269.701 count=26255 stalls=1 skipped=11384 resets=0 ungets=5459 forwarded=1090
             histogram [2,4) => 2, [4,8) => 4, [8,16) => 15, [16,32) => 13, [32,64) => 10, [64,128) => 2, [128,256) => 143, [256,512) => 26066
   Buffers: shared hit=11581 read=9653
 Settings: enable_bitmapscan = 'off', enable_seqscan = 'off', max_parallel_workers_per_gather = '0'
 Planning:
   Buffers: shared hit=81 read=28
 Planning Time: 2.034 ms
 Execution Time: 62.830 ms
(12 rows)

SET
SET
SET
SET
SET
                                             QUERY PLAN                                             
----------------------------------------------------------------------------------------------------
 Index Scan using idx on public.t (actual rows=32768.00 loops=1)
   Output: a, b
   Index Cond: ((t.a >= 3027) AND (t.a <= 11218))
   Index Searches: 1
   Buffers: shared hit=21238
 Settings: enable_bitmapscan = 'off', enable_seqscan = 'off', max_parallel_workers_per_gather = '0'
 Planning:
   Buffers: shared hit=114
 Planning Time: 0.216 ms
 Execution Time: 9.241 ms
(10 rows)

