SET
SET
SET
SET
SET
                                                                            QUERY PLAN                                                                            
------------------------------------------------------------------------------------------------------------------------------------------------------------------
 Index Scan using idx on public.t (actual rows=2048576.00 loops=1)
   Output: a, b
   Index Cond: ((t.a >= 15260) AND (t.a <= 527403))
   Index Searches: 1
   Prefetch: distance=199.872 count=417493 stalls=919962 skipped=719186 resets=0 ungets=8484 forwarded=5440
             histogram [2,4) => 51085, [4,8) => 30586, [8,16) => 1545, [16,32) => 104, [32,64) => 218, [64,128) => 1140, [128,256) => 158108, [256,512) => 174707
   Buffers: shared hit=1267490 read=64835
 Settings: enable_bitmapscan = 'off', enable_seqscan = 'off', max_parallel_workers_per_gather = '0'
 Planning:
   Buffers: shared hit=77 read=28
 Planning Time: 2.231 ms
 Execution Time: 797.783 ms
(12 rows)

SET
SET
SET
SET
SET
                                             QUERY PLAN                                             
----------------------------------------------------------------------------------------------------
 Index Scan using idx on public.t (actual rows=2048576.00 loops=1)
   Output: a, b
   Index Cond: ((t.a >= 15260) AND (t.a <= 527403))
   Index Searches: 1
   Buffers: shared hit=1332325
 Settings: enable_bitmapscan = 'off', enable_seqscan = 'off', max_parallel_workers_per_gather = '0'
 Planning:
   Buffers: shared hit=110
 Planning Time: 0.220 ms
 Execution Time: 426.153 ms
(10 rows)

