SET
SET
SET
SET
SET
                                                                      QUERY PLAN                                                                      
------------------------------------------------------------------------------------------------------------------------------------------------------
 Index Scan using idx on public.t (actual rows=524288.00 loops=1)
   Output: a, b
   Index Cond: ((t.a >= 29885) AND (t.a <= 160956))
   Index Searches: 1
   Prefetch: distance=248.963 count=349496 stalls=1 skipped=184319 resets=0 ungets=9563 forwarded=4316
             histogram [2,4) => 2, [4,8) => 3, [8,16) => 6, [16,32) => 21, [32,64) => 176, [64,128) => 1342, [128,256) => 165667, [256,512) => 182279
   Buffers: shared hit=313284 read=27464
 Settings: enable_bitmapscan = 'off', enable_seqscan = 'off', max_parallel_workers_per_gather = '0'
 Planning:
   Buffers: shared hit=77 read=24
 Planning Time: 1.888 ms
 Execution Time: 215.613 ms
(12 rows)

SET
SET
SET
SET
SET
                                             QUERY PLAN                                             
----------------------------------------------------------------------------------------------------
 Index Scan using idx on public.t (actual rows=524288.00 loops=1)
   Output: a, b
   Index Cond: ((t.a >= 29885) AND (t.a <= 160956))
   Index Searches: 1
   Buffers: shared hit=340748
 Settings: enable_bitmapscan = 'off', enable_seqscan = 'off', max_parallel_workers_per_gather = '0'
 Planning:
   Buffers: shared hit=106
 Planning Time: 0.176 ms
 Execution Time: 106.326 ms
(10 rows)

