SET
SET
SET
SET
SET
                                                                 QUERY PLAN                                                                 
--------------------------------------------------------------------------------------------------------------------------------------------
 Index Scan using idx on public.t (actual rows=16384.00 loops=1)
   Output: a, b
   Index Cond: ((t.a >= 18807) AND (t.a <= 22902))
   Index Searches: 1
   Prefetch: distance=270.422 count=14193 stalls=1 skipped=5689 resets=0 ungets=3758 forwarded=524
             histogram [2,4) => 2, [4,8) => 3, [8,16) => 6, [16,32) => 10, [32,64) => 26, [64,128) => 8, [128,256) => 5, [256,512) => 14133
   Buffers: shared hit=3607 read=7022
 Settings: enable_bitmapscan = 'off', enable_seqscan = 'off', max_parallel_workers_per_gather = '0'
 Planning:
   Buffers: shared hit=81 read=28
 Planning Time: 2.016 ms
 Execution Time: 42.439 ms
(12 rows)

SET
SET
SET
SET
SET
                                             QUERY PLAN                                             
----------------------------------------------------------------------------------------------------
 Index Scan using idx on public.t (actual rows=16384.00 loops=1)
   Output: a, b
   Index Cond: ((t.a >= 18807) AND (t.a <= 22902))
   Index Searches: 1
   Buffers: shared hit=10630
 Settings: enable_bitmapscan = 'off', enable_seqscan = 'off', max_parallel_workers_per_gather = '0'
 Planning:
   Buffers: shared hit=114
 Planning Time: 0.211 ms
 Execution Time: 5.802 ms
(10 rows)

