SET
SET
SET
SET
SET
                                                                QUERY PLAN                                                                 
-------------------------------------------------------------------------------------------------------------------------------------------
 Index Scan using idx on public.t (actual rows=8192.00 loops=1)
   Output: a, b
   Index Cond: ((t.a >= 3299) AND (t.a <= 5346))
   Index Searches: 1
   Prefetch: distance=269.958 count=7281 stalls=1 skipped=2787 resets=0 ungets=2044 forwarded=211
             histogram [2,4) => 2, [4,8) => 3, [8,16) => 13, [16,32) => 16, [32,64) => 9, [64,128) => 4, [128,256) => 4, [256,512) => 7230
   Buffers: shared hit=1355 read=4005
 Settings: enable_bitmapscan = 'off', enable_seqscan = 'off', max_parallel_workers_per_gather = '0'
 Planning:
   Buffers: shared hit=81 read=28
 Planning Time: 2.075 ms
 Execution Time: 24.798 ms
(12 rows)

SET
SET
SET
SET
SET
                                             QUERY PLAN                                             
----------------------------------------------------------------------------------------------------
 Index Scan using idx on public.t (actual rows=8192.00 loops=1)
   Output: a, b
   Index Cond: ((t.a >= 3299) AND (t.a <= 5346))
   Index Searches: 1
   Buffers: shared hit=5361
 Settings: enable_bitmapscan = 'off', enable_seqscan = 'off', max_parallel_workers_per_gather = '0'
 Planning:
   Buffers: shared hit=114
 Planning Time: 0.207 ms
 Execution Time: 3.098 ms
(10 rows)

