SET
SET
SET
SET
SET
                                                                   QUERY PLAN                                                                   
------------------------------------------------------------------------------------------------------------------------------------------------
 Index Scan using idx on public.t (actual rows=131072.00 loops=1)
   Output: a, b
   Index Cond: ((t.a >= 13417) AND (t.a <= 46184))
   Index Searches: 1
   Prefetch: distance=262.654 count=93213 stalls=1 skipped=45753 resets=0 ungets=8338 forwarded=2547
             histogram [2,4) => 2, [4,8) => 4, [8,16) => 6, [16,32) => 23, [32,64) => 15, [64,128) => 3, [128,256) => 18023, [256,512) => 75137
   Buffers: shared hit=69312 read=16059
 Settings: enable_bitmapscan = 'off', enable_seqscan = 'off', max_parallel_workers_per_gather = '0'
 Planning:
   Buffers: shared hit=77 read=28
 Planning Time: 2.036 ms
 Execution Time: 94.568 ms
(12 rows)

SET
SET
SET
SET
SET
                                             QUERY PLAN                                             
----------------------------------------------------------------------------------------------------
 Index Scan using idx on public.t (actual rows=131072.00 loops=1)
   Output: a, b
   Index Cond: ((t.a >= 13417) AND (t.a <= 46184))
   Index Searches: 1
   Buffers: shared hit=85371
 Settings: enable_bitmapscan = 'off', enable_seqscan = 'off', max_parallel_workers_per_gather = '0'
 Planning:
   Buffers: shared hit=110
 Planning Time: 0.193 ms
 Execution Time: 26.637 ms
(10 rows)

