SET
SET
SET
SET
SET
                                                                       QUERY PLAN                                                                       
--------------------------------------------------------------------------------------------------------------------------------------------------------
 Index Scan using idx on public.t (actual rows=262144.00 loops=1)
   Output: a, b
   Index Cond: ((t.a >= 19945) AND (t.a <= 85480))
   Index Searches: 1
   Prefetch: distance=253.466 count=161697 stalls=16654 skipped=92161 resets=0 ungets=8751 forwarded=3093
             histogram [2,4) => 958, [4,8) => 560, [8,16) => 30, [16,32) => 25, [32,64) => 49, [64,128) => 187, [128,256) => 54891, [256,512) => 104997
   Buffers: shared hit=150163 read=20085
 Settings: enable_bitmapscan = 'off', enable_seqscan = 'off', max_parallel_workers_per_gather = '0'
 Planning:
   Buffers: shared hit=77 read=28
 Planning Time: 2.033 ms
 Execution Time: 142.341 ms
(12 rows)

SET
SET
SET
SET
SET
                                             QUERY PLAN                                             
----------------------------------------------------------------------------------------------------
 Index Scan using idx on public.t (actual rows=262144.00 loops=1)
   Output: a, b
   Index Cond: ((t.a >= 19945) AND (t.a <= 85480))
   Index Searches: 1
   Buffers: shared hit=170250
 Settings: enable_bitmapscan = 'off', enable_seqscan = 'off', max_parallel_workers_per_gather = '0'
 Planning:
   Buffers: shared hit=110
 Planning Time: 0.188 ms
 Execution Time: 53.502 ms
(10 rows)

