SET
SET
SET
SET
SET
                                                                            QUERY PLAN                                                                            
------------------------------------------------------------------------------------------------------------------------------------------------------------------
 Index Scan using idx on public.t (actual rows=3048576.00 loops=1)
   Output: a, b
   Index Cond: ((t.a >= 12288) AND (t.a <= 774431))
   Index Searches: 1
   Prefetch: distance=184.219 count=511648 stalls=1475250 skipped=1069803 resets=0 ungets=8408 forwarded=6447
             histogram [2,4) => 81899, [4,8) => 49055, [8,16) => 2354, [16,32) => 154, [32,64) => 347, [64,128) => 1581, [128,256) => 183978, [256,512) => 192280
   Buffers: shared hit=1893349 read=89892
 Settings: enable_bitmapscan = 'off', enable_seqscan = 'off', max_parallel_workers_per_gather = '0'
 Planning:
   Buffers: shared hit=77 read=28
 Planning Time: 2.044 ms
 Execution Time: 1190.145 ms
(12 rows)

SET
SET
SET
SET
SET
                                             QUERY PLAN                                             
----------------------------------------------------------------------------------------------------
 Index Scan using idx on public.t (actual rows=3048576.00 loops=1)
   Output: a, b
   Index Cond: ((t.a >= 12288) AND (t.a <= 774431))
   Index Searches: 1
   Buffers: shared hit=1983242
 Settings: enable_bitmapscan = 'off', enable_seqscan = 'off', max_parallel_workers_per_gather = '0'
 Planning:
   Buffers: shared hit=110
 Planning Time: 0.227 ms
 Execution Time: 630.271 ms
(10 rows)

