SET
SET
SET
SET
SET
                                                                            QUERY PLAN                                                                             
-------------------------------------------------------------------------------------------------------------------------------------------------------------------
 Index Scan using idx on public.t (actual rows=5048576.00 loops=1)
   Output: a, b
   Index Cond: ((t.a >= 25343) AND (t.a <= 1287486))
   Index Searches: 1
   Prefetch: distance=152.883 count=622366 stalls=2663078 skipped=1772227 resets=0 ungets=9262 forwarded=8298
             histogram [2,4) => 148436, [4,8) => 88116, [8,16) => 4290, [16,32) => 390, [32,64) => 878, [64,128) => 2176, [128,256) => 183459, [256,512) => 194621
   Buffers: shared hit=3142185 read=141665
 Settings: enable_bitmapscan = 'off', enable_seqscan = 'off', max_parallel_workers_per_gather = '0'
 Planning:
   Buffers: shared hit=77 read=24
 Planning Time: 1.838 ms
 Execution Time: 1979.374 ms
(12 rows)

SET
SET
SET
SET
SET
                                             QUERY PLAN                                             
----------------------------------------------------------------------------------------------------
 Index Scan using idx on public.t (actual rows=5048576.00 loops=1)
   Output: a, b
   Index Cond: ((t.a >= 25343) AND (t.a <= 1287486))
   Index Searches: 1
   Buffers: shared hit=3283850
 Settings: enable_bitmapscan = 'off', enable_seqscan = 'off', max_parallel_workers_per_gather = '0'
 Planning:
   Buffers: shared hit=106
 Planning Time: 0.196 ms
 Execution Time: 1034.267 ms
(10 rows)

