SET
SET
SET
SET
SET
                                                                             QUERY PLAN                                                                              
---------------------------------------------------------------------------------------------------------------------------------------------------------------------
 Index Scan using idx on public.t (actual rows=8048576.00 loops=1)
   Output: a, b
   Index Cond: ((t.a >= 26335) AND (t.a <= 2038478))
   Index Searches: 1
   Prefetch: distance=199.342 count=1701461 stalls=3530687 skipped=2825564 resets=0 ungets=9343 forwarded=15558
             histogram [2,4) => 197421, [4,8) => 116308, [8,16) => 5487, [16,32) => 403, [32,64) => 1079, [64,128) => 5824, [128,256) => 776254, [256,512) => 598685
   Buffers: shared hit=5017366 read=217628
 Settings: enable_bitmapscan = 'off', enable_seqscan = 'off', max_parallel_workers_per_gather = '0'
 Planning:
   Buffers: shared hit=77 read=24
 Planning Time: 1.943 ms
 Execution Time: 3093.291 ms
(12 rows)

SET
SET
SET
SET
SET
                                             QUERY PLAN                                             
----------------------------------------------------------------------------------------------------
 Index Scan using idx on public.t (actual rows=8048576.00 loops=1)
   Output: a, b
   Index Cond: ((t.a >= 26335) AND (t.a <= 2038478))
   Index Searches: 1
   Buffers: shared hit=5234998
 Settings: enable_bitmapscan = 'off', enable_seqscan = 'off', max_parallel_workers_per_gather = '0'
 Planning:
   Buffers: shared hit=106
 Planning Time: 0.218 ms
 Execution Time: 1641.768 ms
(10 rows)

