SET
SET
SET
SET
SET
                                                               QUERY PLAN                                                               
----------------------------------------------------------------------------------------------------------------------------------------
 Index Scan Backward using idx on public.t (actual rows=128.00 loops=1)
   Output: a, b
   Index Cond: ((t.a >= 20016) AND (t.a <= 20047))
   Index Searches: 1
   Prefetch: distance=197.697 count=132 stalls=1 skipped=1 resets=0 ungets=33 forwarded=0
             histogram [2,4) => 4, [4,8) => 4, [8,16) => 9, [16,32) => 13, [32,64) => 5, [64,128) => 3, [128,256) => 3, [256,512) => 91
   Buffers: shared hit=60 read=73
 Settings: enable_bitmapscan = 'off', enable_seqscan = 'off', max_parallel_workers_per_gather = '0'
 Planning:
   Buffers: shared hit=86 read=27
 Planning Time: 1.228 ms
 Execution Time: 2.929 ms
(12 rows)

SET
SET
SET
SET
SET
                                             QUERY PLAN                                             
----------------------------------------------------------------------------------------------------
 Index Scan Backward using idx on public.t (actual rows=128.00 loops=1)
   Output: a, b
   Index Cond: ((t.a >= 20016) AND (t.a <= 20047))
   Index Searches: 1
   Buffers: shared hit=133
 Settings: enable_bitmapscan = 'off', enable_seqscan = 'off', max_parallel_workers_per_gather = '0'
 Planning:
   Buffers: shared hit=118
 Planning Time: 0.129 ms
 Execution Time: 0.068 ms
(10 rows)

