SET
SET
SET
SET
SET
                                                              QUERY PLAN                                                               
---------------------------------------------------------------------------------------------------------------------------------------
 Index Scan using idx on public.t (actual rows=6048576.00 loops=1)
   Output: a, b
   Index Cond: ((t.a >= 27289) AND (t.a <= 1539432))
   Index Searches: 1
   Buffers: shared hit=3767474 read=167026
 Settings: enable_bitmapscan = 'off', enable_seqscan = 'off', max_parallel_workers_per_gather = '0', enable_indexscan_prefetch = 'off'
 Planning:
   Buffers: shared hit=77 read=24
 Planning Time: 1.891 ms
 Execution Time: 2126.878 ms
(10 rows)

SET
SET
SET
SET
SET
                                                              QUERY PLAN                                                               
---------------------------------------------------------------------------------------------------------------------------------------
 Index Scan using idx on public.t (actual rows=6048576.00 loops=1)
   Output: a, b
   Index Cond: ((t.a >= 27289) AND (t.a <= 1539432))
   Index Searches: 1
   Buffers: shared hit=3934500
 Settings: enable_bitmapscan = 'off', enable_seqscan = 'off', max_parallel_workers_per_gather = '0', enable_indexscan_prefetch = 'off'
 Planning:
   Buffers: shared hit=106
 Planning Time: 0.204 ms
 Execution Time: 1235.921 ms
(10 rows)

