SET
SET
SET
SET
SET
                                                                QUERY PLAN                                                                 
-------------------------------------------------------------------------------------------------------------------------------------------
 Index Scan using idx on public.t (actual rows=1024.00 loops=1)
   Output: a, b
   Index Cond: ((t.a >= 7115) AND (t.a <= 7370))
   Index Searches: 1
   Prefetch: distance=253.162 count=681 stalls=1 skipped=274 resets=0 ungets=199 forwarded=2
             histogram [2,4) => 2, [4,8) => 7, [8,16) => 11, [16,32) => 16, [32,64) => 14, [64,128) => 3, [128,256) => 3, [256,512) => 625
   Buffers: shared hit=27 read=631
 Settings: enable_bitmapscan = 'off', enable_seqscan = 'off', max_parallel_workers_per_gather = '0'
 Planning:
   Buffers: shared hit=81 read=28
 Planning Time: 2.012 ms
 Execution Time: 13.775 ms
(12 rows)

SET
SET
SET
SET
SET
                                             QUERY PLAN                                             
----------------------------------------------------------------------------------------------------
 Index Scan using idx on public.t (actual rows=1024.00 loops=1)
   Output: a, b
   Index Cond: ((t.a >= 7115) AND (t.a <= 7370))
   Index Searches: 1
   Buffers: shared hit=658
 Settings: enable_bitmapscan = 'off', enable_seqscan = 'off', max_parallel_workers_per_gather = '0'
 Planning:
   Buffers: shared hit=114
 Planning Time: 0.141 ms
 Execution Time: 0.289 ms
(10 rows)

