SET
SET
SET
SET
SET
                                                                 QUERY PLAN                                                                  
---------------------------------------------------------------------------------------------------------------------------------------------
 Index Scan using idx on public.t (actual rows=16384.00 loops=1)
   Output: a, b
   Index Cond: ((t.a >= 16898) AND (t.a <= 20993))
   Index Searches: 1
   Prefetch: distance=270.207 count=13876 stalls=1 skipped=5512 resets=0 ungets=3552 forwarded=523
             histogram [2,4) => 2, [4,8) => 3, [8,16) => 13, [16,32) => 14, [32,64) => 22, [64,128) => 3, [128,256) => 4, [256,512) => 13815
   Buffers: shared hit=3886 read=6824
 Settings: enable_bitmapscan = 'off', enable_seqscan = 'off', max_parallel_workers_per_gather = '0'
 Planning:
   Buffers: shared hit=81 read=28
 Planning Time: 2.042 ms
 Execution Time: 51.298 ms
(12 rows)

SET
SET
SET
SET
SET
                                             QUERY PLAN                                             
----------------------------------------------------------------------------------------------------
 Index Scan using idx on public.t (actual rows=16384.00 loops=1)
   Output: a, b
   Index Cond: ((t.a >= 16898) AND (t.a <= 20993))
   Index Searches: 1
   Buffers: shared hit=10712
 Settings: enable_bitmapscan = 'off', enable_seqscan = 'off', max_parallel_workers_per_gather = '0'
 Planning:
   Buffers: shared hit=114
 Planning Time: 0.178 ms
 Execution Time: 3.563 ms
(10 rows)

