SET
SET
SET
SET
SET
                                                                         QUERY PLAN                                                                          
-------------------------------------------------------------------------------------------------------------------------------------------------------------
 Index Scan using idx on public.t (actual rows=1048576.00 loops=1)
   Output: a, b
   Index Cond: ((t.a >= 2352) AND (t.a <= 264495))
   Index Searches: 1
   Prefetch: distance=211.245 count=244606 stalls=443228 skipped=367863 resets=0 ungets=7736 forwarded=3719
             histogram [2,4) => 24372, [4,8) => 14831, [8,16) => 712, [16,32) => 32, [32,64) => 55, [64,128) => 653, [128,256) => 85022, [256,512) => 118929
   Buffers: shared hit=643755 read=38316
 Settings: enable_bitmapscan = 'off', enable_seqscan = 'off', max_parallel_workers_per_gather = '0'
 Planning:
   Buffers: shared hit=77 read=28
 Planning Time: 2.023 ms
 Execution Time: 431.485 ms
(12 rows)

SET
SET
SET
SET
SET
                                             QUERY PLAN                                             
----------------------------------------------------------------------------------------------------
 Index Scan using idx on public.t (actual rows=1048576.00 loops=1)
   Output: a, b
   Index Cond: ((t.a >= 2352) AND (t.a <= 264495))
   Index Searches: 1
   Buffers: shared hit=682073
 Settings: enable_bitmapscan = 'off', enable_seqscan = 'off', max_parallel_workers_per_gather = '0'
 Planning:
   Buffers: shared hit=110
 Planning Time: 0.188 ms
 Execution Time: 213.202 ms
(10 rows)

