SET
SET
SET
SET
SET
                                                                  QUERY PLAN                                                                   
-----------------------------------------------------------------------------------------------------------------------------------------------
 Index Scan using idx on public.t (actual rows=65536.00 loops=1)
   Output: a, b
   Index Cond: ((t.a >= 31927) AND (t.a <= 48310))
   Index Searches: 1
   Prefetch: distance=268.152 count=50862 stalls=1 skipped=22890 resets=0 ungets=8768 forwarded=2076
             histogram [2,4) => 2, [4,8) => 4, [8,16) => 7, [16,32) => 20, [32,64) => 10, [64,128) => 5, [128,256) => 2290, [256,512) => 48524
   Buffers: shared hit=27856 read=14691
 Settings: enable_bitmapscan = 'off', enable_seqscan = 'off', max_parallel_workers_per_gather = '0'
 Planning:
   Buffers: shared hit=77 read=24
 Planning Time: 1.900 ms
 Execution Time: 83.095 ms
(12 rows)

SET
SET
SET
SET
SET
                                             QUERY PLAN                                             
----------------------------------------------------------------------------------------------------
 Index Scan using idx on public.t (actual rows=65536.00 loops=1)
   Output: a, b
   Index Cond: ((t.a >= 31927) AND (t.a <= 48310))
   Index Searches: 1
   Buffers: shared hit=42547
 Settings: enable_bitmapscan = 'off', enable_seqscan = 'off', max_parallel_workers_per_gather = '0'
 Planning:
   Buffers: shared hit=106
 Planning Time: 0.178 ms
 Execution Time: 13.809 ms
(10 rows)

