SET
SET
SET
SET
SET
                                                                QUERY PLAN                                                                 
-------------------------------------------------------------------------------------------------------------------------------------------
 Index Scan using idx on public.t (actual rows=2048.00 loops=1)
   Output: a, b
   Index Cond: ((t.a >= 17060) AND (t.a <= 17571))
   Index Searches: 1
   Prefetch: distance=263.078 count=1378 stalls=1 skipped=524 resets=0 ungets=422 forwarded=30
             histogram [2,4) => 2, [4,8) => 8, [8,16) => 6, [16,32) => 13, [32,64) => 15, [64,128) => 4, [128,256) => 4, [256,512) => 1326
   Buffers: shared hit=104 read=1241
 Settings: enable_bitmapscan = 'off', enable_seqscan = 'off', max_parallel_workers_per_gather = '0'
 Planning:
   Buffers: shared hit=81 read=28
 Planning Time: 2.020 ms
 Execution Time: 27.244 ms
(12 rows)

SET
SET
SET
SET
SET
                                             QUERY PLAN                                             
----------------------------------------------------------------------------------------------------
 Index Scan using idx on public.t (actual rows=2048.00 loops=1)
   Output: a, b
   Index Cond: ((t.a >= 17060) AND (t.a <= 17571))
   Index Searches: 1
   Buffers: shared hit=1345
 Settings: enable_bitmapscan = 'off', enable_seqscan = 'off', max_parallel_workers_per_gather = '0'
 Planning:
   Buffers: shared hit=114
 Planning Time: 0.203 ms
 Execution Time: 1.028 ms
(10 rows)

