SET
SET
SET
SET
SET
                                             QUERY PLAN                                             
----------------------------------------------------------------------------------------------------
 Index Scan Backward using idx on public.t (actual rows=4096.00 loops=1)
   Output: a, b
   Index Cond: ((t.a >= 9571) AND (t.a <= 10594))
   Index Searches: 1
   Prefetch: distance=2.079 count=378 stalls=3384 skipped=43 resets=0 ungets=0 forwarded=0
             histogram [2,4) => 368, [4,8) => 10
   Buffers: shared hit=3771 read=291
 Settings: enable_bitmapscan = 'off', enable_seqscan = 'off', max_parallel_workers_per_gather = '0'
 Planning:
   Buffers: shared hit=86 read=27
 Planning Time: 2.076 ms
 Execution Time: 19.320 ms
(12 rows)

SET
SET
SET
SET
SET
                                             QUERY PLAN                                             
----------------------------------------------------------------------------------------------------
 Index Scan Backward using idx on public.t (actual rows=4096.00 loops=1)
   Output: a, b
   Index Cond: ((t.a >= 9571) AND (t.a <= 10594))
   Index Searches: 1
   Buffers: shared hit=4062
 Settings: enable_bitmapscan = 'off', enable_seqscan = 'off', max_parallel_workers_per_gather = '0'
 Planning:
   Buffers: shared hit=118
 Planning Time: 0.219 ms
 Execution Time: 0.857 ms
(10 rows)

