SET
SET
SET
SET
SET
                                                                             QUERY PLAN                                                                             
--------------------------------------------------------------------------------------------------------------------------------------------------------------------
 Index Scan using idx on public.t (actual rows=6048576.00 loops=1)
   Output: a, b
   Index Cond: ((t.a >= 7574) AND (t.a <= 1519717))
   Index Searches: 1
   Prefetch: distance=147.825 count=716977 stalls=3216285 skipped=2123012 resets=0 ungets=8133 forwarded=9005
             histogram [2,4) => 179321, [4,8) => 106241, [8,16) => 5042, [16,32) => 418, [32,64) => 881, [64,128) => 2536, [128,256) => 213810, [256,512) => 208728
   Buffers: shared hit=3769153 read=165305
 Settings: enable_bitmapscan = 'off', enable_seqscan = 'off', max_parallel_workers_per_gather = '0'
 Planning:
   Buffers: shared hit=77 read=28
 Planning Time: 2.030 ms
 Execution Time: 2334.036 ms
(12 rows)

SET
SET
SET
SET
SET
                                             QUERY PLAN                                             
----------------------------------------------------------------------------------------------------
 Index Scan using idx on public.t (actual rows=6048576.00 loops=1)
   Output: a, b
   Index Cond: ((t.a >= 7574) AND (t.a <= 1519717))
   Index Searches: 1
   Buffers: shared hit=3934458
 Settings: enable_bitmapscan = 'off', enable_seqscan = 'off', max_parallel_workers_per_gather = '0'
 Planning:
   Buffers: shared hit=110
 Planning Time: 0.229 ms
 Execution Time: 1244.813 ms
(10 rows)

