SET
SET
SET
SET
SET
                                                                            QUERY PLAN                                                                            
------------------------------------------------------------------------------------------------------------------------------------------------------------------
 Index Scan using idx on public.t (actual rows=2048576.00 loops=1)
   Output: a, b
   Index Cond: ((t.a >= 20790) AND (t.a <= 532933))
   Index Searches: 1
   Prefetch: distance=200.045 count=417886 stalls=919954 skipped=719265 resets=0 ungets=8872 forwarded=5505
             histogram [2,4) => 51093, [4,8) => 30587, [8,16) => 1548, [16,32) => 111, [32,64) => 209, [64,128) => 1075, [128,256) => 157425, [256,512) => 175838
   Buffers: shared hit=1266898 read=65359
 Settings: enable_bitmapscan = 'off', enable_seqscan = 'off', max_parallel_workers_per_gather = '0'
 Planning:
   Buffers: shared hit=77 read=28
 Planning Time: 2.020 ms
 Execution Time: 819.139 ms
(12 rows)

SET
SET
SET
SET
SET
                                             QUERY PLAN                                             
----------------------------------------------------------------------------------------------------
 Index Scan using idx on public.t (actual rows=2048576.00 loops=1)
   Output: a, b
   Index Cond: ((t.a >= 20790) AND (t.a <= 532933))
   Index Searches: 1
   Buffers: shared hit=1332257
 Settings: enable_bitmapscan = 'off', enable_seqscan = 'off', max_parallel_workers_per_gather = '0'
 Planning:
   Buffers: shared hit=110
 Planning Time: 0.222 ms
 Execution Time: 422.174 ms
(10 rows)

