SET
SET
SET
SET
SET
                                                                            QUERY PLAN                                                                             
-------------------------------------------------------------------------------------------------------------------------------------------------------------------
 Index Scan using idx on public.t (actual rows=4048576.00 loops=1)
   Output: a, b
   Index Cond: ((t.a >= 10107) AND (t.a <= 1022250))
   Index Searches: 1
   Prefetch: distance=167.678 count=570962 stalls=2064740 skipped=1420864 resets=0 ungets=8313 forwarded=7222
             histogram [2,4) => 114820, [4,8) => 68413, [8,16) => 3387, [16,32) => 229, [32,64) => 578, [64,128) => 1779, [128,256) => 187969, [256,512) => 193787
   Buffers: shared hit=2518690 read=114971
 Settings: enable_bitmapscan = 'off', enable_seqscan = 'off', max_parallel_workers_per_gather = '0'
 Planning:
   Buffers: shared hit=77 read=28
 Planning Time: 2.046 ms
 Execution Time: 1560.332 ms
(12 rows)

SET
SET
SET
SET
SET
                                             QUERY PLAN                                             
----------------------------------------------------------------------------------------------------
 Index Scan using idx on public.t (actual rows=4048576.00 loops=1)
   Output: a, b
   Index Cond: ((t.a >= 10107) AND (t.a <= 1022250))
   Index Searches: 1
   Buffers: shared hit=2633662
 Settings: enable_bitmapscan = 'off', enable_seqscan = 'off', max_parallel_workers_per_gather = '0'
 Planning:
   Buffers: shared hit=110
 Planning Time: 0.239 ms
 Execution Time: 822.999 ms
(10 rows)

