SET
SET
SET
SET
SET
                                                              QUERY PLAN                                                               
---------------------------------------------------------------------------------------------------------------------------------------
 Index Scan using idx on public.t (actual rows=524288.00 loops=1)
   Output: a, b
   Index Cond: ((t.a >= 25026) AND (t.a <= 156097))
   Index Searches: 1
   Buffers: shared hit=313761 read=27080
 Settings: enable_bitmapscan = 'off', enable_seqscan = 'off', max_parallel_workers_per_gather = '0', enable_indexscan_prefetch = 'off'
 Planning:
   Buffers: shared hit=77 read=24
 Planning Time: 1.854 ms
 Execution Time: 322.954 ms
(10 rows)

SET
SET
SET
SET
SET
                                                              QUERY PLAN                                                               
---------------------------------------------------------------------------------------------------------------------------------------
 Index Scan using idx on public.t (actual rows=524288.00 loops=1)
   Output: a, b
   Index Cond: ((t.a >= 25026) AND (t.a <= 156097))
   Index Searches: 1
   Buffers: shared hit=340841
 Settings: enable_bitmapscan = 'off', enable_seqscan = 'off', max_parallel_workers_per_gather = '0', enable_indexscan_prefetch = 'off'
 Planning:
   Buffers: shared hit=106
 Planning Time: 0.182 ms
 Execution Time: 103.973 ms
(10 rows)

