SET
SET
SET
SET
SET
                                                                QUERY PLAN                                                                 
-------------------------------------------------------------------------------------------------------------------------------------------
 Index Scan using idx on public.t (actual rows=512.00 loops=1)
   Output: a, b
   Index Cond: ((t.a >= 2597) AND (t.a <= 2724))
   Index Searches: 1
   Prefetch: distance=200.619 count=181 stalls=1 skipped=69 resets=0 ungets=42 forwarded=5
             histogram [2,4) => 2, [4,8) => 8, [8,16) => 11, [16,32) => 15, [32,64) => 14, [64,128) => 2, [128,256) => 2, [256,512) => 127
   Buffers: shared hit=13 read=331
 Settings: enable_bitmapscan = 'off', enable_seqscan = 'off', max_parallel_workers_per_gather = '0'
 Planning:
   Buffers: shared hit=81 read=28
 Planning Time: 1.514 ms
 Execution Time: 12.487 ms
(12 rows)

SET
SET
SET
SET
SET
                                             QUERY PLAN                                             
----------------------------------------------------------------------------------------------------
 Index Scan using idx on public.t (actual rows=512.00 loops=1)
   Output: a, b
   Index Cond: ((t.a >= 2597) AND (t.a <= 2724))
   Index Searches: 1
   Buffers: shared hit=346
 Settings: enable_bitmapscan = 'off', enable_seqscan = 'off', max_parallel_workers_per_gather = '0'
 Planning:
   Buffers: shared hit=114
 Planning Time: 0.140 ms
 Execution Time: 0.202 ms
(10 rows)

