SET
SET
SET
SET
SET
                                                                        QUERY PLAN                                                                         
-----------------------------------------------------------------------------------------------------------------------------------------------------------
 Index Scan using idx on public.t (actual rows=524288.00 loops=1)
   Output: a, b
   Index Cond: ((t.a >= 8217) AND (t.a <= 139288))
   Index Searches: 1
   Prefetch: distance=237.097 count=202938 stalls=145097 skipped=183866 resets=0 ungets=8148 forwarded=3286
             histogram [2,4) => 7883, [4,8) => 4812, [8,16) => 280, [16,32) => 32, [32,64) => 44, [64,128) => 478, [128,256) => 75175, [256,512) => 114234
   Buffers: shared hit=315449 read=25578
 Settings: enable_bitmapscan = 'off', enable_seqscan = 'off', max_parallel_workers_per_gather = '0'
 Planning:
   Buffers: shared hit=77 read=28
 Planning Time: 2.036 ms
 Execution Time: 239.813 ms
(12 rows)

SET
SET
SET
SET
SET
                                             QUERY PLAN                                             
----------------------------------------------------------------------------------------------------
 Index Scan using idx on public.t (actual rows=524288.00 loops=1)
   Output: a, b
   Index Cond: ((t.a >= 8217) AND (t.a <= 139288))
   Index Searches: 1
   Buffers: shared hit=341027
 Settings: enable_bitmapscan = 'off', enable_seqscan = 'off', max_parallel_workers_per_gather = '0'
 Planning:
   Buffers: shared hit=110
 Planning Time: 0.189 ms
 Execution Time: 103.016 ms
(10 rows)

