SET
SET
SET
SET
SET
                                                                   QUERY PLAN                                                                   
------------------------------------------------------------------------------------------------------------------------------------------------
 Index Scan using idx on public.t (actual rows=131072.00 loops=1)
   Output: a, b
   Index Cond: ((t.a >= 30197) AND (t.a <= 62964))
   Index Searches: 1
   Prefetch: distance=263.482 count=94362 stalls=1 skipped=46119 resets=0 ungets=9533 forwarded=2733
             histogram [2,4) => 2, [4,8) => 3, [8,16) => 6, [16,32) => 11, [32,64) => 15, [64,128) => 3, [128,256) => 16261, [256,512) => 78061
   Buffers: shared hit=67652 read=17459
 Settings: enable_bitmapscan = 'off', enable_seqscan = 'off', max_parallel_workers_per_gather = '0'
 Planning:
   Buffers: shared hit=77 read=24
 Planning Time: 1.869 ms
 Execution Time: 91.609 ms
(12 rows)

SET
SET
SET
SET
SET
                                             QUERY PLAN                                             
----------------------------------------------------------------------------------------------------
 Index Scan using idx on public.t (actual rows=131072.00 loops=1)
   Output: a, b
   Index Cond: ((t.a >= 30197) AND (t.a <= 62964))
   Index Searches: 1
   Buffers: shared hit=85113
 Settings: enable_bitmapscan = 'off', enable_seqscan = 'off', max_parallel_workers_per_gather = '0'
 Planning:
   Buffers: shared hit=106
 Planning Time: 0.185 ms
 Execution Time: 26.755 ms
(10 rows)

