SET
SET
SET
SET
SET
                                                                QUERY PLAN                                                                
------------------------------------------------------------------------------------------------------------------------------------------
 Index Scan using idx on public.t (actual rows=1024.00 loops=1)
   Output: a, b
   Index Cond: ((t.a >= 26985) AND (t.a <= 27240))
   Index Searches: 1
   Prefetch: distance=256.818 count=714 stalls=1 skipped=252 resets=0 ungets=222 forwarded=10
             histogram [2,4) => 2, [4,8) => 4, [8,16) => 12, [16,32) => 15, [32,64) => 8, [64,128) => 3, [128,256) => 4, [256,512) => 666
   Buffers: shared hit=27 read=646
 Settings: enable_bitmapscan = 'off', enable_seqscan = 'off', max_parallel_workers_per_gather = '0'
 Planning:
   Buffers: shared hit=77 read=24
 Planning Time: 1.590 ms
 Execution Time: 14.437 ms
(12 rows)

SET
SET
SET
SET
SET
                                             QUERY PLAN                                             
----------------------------------------------------------------------------------------------------
 Index Scan using idx on public.t (actual rows=1024.00 loops=1)
   Output: a, b
   Index Cond: ((t.a >= 26985) AND (t.a <= 27240))
   Index Searches: 1
   Buffers: shared hit=673
 Settings: enable_bitmapscan = 'off', enable_seqscan = 'off', max_parallel_workers_per_gather = '0'
 Planning:
   Buffers: shared hit=106
 Planning Time: 0.198 ms
 Execution Time: 0.694 ms
(10 rows)

