SET
SET
SET
SET
SET
                                                                  QUERY PLAN                                                                  
----------------------------------------------------------------------------------------------------------------------------------------------
 Index Scan using idx on public.t (actual rows=65536.00 loops=1)
   Output: a, b
   Index Cond: ((t.a >= 4438) AND (t.a <= 20821))
   Index Searches: 1
   Prefetch: distance=267.231 count=49910 stalls=1 skipped=22905 resets=0 ungets=7567 forwarded=1823
             histogram [2,4) => 2, [4,8) => 6, [8,16) => 5, [16,32) => 9, [32,64) => 18, [64,128) => 8, [128,256) => 3447, [256,512) => 46415
   Buffers: shared hit=29922 read=12712
 Settings: enable_bitmapscan = 'off', enable_seqscan = 'off', max_parallel_workers_per_gather = '0'
 Planning:
   Buffers: shared hit=81 read=28
 Planning Time: 2.029 ms
 Execution Time: 64.820 ms
(12 rows)

SET
SET
SET
SET
SET
                                             QUERY PLAN                                             
----------------------------------------------------------------------------------------------------
 Index Scan using idx on public.t (actual rows=65536.00 loops=1)
   Output: a, b
   Index Cond: ((t.a >= 4438) AND (t.a <= 20821))
   Index Searches: 1
   Buffers: shared hit=42637
 Settings: enable_bitmapscan = 'off', enable_seqscan = 'off', max_parallel_workers_per_gather = '0'
 Planning:
   Buffers: shared hit=114
 Planning Time: 0.227 ms
 Execution Time: 13.482 ms
(10 rows)

