SET
SET
SET
SET
SET
                                                                             QUERY PLAN                                                                             
--------------------------------------------------------------------------------------------------------------------------------------------------------------------
 Index Scan using idx on public.t (actual rows=8048576.00 loops=1)
   Output: a, b
   Index Cond: ((t.a >= 18234) AND (t.a <= 2030377))
   Index Searches: 1
   Prefetch: distance=124.833 count=799804 stalls=4431349 skipped=2825496 resets=0 ungets=8620 forwarded=10702
             histogram [2,4) => 247381, [4,8) => 146274, [8,16) => 6998, [16,32) => 489, [32,64) => 874, [64,128) => 2249, [128,256) => 194892, [256,512) => 200647
   Buffers: shared hit=5018023 read=216914
 Settings: enable_bitmapscan = 'off', enable_seqscan = 'off', max_parallel_workers_per_gather = '0'
 Planning:
   Buffers: shared hit=77 read=28
 Planning Time: 2.067 ms
 Execution Time: 3145.148 ms
(12 rows)

SET
SET
SET
SET
SET
                                             QUERY PLAN                                             
----------------------------------------------------------------------------------------------------
 Index Scan using idx on public.t (actual rows=8048576.00 loops=1)
   Output: a, b
   Index Cond: ((t.a >= 18234) AND (t.a <= 2030377))
   Index Searches: 1
   Buffers: shared hit=5234937
 Settings: enable_bitmapscan = 'off', enable_seqscan = 'off', max_parallel_workers_per_gather = '0'
 Planning:
   Buffers: shared hit=110
 Planning Time: 0.234 ms
 Execution Time: 1649.453 ms
(10 rows)

