SET
SET
SET
SET
SET
                                                                            QUERY PLAN                                                                            
------------------------------------------------------------------------------------------------------------------------------------------------------------------
 Index Scan using idx on public.t (actual rows=4048576.00 loops=1)
   Output: a, b
   Index Cond: ((t.a >= 25789) AND (t.a <= 1037932))
   Index Searches: 1
   Prefetch: distance=227.113 count=1454542 stalls=1182023 skipped=1420845 resets=0 ungets=9221 forwarded=12147
             histogram [2,4) => 65979, [4,8) => 39084, [8,16) => 1882, [16,32) => 150, [32,64) => 764, [64,128) => 5292, [128,256) => 756145, [256,512) => 585246
   Buffers: shared hit=2517243 read=116428
 Settings: enable_bitmapscan = 'off', enable_seqscan = 'off', max_parallel_workers_per_gather = '0'
 Planning:
   Buffers: shared hit=77 read=24
 Planning Time: 1.856 ms
 Execution Time: 1543.095 ms
(12 rows)

SET
SET
SET
SET
SET
                                             QUERY PLAN                                             
----------------------------------------------------------------------------------------------------
 Index Scan using idx on public.t (actual rows=4048576.00 loops=1)
   Output: a, b
   Index Cond: ((t.a >= 25789) AND (t.a <= 1037932))
   Index Searches: 1
   Buffers: shared hit=2633671
 Settings: enable_bitmapscan = 'off', enable_seqscan = 'off', max_parallel_workers_per_gather = '0'
 Planning:
   Buffers: shared hit=106
 Planning Time: 0.202 ms
 Execution Time: 832.505 ms
(10 rows)

