SET
SET
SET
SET
SET
                                                                     QUERY PLAN                                                                     
----------------------------------------------------------------------------------------------------------------------------------------------------
 Index Scan Backward using idx on public.t (actual rows=2048576.00 loops=1)
   Output: a, b
   Index Cond: ((t.a >= 12599) AND (t.a <= 524742))
   Index Searches: 1
   Prefetch: distance=264.228 count=2224676 stalls=1 skipped=30330 resets=0 ungets=206542 forwarded=5
             histogram [2,4) => 4, [4,8) => 4, [8,16) => 9, [16,32) => 29, [32,64) => 28, [64,128) => 23, [128,256) => 310621, [256,512) => 1913958
   Buffers: shared hit=1920610 read=100708
 Settings: enable_bitmapscan = 'off', enable_seqscan = 'off', max_parallel_workers_per_gather = '0'
 Planning:
   Buffers: shared hit=82 read=27
 Planning Time: 2.102 ms
 Execution Time: 2357.580 ms
(12 rows)

SET
SET
SET
SET
SET
                                             QUERY PLAN                                             
----------------------------------------------------------------------------------------------------
 Index Scan Backward using idx on public.t (actual rows=2048576.00 loops=1)
   Output: a, b
   Index Cond: ((t.a >= 12599) AND (t.a <= 524742))
   Index Searches: 1
   Buffers: shared hit=2021318
 Settings: enable_bitmapscan = 'off', enable_seqscan = 'off', max_parallel_workers_per_gather = '0'
 Planning:
   Buffers: shared hit=114
 Planning Time: 0.305 ms
 Execution Time: 329.458 ms
(10 rows)

