SET
SET
SET
SET
SET
                                                              QUERY PLAN                                                               
---------------------------------------------------------------------------------------------------------------------------------------
 Index Scan using idx on public.t (actual rows=5048576.00 loops=1)
   Output: a, b
   Index Cond: ((t.a >= 16477) AND (t.a <= 1278620))
   Index Searches: 1
   Buffers: shared hit=3143062 read=140869
 Settings: enable_bitmapscan = 'off', enable_seqscan = 'off', max_parallel_workers_per_gather = '0', enable_indexscan_prefetch = 'off'
 Planning:
   Buffers: shared hit=77 read=28
 Planning Time: 2.149 ms
 Execution Time: 1801.545 ms
(10 rows)

SET
SET
SET
SET
SET
                                                              QUERY PLAN                                                               
---------------------------------------------------------------------------------------------------------------------------------------
 Index Scan using idx on public.t (actual rows=5048576.00 loops=1)
   Output: a, b
   Index Cond: ((t.a >= 16477) AND (t.a <= 1278620))
   Index Searches: 1
   Buffers: shared hit=3283931
 Settings: enable_bitmapscan = 'off', enable_seqscan = 'off', max_parallel_workers_per_gather = '0', enable_indexscan_prefetch = 'off'
 Planning:
   Buffers: shared hit=110
 Planning Time: 0.224 ms
 Execution Time: 1066.908 ms
(10 rows)

