SET
SET
SET
SET
SET
                                                                     QUERY PLAN                                                                     
----------------------------------------------------------------------------------------------------------------------------------------------------
 Index Scan Backward using idx on public.t (actual rows=7048576.00 loops=1)
   Output: a, b
   Index Cond: ((t.a >= 18422) AND (t.a <= 1780565))
   Index Searches: 1
   Prefetch: distance=264.245 count=7654926 stalls=1 skipped=104579 resets=0 ungets=710973 forwarded=16
             histogram [2,4) => 2, [4,8) => 9, [8,16) => 6, [16,32) => 11, [32,64) => 10, [64,128) => 4, [128,256) => 1067560, [256,512) => 6587324
   Buffers: shared hit=6608263 read=346291
 Settings: enable_bitmapscan = 'off', enable_seqscan = 'off', max_parallel_workers_per_gather = '0'
 Planning:
   Buffers: shared hit=82 read=27
 Planning Time: 2.051 ms
 Execution Time: 8063.438 ms
(12 rows)

SET
SET
SET
SET
SET
                                             QUERY PLAN                                             
----------------------------------------------------------------------------------------------------
 Index Scan Backward using idx on public.t (actual rows=7048576.00 loops=1)
   Output: a, b
   Index Cond: ((t.a >= 18422) AND (t.a <= 1780565))
   Index Searches: 1
   Buffers: shared hit=6954554
 Settings: enable_bitmapscan = 'off', enable_seqscan = 'off', max_parallel_workers_per_gather = '0'
 Planning:
   Buffers: shared hit=114
 Planning Time: 0.222 ms
 Execution Time: 1126.009 ms
(10 rows)

