SET
SET
SET
SET
SET
                                                                      QUERY PLAN                                                                      
------------------------------------------------------------------------------------------------------------------------------------------------------
 Index Scan Backward using idx on public.t (actual rows=131072.00 loops=1)
   Output: a, b
   Index Cond: ((t.a >= 21819) AND (t.a <= 54586))
   Index Searches: 1
   Prefetch: distance=260.762 count=89847 stalls=9896 skipped=45904 resets=0 ungets=15150 forwarded=0
             histogram [2,4) => 340, [4,8) => 91, [8,16) => 27, [16,32) => 42, [32,64) => 75, [64,128) => 326, [128,256) => 16069, [256,512) => 72877
   Buffers: shared hit=68392 read=16783
 Settings: enable_bitmapscan = 'off', enable_seqscan = 'off', max_parallel_workers_per_gather = '0'
 Planning:
   Buffers: shared hit=81 read=28
 Planning Time: 2.035 ms
 Execution Time: 182.896 ms
(12 rows)

SET
SET
SET
SET
SET
                                             QUERY PLAN                                             
----------------------------------------------------------------------------------------------------
 Index Scan Backward using idx on public.t (actual rows=131072.00 loops=1)
   Output: a, b
   Index Cond: ((t.a >= 21819) AND (t.a <= 54586))
   Index Searches: 1
   Buffers: shared hit=85175
 Settings: enable_bitmapscan = 'off', enable_seqscan = 'off', max_parallel_workers_per_gather = '0'
 Planning:
   Buffers: shared hit=114
 Planning Time: 0.195 ms
 Execution Time: 25.709 ms
(10 rows)

