SET
SET
SET
SET
SET
                                                                              QUERY PLAN                                                                              
----------------------------------------------------------------------------------------------------------------------------------------------------------------------
 Index Scan Backward using idx on public.t (actual rows=8048576.00 loops=1)
   Output: a, b
   Index Cond: ((t.a >= 7151) AND (t.a <= 2019294))
   Index Searches: 1
   Prefetch: distance=247.357 count=4651463 stalls=616167 skipped=2825508 resets=0 ungets=44949 forwarded=2
             histogram [2,4) => 22996, [4,8) => 11614, [8,16) => 1573, [16,32) => 822, [32,64) => 1724, [64,128) => 12660, [128,256) => 2199473, [256,512) => 2400601
   Buffers: shared hit=5019066 read=215918
 Settings: enable_bitmapscan = 'off', enable_seqscan = 'off', max_parallel_workers_per_gather = '0'
 Planning:
   Buffers: shared hit=81 read=28
 Planning Time: 2.069 ms
 Execution Time: 4368.479 ms
(12 rows)

SET
SET
SET
SET
SET
                                             QUERY PLAN                                             
----------------------------------------------------------------------------------------------------
 Index Scan Backward using idx on public.t (actual rows=8048576.00 loops=1)
   Output: a, b
   Index Cond: ((t.a >= 7151) AND (t.a <= 2019294))
   Index Searches: 1
   Buffers: shared hit=5234984
 Settings: enable_bitmapscan = 'off', enable_seqscan = 'off', max_parallel_workers_per_gather = '0'
 Planning:
   Buffers: shared hit=114
 Planning Time: 0.242 ms
 Execution Time: 1645.122 ms
(10 rows)

