SET
SET
SET
SET
SET
                                                                           QUERY PLAN                                                                           
----------------------------------------------------------------------------------------------------------------------------------------------------------------
 Index Scan Backward using idx on public.t (actual rows=2048576.00 loops=1)
   Output: a, b
   Index Cond: ((t.a >= 25873) AND (t.a <= 538016))
   Index Searches: 1
   Prefetch: distance=245.473 count=935843 stalls=422001 skipped=719248 resets=0 ungets=28951 forwarded=1
             histogram [2,4) => 12948, [4,8) => 6223, [8,16) => 664, [16,32) => 311, [32,64) => 394, [64,128) => 3116, [128,256) => 401401, [256,512) => 510786
   Buffers: shared hit=1266449 read=65801
 Settings: enable_bitmapscan = 'off', enable_seqscan = 'off', max_parallel_workers_per_gather = '0'
 Planning:
   Buffers: shared hit=81 read=24
 Planning Time: 1.957 ms
 Execution Time: 1360.791 ms
(12 rows)

SET
SET
SET
SET
SET
                                             QUERY PLAN                                             
----------------------------------------------------------------------------------------------------
 Index Scan Backward using idx on public.t (actual rows=2048576.00 loops=1)
   Output: a, b
   Index Cond: ((t.a >= 25873) AND (t.a <= 538016))
   Index Searches: 1
   Buffers: shared hit=1332250
 Settings: enable_bitmapscan = 'off', enable_seqscan = 'off', max_parallel_workers_per_gather = '0'
 Planning:
   Buffers: shared hit=110
 Planning Time: 0.182 ms
 Execution Time: 413.587 ms
(10 rows)

