SET
SET
SET
SET
SET
                                                                           QUERY PLAN                                                                            
-----------------------------------------------------------------------------------------------------------------------------------------------------------------
 Index Scan Backward using idx on public.t (actual rows=4048576.00 loops=1)
   Output: a, b
   Index Cond: ((t.a >= 685) AND (t.a <= 1012828))
   Index Searches: 1
   Prefetch: distance=246.738 count=2129723 stalls=531407 skipped=1421001 resets=0 ungets=34114 forwarded=1
             histogram [2,4) => 16172, [4,8) => 7927, [8,16) => 927, [16,32) => 430, [32,64) => 754, [64,128) => 6283, [128,256) => 980667, [256,512) => 1116563
   Buffers: shared hit=2519341 read=114099
 Settings: enable_bitmapscan = 'off', enable_seqscan = 'off', max_parallel_workers_per_gather = '0'
 Planning:
   Buffers: shared hit=81 read=28
 Planning Time: 2.050 ms
 Execution Time: 2345.582 ms
(12 rows)

SET
SET
SET
SET
SET
                                             QUERY PLAN                                             
----------------------------------------------------------------------------------------------------
 Index Scan Backward using idx on public.t (actual rows=4048576.00 loops=1)
   Output: a, b
   Index Cond: ((t.a >= 685) AND (t.a <= 1012828))
   Index Searches: 1
   Buffers: shared hit=2633440
 Settings: enable_bitmapscan = 'off', enable_seqscan = 'off', max_parallel_workers_per_gather = '0'
 Planning:
   Buffers: shared hit=114
 Planning Time: 0.228 ms
 Execution Time: 828.308 ms
(10 rows)

