SET
SET
SET
SET
SET
                                                                           QUERY PLAN                                                                           
----------------------------------------------------------------------------------------------------------------------------------------------------------------
 Index Scan Backward using idx on public.t (actual rows=3048576.00 loops=1)
   Output: a, b
   Index Cond: ((t.a >= 16355) AND (t.a <= 778498))
   Index Searches: 1
   Prefetch: distance=245.822 count=1518969 stalls=490921 skipped=1069789 resets=0 ungets=31546 forwarded=1
             histogram [2,4) => 16068, [4,8) => 7898, [8,16) => 933, [16,32) => 426, [32,64) => 716, [64,128) => 4992, [128,256) => 683074, [256,512) => 804862
   Buffers: shared hit=1892970 read=90224
 Settings: enable_bitmapscan = 'off', enable_seqscan = 'off', max_parallel_workers_per_gather = '0'
 Planning:
   Buffers: shared hit=81 read=28
 Planning Time: 2.113 ms
 Execution Time: 1896.014 ms
(12 rows)

SET
SET
SET
SET
SET
                                             QUERY PLAN                                             
----------------------------------------------------------------------------------------------------
 Index Scan Backward using idx on public.t (actual rows=3048576.00 loops=1)
   Output: a, b
   Index Cond: ((t.a >= 16355) AND (t.a <= 778498))
   Index Searches: 1
   Buffers: shared hit=1983194
 Settings: enable_bitmapscan = 'off', enable_seqscan = 'off', max_parallel_workers_per_gather = '0'
 Planning:
   Buffers: shared hit=114
 Planning Time: 0.225 ms
 Execution Time: 627.953 ms
(10 rows)

