SET
SET
SET
SET
SET
                                                                          QUERY PLAN                                                                           
---------------------------------------------------------------------------------------------------------------------------------------------------------------
 Index Scan Backward using idx on public.t (actual rows=1048576.00 loops=1)
   Output: a, b
   Index Cond: ((t.a >= 28922) AND (t.a <= 291065))
   Index Searches: 1
   Prefetch: distance=239.664 count=306225 stalls=400084 skipped=367738 resets=0 ungets=26074 forwarded=2
             histogram [2,4) => 11952, [4,8) => 5682, [8,16) => 593, [16,32) => 265, [32,64) => 223, [64,128) => 1349, [128,256) => 95645, [256,512) => 190516
   Buffers: shared hit=641469 read=40728
 Settings: enable_bitmapscan = 'off', enable_seqscan = 'off', max_parallel_workers_per_gather = '0'
 Planning:
   Buffers: shared hit=81 read=24
 Planning Time: 1.853 ms
 Execution Time: 883.553 ms
(12 rows)

SET
SET
SET
SET
SET
                                             QUERY PLAN                                             
----------------------------------------------------------------------------------------------------
 Index Scan Backward using idx on public.t (actual rows=1048576.00 loops=1)
   Output: a, b
   Index Cond: ((t.a >= 28922) AND (t.a <= 291065))
   Index Searches: 1
   Buffers: shared hit=682197
 Settings: enable_bitmapscan = 'off', enable_seqscan = 'off', max_parallel_workers_per_gather = '0'
 Planning:
   Buffers: shared hit=110
 Planning Time: 0.179 ms
 Execution Time: 212.184 ms
(10 rows)

