SET
SET
SET
SET
SET
                                                                            QUERY PLAN                                                                            
------------------------------------------------------------------------------------------------------------------------------------------------------------------
 Index Scan Backward using idx on public.t (actual rows=5048576.00 loops=1)
   Output: a, b
   Index Cond: ((t.a >= 17297) AND (t.a <= 1279440))
   Index Searches: 1
   Prefetch: distance=247.437 count=2824947 stalls=488472 skipped=1772149 resets=0 ungets=37203 forwarded=1
             histogram [2,4) => 16060, [4,8) => 7898, [8,16) => 926, [16,32) => 430, [32,64) => 847, [64,128) => 7287, [128,256) => 1317061, [256,512) => 1474438
   Buffers: shared hit=3142954 read=140970
 Settings: enable_bitmapscan = 'off', enable_seqscan = 'off', max_parallel_workers_per_gather = '0'
 Planning:
   Buffers: shared hit=81 read=28
 Planning Time: 2.051 ms
 Execution Time: 2813.298 ms
(12 rows)

SET
SET
SET
SET
SET
                                             QUERY PLAN                                             
----------------------------------------------------------------------------------------------------
 Index Scan Backward using idx on public.t (actual rows=5048576.00 loops=1)
   Output: a, b
   Index Cond: ((t.a >= 17297) AND (t.a <= 1279440))
   Index Searches: 1
   Buffers: shared hit=3283924
 Settings: enable_bitmapscan = 'off', enable_seqscan = 'off', max_parallel_workers_per_gather = '0'
 Planning:
   Buffers: shared hit=114
 Planning Time: 0.231 ms
 Execution Time: 1028.683 ms
(10 rows)

