SET
SET
SET
SET
SET
                                                                           QUERY PLAN                                                                           
----------------------------------------------------------------------------------------------------------------------------------------------------------------
 Index Scan Backward using idx on public.t (actual rows=2048576.00 loops=1)
   Output: a, b
   Index Cond: ((t.a >= 7557) AND (t.a <= 519700))
   Index Searches: 1
   Prefetch: distance=245.188 count=888013 stalls=469235 skipped=719197 resets=0 ungets=28520 forwarded=1
             histogram [2,4) => 13168, [4,8) => 6328, [8,16) => 666, [16,32) => 311, [32,64) => 394, [64,128) => 3062, [128,256) => 377441, [256,512) => 486643
   Buffers: shared hit=1268018 read=64197
 Settings: enable_bitmapscan = 'off', enable_seqscan = 'off', max_parallel_workers_per_gather = '0'
 Planning:
   Buffers: shared hit=81 read=28
 Planning Time: 2.047 ms
 Execution Time: 1359.865 ms
(12 rows)

SET
SET
SET
SET
SET
                                             QUERY PLAN                                             
----------------------------------------------------------------------------------------------------
 Index Scan Backward using idx on public.t (actual rows=2048576.00 loops=1)
   Output: a, b
   Index Cond: ((t.a >= 7557) AND (t.a <= 519700))
   Index Searches: 1
   Buffers: shared hit=1332215
 Settings: enable_bitmapscan = 'off', enable_seqscan = 'off', max_parallel_workers_per_gather = '0'
 Planning:
   Buffers: shared hit=114
 Planning Time: 0.195 ms
 Execution Time: 415.689 ms
(10 rows)

