SET
SET
SET
SET
SET
                                                                         QUERY PLAN                                                                         
------------------------------------------------------------------------------------------------------------------------------------------------------------
 Index Scan Backward using idx on public.t (actual rows=524288.00 loops=1)
   Output: a, b
   Index Cond: ((t.a >= 29590) AND (t.a <= 160661))
   Index Searches: 1
   Prefetch: distance=249.172 count=143045 stalls=219415 skipped=184310 resets=0 ungets=22509 forwarded=1
             histogram [2,4) => 4562, [4,8) => 2081, [8,16) => 206, [16,32) => 143, [32,64) => 63, [64,128) => 147, [128,256) => 27553, [256,512) => 108290
   Buffers: shared hit=313314 read=27444
 Settings: enable_bitmapscan = 'off', enable_seqscan = 'off', max_parallel_workers_per_gather = '0'
 Planning:
   Buffers: shared hit=81 read=24
 Planning Time: 1.877 ms
 Execution Time: 445.116 ms
(12 rows)

SET
SET
SET
SET
SET
                                             QUERY PLAN                                             
----------------------------------------------------------------------------------------------------
 Index Scan Backward using idx on public.t (actual rows=524288.00 loops=1)
   Output: a, b
   Index Cond: ((t.a >= 29590) AND (t.a <= 160661))
   Index Searches: 1
   Buffers: shared hit=340758
 Settings: enable_bitmapscan = 'off', enable_seqscan = 'off', max_parallel_workers_per_gather = '0'
 Planning:
   Buffers: shared hit=110
 Planning Time: 0.177 ms
 Execution Time: 103.298 ms
(10 rows)

