SET
SET
SET
SET
SET
                                                                       QUERY PLAN                                                                       
--------------------------------------------------------------------------------------------------------------------------------------------------------
 Index Scan Backward using idx on public.t (actual rows=262144.00 loops=1)
   Output: a, b
   Index Cond: ((t.a >= 18636) AND (t.a <= 84171))
   Index Searches: 1
   Prefetch: distance=257.082 count=107019 stalls=80700 skipped=92268 resets=0 ungets=17854 forwarded=1
             histogram [2,4) => 1202, [4,8) => 374, [8,16) => 24, [16,32) => 27, [32,64) => 72, [64,128) => 464, [128,256) => 20865, [256,512) => 83991
   Buffers: shared hit=150294 read=19976
 Settings: enable_bitmapscan = 'off', enable_seqscan = 'off', max_parallel_workers_per_gather = '0'
 Planning:
   Buffers: shared hit=81 read=28
 Planning Time: 2.059 ms
 Execution Time: 238.509 ms
(12 rows)

SET
SET
SET
SET
SET
                                             QUERY PLAN                                             
----------------------------------------------------------------------------------------------------
 Index Scan Backward using idx on public.t (actual rows=262144.00 loops=1)
   Output: a, b
   Index Cond: ((t.a >= 18636) AND (t.a <= 84171))
   Index Searches: 1
   Buffers: shared hit=170270
 Settings: enable_bitmapscan = 'off', enable_seqscan = 'off', max_parallel_workers_per_gather = '0'
 Planning:
   Buffers: shared hit=114
 Planning Time: 0.226 ms
 Execution Time: 55.728 ms
(10 rows)

