SET
SET
SET
SET
SET
                                                                              QUERY PLAN                                                                              
----------------------------------------------------------------------------------------------------------------------------------------------------------------------
 Index Scan Backward using idx on public.t (actual rows=7048576.00 loops=1)
   Output: a, b
   Index Cond: ((t.a >= 17087) AND (t.a <= 1779230))
   Index Searches: 1
   Prefetch: distance=247.184 count=4028412 stalls=588451 skipped=2474242 resets=0 ungets=42576 forwarded=1
             histogram [2,4) => 22750, [4,8) => 11470, [8,16) => 1552, [16,32) => 738, [32,64) => 1245, [64,128) => 10311, [128,256) => 1897347, [256,512) => 2082999
   Buffers: shared hit=4393295 read=191581
 Settings: enable_bitmapscan = 'off', enable_seqscan = 'off', max_parallel_workers_per_gather = '0'
 Planning:
   Buffers: shared hit=81 read=28
 Planning Time: 2.084 ms
 Execution Time: 3896.406 ms
(12 rows)

SET
SET
SET
SET
SET
                                             QUERY PLAN                                             
----------------------------------------------------------------------------------------------------
 Index Scan Backward using idx on public.t (actual rows=7048576.00 loops=1)
   Output: a, b
   Index Cond: ((t.a >= 17087) AND (t.a <= 1779230))
   Index Searches: 1
   Buffers: shared hit=4584876
 Settings: enable_bitmapscan = 'off', enable_seqscan = 'off', max_parallel_workers_per_gather = '0'
 Planning:
   Buffers: shared hit=114
 Planning Time: 0.239 ms
 Execution Time: 1447.256 ms
(10 rows)

