SET
SET
SET
SET
SET
                                                                            QUERY PLAN                                                                            
------------------------------------------------------------------------------------------------------------------------------------------------------------------
 Index Scan Backward using idx on public.t (actual rows=6048576.00 loops=1)
   Output: a, b
   Index Cond: ((t.a >= 15582) AND (t.a <= 1527725))
   Index Searches: 1
   Prefetch: distance=247.714 count=3472509 stalls=492934 skipped=2123106 resets=0 ungets=40008 forwarded=1
             histogram [2,4) => 16076, [4,8) => 7908, [8,16) => 927, [16,32) => 439, [32,64) => 922, [64,128) => 9027, [128,256) => 1631550, [256,512) => 1805660
   Buffers: shared hit=3768485 read=166033
 Settings: enable_bitmapscan = 'off', enable_seqscan = 'off', max_parallel_workers_per_gather = '0'
 Planning:
   Buffers: shared hit=81 read=28
 Planning Time: 2.035 ms
 Execution Time: 3266.252 ms
(12 rows)

SET
SET
SET
SET
SET
                                             QUERY PLAN                                             
----------------------------------------------------------------------------------------------------
 Index Scan Backward using idx on public.t (actual rows=6048576.00 loops=1)
   Output: a, b
   Index Cond: ((t.a >= 15582) AND (t.a <= 1527725))
   Index Searches: 1
   Buffers: shared hit=3934518
 Settings: enable_bitmapscan = 'off', enable_seqscan = 'off', max_parallel_workers_per_gather = '0'
 Planning:
   Buffers: shared hit=114
 Planning Time: 0.233 ms
 Execution Time: 1236.900 ms
(10 rows)

