SET
SET
SET
SET
SET
                                                                            QUERY PLAN                                                                            
------------------------------------------------------------------------------------------------------------------------------------------------------------------
 Index Scan Backward using idx on public.t (actual rows=4048576.00 loops=1)
   Output: a, b
   Index Cond: ((t.a >= 18240) AND (t.a <= 1030383))
   Index Searches: 1
   Prefetch: distance=246.841 count=2175492 stalls=486007 skipped=1420767 resets=0 ungets=34329 forwarded=1
             histogram [2,4) => 16052, [4,8) => 7897, [8,16) => 929, [16,32) => 430, [32,64) => 754, [64,128) => 6277, [128,256) => 1002688, [256,512) => 1140465
   Buffers: shared hit=2517903 read=115741
 Settings: enable_bitmapscan = 'off', enable_seqscan = 'off', max_parallel_workers_per_gather = '0'
 Planning:
   Buffers: shared hit=81 read=28
 Planning Time: 2.051 ms
 Execution Time: 2393.079 ms
(12 rows)

SET
SET
SET
SET
SET
                                             QUERY PLAN                                             
----------------------------------------------------------------------------------------------------
 Index Scan Backward using idx on public.t (actual rows=4048576.00 loops=1)
   Output: a, b
   Index Cond: ((t.a >= 18240) AND (t.a <= 1030383))
   Index Searches: 1
   Buffers: shared hit=2633644
 Settings: enable_bitmapscan = 'off', enable_seqscan = 'off', max_parallel_workers_per_gather = '0'
 Planning:
   Buffers: shared hit=114
 Planning Time: 0.231 ms
 Execution Time: 826.402 ms
(10 rows)

