SET
SET
SET
SET
                                             QUERY PLAN                                             
----------------------------------------------------------------------------------------------------
 Index Scan Backward using idx on public.t (actual rows=2048.00 loops=1)
   Output: a, b
   Index Cond: ((t.a >= 906) AND (t.a <= 1417))
   Index Searches: 1
   Buffers: shared hit=150 read=1190
 Settings: enable_bitmapscan = 'off', enable_seqscan = 'off', max_parallel_workers_per_gather = '0'
 Planning:
   Buffers: shared hit=85 read=28
 Planning Time: 1.763 ms
 Execution Time: 78.631 ms
(10 rows)

SET
SET
SET
SET
                                             QUERY PLAN                                             
----------------------------------------------------------------------------------------------------
 Index Scan Backward using idx on public.t (actual rows=2048.00 loops=1)
   Output: a, b
   Index Cond: ((t.a >= 906) AND (t.a <= 1417))
   Index Searches: 1
   Buffers: shared hit=1340
 Settings: enable_bitmapscan = 'off', enable_seqscan = 'off', max_parallel_workers_per_gather = '0'
 Planning:
   Buffers: shared hit=118
 Planning Time: 0.164 ms
 Execution Time: 0.548 ms
(10 rows)

