SET
SET
SET
SET
SET
                                                                       QUERY PLAN                                                                       
--------------------------------------------------------------------------------------------------------------------------------------------------------
 Index Scan Backward using idx on public.t (actual rows=262144.00 loops=1)
   Output: a, b
   Index Cond: ((t.a >= 29418) AND (t.a <= 94953))
   Index Searches: 1
   Prefetch: distance=256.383 count=115886 stalls=72096 skipped=92170 resets=0 ungets=18395 forwarded=1
             histogram [2,4) => 1074, [4,8) => 396, [8,16) => 32, [16,32) => 57, [32,64) => 87, [64,128) => 470, [128,256) => 24630, [256,512) => 89140
   Buffers: shared hit=149349 read=20877
 Settings: enable_bitmapscan = 'off', enable_seqscan = 'off', max_parallel_workers_per_gather = '0'
 Planning:
   Buffers: shared hit=81 read=24
 Planning Time: 1.849 ms
 Execution Time: 261.281 ms
(12 rows)

SET
SET
SET
SET
SET
                                             QUERY PLAN                                             
----------------------------------------------------------------------------------------------------
 Index Scan Backward using idx on public.t (actual rows=262144.00 loops=1)
   Output: a, b
   Index Cond: ((t.a >= 29418) AND (t.a <= 94953))
   Index Searches: 1
   Buffers: shared hit=170226
 Settings: enable_bitmapscan = 'off', enable_seqscan = 'off', max_parallel_workers_per_gather = '0'
 Planning:
   Buffers: shared hit=110
 Planning Time: 0.193 ms
 Execution Time: 50.864 ms
(10 rows)

