SET
SET
SET
SET
SET
                                                                           QUERY PLAN                                                                           
----------------------------------------------------------------------------------------------------------------------------------------------------------------
 Index Scan Backward using idx on public.t (actual rows=2048576.00 loops=1)
   Output: a, b
   Index Cond: ((t.a >= 12653) AND (t.a <= 524796))
   Index Searches: 1
   Prefetch: distance=245.276 count=901698 stalls=456148 skipped=719181 resets=0 ungets=28778 forwarded=1
             histogram [2,4) => 13128, [4,8) => 6319, [8,16) => 666, [16,32) => 311, [32,64) => 394, [64,128) => 3089, [128,256) => 383864, [256,512) => 493927
   Buffers: shared hit=1267706 read=64639
 Settings: enable_bitmapscan = 'off', enable_seqscan = 'off', max_parallel_workers_per_gather = '0'
 Planning:
   Buffers: shared hit=81 read=28
 Planning Time: 2.052 ms
 Execution Time: 1360.459 ms
(12 rows)

SET
SET
SET
SET
SET
                                             QUERY PLAN                                             
----------------------------------------------------------------------------------------------------
 Index Scan Backward using idx on public.t (actual rows=2048576.00 loops=1)
   Output: a, b
   Index Cond: ((t.a >= 12653) AND (t.a <= 524796))
   Index Searches: 1
   Buffers: shared hit=1332345
 Settings: enable_bitmapscan = 'off', enable_seqscan = 'off', max_parallel_workers_per_gather = '0'
 Planning:
   Buffers: shared hit=114
 Planning Time: 0.225 ms
 Execution Time: 419.755 ms
(10 rows)

