SET
SET
SET
SET
SET
                                                                          QUERY PLAN                                                                           
---------------------------------------------------------------------------------------------------------------------------------------------------------------
 Index Scan Backward using idx on public.t (actual rows=1048576.00 loops=1)
   Output: a, b
   Index Cond: ((t.a >= 10591) AND (t.a <= 272734))
   Index Searches: 1
   Prefetch: distance=238.073 count=259210 stalls=447420 skipped=367864 resets=0 ungets=26009 forwarded=1
             histogram [2,4) => 12202, [4,8) => 5795, [8,16) => 595, [16,32) => 265, [32,64) => 214, [64,128) => 1026, [128,256) => 71873, [256,512) => 167240
   Buffers: shared hit=643194 read=39059
 Settings: enable_bitmapscan = 'off', enable_seqscan = 'off', max_parallel_workers_per_gather = '0'
 Planning:
   Buffers: shared hit=81 read=28
 Planning Time: 2.055 ms
 Execution Time: 850.387 ms
(12 rows)

SET
SET
SET
SET
SET
                                             QUERY PLAN                                             
----------------------------------------------------------------------------------------------------
 Index Scan Backward using idx on public.t (actual rows=1048576.00 loops=1)
   Output: a, b
   Index Cond: ((t.a >= 10591) AND (t.a <= 272734))
   Index Searches: 1
   Buffers: shared hit=682253
 Settings: enable_bitmapscan = 'off', enable_seqscan = 'off', max_parallel_workers_per_gather = '0'
 Planning:
   Buffers: shared hit=114
 Planning Time: 0.228 ms
 Execution Time: 210.282 ms
(10 rows)

