SET
SET
SET
SET
SET
                                                                           QUERY PLAN                                                                           
----------------------------------------------------------------------------------------------------------------------------------------------------------------
 Index Scan Backward using idx on public.t (actual rows=3048576.00 loops=1)
   Output: a, b
   Index Cond: ((t.a >= 19223) AND (t.a <= 781366))
   Index Searches: 1
   Prefetch: distance=245.845 count=1526286 stalls=483466 skipped=1069817 resets=0 ungets=31552 forwarded=2
             histogram [2,4) => 16038, [4,8) => 7882, [8,16) => 925, [16,32) => 430, [32,64) => 716, [64,128) => 4994, [128,256) => 686775, [256,512) => 808526
   Buffers: shared hit=1892606 read=90523
 Settings: enable_bitmapscan = 'off', enable_seqscan = 'off', max_parallel_workers_per_gather = '0'
 Planning:
   Buffers: shared hit=81 read=28
 Planning Time: 2.082 ms
 Execution Time: 1918.806 ms
(12 rows)

SET
SET
SET
SET
SET
                                             QUERY PLAN                                             
----------------------------------------------------------------------------------------------------
 Index Scan Backward using idx on public.t (actual rows=3048576.00 loops=1)
   Output: a, b
   Index Cond: ((t.a >= 19223) AND (t.a <= 781366))
   Index Searches: 1
   Buffers: shared hit=1983129
 Settings: enable_bitmapscan = 'off', enable_seqscan = 'off', max_parallel_workers_per_gather = '0'
 Planning:
   Buffers: shared hit=114
 Planning Time: 0.228 ms
 Execution Time: 626.935 ms
(10 rows)

