SET
SET
SET
SET
SET
                                                                            QUERY PLAN                                                                            
------------------------------------------------------------------------------------------------------------------------------------------------------------------
 Index Scan Backward using idx on public.t (actual rows=4048576.00 loops=1)
   Output: a, b
   Index Cond: ((t.a >= 31380) AND (t.a <= 1043523))
   Index Searches: 1
   Prefetch: distance=246.919 count=2209623 stalls=452241 skipped=1420850 resets=0 ungets=34565 forwarded=3
             histogram [2,4) => 15816, [4,8) => 7780, [8,16) => 925, [16,32) => 430, [32,64) => 754, [64,128) => 6290, [128,256) => 1019478, [256,512) => 1158150
   Buffers: shared hit=2516790 read=116852
 Settings: enable_bitmapscan = 'off', enable_seqscan = 'off', max_parallel_workers_per_gather = '0'
 Planning:
   Buffers: shared hit=81 read=24
 Planning Time: 1.845 ms
 Execution Time: 2386.527 ms
(12 rows)

SET
SET
SET
SET
SET
                                             QUERY PLAN                                             
----------------------------------------------------------------------------------------------------
 Index Scan Backward using idx on public.t (actual rows=4048576.00 loops=1)
   Output: a, b
   Index Cond: ((t.a >= 31380) AND (t.a <= 1043523))
   Index Searches: 1
   Buffers: shared hit=2633642
 Settings: enable_bitmapscan = 'off', enable_seqscan = 'off', max_parallel_workers_per_gather = '0'
 Planning:
   Buffers: shared hit=110
 Planning Time: 0.212 ms
 Execution Time: 834.745 ms
(10 rows)

