SET
SET
SET
SET
SET
                                                                              QUERY PLAN                                                                              
----------------------------------------------------------------------------------------------------------------------------------------------------------------------
 Index Scan Backward using idx on public.t (actual rows=8048576.00 loops=1)
   Output: a, b
   Index Cond: ((t.a >= 14436) AND (t.a <= 2026579))
   Index Searches: 1
   Prefetch: distance=247.368 count=4670744 stalls=597426 skipped=2825499 resets=0 ungets=45228 forwarded=2
             histogram [2,4) => 22926, [4,8) => 11598, [8,16) => 1573, [16,32) => 822, [32,64) => 1725, [64,128) => 12696, [128,256) => 2209201, [256,512) => 2410203
   Buffers: shared hit=5018513 read=216570
 Settings: enable_bitmapscan = 'off', enable_seqscan = 'off', max_parallel_workers_per_gather = '0'
 Planning:
   Buffers: shared hit=81 read=28
 Planning Time: 2.030 ms
 Execution Time: 4364.570 ms
(12 rows)

SET
SET
SET
SET
SET
                                             QUERY PLAN                                             
----------------------------------------------------------------------------------------------------
 Index Scan Backward using idx on public.t (actual rows=8048576.00 loops=1)
   Output: a, b
   Index Cond: ((t.a >= 14436) AND (t.a <= 2026579))
   Index Searches: 1
   Buffers: shared hit=5235083
 Settings: enable_bitmapscan = 'off', enable_seqscan = 'off', max_parallel_workers_per_gather = '0'
 Planning:
   Buffers: shared hit=114
 Planning Time: 0.223 ms
 Execution Time: 1649.321 ms
(10 rows)

