SET
SET
SET
SET
SET
                                                                          QUERY PLAN                                                                           
---------------------------------------------------------------------------------------------------------------------------------------------------------------
 Index Scan Backward using idx on public.t (actual rows=1048576.00 loops=1)
   Output: a, b
   Index Cond: ((t.a >= 18588) AND (t.a <= 280731))
   Index Searches: 1
   Prefetch: distance=238.733 count=280333 stalls=426655 skipped=367944 resets=0 ungets=26371 forwarded=1
             histogram [2,4) => 12122, [4,8) => 5773, [8,16) => 594, [16,32) => 265, [32,64) => 223, [64,128) => 1155, [128,256) => 83138, [256,512) => 177063
   Buffers: shared hit=642362 read=39842
 Settings: enable_bitmapscan = 'off', enable_seqscan = 'off', max_parallel_workers_per_gather = '0'
 Planning:
   Buffers: shared hit=81 read=28
 Planning Time: 2.049 ms
 Execution Time: 854.268 ms
(12 rows)

SET
SET
SET
SET
SET
                                             QUERY PLAN                                             
----------------------------------------------------------------------------------------------------
 Index Scan Backward using idx on public.t (actual rows=1048576.00 loops=1)
   Output: a, b
   Index Cond: ((t.a >= 18588) AND (t.a <= 280731))
   Index Searches: 1
   Buffers: shared hit=682204
 Settings: enable_bitmapscan = 'off', enable_seqscan = 'off', max_parallel_workers_per_gather = '0'
 Planning:
   Buffers: shared hit=114
 Planning Time: 0.221 ms
 Execution Time: 216.334 ms
(10 rows)

