SET
SET
SET
SET
SET
                                                                            QUERY PLAN                                                                            
------------------------------------------------------------------------------------------------------------------------------------------------------------------
 Index Scan Backward using idx on public.t (actual rows=4048576.00 loops=1)
   Output: a, b
   Index Cond: ((t.a >= 16439) AND (t.a <= 1028582))
   Index Searches: 1
   Prefetch: distance=246.842 count=2171547 stalls=490703 skipped=1420884 resets=0 ungets=34673 forwarded=1
             histogram [2,4) => 16068, [4,8) => 7898, [8,16) => 926, [16,32) => 430, [32,64) => 754, [64,128) => 6286, [128,256) => 1000098, [256,512) => 1139087
   Buffers: shared hit=2518129 read=115588
 Settings: enable_bitmapscan = 'off', enable_seqscan = 'off', max_parallel_workers_per_gather = '0'
 Planning:
   Buffers: shared hit=81 read=28
 Planning Time: 2.059 ms
 Execution Time: 2334.574 ms
(12 rows)

SET
SET
SET
SET
SET
                                             QUERY PLAN                                             
----------------------------------------------------------------------------------------------------
 Index Scan Backward using idx on public.t (actual rows=4048576.00 loops=1)
   Output: a, b
   Index Cond: ((t.a >= 16439) AND (t.a <= 1028582))
   Index Searches: 1
   Buffers: shared hit=2633717
 Settings: enable_bitmapscan = 'off', enable_seqscan = 'off', max_parallel_workers_per_gather = '0'
 Planning:
   Buffers: shared hit=114
 Planning Time: 0.241 ms
 Execution Time: 827.924 ms
(10 rows)

