SET
SET
SET
SET
SET
                                                                         QUERY PLAN                                                                          
-------------------------------------------------------------------------------------------------------------------------------------------------------------
 Index Scan Backward using idx on public.t (actual rows=524288.00 loops=1)
   Output: a, b
   Index Cond: ((t.a >= 18772) AND (t.a <= 149843))
   Index Searches: 1
   Prefetch: distance=249.661 count=146387 stalls=215339 skipped=184162 resets=0 ungets=21775 forwarded=1
             histogram [2,4) => 3662, [4,8) => 1700, [8,16) => 155, [16,32) => 132, [32,64) => 123, [64,128) => 605, [128,256) => 31743, [256,512) => 108267
   Buffers: shared hit=314317 read=26541
 Settings: enable_bitmapscan = 'off', enable_seqscan = 'off', max_parallel_workers_per_gather = '0'
 Planning:
   Buffers: shared hit=81 read=28
 Planning Time: 2.038 ms
 Execution Time: 426.524 ms
(12 rows)

SET
SET
SET
SET
SET
                                             QUERY PLAN                                             
----------------------------------------------------------------------------------------------------
 Index Scan Backward using idx on public.t (actual rows=524288.00 loops=1)
   Output: a, b
   Index Cond: ((t.a >= 18772) AND (t.a <= 149843))
   Index Searches: 1
   Buffers: shared hit=340858
 Settings: enable_bitmapscan = 'off', enable_seqscan = 'off', max_parallel_workers_per_gather = '0'
 Planning:
   Buffers: shared hit=114
 Planning Time: 0.191 ms
 Execution Time: 103.263 ms
(10 rows)

