SET
SET
SET
SET
SET
                                                                            QUERY PLAN                                                                            
------------------------------------------------------------------------------------------------------------------------------------------------------------------
 Index Scan Backward using idx on public.t (actual rows=6048576.00 loops=1)
   Output: a, b
   Index Cond: ((t.a >= 26505) AND (t.a <= 1538648))
   Index Searches: 1
   Prefetch: distance=247.742 count=3500415 stalls=464769 skipped=2123032 resets=0 ungets=39947 forwarded=1
             histogram [2,4) => 15926, [4,8) => 7820, [8,16) => 925, [16,32) => 439, [32,64) => 922, [64,128) => 9027, [128,256) => 1646053, [256,512) => 1819303
   Buffers: shared hit=3767523 read=166974
 Settings: enable_bitmapscan = 'off', enable_seqscan = 'off', max_parallel_workers_per_gather = '0'
 Planning:
   Buffers: shared hit=81 read=24
 Planning Time: 1.838 ms
 Execution Time: 3298.125 ms
(12 rows)

SET
SET
SET
SET
SET
                                             QUERY PLAN                                             
----------------------------------------------------------------------------------------------------
 Index Scan Backward using idx on public.t (actual rows=6048576.00 loops=1)
   Output: a, b
   Index Cond: ((t.a >= 26505) AND (t.a <= 1538648))
   Index Searches: 1
   Buffers: shared hit=3934497
 Settings: enable_bitmapscan = 'off', enable_seqscan = 'off', max_parallel_workers_per_gather = '0'
 Planning:
   Buffers: shared hit=110
 Planning Time: 0.216 ms
 Execution Time: 1253.052 ms
(10 rows)

