SET
SET
SET
SET
SET
                                                                      QUERY PLAN                                                                      
------------------------------------------------------------------------------------------------------------------------------------------------------
 Index Scan Backward using idx on public.t (actual rows=131072.00 loops=1)
   Output: a, b
   Index Cond: ((t.a >= 27705) AND (t.a <= 60472))
   Index Searches: 1
   Prefetch: distance=262.267 count=90214 stalls=10655 skipped=46075 resets=0 ungets=15943 forwarded=0
             histogram [2,4) => 358, [4,8) => 67, [8,16) => 14, [16,32) => 25, [32,64) => 80, [64,128) => 103, [128,256) => 14552, [256,512) => 75015
   Buffers: shared hit=67948 read=17229
 Settings: enable_bitmapscan = 'off', enable_seqscan = 'off', max_parallel_workers_per_gather = '0'
 Planning:
   Buffers: shared hit=81 read=24
 Planning Time: 1.854 ms
 Execution Time: 165.943 ms
(12 rows)

SET
SET
SET
SET
SET
                                             QUERY PLAN                                             
----------------------------------------------------------------------------------------------------
 Index Scan Backward using idx on public.t (actual rows=131072.00 loops=1)
   Output: a, b
   Index Cond: ((t.a >= 27705) AND (t.a <= 60472))
   Index Searches: 1
   Buffers: shared hit=85177
 Settings: enable_bitmapscan = 'off', enable_seqscan = 'off', max_parallel_workers_per_gather = '0'
 Planning:
   Buffers: shared hit=110
 Planning Time: 0.204 ms
 Execution Time: 30.458 ms
(10 rows)

