SET
SET
SET
SET
SET
                                                                       QUERY PLAN                                                                        
---------------------------------------------------------------------------------------------------------------------------------------------------------
 Index Scan Backward using idx on public.t (actual rows=262144.00 loops=1)
   Output: a, b
   Index Cond: ((t.a >= 29137) AND (t.a <= 94672))
   Index Searches: 1
   Prefetch: distance=256.242 count=114964 stalls=72723 skipped=92078 resets=0 ungets=18220 forwarded=1
             histogram [2,4) => 1100, [4,8) => 390, [8,16) => 20, [16,32) => 49, [32,64) => 168, [64,128) => 485, [128,256) => 24193, [256,512) => 88559
   Buffers: shared hit=149401 read=20859
 Settings: enable_bitmapscan = 'off', enable_seqscan = 'off', max_parallel_workers_per_gather = '0'
 Planning:
   Buffers: shared hit=81 read=24
 Planning Time: 1.861 ms
 Execution Time: 267.743 ms
(12 rows)

SET
SET
SET
SET
SET
                                             QUERY PLAN                                             
----------------------------------------------------------------------------------------------------
 Index Scan Backward using idx on public.t (actual rows=262144.00 loops=1)
   Output: a, b
   Index Cond: ((t.a >= 29137) AND (t.a <= 94672))
   Index Searches: 1
   Buffers: shared hit=170260
 Settings: enable_bitmapscan = 'off', enable_seqscan = 'off', max_parallel_workers_per_gather = '0'
 Planning:
   Buffers: shared hit=110
 Planning Time: 0.179 ms
 Execution Time: 51.516 ms
(10 rows)

