SET
SET
SET
SET
SET
                                                                           QUERY PLAN                                                                           
----------------------------------------------------------------------------------------------------------------------------------------------------------------
 Index Scan Backward using idx on public.t (actual rows=3048576.00 loops=1)
   Output: a, b
   Index Cond: ((t.a >= 9339) AND (t.a <= 771482))
   Index Searches: 1
   Prefetch: distance=245.783 count=1500856 stalls=509076 skipped=1069720 resets=0 ungets=31511 forwarded=1
             histogram [2,4) => 16136, [4,8) => 7920, [8,16) => 927, [16,32) => 430, [32,64) => 716, [64,128) => 4981, [128,256) => 674018, [256,512) => 795728
   Buffers: shared hit=1893647 read=89618
 Settings: enable_bitmapscan = 'off', enable_seqscan = 'off', max_parallel_workers_per_gather = '0'
 Planning:
   Buffers: shared hit=81 read=28
 Planning Time: 2.054 ms
 Execution Time: 1885.517 ms
(12 rows)

SET
SET
SET
SET
SET
                                             QUERY PLAN                                             
----------------------------------------------------------------------------------------------------
 Index Scan Backward using idx on public.t (actual rows=3048576.00 loops=1)
   Output: a, b
   Index Cond: ((t.a >= 9339) AND (t.a <= 771482))
   Index Searches: 1
   Buffers: shared hit=1983265
 Settings: enable_bitmapscan = 'off', enable_seqscan = 'off', max_parallel_workers_per_gather = '0'
 Planning:
   Buffers: shared hit=114
 Planning Time: 0.221 ms
 Execution Time: 634.823 ms
(10 rows)

