SET
SET
SET
SET
SET
                                                                           QUERY PLAN                                                                           
----------------------------------------------------------------------------------------------------------------------------------------------------------------
 Index Scan Backward using idx on public.t (actual rows=2048576.00 loops=1)
   Output: a, b
   Index Cond: ((t.a >= 22239) AND (t.a <= 534382))
   Index Searches: 1
   Prefetch: distance=245.396 count=926252 stalls=431342 skipped=719172 resets=0 ungets=28785 forwarded=1
             histogram [2,4) => 13016, [4,8) => 6253, [8,16) => 669, [16,32) => 309, [32,64) => 394, [64,128) => 3116, [128,256) => 396767, [256,512) => 505728
   Buffers: shared hit=1266799 read=65471
 Settings: enable_bitmapscan = 'off', enable_seqscan = 'off', max_parallel_workers_per_gather = '0'
 Planning:
   Buffers: shared hit=81 read=28
 Planning Time: 2.044 ms
 Execution Time: 1389.153 ms
(12 rows)

SET
SET
SET
SET
SET
                                             QUERY PLAN                                             
----------------------------------------------------------------------------------------------------
 Index Scan Backward using idx on public.t (actual rows=2048576.00 loops=1)
   Output: a, b
   Index Cond: ((t.a >= 22239) AND (t.a <= 534382))
   Index Searches: 1
   Buffers: shared hit=1332270
 Settings: enable_bitmapscan = 'off', enable_seqscan = 'off', max_parallel_workers_per_gather = '0'
 Planning:
   Buffers: shared hit=114
 Planning Time: 0.195 ms
 Execution Time: 433.607 ms
(10 rows)

