SET
SET
SET
SET
SET
                                                                              QUERY PLAN                                                                              
----------------------------------------------------------------------------------------------------------------------------------------------------------------------
 Index Scan Backward using idx on public.t (actual rows=8048576.00 loops=1)
   Output: a, b
   Index Cond: ((t.a >= 30312) AND (t.a <= 2042455))
   Index Searches: 1
   Prefetch: distance=247.396 count=4711836 stalls=556420 skipped=2825588 resets=0 ungets=45447 forwarded=2
             histogram [2,4) => 22688, [4,8) => 11483, [8,16) => 1571, [16,32) => 822, [32,64) => 1724, [64,128) => 12786, [128,256) => 2229002, [256,512) => 2431760
   Buffers: shared hit=5017013 read=217968
 Settings: enable_bitmapscan = 'off', enable_seqscan = 'off', max_parallel_workers_per_gather = '0'
 Planning:
   Buffers: shared hit=81 read=24
 Planning Time: 1.864 ms
 Execution Time: 4378.268 ms
(12 rows)

SET
SET
SET
SET
SET
                                             QUERY PLAN                                             
----------------------------------------------------------------------------------------------------
 Index Scan Backward using idx on public.t (actual rows=8048576.00 loops=1)
   Output: a, b
   Index Cond: ((t.a >= 30312) AND (t.a <= 2042455))
   Index Searches: 1
   Buffers: shared hit=5234981
 Settings: enable_bitmapscan = 'off', enable_seqscan = 'off', max_parallel_workers_per_gather = '0'
 Planning:
   Buffers: shared hit=110
 Planning Time: 0.217 ms
 Execution Time: 1668.224 ms
(10 rows)

