SET
SET
SET
SET
SET
                                                                        QUERY PLAN                                                                        
----------------------------------------------------------------------------------------------------------------------------------------------------------
 Index Scan Backward using idx on public.t (actual rows=524288.00 loops=1)
   Output: a, b
   Index Cond: ((t.a >= 5758) AND (t.a <= 136829))
   Index Searches: 1
   Prefetch: distance=251.816 count=124609 stalls=236625 skipped=184085 resets=0 ungets=21254 forwarded=1
             histogram [2,4) => 3642, [4,8) => 1529, [8,16) => 110, [16,32) => 44, [32,64) => 34, [64,128) => 178, [128,256) => 20943, [256,512) => 98129
   Buffers: shared hit=315516 read=25408
 Settings: enable_bitmapscan = 'off', enable_seqscan = 'off', max_parallel_workers_per_gather = '0'
 Planning:
   Buffers: shared hit=81 read=28
 Planning Time: 2.054 ms
 Execution Time: 412.881 ms
(12 rows)

SET
SET
SET
SET
SET
                                             QUERY PLAN                                             
----------------------------------------------------------------------------------------------------
 Index Scan Backward using idx on public.t (actual rows=524288.00 loops=1)
   Output: a, b
   Index Cond: ((t.a >= 5758) AND (t.a <= 136829))
   Index Searches: 1
   Buffers: shared hit=340924
 Settings: enable_bitmapscan = 'off', enable_seqscan = 'off', max_parallel_workers_per_gather = '0'
 Planning:
   Buffers: shared hit=114
 Planning Time: 0.194 ms
 Execution Time: 101.403 ms
(10 rows)

