SET
SET
SET
SET
SET
                                                                           QUERY PLAN                                                                           
----------------------------------------------------------------------------------------------------------------------------------------------------------------
 Index Scan Backward using idx on public.t (actual rows=2048576.00 loops=1)
   Output: a, b
   Index Cond: ((t.a >= 817) AND (t.a <= 512960))
   Index Searches: 1
   Prefetch: distance=245.112 count=870674 stalls=486663 skipped=719394 resets=0 ungets=28566 forwarded=1
             histogram [2,4) => 13192, [4,8) => 6330, [8,16) => 666, [16,32) => 311, [32,64) => 394, [64,128) => 3044, [128,256) => 368719, [256,512) => 478018
   Buffers: shared hit=1268570 read=63545
 Settings: enable_bitmapscan = 'off', enable_seqscan = 'off', max_parallel_workers_per_gather = '0'
 Planning:
   Buffers: shared hit=81 read=28
 Planning Time: 2.064 ms
 Execution Time: 1348.019 ms
(12 rows)

SET
SET
SET
SET
SET
                                             QUERY PLAN                                             
----------------------------------------------------------------------------------------------------
 Index Scan Backward using idx on public.t (actual rows=2048576.00 loops=1)
   Output: a, b
   Index Cond: ((t.a >= 817) AND (t.a <= 512960))
   Index Searches: 1
   Buffers: shared hit=1332115
 Settings: enable_bitmapscan = 'off', enable_seqscan = 'off', max_parallel_workers_per_gather = '0'
 Planning:
   Buffers: shared hit=114
 Planning Time: 0.224 ms
 Execution Time: 419.771 ms
(10 rows)

