SET
SET
SET
SET
SET
                                                                          QUERY PLAN                                                                           
---------------------------------------------------------------------------------------------------------------------------------------------------------------
 Index Scan Backward using idx on public.t (actual rows=1048576.00 loops=1)
   Output: a, b
   Index Cond: ((t.a >= 20480) AND (t.a <= 282623))
   Index Searches: 1
   Prefetch: distance=238.907 count=284988 stalls=421792 skipped=367832 resets=0 ungets=26271 forwarded=1
             histogram [2,4) => 12100, [4,8) => 5748, [8,16) => 593, [16,32) => 265, [32,64) => 223, [64,128) => 1191, [128,256) => 85530, [256,512) => 179338
   Buffers: shared hit=642210 read=40019
 Settings: enable_bitmapscan = 'off', enable_seqscan = 'off', max_parallel_workers_per_gather = '0'
 Planning:
   Buffers: shared hit=81 read=28
 Planning Time: 2.034 ms
 Execution Time: 859.208 ms
(12 rows)

SET
SET
SET
SET
SET
                                             QUERY PLAN                                             
----------------------------------------------------------------------------------------------------
 Index Scan Backward using idx on public.t (actual rows=1048576.00 loops=1)
   Output: a, b
   Index Cond: ((t.a >= 20480) AND (t.a <= 282623))
   Index Searches: 1
   Buffers: shared hit=682229
 Settings: enable_bitmapscan = 'off', enable_seqscan = 'off', max_parallel_workers_per_gather = '0'
 Planning:
   Buffers: shared hit=114
 Planning Time: 0.217 ms
 Execution Time: 216.918 ms
(10 rows)

