SET
SET
SET
SET
SET
                                                                            QUERY PLAN                                                                            
------------------------------------------------------------------------------------------------------------------------------------------------------------------
 Index Scan Backward using idx on public.t (actual rows=5048576.00 loops=1)
   Output: a, b
   Index Cond: ((t.a >= 20415) AND (t.a <= 1282558))
   Index Searches: 1
   Prefetch: distance=247.443 count=2832488 stalls=480408 skipped=1772044 resets=0 ungets=37023 forwarded=1
             histogram [2,4) => 16026, [4,8) => 7871, [8,16) => 925, [16,32) => 430, [32,64) => 847, [64,128) => 7295, [128,256) => 1321168, [256,512) => 1477926
   Buffers: shared hit=3142615 read=141245
 Settings: enable_bitmapscan = 'off', enable_seqscan = 'off', max_parallel_workers_per_gather = '0'
 Planning:
   Buffers: shared hit=81 read=28
 Planning Time: 2.051 ms
 Execution Time: 2833.757 ms
(12 rows)

SET
SET
SET
SET
SET
                                             QUERY PLAN                                             
----------------------------------------------------------------------------------------------------
 Index Scan Backward using idx on public.t (actual rows=5048576.00 loops=1)
   Output: a, b
   Index Cond: ((t.a >= 20415) AND (t.a <= 1282558))
   Index Searches: 1
   Buffers: shared hit=3283860
 Settings: enable_bitmapscan = 'off', enable_seqscan = 'off', max_parallel_workers_per_gather = '0'
 Planning:
   Buffers: shared hit=114
 Planning Time: 0.225 ms
 Execution Time: 1039.254 ms
(10 rows)

