SET
SET
SET
SET
SET
                                                                      QUERY PLAN                                                                      
------------------------------------------------------------------------------------------------------------------------------------------------------
 Index Scan Backward using idx on public.t (actual rows=131072.00 loops=1)
   Output: a, b
   Index Cond: ((t.a >= 30368) AND (t.a <= 63135))
   Index Searches: 1
   Prefetch: distance=261.649 count=96176 stalls=4901 skipped=46143 resets=0 ungets=16183 forwarded=0
             histogram [2,4) => 154, [4,8) => 40, [8,16) => 14, [16,32) => 25, [32,64) => 99, [64,128) => 129, [128,256) => 18017, [256,512) => 77698
   Buffers: shared hit=67648 read=17471
 Settings: enable_bitmapscan = 'off', enable_seqscan = 'off', max_parallel_workers_per_gather = '0'
 Planning:
   Buffers: shared hit=81 read=24
 Planning Time: 1.849 ms
 Execution Time: 163.002 ms
(12 rows)

SET
SET
SET
SET
SET
                                             QUERY PLAN                                             
----------------------------------------------------------------------------------------------------
 Index Scan Backward using idx on public.t (actual rows=131072.00 loops=1)
   Output: a, b
   Index Cond: ((t.a >= 30368) AND (t.a <= 63135))
   Index Searches: 1
   Buffers: shared hit=85119
 Settings: enable_bitmapscan = 'off', enable_seqscan = 'off', max_parallel_workers_per_gather = '0'
 Planning:
   Buffers: shared hit=110
 Planning Time: 0.204 ms
 Execution Time: 29.604 ms
(10 rows)

