SET
SET
SET
SET
SET
                                                                           QUERY PLAN                                                                           
----------------------------------------------------------------------------------------------------------------------------------------------------------------
 Index Scan Backward using idx on public.t (actual rows=3048576.00 loops=1)
   Output: a, b
   Index Cond: ((t.a >= 6387) AND (t.a <= 768530))
   Index Searches: 1
   Prefetch: distance=245.763 count=1492898 stalls=516664 skipped=1069690 resets=0 ungets=31327 forwarded=2
             histogram [2,4) => 16154, [4,8) => 7925, [8,16) => 927, [16,32) => 430, [32,64) => 716, [64,128) => 4953, [128,256) => 669901, [256,512) => 791892
   Buffers: shared hit=1893851 read=89367
 Settings: enable_bitmapscan = 'off', enable_seqscan = 'off', max_parallel_workers_per_gather = '0'
 Planning:
   Buffers: shared hit=81 read=28
 Planning Time: 2.078 ms
 Execution Time: 1900.383 ms
(12 rows)

SET
SET
SET
SET
SET
                                             QUERY PLAN                                             
----------------------------------------------------------------------------------------------------
 Index Scan Backward using idx on public.t (actual rows=3048576.00 loops=1)
   Output: a, b
   Index Cond: ((t.a >= 6387) AND (t.a <= 768530))
   Index Searches: 1
   Buffers: shared hit=1983218
 Settings: enable_bitmapscan = 'off', enable_seqscan = 'off', max_parallel_workers_per_gather = '0'
 Planning:
   Buffers: shared hit=114
 Planning Time: 0.237 ms
 Execution Time: 621.573 ms
(10 rows)

