SET
SET
SET
SET
SET
                                                                              QUERY PLAN                                                                              
----------------------------------------------------------------------------------------------------------------------------------------------------------------------
 Index Scan Backward using idx on public.t (actual rows=8048576.00 loops=1)
   Output: a, b
   Index Cond: ((t.a >= 23703) AND (t.a <= 2035846))
   Index Searches: 1
   Prefetch: distance=247.383 count=4694278 stalls=573460 skipped=2825475 resets=0 ungets=45100 forwarded=2
             histogram [2,4) => 22818, [4,8) => 11536, [8,16) => 1571, [16,32) => 824, [32,64) => 1725, [64,128) => 12731, [128,256) => 2220733, [256,512) => 2422340
   Buffers: shared hit=5017544 read=217448
 Settings: enable_bitmapscan = 'off', enable_seqscan = 'off', max_parallel_workers_per_gather = '0'
 Planning:
   Buffers: shared hit=81 read=28
 Planning Time: 2.034 ms
 Execution Time: 4396.454 ms
(12 rows)

SET
SET
SET
SET
SET
                                             QUERY PLAN                                             
----------------------------------------------------------------------------------------------------
 Index Scan Backward using idx on public.t (actual rows=8048576.00 loops=1)
   Output: a, b
   Index Cond: ((t.a >= 23703) AND (t.a <= 2035846))
   Index Searches: 1
   Buffers: shared hit=5234992
 Settings: enable_bitmapscan = 'off', enable_seqscan = 'off', max_parallel_workers_per_gather = '0'
 Planning:
   Buffers: shared hit=114
 Planning Time: 0.229 ms
 Execution Time: 1653.350 ms
(10 rows)

