SET
SET
SET
SET
SET
                                                                            QUERY PLAN                                                                            
------------------------------------------------------------------------------------------------------------------------------------------------------------------
 Index Scan Backward using idx on public.t (actual rows=6048576.00 loops=1)
   Output: a, b
   Index Cond: ((t.a >= 5603) AND (t.a <= 1517746))
   Index Searches: 1
   Prefetch: distance=247.697 count=3446350 stalls=518676 skipped=2123133 resets=0 ungets=39782 forwarded=2
             histogram [2,4) => 16156, [4,8) => 7925, [8,16) => 927, [16,32) => 439, [32,64) => 922, [64,128) => 8849, [128,256) => 1619487, [256,512) => 1791645
   Buffers: shared hit=3769313 read=165123
 Settings: enable_bitmapscan = 'off', enable_seqscan = 'off', max_parallel_workers_per_gather = '0'
 Planning:
   Buffers: shared hit=81 read=28
 Planning Time: 2.034 ms
 Execution Time: 3277.565 ms
(12 rows)

SET
SET
SET
SET
SET
                                             QUERY PLAN                                             
----------------------------------------------------------------------------------------------------
 Index Scan Backward using idx on public.t (actual rows=6048576.00 loops=1)
   Output: a, b
   Index Cond: ((t.a >= 5603) AND (t.a <= 1517746))
   Index Searches: 1
   Buffers: shared hit=3934436
 Settings: enable_bitmapscan = 'off', enable_seqscan = 'off', max_parallel_workers_per_gather = '0'
 Planning:
   Buffers: shared hit=114
 Planning Time: 0.235 ms
 Execution Time: 1233.073 ms
(10 rows)

