SET
SET
SET
SET
SET
                                                                              QUERY PLAN                                                                              
----------------------------------------------------------------------------------------------------------------------------------------------------------------------
 Index Scan Backward using idx on public.t (actual rows=7048576.00 loops=1)
   Output: a, b
   Index Cond: ((t.a >= 3906) AND (t.a <= 1766049))
   Index Searches: 1
   Prefetch: distance=247.162 count=3994313 stalls=622516 skipped=2474165 resets=0 ungets=42513 forwarded=1
             histogram [2,4) => 22854, [4,8) => 11499, [8,16) => 1553, [16,32) => 738, [32,64) => 1245, [64,128) => 10202, [128,256) => 1880676, [256,512) => 2065546
   Buffers: shared hit=4394542 read=190394
 Settings: enable_bitmapscan = 'off', enable_seqscan = 'off', max_parallel_workers_per_gather = '0'
 Planning:
   Buffers: shared hit=81 read=28
 Planning Time: 2.041 ms
 Execution Time: 3864.121 ms
(12 rows)

SET
SET
SET
SET
SET
                                             QUERY PLAN                                             
----------------------------------------------------------------------------------------------------
 Index Scan Backward using idx on public.t (actual rows=7048576.00 loops=1)
   Output: a, b
   Index Cond: ((t.a >= 3906) AND (t.a <= 1766049))
   Index Searches: 1
   Buffers: shared hit=4584936
 Settings: enable_bitmapscan = 'off', enable_seqscan = 'off', max_parallel_workers_per_gather = '0'
 Planning:
   Buffers: shared hit=114
 Planning Time: 0.235 ms
 Execution Time: 1441.833 ms
(10 rows)

