SET
SET
SET
SET
SET
                                                                              QUERY PLAN                                                                              
----------------------------------------------------------------------------------------------------------------------------------------------------------------------
 Index Scan Backward using idx on public.t (actual rows=9048576.00 loops=1)
   Output: a, b
   Index Cond: ((t.a >= 21727) AND (t.a <= 2283870))
   Index Searches: 1
   Prefetch: distance=247.488 count=5323101 stalls=596412 skipped=3176281 resets=0 ungets=47797 forwarded=3
             histogram [2,4) => 24024, [4,8) => 12134, [8,16) => 1698, [16,32) => 978, [32,64) => 1892, [64,128) => 14015, [128,256) => 2525962, [256,512) => 2742398
   Buffers: shared hit=5643277 read=242372
 Settings: enable_bitmapscan = 'off', enable_seqscan = 'off', max_parallel_workers_per_gather = '0'
 Planning:
   Buffers: shared hit=81 read=28
 Planning Time: 2.150 ms
 Execution Time: 4869.395 ms
(12 rows)

SET
SET
SET
SET
SET
                                             QUERY PLAN                                             
----------------------------------------------------------------------------------------------------
 Index Scan Backward using idx on public.t (actual rows=9048576.00 loops=1)
   Output: a, b
   Index Cond: ((t.a >= 21727) AND (t.a <= 2283870))
   Index Searches: 1
   Buffers: shared hit=5885650
 Settings: enable_bitmapscan = 'off', enable_seqscan = 'off', max_parallel_workers_per_gather = '0'
 Planning:
   Buffers: shared hit=114
 Planning Time: 0.243 ms
 Execution Time: 1858.151 ms
(10 rows)

