SET
SET
SET
SET
SET
                                                                QUERY PLAN                                                                 
-------------------------------------------------------------------------------------------------------------------------------------------
 Index Scan using idx on public.t (actual rows=2048.00 loops=1)
   Output: a, b
   Index Cond: ((t.a >= 1729) AND (t.a <= 2240))
   Index Searches: 1
   Prefetch: distance=263.914 count=1461 stalls=1 skipped=587 resets=0 ungets=436 forwarded=28
             histogram [2,4) => 2, [4,8) => 3, [8,16) => 16, [16,32) => 18, [32,64) => 6, [64,128) => 2, [128,256) => 3, [256,512) => 1411
   Buffers: shared hit=164 read=1144
 Settings: enable_bitmapscan = 'off', enable_seqscan = 'off', max_parallel_workers_per_gather = '0'
 Planning:
   Buffers: shared hit=81 read=28
 Planning Time: 2.092 ms
 Execution Time: 21.467 ms
(12 rows)

SET
SET
SET
SET
SET
                                             QUERY PLAN                                             
----------------------------------------------------------------------------------------------------
 Index Scan using idx on public.t (actual rows=2048.00 loops=1)
   Output: a, b
   Index Cond: ((t.a >= 1729) AND (t.a <= 2240))
   Index Searches: 1
   Buffers: shared hit=1308
 Settings: enable_bitmapscan = 'off', enable_seqscan = 'off', max_parallel_workers_per_gather = '0'
 Planning:
   Buffers: shared hit=114
 Planning Time: 0.240 ms
 Execution Time: 1.042 ms
(10 rows)

