SET
SET
SET
SET
SET
                                                                QUERY PLAN                                                                 
-------------------------------------------------------------------------------------------------------------------------------------------
 Index Scan using idx on public.t (actual rows=8192.00 loops=1)
   Output: a, b
   Index Cond: ((t.a >= 32600) AND (t.a <= 34647))
   Index Searches: 1
   Prefetch: distance=270.094 count=6998 stalls=1 skipped=2697 resets=0 ungets=2035 forwarded=201
             histogram [2,4) => 2, [4,8) => 3, [8,16) => 14, [16,32) => 18, [32,64) => 7, [64,128) => 2, [128,256) => 2, [256,512) => 6950
   Buffers: shared hit=1021 read=4320
 Settings: enable_bitmapscan = 'off', enable_seqscan = 'off', max_parallel_workers_per_gather = '0'
 Planning:
   Buffers: shared hit=77 read=24
 Planning Time: 1.847 ms
 Execution Time: 41.802 ms
(12 rows)

SET
SET
SET
SET
SET
                                             QUERY PLAN                                             
----------------------------------------------------------------------------------------------------
 Index Scan using idx on public.t (actual rows=8192.00 loops=1)
   Output: a, b
   Index Cond: ((t.a >= 32600) AND (t.a <= 34647))
   Index Searches: 1
   Buffers: shared hit=5341
 Settings: enable_bitmapscan = 'off', enable_seqscan = 'off', max_parallel_workers_per_gather = '0'
 Planning:
   Buffers: shared hit=106
 Planning Time: 0.183 ms
 Execution Time: 2.126 ms
(10 rows)

