SET
SET
SET
SET
SET
                                                                QUERY PLAN                                                                 
-------------------------------------------------------------------------------------------------------------------------------------------
 Index Scan using idx on public.t (actual rows=4096.00 loops=1)
   Output: a, b
   Index Cond: ((t.a >= 24454) AND (t.a <= 25477))
   Index Searches: 1
   Prefetch: distance=268.199 count=3457 stalls=1 skipped=1308 resets=0 ungets=1053 forwarded=70
             histogram [2,4) => 4, [4,8) => 6, [8,16) => 6, [16,32) => 13, [32,64) => 18, [64,128) => 3, [128,256) => 3, [256,512) => 3404
   Buffers: shared hit=299 read=2372
 Settings: enable_bitmapscan = 'off', enable_seqscan = 'off', max_parallel_workers_per_gather = '0'
 Planning:
   Buffers: shared hit=77 read=24
 Planning Time: 1.838 ms
 Execution Time: 26.197 ms
(12 rows)

SET
SET
SET
SET
SET
                                             QUERY PLAN                                             
----------------------------------------------------------------------------------------------------
 Index Scan using idx on public.t (actual rows=4096.00 loops=1)
   Output: a, b
   Index Cond: ((t.a >= 24454) AND (t.a <= 25477))
   Index Searches: 1
   Buffers: shared hit=2671
 Settings: enable_bitmapscan = 'off', enable_seqscan = 'off', max_parallel_workers_per_gather = '0'
 Planning:
   Buffers: shared hit=106
 Planning Time: 0.183 ms
 Execution Time: 1.557 ms
(10 rows)

