SET
SET
SET
SET
SET
                                                                            QUERY PLAN                                                                            
------------------------------------------------------------------------------------------------------------------------------------------------------------------
 Index Scan using idx on public.t (actual rows=2048576.00 loops=1)
   Output: a, b
   Index Cond: ((t.a >= 24288) AND (t.a <= 536431))
   Index Searches: 1
   Prefetch: distance=200.307 count=418205 stalls=919942 skipped=719269 resets=0 ungets=9219 forwarded=5666
             histogram [2,4) => 51105, [4,8) => 30587, [8,16) => 1543, [16,32) => 103, [32,64) => 216, [64,128) => 1059, [128,256) => 156261, [256,512) => 177331
   Buffers: shared hit=1266588 read=65663
 Settings: enable_bitmapscan = 'off', enable_seqscan = 'off', max_parallel_workers_per_gather = '0'
 Planning:
   Buffers: shared hit=77 read=28
 Planning Time: 2.034 ms
 Execution Time: 745.753 ms
(12 rows)

SET
SET
SET
SET
SET
                                             QUERY PLAN                                             
----------------------------------------------------------------------------------------------------
 Index Scan using idx on public.t (actual rows=2048576.00 loops=1)
   Output: a, b
   Index Cond: ((t.a >= 24288) AND (t.a <= 536431))
   Index Searches: 1
   Buffers: shared hit=1332252
 Settings: enable_bitmapscan = 'off', enable_seqscan = 'off', max_parallel_workers_per_gather = '0'
 Planning:
   Buffers: shared hit=110
 Planning Time: 0.215 ms
 Execution Time: 429.896 ms
(10 rows)

