SET
SET
SET
SET
SET
                                                                        QUERY PLAN                                                                         
-----------------------------------------------------------------------------------------------------------------------------------------------------------
 Index Scan using idx on public.t (actual rows=524288.00 loops=1)
   Output: a, b
   Index Cond: ((t.a >= 18851) AND (t.a <= 149922))
   Index Searches: 1
   Prefetch: distance=234.095 count=178556 stalls=170242 skipped=184189 resets=0 ungets=8782 forwarded=3362
             histogram [2,4) => 9308, [4,8) => 5698, [8,16) => 315, [16,32) => 28, [32,64) => 50, [64,128) => 199, [128,256) => 56131, [256,512) => 106827
   Buffers: shared hit=314301 read=26554
 Settings: enable_bitmapscan = 'off', enable_seqscan = 'off', max_parallel_workers_per_gather = '0'
 Planning:
   Buffers: shared hit=77 read=28
 Planning Time: 2.039 ms
 Execution Time: 227.185 ms
(12 rows)

SET
SET
SET
SET
SET
                                             QUERY PLAN                                             
----------------------------------------------------------------------------------------------------
 Index Scan using idx on public.t (actual rows=524288.00 loops=1)
   Output: a, b
   Index Cond: ((t.a >= 18851) AND (t.a <= 149922))
   Index Searches: 1
   Buffers: shared hit=340856
 Settings: enable_bitmapscan = 'off', enable_seqscan = 'off', max_parallel_workers_per_gather = '0'
 Planning:
   Buffers: shared hit=110
 Planning Time: 0.187 ms
 Execution Time: 105.393 ms
(10 rows)

