SET
SET
SET
SET
SET
                                                                            QUERY PLAN                                                                            
------------------------------------------------------------------------------------------------------------------------------------------------------------------
 Index Scan using idx on public.t (actual rows=4048576.00 loops=1)
   Output: a, b
   Index Cond: ((t.a >= 25667) AND (t.a <= 1037810))
   Index Searches: 1
   Prefetch: distance=227.217 count=1455072 stalls=1181732 skipped=1420895 resets=0 ungets=9330 forwarded=12323
             histogram [2,4) => 65968, [4,8) => 39079, [8,16) => 1884, [16,32) => 154, [32,64) => 761, [64,128) => 5233, [128,256) => 754072, [256,512) => 587921
   Buffers: shared hit=2517249 read=116423
 Settings: enable_bitmapscan = 'off', enable_seqscan = 'off', max_parallel_workers_per_gather = '0'
 Planning:
   Buffers: shared hit=77 read=24
 Planning Time: 1.828 ms
 Execution Time: 1472.116 ms
(12 rows)

SET
SET
SET
SET
SET
                                             QUERY PLAN                                             
----------------------------------------------------------------------------------------------------
 Index Scan using idx on public.t (actual rows=4048576.00 loops=1)
   Output: a, b
   Index Cond: ((t.a >= 25667) AND (t.a <= 1037810))
   Index Searches: 1
   Buffers: shared hit=2633674
 Settings: enable_bitmapscan = 'off', enable_seqscan = 'off', max_parallel_workers_per_gather = '0'
 Planning:
   Buffers: shared hit=106
 Planning Time: 0.208 ms
 Execution Time: 831.433 ms
(10 rows)

