SET
SET
SET
SET
SET
                                                                            QUERY PLAN                                                                            
------------------------------------------------------------------------------------------------------------------------------------------------------------------
 Index Scan using idx on public.t (actual rows=3048576.00 loops=1)
   Output: a, b
   Index Cond: ((t.a >= 11622) AND (t.a <= 773765))
   Index Searches: 1
   Prefetch: distance=184.529 count=513195 stalls=1473690 skipped=1069823 resets=0 ungets=8407 forwarded=6488
             histogram [2,4) => 81814, [4,8) => 48983, [8,16) => 2346, [16,32) => 137, [32,64) => 354, [64,128) => 1504, [128,256) => 184722, [256,512) => 193335
   Buffers: shared hit=1893395 read=89829
 Settings: enable_bitmapscan = 'off', enable_seqscan = 'off', max_parallel_workers_per_gather = '0'
 Planning:
   Buffers: shared hit=77 read=28
 Planning Time: 2.020 ms
 Execution Time: 1040.644 ms
(12 rows)

SET
SET
SET
SET
SET
                                             QUERY PLAN                                             
----------------------------------------------------------------------------------------------------
 Index Scan using idx on public.t (actual rows=3048576.00 loops=1)
   Output: a, b
   Index Cond: ((t.a >= 11622) AND (t.a <= 773765))
   Index Searches: 1
   Buffers: shared hit=1983224
 Settings: enable_bitmapscan = 'off', enable_seqscan = 'off', max_parallel_workers_per_gather = '0'
 Planning:
   Buffers: shared hit=110
 Planning Time: 0.219 ms
 Execution Time: 624.884 ms
(10 rows)

