SET
SET
SET
SET
SET
                                                                             QUERY PLAN                                                                             
--------------------------------------------------------------------------------------------------------------------------------------------------------------------
 Index Scan using idx on public.t (actual rows=8048576.00 loops=1)
   Output: a, b
   Index Cond: ((t.a >= 722) AND (t.a <= 2012865))
   Index Searches: 1
   Prefetch: distance=131.396 count=840725 stalls=4389674 skipped=2825518 resets=0 ungets=7796 forwarded=10717
             histogram [2,4) => 245042, [4,8) => 144933, [8,16) => 6931, [16,32) => 480, [32,64) => 881, [64,128) => 2779, [128,256) => 224323, [256,512) => 215356
   Buffers: shared hit=5019631 read=215321
 Settings: enable_bitmapscan = 'off', enable_seqscan = 'off', max_parallel_workers_per_gather = '0'
 Planning:
   Buffers: shared hit=77 read=28
 Planning Time: 2.062 ms
 Execution Time: 2774.622 ms
(12 rows)

SET
SET
SET
SET
SET
                                             QUERY PLAN                                             
----------------------------------------------------------------------------------------------------
 Index Scan using idx on public.t (actual rows=8048576.00 loops=1)
   Output: a, b
   Index Cond: ((t.a >= 722) AND (t.a <= 2012865))
   Index Searches: 1
   Buffers: shared hit=5234955
 Settings: enable_bitmapscan = 'off', enable_seqscan = 'off', max_parallel_workers_per_gather = '0'
 Planning:
   Buffers: shared hit=110
 Planning Time: 0.267 ms
 Execution Time: 1645.633 ms
(10 rows)

