SET
SET
SET
SET
SET
                                                                            QUERY PLAN                                                                             
-------------------------------------------------------------------------------------------------------------------------------------------------------------------
 Index Scan using idx on public.t (actual rows=5048576.00 loops=1)
   Output: a, b
   Index Cond: ((t.a >= 5198) AND (t.a <= 1267341))
   Index Searches: 1
   Prefetch: distance=160.388 count=668666 stalls=2615304 skipped=1772027 resets=0 ungets=8008 forwarded=8266
             histogram [2,4) => 145727, [4,8) => 86463, [8,16) => 4222, [16,32) => 384, [32,64) => 878, [64,128) => 2612, [128,256) => 217154, [256,512) => 211226
   Buffers: shared hit=3144063 read=139834
 Settings: enable_bitmapscan = 'off', enable_seqscan = 'off', max_parallel_workers_per_gather = '0'
 Planning:
   Buffers: shared hit=77 read=28
 Planning Time: 2.135 ms
 Execution Time: 1752.628 ms
(12 rows)

SET
SET
SET
SET
SET
                                             QUERY PLAN                                             
----------------------------------------------------------------------------------------------------
 Index Scan using idx on public.t (actual rows=5048576.00 loops=1)
   Output: a, b
   Index Cond: ((t.a >= 5198) AND (t.a <= 1267341))
   Index Searches: 1
   Buffers: shared hit=3283897
 Settings: enable_bitmapscan = 'off', enable_seqscan = 'off', max_parallel_workers_per_gather = '0'
 Planning:
   Buffers: shared hit=110
 Planning Time: 0.229 ms
 Execution Time: 1042.374 ms
(10 rows)

