SET
SET
SET
SET
SET
                                                                QUERY PLAN                                                                 
-------------------------------------------------------------------------------------------------------------------------------------------
 Index Scan using idx on public.t (actual rows=2048.00 loops=1)
   Output: a, b
   Index Cond: ((t.a >= 32000) AND (t.a <= 32511))
   Index Searches: 1
   Prefetch: distance=265.007 count=1659 stalls=1 skipped=642 resets=0 ungets=513 forwarded=25
             histogram [2,4) => 2, [4,8) => 4, [8,16) => 7, [16,32) => 20, [32,64) => 10, [64,128) => 5, [128,256) => 3, [256,512) => 1608
   Buffers: shared hit=93 read=1231
 Settings: enable_bitmapscan = 'off', enable_seqscan = 'off', max_parallel_workers_per_gather = '0'
 Planning:
   Buffers: shared hit=77 read=24
 Planning Time: 1.868 ms
 Execution Time: 16.572 ms
(12 rows)

SET
SET
SET
SET
SET
                                             QUERY PLAN                                             
----------------------------------------------------------------------------------------------------
 Index Scan using idx on public.t (actual rows=2048.00 loops=1)
   Output: a, b
   Index Cond: ((t.a >= 32000) AND (t.a <= 32511))
   Index Searches: 1
   Buffers: shared hit=1324
 Settings: enable_bitmapscan = 'off', enable_seqscan = 'off', max_parallel_workers_per_gather = '0'
 Planning:
   Buffers: shared hit=106
 Planning Time: 0.165 ms
 Execution Time: 0.928 ms
(10 rows)

