SET
SET
SET
SET
SET
                                                               QUERY PLAN                                                               
----------------------------------------------------------------------------------------------------------------------------------------
 Index Scan using idx on public.t (actual rows=256.00 loops=1)
   Output: a, b
   Index Cond: ((t.a >= 6470) AND (t.a <= 6533))
   Index Searches: 1
   Prefetch: distance=58.213 count=61 stalls=1 skipped=22 resets=0 ungets=3 forwarded=3
             histogram [2,4) => 2, [4,8) => 9, [8,16) => 8, [16,32) => 16, [32,64) => 13, [64,128) => 4, [128,256) => 5, [256,512) => 4
   Buffers: shared hit=11 read=165
 Settings: enable_bitmapscan = 'off', enable_seqscan = 'off', max_parallel_workers_per_gather = '0'
 Planning:
   Buffers: shared hit=81 read=28
 Planning Time: 1.677 ms
 Execution Time: 8.594 ms
(12 rows)

SET
SET
SET
SET
SET
                                             QUERY PLAN                                             
----------------------------------------------------------------------------------------------------
 Index Scan using idx on public.t (actual rows=256.00 loops=1)
   Output: a, b
   Index Cond: ((t.a >= 6470) AND (t.a <= 6533))
   Index Searches: 1
   Buffers: shared hit=176
 Settings: enable_bitmapscan = 'off', enable_seqscan = 'off', max_parallel_workers_per_gather = '0'
 Planning:
   Buffers: shared hit=114
 Planning Time: 0.209 ms
 Execution Time: 0.228 ms
(10 rows)

