SET
SET
SET
SET
SET
                                                                    QUERY PLAN                                                                    
--------------------------------------------------------------------------------------------------------------------------------------------------
 Index Scan using idx on public.t (actual rows=262144.00 loops=1)
   Output: a, b
   Index Cond: ((t.a >= 9168) AND (t.a <= 74703))
   Index Searches: 1
   Prefetch: distance=253.903 count=178318 stalls=1 skipped=92077 resets=0 ungets=8323 forwarded=3025
             histogram [2,4) => 4, [4,8) => 3, [8,16) => 5, [16,32) => 9, [32,64) => 17, [64,128) => 420, [128,256) => 67606, [256,512) => 110254
   Buffers: shared hit=151333 read=19106
 Settings: enable_bitmapscan = 'off', enable_seqscan = 'off', max_parallel_workers_per_gather = '0'
 Planning:
   Buffers: shared hit=77 read=28
 Planning Time: 2.064 ms
 Execution Time: 133.787 ms
(12 rows)

SET
SET
SET
SET
SET
                                             QUERY PLAN                                             
----------------------------------------------------------------------------------------------------
 Index Scan using idx on public.t (actual rows=262144.00 loops=1)
   Output: a, b
   Index Cond: ((t.a >= 9168) AND (t.a <= 74703))
   Index Searches: 1
   Buffers: shared hit=170441
 Settings: enable_bitmapscan = 'off', enable_seqscan = 'off', max_parallel_workers_per_gather = '0'
 Planning:
   Buffers: shared hit=110
 Planning Time: 0.185 ms
 Execution Time: 52.584 ms
(10 rows)

