SET
SET
SET
SET
SET
                                                                           QUERY PLAN                                                                           
----------------------------------------------------------------------------------------------------------------------------------------------------------------
 Index Scan using idx on public.t (actual rows=3048576.00 loops=1)
   Output: a, b
   Index Cond: ((t.a >= 29836) AND (t.a <= 791979))
   Index Searches: 1
   Prefetch: distance=235.736 count=1390944 stalls=596942 skipped=1070028 resets=0 ungets=9569 forwarded=11417
             histogram [2,4) => 33177, [4,8) => 19855, [8,16) => 877, [16,32) => 73, [32,64) => 548, [64,128) => 5083, [128,256) => 746612, [256,512) => 584719
   Buffers: shared hit=1891604 read=91439
 Settings: enable_bitmapscan = 'off', enable_seqscan = 'off', max_parallel_workers_per_gather = '0'
 Planning:
   Buffers: shared hit=77 read=24
 Planning Time: 1.855 ms
 Execution Time: 1142.070 ms
(12 rows)

SET
SET
SET
SET
SET
                                             QUERY PLAN                                             
----------------------------------------------------------------------------------------------------
 Index Scan using idx on public.t (actual rows=3048576.00 loops=1)
   Output: a, b
   Index Cond: ((t.a >= 29836) AND (t.a <= 791979))
   Index Searches: 1
   Buffers: shared hit=1983044
 Settings: enable_bitmapscan = 'off', enable_seqscan = 'off', max_parallel_workers_per_gather = '0'
 Planning:
   Buffers: shared hit=106
 Planning Time: 0.221 ms
 Execution Time: 640.865 ms
(10 rows)

