SET
SET
SET
SET
SET
                                                                         QUERY PLAN                                                                          
-------------------------------------------------------------------------------------------------------------------------------------------------------------
 Index Scan using idx on public.t (actual rows=1048576.00 loops=1)
   Output: a, b
   Index Cond: ((t.a >= 15428) AND (t.a <= 277571))
   Index Searches: 1
   Prefetch: distance=204.830 count=214457 stalls=474517 skipped=367703 resets=0 ungets=8516 forwarded=3807
             histogram [2,4) => 26071, [4,8) => 15889, [8,16) => 777, [16,32) => 46, [32,64) => 47, [64,128) => 190, [128,256) => 61915, [256,512) => 109522
   Buffers: shared hit=642815 read=39504
 Settings: enable_bitmapscan = 'off', enable_seqscan = 'off', max_parallel_workers_per_gather = '0'
 Planning:
   Buffers: shared hit=77 read=28
 Planning Time: 2.037 ms
 Execution Time: 402.696 ms
(12 rows)

SET
SET
SET
SET
SET
                                             QUERY PLAN                                             
----------------------------------------------------------------------------------------------------
 Index Scan using idx on public.t (actual rows=1048576.00 loops=1)
   Output: a, b
   Index Cond: ((t.a >= 15428) AND (t.a <= 277571))
   Index Searches: 1
   Buffers: shared hit=682319
 Settings: enable_bitmapscan = 'off', enable_seqscan = 'off', max_parallel_workers_per_gather = '0'
 Planning:
   Buffers: shared hit=110
 Planning Time: 0.194 ms
 Execution Time: 220.617 ms
(10 rows)

