SET
SET
SET
SET
SET
                                                                  QUERY PLAN                                                                   
-----------------------------------------------------------------------------------------------------------------------------------------------
 Index Scan using idx on public.t (actual rows=131072.00 loops=1)
   Output: a, b
   Index Cond: ((t.a >= 20947) AND (t.a <= 53714))
   Index Searches: 1
   Prefetch: distance=263.072 count=93586 stalls=1 skipped=45982 resets=0 ungets=8880 forwarded=2671
             histogram [2,4) => 2, [4,8) => 4, [8,16) => 7, [16,32) => 24, [32,64) => 6, [64,128) => 2, [128,256) => 17378, [256,512) => 76163
   Buffers: shared hit=68439 read=16721
 Settings: enable_bitmapscan = 'off', enable_seqscan = 'off', max_parallel_workers_per_gather = '0'
 Planning:
   Buffers: shared hit=77 read=28
 Planning Time: 2.042 ms
 Execution Time: 102.600 ms
(12 rows)

SET
SET
SET
SET
SET
                                             QUERY PLAN                                             
----------------------------------------------------------------------------------------------------
 Index Scan using idx on public.t (actual rows=131072.00 loops=1)
   Output: a, b
   Index Cond: ((t.a >= 20947) AND (t.a <= 53714))
   Index Searches: 1
   Buffers: shared hit=85160
 Settings: enable_bitmapscan = 'off', enable_seqscan = 'off', max_parallel_workers_per_gather = '0'
 Planning:
   Buffers: shared hit=110
 Planning Time: 0.213 ms
 Execution Time: 29.299 ms
(10 rows)

