SET
SET
SET
SET
SET
                                                                             QUERY PLAN                                                                              
---------------------------------------------------------------------------------------------------------------------------------------------------------------------
 Index Scan using idx on public.t (actual rows=8048576.00 loops=1)
   Output: a, b
   Index Cond: ((t.a >= 27436) AND (t.a <= 2039579))
   Index Searches: 1
   Prefetch: distance=199.312 count=1698692 stalls=3533303 skipped=2825446 resets=0 ungets=9344 forwarded=15647
             histogram [2,4) => 197575, [4,8) => 116424, [8,16) => 5492, [16,32) => 422, [32,64) => 1069, [64,128) => 5801, [128,256) => 771978, [256,512) => 599931
   Buffers: shared hit=5017269 read=217733
 Settings: enable_bitmapscan = 'off', enable_seqscan = 'off', max_parallel_workers_per_gather = '0'
 Planning:
   Buffers: shared hit=77 read=24
 Planning Time: 1.851 ms
 Execution Time: 2950.945 ms
(12 rows)

SET
SET
SET
SET
SET
                                             QUERY PLAN                                             
----------------------------------------------------------------------------------------------------
 Index Scan using idx on public.t (actual rows=8048576.00 loops=1)
   Output: a, b
   Index Cond: ((t.a >= 27436) AND (t.a <= 2039579))
   Index Searches: 1
   Buffers: shared hit=5235002
 Settings: enable_bitmapscan = 'off', enable_seqscan = 'off', max_parallel_workers_per_gather = '0'
 Planning:
   Buffers: shared hit=106
 Planning Time: 0.202 ms
 Execution Time: 1718.741 ms
(10 rows)

