SET
SET
SET
SET
SET
                                                                             QUERY PLAN                                                                             
--------------------------------------------------------------------------------------------------------------------------------------------------------------------
 Index Scan using idx on public.t (actual rows=6048576.00 loops=1)
   Output: a, b
   Index Cond: ((t.a >= 10888) AND (t.a <= 1523031))
   Index Searches: 1
   Prefetch: distance=146.712 count=709252 stalls=3224154 skipped=2122903 resets=0 ungets=8272 forwarded=9056
             histogram [2,4) => 179767, [4,8) => 106525, [8,16) => 5041, [16,32) => 412, [32,64) => 878, [64,128) => 2226, [128,256) => 207014, [256,512) => 207389
   Buffers: shared hit=3768927 read=165615
 Settings: enable_bitmapscan = 'off', enable_seqscan = 'off', max_parallel_workers_per_gather = '0'
 Planning:
   Buffers: shared hit=77 read=28
 Planning Time: 2.033 ms
 Execution Time: 2060.704 ms
(12 rows)

SET
SET
SET
SET
SET
                                             QUERY PLAN                                             
----------------------------------------------------------------------------------------------------
 Index Scan using idx on public.t (actual rows=6048576.00 loops=1)
   Output: a, b
   Index Cond: ((t.a >= 10888) AND (t.a <= 1523031))
   Index Searches: 1
   Buffers: shared hit=3934543
 Settings: enable_bitmapscan = 'off', enable_seqscan = 'off', max_parallel_workers_per_gather = '0'
 Planning:
   Buffers: shared hit=110
 Planning Time: 0.226 ms
 Execution Time: 1238.465 ms
(10 rows)

