SET
SET
SET
SET
                                             QUERY PLAN                                             
----------------------------------------------------------------------------------------------------
 Index Scan using idx on public.t (actual rows=7048576.00 loops=1)
   Output: a, b
   Index Cond: ((t.a >= 6816) AND (t.a <= 1768959))
   Index Searches: 1
   Buffers: shared hit=4394249 read=190677
 Settings: enable_bitmapscan = 'off', enable_seqscan = 'off', max_parallel_workers_per_gather = '0'
 Planning:
   Buffers: shared hit=77 read=28
 Planning Time: 2.021 ms
 Execution Time: 2446.339 ms
(10 rows)

SET
SET
SET
SET
                                             QUERY PLAN                                             
----------------------------------------------------------------------------------------------------
 Index Scan using idx on public.t (actual rows=7048576.00 loops=1)
   Output: a, b
   Index Cond: ((t.a >= 6816) AND (t.a <= 1768959))
   Index Searches: 1
   Buffers: shared hit=4584926
 Settings: enable_bitmapscan = 'off', enable_seqscan = 'off', max_parallel_workers_per_gather = '0'
 Planning:
   Buffers: shared hit=110
 Planning Time: 0.274 ms
 Execution Time: 1435.059 ms
(10 rows)

