SET
SET
SET
SET
SET
                                                                QUERY PLAN                                                                 
-------------------------------------------------------------------------------------------------------------------------------------------
 Index Scan using idx on public.t (actual rows=2048.00 loops=1)
   Output: a, b
   Index Cond: ((t.a >= 32474) AND (t.a <= 32985))
   Index Searches: 1
   Prefetch: distance=264.633 count=1578 stalls=1 skipped=592 resets=0 ungets=490 forwarded=27
             histogram [2,4) => 4, [4,8) => 6, [8,16) => 9, [16,32) => 14, [32,64) => 11, [64,128) => 2, [128,256) => 2, [256,512) => 1530
   Buffers: shared hit=74 read=1266
 Settings: enable_bitmapscan = 'off', enable_seqscan = 'off', max_parallel_workers_per_gather = '0'
 Planning:
   Buffers: shared hit=77 read=24
 Planning Time: 1.905 ms
 Execution Time: 20.805 ms
(12 rows)

SET
SET
SET
SET
SET
                                             QUERY PLAN                                             
----------------------------------------------------------------------------------------------------
 Index Scan using idx on public.t (actual rows=2048.00 loops=1)
   Output: a, b
   Index Cond: ((t.a >= 32474) AND (t.a <= 32985))
   Index Searches: 1
   Buffers: shared hit=1340
 Settings: enable_bitmapscan = 'off', enable_seqscan = 'off', max_parallel_workers_per_gather = '0'
 Planning:
   Buffers: shared hit=106
 Planning Time: 0.165 ms
 Execution Time: 0.857 ms
(10 rows)

