SET
SET
SET
SET
SET
                                                               QUERY PLAN                                                                
-----------------------------------------------------------------------------------------------------------------------------------------
 Index Scan using idx on public.t (actual rows=256.00 loops=1)
   Output: a, b
   Index Cond: ((t.a >= 13668) AND (t.a <= 13731))
   Index Searches: 1
   Prefetch: distance=171.049 count=122 stalls=1 skipped=50 resets=0 ungets=24 forwarded=2
             histogram [2,4) => 2, [4,8) => 3, [8,16) => 7, [16,32) => 19, [32,64) => 17, [64,128) => 3, [128,256) => 1, [256,512) => 70
   Buffers: shared hit=9 read=169
 Settings: enable_bitmapscan = 'off', enable_seqscan = 'off', max_parallel_workers_per_gather = '0'
 Planning:
   Buffers: shared hit=81 read=28
 Planning Time: 1.657 ms
 Execution Time: 6.026 ms
(12 rows)

SET
SET
SET
SET
SET
                                             QUERY PLAN                                             
----------------------------------------------------------------------------------------------------
 Index Scan using idx on public.t (actual rows=256.00 loops=1)
   Output: a, b
   Index Cond: ((t.a >= 13668) AND (t.a <= 13731))
   Index Searches: 1
   Buffers: shared hit=178
 Settings: enable_bitmapscan = 'off', enable_seqscan = 'off', max_parallel_workers_per_gather = '0'
 Planning:
   Buffers: shared hit=114
 Planning Time: 0.156 ms
 Execution Time: 0.115 ms
(10 rows)

