SET
SET
SET
SET
SET
                                                                 QUERY PLAN                                                                  
---------------------------------------------------------------------------------------------------------------------------------------------
 Index Scan using idx on public.t (actual rows=16384.00 loops=1)
   Output: a, b
   Index Cond: ((t.a >= 27663) AND (t.a <= 31758))
   Index Searches: 1
   Prefetch: distance=270.453 count=14387 stalls=1 skipped=5653 resets=0 ungets=3896 forwarded=553
             histogram [2,4) => 2, [4,8) => 4, [8,16) => 8, [16,32) => 11, [32,64) => 19, [64,128) => 10, [128,256) => 9, [256,512) => 14324
   Buffers: shared hit=3402 read=7279
 Settings: enable_bitmapscan = 'off', enable_seqscan = 'off', max_parallel_workers_per_gather = '0'
 Planning:
   Buffers: shared hit=77 read=24
 Planning Time: 1.824 ms
 Execution Time: 44.736 ms
(12 rows)

SET
SET
SET
SET
SET
                                             QUERY PLAN                                             
----------------------------------------------------------------------------------------------------
 Index Scan using idx on public.t (actual rows=16384.00 loops=1)
   Output: a, b
   Index Cond: ((t.a >= 27663) AND (t.a <= 31758))
   Index Searches: 1
   Buffers: shared hit=10683
 Settings: enable_bitmapscan = 'off', enable_seqscan = 'off', max_parallel_workers_per_gather = '0'
 Planning:
   Buffers: shared hit=106
 Planning Time: 0.166 ms
 Execution Time: 4.076 ms
(10 rows)

