SET
SET
SET
SET
SET
                                                                QUERY PLAN                                                                
------------------------------------------------------------------------------------------------------------------------------------------
 Index Scan using idx on public.t (actual rows=4096.00 loops=1)
   Output: a, b
   Index Cond: ((t.a >= 30488) AND (t.a <= 31511))
   Index Searches: 1
   Prefetch: distance=268.804 count=3539 stalls=1 skipped=1356 resets=0 ungets=1095 forwarded=57
             histogram [2,4) => 2, [4,8) => 4, [8,16) => 6, [16,32) => 9, [32,64) => 17, [64,128) => 4, [128,256) => 3, [256,512) => 3494
   Buffers: shared hit=248 read=2398
 Settings: enable_bitmapscan = 'off', enable_seqscan = 'off', max_parallel_workers_per_gather = '0'
 Planning:
   Buffers: shared hit=77 read=24
 Planning Time: 1.888 ms
 Execution Time: 22.907 ms
(12 rows)

SET
SET
SET
SET
SET
                                             QUERY PLAN                                             
----------------------------------------------------------------------------------------------------
 Index Scan using idx on public.t (actual rows=4096.00 loops=1)
   Output: a, b
   Index Cond: ((t.a >= 30488) AND (t.a <= 31511))
   Index Searches: 1
   Buffers: shared hit=2647
 Settings: enable_bitmapscan = 'off', enable_seqscan = 'off', max_parallel_workers_per_gather = '0'
 Planning:
   Buffers: shared hit=106
 Planning Time: 0.159 ms
 Execution Time: 1.008 ms
(10 rows)

