SET
SET
SET
SET
SET
                                                                         QUERY PLAN                                                                          
-------------------------------------------------------------------------------------------------------------------------------------------------------------
 Index Scan using idx on public.t (actual rows=1048576.00 loops=1)
   Output: a, b
   Index Cond: ((t.a >= 14501) AND (t.a <= 276644))
   Index Searches: 1
   Prefetch: distance=205.411 count=216961 stalls=472266 skipped=367778 resets=0 ungets=8544 forwarded=3826
             histogram [2,4) => 25958, [4,8) => 15834, [8,16) => 776, [16,32) => 36, [32,64) => 51, [64,128) => 201, [128,256) => 63633, [256,512) => 110472
   Buffers: shared hit=642902 read=39430
 Settings: enable_bitmapscan = 'off', enable_seqscan = 'off', max_parallel_workers_per_gather = '0'
 Planning:
   Buffers: shared hit=77 read=28
 Planning Time: 2.037 ms
 Execution Time: 396.172 ms
(12 rows)

SET
SET
SET
SET
SET
                                             QUERY PLAN                                             
----------------------------------------------------------------------------------------------------
 Index Scan using idx on public.t (actual rows=1048576.00 loops=1)
   Output: a, b
   Index Cond: ((t.a >= 14501) AND (t.a <= 276644))
   Index Searches: 1
   Buffers: shared hit=682332
 Settings: enable_bitmapscan = 'off', enable_seqscan = 'off', max_parallel_workers_per_gather = '0'
 Planning:
   Buffers: shared hit=110
 Planning Time: 0.202 ms
 Execution Time: 216.731 ms
(10 rows)

