SET
SET
SET
SET
SET
                                                                        QUERY PLAN                                                                         
-----------------------------------------------------------------------------------------------------------------------------------------------------------
 Index Scan using idx on public.t (actual rows=524288.00 loops=1)
   Output: a, b
   Index Cond: ((t.a >= 14473) AND (t.a <= 145544))
   Index Searches: 1
   Prefetch: distance=235.717 count=188652 stalls=159960 skipped=183954 resets=0 ungets=8505 forwarded=3386
             histogram [2,4) => 8685, [4,8) => 5323, [8,16) => 299, [16,32) => 27, [32,64) => 51, [64,128) => 201, [128,256) => 63674, [256,512) => 110392
   Buffers: shared hit=314911 read=26129
 Settings: enable_bitmapscan = 'off', enable_seqscan = 'off', max_parallel_workers_per_gather = '0'
 Planning:
   Buffers: shared hit=77 read=28
 Planning Time: 2.018 ms
 Execution Time: 223.662 ms
(12 rows)

SET
SET
SET
SET
SET
                                             QUERY PLAN                                             
----------------------------------------------------------------------------------------------------
 Index Scan using idx on public.t (actual rows=524288.00 loops=1)
   Output: a, b
   Index Cond: ((t.a >= 14473) AND (t.a <= 145544))
   Index Searches: 1
   Buffers: shared hit=341040
 Settings: enable_bitmapscan = 'off', enable_seqscan = 'off', max_parallel_workers_per_gather = '0'
 Planning:
   Buffers: shared hit=110
 Planning Time: 0.188 ms
 Execution Time: 104.974 ms
(10 rows)

