SET
SET
SET
SET
SET
                                                                            QUERY PLAN                                                                            
------------------------------------------------------------------------------------------------------------------------------------------------------------------
 Index Scan using idx on public.t (actual rows=2048576.00 loops=1)
   Output: a, b
   Index Cond: ((t.a >= 14738) AND (t.a <= 526881))
   Index Searches: 1
   Prefetch: distance=199.949 count=417397 stalls=919962 skipped=719152 resets=0 ungets=8438 forwarded=5468
             histogram [2,4) => 51085, [4,8) => 30586, [8,16) => 1543, [16,32) => 103, [32,64) => 213, [64,128) => 1134, [128,256) => 157575, [256,512) => 175158
   Buffers: shared hit=1267551 read=64783
 Settings: enable_bitmapscan = 'off', enable_seqscan = 'off', max_parallel_workers_per_gather = '0'
 Planning:
   Buffers: shared hit=77 read=28
 Planning Time: 2.042 ms
 Execution Time: 749.467 ms
(12 rows)

SET
SET
SET
SET
SET
                                             QUERY PLAN                                             
----------------------------------------------------------------------------------------------------
 Index Scan using idx on public.t (actual rows=2048576.00 loops=1)
   Output: a, b
   Index Cond: ((t.a >= 14738) AND (t.a <= 526881))
   Index Searches: 1
   Buffers: shared hit=1332334
 Settings: enable_bitmapscan = 'off', enable_seqscan = 'off', max_parallel_workers_per_gather = '0'
 Planning:
   Buffers: shared hit=110
 Planning Time: 0.217 ms
 Execution Time: 421.799 ms
(10 rows)

