SET
SET
SET
SET
SET
                                                                             QUERY PLAN                                                                              
---------------------------------------------------------------------------------------------------------------------------------------------------------------------
 Index Scan using idx on public.t (actual rows=9048576.00 loops=1)
   Output: a, b
   Index Cond: ((t.a >= 26777) AND (t.a <= 2288920))
   Index Searches: 1
   Prefetch: distance=193.414 count=1753477 stalls=4127671 skipped=3176310 resets=0 ungets=9325 forwarded=16500
             histogram [2,4) => 230510, [4,8) => 135741, [8,16) => 6294, [16,32) => 415, [32,64) => 1068, [64,128) => 5733, [128,256) => 773350, [256,512) => 600366
   Buffers: shared hit=5642911 read=242749
 Settings: enable_bitmapscan = 'off', enable_seqscan = 'off', max_parallel_workers_per_gather = '0'
 Planning:
   Buffers: shared hit=77 read=24
 Planning Time: 1.827 ms
 Execution Time: 3142.257 ms
(12 rows)

SET
SET
SET
SET
SET
                                             QUERY PLAN                                             
----------------------------------------------------------------------------------------------------
 Index Scan using idx on public.t (actual rows=9048576.00 loops=1)
   Output: a, b
   Index Cond: ((t.a >= 26777) AND (t.a <= 2288920))
   Index Searches: 1
   Buffers: shared hit=5885660
 Settings: enable_bitmapscan = 'off', enable_seqscan = 'off', max_parallel_workers_per_gather = '0'
 Planning:
   Buffers: shared hit=106
 Planning Time: 0.213 ms
 Execution Time: 1853.651 ms
(10 rows)

