SET
SET
SET
SET
SET
                                                                            QUERY PLAN                                                                             
-------------------------------------------------------------------------------------------------------------------------------------------------------------------
 Index Scan using idx on public.t (actual rows=4048576.00 loops=1)
   Output: a, b
   Index Cond: ((t.a >= 11395) AND (t.a <= 1023538))
   Index Searches: 1
   Prefetch: distance=167.251 count=567775 stalls=2067760 skipped=1420820 resets=0 ungets=8294 forwarded=7324
             histogram [2,4) => 115013, [4,8) => 68533, [8,16) => 3388, [16,32) => 226, [32,64) => 564, [64,128) => 1676, [128,256) => 185011, [256,512) => 193364
   Buffers: shared hit=2518548 read=115100
 Settings: enable_bitmapscan = 'off', enable_seqscan = 'off', max_parallel_workers_per_gather = '0'
 Planning:
   Buffers: shared hit=77 read=28
 Planning Time: 2.094 ms
 Execution Time: 1402.999 ms
(12 rows)

SET
SET
SET
SET
SET
                                             QUERY PLAN                                             
----------------------------------------------------------------------------------------------------
 Index Scan using idx on public.t (actual rows=4048576.00 loops=1)
   Output: a, b
   Index Cond: ((t.a >= 11395) AND (t.a <= 1023538))
   Index Searches: 1
   Buffers: shared hit=2633648
 Settings: enable_bitmapscan = 'off', enable_seqscan = 'off', max_parallel_workers_per_gather = '0'
 Planning:
   Buffers: shared hit=110
 Planning Time: 0.219 ms
 Execution Time: 827.174 ms
(10 rows)

