SET
SET
SET
SET
SET
                                             QUERY PLAN                                             
----------------------------------------------------------------------------------------------------
 Index Scan Backward using idx on public.t (actual rows=2048.00 loops=1)
   Output: a, b
   Index Cond: ((t.a >= 9419) AND (t.a <= 9930))
   Index Searches: 1
   Prefetch: distance=2.102 count=176 stalls=1544 skipped=21 resets=0 ungets=0 forwarded=0
             histogram [2,4) => 170, [4,8) => 6
   Buffers: shared hit=1840 read=190
 Settings: enable_bitmapscan = 'off', enable_seqscan = 'off', max_parallel_workers_per_gather = '0'
 Planning:
   Buffers: shared hit=86 read=27
 Planning Time: 2.060 ms
 Execution Time: 11.468 ms
(12 rows)

SET
SET
SET
SET
SET
                                             QUERY PLAN                                             
----------------------------------------------------------------------------------------------------
 Index Scan Backward using idx on public.t (actual rows=2048.00 loops=1)
   Output: a, b
   Index Cond: ((t.a >= 9419) AND (t.a <= 9930))
   Index Searches: 1
   Buffers: shared hit=2030
 Settings: enable_bitmapscan = 'off', enable_seqscan = 'off', max_parallel_workers_per_gather = '0'
 Planning:
   Buffers: shared hit=118
 Planning Time: 0.202 ms
 Execution Time: 0.480 ms
(10 rows)

