SET
SET
SET
SET
SET
                                                                   QUERY PLAN                                                                   
------------------------------------------------------------------------------------------------------------------------------------------------
 Index Scan using idx on public.t (actual rows=131072.00 loops=1)
   Output: a, b
   Index Cond: ((t.a >= 6081) AND (t.a <= 38848))
   Index Searches: 1
   Prefetch: distance=261.752 count=92898 stalls=1 skipped=45848 resets=0 ungets=8070 forwarded=2452
             histogram [2,4) => 2, [4,8) => 3, [8,16) => 6, [16,32) => 18, [32,64) => 20, [64,128) => 2, [128,256) => 19891, [256,512) => 72956
   Buffers: shared hit=69866 read=15415
 Settings: enable_bitmapscan = 'off', enable_seqscan = 'off', max_parallel_workers_per_gather = '0'
 Planning:
   Buffers: shared hit=77 read=28
 Planning Time: 2.040 ms
 Execution Time: 101.109 ms
(12 rows)

SET
SET
SET
SET
SET
                                             QUERY PLAN                                             
----------------------------------------------------------------------------------------------------
 Index Scan using idx on public.t (actual rows=131072.00 loops=1)
   Output: a, b
   Index Cond: ((t.a >= 6081) AND (t.a <= 38848))
   Index Searches: 1
   Buffers: shared hit=85281
 Settings: enable_bitmapscan = 'off', enable_seqscan = 'off', max_parallel_workers_per_gather = '0'
 Planning:
   Buffers: shared hit=110
 Planning Time: 0.181 ms
 Execution Time: 25.623 ms
(10 rows)

