SET
SET
SET
SET
SET
                                                                QUERY PLAN                                                                
------------------------------------------------------------------------------------------------------------------------------------------
 Index Scan using idx on public.t (actual rows=4096.00 loops=1)
   Output: a, b
   Index Cond: ((t.a >= 5991) AND (t.a <= 7014))
   Index Searches: 1
   Prefetch: distance=268.691 count=3686 stalls=1 skipped=1428 resets=0 ungets=1106 forwarded=71
             histogram [2,4) => 2, [4,8) => 4, [8,16) => 8, [16,32) => 23, [32,64) => 6, [64,128) => 4, [128,256) => 4, [256,512) => 3635
   Buffers: shared hit=405 read=2241
 Settings: enable_bitmapscan = 'off', enable_seqscan = 'off', max_parallel_workers_per_gather = '0'
 Planning:
   Buffers: shared hit=81 read=28
 Planning Time: 2.055 ms
 Execution Time: 14.565 ms
(12 rows)

SET
SET
SET
SET
SET
                                             QUERY PLAN                                             
----------------------------------------------------------------------------------------------------
 Index Scan using idx on public.t (actual rows=4096.00 loops=1)
   Output: a, b
   Index Cond: ((t.a >= 5991) AND (t.a <= 7014))
   Index Searches: 1
   Buffers: shared hit=2646
 Settings: enable_bitmapscan = 'off', enable_seqscan = 'off', max_parallel_workers_per_gather = '0'
 Planning:
   Buffers: shared hit=114
 Planning Time: 0.169 ms
 Execution Time: 1.779 ms
(10 rows)

