SET
SET
SET
SET
SET
                                                                         QUERY PLAN                                                                          
-------------------------------------------------------------------------------------------------------------------------------------------------------------
 Index Scan using idx on public.t (actual rows=1048576.00 loops=1)
   Output: a, b
   Index Cond: ((t.a >= 15376) AND (t.a <= 277519))
   Index Searches: 1
   Prefetch: distance=204.765 count=214374 stalls=474390 skipped=367636 resets=0 ungets=8447 forwarded=3801
             histogram [2,4) => 26064, [4,8) => 15882, [8,16) => 785, [16,32) => 40, [32,64) => 48, [64,128) => 190, [128,256) => 62129, [256,512) => 109236
   Buffers: shared hit=642814 read=39496
 Settings: enable_bitmapscan = 'off', enable_seqscan = 'off', max_parallel_workers_per_gather = '0'
 Planning:
   Buffers: shared hit=77 read=28
 Planning Time: 2.025 ms
 Execution Time: 403.219 ms
(12 rows)

SET
SET
SET
SET
SET
                                             QUERY PLAN                                             
----------------------------------------------------------------------------------------------------
 Index Scan using idx on public.t (actual rows=1048576.00 loops=1)
   Output: a, b
   Index Cond: ((t.a >= 15376) AND (t.a <= 277519))
   Index Searches: 1
   Buffers: shared hit=682311
 Settings: enable_bitmapscan = 'off', enable_seqscan = 'off', max_parallel_workers_per_gather = '0'
 Planning:
   Buffers: shared hit=110
 Planning Time: 0.214 ms
 Execution Time: 213.550 ms
(10 rows)

