SET
SET
SET
SET
SET
                                                                QUERY PLAN                                                                 
-------------------------------------------------------------------------------------------------------------------------------------------
 Index Scan using idx on public.t (actual rows=8192.00 loops=1)
   Output: a, b
   Index Cond: ((t.a >= 1683) AND (t.a <= 3730))
   Index Searches: 1
   Prefetch: distance=269.825 count=6756 stalls=1 skipped=2684 resets=0 ungets=1868 forwarded=192
             histogram [2,4) => 2, [4,8) => 3, [8,16) => 16, [16,32) => 18, [32,64) => 6, [64,128) => 2, [128,256) => 3, [256,512) => 6706
   Buffers: shared hit=1406 read=3895
 Settings: enable_bitmapscan = 'off', enable_seqscan = 'off', max_parallel_workers_per_gather = '0'
 Planning:
   Buffers: shared hit=81 read=28
 Planning Time: 2.112 ms
 Execution Time: 40.085 ms
(12 rows)

SET
SET
SET
SET
SET
                                             QUERY PLAN                                             
----------------------------------------------------------------------------------------------------
 Index Scan using idx on public.t (actual rows=8192.00 loops=1)
   Output: a, b
   Index Cond: ((t.a >= 1683) AND (t.a <= 3730))
   Index Searches: 1
   Buffers: shared hit=5301
 Settings: enable_bitmapscan = 'off', enable_seqscan = 'off', max_parallel_workers_per_gather = '0'
 Planning:
   Buffers: shared hit=114
 Planning Time: 0.205 ms
 Execution Time: 3.334 ms
(10 rows)

