SET
SET
SET
SET
SET
                                                                             QUERY PLAN                                                                             
--------------------------------------------------------------------------------------------------------------------------------------------------------------------
 Index Scan using idx on public.t (actual rows=8048576.00 loops=1)
   Output: a, b
   Index Cond: ((t.a >= 1072) AND (t.a <= 2013215))
   Index Searches: 1
   Prefetch: distance=131.296 count=839942 stalls=4390522 skipped=2825551 resets=0 ungets=7830 forwarded=10700
             histogram [2,4) => 245084, [4,8) => 144944, [8,16) => 6936, [16,32) => 475, [32,64) => 869, [64,128) => 2702, [128,256) => 223891, [256,512) => 215041
   Buffers: shared hit=5019604 read=215345
 Settings: enable_bitmapscan = 'off', enable_seqscan = 'off', max_parallel_workers_per_gather = '0'
 Planning:
   Buffers: shared hit=77 read=28
 Planning Time: 2.043 ms
 Execution Time: 2755.015 ms
(12 rows)

SET
SET
SET
SET
SET
                                             QUERY PLAN                                             
----------------------------------------------------------------------------------------------------
 Index Scan using idx on public.t (actual rows=8048576.00 loops=1)
   Output: a, b
   Index Cond: ((t.a >= 1072) AND (t.a <= 2013215))
   Index Searches: 1
   Buffers: shared hit=5234951
 Settings: enable_bitmapscan = 'off', enable_seqscan = 'off', max_parallel_workers_per_gather = '0'
 Planning:
   Buffers: shared hit=110
 Planning Time: 0.214 ms
 Execution Time: 1659.562 ms
(10 rows)

