SET
SET
SET
SET
SET
                                                                           QUERY PLAN                                                                           
----------------------------------------------------------------------------------------------------------------------------------------------------------------
 Index Scan using idx on public.t (actual rows=3048576.00 loops=1)
   Output: a, b
   Index Cond: ((t.a >= 30073) AND (t.a <= 792216))
   Index Searches: 1
   Prefetch: distance=235.732 count=1390040 stalls=597512 skipped=1069892 resets=0 ungets=9487 forwarded=11416
             histogram [2,4) => 33215, [4,8) => 19876, [8,16) => 877, [16,32) => 72, [32,64) => 510, [64,128) => 4948, [128,256) => 746122, [256,512) => 584420
   Buffers: shared hit=1891578 read=91460
 Settings: enable_bitmapscan = 'off', enable_seqscan = 'off', max_parallel_workers_per_gather = '0'
 Planning:
   Buffers: shared hit=77 read=24
 Planning Time: 1.837 ms
 Execution Time: 1134.290 ms
(12 rows)

SET
SET
SET
SET
SET
                                             QUERY PLAN                                             
----------------------------------------------------------------------------------------------------
 Index Scan using idx on public.t (actual rows=3048576.00 loops=1)
   Output: a, b
   Index Cond: ((t.a >= 30073) AND (t.a <= 792216))
   Index Searches: 1
   Buffers: shared hit=1983038
 Settings: enable_bitmapscan = 'off', enable_seqscan = 'off', max_parallel_workers_per_gather = '0'
 Planning:
   Buffers: shared hit=106
 Planning Time: 0.216 ms
 Execution Time: 633.781 ms
(10 rows)

