SET
SET
SET
SET
SET
                                             QUERY PLAN                                             
----------------------------------------------------------------------------------------------------
 Index Scan Backward using idx on public.t (actual rows=8192.00 loops=1)
   Output: a, b
   Index Cond: ((t.a >= 19754) AND (t.a <= 21801))
   Index Searches: 1
   Prefetch: distance=2.126 count=783 stalls=6924 skipped=122 resets=0 ungets=0 forwarded=0
             histogram [2,4) => 750, [4,8) => 33
   Buffers: shared hit=7592 read=493
 Settings: enable_bitmapscan = 'off', enable_seqscan = 'off', max_parallel_workers_per_gather = '0'
 Planning:
   Buffers: shared hit=86 read=27
 Planning Time: 2.099 ms
 Execution Time: 31.467 ms
(12 rows)

SET
SET
SET
SET
SET
                                             QUERY PLAN                                             
----------------------------------------------------------------------------------------------------
 Index Scan Backward using idx on public.t (actual rows=8192.00 loops=1)
   Output: a, b
   Index Cond: ((t.a >= 19754) AND (t.a <= 21801))
   Index Searches: 1
   Buffers: shared hit=8085
 Settings: enable_bitmapscan = 'off', enable_seqscan = 'off', max_parallel_workers_per_gather = '0'
 Planning:
   Buffers: shared hit=118
 Planning Time: 0.178 ms
 Execution Time: 1.377 ms
(10 rows)

