SET
SET
SET
SET
                                             QUERY PLAN                                             
----------------------------------------------------------------------------------------------------
 Index Scan using idx on public.t (actual rows=1024.00 loops=1)
   Output: a, b
   Index Cond: ((t.a >= 28038) AND (t.a <= 28293))
   Index Searches: 1
   Buffers: shared hit=12 read=653
 Settings: enable_bitmapscan = 'off', enable_seqscan = 'off', max_parallel_workers_per_gather = '0'
 Planning:
   Buffers: shared hit=77 read=24
 Planning Time: 1.854 ms
 Execution Time: 40.966 ms
(10 rows)

SET
SET
SET
SET
                                             QUERY PLAN                                             
----------------------------------------------------------------------------------------------------
 Index Scan using idx on public.t (actual rows=1024.00 loops=1)
   Output: a, b
   Index Cond: ((t.a >= 28038) AND (t.a <= 28293))
   Index Searches: 1
   Buffers: shared hit=665
 Settings: enable_bitmapscan = 'off', enable_seqscan = 'off', max_parallel_workers_per_gather = '0'
 Planning:
   Buffers: shared hit=106
 Planning Time: 0.135 ms
 Execution Time: 0.316 ms
(10 rows)

