SET
SET
SET
SET
SET
                                                                   QUERY PLAN                                                                    
-------------------------------------------------------------------------------------------------------------------------------------------------
 Index Scan Backward using idx on public.t (actual rows=131072.00 loops=1)
   Output: a, b
   Index Cond: ((t.a >= 3156) AND (t.a <= 35923))
   Index Searches: 1
   Prefetch: distance=264.152 count=142314 stalls=3 skipped=1910 resets=0 ungets=13226 forwarded=0
             histogram [2,4) => 4, [4,8) => 5, [8,16) => 9, [16,32) => 12, [32,64) => 24, [64,128) => 4, [128,256) => 20000, [256,512) => 122256
   Buffers: shared hit=122838 read=6525
 Settings: enable_bitmapscan = 'off', enable_seqscan = 'off', max_parallel_workers_per_gather = '0'
 Planning:
   Buffers: shared hit=82 read=27
 Planning Time: 2.035 ms
 Execution Time: 155.878 ms
(12 rows)

SET
SET
SET
SET
SET
                                             QUERY PLAN                                             
----------------------------------------------------------------------------------------------------
 Index Scan Backward using idx on public.t (actual rows=131072.00 loops=1)
   Output: a, b
   Index Cond: ((t.a >= 3156) AND (t.a <= 35923))
   Index Searches: 1
   Buffers: shared hit=129363
 Settings: enable_bitmapscan = 'off', enable_seqscan = 'off', max_parallel_workers_per_gather = '0'
 Planning:
   Buffers: shared hit=114
 Planning Time: 0.200 ms
 Execution Time: 18.495 ms
(10 rows)

