SET
SET
SET
SET
SET
                                             QUERY PLAN                                             
----------------------------------------------------------------------------------------------------
 Index Scan using idx on public.t (actual rows=8048576.00 loops=1)
   Output: a, b
   Index Cond: ((t.a >= 29810) AND (t.a <= 2041953))
   Index Searches: 1
   Buffers: shared hit=7545741 read=395409
 Settings: enable_bitmapscan = 'off', enable_seqscan = 'off', max_parallel_workers_per_gather = '0'
 Planning:
   Buffers: shared hit=78 read=23
 Planning Time: 1.782 ms
 Execution Time: 1740.764 ms
(10 rows)

SET
SET
SET
SET
SET
                                             QUERY PLAN                                             
----------------------------------------------------------------------------------------------------
 Index Scan using idx on public.t (actual rows=8048576.00 loops=1)
   Output: a, b
   Index Cond: ((t.a >= 29810) AND (t.a <= 2041953))
   Index Searches: 1
   Buffers: shared hit=7941150
 Settings: enable_bitmapscan = 'off', enable_seqscan = 'off', max_parallel_workers_per_gather = '0'
 Planning:
   Buffers: shared hit=106
 Planning Time: 0.218 ms
 Execution Time: 1253.231 ms
(10 rows)

