SET
SET
SET
SET
SET
                                                                      QUERY PLAN                                                                      
------------------------------------------------------------------------------------------------------------------------------------------------------
 Index Scan using idx on public.t (actual rows=524288.00 loops=1)
   Output: a, b
   Index Cond: ((t.a >= 29518) AND (t.a <= 160589))
   Index Searches: 1
   Prefetch: distance=249.117 count=349360 stalls=1 skipped=184265 resets=0 ungets=9505 forwarded=4337
             histogram [2,4) => 2, [4,8) => 4, [8,16) => 6, [16,32) => 19, [32,64) => 143, [64,128) => 1224, [128,256) => 165301, [256,512) => 182661
   Buffers: shared hit=313311 read=27444
 Settings: enable_bitmapscan = 'off', enable_seqscan = 'off', max_parallel_workers_per_gather = '0'
 Planning:
   Buffers: shared hit=77 read=24
 Planning Time: 1.839 ms
 Execution Time: 239.862 ms
(12 rows)

SET
SET
SET
SET
SET
                                             QUERY PLAN                                             
----------------------------------------------------------------------------------------------------
 Index Scan using idx on public.t (actual rows=524288.00 loops=1)
   Output: a, b
   Index Cond: ((t.a >= 29518) AND (t.a <= 160589))
   Index Searches: 1
   Buffers: shared hit=340756
 Settings: enable_bitmapscan = 'off', enable_seqscan = 'off', max_parallel_workers_per_gather = '0'
 Planning:
   Buffers: shared hit=106
 Planning Time: 0.192 ms
 Execution Time: 110.676 ms
(10 rows)

