SET
SET
SET
SET
SET
                                                                QUERY PLAN                                                                 
-------------------------------------------------------------------------------------------------------------------------------------------
 Index Scan using idx on public.t (actual rows=4096.00 loops=1)
   Output: a, b
   Index Cond: ((t.a >= 18035) AND (t.a <= 19058))
   Index Searches: 1
   Prefetch: distance=268.703 count=3819 stalls=1 skipped=1418 resets=0 ungets=1149 forwarded=68
             histogram [2,4) => 2, [4,8) => 4, [8,16) => 6, [16,32) => 10, [32,64) => 18, [64,128) => 7, [128,256) => 3, [256,512) => 3769
   Buffers: shared hit=312 read=2378
 Settings: enable_bitmapscan = 'off', enable_seqscan = 'off', max_parallel_workers_per_gather = '0'
 Planning:
   Buffers: shared hit=81 read=28
 Planning Time: 2.083 ms
 Execution Time: 11.299 ms
(12 rows)

SET
SET
SET
SET
SET
                                             QUERY PLAN                                             
----------------------------------------------------------------------------------------------------
 Index Scan using idx on public.t (actual rows=4096.00 loops=1)
   Output: a, b
   Index Cond: ((t.a >= 18035) AND (t.a <= 19058))
   Index Searches: 1
   Buffers: shared hit=2690
 Settings: enable_bitmapscan = 'off', enable_seqscan = 'off', max_parallel_workers_per_gather = '0'
 Planning:
   Buffers: shared hit=114
 Planning Time: 0.178 ms
 Execution Time: 1.917 ms
(10 rows)

