SET
SET
SET
SET
SET
                                                                   QUERY PLAN                                                                   
------------------------------------------------------------------------------------------------------------------------------------------------
 Index Scan using idx on public.t (actual rows=131072.00 loops=1)
   Output: a, b
   Index Cond: ((t.a >= 21551) AND (t.a <= 54318))
   Index Searches: 1
   Prefetch: distance=263.042 count=93443 stalls=1 skipped=45886 resets=0 ungets=8897 forwarded=2656
             histogram [2,4) => 2, [4,8) => 4, [8,16) => 7, [16,32) => 12, [32,64) => 14, [64,128) => 3, [128,256) => 17427, [256,512) => 75974
   Buffers: shared hit=68407 read=16751
 Settings: enable_bitmapscan = 'off', enable_seqscan = 'off', max_parallel_workers_per_gather = '0'
 Planning:
   Buffers: shared hit=77 read=28
 Planning Time: 2.099 ms
 Execution Time: 108.631 ms
(12 rows)

SET
SET
SET
SET
SET
                                             QUERY PLAN                                             
----------------------------------------------------------------------------------------------------
 Index Scan using idx on public.t (actual rows=131072.00 loops=1)
   Output: a, b
   Index Cond: ((t.a >= 21551) AND (t.a <= 54318))
   Index Searches: 1
   Buffers: shared hit=85159
 Settings: enable_bitmapscan = 'off', enable_seqscan = 'off', max_parallel_workers_per_gather = '0'
 Planning:
   Buffers: shared hit=110
 Planning Time: 0.181 ms
 Execution Time: 26.789 ms
(10 rows)

