SET
SET
SET
SET
SET
                                                                    QUERY PLAN                                                                     
---------------------------------------------------------------------------------------------------------------------------------------------------
 Index Scan using idx on public.t (actual rows=262144.00 loops=1)
   Output: a, b
   Index Cond: ((t.a >= 8892) AND (t.a <= 74427))
   Index Searches: 1
   Prefetch: distance=253.870 count=177907 stalls=1 skipped=91926 resets=0 ungets=8197 forwarded=3034
             histogram [2,4) => 2, [4,8) => 4, [8,16) => 10, [16,32) => 17, [32,64) => 7, [64,128) => 413, [128,256) => 67753, [256,512) => 109701
   Buffers: shared hit=151354 read=19085
 Settings: enable_bitmapscan = 'off', enable_seqscan = 'off', max_parallel_workers_per_gather = '0'
 Planning:
   Buffers: shared hit=77 read=28
 Planning Time: 2.051 ms
 Execution Time: 145.720 ms
(12 rows)

SET
SET
SET
SET
SET
                                             QUERY PLAN                                             
----------------------------------------------------------------------------------------------------
 Index Scan using idx on public.t (actual rows=262144.00 loops=1)
   Output: a, b
   Index Cond: ((t.a >= 8892) AND (t.a <= 74427))
   Index Searches: 1
   Buffers: shared hit=170439
 Settings: enable_bitmapscan = 'off', enable_seqscan = 'off', max_parallel_workers_per_gather = '0'
 Planning:
   Buffers: shared hit=110
 Planning Time: 0.197 ms
 Execution Time: 55.661 ms
(10 rows)

