SET
SET
SET
SET
SET
                                                                            QUERY PLAN                                                                             
-------------------------------------------------------------------------------------------------------------------------------------------------------------------
 Index Scan using idx on public.t (actual rows=5048576.00 loops=1)
   Output: a, b
   Index Cond: ((t.a >= 19346) AND (t.a <= 1281489))
   Index Searches: 1
   Prefetch: distance=155.332 count=636204 stalls=2648846 skipped=1772241 resets=0 ungets=8822 forwarded=8278
             histogram [2,4) => 147652, [4,8) => 87630, [8,16) => 4272, [16,32) => 399, [32,64) => 883, [64,128) => 2247, [128,256) => 192267, [256,512) => 200854
   Buffers: shared hit=3142701 read=141157
 Settings: enable_bitmapscan = 'off', enable_seqscan = 'off', max_parallel_workers_per_gather = '0'
 Planning:
   Buffers: shared hit=77 read=28
 Planning Time: 2.029 ms
 Execution Time: 1773.943 ms
(12 rows)

SET
SET
SET
SET
SET
                                             QUERY PLAN                                             
----------------------------------------------------------------------------------------------------
 Index Scan using idx on public.t (actual rows=5048576.00 loops=1)
   Output: a, b
   Index Cond: ((t.a >= 19346) AND (t.a <= 1281489))
   Index Searches: 1
   Buffers: shared hit=3283859
 Settings: enable_bitmapscan = 'off', enable_seqscan = 'off', max_parallel_workers_per_gather = '0'
 Planning:
   Buffers: shared hit=110
 Planning Time: 0.219 ms
 Execution Time: 1046.119 ms
(10 rows)

