SET
SET
SET
SET
SET
                                                                             QUERY PLAN                                                                             
--------------------------------------------------------------------------------------------------------------------------------------------------------------------
 Index Scan using idx on public.t (actual rows=7048576.00 loops=1)
   Output: a, b
   Index Cond: ((t.a >= 13764) AND (t.a <= 1775907))
   Index Searches: 1
   Prefetch: distance=135.467 count=756826 stalls=3825728 skipped=2474046 resets=0 ungets=8415 forwarded=9916
             histogram [2,4) => 213656, [4,8) => 126427, [8,16) => 6002, [16,32) => 451, [32,64) => 882, [64,128) => 2258, [128,256) => 201633, [256,512) => 205517
   Buffers: shared hit=4393656 read=191292
 Settings: enable_bitmapscan = 'off', enable_seqscan = 'off', max_parallel_workers_per_gather = '0'
 Planning:
   Buffers: shared hit=77 read=28
 Planning Time: 2.036 ms
 Execution Time: 2465.377 ms
(12 rows)

SET
SET
SET
SET
SET
                                             QUERY PLAN                                             
----------------------------------------------------------------------------------------------------
 Index Scan using idx on public.t (actual rows=7048576.00 loops=1)
   Output: a, b
   Index Cond: ((t.a >= 13764) AND (t.a <= 1775907))
   Index Searches: 1
   Buffers: shared hit=4584949
 Settings: enable_bitmapscan = 'off', enable_seqscan = 'off', max_parallel_workers_per_gather = '0'
 Planning:
   Buffers: shared hit=110
 Planning Time: 0.231 ms
 Execution Time: 1449.080 ms
(10 rows)

