SET
SET
SET
SET
SET
                                                                             QUERY PLAN                                                                             
--------------------------------------------------------------------------------------------------------------------------------------------------------------------
 Index Scan using idx on public.t (actual rows=8048576.00 loops=1)
   Output: a, b
   Index Cond: ((t.a >= 21319) AND (t.a <= 2033462))
   Index Searches: 1
   Prefetch: distance=123.682 count=793067 stalls=4438713 skipped=2825572 resets=0 ungets=9007 forwarded=10766
             histogram [2,4) => 247807, [4,8) => 146520, [8,16) => 7002, [16,32) => 477, [32,64) => 877, [64,128) => 2192, [128,256) => 189555, [256,512) => 198637
   Buffers: shared hit=5017791 read=217183
 Settings: enable_bitmapscan = 'off', enable_seqscan = 'off', max_parallel_workers_per_gather = '0'
 Planning:
   Buffers: shared hit=77 read=28
 Planning Time: 2.084 ms
 Execution Time: 2770.631 ms
(12 rows)

SET
SET
SET
SET
SET
                                             QUERY PLAN                                             
----------------------------------------------------------------------------------------------------
 Index Scan using idx on public.t (actual rows=8048576.00 loops=1)
   Output: a, b
   Index Cond: ((t.a >= 21319) AND (t.a <= 2033462))
   Index Searches: 1
   Buffers: shared hit=5234974
 Settings: enable_bitmapscan = 'off', enable_seqscan = 'off', max_parallel_workers_per_gather = '0'
 Planning:
   Buffers: shared hit=110
 Planning Time: 0.225 ms
 Execution Time: 1639.756 ms
(10 rows)

