SET
SET
SET
SET
SET
                                                                           QUERY PLAN                                                                            
-----------------------------------------------------------------------------------------------------------------------------------------------------------------
 Index Scan using idx on public.t (actual rows=2048576.00 loops=1)
   Output: a, b
   Index Cond: ((t.a >= 10944) AND (t.a <= 523087))
   Index Searches: 1
   Prefetch: distance=199.985 count=417450 stalls=919966 skipped=719191 resets=0 ungets=8346 forwarded=5405
             histogram [2,4) => 51081, [4,8) => 30586, [8,16) => 1543, [16,32) => 99, [32,64) => 213, [64,128) => 1002, [128,256) => 157704, [256,512) => 175222
   Buffers: shared hit=1267816 read=64535
 Settings: enable_bitmapscan = 'off', enable_seqscan = 'off', max_parallel_workers_per_gather = '0'
 Planning:
   Buffers: shared hit=77 read=28
 Planning Time: 2.047 ms
 Execution Time: 725.203 ms
(12 rows)

SET
SET
SET
SET
SET
                                             QUERY PLAN                                             
----------------------------------------------------------------------------------------------------
 Index Scan using idx on public.t (actual rows=2048576.00 loops=1)
   Output: a, b
   Index Cond: ((t.a >= 10944) AND (t.a <= 523087))
   Index Searches: 1
   Buffers: shared hit=1332351
 Settings: enable_bitmapscan = 'off', enable_seqscan = 'off', max_parallel_workers_per_gather = '0'
 Planning:
   Buffers: shared hit=110
 Planning Time: 0.208 ms
 Execution Time: 422.174 ms
(10 rows)

