SET
SET
SET
SET
SET
                                                                             QUERY PLAN                                                                             
--------------------------------------------------------------------------------------------------------------------------------------------------------------------
 Index Scan using idx on public.t (actual rows=9048576.00 loops=1)
   Output: a, b
   Index Cond: ((t.a >= 16198) AND (t.a <= 2278341))
   Index Searches: 1
   Prefetch: distance=118.166 count=858679 stalls=5022119 skipped=3176491 resets=0 ungets=8720 forwarded=11556
             histogram [2,4) => 280356, [4,8) => 165587, [8,16) => 7800, [16,32) => 485, [32,64) => 876, [64,128) => 2172, [128,256) => 197537, [256,512) => 203866
   Buffers: shared hit=5643688 read=241947
 Settings: enable_bitmapscan = 'off', enable_seqscan = 'off', max_parallel_workers_per_gather = '0'
 Planning:
   Buffers: shared hit=77 read=28
 Planning Time: 2.040 ms
 Execution Time: 3058.631 ms
(12 rows)

SET
SET
SET
SET
SET
                                             QUERY PLAN                                             
----------------------------------------------------------------------------------------------------
 Index Scan using idx on public.t (actual rows=9048576.00 loops=1)
   Output: a, b
   Index Cond: ((t.a >= 16198) AND (t.a <= 2278341))
   Index Searches: 1
   Buffers: shared hit=5885636
 Settings: enable_bitmapscan = 'off', enable_seqscan = 'off', max_parallel_workers_per_gather = '0'
 Planning:
   Buffers: shared hit=110
 Planning Time: 0.224 ms
 Execution Time: 1859.543 ms
(10 rows)

