SET
SET
SET
SET
SET
                                                               QUERY PLAN                                                               
----------------------------------------------------------------------------------------------------------------------------------------
 Index Scan Backward using idx on public.t (actual rows=512.00 loops=1)
   Output: a, b
   Index Cond: ((t.a >= 18084) AND (t.a <= 18211))
   Index Searches: 1
   Prefetch: distance=261.839 count=609 stalls=1 skipped=163 resets=0 ungets=292 forwarded=0
             histogram [2,4) => 2, [4,8) => 3, [8,16) => 5, [16,32) => 9, [32,64) => 2, [64,128) => 2, [128,256) => 2, [256,512) => 584
   Buffers: shared hit=9 read=336
 Settings: enable_bitmapscan = 'off', enable_seqscan = 'off', max_parallel_workers_per_gather = '0'
 Planning:
   Buffers: shared hit=85 read=28
 Planning Time: 1.446 ms
 Execution Time: 5.377 ms
(12 rows)

SET
SET
SET
SET
SET
                                             QUERY PLAN                                             
----------------------------------------------------------------------------------------------------
 Index Scan Backward using idx on public.t (actual rows=512.00 loops=1)
   Output: a, b
   Index Cond: ((t.a >= 18084) AND (t.a <= 18211))
   Index Searches: 1
   Buffers: shared hit=345
 Settings: enable_bitmapscan = 'off', enable_seqscan = 'off', max_parallel_workers_per_gather = '0'
 Planning:
   Buffers: shared hit=118
 Planning Time: 0.207 ms
 Execution Time: 0.378 ms
(10 rows)

