SET
SET
SET
SET
SET
                                                               QUERY PLAN                                                                
-----------------------------------------------------------------------------------------------------------------------------------------
 Index Scan Backward using idx on public.t (actual rows=1024.00 loops=1)
   Output: a, b
   Index Cond: ((t.a >= 20029) AND (t.a <= 20284))
   Index Searches: 1
   Prefetch: distance=264.490 count=863 stalls=1 skipped=262 resets=0 ungets=409 forwarded=0
             histogram [2,4) => 2, [4,8) => 3, [8,16) => 5, [16,32) => 10, [32,64) => 4, [64,128) => 2, [128,256) => 2, [256,512) => 835
   Buffers: shared hit=30 read=624
 Settings: enable_bitmapscan = 'off', enable_seqscan = 'off', max_parallel_workers_per_gather = '0'
 Planning:
   Buffers: shared hit=85 read=28
 Planning Time: 1.737 ms
 Execution Time: 18.148 ms
(12 rows)

SET
SET
SET
SET
SET
                                             QUERY PLAN                                             
----------------------------------------------------------------------------------------------------
 Index Scan Backward using idx on public.t (actual rows=1024.00 loops=1)
   Output: a, b
   Index Cond: ((t.a >= 20029) AND (t.a <= 20284))
   Index Searches: 1
   Buffers: shared hit=654
 Settings: enable_bitmapscan = 'off', enable_seqscan = 'off', max_parallel_workers_per_gather = '0'
 Planning:
   Buffers: shared hit=118
 Planning Time: 0.152 ms
 Execution Time: 0.522 ms
(10 rows)

