SET
SET
SET
SET
SET
                                                                      QUERY PLAN                                                                      
------------------------------------------------------------------------------------------------------------------------------------------------------
 Index Scan Backward using idx on public.t (actual rows=131072.00 loops=1)
   Output: a, b
   Index Cond: ((t.a >= 11973) AND (t.a <= 44740))
   Index Searches: 1
   Prefetch: distance=259.017 count=91211 stalls=7845 skipped=45737 resets=0 ungets=14324 forwarded=0
             histogram [2,4) => 174, [4,8) => 40, [8,16) => 37, [16,32) => 35, [32,64) => 87, [64,128) => 269, [128,256) => 19713, [256,512) => 70856
   Buffers: shared hit=69410 read=15918
 Settings: enable_bitmapscan = 'off', enable_seqscan = 'off', max_parallel_workers_per_gather = '0'
 Planning:
   Buffers: shared hit=81 read=28
 Planning Time: 2.038 ms
 Execution Time: 172.122 ms
(12 rows)

SET
SET
SET
SET
SET
                                             QUERY PLAN                                             
----------------------------------------------------------------------------------------------------
 Index Scan Backward using idx on public.t (actual rows=131072.00 loops=1)
   Output: a, b
   Index Cond: ((t.a >= 11973) AND (t.a <= 44740))
   Index Searches: 1
   Buffers: shared hit=85328
 Settings: enable_bitmapscan = 'off', enable_seqscan = 'off', max_parallel_workers_per_gather = '0'
 Planning:
   Buffers: shared hit=114
 Planning Time: 0.188 ms
 Execution Time: 27.838 ms
(10 rows)

