SET
SET
SET
SET
SET
                                                                           QUERY PLAN                                                                           
----------------------------------------------------------------------------------------------------------------------------------------------------------------
 Index Scan Backward using idx on public.t (actual rows=2048576.00 loops=1)
   Output: a, b
   Index Cond: ((t.a >= 26481) AND (t.a <= 538624))
   Index Searches: 1
   Prefetch: distance=245.538 count=937825 stalls=420420 skipped=719332 resets=0 ungets=29196 forwarded=1
             histogram [2,4) => 12946, [4,8) => 6223, [8,16) => 664, [16,32) => 311, [32,64) => 394, [64,128) => 3110, [128,256) => 401521, [256,512) => 512656
   Buffers: shared hit=1266364 read=65882
 Settings: enable_bitmapscan = 'off', enable_seqscan = 'off', max_parallel_workers_per_gather = '0'
 Planning:
   Buffers: shared hit=81 read=24
 Planning Time: 1.840 ms
 Execution Time: 1362.699 ms
(12 rows)

SET
SET
SET
SET
SET
                                             QUERY PLAN                                             
----------------------------------------------------------------------------------------------------
 Index Scan Backward using idx on public.t (actual rows=2048576.00 loops=1)
   Output: a, b
   Index Cond: ((t.a >= 26481) AND (t.a <= 538624))
   Index Searches: 1
   Buffers: shared hit=1332246
 Settings: enable_bitmapscan = 'off', enable_seqscan = 'off', max_parallel_workers_per_gather = '0'
 Planning:
   Buffers: shared hit=110
 Planning Time: 0.217 ms
 Execution Time: 431.147 ms
(10 rows)

