SET
SET
SET
SET
SET
                                             QUERY PLAN                                             
----------------------------------------------------------------------------------------------------
 Index Scan Backward using idx on public.t (actual rows=9048576.00 loops=1)
   Output: a, b
   Index Cond: ((t.a >= 5001) AND (t.a <= 2267144))
   Index Searches: 1
   Buffers: shared hit=8483318 read=444523
 Settings: enable_bitmapscan = 'off', enable_seqscan = 'off', max_parallel_workers_per_gather = '0'
 Planning:
   Buffers: shared hit=82 read=27
 Planning Time: 2.068 ms
 Execution Time: 28088.819 ms
(10 rows)

SET
SET
SET
SET
SET
                                             QUERY PLAN                                             
----------------------------------------------------------------------------------------------------
 Index Scan Backward using idx on public.t (actual rows=9048576.00 loops=1)
   Output: a, b
   Index Cond: ((t.a >= 5001) AND (t.a <= 2267144))
   Index Searches: 1
   Buffers: shared hit=8927841
 Settings: enable_bitmapscan = 'off', enable_seqscan = 'off', max_parallel_workers_per_gather = '0'
 Planning:
   Buffers: shared hit=114
 Planning Time: 0.209 ms
 Execution Time: 1449.713 ms
(10 rows)

