SET
SET
SET
SET
SET
                                                                           QUERY PLAN                                                                           
----------------------------------------------------------------------------------------------------------------------------------------------------------------
 Index Scan Backward using idx on public.t (actual rows=3048576.00 loops=1)
   Output: a, b
   Index Cond: ((t.a >= 1086) AND (t.a <= 763229))
   Index Searches: 1
   Prefetch: distance=245.773 count=1479901 stalls=530371 skipped=1069845 resets=0 ungets=31696 forwarded=1
             histogram [2,4) => 16172, [4,8) => 7927, [8,16) => 927, [16,32) => 430, [32,64) => 716, [64,128) => 4931, [128,256) => 662377, [256,512) => 786421
   Buffers: shared hit=1894370 read=88878
 Settings: enable_bitmapscan = 'off', enable_seqscan = 'off', max_parallel_workers_per_gather = '0'
 Planning:
   Buffers: shared hit=81 read=28
 Planning Time: 2.060 ms
 Execution Time: 1903.054 ms
(12 rows)

SET
SET
SET
SET
SET
                                             QUERY PLAN                                             
----------------------------------------------------------------------------------------------------
 Index Scan Backward using idx on public.t (actual rows=3048576.00 loops=1)
   Output: a, b
   Index Cond: ((t.a >= 1086) AND (t.a <= 763229))
   Index Searches: 1
   Buffers: shared hit=1983248
 Settings: enable_bitmapscan = 'off', enable_seqscan = 'off', max_parallel_workers_per_gather = '0'
 Planning:
   Buffers: shared hit=114
 Planning Time: 0.230 ms
 Execution Time: 628.545 ms
(10 rows)

