SET
SET
SET
SET
SET
                                                                              QUERY PLAN                                                                              
----------------------------------------------------------------------------------------------------------------------------------------------------------------------
 Index Scan Backward using idx on public.t (actual rows=7048576.00 loops=1)
   Output: a, b
   Index Cond: ((t.a >= 6594) AND (t.a <= 1768737))
   Index Searches: 1
   Prefetch: distance=247.206 count=4001517 stalls=615551 skipped=2474162 resets=0 ungets=42813 forwarded=1
             histogram [2,4) => 22842, [4,8) => 11497, [8,16) => 1553, [16,32) => 738, [32,64) => 1245, [64,128) => 10169, [128,256) => 1881345, [256,512) => 2072128
   Buffers: shared hit=4394263 read=190652
 Settings: enable_bitmapscan = 'off', enable_seqscan = 'off', max_parallel_workers_per_gather = '0'
 Planning:
   Buffers: shared hit=81 read=28
 Planning Time: 2.045 ms
 Execution Time: 3994.795 ms
(12 rows)

SET
SET
SET
SET
SET
                                             QUERY PLAN                                             
----------------------------------------------------------------------------------------------------
 Index Scan Backward using idx on public.t (actual rows=7048576.00 loops=1)
   Output: a, b
   Index Cond: ((t.a >= 6594) AND (t.a <= 1768737))
   Index Searches: 1
   Buffers: shared hit=4584915
 Settings: enable_bitmapscan = 'off', enable_seqscan = 'off', max_parallel_workers_per_gather = '0'
 Planning:
   Buffers: shared hit=114
 Planning Time: 0.285 ms
 Execution Time: 1453.235 ms
(10 rows)

