SET
SET
SET
SET
SET
                                                                              QUERY PLAN                                                                              
----------------------------------------------------------------------------------------------------------------------------------------------------------------------
 Index Scan Backward using idx on public.t (actual rows=9048576.00 loops=1)
   Output: a, b
   Index Cond: ((t.a >= 6079) AND (t.a <= 2268222))
   Index Searches: 1
   Prefetch: distance=247.496 count=5283648 stalls=636818 skipped=3176477 resets=0 ungets=48478 forwarded=2
             histogram [2,4) => 24176, [4,8) => 12199, [8,16) => 1700, [16,32) => 978, [32,64) => 1874, [64,128) => 13961, [128,256) => 2503240, [256,512) => 2725520
   Buffers: shared hit=5644476 read=241133
 Settings: enable_bitmapscan = 'off', enable_seqscan = 'off', max_parallel_workers_per_gather = '0'
 Planning:
   Buffers: shared hit=81 read=28
 Planning Time: 2.037 ms
 Execution Time: 5031.174 ms
(12 rows)

SET
SET
SET
SET
SET
                                             QUERY PLAN                                             
----------------------------------------------------------------------------------------------------
 Index Scan Backward using idx on public.t (actual rows=9048576.00 loops=1)
   Output: a, b
   Index Cond: ((t.a >= 6079) AND (t.a <= 2268222))
   Index Searches: 1
   Buffers: shared hit=5885609
 Settings: enable_bitmapscan = 'off', enable_seqscan = 'off', max_parallel_workers_per_gather = '0'
 Planning:
   Buffers: shared hit=114
 Planning Time: 0.296 ms
 Execution Time: 1859.409 ms
(10 rows)

