SET
SET
SET
SET
SET
                                                                            QUERY PLAN                                                                            
------------------------------------------------------------------------------------------------------------------------------------------------------------------
 Index Scan Backward using idx on public.t (actual rows=5048576.00 loops=1)
   Output: a, b
   Index Cond: ((t.a >= 30476) AND (t.a <= 1292619))
   Index Searches: 1
   Prefetch: distance=247.543 count=2859280 stalls=454530 skipped=1772298 resets=0 ungets=37687 forwarded=1
             histogram [2,4) => 15838, [4,8) => 7788, [8,16) => 925, [16,32) => 430, [32,64) => 847, [64,128) => 7258, [128,256) => 1331590, [256,512) => 1494604
   Buffers: shared hit=3141703 read=142087
 Settings: enable_bitmapscan = 'off', enable_seqscan = 'off', max_parallel_workers_per_gather = '0'
 Planning:
   Buffers: shared hit=81 read=24
 Planning Time: 1.864 ms
 Execution Time: 2904.505 ms
(12 rows)

SET
SET
SET
SET
SET
                                             QUERY PLAN                                             
----------------------------------------------------------------------------------------------------
 Index Scan Backward using idx on public.t (actual rows=5048576.00 loops=1)
   Output: a, b
   Index Cond: ((t.a >= 30476) AND (t.a <= 1292619))
   Index Searches: 1
   Buffers: shared hit=3283790
 Settings: enable_bitmapscan = 'off', enable_seqscan = 'off', max_parallel_workers_per_gather = '0'
 Planning:
   Buffers: shared hit=110
 Planning Time: 0.212 ms
 Execution Time: 1037.173 ms
(10 rows)

