SET
SET
SET
SET
SET
                                                                           QUERY PLAN                                                                            
-----------------------------------------------------------------------------------------------------------------------------------------------------------------
 Index Scan Backward using idx on public.t (actual rows=4048576.00 loops=1)
   Output: a, b
   Index Cond: ((t.a >= 11759) AND (t.a <= 1023902))
   Index Searches: 1
   Prefetch: distance=246.857 count=2159395 stalls=502828 skipped=1420971 resets=0 ungets=34717 forwarded=1
             histogram [2,4) => 16116, [4,8) => 7917, [8,16) => 927, [16,32) => 430, [32,64) => 754, [64,128) => 6248, [128,256) => 992515, [256,512) => 1134488
   Buffers: shared hit=2518512 read=115129
 Settings: enable_bitmapscan = 'off', enable_seqscan = 'off', max_parallel_workers_per_gather = '0'
 Planning:
   Buffers: shared hit=81 read=28
 Planning Time: 2.034 ms
 Execution Time: 2394.262 ms
(12 rows)

SET
SET
SET
SET
SET
                                             QUERY PLAN                                             
----------------------------------------------------------------------------------------------------
 Index Scan Backward using idx on public.t (actual rows=4048576.00 loops=1)
   Output: a, b
   Index Cond: ((t.a >= 11759) AND (t.a <= 1023902))
   Index Searches: 1
   Buffers: shared hit=2633641
 Settings: enable_bitmapscan = 'off', enable_seqscan = 'off', max_parallel_workers_per_gather = '0'
 Planning:
   Buffers: shared hit=114
 Planning Time: 0.298 ms
 Execution Time: 830.508 ms
(10 rows)

