SET
SET
SET
SET
SET
                                                                              QUERY PLAN                                                                              
----------------------------------------------------------------------------------------------------------------------------------------------------------------------
 Index Scan Backward using idx on public.t (actual rows=7048576.00 loops=1)
   Output: a, b
   Index Cond: ((t.a >= 15635) AND (t.a <= 1777778))
   Index Searches: 1
   Prefetch: distance=247.219 count=4024711 stalls=592227 skipped=2474161 resets=0 ungets=42774 forwarded=1
             histogram [2,4) => 22764, [4,8) => 11480, [8,16) => 1553, [16,32) => 738, [32,64) => 1245, [64,128) => 10273, [128,256) => 1892953, [256,512) => 2083705
   Buffers: shared hit=4393420 read=191464
 Settings: enable_bitmapscan = 'off', enable_seqscan = 'off', max_parallel_workers_per_gather = '0'
 Planning:
   Buffers: shared hit=81 read=28
 Planning Time: 2.042 ms
 Execution Time: 4008.094 ms
(12 rows)

SET
SET
SET
SET
SET
                                             QUERY PLAN                                             
----------------------------------------------------------------------------------------------------
 Index Scan Backward using idx on public.t (actual rows=7048576.00 loops=1)
   Output: a, b
   Index Cond: ((t.a >= 15635) AND (t.a <= 1777778))
   Index Searches: 1
   Buffers: shared hit=4584884
 Settings: enable_bitmapscan = 'off', enable_seqscan = 'off', max_parallel_workers_per_gather = '0'
 Planning:
   Buffers: shared hit=114
 Planning Time: 0.287 ms
 Execution Time: 1460.019 ms
(10 rows)

