SET
SET
SET
SET
SET
                                                                           QUERY PLAN                                                                           
----------------------------------------------------------------------------------------------------------------------------------------------------------------
 Index Scan Backward using idx on public.t (actual rows=3048576.00 loops=1)
   Output: a, b
   Index Cond: ((t.a >= 18055) AND (t.a <= 780198))
   Index Searches: 1
   Prefetch: distance=245.880 count=1523371 stalls=486496 skipped=1069764 resets=0 ungets=31618 forwarded=1
             histogram [2,4) => 16052, [4,8) => 7897, [8,16) => 926, [16,32) => 430, [32,64) => 716, [64,128) => 4987, [128,256) => 684110, [256,512) => 808253
   Buffers: shared hit=1892780 read=90407
 Settings: enable_bitmapscan = 'off', enable_seqscan = 'off', max_parallel_workers_per_gather = '0'
 Planning:
   Buffers: shared hit=81 read=28
 Planning Time: 2.056 ms
 Execution Time: 1928.064 ms
(12 rows)

SET
SET
SET
SET
SET
                                             QUERY PLAN                                             
----------------------------------------------------------------------------------------------------
 Index Scan Backward using idx on public.t (actual rows=3048576.00 loops=1)
   Output: a, b
   Index Cond: ((t.a >= 18055) AND (t.a <= 780198))
   Index Searches: 1
   Buffers: shared hit=1983187
 Settings: enable_bitmapscan = 'off', enable_seqscan = 'off', max_parallel_workers_per_gather = '0'
 Planning:
   Buffers: shared hit=114
 Planning Time: 0.226 ms
 Execution Time: 628.405 ms
(10 rows)

