SET
SET
SET
SET
SET
                                                                       QUERY PLAN                                                                       
--------------------------------------------------------------------------------------------------------------------------------------------------------
 Index Scan Backward using idx on public.t (actual rows=262144.00 loops=1)
   Output: a, b
   Index Cond: ((t.a >= 31264) AND (t.a <= 96799))
   Index Searches: 1
   Prefetch: distance=257.255 count=112667 stalls=75327 skipped=92221 resets=0 ungets=18494 forwarded=1
             histogram [2,4) => 1248, [4,8) => 441, [8,16) => 22, [16,32) => 25, [32,64) => 35, [64,128) => 497, [128,256) => 21554, [256,512) => 88845
   Buffers: shared hit=149147 read=21027
 Settings: enable_bitmapscan = 'off', enable_seqscan = 'off', max_parallel_workers_per_gather = '0'
 Planning:
   Buffers: shared hit=81 read=24
 Planning Time: 1.840 ms
 Execution Time: 263.286 ms
(12 rows)

SET
SET
SET
SET
SET
                                             QUERY PLAN                                             
----------------------------------------------------------------------------------------------------
 Index Scan Backward using idx on public.t (actual rows=262144.00 loops=1)
   Output: a, b
   Index Cond: ((t.a >= 31264) AND (t.a <= 96799))
   Index Searches: 1
   Buffers: shared hit=170174
 Settings: enable_bitmapscan = 'off', enable_seqscan = 'off', max_parallel_workers_per_gather = '0'
 Planning:
   Buffers: shared hit=110
 Planning Time: 0.175 ms
 Execution Time: 54.950 ms
(10 rows)

