SET
SET
SET
SET
SET
                                                                           QUERY PLAN                                                                           
----------------------------------------------------------------------------------------------------------------------------------------------------------------
 Index Scan Backward using idx on public.t (actual rows=2048576.00 loops=1)
   Output: a, b
   Index Cond: ((t.a >= 20317) AND (t.a <= 532460))
   Index Searches: 1
   Prefetch: distance=245.423 count=921771 stalls=436257 skipped=719295 resets=0 ungets=29002 forwarded=1
             histogram [2,4) => 13046, [4,8) => 6274, [8,16) => 664, [16,32) => 311, [32,64) => 394, [64,128) => 3099, [128,256) => 393629, [256,512) => 504354
   Buffers: shared hit=1266943 read=65330
 Settings: enable_bitmapscan = 'off', enable_seqscan = 'off', max_parallel_workers_per_gather = '0'
 Planning:
   Buffers: shared hit=81 read=28
 Planning Time: 2.039 ms
 Execution Time: 1365.953 ms
(12 rows)

SET
SET
SET
SET
SET
                                             QUERY PLAN                                             
----------------------------------------------------------------------------------------------------
 Index Scan Backward using idx on public.t (actual rows=2048576.00 loops=1)
   Output: a, b
   Index Cond: ((t.a >= 20317) AND (t.a <= 532460))
   Index Searches: 1
   Buffers: shared hit=1332273
 Settings: enable_bitmapscan = 'off', enable_seqscan = 'off', max_parallel_workers_per_gather = '0'
 Planning:
   Buffers: shared hit=114
 Planning Time: 0.225 ms
 Execution Time: 423.049 ms
(10 rows)

