SET
SET
SET
SET
SET
                                                                              QUERY PLAN                                                                              
----------------------------------------------------------------------------------------------------------------------------------------------------------------------
 Index Scan Backward using idx on public.t (actual rows=9048576.00 loops=1)
   Output: a, b
   Index Cond: ((t.a >= 29436) AND (t.a <= 2291579))
   Index Searches: 1
   Prefetch: distance=247.542 count=5344047 stalls=576577 skipped=3176483 resets=0 ungets=48550 forwarded=2
             histogram [2,4) => 23886, [4,8) => 12079, [8,16) => 1698, [16,32) => 978, [32,64) => 1874, [64,128) => 13973, [128,256) => 2532914, [256,512) => 2756645
   Buffers: shared hit=5642673 read=242965
 Settings: enable_bitmapscan = 'off', enable_seqscan = 'off', max_parallel_workers_per_gather = '0'
 Planning:
   Buffers: shared hit=81 read=24
 Planning Time: 1.835 ms
 Execution Time: 5037.225 ms
(12 rows)

SET
SET
SET
SET
SET
                                             QUERY PLAN                                             
----------------------------------------------------------------------------------------------------
 Index Scan Backward using idx on public.t (actual rows=9048576.00 loops=1)
   Output: a, b
   Index Cond: ((t.a >= 29436) AND (t.a <= 2291579))
   Index Searches: 1
   Buffers: shared hit=5885638
 Settings: enable_bitmapscan = 'off', enable_seqscan = 'off', max_parallel_workers_per_gather = '0'
 Planning:
   Buffers: shared hit=110
 Planning Time: 0.205 ms
 Execution Time: 1867.636 ms
(10 rows)

