SET
SET
SET
SET
SET
                                                                QUERY PLAN                                                                
------------------------------------------------------------------------------------------------------------------------------------------
 Index Scan Backward using idx on public.t (actual rows=2048.00 loops=1)
   Output: a, b
   Index Cond: ((t.a >= 18190) AND (t.a <= 18701))
   Index Searches: 1
   Prefetch: distance=267.849 count=1727 stalls=1 skipped=485 resets=0 ungets=820 forwarded=0
             histogram [2,4) => 2, [4,8) => 3, [8,16) => 8, [16,32) => 11, [32,64) => 2, [64,128) => 2, [128,256) => 2, [256,512) => 1697
   Buffers: shared hit=79 read=1270
 Settings: enable_bitmapscan = 'off', enable_seqscan = 'off', max_parallel_workers_per_gather = '0'
 Planning:
   Buffers: shared hit=85 read=28
 Planning Time: 1.401 ms
 Execution Time: 39.282 ms
(12 rows)

SET
SET
SET
SET
SET
                                             QUERY PLAN                                             
----------------------------------------------------------------------------------------------------
 Index Scan Backward using idx on public.t (actual rows=2048.00 loops=1)
   Output: a, b
   Index Cond: ((t.a >= 18190) AND (t.a <= 18701))
   Index Searches: 1
   Buffers: shared hit=1349
 Settings: enable_bitmapscan = 'off', enable_seqscan = 'off', max_parallel_workers_per_gather = '0'
 Planning:
   Buffers: shared hit=118
 Planning Time: 0.182 ms
 Execution Time: 0.910 ms
(10 rows)

