SET
SET
SET
SET
SET
                                                                           QUERY PLAN                                                                            
-----------------------------------------------------------------------------------------------------------------------------------------------------------------
 Index Scan Backward using idx on public.t (actual rows=4048576.00 loops=1)
   Output: a, b
   Index Cond: ((t.a >= 13320) AND (t.a <= 1025463))
   Index Searches: 1
   Prefetch: distance=246.861 count=2163220 stalls=498838 skipped=1420792 resets=0 ungets=34605 forwarded=1
             histogram [2,4) => 16104, [4,8) => 7915, [8,16) => 927, [16,32) => 430, [32,64) => 754, [64,128) => 6248, [128,256) => 994600, [256,512) => 1136242
   Buffers: shared hit=2518451 read=115292
 Settings: enable_bitmapscan = 'off', enable_seqscan = 'off', max_parallel_workers_per_gather = '0'
 Planning:
   Buffers: shared hit=81 read=28
 Planning Time: 2.083 ms
 Execution Time: 2415.327 ms
(12 rows)

SET
SET
SET
SET
SET
                                             QUERY PLAN                                             
----------------------------------------------------------------------------------------------------
 Index Scan Backward using idx on public.t (actual rows=4048576.00 loops=1)
   Output: a, b
   Index Cond: ((t.a >= 13320) AND (t.a <= 1025463))
   Index Searches: 1
   Buffers: shared hit=2633743
 Settings: enable_bitmapscan = 'off', enable_seqscan = 'off', max_parallel_workers_per_gather = '0'
 Planning:
   Buffers: shared hit=114
 Planning Time: 0.210 ms
 Execution Time: 844.363 ms
(10 rows)

