SET
SET
SET
SET
SET
                                                                              QUERY PLAN                                                                              
----------------------------------------------------------------------------------------------------------------------------------------------------------------------
 Index Scan Backward using idx on public.t (actual rows=7048576.00 loops=1)
   Output: a, b
   Index Cond: ((t.a >= 30360) AND (t.a <= 1792503))
   Index Searches: 1
   Prefetch: distance=247.244 count=4062646 stalls=554251 skipped=2474204 resets=0 ungets=42892 forwarded=1
             histogram [2,4) => 22530, [4,8) => 11365, [8,16) => 1551, [16,32) => 740, [32,64) => 1336, [64,128) => 10547, [128,256) => 1911317, [256,512) => 2103260
   Buffers: shared hit=4392076 read=192731
 Settings: enable_bitmapscan = 'off', enable_seqscan = 'off', max_parallel_workers_per_gather = '0'
 Planning:
   Buffers: shared hit=81 read=24
 Planning Time: 1.835 ms
 Execution Time: 4020.420 ms
(12 rows)

SET
SET
SET
SET
SET
                                             QUERY PLAN                                             
----------------------------------------------------------------------------------------------------
 Index Scan Backward using idx on public.t (actual rows=7048576.00 loops=1)
   Output: a, b
   Index Cond: ((t.a >= 30360) AND (t.a <= 1792503))
   Index Searches: 1
   Buffers: shared hit=4584807
 Settings: enable_bitmapscan = 'off', enable_seqscan = 'off', max_parallel_workers_per_gather = '0'
 Planning:
   Buffers: shared hit=110
 Planning Time: 0.208 ms
 Execution Time: 1453.364 ms
(10 rows)

