SET
SET
SET
SET
SET
                                                                           QUERY PLAN                                                                           
----------------------------------------------------------------------------------------------------------------------------------------------------------------
 Index Scan Backward using idx on public.t (actual rows=3048576.00 loops=1)
   Output: a, b
   Index Cond: ((t.a >= 24750) AND (t.a <= 786893))
   Index Searches: 1
   Prefetch: distance=245.937 count=1540445 stalls=469303 skipped=1069809 resets=0 ungets=31604 forwarded=1
             histogram [2,4) => 15948, [4,8) => 7830, [8,16) => 925, [16,32) => 430, [32,64) => 716, [64,128) => 4987, [128,256) => 692779, [256,512) => 816830
   Buffers: shared hit=1892160 read=90950
 Settings: enable_bitmapscan = 'off', enable_seqscan = 'off', max_parallel_workers_per_gather = '0'
 Planning:
   Buffers: shared hit=81 read=24
 Planning Time: 1.847 ms
 Execution Time: 1932.078 ms
(12 rows)

SET
SET
SET
SET
SET
                                             QUERY PLAN                                             
----------------------------------------------------------------------------------------------------
 Index Scan Backward using idx on public.t (actual rows=3048576.00 loops=1)
   Output: a, b
   Index Cond: ((t.a >= 24750) AND (t.a <= 786893))
   Index Searches: 1
   Buffers: shared hit=1983110
 Settings: enable_bitmapscan = 'off', enable_seqscan = 'off', max_parallel_workers_per_gather = '0'
 Planning:
   Buffers: shared hit=110
 Planning Time: 0.243 ms
 Execution Time: 629.286 ms
(10 rows)

