SET
SET
SET
SET
SET
                                                                      QUERY PLAN                                                                      
------------------------------------------------------------------------------------------------------------------------------------------------------
 Index Scan Backward using idx on public.t (actual rows=131072.00 loops=1)
   Output: a, b
   Index Cond: ((t.a >= 7737) AND (t.a <= 40504))
   Index Searches: 1
   Prefetch: distance=259.390 count=91530 stalls=7528 skipped=45832 resets=0 ungets=14177 forwarded=0
             histogram [2,4) => 160, [4,8) => 24, [8,16) => 13, [16,32) => 25, [32,64) => 34, [64,128) => 228, [128,256) => 21097, [256,512) => 69949
   Buffers: shared hit=69772 read=15547
 Settings: enable_bitmapscan = 'off', enable_seqscan = 'off', max_parallel_workers_per_gather = '0'
 Planning:
   Buffers: shared hit=81 read=28
 Planning Time: 2.061 ms
 Execution Time: 164.267 ms
(12 rows)

SET
SET
SET
SET
SET
                                             QUERY PLAN                                             
----------------------------------------------------------------------------------------------------
 Index Scan Backward using idx on public.t (actual rows=131072.00 loops=1)
   Output: a, b
   Index Cond: ((t.a >= 7737) AND (t.a <= 40504))
   Index Searches: 1
   Buffers: shared hit=85319
 Settings: enable_bitmapscan = 'off', enable_seqscan = 'off', max_parallel_workers_per_gather = '0'
 Planning:
   Buffers: shared hit=114
 Planning Time: 0.199 ms
 Execution Time: 27.972 ms
(10 rows)

