SET
SET
SET
SET
SET
                                                                            QUERY PLAN                                                                            
------------------------------------------------------------------------------------------------------------------------------------------------------------------
 Index Scan Backward using idx on public.t (actual rows=6048576.00 loops=1)
   Output: a, b
   Index Cond: ((t.a >= 27134) AND (t.a <= 1539277))
   Index Searches: 1
   Prefetch: distance=247.786 count=3502503 stalls=463161 skipped=2123070 resets=0 ungets=40309 forwarded=1
             histogram [2,4) => 15912, [4,8) => 7814, [8,16) => 925, [16,32) => 439, [32,64) => 922, [64,128) => 8990, [128,256) => 1644632, [256,512) => 1822869
   Buffers: shared hit=3767499 read=167011
 Settings: enable_bitmapscan = 'off', enable_seqscan = 'off', max_parallel_workers_per_gather = '0'
 Planning:
   Buffers: shared hit=81 read=24
 Planning Time: 1.866 ms
 Execution Time: 3391.657 ms
(12 rows)

SET
SET
SET
SET
SET
                                             QUERY PLAN                                             
----------------------------------------------------------------------------------------------------
 Index Scan Backward using idx on public.t (actual rows=6048576.00 loops=1)
   Output: a, b
   Index Cond: ((t.a >= 27134) AND (t.a <= 1539277))
   Index Searches: 1
   Buffers: shared hit=3934510
 Settings: enable_bitmapscan = 'off', enable_seqscan = 'off', max_parallel_workers_per_gather = '0'
 Planning:
   Buffers: shared hit=110
 Planning Time: 0.306 ms
 Execution Time: 1242.262 ms
(10 rows)

