SET
SET
SET
SET
SET
                                                                              QUERY PLAN                                                                              
----------------------------------------------------------------------------------------------------------------------------------------------------------------------
 Index Scan Backward using idx on public.t (actual rows=9048576.00 loops=1)
   Output: a, b
   Index Cond: ((t.a >= 13490) AND (t.a <= 2275633))
   Index Searches: 1
   Prefetch: distance=247.512 count=5302498 stalls=617771 skipped=3176302 resets=0 ungets=48358 forwarded=3
             histogram [2,4) => 24118, [4,8) => 12189, [8,16) => 1700, [16,32) => 978, [32,64) => 1874, [64,128) => 13973, [128,256) => 2511902, [256,512) => 2735764
   Buffers: shared hit=5643932 read=241763
 Settings: enable_bitmapscan = 'off', enable_seqscan = 'off', max_parallel_workers_per_gather = '0'
 Planning:
   Buffers: shared hit=81 read=28
 Planning Time: 2.102 ms
 Execution Time: 5063.826 ms
(12 rows)

SET
SET
SET
SET
SET
                                             QUERY PLAN                                             
----------------------------------------------------------------------------------------------------
 Index Scan Backward using idx on public.t (actual rows=9048576.00 loops=1)
   Output: a, b
   Index Cond: ((t.a >= 13490) AND (t.a <= 2275633))
   Index Searches: 1
   Buffers: shared hit=5885695
 Settings: enable_bitmapscan = 'off', enable_seqscan = 'off', max_parallel_workers_per_gather = '0'
 Planning:
   Buffers: shared hit=114
 Planning Time: 0.294 ms
 Execution Time: 1875.829 ms
(10 rows)

