SET
SET
SET
SET
SET
                                                                              QUERY PLAN                                                                              
----------------------------------------------------------------------------------------------------------------------------------------------------------------------
 Index Scan Backward using idx on public.t (actual rows=8048576.00 loops=1)
   Output: a, b
   Index Cond: ((t.a >= 13189) AND (t.a <= 2025332))
   Index Searches: 1
   Prefetch: distance=247.400 count=4667369 stalls=600654 skipped=2825352 resets=0 ungets=45290 forwarded=3
             histogram [2,4) => 22952, [4,8) => 11605, [8,16) => 1573, [16,32) => 822, [32,64) => 1706, [64,128) => 12661, [128,256) => 2204519, [256,512) => 2411531
   Buffers: shared hit=5018639 read=216461
 Settings: enable_bitmapscan = 'off', enable_seqscan = 'off', max_parallel_workers_per_gather = '0'
 Planning:
   Buffers: shared hit=81 read=28
 Planning Time: 2.038 ms
 Execution Time: 4510.545 ms
(12 rows)

SET
SET
SET
SET
SET
                                             QUERY PLAN                                             
----------------------------------------------------------------------------------------------------
 Index Scan Backward using idx on public.t (actual rows=8048576.00 loops=1)
   Output: a, b
   Index Cond: ((t.a >= 13189) AND (t.a <= 2025332))
   Index Searches: 1
   Buffers: shared hit=5235100
 Settings: enable_bitmapscan = 'off', enable_seqscan = 'off', max_parallel_workers_per_gather = '0'
 Planning:
   Buffers: shared hit=114
 Planning Time: 0.284 ms
 Execution Time: 1653.077 ms
(10 rows)

