SET
SET
SET
SET
SET
                                                              QUERY PLAN                                                               
---------------------------------------------------------------------------------------------------------------------------------------
 Index Scan Backward using idx on public.t (actual rows=16384.00 loops=1)
   Output: a, b
   Index Cond: ((t.a >= 2896) AND (t.a <= 6991))
   Index Searches: 1
   Buffers: shared hit=4115 read=6542
 Settings: enable_bitmapscan = 'off', enable_seqscan = 'off', max_parallel_workers_per_gather = '0', enable_indexscan_prefetch = 'off'
 Planning:
   Buffers: shared hit=85 read=28
 Planning Time: 2.066 ms
 Execution Time: 340.228 ms
(10 rows)

SET
SET
SET
SET
SET
                                                              QUERY PLAN                                                               
---------------------------------------------------------------------------------------------------------------------------------------
 Index Scan Backward using idx on public.t (actual rows=16384.00 loops=1)
   Output: a, b
   Index Cond: ((t.a >= 2896) AND (t.a <= 6991))
   Index Searches: 1
   Buffers: shared hit=10657
 Settings: enable_bitmapscan = 'off', enable_seqscan = 'off', max_parallel_workers_per_gather = '0', enable_indexscan_prefetch = 'off'
 Planning:
   Buffers: shared hit=118
 Planning Time: 0.222 ms
 Execution Time: 4.830 ms
(10 rows)

