SET
SET
SET
SET
                                             QUERY PLAN                                             
----------------------------------------------------------------------------------------------------
 Index Scan Backward using idx on public.t (actual rows=32768.00 loops=1)
   Output: a, b
   Index Cond: ((t.a >= 23020) AND (t.a <= 31211))
   Index Searches: 1
   Buffers: shared hit=10579 read=10785
 Settings: enable_bitmapscan = 'off', enable_seqscan = 'off', max_parallel_workers_per_gather = '0'
 Planning:
   Buffers: shared hit=81 read=28
 Planning Time: 2.079 ms
 Execution Time: 483.593 ms
(10 rows)

SET
SET
SET
SET
                                             QUERY PLAN                                             
----------------------------------------------------------------------------------------------------
 Index Scan Backward using idx on public.t (actual rows=32768.00 loops=1)
   Output: a, b
   Index Cond: ((t.a >= 23020) AND (t.a <= 31211))
   Index Searches: 1
   Buffers: shared hit=21364
 Settings: enable_bitmapscan = 'off', enable_seqscan = 'off', max_parallel_workers_per_gather = '0'
 Planning:
   Buffers: shared hit=114
 Planning Time: 0.208 ms
 Execution Time: 9.643 ms
(10 rows)

