SET
SET
SET
SET
SET
                                                                           QUERY PLAN                                                                           
----------------------------------------------------------------------------------------------------------------------------------------------------------------
 Index Scan Backward using idx on public.t (actual rows=2048576.00 loops=1)
   Output: a, b
   Index Cond: ((t.a >= 23003) AND (t.a <= 535146))
   Index Searches: 1
   Prefetch: distance=245.463 count=928683 stalls=429385 skipped=719262 resets=0 ungets=29065 forwarded=1
             histogram [2,4) => 13000, [4,8) => 6251, [8,16) => 664, [16,32) => 311, [32,64) => 394, [64,128) => 3110, [128,256) => 397155, [256,512) => 507798
   Buffers: shared hit=1266734 read=65540
 Settings: enable_bitmapscan = 'off', enable_seqscan = 'off', max_parallel_workers_per_gather = '0'
 Planning:
   Buffers: shared hit=81 read=28
 Planning Time: 2.071 ms
 Execution Time: 1364.252 ms
(12 rows)

SET
SET
SET
SET
SET
                                             QUERY PLAN                                             
----------------------------------------------------------------------------------------------------
 Index Scan Backward using idx on public.t (actual rows=2048576.00 loops=1)
   Output: a, b
   Index Cond: ((t.a >= 23003) AND (t.a <= 535146))
   Index Searches: 1
   Buffers: shared hit=1332274
 Settings: enable_bitmapscan = 'off', enable_seqscan = 'off', max_parallel_workers_per_gather = '0'
 Planning:
   Buffers: shared hit=114
 Planning Time: 0.242 ms
 Execution Time: 421.202 ms
(10 rows)

