SET
SET
SET
SET
SET
                                                                      QUERY PLAN                                                                      
------------------------------------------------------------------------------------------------------------------------------------------------------
 Index Scan Backward using idx on public.t (actual rows=131072.00 loops=1)
   Output: a, b
   Index Cond: ((t.a >= 26542) AND (t.a <= 59309))
   Index Searches: 1
   Prefetch: distance=260.242 count=97443 stalls=3388 skipped=46029 resets=0 ungets=15883 forwarded=0
             histogram [2,4) => 106, [4,8) => 22, [8,16) => 19, [16,32) => 32, [32,64) => 46, [64,128) => 417, [128,256) => 19871, [256,512) => 76930
   Buffers: shared hit=68070 read=17143
 Settings: enable_bitmapscan = 'off', enable_seqscan = 'off', max_parallel_workers_per_gather = '0'
 Planning:
   Buffers: shared hit=81 read=24
 Planning Time: 1.981 ms
 Execution Time: 169.790 ms
(12 rows)

SET
SET
SET
SET
SET
                                             QUERY PLAN                                             
----------------------------------------------------------------------------------------------------
 Index Scan Backward using idx on public.t (actual rows=131072.00 loops=1)
   Output: a, b
   Index Cond: ((t.a >= 26542) AND (t.a <= 59309))
   Index Searches: 1
   Buffers: shared hit=85213
 Settings: enable_bitmapscan = 'off', enable_seqscan = 'off', max_parallel_workers_per_gather = '0'
 Planning:
   Buffers: shared hit=110
 Planning Time: 0.191 ms
 Execution Time: 31.449 ms
(10 rows)

