SET
SET
SET
SET
SET
                                                                            QUERY PLAN                                                                            
------------------------------------------------------------------------------------------------------------------------------------------------------------------
 Index Scan Backward using idx on public.t (actual rows=4048576.00 loops=1)
   Output: a, b
   Index Cond: ((t.a >= 23082) AND (t.a <= 1035225))
   Index Searches: 1
   Prefetch: distance=246.910 count=2188267 stalls=473581 skipped=1420679 resets=0 ungets=34586 forwarded=1
             histogram [2,4) => 15980, [4,8) => 7848, [8,16) => 925, [16,32) => 430, [32,64) => 754, [64,128) => 6256, [128,256) => 1007425, [256,512) => 1148649
   Buffers: shared hit=2517519 read=116205
 Settings: enable_bitmapscan = 'off', enable_seqscan = 'off', max_parallel_workers_per_gather = '0'
 Planning:
   Buffers: shared hit=81 read=28
 Planning Time: 2.067 ms
 Execution Time: 2434.704 ms
(12 rows)

SET
SET
SET
SET
SET
                                             QUERY PLAN                                             
----------------------------------------------------------------------------------------------------
 Index Scan Backward using idx on public.t (actual rows=4048576.00 loops=1)
   Output: a, b
   Index Cond: ((t.a >= 23082) AND (t.a <= 1035225))
   Index Searches: 1
   Buffers: shared hit=2633724
 Settings: enable_bitmapscan = 'off', enable_seqscan = 'off', max_parallel_workers_per_gather = '0'
 Planning:
   Buffers: shared hit=114
 Planning Time: 0.272 ms
 Execution Time: 836.791 ms
(10 rows)

