SET
SET
SET
SET
SET
                                                                         QUERY PLAN                                                                         
------------------------------------------------------------------------------------------------------------------------------------------------------------
 Index Scan Backward using idx on public.t (actual rows=524288.00 loops=1)
   Output: a, b
   Index Cond: ((t.a >= 30410) AND (t.a <= 161481))
   Index Searches: 1
   Prefetch: distance=248.905 count=144422 stalls=217328 skipped=184125 resets=0 ungets=22222 forwarded=1
             histogram [2,4) => 4520, [4,8) => 2069, [8,16) => 206, [16,32) => 143, [32,64) => 63, [64,128) => 172, [128,256) => 28948, [256,512) => 108301
   Buffers: shared hit=313202 read=27519
 Settings: enable_bitmapscan = 'off', enable_seqscan = 'off', max_parallel_workers_per_gather = '0'
 Planning:
   Buffers: shared hit=81 read=24
 Planning Time: 1.965 ms
 Execution Time: 462.358 ms
(12 rows)

SET
SET
SET
SET
SET
                                             QUERY PLAN                                             
----------------------------------------------------------------------------------------------------
 Index Scan Backward using idx on public.t (actual rows=524288.00 loops=1)
   Output: a, b
   Index Cond: ((t.a >= 30410) AND (t.a <= 161481))
   Index Searches: 1
   Buffers: shared hit=340721
 Settings: enable_bitmapscan = 'off', enable_seqscan = 'off', max_parallel_workers_per_gather = '0'
 Planning:
   Buffers: shared hit=110
 Planning Time: 0.177 ms
 Execution Time: 107.460 ms
(10 rows)

