SET
SET
SET
SET
SET
                                                                       QUERY PLAN                                                                       
--------------------------------------------------------------------------------------------------------------------------------------------------------
 Index Scan Backward using idx on public.t (actual rows=262144.00 loops=1)
   Output: a, b
   Index Cond: ((t.a >= 32215) AND (t.a <= 97750))
   Index Searches: 1
   Prefetch: distance=257.038 count=115262 stalls=73074 skipped=92284 resets=0 ungets=18695 forwarded=1
             histogram [2,4) => 1202, [4,8) => 433, [8,16) => 22, [16,32) => 36, [32,64) => 48, [64,128) => 426, [128,256) => 23145, [256,512) => 89950
   Buffers: shared hit=149091 read=21091
 Settings: enable_bitmapscan = 'off', enable_seqscan = 'off', max_parallel_workers_per_gather = '0'
 Planning:
   Buffers: shared hit=81 read=24
 Planning Time: 1.914 ms
 Execution Time: 250.263 ms
(12 rows)

SET
SET
SET
SET
SET
                                             QUERY PLAN                                             
----------------------------------------------------------------------------------------------------
 Index Scan Backward using idx on public.t (actual rows=262144.00 loops=1)
   Output: a, b
   Index Cond: ((t.a >= 32215) AND (t.a <= 97750))
   Index Searches: 1
   Buffers: shared hit=170182
 Settings: enable_bitmapscan = 'off', enable_seqscan = 'off', max_parallel_workers_per_gather = '0'
 Planning:
   Buffers: shared hit=110
 Planning Time: 0.178 ms
 Execution Time: 55.055 ms
(10 rows)

