SET
SET
SET
SET
SET
                                                                            QUERY PLAN                                                                            
------------------------------------------------------------------------------------------------------------------------------------------------------------------
 Index Scan Backward using idx on public.t (actual rows=5048576.00 loops=1)
   Output: a, b
   Index Cond: ((t.a >= 9018) AND (t.a <= 1271161))
   Index Searches: 1
   Prefetch: distance=247.448 count=2803286 stalls=509896 skipped=1772044 resets=0 ungets=37145 forwarded=1
             histogram [2,4) => 16142, [4,8) => 7925, [8,16) => 927, [16,32) => 430, [32,64) => 847, [64,128) => 7244, [128,256) => 1304133, [256,512) => 1465638
   Buffers: shared hit=3143705 read=140225
 Settings: enable_bitmapscan = 'off', enable_seqscan = 'off', max_parallel_workers_per_gather = '0'
 Planning:
   Buffers: shared hit=81 read=28
 Planning Time: 2.116 ms
 Execution Time: 2906.729 ms
(12 rows)

SET
SET
SET
SET
SET
                                             QUERY PLAN                                             
----------------------------------------------------------------------------------------------------
 Index Scan Backward using idx on public.t (actual rows=5048576.00 loops=1)
   Output: a, b
   Index Cond: ((t.a >= 9018) AND (t.a <= 1271161))
   Index Searches: 1
   Buffers: shared hit=3283930
 Settings: enable_bitmapscan = 'off', enable_seqscan = 'off', max_parallel_workers_per_gather = '0'
 Planning:
   Buffers: shared hit=114
 Planning Time: 0.224 ms
 Execution Time: 1031.716 ms
(10 rows)

