SET
SET
SET
SET
SET
                                                                              QUERY PLAN                                                                              
----------------------------------------------------------------------------------------------------------------------------------------------------------------------
 Index Scan Backward using idx on public.t (actual rows=8048576.00 loops=1)
   Output: a, b
   Index Cond: ((t.a >= 2079) AND (t.a <= 2014222))
   Index Searches: 1
   Prefetch: distance=247.398 count=4639008 stalls=629296 skipped=2825603 resets=0 ungets=45470 forwarded=2
             histogram [2,4) => 23014, [4,8) => 11616, [8,16) => 1573, [16,32) => 822, [32,64) => 1706, [64,128) => 12501, [128,256) => 2190297, [256,512) => 2397479
   Buffers: shared hit=5019537 read=215438
 Settings: enable_bitmapscan = 'off', enable_seqscan = 'off', max_parallel_workers_per_gather = '0'
 Planning:
   Buffers: shared hit=81 read=28
 Planning Time: 2.066 ms
 Execution Time: 4534.038 ms
(12 rows)

SET
SET
SET
SET
SET
                                             QUERY PLAN                                             
----------------------------------------------------------------------------------------------------
 Index Scan Backward using idx on public.t (actual rows=8048576.00 loops=1)
   Output: a, b
   Index Cond: ((t.a >= 2079) AND (t.a <= 2014222))
   Index Searches: 1
   Buffers: shared hit=5234975
 Settings: enable_bitmapscan = 'off', enable_seqscan = 'off', max_parallel_workers_per_gather = '0'
 Planning:
   Buffers: shared hit=114
 Planning Time: 0.226 ms
 Execution Time: 1648.856 ms
(10 rows)

