SET
SET
SET
SET
SET
                                                              QUERY PLAN                                                               
---------------------------------------------------------------------------------------------------------------------------------------
 Index Scan Backward using idx on public.t (actual rows=65536.00 loops=1)
   Output: a, b
   Index Cond: ((t.a >= 25002) AND (t.a <= 41385))
   Index Searches: 1
   Buffers: shared hit=28470 read=14184
 Settings: enable_bitmapscan = 'off', enable_seqscan = 'off', max_parallel_workers_per_gather = '0', enable_indexscan_prefetch = 'off'
 Planning:
   Buffers: shared hit=81 read=24
 Planning Time: 1.875 ms
 Execution Time: 528.802 ms
(10 rows)

SET
SET
SET
SET
SET
                                                              QUERY PLAN                                                               
---------------------------------------------------------------------------------------------------------------------------------------
 Index Scan Backward using idx on public.t (actual rows=65536.00 loops=1)
   Output: a, b
   Index Cond: ((t.a >= 25002) AND (t.a <= 41385))
   Index Searches: 1
   Buffers: shared hit=42654
 Settings: enable_bitmapscan = 'off', enable_seqscan = 'off', max_parallel_workers_per_gather = '0', enable_indexscan_prefetch = 'off'
 Planning:
   Buffers: shared hit=110
 Planning Time: 0.169 ms
 Execution Time: 13.614 ms
(10 rows)

