SET
SET
SET
SET
SET
                                                                            QUERY PLAN                                                                            
------------------------------------------------------------------------------------------------------------------------------------------------------------------
 Index Scan Backward using idx on public.t (actual rows=4048576.00 loops=1)
   Output: a, b
   Index Cond: ((t.a >= 32085) AND (t.a <= 1044228))
   Index Searches: 1
   Prefetch: distance=246.960 count=2211410 stalls=450420 skipped=1420802 resets=0 ungets=34631 forwarded=3
             histogram [2,4) => 15810, [4,8) => 7779, [8,16) => 925, [16,32) => 430, [32,64) => 754, [64,128) => 6258, [128,256) => 1018800, [256,512) => 1160654
   Buffers: shared hit=2516716 read=116931
 Settings: enable_bitmapscan = 'off', enable_seqscan = 'off', max_parallel_workers_per_gather = '0'
 Planning:
   Buffers: shared hit=81 read=24
 Planning Time: 1.855 ms
 Execution Time: 2427.554 ms
(12 rows)

SET
SET
SET
SET
SET
                                             QUERY PLAN                                             
----------------------------------------------------------------------------------------------------
 Index Scan Backward using idx on public.t (actual rows=4048576.00 loops=1)
   Output: a, b
   Index Cond: ((t.a >= 32085) AND (t.a <= 1044228))
   Index Searches: 1
   Buffers: shared hit=2633647
 Settings: enable_bitmapscan = 'off', enable_seqscan = 'off', max_parallel_workers_per_gather = '0'
 Planning:
   Buffers: shared hit=110
 Planning Time: 0.260 ms
 Execution Time: 838.407 ms
(10 rows)

