SET
SET
SET
SET
SET
                                                                            QUERY PLAN                                                                            
------------------------------------------------------------------------------------------------------------------------------------------------------------------
 Index Scan Backward using idx on public.t (actual rows=5048576.00 loops=1)
   Output: a, b
   Index Cond: ((t.a >= 15915) AND (t.a <= 1278058))
   Index Searches: 1
   Prefetch: distance=247.487 count=2821758 stalls=492071 skipped=1772207 resets=0 ungets=37487 forwarded=1
             histogram [2,4) => 16072, [4,8) => 7899, [8,16) => 926, [16,32) => 430, [32,64) => 847, [64,128) => 7244, [128,256) => 1312775, [256,512) => 1475565
   Buffers: shared hit=3143100 read=140826
 Settings: enable_bitmapscan = 'off', enable_seqscan = 'off', max_parallel_workers_per_gather = '0'
 Planning:
   Buffers: shared hit=81 read=28
 Planning Time: 2.058 ms
 Execution Time: 2889.126 ms
(12 rows)

SET
SET
SET
SET
SET
                                             QUERY PLAN                                             
----------------------------------------------------------------------------------------------------
 Index Scan Backward using idx on public.t (actual rows=5048576.00 loops=1)
   Output: a, b
   Index Cond: ((t.a >= 15915) AND (t.a <= 1278058))
   Index Searches: 1
   Buffers: shared hit=3283926
 Settings: enable_bitmapscan = 'off', enable_seqscan = 'off', max_parallel_workers_per_gather = '0'
 Planning:
   Buffers: shared hit=114
 Planning Time: 0.306 ms
 Execution Time: 1033.866 ms
(10 rows)

