SET
SET
SET
SET
SET
                                                                          QUERY PLAN                                                                           
---------------------------------------------------------------------------------------------------------------------------------------------------------------
 Index Scan Backward using idx on public.t (actual rows=1048576.00 loops=1)
   Output: a, b
   Index Cond: ((t.a >= 22275) AND (t.a <= 284418))
   Index Searches: 1
   Prefetch: distance=239.137 count=289785 stalls=417206 skipped=367936 resets=0 ungets=26418 forwarded=1
             histogram [2,4) => 12070, [4,8) => 5727, [8,16) => 593, [16,32) => 265, [32,64) => 223, [64,128) => 1256, [128,256) => 87576, [256,512) => 182075
   Buffers: shared hit=642024 read=40169
 Settings: enable_bitmapscan = 'off', enable_seqscan = 'off', max_parallel_workers_per_gather = '0'
 Planning:
   Buffers: shared hit=81 read=28
 Planning Time: 2.066 ms
 Execution Time: 844.913 ms
(12 rows)

SET
SET
SET
SET
SET
                                             QUERY PLAN                                             
----------------------------------------------------------------------------------------------------
 Index Scan Backward using idx on public.t (actual rows=1048576.00 loops=1)
   Output: a, b
   Index Cond: ((t.a >= 22275) AND (t.a <= 284418))
   Index Searches: 1
   Buffers: shared hit=682193
 Settings: enable_bitmapscan = 'off', enable_seqscan = 'off', max_parallel_workers_per_gather = '0'
 Planning:
   Buffers: shared hit=114
 Planning Time: 0.211 ms
 Execution Time: 217.275 ms
(10 rows)

