SET
SET
SET
SET
SET
                                                                           QUERY PLAN                                                                           
----------------------------------------------------------------------------------------------------------------------------------------------------------------
 Index Scan Backward using idx on public.t (actual rows=3048576.00 loops=1)
   Output: a, b
   Index Cond: ((t.a >= 2774) AND (t.a <= 764917))
   Index Searches: 1
   Prefetch: distance=245.785 count=1484217 stalls=526029 skipped=1069766 resets=0 ungets=31663 forwarded=1
             histogram [2,4) => 16170, [4,8) => 7927, [8,16) => 927, [16,32) => 430, [32,64) => 716, [64,128) => 4937, [128,256) => 664518, [256,512) => 788592
   Buffers: shared hit=1894273 read=89031
 Settings: enable_bitmapscan = 'off', enable_seqscan = 'off', max_parallel_workers_per_gather = '0'
 Planning:
   Buffers: shared hit=81 read=28
 Planning Time: 2.053 ms
 Execution Time: 1900.084 ms
(12 rows)

SET
SET
SET
SET
SET
                                             QUERY PLAN                                             
----------------------------------------------------------------------------------------------------
 Index Scan Backward using idx on public.t (actual rows=3048576.00 loops=1)
   Output: a, b
   Index Cond: ((t.a >= 2774) AND (t.a <= 764917))
   Index Searches: 1
   Buffers: shared hit=1983304
 Settings: enable_bitmapscan = 'off', enable_seqscan = 'off', max_parallel_workers_per_gather = '0'
 Planning:
   Buffers: shared hit=114
 Planning Time: 0.219 ms
 Execution Time: 623.468 ms
(10 rows)

