SET
SET
SET
SET
SET
                                                                         QUERY PLAN                                                                         
------------------------------------------------------------------------------------------------------------------------------------------------------------
 Index Scan Backward using idx on public.t (actual rows=524288.00 loops=1)
   Output: a, b
   Index Cond: ((t.a >= 1489) AND (t.a <= 132560))
   Index Searches: 1
   Prefetch: distance=251.387 count=113458 stalls=247042 skipped=184087 resets=0 ungets=20814 forwarded=1
             histogram [2,4) => 3880, [4,8) => 1555, [8,16) => 115, [16,32) => 192, [32,64) => 135, [64,128) => 126, [128,256) => 15001, [256,512) => 92454
   Buffers: shared hit=315778 read=25040
 Settings: enable_bitmapscan = 'off', enable_seqscan = 'off', max_parallel_workers_per_gather = '0'
 Planning:
   Buffers: shared hit=81 read=28
 Planning Time: 2.071 ms
 Execution Time: 425.680 ms
(12 rows)

SET
SET
SET
SET
SET
                                             QUERY PLAN                                             
----------------------------------------------------------------------------------------------------
 Index Scan Backward using idx on public.t (actual rows=524288.00 loops=1)
   Output: a, b
   Index Cond: ((t.a >= 1489) AND (t.a <= 132560))
   Index Searches: 1
   Buffers: shared hit=340818
 Settings: enable_bitmapscan = 'off', enable_seqscan = 'off', max_parallel_workers_per_gather = '0'
 Planning:
   Buffers: shared hit=114
 Planning Time: 0.218 ms
 Execution Time: 106.053 ms
(10 rows)

