SET
SET
SET
SET
SET
                                                                              QUERY PLAN                                                                              
----------------------------------------------------------------------------------------------------------------------------------------------------------------------
 Index Scan Backward using idx on public.t (actual rows=8048576.00 loops=1)
   Output: a, b
   Index Cond: ((t.a >= 11232) AND (t.a <= 2023375))
   Index Searches: 1
   Prefetch: distance=247.402 count=4662837 stalls=605676 skipped=2825569 resets=0 ungets=45517 forwarded=3
             histogram [2,4) => 22968, [4,8) => 11607, [8,16) => 1573, [16,32) => 822, [32,64) => 1706, [64,128) => 12660, [128,256) => 2201600, [256,512) => 2409901
   Buffers: shared hit=5018781 read=216275
 Settings: enable_bitmapscan = 'off', enable_seqscan = 'off', max_parallel_workers_per_gather = '0'
 Planning:
   Buffers: shared hit=81 read=28
 Planning Time: 2.053 ms
 Execution Time: 4509.205 ms
(12 rows)

SET
SET
SET
SET
SET
                                             QUERY PLAN                                             
----------------------------------------------------------------------------------------------------
 Index Scan Backward using idx on public.t (actual rows=8048576.00 loops=1)
   Output: a, b
   Index Cond: ((t.a >= 11232) AND (t.a <= 2023375))
   Index Searches: 1
   Buffers: shared hit=5235057
 Settings: enable_bitmapscan = 'off', enable_seqscan = 'off', max_parallel_workers_per_gather = '0'
 Planning:
   Buffers: shared hit=114
 Planning Time: 0.284 ms
 Execution Time: 1666.335 ms
(10 rows)

