SET
SET
SET
SET
SET
                                                                            QUERY PLAN                                                                            
------------------------------------------------------------------------------------------------------------------------------------------------------------------
 Index Scan Backward using idx on public.t (actual rows=6048576.00 loops=1)
   Output: a, b
   Index Cond: ((t.a >= 14376) AND (t.a <= 1526519))
   Index Searches: 1
   Prefetch: distance=247.746 count=3468954 stalls=496100 skipped=2122898 resets=0 ungets=39931 forwarded=1
             histogram [2,4) => 16084, [4,8) => 7909, [8,16) => 927, [16,32) => 439, [32,64) => 922, [64,128) => 8990, [128,256) => 1627919, [256,512) => 1805764
   Buffers: shared hit=3768621 read=165913
 Settings: enable_bitmapscan = 'off', enable_seqscan = 'off', max_parallel_workers_per_gather = '0'
 Planning:
   Buffers: shared hit=81 read=28
 Planning Time: 2.055 ms
 Execution Time: 3403.401 ms
(12 rows)

SET
SET
SET
SET
SET
                                             QUERY PLAN                                             
----------------------------------------------------------------------------------------------------
 Index Scan Backward using idx on public.t (actual rows=6048576.00 loops=1)
   Output: a, b
   Index Cond: ((t.a >= 14376) AND (t.a <= 1526519))
   Index Searches: 1
   Buffers: shared hit=3934534
 Settings: enable_bitmapscan = 'off', enable_seqscan = 'off', max_parallel_workers_per_gather = '0'
 Planning:
   Buffers: shared hit=114
 Planning Time: 0.251 ms
 Execution Time: 1240.885 ms
(10 rows)

