SET
SET
SET
SET
SET
                                                                              QUERY PLAN                                                                              
----------------------------------------------------------------------------------------------------------------------------------------------------------------------
 Index Scan Backward using idx on public.t (actual rows=7048576.00 loops=1)
   Output: a, b
   Index Cond: ((t.a >= 21392) AND (t.a <= 1783535))
   Index Searches: 1
   Prefetch: distance=247.234 count=4039075 stalls=577335 skipped=2474136 resets=0 ungets=42537 forwarded=1
             histogram [2,4) => 22694, [4,8) => 11432, [8,16) => 1551, [16,32) => 738, [32,64) => 1245, [64,128) => 10275, [128,256) => 1899667, [256,512) => 2091473
   Buffers: shared hit=4392841 read=191959
 Settings: enable_bitmapscan = 'off', enable_seqscan = 'off', max_parallel_workers_per_gather = '0'
 Planning:
   Buffers: shared hit=81 read=28
 Planning Time: 2.071 ms
 Execution Time: 4017.250 ms
(12 rows)

SET
SET
SET
SET
SET
                                             QUERY PLAN                                             
----------------------------------------------------------------------------------------------------
 Index Scan Backward using idx on public.t (actual rows=7048576.00 loops=1)
   Output: a, b
   Index Cond: ((t.a >= 21392) AND (t.a <= 1783535))
   Index Searches: 1
   Buffers: shared hit=4584800
 Settings: enable_bitmapscan = 'off', enable_seqscan = 'off', max_parallel_workers_per_gather = '0'
 Planning:
   Buffers: shared hit=114
 Planning Time: 0.229 ms
 Execution Time: 1451.191 ms
(10 rows)

