SET
SET
SET
SET
                                             QUERY PLAN                                             
----------------------------------------------------------------------------------------------------
 Index Scan Backward using idx on public.t (actual rows=512.00 loops=1)
   Output: a, b
   Index Cond: ((t.a >= 13723) AND (t.a <= 13850))
   Index Searches: 1
   Buffers: shared hit=399 read=113
 Settings: enable_bitmapscan = 'off', enable_seqscan = 'off', max_parallel_workers_per_gather = '0'
 Planning:
   Buffers: shared hit=86 read=27
 Planning Time: 1.844 ms
 Execution Time: 7.673 ms
(10 rows)

SET
SET
SET
SET
                                             QUERY PLAN                                             
----------------------------------------------------------------------------------------------------
 Index Scan Backward using idx on public.t (actual rows=512.00 loops=1)
   Output: a, b
   Index Cond: ((t.a >= 13723) AND (t.a <= 13850))
   Index Searches: 1
   Buffers: shared hit=512
 Settings: enable_bitmapscan = 'off', enable_seqscan = 'off', max_parallel_workers_per_gather = '0'
 Planning:
   Buffers: shared hit=118
 Planning Time: 0.188 ms
 Execution Time: 0.222 ms
(10 rows)

