SET
SET
SET
SET
SET
                                                               QUERY PLAN                                                               
----------------------------------------------------------------------------------------------------------------------------------------
 Index Scan Backward using idx on public.t (actual rows=1024.00 loops=1)
   Output: a, b
   Index Cond: ((t.a >= 23156) AND (t.a <= 23411))
   Index Searches: 1
   Prefetch: distance=265.490 count=954 stalls=1 skipped=255 resets=0 ungets=457 forwarded=0
             histogram [2,4) => 2, [4,8) => 3, [8,16) => 5, [16,32) => 9, [32,64) => 2, [64,128) => 2, [128,256) => 2, [256,512) => 929
   Buffers: shared hit=29 read=654
 Settings: enable_bitmapscan = 'off', enable_seqscan = 'off', max_parallel_workers_per_gather = '0'
 Planning:
   Buffers: shared hit=82 read=26
 Planning Time: 1.822 ms
 Execution Time: 17.098 ms
(12 rows)

SET
SET
SET
SET
SET
                                             QUERY PLAN                                             
----------------------------------------------------------------------------------------------------
 Index Scan Backward using idx on public.t (actual rows=1024.00 loops=1)
   Output: a, b
   Index Cond: ((t.a >= 23156) AND (t.a <= 23411))
   Index Searches: 1
   Buffers: shared hit=683
 Settings: enable_bitmapscan = 'off', enable_seqscan = 'off', max_parallel_workers_per_gather = '0'
 Planning:
   Buffers: shared hit=113
 Planning Time: 0.135 ms
 Execution Time: 0.285 ms
(10 rows)

