SET
SET
SET
SET
SET
                                                                              QUERY PLAN                                                                              
----------------------------------------------------------------------------------------------------------------------------------------------------------------------
 Index Scan Backward using idx on public.t (actual rows=4048576.00 loops=1)
   Output: a, b
   Index Cond: ((t.a >= 12044) AND (t.a <= 1024187))
   Index Searches: 1
   Prefetch: distance=246.135 count=2354100 stalls=296973 skipped=1420716 resets=0 ungets=23844 forwarded=1
             histogram [2,4) => 19780, [4,8) => 10610, [8,16) => 1876, [16,32) => 1047, [32,64) => 1466, [64,128) => 6219, [128,256) => 1094693, [256,512) => 1218409
   Buffers: shared hit=2518561 read=115146
 Settings: enable_bitmapscan = 'off', enable_seqscan = 'off', max_parallel_workers_per_gather = '0'
 Planning:
   Buffers: shared hit=78 read=26
 Planning Time: 2.080 ms
 Execution Time: 1907.430 ms
(12 rows)

SET
SET
SET
SET
SET
                                             QUERY PLAN                                             
----------------------------------------------------------------------------------------------------
 Index Scan Backward using idx on public.t (actual rows=4048576.00 loops=1)
   Output: a, b
   Index Cond: ((t.a >= 12044) AND (t.a <= 1024187))
   Index Searches: 1
   Buffers: shared hit=2633707
 Settings: enable_bitmapscan = 'off', enable_seqscan = 'off', max_parallel_workers_per_gather = '0'
 Planning:
   Buffers: shared hit=109
 Planning Time: 0.238 ms
 Execution Time: 838.439 ms
(10 rows)

