SET
SET
SET
SET
SET
                                                                 QUERY PLAN                                                                 
--------------------------------------------------------------------------------------------------------------------------------------------
 Index Scan Backward using idx on public.t (actual rows=16384.00 loops=1)
   Output: a, b
   Index Cond: ((t.a >= 738) AND (t.a <= 4833))
   Index Searches: 1
   Prefetch: distance=270.878 count=16610 stalls=1 skipped=5614 resets=0 ungets=6272 forwarded=1
             histogram [2,4) => 2, [4,8) => 4, [8,16) => 10, [16,32) => 9, [32,64) => 2, [64,128) => 2, [128,256) => 12, [256,512) => 16569
   Buffers: shared hit=4063 read=6595
 Settings: enable_bitmapscan = 'off', enable_seqscan = 'off', max_parallel_workers_per_gather = '0'
 Planning:
   Buffers: shared hit=82 read=26
 Planning Time: 2.093 ms
 Execution Time: 78.812 ms
(12 rows)

SET
SET
SET
SET
SET
                                             QUERY PLAN                                             
----------------------------------------------------------------------------------------------------
 Index Scan Backward using idx on public.t (actual rows=16384.00 loops=1)
   Output: a, b
   Index Cond: ((t.a >= 738) AND (t.a <= 4833))
   Index Searches: 1
   Buffers: shared hit=10658
 Settings: enable_bitmapscan = 'off', enable_seqscan = 'off', max_parallel_workers_per_gather = '0'
 Planning:
   Buffers: shared hit=113
 Planning Time: 0.217 ms
 Execution Time: 5.435 ms
(10 rows)

