SET
SET
SET
SET
SET
                                                                            QUERY PLAN                                                                            
------------------------------------------------------------------------------------------------------------------------------------------------------------------
 Index Scan Backward using idx on public.t (actual rows=3048576.00 loops=1)
   Output: a, b
   Index Cond: ((t.a >= 58) AND (t.a <= 762201))
   Index Searches: 1
   Prefetch: distance=245.830 count=1754946 stalls=243316 skipped=1069894 resets=0 ungets=20059 forwarded=3
             histogram [2,4) => 16412, [4,8) => 8823, [8,16) => 1525, [16,32) => 929, [32,64) => 1195, [64,128) => 4885, [128,256) => 809153, [256,512) => 912024
   Buffers: shared hit=1894332 read=88749
 Settings: enable_bitmapscan = 'off', enable_seqscan = 'off', max_parallel_workers_per_gather = '0'
 Planning:
   Buffers: shared hit=78 read=26
 Planning Time: 2.077 ms
 Execution Time: 1483.566 ms
(12 rows)

SET
SET
SET
SET
SET
                                             QUERY PLAN                                             
----------------------------------------------------------------------------------------------------
 Index Scan Backward using idx on public.t (actual rows=3048576.00 loops=1)
   Output: a, b
   Index Cond: ((t.a >= 58) AND (t.a <= 762201))
   Index Searches: 1
   Buffers: shared hit=1983081
 Settings: enable_bitmapscan = 'off', enable_seqscan = 'off', max_parallel_workers_per_gather = '0'
 Planning:
   Buffers: shared hit=109
 Planning Time: 0.207 ms
 Execution Time: 621.193 ms
(10 rows)

