SET
SET
SET
SET
SET
                                                                     QUERY PLAN                                                                      
-----------------------------------------------------------------------------------------------------------------------------------------------------
 Index Scan Backward using idx on public.t (actual rows=524288.00 loops=1)
   Output: a, b
   Index Cond: ((t.a >= 13049) AND (t.a <= 144120))
   Index Searches: 1
   Prefetch: distance=253.450 count=355173 stalls=1 skipped=183872 resets=0 ungets=15377 forwarded=0
             histogram [2,4) => 2, [4,8) => 4, [8,16) => 11, [16,32) => 6, [32,64) => 148, [64,128) => 426, [128,256) => 140757, [256,512) => 213819
   Buffers: shared hit=314894 read=26090
 Settings: enable_bitmapscan = 'off', enable_seqscan = 'off', max_parallel_workers_per_gather = '0'
 Planning:
   Buffers: shared hit=78 read=26
 Planning Time: 2.099 ms
 Execution Time: 324.385 ms
(12 rows)

SET
SET
SET
SET
SET
                                             QUERY PLAN                                             
----------------------------------------------------------------------------------------------------
 Index Scan Backward using idx on public.t (actual rows=524288.00 loops=1)
   Output: a, b
   Index Cond: ((t.a >= 13049) AND (t.a <= 144120))
   Index Searches: 1
   Buffers: shared hit=340984
 Settings: enable_bitmapscan = 'off', enable_seqscan = 'off', max_parallel_workers_per_gather = '0'
 Planning:
   Buffers: shared hit=109
 Planning Time: 0.200 ms
 Execution Time: 104.014 ms
(10 rows)

