SET
SET
SET
SET
SET
                                                                              QUERY PLAN                                                                              
----------------------------------------------------------------------------------------------------------------------------------------------------------------------
 Index Scan Backward using idx on public.t (actual rows=5048576.00 loops=1)
   Output: a, b
   Index Cond: ((t.a >= 3136) AND (t.a <= 1265279))
   Index Searches: 1
   Prefetch: distance=245.412 count=2882040 stalls=419656 skipped=1771936 resets=0 ungets=25247 forwarded=4
             histogram [2,4) => 28226, [4,8) => 15159, [8,16) => 2631, [16,32) => 1466, [32,64) => 1978, [64,128) => 7594, [128,256) => 1344703, [256,512) => 1480283
   Buffers: shared hit=3144474 read=139661
 Settings: enable_bitmapscan = 'off', enable_seqscan = 'off', max_parallel_workers_per_gather = '0'
 Planning:
   Buffers: shared hit=78 read=26
 Planning Time: 2.102 ms
 Execution Time: 2448.183 ms
(12 rows)

SET
SET
SET
SET
SET
                                             QUERY PLAN                                             
----------------------------------------------------------------------------------------------------
 Index Scan Backward using idx on public.t (actual rows=5048576.00 loops=1)
   Output: a, b
   Index Cond: ((t.a >= 3136) AND (t.a <= 1265279))
   Index Searches: 1
   Buffers: shared hit=3284135
 Settings: enable_bitmapscan = 'off', enable_seqscan = 'off', max_parallel_workers_per_gather = '0'
 Planning:
   Buffers: shared hit=109
 Planning Time: 0.241 ms
 Execution Time: 1027.754 ms
(10 rows)

