SET
SET
SET
SET
SET
                                                                              QUERY PLAN                                                                               
-----------------------------------------------------------------------------------------------------------------------------------------------------------------------
 Index Scan Backward using idx on public.t (actual rows=8048576.00 loops=1)
   Output: a, b
   Index Cond: ((t.a >= 21483) AND (t.a <= 2033626))
   Index Searches: 1
   Prefetch: distance=246.235 count=4726853 stalls=529991 skipped=2826347 resets=0 ungets=34898 forwarded=2
             histogram [2,4) => 35592, [4,8) => 19071, [8,16) => 3233, [16,32) => 1991, [32,64) => 2508, [64,128) => 11952, [128,256) => 2229813, [256,512) => 2422693
   Buffers: shared hit=5016881 read=217308
 Settings: enable_bitmapscan = 'off', enable_seqscan = 'off', max_parallel_workers_per_gather = '0'
 Planning:
   Buffers: shared hit=78 read=26
 Planning Time: 2.074 ms
 Execution Time: 3758.126 ms
(12 rows)

SET
SET
SET
SET
SET
                                             QUERY PLAN                                             
----------------------------------------------------------------------------------------------------
 Index Scan Backward using idx on public.t (actual rows=8048576.00 loops=1)
   Output: a, b
   Index Cond: ((t.a >= 21483) AND (t.a <= 2033626))
   Index Searches: 1
   Buffers: shared hit=5234189
 Settings: enable_bitmapscan = 'off', enable_seqscan = 'off', max_parallel_workers_per_gather = '0'
 Planning:
   Buffers: shared hit=109
 Planning Time: 0.251 ms
 Execution Time: 1648.870 ms
(10 rows)

