SET
SET
SET
SET
SET
                                                                          QUERY PLAN                                                                           
---------------------------------------------------------------------------------------------------------------------------------------------------------------
 Index Scan Backward using idx on public.t (actual rows=2048576.00 loops=1)
   Output: a, b
   Index Cond: ((t.a >= 31241) AND (t.a <= 543384))
   Index Searches: 1
   Prefetch: distance=247.130 count=1216643 stalls=133102 skipped=718790 resets=0 ungets=20622 forwarded=1
             histogram [2,4) => 8882, [4,8) => 4821, [8,16) => 859, [16,32) => 544, [32,64) => 881, [64,128) => 3471, [128,256) => 549887, [256,512) => 647298
   Buffers: shared hit=1266428 read=66209
 Settings: enable_bitmapscan = 'off', enable_seqscan = 'off', max_parallel_workers_per_gather = '0'
 Planning:
   Buffers: shared hit=78 read=22
 Planning Time: 1.765 ms
 Execution Time: 1094.095 ms
(12 rows)

SET
SET
SET
SET
SET
                                             QUERY PLAN                                             
----------------------------------------------------------------------------------------------------
 Index Scan Backward using idx on public.t (actual rows=2048576.00 loops=1)
   Output: a, b
   Index Cond: ((t.a >= 31241) AND (t.a <= 543384))
   Index Searches: 1
   Buffers: shared hit=1332637
 Settings: enable_bitmapscan = 'off', enable_seqscan = 'off', max_parallel_workers_per_gather = '0'
 Planning:
   Buffers: shared hit=105
 Planning Time: 0.216 ms
 Execution Time: 413.038 ms
(10 rows)

