SET
SET
SET
SET
SET
                                                                          QUERY PLAN                                                                           
---------------------------------------------------------------------------------------------------------------------------------------------------------------
 Index Scan Backward using idx on public.t (actual rows=1048576.00 loops=1)
   Output: a, b
   Index Cond: ((t.a >= 31038) AND (t.a <= 293181))
   Index Searches: 1
   Prefetch: distance=248.711 count=640915 stalls=58177 skipped=367836 resets=0 ungets=18491 forwarded=0
             histogram [2,4) => 3944, [4,8) => 2253, [8,16) => 433, [16,32) => 318, [32,64) => 531, [64,128) => 1652, [128,256) => 274172, [256,512) => 357612
   Buffers: shared hit=641353 read=40917
 Settings: enable_bitmapscan = 'off', enable_seqscan = 'off', max_parallel_workers_per_gather = '0'
 Planning:
   Buffers: shared hit=78 read=22
 Planning Time: 1.767 ms
 Execution Time: 585.317 ms
(12 rows)

SET
SET
SET
SET
SET
                                             QUERY PLAN                                             
----------------------------------------------------------------------------------------------------
 Index Scan Backward using idx on public.t (actual rows=1048576.00 loops=1)
   Output: a, b
   Index Cond: ((t.a >= 31038) AND (t.a <= 293181))
   Index Searches: 1
   Buffers: shared hit=682270
 Settings: enable_bitmapscan = 'off', enable_seqscan = 'off', max_parallel_workers_per_gather = '0'
 Planning:
   Buffers: shared hit=105
 Planning Time: 0.178 ms
 Execution Time: 216.705 ms
(10 rows)

