SET
SET
SET
SET
SET
                                                                              QUERY PLAN                                                                              
----------------------------------------------------------------------------------------------------------------------------------------------------------------------
 Index Scan Backward using idx on public.t (actual rows=6048576.00 loops=1)
   Output: a, b
   Index Cond: ((t.a >= 16466) AND (t.a <= 1528609))
   Index Searches: 1
   Prefetch: distance=245.483 count=3470173 stalls=484010 skipped=2123267 resets=0 ungets=29185 forwarded=1
             histogram [2,4) => 32418, [4,8) => 17447, [8,16) => 3073, [16,32) => 1914, [32,64) => 2385, [64,128) => 9292, [128,256) => 1624840, [256,512) => 1778804
   Buffers: shared hit=3768102 read=166164
 Settings: enable_bitmapscan = 'off', enable_seqscan = 'off', max_parallel_workers_per_gather = '0'
 Planning:
   Buffers: shared hit=78 read=26
 Planning Time: 2.166 ms
 Execution Time: 2920.682 ms
(12 rows)

SET
SET
SET
SET
SET
                                             QUERY PLAN                                             
----------------------------------------------------------------------------------------------------
 Index Scan Backward using idx on public.t (actual rows=6048576.00 loops=1)
   Output: a, b
   Index Cond: ((t.a >= 16466) AND (t.a <= 1528609))
   Index Searches: 1
   Buffers: shared hit=3934266
 Settings: enable_bitmapscan = 'off', enable_seqscan = 'off', max_parallel_workers_per_gather = '0'
 Planning:
   Buffers: shared hit=109
 Planning Time: 0.233 ms
 Execution Time: 1234.908 ms
(10 rows)

