SET
SET
SET
SET
SET
                                                                              QUERY PLAN                                                                               
-----------------------------------------------------------------------------------------------------------------------------------------------------------------------
 Index Scan Backward using idx on public.t (actual rows=8048576.00 loops=1)
   Output: a, b
   Index Cond: ((t.a >= 8018) AND (t.a <= 2020161))
   Index Searches: 1
   Prefetch: distance=246.202 count=4725993 stalls=529991 skipped=2826299 resets=0 ungets=33742 forwarded=2
             histogram [2,4) => 35592, [4,8) => 19071, [8,16) => 3233, [16,32) => 1991, [32,64) => 2508, [64,128) => 11947, [128,256) => 2232597, [256,512) => 2419054
   Buffers: shared hit=5018329 read=215993
 Settings: enable_bitmapscan = 'off', enable_seqscan = 'off', max_parallel_workers_per_gather = '0'
 Planning:
   Buffers: shared hit=78 read=26
 Planning Time: 2.089 ms
 Execution Time: 3777.023 ms
(12 rows)

SET
SET
SET
SET
SET
                                             QUERY PLAN                                             
----------------------------------------------------------------------------------------------------
 Index Scan Backward using idx on public.t (actual rows=8048576.00 loops=1)
   Output: a, b
   Index Cond: ((t.a >= 8018) AND (t.a <= 2020161))
   Index Searches: 1
   Buffers: shared hit=5234322
 Settings: enable_bitmapscan = 'off', enable_seqscan = 'off', max_parallel_workers_per_gather = '0'
 Planning:
   Buffers: shared hit=109
 Planning Time: 0.243 ms
 Execution Time: 1646.292 ms
(10 rows)

