SET
SET
SET
SET
SET
                                                                              QUERY PLAN                                                                               
-----------------------------------------------------------------------------------------------------------------------------------------------------------------------
 Index Scan Backward using idx on public.t (actual rows=7048576.00 loops=1)
   Output: a, b
   Index Cond: ((t.a >= 19189) AND (t.a <= 1781332))
   Index Searches: 1
   Prefetch: distance=245.728 count=4075080 stalls=529991 skipped=2475374 resets=0 ungets=31976 forwarded=1
             histogram [2,4) => 35592, [4,8) => 19071, [8,16) => 3234, [16,32) => 1994, [32,64) => 2508, [64,128) => 10772, [128,256) => 1914145, [256,512) => 2087764
   Buffers: shared hit=4392049 read=191673
 Settings: enable_bitmapscan = 'off', enable_seqscan = 'off', max_parallel_workers_per_gather = '0'
 Planning:
   Buffers: shared hit=78 read=26
 Planning Time: 2.066 ms
 Execution Time: 3299.883 ms
(12 rows)

SET
SET
SET
SET
SET
                                             QUERY PLAN                                             
----------------------------------------------------------------------------------------------------
 Index Scan Backward using idx on public.t (actual rows=7048576.00 loops=1)
   Output: a, b
   Index Cond: ((t.a >= 19189) AND (t.a <= 1781332))
   Index Searches: 1
   Buffers: shared hit=4583722
 Settings: enable_bitmapscan = 'off', enable_seqscan = 'off', max_parallel_workers_per_gather = '0'
 Planning:
   Buffers: shared hit=109
 Planning Time: 0.245 ms
 Execution Time: 1438.069 ms
(10 rows)

