SET
SET
SET
SET
SET
                                                                              QUERY PLAN                                                                               
-----------------------------------------------------------------------------------------------------------------------------------------------------------------------
 Index Scan Backward using idx on public.t (actual rows=9048576.00 loops=1)
   Output: a, b
   Index Cond: ((t.a >= 7401) AND (t.a <= 2269544))
   Index Searches: 1
   Prefetch: distance=246.434 count=5364458 stalls=542375 skipped=3177246 resets=0 ungets=36002 forwarded=1
             histogram [2,4) => 36474, [4,8) => 19557, [8,16) => 3320, [16,32) => 2090, [32,64) => 2863, [64,128) => 13731, [128,256) => 2542760, [256,512) => 2743663
   Buffers: shared hit=5643520 read=241176
 Settings: enable_bitmapscan = 'off', enable_seqscan = 'off', max_parallel_workers_per_gather = '0'
 Planning:
   Buffers: shared hit=78 read=26
 Planning Time: 2.289 ms
 Execution Time: 4250.088 ms
(12 rows)

SET
SET
SET
SET
SET
                                             QUERY PLAN                                             
----------------------------------------------------------------------------------------------------
 Index Scan Backward using idx on public.t (actual rows=9048576.00 loops=1)
   Output: a, b
   Index Cond: ((t.a >= 7401) AND (t.a <= 2269544))
   Index Searches: 1
   Buffers: shared hit=5884696
 Settings: enable_bitmapscan = 'off', enable_seqscan = 'off', max_parallel_workers_per_gather = '0'
 Planning:
   Buffers: shared hit=109
 Planning Time: 0.275 ms
 Execution Time: 1843.344 ms
(10 rows)

