SET
SET
SET
SET
SET
                                                              QUERY PLAN                                                               
---------------------------------------------------------------------------------------------------------------------------------------
 Index Scan Backward using idx on public.t (actual rows=524288.00 loops=1)
   Output: a, b
   Index Cond: ((t.a >= 28392) AND (t.a <= 159463))
   Index Searches: 1
   Buffers: shared hit=313612 read=27412
 Settings: enable_bitmapscan = 'off', enable_seqscan = 'off', max_parallel_workers_per_gather = '0', enable_indexscan_prefetch = 'off'
 Planning:
   Buffers: shared hit=78 read=22
 Planning Time: 1.774 ms
 Execution Time: 747.526 ms
(10 rows)

SET
SET
SET
SET
SET
                                                              QUERY PLAN                                                               
---------------------------------------------------------------------------------------------------------------------------------------
 Index Scan Backward using idx on public.t (actual rows=524288.00 loops=1)
   Output: a, b
   Index Cond: ((t.a >= 28392) AND (t.a <= 159463))
   Index Searches: 1
   Buffers: shared hit=341024
 Settings: enable_bitmapscan = 'off', enable_seqscan = 'off', max_parallel_workers_per_gather = '0', enable_indexscan_prefetch = 'off'
 Planning:
   Buffers: shared hit=105
 Planning Time: 0.172 ms
 Execution Time: 105.226 ms
(10 rows)

