SET
SET
SET
SET
                                             QUERY PLAN                                             
----------------------------------------------------------------------------------------------------
 Index Scan Backward using idx on public.t (actual rows=4048576.00 loops=1)
   Output: a, b
   Index Cond: ((t.a >= 31515) AND (t.a <= 1043658))
   Index Searches: 1
   Buffers: shared hit=2516952 read=116822
 Settings: enable_bitmapscan = 'off', enable_seqscan = 'off', max_parallel_workers_per_gather = '0'
 Planning:
   Buffers: shared hit=78 read=22
 Planning Time: 1.770 ms
 Execution Time: 2856.213 ms
(10 rows)

SET
SET
SET
SET
                                             QUERY PLAN                                             
----------------------------------------------------------------------------------------------------
 Index Scan Backward using idx on public.t (actual rows=4048576.00 loops=1)
   Output: a, b
   Index Cond: ((t.a >= 31515) AND (t.a <= 1043658))
   Index Searches: 1
   Buffers: shared hit=2633774
 Settings: enable_bitmapscan = 'off', enable_seqscan = 'off', max_parallel_workers_per_gather = '0'
 Planning:
   Buffers: shared hit=105
 Planning Time: 0.198 ms
 Execution Time: 829.636 ms
(10 rows)

