SET
SET
SET
SET
SET
                                                                          QUERY PLAN                                                                           
---------------------------------------------------------------------------------------------------------------------------------------------------------------
 Index Scan Backward using idx on public.t (actual rows=1048576.00 loops=1)
   Output: a, b
   Index Cond: ((t.a >= 31773) AND (t.a <= 293916))
   Index Searches: 1
   Prefetch: distance=248.614 count=638745 stalls=59875 skipped=367753 resets=0 ungets=18336 forwarded=0
             histogram [2,4) => 4052, [4,8) => 2321, [8,16) => 448, [16,32) => 314, [32,64) => 531, [64,128) => 1653, [128,256) => 273215, [256,512) => 356211
   Buffers: shared hit=641217 read=40975
 Settings: enable_bitmapscan = 'off', enable_seqscan = 'off', max_parallel_workers_per_gather = '0'
 Planning:
   Buffers: shared hit=78 read=22
 Planning Time: 1.765 ms
 Execution Time: 588.174 ms
(12 rows)

SET
SET
SET
SET
SET
                                             QUERY PLAN                                             
----------------------------------------------------------------------------------------------------
 Index Scan Backward using idx on public.t (actual rows=1048576.00 loops=1)
   Output: a, b
   Index Cond: ((t.a >= 31773) AND (t.a <= 293916))
   Index Searches: 1
   Buffers: shared hit=682192
 Settings: enable_bitmapscan = 'off', enable_seqscan = 'off', max_parallel_workers_per_gather = '0'
 Planning:
   Buffers: shared hit=105
 Planning Time: 0.203 ms
 Execution Time: 217.279 ms
(10 rows)

