SET
SET
SET
SET
SET
                                                                          QUERY PLAN                                                                           
---------------------------------------------------------------------------------------------------------------------------------------------------------------
 Index Scan Backward using idx on public.t (actual rows=2048576.00 loops=1)
   Output: a, b
   Index Cond: ((t.a >= 22386) AND (t.a <= 534529))
   Index Searches: 1
   Prefetch: distance=247.206 count=1216638 stalls=133102 skipped=718984 resets=0 ungets=20159 forwarded=2
             histogram [2,4) => 8882, [4,8) => 4821, [8,16) => 858, [16,32) => 533, [32,64) => 788, [64,128) => 3138, [128,256) => 550247, [256,512) => 647371
   Buffers: shared hit=1267174 read=65490
 Settings: enable_bitmapscan = 'off', enable_seqscan = 'off', max_parallel_workers_per_gather = '0'
 Planning:
   Buffers: shared hit=78 read=26
 Planning Time: 2.074 ms
 Execution Time: 1026.170 ms
(12 rows)

SET
SET
SET
SET
SET
                                             QUERY PLAN                                             
----------------------------------------------------------------------------------------------------
 Index Scan Backward using idx on public.t (actual rows=2048576.00 loops=1)
   Output: a, b
   Index Cond: ((t.a >= 22386) AND (t.a <= 534529))
   Index Searches: 1
   Buffers: shared hit=1332664
 Settings: enable_bitmapscan = 'off', enable_seqscan = 'off', max_parallel_workers_per_gather = '0'
 Planning:
   Buffers: shared hit=109
 Planning Time: 0.225 ms
 Execution Time: 419.308 ms
(10 rows)

