SET
SET
SET
SET
SET
                                                                              QUERY PLAN                                                                              
----------------------------------------------------------------------------------------------------------------------------------------------------------------------
 Index Scan Backward using idx on public.t (actual rows=6048576.00 loops=1)
   Output: a, b
   Index Cond: ((t.a >= 20331) AND (t.a <= 1532474))
   Index Searches: 1
   Prefetch: distance=245.481 count=3470677 stalls=484010 skipped=2123307 resets=0 ungets=29633 forwarded=2
             histogram [2,4) => 32418, [4,8) => 17447, [8,16) => 3073, [16,32) => 1914, [32,64) => 2385, [64,128) => 9426, [128,256) => 1624531, [256,512) => 1779483
   Buffers: shared hit=3767744 read=166511
 Settings: enable_bitmapscan = 'off', enable_seqscan = 'off', max_parallel_workers_per_gather = '0'
 Planning:
   Buffers: shared hit=78 read=26
 Planning Time: 2.085 ms
 Execution Time: 2965.242 ms
(12 rows)

SET
SET
SET
SET
SET
                                             QUERY PLAN                                             
----------------------------------------------------------------------------------------------------
 Index Scan Backward using idx on public.t (actual rows=6048576.00 loops=1)
   Output: a, b
   Index Cond: ((t.a >= 20331) AND (t.a <= 1532474))
   Index Searches: 1
   Buffers: shared hit=3934255
 Settings: enable_bitmapscan = 'off', enable_seqscan = 'off', max_parallel_workers_per_gather = '0'
 Planning:
   Buffers: shared hit=109
 Planning Time: 0.239 ms
 Execution Time: 1230.926 ms
(10 rows)

