SET
SET
SET
SET
SET
                                                                              QUERY PLAN                                                                              
----------------------------------------------------------------------------------------------------------------------------------------------------------------------
 Index Scan Backward using idx on public.t (actual rows=4048576.00 loops=1)
   Output: a, b
   Index Cond: ((t.a >= 3272) AND (t.a <= 1015415))
   Index Searches: 1
   Prefetch: distance=246.097 count=2353619 stalls=296973 skipped=1420762 resets=0 ungets=23093 forwarded=4
             histogram [2,4) => 19780, [4,8) => 10612, [8,16) => 1879, [16,32) => 1047, [32,64) => 1466, [64,128) => 6262, [128,256) => 1095769, [256,512) => 1216804
   Buffers: shared hit=2519434 read=114343
 Settings: enable_bitmapscan = 'off', enable_seqscan = 'off', max_parallel_workers_per_gather = '0'
 Planning:
   Buffers: shared hit=78 read=26
 Planning Time: 2.086 ms
 Execution Time: 1947.019 ms
(12 rows)

SET
SET
SET
SET
SET
                                             QUERY PLAN                                             
----------------------------------------------------------------------------------------------------
 Index Scan Backward using idx on public.t (actual rows=4048576.00 loops=1)
   Output: a, b
   Index Cond: ((t.a >= 3272) AND (t.a <= 1015415))
   Index Searches: 1
   Buffers: shared hit=2633777
 Settings: enable_bitmapscan = 'off', enable_seqscan = 'off', max_parallel_workers_per_gather = '0'
 Planning:
   Buffers: shared hit=109
 Planning Time: 0.234 ms
 Execution Time: 820.451 ms
(10 rows)

