SET
SET
SET
SET
SET
                                                                              QUERY PLAN                                                                               
-----------------------------------------------------------------------------------------------------------------------------------------------------------------------
 Index Scan Backward using idx on public.t (actual rows=9048576.00 loops=1)
   Output: a, b
   Index Cond: ((t.a >= 12357) AND (t.a <= 2274500))
   Index Searches: 1
   Prefetch: distance=246.440 count=5365508 stalls=542375 skipped=3177461 resets=0 ungets=36815 forwarded=1
             histogram [2,4) => 36474, [4,8) => 19551, [8,16) => 3315, [16,32) => 2094, [32,64) => 2863, [64,128) => 13730, [128,256) => 2542586, [256,512) => 2744895
   Buffers: shared hit=5643053 read=241598
 Settings: enable_bitmapscan = 'off', enable_seqscan = 'off', max_parallel_workers_per_gather = '0'
 Planning:
   Buffers: shared hit=78 read=26
 Planning Time: 2.094 ms
 Execution Time: 4218.221 ms
(12 rows)

SET
SET
SET
SET
SET
                                             QUERY PLAN                                             
----------------------------------------------------------------------------------------------------
 Index Scan Backward using idx on public.t (actual rows=9048576.00 loops=1)
   Output: a, b
   Index Cond: ((t.a >= 12357) AND (t.a <= 2274500))
   Index Searches: 1
   Buffers: shared hit=5884651
 Settings: enable_bitmapscan = 'off', enable_seqscan = 'off', max_parallel_workers_per_gather = '0'
 Planning:
   Buffers: shared hit=109
 Planning Time: 0.241 ms
 Execution Time: 1835.705 ms
(10 rows)

