SET
SET
SET
SET
SET
                                                                              QUERY PLAN                                                                               
-----------------------------------------------------------------------------------------------------------------------------------------------------------------------
 Index Scan Backward using idx on public.t (actual rows=7048576.00 loops=1)
   Output: a, b
   Index Cond: ((t.a >= 26201) AND (t.a <= 1788344))
   Index Searches: 1
   Prefetch: distance=245.746 count=4075823 stalls=529991 skipped=2475302 resets=0 ungets=32655 forwarded=2
             histogram [2,4) => 35592, [4,8) => 19071, [8,16) => 3233, [16,32) => 1991, [32,64) => 2508, [64,128) => 10714, [128,256) => 1913163, [256,512) => 2089551
   Buffers: shared hit=4391481 read=192310
 Settings: enable_bitmapscan = 'off', enable_seqscan = 'off', max_parallel_workers_per_gather = '0'
 Planning:
   Buffers: shared hit=78 read=22
 Planning Time: 1.773 ms
 Execution Time: 3400.759 ms
(12 rows)

SET
SET
SET
SET
SET
                                             QUERY PLAN                                             
----------------------------------------------------------------------------------------------------
 Index Scan Backward using idx on public.t (actual rows=7048576.00 loops=1)
   Output: a, b
   Index Cond: ((t.a >= 26201) AND (t.a <= 1788344))
   Index Searches: 1
   Buffers: shared hit=4583791
 Settings: enable_bitmapscan = 'off', enable_seqscan = 'off', max_parallel_workers_per_gather = '0'
 Planning:
   Buffers: shared hit=105
 Planning Time: 0.220 ms
 Execution Time: 1424.573 ms
(10 rows)

