SET
SET
SET
SET
                                             QUERY PLAN                                             
----------------------------------------------------------------------------------------------------
 Index Scan Backward using idx on public.t (actual rows=1024.00 loops=1)
   Output: a, b
   Index Cond: ((t.a >= 22910) AND (t.a <= 23165))
   Index Searches: 1
   Buffers: shared hit=23 read=639
 Settings: enable_bitmapscan = 'off', enable_seqscan = 'off', max_parallel_workers_per_gather = '0'
 Planning:
   Buffers: shared hit=82 read=26
 Planning Time: 1.024 ms
 Execution Time: 41.779 ms
(10 rows)

SET
SET
SET
SET
                                             QUERY PLAN                                             
----------------------------------------------------------------------------------------------------
 Index Scan Backward using idx on public.t (actual rows=1024.00 loops=1)
   Output: a, b
   Index Cond: ((t.a >= 22910) AND (t.a <= 23165))
   Index Searches: 1
   Buffers: shared hit=662
 Settings: enable_bitmapscan = 'off', enable_seqscan = 'off', max_parallel_workers_per_gather = '0'
 Planning:
   Buffers: shared hit=113
 Planning Time: 0.137 ms
 Execution Time: 0.295 ms
(10 rows)

