SET
SET
SET
SET
SET
                                                                              QUERY PLAN                                                                              
----------------------------------------------------------------------------------------------------------------------------------------------------------------------
 Index Scan Backward using idx on public.t (actual rows=4048576.00 loops=1)
   Output: a, b
   Index Cond: ((t.a >= 24410) AND (t.a <= 1036553))
   Index Searches: 1
   Prefetch: distance=246.147 count=2355322 stalls=296974 skipped=1420613 resets=0 ungets=24932 forwarded=2
             histogram [2,4) => 19780, [4,8) => 10610, [8,16) => 1876, [16,32) => 1047, [32,64) => 1491, [64,128) => 6405, [128,256) => 1093195, [256,512) => 1220918
   Buffers: shared hit=2517580 read=116240
 Settings: enable_bitmapscan = 'off', enable_seqscan = 'off', max_parallel_workers_per_gather = '0'
 Planning:
   Buffers: shared hit=78 read=22
 Planning Time: 1.754 ms
 Execution Time: 1996.909 ms
(12 rows)

SET
SET
SET
SET
SET
                                             QUERY PLAN                                             
----------------------------------------------------------------------------------------------------
 Index Scan Backward using idx on public.t (actual rows=4048576.00 loops=1)
   Output: a, b
   Index Cond: ((t.a >= 24410) AND (t.a <= 1036553))
   Index Searches: 1
   Buffers: shared hit=2633820
 Settings: enable_bitmapscan = 'off', enable_seqscan = 'off', max_parallel_workers_per_gather = '0'
 Planning:
   Buffers: shared hit=105
 Planning Time: 0.220 ms
 Execution Time: 817.453 ms
(10 rows)

