SET
SET
SET
SET
SET
                                                                          QUERY PLAN                                                                           
---------------------------------------------------------------------------------------------------------------------------------------------------------------
 Index Scan Backward using idx on public.t (actual rows=2048576.00 loops=1)
   Output: a, b
   Index Cond: ((t.a >= 21504) AND (t.a <= 533647))
   Index Searches: 1
   Prefetch: distance=247.184 count=1216284 stalls=133102 skipped=718938 resets=0 ungets=19947 forwarded=2
             histogram [2,4) => 8882, [4,8) => 4821, [8,16) => 858, [16,32) => 533, [32,64) => 788, [64,128) => 3138, [128,256) => 550581, [256,512) => 646683
   Buffers: shared hit=1267246 read=65397
 Settings: enable_bitmapscan = 'off', enable_seqscan = 'off', max_parallel_workers_per_gather = '0'
 Planning:
   Buffers: shared hit=78 read=26
 Planning Time: 2.098 ms
 Execution Time: 1057.648 ms
(12 rows)

SET
SET
SET
SET
SET
                                             QUERY PLAN                                             
----------------------------------------------------------------------------------------------------
 Index Scan Backward using idx on public.t (actual rows=2048576.00 loops=1)
   Output: a, b
   Index Cond: ((t.a >= 21504) AND (t.a <= 533647))
   Index Searches: 1
   Buffers: shared hit=1332643
 Settings: enable_bitmapscan = 'off', enable_seqscan = 'off', max_parallel_workers_per_gather = '0'
 Planning:
   Buffers: shared hit=109
 Planning Time: 0.189 ms
 Execution Time: 418.289 ms
(10 rows)

