SET
SET
SET
SET
SET
                                                                              QUERY PLAN                                                                               
-----------------------------------------------------------------------------------------------------------------------------------------------------------------------
 Index Scan Backward using idx on public.t (actual rows=8048576.00 loops=1)
   Output: a, b
   Index Cond: ((t.a >= 22105) AND (t.a <= 2034248))
   Index Searches: 1
   Prefetch: distance=246.233 count=4726651 stalls=529991 skipped=2826299 resets=0 ungets=34832 forwarded=2
             histogram [2,4) => 35592, [4,8) => 19071, [8,16) => 3233, [16,32) => 1991, [32,64) => 2508, [64,128) => 11976, [128,256) => 2229632, [256,512) => 2422648
   Buffers: shared hit=5016803 read=217360
 Settings: enable_bitmapscan = 'off', enable_seqscan = 'off', max_parallel_workers_per_gather = '0'
 Planning:
   Buffers: shared hit=78 read=26
 Planning Time: 2.086 ms
 Execution Time: 3796.564 ms
(12 rows)

SET
SET
SET
SET
SET
                                             QUERY PLAN                                             
----------------------------------------------------------------------------------------------------
 Index Scan Backward using idx on public.t (actual rows=8048576.00 loops=1)
   Output: a, b
   Index Cond: ((t.a >= 22105) AND (t.a <= 2034248))
   Index Searches: 1
   Buffers: shared hit=5234163
 Settings: enable_bitmapscan = 'off', enable_seqscan = 'off', max_parallel_workers_per_gather = '0'
 Planning:
   Buffers: shared hit=109
 Planning Time: 0.239 ms
 Execution Time: 1652.321 ms
(10 rows)

