SET
SET
SET
SET
SET
                                                                            QUERY PLAN                                                                            
------------------------------------------------------------------------------------------------------------------------------------------------------------------
 Index Scan Backward using idx on public.t (actual rows=3048576.00 loops=1)
   Output: a, b
   Index Cond: ((t.a >= 22739) AND (t.a <= 784882))
   Index Searches: 1
   Prefetch: distance=245.478 count=1730488 stalls=269651 skipped=1069846 resets=0 ungets=22012 forwarded=2
             histogram [2,4) => 18024, [4,8) => 9710, [8,16) => 1711, [16,32) => 976, [32,64) => 1272, [64,128) => 4939, [128,256) => 791680, [256,512) => 902176
   Buffers: shared hit=1892348 read=90739
 Settings: enable_bitmapscan = 'off', enable_seqscan = 'off', max_parallel_workers_per_gather = '0'
 Planning:
   Buffers: shared hit=78 read=26
 Planning Time: 2.137 ms
 Execution Time: 1515.987 ms
(12 rows)

SET
SET
SET
SET
SET
                                             QUERY PLAN                                             
----------------------------------------------------------------------------------------------------
 Index Scan Backward using idx on public.t (actual rows=3048576.00 loops=1)
   Output: a, b
   Index Cond: ((t.a >= 22739) AND (t.a <= 784882))
   Index Searches: 1
   Buffers: shared hit=1983087
 Settings: enable_bitmapscan = 'off', enable_seqscan = 'off', max_parallel_workers_per_gather = '0'
 Planning:
   Buffers: shared hit=109
 Planning Time: 0.222 ms
 Execution Time: 627.246 ms
(10 rows)

