SET
SET
SET
SET
SET
                                             QUERY PLAN                                             
----------------------------------------------------------------------------------------------------
 Index Scan Backward using idx on public.t (actual rows=8192.00 loops=1)
   Output: a, b
   Index Cond: ((t.a >= 17815) AND (t.a <= 19862))
   Index Searches: 1
   Prefetch: distance=2.073 count=742 stalls=6697 skipped=130 resets=0 ungets=0 forwarded=0
             histogram [2,4) => 724, [4,8) => 18
   Buffers: shared hit=7578 read=493
 Settings: enable_bitmapscan = 'off', enable_seqscan = 'off', max_parallel_workers_per_gather = '0'
 Planning:
   Buffers: shared hit=86 read=27
 Planning Time: 2.065 ms
 Execution Time: 31.711 ms
(12 rows)

SET
SET
SET
SET
SET
                                             QUERY PLAN                                             
----------------------------------------------------------------------------------------------------
 Index Scan Backward using idx on public.t (actual rows=8192.00 loops=1)
   Output: a, b
   Index Cond: ((t.a >= 17815) AND (t.a <= 19862))
   Index Searches: 1
   Buffers: shared hit=8071
 Settings: enable_bitmapscan = 'off', enable_seqscan = 'off', max_parallel_workers_per_gather = '0'
 Planning:
   Buffers: shared hit=118
 Planning Time: 0.199 ms
 Execution Time: 1.459 ms
(10 rows)

