SET
SET
SET
SET
SET
                                                                  QUERY PLAN                                                                  
----------------------------------------------------------------------------------------------------------------------------------------------
 Index Scan Backward using idx on public.t (actual rows=32768.00 loops=1)
   Output: a, b
   Index Cond: ((t.a >= 8021) AND (t.a <= 16212))
   Index Searches: 1
   Prefetch: distance=263.986 count=35555 stalls=1 skipped=457 resets=0 ungets=3296 forwarded=0
             histogram [2,4) => 6, [4,8) => 7, [8,16) => 8, [16,32) => 19, [32,64) => 4, [64,128) => 2, [128,256) => 4986, [256,512) => 30523
   Buffers: shared hit=30668 read=1697
 Settings: enable_bitmapscan = 'off', enable_seqscan = 'off', max_parallel_workers_per_gather = '0'
 Planning:
   Buffers: shared hit=86 read=27
 Planning Time: 2.069 ms
 Execution Time: 42.044 ms
(12 rows)

SET
SET
SET
SET
SET
                                             QUERY PLAN                                             
----------------------------------------------------------------------------------------------------
 Index Scan Backward using idx on public.t (actual rows=32768.00 loops=1)
   Output: a, b
   Index Cond: ((t.a >= 8021) AND (t.a <= 16212))
   Index Searches: 1
   Buffers: shared hit=32365
 Settings: enable_bitmapscan = 'off', enable_seqscan = 'off', max_parallel_workers_per_gather = '0'
 Planning:
   Buffers: shared hit=118
 Planning Time: 0.184 ms
 Execution Time: 3.958 ms
(10 rows)

