SET
SET
SET
SET
                                             QUERY PLAN                                             
----------------------------------------------------------------------------------------------------
 Index Scan Backward using idx on public.t (actual rows=2048.00 loops=1)
   Output: a, b
   Index Cond: ((t.a >= 19293) AND (t.a <= 19804))
   Index Searches: 1
   Buffers: shared hit=105 read=1247
 Settings: enable_bitmapscan = 'off', enable_seqscan = 'off', max_parallel_workers_per_gather = '0'
 Planning:
   Buffers: shared hit=82 read=26
 Planning Time: 2.094 ms
 Execution Time: 81.185 ms
(10 rows)

SET
SET
SET
SET
                                             QUERY PLAN                                             
----------------------------------------------------------------------------------------------------
 Index Scan Backward using idx on public.t (actual rows=2048.00 loops=1)
   Output: a, b
   Index Cond: ((t.a >= 19293) AND (t.a <= 19804))
   Index Searches: 1
   Buffers: shared hit=1352
 Settings: enable_bitmapscan = 'off', enable_seqscan = 'off', max_parallel_workers_per_gather = '0'
 Planning:
   Buffers: shared hit=113
 Planning Time: 0.164 ms
 Execution Time: 0.565 ms
(10 rows)

