SET
SET
SET
SET
                                             QUERY PLAN                                             
----------------------------------------------------------------------------------------------------
 Index Scan Backward using idx on public.t (actual rows=1024.00 loops=1)
   Output: a, b
   Index Cond: ((t.a >= 29445) AND (t.a <= 29700))
   Index Searches: 1
   Buffers: shared hit=19 read=660
 Settings: enable_bitmapscan = 'off', enable_seqscan = 'off', max_parallel_workers_per_gather = '0'
 Planning:
   Buffers: shared hit=78 read=22
 Planning Time: 1.464 ms
 Execution Time: 42.541 ms
(10 rows)

SET
SET
SET
SET
                                             QUERY PLAN                                             
----------------------------------------------------------------------------------------------------
 Index Scan Backward using idx on public.t (actual rows=1024.00 loops=1)
   Output: a, b
   Index Cond: ((t.a >= 29445) AND (t.a <= 29700))
   Index Searches: 1
   Buffers: shared hit=679
 Settings: enable_bitmapscan = 'off', enable_seqscan = 'off', max_parallel_workers_per_gather = '0'
 Planning:
   Buffers: shared hit=105
 Planning Time: 0.138 ms
 Execution Time: 0.317 ms
(10 rows)

