SET
SET
SET
SET
                                             QUERY PLAN                                             
----------------------------------------------------------------------------------------------------
 Index Scan Backward using idx on public.t (actual rows=7048576.00 loops=1)
   Output: a, b
   Index Cond: ((t.a >= 6925) AND (t.a <= 1769068))
   Index Searches: 1
   Buffers: shared hit=4393171 read=190625
 Settings: enable_bitmapscan = 'off', enable_seqscan = 'off', max_parallel_workers_per_gather = '0'
 Planning:
   Buffers: shared hit=78 read=26
 Planning Time: 2.052 ms
 Execution Time: 4426.301 ms
(10 rows)

SET
SET
SET
SET
                                             QUERY PLAN                                             
----------------------------------------------------------------------------------------------------
 Index Scan Backward using idx on public.t (actual rows=7048576.00 loops=1)
   Output: a, b
   Index Cond: ((t.a >= 6925) AND (t.a <= 1769068))
   Index Searches: 1
   Buffers: shared hit=4583796
 Settings: enable_bitmapscan = 'off', enable_seqscan = 'off', max_parallel_workers_per_gather = '0'
 Planning:
   Buffers: shared hit=109
 Planning Time: 0.197 ms
 Execution Time: 1423.547 ms
(10 rows)

