SET
SET
SET
SET
SET
                                                                     QUERY PLAN                                                                     
----------------------------------------------------------------------------------------------------------------------------------------------------
 Index Scan Backward using idx on public.t (actual rows=262144.00 loops=1)
   Output: a, b
   Index Cond: ((t.a >= 14253) AND (t.a <= 79788))
   Index Searches: 1
   Prefetch: distance=257.033 count=184594 stalls=1 skipped=91928 resets=0 ungets=14858 forwarded=0
             histogram [2,4) => 2, [4,8) => 3, [8,16) => 12, [16,32) => 5, [32,64) => 148, [64,128) => 321, [128,256) => 57918, [256,512) => 126185
   Buffers: shared hit=150916 read=19528
 Settings: enable_bitmapscan = 'off', enable_seqscan = 'off', max_parallel_workers_per_gather = '0'
 Planning:
   Buffers: shared hit=78 read=26
 Planning Time: 2.063 ms
 Execution Time: 209.249 ms
(12 rows)

SET
SET
SET
SET
SET
                                             QUERY PLAN                                             
----------------------------------------------------------------------------------------------------
 Index Scan Backward using idx on public.t (actual rows=262144.00 loops=1)
   Output: a, b
   Index Cond: ((t.a >= 14253) AND (t.a <= 79788))
   Index Searches: 1
   Buffers: shared hit=170444
 Settings: enable_bitmapscan = 'off', enable_seqscan = 'off', max_parallel_workers_per_gather = '0'
 Planning:
   Buffers: shared hit=109
 Planning Time: 0.192 ms
 Execution Time: 50.953 ms
(10 rows)

