SET
SET
SET
SET
SET
                                                                    QUERY PLAN                                                                    
--------------------------------------------------------------------------------------------------------------------------------------------------
 Index Scan Backward using idx on public.t (actual rows=524288.00 loops=1)
   Output: a, b
   Index Cond: ((t.a >= 7068) AND (t.a <= 138139))
   Index Searches: 1
   Prefetch: distance=264.235 count=569418 stalls=3 skipped=7754 resets=0 ungets=53006 forwarded=0
             histogram [2,4) => 2, [4,8) => 5, [8,16) => 7, [16,32) => 14, [32,64) => 34, [64,128) => 16, [128,256) => 79510, [256,512) => 489830
   Buffers: shared hit=491479 read=25842
 Settings: enable_bitmapscan = 'off', enable_seqscan = 'off', max_parallel_workers_per_gather = '0'
 Planning:
   Buffers: shared hit=82 read=27
 Planning Time: 2.065 ms
 Execution Time: 608.603 ms
(12 rows)

SET
SET
SET
SET
SET
                                             QUERY PLAN                                             
----------------------------------------------------------------------------------------------------
 Index Scan Backward using idx on public.t (actual rows=524288.00 loops=1)
   Output: a, b
   Index Cond: ((t.a >= 7068) AND (t.a <= 138139))
   Index Searches: 1
   Buffers: shared hit=517321
 Settings: enable_bitmapscan = 'off', enable_seqscan = 'off', max_parallel_workers_per_gather = '0'
 Planning:
   Buffers: shared hit=114
 Planning Time: 0.204 ms
 Execution Time: 86.658 ms
(10 rows)

