SET
SET
SET
SET
SET
                                                                    QUERY PLAN                                                                     
---------------------------------------------------------------------------------------------------------------------------------------------------
 Index Scan Backward using idx on public.t (actual rows=1048576.00 loops=1)
   Output: a, b
   Index Cond: ((t.a >= 2564) AND (t.a <= 264707))
   Index Searches: 1
   Prefetch: distance=264.218 count=1138866 stalls=1 skipped=15525 resets=0 ungets=105863 forwarded=2
             histogram [2,4) => 4, [4,8) => 5, [8,16) => 10, [16,32) => 12, [32,64) => 10, [64,128) => 2, [128,256) => 159533, [256,512) => 979290
   Buffers: shared hit=983034 read=51592
 Settings: enable_bitmapscan = 'off', enable_seqscan = 'off', max_parallel_workers_per_gather = '0'
 Planning:
   Buffers: shared hit=82 read=27
 Planning Time: 2.064 ms
 Execution Time: 1210.042 ms
(12 rows)

SET
SET
SET
SET
SET
                                             QUERY PLAN                                             
----------------------------------------------------------------------------------------------------
 Index Scan Backward using idx on public.t (actual rows=1048576.00 loops=1)
   Output: a, b
   Index Cond: ((t.a >= 2564) AND (t.a <= 264707))
   Index Searches: 1
   Buffers: shared hit=1034626
 Settings: enable_bitmapscan = 'off', enable_seqscan = 'off', max_parallel_workers_per_gather = '0'
 Planning:
   Buffers: shared hit=114
 Planning Time: 0.217 ms
 Execution Time: 168.844 ms
(10 rows)

