SET
SET
SET
SET
SET
                                                                              QUERY PLAN                                                                               
-----------------------------------------------------------------------------------------------------------------------------------------------------------------------
 Index Scan Backward using idx on public.t (actual rows=7048576.00 loops=1)
   Output: a, b
   Index Cond: ((t.a >= 32281) AND (t.a <= 1794424))
   Index Searches: 1
   Prefetch: distance=245.749 count=4075851 stalls=529991 skipped=2475224 resets=0 ungets=33001 forwarded=1
             histogram [2,4) => 35592, [4,8) => 19071, [8,16) => 3235, [16,32) => 1992, [32,64) => 2508, [64,128) => 10749, [128,256) => 1912622, [256,512) => 2090082
   Buffers: shared hit=4390870 read=192858
 Settings: enable_bitmapscan = 'off', enable_seqscan = 'off', max_parallel_workers_per_gather = '0'
 Planning:
   Buffers: shared hit=78 read=22
 Planning Time: 1.794 ms
 Execution Time: 3360.529 ms
(12 rows)

SET
SET
SET
SET
SET
                                             QUERY PLAN                                             
----------------------------------------------------------------------------------------------------
 Index Scan Backward using idx on public.t (actual rows=7048576.00 loops=1)
   Output: a, b
   Index Cond: ((t.a >= 32281) AND (t.a <= 1794424))
   Index Searches: 1
   Buffers: shared hit=4583728
 Settings: enable_bitmapscan = 'off', enable_seqscan = 'off', max_parallel_workers_per_gather = '0'
 Planning:
   Buffers: shared hit=105
 Planning Time: 0.228 ms
 Execution Time: 1435.836 ms
(10 rows)

