SET
SET
SET
SET
SET
                                                                              QUERY PLAN                                                                              
----------------------------------------------------------------------------------------------------------------------------------------------------------------------
 Index Scan Backward using idx on public.t (actual rows=6048576.00 loops=1)
   Output: a, b
   Index Cond: ((t.a >= 30) AND (t.a <= 1512173))
   Index Searches: 1
   Prefetch: distance=245.421 count=3468253 stalls=484012 skipped=2123145 resets=0 ungets=27425 forwarded=3
             histogram [2,4) => 32418, [4,8) => 17447, [8,16) => 3073, [16,32) => 1915, [32,64) => 2387, [64,128) => 9304, [128,256) => 1628044, [256,512) => 1773665
   Buffers: shared hit=3769636 read=164646
 Settings: enable_bitmapscan = 'off', enable_seqscan = 'off', max_parallel_workers_per_gather = '0'
 Planning:
   Buffers: shared hit=78 read=26
 Planning Time: 2.084 ms
 Execution Time: 2862.572 ms
(12 rows)

SET
SET
SET
SET
SET
                                             QUERY PLAN                                             
----------------------------------------------------------------------------------------------------
 Index Scan Backward using idx on public.t (actual rows=6048576.00 loops=1)
   Output: a, b
   Index Cond: ((t.a >= 30) AND (t.a <= 1512173))
   Index Searches: 1
   Buffers: shared hit=3934282
 Settings: enable_bitmapscan = 'off', enable_seqscan = 'off', max_parallel_workers_per_gather = '0'
 Planning:
   Buffers: shared hit=109
 Planning Time: 0.228 ms
 Execution Time: 1235.641 ms
(10 rows)

