SET
SET
SET
SET
SET
                                                                              QUERY PLAN                                                                               
-----------------------------------------------------------------------------------------------------------------------------------------------------------------------
 Index Scan Backward using idx on public.t (actual rows=9048576.00 loops=1)
   Output: a, b
   Index Cond: ((t.a >= 26248) AND (t.a <= 2288391))
   Index Searches: 1
   Prefetch: distance=246.426 count=5366135 stalls=542375 skipped=3177116 resets=0 ungets=37645 forwarded=2
             histogram [2,4) => 36474, [4,8) => 19551, [8,16) => 3318, [16,32) => 2151, [32,64) => 2942, [64,128) => 13947, [128,256) => 2541676, [256,512) => 2746076
   Buffers: shared hit=5642071 read=242725
 Settings: enable_bitmapscan = 'off', enable_seqscan = 'off', max_parallel_workers_per_gather = '0'
 Planning:
   Buffers: shared hit=78 read=22
 Planning Time: 1.762 ms
 Execution Time: 4253.087 ms
(12 rows)

SET
SET
SET
SET
SET
                                             QUERY PLAN                                             
----------------------------------------------------------------------------------------------------
 Index Scan Backward using idx on public.t (actual rows=9048576.00 loops=1)
   Output: a, b
   Index Cond: ((t.a >= 26248) AND (t.a <= 2288391))
   Index Searches: 1
   Buffers: shared hit=5884796
 Settings: enable_bitmapscan = 'off', enable_seqscan = 'off', max_parallel_workers_per_gather = '0'
 Planning:
   Buffers: shared hit=105
 Planning Time: 0.211 ms
 Execution Time: 1843.293 ms
(10 rows)

