SET
SET
SET
SET
SET
                                                                              QUERY PLAN                                                                              
----------------------------------------------------------------------------------------------------------------------------------------------------------------------
 Index Scan Backward using idx on public.t (actual rows=4048576.00 loops=1)
   Output: a, b
   Index Cond: ((t.a >= 29379) AND (t.a <= 1041522))
   Index Searches: 1
   Prefetch: distance=246.155 count=2356336 stalls=296973 skipped=1420852 resets=0 ungets=25680 forwarded=1
             histogram [2,4) => 19780, [4,8) => 10610, [8,16) => 1876, [16,32) => 1047, [32,64) => 1525, [64,128) => 6532, [128,256) => 1093000, [256,512) => 1221966
   Buffers: shared hit=2517114 read=116644
 Settings: enable_bitmapscan = 'off', enable_seqscan = 'off', max_parallel_workers_per_gather = '0'
 Planning:
   Buffers: shared hit=78 read=22
 Planning Time: 1.757 ms
 Execution Time: 2016.828 ms
(12 rows)

SET
SET
SET
SET
SET
                                             QUERY PLAN                                             
----------------------------------------------------------------------------------------------------
 Index Scan Backward using idx on public.t (actual rows=4048576.00 loops=1)
   Output: a, b
   Index Cond: ((t.a >= 29379) AND (t.a <= 1041522))
   Index Searches: 1
   Buffers: shared hit=2633758
 Settings: enable_bitmapscan = 'off', enable_seqscan = 'off', max_parallel_workers_per_gather = '0'
 Planning:
   Buffers: shared hit=105
 Planning Time: 0.217 ms
 Execution Time: 827.307 ms
(10 rows)

