SET
SET
SET
SET
SET
                                                              QUERY PLAN                                                               
---------------------------------------------------------------------------------------------------------------------------------------
 Index Scan Backward using idx on public.t (actual rows=16384.00 loops=1)
   Output: a, b
   Index Cond: ((t.a >= 26811) AND (t.a <= 30906))
   Index Searches: 1
   Buffers: shared hit=3503 read=7164
 Settings: enable_bitmapscan = 'off', enable_seqscan = 'off', max_parallel_workers_per_gather = '0', enable_indexscan_prefetch = 'off'
 Planning:
   Buffers: shared hit=78 read=22
 Planning Time: 1.762 ms
 Execution Time: 399.234 ms
(10 rows)

SET
SET
SET
SET
SET
                                                              QUERY PLAN                                                               
---------------------------------------------------------------------------------------------------------------------------------------
 Index Scan Backward using idx on public.t (actual rows=16384.00 loops=1)
   Output: a, b
   Index Cond: ((t.a >= 26811) AND (t.a <= 30906))
   Index Searches: 1
   Buffers: shared hit=10667
 Settings: enable_bitmapscan = 'off', enable_seqscan = 'off', max_parallel_workers_per_gather = '0', enable_indexscan_prefetch = 'off'
 Planning:
   Buffers: shared hit=105
 Planning Time: 0.187 ms
 Execution Time: 5.949 ms
(10 rows)

