SET
SET
SET
SET
SET
                                                                    QUERY PLAN                                                                     
---------------------------------------------------------------------------------------------------------------------------------------------------
 Index Scan Backward using idx on public.t (actual rows=6048576.00 loops=1)
   Output: a, b
   Index Cond: ((t.a >= 13745) AND (t.a <= 1525888))
   Index Searches: 1
   Prefetch: distance=264.239 count=6569288 stalls=3 skipped=89692 resets=0 ungets=610442 forwarded=16
             histogram [2,4) => 2, [4,8) => 4, [8,16) => 7, [16,32) => 18, [32,64) => 10, [64,128) => 4, [128,256) => 917381, [256,512) => 5651862
   Buffers: shared hit=5670769 read=297176
 Settings: enable_bitmapscan = 'off', enable_seqscan = 'off', max_parallel_workers_per_gather = '0'
 Planning:
   Buffers: shared hit=82 read=27
 Planning Time: 2.065 ms
 Execution Time: 6917.152 ms
(12 rows)

SET
SET
SET
SET
SET
                                             QUERY PLAN                                             
----------------------------------------------------------------------------------------------------
 Index Scan Backward using idx on public.t (actual rows=6048576.00 loops=1)
   Output: a, b
   Index Cond: ((t.a >= 13745) AND (t.a <= 1525888))
   Index Searches: 1
   Buffers: shared hit=5967945
 Settings: enable_bitmapscan = 'off', enable_seqscan = 'off', max_parallel_workers_per_gather = '0'
 Planning:
   Buffers: shared hit=114
 Planning Time: 0.297 ms
 Execution Time: 982.287 ms
(10 rows)

