SET
SET
SET
SET
SET
                                                                  QUERY PLAN                                                                  
----------------------------------------------------------------------------------------------------------------------------------------------
 Index Scan using idx on public.t (actual rows=32768.00 loops=1)
   Output: a, b
   Index Cond: ((t.a >= 16165) AND (t.a <= 24356))
   Index Searches: 1
   Prefetch: distance=269.885 count=26757 stalls=1 skipped=11323 resets=0 ungets=5836 forwarded=1083
             histogram [2,4) => 2, [4,8) => 6, [8,16) => 6, [16,32) => 11, [32,64) => 13, [64,128) => 3, [128,256) => 215, [256,512) => 26501
   Buffers: shared hit=10971 read=10360
 Settings: enable_bitmapscan = 'off', enable_seqscan = 'off', max_parallel_workers_per_gather = '0'
 Planning:
   Buffers: shared hit=82 read=26
 Planning Time: 2.126 ms
 Execution Time: 65.247 ms
(12 rows)

SET
SET
SET
SET
SET
                                             QUERY PLAN                                             
----------------------------------------------------------------------------------------------------
 Index Scan using idx on public.t (actual rows=32768.00 loops=1)
   Output: a, b
   Index Cond: ((t.a >= 16165) AND (t.a <= 24356))
   Index Searches: 1
   Buffers: shared hit=21331
 Settings: enable_bitmapscan = 'off', enable_seqscan = 'off', max_parallel_workers_per_gather = '0'
 Planning:
   Buffers: shared hit=113
 Planning Time: 0.185 ms
 Execution Time: 6.900 ms
(10 rows)

