SET
SET
SET
SET
SET
                                                                 QUERY PLAN                                                                 
--------------------------------------------------------------------------------------------------------------------------------------------
 Index Scan using idx on public.t (actual rows=4096.00 loops=1)
   Output: a, b
   Index Cond: ((t.a >= 612) AND (t.a <= 1635))
   Index Searches: 1
   Prefetch: distance=267.903 count=3306 stalls=1 skipped=1274 resets=0 ungets=972 forwarded=79
             histogram [2,4) => 2, [4,8) => 3, [8,16) => 11, [16,32) => 13, [32,64) => 19, [64,128) => 3, [128,256) => 4, [256,512) => 3251
   Buffers: shared hit=404 read=2260
 Settings: enable_bitmapscan = 'off', enable_seqscan = 'off', max_parallel_workers_per_gather = '0'
 Planning:
   Buffers: shared hit=86 read=26
 Planning Time: 2.097 ms
 Execution Time: 29.235 ms
(12 rows)

SET
SET
SET
SET
SET
                                             QUERY PLAN                                             
----------------------------------------------------------------------------------------------------
 Index Scan using idx on public.t (actual rows=4096.00 loops=1)
   Output: a, b
   Index Cond: ((t.a >= 612) AND (t.a <= 1635))
   Index Searches: 1
   Buffers: shared hit=2665
 Settings: enable_bitmapscan = 'off', enable_seqscan = 'off', max_parallel_workers_per_gather = '0'
 Planning:
   Buffers: shared hit=117
 Planning Time: 0.214 ms
 Execution Time: 1.764 ms
(10 rows)

