SET
SET
SET
SET
SET
                                                                     QUERY PLAN                                                                      
-----------------------------------------------------------------------------------------------------------------------------------------------------
 Index Scan Backward using idx on public.t (actual rows=8048576.00 loops=1)
   Output: a, b
   Index Cond: ((t.a >= 17267) AND (t.a <= 2029410))
   Index Searches: 1
   Prefetch: distance=264.233 count=8740748 stalls=4 skipped=119494 resets=0 ungets=811773 forwarded=16
             histogram [2,4) => 6, [4,8) => 7, [8,16) => 9, [16,32) => 15, [32,64) => 31, [64,128) => 28, [128,256) => 1222188, [256,512) => 7518464
   Buffers: shared hit=7545726 read=395411
 Settings: enable_bitmapscan = 'off', enable_seqscan = 'off', max_parallel_workers_per_gather = '0'
 Planning:
   Buffers: shared hit=82 read=27
 Planning Time: 2.066 ms
 Execution Time: 9203.598 ms
(12 rows)

SET
SET
SET
SET
SET
                                             QUERY PLAN                                             
----------------------------------------------------------------------------------------------------
 Index Scan Backward using idx on public.t (actual rows=8048576.00 loops=1)
   Output: a, b
   Index Cond: ((t.a >= 17267) AND (t.a <= 2029410))
   Index Searches: 1
   Buffers: shared hit=7941137
 Settings: enable_bitmapscan = 'off', enable_seqscan = 'off', max_parallel_workers_per_gather = '0'
 Planning:
   Buffers: shared hit=114
 Planning Time: 0.289 ms
 Execution Time: 1297.268 ms
(10 rows)

