SET
SET
SET
SET
SET
                                                                       QUERY PLAN                                                                       
--------------------------------------------------------------------------------------------------------------------------------------------------------
 Index Scan using idx on public.t (actual rows=262144.00 loops=1)
   Output: a, b
   Index Cond: ((t.a >= 15478) AND (t.a <= 81013))
   Index Searches: 1
   Prefetch: distance=256.256 count=101150 stalls=79639 skipped=92145 resets=0 ungets=10821 forwarded=3060
             histogram [2,4) => 918, [4,8) => 312, [8,16) => 18, [16,32) => 26, [32,64) => 104, [64,128) => 300, [128,256) => 22808, [256,512) => 76664
   Buffers: shared hit=150723 read=19662
 Settings: enable_bitmapscan = 'off', enable_seqscan = 'off', max_parallel_workers_per_gather = '0'
 Planning:
   Buffers: shared hit=82 read=26
 Planning Time: 2.089 ms
 Execution Time: 136.878 ms
(12 rows)

SET
SET
SET
SET
SET
                                             QUERY PLAN                                             
----------------------------------------------------------------------------------------------------
 Index Scan using idx on public.t (actual rows=262144.00 loops=1)
   Output: a, b
   Index Cond: ((t.a >= 15478) AND (t.a <= 81013))
   Index Searches: 1
   Buffers: shared hit=170387
 Settings: enable_bitmapscan = 'off', enable_seqscan = 'off', max_parallel_workers_per_gather = '0'
 Planning:
   Buffers: shared hit=113
 Planning Time: 0.194 ms
 Execution Time: 50.528 ms
(10 rows)

