SET
SET
SET
SET
SET
                                                                QUERY PLAN                                                                 
-------------------------------------------------------------------------------------------------------------------------------------------
 Index Scan using idx on public.t (actual rows=2048.00 loops=1)
   Output: a, b
   Index Cond: ((t.a >= 30528) AND (t.a <= 31039))
   Index Searches: 1
   Prefetch: distance=263.911 count=1420 stalls=1 skipped=527 resets=0 ungets=435 forwarded=15
             histogram [2,4) => 2, [4,8) => 3, [8,16) => 6, [16,32) => 21, [32,64) => 13, [64,128) => 2, [128,256) => 2, [256,512) => 1371
   Buffers: shared hit=76 read=1270
 Settings: enable_bitmapscan = 'off', enable_seqscan = 'off', max_parallel_workers_per_gather = '0'
 Planning:
   Buffers: shared hit=82 read=22
 Planning Time: 1.781 ms
 Execution Time: 27.729 ms
(12 rows)

SET
SET
SET
SET
SET
                                             QUERY PLAN                                             
----------------------------------------------------------------------------------------------------
 Index Scan using idx on public.t (actual rows=2048.00 loops=1)
   Output: a, b
   Index Cond: ((t.a >= 30528) AND (t.a <= 31039))
   Index Searches: 1
   Buffers: shared hit=1346
 Settings: enable_bitmapscan = 'off', enable_seqscan = 'off', max_parallel_workers_per_gather = '0'
 Planning:
   Buffers: shared hit=109
 Planning Time: 0.188 ms
 Execution Time: 1.075 ms
(10 rows)

