SET
SET
SET
SET
SET
                                                                         QUERY PLAN                                                                         
------------------------------------------------------------------------------------------------------------------------------------------------------------
 Index Scan using idx on public.t (actual rows=1048576.00 loops=1)
   Output: a, b
   Index Cond: ((t.a >= 10880) AND (t.a <= 273023))
   Index Searches: 1
   Prefetch: distance=230.691 count=179128 stalls=516875 skipped=367758 resets=0 ungets=15724 forwarded=4948
             histogram [2,4) => 13317, [4,8) => 7262, [8,16) => 209, [16,32) => 26, [32,64) => 90, [64,128) => 181, [128,256) => 36261, [256,512) => 121782
   Buffers: shared hit=643036 read=39161
 Settings: enable_bitmapscan = 'off', enable_seqscan = 'off', max_parallel_workers_per_gather = '0'
 Planning:
   Buffers: shared hit=82 read=26
 Planning Time: 2.123 ms
 Execution Time: 553.864 ms
(12 rows)

SET
SET
SET
SET
SET
                                             QUERY PLAN                                             
----------------------------------------------------------------------------------------------------
 Index Scan using idx on public.t (actual rows=1048576.00 loops=1)
   Output: a, b
   Index Cond: ((t.a >= 10880) AND (t.a <= 273023))
   Index Searches: 1
   Buffers: shared hit=682197
 Settings: enable_bitmapscan = 'off', enable_seqscan = 'off', max_parallel_workers_per_gather = '0'
 Planning:
   Buffers: shared hit=113
 Planning Time: 0.192 ms
 Execution Time: 214.111 ms
(10 rows)

