SET
SET
SET
SET
SET
                                                                             QUERY PLAN                                                                             
--------------------------------------------------------------------------------------------------------------------------------------------------------------------
 Index Scan using idx on public.t (actual rows=9048576.00 loops=1)
   Output: a, b
   Index Cond: ((t.a >= 14544) AND (t.a <= 2276687))
   Index Searches: 1
   Prefetch: distance=152.547 count=1056689 stalls=4829596 skipped=3177281 resets=0 ungets=15521 forwarded=13892
             histogram [2,4) => 254488, [4,8) => 149513, [8,16) => 6626, [16,32) => 313, [32,64) => 314, [64,128) => 2492, [128,256) => 322851, [256,512) => 320092
   Buffers: shared hit=5642878 read=241788
 Settings: enable_bitmapscan = 'off', enable_seqscan = 'off', max_parallel_workers_per_gather = '0'
 Planning:
   Buffers: shared hit=82 read=26
 Planning Time: 2.153 ms
 Execution Time: 5821.812 ms
(12 rows)

SET
SET
SET
SET
SET
                                             QUERY PLAN                                             
----------------------------------------------------------------------------------------------------
 Index Scan using idx on public.t (actual rows=9048576.00 loops=1)
   Output: a, b
   Index Cond: ((t.a >= 14544) AND (t.a <= 2276687))
   Index Searches: 1
   Buffers: shared hit=5884669
 Settings: enable_bitmapscan = 'off', enable_seqscan = 'off', max_parallel_workers_per_gather = '0'
 Planning:
   Buffers: shared hit=113
 Planning Time: 0.245 ms
 Execution Time: 1865.982 ms
(10 rows)

