SET
SET
SET
SET
SET
                                                                    QUERY PLAN                                                                     
---------------------------------------------------------------------------------------------------------------------------------------------------
 Index Scan Backward using idx on public.t (actual rows=9048576.00 loops=1)
   Output: a, b
   Index Cond: ((t.a >= 30942) AND (t.a <= 2293085))
   Index Searches: 1
   Prefetch: distance=264.236 count=9826837 stalls=2 skipped=134314 resets=0 ungets=912608 forwarded=23
             histogram [2,4) => 4, [4,8) => 10, [8,16) => 9, [16,32) => 9, [32,64) => 5, [64,128) => 2, [128,256) => 1373435, [256,512) => 8453363
   Buffers: shared hit=8483292 read=444522
 Settings: enable_bitmapscan = 'off', enable_seqscan = 'off', max_parallel_workers_per_gather = '0'
 Planning:
   Buffers: shared hit=82 read=23
 Planning Time: 1.783 ms
 Execution Time: 10365.725 ms
(12 rows)

SET
SET
SET
SET
SET
                                             QUERY PLAN                                             
----------------------------------------------------------------------------------------------------
 Index Scan Backward using idx on public.t (actual rows=9048576.00 loops=1)
   Output: a, b
   Index Cond: ((t.a >= 30942) AND (t.a <= 2293085))
   Index Searches: 1
   Buffers: shared hit=8927814
 Settings: enable_bitmapscan = 'off', enable_seqscan = 'off', max_parallel_workers_per_gather = '0'
 Planning:
   Buffers: shared hit=110
 Planning Time: 0.280 ms
 Execution Time: 1458.327 ms
(10 rows)

