SET
SET
SET
SET
SET
                                                                           QUERY PLAN                                                                            
-----------------------------------------------------------------------------------------------------------------------------------------------------------------
 Index Scan using idx on public.t (actual rows=3048576.00 loops=1)
   Output: a, b
   Index Cond: ((t.a >= 1355) AND (t.a <= 763498))
   Index Searches: 1
   Prefetch: distance=194.071 count=471609 stalls=1522228 skipped=1069840 resets=0 ungets=15624 forwarded=7594
             histogram [2,4) => 67731, [4,8) => 39458, [8,16) => 1684, [16,32) => 115, [32,64) => 231, [64,128) => 907, [128,256) => 154948, [256,512) => 206535
   Buffers: shared hit=1894266 read=88853
 Settings: enable_bitmapscan = 'off', enable_seqscan = 'off', max_parallel_workers_per_gather = '0'
 Planning:
   Buffers: shared hit=82 read=26
 Planning Time: 2.120 ms
 Execution Time: 1793.114 ms
(12 rows)

SET
SET
SET
SET
SET
                                             QUERY PLAN                                             
----------------------------------------------------------------------------------------------------
 Index Scan using idx on public.t (actual rows=3048576.00 loops=1)
   Output: a, b
   Index Cond: ((t.a >= 1355) AND (t.a <= 763498))
   Index Searches: 1
   Buffers: shared hit=1983125
 Settings: enable_bitmapscan = 'off', enable_seqscan = 'off', max_parallel_workers_per_gather = '0'
 Planning:
   Buffers: shared hit=113
 Planning Time: 0.225 ms
 Execution Time: 628.777 ms
(10 rows)

