SET
SET
SET
SET
SET
                                                                          QUERY PLAN                                                                          
--------------------------------------------------------------------------------------------------------------------------------------------------------------
 Index Scan using idx on public.t (actual rows=2048576.00 loops=1)
   Output: a, b
   Index Cond: ((t.a >= 14705) AND (t.a <= 526848))
   Index Searches: 1
   Prefetch: distance=183.995 count=249385 stalls=1095537 skipped=718767 resets=0 ungets=15592 forwarded=5804
             histogram [2,4) => 45972, [4,8) => 26496, [8,16) => 1134, [16,32) => 63, [32,64) => 66, [64,128) => 269, [128,256) => 44555, [256,512) => 130830
   Buffers: shared hit=1267870 read=64845
 Settings: enable_bitmapscan = 'off', enable_seqscan = 'off', max_parallel_workers_per_gather = '0'
 Planning:
   Buffers: shared hit=82 read=26
 Planning Time: 2.103 ms
 Execution Time: 1219.083 ms
(12 rows)

SET
SET
SET
SET
SET
                                             QUERY PLAN                                             
----------------------------------------------------------------------------------------------------
 Index Scan using idx on public.t (actual rows=2048576.00 loops=1)
   Output: a, b
   Index Cond: ((t.a >= 14705) AND (t.a <= 526848))
   Index Searches: 1
   Buffers: shared hit=1332716
 Settings: enable_bitmapscan = 'off', enable_seqscan = 'off', max_parallel_workers_per_gather = '0'
 Planning:
   Buffers: shared hit=113
 Planning Time: 0.217 ms
 Execution Time: 423.680 ms
(10 rows)

