SET
SET
SET
SET
                                             QUERY PLAN                                             
----------------------------------------------------------------------------------------------------
 Index Scan using idx on public.t (actual rows=4096.00 loops=1)
   Output: a, b
   Index Cond: ((t.a >= 16600) AND (t.a <= 17623))
   Index Searches: 1
   Buffers: shared hit=345 read=2332
 Settings: enable_bitmapscan = 'off', enable_seqscan = 'off', max_parallel_workers_per_gather = '0'
 Planning:
   Buffers: shared hit=86 read=26
 Planning Time: 2.257 ms
 Execution Time: 104.234 ms
(10 rows)

SET
SET
SET
SET
                                             QUERY PLAN                                             
----------------------------------------------------------------------------------------------------
 Index Scan using idx on public.t (actual rows=4096.00 loops=1)
   Output: a, b
   Index Cond: ((t.a >= 16600) AND (t.a <= 17623))
   Index Searches: 1
   Buffers: shared hit=2677
 Settings: enable_bitmapscan = 'off', enable_seqscan = 'off', max_parallel_workers_per_gather = '0'
 Planning:
   Buffers: shared hit=117
 Planning Time: 0.165 ms
 Execution Time: 1.250 ms
(10 rows)

