SET
SET
SET
SET
SET
                                                                QUERY PLAN                                                                 
-------------------------------------------------------------------------------------------------------------------------------------------
 Index Scan using idx on public.t (actual rows=8192.00 loops=1)
   Output: a, b
   Index Cond: ((t.a >= 32189) AND (t.a <= 34236))
   Index Searches: 1
   Prefetch: distance=270.034 count=6913 stalls=1 skipped=2695 resets=0 ungets=2048 forwarded=180
             histogram [2,4) => 2, [4,8) => 4, [8,16) => 7, [16,32) => 12, [32,64) => 16, [64,128) => 4, [128,256) => 7, [256,512) => 6861
   Buffers: shared hit=968 read=4316
 Settings: enable_bitmapscan = 'off', enable_seqscan = 'off', max_parallel_workers_per_gather = '0'
 Planning:
   Buffers: shared hit=82 read=22
 Planning Time: 1.770 ms
 Execution Time: 45.376 ms
(12 rows)

SET
SET
SET
SET
SET
                                             QUERY PLAN                                             
----------------------------------------------------------------------------------------------------
 Index Scan using idx on public.t (actual rows=8192.00 loops=1)
   Output: a, b
   Index Cond: ((t.a >= 32189) AND (t.a <= 34236))
   Index Searches: 1
   Buffers: shared hit=5284
 Settings: enable_bitmapscan = 'off', enable_seqscan = 'off', max_parallel_workers_per_gather = '0'
 Planning:
   Buffers: shared hit=109
 Planning Time: 0.198 ms
 Execution Time: 3.304 ms
(10 rows)

