SET
SET
SET
SET
SET
                                                                  QUERY PLAN                                                                   
-----------------------------------------------------------------------------------------------------------------------------------------------
 Index Scan using idx on public.t (actual rows=65536.00 loops=1)
   Output: a, b
   Index Cond: ((t.a >= 12940) AND (t.a <= 29323))
   Index Searches: 1
   Prefetch: distance=267.209 count=50314 stalls=1 skipped=22905 resets=0 ungets=8035 forwarded=1938
             histogram [2,4) => 4, [4,8) => 5, [8,16) => 15, [16,32) => 17, [32,64) => 7, [64,128) => 4, [128,256) => 3684, [256,512) => 46578
   Buffers: shared hit=29234 read=13378
 Settings: enable_bitmapscan = 'off', enable_seqscan = 'off', max_parallel_workers_per_gather = '0'
 Planning:
   Buffers: shared hit=82 read=26
 Planning Time: 2.304 ms
 Execution Time: 74.889 ms
(12 rows)

SET
SET
SET
SET
SET
                                             QUERY PLAN                                             
----------------------------------------------------------------------------------------------------
 Index Scan using idx on public.t (actual rows=65536.00 loops=1)
   Output: a, b
   Index Cond: ((t.a >= 12940) AND (t.a <= 29323))
   Index Searches: 1
   Buffers: shared hit=42612
 Settings: enable_bitmapscan = 'off', enable_seqscan = 'off', max_parallel_workers_per_gather = '0'
 Planning:
   Buffers: shared hit=113
 Planning Time: 0.204 ms
 Execution Time: 14.016 ms
(10 rows)

