SET
SET
SET
SET
SET
                                                                           QUERY PLAN                                                                            
-----------------------------------------------------------------------------------------------------------------------------------------------------------------
 Index Scan using idx on public.t (actual rows=6048576.00 loops=1)
   Output: a, b
   Index Cond: ((t.a >= 19881) AND (t.a <= 1532024))
   Index Searches: 1
   Prefetch: distance=98.113 count=460283 stalls=3480241 skipped=2123254 resets=0 ungets=15693 forwarded=9156
             histogram [2,4) => 179826, [4,8) => 105441, [8,16) => 4593, [16,32) => 201, [32,64) => 80, [64,128) => 142, [128,256) => 41976, [256,512) => 128024
   Buffers: shared hit=3767782 read=166439
 Settings: enable_bitmapscan = 'off', enable_seqscan = 'off', max_parallel_workers_per_gather = '0'
 Planning:
   Buffers: shared hit=82 read=26
 Planning Time: 2.098 ms
 Execution Time: 4021.531 ms
(12 rows)

SET
SET
SET
SET
SET
                                             QUERY PLAN                                             
----------------------------------------------------------------------------------------------------
 Index Scan using idx on public.t (actual rows=6048576.00 loops=1)
   Output: a, b
   Index Cond: ((t.a >= 19881) AND (t.a <= 1532024))
   Index Searches: 1
   Buffers: shared hit=3934222
 Settings: enable_bitmapscan = 'off', enable_seqscan = 'off', max_parallel_workers_per_gather = '0'
 Planning:
   Buffers: shared hit=113
 Planning Time: 0.224 ms
 Execution Time: 1243.054 ms
(10 rows)

