SET
SET
SET
SET
SET
                                                                       QUERY PLAN                                                                       
--------------------------------------------------------------------------------------------------------------------------------------------------------
 Index Scan using idx on public.t (actual rows=262144.00 loops=1)
   Output: a, b
   Index Cond: ((t.a >= 29628) AND (t.a <= 95163))
   Index Searches: 1
   Prefetch: distance=255.133 count=107091 stalls=73657 skipped=92088 resets=0 ungets=11211 forwarded=3156
             histogram [2,4) => 1024, [4,8) => 413, [8,16) => 24, [16,32) => 28, [32,64) => 69, [64,128) => 598, [128,256) => 24426, [256,512) => 80509
   Buffers: shared hit=149403 read=20876
 Settings: enable_bitmapscan = 'off', enable_seqscan = 'off', max_parallel_workers_per_gather = '0'
 Planning:
   Buffers: shared hit=82 read=22
 Planning Time: 1.778 ms
 Execution Time: 160.183 ms
(12 rows)

SET
SET
SET
SET
SET
                                             QUERY PLAN                                             
----------------------------------------------------------------------------------------------------
 Index Scan using idx on public.t (actual rows=262144.00 loops=1)
   Output: a, b
   Index Cond: ((t.a >= 29628) AND (t.a <= 95163))
   Index Searches: 1
   Buffers: shared hit=170279
 Settings: enable_bitmapscan = 'off', enable_seqscan = 'off', max_parallel_workers_per_gather = '0'
 Planning:
   Buffers: shared hit=109
 Planning Time: 0.190 ms
 Execution Time: 53.435 ms
(10 rows)

