SET
SET
SET
SET
SET
                                                                         QUERY PLAN                                                                         
------------------------------------------------------------------------------------------------------------------------------------------------------------
 Index Scan using idx on public.t (actual rows=1048576.00 loops=1)
   Output: a, b
   Index Cond: ((t.a >= 18389) AND (t.a <= 280532))
   Index Searches: 1
   Prefetch: distance=232.160 count=198300 stalls=497590 skipped=367742 resets=0 ungets=15571 forwarded=5029
             histogram [2,4) => 13207, [4,8) => 7222, [8,16) => 204, [16,32) => 44, [32,64) => 64, [64,128) => 225, [128,256) => 47038, [256,512) => 130296
   Buffers: shared hit=642424 read=39814
 Settings: enable_bitmapscan = 'off', enable_seqscan = 'off', max_parallel_workers_per_gather = '0'
 Planning:
   Buffers: shared hit=82 read=26
 Planning Time: 2.107 ms
 Execution Time: 546.500 ms
(12 rows)

SET
SET
SET
SET
SET
                                             QUERY PLAN                                             
----------------------------------------------------------------------------------------------------
 Index Scan using idx on public.t (actual rows=1048576.00 loops=1)
   Output: a, b
   Index Cond: ((t.a >= 18389) AND (t.a <= 280532))
   Index Searches: 1
   Buffers: shared hit=682238
 Settings: enable_bitmapscan = 'off', enable_seqscan = 'off', max_parallel_workers_per_gather = '0'
 Planning:
   Buffers: shared hit=113
 Planning Time: 0.193 ms
 Execution Time: 214.457 ms
(10 rows)

