SET
SET
SET
SET
SET
                                                                           QUERY PLAN                                                                           
----------------------------------------------------------------------------------------------------------------------------------------------------------------
 Index Scan using idx on public.t (actual rows=4048576.00 loops=1)
   Output: a, b
   Index Cond: ((t.a >= 7093) AND (t.a <= 1019236))
   Index Searches: 1
   Prefetch: distance=154.176 count=432825 stalls=2210673 skipped=1420839 resets=0 ungets=15860 forwarded=7962
             histogram [2,4) => 107012, [4,8) => 62668, [8,16) => 2783, [16,32) => 163, [32,64) => 63, [64,128) => 580, [128,256) => 94546, [256,512) => 165010
   Buffers: shared hit=2519027 read=114744
 Settings: enable_bitmapscan = 'off', enable_seqscan = 'off', max_parallel_workers_per_gather = '0'
 Planning:
   Buffers: shared hit=82 read=26
 Planning Time: 2.115 ms
 Execution Time: 2573.987 ms
(12 rows)

SET
SET
SET
SET
SET
                                             QUERY PLAN                                             
----------------------------------------------------------------------------------------------------
 Index Scan using idx on public.t (actual rows=4048576.00 loops=1)
   Output: a, b
   Index Cond: ((t.a >= 7093) AND (t.a <= 1019236))
   Index Searches: 1
   Buffers: shared hit=2633771
 Settings: enable_bitmapscan = 'off', enable_seqscan = 'off', max_parallel_workers_per_gather = '0'
 Planning:
   Buffers: shared hit=113
 Planning Time: 0.238 ms
 Execution Time: 836.302 ms
(10 rows)

