SET
SET
SET
SET
SET
                                                                             QUERY PLAN                                                                             
--------------------------------------------------------------------------------------------------------------------------------------------------------------------
 Index Scan using idx on public.t (actual rows=8048576.00 loops=1)
   Output: a, b
   Index Cond: ((t.a >= 25835) AND (t.a <= 2037978))
   Index Searches: 1
   Prefetch: distance=163.562 count=1035892 stalls=4201799 skipped=2826307 resets=0 ungets=15689 forwarded=13214
             histogram [2,4) => 221108, [4,8) => 129727, [8,16) => 5690, [16,32) => 252, [32,64) => 252, [64,128) => 1914, [128,256) => 341857, [256,512) => 335092
   Buffers: shared hit=5016555 read=217675
 Settings: enable_bitmapscan = 'off', enable_seqscan = 'off', max_parallel_workers_per_gather = '0'
 Planning:
   Buffers: shared hit=82 read=22
 Planning Time: 1.780 ms
 Execution Time: 5155.016 ms
(12 rows)

SET
SET
SET
SET
SET
                                             QUERY PLAN                                             
----------------------------------------------------------------------------------------------------
 Index Scan using idx on public.t (actual rows=8048576.00 loops=1)
   Output: a, b
   Index Cond: ((t.a >= 25835) AND (t.a <= 2037978))
   Index Searches: 1
   Buffers: shared hit=5234231
 Settings: enable_bitmapscan = 'off', enable_seqscan = 'off', max_parallel_workers_per_gather = '0'
 Planning:
   Buffers: shared hit=109
 Planning Time: 0.220 ms
 Execution Time: 1683.986 ms
(10 rows)

