SET
SET
SET
SET
SET
                                                                            QUERY PLAN                                                                            
------------------------------------------------------------------------------------------------------------------------------------------------------------------
 Index Scan using idx on public.t (actual rows=7048576.00 loops=1)
   Output: a, b
   Index Cond: ((t.a >= 23877) AND (t.a <= 1786020))
   Index Searches: 1
   Prefetch: distance=113.319 count=599251 stalls=3989150 skipped=2475211 resets=0 ungets=15483 forwarded=10389
             histogram [2,4) => 208710, [4,8) => 122575, [8,16) => 5336, [16,32) => 224, [32,64) => 189, [64,128) => 501, [128,256) => 94984, [256,512) => 166732
   Buffers: shared hit=4391664 read=192097
 Settings: enable_bitmapscan = 'off', enable_seqscan = 'off', max_parallel_workers_per_gather = '0'
 Planning:
   Buffers: shared hit=82 read=22
 Planning Time: 1.887 ms
 Execution Time: 4705.292 ms
(12 rows)

SET
SET
SET
SET
SET
                                             QUERY PLAN                                             
----------------------------------------------------------------------------------------------------
 Index Scan using idx on public.t (actual rows=7048576.00 loops=1)
   Output: a, b
   Index Cond: ((t.a >= 23877) AND (t.a <= 1786020))
   Index Searches: 1
   Buffers: shared hit=4583761
 Settings: enable_bitmapscan = 'off', enable_seqscan = 'off', max_parallel_workers_per_gather = '0'
 Planning:
   Buffers: shared hit=109
 Planning Time: 0.223 ms
 Execution Time: 1458.661 ms
(10 rows)

