SET
SET
SET
SET
SET
                                                                QUERY PLAN                                                                
------------------------------------------------------------------------------------------------------------------------------------------
 Index Scan using idx on public.t (actual rows=512.00 loops=1)
   Output: a, b
   Index Cond: ((t.a >= 458) AND (t.a <= 585))
   Index Searches: 1
   Prefetch: distance=206.253 count=178 stalls=1 skipped=81 resets=0 ungets=43 forwarded=2
             histogram [2,4) => 3, [4,8) => 6, [8,16) => 8, [16,32) => 14, [32,64) => 14, [64,128) => 2, [128,256) => 3, [256,512) => 128
   Buffers: shared hit=22 read=316
 Settings: enable_bitmapscan = 'off', enable_seqscan = 'off', max_parallel_workers_per_gather = '0'
 Planning:
   Buffers: shared hit=86 read=26
 Planning Time: 1.741 ms
 Execution Time: 13.667 ms
(12 rows)

SET
SET
SET
SET
SET
                                             QUERY PLAN                                             
----------------------------------------------------------------------------------------------------
 Index Scan using idx on public.t (actual rows=512.00 loops=1)
   Output: a, b
   Index Cond: ((t.a >= 458) AND (t.a <= 585))
   Index Searches: 1
   Buffers: shared hit=338
 Settings: enable_bitmapscan = 'off', enable_seqscan = 'off', max_parallel_workers_per_gather = '0'
 Planning:
   Buffers: shared hit=117
 Planning Time: 0.150 ms
 Execution Time: 0.192 ms
(10 rows)

