SET
SET
SET
SET
SET
                                                                  QUERY PLAN                                                                  
----------------------------------------------------------------------------------------------------------------------------------------------
 Index Scan using idx on public.t (actual rows=32768.00 loops=1)
   Output: a, b
   Index Cond: ((t.a >= 7407) AND (t.a <= 15598))
   Index Searches: 1
   Prefetch: distance=269.655 count=26913 stalls=1 skipped=11404 resets=0 ungets=5777 forwarded=1125
             histogram [2,4) => 2, [4,8) => 3, [8,16) => 5, [16,32) => 10, [32,64) => 17, [64,128) => 8, [128,256) => 325, [256,512) => 26543
   Buffers: shared hit=11453 read=9896
 Settings: enable_bitmapscan = 'off', enable_seqscan = 'off', max_parallel_workers_per_gather = '0'
 Planning:
   Buffers: shared hit=86 read=26
 Planning Time: 2.084 ms
 Execution Time: 55.416 ms
(12 rows)

SET
SET
SET
SET
SET
                                             QUERY PLAN                                             
----------------------------------------------------------------------------------------------------
 Index Scan using idx on public.t (actual rows=32768.00 loops=1)
   Output: a, b
   Index Cond: ((t.a >= 7407) AND (t.a <= 15598))
   Index Searches: 1
   Buffers: shared hit=21350
 Settings: enable_bitmapscan = 'off', enable_seqscan = 'off', max_parallel_workers_per_gather = '0'
 Planning:
   Buffers: shared hit=117
 Planning Time: 0.221 ms
 Execution Time: 9.379 ms
(10 rows)

