SET
SET
SET
SET
SET
                                                                QUERY PLAN                                                                 
-------------------------------------------------------------------------------------------------------------------------------------------
 Index Scan using idx on public.t (actual rows=8192.00 loops=1)
   Output: a, b
   Index Cond: ((t.a >= 5064) AND (t.a <= 7111))
   Index Searches: 1
   Prefetch: distance=269.841 count=7085 stalls=1 skipped=2750 resets=0 ungets=1991 forwarded=206
             histogram [2,4) => 2, [4,8) => 3, [8,16) => 5, [16,32) => 24, [32,64) => 14, [64,128) => 4, [128,256) => 4, [256,512) => 7029
   Buffers: shared hit=1337 read=3997
 Settings: enable_bitmapscan = 'off', enable_seqscan = 'off', max_parallel_workers_per_gather = '0'
 Planning:
   Buffers: shared hit=86 read=26
 Planning Time: 2.105 ms
 Execution Time: 31.916 ms
(12 rows)

SET
SET
SET
SET
SET
                                             QUERY PLAN                                             
----------------------------------------------------------------------------------------------------
 Index Scan using idx on public.t (actual rows=8192.00 loops=1)
   Output: a, b
   Index Cond: ((t.a >= 5064) AND (t.a <= 7111))
   Index Searches: 1
   Buffers: shared hit=5334
 Settings: enable_bitmapscan = 'off', enable_seqscan = 'off', max_parallel_workers_per_gather = '0'
 Planning:
   Buffers: shared hit=117
 Planning Time: 0.209 ms
 Execution Time: 2.640 ms
(10 rows)

