SET
SET
SET
SET
SET
                                                                         QUERY PLAN                                                                         
------------------------------------------------------------------------------------------------------------------------------------------------------------
 Index Scan using idx on public.t (actual rows=1048576.00 loops=1)
   Output: a, b
   Index Cond: ((t.a >= 12113) AND (t.a <= 274256))
   Index Searches: 1
   Prefetch: distance=231.016 count=182546 stalls=513787 skipped=367922 resets=0 ungets=15806 forwarded=4925
             histogram [2,4) => 13295, [4,8) => 7255, [8,16) => 201, [16,32) => 43, [32,64) => 55, [64,128) => 138, [128,256) => 38257, [256,512) => 123302
   Buffers: shared hit=642899 read=39278
 Settings: enable_bitmapscan = 'off', enable_seqscan = 'off', max_parallel_workers_per_gather = '0'
 Planning:
   Buffers: shared hit=82 read=26
 Planning Time: 2.096 ms
 Execution Time: 530.444 ms
(12 rows)

SET
SET
SET
SET
SET
                                             QUERY PLAN                                             
----------------------------------------------------------------------------------------------------
 Index Scan using idx on public.t (actual rows=1048576.00 loops=1)
   Output: a, b
   Index Cond: ((t.a >= 12113) AND (t.a <= 274256))
   Index Searches: 1
   Buffers: shared hit=682179
 Settings: enable_bitmapscan = 'off', enable_seqscan = 'off', max_parallel_workers_per_gather = '0'
 Planning:
   Buffers: shared hit=113
 Planning Time: 0.188 ms
 Execution Time: 213.045 ms
(10 rows)

