SET
SET
SET
SET
SET
                                                                             QUERY PLAN                                                                             
--------------------------------------------------------------------------------------------------------------------------------------------------------------------
 Index Scan using idx on public.t (actual rows=9048576.00 loops=1)
   Output: a, b
   Index Cond: ((t.a >= 3839) AND (t.a <= 2265982))
   Index Searches: 1
   Prefetch: distance=150.039 count=1029129 stalls=4857288 skipped=3177270 resets=0 ungets=15574 forwarded=13681
             histogram [2,4) => 254559, [4,8) => 149534, [8,16) => 6626, [16,32) => 313, [32,64) => 310, [64,128) => 2333, [128,256) => 307136, [256,512) => 308318
   Buffers: shared hit=5643798 read=240894
 Settings: enable_bitmapscan = 'off', enable_seqscan = 'off', max_parallel_workers_per_gather = '0'
 Planning:
   Buffers: shared hit=82 read=26
 Planning Time: 2.070 ms
 Execution Time: 5757.751 ms
(12 rows)

SET
SET
SET
SET
SET
                                             QUERY PLAN                                             
----------------------------------------------------------------------------------------------------
 Index Scan using idx on public.t (actual rows=9048576.00 loops=1)
   Output: a, b
   Index Cond: ((t.a >= 3839) AND (t.a <= 2265982))
   Index Searches: 1
   Buffers: shared hit=5884692
 Settings: enable_bitmapscan = 'off', enable_seqscan = 'off', max_parallel_workers_per_gather = '0'
 Planning:
   Buffers: shared hit=113
 Planning Time: 0.242 ms
 Execution Time: 1877.659 ms
(10 rows)

