SET
SET
SET
SET
SET
                                                                             QUERY PLAN                                                                             
--------------------------------------------------------------------------------------------------------------------------------------------------------------------
 Index Scan using idx on public.t (actual rows=8048576.00 loops=1)
   Output: a, b
   Index Cond: ((t.a >= 11179) AND (t.a <= 2023322))
   Index Searches: 1
   Prefetch: distance=160.382 count=997924 stalls=4239576 skipped=2826203 resets=0 ungets=15554 forwarded=13013
             histogram [2,4) => 221273, [4,8) => 129802, [8,16) => 5688, [16,32) => 253, [32,64) => 254, [64,128) => 1872, [128,256) => 320030, [256,512) => 318752
   Buffers: shared hit=5017992 read=216289
 Settings: enable_bitmapscan = 'off', enable_seqscan = 'off', max_parallel_workers_per_gather = '0'
 Planning:
   Buffers: shared hit=82 read=26
 Planning Time: 2.111 ms
 Execution Time: 5105.137 ms
(12 rows)

SET
SET
SET
SET
SET
                                             QUERY PLAN                                             
----------------------------------------------------------------------------------------------------
 Index Scan using idx on public.t (actual rows=8048576.00 loops=1)
   Output: a, b
   Index Cond: ((t.a >= 11179) AND (t.a <= 2023322))
   Index Searches: 1
   Buffers: shared hit=5234282
 Settings: enable_bitmapscan = 'off', enable_seqscan = 'off', max_parallel_workers_per_gather = '0'
 Planning:
   Buffers: shared hit=113
 Planning Time: 0.264 ms
 Execution Time: 1667.804 ms
(10 rows)

