SET
SET
SET
SET
                                             QUERY PLAN                                             
----------------------------------------------------------------------------------------------------
 Index Scan using idx on public.t (actual rows=4048576.00 loops=1)
   Output: a, b
   Index Cond: ((t.a >= 1915) AND (t.a <= 1014058))
   Index Searches: 1
   Buffers: shared hit=2519551 read=114192
 Settings: enable_bitmapscan = 'off', enable_seqscan = 'off', max_parallel_workers_per_gather = '0'
 Planning:
   Buffers: shared hit=82 read=26
 Planning Time: 2.093 ms
 Execution Time: 2420.452 ms
(10 rows)

SET
SET
SET
SET
                                             QUERY PLAN                                             
----------------------------------------------------------------------------------------------------
 Index Scan using idx on public.t (actual rows=4048576.00 loops=1)
   Output: a, b
   Index Cond: ((t.a >= 1915) AND (t.a <= 1014058))
   Index Searches: 1
   Buffers: shared hit=2633743
 Settings: enable_bitmapscan = 'off', enable_seqscan = 'off', max_parallel_workers_per_gather = '0'
 Planning:
   Buffers: shared hit=113
 Planning Time: 0.239 ms
 Execution Time: 830.724 ms
(10 rows)

