SET
SET
SET
SET
SET
                                                                  QUERY PLAN                                                                   
-----------------------------------------------------------------------------------------------------------------------------------------------
 Index Scan using idx on public.t (actual rows=32768.00 loops=1)
   Output: a, b
   Index Cond: ((t.a >= 15333) AND (t.a <= 23524))
   Index Searches: 1
   Prefetch: distance=269.861 count=26717 stalls=1 skipped=11321 resets=0 ungets=5806 forwarded=1075
             histogram [2,4) => 2, [4,8) => 5, [8,16) => 11, [16,32) => 14, [32,64) => 11, [64,128) => 2, [128,256) => 182, [256,512) => 26490
   Buffers: shared hit=11016 read=10294
 Settings: enable_bitmapscan = 'off', enable_seqscan = 'off', max_parallel_workers_per_gather = '0'
 Planning:
   Buffers: shared hit=86 read=26
 Planning Time: 2.094 ms
 Execution Time: 64.199 ms
(12 rows)

SET
SET
SET
SET
SET
                                             QUERY PLAN                                             
----------------------------------------------------------------------------------------------------
 Index Scan using idx on public.t (actual rows=32768.00 loops=1)
   Output: a, b
   Index Cond: ((t.a >= 15333) AND (t.a <= 23524))
   Index Searches: 1
   Buffers: shared hit=21312
 Settings: enable_bitmapscan = 'off', enable_seqscan = 'off', max_parallel_workers_per_gather = '0'
 Planning:
   Buffers: shared hit=117
 Planning Time: 0.194 ms
 Execution Time: 7.518 ms
(10 rows)

