SET
SET
SET
SET
SET
                                                                QUERY PLAN                                                                
------------------------------------------------------------------------------------------------------------------------------------------
 Index Scan using idx on public.t (actual rows=8192.00 loops=1)
   Output: a, b
   Index Cond: ((t.a >= 20460) AND (t.a <= 22507))
   Index Searches: 1
   Prefetch: distance=270.085 count=7039 stalls=1 skipped=2735 resets=0 ungets=2058 forwarded=197
             histogram [2,4) => 2, [4,8) => 4, [8,16) => 5, [16,32) => 27, [32,64) => 6, [64,128) => 2, [128,256) => 2, [256,512) => 6991
   Buffers: shared hit=1121 read=4190
 Settings: enable_bitmapscan = 'off', enable_seqscan = 'off', max_parallel_workers_per_gather = '0'
 Planning:
   Buffers: shared hit=86 read=26
 Planning Time: 2.115 ms
 Execution Time: 38.518 ms
(12 rows)

SET
SET
SET
SET
SET
                                             QUERY PLAN                                             
----------------------------------------------------------------------------------------------------
 Index Scan using idx on public.t (actual rows=8192.00 loops=1)
   Output: a, b
   Index Cond: ((t.a >= 20460) AND (t.a <= 22507))
   Index Searches: 1
   Buffers: shared hit=5311
 Settings: enable_bitmapscan = 'off', enable_seqscan = 'off', max_parallel_workers_per_gather = '0'
 Planning:
   Buffers: shared hit=117
 Planning Time: 0.228 ms
 Execution Time: 2.312 ms
(10 rows)

