SET
SET
SET
SET
SET
                                                                            QUERY PLAN                                                                            
------------------------------------------------------------------------------------------------------------------------------------------------------------------
 Index Scan using idx on public.t (actual rows=6048576.00 loops=1)
   Output: a, b
   Index Cond: ((t.a >= 319) AND (t.a <= 1512462))
   Index Searches: 1
   Prefetch: distance=150.649 count=661807 stalls=3278682 skipped=2123221 resets=0 ungets=15533 forwarded=10006
             histogram [2,4) => 165880, [4,8) => 97127, [8,16) => 4223, [16,32) => 149, [32,64) => 89, [64,128) => 1318, [128,256) => 174500, [256,512) => 218521
   Buffers: shared hit=3769609 read=164667
 Settings: enable_bitmapscan = 'off', enable_seqscan = 'off', max_parallel_workers_per_gather = '0'
 Planning:
   Buffers: shared hit=82 read=26
 Planning Time: 2.097 ms
 Execution Time: 3851.141 ms
(12 rows)

SET
SET
SET
SET
SET
                                             QUERY PLAN                                             
----------------------------------------------------------------------------------------------------
 Index Scan using idx on public.t (actual rows=6048576.00 loops=1)
   Output: a, b
   Index Cond: ((t.a >= 319) AND (t.a <= 1512462))
   Index Searches: 1
   Buffers: shared hit=3934276
 Settings: enable_bitmapscan = 'off', enable_seqscan = 'off', max_parallel_workers_per_gather = '0'
 Planning:
   Buffers: shared hit=113
 Planning Time: 0.238 ms
 Execution Time: 1239.323 ms
(10 rows)

