SET
SET
SET
SET
SET
                                                                      QUERY PLAN                                                                       
-------------------------------------------------------------------------------------------------------------------------------------------------------
 Index Scan using idx on public.t (actual rows=131072.00 loops=1)
   Output: a, b
   Index Cond: ((t.a >= 22741) AND (t.a <= 55508))
   Index Searches: 1
   Prefetch: distance=258.915 count=88353 stalls=5897 skipped=46048 resets=0 ungets=9441 forwarded=2685
             histogram [2,4) => 177, [4,8) => 44, [8,16) => 13, [16,32) => 27, [32,64) => 131, [64,128) => 305, [128,256) => 19508, [256,512) => 68148
   Buffers: shared hit=68354 read=16792
 Settings: enable_bitmapscan = 'off', enable_seqscan = 'off', max_parallel_workers_per_gather = '0'
 Planning:
   Buffers: shared hit=82 read=26
 Planning Time: 2.331 ms
 Execution Time: 96.146 ms
(12 rows)

SET
SET
SET
SET
SET
                                             QUERY PLAN                                             
----------------------------------------------------------------------------------------------------
 Index Scan using idx on public.t (actual rows=131072.00 loops=1)
   Output: a, b
   Index Cond: ((t.a >= 22741) AND (t.a <= 55508))
   Index Searches: 1
   Buffers: shared hit=85150
 Settings: enable_bitmapscan = 'off', enable_seqscan = 'off', max_parallel_workers_per_gather = '0'
 Planning:
   Buffers: shared hit=113
 Planning Time: 0.192 ms
 Execution Time: 26.915 ms
(10 rows)

