SET
SET
SET
SET
SET
                                                                            QUERY PLAN                                                                            
------------------------------------------------------------------------------------------------------------------------------------------------------------------
 Index Scan using idx on public.t (actual rows=3048576.00 loops=1)
   Output: a, b
   Index Cond: ((t.a >= 9953) AND (t.a <= 772096))
   Index Searches: 1
   Prefetch: distance=196.368 count=494251 stalls=1499932 skipped=1069966 resets=0 ungets=15752 forwarded=7781
             histogram [2,4) => 67704, [4,8) => 39448, [8,16) => 1686, [16,32) => 113, [32,64) => 233, [64,128) => 1137, [128,256) => 167805, [256,512) => 216125
   Buffers: shared hit=1893378 read=89731
 Settings: enable_bitmapscan = 'off', enable_seqscan = 'off', max_parallel_workers_per_gather = '0'
 Planning:
   Buffers: shared hit=82 read=26
 Planning Time: 2.112 ms
 Execution Time: 1782.933 ms
(12 rows)

SET
SET
SET
SET
SET
                                             QUERY PLAN                                             
----------------------------------------------------------------------------------------------------
 Index Scan using idx on public.t (actual rows=3048576.00 loops=1)
   Output: a, b
   Index Cond: ((t.a >= 9953) AND (t.a <= 772096))
   Index Searches: 1
   Buffers: shared hit=1983113
 Settings: enable_bitmapscan = 'off', enable_seqscan = 'off', max_parallel_workers_per_gather = '0'
 Planning:
   Buffers: shared hit=113
 Planning Time: 0.228 ms
 Execution Time: 627.863 ms
(10 rows)

