SET
SET
SET
SET
SET
                                                                  QUERY PLAN                                                                  
----------------------------------------------------------------------------------------------------------------------------------------------
 Index Scan using idx on public.t (actual rows=65536.00 loops=1)
   Output: a, b
   Index Cond: ((t.a >= 12101) AND (t.a <= 28484))
   Index Searches: 1
   Prefetch: distance=267.174 count=50301 stalls=1 skipped=22894 resets=0 ungets=7995 forwarded=1918
             histogram [2,4) => 2, [4,8) => 3, [8,16) => 9, [16,32) => 26, [32,64) => 7, [64,128) => 4, [128,256) => 3690, [256,512) => 46560
   Buffers: shared hit=29297 read=13331
 Settings: enable_bitmapscan = 'off', enable_seqscan = 'off', max_parallel_workers_per_gather = '0'
 Planning:
   Buffers: shared hit=82 read=26
 Planning Time: 2.107 ms
 Execution Time: 73.053 ms
(12 rows)

SET
SET
SET
SET
SET
                                             QUERY PLAN                                             
----------------------------------------------------------------------------------------------------
 Index Scan using idx on public.t (actual rows=65536.00 loops=1)
   Output: a, b
   Index Cond: ((t.a >= 12101) AND (t.a <= 28484))
   Index Searches: 1
   Buffers: shared hit=42629
 Settings: enable_bitmapscan = 'off', enable_seqscan = 'off', max_parallel_workers_per_gather = '0'
 Planning:
   Buffers: shared hit=113
 Planning Time: 0.189 ms
 Execution Time: 12.992 ms
(10 rows)

