SET
SET
SET
SET
SET
                                                                             QUERY PLAN                                                                             
--------------------------------------------------------------------------------------------------------------------------------------------------------------------
 Index Scan using idx on public.t (actual rows=8048576.00 loops=1)
   Output: a, b
   Index Cond: ((t.a >= 15140) AND (t.a <= 2027283))
   Index Searches: 1
   Prefetch: distance=161.267 count=1008293 stalls=4229350 skipped=2826241 resets=0 ungets=15547 forwarded=13106
             histogram [2,4) => 221242, [4,8) => 129790, [8,16) => 5689, [16,32) => 254, [32,64) => 254, [64,128) => 1905, [128,256) => 325677, [256,512) => 323482
   Buffers: shared hit=5017644 read=216668
 Settings: enable_bitmapscan = 'off', enable_seqscan = 'off', max_parallel_workers_per_gather = '0'
 Planning:
   Buffers: shared hit=82 read=26
 Planning Time: 2.161 ms
 Execution Time: 5145.050 ms
(12 rows)

SET
SET
SET
SET
SET
                                             QUERY PLAN                                             
----------------------------------------------------------------------------------------------------
 Index Scan using idx on public.t (actual rows=8048576.00 loops=1)
   Output: a, b
   Index Cond: ((t.a >= 15140) AND (t.a <= 2027283))
   Index Searches: 1
   Buffers: shared hit=5234313
 Settings: enable_bitmapscan = 'off', enable_seqscan = 'off', max_parallel_workers_per_gather = '0'
 Planning:
   Buffers: shared hit=113
 Planning Time: 0.214 ms
 Execution Time: 1668.362 ms
(10 rows)

