SET
SET
SET
SET
SET
                                                                            QUERY PLAN                                                                            
------------------------------------------------------------------------------------------------------------------------------------------------------------------
 Index Scan using idx on public.t (actual rows=7048576.00 loops=1)
   Output: a, b
   Index Cond: ((t.a >= 16622) AND (t.a <= 1778765))
   Index Searches: 1
   Prefetch: distance=109.159 count=580975 stalls=4007837 skipped=2475420 resets=0 ungets=15807 forwarded=10282
             histogram [2,4) => 208793, [4,8) => 122621, [8,16) => 5334, [16,32) => 223, [32,64) => 189, [64,128) => 444, [128,256) => 83355, [256,512) => 160016
   Buffers: shared hit=4392161 read=191497
 Settings: enable_bitmapscan = 'off', enable_seqscan = 'off', max_parallel_workers_per_gather = '0'
 Planning:
   Buffers: shared hit=82 read=26
 Planning Time: 2.094 ms
 Execution Time: 4670.794 ms
(12 rows)

SET
SET
SET
SET
SET
                                             QUERY PLAN                                             
----------------------------------------------------------------------------------------------------
 Index Scan using idx on public.t (actual rows=7048576.00 loops=1)
   Output: a, b
   Index Cond: ((t.a >= 16622) AND (t.a <= 1778765))
   Index Searches: 1
   Buffers: shared hit=4583659
 Settings: enable_bitmapscan = 'off', enable_seqscan = 'off', max_parallel_workers_per_gather = '0'
 Planning:
   Buffers: shared hit=113
 Planning Time: 0.227 ms
 Execution Time: 1441.173 ms
(10 rows)

