SET
SET
SET
SET
SET
                                                                QUERY PLAN                                                                 
-------------------------------------------------------------------------------------------------------------------------------------------
 Index Scan using idx on public.t (actual rows=8192.00 loops=1)
   Output: a, b
   Index Cond: ((t.a >= 16318) AND (t.a <= 18365))
   Index Searches: 1
   Prefetch: distance=269.910 count=6942 stalls=1 skipped=2637 resets=0 ungets=1995 forwarded=223
             histogram [2,4) => 2, [4,8) => 5, [8,16) => 13, [16,32) => 17, [32,64) => 6, [64,128) => 7, [128,256) => 2, [256,512) => 6890
   Buffers: shared hit=1173 read=4184
 Settings: enable_bitmapscan = 'off', enable_seqscan = 'off', max_parallel_workers_per_gather = '0'
 Planning:
   Buffers: shared hit=86 read=26
 Planning Time: 2.150 ms
 Execution Time: 42.715 ms
(12 rows)

SET
SET
SET
SET
SET
                                             QUERY PLAN                                             
----------------------------------------------------------------------------------------------------
 Index Scan using idx on public.t (actual rows=8192.00 loops=1)
   Output: a, b
   Index Cond: ((t.a >= 16318) AND (t.a <= 18365))
   Index Searches: 1
   Buffers: shared hit=5357
 Settings: enable_bitmapscan = 'off', enable_seqscan = 'off', max_parallel_workers_per_gather = '0'
 Planning:
   Buffers: shared hit=117
 Planning Time: 0.173 ms
 Execution Time: 1.899 ms
(10 rows)

