SET
SET
SET
SET
SET
                                                                 QUERY PLAN                                                                 
--------------------------------------------------------------------------------------------------------------------------------------------
 Index Scan using idx on public.t (actual rows=16384.00 loops=1)
   Output: a, b
   Index Cond: ((t.a >= 26986) AND (t.a <= 31081))
   Index Searches: 1
   Prefetch: distance=270.610 count=14550 stalls=1 skipped=5736 resets=0 ungets=3938 forwarded=562
             histogram [2,4) => 2, [4,8) => 4, [8,16) => 5, [16,32) => 12, [32,64) => 19, [64,128) => 2, [128,256) => 3, [256,512) => 14503
   Buffers: shared hit=3488 read=7178
 Settings: enable_bitmapscan = 'off', enable_seqscan = 'off', max_parallel_workers_per_gather = '0'
 Planning:
   Buffers: shared hit=82 read=22
 Planning Time: 1.775 ms
 Execution Time: 36.754 ms
(12 rows)

SET
SET
SET
SET
SET
                                             QUERY PLAN                                             
----------------------------------------------------------------------------------------------------
 Index Scan using idx on public.t (actual rows=16384.00 loops=1)
   Output: a, b
   Index Cond: ((t.a >= 26986) AND (t.a <= 31081))
   Index Searches: 1
   Buffers: shared hit=10667
 Settings: enable_bitmapscan = 'off', enable_seqscan = 'off', max_parallel_workers_per_gather = '0'
 Planning:
   Buffers: shared hit=109
 Planning Time: 0.168 ms
 Execution Time: 4.520 ms
(10 rows)

