SET
SET
SET
SET
SET
                                                                QUERY PLAN                                                                
------------------------------------------------------------------------------------------------------------------------------------------
 Index Scan using idx on public.t (actual rows=1024.00 loops=1)
   Output: a, b
   Index Cond: ((t.a >= 13358) AND (t.a <= 13613))
   Index Searches: 1
   Prefetch: distance=251.849 count=651 stalls=1 skipped=257 resets=0 ungets=188 forwarded=4
             histogram [2,4) => 2, [4,8) => 4, [8,16) => 7, [16,32) => 13, [32,64) => 26, [64,128) => 2, [128,256) => 2, [256,512) => 595
   Buffers: shared hit=45 read=631
 Settings: enable_bitmapscan = 'off', enable_seqscan = 'off', max_parallel_workers_per_gather = '0'
 Planning:
   Buffers: shared hit=86 read=26
 Planning Time: 2.154 ms
 Execution Time: 15.632 ms
(12 rows)

SET
SET
SET
SET
SET
                                             QUERY PLAN                                             
----------------------------------------------------------------------------------------------------
 Index Scan using idx on public.t (actual rows=1024.00 loops=1)
   Output: a, b
   Index Cond: ((t.a >= 13358) AND (t.a <= 13613))
   Index Searches: 1
   Buffers: shared hit=676
 Settings: enable_bitmapscan = 'off', enable_seqscan = 'off', max_parallel_workers_per_gather = '0'
 Planning:
   Buffers: shared hit=117
 Planning Time: 0.200 ms
 Execution Time: 0.603 ms
(10 rows)

