SET
SET
SET
SET
SET
                                                                            QUERY PLAN                                                                            
------------------------------------------------------------------------------------------------------------------------------------------------------------------
 Index Scan using idx on public.t (actual rows=3048576.00 loops=1)
   Output: a, b
   Index Cond: ((t.a >= 17385) AND (t.a <= 779528))
   Index Searches: 1
   Prefetch: distance=198.203 count=513020 stalls=1480723 skipped=1069884 resets=0 ungets=15566 forwarded=7944
             histogram [2,4) => 67628, [4,8) => 39421, [8,16) => 1684, [16,32) => 114, [32,64) => 233, [64,128) => 1238, [128,256) => 178152, [256,512) => 224550
   Buffers: shared hit=1892777 read=90311
 Settings: enable_bitmapscan = 'off', enable_seqscan = 'off', max_parallel_workers_per_gather = '0'
 Planning:
   Buffers: shared hit=82 read=26
 Planning Time: 2.149 ms
 Execution Time: 1793.316 ms
(12 rows)

SET
SET
SET
SET
SET
                                             QUERY PLAN                                             
----------------------------------------------------------------------------------------------------
 Index Scan using idx on public.t (actual rows=3048576.00 loops=1)
   Output: a, b
   Index Cond: ((t.a >= 17385) AND (t.a <= 779528))
   Index Searches: 1
   Buffers: shared hit=1983088
 Settings: enable_bitmapscan = 'off', enable_seqscan = 'off', max_parallel_workers_per_gather = '0'
 Planning:
   Buffers: shared hit=113
 Planning Time: 0.223 ms
 Execution Time: 630.781 ms
(10 rows)

