SET
SET
SET
SET
SET
                                                                    QUERY PLAN                                                                     
---------------------------------------------------------------------------------------------------------------------------------------------------
 Index Scan using idx on public.t (actual rows=131072.00 loops=1)
   Output: a, b
   Index Cond: ((t.a >= 30342) AND (t.a <= 63109))
   Index Searches: 1
   Prefetch: distance=258.291 count=94230 stalls=95 skipped=45952 resets=0 ungets=9764 forwarded=2725
             histogram [2,4) => 7, [4,8) => 7, [8,16) => 15, [16,32) => 26, [32,64) => 52, [64,128) => 436, [128,256) => 22623, [256,512) => 71064
   Buffers: shared hit=67719 read=17410
 Settings: enable_bitmapscan = 'off', enable_seqscan = 'off', max_parallel_workers_per_gather = '0'
 Planning:
   Buffers: shared hit=82 read=22
 Planning Time: 1.791 ms
 Execution Time: 107.636 ms
(12 rows)

SET
SET
SET
SET
SET
                                             QUERY PLAN                                             
----------------------------------------------------------------------------------------------------
 Index Scan using idx on public.t (actual rows=131072.00 loops=1)
   Output: a, b
   Index Cond: ((t.a >= 30342) AND (t.a <= 63109))
   Index Searches: 1
   Buffers: shared hit=85130
 Settings: enable_bitmapscan = 'off', enable_seqscan = 'off', max_parallel_workers_per_gather = '0'
 Planning:
   Buffers: shared hit=109
 Planning Time: 0.173 ms
 Execution Time: 26.424 ms
(10 rows)

