SET
SET
SET
SET
SET
                                                                      QUERY PLAN                                                                       
-------------------------------------------------------------------------------------------------------------------------------------------------------
 Index Scan using idx on public.t (actual rows=262144.00 loops=1)
   Output: a, b
   Index Cond: ((t.a >= 11297) AND (t.a <= 76832))
   Index Searches: 1
   Prefetch: distance=253.644 count=108789 stalls=71684 skipped=92129 resets=0 ungets=10465 forwarded=2972
             histogram [2,4) => 592, [4,8) => 214, [8,16) => 19, [16,32) => 26, [32,64) => 49, [64,128) => 749, [128,256) => 29945, [256,512) => 77195
   Buffers: shared hit=151131 read=19280
 Settings: enable_bitmapscan = 'off', enable_seqscan = 'off', max_parallel_workers_per_gather = '0'
 Planning:
   Buffers: shared hit=82 read=26
 Planning Time: 2.142 ms
 Execution Time: 133.996 ms
(12 rows)

SET
SET
SET
SET
SET
                                             QUERY PLAN                                             
----------------------------------------------------------------------------------------------------
 Index Scan using idx on public.t (actual rows=262144.00 loops=1)
   Output: a, b
   Index Cond: ((t.a >= 11297) AND (t.a <= 76832))
   Index Searches: 1
   Buffers: shared hit=170412
 Settings: enable_bitmapscan = 'off', enable_seqscan = 'off', max_parallel_workers_per_gather = '0'
 Planning:
   Buffers: shared hit=113
 Planning Time: 0.189 ms
 Execution Time: 50.704 ms
(10 rows)

