SET
SET
SET
SET
SET
                                                                           QUERY PLAN                                                                            
-----------------------------------------------------------------------------------------------------------------------------------------------------------------
 Index Scan using idx on public.t (actual rows=4048576.00 loops=1)
   Output: a, b
   Index Cond: ((t.a >= 14036) AND (t.a <= 1026179))
   Index Searches: 1
   Prefetch: distance=157.687 count=450312 stalls=2192722 skipped=1420753 resets=0 ungets=15694 forwarded=8053
             histogram [2,4) => 106959, [4,8) => 62656, [8,16) => 2782, [16,32) => 161, [32,64) => 74, [64,128) => 692, [128,256) => 105044, [256,512) => 171944
   Buffers: shared hit=2518391 read=115340
 Settings: enable_bitmapscan = 'off', enable_seqscan = 'off', max_parallel_workers_per_gather = '0'
 Planning:
   Buffers: shared hit=82 read=26
 Planning Time: 2.229 ms
 Execution Time: 2564.562 ms
(12 rows)

SET
SET
SET
SET
SET
                                             QUERY PLAN                                             
----------------------------------------------------------------------------------------------------
 Index Scan using idx on public.t (actual rows=4048576.00 loops=1)
   Output: a, b
   Index Cond: ((t.a >= 14036) AND (t.a <= 1026179))
   Index Searches: 1
   Buffers: shared hit=2633731
 Settings: enable_bitmapscan = 'off', enable_seqscan = 'off', max_parallel_workers_per_gather = '0'
 Planning:
   Buffers: shared hit=113
 Planning Time: 0.244 ms
 Execution Time: 831.495 ms
(10 rows)

