SET
SET
SET
SET
SET
                                                                   QUERY PLAN                                                                   
------------------------------------------------------------------------------------------------------------------------------------------------
 Index Scan using idx on public.t (actual rows=65536.00 loops=1)
   Output: a, b
   Index Cond: ((t.a >= 16565) AND (t.a <= 32948))
   Index Searches: 1
   Prefetch: distance=267.530 count=50612 stalls=1 skipped=22965 resets=0 ungets=8197 forwarded=1933
             histogram [2,4) => 2, [4,8) => 4, [8,16) => 6, [16,32) => 10, [32,64) => 17, [64,128) => 12, [128,256) => 3237, [256,512) => 47324
   Buffers: shared hit=28965 read=13659
 Settings: enable_bitmapscan = 'off', enable_seqscan = 'off', max_parallel_workers_per_gather = '0'
 Planning:
   Buffers: shared hit=82 read=26
 Planning Time: 2.122 ms
 Execution Time: 67.134 ms
(12 rows)

SET
SET
SET
SET
SET
                                             QUERY PLAN                                             
----------------------------------------------------------------------------------------------------
 Index Scan using idx on public.t (actual rows=65536.00 loops=1)
   Output: a, b
   Index Cond: ((t.a >= 16565) AND (t.a <= 32948))
   Index Searches: 1
   Buffers: shared hit=42624
 Settings: enable_bitmapscan = 'off', enable_seqscan = 'off', max_parallel_workers_per_gather = '0'
 Planning:
   Buffers: shared hit=113
 Planning Time: 0.194 ms
 Execution Time: 13.004 ms
(10 rows)

