SET
SET
SET
SET
SET
                                                                           QUERY PLAN                                                                            
-----------------------------------------------------------------------------------------------------------------------------------------------------------------
 Index Scan using idx on public.t (actual rows=6048576.00 loops=1)
   Output: a, b
   Index Cond: ((t.a >= 30675) AND (t.a <= 1542818))
   Index Searches: 1
   Prefetch: distance=106.669 count=488198 stalls=3452517 skipped=2123201 resets=0 ungets=15587 forwarded=9253
             histogram [2,4) => 179646, [4,8) => 105372, [8,16) => 4592, [16,32) => 200, [32,64) => 82, [64,128) => 203, [128,256) => 58100, [256,512) => 140003
   Buffers: shared hit=3766948 read=167403
 Settings: enable_bitmapscan = 'off', enable_seqscan = 'off', max_parallel_workers_per_gather = '0'
 Planning:
   Buffers: shared hit=82 read=22
 Planning Time: 1.789 ms
 Execution Time: 4047.944 ms
(12 rows)

SET
SET
SET
SET
SET
                                             QUERY PLAN                                             
----------------------------------------------------------------------------------------------------
 Index Scan using idx on public.t (actual rows=6048576.00 loops=1)
   Output: a, b
   Index Cond: ((t.a >= 30675) AND (t.a <= 1542818))
   Index Searches: 1
   Buffers: shared hit=3934353
 Settings: enable_bitmapscan = 'off', enable_seqscan = 'off', max_parallel_workers_per_gather = '0'
 Planning:
   Buffers: shared hit=109
 Planning Time: 0.224 ms
 Execution Time: 1244.903 ms
(10 rows)

