SET
SET
SET
SET
SET
                                                                            QUERY PLAN                                                                            
------------------------------------------------------------------------------------------------------------------------------------------------------------------
 Index Scan Backward using idx on public.t (actual rows=3048576.00 loops=1)
   Output: a, b
   Index Cond: ((t.a >= 4941) AND (t.a <= 767084))
   Index Searches: 1
   Prefetch: distance=245.920 count=1755868 stalls=243314 skipped=1069913 resets=0 ungets=20838 forwarded=2
             histogram [2,4) => 16412, [4,8) => 8823, [8,16) => 1525, [16,32) => 929, [32,64) => 1195, [64,128) => 4875, [128,256) => 806895, [256,512) => 915214
   Buffers: shared hit=1893939 read=89192
 Settings: enable_bitmapscan = 'off', enable_seqscan = 'off', max_parallel_workers_per_gather = '0'
 Planning:
   Buffers: shared hit=78 read=26
 Planning Time: 2.119 ms
 Execution Time: 1557.375 ms
(12 rows)

SET
SET
SET
SET
SET
                                             QUERY PLAN                                             
----------------------------------------------------------------------------------------------------
 Index Scan Backward using idx on public.t (actual rows=3048576.00 loops=1)
   Output: a, b
   Index Cond: ((t.a >= 4941) AND (t.a <= 767084))
   Index Searches: 1
   Buffers: shared hit=1983131
 Settings: enable_bitmapscan = 'off', enable_seqscan = 'off', max_parallel_workers_per_gather = '0'
 Planning:
   Buffers: shared hit=109
 Planning Time: 0.224 ms
 Execution Time: 621.805 ms
(10 rows)

