SET
SET
SET
SET
SET
                                                                              QUERY PLAN                                                                               
-----------------------------------------------------------------------------------------------------------------------------------------------------------------------
 Index Scan Backward using idx on public.t (actual rows=9048576.00 loops=1)
   Output: a, b
   Index Cond: ((t.a >= 22613) AND (t.a <= 2284756))
   Index Searches: 1
   Prefetch: distance=246.487 count=5366581 stalls=542375 skipped=3177191 resets=0 ungets=38010 forwarded=2
             histogram [2,4) => 36474, [4,8) => 19553, [8,16) => 3317, [16,32) => 2147, [32,64) => 2942, [64,128) => 13872, [128,256) => 2536608, [256,512) => 2751668
   Buffers: shared hit=5642376 read=242414
 Settings: enable_bitmapscan = 'off', enable_seqscan = 'off', max_parallel_workers_per_gather = '0'
 Planning:
   Buffers: shared hit=78 read=26
 Planning Time: 2.108 ms
 Execution Time: 4358.992 ms
(12 rows)

SET
SET
SET
SET
SET
                                             QUERY PLAN                                             
----------------------------------------------------------------------------------------------------
 Index Scan Backward using idx on public.t (actual rows=9048576.00 loops=1)
   Output: a, b
   Index Cond: ((t.a >= 22613) AND (t.a <= 2284756))
   Index Searches: 1
   Buffers: shared hit=5884790
 Settings: enable_bitmapscan = 'off', enable_seqscan = 'off', max_parallel_workers_per_gather = '0'
 Planning:
   Buffers: shared hit=109
 Planning Time: 0.215 ms
 Execution Time: 1848.375 ms
(10 rows)

