SET
SET
SET
SET
SET
                                                                            QUERY PLAN                                                                            
------------------------------------------------------------------------------------------------------------------------------------------------------------------
 Index Scan Backward using idx on public.t (actual rows=3048576.00 loops=1)
   Output: a, b
   Index Cond: ((t.a >= 20426) AND (t.a <= 782569))
   Index Searches: 1
   Prefetch: distance=245.626 count=1736106 stalls=264283 skipped=1069855 resets=0 ungets=22171 forwarded=2
             histogram [2,4) => 17652, [4,8) => 9499, [8,16) => 1688, [16,32) => 971, [32,64) => 1272, [64,128) => 4938, [128,256) => 793209, [256,512) => 906877
   Buffers: shared hit=1892565 read=90530
 Settings: enable_bitmapscan = 'off', enable_seqscan = 'off', max_parallel_workers_per_gather = '0'
 Planning:
   Buffers: shared hit=78 read=26
 Planning Time: 2.114 ms
 Execution Time: 1550.488 ms
(12 rows)

SET
SET
SET
SET
SET
                                             QUERY PLAN                                             
----------------------------------------------------------------------------------------------------
 Index Scan Backward using idx on public.t (actual rows=3048576.00 loops=1)
   Output: a, b
   Index Cond: ((t.a >= 20426) AND (t.a <= 782569))
   Index Searches: 1
   Buffers: shared hit=1983095
 Settings: enable_bitmapscan = 'off', enable_seqscan = 'off', max_parallel_workers_per_gather = '0'
 Planning:
   Buffers: shared hit=109
 Planning Time: 0.221 ms
 Execution Time: 625.523 ms
(10 rows)

