SET
SET
SET
SET
SET
                                                                     QUERY PLAN                                                                     
----------------------------------------------------------------------------------------------------------------------------------------------------
 Index Scan Backward using idx on public.t (actual rows=524288.00 loops=1)
   Output: a, b
   Index Cond: ((t.a >= 18089) AND (t.a <= 149160))
   Index Searches: 1
   Prefetch: distance=253.629 count=355811 stalls=1 skipped=183947 resets=0 ungets=15970 forwarded=0
             histogram [2,4) => 2, [4,8) => 6, [8,16) => 6, [16,32) => 9, [32,64) => 149, [64,128) => 426, [128,256) => 139651, [256,512) => 215562
   Buffers: shared hit=314399 read=26555
 Settings: enable_bitmapscan = 'off', enable_seqscan = 'off', max_parallel_workers_per_gather = '0'
 Planning:
   Buffers: shared hit=78 read=26
 Planning Time: 2.110 ms
 Execution Time: 346.190 ms
(12 rows)

SET
SET
SET
SET
SET
                                             QUERY PLAN                                             
----------------------------------------------------------------------------------------------------
 Index Scan Backward using idx on public.t (actual rows=524288.00 loops=1)
   Output: a, b
   Index Cond: ((t.a >= 18089) AND (t.a <= 149160))
   Index Searches: 1
   Buffers: shared hit=340954
 Settings: enable_bitmapscan = 'off', enable_seqscan = 'off', max_parallel_workers_per_gather = '0'
 Planning:
   Buffers: shared hit=109
 Planning Time: 0.219 ms
 Execution Time: 109.993 ms
(10 rows)

