SET
SET
SET
SET
SET
                                                                          QUERY PLAN                                                                           
---------------------------------------------------------------------------------------------------------------------------------------------------------------
 Index Scan Backward using idx on public.t (actual rows=2048576.00 loops=1)
   Output: a, b
   Index Cond: ((t.a >= 22406) AND (t.a <= 534549))
   Index Searches: 1
   Prefetch: distance=247.251 count=1216028 stalls=133102 skipped=718781 resets=0 ungets=19934 forwarded=2
             histogram [2,4) => 8882, [4,8) => 4821, [8,16) => 858, [16,32) => 533, [32,64) => 788, [64,128) => 3137, [128,256) => 548995, [256,512) => 648014
   Buffers: shared hit=1267172 read=65494
 Settings: enable_bitmapscan = 'off', enable_seqscan = 'off', max_parallel_workers_per_gather = '0'
 Planning:
   Buffers: shared hit=78 read=26
 Planning Time: 2.120 ms
 Execution Time: 1098.169 ms
(12 rows)

SET
SET
SET
SET
SET
                                             QUERY PLAN                                             
----------------------------------------------------------------------------------------------------
 Index Scan Backward using idx on public.t (actual rows=2048576.00 loops=1)
   Output: a, b
   Index Cond: ((t.a >= 22406) AND (t.a <= 534549))
   Index Searches: 1
   Buffers: shared hit=1332666
 Settings: enable_bitmapscan = 'off', enable_seqscan = 'off', max_parallel_workers_per_gather = '0'
 Planning:
   Buffers: shared hit=109
 Planning Time: 0.193 ms
 Execution Time: 421.167 ms
(10 rows)

