SET
SET
SET
SET
SET
                                                                          QUERY PLAN                                                                           
---------------------------------------------------------------------------------------------------------------------------------------------------------------
 Index Scan Backward using idx on public.t (actual rows=1048576.00 loops=1)
   Output: a, b
   Index Cond: ((t.a >= 20883) AND (t.a <= 283026))
   Index Searches: 1
   Prefetch: distance=249.787 count=663701 stalls=34783 skipped=367865 resets=0 ungets=17784 forwarded=1
             histogram [2,4) => 2346, [4,8) => 1309, [8,16) => 244, [16,32) => 186, [32,64) => 461, [64,128) => 1690, [128,256) => 287021, [256,512) => 370444
   Buffers: shared hit=642258 read=40025
 Settings: enable_bitmapscan = 'off', enable_seqscan = 'off', max_parallel_workers_per_gather = '0'
 Planning:
   Buffers: shared hit=78 read=26
 Planning Time: 2.103 ms
 Execution Time: 570.183 ms
(12 rows)

SET
SET
SET
SET
SET
                                             QUERY PLAN                                             
----------------------------------------------------------------------------------------------------
 Index Scan Backward using idx on public.t (actual rows=1048576.00 loops=1)
   Output: a, b
   Index Cond: ((t.a >= 20883) AND (t.a <= 283026))
   Index Searches: 1
   Buffers: shared hit=682283
 Settings: enable_bitmapscan = 'off', enable_seqscan = 'off', max_parallel_workers_per_gather = '0'
 Planning:
   Buffers: shared hit=109
 Planning Time: 0.189 ms
 Execution Time: 215.132 ms
(10 rows)

