SET
SET
SET
SET
SET
                                                                              QUERY PLAN                                                                              
----------------------------------------------------------------------------------------------------------------------------------------------------------------------
 Index Scan Backward using idx on public.t (actual rows=6048576.00 loops=1)
   Output: a, b
   Index Cond: ((t.a >= 19438) AND (t.a <= 1531581))
   Index Searches: 1
   Prefetch: distance=245.531 count=3470629 stalls=484010 skipped=2123279 resets=0 ungets=29789 forwarded=1
             histogram [2,4) => 32418, [4,8) => 17447, [8,16) => 3073, [16,32) => 1914, [32,64) => 2385, [64,128) => 9427, [128,256) => 1621458, [256,512) => 1782507
   Buffers: shared hit=3767810 read=166404
 Settings: enable_bitmapscan = 'off', enable_seqscan = 'off', max_parallel_workers_per_gather = '0'
 Planning:
   Buffers: shared hit=78 read=26
 Planning Time: 2.148 ms
 Execution Time: 2951.447 ms
(12 rows)

SET
SET
SET
SET
SET
                                             QUERY PLAN                                             
----------------------------------------------------------------------------------------------------
 Index Scan Backward using idx on public.t (actual rows=6048576.00 loops=1)
   Output: a, b
   Index Cond: ((t.a >= 19438) AND (t.a <= 1531581))
   Index Searches: 1
   Buffers: shared hit=3934214
 Settings: enable_bitmapscan = 'off', enable_seqscan = 'off', max_parallel_workers_per_gather = '0'
 Planning:
   Buffers: shared hit=109
 Planning Time: 0.225 ms
 Execution Time: 1231.081 ms
(10 rows)

