SET
SET
SET
SET
SET
                                                                              QUERY PLAN                                                                               
-----------------------------------------------------------------------------------------------------------------------------------------------------------------------
 Index Scan Backward using idx on public.t (actual rows=9048576.00 loops=1)
   Output: a, b
   Index Cond: ((t.a >= 10786) AND (t.a <= 2272929))
   Index Searches: 1
   Prefetch: distance=246.488 count=5365640 stalls=542375 skipped=3177354 resets=0 ungets=37112 forwarded=1
             histogram [2,4) => 36474, [4,8) => 19551, [8,16) => 3315, [16,32) => 2094, [32,64) => 2863, [64,128) => 13674, [128,256) => 2538130, [256,512) => 2749539
   Buffers: shared hit=5643185 read=241459
 Settings: enable_bitmapscan = 'off', enable_seqscan = 'off', max_parallel_workers_per_gather = '0'
 Planning:
   Buffers: shared hit=78 read=26
 Planning Time: 2.136 ms
 Execution Time: 4343.164 ms
(12 rows)

SET
SET
SET
SET
SET
                                             QUERY PLAN                                             
----------------------------------------------------------------------------------------------------
 Index Scan Backward using idx on public.t (actual rows=9048576.00 loops=1)
   Output: a, b
   Index Cond: ((t.a >= 10786) AND (t.a <= 2272929))
   Index Searches: 1
   Buffers: shared hit=5884644
 Settings: enable_bitmapscan = 'off', enable_seqscan = 'off', max_parallel_workers_per_gather = '0'
 Planning:
   Buffers: shared hit=109
 Planning Time: 0.223 ms
 Execution Time: 1840.025 ms
(10 rows)

