SET
SET
SET
SET
SET
                                             QUERY PLAN                                             
----------------------------------------------------------------------------------------------------
 Index Scan Backward using idx on public.t (actual rows=128.00 loops=1)
   Output: a, b
   Index Cond: ((t.a >= 14342) AND (t.a <= 14373))
   Index Searches: 1
   Prefetch: distance=2.667 count=3 stalls=1 skipped=1 resets=0 ungets=0 forwarded=0
             histogram [2,4) => 2, [4,8) => 1
   Buffers: shared hit=5 read=86
 Settings: enable_bitmapscan = 'off', enable_seqscan = 'off', max_parallel_workers_per_gather = '0'
 Planning:
   Buffers: shared hit=82 read=26
 Planning Time: 1.114 ms
 Execution Time: 6.226 ms
(12 rows)

SET
SET
SET
SET
SET
                                             QUERY PLAN                                             
----------------------------------------------------------------------------------------------------
 Index Scan Backward using idx on public.t (actual rows=128.00 loops=1)
   Output: a, b
   Index Cond: ((t.a >= 14342) AND (t.a <= 14373))
   Index Searches: 1
   Buffers: shared hit=91
 Settings: enable_bitmapscan = 'off', enable_seqscan = 'off', max_parallel_workers_per_gather = '0'
 Planning:
   Buffers: shared hit=113
 Planning Time: 0.181 ms
 Execution Time: 0.118 ms
(10 rows)

