SET
SET
SET
SET
SET
                                                                     QUERY PLAN                                                                     
----------------------------------------------------------------------------------------------------------------------------------------------------
 Index Scan Backward using idx on public.t (actual rows=524288.00 loops=1)
   Output: a, b
   Index Cond: ((t.a >= 24703) AND (t.a <= 155774))
   Index Searches: 1
   Prefetch: distance=253.771 count=357026 stalls=1 skipped=184029 resets=0 ungets=16863 forwarded=1
             histogram [2,4) => 2, [4,8) => 3, [8,16) => 5, [16,32) => 9, [32,64) => 148, [64,128) => 389, [128,256) => 139245, [256,512) => 217225
   Buffers: shared hit=313889 read=27130
 Settings: enable_bitmapscan = 'off', enable_seqscan = 'off', max_parallel_workers_per_gather = '0'
 Planning:
   Buffers: shared hit=78 read=22
 Planning Time: 1.778 ms
 Execution Time: 334.638 ms
(12 rows)

SET
SET
SET
SET
SET
                                             QUERY PLAN                                             
----------------------------------------------------------------------------------------------------
 Index Scan Backward using idx on public.t (actual rows=524288.00 loops=1)
   Output: a, b
   Index Cond: ((t.a >= 24703) AND (t.a <= 155774))
   Index Searches: 1
   Buffers: shared hit=341019
 Settings: enable_bitmapscan = 'off', enable_seqscan = 'off', max_parallel_workers_per_gather = '0'
 Planning:
   Buffers: shared hit=105
 Planning Time: 0.183 ms
 Execution Time: 108.450 ms
(10 rows)

