SET
SET
SET
SET
SET
                                                                         QUERY PLAN                                                                          
-------------------------------------------------------------------------------------------------------------------------------------------------------------
 Index Scan Backward using idx on public.t (actual rows=1048576.00 loops=1)
   Output: a, b
   Index Cond: ((t.a >= 2943) AND (t.a <= 265086))
   Index Searches: 1
   Prefetch: distance=250.312 count=678952 stalls=17526 skipped=367822 resets=0 ungets=16019 forwarded=3
             histogram [2,4) => 1192, [4,8) => 685, [8,16) => 128, [16,32) => 83, [32,64) => 331, [64,128) => 1622, [128,256) => 299280, [256,512) => 375631
   Buffers: shared hit=643802 read=38421
 Settings: enable_bitmapscan = 'off', enable_seqscan = 'off', max_parallel_workers_per_gather = '0'
 Planning:
   Buffers: shared hit=78 read=26
 Planning Time: 2.224 ms
 Execution Time: 572.136 ms
(12 rows)

SET
SET
SET
SET
SET
                                             QUERY PLAN                                             
----------------------------------------------------------------------------------------------------
 Index Scan Backward using idx on public.t (actual rows=1048576.00 loops=1)
   Output: a, b
   Index Cond: ((t.a >= 2943) AND (t.a <= 265086))
   Index Searches: 1
   Buffers: shared hit=682223
 Settings: enable_bitmapscan = 'off', enable_seqscan = 'off', max_parallel_workers_per_gather = '0'
 Planning:
   Buffers: shared hit=109
 Planning Time: 0.190 ms
 Execution Time: 214.222 ms
(10 rows)

