SET
SET
SET
SET
SET
                                                                 QUERY PLAN                                                                 
--------------------------------------------------------------------------------------------------------------------------------------------
 Index Scan Backward using idx on public.t (actual rows=32768.00 loops=1)
   Output: a, b
   Index Cond: ((t.a >= 3301) AND (t.a <= 11492))
   Index Searches: 1
   Prefetch: distance=270.238 count=30736 stalls=1 skipped=11392 resets=0 ungets=9560 forwarded=3
             histogram [2,4) => 2, [4,8) => 3, [8,16) => 5, [16,32) => 9, [32,64) => 2, [64,128) => 2, [128,256) => 192, [256,512) => 30521
   Buffers: shared hit=11608 read=9761
 Settings: enable_bitmapscan = 'off', enable_seqscan = 'off', max_parallel_workers_per_gather = '0'
 Planning:
   Buffers: shared hit=82 read=26
 Planning Time: 2.119 ms
 Execution Time: 96.453 ms
(12 rows)

SET
SET
SET
SET
SET
                                             QUERY PLAN                                             
----------------------------------------------------------------------------------------------------
 Index Scan Backward using idx on public.t (actual rows=32768.00 loops=1)
   Output: a, b
   Index Cond: ((t.a >= 3301) AND (t.a <= 11492))
   Index Searches: 1
   Buffers: shared hit=21369
 Settings: enable_bitmapscan = 'off', enable_seqscan = 'off', max_parallel_workers_per_gather = '0'
 Planning:
   Buffers: shared hit=113
 Planning Time: 0.187 ms
 Execution Time: 8.132 ms
(10 rows)

