SET
SET
SET
SET
SET
                                                                              QUERY PLAN                                                                              
----------------------------------------------------------------------------------------------------------------------------------------------------------------------
 Index Scan Backward using idx on public.t (actual rows=5048576.00 loops=1)
   Output: a, b
   Index Cond: ((t.a >= 7804) AND (t.a <= 1269947))
   Index Searches: 1
   Prefetch: distance=245.495 count=2882809 stalls=419656 skipped=1771898 resets=0 ungets=26010 forwarded=1
             histogram [2,4) => 28226, [4,8) => 15159, [8,16) => 2631, [16,32) => 1466, [32,64) => 1978, [64,128) => 7525, [128,256) => 1341169, [256,512) => 1484655
   Buffers: shared hit=3144033 read=140137
 Settings: enable_bitmapscan = 'off', enable_seqscan = 'off', max_parallel_workers_per_gather = '0'
 Planning:
   Buffers: shared hit=78 read=26
 Planning Time: 2.214 ms
 Execution Time: 2541.414 ms
(12 rows)

SET
SET
SET
SET
SET
                                             QUERY PLAN                                             
----------------------------------------------------------------------------------------------------
 Index Scan Backward using idx on public.t (actual rows=5048576.00 loops=1)
   Output: a, b
   Index Cond: ((t.a >= 7804) AND (t.a <= 1269947))
   Index Searches: 1
   Buffers: shared hit=3284170
 Settings: enable_bitmapscan = 'off', enable_seqscan = 'off', max_parallel_workers_per_gather = '0'
 Planning:
   Buffers: shared hit=109
 Planning Time: 0.381 ms
 Execution Time: 1031.754 ms
(10 rows)

