SET
SET
SET
SET
SET
                                                                              QUERY PLAN                                                                               
-----------------------------------------------------------------------------------------------------------------------------------------------------------------------
 Index Scan Backward using idx on public.t (actual rows=8048576.00 loops=1)
   Output: a, b
   Index Cond: ((t.a >= 534) AND (t.a <= 2012677))
   Index Searches: 1
   Prefetch: distance=246.239 count=4725121 stalls=529991 skipped=2826161 resets=0 ungets=33276 forwarded=3
             histogram [2,4) => 35592, [4,8) => 19074, [8,16) => 3237, [16,32) => 1987, [32,64) => 2508, [64,128) => 11774, [128,256) => 2229461, [256,512) => 2421488
   Buffers: shared hit=5018916 read=215335
 Settings: enable_bitmapscan = 'off', enable_seqscan = 'off', max_parallel_workers_per_gather = '0'
 Planning:
   Buffers: shared hit=78 read=26
 Planning Time: 2.125 ms
 Execution Time: 3894.198 ms
(12 rows)

SET
SET
SET
SET
SET
                                             QUERY PLAN                                             
----------------------------------------------------------------------------------------------------
 Index Scan Backward using idx on public.t (actual rows=8048576.00 loops=1)
   Output: a, b
   Index Cond: ((t.a >= 534) AND (t.a <= 2012677))
   Index Searches: 1
   Buffers: shared hit=5234251
 Settings: enable_bitmapscan = 'off', enable_seqscan = 'off', max_parallel_workers_per_gather = '0'
 Planning:
   Buffers: shared hit=109
 Planning Time: 0.223 ms
 Execution Time: 1633.830 ms
(10 rows)

