SET
SET
SET
SET
SET
                                                                              QUERY PLAN                                                                              
----------------------------------------------------------------------------------------------------------------------------------------------------------------------
 Index Scan Backward using idx on public.t (actual rows=6048576.00 loops=1)
   Output: a, b
   Index Cond: ((t.a >= 808) AND (t.a <= 1512951))
   Index Searches: 1
   Prefetch: distance=245.479 count=3469261 stalls=484010 skipped=2123301 resets=0 ungets=28147 forwarded=3
             histogram [2,4) => 32418, [4,8) => 17447, [8,16) => 3076, [16,32) => 1914, [32,64) => 2385, [64,128) => 9278, [128,256) => 1624880, [256,512) => 1777863
   Buffers: shared hit=3769579 read=164711
 Settings: enable_bitmapscan = 'off', enable_seqscan = 'off', max_parallel_workers_per_gather = '0'
 Planning:
   Buffers: shared hit=78 read=26
 Planning Time: 2.136 ms
 Execution Time: 2946.218 ms
(12 rows)

SET
SET
SET
SET
SET
                                             QUERY PLAN                                             
----------------------------------------------------------------------------------------------------
 Index Scan Backward using idx on public.t (actual rows=6048576.00 loops=1)
   Output: a, b
   Index Cond: ((t.a >= 808) AND (t.a <= 1512951))
   Index Searches: 1
   Buffers: shared hit=3934290
 Settings: enable_bitmapscan = 'off', enable_seqscan = 'off', max_parallel_workers_per_gather = '0'
 Planning:
   Buffers: shared hit=109
 Planning Time: 0.223 ms
 Execution Time: 1226.682 ms
(10 rows)

