SET
SET
SET
SET
SET
                                                                              QUERY PLAN                                                                               
-----------------------------------------------------------------------------------------------------------------------------------------------------------------------
 Index Scan Backward using idx on public.t (actual rows=9048576.00 loops=1)
   Output: a, b
   Index Cond: ((t.a >= 21530) AND (t.a <= 2283673))
   Index Searches: 1
   Prefetch: distance=246.490 count=5366938 stalls=542375 skipped=3177323 resets=0 ungets=38155 forwarded=2
             histogram [2,4) => 36474, [4,8) => 19551, [8,16) => 3316, [16,32) => 2145, [32,64) => 2942, [64,128) => 13855, [128,256) => 2536915, [256,512) => 2751740
   Buffers: shared hit=5642425 read=242345
 Settings: enable_bitmapscan = 'off', enable_seqscan = 'off', max_parallel_workers_per_gather = '0'
 Planning:
   Buffers: shared hit=78 read=26
 Planning Time: 2.096 ms
 Execution Time: 4398.285 ms
(12 rows)

SET
SET
SET
SET
SET
                                             QUERY PLAN                                             
----------------------------------------------------------------------------------------------------
 Index Scan Backward using idx on public.t (actual rows=9048576.00 loops=1)
   Output: a, b
   Index Cond: ((t.a >= 21530) AND (t.a <= 2283673))
   Index Searches: 1
   Buffers: shared hit=5884770
 Settings: enable_bitmapscan = 'off', enable_seqscan = 'off', max_parallel_workers_per_gather = '0'
 Planning:
   Buffers: shared hit=109
 Planning Time: 0.222 ms
 Execution Time: 1858.821 ms
(10 rows)

