SET
SET
SET
SET
SET
                                                                              QUERY PLAN                                                                               
-----------------------------------------------------------------------------------------------------------------------------------------------------------------------
 Index Scan Backward using idx on public.t (actual rows=7048576.00 loops=1)
   Output: a, b
   Index Cond: ((t.a >= 1773) AND (t.a <= 1763916))
   Index Searches: 1
   Prefetch: distance=245.768 count=4073766 stalls=529991 skipped=2475191 resets=0 ungets=30671 forwarded=3
             histogram [2,4) => 35592, [4,8) => 19071, [8,16) => 3233, [16,32) => 1992, [32,64) => 2506, [64,128) => 10594, [128,256) => 1912208, [256,512) => 2088570
   Buffers: shared hit=4393652 read=190179
 Settings: enable_bitmapscan = 'off', enable_seqscan = 'off', max_parallel_workers_per_gather = '0'
 Planning:
   Buffers: shared hit=78 read=26
 Planning Time: 2.123 ms
 Execution Time: 3415.839 ms
(12 rows)

SET
SET
SET
SET
SET
                                             QUERY PLAN                                             
----------------------------------------------------------------------------------------------------
 Index Scan Backward using idx on public.t (actual rows=7048576.00 loops=1)
   Output: a, b
   Index Cond: ((t.a >= 1773) AND (t.a <= 1763916))
   Index Searches: 1
   Buffers: shared hit=4583831
 Settings: enable_bitmapscan = 'off', enable_seqscan = 'off', max_parallel_workers_per_gather = '0'
 Planning:
   Buffers: shared hit=109
 Planning Time: 0.230 ms
 Execution Time: 1433.526 ms
(10 rows)

