SET
SET
SET
SET
SET
                                                                              QUERY PLAN                                                                              
----------------------------------------------------------------------------------------------------------------------------------------------------------------------
 Index Scan Backward using idx on public.t (actual rows=4048576.00 loops=1)
   Output: a, b
   Index Cond: ((t.a >= 18591) AND (t.a <= 1030734))
   Index Searches: 1
   Prefetch: distance=246.197 count=2355061 stalls=296973 skipped=1420767 resets=0 ungets=24720 forwarded=1
             histogram [2,4) => 19780, [4,8) => 10610, [8,16) => 1876, [16,32) => 1049, [32,64) => 1492, [64,128) => 6412, [128,256) => 1090929, [256,512) => 1222913
   Buffers: shared hit=2517953 read=115755
 Settings: enable_bitmapscan = 'off', enable_seqscan = 'off', max_parallel_workers_per_gather = '0'
 Planning:
   Buffers: shared hit=78 read=26
 Planning Time: 2.194 ms
 Execution Time: 1993.318 ms
(12 rows)

SET
SET
SET
SET
SET
                                             QUERY PLAN                                             
----------------------------------------------------------------------------------------------------
 Index Scan Backward using idx on public.t (actual rows=4048576.00 loops=1)
   Output: a, b
   Index Cond: ((t.a >= 18591) AND (t.a <= 1030734))
   Index Searches: 1
   Buffers: shared hit=2633708
 Settings: enable_bitmapscan = 'off', enable_seqscan = 'off', max_parallel_workers_per_gather = '0'
 Planning:
   Buffers: shared hit=109
 Planning Time: 0.216 ms
 Execution Time: 838.883 ms
(10 rows)

