SET
SET
SET
SET
SET
                                                                 QUERY PLAN                                                                 
--------------------------------------------------------------------------------------------------------------------------------------------
 Index Scan Backward using idx on public.t (actual rows=32768.00 loops=1)
   Output: a, b
   Index Cond: ((t.a >= 752) AND (t.a <= 8943))
   Index Searches: 1
   Prefetch: distance=270.139 count=30311 stalls=1 skipped=11399 resets=0 ungets=9318 forwarded=2
             histogram [2,4) => 2, [4,8) => 3, [8,16) => 8, [16,32) => 9, [32,64) => 2, [64,128) => 2, [128,256) => 270, [256,512) => 30015
   Buffers: shared hit=11677 read=9622
 Settings: enable_bitmapscan = 'off', enable_seqscan = 'off', max_parallel_workers_per_gather = '0'
 Planning:
   Buffers: shared hit=82 read=26
 Planning Time: 2.135 ms
 Execution Time: 102.576 ms
(12 rows)

SET
SET
SET
SET
SET
                                             QUERY PLAN                                             
----------------------------------------------------------------------------------------------------
 Index Scan Backward using idx on public.t (actual rows=32768.00 loops=1)
   Output: a, b
   Index Cond: ((t.a >= 752) AND (t.a <= 8943))
   Index Searches: 1
   Buffers: shared hit=21299
 Settings: enable_bitmapscan = 'off', enable_seqscan = 'off', max_parallel_workers_per_gather = '0'
 Planning:
   Buffers: shared hit=113
 Planning Time: 0.210 ms
 Execution Time: 9.647 ms
(10 rows)

