SET
SET
SET
SET
SET
                                                                QUERY PLAN                                                                 
-------------------------------------------------------------------------------------------------------------------------------------------
 Index Scan Backward using idx on public.t (actual rows=16384.00 loops=1)
   Output: a, b
   Index Cond: ((t.a >= 31296) AND (t.a <= 35391))
   Index Searches: 1
   Prefetch: distance=271.156 count=17205 stalls=1 skipped=5655 resets=0 ungets=6920 forwarded=0
             histogram [2,4) => 2, [4,8) => 3, [8,16) => 6, [16,32) => 12, [32,64) => 2, [64,128) => 2, [128,256) => 2, [256,512) => 17176
   Buffers: shared hit=3351 read=7258
 Settings: enable_bitmapscan = 'off', enable_seqscan = 'off', max_parallel_workers_per_gather = '0'
 Planning:
   Buffers: shared hit=78 read=22
 Planning Time: 1.763 ms
 Execution Time: 90.591 ms
(12 rows)

SET
SET
SET
SET
SET
                                             QUERY PLAN                                             
----------------------------------------------------------------------------------------------------
 Index Scan Backward using idx on public.t (actual rows=16384.00 loops=1)
   Output: a, b
   Index Cond: ((t.a >= 31296) AND (t.a <= 35391))
   Index Searches: 1
   Buffers: shared hit=10609
 Settings: enable_bitmapscan = 'off', enable_seqscan = 'off', max_parallel_workers_per_gather = '0'
 Planning:
   Buffers: shared hit=105
 Planning Time: 0.186 ms
 Execution Time: 4.738 ms
(10 rows)

