SET
SET
SET
SET
SET
                                                                         QUERY PLAN                                                                          
-------------------------------------------------------------------------------------------------------------------------------------------------------------
 Index Scan Backward using idx on public.t (actual rows=1048576.00 loops=1)
   Output: a, b
   Index Cond: ((t.a >= 1948) AND (t.a <= 264091))
   Index Searches: 1
   Prefetch: distance=250.290 count=678821 stalls=17527 skipped=367856 resets=0 ungets=15895 forwarded=2
             histogram [2,4) => 1192, [4,8) => 685, [8,16) => 135, [16,32) => 79, [32,64) => 331, [64,128) => 1622, [128,256) => 299493, [256,512) => 375284
   Buffers: shared hit=643888 read=38317
 Settings: enable_bitmapscan = 'off', enable_seqscan = 'off', max_parallel_workers_per_gather = '0'
 Planning:
   Buffers: shared hit=78 read=26
 Planning Time: 2.123 ms
 Execution Time: 569.051 ms
(12 rows)

SET
SET
SET
SET
SET
                                             QUERY PLAN                                             
----------------------------------------------------------------------------------------------------
 Index Scan Backward using idx on public.t (actual rows=1048576.00 loops=1)
   Output: a, b
   Index Cond: ((t.a >= 1948) AND (t.a <= 264091))
   Index Searches: 1
   Buffers: shared hit=682206
 Settings: enable_bitmapscan = 'off', enable_seqscan = 'off', max_parallel_workers_per_gather = '0'
 Planning:
   Buffers: shared hit=109
 Planning Time: 0.191 ms
 Execution Time: 211.981 ms
(10 rows)

