SET
SET
SET
SET
SET
                                                                              QUERY PLAN                                                                              
----------------------------------------------------------------------------------------------------------------------------------------------------------------------
 Index Scan Backward using idx on public.t (actual rows=4048576.00 loops=1)
   Output: a, b
   Index Cond: ((t.a >= 30863) AND (t.a <= 1043006))
   Index Searches: 1
   Prefetch: distance=246.213 count=2356708 stalls=296973 skipped=1420792 resets=0 ungets=26068 forwarded=1
             histogram [2,4) => 19780, [4,8) => 10610, [8,16) => 1876, [16,32) => 1047, [32,64) => 1525, [64,128) => 6528, [128,256) => 1090461, [256,512) => 1224881
   Buffers: shared hit=2517021 read=116766
 Settings: enable_bitmapscan = 'off', enable_seqscan = 'off', max_parallel_workers_per_gather = '0'
 Planning:
   Buffers: shared hit=78 read=22
 Planning Time: 1.795 ms
 Execution Time: 2013.849 ms
(12 rows)

SET
SET
SET
SET
SET
                                             QUERY PLAN                                             
----------------------------------------------------------------------------------------------------
 Index Scan Backward using idx on public.t (actual rows=4048576.00 loops=1)
   Output: a, b
   Index Cond: ((t.a >= 30863) AND (t.a <= 1043006))
   Index Searches: 1
   Buffers: shared hit=2633787
 Settings: enable_bitmapscan = 'off', enable_seqscan = 'off', max_parallel_workers_per_gather = '0'
 Planning:
   Buffers: shared hit=105
 Planning Time: 0.222 ms
 Execution Time: 826.717 ms
(10 rows)

