SET
SET
SET
SET
SET
                                                                              QUERY PLAN                                                                               
-----------------------------------------------------------------------------------------------------------------------------------------------------------------------
 Index Scan Backward using idx on public.t (actual rows=8048576.00 loops=1)
   Output: a, b
   Index Cond: ((t.a >= 31246) AND (t.a <= 2043389))
   Index Searches: 1
   Prefetch: distance=246.295 count=4727966 stalls=529991 skipped=2826165 resets=0 ungets=36189 forwarded=1
             histogram [2,4) => 35592, [4,8) => 19071, [8,16) => 3234, [16,32) => 1994, [32,64) => 2508, [64,128) => 11861, [128,256) => 2225083, [256,512) => 2428623
   Buffers: shared hit=5016128 read=218122
 Settings: enable_bitmapscan = 'off', enable_seqscan = 'off', max_parallel_workers_per_gather = '0'
 Planning:
   Buffers: shared hit=78 read=22
 Planning Time: 1.789 ms
 Execution Time: 3945.332 ms
(12 rows)

SET
SET
SET
SET
SET
                                             QUERY PLAN                                             
----------------------------------------------------------------------------------------------------
 Index Scan Backward using idx on public.t (actual rows=8048576.00 loops=1)
   Output: a, b
   Index Cond: ((t.a >= 31246) AND (t.a <= 2043389))
   Index Searches: 1
   Buffers: shared hit=5234250
 Settings: enable_bitmapscan = 'off', enable_seqscan = 'off', max_parallel_workers_per_gather = '0'
 Planning:
   Buffers: shared hit=105
 Planning Time: 0.217 ms
 Execution Time: 1655.970 ms
(10 rows)

