SET
SET
SET
SET
SET
                                                                              QUERY PLAN                                                                              
----------------------------------------------------------------------------------------------------------------------------------------------------------------------
 Index Scan Backward using idx on public.t (actual rows=6048576.00 loops=1)
   Output: a, b
   Index Cond: ((t.a >= 10809) AND (t.a <= 1522952))
   Index Searches: 1
   Prefetch: distance=245.529 count=3470278 stalls=484010 skipped=2123317 resets=0 ungets=29256 forwarded=2
             histogram [2,4) => 32418, [4,8) => 17447, [8,16) => 3073, [16,32) => 1914, [32,64) => 2385, [64,128) => 9237, [128,256) => 1622710, [256,512) => 1781094
   Buffers: shared hit=3768527 read=165695
 Settings: enable_bitmapscan = 'off', enable_seqscan = 'off', max_parallel_workers_per_gather = '0'
 Planning:
   Buffers: shared hit=78 read=26
 Planning Time: 2.116 ms
 Execution Time: 2974.754 ms
(12 rows)

SET
SET
SET
SET
SET
                                             QUERY PLAN                                             
----------------------------------------------------------------------------------------------------
 Index Scan Backward using idx on public.t (actual rows=6048576.00 loops=1)
   Output: a, b
   Index Cond: ((t.a >= 10809) AND (t.a <= 1522952))
   Index Searches: 1
   Buffers: shared hit=3934222
 Settings: enable_bitmapscan = 'off', enable_seqscan = 'off', max_parallel_workers_per_gather = '0'
 Planning:
   Buffers: shared hit=109
 Planning Time: 0.219 ms
 Execution Time: 1230.022 ms
(10 rows)

