SET
SET
SET
SET
SET
                                                                              QUERY PLAN                                                                              
----------------------------------------------------------------------------------------------------------------------------------------------------------------------
 Index Scan Backward using idx on public.t (actual rows=5048576.00 loops=1)
   Output: a, b
   Index Cond: ((t.a >= 15137) AND (t.a <= 1277280))
   Index Searches: 1
   Prefetch: distance=245.517 count=2883463 stalls=419656 skipped=1771871 resets=0 ungets=26697 forwarded=1
             histogram [2,4) => 28226, [4,8) => 15159, [8,16) => 2631, [16,32) => 1466, [32,64) => 1978, [64,128) => 7521, [128,256) => 1340195, [256,512) => 1486287
   Buffers: shared hit=3143373 read=140810
 Settings: enable_bitmapscan = 'off', enable_seqscan = 'off', max_parallel_workers_per_gather = '0'
 Planning:
   Buffers: shared hit=78 read=26
 Planning Time: 2.103 ms
 Execution Time: 2563.212 ms
(12 rows)

SET
SET
SET
SET
SET
                                             QUERY PLAN                                             
----------------------------------------------------------------------------------------------------
 Index Scan Backward using idx on public.t (actual rows=5048576.00 loops=1)
   Output: a, b
   Index Cond: ((t.a >= 15137) AND (t.a <= 1277280))
   Index Searches: 1
   Buffers: shared hit=3284183
 Settings: enable_bitmapscan = 'off', enable_seqscan = 'off', max_parallel_workers_per_gather = '0'
 Planning:
   Buffers: shared hit=109
 Planning Time: 0.221 ms
 Execution Time: 1031.440 ms
(10 rows)

