SET
SET
SET
SET
SET
                                                                              QUERY PLAN                                                                               
-----------------------------------------------------------------------------------------------------------------------------------------------------------------------
 Index Scan Backward using idx on public.t (actual rows=9048576.00 loops=1)
   Output: a, b
   Index Cond: ((t.a >= 16785) AND (t.a <= 2278928))
   Index Searches: 1
   Prefetch: distance=246.506 count=5366066 stalls=542375 skipped=3177384 resets=0 ungets=37620 forwarded=1
             histogram [2,4) => 36474, [4,8) => 19551, [8,16) => 3315, [16,32) => 2094, [32,64) => 2863, [64,128) => 13608, [128,256) => 2536607, [256,512) => 2751554
   Buffers: shared hit=5642614 read=242000
 Settings: enable_bitmapscan = 'off', enable_seqscan = 'off', max_parallel_workers_per_gather = '0'
 Planning:
   Buffers: shared hit=78 read=26
 Planning Time: 2.107 ms
 Execution Time: 4403.461 ms
(12 rows)

SET
SET
SET
SET
SET
                                             QUERY PLAN                                             
----------------------------------------------------------------------------------------------------
 Index Scan Backward using idx on public.t (actual rows=9048576.00 loops=1)
   Output: a, b
   Index Cond: ((t.a >= 16785) AND (t.a <= 2278928))
   Index Searches: 1
   Buffers: shared hit=5884614
 Settings: enable_bitmapscan = 'off', enable_seqscan = 'off', max_parallel_workers_per_gather = '0'
 Planning:
   Buffers: shared hit=109
 Planning Time: 0.212 ms
 Execution Time: 1840.258 ms
(10 rows)

