SET
SET
SET
SET
SET
                                                              QUERY PLAN                                                              
--------------------------------------------------------------------------------------------------------------------------------------
 Index Scan Backward using idx on public.t (actual rows=256.00 loops=1)
   Output: a, b
   Index Cond: ((t.a >= 15655) AND (t.a <= 15718))
   Index Searches: 1
   Prefetch: distance=62.758 count=33 stalls=1 skipped=12 resets=0 ungets=5 forwarded=0
             histogram [2,4) => 2, [4,8) => 4, [8,16) => 9, [16,32) => 8, [32,64) => 2, [64,128) => 2, [128,256) => 2, [256,512) => 4
   Buffers: shared hit=7 read=162
 Settings: enable_bitmapscan = 'off', enable_seqscan = 'off', max_parallel_workers_per_gather = '0'
 Planning:
   Buffers: shared hit=82 read=26
 Planning Time: 1.008 ms
 Execution Time: 9.841 ms
(12 rows)

SET
SET
SET
SET
SET
                                             QUERY PLAN                                             
----------------------------------------------------------------------------------------------------
 Index Scan Backward using idx on public.t (actual rows=256.00 loops=1)
   Output: a, b
   Index Cond: ((t.a >= 15655) AND (t.a <= 15718))
   Index Searches: 1
   Buffers: shared hit=169
 Settings: enable_bitmapscan = 'off', enable_seqscan = 'off', max_parallel_workers_per_gather = '0'
 Planning:
   Buffers: shared hit=113
 Planning Time: 0.126 ms
 Execution Time: 0.109 ms
(10 rows)

