SET
SET
SET
SET
SET
                                                                QUERY PLAN                                                                
------------------------------------------------------------------------------------------------------------------------------------------
 Index Scan Backward using idx on public.t (actual rows=4096.00 loops=1)
   Output: a, b
   Index Cond: ((t.a >= 17096) AND (t.a <= 18119))
   Index Searches: 1
   Prefetch: distance=270.384 count=4371 stalls=1 skipped=1272 resets=0 ungets=2011 forwarded=0
             histogram [2,4) => 2, [4,8) => 3, [8,16) => 12, [16,32) => 5, [32,64) => 2, [64,128) => 2, [128,256) => 2, [256,512) => 4343
   Buffers: shared hit=343 read=2327
 Settings: enable_bitmapscan = 'off', enable_seqscan = 'off', max_parallel_workers_per_gather = '0'
 Planning:
   Buffers: shared hit=82 read=26
 Planning Time: 2.159 ms
 Execution Time: 41.405 ms
(12 rows)

SET
SET
SET
SET
SET
                                             QUERY PLAN                                             
----------------------------------------------------------------------------------------------------
 Index Scan Backward using idx on public.t (actual rows=4096.00 loops=1)
   Output: a, b
   Index Cond: ((t.a >= 17096) AND (t.a <= 18119))
   Index Searches: 1
   Buffers: shared hit=2670
 Settings: enable_bitmapscan = 'off', enable_seqscan = 'off', max_parallel_workers_per_gather = '0'
 Planning:
   Buffers: shared hit=113
 Planning Time: 0.204 ms
 Execution Time: 1.848 ms
(10 rows)

