SET
SET
SET
SET
SET
                                                               QUERY PLAN                                                               
----------------------------------------------------------------------------------------------------------------------------------------
 Index Scan Backward using idx on public.t (actual rows=1024.00 loops=1)
   Output: a, b
   Index Cond: ((t.a >= 4068) AND (t.a <= 4323))
   Index Searches: 1
   Prefetch: distance=261.478 count=674 stalls=1 skipped=192 resets=0 ungets=314 forwarded=1
             histogram [2,4) => 2, [4,8) => 5, [8,16) => 8, [16,32) => 8, [32,64) => 2, [64,128) => 2, [128,256) => 2, [256,512) => 645
   Buffers: shared hit=37 read=618
 Settings: enable_bitmapscan = 'off', enable_seqscan = 'off', max_parallel_workers_per_gather = '0'
 Planning:
   Buffers: shared hit=82 read=26
 Planning Time: 1.515 ms
 Execution Time: 23.382 ms
(12 rows)

SET
SET
SET
SET
SET
                                             QUERY PLAN                                             
----------------------------------------------------------------------------------------------------
 Index Scan Backward using idx on public.t (actual rows=1024.00 loops=1)
   Output: a, b
   Index Cond: ((t.a >= 4068) AND (t.a <= 4323))
   Index Searches: 1
   Buffers: shared hit=655
 Settings: enable_bitmapscan = 'off', enable_seqscan = 'off', max_parallel_workers_per_gather = '0'
 Planning:
   Buffers: shared hit=113
 Planning Time: 0.155 ms
 Execution Time: 0.398 ms
(10 rows)

