SET
SET
SET
SET
SET
                                                                              QUERY PLAN                                                                               
-----------------------------------------------------------------------------------------------------------------------------------------------------------------------
 Index Scan Backward using idx on public.t (actual rows=7048576.00 loops=1)
   Output: a, b
   Index Cond: ((t.a >= 21440) AND (t.a <= 1783583))
   Index Searches: 1
   Prefetch: distance=245.788 count=4075339 stalls=529991 skipped=2475211 resets=0 ungets=32420 forwarded=2
             histogram [2,4) => 35592, [4,8) => 19071, [8,16) => 3233, [16,32) => 1991, [32,64) => 2508, [64,128) => 10718, [128,256) => 1909829, [256,512) => 2092397
   Buffers: shared hit=4391872 read=191896
 Settings: enable_bitmapscan = 'off', enable_seqscan = 'off', max_parallel_workers_per_gather = '0'
 Planning:
   Buffers: shared hit=78 read=26
 Planning Time: 2.123 ms
 Execution Time: 3467.583 ms
(12 rows)

SET
SET
SET
SET
SET
                                             QUERY PLAN                                             
----------------------------------------------------------------------------------------------------
 Index Scan Backward using idx on public.t (actual rows=7048576.00 loops=1)
   Output: a, b
   Index Cond: ((t.a >= 21440) AND (t.a <= 1783583))
   Index Searches: 1
   Buffers: shared hit=4583768
 Settings: enable_bitmapscan = 'off', enable_seqscan = 'off', max_parallel_workers_per_gather = '0'
 Planning:
   Buffers: shared hit=109
 Planning Time: 0.222 ms
 Execution Time: 1434.335 ms
(10 rows)

