SET
SET
SET
SET
SET
                                                                          QUERY PLAN                                                                           
---------------------------------------------------------------------------------------------------------------------------------------------------------------
 Index Scan Backward using idx on public.t (actual rows=2048576.00 loops=1)
   Output: a, b
   Index Cond: ((t.a >= 7571) AND (t.a <= 519714))
   Index Searches: 1
   Prefetch: distance=247.182 count=1215023 stalls=133102 skipped=718663 resets=0 ungets=18699 forwarded=1
             histogram [2,4) => 8882, [4,8) => 4821, [8,16) => 858, [16,32) => 533, [32,64) => 788, [64,128) => 3105, [128,256) => 550978, [256,512) => 645058
   Buffers: shared hit=1268610 read=64199
 Settings: enable_bitmapscan = 'off', enable_seqscan = 'off', max_parallel_workers_per_gather = '0'
 Planning:
   Buffers: shared hit=78 read=26
 Planning Time: 2.257 ms
 Execution Time: 1097.497 ms
(12 rows)

SET
SET
SET
SET
SET
                                             QUERY PLAN                                             
----------------------------------------------------------------------------------------------------
 Index Scan Backward using idx on public.t (actual rows=2048576.00 loops=1)
   Output: a, b
   Index Cond: ((t.a >= 7571) AND (t.a <= 519714))
   Index Searches: 1
   Buffers: shared hit=1332809
 Settings: enable_bitmapscan = 'off', enable_seqscan = 'off', max_parallel_workers_per_gather = '0'
 Planning:
   Buffers: shared hit=109
 Planning Time: 0.222 ms
 Execution Time: 433.986 ms
(10 rows)

