SET
SET
SET
SET
SET
                                                                            QUERY PLAN                                                                            
------------------------------------------------------------------------------------------------------------------------------------------------------------------
 Index Scan Backward using idx on public.t (actual rows=3048576.00 loops=1)
   Output: a, b
   Index Cond: ((t.a >= 698) AND (t.a <= 762841))
   Index Searches: 1
   Prefetch: distance=245.883 count=1755070 stalls=243314 skipped=1069819 resets=0 ungets=20218 forwarded=3
             histogram [2,4) => 16412, [4,8) => 8824, [8,16) => 1530, [16,32) => 929, [32,64) => 1195, [64,128) => 4884, [128,256) => 807524, [256,512) => 913772
   Buffers: shared hit=1894319 read=88813
 Settings: enable_bitmapscan = 'off', enable_seqscan = 'off', max_parallel_workers_per_gather = '0'
 Planning:
   Buffers: shared hit=78 read=26
 Planning Time: 2.112 ms
 Execution Time: 1524.641 ms
(12 rows)

SET
SET
SET
SET
SET
                                             QUERY PLAN                                             
----------------------------------------------------------------------------------------------------
 Index Scan Backward using idx on public.t (actual rows=3048576.00 loops=1)
   Output: a, b
   Index Cond: ((t.a >= 698) AND (t.a <= 762841))
   Index Searches: 1
   Buffers: shared hit=1983132
 Settings: enable_bitmapscan = 'off', enable_seqscan = 'off', max_parallel_workers_per_gather = '0'
 Planning:
   Buffers: shared hit=109
 Planning Time: 0.222 ms
 Execution Time: 630.145 ms
(10 rows)

