SET
SET
SET
SET
SET
                                                                              QUERY PLAN                                                                              
----------------------------------------------------------------------------------------------------------------------------------------------------------------------
 Index Scan Backward using idx on public.t (actual rows=5048576.00 loops=1)
   Output: a, b
   Index Cond: ((t.a >= 3572) AND (t.a <= 1265715))
   Index Searches: 1
   Prefetch: distance=245.464 count=2882028 stalls=419656 skipped=1771827 resets=0 ungets=25386 forwarded=4
             histogram [2,4) => 28226, [4,8) => 15159, [8,16) => 2637, [16,32) => 1463, [32,64) => 1978, [64,128) => 7566, [128,256) => 1342224, [256,512) => 1482775
   Buffers: shared hit=3144454 read=139705
 Settings: enable_bitmapscan = 'off', enable_seqscan = 'off', max_parallel_workers_per_gather = '0'
 Planning:
   Buffers: shared hit=78 read=26
 Planning Time: 2.151 ms
 Execution Time: 2458.674 ms
(12 rows)

SET
SET
SET
SET
SET
                                             QUERY PLAN                                             
----------------------------------------------------------------------------------------------------
 Index Scan Backward using idx on public.t (actual rows=5048576.00 loops=1)
   Output: a, b
   Index Cond: ((t.a >= 3572) AND (t.a <= 1265715))
   Index Searches: 1
   Buffers: shared hit=3284159
 Settings: enable_bitmapscan = 'off', enable_seqscan = 'off', max_parallel_workers_per_gather = '0'
 Planning:
   Buffers: shared hit=109
 Planning Time: 0.224 ms
 Execution Time: 1028.767 ms
(10 rows)

