SET
SET
SET
SET
SET
                                                                    QUERY PLAN                                                                    
--------------------------------------------------------------------------------------------------------------------------------------------------
 Index Scan Backward using idx on public.t (actual rows=5048576.00 loops=1)
   Output: a, b
   Index Cond: ((t.a >= 29443) AND (t.a <= 1291586))
   Index Searches: 1
   Prefetch: distance=264.241 count=5483115 stalls=3 skipped=74865 resets=0 ungets=509438 forwarded=11
             histogram [2,4) => 4, [4,8) => 3, [8,16) => 10, [16,32) => 9, [32,64) => 5, [64,128) => 2, [128,256) => 765464, [256,512) => 4717618
   Buffers: shared hit=4733216 read=248057
 Settings: enable_bitmapscan = 'off', enable_seqscan = 'off', max_parallel_workers_per_gather = '0'
 Planning:
   Buffers: shared hit=82 read=23
 Planning Time: 1.783 ms
 Execution Time: 5796.722 ms
(12 rows)

SET
SET
SET
SET
SET
                                             QUERY PLAN                                             
----------------------------------------------------------------------------------------------------
 Index Scan Backward using idx on public.t (actual rows=5048576.00 loops=1)
   Output: a, b
   Index Cond: ((t.a >= 29443) AND (t.a <= 1291586))
   Index Searches: 1
   Buffers: shared hit=4981273
 Settings: enable_bitmapscan = 'off', enable_seqscan = 'off', max_parallel_workers_per_gather = '0'
 Planning:
   Buffers: shared hit=110
 Planning Time: 0.274 ms
 Execution Time: 813.328 ms
(10 rows)

