SET
SET
SET
SET
SET
                                                                      QUERY PLAN                                                                       
-------------------------------------------------------------------------------------------------------------------------------------------------------
 Index Scan using idx on public.t (actual rows=262144.00 loops=1)
   Output: a, b
   Index Cond: ((t.a >= 21270) AND (t.a <= 86805))
   Index Searches: 1
   Prefetch: distance=253.771 count=112787 stalls=67868 skipped=91951 resets=0 ungets=10949 forwarded=3207
             histogram [2,4) => 742, [4,8) => 282, [8,16) => 19, [16,32) => 26, [32,64) => 58, [64,128) => 395, [128,256) => 31139, [256,512) => 80126
   Buffers: shared hit=150235 read=20193
 Settings: enable_bitmapscan = 'off', enable_seqscan = 'off', max_parallel_workers_per_gather = '0'
 Planning:
   Buffers: shared hit=82 read=26
 Planning Time: 2.140 ms
 Execution Time: 156.545 ms
(12 rows)

SET
SET
SET
SET
SET
                                             QUERY PLAN                                             
----------------------------------------------------------------------------------------------------
 Index Scan using idx on public.t (actual rows=262144.00 loops=1)
   Output: a, b
   Index Cond: ((t.a >= 21270) AND (t.a <= 86805))
   Index Searches: 1
   Buffers: shared hit=170429
 Settings: enable_bitmapscan = 'off', enable_seqscan = 'off', max_parallel_workers_per_gather = '0'
 Planning:
   Buffers: shared hit=113
 Planning Time: 0.183 ms
 Execution Time: 53.523 ms
(10 rows)

