SET
SET
SET
SET
SET
                                                                QUERY PLAN                                                                 
-------------------------------------------------------------------------------------------------------------------------------------------
 Index Scan using idx on public.t (actual rows=8192.00 loops=1)
   Output: a, b
   Index Cond: ((t.a >= 8558) AND (t.a <= 10605))
   Index Searches: 1
   Prefetch: distance=269.859 count=7185 stalls=1 skipped=2716 resets=0 ungets=2005 forwarded=181
             histogram [2,4) => 2, [4,8) => 7, [8,16) => 7, [16,32) => 14, [32,64) => 18, [64,128) => 3, [128,256) => 2, [256,512) => 7132
   Buffers: shared hit=1299 read=4086
 Settings: enable_bitmapscan = 'off', enable_seqscan = 'off', max_parallel_workers_per_gather = '0'
 Planning:
   Buffers: shared hit=86 read=26
 Planning Time: 2.109 ms
 Execution Time: 31.098 ms
(12 rows)

SET
SET
SET
SET
SET
                                             QUERY PLAN                                             
----------------------------------------------------------------------------------------------------
 Index Scan using idx on public.t (actual rows=8192.00 loops=1)
   Output: a, b
   Index Cond: ((t.a >= 8558) AND (t.a <= 10605))
   Index Searches: 1
   Buffers: shared hit=5385
 Settings: enable_bitmapscan = 'off', enable_seqscan = 'off', max_parallel_workers_per_gather = '0'
 Planning:
   Buffers: shared hit=117
 Planning Time: 0.195 ms
 Execution Time: 2.909 ms
(10 rows)

