SET
SET
SET
SET
SET
                                                                 QUERY PLAN                                                                 
--------------------------------------------------------------------------------------------------------------------------------------------
 Index Scan using idx on public.t (actual rows=16384.00 loops=1)
   Output: a, b
   Index Cond: ((t.a >= 23368) AND (t.a <= 27463))
   Index Searches: 1
   Prefetch: distance=270.555 count=14296 stalls=1 skipped=5687 resets=0 ungets=3859 forwarded=529
             histogram [2,4) => 2, [4,8) => 4, [8,16) => 5, [16,32) => 11, [32,64) => 19, [64,128) => 4, [128,256) => 6, [256,512) => 14245
   Buffers: shared hit=3525 read=7111
 Settings: enable_bitmapscan = 'off', enable_seqscan = 'off', max_parallel_workers_per_gather = '0'
 Planning:
   Buffers: shared hit=82 read=26
 Planning Time: 2.124 ms
 Execution Time: 44.800 ms
(12 rows)

SET
SET
SET
SET
SET
                                             QUERY PLAN                                             
----------------------------------------------------------------------------------------------------
 Index Scan using idx on public.t (actual rows=16384.00 loops=1)
   Output: a, b
   Index Cond: ((t.a >= 23368) AND (t.a <= 27463))
   Index Searches: 1
   Buffers: shared hit=10637
 Settings: enable_bitmapscan = 'off', enable_seqscan = 'off', max_parallel_workers_per_gather = '0'
 Planning:
   Buffers: shared hit=113
 Planning Time: 0.183 ms
 Execution Time: 4.094 ms
(10 rows)

