SET
SET
SET
SET
SET
                                                                 QUERY PLAN                                                                  
---------------------------------------------------------------------------------------------------------------------------------------------
 Index Scan using idx on public.t (actual rows=32768.00 loops=1)
   Output: a, b
   Index Cond: ((t.a >= 31150) AND (t.a <= 39341))
   Index Searches: 1
   Prefetch: distance=270.108 count=27330 stalls=1 skipped=11387 resets=0 ungets=6293 forwarded=1199
             histogram [2,4) => 2, [4,8) => 7, [8,16) => 7, [16,32) => 9, [32,64) => 20, [64,128) => 9, [128,256) => 138, [256,512) => 27138
   Buffers: shared hit=10229 read=11087
 Settings: enable_bitmapscan = 'off', enable_seqscan = 'off', max_parallel_workers_per_gather = '0'
 Planning:
   Buffers: shared hit=82 read=22
 Planning Time: 1.782 ms
 Execution Time: 64.045 ms
(12 rows)

SET
SET
SET
SET
SET
                                             QUERY PLAN                                             
----------------------------------------------------------------------------------------------------
 Index Scan using idx on public.t (actual rows=32768.00 loops=1)
   Output: a, b
   Index Cond: ((t.a >= 31150) AND (t.a <= 39341))
   Index Searches: 1
   Buffers: shared hit=21319
 Settings: enable_bitmapscan = 'off', enable_seqscan = 'off', max_parallel_workers_per_gather = '0'
 Planning:
   Buffers: shared hit=109
 Planning Time: 0.177 ms
 Execution Time: 8.024 ms
(10 rows)

