SET
SET
SET
SET
SET
                                                                      QUERY PLAN                                                                      
------------------------------------------------------------------------------------------------------------------------------------------------------
 Index Scan using idx on public.t (actual rows=131072.00 loops=1)
   Output: a, b
   Index Cond: ((t.a >= 30704) AND (t.a <= 63471))
   Index Searches: 1
   Prefetch: distance=261.225 count=85921 stalls=8955 skipped=46142 resets=0 ungets=9949 forwarded=2697
             histogram [2,4) => 299, [4,8) => 64, [8,16) => 19, [16,32) => 26, [32,64) => 51, [64,128) => 132, [128,256) => 15714, [256,512) => 69616
   Buffers: shared hit=67686 read=17444
 Settings: enable_bitmapscan = 'off', enable_seqscan = 'off', max_parallel_workers_per_gather = '0'
 Planning:
   Buffers: shared hit=82 read=22
 Planning Time: 1.785 ms
 Execution Time: 98.686 ms
(12 rows)

SET
SET
SET
SET
SET
                                             QUERY PLAN                                             
----------------------------------------------------------------------------------------------------
 Index Scan using idx on public.t (actual rows=131072.00 loops=1)
   Output: a, b
   Index Cond: ((t.a >= 30704) AND (t.a <= 63471))
   Index Searches: 1
   Buffers: shared hit=85131
 Settings: enable_bitmapscan = 'off', enable_seqscan = 'off', max_parallel_workers_per_gather = '0'
 Planning:
   Buffers: shared hit=109
 Planning Time: 0.218 ms
 Execution Time: 28.123 ms
(10 rows)

