SET
SET
SET
SET
SET
                                                                QUERY PLAN                                                                 
-------------------------------------------------------------------------------------------------------------------------------------------
 Index Scan using idx on public.t (actual rows=2048.00 loops=1)
   Output: a, b
   Index Cond: ((t.a >= 16689) AND (t.a <= 17200))
   Index Searches: 1
   Prefetch: distance=262.415 count=1353 stalls=1 skipped=487 resets=0 ungets=416 forwarded=21
             histogram [2,4) => 2, [4,8) => 3, [8,16) => 7, [16,32) => 24, [32,64) => 15, [64,128) => 2, [128,256) => 3, [256,512) => 1297
   Buffers: shared hit=93 read=1252
 Settings: enable_bitmapscan = 'off', enable_seqscan = 'off', max_parallel_workers_per_gather = '0'
 Planning:
   Buffers: shared hit=86 read=26
 Planning Time: 2.131 ms
 Execution Time: 28.762 ms
(12 rows)

SET
SET
SET
SET
SET
                                             QUERY PLAN                                             
----------------------------------------------------------------------------------------------------
 Index Scan using idx on public.t (actual rows=2048.00 loops=1)
   Output: a, b
   Index Cond: ((t.a >= 16689) AND (t.a <= 17200))
   Index Searches: 1
   Buffers: shared hit=1345
 Settings: enable_bitmapscan = 'off', enable_seqscan = 'off', max_parallel_workers_per_gather = '0'
 Planning:
   Buffers: shared hit=117
 Planning Time: 0.172 ms
 Execution Time: 0.807 ms
(10 rows)

