SET
SET
SET
SET
SET
                                                                             QUERY PLAN                                                                             
--------------------------------------------------------------------------------------------------------------------------------------------------------------------
 Index Scan using idx on public.t (actual rows=8048576.00 loops=1)
   Output: a, b
   Index Cond: ((t.a >= 493) AND (t.a <= 2012636))
   Index Searches: 1
   Prefetch: distance=158.021 count=970196 stalls=4267266 skipped=2826213 resets=0 ungets=15534 forwarded=12887
             histogram [2,4) => 221317, [4,8) => 129814, [8,16) => 5688, [16,32) => 255, [32,64) => 252, [64,128) => 1833, [128,256) => 302660, [256,512) => 308377
   Buffers: shared hit=5018925 read=215333
 Settings: enable_bitmapscan = 'off', enable_seqscan = 'off', max_parallel_workers_per_gather = '0'
 Planning:
   Buffers: shared hit=82 read=26
 Planning Time: 2.095 ms
 Execution Time: 4738.945 ms
(12 rows)

SET
SET
SET
SET
SET
                                             QUERY PLAN                                             
----------------------------------------------------------------------------------------------------
 Index Scan using idx on public.t (actual rows=8048576.00 loops=1)
   Output: a, b
   Index Cond: ((t.a >= 493) AND (t.a <= 2012636))
   Index Searches: 1
   Buffers: shared hit=5234258
 Settings: enable_bitmapscan = 'off', enable_seqscan = 'off', max_parallel_workers_per_gather = '0'
 Planning:
   Buffers: shared hit=113
 Planning Time: 0.224 ms
 Execution Time: 1661.808 ms
(10 rows)

