SET
SET
SET
SET
SET
                                                                          QUERY PLAN                                                                          
--------------------------------------------------------------------------------------------------------------------------------------------------------------
 Index Scan using idx on public.t (actual rows=2048576.00 loops=1)
   Output: a, b
   Index Cond: ((t.a >= 9148) AND (t.a <= 521291))
   Index Searches: 1
   Prefetch: distance=192.897 count=276542 stalls=1068555 skipped=718769 resets=0 ungets=15585 forwarded=5943
             histogram [2,4) => 43794, [4,8) => 25131, [8,16) => 1081, [16,32) => 62, [32,64) => 52, [64,128) => 404, [128,256) => 62942, [256,512) => 143076
   Buffers: shared hit=1268425 read=64350
 Settings: enable_bitmapscan = 'off', enable_seqscan = 'off', max_parallel_workers_per_gather = '0'
 Planning:
   Buffers: shared hit=82 read=26
 Planning Time: 2.135 ms
 Execution Time: 1127.975 ms
(12 rows)

SET
SET
SET
SET
SET
                                             QUERY PLAN                                             
----------------------------------------------------------------------------------------------------
 Index Scan using idx on public.t (actual rows=2048576.00 loops=1)
   Output: a, b
   Index Cond: ((t.a >= 9148) AND (t.a <= 521291))
   Index Searches: 1
   Buffers: shared hit=1332778
 Settings: enable_bitmapscan = 'off', enable_seqscan = 'off', max_parallel_workers_per_gather = '0'
 Planning:
   Buffers: shared hit=113
 Planning Time: 0.215 ms
 Execution Time: 422.386 ms
(10 rows)

