SET
SET
SET
SET
SET
                                                                           QUERY PLAN                                                                           
----------------------------------------------------------------------------------------------------------------------------------------------------------------
 Index Scan using idx on public.t (actual rows=5048576.00 loops=1)
   Output: a, b
   Index Cond: ((t.a >= 32359) AND (t.a <= 1294502))
   Index Searches: 1
   Prefetch: distance=133.398 count=479851 stalls=2812270 skipped=1771898 resets=0 ungets=15742 forwarded=8767
             histogram [2,4) => 143901, [4,8) => 84310, [8,16) => 3745, [16,32) => 151, [32,64) => 57, [64,128) => 468, [128,256) => 85788, [256,512) => 161431
   Buffers: shared hit=3141832 read=142305
 Settings: enable_bitmapscan = 'off', enable_seqscan = 'off', max_parallel_workers_per_gather = '0'
 Planning:
   Buffers: shared hit=82 read=22
 Planning Time: 1.882 ms
 Execution Time: 3041.879 ms
(12 rows)

SET
SET
SET
SET
SET
                                             QUERY PLAN                                             
----------------------------------------------------------------------------------------------------
 Index Scan using idx on public.t (actual rows=5048576.00 loops=1)
   Output: a, b
   Index Cond: ((t.a >= 32359) AND (t.a <= 1294502))
   Index Searches: 1
   Buffers: shared hit=3284137
 Settings: enable_bitmapscan = 'off', enable_seqscan = 'off', max_parallel_workers_per_gather = '0'
 Planning:
   Buffers: shared hit=109
 Planning Time: 0.216 ms
 Execution Time: 1034.294 ms
(10 rows)

