SET
SET
SET
SET
SET
                                                                  QUERY PLAN                                                                  
----------------------------------------------------------------------------------------------------------------------------------------------
 Index Scan using idx on public.t (actual rows=32768.00 loops=1)
   Output: a, b
   Index Cond: ((t.a >= 127) AND (t.a <= 8318))
   Index Searches: 1
   Prefetch: distance=269.587 count=26382 stalls=1 skipped=11375 resets=0 ungets=5489 forwarded=1069
             histogram [2,4) => 2, [4,8) => 3, [8,16) => 6, [16,32) => 16, [32,64) => 17, [64,128) => 3, [128,256) => 248, [256,512) => 26087
   Buffers: shared hit=11709 read=9570
 Settings: enable_bitmapscan = 'off', enable_seqscan = 'off', max_parallel_workers_per_gather = '0'
 Planning:
   Buffers: shared hit=86 read=26
 Planning Time: 2.125 ms
 Execution Time: 62.429 ms
(12 rows)

SET
SET
SET
SET
SET
                                             QUERY PLAN                                             
----------------------------------------------------------------------------------------------------
 Index Scan using idx on public.t (actual rows=32768.00 loops=1)
   Output: a, b
   Index Cond: ((t.a >= 127) AND (t.a <= 8318))
   Index Searches: 1
   Buffers: shared hit=21279
 Settings: enable_bitmapscan = 'off', enable_seqscan = 'off', max_parallel_workers_per_gather = '0'
 Planning:
   Buffers: shared hit=117
 Planning Time: 0.188 ms
 Execution Time: 7.183 ms
(10 rows)

