SET
SET
SET
SET
SET
                                                                 QUERY PLAN                                                                 
--------------------------------------------------------------------------------------------------------------------------------------------
 Index Scan using idx on public.t (actual rows=16384.00 loops=1)
   Output: a, b
   Index Cond: ((t.a >= 18167) AND (t.a <= 22262))
   Index Searches: 1
   Prefetch: distance=270.573 count=14317 stalls=1 skipped=5740 resets=0 ungets=3837 forwarded=536
             histogram [2,4) => 2, [4,8) => 3, [8,16) => 14, [16,32) => 19, [32,64) => 3, [64,128) => 4, [128,256) => 2, [256,512) => 14270
   Buffers: shared hit=3581 read=7032
 Settings: enable_bitmapscan = 'off', enable_seqscan = 'off', max_parallel_workers_per_gather = '0'
 Planning:
   Buffers: shared hit=86 read=26
 Planning Time: 2.114 ms
 Execution Time: 41.486 ms
(12 rows)

SET
SET
SET
SET
SET
                                             QUERY PLAN                                             
----------------------------------------------------------------------------------------------------
 Index Scan using idx on public.t (actual rows=16384.00 loops=1)
   Output: a, b
   Index Cond: ((t.a >= 18167) AND (t.a <= 22262))
   Index Searches: 1
   Buffers: shared hit=10614
 Settings: enable_bitmapscan = 'off', enable_seqscan = 'off', max_parallel_workers_per_gather = '0'
 Planning:
   Buffers: shared hit=117
 Planning Time: 0.179 ms
 Execution Time: 4.317 ms
(10 rows)

