SET
SET
SET
SET
SET
                                                                      QUERY PLAN                                                                      
------------------------------------------------------------------------------------------------------------------------------------------------------
 Index Scan using idx on public.t (actual rows=131072.00 loops=1)
   Output: a, b
   Index Cond: ((t.a >= 242) AND (t.a <= 33009))
   Index Searches: 1
   Prefetch: distance=259.226 count=79834 stalls=13182 skipped=45869 resets=0 ungets=8212 forwarded=2328
             histogram [2,4) => 252, [4,8) => 37, [8,16) => 14, [16,32) => 27, [32,64) => 49, [64,128) => 113, [128,256) => 18211, [256,512) => 61131
   Buffers: shared hit=70361 read=14905
 Settings: enable_bitmapscan = 'off', enable_seqscan = 'off', max_parallel_workers_per_gather = '0'
 Planning:
   Buffers: shared hit=82 read=26
 Planning Time: 2.111 ms
 Execution Time: 98.128 ms
(12 rows)

SET
SET
SET
SET
SET
                                             QUERY PLAN                                             
----------------------------------------------------------------------------------------------------
 Index Scan using idx on public.t (actual rows=131072.00 loops=1)
   Output: a, b
   Index Cond: ((t.a >= 242) AND (t.a <= 33009))
   Index Searches: 1
   Buffers: shared hit=85266
 Settings: enable_bitmapscan = 'off', enable_seqscan = 'off', max_parallel_workers_per_gather = '0'
 Planning:
   Buffers: shared hit=113
 Planning Time: 0.188 ms
 Execution Time: 25.396 ms
(10 rows)

