SET
SET
SET
SET
SET
                                                                QUERY PLAN                                                                 
-------------------------------------------------------------------------------------------------------------------------------------------
 Index Scan using idx on public.t (actual rows=8192.00 loops=1)
   Output: a, b
   Index Cond: ((t.a >= 17100) AND (t.a <= 19147))
   Index Searches: 1
   Prefetch: distance=269.918 count=7087 stalls=1 skipped=2750 resets=0 ungets=2041 forwarded=203
             histogram [2,4) => 2, [4,8) => 4, [8,16) => 10, [16,32) => 25, [32,64) => 5, [64,128) => 4, [128,256) => 4, [256,512) => 7033
   Buffers: shared hit=1128 read=4185
 Settings: enable_bitmapscan = 'off', enable_seqscan = 'off', max_parallel_workers_per_gather = '0'
 Planning:
   Buffers: shared hit=86 read=26
 Planning Time: 2.114 ms
 Execution Time: 36.076 ms
(12 rows)

SET
SET
SET
SET
SET
                                             QUERY PLAN                                             
----------------------------------------------------------------------------------------------------
 Index Scan using idx on public.t (actual rows=8192.00 loops=1)
   Output: a, b
   Index Cond: ((t.a >= 17100) AND (t.a <= 19147))
   Index Searches: 1
   Buffers: shared hit=5313
 Settings: enable_bitmapscan = 'off', enable_seqscan = 'off', max_parallel_workers_per_gather = '0'
 Planning:
   Buffers: shared hit=117
 Planning Time: 0.204 ms
 Execution Time: 2.828 ms
(10 rows)

