SET
SET
SET
SET
SET
                                                                  QUERY PLAN                                                                   
-----------------------------------------------------------------------------------------------------------------------------------------------
 Index Scan using idx on public.t (actual rows=65536.00 loops=1)
   Output: a, b
   Index Cond: ((t.a >= 8526) AND (t.a <= 24909))
   Index Searches: 1
   Prefetch: distance=267.079 count=50342 stalls=1 skipped=22950 resets=0 ungets=7820 forwarded=1892
             histogram [2,4) => 2, [4,8) => 3, [8,16) => 6, [16,32) => 21, [32,64) => 21, [64,128) => 2, [128,256) => 3786, [256,512) => 46501
   Buffers: shared hit=29597 read=13067
 Settings: enable_bitmapscan = 'off', enable_seqscan = 'off', max_parallel_workers_per_gather = '0'
 Planning:
   Buffers: shared hit=82 read=26
 Planning Time: 2.168 ms
 Execution Time: 67.853 ms
(12 rows)

SET
SET
SET
SET
SET
                                             QUERY PLAN                                             
----------------------------------------------------------------------------------------------------
 Index Scan using idx on public.t (actual rows=65536.00 loops=1)
   Output: a, b
   Index Cond: ((t.a >= 8526) AND (t.a <= 24909))
   Index Searches: 1
   Buffers: shared hit=42665
 Settings: enable_bitmapscan = 'off', enable_seqscan = 'off', max_parallel_workers_per_gather = '0'
 Planning:
   Buffers: shared hit=113
 Planning Time: 0.180 ms
 Execution Time: 15.872 ms
(10 rows)

