SET
SET
SET
SET
SET
                                                                          QUERY PLAN                                                                          
--------------------------------------------------------------------------------------------------------------------------------------------------------------
 Index Scan using idx on public.t (actual rows=2048576.00 loops=1)
   Output: a, b
   Index Cond: ((t.a >= 30637) AND (t.a <= 542780))
   Index Searches: 1
   Prefetch: distance=192.938 count=290742 stalls=1054519 skipped=718993 resets=0 ungets=15757 forwarded=6033
             histogram [2,4) => 45741, [4,8) => 26394, [8,16) => 1135, [16,32) => 64, [32,64) => 65, [64,128) => 328, [128,256) => 69286, [256,512) => 147729
   Buffers: shared hit=1266470 read=66161
 Settings: enable_bitmapscan = 'off', enable_seqscan = 'off', max_parallel_workers_per_gather = '0'
 Planning:
   Buffers: shared hit=82 read=22
 Planning Time: 1.874 ms
 Execution Time: 1146.565 ms
(12 rows)

SET
SET
SET
SET
SET
                                             QUERY PLAN                                             
----------------------------------------------------------------------------------------------------
 Index Scan using idx on public.t (actual rows=2048576.00 loops=1)
   Output: a, b
   Index Cond: ((t.a >= 30637) AND (t.a <= 542780))
   Index Searches: 1
   Buffers: shared hit=1332632
 Settings: enable_bitmapscan = 'off', enable_seqscan = 'off', max_parallel_workers_per_gather = '0'
 Planning:
   Buffers: shared hit=109
 Planning Time: 0.206 ms
 Execution Time: 427.591 ms
(10 rows)

