SET
SET
SET
SET
SET
                                                                        QUERY PLAN                                                                        
----------------------------------------------------------------------------------------------------------------------------------------------------------
 Index Scan using idx on public.t (actual rows=524288.00 loops=1)
   Output: a, b
   Index Cond: ((t.a >= 28762) AND (t.a <= 159833))
   Index Searches: 1
   Prefetch: distance=249.115 count=137973 stalls=216177 skipped=184056 resets=0 ungets=13933 forwarded=4076
             histogram [2,4) => 3513, [4,8) => 1868, [8,16) => 51, [16,32) => 44, [32,64) => 151, [64,128) => 190, [128,256) => 32349, [256,512) => 99807
   Buffers: shared hit=313571 read=27443
 Settings: enable_bitmapscan = 'off', enable_seqscan = 'off', max_parallel_workers_per_gather = '0'
 Planning:
   Buffers: shared hit=82 read=22
 Planning Time: 1.776 ms
 Execution Time: 261.932 ms
(12 rows)

SET
SET
SET
SET
SET
                                             QUERY PLAN                                             
----------------------------------------------------------------------------------------------------
 Index Scan using idx on public.t (actual rows=524288.00 loops=1)
   Output: a, b
   Index Cond: ((t.a >= 28762) AND (t.a <= 159833))
   Index Searches: 1
   Buffers: shared hit=341015
 Settings: enable_bitmapscan = 'off', enable_seqscan = 'off', max_parallel_workers_per_gather = '0'
 Planning:
   Buffers: shared hit=109
 Planning Time: 0.212 ms
 Execution Time: 108.481 ms
(10 rows)

