SET
SET
SET
SET
SET
                                                                            QUERY PLAN                                                                            
------------------------------------------------------------------------------------------------------------------------------------------------------------------
 Index Scan using idx on public.t (actual rows=7048576.00 loops=1)
   Output: a, b
   Index Cond: ((t.a >= 8404) AND (t.a <= 1770547))
   Index Searches: 1
   Prefetch: distance=104.019 count=560071 stalls=4029045 skipped=2475332 resets=0 ungets=15883 forwarded=10139
             histogram [2,4) => 208859, [4,8) => 122637, [8,16) => 5345, [16,32) => 253, [32,64) => 228, [64,128) => 419, [128,256) => 71319, [256,512) => 151011
   Buffers: shared hit=4393019 read=190778
 Settings: enable_bitmapscan = 'off', enable_seqscan = 'off', max_parallel_workers_per_gather = '0'
 Planning:
   Buffers: shared hit=82 read=26
 Planning Time: 2.122 ms
 Execution Time: 4260.548 ms
(12 rows)

SET
SET
SET
SET
SET
                                             QUERY PLAN                                             
----------------------------------------------------------------------------------------------------
 Index Scan using idx on public.t (actual rows=7048576.00 loops=1)
   Output: a, b
   Index Cond: ((t.a >= 8404) AND (t.a <= 1770547))
   Index Searches: 1
   Buffers: shared hit=4583799
 Settings: enable_bitmapscan = 'off', enable_seqscan = 'off', max_parallel_workers_per_gather = '0'
 Planning:
   Buffers: shared hit=113
 Planning Time: 0.233 ms
 Execution Time: 1455.370 ms
(10 rows)

