SET
SET
SET
SET
SET
                                                                           QUERY PLAN                                                                            
-----------------------------------------------------------------------------------------------------------------------------------------------------------------
 Index Scan using idx on public.t (actual rows=4048576.00 loops=1)
   Output: a, b
   Index Cond: ((t.a >= 22360) AND (t.a <= 1034503))
   Index Searches: 1
   Prefetch: distance=161.821 count=471980 stalls=2171238 skipped=1420695 resets=0 ungets=15716 forwarded=8148
             histogram [2,4) => 106880, [4,8) => 62611, [8,16) => 2789, [16,32) => 172, [32,64) => 59, [64,128) => 692, [128,256) => 117306, [256,512) => 181471
   Buffers: shared hit=2517732 read=116075
 Settings: enable_bitmapscan = 'off', enable_seqscan = 'off', max_parallel_workers_per_gather = '0'
 Planning:
   Buffers: shared hit=82 read=26
 Planning Time: 2.346 ms
 Execution Time: 2374.477 ms
(12 rows)

SET
SET
SET
SET
SET
                                             QUERY PLAN                                             
----------------------------------------------------------------------------------------------------
 Index Scan using idx on public.t (actual rows=4048576.00 loops=1)
   Output: a, b
   Index Cond: ((t.a >= 22360) AND (t.a <= 1034503))
   Index Searches: 1
   Buffers: shared hit=2633810
 Settings: enable_bitmapscan = 'off', enable_seqscan = 'off', max_parallel_workers_per_gather = '0'
 Planning:
   Buffers: shared hit=113
 Planning Time: 0.224 ms
 Execution Time: 834.106 ms
(10 rows)

