SET
SET
SET
SET
SET
                                                                           QUERY PLAN                                                                           
----------------------------------------------------------------------------------------------------------------------------------------------------------------
 Index Scan using idx on public.t (actual rows=5048576.00 loops=1)
   Output: a, b
   Index Cond: ((t.a >= 7029) AND (t.a <= 1269172))
   Index Searches: 1
   Prefetch: distance=115.560 count=414391 stalls=2877560 skipped=1771826 resets=0 ungets=15716 forwarded=8347
             histogram [2,4) => 144222, [4,8) => 84452, [8,16) => 3745, [16,32) => 150, [32,64) => 61, [64,128) => 294, [128,256) => 46945, [256,512) => 134522
   Buffers: shared hit=3144084 read=140047
 Settings: enable_bitmapscan = 'off', enable_seqscan = 'off', max_parallel_workers_per_gather = '0'
 Planning:
   Buffers: shared hit=82 read=26
 Planning Time: 2.133 ms
 Execution Time: 3038.902 ms
(12 rows)

SET
SET
SET
SET
SET
                                             QUERY PLAN                                             
----------------------------------------------------------------------------------------------------
 Index Scan using idx on public.t (actual rows=5048576.00 loops=1)
   Output: a, b
   Index Cond: ((t.a >= 7029) AND (t.a <= 1269172))
   Index Searches: 1
   Buffers: shared hit=3284132
 Settings: enable_bitmapscan = 'off', enable_seqscan = 'off', max_parallel_workers_per_gather = '0'
 Planning:
   Buffers: shared hit=113
 Planning Time: 0.227 ms
 Execution Time: 1044.499 ms
(10 rows)

