SET
SET
SET
SET
SET
                                                                           QUERY PLAN                                                                            
-----------------------------------------------------------------------------------------------------------------------------------------------------------------
 Index Scan using idx on public.t (actual rows=6048576.00 loops=1)
   Output: a, b
   Index Cond: ((t.a >= 29931) AND (t.a <= 1542074))
   Index Searches: 1
   Prefetch: distance=106.059 count=486019 stalls=3454432 skipped=2123104 resets=0 ungets=15590 forwarded=9248
             histogram [2,4) => 179658, [4,8) => 105378, [8,16) => 4595, [16,32) => 205, [32,64) => 67, [64,128) => 203, [128,256) => 56726, [256,512) => 139187
   Buffers: shared hit=3766976 read=167352
 Settings: enable_bitmapscan = 'off', enable_seqscan = 'off', max_parallel_workers_per_gather = '0'
 Planning:
   Buffers: shared hit=82 read=22
 Planning Time: 1.774 ms
 Execution Time: 3733.934 ms
(12 rows)

SET
SET
SET
SET
SET
                                             QUERY PLAN                                             
----------------------------------------------------------------------------------------------------
 Index Scan using idx on public.t (actual rows=6048576.00 loops=1)
   Output: a, b
   Index Cond: ((t.a >= 29931) AND (t.a <= 1542074))
   Index Searches: 1
   Buffers: shared hit=3934328
 Settings: enable_bitmapscan = 'off', enable_seqscan = 'off', max_parallel_workers_per_gather = '0'
 Planning:
   Buffers: shared hit=109
 Planning Time: 0.221 ms
 Execution Time: 1261.399 ms
(10 rows)

