SET
SET
SET
SET
SET
                                                                             QUERY PLAN                                                                             
--------------------------------------------------------------------------------------------------------------------------------------------------------------------
 Index Scan using idx on public.t (actual rows=9048576.00 loops=1)
   Output: a, b
   Index Cond: ((t.a >= 9900) AND (t.a <= 2272043))
   Index Searches: 1
   Prefetch: distance=151.482 count=1044654 stalls=4841573 skipped=3177222 resets=0 ungets=15532 forwarded=13853
             histogram [2,4) => 254536, [4,8) => 149527, [8,16) => 6627, [16,32) => 315, [32,64) => 311, [64,128) => 2489, [128,256) => 315548, [256,512) => 315301
   Buffers: shared hit=5643248 read=241408
 Settings: enable_bitmapscan = 'off', enable_seqscan = 'off', max_parallel_workers_per_gather = '0'
 Planning:
   Buffers: shared hit=82 read=26
 Planning Time: 2.132 ms
 Execution Time: 5379.476 ms
(12 rows)

SET
SET
SET
SET
SET
                                             QUERY PLAN                                             
----------------------------------------------------------------------------------------------------
 Index Scan using idx on public.t (actual rows=9048576.00 loops=1)
   Output: a, b
   Index Cond: ((t.a >= 9900) AND (t.a <= 2272043))
   Index Searches: 1
   Buffers: shared hit=5884656
 Settings: enable_bitmapscan = 'off', enable_seqscan = 'off', max_parallel_workers_per_gather = '0'
 Planning:
   Buffers: shared hit=113
 Planning Time: 0.233 ms
 Execution Time: 1865.401 ms
(10 rows)

