SET
SET
SET
SET
SET
                                                              QUERY PLAN                                                               
---------------------------------------------------------------------------------------------------------------------------------------
 Index Scan using idx on public.t (actual rows=8192.00 loops=1)
   Output: a, b
   Index Cond: ((t.a >= 6705) AND (t.a <= 8752))
   Index Searches: 1
   Buffers: shared hit=1322 read=3980
 Settings: enable_bitmapscan = 'off', enable_seqscan = 'off', max_parallel_workers_per_gather = '0', enable_indexscan_prefetch = 'off'
 Planning:
   Buffers: shared hit=86 read=26
 Planning Time: 2.128 ms
 Execution Time: 114.647 ms
(10 rows)

SET
SET
SET
SET
SET
                                                              QUERY PLAN                                                               
---------------------------------------------------------------------------------------------------------------------------------------
 Index Scan using idx on public.t (actual rows=8192.00 loops=1)
   Output: a, b
   Index Cond: ((t.a >= 6705) AND (t.a <= 8752))
   Index Searches: 1
   Buffers: shared hit=5302
 Settings: enable_bitmapscan = 'off', enable_seqscan = 'off', max_parallel_workers_per_gather = '0', enable_indexscan_prefetch = 'off'
 Planning:
   Buffers: shared hit=117
 Planning Time: 0.154 ms
 Execution Time: 3.049 ms
(10 rows)

