SET
SET
SET
SET
SET
                                                                QUERY PLAN                                                                
------------------------------------------------------------------------------------------------------------------------------------------
 Index Scan using idx on public.t (actual rows=512.00 loops=1)
   Output: a, b
   Index Cond: ((t.a >= 26848) AND (t.a <= 26975))
   Index Searches: 1
   Prefetch: distance=192.865 count=163 stalls=1 skipped=73 resets=0 ungets=36 forwarded=0
             histogram [2,4) => 2, [4,8) => 3, [8,16) => 7, [16,32) => 11, [32,64) => 19, [64,128) => 9, [128,256) => 7, [256,512) => 105
   Buffers: shared hit=11 read=325
 Settings: enable_bitmapscan = 'off', enable_seqscan = 'off', max_parallel_workers_per_gather = '0'
 Planning:
   Buffers: shared hit=82 read=22
 Planning Time: 1.813 ms
 Execution Time: 14.671 ms
(12 rows)

SET
SET
SET
SET
SET
                                             QUERY PLAN                                             
----------------------------------------------------------------------------------------------------
 Index Scan using idx on public.t (actual rows=512.00 loops=1)
   Output: a, b
   Index Cond: ((t.a >= 26848) AND (t.a <= 26975))
   Index Searches: 1
   Buffers: shared hit=336
 Settings: enable_bitmapscan = 'off', enable_seqscan = 'off', max_parallel_workers_per_gather = '0'
 Planning:
   Buffers: shared hit=109
 Planning Time: 0.161 ms
 Execution Time: 0.315 ms
(10 rows)

