SET
SET
SET
SET
SET
                                                                QUERY PLAN                                                                 
-------------------------------------------------------------------------------------------------------------------------------------------
 Index Scan using idx on public.t (actual rows=16384.00 loops=1)
   Output: a, b
   Index Cond: ((t.a >= 21724) AND (t.a <= 25819))
   Index Searches: 1
   Prefetch: distance=270.742 count=14205 stalls=1 skipped=5640 resets=0 ungets=3825 forwarded=545
             histogram [2,4) => 2, [4,8) => 3, [8,16) => 6, [16,32) => 20, [32,64) => 3, [64,128) => 2, [128,256) => 4, [256,512) => 14165
   Buffers: shared hit=3508 read=7136
 Settings: enable_bitmapscan = 'off', enable_seqscan = 'off', max_parallel_workers_per_gather = '0'
 Planning:
   Buffers: shared hit=82 read=26
 Planning Time: 2.143 ms
 Execution Time: 49.101 ms
(12 rows)

SET
SET
SET
SET
SET
                                             QUERY PLAN                                             
----------------------------------------------------------------------------------------------------
 Index Scan using idx on public.t (actual rows=16384.00 loops=1)
   Output: a, b
   Index Cond: ((t.a >= 21724) AND (t.a <= 25819))
   Index Searches: 1
   Buffers: shared hit=10644
 Settings: enable_bitmapscan = 'off', enable_seqscan = 'off', max_parallel_workers_per_gather = '0'
 Planning:
   Buffers: shared hit=113
 Planning Time: 0.181 ms
 Execution Time: 4.062 ms
(10 rows)

