SET
SET
SET
SET
SET
                                                                QUERY PLAN                                                                 
-------------------------------------------------------------------------------------------------------------------------------------------
 Index Scan using idx on public.t (actual rows=4096.00 loops=1)
   Output: a, b
   Index Cond: ((t.a >= 24537) AND (t.a <= 25560))
   Index Searches: 1
   Prefetch: distance=268.021 count=3186 stalls=1 skipped=1225 resets=0 ungets=979 forwarded=66
             histogram [2,4) => 2, [4,8) => 7, [8,16) => 9, [16,32) => 11, [32,64) => 14, [64,128) => 5, [128,256) => 4, [256,512) => 3134
   Buffers: shared hit=283 read=2363
 Settings: enable_bitmapscan = 'off', enable_seqscan = 'off', max_parallel_workers_per_gather = '0'
 Planning:
   Buffers: shared hit=82 read=22
 Planning Time: 1.847 ms
 Execution Time: 36.933 ms
(12 rows)

SET
SET
SET
SET
SET
                                             QUERY PLAN                                             
----------------------------------------------------------------------------------------------------
 Index Scan using idx on public.t (actual rows=4096.00 loops=1)
   Output: a, b
   Index Cond: ((t.a >= 24537) AND (t.a <= 25560))
   Index Searches: 1
   Buffers: shared hit=2646
 Settings: enable_bitmapscan = 'off', enable_seqscan = 'off', max_parallel_workers_per_gather = '0'
 Planning:
   Buffers: shared hit=109
 Planning Time: 0.165 ms
 Execution Time: 1.308 ms
(10 rows)

