SET
SET
SET
SET
SET
                                                                  QUERY PLAN                                                                  
----------------------------------------------------------------------------------------------------------------------------------------------
 Index Scan using idx on public.t (actual rows=32768.00 loops=1)
   Output: a, b
   Index Cond: ((t.a >= 13157) AND (t.a <= 21348))
   Index Searches: 1
   Prefetch: distance=269.865 count=26815 stalls=1 skipped=11314 resets=0 ungets=5877 forwarded=1150
             histogram [2,4) => 2, [4,8) => 3, [8,16) => 10, [16,32) => 23, [32,64) => 6, [64,128) => 2, [128,256) => 222, [256,512) => 26547
   Buffers: shared hit=11085 read=10244
 Settings: enable_bitmapscan = 'off', enable_seqscan = 'off', max_parallel_workers_per_gather = '0'
 Planning:
   Buffers: shared hit=86 read=26
 Planning Time: 2.097 ms
 Execution Time: 66.998 ms
(12 rows)

SET
SET
SET
SET
SET
                                             QUERY PLAN                                             
----------------------------------------------------------------------------------------------------
 Index Scan using idx on public.t (actual rows=32768.00 loops=1)
   Output: a, b
   Index Cond: ((t.a >= 13157) AND (t.a <= 21348))
   Index Searches: 1
   Buffers: shared hit=21329
 Settings: enable_bitmapscan = 'off', enable_seqscan = 'off', max_parallel_workers_per_gather = '0'
 Planning:
   Buffers: shared hit=117
 Planning Time: 0.185 ms
 Execution Time: 7.389 ms
(10 rows)

