SET
SET
SET
SET
SET
                                                                 QUERY PLAN                                                                 
--------------------------------------------------------------------------------------------------------------------------------------------
 Index Scan using idx on public.t (actual rows=8192.00 loops=1)
   Output: a, b
   Index Cond: ((t.a >= 27664) AND (t.a <= 29711))
   Index Searches: 1
   Prefetch: distance=269.918 count=7025 stalls=1 skipped=2669 resets=0 ungets=2070 forwarded=215
             histogram [2,4) => 2, [4,8) => 7, [8,16) => 12, [16,32) => 15, [32,64) => 14, [64,128) => 2, [128,256) => 2, [256,512) => 6971
   Buffers: shared hit=1031 read=4316
 Settings: enable_bitmapscan = 'off', enable_seqscan = 'off', max_parallel_workers_per_gather = '0'
 Planning:
   Buffers: shared hit=82 read=22
 Planning Time: 1.777 ms
 Execution Time: 41.426 ms
(12 rows)

SET
SET
SET
SET
SET
                                             QUERY PLAN                                             
----------------------------------------------------------------------------------------------------
 Index Scan using idx on public.t (actual rows=8192.00 loops=1)
   Output: a, b
   Index Cond: ((t.a >= 27664) AND (t.a <= 29711))
   Index Searches: 1
   Buffers: shared hit=5347
 Settings: enable_bitmapscan = 'off', enable_seqscan = 'off', max_parallel_workers_per_gather = '0'
 Planning:
   Buffers: shared hit=109
 Planning Time: 0.185 ms
 Execution Time: 3.454 ms
(10 rows)

