SET
SET
SET
SET
SET
                                                                         QUERY PLAN                                                                         
------------------------------------------------------------------------------------------------------------------------------------------------------------
 Index Scan using idx on public.t (actual rows=1048576.00 loops=1)
   Output: a, b
   Index Cond: ((t.a >= 7281) AND (t.a <= 269424))
   Index Searches: 1
   Prefetch: distance=236.917 count=229019 stalls=467465 skipped=367837 resets=0 ungets=15916 forwarded=5183
             histogram [2,4) => 10618, [4,8) => 5665, [8,16) => 152, [16,32) => 25, [32,64) => 50, [64,128) => 466, [128,256) => 71647, [256,512) => 140396
   Buffers: shared hit=643411 read=38849
 Settings: enable_bitmapscan = 'off', enable_seqscan = 'off', max_parallel_workers_per_gather = '0'
 Planning:
   Buffers: shared hit=82 read=26
 Planning Time: 2.125 ms
 Execution Time: 494.191 ms
(12 rows)

SET
SET
SET
SET
SET
                                             QUERY PLAN                                             
----------------------------------------------------------------------------------------------------
 Index Scan using idx on public.t (actual rows=1048576.00 loops=1)
   Output: a, b
   Index Cond: ((t.a >= 7281) AND (t.a <= 269424))
   Index Searches: 1
   Buffers: shared hit=682260
 Settings: enable_bitmapscan = 'off', enable_seqscan = 'off', max_parallel_workers_per_gather = '0'
 Planning:
   Buffers: shared hit=113
 Planning Time: 0.211 ms
 Execution Time: 216.761 ms
(10 rows)

