SET
SET
SET
SET
SET
                                                                      QUERY PLAN                                                                      
------------------------------------------------------------------------------------------------------------------------------------------------------
 Index Scan using idx on public.t (actual rows=131072.00 loops=1)
   Output: a, b
   Index Cond: ((t.a >= 691) AND (t.a <= 33458))
   Index Searches: 1
   Prefetch: distance=258.973 count=81042 stalls=12217 skipped=45944 resets=0 ungets=8322 forwarded=2353
             histogram [2,4) => 231, [4,8) => 32, [8,16) => 12, [16,32) => 29, [32,64) => 48, [64,128) => 140, [128,256) => 18768, [256,512) => 61782
   Buffers: shared hit=70305 read=14953
 Settings: enable_bitmapscan = 'off', enable_seqscan = 'off', max_parallel_workers_per_gather = '0'
 Planning:
   Buffers: shared hit=82 read=26
 Planning Time: 2.138 ms
 Execution Time: 89.208 ms
(12 rows)

SET
SET
SET
SET
SET
                                             QUERY PLAN                                             
----------------------------------------------------------------------------------------------------
 Index Scan using idx on public.t (actual rows=131072.00 loops=1)
   Output: a, b
   Index Cond: ((t.a >= 691) AND (t.a <= 33458))
   Index Searches: 1
   Buffers: shared hit=85259
 Settings: enable_bitmapscan = 'off', enable_seqscan = 'off', max_parallel_workers_per_gather = '0'
 Planning:
   Buffers: shared hit=113
 Planning Time: 0.189 ms
 Execution Time: 25.109 ms
(10 rows)

