SET
SET
SET
SET
SET
                                                                            QUERY PLAN                                                                             
-------------------------------------------------------------------------------------------------------------------------------------------------------------------
 Index Scan using idx on public.t (actual rows=7048576.00 loops=1)
   Output: a, b
   Index Cond: ((t.a >= 31572) AND (t.a <= 1793715))
   Index Searches: 1
   Prefetch: distance=117.662 count=619074 stalls=3969353 skipped=2475249 resets=0 ungets=15599 forwarded=10646
             histogram [2,4) => 208592, [4,8) => 122516, [8,16) => 5334, [16,32) => 223, [32,64) => 191, [64,128) => 504, [128,256) => 106513, [256,512) => 175201
   Buffers: shared hit=4390887 read=192820
 Settings: enable_bitmapscan = 'off', enable_seqscan = 'off', max_parallel_workers_per_gather = '0'
 Planning:
   Buffers: shared hit=82 read=22
 Planning Time: 1.791 ms
 Execution Time: 4291.778 ms
(12 rows)

SET
SET
SET
SET
SET
                                             QUERY PLAN                                             
----------------------------------------------------------------------------------------------------
 Index Scan using idx on public.t (actual rows=7048576.00 loops=1)
   Output: a, b
   Index Cond: ((t.a >= 31572) AND (t.a <= 1793715))
   Index Searches: 1
   Buffers: shared hit=4583707
 Settings: enable_bitmapscan = 'off', enable_seqscan = 'off', max_parallel_workers_per_gather = '0'
 Planning:
   Buffers: shared hit=109
 Planning Time: 0.371 ms
 Execution Time: 1478.085 ms
(10 rows)

