SET
SET
SET
SET
SET
                                                                           QUERY PLAN                                                                           
----------------------------------------------------------------------------------------------------------------------------------------------------------------
 Index Scan using idx on public.t (actual rows=5048576.00 loops=1)
   Output: a, b
   Index Cond: ((t.a >= 22646) AND (t.a <= 1284789))
   Index Searches: 1
   Prefetch: distance=127.165 count=454950 stalls=2837230 skipped=1771888 resets=0 ungets=15683 forwarded=8603
             histogram [2,4) => 144065, [4,8) => 84392, [8,16) => 3745, [16,32) => 151, [32,64) => 57, [64,128) => 434, [128,256) => 71064, [256,512) => 151042
   Buffers: shared hit=3142733 read=141456
 Settings: enable_bitmapscan = 'off', enable_seqscan = 'off', max_parallel_workers_per_gather = '0'
 Planning:
   Buffers: shared hit=82 read=26
 Planning Time: 2.208 ms
 Execution Time: 3066.796 ms
(12 rows)

SET
SET
SET
SET
SET
                                             QUERY PLAN                                             
----------------------------------------------------------------------------------------------------
 Index Scan using idx on public.t (actual rows=5048576.00 loops=1)
   Output: a, b
   Index Cond: ((t.a >= 22646) AND (t.a <= 1284789))
   Index Searches: 1
   Buffers: shared hit=3284189
 Settings: enable_bitmapscan = 'off', enable_seqscan = 'off', max_parallel_workers_per_gather = '0'
 Planning:
   Buffers: shared hit=113
 Planning Time: 0.231 ms
 Execution Time: 1062.995 ms
(10 rows)

