SET
SET
SET
SET
SET
                                                                       QUERY PLAN                                                                       
--------------------------------------------------------------------------------------------------------------------------------------------------------
 Index Scan using idx on public.t (actual rows=262144.00 loops=1)
   Output: a, b
   Index Cond: ((t.a >= 14450) AND (t.a <= 79985))
   Index Searches: 1
   Prefetch: distance=256.569 count=97954 stalls=82283 skipped=91900 resets=0 ungets=10588 forwarded=3036
             histogram [2,4) => 951, [4,8) => 319, [8,16) => 18, [16,32) => 27, [32,64) => 104, [64,128) => 289, [128,256) => 21094, [256,512) => 75152
   Buffers: shared hit=150866 read=19549
 Settings: enable_bitmapscan = 'off', enable_seqscan = 'off', max_parallel_workers_per_gather = '0'
 Planning:
   Buffers: shared hit=82 read=26
 Planning Time: 2.219 ms
 Execution Time: 159.772 ms
(12 rows)

SET
SET
SET
SET
SET
                                             QUERY PLAN                                             
----------------------------------------------------------------------------------------------------
 Index Scan using idx on public.t (actual rows=262144.00 loops=1)
   Output: a, b
   Index Cond: ((t.a >= 14450) AND (t.a <= 79985))
   Index Searches: 1
   Buffers: shared hit=170417
 Settings: enable_bitmapscan = 'off', enable_seqscan = 'off', max_parallel_workers_per_gather = '0'
 Planning:
   Buffers: shared hit=113
 Planning Time: 0.211 ms
 Execution Time: 56.962 ms
(10 rows)

