SET
SET
SET
SET
SET
                                                                             QUERY PLAN                                                                             
--------------------------------------------------------------------------------------------------------------------------------------------------------------------
 Index Scan using idx on public.t (actual rows=8048576.00 loops=1)
   Output: a, b
   Index Cond: ((t.a >= 14847) AND (t.a <= 2026990))
   Index Searches: 1
   Prefetch: distance=161.215 count=1007413 stalls=4230110 skipped=2826187 resets=0 ungets=15537 forwarded=13122
             histogram [2,4) => 221244, [4,8) => 129794, [8,16) => 5691, [16,32) => 254, [32,64) => 253, [64,128) => 1895, [128,256) => 324825, [256,512) => 323457
   Buffers: shared hit=5017661 read=216643
 Settings: enable_bitmapscan = 'off', enable_seqscan = 'off', max_parallel_workers_per_gather = '0'
 Planning:
   Buffers: shared hit=82 read=26
 Planning Time: 2.127 ms
 Execution Time: 4759.977 ms
(12 rows)

SET
SET
SET
SET
SET
                                             QUERY PLAN                                             
----------------------------------------------------------------------------------------------------
 Index Scan using idx on public.t (actual rows=8048576.00 loops=1)
   Output: a, b
   Index Cond: ((t.a >= 14847) AND (t.a <= 2026990))
   Index Searches: 1
   Buffers: shared hit=5234305
 Settings: enable_bitmapscan = 'off', enable_seqscan = 'off', max_parallel_workers_per_gather = '0'
 Planning:
   Buffers: shared hit=113
 Planning Time: 0.210 ms
 Execution Time: 1664.240 ms
(10 rows)

