SET
SET
SET
SET
                                             QUERY PLAN                                             
----------------------------------------------------------------------------------------------------
 Index Scan using idx on public.t (actual rows=64.00 loops=1)
   Output: a, b
   Index Cond: ((t.a >= 31279) AND (t.a <= 31294))
   Index Searches: 1
   Buffers: shared hit=3 read=49
 Settings: enable_bitmapscan = 'off', enable_seqscan = 'off', max_parallel_workers_per_gather = '0'
 Planning:
   Buffers: shared hit=82 read=22
 Planning Time: 0.944 ms
 Execution Time: 3.354 ms
(10 rows)

SET
SET
SET
SET
                                             QUERY PLAN                                             
----------------------------------------------------------------------------------------------------
 Index Scan using idx on public.t (actual rows=64.00 loops=1)
   Output: a, b
   Index Cond: ((t.a >= 31279) AND (t.a <= 31294))
   Index Searches: 1
   Buffers: shared hit=52
 Settings: enable_bitmapscan = 'off', enable_seqscan = 'off', max_parallel_workers_per_gather = '0'
 Planning:
   Buffers: shared hit=109
 Planning Time: 0.119 ms
 Execution Time: 0.046 ms
(10 rows)

