SET
SET
SET
SET
SET
                                                                QUERY PLAN                                                                 
-------------------------------------------------------------------------------------------------------------------------------------------
 Index Scan using idx on public.t (actual rows=2048.00 loops=1)
   Output: a, b
   Index Cond: ((t.a >= 18461) AND (t.a <= 18972))
   Index Searches: 1
   Prefetch: distance=263.638 count=1571 stalls=1 skipped=600 resets=0 ungets=487 forwarded=18
             histogram [2,4) => 2, [4,8) => 4, [8,16) => 7, [16,32) => 17, [32,64) => 21, [64,128) => 3, [128,256) => 4, [256,512) => 1513
   Buffers: shared hit=78 read=1241
 Settings: enable_bitmapscan = 'off', enable_seqscan = 'off', max_parallel_workers_per_gather = '0'
 Planning:
   Buffers: shared hit=86 read=26
 Planning Time: 2.095 ms
 Execution Time: 20.169 ms
(12 rows)

SET
SET
SET
SET
SET
                                             QUERY PLAN                                             
----------------------------------------------------------------------------------------------------
 Index Scan using idx on public.t (actual rows=2048.00 loops=1)
   Output: a, b
   Index Cond: ((t.a >= 18461) AND (t.a <= 18972))
   Index Searches: 1
   Buffers: shared hit=1319
 Settings: enable_bitmapscan = 'off', enable_seqscan = 'off', max_parallel_workers_per_gather = '0'
 Planning:
   Buffers: shared hit=117
 Planning Time: 0.173 ms
 Execution Time: 0.809 ms
(10 rows)

