SET
SET
SET
SET
SET
                                                                QUERY PLAN                                                                
------------------------------------------------------------------------------------------------------------------------------------------
 Index Scan using idx on public.t (actual rows=8192.00 loops=1)
   Output: a, b
   Index Cond: ((t.a >= 27227) AND (t.a <= 29274))
   Index Searches: 1
   Prefetch: distance=270.303 count=7409 stalls=1 skipped=2833 resets=0 ungets=2206 forwarded=217
             histogram [2,4) => 2, [4,8) => 3, [8,16) => 9, [16,32) => 21, [32,64) => 4, [64,128) => 5, [128,256) => 3, [256,512) => 7362
   Buffers: shared hit=1041 read=4284
 Settings: enable_bitmapscan = 'off', enable_seqscan = 'off', max_parallel_workers_per_gather = '0'
 Planning:
   Buffers: shared hit=82 read=22
 Planning Time: 1.782 ms
 Execution Time: 27.153 ms
(12 rows)

SET
SET
SET
SET
SET
                                             QUERY PLAN                                             
----------------------------------------------------------------------------------------------------
 Index Scan using idx on public.t (actual rows=8192.00 loops=1)
   Output: a, b
   Index Cond: ((t.a >= 27227) AND (t.a <= 29274))
   Index Searches: 1
   Buffers: shared hit=5325
 Settings: enable_bitmapscan = 'off', enable_seqscan = 'off', max_parallel_workers_per_gather = '0'
 Planning:
   Buffers: shared hit=109
 Planning Time: 0.183 ms
 Execution Time: 2.963 ms
(10 rows)

