SET
SET
SET
SET
SET
                                                                            QUERY PLAN                                                                            
------------------------------------------------------------------------------------------------------------------------------------------------------------------
 Index Scan using idx on public.t (actual rows=6048576.00 loops=1)
   Output: a, b
   Index Cond: ((t.a >= 5937) AND (t.a <= 1518080))
   Index Searches: 1
   Prefetch: distance=152.710 count=676650 stalls=3264095 skipped=2123342 resets=0 ungets=15670 forwarded=10142
             histogram [2,4) => 165868, [4,8) => 97127, [8,16) => 4222, [16,32) => 148, [32,64) => 89, [64,128) => 1369, [128,256) => 183011, [256,512) => 224816
   Buffers: shared hit=3769014 read=165225
 Settings: enable_bitmapscan = 'off', enable_seqscan = 'off', max_parallel_workers_per_gather = '0'
 Planning:
   Buffers: shared hit=82 read=26
 Planning Time: 2.102 ms
 Execution Time: 3554.352 ms
(12 rows)

SET
SET
SET
SET
SET
                                             QUERY PLAN                                             
----------------------------------------------------------------------------------------------------
 Index Scan using idx on public.t (actual rows=6048576.00 loops=1)
   Output: a, b
   Index Cond: ((t.a >= 5937) AND (t.a <= 1518080))
   Index Searches: 1
   Buffers: shared hit=3934239
 Settings: enable_bitmapscan = 'off', enable_seqscan = 'off', max_parallel_workers_per_gather = '0'
 Planning:
   Buffers: shared hit=113
 Planning Time: 0.312 ms
 Execution Time: 1258.647 ms
(10 rows)

