SET
SET
SET
SET
SET
                                                                            QUERY PLAN                                                                            
------------------------------------------------------------------------------------------------------------------------------------------------------------------
 Index Scan using idx on public.t (actual rows=3048576.00 loops=1)
   Output: a, b
   Index Cond: ((t.a >= 9149) AND (t.a <= 771292))
   Index Searches: 1
   Prefetch: distance=196.208 count=492037 stalls=1502032 skipped=1069902 resets=0 ungets=15698 forwarded=7752
             histogram [2,4) => 67708, [4,8) => 39449, [8,16) => 1685, [16,32) => 115, [32,64) => 235, [64,128) => 1112, [128,256) => 166067, [256,512) => 215666
   Buffers: shared hit=1893507 read=89628
 Settings: enable_bitmapscan = 'off', enable_seqscan = 'off', max_parallel_workers_per_gather = '0'
 Planning:
   Buffers: shared hit=82 read=26
 Planning Time: 2.101 ms
 Execution Time: 1674.978 ms
(12 rows)

SET
SET
SET
SET
SET
                                             QUERY PLAN                                             
----------------------------------------------------------------------------------------------------
 Index Scan using idx on public.t (actual rows=3048576.00 loops=1)
   Output: a, b
   Index Cond: ((t.a >= 9149) AND (t.a <= 771292))
   Index Searches: 1
   Buffers: shared hit=1983136
 Settings: enable_bitmapscan = 'off', enable_seqscan = 'off', max_parallel_workers_per_gather = '0'
 Planning:
   Buffers: shared hit=113
 Planning Time: 0.228 ms
 Execution Time: 629.899 ms
(10 rows)

