SET
SET
SET
SET
SET
                                                                           QUERY PLAN                                                                           
----------------------------------------------------------------------------------------------------------------------------------------------------------------
 Index Scan using idx on public.t (actual rows=5048576.00 loops=1)
   Output: a, b
   Index Cond: ((t.a >= 25303) AND (t.a <= 1287446))
   Index Searches: 1
   Prefetch: distance=128.915 count=461861 stalls=2830396 skipped=1771919 resets=0 ungets=15731 forwarded=8676
             histogram [2,4) => 144021, [4,8) => 84379, [8,16) => 3749, [16,32) => 156, [32,64) => 51, [64,128) => 471, [128,256) => 75425, [256,512) => 153609
   Buffers: shared hit=3142455 read=141713
 Settings: enable_bitmapscan = 'off', enable_seqscan = 'off', max_parallel_workers_per_gather = '0'
 Planning:
   Buffers: shared hit=82 read=22
 Planning Time: 1.783 ms
 Execution Time: 3046.066 ms
(12 rows)

SET
SET
SET
SET
SET
                                             QUERY PLAN                                             
----------------------------------------------------------------------------------------------------
 Index Scan using idx on public.t (actual rows=5048576.00 loops=1)
   Output: a, b
   Index Cond: ((t.a >= 25303) AND (t.a <= 1287446))
   Index Searches: 1
   Buffers: shared hit=3284171
 Settings: enable_bitmapscan = 'off', enable_seqscan = 'off', max_parallel_workers_per_gather = '0'
 Planning:
   Buffers: shared hit=109
 Planning Time: 0.209 ms
 Execution Time: 1041.148 ms
(10 rows)

