SET
SET
SET
SET
SET
                                                                      QUERY PLAN                                                                      
------------------------------------------------------------------------------------------------------------------------------------------------------
 Index Scan using idx on public.t (actual rows=131072.00 loops=1)
   Output: a, b
   Index Cond: ((t.a >= 7920) AND (t.a <= 40687))
   Index Searches: 1
   Prefetch: distance=259.413 count=78911 stalls=14584 skipped=45864 resets=0 ungets=8670 forwarded=2369
             histogram [2,4) => 369, [4,8) => 57, [8,16) => 14, [16,32) => 28, [32,64) => 49, [64,128) => 197, [128,256) => 15907, [256,512) => 62290
   Buffers: shared hit=69708 read=15573
 Settings: enable_bitmapscan = 'off', enable_seqscan = 'off', max_parallel_workers_per_gather = '0'
 Planning:
   Buffers: shared hit=82 read=26
 Planning Time: 2.125 ms
 Execution Time: 97.312 ms
(12 rows)

SET
SET
SET
SET
SET
                                             QUERY PLAN                                             
----------------------------------------------------------------------------------------------------
 Index Scan using idx on public.t (actual rows=131072.00 loops=1)
   Output: a, b
   Index Cond: ((t.a >= 7920) AND (t.a <= 40687))
   Index Searches: 1
   Buffers: shared hit=85284
 Settings: enable_bitmapscan = 'off', enable_seqscan = 'off', max_parallel_workers_per_gather = '0'
 Planning:
   Buffers: shared hit=113
 Planning Time: 0.216 ms
 Execution Time: 26.245 ms
(10 rows)

