SET
SET
SET
SET
SET
                                                                             QUERY PLAN                                                                             
--------------------------------------------------------------------------------------------------------------------------------------------------------------------
 Index Scan using idx on public.t (actual rows=9048576.00 loops=1)
   Output: a, b
   Index Cond: ((t.a >= 7467) AND (t.a <= 2269610))
   Index Searches: 1
   Prefetch: distance=150.954 count=1038785 stalls=4847910 skipped=3177327 resets=0 ungets=15725 forwarded=13804
             histogram [2,4) => 254543, [4,8) => 149529, [8,16) => 6627, [16,32) => 313, [32,64) => 309, [64,128) => 2421, [128,256) => 312207, [256,512) => 312836
   Buffers: shared hit=5643518 read=241186
 Settings: enable_bitmapscan = 'off', enable_seqscan = 'off', max_parallel_workers_per_gather = '0'
 Planning:
   Buffers: shared hit=82 read=26
 Planning Time: 2.114 ms
 Execution Time: 5401.799 ms
(12 rows)

SET
SET
SET
SET
SET
                                             QUERY PLAN                                             
----------------------------------------------------------------------------------------------------
 Index Scan using idx on public.t (actual rows=9048576.00 loops=1)
   Output: a, b
   Index Cond: ((t.a >= 7467) AND (t.a <= 2269610))
   Index Searches: 1
   Buffers: shared hit=5884705
 Settings: enable_bitmapscan = 'off', enable_seqscan = 'off', max_parallel_workers_per_gather = '0'
 Planning:
   Buffers: shared hit=113
 Planning Time: 0.229 ms
 Execution Time: 1887.428 ms
(10 rows)

