SET
SET
SET
SET
SET
                                             QUERY PLAN                                             
----------------------------------------------------------------------------------------------------
 Index Scan using idx on public.t (actual rows=8.00 loops=1)
   Output: a, b
   Index Cond: ((t.a >= 26229) AND (t.a <= 26230))
   Index Searches: 1
   Prefetch: distance=2.667 count=3 stalls=1 skipped=1 resets=0 ungets=0 forwarded=0
             histogram [2,4) => 2, [4,8) => 1
   Buffers: shared hit=3 read=9
 Settings: enable_bitmapscan = 'off', enable_seqscan = 'off', max_parallel_workers_per_gather = '0'
 Planning:
   Buffers: shared hit=82 read=22
 Planning Time: 0.995 ms
 Execution Time: 0.650 ms
(12 rows)

SET
SET
SET
SET
SET
                                             QUERY PLAN                                             
----------------------------------------------------------------------------------------------------
 Index Scan using idx on public.t (actual rows=8.00 loops=1)
   Output: a, b
   Index Cond: ((t.a >= 26229) AND (t.a <= 26230))
   Index Searches: 1
   Buffers: shared hit=12
 Settings: enable_bitmapscan = 'off', enable_seqscan = 'off', max_parallel_workers_per_gather = '0'
 Planning:
   Buffers: shared hit=109
 Planning Time: 0.195 ms
 Execution Time: 0.038 ms
(10 rows)

