SET
SET
SET
SET
SET
                                                                QUERY PLAN                                                                 
-------------------------------------------------------------------------------------------------------------------------------------------
 Index Scan using idx on public.t (actual rows=1024.00 loops=1)
   Output: a, b
   Index Cond: ((t.a >= 28464) AND (t.a <= 28719))
   Index Searches: 1
   Prefetch: distance=240.155 count=368 stalls=1 skipped=147 resets=0 ungets=99 forwarded=0
             histogram [2,4) => 2, [4,8) => 4, [8,16) => 10, [16,32) => 19, [32,64) => 11, [64,128) => 2, [128,256) => 2, [256,512) => 318
   Buffers: shared hit=19 read=652
 Settings: enable_bitmapscan = 'off', enable_seqscan = 'off', max_parallel_workers_per_gather = '0'
 Planning:
   Buffers: shared hit=82 read=22
 Planning Time: 1.789 ms
 Execution Time: 26.436 ms
(12 rows)

SET
SET
SET
SET
SET
                                             QUERY PLAN                                             
----------------------------------------------------------------------------------------------------
 Index Scan using idx on public.t (actual rows=1024.00 loops=1)
   Output: a, b
   Index Cond: ((t.a >= 28464) AND (t.a <= 28719))
   Index Searches: 1
   Buffers: shared hit=671
 Settings: enable_bitmapscan = 'off', enable_seqscan = 'off', max_parallel_workers_per_gather = '0'
 Planning:
   Buffers: shared hit=109
 Planning Time: 0.180 ms
 Execution Time: 0.641 ms
(10 rows)

