SET
SET
SET
SET
SET
                                                                QUERY PLAN                                                                
------------------------------------------------------------------------------------------------------------------------------------------
 Index Scan using idx on public.t (actual rows=512.00 loops=1)
   Output: a, b
   Index Cond: ((t.a >= 7777) AND (t.a <= 7904))
   Index Searches: 1
   Prefetch: distance=235.252 count=302 stalls=1 skipped=111 resets=0 ungets=81 forwarded=3
             histogram [2,4) => 2, [4,8) => 4, [8,16) => 7, [16,32) => 10, [32,64) => 18, [64,128) => 2, [128,256) => 2, [256,512) => 257
   Buffers: shared hit=8 read=340
 Settings: enable_bitmapscan = 'off', enable_seqscan = 'off', max_parallel_workers_per_gather = '0'
 Planning:
   Buffers: shared hit=86 read=26
 Planning Time: 1.828 ms
 Execution Time: 10.286 ms
(12 rows)

SET
SET
SET
SET
SET
                                             QUERY PLAN                                             
----------------------------------------------------------------------------------------------------
 Index Scan using idx on public.t (actual rows=512.00 loops=1)
   Output: a, b
   Index Cond: ((t.a >= 7777) AND (t.a <= 7904))
   Index Searches: 1
   Buffers: shared hit=348
 Settings: enable_bitmapscan = 'off', enable_seqscan = 'off', max_parallel_workers_per_gather = '0'
 Planning:
   Buffers: shared hit=117
 Planning Time: 0.151 ms
 Execution Time: 0.210 ms
(10 rows)

