SET
SET
SET
SET
SET
                                                                QUERY PLAN                                                                 
-------------------------------------------------------------------------------------------------------------------------------------------
 Index Scan using idx on public.t (actual rows=4096.00 loops=1)
   Output: a, b
   Index Cond: ((t.a >= 7913) AND (t.a <= 8936))
   Index Searches: 1
   Prefetch: distance=268.495 count=3515 stalls=1 skipped=1327 resets=0 ungets=1046 forwarded=77
             histogram [2,4) => 2, [4,8) => 3, [8,16) => 6, [16,32) => 23, [32,64) => 11, [64,128) => 3, [128,256) => 4, [256,512) => 3463
   Buffers: shared hit=380 read=2292
 Settings: enable_bitmapscan = 'off', enable_seqscan = 'off', max_parallel_workers_per_gather = '0'
 Planning:
   Buffers: shared hit=86 read=26
 Planning Time: 2.108 ms
 Execution Time: 23.136 ms
(12 rows)

SET
SET
SET
SET
SET
                                             QUERY PLAN                                             
----------------------------------------------------------------------------------------------------
 Index Scan using idx on public.t (actual rows=4096.00 loops=1)
   Output: a, b
   Index Cond: ((t.a >= 7913) AND (t.a <= 8936))
   Index Searches: 1
   Buffers: shared hit=2673
 Settings: enable_bitmapscan = 'off', enable_seqscan = 'off', max_parallel_workers_per_gather = '0'
 Planning:
   Buffers: shared hit=117
 Planning Time: 0.198 ms
 Execution Time: 1.482 ms
(10 rows)

