SET
SET
SET
SET
SET
                                                                QUERY PLAN                                                                 
-------------------------------------------------------------------------------------------------------------------------------------------
 Index Scan using idx on public.t (actual rows=2048.00 loops=1)
   Output: a, b
   Index Cond: ((t.a >= 25879) AND (t.a <= 26390))
   Index Searches: 1
   Prefetch: distance=262.846 count=1308 stalls=1 skipped=494 resets=0 ungets=398 forwarded=12
             histogram [2,4) => 2, [4,8) => 4, [8,16) => 7, [16,32) => 16, [32,64) => 16, [64,128) => 4, [128,256) => 3, [256,512) => 1256
   Buffers: shared hit=78 read=1255
 Settings: enable_bitmapscan = 'off', enable_seqscan = 'off', max_parallel_workers_per_gather = '0'
 Planning:
   Buffers: shared hit=82 read=22
 Planning Time: 1.778 ms
 Execution Time: 30.243 ms
(12 rows)

SET
SET
SET
SET
SET
                                             QUERY PLAN                                             
----------------------------------------------------------------------------------------------------
 Index Scan using idx on public.t (actual rows=2048.00 loops=1)
   Output: a, b
   Index Cond: ((t.a >= 25879) AND (t.a <= 26390))
   Index Searches: 1
   Buffers: shared hit=1333
 Settings: enable_bitmapscan = 'off', enable_seqscan = 'off', max_parallel_workers_per_gather = '0'
 Planning:
   Buffers: shared hit=109
 Planning Time: 0.190 ms
 Execution Time: 1.108 ms
(10 rows)

