SET
SET
SET
SET
SET
                                                                       QUERY PLAN                                                                        
---------------------------------------------------------------------------------------------------------------------------------------------------------
 Index Scan using idx on public.t (actual rows=524288.00 loops=1)
   Output: a, b
   Index Cond: ((t.a >= 11660) AND (t.a <= 142731))
   Index Searches: 1
   Prefetch: distance=250.573 count=126950 stalls=226103 skipped=184026 resets=0 ungets=13202 forwarded=3788
             histogram [2,4) => 3021, [4,8) => 1519, [8,16) => 35, [16,32) => 26, [32,64) => 90, [64,128) => 336, [128,256) => 28205, [256,512) => 93718
   Buffers: shared hit=314944 read=25958
 Settings: enable_bitmapscan = 'off', enable_seqscan = 'off', max_parallel_workers_per_gather = '0'
 Planning:
   Buffers: shared hit=82 read=26
 Planning Time: 2.096 ms
 Execution Time: 265.045 ms
(12 rows)

SET
SET
SET
SET
SET
                                             QUERY PLAN                                             
----------------------------------------------------------------------------------------------------
 Index Scan using idx on public.t (actual rows=524288.00 loops=1)
   Output: a, b
   Index Cond: ((t.a >= 11660) AND (t.a <= 142731))
   Index Searches: 1
   Buffers: shared hit=340903
 Settings: enable_bitmapscan = 'off', enable_seqscan = 'off', max_parallel_workers_per_gather = '0'
 Planning:
   Buffers: shared hit=113
 Planning Time: 0.211 ms
 Execution Time: 105.082 ms
(10 rows)

