SET
SET
SET
SET
SET
                                                                           QUERY PLAN                                                                            
-----------------------------------------------------------------------------------------------------------------------------------------------------------------
 Index Scan using idx on public.t (actual rows=4048576.00 loops=1)
   Output: a, b
   Index Cond: ((t.a >= 27569) AND (t.a <= 1039712))
   Index Searches: 1
   Prefetch: distance=164.085 count=485037 stalls=2157856 skipped=1420659 resets=0 ungets=15483 forwarded=8183
             histogram [2,4) => 106788, [4,8) => 62574, [8,16) => 2782, [16,32) => 162, [32,64) => 75, [64,128) => 695, [128,256) => 125826, [256,512) => 186135
   Buffers: shared hit=2517325 read=116494
 Settings: enable_bitmapscan = 'off', enable_seqscan = 'off', max_parallel_workers_per_gather = '0'
 Planning:
   Buffers: shared hit=82 read=22
 Planning Time: 1.784 ms
 Execution Time: 2383.729 ms
(12 rows)

SET
SET
SET
SET
SET
                                             QUERY PLAN                                             
----------------------------------------------------------------------------------------------------
 Index Scan using idx on public.t (actual rows=4048576.00 loops=1)
   Output: a, b
   Index Cond: ((t.a >= 27569) AND (t.a <= 1039712))
   Index Searches: 1
   Buffers: shared hit=2633820
 Settings: enable_bitmapscan = 'off', enable_seqscan = 'off', max_parallel_workers_per_gather = '0'
 Planning:
   Buffers: shared hit=109
 Planning Time: 0.211 ms
 Execution Time: 835.051 ms
(10 rows)

