SET
SET
SET
SET
SET
                                                                           QUERY PLAN                                                                           
----------------------------------------------------------------------------------------------------------------------------------------------------------------
 Index Scan using idx on public.t (actual rows=5048576.00 loops=1)
   Output: a, b
   Index Cond: ((t.a >= 21448) AND (t.a <= 1283591))
   Index Searches: 1
   Prefetch: distance=126.375 count=451998 stalls=2840332 skipped=1771897 resets=0 ungets=15726 forwarded=8557
             histogram [2,4) => 144080, [4,8) => 84396, [8,16) => 3743, [16,32) => 152, [32,64) => 60, [64,128) => 435, [128,256) => 69206, [256,512) => 149926
   Buffers: shared hit=3142850 read=141368
 Settings: enable_bitmapscan = 'off', enable_seqscan = 'off', max_parallel_workers_per_gather = '0'
 Planning:
   Buffers: shared hit=82 read=26
 Planning Time: 2.255 ms
 Execution Time: 3022.298 ms
(12 rows)

SET
SET
SET
SET
SET
                                             QUERY PLAN                                             
----------------------------------------------------------------------------------------------------
 Index Scan using idx on public.t (actual rows=5048576.00 loops=1)
   Output: a, b
   Index Cond: ((t.a >= 21448) AND (t.a <= 1283591))
   Index Searches: 1
   Buffers: shared hit=3284220
 Settings: enable_bitmapscan = 'off', enable_seqscan = 'off', max_parallel_workers_per_gather = '0'
 Planning:
   Buffers: shared hit=113
 Planning Time: 0.234 ms
 Execution Time: 1039.659 ms
(10 rows)

