SET
SET
SET
SET
SET
                                                                             QUERY PLAN                                                                             
--------------------------------------------------------------------------------------------------------------------------------------------------------------------
 Index Scan using idx on public.t (actual rows=8048576.00 loops=1)
   Output: a, b
   Index Cond: ((t.a >= 13534) AND (t.a <= 2025677))
   Index Searches: 1
   Prefetch: distance=160.918 count=1003939 stalls=4233510 skipped=2826198 resets=0 ungets=15566 forwarded=13121
             histogram [2,4) => 221255, [4,8) => 129799, [8,16) => 5689, [16,32) => 252, [32,64) => 247, [64,128) => 1886, [128,256) => 323119, [256,512) => 321692
   Buffers: shared hit=5017764 read=216505
 Settings: enable_bitmapscan = 'off', enable_seqscan = 'off', max_parallel_workers_per_gather = '0'
 Planning:
   Buffers: shared hit=82 read=26
 Planning Time: 2.103 ms
 Execution Time: 4750.842 ms
(12 rows)

SET
SET
SET
SET
SET
                                             QUERY PLAN                                             
----------------------------------------------------------------------------------------------------
 Index Scan using idx on public.t (actual rows=8048576.00 loops=1)
   Output: a, b
   Index Cond: ((t.a >= 13534) AND (t.a <= 2025677))
   Index Searches: 1
   Buffers: shared hit=5234273
 Settings: enable_bitmapscan = 'off', enable_seqscan = 'off', max_parallel_workers_per_gather = '0'
 Planning:
   Buffers: shared hit=113
 Planning Time: 0.222 ms
 Execution Time: 1654.968 ms
(10 rows)

