SET
SET
SET
SET
SET
                                                                             QUERY PLAN                                                                             
--------------------------------------------------------------------------------------------------------------------------------------------------------------------
 Index Scan using idx on public.t (actual rows=9048576.00 loops=1)
   Output: a, b
   Index Cond: ((t.a >= 20221) AND (t.a <= 2282364))
   Index Searches: 1
   Prefetch: distance=153.877 count=1071375 stalls=4814901 skipped=3177255 resets=0 ungets=15482 forwarded=13968
             histogram [2,4) => 254431, [4,8) => 149483, [8,16) => 6625, [16,32) => 314, [32,64) => 311, [64,128) => 2492, [128,256) => 331230, [256,512) => 326489
   Buffers: shared hit=5642429 read=242260
 Settings: enable_bitmapscan = 'off', enable_seqscan = 'off', max_parallel_workers_per_gather = '0'
 Planning:
   Buffers: shared hit=82 read=26
 Planning Time: 2.141 ms
 Execution Time: 5390.020 ms
(12 rows)

SET
SET
SET
SET
SET
                                             QUERY PLAN                                             
----------------------------------------------------------------------------------------------------
 Index Scan using idx on public.t (actual rows=9048576.00 loops=1)
   Output: a, b
   Index Cond: ((t.a >= 20221) AND (t.a <= 2282364))
   Index Searches: 1
   Buffers: shared hit=5884692
 Settings: enable_bitmapscan = 'off', enable_seqscan = 'off', max_parallel_workers_per_gather = '0'
 Planning:
   Buffers: shared hit=113
 Planning Time: 0.236 ms
 Execution Time: 1876.101 ms
(10 rows)

