SET
SET
SET
SET
SET
                                                                           QUERY PLAN                                                                            
-----------------------------------------------------------------------------------------------------------------------------------------------------------------
 Index Scan using idx on public.t (actual rows=6048576.00 loops=1)
   Output: a, b
   Index Cond: ((t.a >= 18939) AND (t.a <= 1531082))
   Index Searches: 1
   Prefetch: distance=97.500 count=458298 stalls=3482664 skipped=2123405 resets=0 ungets=15854 forwarded=9203
             histogram [2,4) => 179843, [4,8) => 105446, [8,16) => 4592, [16,32) => 200, [32,64) => 81, [64,128) => 141, [128,256) => 40384, [256,512) => 127611
   Buffers: shared hit=3767834 read=166377
 Settings: enable_bitmapscan = 'off', enable_seqscan = 'off', max_parallel_workers_per_gather = '0'
 Planning:
   Buffers: shared hit=82 read=26
 Planning Time: 2.115 ms
 Execution Time: 3681.066 ms
(12 rows)

SET
SET
SET
SET
SET
                                             QUERY PLAN                                             
----------------------------------------------------------------------------------------------------
 Index Scan using idx on public.t (actual rows=6048576.00 loops=1)
   Output: a, b
   Index Cond: ((t.a >= 18939) AND (t.a <= 1531082))
   Index Searches: 1
   Buffers: shared hit=3934211
 Settings: enable_bitmapscan = 'off', enable_seqscan = 'off', max_parallel_workers_per_gather = '0'
 Planning:
   Buffers: shared hit=113
 Planning Time: 0.224 ms
 Execution Time: 1238.917 ms
(10 rows)

