SET
SET
SET
SET
SET
                                                                QUERY PLAN                                                                
------------------------------------------------------------------------------------------------------------------------------------------
 Index Scan using idx on public.t (actual rows=8192.00 loops=1)
   Output: a, b
   Index Cond: ((t.a >= '-31311'::integer) AND (t.a <= '-29264'::integer))
   Index Searches: 1
   Prefetch: distance=270.187 count=7260 stalls=1 skipped=2799 resets=0 ungets=2155 forwarded=220
             histogram [2,4) => 2, [4,8) => 4, [8,16) => 5, [16,32) => 9, [32,64) => 22, [64,128) => 5, [128,256) => 3, [256,512) => 7210
   Buffers: shared hit=987 read=4318
 Settings: enable_bitmapscan = 'off', enable_seqscan = 'off', max_parallel_workers_per_gather = '0'
 Planning:
   Buffers: shared hit=82 read=27
 Planning Time: 2.117 ms
 Execution Time: 31.812 ms
(12 rows)

SET
SET
SET
SET
SET
                                             QUERY PLAN                                             
----------------------------------------------------------------------------------------------------
 Index Scan using idx on public.t (actual rows=8192.00 loops=1)
   Output: a, b
   Index Cond: ((t.a >= '-31311'::integer) AND (t.a <= '-29264'::integer))
   Index Searches: 1
   Buffers: shared hit=5305
 Settings: enable_bitmapscan = 'off', enable_seqscan = 'off', max_parallel_workers_per_gather = '0'
 Planning:
   Buffers: shared hit=114
 Planning Time: 0.197 ms
 Execution Time: 3.167 ms
(10 rows)

