SET
SET
SET
SET
SET
                                                                QUERY PLAN                                                                
------------------------------------------------------------------------------------------------------------------------------------------
 Index Scan using idx on public.t (actual rows=512.00 loops=1)
   Output: a, b
   Index Cond: ((t.a >= '-28837'::integer) AND (t.a <= '-28710'::integer))
   Index Searches: 1
   Prefetch: distance=91.457 count=70 stalls=3 skipped=34 resets=0 ungets=6 forwarded=1
             histogram [2,4) => 2, [4,8) => 3, [8,16) => 10, [16,32) => 17, [32,64) => 18, [64,128) => 3, [128,256) => 3, [256,512) => 14
   Buffers: shared hit=11 read=332
 Settings: enable_bitmapscan = 'off', enable_seqscan = 'off', max_parallel_workers_per_gather = '0'
 Planning:
   Buffers: shared hit=82 read=27
 Planning Time: 1.702 ms
 Execution Time: 18.122 ms
(12 rows)

SET
SET
SET
SET
SET
                                             QUERY PLAN                                             
----------------------------------------------------------------------------------------------------
 Index Scan using idx on public.t (actual rows=512.00 loops=1)
   Output: a, b
   Index Cond: ((t.a >= '-28837'::integer) AND (t.a <= '-28710'::integer))
   Index Searches: 1
   Buffers: shared hit=343
 Settings: enable_bitmapscan = 'off', enable_seqscan = 'off', max_parallel_workers_per_gather = '0'
 Planning:
   Buffers: shared hit=114
 Planning Time: 0.132 ms
 Execution Time: 0.182 ms
(10 rows)

