SET
SET
SET
SET
SET
                                                                QUERY PLAN                                                                
------------------------------------------------------------------------------------------------------------------------------------------
 Index Scan using idx on public.t (actual rows=1024.00 loops=1)
   Output: a, b
   Index Cond: ((t.a >= '-26245'::integer) AND (t.a <= '-25990'::integer))
   Index Searches: 1
   Prefetch: distance=258.795 count=902 stalls=1 skipped=325 resets=0 ungets=267 forwarded=4
             histogram [2,4) => 2, [4,8) => 4, [8,16) => 10, [16,32) => 24, [32,64) => 5, [64,128) => 4, [128,256) => 2, [256,512) => 851
   Buffers: shared hit=28 read=659
 Settings: enable_bitmapscan = 'off', enable_seqscan = 'off', max_parallel_workers_per_gather = '0'
 Planning:
   Buffers: shared hit=82 read=27
 Planning Time: 2.110 ms
 Execution Time: 6.574 ms
(12 rows)

SET
SET
SET
SET
SET
                                             QUERY PLAN                                             
----------------------------------------------------------------------------------------------------
 Index Scan using idx on public.t (actual rows=1024.00 loops=1)
   Output: a, b
   Index Cond: ((t.a >= '-26245'::integer) AND (t.a <= '-25990'::integer))
   Index Searches: 1
   Buffers: shared hit=687
 Settings: enable_bitmapscan = 'off', enable_seqscan = 'off', max_parallel_workers_per_gather = '0'
 Planning:
   Buffers: shared hit=114
 Planning Time: 0.190 ms
 Execution Time: 0.600 ms
(10 rows)

