SET
SET
SET
SET
SET
                                                                QUERY PLAN                                                                 
-------------------------------------------------------------------------------------------------------------------------------------------
 Index Scan using idx on public.t (actual rows=2048.00 loops=1)
   Output: a, b
   Index Cond: ((t.a >= '-12582'::integer) AND (t.a <= '-12071'::integer))
   Index Searches: 1
   Prefetch: distance=265.214 count=1741 stalls=1 skipped=651 resets=0 ungets=532 forwarded=28
             histogram [2,4) => 2, [4,8) => 7, [8,16) => 5, [16,32) => 13, [32,64) => 16, [64,128) => 3, [128,256) => 3, [256,512) => 1692
   Buffers: shared hit=111 read=1227
 Settings: enable_bitmapscan = 'off', enable_seqscan = 'off', max_parallel_workers_per_gather = '0'
 Planning:
   Buffers: shared hit=82 read=27
 Planning Time: 2.118 ms
 Execution Time: 13.864 ms
(12 rows)

SET
SET
SET
SET
SET
                                             QUERY PLAN                                             
----------------------------------------------------------------------------------------------------
 Index Scan using idx on public.t (actual rows=2048.00 loops=1)
   Output: a, b
   Index Cond: ((t.a >= '-12582'::integer) AND (t.a <= '-12071'::integer))
   Index Searches: 1
   Buffers: shared hit=1338
 Settings: enable_bitmapscan = 'off', enable_seqscan = 'off', max_parallel_workers_per_gather = '0'
 Planning:
   Buffers: shared hit=114
 Planning Time: 0.199 ms
 Execution Time: 1.010 ms
(10 rows)

