SET
SET
SET
SET
SET
                                             QUERY PLAN                                             
----------------------------------------------------------------------------------------------------
 Index Scan using idx on public.t (actual rows=128.00 loops=1)
   Output: a, b
   Index Cond: ((t.a >= '-985'::integer) AND (t.a <= '-954'::integer))
   Index Searches: 1
   Buffers: shared hit=6 read=83
 Settings: enable_bitmapscan = 'off', enable_seqscan = 'off', max_parallel_workers_per_gather = '0'
 Planning:
   Buffers: shared hit=82 read=27
 Planning Time: 1.018 ms
 Execution Time: 5.721 ms
(10 rows)

SET
SET
SET
SET
SET
                                             QUERY PLAN                                             
----------------------------------------------------------------------------------------------------
 Index Scan using idx on public.t (actual rows=128.00 loops=1)
   Output: a, b
   Index Cond: ((t.a >= '-985'::integer) AND (t.a <= '-954'::integer))
   Index Searches: 1
   Buffers: shared hit=89
 Settings: enable_bitmapscan = 'off', enable_seqscan = 'off', max_parallel_workers_per_gather = '0'
 Planning:
   Buffers: shared hit=114
 Planning Time: 0.127 ms
 Execution Time: 0.068 ms
(10 rows)

