SET
SET
SET
SET
SET
                                             QUERY PLAN                                             
----------------------------------------------------------------------------------------------------
 Index Scan using idx on public.t (actual rows=64.00 loops=1)
   Output: a, b
   Index Cond: ((t.a >= '-3119'::integer) AND (t.a <= '-3104'::integer))
   Index Searches: 1
   Buffers: shared hit=6 read=45
 Settings: enable_bitmapscan = 'off', enable_seqscan = 'off', max_parallel_workers_per_gather = '0'
 Planning:
   Buffers: shared hit=82 read=27
 Planning Time: 1.055 ms
 Execution Time: 3.061 ms
(10 rows)

SET
SET
SET
SET
SET
                                             QUERY PLAN                                             
----------------------------------------------------------------------------------------------------
 Index Scan using idx on public.t (actual rows=64.00 loops=1)
   Output: a, b
   Index Cond: ((t.a >= '-3119'::integer) AND (t.a <= '-3104'::integer))
   Index Searches: 1
   Buffers: shared hit=51
 Settings: enable_bitmapscan = 'off', enable_seqscan = 'off', max_parallel_workers_per_gather = '0'
 Planning:
   Buffers: shared hit=114
 Planning Time: 0.157 ms
 Execution Time: 0.053 ms
(10 rows)

