SET
SET
SET
SET
SET
                                                                           QUERY PLAN                                                                           
----------------------------------------------------------------------------------------------------------------------------------------------------------------
 Index Scan using idx on public.t (actual rows=3048576.00 loops=1)
   Output: a, b
   Index Cond: ((t.a >= '-791005'::integer) AND (t.a <= '-28862'::integer))
   Index Searches: 1
   Prefetch: distance=231.563 count=1035121 stalls=958874 skipped=1069921 resets=0 ungets=15671 forwarded=10599
             histogram [2,4) => 40079, [4,8) => 23411, [8,16) => 920, [16,32) => 76, [32,64) => 185, [64,128) => 2664, [128,256) => 515737, [256,512) => 452049
   Buffers: shared hit=1891789 read=91309
 Settings: enable_bitmapscan = 'off', enable_seqscan = 'off', max_parallel_workers_per_gather = '0'
 Planning:
   Buffers: shared hit=78 read=27
 Planning Time: 2.094 ms
 Execution Time: 1488.514 ms
(12 rows)

SET
SET
SET
SET
SET
                                             QUERY PLAN                                             
----------------------------------------------------------------------------------------------------
 Index Scan using idx on public.t (actual rows=3048576.00 loops=1)
   Output: a, b
   Index Cond: ((t.a >= '-791005'::integer) AND (t.a <= '-28862'::integer))
   Index Searches: 1
   Buffers: shared hit=1983102
 Settings: enable_bitmapscan = 'off', enable_seqscan = 'off', max_parallel_workers_per_gather = '0'
 Planning:
   Buffers: shared hit=110
 Planning Time: 0.214 ms
 Execution Time: 630.091 ms
(10 rows)

