SET
SET
SET
SET
SET
                                                                  QUERY PLAN                                                                   
-----------------------------------------------------------------------------------------------------------------------------------------------
 Index Scan using idx on public.t (actual rows=65536.00 loops=1)
   Output: a, b
   Index Cond: ((t.a >= '-38041'::integer) AND (t.a <= '-21658'::integer))
   Index Searches: 1
   Prefetch: distance=267.521 count=50462 stalls=1 skipped=22909 resets=0 ungets=8323 forwarded=1947
             histogram [2,4) => 2, [4,8) => 4, [8,16) => 5, [16,32) => 19, [32,64) => 19, [64,128) => 3, [128,256) => 3289, [256,512) => 47121
   Buffers: shared hit=28595 read=13974
 Settings: enable_bitmapscan = 'off', enable_seqscan = 'off', max_parallel_workers_per_gather = '0'
 Planning:
   Buffers: shared hit=82 read=27
 Planning Time: 2.115 ms
 Execution Time: 77.798 ms
(12 rows)

SET
SET
SET
SET
SET
                                             QUERY PLAN                                             
----------------------------------------------------------------------------------------------------
 Index Scan using idx on public.t (actual rows=65536.00 loops=1)
   Output: a, b
   Index Cond: ((t.a >= '-38041'::integer) AND (t.a <= '-21658'::integer))
   Index Searches: 1
   Buffers: shared hit=42570
 Settings: enable_bitmapscan = 'off', enable_seqscan = 'off', max_parallel_workers_per_gather = '0'
 Planning:
   Buffers: shared hit=114
 Planning Time: 0.184 ms
 Execution Time: 14.351 ms
(10 rows)

