SET
SET
SET
SET
SET
                                                                      QUERY PLAN                                                                      
------------------------------------------------------------------------------------------------------------------------------------------------------
 Index Scan using idx on public.t (actual rows=131072.00 loops=1)
   Output: a, b
   Index Cond: ((t.a >= '-39460'::integer) AND (t.a <= '-6693'::integer))
   Index Searches: 1
   Prefetch: distance=260.367 count=73884 stalls=19710 skipped=45923 resets=0 ungets=8596 forwarded=2288
             histogram [2,4) => 531, [4,8) => 87, [8,16) => 16, [16,32) => 24, [32,64) => 59, [64,128) => 194, [128,256) => 12656, [256,512) => 60317
   Buffers: shared hit=69880 read=15418
 Settings: enable_bitmapscan = 'off', enable_seqscan = 'off', max_parallel_workers_per_gather = '0'
 Planning:
   Buffers: shared hit=82 read=27
 Planning Time: 2.084 ms
 Execution Time: 87.859 ms
(12 rows)

SET
SET
SET
SET
SET
                                             QUERY PLAN                                             
----------------------------------------------------------------------------------------------------
 Index Scan using idx on public.t (actual rows=131072.00 loops=1)
   Output: a, b
   Index Cond: ((t.a >= '-39460'::integer) AND (t.a <= '-6693'::integer))
   Index Searches: 1
   Buffers: shared hit=85298
 Settings: enable_bitmapscan = 'off', enable_seqscan = 'off', max_parallel_workers_per_gather = '0'
 Planning:
   Buffers: shared hit=114
 Planning Time: 0.218 ms
 Execution Time: 27.746 ms
(10 rows)

