SET
SET
SET
SET
SET
                                                                         QUERY PLAN                                                                         
------------------------------------------------------------------------------------------------------------------------------------------------------------
 Index Scan using idx on public.t (actual rows=1048576.00 loops=1)
   Output: a, b
   Index Cond: ((t.a >= '-268616'::integer) AND (t.a <= '-6473'::integer))
   Index Searches: 1
   Prefetch: distance=237.288 count=229017 stalls=466526 skipped=368406 resets=0 ungets=15652 forwarded=5072
             histogram [2,4) => 10439, [4,8) => 5607, [8,16) => 124, [16,32) => 48, [32,64) => 83, [64,128) => 541, [128,256) => 71402, [256,512) => 140773
   Buffers: shared hit=642910 read=38746
 Settings: enable_bitmapscan = 'off', enable_seqscan = 'off', max_parallel_workers_per_gather = '0'
 Planning:
   Buffers: shared hit=78 read=27
 Planning Time: 2.137 ms
 Execution Time: 500.155 ms
(12 rows)

SET
SET
SET
SET
SET
                                             QUERY PLAN                                             
----------------------------------------------------------------------------------------------------
 Index Scan using idx on public.t (actual rows=1048576.00 loops=1)
   Output: a, b
   Index Cond: ((t.a >= '-268616'::integer) AND (t.a <= '-6473'::integer))
   Index Searches: 1
   Buffers: shared hit=681656
 Settings: enable_bitmapscan = 'off', enable_seqscan = 'off', max_parallel_workers_per_gather = '0'
 Planning:
   Buffers: shared hit=110
 Planning Time: 0.217 ms
 Execution Time: 218.871 ms
(10 rows)

