SET
SET
SET
SET
SET
                                                                       QUERY PLAN                                                                        
---------------------------------------------------------------------------------------------------------------------------------------------------------
 Index Scan using idx on public.t (actual rows=524288.00 loops=1)
   Output: a, b
   Index Cond: ((t.a >= '-150789'::integer) AND (t.a <= '-19718'::integer))
   Index Searches: 1
   Prefetch: distance=248.619 count=136607 stalls=216579 skipped=183993 resets=0 ungets=13470 forwarded=3981
             histogram [2,4) => 3165, [4,8) => 1596, [8,16) => 31, [16,32) => 51, [32,64) => 77, [64,128) => 527, [128,256) => 33885, [256,512) => 97275
   Buffers: shared hit=314185 read=26684
 Settings: enable_bitmapscan = 'off', enable_seqscan = 'off', max_parallel_workers_per_gather = '0'
 Planning:
   Buffers: shared hit=78 read=27
 Planning Time: 2.093 ms
 Execution Time: 270.529 ms
(12 rows)

SET
SET
SET
SET
SET
                                             QUERY PLAN                                             
----------------------------------------------------------------------------------------------------
 Index Scan using idx on public.t (actual rows=524288.00 loops=1)
   Output: a, b
   Index Cond: ((t.a >= '-150789'::integer) AND (t.a <= '-19718'::integer))
   Index Searches: 1
   Buffers: shared hit=340872
 Settings: enable_bitmapscan = 'off', enable_seqscan = 'off', max_parallel_workers_per_gather = '0'
 Planning:
   Buffers: shared hit=110
 Planning Time: 0.189 ms
 Execution Time: 106.005 ms
(10 rows)

