SET
SET
SET
SET
SET
                                                                          QUERY PLAN                                                                           
---------------------------------------------------------------------------------------------------------------------------------------------------------------
 Index Scan using idx on public.t (actual rows=4048576.00 loops=1)
   Output: a, b
   Index Cond: ((t.a >= '-1034124'::integer) AND (t.a <= '-21981'::integer))
   Index Searches: 1
   Prefetch: distance=120.814 count=339106 stalls=2304260 skipped=1420774 resets=0 ungets=15763 forwarded=7347
             histogram [2,4) => 114239, [4,8) => 67508, [8,16) => 2872, [16,32) => 109, [32,64) => 51, [64,128) => 68, [128,256) => 32739, [256,512) => 121520
   Buffers: shared hit=2517639 read=116155
 Settings: enable_bitmapscan = 'off', enable_seqscan = 'off', max_parallel_workers_per_gather = '0'
 Planning:
   Buffers: shared hit=78 read=27
 Planning Time: 2.106 ms
 Execution Time: 2613.411 ms
(12 rows)

SET
SET
SET
SET
SET
                                             QUERY PLAN                                             
----------------------------------------------------------------------------------------------------
 Index Scan using idx on public.t (actual rows=4048576.00 loops=1)
   Output: a, b
   Index Cond: ((t.a >= '-1034124'::integer) AND (t.a <= '-21981'::integer))
   Index Searches: 1
   Buffers: shared hit=2633796
 Settings: enable_bitmapscan = 'off', enable_seqscan = 'off', max_parallel_workers_per_gather = '0'
 Planning:
   Buffers: shared hit=110
 Planning Time: 0.219 ms
 Execution Time: 834.872 ms
(10 rows)

