SET
SET
SET
SET
SET
                                                                          QUERY PLAN                                                                           
---------------------------------------------------------------------------------------------------------------------------------------------------------------
 Index Scan using idx on public.t (actual rows=2048576.00 loops=1)
   Output: a, b
   Index Cond: ((t.a >= '-535253'::integer) AND (t.a <= '-23110'::integer))
   Index Searches: 1
   Prefetch: distance=209.498 count=371121 stalls=973701 skipped=719417 resets=0 ungets=15694 forwarded=6430
             histogram [2,4) => 40175, [4,8) => 23453, [8,16) => 920, [16,32) => 75, [32,64) => 111, [64,128) => 711, [128,256) => 121160, [256,512) => 184516
   Buffers: shared hit=1266672 read=65546
 Settings: enable_bitmapscan = 'off', enable_seqscan = 'off', max_parallel_workers_per_gather = '0'
 Planning:
   Buffers: shared hit=78 read=27
 Planning Time: 2.301 ms
 Execution Time: 1160.260 ms
(12 rows)

SET
SET
SET
SET
SET
                                             QUERY PLAN                                             
----------------------------------------------------------------------------------------------------
 Index Scan using idx on public.t (actual rows=2048576.00 loops=1)
   Output: a, b
   Index Cond: ((t.a >= '-535253'::integer) AND (t.a <= '-23110'::integer))
   Index Searches: 1
   Buffers: shared hit=1332219
 Settings: enable_bitmapscan = 'off', enable_seqscan = 'off', max_parallel_workers_per_gather = '0'
 Planning:
   Buffers: shared hit=110
 Planning Time: 0.185 ms
 Execution Time: 422.643 ms
(10 rows)

