SET
SET
SET
SET
SET
                                                                           QUERY PLAN                                                                            
-----------------------------------------------------------------------------------------------------------------------------------------------------------------
 Index Scan using idx on public.t (actual rows=5048576.00 loops=1)
   Output: a, b
   Index Cond: ((t.a >= '-1274909'::integer) AND (t.a <= '-12766'::integer))
   Index Searches: 1
   Prefetch: distance=132.564 count=471269 stalls=2821324 skipped=1771676 resets=0 ungets=15776 forwarded=8622
             histogram [2,4) => 141753, [4,8) => 83872, [8,16) => 3640, [16,32) => 156, [32,64) => 210, [64,128) => 257, [128,256) => 83969, [256,512) => 157412
   Buffers: shared hit=3143881 read=140555
 Settings: enable_bitmapscan = 'off', enable_seqscan = 'off', max_parallel_workers_per_gather = '0'
 Planning:
   Buffers: shared hit=78 read=27
 Planning Time: 2.076 ms
 Execution Time: 3250.978 ms
(12 rows)

SET
SET
SET
SET
SET
                                             QUERY PLAN                                             
----------------------------------------------------------------------------------------------------
 Index Scan using idx on public.t (actual rows=5048576.00 loops=1)
   Output: a, b
   Index Cond: ((t.a >= '-1274909'::integer) AND (t.a <= '-12766'::integer))
   Index Searches: 1
   Buffers: shared hit=3284440
 Settings: enable_bitmapscan = 'off', enable_seqscan = 'off', max_parallel_workers_per_gather = '0'
 Planning:
   Buffers: shared hit=110
 Planning Time: 0.234 ms
 Execution Time: 1049.435 ms
(10 rows)

