SET
SET
SET
SET
SET
                                                                             QUERY PLAN                                                                             
--------------------------------------------------------------------------------------------------------------------------------------------------------------------
 Index Scan using idx on public.t (actual rows=8048576.00 loops=1)
   Output: a, b
   Index Cond: ((t.a >= '-2025393'::integer) AND (t.a <= '-13250'::integer))
   Index Searches: 1
   Prefetch: distance=155.948 count=958222 stalls=4281495 skipped=2824612 resets=0 ungets=15780 forwarded=12900
             histogram [2,4) => 223417, [4,8) => 131945, [8,16) => 5848, [16,32) => 324, [32,64) => 363, [64,128) => 1681, [128,256) => 293373, [256,512) => 301271
   Buffers: shared hit=5019422 read=216586
 Settings: enable_bitmapscan = 'off', enable_seqscan = 'off', max_parallel_workers_per_gather = '0'
 Planning:
   Buffers: shared hit=78 read=27
 Planning Time: 2.107 ms
 Execution Time: 5122.999 ms
(12 rows)

SET
SET
SET
SET
SET
                                             QUERY PLAN                                             
----------------------------------------------------------------------------------------------------
 Index Scan using idx on public.t (actual rows=8048576.00 loops=1)
   Output: a, b
   Index Cond: ((t.a >= '-2025393'::integer) AND (t.a <= '-13250'::integer))
   Index Searches: 1
   Buffers: shared hit=5236010
 Settings: enable_bitmapscan = 'off', enable_seqscan = 'off', max_parallel_workers_per_gather = '0'
 Planning:
   Buffers: shared hit=110
 Planning Time: 0.227 ms
 Execution Time: 1658.969 ms
(10 rows)

