SET
SET
SET
SET
                                             QUERY PLAN                                             
----------------------------------------------------------------------------------------------------
 Index Scan using idx on public.t (actual rows=4048576.00 loops=1)
   Output: a, b
   Index Cond: ((t.a >= '-1040699'::integer) AND (t.a <= '-28556'::integer))
   Index Searches: 1
   Buffers: shared hit=2517160 read=116682
 Settings: enable_bitmapscan = 'off', enable_seqscan = 'off', max_parallel_workers_per_gather = '0'
 Planning:
   Buffers: shared hit=78 read=27
 Planning Time: 2.136 ms
 Execution Time: 2448.847 ms
(10 rows)

SET
SET
SET
SET
                                             QUERY PLAN                                             
----------------------------------------------------------------------------------------------------
 Index Scan using idx on public.t (actual rows=4048576.00 loops=1)
   Output: a, b
   Index Cond: ((t.a >= '-1040699'::integer) AND (t.a <= '-28556'::integer))
   Index Searches: 1
   Buffers: shared hit=2633842
 Settings: enable_bitmapscan = 'off', enable_seqscan = 'off', max_parallel_workers_per_gather = '0'
 Planning:
   Buffers: shared hit=110
 Planning Time: 0.223 ms
 Execution Time: 834.797 ms
(10 rows)

