SET
SET
SET
SET
SET
                                                                QUERY PLAN                                                                 
-------------------------------------------------------------------------------------------------------------------------------------------
 Index Scan using idx on public.t (actual rows=4096.00 loops=1)
   Output: a, b
   Index Cond: ((t.a >= '-21717'::integer) AND (t.a <= '-20694'::integer))
   Index Searches: 1
   Prefetch: distance=268.326 count=3211 stalls=1 skipped=1199 resets=0 ungets=970 forwarded=63
             histogram [2,4) => 2, [4,8) => 3, [8,16) => 7, [16,32) => 11, [32,64) => 18, [64,128) => 3, [128,256) => 2, [256,512) => 3165
   Buffers: shared hit=323 read=2352
 Settings: enable_bitmapscan = 'off', enable_seqscan = 'off', max_parallel_workers_per_gather = '0'
 Planning:
   Buffers: shared hit=82 read=27
 Planning Time: 2.105 ms
 Execution Time: 36.358 ms
(12 rows)

SET
SET
SET
SET
SET
                                             QUERY PLAN                                             
----------------------------------------------------------------------------------------------------
 Index Scan using idx on public.t (actual rows=4096.00 loops=1)
   Output: a, b
   Index Cond: ((t.a >= '-21717'::integer) AND (t.a <= '-20694'::integer))
   Index Searches: 1
   Buffers: shared hit=2675
 Settings: enable_bitmapscan = 'off', enable_seqscan = 'off', max_parallel_workers_per_gather = '0'
 Planning:
   Buffers: shared hit=114
 Planning Time: 0.224 ms
 Execution Time: 1.867 ms
(10 rows)

