SET
SET
SET
SET
SET
                                             QUERY PLAN                                             
----------------------------------------------------------------------------------------------------
 Index Scan using idx on public.t (actual rows=256.00 loops=1)
   Output: a, b
   Index Cond: ((t.a >= '-8093'::integer) AND (t.a <= '-8030'::integer))
   Index Searches: 1
   Buffers: shared hit=10 read=161
 Settings: enable_bitmapscan = 'off', enable_seqscan = 'off', max_parallel_workers_per_gather = '0'
 Planning:
   Buffers: shared hit=82 read=27
 Planning Time: 1.296 ms
 Execution Time: 10.674 ms
(10 rows)

SET
SET
SET
SET
SET
                                             QUERY PLAN                                             
----------------------------------------------------------------------------------------------------
 Index Scan using idx on public.t (actual rows=256.00 loops=1)
   Output: a, b
   Index Cond: ((t.a >= '-8093'::integer) AND (t.a <= '-8030'::integer))
   Index Searches: 1
   Buffers: shared hit=171
 Settings: enable_bitmapscan = 'off', enable_seqscan = 'off', max_parallel_workers_per_gather = '0'
 Planning:
   Buffers: shared hit=114
 Planning Time: 0.193 ms
 Execution Time: 0.236 ms
(10 rows)

