SET
SET
SET
SET
SET
                                                                QUERY PLAN                                                                 
-------------------------------------------------------------------------------------------------------------------------------------------
 Index Scan using idx on public.t (actual rows=2048.00 loops=1)
   Output: a, b
   Index Cond: ((t.a >= '-27424'::integer) AND (t.a <= '-26913'::integer))
   Index Searches: 1
   Prefetch: distance=265.307 count=1816 stalls=1 skipped=687 resets=0 ungets=559 forwarded=24
             histogram [2,4) => 2, [4,8) => 3, [8,16) => 7, [16,32) => 10, [32,64) => 19, [64,128) => 8, [128,256) => 3, [256,512) => 1764
   Buffers: shared hit=72 read=1262
 Settings: enable_bitmapscan = 'off', enable_seqscan = 'off', max_parallel_workers_per_gather = '0'
 Planning:
   Buffers: shared hit=82 read=27
 Planning Time: 2.109 ms
 Execution Time: 10.723 ms
(12 rows)

SET
SET
SET
SET
SET
                                             QUERY PLAN                                             
----------------------------------------------------------------------------------------------------
 Index Scan using idx on public.t (actual rows=2048.00 loops=1)
   Output: a, b
   Index Cond: ((t.a >= '-27424'::integer) AND (t.a <= '-26913'::integer))
   Index Searches: 1
   Buffers: shared hit=1335
 Settings: enable_bitmapscan = 'off', enable_seqscan = 'off', max_parallel_workers_per_gather = '0'
 Planning:
   Buffers: shared hit=114
 Planning Time: 0.193 ms
 Execution Time: 1.017 ms
(10 rows)

