SET
SET
SET
SET
SET
                                                                       QUERY PLAN                                                                        
---------------------------------------------------------------------------------------------------------------------------------------------------------
 Index Scan using idx on public.t (actual rows=524288.00 loops=1)
   Output: a, b
   Index Cond: ((t.a >= '-149684'::integer) AND (t.a <= '-18613'::integer))
   Index Searches: 1
   Prefetch: distance=249.144 count=134104 stalls=219384 skipped=184167 resets=0 ungets=13534 forwarded=3974
             histogram [2,4) => 3197, [4,8) => 1601, [8,16) => 31, [16,32) => 52, [32,64) => 81, [64,128) => 375, [128,256) => 32022, [256,512) => 96745
   Buffers: shared hit=314239 read=26606
 Settings: enable_bitmapscan = 'off', enable_seqscan = 'off', max_parallel_workers_per_gather = '0'
 Planning:
   Buffers: shared hit=78 read=27
 Planning Time: 2.080 ms
 Execution Time: 261.121 ms
(12 rows)

SET
SET
SET
SET
SET
                                             QUERY PLAN                                             
----------------------------------------------------------------------------------------------------
 Index Scan using idx on public.t (actual rows=524288.00 loops=1)
   Output: a, b
   Index Cond: ((t.a >= '-149684'::integer) AND (t.a <= '-18613'::integer))
   Index Searches: 1
   Buffers: shared hit=340848
 Settings: enable_bitmapscan = 'off', enable_seqscan = 'off', max_parallel_workers_per_gather = '0'
 Planning:
   Buffers: shared hit=110
 Planning Time: 0.193 ms
 Execution Time: 105.684 ms
(10 rows)

