SET
SET
SET
SET
SET
                                                                  QUERY PLAN                                                                  
----------------------------------------------------------------------------------------------------------------------------------------------
 Index Scan using idx on public.t (actual rows=32768.00 loops=1)
   Output: a, b
   Index Cond: ((t.a >= '-32371'::integer) AND (t.a <= '-24180'::integer))
   Index Searches: 1
   Prefetch: distance=269.987 count=27007 stalls=1 skipped=11334 resets=0 ungets=6093 forwarded=1215
             histogram [2,4) => 2, [4,8) => 4, [8,16) => 8, [16,32) => 10, [32,64) => 17, [64,128) => 9, [128,256) => 172, [256,512) => 26785
   Buffers: shared hit=10568 read=10734
 Settings: enable_bitmapscan = 'off', enable_seqscan = 'off', max_parallel_workers_per_gather = '0'
 Planning:
   Buffers: shared hit=82 read=27
 Planning Time: 2.113 ms
 Execution Time: 67.411 ms
(12 rows)

SET
SET
SET
SET
SET
                                             QUERY PLAN                                             
----------------------------------------------------------------------------------------------------
 Index Scan using idx on public.t (actual rows=32768.00 loops=1)
   Output: a, b
   Index Cond: ((t.a >= '-32371'::integer) AND (t.a <= '-24180'::integer))
   Index Searches: 1
   Buffers: shared hit=21305
 Settings: enable_bitmapscan = 'off', enable_seqscan = 'off', max_parallel_workers_per_gather = '0'
 Planning:
   Buffers: shared hit=114
 Planning Time: 0.177 ms
 Execution Time: 8.347 ms
(10 rows)

