SET
SET
SET
SET
SET
                                                                QUERY PLAN                                                                
------------------------------------------------------------------------------------------------------------------------------------------
 Index Scan using idx on public.t (actual rows=8192.00 loops=1)
   Output: a, b
   Index Cond: ((t.a >= '-30389'::integer) AND (t.a <= '-28342'::integer))
   Index Searches: 1
   Prefetch: distance=270.227 count=6977 stalls=1 skipped=2649 resets=0 ungets=2042 forwarded=205
             histogram [2,4) => 2, [4,8) => 3, [8,16) => 5, [16,32) => 9, [32,64) => 18, [64,128) => 3, [128,256) => 3, [256,512) => 6934
   Buffers: shared hit=1018 read=4332
 Settings: enable_bitmapscan = 'off', enable_seqscan = 'off', max_parallel_workers_per_gather = '0'
 Planning:
   Buffers: shared hit=82 read=27
 Planning Time: 2.077 ms
 Execution Time: 42.325 ms
(12 rows)

SET
SET
SET
SET
SET
                                             QUERY PLAN                                             
----------------------------------------------------------------------------------------------------
 Index Scan using idx on public.t (actual rows=8192.00 loops=1)
   Output: a, b
   Index Cond: ((t.a >= '-30389'::integer) AND (t.a <= '-28342'::integer))
   Index Searches: 1
   Buffers: shared hit=5350
 Settings: enable_bitmapscan = 'off', enable_seqscan = 'off', max_parallel_workers_per_gather = '0'
 Planning:
   Buffers: shared hit=114
 Planning Time: 0.202 ms
 Execution Time: 3.402 ms
(10 rows)

