SET
SET
SET
SET
SET
                                                                QUERY PLAN                                                                 
-------------------------------------------------------------------------------------------------------------------------------------------
 Index Scan using idx on public.t (actual rows=16384.00 loops=1)
   Output: a, b
   Index Cond: ((t.a >= '-18339'::integer) AND (t.a <= '-14244'::integer))
   Index Searches: 1
   Prefetch: distance=270.471 count=13964 stalls=1 skipped=5540 resets=0 ungets=3624 forwarded=541
             histogram [2,4) => 2, [4,8) => 3, [8,16) => 5, [16,32) => 9, [32,64) => 19, [64,128) => 4, [128,256) => 5, [256,512) => 13917
   Buffers: shared hit=3825 read=6862
 Settings: enable_bitmapscan = 'off', enable_seqscan = 'off', max_parallel_workers_per_gather = '0'
 Planning:
   Buffers: shared hit=82 read=27
 Planning Time: 2.086 ms
 Execution Time: 51.333 ms
(12 rows)

SET
SET
SET
SET
SET
                                             QUERY PLAN                                             
----------------------------------------------------------------------------------------------------
 Index Scan using idx on public.t (actual rows=16384.00 loops=1)
   Output: a, b
   Index Cond: ((t.a >= '-18339'::integer) AND (t.a <= '-14244'::integer))
   Index Searches: 1
   Buffers: shared hit=10688
 Settings: enable_bitmapscan = 'off', enable_seqscan = 'off', max_parallel_workers_per_gather = '0'
 Planning:
   Buffers: shared hit=114
 Planning Time: 0.213 ms
 Execution Time: 5.725 ms
(10 rows)

