SET
SET
SET
SET
SET
                                                                          QUERY PLAN                                                                          
--------------------------------------------------------------------------------------------------------------------------------------------------------------
 Index Scan using idx on public.t (actual rows=2048576.00 loops=1)
   Output: a, b
   Index Cond: ((t.a >= '-518134'::integer) AND (t.a <= '-5991'::integer))
   Index Searches: 1
   Prefetch: distance=204.797 count=326677 stalls=1018023 skipped=719263 resets=0 ungets=15746 forwarded=6247
             histogram [2,4) => 40324, [4,8) => 23510, [8,16) => 919, [16,32) => 76, [32,64) => 107, [64,128) => 476, [128,256) => 95244, [256,512) => 166021
   Buffers: shared hit=1268269 read=63999
 Settings: enable_bitmapscan = 'off', enable_seqscan = 'off', max_parallel_workers_per_gather = '0'
 Planning:
   Buffers: shared hit=78 read=27
 Planning Time: 2.080 ms
 Execution Time: 1165.338 ms
(12 rows)

SET
SET
SET
SET
SET
                                             QUERY PLAN                                             
----------------------------------------------------------------------------------------------------
 Index Scan using idx on public.t (actual rows=2048576.00 loops=1)
   Output: a, b
   Index Cond: ((t.a >= '-518134'::integer) AND (t.a <= '-5991'::integer))
   Index Searches: 1
   Buffers: shared hit=1332272
 Settings: enable_bitmapscan = 'off', enable_seqscan = 'off', max_parallel_workers_per_gather = '0'
 Planning:
   Buffers: shared hit=110
 Planning Time: 0.216 ms
 Execution Time: 417.181 ms
(10 rows)

