SET
SET
SET
SET
SET
                                                                           QUERY PLAN                                                                           
----------------------------------------------------------------------------------------------------------------------------------------------------------------
 Index Scan using idx on public.t (actual rows=3048576.00 loops=1)
   Output: a, b
   Index Cond: ((t.a >= '-775058'::integer) AND (t.a <= '-12915'::integer))
   Index Searches: 1
   Prefetch: distance=231.038 count=994375 stalls=1000059 skipped=1069898 resets=0 ungets=15759 forwarded=10343
             histogram [2,4) => 40270, [4,8) => 23492, [8,16) => 921, [16,32) => 77, [32,64) => 186, [64,128) => 2518, [128,256) => 490624, [256,512) => 436287
   Buffers: shared hit=1893266 read=89980
 Settings: enable_bitmapscan = 'off', enable_seqscan = 'off', max_parallel_workers_per_gather = '0'
 Planning:
   Buffers: shared hit=78 read=27
 Planning Time: 2.074 ms
 Execution Time: 1480.663 ms
(12 rows)

SET
SET
SET
SET
SET
                                             QUERY PLAN                                             
----------------------------------------------------------------------------------------------------
 Index Scan using idx on public.t (actual rows=3048576.00 loops=1)
   Output: a, b
   Index Cond: ((t.a >= '-775058'::integer) AND (t.a <= '-12915'::integer))
   Index Searches: 1
   Buffers: shared hit=1983247
 Settings: enable_bitmapscan = 'off', enable_seqscan = 'off', max_parallel_workers_per_gather = '0'
 Planning:
   Buffers: shared hit=110
 Planning Time: 0.217 ms
 Execution Time: 628.056 ms
(10 rows)

