SET
SET
SET
SET
SET
                                                                             QUERY PLAN                                                                             
--------------------------------------------------------------------------------------------------------------------------------------------------------------------
 Index Scan using idx on public.t (actual rows=7048576.00 loops=1)
   Output: a, b
   Index Cond: ((t.a >= '-1776835'::integer) AND (t.a <= '-14692'::integer))
   Index Searches: 1
   Prefetch: distance=146.940 count=766977 stalls=3823111 skipped=2473675 resets=0 ungets=15634 forwarded=11328
             histogram [2,4) => 198005, [4,8) => 117017, [8,16) => 5111, [16,32) => 189, [32,64) => 164, [64,128) => 1540, [128,256) => 203058, [256,512) => 241893
   Buffers: shared hit=4393959 read=191343
 Settings: enable_bitmapscan = 'off', enable_seqscan = 'off', max_parallel_workers_per_gather = '0'
 Planning:
   Buffers: shared hit=78 read=27
 Planning Time: 2.107 ms
 Execution Time: 4575.786 ms
(12 rows)

SET
SET
SET
SET
SET
                                             QUERY PLAN                                             
----------------------------------------------------------------------------------------------------
 Index Scan using idx on public.t (actual rows=7048576.00 loops=1)
   Output: a, b
   Index Cond: ((t.a >= '-1776835'::integer) AND (t.a <= '-14692'::integer))
   Index Searches: 1
   Buffers: shared hit=4585304
 Settings: enable_bitmapscan = 'off', enable_seqscan = 'off', max_parallel_workers_per_gather = '0'
 Planning:
   Buffers: shared hit=110
 Planning Time: 0.235 ms
 Execution Time: 1443.669 ms
(10 rows)

