SET
SET
SET
SET
SET
                                                                            QUERY PLAN                                                                            
------------------------------------------------------------------------------------------------------------------------------------------------------------------
 Index Scan using idx on public.t (actual rows=9048576.00 loops=1)
   Output: a, b
   Index Cond: ((t.a >= '-2284241'::integer) AND (t.a <= '-22098'::integer))
   Index Searches: 1
   Prefetch: distance=71.169 count=616568 stalls=5271833 skipped=3175887 resets=0 ungets=15731 forwarded=11433
             histogram [2,4) => 280186, [4,8) => 165317, [8,16) => 7359, [16,32) => 440, [32,64) => 318, [64,128) => 113, [128,256) => 37882, [256,512) => 124953
   Buffers: shared hit=5643753 read=242480
 Settings: enable_bitmapscan = 'off', enable_seqscan = 'off', max_parallel_workers_per_gather = '0'
 Planning:
   Buffers: shared hit=78 read=27
 Planning Time: 2.094 ms
 Execution Time: 6080.278 ms
(12 rows)

SET
SET
SET
SET
SET
                                             QUERY PLAN                                             
----------------------------------------------------------------------------------------------------
 Index Scan using idx on public.t (actual rows=9048576.00 loops=1)
   Output: a, b
   Index Cond: ((t.a >= '-2284241'::integer) AND (t.a <= '-22098'::integer))
   Index Searches: 1
   Buffers: shared hit=5886233
 Settings: enable_bitmapscan = 'off', enable_seqscan = 'off', max_parallel_workers_per_gather = '0'
 Planning:
   Buffers: shared hit=110
 Planning Time: 0.219 ms
 Execution Time: 1851.076 ms
(10 rows)

