SET
SET
SET
SET
SET
                                                                             QUERY PLAN                                                                             
--------------------------------------------------------------------------------------------------------------------------------------------------------------------
 Index Scan using idx on public.t (actual rows=8048576.00 loops=1)
   Output: a, b
   Index Cond: ((t.a >= '-2022466'::integer) AND (t.a <= '-10323'::integer))
   Index Searches: 1
   Prefetch: distance=155.206 count=950365 stalls=4289049 skipped=2824502 resets=0 ungets=15683 forwarded=12883
             histogram [2,4) => 223447, [4,8) => 131959, [8,16) => 5853, [16,32) => 331, [32,64) => 350, [64,128) => 1675, [128,256) => 288558, [256,512) => 298192
   Buffers: shared hit=5019692 read=216314
 Settings: enable_bitmapscan = 'off', enable_seqscan = 'off', max_parallel_workers_per_gather = '0'
 Planning:
   Buffers: shared hit=78 read=27
 Planning Time: 2.187 ms
 Execution Time: 5128.039 ms
(12 rows)

SET
SET
SET
SET
SET
                                             QUERY PLAN                                             
----------------------------------------------------------------------------------------------------
 Index Scan using idx on public.t (actual rows=8048576.00 loops=1)
   Output: a, b
   Index Cond: ((t.a >= '-2022466'::integer) AND (t.a <= '-10323'::integer))
   Index Searches: 1
   Buffers: shared hit=5236006
 Settings: enable_bitmapscan = 'off', enable_seqscan = 'off', max_parallel_workers_per_gather = '0'
 Planning:
   Buffers: shared hit=110
 Planning Time: 0.219 ms
 Execution Time: 1650.397 ms
(10 rows)

