SET
SET
SET
SET
SET
                                                                           QUERY PLAN                                                                            
-----------------------------------------------------------------------------------------------------------------------------------------------------------------
 Index Scan using idx on public.t (actual rows=5048576.00 loops=1)
   Output: a, b
   Index Cond: ((t.a >= '-1273982'::integer) AND (t.a <= '-11839'::integer))
   Index Searches: 1
   Prefetch: distance=131.921 count=468595 stalls=2823714 skipped=1771595 resets=0 ungets=15711 forwarded=8599
             histogram [2,4) => 141759, [4,8) => 83872, [8,16) => 3638, [16,32) => 153, [32,64) => 207, [64,128) => 261, [128,256) => 82573, [256,512) => 156132
   Buffers: shared hit=3143952 read=140466
 Settings: enable_bitmapscan = 'off', enable_seqscan = 'off', max_parallel_workers_per_gather = '0'
 Planning:
   Buffers: shared hit=78 read=27
 Planning Time: 2.079 ms
 Execution Time: 3281.842 ms
(12 rows)

SET
SET
SET
SET
SET
                                             QUERY PLAN                                             
----------------------------------------------------------------------------------------------------
 Index Scan using idx on public.t (actual rows=5048576.00 loops=1)
   Output: a, b
   Index Cond: ((t.a >= '-1273982'::integer) AND (t.a <= '-11839'::integer))
   Index Searches: 1
   Buffers: shared hit=3284421
 Settings: enable_bitmapscan = 'off', enable_seqscan = 'off', max_parallel_workers_per_gather = '0'
 Planning:
   Buffers: shared hit=110
 Planning Time: 0.234 ms
 Execution Time: 1036.374 ms
(10 rows)

