SET
SET
SET
SET
SET
                                                                  QUERY PLAN                                                                   
-----------------------------------------------------------------------------------------------------------------------------------------------
 Index Scan using idx on public.t (actual rows=65536.00 loops=1)
   Output: a, b
   Index Cond: ((t.a >= '-32767'::integer) AND (t.a <= '-16384'::integer))
   Index Searches: 1
   Prefetch: distance=267.522 count=50573 stalls=1 skipped=22996 resets=0 ungets=8133 forwarded=1931
             histogram [2,4) => 2, [4,8) => 4, [8,16) => 8, [16,32) => 11, [32,64) => 19, [64,128) => 4, [128,256) => 3163, [256,512) => 47362
   Buffers: shared hit=28951 read=13660
 Settings: enable_bitmapscan = 'off', enable_seqscan = 'off', max_parallel_workers_per_gather = '0'
 Planning:
   Buffers: shared hit=82 read=27
 Planning Time: 2.143 ms
 Execution Time: 65.501 ms
(12 rows)

SET
SET
SET
SET
SET
                                             QUERY PLAN                                             
----------------------------------------------------------------------------------------------------
 Index Scan using idx on public.t (actual rows=65536.00 loops=1)
   Output: a, b
   Index Cond: ((t.a >= '-32767'::integer) AND (t.a <= '-16384'::integer))
   Index Searches: 1
   Buffers: shared hit=42614
 Settings: enable_bitmapscan = 'off', enable_seqscan = 'off', max_parallel_workers_per_gather = '0'
 Planning:
   Buffers: shared hit=114
 Planning Time: 0.180 ms
 Execution Time: 13.243 ms
(10 rows)

