SET
SET
SET
SET
SET
                                                                  QUERY PLAN                                                                  
----------------------------------------------------------------------------------------------------------------------------------------------
 Index Scan using idx on public.t (actual rows=32768.00 loops=1)
   Output: a, b
   Index Cond: ((t.a >= '-19478'::integer) AND (t.a <= '-11287'::integer))
   Index Searches: 1
   Prefetch: distance=269.843 count=26881 stalls=1 skipped=11316 resets=0 ungets=5813 forwarded=1112
             histogram [2,4) => 2, [4,8) => 4, [8,16) => 7, [16,32) => 10, [32,64) => 13, [64,128) => 4, [128,256) => 190, [256,512) => 26651
   Buffers: shared hit=11290 read=10068
 Settings: enable_bitmapscan = 'off', enable_seqscan = 'off', max_parallel_workers_per_gather = '0'
 Planning:
   Buffers: shared hit=82 read=27
 Planning Time: 2.158 ms
 Execution Time: 59.363 ms
(12 rows)

SET
SET
SET
SET
SET
                                             QUERY PLAN                                             
----------------------------------------------------------------------------------------------------
 Index Scan using idx on public.t (actual rows=32768.00 loops=1)
   Output: a, b
   Index Cond: ((t.a >= '-19478'::integer) AND (t.a <= '-11287'::integer))
   Index Searches: 1
   Buffers: shared hit=21360
 Settings: enable_bitmapscan = 'off', enable_seqscan = 'off', max_parallel_workers_per_gather = '0'
 Planning:
   Buffers: shared hit=114
 Planning Time: 0.185 ms
 Execution Time: 7.327 ms
(10 rows)

