SET
SET
SET
SET
SET
                                                                      QUERY PLAN                                                                      
------------------------------------------------------------------------------------------------------------------------------------------------------
 Index Scan using idx on public.t (actual rows=131072.00 loops=1)
   Output: a, b
   Index Cond: ((t.a >= '-40706'::integer) AND (t.a <= '-7939'::integer))
   Index Searches: 1
   Prefetch: distance=259.945 count=76534 stalls=16771 skipped=45830 resets=0 ungets=8522 forwarded=2362
             histogram [2,4) => 434, [4,8) => 78, [8,16) => 21, [16,32) => 29, [32,64) => 60, [64,128) => 224, [128,256) => 14446, [256,512) => 61242
   Buffers: shared hit=69732 read=15558
 Settings: enable_bitmapscan = 'off', enable_seqscan = 'off', max_parallel_workers_per_gather = '0'
 Planning:
   Buffers: shared hit=82 read=27
 Planning Time: 2.090 ms
 Execution Time: 94.176 ms
(12 rows)

SET
SET
SET
SET
SET
                                             QUERY PLAN                                             
----------------------------------------------------------------------------------------------------
 Index Scan using idx on public.t (actual rows=131072.00 loops=1)
   Output: a, b
   Index Cond: ((t.a >= '-40706'::integer) AND (t.a <= '-7939'::integer))
   Index Searches: 1
   Buffers: shared hit=85290
 Settings: enable_bitmapscan = 'off', enable_seqscan = 'off', max_parallel_workers_per_gather = '0'
 Planning:
   Buffers: shared hit=114
 Planning Time: 0.194 ms
 Execution Time: 25.981 ms
(10 rows)

