SET
SET
SET
SET
SET
                                                                QUERY PLAN                                                                 
-------------------------------------------------------------------------------------------------------------------------------------------
 Index Scan using idx on public.t (actual rows=8192.00 loops=1)
   Output: a, b
   Index Cond: ((t.a >= '-20106'::integer) AND (t.a <= '-18059'::integer))
   Index Searches: 1
   Prefetch: distance=270.158 count=7275 stalls=1 skipped=2816 resets=0 ungets=2123 forwarded=201
             histogram [2,4) => 2, [4,8) => 3, [8,16) => 5, [16,32) => 11, [32,64) => 17, [64,128) => 5, [128,256) => 4, [256,512) => 7228
   Buffers: shared hit=1117 read=4199
 Settings: enable_bitmapscan = 'off', enable_seqscan = 'off', max_parallel_workers_per_gather = '0'
 Planning:
   Buffers: shared hit=82 read=27
 Planning Time: 2.121 ms
 Execution Time: 29.009 ms
(12 rows)

SET
SET
SET
SET
SET
                                             QUERY PLAN                                             
----------------------------------------------------------------------------------------------------
 Index Scan using idx on public.t (actual rows=8192.00 loops=1)
   Output: a, b
   Index Cond: ((t.a >= '-20106'::integer) AND (t.a <= '-18059'::integer))
   Index Searches: 1
   Buffers: shared hit=5318
 Settings: enable_bitmapscan = 'off', enable_seqscan = 'off', max_parallel_workers_per_gather = '0'
 Planning:
   Buffers: shared hit=114
 Planning Time: 0.162 ms
 Execution Time: 1.860 ms
(10 rows)

