SET
SET
SET
SET
SET
                                                                           QUERY PLAN                                                                           
----------------------------------------------------------------------------------------------------------------------------------------------------------------
 Index Scan using idx on public.t (actual rows=3048576.00 loops=1)
   Output: a, b
   Index Cond: ((t.a >= '-780063'::integer) AND (t.a <= '-17920'::integer))
   Index Searches: 1
   Prefetch: distance=231.162 count=1006634 stalls=987042 skipped=1069716 resets=0 ungets=15467 forwarded=10369
             histogram [2,4) => 40234, [4,8) => 23474, [8,16) => 920, [16,32) => 77, [32,64) => 196, [64,128) => 2581, [128,256) => 498955, [256,512) => 440197
   Buffers: shared hit=1892785 read=90411
 Settings: enable_bitmapscan = 'off', enable_seqscan = 'off', max_parallel_workers_per_gather = '0'
 Planning:
   Buffers: shared hit=78 read=27
 Planning Time: 2.199 ms
 Execution Time: 1510.151 ms
(12 rows)

SET
SET
SET
SET
SET
                                             QUERY PLAN                                             
----------------------------------------------------------------------------------------------------
 Index Scan using idx on public.t (actual rows=3048576.00 loops=1)
   Output: a, b
   Index Cond: ((t.a >= '-780063'::integer) AND (t.a <= '-17920'::integer))
   Index Searches: 1
   Buffers: shared hit=1983198
 Settings: enable_bitmapscan = 'off', enable_seqscan = 'off', max_parallel_workers_per_gather = '0'
 Planning:
   Buffers: shared hit=110
 Planning Time: 0.212 ms
 Execution Time: 626.283 ms
(10 rows)

