SET
SET
SET
SET
SET
                                                                            QUERY PLAN                                                                             
-------------------------------------------------------------------------------------------------------------------------------------------------------------------
 Index Scan using idx on public.t (actual rows=6048576.00 loops=1)
   Output: a, b
   Index Cond: ((t.a >= '-1518948'::integer) AND (t.a <= '-6805'::integer))
   Index Searches: 1
   Prefetch: distance=196.265 count=1104673 stalls=2836787 skipped=2122554 resets=0 ungets=15729 forwarded=12526
             histogram [2,4) => 141802, [4,8) => 83885, [8,16) => 3639, [16,32) => 153, [32,64) => 229, [64,128) => 2692, [128,256) => 458104, [256,512) => 414169
   Buffers: shared hit=3769691 read=165286
 Settings: enable_bitmapscan = 'off', enable_seqscan = 'off', max_parallel_workers_per_gather = '0'
 Planning:
   Buffers: shared hit=78 read=27
 Planning Time: 2.108 ms
 Execution Time: 3621.604 ms
(12 rows)

SET
SET
SET
SET
SET
                                             QUERY PLAN                                             
----------------------------------------------------------------------------------------------------
 Index Scan using idx on public.t (actual rows=6048576.00 loops=1)
   Output: a, b
   Index Cond: ((t.a >= '-1518948'::integer) AND (t.a <= '-6805'::integer))
   Index Searches: 1
   Buffers: shared hit=3934977
 Settings: enable_bitmapscan = 'off', enable_seqscan = 'off', max_parallel_workers_per_gather = '0'
 Planning:
   Buffers: shared hit=110
 Planning Time: 0.226 ms
 Execution Time: 1255.899 ms
(10 rows)

