SET
SET
SET
SET
SET
                                                                             QUERY PLAN                                                                             
--------------------------------------------------------------------------------------------------------------------------------------------------------------------
 Index Scan using idx on public.t (actual rows=8048576.00 loops=1)
   Output: a, b
   Index Cond: ((t.a >= '-2026877'::integer) AND (t.a <= '-14734'::integer))
   Index Searches: 1
   Prefetch: distance=156.249 count=961525 stalls=4277611 skipped=2824423 resets=0 ungets=15602 forwarded=12948
             histogram [2,4) => 223409, [4,8) => 131937, [8,16) => 5846, [16,32) => 323, [32,64) => 362, [64,128) => 1676, [128,256) => 295517, [256,512) => 302455
   Buffers: shared hit=5019272 read=216719
 Settings: enable_bitmapscan = 'off', enable_seqscan = 'off', max_parallel_workers_per_gather = '0'
 Planning:
   Buffers: shared hit=78 read=27
 Planning Time: 2.092 ms
 Execution Time: 5164.363 ms
(12 rows)

SET
SET
SET
SET
SET
                                             QUERY PLAN                                             
----------------------------------------------------------------------------------------------------
 Index Scan using idx on public.t (actual rows=8048576.00 loops=1)
   Output: a, b
   Index Cond: ((t.a >= '-2026877'::integer) AND (t.a <= '-14734'::integer))
   Index Searches: 1
   Buffers: shared hit=5235992
 Settings: enable_bitmapscan = 'off', enable_seqscan = 'off', max_parallel_workers_per_gather = '0'
 Planning:
   Buffers: shared hit=110
 Planning Time: 0.224 ms
 Execution Time: 1648.551 ms
(10 rows)

