SET
SET
SET
SET
SET
                                                                           QUERY PLAN                                                                            
-----------------------------------------------------------------------------------------------------------------------------------------------------------------
 Index Scan using idx on public.t (actual rows=5048576.00 loops=1)
   Output: a, b
   Index Cond: ((t.a >= '-1282987'::integer) AND (t.a <= '-20844'::integer))
   Index Searches: 1
   Prefetch: distance=137.219 count=491888 stalls=2800419 skipped=1771599 resets=0 ungets=15661 forwarded=8794
             histogram [2,4) => 141684, [4,8) => 83835, [8,16) => 3639, [16,32) => 155, [32,64) => 208, [64,128) => 269, [128,256) => 97228, [256,512) => 164870
   Buffers: shared hit=3143160 read=141253
 Settings: enable_bitmapscan = 'off', enable_seqscan = 'off', max_parallel_workers_per_gather = '0'
 Planning:
   Buffers: shared hit=78 read=27
 Planning Time: 2.108 ms
 Execution Time: 3306.425 ms
(12 rows)

SET
SET
SET
SET
SET
                                             QUERY PLAN                                             
----------------------------------------------------------------------------------------------------
 Index Scan using idx on public.t (actual rows=5048576.00 loops=1)
   Output: a, b
   Index Cond: ((t.a >= '-1282987'::integer) AND (t.a <= '-20844'::integer))
   Index Searches: 1
   Buffers: shared hit=3284414
 Settings: enable_bitmapscan = 'off', enable_seqscan = 'off', max_parallel_workers_per_gather = '0'
 Planning:
   Buffers: shared hit=110
 Planning Time: 0.233 ms
 Execution Time: 1089.484 ms
(10 rows)

