SET
SET
SET
SET
SET
                                                                      QUERY PLAN                                                                       
-------------------------------------------------------------------------------------------------------------------------------------------------------
 Index Scan using idx on public.t (actual rows=262144.00 loops=1)
   Output: a, b
   Index Cond: ((t.a >= '-65770'::integer) AND (t.a <= '-235'::integer))
   Index Searches: 1
   Prefetch: distance=255.427 count=96432 stalls=83189 skipped=91807 resets=0 ungets=9799 forwarded=2800
             histogram [2,4) => 622, [4,8) => 154, [8,16) => 23, [16,32) => 40, [32,64) => 65, [64,128) => 631, [128,256) => 23511, [256,512) => 71386
   Buffers: shared hit=152289 read=18268
 Settings: enable_bitmapscan = 'off', enable_seqscan = 'off', max_parallel_workers_per_gather = '0'
 Planning:
   Buffers: shared hit=78 read=27
 Planning Time: 2.081 ms
 Execution Time: 141.627 ms
(12 rows)

SET
SET
SET
SET
SET
                                             QUERY PLAN                                             
----------------------------------------------------------------------------------------------------
 Index Scan using idx on public.t (actual rows=262144.00 loops=1)
   Output: a, b
   Index Cond: ((t.a >= '-65770'::integer) AND (t.a <= '-235'::integer))
   Index Searches: 1
   Buffers: shared hit=170557
 Settings: enable_bitmapscan = 'off', enable_seqscan = 'off', max_parallel_workers_per_gather = '0'
 Planning:
   Buffers: shared hit=110
 Planning Time: 0.214 ms
 Execution Time: 49.412 ms
(10 rows)

