SET
SET
SET
SET
SET
                                                                  QUERY PLAN                                                                   
-----------------------------------------------------------------------------------------------------------------------------------------------
 Index Scan using idx on public.t (actual rows=65536.00 loops=1)
   Output: a, b
   Index Cond: ((t.a >= '-47085'::integer) AND (t.a <= '-30702'::integer))
   Index Searches: 1
   Prefetch: distance=267.929 count=50776 stalls=1 skipped=22852 resets=0 ungets=8684 forwarded=2087
             histogram [2,4) => 2, [4,8) => 4, [8,16) => 7, [16,32) => 23, [32,64) => 12, [64,128) => 4, [128,256) => 2772, [256,512) => 47952
   Buffers: shared hit=27985 read=14593
 Settings: enable_bitmapscan = 'off', enable_seqscan = 'off', max_parallel_workers_per_gather = '0'
 Planning:
   Buffers: shared hit=82 read=27
 Planning Time: 2.103 ms
 Execution Time: 83.421 ms
(12 rows)

SET
SET
SET
SET
SET
                                             QUERY PLAN                                             
----------------------------------------------------------------------------------------------------
 Index Scan using idx on public.t (actual rows=65536.00 loops=1)
   Output: a, b
   Index Cond: ((t.a >= '-47085'::integer) AND (t.a <= '-30702'::integer))
   Index Searches: 1
   Buffers: shared hit=42581
 Settings: enable_bitmapscan = 'off', enable_seqscan = 'off', max_parallel_workers_per_gather = '0'
 Planning:
   Buffers: shared hit=114
 Planning Time: 0.184 ms
 Execution Time: 14.267 ms
(10 rows)

