SET
SET
SET
SET
SET
                                                                QUERY PLAN                                                                 
-------------------------------------------------------------------------------------------------------------------------------------------
 Index Scan using idx on public.t (actual rows=8192.00 loops=1)
   Output: a, b
   Index Cond: ((t.a >= '-4154'::integer) AND (t.a <= '-2107'::integer))
   Index Searches: 1
   Prefetch: distance=269.783 count=6827 stalls=1 skipped=2700 resets=0 ungets=1879 forwarded=190
             histogram [2,4) => 2, [4,8) => 9, [8,16) => 7, [16,32) => 13, [32,64) => 16, [64,128) => 2, [128,256) => 2, [256,512) => 6776
   Buffers: shared hit=1341 read=3978
 Settings: enable_bitmapscan = 'off', enable_seqscan = 'off', max_parallel_workers_per_gather = '0'
 Planning:
   Buffers: shared hit=82 read=27
 Planning Time: 2.313 ms
 Execution Time: 38.571 ms
(12 rows)

SET
SET
SET
SET
SET
                                             QUERY PLAN                                             
----------------------------------------------------------------------------------------------------
 Index Scan using idx on public.t (actual rows=8192.00 loops=1)
   Output: a, b
   Index Cond: ((t.a >= '-4154'::integer) AND (t.a <= '-2107'::integer))
   Index Searches: 1
   Buffers: shared hit=5319
 Settings: enable_bitmapscan = 'off', enable_seqscan = 'off', max_parallel_workers_per_gather = '0'
 Planning:
   Buffers: shared hit=114
 Planning Time: 0.177 ms
 Execution Time: 1.914 ms
(10 rows)

