SET
SET
SET
SET
SET
                                                                       QUERY PLAN                                                                        
---------------------------------------------------------------------------------------------------------------------------------------------------------
 Index Scan using idx on public.t (actual rows=524288.00 loops=1)
   Output: a, b
   Index Cond: ((t.a >= '-162100'::integer) AND (t.a <= '-31029'::integer))
   Index Searches: 1
   Prefetch: distance=249.082 count=134365 stalls=219209 skipped=184188 resets=0 ungets=13873 forwarded=3962
             histogram [2,4) => 3820, [4,8) => 1973, [8,16) => 48, [16,32) => 33, [32,64) => 80, [64,128) => 317, [128,256) => 28413, [256,512) => 99681
   Buffers: shared hit=313118 read=27633
 Settings: enable_bitmapscan = 'off', enable_seqscan = 'off', max_parallel_workers_per_gather = '0'
 Planning:
   Buffers: shared hit=78 read=27
 Planning Time: 2.113 ms
 Execution Time: 268.627 ms
(12 rows)

SET
SET
SET
SET
SET
                                             QUERY PLAN                                             
----------------------------------------------------------------------------------------------------
 Index Scan using idx on public.t (actual rows=524288.00 loops=1)
   Output: a, b
   Index Cond: ((t.a >= '-162100'::integer) AND (t.a <= '-31029'::integer))
   Index Searches: 1
   Buffers: shared hit=340753
 Settings: enable_bitmapscan = 'off', enable_seqscan = 'off', max_parallel_workers_per_gather = '0'
 Planning:
   Buffers: shared hit=110
 Planning Time: 0.205 ms
 Execution Time: 110.911 ms
(10 rows)

