SET
SET
SET
SET
SET
                                                                          QUERY PLAN                                                                           
---------------------------------------------------------------------------------------------------------------------------------------------------------------
 Index Scan using idx on public.t (actual rows=4048576.00 loops=1)
   Output: a, b
   Index Cond: ((t.a >= '-1026139'::integer) AND (t.a <= '-13996'::integer))
   Index Searches: 1
   Prefetch: distance=112.330 count=318539 stalls=2324711 skipped=1420614 resets=0 ungets=15611 forwarded=7220
             histogram [2,4) => 114464, [4,8) => 67543, [8,16) => 2871, [16,32) => 162, [32,64) => 52, [64,128) => 70, [128,256) => 21535, [256,512) => 111842
   Buffers: shared hit=2518576 read=115344
 Settings: enable_bitmapscan = 'off', enable_seqscan = 'off', max_parallel_workers_per_gather = '0'
 Planning:
   Buffers: shared hit=78 read=27
 Planning Time: 2.098 ms
 Execution Time: 2609.373 ms
(12 rows)

SET
SET
SET
SET
SET
                                             QUERY PLAN                                             
----------------------------------------------------------------------------------------------------
 Index Scan using idx on public.t (actual rows=4048576.00 loops=1)
   Output: a, b
   Index Cond: ((t.a >= '-1026139'::integer) AND (t.a <= '-13996'::integer))
   Index Searches: 1
   Buffers: shared hit=2633920
 Settings: enable_bitmapscan = 'off', enable_seqscan = 'off', max_parallel_workers_per_gather = '0'
 Planning:
   Buffers: shared hit=110
 Planning Time: 0.238 ms
 Execution Time: 831.409 ms
(10 rows)

