SET
SET
SET
SET
SET
                                                                   QUERY PLAN                                                                   
------------------------------------------------------------------------------------------------------------------------------------------------
 Index Scan Backward using idx on public.t (actual rows=4096.00 loops=1)
   Output: a, b
   Index Cond: ((t.a >= 12198) AND (t.a <= 13221))
   Index Searches: 1
   Prefetch: distance=255.498 count=4324 stalls=6 skipped=51 resets=0 ungets=396 forwarded=0
             histogram [2,4) => 2, [4,8) => 10, [8,16) => 42, [16,32) => 18, [32,64) => 26, [64,128) => 71, [128,256) => 648, [256,512) => 3507
   Buffers: shared hit=3766 read=290
 Settings: enable_bitmapscan = 'off', enable_seqscan = 'off', max_parallel_workers_per_gather = '0'
 Planning:
   Buffers: shared hit=86 read=27
 Planning Time: 2.081 ms
 Execution Time: 10.121 ms
(12 rows)

SET
SET
SET
SET
SET
                                             QUERY PLAN                                             
----------------------------------------------------------------------------------------------------
 Index Scan Backward using idx on public.t (actual rows=4096.00 loops=1)
   Output: a, b
   Index Cond: ((t.a >= 12198) AND (t.a <= 13221))
   Index Searches: 1
   Buffers: shared hit=4056
 Settings: enable_bitmapscan = 'off', enable_seqscan = 'off', max_parallel_workers_per_gather = '0'
 Planning:
   Buffers: shared hit=118
 Planning Time: 0.153 ms
 Execution Time: 0.485 ms
(10 rows)

