SET
SET
SET
SET
SET
                                                                             QUERY PLAN                                                                             
--------------------------------------------------------------------------------------------------------------------------------------------------------------------
 Index Scan using idx on public.t (actual rows=8048576.00 loops=1)
   Output: a, b
   Index Cond: ((t.a >= '-2013130'::integer) AND (t.a <= '-987'::integer))
   Index Searches: 1
   Prefetch: distance=152.875 count=926151 stalls=4313332 skipped=2824428 resets=0 ungets=15742 forwarded=12686
             histogram [2,4) => 223481, [4,8) => 131963, [8,16) => 5855, [16,32) => 336, [32,64) => 360, [64,128) => 1652, [128,256) => 274378, [256,512) => 288126
   Buffers: shared hit=5020634 read=215428
 Settings: enable_bitmapscan = 'off', enable_seqscan = 'off', max_parallel_workers_per_gather = '0'
 Planning:
   Buffers: shared hit=78 read=27
 Planning Time: 2.104 ms
 Execution Time: 5118.878 ms
(12 rows)

SET
SET
SET
SET
SET
                                             QUERY PLAN                                             
----------------------------------------------------------------------------------------------------
 Index Scan using idx on public.t (actual rows=8048576.00 loops=1)
   Output: a, b
   Index Cond: ((t.a >= '-2013130'::integer) AND (t.a <= '-987'::integer))
   Index Searches: 1
   Buffers: shared hit=5236064
 Settings: enable_bitmapscan = 'off', enable_seqscan = 'off', max_parallel_workers_per_gather = '0'
 Planning:
   Buffers: shared hit=110
 Planning Time: 0.226 ms
 Execution Time: 1641.138 ms
(10 rows)

