SET
SET
SET
SET
SET
                                                                           QUERY PLAN                                                                            
-----------------------------------------------------------------------------------------------------------------------------------------------------------------
 Index Scan using idx on public.t (actual rows=5048576.00 loops=1)
   Output: a, b
   Index Cond: ((t.a >= '-1276705'::integer) AND (t.a <= '-14562'::integer))
   Index Searches: 1
   Prefetch: distance=133.474 count=475399 stalls=2816622 skipped=1771534 resets=0 ungets=15566 forwarded=8652
             histogram [2,4) => 141743, [4,8) => 83862, [8,16) => 3639, [16,32) => 154, [32,64) => 209, [64,128) => 257, [128,256) => 87133, [256,512) => 158402
   Buffers: shared hit=3143708 read=140698
 Settings: enable_bitmapscan = 'off', enable_seqscan = 'off', max_parallel_workers_per_gather = '0'
 Planning:
   Buffers: shared hit=78 read=27
 Planning Time: 2.101 ms
 Execution Time: 3313.175 ms
(12 rows)

SET
SET
SET
SET
SET
                                             QUERY PLAN                                             
----------------------------------------------------------------------------------------------------
 Index Scan using idx on public.t (actual rows=5048576.00 loops=1)
   Output: a, b
   Index Cond: ((t.a >= '-1276705'::integer) AND (t.a <= '-14562'::integer))
   Index Searches: 1
   Buffers: shared hit=3284406
 Settings: enable_bitmapscan = 'off', enable_seqscan = 'off', max_parallel_workers_per_gather = '0'
 Planning:
   Buffers: shared hit=110
 Planning Time: 0.231 ms
 Execution Time: 1038.056 ms
(10 rows)

