SET
SET
SET
SET
SET
                                                                   QUERY PLAN                                                                   
------------------------------------------------------------------------------------------------------------------------------------------------
 Index Scan Backward using idx on public.t (actual rows=16384.00 loops=1)
   Output: a, b
   Index Cond: ((t.a >= 30832) AND (t.a <= 34927))
   Index Searches: 1
   Prefetch: distance=263.646 count=17694 stalls=1 skipped=243 resets=0 ungets=1649 forwarded=0
             histogram [2,4) => 6, [4,8) => 9, [8,16) => 11, [16,32) => 13, [32,64) => 16, [64,128) => 5, [128,256) => 2336, [256,512) => 15298
   Buffers: shared hit=15278 read=893
 Settings: enable_bitmapscan = 'off', enable_seqscan = 'off', max_parallel_workers_per_gather = '0'
 Planning:
   Buffers: shared hit=82 read=23
 Planning Time: 1.855 ms
 Execution Time: 24.320 ms
(12 rows)

SET
SET
SET
SET
SET
                                             QUERY PLAN                                             
----------------------------------------------------------------------------------------------------
 Index Scan Backward using idx on public.t (actual rows=16384.00 loops=1)
   Output: a, b
   Index Cond: ((t.a >= 30832) AND (t.a <= 34927))
   Index Searches: 1
   Buffers: shared hit=16171
 Settings: enable_bitmapscan = 'off', enable_seqscan = 'off', max_parallel_workers_per_gather = '0'
 Planning:
   Buffers: shared hit=110
 Planning Time: 0.223 ms
 Execution Time: 2.822 ms
(10 rows)

