SET
SET
SET
SET
SET
                                             QUERY PLAN                                             
----------------------------------------------------------------------------------------------------
 Index Scan using idx on public.t (actual rows=256.00 loops=1)
   Output: a, b
   Index Cond: ((t.a >= '-2146'::integer) AND (t.a <= '-2083'::integer))
   Index Searches: 1
   Buffers: shared hit=6 read=166
 Settings: enable_bitmapscan = 'off', enable_seqscan = 'off', max_parallel_workers_per_gather = '0'
 Planning:
   Buffers: shared hit=82 read=27
 Planning Time: 1.358 ms
 Execution Time: 10.670 ms
(10 rows)

SET
SET
SET
SET
SET
                                             QUERY PLAN                                             
----------------------------------------------------------------------------------------------------
 Index Scan using idx on public.t (actual rows=256.00 loops=1)
   Output: a, b
   Index Cond: ((t.a >= '-2146'::integer) AND (t.a <= '-2083'::integer))
   Index Searches: 1
   Buffers: shared hit=172
 Settings: enable_bitmapscan = 'off', enable_seqscan = 'off', max_parallel_workers_per_gather = '0'
 Planning:
   Buffers: shared hit=114
 Planning Time: 0.133 ms
 Execution Time: 0.110 ms
(10 rows)

