SET
SET
SET
SET
SET
                                                                  QUERY PLAN                                                                  
----------------------------------------------------------------------------------------------------------------------------------------------
 Index Scan using idx on public.t (actual rows=32768.00 loops=1)
   Output: a, b
   Index Cond: ((t.a >= '-17457'::integer) AND (t.a <= '-9266'::integer))
   Index Searches: 1
   Prefetch: distance=269.806 count=26799 stalls=1 skipped=11335 resets=0 ungets=5682 forwarded=1086
             histogram [2,4) => 2, [4,8) => 5, [8,16) => 11, [16,32) => 16, [32,64) => 3, [64,128) => 4, [128,256) => 192, [256,512) => 26566
   Buffers: shared hit=11406 read=9976
 Settings: enable_bitmapscan = 'off', enable_seqscan = 'off', max_parallel_workers_per_gather = '0'
 Planning:
   Buffers: shared hit=82 read=27
 Planning Time: 2.084 ms
 Execution Time: 57.036 ms
(12 rows)

SET
SET
SET
SET
SET
                                             QUERY PLAN                                             
----------------------------------------------------------------------------------------------------
 Index Scan using idx on public.t (actual rows=32768.00 loops=1)
   Output: a, b
   Index Cond: ((t.a >= '-17457'::integer) AND (t.a <= '-9266'::integer))
   Index Searches: 1
   Buffers: shared hit=21382
 Settings: enable_bitmapscan = 'off', enable_seqscan = 'off', max_parallel_workers_per_gather = '0'
 Planning:
   Buffers: shared hit=114
 Planning Time: 0.192 ms
 Execution Time: 9.547 ms
(10 rows)

