SET
SET
SET
SET
SET
                                                                      QUERY PLAN                                                                      
------------------------------------------------------------------------------------------------------------------------------------------------------
 Index Scan using idx on public.t (actual rows=131072.00 loops=1)
   Output: a, b
   Index Cond: ((t.a >= '-36126'::integer) AND (t.a <= '-3359'::integer))
   Index Searches: 1
   Prefetch: distance=258.607 count=78706 stalls=14723 skipped=45888 resets=0 ungets=8420 forwarded=2237
             histogram [2,4) => 294, [4,8) => 49, [8,16) => 14, [16,32) => 41, [32,64) => 92, [64,128) => 408, [128,256) => 16784, [256,512) => 61024
   Buffers: shared hit=70191 read=15131
 Settings: enable_bitmapscan = 'off', enable_seqscan = 'off', max_parallel_workers_per_gather = '0'
 Planning:
   Buffers: shared hit=82 read=27
 Planning Time: 2.181 ms
 Execution Time: 87.354 ms
(12 rows)

SET
SET
SET
SET
SET
                                             QUERY PLAN                                             
----------------------------------------------------------------------------------------------------
 Index Scan using idx on public.t (actual rows=131072.00 loops=1)
   Output: a, b
   Index Cond: ((t.a >= '-36126'::integer) AND (t.a <= '-3359'::integer))
   Index Searches: 1
   Buffers: shared hit=85324
 Settings: enable_bitmapscan = 'off', enable_seqscan = 'off', max_parallel_workers_per_gather = '0'
 Planning:
   Buffers: shared hit=114
 Planning Time: 0.180 ms
 Execution Time: 24.629 ms
(10 rows)

