SET
SET
SET
SET
SET
                                                                QUERY PLAN                                                                 
-------------------------------------------------------------------------------------------------------------------------------------------
 Index Scan using idx on public.t (actual rows=16384.00 loops=1)
   Output: a, b
   Index Cond: ((t.a >= '-30616'::integer) AND (t.a <= '-26521'::integer))
   Index Searches: 1
   Prefetch: distance=270.779 count=14380 stalls=1 skipped=5702 resets=0 ungets=3878 forwarded=552
             histogram [2,4) => 2, [4,8) => 3, [8,16) => 7, [16,32) => 9, [32,64) => 10, [64,128) => 2, [128,256) => 2, [256,512) => 14345
   Buffers: shared hit=3494 read=7151
 Settings: enable_bitmapscan = 'off', enable_seqscan = 'off', max_parallel_workers_per_gather = '0'
 Planning:
   Buffers: shared hit=82 read=27
 Planning Time: 2.097 ms
 Execution Time: 40.543 ms
(12 rows)

SET
SET
SET
SET
SET
                                             QUERY PLAN                                             
----------------------------------------------------------------------------------------------------
 Index Scan using idx on public.t (actual rows=16384.00 loops=1)
   Output: a, b
   Index Cond: ((t.a >= '-30616'::integer) AND (t.a <= '-26521'::integer))
   Index Searches: 1
   Buffers: shared hit=10646
 Settings: enable_bitmapscan = 'off', enable_seqscan = 'off', max_parallel_workers_per_gather = '0'
 Planning:
   Buffers: shared hit=114
 Planning Time: 0.206 ms
 Execution Time: 5.721 ms
(10 rows)

