SET
SET
SET
SET
SET
                                                                        QUERY PLAN                                                                        
----------------------------------------------------------------------------------------------------------------------------------------------------------
 Index Scan using idx on public.t (actual rows=524288.00 loops=1)
   Output: a, b
   Index Cond: ((t.a >= '-148566'::integer) AND (t.a <= '-17495'::integer))
   Index Searches: 1
   Prefetch: distance=249.354 count=131127 stalls=222072 skipped=184083 resets=0 ungets=13365 forwarded=3914
             histogram [2,4) => 3227, [4,8) => 1611, [8,16) => 31, [16,32) => 27, [32,64) => 108, [64,128) => 454, [128,256) => 30107, [256,512) => 95562
   Buffers: shared hit=314353 read=26501
 Settings: enable_bitmapscan = 'off', enable_seqscan = 'off', max_parallel_workers_per_gather = '0'
 Planning:
   Buffers: shared hit=78 read=27
 Planning Time: 2.099 ms
 Execution Time: 261.997 ms
(12 rows)

SET
SET
SET
SET
SET
                                             QUERY PLAN                                             
----------------------------------------------------------------------------------------------------
 Index Scan using idx on public.t (actual rows=524288.00 loops=1)
   Output: a, b
   Index Cond: ((t.a >= '-148566'::integer) AND (t.a <= '-17495'::integer))
   Index Searches: 1
   Buffers: shared hit=340854
 Settings: enable_bitmapscan = 'off', enable_seqscan = 'off', max_parallel_workers_per_gather = '0'
 Planning:
   Buffers: shared hit=110
 Planning Time: 0.212 ms
 Execution Time: 109.762 ms
(10 rows)

