SET
SET
SET
SET
SET
                                                                      QUERY PLAN                                                                       
-------------------------------------------------------------------------------------------------------------------------------------------------------
 Index Scan using idx on public.t (actual rows=262144.00 loops=1)
   Output: a, b
   Index Cond: ((t.a >= '-86004'::integer) AND (t.a <= '-20469'::integer))
   Index Searches: 1
   Prefetch: distance=258.097 count=91924 stalls=88510 skipped=91959 resets=0 ungets=10872 forwarded=3017
             histogram [2,4) => 1284, [4,8) => 443, [8,16) => 19, [16,32) => 27, [32,64) => 50, [64,128) => 74, [128,256) => 15406, [256,512) => 74621
   Buffers: shared hit=150269 read=20107
 Settings: enable_bitmapscan = 'off', enable_seqscan = 'off', max_parallel_workers_per_gather = '0'
 Planning:
   Buffers: shared hit=78 read=27
 Planning Time: 2.121 ms
 Execution Time: 158.551 ms
(12 rows)

SET
SET
SET
SET
SET
                                             QUERY PLAN                                             
----------------------------------------------------------------------------------------------------
 Index Scan using idx on public.t (actual rows=262144.00 loops=1)
   Output: a, b
   Index Cond: ((t.a >= '-86004'::integer) AND (t.a <= '-20469'::integer))
   Index Searches: 1
   Buffers: shared hit=170376
 Settings: enable_bitmapscan = 'off', enable_seqscan = 'off', max_parallel_workers_per_gather = '0'
 Planning:
   Buffers: shared hit=110
 Planning Time: 0.185 ms
 Execution Time: 52.165 ms
(10 rows)

