SET
SET
SET
SET
SET
                                                                  QUERY PLAN                                                                   
-----------------------------------------------------------------------------------------------------------------------------------------------
 Index Scan using idx on public.t (actual rows=65536.00 loops=1)
   Output: a, b
   Index Cond: ((t.a >= '-34235'::integer) AND (t.a <= '-17852'::integer))
   Index Searches: 1
   Prefetch: distance=267.478 count=50161 stalls=1 skipped=22820 resets=0 ungets=8073 forwarded=1906
             histogram [2,4) => 2, [4,8) => 3, [8,16) => 6, [16,32) => 25, [32,64) => 11, [64,128) => 2, [128,256) => 3191, [256,512) => 46921
   Buffers: shared hit=28856 read=13741
 Settings: enable_bitmapscan = 'off', enable_seqscan = 'off', max_parallel_workers_per_gather = '0'
 Planning:
   Buffers: shared hit=82 read=27
 Planning Time: 2.230 ms
 Execution Time: 85.389 ms
(12 rows)

SET
SET
SET
SET
SET
                                             QUERY PLAN                                             
----------------------------------------------------------------------------------------------------
 Index Scan using idx on public.t (actual rows=65536.00 loops=1)
   Output: a, b
   Index Cond: ((t.a >= '-34235'::integer) AND (t.a <= '-17852'::integer))
   Index Searches: 1
   Buffers: shared hit=42599
 Settings: enable_bitmapscan = 'off', enable_seqscan = 'off', max_parallel_workers_per_gather = '0'
 Planning:
   Buffers: shared hit=114
 Planning Time: 0.184 ms
 Execution Time: 14.207 ms
(10 rows)

