SET
SET
SET
SET
SET
                                                                 QUERY PLAN                                                                 
--------------------------------------------------------------------------------------------------------------------------------------------
 Index Scan using idx on public.t (actual rows=4096.00 loops=1)
   Output: a, b
   Index Cond: ((t.a >= '-21298'::integer) AND (t.a <= '-20275'::integer))
   Index Searches: 1
   Prefetch: distance=268.429 count=3527 stalls=1 skipped=1309 resets=0 ungets=1056 forwarded=71
             histogram [2,4) => 2, [4,8) => 4, [8,16) => 11, [16,32) => 17, [32,64) => 11, [64,128) => 4, [128,256) => 4, [256,512) => 3474
   Buffers: shared hit=342 read=2350
 Settings: enable_bitmapscan = 'off', enable_seqscan = 'off', max_parallel_workers_per_gather = '0'
 Planning:
   Buffers: shared hit=82 read=27
 Planning Time: 2.093 ms
 Execution Time: 24.063 ms
(12 rows)

SET
SET
SET
SET
SET
                                             QUERY PLAN                                             
----------------------------------------------------------------------------------------------------
 Index Scan using idx on public.t (actual rows=4096.00 loops=1)
   Output: a, b
   Index Cond: ((t.a >= '-21298'::integer) AND (t.a <= '-20275'::integer))
   Index Searches: 1
   Buffers: shared hit=2692
 Settings: enable_bitmapscan = 'off', enable_seqscan = 'off', max_parallel_workers_per_gather = '0'
 Planning:
   Buffers: shared hit=114
 Planning Time: 0.192 ms
 Execution Time: 1.777 ms
(10 rows)

