SET
SET
SET
SET
SET
                                                                QUERY PLAN                                                                
------------------------------------------------------------------------------------------------------------------------------------------
 Index Scan using idx on public.t (actual rows=1024.00 loops=1)
   Output: a, b
   Index Cond: ((t.a >= '-2537'::integer) AND (t.a <= '-2282'::integer))
   Index Searches: 1
   Prefetch: distance=259.560 count=877 stalls=1 skipped=324 resets=0 ungets=265 forwarded=9
             histogram [2,4) => 2, [4,8) => 3, [8,16) => 7, [16,32) => 20, [32,64) => 10, [64,128) => 2, [128,256) => 2, [256,512) => 831
   Buffers: shared hit=37 read=635
 Settings: enable_bitmapscan = 'off', enable_seqscan = 'off', max_parallel_workers_per_gather = '0'
 Planning:
   Buffers: shared hit=82 read=27
 Planning Time: 2.126 ms
 Execution Time: 7.193 ms
(12 rows)

SET
SET
SET
SET
SET
                                             QUERY PLAN                                             
----------------------------------------------------------------------------------------------------
 Index Scan using idx on public.t (actual rows=1024.00 loops=1)
   Output: a, b
   Index Cond: ((t.a >= '-2537'::integer) AND (t.a <= '-2282'::integer))
   Index Searches: 1
   Buffers: shared hit=672
 Settings: enable_bitmapscan = 'off', enable_seqscan = 'off', max_parallel_workers_per_gather = '0'
 Planning:
   Buffers: shared hit=114
 Planning Time: 0.198 ms
 Execution Time: 0.600 ms
(10 rows)

