SET
SET
SET
SET
SET
                                                                             QUERY PLAN                                                                             
--------------------------------------------------------------------------------------------------------------------------------------------------------------------
 Index Scan using idx on public.t (actual rows=7048576.00 loops=1)
   Output: a, b
   Index Cond: ((t.a >= '-1769241'::integer) AND (t.a <= '-7098'::integer))
   Index Searches: 1
   Prefetch: distance=144.383 count=747573 stalls=3842841 skipped=2473743 resets=0 ungets=15712 forwarded=11088
             histogram [2,4) => 198062, [4,8) => 117039, [8,16) => 5111, [16,32) => 187, [32,64) => 165, [64,128) => 1528, [128,256) => 191885, [256,512) => 233596
   Buffers: shared hit=4394660 read=190681
 Settings: enable_bitmapscan = 'off', enable_seqscan = 'off', max_parallel_workers_per_gather = '0'
 Planning:
   Buffers: shared hit=78 read=27
 Planning Time: 2.072 ms
 Execution Time: 4534.989 ms
(12 rows)

SET
SET
SET
SET
SET
                                             QUERY PLAN                                             
----------------------------------------------------------------------------------------------------
 Index Scan using idx on public.t (actual rows=7048576.00 loops=1)
   Output: a, b
   Index Cond: ((t.a >= '-1769241'::integer) AND (t.a <= '-7098'::integer))
   Index Searches: 1
   Buffers: shared hit=4585343
 Settings: enable_bitmapscan = 'off', enable_seqscan = 'off', max_parallel_workers_per_gather = '0'
 Planning:
   Buffers: shared hit=110
 Planning Time: 0.221 ms
 Execution Time: 1470.394 ms
(10 rows)

