SET
SET
SET
SET
SET
                                                                    QUERY PLAN                                                                    
--------------------------------------------------------------------------------------------------------------------------------------------------
 Index Scan Backward using idx on public.t (actual rows=1048576.00 loops=1)
   Output: a, b
   Index Cond: ((t.a >= 27457) AND (t.a <= 289600))
   Index Searches: 1
   Prefetch: distance=264.254 count=1139012 stalls=1 skipped=15558 resets=0 ungets=106082 forwarded=2
             histogram [2,4) => 2, [4,8) => 7, [8,16) => 9, [16,32) => 11, [32,64) => 22, [64,128) => 2, [128,256) => 158269, [256,512) => 980690
   Buffers: shared hit=982999 read=51595
 Settings: enable_bitmapscan = 'off', enable_seqscan = 'off', max_parallel_workers_per_gather = '0'
 Planning:
   Buffers: shared hit=82 read=27
 Planning Time: 2.050 ms
 Execution Time: 1209.786 ms
(12 rows)

SET
SET
SET
SET
SET
                                             QUERY PLAN                                             
----------------------------------------------------------------------------------------------------
 Index Scan Backward using idx on public.t (actual rows=1048576.00 loops=1)
   Output: a, b
   Index Cond: ((t.a >= 27457) AND (t.a <= 289600))
   Index Searches: 1
   Buffers: shared hit=1034594
 Settings: enable_bitmapscan = 'off', enable_seqscan = 'off', max_parallel_workers_per_gather = '0'
 Planning:
   Buffers: shared hit=114
 Planning Time: 0.230 ms
 Execution Time: 171.961 ms
(10 rows)

