SET
SET
SET
SET
SET
                                                                           QUERY PLAN                                                                            
-----------------------------------------------------------------------------------------------------------------------------------------------------------------
 Index Scan using idx on public.t (actual rows=5048576.00 loops=1)
   Output: a, b
   Index Cond: ((t.a >= '-1268212'::integer) AND (t.a <= '-6069'::integer))
   Index Searches: 1
   Prefetch: distance=128.272 count=453926 stalls=2838702 skipped=1771558 resets=0 ungets=15625 forwarded=8477
             histogram [2,4) => 141805, [4,8) => 83888, [8,16) => 3640, [16,32) => 154, [32,64) => 208, [64,128) => 257, [128,256) => 73064, [256,512) => 150910
   Buffers: shared hit=3144636 read=139941
 Settings: enable_bitmapscan = 'off', enable_seqscan = 'off', max_parallel_workers_per_gather = '0'
 Planning:
   Buffers: shared hit=78 read=27
 Planning Time: 2.106 ms
 Execution Time: 3248.267 ms
(12 rows)

SET
SET
SET
SET
SET
                                             QUERY PLAN                                             
----------------------------------------------------------------------------------------------------
 Index Scan using idx on public.t (actual rows=5048576.00 loops=1)
   Output: a, b
   Index Cond: ((t.a >= '-1268212'::integer) AND (t.a <= '-6069'::integer))
   Index Searches: 1
   Buffers: shared hit=3284577
 Settings: enable_bitmapscan = 'off', enable_seqscan = 'off', max_parallel_workers_per_gather = '0'
 Planning:
   Buffers: shared hit=110
 Planning Time: 0.224 ms
 Execution Time: 1040.508 ms
(10 rows)

