SET
SET
SET
SET
SET
                                                                    QUERY PLAN                                                                    
--------------------------------------------------------------------------------------------------------------------------------------------------
 Index Scan Backward using idx on public.t (actual rows=3048576.00 loops=1)
   Output: a, b
   Index Cond: ((t.a >= 8568) AND (t.a <= 770711))
   Index Searches: 1
   Prefetch: distance=264.239 count=3310935 stalls=1 skipped=45176 resets=0 ungets=307559 forwarded=8
             histogram [2,4) => 2, [4,8) => 3, [8,16) => 9, [16,32) => 10, [32,64) => 2, [64,128) => 2, [128,256) => 462289, [256,512) => 2848618
   Buffers: shared hit=2858145 read=149824
 Settings: enable_bitmapscan = 'off', enable_seqscan = 'off', max_parallel_workers_per_gather = '0'
 Planning:
   Buffers: shared hit=82 read=27
 Planning Time: 2.062 ms
 Execution Time: 3486.561 ms
(12 rows)

SET
SET
SET
SET
SET
                                             QUERY PLAN                                             
----------------------------------------------------------------------------------------------------
 Index Scan Backward using idx on public.t (actual rows=3048576.00 loops=1)
   Output: a, b
   Index Cond: ((t.a >= 8568) AND (t.a <= 770711))
   Index Searches: 1
   Buffers: shared hit=3007969
 Settings: enable_bitmapscan = 'off', enable_seqscan = 'off', max_parallel_workers_per_gather = '0'
 Planning:
   Buffers: shared hit=114
 Planning Time: 0.232 ms
 Execution Time: 492.119 ms
(10 rows)

