SET
SET
SET
SET
SET
                                                                QUERY PLAN                                                                
------------------------------------------------------------------------------------------------------------------------------------------
 Index Scan Backward using idx on public.t (actual rows=8192.00 loops=1)
   Output: a, b
   Index Cond: ((t.a >= '-17106'::integer) AND (t.a <= '-15059'::integer))
   Index Searches: 1
   Prefetch: distance=270.922 count=8651 stalls=1 skipped=2691 resets=0 ungets=3746 forwarded=1
             histogram [2,4) => 2, [4,8) => 3, [8,16) => 11, [16,32) => 8, [32,64) => 2, [64,128) => 2, [128,256) => 2, [256,512) => 8621
   Buffers: shared hit=1158 read=4151
 Settings: enable_bitmapscan = 'off', enable_seqscan = 'off', max_parallel_workers_per_gather = '0'
 Planning:
   Buffers: shared hit=86 read=27
 Planning Time: 2.098 ms
 Execution Time: 64.123 ms
(12 rows)

SET
SET
SET
SET
SET
                                             QUERY PLAN                                             
----------------------------------------------------------------------------------------------------
 Index Scan Backward using idx on public.t (actual rows=8192.00 loops=1)
   Output: a, b
   Index Cond: ((t.a >= '-17106'::integer) AND (t.a <= '-15059'::integer))
   Index Searches: 1
   Buffers: shared hit=5309
 Settings: enable_bitmapscan = 'off', enable_seqscan = 'off', max_parallel_workers_per_gather = '0'
 Planning:
   Buffers: shared hit=118
 Planning Time: 0.179 ms
 Execution Time: 2.222 ms
(10 rows)

