SET
SET
SET
SET
SET
                                                                       QUERY PLAN                                                                       
--------------------------------------------------------------------------------------------------------------------------------------------------------
 Index Scan Backward using idx on public.t (actual rows=4048576.00 loops=1)
   Output: a, b
   Index Cond: ((t.a >= '-1036355'::integer) AND (t.a <= '-24212'::integer))
   Index Searches: 1
   Prefetch: distance=249.695 count=2654222 stalls=1 skipped=1420783 resets=0 ungets=26485 forwarded=2
             histogram [2,4) => 2, [4,8) => 3, [8,16) => 5, [16,32) => 17, [32,64) => 292, [64,128) => 5565, [128,256) => 1255025, [256,512) => 1393313
   Buffers: shared hit=2517545 read=116294
 Settings: enable_bitmapscan = 'off', enable_seqscan = 'off', max_parallel_workers_per_gather = '0'
 Planning:
   Buffers: shared hit=82 read=27
 Planning Time: 2.199 ms
 Execution Time: 1861.395 ms
(12 rows)

SET
SET
SET
SET
SET
                                             QUERY PLAN                                             
----------------------------------------------------------------------------------------------------
 Index Scan Backward using idx on public.t (actual rows=4048576.00 loops=1)
   Output: a, b
   Index Cond: ((t.a >= '-1036355'::integer) AND (t.a <= '-24212'::integer))
   Index Searches: 1
   Buffers: shared hit=2633839
 Settings: enable_bitmapscan = 'off', enable_seqscan = 'off', max_parallel_workers_per_gather = '0'
 Planning:
   Buffers: shared hit=114
 Planning Time: 0.228 ms
 Execution Time: 832.077 ms
(10 rows)

