SET
SET
SET
SET
SET
                                                                           QUERY PLAN                                                                            
-----------------------------------------------------------------------------------------------------------------------------------------------------------------
 Index Scan Backward using idx on public.t (actual rows=5048576.00 loops=1)
   Output: a, b
   Index Cond: ((t.a >= '-1286635'::integer) AND (t.a <= '-24492'::integer))
   Index Searches: 1
   Prefetch: distance=248.502 count=3182793 stalls=122358 skipped=1771576 resets=0 ungets=28422 forwarded=2
             histogram [2,4) => 8446, [4,8) => 4375, [8,16) => 684, [16,32) => 393, [32,64) => 502, [64,128) => 6572, [128,256) => 1506639, [256,512) => 1655182
   Buffers: shared hit=3142960 read=141504
 Settings: enable_bitmapscan = 'off', enable_seqscan = 'off', max_parallel_workers_per_gather = '0'
 Planning:
   Buffers: shared hit=82 read=27
 Planning Time: 2.103 ms
 Execution Time: 2370.059 ms
(12 rows)

SET
SET
SET
SET
SET
                                             QUERY PLAN                                             
----------------------------------------------------------------------------------------------------
 Index Scan Backward using idx on public.t (actual rows=5048576.00 loops=1)
   Output: a, b
   Index Cond: ((t.a >= '-1286635'::integer) AND (t.a <= '-24492'::integer))
   Index Searches: 1
   Buffers: shared hit=3284464
 Settings: enable_bitmapscan = 'off', enable_seqscan = 'off', max_parallel_workers_per_gather = '0'
 Planning:
   Buffers: shared hit=114
 Planning Time: 0.231 ms
 Execution Time: 1037.482 ms
(10 rows)

