SET
SET
SET
SET
SET
                                                                            QUERY PLAN                                                                            
------------------------------------------------------------------------------------------------------------------------------------------------------------------
 Index Scan Backward using idx on public.t (actual rows=6048576.00 loops=1)
   Output: a, b
   Index Cond: ((t.a >= '-1512845'::integer) AND (t.a <= '-702'::integer))
   Index Searches: 1
   Prefetch: distance=248.102 count=3773866 stalls=179932 skipped=2122410 resets=0 ungets=28207 forwarded=2
             histogram [2,4) => 12460, [4,8) => 6638, [8,16) => 999, [16,32) => 710, [32,64) => 874, [64,128) => 8094, [128,256) => 1793441, [256,512) => 1950650
   Buffers: shared hit=3770274 read=164749
 Settings: enable_bitmapscan = 'off', enable_seqscan = 'off', max_parallel_workers_per_gather = '0'
 Planning:
   Buffers: shared hit=82 read=27
 Planning Time: 2.101 ms
 Execution Time: 2808.935 ms
(12 rows)

SET
SET
SET
SET
SET
                                             QUERY PLAN                                             
----------------------------------------------------------------------------------------------------
 Index Scan Backward using idx on public.t (actual rows=6048576.00 loops=1)
   Output: a, b
   Index Cond: ((t.a >= '-1512845'::integer) AND (t.a <= '-702'::integer))
   Index Searches: 1
   Buffers: shared hit=3935023
 Settings: enable_bitmapscan = 'off', enable_seqscan = 'off', max_parallel_workers_per_gather = '0'
 Planning:
   Buffers: shared hit=114
 Planning Time: 0.225 ms
 Execution Time: 1225.643 ms
(10 rows)

