SET
SET
SET
SET
SET
                                                                              QUERY PLAN                                                                              
----------------------------------------------------------------------------------------------------------------------------------------------------------------------
 Index Scan Backward using idx on public.t (actual rows=7048576.00 loops=1)
   Output: a, b
   Index Cond: ((t.a >= '-1770240'::integer) AND (t.a <= '-8097'::integer))
   Index Searches: 1
   Prefetch: distance=246.229 count=4142649 stalls=462422 skipped=2473675 resets=0 ungets=30557 forwarded=2
             histogram [2,4) => 31772, [4,8) => 17168, [8,16) => 2667, [16,32) => 1714, [32,64) => 1498, [64,128) => 9404, [128,256) => 1954706, [256,512) => 2123720
   Buffers: shared hit=4394545 read=190782
 Settings: enable_bitmapscan = 'off', enable_seqscan = 'off', max_parallel_workers_per_gather = '0'
 Planning:
   Buffers: shared hit=82 read=27
 Planning Time: 2.132 ms
 Execution Time: 3370.472 ms
(12 rows)

SET
SET
SET
SET
SET
                                             QUERY PLAN                                             
----------------------------------------------------------------------------------------------------
 Index Scan Backward using idx on public.t (actual rows=7048576.00 loops=1)
   Output: a, b
   Index Cond: ((t.a >= '-1770240'::integer) AND (t.a <= '-8097'::integer))
   Index Searches: 1
   Buffers: shared hit=4585327
 Settings: enable_bitmapscan = 'off', enable_seqscan = 'off', max_parallel_workers_per_gather = '0'
 Planning:
   Buffers: shared hit=114
 Planning Time: 0.231 ms
 Execution Time: 1439.881 ms
(10 rows)

