SET
SET
SET
SET
SET
                                                                      QUERY PLAN                                                                      
------------------------------------------------------------------------------------------------------------------------------------------------------
 Index Scan Backward using idx on public.t (actual rows=2048576.00 loops=1)
   Output: a, b
   Index Cond: ((t.a >= '-531980'::integer) AND (t.a <= '-19837'::integer))
   Index Searches: 1
   Prefetch: distance=250.346 count=1349544 stalls=1 skipped=719396 resets=0 ungets=20552 forwarded=2
             histogram [2,4) => 2, [4,8) => 4, [8,16) => 9, [16,32) => 16, [32,64) => 210, [64,128) => 2361, [128,256) => 621719, [256,512) => 725223
   Buffers: shared hit=1266887 read=65299
 Settings: enable_bitmapscan = 'off', enable_seqscan = 'off', max_parallel_workers_per_gather = '0'
 Planning:
   Buffers: shared hit=82 read=27
 Planning Time: 2.103 ms
 Execution Time: 984.247 ms
(12 rows)

SET
SET
SET
SET
SET
                                             QUERY PLAN                                             
----------------------------------------------------------------------------------------------------
 Index Scan Backward using idx on public.t (actual rows=2048576.00 loops=1)
   Output: a, b
   Index Cond: ((t.a >= '-531980'::integer) AND (t.a <= '-19837'::integer))
   Index Searches: 1
   Buffers: shared hit=1332186
 Settings: enable_bitmapscan = 'off', enable_seqscan = 'off', max_parallel_workers_per_gather = '0'
 Planning:
   Buffers: shared hit=114
 Planning Time: 0.199 ms
 Execution Time: 417.131 ms
(10 rows)

