SET
SET
SET
SET
SET
                                                              QUERY PLAN                                                               
---------------------------------------------------------------------------------------------------------------------------------------
 Index Scan Backward using idx on public.t (actual rows=2048576.00 loops=1)
   Output: a, b
   Index Cond: ((t.a >= '-540198'::integer) AND (t.a <= '-28055'::integer))
   Index Searches: 1
   Buffers: shared hit=1266251 read=65950
 Settings: enable_bitmapscan = 'off', enable_seqscan = 'off', max_parallel_workers_per_gather = '0', enable_indexscan_prefetch = 'off'
 Planning:
   Buffers: shared hit=82 read=27
 Planning Time: 2.102 ms
 Execution Time: 1606.589 ms
(10 rows)

SET
SET
SET
SET
SET
                                                              QUERY PLAN                                                               
---------------------------------------------------------------------------------------------------------------------------------------
 Index Scan Backward using idx on public.t (actual rows=2048576.00 loops=1)
   Output: a, b
   Index Cond: ((t.a >= '-540198'::integer) AND (t.a <= '-28055'::integer))
   Index Searches: 1
   Buffers: shared hit=1332201
 Settings: enable_bitmapscan = 'off', enable_seqscan = 'off', max_parallel_workers_per_gather = '0', enable_indexscan_prefetch = 'off'
 Planning:
   Buffers: shared hit=114
 Planning Time: 0.257 ms
 Execution Time: 422.491 ms
(10 rows)

