SET
SET
SET
SET
SET
                                                              QUERY PLAN                                                               
---------------------------------------------------------------------------------------------------------------------------------------
 Index Scan Backward using idx on public.t (actual rows=262144.00 loops=1)
   Output: a, b
   Index Cond: ((t.a >= '-71249'::integer) AND (t.a <= '-5714'::integer))
   Index Searches: 1
   Buffers: shared hit=151700 read=18810
 Settings: enable_bitmapscan = 'off', enable_seqscan = 'off', max_parallel_workers_per_gather = '0', enable_indexscan_prefetch = 'off'
 Planning:
   Buffers: shared hit=82 read=27
 Planning Time: 2.193 ms
 Execution Time: 543.663 ms
(10 rows)

SET
SET
SET
SET
SET
                                                              QUERY PLAN                                                               
---------------------------------------------------------------------------------------------------------------------------------------
 Index Scan Backward using idx on public.t (actual rows=262144.00 loops=1)
   Output: a, b
   Index Cond: ((t.a >= '-71249'::integer) AND (t.a <= '-5714'::integer))
   Index Searches: 1
   Buffers: shared hit=170510
 Settings: enable_bitmapscan = 'off', enable_seqscan = 'off', max_parallel_workers_per_gather = '0', enable_indexscan_prefetch = 'off'
 Planning:
   Buffers: shared hit=114
 Planning Time: 0.235 ms
 Execution Time: 53.649 ms
(10 rows)

