SET
SET
SET
SET
SET
                                             QUERY PLAN                                             
----------------------------------------------------------------------------------------------------
 Index Scan Backward using idx on public.t (actual rows=64.00 loops=1)
   Output: a, b
   Index Cond: ((t.a >= '-7863'::integer) AND (t.a <= '-7848'::integer))
   Index Searches: 1
   Prefetch: distance=7.333 count=12 stalls=1 skipped=4 resets=0 ungets=0 forwarded=0
             histogram [2,4) => 2, [4,8) => 3, [8,16) => 5, [16,32) => 2
   Buffers: shared hit=5 read=47
 Settings: enable_bitmapscan = 'off', enable_seqscan = 'off', max_parallel_workers_per_gather = '0'
 Planning:
   Buffers: shared hit=86 read=27
 Planning Time: 1.002 ms
 Execution Time: 3.085 ms
(12 rows)

SET
SET
SET
SET
SET
                                             QUERY PLAN                                             
----------------------------------------------------------------------------------------------------
 Index Scan Backward using idx on public.t (actual rows=64.00 loops=1)
   Output: a, b
   Index Cond: ((t.a >= '-7863'::integer) AND (t.a <= '-7848'::integer))
   Index Searches: 1
   Buffers: shared hit=52
 Settings: enable_bitmapscan = 'off', enable_seqscan = 'off', max_parallel_workers_per_gather = '0'
 Planning:
   Buffers: shared hit=118
 Planning Time: 0.187 ms
 Execution Time: 0.084 ms
(10 rows)

