SET
SET
SET
SET
SET
                                                                             QUERY PLAN                                                                             
--------------------------------------------------------------------------------------------------------------------------------------------------------------------
 Index Scan Backward using idx on public.t (actual rows=6048576.00 loops=1)
   Output: a, b
   Index Cond: ((t.a >= '-1527461'::integer) AND (t.a <= '-15318'::integer))
   Index Searches: 1
   Prefetch: distance=247.951 count=3755621 stalls=199883 skipped=2122766 resets=0 ungets=29921 forwarded=3
             histogram [2,4) => 13810, [4,8) => 7369, [8,16) => 1071, [16,32) => 825, [32,64) => 1040, [64,128) => 8214, [128,256) => 1780955, [256,512) => 1942337
   Buffers: shared hit=3768743 read=166054
 Settings: enable_bitmapscan = 'off', enable_seqscan = 'off', max_parallel_workers_per_gather = '0'
 Planning:
   Buffers: shared hit=82 read=27
 Planning Time: 2.096 ms
 Execution Time: 2826.465 ms
(12 rows)

SET
SET
SET
SET
SET
                                             QUERY PLAN                                             
----------------------------------------------------------------------------------------------------
 Index Scan Backward using idx on public.t (actual rows=6048576.00 loops=1)
   Output: a, b
   Index Cond: ((t.a >= '-1527461'::integer) AND (t.a <= '-15318'::integer))
   Index Searches: 1
   Buffers: shared hit=3934798
 Settings: enable_bitmapscan = 'off', enable_seqscan = 'off', max_parallel_workers_per_gather = '0'
 Planning:
   Buffers: shared hit=114
 Planning Time: 0.231 ms
 Execution Time: 1234.877 ms
(10 rows)

