SET
SET
SET
SET
SET
                                                                              QUERY PLAN                                                                               
-----------------------------------------------------------------------------------------------------------------------------------------------------------------------
 Index Scan Backward using idx on public.t (actual rows=8048576.00 loops=1)
   Output: a, b
   Index Cond: ((t.a >= '-2032726'::integer) AND (t.a <= '-20583'::integer))
   Index Searches: 1
   Prefetch: distance=246.605 count=4795752 stalls=462422 skipped=2824456 resets=0 ungets=34597 forwarded=2
             histogram [2,4) => 31772, [4,8) => 17168, [8,16) => 2683, [16,32) => 1847, [32,64) => 1719, [64,128) => 11081, [128,256) => 2271093, [256,512) => 2458389
   Buffers: shared hit=5018777 read=217208
 Settings: enable_bitmapscan = 'off', enable_seqscan = 'off', max_parallel_workers_per_gather = '0'
 Planning:
   Buffers: shared hit=82 read=27
 Planning Time: 2.253 ms
 Execution Time: 3804.081 ms
(12 rows)

SET
SET
SET
SET
SET
                                             QUERY PLAN                                             
----------------------------------------------------------------------------------------------------
 Index Scan Backward using idx on public.t (actual rows=8048576.00 loops=1)
   Output: a, b
   Index Cond: ((t.a >= '-2032726'::integer) AND (t.a <= '-20583'::integer))
   Index Searches: 1
   Buffers: shared hit=5235985
 Settings: enable_bitmapscan = 'off', enable_seqscan = 'off', max_parallel_workers_per_gather = '0'
 Planning:
   Buffers: shared hit=114
 Planning Time: 0.234 ms
 Execution Time: 1630.389 ms
(10 rows)

