SET
SET
SET
SET
SET
                                                                           QUERY PLAN                                                                            
-----------------------------------------------------------------------------------------------------------------------------------------------------------------
 Index Scan Backward using idx on public.t (actual rows=5048576.00 loops=1)
   Output: a, b
   Index Cond: ((t.a >= '-1271804'::integer) AND (t.a <= '-9661'::integer))
   Index Searches: 1
   Prefetch: distance=248.490 count=3181448 stalls=122358 skipped=1771640 resets=0 ungets=27013 forwarded=2
             histogram [2,4) => 8446, [4,8) => 4375, [8,16) => 684, [16,32) => 393, [32,64) => 502, [64,128) => 6631, [128,256) => 1506295, [256,512) => 1654122
   Buffers: shared hit=3144150 read=140296
 Settings: enable_bitmapscan = 'off', enable_seqscan = 'off', max_parallel_workers_per_gather = '0'
 Planning:
   Buffers: shared hit=82 read=27
 Planning Time: 2.090 ms
 Execution Time: 2370.191 ms
(12 rows)

SET
SET
SET
SET
SET
                                             QUERY PLAN                                             
----------------------------------------------------------------------------------------------------
 Index Scan Backward using idx on public.t (actual rows=5048576.00 loops=1)
   Output: a, b
   Index Cond: ((t.a >= '-1271804'::integer) AND (t.a <= '-9661'::integer))
   Index Searches: 1
   Buffers: shared hit=3284446
 Settings: enable_bitmapscan = 'off', enable_seqscan = 'off', max_parallel_workers_per_gather = '0'
 Planning:
   Buffers: shared hit=114
 Planning Time: 0.232 ms
 Execution Time: 1027.590 ms
(10 rows)

