SET
SET
SET
SET
SET
                                                                              QUERY PLAN                                                                              
----------------------------------------------------------------------------------------------------------------------------------------------------------------------
 Index Scan Backward using idx on public.t (actual rows=7048576.00 loops=1)
   Output: a, b
   Index Cond: ((t.a >= '-1783771'::integer) AND (t.a <= '-21628'::integer))
   Index Searches: 1
   Prefetch: distance=246.233 count=4143981 stalls=462422 skipped=2473745 resets=0 ungets=31943 forwarded=2
             histogram [2,4) => 31772, [4,8) => 17172, [8,16) => 2661, [16,32) => 1717, [32,64) => 1498, [64,128) => 9498, [128,256) => 1954504, [256,512) => 2125159
   Buffers: shared hit=4393293 read=191964
 Settings: enable_bitmapscan = 'off', enable_seqscan = 'off', max_parallel_workers_per_gather = '0'
 Planning:
   Buffers: shared hit=82 read=27
 Planning Time: 2.087 ms
 Execution Time: 3341.061 ms
(12 rows)

SET
SET
SET
SET
SET
                                             QUERY PLAN                                             
----------------------------------------------------------------------------------------------------
 Index Scan Backward using idx on public.t (actual rows=7048576.00 loops=1)
   Output: a, b
   Index Cond: ((t.a >= '-1783771'::integer) AND (t.a <= '-21628'::integer))
   Index Searches: 1
   Buffers: shared hit=4585257
 Settings: enable_bitmapscan = 'off', enable_seqscan = 'off', max_parallel_workers_per_gather = '0'
 Planning:
   Buffers: shared hit=114
 Planning Time: 0.230 ms
 Execution Time: 1441.302 ms
(10 rows)

