SET
SET
SET
SET
SET
                                                                              QUERY PLAN                                                                               
-----------------------------------------------------------------------------------------------------------------------------------------------------------------------
 Index Scan Backward using idx on public.t (actual rows=9048576.00 loops=1)
   Output: a, b
   Index Cond: ((t.a >= '-2267423'::integer) AND (t.a <= '-5280'::integer))
   Index Searches: 1
   Prefetch: distance=246.850 count=5445965 stalls=462422 skipped=3175766 resets=0 ungets=35876 forwarded=4
             histogram [2,4) => 31772, [4,8) => 17168, [8,16) => 2677, [16,32) => 1859, [32,64) => 1866, [64,128) => 13211, [128,256) => 2589533, [256,512) => 2787879
   Buffers: shared hit=5645181 read=241068
 Settings: enable_bitmapscan = 'off', enable_seqscan = 'off', max_parallel_workers_per_gather = '0'
 Planning:
   Buffers: shared hit=82 read=27
 Planning Time: 2.106 ms
 Execution Time: 4211.146 ms
(12 rows)

SET
SET
SET
SET
SET
                                             QUERY PLAN                                             
----------------------------------------------------------------------------------------------------
 Index Scan Backward using idx on public.t (actual rows=9048576.00 loops=1)
   Output: a, b
   Index Cond: ((t.a >= '-2267423'::integer) AND (t.a <= '-5280'::integer))
   Index Searches: 1
   Buffers: shared hit=5886249
 Settings: enable_bitmapscan = 'off', enable_seqscan = 'off', max_parallel_workers_per_gather = '0'
 Planning:
   Buffers: shared hit=114
 Planning Time: 0.218 ms
 Execution Time: 1843.734 ms
(10 rows)

