SET
SET
SET
SET
SET
                                                               QUERY PLAN                                                                
-----------------------------------------------------------------------------------------------------------------------------------------
 Index Scan Backward using idx on public.t (actual rows=8192.00 loops=1)
   Output: a, b
   Index Cond: ((t.a >= '-2203'::integer) AND (t.a <= '-156'::integer))
   Index Searches: 1
   Prefetch: distance=270.987 count=9222 stalls=1 skipped=2802 resets=0 ungets=3920 forwarded=0
             histogram [2,4) => 2, [4,8) => 3, [8,16) => 9, [16,32) => 8, [32,64) => 2, [64,128) => 2, [128,256) => 2, [256,512) => 9194
   Buffers: shared hit=1370 read=4005
 Settings: enable_bitmapscan = 'off', enable_seqscan = 'off', max_parallel_workers_per_gather = '0'
 Planning:
   Buffers: shared hit=86 read=27
 Planning Time: 2.096 ms
 Execution Time: 44.358 ms
(12 rows)

SET
SET
SET
SET
SET
                                             QUERY PLAN                                             
----------------------------------------------------------------------------------------------------
 Index Scan Backward using idx on public.t (actual rows=8192.00 loops=1)
   Output: a, b
   Index Cond: ((t.a >= '-2203'::integer) AND (t.a <= '-156'::integer))
   Index Searches: 1
   Buffers: shared hit=5375
 Settings: enable_bitmapscan = 'off', enable_seqscan = 'off', max_parallel_workers_per_gather = '0'
 Planning:
   Buffers: shared hit=118
 Planning Time: 0.177 ms
 Execution Time: 1.973 ms
(10 rows)

