SET
SET
SET
SET
SET
                                                                       QUERY PLAN                                                                       
--------------------------------------------------------------------------------------------------------------------------------------------------------
 Index Scan Backward using idx on public.t (actual rows=4048576.00 loops=1)
   Output: a, b
   Index Cond: ((t.a >= '-1039000'::integer) AND (t.a <= '-26857'::integer))
   Index Searches: 1
   Prefetch: distance=249.689 count=2654324 stalls=1 skipped=1420740 resets=0 ungets=26652 forwarded=2
             histogram [2,4) => 2, [4,8) => 3, [8,16) => 5, [16,32) => 17, [32,64) => 292, [64,128) => 5662, [128,256) => 1254615, [256,512) => 1393728
   Buffers: shared hit=2517320 read=116529
 Settings: enable_bitmapscan = 'off', enable_seqscan = 'off', max_parallel_workers_per_gather = '0'
 Planning:
   Buffers: shared hit=82 read=27
 Planning Time: 2.112 ms
 Execution Time: 1857.628 ms
(12 rows)

SET
SET
SET
SET
SET
                                             QUERY PLAN                                             
----------------------------------------------------------------------------------------------------
 Index Scan Backward using idx on public.t (actual rows=4048576.00 loops=1)
   Output: a, b
   Index Cond: ((t.a >= '-1039000'::integer) AND (t.a <= '-26857'::integer))
   Index Searches: 1
   Buffers: shared hit=2633849
 Settings: enable_bitmapscan = 'off', enable_seqscan = 'off', max_parallel_workers_per_gather = '0'
 Planning:
   Buffers: shared hit=114
 Planning Time: 0.216 ms
 Execution Time: 828.928 ms
(10 rows)

