SET
SET
SET
SET
SET
                                                                           QUERY PLAN                                                                            
-----------------------------------------------------------------------------------------------------------------------------------------------------------------
 Index Scan Backward using idx on public.t (actual rows=5048576.00 loops=1)
   Output: a, b
   Index Cond: ((t.a >= '-1286566'::integer) AND (t.a <= '-24423'::integer))
   Index Searches: 1
   Prefetch: distance=248.498 count=3182418 stalls=122358 skipped=1771481 resets=0 ungets=28228 forwarded=2
             histogram [2,4) => 8446, [4,8) => 4375, [8,16) => 684, [16,32) => 393, [32,64) => 502, [64,128) => 6587, [128,256) => 1506590, [256,512) => 1654841
   Buffers: shared hit=3142958 read=141505
 Settings: enable_bitmapscan = 'off', enable_seqscan = 'off', max_parallel_workers_per_gather = '0'
 Planning:
   Buffers: shared hit=82 read=27
 Planning Time: 2.092 ms
 Execution Time: 2378.403 ms
(12 rows)

SET
SET
SET
SET
SET
                                             QUERY PLAN                                             
----------------------------------------------------------------------------------------------------
 Index Scan Backward using idx on public.t (actual rows=5048576.00 loops=1)
   Output: a, b
   Index Cond: ((t.a >= '-1286566'::integer) AND (t.a <= '-24423'::integer))
   Index Searches: 1
   Buffers: shared hit=3284463
 Settings: enable_bitmapscan = 'off', enable_seqscan = 'off', max_parallel_workers_per_gather = '0'
 Planning:
   Buffers: shared hit=114
 Planning Time: 0.230 ms
 Execution Time: 1026.464 ms
(10 rows)

