SET
SET
SET
SET
SET
                                                                      QUERY PLAN                                                                       
-------------------------------------------------------------------------------------------------------------------------------------------------------
 Index Scan Backward using idx on public.t (actual rows=3048576.00 loops=1)
   Output: a, b
   Index Cond: ((t.a >= '-791079'::integer) AND (t.a <= '-28936'::integer))
   Index Searches: 1
   Prefetch: distance=249.856 count=2001991 stalls=1 skipped=1069858 resets=0 ungets=23805 forwarded=2
             histogram [2,4) => 2, [4,8) => 3, [8,16) => 5, [16,32) => 17, [32,64) => 279, [64,128) => 4217, [128,256) => 938642, [256,512) => 1058826
   Buffers: shared hit=1891792 read=91312
 Settings: enable_bitmapscan = 'off', enable_seqscan = 'off', max_parallel_workers_per_gather = '0'
 Planning:
   Buffers: shared hit=82 read=27
 Planning Time: 2.061 ms
 Execution Time: 1454.829 ms
(12 rows)

SET
SET
SET
SET
SET
                                             QUERY PLAN                                             
----------------------------------------------------------------------------------------------------
 Index Scan Backward using idx on public.t (actual rows=3048576.00 loops=1)
   Output: a, b
   Index Cond: ((t.a >= '-791079'::integer) AND (t.a <= '-28936'::integer))
   Index Searches: 1
   Buffers: shared hit=1983104
 Settings: enable_bitmapscan = 'off', enable_seqscan = 'off', max_parallel_workers_per_gather = '0'
 Planning:
   Buffers: shared hit=114
 Planning Time: 0.211 ms
 Execution Time: 624.019 ms
(10 rows)

