SET
SET
SET
SET
SET
                                                                     QUERY PLAN                                                                      
-----------------------------------------------------------------------------------------------------------------------------------------------------
 Index Scan Backward using idx on public.t (actual rows=1048576.00 loops=1)
   Output: a, b
   Index Cond: ((t.a >= '-266894'::integer) AND (t.a <= '-4751'::integer))
   Index Searches: 1
   Prefetch: distance=251.252 count=695891 stalls=1 skipped=368373 resets=0 ungets=16100 forwarded=0
             histogram [2,4) => 2, [4,8) => 6, [8,16) => 5, [16,32) => 10, [32,64) => 13, [64,128) => 1190, [128,256) => 306927, [256,512) => 387738
   Buffers: shared hit=643060 read=38574
 Settings: enable_bitmapscan = 'off', enable_seqscan = 'off', max_parallel_workers_per_gather = '0'
 Planning:
   Buffers: shared hit=82 read=27
 Planning Time: 2.278 ms
 Execution Time: 544.390 ms
(12 rows)

SET
SET
SET
SET
SET
                                             QUERY PLAN                                             
----------------------------------------------------------------------------------------------------
 Index Scan Backward using idx on public.t (actual rows=1048576.00 loops=1)
   Output: a, b
   Index Cond: ((t.a >= '-266894'::integer) AND (t.a <= '-4751'::integer))
   Index Searches: 1
   Buffers: shared hit=681634
 Settings: enable_bitmapscan = 'off', enable_seqscan = 'off', max_parallel_workers_per_gather = '0'
 Planning:
   Buffers: shared hit=114
 Planning Time: 0.199 ms
 Execution Time: 214.114 ms
(10 rows)

