SET
SET
SET
SET
SET
                                                                             QUERY PLAN                                                                             
--------------------------------------------------------------------------------------------------------------------------------------------------------------------
 Index Scan Backward using idx on public.t (actual rows=6048576.00 loops=1)
   Output: a, b
   Index Cond: ((t.a >= '-1544123'::integer) AND (t.a <= '-31980'::integer))
   Index Searches: 1
   Prefetch: distance=247.667 count=3718084 stalls=238634 skipped=2122660 resets=0 ungets=31181 forwarded=2
             histogram [2,4) => 16530, [4,8) => 8873, [8,16) => 1243, [16,32) => 906, [32,64) => 1062, [64,128) => 8115, [128,256) => 1758699, [256,512) => 1922656
   Buffers: shared hit=3767299 read=167540
 Settings: enable_bitmapscan = 'off', enable_seqscan = 'off', max_parallel_workers_per_gather = '0'
 Planning:
   Buffers: shared hit=82 read=27
 Planning Time: 2.079 ms
 Execution Time: 2836.161 ms
(12 rows)

SET
SET
SET
SET
SET
                                             QUERY PLAN                                             
----------------------------------------------------------------------------------------------------
 Index Scan Backward using idx on public.t (actual rows=6048576.00 loops=1)
   Output: a, b
   Index Cond: ((t.a >= '-1544123'::integer) AND (t.a <= '-31980'::integer))
   Index Searches: 1
   Buffers: shared hit=3934839
 Settings: enable_bitmapscan = 'off', enable_seqscan = 'off', max_parallel_workers_per_gather = '0'
 Planning:
   Buffers: shared hit=114
 Planning Time: 0.235 ms
 Execution Time: 1235.336 ms
(10 rows)

