SET
SET
SET
SET
SET
                                                                              QUERY PLAN                                                                              
----------------------------------------------------------------------------------------------------------------------------------------------------------------------
 Index Scan Backward using idx on public.t (actual rows=7048576.00 loops=1)
   Output: a, b
   Index Cond: ((t.a >= '-1788527'::integer) AND (t.a <= '-26384'::integer))
   Index Searches: 1
   Prefetch: distance=246.253 count=4144893 stalls=462422 skipped=2473873 resets=0 ungets=32663 forwarded=2
             histogram [2,4) => 31772, [4,8) => 17168, [8,16) => 2660, [16,32) => 1718, [32,64) => 1498, [64,128) => 9451, [128,256) => 1953549, [256,512) => 2127077
   Buffers: shared hit=4392846 read=192396
 Settings: enable_bitmapscan = 'off', enable_seqscan = 'off', max_parallel_workers_per_gather = '0'
 Planning:
   Buffers: shared hit=82 read=27
 Planning Time: 2.197 ms
 Execution Time: 3359.250 ms
(12 rows)

SET
SET
SET
SET
SET
                                             QUERY PLAN                                             
----------------------------------------------------------------------------------------------------
 Index Scan Backward using idx on public.t (actual rows=7048576.00 loops=1)
   Output: a, b
   Index Cond: ((t.a >= '-1788527'::integer) AND (t.a <= '-26384'::integer))
   Index Searches: 1
   Buffers: shared hit=4585242
 Settings: enable_bitmapscan = 'off', enable_seqscan = 'off', max_parallel_workers_per_gather = '0'
 Planning:
   Buffers: shared hit=114
 Planning Time: 0.230 ms
 Execution Time: 1427.613 ms
(10 rows)

