SET
SET
SET
SET
                                             QUERY PLAN                                             
----------------------------------------------------------------------------------------------------
 Index Scan Backward using idx on public.t (actual rows=131072.00 loops=1)
   Output: a, b
   Index Cond: ((t.a >= '-37050'::integer) AND (t.a <= '-4283'::integer))
   Index Searches: 1
   Buffers: shared hit=70088 read=15206
 Settings: enable_bitmapscan = 'off', enable_seqscan = 'off', max_parallel_workers_per_gather = '0'
 Planning:
   Buffers: shared hit=86 read=27
 Planning Time: 2.138 ms
 Execution Time: 489.142 ms
(10 rows)

SET
SET
SET
SET
                                             QUERY PLAN                                             
----------------------------------------------------------------------------------------------------
 Index Scan Backward using idx on public.t (actual rows=131072.00 loops=1)
   Output: a, b
   Index Cond: ((t.a >= '-37050'::integer) AND (t.a <= '-4283'::integer))
   Index Searches: 1
   Buffers: shared hit=85294
 Settings: enable_bitmapscan = 'off', enable_seqscan = 'off', max_parallel_workers_per_gather = '0'
 Planning:
   Buffers: shared hit=118
 Planning Time: 0.213 ms
 Execution Time: 30.336 ms
(10 rows)

