SET
SET
SET
SET
SET
                                                                  QUERY PLAN                                                                  
----------------------------------------------------------------------------------------------------------------------------------------------
 Index Scan Backward using idx on public.t (actual rows=131072.00 loops=1)
   Output: a, b
   Index Cond: ((t.a >= '-39469'::integer) AND (t.a <= '-6702'::integer))
   Index Searches: 1
   Prefetch: distance=263.255 count=98228 stalls=1 skipped=45761 resets=0 ungets=13541 forwarded=0
             histogram [2,4) => 6, [4,8) => 6, [8,16) => 7, [16,32) => 6, [32,64) => 2, [64,128) => 2, [128,256) => 18454, [256,512) => 79745
   Buffers: shared hit=69883 read=15417
 Settings: enable_bitmapscan = 'off', enable_seqscan = 'off', max_parallel_workers_per_gather = '0'
 Planning:
   Buffers: shared hit=86 read=27
 Planning Time: 2.139 ms
 Execution Time: 160.631 ms
(12 rows)

SET
SET
SET
SET
SET
                                             QUERY PLAN                                             
----------------------------------------------------------------------------------------------------
 Index Scan Backward using idx on public.t (actual rows=131072.00 loops=1)
   Output: a, b
   Index Cond: ((t.a >= '-39469'::integer) AND (t.a <= '-6702'::integer))
   Index Searches: 1
   Buffers: shared hit=85300
 Settings: enable_bitmapscan = 'off', enable_seqscan = 'off', max_parallel_workers_per_gather = '0'
 Planning:
   Buffers: shared hit=118
 Planning Time: 0.219 ms
 Execution Time: 29.458 ms
(10 rows)

