SET
SET
SET
SET
SET
                                                                      QUERY PLAN                                                                      
------------------------------------------------------------------------------------------------------------------------------------------------------
 Index Scan Backward using idx on public.t (actual rows=2048576.00 loops=1)
   Output: a, b
   Index Cond: ((t.a >= '-527022'::integer) AND (t.a <= '-14879'::integer))
   Index Searches: 1
   Prefetch: distance=250.330 count=1348341 stalls=1 skipped=719347 resets=0 ungets=19760 forwarded=3
             histogram [2,4) => 2, [4,8) => 3, [8,16) => 5, [16,32) => 17, [32,64) => 210, [64,128) => 2385, [128,256) => 621389, [256,512) => 724330
   Buffers: shared hit=1267211 read=64872
 Settings: enable_bitmapscan = 'off', enable_seqscan = 'off', max_parallel_workers_per_gather = '0'
 Planning:
   Buffers: shared hit=82 read=27
 Planning Time: 2.086 ms
 Execution Time: 1005.995 ms
(12 rows)

SET
SET
SET
SET
SET
                                             QUERY PLAN                                             
----------------------------------------------------------------------------------------------------
 Index Scan Backward using idx on public.t (actual rows=2048576.00 loops=1)
   Output: a, b
   Index Cond: ((t.a >= '-527022'::integer) AND (t.a <= '-14879'::integer))
   Index Searches: 1
   Buffers: shared hit=1332083
 Settings: enable_bitmapscan = 'off', enable_seqscan = 'off', max_parallel_workers_per_gather = '0'
 Planning:
   Buffers: shared hit=114
 Planning Time: 0.188 ms
 Execution Time: 413.857 ms
(10 rows)

