SET
SET
SET
SET
SET
                                                                              QUERY PLAN                                                                               
-----------------------------------------------------------------------------------------------------------------------------------------------------------------------
 Index Scan Backward using idx on public.t (actual rows=8048576.00 loops=1)
   Output: a, b
   Index Cond: ((t.a >= '-2024787'::integer) AND (t.a <= '-12644'::integer))
   Index Searches: 1
   Prefetch: distance=246.603 count=4795432 stalls=462422 skipped=2824530 resets=0 ungets=34043 forwarded=2
             histogram [2,4) => 31772, [4,8) => 17168, [8,16) => 2678, [16,32) => 1852, [32,64) => 1719, [64,128) => 11048, [128,256) => 2271174, [256,512) => 2458021
   Buffers: shared hit=5019483 read=216538
 Settings: enable_bitmapscan = 'off', enable_seqscan = 'off', max_parallel_workers_per_gather = '0'
 Planning:
   Buffers: shared hit=82 read=27
 Planning Time: 2.081 ms
 Execution Time: 3796.774 ms
(12 rows)

SET
SET
SET
SET
SET
                                             QUERY PLAN                                             
----------------------------------------------------------------------------------------------------
 Index Scan Backward using idx on public.t (actual rows=8048576.00 loops=1)
   Output: a, b
   Index Cond: ((t.a >= '-2024787'::integer) AND (t.a <= '-12644'::integer))
   Index Searches: 1
   Buffers: shared hit=5236021
 Settings: enable_bitmapscan = 'off', enable_seqscan = 'off', max_parallel_workers_per_gather = '0'
 Planning:
   Buffers: shared hit=114
 Planning Time: 0.266 ms
 Execution Time: 1648.944 ms
(10 rows)

