SET
SET
SET
SET
SET
                                                              QUERY PLAN                                                               
---------------------------------------------------------------------------------------------------------------------------------------
 Index Scan Backward using idx on public.t (actual rows=2048576.00 loops=1)
   Output: a, b
   Index Cond: ((t.a >= '-529202'::integer) AND (t.a <= '-17059'::integer))
   Index Searches: 1
   Buffers: shared hit=1267059 read=65045
 Settings: enable_bitmapscan = 'off', enable_seqscan = 'off', max_parallel_workers_per_gather = '0', enable_indexscan_prefetch = 'off'
 Planning:
   Buffers: shared hit=82 read=27
 Planning Time: 2.093 ms
 Execution Time: 1578.766 ms
(10 rows)

SET
SET
SET
SET
SET
                                                              QUERY PLAN                                                               
---------------------------------------------------------------------------------------------------------------------------------------
 Index Scan Backward using idx on public.t (actual rows=2048576.00 loops=1)
   Output: a, b
   Index Cond: ((t.a >= '-529202'::integer) AND (t.a <= '-17059'::integer))
   Index Searches: 1
   Buffers: shared hit=1332104
 Settings: enable_bitmapscan = 'off', enable_seqscan = 'off', max_parallel_workers_per_gather = '0', enable_indexscan_prefetch = 'off'
 Planning:
   Buffers: shared hit=114
 Planning Time: 0.233 ms
 Execution Time: 423.162 ms
(10 rows)

