SET
SET
SET
SET
SET
                                                                              QUERY PLAN                                                                               
-----------------------------------------------------------------------------------------------------------------------------------------------------------------------
 Index Scan Backward using idx on public.t (actual rows=9048576.00 loops=1)
   Output: a, b
   Index Cond: ((t.a >= '-2265681'::integer) AND (t.a <= '-3538'::integer))
   Index Searches: 1
   Prefetch: distance=246.842 count=5445345 stalls=462422 skipped=3175700 resets=0 ungets=35478 forwarded=4
             histogram [2,4) => 31772, [4,8) => 17168, [8,16) => 2678, [16,32) => 1863, [32,64) => 1866, [64,128) => 13211, [128,256) => 2589630, [256,512) => 2787157
   Buffers: shared hit=5645319 read=240908
 Settings: enable_bitmapscan = 'off', enable_seqscan = 'off', max_parallel_workers_per_gather = '0'
 Planning:
   Buffers: shared hit=82 read=27
 Planning Time: 2.110 ms
 Execution Time: 4199.108 ms
(12 rows)

SET
SET
SET
SET
SET
                                             QUERY PLAN                                             
----------------------------------------------------------------------------------------------------
 Index Scan Backward using idx on public.t (actual rows=9048576.00 loops=1)
   Output: a, b
   Index Cond: ((t.a >= '-2265681'::integer) AND (t.a <= '-3538'::integer))
   Index Searches: 1
   Buffers: shared hit=5886227
 Settings: enable_bitmapscan = 'off', enable_seqscan = 'off', max_parallel_workers_per_gather = '0'
 Planning:
   Buffers: shared hit=114
 Planning Time: 0.264 ms
 Execution Time: 1851.992 ms
(10 rows)

