SET
SET
SET
SET
SET
                                                                              QUERY PLAN                                                                               
-----------------------------------------------------------------------------------------------------------------------------------------------------------------------
 Index Scan Backward using idx on public.t (actual rows=8048576.00 loops=1)
   Output: a, b
   Index Cond: ((t.a >= '-2021342'::integer) AND (t.a <= '-9199'::integer))
   Index Searches: 1
   Prefetch: distance=246.596 count=4794513 stalls=462422 skipped=2824416 resets=0 ungets=33430 forwarded=2
             histogram [2,4) => 31772, [4,8) => 17168, [8,16) => 2682, [16,32) => 1848, [32,64) => 1719, [64,128) => 11057, [128,256) => 2271459, [256,512) => 2456808
   Buffers: shared hit=5019765 read=216229
 Settings: enable_bitmapscan = 'off', enable_seqscan = 'off', max_parallel_workers_per_gather = '0'
 Planning:
   Buffers: shared hit=82 read=27
 Planning Time: 2.091 ms
 Execution Time: 3814.175 ms
(12 rows)

SET
SET
SET
SET
SET
                                             QUERY PLAN                                             
----------------------------------------------------------------------------------------------------
 Index Scan Backward using idx on public.t (actual rows=8048576.00 loops=1)
   Output: a, b
   Index Cond: ((t.a >= '-2021342'::integer) AND (t.a <= '-9199'::integer))
   Index Searches: 1
   Buffers: shared hit=5235994
 Settings: enable_bitmapscan = 'off', enable_seqscan = 'off', max_parallel_workers_per_gather = '0'
 Planning:
   Buffers: shared hit=114
 Planning Time: 0.233 ms
 Execution Time: 1641.613 ms
(10 rows)

