SET
SET
SET
SET
SET
                                                                             QUERY PLAN                                                                             
--------------------------------------------------------------------------------------------------------------------------------------------------------------------
 Index Scan Backward using idx on public.t (actual rows=6048576.00 loops=1)
   Output: a, b
   Index Cond: ((t.a >= '-1537597'::integer) AND (t.a <= '-25454'::integer))
   Index Searches: 1
   Prefetch: distance=247.779 count=3732805 stalls=223430 skipped=2122679 resets=0 ungets=30769 forwarded=2
             histogram [2,4) => 15446, [4,8) => 8299, [8,16) => 1186, [16,32) => 882, [32,64) => 1062, [64,128) => 8169, [128,256) => 1767563, [256,512) => 1930198
   Buffers: shared hit=3767844 read=166962
 Settings: enable_bitmapscan = 'off', enable_seqscan = 'off', max_parallel_workers_per_gather = '0'
 Planning:
   Buffers: shared hit=82 read=27
 Planning Time: 2.103 ms
 Execution Time: 2890.851 ms
(12 rows)

SET
SET
SET
SET
SET
                                             QUERY PLAN                                             
----------------------------------------------------------------------------------------------------
 Index Scan Backward using idx on public.t (actual rows=6048576.00 loops=1)
   Output: a, b
   Index Cond: ((t.a >= '-1537597'::integer) AND (t.a <= '-25454'::integer))
   Index Searches: 1
   Buffers: shared hit=3934806
 Settings: enable_bitmapscan = 'off', enable_seqscan = 'off', max_parallel_workers_per_gather = '0'
 Planning:
   Buffers: shared hit=114
 Planning Time: 0.223 ms
 Execution Time: 1249.453 ms
(10 rows)

