SET
SET
SET
SET
SET
                                                                              QUERY PLAN                                                                              
----------------------------------------------------------------------------------------------------------------------------------------------------------------------
 Index Scan Backward using idx on public.t (actual rows=7048576.00 loops=1)
   Output: a, b
   Index Cond: ((t.a >= '-1767789'::integer) AND (t.a <= '-5646'::integer))
   Index Searches: 1
   Prefetch: distance=246.218 count=4142748 stalls=462422 skipped=2473664 resets=0 ungets=30429 forwarded=2
             histogram [2,4) => 31772, [4,8) => 17168, [8,16) => 2660, [16,32) => 1718, [32,64) => 1498, [64,128) => 9399, [128,256) => 1955809, [256,512) => 2122724
   Buffers: shared hit=4394850 read=190552
 Settings: enable_bitmapscan = 'off', enable_seqscan = 'off', max_parallel_workers_per_gather = '0'
 Planning:
   Buffers: shared hit=82 read=27
 Planning Time: 2.091 ms
 Execution Time: 3280.532 ms
(12 rows)

SET
SET
SET
SET
SET
                                             QUERY PLAN                                             
----------------------------------------------------------------------------------------------------
 Index Scan Backward using idx on public.t (actual rows=7048576.00 loops=1)
   Output: a, b
   Index Cond: ((t.a >= '-1767789'::integer) AND (t.a <= '-5646'::integer))
   Index Searches: 1
   Buffers: shared hit=4585402
 Settings: enable_bitmapscan = 'off', enable_seqscan = 'off', max_parallel_workers_per_gather = '0'
 Planning:
   Buffers: shared hit=114
 Planning Time: 0.232 ms
 Execution Time: 1432.513 ms
(10 rows)

