SET
SET
SET
SET
SET
                                                                QUERY PLAN                                                                 
-------------------------------------------------------------------------------------------------------------------------------------------
 Index Scan using idx on public.t (actual rows=4096.00 loops=1)
   Output: a, b
   Index Cond: ((t.a >= '-4538'::integer) AND (t.a <= '-3515'::integer))
   Index Searches: 1
   Prefetch: distance=268.310 count=3717 stalls=1 skipped=1398 resets=0 ungets=1095 forwarded=66
             histogram [2,4) => 2, [4,8) => 4, [8,16) => 7, [16,32) => 18, [32,64) => 20, [64,128) => 2, [128,256) => 3, [256,512) => 3661
   Buffers: shared hit=431 read=2253
 Settings: enable_bitmapscan = 'off', enable_seqscan = 'off', max_parallel_workers_per_gather = '0'
 Planning:
   Buffers: shared hit=82 read=27
 Planning Time: 2.109 ms
 Execution Time: 13.774 ms
(12 rows)

SET
SET
SET
SET
SET
                                             QUERY PLAN                                             
----------------------------------------------------------------------------------------------------
 Index Scan using idx on public.t (actual rows=4096.00 loops=1)
   Output: a, b
   Index Cond: ((t.a >= '-4538'::integer) AND (t.a <= '-3515'::integer))
   Index Searches: 1
   Buffers: shared hit=2684
 Settings: enable_bitmapscan = 'off', enable_seqscan = 'off', max_parallel_workers_per_gather = '0'
 Planning:
   Buffers: shared hit=114
 Planning Time: 0.164 ms
 Execution Time: 1.429 ms
(10 rows)

