SET
SET
SET
SET
SET
                                                                      QUERY PLAN                                                                      
------------------------------------------------------------------------------------------------------------------------------------------------------
 Index Scan using idx on public.t (actual rows=131072.00 loops=1)
   Output: a, b
   Index Cond: ((t.a >= '-47035'::integer) AND (t.a <= '-14268'::integer))
   Index Searches: 1
   Prefetch: distance=258.966 count=86048 stalls=7655 skipped=45908 resets=0 ungets=8930 forwarded=2560
             histogram [2,4) => 149, [4,8) => 24, [8,16) => 15, [16,32) => 51, [32,64) => 77, [64,128) => 269, [128,256) => 19907, [256,512) => 65556
   Buffers: shared hit=69148 read=16088
 Settings: enable_bitmapscan = 'off', enable_seqscan = 'off', max_parallel_workers_per_gather = '0'
 Planning:
   Buffers: shared hit=82 read=27
 Planning Time: 2.113 ms
 Execution Time: 102.147 ms
(12 rows)

SET
SET
SET
SET
SET
                                             QUERY PLAN                                             
----------------------------------------------------------------------------------------------------
 Index Scan using idx on public.t (actual rows=131072.00 loops=1)
   Output: a, b
   Index Cond: ((t.a >= '-47035'::integer) AND (t.a <= '-14268'::integer))
   Index Searches: 1
   Buffers: shared hit=85236
 Settings: enable_bitmapscan = 'off', enable_seqscan = 'off', max_parallel_workers_per_gather = '0'
 Planning:
   Buffers: shared hit=114
 Planning Time: 0.216 ms
 Execution Time: 29.930 ms
(10 rows)

