SET
SET
SET
SET
SET
                                                                       QUERY PLAN                                                                        
---------------------------------------------------------------------------------------------------------------------------------------------------------
 Index Scan using idx on public.t (actual rows=524288.00 loops=1)
   Output: a, b
   Index Cond: ((t.a >= '-156478'::integer) AND (t.a <= '-25407'::integer))
   Index Searches: 1
   Prefetch: distance=249.026 count=131390 stalls=221826 skipped=184036 resets=0 ungets=13587 forwarded=3916
             histogram [2,4) => 3609, [4,8) => 1814, [8,16) => 37, [16,32) => 42, [32,64) => 54, [64,128) => 402, [128,256) => 28398, [256,512) => 97034
   Buffers: shared hit=313687 read=27130
 Settings: enable_bitmapscan = 'off', enable_seqscan = 'off', max_parallel_workers_per_gather = '0'
 Planning:
   Buffers: shared hit=78 read=27
 Planning Time: 2.103 ms
 Execution Time: 276.051 ms
(12 rows)

SET
SET
SET
SET
SET
                                             QUERY PLAN                                             
----------------------------------------------------------------------------------------------------
 Index Scan using idx on public.t (actual rows=524288.00 loops=1)
   Output: a, b
   Index Cond: ((t.a >= '-156478'::integer) AND (t.a <= '-25407'::integer))
   Index Searches: 1
   Buffers: shared hit=340819
 Settings: enable_bitmapscan = 'off', enable_seqscan = 'off', max_parallel_workers_per_gather = '0'
 Planning:
   Buffers: shared hit=110
 Planning Time: 0.227 ms
 Execution Time: 110.017 ms
(10 rows)

