SET
SET
SET
SET
SET
                                                                           QUERY PLAN                                                                           
----------------------------------------------------------------------------------------------------------------------------------------------------------------
 Index Scan using idx on public.t (actual rows=3048576.00 loops=1)
   Output: a, b
   Index Cond: ((t.a >= '-780301'::integer) AND (t.a <= '-18158'::integer))
   Index Searches: 1
   Prefetch: distance=231.246 count=1007698 stalls=986439 skipped=1069837 resets=0 ungets=15665 forwarded=10447
             histogram [2,4) => 40232, [4,8) => 23475, [8,16) => 921, [16,32) => 77, [32,64) => 182, [64,128) => 2568, [128,256) => 498350, [256,512) => 441893
   Buffers: shared hit=1892764 read=90440
 Settings: enable_bitmapscan = 'off', enable_seqscan = 'off', max_parallel_workers_per_gather = '0'
 Planning:
   Buffers: shared hit=78 read=27
 Planning Time: 2.101 ms
 Execution Time: 1478.471 ms
(12 rows)

SET
SET
SET
SET
SET
                                             QUERY PLAN                                             
----------------------------------------------------------------------------------------------------
 Index Scan using idx on public.t (actual rows=3048576.00 loops=1)
   Output: a, b
   Index Cond: ((t.a >= '-780301'::integer) AND (t.a <= '-18158'::integer))
   Index Searches: 1
   Buffers: shared hit=1983205
 Settings: enable_bitmapscan = 'off', enable_seqscan = 'off', max_parallel_workers_per_gather = '0'
 Planning:
   Buffers: shared hit=110
 Planning Time: 0.220 ms
 Execution Time: 636.139 ms
(10 rows)

