SET
SET
SET
SET
SET
                                                                             QUERY PLAN                                                                             
--------------------------------------------------------------------------------------------------------------------------------------------------------------------
 Index Scan using idx on public.t (actual rows=9048576.00 loops=1)
   Output: a, b
   Index Cond: ((t.a >= '-2276362'::integer) AND (t.a <= '-14219'::integer))
   Index Searches: 1
   Prefetch: distance=123.865 count=843069 stalls=5044977 skipped=3175596 resets=0 ungets=15633 forwarded=12703
             histogram [2,4) => 266319, [4,8) => 157054, [8,16) => 7000, [16,32) => 439, [32,64) => 539, [64,128) => 1968, [128,256) => 181973, [256,512) => 227777
   Buffers: shared hit=5644470 read=241854
 Settings: enable_bitmapscan = 'off', enable_seqscan = 'off', max_parallel_workers_per_gather = '0'
 Planning:
   Buffers: shared hit=78 read=27
 Planning Time: 2.082 ms
 Execution Time: 5459.613 ms
(12 rows)

SET
SET
SET
SET
SET
                                             QUERY PLAN                                             
----------------------------------------------------------------------------------------------------
 Index Scan using idx on public.t (actual rows=9048576.00 loops=1)
   Output: a, b
   Index Cond: ((t.a >= '-2276362'::integer) AND (t.a <= '-14219'::integer))
   Index Searches: 1
   Buffers: shared hit=5886326
 Settings: enable_bitmapscan = 'off', enable_seqscan = 'off', max_parallel_workers_per_gather = '0'
 Planning:
   Buffers: shared hit=110
 Planning Time: 0.205 ms
 Execution Time: 1860.909 ms
(10 rows)

