SET
SET
SET
SET
SET
                                                                            QUERY PLAN                                                                             
-------------------------------------------------------------------------------------------------------------------------------------------------------------------
 Index Scan using idx on public.t (actual rows=6048576.00 loops=1)
   Output: a, b
   Index Cond: ((t.a >= '-1526495'::integer) AND (t.a <= '-14352'::integer))
   Index Searches: 1
   Prefetch: distance=197.137 count=1124054 stalls=2817187 skipped=2122641 resets=0 ungets=15725 forwarded=12702
             histogram [2,4) => 141743, [4,8) => 83862, [8,16) => 3638, [16,32) => 155, [32,64) => 231, [64,128) => 2908, [128,256) => 467949, [256,512) => 423568
   Buffers: shared hit=3768857 read=165983
 Settings: enable_bitmapscan = 'off', enable_seqscan = 'off', max_parallel_workers_per_gather = '0'
 Planning:
   Buffers: shared hit=78 read=27
 Planning Time: 2.119 ms
 Execution Time: 3370.642 ms
(12 rows)

SET
SET
SET
SET
SET
                                             QUERY PLAN                                             
----------------------------------------------------------------------------------------------------
 Index Scan using idx on public.t (actual rows=6048576.00 loops=1)
   Output: a, b
   Index Cond: ((t.a >= '-1526495'::integer) AND (t.a <= '-14352'::integer))
   Index Searches: 1
   Buffers: shared hit=3934843
 Settings: enable_bitmapscan = 'off', enable_seqscan = 'off', max_parallel_workers_per_gather = '0'
 Planning:
   Buffers: shared hit=110
 Planning Time: 0.229 ms
 Execution Time: 1247.046 ms
(10 rows)

