SET
SET
SET
SET
SET
                                                                             QUERY PLAN                                                                             
--------------------------------------------------------------------------------------------------------------------------------------------------------------------
 Index Scan using idx on public.t (actual rows=7048576.00 loops=1)
   Output: a, b
   Index Cond: ((t.a >= '-1767279'::integer) AND (t.a <= '-5136'::integer))
   Index Searches: 1
   Prefetch: distance=143.704 count=742415 stalls=3847946 skipped=2473646 resets=0 ungets=15730 forwarded=11142
             histogram [2,4) => 198069, [4,8) => 117043, [8,16) => 5110, [16,32) => 187, [32,64) => 166, [64,128) => 1517, [128,256) => 188727, [256,512) => 231596
   Buffers: shared hit=4394875 read=190501
 Settings: enable_bitmapscan = 'off', enable_seqscan = 'off', max_parallel_workers_per_gather = '0'
 Planning:
   Buffers: shared hit=78 read=27
 Planning Time: 2.137 ms
 Execution Time: 4161.998 ms
(12 rows)

SET
SET
SET
SET
SET
                                             QUERY PLAN                                             
----------------------------------------------------------------------------------------------------
 Index Scan using idx on public.t (actual rows=7048576.00 loops=1)
   Output: a, b
   Index Cond: ((t.a >= '-1767279'::integer) AND (t.a <= '-5136'::integer))
   Index Searches: 1
   Buffers: shared hit=4585388
 Settings: enable_bitmapscan = 'off', enable_seqscan = 'off', max_parallel_workers_per_gather = '0'
 Planning:
   Buffers: shared hit=110
 Planning Time: 0.231 ms
 Execution Time: 1441.350 ms
(10 rows)

