SET
SET
SET
SET
SET
                                                                             QUERY PLAN                                                                             
--------------------------------------------------------------------------------------------------------------------------------------------------------------------
 Index Scan using idx on public.t (actual rows=8048576.00 loops=1)
   Output: a, b
   Index Cond: ((t.a >= '-2014552'::integer) AND (t.a <= '-2409'::integer))
   Index Searches: 1
   Prefetch: distance=153.302 count=930109 stalls=4309616 skipped=2824566 resets=0 ungets=15798 forwarded=12730
             histogram [2,4) => 223481, [4,8) => 131964, [8,16) => 5847, [16,32) => 323, [32,64) => 362, [64,128) => 1653, [128,256) => 276125, [256,512) => 290354
   Buffers: shared hit=5020460 read=215574
 Settings: enable_bitmapscan = 'off', enable_seqscan = 'off', max_parallel_workers_per_gather = '0'
 Planning:
   Buffers: shared hit=78 read=27
 Planning Time: 2.097 ms
 Execution Time: 4767.257 ms
(12 rows)

SET
SET
SET
SET
SET
                                             QUERY PLAN                                             
----------------------------------------------------------------------------------------------------
 Index Scan using idx on public.t (actual rows=8048576.00 loops=1)
   Output: a, b
   Index Cond: ((t.a >= '-2014552'::integer) AND (t.a <= '-2409'::integer))
   Index Searches: 1
   Buffers: shared hit=5236034
 Settings: enable_bitmapscan = 'off', enable_seqscan = 'off', max_parallel_workers_per_gather = '0'
 Planning:
   Buffers: shared hit=110
 Planning Time: 0.233 ms
 Execution Time: 1656.059 ms
(10 rows)

