SET
SET
SET
SET
SET
                                                                QUERY PLAN                                                                 
-------------------------------------------------------------------------------------------------------------------------------------------
 Index Scan using idx on public.t (actual rows=2048.00 loops=1)
   Output: a, b
   Index Cond: ((t.a >= '-31810'::integer) AND (t.a <= '-31299'::integer))
   Index Searches: 1
   Prefetch: distance=264.830 count=1655 stalls=1 skipped=628 resets=0 ungets=515 forwarded=27
             histogram [2,4) => 2, [4,8) => 7, [8,16) => 8, [16,32) => 13, [32,64) => 14, [64,128) => 3, [128,256) => 4, [256,512) => 1604
   Buffers: shared hit=81 read=1233
 Settings: enable_bitmapscan = 'off', enable_seqscan = 'off', max_parallel_workers_per_gather = '0'
 Planning:
   Buffers: shared hit=82 read=27
 Planning Time: 2.183 ms
 Execution Time: 16.576 ms
(12 rows)

SET
SET
SET
SET
SET
                                             QUERY PLAN                                             
----------------------------------------------------------------------------------------------------
 Index Scan using idx on public.t (actual rows=2048.00 loops=1)
   Output: a, b
   Index Cond: ((t.a >= '-31810'::integer) AND (t.a <= '-31299'::integer))
   Index Searches: 1
   Buffers: shared hit=1314
 Settings: enable_bitmapscan = 'off', enable_seqscan = 'off', max_parallel_workers_per_gather = '0'
 Planning:
   Buffers: shared hit=114
 Planning Time: 0.171 ms
 Execution Time: 0.979 ms
(10 rows)

