SET
SET
SET
SET
SET
                                                                QUERY PLAN                                                                
------------------------------------------------------------------------------------------------------------------------------------------
 Index Scan using idx on public.t (actual rows=512.00 loops=1)
   Output: a, b
   Index Cond: ((t.a >= '-14307'::integer) AND (t.a <= '-14180'::integer))
   Index Searches: 1
   Prefetch: distance=117.024 count=82 stalls=1 skipped=33 resets=0 ungets=11 forwarded=2
             histogram [2,4) => 2, [4,8) => 3, [8,16) => 13, [16,32) => 15, [32,64) => 15, [64,128) => 4, [128,256) => 2, [256,512) => 28
   Buffers: shared hit=11 read=344
 Settings: enable_bitmapscan = 'off', enable_seqscan = 'off', max_parallel_workers_per_gather = '0'
 Planning:
   Buffers: shared hit=82 read=27
 Planning Time: 2.086 ms
 Execution Time: 17.561 ms
(12 rows)

SET
SET
SET
SET
SET
                                             QUERY PLAN                                             
----------------------------------------------------------------------------------------------------
 Index Scan using idx on public.t (actual rows=512.00 loops=1)
   Output: a, b
   Index Cond: ((t.a >= '-14307'::integer) AND (t.a <= '-14180'::integer))
   Index Searches: 1
   Buffers: shared hit=355
 Settings: enable_bitmapscan = 'off', enable_seqscan = 'off', max_parallel_workers_per_gather = '0'
 Planning:
   Buffers: shared hit=114
 Planning Time: 0.201 ms
 Execution Time: 0.408 ms
(10 rows)

