SET
SET
SET
SET
SET
                                                                           QUERY PLAN                                                                           
----------------------------------------------------------------------------------------------------------------------------------------------------------------
 Index Scan using idx on public.t (actual rows=3048576.00 loops=1)
   Output: a, b
   Index Cond: ((t.a >= '-774385'::integer) AND (t.a <= '-12242'::integer))
   Index Searches: 1
   Prefetch: distance=231.039 count=992012 stalls=1001789 skipped=1069688 resets=0 ungets=15564 forwarded=10399
             histogram [2,4) => 40276, [4,8) => 23496, [8,16) => 919, [16,32) => 76, [32,64) => 185, [64,128) => 2511, [128,256) => 488536, [256,512) => 436013
   Buffers: shared hit=1893313 read=89928
 Settings: enable_bitmapscan = 'off', enable_seqscan = 'off', max_parallel_workers_per_gather = '0'
 Planning:
   Buffers: shared hit=78 read=27
 Planning Time: 2.100 ms
 Execution Time: 1481.154 ms
(12 rows)

SET
SET
SET
SET
SET
                                             QUERY PLAN                                             
----------------------------------------------------------------------------------------------------
 Index Scan using idx on public.t (actual rows=3048576.00 loops=1)
   Output: a, b
   Index Cond: ((t.a >= '-774385'::integer) AND (t.a <= '-12242'::integer))
   Index Searches: 1
   Buffers: shared hit=1983242
 Settings: enable_bitmapscan = 'off', enable_seqscan = 'off', max_parallel_workers_per_gather = '0'
 Planning:
   Buffers: shared hit=110
 Planning Time: 0.228 ms
 Execution Time: 636.606 ms
(10 rows)

