SET
SET
SET
SET
SET
                                                                  QUERY PLAN                                                                  
----------------------------------------------------------------------------------------------------------------------------------------------
 Index Scan using idx on public.t (actual rows=32768.00 loops=1)
   Output: a, b
   Index Cond: ((t.a >= '-9248'::integer) AND (t.a <= '-1057'::integer))
   Index Searches: 1
   Prefetch: distance=269.494 count=26766 stalls=1 skipped=11341 resets=0 ungets=5551 forwarded=1124
             histogram [2,4) => 2, [4,8) => 4, [8,16) => 6, [16,32) => 10, [32,64) => 19, [64,128) => 3, [128,256) => 391, [256,512) => 26331
   Buffers: shared hit=11705 read=9712
 Settings: enable_bitmapscan = 'off', enable_seqscan = 'off', max_parallel_workers_per_gather = '0'
 Planning:
   Buffers: shared hit=82 read=27
 Planning Time: 2.119 ms
 Execution Time: 54.612 ms
(12 rows)

SET
SET
SET
SET
SET
                                             QUERY PLAN                                             
----------------------------------------------------------------------------------------------------
 Index Scan using idx on public.t (actual rows=32768.00 loops=1)
   Output: a, b
   Index Cond: ((t.a >= '-9248'::integer) AND (t.a <= '-1057'::integer))
   Index Searches: 1
   Buffers: shared hit=21417
 Settings: enable_bitmapscan = 'off', enable_seqscan = 'off', max_parallel_workers_per_gather = '0'
 Planning:
   Buffers: shared hit=114
 Planning Time: 0.185 ms
 Execution Time: 6.824 ms
(10 rows)

