SET
SET
SET
SET
SET
                                                                         QUERY PLAN                                                                          
-------------------------------------------------------------------------------------------------------------------------------------------------------------
 Index Scan using idx on public.t (actual rows=1048576.00 loops=1)
   Output: a, b
   Index Cond: ((t.a >= '-288892'::integer) AND (t.a <= '-26749'::integer))
   Index Searches: 1
   Prefetch: distance=238.463 count=281160 stalls=414085 skipped=368438 resets=0 ungets=15662 forwarded=5467
             histogram [2,4) => 10216, [4,8) => 5517, [8,16) => 135, [16,32) => 51, [32,64) => 72, [64,128) => 997, [128,256) => 102384, [256,512) => 161788
   Buffers: shared hit=640962 read=40555
 Settings: enable_bitmapscan = 'off', enable_seqscan = 'off', max_parallel_workers_per_gather = '0'
 Planning:
   Buffers: shared hit=78 read=27
 Planning Time: 2.120 ms
 Execution Time: 521.244 ms
(12 rows)

SET
SET
SET
SET
SET
                                             QUERY PLAN                                             
----------------------------------------------------------------------------------------------------
 Index Scan using idx on public.t (actual rows=1048576.00 loops=1)
   Output: a, b
   Index Cond: ((t.a >= '-288892'::integer) AND (t.a <= '-26749'::integer))
   Index Searches: 1
   Buffers: shared hit=681522
 Settings: enable_bitmapscan = 'off', enable_seqscan = 'off', max_parallel_workers_per_gather = '0'
 Planning:
   Buffers: shared hit=110
 Planning Time: 0.202 ms
 Execution Time: 222.170 ms
(10 rows)

