SET
SET
SET
SET
SET
                                                                QUERY PLAN                                                                
------------------------------------------------------------------------------------------------------------------------------------------
 Index Scan using idx on public.t (actual rows=8192.00 loops=1)
   Output: a, b
   Index Cond: ((t.a >= '-27642'::integer) AND (t.a <= '-25595'::integer))
   Index Searches: 1
   Prefetch: distance=270.157 count=7209 stalls=1 skipped=2765 resets=0 ungets=2090 forwarded=187
             histogram [2,4) => 2, [4,8) => 3, [8,16) => 6, [16,32) => 23, [32,64) => 8, [64,128) => 3, [128,256) => 4, [256,512) => 7160
   Buffers: shared hit=1053 read=4287
 Settings: enable_bitmapscan = 'off', enable_seqscan = 'off', max_parallel_workers_per_gather = '0'
 Planning:
   Buffers: shared hit=82 read=27
 Planning Time: 2.113 ms
 Execution Time: 31.947 ms
(12 rows)

SET
SET
SET
SET
SET
                                             QUERY PLAN                                             
----------------------------------------------------------------------------------------------------
 Index Scan using idx on public.t (actual rows=8192.00 loops=1)
   Output: a, b
   Index Cond: ((t.a >= '-27642'::integer) AND (t.a <= '-25595'::integer))
   Index Searches: 1
   Buffers: shared hit=5341
 Settings: enable_bitmapscan = 'off', enable_seqscan = 'off', max_parallel_workers_per_gather = '0'
 Planning:
   Buffers: shared hit=114
 Planning Time: 0.166 ms
 Execution Time: 2.171 ms
(10 rows)

