SET
SET
SET
SET
SET
                                                                      QUERY PLAN                                                                      
------------------------------------------------------------------------------------------------------------------------------------------------------
 Index Scan using idx on public.t (actual rows=131072.00 loops=1)
   Output: a, b
   Index Cond: ((t.a >= '-32995'::integer) AND (t.a <= '-228'::integer))
   Index Searches: 1
   Prefetch: distance=257.300 count=78007 stalls=15141 skipped=45760 resets=0 ungets=8179 forwarded=2313
             histogram [2,4) => 289, [4,8) => 26, [8,16) => 18, [16,32) => 70, [32,64) => 73, [64,128) => 479, [128,256) => 17534, [256,512) => 59518
   Buffers: shared hit=70561 read=14827
 Settings: enable_bitmapscan = 'off', enable_seqscan = 'off', max_parallel_workers_per_gather = '0'
 Planning:
   Buffers: shared hit=82 read=27
 Planning Time: 2.104 ms
 Execution Time: 94.478 ms
(12 rows)

SET
SET
SET
SET
SET
                                             QUERY PLAN                                             
----------------------------------------------------------------------------------------------------
 Index Scan using idx on public.t (actual rows=131072.00 loops=1)
   Output: a, b
   Index Cond: ((t.a >= '-32995'::integer) AND (t.a <= '-228'::integer))
   Index Searches: 1
   Buffers: shared hit=85389
 Settings: enable_bitmapscan = 'off', enable_seqscan = 'off', max_parallel_workers_per_gather = '0'
 Planning:
   Buffers: shared hit=114
 Planning Time: 0.206 ms
 Execution Time: 27.182 ms
(10 rows)

