SET
SET
SET
SET
SET
                                                                 QUERY PLAN                                                                 
--------------------------------------------------------------------------------------------------------------------------------------------
 Index Scan using idx on public.t (actual rows=16384.00 loops=1)
   Output: a, b
   Index Cond: ((t.a >= '-36146'::integer) AND (t.a <= '-32051'::integer))
   Index Searches: 1
   Prefetch: distance=270.549 count=14337 stalls=1 skipped=5709 resets=0 ungets=3918 forwarded=481
             histogram [2,4) => 2, [4,8) => 3, [8,16) => 6, [16,32) => 15, [32,64) => 24, [64,128) => 4, [128,256) => 4, [256,512) => 14279
   Buffers: shared hit=3327 read=7286
 Settings: enable_bitmapscan = 'off', enable_seqscan = 'off', max_parallel_workers_per_gather = '0'
 Planning:
   Buffers: shared hit=82 read=27
 Planning Time: 2.195 ms
 Execution Time: 44.192 ms
(12 rows)

SET
SET
SET
SET
SET
                                             QUERY PLAN                                             
----------------------------------------------------------------------------------------------------
 Index Scan using idx on public.t (actual rows=16384.00 loops=1)
   Output: a, b
   Index Cond: ((t.a >= '-36146'::integer) AND (t.a <= '-32051'::integer))
   Index Searches: 1
   Buffers: shared hit=10614
 Settings: enable_bitmapscan = 'off', enable_seqscan = 'off', max_parallel_workers_per_gather = '0'
 Planning:
   Buffers: shared hit=114
 Planning Time: 0.179 ms
 Execution Time: 4.427 ms
(10 rows)

