SET
SET
SET
SET
SET
                                                                            QUERY PLAN                                                                             
-------------------------------------------------------------------------------------------------------------------------------------------------------------------
 Index Scan using idx on public.t (actual rows=6048576.00 loops=1)
   Output: a, b
   Index Cond: ((t.a >= '-1542842'::integer) AND (t.a <= '-30699'::integer))
   Index Searches: 1
   Prefetch: distance=198.974 count=1166137 stalls=2775062 skipped=2122698 resets=0 ungets=15664 forwarded=12992
             histogram [2,4) => 141519, [4,8) => 83768, [8,16) => 3639, [16,32) => 154, [32,64) => 228, [64,128) => 2947, [128,256) => 492421, [256,512) => 441461
   Buffers: shared hit=3767411 read=167414
 Settings: enable_bitmapscan = 'off', enable_seqscan = 'off', max_parallel_workers_per_gather = '0'
 Planning:
   Buffers: shared hit=78 read=27
 Planning Time: 2.104 ms
 Execution Time: 3371.456 ms
(12 rows)

SET
SET
SET
SET
SET
                                             QUERY PLAN                                             
----------------------------------------------------------------------------------------------------
 Index Scan using idx on public.t (actual rows=6048576.00 loops=1)
   Output: a, b
   Index Cond: ((t.a >= '-1542842'::integer) AND (t.a <= '-30699'::integer))
   Index Searches: 1
   Buffers: shared hit=3934827
 Settings: enable_bitmapscan = 'off', enable_seqscan = 'off', max_parallel_workers_per_gather = '0'
 Planning:
   Buffers: shared hit=110
 Planning Time: 0.248 ms
 Execution Time: 1251.616 ms
(10 rows)

