SET
SET
SET
SET
SET
                                                                           QUERY PLAN                                                                            
-----------------------------------------------------------------------------------------------------------------------------------------------------------------
 Index Scan using idx on public.t (actual rows=5048576.00 loops=1)
   Output: a, b
   Index Cond: ((t.a >= '-1268963'::integer) AND (t.a <= '-6820'::integer))
   Index Searches: 1
   Prefetch: distance=128.692 count=455583 stalls=2836752 skipped=1771420 resets=0 ungets=15526 forwarded=8540
             histogram [2,4) => 141802, [4,8) => 83885, [8,16) => 3638, [16,32) => 153, [32,64) => 210, [64,128) => 263, [128,256) => 74287, [256,512) => 151345
   Buffers: shared hit=3144585 read=140023
 Settings: enable_bitmapscan = 'off', enable_seqscan = 'off', max_parallel_workers_per_gather = '0'
 Planning:
   Buffers: shared hit=78 read=27
 Planning Time: 2.118 ms
 Execution Time: 3015.847 ms
(12 rows)

SET
SET
SET
SET
SET
                                             QUERY PLAN                                             
----------------------------------------------------------------------------------------------------
 Index Scan using idx on public.t (actual rows=5048576.00 loops=1)
   Output: a, b
   Index Cond: ((t.a >= '-1268963'::integer) AND (t.a <= '-6820'::integer))
   Index Searches: 1
   Buffers: shared hit=3284610
 Settings: enable_bitmapscan = 'off', enable_seqscan = 'off', max_parallel_workers_per_gather = '0'
 Planning:
   Buffers: shared hit=110
 Planning Time: 0.238 ms
 Execution Time: 1050.312 ms
(10 rows)

