SET
SET
SET
SET
SET
                                                                             QUERY PLAN                                                                             
--------------------------------------------------------------------------------------------------------------------------------------------------------------------
 Index Scan using idx on public.t (actual rows=8048576.00 loops=1)
   Output: a, b
   Index Cond: ((t.a >= '-2043168'::integer) AND (t.a <= '-31025'::integer))
   Index Searches: 1
   Prefetch: distance=160.062 count=1003884 stalls=4235648 skipped=2824472 resets=0 ungets=15747 forwarded=13229
             histogram [2,4) => 223183, [4,8) => 131844, [8,16) => 5854, [16,32) => 331, [32,64) => 351, [64,128) => 2030, [128,256) => 319390, [256,512) => 320901
   Buffers: shared hit=5017986 read=218052
 Settings: enable_bitmapscan = 'off', enable_seqscan = 'off', max_parallel_workers_per_gather = '0'
 Planning:
   Buffers: shared hit=78 read=27
 Planning Time: 2.145 ms
 Execution Time: 4777.920 ms
(12 rows)

SET
SET
SET
SET
SET
                                             QUERY PLAN                                             
----------------------------------------------------------------------------------------------------
 Index Scan using idx on public.t (actual rows=8048576.00 loops=1)
   Output: a, b
   Index Cond: ((t.a >= '-2043168'::integer) AND (t.a <= '-31025'::integer))
   Index Searches: 1
   Buffers: shared hit=5236043
 Settings: enable_bitmapscan = 'off', enable_seqscan = 'off', max_parallel_workers_per_gather = '0'
 Planning:
   Buffers: shared hit=110
 Planning Time: 0.227 ms
 Execution Time: 1681.883 ms
(10 rows)

