SET
SET
SET
SET
                                             QUERY PLAN                                             
----------------------------------------------------------------------------------------------------
 Index Scan using idx on public.t (actual rows=2048576.00 loops=1)
   Output: a, b
   Index Cond: ((t.a >= '-535760'::integer) AND (t.a <= '-23617'::integer))
   Index Searches: 1
   Buffers: shared hit=1266625 read=65599
 Settings: enable_bitmapscan = 'off', enable_seqscan = 'off', max_parallel_workers_per_gather = '0'
 Planning:
   Buffers: shared hit=78 read=27
 Planning Time: 2.125 ms
 Execution Time: 1307.370 ms
(10 rows)

SET
SET
SET
SET
                                             QUERY PLAN                                             
----------------------------------------------------------------------------------------------------
 Index Scan using idx on public.t (actual rows=2048576.00 loops=1)
   Output: a, b
   Index Cond: ((t.a >= '-535760'::integer) AND (t.a <= '-23617'::integer))
   Index Searches: 1
   Buffers: shared hit=1332224
 Settings: enable_bitmapscan = 'off', enable_seqscan = 'off', max_parallel_workers_per_gather = '0'
 Planning:
   Buffers: shared hit=110
 Planning Time: 0.209 ms
 Execution Time: 423.862 ms
(10 rows)

