SET
SET
SET
SET
SET
                                                                QUERY PLAN                                                                
------------------------------------------------------------------------------------------------------------------------------------------
 Index Scan using idx on public.t (actual rows=1024.00 loops=1)
   Output: a, b
   Index Cond: ((t.a >= '-22036'::integer) AND (t.a <= '-21781'::integer))
   Index Searches: 1
   Prefetch: distance=237.744 count=367 stalls=1 skipped=156 resets=0 ungets=95 forwarded=2
             histogram [2,4) => 2, [4,8) => 3, [8,16) => 7, [16,32) => 15, [32,64) => 21, [64,128) => 4, [128,256) => 4, [256,512) => 311
   Buffers: shared hit=23 read=642
 Settings: enable_bitmapscan = 'off', enable_seqscan = 'off', max_parallel_workers_per_gather = '0'
 Planning:
   Buffers: shared hit=82 read=27
 Planning Time: 2.122 ms
 Execution Time: 26.273 ms
(12 rows)

SET
SET
SET
SET
SET
                                             QUERY PLAN                                             
----------------------------------------------------------------------------------------------------
 Index Scan using idx on public.t (actual rows=1024.00 loops=1)
   Output: a, b
   Index Cond: ((t.a >= '-22036'::integer) AND (t.a <= '-21781'::integer))
   Index Searches: 1
   Buffers: shared hit=665
 Settings: enable_bitmapscan = 'off', enable_seqscan = 'off', max_parallel_workers_per_gather = '0'
 Planning:
   Buffers: shared hit=114
 Planning Time: 0.154 ms
 Execution Time: 0.344 ms
(10 rows)

