SET
SET
SET
SET
SET
                                                                QUERY PLAN                                                                
------------------------------------------------------------------------------------------------------------------------------------------
 Index Scan using idx on public.t (actual rows=2048.00 loops=1)
   Output: a, b
   Index Cond: ((t.a >= '-19124'::integer) AND (t.a <= '-18613'::integer))
   Index Searches: 1
   Prefetch: distance=265.521 count=1652 stalls=1 skipped=603 resets=0 ungets=511 forwarded=29
             histogram [2,4) => 2, [4,8) => 9, [8,16) => 9, [16,32) => 16, [32,64) => 4, [64,128) => 2, [128,256) => 4, [256,512) => 1606
   Buffers: shared hit=104 read=1244
 Settings: enable_bitmapscan = 'off', enable_seqscan = 'off', max_parallel_workers_per_gather = '0'
 Planning:
   Buffers: shared hit=82 read=27
 Planning Time: 2.118 ms
 Execution Time: 18.147 ms
(12 rows)

SET
SET
SET
SET
SET
                                             QUERY PLAN                                             
----------------------------------------------------------------------------------------------------
 Index Scan using idx on public.t (actual rows=2048.00 loops=1)
   Output: a, b
   Index Cond: ((t.a >= '-19124'::integer) AND (t.a <= '-18613'::integer))
   Index Searches: 1
   Buffers: shared hit=1348
 Settings: enable_bitmapscan = 'off', enable_seqscan = 'off', max_parallel_workers_per_gather = '0'
 Planning:
   Buffers: shared hit=114
 Planning Time: 0.196 ms
 Execution Time: 1.061 ms
(10 rows)

