SET
SET
SET
SET
SET
                                                                         QUERY PLAN                                                                         
------------------------------------------------------------------------------------------------------------------------------------------------------------
 Index Scan using idx on public.t (actual rows=1048576.00 loops=1)
   Output: a, b
   Index Cond: ((t.a >= '-272676'::integer) AND (t.a <= '-10533'::integer))
   Index Searches: 1
   Prefetch: distance=237.405 count=239448 stalls=455948 skipped=368432 resets=0 ungets=15739 forwarded=5205
             histogram [2,4) => 10406, [4,8) => 5595, [8,16) => 126, [16,32) => 60, [32,64) => 73, [64,128) => 851, [128,256) => 77398, [256,512) => 144939
   Buffers: shared hit=642430 read=39129
 Settings: enable_bitmapscan = 'off', enable_seqscan = 'off', max_parallel_workers_per_gather = '0'
 Planning:
   Buffers: shared hit=78 read=27
 Planning Time: 2.101 ms
 Execution Time: 507.116 ms
(12 rows)

SET
SET
SET
SET
SET
                                             QUERY PLAN                                             
----------------------------------------------------------------------------------------------------
 Index Scan using idx on public.t (actual rows=1048576.00 loops=1)
   Output: a, b
   Index Cond: ((t.a >= '-272676'::integer) AND (t.a <= '-10533'::integer))
   Index Searches: 1
   Buffers: shared hit=681562
 Settings: enable_bitmapscan = 'off', enable_seqscan = 'off', max_parallel_workers_per_gather = '0'
 Planning:
   Buffers: shared hit=110
 Planning Time: 0.182 ms
 Execution Time: 214.928 ms
(10 rows)

