SET
SET
SET
SET
SET
                                                                       QUERY PLAN                                                                       
--------------------------------------------------------------------------------------------------------------------------------------------------------
 Index Scan using idx on public.t (actual rows=262144.00 loops=1)
   Output: a, b
   Index Cond: ((t.a >= '-74867'::integer) AND (t.a <= '-9332'::integer))
   Index Searches: 1
   Prefetch: distance=257.867 count=90213 stalls=90056 skipped=92105 resets=0 ungets=10393 forwarded=2856
             histogram [2,4) => 1037, [4,8) => 310, [8,16) => 25, [16,32) => 26, [32,64) => 47, [64,128) => 288, [128,256) => 16715, [256,512) => 71765
   Buffers: shared hit=151270 read=19109
 Settings: enable_bitmapscan = 'off', enable_seqscan = 'off', max_parallel_workers_per_gather = '0'
 Planning:
   Buffers: shared hit=78 read=27
 Planning Time: 2.083 ms
 Execution Time: 139.084 ms
(12 rows)

SET
SET
SET
SET
SET
                                             QUERY PLAN                                             
----------------------------------------------------------------------------------------------------
 Index Scan using idx on public.t (actual rows=262144.00 loops=1)
   Output: a, b
   Index Cond: ((t.a >= '-74867'::integer) AND (t.a <= '-9332'::integer))
   Index Searches: 1
   Buffers: shared hit=170380
 Settings: enable_bitmapscan = 'off', enable_seqscan = 'off', max_parallel_workers_per_gather = '0'
 Planning:
   Buffers: shared hit=110
 Planning Time: 0.202 ms
 Execution Time: 57.378 ms
(10 rows)

