SET
SET
SET
SET
SET
                                                                QUERY PLAN                                                                 
-------------------------------------------------------------------------------------------------------------------------------------------
 Index Scan using idx on public.t (actual rows=8192.00 loops=1)
   Output: a, b
   Index Cond: ((t.a >= '-33948'::integer) AND (t.a <= '-31901'::integer))
   Index Searches: 1
   Prefetch: distance=270.106 count=7455 stalls=1 skipped=2820 resets=0 ungets=2231 forwarded=183
             histogram [2,4) => 2, [4,8) => 4, [8,16) => 5, [16,32) => 27, [32,64) => 10, [64,128) => 2, [128,256) => 4, [256,512) => 7401
   Buffers: shared hit=1037 read=4296
 Settings: enable_bitmapscan = 'off', enable_seqscan = 'off', max_parallel_workers_per_gather = '0'
 Planning:
   Buffers: shared hit=82 read=27
 Planning Time: 2.062 ms
 Execution Time: 26.043 ms
(12 rows)

SET
SET
SET
SET
SET
                                             QUERY PLAN                                             
----------------------------------------------------------------------------------------------------
 Index Scan using idx on public.t (actual rows=8192.00 loops=1)
   Output: a, b
   Index Cond: ((t.a >= '-33948'::integer) AND (t.a <= '-31901'::integer))
   Index Searches: 1
   Buffers: shared hit=5334
 Settings: enable_bitmapscan = 'off', enable_seqscan = 'off', max_parallel_workers_per_gather = '0'
 Planning:
   Buffers: shared hit=114
 Planning Time: 0.173 ms
 Execution Time: 3.392 ms
(10 rows)

