SET
SET
SET
SET
SET
                                                                QUERY PLAN                                                                
------------------------------------------------------------------------------------------------------------------------------------------
 Index Scan using idx on public.t (actual rows=4096.00 loops=1)
   Output: a, b
   Index Cond: ((t.a >= '-10026'::integer) AND (t.a <= '-9003'::integer))
   Index Searches: 1
   Prefetch: distance=268.581 count=3182 stalls=1 skipped=1219 resets=0 ungets=957 forwarded=64
             histogram [2,4) => 2, [4,8) => 4, [8,16) => 7, [16,32) => 9, [32,64) => 14, [64,128) => 2, [128,256) => 5, [256,512) => 3139
   Buffers: shared hit=337 read=2330
 Settings: enable_bitmapscan = 'off', enable_seqscan = 'off', max_parallel_workers_per_gather = '0'
 Planning:
   Buffers: shared hit=82 read=27
 Planning Time: 2.101 ms
 Execution Time: 35.950 ms
(12 rows)

SET
SET
SET
SET
SET
                                             QUERY PLAN                                             
----------------------------------------------------------------------------------------------------
 Index Scan using idx on public.t (actual rows=4096.00 loops=1)
   Output: a, b
   Index Cond: ((t.a >= '-10026'::integer) AND (t.a <= '-9003'::integer))
   Index Searches: 1
   Buffers: shared hit=2667
 Settings: enable_bitmapscan = 'off', enable_seqscan = 'off', max_parallel_workers_per_gather = '0'
 Planning:
   Buffers: shared hit=114
 Planning Time: 0.162 ms
 Execution Time: 1.185 ms
(10 rows)

