SET
SET
SET
SET
SET
                                                                          QUERY PLAN                                                                           
---------------------------------------------------------------------------------------------------------------------------------------------------------------
 Index Scan using idx on public.t (actual rows=2048576.00 loops=1)
   Output: a, b
   Index Cond: ((t.a >= '-536107'::integer) AND (t.a <= '-23964'::integer))
   Index Searches: 1
   Prefetch: distance=209.717 count=373259 stalls=971499 skipped=719397 resets=0 ungets=15686 forwarded=6463
             histogram [2,4) => 40146, [4,8) => 23444, [8,16) => 920, [16,32) => 76, [32,64) => 112, [64,128) => 713, [128,256) => 122616, [256,512) => 185232
   Buffers: shared hit=1266590 read=65628
 Settings: enable_bitmapscan = 'off', enable_seqscan = 'off', max_parallel_workers_per_gather = '0'
 Planning:
   Buffers: shared hit=78 read=27
 Planning Time: 2.118 ms
 Execution Time: 1106.327 ms
(12 rows)

SET
SET
SET
SET
SET
                                             QUERY PLAN                                             
----------------------------------------------------------------------------------------------------
 Index Scan using idx on public.t (actual rows=2048576.00 loops=1)
   Output: a, b
   Index Cond: ((t.a >= '-536107'::integer) AND (t.a <= '-23964'::integer))
   Index Searches: 1
   Buffers: shared hit=1332220
 Settings: enable_bitmapscan = 'off', enable_seqscan = 'off', max_parallel_workers_per_gather = '0'
 Planning:
   Buffers: shared hit=110
 Planning Time: 0.287 ms
 Execution Time: 442.305 ms
(10 rows)

