SET
SET
SET
SET
SET
                                                                            QUERY PLAN                                                                             
-------------------------------------------------------------------------------------------------------------------------------------------------------------------
 Index Scan using idx on public.t (actual rows=6048576.00 loops=1)
   Output: a, b
   Index Cond: ((t.a >= '-1539709'::integer) AND (t.a <= '-27566'::integer))
   Index Searches: 1
   Prefetch: distance=198.608 count=1157961 stalls=2783092 skipped=2122660 resets=0 ungets=15640 forwarded=12979
             histogram [2,4) => 141584, [4,8) => 83790, [8,16) => 3637, [16,32) => 164, [32,64) => 226, [64,128) => 2945, [128,256) => 487800, [256,512) => 437815
   Buffers: shared hit=3767666 read=167141
 Settings: enable_bitmapscan = 'off', enable_seqscan = 'off', max_parallel_workers_per_gather = '0'
 Planning:
   Buffers: shared hit=78 read=27
 Planning Time: 2.100 ms
 Execution Time: 3376.825 ms
(12 rows)

SET
SET
SET
SET
SET
                                             QUERY PLAN                                             
----------------------------------------------------------------------------------------------------
 Index Scan using idx on public.t (actual rows=6048576.00 loops=1)
   Output: a, b
   Index Cond: ((t.a >= '-1539709'::integer) AND (t.a <= '-27566'::integer))
   Index Searches: 1
   Buffers: shared hit=3934808
 Settings: enable_bitmapscan = 'off', enable_seqscan = 'off', max_parallel_workers_per_gather = '0'
 Planning:
   Buffers: shared hit=110
 Planning Time: 0.222 ms
 Execution Time: 1247.288 ms
(10 rows)

