SET
SET
SET
SET
SET
                                                                             QUERY PLAN                                                                             
--------------------------------------------------------------------------------------------------------------------------------------------------------------------
 Index Scan using idx on public.t (actual rows=9048576.00 loops=1)
   Output: a, b
   Index Cond: ((t.a >= '-2266585'::integer) AND (t.a <= '-4442'::integer))
   Index Searches: 1
   Prefetch: distance=120.293 count=817900 stalls=5070369 skipped=3175807 resets=0 ungets=15703 forwarded=12554
             histogram [2,4) => 266387, [4,8) => 157081, [8,16) => 7000, [16,32) => 438, [32,64) => 533, [64,128) => 1487, [128,256) => 167201, [256,512) => 217773
   Buffers: shared hit=5645262 read=240992
 Settings: enable_bitmapscan = 'off', enable_seqscan = 'off', max_parallel_workers_per_gather = '0'
 Planning:
   Buffers: shared hit=78 read=27
 Planning Time: 2.110 ms
 Execution Time: 5454.094 ms
(12 rows)

SET
SET
SET
SET
SET
                                             QUERY PLAN                                             
----------------------------------------------------------------------------------------------------
 Index Scan using idx on public.t (actual rows=9048576.00 loops=1)
   Output: a, b
   Index Cond: ((t.a >= '-2266585'::integer) AND (t.a <= '-4442'::integer))
   Index Searches: 1
   Buffers: shared hit=5886254
 Settings: enable_bitmapscan = 'off', enable_seqscan = 'off', max_parallel_workers_per_gather = '0'
 Planning:
   Buffers: shared hit=110
 Planning Time: 0.265 ms
 Execution Time: 1869.443 ms
(10 rows)

