SET
SET
SET
SET
SET
                                                                           QUERY PLAN                                                                            
-----------------------------------------------------------------------------------------------------------------------------------------------------------------
 Index Scan using idx on public.t (actual rows=5048576.00 loops=1)
   Output: a, b
   Index Cond: ((t.a >= '-1277076'::integer) AND (t.a <= '-14933'::integer))
   Index Searches: 1
   Prefetch: distance=133.895 count=476936 stalls=2815640 skipped=1771711 resets=0 ungets=15778 forwarded=8698
             histogram [2,4) => 141743, [4,8) => 83862, [8,16) => 3640, [16,32) => 153, [32,64) => 209, [64,128) => 264, [128,256) => 87408, [256,512) => 159657
   Buffers: shared hit=3143659 read=140740
 Settings: enable_bitmapscan = 'off', enable_seqscan = 'off', max_parallel_workers_per_gather = '0'
 Planning:
   Buffers: shared hit=78 read=27
 Planning Time: 2.131 ms
 Execution Time: 2991.609 ms
(12 rows)

SET
SET
SET
SET
SET
                                             QUERY PLAN                                             
----------------------------------------------------------------------------------------------------
 Index Scan using idx on public.t (actual rows=5048576.00 loops=1)
   Output: a, b
   Index Cond: ((t.a >= '-1277076'::integer) AND (t.a <= '-14933'::integer))
   Index Searches: 1
   Buffers: shared hit=3284401
 Settings: enable_bitmapscan = 'off', enable_seqscan = 'off', max_parallel_workers_per_gather = '0'
 Planning:
   Buffers: shared hit=110
 Planning Time: 0.209 ms
 Execution Time: 1040.027 ms
(10 rows)

