SET
SET
SET
SET
SET
                                                                QUERY PLAN                                                                
------------------------------------------------------------------------------------------------------------------------------------------
 Index Scan using idx on public.t (actual rows=1024.00 loops=1)
   Output: a, b
   Index Cond: ((t.a >= '-11233'::integer) AND (t.a <= '-10978'::integer))
   Index Searches: 1
   Prefetch: distance=259.660 count=832 stalls=1 skipped=303 resets=0 ungets=247 forwarded=12
             histogram [2,4) => 2, [4,8) => 3, [8,16) => 6, [16,32) => 12, [32,64) => 14, [64,128) => 2, [128,256) => 3, [256,512) => 790
   Buffers: shared hit=36 read=645
 Settings: enable_bitmapscan = 'off', enable_seqscan = 'off', max_parallel_workers_per_gather = '0'
 Planning:
   Buffers: shared hit=82 read=27
 Planning Time: 1.978 ms
 Execution Time: 9.201 ms
(12 rows)

SET
SET
SET
SET
SET
                                             QUERY PLAN                                             
----------------------------------------------------------------------------------------------------
 Index Scan using idx on public.t (actual rows=1024.00 loops=1)
   Output: a, b
   Index Cond: ((t.a >= '-11233'::integer) AND (t.a <= '-10978'::integer))
   Index Searches: 1
   Buffers: shared hit=682
 Settings: enable_bitmapscan = 'off', enable_seqscan = 'off', max_parallel_workers_per_gather = '0'
 Planning:
   Buffers: shared hit=114
 Planning Time: 0.151 ms
 Execution Time: 0.337 ms
(10 rows)

