SET
SET
SET
SET
SET
                                                                       QUERY PLAN                                                                       
--------------------------------------------------------------------------------------------------------------------------------------------------------
 Index Scan using idx on public.t (actual rows=262144.00 loops=1)
   Output: a, b
   Index Cond: ((t.a >= '-74710'::integer) AND (t.a <= '-9175'::integer))
   Index Searches: 1
   Prefetch: distance=257.901 count=89756 stalls=90462 skipped=92073 resets=0 ungets=10350 forwarded=2840
             histogram [2,4) => 1045, [4,8) => 311, [8,16) => 25, [16,32) => 26, [32,64) => 47, [64,128) => 293, [128,256) => 16466, [256,512) => 71543
   Buffers: shared hit=151303 read=19091
 Settings: enable_bitmapscan = 'off', enable_seqscan = 'off', max_parallel_workers_per_gather = '0'
 Planning:
   Buffers: shared hit=78 read=27
 Planning Time: 2.111 ms
 Execution Time: 140.221 ms
(12 rows)

SET
SET
SET
SET
SET
                                             QUERY PLAN                                             
----------------------------------------------------------------------------------------------------
 Index Scan using idx on public.t (actual rows=262144.00 loops=1)
   Output: a, b
   Index Cond: ((t.a >= '-74710'::integer) AND (t.a <= '-9175'::integer))
   Index Searches: 1
   Buffers: shared hit=170395
 Settings: enable_bitmapscan = 'off', enable_seqscan = 'off', max_parallel_workers_per_gather = '0'
 Planning:
   Buffers: shared hit=110
 Planning Time: 0.182 ms
 Execution Time: 53.009 ms
(10 rows)

