SET
SET
SET
SET
SET
                                                                 QUERY PLAN                                                                 
--------------------------------------------------------------------------------------------------------------------------------------------
 Index Scan using idx on public.t (actual rows=4096.00 loops=1)
   Output: a, b
   Index Cond: ((t.a >= '-33134'::integer) AND (t.a <= '-32111'::integer))
   Index Searches: 1
   Prefetch: distance=268.063 count=3646 stalls=1 skipped=1355 resets=0 ungets=1137 forwarded=57
             histogram [2,4) => 2, [4,8) => 7, [8,16) => 13, [16,32) => 16, [32,64) => 16, [64,128) => 4, [128,256) => 3, [256,512) => 3585
   Buffers: shared hit=269 read=2406
 Settings: enable_bitmapscan = 'off', enable_seqscan = 'off', max_parallel_workers_per_gather = '0'
 Planning:
   Buffers: shared hit=82 read=27
 Planning Time: 2.108 ms
 Execution Time: 21.501 ms
(12 rows)

SET
SET
SET
SET
SET
                                             QUERY PLAN                                             
----------------------------------------------------------------------------------------------------
 Index Scan using idx on public.t (actual rows=4096.00 loops=1)
   Output: a, b
   Index Cond: ((t.a >= '-33134'::integer) AND (t.a <= '-32111'::integer))
   Index Searches: 1
   Buffers: shared hit=2675
 Settings: enable_bitmapscan = 'off', enable_seqscan = 'off', max_parallel_workers_per_gather = '0'
 Planning:
   Buffers: shared hit=114
 Planning Time: 0.199 ms
 Execution Time: 1.327 ms
(10 rows)

