SET
SET
SET
SET
SET
                                                                QUERY PLAN                                                                 
-------------------------------------------------------------------------------------------------------------------------------------------
 Index Scan using idx on public.t (actual rows=2048.00 loops=1)
   Output: a, b
   Index Cond: ((t.a >= '-9444'::integer) AND (t.a <= '-8933'::integer))
   Index Searches: 1
   Prefetch: distance=265.058 count=1617 stalls=1 skipped=590 resets=0 ungets=487 forwarded=23
             histogram [2,4) => 2, [4,8) => 4, [8,16) => 7, [16,32) => 17, [32,64) => 12, [64,128) => 3, [128,256) => 2, [256,512) => 1570
   Buffers: shared hit=119 read=1228
 Settings: enable_bitmapscan = 'off', enable_seqscan = 'off', max_parallel_workers_per_gather = '0'
 Planning:
   Buffers: shared hit=82 read=27
 Planning Time: 2.092 ms
 Execution Time: 17.367 ms
(12 rows)

SET
SET
SET
SET
SET
                                             QUERY PLAN                                             
----------------------------------------------------------------------------------------------------
 Index Scan using idx on public.t (actual rows=2048.00 loops=1)
   Output: a, b
   Index Cond: ((t.a >= '-9444'::integer) AND (t.a <= '-8933'::integer))
   Index Searches: 1
   Buffers: shared hit=1347
 Settings: enable_bitmapscan = 'off', enable_seqscan = 'off', max_parallel_workers_per_gather = '0'
 Planning:
   Buffers: shared hit=114
 Planning Time: 0.174 ms
 Execution Time: 0.971 ms
(10 rows)

