SET
SET
SET
SET
SET
                                                                 QUERY PLAN                                                                 
--------------------------------------------------------------------------------------------------------------------------------------------
 Index Scan using idx on public.t (actual rows=16384.00 loops=1)
   Output: a, b
   Index Cond: ((t.a >= '-23436'::integer) AND (t.a <= '-19341'::integer))
   Index Searches: 1
   Prefetch: distance=270.476 count=14251 stalls=1 skipped=5708 resets=0 ungets=3759 forwarded=481
             histogram [2,4) => 2, [4,8) => 3, [8,16) => 6, [16,32) => 21, [32,64) => 13, [64,128) => 3, [128,256) => 7, [256,512) => 14196
   Buffers: shared hit=3605 read=7031
 Settings: enable_bitmapscan = 'off', enable_seqscan = 'off', max_parallel_workers_per_gather = '0'
 Planning:
   Buffers: shared hit=82 read=27
 Planning Time: 2.072 ms
 Execution Time: 41.068 ms
(12 rows)

SET
SET
SET
SET
SET
                                             QUERY PLAN                                             
----------------------------------------------------------------------------------------------------
 Index Scan using idx on public.t (actual rows=16384.00 loops=1)
   Output: a, b
   Index Cond: ((t.a >= '-23436'::integer) AND (t.a <= '-19341'::integer))
   Index Searches: 1
   Buffers: shared hit=10636
 Settings: enable_bitmapscan = 'off', enable_seqscan = 'off', max_parallel_workers_per_gather = '0'
 Planning:
   Buffers: shared hit=114
 Planning Time: 0.181 ms
 Execution Time: 4.240 ms
(10 rows)

