SET
SET
SET
SET
SET
                                                                             QUERY PLAN                                                                             
--------------------------------------------------------------------------------------------------------------------------------------------------------------------
 Index Scan using idx on public.t (actual rows=8048576.00 loops=1)
   Output: a, b
   Index Cond: ((t.a >= '-2015874'::integer) AND (t.a <= '-3731'::integer))
   Index Searches: 1
   Prefetch: distance=153.642 count=933610 stalls=4306212 skipped=2824584 resets=0 ungets=15857 forwarded=12807
             histogram [2,4) => 223479, [4,8) => 131964, [8,16) => 5847, [16,32) => 325, [32,64) => 364, [64,128) => 1654, [128,256) => 278181, [256,512) => 291796
   Buffers: shared hit=5020311 read=215722
 Settings: enable_bitmapscan = 'off', enable_seqscan = 'off', max_parallel_workers_per_gather = '0'
 Planning:
   Buffers: shared hit=78 read=27
 Planning Time: 2.104 ms
 Execution Time: 4744.748 ms
(12 rows)

SET
SET
SET
SET
SET
                                             QUERY PLAN                                             
----------------------------------------------------------------------------------------------------
 Index Scan using idx on public.t (actual rows=8048576.00 loops=1)
   Output: a, b
   Index Cond: ((t.a >= '-2015874'::integer) AND (t.a <= '-3731'::integer))
   Index Searches: 1
   Buffers: shared hit=5236036
 Settings: enable_bitmapscan = 'off', enable_seqscan = 'off', max_parallel_workers_per_gather = '0'
 Planning:
   Buffers: shared hit=110
 Planning Time: 0.222 ms
 Execution Time: 1656.753 ms
(10 rows)

