SET
SET
SET
SET
SET
                                                                            QUERY PLAN                                                                             
-------------------------------------------------------------------------------------------------------------------------------------------------------------------
 Index Scan using idx on public.t (actual rows=6048576.00 loops=1)
   Output: a, b
   Index Cond: ((t.a >= '-1517090'::integer) AND (t.a <= '-4947'::integer))
   Index Searches: 1
   Prefetch: distance=196.087 count=1099979 stalls=2841621 skipped=2122541 resets=0 ungets=15772 forwarded=12524
             histogram [2,4) => 141807, [4,8) => 83888, [8,16) => 3640, [16,32) => 154, [32,64) => 226, [64,128) => 2688, [128,256) => 454799, [256,512) => 412777
   Buffers: shared hit=3769903 read=165118
 Settings: enable_bitmapscan = 'off', enable_seqscan = 'off', max_parallel_workers_per_gather = '0'
 Planning:
   Buffers: shared hit=78 read=27
 Planning Time: 2.101 ms
 Execution Time: 3385.783 ms
(12 rows)

SET
SET
SET
SET
SET
                                             QUERY PLAN                                             
----------------------------------------------------------------------------------------------------
 Index Scan using idx on public.t (actual rows=6048576.00 loops=1)
   Output: a, b
   Index Cond: ((t.a >= '-1517090'::integer) AND (t.a <= '-4947'::integer))
   Index Searches: 1
   Buffers: shared hit=3935021
 Settings: enable_bitmapscan = 'off', enable_seqscan = 'off', max_parallel_workers_per_gather = '0'
 Planning:
   Buffers: shared hit=110
 Planning Time: 0.226 ms
 Execution Time: 1263.328 ms
(10 rows)

