SET
SET
SET
SET
SET
                                             QUERY PLAN                                             
----------------------------------------------------------------------------------------------------
 Index Scan Backward using idx on public.t (actual rows=4096.00 loops=1)
   Output: a, b
   Index Cond: ((t.a >= 25470) AND (t.a <= 26493))
   Index Searches: 1
   Prefetch: distance=2.042 count=359 stalls=3306 skipped=64 resets=0 ungets=0 forwarded=0
             histogram [2,4) => 354, [4,8) => 5
   Buffers: shared hit=3750 read=290
 Settings: enable_bitmapscan = 'off', enable_seqscan = 'off', max_parallel_workers_per_gather = '0'
 Planning:
   Buffers: shared hit=78 read=26
 Planning Time: 1.830 ms
 Execution Time: 9.010 ms
(12 rows)

SET
SET
SET
SET
SET
                                             QUERY PLAN                                             
----------------------------------------------------------------------------------------------------
 Index Scan Backward using idx on public.t (actual rows=4096.00 loops=1)
   Output: a, b
   Index Cond: ((t.a >= 25470) AND (t.a <= 26493))
   Index Searches: 1
   Buffers: shared hit=4040
 Settings: enable_bitmapscan = 'off', enable_seqscan = 'off', max_parallel_workers_per_gather = '0'
 Planning:
   Buffers: shared hit=109
 Planning Time: 0.185 ms
 Execution Time: 0.794 ms
(10 rows)

