SET
SET
SET
SET
                                             QUERY PLAN                                             
----------------------------------------------------------------------------------------------------
 Index Scan using idx on public.t (actual rows=8192.00 loops=1)
   Output: a, b
   Index Cond: ((t.a >= '-10174'::integer) AND (t.a <= '-8127'::integer))
   Index Searches: 1
   Buffers: shared hit=1276 read=4086
 Settings: enable_bitmapscan = 'off', enable_seqscan = 'off', max_parallel_workers_per_gather = '0'
 Planning:
   Buffers: shared hit=82 read=27
 Planning Time: 2.094 ms
 Execution Time: 128.164 ms
(10 rows)

SET
SET
SET
SET
                                             QUERY PLAN                                             
----------------------------------------------------------------------------------------------------
 Index Scan using idx on public.t (actual rows=8192.00 loops=1)
   Output: a, b
   Index Cond: ((t.a >= '-10174'::integer) AND (t.a <= '-8127'::integer))
   Index Searches: 1
   Buffers: shared hit=5362
 Settings: enable_bitmapscan = 'off', enable_seqscan = 'off', max_parallel_workers_per_gather = '0'
 Planning:
   Buffers: shared hit=114
 Planning Time: 0.186 ms
 Execution Time: 2.258 ms
(10 rows)

