SET
SET
SET
SET
                                             QUERY PLAN                                             
----------------------------------------------------------------------------------------------------
 Index Scan using idx on public.t (actual rows=1048576.00 loops=1)
   Output: a, b
   Index Cond: ((t.a >= '-281508'::integer) AND (t.a <= '-19365'::integer))
   Index Searches: 1
   Buffers: shared hit=641627 read=39931
 Settings: enable_bitmapscan = 'off', enable_seqscan = 'off', max_parallel_workers_per_gather = '0'
 Planning:
   Buffers: shared hit=78 read=27
 Planning Time: 2.124 ms
 Execution Time: 744.058 ms
(10 rows)

SET
SET
SET
SET
                                             QUERY PLAN                                             
----------------------------------------------------------------------------------------------------
 Index Scan using idx on public.t (actual rows=1048576.00 loops=1)
   Output: a, b
   Index Cond: ((t.a >= '-281508'::integer) AND (t.a <= '-19365'::integer))
   Index Searches: 1
   Buffers: shared hit=681558
 Settings: enable_bitmapscan = 'off', enable_seqscan = 'off', max_parallel_workers_per_gather = '0'
 Planning:
   Buffers: shared hit=110
 Planning Time: 0.175 ms
 Execution Time: 212.839 ms
(10 rows)

