SET
SET
SET
SET
SET
                                                                QUERY PLAN                                                                
------------------------------------------------------------------------------------------------------------------------------------------
 Index Scan using idx on public.t (actual rows=8192.00 loops=1)
   Output: a, b
   Index Cond: ((t.a >= '-24612'::integer) AND (t.a <= '-22565'::integer))
   Index Searches: 1
   Prefetch: distance=270.334 count=7323 stalls=1 skipped=2771 resets=0 ungets=2114 forwarded=213
             histogram [2,4) => 2, [4,8) => 4, [8,16) => 6, [16,32) => 20, [32,64) => 6, [64,128) => 2, [128,256) => 2, [256,512) => 7281
   Buffers: shared hit=1129 read=4238
 Settings: enable_bitmapscan = 'off', enable_seqscan = 'off', max_parallel_workers_per_gather = '0'
 Planning:
   Buffers: shared hit=82 read=27
 Planning Time: 2.093 ms
 Execution Time: 28.199 ms
(12 rows)

SET
SET
SET
SET
SET
                                             QUERY PLAN                                             
----------------------------------------------------------------------------------------------------
 Index Scan using idx on public.t (actual rows=8192.00 loops=1)
   Output: a, b
   Index Cond: ((t.a >= '-24612'::integer) AND (t.a <= '-22565'::integer))
   Index Searches: 1
   Buffers: shared hit=5367
 Settings: enable_bitmapscan = 'off', enable_seqscan = 'off', max_parallel_workers_per_gather = '0'
 Planning:
   Buffers: shared hit=114
 Planning Time: 0.165 ms
 Execution Time: 2.328 ms
(10 rows)

