SET
SET
SET
SET
SET
                                                                QUERY PLAN                                                                 
-------------------------------------------------------------------------------------------------------------------------------------------
 Index Scan using idx on public.t (actual rows=2048.00 loops=1)
   Output: a, b
   Index Cond: ((t.a >= '-20387'::integer) AND (t.a <= '-19876'::integer))
   Index Searches: 1
   Prefetch: distance=265.183 count=1906 stalls=1 skipped=725 resets=0 ungets=595 forwarded=19
             histogram [2,4) => 2, [4,8) => 4, [8,16) => 7, [16,32) => 10, [32,64) => 19, [64,128) => 8, [128,256) => 4, [256,512) => 1852
   Buffers: shared hit=87 read=1242
 Settings: enable_bitmapscan = 'off', enable_seqscan = 'off', max_parallel_workers_per_gather = '0'
 Planning:
   Buffers: shared hit=82 read=27
 Planning Time: 2.133 ms
 Execution Time: 6.963 ms
(12 rows)

SET
SET
SET
SET
SET
                                             QUERY PLAN                                             
----------------------------------------------------------------------------------------------------
 Index Scan using idx on public.t (actual rows=2048.00 loops=1)
   Output: a, b
   Index Cond: ((t.a >= '-20387'::integer) AND (t.a <= '-19876'::integer))
   Index Searches: 1
   Buffers: shared hit=1329
 Settings: enable_bitmapscan = 'off', enable_seqscan = 'off', max_parallel_workers_per_gather = '0'
 Planning:
   Buffers: shared hit=114
 Planning Time: 0.194 ms
 Execution Time: 1.181 ms
(10 rows)

