SET
SET
SET
SET
SET
                                                                       QUERY PLAN                                                                        
---------------------------------------------------------------------------------------------------------------------------------------------------------
 Index Scan using idx on public.t (actual rows=524288.00 loops=1)
   Output: a, b
   Index Cond: ((t.a >= '-137500'::integer) AND (t.a <= '-6429'::integer))
   Index Searches: 1
   Prefetch: distance=250.697 count=128250 stalls=224846 skipped=184150 resets=0 ungets=13153 forwarded=3786
             histogram [2,4) => 2723, [4,8) => 1331, [8,16) => 28, [16,32) => 37, [32,64) => 61, [64,128) => 415, [128,256) => 30499, [256,512) => 93156
   Buffers: shared hit=315403 read=25455
 Settings: enable_bitmapscan = 'off', enable_seqscan = 'off', max_parallel_workers_per_gather = '0'
 Planning:
   Buffers: shared hit=78 read=27
 Planning Time: 2.187 ms
 Execution Time: 245.934 ms
(12 rows)

SET
SET
SET
SET
SET
                                             QUERY PLAN                                             
----------------------------------------------------------------------------------------------------
 Index Scan using idx on public.t (actual rows=524288.00 loops=1)
   Output: a, b
   Index Cond: ((t.a >= '-137500'::integer) AND (t.a <= '-6429'::integer))
   Index Searches: 1
   Buffers: shared hit=340861
 Settings: enable_bitmapscan = 'off', enable_seqscan = 'off', max_parallel_workers_per_gather = '0'
 Planning:
   Buffers: shared hit=110
 Planning Time: 0.220 ms
 Execution Time: 104.562 ms
(10 rows)

