SET
SET
SET
SET
SET
                                                                            QUERY PLAN                                                                            
------------------------------------------------------------------------------------------------------------------------------------------------------------------
 Index Scan using idx on public.t (actual rows=9048576.00 loops=1)
   Output: a, b
   Index Cond: ((t.a >= '-2286845'::integer) AND (t.a <= '-24702'::integer))
   Index Searches: 1
   Prefetch: distance=72.940 count=622876 stalls=5265144 skipped=3175683 resets=0 ungets=15542 forwarded=11485
             histogram [2,4) => 280128, [4,8) => 165302, [8,16) => 7362, [16,32) => 454, [32,64) => 319, [64,128) => 114, [128,256) => 41789, [256,512) => 127408
   Buffers: shared hit=5643624 read=242676
 Settings: enable_bitmapscan = 'off', enable_seqscan = 'off', max_parallel_workers_per_gather = '0'
 Planning:
   Buffers: shared hit=78 read=27
 Planning Time: 2.093 ms
 Execution Time: 5547.519 ms
(12 rows)

SET
SET
SET
SET
SET
                                             QUERY PLAN                                             
----------------------------------------------------------------------------------------------------
 Index Scan using idx on public.t (actual rows=9048576.00 loops=1)
   Output: a, b
   Index Cond: ((t.a >= '-2286845'::integer) AND (t.a <= '-24702'::integer))
   Index Searches: 1
   Buffers: shared hit=5886301
 Settings: enable_bitmapscan = 'off', enable_seqscan = 'off', max_parallel_workers_per_gather = '0'
 Planning:
   Buffers: shared hit=110
 Planning Time: 0.221 ms
 Execution Time: 1868.495 ms
(10 rows)

