SET
SET
SET
SET
SET
                                                                             QUERY PLAN                                                                             
--------------------------------------------------------------------------------------------------------------------------------------------------------------------
 Index Scan using idx on public.t (actual rows=8048576.00 loops=1)
   Output: a, b
   Index Cond: ((t.a >= '-2022094'::integer) AND (t.a <= '-9951'::integer))
   Index Searches: 1
   Prefetch: distance=155.156 count=949594 stalls=4290009 skipped=2824553 resets=0 ungets=15771 forwarded=12935
             histogram [2,4) => 223451, [4,8) => 131955, [8,16) => 5847, [16,32) => 326, [32,64) => 364, [64,128) => 1676, [128,256) => 287743, [256,512) => 298232
   Buffers: shared hit=5019719 read=216293
 Settings: enable_bitmapscan = 'off', enable_seqscan = 'off', max_parallel_workers_per_gather = '0'
 Planning:
   Buffers: shared hit=78 read=27
 Planning Time: 2.116 ms
 Execution Time: 4749.955 ms
(12 rows)

SET
SET
SET
SET
SET
                                             QUERY PLAN                                             
----------------------------------------------------------------------------------------------------
 Index Scan using idx on public.t (actual rows=8048576.00 loops=1)
   Output: a, b
   Index Cond: ((t.a >= '-2022094'::integer) AND (t.a <= '-9951'::integer))
   Index Searches: 1
   Buffers: shared hit=5236014
 Settings: enable_bitmapscan = 'off', enable_seqscan = 'off', max_parallel_workers_per_gather = '0'
 Planning:
   Buffers: shared hit=110
 Planning Time: 0.220 ms
 Execution Time: 1654.525 ms
(10 rows)

