SET
SET
SET
SET
SET
                                                                           QUERY PLAN                                                                           
----------------------------------------------------------------------------------------------------------------------------------------------------------------
 Index Scan using idx on public.t (actual rows=3048576.00 loops=1)
   Output: a, b
   Index Cond: ((t.a >= '-773648'::integer) AND (t.a <= '-11505'::integer))
   Index Searches: 1
   Prefetch: distance=231.026 count=990355 stalls=1003699 skipped=1069779 resets=0 ungets=15632 forwarded=10378
             histogram [2,4) => 40284, [4,8) => 23496, [8,16) => 919, [16,32) => 76, [32,64) => 180, [64,128) => 2504, [128,256) => 487323, [256,512) => 435573
   Buffers: shared hit=1893365 read=89868
 Settings: enable_bitmapscan = 'off', enable_seqscan = 'off', max_parallel_workers_per_gather = '0'
 Planning:
   Buffers: shared hit=78 read=27
 Planning Time: 2.096 ms
 Execution Time: 1482.212 ms
(12 rows)

SET
SET
SET
SET
SET
                                             QUERY PLAN                                             
----------------------------------------------------------------------------------------------------
 Index Scan using idx on public.t (actual rows=3048576.00 loops=1)
   Output: a, b
   Index Cond: ((t.a >= '-773648'::integer) AND (t.a <= '-11505'::integer))
   Index Searches: 1
   Buffers: shared hit=1983233
 Settings: enable_bitmapscan = 'off', enable_seqscan = 'off', max_parallel_workers_per_gather = '0'
 Planning:
   Buffers: shared hit=110
 Planning Time: 0.229 ms
 Execution Time: 639.042 ms
(10 rows)

