SET
SET
SET
SET
SET
                                                                     QUERY PLAN                                                                      
-----------------------------------------------------------------------------------------------------------------------------------------------------
 Index Scan Backward using idx on public.t (actual rows=2048576.00 loops=1)
   Output: a, b
   Index Cond: ((t.a >= 30032) AND (t.a <= 542175))
   Index Searches: 1
   Prefetch: distance=260.835 count=2041326 stalls=15 skipped=30435 resets=0 ungets=23355 forwarded=2
             histogram [2,4) => 6, [4,8) => 8, [8,16) => 11, [16,32) => 17, [32,64) => 31, [64,128) => 63, [128,256) => 485797, [256,512) => 1555393
   Buffers: shared hit=1920496 read=100714
 Settings: enable_bitmapscan = 'off', enable_seqscan = 'off', max_parallel_workers_per_gather = '0'
 Planning:
   Buffers: shared hit=78 read=22
 Planning Time: 1.720 ms
 Execution Time: 850.175 ms
(12 rows)

SET
SET
SET
SET
SET
                                             QUERY PLAN                                             
----------------------------------------------------------------------------------------------------
 Index Scan Backward using idx on public.t (actual rows=2048576.00 loops=1)
   Output: a, b
   Index Cond: ((t.a >= 30032) AND (t.a <= 542175))
   Index Searches: 1
   Buffers: shared hit=2021210
 Settings: enable_bitmapscan = 'off', enable_seqscan = 'off', max_parallel_workers_per_gather = '0'
 Planning:
   Buffers: shared hit=105
 Planning Time: 0.236 ms
 Execution Time: 322.094 ms
(10 rows)

