SET
SET
SET
SET
SET
                                                                      QUERY PLAN                                                                      
------------------------------------------------------------------------------------------------------------------------------------------------------
 Index Scan Backward using idx on public.t (actual rows=5048576.00 loops=1)
   Output: a, b
   Index Cond: ((t.a >= 29693) AND (t.a <= 1291836))
   Index Searches: 1
   Prefetch: distance=260.846 count=5028942 stalls=7 skipped=75167 resets=0 ungets=55715 forwarded=3
             histogram [2,4) => 6, [4,8) => 8, [8,16) => 11, [16,32) => 24, [32,64) => 45, [64,128) => 58, [128,256) => 1195771, [256,512) => 3833019
   Buffers: shared hit=4732909 read=248060
 Settings: enable_bitmapscan = 'off', enable_seqscan = 'off', max_parallel_workers_per_gather = '0'
 Planning:
   Buffers: shared hit=78 read=22
 Planning Time: 1.732 ms
 Execution Time: 2063.318 ms
(12 rows)

SET
SET
SET
SET
SET
                                             QUERY PLAN                                             
----------------------------------------------------------------------------------------------------
 Index Scan Backward using idx on public.t (actual rows=5048576.00 loops=1)
   Output: a, b
   Index Cond: ((t.a >= 29693) AND (t.a <= 1291836))
   Index Searches: 1
   Buffers: shared hit=4980969
 Settings: enable_bitmapscan = 'off', enable_seqscan = 'off', max_parallel_workers_per_gather = '0'
 Planning:
   Buffers: shared hit=105
 Planning Time: 0.221 ms
 Execution Time: 788.407 ms
(10 rows)

