SET
SET
SET
SET
                                             QUERY PLAN                                             
----------------------------------------------------------------------------------------------------
 Index Scan Backward using idx on public.t (actual rows=1048576.00 loops=1)
   Output: a, b
   Index Cond: ((t.a >= '-291744'::integer) AND (t.a <= '-29601'::integer))
   Index Searches: 1
   Buffers: shared hit=640701 read=40766
 Settings: enable_bitmapscan = 'off', enable_seqscan = 'off', max_parallel_workers_per_gather = '0'
 Planning:
   Buffers: shared hit=82 read=27
 Planning Time: 2.163 ms
 Execution Time: 1107.592 ms
(10 rows)

SET
SET
SET
SET
                                             QUERY PLAN                                             
----------------------------------------------------------------------------------------------------
 Index Scan Backward using idx on public.t (actual rows=1048576.00 loops=1)
   Output: a, b
   Index Cond: ((t.a >= '-291744'::integer) AND (t.a <= '-29601'::integer))
   Index Searches: 1
   Buffers: shared hit=681467
 Settings: enable_bitmapscan = 'off', enable_seqscan = 'off', max_parallel_workers_per_gather = '0'
 Planning:
   Buffers: shared hit=114
 Planning Time: 0.187 ms
 Execution Time: 212.767 ms
(10 rows)

