SET
SET
SET
SET
SET
                                             QUERY PLAN                                             
----------------------------------------------------------------------------------------------------
 Index Scan Backward using idx on public.t (actual rows=6048576.00 loops=1)
   Output: a, b
   Index Cond: ((t.a >= 8720) AND (t.a <= 1520863))
   Index Searches: 1
   Buffers: shared hit=5670472 read=297168
 Settings: enable_bitmapscan = 'off', enable_seqscan = 'off', max_parallel_workers_per_gather = '0'
 Planning:
   Buffers: shared hit=78 read=26
 Planning Time: 2.040 ms
 Execution Time: 1994.663 ms
(10 rows)

SET
SET
SET
SET
SET
                                             QUERY PLAN                                             
----------------------------------------------------------------------------------------------------
 Index Scan Backward using idx on public.t (actual rows=6048576.00 loops=1)
   Output: a, b
   Index Cond: ((t.a >= 8720) AND (t.a <= 1520863))
   Index Searches: 1
   Buffers: shared hit=5967640
 Settings: enable_bitmapscan = 'off', enable_seqscan = 'off', max_parallel_workers_per_gather = '0'
 Planning:
   Buffers: shared hit=109
 Planning Time: 0.254 ms
 Execution Time: 948.239 ms
(10 rows)

