SET
SET
SET
SET
SET
                                                                  QUERY PLAN                                                                  
----------------------------------------------------------------------------------------------------------------------------------------------
 Index Scan Backward using idx on public.t (actual rows=131072.00 loops=1)
   Output: a, b
   Index Cond: ((t.a >= '-45473'::integer) AND (t.a <= '-12706'::integer))
   Index Searches: 1
   Prefetch: distance=263.495 count=98812 stalls=1 skipped=45778 resets=0 ungets=14174 forwarded=0
             histogram [2,4) => 4, [4,8) => 3, [8,16) => 5, [16,32) => 9, [32,64) => 2, [64,128) => 2, [128,256) => 17414, [256,512) => 81373
   Buffers: shared hit=69303 read=15957
 Settings: enable_bitmapscan = 'off', enable_seqscan = 'off', max_parallel_workers_per_gather = '0'
 Planning:
   Buffers: shared hit=86 read=27
 Planning Time: 2.080 ms
 Execution Time: 164.206 ms
(12 rows)

SET
SET
SET
SET
SET
                                             QUERY PLAN                                             
----------------------------------------------------------------------------------------------------
 Index Scan Backward using idx on public.t (actual rows=131072.00 loops=1)
   Output: a, b
   Index Cond: ((t.a >= '-45473'::integer) AND (t.a <= '-12706'::integer))
   Index Searches: 1
   Buffers: shared hit=85260
 Settings: enable_bitmapscan = 'off', enable_seqscan = 'off', max_parallel_workers_per_gather = '0'
 Planning:
   Buffers: shared hit=118
 Planning Time: 0.184 ms
 Execution Time: 26.655 ms
(10 rows)

