SET
SET
SET
SET
SET
                                                                     QUERY PLAN                                                                      
-----------------------------------------------------------------------------------------------------------------------------------------------------
 Index Scan Backward using idx on public.t (actual rows=1048576.00 loops=1)
   Output: a, b
   Index Cond: ((t.a >= '-272232'::integer) AND (t.a <= '-10089'::integer))
   Index Searches: 1
   Prefetch: distance=251.378 count=696477 stalls=1 skipped=368428 resets=0 ungets=16765 forwarded=0
             histogram [2,4) => 2, [4,8) => 3, [8,16) => 5, [16,32) => 11, [32,64) => 14, [64,128) => 1164, [128,256) => 305385, [256,512) => 389893
   Buffers: shared hit=642471 read=39095
 Settings: enable_bitmapscan = 'off', enable_seqscan = 'off', max_parallel_workers_per_gather = '0'
 Planning:
   Buffers: shared hit=82 read=27
 Planning Time: 2.109 ms
 Execution Time: 575.394 ms
(12 rows)

SET
SET
SET
SET
SET
                                             QUERY PLAN                                             
----------------------------------------------------------------------------------------------------
 Index Scan Backward using idx on public.t (actual rows=1048576.00 loops=1)
   Output: a, b
   Index Cond: ((t.a >= '-272232'::integer) AND (t.a <= '-10089'::integer))
   Index Searches: 1
   Buffers: shared hit=681566
 Settings: enable_bitmapscan = 'off', enable_seqscan = 'off', max_parallel_workers_per_gather = '0'
 Planning:
   Buffers: shared hit=114
 Planning Time: 0.213 ms
 Execution Time: 216.035 ms
(10 rows)

