SET
SET
SET
SET
SET
                                                                      QUERY PLAN                                                                      
------------------------------------------------------------------------------------------------------------------------------------------------------
 Index Scan Backward using idx on public.t (actual rows=3048576.00 loops=1)
   Output: a, b
   Index Cond: ((t.a >= '-781230'::integer) AND (t.a <= '-19087'::integer))
   Index Searches: 1
   Prefetch: distance=249.908 count=2001509 stalls=1 skipped=1069773 resets=0 ungets=23222 forwarded=2
             histogram [2,4) => 2, [4,8) => 6, [8,16) => 9, [16,32) => 9, [32,64) => 269, [64,128) => 4215, [128,256) => 937017, [256,512) => 1059982
   Buffers: shared hit=1892669 read=90520
 Settings: enable_bitmapscan = 'off', enable_seqscan = 'off', max_parallel_workers_per_gather = '0'
 Planning:
   Buffers: shared hit=82 read=27
 Planning Time: 2.088 ms
 Execution Time: 1513.854 ms
(12 rows)

SET
SET
SET
SET
SET
                                             QUERY PLAN                                             
----------------------------------------------------------------------------------------------------
 Index Scan Backward using idx on public.t (actual rows=3048576.00 loops=1)
   Output: a, b
   Index Cond: ((t.a >= '-781230'::integer) AND (t.a <= '-19087'::integer))
   Index Searches: 1
   Buffers: shared hit=1983189
 Settings: enable_bitmapscan = 'off', enable_seqscan = 'off', max_parallel_workers_per_gather = '0'
 Planning:
   Buffers: shared hit=114
 Planning Time: 0.220 ms
 Execution Time: 625.397 ms
(10 rows)

