SET
SET
SET
SET
SET
                                                                              QUERY PLAN                                                                               
-----------------------------------------------------------------------------------------------------------------------------------------------------------------------
 Index Scan Backward using idx on public.t (actual rows=8048576.00 loops=1)
   Output: a, b
   Index Cond: ((t.a >= '-2016383'::integer) AND (t.a <= '-4240'::integer))
   Index Searches: 1
   Prefetch: distance=246.649 count=4794917 stalls=462422 skipped=2824448 resets=0 ungets=33662 forwarded=2
             histogram [2,4) => 31772, [4,8) => 17169, [8,16) => 2683, [16,32) => 1841, [32,64) => 1709, [64,128) => 10976, [128,256) => 2268053, [256,512) => 2460714
   Buffers: shared hit=5020260 read=215769
 Settings: enable_bitmapscan = 'off', enable_seqscan = 'off', max_parallel_workers_per_gather = '0'
 Planning:
   Buffers: shared hit=82 read=27
 Planning Time: 2.138 ms
 Execution Time: 3829.056 ms
(12 rows)

SET
SET
SET
SET
SET
                                             QUERY PLAN                                             
----------------------------------------------------------------------------------------------------
 Index Scan Backward using idx on public.t (actual rows=8048576.00 loops=1)
   Output: a, b
   Index Cond: ((t.a >= '-2016383'::integer) AND (t.a <= '-4240'::integer))
   Index Searches: 1
   Buffers: shared hit=5236029
 Settings: enable_bitmapscan = 'off', enable_seqscan = 'off', max_parallel_workers_per_gather = '0'
 Planning:
   Buffers: shared hit=114
 Planning Time: 0.235 ms
 Execution Time: 1639.254 ms
(10 rows)

