SET
SET
SET
SET
SET
                                                                      QUERY PLAN                                                                      
------------------------------------------------------------------------------------------------------------------------------------------------------
 Index Scan Backward using idx on public.t (actual rows=2048576.00 loops=1)
   Output: a, b
   Index Cond: ((t.a >= '-530915'::integer) AND (t.a <= '-18772'::integer))
   Index Searches: 1
   Prefetch: distance=250.381 count=1349281 stalls=1 skipped=719340 resets=0 ungets=20485 forwarded=2
             histogram [2,4) => 2, [4,8) => 3, [8,16) => 7, [16,32) => 16, [32,64) => 201, [64,128) => 2360, [128,256) => 620788, [256,512) => 725904
   Buffers: shared hit=1266962 read=65184
 Settings: enable_bitmapscan = 'off', enable_seqscan = 'off', max_parallel_workers_per_gather = '0'
 Planning:
   Buffers: shared hit=82 read=27
 Planning Time: 2.094 ms
 Execution Time: 1040.679 ms
(12 rows)

SET
SET
SET
SET
SET
                                             QUERY PLAN                                             
----------------------------------------------------------------------------------------------------
 Index Scan Backward using idx on public.t (actual rows=2048576.00 loops=1)
   Output: a, b
   Index Cond: ((t.a >= '-530915'::integer) AND (t.a <= '-18772'::integer))
   Index Searches: 1
   Buffers: shared hit=1332146
 Settings: enable_bitmapscan = 'off', enable_seqscan = 'off', max_parallel_workers_per_gather = '0'
 Planning:
   Buffers: shared hit=114
 Planning Time: 0.215 ms
 Execution Time: 423.176 ms
(10 rows)

