SET
SET
SET
SET
                                             QUERY PLAN                                             
----------------------------------------------------------------------------------------------------
 Index Scan Backward using idx on public.t (actual rows=32.00 loops=1)
   Output: a, b
   Index Cond: ((t.a >= '-2784'::integer) AND (t.a <= '-2777'::integer))
   Index Searches: 1
   Buffers: shared hit=5 read=23
 Settings: enable_bitmapscan = 'off', enable_seqscan = 'off', max_parallel_workers_per_gather = '0'
 Planning:
   Buffers: shared hit=86 read=27
 Planning Time: 1.056 ms
 Execution Time: 1.696 ms
(10 rows)

SET
SET
SET
SET
                                             QUERY PLAN                                             
----------------------------------------------------------------------------------------------------
 Index Scan Backward using idx on public.t (actual rows=32.00 loops=1)
   Output: a, b
   Index Cond: ((t.a >= '-2784'::integer) AND (t.a <= '-2777'::integer))
   Index Searches: 1
   Buffers: shared hit=28
 Settings: enable_bitmapscan = 'off', enable_seqscan = 'off', max_parallel_workers_per_gather = '0'
 Planning:
   Buffers: shared hit=118
 Planning Time: 0.127 ms
 Execution Time: 0.033 ms
(10 rows)

