SET
SET
SET
SET
SET
                                                                              QUERY PLAN                                                                              
----------------------------------------------------------------------------------------------------------------------------------------------------------------------
 Index Scan Backward using idx on public.t (actual rows=7048576.00 loops=1)
   Output: a, b
   Index Cond: ((t.a >= '-1782964'::integer) AND (t.a <= '-20821'::integer))
   Index Searches: 1
   Prefetch: distance=246.288 count=4144680 stalls=462422 skipped=2473751 resets=0 ungets=32536 forwarded=2
             histogram [2,4) => 31772, [4,8) => 17168, [8,16) => 2660, [16,32) => 1714, [32,64) => 1488, [64,128) => 9423, [128,256) => 1950990, [256,512) => 2129465
   Buffers: shared hit=4393397 read=191901
 Settings: enable_bitmapscan = 'off', enable_seqscan = 'off', max_parallel_workers_per_gather = '0'
 Planning:
   Buffers: shared hit=82 read=27
 Planning Time: 2.108 ms
 Execution Time: 3449.918 ms
(12 rows)

SET
SET
SET
SET
SET
                                             QUERY PLAN                                             
----------------------------------------------------------------------------------------------------
 Index Scan Backward using idx on public.t (actual rows=7048576.00 loops=1)
   Output: a, b
   Index Cond: ((t.a >= '-1782964'::integer) AND (t.a <= '-20821'::integer))
   Index Searches: 1
   Buffers: shared hit=4585298
 Settings: enable_bitmapscan = 'off', enable_seqscan = 'off', max_parallel_workers_per_gather = '0'
 Planning:
   Buffers: shared hit=114
 Planning Time: 0.227 ms
 Execution Time: 1439.655 ms
(10 rows)

