SET
SET
SET
SET
SET
                                                                           QUERY PLAN                                                                            
-----------------------------------------------------------------------------------------------------------------------------------------------------------------
 Index Scan Backward using idx on public.t (actual rows=5048576.00 loops=1)
   Output: a, b
   Index Cond: ((t.a >= '-1291896'::integer) AND (t.a <= '-29753'::integer))
   Index Searches: 1
   Prefetch: distance=248.564 count=3183252 stalls=122358 skipped=1771450 resets=0 ungets=29087 forwarded=2
             histogram [2,4) => 8446, [4,8) => 4375, [8,16) => 684, [16,32) => 392, [32,64) => 492, [64,128) => 6542, [128,256) => 1503090, [256,512) => 1659231
   Buffers: shared hit=3142519 read=141954
 Settings: enable_bitmapscan = 'off', enable_seqscan = 'off', max_parallel_workers_per_gather = '0'
 Planning:
   Buffers: shared hit=82 read=27
 Planning Time: 2.157 ms
 Execution Time: 2552.024 ms
(12 rows)

SET
SET
SET
SET
SET
                                             QUERY PLAN                                             
----------------------------------------------------------------------------------------------------
 Index Scan Backward using idx on public.t (actual rows=5048576.00 loops=1)
   Output: a, b
   Index Cond: ((t.a >= '-1291896'::integer) AND (t.a <= '-29753'::integer))
   Index Searches: 1
   Buffers: shared hit=3284473
 Settings: enable_bitmapscan = 'off', enable_seqscan = 'off', max_parallel_workers_per_gather = '0'
 Planning:
   Buffers: shared hit=114
 Planning Time: 0.220 ms
 Execution Time: 1031.792 ms
(10 rows)

