SET
SET
SET
SET
SET
                                                                              QUERY PLAN                                                                               
-----------------------------------------------------------------------------------------------------------------------------------------------------------------------
 Index Scan Backward using idx on public.t (actual rows=8048576.00 loops=1)
   Output: a, b
   Index Cond: ((t.a >= '-2028530'::integer) AND (t.a <= '-16387'::integer))
   Index Searches: 1
   Prefetch: distance=246.656 count=4795972 stalls=462423 skipped=2824431 resets=0 ungets=34877 forwarded=3
             histogram [2,4) => 31772, [4,8) => 17168, [8,16) => 2677, [16,32) => 1845, [32,64) => 1709, [64,128) => 11007, [128,256) => 2266837, [256,512) => 2462957
   Buffers: shared hit=5019109 read=216865
 Settings: enable_bitmapscan = 'off', enable_seqscan = 'off', max_parallel_workers_per_gather = '0'
 Planning:
   Buffers: shared hit=82 read=27
 Planning Time: 2.103 ms
 Execution Time: 3885.930 ms
(12 rows)

SET
SET
SET
SET
SET
                                             QUERY PLAN                                             
----------------------------------------------------------------------------------------------------
 Index Scan Backward using idx on public.t (actual rows=8048576.00 loops=1)
   Output: a, b
   Index Cond: ((t.a >= '-2028530'::integer) AND (t.a <= '-16387'::integer))
   Index Searches: 1
   Buffers: shared hit=5235974
 Settings: enable_bitmapscan = 'off', enable_seqscan = 'off', max_parallel_workers_per_gather = '0'
 Planning:
   Buffers: shared hit=114
 Planning Time: 0.225 ms
 Execution Time: 1646.773 ms
(10 rows)

