SET
SET
SET
SET
SET
                                                                      QUERY PLAN                                                                      
------------------------------------------------------------------------------------------------------------------------------------------------------
 Index Scan Backward using idx on public.t (actual rows=2048576.00 loops=1)
   Output: a, b
   Index Cond: ((t.a >= '-520663'::integer) AND (t.a <= '-8520'::integer))
   Index Searches: 1
   Prefetch: distance=250.345 count=1348730 stalls=1 skipped=719436 resets=0 ungets=19622 forwarded=2
             histogram [2,4) => 2, [4,8) => 3, [8,16) => 5, [16,32) => 13, [32,64) => 200, [64,128) => 2404, [128,256) => 621409, [256,512) => 724694
   Buffers: shared hit=1267964 read=64240
 Settings: enable_bitmapscan = 'off', enable_seqscan = 'off', max_parallel_workers_per_gather = '0'
 Planning:
   Buffers: shared hit=82 read=27
 Planning Time: 2.087 ms
 Execution Time: 1031.663 ms
(12 rows)

SET
SET
SET
SET
SET
                                             QUERY PLAN                                             
----------------------------------------------------------------------------------------------------
 Index Scan Backward using idx on public.t (actual rows=2048576.00 loops=1)
   Output: a, b
   Index Cond: ((t.a >= '-520663'::integer) AND (t.a <= '-8520'::integer))
   Index Searches: 1
   Buffers: shared hit=1332204
 Settings: enable_bitmapscan = 'off', enable_seqscan = 'off', max_parallel_workers_per_gather = '0'
 Planning:
   Buffers: shared hit=114
 Planning Time: 0.221 ms
 Execution Time: 421.655 ms
(10 rows)

