SET
SET
SET
SET
SET
                                                                      QUERY PLAN                                                                       
-------------------------------------------------------------------------------------------------------------------------------------------------------
 Index Scan Backward using idx on public.t (actual rows=3048576.00 loops=1)
   Output: a, b
   Index Cond: ((t.a >= '-779734'::integer) AND (t.a <= '-17591'::integer))
   Index Searches: 1
   Prefetch: distance=249.896 count=2001367 stalls=1 skipped=1069774 resets=0 ungets=23053 forwarded=2
             histogram [2,4) => 2, [4,8) => 3, [8,16) => 5, [16,32) => 13, [32,64) => 269, [64,128) => 4209, [128,256) => 937226, [256,512) => 1059640
   Buffers: shared hit=1892819 read=90378
 Settings: enable_bitmapscan = 'off', enable_seqscan = 'off', max_parallel_workers_per_gather = '0'
 Planning:
   Buffers: shared hit=82 read=27
 Planning Time: 2.096 ms
 Execution Time: 1517.673 ms
(12 rows)

SET
SET
SET
SET
SET
                                             QUERY PLAN                                             
----------------------------------------------------------------------------------------------------
 Index Scan Backward using idx on public.t (actual rows=3048576.00 loops=1)
   Output: a, b
   Index Cond: ((t.a >= '-779734'::integer) AND (t.a <= '-17591'::integer))
   Index Searches: 1
   Buffers: shared hit=1983197
 Settings: enable_bitmapscan = 'off', enable_seqscan = 'off', max_parallel_workers_per_gather = '0'
 Planning:
   Buffers: shared hit=114
 Planning Time: 0.264 ms
 Execution Time: 624.854 ms
(10 rows)

