SET
SET
SET
SET
SET
                                                                              QUERY PLAN                                                                               
-----------------------------------------------------------------------------------------------------------------------------------------------------------------------
 Index Scan Backward using idx on public.t (actual rows=9048576.00 loops=1)
   Output: a, b
   Index Cond: ((t.a >= '-2283674'::integer) AND (t.a <= '-21531'::integer))
   Index Searches: 1
   Prefetch: distance=246.891 count=5448645 stalls=462422 skipped=3175864 resets=0 ungets=38446 forwarded=4
             histogram [2,4) => 31772, [4,8) => 17168, [8,16) => 2677, [16,32) => 1855, [32,64) => 1964, [64,128) => 13479, [128,256) => 2584494, [256,512) => 2795236
   Buffers: shared hit=5643808 read=242422
 Settings: enable_bitmapscan = 'off', enable_seqscan = 'off', max_parallel_workers_per_gather = '0'
 Planning:
   Buffers: shared hit=82 read=27
 Planning Time: 2.093 ms
 Execution Time: 4336.378 ms
(12 rows)

SET
SET
SET
SET
SET
                                             QUERY PLAN                                             
----------------------------------------------------------------------------------------------------
 Index Scan Backward using idx on public.t (actual rows=9048576.00 loops=1)
   Output: a, b
   Index Cond: ((t.a >= '-2283674'::integer) AND (t.a <= '-21531'::integer))
   Index Searches: 1
   Buffers: shared hit=5886230
 Settings: enable_bitmapscan = 'off', enable_seqscan = 'off', max_parallel_workers_per_gather = '0'
 Planning:
   Buffers: shared hit=114
 Planning Time: 0.219 ms
 Execution Time: 1843.632 ms
(10 rows)

