SET
SET
SET
SET
SET
                                                                  QUERY PLAN                                                                  
----------------------------------------------------------------------------------------------------------------------------------------------
 Index Scan Backward using idx on public.t (actual rows=65536.00 loops=1)
   Output: a, b
   Index Cond: ((t.a >= '-38593'::integer) AND (t.a <= '-22210'::integer))
   Index Searches: 1
   Prefetch: distance=268.305 count=56316 stalls=1 skipped=23046 resets=0 ungets=13874 forwarded=0
             histogram [2,4) => 2, [4,8) => 3, [8,16) => 8, [16,32) => 11, [32,64) => 2, [64,128) => 2, [128,256) => 2902, [256,512) => 53386
   Buffers: shared hit=28575 read=14003
 Settings: enable_bitmapscan = 'off', enable_seqscan = 'off', max_parallel_workers_per_gather = '0'
 Planning:
   Buffers: shared hit=86 read=27
 Planning Time: 2.097 ms
 Execution Time: 120.732 ms
(12 rows)

SET
SET
SET
SET
SET
                                             QUERY PLAN                                             
----------------------------------------------------------------------------------------------------
 Index Scan Backward using idx on public.t (actual rows=65536.00 loops=1)
   Output: a, b
   Index Cond: ((t.a >= '-38593'::integer) AND (t.a <= '-22210'::integer))
   Index Searches: 1
   Buffers: shared hit=42578
 Settings: enable_bitmapscan = 'off', enable_seqscan = 'off', max_parallel_workers_per_gather = '0'
 Planning:
   Buffers: shared hit=118
 Planning Time: 0.217 ms
 Execution Time: 18.310 ms
(10 rows)

