SET
SET
SET
SET
SET
                                                               QUERY PLAN                                                               
----------------------------------------------------------------------------------------------------------------------------------------
 Index Scan Backward using idx on public.t (actual rows=1024.00 loops=1)
   Output: a, b
   Index Cond: ((t.a >= '-6979'::integer) AND (t.a <= '-6724'::integer))
   Index Searches: 1
   Prefetch: distance=259.708 count=610 stalls=1 skipped=165 resets=0 ungets=287 forwarded=0
             histogram [2,4) => 6, [4,8) => 6, [8,16) => 7, [16,32) => 6, [32,64) => 2, [64,128) => 2, [128,256) => 2, [256,512) => 579
   Buffers: shared hit=25 read=659
 Settings: enable_bitmapscan = 'off', enable_seqscan = 'off', max_parallel_workers_per_gather = '0'
 Planning:
   Buffers: shared hit=86 read=27
 Planning Time: 1.027 ms
 Execution Time: 27.674 ms
(12 rows)

SET
SET
SET
SET
SET
                                             QUERY PLAN                                             
----------------------------------------------------------------------------------------------------
 Index Scan Backward using idx on public.t (actual rows=1024.00 loops=1)
   Output: a, b
   Index Cond: ((t.a >= '-6979'::integer) AND (t.a <= '-6724'::integer))
   Index Searches: 1
   Buffers: shared hit=684
 Settings: enable_bitmapscan = 'off', enable_seqscan = 'off', max_parallel_workers_per_gather = '0'
 Planning:
   Buffers: shared hit=118
 Planning Time: 0.156 ms
 Execution Time: 0.432 ms
(10 rows)

