SET
SET
SET
SET
SET
                                                                       QUERY PLAN                                                                       
--------------------------------------------------------------------------------------------------------------------------------------------------------
 Index Scan Backward using idx on public.t (actual rows=4048576.00 loops=1)
   Output: a, b
   Index Cond: ((t.a >= '-1026256'::integer) AND (t.a <= '-14113'::integer))
   Index Searches: 1
   Prefetch: distance=249.716 count=2653147 stalls=1 skipped=1420619 resets=0 ungets=25562 forwarded=2
             histogram [2,4) => 2, [4,8) => 3, [8,16) => 5, [16,32) => 18, [32,64) => 283, [64,128) => 5520, [128,256) => 1253573, [256,512) => 1393743
   Buffers: shared hit=2518544 read=115356
 Settings: enable_bitmapscan = 'off', enable_seqscan = 'off', max_parallel_workers_per_gather = '0'
 Planning:
   Buffers: shared hit=82 read=27
 Planning Time: 2.094 ms
 Execution Time: 1964.201 ms
(12 rows)

SET
SET
SET
SET
SET
                                             QUERY PLAN                                             
----------------------------------------------------------------------------------------------------
 Index Scan Backward using idx on public.t (actual rows=4048576.00 loops=1)
   Output: a, b
   Index Cond: ((t.a >= '-1026256'::integer) AND (t.a <= '-14113'::integer))
   Index Searches: 1
   Buffers: shared hit=2633900
 Settings: enable_bitmapscan = 'off', enable_seqscan = 'off', max_parallel_workers_per_gather = '0'
 Planning:
   Buffers: shared hit=114
 Planning Time: 0.225 ms
 Execution Time: 831.303 ms
(10 rows)

