SET
SET
SET
SET
SET
                                                                             QUERY PLAN                                                                             
--------------------------------------------------------------------------------------------------------------------------------------------------------------------
 Index Scan Backward using idx on public.t (actual rows=6048576.00 loops=1)
   Output: a, b
   Index Cond: ((t.a >= '-1544215'::integer) AND (t.a <= '-32072'::integer))
   Index Searches: 1
   Prefetch: distance=247.727 count=3718886 stalls=238852 skipped=2122788 resets=0 ungets=31961 forwarded=2
             histogram [2,4) => 16546, [4,8) => 8879, [8,16) => 1243, [16,32) => 903, [32,64) => 1053, [64,128) => 8034, [128,256) => 1755208, [256,512) => 1927020
   Buffers: shared hit=3767301 read=167544
 Settings: enable_bitmapscan = 'off', enable_seqscan = 'off', max_parallel_workers_per_gather = '0'
 Planning:
   Buffers: shared hit=82 read=27
 Planning Time: 2.084 ms
 Execution Time: 2911.828 ms
(12 rows)

SET
SET
SET
SET
SET
                                             QUERY PLAN                                             
----------------------------------------------------------------------------------------------------
 Index Scan Backward using idx on public.t (actual rows=6048576.00 loops=1)
   Output: a, b
   Index Cond: ((t.a >= '-1544215'::integer) AND (t.a <= '-32072'::integer))
   Index Searches: 1
   Buffers: shared hit=3934845
 Settings: enable_bitmapscan = 'off', enable_seqscan = 'off', max_parallel_workers_per_gather = '0'
 Planning:
   Buffers: shared hit=114
 Planning Time: 0.215 ms
 Execution Time: 1236.213 ms
(10 rows)

