SET
SET
SET
SET
SET
                                                                    QUERY PLAN                                                                     
---------------------------------------------------------------------------------------------------------------------------------------------------
 Index Scan Backward using idx on public.t (actual rows=524288.00 loops=1)
   Output: a, b
   Index Cond: ((t.a >= '-158703'::integer) AND (t.a <= '-27632'::integer))
   Index Searches: 1
   Prefetch: distance=253.502 count=356765 stalls=1 skipped=184175 resets=0 ungets=17056 forwarded=0
             histogram [2,4) => 2, [4,8) => 7, [8,16) => 6, [16,32) => 8, [32,64) => 13, [64,128) => 566, [128,256) => 139659, [256,512) => 216504
   Buffers: shared hit=313415 read=27355
 Settings: enable_bitmapscan = 'off', enable_seqscan = 'off', max_parallel_workers_per_gather = '0'
 Planning:
   Buffers: shared hit=82 read=27
 Planning Time: 2.097 ms
 Execution Time: 347.920 ms
(12 rows)

SET
SET
SET
SET
SET
                                             QUERY PLAN                                             
----------------------------------------------------------------------------------------------------
 Index Scan Backward using idx on public.t (actual rows=524288.00 loops=1)
   Output: a, b
   Index Cond: ((t.a >= '-158703'::integer) AND (t.a <= '-27632'::integer))
   Index Searches: 1
   Buffers: shared hit=340770
 Settings: enable_bitmapscan = 'off', enable_seqscan = 'off', max_parallel_workers_per_gather = '0'
 Planning:
   Buffers: shared hit=114
 Planning Time: 0.194 ms
 Execution Time: 108.806 ms
(10 rows)

