SET
SET
SET
SET
SET
                                                                              QUERY PLAN                                                                               
-----------------------------------------------------------------------------------------------------------------------------------------------------------------------
 Index Scan Backward using idx on public.t (actual rows=8048576.00 loops=1)
   Output: a, b
   Index Cond: ((t.a >= '-2020691'::integer) AND (t.a <= '-8548'::integer))
   Index Searches: 1
   Prefetch: distance=246.657 count=4795189 stalls=462422 skipped=2824402 resets=0 ungets=34024 forwarded=2
             histogram [2,4) => 31772, [4,8) => 17168, [8,16) => 2677, [16,32) => 1845, [32,64) => 1709, [64,128) => 10945, [128,256) => 2267335, [256,512) => 2461738
   Buffers: shared hit=5019862 read=216170
 Settings: enable_bitmapscan = 'off', enable_seqscan = 'off', max_parallel_workers_per_gather = '0'
 Planning:
   Buffers: shared hit=82 read=27
 Planning Time: 2.131 ms
 Execution Time: 3876.529 ms
(12 rows)

SET
SET
SET
SET
SET
                                             QUERY PLAN                                             
----------------------------------------------------------------------------------------------------
 Index Scan Backward using idx on public.t (actual rows=8048576.00 loops=1)
   Output: a, b
   Index Cond: ((t.a >= '-2020691'::integer) AND (t.a <= '-8548'::integer))
   Index Searches: 1
   Buffers: shared hit=5236032
 Settings: enable_bitmapscan = 'off', enable_seqscan = 'off', max_parallel_workers_per_gather = '0'
 Planning:
   Buffers: shared hit=114
 Planning Time: 0.219 ms
 Execution Time: 1671.965 ms
(10 rows)

