SET
SET
SET
SET
SET
                                                                              QUERY PLAN                                                                               
-----------------------------------------------------------------------------------------------------------------------------------------------------------------------
 Index Scan Backward using idx on public.t (actual rows=9048576.00 loops=1)
   Output: a, b
   Index Cond: ((t.a >= '-2282087'::integer) AND (t.a <= '-19944'::integer))
   Index Searches: 1
   Prefetch: distance=246.892 count=5448013 stalls=462422 skipped=3175736 resets=0 ungets=38022 forwarded=4
             histogram [2,4) => 31772, [4,8) => 17168, [8,16) => 2677, [16,32) => 1855, [32,64) => 1964, [64,128) => 13430, [128,256) => 2584630, [256,512) => 2794517
   Buffers: shared hit=5643926 read=242310
 Settings: enable_bitmapscan = 'off', enable_seqscan = 'off', max_parallel_workers_per_gather = '0'
 Planning:
   Buffers: shared hit=82 read=27
 Planning Time: 2.107 ms
 Execution Time: 4322.519 ms
(12 rows)

SET
SET
SET
SET
SET
                                             QUERY PLAN                                             
----------------------------------------------------------------------------------------------------
 Index Scan Backward using idx on public.t (actual rows=9048576.00 loops=1)
   Output: a, b
   Index Cond: ((t.a >= '-2282087'::integer) AND (t.a <= '-19944'::integer))
   Index Searches: 1
   Buffers: shared hit=5886236
 Settings: enable_bitmapscan = 'off', enable_seqscan = 'off', max_parallel_workers_per_gather = '0'
 Planning:
   Buffers: shared hit=114
 Planning Time: 0.212 ms
 Execution Time: 1846.495 ms
(10 rows)

