SET
SET
SET
SET
SET
                                                                      QUERY PLAN                                                                      
------------------------------------------------------------------------------------------------------------------------------------------------------
 Index Scan Backward using idx on public.t (actual rows=2048576.00 loops=1)
   Output: a, b
   Index Cond: ((t.a >= '-529016'::integer) AND (t.a <= '-16873'::integer))
   Index Searches: 1
   Prefetch: distance=250.397 count=1349545 stalls=1 skipped=719534 resets=0 ungets=20523 forwarded=2
             histogram [2,4) => 2, [4,8) => 3, [8,16) => 5, [16,32) => 14, [32,64) => 201, [64,128) => 2383, [128,256) => 620134, [256,512) => 726803
   Buffers: shared hit=1267071 read=65038
 Settings: enable_bitmapscan = 'off', enable_seqscan = 'off', max_parallel_workers_per_gather = '0'
 Planning:
   Buffers: shared hit=82 read=27
 Planning Time: 2.221 ms
 Execution Time: 1030.495 ms
(12 rows)

SET
SET
SET
SET
SET
                                             QUERY PLAN                                             
----------------------------------------------------------------------------------------------------
 Index Scan Backward using idx on public.t (actual rows=2048576.00 loops=1)
   Output: a, b
   Index Cond: ((t.a >= '-529016'::integer) AND (t.a <= '-16873'::integer))
   Index Searches: 1
   Buffers: shared hit=1332109
 Settings: enable_bitmapscan = 'off', enable_seqscan = 'off', max_parallel_workers_per_gather = '0'
 Planning:
   Buffers: shared hit=114
 Planning Time: 0.228 ms
 Execution Time: 422.993 ms
(10 rows)

