SET
SET
SET
SET
SET
                                                                              QUERY PLAN                                                                              
----------------------------------------------------------------------------------------------------------------------------------------------------------------------
 Index Scan Backward using idx on public.t (actual rows=7048576.00 loops=1)
   Output: a, b
   Index Cond: ((t.a >= '-1770810'::integer) AND (t.a <= '-8667'::integer))
   Index Searches: 1
   Prefetch: distance=246.291 count=4143579 stalls=462422 skipped=2473764 resets=0 ungets=31300 forwarded=2
             histogram [2,4) => 31772, [4,8) => 17168, [8,16) => 2660, [16,32) => 1718, [32,64) => 1498, [64,128) => 9286, [128,256) => 1950990, [256,512) => 2128487
   Buffers: shared hit=4394472 read=190860
 Settings: enable_bitmapscan = 'off', enable_seqscan = 'off', max_parallel_workers_per_gather = '0'
 Planning:
   Buffers: shared hit=82 read=27
 Planning Time: 2.081 ms
 Execution Time: 3397.697 ms
(12 rows)

SET
SET
SET
SET
SET
                                             QUERY PLAN                                             
----------------------------------------------------------------------------------------------------
 Index Scan Backward using idx on public.t (actual rows=7048576.00 loops=1)
   Output: a, b
   Index Cond: ((t.a >= '-1770810'::integer) AND (t.a <= '-8667'::integer))
   Index Searches: 1
   Buffers: shared hit=4585332
 Settings: enable_bitmapscan = 'off', enable_seqscan = 'off', max_parallel_workers_per_gather = '0'
 Planning:
   Buffers: shared hit=114
 Planning Time: 0.217 ms
 Execution Time: 1435.594 ms
(10 rows)

