SET
SET
SET
SET
                                             QUERY PLAN                                             
----------------------------------------------------------------------------------------------------
 Index Scan Backward using idx on public.t (actual rows=4.00 loops=1)
   Output: a, b
   Index Cond: ((t.a >= 13837) AND (t.a <= 13837))
   Index Searches: 1
   Buffers: shared hit=5 read=5
 Settings: enable_bitmapscan = 'off', enable_seqscan = 'off', max_parallel_workers_per_gather = '0'
 Planning:
   Buffers: shared hit=82 read=26
 Planning Time: 2.033 ms
 Execution Time: 0.530 ms
(10 rows)

SET
SET
SET
SET
                                             QUERY PLAN                                             
----------------------------------------------------------------------------------------------------
 Index Scan Backward using idx on public.t (actual rows=4.00 loops=1)
   Output: a, b
   Index Cond: ((t.a >= 13837) AND (t.a <= 13837))
   Index Searches: 1
   Buffers: shared hit=10
 Settings: enable_bitmapscan = 'off', enable_seqscan = 'off', max_parallel_workers_per_gather = '0'
 Planning:
   Buffers: shared hit=113
 Planning Time: 0.180 ms
 Execution Time: 0.032 ms
(10 rows)

