SET
SET
SET
SET
SET
                                                               QUERY PLAN                                                               
----------------------------------------------------------------------------------------------------------------------------------------
 Index Scan Backward using idx on public.t (actual rows=256.00 loops=1)
   Output: a, b
   Index Cond: ((t.a >= '-32135'::integer) AND (t.a <= '-32072'::integer))
   Index Searches: 1
   Prefetch: distance=250.749 count=291 stalls=1 skipped=88 resets=0 ungets=135 forwarded=0
             histogram [2,4) => 2, [4,8) => 3, [8,16) => 5, [16,32) => 9, [32,64) => 2, [64,128) => 2, [128,256) => 2, [256,512) => 266
   Buffers: shared hit=5 read=166
 Settings: enable_bitmapscan = 'off', enable_seqscan = 'off', max_parallel_workers_per_gather = '0'
 Planning:
   Buffers: shared hit=86 read=27
 Planning Time: 1.029 ms
 Execution Time: 2.709 ms
(12 rows)

SET
SET
SET
SET
SET
                                             QUERY PLAN                                             
----------------------------------------------------------------------------------------------------
 Index Scan Backward using idx on public.t (actual rows=256.00 loops=1)
   Output: a, b
   Index Cond: ((t.a >= '-32135'::integer) AND (t.a <= '-32072'::integer))
   Index Searches: 1
   Buffers: shared hit=171
 Settings: enable_bitmapscan = 'off', enable_seqscan = 'off', max_parallel_workers_per_gather = '0'
 Planning:
   Buffers: shared hit=118
 Planning Time: 0.145 ms
 Execution Time: 0.128 ms
(10 rows)

