SET
SET
SET
SET
SET
                                                                QUERY PLAN                                                                
------------------------------------------------------------------------------------------------------------------------------------------
 Index Scan Backward using idx on public.t (actual rows=2048.00 loops=1)
   Output: a, b
   Index Cond: ((t.a >= '-27595'::integer) AND (t.a <= '-27084'::integer))
   Index Searches: 1
   Prefetch: distance=268.423 count=1839 stalls=1 skipped=493 resets=0 ungets=876 forwarded=0
             histogram [2,4) => 2, [4,8) => 3, [8,16) => 5, [16,32) => 12, [32,64) => 2, [64,128) => 2, [128,256) => 2, [256,512) => 1811
   Buffers: shared hit=76 read=1272
 Settings: enable_bitmapscan = 'off', enable_seqscan = 'off', max_parallel_workers_per_gather = '0'
 Planning:
   Buffers: shared hit=86 read=27
 Planning Time: 1.906 ms
 Execution Time: 35.285 ms
(12 rows)

SET
SET
SET
SET
SET
                                             QUERY PLAN                                             
----------------------------------------------------------------------------------------------------
 Index Scan Backward using idx on public.t (actual rows=2048.00 loops=1)
   Output: a, b
   Index Cond: ((t.a >= '-27595'::integer) AND (t.a <= '-27084'::integer))
   Index Searches: 1
   Buffers: shared hit=1348
 Settings: enable_bitmapscan = 'off', enable_seqscan = 'off', max_parallel_workers_per_gather = '0'
 Planning:
   Buffers: shared hit=118
 Planning Time: 0.202 ms
 Execution Time: 0.986 ms
(10 rows)

