SET
SET
SET
SET
SET
                                                                      QUERY PLAN                                                                      
------------------------------------------------------------------------------------------------------------------------------------------------------
 Index Scan Backward using idx on public.t (actual rows=2048576.00 loops=1)
   Output: a, b
   Index Cond: ((t.a >= '-533647'::integer) AND (t.a <= '-21504'::integer))
   Index Searches: 1
   Prefetch: distance=250.396 count=1349873 stalls=1 skipped=719377 resets=0 ungets=20874 forwarded=2
             histogram [2,4) => 2, [4,8) => 3, [8,16) => 5, [16,32) => 16, [32,64) => 200, [64,128) => 2359, [128,256) => 620764, [256,512) => 726524
   Buffers: shared hit=1266782 read=65418
 Settings: enable_bitmapscan = 'off', enable_seqscan = 'off', max_parallel_workers_per_gather = '0'
 Planning:
   Buffers: shared hit=82 read=27
 Planning Time: 2.092 ms
 Execution Time: 1046.700 ms
(12 rows)

SET
SET
SET
SET
SET
                                             QUERY PLAN                                             
----------------------------------------------------------------------------------------------------
 Index Scan Backward using idx on public.t (actual rows=2048576.00 loops=1)
   Output: a, b
   Index Cond: ((t.a >= '-533647'::integer) AND (t.a <= '-21504'::integer))
   Index Searches: 1
   Buffers: shared hit=1332200
 Settings: enable_bitmapscan = 'off', enable_seqscan = 'off', max_parallel_workers_per_gather = '0'
 Planning:
   Buffers: shared hit=114
 Planning Time: 0.259 ms
 Execution Time: 421.831 ms
(10 rows)

