SET
SET
SET
SET
SET
                                                                           QUERY PLAN                                                                            
-----------------------------------------------------------------------------------------------------------------------------------------------------------------
 Index Scan Backward using idx on public.t (actual rows=5048576.00 loops=1)
   Output: a, b
   Index Cond: ((t.a >= '-1284767'::integer) AND (t.a <= '-22624'::integer))
   Index Searches: 1
   Prefetch: distance=248.556 count=3182833 stalls=122358 skipped=1771544 resets=0 ungets=28554 forwarded=2
             histogram [2,4) => 8446, [4,8) => 4375, [8,16) => 684, [16,32) => 389, [32,64) => 492, [64,128) => 6563, [128,256) => 1503215, [256,512) => 1658669
   Buffers: shared hit=3143074 read=141390
 Settings: enable_bitmapscan = 'off', enable_seqscan = 'off', max_parallel_workers_per_gather = '0'
 Planning:
   Buffers: shared hit=82 read=27
 Planning Time: 2.095 ms
 Execution Time: 2514.381 ms
(12 rows)

SET
SET
SET
SET
SET
                                             QUERY PLAN                                             
----------------------------------------------------------------------------------------------------
 Index Scan Backward using idx on public.t (actual rows=5048576.00 loops=1)
   Output: a, b
   Index Cond: ((t.a >= '-1284767'::integer) AND (t.a <= '-22624'::integer))
   Index Searches: 1
   Buffers: shared hit=3284464
 Settings: enable_bitmapscan = 'off', enable_seqscan = 'off', max_parallel_workers_per_gather = '0'
 Planning:
   Buffers: shared hit=114
 Planning Time: 0.223 ms
 Execution Time: 1029.662 ms
(10 rows)

