SET
SET
SET
SET
SET
                                                                     QUERY PLAN                                                                     
----------------------------------------------------------------------------------------------------------------------------------------------------
 Index Scan Backward using idx on public.t (actual rows=1048576.00 loops=1)
   Output: a, b
   Index Cond: ((t.a >= '-291649'::integer) AND (t.a <= '-29506'::integer))
   Index Searches: 1
   Prefetch: distance=251.553 count=698499 stalls=1 skipped=368600 resets=0 ungets=18779 forwarded=0
             histogram [2,4) => 2, [4,8) => 3, [8,16) => 5, [16,32) => 9, [32,64) => 13, [64,128) => 1165, [128,256) => 303976, [256,512) => 393326
   Buffers: shared hit=640696 read=40765
 Settings: enable_bitmapscan = 'off', enable_seqscan = 'off', max_parallel_workers_per_gather = '0'
 Planning:
   Buffers: shared hit=82 read=27
 Planning Time: 2.100 ms
 Execution Time: 577.736 ms
(12 rows)

SET
SET
SET
SET
SET
                                             QUERY PLAN                                             
----------------------------------------------------------------------------------------------------
 Index Scan Backward using idx on public.t (actual rows=1048576.00 loops=1)
   Output: a, b
   Index Cond: ((t.a >= '-291649'::integer) AND (t.a <= '-29506'::integer))
   Index Searches: 1
   Buffers: shared hit=681461
 Settings: enable_bitmapscan = 'off', enable_seqscan = 'off', max_parallel_workers_per_gather = '0'
 Planning:
   Buffers: shared hit=114
 Planning Time: 0.197 ms
 Execution Time: 219.504 ms
(10 rows)

