SET
SET
SET
SET
SET
                                                                             QUERY PLAN                                                                             
--------------------------------------------------------------------------------------------------------------------------------------------------------------------
 Index Scan Backward using idx on public.t (actual rows=6048576.00 loops=1)
   Output: a, b
   Index Cond: ((t.a >= '-1542730'::integer) AND (t.a <= '-30587'::integer))
   Index Searches: 1
   Prefetch: distance=247.751 count=3721385 stalls=235397 skipped=2122607 resets=0 ungets=31420 forwarded=2
             histogram [2,4) => 16290, [4,8) => 8741, [8,16) => 1236, [16,32) => 897, [32,64) => 1052, [64,128) => 8033, [128,256) => 1757351, [256,512) => 1927785
   Buffers: shared hit=3767413 read=167406
 Settings: enable_bitmapscan = 'off', enable_seqscan = 'off', max_parallel_workers_per_gather = '0'
 Planning:
   Buffers: shared hit=82 read=27
 Planning Time: 2.183 ms
 Execution Time: 2980.754 ms
(12 rows)

SET
SET
SET
SET
SET
                                             QUERY PLAN                                             
----------------------------------------------------------------------------------------------------
 Index Scan Backward using idx on public.t (actual rows=6048576.00 loops=1)
   Output: a, b
   Index Cond: ((t.a >= '-1542730'::integer) AND (t.a <= '-30587'::integer))
   Index Searches: 1
   Buffers: shared hit=3934819
 Settings: enable_bitmapscan = 'off', enable_seqscan = 'off', max_parallel_workers_per_gather = '0'
 Planning:
   Buffers: shared hit=114
 Planning Time: 0.221 ms
 Execution Time: 1240.676 ms
(10 rows)

