SET
SET
SET
SET
SET
                                                                              QUERY PLAN                                                                               
-----------------------------------------------------------------------------------------------------------------------------------------------------------------------
 Index Scan Backward using idx on public.t (actual rows=8048576.00 loops=1)
   Output: a, b
   Index Cond: ((t.a >= '-2038599'::integer) AND (t.a <= '-26456'::integer))
   Index Searches: 1
   Prefetch: distance=246.664 count=4797211 stalls=462422 skipped=2824471 resets=0 ungets=35959 forwarded=2
             histogram [2,4) => 31772, [4,8) => 17168, [8,16) => 2677, [16,32) => 1845, [32,64) => 1709, [64,128) => 11022, [128,256) => 2266624, [256,512) => 2464394
   Buffers: shared hit=5018326 read=217676
 Settings: enable_bitmapscan = 'off', enable_seqscan = 'off', max_parallel_workers_per_gather = '0'
 Planning:
   Buffers: shared hit=82 read=27
 Planning Time: 2.094 ms
 Execution Time: 3910.751 ms
(12 rows)

SET
SET
SET
SET
SET
                                             QUERY PLAN                                             
----------------------------------------------------------------------------------------------------
 Index Scan Backward using idx on public.t (actual rows=8048576.00 loops=1)
   Output: a, b
   Index Cond: ((t.a >= '-2038599'::integer) AND (t.a <= '-26456'::integer))
   Index Searches: 1
   Buffers: shared hit=5236002
 Settings: enable_bitmapscan = 'off', enable_seqscan = 'off', max_parallel_workers_per_gather = '0'
 Planning:
   Buffers: shared hit=114
 Planning Time: 0.218 ms
 Execution Time: 1640.056 ms
(10 rows)

