SET
SET
SET
SET
                                             QUERY PLAN                                             
----------------------------------------------------------------------------------------------------
 Index Scan Backward using idx on public.t (actual rows=8192.00 loops=1)
   Output: a, b
   Index Cond: ((t.a >= '-34755'::integer) AND (t.a <= '-32708'::integer))
   Index Searches: 1
   Buffers: shared hit=1039 read=4313
 Settings: enable_bitmapscan = 'off', enable_seqscan = 'off', max_parallel_workers_per_gather = '0'
 Planning:
   Buffers: shared hit=81 read=27
 Planning Time: 2.082 ms
 Execution Time: 277.451 ms
(10 rows)

SET
SET
SET
SET
                                             QUERY PLAN                                             
----------------------------------------------------------------------------------------------------
 Index Scan Backward using idx on public.t (actual rows=8192.00 loops=1)
   Output: a, b
   Index Cond: ((t.a >= '-34755'::integer) AND (t.a <= '-32708'::integer))
   Index Searches: 1
   Buffers: shared hit=5352
 Settings: enable_bitmapscan = 'off', enable_seqscan = 'off', max_parallel_workers_per_gather = '0'
 Planning:
   Buffers: shared hit=113
 Planning Time: 0.187 ms
 Execution Time: 2.922 ms
(10 rows)

