SET
SET
SET
SET
SET
                                                                        QUERY PLAN                                                                         
-----------------------------------------------------------------------------------------------------------------------------------------------------------
 Index Scan Backward using idx on public.t (actual rows=524288.00 loops=1)
   Output: a, b
   Index Cond: ((t.a >= '-159831'::integer) AND (t.a <= '-28760'::integer))
   Index Searches: 1
   Prefetch: distance=249.381 count=150406 stalls=212649 skipped=183720 resets=0 ungets=22534 forwarded=1
             histogram [2,4) => 4204, [4,8) => 1898, [8,16) => 102, [16,32) => 64, [32,64) => 75, [64,128) => 176, [128,256) => 32984, [256,512) => 110903
   Buffers: shared hit=313919 read=27427
 Settings: enable_bitmapscan = 'off', enable_seqscan = 'off', max_parallel_workers_per_gather = '0'
 Planning:
   Buffers: shared hit=77 read=27
 Planning Time: 2.143 ms
 Execution Time: 435.631 ms
(12 rows)

SET
SET
SET
SET
SET
                                             QUERY PLAN                                             
----------------------------------------------------------------------------------------------------
 Index Scan Backward using idx on public.t (actual rows=524288.00 loops=1)
   Output: a, b
   Index Cond: ((t.a >= '-159831'::integer) AND (t.a <= '-28760'::integer))
   Index Searches: 1
   Buffers: shared hit=341346
 Settings: enable_bitmapscan = 'off', enable_seqscan = 'off', max_parallel_workers_per_gather = '0'
 Planning:
   Buffers: shared hit=109
 Planning Time: 0.227 ms
 Execution Time: 109.448 ms
(10 rows)

