SET
SET
SET
SET
SET
                                                                      QUERY PLAN                                                                       
-------------------------------------------------------------------------------------------------------------------------------------------------------
 Index Scan Backward using idx on public.t (actual rows=262144.00 loops=1)
   Output: a, b
   Index Cond: ((t.a >= '-67374'::integer) AND (t.a <= '-1839'::integer))
   Index Searches: 1
   Prefetch: distance=258.996 count=101819 stalls=84552 skipped=91797 resets=0 ungets=16315 forwarded=1
             histogram [2,4) => 738, [4,8) => 196, [8,16) => 17, [16,32) => 31, [32,64) => 58, [64,128) => 100, [128,256) => 21142, [256,512) => 79537
   Buffers: shared hit=152264 read=18370
 Settings: enable_bitmapscan = 'off', enable_seqscan = 'off', max_parallel_workers_per_gather = '0'
 Planning:
   Buffers: shared hit=77 read=27
 Planning Time: 2.075 ms
 Execution Time: 222.134 ms
(12 rows)

SET
SET
SET
SET
SET
                                             QUERY PLAN                                             
----------------------------------------------------------------------------------------------------
 Index Scan Backward using idx on public.t (actual rows=262144.00 loops=1)
   Output: a, b
   Index Cond: ((t.a >= '-67374'::integer) AND (t.a <= '-1839'::integer))
   Index Searches: 1
   Buffers: shared hit=170634
 Settings: enable_bitmapscan = 'off', enable_seqscan = 'off', max_parallel_workers_per_gather = '0'
 Planning:
   Buffers: shared hit=109
 Planning Time: 0.241 ms
 Execution Time: 49.579 ms
(10 rows)

