SET
SET
SET
SET
SET
                                                                          QUERY PLAN                                                                           
---------------------------------------------------------------------------------------------------------------------------------------------------------------
 Index Scan Backward using idx on public.t (actual rows=2048576.00 loops=1)
   Output: a, b
   Index Cond: ((t.a >= '-516614'::integer) AND (t.a <= '-4471'::integer))
   Index Searches: 1
   Prefetch: distance=246.935 count=991877 stalls=366339 skipped=718728 resets=0 ungets=28699 forwarded=1
             histogram [2,4) => 7624, [4,8) => 3473, [8,16) => 228, [16,32) => 178, [32,64) => 522, [64,128) => 3909, [128,256) => 442842, [256,512) => 533101
   Buffers: shared hit=1268945 read=63871
 Settings: enable_bitmapscan = 'off', enable_seqscan = 'off', max_parallel_workers_per_gather = '0'
 Planning:
   Buffers: shared hit=77 read=27
 Planning Time: 2.070 ms
 Execution Time: 1239.770 ms
(12 rows)

SET
SET
SET
SET
SET
                                             QUERY PLAN                                             
----------------------------------------------------------------------------------------------------
 Index Scan Backward using idx on public.t (actual rows=2048576.00 loops=1)
   Output: a, b
   Index Cond: ((t.a >= '-516614'::integer) AND (t.a <= '-4471'::integer))
   Index Searches: 1
   Buffers: shared hit=1332817
 Settings: enable_bitmapscan = 'off', enable_seqscan = 'off', max_parallel_workers_per_gather = '0'
 Planning:
   Buffers: shared hit=109
 Planning Time: 0.188 ms
 Execution Time: 414.423 ms
(10 rows)

