SET
SET
SET
SET
SET
                                                                          QUERY PLAN                                                                           
---------------------------------------------------------------------------------------------------------------------------------------------------------------
 Index Scan Backward using idx on public.t (actual rows=3048576.00 loops=1)
   Output: a, b
   Index Cond: ((t.a >= '-772741'::integer) AND (t.a <= '-10598'::integer))
   Index Searches: 1
   Prefetch: distance=247.732 count=1659472 stalls=350576 skipped=1070052 resets=0 ungets=31651 forwarded=0
             histogram [2,4) => 7610, [4,8) => 3483, [8,16) => 244, [16,32) => 209, [32,64) => 818, [64,128) => 6413, [128,256) => 764009, [256,512) => 876686
   Buffers: shared hit=1893283 read=89763
 Settings: enable_bitmapscan = 'off', enable_seqscan = 'off', max_parallel_workers_per_gather = '0'
 Planning:
   Buffers: shared hit=77 read=27
 Planning Time: 2.097 ms
 Execution Time: 1708.746 ms
(12 rows)

SET
SET
SET
SET
SET
                                             QUERY PLAN                                             
----------------------------------------------------------------------------------------------------
 Index Scan Backward using idx on public.t (actual rows=3048576.00 loops=1)
   Output: a, b
   Index Cond: ((t.a >= '-772741'::integer) AND (t.a <= '-10598'::integer))
   Index Searches: 1
   Buffers: shared hit=1983046
 Settings: enable_bitmapscan = 'off', enable_seqscan = 'off', max_parallel_workers_per_gather = '0'
 Planning:
   Buffers: shared hit=109
 Planning Time: 0.234 ms
 Execution Time: 621.697 ms
(10 rows)

