SET
SET
SET
SET
SET
                                                                      QUERY PLAN                                                                      
------------------------------------------------------------------------------------------------------------------------------------------------------
 Index Scan Backward using idx on public.t (actual rows=131072.00 loops=1)
   Output: a, b
   Index Cond: ((t.a >= '-35840'::integer) AND (t.a <= '-3073'::integer))
   Index Searches: 1
   Prefetch: distance=259.491 count=87436 stalls=11093 skipped=45827 resets=0 ungets=13691 forwarded=3
             histogram [2,4) => 194, [4,8) => 18, [8,16) => 20, [16,32) => 21, [32,64) => 34, [64,128) => 214, [128,256) => 18911, [256,512) => 68024
   Buffers: shared hit=70203 read=15105
 Settings: enable_bitmapscan = 'off', enable_seqscan = 'off', max_parallel_workers_per_gather = '0'
 Planning:
   Buffers: shared hit=81 read=27
 Planning Time: 2.075 ms
 Execution Time: 155.494 ms
(12 rows)

SET
SET
SET
SET
SET
                                             QUERY PLAN                                             
----------------------------------------------------------------------------------------------------
 Index Scan Backward using idx on public.t (actual rows=131072.00 loops=1)
   Output: a, b
   Index Cond: ((t.a >= '-35840'::integer) AND (t.a <= '-3073'::integer))
   Index Searches: 1
   Buffers: shared hit=85308
 Settings: enable_bitmapscan = 'off', enable_seqscan = 'off', max_parallel_workers_per_gather = '0'
 Planning:
   Buffers: shared hit=113
 Planning Time: 0.197 ms
 Execution Time: 24.020 ms
(10 rows)

