SET
SET
SET
SET
SET
                                                                            QUERY PLAN                                                                             
-------------------------------------------------------------------------------------------------------------------------------------------------------------------
 Index Scan Backward using idx on public.t (actual rows=7048576.00 loops=1)
   Output: a, b
   Index Cond: ((t.a >= '-1790953'::integer) AND (t.a <= '-28810'::integer))
   Index Searches: 1
   Prefetch: distance=248.370 count=4284443 stalls=332413 skipped=2474200 resets=0 ungets=42659 forwarded=2
             histogram [2,4) => 9280, [4,8) => 4489, [8,16) => 606, [16,32) => 578, [32,64) => 1375, [64,128) => 12289, [128,256) => 2035942, [256,512) => 2219884
   Buffers: shared hit=4392336 read=192537
 Settings: enable_bitmapscan = 'off', enable_seqscan = 'off', max_parallel_workers_per_gather = '0'
 Planning:
   Buffers: shared hit=77 read=27
 Planning Time: 2.072 ms
 Execution Time: 3597.395 ms
(12 rows)

SET
SET
SET
SET
SET
                                             QUERY PLAN                                             
----------------------------------------------------------------------------------------------------
 Index Scan Backward using idx on public.t (actual rows=7048576.00 loops=1)
   Output: a, b
   Index Cond: ((t.a >= '-1790953'::integer) AND (t.a <= '-28810'::integer))
   Index Searches: 1
   Buffers: shared hit=4584873
 Settings: enable_bitmapscan = 'off', enable_seqscan = 'off', max_parallel_workers_per_gather = '0'
 Planning:
   Buffers: shared hit=109
 Planning Time: 0.218 ms
 Execution Time: 1433.202 ms
(10 rows)

