SET
SET
SET
SET
SET
                                                                            QUERY PLAN                                                                             
-------------------------------------------------------------------------------------------------------------------------------------------------------------------
 Index Scan Backward using idx on public.t (actual rows=6048576.00 loops=1)
   Output: a, b
   Index Cond: ((t.a >= '-1543156'::integer) AND (t.a <= '-31013'::integer))
   Index Searches: 1
   Prefetch: distance=248.414 count=3660577 stalls=304756 skipped=2123025 resets=0 ungets=40085 forwarded=0
             histogram [2,4) => 7792, [4,8) => 3634, [8,16) => 383, [16,32) => 396, [32,64) => 1186, [64,128) => 10856, [128,256) => 1735153, [256,512) => 1901177
   Buffers: shared hit=3767017 read=167479
 Settings: enable_bitmapscan = 'off', enable_seqscan = 'off', max_parallel_workers_per_gather = '0'
 Planning:
   Buffers: shared hit=77 read=27
 Planning Time: 2.078 ms
 Execution Time: 3124.049 ms
(12 rows)

SET
SET
SET
SET
SET
                                             QUERY PLAN                                             
----------------------------------------------------------------------------------------------------
 Index Scan Backward using idx on public.t (actual rows=6048576.00 loops=1)
   Output: a, b
   Index Cond: ((t.a >= '-1543156'::integer) AND (t.a <= '-31013'::integer))
   Index Searches: 1
   Buffers: shared hit=3934496
 Settings: enable_bitmapscan = 'off', enable_seqscan = 'off', max_parallel_workers_per_gather = '0'
 Planning:
   Buffers: shared hit=109
 Planning Time: 0.224 ms
 Execution Time: 1237.791 ms
(10 rows)

