SET
SET
SET
SET
SET
                                                                             QUERY PLAN                                                                             
--------------------------------------------------------------------------------------------------------------------------------------------------------------------
 Index Scan Backward using idx on public.t (actual rows=9048576.00 loops=1)
   Output: a, b
   Index Cond: ((t.a >= '-2265262'::integer) AND (t.a <= '-3119'::integer))
   Index Searches: 1
   Prefetch: distance=248.406 count=5503590 stalls=416385 skipped=3175914 resets=0 ungets=47608 forwarded=2
             histogram [2,4) => 10900, [4,8) => 5324, [8,16) => 723, [16,32) => 798, [32,64) => 1979, [64,128) => 15586, [128,256) => 2624722, [256,512) => 2843558
   Buffers: shared hit=5645284 read=240827
 Settings: enable_bitmapscan = 'off', enable_seqscan = 'off', max_parallel_workers_per_gather = '0'
 Planning:
   Buffers: shared hit=77 read=27
 Planning Time: 2.080 ms
 Execution Time: 4564.597 ms
(12 rows)

SET
SET
SET
SET
SET
                                             QUERY PLAN                                             
----------------------------------------------------------------------------------------------------
 Index Scan Backward using idx on public.t (actual rows=9048576.00 loops=1)
   Output: a, b
   Index Cond: ((t.a >= '-2265262'::integer) AND (t.a <= '-3119'::integer))
   Index Searches: 1
   Buffers: shared hit=5886112
 Settings: enable_bitmapscan = 'off', enable_seqscan = 'off', max_parallel_workers_per_gather = '0'
 Planning:
   Buffers: shared hit=109
 Planning Time: 0.214 ms
 Execution Time: 1854.453 ms
(10 rows)

