SET
SET
SET
SET
SET
                                                                          QUERY PLAN                                                                           
---------------------------------------------------------------------------------------------------------------------------------------------------------------
 Index Scan Backward using idx on public.t (actual rows=1048576.00 loops=1)
   Output: a, b
   Index Cond: ((t.a >= '-262460'::integer) AND (t.a <= '-317'::integer))
   Index Searches: 1
   Prefetch: distance=242.901 count=329337 stalls=377104 skipped=367603 resets=0 ungets=25879 forwarded=0
             histogram [2,4) => 7632, [4,8) => 3473, [8,16) => 228, [16,32) => 159, [32,64) => 262, [64,128) => 1899, [128,256) => 121029, [256,512) => 194655
   Buffers: shared hit=644183 read=38219
 Settings: enable_bitmapscan = 'off', enable_seqscan = 'off', max_parallel_workers_per_gather = '0'
 Planning:
   Buffers: shared hit=77 read=27
 Planning Time: 2.111 ms
 Execution Time: 758.477 ms
(12 rows)

SET
SET
SET
SET
SET
                                             QUERY PLAN                                             
----------------------------------------------------------------------------------------------------
 Index Scan Backward using idx on public.t (actual rows=1048576.00 loops=1)
   Output: a, b
   Index Cond: ((t.a >= '-262460'::integer) AND (t.a <= '-317'::integer))
   Index Searches: 1
   Buffers: shared hit=682402
 Settings: enable_bitmapscan = 'off', enable_seqscan = 'off', max_parallel_workers_per_gather = '0'
 Planning:
   Buffers: shared hit=109
 Planning Time: 0.248 ms
 Execution Time: 211.035 ms
(10 rows)

