SET
SET
SET
SET
SET
                                                                QUERY PLAN                                                                
------------------------------------------------------------------------------------------------------------------------------------------
 Index Scan Backward using idx on public.t (actual rows=8192.00 loops=1)
   Output: a, b
   Index Cond: ((t.a >= '-21786'::integer) AND (t.a <= '-19739'::integer))
   Index Searches: 1
   Prefetch: distance=271.053 count=9064 stalls=1 skipped=2777 resets=0 ungets=3953 forwarded=0
             histogram [2,4) => 2, [4,8) => 4, [8,16) => 11, [16,32) => 5, [32,64) => 2, [64,128) => 2, [128,256) => 2, [256,512) => 9036
   Buffers: shared hit=1150 read=4183
 Settings: enable_bitmapscan = 'off', enable_seqscan = 'off', max_parallel_workers_per_gather = '0'
 Planning:
   Buffers: shared hit=81 read=27
 Planning Time: 2.073 ms
 Execution Time: 54.989 ms
(12 rows)

SET
SET
SET
SET
SET
                                             QUERY PLAN                                             
----------------------------------------------------------------------------------------------------
 Index Scan Backward using idx on public.t (actual rows=8192.00 loops=1)
   Output: a, b
   Index Cond: ((t.a >= '-21786'::integer) AND (t.a <= '-19739'::integer))
   Index Searches: 1
   Buffers: shared hit=5333
 Settings: enable_bitmapscan = 'off', enable_seqscan = 'off', max_parallel_workers_per_gather = '0'
 Planning:
   Buffers: shared hit=113
 Planning Time: 0.205 ms
 Execution Time: 3.175 ms
(10 rows)

