SET
SET
SET
SET
SET
                                                                          QUERY PLAN                                                                           
---------------------------------------------------------------------------------------------------------------------------------------------------------------
 Index Scan Backward using idx on public.t (actual rows=2048576.00 loops=1)
   Output: a, b
   Index Cond: ((t.a >= '-513212'::integer) AND (t.a <= '-1069'::integer))
   Index Searches: 1
   Prefetch: distance=246.948 count=983317 stalls=375170 skipped=718800 resets=0 ungets=28794 forwarded=1
             histogram [2,4) => 7632, [4,8) => 3473, [8,16) => 228, [16,32) => 178, [32,64) => 522, [64,128) => 3909, [128,256) => 437833, [256,512) => 529542
   Buffers: shared hit=1269272 read=63551
 Settings: enable_bitmapscan = 'off', enable_seqscan = 'off', max_parallel_workers_per_gather = '0'
 Planning:
   Buffers: shared hit=77 read=27
 Planning Time: 2.069 ms
 Execution Time: 1237.949 ms
(12 rows)

SET
SET
SET
SET
SET
                                             QUERY PLAN                                             
----------------------------------------------------------------------------------------------------
 Index Scan Backward using idx on public.t (actual rows=2048576.00 loops=1)
   Output: a, b
   Index Cond: ((t.a >= '-513212'::integer) AND (t.a <= '-1069'::integer))
   Index Searches: 1
   Buffers: shared hit=1332823
 Settings: enable_bitmapscan = 'off', enable_seqscan = 'off', max_parallel_workers_per_gather = '0'
 Planning:
   Buffers: shared hit=109
 Planning Time: 0.221 ms
 Execution Time: 428.835 ms
(10 rows)

