SET
SET
SET
SET
SET
                                                                          QUERY PLAN                                                                           
---------------------------------------------------------------------------------------------------------------------------------------------------------------
 Index Scan Backward using idx on public.t (actual rows=3048576.00 loops=1)
   Output: a, b
   Index Cond: ((t.a >= '-778507'::integer) AND (t.a <= '-16364'::integer))
   Index Searches: 1
   Prefetch: distance=247.759 count=1674008 stalls=335656 skipped=1069915 resets=0 ungets=31482 forwarded=0
             histogram [2,4) => 7552, [4,8) => 3471, [8,16) => 250, [16,32) => 205, [32,64) => 818, [64,128) => 6413, [128,256) => 771150, [256,512) => 884149
   Buffers: shared hit=1892760 read=90300
 Settings: enable_bitmapscan = 'off', enable_seqscan = 'off', max_parallel_workers_per_gather = '0'
 Planning:
   Buffers: shared hit=77 read=27
 Planning Time: 2.087 ms
 Execution Time: 1707.510 ms
(12 rows)

SET
SET
SET
SET
SET
                                             QUERY PLAN                                             
----------------------------------------------------------------------------------------------------
 Index Scan Backward using idx on public.t (actual rows=3048576.00 loops=1)
   Output: a, b
   Index Cond: ((t.a >= '-778507'::integer) AND (t.a <= '-16364'::integer))
   Index Searches: 1
   Buffers: shared hit=1983060
 Settings: enable_bitmapscan = 'off', enable_seqscan = 'off', max_parallel_workers_per_gather = '0'
 Planning:
   Buffers: shared hit=109
 Planning Time: 0.229 ms
 Execution Time: 629.716 ms
(10 rows)

