SET
SET
SET
SET
SET
                                                                        QUERY PLAN                                                                         
-----------------------------------------------------------------------------------------------------------------------------------------------------------
 Index Scan Backward using idx on public.t (actual rows=524288.00 loops=1)
   Output: a, b
   Index Cond: ((t.a >= '-161436'::integer) AND (t.a <= '-30365'::integer))
   Index Searches: 1
   Prefetch: distance=249.086 count=153986 stalls=208518 skipped=183638 resets=0 ungets=22309 forwarded=1
             histogram [2,4) => 4142, [4,8) => 1889, [8,16) => 104, [16,32) => 63, [32,64) => 71, [64,128) => 339, [128,256) => 34991, [256,512) => 112387
   Buffers: shared hit=313715 read=27562
 Settings: enable_bitmapscan = 'off', enable_seqscan = 'off', max_parallel_workers_per_gather = '0'
 Planning:
   Buffers: shared hit=77 read=27
 Planning Time: 2.066 ms
 Execution Time: 449.887 ms
(12 rows)

SET
SET
SET
SET
SET
                                             QUERY PLAN                                             
----------------------------------------------------------------------------------------------------
 Index Scan Backward using idx on public.t (actual rows=524288.00 loops=1)
   Output: a, b
   Index Cond: ((t.a >= '-161436'::integer) AND (t.a <= '-30365'::integer))
   Index Searches: 1
   Buffers: shared hit=341277
 Settings: enable_bitmapscan = 'off', enable_seqscan = 'off', max_parallel_workers_per_gather = '0'
 Planning:
   Buffers: shared hit=109
 Planning Time: 0.194 ms
 Execution Time: 104.793 ms
(10 rows)

