SET
SET
SET
SET
SET
                                                                      QUERY PLAN                                                                      
------------------------------------------------------------------------------------------------------------------------------------------------------
 Index Scan Backward using idx on public.t (actual rows=131072.00 loops=1)
   Output: a, b
   Index Cond: ((t.a >= '-45702'::integer) AND (t.a <= '-12935'::integer))
   Index Searches: 1
   Prefetch: distance=259.648 count=90531 stalls=8770 skipped=45753 resets=0 ungets=14425 forwarded=2
             histogram [2,4) => 230, [4,8) => 33, [8,16) => 13, [16,32) => 39, [32,64) => 38, [64,128) => 162, [128,256) => 19567, [256,512) => 70449
   Buffers: shared hit=69404 read=15968
 Settings: enable_bitmapscan = 'off', enable_seqscan = 'off', max_parallel_workers_per_gather = '0'
 Planning:
   Buffers: shared hit=81 read=27
 Planning Time: 2.152 ms
 Execution Time: 167.788 ms
(12 rows)

SET
SET
SET
SET
SET
                                             QUERY PLAN                                             
----------------------------------------------------------------------------------------------------
 Index Scan Backward using idx on public.t (actual rows=131072.00 loops=1)
   Output: a, b
   Index Cond: ((t.a >= '-45702'::integer) AND (t.a <= '-12935'::integer))
   Index Searches: 1
   Buffers: shared hit=85372
 Settings: enable_bitmapscan = 'off', enable_seqscan = 'off', max_parallel_workers_per_gather = '0'
 Planning:
   Buffers: shared hit=113
 Planning Time: 0.193 ms
 Execution Time: 25.039 ms
(10 rows)

