SET
SET
SET
SET
SET
                                                                            QUERY PLAN                                                                             
-------------------------------------------------------------------------------------------------------------------------------------------------------------------
 Index Scan Backward using idx on public.t (actual rows=6048576.00 loops=1)
   Output: a, b
   Index Cond: ((t.a >= '-1529318'::integer) AND (t.a <= '-17175'::integer))
   Index Searches: 1
   Prefetch: distance=248.369 count=3624762 stalls=340360 skipped=2122941 resets=0 ungets=39882 forwarded=1
             histogram [2,4) => 8002, [4,8) => 3732, [8,16) => 387, [16,32) => 395, [32,64) => 1186, [64,128) => 10839, [128,256) => 1718328, [256,512) => 1881893
   Buffers: shared hit=3768265 read=166284
 Settings: enable_bitmapscan = 'off', enable_seqscan = 'off', max_parallel_workers_per_gather = '0'
 Planning:
   Buffers: shared hit=77 read=27
 Planning Time: 2.040 ms
 Execution Time: 3117.586 ms
(12 rows)

SET
SET
SET
SET
SET
                                             QUERY PLAN                                             
----------------------------------------------------------------------------------------------------
 Index Scan Backward using idx on public.t (actual rows=6048576.00 loops=1)
   Output: a, b
   Index Cond: ((t.a >= '-1529318'::integer) AND (t.a <= '-17175'::integer))
   Index Searches: 1
   Buffers: shared hit=3934550
 Settings: enable_bitmapscan = 'off', enable_seqscan = 'off', max_parallel_workers_per_gather = '0'
 Planning:
   Buffers: shared hit=109
 Planning Time: 0.217 ms
 Execution Time: 1234.594 ms
(10 rows)

