SET
SET
SET
SET
SET
                                                                          QUERY PLAN                                                                           
---------------------------------------------------------------------------------------------------------------------------------------------------------------
 Index Scan Backward using idx on public.t (actual rows=2048576.00 loops=1)
   Output: a, b
   Index Cond: ((t.a >= '-534630'::integer) AND (t.a <= '-22487'::integer))
   Index Searches: 1
   Prefetch: distance=247.103 count=1038707 stalls=319774 skipped=718794 resets=0 ungets=28950 forwarded=1
             histogram [2,4) => 7454, [4,8) => 3396, [8,16) => 225, [16,32) => 178, [32,64) => 522, [64,128) => 4019, [128,256) => 465232, [256,512) => 557681
   Buffers: shared hit=1267278 read=65487
 Settings: enable_bitmapscan = 'off', enable_seqscan = 'off', max_parallel_workers_per_gather = '0'
 Planning:
   Buffers: shared hit=77 read=27
 Planning Time: 2.079 ms
 Execution Time: 1231.427 ms
(12 rows)

SET
SET
SET
SET
SET
                                             QUERY PLAN                                             
----------------------------------------------------------------------------------------------------
 Index Scan Backward using idx on public.t (actual rows=2048576.00 loops=1)
   Output: a, b
   Index Cond: ((t.a >= '-534630'::integer) AND (t.a <= '-22487'::integer))
   Index Searches: 1
   Buffers: shared hit=1332766
 Settings: enable_bitmapscan = 'off', enable_seqscan = 'off', max_parallel_workers_per_gather = '0'
 Planning:
   Buffers: shared hit=109
 Planning Time: 0.183 ms
 Execution Time: 416.389 ms
(10 rows)

