SET
SET
SET
SET
SET
                                                                            QUERY PLAN                                                                             
-------------------------------------------------------------------------------------------------------------------------------------------------------------------
 Index Scan Backward using idx on public.t (actual rows=6048576.00 loops=1)
   Output: a, b
   Index Cond: ((t.a >= '-1538503'::integer) AND (t.a <= '-26360'::integer))
   Index Searches: 1
   Prefetch: distance=248.399 count=3648367 stalls=316716 skipped=2123012 resets=0 ungets=39914 forwarded=0
             histogram [2,4) => 7874, [4,8) => 3664, [8,16) => 389, [16,32) => 394, [32,64) => 1186, [64,128) => 10820, [128,256) => 1729551, [256,512) => 1894489
   Buffers: shared hit=3767411 read=167085
 Settings: enable_bitmapscan = 'off', enable_seqscan = 'off', max_parallel_workers_per_gather = '0'
 Planning:
   Buffers: shared hit=77 read=27
 Planning Time: 2.067 ms
 Execution Time: 3130.026 ms
(12 rows)

SET
SET
SET
SET
SET
                                             QUERY PLAN                                             
----------------------------------------------------------------------------------------------------
 Index Scan Backward using idx on public.t (actual rows=6048576.00 loops=1)
   Output: a, b
   Index Cond: ((t.a >= '-1538503'::integer) AND (t.a <= '-26360'::integer))
   Index Searches: 1
   Buffers: shared hit=3934496
 Settings: enable_bitmapscan = 'off', enable_seqscan = 'off', max_parallel_workers_per_gather = '0'
 Planning:
   Buffers: shared hit=109
 Planning Time: 0.227 ms
 Execution Time: 1259.743 ms
(10 rows)

