SET
SET
SET
SET
SET
                                                                            QUERY PLAN                                                                            
------------------------------------------------------------------------------------------------------------------------------------------------------------------
 Index Scan Backward using idx on public.t (actual rows=5048576.00 loops=1)
   Output: a, b
   Index Cond: ((t.a >= '-1269122'::integer) AND (t.a <= '-6979'::integer))
   Index Searches: 1
   Prefetch: distance=248.217 count=2946143 stalls=366693 skipped=1772176 resets=0 ungets=36791 forwarded=0
             histogram [2,4) => 8090, [4,8) => 3768, [8,16) => 386, [16,32) => 396, [32,64) => 1075, [64,128) => 9045, [128,256) => 1388644, [256,512) => 1534739
   Buffers: shared hit=3143808 read=140027
 Settings: enable_bitmapscan = 'off', enable_seqscan = 'off', max_parallel_workers_per_gather = '0'
 Planning:
   Buffers: shared hit=77 read=27
 Planning Time: 2.086 ms
 Execution Time: 2641.947 ms
(12 rows)

SET
SET
SET
SET
SET
                                             QUERY PLAN                                             
----------------------------------------------------------------------------------------------------
 Index Scan Backward using idx on public.t (actual rows=5048576.00 loops=1)
   Output: a, b
   Index Cond: ((t.a >= '-1269122'::integer) AND (t.a <= '-6979'::integer))
   Index Searches: 1
   Buffers: shared hit=3283835
 Settings: enable_bitmapscan = 'off', enable_seqscan = 'off', max_parallel_workers_per_gather = '0'
 Planning:
   Buffers: shared hit=109
 Planning Time: 0.233 ms
 Execution Time: 1038.592 ms
(10 rows)

