SET
SET
SET
SET
SET
                                                              QUERY PLAN                                                               
---------------------------------------------------------------------------------------------------------------------------------------
 Index Scan Backward using idx on public.t (actual rows=512.00 loops=1)
   Output: a, b
   Index Cond: ((t.a >= '-12126'::integer) AND (t.a <= '-11999'::integer))
   Index Searches: 1
   Prefetch: distance=214.178 count=107 stalls=1 skipped=39 resets=0 ungets=42 forwarded=0
             histogram [2,4) => 2, [4,8) => 3, [8,16) => 5, [16,32) => 9, [32,64) => 2, [64,128) => 2, [128,256) => 2, [256,512) => 82
   Buffers: shared hit=11 read=327
 Settings: enable_bitmapscan = 'off', enable_seqscan = 'off', max_parallel_workers_per_gather = '0'
 Planning:
   Buffers: shared hit=81 read=27
 Planning Time: 1.404 ms
 Execution Time: 19.082 ms
(12 rows)

SET
SET
SET
SET
SET
                                             QUERY PLAN                                             
----------------------------------------------------------------------------------------------------
 Index Scan Backward using idx on public.t (actual rows=512.00 loops=1)
   Output: a, b
   Index Cond: ((t.a >= '-12126'::integer) AND (t.a <= '-11999'::integer))
   Index Searches: 1
   Buffers: shared hit=338
 Settings: enable_bitmapscan = 'off', enable_seqscan = 'off', max_parallel_workers_per_gather = '0'
 Planning:
   Buffers: shared hit=113
 Planning Time: 0.188 ms
 Execution Time: 0.403 ms
(10 rows)

