SET
SET
SET
SET
SET
                                                                 QUERY PLAN                                                                  
---------------------------------------------------------------------------------------------------------------------------------------------
 Index Scan Backward using idx on public.t (actual rows=32768.00 loops=1)
   Output: a, b
   Index Cond: ((t.a >= '-32367'::integer) AND (t.a <= '-24176'::integer))
   Index Searches: 1
   Prefetch: distance=270.466 count=31305 stalls=1 skipped=11279 resets=0 ungets=10360 forwarded=0
             histogram [2,4) => 4, [4,8) => 4, [8,16) => 6, [16,32) => 11, [32,64) => 2, [64,128) => 2, [128,256) => 170, [256,512) => 31106
   Buffers: shared hit=10576 read=10768
 Settings: enable_bitmapscan = 'off', enable_seqscan = 'off', max_parallel_workers_per_gather = '0'
 Planning:
   Buffers: shared hit=81 read=27
 Planning Time: 2.100 ms
 Execution Time: 120.560 ms
(12 rows)

SET
SET
SET
SET
SET
                                             QUERY PLAN                                             
----------------------------------------------------------------------------------------------------
 Index Scan Backward using idx on public.t (actual rows=32768.00 loops=1)
   Output: a, b
   Index Cond: ((t.a >= '-32367'::integer) AND (t.a <= '-24176'::integer))
   Index Searches: 1
   Buffers: shared hit=21344
 Settings: enable_bitmapscan = 'off', enable_seqscan = 'off', max_parallel_workers_per_gather = '0'
 Planning:
   Buffers: shared hit=113
 Planning Time: 0.184 ms
 Execution Time: 8.221 ms
(10 rows)

