SET
SET
SET
SET
SET
                                                                          QUERY PLAN                                                                           
---------------------------------------------------------------------------------------------------------------------------------------------------------------
 Index Scan Backward using idx on public.t (actual rows=1048576.00 loops=1)
   Output: a, b
   Index Cond: ((t.a >= '-282153'::integer) AND (t.a <= '-20010'::integer))
   Index Searches: 1
   Prefetch: distance=243.551 count=380700 stalls=326132 skipped=367637 resets=0 ungets=26252 forwarded=0
             histogram [2,4) => 7506, [4,8) => 3427, [8,16) => 226, [16,32) => 159, [32,64) => 262, [64,128) => 2105, [128,256) => 147225, [256,512) => 219790
   Buffers: shared hit=642372 read=40010
 Settings: enable_bitmapscan = 'off', enable_seqscan = 'off', max_parallel_workers_per_gather = '0'
 Planning:
   Buffers: shared hit=77 read=27
 Planning Time: 2.092 ms
 Execution Time: 792.638 ms
(12 rows)

SET
SET
SET
SET
SET
                                             QUERY PLAN                                             
----------------------------------------------------------------------------------------------------
 Index Scan Backward using idx on public.t (actual rows=1048576.00 loops=1)
   Output: a, b
   Index Cond: ((t.a >= '-282153'::integer) AND (t.a <= '-20010'::integer))
   Index Searches: 1
   Buffers: shared hit=682382
 Settings: enable_bitmapscan = 'off', enable_seqscan = 'off', max_parallel_workers_per_gather = '0'
 Planning:
   Buffers: shared hit=109
 Planning Time: 0.217 ms
 Execution Time: 215.241 ms
(10 rows)

