SET
SET
SET
SET
SET
                                                                            QUERY PLAN                                                                             
-------------------------------------------------------------------------------------------------------------------------------------------------------------------
 Index Scan Backward using idx on public.t (actual rows=7048576.00 loops=1)
   Output: a, b
   Index Cond: ((t.a >= '-1763584'::integer) AND (t.a <= '-1441'::integer))
   Index Searches: 1
   Prefetch: distance=248.328 count=4213365 stalls=403040 skipped=2474259 resets=0 ungets=42343 forwarded=0
             histogram [2,4) => 9560, [4,8) => 4611, [8,16) => 610, [16,32) => 581, [32,64) => 1375, [64,128) => 12232, [128,256) => 2000661, [256,512) => 2183735
   Buffers: shared hit=4394653 read=190139
 Settings: enable_bitmapscan = 'off', enable_seqscan = 'off', max_parallel_workers_per_gather = '0'
 Planning:
   Buffers: shared hit=77 read=27
 Planning Time: 2.123 ms
 Execution Time: 3617.741 ms
(12 rows)

SET
SET
SET
SET
SET
                                             QUERY PLAN                                             
----------------------------------------------------------------------------------------------------
 Index Scan Backward using idx on public.t (actual rows=7048576.00 loops=1)
   Output: a, b
   Index Cond: ((t.a >= '-1763584'::integer) AND (t.a <= '-1441'::integer))
   Index Searches: 1
   Buffers: shared hit=4584792
 Settings: enable_bitmapscan = 'off', enable_seqscan = 'off', max_parallel_workers_per_gather = '0'
 Planning:
   Buffers: shared hit=109
 Planning Time: 0.243 ms
 Execution Time: 1439.415 ms
(10 rows)

