SET
SET
SET
SET
SET
                                                                          QUERY PLAN                                                                           
---------------------------------------------------------------------------------------------------------------------------------------------------------------
 Index Scan Backward using idx on public.t (actual rows=3048576.00 loops=1)
   Output: a, b
   Index Cond: ((t.a >= '-785079'::integer) AND (t.a <= '-22936'::integer))
   Index Searches: 1
   Prefetch: distance=247.770 count=1691447 stalls=318716 skipped=1070174 resets=0 ungets=31808 forwarded=0
             histogram [2,4) => 7466, [4,8) => 3413, [8,16) => 241, [16,32) => 209, [32,64) => 818, [64,128) => 6489, [128,256) => 780550, [256,512) => 892261
   Buffers: shared hit=1892112 read=90845
 Settings: enable_bitmapscan = 'off', enable_seqscan = 'off', max_parallel_workers_per_gather = '0'
 Planning:
   Buffers: shared hit=77 read=27
 Planning Time: 2.069 ms
 Execution Time: 1706.377 ms
(12 rows)

SET
SET
SET
SET
SET
                                             QUERY PLAN                                             
----------------------------------------------------------------------------------------------------
 Index Scan Backward using idx on public.t (actual rows=3048576.00 loops=1)
   Output: a, b
   Index Cond: ((t.a >= '-785079'::integer) AND (t.a <= '-22936'::integer))
   Index Searches: 1
   Buffers: shared hit=1982957
 Settings: enable_bitmapscan = 'off', enable_seqscan = 'off', max_parallel_workers_per_gather = '0'
 Planning:
   Buffers: shared hit=109
 Planning Time: 0.263 ms
 Execution Time: 626.833 ms
(10 rows)

