SET
SET
SET
SET
SET
                                                                            QUERY PLAN                                                                             
-------------------------------------------------------------------------------------------------------------------------------------------------------------------
 Index Scan Backward using idx on public.t (actual rows=6048576.00 loops=1)
   Output: a, b
   Index Cond: ((t.a >= '-1516050'::integer) AND (t.a <= '-3907'::integer))
   Index Searches: 1
   Prefetch: distance=248.345 count=3590749 stalls=374659 skipped=2123061 resets=0 ungets=39988 forwarded=2
             histogram [2,4) => 8102, [4,8) => 3769, [8,16) => 386, [16,32) => 396, [32,64) => 1186, [64,128) => 10839, [128,256) => 1701464, [256,512) => 1864607
   Buffers: shared hit=3769521 read=165023
 Settings: enable_bitmapscan = 'off', enable_seqscan = 'off', max_parallel_workers_per_gather = '0'
 Planning:
   Buffers: shared hit=77 read=27
 Planning Time: 2.080 ms
 Execution Time: 3122.385 ms
(12 rows)

SET
SET
SET
SET
SET
                                             QUERY PLAN                                             
----------------------------------------------------------------------------------------------------
 Index Scan Backward using idx on public.t (actual rows=6048576.00 loops=1)
   Output: a, b
   Index Cond: ((t.a >= '-1516050'::integer) AND (t.a <= '-3907'::integer))
   Index Searches: 1
   Buffers: shared hit=3934544
 Settings: enable_bitmapscan = 'off', enable_seqscan = 'off', max_parallel_workers_per_gather = '0'
 Planning:
   Buffers: shared hit=109
 Planning Time: 0.221 ms
 Execution Time: 1230.057 ms
(10 rows)

