SET
SET
SET
SET
SET
                                                                   QUERY PLAN                                                                   
------------------------------------------------------------------------------------------------------------------------------------------------
 Index Scan Backward using idx on public.t (actual rows=131072.00 loops=1)
   Output: a, b
   Index Cond: ((t.a >= 1489) AND (t.a <= 34256))
   Index Searches: 1
   Prefetch: distance=260.724 count=130685 stalls=11 skipped=1989 resets=0 ungets=1712 forwarded=0
             histogram [2,4) => 6, [4,8) => 5, [8,16) => 8, [16,32) => 15, [32,64) => 33, [64,128) => 6, [128,256) => 31188, [256,512) => 99424
   Buffers: shared hit=122754 read=6530
 Settings: enable_bitmapscan = 'off', enable_seqscan = 'off', max_parallel_workers_per_gather = '0'
 Planning:
   Buffers: shared hit=78 read=26
 Planning Time: 2.043 ms
 Execution Time: 66.415 ms
(12 rows)

SET
SET
SET
SET
SET
                                             QUERY PLAN                                             
----------------------------------------------------------------------------------------------------
 Index Scan Backward using idx on public.t (actual rows=131072.00 loops=1)
   Output: a, b
   Index Cond: ((t.a >= 1489) AND (t.a <= 34256))
   Index Searches: 1
   Buffers: shared hit=129284
 Settings: enable_bitmapscan = 'off', enable_seqscan = 'off', max_parallel_workers_per_gather = '0'
 Planning:
   Buffers: shared hit=109
 Planning Time: 0.183 ms
 Execution Time: 16.376 ms
(10 rows)

