SET
SET
SET
SET
SET
                                                                       QUERY PLAN                                                                        
---------------------------------------------------------------------------------------------------------------------------------------------------------
 Index Scan Backward using idx on public.t (actual rows=262144.00 loops=1)
   Output: a, b
   Index Cond: ((t.a >= '-94469'::integer) AND (t.a <= '-28934'::integer))
   Index Searches: 1
   Prefetch: distance=258.106 count=110708 stalls=77642 skipped=91582 resets=0 ungets=18243 forwarded=0
             histogram [2,4) => 1228, [4,8) => 397, [8,16) => 16, [16,32) => 27, [32,64) => 106, [64,128) => 268, [128,256) => 20271, [256,512) => 88395
   Buffers: shared hit=150011 read=20780
 Settings: enable_bitmapscan = 'off', enable_seqscan = 'off', max_parallel_workers_per_gather = '0'
 Planning:
   Buffers: shared hit=77 read=27
 Planning Time: 2.127 ms
 Execution Time: 254.259 ms
(12 rows)

SET
SET
SET
SET
SET
                                             QUERY PLAN                                             
----------------------------------------------------------------------------------------------------
 Index Scan Backward using idx on public.t (actual rows=262144.00 loops=1)
   Output: a, b
   Index Cond: ((t.a >= '-94469'::integer) AND (t.a <= '-28934'::integer))
   Index Searches: 1
   Buffers: shared hit=170791
 Settings: enable_bitmapscan = 'off', enable_seqscan = 'off', max_parallel_workers_per_gather = '0'
 Planning:
   Buffers: shared hit=109
 Planning Time: 0.188 ms
 Execution Time: 51.301 ms
(10 rows)

