SET
SET
SET
SET
SET
                                                                      QUERY PLAN                                                                      
------------------------------------------------------------------------------------------------------------------------------------------------------
 Index Scan Backward using idx on public.t (actual rows=131072.00 loops=1)
   Output: a, b
   Index Cond: ((t.a >= '-49481'::integer) AND (t.a <= '-16714'::integer))
   Index Searches: 1
   Prefetch: distance=260.172 count=92279 stalls=7776 skipped=45772 resets=0 ungets=14950 forwarded=2
             histogram [2,4) => 188, [4,8) => 39, [8,16) => 18, [16,32) => 26, [32,64) => 34, [64,128) => 143, [128,256) => 19838, [256,512) => 71993
   Buffers: shared hit=69154 read=16282
 Settings: enable_bitmapscan = 'off', enable_seqscan = 'off', max_parallel_workers_per_gather = '0'
 Planning:
   Buffers: shared hit=81 read=27
 Planning Time: 2.083 ms
 Execution Time: 156.950 ms
(12 rows)

SET
SET
SET
SET
SET
                                             QUERY PLAN                                             
----------------------------------------------------------------------------------------------------
 Index Scan Backward using idx on public.t (actual rows=131072.00 loops=1)
   Output: a, b
   Index Cond: ((t.a >= '-49481'::integer) AND (t.a <= '-16714'::integer))
   Index Searches: 1
   Buffers: shared hit=85436
 Settings: enable_bitmapscan = 'off', enable_seqscan = 'off', max_parallel_workers_per_gather = '0'
 Planning:
   Buffers: shared hit=113
 Planning Time: 0.191 ms
 Execution Time: 24.934 ms
(10 rows)

