SET
SET
SET
SET
SET
                                                                            QUERY PLAN                                                                             
-------------------------------------------------------------------------------------------------------------------------------------------------------------------
 Index Scan Backward using idx on public.t (actual rows=6048576.00 loops=1)
   Output: a, b
   Index Cond: ((t.a >= '-1517578'::integer) AND (t.a <= '-5435'::integer))
   Index Searches: 1
   Prefetch: distance=248.346 count=3594528 stalls=370708 skipped=2123028 resets=0 ungets=39883 forwarded=2
             histogram [2,4) => 8094, [4,8) => 3769, [8,16) => 386, [16,32) => 396, [32,64) => 1186, [64,128) => 10838, [128,256) => 1703491, [256,512) => 1866368
   Buffers: shared hit=3769381 read=165157
 Settings: enable_bitmapscan = 'off', enable_seqscan = 'off', max_parallel_workers_per_gather = '0'
 Planning:
   Buffers: shared hit=77 read=27
 Planning Time: 2.093 ms
 Execution Time: 3124.445 ms
(12 rows)

SET
SET
SET
SET
SET
                                             QUERY PLAN                                             
----------------------------------------------------------------------------------------------------
 Index Scan Backward using idx on public.t (actual rows=6048576.00 loops=1)
   Output: a, b
   Index Cond: ((t.a >= '-1517578'::integer) AND (t.a <= '-5435'::integer))
   Index Searches: 1
   Buffers: shared hit=3934538
 Settings: enable_bitmapscan = 'off', enable_seqscan = 'off', max_parallel_workers_per_gather = '0'
 Planning:
   Buffers: shared hit=109
 Planning Time: 0.227 ms
 Execution Time: 1243.496 ms
(10 rows)

