SET
SET
SET
SET
SET
                                                                          QUERY PLAN                                                                           
---------------------------------------------------------------------------------------------------------------------------------------------------------------
 Index Scan Backward using idx on public.t (actual rows=3048576.00 loops=1)
   Output: a, b
   Index Cond: ((t.a >= '-765824'::integer) AND (t.a <= '-3681'::integer))
   Index Searches: 1
   Prefetch: distance=247.711 count=1640888 stalls=368455 skipped=1069897 resets=0 ungets=31179 forwarded=0
             histogram [2,4) => 7646, [4,8) => 3491, [8,16) => 244, [16,32) => 213, [32,64) => 818, [64,128) => 6342, [128,256) => 755276, [256,512) => 866858
   Buffers: shared hit=1893950 read=89105
 Settings: enable_bitmapscan = 'off', enable_seqscan = 'off', max_parallel_workers_per_gather = '0'
 Planning:
   Buffers: shared hit=77 read=27
 Planning Time: 2.110 ms
 Execution Time: 1723.867 ms
(12 rows)

SET
SET
SET
SET
SET
                                             QUERY PLAN                                             
----------------------------------------------------------------------------------------------------
 Index Scan Backward using idx on public.t (actual rows=3048576.00 loops=1)
   Output: a, b
   Index Cond: ((t.a >= '-765824'::integer) AND (t.a <= '-3681'::integer))
   Index Searches: 1
   Buffers: shared hit=1983055
 Settings: enable_bitmapscan = 'off', enable_seqscan = 'off', max_parallel_workers_per_gather = '0'
 Planning:
   Buffers: shared hit=109
 Planning Time: 0.229 ms
 Execution Time: 643.929 ms
(10 rows)

