SET
SET
SET
SET
SET
                                                                           QUERY PLAN                                                                            
-----------------------------------------------------------------------------------------------------------------------------------------------------------------
 Index Scan Backward using idx on public.t (actual rows=4048576.00 loops=1)
   Output: a, b
   Index Cond: ((t.a >= '-1041684'::integer) AND (t.a <= '-29541'::integer))
   Index Searches: 1
   Prefetch: distance=248.131 count=2359664 stalls=301769 skipped=1421108 resets=0 ungets=34384 forwarded=0
             histogram [2,4) => 7360, [4,8) => 3365, [8,16) => 263, [16,32) => 254, [32,64) => 986, [64,128) => 7882, [128,256) => 1105534, [256,512) => 1234020
   Buffers: shared hit=2516705 read=116680
 Settings: enable_bitmapscan = 'off', enable_seqscan = 'off', max_parallel_workers_per_gather = '0'
 Planning:
   Buffers: shared hit=77 read=27
 Planning Time: 2.088 ms
 Execution Time: 2180.316 ms
(12 rows)

SET
SET
SET
SET
SET
                                             QUERY PLAN                                             
----------------------------------------------------------------------------------------------------
 Index Scan Backward using idx on public.t (actual rows=4048576.00 loops=1)
   Output: a, b
   Index Cond: ((t.a >= '-1041684'::integer) AND (t.a <= '-29541'::integer))
   Index Searches: 1
   Buffers: shared hit=2633385
 Settings: enable_bitmapscan = 'off', enable_seqscan = 'off', max_parallel_workers_per_gather = '0'
 Planning:
   Buffers: shared hit=109
 Planning Time: 0.257 ms
 Execution Time: 834.057 ms
(10 rows)

