SET
SET
SET
SET
SET
                                                                          QUERY PLAN                                                                           
---------------------------------------------------------------------------------------------------------------------------------------------------------------
 Index Scan Backward using idx on public.t (actual rows=2048576.00 loops=1)
   Output: a, b
   Index Cond: ((t.a >= '-514663'::integer) AND (t.a <= '-2520'::integer))
   Index Searches: 1
   Prefetch: distance=246.932 count=986563 stalls=371370 skipped=718651 resets=0 ungets=28551 forwarded=1
             histogram [2,4) => 7632, [4,8) => 3473, [8,16) => 228, [16,32) => 178, [32,64) => 522, [64,128) => 3907, [128,256) => 439882, [256,512) => 530741
   Buffers: shared hit=1269106 read=63687
 Settings: enable_bitmapscan = 'off', enable_seqscan = 'off', max_parallel_workers_per_gather = '0'
 Planning:
   Buffers: shared hit=77 read=27
 Planning Time: 2.069 ms
 Execution Time: 1232.798 ms
(12 rows)

SET
SET
SET
SET
SET
                                             QUERY PLAN                                             
----------------------------------------------------------------------------------------------------
 Index Scan Backward using idx on public.t (actual rows=2048576.00 loops=1)
   Output: a, b
   Index Cond: ((t.a >= '-514663'::integer) AND (t.a <= '-2520'::integer))
   Index Searches: 1
   Buffers: shared hit=1332793
 Settings: enable_bitmapscan = 'off', enable_seqscan = 'off', max_parallel_workers_per_gather = '0'
 Planning:
   Buffers: shared hit=109
 Planning Time: 0.217 ms
 Execution Time: 421.196 ms
(10 rows)

