SET
SET
SET
SET
SET
                                                                          QUERY PLAN                                                                           
---------------------------------------------------------------------------------------------------------------------------------------------------------------
 Index Scan Backward using idx on public.t (actual rows=1048576.00 loops=1)
   Output: a, b
   Index Cond: ((t.a >= '-291339'::integer) AND (t.a <= '-29196'::integer))
   Index Searches: 1
   Prefetch: distance=244.015 count=404345 stalls=302574 skipped=367647 resets=0 ungets=26353 forwarded=0
             histogram [2,4) => 7346, [4,8) => 3346, [8,16) => 225, [16,32) => 159, [32,64) => 293, [64,128) => 2319, [128,256) => 158583, [256,512) => 232074
   Buffers: shared hit=641623 read=40751
 Settings: enable_bitmapscan = 'off', enable_seqscan = 'off', max_parallel_workers_per_gather = '0'
 Planning:
   Buffers: shared hit=77 read=27
 Planning Time: 2.069 ms
 Execution Time: 779.316 ms
(12 rows)

SET
SET
SET
SET
SET
                                             QUERY PLAN                                             
----------------------------------------------------------------------------------------------------
 Index Scan Backward using idx on public.t (actual rows=1048576.00 loops=1)
   Output: a, b
   Index Cond: ((t.a >= '-291339'::integer) AND (t.a <= '-29196'::integer))
   Index Searches: 1
   Buffers: shared hit=682374
 Settings: enable_bitmapscan = 'off', enable_seqscan = 'off', max_parallel_workers_per_gather = '0'
 Planning:
   Buffers: shared hit=109
 Planning Time: 0.190 ms
 Execution Time: 215.122 ms
(10 rows)

