SET
SET
SET
SET
                                             QUERY PLAN                                             
----------------------------------------------------------------------------------------------------
 Index Scan using idx on public.t (actual rows=4096.00 loops=1)
   Output: a, b
   Index Cond: ((t.a >= '-27858'::integer) AND (t.a <= '-26835'::integer))
   Index Searches: 1
   Buffers: shared hit=289 read=2365
 Settings: enable_bitmapscan = 'off', enable_seqscan = 'off', max_parallel_workers_per_gather = '0'
 Planning:
   Buffers: shared hit=85 read=27
 Planning Time: 2.091 ms
 Execution Time: 108.173 ms
(10 rows)

SET
SET
SET
SET
                                             QUERY PLAN                                             
----------------------------------------------------------------------------------------------------
 Index Scan using idx on public.t (actual rows=4096.00 loops=1)
   Output: a, b
   Index Cond: ((t.a >= '-27858'::integer) AND (t.a <= '-26835'::integer))
   Index Searches: 1
   Buffers: shared hit=2654
 Settings: enable_bitmapscan = 'off', enable_seqscan = 'off', max_parallel_workers_per_gather = '0'
 Planning:
   Buffers: shared hit=117
 Planning Time: 0.275 ms
 Execution Time: 1.582 ms
(10 rows)

