SET
SET
SET
SET
SET
                                                                QUERY PLAN                                                                 
-------------------------------------------------------------------------------------------------------------------------------------------
 Index Scan using idx on public.t (actual rows=4096.00 loops=1)
   Output: a, b
   Index Cond: ((t.a >= '-13096'::integer) AND (t.a <= '-12073'::integer))
   Index Searches: 1
   Prefetch: distance=268.177 count=3349 stalls=1 skipped=1257 resets=0 ungets=986 forwarded=60
             histogram [2,4) => 2, [4,8) => 9, [8,16) => 9, [16,32) => 15, [32,64) => 10, [64,128) => 3, [128,256) => 4, [256,512) => 3297
   Buffers: shared hit=374 read=2305
 Settings: enable_bitmapscan = 'off', enable_seqscan = 'off', max_parallel_workers_per_gather = '0'
 Planning:
   Buffers: shared hit=85 read=27
 Planning Time: 2.105 ms
 Execution Time: 30.004 ms
(12 rows)

SET
SET
SET
SET
SET
                                             QUERY PLAN                                             
----------------------------------------------------------------------------------------------------
 Index Scan using idx on public.t (actual rows=4096.00 loops=1)
   Output: a, b
   Index Cond: ((t.a >= '-13096'::integer) AND (t.a <= '-12073'::integer))
   Index Searches: 1
   Buffers: shared hit=2679
 Settings: enable_bitmapscan = 'off', enable_seqscan = 'off', max_parallel_workers_per_gather = '0'
 Planning:
   Buffers: shared hit=117
 Planning Time: 0.209 ms
 Execution Time: 1.858 ms
(10 rows)

