SET
SET
SET
SET
SET
                                                                QUERY PLAN                                                                 
-------------------------------------------------------------------------------------------------------------------------------------------
 Index Scan using idx on public.t (actual rows=2048.00 loops=1)
   Output: a, b
   Index Cond: ((t.a >= '-27648'::integer) AND (t.a <= '-27137'::integer))
   Index Searches: 1
   Prefetch: distance=265.093 count=1608 stalls=1 skipped=600 resets=0 ungets=500 forwarded=19
             histogram [2,4) => 2, [4,8) => 3, [8,16) => 5, [16,32) => 11, [32,64) => 18, [64,128) => 6, [128,256) => 3, [256,512) => 1560
   Buffers: shared hit=88 read=1239
 Settings: enable_bitmapscan = 'off', enable_seqscan = 'off', max_parallel_workers_per_gather = '0'
 Planning:
   Buffers: shared hit=85 read=27
 Planning Time: 2.098 ms
 Execution Time: 19.347 ms
(12 rows)

SET
SET
SET
SET
SET
                                             QUERY PLAN                                             
----------------------------------------------------------------------------------------------------
 Index Scan using idx on public.t (actual rows=2048.00 loops=1)
   Output: a, b
   Index Cond: ((t.a >= '-27648'::integer) AND (t.a <= '-27137'::integer))
   Index Searches: 1
   Buffers: shared hit=1327
 Settings: enable_bitmapscan = 'off', enable_seqscan = 'off', max_parallel_workers_per_gather = '0'
 Planning:
   Buffers: shared hit=117
 Planning Time: 0.175 ms
 Execution Time: 0.832 ms
(10 rows)

