SET
SET
SET
SET
SET
                                                                 QUERY PLAN                                                                  
---------------------------------------------------------------------------------------------------------------------------------------------
 Index Scan using idx on public.t (actual rows=16384.00 loops=1)
   Output: a, b
   Index Cond: ((t.a >= '-35477'::integer) AND (t.a <= '-31382'::integer))
   Index Searches: 1
   Prefetch: distance=270.540 count=14585 stalls=1 skipped=5691 resets=0 ungets=3952 forwarded=527
             histogram [2,4) => 2, [4,8) => 3, [8,16) => 10, [16,32) => 22, [32,64) => 14, [64,128) => 3, [128,256) => 2, [256,512) => 14529
   Buffers: shared hit=3369 read=7334
 Settings: enable_bitmapscan = 'off', enable_seqscan = 'off', max_parallel_workers_per_gather = '0'
 Planning:
   Buffers: shared hit=85 read=27
 Planning Time: 2.047 ms
 Execution Time: 38.447 ms
(12 rows)

SET
SET
SET
SET
SET
                                             QUERY PLAN                                             
----------------------------------------------------------------------------------------------------
 Index Scan using idx on public.t (actual rows=16384.00 loops=1)
   Output: a, b
   Index Cond: ((t.a >= '-35477'::integer) AND (t.a <= '-31382'::integer))
   Index Searches: 1
   Buffers: shared hit=10704
 Settings: enable_bitmapscan = 'off', enable_seqscan = 'off', max_parallel_workers_per_gather = '0'
 Planning:
   Buffers: shared hit=117
 Planning Time: 0.214 ms
 Execution Time: 5.777 ms
(10 rows)

