SET
SET
SET
SET
SET
                                                                  QUERY PLAN                                                                  
----------------------------------------------------------------------------------------------------------------------------------------------
 Index Scan using idx on public.t (actual rows=32768.00 loops=1)
   Output: a, b
   Index Cond: ((t.a >= '-18138'::integer) AND (t.a <= '-9947'::integer))
   Index Searches: 1
   Prefetch: distance=269.690 count=26852 stalls=1 skipped=11359 resets=0 ungets=5739 forwarded=1147
             histogram [2,4) => 2, [4,8) => 4, [8,16) => 8, [16,32) => 10, [32,64) => 19, [64,128) => 8, [128,256) => 243, [256,512) => 26558
   Buffers: shared hit=11359 read=10003
 Settings: enable_bitmapscan = 'off', enable_seqscan = 'off', max_parallel_workers_per_gather = '0'
 Planning:
   Buffers: shared hit=85 read=27
 Planning Time: 2.218 ms
 Execution Time: 57.406 ms
(12 rows)

SET
SET
SET
SET
SET
                                             QUERY PLAN                                             
----------------------------------------------------------------------------------------------------
 Index Scan using idx on public.t (actual rows=32768.00 loops=1)
   Output: a, b
   Index Cond: ((t.a >= '-18138'::integer) AND (t.a <= '-9947'::integer))
   Index Searches: 1
   Buffers: shared hit=21364
 Settings: enable_bitmapscan = 'off', enable_seqscan = 'off', max_parallel_workers_per_gather = '0'
 Planning:
   Buffers: shared hit=117
 Planning Time: 0.216 ms
 Execution Time: 9.307 ms
(10 rows)

