SET
SET
SET
SET
SET
                                                                    QUERY PLAN                                                                    
--------------------------------------------------------------------------------------------------------------------------------------------------
 Index Scan using idx on public.t (actual rows=131072.00 loops=1)
   Output: a, b
   Index Cond: ((t.a >= '-36151'::integer) AND (t.a <= '-3384'::integer))
   Index Searches: 1
   Prefetch: distance=261.564 count=92602 stalls=1 skipped=45790 resets=0 ungets=7816 forwarded=2334
             histogram [2,4) => 2, [4,8) => 3, [8,16) => 5, [16,32) => 19, [32,64) => 20, [64,128) => 138, [128,256) => 19365, [256,512) => 73050
   Buffers: shared hit=70180 read=15129
 Settings: enable_bitmapscan = 'off', enable_seqscan = 'off', max_parallel_workers_per_gather = '0'
 Planning:
   Buffers: shared hit=85 read=27
 Planning Time: 2.114 ms
 Execution Time: 92.460 ms
(12 rows)

SET
SET
SET
SET
SET
                                             QUERY PLAN                                             
----------------------------------------------------------------------------------------------------
 Index Scan using idx on public.t (actual rows=131072.00 loops=1)
   Output: a, b
   Index Cond: ((t.a >= '-36151'::integer) AND (t.a <= '-3384'::integer))
   Index Searches: 1
   Buffers: shared hit=85310
 Settings: enable_bitmapscan = 'off', enable_seqscan = 'off', max_parallel_workers_per_gather = '0'
 Planning:
   Buffers: shared hit=117
 Planning Time: 0.191 ms
 Execution Time: 25.029 ms
(10 rows)

