SET
SET
SET
SET
SET
                                                                          QUERY PLAN                                                                          
--------------------------------------------------------------------------------------------------------------------------------------------------------------
 Index Scan using idx on public.t (actual rows=1048576.00 loops=1)
   Output: a, b
   Index Cond: ((t.a >= '-292412'::integer) AND (t.a <= '-30269'::integer))
   Index Searches: 1
   Prefetch: distance=229.249 count=359223 stalls=330597 skipped=367622 resets=0 ungets=9369 forwarded=4603
             histogram [2,4) => 18519, [4,8) => 10884, [8,16) => 514, [16,32) => 72, [32,64) => 93, [64,128) => 924, [128,256) => 152926, [256,512) => 175291
   Buffers: shared hit=641531 read=40821
 Settings: enable_bitmapscan = 'off', enable_seqscan = 'off', max_parallel_workers_per_gather = '0'
 Planning:
   Buffers: shared hit=81 read=27
 Planning Time: 2.076 ms
 Execution Time: 442.624 ms
(12 rows)

SET
SET
SET
SET
SET
                                             QUERY PLAN                                             
----------------------------------------------------------------------------------------------------
 Index Scan using idx on public.t (actual rows=1048576.00 loops=1)
   Output: a, b
   Index Cond: ((t.a >= '-292412'::integer) AND (t.a <= '-30269'::integer))
   Index Searches: 1
   Buffers: shared hit=682353
 Settings: enable_bitmapscan = 'off', enable_seqscan = 'off', max_parallel_workers_per_gather = '0'
 Planning:
   Buffers: shared hit=113
 Planning Time: 0.191 ms
 Execution Time: 213.943 ms
(10 rows)

