SET
SET
SET
SET
SET
                                                                            QUERY PLAN                                                                             
-------------------------------------------------------------------------------------------------------------------------------------------------------------------
 Index Scan using idx on public.t (actual rows=7048576.00 loops=1)
   Output: a, b
   Index Cond: ((t.a >= '-1791603'::integer) AND (t.a <= '-29460'::integer))
   Index Searches: 1
   Prefetch: distance=122.532 count=684316 stalls=3899070 skipped=2474171 resets=0 ungets=9380 forwarded=9505
             histogram [2,4) => 218350, [4,8) => 128328, [8,16) => 5977, [16,32) => 224, [32,64) => 100, [64,128) => 922, [128,256) => 154245, [256,512) => 176170
   Buffers: shared hit=4392226 read=192596
 Settings: enable_bitmapscan = 'off', enable_seqscan = 'off', max_parallel_workers_per_gather = '0'
 Planning:
   Buffers: shared hit=81 read=27
 Planning Time: 2.082 ms
 Execution Time: 2787.810 ms
(12 rows)

SET
SET
SET
SET
SET
                                             QUERY PLAN                                             
----------------------------------------------------------------------------------------------------
 Index Scan using idx on public.t (actual rows=7048576.00 loops=1)
   Output: a, b
   Index Cond: ((t.a >= '-1791603'::integer) AND (t.a <= '-29460'::integer))
   Index Searches: 1
   Buffers: shared hit=4584823
 Settings: enable_bitmapscan = 'off', enable_seqscan = 'off', max_parallel_workers_per_gather = '0'
 Planning:
   Buffers: shared hit=113
 Planning Time: 0.226 ms
 Execution Time: 1441.144 ms
(10 rows)

