SET
SET
SET
SET
SET
                                                                            QUERY PLAN                                                                             
-------------------------------------------------------------------------------------------------------------------------------------------------------------------
 Index Scan using idx on public.t (actual rows=4048576.00 loops=1)
   Output: a, b
   Index Cond: ((t.a >= '-1020397'::integer) AND (t.a <= '-8254'::integer))
   Index Searches: 1
   Prefetch: distance=168.303 count=572217 stalls=2063223 skipped=1420962 resets=0 ungets=8213 forwarded=7066
             histogram [2,4) => 115721, [4,8) => 67811, [8,16) => 3200, [16,32) => 155, [32,64) => 111, [64,128) => 1065, [128,256) => 190098, [256,512) => 194056
   Buffers: shared hit=2518715 read=114828
 Settings: enable_bitmapscan = 'off', enable_seqscan = 'off', max_parallel_workers_per_gather = '0'
 Planning:
   Buffers: shared hit=81 read=27
 Planning Time: 2.132 ms
 Execution Time: 1577.064 ms
(12 rows)

SET
SET
SET
SET
SET
                                             QUERY PLAN                                             
----------------------------------------------------------------------------------------------------
 Index Scan using idx on public.t (actual rows=4048576.00 loops=1)
   Output: a, b
   Index Cond: ((t.a >= '-1020397'::integer) AND (t.a <= '-8254'::integer))
   Index Searches: 1
   Buffers: shared hit=2633544
 Settings: enable_bitmapscan = 'off', enable_seqscan = 'off', max_parallel_workers_per_gather = '0'
 Planning:
   Buffers: shared hit=113
 Planning Time: 0.258 ms
 Execution Time: 825.419 ms
(10 rows)

