SET
SET
SET
SET
SET
                                                                     QUERY PLAN                                                                     
----------------------------------------------------------------------------------------------------------------------------------------------------
 Index Scan using idx on public.t (actual rows=524288.00 loops=1)
   Output: a, b
   Index Cond: ((t.a >= '-135429'::integer) AND (t.a <= '-4358'::integer))
   Index Searches: 1
   Prefetch: distance=248.847 count=347975 stalls=1 skipped=183533 resets=0 ungets=7828 forwarded=3962
             histogram [2,4) => 2, [4,8) => 7, [8,16) => 6, [16,32) => 25, [32,64) => 18, [64,128) => 921, [128,256) => 169204, [256,512) => 177792
   Buffers: shared hit=316091 read=25230
 Settings: enable_bitmapscan = 'off', enable_seqscan = 'off', max_parallel_workers_per_gather = '0'
 Planning:
   Buffers: shared hit=81 read=27
 Planning Time: 2.074 ms
 Execution Time: 217.151 ms
(12 rows)

SET
SET
SET
SET
SET
                                             QUERY PLAN                                             
----------------------------------------------------------------------------------------------------
 Index Scan using idx on public.t (actual rows=524288.00 loops=1)
   Output: a, b
   Index Cond: ((t.a >= '-135429'::integer) AND (t.a <= '-4358'::integer))
   Index Searches: 1
   Buffers: shared hit=341322
 Settings: enable_bitmapscan = 'off', enable_seqscan = 'off', max_parallel_workers_per_gather = '0'
 Planning:
   Buffers: shared hit=113
 Planning Time: 0.190 ms
 Execution Time: 102.554 ms
(10 rows)

