SET
SET
SET
SET
SET
                                                                            QUERY PLAN                                                                            
------------------------------------------------------------------------------------------------------------------------------------------------------------------
 Index Scan using idx on public.t (actual rows=3048576.00 loops=1)
   Output: a, b
   Index Cond: ((t.a >= '-768883'::integer) AND (t.a <= '-6740'::integer))
   Index Searches: 1
   Prefetch: distance=185.974 count=521857 stalls=1464398 skipped=1069965 resets=0 ungets=8075 forwarded=6289
             histogram [2,4) => 82109, [4,8) => 48224, [8,16) => 2292, [16,32) => 148, [32,64) => 108, [64,128) => 1081, [128,256) => 192302, [256,512) => 195593
   Buffers: shared hit=1893618 read=89408
 Settings: enable_bitmapscan = 'off', enable_seqscan = 'off', max_parallel_workers_per_gather = '0'
 Planning:
   Buffers: shared hit=81 read=27
 Planning Time: 2.073 ms
 Execution Time: 1213.096 ms
(12 rows)

SET
SET
SET
SET
SET
                                             QUERY PLAN                                             
----------------------------------------------------------------------------------------------------
 Index Scan using idx on public.t (actual rows=3048576.00 loops=1)
   Output: a, b
   Index Cond: ((t.a >= '-768883'::integer) AND (t.a <= '-6740'::integer))
   Index Searches: 1
   Buffers: shared hit=1983026
 Settings: enable_bitmapscan = 'off', enable_seqscan = 'off', max_parallel_workers_per_gather = '0'
 Planning:
   Buffers: shared hit=113
 Planning Time: 0.265 ms
 Execution Time: 621.992 ms
(10 rows)

