SET
SET
SET
SET
SET
                                                                             QUERY PLAN                                                                             
--------------------------------------------------------------------------------------------------------------------------------------------------------------------
 Index Scan using idx on public.t (actual rows=6048576.00 loops=1)
   Output: a, b
   Index Cond: ((t.a >= '-1516115'::integer) AND (t.a <= '-3972'::integer))
   Index Searches: 1
   Prefetch: distance=143.853 count=689913 stalls=3243436 skipped=2123039 resets=0 ungets=7959 forwarded=8695
             histogram [2,4) => 181753, [4,8) => 106656, [8,16) => 4965, [16,32) => 212, [32,64) => 102, [64,128) => 1197, [128,256) => 197235, [256,512) => 197793
   Buffers: shared hit=3769521 read=165026
 Settings: enable_bitmapscan = 'off', enable_seqscan = 'off', max_parallel_workers_per_gather = '0'
 Planning:
   Buffers: shared hit=81 read=27
 Planning Time: 2.054 ms
 Execution Time: 2373.085 ms
(12 rows)

SET
SET
SET
SET
SET
                                             QUERY PLAN                                             
----------------------------------------------------------------------------------------------------
 Index Scan using idx on public.t (actual rows=6048576.00 loops=1)
   Output: a, b
   Index Cond: ((t.a >= '-1516115'::integer) AND (t.a <= '-3972'::integer))
   Index Searches: 1
   Buffers: shared hit=3934548
 Settings: enable_bitmapscan = 'off', enable_seqscan = 'off', max_parallel_workers_per_gather = '0'
 Planning:
   Buffers: shared hit=113
 Planning Time: 0.233 ms
 Execution Time: 1245.226 ms
(10 rows)

