SET
SET
SET
SET
SET
                                                               QUERY PLAN                                                                
-----------------------------------------------------------------------------------------------------------------------------------------
 Index Scan using idx on public.t (actual rows=512.00 loops=1)
   Output: a, b
   Index Cond: ((t.a >= '-24407'::integer) AND (t.a <= '-24280'::integer))
   Index Searches: 1
   Prefetch: distance=132.507 count=75 stalls=1 skipped=35 resets=0 ungets=10 forwarded=1
             histogram [2,4) => 2, [4,8) => 3, [8,16) => 7, [16,32) => 13, [32,64) => 15, [64,128) => 3, [128,256) => 2, [256,512) => 30
   Buffers: shared hit=9 read=327
 Settings: enable_bitmapscan = 'off', enable_seqscan = 'off', max_parallel_workers_per_gather = '0'
 Planning:
   Buffers: shared hit=85 read=27
 Planning Time: 1.383 ms
 Execution Time: 18.432 ms
(12 rows)

SET
SET
SET
SET
SET
                                             QUERY PLAN                                             
----------------------------------------------------------------------------------------------------
 Index Scan using idx on public.t (actual rows=512.00 loops=1)
   Output: a, b
   Index Cond: ((t.a >= '-24407'::integer) AND (t.a <= '-24280'::integer))
   Index Searches: 1
   Buffers: shared hit=336
 Settings: enable_bitmapscan = 'off', enable_seqscan = 'off', max_parallel_workers_per_gather = '0'
 Planning:
   Buffers: shared hit=117
 Planning Time: 0.192 ms
 Execution Time: 0.360 ms
(10 rows)

