SET
SET
SET
SET
SET
                                                                  QUERY PLAN                                                                  
----------------------------------------------------------------------------------------------------------------------------------------------
 Index Scan using idx on public.t (actual rows=32768.00 loops=1)
   Output: a, b
   Index Cond: ((t.a >= '-31031'::integer) AND (t.a <= '-22840'::integer))
   Index Searches: 1
   Prefetch: distance=270.134 count=27329 stalls=1 skipped=11489 resets=0 ungets=6210 forwarded=1152
             histogram [2,4) => 2, [4,8) => 4, [8,16) => 6, [16,32) => 11, [32,64) => 13, [64,128) => 2, [128,256) => 103, [256,512) => 27188
   Buffers: shared hit=10663 read=10618
 Settings: enable_bitmapscan = 'off', enable_seqscan = 'off', max_parallel_workers_per_gather = '0'
 Planning:
   Buffers: shared hit=85 read=27
 Planning Time: 2.173 ms
 Execution Time: 57.287 ms
(12 rows)

SET
SET
SET
SET
SET
                                             QUERY PLAN                                             
----------------------------------------------------------------------------------------------------
 Index Scan using idx on public.t (actual rows=32768.00 loops=1)
   Output: a, b
   Index Cond: ((t.a >= '-31031'::integer) AND (t.a <= '-22840'::integer))
   Index Searches: 1
   Buffers: shared hit=21282
 Settings: enable_bitmapscan = 'off', enable_seqscan = 'off', max_parallel_workers_per_gather = '0'
 Planning:
   Buffers: shared hit=117
 Planning Time: 0.186 ms
 Execution Time: 7.734 ms
(10 rows)

