SET
SET
SET
SET
SET
                                                                   QUERY PLAN                                                                   
------------------------------------------------------------------------------------------------------------------------------------------------
 Index Scan using idx on public.t (actual rows=65536.00 loops=1)
   Output: a, b
   Index Cond: ((t.a >= '-38141'::integer) AND (t.a <= '-21758'::integer))
   Index Searches: 1
   Prefetch: distance=267.753 count=50698 stalls=1 skipped=22787 resets=0 ungets=8429 forwarded=1922
             histogram [2,4) => 2, [4,8) => 8, [8,16) => 12, [16,32) => 16, [32,64) => 12, [64,128) => 5, [128,256) => 2832, [256,512) => 47811
   Buffers: shared hit=28684 read=13999
 Settings: enable_bitmapscan = 'off', enable_seqscan = 'off', max_parallel_workers_per_gather = '0'
 Planning:
   Buffers: shared hit=85 read=27
 Planning Time: 2.065 ms
 Execution Time: 76.723 ms
(12 rows)

SET
SET
SET
SET
SET
                                             QUERY PLAN                                             
----------------------------------------------------------------------------------------------------
 Index Scan using idx on public.t (actual rows=65536.00 loops=1)
   Output: a, b
   Index Cond: ((t.a >= '-38141'::integer) AND (t.a <= '-21758'::integer))
   Index Searches: 1
   Buffers: shared hit=42684
 Settings: enable_bitmapscan = 'off', enable_seqscan = 'off', max_parallel_workers_per_gather = '0'
 Planning:
   Buffers: shared hit=117
 Planning Time: 0.200 ms
 Execution Time: 12.839 ms
(10 rows)

