SET
SET
SET
SET
SET
                                                                QUERY PLAN                                                                 
-------------------------------------------------------------------------------------------------------------------------------------------
 Index Scan using idx on public.t (actual rows=1024.00 loops=1)
   Output: a, b
   Index Cond: ((t.a >= '-4871'::integer) AND (t.a <= '-4616'::integer))
   Index Searches: 1
   Prefetch: distance=254.796 count=717 stalls=1 skipped=270 resets=0 ungets=207 forwarded=1
             histogram [2,4) => 2, [4,8) => 3, [8,16) => 14, [16,32) => 16, [32,64) => 13, [64,128) => 3, [128,256) => 2, [256,512) => 664
   Buffers: shared hit=34 read=645
 Settings: enable_bitmapscan = 'off', enable_seqscan = 'off', max_parallel_workers_per_gather = '0'
 Planning:
   Buffers: shared hit=85 read=27
 Planning Time: 2.117 ms
 Execution Time: 13.124 ms
(12 rows)

SET
SET
SET
SET
SET
                                             QUERY PLAN                                             
----------------------------------------------------------------------------------------------------
 Index Scan using idx on public.t (actual rows=1024.00 loops=1)
   Output: a, b
   Index Cond: ((t.a >= '-4871'::integer) AND (t.a <= '-4616'::integer))
   Index Searches: 1
   Buffers: shared hit=679
 Settings: enable_bitmapscan = 'off', enable_seqscan = 'off', max_parallel_workers_per_gather = '0'
 Planning:
   Buffers: shared hit=117
 Planning Time: 0.162 ms
 Execution Time: 0.330 ms
(10 rows)

