SET
SET
SET
SET
SET
                                                                  QUERY PLAN                                                                   
-----------------------------------------------------------------------------------------------------------------------------------------------
 Index Scan using idx on public.t (actual rows=131072.00 loops=1)
   Output: a, b
   Index Cond: ((t.a >= '-61993'::integer) AND (t.a <= '-29226'::integer))
   Index Searches: 1
   Prefetch: distance=263.200 count=94061 stalls=1 skipped=45624 resets=0 ungets=9281 forwarded=2633
             histogram [2,4) => 2, [4,8) => 3, [8,16) => 5, [16,32) => 9, [32,64) => 17, [64,128) => 8, [128,256) => 16969, [256,512) => 77048
   Buffers: shared hit=68083 read=17341
 Settings: enable_bitmapscan = 'off', enable_seqscan = 'off', max_parallel_workers_per_gather = '0'
 Planning:
   Buffers: shared hit=81 read=27
 Planning Time: 2.056 ms
 Execution Time: 104.255 ms
(12 rows)

SET
SET
SET
SET
SET
                                             QUERY PLAN                                             
----------------------------------------------------------------------------------------------------
 Index Scan using idx on public.t (actual rows=131072.00 loops=1)
   Output: a, b
   Index Cond: ((t.a >= '-61993'::integer) AND (t.a <= '-29226'::integer))
   Index Searches: 1
   Buffers: shared hit=85424
 Settings: enable_bitmapscan = 'off', enable_seqscan = 'off', max_parallel_workers_per_gather = '0'
 Planning:
   Buffers: shared hit=113
 Planning Time: 0.186 ms
 Execution Time: 27.080 ms
(10 rows)

