SET
SET
SET
SET
SET
                                                                QUERY PLAN                                                                 
-------------------------------------------------------------------------------------------------------------------------------------------
 Index Scan using idx on public.t (actual rows=4096.00 loops=1)
   Output: a, b
   Index Cond: ((t.a >= '-18075'::integer) AND (t.a <= '-17052'::integer))
   Index Searches: 1
   Prefetch: distance=267.972 count=3265 stalls=1 skipped=1198 resets=0 ungets=967 forwarded=70
             histogram [2,4) => 2, [4,8) => 3, [8,16) => 6, [16,32) => 11, [32,64) => 23, [64,128) => 7, [128,256) => 4, [256,512) => 3209
   Buffers: shared hit=341 read=2361
 Settings: enable_bitmapscan = 'off', enable_seqscan = 'off', max_parallel_workers_per_gather = '0'
 Planning:
   Buffers: shared hit=85 read=27
 Planning Time: 2.076 ms
 Execution Time: 32.778 ms
(12 rows)

SET
SET
SET
SET
SET
                                             QUERY PLAN                                             
----------------------------------------------------------------------------------------------------
 Index Scan using idx on public.t (actual rows=4096.00 loops=1)
   Output: a, b
   Index Cond: ((t.a >= '-18075'::integer) AND (t.a <= '-17052'::integer))
   Index Searches: 1
   Buffers: shared hit=2703
 Settings: enable_bitmapscan = 'off', enable_seqscan = 'off', max_parallel_workers_per_gather = '0'
 Planning:
   Buffers: shared hit=117
 Planning Time: 0.206 ms
 Execution Time: 1.797 ms
(10 rows)

