SET
SET
SET
SET
SET
                                                                             QUERY PLAN                                                                             
--------------------------------------------------------------------------------------------------------------------------------------------------------------------
 Index Scan using idx on public.t (actual rows=6048576.00 loops=1)
   Output: a, b
   Index Cond: ((t.a >= '-1523775'::integer) AND (t.a <= '-11632'::integer))
   Index Searches: 1
   Prefetch: distance=140.756 count=672117 stalls=3261666 skipped=2122975 resets=0 ungets=8417 forwarded=8716
             histogram [2,4) => 182799, [4,8) => 107254, [8,16) => 4988, [16,32) => 201, [32,64) => 113, [64,128) => 1000, [128,256) => 184515, [256,512) => 191247
   Buffers: shared hit=3768833 read=165748
 Settings: enable_bitmapscan = 'off', enable_seqscan = 'off', max_parallel_workers_per_gather = '0'
 Planning:
   Buffers: shared hit=81 read=27
 Planning Time: 2.088 ms
 Execution Time: 2387.781 ms
(12 rows)

SET
SET
SET
SET
SET
                                             QUERY PLAN                                             
----------------------------------------------------------------------------------------------------
 Index Scan using idx on public.t (actual rows=6048576.00 loops=1)
   Output: a, b
   Index Cond: ((t.a >= '-1523775'::integer) AND (t.a <= '-11632'::integer))
   Index Searches: 1
   Buffers: shared hit=3934581
 Settings: enable_bitmapscan = 'off', enable_seqscan = 'off', max_parallel_workers_per_gather = '0'
 Planning:
   Buffers: shared hit=113
 Planning Time: 0.215 ms
 Execution Time: 1249.969 ms
(10 rows)

