SET
SET
SET
SET
SET
                                                                           QUERY PLAN                                                                            
-----------------------------------------------------------------------------------------------------------------------------------------------------------------
 Index Scan using idx on public.t (actual rows=2048576.00 loops=1)
   Output: a, b
   Index Cond: ((t.a >= '-515553'::integer) AND (t.a <= '-3410'::integer))
   Index Searches: 1
   Prefetch: distance=207.984 count=475514 stalls=861786 skipped=718731 resets=0 ungets=7846 forwarded=5405
             histogram [2,4) => 48296, [4,8) => 28388, [8,16) => 1262, [16,32) => 61, [32,64) => 109, [64,128) => 1196, [128,256) => 197837, [256,512) => 198365
   Buffers: shared hit=1269009 read=63771
 Settings: enable_bitmapscan = 'off', enable_seqscan = 'off', max_parallel_workers_per_gather = '0'
 Planning:
   Buffers: shared hit=81 read=27
 Planning Time: 2.059 ms
 Execution Time: 827.173 ms
(12 rows)

SET
SET
SET
SET
SET
                                             QUERY PLAN                                             
----------------------------------------------------------------------------------------------------
 Index Scan using idx on public.t (actual rows=2048576.00 loops=1)
   Output: a, b
   Index Cond: ((t.a >= '-515553'::integer) AND (t.a <= '-3410'::integer))
   Index Searches: 1
   Buffers: shared hit=1332781
 Settings: enable_bitmapscan = 'off', enable_seqscan = 'off', max_parallel_workers_per_gather = '0'
 Planning:
   Buffers: shared hit=113
 Planning Time: 0.214 ms
 Execution Time: 414.910 ms
(10 rows)

