SET
SET
SET
SET
SET
                                                                          QUERY PLAN                                                                           
---------------------------------------------------------------------------------------------------------------------------------------------------------------
 Index Scan using idx on public.t (actual rows=1048576.00 loops=1)
   Output: a, b
   Index Cond: ((t.a >= '-269220'::integer) AND (t.a <= '-7077'::integer))
   Index Searches: 1
   Prefetch: distance=233.556 count=413228 stalls=275371 skipped=367632 resets=0 ungets=8074 forwarded=4634
             histogram [2,4) => 15448, [4,8) => 9086, [8,16) => 438, [16,32) => 47, [32,64) => 101, [64,128) => 1076, [128,256) => 191906, [256,512) => 195126
   Buffers: shared hit=643558 read=38811
 Settings: enable_bitmapscan = 'off', enable_seqscan = 'off', max_parallel_workers_per_gather = '0'
 Planning:
   Buffers: shared hit=81 read=27
 Planning Time: 2.102 ms
 Execution Time: 414.007 ms
(12 rows)

SET
SET
SET
SET
SET
                                             QUERY PLAN                                             
----------------------------------------------------------------------------------------------------
 Index Scan using idx on public.t (actual rows=1048576.00 loops=1)
   Output: a, b
   Index Cond: ((t.a >= '-269220'::integer) AND (t.a <= '-7077'::integer))
   Index Searches: 1
   Buffers: shared hit=682370
 Settings: enable_bitmapscan = 'off', enable_seqscan = 'off', max_parallel_workers_per_gather = '0'
 Planning:
   Buffers: shared hit=113
 Planning Time: 0.216 ms
 Execution Time: 216.199 ms
(10 rows)

