SET
SET
SET
SET
SET
                                                                QUERY PLAN                                                                 
-------------------------------------------------------------------------------------------------------------------------------------------
 Index Scan using idx on public.t (actual rows=1024.00 loops=1)
   Output: a, b
   Index Cond: ((t.a >= '-8057'::integer) AND (t.a <= '-7802'::integer))
   Index Searches: 1
   Prefetch: distance=255.370 count=782 stalls=1 skipped=292 resets=0 ungets=242 forwarded=5
             histogram [2,4) => 2, [4,8) => 3, [8,16) => 13, [16,32) => 19, [32,64) => 15, [64,128) => 2, [128,256) => 4, [256,512) => 724
   Buffers: shared hit=22 read=652
 Settings: enable_bitmapscan = 'off', enable_seqscan = 'off', max_parallel_workers_per_gather = '0'
 Planning:
   Buffers: shared hit=85 read=27
 Planning Time: 2.134 ms
 Execution Time: 11.738 ms
(12 rows)

SET
SET
SET
SET
SET
                                             QUERY PLAN                                             
----------------------------------------------------------------------------------------------------
 Index Scan using idx on public.t (actual rows=1024.00 loops=1)
   Output: a, b
   Index Cond: ((t.a >= '-8057'::integer) AND (t.a <= '-7802'::integer))
   Index Searches: 1
   Buffers: shared hit=674
 Settings: enable_bitmapscan = 'off', enable_seqscan = 'off', max_parallel_workers_per_gather = '0'
 Planning:
   Buffers: shared hit=117
 Planning Time: 0.143 ms
 Execution Time: 0.314 ms
(10 rows)

