SET
SET
SET
SET
SET
                                                                  QUERY PLAN                                                                  
----------------------------------------------------------------------------------------------------------------------------------------------
 Index Scan using idx on public.t (actual rows=32768.00 loops=1)
   Output: a, b
   Index Cond: ((t.a >= '-21408'::integer) AND (t.a <= '-13217'::integer))
   Index Searches: 1
   Prefetch: distance=269.986 count=26673 stalls=1 skipped=11279 resets=0 ungets=5760 forwarded=1143
             histogram [2,4) => 2, [4,8) => 3, [8,16) => 7, [16,32) => 11, [32,64) => 10, [64,128) => 2, [128,256) => 130, [256,512) => 26508
   Buffers: shared hit=11165 read=10183
 Settings: enable_bitmapscan = 'off', enable_seqscan = 'off', max_parallel_workers_per_gather = '0'
 Planning:
   Buffers: shared hit=85 read=27
 Planning Time: 2.087 ms
 Execution Time: 67.554 ms
(12 rows)

SET
SET
SET
SET
SET
                                             QUERY PLAN                                             
----------------------------------------------------------------------------------------------------
 Index Scan using idx on public.t (actual rows=32768.00 loops=1)
   Output: a, b
   Index Cond: ((t.a >= '-21408'::integer) AND (t.a <= '-13217'::integer))
   Index Searches: 1
   Buffers: shared hit=21348
 Settings: enable_bitmapscan = 'off', enable_seqscan = 'off', max_parallel_workers_per_gather = '0'
 Planning:
   Buffers: shared hit=117
 Planning Time: 0.205 ms
 Execution Time: 6.849 ms
(10 rows)

