SET
SET
SET
SET
SET
                                                                QUERY PLAN                                                                 
-------------------------------------------------------------------------------------------------------------------------------------------
 Index Scan using idx on public.t (actual rows=4096.00 loops=1)
   Output: a, b
   Index Cond: ((t.a >= '-29582'::integer) AND (t.a <= '-28559'::integer))
   Index Searches: 1
   Prefetch: distance=268.405 count=3243 stalls=1 skipped=1176 resets=0 ungets=987 forwarded=56
             histogram [2,4) => 2, [4,8) => 4, [8,16) => 5, [16,32) => 10, [32,64) => 19, [64,128) => 4, [128,256) => 2, [256,512) => 3197
   Buffers: shared hit=274 read=2403
 Settings: enable_bitmapscan = 'off', enable_seqscan = 'off', max_parallel_workers_per_gather = '0'
 Planning:
   Buffers: shared hit=85 read=27
 Planning Time: 2.087 ms
 Execution Time: 35.308 ms
(12 rows)

SET
SET
SET
SET
SET
                                             QUERY PLAN                                             
----------------------------------------------------------------------------------------------------
 Index Scan using idx on public.t (actual rows=4096.00 loops=1)
   Output: a, b
   Index Cond: ((t.a >= '-29582'::integer) AND (t.a <= '-28559'::integer))
   Index Searches: 1
   Buffers: shared hit=2677
 Settings: enable_bitmapscan = 'off', enable_seqscan = 'off', max_parallel_workers_per_gather = '0'
 Planning:
   Buffers: shared hit=117
 Planning Time: 0.166 ms
 Execution Time: 1.035 ms
(10 rows)

