SET
SET
SET
SET
SET
                                                                  QUERY PLAN                                                                   
-----------------------------------------------------------------------------------------------------------------------------------------------
 Index Scan using idx on public.t (actual rows=65536.00 loops=1)
   Output: a, b
   Index Cond: ((t.a >= '-32885'::integer) AND (t.a <= '-16502'::integer))
   Index Searches: 1
   Prefetch: distance=267.651 count=50778 stalls=1 skipped=22982 resets=0 ungets=8352 forwarded=1907
             histogram [2,4) => 2, [4,8) => 4, [8,16) => 6, [16,32) => 10, [32,64) => 15, [64,128) => 2, [128,256) => 3047, [256,512) => 47692
   Buffers: shared hit=28971 read=13645
 Settings: enable_bitmapscan = 'off', enable_seqscan = 'off', max_parallel_workers_per_gather = '0'
 Planning:
   Buffers: shared hit=85 read=27
 Planning Time: 2.052 ms
 Execution Time: 68.808 ms
(12 rows)

SET
SET
SET
SET
SET
                                             QUERY PLAN                                             
----------------------------------------------------------------------------------------------------
 Index Scan using idx on public.t (actual rows=65536.00 loops=1)
   Output: a, b
   Index Cond: ((t.a >= '-32885'::integer) AND (t.a <= '-16502'::integer))
   Index Searches: 1
   Buffers: shared hit=42617
 Settings: enable_bitmapscan = 'off', enable_seqscan = 'off', max_parallel_workers_per_gather = '0'
 Planning:
   Buffers: shared hit=117
 Planning Time: 0.195 ms
 Execution Time: 13.872 ms
(10 rows)

