SET
SET
SET
SET
SET
                                                                QUERY PLAN                                                                 
-------------------------------------------------------------------------------------------------------------------------------------------
 Index Scan using idx on public.t (actual rows=2048.00 loops=1)
   Output: a, b
   Index Cond: ((t.a >= '-10398'::integer) AND (t.a <= '-9887'::integer))
   Index Searches: 1
   Prefetch: distance=262.885 count=1418 stalls=1 skipped=539 resets=0 ungets=445 forwarded=27
             histogram [2,4) => 2, [4,8) => 4, [8,16) => 8, [16,32) => 10, [32,64) => 19, [64,128) => 8, [128,256) => 2, [256,512) => 1365
   Buffers: shared hit=90 read=1244
 Settings: enable_bitmapscan = 'off', enable_seqscan = 'off', max_parallel_workers_per_gather = '0'
 Planning:
   Buffers: shared hit=85 read=27
 Planning Time: 2.065 ms
 Execution Time: 26.827 ms
(12 rows)

SET
SET
SET
SET
SET
                                             QUERY PLAN                                             
----------------------------------------------------------------------------------------------------
 Index Scan using idx on public.t (actual rows=2048.00 loops=1)
   Output: a, b
   Index Cond: ((t.a >= '-10398'::integer) AND (t.a <= '-9887'::integer))
   Index Searches: 1
   Buffers: shared hit=1334
 Settings: enable_bitmapscan = 'off', enable_seqscan = 'off', max_parallel_workers_per_gather = '0'
 Planning:
   Buffers: shared hit=117
 Planning Time: 0.198 ms
 Execution Time: 1.033 ms
(10 rows)

