SET
SET
SET
SET
SET
                                                                            QUERY PLAN                                                                            
------------------------------------------------------------------------------------------------------------------------------------------------------------------
 Index Scan using idx on public.t (actual rows=4048576.00 loops=1)
   Output: a, b
   Index Cond: ((t.a >= '-1041125'::integer) AND (t.a <= '-28982'::integer))
   Index Searches: 1
   Prefetch: distance=159.681 count=524121 stalls=2112428 skipped=1421133 resets=0 ungets=9413 forwarded=7015
             histogram [2,4) => 118421, [4,8) => 69450, [8,16) => 3293, [16,32) => 154, [32,64) => 108, [64,128) => 928, [128,256) => 155210, [256,512) => 176557
   Buffers: shared hit=2516763 read=116635
 Settings: enable_bitmapscan = 'off', enable_seqscan = 'off', max_parallel_workers_per_gather = '0'
 Planning:
   Buffers: shared hit=81 read=27
 Planning Time: 2.069 ms
 Execution Time: 1595.845 ms
(12 rows)

SET
SET
SET
SET
SET
                                             QUERY PLAN                                             
----------------------------------------------------------------------------------------------------
 Index Scan using idx on public.t (actual rows=4048576.00 loops=1)
   Output: a, b
   Index Cond: ((t.a >= '-1041125'::integer) AND (t.a <= '-28982'::integer))
   Index Searches: 1
   Buffers: shared hit=2633398
 Settings: enable_bitmapscan = 'off', enable_seqscan = 'off', max_parallel_workers_per_gather = '0'
 Planning:
   Buffers: shared hit=113
 Planning Time: 0.224 ms
 Execution Time: 826.978 ms
(10 rows)

