SET
SET
SET
SET
SET
                                                                            QUERY PLAN                                                                             
-------------------------------------------------------------------------------------------------------------------------------------------------------------------
 Index Scan using idx on public.t (actual rows=5048576.00 loops=1)
   Output: a, b
   Index Cond: ((t.a >= '-1269240'::integer) AND (t.a <= '-7097'::integer))
   Index Searches: 1
   Prefetch: distance=154.532 count=628712 stalls=2655437 skipped=1772181 resets=0 ungets=8093 forwarded=7889
             histogram [2,4) => 148961, [4,8) => 87258, [8,16) => 4070, [16,32) => 187, [32,64) => 109, [64,128) => 1076, [128,256) => 191912, [256,512) => 195139
   Buffers: shared hit=3143803 read=140035
 Settings: enable_bitmapscan = 'off', enable_seqscan = 'off', max_parallel_workers_per_gather = '0'
 Planning:
   Buffers: shared hit=81 read=27
 Planning Time: 2.083 ms
 Execution Time: 1995.919 ms
(12 rows)

SET
SET
SET
SET
SET
                                             QUERY PLAN                                             
----------------------------------------------------------------------------------------------------
 Index Scan using idx on public.t (actual rows=5048576.00 loops=1)
   Output: a, b
   Index Cond: ((t.a >= '-1269240'::integer) AND (t.a <= '-7097'::integer))
   Index Searches: 1
   Buffers: shared hit=3283838
 Settings: enable_bitmapscan = 'off', enable_seqscan = 'off', max_parallel_workers_per_gather = '0'
 Planning:
   Buffers: shared hit=113
 Planning Time: 0.223 ms
 Execution Time: 1035.318 ms
(10 rows)

