SET
SET
SET
SET
SET
                                                                    QUERY PLAN                                                                     
---------------------------------------------------------------------------------------------------------------------------------------------------
 Index Scan using idx on public.t (actual rows=262144.00 loops=1)
   Output: a, b
   Index Cond: ((t.a >= '-92946'::integer) AND (t.a <= '-27411'::integer))
   Index Searches: 1
   Prefetch: distance=255.037 count=179297 stalls=1 skipped=91526 resets=0 ungets=9259 forwarded=3242
             histogram [2,4) => 2, [4,8) => 3, [8,16) => 8, [16,32) => 21, [32,64) => 13, [64,128) => 147, [128,256) => 65273, [256,512) => 113830
   Buffers: shared hit=150119 read=20678
 Settings: enable_bitmapscan = 'off', enable_seqscan = 'off', max_parallel_workers_per_gather = '0'
 Planning:
   Buffers: shared hit=81 read=27
 Planning Time: 2.059 ms
 Execution Time: 146.823 ms
(12 rows)

SET
SET
SET
SET
SET
                                             QUERY PLAN                                             
----------------------------------------------------------------------------------------------------
 Index Scan using idx on public.t (actual rows=262144.00 loops=1)
   Output: a, b
   Index Cond: ((t.a >= '-92946'::integer) AND (t.a <= '-27411'::integer))
   Index Searches: 1
   Buffers: shared hit=170799
 Settings: enable_bitmapscan = 'off', enable_seqscan = 'off', max_parallel_workers_per_gather = '0'
 Planning:
   Buffers: shared hit=113
 Planning Time: 0.194 ms
 Execution Time: 50.488 ms
(10 rows)

