SET
SET
SET
SET
SET
                                                                            QUERY PLAN                                                                            
------------------------------------------------------------------------------------------------------------------------------------------------------------------
 Index Scan using idx on public.t (actual rows=3048576.00 loops=1)
   Output: a, b
   Index Cond: ((t.a >= '-769468'::integer) AND (t.a <= '-7325'::integer))
   Index Searches: 1
   Prefetch: distance=185.825 count=520766 stalls=1465791 skipped=1070096 resets=0 ungets=8172 forwarded=6276
             histogram [2,4) => 82184, [4,8) => 48259, [8,16) => 2292, [16,32) => 146, [32,64) => 110, [64,128) => 1074, [128,256) => 191387, [256,512) => 195314
   Buffers: shared hit=1893559 read=89455
 Settings: enable_bitmapscan = 'off', enable_seqscan = 'off', max_parallel_workers_per_gather = '0'
 Planning:
   Buffers: shared hit=81 read=27
 Planning Time: 2.051 ms
 Execution Time: 1195.315 ms
(12 rows)

SET
SET
SET
SET
SET
                                             QUERY PLAN                                             
----------------------------------------------------------------------------------------------------
 Index Scan using idx on public.t (actual rows=3048576.00 loops=1)
   Output: a, b
   Index Cond: ((t.a >= '-769468'::integer) AND (t.a <= '-7325'::integer))
   Index Searches: 1
   Buffers: shared hit=1983016
 Settings: enable_bitmapscan = 'off', enable_seqscan = 'off', max_parallel_workers_per_gather = '0'
 Planning:
   Buffers: shared hit=113
 Planning Time: 0.214 ms
 Execution Time: 635.975 ms
(10 rows)

