SET
SET
SET
SET
SET
                                                                            QUERY PLAN                                                                             
-------------------------------------------------------------------------------------------------------------------------------------------------------------------
 Index Scan using idx on public.t (actual rows=7048576.00 loops=1)
   Output: a, b
   Index Cond: ((t.a >= '-1794032'::integer) AND (t.a <= '-31889'::integer))
   Index Searches: 1
   Prefetch: distance=121.443 count=679037 stalls=3904849 skipped=2474285 resets=0 ungets=9630 forwarded=9534
             histogram [2,4) => 218669, [4,8) => 128545, [8,16) => 6000, [16,32) => 207, [32,64) => 108, [64,128) => 916, [128,256) => 150148, [256,512) => 174444
   Buffers: shared hit=4392022 read=192814
 Settings: enable_bitmapscan = 'off', enable_seqscan = 'off', max_parallel_workers_per_gather = '0'
 Planning:
   Buffers: shared hit=81 read=27
 Planning Time: 2.062 ms
 Execution Time: 2855.574 ms
(12 rows)

SET
SET
SET
SET
SET
                                             QUERY PLAN                                             
----------------------------------------------------------------------------------------------------
 Index Scan using idx on public.t (actual rows=7048576.00 loops=1)
   Output: a, b
   Index Cond: ((t.a >= '-1794032'::integer) AND (t.a <= '-31889'::integer))
   Index Searches: 1
   Buffers: shared hit=4584836
 Settings: enable_bitmapscan = 'off', enable_seqscan = 'off', max_parallel_workers_per_gather = '0'
 Planning:
   Buffers: shared hit=113
 Planning Time: 0.262 ms
 Execution Time: 1445.049 ms
(10 rows)

