SET
SET
SET
SET
SET
                                                                       QUERY PLAN                                                                        
---------------------------------------------------------------------------------------------------------------------------------------------------------
 Index Scan using idx on public.t (actual rows=524288.00 loops=1)
   Output: a, b
   Index Cond: ((t.a >= '-160134'::integer) AND (t.a <= '-29063'::integer))
   Index Searches: 1
   Prefetch: distance=248.709 count=333693 stalls=15704 skipped=183533 resets=0 ungets=9293 forwarded=4171
             histogram [2,4) => 884, [4,8) => 476, [8,16) => 49, [16,32) => 50, [32,64) => 97, [64,128) => 922, [128,256) => 154890, [256,512) => 176325
   Buffers: shared hit=313872 read=27444
 Settings: enable_bitmapscan = 'off', enable_seqscan = 'off', max_parallel_workers_per_gather = '0'
 Planning:
   Buffers: shared hit=81 read=27
 Planning Time: 2.080 ms
 Execution Time: 238.439 ms
(12 rows)

SET
SET
SET
SET
SET
                                             QUERY PLAN                                             
----------------------------------------------------------------------------------------------------
 Index Scan using idx on public.t (actual rows=524288.00 loops=1)
   Output: a, b
   Index Cond: ((t.a >= '-160134'::integer) AND (t.a <= '-29063'::integer))
   Index Searches: 1
   Buffers: shared hit=341317
 Settings: enable_bitmapscan = 'off', enable_seqscan = 'off', max_parallel_workers_per_gather = '0'
 Planning:
   Buffers: shared hit=113
 Planning Time: 0.210 ms
 Execution Time: 107.938 ms
(10 rows)

