SET
SET
SET
SET
SET
                                                                   QUERY PLAN                                                                   
------------------------------------------------------------------------------------------------------------------------------------------------
 Index Scan using idx on public.t (actual rows=131072.00 loops=1)
   Output: a, b
   Index Cond: ((t.a >= '-50678'::integer) AND (t.a <= '-17911'::integer))
   Index Searches: 1
   Prefetch: distance=262.695 count=93662 stalls=1 skipped=45678 resets=0 ungets=8772 forwarded=2579
             histogram [2,4) => 2, [4,8) => 3, [8,16) => 7, [16,32) => 13, [32,64) => 18, [64,128) => 2, [128,256) => 18111, [256,512) => 75506
   Buffers: shared hit=69022 read=16388
 Settings: enable_bitmapscan = 'off', enable_seqscan = 'off', max_parallel_workers_per_gather = '0'
 Planning:
   Buffers: shared hit=85 read=27
 Planning Time: 2.099 ms
 Execution Time: 99.604 ms
(12 rows)

SET
SET
SET
SET
SET
                                             QUERY PLAN                                             
----------------------------------------------------------------------------------------------------
 Index Scan using idx on public.t (actual rows=131072.00 loops=1)
   Output: a, b
   Index Cond: ((t.a >= '-50678'::integer) AND (t.a <= '-17911'::integer))
   Index Searches: 1
   Buffers: shared hit=85410
 Settings: enable_bitmapscan = 'off', enable_seqscan = 'off', max_parallel_workers_per_gather = '0'
 Planning:
   Buffers: shared hit=117
 Planning Time: 0.198 ms
 Execution Time: 26.052 ms
(10 rows)

