SET
SET
SET
SET
SET
                                                              QUERY PLAN                                                               
---------------------------------------------------------------------------------------------------------------------------------------
 Index Scan using idx on public.t (actual rows=256.00 loops=1)
   Output: a, b
   Index Cond: ((t.a >= '-10564'::integer) AND (t.a <= '-10501'::integer))
   Index Searches: 1
   Buffers: shared hit=6 read=167
 Settings: enable_bitmapscan = 'off', enable_seqscan = 'off', max_parallel_workers_per_gather = '0', enable_indexscan_prefetch = 'off'
 Planning:
   Buffers: shared hit=85 read=27
 Planning Time: 1.819 ms
 Execution Time: 11.098 ms
(10 rows)

SET
SET
SET
SET
SET
                                                              QUERY PLAN                                                               
---------------------------------------------------------------------------------------------------------------------------------------
 Index Scan using idx on public.t (actual rows=256.00 loops=1)
   Output: a, b
   Index Cond: ((t.a >= '-10564'::integer) AND (t.a <= '-10501'::integer))
   Index Searches: 1
   Buffers: shared hit=173
 Settings: enable_bitmapscan = 'off', enable_seqscan = 'off', max_parallel_workers_per_gather = '0', enable_indexscan_prefetch = 'off'
 Planning:
   Buffers: shared hit=117
 Planning Time: 0.137 ms
 Execution Time: 0.119 ms
(10 rows)

