SET
SET
SET
SET
                                             QUERY PLAN                                             
----------------------------------------------------------------------------------------------------
 Index Scan using idx on public.t (actual rows=262144.00 loops=1)
   Output: a, b
   Index Cond: ((t.a >= '-70564'::integer) AND (t.a <= '-5029'::integer))
   Index Searches: 1
   Buffers: shared hit=151922 read=18690
 Settings: enable_bitmapscan = 'off', enable_seqscan = 'off', max_parallel_workers_per_gather = '0'
 Planning:
   Buffers: shared hit=81 read=27
 Planning Time: 2.091 ms
 Execution Time: 226.801 ms
(10 rows)

SET
SET
SET
SET
                                             QUERY PLAN                                             
----------------------------------------------------------------------------------------------------
 Index Scan using idx on public.t (actual rows=262144.00 loops=1)
   Output: a, b
   Index Cond: ((t.a >= '-70564'::integer) AND (t.a <= '-5029'::integer))
   Index Searches: 1
   Buffers: shared hit=170612
 Settings: enable_bitmapscan = 'off', enable_seqscan = 'off', max_parallel_workers_per_gather = '0'
 Planning:
   Buffers: shared hit=113
 Planning Time: 0.212 ms
 Execution Time: 51.209 ms
(10 rows)

