SET
SET
SET
SET
SET
                                                                QUERY PLAN                                                                 
-------------------------------------------------------------------------------------------------------------------------------------------
 Index Scan using idx on public.t (actual rows=4096.00 loops=1)
   Output: a, b
   Index Cond: ((t.a >= '-14352'::integer) AND (t.a <= '-13329'::integer))
   Index Searches: 1
   Prefetch: distance=269.260 count=3659 stalls=1 skipped=1420 resets=0 ungets=1111 forwarded=82
             histogram [2,4) => 2, [4,8) => 3, [8,16) => 7, [16,32) => 11, [32,64) => 10, [64,128) => 2, [128,256) => 4, [256,512) => 3620
   Buffers: shared hit=351 read=2293
 Settings: enable_bitmapscan = 'off', enable_seqscan = 'off', max_parallel_workers_per_gather = '0'
 Planning:
   Buffers: shared hit=85 read=27
 Planning Time: 2.112 ms
 Execution Time: 18.153 ms
(12 rows)

SET
SET
SET
SET
SET
                                             QUERY PLAN                                             
----------------------------------------------------------------------------------------------------
 Index Scan using idx on public.t (actual rows=4096.00 loops=1)
   Output: a, b
   Index Cond: ((t.a >= '-14352'::integer) AND (t.a <= '-13329'::integer))
   Index Searches: 1
   Buffers: shared hit=2644
 Settings: enable_bitmapscan = 'off', enable_seqscan = 'off', max_parallel_workers_per_gather = '0'
 Planning:
   Buffers: shared hit=117
 Planning Time: 0.195 ms
 Execution Time: 1.748 ms
(10 rows)

