SET
SET
SET
SET
SET
                                                                 QUERY PLAN                                                                 
--------------------------------------------------------------------------------------------------------------------------------------------
 Index Scan using idx on public.t (actual rows=8192.00 loops=1)
   Output: a, b
   Index Cond: ((t.a >= '-33993'::integer) AND (t.a <= '-31946'::integer))
   Index Searches: 1
   Prefetch: distance=269.719 count=7112 stalls=1 skipped=2696 resets=0 ungets=2092 forwarded=193
             histogram [2,4) => 2, [4,8) => 4, [8,16) => 8, [16,32) => 11, [32,64) => 19, [64,128) => 12, [128,256) => 4, [256,512) => 7052
   Buffers: shared hit=982 read=4345
 Settings: enable_bitmapscan = 'off', enable_seqscan = 'off', max_parallel_workers_per_gather = '0'
 Planning:
   Buffers: shared hit=85 read=27
 Planning Time: 2.071 ms
 Execution Time: 38.154 ms
(12 rows)

SET
SET
SET
SET
SET
                                             QUERY PLAN                                             
----------------------------------------------------------------------------------------------------
 Index Scan using idx on public.t (actual rows=8192.00 loops=1)
   Output: a, b
   Index Cond: ((t.a >= '-33993'::integer) AND (t.a <= '-31946'::integer))
   Index Searches: 1
   Buffers: shared hit=5331
 Settings: enable_bitmapscan = 'off', enable_seqscan = 'off', max_parallel_workers_per_gather = '0'
 Planning:
   Buffers: shared hit=117
 Planning Time: 0.215 ms
 Execution Time: 3.193 ms
(10 rows)

