SET
SET
SET
SET
SET
                                                                QUERY PLAN                                                                 
-------------------------------------------------------------------------------------------------------------------------------------------
 Index Scan using idx on public.t (actual rows=512.00 loops=1)
   Output: a, b
   Index Cond: ((t.a >= '-7962'::integer) AND (t.a <= '-7835'::integer))
   Index Searches: 1
   Prefetch: distance=241.154 count=421 stalls=1 skipped=158 resets=0 ungets=127 forwarded=1
             histogram [2,4) => 2, [4,8) => 3, [8,16) => 13, [16,32) => 19, [32,64) => 15, [64,128) => 2, [128,256) => 4, [256,512) => 363
   Buffers: shared hit=8 read=333
 Settings: enable_bitmapscan = 'off', enable_seqscan = 'off', max_parallel_workers_per_gather = '0'
 Planning:
   Buffers: shared hit=85 read=27
 Planning Time: 1.719 ms
 Execution Time: 4.766 ms
(12 rows)

SET
SET
SET
SET
SET
                                             QUERY PLAN                                             
----------------------------------------------------------------------------------------------------
 Index Scan using idx on public.t (actual rows=512.00 loops=1)
   Output: a, b
   Index Cond: ((t.a >= '-7962'::integer) AND (t.a <= '-7835'::integer))
   Index Searches: 1
   Buffers: shared hit=341
 Settings: enable_bitmapscan = 'off', enable_seqscan = 'off', max_parallel_workers_per_gather = '0'
 Planning:
   Buffers: shared hit=117
 Planning Time: 0.132 ms
 Execution Time: 0.234 ms
(10 rows)

