SET
SET
SET
SET
SET
                                                                QUERY PLAN                                                                 
-------------------------------------------------------------------------------------------------------------------------------------------
 Index Scan using idx on public.t (actual rows=2048.00 loops=1)
   Output: a, b
   Index Cond: ((t.a >= '-18693'::integer) AND (t.a <= '-18182'::integer))
   Index Searches: 1
   Prefetch: distance=265.966 count=1848 stalls=1 skipped=679 resets=0 ungets=567 forwarded=20
             histogram [2,4) => 2, [4,8) => 3, [8,16) => 6, [16,32) => 11, [32,64) => 16, [64,128) => 4, [128,256) => 4, [256,512) => 1802
   Buffers: shared hit=83 read=1261
 Settings: enable_bitmapscan = 'off', enable_seqscan = 'off', max_parallel_workers_per_gather = '0'
 Planning:
   Buffers: shared hit=85 read=27
 Planning Time: 2.124 ms
 Execution Time: 9.747 ms
(12 rows)

SET
SET
SET
SET
SET
                                             QUERY PLAN                                             
----------------------------------------------------------------------------------------------------
 Index Scan using idx on public.t (actual rows=2048.00 loops=1)
   Output: a, b
   Index Cond: ((t.a >= '-18693'::integer) AND (t.a <= '-18182'::integer))
   Index Searches: 1
   Buffers: shared hit=1344
 Settings: enable_bitmapscan = 'off', enable_seqscan = 'off', max_parallel_workers_per_gather = '0'
 Planning:
   Buffers: shared hit=117
 Planning Time: 0.209 ms
 Execution Time: 1.080 ms
(10 rows)

