SET
SET
SET
SET
SET
                                                                 QUERY PLAN                                                                  
---------------------------------------------------------------------------------------------------------------------------------------------
 Index Scan using idx on public.t (actual rows=32768.00 loops=1)
   Output: a, b
   Index Cond: ((t.a >= '-26918'::integer) AND (t.a <= '-18727'::integer))
   Index Searches: 1
   Prefetch: distance=270.033 count=26800 stalls=1 skipped=11336 resets=0 ungets=5948 forwarded=1137
             histogram [2,4) => 2, [4,8) => 4, [8,16) => 8, [16,32) => 21, [32,64) => 4, [64,128) => 2, [128,256) => 159, [256,512) => 26600
   Buffers: shared hit=10822 read=10454
 Settings: enable_bitmapscan = 'off', enable_seqscan = 'off', max_parallel_workers_per_gather = '0'
 Planning:
   Buffers: shared hit=85 read=27
 Planning Time: 2.078 ms
 Execution Time: 68.994 ms
(12 rows)

SET
SET
SET
SET
SET
                                             QUERY PLAN                                             
----------------------------------------------------------------------------------------------------
 Index Scan using idx on public.t (actual rows=32768.00 loops=1)
   Output: a, b
   Index Cond: ((t.a >= '-26918'::integer) AND (t.a <= '-18727'::integer))
   Index Searches: 1
   Buffers: shared hit=21276
 Settings: enable_bitmapscan = 'off', enable_seqscan = 'off', max_parallel_workers_per_gather = '0'
 Planning:
   Buffers: shared hit=117
 Planning Time: 0.206 ms
 Execution Time: 9.750 ms
(10 rows)

