SET
SET
SET
SET
SET
                                                                           QUERY PLAN                                                                           
----------------------------------------------------------------------------------------------------------------------------------------------------------------
 Index Scan using idx on public.t (actual rows=2048576.00 loops=1)
   Output: a, b
   Index Cond: ((t.a >= '-531619'::integer) AND (t.a <= '-19476'::integer))
   Index Searches: 1
   Prefetch: distance=203.469 count=438480 stalls=900027 skipped=718767 resets=0 ungets=8953 forwarded=5479
             histogram [2,4) => 50430, [4,8) => 29681, [8,16) => 1324, [16,32) => 59, [32,64) => 101, [64,128) => 982, [128,256) => 170747, [256,512) => 185156
   Buffers: shared hit=1267532 read=65247
 Settings: enable_bitmapscan = 'off', enable_seqscan = 'off', max_parallel_workers_per_gather = '0'
 Planning:
   Buffers: shared hit=81 read=27
 Planning Time: 2.176 ms
 Execution Time: 824.340 ms
(12 rows)

SET
SET
SET
SET
SET
                                             QUERY PLAN                                             
----------------------------------------------------------------------------------------------------
 Index Scan using idx on public.t (actual rows=2048576.00 loops=1)
   Output: a, b
   Index Cond: ((t.a >= '-531619'::integer) AND (t.a <= '-19476'::integer))
   Index Searches: 1
   Buffers: shared hit=1332783
 Settings: enable_bitmapscan = 'off', enable_seqscan = 'off', max_parallel_workers_per_gather = '0'
 Planning:
   Buffers: shared hit=113
 Planning Time: 0.217 ms
 Execution Time: 420.676 ms
(10 rows)

