SET
SET
SET
SET
SET
                                                                            QUERY PLAN                                                                             
-------------------------------------------------------------------------------------------------------------------------------------------------------------------
 Index Scan using idx on public.t (actual rows=5048576.00 loops=1)
   Output: a, b
   Index Cond: ((t.a >= '-1273127'::integer) AND (t.a <= '-10984'::integer))
   Index Searches: 1
   Prefetch: distance=153.013 count=619892 stalls=2664697 skipped=1772231 resets=0 ungets=8399 forwarded=7889
             histogram [2,4) => 149466, [4,8) => 87558, [8,16) => 4080, [16,32) => 186, [32,64) => 110, [64,128) => 1026, [128,256) => 185719, [256,512) => 191747
   Buffers: shared hit=3143476 read=140381
 Settings: enable_bitmapscan = 'off', enable_seqscan = 'off', max_parallel_workers_per_gather = '0'
 Planning:
   Buffers: shared hit=81 read=27
 Planning Time: 2.178 ms
 Execution Time: 1981.747 ms
(12 rows)

SET
SET
SET
SET
SET
                                             QUERY PLAN                                             
----------------------------------------------------------------------------------------------------
 Index Scan using idx on public.t (actual rows=5048576.00 loops=1)
   Output: a, b
   Index Cond: ((t.a >= '-1273127'::integer) AND (t.a <= '-10984'::integer))
   Index Searches: 1
   Buffers: shared hit=3283857
 Settings: enable_bitmapscan = 'off', enable_seqscan = 'off', max_parallel_workers_per_gather = '0'
 Planning:
   Buffers: shared hit=113
 Planning Time: 0.238 ms
 Execution Time: 1045.970 ms
(10 rows)

