SET
SET
SET
SET
SET
                                                                             QUERY PLAN                                                                             
--------------------------------------------------------------------------------------------------------------------------------------------------------------------
 Index Scan using idx on public.t (actual rows=6048576.00 loops=1)
   Output: a, b
   Index Cond: ((t.a >= '-1513954'::integer) AND (t.a <= '-1811'::integer))
   Index Searches: 1
   Prefetch: distance=144.673 count=694977 stalls=3238274 skipped=2123015 resets=0 ungets=7797 forwarded=8693
             histogram [2,4) => 181477, [4,8) => 106504, [8,16) => 4965, [16,32) => 198, [32,64) => 204, [64,128) => 1274, [128,256) => 200708, [256,512) => 199647
   Buffers: shared hit=3769750 read=164836
 Settings: enable_bitmapscan = 'off', enable_seqscan = 'off', max_parallel_workers_per_gather = '0'
 Planning:
   Buffers: shared hit=81 read=27
 Planning Time: 2.108 ms
 Execution Time: 2346.835 ms
(12 rows)

SET
SET
SET
SET
SET
                                             QUERY PLAN                                             
----------------------------------------------------------------------------------------------------
 Index Scan using idx on public.t (actual rows=6048576.00 loops=1)
   Output: a, b
   Index Cond: ((t.a >= '-1513954'::integer) AND (t.a <= '-1811'::integer))
   Index Searches: 1
   Buffers: shared hit=3934586
 Settings: enable_bitmapscan = 'off', enable_seqscan = 'off', max_parallel_workers_per_gather = '0'
 Planning:
   Buffers: shared hit=113
 Planning Time: 0.235 ms
 Execution Time: 1238.273 ms
(10 rows)

