SET
SET
SET
SET
SET
                                                                    QUERY PLAN                                                                     
---------------------------------------------------------------------------------------------------------------------------------------------------
 Index Scan using idx on public.t (actual rows=131072.00 loops=1)
   Output: a, b
   Index Cond: ((t.a >= '-33771'::integer) AND (t.a <= '-1004'::integer))
   Index Searches: 1
   Prefetch: distance=261.025 count=92239 stalls=1 skipped=45742 resets=0 ungets=7573 forwarded=2328
             histogram [2,4) => 2, [4,8) => 4, [8,16) => 5, [16,32) => 10, [32,64) => 113, [64,128) => 214, [128,256) => 19766, [256,512) => 72125
   Buffers: shared hit=70419 read=14883
 Settings: enable_bitmapscan = 'off', enable_seqscan = 'off', max_parallel_workers_per_gather = '0'
 Planning:
   Buffers: shared hit=85 read=27
 Planning Time: 2.069 ms
 Execution Time: 96.813 ms
(12 rows)

SET
SET
SET
SET
SET
                                             QUERY PLAN                                             
----------------------------------------------------------------------------------------------------
 Index Scan using idx on public.t (actual rows=131072.00 loops=1)
   Output: a, b
   Index Cond: ((t.a >= '-33771'::integer) AND (t.a <= '-1004'::integer))
   Index Searches: 1
   Buffers: shared hit=85303
 Settings: enable_bitmapscan = 'off', enable_seqscan = 'off', max_parallel_workers_per_gather = '0'
 Planning:
   Buffers: shared hit=117
 Planning Time: 0.182 ms
 Execution Time: 25.018 ms
(10 rows)

