SET
SET
SET
SET
SET
                                                                          QUERY PLAN                                                                           
---------------------------------------------------------------------------------------------------------------------------------------------------------------
 Index Scan using idx on public.t (actual rows=1048576.00 loops=1)
   Output: a, b
   Index Cond: ((t.a >= '-293048'::integer) AND (t.a <= '-30905'::integer))
   Index Searches: 1
   Prefetch: distance=229.102 count=357694 stalls=332106 skipped=367547 resets=0 ungets=9402 forwarded=4605
             histogram [2,4) => 18609, [4,8) => 10955, [8,16) => 516, [16,32) => 57, [32,64) => 100, [64,128) => 923, [128,256) => 151878, [256,512) => 174656
   Buffers: shared hit=641498 read=40886
 Settings: enable_bitmapscan = 'off', enable_seqscan = 'off', max_parallel_workers_per_gather = '0'
 Planning:
   Buffers: shared hit=81 read=27
 Planning Time: 2.076 ms
 Execution Time: 451.480 ms
(12 rows)

SET
SET
SET
SET
SET
                                             QUERY PLAN                                             
----------------------------------------------------------------------------------------------------
 Index Scan using idx on public.t (actual rows=1048576.00 loops=1)
   Output: a, b
   Index Cond: ((t.a >= '-293048'::integer) AND (t.a <= '-30905'::integer))
   Index Searches: 1
   Buffers: shared hit=682386
 Settings: enable_bitmapscan = 'off', enable_seqscan = 'off', max_parallel_workers_per_gather = '0'
 Planning:
   Buffers: shared hit=113
 Planning Time: 0.192 ms
 Execution Time: 216.620 ms
(10 rows)

