SET
SET
SET
SET
SET
                                                                            QUERY PLAN                                                                             
-------------------------------------------------------------------------------------------------------------------------------------------------------------------
 Index Scan using idx on public.t (actual rows=4048576.00 loops=1)
   Output: a, b
   Index Cond: ((t.a >= '-1014364'::integer) AND (t.a <= '-2221'::integer))
   Index Searches: 1
   Prefetch: distance=170.487 count=586020 stalls=2048938 skipped=1420854 resets=0 ungets=7707 forwarded=7044
             histogram [2,4) => 114914, [4,8) => 67341, [8,16) => 3173, [16,32) => 165, [32,64) => 105, [64,128) => 1201, [128,256) => 200116, [256,512) => 199005
   Buffers: shared hit=2519359 read=114269
 Settings: enable_bitmapscan = 'off', enable_seqscan = 'off', max_parallel_workers_per_gather = '0'
 Planning:
   Buffers: shared hit=81 read=27
 Planning Time: 2.082 ms
 Execution Time: 1644.261 ms
(12 rows)

SET
SET
SET
SET
SET
                                             QUERY PLAN                                             
----------------------------------------------------------------------------------------------------
 Index Scan using idx on public.t (actual rows=4048576.00 loops=1)
   Output: a, b
   Index Cond: ((t.a >= '-1014364'::integer) AND (t.a <= '-2221'::integer))
   Index Searches: 1
   Buffers: shared hit=2633628
 Settings: enable_bitmapscan = 'off', enable_seqscan = 'off', max_parallel_workers_per_gather = '0'
 Planning:
   Buffers: shared hit=113
 Planning Time: 0.222 ms
 Execution Time: 830.155 ms
(10 rows)

