SET
SET
SET
SET
SET
                                                                           QUERY PLAN                                                                            
-----------------------------------------------------------------------------------------------------------------------------------------------------------------
 Index Scan using idx on public.t (actual rows=3048576.00 loops=1)
   Output: a, b
   Index Cond: ((t.a >= '-775570'::integer) AND (t.a <= '-13427'::integer))
   Index Searches: 1
   Prefetch: distance=183.661 count=506381 stalls=1480413 skipped=1069895 resets=0 ungets=8516 forwarded=6286
             histogram [2,4) => 82977, [4,8) => 48723, [8,16) => 2337, [16,32) => 150, [32,64) => 101, [64,128) => 999, [128,256) => 181456, [256,512) => 189638
   Buffers: shared hit=1893096 read=90007
 Settings: enable_bitmapscan = 'off', enable_seqscan = 'off', max_parallel_workers_per_gather = '0'
 Planning:
   Buffers: shared hit=81 read=27
 Planning Time: 2.157 ms
 Execution Time: 1234.174 ms
(12 rows)

SET
SET
SET
SET
SET
                                             QUERY PLAN                                             
----------------------------------------------------------------------------------------------------
 Index Scan using idx on public.t (actual rows=3048576.00 loops=1)
   Output: a, b
   Index Cond: ((t.a >= '-775570'::integer) AND (t.a <= '-13427'::integer))
   Index Searches: 1
   Buffers: shared hit=1983103
 Settings: enable_bitmapscan = 'off', enable_seqscan = 'off', max_parallel_workers_per_gather = '0'
 Planning:
   Buffers: shared hit=113
 Planning Time: 0.193 ms
 Execution Time: 624.158 ms
(10 rows)

