SET
SET
SET
SET
SET
                                                                QUERY PLAN                                                                 
-------------------------------------------------------------------------------------------------------------------------------------------
 Index Scan using idx on public.t (actual rows=4096.00 loops=1)
   Output: a, b
   Index Cond: ((t.a >= '-11085'::integer) AND (t.a <= '-10062'::integer))
   Index Searches: 1
   Prefetch: distance=268.630 count=3330 stalls=1 skipped=1265 resets=0 ungets=1003 forwarded=85
             histogram [2,4) => 2, [4,8) => 8, [8,16) => 10, [16,32) => 13, [32,64) => 6, [64,128) => 3, [128,256) => 2, [256,512) => 3286
   Buffers: shared hit=365 read=2294
 Settings: enable_bitmapscan = 'off', enable_seqscan = 'off', max_parallel_workers_per_gather = '0'
 Planning:
   Buffers: shared hit=85 read=27
 Planning Time: 2.039 ms
 Execution Time: 30.851 ms
(12 rows)

SET
SET
SET
SET
SET
                                             QUERY PLAN                                             
----------------------------------------------------------------------------------------------------
 Index Scan using idx on public.t (actual rows=4096.00 loops=1)
   Output: a, b
   Index Cond: ((t.a >= '-11085'::integer) AND (t.a <= '-10062'::integer))
   Index Searches: 1
   Buffers: shared hit=2659
 Settings: enable_bitmapscan = 'off', enable_seqscan = 'off', max_parallel_workers_per_gather = '0'
 Planning:
   Buffers: shared hit=117
 Planning Time: 0.197 ms
 Execution Time: 1.761 ms
(10 rows)

