SET
SET
SET
SET
SET
                                                                 QUERY PLAN                                                                 
--------------------------------------------------------------------------------------------------------------------------------------------
 Index Scan using idx on public.t (actual rows=16384.00 loops=1)
   Output: a, b
   Index Cond: ((t.a >= '-9647'::integer) AND (t.a <= '-5552'::integer))
   Index Searches: 1
   Prefetch: distance=270.540 count=13834 stalls=1 skipped=5572 resets=0 ungets=3530 forwarded=516
             histogram [2,4) => 2, [4,8) => 3, [8,16) => 6, [16,32) => 9, [32,64) => 10, [64,128) => 3, [128,256) => 13, [256,512) => 13788
   Buffers: shared hit=4003 read=6662
 Settings: enable_bitmapscan = 'off', enable_seqscan = 'off', max_parallel_workers_per_gather = '0'
 Planning:
   Buffers: shared hit=85 read=27
 Planning Time: 2.071 ms
 Execution Time: 50.225 ms
(12 rows)

SET
SET
SET
SET
SET
                                             QUERY PLAN                                             
----------------------------------------------------------------------------------------------------
 Index Scan using idx on public.t (actual rows=16384.00 loops=1)
   Output: a, b
   Index Cond: ((t.a >= '-9647'::integer) AND (t.a <= '-5552'::integer))
   Index Searches: 1
   Buffers: shared hit=10665
 Settings: enable_bitmapscan = 'off', enable_seqscan = 'off', max_parallel_workers_per_gather = '0'
 Planning:
   Buffers: shared hit=117
 Planning Time: 0.201 ms
 Execution Time: 4.071 ms
(10 rows)

