SET
SET
SET
SET
SET
                                                                QUERY PLAN                                                                 
-------------------------------------------------------------------------------------------------------------------------------------------
 Index Scan using idx on public.t (actual rows=2048.00 loops=1)
   Output: a, b
   Index Cond: ((t.a >= '-24480'::integer) AND (t.a <= '-23969'::integer))
   Index Searches: 1
   Prefetch: distance=265.383 count=1619 stalls=1 skipped=614 resets=0 ungets=505 forwarded=12
             histogram [2,4) => 2, [4,8) => 4, [8,16) => 6, [16,32) => 10, [32,64) => 18, [64,128) => 4, [128,256) => 4, [256,512) => 1571
   Buffers: shared hit=77 read=1259
 Settings: enable_bitmapscan = 'off', enable_seqscan = 'off', max_parallel_workers_per_gather = '0'
 Planning:
   Buffers: shared hit=85 read=27
 Planning Time: 2.079 ms
 Execution Time: 19.836 ms
(12 rows)

SET
SET
SET
SET
SET
                                             QUERY PLAN                                             
----------------------------------------------------------------------------------------------------
 Index Scan using idx on public.t (actual rows=2048.00 loops=1)
   Output: a, b
   Index Cond: ((t.a >= '-24480'::integer) AND (t.a <= '-23969'::integer))
   Index Searches: 1
   Buffers: shared hit=1336
 Settings: enable_bitmapscan = 'off', enable_seqscan = 'off', max_parallel_workers_per_gather = '0'
 Planning:
   Buffers: shared hit=117
 Planning Time: 0.232 ms
 Execution Time: 0.717 ms
(10 rows)

