SET
SET
SET
SET
SET
                                                                QUERY PLAN                                                                
------------------------------------------------------------------------------------------------------------------------------------------
 Index Scan using idx on public.t (actual rows=512.00 loops=1)
   Output: a, b
   Index Cond: ((t.a >= '-561'::integer) AND (t.a <= '-434'::integer))
   Index Searches: 1
   Prefetch: distance=199.525 count=200 stalls=1 skipped=85 resets=0 ungets=45 forwarded=1
             histogram [2,4) => 3, [4,8) => 6, [8,16) => 6, [16,32) => 15, [32,64) => 28, [64,128) => 2, [128,256) => 2, [256,512) => 138
   Buffers: shared hit=21 read=315
 Settings: enable_bitmapscan = 'off', enable_seqscan = 'off', max_parallel_workers_per_gather = '0'
 Planning:
   Buffers: shared hit=85 read=27
 Planning Time: 1.959 ms
 Execution Time: 11.018 ms
(12 rows)

SET
SET
SET
SET
SET
                                             QUERY PLAN                                             
----------------------------------------------------------------------------------------------------
 Index Scan using idx on public.t (actual rows=512.00 loops=1)
   Output: a, b
   Index Cond: ((t.a >= '-561'::integer) AND (t.a <= '-434'::integer))
   Index Searches: 1
   Buffers: shared hit=336
 Settings: enable_bitmapscan = 'off', enable_seqscan = 'off', max_parallel_workers_per_gather = '0'
 Planning:
   Buffers: shared hit=117
 Planning Time: 0.185 ms
 Execution Time: 0.344 ms
(10 rows)

