SET
SET
SET
SET
SET
                                                                QUERY PLAN                                                                
------------------------------------------------------------------------------------------------------------------------------------------
 Index Scan using idx on public.t (actual rows=8192.00 loops=1)
   Output: a, b
   Index Cond: ((t.a >= '-31000'::integer) AND (t.a <= '-28953'::integer))
   Index Searches: 1
   Prefetch: distance=270.122 count=7143 stalls=1 skipped=2712 resets=0 ungets=2087 forwarded=177
             histogram [2,4) => 2, [4,8) => 3, [8,16) => 6, [16,32) => 9, [32,64) => 17, [64,128) => 8, [128,256) => 2, [256,512) => 7096
   Buffers: shared hit=1066 read=4281
 Settings: enable_bitmapscan = 'off', enable_seqscan = 'off', max_parallel_workers_per_gather = '0'
 Planning:
   Buffers: shared hit=85 read=27
 Planning Time: 2.067 ms
 Execution Time: 36.527 ms
(12 rows)

SET
SET
SET
SET
SET
                                             QUERY PLAN                                             
----------------------------------------------------------------------------------------------------
 Index Scan using idx on public.t (actual rows=8192.00 loops=1)
   Output: a, b
   Index Cond: ((t.a >= '-31000'::integer) AND (t.a <= '-28953'::integer))
   Index Searches: 1
   Buffers: shared hit=5348
 Settings: enable_bitmapscan = 'off', enable_seqscan = 'off', max_parallel_workers_per_gather = '0'
 Planning:
   Buffers: shared hit=117
 Planning Time: 0.201 ms
 Execution Time: 3.128 ms
(10 rows)

