SET
SET
SET
SET
SET
                                                                  QUERY PLAN                                                                   
-----------------------------------------------------------------------------------------------------------------------------------------------
 Index Scan using idx on public.t (actual rows=65536.00 loops=1)
   Output: a, b
   Index Cond: ((t.a >= '-39212'::integer) AND (t.a <= '-22829'::integer))
   Index Searches: 1
   Prefetch: distance=267.852 count=51122 stalls=1 skipped=22855 resets=0 ungets=8645 forwarded=1982
             histogram [2,4) => 2, [4,8) => 4, [8,16) => 6, [16,32) => 11, [32,64) => 13, [64,128) => 2, [128,256) => 2851, [256,512) => 48233
   Buffers: shared hit=28621 read=14093
 Settings: enable_bitmapscan = 'off', enable_seqscan = 'off', max_parallel_workers_per_gather = '0'
 Planning:
   Buffers: shared hit=85 read=27
 Planning Time: 2.175 ms
 Execution Time: 71.894 ms
(12 rows)

SET
SET
SET
SET
SET
                                             QUERY PLAN                                             
----------------------------------------------------------------------------------------------------
 Index Scan using idx on public.t (actual rows=65536.00 loops=1)
   Output: a, b
   Index Cond: ((t.a >= '-39212'::integer) AND (t.a <= '-22829'::integer))
   Index Searches: 1
   Buffers: shared hit=42715
 Settings: enable_bitmapscan = 'off', enable_seqscan = 'off', max_parallel_workers_per_gather = '0'
 Planning:
   Buffers: shared hit=117
 Planning Time: 0.225 ms
 Execution Time: 13.527 ms
(10 rows)

