SET
SET
SET
SET
SET
                                                                            QUERY PLAN                                                                            
------------------------------------------------------------------------------------------------------------------------------------------------------------------
 Index Scan using idx on public.t (actual rows=4048576.00 loops=1)
   Output: a, b
   Index Cond: ((t.a >= '-1038484'::integer) AND (t.a <= '-26341'::integer))
   Index Searches: 1
   Prefetch: distance=160.906 count=530362 stalls=2106220 skipped=1421147 resets=0 ungets=9336 forwarded=7060
             histogram [2,4) => 118063, [4,8) => 69243, [8,16) => 3270, [16,32) => 156, [32,64) => 111, [64,128) => 943, [128,256) => 159641, [256,512) => 178935
   Buffers: shared hit=2517029 read=116404
 Settings: enable_bitmapscan = 'off', enable_seqscan = 'off', max_parallel_workers_per_gather = '0'
 Planning:
   Buffers: shared hit=81 read=27
 Planning Time: 2.063 ms
 Execution Time: 1596.495 ms
(12 rows)

SET
SET
SET
SET
SET
                                             QUERY PLAN                                             
----------------------------------------------------------------------------------------------------
 Index Scan using idx on public.t (actual rows=4048576.00 loops=1)
   Output: a, b
   Index Cond: ((t.a >= '-1038484'::integer) AND (t.a <= '-26341'::integer))
   Index Searches: 1
   Buffers: shared hit=2633434
 Settings: enable_bitmapscan = 'off', enable_seqscan = 'off', max_parallel_workers_per_gather = '0'
 Planning:
   Buffers: shared hit=113
 Planning Time: 0.220 ms
 Execution Time: 828.965 ms
(10 rows)

