SET
SET
SET
SET
SET
                                                                    QUERY PLAN                                                                    
--------------------------------------------------------------------------------------------------------------------------------------------------
 Index Scan using idx on public.t (actual rows=262144.00 loops=1)
   Output: a, b
   Index Cond: ((t.a >= '-82978'::integer) AND (t.a <= '-17443'::integer))
   Index Searches: 1
   Prefetch: distance=254.932 count=178759 stalls=1 skipped=91768 resets=0 ungets=8755 forwarded=3172
             histogram [2,4) => 2, [4,8) => 3, [8,16) => 6, [16,32) => 11, [32,64) => 16, [64,128) => 91, [128,256) => 66078, [256,512) => 112552
   Buffers: shared hit=150805 read=19834
 Settings: enable_bitmapscan = 'off', enable_seqscan = 'off', max_parallel_workers_per_gather = '0'
 Planning:
   Buffers: shared hit=81 read=27
 Planning Time: 2.090 ms
 Execution Time: 135.465 ms
(12 rows)

SET
SET
SET
SET
SET
                                             QUERY PLAN                                             
----------------------------------------------------------------------------------------------------
 Index Scan using idx on public.t (actual rows=262144.00 loops=1)
   Output: a, b
   Index Cond: ((t.a >= '-82978'::integer) AND (t.a <= '-17443'::integer))
   Index Searches: 1
   Buffers: shared hit=170641
 Settings: enable_bitmapscan = 'off', enable_seqscan = 'off', max_parallel_workers_per_gather = '0'
 Planning:
   Buffers: shared hit=113
 Planning Time: 0.210 ms
 Execution Time: 51.884 ms
(10 rows)

