SET
SET
SET
SET
SET
                                                                            QUERY PLAN                                                                             
-------------------------------------------------------------------------------------------------------------------------------------------------------------------
 Index Scan using idx on public.t (actual rows=5048576.00 loops=1)
   Output: a, b
   Index Cond: ((t.a >= '-1263342'::integer) AND (t.a <= '-1199'::integer))
   Index Searches: 1
   Prefetch: distance=156.734 count=642159 stalls=2641352 skipped=1772142 resets=0 ungets=7628 forwarded=7838
             histogram [2,4) => 148129, [4,8) => 86809, [8,16) => 4059, [16,32) => 197, [32,64) => 200, [64,128) => 1269, [128,256) => 201734, [256,512) => 199762
   Buffers: shared hit=3144328 read=139471
 Settings: enable_bitmapscan = 'off', enable_seqscan = 'off', max_parallel_workers_per_gather = '0'
 Planning:
   Buffers: shared hit=81 read=27
 Planning Time: 2.145 ms
 Execution Time: 2015.631 ms
(12 rows)

SET
SET
SET
SET
SET
                                             QUERY PLAN                                             
----------------------------------------------------------------------------------------------------
 Index Scan using idx on public.t (actual rows=5048576.00 loops=1)
   Output: a, b
   Index Cond: ((t.a >= '-1263342'::integer) AND (t.a <= '-1199'::integer))
   Index Searches: 1
   Buffers: shared hit=3283799
 Settings: enable_bitmapscan = 'off', enable_seqscan = 'off', max_parallel_workers_per_gather = '0'
 Planning:
   Buffers: shared hit=113
 Planning Time: 0.225 ms
 Execution Time: 1043.605 ms
(10 rows)

