SET
SET
SET
SET
SET
                                                                          QUERY PLAN                                                                           
---------------------------------------------------------------------------------------------------------------------------------------------------------------
 Index Scan using idx on public.t (actual rows=2048576.00 loops=1)
   Output: a, b
   Index Cond: ((t.a >= '-541609'::integer) AND (t.a <= '-29466'::integer))
   Index Searches: 1
   Prefetch: distance=200.115 count=415008 stalls=923817 skipped=718764 resets=0 ungets=9388 forwarded=5368
             histogram [2,4) => 51727, [4,8) => 30421, [8,16) => 1347, [16,32) => 76, [32,64) => 92, [64,128) => 922, [128,256) => 154268, [256,512) => 176155
   Buffers: shared hit=1266674 read=66074
 Settings: enable_bitmapscan = 'off', enable_seqscan = 'off', max_parallel_workers_per_gather = '0'
 Planning:
   Buffers: shared hit=81 read=27
 Planning Time: 2.087 ms
 Execution Time: 831.500 ms
(12 rows)

SET
SET
SET
SET
SET
                                             QUERY PLAN                                             
----------------------------------------------------------------------------------------------------
 Index Scan using idx on public.t (actual rows=2048576.00 loops=1)
   Output: a, b
   Index Cond: ((t.a >= '-541609'::integer) AND (t.a <= '-29466'::integer))
   Index Searches: 1
   Buffers: shared hit=1332749
 Settings: enable_bitmapscan = 'off', enable_seqscan = 'off', max_parallel_workers_per_gather = '0'
 Planning:
   Buffers: shared hit=113
 Planning Time: 0.209 ms
 Execution Time: 419.923 ms
(10 rows)

