SET
SET
SET
SET
SET
                                                                             QUERY PLAN                                                                             
--------------------------------------------------------------------------------------------------------------------------------------------------------------------
 Index Scan using idx on public.t (actual rows=9048576.00 loops=1)
   Output: a, b
   Index Cond: ((t.a >= '-2277401'::integer) AND (t.a <= '-15258'::integer))
   Index Searches: 1
   Prefetch: distance=112.580 count=824747 stalls=5056186 skipped=3175841 resets=0 ungets=8625 forwarded=11200
             histogram [2,4) => 282952, [4,8) => 166286, [8,16) => 7642, [16,32) => 283, [32,64) => 141, [64,128) => 1000, [128,256) => 178432, [256,512) => 188011
   Buffers: shared hit=5644239 read=241899
 Settings: enable_bitmapscan = 'off', enable_seqscan = 'off', max_parallel_workers_per_gather = '0'
 Planning:
   Buffers: shared hit=81 read=27
 Planning Time: 2.107 ms
 Execution Time: 3522.134 ms
(12 rows)

SET
SET
SET
SET
SET
                                             QUERY PLAN                                             
----------------------------------------------------------------------------------------------------
 Index Scan using idx on public.t (actual rows=9048576.00 loops=1)
   Output: a, b
   Index Cond: ((t.a >= '-2277401'::integer) AND (t.a <= '-15258'::integer))
   Index Searches: 1
   Buffers: shared hit=5886138
 Settings: enable_bitmapscan = 'off', enable_seqscan = 'off', max_parallel_workers_per_gather = '0'
 Planning:
   Buffers: shared hit=113
 Planning Time: 0.238 ms
 Execution Time: 1860.702 ms
(10 rows)

