SET
SET
SET
SET
SET
                                                                            QUERY PLAN                                                                             
-------------------------------------------------------------------------------------------------------------------------------------------------------------------
 Index Scan using idx on public.t (actual rows=6048576.00 loops=1)
   Output: a, b
   Index Cond: ((t.a >= '-1539644'::integer) AND (t.a <= '-27501'::integer))
   Index Searches: 1
   Prefetch: distance=133.683 count=635429 stalls=3299270 skipped=2123030 resets=0 ungets=9372 forwarded=8701
             histogram [2,4) => 184971, [4,8) => 108551, [8,16) => 5044, [16,32) => 210, [32,64) => 104, [64,128) => 934, [128,256) => 157597, [256,512) => 178018
   Buffers: shared hit=3767347 read=167174
 Settings: enable_bitmapscan = 'off', enable_seqscan = 'off', max_parallel_workers_per_gather = '0'
 Planning:
   Buffers: shared hit=81 read=27
 Planning Time: 2.049 ms
 Execution Time: 2342.714 ms
(12 rows)

SET
SET
SET
SET
SET
                                             QUERY PLAN                                             
----------------------------------------------------------------------------------------------------
 Index Scan using idx on public.t (actual rows=6048576.00 loops=1)
   Output: a, b
   Index Cond: ((t.a >= '-1539644'::integer) AND (t.a <= '-27501'::integer))
   Index Searches: 1
   Buffers: shared hit=3934521
 Settings: enable_bitmapscan = 'off', enable_seqscan = 'off', max_parallel_workers_per_gather = '0'
 Planning:
   Buffers: shared hit=113
 Planning Time: 0.229 ms
 Execution Time: 1240.704 ms
(10 rows)

