SET
SET
SET
SET
SET
                                                                          QUERY PLAN                                                                           
---------------------------------------------------------------------------------------------------------------------------------------------------------------
 Index Scan Backward using idx on public.t (actual rows=1048576.00 loops=1)
   Output: a, b
   Index Cond: ((t.a >= '-290304'::integer) AND (t.a <= '-28161'::integer))
   Index Searches: 1
   Prefetch: distance=243.984 count=401855 stalls=305195 skipped=367728 resets=0 ungets=26433 forwarded=0
             histogram [2,4) => 7366, [4,8) => 3362, [8,16) => 225, [16,32) => 159, [32,64) => 293, [64,128) => 2319, [128,256) => 157207, [256,512) => 230924
   Buffers: shared hit=641680 read=40671
 Settings: enable_bitmapscan = 'off', enable_seqscan = 'off', max_parallel_workers_per_gather = '0'
 Planning:
   Buffers: shared hit=77 read=27
 Planning Time: 2.286 ms
 Execution Time: 768.243 ms
(12 rows)

SET
SET
SET
SET
SET
                                             QUERY PLAN                                             
----------------------------------------------------------------------------------------------------
 Index Scan Backward using idx on public.t (actual rows=1048576.00 loops=1)
   Output: a, b
   Index Cond: ((t.a >= '-290304'::integer) AND (t.a <= '-28161'::integer))
   Index Searches: 1
   Buffers: shared hit=682351
 Settings: enable_bitmapscan = 'off', enable_seqscan = 'off', max_parallel_workers_per_gather = '0'
 Planning:
   Buffers: shared hit=109
 Planning Time: 0.221 ms
 Execution Time: 217.701 ms
(10 rows)

