SET
SET
SET
SET
SET
                                                                      QUERY PLAN                                                                       
-------------------------------------------------------------------------------------------------------------------------------------------------------
 Index Scan Backward using idx on public.t (actual rows=262144.00 loops=1)
   Output: a, b
   Index Cond: ((t.a >= '-97234'::integer) AND (t.a <= '-31699'::integer))
   Index Searches: 1
   Prefetch: distance=258.301 count=107435 stalls=81568 skipped=91700 resets=0 ungets=18718 forwarded=0
             histogram [2,4) => 1518, [4,8) => 487, [8,16) => 20, [16,32) => 26, [32,64) => 64, [64,128) => 71, [128,256) => 18270, [256,512) => 86979
   Buffers: shared hit=149757 read=21031
 Settings: enable_bitmapscan = 'off', enable_seqscan = 'off', max_parallel_workers_per_gather = '0'
 Planning:
   Buffers: shared hit=77 read=27
 Planning Time: 2.066 ms
 Execution Time: 255.976 ms
(12 rows)

SET
SET
SET
SET
SET
                                             QUERY PLAN                                             
----------------------------------------------------------------------------------------------------
 Index Scan Backward using idx on public.t (actual rows=262144.00 loops=1)
   Output: a, b
   Index Cond: ((t.a >= '-97234'::integer) AND (t.a <= '-31699'::integer))
   Index Searches: 1
   Buffers: shared hit=170788
 Settings: enable_bitmapscan = 'off', enable_seqscan = 'off', max_parallel_workers_per_gather = '0'
 Planning:
   Buffers: shared hit=109
 Planning Time: 0.185 ms
 Execution Time: 54.704 ms
(10 rows)

