SET
SET
SET
SET
SET
                                                                         QUERY PLAN                                                                          
-------------------------------------------------------------------------------------------------------------------------------------------------------------
 Index Scan Backward using idx on public.t (actual rows=524288.00 loops=1)
   Output: a, b
   Index Cond: ((t.a >= '-151866'::integer) AND (t.a <= '-20795'::integer))
   Index Searches: 1
   Prefetch: distance=249.297 count=137924 stalls=224452 skipped=183714 resets=0 ungets=22053 forwarded=1
             histogram [2,4) => 4180, [4,8) => 1863, [8,16) => 105, [16,32) => 152, [32,64) => 135, [64,128) => 401, [128,256) => 26295, [256,512) => 104793
   Buffers: shared hit=314504 read=26783
 Settings: enable_bitmapscan = 'off', enable_seqscan = 'off', max_parallel_workers_per_gather = '0'
 Planning:
   Buffers: shared hit=77 read=27
 Planning Time: 2.088 ms
 Execution Time: 433.798 ms
(12 rows)

SET
SET
SET
SET
SET
                                             QUERY PLAN                                             
----------------------------------------------------------------------------------------------------
 Index Scan Backward using idx on public.t (actual rows=524288.00 loops=1)
   Output: a, b
   Index Cond: ((t.a >= '-151866'::integer) AND (t.a <= '-20795'::integer))
   Index Searches: 1
   Buffers: shared hit=341287
 Settings: enable_bitmapscan = 'off', enable_seqscan = 'off', max_parallel_workers_per_gather = '0'
 Planning:
   Buffers: shared hit=109
 Planning Time: 0.186 ms
 Execution Time: 106.896 ms
(10 rows)

