SET
SET
SET
SET
SET
                                                                             QUERY PLAN                                                                             
--------------------------------------------------------------------------------------------------------------------------------------------------------------------
 Index Scan Backward using idx on public.t (actual rows=9048576.00 loops=1)
   Output: a, b
   Index Cond: ((t.a >= '-2275293'::integer) AND (t.a <= '-13150'::integer))
   Index Searches: 1
   Prefetch: distance=248.454 count=5529823 stalls=390433 skipped=3175851 resets=0 ungets=47870 forwarded=2
             histogram [2,4) => 10846, [4,8) => 5314, [8,16) => 723, [16,32) => 798, [32,64) => 1972, [64,128) => 15533, [128,256) => 2633628, [256,512) => 2861009
   Buffers: shared hit=5644445 read=241710
 Settings: enable_bitmapscan = 'off', enable_seqscan = 'off', max_parallel_workers_per_gather = '0'
 Planning:
   Buffers: shared hit=77 read=27
 Planning Time: 2.091 ms
 Execution Time: 4815.263 ms
(12 rows)

SET
SET
SET
SET
SET
                                             QUERY PLAN                                             
----------------------------------------------------------------------------------------------------
 Index Scan Backward using idx on public.t (actual rows=9048576.00 loops=1)
   Output: a, b
   Index Cond: ((t.a >= '-2275293'::integer) AND (t.a <= '-13150'::integer))
   Index Searches: 1
   Buffers: shared hit=5886155
 Settings: enable_bitmapscan = 'off', enable_seqscan = 'off', max_parallel_workers_per_gather = '0'
 Planning:
   Buffers: shared hit=109
 Planning Time: 0.309 ms
 Execution Time: 1859.194 ms
(10 rows)

