SET
SET
SET
SET
SET
                                                                            QUERY PLAN                                                                             
-------------------------------------------------------------------------------------------------------------------------------------------------------------------
 Index Scan Backward using idx on public.t (actual rows=7048576.00 loops=1)
   Output: a, b
   Index Cond: ((t.a >= '-1774887'::integer) AND (t.a <= '-12744'::integer))
   Index Searches: 1
   Prefetch: distance=248.379 count=4243411 stalls=373769 skipped=2474243 resets=0 ungets=42890 forwarded=0
             histogram [2,4) => 9502, [4,8) => 4601, [8,16) => 609, [16,32) => 578, [32,64) => 1375, [64,128) => 12241, [128,256) => 2012961, [256,512) => 2201544
   Buffers: shared hit=4393673 read=191202
 Settings: enable_bitmapscan = 'off', enable_seqscan = 'off', max_parallel_workers_per_gather = '0'
 Planning:
   Buffers: shared hit=77 read=27
 Planning Time: 2.081 ms
 Execution Time: 3783.662 ms
(12 rows)

SET
SET
SET
SET
SET
                                             QUERY PLAN                                             
----------------------------------------------------------------------------------------------------
 Index Scan Backward using idx on public.t (actual rows=7048576.00 loops=1)
   Output: a, b
   Index Cond: ((t.a >= '-1774887'::integer) AND (t.a <= '-12744'::integer))
   Index Searches: 1
   Buffers: shared hit=4584875
 Settings: enable_bitmapscan = 'off', enable_seqscan = 'off', max_parallel_workers_per_gather = '0'
 Planning:
   Buffers: shared hit=109
 Planning Time: 0.214 ms
 Execution Time: 1456.557 ms
(10 rows)

