SET
SET
SET
SET
SET
                                                                            QUERY PLAN                                                                             
-------------------------------------------------------------------------------------------------------------------------------------------------------------------
 Index Scan Backward using idx on public.t (actual rows=6048576.00 loops=1)
   Output: a, b
   Index Cond: ((t.a >= '-1521881'::integer) AND (t.a <= '-9738'::integer))
   Index Searches: 1
   Prefetch: distance=248.392 count=3606218 stalls=359568 skipped=2123035 resets=0 ungets=40284 forwarded=2
             histogram [2,4) => 8072, [4,8) => 3762, [8,16) => 386, [16,32) => 396, [32,64) => 1186, [64,128) => 10827, [128,256) => 1707125, [256,512) => 1874464
   Buffers: shared hit=3769025 read=165566
 Settings: enable_bitmapscan = 'off', enable_seqscan = 'off', max_parallel_workers_per_gather = '0'
 Planning:
   Buffers: shared hit=77 read=27
 Planning Time: 2.155 ms
 Execution Time: 3241.761 ms
(12 rows)

SET
SET
SET
SET
SET
                                             QUERY PLAN                                             
----------------------------------------------------------------------------------------------------
 Index Scan Backward using idx on public.t (actual rows=6048576.00 loops=1)
   Output: a, b
   Index Cond: ((t.a >= '-1521881'::integer) AND (t.a <= '-9738'::integer))
   Index Searches: 1
   Buffers: shared hit=3934591
 Settings: enable_bitmapscan = 'off', enable_seqscan = 'off', max_parallel_workers_per_gather = '0'
 Planning:
   Buffers: shared hit=109
 Planning Time: 0.284 ms
 Execution Time: 1245.665 ms
(10 rows)

