SET
SET
SET
SET
SET
                                                               QUERY PLAN                                                               
----------------------------------------------------------------------------------------------------------------------------------------
 Index Scan Backward using idx on public.t (actual rows=1024.00 loops=1)
   Output: a, b
   Index Cond: ((t.a >= '-32386'::integer) AND (t.a <= '-32131'::integer))
   Index Searches: 1
   Prefetch: distance=256.913 count=508 stalls=1 skipped=133 resets=0 ungets=237 forwarded=0
             histogram [2,4) => 4, [4,8) => 7, [8,16) => 9, [16,32) => 6, [32,64) => 2, [64,128) => 2, [128,256) => 2, [256,512) => 476
   Buffers: shared hit=21 read=650
 Settings: enable_bitmapscan = 'off', enable_seqscan = 'off', max_parallel_workers_per_gather = '0'
 Planning:
   Buffers: shared hit=81 read=27
 Planning Time: 1.652 ms
 Execution Time: 30.019 ms
(12 rows)

SET
SET
SET
SET
SET
                                             QUERY PLAN                                             
----------------------------------------------------------------------------------------------------
 Index Scan Backward using idx on public.t (actual rows=1024.00 loops=1)
   Output: a, b
   Index Cond: ((t.a >= '-32386'::integer) AND (t.a <= '-32131'::integer))
   Index Searches: 1
   Buffers: shared hit=671
 Settings: enable_bitmapscan = 'off', enable_seqscan = 'off', max_parallel_workers_per_gather = '0'
 Planning:
   Buffers: shared hit=113
 Planning Time: 0.143 ms
 Execution Time: 0.317 ms
(10 rows)

