SET
SET
SET
SET
SET
                                                               QUERY PLAN                                                                
-----------------------------------------------------------------------------------------------------------------------------------------
 Index Scan Backward using idx on public.t (actual rows=8192.00 loops=1)
   Output: a, b
   Index Cond: ((t.a >= '-14852'::integer) AND (t.a <= '-12805'::integer))
   Index Searches: 1
   Prefetch: distance=270.939 count=8581 stalls=1 skipped=2665 resets=0 ungets=3678 forwarded=0
             histogram [2,4) => 2, [4,8) => 6, [8,16) => 8, [16,32) => 7, [32,64) => 2, [64,128) => 2, [128,256) => 2, [256,512) => 8552
   Buffers: shared hit=1223 read=4104
 Settings: enable_bitmapscan = 'off', enable_seqscan = 'off', max_parallel_workers_per_gather = '0'
 Planning:
   Buffers: shared hit=81 read=27
 Planning Time: 2.063 ms
 Execution Time: 65.210 ms
(12 rows)

SET
SET
SET
SET
SET
                                             QUERY PLAN                                             
----------------------------------------------------------------------------------------------------
 Index Scan Backward using idx on public.t (actual rows=8192.00 loops=1)
   Output: a, b
   Index Cond: ((t.a >= '-14852'::integer) AND (t.a <= '-12805'::integer))
   Index Searches: 1
   Buffers: shared hit=5327
 Settings: enable_bitmapscan = 'off', enable_seqscan = 'off', max_parallel_workers_per_gather = '0'
 Planning:
   Buffers: shared hit=113
 Planning Time: 0.233 ms
 Execution Time: 2.349 ms
(10 rows)

