SET
SET
SET
SET
SET
                                                                        QUERY PLAN                                                                        
----------------------------------------------------------------------------------------------------------------------------------------------------------
 Index Scan Backward using idx on public.t (actual rows=524288.00 loops=1)
   Output: a, b
   Index Cond: ((t.a >= '-137148'::integer) AND (t.a <= '-6077'::integer))
   Index Searches: 1
   Prefetch: distance=251.571 count=118760 stalls=242853 skipped=183761 resets=0 ungets=21249 forwarded=0
             histogram [2,4) => 3970, [4,8) => 1659, [8,16) => 100, [16,32) => 62, [32,64) => 68, [64,128) => 140, [128,256) => 16492, [256,512) => 96269
   Buffers: shared hit=315844 read=25413
 Settings: enable_bitmapscan = 'off', enable_seqscan = 'off', max_parallel_workers_per_gather = '0'
 Planning:
   Buffers: shared hit=77 read=27
 Planning Time: 2.036 ms
 Execution Time: 407.910 ms
(12 rows)

SET
SET
SET
SET
SET
                                             QUERY PLAN                                             
----------------------------------------------------------------------------------------------------
 Index Scan Backward using idx on public.t (actual rows=524288.00 loops=1)
   Output: a, b
   Index Cond: ((t.a >= '-137148'::integer) AND (t.a <= '-6077'::integer))
   Index Searches: 1
   Buffers: shared hit=341257
 Settings: enable_bitmapscan = 'off', enable_seqscan = 'off', max_parallel_workers_per_gather = '0'
 Planning:
   Buffers: shared hit=109
 Planning Time: 0.187 ms
 Execution Time: 104.776 ms
(10 rows)

