SET
SET
SET
SET
SET
                                                                       QUERY PLAN                                                                       
--------------------------------------------------------------------------------------------------------------------------------------------------------
 Index Scan Backward using idx on public.t (actual rows=262144.00 loops=1)
   Output: a, b
   Index Cond: ((t.a >= '-77428'::integer) AND (t.a <= '-11893'::integer))
   Index Searches: 1
   Prefetch: distance=258.741 count=96310 stalls=90906 skipped=91673 resets=0 ungets=17172 forwarded=2
             histogram [2,4) => 1296, [4,8) => 352, [8,16) => 21, [16,32) => 24, [32,64) => 47, [64,128) => 117, [128,256) => 15801, [256,512) => 78652
   Buffers: shared hit=151424 read=19296
 Settings: enable_bitmapscan = 'off', enable_seqscan = 'off', max_parallel_workers_per_gather = '0'
 Planning:
   Buffers: shared hit=77 read=27
 Planning Time: 2.126 ms
 Execution Time: 245.649 ms
(12 rows)

SET
SET
SET
SET
SET
                                             QUERY PLAN                                             
----------------------------------------------------------------------------------------------------
 Index Scan Backward using idx on public.t (actual rows=262144.00 loops=1)
   Output: a, b
   Index Cond: ((t.a >= '-77428'::integer) AND (t.a <= '-11893'::integer))
   Index Searches: 1
   Buffers: shared hit=170720
 Settings: enable_bitmapscan = 'off', enable_seqscan = 'off', max_parallel_workers_per_gather = '0'
 Planning:
   Buffers: shared hit=109
 Planning Time: 0.189 ms
 Execution Time: 52.464 ms
(10 rows)

