SET
SET
SET
SET
SET
                                                                             QUERY PLAN                                                                             
--------------------------------------------------------------------------------------------------------------------------------------------------------------------
 Index Scan Backward using idx on public.t (actual rows=9048576.00 loops=1)
   Output: a, b
   Index Cond: ((t.a >= '-2274323'::integer) AND (t.a <= '-12180'::integer))
   Index Searches: 1
   Prefetch: distance=248.453 count=5527147 stalls=392956 skipped=3175783 resets=0 ungets=47777 forwarded=2
             histogram [2,4) => 10858, [4,8) => 5316, [8,16) => 723, [16,32) => 798, [32,64) => 1972, [64,128) => 15527, [128,256) => 2632337, [256,512) => 2859616
   Buffers: shared hit=5644559 read=241618
 Settings: enable_bitmapscan = 'off', enable_seqscan = 'off', max_parallel_workers_per_gather = '0'
 Planning:
   Buffers: shared hit=77 read=27
 Planning Time: 2.067 ms
 Execution Time: 4794.534 ms
(12 rows)

SET
SET
SET
SET
SET
                                             QUERY PLAN                                             
----------------------------------------------------------------------------------------------------
 Index Scan Backward using idx on public.t (actual rows=9048576.00 loops=1)
   Output: a, b
   Index Cond: ((t.a >= '-2274323'::integer) AND (t.a <= '-12180'::integer))
   Index Searches: 1
   Buffers: shared hit=5886177
 Settings: enable_bitmapscan = 'off', enable_seqscan = 'off', max_parallel_workers_per_gather = '0'
 Planning:
   Buffers: shared hit=109
 Planning Time: 0.308 ms
 Execution Time: 1872.950 ms
(10 rows)

