SET
SET
SET
SET
SET
                                                                             QUERY PLAN                                                                             
--------------------------------------------------------------------------------------------------------------------------------------------------------------------
 Index Scan Backward using idx on public.t (actual rows=8048576.00 loops=1)
   Output: a, b
   Index Cond: ((t.a >= '-2020835'::integer) AND (t.a <= '-8692'::integer))
   Index Searches: 1
   Prefetch: distance=248.317 count=4866225 stalls=401979 skipped=2824969 resets=0 ungets=45136 forwarded=3
             histogram [2,4) => 10876, [4,8) => 5318, [8,16) => 724, [16,32) => 798, [32,64) => 1966, [64,128) => 14362, [128,256) => 2312622, [256,512) => 2519559
   Buffers: shared hit=5019372 read=216120
 Settings: enable_bitmapscan = 'off', enable_seqscan = 'off', max_parallel_workers_per_gather = '0'
 Planning:
   Buffers: shared hit=77 read=27
 Planning Time: 2.055 ms
 Execution Time: 4299.867 ms
(12 rows)

SET
SET
SET
SET
SET
                                             QUERY PLAN                                             
----------------------------------------------------------------------------------------------------
 Index Scan Backward using idx on public.t (actual rows=8048576.00 loops=1)
   Output: a, b
   Index Cond: ((t.a >= '-2020835'::integer) AND (t.a <= '-8692'::integer))
   Index Searches: 1
   Buffers: shared hit=5235492
 Settings: enable_bitmapscan = 'off', enable_seqscan = 'off', max_parallel_workers_per_gather = '0'
 Planning:
   Buffers: shared hit=109
 Planning Time: 0.280 ms
 Execution Time: 1661.020 ms
(10 rows)

