SET
SET
SET
SET
SET
                                                                            QUERY PLAN                                                                             
-------------------------------------------------------------------------------------------------------------------------------------------------------------------
 Index Scan Backward using idx on public.t (actual rows=6048576.00 loops=1)
   Output: a, b
   Index Cond: ((t.a >= '-1523393'::integer) AND (t.a <= '-11250'::integer))
   Index Searches: 1
   Prefetch: distance=248.396 count=3610086 stalls=355666 skipped=2123033 resets=0 ungets=40284 forwarded=2
             histogram [2,4) => 8064, [4,8) => 3761, [8,16) => 386, [16,32) => 399, [32,64) => 1186, [64,128) => 10814, [128,256) => 1708821, [256,512) => 1876655
   Buffers: shared hit=3768861 read=165717
 Settings: enable_bitmapscan = 'off', enable_seqscan = 'off', max_parallel_workers_per_gather = '0'
 Planning:
   Buffers: shared hit=77 read=27
 Planning Time: 2.022 ms
 Execution Time: 3257.708 ms
(12 rows)

SET
SET
SET
SET
SET
                                             QUERY PLAN                                             
----------------------------------------------------------------------------------------------------
 Index Scan Backward using idx on public.t (actual rows=6048576.00 loops=1)
   Output: a, b
   Index Cond: ((t.a >= '-1523393'::integer) AND (t.a <= '-11250'::integer))
   Index Searches: 1
   Buffers: shared hit=3934578
 Settings: enable_bitmapscan = 'off', enable_seqscan = 'off', max_parallel_workers_per_gather = '0'
 Planning:
   Buffers: shared hit=109
 Planning Time: 0.287 ms
 Execution Time: 1239.744 ms
(10 rows)

