SET
SET
SET
SET
SET
                                                                      QUERY PLAN                                                                       
-------------------------------------------------------------------------------------------------------------------------------------------------------
 Index Scan Backward using idx on public.t (actual rows=262144.00 loops=1)
   Output: a, b
   Index Cond: ((t.a >= '-74148'::integer) AND (t.a <= '-8613'::integer))
   Index Searches: 1
   Prefetch: distance=258.770 count=98007 stalls=88422 skipped=91681 resets=0 ungets=16633 forwarded=1
             histogram [2,4) => 1090, [4,8) => 291, [8,16) => 21, [16,32) => 49, [32,64) => 35, [64,128) => 88, [128,256) => 17655, [256,512) => 78778
   Buffers: shared hit=151641 read=18994
 Settings: enable_bitmapscan = 'off', enable_seqscan = 'off', max_parallel_workers_per_gather = '0'
 Planning:
   Buffers: shared hit=77 read=27
 Planning Time: 2.022 ms
 Execution Time: 253.788 ms
(12 rows)

SET
SET
SET
SET
SET
                                             QUERY PLAN                                             
----------------------------------------------------------------------------------------------------
 Index Scan Backward using idx on public.t (actual rows=262144.00 loops=1)
   Output: a, b
   Index Cond: ((t.a >= '-74148'::integer) AND (t.a <= '-8613'::integer))
   Index Searches: 1
   Buffers: shared hit=170635
 Settings: enable_bitmapscan = 'off', enable_seqscan = 'off', max_parallel_workers_per_gather = '0'
 Planning:
   Buffers: shared hit=109
 Planning Time: 0.188 ms
 Execution Time: 52.557 ms
(10 rows)

