SET
SET
SET
SET
SET
                                                                        QUERY PLAN                                                                         
-----------------------------------------------------------------------------------------------------------------------------------------------------------
 Index Scan Backward using idx on public.t (actual rows=524288.00 loops=1)
   Output: a, b
   Index Cond: ((t.a >= '-160335'::integer) AND (t.a <= '-29264'::integer))
   Index Searches: 1
   Prefetch: distance=249.368 count=151699 stalls=211358 skipped=183743 resets=0 ungets=22571 forwarded=1
             histogram [2,4) => 4180, [4,8) => 1893, [8,16) => 102, [16,32) => 66, [32,64) => 71, [64,128) => 228, [128,256) => 33447, [256,512) => 111712
   Buffers: shared hit=313851 read=27462
 Settings: enable_bitmapscan = 'off', enable_seqscan = 'off', max_parallel_workers_per_gather = '0'
 Planning:
   Buffers: shared hit=77 read=27
 Planning Time: 2.029 ms
 Execution Time: 435.816 ms
(12 rows)

SET
SET
SET
SET
SET
                                             QUERY PLAN                                             
----------------------------------------------------------------------------------------------------
 Index Scan Backward using idx on public.t (actual rows=524288.00 loops=1)
   Output: a, b
   Index Cond: ((t.a >= '-160335'::integer) AND (t.a <= '-29264'::integer))
   Index Searches: 1
   Buffers: shared hit=341313
 Settings: enable_bitmapscan = 'off', enable_seqscan = 'off', max_parallel_workers_per_gather = '0'
 Planning:
   Buffers: shared hit=109
 Planning Time: 0.196 ms
 Execution Time: 111.730 ms
(10 rows)

