SET
SET
SET
SET
SET
                                                                            QUERY PLAN                                                                            
------------------------------------------------------------------------------------------------------------------------------------------------------------------
 Index Scan Backward using idx on public.t (actual rows=5048576.00 loops=1)
   Output: a, b
   Index Cond: ((t.a >= '-1266311'::integer) AND (t.a <= '-4168'::integer))
   Index Searches: 1
   Prefetch: distance=248.250 count=2938861 stalls=373991 skipped=1772149 resets=0 ungets=36892 forwarded=1
             histogram [2,4) => 8100, [4,8) => 3773, [8,16) => 388, [16,32) => 393, [32,64) => 1074, [64,128) => 9019, [128,256) => 1383235, [256,512) => 1532879
   Buffers: shared hit=3144096 read=139738
 Settings: enable_bitmapscan = 'off', enable_seqscan = 'off', max_parallel_workers_per_gather = '0'
 Planning:
   Buffers: shared hit=77 read=27
 Planning Time: 2.125 ms
 Execution Time: 2758.794 ms
(12 rows)

SET
SET
SET
SET
SET
                                             QUERY PLAN                                             
----------------------------------------------------------------------------------------------------
 Index Scan Backward using idx on public.t (actual rows=5048576.00 loops=1)
   Output: a, b
   Index Cond: ((t.a >= '-1266311'::integer) AND (t.a <= '-4168'::integer))
   Index Searches: 1
   Buffers: shared hit=3283834
 Settings: enable_bitmapscan = 'off', enable_seqscan = 'off', max_parallel_workers_per_gather = '0'
 Planning:
   Buffers: shared hit=109
 Planning Time: 0.269 ms
 Execution Time: 1032.444 ms
(10 rows)

