SET
SET
SET
SET
SET
                                                                           QUERY PLAN                                                                            
-----------------------------------------------------------------------------------------------------------------------------------------------------------------
 Index Scan Backward using idx on public.t (actual rows=4048576.00 loops=1)
   Output: a, b
   Index Cond: ((t.a >= '-1026648'::integer) AND (t.a <= '-14505'::integer))
   Index Searches: 1
   Prefetch: distance=248.135 count=2321090 stalls=340486 skipped=1420910 resets=0 ungets=34305 forwarded=0
             histogram [2,4) => 7578, [4,8) => 3477, [8,16) => 266, [16,32) => 254, [32,64) => 986, [64,128) => 7775, [128,256) => 1084472, [256,512) => 1216282
   Buffers: shared hit=2518193 read=115401
 Settings: enable_bitmapscan = 'off', enable_seqscan = 'off', max_parallel_workers_per_gather = '0'
 Planning:
   Buffers: shared hit=77 read=27
 Planning Time: 2.029 ms
 Execution Time: 2252.191 ms
(12 rows)

SET
SET
SET
SET
SET
                                             QUERY PLAN                                             
----------------------------------------------------------------------------------------------------
 Index Scan Backward using idx on public.t (actual rows=4048576.00 loops=1)
   Output: a, b
   Index Cond: ((t.a >= '-1026648'::integer) AND (t.a <= '-14505'::integer))
   Index Searches: 1
   Buffers: shared hit=2633594
 Settings: enable_bitmapscan = 'off', enable_seqscan = 'off', max_parallel_workers_per_gather = '0'
 Planning:
   Buffers: shared hit=109
 Planning Time: 0.231 ms
 Execution Time: 830.968 ms
(10 rows)

