SET
SET
SET
SET
SET
                                                               QUERY PLAN                                                               
----------------------------------------------------------------------------------------------------------------------------------------
 Index Scan Backward using idx on public.t (actual rows=1024.00 loops=1)
   Output: a, b
   Index Cond: ((t.a >= '-3602'::integer) AND (t.a <= '-3347'::integer))
   Index Searches: 1
   Prefetch: distance=262.281 count=773 stalls=1 skipped=233 resets=0 ungets=362 forwarded=0
             histogram [2,4) => 4, [4,8) => 7, [8,16) => 8, [16,32) => 6, [32,64) => 2, [64,128) => 2, [128,256) => 2, [256,512) => 742
   Buffers: shared hit=37 read=629
 Settings: enable_bitmapscan = 'off', enable_seqscan = 'off', max_parallel_workers_per_gather = '0'
 Planning:
   Buffers: shared hit=81 read=27
 Planning Time: 1.368 ms
 Execution Time: 21.721 ms
(12 rows)

SET
SET
SET
SET
SET
                                             QUERY PLAN                                             
----------------------------------------------------------------------------------------------------
 Index Scan Backward using idx on public.t (actual rows=1024.00 loops=1)
   Output: a, b
   Index Cond: ((t.a >= '-3602'::integer) AND (t.a <= '-3347'::integer))
   Index Searches: 1
   Buffers: shared hit=666
 Settings: enable_bitmapscan = 'off', enable_seqscan = 'off', max_parallel_workers_per_gather = '0'
 Planning:
   Buffers: shared hit=113
 Planning Time: 0.182 ms
 Execution Time: 0.667 ms
(10 rows)

