SET
SET
SET
SET
SET
                                                                          QUERY PLAN                                                                           
---------------------------------------------------------------------------------------------------------------------------------------------------------------
 Index Scan Backward using idx on public.t (actual rows=1048576.00 loops=1)
   Output: a, b
   Index Cond: ((t.a >= '-276757'::integer) AND (t.a <= '-14614'::integer))
   Index Searches: 1
   Prefetch: distance=243.419 count=367017 stalls=340098 skipped=367642 resets=0 ungets=26332 forwarded=0
             histogram [2,4) => 7562, [4,8) => 3458, [8,16) => 228, [16,32) => 159, [32,64) => 262, [64,128) => 2033, [128,256) => 139407, [256,512) => 213908
   Buffers: shared hit=642927 read=39526
 Settings: enable_bitmapscan = 'off', enable_seqscan = 'off', max_parallel_workers_per_gather = '0'
 Planning:
   Buffers: shared hit=77 read=27
 Planning Time: 2.021 ms
 Execution Time: 752.764 ms
(12 rows)

SET
SET
SET
SET
SET
                                             QUERY PLAN                                             
----------------------------------------------------------------------------------------------------
 Index Scan Backward using idx on public.t (actual rows=1048576.00 loops=1)
   Output: a, b
   Index Cond: ((t.a >= '-276757'::integer) AND (t.a <= '-14614'::integer))
   Index Searches: 1
   Buffers: shared hit=682453
 Settings: enable_bitmapscan = 'off', enable_seqscan = 'off', max_parallel_workers_per_gather = '0'
 Planning:
   Buffers: shared hit=109
 Planning Time: 0.187 ms
 Execution Time: 213.909 ms
(10 rows)

