SET
SET
SET
SET
SET
                                                                QUERY PLAN                                                                
------------------------------------------------------------------------------------------------------------------------------------------
 Index Scan Backward using idx on public.t (actual rows=16384.00 loops=1)
   Output: a, b
   Index Cond: ((t.a >= '-9075'::integer) AND (t.a <= '-4980'::integer))
   Index Searches: 1
   Prefetch: distance=271.001 count=16918 stalls=1 skipped=5677 resets=0 ungets=6439 forwarded=0
             histogram [2,4) => 2, [4,8) => 3, [8,16) => 5, [16,32) => 9, [32,64) => 2, [64,128) => 2, [128,256) => 2, [256,512) => 16893
   Buffers: shared hit=4029 read=6633
 Settings: enable_bitmapscan = 'off', enable_seqscan = 'off', max_parallel_workers_per_gather = '0'
 Planning:
   Buffers: shared hit=81 read=27
 Planning Time: 2.039 ms
 Execution Time: 74.320 ms
(12 rows)

SET
SET
SET
SET
SET
                                             QUERY PLAN                                             
----------------------------------------------------------------------------------------------------
 Index Scan Backward using idx on public.t (actual rows=16384.00 loops=1)
   Output: a, b
   Index Cond: ((t.a >= '-9075'::integer) AND (t.a <= '-4980'::integer))
   Index Searches: 1
   Buffers: shared hit=10662
 Settings: enable_bitmapscan = 'off', enable_seqscan = 'off', max_parallel_workers_per_gather = '0'
 Planning:
   Buffers: shared hit=113
 Planning Time: 0.208 ms
 Execution Time: 5.698 ms
(10 rows)

