SET
SET
SET
SET
SET
                                                                      QUERY PLAN                                                                      
------------------------------------------------------------------------------------------------------------------------------------------------------
 Index Scan Backward using idx on public.t (actual rows=131072.00 loops=1)
   Output: a, b
   Index Cond: ((t.a >= '-62185'::integer) AND (t.a <= '-29418'::integer))
   Index Searches: 1
   Prefetch: distance=261.387 count=95416 stalls=5613 skipped=45760 resets=0 ungets=15960 forwarded=1
             histogram [2,4) => 152, [4,8) => 35, [8,16) => 23, [16,32) => 67, [32,64) => 68, [64,128) => 192, [128,256) => 17928, [256,512) => 76951
   Buffers: shared hit=68078 read=17362
 Settings: enable_bitmapscan = 'off', enable_seqscan = 'off', max_parallel_workers_per_gather = '0'
 Planning:
   Buffers: shared hit=77 read=27
 Planning Time: 2.038 ms
 Execution Time: 172.381 ms
(12 rows)

SET
SET
SET
SET
SET
                                             QUERY PLAN                                             
----------------------------------------------------------------------------------------------------
 Index Scan Backward using idx on public.t (actual rows=131072.00 loops=1)
   Output: a, b
   Index Cond: ((t.a >= '-62185'::integer) AND (t.a <= '-29418'::integer))
   Index Searches: 1
   Buffers: shared hit=85440
 Settings: enable_bitmapscan = 'off', enable_seqscan = 'off', max_parallel_workers_per_gather = '0'
 Planning:
   Buffers: shared hit=109
 Planning Time: 0.225 ms
 Execution Time: 29.652 ms
(10 rows)

