SET
SET
SET
SET
SET
                                                                           QUERY PLAN                                                                            
-----------------------------------------------------------------------------------------------------------------------------------------------------------------
 Index Scan Backward using idx on public.t (actual rows=4048576.00 loops=1)
   Output: a, b
   Index Cond: ((t.a >= '-1026763'::integer) AND (t.a <= '-14620'::integer))
   Index Searches: 1
   Prefetch: distance=248.137 count=2321655 stalls=340189 skipped=1420980 resets=0 ungets=34435 forwarded=0
             histogram [2,4) => 7578, [4,8) => 3477, [8,16) => 266, [16,32) => 254, [32,64) => 986, [64,128) => 7785, [128,256) => 1084516, [256,512) => 1216793
   Buffers: shared hit=2518194 read=115405
 Settings: enable_bitmapscan = 'off', enable_seqscan = 'off', max_parallel_workers_per_gather = '0'
 Planning:
   Buffers: shared hit=77 read=27
 Planning Time: 2.043 ms
 Execution Time: 2245.995 ms
(12 rows)

SET
SET
SET
SET
SET
                                             QUERY PLAN                                             
----------------------------------------------------------------------------------------------------
 Index Scan Backward using idx on public.t (actual rows=4048576.00 loops=1)
   Output: a, b
   Index Cond: ((t.a >= '-1026763'::integer) AND (t.a <= '-14620'::integer))
   Index Searches: 1
   Buffers: shared hit=2633599
 Settings: enable_bitmapscan = 'off', enable_seqscan = 'off', max_parallel_workers_per_gather = '0'
 Planning:
   Buffers: shared hit=109
 Planning Time: 0.226 ms
 Execution Time: 831.283 ms
(10 rows)

