SET
SET
SET
SET
SET
                                                                            QUERY PLAN                                                                             
-------------------------------------------------------------------------------------------------------------------------------------------------------------------
 Index Scan Backward using idx on public.t (actual rows=6048576.00 loops=1)
   Output: a, b
   Index Cond: ((t.a >= '-1517019'::integer) AND (t.a <= '-4876'::integer))
   Index Searches: 1
   Prefetch: distance=248.377 count=3592758 stalls=372165 skipped=2122860 resets=0 ungets=39838 forwarded=2
             histogram [2,4) => 8098, [4,8) => 3769, [8,16) => 386, [16,32) => 396, [32,64) => 1186, [64,128) => 10814, [128,256) => 1700750, [256,512) => 1867359
   Buffers: shared hit=3769451 read=165116
 Settings: enable_bitmapscan = 'off', enable_seqscan = 'off', max_parallel_workers_per_gather = '0'
 Planning:
   Buffers: shared hit=77 read=27
 Planning Time: 2.081 ms
 Execution Time: 3269.213 ms
(12 rows)

SET
SET
SET
SET
SET
                                             QUERY PLAN                                             
----------------------------------------------------------------------------------------------------
 Index Scan Backward using idx on public.t (actual rows=6048576.00 loops=1)
   Output: a, b
   Index Cond: ((t.a >= '-1517019'::integer) AND (t.a <= '-4876'::integer))
   Index Searches: 1
   Buffers: shared hit=3934567
 Settings: enable_bitmapscan = 'off', enable_seqscan = 'off', max_parallel_workers_per_gather = '0'
 Planning:
   Buffers: shared hit=109
 Planning Time: 0.221 ms
 Execution Time: 1239.562 ms
(10 rows)

