SET
SET
SET
SET
SET
                                                                        QUERY PLAN                                                                         
-----------------------------------------------------------------------------------------------------------------------------------------------------------
 Index Scan Backward using idx on public.t (actual rows=524288.00 loops=1)
   Output: a, b
   Index Cond: ((t.a >= '-153669'::integer) AND (t.a <= '-22598'::integer))
   Index Searches: 1
   Prefetch: distance=250.001 count=134401 stalls=228236 skipped=183762 resets=0 ungets=22226 forwarded=1
             histogram [2,4) => 4426, [4,8) => 1950, [8,16) => 102, [16,32) => 78, [32,64) => 67, [64,128) => 107, [128,256) => 23210, [256,512) => 104461
   Buffers: shared hit=314378 read=26901
 Settings: enable_bitmapscan = 'off', enable_seqscan = 'off', max_parallel_workers_per_gather = '0'
 Planning:
   Buffers: shared hit=77 read=27
 Planning Time: 2.026 ms
 Execution Time: 432.755 ms
(12 rows)

SET
SET
SET
SET
SET
                                             QUERY PLAN                                             
----------------------------------------------------------------------------------------------------
 Index Scan Backward using idx on public.t (actual rows=524288.00 loops=1)
   Output: a, b
   Index Cond: ((t.a >= '-153669'::integer) AND (t.a <= '-22598'::integer))
   Index Searches: 1
   Buffers: shared hit=341279
 Settings: enable_bitmapscan = 'off', enable_seqscan = 'off', max_parallel_workers_per_gather = '0'
 Planning:
   Buffers: shared hit=109
 Planning Time: 0.215 ms
 Execution Time: 113.026 ms
(10 rows)

