SET
SET
SET
SET
SET
                                                                          QUERY PLAN                                                                           
---------------------------------------------------------------------------------------------------------------------------------------------------------------
 Index Scan Backward using idx on public.t (actual rows=1048576.00 loops=1)
   Output: a, b
   Index Cond: ((t.a >= '-284737'::integer) AND (t.a <= '-22594'::integer))
   Index Searches: 1
   Prefetch: distance=243.702 count=387772 stalls=319494 skipped=367831 resets=0 ungets=26528 forwarded=0
             histogram [2,4) => 7454, [4,8) => 3396, [8,16) => 225, [16,32) => 159, [32,64) => 293, [64,128) => 2272, [128,256) => 150209, [256,512) => 223764
   Buffers: shared hit=642108 read=40211
 Settings: enable_bitmapscan = 'off', enable_seqscan = 'off', max_parallel_workers_per_gather = '0'
 Planning:
   Buffers: shared hit=77 read=27
 Planning Time: 2.086 ms
 Execution Time: 760.095 ms
(12 rows)

SET
SET
SET
SET
SET
                                             QUERY PLAN                                             
----------------------------------------------------------------------------------------------------
 Index Scan Backward using idx on public.t (actual rows=1048576.00 loops=1)
   Output: a, b
   Index Cond: ((t.a >= '-284737'::integer) AND (t.a <= '-22594'::integer))
   Index Searches: 1
   Buffers: shared hit=682319
 Settings: enable_bitmapscan = 'off', enable_seqscan = 'off', max_parallel_workers_per_gather = '0'
 Planning:
   Buffers: shared hit=109
 Planning Time: 0.217 ms
 Execution Time: 219.610 ms
(10 rows)

