SET
SET
SET
SET
SET
                                                                            QUERY PLAN                                                                            
------------------------------------------------------------------------------------------------------------------------------------------------------------------
 Index Scan Backward using idx on public.t (actual rows=5048576.00 loops=1)
   Output: a, b
   Index Cond: ((t.a >= '-1289775'::integer) AND (t.a <= '-27632'::integer))
   Index Searches: 1
   Prefetch: distance=248.284 count=3000206 stalls=313461 skipped=1772260 resets=0 ungets=37486 forwarded=1
             histogram [2,4) => 7848, [4,8) => 3660, [8,16) => 383, [16,32) => 396, [32,64) => 1117, [64,128) => 9245, [128,256) => 1413004, [256,512) => 1564553
   Buffers: shared hit=3141927 read=141903
 Settings: enable_bitmapscan = 'off', enable_seqscan = 'off', max_parallel_workers_per_gather = '0'
 Planning:
   Buffers: shared hit=77 read=27
 Planning Time: 2.087 ms
 Execution Time: 2766.113 ms
(12 rows)

SET
SET
SET
SET
SET
                                             QUERY PLAN                                             
----------------------------------------------------------------------------------------------------
 Index Scan Backward using idx on public.t (actual rows=5048576.00 loops=1)
   Output: a, b
   Index Cond: ((t.a >= '-1289775'::integer) AND (t.a <= '-27632'::integer))
   Index Searches: 1
   Buffers: shared hit=3283830
 Settings: enable_bitmapscan = 'off', enable_seqscan = 'off', max_parallel_workers_per_gather = '0'
 Planning:
   Buffers: shared hit=109
 Planning Time: 0.249 ms
 Execution Time: 1039.152 ms
(10 rows)

