SET
SET
SET
SET
SET
                                                                           QUERY PLAN                                                                            
-----------------------------------------------------------------------------------------------------------------------------------------------------------------
 Index Scan Backward using idx on public.t (actual rows=4048576.00 loops=1)
   Output: a, b
   Index Cond: ((t.a >= '-1014395'::integer) AND (t.a <= '-2252'::integer))
   Index Searches: 1
   Prefetch: distance=248.150 count=2289658 stalls=372193 skipped=1420965 resets=0 ungets=34387 forwarded=1
             histogram [2,4) => 7648, [4,8) => 3491, [8,16) => 244, [16,32) => 209, [32,64) => 831, [64,128) => 7524, [128,256) => 1069270, [256,512) => 1200441
   Buffers: shared hit=2519357 read=114274
 Settings: enable_bitmapscan = 'off', enable_seqscan = 'off', max_parallel_workers_per_gather = '0'
 Planning:
   Buffers: shared hit=77 read=27
 Planning Time: 2.020 ms
 Execution Time: 2244.265 ms
(12 rows)

SET
SET
SET
SET
SET
                                             QUERY PLAN                                             
----------------------------------------------------------------------------------------------------
 Index Scan Backward using idx on public.t (actual rows=4048576.00 loops=1)
   Output: a, b
   Index Cond: ((t.a >= '-1014395'::integer) AND (t.a <= '-2252'::integer))
   Index Searches: 1
   Buffers: shared hit=2633631
 Settings: enable_bitmapscan = 'off', enable_seqscan = 'off', max_parallel_workers_per_gather = '0'
 Planning:
   Buffers: shared hit=109
 Planning Time: 0.222 ms
 Execution Time: 829.452 ms
(10 rows)

