SET
SET
SET
SET
SET
                                                                            QUERY PLAN                                                                             
-------------------------------------------------------------------------------------------------------------------------------------------------------------------
 Index Scan Backward using idx on public.t (actual rows=6048576.00 loops=1)
   Output: a, b
   Index Cond: ((t.a >= '-1534742'::integer) AND (t.a <= '-22599'::integer))
   Index Searches: 1
   Prefetch: distance=248.425 count=3639361 stalls=326365 skipped=2123158 resets=0 ungets=40355 forwarded=1
             histogram [2,4) => 7928, [4,8) => 3692, [8,16) => 383, [16,32) => 396, [32,64) => 1186, [64,128) => 10814, [128,256) => 1722895, [256,512) => 1892067
   Buffers: shared hit=3767722 read=166736
 Settings: enable_bitmapscan = 'off', enable_seqscan = 'off', max_parallel_workers_per_gather = '0'
 Planning:
   Buffers: shared hit=77 read=27
 Planning Time: 2.045 ms
 Execution Time: 3254.512 ms
(12 rows)

SET
SET
SET
SET
SET
                                             QUERY PLAN                                             
----------------------------------------------------------------------------------------------------
 Index Scan Backward using idx on public.t (actual rows=6048576.00 loops=1)
   Output: a, b
   Index Cond: ((t.a >= '-1534742'::integer) AND (t.a <= '-22599'::integer))
   Index Searches: 1
   Buffers: shared hit=3934458
 Settings: enable_bitmapscan = 'off', enable_seqscan = 'off', max_parallel_workers_per_gather = '0'
 Planning:
   Buffers: shared hit=109
 Planning Time: 0.276 ms
 Execution Time: 1253.646 ms
(10 rows)

