SET
SET
SET
SET
SET
                                                                          QUERY PLAN                                                                           
---------------------------------------------------------------------------------------------------------------------------------------------------------------
 Index Scan Backward using idx on public.t (actual rows=2048576.00 loops=1)
   Output: a, b
   Index Cond: ((t.a >= '-518543'::integer) AND (t.a <= '-6400'::integer))
   Index Searches: 1
   Prefetch: distance=246.991 count=997483 stalls=361310 skipped=718844 resets=0 ungets=29092 forwarded=1
             histogram [2,4) => 7620, [4,8) => 3473, [8,16) => 228, [16,32) => 178, [32,64) => 522, [64,128) => 3906, [128,256) => 444803, [256,512) => 536753
   Buffers: shared hit=1268732 read=64063
 Settings: enable_bitmapscan = 'off', enable_seqscan = 'off', max_parallel_workers_per_gather = '0'
 Planning:
   Buffers: shared hit=77 read=27
 Planning Time: 2.045 ms
 Execution Time: 1239.559 ms
(12 rows)

SET
SET
SET
SET
SET
                                             QUERY PLAN                                             
----------------------------------------------------------------------------------------------------
 Index Scan Backward using idx on public.t (actual rows=2048576.00 loops=1)
   Output: a, b
   Index Cond: ((t.a >= '-518543'::integer) AND (t.a <= '-6400'::integer))
   Index Searches: 1
   Buffers: shared hit=1332795
 Settings: enable_bitmapscan = 'off', enable_seqscan = 'off', max_parallel_workers_per_gather = '0'
 Planning:
   Buffers: shared hit=109
 Planning Time: 0.215 ms
 Execution Time: 419.519 ms
(10 rows)

