SET
SET
SET
SET
SET
                                                                QUERY PLAN                                                                 
-------------------------------------------------------------------------------------------------------------------------------------------
 Index Scan using idx on public.t (actual rows=4096.00 loops=1)
   Output: a, b
   Index Cond: ((t.a >= '-9535'::integer) AND (t.a <= '-8512'::integer))
   Index Searches: 1
   Prefetch: distance=268.447 count=3797 stalls=1 skipped=1421 resets=0 ungets=1146 forwarded=71
             histogram [2,4) => 2, [4,8) => 4, [8,16) => 7, [16,32) => 12, [32,64) => 19, [64,128) => 7, [128,256) => 2, [256,512) => 3744
   Buffers: shared hit=357 read=2323
 Settings: enable_bitmapscan = 'off', enable_seqscan = 'off', max_parallel_workers_per_gather = '0'
 Planning:
   Buffers: shared hit=85 read=27
 Planning Time: 2.040 ms
 Execution Time: 11.814 ms
(12 rows)

SET
SET
SET
SET
SET
                                             QUERY PLAN                                             
----------------------------------------------------------------------------------------------------
 Index Scan using idx on public.t (actual rows=4096.00 loops=1)
   Output: a, b
   Index Cond: ((t.a >= '-9535'::integer) AND (t.a <= '-8512'::integer))
   Index Searches: 1
   Buffers: shared hit=2680
 Settings: enable_bitmapscan = 'off', enable_seqscan = 'off', max_parallel_workers_per_gather = '0'
 Planning:
   Buffers: shared hit=117
 Planning Time: 0.219 ms
 Execution Time: 1.144 ms
(10 rows)

