SET
SET
SET
SET
SET
                                                                QUERY PLAN                                                                 
-------------------------------------------------------------------------------------------------------------------------------------------
 Index Scan using idx on public.t (actual rows=2048.00 loops=1)
   Output: a, b
   Index Cond: ((t.a >= '-8883'::integer) AND (t.a <= '-8372'::integer))
   Index Searches: 1
   Prefetch: distance=262.281 count=1356 stalls=2 skipped=520 resets=0 ungets=413 forwarded=17
             histogram [2,4) => 6, [4,8) => 5, [8,16) => 5, [16,32) => 11, [32,64) => 19, [64,128) => 5, [128,256) => 2, [256,512) => 1303
   Buffers: shared hit=99 read=1229
 Settings: enable_bitmapscan = 'off', enable_seqscan = 'off', max_parallel_workers_per_gather = '0'
 Planning:
   Buffers: shared hit=85 read=27
 Planning Time: 2.101 ms
 Execution Time: 27.875 ms
(12 rows)

SET
SET
SET
SET
SET
                                             QUERY PLAN                                             
----------------------------------------------------------------------------------------------------
 Index Scan using idx on public.t (actual rows=2048.00 loops=1)
   Output: a, b
   Index Cond: ((t.a >= '-8883'::integer) AND (t.a <= '-8372'::integer))
   Index Searches: 1
   Buffers: shared hit=1328
 Settings: enable_bitmapscan = 'off', enable_seqscan = 'off', max_parallel_workers_per_gather = '0'
 Planning:
   Buffers: shared hit=117
 Planning Time: 0.190 ms
 Execution Time: 0.747 ms
(10 rows)

