SET
SET
SET
SET
SET
                                                                   QUERY PLAN                                                                   
------------------------------------------------------------------------------------------------------------------------------------------------
 Index Scan using idx on public.t (actual rows=65536.00 loops=1)
   Output: a, b
   Index Cond: ((t.a >= '-32669'::integer) AND (t.a <= '-16286'::integer))
   Index Searches: 1
   Prefetch: distance=267.575 count=50607 stalls=1 skipped=22883 resets=0 ungets=8278 forwarded=1920
             histogram [2,4) => 2, [4,8) => 3, [8,16) => 5, [16,32) => 10, [32,64) => 18, [64,128) => 10, [128,256) => 3070, [256,512) => 47489
   Buffers: shared hit=29033 read=13618
 Settings: enable_bitmapscan = 'off', enable_seqscan = 'off', max_parallel_workers_per_gather = '0'
 Planning:
   Buffers: shared hit=85 read=27
 Planning Time: 2.064 ms
 Execution Time: 74.154 ms
(12 rows)

SET
SET
SET
SET
SET
                                             QUERY PLAN                                             
----------------------------------------------------------------------------------------------------
 Index Scan using idx on public.t (actual rows=65536.00 loops=1)
   Output: a, b
   Index Cond: ((t.a >= '-32669'::integer) AND (t.a <= '-16286'::integer))
   Index Searches: 1
   Buffers: shared hit=42651
 Settings: enable_bitmapscan = 'off', enable_seqscan = 'off', max_parallel_workers_per_gather = '0'
 Planning:
   Buffers: shared hit=117
 Planning Time: 0.188 ms
 Execution Time: 14.383 ms
(10 rows)

