SET
SET
SET
SET
SET
                                                                   QUERY PLAN                                                                   
------------------------------------------------------------------------------------------------------------------------------------------------
 Index Scan using idx on public.t (actual rows=131072.00 loops=1)
   Output: a, b
   Index Cond: ((t.a >= '-46906'::integer) AND (t.a <= '-14139'::integer))
   Index Searches: 1
   Prefetch: distance=262.262 count=93694 stalls=1 skipped=45774 resets=0 ungets=8624 forwarded=2570
             histogram [2,4) => 2, [4,8) => 4, [8,16) => 6, [16,32) => 23, [32,64) => 13, [64,128) => 3, [128,256) => 18787, [256,512) => 74856
   Buffers: shared hit=69328 read=16081
 Settings: enable_bitmapscan = 'off', enable_seqscan = 'off', max_parallel_workers_per_gather = '0'
 Planning:
   Buffers: shared hit=85 read=27
 Planning Time: 2.064 ms
 Execution Time: 97.252 ms
(12 rows)

SET
SET
SET
SET
SET
                                             QUERY PLAN                                             
----------------------------------------------------------------------------------------------------
 Index Scan using idx on public.t (actual rows=131072.00 loops=1)
   Output: a, b
   Index Cond: ((t.a >= '-46906'::integer) AND (t.a <= '-14139'::integer))
   Index Searches: 1
   Buffers: shared hit=85411
 Settings: enable_bitmapscan = 'off', enable_seqscan = 'off', max_parallel_workers_per_gather = '0'
 Planning:
   Buffers: shared hit=117
 Planning Time: 0.189 ms
 Execution Time: 27.204 ms
(10 rows)

