SET
SET
SET
SET
SET
                                                                 QUERY PLAN                                                                  
---------------------------------------------------------------------------------------------------------------------------------------------
 Index Scan using idx on public.t (actual rows=16384.00 loops=1)
   Output: a, b
   Index Cond: ((t.a >= '-10715'::integer) AND (t.a <= '-6620'::integer))
   Index Searches: 1
   Prefetch: distance=270.310 count=14035 stalls=1 skipped=5699 resets=0 ungets=3594 forwarded=522
             histogram [2,4) => 2, [4,8) => 4, [8,16) => 8, [16,32) => 20, [32,64) => 15, [64,128) => 4, [128,256) => 16, [256,512) => 13966
   Buffers: shared hit=3971 read=6662
 Settings: enable_bitmapscan = 'off', enable_seqscan = 'off', max_parallel_workers_per_gather = '0'
 Planning:
   Buffers: shared hit=85 read=27
 Planning Time: 2.029 ms
 Execution Time: 41.434 ms
(12 rows)

SET
SET
SET
SET
SET
                                             QUERY PLAN                                             
----------------------------------------------------------------------------------------------------
 Index Scan using idx on public.t (actual rows=16384.00 loops=1)
   Output: a, b
   Index Cond: ((t.a >= '-10715'::integer) AND (t.a <= '-6620'::integer))
   Index Searches: 1
   Buffers: shared hit=10633
 Settings: enable_bitmapscan = 'off', enable_seqscan = 'off', max_parallel_workers_per_gather = '0'
 Planning:
   Buffers: shared hit=117
 Planning Time: 0.211 ms
 Execution Time: 5.331 ms
(10 rows)

