SET
SET
SET
SET
SET
                                                               QUERY PLAN                                                               
----------------------------------------------------------------------------------------------------------------------------------------
 Index Scan using idx on public.t (actual rows=512.00 loops=1)
   Output: a, b
   Index Cond: ((t.a >= '-12054'::integer) AND (t.a <= '-11927'::integer))
   Index Searches: 1
   Prefetch: distance=172.949 count=99 stalls=1 skipped=42 resets=0 ungets=21 forwarded=1
             histogram [2,4) => 2, [4,8) => 3, [8,16) => 5, [16,32) => 20, [32,64) => 8, [64,128) => 2, [128,256) => 2, [256,512) => 57
   Buffers: shared hit=7 read=327
 Settings: enable_bitmapscan = 'off', enable_seqscan = 'off', max_parallel_workers_per_gather = '0'
 Planning:
   Buffers: shared hit=85 read=27
 Planning Time: 2.060 ms
 Execution Time: 16.162 ms
(12 rows)

SET
SET
SET
SET
SET
                                             QUERY PLAN                                             
----------------------------------------------------------------------------------------------------
 Index Scan using idx on public.t (actual rows=512.00 loops=1)
   Output: a, b
   Index Cond: ((t.a >= '-12054'::integer) AND (t.a <= '-11927'::integer))
   Index Searches: 1
   Buffers: shared hit=334
 Settings: enable_bitmapscan = 'off', enable_seqscan = 'off', max_parallel_workers_per_gather = '0'
 Planning:
   Buffers: shared hit=117
 Planning Time: 0.240 ms
 Execution Time: 0.425 ms
(10 rows)

