SET
SET
SET
SET
SET
                                                                 QUERY PLAN                                                                  
---------------------------------------------------------------------------------------------------------------------------------------------
 Index Scan using idx on public.t (actual rows=32768.00 loops=1)
   Output: a, b
   Index Cond: ((t.a >= '-13794'::integer) AND (t.a <= '-5603'::integer))
   Index Searches: 1
   Prefetch: distance=269.846 count=26700 stalls=1 skipped=11428 resets=0 ungets=5664 forwarded=1078
             histogram [2,4) => 2, [4,8) => 3, [8,16) => 6, [16,32) => 9, [32,64) => 10, [64,128) => 3, [128,256) => 196, [256,512) => 26471
   Buffers: shared hit=11498 read=9792
 Settings: enable_bitmapscan = 'off', enable_seqscan = 'off', max_parallel_workers_per_gather = '0'
 Planning:
   Buffers: shared hit=85 read=27
 Planning Time: 2.032 ms
 Execution Time: 56.224 ms
(12 rows)

SET
SET
SET
SET
SET
                                             QUERY PLAN                                             
----------------------------------------------------------------------------------------------------
 Index Scan using idx on public.t (actual rows=32768.00 loops=1)
   Output: a, b
   Index Cond: ((t.a >= '-13794'::integer) AND (t.a <= '-5603'::integer))
   Index Searches: 1
   Buffers: shared hit=21290
 Settings: enable_bitmapscan = 'off', enable_seqscan = 'off', max_parallel_workers_per_gather = '0'
 Planning:
   Buffers: shared hit=117
 Planning Time: 0.198 ms
 Execution Time: 9.782 ms
(10 rows)

