SET
SET
SET
SET
SET
                                                                      QUERY PLAN                                                                      
------------------------------------------------------------------------------------------------------------------------------------------------------
 Index Scan Backward using idx on public.t (actual rows=8048576.00 loops=1)
   Output: a, b
   Index Cond: ((t.a >= 11338) AND (t.a <= 2023481))
   Index Searches: 1
   Prefetch: distance=260.858 count=8019080 stalls=8 skipped=119353 resets=0 ungets=89980 forwarded=6
             histogram [2,4) => 4, [4,8) => 9, [8,16) => 17, [16,32) => 15, [32,64) => 27, [64,128) => 48, [128,256) => 1904363, [256,512) => 6114597
   Buffers: shared hit=7545875 read=395402
 Settings: enable_bitmapscan = 'off', enable_seqscan = 'off', max_parallel_workers_per_gather = '0'
 Planning:
   Buffers: shared hit=78 read=26
 Planning Time: 2.015 ms
 Execution Time: 3275.953 ms
(12 rows)

SET
SET
SET
SET
SET
                                             QUERY PLAN                                             
----------------------------------------------------------------------------------------------------
 Index Scan Backward using idx on public.t (actual rows=8048576.00 loops=1)
   Output: a, b
   Index Cond: ((t.a >= 11338) AND (t.a <= 2023481))
   Index Searches: 1
   Buffers: shared hit=7941277
 Settings: enable_bitmapscan = 'off', enable_seqscan = 'off', max_parallel_workers_per_gather = '0'
 Planning:
   Buffers: shared hit=109
 Planning Time: 0.263 ms
 Execution Time: 1256.307 ms
(10 rows)

