SET
SET
SET
SET
SET
                                                                             QUERY PLAN                                                                             
--------------------------------------------------------------------------------------------------------------------------------------------------------------------
 Index Scan using idx on public.t (actual rows=7048576.00 loops=1)
   Output: a, b
   Index Cond: ((t.a >= '-1766442'::integer) AND (t.a <= '-4299'::integer))
   Index Searches: 1
   Prefetch: distance=133.575 count=743062 stalls=3839019 skipped=2474289 resets=0 ungets=7969 forwarded=9579
             histogram [2,4) => 215117, [4,8) => 126354, [8,16) => 5883, [16,32) => 213, [32,64) => 102, [64,128) => 1195, [128,256) => 195756, [256,512) => 198442
   Buffers: shared hit=4394371 read=190406
 Settings: enable_bitmapscan = 'off', enable_seqscan = 'off', max_parallel_workers_per_gather = '0'
 Planning:
   Buffers: shared hit=81 read=27
 Planning Time: 2.040 ms
 Execution Time: 2389.875 ms
(12 rows)

SET
SET
SET
SET
SET
                                             QUERY PLAN                                             
----------------------------------------------------------------------------------------------------
 Index Scan using idx on public.t (actual rows=7048576.00 loops=1)
   Output: a, b
   Index Cond: ((t.a >= '-1766442'::integer) AND (t.a <= '-4299'::integer))
   Index Searches: 1
   Buffers: shared hit=4584779
 Settings: enable_bitmapscan = 'off', enable_seqscan = 'off', max_parallel_workers_per_gather = '0'
 Planning:
   Buffers: shared hit=113
 Planning Time: 0.230 ms
 Execution Time: 1443.825 ms
(10 rows)

