SET
SET
SET
SET
SET
                                                                          QUERY PLAN                                                                          
--------------------------------------------------------------------------------------------------------------------------------------------------------------
 Index Scan using idx on public.t (actual rows=1048576.00 loops=1)
   Output: a, b
   Index Cond: ((t.a >= '-293386'::integer) AND (t.a <= '-31243'::integer))
   Index Searches: 1
   Prefetch: distance=229.078 count=356902 stalls=332942 skipped=367553 resets=0 ungets=9436 forwarded=4627
             histogram [2,4) => 18652, [4,8) => 10967, [8,16) => 519, [16,32) => 70, [32,64) => 97, [64,128) => 920, [128,256) => 150964, [256,512) => 174713
   Buffers: shared hit=641478 read=40907
 Settings: enable_bitmapscan = 'off', enable_seqscan = 'off', max_parallel_workers_per_gather = '0'
 Planning:
   Buffers: shared hit=81 read=27
 Planning Time: 2.037 ms
 Execution Time: 436.120 ms
(12 rows)

SET
SET
SET
SET
SET
                                             QUERY PLAN                                             
----------------------------------------------------------------------------------------------------
 Index Scan using idx on public.t (actual rows=1048576.00 loops=1)
   Output: a, b
   Index Cond: ((t.a >= '-293386'::integer) AND (t.a <= '-31243'::integer))
   Index Searches: 1
   Buffers: shared hit=682386
 Settings: enable_bitmapscan = 'off', enable_seqscan = 'off', max_parallel_workers_per_gather = '0'
 Planning:
   Buffers: shared hit=113
 Planning Time: 0.187 ms
 Execution Time: 219.545 ms
(10 rows)

