SET
SET
SET
SET
SET
                                                                             QUERY PLAN                                                                             
--------------------------------------------------------------------------------------------------------------------------------------------------------------------
 Index Scan using idx on public.t (actual rows=8048576.00 loops=1)
   Output: a, b
   Index Cond: ((t.a >= '-2016534'::integer) AND (t.a <= '-4391'::integer))
   Index Searches: 1
   Prefetch: distance=124.705 count=796186 stalls=4434851 skipped=2824951 resets=0 ungets=7887 forwarded=10397
             histogram [2,4) => 248361, [4,8) => 145859, [8,16) => 6754, [16,32) => 232, [32,64) => 106, [64,128) => 1175, [128,256) => 195564, [256,512) => 198135
   Buffers: shared hit=5019800 read=215705
 Settings: enable_bitmapscan = 'off', enable_seqscan = 'off', max_parallel_workers_per_gather = '0'
 Planning:
   Buffers: shared hit=81 read=27
 Planning Time: 2.052 ms
 Execution Time: 2728.235 ms
(12 rows)

SET
SET
SET
SET
SET
                                             QUERY PLAN                                             
----------------------------------------------------------------------------------------------------
 Index Scan using idx on public.t (actual rows=8048576.00 loops=1)
   Output: a, b
   Index Cond: ((t.a >= '-2016534'::integer) AND (t.a <= '-4391'::integer))
   Index Searches: 1
   Buffers: shared hit=5235505
 Settings: enable_bitmapscan = 'off', enable_seqscan = 'off', max_parallel_workers_per_gather = '0'
 Planning:
   Buffers: shared hit=113
 Planning Time: 0.235 ms
 Execution Time: 1647.949 ms
(10 rows)

