SET
SET
SET
SET
SET
                                                                           QUERY PLAN                                                                            
-----------------------------------------------------------------------------------------------------------------------------------------------------------------
 Index Scan using idx on public.t (actual rows=3048576.00 loops=1)
   Output: a, b
   Index Cond: ((t.a >= '-791322'::integer) AND (t.a <= '-29179'::integer))
   Index Searches: 1
   Prefetch: distance=177.603 count=469983 stalls=1517881 skipped=1070002 resets=0 ungets=9477 forwarded=6242
             histogram [2,4) => 85076, [4,8) => 49950, [8,16) => 2378, [16,32) => 146, [32,64) => 109, [64,128) => 924, [128,256) => 154387, [256,512) => 177013
   Buffers: shared hit=1891701 read=91380
 Settings: enable_bitmapscan = 'off', enable_seqscan = 'off', max_parallel_workers_per_gather = '0'
 Planning:
   Buffers: shared hit=81 read=27
 Planning Time: 2.134 ms
 Execution Time: 1091.791 ms
(12 rows)

SET
SET
SET
SET
SET
                                             QUERY PLAN                                             
----------------------------------------------------------------------------------------------------
 Index Scan using idx on public.t (actual rows=3048576.00 loops=1)
   Output: a, b
   Index Cond: ((t.a >= '-791322'::integer) AND (t.a <= '-29179'::integer))
   Index Searches: 1
   Buffers: shared hit=1983082
 Settings: enable_bitmapscan = 'off', enable_seqscan = 'off', max_parallel_workers_per_gather = '0'
 Planning:
   Buffers: shared hit=113
 Planning Time: 0.233 ms
 Execution Time: 627.847 ms
(10 rows)

