SET
SET
SET
SET
SET
                                                                QUERY PLAN                                                                
------------------------------------------------------------------------------------------------------------------------------------------
 Index Scan using idx on public.t (actual rows=1024.00 loops=1)
   Output: a, b
   Index Cond: ((t.a >= '-7103'::integer) AND (t.a <= '-6848'::integer))
   Index Searches: 1
   Prefetch: distance=233.539 count=323 stalls=1 skipped=123 resets=0 ungets=90 forwarded=7
             histogram [2,4) => 2, [4,8) => 8, [8,16) => 8, [16,32) => 11, [32,64) => 17, [64,128) => 3, [128,256) => 3, [256,512) => 271
   Buffers: shared hit=38 read=634
 Settings: enable_bitmapscan = 'off', enable_seqscan = 'off', max_parallel_workers_per_gather = '0'
 Planning:
   Buffers: shared hit=85 read=27
 Planning Time: 1.960 ms
 Execution Time: 28.164 ms
(12 rows)

SET
SET
SET
SET
SET
                                             QUERY PLAN                                             
----------------------------------------------------------------------------------------------------
 Index Scan using idx on public.t (actual rows=1024.00 loops=1)
   Output: a, b
   Index Cond: ((t.a >= '-7103'::integer) AND (t.a <= '-6848'::integer))
   Index Searches: 1
   Buffers: shared hit=672
 Settings: enable_bitmapscan = 'off', enable_seqscan = 'off', max_parallel_workers_per_gather = '0'
 Planning:
   Buffers: shared hit=117
 Planning Time: 0.226 ms
 Execution Time: 0.680 ms
(10 rows)

