SET
SET
SET
SET
SET
                                                                 QUERY PLAN                                                                  
---------------------------------------------------------------------------------------------------------------------------------------------
 Index Scan using idx on public.t (actual rows=16384.00 loops=1)
   Output: a, b
   Index Cond: ((t.a >= '-33854'::integer) AND (t.a <= '-29759'::integer))
   Index Searches: 1
   Prefetch: distance=270.421 count=14075 stalls=1 skipped=5547 resets=0 ungets=3778 forwarded=512
             histogram [2,4) => 2, [4,8) => 4, [8,16) => 7, [16,32) => 11, [32,64) => 19, [64,128) => 11, [128,256) => 2, [256,512) => 14019
   Buffers: shared hit=3389 read=7299
 Settings: enable_bitmapscan = 'off', enable_seqscan = 'off', max_parallel_workers_per_gather = '0'
 Planning:
   Buffers: shared hit=85 read=27
 Planning Time: 2.198 ms
 Execution Time: 55.717 ms
(12 rows)

SET
SET
SET
SET
SET
                                             QUERY PLAN                                             
----------------------------------------------------------------------------------------------------
 Index Scan using idx on public.t (actual rows=16384.00 loops=1)
   Output: a, b
   Index Cond: ((t.a >= '-33854'::integer) AND (t.a <= '-29759'::integer))
   Index Searches: 1
   Buffers: shared hit=10688
 Settings: enable_bitmapscan = 'off', enable_seqscan = 'off', max_parallel_workers_per_gather = '0'
 Planning:
   Buffers: shared hit=117
 Planning Time: 0.183 ms
 Execution Time: 4.187 ms
(10 rows)

