SET
SET
SET
SET
SET
                                                                  QUERY PLAN                                                                  
----------------------------------------------------------------------------------------------------------------------------------------------
 Index Scan using idx on public.t (actual rows=32768.00 loops=1)
   Output: a, b
   Index Cond: ((t.a >= '-26010'::integer) AND (t.a <= '-17819'::integer))
   Index Searches: 1
   Prefetch: distance=269.956 count=27130 stalls=1 skipped=11474 resets=0 ungets=6040 forwarded=1138
             histogram [2,4) => 2, [4,8) => 3, [8,16) => 5, [16,32) => 11, [32,64) => 20, [64,128) => 5, [128,256) => 173, [256,512) => 26911
   Buffers: shared hit=10879 read=10401
 Settings: enable_bitmapscan = 'off', enable_seqscan = 'off', max_parallel_workers_per_gather = '0'
 Planning:
   Buffers: shared hit=85 read=27
 Planning Time: 1.976 ms
 Execution Time: 58.708 ms
(12 rows)

SET
SET
SET
SET
SET
                                             QUERY PLAN                                             
----------------------------------------------------------------------------------------------------
 Index Scan using idx on public.t (actual rows=32768.00 loops=1)
   Output: a, b
   Index Cond: ((t.a >= '-26010'::integer) AND (t.a <= '-17819'::integer))
   Index Searches: 1
   Buffers: shared hit=21280
 Settings: enable_bitmapscan = 'off', enable_seqscan = 'off', max_parallel_workers_per_gather = '0'
 Planning:
   Buffers: shared hit=117
 Planning Time: 0.206 ms
 Execution Time: 8.009 ms
(10 rows)

