SET
SET
SET
SET
SET
                                                                   QUERY PLAN                                                                    
-------------------------------------------------------------------------------------------------------------------------------------------------
 Index Scan using idx on public.t (actual rows=131072.00 loops=1)
   Output: a, b
   Index Cond: ((t.a >= '-56257'::integer) AND (t.a <= '-23490'::integer))
   Index Searches: 1
   Prefetch: distance=262.950 count=94240 stalls=1 skipped=45811 resets=0 ungets=9211 forwarded=2637
             histogram [2,4) => 2, [4,8) => 3, [8,16) => 7, [16,32) => 11, [32,64) => 18, [64,128) => 17, [128,256) => 17333, [256,512) => 76849
   Buffers: shared hit=68507 read=16871
 Settings: enable_bitmapscan = 'off', enable_seqscan = 'off', max_parallel_workers_per_gather = '0'
 Planning:
   Buffers: shared hit=81 read=27
 Planning Time: 1.984 ms
 Execution Time: 101.989 ms
(12 rows)

SET
SET
SET
SET
SET
                                             QUERY PLAN                                             
----------------------------------------------------------------------------------------------------
 Index Scan using idx on public.t (actual rows=131072.00 loops=1)
   Output: a, b
   Index Cond: ((t.a >= '-56257'::integer) AND (t.a <= '-23490'::integer))
   Index Searches: 1
   Buffers: shared hit=85378
 Settings: enable_bitmapscan = 'off', enable_seqscan = 'off', max_parallel_workers_per_gather = '0'
 Planning:
   Buffers: shared hit=113
 Planning Time: 0.194 ms
 Execution Time: 27.482 ms
(10 rows)

