SET
SET
SET
SET
SET
                                                                QUERY PLAN                                                                 
-------------------------------------------------------------------------------------------------------------------------------------------
 Index Scan using idx on public.t (actual rows=2048.00 loops=1)
   Output: a, b
   Index Cond: ((t.a >= '-29287'::integer) AND (t.a <= '-28776'::integer))
   Index Searches: 1
   Prefetch: distance=263.389 count=1494 stalls=1 skipped=551 resets=0 ungets=461 forwarded=19
             histogram [2,4) => 2, [4,8) => 4, [8,16) => 11, [16,32) => 23, [32,64) => 9, [64,128) => 4, [128,256) => 2, [256,512) => 1439
   Buffers: shared hit=100 read=1254
 Settings: enable_bitmapscan = 'off', enable_seqscan = 'off', max_parallel_workers_per_gather = '0'
 Planning:
   Buffers: shared hit=85 read=27
 Planning Time: 2.033 ms
 Execution Time: 25.072 ms
(12 rows)

SET
SET
SET
SET
SET
                                             QUERY PLAN                                             
----------------------------------------------------------------------------------------------------
 Index Scan using idx on public.t (actual rows=2048.00 loops=1)
   Output: a, b
   Index Cond: ((t.a >= '-29287'::integer) AND (t.a <= '-28776'::integer))
   Index Searches: 1
   Buffers: shared hit=1354
 Settings: enable_bitmapscan = 'off', enable_seqscan = 'off', max_parallel_workers_per_gather = '0'
 Planning:
   Buffers: shared hit=117
 Planning Time: 0.222 ms
 Execution Time: 0.940 ms
(10 rows)

