SET
SET
SET
SET
SET
                                                                  QUERY PLAN                                                                   
-----------------------------------------------------------------------------------------------------------------------------------------------
 Index Scan using idx on public.t (actual rows=65536.00 loops=1)
   Output: a, b
   Index Cond: ((t.a >= '-19108'::integer) AND (t.a <= '-2725'::integer))
   Index Searches: 1
   Prefetch: distance=267.129 count=49715 stalls=1 skipped=22816 resets=0 ungets=7455 forwarded=1798
             histogram [2,4) => 2, [4,8) => 4, [8,16) => 14, [16,32) => 16, [32,64) => 9, [64,128) => 2, [128,256) => 3445, [256,512) => 46223
   Buffers: shared hit=30081 read=12584
 Settings: enable_bitmapscan = 'off', enable_seqscan = 'off', max_parallel_workers_per_gather = '0'
 Planning:
   Buffers: shared hit=85 read=27
 Planning Time: 1.994 ms
 Execution Time: 74.345 ms
(12 rows)

SET
SET
SET
SET
SET
                                             QUERY PLAN                                             
----------------------------------------------------------------------------------------------------
 Index Scan using idx on public.t (actual rows=65536.00 loops=1)
   Output: a, b
   Index Cond: ((t.a >= '-19108'::integer) AND (t.a <= '-2725'::integer))
   Index Searches: 1
   Buffers: shared hit=42666
 Settings: enable_bitmapscan = 'off', enable_seqscan = 'off', max_parallel_workers_per_gather = '0'
 Planning:
   Buffers: shared hit=117
 Planning Time: 0.198 ms
 Execution Time: 15.369 ms
(10 rows)

