SET
SET
SET
SET
SET
                                                                          QUERY PLAN                                                                          
--------------------------------------------------------------------------------------------------------------------------------------------------------------
 Index Scan using idx on public.t (actual rows=1048576.00 loops=1)
   Output: a, b
   Index Cond: ((t.a >= '-276047'::integer) AND (t.a <= '-13904'::integer))
   Index Searches: 1
   Prefetch: distance=232.449 count=397539 stalls=291575 skipped=367528 resets=0 ungets=8565 forwarded=4727
             histogram [2,4) => 16355, [4,8) => 9682, [8,16) => 482, [16,32) => 62, [32,64) => 97, [64,128) => 1000, [128,256) => 180309, [256,512) => 189552
   Buffers: shared hit=642994 read=39454
 Settings: enable_bitmapscan = 'off', enable_seqscan = 'off', max_parallel_workers_per_gather = '0'
 Planning:
   Buffers: shared hit=81 read=27
 Planning Time: 2.060 ms
 Execution Time: 426.839 ms
(12 rows)

SET
SET
SET
SET
SET
                                             QUERY PLAN                                             
----------------------------------------------------------------------------------------------------
 Index Scan using idx on public.t (actual rows=1048576.00 loops=1)
   Output: a, b
   Index Cond: ((t.a >= '-276047'::integer) AND (t.a <= '-13904'::integer))
   Index Searches: 1
   Buffers: shared hit=682448
 Settings: enable_bitmapscan = 'off', enable_seqscan = 'off', max_parallel_workers_per_gather = '0'
 Planning:
   Buffers: shared hit=113
 Planning Time: 0.215 ms
 Execution Time: 224.248 ms
(10 rows)

