SET
SET
SET
SET
SET
                                                                             QUERY PLAN                                                                             
--------------------------------------------------------------------------------------------------------------------------------------------------------------------
 Index Scan using idx on public.t (actual rows=7048576.00 loops=1)
   Output: a, b
   Index Cond: ((t.a >= '-1776501'::integer) AND (t.a <= '-14358'::integer))
   Index Searches: 1
   Prefetch: distance=129.466 count=720043 stalls=3863004 skipped=2474261 resets=0 ungets=8751 forwarded=9653
             histogram [2,4) => 216435, [4,8) => 127192, [8,16) => 5918, [16,32) => 208, [32,64) => 110, [64,128) => 1000, [128,256) => 179437, [256,512) => 189743
   Buffers: shared hit=4393524 read=191340
 Settings: enable_bitmapscan = 'off', enable_seqscan = 'off', max_parallel_workers_per_gather = '0'
 Planning:
   Buffers: shared hit=81 read=27
 Planning Time: 1.946 ms
 Execution Time: 2419.759 ms
(12 rows)

SET
SET
SET
SET
SET
                                             QUERY PLAN                                             
----------------------------------------------------------------------------------------------------
 Index Scan using idx on public.t (actual rows=7048576.00 loops=1)
   Output: a, b
   Index Cond: ((t.a >= '-1776501'::integer) AND (t.a <= '-14358'::integer))
   Index Searches: 1
   Buffers: shared hit=4584866
 Settings: enable_bitmapscan = 'off', enable_seqscan = 'off', max_parallel_workers_per_gather = '0'
 Planning:
   Buffers: shared hit=113
 Planning Time: 0.236 ms
 Execution Time: 1452.019 ms
(10 rows)

