SET
SET
SET
SET
SET
                                                                    QUERY PLAN                                                                     
---------------------------------------------------------------------------------------------------------------------------------------------------
 Index Scan using idx on public.t (actual rows=262144.00 loops=1)
   Output: a, b
   Index Cond: ((t.a >= '-87572'::integer) AND (t.a <= '-22037'::integer))
   Index Searches: 1
   Prefetch: distance=255.306 count=179473 stalls=1 skipped=91811 resets=0 ungets=9172 forwarded=3208
             histogram [2,4) => 2, [4,8) => 4, [8,16) => 5, [16,32) => 11, [32,64) => 19, [64,128) => 143, [128,256) => 64994, [256,512) => 114295
   Buffers: shared hit=150468 read=20250
 Settings: enable_bitmapscan = 'off', enable_seqscan = 'off', max_parallel_workers_per_gather = '0'
 Planning:
   Buffers: shared hit=81 read=27
 Planning Time: 2.027 ms
 Execution Time: 139.025 ms
(12 rows)

SET
SET
SET
SET
SET
                                             QUERY PLAN                                             
----------------------------------------------------------------------------------------------------
 Index Scan using idx on public.t (actual rows=262144.00 loops=1)
   Output: a, b
   Index Cond: ((t.a >= '-87572'::integer) AND (t.a <= '-22037'::integer))
   Index Searches: 1
   Buffers: shared hit=170719
 Settings: enable_bitmapscan = 'off', enable_seqscan = 'off', max_parallel_workers_per_gather = '0'
 Planning:
   Buffers: shared hit=113
 Planning Time: 0.219 ms
 Execution Time: 59.229 ms
(10 rows)

