SET
SET
SET
SET
SET
                                                                            QUERY PLAN                                                                            
------------------------------------------------------------------------------------------------------------------------------------------------------------------
 Index Scan using idx on public.t (actual rows=4048576.00 loops=1)
   Output: a, b
   Index Cond: ((t.a >= '-1034398'::integer) AND (t.a <= '-22255'::integer))
   Index Searches: 1
   Prefetch: distance=162.740 count=539605 stalls=2096476 skipped=1421032 resets=0 ungets=9032 forwarded=7102
             histogram [2,4) => 117554, [4,8) => 68941, [8,16) => 3247, [16,32) => 156, [32,64) => 106, [64,128) => 969, [128,256) => 165582, [256,512) => 183050
   Buffers: shared hit=2517361 read=116076
 Settings: enable_bitmapscan = 'off', enable_seqscan = 'off', max_parallel_workers_per_gather = '0'
 Planning:
   Buffers: shared hit=81 read=27
 Planning Time: 2.008 ms
 Execution Time: 1392.006 ms
(12 rows)

SET
SET
SET
SET
SET
                                             QUERY PLAN                                             
----------------------------------------------------------------------------------------------------
 Index Scan using idx on public.t (actual rows=4048576.00 loops=1)
   Output: a, b
   Index Cond: ((t.a >= '-1034398'::integer) AND (t.a <= '-22255'::integer))
   Index Searches: 1
   Buffers: shared hit=2633437
 Settings: enable_bitmapscan = 'off', enable_seqscan = 'off', max_parallel_workers_per_gather = '0'
 Planning:
   Buffers: shared hit=113
 Planning Time: 0.237 ms
 Execution Time: 827.521 ms
(10 rows)

