SET
SET
SET
SET
SET
                                                                          QUERY PLAN                                                                           
---------------------------------------------------------------------------------------------------------------------------------------------------------------
 Index Scan using idx on public.t (actual rows=2048576.00 loops=1)
   Output: a, b
   Index Cond: ((t.a >= '-540903'::integer) AND (t.a <= '-28760'::integer))
   Index Searches: 1
   Prefetch: distance=200.391 count=416605 stalls=922121 skipped=718693 resets=0 ungets=9370 forwarded=5411
             histogram [2,4) => 51649, [4,8) => 30365, [8,16) => 1351, [16,32) => 72, [32,64) => 92, [64,128) => 935, [128,256) => 155014, [256,512) => 177127
   Buffers: shared hit=1266768 read=66015
 Settings: enable_bitmapscan = 'off', enable_seqscan = 'off', max_parallel_workers_per_gather = '0'
 Planning:
   Buffers: shared hit=81 read=27
 Planning Time: 1.965 ms
 Execution Time: 776.813 ms
(12 rows)

SET
SET
SET
SET
SET
                                             QUERY PLAN                                             
----------------------------------------------------------------------------------------------------
 Index Scan using idx on public.t (actual rows=2048576.00 loops=1)
   Output: a, b
   Index Cond: ((t.a >= '-540903'::integer) AND (t.a <= '-28760'::integer))
   Index Searches: 1
   Buffers: shared hit=1332785
 Settings: enable_bitmapscan = 'off', enable_seqscan = 'off', max_parallel_workers_per_gather = '0'
 Planning:
   Buffers: shared hit=113
 Planning Time: 0.239 ms
 Execution Time: 425.499 ms
(10 rows)

