SET
SET
SET
SET
SET
                                                                           QUERY PLAN                                                                            
-----------------------------------------------------------------------------------------------------------------------------------------------------------------
 Index Scan using idx on public.t (actual rows=3048576.00 loops=1)
   Output: a, b
   Index Cond: ((t.a >= '-782062'::integer) AND (t.a <= '-19919'::integer))
   Index Searches: 1
   Prefetch: distance=181.333 count=491239 stalls=1495829 skipped=1069938 resets=0 ungets=8917 forwarded=6322
             histogram [2,4) => 83842, [4,8) => 49223, [8,16) => 2356, [16,32) => 145, [32,64) => 114, [64,128) => 995, [128,256) => 169517, [256,512) => 185047
   Buffers: shared hit=1892441 read=90588
 Settings: enable_bitmapscan = 'off', enable_seqscan = 'off', max_parallel_workers_per_gather = '0'
 Planning:
   Buffers: shared hit=81 read=27
 Planning Time: 1.965 ms
 Execution Time: 1071.293 ms
(12 rows)

SET
SET
SET
SET
SET
                                             QUERY PLAN                                             
----------------------------------------------------------------------------------------------------
 Index Scan using idx on public.t (actual rows=3048576.00 loops=1)
   Output: a, b
   Index Cond: ((t.a >= '-782062'::integer) AND (t.a <= '-19919'::integer))
   Index Searches: 1
   Buffers: shared hit=1983029
 Settings: enable_bitmapscan = 'off', enable_seqscan = 'off', max_parallel_workers_per_gather = '0'
 Planning:
   Buffers: shared hit=113
 Planning Time: 0.269 ms
 Execution Time: 627.113 ms
(10 rows)

