SET
SET
SET
SET
SET
                                                                             QUERY PLAN                                                                             
--------------------------------------------------------------------------------------------------------------------------------------------------------------------
 Index Scan using idx on public.t (actual rows=9048576.00 loops=1)
   Output: a, b
   Index Cond: ((t.a >= '-2266514'::integer) AND (t.a <= '-4371'::integer))
   Index Searches: 1
   Prefetch: distance=117.006 count=849947 stalls=5030136 skipped=3175814 resets=0 ungets=7876 forwarded=11215
             histogram [2,4) => 281547, [4,8) => 165475, [8,16) => 7620, [16,32) => 294, [32,64) => 148, [64,128) => 1175, [128,256) => 195556, [256,512) => 198132
   Buffers: shared hit=5645183 read=240927
 Settings: enable_bitmapscan = 'off', enable_seqscan = 'off', max_parallel_workers_per_gather = '0'
 Planning:
   Buffers: shared hit=81 read=27
 Planning Time: 1.935 ms
 Execution Time: 3037.549 ms
(12 rows)

SET
SET
SET
SET
SET
                                             QUERY PLAN                                             
----------------------------------------------------------------------------------------------------
 Index Scan using idx on public.t (actual rows=9048576.00 loops=1)
   Output: a, b
   Index Cond: ((t.a >= '-2266514'::integer) AND (t.a <= '-4371'::integer))
   Index Searches: 1
   Buffers: shared hit=5886110
 Settings: enable_bitmapscan = 'off', enable_seqscan = 'off', max_parallel_workers_per_gather = '0'
 Planning:
   Buffers: shared hit=113
 Planning Time: 0.223 ms
 Execution Time: 1850.354 ms
(10 rows)

