SET
SET
SET
SET
                                             QUERY PLAN                                             
----------------------------------------------------------------------------------------------------
 Index Scan using idx on public.t (actual rows=9048576.00 loops=1)
   Output: a, b
   Index Cond: ((t.a >= '-2268172'::integer) AND (t.a <= '-6029'::integer))
   Index Searches: 1
   Buffers: shared hit=5645054 read=241079
 Settings: enable_bitmapscan = 'off', enable_seqscan = 'off', max_parallel_workers_per_gather = '0'
 Planning:
   Buffers: shared hit=81 read=27
 Planning Time: 1.972 ms
 Execution Time: 3137.519 ms
(10 rows)

SET
SET
SET
SET
                                             QUERY PLAN                                             
----------------------------------------------------------------------------------------------------
 Index Scan using idx on public.t (actual rows=9048576.00 loops=1)
   Output: a, b
   Index Cond: ((t.a >= '-2268172'::integer) AND (t.a <= '-6029'::integer))
   Index Searches: 1
   Buffers: shared hit=5886133
 Settings: enable_bitmapscan = 'off', enable_seqscan = 'off', max_parallel_workers_per_gather = '0'
 Planning:
   Buffers: shared hit=113
 Planning Time: 0.230 ms
 Execution Time: 1842.760 ms
(10 rows)

