SET
SET
SET
SET
SET
                                             QUERY PLAN                                             
----------------------------------------------------------------------------------------------------
 Index Scan using idx on public.t (actual rows=256.00 loops=1)
   Output: a, b
   Index Cond: ((t.a >= '-12207'::integer) AND (t.a <= '-12144'::integer))
   Index Searches: 1
   Prefetch: distance=21.045 count=44 stalls=1 skipped=20 resets=0 ungets=0 forwarded=0
             histogram [2,4) => 2, [4,8) => 9, [8,16) => 9, [16,32) => 16, [32,64) => 8
   Buffers: shared hit=6 read=164
 Settings: enable_bitmapscan = 'off', enable_seqscan = 'off', max_parallel_workers_per_gather = '0'
 Planning:
   Buffers: shared hit=85 read=27
 Planning Time: 1.561 ms
 Execution Time: 8.689 ms
(12 rows)

SET
SET
SET
SET
SET
                                             QUERY PLAN                                             
----------------------------------------------------------------------------------------------------
 Index Scan using idx on public.t (actual rows=256.00 loops=1)
   Output: a, b
   Index Cond: ((t.a >= '-12207'::integer) AND (t.a <= '-12144'::integer))
   Index Searches: 1
   Buffers: shared hit=170
 Settings: enable_bitmapscan = 'off', enable_seqscan = 'off', max_parallel_workers_per_gather = '0'
 Planning:
   Buffers: shared hit=117
 Planning Time: 0.130 ms
 Execution Time: 0.115 ms
(10 rows)

