SET
SET
SET
SET
SET
                                                                QUERY PLAN                                                                 
-------------------------------------------------------------------------------------------------------------------------------------------
 Index Scan using idx on public.t (actual rows=4096.00 loops=1)
   Output: a, b
   Index Cond: ((t.a >= '-22993'::integer) AND (t.a <= '-21970'::integer))
   Index Searches: 1
   Prefetch: distance=268.507 count=3579 stalls=1 skipped=1310 resets=0 ungets=1093 forwarded=70
             histogram [2,4) => 2, [4,8) => 4, [8,16) => 5, [16,32) => 11, [32,64) => 19, [64,128) => 4, [128,256) => 5, [256,512) => 3529
   Buffers: shared hit=326 read=2360
 Settings: enable_bitmapscan = 'off', enable_seqscan = 'off', max_parallel_workers_per_gather = '0'
 Planning:
   Buffers: shared hit=85 read=27
 Planning Time: 1.975 ms
 Execution Time: 22.816 ms
(12 rows)

SET
SET
SET
SET
SET
                                             QUERY PLAN                                             
----------------------------------------------------------------------------------------------------
 Index Scan using idx on public.t (actual rows=4096.00 loops=1)
   Output: a, b
   Index Cond: ((t.a >= '-22993'::integer) AND (t.a <= '-21970'::integer))
   Index Searches: 1
   Buffers: shared hit=2686
 Settings: enable_bitmapscan = 'off', enable_seqscan = 'off', max_parallel_workers_per_gather = '0'
 Planning:
   Buffers: shared hit=117
 Planning Time: 0.192 ms
 Execution Time: 1.741 ms
(10 rows)

