SET
SET
SET
SET
SET
                                                                QUERY PLAN                                                                 
-------------------------------------------------------------------------------------------------------------------------------------------
 Index Scan using idx on public.t (actual rows=8192.00 loops=1)
   Output: a, b
   Index Cond: ((t.a >= '-34781'::integer) AND (t.a <= '-32734'::integer))
   Index Searches: 1
   Prefetch: distance=270.083 count=6943 stalls=1 skipped=2604 resets=0 ungets=2019 forwarded=206
             histogram [2,4) => 2, [4,8) => 4, [8,16) => 5, [16,32) => 11, [32,64) => 18, [64,128) => 3, [128,256) => 4, [256,512) => 6896
   Buffers: shared hit=1028 read=4318
 Settings: enable_bitmapscan = 'off', enable_seqscan = 'off', max_parallel_workers_per_gather = '0'
 Planning:
   Buffers: shared hit=85 read=27
 Planning Time: 1.979 ms
 Execution Time: 44.759 ms
(12 rows)

SET
SET
SET
SET
SET
                                             QUERY PLAN                                             
----------------------------------------------------------------------------------------------------
 Index Scan using idx on public.t (actual rows=8192.00 loops=1)
   Output: a, b
   Index Cond: ((t.a >= '-34781'::integer) AND (t.a <= '-32734'::integer))
   Index Searches: 1
   Buffers: shared hit=5347
 Settings: enable_bitmapscan = 'off', enable_seqscan = 'off', max_parallel_workers_per_gather = '0'
 Planning:
   Buffers: shared hit=117
 Planning Time: 0.222 ms
 Execution Time: 2.170 ms
(10 rows)

