SET
SET
SET
SET
SET
                                                                  QUERY PLAN                                                                  
----------------------------------------------------------------------------------------------------------------------------------------------
 Index Scan using idx on public.t (actual rows=65536.00 loops=1)
   Output: a, b
   Index Cond: ((t.a >= '-21128'::integer) AND (t.a <= '-4745'::integer))
   Index Searches: 1
   Prefetch: distance=267.112 count=49873 stalls=1 skipped=22839 resets=0 ungets=7572 forwarded=1807
             histogram [2,4) => 2, [4,8) => 3, [8,16) => 7, [16,32) => 29, [32,64) => 8, [64,128) => 2, [128,256) => 3605, [256,512) => 46217
   Buffers: shared hit=29957 read=12696
 Settings: enable_bitmapscan = 'off', enable_seqscan = 'off', max_parallel_workers_per_gather = '0'
 Planning:
   Buffers: shared hit=85 read=27
 Planning Time: 1.974 ms
 Execution Time: 71.342 ms
(12 rows)

SET
SET
SET
SET
SET
                                             QUERY PLAN                                             
----------------------------------------------------------------------------------------------------
 Index Scan using idx on public.t (actual rows=65536.00 loops=1)
   Output: a, b
   Index Cond: ((t.a >= '-21128'::integer) AND (t.a <= '-4745'::integer))
   Index Searches: 1
   Buffers: shared hit=42658
 Settings: enable_bitmapscan = 'off', enable_seqscan = 'off', max_parallel_workers_per_gather = '0'
 Planning:
   Buffers: shared hit=117
 Planning Time: 0.225 ms
 Execution Time: 13.055 ms
(10 rows)

