SET
SET
SET
SET
SET
                                                                QUERY PLAN                                                                 
-------------------------------------------------------------------------------------------------------------------------------------------
 Index Scan using idx on public.t (actual rows=16384.00 loops=1)
   Output: a, b
   Index Cond: ((t.a >= '-33329'::integer) AND (t.a <= '-29234'::integer))
   Index Searches: 1
   Prefetch: distance=270.587 count=14010 stalls=1 skipped=5508 resets=0 ungets=3770 forwarded=522
             histogram [2,4) => 2, [4,8) => 3, [8,16) => 5, [16,32) => 9, [32,64) => 17, [64,128) => 8, [128,256) => 3, [256,512) => 13963
   Buffers: shared hit=3393 read=7300
 Settings: enable_bitmapscan = 'off', enable_seqscan = 'off', max_parallel_workers_per_gather = '0'
 Planning:
   Buffers: shared hit=85 read=27
 Planning Time: 2.004 ms
 Execution Time: 59.118 ms
(12 rows)

SET
SET
SET
SET
SET
                                             QUERY PLAN                                             
----------------------------------------------------------------------------------------------------
 Index Scan using idx on public.t (actual rows=16384.00 loops=1)
   Output: a, b
   Index Cond: ((t.a >= '-33329'::integer) AND (t.a <= '-29234'::integer))
   Index Searches: 1
   Buffers: shared hit=10693
 Settings: enable_bitmapscan = 'off', enable_seqscan = 'off', max_parallel_workers_per_gather = '0'
 Planning:
   Buffers: shared hit=117
 Planning Time: 0.186 ms
 Execution Time: 4.356 ms
(10 rows)

