SET
SET
SET
SET
SET
                                                                            QUERY PLAN                                                                             
-------------------------------------------------------------------------------------------------------------------------------------------------------------------
 Index Scan using idx on public.t (actual rows=5048576.00 loops=1)
   Output: a, b
   Index Cond: ((t.a >= '-1275775'::integer) AND (t.a <= '-13632'::integer))
   Index Searches: 1
   Prefetch: distance=151.975 count=613702 stalls=2671054 skipped=1772164 resets=0 ungets=8595 forwarded=7956
             histogram [2,4) => 149783, [4,8) => 87787, [8,16) => 4086, [16,32) => 185, [32,64) => 108, [64,128) => 1002, [128,256) => 180705, [256,512) => 190046
   Buffers: shared hit=3143280 read=140610
 Settings: enable_bitmapscan = 'off', enable_seqscan = 'off', max_parallel_workers_per_gather = '0'
 Planning:
   Buffers: shared hit=81 read=27
 Planning Time: 1.992 ms
 Execution Time: 1750.986 ms
(12 rows)

SET
SET
SET
SET
SET
                                             QUERY PLAN                                             
----------------------------------------------------------------------------------------------------
 Index Scan using idx on public.t (actual rows=5048576.00 loops=1)
   Output: a, b
   Index Cond: ((t.a >= '-1275775'::integer) AND (t.a <= '-13632'::integer))
   Index Searches: 1
   Buffers: shared hit=3283890
 Settings: enable_bitmapscan = 'off', enable_seqscan = 'off', max_parallel_workers_per_gather = '0'
 Planning:
   Buffers: shared hit=113
 Planning Time: 0.228 ms
 Execution Time: 1043.879 ms
(10 rows)

