SET
SET
SET
SET
SET
                                                                     QUERY PLAN                                                                     
----------------------------------------------------------------------------------------------------------------------------------------------------
 Index Scan using idx on public.t (actual rows=262144.00 loops=1)
   Output: a, b
   Index Cond: ((t.a >= '-91946'::integer) AND (t.a <= '-26411'::integer))
   Index Searches: 1
   Prefetch: distance=255.126 count=179264 stalls=1 skipped=91590 resets=0 ungets=9282 forwarded=3268
             histogram [2,4) => 2, [4,8) => 4, [8,16) => 13, [16,32) => 15, [32,64) => 13, [64,128) => 131, [128,256) => 65095, [256,512) => 113991
   Buffers: shared hit=150145 read=20609
 Settings: enable_bitmapscan = 'off', enable_seqscan = 'off', max_parallel_workers_per_gather = '0'
 Planning:
   Buffers: shared hit=81 read=27
 Planning Time: 1.990 ms
 Execution Time: 155.414 ms
(12 rows)

SET
SET
SET
SET
SET
                                             QUERY PLAN                                             
----------------------------------------------------------------------------------------------------
 Index Scan using idx on public.t (actual rows=262144.00 loops=1)
   Output: a, b
   Index Cond: ((t.a >= '-91946'::integer) AND (t.a <= '-26411'::integer))
   Index Searches: 1
   Buffers: shared hit=170757
 Settings: enable_bitmapscan = 'off', enable_seqscan = 'off', max_parallel_workers_per_gather = '0'
 Planning:
   Buffers: shared hit=113
 Planning Time: 0.193 ms
 Execution Time: 54.817 ms
(10 rows)

