SET
SET
SET
SET
SET
                                                                           QUERY PLAN                                                                           
----------------------------------------------------------------------------------------------------------------------------------------------------------------
 Index Scan using idx on public.t (actual rows=2048576.00 loops=1)
   Output: a, b
   Index Cond: ((t.a >= '-515433'::integer) AND (t.a <= '-3290'::integer))
   Index Searches: 1
   Prefetch: distance=208.119 count=476027 stalls=861484 skipped=718811 resets=0 ungets=7949 forwarded=5469
             histogram [2,4) => 48285, [4,8) => 28385, [8,16) => 1262, [16,32) => 57, [32,64) => 99, [64,128) => 1196, [128,256) => 197392, [256,512) => 199351
   Buffers: shared hit=1269007 read=63764
 Settings: enable_bitmapscan = 'off', enable_seqscan = 'off', max_parallel_workers_per_gather = '0'
 Planning:
   Buffers: shared hit=81 read=27
 Planning Time: 1.999 ms
 Execution Time: 737.283 ms
(12 rows)

SET
SET
SET
SET
SET
                                             QUERY PLAN                                             
----------------------------------------------------------------------------------------------------
 Index Scan using idx on public.t (actual rows=2048576.00 loops=1)
   Output: a, b
   Index Cond: ((t.a >= '-515433'::integer) AND (t.a <= '-3290'::integer))
   Index Searches: 1
   Buffers: shared hit=1332772
 Settings: enable_bitmapscan = 'off', enable_seqscan = 'off', max_parallel_workers_per_gather = '0'
 Planning:
   Buffers: shared hit=113
 Planning Time: 0.192 ms
 Execution Time: 419.592 ms
(10 rows)

