SET
SET
SET
SET
SET
                                                                            QUERY PLAN                                                                             
-------------------------------------------------------------------------------------------------------------------------------------------------------------------
 Index Scan using idx on public.t (actual rows=6048576.00 loops=1)
   Output: a, b
   Index Cond: ((t.a >= '-1543125'::integer) AND (t.a <= '-30982'::integer))
   Index Searches: 1
   Prefetch: distance=132.029 count=627204 stalls=3307558 skipped=2123029 resets=0 ungets=9538 forwarded=8728
             histogram [2,4) => 185441, [4,8) => 108804, [8,16) => 5060, [16,32) => 198, [32,64) => 108, [64,128) => 923, [128,256) => 151361, [256,512) => 175309
   Buffers: shared hit=3767021 read=167476
 Settings: enable_bitmapscan = 'off', enable_seqscan = 'off', max_parallel_workers_per_gather = '0'
 Planning:
   Buffers: shared hit=81 read=27
 Planning Time: 2.078 ms
 Execution Time: 2083.593 ms
(12 rows)

SET
SET
SET
SET
SET
                                             QUERY PLAN                                             
----------------------------------------------------------------------------------------------------
 Index Scan using idx on public.t (actual rows=6048576.00 loops=1)
   Output: a, b
   Index Cond: ((t.a >= '-1543125'::integer) AND (t.a <= '-30982'::integer))
   Index Searches: 1
   Buffers: shared hit=3934501
 Settings: enable_bitmapscan = 'off', enable_seqscan = 'off', max_parallel_workers_per_gather = '0'
 Planning:
   Buffers: shared hit=113
 Planning Time: 0.232 ms
 Execution Time: 1240.822 ms
(10 rows)

