SET
SET
SET
SET
SET
                                                                           QUERY PLAN                                                                            
-----------------------------------------------------------------------------------------------------------------------------------------------------------------
 Index Scan using idx on public.t (actual rows=3048576.00 loops=1)
   Output: a, b
   Index Cond: ((t.a >= '-792422'::integer) AND (t.a <= '-30279'::integer))
   Index Searches: 1
   Prefetch: distance=177.096 count=467081 stalls=1520565 skipped=1069905 resets=0 ungets=9438 forwarded=6252
             histogram [2,4) => 85202, [4,8) => 50023, [8,16) => 2385, [16,32) => 160, [32,64) => 101, [64,128) => 924, [128,256) => 152350, [256,512) => 175936
   Buffers: shared hit=1891620 read=91461
 Settings: enable_bitmapscan = 'off', enable_seqscan = 'off', max_parallel_workers_per_gather = '0'
 Planning:
   Buffers: shared hit=81 read=27
 Planning Time: 1.973 ms
 Execution Time: 1086.777 ms
(12 rows)

SET
SET
SET
SET
SET
                                             QUERY PLAN                                             
----------------------------------------------------------------------------------------------------
 Index Scan using idx on public.t (actual rows=3048576.00 loops=1)
   Output: a, b
   Index Cond: ((t.a >= '-792422'::integer) AND (t.a <= '-30279'::integer))
   Index Searches: 1
   Buffers: shared hit=1983081
 Settings: enable_bitmapscan = 'off', enable_seqscan = 'off', max_parallel_workers_per_gather = '0'
 Planning:
   Buffers: shared hit=113
 Planning Time: 0.205 ms
 Execution Time: 630.380 ms
(10 rows)

