SET
SET
SET
SET
SET
                                                                            QUERY PLAN                                                                             
-------------------------------------------------------------------------------------------------------------------------------------------------------------------
 Index Scan using idx on public.t (actual rows=7048576.00 loops=1)
   Output: a, b
   Index Cond: ((t.a >= '-1792688'::integer) AND (t.a <= '-30545'::integer))
   Index Searches: 1
   Prefetch: distance=122.109 count=682200 stalls=3901603 skipped=2474287 resets=0 ungets=9581 forwarded=9581
             histogram [2,4) => 218502, [4,8) => 128450, [8,16) => 5995, [16,32) => 209, [32,64) => 108, [64,128) => 922, [128,256) => 151978, [256,512) => 176036
   Buffers: shared hit=4392112 read=192706
 Settings: enable_bitmapscan = 'off', enable_seqscan = 'off', max_parallel_workers_per_gather = '0'
 Planning:
   Buffers: shared hit=81 read=27
 Planning Time: 1.974 ms
 Execution Time: 2406.553 ms
(12 rows)

SET
SET
SET
SET
SET
                                             QUERY PLAN                                             
----------------------------------------------------------------------------------------------------
 Index Scan using idx on public.t (actual rows=7048576.00 loops=1)
   Output: a, b
   Index Cond: ((t.a >= '-1792688'::integer) AND (t.a <= '-30545'::integer))
   Index Searches: 1
   Buffers: shared hit=4584820
 Settings: enable_bitmapscan = 'off', enable_seqscan = 'off', max_parallel_workers_per_gather = '0'
 Planning:
   Buffers: shared hit=113
 Planning Time: 0.235 ms
 Execution Time: 1462.600 ms
(10 rows)

