SET
SET
SET
SET
SET
                                                                            QUERY PLAN                                                                            
------------------------------------------------------------------------------------------------------------------------------------------------------------------
 Index Scan using idx on public.t (actual rows=4048576.00 loops=1)
   Output: a, b
   Index Cond: ((t.a >= '-1034330'::integer) AND (t.a <= '-22187'::integer))
   Index Searches: 1
   Prefetch: distance=162.872 count=540185 stalls=2096308 skipped=1421170 resets=0 ungets=9186 forwarded=7118
             histogram [2,4) => 117546, [4,8) => 68941, [8,16) => 3247, [16,32) => 155, [32,64) => 106, [64,128) => 968, [128,256) => 165518, [256,512) => 183704
   Buffers: shared hit=2517359 read=116073
 Settings: enable_bitmapscan = 'off', enable_seqscan = 'off', max_parallel_workers_per_gather = '0'
 Planning:
   Buffers: shared hit=81 read=27
 Planning Time: 1.972 ms
 Execution Time: 1405.658 ms
(12 rows)

SET
SET
SET
SET
SET
                                             QUERY PLAN                                             
----------------------------------------------------------------------------------------------------
 Index Scan using idx on public.t (actual rows=4048576.00 loops=1)
   Output: a, b
   Index Cond: ((t.a >= '-1034330'::integer) AND (t.a <= '-22187'::integer))
   Index Searches: 1
   Buffers: shared hit=2633434
 Settings: enable_bitmapscan = 'off', enable_seqscan = 'off', max_parallel_workers_per_gather = '0'
 Planning:
   Buffers: shared hit=113
 Planning Time: 0.220 ms
 Execution Time: 833.116 ms
(10 rows)

