SET
SET
SET
SET
SET
                                                                            QUERY PLAN                                                                             
-------------------------------------------------------------------------------------------------------------------------------------------------------------------
 Index Scan using idx on public.t (actual rows=8048576.00 loops=1)
   Output: a, b
   Index Cond: ((t.a >= '-2033128'::integer) AND (t.a <= '-20985'::integer))
   Index Searches: 1
   Prefetch: distance=117.811 count=757954 stalls=4474331 skipped=2825120 resets=0 ungets=9060 forwarded=10408
             histogram [2,4) => 250574, [4,8) => 147137, [8,16) => 6806, [16,32) => 218, [32,64) => 110, [64,128) => 986, [128,256) => 167788, [256,512) => 184335
   Buffers: shared hit=5018234 read=217189
 Settings: enable_bitmapscan = 'off', enable_seqscan = 'off', max_parallel_workers_per_gather = '0'
 Planning:
   Buffers: shared hit=81 read=27
 Planning Time: 2.051 ms
 Execution Time: 2749.252 ms
(12 rows)

SET
SET
SET
SET
SET
                                             QUERY PLAN                                             
----------------------------------------------------------------------------------------------------
 Index Scan using idx on public.t (actual rows=8048576.00 loops=1)
   Output: a, b
   Index Cond: ((t.a >= '-2033128'::integer) AND (t.a <= '-20985'::integer))
   Index Searches: 1
   Buffers: shared hit=5235425
 Settings: enable_bitmapscan = 'off', enable_seqscan = 'off', max_parallel_workers_per_gather = '0'
 Planning:
   Buffers: shared hit=113
 Planning Time: 0.225 ms
 Execution Time: 1655.022 ms
(10 rows)

