SET
SET
SET
SET
SET
                                                                             QUERY PLAN                                                                             
--------------------------------------------------------------------------------------------------------------------------------------------------------------------
 Index Scan using idx on public.t (actual rows=9048576.00 loops=1)
   Output: a, b
   Index Cond: ((t.a >= '-2276397'::integer) AND (t.a <= '-14254'::integer))
   Index Searches: 1
   Prefetch: distance=113.029 count=827163 stalls=5053768 skipped=3175823 resets=0 ungets=8613 forwarded=11252
             histogram [2,4) => 282841, [4,8) => 166213, [8,16) => 7635, [16,32) => 282, [32,64) => 155, [64,128) => 1001, [128,256) => 179670, [256,512) => 189366
   Buffers: shared hit=5644338 read=241819
 Settings: enable_bitmapscan = 'off', enable_seqscan = 'off', max_parallel_workers_per_gather = '0'
 Planning:
   Buffers: shared hit=81 read=27
 Planning Time: 2.163 ms
 Execution Time: 3055.772 ms
(12 rows)

SET
SET
SET
SET
SET
                                             QUERY PLAN                                             
----------------------------------------------------------------------------------------------------
 Index Scan using idx on public.t (actual rows=9048576.00 loops=1)
   Output: a, b
   Index Cond: ((t.a >= '-2276397'::integer) AND (t.a <= '-14254'::integer))
   Index Searches: 1
   Buffers: shared hit=5886159
 Settings: enable_bitmapscan = 'off', enable_seqscan = 'off', max_parallel_workers_per_gather = '0'
 Planning:
   Buffers: shared hit=113
 Planning Time: 0.234 ms
 Execution Time: 1837.270 ms
(10 rows)

