SET
SET
SET
SET
SET
                                                               QUERY PLAN                                                               
----------------------------------------------------------------------------------------------------------------------------------------
 Index Scan using idx on public.t (actual rows=128.00 loops=1)
   Output: a, b
   Index Cond: ((t.a >= '-13388'::integer) AND (t.a <= '-13357'::integer))
   Index Searches: 1
   Prefetch: distance=155.364 count=88 stalls=1 skipped=39 resets=0 ungets=15 forwarded=1
             histogram [2,4) => 2, [4,8) => 3, [8,16) => 9, [16,32) => 22, [32,64) => 2, [64,128) => 3, [128,256) => 4, [256,512) => 43
   Buffers: shared hit=7 read=83
 Settings: enable_bitmapscan = 'off', enable_seqscan = 'off', max_parallel_workers_per_gather = '0'
 Planning:
   Buffers: shared hit=85 read=27
 Planning Time: 1.400 ms
 Execution Time: 1.889 ms
(12 rows)

SET
SET
SET
SET
SET
                                             QUERY PLAN                                             
----------------------------------------------------------------------------------------------------
 Index Scan using idx on public.t (actual rows=128.00 loops=1)
   Output: a, b
   Index Cond: ((t.a >= '-13388'::integer) AND (t.a <= '-13357'::integer))
   Index Searches: 1
   Buffers: shared hit=90
 Settings: enable_bitmapscan = 'off', enable_seqscan = 'off', max_parallel_workers_per_gather = '0'
 Planning:
   Buffers: shared hit=117
 Planning Time: 0.190 ms
 Execution Time: 0.129 ms
(10 rows)

