SET
SET
SET
SET
SET
                                                                QUERY PLAN                                                                 
-------------------------------------------------------------------------------------------------------------------------------------------
 Index Scan using idx on public.t (actual rows=4096.00 loops=1)
   Output: a, b
   Index Cond: ((t.a >= '-3614'::integer) AND (t.a <= '-2591'::integer))
   Index Searches: 1
   Prefetch: distance=268.234 count=3469 stalls=1 skipped=1308 resets=0 ungets=1009 forwarded=69
             histogram [2,4) => 2, [4,8) => 4, [8,16) => 7, [16,32) => 11, [32,64) => 18, [64,128) => 5, [128,256) => 4, [256,512) => 3418
   Buffers: shared hit=421 read=2263
 Settings: enable_bitmapscan = 'off', enable_seqscan = 'off', max_parallel_workers_per_gather = '0'
 Planning:
   Buffers: shared hit=85 read=27
 Planning Time: 1.979 ms
 Execution Time: 22.796 ms
(12 rows)

SET
SET
SET
SET
SET
                                             QUERY PLAN                                             
----------------------------------------------------------------------------------------------------
 Index Scan using idx on public.t (actual rows=4096.00 loops=1)
   Output: a, b
   Index Cond: ((t.a >= '-3614'::integer) AND (t.a <= '-2591'::integer))
   Index Searches: 1
   Buffers: shared hit=2684
 Settings: enable_bitmapscan = 'off', enable_seqscan = 'off', max_parallel_workers_per_gather = '0'
 Planning:
   Buffers: shared hit=117
 Planning Time: 0.207 ms
 Execution Time: 1.872 ms
(10 rows)

