SET
SET
SET
SET
SET
                                                                QUERY PLAN                                                                 
-------------------------------------------------------------------------------------------------------------------------------------------
 Index Scan using idx on public.t (actual rows=8192.00 loops=1)
   Output: a, b
   Index Cond: ((t.a >= '-2955'::integer) AND (t.a <= '-908'::integer))
   Index Searches: 1
   Prefetch: distance=269.814 count=7053 stalls=1 skipped=2702 resets=0 ungets=1943 forwarded=197
             histogram [2,4) => 2, [4,8) => 3, [8,16) => 7, [16,32) => 11, [32,64) => 20, [64,128) => 3, [128,256) => 4, [256,512) => 7003
   Buffers: shared hit=1410 read=3961
 Settings: enable_bitmapscan = 'off', enable_seqscan = 'off', max_parallel_workers_per_gather = '0'
 Planning:
   Buffers: shared hit=85 read=27
 Planning Time: 1.981 ms
 Execution Time: 32.739 ms
(12 rows)

SET
SET
SET
SET
SET
                                             QUERY PLAN                                             
----------------------------------------------------------------------------------------------------
 Index Scan using idx on public.t (actual rows=8192.00 loops=1)
   Output: a, b
   Index Cond: ((t.a >= '-2955'::integer) AND (t.a <= '-908'::integer))
   Index Searches: 1
   Buffers: shared hit=5371
 Settings: enable_bitmapscan = 'off', enable_seqscan = 'off', max_parallel_workers_per_gather = '0'
 Planning:
   Buffers: shared hit=117
 Planning Time: 0.194 ms
 Execution Time: 2.918 ms
(10 rows)

