SET
SET
SET
SET
SET
                                                                QUERY PLAN                                                                
------------------------------------------------------------------------------------------------------------------------------------------
 Index Scan using idx on public.t (actual rows=512.00 loops=1)
   Output: a, b
   Index Cond: ((t.a >= '-11119'::integer) AND (t.a <= '-10992'::integer))
   Index Searches: 1
   Prefetch: distance=237.665 count=355 stalls=1 skipped=128 resets=0 ungets=95 forwarded=3
             histogram [2,4) => 2, [4,8) => 3, [8,16) => 7, [16,32) => 10, [32,64) => 19, [64,128) => 6, [128,256) => 4, [256,512) => 304
   Buffers: shared hit=15 read=333
 Settings: enable_bitmapscan = 'off', enable_seqscan = 'off', max_parallel_workers_per_gather = '0'
 Planning:
   Buffers: shared hit=85 read=27
 Planning Time: 1.991 ms
 Execution Time: 7.611 ms
(12 rows)

SET
SET
SET
SET
SET
                                             QUERY PLAN                                             
----------------------------------------------------------------------------------------------------
 Index Scan using idx on public.t (actual rows=512.00 loops=1)
   Output: a, b
   Index Cond: ((t.a >= '-11119'::integer) AND (t.a <= '-10992'::integer))
   Index Searches: 1
   Buffers: shared hit=348
 Settings: enable_bitmapscan = 'off', enable_seqscan = 'off', max_parallel_workers_per_gather = '0'
 Planning:
   Buffers: shared hit=117
 Planning Time: 0.151 ms
 Execution Time: 0.336 ms
(10 rows)

