SET
SET
SET
SET
SET
                                                                QUERY PLAN                                                                 
-------------------------------------------------------------------------------------------------------------------------------------------
 Index Scan using idx on public.t (actual rows=2048.00 loops=1)
   Output: a, b
   Index Cond: ((t.a >= '-3468'::integer) AND (t.a <= '-2957'::integer))
   Index Searches: 1
   Prefetch: distance=264.700 count=1733 stalls=1 skipped=641 resets=0 ungets=526 forwarded=13
             histogram [2,4) => 2, [4,8) => 4, [8,16) => 7, [16,32) => 11, [32,64) => 19, [64,128) => 5, [128,256) => 4, [256,512) => 1681
   Buffers: shared hit=93 read=1253
 Settings: enable_bitmapscan = 'off', enable_seqscan = 'off', max_parallel_workers_per_gather = '0'
 Planning:
   Buffers: shared hit=85 read=27
 Planning Time: 2.065 ms
 Execution Time: 13.765 ms
(12 rows)

SET
SET
SET
SET
SET
                                             QUERY PLAN                                             
----------------------------------------------------------------------------------------------------
 Index Scan using idx on public.t (actual rows=2048.00 loops=1)
   Output: a, b
   Index Cond: ((t.a >= '-3468'::integer) AND (t.a <= '-2957'::integer))
   Index Searches: 1
   Buffers: shared hit=1346
 Settings: enable_bitmapscan = 'off', enable_seqscan = 'off', max_parallel_workers_per_gather = '0'
 Planning:
   Buffers: shared hit=117
 Planning Time: 0.216 ms
 Execution Time: 1.100 ms
(10 rows)

