SET
SET
SET
SET
SET
                                                                          QUERY PLAN                                                                          
--------------------------------------------------------------------------------------------------------------------------------------------------------------
 Index Scan using idx on public.t (actual rows=1048576.00 loops=1)
   Output: a, b
   Index Cond: ((t.a >= '-282427'::integer) AND (t.a <= '-20284'::integer))
   Index Searches: 1
   Prefetch: distance=231.378 count=382844 stalls=306725 skipped=367658 resets=0 ungets=9014 forwarded=4716
             histogram [2,4) => 17215, [4,8) => 10191, [8,16) => 494, [16,32) => 65, [32,64) => 96, [64,128) => 980, [128,256) => 168781, [256,512) => 185022
   Buffers: shared hit=642343 read=40028
 Settings: enable_bitmapscan = 'off', enable_seqscan = 'off', max_parallel_workers_per_gather = '0'
 Planning:
   Buffers: shared hit=81 read=27
 Planning Time: 1.981 ms
 Execution Time: 425.151 ms
(12 rows)

SET
SET
SET
SET
SET
                                             QUERY PLAN                                             
----------------------------------------------------------------------------------------------------
 Index Scan using idx on public.t (actual rows=1048576.00 loops=1)
   Output: a, b
   Index Cond: ((t.a >= '-282427'::integer) AND (t.a <= '-20284'::integer))
   Index Searches: 1
   Buffers: shared hit=682373
 Settings: enable_bitmapscan = 'off', enable_seqscan = 'off', max_parallel_workers_per_gather = '0'
 Planning:
   Buffers: shared hit=113
 Planning Time: 0.192 ms
 Execution Time: 216.453 ms
(10 rows)

