SET
SET
SET
SET
SET
                                                                           QUERY PLAN                                                                           
----------------------------------------------------------------------------------------------------------------------------------------------------------------
 Index Scan using idx on public.t (actual rows=2048576.00 loops=1)
   Output: a, b
   Index Cond: ((t.a >= '-531204'::integer) AND (t.a <= '-19061'::integer))
   Index Searches: 1
   Prefetch: distance=203.612 count=439173 stalls=899047 skipped=718667 resets=0 ungets=8890 forwarded=5525
             histogram [2,4) => 50380, [4,8) => 29636, [8,16) => 1322, [16,32) => 59, [32,64) => 106, [64,128) => 984, [128,256) => 171009, [256,512) => 185677
   Buffers: shared hit=1267578 read=65201
 Settings: enable_bitmapscan = 'off', enable_seqscan = 'off', max_parallel_workers_per_gather = '0'
 Planning:
   Buffers: shared hit=81 read=27
 Planning Time: 1.969 ms
 Execution Time: 769.168 ms
(12 rows)

SET
SET
SET
SET
SET
                                             QUERY PLAN                                             
----------------------------------------------------------------------------------------------------
 Index Scan using idx on public.t (actual rows=2048576.00 loops=1)
   Output: a, b
   Index Cond: ((t.a >= '-531204'::integer) AND (t.a <= '-19061'::integer))
   Index Searches: 1
   Buffers: shared hit=1332780
 Settings: enable_bitmapscan = 'off', enable_seqscan = 'off', max_parallel_workers_per_gather = '0'
 Planning:
   Buffers: shared hit=113
 Planning Time: 0.216 ms
 Execution Time: 426.459 ms
(10 rows)

