SET
SET
SET
SET
SET
                                                                            QUERY PLAN                                                                             
-------------------------------------------------------------------------------------------------------------------------------------------------------------------
 Index Scan using idx on public.t (actual rows=4048576.00 loops=1)
   Output: a, b
   Index Cond: ((t.a >= '-1013486'::integer) AND (t.a <= '-1343'::integer))
   Index Searches: 1
   Prefetch: distance=170.788 count=587949 stalls=2046877 skipped=1420756 resets=0 ungets=7649 forwarded=7095
             histogram [2,4) => 114789, [4,8) => 67282, [8,16) => 3165, [16,32) => 154, [32,64) => 205, [64,128) => 1272, [128,256) => 200987, [256,512) => 200095
   Buffers: shared hit=2519478 read=114184
 Settings: enable_bitmapscan = 'off', enable_seqscan = 'off', max_parallel_workers_per_gather = '0'
 Planning:
   Buffers: shared hit=81 read=27
 Planning Time: 1.956 ms
 Execution Time: 1436.420 ms
(12 rows)

SET
SET
SET
SET
SET
                                             QUERY PLAN                                             
----------------------------------------------------------------------------------------------------
 Index Scan using idx on public.t (actual rows=4048576.00 loops=1)
   Output: a, b
   Index Cond: ((t.a >= '-1013486'::integer) AND (t.a <= '-1343'::integer))
   Index Searches: 1
   Buffers: shared hit=2633663
 Settings: enable_bitmapscan = 'off', enable_seqscan = 'off', max_parallel_workers_per_gather = '0'
 Planning:
   Buffers: shared hit=113
 Planning Time: 0.215 ms
 Execution Time: 839.993 ms
(10 rows)

