SET
SET
SET
SET
SET
                                                                             QUERY PLAN                                                                             
--------------------------------------------------------------------------------------------------------------------------------------------------------------------
 Index Scan using idx on public.t (actual rows=6048576.00 loops=1)
   Output: a, b
   Index Cond: ((t.a >= '-1515837'::integer) AND (t.a <= '-3694'::integer))
   Index Searches: 1
   Prefetch: distance=143.968 count=690159 stalls=3242776 skipped=2122885 resets=0 ungets=7835 forwarded=8729
             histogram [2,4) => 181723, [4,8) => 106626, [8,16) => 4966, [16,32) => 199, [32,64) => 108, [64,128) => 1195, [128,256) => 196867, [256,512) => 198475
   Buffers: shared hit=3769536 read=165000
 Settings: enable_bitmapscan = 'off', enable_seqscan = 'off', max_parallel_workers_per_gather = '0'
 Planning:
   Buffers: shared hit=81 read=27
 Planning Time: 1.968 ms
 Execution Time: 2092.358 ms
(12 rows)

SET
SET
SET
SET
SET
                                             QUERY PLAN                                             
----------------------------------------------------------------------------------------------------
 Index Scan using idx on public.t (actual rows=6048576.00 loops=1)
   Output: a, b
   Index Cond: ((t.a >= '-1515837'::integer) AND (t.a <= '-3694'::integer))
   Index Searches: 1
   Buffers: shared hit=3934538
 Settings: enable_bitmapscan = 'off', enable_seqscan = 'off', max_parallel_workers_per_gather = '0'
 Planning:
   Buffers: shared hit=113
 Planning Time: 0.228 ms
 Execution Time: 1237.785 ms
(10 rows)

