SET
SET
SET
SET
SET
                                                                           QUERY PLAN                                                                            
-----------------------------------------------------------------------------------------------------------------------------------------------------------------
 Index Scan using idx on public.t (actual rows=5048576.00 loops=1)
   Output: a, b
   Index Cond: ((t.a >= '-1290088'::integer) AND (t.a <= '-27945'::integer))
   Index Searches: 1
   Prefetch: distance=145.552 count=580490 stalls=2704857 skipped=1772165 resets=0 ungets=9383 forwarded=7918
             histogram [2,4) => 151751, [4,8) => 89018, [8,16) => 4187, [16,32) => 199, [32,64) => 99, [64,128) => 935, [128,256) => 156322, [256,512) => 177979
   Buffers: shared hit=3141891 read=141929
 Settings: enable_bitmapscan = 'off', enable_seqscan = 'off', max_parallel_workers_per_gather = '0'
 Planning:
   Buffers: shared hit=81 read=27
 Planning Time: 1.964 ms
 Execution Time: 1737.663 ms
(12 rows)

SET
SET
SET
SET
SET
                                             QUERY PLAN                                             
----------------------------------------------------------------------------------------------------
 Index Scan using idx on public.t (actual rows=5048576.00 loops=1)
   Output: a, b
   Index Cond: ((t.a >= '-1290088'::integer) AND (t.a <= '-27945'::integer))
   Index Searches: 1
   Buffers: shared hit=3283824
 Settings: enable_bitmapscan = 'off', enable_seqscan = 'off', max_parallel_workers_per_gather = '0'
 Planning:
   Buffers: shared hit=113
 Planning Time: 0.234 ms
 Execution Time: 1041.272 ms
(10 rows)

