SET
SET
SET
SET
SET
                                                                           QUERY PLAN                                                                            
-----------------------------------------------------------------------------------------------------------------------------------------------------------------
 Index Scan using idx on public.t (actual rows=3048576.00 loops=1)
   Output: a, b
   Index Cond: ((t.a >= '-794241'::integer) AND (t.a <= '-32098'::integer))
   Index Searches: 1
   Prefetch: distance=176.356 count=462772 stalls=1524895 skipped=1069921 resets=0 ungets=9547 forwarded=6251
             histogram [2,4) => 85428, [4,8) => 50152, [8,16) => 2386, [16,32) => 147, [32,64) => 109, [64,128) => 920, [128,256) => 149321, [256,512) => 174309
   Buffers: shared hit=1891438 read=91604
 Settings: enable_bitmapscan = 'off', enable_seqscan = 'off', max_parallel_workers_per_gather = '0'
 Planning:
   Buffers: shared hit=81 read=27
 Planning Time: 1.973 ms
 Execution Time: 1107.338 ms
(12 rows)

SET
SET
SET
SET
SET
                                             QUERY PLAN                                             
----------------------------------------------------------------------------------------------------
 Index Scan using idx on public.t (actual rows=3048576.00 loops=1)
   Output: a, b
   Index Cond: ((t.a >= '-794241'::integer) AND (t.a <= '-32098'::integer))
   Index Searches: 1
   Buffers: shared hit=1983046
 Settings: enable_bitmapscan = 'off', enable_seqscan = 'off', max_parallel_workers_per_gather = '0'
 Planning:
   Buffers: shared hit=113
 Planning Time: 0.231 ms
 Execution Time: 633.487 ms
(10 rows)

