SET
SET
SET
SET
SET
                                                                            QUERY PLAN                                                                             
-------------------------------------------------------------------------------------------------------------------------------------------------------------------
 Index Scan using idx on public.t (actual rows=9048576.00 loops=1)
   Output: a, b
   Index Cond: ((t.a >= '-2290301'::integer) AND (t.a <= '-28158'::integer))
   Index Searches: 1
   Prefetch: distance=107.046 count=794530 stalls=5087314 skipped=3175923 resets=0 ungets=9454 forwarded=11181
             histogram [2,4) => 284390, [4,8) => 167142, [8,16) => 7681, [16,32) => 282, [32,64) => 150, [64,128) => 937, [128,256) => 156040, [256,512) => 177908
   Buffers: shared hit=5643274 read=242820
 Settings: enable_bitmapscan = 'off', enable_seqscan = 'off', max_parallel_workers_per_gather = '0'
 Planning:
   Buffers: shared hit=81 read=27
 Planning Time: 1.979 ms
 Execution Time: 3032.539 ms
(12 rows)

SET
SET
SET
SET
SET
                                             QUERY PLAN                                             
----------------------------------------------------------------------------------------------------
 Index Scan using idx on public.t (actual rows=9048576.00 loops=1)
   Output: a, b
   Index Cond: ((t.a >= '-2290301'::integer) AND (t.a <= '-28158'::integer))
   Index Searches: 1
   Buffers: shared hit=5886099
 Settings: enable_bitmapscan = 'off', enable_seqscan = 'off', max_parallel_workers_per_gather = '0'
 Planning:
   Buffers: shared hit=113
 Planning Time: 0.228 ms
 Execution Time: 1854.785 ms
(10 rows)

