SET
SET
SET
SET
SET
                                                                QUERY PLAN                                                                 
-------------------------------------------------------------------------------------------------------------------------------------------
 Index Scan using idx on public.t (actual rows=2048.00 loops=1)
   Output: a, b
   Index Cond: ((t.a >= '-4626'::integer) AND (t.a <= '-4115'::integer))
   Index Searches: 1
   Prefetch: distance=264.834 count=1658 stalls=1 skipped=652 resets=0 ungets=506 forwarded=21
             histogram [2,4) => 2, [4,8) => 3, [8,16) => 10, [16,32) => 21, [32,64) => 8, [64,128) => 4, [128,256) => 2, [256,512) => 1608
   Buffers: shared hit=120 read=1198
 Settings: enable_bitmapscan = 'off', enable_seqscan = 'off', max_parallel_workers_per_gather = '0'
 Planning:
   Buffers: shared hit=85 read=27
 Planning Time: 1.966 ms
 Execution Time: 15.530 ms
(12 rows)

SET
SET
SET
SET
SET
                                             QUERY PLAN                                             
----------------------------------------------------------------------------------------------------
 Index Scan using idx on public.t (actual rows=2048.00 loops=1)
   Output: a, b
   Index Cond: ((t.a >= '-4626'::integer) AND (t.a <= '-4115'::integer))
   Index Searches: 1
   Buffers: shared hit=1318
 Settings: enable_bitmapscan = 'off', enable_seqscan = 'off', max_parallel_workers_per_gather = '0'
 Planning:
   Buffers: shared hit=117
 Planning Time: 0.190 ms
 Execution Time: 1.024 ms
(10 rows)

