SET
SET
SET
SET
SET
                                                                 QUERY PLAN                                                                 
--------------------------------------------------------------------------------------------------------------------------------------------
 Index Scan using idx on public.t (actual rows=16384.00 loops=1)
   Output: a, b
   Index Cond: ((t.a >= '-20254'::integer) AND (t.a <= '-16159'::integer))
   Index Searches: 1
   Prefetch: distance=270.490 count=14317 stalls=1 skipped=5671 resets=0 ungets=3768 forwarded=544
             histogram [2,4) => 2, [4,8) => 3, [8,16) => 7, [16,32) => 11, [32,64) => 19, [64,128) => 3, [128,256) => 4, [256,512) => 14268
   Buffers: shared hit=3781 read=6902
 Settings: enable_bitmapscan = 'off', enable_seqscan = 'off', max_parallel_workers_per_gather = '0'
 Planning:
   Buffers: shared hit=85 read=27
 Planning Time: 2.042 ms
 Execution Time: 39.801 ms
(12 rows)

SET
SET
SET
SET
SET
                                             QUERY PLAN                                             
----------------------------------------------------------------------------------------------------
 Index Scan using idx on public.t (actual rows=16384.00 loops=1)
   Output: a, b
   Index Cond: ((t.a >= '-20254'::integer) AND (t.a <= '-16159'::integer))
   Index Searches: 1
   Buffers: shared hit=10683
 Settings: enable_bitmapscan = 'off', enable_seqscan = 'off', max_parallel_workers_per_gather = '0'
 Planning:
   Buffers: shared hit=117
 Planning Time: 0.182 ms
 Execution Time: 4.337 ms
(10 rows)

