SET
SET
SET
SET
SET
                                                                QUERY PLAN                                                                 
-------------------------------------------------------------------------------------------------------------------------------------------
 Index Scan using idx on public.t (actual rows=4096.00 loops=1)
   Output: a, b
   Index Cond: ((t.a >= '-16494'::integer) AND (t.a <= '-15471'::integer))
   Index Searches: 1
   Prefetch: distance=268.299 count=3567 stalls=1 skipped=1333 resets=0 ungets=1048 forwarded=70
             histogram [2,4) => 2, [4,8) => 4, [8,16) => 5, [16,32) => 12, [32,64) => 20, [64,128) => 6, [128,256) => 3, [256,512) => 3515
   Buffers: shared hit=344 read=2347
 Settings: enable_bitmapscan = 'off', enable_seqscan = 'off', max_parallel_workers_per_gather = '0'
 Planning:
   Buffers: shared hit=85 read=27
 Planning Time: 2.137 ms
 Execution Time: 21.266 ms
(12 rows)

SET
SET
SET
SET
SET
                                             QUERY PLAN                                             
----------------------------------------------------------------------------------------------------
 Index Scan using idx on public.t (actual rows=4096.00 loops=1)
   Output: a, b
   Index Cond: ((t.a >= '-16494'::integer) AND (t.a <= '-15471'::integer))
   Index Searches: 1
   Buffers: shared hit=2693
 Settings: enable_bitmapscan = 'off', enable_seqscan = 'off', max_parallel_workers_per_gather = '0'
 Planning:
   Buffers: shared hit=117
 Planning Time: 0.184 ms
 Execution Time: 1.606 ms
(10 rows)

