SET
SET
SET
SET
SET
                                                                QUERY PLAN                                                                
------------------------------------------------------------------------------------------------------------------------------------------
 Index Scan using idx on public.t (actual rows=1024.00 loops=1)
   Output: a, b
   Index Cond: ((t.a >= '-20782'::integer) AND (t.a <= '-20527'::integer))
   Index Searches: 1
   Prefetch: distance=260.796 count=884 stalls=1 skipped=346 resets=0 ungets=266 forwarded=4
             histogram [2,4) => 2, [4,8) => 3, [8,16) => 7, [16,32) => 11, [32,64) => 13, [64,128) => 2, [128,256) => 2, [256,512) => 844
   Buffers: shared hit=21 read=643
 Settings: enable_bitmapscan = 'off', enable_seqscan = 'off', max_parallel_workers_per_gather = '0'
 Planning:
   Buffers: shared hit=85 read=27
 Planning Time: 1.964 ms
 Execution Time: 5.998 ms
(12 rows)

SET
SET
SET
SET
SET
                                             QUERY PLAN                                             
----------------------------------------------------------------------------------------------------
 Index Scan using idx on public.t (actual rows=1024.00 loops=1)
   Output: a, b
   Index Cond: ((t.a >= '-20782'::integer) AND (t.a <= '-20527'::integer))
   Index Searches: 1
   Buffers: shared hit=664
 Settings: enable_bitmapscan = 'off', enable_seqscan = 'off', max_parallel_workers_per_gather = '0'
 Planning:
   Buffers: shared hit=117
 Planning Time: 0.193 ms
 Execution Time: 0.612 ms
(10 rows)

