SET
SET
SET
SET
SET
                                                                            QUERY PLAN                                                                            
------------------------------------------------------------------------------------------------------------------------------------------------------------------
 Index Scan using idx on public.t (actual rows=5048576.00 loops=1)
   Output: a, b
   Index Cond: ((t.a >= '-1285236'::integer) AND (t.a <= '-23093'::integer))
   Index Searches: 1
   Prefetch: distance=147.848 count=591650 stalls=2693389 skipped=1772173 resets=0 ungets=9119 forwarded=7939
             histogram [2,4) => 151066, [4,8) => 88607, [8,16) => 4161, [16,32) => 192, [32,64) => 106, [64,128) => 966, [128,256) => 164159, [256,512) => 182393
   Buffers: shared hit=3142313 read=141481
 Settings: enable_bitmapscan = 'off', enable_seqscan = 'off', max_parallel_workers_per_gather = '0'
 Planning:
   Buffers: shared hit=81 read=27
 Planning Time: 1.956 ms
 Execution Time: 1764.370 ms
(12 rows)

SET
SET
SET
SET
SET
                                             QUERY PLAN                                             
----------------------------------------------------------------------------------------------------
 Index Scan using idx on public.t (actual rows=5048576.00 loops=1)
   Output: a, b
   Index Cond: ((t.a >= '-1285236'::integer) AND (t.a <= '-23093'::integer))
   Index Searches: 1
   Buffers: shared hit=3283795
 Settings: enable_bitmapscan = 'off', enable_seqscan = 'off', max_parallel_workers_per_gather = '0'
 Planning:
   Buffers: shared hit=113
 Planning Time: 0.235 ms
 Execution Time: 1038.759 ms
(10 rows)

