SET
SET
SET
SET
SET
                                                                    QUERY PLAN                                                                     
---------------------------------------------------------------------------------------------------------------------------------------------------
 Index Scan using idx on public.t (actual rows=262144.00 loops=1)
   Output: a, b
   Index Cond: ((t.a >= '-95200'::integer) AND (t.a <= '-29665'::integer))
   Index Searches: 1
   Prefetch: distance=255.307 count=179679 stalls=1 skipped=91676 resets=0 ungets=9459 forwarded=3255
             histogram [2,4) => 2, [4,8) => 4, [8,16) => 5, [16,32) => 23, [32,64) => 10, [64,128) => 136, [128,256) => 64494, [256,512) => 115005
   Buffers: shared hit=149928 read=20856
 Settings: enable_bitmapscan = 'off', enable_seqscan = 'off', max_parallel_workers_per_gather = '0'
 Planning:
   Buffers: shared hit=81 read=27
 Planning Time: 1.995 ms
 Execution Time: 147.699 ms
(12 rows)

SET
SET
SET
SET
SET
                                             QUERY PLAN                                             
----------------------------------------------------------------------------------------------------
 Index Scan using idx on public.t (actual rows=262144.00 loops=1)
   Output: a, b
   Index Cond: ((t.a >= '-95200'::integer) AND (t.a <= '-29665'::integer))
   Index Searches: 1
   Buffers: shared hit=170784
 Settings: enable_bitmapscan = 'off', enable_seqscan = 'off', max_parallel_workers_per_gather = '0'
 Planning:
   Buffers: shared hit=113
 Planning Time: 0.219 ms
 Execution Time: 55.594 ms
(10 rows)

