SET
SET
SET
SET
SET
                                                                  QUERY PLAN                                                                   
-----------------------------------------------------------------------------------------------------------------------------------------------
 Index Scan using idx on public.t (actual rows=65536.00 loops=1)
   Output: a, b
   Index Cond: ((t.a >= '-48947'::integer) AND (t.a <= '-32564'::integer))
   Index Searches: 1
   Prefetch: distance=268.301 count=51744 stalls=1 skipped=22878 resets=0 ungets=9094 forwarded=2031
             histogram [2,4) => 2, [4,8) => 3, [8,16) => 7, [16,32) => 11, [32,64) => 19, [64,128) => 7, [128,256) => 2172, [256,512) => 49523
   Buffers: shared hit=27942 read=14817
 Settings: enable_bitmapscan = 'off', enable_seqscan = 'off', max_parallel_workers_per_gather = '0'
 Planning:
   Buffers: shared hit=85 read=27
 Planning Time: 1.962 ms
 Execution Time: 71.855 ms
(12 rows)

SET
SET
SET
SET
SET
                                             QUERY PLAN                                             
----------------------------------------------------------------------------------------------------
 Index Scan using idx on public.t (actual rows=65536.00 loops=1)
   Output: a, b
   Index Cond: ((t.a >= '-48947'::integer) AND (t.a <= '-32564'::integer))
   Index Searches: 1
   Buffers: shared hit=42761
 Settings: enable_bitmapscan = 'off', enable_seqscan = 'off', max_parallel_workers_per_gather = '0'
 Planning:
   Buffers: shared hit=117
 Planning Time: 0.184 ms
 Execution Time: 15.330 ms
(10 rows)

