SET
SET
SET
SET
SET
                                                                  QUERY PLAN                                                                   
-----------------------------------------------------------------------------------------------------------------------------------------------
 Index Scan using idx on public.t (actual rows=32768.00 loops=1)
   Output: a, b
   Index Cond: ((t.a >= '-12727'::integer) AND (t.a <= '-4536'::integer))
   Index Searches: 1
   Prefetch: distance=269.621 count=26408 stalls=1 skipped=11305 resets=0 ungets=5509 forwarded=1081
             histogram [2,4) => 2, [4,8) => 3, [8,16) => 14, [16,32) => 16, [32,64) => 13, [64,128) => 3, [128,256) => 247, [256,512) => 26110
   Buffers: shared hit=11576 read=9747
 Settings: enable_bitmapscan = 'off', enable_seqscan = 'off', max_parallel_workers_per_gather = '0'
 Planning:
   Buffers: shared hit=85 read=27
 Planning Time: 1.967 ms
 Execution Time: 66.801 ms
(12 rows)

SET
SET
SET
SET
SET
                                             QUERY PLAN                                             
----------------------------------------------------------------------------------------------------
 Index Scan using idx on public.t (actual rows=32768.00 loops=1)
   Output: a, b
   Index Cond: ((t.a >= '-12727'::integer) AND (t.a <= '-4536'::integer))
   Index Searches: 1
   Buffers: shared hit=21323
 Settings: enable_bitmapscan = 'off', enable_seqscan = 'off', max_parallel_workers_per_gather = '0'
 Planning:
   Buffers: shared hit=117
 Planning Time: 0.189 ms
 Execution Time: 7.415 ms
(10 rows)

