SET
SET
SET
SET
SET
                                                                            QUERY PLAN                                                                             
-------------------------------------------------------------------------------------------------------------------------------------------------------------------
 Index Scan using idx on public.t (actual rows=4048576.00 loops=1)
   Output: a, b
   Index Cond: ((t.a >= '-1016701'::integer) AND (t.a <= '-4558'::integer))
   Index Searches: 1
   Prefetch: distance=169.723 count=580592 stalls=2054569 skipped=1420828 resets=0 ungets=7888 forwarded=7083
             histogram [2,4) => 115190, [4,8) => 67502, [8,16) => 3190, [16,32) => 161, [32,64) => 104, [64,128) => 1174, [128,256) => 195487, [256,512) => 197784
   Buffers: shared hit=2519183 read=114463
 Settings: enable_bitmapscan = 'off', enable_seqscan = 'off', max_parallel_workers_per_gather = '0'
 Planning:
   Buffers: shared hit=81 read=27
 Planning Time: 1.972 ms
 Execution Time: 1423.106 ms
(12 rows)

SET
SET
SET
SET
SET
                                             QUERY PLAN                                             
----------------------------------------------------------------------------------------------------
 Index Scan using idx on public.t (actual rows=4048576.00 loops=1)
   Output: a, b
   Index Cond: ((t.a >= '-1016701'::integer) AND (t.a <= '-4558'::integer))
   Index Searches: 1
   Buffers: shared hit=2633650
 Settings: enable_bitmapscan = 'off', enable_seqscan = 'off', max_parallel_workers_per_gather = '0'
 Planning:
   Buffers: shared hit=113
 Planning Time: 0.235 ms
 Execution Time: 839.907 ms
(10 rows)

