SET
SET
SET
SET
SET
                                                                          QUERY PLAN                                                                           
---------------------------------------------------------------------------------------------------------------------------------------------------------------
 Index Scan using idx on public.t (actual rows=1048576.00 loops=1)
   Output: a, b
   Index Cond: ((t.a >= '-262331'::integer) AND (t.a <= '-188'::integer))
   Index Searches: 1
   Prefetch: distance=234.563 count=429192 stalls=258878 skipped=367541 resets=0 ungets=7622 forwarded=4644
             histogram [2,4) => 14591, [4,8) => 8575, [8,16) => 431, [16,32) => 50, [32,64) => 185, [64,128) => 1294, [128,256) => 202628, [256,512) => 201438
   Buffers: shared hit=644176 read=38202
 Settings: enable_bitmapscan = 'off', enable_seqscan = 'off', max_parallel_workers_per_gather = '0'
 Planning:
   Buffers: shared hit=81 read=27
 Planning Time: 1.968 ms
 Execution Time: 423.749 ms
(12 rows)

SET
SET
SET
SET
SET
                                             QUERY PLAN                                             
----------------------------------------------------------------------------------------------------
 Index Scan using idx on public.t (actual rows=1048576.00 loops=1)
   Output: a, b
   Index Cond: ((t.a >= '-262331'::integer) AND (t.a <= '-188'::integer))
   Index Searches: 1
   Buffers: shared hit=682380
 Settings: enable_bitmapscan = 'off', enable_seqscan = 'off', max_parallel_workers_per_gather = '0'
 Planning:
   Buffers: shared hit=113
 Planning Time: 0.190 ms
 Execution Time: 211.364 ms
(10 rows)

