SET
SET
SET
SET
SET
                                                                           QUERY PLAN                                                                            
-----------------------------------------------------------------------------------------------------------------------------------------------------------------
 Index Scan using idx on public.t (actual rows=3048576.00 loops=1)
   Output: a, b
   Index Cond: ((t.a >= '-783825'::integer) AND (t.a <= '-21682'::integer))
   Index Searches: 1
   Prefetch: distance=180.721 count=487498 stalls=1499962 skipped=1070106 resets=0 ungets=9105 forwarded=6265
             histogram [2,4) => 84093, [4,8) => 49376, [8,16) => 2361, [16,32) => 145, [32,64) => 111, [64,128) => 974, [128,256) => 166584, [256,512) => 183854
   Buffers: shared hit=1892245 read=90751
 Settings: enable_bitmapscan = 'off', enable_seqscan = 'off', max_parallel_workers_per_gather = '0'
 Planning:
   Buffers: shared hit=81 read=27
 Planning Time: 1.987 ms
 Execution Time: 1093.569 ms
(12 rows)

SET
SET
SET
SET
SET
                                             QUERY PLAN                                             
----------------------------------------------------------------------------------------------------
 Index Scan using idx on public.t (actual rows=3048576.00 loops=1)
   Output: a, b
   Index Cond: ((t.a >= '-783825'::integer) AND (t.a <= '-21682'::integer))
   Index Searches: 1
   Buffers: shared hit=1982998
 Settings: enable_bitmapscan = 'off', enable_seqscan = 'off', max_parallel_workers_per_gather = '0'
 Planning:
   Buffers: shared hit=113
 Planning Time: 0.229 ms
 Execution Time: 631.893 ms
(10 rows)

