SET
SET
SET
SET
SET
                                                                     QUERY PLAN                                                                      
-----------------------------------------------------------------------------------------------------------------------------------------------------
 Index Scan using idx on public.t (actual rows=524288.00 loops=1)
   Output: a, b
   Index Cond: ((t.a >= '-135158'::integer) AND (t.a <= '-4087'::integer))
   Index Searches: 1
   Prefetch: distance=248.950 count=348224 stalls=1 skipped=183631 resets=0 ungets=7923 forwarded=4012
             histogram [2,4) => 2, [4,8) => 3, [8,16) => 10, [16,32) => 21, [32,64) => 11, [64,128) => 943, [128,256) => 168609, [256,512) => 178625
   Buffers: shared hit=316121 read=25200
 Settings: enable_bitmapscan = 'off', enable_seqscan = 'off', max_parallel_workers_per_gather = '0'
 Planning:
   Buffers: shared hit=81 read=27
 Planning Time: 1.965 ms
 Execution Time: 230.636 ms
(12 rows)

SET
SET
SET
SET
SET
                                             QUERY PLAN                                             
----------------------------------------------------------------------------------------------------
 Index Scan using idx on public.t (actual rows=524288.00 loops=1)
   Output: a, b
   Index Cond: ((t.a >= '-135158'::integer) AND (t.a <= '-4087'::integer))
   Index Searches: 1
   Buffers: shared hit=341323
 Settings: enable_bitmapscan = 'off', enable_seqscan = 'off', max_parallel_workers_per_gather = '0'
 Planning:
   Buffers: shared hit=113
 Planning Time: 0.187 ms
 Execution Time: 103.072 ms
(10 rows)

