SET
SET
SET
SET
SET
                                                                            QUERY PLAN                                                                             
-------------------------------------------------------------------------------------------------------------------------------------------------------------------
 Index Scan using idx on public.t (actual rows=9048576.00 loops=1)
   Output: a, b
   Index Cond: ((t.a >= '-2289738'::integer) AND (t.a <= '-27595'::integer))
   Index Searches: 1
   Prefetch: distance=107.252 count=795602 stalls=5085967 skipped=3175835 resets=0 ungets=9339 forwarded=11196
             histogram [2,4) => 284314, [4,8) => 167103, [8,16) => 7683, [16,32) => 279, [32,64) => 150, [64,128) => 935, [128,256) => 156949, [256,512) => 178189
   Buffers: shared hit=5643354 read=242770
 Settings: enable_bitmapscan = 'off', enable_seqscan = 'off', max_parallel_workers_per_gather = '0'
 Planning:
   Buffers: shared hit=81 read=27
 Planning Time: 1.961 ms
 Execution Time: 3070.430 ms
(12 rows)

SET
SET
SET
SET
SET
                                             QUERY PLAN                                             
----------------------------------------------------------------------------------------------------
 Index Scan using idx on public.t (actual rows=9048576.00 loops=1)
   Output: a, b
   Index Cond: ((t.a >= '-2289738'::integer) AND (t.a <= '-27595'::integer))
   Index Searches: 1
   Buffers: shared hit=5886126
 Settings: enable_bitmapscan = 'off', enable_seqscan = 'off', max_parallel_workers_per_gather = '0'
 Planning:
   Buffers: shared hit=113
 Planning Time: 0.228 ms
 Execution Time: 1864.514 ms
(10 rows)

