SET
SET
SET
SET
SET
                                                              QUERY PLAN                                                               
---------------------------------------------------------------------------------------------------------------------------------------
 Index Scan using idx on public.t (actual rows=524288.00 loops=1)
   Output: a, b
   Index Cond: ((t.a >= '-159766'::integer) AND (t.a <= '-28695'::integer))
   Index Searches: 1
   Buffers: shared hit=313909 read=27421
 Settings: enable_bitmapscan = 'off', enable_seqscan = 'off', max_parallel_workers_per_gather = '0', enable_indexscan_prefetch = 'off'
 Planning:
   Buffers: shared hit=81 read=27
 Planning Time: 1.979 ms
 Execution Time: 328.493 ms
(10 rows)

SET
SET
SET
SET
SET
                                                              QUERY PLAN                                                               
---------------------------------------------------------------------------------------------------------------------------------------
 Index Scan using idx on public.t (actual rows=524288.00 loops=1)
   Output: a, b
   Index Cond: ((t.a >= '-159766'::integer) AND (t.a <= '-28695'::integer))
   Index Searches: 1
   Buffers: shared hit=341330
 Settings: enable_bitmapscan = 'off', enable_seqscan = 'off', max_parallel_workers_per_gather = '0', enable_indexscan_prefetch = 'off'
 Planning:
   Buffers: shared hit=113
 Planning Time: 0.209 ms
 Execution Time: 110.253 ms
(10 rows)

