SET
SET
SET
SET
SET
                                                               QUERY PLAN                                                                
-----------------------------------------------------------------------------------------------------------------------------------------
 Index Scan using idx on public.t (actual rows=1024.00 loops=1)
   Output: a, b
   Index Cond: ((t.a >= 7522) AND (t.a <= 7777))
   Index Searches: 1
   Prefetch: distance=230.259 count=189 stalls=1 skipped=262 resets=0 ungets=71 forwarded=0
             histogram [2,4) => 2, [4,8) => 6, [8,16) => 8, [16,32) => 10, [32,64) => 3, [64,128) => 2, [128,256) => 2, [256,512) => 156
   Buffers: shared hit=10 read=308
 Settings: enable_bitmapscan = 'off', enable_seqscan = 'off', max_parallel_workers_per_gather = '0'
 Planning:
   Buffers: shared hit=82 read=27
 Planning Time: 1.317 ms
 Execution Time: 15.248 ms
(12 rows)

SET
SET
SET
SET
SET
                                             QUERY PLAN                                             
----------------------------------------------------------------------------------------------------
 Index Scan using idx on public.t (actual rows=1024.00 loops=1)
   Output: a, b
   Index Cond: ((t.a >= 7522) AND (t.a <= 7777))
   Index Searches: 1
   Buffers: shared hit=318
 Settings: enable_bitmapscan = 'off', enable_seqscan = 'off', max_parallel_workers_per_gather = '0'
 Planning:
   Buffers: shared hit=114
 Planning Time: 0.130 ms
 Execution Time: 0.190 ms
(10 rows)

