SET
SET
SET
SET
SET
                                                                 QUERY PLAN                                                                  
---------------------------------------------------------------------------------------------------------------------------------------------
 Index Scan using idx on public.t (actual rows=131072.00 loops=1)
   Output: a, b
   Index Cond: ((t.a >= 1937) AND (t.a <= 34704))
   Index Searches: 1
   Prefetch: distance=264.569 count=46103 stalls=1 skipped=90472 resets=0 ungets=5775 forwarded=593
             histogram [2,4) => 2, [4,8) => 3, [8,16) => 6, [16,32) => 9, [32,64) => 3, [64,128) => 2, [128,256) => 6678, [256,512) => 39400
   Buffers: shared hit=33095 read=7513
 Settings: enable_bitmapscan = 'off', enable_seqscan = 'off', max_parallel_workers_per_gather = '0'
 Planning:
   Buffers: shared hit=78 read=27
 Planning Time: 1.998 ms
 Execution Time: 56.250 ms
(12 rows)

SET
SET
SET
SET
SET
                                             QUERY PLAN                                             
----------------------------------------------------------------------------------------------------
 Index Scan using idx on public.t (actual rows=131072.00 loops=1)
   Output: a, b
   Index Cond: ((t.a >= 1937) AND (t.a <= 34704))
   Index Searches: 1
   Buffers: shared hit=40608
 Settings: enable_bitmapscan = 'off', enable_seqscan = 'off', max_parallel_workers_per_gather = '0'
 Planning:
   Buffers: shared hit=110
 Planning Time: 0.190 ms
 Execution Time: 18.820 ms
(10 rows)

