SET
SET
SET
SET
SET
                                                                    QUERY PLAN                                                                    
--------------------------------------------------------------------------------------------------------------------------------------------------
 Index Scan using idx on public.t (actual rows=5048576.00 loops=1)
   Output: a, b
   Index Cond: ((t.a >= 7288) AND (t.a <= 1269431))
   Index Searches: 1
   Prefetch: distance=254.257 count=1565619 stalls=1 skipped=3489942 resets=0 ungets=7229 forwarded=5521
             histogram [2,4) => 2, [4,8) => 5, [8,16) => 12, [16,32) => 13, [32,64) => 2, [64,128) => 9, [128,256) => 671397, [256,512) => 894179
   Buffers: shared hit=1493045 read=72986
 Settings: enable_bitmapscan = 'off', enable_seqscan = 'off', max_parallel_workers_per_gather = '0'
 Planning:
   Buffers: shared hit=78 read=27
 Planning Time: 2.002 ms
 Execution Time: 1101.949 ms
(12 rows)

SET
SET
SET
SET
SET
                                             QUERY PLAN                                             
----------------------------------------------------------------------------------------------------
 Index Scan using idx on public.t (actual rows=5048576.00 loops=1)
   Output: a, b
   Index Cond: ((t.a >= 7288) AND (t.a <= 1269431))
   Index Searches: 1
   Buffers: shared hit=1566031
 Settings: enable_bitmapscan = 'off', enable_seqscan = 'off', max_parallel_workers_per_gather = '0'
 Planning:
   Buffers: shared hit=110
 Planning Time: 0.182 ms
 Execution Time: 817.400 ms
(10 rows)

