SET
SET
SET
SET
SET
                                                                    QUERY PLAN                                                                     
---------------------------------------------------------------------------------------------------------------------------------------------------
 Index Scan using idx on public.t (actual rows=8048576.00 loops=1)
   Output: a, b
   Index Cond: ((t.a >= 30820) AND (t.a <= 2042963))
   Index Searches: 1
   Prefetch: distance=254.149 count=2493970 stalls=1 skipped=5563053 resets=0 ungets=8751 forwarded=8570
             histogram [2,4) => 2, [4,8) => 3, [8,16) => 5, [16,32) => 9, [32,64) => 3, [64,128) => 45, [128,256) => 1076414, [256,512) => 1417489
   Buffers: shared hit=2383536 read=113829
 Settings: enable_bitmapscan = 'off', enable_seqscan = 'off', max_parallel_workers_per_gather = '0'
 Planning:
   Buffers: shared hit=78 read=23
 Planning Time: 1.823 ms
 Execution Time: 1731.712 ms
(12 rows)

SET
SET
SET
SET
SET
                                             QUERY PLAN                                             
----------------------------------------------------------------------------------------------------
 Index Scan using idx on public.t (actual rows=8048576.00 loops=1)
   Output: a, b
   Index Cond: ((t.a >= 30820) AND (t.a <= 2042963))
   Index Searches: 1
   Buffers: shared hit=2497365
 Settings: enable_bitmapscan = 'off', enable_seqscan = 'off', max_parallel_workers_per_gather = '0'
 Planning:
   Buffers: shared hit=106
 Planning Time: 0.182 ms
 Execution Time: 1270.610 ms
(10 rows)

