SET
SET
SET
SET
SET
                                                                    QUERY PLAN                                                                    
--------------------------------------------------------------------------------------------------------------------------------------------------
 Index Scan using idx on public.t (actual rows=7048576.00 loops=1)
   Output: a, b
   Index Cond: ((t.a >= 15348) AND (t.a <= 1777491))
   Index Searches: 1
   Prefetch: distance=254.160 count=2184367 stalls=1 skipped=4872136 resets=0 ungets=7995 forwarded=7508
             histogram [2,4) => 2, [4,8) => 4, [8,16) => 6, [16,32) => 9, [32,64) => 8, [64,128) => 24, [128,256) => 942331, [256,512) => 1241983
   Buffers: shared hit=2087040 read=99911
 Settings: enable_bitmapscan = 'off', enable_seqscan = 'off', max_parallel_workers_per_gather = '0'
 Planning:
   Buffers: shared hit=78 read=27
 Planning Time: 2.121 ms
 Execution Time: 1517.633 ms
(12 rows)

SET
SET
SET
SET
SET
                                             QUERY PLAN                                             
----------------------------------------------------------------------------------------------------
 Index Scan using idx on public.t (actual rows=7048576.00 loops=1)
   Output: a, b
   Index Cond: ((t.a >= 15348) AND (t.a <= 1777491))
   Index Searches: 1
   Buffers: shared hit=2186952
 Settings: enable_bitmapscan = 'off', enable_seqscan = 'off', max_parallel_workers_per_gather = '0'
 Planning:
   Buffers: shared hit=110
 Planning Time: 0.214 ms
 Execution Time: 1132.211 ms
(10 rows)

