SET
SET
SET
SET
SET
                                                                     QUERY PLAN                                                                     
----------------------------------------------------------------------------------------------------------------------------------------------------
 Index Scan using idx on public.t (actual rows=9048576.00 loops=1)
   Output: a, b
   Index Cond: ((t.a >= 26600) AND (t.a <= 2288743))
   Index Searches: 1
   Prefetch: distance=254.101 count=2802272 stalls=1 skipped=6254528 resets=0 ungets=8708 forwarded=9550
             histogram [2,4) => 2, [4,8) => 3, [8,16) => 5, [16,32) => 11, [32,64) => 6, [64,128) => 46, [128,256) => 1212782, [256,512) => 1589417
   Buffers: shared hit=2680438 read=126817
 Settings: enable_bitmapscan = 'off', enable_seqscan = 'off', max_parallel_workers_per_gather = '0'
 Planning:
   Buffers: shared hit=78 read=23
 Planning Time: 1.927 ms
 Execution Time: 1992.807 ms
(12 rows)

SET
SET
SET
SET
SET
                                             QUERY PLAN                                             
----------------------------------------------------------------------------------------------------
 Index Scan using idx on public.t (actual rows=9048576.00 loops=1)
   Output: a, b
   Index Cond: ((t.a >= 26600) AND (t.a <= 2288743))
   Index Searches: 1
   Buffers: shared hit=2807255
 Settings: enable_bitmapscan = 'off', enable_seqscan = 'off', max_parallel_workers_per_gather = '0'
 Planning:
   Buffers: shared hit=106
 Planning Time: 0.216 ms
 Execution Time: 1447.239 ms
(10 rows)

