SET
SET
SET
SET
SET
                                                                   QUERY PLAN                                                                   
------------------------------------------------------------------------------------------------------------------------------------------------
 Index Scan using idx on public.t (actual rows=2048576.00 loops=1)
   Output: a, b
   Index Cond: ((t.a >= 7499) AND (t.a <= 519642))
   Index Searches: 1
   Prefetch: distance=254.737 count=638940 stalls=1 skipped=1416245 resets=0 ungets=6677 forwarded=2537
             histogram [2,4) => 2, [4,8) => 3, [8,16) => 5, [16,32) => 9, [32,64) => 4, [64,128) => 4, [128,256) => 265400, [256,512) => 373513
   Buffers: shared hit=602149 read=33209
 Settings: enable_bitmapscan = 'off', enable_seqscan = 'off', max_parallel_workers_per_gather = '0'
 Planning:
   Buffers: shared hit=78 read=27
 Planning Time: 1.985 ms
 Execution Time: 462.654 ms
(12 rows)

SET
SET
SET
SET
SET
                                             QUERY PLAN                                             
----------------------------------------------------------------------------------------------------
 Index Scan using idx on public.t (actual rows=2048576.00 loops=1)
   Output: a, b
   Index Cond: ((t.a >= 7499) AND (t.a <= 519642))
   Index Searches: 1
   Buffers: shared hit=635358
 Settings: enable_bitmapscan = 'off', enable_seqscan = 'off', max_parallel_workers_per_gather = '0'
 Planning:
   Buffers: shared hit=110
 Planning Time: 0.203 ms
 Execution Time: 330.732 ms
(10 rows)

