SET
SET
SET
SET
SET
                                                                  QUERY PLAN                                                                   
-----------------------------------------------------------------------------------------------------------------------------------------------
 Index Scan using idx on public.t (actual rows=262144.00 loops=1)
   Output: a, b
   Index Cond: ((t.a >= 31732) AND (t.a <= 97267))
   Index Searches: 1
   Prefetch: distance=261.020 count=87717 stalls=1 skipped=180784 resets=0 ungets=7021 forwarded=853
             histogram [2,4) => 2, [4,8) => 7, [8,16) => 7, [16,32) => 11, [32,64) => 4, [64,128) => 3, [128,256) => 21667, [256,512) => 66016
   Buffers: shared hit=70688 read=10605
 Settings: enable_bitmapscan = 'off', enable_seqscan = 'off', max_parallel_workers_per_gather = '0'
 Planning:
   Buffers: shared hit=78 read=23
 Planning Time: 1.844 ms
 Execution Time: 99.098 ms
(12 rows)

SET
SET
SET
SET
SET
                                             QUERY PLAN                                             
----------------------------------------------------------------------------------------------------
 Index Scan using idx on public.t (actual rows=262144.00 loops=1)
   Output: a, b
   Index Cond: ((t.a >= 31732) AND (t.a <= 97267))
   Index Searches: 1
   Buffers: shared hit=81293
 Settings: enable_bitmapscan = 'off', enable_seqscan = 'off', max_parallel_workers_per_gather = '0'
 Planning:
   Buffers: shared hit=106
 Planning Time: 0.201 ms
 Execution Time: 42.470 ms
(10 rows)

