SET
SET
SET
SET
SET
                                                               QUERY PLAN                                                                
-----------------------------------------------------------------------------------------------------------------------------------------
 Index Scan using idx on public.t (actual rows=16384.00 loops=1)
   Output: a, b
   Index Cond: ((t.a >= 2848) AND (t.a <= 6943))
   Index Searches: 1
   Prefetch: distance=270.410 count=7439 stalls=1 skipped=10849 resets=0 ungets=2540 forwarded=152
             histogram [2,4) => 2, [4,8) => 4, [8,16) => 6, [16,32) => 9, [32,64) => 7, [64,128) => 2, [128,256) => 2, [256,512) => 7407
   Buffers: shared hit=1891 read=3238
 Settings: enable_bitmapscan = 'off', enable_seqscan = 'off', max_parallel_workers_per_gather = '0'
 Planning:
   Buffers: shared hit=82 read=27
 Planning Time: 2.004 ms
 Execution Time: 33.699 ms
(12 rows)

SET
SET
SET
SET
SET
                                             QUERY PLAN                                             
----------------------------------------------------------------------------------------------------
 Index Scan using idx on public.t (actual rows=16384.00 loops=1)
   Output: a, b
   Index Cond: ((t.a >= 2848) AND (t.a <= 6943))
   Index Searches: 1
   Buffers: shared hit=5129
 Settings: enable_bitmapscan = 'off', enable_seqscan = 'off', max_parallel_workers_per_gather = '0'
 Planning:
   Buffers: shared hit=114
 Planning Time: 0.201 ms
 Execution Time: 3.949 ms
(10 rows)

