SET
SET
SET
SET
SET
                                                                 QUERY PLAN                                                                 
--------------------------------------------------------------------------------------------------------------------------------------------
 Index Scan using idx on public.t (actual rows=32768.00 loops=1)
   Output: a, b
   Index Cond: ((t.a >= 13598) AND (t.a <= 21789))
   Index Searches: 1
   Prefetch: distance=270.389 count=14234 stalls=1 skipped=22351 resets=0 ungets=4205 forwarded=302
             histogram [2,4) => 2, [4,8) => 3, [8,16) => 9, [16,32) => 12, [32,64) => 3, [64,128) => 2, [128,256) => 30, [256,512) => 14173
   Buffers: shared hit=5173 read=5033
 Settings: enable_bitmapscan = 'off', enable_seqscan = 'off', max_parallel_workers_per_gather = '0'
 Planning:
   Buffers: shared hit=82 read=27
 Planning Time: 1.992 ms
 Execution Time: 39.063 ms
(12 rows)

SET
SET
SET
SET
SET
                                             QUERY PLAN                                             
----------------------------------------------------------------------------------------------------
 Index Scan using idx on public.t (actual rows=32768.00 loops=1)
   Output: a, b
   Index Cond: ((t.a >= 13598) AND (t.a <= 21789))
   Index Searches: 1
   Buffers: shared hit=10206
 Settings: enable_bitmapscan = 'off', enable_seqscan = 'off', max_parallel_workers_per_gather = '0'
 Planning:
   Buffers: shared hit=114
 Planning Time: 0.184 ms
 Execution Time: 5.923 ms
(10 rows)

