SET
SET
SET
SET
SET
                                                                   QUERY PLAN                                                                    
-------------------------------------------------------------------------------------------------------------------------------------------------
 Index Scan using idx on public.t (actual rows=1048576.00 loops=1)
   Output: a, b
   Index Cond: ((t.a >= 26806) AND (t.a <= 288949))
   Index Searches: 1
   Prefetch: distance=255.859 count=330467 stalls=1 skipped=724841 resets=0 ungets=7060 forwarded=1615
             histogram [2,4) => 2, [4,8) => 3, [8,16) => 5, [16,32) => 10, [32,64) => 4, [64,128) => 4, [128,256) => 128330, [256,512) => 202109
   Buffers: shared hit=304271 read=20806
 Settings: enable_bitmapscan = 'off', enable_seqscan = 'off', max_parallel_workers_per_gather = '0'
 Planning:
   Buffers: shared hit=78 read=23
 Planning Time: 1.834 ms
 Execution Time: 259.834 ms
(12 rows)

SET
SET
SET
SET
SET
                                             QUERY PLAN                                             
----------------------------------------------------------------------------------------------------
 Index Scan using idx on public.t (actual rows=1048576.00 loops=1)
   Output: a, b
   Index Cond: ((t.a >= 26806) AND (t.a <= 288949))
   Index Searches: 1
   Buffers: shared hit=325077
 Settings: enable_bitmapscan = 'off', enable_seqscan = 'off', max_parallel_workers_per_gather = '0'
 Planning:
   Buffers: shared hit=106
 Planning Time: 0.204 ms
 Execution Time: 167.295 ms
(10 rows)

