SET
SET
SET
SET
SET
                                                                QUERY PLAN                                                                 
-------------------------------------------------------------------------------------------------------------------------------------------
 Index Scan using idx on public.t (actual rows=8192.00 loops=1)
   Output: a, b
   Index Cond: ((t.a >= 18230) AND (t.a <= 20277))
   Index Searches: 1
   Prefetch: distance=269.771 count=3899 stalls=1 skipped=5251 resets=0 ungets=1522 forwarded=46
             histogram [2,4) => 2, [4,8) => 4, [8,16) => 11, [16,32) => 10, [32,64) => 3, [64,128) => 2, [128,256) => 2, [256,512) => 3865
   Buffers: shared hit=537 read=2039
 Settings: enable_bitmapscan = 'off', enable_seqscan = 'off', max_parallel_workers_per_gather = '0'
 Planning:
   Buffers: shared hit=82 read=27
 Planning Time: 2.011 ms
 Execution Time: 25.324 ms
(12 rows)

SET
SET
SET
SET
SET
                                             QUERY PLAN                                             
----------------------------------------------------------------------------------------------------
 Index Scan using idx on public.t (actual rows=8192.00 loops=1)
   Output: a, b
   Index Cond: ((t.a >= 18230) AND (t.a <= 20277))
   Index Searches: 1
   Buffers: shared hit=2576
 Settings: enable_bitmapscan = 'off', enable_seqscan = 'off', max_parallel_workers_per_gather = '0'
 Planning:
   Buffers: shared hit=114
 Planning Time: 0.216 ms
 Execution Time: 2.358 ms
(10 rows)

