SET
SET
SET
SET
SET
                                                                QUERY PLAN                                                                
------------------------------------------------------------------------------------------------------------------------------------------
 Index Scan using idx on public.t (actual rows=4096.00 loops=1)
   Output: a, b
   Index Cond: ((t.a >= 23114) AND (t.a <= 24137))
   Index Searches: 1
   Prefetch: distance=268.408 count=1978 stalls=1 skipped=2542 resets=0 ungets=824 forwarded=18
             histogram [2,4) => 2, [4,8) => 3, [8,16) => 5, [16,32) => 13, [32,64) => 3, [64,128) => 2, [128,256) => 3, [256,512) => 1947
   Buffers: shared hit=124 read=1163
 Settings: enable_bitmapscan = 'off', enable_seqscan = 'off', max_parallel_workers_per_gather = '0'
 Planning:
   Buffers: shared hit=82 read=27
 Planning Time: 1.780 ms
 Execution Time: 15.567 ms
(12 rows)

SET
SET
SET
SET
SET
                                             QUERY PLAN                                             
----------------------------------------------------------------------------------------------------
 Index Scan using idx on public.t (actual rows=4096.00 loops=1)
   Output: a, b
   Index Cond: ((t.a >= 23114) AND (t.a <= 24137))
   Index Searches: 1
   Buffers: shared hit=1287
 Settings: enable_bitmapscan = 'off', enable_seqscan = 'off', max_parallel_workers_per_gather = '0'
 Planning:
   Buffers: shared hit=114
 Planning Time: 0.199 ms
 Execution Time: 1.272 ms
(10 rows)

