SET
SET
SET
SET
SET
                                                                    QUERY PLAN                                                                    
--------------------------------------------------------------------------------------------------------------------------------------------------
 Index Scan using idx on public.t (actual rows=1048576.00 loops=1)
   Output: a, b
   Index Cond: ((t.a >= 20957) AND (t.a <= 283100))
   Index Searches: 1
   Prefetch: distance=255.795 count=330208 stalls=1 skipped=724927 resets=0 ungets=6903 forwarded=1564
             histogram [2,4) => 2, [4,8) => 3, [8,16) => 10, [16,32) => 14, [32,64) => 3, [64,128) => 2, [128,256) => 128919, [256,512) => 201255
   Buffers: shared hit=304433 read=20554
 Settings: enable_bitmapscan = 'off', enable_seqscan = 'off', max_parallel_workers_per_gather = '0'
 Planning:
   Buffers: shared hit=78 read=27
 Planning Time: 1.978 ms
 Execution Time: 249.861 ms
(12 rows)

SET
SET
SET
SET
SET
                                             QUERY PLAN                                             
----------------------------------------------------------------------------------------------------
 Index Scan using idx on public.t (actual rows=1048576.00 loops=1)
   Output: a, b
   Index Cond: ((t.a >= 20957) AND (t.a <= 283100))
   Index Searches: 1
   Buffers: shared hit=324987
 Settings: enable_bitmapscan = 'off', enable_seqscan = 'off', max_parallel_workers_per_gather = '0'
 Planning:
   Buffers: shared hit=110
 Planning Time: 0.179 ms
 Execution Time: 169.191 ms
(10 rows)

