SET
SET
SET
SET
SET
                                                                    QUERY PLAN                                                                    
--------------------------------------------------------------------------------------------------------------------------------------------------
 Index Scan using idx on public.t (actual rows=7048576.00 loops=1)
   Output: a, b
   Index Cond: ((t.a >= 32482) AND (t.a <= 1794625))
   Index Searches: 1
   Prefetch: distance=254.190 count=2184951 stalls=2 skipped=4871874 resets=0 ungets=8586 forwarded=7601
             histogram [2,4) => 2, [4,8) => 3, [8,16) => 5, [16,32) => 9, [32,64) => 7, [64,128) => 24, [128,256) => 940825, [256,512) => 1244076
   Buffers: shared hit=2086392 read=100637
 Settings: enable_bitmapscan = 'off', enable_seqscan = 'off', max_parallel_workers_per_gather = '0'
 Planning:
   Buffers: shared hit=78 read=23
 Planning Time: 1.912 ms
 Execution Time: 1530.176 ms
(12 rows)

SET
SET
SET
SET
SET
                                             QUERY PLAN                                             
----------------------------------------------------------------------------------------------------
 Index Scan using idx on public.t (actual rows=7048576.00 loops=1)
   Output: a, b
   Index Cond: ((t.a >= 32482) AND (t.a <= 1794625))
   Index Searches: 1
   Buffers: shared hit=2187029
 Settings: enable_bitmapscan = 'off', enable_seqscan = 'off', max_parallel_workers_per_gather = '0'
 Planning:
   Buffers: shared hit=106
 Planning Time: 0.206 ms
 Execution Time: 1155.232 ms
(10 rows)

