SET
SET
SET
SET
SET
                                                                 QUERY PLAN                                                                 
--------------------------------------------------------------------------------------------------------------------------------------------
 Index Scan Backward using idx on public.t (actual rows=512.00 loops=1)
   Output: a, b
   Index Cond: ((t.a >= 7180) AND (t.a <= 7307))
   Index Searches: 1
   Prefetch: distance=242.525 count=520 stalls=1 skipped=4 resets=0 ungets=60 forwarded=0
             histogram [2,4) => 4, [4,8) => 6, [8,16) => 10, [16,32) => 10, [32,64) => 11, [64,128) => 3, [128,256) => 94, [256,512) => 382
   Buffers: shared hit=403 read=112
 Settings: enable_bitmapscan = 'off', enable_seqscan = 'off', max_parallel_workers_per_gather = '0'
 Planning:
   Buffers: shared hit=82 read=26
 Planning Time: 1.635 ms
 Execution Time: 4.375 ms
(12 rows)

SET
SET
SET
SET
SET
                                             QUERY PLAN                                             
----------------------------------------------------------------------------------------------------
 Index Scan Backward using idx on public.t (actual rows=512.00 loops=1)
   Output: a, b
   Index Cond: ((t.a >= 7180) AND (t.a <= 7307))
   Index Searches: 1
   Buffers: shared hit=515
 Settings: enable_bitmapscan = 'off', enable_seqscan = 'off', max_parallel_workers_per_gather = '0'
 Planning:
   Buffers: shared hit=113
 Planning Time: 0.152 ms
 Execution Time: 0.125 ms
(10 rows)

