SET
SET
SET
SET
SET
                                                                   QUERY PLAN                                                                    
-------------------------------------------------------------------------------------------------------------------------------------------------
 Index Scan using idx on public.t (actual rows=524288.00 loops=1)
   Output: a, b
   Index Cond: ((t.a >= 6557) AND (t.a <= 137628))
   Index Searches: 1
   Prefetch: distance=257.065 count=167708 stalls=1 skipped=362165 resets=0 ungets=6081 forwarded=1028
             histogram [2,4) => 2, [4,8) => 5, [8,16) => 10, [16,32) => 10, [32,64) => 2, [64,128) => 2, [128,256) => 59570, [256,512) => 108107
   Buffers: shared hit=149647 read=12934
 Settings: enable_bitmapscan = 'off', enable_seqscan = 'off', max_parallel_workers_per_gather = '0'
 Planning:
   Buffers: shared hit=78 read=27
 Planning Time: 2.012 ms
 Execution Time: 146.695 ms
(12 rows)

SET
SET
SET
SET
SET
                                             QUERY PLAN                                             
----------------------------------------------------------------------------------------------------
 Index Scan using idx on public.t (actual rows=524288.00 loops=1)
   Output: a, b
   Index Cond: ((t.a >= 6557) AND (t.a <= 137628))
   Index Searches: 1
   Buffers: shared hit=162581
 Settings: enable_bitmapscan = 'off', enable_seqscan = 'off', max_parallel_workers_per_gather = '0'
 Planning:
   Buffers: shared hit=110
 Planning Time: 0.208 ms
 Execution Time: 84.141 ms
(10 rows)

