SET
SET
SET
SET
SET
                                                                  QUERY PLAN                                                                   
-----------------------------------------------------------------------------------------------------------------------------------------------
 Index Scan using idx on public.t (actual rows=262144.00 loops=1)
   Output: a, b
   Index Cond: ((t.a >= 48) AND (t.a <= 65583))
   Index Searches: 1
   Prefetch: distance=259.820 count=86383 stalls=1 skipped=180954 resets=0 ungets=5673 forwarded=766
             histogram [2,4) => 2, [4,8) => 6, [8,16) => 6, [16,32) => 11, [32,64) => 2, [64,128) => 2, [128,256) => 24122, [256,512) => 62232
   Buffers: shared hit=72090 read=9176
 Settings: enable_bitmapscan = 'off', enable_seqscan = 'off', max_parallel_workers_per_gather = '0'
 Planning:
   Buffers: shared hit=78 read=27
 Planning Time: 1.992 ms
 Execution Time: 86.007 ms
(12 rows)

SET
SET
SET
SET
SET
                                             QUERY PLAN                                             
----------------------------------------------------------------------------------------------------
 Index Scan using idx on public.t (actual rows=262144.00 loops=1)
   Output: a, b
   Index Cond: ((t.a >= 48) AND (t.a <= 65583))
   Index Searches: 1
   Buffers: shared hit=81266
 Settings: enable_bitmapscan = 'off', enable_seqscan = 'off', max_parallel_workers_per_gather = '0'
 Planning:
   Buffers: shared hit=110
 Planning Time: 0.181 ms
 Execution Time: 38.920 ms
(10 rows)

