SET
SET
SET
SET
SET
                                                                QUERY PLAN                                                                
------------------------------------------------------------------------------------------------------------------------------------------
 Index Scan using idx on public.t (actual rows=4096.00 loops=1)
   Output: a, b
   Index Cond: ((t.a >= 22801) AND (t.a <= 23824))
   Index Searches: 1
   Prefetch: distance=267.917 count=2016 stalls=1 skipped=2612 resets=0 ungets=848 forwarded=20
             histogram [2,4) => 4, [4,8) => 4, [8,16) => 13, [16,32) => 7, [32,64) => 2, [64,128) => 2, [128,256) => 2, [256,512) => 1982
   Buffers: shared hit=129 read=1141
 Settings: enable_bitmapscan = 'off', enable_seqscan = 'off', max_parallel_workers_per_gather = '0'
 Planning:
   Buffers: shared hit=82 read=27
 Planning Time: 2.020 ms
 Execution Time: 13.442 ms
(12 rows)

SET
SET
SET
SET
SET
                                             QUERY PLAN                                             
----------------------------------------------------------------------------------------------------
 Index Scan using idx on public.t (actual rows=4096.00 loops=1)
   Output: a, b
   Index Cond: ((t.a >= 22801) AND (t.a <= 23824))
   Index Searches: 1
   Buffers: shared hit=1270
 Settings: enable_bitmapscan = 'off', enable_seqscan = 'off', max_parallel_workers_per_gather = '0'
 Planning:
   Buffers: shared hit=114
 Planning Time: 0.191 ms
 Execution Time: 1.229 ms
(10 rows)

