SET
SET
SET
SET
SET
                                                                    QUERY PLAN                                                                    
--------------------------------------------------------------------------------------------------------------------------------------------------
 Index Scan using idx on public.t (actual rows=6048576.00 loops=1)
   Output: a, b
   Index Cond: ((t.a >= 13539) AND (t.a <= 1525682))
   Index Searches: 1
   Prefetch: distance=254.216 count=1875001 stalls=1 skipped=4180558 resets=0 ungets=7607 forwarded=6568
             histogram [2,4) => 2, [4,8) => 3, [8,16) => 8, [16,32) => 11, [32,64) => 6, [64,128) => 9, [128,256) => 806750, [256,512) => 1068212
   Buffers: shared hit=1790082 read=86567
 Settings: enable_bitmapscan = 'off', enable_seqscan = 'off', max_parallel_workers_per_gather = '0'
 Planning:
   Buffers: shared hit=78 read=27
 Planning Time: 2.018 ms
 Execution Time: 1324.774 ms
(12 rows)

SET
SET
SET
SET
SET
                                             QUERY PLAN                                             
----------------------------------------------------------------------------------------------------
 Index Scan using idx on public.t (actual rows=6048576.00 loops=1)
   Output: a, b
   Index Cond: ((t.a >= 13539) AND (t.a <= 1525682))
   Index Searches: 1
   Buffers: shared hit=1876650
 Settings: enable_bitmapscan = 'off', enable_seqscan = 'off', max_parallel_workers_per_gather = '0'
 Planning:
   Buffers: shared hit=110
 Planning Time: 0.184 ms
 Execution Time: 962.375 ms
(10 rows)

