SET
SET
SET
SET
SET
                                                                     QUERY PLAN                                                                     
----------------------------------------------------------------------------------------------------------------------------------------------------
 Index Scan using idx on public.t (actual rows=8048576.00 loops=1)
   Output: a, b
   Index Cond: ((t.a >= 21416) AND (t.a <= 2033559))
   Index Searches: 1
   Prefetch: distance=254.136 count=2493443 stalls=1 skipped=5562997 resets=0 ungets=8376 forwarded=8542
             histogram [2,4) => 2, [4,8) => 3, [8,16) => 8, [16,32) => 15, [32,64) => 3, [64,128) => 45, [128,256) => 1076947, [256,512) => 1416420
   Buffers: shared hit=2383836 read=113439
 Settings: enable_bitmapscan = 'off', enable_seqscan = 'off', max_parallel_workers_per_gather = '0'
 Planning:
   Buffers: shared hit=78 read=27
 Planning Time: 2.049 ms
 Execution Time: 1760.254 ms
(12 rows)

SET
SET
SET
SET
SET
                                             QUERY PLAN                                             
----------------------------------------------------------------------------------------------------
 Index Scan using idx on public.t (actual rows=8048576.00 loops=1)
   Output: a, b
   Index Cond: ((t.a >= 21416) AND (t.a <= 2033559))
   Index Searches: 1
   Buffers: shared hit=2497276
 Settings: enable_bitmapscan = 'off', enable_seqscan = 'off', max_parallel_workers_per_gather = '0'
 Planning:
   Buffers: shared hit=110
 Planning Time: 0.210 ms
 Execution Time: 1287.877 ms
(10 rows)

