SET
SET
SET
SET
SET
                                               QUERY PLAN                                               
--------------------------------------------------------------------------------------------------------
 Index Scan using idx on public.t (actual rows=256.00 loops=1)
   Output: a, b
   Index Cond: ((t.a >= 963) AND (t.a <= 1026))
   Index Searches: 1
   Prefetch: distance=24.312 count=32 stalls=1 skipped=66 resets=0 ungets=2 forwarded=0
             histogram [2,4) => 2, [4,8) => 3, [8,16) => 13, [16,32) => 10, [32,64) => 2, [64,128) => 2
   Buffers: shared hit=6 read=77
 Settings: enable_bitmapscan = 'off', enable_seqscan = 'off', max_parallel_workers_per_gather = '0'
 Planning:
   Buffers: shared hit=82 read=27
 Planning Time: 1.237 ms
 Execution Time: 4.036 ms
(12 rows)

SET
SET
SET
SET
SET
                                             QUERY PLAN                                             
----------------------------------------------------------------------------------------------------
 Index Scan using idx on public.t (actual rows=256.00 loops=1)
   Output: a, b
   Index Cond: ((t.a >= 963) AND (t.a <= 1026))
   Index Searches: 1
   Buffers: shared hit=83
 Settings: enable_bitmapscan = 'off', enable_seqscan = 'off', max_parallel_workers_per_gather = '0'
 Planning:
   Buffers: shared hit=114
 Planning Time: 0.186 ms
 Execution Time: 0.145 ms
(10 rows)

