SET
SET
SET
SET
SET
                                             QUERY PLAN                                             
----------------------------------------------------------------------------------------------------
 Index Scan using idx on public.t (actual rows=128.00 loops=1)
   Output: a, b
   Index Cond: ((t.a >= 4601) AND (t.a <= 4632))
   Index Searches: 1
   Buffers: shared hit=5 read=40
 Settings: enable_bitmapscan = 'off', enable_seqscan = 'off', max_parallel_workers_per_gather = '0'
 Planning:
   Buffers: shared hit=82 read=27
 Planning Time: 1.238 ms
 Execution Time: 3.099 ms
(10 rows)

SET
SET
SET
SET
SET
                                             QUERY PLAN                                             
----------------------------------------------------------------------------------------------------
 Index Scan using idx on public.t (actual rows=128.00 loops=1)
   Output: a, b
   Index Cond: ((t.a >= 4601) AND (t.a <= 4632))
   Index Searches: 1
   Buffers: shared hit=45
 Settings: enable_bitmapscan = 'off', enable_seqscan = 'off', max_parallel_workers_per_gather = '0'
 Planning:
   Buffers: shared hit=114
 Planning Time: 0.139 ms
 Execution Time: 0.047 ms
(10 rows)

