SET
SET
SET
SET
SET
                                                                  QUERY PLAN                                                                   
-----------------------------------------------------------------------------------------------------------------------------------------------
 Index Scan using idx on public.t (actual rows=65536.00 loops=1)
   Output: a, b
   Index Cond: ((t.a >= 4582) AND (t.a <= 20965))
   Index Searches: 1
   Prefetch: distance=268.138 count=25553 stalls=1 skipped=44970 resets=0 ungets=5367 forwarded=478
             histogram [2,4) => 2, [4,8) => 4, [8,16) => 11, [16,32) => 12, [32,64) => 2, [64,128) => 2, [128,256) => 1268, [256,512) => 24252
   Buffers: shared hit=14102 read=6301
 Settings: enable_bitmapscan = 'off', enable_seqscan = 'off', max_parallel_workers_per_gather = '0'
 Planning:
   Buffers: shared hit=82 read=27
 Planning Time: 2.000 ms
 Execution Time: 44.182 ms
(12 rows)

SET
SET
SET
SET
SET
                                             QUERY PLAN                                             
----------------------------------------------------------------------------------------------------
 Index Scan using idx on public.t (actual rows=65536.00 loops=1)
   Output: a, b
   Index Cond: ((t.a >= 4582) AND (t.a <= 20965))
   Index Searches: 1
   Buffers: shared hit=20403
 Settings: enable_bitmapscan = 'off', enable_seqscan = 'off', max_parallel_workers_per_gather = '0'
 Planning:
   Buffers: shared hit=114
 Planning Time: 0.220 ms
 Execution Time: 12.426 ms
(10 rows)

