SET
SET
SET
SET
SET
                                                                QUERY PLAN                                                                
------------------------------------------------------------------------------------------------------------------------------------------
 Index Scan using idx on public.t (actual rows=8192.00 loops=1)
   Output: a, b
   Index Cond: ((t.a >= 29464) AND (t.a <= 31511))
   Index Searches: 1
   Prefetch: distance=270.046 count=4033 stalls=1 skipped=5402 resets=0 ungets=1627 forwarded=50
             histogram [2,4) => 2, [4,8) => 4, [8,16) => 10, [16,32) => 9, [32,64) => 2, [64,128) => 2, [128,256) => 3, [256,512) => 4001
   Buffers: shared hit=445 read=2102
 Settings: enable_bitmapscan = 'off', enable_seqscan = 'off', max_parallel_workers_per_gather = '0'
 Planning:
   Buffers: shared hit=78 read=23
 Planning Time: 1.815 ms
 Execution Time: 22.718 ms
(12 rows)

SET
SET
SET
SET
SET
                                             QUERY PLAN                                             
----------------------------------------------------------------------------------------------------
 Index Scan using idx on public.t (actual rows=8192.00 loops=1)
   Output: a, b
   Index Cond: ((t.a >= 29464) AND (t.a <= 31511))
   Index Searches: 1
   Buffers: shared hit=2547
 Settings: enable_bitmapscan = 'off', enable_seqscan = 'off', max_parallel_workers_per_gather = '0'
 Planning:
   Buffers: shared hit=106
 Planning Time: 0.166 ms
 Execution Time: 2.062 ms
(10 rows)

