SET
SET
SET
SET
SET
                                                                 QUERY PLAN                                                                 
--------------------------------------------------------------------------------------------------------------------------------------------
 Index Scan using idx on public.t (actual rows=32768.00 loops=1)
   Output: a, b
   Index Cond: ((t.a >= 5247) AND (t.a <= 13438))
   Index Searches: 1
   Prefetch: distance=270.250 count=14022 stalls=1 skipped=22369 resets=0 ungets=4015 forwarded=268
             histogram [2,4) => 2, [4,8) => 4, [8,16) => 5, [16,32) => 13, [32,64) => 9, [64,128) => 2, [128,256) => 30, [256,512) => 13957
   Buffers: shared hit=5358 read=4826
 Settings: enable_bitmapscan = 'off', enable_seqscan = 'off', max_parallel_workers_per_gather = '0'
 Planning:
   Buffers: shared hit=82 read=27
 Planning Time: 1.975 ms
 Execution Time: 35.644 ms
(12 rows)

SET
SET
SET
SET
SET
                                             QUERY PLAN                                             
----------------------------------------------------------------------------------------------------
 Index Scan using idx on public.t (actual rows=32768.00 loops=1)
   Output: a, b
   Index Cond: ((t.a >= 5247) AND (t.a <= 13438))
   Index Searches: 1
   Buffers: shared hit=10184
 Settings: enable_bitmapscan = 'off', enable_seqscan = 'off', max_parallel_workers_per_gather = '0'
 Planning:
   Buffers: shared hit=114
 Planning Time: 0.199 ms
 Execution Time: 6.914 ms
(10 rows)

