SET
SET
SET
SET
SET
                                                                QUERY PLAN                                                                 
-------------------------------------------------------------------------------------------------------------------------------------------
 Index Scan using idx on public.t (actual rows=4096.00 loops=1)
   Output: a, b
   Index Cond: ((t.a >= 22920) AND (t.a <= 23943))
   Index Searches: 1
   Prefetch: distance=267.549 count=1932 stalls=1 skipped=2464 resets=0 ungets=808 forwarded=23
             histogram [2,4) => 2, [4,8) => 6, [8,16) => 10, [16,32) => 11, [32,64) => 2, [64,128) => 3, [128,256) => 3, [256,512) => 1895
   Buffers: shared hit=121 read=1164
 Settings: enable_bitmapscan = 'off', enable_seqscan = 'off', max_parallel_workers_per_gather = '0'
 Planning:
   Buffers: shared hit=82 read=27
 Planning Time: 1.744 ms
 Execution Time: 17.372 ms
(12 rows)

SET
SET
SET
SET
SET
                                             QUERY PLAN                                             
----------------------------------------------------------------------------------------------------
 Index Scan using idx on public.t (actual rows=4096.00 loops=1)
   Output: a, b
   Index Cond: ((t.a >= 22920) AND (t.a <= 23943))
   Index Searches: 1
   Buffers: shared hit=1285
 Settings: enable_bitmapscan = 'off', enable_seqscan = 'off', max_parallel_workers_per_gather = '0'
 Planning:
   Buffers: shared hit=114
 Planning Time: 0.132 ms
 Execution Time: 0.554 ms
(10 rows)

