SET
SET
SET
SET
SET
                                                                  QUERY PLAN                                                                  
----------------------------------------------------------------------------------------------------------------------------------------------
 Index Scan using idx on public.t (actual rows=262144.00 loops=1)
   Output: a, b
   Index Cond: ((t.a >= 2008) AND (t.a <= 67543))
   Index Searches: 1
   Prefetch: distance=259.767 count=86389 stalls=1 skipped=180791 resets=0 ungets=5692 forwarded=729
             histogram [2,4) => 2, [4,8) => 8, [8,16) => 5, [16,32) => 9, [32,64) => 7, [64,128) => 2, [128,256) => 24132, [256,512) => 62224
   Buffers: shared hit=72016 read=9268
 Settings: enable_bitmapscan = 'off', enable_seqscan = 'off', max_parallel_workers_per_gather = '0'
 Planning:
   Buffers: shared hit=78 read=27
 Planning Time: 1.985 ms
 Execution Time: 92.323 ms
(12 rows)

SET
SET
SET
SET
SET
                                             QUERY PLAN                                             
----------------------------------------------------------------------------------------------------
 Index Scan using idx on public.t (actual rows=262144.00 loops=1)
   Output: a, b
   Index Cond: ((t.a >= 2008) AND (t.a <= 67543))
   Index Searches: 1
   Buffers: shared hit=81284
 Settings: enable_bitmapscan = 'off', enable_seqscan = 'off', max_parallel_workers_per_gather = '0'
 Planning:
   Buffers: shared hit=110
 Planning Time: 0.188 ms
 Execution Time: 38.591 ms
(10 rows)

