SET
SET
SET
SET
SET
                                                               QUERY PLAN                                                                
-----------------------------------------------------------------------------------------------------------------------------------------
 Index Scan using idx on public.t (actual rows=2048.00 loops=1)
   Output: a, b
   Index Cond: ((t.a >= 23662) AND (t.a <= 24173))
   Index Searches: 1
   Prefetch: distance=264.050 count=995 stalls=1 skipped=1261 resets=0 ungets=420 forwarded=7
             histogram [2,4) => 2, [4,8) => 3, [8,16) => 5, [16,32) => 10, [32,64) => 8, [64,128) => 2, [128,256) => 2, [256,512) => 963
   Buffers: shared hit=36 read=616
 Settings: enable_bitmapscan = 'off', enable_seqscan = 'off', max_parallel_workers_per_gather = '0'
 Planning:
   Buffers: shared hit=82 read=27
 Planning Time: 1.388 ms
 Execution Time: 8.961 ms
(12 rows)

SET
SET
SET
SET
SET
                                             QUERY PLAN                                             
----------------------------------------------------------------------------------------------------
 Index Scan using idx on public.t (actual rows=2048.00 loops=1)
   Output: a, b
   Index Cond: ((t.a >= 23662) AND (t.a <= 24173))
   Index Searches: 1
   Buffers: shared hit=652
 Settings: enable_bitmapscan = 'off', enable_seqscan = 'off', max_parallel_workers_per_gather = '0'
 Planning:
   Buffers: shared hit=114
 Planning Time: 0.174 ms
 Execution Time: 0.664 ms
(10 rows)

