SET
SET
SET
SET
SET
                                                                     QUERY PLAN                                                                     
----------------------------------------------------------------------------------------------------------------------------------------------------
 Index Scan using idx on public.t (actual rows=8048576.00 loops=1)
   Output: a, b
   Index Cond: ((t.a >= 27110) AND (t.a <= 2039253))
   Index Searches: 1
   Prefetch: distance=254.140 count=2493679 stalls=1 skipped=5562960 resets=0 ungets=8511 forwarded=8560
             histogram [2,4) => 3, [4,8) => 6, [8,16) => 8, [16,32) => 10, [32,64) => 2, [64,128) => 45, [128,256) => 1076768, [256,512) => 1416837
   Buffers: shared hit=2383697 read=113670
 Settings: enable_bitmapscan = 'off', enable_seqscan = 'off', max_parallel_workers_per_gather = '0'
 Planning:
   Buffers: shared hit=78 read=23
 Planning Time: 1.825 ms
 Execution Time: 1708.140 ms
(12 rows)

SET
SET
SET
SET
SET
                                             QUERY PLAN                                             
----------------------------------------------------------------------------------------------------
 Index Scan using idx on public.t (actual rows=8048576.00 loops=1)
   Output: a, b
   Index Cond: ((t.a >= 27110) AND (t.a <= 2039253))
   Index Searches: 1
   Buffers: shared hit=2497368
 Settings: enable_bitmapscan = 'off', enable_seqscan = 'off', max_parallel_workers_per_gather = '0'
 Planning:
   Buffers: shared hit=106
 Planning Time: 0.201 ms
 Execution Time: 1267.120 ms
(10 rows)

