SET
SET
SET
SET
SET
                                                                   QUERY PLAN                                                                    
-------------------------------------------------------------------------------------------------------------------------------------------------
 Index Scan using idx on public.t (actual rows=2048576.00 loops=1)
   Output: a, b
   Index Cond: ((t.a >= 8848) AND (t.a <= 520991))
   Index Searches: 1
   Prefetch: distance=254.739 count=638967 stalls=1 skipped=1416287 resets=0 ungets=6694 forwarded=2555
             histogram [2,4) => 2, [4,8) => 4, [8,16) => 5, [16,32) => 10, [32,64) => 6, [64,128) => 4, [128,256) => 265349, [256,512) => 373587
   Buffers: shared hit=602077 read=33273
 Settings: enable_bitmapscan = 'off', enable_seqscan = 'off', max_parallel_workers_per_gather = '0'
 Planning:
   Buffers: shared hit=78 read=27
 Planning Time: 2.023 ms
 Execution Time: 456.100 ms
(12 rows)

SET
SET
SET
SET
SET
                                             QUERY PLAN                                             
----------------------------------------------------------------------------------------------------
 Index Scan using idx on public.t (actual rows=2048576.00 loops=1)
   Output: a, b
   Index Cond: ((t.a >= 8848) AND (t.a <= 520991))
   Index Searches: 1
   Buffers: shared hit=635350
 Settings: enable_bitmapscan = 'off', enable_seqscan = 'off', max_parallel_workers_per_gather = '0'
 Planning:
   Buffers: shared hit=110
 Planning Time: 0.194 ms
 Execution Time: 329.110 ms
(10 rows)

