SET
SET
SET
SET
SET
                                                                     QUERY PLAN                                                                     
----------------------------------------------------------------------------------------------------------------------------------------------------
 Index Scan using idx on public.t (actual rows=9048576.00 loops=1)
   Output: a, b
   Index Cond: ((t.a >= 30180) AND (t.a <= 2292323))
   Index Searches: 1
   Prefetch: distance=254.100 count=2802578 stalls=1 skipped=6254749 resets=0 ungets=8943 forwarded=9545
             histogram [2,4) => 2, [4,8) => 3, [8,16) => 5, [16,32) => 10, [32,64) => 8, [64,128) => 45, [128,256) => 1212911, [256,512) => 1589594
   Buffers: shared hit=2680306 read=126939
 Settings: enable_bitmapscan = 'off', enable_seqscan = 'off', max_parallel_workers_per_gather = '0'
 Planning:
   Buffers: shared hit=78 read=23
 Planning Time: 1.799 ms
 Execution Time: 1913.831 ms
(12 rows)

SET
SET
SET
SET
SET
                                             QUERY PLAN                                             
----------------------------------------------------------------------------------------------------
 Index Scan using idx on public.t (actual rows=9048576.00 loops=1)
   Output: a, b
   Index Cond: ((t.a >= 30180) AND (t.a <= 2292323))
   Index Searches: 1
   Buffers: shared hit=2807246
 Settings: enable_bitmapscan = 'off', enable_seqscan = 'off', max_parallel_workers_per_gather = '0'
 Planning:
   Buffers: shared hit=106
 Planning Time: 0.202 ms
 Execution Time: 1441.174 ms
(10 rows)

