SET
SET
SET
SET
SET
                                                                    QUERY PLAN                                                                    
--------------------------------------------------------------------------------------------------------------------------------------------------
 Index Scan using idx on public.t (actual rows=5048576.00 loops=1)
   Output: a, b
   Index Cond: ((t.a >= 9777) AND (t.a <= 1271920))
   Index Searches: 1
   Prefetch: distance=254.265 count=1565593 stalls=1 skipped=3489933 resets=0 ungets=7258 forwarded=5537
             histogram [2,4) => 2, [4,8) => 4, [8,16) => 5, [16,32) => 14, [32,64) => 2, [64,128) => 10, [128,256) => 671123, [256,512) => 894433
   Buffers: shared hit=1492910 read=73091
 Settings: enable_bitmapscan = 'off', enable_seqscan = 'off', max_parallel_workers_per_gather = '0'
 Planning:
   Buffers: shared hit=78 read=27
 Planning Time: 2.037 ms
 Execution Time: 1100.417 ms
(12 rows)

SET
SET
SET
SET
SET
                                             QUERY PLAN                                             
----------------------------------------------------------------------------------------------------
 Index Scan using idx on public.t (actual rows=5048576.00 loops=1)
   Output: a, b
   Index Cond: ((t.a >= 9777) AND (t.a <= 1271920))
   Index Searches: 1
   Buffers: shared hit=1566002
 Settings: enable_bitmapscan = 'off', enable_seqscan = 'off', max_parallel_workers_per_gather = '0'
 Planning:
   Buffers: shared hit=110
 Planning Time: 0.184 ms
 Execution Time: 805.268 ms
(10 rows)

