SET
SET
SET
SET
SET
                                                                    QUERY PLAN                                                                     
---------------------------------------------------------------------------------------------------------------------------------------------------
 Index Scan using idx on public.t (actual rows=7048576.00 loops=1)
   Output: a, b
   Index Cond: ((t.a >= 9904) AND (t.a <= 1772047))
   Index Searches: 1
   Prefetch: distance=254.156 count=2183874 stalls=1 skipped=4871857 resets=0 ungets=7623 forwarded=7517
             histogram [2,4) => 2, [4,8) => 3, [8,16) => 7, [16,32) => 17, [32,64) => 2, [64,128) => 24, [128,256) => 942449, [256,512) => 1241370
   Buffers: shared hit=2087289 read=99658
 Settings: enable_bitmapscan = 'off', enable_seqscan = 'off', max_parallel_workers_per_gather = '0'
 Planning:
   Buffers: shared hit=78 read=27
 Planning Time: 2.001 ms
 Execution Time: 1497.806 ms
(12 rows)

SET
SET
SET
SET
SET
                                             QUERY PLAN                                             
----------------------------------------------------------------------------------------------------
 Index Scan using idx on public.t (actual rows=7048576.00 loops=1)
   Output: a, b
   Index Cond: ((t.a >= 9904) AND (t.a <= 1772047))
   Index Searches: 1
   Buffers: shared hit=2186947
 Settings: enable_bitmapscan = 'off', enable_seqscan = 'off', max_parallel_workers_per_gather = '0'
 Planning:
   Buffers: shared hit=110
 Planning Time: 0.212 ms
 Execution Time: 1121.277 ms
(10 rows)

