SET
SET
SET
SET
SET
                                                               QUERY PLAN                                                                
-----------------------------------------------------------------------------------------------------------------------------------------
 Index Scan Backward using idx on public.t (actual rows=8192.00 loops=1)
   Output: a, b
   Index Cond: ((t.a >= 18390) AND (t.a <= 20437))
   Index Searches: 1
   Prefetch: distance=270.330 count=4384 stalls=1 skipped=5468 resets=0 ungets=1912 forwarded=0
             histogram [2,4) => 2, [4,8) => 6, [8,16) => 9, [16,32) => 5, [32,64) => 2, [64,128) => 2, [128,256) => 2, [256,512) => 4356
   Buffers: shared hit=548 read=2017
 Settings: enable_bitmapscan = 'off', enable_seqscan = 'off', max_parallel_workers_per_gather = '0'
 Planning:
   Buffers: shared hit=86 read=27
 Planning Time: 2.008 ms
 Execution Time: 21.653 ms
(12 rows)

SET
SET
SET
SET
SET
                                             QUERY PLAN                                             
----------------------------------------------------------------------------------------------------
 Index Scan Backward using idx on public.t (actual rows=8192.00 loops=1)
   Output: a, b
   Index Cond: ((t.a >= 18390) AND (t.a <= 20437))
   Index Searches: 1
   Buffers: shared hit=2565
 Settings: enable_bitmapscan = 'off', enable_seqscan = 'off', max_parallel_workers_per_gather = '0'
 Planning:
   Buffers: shared hit=118
 Planning Time: 0.164 ms
 Execution Time: 1.166 ms
(10 rows)

