SET
SET
SET
SET
SET
                                                                        QUERY PLAN                                                                        
----------------------------------------------------------------------------------------------------------------------------------------------------------
 Index Scan Backward using idx on public.t (actual rows=1048576.00 loops=1)
   Output: a, b
   Index Cond: ((t.a >= 28984) AND (t.a <= 291127))
   Index Searches: 1
   Prefetch: distance=250.067 count=228611 stalls=107730 skipped=724957 resets=0 ungets=12905 forwarded=1
             histogram [2,4) => 2562, [4,8) => 184, [8,16) => 15, [16,32) => 44, [32,64) => 110, [64,128) => 597, [128,256) => 89770, [256,512) => 135329
   Buffers: shared hit=304166 read=20897
 Settings: enable_bitmapscan = 'off', enable_seqscan = 'off', max_parallel_workers_per_gather = '0'
 Planning:
   Buffers: shared hit=82 read=23
 Planning Time: 1.845 ms
 Execution Time: 430.498 ms
(12 rows)

SET
SET
SET
SET
SET
                                             QUERY PLAN                                             
----------------------------------------------------------------------------------------------------
 Index Scan Backward using idx on public.t (actual rows=1048576.00 loops=1)
   Output: a, b
   Index Cond: ((t.a >= 28984) AND (t.a <= 291127))
   Index Searches: 1
   Buffers: shared hit=325063
 Settings: enable_bitmapscan = 'off', enable_seqscan = 'off', max_parallel_workers_per_gather = '0'
 Planning:
   Buffers: shared hit=110
 Planning Time: 0.174 ms
 Execution Time: 168.958 ms
(10 rows)

