SET
SET
SET
SET
SET
                                                                      QUERY PLAN                                                                       
-------------------------------------------------------------------------------------------------------------------------------------------------------
 Index Scan Backward using idx on public.t (actual rows=524288.00 loops=1)
   Output: a, b
   Index Cond: ((t.a >= 32066) AND (t.a <= 163137))
   Index Searches: 1
   Prefetch: distance=248.574 count=105726 stalls=67001 skipped=362082 resets=0 ungets=11100 forwarded=1
             histogram [2,4) => 1302, [4,8) => 83, [8,16) => 14, [16,32) => 25, [32,64) => 34, [64,128) => 658, [128,256) => 37463, [256,512) => 66147
   Buffers: shared hit=148504 read=14092
 Settings: enable_bitmapscan = 'off', enable_seqscan = 'off', max_parallel_workers_per_gather = '0'
 Planning:
   Buffers: shared hit=82 read=23
 Planning Time: 1.906 ms
 Execution Time: 243.870 ms
(12 rows)

SET
SET
SET
SET
SET
                                             QUERY PLAN                                             
----------------------------------------------------------------------------------------------------
 Index Scan Backward using idx on public.t (actual rows=524288.00 loops=1)
   Output: a, b
   Index Cond: ((t.a >= 32066) AND (t.a <= 163137))
   Index Searches: 1
   Buffers: shared hit=162596
 Settings: enable_bitmapscan = 'off', enable_seqscan = 'off', max_parallel_workers_per_gather = '0'
 Planning:
   Buffers: shared hit=110
 Planning Time: 0.177 ms
 Execution Time: 81.456 ms
(10 rows)

