SET
SET
SET
SET
SET
                                                                        QUERY PLAN                                                                         
-----------------------------------------------------------------------------------------------------------------------------------------------------------
 Index Scan Backward using idx on public.t (actual rows=2048576.00 loops=1)
   Output: a, b
   Index Cond: ((t.a >= 12971) AND (t.a <= 525114))
   Index Searches: 1
   Prefetch: distance=252.688 count=518480 stalls=127313 skipped=1416159 resets=0 ungets=13639 forwarded=1
             histogram [2,4) => 2694, [4,8) => 191, [8,16) => 15, [16,32) => 44, [32,64) => 110, [64,128) => 605, [128,256) => 207947, [256,512) => 306874
   Buffers: shared hit=601843 read=33463
 Settings: enable_bitmapscan = 'off', enable_seqscan = 'off', max_parallel_workers_per_gather = '0'
 Planning:
   Buffers: shared hit=82 read=27
 Planning Time: 2.036 ms
 Execution Time: 735.598 ms
(12 rows)

SET
SET
SET
SET
SET
                                             QUERY PLAN                                             
----------------------------------------------------------------------------------------------------
 Index Scan Backward using idx on public.t (actual rows=2048576.00 loops=1)
   Output: a, b
   Index Cond: ((t.a >= 12971) AND (t.a <= 525114))
   Index Searches: 1
   Buffers: shared hit=635306
 Settings: enable_bitmapscan = 'off', enable_seqscan = 'off', max_parallel_workers_per_gather = '0'
 Planning:
   Buffers: shared hit=114
 Planning Time: 0.187 ms
 Execution Time: 327.666 ms
(10 rows)

