SET
SET
SET
SET
SET
                                                                         QUERY PLAN                                                                         
------------------------------------------------------------------------------------------------------------------------------------------------------------
 Index Scan Backward using idx on public.t (actual rows=8048576.00 loops=1)
   Output: a, b
   Index Cond: ((t.a >= 9194) AND (t.a <= 2021337))
   Index Searches: 1
   Prefetch: distance=254.378 count=2371396 stalls=131981 skipped=5562999 resets=0 ungets=18343 forwarded=2
             histogram [2,4) => 2704, [4,8) => 191, [8,16) => 15, [16,32) => 44, [32,64) => 110, [64,128) => 624, [128,256) => 964839, [256,512) => 1402869
   Buffers: shared hit=2384371 read=112887
 Settings: enable_bitmapscan = 'off', enable_seqscan = 'off', max_parallel_workers_per_gather = '0'
 Planning:
   Buffers: shared hit=82 read=27
 Planning Time: 1.992 ms
 Execution Time: 2538.157 ms
(12 rows)

SET
SET
SET
SET
SET
                                             QUERY PLAN                                             
----------------------------------------------------------------------------------------------------
 Index Scan Backward using idx on public.t (actual rows=8048576.00 loops=1)
   Output: a, b
   Index Cond: ((t.a >= 9194) AND (t.a <= 2021337))
   Index Searches: 1
   Buffers: shared hit=2497258
 Settings: enable_bitmapscan = 'off', enable_seqscan = 'off', max_parallel_workers_per_gather = '0'
 Planning:
   Buffers: shared hit=114
 Planning Time: 0.227 ms
 Execution Time: 1311.239 ms
(10 rows)

