SET
SET
SET
SET
                                             QUERY PLAN                                             
----------------------------------------------------------------------------------------------------
 Index Scan Backward using idx on public.t (actual rows=3048576.00 loops=1)
   Output: a, b
   Index Cond: ((t.a >= 24123) AND (t.a <= 786266))
   Index Searches: 1
   Buffers: shared hit=898443 read=47214
 Settings: enable_bitmapscan = 'off', enable_seqscan = 'off', max_parallel_workers_per_gather = '0'
 Planning:
   Buffers: shared hit=82 read=27
 Planning Time: 2.013 ms
 Execution Time: 2508.335 ms
(10 rows)

SET
SET
SET
SET
                                             QUERY PLAN                                             
----------------------------------------------------------------------------------------------------
 Index Scan Backward using idx on public.t (actual rows=3048576.00 loops=1)
   Output: a, b
   Index Cond: ((t.a >= 24123) AND (t.a <= 786266))
   Index Searches: 1
   Buffers: shared hit=945657
 Settings: enable_bitmapscan = 'off', enable_seqscan = 'off', max_parallel_workers_per_gather = '0'
 Planning:
   Buffers: shared hit=114
 Planning Time: 0.218 ms
 Execution Time: 495.991 ms
(10 rows)

