SET
SET
SET
SET
SET
                                                                 QUERY PLAN                                                                  
---------------------------------------------------------------------------------------------------------------------------------------------
 Index Scan Backward using idx on public.t (actual rows=65536.00 loops=1)
   Output: a, b
   Index Cond: ((t.a >= 3453) AND (t.a <= 19836))
   Index Searches: 1
   Prefetch: distance=268.022 count=26118 stalls=1 skipped=44894 resets=0 ungets=5996 forwarded=0
             histogram [2,4) => 2, [4,8) => 5, [8,16) => 8, [16,32) => 8, [32,64) => 2, [64,128) => 2, [128,256) => 1473, [256,512) => 24618
   Buffers: shared hit=14109 read=6274
 Settings: enable_bitmapscan = 'off', enable_seqscan = 'off', max_parallel_workers_per_gather = '0'
 Planning:
   Buffers: shared hit=86 read=27
 Planning Time: 1.997 ms
 Execution Time: 60.486 ms
(12 rows)

SET
SET
SET
SET
SET
                                             QUERY PLAN                                             
----------------------------------------------------------------------------------------------------
 Index Scan Backward using idx on public.t (actual rows=65536.00 loops=1)
   Output: a, b
   Index Cond: ((t.a >= 3453) AND (t.a <= 19836))
   Index Searches: 1
   Buffers: shared hit=20383
 Settings: enable_bitmapscan = 'off', enable_seqscan = 'off', max_parallel_workers_per_gather = '0'
 Planning:
   Buffers: shared hit=118
 Planning Time: 0.255 ms
 Execution Time: 12.282 ms
(10 rows)

