SET
SET
SET
SET
SET
                                                                        QUERY PLAN                                                                        
----------------------------------------------------------------------------------------------------------------------------------------------------------
 Index Scan Backward using idx on public.t (actual rows=1048576.00 loops=1)
   Output: a, b
   Index Cond: ((t.a >= 31541) AND (t.a <= 293684))
   Index Searches: 1
   Prefetch: distance=250.106 count=231647 stalls=104594 skipped=724838 resets=0 ungets=12894 forwarded=1
             histogram [2,4) => 2530, [4,8) => 182, [8,16) => 15, [16,32) => 44, [32,64) => 110, [64,128) => 597, [128,256) => 91377, [256,512) => 136792
   Buffers: shared hit=304028 read=21013
 Settings: enable_bitmapscan = 'off', enable_seqscan = 'off', max_parallel_workers_per_gather = '0'
 Planning:
   Buffers: shared hit=82 read=23
 Planning Time: 1.857 ms
 Execution Time: 426.914 ms
(12 rows)

SET
SET
SET
SET
SET
                                             QUERY PLAN                                             
----------------------------------------------------------------------------------------------------
 Index Scan Backward using idx on public.t (actual rows=1048576.00 loops=1)
   Output: a, b
   Index Cond: ((t.a >= 31541) AND (t.a <= 293684))
   Index Searches: 1
   Buffers: shared hit=325041
 Settings: enable_bitmapscan = 'off', enable_seqscan = 'off', max_parallel_workers_per_gather = '0'
 Planning:
   Buffers: shared hit=110
 Planning Time: 0.204 ms
 Execution Time: 171.635 ms
(10 rows)

