SET
SET
SET
SET
SET
                                                                         QUERY PLAN                                                                         
------------------------------------------------------------------------------------------------------------------------------------------------------------
 Index Scan Backward using idx on public.t (actual rows=6048576.00 loops=1)
   Output: a, b
   Index Cond: ((t.a >= 3675) AND (t.a <= 1515818))
   Index Searches: 1
   Prefetch: distance=254.215 count=1745446 stalls=138774 skipped=4180623 resets=0 ungets=16770 forwarded=1
             histogram [2,4) => 2722, [4,8) => 192, [8,16) => 15, [16,32) => 44, [32,64) => 110, [64,128) => 624, [128,256) => 708492, [256,512) => 1033247
   Buffers: shared hit=1790554 read=86117
 Settings: enable_bitmapscan = 'off', enable_seqscan = 'off', max_parallel_workers_per_gather = '0'
 Planning:
   Buffers: shared hit=82 read=27
 Planning Time: 2.016 ms
 Execution Time: 1963.761 ms
(12 rows)

SET
SET
SET
SET
SET
                                             QUERY PLAN                                             
----------------------------------------------------------------------------------------------------
 Index Scan Backward using idx on public.t (actual rows=6048576.00 loops=1)
   Output: a, b
   Index Cond: ((t.a >= 3675) AND (t.a <= 1515818))
   Index Searches: 1
   Buffers: shared hit=1876671
 Settings: enable_bitmapscan = 'off', enable_seqscan = 'off', max_parallel_workers_per_gather = '0'
 Planning:
   Buffers: shared hit=114
 Planning Time: 0.235 ms
 Execution Time: 981.807 ms
(10 rows)

