SET
SET
SET
SET
SET
                                                                         QUERY PLAN                                                                         
------------------------------------------------------------------------------------------------------------------------------------------------------------
 Index Scan Backward using idx on public.t (actual rows=7048576.00 loops=1)
   Output: a, b
   Index Cond: ((t.a >= 29973) AND (t.a <= 1792116))
   Index Searches: 1
   Prefetch: distance=254.326 count=2087531 stalls=106499 skipped=4872063 resets=0 ungets=17672 forwarded=2
             histogram [2,4) => 2552, [4,8) => 184, [8,16) => 15, [16,32) => 44, [32,64) => 110, [64,128) => 624, [128,256) => 849089, [256,512) => 1234913
   Buffers: shared hit=2086444 read=100520
 Settings: enable_bitmapscan = 'off', enable_seqscan = 'off', max_parallel_workers_per_gather = '0'
 Planning:
   Buffers: shared hit=82 read=23
 Planning Time: 1.808 ms
 Execution Time: 2259.618 ms
(12 rows)

SET
SET
SET
SET
SET
                                             QUERY PLAN                                             
----------------------------------------------------------------------------------------------------
 Index Scan Backward using idx on public.t (actual rows=7048576.00 loops=1)
   Output: a, b
   Index Cond: ((t.a >= 29973) AND (t.a <= 1792116))
   Index Searches: 1
   Buffers: shared hit=2186964
 Settings: enable_bitmapscan = 'off', enable_seqscan = 'off', max_parallel_workers_per_gather = '0'
 Planning:
   Buffers: shared hit=110
 Planning Time: 0.208 ms
 Execution Time: 1123.763 ms
(10 rows)

