SET
SET
SET
SET
SET
                                                                        QUERY PLAN                                                                         
-----------------------------------------------------------------------------------------------------------------------------------------------------------
 Index Scan Backward using idx on public.t (actual rows=3048576.00 loops=1)
   Output: a, b
   Index Cond: ((t.a >= 24013) AND (t.a <= 786156))
   Index Searches: 1
   Prefetch: distance=253.531 count=841607 stalls=113780 skipped=2107257 resets=0 ungets=14415 forwarded=2
             histogram [2,4) => 2606, [4,8) => 186, [8,16) => 15, [16,32) => 44, [32,64) => 110, [64,128) => 605, [128,256) => 340508, [256,512) => 497533
   Buffers: shared hit=898447 read=47205
 Settings: enable_bitmapscan = 'off', enable_seqscan = 'off', max_parallel_workers_per_gather = '0'
 Planning:
   Buffers: shared hit=82 read=27
 Planning Time: 1.989 ms
 Execution Time: 1036.503 ms
(12 rows)

SET
SET
SET
SET
SET
                                             QUERY PLAN                                             
----------------------------------------------------------------------------------------------------
 Index Scan Backward using idx on public.t (actual rows=3048576.00 loops=1)
   Output: a, b
   Index Cond: ((t.a >= 24013) AND (t.a <= 786156))
   Index Searches: 1
   Buffers: shared hit=945652
 Settings: enable_bitmapscan = 'off', enable_seqscan = 'off', max_parallel_workers_per_gather = '0'
 Planning:
   Buffers: shared hit=114
 Planning Time: 0.220 ms
 Execution Time: 486.880 ms
(10 rows)

