SET
SET
SET
SET
SET
                                                                        QUERY PLAN                                                                         
-----------------------------------------------------------------------------------------------------------------------------------------------------------
 Index Scan Backward using idx on public.t (actual rows=5048576.00 loops=1)
   Output: a, b
   Index Cond: ((t.a >= 26686) AND (t.a <= 1288829))
   Index Searches: 1
   Prefetch: distance=254.111 count=1464038 stalls=110528 skipped=3489748 resets=0 ungets=16097 forwarded=2
             histogram [2,4) => 2586, [4,8) => 185, [8,16) => 15, [16,32) => 44, [32,64) => 110, [64,128) => 624, [128,256) => 593886, [256,512) => 866588
   Buffers: shared hit=1492276 read=73862
 Settings: enable_bitmapscan = 'off', enable_seqscan = 'off', max_parallel_workers_per_gather = '0'
 Planning:
   Buffers: shared hit=82 read=23
 Planning Time: 1.826 ms
 Execution Time: 1653.879 ms
(12 rows)

SET
SET
SET
SET
SET
                                             QUERY PLAN                                             
----------------------------------------------------------------------------------------------------
 Index Scan Backward using idx on public.t (actual rows=5048576.00 loops=1)
   Output: a, b
   Index Cond: ((t.a >= 26686) AND (t.a <= 1288829))
   Index Searches: 1
   Buffers: shared hit=1566138
 Settings: enable_bitmapscan = 'off', enable_seqscan = 'off', max_parallel_workers_per_gather = '0'
 Planning:
   Buffers: shared hit=110
 Planning Time: 0.203 ms
 Execution Time: 802.993 ms
(10 rows)

