SET
SET
SET
SET
SET
                                                                      QUERY PLAN                                                                      
------------------------------------------------------------------------------------------------------------------------------------------------------
 Index Scan Backward using idx on public.t (actual rows=262144.00 loops=1)
   Output: a, b
   Index Cond: ((t.a >= 21360) AND (t.a <= 86895))
   Index Searches: 1
   Prefetch: distance=258.158 count=57604 stalls=32000 skipped=181189 resets=0 ungets=8868 forwarded=0
             histogram [2,4) => 454, [4,8) => 27, [8,16) => 13, [16,32) => 25, [32,64) => 34, [64,128) => 143, [128,256) => 12470, [256,512) => 44438
   Buffers: shared hit=71029 read=10169
 Settings: enable_bitmapscan = 'off', enable_seqscan = 'off', max_parallel_workers_per_gather = '0'
 Planning:
   Buffers: shared hit=82 read=27
 Planning Time: 2.003 ms
 Execution Time: 128.886 ms
(12 rows)

SET
SET
SET
SET
SET
                                             QUERY PLAN                                             
----------------------------------------------------------------------------------------------------
 Index Scan Backward using idx on public.t (actual rows=262144.00 loops=1)
   Output: a, b
   Index Cond: ((t.a >= 21360) AND (t.a <= 86895))
   Index Searches: 1
   Buffers: shared hit=81198
 Settings: enable_bitmapscan = 'off', enable_seqscan = 'off', max_parallel_workers_per_gather = '0'
 Planning:
   Buffers: shared hit=114
 Planning Time: 0.210 ms
 Execution Time: 38.646 ms
(10 rows)

