SET
SET
SET
SET
SET
                                                                       QUERY PLAN                                                                       
--------------------------------------------------------------------------------------------------------------------------------------------------------
 Index Scan Backward using idx on public.t (actual rows=524288.00 loops=1)
   Output: a, b
   Index Cond: ((t.a >= 7599) AND (t.a <= 138670))
   Index Searches: 1
   Prefetch: distance=251.943 count=78957 stalls=93297 skipped=362317 resets=0 ungets=10522 forwarded=0
             histogram [2,4) => 1422, [4,8) => 82, [8,16) => 13, [16,32) => 27, [32,64) => 104, [64,128) => 420, [128,256) => 20980, [256,512) => 55909
   Buffers: shared hit=149595 read=13000
 Settings: enable_bitmapscan = 'off', enable_seqscan = 'off', max_parallel_workers_per_gather = '0'
 Planning:
   Buffers: shared hit=82 read=27
 Planning Time: 1.988 ms
 Execution Time: 236.202 ms
(12 rows)

SET
SET
SET
SET
SET
                                             QUERY PLAN                                             
----------------------------------------------------------------------------------------------------
 Index Scan Backward using idx on public.t (actual rows=524288.00 loops=1)
   Output: a, b
   Index Cond: ((t.a >= 7599) AND (t.a <= 138670))
   Index Searches: 1
   Buffers: shared hit=162595
 Settings: enable_bitmapscan = 'off', enable_seqscan = 'off', max_parallel_workers_per_gather = '0'
 Planning:
   Buffers: shared hit=114
 Planning Time: 0.186 ms
 Execution Time: 81.287 ms
(10 rows)

