SET
SET
SET
SET
SET
                                                                     QUERY PLAN                                                                      
-----------------------------------------------------------------------------------------------------------------------------------------------------
 Index Scan Backward using idx on public.t (actual rows=131072.00 loops=1)
   Output: a, b
   Index Cond: ((t.a >= 14871) AND (t.a <= 47638))
   Index Searches: 1
   Prefetch: distance=260.749 count=43284 stalls=4406 skipped=90580 resets=0 ungets=7369 forwarded=0
             histogram [2,4) => 132, [4,8) => 11, [8,16) => 21, [16,32) => 26, [32,64) => 54, [64,128) => 283, [128,256) => 7232, [256,512) => 35525
   Buffers: shared hit=32504 read=8073
 Settings: enable_bitmapscan = 'off', enable_seqscan = 'off', max_parallel_workers_per_gather = '0'
 Planning:
   Buffers: shared hit=82 read=27
 Planning Time: 2.092 ms
 Execution Time: 75.159 ms
(12 rows)

SET
SET
SET
SET
SET
                                             QUERY PLAN                                             
----------------------------------------------------------------------------------------------------
 Index Scan Backward using idx on public.t (actual rows=131072.00 loops=1)
   Output: a, b
   Index Cond: ((t.a >= 14871) AND (t.a <= 47638))
   Index Searches: 1
   Buffers: shared hit=40577
 Settings: enable_bitmapscan = 'off', enable_seqscan = 'off', max_parallel_workers_per_gather = '0'
 Planning:
   Buffers: shared hit=114
 Planning Time: 0.183 ms
 Execution Time: 18.831 ms
(10 rows)

