SET
SET
SET
SET
SET
                                                                        QUERY PLAN                                                                         
-----------------------------------------------------------------------------------------------------------------------------------------------------------
 Index Scan Backward using idx on public.t (actual rows=2048576.00 loops=1)
   Output: a, b
   Index Cond: ((t.a >= 12214) AND (t.a <= 524357))
   Index Searches: 1
   Prefetch: distance=252.680 count=517364 stalls=128247 skipped=1415933 resets=0 ungets=13543 forwarded=1
             histogram [2,4) => 2694, [4,8) => 191, [8,16) => 15, [16,32) => 44, [32,64) => 110, [64,128) => 605, [128,256) => 207560, [256,512) => 306145
   Buffers: shared hit=601891 read=33428
 Settings: enable_bitmapscan = 'off', enable_seqscan = 'off', max_parallel_workers_per_gather = '0'
 Planning:
   Buffers: shared hit=82 read=27
 Planning Time: 2.001 ms
 Execution Time: 746.452 ms
(12 rows)

SET
SET
SET
SET
SET
                                             QUERY PLAN                                             
----------------------------------------------------------------------------------------------------
 Index Scan Backward using idx on public.t (actual rows=2048576.00 loops=1)
   Output: a, b
   Index Cond: ((t.a >= 12214) AND (t.a <= 524357))
   Index Searches: 1
   Buffers: shared hit=635319
 Settings: enable_bitmapscan = 'off', enable_seqscan = 'off', max_parallel_workers_per_gather = '0'
 Planning:
   Buffers: shared hit=114
 Planning Time: 0.216 ms
 Execution Time: 331.747 ms
(10 rows)

