SET
SET
SET
SET
SET
                                                                        QUERY PLAN                                                                        
----------------------------------------------------------------------------------------------------------------------------------------------------------
 Index Scan Backward using idx on public.t (actual rows=1048576.00 loops=1)
   Output: a, b
   Index Cond: ((t.a >= 18588) AND (t.a <= 280731))
   Index Searches: 1
   Prefetch: distance=249.721 count=215941 stalls=120389 skipped=725129 resets=0 ungets=12898 forwarded=1
             histogram [2,4) => 2650, [4,8) => 187, [8,16) => 15, [16,32) => 44, [32,64) => 110, [64,128) => 597, [128,256) => 84222, [256,512) => 128116
   Buffers: shared hit=304570 read=20442
 Settings: enable_bitmapscan = 'off', enable_seqscan = 'off', max_parallel_workers_per_gather = '0'
 Planning:
   Buffers: shared hit=82 read=27
 Planning Time: 1.997 ms
 Execution Time: 428.794 ms
(12 rows)

SET
SET
SET
SET
SET
                                             QUERY PLAN                                             
----------------------------------------------------------------------------------------------------
 Index Scan Backward using idx on public.t (actual rows=1048576.00 loops=1)
   Output: a, b
   Index Cond: ((t.a >= 18588) AND (t.a <= 280731))
   Index Searches: 1
   Buffers: shared hit=325012
 Settings: enable_bitmapscan = 'off', enable_seqscan = 'off', max_parallel_workers_per_gather = '0'
 Planning:
   Buffers: shared hit=114
 Planning Time: 0.184 ms
 Execution Time: 168.241 ms
(10 rows)

