SET
SET
SET
SET
SET
                                                                      QUERY PLAN                                                                       
-------------------------------------------------------------------------------------------------------------------------------------------------------
 Index Scan Backward using idx on public.t (actual rows=524288.00 loops=1)
   Output: a, b
   Index Cond: ((t.a >= 24893) AND (t.a <= 155964))
   Index Searches: 1
   Prefetch: distance=249.780 count=96779 stalls=75743 skipped=362117 resets=0 ungets=10962 forwarded=1
             histogram [2,4) => 1380, [4,8) => 89, [8,16) => 18, [16,32) => 21, [32,64) => 34, [64,128) => 442, [128,256) => 31990, [256,512) => 62805
   Buffers: shared hit=148735 read=13790
 Settings: enable_bitmapscan = 'off', enable_seqscan = 'off', max_parallel_workers_per_gather = '0'
 Planning:
   Buffers: shared hit=82 read=27
 Planning Time: 2.010 ms
 Execution Time: 242.424 ms
(12 rows)

SET
SET
SET
SET
SET
                                             QUERY PLAN                                             
----------------------------------------------------------------------------------------------------
 Index Scan Backward using idx on public.t (actual rows=524288.00 loops=1)
   Output: a, b
   Index Cond: ((t.a >= 24893) AND (t.a <= 155964))
   Index Searches: 1
   Buffers: shared hit=162525
 Settings: enable_bitmapscan = 'off', enable_seqscan = 'off', max_parallel_workers_per_gather = '0'
 Planning:
   Buffers: shared hit=114
 Planning Time: 0.185 ms
 Execution Time: 82.460 ms
(10 rows)

