SET
SET
SET
SET
SET
                                                              QUERY PLAN                                                               
---------------------------------------------------------------------------------------------------------------------------------------
 Index Scan Backward using idx on public.t (actual rows=262144.00 loops=1)
   Output: a, b
   Index Cond: ((t.a >= 13083) AND (t.a <= 78618))
   Index Searches: 1
   Buffers: shared hit=245647 read=12965
 Settings: enable_bitmapscan = 'off', enable_seqscan = 'off', max_parallel_workers_per_gather = '0', enable_indexscan_prefetch = 'off'
 Planning:
   Buffers: shared hit=78 read=26
 Planning Time: 2.032 ms
 Execution Time: 93.572 ms
(10 rows)

SET
SET
SET
SET
SET
                                                              QUERY PLAN                                                               
---------------------------------------------------------------------------------------------------------------------------------------
 Index Scan Backward using idx on public.t (actual rows=262144.00 loops=1)
   Output: a, b
   Index Cond: ((t.a >= 13083) AND (t.a <= 78618))
   Index Searches: 1
   Buffers: shared hit=258612
 Settings: enable_bitmapscan = 'off', enable_seqscan = 'off', max_parallel_workers_per_gather = '0', enable_indexscan_prefetch = 'off'
 Planning:
   Buffers: shared hit=109
 Planning Time: 0.181 ms
 Execution Time: 38.280 ms
(10 rows)

