SET
SET
SET
SET
SET
                                                                         QUERY PLAN                                                                         
------------------------------------------------------------------------------------------------------------------------------------------------------------
 Index Scan Backward using idx on public.t (actual rows=8048576.00 loops=1)
   Output: a, b
   Index Cond: ((t.a >= 2083) AND (t.a <= 2014226))
   Index Searches: 1
   Prefetch: distance=254.378 count=2362865 stalls=140765 skipped=5563210 resets=0 ungets=18419 forwarded=2
             histogram [2,4) => 2724, [4,8) => 192, [8,16) => 15, [16,32) => 44, [32,64) => 110, [64,128) => 624, [128,256) => 960996, [256,512) => 1398160
   Buffers: shared hit=2384765 read=112550
 Settings: enable_bitmapscan = 'off', enable_seqscan = 'off', max_parallel_workers_per_gather = '0'
 Planning:
   Buffers: shared hit=82 read=27
 Planning Time: 2.166 ms
 Execution Time: 2565.351 ms
(12 rows)

SET
SET
SET
SET
SET
                                             QUERY PLAN                                             
----------------------------------------------------------------------------------------------------
 Index Scan Backward using idx on public.t (actual rows=8048576.00 loops=1)
   Output: a, b
   Index Cond: ((t.a >= 2083) AND (t.a <= 2014226))
   Index Searches: 1
   Buffers: shared hit=2497315
 Settings: enable_bitmapscan = 'off', enable_seqscan = 'off', max_parallel_workers_per_gather = '0'
 Planning:
   Buffers: shared hit=114
 Planning Time: 0.240 ms
 Execution Time: 1304.139 ms
(10 rows)

