SET
SET
SET
SET
SET
                                                                         QUERY PLAN                                                                          
-------------------------------------------------------------------------------------------------------------------------------------------------------------
 Index Scan Backward using idx on public.t (actual rows=9048576.00 loops=1)
   Output: a, b
   Index Cond: ((t.a >= 30667) AND (t.a <= 2292810))
   Index Searches: 1
   Prefetch: distance=254.460 count=2707056 stalls=105643 skipped=6254704 resets=0 ungets=19094 forwarded=3
             histogram [2,4) => 2538, [4,8) => 182, [8,16) => 15, [16,32) => 44, [32,64) => 110, [64,128) => 624, [128,256) => 1101927, [256,512) => 1601616
   Buffers: shared hit=2680285 read=126956
 Settings: enable_bitmapscan = 'off', enable_seqscan = 'off', max_parallel_workers_per_gather = '0'
 Planning:
   Buffers: shared hit=82 read=23
 Planning Time: 1.809 ms
 Execution Time: 2858.936 ms
(12 rows)

SET
SET
SET
SET
SET
                                             QUERY PLAN                                             
----------------------------------------------------------------------------------------------------
 Index Scan Backward using idx on public.t (actual rows=9048576.00 loops=1)
   Output: a, b
   Index Cond: ((t.a >= 30667) AND (t.a <= 2292810))
   Index Searches: 1
   Buffers: shared hit=2807241
 Settings: enable_bitmapscan = 'off', enable_seqscan = 'off', max_parallel_workers_per_gather = '0'
 Planning:
   Buffers: shared hit=110
 Planning Time: 0.225 ms
 Execution Time: 1431.085 ms
(10 rows)

