SET
SET
SET
SET
SET
                                                                         QUERY PLAN                                                                         
------------------------------------------------------------------------------------------------------------------------------------------------------------
 Index Scan Backward using idx on public.t (actual rows=6048576.00 loops=1)
   Output: a, b
   Index Cond: ((t.a >= 15904) AND (t.a <= 1528047))
   Index Searches: 1
   Prefetch: distance=254.232 count=1760362 stalls=123701 skipped=4180549 resets=0 ungets=16691 forwarded=1
             histogram [2,4) => 2678, [4,8) => 190, [8,16) => 15, [16,32) => 44, [32,64) => 110, [64,128) => 624, [128,256) => 714328, [256,512) => 1042373
   Buffers: shared hit=1789970 read=86658
 Settings: enable_bitmapscan = 'off', enable_seqscan = 'off', max_parallel_workers_per_gather = '0'
 Planning:
   Buffers: shared hit=82 read=27
 Planning Time: 1.994 ms
 Execution Time: 1982.993 ms
(12 rows)

SET
SET
SET
SET
SET
                                             QUERY PLAN                                             
----------------------------------------------------------------------------------------------------
 Index Scan Backward using idx on public.t (actual rows=6048576.00 loops=1)
   Output: a, b
   Index Cond: ((t.a >= 15904) AND (t.a <= 1528047))
   Index Searches: 1
   Buffers: shared hit=1876628
 Settings: enable_bitmapscan = 'off', enable_seqscan = 'off', max_parallel_workers_per_gather = '0'
 Planning:
   Buffers: shared hit=114
 Planning Time: 0.227 ms
 Execution Time: 974.273 ms
(10 rows)

