SET
SET
SET
SET
SET
                                                                        QUERY PLAN                                                                         
-----------------------------------------------------------------------------------------------------------------------------------------------------------
 Index Scan Backward using idx on public.t (actual rows=4048576.00 loops=1)
   Output: a, b
   Index Cond: ((t.a >= 8161) AND (t.a <= 1020304))
   Index Searches: 1
   Prefetch: distance=253.829 count=1131820 stalls=133253 skipped=2798330 resets=0 ungets=15230 forwarded=2
             histogram [2,4) => 2710, [4,8) => 191, [8,16) => 15, [16,32) => 44, [32,64) => 110, [64,128) => 624, [128,256) => 459226, [256,512) => 668900
   Buffers: shared hit=1196249 read=59781
 Settings: enable_bitmapscan = 'off', enable_seqscan = 'off', max_parallel_workers_per_gather = '0'
 Planning:
   Buffers: shared hit=82 read=27
 Planning Time: 1.999 ms
 Execution Time: 1343.667 ms
(12 rows)

SET
SET
SET
SET
SET
                                             QUERY PLAN                                             
----------------------------------------------------------------------------------------------------
 Index Scan Backward using idx on public.t (actual rows=4048576.00 loops=1)
   Output: a, b
   Index Cond: ((t.a >= 8161) AND (t.a <= 1020304))
   Index Searches: 1
   Buffers: shared hit=1256030
 Settings: enable_bitmapscan = 'off', enable_seqscan = 'off', max_parallel_workers_per_gather = '0'
 Planning:
   Buffers: shared hit=114
 Planning Time: 0.199 ms
 Execution Time: 651.767 ms
(10 rows)

