SET
SET
SET
SET
SET
                                                                        QUERY PLAN                                                                        
----------------------------------------------------------------------------------------------------------------------------------------------------------
 Index Scan Backward using idx on public.t (actual rows=1048576.00 loops=1)
   Output: a, b
   Index Cond: ((t.a >= 28493) AND (t.a <= 290636))
   Index Searches: 1
   Prefetch: distance=250.046 count=227969 stalls=108320 skipped=724941 resets=0 ungets=12877 forwarded=1
             histogram [2,4) => 2564, [4,8) => 184, [8,16) => 15, [16,32) => 44, [32,64) => 110, [64,128) => 597, [128,256) => 89512, [256,512) => 134943
   Buffers: shared hit=304182 read=20876
 Settings: enable_bitmapscan = 'off', enable_seqscan = 'off', max_parallel_workers_per_gather = '0'
 Planning:
   Buffers: shared hit=82 read=23
 Planning Time: 1.825 ms
 Execution Time: 427.564 ms
(12 rows)

SET
SET
SET
SET
SET
                                             QUERY PLAN                                             
----------------------------------------------------------------------------------------------------
 Index Scan Backward using idx on public.t (actual rows=1048576.00 loops=1)
   Output: a, b
   Index Cond: ((t.a >= 28493) AND (t.a <= 290636))
   Index Searches: 1
   Buffers: shared hit=325058
 Settings: enable_bitmapscan = 'off', enable_seqscan = 'off', max_parallel_workers_per_gather = '0'
 Planning:
   Buffers: shared hit=110
 Planning Time: 0.179 ms
 Execution Time: 166.617 ms
(10 rows)

