SET
SET
SET
SET
SET
                                                                        QUERY PLAN                                                                         
-----------------------------------------------------------------------------------------------------------------------------------------------------------
 Index Scan Backward using idx on public.t (actual rows=2048576.00 loops=1)
   Output: a, b
   Index Cond: ((t.a >= 4363) AND (t.a <= 516506))
   Index Searches: 1
   Prefetch: distance=252.597 count=507735 stalls=137929 skipped=1415892 resets=0 ungets=13547 forwarded=3
             histogram [2,4) => 2722, [4,8) => 192, [8,16) => 15, [16,32) => 44, [32,64) => 110, [64,128) => 605, [128,256) => 203893, [256,512) => 300154
   Buffers: shared hit=602295 read=33064
 Settings: enable_bitmapscan = 'off', enable_seqscan = 'off', max_parallel_workers_per_gather = '0'
 Planning:
   Buffers: shared hit=82 read=27
 Planning Time: 1.980 ms
 Execution Time: 742.932 ms
(12 rows)

SET
SET
SET
SET
SET
                                             QUERY PLAN                                             
----------------------------------------------------------------------------------------------------
 Index Scan Backward using idx on public.t (actual rows=2048576.00 loops=1)
   Output: a, b
   Index Cond: ((t.a >= 4363) AND (t.a <= 516506))
   Index Searches: 1
   Buffers: shared hit=635359
 Settings: enable_bitmapscan = 'off', enable_seqscan = 'off', max_parallel_workers_per_gather = '0'
 Planning:
   Buffers: shared hit=114
 Planning Time: 0.187 ms
 Execution Time: 329.343 ms
(10 rows)

