SET
SET
SET
SET
SET
                                                                      QUERY PLAN                                                                      
------------------------------------------------------------------------------------------------------------------------------------------------------
 Index Scan Backward using idx on public.t (actual rows=262144.00 loops=1)
   Output: a, b
   Index Cond: ((t.a >= 6844) AND (t.a <= 72379))
   Index Searches: 1
   Prefetch: distance=258.260 count=53673 stalls=35387 skipped=181112 resets=0 ungets=8299 forwarded=0
             histogram [2,4) => 336, [4,8) => 18, [8,16) => 13, [16,32) => 25, [32,64) => 57, [64,128) => 157, [128,256) => 11474, [256,512) => 41593
   Buffers: shared hit=71734 read=9505
 Settings: enable_bitmapscan = 'off', enable_seqscan = 'off', max_parallel_workers_per_gather = '0'
 Planning:
   Buffers: shared hit=82 read=27
 Planning Time: 2.028 ms
 Execution Time: 125.881 ms
(12 rows)

SET
SET
SET
SET
SET
                                             QUERY PLAN                                             
----------------------------------------------------------------------------------------------------
 Index Scan Backward using idx on public.t (actual rows=262144.00 loops=1)
   Output: a, b
   Index Cond: ((t.a >= 6844) AND (t.a <= 72379))
   Index Searches: 1
   Buffers: shared hit=81239
 Settings: enable_bitmapscan = 'off', enable_seqscan = 'off', max_parallel_workers_per_gather = '0'
 Planning:
   Buffers: shared hit=114
 Planning Time: 0.188 ms
 Execution Time: 37.747 ms
(10 rows)

