SET
SET
SET
SET
SET
                                                                        QUERY PLAN                                                                         
-----------------------------------------------------------------------------------------------------------------------------------------------------------
 Index Scan Backward using idx on public.t (actual rows=3048576.00 loops=1)
   Output: a, b
   Index Cond: ((t.a >= 17193) AND (t.a <= 779336))
   Index Searches: 1
   Prefetch: distance=253.489 count=833105 stalls=122106 skipped=2107240 resets=0 ungets=14330 forwarded=2
             histogram [2,4) => 2672, [4,8) => 189, [8,16) => 15, [16,32) => 44, [32,64) => 110, [64,128) => 605, [128,256) => 337061, [256,512) => 492409
   Buffers: shared hit=898693 read=46896
 Settings: enable_bitmapscan = 'off', enable_seqscan = 'off', max_parallel_workers_per_gather = '0'
 Planning:
   Buffers: shared hit=82 read=27
 Planning Time: 2.011 ms
 Execution Time: 1062.951 ms
(12 rows)

SET
SET
SET
SET
SET
                                             QUERY PLAN                                             
----------------------------------------------------------------------------------------------------
 Index Scan Backward using idx on public.t (actual rows=3048576.00 loops=1)
   Output: a, b
   Index Cond: ((t.a >= 17193) AND (t.a <= 779336))
   Index Searches: 1
   Buffers: shared hit=945590
 Settings: enable_bitmapscan = 'off', enable_seqscan = 'off', max_parallel_workers_per_gather = '0'
 Planning:
   Buffers: shared hit=114
 Planning Time: 0.191 ms
 Execution Time: 488.569 ms
(10 rows)

