SET
SET
SET
SET
SET
                                                                         QUERY PLAN                                                                         
------------------------------------------------------------------------------------------------------------------------------------------------------------
 Index Scan Backward using idx on public.t (actual rows=8048576.00 loops=1)
   Output: a, b
   Index Cond: ((t.a >= 9817) AND (t.a <= 2021960))
   Index Searches: 1
   Prefetch: distance=254.378 count=2372329 stalls=131187 skipped=5563130 resets=0 ungets=18433 forwarded=2
             histogram [2,4) => 2702, [4,8) => 191, [8,16) => 15, [16,32) => 44, [32,64) => 110, [64,128) => 624, [128,256) => 965250, [256,512) => 1403393
   Buffers: shared hit=2384318 read=112928
 Settings: enable_bitmapscan = 'off', enable_seqscan = 'off', max_parallel_workers_per_gather = '0'
 Planning:
   Buffers: shared hit=82 read=27
 Planning Time: 2.020 ms
 Execution Time: 2528.930 ms
(12 rows)

SET
SET
SET
SET
SET
                                             QUERY PLAN                                             
----------------------------------------------------------------------------------------------------
 Index Scan Backward using idx on public.t (actual rows=8048576.00 loops=1)
   Output: a, b
   Index Cond: ((t.a >= 9817) AND (t.a <= 2021960))
   Index Searches: 1
   Buffers: shared hit=2497246
 Settings: enable_bitmapscan = 'off', enable_seqscan = 'off', max_parallel_workers_per_gather = '0'
 Planning:
   Buffers: shared hit=114
 Planning Time: 0.224 ms
 Execution Time: 1294.083 ms
(10 rows)

