SET
SET
SET
SET
SET
                                                                         QUERY PLAN                                                                          
-------------------------------------------------------------------------------------------------------------------------------------------------------------
 Index Scan Backward using idx on public.t (actual rows=9048576.00 loops=1)
   Output: a, b
   Index Cond: ((t.a >= 14528) AND (t.a <= 2276671))
   Index Searches: 1
   Prefetch: distance=254.439 count=2687240 stalls=125406 skipped=6254490 resets=0 ungets=19067 forwarded=2
             histogram [2,4) => 2684, [4,8) => 193, [8,16) => 19, [16,32) => 40, [32,64) => 110, [64,128) => 624, [128,256) => 1093902, [256,512) => 1589668
   Buffers: shared hit=2680964 read=126329
 Settings: enable_bitmapscan = 'off', enable_seqscan = 'off', max_parallel_workers_per_gather = '0'
 Planning:
   Buffers: shared hit=82 read=27
 Planning Time: 2.012 ms
 Execution Time: 2913.682 ms
(12 rows)

SET
SET
SET
SET
SET
                                             QUERY PLAN                                             
----------------------------------------------------------------------------------------------------
 Index Scan Backward using idx on public.t (actual rows=9048576.00 loops=1)
   Output: a, b
   Index Cond: ((t.a >= 14528) AND (t.a <= 2276671))
   Index Searches: 1
   Buffers: shared hit=2807293
 Settings: enable_bitmapscan = 'off', enable_seqscan = 'off', max_parallel_workers_per_gather = '0'
 Planning:
   Buffers: shared hit=114
 Planning Time: 0.226 ms
 Execution Time: 1457.768 ms
(10 rows)

