SET
SET
SET
SET
SET
                                                              QUERY PLAN                                                               
---------------------------------------------------------------------------------------------------------------------------------------
 Index Scan Backward using idx on public.t (actual rows=65536.00 loops=1)
   Output: a, b
   Index Cond: ((t.a >= 11876) AND (t.a <= 28259))
   Index Searches: 1
   Buffers: shared hit=13685 read=6601
 Settings: enable_bitmapscan = 'off', enable_seqscan = 'off', max_parallel_workers_per_gather = '0', enable_indexscan_prefetch = 'off'
 Planning:
   Buffers: shared hit=82 read=27
 Planning Time: 2.014 ms
 Execution Time: 229.736 ms
(10 rows)

SET
SET
SET
SET
SET
                                                              QUERY PLAN                                                               
---------------------------------------------------------------------------------------------------------------------------------------
 Index Scan Backward using idx on public.t (actual rows=65536.00 loops=1)
   Output: a, b
   Index Cond: ((t.a >= 11876) AND (t.a <= 28259))
   Index Searches: 1
   Buffers: shared hit=20286
 Settings: enable_bitmapscan = 'off', enable_seqscan = 'off', max_parallel_workers_per_gather = '0', enable_indexscan_prefetch = 'off'
 Planning:
   Buffers: shared hit=114
 Planning Time: 0.208 ms
 Execution Time: 12.712 ms
(10 rows)

