SET
SET
SET
SET
SET
                                                                        QUERY PLAN                                                                         
-----------------------------------------------------------------------------------------------------------------------------------------------------------
 Index Scan Backward using idx on public.t (actual rows=4048576.00 loops=1)
   Output: a, b
   Index Cond: ((t.a >= 23421) AND (t.a <= 1035564))
   Index Searches: 1
   Prefetch: distance=253.874 count=1150497 stalls=114514 skipped=2798193 resets=0 ungets=15283 forwarded=3
             histogram [2,4) => 2614, [4,8) => 190, [8,16) => 19, [16,32) => 40, [32,64) => 110, [64,128) => 624, [128,256) => 466638, [256,512) => 680262
   Buffers: shared hit=1195526 read=60470
 Settings: enable_bitmapscan = 'off', enable_seqscan = 'off', max_parallel_workers_per_gather = '0'
 Planning:
   Buffers: shared hit=82 read=27
 Planning Time: 2.007 ms
 Execution Time: 1362.149 ms
(12 rows)

SET
SET
SET
SET
SET
                                             QUERY PLAN                                             
----------------------------------------------------------------------------------------------------
 Index Scan Backward using idx on public.t (actual rows=4048576.00 loops=1)
   Output: a, b
   Index Cond: ((t.a >= 23421) AND (t.a <= 1035564))
   Index Searches: 1
   Buffers: shared hit=1255996
 Settings: enable_bitmapscan = 'off', enable_seqscan = 'off', max_parallel_workers_per_gather = '0'
 Planning:
   Buffers: shared hit=114
 Planning Time: 0.220 ms
 Execution Time: 653.774 ms
(10 rows)

