SET
SET
SET
SET
SET
                                                                        QUERY PLAN                                                                         
-----------------------------------------------------------------------------------------------------------------------------------------------------------
 Index Scan Backward using idx on public.t (actual rows=2048576.00 loops=1)
   Output: a, b
   Index Cond: ((t.a >= 3574) AND (t.a <= 515717))
   Index Searches: 1
   Prefetch: distance=252.608 count=507067 stalls=138900 skipped=1416221 resets=0 ungets=13695 forwarded=4
             histogram [2,4) => 2722, [4,8) => 192, [8,16) => 15, [16,32) => 44, [32,64) => 110, [64,128) => 605, [128,256) => 203532, [256,512) => 299847
   Buffers: shared hit=602338 read=33033
 Settings: enable_bitmapscan = 'off', enable_seqscan = 'off', max_parallel_workers_per_gather = '0'
 Planning:
   Buffers: shared hit=82 read=27
 Planning Time: 2.016 ms
 Execution Time: 735.911 ms
(12 rows)

SET
SET
SET
SET
SET
                                             QUERY PLAN                                             
----------------------------------------------------------------------------------------------------
 Index Scan Backward using idx on public.t (actual rows=2048576.00 loops=1)
   Output: a, b
   Index Cond: ((t.a >= 3574) AND (t.a <= 515717))
   Index Searches: 1
   Buffers: shared hit=635371
 Settings: enable_bitmapscan = 'off', enable_seqscan = 'off', max_parallel_workers_per_gather = '0'
 Planning:
   Buffers: shared hit=114
 Planning Time: 0.188 ms
 Execution Time: 329.759 ms
(10 rows)

