SET
SET
SET
SET
SET
                                                                        QUERY PLAN                                                                         
-----------------------------------------------------------------------------------------------------------------------------------------------------------
 Index Scan Backward using idx on public.t (actual rows=5048576.00 loops=1)
   Output: a, b
   Index Cond: ((t.a >= 13643) AND (t.a <= 1275786))
   Index Searches: 1
   Prefetch: distance=254.076 count=1447957 stalls=126499 skipped=3489884 resets=0 ungets=16055 forwarded=1
             histogram [2,4) => 2690, [4,8) => 190, [8,16) => 15, [16,32) => 44, [32,64) => 110, [64,128) => 624, [128,256) => 587327, [256,512) => 856957
   Buffers: shared hit=1492763 read=73285
 Settings: enable_bitmapscan = 'off', enable_seqscan = 'off', max_parallel_workers_per_gather = '0'
 Planning:
   Buffers: shared hit=82 read=27
 Planning Time: 2.076 ms
 Execution Time: 1669.081 ms
(12 rows)

SET
SET
SET
SET
SET
                                             QUERY PLAN                                             
----------------------------------------------------------------------------------------------------
 Index Scan Backward using idx on public.t (actual rows=5048576.00 loops=1)
   Output: a, b
   Index Cond: ((t.a >= 13643) AND (t.a <= 1275786))
   Index Searches: 1
   Buffers: shared hit=1566048
 Settings: enable_bitmapscan = 'off', enable_seqscan = 'off', max_parallel_workers_per_gather = '0'
 Planning:
   Buffers: shared hit=114
 Planning Time: 0.210 ms
 Execution Time: 810.631 ms
(10 rows)

