SET
SET
SET
SET
SET
                                                                        QUERY PLAN                                                                         
-----------------------------------------------------------------------------------------------------------------------------------------------------------
 Index Scan Backward using idx on public.t (actual rows=3048576.00 loops=1)
   Output: a, b
   Index Cond: ((t.a >= 16828) AND (t.a <= 778971))
   Index Searches: 1
   Prefetch: distance=253.490 count=832760 stalls=122565 skipped=2107310 resets=0 ungets=14390 forwarded=2
             histogram [2,4) => 2672, [4,8) => 189, [8,16) => 15, [16,32) => 44, [32,64) => 110, [64,128) => 605, [128,256) => 336898, [256,512) => 492227
   Buffers: shared hit=898725 read=46881
 Settings: enable_bitmapscan = 'off', enable_seqscan = 'off', max_parallel_workers_per_gather = '0'
 Planning:
   Buffers: shared hit=82 read=27
 Planning Time: 2.076 ms
 Execution Time: 1054.800 ms
(12 rows)

SET
SET
SET
SET
SET
                                             QUERY PLAN                                             
----------------------------------------------------------------------------------------------------
 Index Scan Backward using idx on public.t (actual rows=3048576.00 loops=1)
   Output: a, b
   Index Cond: ((t.a >= 16828) AND (t.a <= 778971))
   Index Searches: 1
   Buffers: shared hit=945606
 Settings: enable_bitmapscan = 'off', enable_seqscan = 'off', max_parallel_workers_per_gather = '0'
 Planning:
   Buffers: shared hit=114
 Planning Time: 0.235 ms
 Execution Time: 488.767 ms
(10 rows)

