SET
SET
SET
SET
SET
                                                                        QUERY PLAN                                                                        
----------------------------------------------------------------------------------------------------------------------------------------------------------
 Index Scan Backward using idx on public.t (actual rows=1048576.00 loops=1)
   Output: a, b
   Index Cond: ((t.a >= 20327) AND (t.a <= 282470))
   Index Searches: 1
   Prefetch: distance=249.763 count=217877 stalls=118235 skipped=724968 resets=0 ungets=12795 forwarded=1
             histogram [2,4) => 2642, [4,8) => 187, [8,16) => 15, [16,32) => 44, [32,64) => 110, [64,128) => 597, [128,256) => 85029, [256,512) => 129253
   Buffers: shared hit=304456 read=20526
 Settings: enable_bitmapscan = 'off', enable_seqscan = 'off', max_parallel_workers_per_gather = '0'
 Planning:
   Buffers: shared hit=82 read=27
 Planning Time: 1.996 ms
 Execution Time: 424.556 ms
(12 rows)

SET
SET
SET
SET
SET
                                             QUERY PLAN                                             
----------------------------------------------------------------------------------------------------
 Index Scan Backward using idx on public.t (actual rows=1048576.00 loops=1)
   Output: a, b
   Index Cond: ((t.a >= 20327) AND (t.a <= 282470))
   Index Searches: 1
   Buffers: shared hit=324982
 Settings: enable_bitmapscan = 'off', enable_seqscan = 'off', max_parallel_workers_per_gather = '0'
 Planning:
   Buffers: shared hit=114
 Planning Time: 0.225 ms
 Execution Time: 167.650 ms
(10 rows)

