SET
SET
SET
SET
SET
                                                                         QUERY PLAN                                                                         
------------------------------------------------------------------------------------------------------------------------------------------------------------
 Index Scan Backward using idx on public.t (actual rows=6048576.00 loops=1)
   Output: a, b
   Index Cond: ((t.a >= 18947) AND (t.a <= 1531090))
   Index Searches: 1
   Prefetch: distance=254.242 count=1764407 stalls=119949 skipped=4180948 resets=0 ungets=16863 forwarded=1
             histogram [2,4) => 2648, [4,8) => 187, [8,16) => 15, [16,32) => 44, [32,64) => 110, [64,128) => 624, [128,256) => 715864, [256,512) => 1044915
   Buffers: shared hit=1789800 read=86798
 Settings: enable_bitmapscan = 'off', enable_seqscan = 'off', max_parallel_workers_per_gather = '0'
 Planning:
   Buffers: shared hit=82 read=27
 Planning Time: 2.012 ms
 Execution Time: 1937.745 ms
(12 rows)

SET
SET
SET
SET
SET
                                             QUERY PLAN                                             
----------------------------------------------------------------------------------------------------
 Index Scan Backward using idx on public.t (actual rows=6048576.00 loops=1)
   Output: a, b
   Index Cond: ((t.a >= 18947) AND (t.a <= 1531090))
   Index Searches: 1
   Buffers: shared hit=1876598
 Settings: enable_bitmapscan = 'off', enable_seqscan = 'off', max_parallel_workers_per_gather = '0'
 Planning:
   Buffers: shared hit=114
 Planning Time: 0.227 ms
 Execution Time: 970.506 ms
(10 rows)

