SET
SET
SET
SET
SET
                                                                         QUERY PLAN                                                                         
------------------------------------------------------------------------------------------------------------------------------------------------------------
 Index Scan Backward using idx on public.t (actual rows=8048576.00 loops=1)
   Output: a, b
   Index Cond: ((t.a >= 19569) AND (t.a <= 2031712))
   Index Searches: 1
   Prefetch: distance=254.393 count=2384157 stalls=119176 skipped=5562941 resets=0 ungets=18325 forwarded=2
             histogram [2,4) => 2644, [4,8) => 187, [8,16) => 15, [16,32) => 44, [32,64) => 110, [64,128) => 624, [128,256) => 969700, [256,512) => 1410833
   Buffers: shared hit=2383902 read=113354
 Settings: enable_bitmapscan = 'off', enable_seqscan = 'off', max_parallel_workers_per_gather = '0'
 Planning:
   Buffers: shared hit=82 read=27
 Planning Time: 2.025 ms
 Execution Time: 2561.354 ms
(12 rows)

SET
SET
SET
SET
SET
                                             QUERY PLAN                                             
----------------------------------------------------------------------------------------------------
 Index Scan Backward using idx on public.t (actual rows=8048576.00 loops=1)
   Output: a, b
   Index Cond: ((t.a >= 19569) AND (t.a <= 2031712))
   Index Searches: 1
   Buffers: shared hit=2497256
 Settings: enable_bitmapscan = 'off', enable_seqscan = 'off', max_parallel_workers_per_gather = '0'
 Planning:
   Buffers: shared hit=114
 Planning Time: 0.231 ms
 Execution Time: 1299.123 ms
(10 rows)

