SET
SET
SET
SET
SET
                                                              QUERY PLAN                                                               
---------------------------------------------------------------------------------------------------------------------------------------
 Index Scan Backward using idx on public.t (actual rows=65536.00 loops=1)
   Output: a, b
   Index Cond: ((t.a >= 9621) AND (t.a <= 26004))
   Index Searches: 1
   Buffers: shared hit=13779 read=6534
 Settings: enable_bitmapscan = 'off', enable_seqscan = 'off', max_parallel_workers_per_gather = '0', enable_indexscan_prefetch = 'off'
 Planning:
   Buffers: shared hit=86 read=27
 Planning Time: 2.091 ms
 Execution Time: 259.737 ms
(10 rows)

SET
SET
SET
SET
SET
                                                              QUERY PLAN                                                               
---------------------------------------------------------------------------------------------------------------------------------------
 Index Scan Backward using idx on public.t (actual rows=65536.00 loops=1)
   Output: a, b
   Index Cond: ((t.a >= 9621) AND (t.a <= 26004))
   Index Searches: 1
   Buffers: shared hit=20313
 Settings: enable_bitmapscan = 'off', enable_seqscan = 'off', max_parallel_workers_per_gather = '0', enable_indexscan_prefetch = 'off'
 Planning:
   Buffers: shared hit=118
 Planning Time: 0.181 ms
 Execution Time: 10.322 ms
(10 rows)

