SET
SET
SET
SET
SET
                                                               QUERY PLAN                                                                
-----------------------------------------------------------------------------------------------------------------------------------------
 Index Scan using idx on public.t (actual rows=2048.00 loops=1)
   Output: a, b
   Index Cond: ((t.a >= 9803) AND (t.a <= 10314))
   Index Searches: 1
   Prefetch: distance=264.423 count=981 stalls=1 skipped=1275 resets=0 ungets=412 forwarded=3
             histogram [2,4) => 2, [4,8) => 4, [8,16) => 5, [16,32) => 14, [32,64) => 2, [64,128) => 3, [128,256) => 2, [256,512) => 949
   Buffers: shared hit=41 read=603
 Settings: enable_bitmapscan = 'off', enable_seqscan = 'off', max_parallel_workers_per_gather = '0'
 Planning:
   Buffers: shared hit=82 read=27
 Planning Time: 1.674 ms
 Execution Time: 8.792 ms
(12 rows)

SET
SET
SET
SET
SET
                                             QUERY PLAN                                             
----------------------------------------------------------------------------------------------------
 Index Scan using idx on public.t (actual rows=2048.00 loops=1)
   Output: a, b
   Index Cond: ((t.a >= 9803) AND (t.a <= 10314))
   Index Searches: 1
   Buffers: shared hit=644
 Settings: enable_bitmapscan = 'off', enable_seqscan = 'off', max_parallel_workers_per_gather = '0'
 Planning:
   Buffers: shared hit=114
 Planning Time: 0.171 ms
 Execution Time: 0.421 ms
(10 rows)

