SET
SET
SET
SET
SET
                                                               QUERY PLAN                                                               
----------------------------------------------------------------------------------------------------------------------------------------
 Index Scan using idx on public.t (actual rows=512.00 loops=1)
   Output: a, b
   Index Cond: ((t.a >= 5948) AND (t.a <= 6075))
   Index Searches: 1
   Prefetch: distance=203.384 count=112 stalls=1 skipped=181 resets=0 ungets=41 forwarded=1
             histogram [2,4) => 2, [4,8) => 4, [8,16) => 5, [16,32) => 13, [32,64) => 5, [64,128) => 2, [128,256) => 2, [256,512) => 79
   Buffers: shared hit=7 read=154
 Settings: enable_bitmapscan = 'off', enable_seqscan = 'off', max_parallel_workers_per_gather = '0'
 Planning:
   Buffers: shared hit=82 read=27
 Planning Time: 1.261 ms
 Execution Time: 7.179 ms
(12 rows)

SET
SET
SET
SET
SET
                                             QUERY PLAN                                             
----------------------------------------------------------------------------------------------------
 Index Scan using idx on public.t (actual rows=512.00 loops=1)
   Output: a, b
   Index Cond: ((t.a >= 5948) AND (t.a <= 6075))
   Index Searches: 1
   Buffers: shared hit=161
 Settings: enable_bitmapscan = 'off', enable_seqscan = 'off', max_parallel_workers_per_gather = '0'
 Planning:
   Buffers: shared hit=114
 Planning Time: 0.188 ms
 Execution Time: 0.252 ms
(10 rows)

