SET
SET
SET
SET
SET
                                                                 QUERY PLAN                                                                  
---------------------------------------------------------------------------------------------------------------------------------------------
 Index Scan using idx on public.t (actual rows=65536.00 loops=1)
   Output: a, b
   Index Cond: ((t.a >= 17357) AND (t.a <= 33740))
   Index Searches: 1
   Prefetch: distance=269.007 count=26043 stalls=1 skipped=45361 resets=0 ungets=5916 forwarded=461
             histogram [2,4) => 2, [4,8) => 4, [8,16) => 5, [16,32) => 10, [32,64) => 2, [64,128) => 2, [128,256) => 764, [256,512) => 25254
   Buffers: shared hit=13463 read=6784
 Settings: enable_bitmapscan = 'off', enable_seqscan = 'off', max_parallel_workers_per_gather = '0'
 Planning:
   Buffers: shared hit=78 read=27
 Planning Time: 2.007 ms
 Execution Time: 42.828 ms
(12 rows)

SET
SET
SET
SET
SET
                                             QUERY PLAN                                             
----------------------------------------------------------------------------------------------------
 Index Scan using idx on public.t (actual rows=65536.00 loops=1)
   Output: a, b
   Index Cond: ((t.a >= 17357) AND (t.a <= 33740))
   Index Searches: 1
   Buffers: shared hit=20247
 Settings: enable_bitmapscan = 'off', enable_seqscan = 'off', max_parallel_workers_per_gather = '0'
 Planning:
   Buffers: shared hit=110
 Planning Time: 0.190 ms
 Execution Time: 10.235 ms
(10 rows)

