SET
SET
SET
SET
SET
                                                                   QUERY PLAN                                                                    
-------------------------------------------------------------------------------------------------------------------------------------------------
 Index Scan using idx on public.t (actual rows=4048576.00 loops=1)
   Output: a, b
   Index Cond: ((t.a >= 9408) AND (t.a <= 1021551))
   Index Searches: 1
   Prefetch: distance=254.484 count=1257045 stalls=1 skipped=2798336 resets=0 ungets=7253 forwarded=4588
             histogram [2,4) => 2, [4,8) => 7, [8,16) => 7, [16,32) => 10, [32,64) => 2, [64,128) => 9, [128,256) => 530838, [256,512) => 726170
   Buffers: shared hit=1196181 read=59819
 Settings: enable_bitmapscan = 'off', enable_seqscan = 'off', max_parallel_workers_per_gather = '0'
 Planning:
   Buffers: shared hit=78 read=27
 Planning Time: 2.014 ms
 Execution Time: 931.811 ms
(12 rows)

SET
SET
SET
SET
SET
                                             QUERY PLAN                                             
----------------------------------------------------------------------------------------------------
 Index Scan using idx on public.t (actual rows=4048576.00 loops=1)
   Output: a, b
   Index Cond: ((t.a >= 9408) AND (t.a <= 1021551))
   Index Searches: 1
   Buffers: shared hit=1256002
 Settings: enable_bitmapscan = 'off', enable_seqscan = 'off', max_parallel_workers_per_gather = '0'
 Planning:
   Buffers: shared hit=110
 Planning Time: 0.211 ms
 Execution Time: 659.873 ms
(10 rows)

