SET
SET
SET
SET
SET
                                                                   QUERY PLAN                                                                   
------------------------------------------------------------------------------------------------------------------------------------------------
 Index Scan using idx on public.t (actual rows=1048576.00 loops=1)
   Output: a, b
   Index Cond: ((t.a >= 13134) AND (t.a <= 275277))
   Index Searches: 1
   Prefetch: distance=255.850 count=330028 stalls=1 skipped=724900 resets=0 ungets=6592 forwarded=1579
             histogram [2,4) => 2, [4,8) => 3, [8,16) => 5, [16,32) => 9, [32,64) => 8, [64,128) => 2, [128,256) => 128302, [256,512) => 201697
   Buffers: shared hit=304886 read=20200
 Settings: enable_bitmapscan = 'off', enable_seqscan = 'off', max_parallel_workers_per_gather = '0'
 Planning:
   Buffers: shared hit=78 read=27
 Planning Time: 2.116 ms
 Execution Time: 257.314 ms
(12 rows)

SET
SET
SET
SET
SET
                                             QUERY PLAN                                             
----------------------------------------------------------------------------------------------------
 Index Scan using idx on public.t (actual rows=1048576.00 loops=1)
   Output: a, b
   Index Cond: ((t.a >= 13134) AND (t.a <= 275277))
   Index Searches: 1
   Buffers: shared hit=325086
 Settings: enable_bitmapscan = 'off', enable_seqscan = 'off', max_parallel_workers_per_gather = '0'
 Planning:
   Buffers: shared hit=110
 Planning Time: 0.186 ms
 Execution Time: 169.432 ms
(10 rows)

