SET
SET
SET
SET
SET
                                                                    QUERY PLAN                                                                     
---------------------------------------------------------------------------------------------------------------------------------------------------
 Index Scan using idx on public.t (actual rows=3048576.00 loops=1)
   Output: a, b
   Index Cond: ((t.a >= 17810) AND (t.a <= 779953))
   Index Searches: 1
   Prefetch: distance=254.618 count=948415 stalls=1 skipped=2107396 resets=0 ungets=7475 forwarded=3573
             histogram [2,4) => 2, [4,8) => 3, [8,16) => 12, [16,32) => 11, [32,64) => 2, [64,128) => 10, [128,256) => 396615, [256,512) => 551760
   Buffers: shared hit=898653 read=46930
 Settings: enable_bitmapscan = 'off', enable_seqscan = 'off', max_parallel_workers_per_gather = '0'
 Planning:
   Buffers: shared hit=78 read=27
 Planning Time: 2.003 ms
 Execution Time: 721.910 ms
(12 rows)

SET
SET
SET
SET
SET
                                             QUERY PLAN                                             
----------------------------------------------------------------------------------------------------
 Index Scan using idx on public.t (actual rows=3048576.00 loops=1)
   Output: a, b
   Index Cond: ((t.a >= 17810) AND (t.a <= 779953))
   Index Searches: 1
   Buffers: shared hit=945584
 Settings: enable_bitmapscan = 'off', enable_seqscan = 'off', max_parallel_workers_per_gather = '0'
 Planning:
   Buffers: shared hit=110
 Planning Time: 0.199 ms
 Execution Time: 487.683 ms
(10 rows)

