SET
SET
SET
SET
SET
                                                                  QUERY PLAN                                                                  
----------------------------------------------------------------------------------------------------------------------------------------------
 Index Scan using idx on public.t (actual rows=131072.00 loops=1)
   Output: a, b
   Index Cond: ((t.a >= 26480) AND (t.a <= 59247))
   Index Searches: 1
   Prefetch: distance=265.320 count=47187 stalls=1 skipped=90457 resets=0 ungets=6868 forwarded=700
             histogram [2,4) => 4, [4,8) => 5, [8,16) => 7, [16,32) => 11, [32,64) => 2, [64,128) => 2, [128,256) => 5826, [256,512) => 41330
   Buffers: shared hit=32081 read=8533
 Settings: enable_bitmapscan = 'off', enable_seqscan = 'off', max_parallel_workers_per_gather = '0'
 Planning:
   Buffers: shared hit=78 read=23
 Planning Time: 1.853 ms
 Execution Time: 61.576 ms
(12 rows)

SET
SET
SET
SET
SET
                                             QUERY PLAN                                             
----------------------------------------------------------------------------------------------------
 Index Scan using idx on public.t (actual rows=131072.00 loops=1)
   Output: a, b
   Index Cond: ((t.a >= 26480) AND (t.a <= 59247))
   Index Searches: 1
   Buffers: shared hit=40614
 Settings: enable_bitmapscan = 'off', enable_seqscan = 'off', max_parallel_workers_per_gather = '0'
 Planning:
   Buffers: shared hit=106
 Planning Time: 0.177 ms
 Execution Time: 21.725 ms
(10 rows)

