SET
SET
SET
SET
SET
                                                                    QUERY PLAN                                                                     
---------------------------------------------------------------------------------------------------------------------------------------------------
 Index Scan using idx on public.t (actual rows=7048576.00 loops=1)
   Output: a, b
   Index Cond: ((t.a >= 16888) AND (t.a <= 1779031))
   Index Searches: 1
   Prefetch: distance=254.314 count=2184398 stalls=1 skipped=4871788 resets=0 ungets=8198 forwarded=7662
             histogram [2,4) => 2, [4,8) => 4, [8,16) => 6, [16,32) => 14, [32,64) => 6, [64,128) => 25, [128,256) => 933347, [256,512) => 1250994
   Buffers: shared hit=2086979 read=99960
 Settings: enable_bitmapscan = 'off', enable_seqscan = 'off', max_parallel_workers_per_gather = '0'
 Planning:
   Buffers: shared hit=78 read=27
 Planning Time: 2.017 ms
 Execution Time: 1615.624 ms
(12 rows)

SET
SET
SET
SET
SET
                                             QUERY PLAN                                             
----------------------------------------------------------------------------------------------------
 Index Scan using idx on public.t (actual rows=7048576.00 loops=1)
   Output: a, b
   Index Cond: ((t.a >= 16888) AND (t.a <= 1779031))
   Index Searches: 1
   Buffers: shared hit=2186941
 Settings: enable_bitmapscan = 'off', enable_seqscan = 'off', max_parallel_workers_per_gather = '0'
 Planning:
   Buffers: shared hit=110
 Planning Time: 0.230 ms
 Execution Time: 1138.933 ms
(10 rows)

