SET
SET
SET
SET
SET
                                                                     QUERY PLAN                                                                     
----------------------------------------------------------------------------------------------------------------------------------------------------
 Index Scan using idx on public.t (actual rows=9048576.00 loops=1)
   Output: a, b
   Index Cond: ((t.a >= 27130) AND (t.a <= 2289273))
   Index Searches: 1
   Prefetch: distance=254.258 count=2802679 stalls=1 skipped=6254584 resets=0 ungets=9055 forwarded=9746
             histogram [2,4) => 2, [4,8) => 3, [8,16) => 6, [16,32) => 10, [32,64) => 6, [64,128) => 45, [128,256) => 1201455, [256,512) => 1601152
   Buffers: shared hit=2680467 read=126826
 Settings: enable_bitmapscan = 'off', enable_seqscan = 'off', max_parallel_workers_per_gather = '0'
 Planning:
   Buffers: shared hit=78 read=23
 Planning Time: 1.824 ms
 Execution Time: 2041.434 ms
(12 rows)

SET
SET
SET
SET
SET
                                             QUERY PLAN                                             
----------------------------------------------------------------------------------------------------
 Index Scan using idx on public.t (actual rows=9048576.00 loops=1)
   Output: a, b
   Index Cond: ((t.a >= 27130) AND (t.a <= 2289273))
   Index Searches: 1
   Buffers: shared hit=2807294
 Settings: enable_bitmapscan = 'off', enable_seqscan = 'off', max_parallel_workers_per_gather = '0'
 Planning:
   Buffers: shared hit=106
 Planning Time: 0.197 ms
 Execution Time: 1436.629 ms
(10 rows)

