SET
SET
SET
SET
SET
                                                                    QUERY PLAN                                                                    
--------------------------------------------------------------------------------------------------------------------------------------------------
 Index Scan using idx on public.t (actual rows=6048576.00 loops=1)
   Output: a, b
   Index Cond: ((t.a >= 24113) AND (t.a <= 1536256))
   Index Searches: 1
   Prefetch: distance=254.386 count=1875746 stalls=1 skipped=4180713 resets=0 ungets=8295 forwarded=6720
             histogram [2,4) => 2, [4,8) => 3, [8,16) => 5, [16,32) => 10, [32,64) => 6, [64,128) => 9, [128,256) => 798352, [256,512) => 1077359
   Buffers: shared hit=1789624 read=87015
 Settings: enable_bitmapscan = 'off', enable_seqscan = 'off', max_parallel_workers_per_gather = '0'
 Planning:
   Buffers: shared hit=78 read=27
 Planning Time: 2.090 ms
 Execution Time: 1377.410 ms
(12 rows)

SET
SET
SET
SET
SET
                                             QUERY PLAN                                             
----------------------------------------------------------------------------------------------------
 Index Scan using idx on public.t (actual rows=6048576.00 loops=1)
   Output: a, b
   Index Cond: ((t.a >= 24113) AND (t.a <= 1536256))
   Index Searches: 1
   Buffers: shared hit=1876640
 Settings: enable_bitmapscan = 'off', enable_seqscan = 'off', max_parallel_workers_per_gather = '0'
 Planning:
   Buffers: shared hit=110
 Planning Time: 0.225 ms
 Execution Time: 963.132 ms
(10 rows)

