SET
SET
SET
SET
SET
                                                                    QUERY PLAN                                                                    
--------------------------------------------------------------------------------------------------------------------------------------------------
 Index Scan using idx on public.t (actual rows=5048576.00 loops=1)
   Output: a, b
   Index Cond: ((t.a >= 30295) AND (t.a <= 1292438))
   Index Searches: 1
   Prefetch: distance=254.458 count=1566839 stalls=1 skipped=3489738 resets=0 ungets=8401 forwarded=5730
             histogram [2,4) => 2, [4,8) => 3, [8,16) => 5, [16,32) => 12, [32,64) => 10, [64,128) => 9, [128,256) => 663592, [256,512) => 903206
   Buffers: shared hit=1492106 read=74015
 Settings: enable_bitmapscan = 'off', enable_seqscan = 'off', max_parallel_workers_per_gather = '0'
 Planning:
   Buffers: shared hit=78 read=23
 Planning Time: 1.813 ms
 Execution Time: 1151.967 ms
(12 rows)

SET
SET
SET
SET
SET
                                             QUERY PLAN                                             
----------------------------------------------------------------------------------------------------
 Index Scan using idx on public.t (actual rows=5048576.00 loops=1)
   Output: a, b
   Index Cond: ((t.a >= 30295) AND (t.a <= 1292438))
   Index Searches: 1
   Buffers: shared hit=1566122
 Settings: enable_bitmapscan = 'off', enable_seqscan = 'off', max_parallel_workers_per_gather = '0'
 Planning:
   Buffers: shared hit=106
 Planning Time: 0.204 ms
 Execution Time: 805.377 ms
(10 rows)

