SET
SET
SET
SET
                                             QUERY PLAN                                             
----------------------------------------------------------------------------------------------------
 Index Scan using idx on public.t (actual rows=6048576.00 loops=1)
   Output: a, b
   Index Cond: ((t.a >= 3336) AND (t.a <= 1515479))
   Index Searches: 1
   Buffers: shared hit=1790556 read=86103
 Settings: enable_bitmapscan = 'off', enable_seqscan = 'off', max_parallel_workers_per_gather = '0'
 Planning:
   Buffers: shared hit=78 read=27
 Planning Time: 1.995 ms
 Execution Time: 1376.202 ms
(10 rows)

SET
SET
SET
SET
                                             QUERY PLAN                                             
----------------------------------------------------------------------------------------------------
 Index Scan using idx on public.t (actual rows=6048576.00 loops=1)
   Output: a, b
   Index Cond: ((t.a >= 3336) AND (t.a <= 1515479))
   Index Searches: 1
   Buffers: shared hit=1876659
 Settings: enable_bitmapscan = 'off', enable_seqscan = 'off', max_parallel_workers_per_gather = '0'
 Planning:
   Buffers: shared hit=110
 Planning Time: 0.208 ms
 Execution Time: 954.514 ms
(10 rows)

