SET
SET
SET
SET
SET
                                                                   QUERY PLAN                                                                   
------------------------------------------------------------------------------------------------------------------------------------------------
 Index Scan using idx on public.t (actual rows=3048576.00 loops=1)
   Output: a, b
   Index Cond: ((t.a >= 26080) AND (t.a <= 788223))
   Index Searches: 1
   Prefetch: distance=254.653 count=948657 stalls=2 skipped=2107077 resets=0 ungets=7719 forwarded=3650
             histogram [2,4) => 2, [4,8) => 4, [8,16) => 5, [16,32) => 9, [32,64) => 6, [64,128) => 9, [128,256) => 395610, [256,512) => 553012
   Buffers: shared hit=898375 read=47307
 Settings: enable_bitmapscan = 'off', enable_seqscan = 'off', max_parallel_workers_per_gather = '0'
 Planning:
   Buffers: shared hit=78 read=27
 Planning Time: 2.039 ms
 Execution Time: 722.338 ms
(12 rows)

SET
SET
SET
SET
SET
                                             QUERY PLAN                                             
----------------------------------------------------------------------------------------------------
 Index Scan using idx on public.t (actual rows=3048576.00 loops=1)
   Output: a, b
   Index Cond: ((t.a >= 26080) AND (t.a <= 788223))
   Index Searches: 1
   Buffers: shared hit=945683
 Settings: enable_bitmapscan = 'off', enable_seqscan = 'off', max_parallel_workers_per_gather = '0'
 Planning:
   Buffers: shared hit=110
 Planning Time: 0.185 ms
 Execution Time: 496.834 ms
(10 rows)

