SET
SET
SET
SET
SET
                                                               QUERY PLAN                                                                
-----------------------------------------------------------------------------------------------------------------------------------------
 Index Scan using idx on public.t (actual rows=16384.00 loops=1)
   Output: a, b
   Index Cond: ((t.a >= 30661) AND (t.a <= 34756))
   Index Searches: 1
   Prefetch: distance=270.670 count=7812 stalls=1 skipped=11196 resets=0 ungets=2896 forwarded=137
             histogram [2,4) => 2, [4,8) => 3, [8,16) => 6, [16,32) => 9, [32,64) => 6, [64,128) => 3, [128,256) => 3, [256,512) => 7780
   Buffers: shared hit=1558 read=3468
 Settings: enable_bitmapscan = 'off', enable_seqscan = 'off', max_parallel_workers_per_gather = '0'
 Planning:
   Buffers: shared hit=78 read=23
 Planning Time: 1.819 ms
 Execution Time: 28.159 ms
(12 rows)

SET
SET
SET
SET
SET
                                             QUERY PLAN                                             
----------------------------------------------------------------------------------------------------
 Index Scan using idx on public.t (actual rows=16384.00 loops=1)
   Output: a, b
   Index Cond: ((t.a >= 30661) AND (t.a <= 34756))
   Index Searches: 1
   Buffers: shared hit=5026
 Settings: enable_bitmapscan = 'off', enable_seqscan = 'off', max_parallel_workers_per_gather = '0'
 Planning:
   Buffers: shared hit=106
 Planning Time: 0.163 ms
 Execution Time: 2.808 ms
(10 rows)

