SET
SET
SET
SET
SET
                                                                  QUERY PLAN                                                                   
-----------------------------------------------------------------------------------------------------------------------------------------------
 Index Scan using idx on public.t (actual rows=131072.00 loops=1)
   Output: a, b
   Index Cond: ((t.a >= 14265) AND (t.a <= 47032))
   Index Searches: 1
   Prefetch: distance=265.174 count=46622 stalls=1 skipped=90428 resets=0 ungets=6370 forwarded=640
             histogram [2,4) => 2, [4,8) => 3, [8,16) => 11, [16,32) => 13, [32,64) => 2, [64,128) => 2, [128,256) => 5892, [256,512) => 40697
   Buffers: shared hit=32522 read=8053
 Settings: enable_bitmapscan = 'off', enable_seqscan = 'off', max_parallel_workers_per_gather = '0'
 Planning:
   Buffers: shared hit=78 read=27
 Planning Time: 2.003 ms
 Execution Time: 60.819 ms
(12 rows)

SET
SET
SET
SET
SET
                                             QUERY PLAN                                             
----------------------------------------------------------------------------------------------------
 Index Scan using idx on public.t (actual rows=131072.00 loops=1)
   Output: a, b
   Index Cond: ((t.a >= 14265) AND (t.a <= 47032))
   Index Searches: 1
   Buffers: shared hit=40575
 Settings: enable_bitmapscan = 'off', enable_seqscan = 'off', max_parallel_workers_per_gather = '0'
 Planning:
   Buffers: shared hit=110
 Planning Time: 0.182 ms
 Execution Time: 18.686 ms
(10 rows)

