SET
SET
SET
SET
SET
                                                                  QUERY PLAN                                                                   
-----------------------------------------------------------------------------------------------------------------------------------------------
 Index Scan using idx on public.t (actual rows=262144.00 loops=1)
   Output: a, b
   Index Cond: ((t.a >= 6194) AND (t.a <= 71729))
   Index Searches: 1
   Prefetch: distance=260.052 count=86690 stalls=1 skipped=180855 resets=0 ungets=6013 forwarded=754
             histogram [2,4) => 4, [4,8) => 4, [8,16) => 12, [16,32) => 6, [32,64) => 2, [64,128) => 2, [128,256) => 23556, [256,512) => 63104
   Buffers: shared hit=71798 read=9468
 Settings: enable_bitmapscan = 'off', enable_seqscan = 'off', max_parallel_workers_per_gather = '0'
 Planning:
   Buffers: shared hit=78 read=27
 Planning Time: 2.007 ms
 Execution Time: 92.912 ms
(12 rows)

SET
SET
SET
SET
SET
                                             QUERY PLAN                                             
----------------------------------------------------------------------------------------------------
 Index Scan using idx on public.t (actual rows=262144.00 loops=1)
   Output: a, b
   Index Cond: ((t.a >= 6194) AND (t.a <= 71729))
   Index Searches: 1
   Buffers: shared hit=81266
 Settings: enable_bitmapscan = 'off', enable_seqscan = 'off', max_parallel_workers_per_gather = '0'
 Planning:
   Buffers: shared hit=110
 Planning Time: 0.181 ms
 Execution Time: 38.617 ms
(10 rows)

