SET
SET
SET
SET
SET
                                                                  QUERY PLAN                                                                   
-----------------------------------------------------------------------------------------------------------------------------------------------
 Index Scan using idx on public.t (actual rows=262144.00 loops=1)
   Output: a, b
   Index Cond: ((t.a >= 22758) AND (t.a <= 88293))
   Index Searches: 1
   Prefetch: distance=260.756 count=87446 stalls=1 skipped=180942 resets=0 ungets=6732 forwarded=830
             histogram [2,4) => 4, [4,8) => 4, [8,16) => 13, [16,32) => 7, [32,64) => 2, [64,128) => 2, [128,256) => 22046, [256,512) => 65368
   Buffers: shared hit=71029 read=10226
 Settings: enable_bitmapscan = 'off', enable_seqscan = 'off', max_parallel_workers_per_gather = '0'
 Planning:
   Buffers: shared hit=78 read=27
 Planning Time: 2.043 ms
 Execution Time: 97.233 ms
(12 rows)

SET
SET
SET
SET
SET
                                             QUERY PLAN                                             
----------------------------------------------------------------------------------------------------
 Index Scan using idx on public.t (actual rows=262144.00 loops=1)
   Output: a, b
   Index Cond: ((t.a >= 22758) AND (t.a <= 88293))
   Index Searches: 1
   Buffers: shared hit=81255
 Settings: enable_bitmapscan = 'off', enable_seqscan = 'off', max_parallel_workers_per_gather = '0'
 Planning:
   Buffers: shared hit=110
 Planning Time: 0.183 ms
 Execution Time: 42.325 ms
(10 rows)

