SET
SET
SET
SET
SET
                                                                  QUERY PLAN                                                                  
----------------------------------------------------------------------------------------------------------------------------------------------
 Index Scan using idx on public.t (actual rows=131072.00 loops=1)
   Output: a, b
   Index Cond: ((t.a >= 23848) AND (t.a <= 56615))
   Index Searches: 1
   Prefetch: distance=265.436 count=47142 stalls=1 skipped=90582 resets=0 ungets=6788 forwarded=681
             histogram [2,4) => 2, [4,8) => 3, [8,16) => 5, [16,32) => 10, [32,64) => 6, [64,128) => 3, [128,256) => 5555, [256,512) => 41558
   Buffers: shared hit=32158 read=8442
 Settings: enable_bitmapscan = 'off', enable_seqscan = 'off', max_parallel_workers_per_gather = '0'
 Planning:
   Buffers: shared hit=78 read=27
 Planning Time: 2.019 ms
 Execution Time: 60.120 ms
(12 rows)

SET
SET
SET
SET
SET
                                             QUERY PLAN                                             
----------------------------------------------------------------------------------------------------
 Index Scan using idx on public.t (actual rows=131072.00 loops=1)
   Output: a, b
   Index Cond: ((t.a >= 23848) AND (t.a <= 56615))
   Index Searches: 1
   Buffers: shared hit=40600
 Settings: enable_bitmapscan = 'off', enable_seqscan = 'off', max_parallel_workers_per_gather = '0'
 Planning:
   Buffers: shared hit=110
 Planning Time: 0.172 ms
 Execution Time: 18.936 ms
(10 rows)

