SET
SET
SET
SET
SET
                                                                 QUERY PLAN                                                                  
---------------------------------------------------------------------------------------------------------------------------------------------
 Index Scan using idx on public.t (actual rows=65536.00 loops=1)
   Output: a, b
   Index Cond: ((t.a >= 10902) AND (t.a <= 27285))
   Index Searches: 1
   Prefetch: distance=268.807 count=25634 stalls=1 skipped=45035 resets=0 ungets=5617 forwarded=494
             histogram [2,4) => 2, [4,8) => 6, [8,16) => 11, [16,32) => 9, [32,64) => 2, [64,128) => 2, [128,256) => 755, [256,512) => 24847
   Buffers: shared hit=13698 read=6565
 Settings: enable_bitmapscan = 'off', enable_seqscan = 'off', max_parallel_workers_per_gather = '0'
 Planning:
   Buffers: shared hit=78 read=27
 Planning Time: 1.998 ms
 Execution Time: 48.501 ms
(12 rows)

SET
SET
SET
SET
SET
                                             QUERY PLAN                                             
----------------------------------------------------------------------------------------------------
 Index Scan using idx on public.t (actual rows=65536.00 loops=1)
   Output: a, b
   Index Cond: ((t.a >= 10902) AND (t.a <= 27285))
   Index Searches: 1
   Buffers: shared hit=20263
 Settings: enable_bitmapscan = 'off', enable_seqscan = 'off', max_parallel_workers_per_gather = '0'
 Planning:
   Buffers: shared hit=110
 Planning Time: 0.220 ms
 Execution Time: 9.901 ms
(10 rows)

