SET
SET
SET
SET
SET
                                                                     QUERY PLAN                                                                     
----------------------------------------------------------------------------------------------------------------------------------------------------
 Index Scan using idx on public.t (actual rows=9048576.00 loops=1)
   Output: a, b
   Index Cond: ((t.a >= 18706) AND (t.a <= 2280849))
   Index Searches: 1
   Prefetch: distance=254.252 count=2802204 stalls=1 skipped=6254447 resets=0 ungets=8739 forwarded=9708
             histogram [2,4) => 2, [4,8) => 4, [8,16) => 13, [16,32) => 7, [32,64) => 2, [64,128) => 45, [128,256) => 1201738, [256,512) => 1600393
   Buffers: shared hit=2680708 read=126506
 Settings: enable_bitmapscan = 'off', enable_seqscan = 'off', max_parallel_workers_per_gather = '0'
 Planning:
   Buffers: shared hit=78 read=27
 Planning Time: 2.012 ms
 Execution Time: 2051.628 ms
(12 rows)

SET
SET
SET
SET
SET
                                             QUERY PLAN                                             
----------------------------------------------------------------------------------------------------
 Index Scan using idx on public.t (actual rows=9048576.00 loops=1)
   Output: a, b
   Index Cond: ((t.a >= 18706) AND (t.a <= 2280849))
   Index Searches: 1
   Buffers: shared hit=2807218
 Settings: enable_bitmapscan = 'off', enable_seqscan = 'off', max_parallel_workers_per_gather = '0'
 Planning:
   Buffers: shared hit=110
 Planning Time: 0.205 ms
 Execution Time: 1461.072 ms
(10 rows)

