SET
SET
SET
SET
SET
                                                                   QUERY PLAN                                                                    
-------------------------------------------------------------------------------------------------------------------------------------------------
 Index Scan using idx on public.t (actual rows=6048576.00 loops=1)
   Output: a, b
   Index Cond: ((t.a >= 8473) AND (t.a <= 1520616))
   Index Searches: 1
   Prefetch: distance=254.362 count=1875277 stalls=1 skipped=4180872 resets=0 ungets=7753 forwarded=6718
             histogram [2,4) => 2, [4,8) => 4, [8,16) => 5, [16,32) => 9, [32,64) => 4, [64,128) => 9, [128,256) => 799381, [256,512) => 1075863
   Buffers: shared hit=1790310 read=86326
 Settings: enable_bitmapscan = 'off', enable_seqscan = 'off', max_parallel_workers_per_gather = '0'
 Planning:
   Buffers: shared hit=78 read=27
 Planning Time: 1.998 ms
 Execution Time: 1386.834 ms
(12 rows)

SET
SET
SET
SET
SET
                                             QUERY PLAN                                             
----------------------------------------------------------------------------------------------------
 Index Scan using idx on public.t (actual rows=6048576.00 loops=1)
   Output: a, b
   Index Cond: ((t.a >= 8473) AND (t.a <= 1520616))
   Index Searches: 1
   Buffers: shared hit=1876639
 Settings: enable_bitmapscan = 'off', enable_seqscan = 'off', max_parallel_workers_per_gather = '0'
 Planning:
   Buffers: shared hit=110
 Planning Time: 0.218 ms
 Execution Time: 968.368 ms
(10 rows)

