SET
SET
SET
SET
SET
                                                                    QUERY PLAN                                                                     
---------------------------------------------------------------------------------------------------------------------------------------------------
 Index Scan using idx on public.t (actual rows=7048576.00 loops=1)
   Output: a, b
   Index Cond: ((t.a >= 28236) AND (t.a <= 1790379))
   Index Searches: 1
   Prefetch: distance=254.336 count=2184891 stalls=1 skipped=4871731 resets=0 ungets=8666 forwarded=7781
             histogram [2,4) => 2, [4,8) => 3, [8,16) => 5, [16,32) => 13, [32,64) => 9, [64,128) => 24, [128,256) => 932098, [256,512) => 1252737
   Buffers: shared hit=2086523 read=100450
 Settings: enable_bitmapscan = 'off', enable_seqscan = 'off', max_parallel_workers_per_gather = '0'
 Planning:
   Buffers: shared hit=78 read=23
 Planning Time: 1.794 ms
 Execution Time: 1614.448 ms
(12 rows)

SET
SET
SET
SET
SET
                                             QUERY PLAN                                             
----------------------------------------------------------------------------------------------------
 Index Scan using idx on public.t (actual rows=7048576.00 loops=1)
   Output: a, b
   Index Cond: ((t.a >= 28236) AND (t.a <= 1790379))
   Index Searches: 1
   Buffers: shared hit=2186976
 Settings: enable_bitmapscan = 'off', enable_seqscan = 'off', max_parallel_workers_per_gather = '0'
 Planning:
   Buffers: shared hit=106
 Planning Time: 0.217 ms
 Execution Time: 1121.139 ms
(10 rows)

