SET
SET
SET
SET
SET
                                                                     QUERY PLAN                                                                     
----------------------------------------------------------------------------------------------------------------------------------------------------
 Index Scan using idx on public.t (actual rows=8048576.00 loops=1)
   Output: a, b
   Index Cond: ((t.a >= 21856) AND (t.a <= 2033999))
   Index Searches: 1
   Prefetch: distance=254.298 count=2493998 stalls=1 skipped=5563271 resets=0 ungets=8781 forwarded=8731
             histogram [2,4) => 2, [4,8) => 3, [8,16) => 6, [16,32) => 12, [32,64) => 6, [64,128) => 45, [128,256) => 1066334, [256,512) => 1427590
   Buffers: shared hit=2383831 read=113464
 Settings: enable_bitmapscan = 'off', enable_seqscan = 'off', max_parallel_workers_per_gather = '0'
 Planning:
   Buffers: shared hit=78 read=27
 Planning Time: 1.982 ms
 Execution Time: 1841.020 ms
(12 rows)

SET
SET
SET
SET
SET
                                             QUERY PLAN                                             
----------------------------------------------------------------------------------------------------
 Index Scan using idx on public.t (actual rows=8048576.00 loops=1)
   Output: a, b
   Index Cond: ((t.a >= 21856) AND (t.a <= 2033999))
   Index Searches: 1
   Buffers: shared hit=2497299
 Settings: enable_bitmapscan = 'off', enable_seqscan = 'off', max_parallel_workers_per_gather = '0'
 Planning:
   Buffers: shared hit=110
 Planning Time: 0.255 ms
 Execution Time: 1284.187 ms
(10 rows)

