SET
SET
SET
SET
SET
                                                                QUERY PLAN                                                                 
-------------------------------------------------------------------------------------------------------------------------------------------
 Index Scan using idx on public.t (actual rows=1024.00 loops=1)
   Output: a, b
   Index Cond: ((t.a >= 29721) AND (t.a <= 29976))
   Index Searches: 1
   Prefetch: distance=253.245 count=1091 stalls=1 skipped=8 resets=0 ungets=99 forwarded=2
             histogram [2,4) => 4, [4,8) => 5, [8,16) => 14, [16,32) => 7, [32,64) => 5, [64,128) => 3, [128,256) => 232, [256,512) => 821
   Buffers: shared hit=881 read=142
 Settings: enable_bitmapscan = 'off', enable_seqscan = 'off', max_parallel_workers_per_gather = '0'
 Planning:
   Buffers: shared hit=78 read=23
 Planning Time: 1.713 ms
 Execution Time: 3.000 ms
(12 rows)

SET
SET
SET
SET
SET
                                             QUERY PLAN                                             
----------------------------------------------------------------------------------------------------
 Index Scan using idx on public.t (actual rows=1024.00 loops=1)
   Output: a, b
   Index Cond: ((t.a >= 29721) AND (t.a <= 29976))
   Index Searches: 1
   Buffers: shared hit=1024
 Settings: enable_bitmapscan = 'off', enable_seqscan = 'off', max_parallel_workers_per_gather = '0'
 Planning:
   Buffers: shared hit=106
 Planning Time: 0.141 ms
 Execution Time: 0.181 ms
(10 rows)

