SET
SET
SET
SET
SET
                                                                QUERY PLAN                                                                
------------------------------------------------------------------------------------------------------------------------------------------
 Index Scan using idx on public.t (actual rows=1024.00 loops=1)
   Output: a, b
   Index Cond: ((t.a >= 4636) AND (t.a <= 4891))
   Index Searches: 1
   Prefetch: distance=253.789 count=455 stalls=1 skipped=589 resets=0 ungets=184 forwarded=3
             histogram [2,4) => 2, [4,8) => 4, [8,16) => 11, [16,32) => 12, [32,64) => 2, [64,128) => 2, [128,256) => 2, [256,512) => 420
   Buffers: shared hit=23 read=301
 Settings: enable_bitmapscan = 'off', enable_seqscan = 'off', max_parallel_workers_per_gather = '0'
 Planning:
   Buffers: shared hit=82 read=27
 Planning Time: 1.271 ms
 Execution Time: 5.463 ms
(12 rows)

SET
SET
SET
SET
SET
                                             QUERY PLAN                                             
----------------------------------------------------------------------------------------------------
 Index Scan using idx on public.t (actual rows=1024.00 loops=1)
   Output: a, b
   Index Cond: ((t.a >= 4636) AND (t.a <= 4891))
   Index Searches: 1
   Buffers: shared hit=324
 Settings: enable_bitmapscan = 'off', enable_seqscan = 'off', max_parallel_workers_per_gather = '0'
 Planning:
   Buffers: shared hit=114
 Planning Time: 0.177 ms
 Execution Time: 0.259 ms
(10 rows)

