SET
SET
SET
SET
SET
                                                                    QUERY PLAN                                                                    
--------------------------------------------------------------------------------------------------------------------------------------------------
 Index Scan using idx on public.t (actual rows=1048576.00 loops=1)
   Output: a, b
   Index Cond: ((t.a >= 9102) AND (t.a <= 271245))
   Index Searches: 1
   Prefetch: distance=255.833 count=329776 stalls=1 skipped=724814 resets=0 ungets=6350 forwarded=1582
             histogram [2,4) => 2, [4,8) => 4, [8,16) => 11, [16,32) => 13, [32,64) => 3, [64,128) => 2, [128,256) => 128285, [256,512) => 201456
   Buffers: shared hit=305077 read=20032
 Settings: enable_bitmapscan = 'off', enable_seqscan = 'off', max_parallel_workers_per_gather = '0'
 Planning:
   Buffers: shared hit=78 read=27
 Planning Time: 2.008 ms
 Execution Time: 260.131 ms
(12 rows)

SET
SET
SET
SET
SET
                                             QUERY PLAN                                             
----------------------------------------------------------------------------------------------------
 Index Scan using idx on public.t (actual rows=1048576.00 loops=1)
   Output: a, b
   Index Cond: ((t.a >= 9102) AND (t.a <= 271245))
   Index Searches: 1
   Buffers: shared hit=325109
 Settings: enable_bitmapscan = 'off', enable_seqscan = 'off', max_parallel_workers_per_gather = '0'
 Planning:
   Buffers: shared hit=110
 Planning Time: 0.183 ms
 Execution Time: 169.655 ms
(10 rows)

