SET
SET
SET
SET
SET
                                                                   QUERY PLAN                                                                    
-------------------------------------------------------------------------------------------------------------------------------------------------
 Index Scan using idx on public.t (actual rows=524288.00 loops=1)
   Output: a, b
   Index Cond: ((t.a >= 21714) AND (t.a <= 152785))
   Index Searches: 1
   Prefetch: distance=257.569 count=168311 stalls=1 skipped=362094 resets=0 ungets=6773 forwarded=1107
             histogram [2,4) => 2, [4,8) => 3, [8,16) => 13, [16,32) => 10, [32,64) => 2, [64,128) => 3, [128,256) => 57364, [256,512) => 110914
   Buffers: shared hit=148865 read=13660
 Settings: enable_bitmapscan = 'off', enable_seqscan = 'off', max_parallel_workers_per_gather = '0'
 Planning:
   Buffers: shared hit=78 read=27
 Planning Time: 2.028 ms
 Execution Time: 153.954 ms
(12 rows)

SET
SET
SET
SET
SET
                                             QUERY PLAN                                             
----------------------------------------------------------------------------------------------------
 Index Scan using idx on public.t (actual rows=524288.00 loops=1)
   Output: a, b
   Index Cond: ((t.a >= 21714) AND (t.a <= 152785))
   Index Searches: 1
   Buffers: shared hit=162525
 Settings: enable_bitmapscan = 'off', enable_seqscan = 'off', max_parallel_workers_per_gather = '0'
 Planning:
   Buffers: shared hit=110
 Planning Time: 0.210 ms
 Execution Time: 85.594 ms
(10 rows)

