SET
SET
SET
SET
SET
                                                                   QUERY PLAN                                                                    
-------------------------------------------------------------------------------------------------------------------------------------------------
 Index Scan using idx on public.t (actual rows=5048576.00 loops=1)
   Output: a, b
   Index Cond: ((t.a >= 10078) AND (t.a <= 1272221))
   Index Searches: 1
   Prefetch: distance=254.418 count=1565780 stalls=1 skipped=3489840 resets=0 ungets=7484 forwarded=5656
             histogram [2,4) => 2, [4,8) => 3, [8,16) => 9, [16,32) => 13, [32,64) => 2, [64,128) => 9, [128,256) => 664817, [256,512) => 900925
   Buffers: shared hit=1492895 read=73106
 Settings: enable_bitmapscan = 'off', enable_seqscan = 'off', max_parallel_workers_per_gather = '0'
 Planning:
   Buffers: shared hit=78 read=27
 Planning Time: 2.012 ms
 Execution Time: 1161.480 ms
(12 rows)

SET
SET
SET
SET
SET
                                             QUERY PLAN                                             
----------------------------------------------------------------------------------------------------
 Index Scan using idx on public.t (actual rows=5048576.00 loops=1)
   Output: a, b
   Index Cond: ((t.a >= 10078) AND (t.a <= 1272221))
   Index Searches: 1
   Buffers: shared hit=1566002
 Settings: enable_bitmapscan = 'off', enable_seqscan = 'off', max_parallel_workers_per_gather = '0'
 Planning:
   Buffers: shared hit=110
 Planning Time: 0.211 ms
 Execution Time: 809.050 ms
(10 rows)

