SET
SET
SET
SET
SET
                                                                    QUERY PLAN                                                                     
---------------------------------------------------------------------------------------------------------------------------------------------------
 Index Scan using idx on public.t (actual rows=7048576.00 loops=1)
   Output: a, b
   Index Cond: ((t.a >= 9659) AND (t.a <= 1771802))
   Index Searches: 1
   Prefetch: distance=254.313 count=2184335 stalls=1 skipped=4872103 resets=0 ungets=7974 forwarded=7684
             histogram [2,4) => 2, [4,8) => 8, [8,16) => 7, [16,32) => 10, [32,64) => 3, [64,128) => 25, [128,256) => 933466, [256,512) => 1250814
   Buffers: shared hit=2087306 read=99649
 Settings: enable_bitmapscan = 'off', enable_seqscan = 'off', max_parallel_workers_per_gather = '0'
 Planning:
   Buffers: shared hit=78 read=27
 Planning Time: 1.992 ms
 Execution Time: 1602.575 ms
(12 rows)

SET
SET
SET
SET
SET
                                             QUERY PLAN                                             
----------------------------------------------------------------------------------------------------
 Index Scan using idx on public.t (actual rows=7048576.00 loops=1)
   Output: a, b
   Index Cond: ((t.a >= 9659) AND (t.a <= 1771802))
   Index Searches: 1
   Buffers: shared hit=2186958
 Settings: enable_bitmapscan = 'off', enable_seqscan = 'off', max_parallel_workers_per_gather = '0'
 Planning:
   Buffers: shared hit=110
 Planning Time: 0.225 ms
 Execution Time: 1136.130 ms
(10 rows)

