SET
SET
SET
SET
SET
                                                                    QUERY PLAN                                                                    
--------------------------------------------------------------------------------------------------------------------------------------------------
 Index Scan using idx on public.t (actual rows=6048576.00 loops=1)
   Output: a, b
   Index Cond: ((t.a >= 2218) AND (t.a <= 1514361))
   Index Searches: 1
   Prefetch: distance=254.352 count=1874781 stalls=1 skipped=4180621 resets=0 ungets=7310 forwarded=6659
             histogram [2,4) => 2, [4,8) => 3, [8,16) => 5, [16,32) => 15, [32,64) => 3, [64,128) => 9, [128,256) => 799827, [256,512) => 1074917
   Buffers: shared hit=1790641 read=86046
 Settings: enable_bitmapscan = 'off', enable_seqscan = 'off', max_parallel_workers_per_gather = '0'
 Planning:
   Buffers: shared hit=78 read=27
 Planning Time: 2.010 ms
 Execution Time: 1388.094 ms
(12 rows)

SET
SET
SET
SET
SET
                                             QUERY PLAN                                             
----------------------------------------------------------------------------------------------------
 Index Scan using idx on public.t (actual rows=6048576.00 loops=1)
   Output: a, b
   Index Cond: ((t.a >= 2218) AND (t.a <= 1514361))
   Index Searches: 1
   Buffers: shared hit=1876689
 Settings: enable_bitmapscan = 'off', enable_seqscan = 'off', max_parallel_workers_per_gather = '0'
 Planning:
   Buffers: shared hit=110
 Planning Time: 0.224 ms
 Execution Time: 978.670 ms
(10 rows)

