SET
SET
SET
SET
SET
                                                                     QUERY PLAN                                                                     
----------------------------------------------------------------------------------------------------------------------------------------------------
 Index Scan using idx on public.t (actual rows=9048576.00 loops=1)
   Output: a, b
   Index Cond: ((t.a >= 28374) AND (t.a <= 2290517))
   Index Searches: 1
   Prefetch: distance=254.256 count=2802904 stalls=1 skipped=6254825 resets=0 ungets=9221 forwarded=9770
             histogram [2,4) => 2, [4,8) => 3, [8,16) => 5, [16,32) => 9, [32,64) => 11, [64,128) => 45, [128,256) => 1201476, [256,512) => 1601353
   Buffers: shared hit=2680375 read=126878
 Settings: enable_bitmapscan = 'off', enable_seqscan = 'off', max_parallel_workers_per_gather = '0'
 Planning:
   Buffers: shared hit=78 read=23
 Planning Time: 1.800 ms
 Execution Time: 2038.224 ms
(12 rows)

SET
SET
SET
SET
SET
                                             QUERY PLAN                                             
----------------------------------------------------------------------------------------------------
 Index Scan using idx on public.t (actual rows=9048576.00 loops=1)
   Output: a, b
   Index Cond: ((t.a >= 28374) AND (t.a <= 2290517))
   Index Searches: 1
   Buffers: shared hit=2807256
 Settings: enable_bitmapscan = 'off', enable_seqscan = 'off', max_parallel_workers_per_gather = '0'
 Planning:
   Buffers: shared hit=106
 Planning Time: 0.206 ms
 Execution Time: 1432.033 ms
(10 rows)

