SET
SET
SET
SET
SET
                                                                   QUERY PLAN                                                                    
-------------------------------------------------------------------------------------------------------------------------------------------------
 Index Scan Backward using idx on public.t (actual rows=16384.00 loops=1)
   Output: a, b
   Index Cond: ((t.a >= 15856) AND (t.a <= 19951))
   Index Searches: 1
   Prefetch: distance=260.059 count=16305 stalls=4 skipped=249 resets=0 ungets=253 forwarded=0
             histogram [2,4) => 2, [4,8) => 6, [8,16) => 13, [16,32) => 18, [32,64) => 27, [64,128) => 10, [128,256) => 3678, [256,512) => 12551
   Buffers: shared hit=15273 read=892
 Settings: enable_bitmapscan = 'off', enable_seqscan = 'off', max_parallel_workers_per_gather = '0'
 Planning:
   Buffers: shared hit=82 read=26
 Planning Time: 2.023 ms
 Execution Time: 13.527 ms
(12 rows)

SET
SET
SET
SET
SET
                                             QUERY PLAN                                             
----------------------------------------------------------------------------------------------------
 Index Scan Backward using idx on public.t (actual rows=16384.00 loops=1)
   Output: a, b
   Index Cond: ((t.a >= 15856) AND (t.a <= 19951))
   Index Searches: 1
   Buffers: shared hit=16165
 Settings: enable_bitmapscan = 'off', enable_seqscan = 'off', max_parallel_workers_per_gather = '0'
 Planning:
   Buffers: shared hit=113
 Planning Time: 0.175 ms
 Execution Time: 2.746 ms
(10 rows)

