SET
SET
SET
SET
SET
                                                                QUERY PLAN                                                                
------------------------------------------------------------------------------------------------------------------------------------------
 Index Scan using idx on public.t (actual rows=4096.00 loops=1)
   Output: a, b
   Index Cond: ((t.a >= 17441) AND (t.a <= 18464))
   Index Searches: 1
   Prefetch: distance=267.881 count=1960 stalls=1 skipped=2555 resets=0 ungets=799 forwarded=18
             histogram [2,4) => 2, [4,8) => 3, [8,16) => 6, [16,32) => 14, [32,64) => 4, [64,128) => 3, [128,256) => 2, [256,512) => 1926
   Buffers: shared hit=166 read=1125
 Settings: enable_bitmapscan = 'off', enable_seqscan = 'off', max_parallel_workers_per_gather = '0'
 Planning:
   Buffers: shared hit=82 read=27
 Planning Time: 1.742 ms
 Execution Time: 15.341 ms
(12 rows)

SET
SET
SET
SET
SET
                                             QUERY PLAN                                             
----------------------------------------------------------------------------------------------------
 Index Scan using idx on public.t (actual rows=4096.00 loops=1)
   Output: a, b
   Index Cond: ((t.a >= 17441) AND (t.a <= 18464))
   Index Searches: 1
   Buffers: shared hit=1291
 Settings: enable_bitmapscan = 'off', enable_seqscan = 'off', max_parallel_workers_per_gather = '0'
 Planning:
   Buffers: shared hit=114
 Planning Time: 0.180 ms
 Execution Time: 1.295 ms
(10 rows)

