SET
SET
SET
SET
SET
                                                                   QUERY PLAN                                                                    
-------------------------------------------------------------------------------------------------------------------------------------------------
 Index Scan using idx on public.t (actual rows=2048576.00 loops=1)
   Output: a, b
   Index Cond: ((t.a >= 22580) AND (t.a <= 534723))
   Index Searches: 1
   Prefetch: distance=254.955 count=639411 stalls=1 skipped=1415940 resets=0 ungets=7307 forwarded=2637
             histogram [2,4) => 2, [4,8) => 3, [8,16) => 11, [16,32) => 8, [32,64) => 3, [64,128) => 4, [128,256) => 261792, [256,512) => 377588
   Buffers: shared hit=601445 read=33889
 Settings: enable_bitmapscan = 'off', enable_seqscan = 'off', max_parallel_workers_per_gather = '0'
 Planning:
   Buffers: shared hit=78 read=27
 Planning Time: 2.040 ms
 Execution Time: 493.927 ms
(12 rows)

SET
SET
SET
SET
SET
                                             QUERY PLAN                                             
----------------------------------------------------------------------------------------------------
 Index Scan using idx on public.t (actual rows=2048576.00 loops=1)
   Output: a, b
   Index Cond: ((t.a >= 22580) AND (t.a <= 534723))
   Index Searches: 1
   Buffers: shared hit=635334
 Settings: enable_bitmapscan = 'off', enable_seqscan = 'off', max_parallel_workers_per_gather = '0'
 Planning:
   Buffers: shared hit=110
 Planning Time: 0.182 ms
 Execution Time: 327.134 ms
(10 rows)

