SET
SET
SET
SET
SET
                                                                   QUERY PLAN                                                                    
-------------------------------------------------------------------------------------------------------------------------------------------------
 Index Scan using idx on public.t (actual rows=4048576.00 loops=1)
   Output: a, b
   Index Cond: ((t.a >= 350) AND (t.a <= 1012493))
   Index Searches: 1
   Prefetch: distance=254.441 count=1256513 stalls=1 skipped=2798243 resets=0 ungets=6788 forwarded=4567
             histogram [2,4) => 2, [4,8) => 4, [8,16) => 12, [16,32) => 6, [32,64) => 2, [64,128) => 9, [128,256) => 532030, [256,512) => 724448
   Buffers: shared hit=1196579 read=59395
 Settings: enable_bitmapscan = 'off', enable_seqscan = 'off', max_parallel_workers_per_gather = '0'
 Planning:
   Buffers: shared hit=78 read=27
 Planning Time: 1.995 ms
 Execution Time: 934.106 ms
(12 rows)

SET
SET
SET
SET
SET
                                             QUERY PLAN                                             
----------------------------------------------------------------------------------------------------
 Index Scan using idx on public.t (actual rows=4048576.00 loops=1)
   Output: a, b
   Index Cond: ((t.a >= 350) AND (t.a <= 1012493))
   Index Searches: 1
   Buffers: shared hit=1255975
 Settings: enable_bitmapscan = 'off', enable_seqscan = 'off', max_parallel_workers_per_gather = '0'
 Planning:
   Buffers: shared hit=110
 Planning Time: 0.210 ms
 Execution Time: 649.593 ms
(10 rows)

