SET
SET
SET
SET
SET
                                                                    QUERY PLAN                                                                     
---------------------------------------------------------------------------------------------------------------------------------------------------
 Index Scan using idx on public.t (actual rows=7048576.00 loops=1)
   Output: a, b
   Index Cond: ((t.a >= 15407) AND (t.a <= 1777550))
   Index Searches: 1
   Prefetch: distance=254.316 count=2184399 stalls=1 skipped=4871841 resets=0 ungets=8164 forwarded=7672
             histogram [2,4) => 2, [4,8) => 7, [8,16) => 6, [16,32) => 11, [32,64) => 3, [64,128) => 24, [128,256) => 933150, [256,512) => 1251196
   Buffers: shared hit=2087034 read=99913
 Settings: enable_bitmapscan = 'off', enable_seqscan = 'off', max_parallel_workers_per_gather = '0'
 Planning:
   Buffers: shared hit=78 read=27
 Planning Time: 1.992 ms
 Execution Time: 1598.021 ms
(12 rows)

SET
SET
SET
SET
SET
                                             QUERY PLAN                                             
----------------------------------------------------------------------------------------------------
 Index Scan using idx on public.t (actual rows=7048576.00 loops=1)
   Output: a, b
   Index Cond: ((t.a >= 15407) AND (t.a <= 1777550))
   Index Searches: 1
   Buffers: shared hit=2186948
 Settings: enable_bitmapscan = 'off', enable_seqscan = 'off', max_parallel_workers_per_gather = '0'
 Planning:
   Buffers: shared hit=110
 Planning Time: 0.220 ms
 Execution Time: 1123.119 ms
(10 rows)

