SET
SET
SET
SET
SET
                                                                    QUERY PLAN                                                                    
--------------------------------------------------------------------------------------------------------------------------------------------------
 Index Scan using idx on public.t (actual rows=6048576.00 loops=1)
   Output: a, b
   Index Cond: ((t.a >= 12514) AND (t.a <= 1524657))
   Index Searches: 1
   Prefetch: distance=254.382 count=1875533 stalls=1 skipped=4180952 resets=0 ungets=7957 forwarded=6713
             histogram [2,4) => 2, [4,8) => 3, [8,16) => 6, [16,32) => 10, [32,64) => 7, [64,128) => 9, [128,256) => 798631, [256,512) => 1076865
   Buffers: shared hit=1790122 read=86529
 Settings: enable_bitmapscan = 'off', enable_seqscan = 'off', max_parallel_workers_per_gather = '0'
 Planning:
   Buffers: shared hit=78 read=27
 Planning Time: 1.987 ms
 Execution Time: 1378.325 ms
(12 rows)

SET
SET
SET
SET
SET
                                             QUERY PLAN                                             
----------------------------------------------------------------------------------------------------
 Index Scan using idx on public.t (actual rows=6048576.00 loops=1)
   Output: a, b
   Index Cond: ((t.a >= 12514) AND (t.a <= 1524657))
   Index Searches: 1
   Buffers: shared hit=1876652
 Settings: enable_bitmapscan = 'off', enable_seqscan = 'off', max_parallel_workers_per_gather = '0'
 Planning:
   Buffers: shared hit=110
 Planning Time: 0.247 ms
 Execution Time: 962.353 ms
(10 rows)

