SET
SET
SET
SET
SET
                                                                     QUERY PLAN                                                                     
----------------------------------------------------------------------------------------------------------------------------------------------------
 Index Scan using idx on public.t (actual rows=8048576.00 loops=1)
   Output: a, b
   Index Cond: ((t.a >= 31863) AND (t.a <= 2044006))
   Index Searches: 1
   Prefetch: distance=254.307 count=2494399 stalls=1 skipped=5563135 resets=0 ungets=9098 forwarded=8777
             histogram [2,4) => 2, [4,8) => 3, [8,16) => 5, [16,32) => 10, [32,64) => 7, [64,128) => 45, [128,256) => 1066166, [256,512) => 1428161
   Buffers: shared hit=2383526 read=113870
 Settings: enable_bitmapscan = 'off', enable_seqscan = 'off', max_parallel_workers_per_gather = '0'
 Planning:
   Buffers: shared hit=78 read=23
 Planning Time: 1.910 ms
 Execution Time: 1828.871 ms
(12 rows)

SET
SET
SET
SET
SET
                                             QUERY PLAN                                             
----------------------------------------------------------------------------------------------------
 Index Scan using idx on public.t (actual rows=8048576.00 loops=1)
   Output: a, b
   Index Cond: ((t.a >= 31863) AND (t.a <= 2044006))
   Index Searches: 1
   Buffers: shared hit=2497399
 Settings: enable_bitmapscan = 'off', enable_seqscan = 'off', max_parallel_workers_per_gather = '0'
 Planning:
   Buffers: shared hit=106
 Planning Time: 0.206 ms
 Execution Time: 1278.070 ms
(10 rows)

