SET
SET
SET
SET
SET
                                                                     QUERY PLAN                                                                     
----------------------------------------------------------------------------------------------------------------------------------------------------
 Index Scan Backward using idx on public.t (actual rows=2048576.00 loops=1)
   Output: a, b
   Index Cond: ((t.a >= 25877) AND (t.a <= 538020))
   Index Searches: 1
   Prefetch: distance=260.861 count=2040841 stalls=1 skipped=30454 resets=0 ungets=22795 forwarded=1
             histogram [2,4) => 2, [4,8) => 5, [8,16) => 10, [16,32) => 14, [32,64) => 22, [64,128) => 8, [128,256) => 484430, [256,512) => 1556350
   Buffers: shared hit=1920485 read=100709
 Settings: enable_bitmapscan = 'off', enable_seqscan = 'off', max_parallel_workers_per_gather = '0'
 Planning:
   Buffers: shared hit=78 read=22
 Planning Time: 1.730 ms
 Execution Time: 861.768 ms
(12 rows)

SET
SET
SET
SET
SET
                                             QUERY PLAN                                             
----------------------------------------------------------------------------------------------------
 Index Scan Backward using idx on public.t (actual rows=2048576.00 loops=1)
   Output: a, b
   Index Cond: ((t.a >= 25877) AND (t.a <= 538020))
   Index Searches: 1
   Buffers: shared hit=2021194
 Settings: enable_bitmapscan = 'off', enable_seqscan = 'off', max_parallel_workers_per_gather = '0'
 Planning:
   Buffers: shared hit=105
 Planning Time: 0.199 ms
 Execution Time: 319.100 ms
(10 rows)

