SET
SET
SET
SET
SET
                                                                     QUERY PLAN                                                                      
-----------------------------------------------------------------------------------------------------------------------------------------------------
 Index Scan Backward using idx on public.t (actual rows=262144.00 loops=1)
   Output: a, b
   Index Cond: ((t.a >= 4890) AND (t.a <= 70425))
   Index Searches: 1
   Prefetch: distance=259.240 count=51315 stalls=37592 skipped=180939 resets=0 ungets=8173 forwarded=0
             histogram [2,4) => 356, [4,8) => 18, [8,16) => 13, [16,32) => 25, [32,64) => 56, [64,128) => 153, [128,256) => 9901, [256,512) => 40793
   Buffers: shared hit=71871 read=9406
 Settings: enable_bitmapscan = 'off', enable_seqscan = 'off', max_parallel_workers_per_gather = '0'
 Planning:
   Buffers: shared hit=82 read=27
 Planning Time: 2.002 ms
 Execution Time: 128.849 ms
(12 rows)

SET
SET
SET
SET
SET
                                             QUERY PLAN                                             
----------------------------------------------------------------------------------------------------
 Index Scan Backward using idx on public.t (actual rows=262144.00 loops=1)
   Output: a, b
   Index Cond: ((t.a >= 4890) AND (t.a <= 70425))
   Index Searches: 1
   Buffers: shared hit=81277
 Settings: enable_bitmapscan = 'off', enable_seqscan = 'off', max_parallel_workers_per_gather = '0'
 Planning:
   Buffers: shared hit=114
 Planning Time: 0.210 ms
 Execution Time: 44.343 ms
(10 rows)

