SET
SET
SET
SET
SET
                                                               QUERY PLAN                                                               
----------------------------------------------------------------------------------------------------------------------------------------
 Index Scan Backward using idx on public.t (actual rows=512.00 loops=1)
   Output: a, b
   Index Cond: ((t.a >= 2259) AND (t.a <= 2386))
   Index Searches: 1
   Prefetch: distance=239.447 count=190 stalls=1 skipped=214 resets=0 ungets=84 forwarded=0
             histogram [2,4) => 2, [4,8) => 3, [8,16) => 5, [16,32) => 9, [32,64) => 2, [64,128) => 2, [128,256) => 2, [256,512) => 165
   Buffers: shared hit=7 read=162
 Settings: enable_bitmapscan = 'off', enable_seqscan = 'off', max_parallel_workers_per_gather = '0'
 Planning:
   Buffers: shared hit=86 read=27
 Planning Time: 1.266 ms
 Execution Time: 5.313 ms
(12 rows)

SET
SET
SET
SET
SET
                                             QUERY PLAN                                             
----------------------------------------------------------------------------------------------------
 Index Scan Backward using idx on public.t (actual rows=512.00 loops=1)
   Output: a, b
   Index Cond: ((t.a >= 2259) AND (t.a <= 2386))
   Index Searches: 1
   Buffers: shared hit=169
 Settings: enable_bitmapscan = 'off', enable_seqscan = 'off', max_parallel_workers_per_gather = '0'
 Planning:
   Buffers: shared hit=118
 Planning Time: 0.162 ms
 Execution Time: 0.182 ms
(10 rows)

