SET
SET
SET
SET
SET
                                                                         QUERY PLAN                                                                         
------------------------------------------------------------------------------------------------------------------------------------------------------------
 Index Scan Backward using idx on public.t (actual rows=8048576.00 loops=1)
   Output: a, b
   Index Cond: ((t.a >= 27809) AND (t.a <= 2039952))
   Index Searches: 1
   Prefetch: distance=254.512 count=2395008 stalls=109159 skipped=5563145 resets=0 ungets=18923 forwarded=2
             histogram [2,4) => 2576, [4,8) => 185, [8,16) => 15, [16,32) => 44, [32,64) => 110, [64,128) => 624, [128,256) => 967632, [256,512) => 1423822
   Buffers: shared hit=2383661 read=113693
 Settings: enable_bitmapscan = 'off', enable_seqscan = 'off', max_parallel_workers_per_gather = '0'
 Planning:
   Buffers: shared hit=82 read=23
 Planning Time: 1.803 ms
 Execution Time: 2745.677 ms
(12 rows)

SET
SET
SET
SET
SET
                                             QUERY PLAN                                             
----------------------------------------------------------------------------------------------------
 Index Scan Backward using idx on public.t (actual rows=8048576.00 loops=1)
   Output: a, b
   Index Cond: ((t.a >= 27809) AND (t.a <= 2039952))
   Index Searches: 1
   Buffers: shared hit=2497354
 Settings: enable_bitmapscan = 'off', enable_seqscan = 'off', max_parallel_workers_per_gather = '0'
 Planning:
   Buffers: shared hit=110
 Planning Time: 0.233 ms
 Execution Time: 1276.832 ms
(10 rows)

