SET
SET
SET
SET
SET
                                                                        QUERY PLAN                                                                         
-----------------------------------------------------------------------------------------------------------------------------------------------------------
 Index Scan Backward using idx on public.t (actual rows=2048576.00 loops=1)
   Output: a, b
   Index Cond: ((t.a >= 22151) AND (t.a <= 534294))
   Index Searches: 1
   Prefetch: distance=252.904 count=529994 stalls=116035 skipped=1416156 resets=0 ungets=13852 forwarded=2
             histogram [2,4) => 2630, [4,8) => 187, [8,16) => 15, [16,32) => 44, [32,64) => 110, [64,128) => 595, [128,256) => 211058, [256,512) => 315355
   Buffers: shared hit=601451 read=33876
 Settings: enable_bitmapscan = 'off', enable_seqscan = 'off', max_parallel_workers_per_gather = '0'
 Planning:
   Buffers: shared hit=82 read=27
 Planning Time: 2.035 ms
 Execution Time: 769.414 ms
(12 rows)

SET
SET
SET
SET
SET
                                             QUERY PLAN                                             
----------------------------------------------------------------------------------------------------
 Index Scan Backward using idx on public.t (actual rows=2048576.00 loops=1)
   Output: a, b
   Index Cond: ((t.a >= 22151) AND (t.a <= 534294))
   Index Searches: 1
   Buffers: shared hit=635327
 Settings: enable_bitmapscan = 'off', enable_seqscan = 'off', max_parallel_workers_per_gather = '0'
 Planning:
   Buffers: shared hit=114
 Planning Time: 0.183 ms
 Execution Time: 325.950 ms
(10 rows)

