SET
SET
SET
SET
SET
                                                                        QUERY PLAN                                                                         
-----------------------------------------------------------------------------------------------------------------------------------------------------------
 Index Scan Backward using idx on public.t (actual rows=5048576.00 loops=1)
   Output: a, b
   Index Cond: ((t.a >= 8229) AND (t.a <= 1270372))
   Index Searches: 1
   Prefetch: distance=254.193 count=1441665 stalls=133175 skipped=3490111 resets=0 ungets=16386 forwarded=2
             histogram [2,4) => 2710, [4,8) => 191, [8,16) => 15, [16,32) => 44, [32,64) => 110, [64,128) => 614, [128,256) => 580343, [256,512) => 857638
   Buffers: shared hit=1492996 read=73025
 Settings: enable_bitmapscan = 'off', enable_seqscan = 'off', max_parallel_workers_per_gather = '0'
 Planning:
   Buffers: shared hit=82 read=27
 Planning Time: 2.008 ms
 Execution Time: 1737.093 ms
(12 rows)

SET
SET
SET
SET
SET
                                             QUERY PLAN                                             
----------------------------------------------------------------------------------------------------
 Index Scan Backward using idx on public.t (actual rows=5048576.00 loops=1)
   Output: a, b
   Index Cond: ((t.a >= 8229) AND (t.a <= 1270372))
   Index Searches: 1
   Buffers: shared hit=1566021
 Settings: enable_bitmapscan = 'off', enable_seqscan = 'off', max_parallel_workers_per_gather = '0'
 Planning:
   Buffers: shared hit=114
 Planning Time: 0.256 ms
 Execution Time: 814.273 ms
(10 rows)

