SET
SET
SET
SET
SET
                                                                        QUERY PLAN                                                                         
-----------------------------------------------------------------------------------------------------------------------------------------------------------
 Index Scan Backward using idx on public.t (actual rows=3048576.00 loops=1)
   Output: a, b
   Index Cond: ((t.a >= 29234) AND (t.a <= 791377))
   Index Searches: 1
   Prefetch: distance=253.674 count=848098 stalls=107413 skipped=2107066 resets=0 ungets=14524 forwarded=1
             histogram [2,4) => 2560, [4,8) => 184, [8,16) => 17, [16,32) => 45, [32,64) => 110, [64,128) => 605, [128,256) => 340592, [256,512) => 503985
   Buffers: shared hit=898279 read=47443
 Settings: enable_bitmapscan = 'off', enable_seqscan = 'off', max_parallel_workers_per_gather = '0'
 Planning:
   Buffers: shared hit=82 read=23
 Planning Time: 1.812 ms
 Execution Time: 1106.345 ms
(12 rows)

SET
SET
SET
SET
SET
                                             QUERY PLAN                                             
----------------------------------------------------------------------------------------------------
 Index Scan Backward using idx on public.t (actual rows=3048576.00 loops=1)
   Output: a, b
   Index Cond: ((t.a >= 29234) AND (t.a <= 791377))
   Index Searches: 1
   Buffers: shared hit=945722
 Settings: enable_bitmapscan = 'off', enable_seqscan = 'off', max_parallel_workers_per_gather = '0'
 Planning:
   Buffers: shared hit=110
 Planning Time: 0.206 ms
 Execution Time: 488.136 ms
(10 rows)

