SET
SET
SET
SET
SET
                                                                        QUERY PLAN                                                                         
-----------------------------------------------------------------------------------------------------------------------------------------------------------
 Index Scan Backward using idx on public.t (actual rows=4048576.00 loops=1)
   Output: a, b
   Index Cond: ((t.a >= 1499) AND (t.a <= 1013642))
   Index Searches: 1
   Prefetch: distance=253.942 count=1123677 stalls=141461 skipped=2798314 resets=0 ungets=15351 forwarded=2
             histogram [2,4) => 2724, [4,8) => 192, [8,16) => 15, [16,32) => 44, [32,64) => 110, [64,128) => 624, [128,256) => 452446, [256,512) => 667522
   Buffers: shared hit=1196565 read=59446
 Settings: enable_bitmapscan = 'off', enable_seqscan = 'off', max_parallel_workers_per_gather = '0'
 Planning:
   Buffers: shared hit=82 read=27
 Planning Time: 2.033 ms
 Execution Time: 1431.340 ms
(12 rows)

SET
SET
SET
SET
SET
                                             QUERY PLAN                                             
----------------------------------------------------------------------------------------------------
 Index Scan Backward using idx on public.t (actual rows=4048576.00 loops=1)
   Output: a, b
   Index Cond: ((t.a >= 1499) AND (t.a <= 1013642))
   Index Searches: 1
   Buffers: shared hit=1256011
 Settings: enable_bitmapscan = 'off', enable_seqscan = 'off', max_parallel_workers_per_gather = '0'
 Planning:
   Buffers: shared hit=114
 Planning Time: 0.220 ms
 Execution Time: 656.314 ms
(10 rows)

