SET
SET
SET
SET
SET
                                                                       QUERY PLAN                                                                       
--------------------------------------------------------------------------------------------------------------------------------------------------------
 Index Scan Backward using idx on public.t (actual rows=524288.00 loops=1)
   Output: a, b
   Index Cond: ((t.a >= 16940) AND (t.a <= 148011))
   Index Searches: 1
   Prefetch: distance=250.076 count=90692 stalls=81801 skipped=362414 resets=0 ungets=10814 forwarded=1
             histogram [2,4) => 1364, [4,8) => 80, [8,16) => 13, [16,32) => 27, [32,64) => 104, [64,128) => 531, [128,256) => 28272, [256,512) => 60301
   Buffers: shared hit=149082 read=13452
 Settings: enable_bitmapscan = 'off', enable_seqscan = 'off', max_parallel_workers_per_gather = '0'
 Planning:
   Buffers: shared hit=82 read=27
 Planning Time: 2.034 ms
 Execution Time: 240.338 ms
(12 rows)

SET
SET
SET
SET
SET
                                             QUERY PLAN                                             
----------------------------------------------------------------------------------------------------
 Index Scan Backward using idx on public.t (actual rows=524288.00 loops=1)
   Output: a, b
   Index Cond: ((t.a >= 16940) AND (t.a <= 148011))
   Index Searches: 1
   Buffers: shared hit=162534
 Settings: enable_bitmapscan = 'off', enable_seqscan = 'off', max_parallel_workers_per_gather = '0'
 Planning:
   Buffers: shared hit=114
 Planning Time: 0.207 ms
 Execution Time: 84.703 ms
(10 rows)

