SET
SET
SET
SET
SET
                                                                         QUERY PLAN                                                                         
------------------------------------------------------------------------------------------------------------------------------------------------------------
 Index Scan Backward using idx on public.t (actual rows=6048576.00 loops=1)
   Output: a, b
   Index Cond: ((t.a >= 16325) AND (t.a <= 1528468))
   Index Searches: 1
   Prefetch: distance=254.353 count=1761368 stalls=123173 skipped=4180780 resets=0 ungets=17080 forwarded=1
             histogram [2,4) => 2678, [4,8) => 190, [8,16) => 15, [16,32) => 44, [32,64) => 110, [64,128) => 624, [128,256) => 709355, [256,512) => 1048352
   Buffers: shared hit=1789943 read=86681
 Settings: enable_bitmapscan = 'off', enable_seqscan = 'off', max_parallel_workers_per_gather = '0'
 Planning:
   Buffers: shared hit=82 read=27
 Planning Time: 2.030 ms
 Execution Time: 2088.864 ms
(12 rows)

SET
SET
SET
SET
SET
                                             QUERY PLAN                                             
----------------------------------------------------------------------------------------------------
 Index Scan Backward using idx on public.t (actual rows=6048576.00 loops=1)
   Output: a, b
   Index Cond: ((t.a >= 16325) AND (t.a <= 1528468))
   Index Searches: 1
   Buffers: shared hit=1876624
 Settings: enable_bitmapscan = 'off', enable_seqscan = 'off', max_parallel_workers_per_gather = '0'
 Planning:
   Buffers: shared hit=114
 Planning Time: 0.225 ms
 Execution Time: 963.485 ms
(10 rows)

