SET
SET
SET
SET
SET
                                                                        QUERY PLAN                                                                        
----------------------------------------------------------------------------------------------------------------------------------------------------------
 Index Scan Backward using idx on public.t (actual rows=1048576.00 loops=1)
   Output: a, b
   Index Cond: ((t.a >= 13755) AND (t.a <= 275898))
   Index Searches: 1
   Prefetch: distance=249.682 count=210129 stalls=126357 skipped=725022 resets=0 ungets=12987 forwarded=1
             histogram [2,4) => 2690, [4,8) => 190, [8,16) => 15, [16,32) => 44, [32,64) => 110, [64,128) => 597, [128,256) => 81397, [256,512) => 125086
   Buffers: shared hit=304861 read=20230
 Settings: enable_bitmapscan = 'off', enable_seqscan = 'off', max_parallel_workers_per_gather = '0'
 Planning:
   Buffers: shared hit=82 read=27
 Planning Time: 2.094 ms
 Execution Time: 434.359 ms
(12 rows)

SET
SET
SET
SET
SET
                                             QUERY PLAN                                             
----------------------------------------------------------------------------------------------------
 Index Scan Backward using idx on public.t (actual rows=1048576.00 loops=1)
   Output: a, b
   Index Cond: ((t.a >= 13755) AND (t.a <= 275898))
   Index Searches: 1
   Buffers: shared hit=325091
 Settings: enable_bitmapscan = 'off', enable_seqscan = 'off', max_parallel_workers_per_gather = '0'
 Planning:
   Buffers: shared hit=114
 Planning Time: 0.190 ms
 Execution Time: 170.886 ms
(10 rows)

