SET
SET
SET
SET
SET
                                                                 QUERY PLAN                                                                  
---------------------------------------------------------------------------------------------------------------------------------------------
 Index Scan using idx on public.t (actual rows=4096.00 loops=1)
   Output: a, b
   Index Cond: ((t.a >= 25360) AND (t.a <= 26383))
   Index Searches: 1
   Prefetch: distance=257.256 count=4034 stalls=2 skipped=59 resets=0 ungets=98 forwarded=4
             histogram [2,4) => 2, [4,8) => 6, [8,16) => 9, [16,32) => 12, [32,64) => 24, [64,128) => 8, [128,256) => 984, [256,512) => 2989
   Buffers: shared hit=3754 read=290
 Settings: enable_bitmapscan = 'off', enable_seqscan = 'off', max_parallel_workers_per_gather = '0'
 Planning:
   Buffers: shared hit=82 read=27
 Planning Time: 2.020 ms
 Execution Time: 5.888 ms
(12 rows)

SET
SET
SET
SET
SET
                                             QUERY PLAN                                             
----------------------------------------------------------------------------------------------------
 Index Scan using idx on public.t (actual rows=4096.00 loops=1)
   Output: a, b
   Index Cond: ((t.a >= 25360) AND (t.a <= 26383))
   Index Searches: 1
   Buffers: shared hit=4044
 Settings: enable_bitmapscan = 'off', enable_seqscan = 'off', max_parallel_workers_per_gather = '0'
 Planning:
   Buffers: shared hit=114
 Planning Time: 0.197 ms
 Execution Time: 0.815 ms
(10 rows)

