SET
SET
SET
SET
SET
                                                              QUERY PLAN                                                               
---------------------------------------------------------------------------------------------------------------------------------------
 Index Scan Backward using idx on public.t (actual rows=7048576.00 loops=1)
   Output: a, b
   Index Cond: ((t.a >= 1040) AND (t.a <= 1763183))
   Index Searches: 1
   Buffers: shared hit=2087710 read=99254
 Settings: enable_bitmapscan = 'off', enable_seqscan = 'off', max_parallel_workers_per_gather = '0', enable_indexscan_prefetch = 'off'
 Planning:
   Buffers: shared hit=82 read=27
 Planning Time: 1.999 ms
 Execution Time: 5433.982 ms
(10 rows)

SET
SET
SET
SET
SET
                                                              QUERY PLAN                                                               
---------------------------------------------------------------------------------------------------------------------------------------
 Index Scan Backward using idx on public.t (actual rows=7048576.00 loops=1)
   Output: a, b
   Index Cond: ((t.a >= 1040) AND (t.a <= 1763183))
   Index Searches: 1
   Buffers: shared hit=2186964
 Settings: enable_bitmapscan = 'off', enable_seqscan = 'off', max_parallel_workers_per_gather = '0', enable_indexscan_prefetch = 'off'
 Planning:
   Buffers: shared hit=114
 Planning Time: 0.229 ms
 Execution Time: 1127.536 ms
(10 rows)

