SET
SET
SET
SET
SET
                                                                QUERY PLAN                                                                 
-------------------------------------------------------------------------------------------------------------------------------------------
 Index Scan Backward using idx on public.t (actual rows=32768.00 loops=1)
   Output: a, b
   Index Cond: ((t.a >= 10457) AND (t.a <= 18648))
   Index Searches: 1
   Prefetch: distance=270.536 count=14760 stalls=1 skipped=22326 resets=0 ungets=4762 forwarded=0
             histogram [2,4) => 2, [4,8) => 3, [8,16) => 5, [16,32) => 9, [32,64) => 2, [64,128) => 2, [128,256) => 21, [256,512) => 14716
   Buffers: shared hit=5225 read=4973
 Settings: enable_bitmapscan = 'off', enable_seqscan = 'off', max_parallel_workers_per_gather = '0'
 Planning:
   Buffers: shared hit=86 read=27
 Planning Time: 2.029 ms
 Execution Time: 48.072 ms
(12 rows)

SET
SET
SET
SET
SET
                                             QUERY PLAN                                             
----------------------------------------------------------------------------------------------------
 Index Scan Backward using idx on public.t (actual rows=32768.00 loops=1)
   Output: a, b
   Index Cond: ((t.a >= 10457) AND (t.a <= 18648))
   Index Searches: 1
   Buffers: shared hit=10198
 Settings: enable_bitmapscan = 'off', enable_seqscan = 'off', max_parallel_workers_per_gather = '0'
 Planning:
   Buffers: shared hit=118
 Planning Time: 0.183 ms
 Execution Time: 5.238 ms
(10 rows)

