SET
SET
SET
SET
SET
                                                                 QUERY PLAN                                                                  
---------------------------------------------------------------------------------------------------------------------------------------------
 Index Scan Backward using idx on public.t (actual rows=65536.00 loops=1)
   Output: a, b
   Index Cond: ((t.a >= 4707) AND (t.a <= 21090))
   Index Searches: 1
   Prefetch: distance=267.955 count=26363 stalls=1 skipped=45103 resets=0 ungets=6122 forwarded=0
             histogram [2,4) => 2, [4,8) => 4, [8,16) => 9, [16,32) => 8, [32,64) => 2, [64,128) => 2, [128,256) => 1507, [256,512) => 24829
   Buffers: shared hit=14103 read=6304
 Settings: enable_bitmapscan = 'off', enable_seqscan = 'off', max_parallel_workers_per_gather = '0'
 Planning:
   Buffers: shared hit=86 read=27
 Planning Time: 2.018 ms
 Execution Time: 55.736 ms
(12 rows)

SET
SET
SET
SET
SET
                                             QUERY PLAN                                             
----------------------------------------------------------------------------------------------------
 Index Scan Backward using idx on public.t (actual rows=65536.00 loops=1)
   Output: a, b
   Index Cond: ((t.a >= 4707) AND (t.a <= 21090))
   Index Searches: 1
   Buffers: shared hit=20407
 Settings: enable_bitmapscan = 'off', enable_seqscan = 'off', max_parallel_workers_per_gather = '0'
 Planning:
   Buffers: shared hit=118
 Planning Time: 0.174 ms
 Execution Time: 11.674 ms
(10 rows)

