SET
SET
SET
SET
SET
                                                               QUERY PLAN                                                               
----------------------------------------------------------------------------------------------------------------------------------------
 Index Scan Backward using idx on public.t (actual rows=512.00 loops=1)
   Output: a, b
   Index Cond: ((t.a >= 6483) AND (t.a <= 6610))
   Index Searches: 1
   Prefetch: distance=144.472 count=53 stalls=1 skipped=86 resets=0 ungets=15 forwarded=0
             histogram [2,4) => 2, [4,8) => 3, [8,16) => 5, [16,32) => 13, [32,64) => 2, [64,128) => 2, [128,256) => 2, [256,512) => 24
   Buffers: shared hit=14 read=157
 Settings: enable_bitmapscan = 'off', enable_seqscan = 'off', max_parallel_workers_per_gather = '0'
 Planning:
   Buffers: shared hit=86 read=27
 Planning Time: 1.270 ms
 Execution Time: 9.144 ms
(12 rows)

SET
SET
SET
SET
SET
                                             QUERY PLAN                                             
----------------------------------------------------------------------------------------------------
 Index Scan Backward using idx on public.t (actual rows=512.00 loops=1)
   Output: a, b
   Index Cond: ((t.a >= 6483) AND (t.a <= 6610))
   Index Searches: 1
   Buffers: shared hit=171
 Settings: enable_bitmapscan = 'off', enable_seqscan = 'off', max_parallel_workers_per_gather = '0'
 Planning:
   Buffers: shared hit=118
 Planning Time: 0.150 ms
 Execution Time: 0.143 ms
(10 rows)

