SET
SET
SET
SET
SET
                                                                         QUERY PLAN                                                                         
------------------------------------------------------------------------------------------------------------------------------------------------------------
 Index Scan Backward using idx on public.t (actual rows=6048576.00 loops=1)
   Output: a, b
   Index Cond: ((t.a >= 23201) AND (t.a <= 1535344))
   Index Searches: 1
   Prefetch: distance=254.363 count=1769725 stalls=114787 skipped=4180665 resets=0 ungets=17052 forwarded=1
             histogram [2,4) => 2614, [4,8) => 190, [8,16) => 19, [16,32) => 40, [32,64) => 110, [64,128) => 624, [128,256) => 712721, [256,512) => 1053407
   Buffers: shared hit=1789679 read=86988
 Settings: enable_bitmapscan = 'off', enable_seqscan = 'off', max_parallel_workers_per_gather = '0'
 Planning:
   Buffers: shared hit=82 read=27
 Planning Time: 1.999 ms
 Execution Time: 2100.400 ms
(12 rows)

SET
SET
SET
SET
SET
                                             QUERY PLAN                                             
----------------------------------------------------------------------------------------------------
 Index Scan Backward using idx on public.t (actual rows=6048576.00 loops=1)
   Output: a, b
   Index Cond: ((t.a >= 23201) AND (t.a <= 1535344))
   Index Searches: 1
   Buffers: shared hit=1876667
 Settings: enable_bitmapscan = 'off', enable_seqscan = 'off', max_parallel_workers_per_gather = '0'
 Planning:
   Buffers: shared hit=114
 Planning Time: 0.217 ms
 Execution Time: 973.649 ms
(10 rows)

