SET
SET
SET
SET
SET
                                                                        QUERY PLAN                                                                        
----------------------------------------------------------------------------------------------------------------------------------------------------------
 Index Scan Backward using idx on public.t (actual rows=1048576.00 loops=1)
   Output: a, b
   Index Cond: ((t.a >= 635) AND (t.a <= 262778))
   Index Searches: 1
   Prefetch: distance=249.281 count=193666 stalls=142521 skipped=724788 resets=0 ungets=12746 forwarded=1
             histogram [2,4) => 2724, [4,8) => 192, [8,16) => 15, [16,32) => 44, [32,64) => 110, [64,128) => 597, [128,256) => 74464, [256,512) => 115520
   Buffers: shared hit=305474 read=19652
 Settings: enable_bitmapscan = 'off', enable_seqscan = 'off', max_parallel_workers_per_gather = '0'
 Planning:
   Buffers: shared hit=82 read=27
 Planning Time: 2.016 ms
 Execution Time: 434.293 ms
(12 rows)

SET
SET
SET
SET
SET
                                             QUERY PLAN                                             
----------------------------------------------------------------------------------------------------
 Index Scan Backward using idx on public.t (actual rows=1048576.00 loops=1)
   Output: a, b
   Index Cond: ((t.a >= 635) AND (t.a <= 262778))
   Index Searches: 1
   Buffers: shared hit=325126
 Settings: enable_bitmapscan = 'off', enable_seqscan = 'off', max_parallel_workers_per_gather = '0'
 Planning:
   Buffers: shared hit=114
 Planning Time: 0.186 ms
 Execution Time: 165.644 ms
(10 rows)

