SET
SET
SET
SET
SET
                                                                         QUERY PLAN                                                                         
------------------------------------------------------------------------------------------------------------------------------------------------------------
 Index Scan Backward using idx on public.t (actual rows=8048576.00 loops=1)
   Output: a, b
   Index Cond: ((t.a >= 30406) AND (t.a <= 2042549))
   Index Searches: 1
   Prefetch: distance=254.514 count=2397967 stalls=105956 skipped=5562881 resets=0 ungets=18783 forwarded=2
             histogram [2,4) => 2550, [4,8) => 184, [8,16) => 15, [16,32) => 44, [32,64) => 110, [64,128) => 624, [128,256) => 968897, [256,512) => 1425543
   Buffers: shared hit=2383551 read=113815
 Settings: enable_bitmapscan = 'off', enable_seqscan = 'off', max_parallel_workers_per_gather = '0'
 Planning:
   Buffers: shared hit=82 read=23
 Planning Time: 1.841 ms
 Execution Time: 2772.277 ms
(12 rows)

SET
SET
SET
SET
SET
                                             QUERY PLAN                                             
----------------------------------------------------------------------------------------------------
 Index Scan Backward using idx on public.t (actual rows=8048576.00 loops=1)
   Output: a, b
   Index Cond: ((t.a >= 30406) AND (t.a <= 2042549))
   Index Searches: 1
   Buffers: shared hit=2497366
 Settings: enable_bitmapscan = 'off', enable_seqscan = 'off', max_parallel_workers_per_gather = '0'
 Planning:
   Buffers: shared hit=110
 Planning Time: 0.202 ms
 Execution Time: 1289.994 ms
(10 rows)

