SET
SET
SET
SET
SET
                                                                         QUERY PLAN                                                                         
------------------------------------------------------------------------------------------------------------------------------------------------------------
 Index Scan Backward using idx on public.t (actual rows=7048576.00 loops=1)
   Output: a, b
   Index Cond: ((t.a >= 16011) AND (t.a <= 1778154))
   Index Searches: 1
   Prefetch: distance=254.435 count=2070530 stalls=123563 skipped=4871894 resets=0 ungets=17830 forwarded=3
             histogram [2,4) => 2678, [4,8) => 190, [8,16) => 15, [16,32) => 44, [32,64) => 110, [64,128) => 624, [128,256) => 835070, [256,512) => 1231799
   Buffers: shared hit=2087013 read=99937
 Settings: enable_bitmapscan = 'off', enable_seqscan = 'off', max_parallel_workers_per_gather = '0'
 Planning:
   Buffers: shared hit=82 read=27
 Planning Time: 2.016 ms
 Execution Time: 2432.641 ms
(12 rows)

SET
SET
SET
SET
SET
                                             QUERY PLAN                                             
----------------------------------------------------------------------------------------------------
 Index Scan Backward using idx on public.t (actual rows=7048576.00 loops=1)
   Output: a, b
   Index Cond: ((t.a >= 16011) AND (t.a <= 1778154))
   Index Searches: 1
   Buffers: shared hit=2186950
 Settings: enable_bitmapscan = 'off', enable_seqscan = 'off', max_parallel_workers_per_gather = '0'
 Planning:
   Buffers: shared hit=114
 Planning Time: 0.221 ms
 Execution Time: 1128.975 ms
(10 rows)

