SET
SET
SET
SET
SET
                                                                        QUERY PLAN                                                                         
-----------------------------------------------------------------------------------------------------------------------------------------------------------
 Index Scan Backward using idx on public.t (actual rows=2048576.00 loops=1)
   Output: a, b
   Index Cond: ((t.a >= 14947) AND (t.a <= 527090))
   Index Searches: 1
   Prefetch: distance=252.853 count=521092 stalls=124888 skipped=1416240 resets=0 ungets=13795 forwarded=1
             histogram [2,4) => 2680, [4,8) => 190, [8,16) => 15, [16,32) => 44, [32,64) => 110, [64,128) => 595, [128,256) => 207333, [256,512) => 310125
   Buffers: shared hit=601755 read=33551
 Settings: enable_bitmapscan = 'off', enable_seqscan = 'off', max_parallel_workers_per_gather = '0'
 Planning:
   Buffers: shared hit=82 read=27
 Planning Time: 1.997 ms
 Execution Time: 769.421 ms
(12 rows)

SET
SET
SET
SET
SET
                                             QUERY PLAN                                             
----------------------------------------------------------------------------------------------------
 Index Scan Backward using idx on public.t (actual rows=2048576.00 loops=1)
   Output: a, b
   Index Cond: ((t.a >= 14947) AND (t.a <= 527090))
   Index Searches: 1
   Buffers: shared hit=635306
 Settings: enable_bitmapscan = 'off', enable_seqscan = 'off', max_parallel_workers_per_gather = '0'
 Planning:
   Buffers: shared hit=114
 Planning Time: 0.194 ms
 Execution Time: 334.606 ms
(10 rows)

