SET
SET
SET
SET
SET
                                                                         QUERY PLAN                                                                          
-------------------------------------------------------------------------------------------------------------------------------------------------------------
 Index Scan Backward using idx on public.t (actual rows=9048576.00 loops=1)
   Output: a, b
   Index Cond: ((t.a >= 12063) AND (t.a <= 2274206))
   Index Searches: 1
   Prefetch: distance=254.550 count=2684574 stalls=128433 skipped=6254422 resets=0 ungets=19520 forwarded=2
             histogram [2,4) => 2694, [4,8) => 191, [8,16) => 15, [16,32) => 47, [32,64) => 110, [64,128) => 624, [128,256) => 1085118, [256,512) => 1595775
   Buffers: shared hit=2681024 read=126227
 Settings: enable_bitmapscan = 'off', enable_seqscan = 'off', max_parallel_workers_per_gather = '0'
 Planning:
   Buffers: shared hit=82 read=27
 Planning Time: 2.195 ms
 Execution Time: 3079.617 ms
(12 rows)

SET
SET
SET
SET
SET
                                             QUERY PLAN                                             
----------------------------------------------------------------------------------------------------
 Index Scan Backward using idx on public.t (actual rows=9048576.00 loops=1)
   Output: a, b
   Index Cond: ((t.a >= 12063) AND (t.a <= 2274206))
   Index Searches: 1
   Buffers: shared hit=2807251
 Settings: enable_bitmapscan = 'off', enable_seqscan = 'off', max_parallel_workers_per_gather = '0'
 Planning:
   Buffers: shared hit=114
 Planning Time: 0.260 ms
 Execution Time: 1454.647 ms
(10 rows)

