SET
SET
SET
SET
SET
                                             QUERY PLAN                                             
----------------------------------------------------------------------------------------------------
 Index Scan using idx on public.t (actual rows=8192.00 loops=1)
   Output: a, b
   Index Cond: ((t.a >= 12542) AND (t.a <= 14589))
   Index Searches: 1
   Prefetch: distance=2.109 count=741 stalls=6722 skipped=126 resets=0 ungets=0 forwarded=0
             histogram [2,4) => 714, [4,8) => 27
   Buffers: shared hit=7582 read=492
 Settings: enable_bitmapscan = 'off', enable_seqscan = 'off', max_parallel_workers_per_gather = '0'
 Planning:
   Buffers: shared hit=82 read=27
 Planning Time: 1.997 ms
 Execution Time: 12.610 ms
(12 rows)

SET
SET
SET
SET
SET
                                             QUERY PLAN                                             
----------------------------------------------------------------------------------------------------
 Index Scan using idx on public.t (actual rows=8192.00 loops=1)
   Output: a, b
   Index Cond: ((t.a >= 12542) AND (t.a <= 14589))
   Index Searches: 1
   Buffers: shared hit=8074
 Settings: enable_bitmapscan = 'off', enable_seqscan = 'off', max_parallel_workers_per_gather = '0'
 Planning:
   Buffers: shared hit=114
 Planning Time: 0.145 ms
 Execution Time: 0.904 ms
(10 rows)

