SET
SET
SET
SET
SET
                                                               QUERY PLAN                                                                
-----------------------------------------------------------------------------------------------------------------------------------------
 Index Scan Backward using idx on public.t (actual rows=8192.00 loops=1)
   Output: a, b
   Index Cond: ((t.a >= 878) AND (t.a <= 2925))
   Index Searches: 1
   Prefetch: distance=270.102 count=4149 stalls=1 skipped=5458 resets=0 ungets=1759 forwarded=0
             histogram [2,4) => 2, [4,8) => 7, [8,16) => 7, [16,32) => 7, [32,64) => 2, [64,128) => 2, [128,256) => 2, [256,512) => 4120
   Buffers: shared hit=622 read=1896
 Settings: enable_bitmapscan = 'off', enable_seqscan = 'off', max_parallel_workers_per_gather = '0'
 Planning:
   Buffers: shared hit=86 read=27
 Planning Time: 1.992 ms
 Execution Time: 21.716 ms
(12 rows)

SET
SET
SET
SET
SET
                                             QUERY PLAN                                             
----------------------------------------------------------------------------------------------------
 Index Scan Backward using idx on public.t (actual rows=8192.00 loops=1)
   Output: a, b
   Index Cond: ((t.a >= 878) AND (t.a <= 2925))
   Index Searches: 1
   Buffers: shared hit=2518
 Settings: enable_bitmapscan = 'off', enable_seqscan = 'off', max_parallel_workers_per_gather = '0'
 Planning:
   Buffers: shared hit=118
 Planning Time: 0.157 ms
 Execution Time: 1.206 ms
(10 rows)

