SET
SET
SET
SET
SET
                                                                         QUERY PLAN                                                                         
------------------------------------------------------------------------------------------------------------------------------------------------------------
 Index Scan Backward using idx on public.t (actual rows=6048576.00 loops=1)
   Output: a, b
   Index Cond: ((t.a >= 30783) AND (t.a <= 1542926))
   Index Searches: 1
   Prefetch: distance=254.383 count=1779204 stalls=105503 skipped=4180937 resets=0 ungets=17119 forwarded=3
             histogram [2,4) => 2538, [4,8) => 182, [8,16) => 15, [16,32) => 44, [32,64) => 110, [64,128) => 623, [128,256) => 716700, [256,512) => 1058992
   Buffers: shared hit=1789389 read=87275
 Settings: enable_bitmapscan = 'off', enable_seqscan = 'off', max_parallel_workers_per_gather = '0'
 Planning:
   Buffers: shared hit=82 read=23
 Planning Time: 1.811 ms
 Execution Time: 2097.557 ms
(12 rows)

SET
SET
SET
SET
SET
                                             QUERY PLAN                                             
----------------------------------------------------------------------------------------------------
 Index Scan Backward using idx on public.t (actual rows=6048576.00 loops=1)
   Output: a, b
   Index Cond: ((t.a >= 30783) AND (t.a <= 1542926))
   Index Searches: 1
   Buffers: shared hit=1876664
 Settings: enable_bitmapscan = 'off', enable_seqscan = 'off', max_parallel_workers_per_gather = '0'
 Planning:
   Buffers: shared hit=110
 Planning Time: 0.206 ms
 Execution Time: 971.203 ms
(10 rows)

