SET
SET
SET
SET
SET
                                                                        QUERY PLAN                                                                         
-----------------------------------------------------------------------------------------------------------------------------------------------------------
 Index Scan Backward using idx on public.t (actual rows=4048576.00 loops=1)
   Output: a, b
   Index Cond: ((t.a >= 21183) AND (t.a <= 1033326))
   Index Searches: 1
   Prefetch: distance=254.005 count=1148112 stalls=117191 skipped=2798455 resets=0 ungets=15569 forwarded=3
             histogram [2,4) => 2634, [4,8) => 187, [8,16) => 15, [16,32) => 44, [32,64) => 110, [64,128) => 624, [128,256) => 461888, [256,512) => 682610
   Buffers: shared hit=1195529 read=60389
 Settings: enable_bitmapscan = 'off', enable_seqscan = 'off', max_parallel_workers_per_gather = '0'
 Planning:
   Buffers: shared hit=82 read=27
 Planning Time: 2.006 ms
 Execution Time: 1441.086 ms
(12 rows)

SET
SET
SET
SET
SET
                                             QUERY PLAN                                             
----------------------------------------------------------------------------------------------------
 Index Scan Backward using idx on public.t (actual rows=4048576.00 loops=1)
   Output: a, b
   Index Cond: ((t.a >= 21183) AND (t.a <= 1033326))
   Index Searches: 1
   Buffers: shared hit=1255918
 Settings: enable_bitmapscan = 'off', enable_seqscan = 'off', max_parallel_workers_per_gather = '0'
 Planning:
   Buffers: shared hit=114
 Planning Time: 0.220 ms
 Execution Time: 656.259 ms
(10 rows)

