SET
SET
SET
SET
SET
                                                                        QUERY PLAN                                                                        
----------------------------------------------------------------------------------------------------------------------------------------------------------
 Index Scan Backward using idx on public.t (actual rows=1048576.00 loops=1)
   Output: a, b
   Index Cond: ((t.a >= 2056) AND (t.a <= 264199))
   Index Searches: 1
   Prefetch: distance=249.369 count=195651 stalls=140794 skipped=724969 resets=0 ungets=12857 forwarded=1
             histogram [2,4) => 2724, [4,8) => 192, [8,16) => 15, [16,32) => 44, [32,64) => 110, [64,128) => 597, [128,256) => 75081, [256,512) => 116888
   Buffers: shared hit=305445 read=19724
 Settings: enable_bitmapscan = 'off', enable_seqscan = 'off', max_parallel_workers_per_gather = '0'
 Planning:
   Buffers: shared hit=82 read=27
 Planning Time: 2.015 ms
 Execution Time: 427.839 ms
(12 rows)

SET
SET
SET
SET
SET
                                             QUERY PLAN                                             
----------------------------------------------------------------------------------------------------
 Index Scan Backward using idx on public.t (actual rows=1048576.00 loops=1)
   Output: a, b
   Index Cond: ((t.a >= 2056) AND (t.a <= 264199))
   Index Searches: 1
   Buffers: shared hit=325169
 Settings: enable_bitmapscan = 'off', enable_seqscan = 'off', max_parallel_workers_per_gather = '0'
 Planning:
   Buffers: shared hit=114
 Planning Time: 0.183 ms
 Execution Time: 169.663 ms
(10 rows)

