SET
SET
SET
SET
SET
                                                                     QUERY PLAN                                                                      
-----------------------------------------------------------------------------------------------------------------------------------------------------
 Index Scan Backward using idx on public.t (actual rows=131072.00 loops=1)
   Output: a, b
   Index Cond: ((t.a >= 15157) AND (t.a <= 47924))
   Index Searches: 1
   Prefetch: distance=260.735 count=43362 stalls=4060 skipped=90253 resets=0 ungets=7250 forwarded=0
             histogram [2,4) => 126, [4,8) => 10, [8,16) => 21, [16,32) => 26, [32,64) => 54, [64,128) => 283, [128,256) => 7312, [256,512) => 35530
   Buffers: shared hit=32484 read=8090
 Settings: enable_bitmapscan = 'off', enable_seqscan = 'off', max_parallel_workers_per_gather = '0'
 Planning:
   Buffers: shared hit=82 read=27
 Planning Time: 2.045 ms
 Execution Time: 88.643 ms
(12 rows)

SET
SET
SET
SET
SET
                                             QUERY PLAN                                             
----------------------------------------------------------------------------------------------------
 Index Scan Backward using idx on public.t (actual rows=131072.00 loops=1)
   Output: a, b
   Index Cond: ((t.a >= 15157) AND (t.a <= 47924))
   Index Searches: 1
   Buffers: shared hit=40574
 Settings: enable_bitmapscan = 'off', enable_seqscan = 'off', max_parallel_workers_per_gather = '0'
 Planning:
   Buffers: shared hit=114
 Planning Time: 0.234 ms
 Execution Time: 20.948 ms
(10 rows)

