SET
SET
SET
SET
SET
                                                                       QUERY PLAN                                                                       
--------------------------------------------------------------------------------------------------------------------------------------------------------
 Index Scan Backward using idx on public.t (actual rows=524288.00 loops=1)
   Output: a, b
   Index Cond: ((t.a >= 12550) AND (t.a <= 143621))
   Index Searches: 1
   Prefetch: distance=250.892 count=85319 stalls=87199 skipped=362514 resets=0 ungets=10747 forwarded=1
             histogram [2,4) => 1390, [4,8) => 82, [8,16) => 13, [16,32) => 27, [32,64) => 104, [64,128) => 499, [128,256) => 24579, [256,512) => 58625
   Buffers: shared hit=149337 read=13226
 Settings: enable_bitmapscan = 'off', enable_seqscan = 'off', max_parallel_workers_per_gather = '0'
 Planning:
   Buffers: shared hit=82 read=27
 Planning Time: 1.998 ms
 Execution Time: 233.505 ms
(12 rows)

SET
SET
SET
SET
SET
                                             QUERY PLAN                                             
----------------------------------------------------------------------------------------------------
 Index Scan Backward using idx on public.t (actual rows=524288.00 loops=1)
   Output: a, b
   Index Cond: ((t.a >= 12550) AND (t.a <= 143621))
   Index Searches: 1
   Buffers: shared hit=162563
 Settings: enable_bitmapscan = 'off', enable_seqscan = 'off', max_parallel_workers_per_gather = '0'
 Planning:
   Buffers: shared hit=114
 Planning Time: 0.187 ms
 Execution Time: 83.107 ms
(10 rows)

