SET
SET
SET
SET
SET
                                                              QUERY PLAN                                                               
---------------------------------------------------------------------------------------------------------------------------------------
 Index Scan Backward using idx on public.t (actual rows=9048576.00 loops=1)
   Output: a, b
   Index Cond: ((t.a >= 21278) AND (t.a <= 2283421))
   Index Searches: 1
   Buffers: shared hit=2680598 read=126602
 Settings: enable_bitmapscan = 'off', enable_seqscan = 'off', max_parallel_workers_per_gather = '0', enable_indexscan_prefetch = 'off'
 Planning:
   Buffers: shared hit=82 read=27
 Planning Time: 2.007 ms
 Execution Time: 6940.490 ms
(10 rows)

SET
SET
SET
SET
SET
                                                              QUERY PLAN                                                               
---------------------------------------------------------------------------------------------------------------------------------------
 Index Scan Backward using idx on public.t (actual rows=9048576.00 loops=1)
   Output: a, b
   Index Cond: ((t.a >= 21278) AND (t.a <= 2283421))
   Index Searches: 1
   Buffers: shared hit=2807200
 Settings: enable_bitmapscan = 'off', enable_seqscan = 'off', max_parallel_workers_per_gather = '0', enable_indexscan_prefetch = 'off'
 Planning:
   Buffers: shared hit=114
 Planning Time: 0.247 ms
 Execution Time: 1459.328 ms
(10 rows)

