SET
SET
SET
SET
                                             QUERY PLAN                                             
----------------------------------------------------------------------------------------------------
 Index Scan Backward using idx on public.t (actual rows=16384.00 loops=1)
   Output: a, b
   Index Cond: ((t.a >= 25829) AND (t.a <= 29924))
   Index Searches: 1
   Buffers: shared hit=1591 read=3504
 Settings: enable_bitmapscan = 'off', enable_seqscan = 'off', max_parallel_workers_per_gather = '0'
 Planning:
   Buffers: shared hit=82 read=27
 Planning Time: 1.996 ms
 Execution Time: 205.876 ms
(10 rows)

SET
SET
SET
SET
                                             QUERY PLAN                                             
----------------------------------------------------------------------------------------------------
 Index Scan Backward using idx on public.t (actual rows=16384.00 loops=1)
   Output: a, b
   Index Cond: ((t.a >= 25829) AND (t.a <= 29924))
   Index Searches: 1
   Buffers: shared hit=5095
 Settings: enable_bitmapscan = 'off', enable_seqscan = 'off', max_parallel_workers_per_gather = '0'
 Planning:
   Buffers: shared hit=114
 Planning Time: 0.184 ms
 Execution Time: 3.309 ms
(10 rows)

