SET
SET
SET
SET
                                             QUERY PLAN                                             
----------------------------------------------------------------------------------------------------
 Index Scan Backward using idx on public.t (actual rows=9048576.00 loops=1)
   Output: a, b
   Index Cond: ((t.a >= 28453) AND (t.a <= 2290596))
   Index Searches: 1
   Buffers: shared hit=2680367 read=126877
 Settings: enable_bitmapscan = 'off', enable_seqscan = 'off', max_parallel_workers_per_gather = '0'
 Planning:
   Buffers: shared hit=82 read=23
 Planning Time: 1.820 ms
 Execution Time: 7006.054 ms
(10 rows)

SET
SET
SET
SET
                                             QUERY PLAN                                             
----------------------------------------------------------------------------------------------------
 Index Scan Backward using idx on public.t (actual rows=9048576.00 loops=1)
   Output: a, b
   Index Cond: ((t.a >= 28453) AND (t.a <= 2290596))
   Index Searches: 1
   Buffers: shared hit=2807244
 Settings: enable_bitmapscan = 'off', enable_seqscan = 'off', max_parallel_workers_per_gather = '0'
 Planning:
   Buffers: shared hit=110
 Planning Time: 0.205 ms
 Execution Time: 1443.401 ms
(10 rows)

