SET
SET
SET
SET
SET
                                                                        QUERY PLAN                                                                         
-----------------------------------------------------------------------------------------------------------------------------------------------------------
 Index Scan Backward using idx on public.t (actual rows=2048576.00 loops=1)
   Output: a, b
   Index Cond: ((t.a >= 7193) AND (t.a <= 519336))
   Index Searches: 1
   Prefetch: distance=252.771 count=511297 stalls=134434 skipped=1415914 resets=0 ungets=13600 forwarded=3
             histogram [2,4) => 2714, [4,8) => 191, [8,16) => 15, [16,32) => 44, [32,64) => 110, [64,128) => 605, [128,256) => 203507, [256,512) => 304111
   Buffers: shared hit=602159 read=33202
 Settings: enable_bitmapscan = 'off', enable_seqscan = 'off', max_parallel_workers_per_gather = '0'
 Planning:
   Buffers: shared hit=82 read=27
 Planning Time: 1.990 ms
 Execution Time: 776.946 ms
(12 rows)

SET
SET
SET
SET
SET
                                             QUERY PLAN                                             
----------------------------------------------------------------------------------------------------
 Index Scan Backward using idx on public.t (actual rows=2048576.00 loops=1)
   Output: a, b
   Index Cond: ((t.a >= 7193) AND (t.a <= 519336))
   Index Searches: 1
   Buffers: shared hit=635361
 Settings: enable_bitmapscan = 'off', enable_seqscan = 'off', max_parallel_workers_per_gather = '0'
 Planning:
   Buffers: shared hit=114
 Planning Time: 0.185 ms
 Execution Time: 331.162 ms
(10 rows)

