SET
SET
SET
SET
SET
                                                                         QUERY PLAN                                                                         
------------------------------------------------------------------------------------------------------------------------------------------------------------
 Index Scan Backward using idx on public.t (actual rows=6048576.00 loops=1)
   Output: a, b
   Index Cond: ((t.a >= 5881) AND (t.a <= 1518024))
   Index Searches: 1
   Prefetch: distance=254.335 count=1748312 stalls=136049 skipped=4180529 resets=0 ungets=16957 forwarded=1
             histogram [2,4) => 2718, [4,8) => 191, [8,16) => 15, [16,32) => 44, [32,64) => 110, [64,128) => 624, [128,256) => 704328, [256,512) => 1040282
   Buffers: shared hit=1790459 read=86203
 Settings: enable_bitmapscan = 'off', enable_seqscan = 'off', max_parallel_workers_per_gather = '0'
 Planning:
   Buffers: shared hit=82 read=27
 Planning Time: 2.016 ms
 Execution Time: 2109.798 ms
(12 rows)

SET
SET
SET
SET
SET
                                             QUERY PLAN                                             
----------------------------------------------------------------------------------------------------
 Index Scan Backward using idx on public.t (actual rows=6048576.00 loops=1)
   Output: a, b
   Index Cond: ((t.a >= 5881) AND (t.a <= 1518024))
   Index Searches: 1
   Buffers: shared hit=1876662
 Settings: enable_bitmapscan = 'off', enable_seqscan = 'off', max_parallel_workers_per_gather = '0'
 Planning:
   Buffers: shared hit=114
 Planning Time: 0.241 ms
 Execution Time: 977.283 ms
(10 rows)

