SET
SET
SET
SET
SET
                                                                      QUERY PLAN                                                                       
-------------------------------------------------------------------------------------------------------------------------------------------------------
 Index Scan Backward using idx on public.t (actual rows=262144.00 loops=1)
   Output: a, b
   Index Cond: ((t.a >= 9159) AND (t.a <= 74694))
   Index Searches: 1
   Prefetch: distance=256.248 count=56437 stalls=32813 skipped=181146 resets=0 ungets=8431 forwarded=0
             histogram [2,4) => 304, [4,8) => 18, [8,16) => 19, [16,32) => 22, [32,64) => 128, [64,128) => 480, [128,256) => 12878, [256,512) => 42588
   Buffers: shared hit=71665 read=9610
 Settings: enable_bitmapscan = 'off', enable_seqscan = 'off', max_parallel_workers_per_gather = '0'
 Planning:
   Buffers: shared hit=82 read=27
 Planning Time: 2.080 ms
 Execution Time: 123.209 ms
(12 rows)

SET
SET
SET
SET
SET
                                             QUERY PLAN                                             
----------------------------------------------------------------------------------------------------
 Index Scan Backward using idx on public.t (actual rows=262144.00 loops=1)
   Output: a, b
   Index Cond: ((t.a >= 9159) AND (t.a <= 74694))
   Index Searches: 1
   Buffers: shared hit=81275
 Settings: enable_bitmapscan = 'off', enable_seqscan = 'off', max_parallel_workers_per_gather = '0'
 Planning:
   Buffers: shared hit=114
 Planning Time: 0.185 ms
 Execution Time: 39.694 ms
(10 rows)

