SET
SET
SET
SET
SET
                                                                        QUERY PLAN                                                                         
-----------------------------------------------------------------------------------------------------------------------------------------------------------
 Index Scan Backward using idx on public.t (actual rows=4048576.00 loops=1)
   Output: a, b
   Index Cond: ((t.a >= 28625) AND (t.a <= 1040768))
   Index Searches: 1
   Prefetch: distance=254.034 count=1157367 stalls=108161 skipped=2798567 resets=0 ungets=15614 forwarded=2
             histogram [2,4) => 2562, [4,8) => 184, [8,16) => 15, [16,32) => 44, [32,64) => 110, [64,128) => 624, [128,256) => 465235, [256,512) => 688593
   Buffers: shared hit=1195330 read=60683
 Settings: enable_bitmapscan = 'off', enable_seqscan = 'off', max_parallel_workers_per_gather = '0'
 Planning:
   Buffers: shared hit=82 read=23
 Planning Time: 1.824 ms
 Execution Time: 1447.392 ms
(12 rows)

SET
SET
SET
SET
SET
                                             QUERY PLAN                                             
----------------------------------------------------------------------------------------------------
 Index Scan Backward using idx on public.t (actual rows=4048576.00 loops=1)
   Output: a, b
   Index Cond: ((t.a >= 28625) AND (t.a <= 1040768))
   Index Searches: 1
   Buffers: shared hit=1256013
 Settings: enable_bitmapscan = 'off', enable_seqscan = 'off', max_parallel_workers_per_gather = '0'
 Planning:
   Buffers: shared hit=110
 Planning Time: 0.236 ms
 Execution Time: 651.224 ms
(10 rows)

