SET
SET
SET
SET
SET
                                                                     QUERY PLAN                                                                     
----------------------------------------------------------------------------------------------------------------------------------------------------
 Index Scan Backward using idx on public.t (actual rows=131072.00 loops=1)
   Output: a, b
   Index Cond: ((t.a >= 5071) AND (t.a <= 37838))
   Index Searches: 1
   Prefetch: distance=257.224 count=46651 stalls=568 skipped=90391 resets=0 ungets=6921 forwarded=0
             histogram [2,4) => 18, [4,8) => 7, [8,16) => 13, [16,32) => 31, [32,64) => 54, [64,128) => 326, [128,256) => 11295, [256,512) => 34907
   Buffers: shared hit=32965 read=7647
 Settings: enable_bitmapscan = 'off', enable_seqscan = 'off', max_parallel_workers_per_gather = '0'
 Planning:
   Buffers: shared hit=82 read=27
 Planning Time: 1.978 ms
 Execution Time: 79.845 ms
(12 rows)

SET
SET
SET
SET
SET
                                             QUERY PLAN                                             
----------------------------------------------------------------------------------------------------
 Index Scan Backward using idx on public.t (actual rows=131072.00 loops=1)
   Output: a, b
   Index Cond: ((t.a >= 5071) AND (t.a <= 37838))
   Index Searches: 1
   Buffers: shared hit=40612
 Settings: enable_bitmapscan = 'off', enable_seqscan = 'off', max_parallel_workers_per_gather = '0'
 Planning:
   Buffers: shared hit=114
 Planning Time: 0.186 ms
 Execution Time: 19.318 ms
(10 rows)

