SET
SET
SET
SET
SET
                                                                        QUERY PLAN                                                                         
-----------------------------------------------------------------------------------------------------------------------------------------------------------
 Index Scan Backward using idx on public.t (actual rows=3048576.00 loops=1)
   Output: a, b
   Index Cond: ((t.a >= 10956) AND (t.a <= 773099))
   Index Searches: 1
   Prefetch: distance=253.612 count=825803 stalls=129775 skipped=2107314 resets=0 ungets=14539 forwarded=2
             histogram [2,4) => 2698, [4,8) => 191, [8,16) => 15, [16,32) => 44, [32,64) => 110, [64,128) => 605, [128,256) => 331151, [256,512) => 490989
   Buffers: shared hit=899026 read=46649
 Settings: enable_bitmapscan = 'off', enable_seqscan = 'off', max_parallel_workers_per_gather = '0'
 Planning:
   Buffers: shared hit=82 read=27
 Planning Time: 1.991 ms
 Execution Time: 1101.259 ms
(12 rows)

SET
SET
SET
SET
SET
                                             QUERY PLAN                                             
----------------------------------------------------------------------------------------------------
 Index Scan Backward using idx on public.t (actual rows=3048576.00 loops=1)
   Output: a, b
   Index Cond: ((t.a >= 10956) AND (t.a <= 773099))
   Index Searches: 1
   Buffers: shared hit=945675
 Settings: enable_bitmapscan = 'off', enable_seqscan = 'off', max_parallel_workers_per_gather = '0'
 Planning:
   Buffers: shared hit=114
 Planning Time: 0.221 ms
 Execution Time: 495.858 ms
(10 rows)

