SET
SET
SET
SET
SET
                                                                         QUERY PLAN                                                                         
------------------------------------------------------------------------------------------------------------------------------------------------------------
 Index Scan Backward using idx on public.t (actual rows=7048576.00 loops=1)
   Output: a, b
   Index Cond: ((t.a >= 16995) AND (t.a <= 1779138))
   Index Searches: 1
   Prefetch: distance=254.433 count=2071766 stalls=122355 skipped=4871955 resets=0 ungets=17847 forwarded=3
             histogram [2,4) => 2672, [4,8) => 189, [8,16) => 15, [16,32) => 44, [32,64) => 110, [64,128) => 624, [128,256) => 835764, [256,512) => 1232348
   Buffers: shared hit=2086969 read=99966
 Settings: enable_bitmapscan = 'off', enable_seqscan = 'off', max_parallel_workers_per_gather = '0'
 Planning:
   Buffers: shared hit=82 read=27
 Planning Time: 2.044 ms
 Execution Time: 2441.133 ms
(12 rows)

SET
SET
SET
SET
SET
                                             QUERY PLAN                                             
----------------------------------------------------------------------------------------------------
 Index Scan Backward using idx on public.t (actual rows=7048576.00 loops=1)
   Output: a, b
   Index Cond: ((t.a >= 16995) AND (t.a <= 1779138))
   Index Searches: 1
   Buffers: shared hit=2186935
 Settings: enable_bitmapscan = 'off', enable_seqscan = 'off', max_parallel_workers_per_gather = '0'
 Planning:
   Buffers: shared hit=114
 Planning Time: 0.221 ms
 Execution Time: 1136.306 ms
(10 rows)

