SET
SET
SET
SET
SET
                                                               QUERY PLAN                                                               
----------------------------------------------------------------------------------------------------------------------------------------
 Index Scan Backward using idx on public.t (actual rows=1024.00 loops=1)
   Output: a, b
   Index Cond: ((t.a >= 22668) AND (t.a <= 22923))
   Index Searches: 1
   Prefetch: distance=257.372 count=462 stalls=1 skipped=601 resets=0 ungets=215 forwarded=0
             histogram [2,4) => 2, [4,8) => 3, [8,16) => 9, [16,32) => 9, [32,64) => 2, [64,128) => 2, [128,256) => 2, [256,512) => 433
   Buffers: shared hit=18 read=289
 Settings: enable_bitmapscan = 'off', enable_seqscan = 'off', max_parallel_workers_per_gather = '0'
 Planning:
   Buffers: shared hit=86 read=27
 Planning Time: 1.071 ms
 Execution Time: 6.089 ms
(12 rows)

SET
SET
SET
SET
SET
                                             QUERY PLAN                                             
----------------------------------------------------------------------------------------------------
 Index Scan Backward using idx on public.t (actual rows=1024.00 loops=1)
   Output: a, b
   Index Cond: ((t.a >= 22668) AND (t.a <= 22923))
   Index Searches: 1
   Buffers: shared hit=307
 Settings: enable_bitmapscan = 'off', enable_seqscan = 'off', max_parallel_workers_per_gather = '0'
 Planning:
   Buffers: shared hit=118
 Planning Time: 0.199 ms
 Execution Time: 0.432 ms
(10 rows)

