SET
SET
SET
SET
SET
                                                                        QUERY PLAN                                                                         
-----------------------------------------------------------------------------------------------------------------------------------------------------------
 Index Scan Backward using idx on public.t (actual rows=2048576.00 loops=1)
   Output: a, b
   Index Cond: ((t.a >= 7108) AND (t.a <= 519251))
   Index Searches: 1
   Prefetch: distance=252.783 count=511391 stalls=134539 skipped=1416149 resets=0 ungets=13694 forwarded=3
             histogram [2,4) => 2714, [4,8) => 191, [8,16) => 15, [16,32) => 44, [32,64) => 110, [64,128) => 605, [128,256) => 203389, [256,512) => 304323
   Buffers: shared hit=602164 read=33201
 Settings: enable_bitmapscan = 'off', enable_seqscan = 'off', max_parallel_workers_per_gather = '0'
 Planning:
   Buffers: shared hit=82 read=27
 Planning Time: 1.985 ms
 Execution Time: 765.790 ms
(12 rows)

SET
SET
SET
SET
SET
                                             QUERY PLAN                                             
----------------------------------------------------------------------------------------------------
 Index Scan Backward using idx on public.t (actual rows=2048576.00 loops=1)
   Output: a, b
   Index Cond: ((t.a >= 7108) AND (t.a <= 519251))
   Index Searches: 1
   Buffers: shared hit=635365
 Settings: enable_bitmapscan = 'off', enable_seqscan = 'off', max_parallel_workers_per_gather = '0'
 Planning:
   Buffers: shared hit=114
 Planning Time: 0.186 ms
 Execution Time: 333.157 ms
(10 rows)

