SET
SET
SET
SET
SET
                                                                      QUERY PLAN                                                                      
------------------------------------------------------------------------------------------------------------------------------------------------------
 Index Scan Backward using idx on public.t (actual rows=262144.00 loops=1)
   Output: a, b
   Index Cond: ((t.a >= 22078) AND (t.a <= 87613))
   Index Searches: 1
   Prefetch: distance=257.464 count=58379 stalls=31154 skipped=181040 resets=0 ungets=8848 forwarded=0
             histogram [2,4) => 442, [4,8) => 27, [8,16) => 13, [16,32) => 25, [32,64) => 34, [64,128) => 211, [128,256) => 13181, [256,512) => 44446
   Buffers: shared hit=71013 read=10203
 Settings: enable_bitmapscan = 'off', enable_seqscan = 'off', max_parallel_workers_per_gather = '0'
 Planning:
   Buffers: shared hit=82 read=27
 Planning Time: 2.026 ms
 Execution Time: 140.527 ms
(12 rows)

SET
SET
SET
SET
SET
                                             QUERY PLAN                                             
----------------------------------------------------------------------------------------------------
 Index Scan Backward using idx on public.t (actual rows=262144.00 loops=1)
   Output: a, b
   Index Cond: ((t.a >= 22078) AND (t.a <= 87613))
   Index Searches: 1
   Buffers: shared hit=81216
 Settings: enable_bitmapscan = 'off', enable_seqscan = 'off', max_parallel_workers_per_gather = '0'
 Planning:
   Buffers: shared hit=114
 Planning Time: 0.179 ms
 Execution Time: 43.934 ms
(10 rows)

