SET
SET
SET
SET
SET
                                                                        QUERY PLAN                                                                        
----------------------------------------------------------------------------------------------------------------------------------------------------------
 Index Scan Backward using idx on public.t (actual rows=1048576.00 loops=1)
   Output: a, b
   Index Cond: ((t.a >= 15307) AND (t.a <= 277450))
   Index Searches: 1
   Prefetch: distance=249.737 count=211908 stalls=124443 skipped=724915 resets=0 ungets=12941 forwarded=1
             histogram [2,4) => 2680, [4,8) => 190, [8,16) => 15, [16,32) => 44, [32,64) => 110, [64,128) => 597, [128,256) => 82064, [256,512) => 126208
   Buffers: shared hit=304752 read=20307
 Settings: enable_bitmapscan = 'off', enable_seqscan = 'off', max_parallel_workers_per_gather = '0'
 Planning:
   Buffers: shared hit=82 read=27
 Planning Time: 2.005 ms
 Execution Time: 438.334 ms
(12 rows)

SET
SET
SET
SET
SET
                                             QUERY PLAN                                             
----------------------------------------------------------------------------------------------------
 Index Scan Backward using idx on public.t (actual rows=1048576.00 loops=1)
   Output: a, b
   Index Cond: ((t.a >= 15307) AND (t.a <= 277450))
   Index Searches: 1
   Buffers: shared hit=325059
 Settings: enable_bitmapscan = 'off', enable_seqscan = 'off', max_parallel_workers_per_gather = '0'
 Planning:
   Buffers: shared hit=114
 Planning Time: 0.185 ms
 Execution Time: 168.824 ms
(10 rows)

