SET
SET
SET
SET
SET
                                                                      QUERY PLAN                                                                       
-------------------------------------------------------------------------------------------------------------------------------------------------------
 Index Scan Backward using idx on public.t (actual rows=524288.00 loops=1)
   Output: a, b
   Index Cond: ((t.a >= 29945) AND (t.a <= 161016))
   Index Searches: 1
   Prefetch: distance=248.914 count=103388 stalls=69573 skipped=362423 resets=0 ungets=11207 forwarded=1
             histogram [2,4) => 1328, [4,8) => 85, [8,16) => 14, [16,32) => 25, [32,64) => 34, [64,128) => 655, [128,256) => 35607, [256,512) => 65640
   Buffers: shared hit=148558 read=14018
 Settings: enable_bitmapscan = 'off', enable_seqscan = 'off', max_parallel_workers_per_gather = '0'
 Planning:
   Buffers: shared hit=82 read=23
 Planning Time: 1.832 ms
 Execution Time: 244.832 ms
(12 rows)

SET
SET
SET
SET
SET
                                             QUERY PLAN                                             
----------------------------------------------------------------------------------------------------
 Index Scan Backward using idx on public.t (actual rows=524288.00 loops=1)
   Output: a, b
   Index Cond: ((t.a >= 29945) AND (t.a <= 161016))
   Index Searches: 1
   Buffers: shared hit=162576
 Settings: enable_bitmapscan = 'off', enable_seqscan = 'off', max_parallel_workers_per_gather = '0'
 Planning:
   Buffers: shared hit=110
 Planning Time: 0.173 ms
 Execution Time: 83.635 ms
(10 rows)

