SET
SET
SET
SET
SET
                                                                        QUERY PLAN                                                                         
-----------------------------------------------------------------------------------------------------------------------------------------------------------
 Index Scan Backward using idx on public.t (actual rows=4048576.00 loops=1)
   Output: a, b
   Index Cond: ((t.a >= 23154) AND (t.a <= 1035297))
   Index Searches: 1
   Prefetch: distance=254.007 count=1150620 stalls=114840 skipped=2798474 resets=0 ungets=15613 forwarded=3
             histogram [2,4) => 2620, [4,8) => 187, [8,16) => 15, [16,32) => 44, [32,64) => 110, [64,128) => 624, [128,256) => 462930, [256,512) => 684090
   Buffers: shared hit=1195529 read=60465
 Settings: enable_bitmapscan = 'off', enable_seqscan = 'off', max_parallel_workers_per_gather = '0'
 Planning:
   Buffers: shared hit=82 read=27
 Planning Time: 1.991 ms
 Execution Time: 1438.566 ms
(12 rows)

SET
SET
SET
SET
SET
                                             QUERY PLAN                                             
----------------------------------------------------------------------------------------------------
 Index Scan Backward using idx on public.t (actual rows=4048576.00 loops=1)
   Output: a, b
   Index Cond: ((t.a >= 23154) AND (t.a <= 1035297))
   Index Searches: 1
   Buffers: shared hit=1255994
 Settings: enable_bitmapscan = 'off', enable_seqscan = 'off', max_parallel_workers_per_gather = '0'
 Planning:
   Buffers: shared hit=114
 Planning Time: 0.227 ms
 Execution Time: 658.573 ms
(10 rows)

