SET
SET
SET
SET
SET
                                                                         QUERY PLAN                                                                         
------------------------------------------------------------------------------------------------------------------------------------------------------------
 Index Scan Backward using idx on public.t (actual rows=7048576.00 loops=1)
   Output: a, b
   Index Cond: ((t.a >= 12771) AND (t.a <= 1774914))
   Index Searches: 1
   Prefetch: distance=254.431 count=2066683 stalls=127549 skipped=4872127 resets=0 ungets=17934 forwarded=3
             histogram [2,4) => 2694, [4,8) => 191, [8,16) => 15, [16,32) => 44, [32,64) => 110, [64,128) => 624, [128,256) => 833569, [256,512) => 1229436
   Buffers: shared hit=2087113 read=99790
 Settings: enable_bitmapscan = 'off', enable_seqscan = 'off', max_parallel_workers_per_gather = '0'
 Planning:
   Buffers: shared hit=82 read=27
 Planning Time: 2.088 ms
 Execution Time: 2460.585 ms
(12 rows)

SET
SET
SET
SET
SET
                                             QUERY PLAN                                             
----------------------------------------------------------------------------------------------------
 Index Scan Backward using idx on public.t (actual rows=7048576.00 loops=1)
   Output: a, b
   Index Cond: ((t.a >= 12771) AND (t.a <= 1774914))
   Index Searches: 1
   Buffers: shared hit=2186903
 Settings: enable_bitmapscan = 'off', enable_seqscan = 'off', max_parallel_workers_per_gather = '0'
 Planning:
   Buffers: shared hit=114
 Planning Time: 0.231 ms
 Execution Time: 1146.179 ms
(10 rows)

