SET
SET
SET
SET
SET
                                                                         QUERY PLAN                                                                         
------------------------------------------------------------------------------------------------------------------------------------------------------------
 Index Scan Backward using idx on public.t (actual rows=8048576.00 loops=1)
   Output: a, b
   Index Cond: ((t.a >= 29687) AND (t.a <= 2041830))
   Index Searches: 1
   Prefetch: distance=254.514 count=2397239 stalls=106846 skipped=5563006 resets=0 ungets=18866 forwarded=2
             histogram [2,4) => 2556, [4,8) => 184, [8,16) => 15, [16,32) => 44, [32,64) => 110, [64,128) => 624, [128,256) => 968592, [256,512) => 1425114
   Buffers: shared hit=2383591 read=113786
 Settings: enable_bitmapscan = 'off', enable_seqscan = 'off', max_parallel_workers_per_gather = '0'
 Planning:
   Buffers: shared hit=82 read=23
 Planning Time: 1.831 ms
 Execution Time: 2751.988 ms
(12 rows)

SET
SET
SET
SET
SET
                                             QUERY PLAN                                             
----------------------------------------------------------------------------------------------------
 Index Scan Backward using idx on public.t (actual rows=8048576.00 loops=1)
   Output: a, b
   Index Cond: ((t.a >= 29687) AND (t.a <= 2041830))
   Index Searches: 1
   Buffers: shared hit=2497377
 Settings: enable_bitmapscan = 'off', enable_seqscan = 'off', max_parallel_workers_per_gather = '0'
 Planning:
   Buffers: shared hit=110
 Planning Time: 0.219 ms
 Execution Time: 1307.291 ms
(10 rows)

