SET
SET
SET
SET
SET
                                                                         QUERY PLAN                                                                          
-------------------------------------------------------------------------------------------------------------------------------------------------------------
 Index Scan Backward using idx on public.t (actual rows=9048576.00 loops=1)
   Output: a, b
   Index Cond: ((t.a >= 21412) AND (t.a <= 2283555))
   Index Searches: 1
   Prefetch: distance=254.561 count=2696049 stalls=116918 skipped=6254468 resets=0 ungets=19514 forwarded=3
             histogram [2,4) => 2632, [4,8) => 187, [8,16) => 15, [16,32) => 44, [32,64) => 110, [64,128) => 624, [128,256) => 1089619, [256,512) => 1602818
   Buffers: shared hit=2680599 read=126605
 Settings: enable_bitmapscan = 'off', enable_seqscan = 'off', max_parallel_workers_per_gather = '0'
 Planning:
   Buffers: shared hit=82 read=27
 Planning Time: 2.002 ms
 Execution Time: 3115.502 ms
(12 rows)

SET
SET
SET
SET
SET
                                             QUERY PLAN                                             
----------------------------------------------------------------------------------------------------
 Index Scan Backward using idx on public.t (actual rows=9048576.00 loops=1)
   Output: a, b
   Index Cond: ((t.a >= 21412) AND (t.a <= 2283555))
   Index Searches: 1
   Buffers: shared hit=2807204
 Settings: enable_bitmapscan = 'off', enable_seqscan = 'off', max_parallel_workers_per_gather = '0'
 Planning:
   Buffers: shared hit=114
 Planning Time: 0.213 ms
 Execution Time: 1462.203 ms
(10 rows)

