SET
SET
SET
SET
                                             QUERY PLAN                                             
----------------------------------------------------------------------------------------------------
 Index Scan Backward using idx on public.t (actual rows=8192.00 loops=1)
   Output: a, b
   Index Cond: ((t.a >= 31872) AND (t.a <= 33919))
   Index Searches: 1
   Buffers: shared hit=456 read=2079
 Settings: enable_bitmapscan = 'off', enable_seqscan = 'off', max_parallel_workers_per_gather = '0'
 Planning:
   Buffers: shared hit=78 read=22
 Planning Time: 1.699 ms
 Execution Time: 138.262 ms
(10 rows)

SET
SET
SET
SET
                                             QUERY PLAN                                             
----------------------------------------------------------------------------------------------------
 Index Scan Backward using idx on public.t (actual rows=8192.00 loops=1)
   Output: a, b
   Index Cond: ((t.a >= 31872) AND (t.a <= 33919))
   Index Searches: 1
   Buffers: shared hit=2535
 Settings: enable_bitmapscan = 'off', enable_seqscan = 'off', max_parallel_workers_per_gather = '0'
 Planning:
   Buffers: shared hit=105
 Planning Time: 0.192 ms
 Execution Time: 1.427 ms
(10 rows)

