SET
SET
SET
SET
SET
                                                                   QUERY PLAN                                                                   
------------------------------------------------------------------------------------------------------------------------------------------------
 Index Scan Backward using idx on public.t (actual rows=1048576.00 loops=1)
   Output: a, b
   Index Cond: ((t.a >= 1048) AND (t.a <= 263191))
   Index Searches: 1
   Prefetch: distance=256.505 count=330524 stalls=1 skipped=724703 resets=0 ungets=7179 forwarded=2
             histogram [2,4) => 4, [4,8) => 5, [8,16) => 7, [16,32) => 6, [32,64) => 2, [64,128) => 2, [128,256) => 120810, [256,512) => 209688
   Buffers: shared hit=305381 read=19695
 Settings: enable_bitmapscan = 'off', enable_seqscan = 'off', max_parallel_workers_per_gather = '0'
 Planning:
   Buffers: shared hit=78 read=26
 Planning Time: 2.054 ms
 Execution Time: 356.809 ms
(12 rows)

SET
SET
SET
SET
SET
                                             QUERY PLAN                                             
----------------------------------------------------------------------------------------------------
 Index Scan Backward using idx on public.t (actual rows=1048576.00 loops=1)
   Output: a, b
   Index Cond: ((t.a >= 1048) AND (t.a <= 263191))
   Index Searches: 1
   Buffers: shared hit=325076
 Settings: enable_bitmapscan = 'off', enable_seqscan = 'off', max_parallel_workers_per_gather = '0'
 Planning:
   Buffers: shared hit=109
 Planning Time: 0.193 ms
 Execution Time: 168.651 ms
(10 rows)

