SET
SET
SET
SET
SET
                                                                     QUERY PLAN                                                                     
----------------------------------------------------------------------------------------------------------------------------------------------------
 Index Scan Backward using idx on public.t (actual rows=8048576.00 loops=1)
   Output: a, b
   Index Cond: ((t.a >= 30309) AND (t.a <= 2042452))
   Index Searches: 1
   Prefetch: distance=255.048 count=2498566 stalls=1 skipped=5563660 resets=0 ungets=14034 forwarded=2
             histogram [2,4) => 4, [4,8) => 5, [8,16) => 7, [16,32) => 6, [32,64) => 2, [64,128) => 157, [128,256) => 1007332, [256,512) => 1491053
   Buffers: shared hit=2382928 read=113777
 Settings: enable_bitmapscan = 'off', enable_seqscan = 'off', max_parallel_workers_per_gather = '0'
 Planning:
   Buffers: shared hit=78 read=22
 Planning Time: 1.749 ms
 Execution Time: 2563.711 ms
(12 rows)

SET
SET
SET
SET
SET
                                             QUERY PLAN                                             
----------------------------------------------------------------------------------------------------
 Index Scan Backward using idx on public.t (actual rows=8048576.00 loops=1)
   Output: a, b
   Index Cond: ((t.a >= 30309) AND (t.a <= 2042452))
   Index Searches: 1
   Buffers: shared hit=2496705
 Settings: enable_bitmapscan = 'off', enable_seqscan = 'off', max_parallel_workers_per_gather = '0'
 Planning:
   Buffers: shared hit=105
 Planning Time: 0.215 ms
 Execution Time: 1264.909 ms
(10 rows)

