SET
SET
SET
SET
SET
                                                                    QUERY PLAN                                                                     
---------------------------------------------------------------------------------------------------------------------------------------------------
 Index Scan Backward using idx on public.t (actual rows=7048576.00 loops=1)
   Output: a, b
   Index Cond: ((t.a >= 8910) AND (t.a <= 1771053))
   Index Searches: 1
   Prefetch: distance=255.067 count=2187878 stalls=1 skipped=4872391 resets=0 ungets=12169 forwarded=2
             histogram [2,4) => 2, [4,8) => 3, [8,16) => 5, [16,32) => 9, [32,64) => 2, [64,128) => 138, [128,256) => 880464, [256,512) => 1307255
   Buffers: shared hit=2086802 read=99612
 Settings: enable_bitmapscan = 'off', enable_seqscan = 'off', max_parallel_workers_per_gather = '0'
 Planning:
   Buffers: shared hit=78 read=26
 Planning Time: 2.050 ms
 Execution Time: 2241.076 ms
(12 rows)

SET
SET
SET
SET
SET
                                             QUERY PLAN                                             
----------------------------------------------------------------------------------------------------
 Index Scan Backward using idx on public.t (actual rows=7048576.00 loops=1)
   Output: a, b
   Index Cond: ((t.a >= 8910) AND (t.a <= 1771053))
   Index Searches: 1
   Buffers: shared hit=2186414
 Settings: enable_bitmapscan = 'off', enable_seqscan = 'off', max_parallel_workers_per_gather = '0'
 Planning:
   Buffers: shared hit=109
 Planning Time: 0.276 ms
 Execution Time: 1119.771 ms
(10 rows)

