SET
SET
SET
SET
SET
                                                              QUERY PLAN                                                               
---------------------------------------------------------------------------------------------------------------------------------------
 Index Scan Backward using idx on public.t (actual rows=16384.00 loops=1)
   Output: a, b
   Index Cond: ((t.a >= 11186) AND (t.a <= 15281))
   Index Searches: 1
   Buffers: shared hit=1865 read=3252
 Settings: enable_bitmapscan = 'off', enable_seqscan = 'off', max_parallel_workers_per_gather = '0', enable_indexscan_prefetch = 'off'
 Planning:
   Buffers: shared hit=82 read=26
 Planning Time: 2.047 ms
 Execution Time: 180.333 ms
(10 rows)

SET
SET
SET
SET
SET
                                                              QUERY PLAN                                                               
---------------------------------------------------------------------------------------------------------------------------------------
 Index Scan Backward using idx on public.t (actual rows=16384.00 loops=1)
   Output: a, b
   Index Cond: ((t.a >= 11186) AND (t.a <= 15281))
   Index Searches: 1
   Buffers: shared hit=5117
 Settings: enable_bitmapscan = 'off', enable_seqscan = 'off', max_parallel_workers_per_gather = '0', enable_indexscan_prefetch = 'off'
 Planning:
   Buffers: shared hit=113
 Planning Time: 0.161 ms
 Execution Time: 2.584 ms
(10 rows)

