SET
SET
SET
SET
SET
                                                               QUERY PLAN                                                                
-----------------------------------------------------------------------------------------------------------------------------------------
 Index Scan Backward using idx on public.t (actual rows=1024.00 loops=1)
   Output: a, b
   Index Cond: ((t.a >= 6371) AND (t.a <= 6626))
   Index Searches: 1
   Prefetch: distance=243.822 count=230 stalls=1 skipped=284 resets=0 ungets=102 forwarded=0
             histogram [2,4) => 2, [4,8) => 3, [8,16) => 10, [16,32) => 7, [32,64) => 2, [64,128) => 2, [128,256) => 2, [256,512) => 202
   Buffers: shared hit=13 read=301
 Settings: enable_bitmapscan = 'off', enable_seqscan = 'off', max_parallel_workers_per_gather = '0'
 Planning:
   Buffers: shared hit=82 read=26
 Planning Time: 0.992 ms
 Execution Time: 13.463 ms
(12 rows)

SET
SET
SET
SET
SET
                                             QUERY PLAN                                             
----------------------------------------------------------------------------------------------------
 Index Scan Backward using idx on public.t (actual rows=1024.00 loops=1)
   Output: a, b
   Index Cond: ((t.a >= 6371) AND (t.a <= 6626))
   Index Searches: 1
   Buffers: shared hit=314
 Settings: enable_bitmapscan = 'off', enable_seqscan = 'off', max_parallel_workers_per_gather = '0'
 Planning:
   Buffers: shared hit=113
 Planning Time: 0.182 ms
 Execution Time: 0.393 ms
(10 rows)

