SET
SET
SET
SET
SET
                                                                   QUERY PLAN                                                                    
-------------------------------------------------------------------------------------------------------------------------------------------------
 Index Scan Backward using idx on public.t (actual rows=5048576.00 loops=1)
   Output: a, b
   Index Cond: ((t.a >= 28964) AND (t.a <= 1291107))
   Index Searches: 1
   Prefetch: distance=255.164 count=1570219 stalls=1 skipped=3489549 resets=0 ungets=11612 forwarded=2
             histogram [2,4) => 4, [4,8) => 4, [8,16) => 6, [16,32) => 9, [32,64) => 2, [64,128) => 89, [128,256) => 627364, [256,512) => 942741
   Buffers: shared hit=1492365 read=73941
 Settings: enable_bitmapscan = 'off', enable_seqscan = 'off', max_parallel_workers_per_gather = '0'
 Planning:
   Buffers: shared hit=78 read=22
 Planning Time: 1.743 ms
 Execution Time: 1612.704 ms
(12 rows)

SET
SET
SET
SET
SET
                                             QUERY PLAN                                             
----------------------------------------------------------------------------------------------------
 Index Scan Backward using idx on public.t (actual rows=5048576.00 loops=1)
   Output: a, b
   Index Cond: ((t.a >= 28964) AND (t.a <= 1291107))
   Index Searches: 1
   Buffers: shared hit=1566306
 Settings: enable_bitmapscan = 'off', enable_seqscan = 'off', max_parallel_workers_per_gather = '0'
 Planning:
   Buffers: shared hit=105
 Planning Time: 0.182 ms
 Execution Time: 800.117 ms
(10 rows)

