SET
SET
SET
SET
SET
                                                                    QUERY PLAN                                                                     
---------------------------------------------------------------------------------------------------------------------------------------------------
 Index Scan Backward using idx on public.t (actual rows=6048576.00 loops=1)
   Output: a, b
   Index Cond: ((t.a >= 19145) AND (t.a <= 1531288))
   Index Searches: 1
   Prefetch: distance=255.118 count=1879325 stalls=1 skipped=4180973 resets=0 ungets=12006 forwarded=2
             histogram [2,4) => 2, [4,8) => 3, [8,16) => 5, [16,32) => 9, [32,64) => 2, [64,128) => 108, [128,256) => 753846, [256,512) => 1125350
   Buffers: shared hit=1789666 read=86807
 Settings: enable_bitmapscan = 'off', enable_seqscan = 'off', max_parallel_workers_per_gather = '0'
 Planning:
   Buffers: shared hit=78 read=26
 Planning Time: 2.044 ms
 Execution Time: 1936.764 ms
(12 rows)

SET
SET
SET
SET
SET
                                             QUERY PLAN                                             
----------------------------------------------------------------------------------------------------
 Index Scan Backward using idx on public.t (actual rows=6048576.00 loops=1)
   Output: a, b
   Index Cond: ((t.a >= 19145) AND (t.a <= 1531288))
   Index Searches: 1
   Buffers: shared hit=1876473
 Settings: enable_bitmapscan = 'off', enable_seqscan = 'off', max_parallel_workers_per_gather = '0'
 Planning:
   Buffers: shared hit=109
 Planning Time: 0.207 ms
 Execution Time: 964.255 ms
(10 rows)

