SET
SET
SET
SET
SET
                                                                     QUERY PLAN                                                                     
----------------------------------------------------------------------------------------------------------------------------------------------------
 Index Scan Backward using idx on public.t (actual rows=9048576.00 loops=1)
   Output: a, b
   Index Cond: ((t.a >= 31300) AND (t.a <= 2293443))
   Index Searches: 1
   Prefetch: distance=254.994 count=2808337 stalls=1 skipped=6254527 resets=0 ungets=14716 forwarded=3
             histogram [2,4) => 2, [4,8) => 3, [8,16) => 8, [16,32) => 9, [32,64) => 2, [64,128) => 329, [128,256) => 1135076, [256,512) => 1672908
   Buffers: shared hit=2680346 read=126961
 Settings: enable_bitmapscan = 'off', enable_seqscan = 'off', max_parallel_workers_per_gather = '0'
 Planning:
   Buffers: shared hit=78 read=22
 Planning Time: 1.757 ms
 Execution Time: 2852.748 ms
(12 rows)

SET
SET
SET
SET
SET
                                             QUERY PLAN                                             
----------------------------------------------------------------------------------------------------
 Index Scan Backward using idx on public.t (actual rows=9048576.00 loops=1)
   Output: a, b
   Index Cond: ((t.a >= 31300) AND (t.a <= 2293443))
   Index Searches: 1
   Buffers: shared hit=2807307
 Settings: enable_bitmapscan = 'off', enable_seqscan = 'off', max_parallel_workers_per_gather = '0'
 Planning:
   Buffers: shared hit=105
 Planning Time: 0.206 ms
 Execution Time: 1427.412 ms
(10 rows)

