SET
SET
SET
SET
SET
                                             QUERY PLAN                                             
----------------------------------------------------------------------------------------------------
 Index Scan using idx on public.t (actual rows=4096.00 loops=1)
   Output: a, b
   Index Cond: ((t.a >= 24316) AND (t.a <= 25339))
   Index Searches: 1
   Prefetch: distance=2.131 count=366 stalls=3222 skipped=61 resets=0 ungets=0 forwarded=1
             histogram [2,4) => 350, [4,8) => 16
   Buffers: shared hit=3750 read=290
 Settings: enable_bitmapscan = 'off', enable_seqscan = 'off', max_parallel_workers_per_gather = '0'
 Planning:
   Buffers: shared hit=86 read=26
 Planning Time: 2.053 ms
 Execution Time: 19.483 ms
(12 rows)

SET
SET
SET
SET
SET
                                             QUERY PLAN                                             
----------------------------------------------------------------------------------------------------
 Index Scan using idx on public.t (actual rows=4096.00 loops=1)
   Output: a, b
   Index Cond: ((t.a >= 24316) AND (t.a <= 25339))
   Index Searches: 1
   Buffers: shared hit=4040
 Settings: enable_bitmapscan = 'off', enable_seqscan = 'off', max_parallel_workers_per_gather = '0'
 Planning:
   Buffers: shared hit=117
 Planning Time: 0.134 ms
 Execution Time: 0.490 ms
(10 rows)

