SET
SET
SET
SET
SET
                                             QUERY PLAN                                             
----------------------------------------------------------------------------------------------------
 Index Scan using idx on public.t (actual rows=8192.00 loops=1)
   Output: a, b
   Index Cond: ((t.a >= 21651) AND (t.a <= 23698))
   Index Searches: 1
   Prefetch: distance=2.095 count=744 stalls=6766 skipped=119 resets=0 ungets=0 forwarded=1
             histogram [2,4) => 720, [4,8) => 24
   Buffers: shared hit=7595 read=488
 Settings: enable_bitmapscan = 'off', enable_seqscan = 'off', max_parallel_workers_per_gather = '0'
 Planning:
   Buffers: shared hit=86 read=26
 Planning Time: 2.040 ms
 Execution Time: 30.688 ms
(12 rows)

SET
SET
SET
SET
SET
                                             QUERY PLAN                                             
----------------------------------------------------------------------------------------------------
 Index Scan using idx on public.t (actual rows=8192.00 loops=1)
   Output: a, b
   Index Cond: ((t.a >= 21651) AND (t.a <= 23698))
   Index Searches: 1
   Buffers: shared hit=8083
 Settings: enable_bitmapscan = 'off', enable_seqscan = 'off', max_parallel_workers_per_gather = '0'
 Planning:
   Buffers: shared hit=117
 Planning Time: 0.182 ms
 Execution Time: 1.395 ms
(10 rows)

