SET
SET
SET
SET
                                             QUERY PLAN                                             
----------------------------------------------------------------------------------------------------
 Index Scan Backward using idx on public.t (actual rows=4096.00 loops=1)
   Output: a, b
   Index Cond: ((t.a >= 25077) AND (t.a <= 26100))
   Index Searches: 1
   Buffers: shared hit=136 read=1139
 Settings: enable_bitmapscan = 'off', enable_seqscan = 'off', max_parallel_workers_per_gather = '0'
 Planning:
   Buffers: shared hit=78 read=26
 Planning Time: 2.130 ms
 Execution Time: 77.511 ms
(10 rows)

SET
SET
SET
SET
                                             QUERY PLAN                                             
----------------------------------------------------------------------------------------------------
 Index Scan Backward using idx on public.t (actual rows=4096.00 loops=1)
   Output: a, b
   Index Cond: ((t.a >= 25077) AND (t.a <= 26100))
   Index Searches: 1
   Buffers: shared hit=1275
 Settings: enable_bitmapscan = 'off', enable_seqscan = 'off', max_parallel_workers_per_gather = '0'
 Planning:
   Buffers: shared hit=109
 Planning Time: 0.154 ms
 Execution Time: 0.635 ms
(10 rows)

