SET
SET
SET
SET
SET
                                                                    QUERY PLAN                                                                     
---------------------------------------------------------------------------------------------------------------------------------------------------
 Index Scan using idx on public.t (actual rows=7048576.00 loops=1)
   Output: a, b
   Index Cond: ((t.a >= 4574) AND (t.a <= 1766717))
   Index Searches: 1
   Prefetch: distance=264.138 count=7638089 stalls=1 skipped=104660 resets=0 ungets=694229 forwarded=17458
             histogram [2,4) => 4, [4,8) => 4, [8,16) => 9, [16,32) => 15, [32,64) => 5, [64,128) => 3, [128,256) => 1087480, [256,512) => 6550569
   Buffers: shared hit=6607607 read=346288
 Settings: enable_bitmapscan = 'off', enable_seqscan = 'off', max_parallel_workers_per_gather = '0'
 Planning:
   Buffers: shared hit=82 read=26
 Planning Time: 2.015 ms
 Execution Time: 7365.463 ms
(12 rows)

SET
SET
SET
SET
SET
                                             QUERY PLAN                                             
----------------------------------------------------------------------------------------------------
 Index Scan using idx on public.t (actual rows=7048576.00 loops=1)
   Output: a, b
   Index Cond: ((t.a >= 4574) AND (t.a <= 1766717))
   Index Searches: 1
   Buffers: shared hit=6954473
 Settings: enable_bitmapscan = 'off', enable_seqscan = 'off', max_parallel_workers_per_gather = '0'
 Planning:
   Buffers: shared hit=113
 Planning Time: 0.224 ms
 Execution Time: 1111.297 ms
(10 rows)

