SET
SET
SET
SET
SET
                                                                      QUERY PLAN                                                                      
------------------------------------------------------------------------------------------------------------------------------------------------------
 Index Scan using idx on public.t (actual rows=262144.00 loops=1)
   Output: a, b
   Index Cond: ((t.a >= 25194) AND (t.a <= 90729))
   Index Searches: 1
   Prefetch: distance=253.879 count=59198 stalls=29697 skipped=181037 resets=0 ungets=7939 forwarded=771
             histogram [2,4) => 425, [4,8) => 38, [8,16) => 12, [16,32) => 25, [32,64) => 76, [64,128) => 903, [128,256) => 13511, [256,512) => 44208
   Buffers: shared hit=71064 read=10338
 Settings: enable_bitmapscan = 'off', enable_seqscan = 'off', max_parallel_workers_per_gather = '0'
 Planning:
   Buffers: shared hit=82 read=26
 Planning Time: 2.128 ms
 Execution Time: 95.190 ms
(12 rows)

SET
SET
SET
SET
SET
                                             QUERY PLAN                                             
----------------------------------------------------------------------------------------------------
 Index Scan using idx on public.t (actual rows=262144.00 loops=1)
   Output: a, b
   Index Cond: ((t.a >= 25194) AND (t.a <= 90729))
   Index Searches: 1
   Buffers: shared hit=81402
 Settings: enable_bitmapscan = 'off', enable_seqscan = 'off', max_parallel_workers_per_gather = '0'
 Planning:
   Buffers: shared hit=113
 Planning Time: 0.188 ms
 Execution Time: 39.227 ms
(10 rows)

