SET
SET
SET
SET
SET
                                                                QUERY PLAN                                                                
------------------------------------------------------------------------------------------------------------------------------------------
 Index Scan using idx on public.t (actual rows=16384.00 loops=1)
   Output: a, b
   Index Cond: ((t.a >= 24056) AND (t.a <= 28151))
   Index Searches: 1
   Prefetch: distance=270.573 count=7754 stalls=1 skipped=11103 resets=0 ungets=2813 forwarded=137
             histogram [2,4) => 2, [4,8) => 3, [8,16) => 7, [16,32) => 17, [32,64) => 2, [64,128) => 2, [128,256) => 2, [256,512) => 7719
   Buffers: shared hit=1619 read=3455
 Settings: enable_bitmapscan = 'off', enable_seqscan = 'off', max_parallel_workers_per_gather = '0'
 Planning:
   Buffers: shared hit=82 read=26
 Planning Time: 2.093 ms
 Execution Time: 27.764 ms
(12 rows)

SET
SET
SET
SET
SET
                                             QUERY PLAN                                             
----------------------------------------------------------------------------------------------------
 Index Scan using idx on public.t (actual rows=16384.00 loops=1)
   Output: a, b
   Index Cond: ((t.a >= 24056) AND (t.a <= 28151))
   Index Searches: 1
   Buffers: shared hit=5074
 Settings: enable_bitmapscan = 'off', enable_seqscan = 'off', max_parallel_workers_per_gather = '0'
 Planning:
   Buffers: shared hit=113
 Planning Time: 0.195 ms
 Execution Time: 3.852 ms
(10 rows)

