SET
SET
SET
SET
SET
                                                                 QUERY PLAN                                                                 
--------------------------------------------------------------------------------------------------------------------------------------------
 Index Scan using idx on public.t (actual rows=32768.00 loops=1)
   Output: a, b
   Index Cond: ((t.a >= 2797) AND (t.a <= 10988))
   Index Searches: 1
   Prefetch: distance=270.231 count=13891 stalls=1 skipped=22347 resets=0 ungets=3962 forwarded=279
             histogram [2,4) => 4, [4,8) => 6, [8,16) => 8, [16,32) => 10, [32,64) => 2, [64,128) => 2, [128,256) => 41, [256,512) => 13818
   Buffers: shared hit=5374 read=4759
 Settings: enable_bitmapscan = 'off', enable_seqscan = 'off', max_parallel_workers_per_gather = '0'
 Planning:
   Buffers: shared hit=86 read=26
 Planning Time: 2.053 ms
 Execution Time: 36.709 ms
(12 rows)

SET
SET
SET
SET
SET
                                             QUERY PLAN                                             
----------------------------------------------------------------------------------------------------
 Index Scan using idx on public.t (actual rows=32768.00 loops=1)
   Output: a, b
   Index Cond: ((t.a >= 2797) AND (t.a <= 10988))
   Index Searches: 1
   Buffers: shared hit=10133
 Settings: enable_bitmapscan = 'off', enable_seqscan = 'off', max_parallel_workers_per_gather = '0'
 Planning:
   Buffers: shared hit=117
 Planning Time: 0.204 ms
 Execution Time: 6.799 ms
(10 rows)

