SET
SET
SET
SET
SET
                                                                QUERY PLAN                                                                
------------------------------------------------------------------------------------------------------------------------------------------
 Index Scan using idx on public.t (actual rows=8192.00 loops=1)
   Output: a, b
   Index Cond: ((t.a >= 22868) AND (t.a <= 24915))
   Index Searches: 1
   Prefetch: distance=269.883 count=4147 stalls=1 skipped=5616 resets=0 ungets=1659 forwarded=53
             histogram [2,4) => 2, [4,8) => 3, [8,16) => 6, [16,32) => 17, [32,64) => 2, [64,128) => 3, [128,256) => 2, [256,512) => 4112
   Buffers: shared hit=508 read=2027
 Settings: enable_bitmapscan = 'off', enable_seqscan = 'off', max_parallel_workers_per_gather = '0'
 Planning:
   Buffers: shared hit=86 read=26
 Planning Time: 2.170 ms
 Execution Time: 14.670 ms
(12 rows)

SET
SET
SET
SET
SET
                                             QUERY PLAN                                             
----------------------------------------------------------------------------------------------------
 Index Scan using idx on public.t (actual rows=8192.00 loops=1)
   Output: a, b
   Index Cond: ((t.a >= 22868) AND (t.a <= 24915))
   Index Searches: 1
   Buffers: shared hit=2535
 Settings: enable_bitmapscan = 'off', enable_seqscan = 'off', max_parallel_workers_per_gather = '0'
 Planning:
   Buffers: shared hit=117
 Planning Time: 0.185 ms
 Execution Time: 2.057 ms
(10 rows)

