SET
SET
SET
SET
SET
                                                                       QUERY PLAN                                                                        
---------------------------------------------------------------------------------------------------------------------------------------------------------
 Index Scan using idx on public.t (actual rows=1048576.00 loops=1)
   Output: a, b
   Index Cond: ((t.a >= 8484) AND (t.a <= 270627))
   Index Searches: 1
   Prefetch: distance=248.732 count=199636 stalls=135098 skipped=724826 resets=0 ungets=11291 forwarded=1401
             histogram [2,4) => 2753, [4,8) => 193, [8,16) => 32, [16,32) => 25, [32,64) => 85, [64,128) => 803, [128,256) => 80417, [256,512) => 115328
   Buffers: shared hit=305113 read=19996
 Settings: enable_bitmapscan = 'off', enable_seqscan = 'off', max_parallel_workers_per_gather = '0'
 Planning:
   Buffers: shared hit=82 read=26
 Planning Time: 2.080 ms
 Execution Time: 297.578 ms
(12 rows)

SET
SET
SET
SET
SET
                                             QUERY PLAN                                             
----------------------------------------------------------------------------------------------------
 Index Scan using idx on public.t (actual rows=1048576.00 loops=1)
   Output: a, b
   Index Cond: ((t.a >= 8484) AND (t.a <= 270627))
   Index Searches: 1
   Buffers: shared hit=325109
 Settings: enable_bitmapscan = 'off', enable_seqscan = 'off', max_parallel_workers_per_gather = '0'
 Planning:
   Buffers: shared hit=113
 Planning Time: 0.200 ms
 Execution Time: 168.422 ms
(10 rows)

