SET
SET
SET
SET
SET
                                                                        QUERY PLAN                                                                        
----------------------------------------------------------------------------------------------------------------------------------------------------------
 Index Scan using idx on public.t (actual rows=5048576.00 loops=1)
   Output: a, b
   Index Cond: ((t.a >= 29076) AND (t.a <= 1291219))
   Index Searches: 1
   Prefetch: distance=253.168 count=1460985 stalls=109801 skipped=3489474 resets=0 ungets=12211 forwarded=5541
             histogram [2,4) => 2606, [4,8) => 185, [8,16) => 32, [16,32) => 25, [32,64) => 86, [64,128) => 908, [128,256) => 632107, [256,512) => 825036
   Buffers: shared hit=1492358 read=73945
 Settings: enable_bitmapscan = 'off', enable_seqscan = 'off', max_parallel_workers_per_gather = '0'
 Planning:
   Buffers: shared hit=82 read=22
 Planning Time: 1.784 ms
 Execution Time: 1144.670 ms
(12 rows)

SET
SET
SET
SET
SET
                                             QUERY PLAN                                             
----------------------------------------------------------------------------------------------------
 Index Scan using idx on public.t (actual rows=5048576.00 loops=1)
   Output: a, b
   Index Cond: ((t.a >= 29076) AND (t.a <= 1291219))
   Index Searches: 1
   Buffers: shared hit=1566303
 Settings: enable_bitmapscan = 'off', enable_seqscan = 'off', max_parallel_workers_per_gather = '0'
 Planning:
   Buffers: shared hit=109
 Planning Time: 0.241 ms
 Execution Time: 799.842 ms
(10 rows)

