SET
SET
SET
SET
SET
                                                                        QUERY PLAN                                                                        
----------------------------------------------------------------------------------------------------------------------------------------------------------
 Index Scan using idx on public.t (actual rows=2048576.00 loops=1)
   Output: a, b
   Index Cond: ((t.a >= 3278) AND (t.a <= 515421))
   Index Searches: 1
   Prefetch: distance=251.814 count=502444 stalls=141485 skipped=1416028 resets=0 ungets=11576 forwarded=2383
             histogram [2,4) => 2765, [4,8) => 194, [8,16) => 32, [16,32) => 25, [32,64) => 85, [64,128) => 832, [128,256) => 213198, [256,512) => 285313
   Buffers: shared hit=602450 read=33037
 Settings: enable_bitmapscan = 'off', enable_seqscan = 'off', max_parallel_workers_per_gather = '0'
 Planning:
   Buffers: shared hit=82 read=26
 Planning Time: 2.041 ms
 Execution Time: 502.631 ms
(12 rows)

SET
SET
SET
SET
SET
                                             QUERY PLAN                                             
----------------------------------------------------------------------------------------------------
 Index Scan using idx on public.t (actual rows=2048576.00 loops=1)
   Output: a, b
   Index Cond: ((t.a >= 3278) AND (t.a <= 515421))
   Index Searches: 1
   Buffers: shared hit=635487
 Settings: enable_bitmapscan = 'off', enable_seqscan = 'off', max_parallel_workers_per_gather = '0'
 Planning:
   Buffers: shared hit=113
 Planning Time: 0.216 ms
 Execution Time: 337.981 ms
(10 rows)

