SET
SET
SET
SET
SET
                                                                        QUERY PLAN                                                                         
-----------------------------------------------------------------------------------------------------------------------------------------------------------
 Index Scan using idx on public.t (actual rows=7048576.00 loops=1)
   Output: a, b
   Index Cond: ((t.a >= 24212) AND (t.a <= 1786355))
   Index Searches: 1
   Prefetch: distance=253.414 count=2072523 stalls=115774 skipped=4872443 resets=0 ungets=12615 forwarded=7532
             histogram [2,4) => 2658, [4,8) => 188, [8,16) => 31, [16,32) => 25, [32,64) => 85, [64,128) => 906, [128,256) => 897504, [256,512) => 1171126
   Buffers: shared hit=2086097 read=100282
 Settings: enable_bitmapscan = 'off', enable_seqscan = 'off', max_parallel_workers_per_gather = '0'
 Planning:
   Buffers: shared hit=82 read=26
 Planning Time: 2.071 ms
 Execution Time: 1541.363 ms
(12 rows)

SET
SET
SET
SET
SET
                                             QUERY PLAN                                             
----------------------------------------------------------------------------------------------------
 Index Scan using idx on public.t (actual rows=7048576.00 loops=1)
   Output: a, b
   Index Cond: ((t.a >= 24212) AND (t.a <= 1786355))
   Index Searches: 1
   Buffers: shared hit=2186380
 Settings: enable_bitmapscan = 'off', enable_seqscan = 'off', max_parallel_workers_per_gather = '0'
 Planning:
   Buffers: shared hit=113
 Planning Time: 0.231 ms
 Execution Time: 1149.621 ms
(10 rows)

