SET
SET
SET
SET
SET
                                                                        QUERY PLAN                                                                         
-----------------------------------------------------------------------------------------------------------------------------------------------------------
 Index Scan using idx on public.t (actual rows=6048576.00 loops=1)
   Output: a, b
   Index Cond: ((t.a >= 31820) AND (t.a <= 1543963))
   Index Searches: 1
   Prefetch: distance=253.297 count=1773378 stalls=106431 skipped=4181209 resets=0 ungets=12593 forwarded=6533
             histogram [2,4) => 2568, [4,8) => 179, [8,16) => 31, [16,32) => 26, [32,64) => 86, [64,128) => 906, [128,256) => 768293, [256,512) => 1001289
   Buffers: shared hit=1788982 read=87343
 Settings: enable_bitmapscan = 'off', enable_seqscan = 'off', max_parallel_workers_per_gather = '0'
 Planning:
   Buffers: shared hit=82 read=22
 Planning Time: 1.744 ms
 Execution Time: 1323.987 ms
(12 rows)

SET
SET
SET
SET
SET
                                             QUERY PLAN                                             
----------------------------------------------------------------------------------------------------
 Index Scan using idx on public.t (actual rows=6048576.00 loops=1)
   Output: a, b
   Index Cond: ((t.a >= 31820) AND (t.a <= 1543963))
   Index Searches: 1
   Buffers: shared hit=1876326
 Settings: enable_bitmapscan = 'off', enable_seqscan = 'off', max_parallel_workers_per_gather = '0'
 Planning:
   Buffers: shared hit=109
 Planning Time: 0.229 ms
 Execution Time: 965.660 ms
(10 rows)

