SET
SET
SET
SET
                                             QUERY PLAN                                             
----------------------------------------------------------------------------------------------------
 Index Scan using idx on public.t (actual rows=6048576.00 loops=1)
   Output: a, b
   Index Cond: ((t.a >= 17627) AND (t.a <= 1529770))
   Index Searches: 1
   Buffers: shared hit=1789716 read=86750
 Settings: enable_bitmapscan = 'off', enable_seqscan = 'off', max_parallel_workers_per_gather = '0'
 Planning:
   Buffers: shared hit=82 read=26
 Planning Time: 2.060 ms
 Execution Time: 3148.238 ms
(10 rows)

SET
SET
SET
SET
                                             QUERY PLAN                                             
----------------------------------------------------------------------------------------------------
 Index Scan using idx on public.t (actual rows=6048576.00 loops=1)
   Output: a, b
   Index Cond: ((t.a >= 17627) AND (t.a <= 1529770))
   Index Searches: 1
   Buffers: shared hit=1876466
 Settings: enable_bitmapscan = 'off', enable_seqscan = 'off', max_parallel_workers_per_gather = '0'
 Planning:
   Buffers: shared hit=113
 Planning Time: 0.276 ms
 Execution Time: 971.410 ms
(10 rows)

