SET
SET
SET
SET
SET
                                                               QUERY PLAN                                                               
----------------------------------------------------------------------------------------------------------------------------------------
 Index Scan using idx on public.t (actual rows=256.00 loops=1)
   Output: a, b
   Index Cond: ((t.a >= 26184) AND (t.a <= 26247))
   Index Searches: 1
   Prefetch: distance=176.766 count=77 stalls=1 skipped=131 resets=0 ungets=24 forwarded=0
             histogram [2,4) => 2, [4,8) => 4, [8,16) => 12, [16,32) => 7, [32,64) => 2, [64,128) => 2, [128,256) => 3, [256,512) => 45
   Buffers: shared hit=4 read=77
 Settings: enable_bitmapscan = 'off', enable_seqscan = 'off', max_parallel_workers_per_gather = '0'
 Planning:
   Buffers: shared hit=82 read=22
 Planning Time: 0.953 ms
 Execution Time: 2.633 ms
(12 rows)

SET
SET
SET
SET
SET
                                             QUERY PLAN                                             
----------------------------------------------------------------------------------------------------
 Index Scan using idx on public.t (actual rows=256.00 loops=1)
   Output: a, b
   Index Cond: ((t.a >= 26184) AND (t.a <= 26247))
   Index Searches: 1
   Buffers: shared hit=81
 Settings: enable_bitmapscan = 'off', enable_seqscan = 'off', max_parallel_workers_per_gather = '0'
 Planning:
   Buffers: shared hit=109
 Planning Time: 0.206 ms
 Execution Time: 0.158 ms
(10 rows)

