SET
SET
SET
SET
SET
                                                                QUERY PLAN                                                                 
-------------------------------------------------------------------------------------------------------------------------------------------
 Index Scan using idx on public.t (actual rows=4096.00 loops=1)
   Output: a, b
   Index Cond: ((t.a >= 9593) AND (t.a <= 10616))
   Index Searches: 1
   Prefetch: distance=267.423 count=1969 stalls=1 skipped=2580 resets=0 ungets=793 forwarded=21
             histogram [2,4) => 2, [4,8) => 5, [8,16) => 11, [16,32) => 12, [32,64) => 3, [64,128) => 2, [128,256) => 3, [256,512) => 1931
   Buffers: shared hit=196 read=1091
 Settings: enable_bitmapscan = 'off', enable_seqscan = 'off', max_parallel_workers_per_gather = '0'
 Planning:
   Buffers: shared hit=86 read=26
 Planning Time: 1.901 ms
 Execution Time: 13.605 ms
(12 rows)

SET
SET
SET
SET
SET
                                             QUERY PLAN                                             
----------------------------------------------------------------------------------------------------
 Index Scan using idx on public.t (actual rows=4096.00 loops=1)
   Output: a, b
   Index Cond: ((t.a >= 9593) AND (t.a <= 10616))
   Index Searches: 1
   Buffers: shared hit=1287
 Settings: enable_bitmapscan = 'off', enable_seqscan = 'off', max_parallel_workers_per_gather = '0'
 Planning:
   Buffers: shared hit=117
 Planning Time: 0.206 ms
 Execution Time: 1.272 ms
(10 rows)

