SET
SET
SET
SET
SET
                                                                        QUERY PLAN                                                                        
----------------------------------------------------------------------------------------------------------------------------------------------------------
 Index Scan using idx on public.t (actual rows=3048576.00 loops=1)
   Output: a, b
   Index Cond: ((t.a >= 23847) AND (t.a <= 785990))
   Index Searches: 1
   Prefetch: distance=252.654 count=836614 stalls=116224 skipped=2107120 resets=0 ungets=11693 forwarded=3458
             histogram [2,4) => 2660, [4,8) => 188, [8,16) => 31, [16,32) => 25, [32,64) => 84, [64,128) => 832, [128,256) => 359715, [256,512) => 473079
   Buffers: shared hit=898596 read=47218
 Settings: enable_bitmapscan = 'off', enable_seqscan = 'off', max_parallel_workers_per_gather = '0'
 Planning:
   Buffers: shared hit=82 read=26
 Planning Time: 2.088 ms
 Execution Time: 724.180 ms
(12 rows)

SET
SET
SET
SET
SET
                                             QUERY PLAN                                             
----------------------------------------------------------------------------------------------------
 Index Scan using idx on public.t (actual rows=3048576.00 loops=1)
   Output: a, b
   Index Cond: ((t.a >= 23847) AND (t.a <= 785990))
   Index Searches: 1
   Buffers: shared hit=945815
 Settings: enable_bitmapscan = 'off', enable_seqscan = 'off', max_parallel_workers_per_gather = '0'
 Planning:
   Buffers: shared hit=113
 Planning Time: 0.194 ms
 Execution Time: 494.336 ms
(10 rows)

