SET
SET
SET
SET
SET
                                                                        QUERY PLAN                                                                        
----------------------------------------------------------------------------------------------------------------------------------------------------------
 Index Scan using idx on public.t (actual rows=6048576.00 loops=1)
   Output: a, b
   Index Cond: ((t.a >= 20304) AND (t.a <= 1532447))
   Index Searches: 1
   Prefetch: distance=253.271 count=1759274 stalls=120576 skipped=4181047 resets=0 ungets=12500 forwarded=6489
             histogram [2,4) => 2693, [4,8) => 190, [8,16) => 31, [16,32) => 25, [32,64) => 82, [64,128) => 906, [128,256) => 762101, [256,512) => 993246
   Buffers: shared hit=1789597 read=86868
 Settings: enable_bitmapscan = 'off', enable_seqscan = 'off', max_parallel_workers_per_gather = '0'
 Planning:
   Buffers: shared hit=82 read=26
 Planning Time: 2.060 ms
 Execution Time: 1329.043 ms
(12 rows)

SET
SET
SET
SET
SET
                                             QUERY PLAN                                             
----------------------------------------------------------------------------------------------------
 Index Scan using idx on public.t (actual rows=6048576.00 loops=1)
   Output: a, b
   Index Cond: ((t.a >= 20304) AND (t.a <= 1532447))
   Index Searches: 1
   Buffers: shared hit=1876466
 Settings: enable_bitmapscan = 'off', enable_seqscan = 'off', max_parallel_workers_per_gather = '0'
 Planning:
   Buffers: shared hit=113
 Planning Time: 0.213 ms
 Execution Time: 980.695 ms
(10 rows)

