SET
SET
SET
SET
SET
                                                                        QUERY PLAN                                                                        
----------------------------------------------------------------------------------------------------------------------------------------------------------
 Index Scan using idx on public.t (actual rows=2048576.00 loops=1)
   Output: a, b
   Index Cond: ((t.a >= 2255) AND (t.a <= 514398))
   Index Searches: 1
   Prefetch: distance=251.813 count=501210 stalls=142755 skipped=1416105 resets=0 ungets=11605 forwarded=2383
             histogram [2,4) => 2767, [4,8) => 193, [8,16) => 31, [16,32) => 25, [32,64) => 85, [64,128) => 832, [128,256) => 212538, [256,512) => 284739
   Buffers: shared hit=602468 read=32998
 Settings: enable_bitmapscan = 'off', enable_seqscan = 'off', max_parallel_workers_per_gather = '0'
 Planning:
   Buffers: shared hit=82 read=26
 Planning Time: 2.074 ms
 Execution Time: 514.483 ms
(12 rows)

SET
SET
SET
SET
SET
                                             QUERY PLAN                                             
----------------------------------------------------------------------------------------------------
 Index Scan using idx on public.t (actual rows=2048576.00 loops=1)
   Output: a, b
   Index Cond: ((t.a >= 2255) AND (t.a <= 514398))
   Index Searches: 1
   Buffers: shared hit=635467
 Settings: enable_bitmapscan = 'off', enable_seqscan = 'off', max_parallel_workers_per_gather = '0'
 Planning:
   Buffers: shared hit=113
 Planning Time: 0.191 ms
 Execution Time: 321.457 ms
(10 rows)

