SET
SET
SET
SET
SET
                                                                        QUERY PLAN                                                                         
-----------------------------------------------------------------------------------------------------------------------------------------------------------
 Index Scan using idx on public.t (actual rows=7048576.00 loops=1)
   Output: a, b
   Index Cond: ((t.a >= 27143) AND (t.a <= 1789286))
   Index Searches: 1
   Prefetch: distance=253.423 count=2076248 stalls=112198 skipped=4872641 resets=0 ungets=12662 forwarded=7540
             histogram [2,4) => 2628, [4,8) => 185, [8,16) => 32, [16,32) => 25, [32,64) => 86, [64,128) => 906, [128,256) => 898922, [256,512) => 1173464
   Buffers: shared hit=2085980 read=100408
 Settings: enable_bitmapscan = 'off', enable_seqscan = 'off', max_parallel_workers_per_gather = '0'
 Planning:
   Buffers: shared hit=82 read=22
 Planning Time: 1.777 ms
 Execution Time: 1534.944 ms
(12 rows)

SET
SET
SET
SET
SET
                                             QUERY PLAN                                             
----------------------------------------------------------------------------------------------------
 Index Scan using idx on public.t (actual rows=7048576.00 loops=1)
   Output: a, b
   Index Cond: ((t.a >= 27143) AND (t.a <= 1789286))
   Index Searches: 1
   Buffers: shared hit=2186389
 Settings: enable_bitmapscan = 'off', enable_seqscan = 'off', max_parallel_workers_per_gather = '0'
 Planning:
   Buffers: shared hit=109
 Planning Time: 0.209 ms
 Execution Time: 1125.050 ms
(10 rows)

