SET
SET
SET
SET
SET
                                                                       QUERY PLAN                                                                        
---------------------------------------------------------------------------------------------------------------------------------------------------------
 Index Scan using idx on public.t (actual rows=524288.00 loops=1)
   Output: a, b
   Index Cond: ((t.a >= 6770) AND (t.a <= 137841))
   Index Searches: 1
   Prefetch: distance=254.215 count=63898 stalls=107228 skipped=362308 resets=0 ungets=9369 forwarded=962
             histogram [2,4) => 1813, [4,8) => 129, [8,16) => 13, [16,32) => 52, [32,64) => 147, [64,128) => 106, [128,256) => 11152, [256,512) => 50486
   Buffers: shared hit=149617 read=12995
 Settings: enable_bitmapscan = 'off', enable_seqscan = 'off', max_parallel_workers_per_gather = '0'
 Planning:
   Buffers: shared hit=82 read=26
 Planning Time: 2.080 ms
 Execution Time: 169.391 ms
(12 rows)

SET
SET
SET
SET
SET
                                             QUERY PLAN                                             
----------------------------------------------------------------------------------------------------
 Index Scan using idx on public.t (actual rows=524288.00 loops=1)
   Output: a, b
   Index Cond: ((t.a >= 6770) AND (t.a <= 137841))
   Index Searches: 1
   Buffers: shared hit=162612
 Settings: enable_bitmapscan = 'off', enable_seqscan = 'off', max_parallel_workers_per_gather = '0'
 Planning:
   Buffers: shared hit=113
 Planning Time: 0.185 ms
 Execution Time: 81.656 ms
(10 rows)

