SET
SET
SET
SET
SET
                                                                        QUERY PLAN                                                                        
----------------------------------------------------------------------------------------------------------------------------------------------------------
 Index Scan using idx on public.t (actual rows=5048576.00 loops=1)
   Output: a, b
   Index Cond: ((t.a >= 459) AND (t.a <= 1262602))
   Index Searches: 1
   Prefetch: distance=253.107 count=1425978 stalls=144976 skipped=3489518 resets=0 ungets=12183 forwarded=5448
             histogram [2,4) => 2767, [4,8) => 193, [8,16) => 31, [16,32) => 25, [32,64) => 86, [64,128) => 906, [128,256) => 616985, [256,512) => 804985
   Buffers: shared hit=1493726 read=72699
 Settings: enable_bitmapscan = 'off', enable_seqscan = 'off', max_parallel_workers_per_gather = '0'
 Planning:
   Buffers: shared hit=82 read=26
 Planning Time: 2.077 ms
 Execution Time: 1125.304 ms
(12 rows)

SET
SET
SET
SET
SET
                                             QUERY PLAN                                             
----------------------------------------------------------------------------------------------------
 Index Scan using idx on public.t (actual rows=5048576.00 loops=1)
   Output: a, b
   Index Cond: ((t.a >= 459) AND (t.a <= 1262602))
   Index Searches: 1
   Buffers: shared hit=1566425
 Settings: enable_bitmapscan = 'off', enable_seqscan = 'off', max_parallel_workers_per_gather = '0'
 Planning:
   Buffers: shared hit=113
 Planning Time: 0.213 ms
 Execution Time: 823.290 ms
(10 rows)

