SET
SET
SET
SET
SET
                                                                         QUERY PLAN                                                                         
------------------------------------------------------------------------------------------------------------------------------------------------------------
 Index Scan using idx on public.t (actual rows=9048576.00 loops=1)
   Output: a, b
   Index Cond: ((t.a >= 15020) AND (t.a <= 2277163))
   Index Searches: 1
   Prefetch: distance=253.537 count=2679685 stalls=127060 skipped=6254462 resets=0 ungets=13062 forwarded=9453
             histogram [2,4) => 2725, [4,8) => 195, [8,16) => 33, [16,32) => 25, [32,64) => 81, [64,128) => 944, [128,256) => 1162775, [256,512) => 1512907
   Buffers: shared hit=2681024 read=126347
 Settings: enable_bitmapscan = 'off', enable_seqscan = 'off', max_parallel_workers_per_gather = '0'
 Planning:
   Buffers: shared hit=82 read=26
 Planning Time: 2.051 ms
 Execution Time: 1973.023 ms
(12 rows)

SET
SET
SET
SET
SET
                                             QUERY PLAN                                             
----------------------------------------------------------------------------------------------------
 Index Scan using idx on public.t (actual rows=9048576.00 loops=1)
   Output: a, b
   Index Cond: ((t.a >= 15020) AND (t.a <= 2277163))
   Index Searches: 1
   Buffers: shared hit=2807373
 Settings: enable_bitmapscan = 'off', enable_seqscan = 'off', max_parallel_workers_per_gather = '0'
 Planning:
   Buffers: shared hit=113
 Planning Time: 0.221 ms
 Execution Time: 1458.113 ms
(10 rows)

