SET
SET
SET
SET
SET
                                                                 QUERY PLAN                                                                  
---------------------------------------------------------------------------------------------------------------------------------------------
 Index Scan using idx on public.t (actual rows=65536.00 loops=1)
   Output: a, b
   Index Cond: ((t.a >= 14045) AND (t.a <= 30428))
   Index Searches: 1
   Prefetch: distance=268.427 count=25962 stalls=1 skipped=45197 resets=0 ungets=5719 forwarded=511
             histogram [2,4) => 2, [4,8) => 3, [8,16) => 5, [16,32) => 9, [32,64) => 5, [64,128) => 3, [128,256) => 1172, [256,512) => 24763
   Buffers: shared hit=13741 read=6635
 Settings: enable_bitmapscan = 'off', enable_seqscan = 'off', max_parallel_workers_per_gather = '0'
 Planning:
   Buffers: shared hit=82 read=26
 Planning Time: 2.091 ms
 Execution Time: 41.097 ms
(12 rows)

SET
SET
SET
SET
SET
                                             QUERY PLAN                                             
----------------------------------------------------------------------------------------------------
 Index Scan using idx on public.t (actual rows=65536.00 loops=1)
   Output: a, b
   Index Cond: ((t.a >= 14045) AND (t.a <= 30428))
   Index Searches: 1
   Buffers: shared hit=20376
 Settings: enable_bitmapscan = 'off', enable_seqscan = 'off', max_parallel_workers_per_gather = '0'
 Planning:
   Buffers: shared hit=113
 Planning Time: 0.177 ms
 Execution Time: 8.557 ms
(10 rows)

