SET
SET
SET
SET
SET
                                                                        QUERY PLAN                                                                        
----------------------------------------------------------------------------------------------------------------------------------------------------------
 Index Scan using idx on public.t (actual rows=4048576.00 loops=1)
   Output: a, b
   Index Cond: ((t.a >= 22474) AND (t.a <= 1034617))
   Index Searches: 1
   Prefetch: distance=252.970 count=1144338 stalls=117924 skipped=2798219 resets=0 ungets=12072 forwarded=4471
             histogram [2,4) => 2674, [4,8) => 189, [8,16) => 32, [16,32) => 25, [32,64) => 89, [64,128) => 832, [128,256) => 493836, [256,512) => 646661
   Buffers: shared hit=1195865 read=60442
 Settings: enable_bitmapscan = 'off', enable_seqscan = 'off', max_parallel_workers_per_gather = '0'
 Planning:
   Buffers: shared hit=82 read=26
 Planning Time: 2.062 ms
 Execution Time: 912.688 ms
(12 rows)

SET
SET
SET
SET
SET
                                             QUERY PLAN                                             
----------------------------------------------------------------------------------------------------
 Index Scan using idx on public.t (actual rows=4048576.00 loops=1)
   Output: a, b
   Index Cond: ((t.a >= 22474) AND (t.a <= 1034617))
   Index Searches: 1
   Buffers: shared hit=1256307
 Settings: enable_bitmapscan = 'off', enable_seqscan = 'off', max_parallel_workers_per_gather = '0'
 Planning:
   Buffers: shared hit=113
 Planning Time: 0.193 ms
 Execution Time: 649.953 ms
(10 rows)

