SET
SET
SET
SET
SET
                                                                        QUERY PLAN                                                                        
----------------------------------------------------------------------------------------------------------------------------------------------------------
 Index Scan using idx on public.t (actual rows=3048576.00 loops=1)
   Output: a, b
   Index Cond: ((t.a >= 31345) AND (t.a <= 793488))
   Index Searches: 1
   Prefetch: distance=252.697 count=845825 stalls=107019 skipped=2107198 resets=0 ungets=11709 forwarded=3517
             histogram [2,4) => 2572, [4,8) => 179, [8,16) => 31, [16,32) => 25, [32,64) => 85, [64,128) => 832, [128,256) => 363681, [256,512) => 478420
   Buffers: shared hit=898267 read=47511
 Settings: enable_bitmapscan = 'off', enable_seqscan = 'off', max_parallel_workers_per_gather = '0'
 Planning:
   Buffers: shared hit=82 read=22
 Planning Time: 1.772 ms
 Execution Time: 720.794 ms
(12 rows)

SET
SET
SET
SET
SET
                                             QUERY PLAN                                             
----------------------------------------------------------------------------------------------------
 Index Scan using idx on public.t (actual rows=3048576.00 loops=1)
   Output: a, b
   Index Cond: ((t.a >= 31345) AND (t.a <= 793488))
   Index Searches: 1
   Buffers: shared hit=945778
 Settings: enable_bitmapscan = 'off', enable_seqscan = 'off', max_parallel_workers_per_gather = '0'
 Planning:
   Buffers: shared hit=109
 Planning Time: 0.198 ms
 Execution Time: 491.561 ms
(10 rows)

