SET
SET
SET
SET
SET
                                                                      QUERY PLAN                                                                      
------------------------------------------------------------------------------------------------------------------------------------------------------
 Index Scan using idx on public.t (actual rows=262144.00 loops=1)
   Output: a, b
   Index Cond: ((t.a >= 16071) AND (t.a <= 81606))
   Index Searches: 1
   Prefetch: distance=256.766 count=54997 stalls=33555 skipped=180925 resets=0 ungets=7732 forwarded=777
             histogram [2,4) => 422, [4,8) => 36, [8,16) => 13, [16,32) => 25, [32,64) => 37, [64,128) => 163, [128,256) => 12638, [256,512) => 41663
   Buffers: shared hit=71408 read=9936
 Settings: enable_bitmapscan = 'off', enable_seqscan = 'off', max_parallel_workers_per_gather = '0'
 Planning:
   Buffers: shared hit=82 read=26
 Planning Time: 2.165 ms
 Execution Time: 102.798 ms
(12 rows)

SET
SET
SET
SET
SET
                                             QUERY PLAN                                             
----------------------------------------------------------------------------------------------------
 Index Scan using idx on public.t (actual rows=262144.00 loops=1)
   Output: a, b
   Index Cond: ((t.a >= 16071) AND (t.a <= 81606))
   Index Searches: 1
   Buffers: shared hit=81344
 Settings: enable_bitmapscan = 'off', enable_seqscan = 'off', max_parallel_workers_per_gather = '0'
 Planning:
   Buffers: shared hit=113
 Planning Time: 0.196 ms
 Execution Time: 41.019 ms
(10 rows)

