SET
SET
SET
SET
SET
                                                                       QUERY PLAN                                                                       
--------------------------------------------------------------------------------------------------------------------------------------------------------
 Index Scan using idx on public.t (actual rows=524288.00 loops=1)
   Output: a, b
   Index Cond: ((t.a >= 17570) AND (t.a <= 148641))
   Index Searches: 1
   Prefetch: distance=252.007 count=77344 stalls=94142 skipped=362505 resets=0 ungets=9706 forwarded=1009
             histogram [2,4) => 1711, [4,8) => 126, [8,16) => 13, [16,32) => 36, [32,64) => 73, [64,128) => 325, [128,256) => 19353, [256,512) => 55707
   Buffers: shared hit=149091 read=13480
 Settings: enable_bitmapscan = 'off', enable_seqscan = 'off', max_parallel_workers_per_gather = '0'
 Planning:
   Buffers: shared hit=82 read=26
 Planning Time: 2.053 ms
 Execution Time: 171.028 ms
(12 rows)

SET
SET
SET
SET
SET
                                             QUERY PLAN                                             
----------------------------------------------------------------------------------------------------
 Index Scan using idx on public.t (actual rows=524288.00 loops=1)
   Output: a, b
   Index Cond: ((t.a >= 17570) AND (t.a <= 148641))
   Index Searches: 1
   Buffers: shared hit=162571
 Settings: enable_bitmapscan = 'off', enable_seqscan = 'off', max_parallel_workers_per_gather = '0'
 Planning:
   Buffers: shared hit=113
 Planning Time: 0.188 ms
 Execution Time: 81.307 ms
(10 rows)

