SET
SET
SET
SET
SET
                                                                        QUERY PLAN                                                                         
-----------------------------------------------------------------------------------------------------------------------------------------------------------
 Index Scan using idx on public.t (actual rows=7048576.00 loops=1)
   Output: a, b
   Index Cond: ((t.a >= 14511) AND (t.a <= 1776654))
   Index Searches: 1
   Prefetch: distance=253.396 count=2060819 stalls=127690 skipped=4872497 resets=0 ungets=12821 forwarded=7438
             histogram [2,4) => 2729, [4,8) => 192, [8,16) => 31, [16,32) => 25, [32,64) => 84, [64,128) => 906, [128,256) => 892492, [256,512) => 1164360
   Buffers: shared hit=2086524 read=99843
 Settings: enable_bitmapscan = 'off', enable_seqscan = 'off', max_parallel_workers_per_gather = '0'
 Planning:
   Buffers: shared hit=82 read=26
 Planning Time: 2.076 ms
 Execution Time: 1559.820 ms
(12 rows)

SET
SET
SET
SET
SET
                                             QUERY PLAN                                             
----------------------------------------------------------------------------------------------------
 Index Scan using idx on public.t (actual rows=7048576.00 loops=1)
   Output: a, b
   Index Cond: ((t.a >= 14511) AND (t.a <= 1776654))
   Index Searches: 1
   Buffers: shared hit=2186368
 Settings: enable_bitmapscan = 'off', enable_seqscan = 'off', max_parallel_workers_per_gather = '0'
 Planning:
   Buffers: shared hit=113
 Planning Time: 0.228 ms
 Execution Time: 1140.859 ms
(10 rows)

