SET
SET
SET
SET
SET
                                                                         QUERY PLAN                                                                         
------------------------------------------------------------------------------------------------------------------------------------------------------------
 Index Scan using idx on public.t (actual rows=9048576.00 loops=1)
   Output: a, b
   Index Cond: ((t.a >= 31473) AND (t.a <= 2293616))
   Index Searches: 1
   Prefetch: distance=253.555 count=2699819 stalls=106865 skipped=6254747 resets=0 ungets=12966 forwarded=9492
             histogram [2,4) => 2570, [4,8) => 179, [8,16) => 31, [16,32) => 26, [32,64) => 85, [64,128) => 944, [128,256) => 1171598, [256,512) => 1524386
   Buffers: shared hit=2680333 read=126967
 Settings: enable_bitmapscan = 'off', enable_seqscan = 'off', max_parallel_workers_per_gather = '0'
 Planning:
   Buffers: shared hit=82 read=22
 Planning Time: 1.816 ms
 Execution Time: 1926.838 ms
(12 rows)

SET
SET
SET
SET
SET
                                             QUERY PLAN                                             
----------------------------------------------------------------------------------------------------
 Index Scan using idx on public.t (actual rows=9048576.00 loops=1)
   Output: a, b
   Index Cond: ((t.a >= 31473) AND (t.a <= 2293616))
   Index Searches: 1
   Buffers: shared hit=2807300
 Settings: enable_bitmapscan = 'off', enable_seqscan = 'off', max_parallel_workers_per_gather = '0'
 Planning:
   Buffers: shared hit=109
 Planning Time: 0.218 ms
 Execution Time: 1458.502 ms
(10 rows)

