SET
SET
SET
SET
SET
                                                                         QUERY PLAN                                                                         
------------------------------------------------------------------------------------------------------------------------------------------------------------
 Index Scan using idx on public.t (actual rows=8048576.00 loops=1)
   Output: a, b
   Index Cond: ((t.a >= 22463) AND (t.a <= 2034606))
   Index Searches: 1
   Prefetch: distance=253.496 count=2379780 stalls=117937 skipped=5563682 resets=0 ungets=12962 forwarded=8554
             histogram [2,4) => 2674, [4,8) => 188, [8,16) => 32, [16,32) => 26, [32,64) => 85, [64,128) => 928, [128,256) => 1031666, [256,512) => 1344181
   Buffers: shared hit=2383419 read=113427
 Settings: enable_bitmapscan = 'off', enable_seqscan = 'off', max_parallel_workers_per_gather = '0'
 Planning:
   Buffers: shared hit=82 read=26
 Planning Time: 2.075 ms
 Execution Time: 1734.253 ms
(12 rows)

SET
SET
SET
SET
SET
                                             QUERY PLAN                                             
----------------------------------------------------------------------------------------------------
 Index Scan using idx on public.t (actual rows=8048576.00 loops=1)
   Output: a, b
   Index Cond: ((t.a >= 22463) AND (t.a <= 2034606))
   Index Searches: 1
   Buffers: shared hit=2496849
 Settings: enable_bitmapscan = 'off', enable_seqscan = 'off', max_parallel_workers_per_gather = '0'
 Planning:
   Buffers: shared hit=113
 Planning Time: 0.213 ms
 Execution Time: 1297.472 ms
(10 rows)

