SET
SET
SET
SET
SET
                                                                QUERY PLAN                                                                
------------------------------------------------------------------------------------------------------------------------------------------
 Index Scan using idx on public.t (actual rows=4096.00 loops=1)
   Output: a, b
   Index Cond: ((t.a >= 24683) AND (t.a <= 25706))
   Index Searches: 1
   Prefetch: distance=267.904 count=1860 stalls=1 skipped=2422 resets=0 ungets=766 forwarded=14
             histogram [2,4) => 2, [4,8) => 3, [8,16) => 12, [16,32) => 8, [32,64) => 3, [64,128) => 2, [128,256) => 2, [256,512) => 1828
   Buffers: shared hit=153 read=1128
 Settings: enable_bitmapscan = 'off', enable_seqscan = 'off', max_parallel_workers_per_gather = '0'
 Planning:
   Buffers: shared hit=82 read=26
 Planning Time: 1.801 ms
 Execution Time: 19.259 ms
(12 rows)

SET
SET
SET
SET
SET
                                             QUERY PLAN                                             
----------------------------------------------------------------------------------------------------
 Index Scan using idx on public.t (actual rows=4096.00 loops=1)
   Output: a, b
   Index Cond: ((t.a >= 24683) AND (t.a <= 25706))
   Index Searches: 1
   Buffers: shared hit=1281
 Settings: enable_bitmapscan = 'off', enable_seqscan = 'off', max_parallel_workers_per_gather = '0'
 Planning:
   Buffers: shared hit=113
 Planning Time: 0.147 ms
 Execution Time: 0.602 ms
(10 rows)

