SET
SET
SET
SET
SET
                                                                     QUERY PLAN                                                                     
----------------------------------------------------------------------------------------------------------------------------------------------------
 Index Scan using idx on public.t (actual rows=131072.00 loops=1)
   Output: a, b
   Index Cond: ((t.a >= 908) AND (t.a <= 33675))
   Index Searches: 1
   Prefetch: distance=255.978 count=44474 stalls=1772 skipped=90333 resets=0 ungets=5898 forwarded=592
             histogram [2,4) => 23, [4,8) => 8, [8,16) => 21, [16,32) => 26, [32,64) => 38, [64,128) => 387, [128,256) => 10620, [256,512) => 33351
   Buffers: shared hit=33226 read=7445
 Settings: enable_bitmapscan = 'off', enable_seqscan = 'off', max_parallel_workers_per_gather = '0'
 Planning:
   Buffers: shared hit=82 read=26
 Planning Time: 2.033 ms
 Execution Time: 60.279 ms
(12 rows)

SET
SET
SET
SET
SET
                                             QUERY PLAN                                             
----------------------------------------------------------------------------------------------------
 Index Scan using idx on public.t (actual rows=131072.00 loops=1)
   Output: a, b
   Index Cond: ((t.a >= 908) AND (t.a <= 33675))
   Index Searches: 1
   Buffers: shared hit=40671
 Settings: enable_bitmapscan = 'off', enable_seqscan = 'off', max_parallel_workers_per_gather = '0'
 Planning:
   Buffers: shared hit=113
 Planning Time: 0.203 ms
 Execution Time: 22.235 ms
(10 rows)

