SET
SET
SET
SET
SET
                                                                        QUERY PLAN                                                                        
----------------------------------------------------------------------------------------------------------------------------------------------------------
 Index Scan using idx on public.t (actual rows=2048576.00 loops=1)
   Output: a, b
   Index Cond: ((t.a >= 12508) AND (t.a <= 524651))
   Index Searches: 1
   Prefetch: distance=251.853 count=513686 stalls=130179 skipped=1415792 resets=0 ungets=11456 forwarded=2435
             histogram [2,4) => 2739, [4,8) => 193, [8,16) => 32, [16,32) => 26, [32,64) => 89, [64,128) => 832, [128,256) => 218521, [256,512) => 291254
   Buffers: shared hit=602123 read=33470
 Settings: enable_bitmapscan = 'off', enable_seqscan = 'off', max_parallel_workers_per_gather = '0'
 Planning:
   Buffers: shared hit=82 read=26
 Planning Time: 2.080 ms
 Execution Time: 516.446 ms
(12 rows)

SET
SET
SET
SET
SET
                                             QUERY PLAN                                             
----------------------------------------------------------------------------------------------------
 Index Scan using idx on public.t (actual rows=2048576.00 loops=1)
   Output: a, b
   Index Cond: ((t.a >= 12508) AND (t.a <= 524651))
   Index Searches: 1
   Buffers: shared hit=635593
 Settings: enable_bitmapscan = 'off', enable_seqscan = 'off', max_parallel_workers_per_gather = '0'
 Planning:
   Buffers: shared hit=113
 Planning Time: 0.185 ms
 Execution Time: 337.033 ms
(10 rows)

