SET
SET
SET
SET
SET
                                                                       QUERY PLAN                                                                       
--------------------------------------------------------------------------------------------------------------------------------------------------------
 Index Scan using idx on public.t (actual rows=524288.00 loops=1)
   Output: a, b
   Index Cond: ((t.a >= 29198) AND (t.a <= 160269))
   Index Searches: 1
   Prefetch: distance=250.918 count=84586 stalls=86923 skipped=362271 resets=0 ungets=9915 forwarded=1051
             histogram [2,4) => 1830, [4,8) => 138, [8,16) => 13, [16,32) => 26, [32,64) => 36, [64,128) => 306, [128,256) => 23201, [256,512) => 59036
   Buffers: shared hit=148538 read=13981
 Settings: enable_bitmapscan = 'off', enable_seqscan = 'off', max_parallel_workers_per_gather = '0'
 Planning:
   Buffers: shared hit=82 read=22
 Planning Time: 1.806 ms
 Execution Time: 179.879 ms
(12 rows)

SET
SET
SET
SET
SET
                                             QUERY PLAN                                             
----------------------------------------------------------------------------------------------------
 Index Scan using idx on public.t (actual rows=524288.00 loops=1)
   Output: a, b
   Index Cond: ((t.a >= 29198) AND (t.a <= 160269))
   Index Searches: 1
   Buffers: shared hit=162520
 Settings: enable_bitmapscan = 'off', enable_seqscan = 'off', max_parallel_workers_per_gather = '0'
 Planning:
   Buffers: shared hit=109
 Planning Time: 0.170 ms
 Execution Time: 82.055 ms
(10 rows)

