SET
SET
SET
SET
SET
                                                                       QUERY PLAN                                                                        
---------------------------------------------------------------------------------------------------------------------------------------------------------
 Index Scan using idx on public.t (actual rows=1048576.00 loops=1)
   Output: a, b
   Index Cond: ((t.a >= 18008) AND (t.a <= 280151))
   Index Searches: 1
   Prefetch: distance=249.088 count=211251 stalls=123376 skipped=724865 resets=0 ungets=11243 forwarded=1398
             histogram [2,4) => 2707, [4,8) => 191, [8,16) => 31, [16,32) => 26, [32,64) => 89, [64,128) => 803, [128,256) => 85319, [256,512) => 122085
   Buffers: shared hit=304635 read=20428
 Settings: enable_bitmapscan = 'off', enable_seqscan = 'off', max_parallel_workers_per_gather = '0'
 Planning:
   Buffers: shared hit=82 read=26
 Planning Time: 2.073 ms
 Execution Time: 300.899 ms
(12 rows)

SET
SET
SET
SET
SET
                                             QUERY PLAN                                             
----------------------------------------------------------------------------------------------------
 Index Scan using idx on public.t (actual rows=1048576.00 loops=1)
   Output: a, b
   Index Cond: ((t.a >= 18008) AND (t.a <= 280151))
   Index Searches: 1
   Buffers: shared hit=325063
 Settings: enable_bitmapscan = 'off', enable_seqscan = 'off', max_parallel_workers_per_gather = '0'
 Planning:
   Buffers: shared hit=113
 Planning Time: 0.211 ms
 Execution Time: 167.784 ms
(10 rows)

