SET
SET
SET
SET
SET
                                                                        QUERY PLAN                                                                        
----------------------------------------------------------------------------------------------------------------------------------------------------------
 Index Scan using idx on public.t (actual rows=4048576.00 loops=1)
   Output: a, b
   Index Cond: ((t.a >= 1579) AND (t.a <= 1013722))
   Index Searches: 1
   Prefetch: distance=252.915 count=1118542 stalls=143589 skipped=2798308 resets=0 ungets=11950 forwarded=4382
             histogram [2,4) => 2767, [4,8) => 193, [8,16) => 31, [16,32) => 25, [32,64) => 83, [64,128) => 832, [128,256) => 482990, [256,512) => 631621
   Buffers: shared hit=1196787 read=59487
 Settings: enable_bitmapscan = 'off', enable_seqscan = 'off', max_parallel_workers_per_gather = '0'
 Planning:
   Buffers: shared hit=82 read=26
 Planning Time: 2.105 ms
 Execution Time: 904.221 ms
(12 rows)

SET
SET
SET
SET
SET
                                             QUERY PLAN                                             
----------------------------------------------------------------------------------------------------
 Index Scan using idx on public.t (actual rows=4048576.00 loops=1)
   Output: a, b
   Index Cond: ((t.a >= 1579) AND (t.a <= 1013722))
   Index Searches: 1
   Buffers: shared hit=1256274
 Settings: enable_bitmapscan = 'off', enable_seqscan = 'off', max_parallel_workers_per_gather = '0'
 Planning:
   Buffers: shared hit=113
 Planning Time: 0.211 ms
 Execution Time: 650.998 ms
(10 rows)

