SET
SET
SET
SET
SET
                                                                      QUERY PLAN                                                                      
------------------------------------------------------------------------------------------------------------------------------------------------------
 Index Scan using idx on public.t (actual rows=262144.00 loops=1)
   Output: a, b
   Index Cond: ((t.a >= 2620) AND (t.a <= 68155))
   Index Searches: 1
   Prefetch: distance=258.735 count=51360 stalls=36813 skipped=181143 resets=0 ungets=7207 forwarded=679
             histogram [2,4) => 328, [4,8) => 25, [8,16) => 13, [16,32) => 25, [32,64) => 37, [64,128) => 136, [128,256) => 10698, [256,512) => 40098
   Buffers: shared hit=72062 read=9316
 Settings: enable_bitmapscan = 'off', enable_seqscan = 'off', max_parallel_workers_per_gather = '0'
 Planning:
   Buffers: shared hit=82 read=26
 Planning Time: 2.057 ms
 Execution Time: 85.482 ms
(12 rows)

SET
SET
SET
SET
SET
                                             QUERY PLAN                                             
----------------------------------------------------------------------------------------------------
 Index Scan using idx on public.t (actual rows=262144.00 loops=1)
   Output: a, b
   Index Cond: ((t.a >= 2620) AND (t.a <= 68155))
   Index Searches: 1
   Buffers: shared hit=81378
 Settings: enable_bitmapscan = 'off', enable_seqscan = 'off', max_parallel_workers_per_gather = '0'
 Planning:
   Buffers: shared hit=113
 Planning Time: 0.201 ms
 Execution Time: 40.924 ms
(10 rows)

