SET
SET
SET
SET
SET
                                                                        QUERY PLAN                                                                        
----------------------------------------------------------------------------------------------------------------------------------------------------------
 Index Scan using idx on public.t (actual rows=3048576.00 loops=1)
   Output: a, b
   Index Cond: ((t.a >= 18366) AND (t.a <= 780509))
   Index Searches: 1
   Prefetch: distance=252.638 count=829826 stalls=122939 skipped=2107065 resets=0 ungets=11685 forwarded=3400
             histogram [2,4) => 2707, [4,8) => 191, [8,16) => 31, [16,32) => 25, [32,64) => 85, [64,128) => 833, [128,256) => 356342, [256,512) => 469612
   Buffers: shared hit=898810 read=46970
 Settings: enable_bitmapscan = 'off', enable_seqscan = 'off', max_parallel_workers_per_gather = '0'
 Planning:
   Buffers: shared hit=82 read=26
 Planning Time: 2.055 ms
 Execution Time: 717.541 ms
(12 rows)

SET
SET
SET
SET
SET
                                             QUERY PLAN                                             
----------------------------------------------------------------------------------------------------
 Index Scan using idx on public.t (actual rows=3048576.00 loops=1)
   Output: a, b
   Index Cond: ((t.a >= 18366) AND (t.a <= 780509))
   Index Searches: 1
   Buffers: shared hit=945781
 Settings: enable_bitmapscan = 'off', enable_seqscan = 'off', max_parallel_workers_per_gather = '0'
 Planning:
   Buffers: shared hit=113
 Planning Time: 0.216 ms
 Execution Time: 490.068 ms
(10 rows)

