SET
SET
SET
SET
SET
                                                                        QUERY PLAN                                                                        
----------------------------------------------------------------------------------------------------------------------------------------------------------
 Index Scan using idx on public.t (actual rows=5048576.00 loops=1)
   Output: a, b
   Index Cond: ((t.a >= 19201) AND (t.a <= 1281344))
   Index Searches: 1
   Prefetch: distance=253.139 count=1448950 stalls=121929 skipped=3489498 resets=0 ungets=12240 forwarded=5497
             histogram [2,4) => 2697, [4,8) => 191, [8,16) => 31, [16,32) => 25, [32,64) => 84, [64,128) => 907, [128,256) => 627054, [256,512) => 817961
   Buffers: shared hit=1492792 read=73544
 Settings: enable_bitmapscan = 'off', enable_seqscan = 'off', max_parallel_workers_per_gather = '0'
 Planning:
   Buffers: shared hit=82 read=26
 Planning Time: 2.076 ms
 Execution Time: 1138.068 ms
(12 rows)

SET
SET
SET
SET
SET
                                             QUERY PLAN                                             
----------------------------------------------------------------------------------------------------
 Index Scan using idx on public.t (actual rows=5048576.00 loops=1)
   Output: a, b
   Index Cond: ((t.a >= 19201) AND (t.a <= 1281344))
   Index Searches: 1
   Buffers: shared hit=1566337
 Settings: enable_bitmapscan = 'off', enable_seqscan = 'off', max_parallel_workers_per_gather = '0'
 Planning:
   Buffers: shared hit=113
 Planning Time: 0.223 ms
 Execution Time: 815.192 ms
(10 rows)

