SET
SET
SET
SET
SET
                                                                         QUERY PLAN                                                                         
------------------------------------------------------------------------------------------------------------------------------------------------------------
 Index Scan using idx on public.t (actual rows=9048576.00 loops=1)
   Output: a, b
   Index Cond: ((t.a >= 21783) AND (t.a <= 2283926))
   Index Searches: 1
   Prefetch: distance=253.549 count=2688080 stalls=118783 skipped=6254690 resets=0 ungets=13072 forwarded=9472
             histogram [2,4) => 2674, [4,8) => 188, [8,16) => 31, [16,32) => 25, [32,64) => 85, [64,128) => 944, [128,256) => 1166060, [256,512) => 1518073
   Buffers: shared hit=2680759 read=126609
 Settings: enable_bitmapscan = 'off', enable_seqscan = 'off', max_parallel_workers_per_gather = '0'
 Planning:
   Buffers: shared hit=82 read=26
 Planning Time: 2.169 ms
 Execution Time: 1955.585 ms
(12 rows)

SET
SET
SET
SET
SET
                                             QUERY PLAN                                             
----------------------------------------------------------------------------------------------------
 Index Scan using idx on public.t (actual rows=9048576.00 loops=1)
   Output: a, b
   Index Cond: ((t.a >= 21783) AND (t.a <= 2283926))
   Index Searches: 1
   Buffers: shared hit=2807369
 Settings: enable_bitmapscan = 'off', enable_seqscan = 'off', max_parallel_workers_per_gather = '0'
 Planning:
   Buffers: shared hit=113
 Planning Time: 0.218 ms
 Execution Time: 1453.537 ms
(10 rows)

