SET
SET
SET
SET
SET
                                                                        QUERY PLAN                                                                         
-----------------------------------------------------------------------------------------------------------------------------------------------------------
 Index Scan using idx on public.t (actual rows=7048576.00 loops=1)
   Output: a, b
   Index Cond: ((t.a >= 25451) AND (t.a <= 1787594))
   Index Searches: 1
   Prefetch: distance=253.419 count=2074232 stalls=114272 skipped=4872692 resets=0 ungets=12683 forwarded=7533
             histogram [2,4) => 2650, [4,8) => 186, [8,16) => 31, [16,32) => 25, [32,64) => 87, [64,128) => 907, [128,256) => 897956, [256,512) => 1172390
   Buffers: shared hit=2086060 read=100333
 Settings: enable_bitmapscan = 'off', enable_seqscan = 'off', max_parallel_workers_per_gather = '0'
 Planning:
   Buffers: shared hit=82 read=26
 Planning Time: 2.085 ms
 Execution Time: 1548.008 ms
(12 rows)

SET
SET
SET
SET
SET
                                             QUERY PLAN                                             
----------------------------------------------------------------------------------------------------
 Index Scan using idx on public.t (actual rows=7048576.00 loops=1)
   Output: a, b
   Index Cond: ((t.a >= 25451) AND (t.a <= 1787594))
   Index Searches: 1
   Buffers: shared hit=2186397
 Settings: enable_bitmapscan = 'off', enable_seqscan = 'off', max_parallel_workers_per_gather = '0'
 Planning:
   Buffers: shared hit=113
 Planning Time: 0.217 ms
 Execution Time: 1132.274 ms
(10 rows)

