SET
SET
SET
SET
SET
                                                                         QUERY PLAN                                                                         
------------------------------------------------------------------------------------------------------------------------------------------------------------
 Index Scan using idx on public.t (actual rows=8048576.00 loops=1)
   Output: a, b
   Index Cond: ((t.a >= 24885) AND (t.a <= 2037028))
   Index Searches: 1
   Prefetch: distance=253.497 count=2382586 stalls=114969 skipped=5563500 resets=0 ungets=12954 forwarded=8520
             histogram [2,4) => 2650, [4,8) => 186, [8,16) => 31, [16,32) => 25, [32,64) => 82, [64,128) => 928, [128,256) => 1033014, [256,512) => 1345670
   Buffers: shared hit=2383227 read=113567
 Settings: enable_bitmapscan = 'off', enable_seqscan = 'off', max_parallel_workers_per_gather = '0'
 Planning:
   Buffers: shared hit=82 read=26
 Planning Time: 2.068 ms
 Execution Time: 1722.426 ms
(12 rows)

SET
SET
SET
SET
SET
                                             QUERY PLAN                                             
----------------------------------------------------------------------------------------------------
 Index Scan using idx on public.t (actual rows=8048576.00 loops=1)
   Output: a, b
   Index Cond: ((t.a >= 24885) AND (t.a <= 2037028))
   Index Searches: 1
   Buffers: shared hit=2496795
 Settings: enable_bitmapscan = 'off', enable_seqscan = 'off', max_parallel_workers_per_gather = '0'
 Planning:
   Buffers: shared hit=113
 Planning Time: 0.229 ms
 Execution Time: 1289.336 ms
(10 rows)

