SET
SET
SET
SET
SET
                                                                QUERY PLAN                                                                
------------------------------------------------------------------------------------------------------------------------------------------
 Index Scan using idx on public.t (actual rows=16384.00 loops=1)
   Output: a, b
   Index Cond: ((t.a >= 13252) AND (t.a <= 17347))
   Index Searches: 1
   Prefetch: distance=270.605 count=7562 stalls=1 skipped=10919 resets=0 ungets=2641 forwarded=137
             histogram [2,4) => 2, [4,8) => 3, [8,16) => 6, [16,32) => 13, [32,64) => 2, [64,128) => 2, [128,256) => 2, [256,512) => 7532
   Buffers: shared hit=1800 read=3321
 Settings: enable_bitmapscan = 'off', enable_seqscan = 'off', max_parallel_workers_per_gather = '0'
 Planning:
   Buffers: shared hit=86 read=26
 Planning Time: 2.087 ms
 Execution Time: 31.188 ms
(12 rows)

SET
SET
SET
SET
SET
                                             QUERY PLAN                                             
----------------------------------------------------------------------------------------------------
 Index Scan using idx on public.t (actual rows=16384.00 loops=1)
   Output: a, b
   Index Cond: ((t.a >= 13252) AND (t.a <= 17347))
   Index Searches: 1
   Buffers: shared hit=5121
 Settings: enable_bitmapscan = 'off', enable_seqscan = 'off', max_parallel_workers_per_gather = '0'
 Planning:
   Buffers: shared hit=117
 Planning Time: 0.208 ms
 Execution Time: 2.138 ms
(10 rows)

