SET
SET
SET
SET
SET
                                             QUERY PLAN                                             
----------------------------------------------------------------------------------------------------
 Index Scan using idx on public.t (actual rows=32.00 loops=1)
   Output: a, b
   Index Cond: ((t.a >= 6353) AND (t.a <= 6360))
   Index Searches: 1
   Prefetch: distance=3.200 count=5 stalls=1 skipped=11 resets=0 ungets=0 forwarded=0
             histogram [2,4) => 2, [4,8) => 3
   Buffers: shared hit=5 read=11
 Settings: enable_bitmapscan = 'off', enable_seqscan = 'off', max_parallel_workers_per_gather = '0'
 Planning:
   Buffers: shared hit=86 read=26
 Planning Time: 1.057 ms
 Execution Time: 0.903 ms
(12 rows)

SET
SET
SET
SET
SET
                                             QUERY PLAN                                             
----------------------------------------------------------------------------------------------------
 Index Scan using idx on public.t (actual rows=32.00 loops=1)
   Output: a, b
   Index Cond: ((t.a >= 6353) AND (t.a <= 6360))
   Index Searches: 1
   Buffers: shared hit=16
 Settings: enable_bitmapscan = 'off', enable_seqscan = 'off', max_parallel_workers_per_gather = '0'
 Planning:
   Buffers: shared hit=117
 Planning Time: 0.126 ms
 Execution Time: 0.023 ms
(10 rows)

