SET
SET
SET
SET
SET
                                                                QUERY PLAN                                                                 
-------------------------------------------------------------------------------------------------------------------------------------------
 Index Scan using idx on public.t (actual rows=8192.00 loops=1)
   Output: a, b
   Index Cond: ((t.a >= 2414) AND (t.a <= 4461))
   Index Searches: 1
   Prefetch: distance=269.582 count=3902 stalls=1 skipped=5335 resets=0 ungets=1481 forwarded=52
             histogram [2,4) => 2, [4,8) => 3, [8,16) => 14, [16,32) => 11, [32,64) => 2, [64,128) => 2, [128,256) => 2, [256,512) => 3866
   Buffers: shared hit=630 read=1945
 Settings: enable_bitmapscan = 'off', enable_seqscan = 'off', max_parallel_workers_per_gather = '0'
 Planning:
   Buffers: shared hit=86 read=26
 Planning Time: 2.097 ms
 Execution Time: 21.256 ms
(12 rows)

SET
SET
SET
SET
SET
                                             QUERY PLAN                                             
----------------------------------------------------------------------------------------------------
 Index Scan using idx on public.t (actual rows=8192.00 loops=1)
   Output: a, b
   Index Cond: ((t.a >= 2414) AND (t.a <= 4461))
   Index Searches: 1
   Buffers: shared hit=2575
 Settings: enable_bitmapscan = 'off', enable_seqscan = 'off', max_parallel_workers_per_gather = '0'
 Planning:
   Buffers: shared hit=117
 Planning Time: 0.196 ms
 Execution Time: 2.083 ms
(10 rows)

