SET
SET
SET
SET
SET
                                                                        QUERY PLAN                                                                        
----------------------------------------------------------------------------------------------------------------------------------------------------------
 Index Scan using idx on public.t (actual rows=4048576.00 loops=1)
   Output: a, b
   Index Cond: ((t.a >= 2471) AND (t.a <= 1014614))
   Index Searches: 1
   Prefetch: distance=252.910 count=1119514 stalls=142490 skipped=2798139 resets=0 ungets=11882 forwarded=4386
             histogram [2,4) => 2767, [4,8) => 194, [8,16) => 31, [16,32) => 25, [32,64) => 85, [64,128) => 832, [128,256) => 483551, [256,512) => 632029
   Buffers: shared hit=1196747 read=59537
 Settings: enable_bitmapscan = 'off', enable_seqscan = 'off', max_parallel_workers_per_gather = '0'
 Planning:
   Buffers: shared hit=82 read=26
 Planning Time: 2.062 ms
 Execution Time: 913.304 ms
(12 rows)

SET
SET
SET
SET
SET
                                             QUERY PLAN                                             
----------------------------------------------------------------------------------------------------
 Index Scan using idx on public.t (actual rows=4048576.00 loops=1)
   Output: a, b
   Index Cond: ((t.a >= 2471) AND (t.a <= 1014614))
   Index Searches: 1
   Buffers: shared hit=1256284
 Settings: enable_bitmapscan = 'off', enable_seqscan = 'off', max_parallel_workers_per_gather = '0'
 Planning:
   Buffers: shared hit=113
 Planning Time: 0.181 ms
 Execution Time: 649.697 ms
(10 rows)

