SET
SET
SET
SET
SET
                                                                       QUERY PLAN                                                                        
---------------------------------------------------------------------------------------------------------------------------------------------------------
 Index Scan using idx on public.t (actual rows=1048576.00 loops=1)
   Output: a, b
   Index Cond: ((t.a >= 9442) AND (t.a <= 271585))
   Index Searches: 1
   Prefetch: distance=248.759 count=200936 stalls=133940 skipped=724935 resets=0 ungets=11366 forwarded=1434
             histogram [2,4) => 2751, [4,8) => 194, [8,16) => 31, [16,32) => 25, [32,64) => 87, [64,128) => 803, [128,256) => 80959, [256,512) => 116086
   Buffers: shared hit=305071 read=20051
 Settings: enable_bitmapscan = 'off', enable_seqscan = 'off', max_parallel_workers_per_gather = '0'
 Planning:
   Buffers: shared hit=82 read=26
 Planning Time: 2.159 ms
 Execution Time: 312.184 ms
(12 rows)

SET
SET
SET
SET
SET
                                             QUERY PLAN                                             
----------------------------------------------------------------------------------------------------
 Index Scan using idx on public.t (actual rows=1048576.00 loops=1)
   Output: a, b
   Index Cond: ((t.a >= 9442) AND (t.a <= 271585))
   Index Searches: 1
   Buffers: shared hit=325122
 Settings: enable_bitmapscan = 'off', enable_seqscan = 'off', max_parallel_workers_per_gather = '0'
 Planning:
   Buffers: shared hit=113
 Planning Time: 0.189 ms
 Execution Time: 172.709 ms
(10 rows)

