SET
SET
SET
SET
SET
                                                                QUERY PLAN                                                                
------------------------------------------------------------------------------------------------------------------------------------------
 Index Scan using idx on public.t (actual rows=32768.00 loops=1)
   Output: a, b
   Index Cond: ((t.a >= 28861) AND (t.a <= 37052))
   Index Searches: 1
   Prefetch: distance=270.637 count=14445 stalls=1 skipped=22271 resets=0 ungets=4488 forwarded=313
             histogram [2,4) => 2, [4,8) => 4, [8,16) => 6, [16,32) => 9, [32,64) => 5, [64,128) => 2, [128,256) => 3, [256,512) => 14414
   Buffers: shared hit=4812 read=5372
 Settings: enable_bitmapscan = 'off', enable_seqscan = 'off', max_parallel_workers_per_gather = '0'
 Planning:
   Buffers: shared hit=82 read=22
 Planning Time: 1.765 ms
 Execution Time: 43.498 ms
(12 rows)

SET
SET
SET
SET
SET
                                             QUERY PLAN                                             
----------------------------------------------------------------------------------------------------
 Index Scan using idx on public.t (actual rows=32768.00 loops=1)
   Output: a, b
   Index Cond: ((t.a >= 28861) AND (t.a <= 37052))
   Index Searches: 1
   Buffers: shared hit=10184
 Settings: enable_bitmapscan = 'off', enable_seqscan = 'off', max_parallel_workers_per_gather = '0'
 Planning:
   Buffers: shared hit=109
 Planning Time: 0.189 ms
 Execution Time: 7.288 ms
(10 rows)

