SET
SET
SET
SET
SET
                                                                    QUERY PLAN                                                                    
--------------------------------------------------------------------------------------------------------------------------------------------------
 Index Scan Backward using idx on public.t (actual rows=4048576.00 loops=1)
   Output: a, b
   Index Cond: ((t.a >= 15670) AND (t.a <= 1027813))
   Index Searches: 1
   Prefetch: distance=255.353 count=1260885 stalls=1 skipped=2798259 resets=0 ungets=10724 forwarded=3
             histogram [2,4) => 2, [4,8) => 4, [8,16) => 11, [16,32) => 5, [32,64) => 2, [64,128) => 70, [128,256) => 497464, [256,512) => 763327
   Buffers: shared hit=1196141 read=60135
 Settings: enable_bitmapscan = 'off', enable_seqscan = 'off', max_parallel_workers_per_gather = '0'
 Planning:
   Buffers: shared hit=78 read=26
 Planning Time: 2.178 ms
 Execution Time: 1336.553 ms
(12 rows)

SET
SET
SET
SET
SET
                                             QUERY PLAN                                             
----------------------------------------------------------------------------------------------------
 Index Scan Backward using idx on public.t (actual rows=4048576.00 loops=1)
   Output: a, b
   Index Cond: ((t.a >= 15670) AND (t.a <= 1027813))
   Index Searches: 1
   Buffers: shared hit=1256276
 Settings: enable_bitmapscan = 'off', enable_seqscan = 'off', max_parallel_workers_per_gather = '0'
 Planning:
   Buffers: shared hit=109
 Planning Time: 0.203 ms
 Execution Time: 652.355 ms
(10 rows)

