SET
SET
SET
SET
SET
                                                              QUERY PLAN                                                               
---------------------------------------------------------------------------------------------------------------------------------------
 Index Scan Backward using idx on public.t (actual rows=6048576.00 loops=1)
   Output: a, b
   Index Cond: ((t.a >= 4488) AND (t.a <= 1516631))
   Index Searches: 1
   Buffers: shared hit=1790218 read=86136
 Settings: enable_bitmapscan = 'off', enable_seqscan = 'off', max_parallel_workers_per_gather = '0', enable_indexscan_prefetch = 'off'
 Planning:
   Buffers: shared hit=78 read=26
 Planning Time: 2.104 ms
 Execution Time: 2095.664 ms
(10 rows)

SET
SET
SET
SET
SET
                                                              QUERY PLAN                                                               
---------------------------------------------------------------------------------------------------------------------------------------
 Index Scan Backward using idx on public.t (actual rows=6048576.00 loops=1)
   Output: a, b
   Index Cond: ((t.a >= 4488) AND (t.a <= 1516631))
   Index Searches: 1
   Buffers: shared hit=1876354
 Settings: enable_bitmapscan = 'off', enable_seqscan = 'off', max_parallel_workers_per_gather = '0', enable_indexscan_prefetch = 'off'
 Planning:
   Buffers: shared hit=109
 Planning Time: 0.204 ms
 Execution Time: 951.462 ms
(10 rows)

