SET
SET
SET
SET
SET
                                                      QUERY PLAN                                                      
----------------------------------------------------------------------------------------------------------------------
 Index Scan Backward using idx on public.t (actual rows=512.00 loops=1)
   Output: a, b
   Index Cond: ((t.a >= 11427) AND (t.a <= 11554))
   Index Searches: 1
   Prefetch: distance=33.643 count=28 stalls=1 skipped=59 resets=0 ungets=3 forwarded=0
             histogram [2,4) => 2, [4,8) => 7, [8,16) => 7, [16,32) => 6, [32,64) => 2, [64,128) => 2, [128,256) => 2
   Buffers: shared hit=6 read=156
 Settings: enable_bitmapscan = 'off', enable_seqscan = 'off', max_parallel_workers_per_gather = '0'
 Planning:
   Buffers: shared hit=82 read=26
 Planning Time: 1.087 ms
 Execution Time: 9.419 ms
(12 rows)

SET
SET
SET
SET
SET
                                             QUERY PLAN                                             
----------------------------------------------------------------------------------------------------
 Index Scan Backward using idx on public.t (actual rows=512.00 loops=1)
   Output: a, b
   Index Cond: ((t.a >= 11427) AND (t.a <= 11554))
   Index Searches: 1
   Buffers: shared hit=162
 Settings: enable_bitmapscan = 'off', enable_seqscan = 'off', max_parallel_workers_per_gather = '0'
 Planning:
   Buffers: shared hit=113
 Planning Time: 0.233 ms
 Execution Time: 0.161 ms
(10 rows)

