SET
SET
SET
SET
SET
                                                                    QUERY PLAN                                                                    
--------------------------------------------------------------------------------------------------------------------------------------------------
 Index Scan Backward using idx on public.t (actual rows=4048576.00 loops=1)
   Output: a, b
   Index Cond: ((t.a >= 9948) AND (t.a <= 1022091))
   Index Searches: 1
   Prefetch: distance=255.338 count=1260460 stalls=1 skipped=2798109 resets=0 ungets=10325 forwarded=2
             histogram [2,4) => 2, [4,8) => 3, [8,16) => 11, [16,32) => 6, [32,64) => 2, [64,128) => 70, [128,256) => 497893, [256,512) => 762473
   Buffers: shared hit=1196427 read=59883
 Settings: enable_bitmapscan = 'off', enable_seqscan = 'off', max_parallel_workers_per_gather = '0'
 Planning:
   Buffers: shared hit=78 read=26
 Planning Time: 2.054 ms
 Execution Time: 1340.202 ms
(12 rows)

SET
SET
SET
SET
SET
                                             QUERY PLAN                                             
----------------------------------------------------------------------------------------------------
 Index Scan Backward using idx on public.t (actual rows=4048576.00 loops=1)
   Output: a, b
   Index Cond: ((t.a >= 9948) AND (t.a <= 1022091))
   Index Searches: 1
   Buffers: shared hit=1256310
 Settings: enable_bitmapscan = 'off', enable_seqscan = 'off', max_parallel_workers_per_gather = '0'
 Planning:
   Buffers: shared hit=109
 Planning Time: 0.210 ms
 Execution Time: 648.237 ms
(10 rows)

