SET
SET
SET
SET
SET
                                                                    QUERY PLAN                                                                     
---------------------------------------------------------------------------------------------------------------------------------------------------
 Index Scan Backward using idx on public.t (actual rows=6048576.00 loops=1)
   Output: a, b
   Index Cond: ((t.a >= 23422) AND (t.a <= 1535565))
   Index Searches: 1
   Prefetch: distance=255.255 count=1879689 stalls=1 skipped=4180837 resets=0 ungets=12494 forwarded=2
             histogram [2,4) => 2, [4,8) => 6, [8,16) => 7, [16,32) => 8, [32,64) => 2, [64,128) => 108, [128,256) => 746896, [256,512) => 1132660
   Buffers: shared hit=1789430 read=87002
 Settings: enable_bitmapscan = 'off', enable_seqscan = 'off', max_parallel_workers_per_gather = '0'
 Planning:
   Buffers: shared hit=78 read=26
 Planning Time: 2.061 ms
 Execution Time: 1991.095 ms
(12 rows)

SET
SET
SET
SET
SET
                                             QUERY PLAN                                             
----------------------------------------------------------------------------------------------------
 Index Scan Backward using idx on public.t (actual rows=6048576.00 loops=1)
   Output: a, b
   Index Cond: ((t.a >= 23422) AND (t.a <= 1535565))
   Index Searches: 1
   Buffers: shared hit=1876432
 Settings: enable_bitmapscan = 'off', enable_seqscan = 'off', max_parallel_workers_per_gather = '0'
 Planning:
   Buffers: shared hit=109
 Planning Time: 0.218 ms
 Execution Time: 979.009 ms
(10 rows)

