SET
SET
SET
SET
SET
                                                                 QUERY PLAN                                                                 
--------------------------------------------------------------------------------------------------------------------------------------------
 Index Scan Backward using idx on public.t (actual rows=65536.00 loops=1)
   Output: a, b
   Index Cond: ((t.a >= 27634) AND (t.a <= 44017))
   Index Searches: 1
   Prefetch: distance=269.383 count=27023 stalls=1 skipped=45050 resets=0 ungets=6933 forwarded=0
             histogram [2,4) => 2, [4,8) => 6, [8,16) => 9, [16,32) => 5, [32,64) => 2, [64,128) => 2, [128,256) => 539, [256,512) => 26458
   Buffers: shared hit=13160 read=7153
 Settings: enable_bitmapscan = 'off', enable_seqscan = 'off', max_parallel_workers_per_gather = '0'
 Planning:
   Buffers: shared hit=78 read=22
 Planning Time: 1.769 ms
 Execution Time: 60.806 ms
(12 rows)

SET
SET
SET
SET
SET
                                             QUERY PLAN                                             
----------------------------------------------------------------------------------------------------
 Index Scan Backward using idx on public.t (actual rows=65536.00 loops=1)
   Output: a, b
   Index Cond: ((t.a >= 27634) AND (t.a <= 44017))
   Index Searches: 1
   Buffers: shared hit=20313
 Settings: enable_bitmapscan = 'off', enable_seqscan = 'off', max_parallel_workers_per_gather = '0'
 Planning:
   Buffers: shared hit=105
 Planning Time: 0.173 ms
 Execution Time: 9.805 ms
(10 rows)

