SET
SET
SET
SET
SET
                                                                     QUERY PLAN                                                                     
----------------------------------------------------------------------------------------------------------------------------------------------------
 Index Scan Backward using idx on public.t (actual rows=6048576.00 loops=1)
   Output: a, b
   Index Cond: ((t.a >= 3366) AND (t.a <= 1515509))
   Index Searches: 1
   Prefetch: distance=255.217 count=1878608 stalls=1 skipped=4180841 resets=0 ungets=11481 forwarded=3
             histogram [2,4) => 2, [4,8) => 3, [8,16) => 12, [16,32) => 6, [32,64) => 2, [64,128) => 109, [128,256) => 748347, [256,512) => 1130127
   Buffers: shared hit=1790289 read=86084
 Settings: enable_bitmapscan = 'off', enable_seqscan = 'off', max_parallel_workers_per_gather = '0'
 Planning:
   Buffers: shared hit=78 read=26
 Planning Time: 2.052 ms
 Execution Time: 1983.250 ms
(12 rows)

SET
SET
SET
SET
SET
                                             QUERY PLAN                                             
----------------------------------------------------------------------------------------------------
 Index Scan Backward using idx on public.t (actual rows=6048576.00 loops=1)
   Output: a, b
   Index Cond: ((t.a >= 3366) AND (t.a <= 1515509))
   Index Searches: 1
   Buffers: shared hit=1876373
 Settings: enable_bitmapscan = 'off', enable_seqscan = 'off', max_parallel_workers_per_gather = '0'
 Planning:
   Buffers: shared hit=109
 Planning Time: 0.249 ms
 Execution Time: 956.731 ms
(10 rows)

