SET
SET
SET
SET
SET
                                                               QUERY PLAN                                                               
----------------------------------------------------------------------------------------------------------------------------------------
 Index Scan Backward using idx on public.t (actual rows=512.00 loops=1)
   Output: a, b
   Index Cond: ((t.a >= 15455) AND (t.a <= 15582))
   Index Searches: 1
   Prefetch: distance=191.346 count=81 stalls=1 skipped=112 resets=0 ungets=29 forwarded=0
             histogram [2,4) => 2, [4,8) => 3, [8,16) => 12, [16,32) => 5, [32,64) => 2, [64,128) => 2, [128,256) => 2, [256,512) => 53
   Buffers: shared hit=8 read=157
 Settings: enable_bitmapscan = 'off', enable_seqscan = 'off', max_parallel_workers_per_gather = '0'
 Planning:
   Buffers: shared hit=82 read=26
 Planning Time: 1.032 ms
 Execution Time: 8.016 ms
(12 rows)

SET
SET
SET
SET
SET
                                             QUERY PLAN                                             
----------------------------------------------------------------------------------------------------
 Index Scan Backward using idx on public.t (actual rows=512.00 loops=1)
   Output: a, b
   Index Cond: ((t.a >= 15455) AND (t.a <= 15582))
   Index Searches: 1
   Buffers: shared hit=165
 Settings: enable_bitmapscan = 'off', enable_seqscan = 'off', max_parallel_workers_per_gather = '0'
 Planning:
   Buffers: shared hit=113
 Planning Time: 0.155 ms
 Execution Time: 0.134 ms
(10 rows)

