SET
SET
SET
SET
SET
                                                                   QUERY PLAN                                                                   
------------------------------------------------------------------------------------------------------------------------------------------------
 Index Scan Backward using idx on public.t (actual rows=1048576.00 loops=1)
   Output: a, b
   Index Cond: ((t.a >= 1075) AND (t.a <= 263218))
   Index Searches: 1
   Prefetch: distance=256.620 count=330687 stalls=1 skipped=724777 resets=0 ungets=7308 forwarded=2
             histogram [2,4) => 4, [4,8) => 5, [8,16) => 7, [16,32) => 6, [32,64) => 2, [64,128) => 2, [128,256) => 119821, [256,512) => 210840
   Buffers: shared hit=305380 read=19697
 Settings: enable_bitmapscan = 'off', enable_seqscan = 'off', max_parallel_workers_per_gather = '0'
 Planning:
   Buffers: shared hit=78 read=26
 Planning Time: 2.053 ms
 Execution Time: 369.761 ms
(12 rows)

SET
SET
SET
SET
SET
                                             QUERY PLAN                                             
----------------------------------------------------------------------------------------------------
 Index Scan Backward using idx on public.t (actual rows=1048576.00 loops=1)
   Output: a, b
   Index Cond: ((t.a >= 1075) AND (t.a <= 263218))
   Index Searches: 1
   Buffers: shared hit=325077
 Settings: enable_bitmapscan = 'off', enable_seqscan = 'off', max_parallel_workers_per_gather = '0'
 Planning:
   Buffers: shared hit=109
 Planning Time: 0.190 ms
 Execution Time: 165.893 ms
(10 rows)

