SET
SET
SET
SET
SET
                                                                     QUERY PLAN                                                                     
----------------------------------------------------------------------------------------------------------------------------------------------------
 Index Scan using idx on public.t (actual rows=6048576.00 loops=1)
   Output: a, b
   Index Cond: ((t.a >= 13103) AND (t.a <= 1525246))
   Index Searches: 1
   Prefetch: distance=264.125 count=6553755 stalls=6 skipped=89952 resets=0 ungets=595236 forwarded=14973
             histogram [2,4) => 8, [4,8) => 6, [8,16) => 7, [16,32) => 16, [32,64) => 23, [64,128) => 21, [128,256) => 935242, [256,512) => 5618432
   Buffers: shared hit=5670035 read=297177
 Settings: enable_bitmapscan = 'off', enable_seqscan = 'off', max_parallel_workers_per_gather = '0'
 Planning:
   Buffers: shared hit=82 read=26
 Planning Time: 2.016 ms
 Execution Time: 6314.499 ms
(12 rows)

SET
SET
SET
SET
SET
                                             QUERY PLAN                                             
----------------------------------------------------------------------------------------------------
 Index Scan using idx on public.t (actual rows=6048576.00 loops=1)
   Output: a, b
   Index Cond: ((t.a >= 13103) AND (t.a <= 1525246))
   Index Searches: 1
   Buffers: shared hit=5967683
 Settings: enable_bitmapscan = 'off', enable_seqscan = 'off', max_parallel_workers_per_gather = '0'
 Planning:
   Buffers: shared hit=113
 Planning Time: 0.225 ms
 Execution Time: 958.251 ms
(10 rows)

