SET
SET
SET
SET
SET
                                                               QUERY PLAN                                                                
-----------------------------------------------------------------------------------------------------------------------------------------
 Index Scan using idx on public.t (actual rows=4096.00 loops=1)
   Output: a, b
   Index Cond: ((t.a >= 22495) AND (t.a <= 23518))
   Index Searches: 1
   Prefetch: distance=267.877 count=1909 stalls=1 skipped=2465 resets=0 ungets=790 forwarded=22
             histogram [2,4) => 2, [4,8) => 4, [8,16) => 6, [16,32) => 9, [32,64) => 6, [64,128) => 2, [128,256) => 2, [256,512) => 1878
   Buffers: shared hit=148 read=1144
 Settings: enable_bitmapscan = 'off', enable_seqscan = 'off', max_parallel_workers_per_gather = '0'
 Planning:
   Buffers: shared hit=86 read=26
 Planning Time: 2.045 ms
 Execution Time: 18.027 ms
(12 rows)

SET
SET
SET
SET
SET
                                             QUERY PLAN                                             
----------------------------------------------------------------------------------------------------
 Index Scan using idx on public.t (actual rows=4096.00 loops=1)
   Output: a, b
   Index Cond: ((t.a >= 22495) AND (t.a <= 23518))
   Index Searches: 1
   Buffers: shared hit=1292
 Settings: enable_bitmapscan = 'off', enable_seqscan = 'off', max_parallel_workers_per_gather = '0'
 Planning:
   Buffers: shared hit=117
 Planning Time: 0.142 ms
 Execution Time: 0.618 ms
(10 rows)

