SET
SET
SET
SET
SET
                                                                QUERY PLAN                                                                
------------------------------------------------------------------------------------------------------------------------------------------
 Index Scan using idx on public.t (actual rows=8192.00 loops=1)
   Output: a, b
   Index Cond: ((t.a >= 7554) AND (t.a <= 9601))
   Index Searches: 1
   Prefetch: distance=269.434 count=3947 stalls=1 skipped=5490 resets=0 ungets=1533 forwarded=61
             histogram [2,4) => 2, [4,8) => 7, [8,16) => 7, [16,32) => 11, [32,64) => 6, [64,128) => 3, [128,256) => 2, [256,512) => 3909
   Buffers: shared hit=598 read=1920
 Settings: enable_bitmapscan = 'off', enable_seqscan = 'off', max_parallel_workers_per_gather = '0'
 Planning:
   Buffers: shared hit=86 read=26
 Planning Time: 2.052 ms
 Execution Time: 17.958 ms
(12 rows)

SET
SET
SET
SET
SET
                                             QUERY PLAN                                             
----------------------------------------------------------------------------------------------------
 Index Scan using idx on public.t (actual rows=8192.00 loops=1)
   Output: a, b
   Index Cond: ((t.a >= 7554) AND (t.a <= 9601))
   Index Searches: 1
   Buffers: shared hit=2518
 Settings: enable_bitmapscan = 'off', enable_seqscan = 'off', max_parallel_workers_per_gather = '0'
 Planning:
   Buffers: shared hit=117
 Planning Time: 0.200 ms
 Execution Time: 2.301 ms
(10 rows)

