SET
SET
SET
SET
SET
                                                                       QUERY PLAN                                                                        
---------------------------------------------------------------------------------------------------------------------------------------------------------
 Index Scan using idx on public.t (actual rows=1048576.00 loops=1)
   Output: a, b
   Index Cond: ((t.a >= 16430) AND (t.a <= 278573))
   Index Searches: 1
   Prefetch: distance=249.168 count=209576 stalls=125304 skipped=725078 resets=0 ungets=11409 forwarded=1419
             histogram [2,4) => 2719, [4,8) => 191, [8,16) => 31, [16,32) => 25, [32,64) => 87, [64,128) => 803, [128,256) => 84075, [256,512) => 121645
   Buffers: shared hit=304682 read=20373
 Settings: enable_bitmapscan = 'off', enable_seqscan = 'off', max_parallel_workers_per_gather = '0'
 Planning:
   Buffers: shared hit=82 read=26
 Planning Time: 2.056 ms
 Execution Time: 307.342 ms
(12 rows)

SET
SET
SET
SET
SET
                                             QUERY PLAN                                             
----------------------------------------------------------------------------------------------------
 Index Scan using idx on public.t (actual rows=1048576.00 loops=1)
   Output: a, b
   Index Cond: ((t.a >= 16430) AND (t.a <= 278573))
   Index Searches: 1
   Buffers: shared hit=325056
 Settings: enable_bitmapscan = 'off', enable_seqscan = 'off', max_parallel_workers_per_gather = '0'
 Planning:
   Buffers: shared hit=113
 Planning Time: 0.194 ms
 Execution Time: 175.502 ms
(10 rows)

