SET
SET
SET
SET
SET
                                                                        QUERY PLAN                                                                         
-----------------------------------------------------------------------------------------------------------------------------------------------------------
 Index Scan using idx on public.t (actual rows=7048576.00 loops=1)
   Output: a, b
   Index Cond: ((t.a >= 21901) AND (t.a <= 1784044))
   Index Searches: 1
   Prefetch: distance=253.517 count=2069783 stalls=118628 skipped=4872355 resets=0 ungets=12749 forwarded=7557
             histogram [2,4) => 2674, [4,8) => 188, [8,16) => 32, [16,32) => 25, [32,64) => 88, [64,128) => 906, [128,256) => 890784, [256,512) => 1175086
   Buffers: shared hit=2086206 read=100177
 Settings: enable_bitmapscan = 'off', enable_seqscan = 'off', max_parallel_workers_per_gather = '0'
 Planning:
   Buffers: shared hit=82 read=26
 Planning Time: 2.050 ms
 Execution Time: 1707.787 ms
(12 rows)

SET
SET
SET
SET
SET
                                             QUERY PLAN                                             
----------------------------------------------------------------------------------------------------
 Index Scan using idx on public.t (actual rows=7048576.00 loops=1)
   Output: a, b
   Index Cond: ((t.a >= 21901) AND (t.a <= 1784044))
   Index Searches: 1
   Buffers: shared hit=2186383
 Settings: enable_bitmapscan = 'off', enable_seqscan = 'off', max_parallel_workers_per_gather = '0'
 Planning:
   Buffers: shared hit=113
 Planning Time: 0.216 ms
 Execution Time: 1154.811 ms
(10 rows)

