SET
SET
SET
SET
SET
                                                                      QUERY PLAN                                                                      
------------------------------------------------------------------------------------------------------------------------------------------------------
 Index Scan using idx on public.t (actual rows=9048576.00 loops=1)
   Output: a, b
   Index Cond: ((t.a >= 24288) AND (t.a <= 2286431))
   Index Searches: 1
   Prefetch: distance=264.130 count=9804880 stalls=1 skipped=134296 resets=0 ungets=890696 forwarded=22340
             histogram [2,4) => 4, [4,8) => 10, [8,16) => 8, [16,32) => 18, [32,64) => 28, [64,128) => 26, [128,256) => 1398372, [256,512) => 8406414
   Buffers: shared hit=8482616 read=444520
 Settings: enable_bitmapscan = 'off', enable_seqscan = 'off', max_parallel_workers_per_gather = '0'
 Planning:
   Buffers: shared hit=82 read=26
 Planning Time: 2.042 ms
 Execution Time: 9460.152 ms
(12 rows)

SET
SET
SET
SET
SET
                                             QUERY PLAN                                             
----------------------------------------------------------------------------------------------------
 Index Scan using idx on public.t (actual rows=9048576.00 loops=1)
   Output: a, b
   Index Cond: ((t.a >= 24288) AND (t.a <= 2286431))
   Index Searches: 1
   Buffers: shared hit=8927831
 Settings: enable_bitmapscan = 'off', enable_seqscan = 'off', max_parallel_workers_per_gather = '0'
 Planning:
   Buffers: shared hit=113
 Planning Time: 0.213 ms
 Execution Time: 1450.385 ms
(10 rows)

