SET
SET
SET
SET
SET
                                                                        QUERY PLAN                                                                        
----------------------------------------------------------------------------------------------------------------------------------------------------------
 Index Scan using idx on public.t (actual rows=6048576.00 loops=1)
   Output: a, b
   Index Cond: ((t.a >= 10683) AND (t.a <= 1522826))
   Index Searches: 1
   Prefetch: distance=253.358 count=1747375 stalls=132399 skipped=4180881 resets=0 ungets=12518 forwarded=6502
             histogram [2,4) => 2747, [4,8) => 193, [8,16) => 32, [16,32) => 25, [32,64) => 83, [64,128) => 906, [128,256) => 752675, [256,512) => 990714
   Buffers: shared hit=1790025 read=86429
 Settings: enable_bitmapscan = 'off', enable_seqscan = 'off', max_parallel_workers_per_gather = '0'
 Planning:
   Buffers: shared hit=82 read=26
 Planning Time: 2.085 ms
 Execution Time: 1466.011 ms
(12 rows)

SET
SET
SET
SET
SET
                                             QUERY PLAN                                             
----------------------------------------------------------------------------------------------------
 Index Scan using idx on public.t (actual rows=6048576.00 loops=1)
   Output: a, b
   Index Cond: ((t.a >= 10683) AND (t.a <= 1522826))
   Index Searches: 1
   Buffers: shared hit=1876454
 Settings: enable_bitmapscan = 'off', enable_seqscan = 'off', max_parallel_workers_per_gather = '0'
 Planning:
   Buffers: shared hit=113
 Planning Time: 0.228 ms
 Execution Time: 978.268 ms
(10 rows)

