SET
SET
SET
SET
SET
                                                                         QUERY PLAN                                                                         
------------------------------------------------------------------------------------------------------------------------------------------------------------
 Index Scan using idx on public.t (actual rows=8048576.00 loops=1)
   Output: a, b
   Index Cond: ((t.a >= 25196) AND (t.a <= 2037339))
   Index Searches: 1
   Prefetch: distance=253.596 count=2383126 stalls=114593 skipped=5563564 resets=0 ungets=13090 forwarded=8596
             histogram [2,4) => 2650, [4,8) => 186, [8,16) => 32, [16,32) => 25, [32,64) => 84, [64,128) => 929, [128,256) => 1027294, [256,512) => 1351926
   Buffers: shared hit=2383220 read=113588
 Settings: enable_bitmapscan = 'off', enable_seqscan = 'off', max_parallel_workers_per_gather = '0'
 Planning:
   Buffers: shared hit=82 read=26
 Planning Time: 2.051 ms
 Execution Time: 1932.460 ms
(12 rows)

SET
SET
SET
SET
SET
                                             QUERY PLAN                                             
----------------------------------------------------------------------------------------------------
 Index Scan using idx on public.t (actual rows=8048576.00 loops=1)
   Output: a, b
   Index Cond: ((t.a >= 25196) AND (t.a <= 2037339))
   Index Searches: 1
   Buffers: shared hit=2496809
 Settings: enable_bitmapscan = 'off', enable_seqscan = 'off', max_parallel_workers_per_gather = '0'
 Planning:
   Buffers: shared hit=113
 Planning Time: 0.222 ms
 Execution Time: 1289.842 ms
(10 rows)

