SET
SET
SET
SET
SET
                                                                        QUERY PLAN                                                                        
----------------------------------------------------------------------------------------------------------------------------------------------------------
 Index Scan using idx on public.t (actual rows=3048576.00 loops=1)
   Output: a, b
   Index Cond: ((t.a >= 11863) AND (t.a <= 774006))
   Index Searches: 1
   Prefetch: distance=252.713 count=821940 stalls=130959 skipped=2107006 resets=0 ungets=11800 forwarded=3429
             histogram [2,4) => 2743, [4,8) => 193, [8,16) => 31, [16,32) => 25, [32,64) => 88, [64,128) => 832, [128,256) => 350870, [256,512) => 467158
   Buffers: shared hit=899133 read=46678
 Settings: enable_bitmapscan = 'off', enable_seqscan = 'off', max_parallel_workers_per_gather = '0'
 Planning:
   Buffers: shared hit=82 read=26
 Planning Time: 2.070 ms
 Execution Time: 778.147 ms
(12 rows)

SET
SET
SET
SET
SET
                                             QUERY PLAN                                             
----------------------------------------------------------------------------------------------------
 Index Scan using idx on public.t (actual rows=3048576.00 loops=1)
   Output: a, b
   Index Cond: ((t.a >= 11863) AND (t.a <= 774006))
   Index Searches: 1
   Buffers: shared hit=945812
 Settings: enable_bitmapscan = 'off', enable_seqscan = 'off', max_parallel_workers_per_gather = '0'
 Planning:
   Buffers: shared hit=113
 Planning Time: 0.210 ms
 Execution Time: 491.858 ms
(10 rows)

