SET
SET
SET
SET
SET
                                                                        QUERY PLAN                                                                        
----------------------------------------------------------------------------------------------------------------------------------------------------------
 Index Scan using idx on public.t (actual rows=2048576.00 loops=1)
   Output: a, b
   Index Cond: ((t.a >= 30871) AND (t.a <= 543014))
   Index Searches: 1
   Prefetch: distance=252.111 count=536277 stalls=107603 skipped=1415981 resets=0 ungets=11632 forwarded=2553
             histogram [2,4) => 2576, [4,8) => 179, [8,16) => 31, [16,32) => 26, [32,64) => 85, [64,128) => 832, [128,256) => 227072, [256,512) => 305476
   Buffers: shared hit=601178 read=34253
 Settings: enable_bitmapscan = 'off', enable_seqscan = 'off', max_parallel_workers_per_gather = '0'
 Planning:
   Buffers: shared hit=82 read=22
 Planning Time: 1.762 ms
 Execution Time: 549.514 ms
(12 rows)

SET
SET
SET
SET
SET
                                             QUERY PLAN                                             
----------------------------------------------------------------------------------------------------
 Index Scan using idx on public.t (actual rows=2048576.00 loops=1)
   Output: a, b
   Index Cond: ((t.a >= 30871) AND (t.a <= 543014))
   Index Searches: 1
   Buffers: shared hit=635431
 Settings: enable_bitmapscan = 'off', enable_seqscan = 'off', max_parallel_workers_per_gather = '0'
 Planning:
   Buffers: shared hit=109
 Planning Time: 0.177 ms
 Execution Time: 332.225 ms
(10 rows)

