SET
SET
SET
SET
SET
                                                                 QUERY PLAN                                                                 
--------------------------------------------------------------------------------------------------------------------------------------------
 Index Scan using idx on public.t (actual rows=32768.00 loops=1)
   Output: a, b
   Index Cond: ((t.a >= 17527) AND (t.a <= 25718))
   Index Searches: 1
   Prefetch: distance=270.476 count=14105 stalls=1 skipped=22236 resets=0 ungets=4201 forwarded=291
             histogram [2,4) => 2, [4,8) => 3, [8,16) => 12, [16,32) => 8, [32,64) => 3, [64,128) => 2, [128,256) => 14, [256,512) => 14061
   Buffers: shared hit=5089 read=5057
 Settings: enable_bitmapscan = 'off', enable_seqscan = 'off', max_parallel_workers_per_gather = '0'
 Planning:
   Buffers: shared hit=82 read=26
 Planning Time: 2.068 ms
 Execution Time: 43.082 ms
(12 rows)

SET
SET
SET
SET
SET
                                             QUERY PLAN                                             
----------------------------------------------------------------------------------------------------
 Index Scan using idx on public.t (actual rows=32768.00 loops=1)
   Output: a, b
   Index Cond: ((t.a >= 17527) AND (t.a <= 25718))
   Index Searches: 1
   Buffers: shared hit=10146
 Settings: enable_bitmapscan = 'off', enable_seqscan = 'off', max_parallel_workers_per_gather = '0'
 Planning:
   Buffers: shared hit=113
 Planning Time: 0.176 ms
 Execution Time: 4.968 ms
(10 rows)

