SET
SET
SET
SET
SET
                                                                     QUERY PLAN                                                                     
----------------------------------------------------------------------------------------------------------------------------------------------------
 Index Scan using idx on public.t (actual rows=131072.00 loops=1)
   Output: a, b
   Index Cond: ((t.a >= 448) AND (t.a <= 33215))
   Index Searches: 1
   Prefetch: distance=257.918 count=43845 stalls=2331 skipped=90210 resets=0 ungets=5869 forwarded=586
             histogram [2,4) => 38, [4,8) => 7, [8,16) => 19, [16,32) => 30, [32,64) => 37, [64,128) => 150, [128,256) => 10264, [256,512) => 33300
   Buffers: shared hit=33241 read=7436
 Settings: enable_bitmapscan = 'off', enable_seqscan = 'off', max_parallel_workers_per_gather = '0'
 Planning:
   Buffers: shared hit=82 read=26
 Planning Time: 2.078 ms
 Execution Time: 64.376 ms
(12 rows)

SET
SET
SET
SET
SET
                                             QUERY PLAN                                             
----------------------------------------------------------------------------------------------------
 Index Scan using idx on public.t (actual rows=131072.00 loops=1)
   Output: a, b
   Index Cond: ((t.a >= 448) AND (t.a <= 33215))
   Index Searches: 1
   Buffers: shared hit=40677
 Settings: enable_bitmapscan = 'off', enable_seqscan = 'off', max_parallel_workers_per_gather = '0'
 Planning:
   Buffers: shared hit=113
 Planning Time: 0.179 ms
 Execution Time: 18.100 ms
(10 rows)

