SET
SET
SET
SET
SET
                                                                        QUERY PLAN                                                                        
----------------------------------------------------------------------------------------------------------------------------------------------------------
 Index Scan using idx on public.t (actual rows=5048576.00 loops=1)
   Output: a, b
   Index Cond: ((t.a >= 15217) AND (t.a <= 1277360))
   Index Searches: 1
   Prefetch: distance=253.230 count=1444116 stalls=126801 skipped=3489384 resets=0 ungets=12260 forwarded=5545
             histogram [2,4) => 2725, [4,8) => 191, [8,16) => 31, [16,32) => 25, [32,64) => 83, [64,128) => 906, [128,256) => 621488, [256,512) => 818667
   Buffers: shared hit=1493009 read=73371
 Settings: enable_bitmapscan = 'off', enable_seqscan = 'off', max_parallel_workers_per_gather = '0'
 Planning:
   Buffers: shared hit=82 read=26
 Planning Time: 2.053 ms
 Execution Time: 1242.936 ms
(12 rows)

SET
SET
SET
SET
SET
                                             QUERY PLAN                                             
----------------------------------------------------------------------------------------------------
 Index Scan using idx on public.t (actual rows=5048576.00 loops=1)
   Output: a, b
   Index Cond: ((t.a >= 15217) AND (t.a <= 1277360))
   Index Searches: 1
   Buffers: shared hit=1566380
 Settings: enable_bitmapscan = 'off', enable_seqscan = 'off', max_parallel_workers_per_gather = '0'
 Planning:
   Buffers: shared hit=113
 Planning Time: 0.210 ms
 Execution Time: 814.097 ms
(10 rows)

