SET
SET
SET
SET
SET
                                                                        QUERY PLAN                                                                        
----------------------------------------------------------------------------------------------------------------------------------------------------------
 Index Scan using idx on public.t (actual rows=4048576.00 loops=1)
   Output: a, b
   Index Cond: ((t.a >= 26200) AND (t.a <= 1038343))
   Index Searches: 1
   Prefetch: distance=253.089 count=1148897 stalls=113365 skipped=2798079 resets=0 ungets=12140 forwarded=4540
             histogram [2,4) => 2638, [4,8) => 185, [8,16) => 31, [16,32) => 30, [32,64) => 84, [64,128) => 832, [128,256) => 492913, [256,512) => 652184
   Buffers: shared hit=1195712 read=60596
 Settings: enable_bitmapscan = 'off', enable_seqscan = 'off', max_parallel_workers_per_gather = '0'
 Planning:
   Buffers: shared hit=82 read=22
 Planning Time: 1.790 ms
 Execution Time: 1014.247 ms
(12 rows)

SET
SET
SET
SET
SET
                                             QUERY PLAN                                             
----------------------------------------------------------------------------------------------------
 Index Scan using idx on public.t (actual rows=4048576.00 loops=1)
   Output: a, b
   Index Cond: ((t.a >= 26200) AND (t.a <= 1038343))
   Index Searches: 1
   Buffers: shared hit=1256308
 Settings: enable_bitmapscan = 'off', enable_seqscan = 'off', max_parallel_workers_per_gather = '0'
 Planning:
   Buffers: shared hit=109
 Planning Time: 0.208 ms
 Execution Time: 649.600 ms
(10 rows)

