SET
SET
SET
SET
SET
                                                                         QUERY PLAN                                                                         
------------------------------------------------------------------------------------------------------------------------------------------------------------
 Index Scan using idx on public.t (actual rows=8048576.00 loops=1)
   Output: a, b
   Index Cond: ((t.a >= 29923) AND (t.a <= 2042066))
   Index Searches: 1
   Prefetch: distance=253.608 count=2388733 stalls=108763 skipped=5563503 resets=0 ungets=13010 forwarded=8621
             histogram [2,4) => 2592, [4,8) => 180, [8,16) => 31, [16,32) => 31, [32,64) => 84, [64,128) => 928, [128,256) => 1029449, [256,512) => 1355438
   Buffers: shared hit=2382956 read=113757
 Settings: enable_bitmapscan = 'off', enable_seqscan = 'off', max_parallel_workers_per_gather = '0'
 Planning:
   Buffers: shared hit=82 read=22
 Planning Time: 1.760 ms
 Execution Time: 1937.029 ms
(12 rows)

SET
SET
SET
SET
SET
                                             QUERY PLAN                                             
----------------------------------------------------------------------------------------------------
 Index Scan using idx on public.t (actual rows=8048576.00 loops=1)
   Output: a, b
   Index Cond: ((t.a >= 29923) AND (t.a <= 2042066))
   Index Searches: 1
   Buffers: shared hit=2496714
 Settings: enable_bitmapscan = 'off', enable_seqscan = 'off', max_parallel_workers_per_gather = '0'
 Planning:
   Buffers: shared hit=109
 Planning Time: 0.242 ms
 Execution Time: 1294.939 ms
(10 rows)

