SET
SET
SET
SET
SET
                                                                        QUERY PLAN                                                                         
-----------------------------------------------------------------------------------------------------------------------------------------------------------
 Index Scan using idx on public.t (actual rows=7048576.00 loops=1)
   Output: a, b
   Index Cond: ((t.a >= 938) AND (t.a <= 1763081))
   Index Searches: 1
   Prefetch: distance=253.491 count=2044280 stalls=144376 skipped=4872569 resets=0 ungets=12856 forwarded=7458
             histogram [2,4) => 2767, [4,8) => 194, [8,16) => 32, [16,32) => 26, [32,64) => 85, [64,128) => 906, [128,256) => 880001, [256,512) => 1160269
   Buffers: shared hit=2087200 read=99227
 Settings: enable_bitmapscan = 'off', enable_seqscan = 'off', max_parallel_workers_per_gather = '0'
 Planning:
   Buffers: shared hit=82 read=26
 Planning Time: 2.066 ms
 Execution Time: 1699.161 ms
(12 rows)

SET
SET
SET
SET
SET
                                             QUERY PLAN                                             
----------------------------------------------------------------------------------------------------
 Index Scan using idx on public.t (actual rows=7048576.00 loops=1)
   Output: a, b
   Index Cond: ((t.a >= 938) AND (t.a <= 1763081))
   Index Searches: 1
   Buffers: shared hit=2186427
 Settings: enable_bitmapscan = 'off', enable_seqscan = 'off', max_parallel_workers_per_gather = '0'
 Planning:
   Buffers: shared hit=113
 Planning Time: 0.214 ms
 Execution Time: 1144.882 ms
(10 rows)

