SET
SET
SET
SET
SET
                                                                         QUERY PLAN                                                                         
------------------------------------------------------------------------------------------------------------------------------------------------------------
 Index Scan using idx on public.t (actual rows=9048576.00 loops=1)
   Output: a, b
   Index Cond: ((t.a >= 6861) AND (t.a <= 2269004))
   Index Searches: 1
   Prefetch: distance=253.626 count=2669731 stalls=137081 skipped=6254385 resets=0 ungets=13148 forwarded=9488
             histogram [2,4) => 2757, [4,8) => 193, [8,16) => 31, [16,32) => 26, [32,64) => 85, [64,128) => 945, [128,256) => 1152010, [256,512) => 1513684
   Buffers: shared hit=2681365 read=126008
 Settings: enable_bitmapscan = 'off', enable_seqscan = 'off', max_parallel_workers_per_gather = '0'
 Planning:
   Buffers: shared hit=82 read=26
 Planning Time: 2.075 ms
 Execution Time: 2172.258 ms
(12 rows)

SET
SET
SET
SET
SET
                                             QUERY PLAN                                             
----------------------------------------------------------------------------------------------------
 Index Scan using idx on public.t (actual rows=9048576.00 loops=1)
   Output: a, b
   Index Cond: ((t.a >= 6861) AND (t.a <= 2269004))
   Index Searches: 1
   Buffers: shared hit=2807373
 Settings: enable_bitmapscan = 'off', enable_seqscan = 'off', max_parallel_workers_per_gather = '0'
 Planning:
   Buffers: shared hit=113
 Planning Time: 0.210 ms
 Execution Time: 1462.610 ms
(10 rows)

