SET
SET
SET
SET
SET
                                                                QUERY PLAN                                                                
------------------------------------------------------------------------------------------------------------------------------------------
 Index Scan using idx on public.t (actual rows=16384.00 loops=1)
   Output: a, b
   Index Cond: ((t.a >= 7424) AND (t.a <= 11519))
   Index Searches: 1
   Prefetch: distance=270.300 count=7405 stalls=1 skipped=10918 resets=0 ungets=2551 forwarded=133
             histogram [2,4) => 2, [4,8) => 3, [8,16) => 6, [16,32) => 16, [32,64) => 7, [64,128) => 2, [128,256) => 2, [256,512) => 7367
   Buffers: shared hit=1850 read=3222
 Settings: enable_bitmapscan = 'off', enable_seqscan = 'off', max_parallel_workers_per_gather = '0'
 Planning:
   Buffers: shared hit=86 read=26
 Planning Time: 2.095 ms
 Execution Time: 31.768 ms
(12 rows)

SET
SET
SET
SET
SET
                                             QUERY PLAN                                             
----------------------------------------------------------------------------------------------------
 Index Scan using idx on public.t (actual rows=16384.00 loops=1)
   Output: a, b
   Index Cond: ((t.a >= 7424) AND (t.a <= 11519))
   Index Searches: 1
   Buffers: shared hit=5072
 Settings: enable_bitmapscan = 'off', enable_seqscan = 'off', max_parallel_workers_per_gather = '0'
 Planning:
   Buffers: shared hit=117
 Planning Time: 0.207 ms
 Execution Time: 3.437 ms
(10 rows)

