SET
SET
SET
SET
SET
                                                                 QUERY PLAN                                                                 
--------------------------------------------------------------------------------------------------------------------------------------------
 Index Scan using idx on public.t (actual rows=65536.00 loops=1)
   Output: a, b
   Index Cond: ((t.a >= 26324) AND (t.a <= 42707))
   Index Searches: 1
   Prefetch: distance=268.856 count=26178 stalls=1 skipped=45026 resets=0 ungets=6116 forwarded=514
             histogram [2,4) => 2, [4,8) => 4, [8,16) => 5, [16,32) => 9, [32,64) => 5, [64,128) => 2, [128,256) => 917, [256,512) => 25234
   Buffers: shared hit=13198 read=7105
 Settings: enable_bitmapscan = 'off', enable_seqscan = 'off', max_parallel_workers_per_gather = '0'
 Planning:
   Buffers: shared hit=82 read=22
 Planning Time: 1.755 ms
 Execution Time: 50.531 ms
(12 rows)

SET
SET
SET
SET
SET
                                             QUERY PLAN                                             
----------------------------------------------------------------------------------------------------
 Index Scan using idx on public.t (actual rows=65536.00 loops=1)
   Output: a, b
   Index Cond: ((t.a >= 26324) AND (t.a <= 42707))
   Index Searches: 1
   Buffers: shared hit=20303
 Settings: enable_bitmapscan = 'off', enable_seqscan = 'off', max_parallel_workers_per_gather = '0'
 Planning:
   Buffers: shared hit=109
 Planning Time: 0.168 ms
 Execution Time: 9.767 ms
(10 rows)

