SET
SET
SET
SET
SET
                                                                 QUERY PLAN                                                                 
--------------------------------------------------------------------------------------------------------------------------------------------
 Index Scan using idx on public.t (actual rows=32768.00 loops=1)
   Output: a, b
   Index Cond: ((t.a >= 5243) AND (t.a <= 13434))
   Index Searches: 1
   Prefetch: distance=270.353 count=14041 stalls=1 skipped=22520 resets=0 ungets=4049 forwarded=284
             histogram [2,4) => 2, [4,8) => 3, [8,16) => 5, [16,32) => 10, [32,64) => 5, [64,128) => 3, [128,256) => 17, [256,512) => 13996
   Buffers: shared hit=5311 read=4818
 Settings: enable_bitmapscan = 'off', enable_seqscan = 'off', max_parallel_workers_per_gather = '0'
 Planning:
   Buffers: shared hit=86 read=26
 Planning Time: 2.056 ms
 Execution Time: 34.143 ms
(12 rows)

SET
SET
SET
SET
SET
                                             QUERY PLAN                                             
----------------------------------------------------------------------------------------------------
 Index Scan using idx on public.t (actual rows=32768.00 loops=1)
   Output: a, b
   Index Cond: ((t.a >= 5243) AND (t.a <= 13434))
   Index Searches: 1
   Buffers: shared hit=10129
 Settings: enable_bitmapscan = 'off', enable_seqscan = 'off', max_parallel_workers_per_gather = '0'
 Planning:
   Buffers: shared hit=117
 Planning Time: 0.187 ms
 Execution Time: 4.667 ms
(10 rows)

