SET
SET
SET
SET
SET
                                                                        QUERY PLAN                                                                        
----------------------------------------------------------------------------------------------------------------------------------------------------------
 Index Scan using idx on public.t (actual rows=5048576.00 loops=1)
   Output: a, b
   Index Cond: ((t.a >= 7608) AND (t.a <= 1269751))
   Index Searches: 1
   Prefetch: distance=253.230 count=1434949 stalls=136167 skipped=3489640 resets=0 ungets=12339 forwarded=5544
             histogram [2,4) => 2753, [4,8) => 194, [8,16) => 31, [16,32) => 32, [32,64) => 81, [64,128) => 906, [128,256) => 617133, [256,512) => 813819
   Buffers: shared hit=1493378 read=73008
 Settings: enable_bitmapscan = 'off', enable_seqscan = 'off', max_parallel_workers_per_gather = '0'
 Planning:
   Buffers: shared hit=82 read=26
 Planning Time: 2.051 ms
 Execution Time: 1219.356 ms
(12 rows)

SET
SET
SET
SET
SET
                                             QUERY PLAN                                             
----------------------------------------------------------------------------------------------------
 Index Scan using idx on public.t (actual rows=5048576.00 loops=1)
   Output: a, b
   Index Cond: ((t.a >= 7608) AND (t.a <= 1269751))
   Index Searches: 1
   Buffers: shared hit=1566387
 Settings: enable_bitmapscan = 'off', enable_seqscan = 'off', max_parallel_workers_per_gather = '0'
 Planning:
   Buffers: shared hit=113
 Planning Time: 0.220 ms
 Execution Time: 807.719 ms
(10 rows)

