SET
SET
SET
SET
SET
                                                                        QUERY PLAN                                                                         
-----------------------------------------------------------------------------------------------------------------------------------------------------------
 Index Scan using idx on public.t (actual rows=7048576.00 loops=1)
   Output: a, b
   Index Cond: ((t.a >= 15289) AND (t.a <= 1777432))
   Index Searches: 1
   Prefetch: distance=253.501 count=2061991 stalls=126711 skipped=4872689 resets=0 ungets=12978 forwarded=7517
             histogram [2,4) => 2725, [4,8) => 192, [8,16) => 31, [16,32) => 26, [32,64) => 87, [64,128) => 906, [128,256) => 887573, [256,512) => 1170451
   Buffers: shared hit=2086458 read=99873
 Settings: enable_bitmapscan = 'off', enable_seqscan = 'off', max_parallel_workers_per_gather = '0'
 Planning:
   Buffers: shared hit=82 read=26
 Planning Time: 2.068 ms
 Execution Time: 1695.371 ms
(12 rows)

SET
SET
SET
SET
SET
                                             QUERY PLAN                                             
----------------------------------------------------------------------------------------------------
 Index Scan using idx on public.t (actual rows=7048576.00 loops=1)
   Output: a, b
   Index Cond: ((t.a >= 15289) AND (t.a <= 1777432))
   Index Searches: 1
   Buffers: shared hit=2186332
 Settings: enable_bitmapscan = 'off', enable_seqscan = 'off', max_parallel_workers_per_gather = '0'
 Planning:
   Buffers: shared hit=113
 Planning Time: 0.220 ms
 Execution Time: 1128.401 ms
(10 rows)

