SET
SET
SET
SET
SET
                                                                         QUERY PLAN                                                                         
------------------------------------------------------------------------------------------------------------------------------------------------------------
 Index Scan using idx on public.t (actual rows=8048576.00 loops=1)
   Output: a, b
   Index Cond: ((t.a >= 8921) AND (t.a <= 2021064))
   Index Searches: 1
   Prefetch: distance=253.592 count=2363238 stalls=134562 skipped=5563737 resets=0 ungets=13040 forwarded=8478
             histogram [2,4) => 2753, [4,8) => 193, [8,16) => 32, [16,32) => 26, [32,64) => 83, [64,128) => 929, [128,256) => 1018105, [256,512) => 1341117
   Buffers: shared hit=2383967 read=112870
 Settings: enable_bitmapscan = 'off', enable_seqscan = 'off', max_parallel_workers_per_gather = '0'
 Planning:
   Buffers: shared hit=82 read=26
 Planning Time: 2.060 ms
 Execution Time: 1932.452 ms
(12 rows)

SET
SET
SET
SET
SET
                                             QUERY PLAN                                             
----------------------------------------------------------------------------------------------------
 Index Scan using idx on public.t (actual rows=8048576.00 loops=1)
   Output: a, b
   Index Cond: ((t.a >= 8921) AND (t.a <= 2021064))
   Index Searches: 1
   Buffers: shared hit=2496837
 Settings: enable_bitmapscan = 'off', enable_seqscan = 'off', max_parallel_workers_per_gather = '0'
 Planning:
   Buffers: shared hit=113
 Planning Time: 0.220 ms
 Execution Time: 1303.645 ms
(10 rows)

