SET
SET
SET
SET
SET
                                                                         QUERY PLAN                                                                         
------------------------------------------------------------------------------------------------------------------------------------------------------------
 Index Scan using idx on public.t (actual rows=9048576.00 loops=1)
   Output: a, b
   Index Cond: ((t.a >= 2821) AND (t.a <= 2264964))
   Index Searches: 1
   Prefetch: distance=253.626 count=2664749 stalls=142054 skipped=6254484 resets=0 ungets=13110 forwarded=9499
             histogram [2,4) => 2767, [4,8) => 193, [8,16) => 31, [16,32) => 25, [32,64) => 86, [64,128) => 944, [128,256) => 1149635, [256,512) => 1511068
   Buffers: shared hit=2681552 read=125817
 Settings: enable_bitmapscan = 'off', enable_seqscan = 'off', max_parallel_workers_per_gather = '0'
 Planning:
   Buffers: shared hit=82 read=26
 Planning Time: 2.077 ms
 Execution Time: 2178.373 ms
(12 rows)

SET
SET
SET
SET
SET
                                             QUERY PLAN                                             
----------------------------------------------------------------------------------------------------
 Index Scan using idx on public.t (actual rows=9048576.00 loops=1)
   Output: a, b
   Index Cond: ((t.a >= 2821) AND (t.a <= 2264964))
   Index Searches: 1
   Buffers: shared hit=2807369
 Settings: enable_bitmapscan = 'off', enable_seqscan = 'off', max_parallel_workers_per_gather = '0'
 Planning:
   Buffers: shared hit=113
 Planning Time: 0.214 ms
 Execution Time: 1461.390 ms
(10 rows)

