SET
SET
SET
SET
SET
                                                                QUERY PLAN                                                                
------------------------------------------------------------------------------------------------------------------------------------------
 Index Scan using idx on public.t (actual rows=16384.00 loops=1)
   Output: a, b
   Index Cond: ((t.a >= 21390) AND (t.a <= 25485))
   Index Searches: 1
   Prefetch: distance=270.594 count=7748 stalls=1 skipped=11063 resets=0 ungets=2791 forwarded=145
             histogram [2,4) => 2, [4,8) => 3, [8,16) => 5, [16,32) => 10, [32,64) => 8, [64,128) => 2, [128,256) => 2, [256,512) => 7716
   Buffers: shared hit=1680 read=3422
 Settings: enable_bitmapscan = 'off', enable_seqscan = 'off', max_parallel_workers_per_gather = '0'
 Planning:
   Buffers: shared hit=82 read=26
 Planning Time: 2.040 ms
 Execution Time: 28.514 ms
(12 rows)

SET
SET
SET
SET
SET
                                             QUERY PLAN                                             
----------------------------------------------------------------------------------------------------
 Index Scan using idx on public.t (actual rows=16384.00 loops=1)
   Output: a, b
   Index Cond: ((t.a >= 21390) AND (t.a <= 25485))
   Index Searches: 1
   Buffers: shared hit=5102
 Settings: enable_bitmapscan = 'off', enable_seqscan = 'off', max_parallel_workers_per_gather = '0'
 Planning:
   Buffers: shared hit=113
 Planning Time: 0.169 ms
 Execution Time: 2.551 ms
(10 rows)

