SET
SET
SET
SET
SET
                                                                QUERY PLAN                                                                
------------------------------------------------------------------------------------------------------------------------------------------
 Index Scan using idx on public.t (actual rows=8192.00 loops=1)
   Output: a, b
   Index Cond: ((t.a >= 729) AND (t.a <= 2776))
   Index Searches: 1
   Prefetch: distance=269.921 count=3881 stalls=1 skipped=5396 resets=0 ungets=1461 forwarded=66
             histogram [2,4) => 2, [4,8) => 4, [8,16) => 5, [16,32) => 10, [32,64) => 3, [64,128) => 2, [128,256) => 2, [256,512) => 3853
   Buffers: shared hit=670 read=1879
 Settings: enable_bitmapscan = 'off', enable_seqscan = 'off', max_parallel_workers_per_gather = '0'
 Planning:
   Buffers: shared hit=86 read=26
 Planning Time: 2.107 ms
 Execution Time: 18.789 ms
(12 rows)

SET
SET
SET
SET
SET
                                             QUERY PLAN                                             
----------------------------------------------------------------------------------------------------
 Index Scan using idx on public.t (actual rows=8192.00 loops=1)
   Output: a, b
   Index Cond: ((t.a >= 729) AND (t.a <= 2776))
   Index Searches: 1
   Buffers: shared hit=2549
 Settings: enable_bitmapscan = 'off', enable_seqscan = 'off', max_parallel_workers_per_gather = '0'
 Planning:
   Buffers: shared hit=117
 Planning Time: 0.175 ms
 Execution Time: 2.106 ms
(10 rows)

