SET
SET
SET
SET
SET
                                                                        QUERY PLAN                                                                        
----------------------------------------------------------------------------------------------------------------------------------------------------------
 Index Scan using idx on public.t (actual rows=6048576.00 loops=1)
   Output: a, b
   Index Cond: ((t.a >= 6856) AND (t.a <= 1518999))
   Index Searches: 1
   Prefetch: distance=253.351 count=1742645 stalls=137089 skipped=4180902 resets=0 ungets=12555 forwarded=6486
             histogram [2,4) => 2757, [4,8) => 193, [8,16) => 32, [16,32) => 26, [32,64) => 87, [64,128) => 906, [128,256) => 750854, [256,512) => 987790
   Buffers: shared hit=1790139 read=86255
 Settings: enable_bitmapscan = 'off', enable_seqscan = 'off', max_parallel_workers_per_gather = '0'
 Planning:
   Buffers: shared hit=82 read=26
 Planning Time: 2.052 ms
 Execution Time: 1467.227 ms
(12 rows)

SET
SET
SET
SET
SET
                                             QUERY PLAN                                             
----------------------------------------------------------------------------------------------------
 Index Scan using idx on public.t (actual rows=6048576.00 loops=1)
   Output: a, b
   Index Cond: ((t.a >= 6856) AND (t.a <= 1518999))
   Index Searches: 1
   Buffers: shared hit=1876395
 Settings: enable_bitmapscan = 'off', enable_seqscan = 'off', max_parallel_workers_per_gather = '0'
 Planning:
   Buffers: shared hit=113
 Planning Time: 0.229 ms
 Execution Time: 979.913 ms
(10 rows)

