SET
SET
SET
SET
SET
                                                                        QUERY PLAN                                                                        
----------------------------------------------------------------------------------------------------------------------------------------------------------
 Index Scan using idx on public.t (actual rows=5048576.00 loops=1)
   Output: a, b
   Index Cond: ((t.a >= 17035) AND (t.a <= 1279178))
   Index Searches: 1
   Prefetch: distance=253.235 count=1446386 stalls=124576 skipped=3489442 resets=0 ungets=12287 forwarded=5532
             histogram [2,4) => 2711, [4,8) => 191, [8,16) => 31, [16,32) => 25, [32,64) => 85, [64,128) => 906, [128,256) => 622366, [256,512) => 820071
   Buffers: shared hit=1492942 read=73439
 Settings: enable_bitmapscan = 'off', enable_seqscan = 'off', max_parallel_workers_per_gather = '0'
 Planning:
   Buffers: shared hit=82 read=26
 Planning Time: 2.052 ms
 Execution Time: 1236.781 ms
(12 rows)

SET
SET
SET
SET
SET
                                             QUERY PLAN                                             
----------------------------------------------------------------------------------------------------
 Index Scan using idx on public.t (actual rows=5048576.00 loops=1)
   Output: a, b
   Index Cond: ((t.a >= 17035) AND (t.a <= 1279178))
   Index Searches: 1
   Buffers: shared hit=1566381
 Settings: enable_bitmapscan = 'off', enable_seqscan = 'off', max_parallel_workers_per_gather = '0'
 Planning:
   Buffers: shared hit=113
 Planning Time: 0.218 ms
 Execution Time: 820.790 ms
(10 rows)

