SET
SET
SET
SET
SET
                                                                        QUERY PLAN                                                                        
----------------------------------------------------------------------------------------------------------------------------------------------------------
 Index Scan using idx on public.t (actual rows=2048576.00 loops=1)
   Output: a, b
   Index Cond: ((t.a >= 8642) AND (t.a <= 520785))
   Index Searches: 1
   Prefetch: distance=251.931 count=509094 stalls=134907 skipped=1415914 resets=0 ungets=11614 forwarded=2429
             histogram [2,4) => 2755, [4,8) => 193, [8,16) => 31, [16,32) => 25, [32,64) => 85, [64,128) => 832, [128,256) => 215127, [256,512) => 290046
   Buffers: shared hit=602251 read=33288
 Settings: enable_bitmapscan = 'off', enable_seqscan = 'off', max_parallel_workers_per_gather = '0'
 Planning:
   Buffers: shared hit=82 read=26
 Planning Time: 2.061 ms
 Execution Time: 545.864 ms
(12 rows)

SET
SET
SET
SET
SET
                                             QUERY PLAN                                             
----------------------------------------------------------------------------------------------------
 Index Scan using idx on public.t (actual rows=2048576.00 loops=1)
   Output: a, b
   Index Cond: ((t.a >= 8642) AND (t.a <= 520785))
   Index Searches: 1
   Buffers: shared hit=635539
 Settings: enable_bitmapscan = 'off', enable_seqscan = 'off', max_parallel_workers_per_gather = '0'
 Planning:
   Buffers: shared hit=113
 Planning Time: 0.183 ms
 Execution Time: 328.638 ms
(10 rows)

