SET
SET
SET
SET
SET
                                                                       QUERY PLAN                                                                        
---------------------------------------------------------------------------------------------------------------------------------------------------------
 Index Scan using idx on public.t (actual rows=1048576.00 loops=1)
   Output: a, b
   Index Cond: ((t.a >= 12817) AND (t.a <= 274960))
   Index Searches: 1
   Prefetch: distance=249.006 count=204991 stalls=129795 skipped=724852 resets=0 ungets=11333 forwarded=1429
             histogram [2,4) => 2739, [4,8) => 193, [8,16) => 32, [16,32) => 25, [32,64) => 85, [64,128) => 803, [128,256) => 82282, [256,512) => 118832
   Buffers: shared hit=304915 read=20193
 Settings: enable_bitmapscan = 'off', enable_seqscan = 'off', max_parallel_workers_per_gather = '0'
 Planning:
   Buffers: shared hit=82 read=26
 Planning Time: 2.084 ms
 Execution Time: 314.917 ms
(12 rows)

SET
SET
SET
SET
SET
                                             QUERY PLAN                                             
----------------------------------------------------------------------------------------------------
 Index Scan using idx on public.t (actual rows=1048576.00 loops=1)
   Output: a, b
   Index Cond: ((t.a >= 12817) AND (t.a <= 274960))
   Index Searches: 1
   Buffers: shared hit=325109
 Settings: enable_bitmapscan = 'off', enable_seqscan = 'off', max_parallel_workers_per_gather = '0'
 Planning:
   Buffers: shared hit=113
 Planning Time: 0.183 ms
 Execution Time: 169.374 ms
(10 rows)

