SET
SET
SET
SET
SET
                                                                        QUERY PLAN                                                                         
-----------------------------------------------------------------------------------------------------------------------------------------------------------
 Index Scan using idx on public.t (actual rows=7048576.00 loops=1)
   Output: a, b
   Index Cond: ((t.a >= 6014) AND (t.a <= 1768157))
   Index Searches: 1
   Prefetch: distance=253.494 count=2050407 stalls=138114 skipped=4872418 resets=0 ungets=12834 forwarded=7477
             histogram [2,4) => 2759, [4,8) => 193, [8,16) => 32, [16,32) => 25, [32,64) => 83, [64,128) => 906, [128,256) => 882541, [256,512) => 1163868
   Buffers: shared hit=2086921 read=99463
 Settings: enable_bitmapscan = 'off', enable_seqscan = 'off', max_parallel_workers_per_gather = '0'
 Planning:
   Buffers: shared hit=82 read=26
 Planning Time: 2.115 ms
 Execution Time: 1717.256 ms
(12 rows)

SET
SET
SET
SET
SET
                                             QUERY PLAN                                             
----------------------------------------------------------------------------------------------------
 Index Scan using idx on public.t (actual rows=7048576.00 loops=1)
   Output: a, b
   Index Cond: ((t.a >= 6014) AND (t.a <= 1768157))
   Index Searches: 1
   Buffers: shared hit=2186384
 Settings: enable_bitmapscan = 'off', enable_seqscan = 'off', max_parallel_workers_per_gather = '0'
 Planning:
   Buffers: shared hit=113
 Planning Time: 0.226 ms
 Execution Time: 1137.589 ms
(10 rows)

