SET
SET
SET
SET
SET
                                                                         QUERY PLAN                                                                         
------------------------------------------------------------------------------------------------------------------------------------------------------------
 Index Scan using idx on public.t (actual rows=8048576.00 loops=1)
   Output: a, b
   Index Cond: ((t.a >= 20926) AND (t.a <= 2033069))
   Index Searches: 1
   Prefetch: distance=253.591 count=2378143 stalls=119810 skipped=5563797 resets=0 ungets=13177 forwarded=8615
             histogram [2,4) => 2691, [4,8) => 190, [8,16) => 32, [16,32) => 25, [32,64) => 84, [64,128) => 928, [128,256) => 1025150, [256,512) => 1349043
   Buffers: shared hit=2383457 read=113374
 Settings: enable_bitmapscan = 'off', enable_seqscan = 'off', max_parallel_workers_per_gather = '0'
 Planning:
   Buffers: shared hit=82 read=26
 Planning Time: 2.043 ms
 Execution Time: 1921.234 ms
(12 rows)

SET
SET
SET
SET
SET
                                             QUERY PLAN                                             
----------------------------------------------------------------------------------------------------
 Index Scan using idx on public.t (actual rows=8048576.00 loops=1)
   Output: a, b
   Index Cond: ((t.a >= 20926) AND (t.a <= 2033069))
   Index Searches: 1
   Buffers: shared hit=2496831
 Settings: enable_bitmapscan = 'off', enable_seqscan = 'off', max_parallel_workers_per_gather = '0'
 Planning:
   Buffers: shared hit=113
 Planning Time: 0.215 ms
 Execution Time: 1294.775 ms
(10 rows)

