SET
SET
SET
SET
SET
                                                                        QUERY PLAN                                                                        
----------------------------------------------------------------------------------------------------------------------------------------------------------
 Index Scan using idx on public.t (actual rows=3048576.00 loops=1)
   Output: a, b
   Index Cond: ((t.a >= 26043) AND (t.a <= 788186))
   Index Searches: 1
   Prefetch: distance=252.768 count=839360 stalls=113566 skipped=2107014 resets=0 ungets=11775 forwarded=3517
             histogram [2,4) => 2638, [4,8) => 186, [8,16) => 31, [16,32) => 26, [32,64) => 83, [64,128) => 832, [128,256) => 358784, [256,512) => 476780
   Buffers: shared hit=898526 read=47313
 Settings: enable_bitmapscan = 'off', enable_seqscan = 'off', max_parallel_workers_per_gather = '0'
 Planning:
   Buffers: shared hit=82 read=22
 Planning Time: 1.774 ms
 Execution Time: 787.156 ms
(12 rows)

SET
SET
SET
SET
SET
                                             QUERY PLAN                                             
----------------------------------------------------------------------------------------------------
 Index Scan using idx on public.t (actual rows=3048576.00 loops=1)
   Output: a, b
   Index Cond: ((t.a >= 26043) AND (t.a <= 788186))
   Index Searches: 1
   Buffers: shared hit=945840
 Settings: enable_bitmapscan = 'off', enable_seqscan = 'off', max_parallel_workers_per_gather = '0'
 Planning:
   Buffers: shared hit=109
 Planning Time: 0.206 ms
 Execution Time: 491.890 ms
(10 rows)

