SET
SET
SET
SET
SET
                                                                        QUERY PLAN                                                                        
----------------------------------------------------------------------------------------------------------------------------------------------------------
 Index Scan using idx on public.t (actual rows=2048576.00 loops=1)
   Output: a, b
   Index Cond: ((t.a >= 4498) AND (t.a <= 516641))
   Index Searches: 1
   Prefetch: distance=251.926 count=503864 stalls=139967 skipped=1415906 resets=0 ungets=11560 forwarded=2418
             histogram [2,4) => 2763, [4,8) => 193, [8,16) => 32, [16,32) => 25, [32,64) => 86, [64,128) => 833, [128,256) => 212522, [256,512) => 287410
   Buffers: shared hit=602378 read=33092
 Settings: enable_bitmapscan = 'off', enable_seqscan = 'off', max_parallel_workers_per_gather = '0'
 Planning:
   Buffers: shared hit=82 read=26
 Planning Time: 2.059 ms
 Execution Time: 543.580 ms
(12 rows)

SET
SET
SET
SET
SET
                                             QUERY PLAN                                             
----------------------------------------------------------------------------------------------------
 Index Scan using idx on public.t (actual rows=2048576.00 loops=1)
   Output: a, b
   Index Cond: ((t.a >= 4498) AND (t.a <= 516641))
   Index Searches: 1
   Buffers: shared hit=635470
 Settings: enable_bitmapscan = 'off', enable_seqscan = 'off', max_parallel_workers_per_gather = '0'
 Planning:
   Buffers: shared hit=113
 Planning Time: 0.212 ms
 Execution Time: 327.964 ms
(10 rows)

