SET
SET
SET
SET
SET
                                                                        QUERY PLAN                                                                        
----------------------------------------------------------------------------------------------------------------------------------------------------------
 Index Scan using idx on public.t (actual rows=4048576.00 loops=1)
   Output: a, b
   Index Cond: ((t.a >= 30593) AND (t.a <= 1042736))
   Index Searches: 1
   Prefetch: distance=253.100 count=1154204 stalls=107946 skipped=2797972 resets=0 ungets=12125 forwarded=4581
             histogram [2,4) => 2584, [4,8) => 180, [8,16) => 32, [16,32) => 31, [32,64) => 81, [64,128) => 832, [128,256) => 495490, [256,512) => 654974
   Buffers: shared hit=1195483 read=60778
 Settings: enable_bitmapscan = 'off', enable_seqscan = 'off', max_parallel_workers_per_gather = '0'
 Planning:
   Buffers: shared hit=82 read=22
 Planning Time: 1.772 ms
 Execution Time: 1014.039 ms
(12 rows)

SET
SET
SET
SET
SET
                                             QUERY PLAN                                             
----------------------------------------------------------------------------------------------------
 Index Scan using idx on public.t (actual rows=4048576.00 loops=1)
   Output: a, b
   Index Cond: ((t.a >= 30593) AND (t.a <= 1042736))
   Index Searches: 1
   Buffers: shared hit=1256261
 Settings: enable_bitmapscan = 'off', enable_seqscan = 'off', max_parallel_workers_per_gather = '0'
 Planning:
   Buffers: shared hit=109
 Planning Time: 0.206 ms
 Execution Time: 655.255 ms
(10 rows)

