SET
SET
SET
SET
SET
                                                                QUERY PLAN                                                                
------------------------------------------------------------------------------------------------------------------------------------------
 Index Scan using idx on public.t (actual rows=32768.00 loops=1)
   Output: a, b
   Index Cond: ((t.a >= 26138) AND (t.a <= 34329))
   Index Searches: 1
   Prefetch: distance=270.562 count=14516 stalls=1 skipped=22365 resets=0 ungets=4449 forwarded=296
             histogram [2,4) => 2, [4,8) => 3, [8,16) => 5, [16,32) => 9, [32,64) => 7, [64,128) => 2, [128,256) => 5, [256,512) => 14483
   Buffers: shared hit=4911 read=5307
 Settings: enable_bitmapscan = 'off', enable_seqscan = 'off', max_parallel_workers_per_gather = '0'
 Planning:
   Buffers: shared hit=82 read=22
 Planning Time: 1.769 ms
 Execution Time: 39.162 ms
(12 rows)

SET
SET
SET
SET
SET
                                             QUERY PLAN                                             
----------------------------------------------------------------------------------------------------
 Index Scan using idx on public.t (actual rows=32768.00 loops=1)
   Output: a, b
   Index Cond: ((t.a >= 26138) AND (t.a <= 34329))
   Index Searches: 1
   Buffers: shared hit=10219
 Settings: enable_bitmapscan = 'off', enable_seqscan = 'off', max_parallel_workers_per_gather = '0'
 Planning:
   Buffers: shared hit=109
 Planning Time: 0.163 ms
 Execution Time: 6.286 ms
(10 rows)

