SET
SET
SET
SET
SET
                                                                       QUERY PLAN                                                                        
---------------------------------------------------------------------------------------------------------------------------------------------------------
 Index Scan using idx on public.t (actual rows=1048576.00 loops=1)
   Output: a, b
   Index Cond: ((t.a >= 14296) AND (t.a <= 276439))
   Index Searches: 1
   Prefetch: distance=249.076 count=206858 stalls=127950 skipped=724952 resets=0 ungets=11359 forwarded=1417
             histogram [2,4) => 2731, [4,8) => 192, [8,16) => 31, [16,32) => 25, [32,64) => 85, [64,128) => 803, [128,256) => 83039, [256,512) => 119952
   Buffers: shared hit=304809 read=20272
 Settings: enable_bitmapscan = 'off', enable_seqscan = 'off', max_parallel_workers_per_gather = '0'
 Planning:
   Buffers: shared hit=82 read=26
 Planning Time: 2.080 ms
 Execution Time: 312.931 ms
(12 rows)

SET
SET
SET
SET
SET
                                             QUERY PLAN                                             
----------------------------------------------------------------------------------------------------
 Index Scan using idx on public.t (actual rows=1048576.00 loops=1)
   Output: a, b
   Index Cond: ((t.a >= 14296) AND (t.a <= 276439))
   Index Searches: 1
   Buffers: shared hit=325081
 Settings: enable_bitmapscan = 'off', enable_seqscan = 'off', max_parallel_workers_per_gather = '0'
 Planning:
   Buffers: shared hit=113
 Planning Time: 0.181 ms
 Execution Time: 170.797 ms
(10 rows)

