SET
SET
SET
SET
SET
                                                                  QUERY PLAN                                                                   
-----------------------------------------------------------------------------------------------------------------------------------------------
 Index Scan using idx on public.t (actual rows=131072.00 loops=1)
   Output: a, b
   Index Cond: ((t.a >= 29386) AND (t.a <= 62153))
   Index Searches: 1
   Prefetch: distance=261.773 count=47604 stalls=1 skipped=90527 resets=0 ungets=7135 forwarded=718
             histogram [2,4) => 2, [4,8) => 4, [8,16) => 5, [16,32) => 9, [32,64) => 10, [64,128) => 56, [128,256) => 9107, [256,512) => 38411
   Buffers: shared hit=32018 read=8674
 Settings: enable_bitmapscan = 'off', enable_seqscan = 'off', max_parallel_workers_per_gather = '0'
 Planning:
   Buffers: shared hit=82 read=22
 Planning Time: 1.783 ms
 Execution Time: 60.409 ms
(12 rows)

SET
SET
SET
SET
SET
                                             QUERY PLAN                                             
----------------------------------------------------------------------------------------------------
 Index Scan using idx on public.t (actual rows=131072.00 loops=1)
   Output: a, b
   Index Cond: ((t.a >= 29386) AND (t.a <= 62153))
   Index Searches: 1
   Buffers: shared hit=40692
 Settings: enable_bitmapscan = 'off', enable_seqscan = 'off', max_parallel_workers_per_gather = '0'
 Planning:
   Buffers: shared hit=109
 Planning Time: 0.166 ms
 Execution Time: 19.290 ms
(10 rows)

