SET
SET
SET
SET
SET
                                                                      QUERY PLAN                                                                      
------------------------------------------------------------------------------------------------------------------------------------------------------
 Index Scan using idx on public.t (actual rows=262144.00 loops=1)
   Output: a, b
   Index Cond: ((t.a >= 8861) AND (t.a <= 74396))
   Index Searches: 1
   Prefetch: distance=256.982 count=54038 stalls=34335 skipped=180962 resets=0 ungets=7474 forwarded=713
             histogram [2,4) => 331, [4,8) => 27, [8,16) => 15, [16,32) => 37, [32,64) => 47, [64,128) => 294, [128,256) => 12246, [256,512) => 41041
   Buffers: shared hit=71764 read=9619
 Settings: enable_bitmapscan = 'off', enable_seqscan = 'off', max_parallel_workers_per_gather = '0'
 Planning:
   Buffers: shared hit=82 read=26
 Planning Time: 2.085 ms
 Execution Time: 93.145 ms
(12 rows)

SET
SET
SET
SET
SET
                                             QUERY PLAN                                             
----------------------------------------------------------------------------------------------------
 Index Scan using idx on public.t (actual rows=262144.00 loops=1)
   Output: a, b
   Index Cond: ((t.a >= 8861) AND (t.a <= 74396))
   Index Searches: 1
   Buffers: shared hit=81383
 Settings: enable_bitmapscan = 'off', enable_seqscan = 'off', max_parallel_workers_per_gather = '0'
 Planning:
   Buffers: shared hit=113
 Planning Time: 0.192 ms
 Execution Time: 37.958 ms
(10 rows)

