SET
SET
SET
SET
SET
                                                                        QUERY PLAN                                                                        
----------------------------------------------------------------------------------------------------------------------------------------------------------
 Index Scan using idx on public.t (actual rows=6048576.00 loops=1)
   Output: a, b
   Index Cond: ((t.a >= 13592) AND (t.a <= 1525735))
   Index Searches: 1
   Prefetch: distance=253.367 count=1751191 stalls=128823 skipped=4181151 resets=0 ungets=12640 forwarded=6526
             histogram [2,4) => 2731, [4,8) => 193, [8,16) => 31, [16,32) => 26, [32,64) => 89, [64,128) => 906, [128,256) => 753974, [256,512) => 993241
   Buffers: shared hit=1789884 read=86568
 Settings: enable_bitmapscan = 'off', enable_seqscan = 'off', max_parallel_workers_per_gather = '0'
 Planning:
   Buffers: shared hit=82 read=26
 Planning Time: 2.059 ms
 Execution Time: 1457.792 ms
(12 rows)

SET
SET
SET
SET
SET
                                             QUERY PLAN                                             
----------------------------------------------------------------------------------------------------
 Index Scan using idx on public.t (actual rows=6048576.00 loops=1)
   Output: a, b
   Index Cond: ((t.a >= 13592) AND (t.a <= 1525735))
   Index Searches: 1
   Buffers: shared hit=1876452
 Settings: enable_bitmapscan = 'off', enable_seqscan = 'off', max_parallel_workers_per_gather = '0'
 Planning:
   Buffers: shared hit=113
 Planning Time: 0.330 ms
 Execution Time: 974.222 ms
(10 rows)

