SET
SET
SET
SET
SET
                                                                        QUERY PLAN                                                                         
-----------------------------------------------------------------------------------------------------------------------------------------------------------
 Index Scan using idx on public.t (actual rows=7048576.00 loops=1)
   Output: a, b
   Index Cond: ((t.a >= 1456) AND (t.a <= 1763599))
   Index Searches: 1
   Prefetch: distance=253.494 count=2044886 stalls=143743 skipped=4872506 resets=0 ungets=12834 forwarded=7465
             histogram [2,4) => 2767, [4,8) => 193, [8,16) => 32, [16,32) => 25, [32,64) => 84, [64,128) => 906, [128,256) => 880195, [256,512) => 1160684
   Buffers: shared hit=2087185 read=99248
 Settings: enable_bitmapscan = 'off', enable_seqscan = 'off', max_parallel_workers_per_gather = '0'
 Planning:
   Buffers: shared hit=82 read=26
 Planning Time: 2.067 ms
 Execution Time: 1701.358 ms
(12 rows)

SET
SET
SET
SET
SET
                                             QUERY PLAN                                             
----------------------------------------------------------------------------------------------------
 Index Scan using idx on public.t (actual rows=7048576.00 loops=1)
   Output: a, b
   Index Cond: ((t.a >= 1456) AND (t.a <= 1763599))
   Index Searches: 1
   Buffers: shared hit=2186433
 Settings: enable_bitmapscan = 'off', enable_seqscan = 'off', max_parallel_workers_per_gather = '0'
 Planning:
   Buffers: shared hit=113
 Planning Time: 0.217 ms
 Execution Time: 1139.831 ms
(10 rows)

