SET
SET
SET
SET
SET
                                                                QUERY PLAN                                                                
------------------------------------------------------------------------------------------------------------------------------------------
 Index Scan using idx on public.t (actual rows=8192.00 loops=1)
   Output: a, b
   Index Cond: ((t.a >= '-6991'::integer) AND (t.a <= '-4944'::integer))
   Index Searches: 1
   Prefetch: distance=269.757 count=3843 stalls=1 skipped=5288 resets=0 ungets=1475 forwarded=55
             histogram [2,4) => 2, [4,8) => 3, [8,16) => 12, [16,32) => 9, [32,64) => 3, [64,128) => 2, [128,256) => 2, [256,512) => 3810
   Buffers: shared hit=602 read=1949
 Settings: enable_bitmapscan = 'off', enable_seqscan = 'off', max_parallel_workers_per_gather = '0'
 Planning:
   Buffers: shared hit=82 read=27
 Planning Time: 2.189 ms
 Execution Time: 22.278 ms
(12 rows)

SET
SET
SET
SET
SET
                                             QUERY PLAN                                             
----------------------------------------------------------------------------------------------------
 Index Scan using idx on public.t (actual rows=8192.00 loops=1)
   Output: a, b
   Index Cond: ((t.a >= '-6991'::integer) AND (t.a <= '-4944'::integer))
   Index Searches: 1
   Buffers: shared hit=2551
 Settings: enable_bitmapscan = 'off', enable_seqscan = 'off', max_parallel_workers_per_gather = '0'
 Planning:
   Buffers: shared hit=114
 Planning Time: 0.211 ms
 Execution Time: 2.187 ms
(10 rows)

