SET
SET
SET
SET
SET
                                                                QUERY PLAN                                                                
------------------------------------------------------------------------------------------------------------------------------------------
 Index Scan using idx on public.t (actual rows=2048.00 loops=1)
   Output: a, b
   Index Cond: ((t.a >= '-15900'::integer) AND (t.a <= '-15389'::integer))
   Index Searches: 1
   Prefetch: distance=264.133 count=1044 stalls=1 skipped=1337 resets=0 ungets=433 forwarded=5
             histogram [2,4) => 2, [4,8) => 3, [8,16) => 6, [16,32) => 10, [32,64) => 8, [64,128) => 2, [128,256) => 2, [256,512) => 1011
   Buffers: shared hit=57 read=594
 Settings: enable_bitmapscan = 'off', enable_seqscan = 'off', max_parallel_workers_per_gather = '0'
 Planning:
   Buffers: shared hit=82 read=27
 Planning Time: 1.512 ms
 Execution Time: 5.864 ms
(12 rows)

SET
SET
SET
SET
SET
                                             QUERY PLAN                                             
----------------------------------------------------------------------------------------------------
 Index Scan using idx on public.t (actual rows=2048.00 loops=1)
   Output: a, b
   Index Cond: ((t.a >= '-15900'::integer) AND (t.a <= '-15389'::integer))
   Index Searches: 1
   Buffers: shared hit=651
 Settings: enable_bitmapscan = 'off', enable_seqscan = 'off', max_parallel_workers_per_gather = '0'
 Planning:
   Buffers: shared hit=114
 Planning Time: 0.196 ms
 Execution Time: 0.702 ms
(10 rows)

