SET
SET
SET
SET
SET
                                                                     QUERY PLAN                                                                     
----------------------------------------------------------------------------------------------------------------------------------------------------
 Index Scan using idx on public.t (actual rows=131072.00 loops=1)
   Output: a, b
   Index Cond: ((t.a >= '-33531'::integer) AND (t.a <= '-764'::integer))
   Index Searches: 1
   Prefetch: distance=258.238 count=44138 stalls=2105 skipped=90260 resets=0 ungets=5914 forwarded=573
             histogram [2,4) => 48, [4,8) => 7, [8,16) => 13, [16,32) => 29, [32,64) => 39, [64,128) => 207, [128,256) => 10090, [256,512) => 33705
   Buffers: shared hit=33209 read=7469
 Settings: enable_bitmapscan = 'off', enable_seqscan = 'off', max_parallel_workers_per_gather = '0'
 Planning:
   Buffers: shared hit=82 read=27
 Planning Time: 2.174 ms
 Execution Time: 59.107 ms
(12 rows)

SET
SET
SET
SET
SET
                                             QUERY PLAN                                             
----------------------------------------------------------------------------------------------------
 Index Scan using idx on public.t (actual rows=131072.00 loops=1)
   Output: a, b
   Index Cond: ((t.a >= '-33531'::integer) AND (t.a <= '-764'::integer))
   Index Searches: 1
   Buffers: shared hit=40679
 Settings: enable_bitmapscan = 'off', enable_seqscan = 'off', max_parallel_workers_per_gather = '0'
 Planning:
   Buffers: shared hit=114
 Planning Time: 0.215 ms
 Execution Time: 16.981 ms
(10 rows)

