SET
SET
SET
SET
SET
                                                                        QUERY PLAN                                                                        
----------------------------------------------------------------------------------------------------------------------------------------------------------
 Index Scan using idx on public.t (actual rows=3048576.00 loops=1)
   Output: a, b
   Index Cond: ((t.a >= '-763008'::integer) AND (t.a <= '-865'::integer))
   Index Searches: 1
   Prefetch: distance=252.632 count=793351 stalls=159587 skipped=2106765 resets=0 ungets=11694 forwarded=3496
             histogram [2,4) => 3386, [4,8) => 265, [8,16) => 16, [16,32) => 39, [32,64) => 50, [64,128) => 542, [128,256) => 337062, [256,512) => 451991
   Buffers: shared hit=899805 read=46175
 Settings: enable_bitmapscan = 'off', enable_seqscan = 'off', max_parallel_workers_per_gather = '0'
 Planning:
   Buffers: shared hit=78 read=27
 Planning Time: 2.158 ms
 Execution Time: 722.661 ms
(12 rows)

SET
SET
SET
SET
SET
                                             QUERY PLAN                                             
----------------------------------------------------------------------------------------------------
 Index Scan using idx on public.t (actual rows=3048576.00 loops=1)
   Output: a, b
   Index Cond: ((t.a >= '-763008'::integer) AND (t.a <= '-865'::integer))
   Index Searches: 1
   Buffers: shared hit=945981
 Settings: enable_bitmapscan = 'off', enable_seqscan = 'off', max_parallel_workers_per_gather = '0'
 Planning:
   Buffers: shared hit=110
 Planning Time: 0.221 ms
 Execution Time: 487.394 ms
(10 rows)

