SET
SET
SET
SET
SET
                                                                        QUERY PLAN                                                                        
----------------------------------------------------------------------------------------------------------------------------------------------------------
 Index Scan using idx on public.t (actual rows=2048576.00 loops=1)
   Output: a, b
   Index Cond: ((t.a >= '-535256'::integer) AND (t.a <= '-23113'::integer))
   Index Searches: 1
   Prefetch: distance=252.028 count=512065 stalls=132209 skipped=1415903 resets=0 ungets=11644 forwarded=2553
             histogram [2,4) => 3284, [4,8) => 263, [8,16) => 16, [16,32) => 34, [32,64) => 50, [64,128) => 542, [128,256) => 214118, [256,512) => 293758
   Buffers: shared hit=601791 read=33925
 Settings: enable_bitmapscan = 'off', enable_seqscan = 'off', max_parallel_workers_per_gather = '0'
 Planning:
   Buffers: shared hit=78 read=27
 Planning Time: 2.126 ms
 Execution Time: 506.785 ms
(12 rows)

SET
SET
SET
SET
SET
                                             QUERY PLAN                                             
----------------------------------------------------------------------------------------------------
 Index Scan using idx on public.t (actual rows=2048576.00 loops=1)
   Output: a, b
   Index Cond: ((t.a >= '-535256'::integer) AND (t.a <= '-23113'::integer))
   Index Searches: 1
   Buffers: shared hit=635716
 Settings: enable_bitmapscan = 'off', enable_seqscan = 'off', max_parallel_workers_per_gather = '0'
 Planning:
   Buffers: shared hit=110
 Planning Time: 0.182 ms
 Execution Time: 328.918 ms
(10 rows)

