SET
SET
SET
SET
SET
                                                                        QUERY PLAN                                                                        
----------------------------------------------------------------------------------------------------------------------------------------------------------
 Index Scan using idx on public.t (actual rows=4048576.00 loops=1)
   Output: a, b
   Index Cond: ((t.a >= '-1034009'::integer) AND (t.a <= '-21866'::integer))
   Index Searches: 1
   Prefetch: distance=253.010 count=1128438 stalls=133756 skipped=2797984 resets=0 ungets=12009 forwarded=4578
             histogram [2,4) => 3296, [4,8) => 264, [8,16) => 16, [16,32) => 35, [32,64) => 54, [64,128) => 574, [128,256) => 483297, [256,512) => 640902
   Buffers: shared hit=1195956 read=60418
 Settings: enable_bitmapscan = 'off', enable_seqscan = 'off', max_parallel_workers_per_gather = '0'
 Planning:
   Buffers: shared hit=78 read=27
 Planning Time: 2.123 ms
 Execution Time: 939.476 ms
(12 rows)

SET
SET
SET
SET
SET
                                             QUERY PLAN                                             
----------------------------------------------------------------------------------------------------
 Index Scan using idx on public.t (actual rows=4048576.00 loops=1)
   Output: a, b
   Index Cond: ((t.a >= '-1034009'::integer) AND (t.a <= '-21866'::integer))
   Index Searches: 1
   Buffers: shared hit=1256375
 Settings: enable_bitmapscan = 'off', enable_seqscan = 'off', max_parallel_workers_per_gather = '0'
 Planning:
   Buffers: shared hit=110
 Planning Time: 0.194 ms
 Execution Time: 652.963 ms
(10 rows)

