SET
SET
SET
SET
SET
                                                                 QUERY PLAN                                                                  
---------------------------------------------------------------------------------------------------------------------------------------------
 Index Scan using idx on public.t (actual rows=65536.00 loops=1)
   Output: a, b
   Index Cond: ((t.a >= '-24580'::integer) AND (t.a <= '-8197'::integer))
   Index Searches: 1
   Prefetch: distance=268.214 count=25771 stalls=1 skipped=45269 resets=0 ungets=5588 forwarded=467
             histogram [2,4) => 2, [4,8) => 4, [8,16) => 5, [16,32) => 9, [32,64) => 6, [64,128) => 2, [128,256) => 1314, [256,512) => 24429
   Buffers: shared hit=13846 read=6469
 Settings: enable_bitmapscan = 'off', enable_seqscan = 'off', max_parallel_workers_per_gather = '0'
 Planning:
   Buffers: shared hit=82 read=27
 Planning Time: 2.171 ms
 Execution Time: 37.608 ms
(12 rows)

SET
SET
SET
SET
SET
                                             QUERY PLAN                                             
----------------------------------------------------------------------------------------------------
 Index Scan using idx on public.t (actual rows=65536.00 loops=1)
   Output: a, b
   Index Cond: ((t.a >= '-24580'::integer) AND (t.a <= '-8197'::integer))
   Index Searches: 1
   Buffers: shared hit=20315
 Settings: enable_bitmapscan = 'off', enable_seqscan = 'off', max_parallel_workers_per_gather = '0'
 Planning:
   Buffers: shared hit=114
 Planning Time: 0.173 ms
 Execution Time: 8.673 ms
(10 rows)

