SET
SET
SET
SET
SET
                                                               QUERY PLAN                                                               
----------------------------------------------------------------------------------------------------------------------------------------
 Index Scan using idx on public.t (actual rows=512.00 loops=1)
   Output: a, b
   Index Cond: ((t.a >= '-11291'::integer) AND (t.a <= '-11164'::integer))
   Index Searches: 1
   Prefetch: distance=150.302 count=63 stalls=1 skipped=96 resets=0 ungets=15 forwarded=0
             histogram [2,4) => 2, [4,8) => 3, [8,16) => 6, [16,32) => 15, [32,64) => 3, [64,128) => 2, [128,256) => 2, [256,512) => 30
   Buffers: shared hit=6 read=168
 Settings: enable_bitmapscan = 'off', enable_seqscan = 'off', max_parallel_workers_per_gather = '0'
 Planning:
   Buffers: shared hit=82 read=27
 Planning Time: 1.036 ms
 Execution Time: 8.703 ms
(12 rows)

SET
SET
SET
SET
SET
                                             QUERY PLAN                                             
----------------------------------------------------------------------------------------------------
 Index Scan using idx on public.t (actual rows=512.00 loops=1)
   Output: a, b
   Index Cond: ((t.a >= '-11291'::integer) AND (t.a <= '-11164'::integer))
   Index Searches: 1
   Buffers: shared hit=174
 Settings: enable_bitmapscan = 'off', enable_seqscan = 'off', max_parallel_workers_per_gather = '0'
 Planning:
   Buffers: shared hit=114
 Planning Time: 0.195 ms
 Execution Time: 0.243 ms
(10 rows)

