SET
SET
SET
SET
SET
                                                                        QUERY PLAN                                                                        
----------------------------------------------------------------------------------------------------------------------------------------------------------
 Index Scan using idx on public.t (actual rows=3048576.00 loops=1)
   Output: a, b
   Index Cond: ((t.a >= '-763825'::integer) AND (t.a <= '-1682'::integer))
   Index Searches: 1
   Prefetch: distance=252.636 count=794406 stalls=158591 skipped=2106811 resets=0 ungets=11727 forwarded=3500
             histogram [2,4) => 3386, [4,8) => 265, [8,16) => 16, [16,32) => 35, [32,64) => 51, [64,128) => 542, [128,256) => 337385, [256,512) => 452726
   Buffers: shared hit=899775 read=46215
 Settings: enable_bitmapscan = 'off', enable_seqscan = 'off', max_parallel_workers_per_gather = '0'
 Planning:
   Buffers: shared hit=78 read=27
 Planning Time: 2.319 ms
 Execution Time: 717.888 ms
(12 rows)

SET
SET
SET
SET
SET
                                             QUERY PLAN                                             
----------------------------------------------------------------------------------------------------
 Index Scan using idx on public.t (actual rows=3048576.00 loops=1)
   Output: a, b
   Index Cond: ((t.a >= '-763825'::integer) AND (t.a <= '-1682'::integer))
   Index Searches: 1
   Buffers: shared hit=945991
 Settings: enable_bitmapscan = 'off', enable_seqscan = 'off', max_parallel_workers_per_gather = '0'
 Planning:
   Buffers: shared hit=110
 Planning Time: 0.245 ms
 Execution Time: 490.644 ms
(10 rows)

