SET
SET
SET
SET
SET
                                                               QUERY PLAN                                                                
-----------------------------------------------------------------------------------------------------------------------------------------
 Index Scan using idx on public.t (actual rows=16384.00 loops=1)
   Output: a, b
   Index Cond: ((t.a >= '-7049'::integer) AND (t.a <= '-2954'::integer))
   Index Searches: 1
   Prefetch: distance=270.650 count=7701 stalls=1 skipped=11247 resets=0 ungets=2664 forwarded=135
             histogram [2,4) => 2, [4,8) => 3, [8,16) => 5, [16,32) => 9, [32,64) => 4, [64,128) => 2, [128,256) => 2, [256,512) => 7674
   Buffers: shared hit=1903 read=3198
 Settings: enable_bitmapscan = 'off', enable_seqscan = 'off', max_parallel_workers_per_gather = '0'
 Planning:
   Buffers: shared hit=82 read=27
 Planning Time: 2.145 ms
 Execution Time: 21.196 ms
(12 rows)

SET
SET
SET
SET
SET
                                             QUERY PLAN                                             
----------------------------------------------------------------------------------------------------
 Index Scan using idx on public.t (actual rows=16384.00 loops=1)
   Output: a, b
   Index Cond: ((t.a >= '-7049'::integer) AND (t.a <= '-2954'::integer))
   Index Searches: 1
   Buffers: shared hit=5101
 Settings: enable_bitmapscan = 'off', enable_seqscan = 'off', max_parallel_workers_per_gather = '0'
 Planning:
   Buffers: shared hit=114
 Planning Time: 0.158 ms
 Execution Time: 1.991 ms
(10 rows)

