SET
SET
SET
SET
SET
                                                                         QUERY PLAN                                                                         
------------------------------------------------------------------------------------------------------------------------------------------------------------
 Index Scan using idx on public.t (actual rows=9048576.00 loops=1)
   Output: a, b
   Index Cond: ((t.a >= '-2278527'::integer) AND (t.a <= '-16384'::integer))
   Index Searches: 1
   Prefetch: distance=253.539 count=2666725 stalls=140404 skipped=6253933 resets=0 ungets=13029 forwarded=9520
             histogram [2,4) => 3336, [4,8) => 264, [8,16) => 16, [16,32) => 34, [32,64) => 49, [64,128) => 649, [128,256) => 1153464, [256,512) => 1508913
   Buffers: shared hit=2681406 read=126405
 Settings: enable_bitmapscan = 'off', enable_seqscan = 'off', max_parallel_workers_per_gather = '0'
 Planning:
   Buffers: shared hit=78 read=27
 Planning Time: 2.158 ms
 Execution Time: 1968.420 ms
(12 rows)

SET
SET
SET
SET
SET
                                             QUERY PLAN                                             
----------------------------------------------------------------------------------------------------
 Index Scan using idx on public.t (actual rows=9048576.00 loops=1)
   Output: a, b
   Index Cond: ((t.a >= '-2278527'::integer) AND (t.a <= '-16384'::integer))
   Index Searches: 1
   Buffers: shared hit=2807812
 Settings: enable_bitmapscan = 'off', enable_seqscan = 'off', max_parallel_workers_per_gather = '0'
 Planning:
   Buffers: shared hit=110
 Planning Time: 0.210 ms
 Execution Time: 1455.860 ms
(10 rows)

