SET
SET
SET
SET
SET
                                                                        QUERY PLAN                                                                         
-----------------------------------------------------------------------------------------------------------------------------------------------------------
 Index Scan using idx on public.t (actual rows=7048576.00 loops=1)
   Output: a, b
   Index Cond: ((t.a >= '-1784352'::integer) AND (t.a <= '-22209'::integer))
   Index Searches: 1
   Prefetch: distance=253.393 count=2056156 stalls=133336 skipped=4871259 resets=0 ungets=12630 forwarded=7598
             histogram [2,4) => 3294, [4,8) => 263, [8,16) => 17, [16,32) => 34, [32,64) => 51, [64,128) => 609, [128,256) => 888223, [256,512) => 1163665
   Buffers: shared hit=2087349 read=100211
 Settings: enable_bitmapscan = 'off', enable_seqscan = 'off', max_parallel_workers_per_gather = '0'
 Planning:
   Buffers: shared hit=78 read=27
 Planning Time: 2.152 ms
 Execution Time: 1543.673 ms
(12 rows)

SET
SET
SET
SET
SET
                                             QUERY PLAN                                             
----------------------------------------------------------------------------------------------------
 Index Scan using idx on public.t (actual rows=7048576.00 loops=1)
   Output: a, b
   Index Cond: ((t.a >= '-1784352'::integer) AND (t.a <= '-22209'::integer))
   Index Searches: 1
   Buffers: shared hit=2187562
 Settings: enable_bitmapscan = 'off', enable_seqscan = 'off', max_parallel_workers_per_gather = '0'
 Planning:
   Buffers: shared hit=110
 Planning Time: 0.223 ms
 Execution Time: 1147.427 ms
(10 rows)

