SET
SET
SET
SET
SET
                                                                         QUERY PLAN                                                                         
------------------------------------------------------------------------------------------------------------------------------------------------------------
 Index Scan using idx on public.t (actual rows=8048576.00 loops=1)
   Output: a, b
   Index Cond: ((t.a >= '-2015287'::integer) AND (t.a <= '-3144'::integer))
   Index Searches: 1
   Prefetch: distance=253.472 count=2341641 stalls=156761 skipped=5562613 resets=0 ungets=12790 forwarded=8482
             histogram [2,4) => 3386, [4,8) => 265, [8,16) => 16, [16,32) => 34, [32,64) => 52, [64,128) => 610, [128,256) => 1012241, [256,512) => 1325037
   Buffers: shared hit=2385170 read=112605
 Settings: enable_bitmapscan = 'off', enable_seqscan = 'off', max_parallel_workers_per_gather = '0'
 Planning:
   Buffers: shared hit=78 read=27
 Planning Time: 2.131 ms
 Execution Time: 1722.204 ms
(12 rows)

SET
SET
SET
SET
SET
                                             QUERY PLAN                                             
----------------------------------------------------------------------------------------------------
 Index Scan using idx on public.t (actual rows=8048576.00 loops=1)
   Output: a, b
   Index Cond: ((t.a >= '-2015287'::integer) AND (t.a <= '-3144'::integer))
   Index Searches: 1
   Buffers: shared hit=2497777
 Settings: enable_bitmapscan = 'off', enable_seqscan = 'off', max_parallel_workers_per_gather = '0'
 Planning:
   Buffers: shared hit=110
 Planning Time: 0.215 ms
 Execution Time: 1296.548 ms
(10 rows)

