SET
SET
SET
SET
SET
                                                               QUERY PLAN                                                                
-----------------------------------------------------------------------------------------------------------------------------------------
 Index Scan using idx on public.t (actual rows=1024.00 loops=1)
   Output: a, b
   Index Cond: ((t.a >= '-22371'::integer) AND (t.a <= '-22116'::integer))
   Index Searches: 1
   Prefetch: distance=236.159 count=214 stalls=1 skipped=290 resets=0 ungets=80 forwarded=2
             histogram [2,4) => 2, [4,8) => 7, [8,16) => 5, [16,32) => 11, [32,64) => 2, [64,128) => 2, [128,256) => 3, [256,512) => 182
   Buffers: shared hit=17 read=307
 Settings: enable_bitmapscan = 'off', enable_seqscan = 'off', max_parallel_workers_per_gather = '0'
 Planning:
   Buffers: shared hit=82 read=27
 Planning Time: 1.059 ms
 Execution Time: 13.685 ms
(12 rows)

SET
SET
SET
SET
SET
                                             QUERY PLAN                                             
----------------------------------------------------------------------------------------------------
 Index Scan using idx on public.t (actual rows=1024.00 loops=1)
   Output: a, b
   Index Cond: ((t.a >= '-22371'::integer) AND (t.a <= '-22116'::integer))
   Index Searches: 1
   Buffers: shared hit=324
 Settings: enable_bitmapscan = 'off', enable_seqscan = 'off', max_parallel_workers_per_gather = '0'
 Planning:
   Buffers: shared hit=114
 Planning Time: 0.165 ms
 Execution Time: 0.214 ms
(10 rows)

