SET
SET
SET
SET
SET
                                                                QUERY PLAN                                                                
------------------------------------------------------------------------------------------------------------------------------------------
 Index Scan using idx on public.t (actual rows=4096.00 loops=1)
   Output: a, b
   Index Cond: ((t.a >= '-30191'::integer) AND (t.a <= '-29168'::integer))
   Index Searches: 1
   Prefetch: distance=267.893 count=1900 stalls=1 skipped=2512 resets=0 ungets=800 forwarded=14
             histogram [2,4) => 2, [4,8) => 3, [8,16) => 5, [16,32) => 12, [32,64) => 7, [64,128) => 2, [128,256) => 3, [256,512) => 1866
   Buffers: shared hit=130 read=1130
 Settings: enable_bitmapscan = 'off', enable_seqscan = 'off', max_parallel_workers_per_gather = '0'
 Planning:
   Buffers: shared hit=82 read=27
 Planning Time: 1.866 ms
 Execution Time: 16.464 ms
(12 rows)

SET
SET
SET
SET
SET
                                             QUERY PLAN                                             
----------------------------------------------------------------------------------------------------
 Index Scan using idx on public.t (actual rows=4096.00 loops=1)
   Output: a, b
   Index Cond: ((t.a >= '-30191'::integer) AND (t.a <= '-29168'::integer))
   Index Searches: 1
   Buffers: shared hit=1260
 Settings: enable_bitmapscan = 'off', enable_seqscan = 'off', max_parallel_workers_per_gather = '0'
 Planning:
   Buffers: shared hit=114
 Planning Time: 0.216 ms
 Execution Time: 1.263 ms
(10 rows)

