SET
SET
SET
SET
SET
                                                                        QUERY PLAN                                                                        
----------------------------------------------------------------------------------------------------------------------------------------------------------
 Index Scan using idx on public.t (actual rows=4048576.00 loops=1)
   Output: a, b
   Index Cond: ((t.a >= '-1018643'::integer) AND (t.a <= '-6500'::integer))
   Index Searches: 1
   Prefetch: distance=252.974 count=1109472 stalls=152610 skipped=2798093 resets=0 ungets=11998 forwarded=4513
             histogram [2,4) => 3380, [4,8) => 265, [8,16) => 17, [16,32) => 34, [32,64) => 50, [64,128) => 574, [128,256) => 475030, [256,512) => 630122
   Buffers: shared hit=1196534 read=59735
 Settings: enable_bitmapscan = 'off', enable_seqscan = 'off', max_parallel_workers_per_gather = '0'
 Planning:
   Buffers: shared hit=78 read=27
 Planning Time: 2.152 ms
 Execution Time: 928.339 ms
(12 rows)

SET
SET
SET
SET
SET
                                             QUERY PLAN                                             
----------------------------------------------------------------------------------------------------
 Index Scan using idx on public.t (actual rows=4048576.00 loops=1)
   Output: a, b
   Index Cond: ((t.a >= '-1018643'::integer) AND (t.a <= '-6500'::integer))
   Index Searches: 1
   Buffers: shared hit=1256270
 Settings: enable_bitmapscan = 'off', enable_seqscan = 'off', max_parallel_workers_per_gather = '0'
 Planning:
   Buffers: shared hit=110
 Planning Time: 0.232 ms
 Execution Time: 655.946 ms
(10 rows)

