SET
SET
SET
SET
SET
                                                                        QUERY PLAN                                                                        
----------------------------------------------------------------------------------------------------------------------------------------------------------
 Index Scan using idx on public.t (actual rows=5048576.00 loops=1)
   Output: a, b
   Index Cond: ((t.a >= '-1283109'::integer) AND (t.a <= '-20966'::integer))
   Index Searches: 1
   Prefetch: distance=253.229 count=1436514 stalls=134864 skipped=3489319 resets=0 ungets=12272 forwarded=5583
             histogram [2,4) => 3302, [4,8) => 264, [8,16) => 16, [16,32) => 35, [32,64) => 53, [64,128) => 600, [128,256) => 616299, [256,512) => 815945
   Buffers: shared hit=1493095 read=73616
 Settings: enable_bitmapscan = 'off', enable_seqscan = 'off', max_parallel_workers_per_gather = '0'
 Planning:
   Buffers: shared hit=78 read=27
 Planning Time: 2.164 ms
 Execution Time: 1127.707 ms
(12 rows)

SET
SET
SET
SET
SET
                                             QUERY PLAN                                             
----------------------------------------------------------------------------------------------------
 Index Scan using idx on public.t (actual rows=5048576.00 loops=1)
   Output: a, b
   Index Cond: ((t.a >= '-1283109'::integer) AND (t.a <= '-20966'::integer))
   Index Searches: 1
   Buffers: shared hit=1566712
 Settings: enable_bitmapscan = 'off', enable_seqscan = 'off', max_parallel_workers_per_gather = '0'
 Planning:
   Buffers: shared hit=110
 Planning Time: 0.221 ms
 Execution Time: 820.813 ms
(10 rows)

