SET
SET
SET
SET
SET
                                                                        QUERY PLAN                                                                        
----------------------------------------------------------------------------------------------------------------------------------------------------------
 Index Scan using idx on public.t (actual rows=3048576.00 loops=1)
   Output: a, b
   Index Cond: ((t.a >= '-768830'::integer) AND (t.a <= '-6687'::integer))
   Index Searches: 1
   Prefetch: distance=252.649 count=800621 stalls=152378 skipped=2106878 resets=0 ungets=11776 forwarded=3473
             histogram [2,4) => 3378, [4,8) => 265, [8,16) => 17, [16,32) => 34, [32,64) => 53, [64,128) => 542, [128,256) => 340198, [256,512) => 456134
   Buffers: shared hit=899476 read=46466
 Settings: enable_bitmapscan = 'off', enable_seqscan = 'off', max_parallel_workers_per_gather = '0'
 Planning:
   Buffers: shared hit=78 read=27
 Planning Time: 2.180 ms
 Execution Time: 732.327 ms
(12 rows)

SET
SET
SET
SET
SET
                                             QUERY PLAN                                             
----------------------------------------------------------------------------------------------------
 Index Scan using idx on public.t (actual rows=3048576.00 loops=1)
   Output: a, b
   Index Cond: ((t.a >= '-768830'::integer) AND (t.a <= '-6687'::integer))
   Index Searches: 1
   Buffers: shared hit=945942
 Settings: enable_bitmapscan = 'off', enable_seqscan = 'off', max_parallel_workers_per_gather = '0'
 Planning:
   Buffers: shared hit=110
 Planning Time: 0.214 ms
 Execution Time: 502.168 ms
(10 rows)

