SET
SET
SET
SET
SET
                                                                        QUERY PLAN                                                                        
----------------------------------------------------------------------------------------------------------------------------------------------------------
 Index Scan using idx on public.t (actual rows=6048576.00 loops=1)
   Output: a, b
   Index Cond: ((t.a >= '-1513529'::integer) AND (t.a <= '-1386'::integer))
   Index Searches: 1
   Prefetch: distance=253.324 count=1721286 stalls=158954 skipped=4180003 resets=0 ungets=12326 forwarded=6459
             histogram [2,4) => 3386, [4,8) => 265, [8,16) => 16, [16,32) => 34, [32,64) => 49, [64,128) => 610, [128,256) => 740682, [256,512) => 976244
   Buffers: shared hit=1791174 read=86004
 Settings: enable_bitmapscan = 'off', enable_seqscan = 'off', max_parallel_workers_per_gather = '0'
 Planning:
   Buffers: shared hit=78 read=27
 Planning Time: 2.152 ms
 Execution Time: 1328.330 ms
(12 rows)

SET
SET
SET
SET
SET
                                             QUERY PLAN                                             
----------------------------------------------------------------------------------------------------
 Index Scan using idx on public.t (actual rows=6048576.00 loops=1)
   Output: a, b
   Index Cond: ((t.a >= '-1513529'::integer) AND (t.a <= '-1386'::integer))
   Index Searches: 1
   Buffers: shared hit=1877179
 Settings: enable_bitmapscan = 'off', enable_seqscan = 'off', max_parallel_workers_per_gather = '0'
 Planning:
   Buffers: shared hit=110
 Planning Time: 0.217 ms
 Execution Time: 982.957 ms
(10 rows)

