SET
SET
SET
SET
SET
                                                                       QUERY PLAN                                                                       
--------------------------------------------------------------------------------------------------------------------------------------------------------
 Index Scan using idx on public.t (actual rows=524288.00 loops=1)
   Output: a, b
   Index Cond: ((t.a >= '-159215'::integer) AND (t.a <= '-28144'::integer))
   Index Searches: 1
   Prefetch: distance=250.240 count=87399 stalls=84275 skipped=362261 resets=0 ungets=9862 forwarded=1051
             histogram [2,4) => 1705, [4,8) => 138, [8,16) => 17, [16,32) => 36, [32,64) => 65, [64,128) => 420, [128,256) => 25420, [256,512) => 59598
   Buffers: shared hit=148729 read=13940
 Settings: enable_bitmapscan = 'off', enable_seqscan = 'off', max_parallel_workers_per_gather = '0'
 Planning:
   Buffers: shared hit=78 read=27
 Planning Time: 2.156 ms
 Execution Time: 181.257 ms
(12 rows)

SET
SET
SET
SET
SET
                                             QUERY PLAN                                             
----------------------------------------------------------------------------------------------------
 Index Scan using idx on public.t (actual rows=524288.00 loops=1)
   Output: a, b
   Index Cond: ((t.a >= '-159215'::integer) AND (t.a <= '-28144'::integer))
   Index Searches: 1
   Buffers: shared hit=162669
 Settings: enable_bitmapscan = 'off', enable_seqscan = 'off', max_parallel_workers_per_gather = '0'
 Planning:
   Buffers: shared hit=110
 Planning Time: 0.221 ms
 Execution Time: 84.398 ms
(10 rows)

