SET
SET
SET
SET
SET
                                                                 QUERY PLAN                                                                 
--------------------------------------------------------------------------------------------------------------------------------------------
 Index Scan using idx on public.t (actual rows=32768.00 loops=1)
   Output: a, b
   Index Cond: ((t.a >= '-22666'::integer) AND (t.a <= '-14475'::integer))
   Index Searches: 1
   Prefetch: distance=270.390 count=14148 stalls=1 skipped=22411 resets=0 ungets=4235 forwarded=295
             histogram [2,4) => 2, [4,8) => 7, [8,16) => 10, [16,32) => 8, [32,64) => 2, [64,128) => 2, [128,256) => 27, [256,512) => 14090
   Buffers: shared hit=5073 read=5033
 Settings: enable_bitmapscan = 'off', enable_seqscan = 'off', max_parallel_workers_per_gather = '0'
 Planning:
   Buffers: shared hit=82 read=27
 Planning Time: 2.204 ms
 Execution Time: 38.550 ms
(12 rows)

SET
SET
SET
SET
SET
                                             QUERY PLAN                                             
----------------------------------------------------------------------------------------------------
 Index Scan using idx on public.t (actual rows=32768.00 loops=1)
   Output: a, b
   Index Cond: ((t.a >= '-22666'::integer) AND (t.a <= '-14475'::integer))
   Index Searches: 1
   Buffers: shared hit=10106
 Settings: enable_bitmapscan = 'off', enable_seqscan = 'off', max_parallel_workers_per_gather = '0'
 Planning:
   Buffers: shared hit=114
 Planning Time: 0.216 ms
 Execution Time: 7.239 ms
(10 rows)

