SET
SET
SET
SET
SET
                                                                  QUERY PLAN                                                                  
----------------------------------------------------------------------------------------------------------------------------------------------
 Index Scan using idx on public.t (actual rows=65536.00 loops=1)
   Output: a, b
   Index Cond: ((t.a >= '-20478'::integer) AND (t.a <= '-4095'::integer))
   Index Searches: 1
   Prefetch: distance=268.181 count=25461 stalls=1 skipped=45063 resets=0 ungets=5364 forwarded=479
             histogram [2,4) => 2, [4,8) => 3, [8,16) => 5, [16,32) => 15, [32,64) => 4, [64,128) => 2, [128,256) => 1182, [256,512) => 24248
   Buffers: shared hit=14057 read=6260
 Settings: enable_bitmapscan = 'off', enable_seqscan = 'off', max_parallel_workers_per_gather = '0'
 Planning:
   Buffers: shared hit=82 read=27
 Planning Time: 2.168 ms
 Execution Time: 42.804 ms
(12 rows)

SET
SET
SET
SET
SET
                                             QUERY PLAN                                             
----------------------------------------------------------------------------------------------------
 Index Scan using idx on public.t (actual rows=65536.00 loops=1)
   Output: a, b
   Index Cond: ((t.a >= '-20478'::integer) AND (t.a <= '-4095'::integer))
   Index Searches: 1
   Buffers: shared hit=20317
 Settings: enable_bitmapscan = 'off', enable_seqscan = 'off', max_parallel_workers_per_gather = '0'
 Planning:
   Buffers: shared hit=114
 Planning Time: 0.253 ms
 Execution Time: 12.172 ms
(10 rows)

