SET
SET
SET
SET
SET
                                                                      QUERY PLAN                                                                      
------------------------------------------------------------------------------------------------------------------------------------------------------
 Index Scan using idx on public.t (actual rows=262144.00 loops=1)
   Output: a, b
   Index Cond: ((t.a >= '-72997'::integer) AND (t.a <= '-7462'::integer))
   Index Searches: 1
   Prefetch: distance=252.646 count=58005 stalls=30274 skipped=181259 resets=0 ungets=7425 forwarded=754
             histogram [2,4) => 256, [4,8) => 13, [8,16) => 15, [16,32) => 38, [32,64) => 53, [64,128) => 755, [128,256) => 15551, [256,512) => 41324
   Buffers: shared hit=71718 read=9545
 Settings: enable_bitmapscan = 'off', enable_seqscan = 'off', max_parallel_workers_per_gather = '0'
 Planning:
   Buffers: shared hit=78 read=27
 Planning Time: 2.151 ms
 Execution Time: 82.023 ms
(12 rows)

SET
SET
SET
SET
SET
                                             QUERY PLAN                                             
----------------------------------------------------------------------------------------------------
 Index Scan using idx on public.t (actual rows=262144.00 loops=1)
   Output: a, b
   Index Cond: ((t.a >= '-72997'::integer) AND (t.a <= '-7462'::integer))
   Index Searches: 1
   Buffers: shared hit=81263
 Settings: enable_bitmapscan = 'off', enable_seqscan = 'off', max_parallel_workers_per_gather = '0'
 Planning:
   Buffers: shared hit=110
 Planning Time: 0.218 ms
 Execution Time: 38.044 ms
(10 rows)

