SET
SET
SET
SET
SET
                                                                       QUERY PLAN                                                                        
---------------------------------------------------------------------------------------------------------------------------------------------------------
 Index Scan using idx on public.t (actual rows=1048576.00 loops=1)
   Output: a, b
   Index Cond: ((t.a >= '-263018'::integer) AND (t.a <= '-875'::integer))
   Index Searches: 1
   Prefetch: distance=248.700 count=175210 stalls=159576 skipped=724403 resets=0 ungets=11212 forwarded=1384
             histogram [2,4) => 3386, [4,8) => 265, [8,16) => 16, [16,32) => 35, [32,64) => 49, [64,128) => 512, [128,256) => 66074, [256,512) => 104873
   Buffers: shared hit=305653 read=19677
 Settings: enable_bitmapscan = 'off', enable_seqscan = 'off', max_parallel_workers_per_gather = '0'
 Planning:
   Buffers: shared hit=78 read=27
 Planning Time: 2.162 ms
 Execution Time: 304.442 ms
(12 rows)

SET
SET
SET
SET
SET
                                             QUERY PLAN                                             
----------------------------------------------------------------------------------------------------
 Index Scan using idx on public.t (actual rows=1048576.00 loops=1)
   Output: a, b
   Index Cond: ((t.a >= '-263018'::integer) AND (t.a <= '-875'::integer))
   Index Searches: 1
   Buffers: shared hit=325331
 Settings: enable_bitmapscan = 'off', enable_seqscan = 'off', max_parallel_workers_per_gather = '0'
 Planning:
   Buffers: shared hit=110
 Planning Time: 0.190 ms
 Execution Time: 169.246 ms
(10 rows)

