SET
SET
SET
SET
SET
                                                                     QUERY PLAN                                                                      
-----------------------------------------------------------------------------------------------------------------------------------------------------
 Index Scan using idx on public.t (actual rows=131072.00 loops=1)
   Output: a, b
   Index Cond: ((t.a >= '-34441'::integer) AND (t.a <= '-1674'::integer))
   Index Searches: 1
   Prefetch: distance=255.991 count=45221 stalls=1258 skipped=90496 resets=0 ungets=6018 forwarded=569
             histogram [2,4) => 23, [4,8) => 8, [8,16) => 21, [16,32) => 39, [32,64) => 105, [64,128) => 472, [128,256) => 10591, [256,512) => 33962
   Buffers: shared hit=33196 read=7502
 Settings: enable_bitmapscan = 'off', enable_seqscan = 'off', max_parallel_workers_per_gather = '0'
 Planning:
   Buffers: shared hit=82 read=27
 Planning Time: 2.157 ms
 Execution Time: 52.465 ms
(12 rows)

SET
SET
SET
SET
SET
                                             QUERY PLAN                                             
----------------------------------------------------------------------------------------------------
 Index Scan using idx on public.t (actual rows=131072.00 loops=1)
   Output: a, b
   Index Cond: ((t.a >= '-34441'::integer) AND (t.a <= '-1674'::integer))
   Index Searches: 1
   Buffers: shared hit=40698
 Settings: enable_bitmapscan = 'off', enable_seqscan = 'off', max_parallel_workers_per_gather = '0'
 Planning:
   Buffers: shared hit=114
 Planning Time: 0.209 ms
 Execution Time: 21.177 ms
(10 rows)

