SET
SET
SET
SET
SET
                                                                        QUERY PLAN                                                                        
----------------------------------------------------------------------------------------------------------------------------------------------------------
 Index Scan using idx on public.t (actual rows=6048576.00 loops=1)
   Output: a, b
   Index Cond: ((t.a >= '-1513477'::integer) AND (t.a <= '-1334'::integer))
   Index Searches: 1
   Prefetch: distance=253.323 count=1721341 stalls=159016 skipped=4180149 resets=0 ungets=12381 forwarded=6454
             histogram [2,4) => 3386, [4,8) => 265, [8,16) => 16, [16,32) => 34, [32,64) => 49, [64,128) => 610, [128,256) => 740756, [256,512) => 976225
   Buffers: shared hit=1791176 read=86002
 Settings: enable_bitmapscan = 'off', enable_seqscan = 'off', max_parallel_workers_per_gather = '0'
 Planning:
   Buffers: shared hit=78 read=27
 Planning Time: 2.112 ms
 Execution Time: 1317.185 ms
(12 rows)

SET
SET
SET
SET
SET
                                             QUERY PLAN                                             
----------------------------------------------------------------------------------------------------
 Index Scan using idx on public.t (actual rows=6048576.00 loops=1)
   Output: a, b
   Index Cond: ((t.a >= '-1513477'::integer) AND (t.a <= '-1334'::integer))
   Index Searches: 1
   Buffers: shared hit=1877179
 Settings: enable_bitmapscan = 'off', enable_seqscan = 'off', max_parallel_workers_per_gather = '0'
 Planning:
   Buffers: shared hit=110
 Planning Time: 0.208 ms
 Execution Time: 965.716 ms
(10 rows)

