SET
SET
SET
SET
SET
                                                                        QUERY PLAN                                                                        
----------------------------------------------------------------------------------------------------------------------------------------------------------
 Index Scan using idx on public.t (actual rows=2048576.00 loops=1)
   Output: a, b
   Index Cond: ((t.a >= '-530239'::integer) AND (t.a <= '-18096'::integer))
   Index Searches: 1
   Prefetch: distance=251.976 count=506012 stalls=138349 skipped=1415944 resets=0 ungets=11744 forwarded=2508
             histogram [2,4) => 3322, [4,8) => 263, [8,16) => 16, [16,32) => 34, [32,64) => 50, [64,128) => 542, [128,256) => 211503, [256,512) => 290282
   Buffers: shared hit=601977 read=33717
 Settings: enable_bitmapscan = 'off', enable_seqscan = 'off', max_parallel_workers_per_gather = '0'
 Planning:
   Buffers: shared hit=78 read=27
 Planning Time: 2.333 ms
 Execution Time: 508.305 ms
(12 rows)

SET
SET
SET
SET
SET
                                             QUERY PLAN                                             
----------------------------------------------------------------------------------------------------
 Index Scan using idx on public.t (actual rows=2048576.00 loops=1)
   Output: a, b
   Index Cond: ((t.a >= '-530239'::integer) AND (t.a <= '-18096'::integer))
   Index Searches: 1
   Buffers: shared hit=635694
 Settings: enable_bitmapscan = 'off', enable_seqscan = 'off', max_parallel_workers_per_gather = '0'
 Planning:
   Buffers: shared hit=110
 Planning Time: 0.191 ms
 Execution Time: 327.274 ms
(10 rows)

