SET
SET
SET
SET
SET
                                                                         QUERY PLAN                                                                         
------------------------------------------------------------------------------------------------------------------------------------------------------------
 Index Scan using idx on public.t (actual rows=9048576.00 loops=1)
   Output: a, b
   Index Cond: ((t.a >= '-2269493'::integer) AND (t.a <= '-7350'::integer))
   Index Searches: 1
   Prefetch: distance=253.544 count=2655626 stalls=151563 skipped=6253903 resets=0 ungets=12995 forwarded=9427
             histogram [2,4) => 3376, [4,8) => 265, [8,16) => 16, [16,32) => 34, [32,64) => 48, [64,128) => 649, [128,256) => 1148008, [256,512) => 1503230
   Buffers: shared hit=2681862 read=126022
 Settings: enable_bitmapscan = 'off', enable_seqscan = 'off', max_parallel_workers_per_gather = '0'
 Planning:
   Buffers: shared hit=78 read=27
 Planning Time: 2.174 ms
 Execution Time: 1937.652 ms
(12 rows)

SET
SET
SET
SET
SET
                                             QUERY PLAN                                             
----------------------------------------------------------------------------------------------------
 Index Scan using idx on public.t (actual rows=9048576.00 loops=1)
   Output: a, b
   Index Cond: ((t.a >= '-2269493'::integer) AND (t.a <= '-7350'::integer))
   Index Searches: 1
   Buffers: shared hit=2807886
 Settings: enable_bitmapscan = 'off', enable_seqscan = 'off', max_parallel_workers_per_gather = '0'
 Planning:
   Buffers: shared hit=110
 Planning Time: 0.231 ms
 Execution Time: 1452.308 ms
(10 rows)

