SET
SET
SET
SET
SET
                                                                         QUERY PLAN                                                                         
------------------------------------------------------------------------------------------------------------------------------------------------------------
 Index Scan using idx on public.t (actual rows=8048576.00 loops=1)
   Output: a, b
   Index Cond: ((t.a >= '-2013347'::integer) AND (t.a <= '-1204'::integer))
   Index Searches: 1
   Prefetch: distance=253.471 count=2339057 stalls=159179 skipped=5562428 resets=0 ungets=12695 forwarded=8447
             histogram [2,4) => 3386, [4,8) => 265, [8,16) => 16, [16,32) => 34, [32,64) => 48, [64,128) => 610, [128,256) => 1011190, [256,512) => 1323508
   Buffers: shared hit=2385267 read=112508
 Settings: enable_bitmapscan = 'off', enable_seqscan = 'off', max_parallel_workers_per_gather = '0'
 Planning:
   Buffers: shared hit=78 read=27
 Planning Time: 2.164 ms
 Execution Time: 1721.760 ms
(12 rows)

SET
SET
SET
SET
SET
                                             QUERY PLAN                                             
----------------------------------------------------------------------------------------------------
 Index Scan using idx on public.t (actual rows=8048576.00 loops=1)
   Output: a, b
   Index Cond: ((t.a >= '-2013347'::integer) AND (t.a <= '-1204'::integer))
   Index Searches: 1
   Buffers: shared hit=2497775
 Settings: enable_bitmapscan = 'off', enable_seqscan = 'off', max_parallel_workers_per_gather = '0'
 Planning:
   Buffers: shared hit=110
 Planning Time: 0.217 ms
 Execution Time: 1283.582 ms
(10 rows)

