SET
SET
SET
SET
SET
                                                                        QUERY PLAN                                                                        
----------------------------------------------------------------------------------------------------------------------------------------------------------
 Index Scan using idx on public.t (actual rows=5048576.00 loops=1)
   Output: a, b
   Index Cond: ((t.a >= '-1287982'::integer) AND (t.a <= '-25839'::integer))
   Index Searches: 1
   Prefetch: distance=253.230 count=1442354 stalls=128865 skipped=3489245 resets=0 ungets=12159 forwarded=5574
             histogram [2,4) => 3262, [4,8) => 263, [8,16) => 16, [16,32) => 34, [32,64) => 51, [64,128) => 599, [128,256) => 619269, [256,512) => 818860
   Buffers: shared hit=1492886 read=73821
 Settings: enable_bitmapscan = 'off', enable_seqscan = 'off', max_parallel_workers_per_gather = '0'
 Planning:
   Buffers: shared hit=78 read=27
 Planning Time: 2.241 ms
 Execution Time: 1138.799 ms
(12 rows)

SET
SET
SET
SET
SET
                                             QUERY PLAN                                             
----------------------------------------------------------------------------------------------------
 Index Scan using idx on public.t (actual rows=5048576.00 loops=1)
   Output: a, b
   Index Cond: ((t.a >= '-1287982'::integer) AND (t.a <= '-25839'::integer))
   Index Searches: 1
   Buffers: shared hit=1566708
 Settings: enable_bitmapscan = 'off', enable_seqscan = 'off', max_parallel_workers_per_gather = '0'
 Planning:
   Buffers: shared hit=110
 Planning Time: 0.222 ms
 Execution Time: 811.668 ms
(10 rows)

