SET
SET
SET
SET
SET
                                                                        QUERY PLAN                                                                        
----------------------------------------------------------------------------------------------------------------------------------------------------------
 Index Scan using idx on public.t (actual rows=3048576.00 loops=1)
   Output: a, b
   Index Cond: ((t.a >= '-763371'::integer) AND (t.a <= '-1228'::integer))
   Index Searches: 1
   Prefetch: distance=252.641 count=794126 stalls=159152 skipped=2107141 resets=0 ungets=11858 forwarded=3502
             histogram [2,4) => 3386, [4,8) => 266, [8,16) => 16, [16,32) => 34, [32,64) => 49, [64,128) => 542, [128,256) => 337208, [256,512) => 452625
   Buffers: shared hit=899793 read=46200
 Settings: enable_bitmapscan = 'off', enable_seqscan = 'off', max_parallel_workers_per_gather = '0'
 Planning:
   Buffers: shared hit=78 read=27
 Planning Time: 2.144 ms
 Execution Time: 712.711 ms
(12 rows)

SET
SET
SET
SET
SET
                                             QUERY PLAN                                             
----------------------------------------------------------------------------------------------------
 Index Scan using idx on public.t (actual rows=3048576.00 loops=1)
   Output: a, b
   Index Cond: ((t.a >= '-763371'::integer) AND (t.a <= '-1228'::integer))
   Index Searches: 1
   Buffers: shared hit=945994
 Settings: enable_bitmapscan = 'off', enable_seqscan = 'off', max_parallel_workers_per_gather = '0'
 Planning:
   Buffers: shared hit=110
 Planning Time: 0.214 ms
 Execution Time: 488.140 ms
(10 rows)

