SET
SET
SET
SET
SET
                                             QUERY PLAN                                             
----------------------------------------------------------------------------------------------------
 Index Scan using idx on public.t (actual rows=8192.00 loops=1)
   Output: a, b
   Index Cond: ((t.a >= 20483) AND (t.a <= 22530))
   Index Searches: 1
   Prefetch: distance=2.114 count=765 stalls=6747 skipped=113 resets=0 ungets=0 forwarded=1
             histogram [2,4) => 736, [4,8) => 29
   Buffers: shared hit=7590 read=496
 Settings: enable_bitmapscan = 'off', enable_seqscan = 'off', max_parallel_workers_per_gather = '0'
 Planning:
   Buffers: shared hit=86 read=26
 Planning Time: 2.064 ms
 Execution Time: 31.749 ms
(12 rows)

SET
SET
SET
SET
SET
                                             QUERY PLAN                                             
----------------------------------------------------------------------------------------------------
 Index Scan using idx on public.t (actual rows=8192.00 loops=1)
   Output: a, b
   Index Cond: ((t.a >= 20483) AND (t.a <= 22530))
   Index Searches: 1
   Buffers: shared hit=8086
 Settings: enable_bitmapscan = 'off', enable_seqscan = 'off', max_parallel_workers_per_gather = '0'
 Planning:
   Buffers: shared hit=117
 Planning Time: 0.192 ms
 Execution Time: 1.449 ms
(10 rows)

