SET
SET
SET
SET
SET
                                                                  QUERY PLAN                                                                  
----------------------------------------------------------------------------------------------------------------------------------------------
 Index Scan using idx on public.t (actual rows=131072.00 loops=1)
   Output: a, b
   Index Cond: ((t.a >= '-53819'::integer) AND (t.a <= '-21052'::integer))
   Index Searches: 1
   Prefetch: distance=261.289 count=47139 stalls=1 skipped=90542 resets=0 ungets=6749 forwarded=681
             histogram [2,4) => 2, [4,8) => 4, [8,16) => 5, [16,32) => 9, [32,64) => 5, [64,128) => 20, [128,256) => 9915, [256,512) => 37179
   Buffers: shared hit=32301 read=8337
 Settings: enable_bitmapscan = 'off', enable_seqscan = 'off', max_parallel_workers_per_gather = '0'
 Planning:
   Buffers: shared hit=78 read=27
 Planning Time: 2.216 ms
 Execution Time: 57.264 ms
(12 rows)

SET
SET
SET
SET
SET
                                             QUERY PLAN                                             
----------------------------------------------------------------------------------------------------
 Index Scan using idx on public.t (actual rows=131072.00 loops=1)
   Output: a, b
   Index Cond: ((t.a >= '-53819'::integer) AND (t.a <= '-21052'::integer))
   Index Searches: 1
   Buffers: shared hit=40638
 Settings: enable_bitmapscan = 'off', enable_seqscan = 'off', max_parallel_workers_per_gather = '0'
 Planning:
   Buffers: shared hit=110
 Planning Time: 0.183 ms
 Execution Time: 21.330 ms
(10 rows)

