SET
SET
SET
SET
SET
                                                               QUERY PLAN                                                                
-----------------------------------------------------------------------------------------------------------------------------------------
 Index Scan using idx on public.t (actual rows=1024.00 loops=1)
   Output: a, b
   Index Cond: ((t.a >= '-26190'::integer) AND (t.a <= '-25935'::integer))
   Index Searches: 1
   Prefetch: distance=241.172 count=262 stalls=1 skipped=352 resets=0 ungets=102 forwarded=3
             histogram [2,4) => 2, [4,8) => 7, [8,16) => 10, [16,32) => 9, [32,64) => 2, [64,128) => 2, [128,256) => 2, [256,512) => 228
   Buffers: shared hit=14 read=308
 Settings: enable_bitmapscan = 'off', enable_seqscan = 'off', max_parallel_workers_per_gather = '0'
 Planning:
   Buffers: shared hit=82 read=27
 Planning Time: 1.041 ms
 Execution Time: 12.124 ms
(12 rows)

SET
SET
SET
SET
SET
                                             QUERY PLAN                                             
----------------------------------------------------------------------------------------------------
 Index Scan using idx on public.t (actual rows=1024.00 loops=1)
   Output: a, b
   Index Cond: ((t.a >= '-26190'::integer) AND (t.a <= '-25935'::integer))
   Index Searches: 1
   Buffers: shared hit=322
 Settings: enable_bitmapscan = 'off', enable_seqscan = 'off', max_parallel_workers_per_gather = '0'
 Planning:
   Buffers: shared hit=114
 Planning Time: 0.192 ms
 Execution Time: 0.401 ms
(10 rows)

