SET
SET
SET
SET
SET
                                                                      QUERY PLAN                                                                      
------------------------------------------------------------------------------------------------------------------------------------------------------
 Index Scan using idx on public.t (actual rows=262144.00 loops=1)
   Output: a, b
   Index Cond: ((t.a >= '-87126'::integer) AND (t.a <= '-21591'::integer))
   Index Searches: 1
   Prefetch: distance=256.594 count=57073 stalls=31498 skipped=180917 resets=0 ungets=7779 forwarded=793
             histogram [2,4) => 437, [4,8) => 28, [8,16) => 12, [16,32) => 33, [32,64) => 57, [64,128) => 297, [128,256) => 13008, [256,512) => 43201
   Buffers: shared hit=71159 read=10173
 Settings: enable_bitmapscan = 'off', enable_seqscan = 'off', max_parallel_workers_per_gather = '0'
 Planning:
   Buffers: shared hit=78 read=27
 Planning Time: 2.148 ms
 Execution Time: 98.435 ms
(12 rows)

SET
SET
SET
SET
SET
                                             QUERY PLAN                                             
----------------------------------------------------------------------------------------------------
 Index Scan using idx on public.t (actual rows=262144.00 loops=1)
   Output: a, b
   Index Cond: ((t.a >= '-87126'::integer) AND (t.a <= '-21591'::integer))
   Index Searches: 1
   Buffers: shared hit=81332
 Settings: enable_bitmapscan = 'off', enable_seqscan = 'off', max_parallel_workers_per_gather = '0'
 Planning:
   Buffers: shared hit=110
 Planning Time: 0.212 ms
 Execution Time: 39.358 ms
(10 rows)

