SET
SET
SET
SET
SET
                                                                QUERY PLAN                                                                 
-------------------------------------------------------------------------------------------------------------------------------------------
 Index Scan using idx on public.t (actual rows=32768.00 loops=1)
   Output: a, b
   Index Cond: ((t.a >= '-10819'::integer) AND (t.a <= '-2628'::integer))
   Index Searches: 1
   Prefetch: distance=270.186 count=13999 stalls=1 skipped=22250 resets=0 ungets=3965 forwarded=320
             histogram [2,4) => 2, [4,8) => 8, [8,16) => 7, [16,32) => 9, [32,64) => 2, [64,128) => 3, [128,256) => 65, [256,512) => 13903
   Buffers: shared hit=5467 read=4766
 Settings: enable_bitmapscan = 'off', enable_seqscan = 'off', max_parallel_workers_per_gather = '0'
 Planning:
   Buffers: shared hit=82 read=27
 Planning Time: 2.158 ms
 Execution Time: 36.770 ms
(12 rows)

SET
SET
SET
SET
SET
                                             QUERY PLAN                                             
----------------------------------------------------------------------------------------------------
 Index Scan using idx on public.t (actual rows=32768.00 loops=1)
   Output: a, b
   Index Cond: ((t.a >= '-10819'::integer) AND (t.a <= '-2628'::integer))
   Index Searches: 1
   Buffers: shared hit=10234
 Settings: enable_bitmapscan = 'off', enable_seqscan = 'off', max_parallel_workers_per_gather = '0'
 Planning:
   Buffers: shared hit=114
 Planning Time: 0.173 ms
 Execution Time: 4.130 ms
(10 rows)

