SET
SET
SET
SET
SET
                                                                       QUERY PLAN                                                                       
--------------------------------------------------------------------------------------------------------------------------------------------------------
 Index Scan using idx on public.t (actual rows=524288.00 loops=1)
   Output: a, b
   Index Cond: ((t.a >= '-153975'::integer) AND (t.a <= '-22904'::integer))
   Index Searches: 1
   Prefetch: distance=251.471 count=80613 stalls=90691 skipped=361984 resets=0 ungets=9631 forwarded=1029
             histogram [2,4) => 1764, [4,8) => 144, [8,16) => 19, [16,32) => 39, [32,64) => 60, [64,128) => 139, [128,256) => 21568, [256,512) => 56880
   Buffers: shared hit=148963 read=13697
 Settings: enable_bitmapscan = 'off', enable_seqscan = 'off', max_parallel_workers_per_gather = '0'
 Planning:
   Buffers: shared hit=78 read=27
 Planning Time: 2.191 ms
 Execution Time: 185.424 ms
(12 rows)

SET
SET
SET
SET
SET
                                             QUERY PLAN                                             
----------------------------------------------------------------------------------------------------
 Index Scan using idx on public.t (actual rows=524288.00 loops=1)
   Output: a, b
   Index Cond: ((t.a >= '-153975'::integer) AND (t.a <= '-22904'::integer))
   Index Searches: 1
   Buffers: shared hit=162660
 Settings: enable_bitmapscan = 'off', enable_seqscan = 'off', max_parallel_workers_per_gather = '0'
 Planning:
   Buffers: shared hit=110
 Planning Time: 0.194 ms
 Execution Time: 80.770 ms
(10 rows)

