SET
SET
SET
SET
SET
                                                                        QUERY PLAN                                                                        
----------------------------------------------------------------------------------------------------------------------------------------------------------
 Index Scan using idx on public.t (actual rows=2048576.00 loops=1)
   Output: a, b
   Index Cond: ((t.a >= '-530070'::integer) AND (t.a <= '-17927'::integer))
   Index Searches: 1
   Prefetch: distance=251.977 count=505826 stalls=138551 skipped=1415957 resets=0 ungets=11765 forwarded=2509
             histogram [2,4) => 3322, [4,8) => 263, [8,16) => 17, [16,32) => 34, [32,64) => 49, [64,128) => 541, [128,256) => 211421, [256,512) => 290179
   Buffers: shared hit=601979 read=33706
 Settings: enable_bitmapscan = 'off', enable_seqscan = 'off', max_parallel_workers_per_gather = '0'
 Planning:
   Buffers: shared hit=78 read=27
 Planning Time: 2.150 ms
 Execution Time: 505.044 ms
(12 rows)

SET
SET
SET
SET
SET
                                             QUERY PLAN                                             
----------------------------------------------------------------------------------------------------
 Index Scan using idx on public.t (actual rows=2048576.00 loops=1)
   Output: a, b
   Index Cond: ((t.a >= '-530070'::integer) AND (t.a <= '-17927'::integer))
   Index Searches: 1
   Buffers: shared hit=635686
 Settings: enable_bitmapscan = 'off', enable_seqscan = 'off', max_parallel_workers_per_gather = '0'
 Planning:
   Buffers: shared hit=110
 Planning Time: 0.185 ms
 Execution Time: 330.920 ms
(10 rows)

