SET
SET
SET
SET
SET
                                                                         QUERY PLAN                                                                         
------------------------------------------------------------------------------------------------------------------------------------------------------------
 Index Scan using idx on public.t (actual rows=9048576.00 loops=1)
   Output: a, b
   Index Cond: ((t.a >= '-2269524'::integer) AND (t.a <= '-7381'::integer))
   Index Searches: 1
   Prefetch: distance=253.542 count=2655599 stalls=151528 skipped=6253814 resets=0 ungets=12968 forwarded=9429
             histogram [2,4) => 3376, [4,8) => 265, [8,16) => 16, [16,32) => 34, [32,64) => 48, [64,128) => 649, [128,256) => 1148033, [256,512) => 1503178
   Buffers: shared hit=2681862 read=126023
 Settings: enable_bitmapscan = 'off', enable_seqscan = 'off', max_parallel_workers_per_gather = '0'
 Planning:
   Buffers: shared hit=78 read=27
 Planning Time: 2.165 ms
 Execution Time: 1953.537 ms
(12 rows)

SET
SET
SET
SET
SET
                                             QUERY PLAN                                             
----------------------------------------------------------------------------------------------------
 Index Scan using idx on public.t (actual rows=9048576.00 loops=1)
   Output: a, b
   Index Cond: ((t.a >= '-2269524'::integer) AND (t.a <= '-7381'::integer))
   Index Searches: 1
   Buffers: shared hit=2807887
 Settings: enable_bitmapscan = 'off', enable_seqscan = 'off', max_parallel_workers_per_gather = '0'
 Planning:
   Buffers: shared hit=110
 Planning Time: 0.228 ms
 Execution Time: 1454.030 ms
(10 rows)

