SET
SET
SET
SET
SET
                                                                        QUERY PLAN                                                                        
----------------------------------------------------------------------------------------------------------------------------------------------------------
 Index Scan using idx on public.t (actual rows=5048576.00 loops=1)
   Output: a, b
   Index Cond: ((t.a >= '-1284424'::integer) AND (t.a <= '-22281'::integer))
   Index Searches: 1
   Prefetch: distance=253.232 count=1438184 stalls=133250 skipped=3489383 resets=0 ungets=12308 forwarded=5573
             histogram [2,4) => 3294, [4,8) => 264, [8,16) => 16, [16,32) => 34, [32,64) => 51, [64,128) => 600, [128,256) => 617091, [256,512) => 816834
   Buffers: shared hit=1493023 read=73689
 Settings: enable_bitmapscan = 'off', enable_seqscan = 'off', max_parallel_workers_per_gather = '0'
 Planning:
   Buffers: shared hit=78 read=27
 Planning Time: 2.143 ms
 Execution Time: 1148.370 ms
(12 rows)

SET
SET
SET
SET
SET
                                             QUERY PLAN                                             
----------------------------------------------------------------------------------------------------
 Index Scan using idx on public.t (actual rows=5048576.00 loops=1)
   Output: a, b
   Index Cond: ((t.a >= '-1284424'::integer) AND (t.a <= '-22281'::integer))
   Index Searches: 1
   Buffers: shared hit=1566712
 Settings: enable_bitmapscan = 'off', enable_seqscan = 'off', max_parallel_workers_per_gather = '0'
 Planning:
   Buffers: shared hit=110
 Planning Time: 0.215 ms
 Execution Time: 812.659 ms
(10 rows)

