SET
SET
SET
SET
SET
                                                                        QUERY PLAN                                                                         
-----------------------------------------------------------------------------------------------------------------------------------------------------------
 Index Scan using idx on public.t (actual rows=7048576.00 loops=1)
   Output: a, b
   Index Cond: ((t.a >= '-1778239'::integer) AND (t.a <= '-16096'::integer))
   Index Searches: 1
   Prefetch: distance=253.384 count=2048843 stalls=140766 skipped=4871645 resets=0 ungets=12729 forwarded=7594
             histogram [2,4) => 3338, [4,8) => 264, [8,16) => 16, [16,32) => 34, [32,64) => 49, [64,128) => 609, [128,256) => 885097, [256,512) => 1159436
   Buffers: shared hit=2087527 read=99923
 Settings: enable_bitmapscan = 'off', enable_seqscan = 'off', max_parallel_workers_per_gather = '0'
 Planning:
   Buffers: shared hit=78 read=27
 Planning Time: 2.151 ms
 Execution Time: 1541.765 ms
(12 rows)

SET
SET
SET
SET
SET
                                             QUERY PLAN                                             
----------------------------------------------------------------------------------------------------
 Index Scan using idx on public.t (actual rows=7048576.00 loops=1)
   Output: a, b
   Index Cond: ((t.a >= '-1778239'::integer) AND (t.a <= '-16096'::integer))
   Index Searches: 1
   Buffers: shared hit=2187452
 Settings: enable_bitmapscan = 'off', enable_seqscan = 'off', max_parallel_workers_per_gather = '0'
 Planning:
   Buffers: shared hit=110
 Planning Time: 0.365 ms
 Execution Time: 1131.153 ms
(10 rows)

