SET
SET
SET
SET
SET
                                                                QUERY PLAN                                                                
------------------------------------------------------------------------------------------------------------------------------------------
 Index Scan Backward using idx on public.t (actual rows=4096.00 loops=1)
   Output: a, b
   Index Cond: ((t.a >= '-7776'::integer) AND (t.a <= '-6753'::integer))
   Index Searches: 1
   Prefetch: distance=268.730 count=2058 stalls=2 skipped=2540 resets=0 ungets=923 forwarded=1
             histogram [2,4) => 2, [4,8) => 3, [8,16) => 11, [16,32) => 6, [32,64) => 2, [64,128) => 2, [128,256) => 2, [256,512) => 2030
   Buffers: shared hit=204 read=1076
 Settings: enable_bitmapscan = 'off', enable_seqscan = 'off', max_parallel_workers_per_gather = '0'
 Planning:
   Buffers: shared hit=86 read=27
 Planning Time: 1.778 ms
 Execution Time: 16.099 ms
(12 rows)

SET
SET
SET
SET
SET
                                             QUERY PLAN                                             
----------------------------------------------------------------------------------------------------
 Index Scan Backward using idx on public.t (actual rows=4096.00 loops=1)
   Output: a, b
   Index Cond: ((t.a >= '-7776'::integer) AND (t.a <= '-6753'::integer))
   Index Searches: 1
   Buffers: shared hit=1280
 Settings: enable_bitmapscan = 'off', enable_seqscan = 'off', max_parallel_workers_per_gather = '0'
 Planning:
   Buffers: shared hit=118
 Planning Time: 0.168 ms
 Execution Time: 0.691 ms
(10 rows)

