SET
SET
SET
SET
SET
                                                                  QUERY PLAN                                                                  
----------------------------------------------------------------------------------------------------------------------------------------------
 Index Scan Backward using idx on public.t (actual rows=262144.00 loops=1)
   Output: a, b
   Index Cond: ((t.a >= '-75252'::integer) AND (t.a <= '-9717'::integer))
   Index Searches: 1
   Prefetch: distance=260.905 count=87656 stalls=1 skipped=180942 resets=0 ungets=7042 forwarded=1
             histogram [2,4) => 2, [4,8) => 6, [8,16) => 9, [16,32) => 5, [32,64) => 2, [64,128) => 2, [128,256) => 21857, [256,512) => 65773
   Buffers: shared hit=71550 read=9646
 Settings: enable_bitmapscan = 'off', enable_seqscan = 'off', max_parallel_workers_per_gather = '0'
 Planning:
   Buffers: shared hit=82 read=27
 Planning Time: 2.151 ms
 Execution Time: 120.650 ms
(12 rows)

SET
SET
SET
SET
SET
                                             QUERY PLAN                                             
----------------------------------------------------------------------------------------------------
 Index Scan Backward using idx on public.t (actual rows=262144.00 loops=1)
   Output: a, b
   Index Cond: ((t.a >= '-75252'::integer) AND (t.a <= '-9717'::integer))
   Index Searches: 1
   Buffers: shared hit=81196
 Settings: enable_bitmapscan = 'off', enable_seqscan = 'off', max_parallel_workers_per_gather = '0'
 Planning:
   Buffers: shared hit=114
 Planning Time: 0.175 ms
 Execution Time: 40.634 ms
(10 rows)

