SET
SET
SET
SET
SET
                                             QUERY PLAN                                             
----------------------------------------------------------------------------------------------------
 Index Scan Backward using idx on public.t (actual rows=512.00 loops=1)
   Output: a, b
   Index Cond: ((t.a >= '-13046'::integer) AND (t.a <= '-12919'::integer))
   Index Searches: 1
   Prefetch: distance=7.231 count=13 stalls=1 skipped=27 resets=0 ungets=0 forwarded=0
             histogram [2,4) => 2, [4,8) => 6, [8,16) => 5
   Buffers: shared hit=6 read=161
 Settings: enable_bitmapscan = 'off', enable_seqscan = 'off', max_parallel_workers_per_gather = '0'
 Planning:
   Buffers: shared hit=86 read=27
 Planning Time: 1.035 ms
 Execution Time: 10.152 ms
(12 rows)

SET
SET
SET
SET
SET
                                             QUERY PLAN                                             
----------------------------------------------------------------------------------------------------
 Index Scan Backward using idx on public.t (actual rows=512.00 loops=1)
   Output: a, b
   Index Cond: ((t.a >= '-13046'::integer) AND (t.a <= '-12919'::integer))
   Index Searches: 1
   Buffers: shared hit=167
 Settings: enable_bitmapscan = 'off', enable_seqscan = 'off', max_parallel_workers_per_gather = '0'
 Planning:
   Buffers: shared hit=118
 Planning Time: 0.129 ms
 Execution Time: 0.123 ms
(10 rows)

