SET
SET
SET
SET
SET
                                                                 QUERY PLAN                                                                 
--------------------------------------------------------------------------------------------------------------------------------------------
 Index Scan Backward using idx on public.t (actual rows=65536.00 loops=1)
   Output: a, b
   Index Cond: ((t.a >= '-22973'::integer) AND (t.a <= '-6590'::integer))
   Index Searches: 1
   Prefetch: distance=268.779 count=26279 stalls=1 skipped=45036 resets=0 ungets=6183 forwarded=2
             histogram [2,4) => 2, [4,8) => 7, [8,16) => 6, [16,32) => 9, [32,64) => 2, [64,128) => 2, [128,256) => 805, [256,512) => 25446
   Buffers: shared hit=13912 read=6417
 Settings: enable_bitmapscan = 'off', enable_seqscan = 'off', max_parallel_workers_per_gather = '0'
 Planning:
   Buffers: shared hit=86 read=27
 Planning Time: 2.146 ms
 Execution Time: 54.253 ms
(12 rows)

SET
SET
SET
SET
SET
                                             QUERY PLAN                                             
----------------------------------------------------------------------------------------------------
 Index Scan Backward using idx on public.t (actual rows=65536.00 loops=1)
   Output: a, b
   Index Cond: ((t.a >= '-22973'::integer) AND (t.a <= '-6590'::integer))
   Index Searches: 1
   Buffers: shared hit=20329
 Settings: enable_bitmapscan = 'off', enable_seqscan = 'off', max_parallel_workers_per_gather = '0'
 Planning:
   Buffers: shared hit=118
 Planning Time: 0.170 ms
 Execution Time: 7.794 ms
(10 rows)

