SET
SET
SET
SET
SET
                                                                    QUERY PLAN                                                                     
---------------------------------------------------------------------------------------------------------------------------------------------------
 Index Scan Backward using idx on public.t (actual rows=7048576.00 loops=1)
   Output: a, b
   Index Cond: ((t.a >= '-1782303'::integer) AND (t.a <= '-20160'::integer))
   Index Searches: 1
   Prefetch: distance=255.046 count=2189792 stalls=1 skipped=4871426 resets=0 ungets=12874 forwarded=3
             histogram [2,4) => 2, [4,8) => 3, [8,16) => 5, [16,32) => 9, [32,64) => 2, [64,128) => 164, [128,256) => 883036, [256,512) => 1306571
   Buffers: shared hit=2087436 read=100107
 Settings: enable_bitmapscan = 'off', enable_seqscan = 'off', max_parallel_workers_per_gather = '0'
 Planning:
   Buffers: shared hit=82 read=27
 Planning Time: 2.144 ms
 Execution Time: 2198.507 ms
(12 rows)

SET
SET
SET
SET
SET
                                             QUERY PLAN                                             
----------------------------------------------------------------------------------------------------
 Index Scan Backward using idx on public.t (actual rows=7048576.00 loops=1)
   Output: a, b
   Index Cond: ((t.a >= '-1782303'::integer) AND (t.a <= '-20160'::integer))
   Index Searches: 1
   Buffers: shared hit=2187543
 Settings: enable_bitmapscan = 'off', enable_seqscan = 'off', max_parallel_workers_per_gather = '0'
 Planning:
   Buffers: shared hit=114
 Planning Time: 0.210 ms
 Execution Time: 1126.218 ms
(10 rows)

