SET
SET
SET
SET
SET
                                                                     QUERY PLAN                                                                      
-----------------------------------------------------------------------------------------------------------------------------------------------------
 Index Scan Backward using idx on public.t (actual rows=8048576.00 loops=1)
   Output: a, b
   Index Cond: ((t.a >= '-2031780'::integer) AND (t.a <= '-19637'::integer))
   Index Searches: 1
   Prefetch: distance=255.004 count=2499242 stalls=1 skipped=5562632 resets=0 ungets=13618 forwarded=3
             histogram [2,4) => 2, [4,8) => 5, [8,16) => 6, [16,32) => 11, [32,64) => 2, [64,128) => 279, [128,256) => 1009507, [256,512) => 1489430
   Buffers: shared hit=2384389 read=113388
 Settings: enable_bitmapscan = 'off', enable_seqscan = 'off', max_parallel_workers_per_gather = '0'
 Planning:
   Buffers: shared hit=82 read=27
 Planning Time: 2.138 ms
 Execution Time: 2514.168 ms
(12 rows)

SET
SET
SET
SET
SET
                                             QUERY PLAN                                             
----------------------------------------------------------------------------------------------------
 Index Scan Backward using idx on public.t (actual rows=8048576.00 loops=1)
   Output: a, b
   Index Cond: ((t.a >= '-2031780'::integer) AND (t.a <= '-19637'::integer))
   Index Searches: 1
   Buffers: shared hit=2497777
 Settings: enable_bitmapscan = 'off', enable_seqscan = 'off', max_parallel_workers_per_gather = '0'
 Planning:
   Buffers: shared hit=114
 Planning Time: 0.225 ms
 Execution Time: 1274.201 ms
(10 rows)

