SET
SET
SET
SET
SET
                                                               QUERY PLAN                                                               
----------------------------------------------------------------------------------------------------------------------------------------
 Index Scan Backward using idx on public.t (actual rows=1024.00 loops=1)
   Output: a, b
   Index Cond: ((t.a >= '-2671'::integer) AND (t.a <= '-2416'::integer))
   Index Searches: 1
   Prefetch: distance=252.623 count=361 stalls=1 skipped=427 resets=0 ungets=164 forwarded=0
             histogram [2,4) => 2, [4,8) => 7, [8,16) => 6, [16,32) => 8, [32,64) => 2, [64,128) => 2, [128,256) => 2, [256,512) => 332
   Buffers: shared hit=20 read=303
 Settings: enable_bitmapscan = 'off', enable_seqscan = 'off', max_parallel_workers_per_gather = '0'
 Planning:
   Buffers: shared hit=86 read=27
 Planning Time: 1.027 ms
 Execution Time: 9.284 ms
(12 rows)

SET
SET
SET
SET
SET
                                             QUERY PLAN                                             
----------------------------------------------------------------------------------------------------
 Index Scan Backward using idx on public.t (actual rows=1024.00 loops=1)
   Output: a, b
   Index Cond: ((t.a >= '-2671'::integer) AND (t.a <= '-2416'::integer))
   Index Searches: 1
   Buffers: shared hit=323
 Settings: enable_bitmapscan = 'off', enable_seqscan = 'off', max_parallel_workers_per_gather = '0'
 Planning:
   Buffers: shared hit=118
 Planning Time: 0.132 ms
 Execution Time: 0.189 ms
(10 rows)

