SET
SET
SET
SET
SET
                                                                QUERY PLAN                                                                
------------------------------------------------------------------------------------------------------------------------------------------
 Index Scan Backward using idx on public.t (actual rows=16384.00 loops=1)
   Output: a, b
   Index Cond: ((t.a >= '-21526'::integer) AND (t.a <= '-17431'::integer))
   Index Searches: 1
   Prefetch: distance=270.810 count=7997 stalls=1 skipped=11080 resets=0 ungets=3153 forwarded=0
             histogram [2,4) => 2, [4,8) => 3, [8,16) => 5, [16,32) => 10, [32,64) => 4, [64,128) => 2, [128,256) => 2, [256,512) => 7969
   Buffers: shared hit=1679 read=3338
 Settings: enable_bitmapscan = 'off', enable_seqscan = 'off', max_parallel_workers_per_gather = '0'
 Planning:
   Buffers: shared hit=86 read=27
 Planning Time: 2.169 ms
 Execution Time: 34.300 ms
(12 rows)

SET
SET
SET
SET
SET
                                             QUERY PLAN                                             
----------------------------------------------------------------------------------------------------
 Index Scan Backward using idx on public.t (actual rows=16384.00 loops=1)
   Output: a, b
   Index Cond: ((t.a >= '-21526'::integer) AND (t.a <= '-17431'::integer))
   Index Searches: 1
   Buffers: shared hit=5017
 Settings: enable_bitmapscan = 'off', enable_seqscan = 'off', max_parallel_workers_per_gather = '0'
 Planning:
   Buffers: shared hit=118
 Planning Time: 0.207 ms
 Execution Time: 3.797 ms
(10 rows)

