SET
SET
SET
SET
SET
                                                               QUERY PLAN                                                               
----------------------------------------------------------------------------------------------------------------------------------------
 Index Scan using idx on public.t (actual rows=512.00 loops=1)
   Output: a, b
   Index Cond: ((t.a >= '-27250'::integer) AND (t.a <= '-27123'::integer))
   Index Searches: 1
   Prefetch: distance=237.932 count=221 stalls=1 skipped=301 resets=0 ungets=86 forwarded=0
             histogram [2,4) => 2, [4,8) => 3, [8,16) => 5, [16,32) => 9, [32,64) => 7, [64,128) => 2, [128,256) => 3, [256,512) => 190
   Buffers: shared hit=6 read=158
 Settings: enable_bitmapscan = 'off', enable_seqscan = 'off', max_parallel_workers_per_gather = '0'
 Planning:
   Buffers: shared hit=82 read=27
 Planning Time: 1.059 ms
 Execution Time: 2.933 ms
(12 rows)

SET
SET
SET
SET
SET
                                             QUERY PLAN                                             
----------------------------------------------------------------------------------------------------
 Index Scan using idx on public.t (actual rows=512.00 loops=1)
   Output: a, b
   Index Cond: ((t.a >= '-27250'::integer) AND (t.a <= '-27123'::integer))
   Index Searches: 1
   Buffers: shared hit=164
 Settings: enable_bitmapscan = 'off', enable_seqscan = 'off', max_parallel_workers_per_gather = '0'
 Planning:
   Buffers: shared hit=114
 Planning Time: 0.177 ms
 Execution Time: 0.241 ms
(10 rows)

