SET
SET
SET
SET
SET
                                                                QUERY PLAN                                                                
------------------------------------------------------------------------------------------------------------------------------------------
 Index Scan using idx on public.t (actual rows=1024.00 loops=1)
   Output: a, b
   Index Cond: ((t.a >= '-16836'::integer) AND (t.a <= '-16581'::integer))
   Index Searches: 1
   Prefetch: distance=243.506 count=271 stalls=1 skipped=349 resets=0 ungets=100 forwarded=4
             histogram [2,4) => 2, [4,8) => 3, [8,16) => 12, [16,32) => 10, [32,64) => 2, [64,128) => 2, [128,256) => 2, [256,512) => 238
   Buffers: shared hit=23 read=309
 Settings: enable_bitmapscan = 'off', enable_seqscan = 'off', max_parallel_workers_per_gather = '0'
 Planning:
   Buffers: shared hit=82 read=27
 Planning Time: 1.029 ms
 Execution Time: 11.618 ms
(12 rows)

SET
SET
SET
SET
SET
                                             QUERY PLAN                                             
----------------------------------------------------------------------------------------------------
 Index Scan using idx on public.t (actual rows=1024.00 loops=1)
   Output: a, b
   Index Cond: ((t.a >= '-16836'::integer) AND (t.a <= '-16581'::integer))
   Index Searches: 1
   Buffers: shared hit=332
 Settings: enable_bitmapscan = 'off', enable_seqscan = 'off', max_parallel_workers_per_gather = '0'
 Planning:
   Buffers: shared hit=114
 Planning Time: 0.145 ms
 Execution Time: 0.227 ms
(10 rows)

