SET
SET
SET
SET
SET
                                                               QUERY PLAN                                                                
-----------------------------------------------------------------------------------------------------------------------------------------
 Index Scan using idx on public.t (actual rows=16384.00 loops=1)
   Output: a, b
   Index Cond: ((t.a >= '-13714'::integer) AND (t.a <= '-9619'::integer))
   Index Searches: 1
   Prefetch: distance=270.562 count=7785 stalls=1 skipped=11285 resets=0 ungets=2726 forwarded=149
             histogram [2,4) => 2, [4,8) => 7, [8,16) => 7, [16,32) => 9, [32,64) => 2, [64,128) => 3, [128,256) => 2, [256,512) => 7753
   Buffers: shared hit=1862 read=3243
 Settings: enable_bitmapscan = 'off', enable_seqscan = 'off', max_parallel_workers_per_gather = '0'
 Planning:
   Buffers: shared hit=82 read=27
 Planning Time: 2.136 ms
 Execution Time: 21.164 ms
(12 rows)

SET
SET
SET
SET
SET
                                             QUERY PLAN                                             
----------------------------------------------------------------------------------------------------
 Index Scan using idx on public.t (actual rows=16384.00 loops=1)
   Output: a, b
   Index Cond: ((t.a >= '-13714'::integer) AND (t.a <= '-9619'::integer))
   Index Searches: 1
   Buffers: shared hit=5105
 Settings: enable_bitmapscan = 'off', enable_seqscan = 'off', max_parallel_workers_per_gather = '0'
 Planning:
   Buffers: shared hit=114
 Planning Time: 0.199 ms
 Execution Time: 3.846 ms
(10 rows)

