SET
SET
SET
SET
SET
                                                                 QUERY PLAN                                                                  
---------------------------------------------------------------------------------------------------------------------------------------------
 Index Scan using idx on public.t (actual rows=32768.00 loops=1)
   Output: a, b
   Index Cond: ((t.a >= '-16847'::integer) AND (t.a <= '-8656'::integer))
   Index Searches: 1
   Prefetch: distance=270.260 count=14006 stalls=1 skipped=22246 resets=0 ungets=4032 forwarded=290
             histogram [2,4) => 2, [4,8) => 3, [8,16) => 12, [16,32) => 10, [32,64) => 2, [64,128) => 2, [128,256) => 37, [256,512) => 13938
   Buffers: shared hit=5358 read=4838
 Settings: enable_bitmapscan = 'off', enable_seqscan = 'off', max_parallel_workers_per_gather = '0'
 Planning:
   Buffers: shared hit=82 read=27
 Planning Time: 2.167 ms
 Execution Time: 37.912 ms
(12 rows)

SET
SET
SET
SET
SET
                                             QUERY PLAN                                             
----------------------------------------------------------------------------------------------------
 Index Scan using idx on public.t (actual rows=32768.00 loops=1)
   Output: a, b
   Index Cond: ((t.a >= '-16847'::integer) AND (t.a <= '-8656'::integer))
   Index Searches: 1
   Buffers: shared hit=10196
 Settings: enable_bitmapscan = 'off', enable_seqscan = 'off', max_parallel_workers_per_gather = '0'
 Planning:
   Buffers: shared hit=114
 Planning Time: 0.205 ms
 Execution Time: 6.968 ms
(10 rows)

