SET
SET
SET
SET
SET
                                                                      QUERY PLAN                                                                       
-------------------------------------------------------------------------------------------------------------------------------------------------------
 Index Scan using idx on public.t (actual rows=262144.00 loops=1)
   Output: a, b
   Index Cond: ((t.a >= '-92530'::integer) AND (t.a <= '-26995'::integer))
   Index Searches: 1
   Prefetch: distance=258.056 count=55218 stalls=33804 skipped=181201 resets=0 ungets=8086 forwarded=836
             histogram [2,4) => 578, [4,8) => 48, [8,16) => 13, [16,32) => 31, [32,64) => 148, [64,128) => 162, [128,256) => 10273, [256,512) => 43965
   Buffers: shared hit=70950 read=10386
 Settings: enable_bitmapscan = 'off', enable_seqscan = 'off', max_parallel_workers_per_gather = '0'
 Planning:
   Buffers: shared hit=78 read=27
 Planning Time: 2.160 ms
 Execution Time: 93.647 ms
(12 rows)

SET
SET
SET
SET
SET
                                             QUERY PLAN                                             
----------------------------------------------------------------------------------------------------
 Index Scan using idx on public.t (actual rows=262144.00 loops=1)
   Output: a, b
   Index Cond: ((t.a >= '-92530'::integer) AND (t.a <= '-26995'::integer))
   Index Searches: 1
   Buffers: shared hit=81336
 Settings: enable_bitmapscan = 'off', enable_seqscan = 'off', max_parallel_workers_per_gather = '0'
 Planning:
   Buffers: shared hit=110
 Planning Time: 0.193 ms
 Execution Time: 39.948 ms
(10 rows)

