SET
SET
SET
SET
SET
                                                                 QUERY PLAN                                                                  
---------------------------------------------------------------------------------------------------------------------------------------------
 Index Scan using idx on public.t (actual rows=65536.00 loops=1)
   Output: a, b
   Index Cond: ((t.a >= '-30793'::integer) AND (t.a <= '-14410'::integer))
   Index Searches: 1
   Prefetch: distance=268.420 count=25882 stalls=1 skipped=45210 resets=0 ungets=5776 forwarded=507
             histogram [2,4) => 2, [4,8) => 3, [8,16) => 5, [16,32) => 9, [32,64) => 4, [64,128) => 2, [128,256) => 1143, [256,512) => 24714
   Buffers: shared hit=13631 read=6648
 Settings: enable_bitmapscan = 'off', enable_seqscan = 'off', max_parallel_workers_per_gather = '0'
 Planning:
   Buffers: shared hit=82 read=27
 Planning Time: 2.168 ms
 Execution Time: 44.027 ms
(12 rows)

SET
SET
SET
SET
SET
                                             QUERY PLAN                                             
----------------------------------------------------------------------------------------------------
 Index Scan using idx on public.t (actual rows=65536.00 loops=1)
   Output: a, b
   Index Cond: ((t.a >= '-30793'::integer) AND (t.a <= '-14410'::integer))
   Index Searches: 1
   Buffers: shared hit=20279
 Settings: enable_bitmapscan = 'off', enable_seqscan = 'off', max_parallel_workers_per_gather = '0'
 Planning:
   Buffers: shared hit=114
 Planning Time: 0.177 ms
 Execution Time: 9.426 ms
(10 rows)

