SET
SET
SET
SET
SET
                                                                         QUERY PLAN                                                                         
------------------------------------------------------------------------------------------------------------------------------------------------------------
 Index Scan using idx on public.t (actual rows=8048576.00 loops=1)
   Output: a, b
   Index Cond: ((t.a >= '-2029641'::integer) AND (t.a <= '-17498'::integer))
   Index Searches: 1
   Prefetch: distance=253.597 count=2359521 stalls=139057 skipped=5562673 resets=0 ungets=12994 forwarded=8646
             histogram [2,4) => 3326, [4,8) => 264, [8,16) => 16, [16,32) => 34, [32,64) => 50, [64,128) => 608, [128,256) => 1013001, [256,512) => 1342222
   Buffers: shared hit=2384433 read=113302
 Settings: enable_bitmapscan = 'off', enable_seqscan = 'off', max_parallel_workers_per_gather = '0'
 Planning:
   Buffers: shared hit=78 read=27
 Planning Time: 2.196 ms
 Execution Time: 1930.679 ms
(12 rows)

SET
SET
SET
SET
SET
                                             QUERY PLAN                                             
----------------------------------------------------------------------------------------------------
 Index Scan using idx on public.t (actual rows=8048576.00 loops=1)
   Output: a, b
   Index Cond: ((t.a >= '-2029641'::integer) AND (t.a <= '-17498'::integer))
   Index Searches: 1
   Buffers: shared hit=2497736
 Settings: enable_bitmapscan = 'off', enable_seqscan = 'off', max_parallel_workers_per_gather = '0'
 Planning:
   Buffers: shared hit=110
 Planning Time: 0.227 ms
 Execution Time: 1299.951 ms
(10 rows)

