SET
SET
SET
SET
SET
                                                                         QUERY PLAN                                                                         
------------------------------------------------------------------------------------------------------------------------------------------------------------
 Index Scan using idx on public.t (actual rows=9048576.00 loops=1)
   Output: a, b
   Index Cond: ((t.a >= '-2279582'::integer) AND (t.a <= '-17439'::integer))
   Index Searches: 1
   Prefetch: distance=253.646 count=2668424 stalls=139131 skipped=6254230 resets=0 ungets=13296 forwarded=9616
             histogram [2,4) => 3326, [4,8) => 264, [8,16) => 17, [16,32) => 34, [32,64) => 52, [64,128) => 648, [128,256) => 1146893, [256,512) => 1517190
   Buffers: shared hit=2681379 read=126457
 Settings: enable_bitmapscan = 'off', enable_seqscan = 'off', max_parallel_workers_per_gather = '0'
 Planning:
   Buffers: shared hit=78 read=27
 Planning Time: 2.162 ms
 Execution Time: 2162.500 ms
(12 rows)

SET
SET
SET
SET
SET
                                             QUERY PLAN                                             
----------------------------------------------------------------------------------------------------
 Index Scan using idx on public.t (actual rows=9048576.00 loops=1)
   Output: a, b
   Index Cond: ((t.a >= '-2279582'::integer) AND (t.a <= '-17439'::integer))
   Index Searches: 1
   Buffers: shared hit=2807839
 Settings: enable_bitmapscan = 'off', enable_seqscan = 'off', max_parallel_workers_per_gather = '0'
 Planning:
   Buffers: shared hit=110
 Planning Time: 0.220 ms
 Execution Time: 1465.844 ms
(10 rows)

