SET
SET
SET
SET
SET
                                                                        QUERY PLAN                                                                         
-----------------------------------------------------------------------------------------------------------------------------------------------------------
 Index Scan using idx on public.t (actual rows=7048576.00 loops=1)
   Output: a, b
   Index Cond: ((t.a >= '-1777262'::integer) AND (t.a <= '-15119'::integer))
   Index Searches: 1
   Prefetch: distance=253.494 count=2047785 stalls=141965 skipped=4871586 resets=0 ungets=12911 forwarded=7676
             histogram [2,4) => 3344, [4,8) => 264, [8,16) => 17, [16,32) => 34, [32,64) => 50, [64,128) => 608, [128,256) => 879087, [256,512) => 1164381
   Buffers: shared hit=2087554 read=99888
 Settings: enable_bitmapscan = 'off', enable_seqscan = 'off', max_parallel_workers_per_gather = '0'
 Planning:
   Buffers: shared hit=78 read=27
 Planning Time: 2.269 ms
 Execution Time: 1696.513 ms
(12 rows)

SET
SET
SET
SET
SET
                                             QUERY PLAN                                             
----------------------------------------------------------------------------------------------------
 Index Scan using idx on public.t (actual rows=7048576.00 loops=1)
   Output: a, b
   Index Cond: ((t.a >= '-1777262'::integer) AND (t.a <= '-15119'::integer))
   Index Searches: 1
   Buffers: shared hit=2187443
 Settings: enable_bitmapscan = 'off', enable_seqscan = 'off', max_parallel_workers_per_gather = '0'
 Planning:
   Buffers: shared hit=110
 Planning Time: 0.224 ms
 Execution Time: 1135.804 ms
(10 rows)

