SET
SET
SET
SET
SET
                                                               QUERY PLAN                                                                
-----------------------------------------------------------------------------------------------------------------------------------------
 Index Scan using idx on public.t (actual rows=2048.00 loops=1)
   Output: a, b
   Index Cond: ((t.a >= '-5632'::integer) AND (t.a <= '-5121'::integer))
   Index Searches: 1
   Prefetch: distance=262.321 count=843 stalls=2 skipped=1112 resets=0 ungets=352 forwarded=5
             histogram [2,4) => 2, [4,8) => 6, [8,16) => 11, [16,32) => 9, [32,64) => 2, [64,128) => 2, [128,256) => 2, [256,512) => 809
   Buffers: shared hit=53 read=583
 Settings: enable_bitmapscan = 'off', enable_seqscan = 'off', max_parallel_workers_per_gather = '0'
 Planning:
   Buffers: shared hit=82 read=27
 Planning Time: 1.375 ms
 Execution Time: 12.521 ms
(12 rows)

SET
SET
SET
SET
SET
                                             QUERY PLAN                                             
----------------------------------------------------------------------------------------------------
 Index Scan using idx on public.t (actual rows=2048.00 loops=1)
   Output: a, b
   Index Cond: ((t.a >= '-5632'::integer) AND (t.a <= '-5121'::integer))
   Index Searches: 1
   Buffers: shared hit=636
 Settings: enable_bitmapscan = 'off', enable_seqscan = 'off', max_parallel_workers_per_gather = '0'
 Planning:
   Buffers: shared hit=114
 Planning Time: 0.174 ms
 Execution Time: 0.651 ms
(10 rows)

