SET
SET
SET
SET
SET
                                                               QUERY PLAN                                                                
-----------------------------------------------------------------------------------------------------------------------------------------
 Index Scan using idx on public.t (actual rows=16384.00 loops=1)
   Output: a, b
   Index Cond: ((t.a >= '-9812'::integer) AND (t.a <= '-5717'::integer))
   Index Searches: 1
   Prefetch: distance=270.483 count=7537 stalls=1 skipped=10967 resets=0 ungets=2584 forwarded=141
             histogram [2,4) => 4, [4,8) => 3, [8,16) => 5, [16,32) => 9, [32,64) => 6, [64,128) => 3, [128,256) => 2, [256,512) => 7505
   Buffers: shared hit=1886 read=3242
 Settings: enable_bitmapscan = 'off', enable_seqscan = 'off', max_parallel_workers_per_gather = '0'
 Planning:
   Buffers: shared hit=82 read=27
 Planning Time: 2.208 ms
 Execution Time: 28.431 ms
(12 rows)

SET
SET
SET
SET
SET
                                             QUERY PLAN                                             
----------------------------------------------------------------------------------------------------
 Index Scan using idx on public.t (actual rows=16384.00 loops=1)
   Output: a, b
   Index Cond: ((t.a >= '-9812'::integer) AND (t.a <= '-5717'::integer))
   Index Searches: 1
   Buffers: shared hit=5128
 Settings: enable_bitmapscan = 'off', enable_seqscan = 'off', max_parallel_workers_per_gather = '0'
 Planning:
   Buffers: shared hit=114
 Planning Time: 0.190 ms
 Execution Time: 2.333 ms
(10 rows)

