SET
SET
SET
SET
SET
                                                                        QUERY PLAN                                                                        
----------------------------------------------------------------------------------------------------------------------------------------------------------
 Index Scan using idx on public.t (actual rows=2048576.00 loops=1)
   Output: a, b
   Index Cond: ((t.a >= '-524663'::integer) AND (t.a <= '-12520'::integer))
   Index Searches: 1
   Prefetch: distance=252.058 count=498997 stalls=145159 skipped=1415667 resets=0 ungets=11670 forwarded=2513
             histogram [2,4) => 3356, [4,8) => 264, [8,16) => 16, [16,32) => 34, [32,64) => 53, [64,128) => 540, [128,256) => 206943, [256,512) => 287791
   Buffers: shared hit=602237 read=33447
 Settings: enable_bitmapscan = 'off', enable_seqscan = 'off', max_parallel_workers_per_gather = '0'
 Planning:
   Buffers: shared hit=78 read=27
 Planning Time: 2.289 ms
 Execution Time: 548.916 ms
(12 rows)

SET
SET
SET
SET
SET
                                             QUERY PLAN                                             
----------------------------------------------------------------------------------------------------
 Index Scan using idx on public.t (actual rows=2048576.00 loops=1)
   Output: a, b
   Index Cond: ((t.a >= '-524663'::integer) AND (t.a <= '-12520'::integer))
   Index Searches: 1
   Buffers: shared hit=635684
 Settings: enable_bitmapscan = 'off', enable_seqscan = 'off', max_parallel_workers_per_gather = '0'
 Planning:
   Buffers: shared hit=110
 Planning Time: 0.185 ms
 Execution Time: 328.930 ms
(10 rows)

