SET
SET
SET
SET
SET
                                                                        QUERY PLAN                                                                        
----------------------------------------------------------------------------------------------------------------------------------------------------------
 Index Scan using idx on public.t (actual rows=3048576.00 loops=1)
   Output: a, b
   Index Cond: ((t.a >= '-774483'::integer) AND (t.a <= '-12340'::integer))
   Index Searches: 1
   Prefetch: distance=252.781 count=807759 stalls=145392 skipped=2106976 resets=0 ungets=11926 forwarded=3517
             histogram [2,4) => 3356, [4,8) => 265, [8,16) => 16, [16,32) => 34, [32,64) => 49, [64,128) => 542, [128,256) => 341287, [256,512) => 462210
   Buffers: shared hit=899182 read=46726
 Settings: enable_bitmapscan = 'off', enable_seqscan = 'off', max_parallel_workers_per_gather = '0'
 Planning:
   Buffers: shared hit=78 read=27
 Planning Time: 2.149 ms
 Execution Time: 778.540 ms
(12 rows)

SET
SET
SET
SET
SET
                                             QUERY PLAN                                             
----------------------------------------------------------------------------------------------------
 Index Scan using idx on public.t (actual rows=3048576.00 loops=1)
   Output: a, b
   Index Cond: ((t.a >= '-774483'::integer) AND (t.a <= '-12340'::integer))
   Index Searches: 1
   Buffers: shared hit=945909
 Settings: enable_bitmapscan = 'off', enable_seqscan = 'off', max_parallel_workers_per_gather = '0'
 Planning:
   Buffers: shared hit=110
 Planning Time: 0.214 ms
 Execution Time: 490.072 ms
(10 rows)

