SET
SET
SET
SET
SET
                                                                        QUERY PLAN                                                                        
----------------------------------------------------------------------------------------------------------------------------------------------------------
 Index Scan using idx on public.t (actual rows=5048576.00 loops=1)
   Output: a, b
   Index Cond: ((t.a >= '-1284919'::integer) AND (t.a <= '-22776'::integer))
   Index Searches: 1
   Prefetch: distance=253.339 count=1438951 stalls=132629 skipped=3489423 resets=0 ungets=12470 forwarded=5639
             histogram [2,4) => 3288, [4,8) => 263, [8,16) => 16, [16,32) => 34, [32,64) => 51, [64,128) => 598, [128,256) => 613734, [256,512) => 820967
   Buffers: shared hit=1492982 read=73702
 Settings: enable_bitmapscan = 'off', enable_seqscan = 'off', max_parallel_workers_per_gather = '0'
 Planning:
   Buffers: shared hit=78 read=27
 Planning Time: 2.169 ms
 Execution Time: 1242.274 ms
(12 rows)

SET
SET
SET
SET
SET
                                             QUERY PLAN                                             
----------------------------------------------------------------------------------------------------
 Index Scan using idx on public.t (actual rows=5048576.00 loops=1)
   Output: a, b
   Index Cond: ((t.a >= '-1284919'::integer) AND (t.a <= '-22776'::integer))
   Index Searches: 1
   Buffers: shared hit=1566686
 Settings: enable_bitmapscan = 'off', enable_seqscan = 'off', max_parallel_workers_per_gather = '0'
 Planning:
   Buffers: shared hit=110
 Planning Time: 0.252 ms
 Execution Time: 816.927 ms
(10 rows)

