SET
SET
SET
SET
SET
                                                                        QUERY PLAN                                                                         
-----------------------------------------------------------------------------------------------------------------------------------------------------------
 Index Scan using idx on public.t (actual rows=7048576.00 loops=1)
   Output: a, b
   Index Cond: ((t.a >= '-1782659'::integer) AND (t.a <= '-20516'::integer))
   Index Searches: 1
   Prefetch: distance=253.498 count=2054274 stalls=135405 skipped=4871339 resets=0 ungets=12805 forwarded=7682
             histogram [2,4) => 3304, [4,8) => 263, [8,16) => 17, [16,32) => 34, [32,64) => 51, [64,128) => 608, [128,256) => 881925, [256,512) => 1168072
   Buffers: shared hit=2087417 read=100125
 Settings: enable_bitmapscan = 'off', enable_seqscan = 'off', max_parallel_workers_per_gather = '0'
 Planning:
   Buffers: shared hit=78 read=27
 Planning Time: 2.132 ms
 Execution Time: 1712.980 ms
(12 rows)

SET
SET
SET
SET
SET
                                             QUERY PLAN                                             
----------------------------------------------------------------------------------------------------
 Index Scan using idx on public.t (actual rows=7048576.00 loops=1)
   Output: a, b
   Index Cond: ((t.a >= '-1782659'::integer) AND (t.a <= '-20516'::integer))
   Index Searches: 1
   Buffers: shared hit=2187543
 Settings: enable_bitmapscan = 'off', enable_seqscan = 'off', max_parallel_workers_per_gather = '0'
 Planning:
   Buffers: shared hit=110
 Planning Time: 0.233 ms
 Execution Time: 1139.817 ms
(10 rows)

