SET
SET
SET
SET
SET
                                             QUERY PLAN                                             
----------------------------------------------------------------------------------------------------
 Index Scan using idx on public.t (actual rows=64.00 loops=1)
   Output: a, b
   Index Cond: ((t.a >= '-10878'::integer) AND (t.a <= '-10863'::integer))
   Index Searches: 1
   Prefetch: distance=3.000 count=4 stalls=1 skipped=8 resets=0 ungets=0 forwarded=0
             histogram [2,4) => 2, [4,8) => 2
   Buffers: shared hit=5 read=21
 Settings: enable_bitmapscan = 'off', enable_seqscan = 'off', max_parallel_workers_per_gather = '0'
 Planning:
   Buffers: shared hit=82 read=27
 Planning Time: 1.052 ms
 Execution Time: 1.524 ms
(12 rows)

SET
SET
SET
SET
SET
                                             QUERY PLAN                                             
----------------------------------------------------------------------------------------------------
 Index Scan using idx on public.t (actual rows=64.00 loops=1)
   Output: a, b
   Index Cond: ((t.a >= '-10878'::integer) AND (t.a <= '-10863'::integer))
   Index Searches: 1
   Buffers: shared hit=26
 Settings: enable_bitmapscan = 'off', enable_seqscan = 'off', max_parallel_workers_per_gather = '0'
 Planning:
   Buffers: shared hit=114
 Planning Time: 0.147 ms
 Execution Time: 0.040 ms
(10 rows)

