SET
SET
SET
SET
SET
                                                               QUERY PLAN                                                                
-----------------------------------------------------------------------------------------------------------------------------------------
 Index Scan using idx on public.t (actual rows=2048.00 loops=1)
   Output: a, b
   Index Cond: ((t.a >= '-13805'::integer) AND (t.a <= '-13294'::integer))
   Index Searches: 1
   Prefetch: distance=262.640 count=865 stalls=1 skipped=1138 resets=0 ungets=359 forwarded=4
             histogram [2,4) => 2, [4,8) => 6, [8,16) => 7, [16,32) => 11, [32,64) => 3, [64,128) => 2, [128,256) => 2, [256,512) => 832
   Buffers: shared hit=48 read=594
 Settings: enable_bitmapscan = 'off', enable_seqscan = 'off', max_parallel_workers_per_gather = '0'
 Planning:
   Buffers: shared hit=82 read=27
 Planning Time: 1.439 ms
 Execution Time: 12.205 ms
(12 rows)

SET
SET
SET
SET
SET
                                             QUERY PLAN                                             
----------------------------------------------------------------------------------------------------
 Index Scan using idx on public.t (actual rows=2048.00 loops=1)
   Output: a, b
   Index Cond: ((t.a >= '-13805'::integer) AND (t.a <= '-13294'::integer))
   Index Searches: 1
   Buffers: shared hit=642
 Settings: enable_bitmapscan = 'off', enable_seqscan = 'off', max_parallel_workers_per_gather = '0'
 Planning:
   Buffers: shared hit=114
 Planning Time: 0.195 ms
 Execution Time: 0.599 ms
(10 rows)

