SET
SET
SET
SET
SET
                                                                       QUERY PLAN                                                                        
---------------------------------------------------------------------------------------------------------------------------------------------------------
 Index Scan using idx on public.t (actual rows=1048576.00 loops=1)
   Output: a, b
   Index Cond: ((t.a >= '-265274'::integer) AND (t.a <= '-3131'::integer))
   Index Searches: 1
   Prefetch: distance=248.951 count=178244 stalls=156774 skipped=724666 resets=0 ungets=11379 forwarded=1449
             histogram [2,4) => 3386, [4,8) => 266, [8,16) => 16, [16,32) => 34, [32,64) => 50, [64,128) => 512, [128,256) => 66763, [256,512) => 107217
   Buffers: shared hit=305522 read=19777
 Settings: enable_bitmapscan = 'off', enable_seqscan = 'off', max_parallel_workers_per_gather = '0'
 Planning:
   Buffers: shared hit=78 read=27
 Planning Time: 2.159 ms
 Execution Time: 308.654 ms
(12 rows)

SET
SET
SET
SET
SET
                                             QUERY PLAN                                             
----------------------------------------------------------------------------------------------------
 Index Scan using idx on public.t (actual rows=1048576.00 loops=1)
   Output: a, b
   Index Cond: ((t.a >= '-265274'::integer) AND (t.a <= '-3131'::integer))
   Index Searches: 1
   Buffers: shared hit=325300
 Settings: enable_bitmapscan = 'off', enable_seqscan = 'off', max_parallel_workers_per_gather = '0'
 Planning:
   Buffers: shared hit=110
 Planning Time: 0.194 ms
 Execution Time: 169.700 ms
(10 rows)

