SET
SET
SET
SET
SET
                                                                        QUERY PLAN                                                                        
----------------------------------------------------------------------------------------------------------------------------------------------------------
 Index Scan using idx on public.t (actual rows=2048576.00 loops=1)
   Output: a, b
   Index Cond: ((t.a >= '-517607'::integer) AND (t.a <= '-5464'::integer))
   Index Searches: 1
   Prefetch: distance=252.008 count=490328 stalls=153893 skipped=1415797 resets=0 ungets=11697 forwarded=2493
             histogram [2,4) => 3382, [4,8) => 265, [8,16) => 16, [16,32) => 34, [32,64) => 51, [64,128) => 536, [128,256) => 203447, [256,512) => 282597
   Buffers: shared hit=602529 read=33147
 Settings: enable_bitmapscan = 'off', enable_seqscan = 'off', max_parallel_workers_per_gather = '0'
 Planning:
   Buffers: shared hit=78 read=27
 Planning Time: 2.167 ms
 Execution Time: 544.335 ms
(12 rows)

SET
SET
SET
SET
SET
                                             QUERY PLAN                                             
----------------------------------------------------------------------------------------------------
 Index Scan using idx on public.t (actual rows=2048576.00 loops=1)
   Output: a, b
   Index Cond: ((t.a >= '-517607'::integer) AND (t.a <= '-5464'::integer))
   Index Searches: 1
   Buffers: shared hit=635677
 Settings: enable_bitmapscan = 'off', enable_seqscan = 'off', max_parallel_workers_per_gather = '0'
 Planning:
   Buffers: shared hit=110
 Planning Time: 0.221 ms
 Execution Time: 332.821 ms
(10 rows)

