SET
SET
SET
SET
SET
                                                                        QUERY PLAN                                                                        
----------------------------------------------------------------------------------------------------------------------------------------------------------
 Index Scan using idx on public.t (actual rows=5048576.00 loops=1)
   Output: a, b
   Index Cond: ((t.a >= '-1271927'::integer) AND (t.a <= '-9784'::integer))
   Index Searches: 1
   Prefetch: distance=253.318 count=1422828 stalls=148537 skipped=3489369 resets=0 ungets=12337 forwarded=5587
             histogram [2,4) => 3368, [4,8) => 264, [8,16) => 16, [16,32) => 34, [32,64) => 52, [64,128) => 598, [128,256) => 606448, [256,512) => 812048
   Buffers: shared hit=1493500 read=73146
 Settings: enable_bitmapscan = 'off', enable_seqscan = 'off', max_parallel_workers_per_gather = '0'
 Planning:
   Buffers: shared hit=78 read=27
 Planning Time: 2.170 ms
 Execution Time: 1231.412 ms
(12 rows)

SET
SET
SET
SET
SET
                                             QUERY PLAN                                             
----------------------------------------------------------------------------------------------------
 Index Scan using idx on public.t (actual rows=5048576.00 loops=1)
   Output: a, b
   Index Cond: ((t.a >= '-1271927'::integer) AND (t.a <= '-9784'::integer))
   Index Searches: 1
   Buffers: shared hit=1566648
 Settings: enable_bitmapscan = 'off', enable_seqscan = 'off', max_parallel_workers_per_gather = '0'
 Planning:
   Buffers: shared hit=110
 Planning Time: 0.225 ms
 Execution Time: 813.783 ms
(10 rows)

