SET
SET
SET
SET
SET
                                                                        QUERY PLAN                                                                         
-----------------------------------------------------------------------------------------------------------------------------------------------------------
 Index Scan using idx on public.t (actual rows=7048576.00 loops=1)
   Output: a, b
   Index Cond: ((t.a >= '-1764665'::integer) AND (t.a <= '-2522'::integer))
   Index Searches: 1
   Prefetch: distance=253.488 count=2031982 stalls=157543 skipped=4871298 resets=0 ungets=12778 forwarded=7579
             histogram [2,4) => 3386, [4,8) => 265, [8,16) => 17, [16,32) => 39, [32,64) => 47, [64,128) => 608, [128,256) => 872089, [256,512) => 1155531
   Buffers: shared hit=2088125 read=99348
 Settings: enable_bitmapscan = 'off', enable_seqscan = 'off', max_parallel_workers_per_gather = '0'
 Planning:
   Buffers: shared hit=78 read=27
 Planning Time: 2.169 ms
 Execution Time: 1697.032 ms
(12 rows)

SET
SET
SET
SET
SET
                                             QUERY PLAN                                             
----------------------------------------------------------------------------------------------------
 Index Scan using idx on public.t (actual rows=7048576.00 loops=1)
   Output: a, b
   Index Cond: ((t.a >= '-1764665'::integer) AND (t.a <= '-2522'::integer))
   Index Searches: 1
   Buffers: shared hit=2187475
 Settings: enable_bitmapscan = 'off', enable_seqscan = 'off', max_parallel_workers_per_gather = '0'
 Planning:
   Buffers: shared hit=110
 Planning Time: 0.230 ms
 Execution Time: 1136.025 ms
(10 rows)

