SET
SET
SET
SET
SET
                                                                        QUERY PLAN                                                                        
----------------------------------------------------------------------------------------------------------------------------------------------------------
 Index Scan using idx on public.t (actual rows=4048576.00 loops=1)
   Output: a, b
   Index Cond: ((t.a >= '-1033379'::integer) AND (t.a <= '-21236'::integer))
   Index Searches: 1
   Prefetch: distance=253.114 count=1127695 stalls=134528 skipped=2797897 resets=0 ungets=12103 forwarded=4628
             histogram [2,4) => 3300, [4,8) => 263, [8,16) => 17, [16,32) => 34, [32,64) => 51, [64,128) => 573, [128,256) => 480109, [256,512) => 643348
   Buffers: shared hit=1195977 read=60389
 Settings: enable_bitmapscan = 'off', enable_seqscan = 'off', max_parallel_workers_per_gather = '0'
 Planning:
   Buffers: shared hit=78 read=27
 Planning Time: 2.160 ms
 Execution Time: 1018.975 ms
(12 rows)

SET
SET
SET
SET
SET
                                             QUERY PLAN                                             
----------------------------------------------------------------------------------------------------
 Index Scan using idx on public.t (actual rows=4048576.00 loops=1)
   Output: a, b
   Index Cond: ((t.a >= '-1033379'::integer) AND (t.a <= '-21236'::integer))
   Index Searches: 1
   Buffers: shared hit=1256367
 Settings: enable_bitmapscan = 'off', enable_seqscan = 'off', max_parallel_workers_per_gather = '0'
 Planning:
   Buffers: shared hit=110
 Planning Time: 0.220 ms
 Execution Time: 650.868 ms
(10 rows)

