SET
SET
SET
SET
SET
                                                                QUERY PLAN                                                                
------------------------------------------------------------------------------------------------------------------------------------------
 Index Scan using idx on public.t (actual rows=256.00 loops=1)
   Output: a, b
   Index Cond: ((t.a >= 11991) AND (t.a <= 12054))
   Index Searches: 1
   Prefetch: distance=198.896 count=193 stalls=2 skipped=2 resets=0 ungets=20 forwarded=1
             histogram [2,4) => 8, [4,8) => 9, [8,16) => 6, [16,32) => 15, [32,64) => 13, [64,128) => 2, [128,256) => 7, [256,512) => 133
   Buffers: shared hit=162 read=96
 Settings: enable_bitmapscan = 'off', enable_seqscan = 'off', max_parallel_workers_per_gather = '0'
 Planning:
   Buffers: shared hit=86 read=26
 Planning Time: 1.021 ms
 Execution Time: 4.782 ms
(12 rows)

SET
SET
SET
SET
SET
                                             QUERY PLAN                                             
----------------------------------------------------------------------------------------------------
 Index Scan using idx on public.t (actual rows=256.00 loops=1)
   Output: a, b
   Index Cond: ((t.a >= 11991) AND (t.a <= 12054))
   Index Searches: 1
   Buffers: shared hit=258
 Settings: enable_bitmapscan = 'off', enable_seqscan = 'off', max_parallel_workers_per_gather = '0'
 Planning:
   Buffers: shared hit=117
 Planning Time: 0.183 ms
 Execution Time: 0.158 ms
(10 rows)

