SET
SET
SET
SET
SET
                                             QUERY PLAN                                             
----------------------------------------------------------------------------------------------------
 Index Scan using idx on public.t (actual rows=512.00 loops=1)
   Output: a, b
   Index Cond: ((t.a >= '-8805'::integer) AND (t.a <= '-8678'::integer))
   Index Searches: 1
   Prefetch: distance=13.652 count=23 stalls=1 skipped=45 resets=0 ungets=0 forwarded=1
             histogram [2,4) => 2, [4,8) => 3, [8,16) => 13, [16,32) => 5
   Buffers: shared hit=11 read=160
 Settings: enable_bitmapscan = 'off', enable_seqscan = 'off', max_parallel_workers_per_gather = '0'
 Planning:
   Buffers: shared hit=82 read=27
 Planning Time: 1.026 ms
 Execution Time: 9.762 ms
(12 rows)

SET
SET
SET
SET
SET
                                             QUERY PLAN                                             
----------------------------------------------------------------------------------------------------
 Index Scan using idx on public.t (actual rows=512.00 loops=1)
   Output: a, b
   Index Cond: ((t.a >= '-8805'::integer) AND (t.a <= '-8678'::integer))
   Index Searches: 1
   Buffers: shared hit=171
 Settings: enable_bitmapscan = 'off', enable_seqscan = 'off', max_parallel_workers_per_gather = '0'
 Planning:
   Buffers: shared hit=114
 Planning Time: 0.197 ms
 Execution Time: 0.245 ms
(10 rows)

