SET
SET
SET
SET
SET
                                                                QUERY PLAN                                                                
------------------------------------------------------------------------------------------------------------------------------------------
 Index Scan using idx on public.t (actual rows=4096.00 loops=1)
   Output: a, b
   Index Cond: ((t.a >= '-23914'::integer) AND (t.a <= '-22891'::integer))
   Index Searches: 1
   Prefetch: distance=267.916 count=2139 stalls=1 skipped=2746 resets=0 ungets=881 forwarded=13
             histogram [2,4) => 2, [4,8) => 3, [8,16) => 6, [16,32) => 10, [32,64) => 9, [64,128) => 2, [128,256) => 3, [256,512) => 2104
   Buffers: shared hit=150 read=1145
 Settings: enable_bitmapscan = 'off', enable_seqscan = 'off', max_parallel_workers_per_gather = '0'
 Planning:
   Buffers: shared hit=82 read=27
 Planning Time: 1.911 ms
 Execution Time: 8.960 ms
(12 rows)

SET
SET
SET
SET
SET
                                             QUERY PLAN                                             
----------------------------------------------------------------------------------------------------
 Index Scan using idx on public.t (actual rows=4096.00 loops=1)
   Output: a, b
   Index Cond: ((t.a >= '-23914'::integer) AND (t.a <= '-22891'::integer))
   Index Searches: 1
   Buffers: shared hit=1295
 Settings: enable_bitmapscan = 'off', enable_seqscan = 'off', max_parallel_workers_per_gather = '0'
 Planning:
   Buffers: shared hit=114
 Planning Time: 0.194 ms
 Execution Time: 1.267 ms
(10 rows)

