SET
SET
SET
SET
SET
                                                                 QUERY PLAN                                                                 
--------------------------------------------------------------------------------------------------------------------------------------------
 Index Scan using idx on public.t (actual rows=32768.00 loops=1)
   Output: a, b
   Index Cond: ((t.a >= '-18368'::integer) AND (t.a <= '-10177'::integer))
   Index Searches: 1
   Prefetch: distance=270.321 count=13965 stalls=1 skipped=22258 resets=0 ungets=4075 forwarded=285
             histogram [2,4) => 2, [4,8) => 3, [8,16) => 7, [16,32) => 15, [32,64) => 2, [64,128) => 2, [128,256) => 20, [256,512) => 13914
   Buffers: shared hit=5270 read=4867
 Settings: enable_bitmapscan = 'off', enable_seqscan = 'off', max_parallel_workers_per_gather = '0'
 Planning:
   Buffers: shared hit=82 read=27
 Planning Time: 2.197 ms
 Execution Time: 40.900 ms
(12 rows)

SET
SET
SET
SET
SET
                                             QUERY PLAN                                             
----------------------------------------------------------------------------------------------------
 Index Scan using idx on public.t (actual rows=32768.00 loops=1)
   Output: a, b
   Index Cond: ((t.a >= '-18368'::integer) AND (t.a <= '-10177'::integer))
   Index Searches: 1
   Buffers: shared hit=10137
 Settings: enable_bitmapscan = 'off', enable_seqscan = 'off', max_parallel_workers_per_gather = '0'
 Planning:
   Buffers: shared hit=114
 Planning Time: 0.182 ms
 Execution Time: 4.587 ms
(10 rows)

