SET
SET
SET
SET
SET
                                                               QUERY PLAN                                                                
-----------------------------------------------------------------------------------------------------------------------------------------
 Index Scan using idx on public.t (actual rows=2048.00 loops=1)
   Output: a, b
   Index Cond: ((t.a >= '-26152'::integer) AND (t.a <= '-25641'::integer))
   Index Searches: 1
   Prefetch: distance=262.970 count=899 stalls=1 skipped=1162 resets=0 ungets=373 forwarded=7
             histogram [2,4) => 2, [4,8) => 7, [8,16) => 10, [16,32) => 9, [32,64) => 2, [64,128) => 2, [128,256) => 2, [256,512) => 865
   Buffers: shared hit=52 read=592
 Settings: enable_bitmapscan = 'off', enable_seqscan = 'off', max_parallel_workers_per_gather = '0'
 Planning:
   Buffers: shared hit=82 read=27
 Planning Time: 1.494 ms
 Execution Time: 10.762 ms
(12 rows)

SET
SET
SET
SET
SET
                                             QUERY PLAN                                             
----------------------------------------------------------------------------------------------------
 Index Scan using idx on public.t (actual rows=2048.00 loops=1)
   Output: a, b
   Index Cond: ((t.a >= '-26152'::integer) AND (t.a <= '-25641'::integer))
   Index Searches: 1
   Buffers: shared hit=644
 Settings: enable_bitmapscan = 'off', enable_seqscan = 'off', max_parallel_workers_per_gather = '0'
 Planning:
   Buffers: shared hit=114
 Planning Time: 0.177 ms
 Execution Time: 0.517 ms
(10 rows)

