SET
SET
SET
SET
SET
                                                                         QUERY PLAN                                                                         
------------------------------------------------------------------------------------------------------------------------------------------------------------
 Index Scan using idx on public.t (actual rows=8048576.00 loops=1)
   Output: a, b
   Index Cond: ((t.a >= '-2027142'::integer) AND (t.a <= '-14999'::integer))
   Index Searches: 1
   Prefetch: distance=253.590 count=2356477 stalls=142110 skipped=5562657 resets=0 ungets=13011 forwarded=8610
             histogram [2,4) => 3346, [4,8) => 264, [8,16) => 19, [16,32) => 37, [32,64) => 47, [64,128) => 608, [128,256) => 1012015, [256,512) => 1340141
   Buffers: shared hit=2384540 read=113199
 Settings: enable_bitmapscan = 'off', enable_seqscan = 'off', max_parallel_workers_per_gather = '0'
 Planning:
   Buffers: shared hit=78 read=27
 Planning Time: 2.251 ms
 Execution Time: 1933.566 ms
(12 rows)

SET
SET
SET
SET
SET
                                             QUERY PLAN                                             
----------------------------------------------------------------------------------------------------
 Index Scan using idx on public.t (actual rows=8048576.00 loops=1)
   Output: a, b
   Index Cond: ((t.a >= '-2027142'::integer) AND (t.a <= '-14999'::integer))
   Index Searches: 1
   Buffers: shared hit=2497741
 Settings: enable_bitmapscan = 'off', enable_seqscan = 'off', max_parallel_workers_per_gather = '0'
 Planning:
   Buffers: shared hit=110
 Planning Time: 0.231 ms
 Execution Time: 1290.547 ms
(10 rows)

