SET
SET
SET
SET
SET
                                                                        QUERY PLAN                                                                        
----------------------------------------------------------------------------------------------------------------------------------------------------------
 Index Scan using idx on public.t (actual rows=5048576.00 loops=1)
   Output: a, b
   Index Cond: ((t.a >= '-1282530'::integer) AND (t.a <= '-20387'::integer))
   Index Searches: 1
   Prefetch: distance=253.335 count=1435745 stalls=135561 skipped=3489100 resets=0 ungets=12337 forwarded=5626
             histogram [2,4) => 3306, [4,8) => 263, [8,16) => 16, [16,32) => 35, [32,64) => 52, [64,128) => 599, [128,256) => 612224, [256,512) => 819250
   Buffers: shared hit=1493097 read=73588
 Settings: enable_bitmapscan = 'off', enable_seqscan = 'off', max_parallel_workers_per_gather = '0'
 Planning:
   Buffers: shared hit=78 read=27
 Planning Time: 2.171 ms
 Execution Time: 1259.701 ms
(12 rows)

SET
SET
SET
SET
SET
                                             QUERY PLAN                                             
----------------------------------------------------------------------------------------------------
 Index Scan using idx on public.t (actual rows=5048576.00 loops=1)
   Output: a, b
   Index Cond: ((t.a >= '-1282530'::integer) AND (t.a <= '-20387'::integer))
   Index Searches: 1
   Buffers: shared hit=1566686
 Settings: enable_bitmapscan = 'off', enable_seqscan = 'off', max_parallel_workers_per_gather = '0'
 Planning:
   Buffers: shared hit=110
 Planning Time: 0.217 ms
 Execution Time: 823.706 ms
(10 rows)

