SET
SET
SET
SET
SET
                                             QUERY PLAN                                             
----------------------------------------------------------------------------------------------------
 Index Scan using idx on public.t (actual rows=4096.00 loops=1)
   Output: a, b
   Index Cond: ((t.a >= 1416) AND (t.a <= 2439))
   Index Searches: 1
   Prefetch: distance=2.066 count=364 stalls=3307 skipped=62 resets=0 ungets=0 forwarded=0
             histogram [2,4) => 356, [4,8) => 8
   Buffers: shared hit=3751 read=293
 Settings: enable_bitmapscan = 'off', enable_seqscan = 'off', max_parallel_workers_per_gather = '0'
 Planning:
   Buffers: shared hit=86 read=26
 Planning Time: 2.032 ms
 Execution Time: 20.359 ms
(12 rows)

SET
SET
SET
SET
SET
                                             QUERY PLAN                                             
----------------------------------------------------------------------------------------------------
 Index Scan using idx on public.t (actual rows=4096.00 loops=1)
   Output: a, b
   Index Cond: ((t.a >= 1416) AND (t.a <= 2439))
   Index Searches: 1
   Buffers: shared hit=4044
 Settings: enable_bitmapscan = 'off', enable_seqscan = 'off', max_parallel_workers_per_gather = '0'
 Planning:
   Buffers: shared hit=117
 Planning Time: 0.190 ms
 Execution Time: 0.840 ms
(10 rows)

