SET
SET
SET
SET
SET
                                                                        QUERY PLAN                                                                        
----------------------------------------------------------------------------------------------------------------------------------------------------------
 Index Scan using idx on public.t (actual rows=4048576.00 loops=1)
   Output: a, b
   Index Cond: ((t.a >= '-1023312'::integer) AND (t.a <= '-11169'::integer))
   Index Searches: 1
   Prefetch: distance=253.083 count=1115319 stalls=146819 skipped=2798127 resets=0 ungets=12060 forwarded=4617
             histogram [2,4) => 3362, [4,8) => 264, [8,16) => 17, [16,32) => 35, [32,64) => 51, [64,128) => 574, [128,256) => 474615, [256,512) => 636401
   Buffers: shared hit=1196337 read=59921
 Settings: enable_bitmapscan = 'off', enable_seqscan = 'off', max_parallel_workers_per_gather = '0'
 Planning:
   Buffers: shared hit=78 read=27
 Planning Time: 2.175 ms
 Execution Time: 1015.581 ms
(12 rows)

SET
SET
SET
SET
SET
                                             QUERY PLAN                                             
----------------------------------------------------------------------------------------------------
 Index Scan using idx on public.t (actual rows=4048576.00 loops=1)
   Output: a, b
   Index Cond: ((t.a >= '-1023312'::integer) AND (t.a <= '-11169'::integer))
   Index Searches: 1
   Buffers: shared hit=1256261
 Settings: enable_bitmapscan = 'off', enable_seqscan = 'off', max_parallel_workers_per_gather = '0'
 Planning:
   Buffers: shared hit=110
 Planning Time: 0.221 ms
 Execution Time: 666.847 ms
(10 rows)

