SET
SET
SET
SET
SET
                                                                        QUERY PLAN                                                                        
----------------------------------------------------------------------------------------------------------------------------------------------------------
 Index Scan using idx on public.t (actual rows=3048576.00 loops=1)
   Output: a, b
   Index Cond: ((t.a >= '-787620'::integer) AND (t.a <= '-25477'::integer))
   Index Searches: 1
   Prefetch: distance=252.804 count=824056 stalls=129309 skipped=2107112 resets=0 ungets=12052 forwarded=3581
             histogram [2,4) => 3262, [4,8) => 263, [8,16) => 16, [16,32) => 34, [32,64) => 52, [64,128) => 541, [128,256) => 348969, [256,512) => 470919
   Buffers: shared hit=898613 read=47315
 Settings: enable_bitmapscan = 'off', enable_seqscan = 'off', max_parallel_workers_per_gather = '0'
 Planning:
   Buffers: shared hit=78 read=27
 Planning Time: 2.149 ms
 Execution Time: 799.870 ms
(12 rows)

SET
SET
SET
SET
SET
                                             QUERY PLAN                                             
----------------------------------------------------------------------------------------------------
 Index Scan using idx on public.t (actual rows=3048576.00 loops=1)
   Output: a, b
   Index Cond: ((t.a >= '-787620'::integer) AND (t.a <= '-25477'::integer))
   Index Searches: 1
   Buffers: shared hit=945929
 Settings: enable_bitmapscan = 'off', enable_seqscan = 'off', max_parallel_workers_per_gather = '0'
 Planning:
   Buffers: shared hit=110
 Planning Time: 0.210 ms
 Execution Time: 505.295 ms
(10 rows)

