SET
SET
SET
SET
SET
                                                                         QUERY PLAN                                                                         
------------------------------------------------------------------------------------------------------------------------------------------------------------
 Index Scan using idx on public.t (actual rows=9048576.00 loops=1)
   Output: a, b
   Index Cond: ((t.a >= '-2264091'::integer) AND (t.a <= '-1948'::integer))
   Index Searches: 1
   Prefetch: distance=253.649 count=2649299 stalls=158253 skipped=6254044 resets=0 ungets=13267 forwarded=9552
             histogram [2,4) => 3386, [4,8) => 265, [8,16) => 16, [16,32) => 34, [32,64) => 50, [64,128) => 648, [128,256) => 1138146, [256,512) => 1506754
   Buffers: shared hit=2682110 read=125806
 Settings: enable_bitmapscan = 'off', enable_seqscan = 'off', max_parallel_workers_per_gather = '0'
 Planning:
   Buffers: shared hit=78 read=27
 Planning Time: 2.189 ms
 Execution Time: 2167.834 ms
(12 rows)

SET
SET
SET
SET
SET
                                             QUERY PLAN                                             
----------------------------------------------------------------------------------------------------
 Index Scan using idx on public.t (actual rows=9048576.00 loops=1)
   Output: a, b
   Index Cond: ((t.a >= '-2264091'::integer) AND (t.a <= '-1948'::integer))
   Index Searches: 1
   Buffers: shared hit=2807917
 Settings: enable_bitmapscan = 'off', enable_seqscan = 'off', max_parallel_workers_per_gather = '0'
 Planning:
   Buffers: shared hit=110
 Planning Time: 0.220 ms
 Execution Time: 1448.529 ms
(10 rows)

