SET
SET
SET
SET
SET
                                             QUERY PLAN                                             
----------------------------------------------------------------------------------------------------
 Index Scan using idx on public.t (actual rows=8192.00 loops=1)
   Output: a, b
   Index Cond: ((t.a >= 4059) AND (t.a <= 6106))
   Index Searches: 1
   Prefetch: distance=2.136 count=782 stalls=6961 skipped=114 resets=0 ungets=0 forwarded=0
             histogram [2,4) => 746, [4,8) => 36
   Buffers: shared hit=7606 read=488
 Settings: enable_bitmapscan = 'off', enable_seqscan = 'off', max_parallel_workers_per_gather = '0'
 Planning:
   Buffers: shared hit=86 read=26
 Planning Time: 2.050 ms
 Execution Time: 33.080 ms
(12 rows)

SET
SET
SET
SET
SET
                                             QUERY PLAN                                             
----------------------------------------------------------------------------------------------------
 Index Scan using idx on public.t (actual rows=8192.00 loops=1)
   Output: a, b
   Index Cond: ((t.a >= 4059) AND (t.a <= 6106))
   Index Searches: 1
   Buffers: shared hit=8094
 Settings: enable_bitmapscan = 'off', enable_seqscan = 'off', max_parallel_workers_per_gather = '0'
 Planning:
   Buffers: shared hit=117
 Planning Time: 0.193 ms
 Execution Time: 1.506 ms
(10 rows)

