SET
SET
SET
SET
SET
                                                               QUERY PLAN                                                               
----------------------------------------------------------------------------------------------------------------------------------------
 Index Scan using idx on public.t (actual rows=2048.00 loops=1)
   Output: a, b
   Index Cond: ((t.a >= '-17303'::integer) AND (t.a <= '-16792'::integer))
   Index Searches: 1
   Prefetch: distance=263.677 count=888 stalls=1 skipped=1170 resets=0 ungets=378 forwarded=8
             histogram [2,4) => 2, [4,8) => 3, [8,16) => 5, [16,32) => 9, [32,64) => 6, [64,128) => 4, [128,256) => 3, [256,512) => 856
   Buffers: shared hit=44 read=578
 Settings: enable_bitmapscan = 'off', enable_seqscan = 'off', max_parallel_workers_per_gather = '0'
 Planning:
   Buffers: shared hit=82 read=27
 Planning Time: 1.112 ms
 Execution Time: 10.157 ms
(12 rows)

SET
SET
SET
SET
SET
                                             QUERY PLAN                                             
----------------------------------------------------------------------------------------------------
 Index Scan using idx on public.t (actual rows=2048.00 loops=1)
   Output: a, b
   Index Cond: ((t.a >= '-17303'::integer) AND (t.a <= '-16792'::integer))
   Index Searches: 1
   Buffers: shared hit=622
 Settings: enable_bitmapscan = 'off', enable_seqscan = 'off', max_parallel_workers_per_gather = '0'
 Planning:
   Buffers: shared hit=114
 Planning Time: 0.173 ms
 Execution Time: 0.420 ms
(10 rows)

