SET
SET
SET
SET
SET
                                                                 QUERY PLAN                                                                 
--------------------------------------------------------------------------------------------------------------------------------------------
 Index Scan using idx on public.t (actual rows=32768.00 loops=1)
   Output: a, b
   Index Cond: ((t.a >= '-15848'::integer) AND (t.a <= '-7657'::integer))
   Index Searches: 1
   Prefetch: distance=270.187 count=14020 stalls=1 skipped=22227 resets=0 ungets=4039 forwarded=323
             histogram [2,4) => 2, [4,8) => 8, [8,16) => 9, [16,32) => 11, [32,64) => 2, [64,128) => 3, [128,256) => 25, [256,512) => 13960
   Buffers: shared hit=5384 read=4824
 Settings: enable_bitmapscan = 'off', enable_seqscan = 'off', max_parallel_workers_per_gather = '0'
 Planning:
   Buffers: shared hit=82 read=27
 Planning Time: 2.218 ms
 Execution Time: 39.854 ms
(12 rows)

SET
SET
SET
SET
SET
                                             QUERY PLAN                                             
----------------------------------------------------------------------------------------------------
 Index Scan using idx on public.t (actual rows=32768.00 loops=1)
   Output: a, b
   Index Cond: ((t.a >= '-15848'::integer) AND (t.a <= '-7657'::integer))
   Index Searches: 1
   Buffers: shared hit=10208
 Settings: enable_bitmapscan = 'off', enable_seqscan = 'off', max_parallel_workers_per_gather = '0'
 Planning:
   Buffers: shared hit=114
 Planning Time: 0.177 ms
 Execution Time: 4.439 ms
(10 rows)

