SET
SET
SET
SET
SET
                                                                QUERY PLAN                                                                
------------------------------------------------------------------------------------------------------------------------------------------
 Index Scan using idx on public.t (actual rows=8192.00 loops=1)
   Output: a, b
   Index Cond: ((t.a >= '-9525'::integer) AND (t.a <= '-7478'::integer))
   Index Searches: 1
   Prefetch: distance=269.797 count=3796 stalls=2 skipped=5187 resets=0 ungets=1444 forwarded=62
             histogram [2,4) => 2, [4,8) => 3, [8,16) => 12, [16,32) => 9, [32,64) => 2, [64,128) => 2, [128,256) => 2, [256,512) => 3764
   Buffers: shared hit=613 read=1957
 Settings: enable_bitmapscan = 'off', enable_seqscan = 'off', max_parallel_workers_per_gather = '0'
 Planning:
   Buffers: shared hit=82 read=27
 Planning Time: 2.204 ms
 Execution Time: 23.873 ms
(12 rows)

SET
SET
SET
SET
SET
                                             QUERY PLAN                                             
----------------------------------------------------------------------------------------------------
 Index Scan using idx on public.t (actual rows=8192.00 loops=1)
   Output: a, b
   Index Cond: ((t.a >= '-9525'::integer) AND (t.a <= '-7478'::integer))
   Index Searches: 1
   Buffers: shared hit=2570
 Settings: enable_bitmapscan = 'off', enable_seqscan = 'off', max_parallel_workers_per_gather = '0'
 Planning:
   Buffers: shared hit=114
 Planning Time: 0.175 ms
 Execution Time: 1.454 ms
(10 rows)

