SET
SET
SET
SET
SET
                                                                       QUERY PLAN                                                                       
--------------------------------------------------------------------------------------------------------------------------------------------------------
 Index Scan using idx on public.t (actual rows=524288.00 loops=1)
   Output: a, b
   Index Cond: ((t.a >= '-161682'::integer) AND (t.a <= '-30611'::integer))
   Index Searches: 1
   Prefetch: distance=249.352 count=90567 stalls=81280 skipped=362354 resets=0 ungets=9976 forwarded=1037
             histogram [2,4) => 1677, [4,8) => 137, [8,16) => 17, [16,32) => 33, [32,64) => 64, [64,128) => 567, [128,256) => 27455, [256,512) => 60617
   Buffers: shared hit=148659 read=14021
 Settings: enable_bitmapscan = 'off', enable_seqscan = 'off', max_parallel_workers_per_gather = '0'
 Planning:
   Buffers: shared hit=78 read=27
 Planning Time: 2.199 ms
 Execution Time: 173.327 ms
(12 rows)

SET
SET
SET
SET
SET
                                             QUERY PLAN                                             
----------------------------------------------------------------------------------------------------
 Index Scan using idx on public.t (actual rows=524288.00 loops=1)
   Output: a, b
   Index Cond: ((t.a >= '-161682'::integer) AND (t.a <= '-30611'::integer))
   Index Searches: 1
   Buffers: shared hit=162681
 Settings: enable_bitmapscan = 'off', enable_seqscan = 'off', max_parallel_workers_per_gather = '0'
 Planning:
   Buffers: shared hit=110
 Planning Time: 0.183 ms
 Execution Time: 85.368 ms
(10 rows)

