SET
SET
SET
SET
SET
                                                                       QUERY PLAN                                                                        
---------------------------------------------------------------------------------------------------------------------------------------------------------
 Index Scan using idx on public.t (actual rows=1048576.00 loops=1)
   Output: a, b
   Index Cond: ((t.a >= '-280734'::integer) AND (t.a <= '-18591'::integer))
   Index Searches: 1
   Prefetch: distance=249.396 count=196963 stalls=137739 skipped=724414 resets=0 ungets=11195 forwarded=1483
             histogram [2,4) => 3322, [4,8) => 264, [8,16) => 16, [16,32) => 34, [32,64) => 53, [64,128) => 534, [128,256) => 75259, [256,512) => 117481
   Buffers: shared hit=304838 read=20452
 Settings: enable_bitmapscan = 'off', enable_seqscan = 'off', max_parallel_workers_per_gather = '0'
 Planning:
   Buffers: shared hit=78 read=27
 Planning Time: 2.174 ms
 Execution Time: 326.295 ms
(12 rows)

SET
SET
SET
SET
SET
                                             QUERY PLAN                                             
----------------------------------------------------------------------------------------------------
 Index Scan using idx on public.t (actual rows=1048576.00 loops=1)
   Output: a, b
   Index Cond: ((t.a >= '-280734'::integer) AND (t.a <= '-18591'::integer))
   Index Searches: 1
   Buffers: shared hit=325290
 Settings: enable_bitmapscan = 'off', enable_seqscan = 'off', max_parallel_workers_per_gather = '0'
 Planning:
   Buffers: shared hit=110
 Planning Time: 0.242 ms
 Execution Time: 169.591 ms
(10 rows)

