SET
SET
SET
SET
SET
                                                                   QUERY PLAN                                                                    
-------------------------------------------------------------------------------------------------------------------------------------------------
 Index Scan using idx on public.t (actual rows=1048576.00 loops=1)
   Output: a, b
   Index Cond: ((t.a >= 12086) AND (t.a <= 274229))
   Index Searches: 1
   Prefetch: distance=264.106 count=1136138 stalls=2 skipped=15607 resets=0 ungets=103190 forwarded=2544
             histogram [2,4) => 4, [4,8) => 4, [8,16) => 7, [16,32) => 10, [32,64) => 5, [64,128) => 2, [128,256) => 162881, [256,512) => 973225
   Buffers: shared hit=982860 read=51590
 Settings: enable_bitmapscan = 'off', enable_seqscan = 'off', max_parallel_workers_per_gather = '0'
 Planning:
   Buffers: shared hit=82 read=26
 Planning Time: 2.178 ms
 Execution Time: 1128.405 ms
(12 rows)

SET
SET
SET
SET
SET
                                             QUERY PLAN                                             
----------------------------------------------------------------------------------------------------
 Index Scan using idx on public.t (actual rows=1048576.00 loops=1)
   Output: a, b
   Index Cond: ((t.a >= 12086) AND (t.a <= 274229))
   Index Searches: 1
   Buffers: shared hit=1034545
 Settings: enable_bitmapscan = 'off', enable_seqscan = 'off', max_parallel_workers_per_gather = '0'
 Planning:
   Buffers: shared hit=113
 Planning Time: 0.193 ms
 Execution Time: 167.058 ms
(10 rows)

