SET
SET
SET
SET
SET
                                                                        QUERY PLAN                                                                        
----------------------------------------------------------------------------------------------------------------------------------------------------------
 Index Scan using idx on public.t (actual rows=5048576.00 loops=1)
   Output: a, b
   Index Cond: ((t.a >= '-1269051'::integer) AND (t.a <= '-6908'::integer))
   Index Searches: 1
   Prefetch: distance=253.324 count=1419347 stalls=152100 skipped=3489481 resets=0 ungets=12383 forwarded=5581
             histogram [2,4) => 3378, [4,8) => 265, [8,16) => 16, [16,32) => 35, [32,64) => 52, [64,128) => 598, [128,256) => 604570, [256,512) => 810433
   Buffers: shared hit=1493617 read=73018
 Settings: enable_bitmapscan = 'off', enable_seqscan = 'off', max_parallel_workers_per_gather = '0'
 Planning:
   Buffers: shared hit=78 read=27
 Planning Time: 2.194 ms
 Execution Time: 1230.388 ms
(12 rows)

SET
SET
SET
SET
SET
                                             QUERY PLAN                                             
----------------------------------------------------------------------------------------------------
 Index Scan using idx on public.t (actual rows=5048576.00 loops=1)
   Output: a, b
   Index Cond: ((t.a >= '-1269051'::integer) AND (t.a <= '-6908'::integer))
   Index Searches: 1
   Buffers: shared hit=1566636
 Settings: enable_bitmapscan = 'off', enable_seqscan = 'off', max_parallel_workers_per_gather = '0'
 Planning:
   Buffers: shared hit=110
 Planning Time: 0.240 ms
 Execution Time: 811.987 ms
(10 rows)

