SET
SET
SET
SET
SET
                                                                        QUERY PLAN                                                                        
----------------------------------------------------------------------------------------------------------------------------------------------------------
 Index Scan using idx on public.t (actual rows=2048576.00 loops=1)
   Output: a, b
   Index Cond: ((t.a >= '-535223'::integer) AND (t.a <= '-23080'::integer))
   Index Searches: 1
   Prefetch: distance=252.130 count=511784 stalls=132246 skipped=1415528 resets=0 ungets=11561 forwarded=2579
             histogram [2,4) => 3286, [4,8) => 263, [8,16) => 16, [16,32) => 34, [32,64) => 51, [64,128) => 541, [128,256) => 212658, [256,512) => 294935
   Buffers: shared hit=601790 read=33925
 Settings: enable_bitmapscan = 'off', enable_seqscan = 'off', max_parallel_workers_per_gather = '0'
 Planning:
   Buffers: shared hit=78 read=27
 Planning Time: 2.167 ms
 Execution Time: 553.798 ms
(12 rows)

SET
SET
SET
SET
SET
                                             QUERY PLAN                                             
----------------------------------------------------------------------------------------------------
 Index Scan using idx on public.t (actual rows=2048576.00 loops=1)
   Output: a, b
   Index Cond: ((t.a >= '-535223'::integer) AND (t.a <= '-23080'::integer))
   Index Searches: 1
   Buffers: shared hit=635715
 Settings: enable_bitmapscan = 'off', enable_seqscan = 'off', max_parallel_workers_per_gather = '0'
 Planning:
   Buffers: shared hit=110
 Planning Time: 0.183 ms
 Execution Time: 330.824 ms
(10 rows)

