SET
SET
SET
SET
SET
                                                                         QUERY PLAN                                                                         
------------------------------------------------------------------------------------------------------------------------------------------------------------
 Index Scan using idx on public.t (actual rows=8048576.00 loops=1)
   Output: a, b
   Index Cond: ((t.a >= '-2024022'::integer) AND (t.a <= '-11879'::integer))
   Index Searches: 1
   Prefetch: distance=253.587 count=2352524 stalls=145936 skipped=5562527 resets=0 ungets=12966 forwarded=8618
             histogram [2,4) => 3360, [4,8) => 264, [8,16) => 16, [16,32) => 34, [32,64) => 55, [64,128) => 608, [128,256) => 1010429, [256,512) => 1337758
   Buffers: shared hit=2384684 read=113038
 Settings: enable_bitmapscan = 'off', enable_seqscan = 'off', max_parallel_workers_per_gather = '0'
 Planning:
   Buffers: shared hit=78 read=27
 Planning Time: 2.173 ms
 Execution Time: 1946.822 ms
(12 rows)

SET
SET
SET
SET
SET
                                             QUERY PLAN                                             
----------------------------------------------------------------------------------------------------
 Index Scan using idx on public.t (actual rows=8048576.00 loops=1)
   Output: a, b
   Index Cond: ((t.a >= '-2024022'::integer) AND (t.a <= '-11879'::integer))
   Index Searches: 1
   Buffers: shared hit=2497723
 Settings: enable_bitmapscan = 'off', enable_seqscan = 'off', max_parallel_workers_per_gather = '0'
 Planning:
   Buffers: shared hit=110
 Planning Time: 0.202 ms
 Execution Time: 1287.946 ms
(10 rows)

