SET
SET
SET
SET
SET
                                                                  QUERY PLAN                                                                  
----------------------------------------------------------------------------------------------------------------------------------------------
 Index Scan Backward using idx on public.t (actual rows=131072.00 loops=1)
   Output: a, b
   Index Cond: ((t.a >= '-46220'::integer) AND (t.a <= '-13453'::integer))
   Index Searches: 1
   Prefetch: distance=265.052 count=47467 stalls=1 skipped=90472 resets=0 ungets=7207 forwarded=1
             histogram [2,4) => 2, [4,8) => 3, [8,16) => 12, [16,32) => 5, [32,64) => 2, [64,128) => 2, [128,256) => 6227, [256,512) => 41214
   Buffers: shared hit=32578 read=7995
 Settings: enable_bitmapscan = 'off', enable_seqscan = 'off', max_parallel_workers_per_gather = '0'
 Planning:
   Buffers: shared hit=86 read=27
 Planning Time: 2.195 ms
 Execution Time: 80.805 ms
(12 rows)

SET
SET
SET
SET
SET
                                             QUERY PLAN                                             
----------------------------------------------------------------------------------------------------
 Index Scan Backward using idx on public.t (actual rows=131072.00 loops=1)
   Output: a, b
   Index Cond: ((t.a >= '-46220'::integer) AND (t.a <= '-13453'::integer))
   Index Searches: 1
   Buffers: shared hit=40573
 Settings: enable_bitmapscan = 'off', enable_seqscan = 'off', max_parallel_workers_per_gather = '0'
 Planning:
   Buffers: shared hit=118
 Planning Time: 0.190 ms
 Execution Time: 18.337 ms
(10 rows)

