SET
SET
SET
SET
SET
                                                                     QUERY PLAN                                                                     
----------------------------------------------------------------------------------------------------------------------------------------------------
 Index Scan Backward using idx on public.t (actual rows=9048576.00 loops=1)
   Output: a, b
   Index Cond: ((t.a >= '-2270239'::integer) AND (t.a <= '-8096'::integer))
   Index Searches: 1
   Prefetch: distance=255.070 count=2808690 stalls=1 skipped=6253983 resets=0 ungets=14489 forwarded=5
             histogram [2,4) => 2, [4,8) => 6, [8,16) => 6, [16,32) => 9, [32,64) => 2, [64,128) => 280, [128,256) => 1129187, [256,512) => 1679198
   Buffers: shared hit=2681828 read=126061
 Settings: enable_bitmapscan = 'off', enable_seqscan = 'off', max_parallel_workers_per_gather = '0'
 Planning:
   Buffers: shared hit=82 read=27
 Planning Time: 2.161 ms
 Execution Time: 2952.591 ms
(12 rows)

SET
SET
SET
SET
SET
                                             QUERY PLAN                                             
----------------------------------------------------------------------------------------------------
 Index Scan Backward using idx on public.t (actual rows=9048576.00 loops=1)
   Output: a, b
   Index Cond: ((t.a >= '-2270239'::integer) AND (t.a <= '-8096'::integer))
   Index Searches: 1
   Buffers: shared hit=2807889
 Settings: enable_bitmapscan = 'off', enable_seqscan = 'off', max_parallel_workers_per_gather = '0'
 Planning:
   Buffers: shared hit=114
 Planning Time: 0.232 ms
 Execution Time: 1444.673 ms
(10 rows)

