SET
SET
SET
SET
SET
                                                                   QUERY PLAN                                                                   
------------------------------------------------------------------------------------------------------------------------------------------------
 Index Scan Backward using idx on public.t (actual rows=524288.00 loops=1)
   Output: a, b
   Index Cond: ((t.a >= '-156343'::integer) AND (t.a <= '-25272'::integer))
   Index Searches: 1
   Prefetch: distance=258.113 count=169888 stalls=1 skipped=362063 resets=0 ungets=8155 forwarded=0
             histogram [2,4) => 2, [4,8) => 4, [8,16) => 10, [16,32) => 8, [32,64) => 2, [64,128) => 3, [128,256) => 54374, [256,512) => 115485
   Buffers: shared hit=148862 read=13807
 Settings: enable_bitmapscan = 'off', enable_seqscan = 'off', max_parallel_workers_per_gather = '0'
 Planning:
   Buffers: shared hit=82 read=27
 Planning Time: 2.168 ms
 Execution Time: 209.167 ms
(12 rows)

SET
SET
SET
SET
SET
                                             QUERY PLAN                                             
----------------------------------------------------------------------------------------------------
 Index Scan Backward using idx on public.t (actual rows=524288.00 loops=1)
   Output: a, b
   Index Cond: ((t.a >= '-156343'::integer) AND (t.a <= '-25272'::integer))
   Index Searches: 1
   Buffers: shared hit=162669
 Settings: enable_bitmapscan = 'off', enable_seqscan = 'off', max_parallel_workers_per_gather = '0'
 Planning:
   Buffers: shared hit=114
 Planning Time: 0.212 ms
 Execution Time: 86.280 ms
(10 rows)

