SET
SET
SET
SET
SET
                                                                     QUERY PLAN                                                                     
----------------------------------------------------------------------------------------------------------------------------------------------------
 Index Scan Backward using idx on public.t (actual rows=9048576.00 loops=1)
   Output: a, b
   Index Cond: ((t.a >= '-2283064'::integer) AND (t.a <= '-20921'::integer))
   Index Searches: 1
   Prefetch: distance=255.079 count=2809297 stalls=1 skipped=6253834 resets=0 ungets=15083 forwarded=5
             histogram [2,4) => 4, [4,8) => 5, [8,16) => 7, [16,32) => 7, [32,64) => 3, [64,128) => 278, [128,256) => 1128874, [256,512) => 1680119
   Buffers: shared hit=2681339 read=126586
 Settings: enable_bitmapscan = 'off', enable_seqscan = 'off', max_parallel_workers_per_gather = '0'
 Planning:
   Buffers: shared hit=82 read=27
 Planning Time: 2.176 ms
 Execution Time: 2961.286 ms
(12 rows)

SET
SET
SET
SET
SET
                                             QUERY PLAN                                             
----------------------------------------------------------------------------------------------------
 Index Scan Backward using idx on public.t (actual rows=9048576.00 loops=1)
   Output: a, b
   Index Cond: ((t.a >= '-2283064'::integer) AND (t.a <= '-20921'::integer))
   Index Searches: 1
   Buffers: shared hit=2807925
 Settings: enable_bitmapscan = 'off', enable_seqscan = 'off', max_parallel_workers_per_gather = '0'
 Planning:
   Buffers: shared hit=114
 Planning Time: 0.232 ms
 Execution Time: 1437.882 ms
(10 rows)

