SET
SET
SET
SET
SET
                                                              QUERY PLAN                                                               
---------------------------------------------------------------------------------------------------------------------------------------
 Index Scan Backward using idx on public.t (actual rows=8048576.00 loops=1)
   Output: a, b
   Index Cond: ((t.a >= '-2041623'::integer) AND (t.a <= '-29480'::integer))
   Index Searches: 1
   Buffers: shared hit=2384037 read=113791
 Settings: enable_bitmapscan = 'off', enable_seqscan = 'off', max_parallel_workers_per_gather = '0', enable_indexscan_prefetch = 'off'
 Planning:
   Buffers: shared hit=82 read=27
 Planning Time: 2.170 ms
 Execution Time: 2798.166 ms
(10 rows)

SET
SET
SET
SET
SET
                                                              QUERY PLAN                                                               
---------------------------------------------------------------------------------------------------------------------------------------
 Index Scan Backward using idx on public.t (actual rows=8048576.00 loops=1)
   Output: a, b
   Index Cond: ((t.a >= '-2041623'::integer) AND (t.a <= '-29480'::integer))
   Index Searches: 1
   Buffers: shared hit=2497828
 Settings: enable_bitmapscan = 'off', enable_seqscan = 'off', max_parallel_workers_per_gather = '0', enable_indexscan_prefetch = 'off'
 Planning:
   Buffers: shared hit=114
 Planning Time: 0.210 ms
 Execution Time: 1294.005 ms
(10 rows)

