SET
SET
SET
SET
SET
                                                                 QUERY PLAN                                                                 
--------------------------------------------------------------------------------------------------------------------------------------------
 Index Scan Backward using idx on public.t (actual rows=32768.00 loops=1)
   Output: a, b
   Index Cond: ((t.a >= '-22287'::integer) AND (t.a <= '-14096'::integer))
   Index Searches: 1
   Prefetch: distance=270.589 count=14734 stalls=1 skipped=22427 resets=0 ungets=4833 forwarded=1
             histogram [2,4) => 2, [4,8) => 3, [8,16) => 12, [16,32) => 6, [32,64) => 2, [64,128) => 2, [128,256) => 21, [256,512) => 14686
   Buffers: shared hit=5064 read=5026
 Settings: enable_bitmapscan = 'off', enable_seqscan = 'off', max_parallel_workers_per_gather = '0'
 Planning:
   Buffers: shared hit=86 read=27
 Planning Time: 2.208 ms
 Execution Time: 47.427 ms
(12 rows)

SET
SET
SET
SET
SET
                                             QUERY PLAN                                             
----------------------------------------------------------------------------------------------------
 Index Scan Backward using idx on public.t (actual rows=32768.00 loops=1)
   Output: a, b
   Index Cond: ((t.a >= '-22287'::integer) AND (t.a <= '-14096'::integer))
   Index Searches: 1
   Buffers: shared hit=10090
 Settings: enable_bitmapscan = 'off', enable_seqscan = 'off', max_parallel_workers_per_gather = '0'
 Planning:
   Buffers: shared hit=118
 Planning Time: 0.187 ms
 Execution Time: 5.550 ms
(10 rows)

