SET
SET
SET
SET
SET
                                                                     QUERY PLAN                                                                     
----------------------------------------------------------------------------------------------------------------------------------------------------
 Index Scan Backward using idx on public.t (actual rows=9048576.00 loops=1)
   Output: a, b
   Index Cond: ((t.a >= '-2267164'::integer) AND (t.a <= '-5021'::integer))
   Index Searches: 1
   Prefetch: distance=255.082 count=2808418 stalls=1 skipped=6253765 resets=0 ungets=14275 forwarded=4
             histogram [2,4) => 2, [4,8) => 3, [8,16) => 5, [16,32) => 9, [32,64) => 2, [64,128) => 279, [128,256) => 1128490, [256,512) => 1679628
   Buffers: shared hit=2681960 read=125928
 Settings: enable_bitmapscan = 'off', enable_seqscan = 'off', max_parallel_workers_per_gather = '0'
 Planning:
   Buffers: shared hit=82 read=27
 Planning Time: 2.160 ms
 Execution Time: 2972.738 ms
(12 rows)

SET
SET
SET
SET
SET
                                             QUERY PLAN                                             
----------------------------------------------------------------------------------------------------
 Index Scan Backward using idx on public.t (actual rows=9048576.00 loops=1)
   Output: a, b
   Index Cond: ((t.a >= '-2267164'::integer) AND (t.a <= '-5021'::integer))
   Index Searches: 1
   Buffers: shared hit=2807888
 Settings: enable_bitmapscan = 'off', enable_seqscan = 'off', max_parallel_workers_per_gather = '0'
 Planning:
   Buffers: shared hit=114
 Planning Time: 0.262 ms
 Execution Time: 1449.939 ms
(10 rows)

