SET
SET
SET
SET
SET
                                                                 QUERY PLAN                                                                 
--------------------------------------------------------------------------------------------------------------------------------------------
 Index Scan Backward using idx on public.t (actual rows=32768.00 loops=1)
   Output: a, b
   Index Cond: ((t.a >= '-19331'::integer) AND (t.a <= '-11140'::integer))
   Index Searches: 1
   Prefetch: distance=270.507 count=14749 stalls=1 skipped=22541 resets=0 ungets=4762 forwarded=1
             histogram [2,4) => 4, [4,8) => 3, [8,16) => 12, [16,32) => 5, [32,64) => 2, [64,128) => 2, [128,256) => 13, [256,512) => 14708
   Buffers: shared hit=5221 read=4902
 Settings: enable_bitmapscan = 'off', enable_seqscan = 'off', max_parallel_workers_per_gather = '0'
 Planning:
   Buffers: shared hit=86 read=27
 Planning Time: 2.193 ms
 Execution Time: 43.567 ms
(12 rows)

SET
SET
SET
SET
SET
                                             QUERY PLAN                                             
----------------------------------------------------------------------------------------------------
 Index Scan Backward using idx on public.t (actual rows=32768.00 loops=1)
   Output: a, b
   Index Cond: ((t.a >= '-19331'::integer) AND (t.a <= '-11140'::integer))
   Index Searches: 1
   Buffers: shared hit=10123
 Settings: enable_bitmapscan = 'off', enable_seqscan = 'off', max_parallel_workers_per_gather = '0'
 Planning:
   Buffers: shared hit=118
 Planning Time: 0.180 ms
 Execution Time: 4.825 ms
(10 rows)

