SET
SET
SET
SET
SET
                                                               QUERY PLAN                                                                
-----------------------------------------------------------------------------------------------------------------------------------------
 Index Scan Backward using idx on public.t (actual rows=1024.00 loops=1)
   Output: a, b
   Index Cond: ((t.a >= '-8503'::integer) AND (t.a <= '-8248'::integer))
   Index Searches: 1
   Prefetch: distance=252.608 count=337 stalls=1 skipped=392 resets=0 ungets=157 forwarded=0
             histogram [2,4) => 2, [4,8) => 5, [8,16) => 10, [16,32) => 5, [32,64) => 2, [64,128) => 2, [128,256) => 2, [256,512) => 309
   Buffers: shared hit=12 read=319
 Settings: enable_bitmapscan = 'off', enable_seqscan = 'off', max_parallel_workers_per_gather = '0'
 Planning:
   Buffers: shared hit=86 read=27
 Planning Time: 1.020 ms
 Execution Time: 10.856 ms
(12 rows)

SET
SET
SET
SET
SET
                                             QUERY PLAN                                             
----------------------------------------------------------------------------------------------------
 Index Scan Backward using idx on public.t (actual rows=1024.00 loops=1)
   Output: a, b
   Index Cond: ((t.a >= '-8503'::integer) AND (t.a <= '-8248'::integer))
   Index Searches: 1
   Buffers: shared hit=331
 Settings: enable_bitmapscan = 'off', enable_seqscan = 'off', max_parallel_workers_per_gather = '0'
 Planning:
   Buffers: shared hit=118
 Planning Time: 0.171 ms
 Execution Time: 0.307 ms
(10 rows)

