SET
SET
SET
SET
SET
                                                                  QUERY PLAN                                                                   
-----------------------------------------------------------------------------------------------------------------------------------------------
 Index Scan Backward using idx on public.t (actual rows=524288.00 loops=1)
   Output: a, b
   Index Cond: ((t.a >= '-156074'::integer) AND (t.a <= '-25003'::integer))
   Index Searches: 1
   Prefetch: distance=258.137 count=170016 stalls=1 skipped=362253 resets=0 ungets=8213 forwarded=0
             histogram [2,4) => 2, [4,8) => 3, [8,16) => 5, [16,32) => 9, [32,64) => 2, [64,128) => 3, [128,256) => 54326, [256,512) => 115666
   Buffers: shared hit=148872 read=13796
 Settings: enable_bitmapscan = 'off', enable_seqscan = 'off', max_parallel_workers_per_gather = '0'
 Planning:
   Buffers: shared hit=82 read=27
 Planning Time: 2.197 ms
 Execution Time: 215.949 ms
(12 rows)

SET
SET
SET
SET
SET
                                             QUERY PLAN                                             
----------------------------------------------------------------------------------------------------
 Index Scan Backward using idx on public.t (actual rows=524288.00 loops=1)
   Output: a, b
   Index Cond: ((t.a >= '-156074'::integer) AND (t.a <= '-25003'::integer))
   Index Searches: 1
   Buffers: shared hit=162668
 Settings: enable_bitmapscan = 'off', enable_seqscan = 'off', max_parallel_workers_per_gather = '0'
 Planning:
   Buffers: shared hit=114
 Planning Time: 0.226 ms
 Execution Time: 85.451 ms
(10 rows)

