SET
SET
SET
SET
SET
                                                                     QUERY PLAN                                                                     
----------------------------------------------------------------------------------------------------------------------------------------------------
 Index Scan Backward using idx on public.t (actual rows=7048576.00 loops=1)
   Output: a, b
   Index Cond: ((t.a >= '-1764175'::integer) AND (t.a <= '-2032'::integer))
   Index Searches: 1
   Prefetch: distance=255.166 count=2189126 stalls=1 skipped=4871260 resets=0 ungets=12410 forwarded=2
             histogram [2,4) => 2, [4,8) => 5, [8,16) => 5, [16,32) => 11, [32,64) => 3, [64,128) => 164, [128,256) => 876124, [256,512) => 1312812
   Buffers: shared hit=2088129 read=99331
 Settings: enable_bitmapscan = 'off', enable_seqscan = 'off', max_parallel_workers_per_gather = '0'
 Planning:
   Buffers: shared hit=82 read=27
 Planning Time: 2.178 ms
 Execution Time: 2307.266 ms
(12 rows)

SET
SET
SET
SET
SET
                                             QUERY PLAN                                             
----------------------------------------------------------------------------------------------------
 Index Scan Backward using idx on public.t (actual rows=7048576.00 loops=1)
   Output: a, b
   Index Cond: ((t.a >= '-1764175'::integer) AND (t.a <= '-2032'::integer))
   Index Searches: 1
   Buffers: shared hit=2187460
 Settings: enable_bitmapscan = 'off', enable_seqscan = 'off', max_parallel_workers_per_gather = '0'
 Planning:
   Buffers: shared hit=114
 Planning Time: 0.229 ms
 Execution Time: 1144.213 ms
(10 rows)

