SET
SET
SET
SET
SET
                                                               QUERY PLAN                                                                
-----------------------------------------------------------------------------------------------------------------------------------------
 Index Scan Backward using idx on public.t (actual rows=4096.00 loops=1)
   Output: a, b
   Index Cond: ((t.a >= '-11123'::integer) AND (t.a <= '-10100'::integer))
   Index Searches: 1
   Prefetch: distance=268.678 count=2077 stalls=1 skipped=2561 resets=0 ungets=934 forwarded=0
             histogram [2,4) => 4, [4,8) => 5, [8,16) => 7, [16,32) => 6, [32,64) => 2, [64,128) => 2, [128,256) => 2, [256,512) => 2049
   Buffers: shared hit=195 read=1080
 Settings: enable_bitmapscan = 'off', enable_seqscan = 'off', max_parallel_workers_per_gather = '0'
 Planning:
   Buffers: shared hit=86 read=27
 Planning Time: 1.684 ms
 Execution Time: 15.670 ms
(12 rows)

SET
SET
SET
SET
SET
                                             QUERY PLAN                                             
----------------------------------------------------------------------------------------------------
 Index Scan Backward using idx on public.t (actual rows=4096.00 loops=1)
   Output: a, b
   Index Cond: ((t.a >= '-11123'::integer) AND (t.a <= '-10100'::integer))
   Index Searches: 1
   Buffers: shared hit=1275
 Settings: enable_bitmapscan = 'off', enable_seqscan = 'off', max_parallel_workers_per_gather = '0'
 Planning:
   Buffers: shared hit=118
 Planning Time: 0.197 ms
 Execution Time: 1.244 ms
(10 rows)

