SET
SET
SET
SET
SET
                                                                   QUERY PLAN                                                                    
-------------------------------------------------------------------------------------------------------------------------------------------------
 Index Scan Backward using idx on public.t (actual rows=5048576.00 loops=1)
   Output: a, b
   Index Cond: ((t.a >= '-1268476'::integer) AND (t.a <= '-6333'::integer))
   Index Searches: 1
   Prefetch: distance=255.305 count=1570003 stalls=1 skipped=3489419 resets=0 ungets=10942 forwarded=3
             histogram [2,4) => 2, [4,8) => 3, [8,16) => 5, [16,32) => 9, [32,64) => 2, [64,128) => 41, [128,256) => 622845, [256,512) => 947096
   Buffers: shared hit=1493664 read=72993
 Settings: enable_bitmapscan = 'off', enable_seqscan = 'off', max_parallel_workers_per_gather = '0'
 Planning:
   Buffers: shared hit=82 read=27
 Planning Time: 2.179 ms
 Execution Time: 1663.975 ms
(12 rows)

SET
SET
SET
SET
SET
                                             QUERY PLAN                                             
----------------------------------------------------------------------------------------------------
 Index Scan Backward using idx on public.t (actual rows=5048576.00 loops=1)
   Output: a, b
   Index Cond: ((t.a >= '-1268476'::integer) AND (t.a <= '-6333'::integer))
   Index Searches: 1
   Buffers: shared hit=1566657
 Settings: enable_bitmapscan = 'off', enable_seqscan = 'off', max_parallel_workers_per_gather = '0'
 Planning:
   Buffers: shared hit=114
 Planning Time: 0.217 ms
 Execution Time: 816.802 ms
(10 rows)

