SET
SET
SET
SET
SET
                                                                        QUERY PLAN                                                                         
-----------------------------------------------------------------------------------------------------------------------------------------------------------
 Index Scan Backward using idx on public.t (actual rows=2048576.00 loops=1)
   Output: a, b
   Index Cond: ((t.a >= '-527757'::integer) AND (t.a <= '-15614'::integer))
   Index Searches: 1
   Prefetch: distance=252.239 count=541689 stalls=104431 skipped=1416077 resets=0 ungets=13768 forwarded=2
             histogram [2,4) => 1978, [4,8) => 138, [8,16) => 22, [16,32) => 26, [32,64) => 212, [64,128) => 838, [128,256) => 224532, [256,512) => 313943
   Buffers: shared hit=601859 read=33609
 Settings: enable_bitmapscan = 'off', enable_seqscan = 'off', max_parallel_workers_per_gather = '0'
 Planning:
   Buffers: shared hit=78 read=26
 Planning Time: 2.214 ms
 Execution Time: 726.860 ms
(12 rows)

SET
SET
SET
SET
SET
                                             QUERY PLAN                                             
----------------------------------------------------------------------------------------------------
 Index Scan Backward using idx on public.t (actual rows=2048576.00 loops=1)
   Output: a, b
   Index Cond: ((t.a >= '-527757'::integer) AND (t.a <= '-15614'::integer))
   Index Searches: 1
   Buffers: shared hit=635468
 Settings: enable_bitmapscan = 'off', enable_seqscan = 'off', max_parallel_workers_per_gather = '0'
 Planning:
   Buffers: shared hit=109
 Planning Time: 0.194 ms
 Execution Time: 328.720 ms
(10 rows)

