SET
SET
SET
SET
SET
                                                                        QUERY PLAN                                                                        
----------------------------------------------------------------------------------------------------------------------------------------------------------
 Index Scan Backward using idx on public.t (actual rows=1048576.00 loops=1)
   Output: a, b
   Index Cond: ((t.a >= '-262992'::integer) AND (t.a <= '-849'::integer))
   Index Searches: 1
   Prefetch: distance=248.305 count=213800 stalls=122576 skipped=724423 resets=0 ungets=12758 forwarded=0
             histogram [2,4) => 2022, [4,8) => 140, [8,16) => 22, [16,32) => 26, [32,64) => 212, [64,128) => 835, [128,256) => 90128, [256,512) => 120415
   Buffers: shared hit=305717 read=19647
 Settings: enable_bitmapscan = 'off', enable_seqscan = 'off', max_parallel_workers_per_gather = '0'
 Planning:
   Buffers: shared hit=78 read=26
 Planning Time: 1.998 ms
 Execution Time: 414.283 ms
(12 rows)

SET
SET
SET
SET
SET
                                             QUERY PLAN                                             
----------------------------------------------------------------------------------------------------
 Index Scan Backward using idx on public.t (actual rows=1048576.00 loops=1)
   Output: a, b
   Index Cond: ((t.a >= '-262992'::integer) AND (t.a <= '-849'::integer))
   Index Searches: 1
   Buffers: shared hit=325364
 Settings: enable_bitmapscan = 'off', enable_seqscan = 'off', max_parallel_workers_per_gather = '0'
 Planning:
   Buffers: shared hit=109
 Planning Time: 0.191 ms
 Execution Time: 167.926 ms
(10 rows)

