SET
SET
SET
SET
SET
                                                                     QUERY PLAN                                                                      
-----------------------------------------------------------------------------------------------------------------------------------------------------
 Index Scan Backward using idx on public.t (actual rows=262144.00 loops=1)
   Output: a, b
   Index Cond: ((t.a >= '-78599'::integer) AND (t.a <= '-13064'::integer))
   Index Searches: 1
   Prefetch: distance=259.434 count=53550 stalls=35602 skipped=180961 resets=0 ungets=8404 forwarded=1
             histogram [2,4) => 456, [4,8) => 18, [8,16) => 13, [16,32) => 25, [32,64) => 34, [64,128) => 84, [128,256) => 10514, [256,512) => 42406
   Buffers: shared hit=71530 read=9751
 Settings: enable_bitmapscan = 'off', enable_seqscan = 'off', max_parallel_workers_per_gather = '0'
 Planning:
   Buffers: shared hit=78 read=26
 Planning Time: 1.940 ms
 Execution Time: 130.122 ms
(12 rows)

SET
SET
SET
SET
SET
                                             QUERY PLAN                                             
----------------------------------------------------------------------------------------------------
 Index Scan Backward using idx on public.t (actual rows=262144.00 loops=1)
   Output: a, b
   Index Cond: ((t.a >= '-78599'::integer) AND (t.a <= '-13064'::integer))
   Index Searches: 1
   Buffers: shared hit=81281
 Settings: enable_bitmapscan = 'off', enable_seqscan = 'off', max_parallel_workers_per_gather = '0'
 Planning:
   Buffers: shared hit=109
 Planning Time: 0.219 ms
 Execution Time: 40.324 ms
(10 rows)

