SET
SET
SET
SET
SET
                                                                        QUERY PLAN                                                                         
-----------------------------------------------------------------------------------------------------------------------------------------------------------
 Index Scan Backward using idx on public.t (actual rows=4048576.00 loops=1)
   Output: a, b
   Index Cond: ((t.a >= '-1029926'::integer) AND (t.a <= '-17783'::integer))
   Index Searches: 1
   Prefetch: distance=253.631 count=1163480 stalls=101776 skipped=2798467 resets=0 ungets=15294 forwarded=4
             histogram [2,4) => 1960, [4,8) => 138, [8,16) => 22, [16,32) => 26, [32,64) => 212, [64,128) => 843, [128,256) => 478777, [256,512) => 681502
   Buffers: shared hit=1195863 read=60209
 Settings: enable_bitmapscan = 'off', enable_seqscan = 'off', max_parallel_workers_per_gather = '0'
 Planning:
   Buffers: shared hit=78 read=26
 Planning Time: 1.955 ms
 Execution Time: 1331.822 ms
(12 rows)

SET
SET
SET
SET
SET
                                             QUERY PLAN                                             
----------------------------------------------------------------------------------------------------
 Index Scan Backward using idx on public.t (actual rows=4048576.00 loops=1)
   Output: a, b
   Index Cond: ((t.a >= '-1029926'::integer) AND (t.a <= '-17783'::integer))
   Index Searches: 1
   Buffers: shared hit=1256072
 Settings: enable_bitmapscan = 'off', enable_seqscan = 'off', max_parallel_workers_per_gather = '0'
 Planning:
   Buffers: shared hit=109
 Planning Time: 0.199 ms
 Execution Time: 646.579 ms
(10 rows)

