SET
SET
SET
SET
SET
                                                                        QUERY PLAN                                                                         
-----------------------------------------------------------------------------------------------------------------------------------------------------------
 Index Scan Backward using idx on public.t (actual rows=3048576.00 loops=1)
   Output: a, b
   Index Cond: ((t.a >= '-769814'::integer) AND (t.a <= '-7671'::integer))
   Index Searches: 1
   Prefetch: distance=253.104 count=841451 stalls=114170 skipped=2106892 resets=0 ungets=14380 forwarded=3
             histogram [2,4) => 2012, [4,8) => 140, [8,16) => 22, [16,32) => 26, [32,64) => 212, [64,128) => 843, [128,256) => 347613, [256,512) => 490583
   Buffers: shared hit=899439 read=46510
 Settings: enable_bitmapscan = 'off', enable_seqscan = 'off', max_parallel_workers_per_gather = '0'
 Planning:
   Buffers: shared hit=78 read=26
 Planning Time: 1.980 ms
 Execution Time: 1035.800 ms
(12 rows)

SET
SET
SET
SET
SET
                                             QUERY PLAN                                             
----------------------------------------------------------------------------------------------------
 Index Scan Backward using idx on public.t (actual rows=3048576.00 loops=1)
   Output: a, b
   Index Cond: ((t.a >= '-769814'::integer) AND (t.a <= '-7671'::integer))
   Index Searches: 1
   Buffers: shared hit=945949
 Settings: enable_bitmapscan = 'off', enable_seqscan = 'off', max_parallel_workers_per_gather = '0'
 Planning:
   Buffers: shared hit=109
 Planning Time: 0.190 ms
 Execution Time: 485.833 ms
(10 rows)

