SET
SET
SET
SET
SET
                                                                     QUERY PLAN                                                                     
----------------------------------------------------------------------------------------------------------------------------------------------------
 Index Scan Backward using idx on public.t (actual rows=131072.00 loops=1)
   Output: a, b
   Index Cond: ((t.a >= '-36153'::integer) AND (t.a <= '-3386'::integer))
   Index Searches: 1
   Prefetch: distance=255.912 count=44879 stalls=2161 skipped=90450 resets=0 ungets=6741 forwarded=1
             histogram [2,4) => 56, [4,8) => 8, [8,16) => 13, [16,32) => 36, [32,64) => 159, [64,128) => 502, [128,256) => 9727, [256,512) => 34378
   Buffers: shared hit=33059 read=7544
 Settings: enable_bitmapscan = 'off', enable_seqscan = 'off', max_parallel_workers_per_gather = '0'
 Planning:
   Buffers: shared hit=82 read=26
 Planning Time: 1.933 ms
 Execution Time: 80.449 ms
(12 rows)

SET
SET
SET
SET
SET
                                             QUERY PLAN                                             
----------------------------------------------------------------------------------------------------
 Index Scan Backward using idx on public.t (actual rows=131072.00 loops=1)
   Output: a, b
   Index Cond: ((t.a >= '-36153'::integer) AND (t.a <= '-3386'::integer))
   Index Searches: 1
   Buffers: shared hit=40603
 Settings: enable_bitmapscan = 'off', enable_seqscan = 'off', max_parallel_workers_per_gather = '0'
 Planning:
   Buffers: shared hit=113
 Planning Time: 0.186 ms
 Execution Time: 18.632 ms
(10 rows)

