SET
SET
SET
SET
SET
                                                                         QUERY PLAN                                                                         
------------------------------------------------------------------------------------------------------------------------------------------------------------
 Index Scan Backward using idx on public.t (actual rows=8048576.00 loops=1)
   Output: a, b
   Index Cond: ((t.a >= '-2015376'::integer) AND (t.a <= '-3233'::integer))
   Index Searches: 1
   Prefetch: distance=254.259 count=2383562 stalls=119626 skipped=5563626 resets=0 ungets=18317 forwarded=8
             histogram [2,4) => 2022, [4,8) => 140, [8,16) => 22, [16,32) => 26, [32,64) => 212, [64,128) => 887, [128,256) => 976899, [256,512) => 1403354
   Buffers: shared hit=2384352 read=112600
 Settings: enable_bitmapscan = 'off', enable_seqscan = 'off', max_parallel_workers_per_gather = '0'
 Planning:
   Buffers: shared hit=78 read=26
 Planning Time: 2.077 ms
 Execution Time: 2578.556 ms
(12 rows)

SET
SET
SET
SET
SET
                                             QUERY PLAN                                             
----------------------------------------------------------------------------------------------------
 Index Scan Backward using idx on public.t (actual rows=8048576.00 loops=1)
   Output: a, b
   Index Cond: ((t.a >= '-2015376'::integer) AND (t.a <= '-3233'::integer))
   Index Searches: 1
   Buffers: shared hit=2496952
 Settings: enable_bitmapscan = 'off', enable_seqscan = 'off', max_parallel_workers_per_gather = '0'
 Planning:
   Buffers: shared hit=109
 Planning Time: 0.247 ms
 Execution Time: 1296.840 ms
(10 rows)

