SET
SET
SET
SET
SET
                                                                         QUERY PLAN                                                                         
------------------------------------------------------------------------------------------------------------------------------------------------------------
 Index Scan Backward using idx on public.t (actual rows=7048576.00 loops=1)
   Output: a, b
   Index Cond: ((t.a >= '-1779078'::integer) AND (t.a <= '-16935'::integer))
   Index Searches: 1
   Prefetch: distance=254.172 count=2090732 stalls=102816 skipped=4872589 resets=0 ungets=17668 forwarded=6
             histogram [2,4) => 1968, [4,8) => 138, [8,16) => 22, [16,32) => 26, [32,64) => 212, [64,128) => 854, [128,256) => 857192, [256,512) => 1230320
   Buffers: shared hit=2086508 read=99963
 Settings: enable_bitmapscan = 'off', enable_seqscan = 'off', max_parallel_workers_per_gather = '0'
 Planning:
   Buffers: shared hit=78 read=26
 Planning Time: 1.944 ms
 Execution Time: 2271.312 ms
(12 rows)

SET
SET
SET
SET
SET
                                             QUERY PLAN                                             
----------------------------------------------------------------------------------------------------
 Index Scan Backward using idx on public.t (actual rows=7048576.00 loops=1)
   Output: a, b
   Index Cond: ((t.a >= '-1779078'::integer) AND (t.a <= '-16935'::integer))
   Index Searches: 1
   Buffers: shared hit=2186471
 Settings: enable_bitmapscan = 'off', enable_seqscan = 'off', max_parallel_workers_per_gather = '0'
 Planning:
   Buffers: shared hit=109
 Planning Time: 0.232 ms
 Execution Time: 1156.276 ms
(10 rows)

