SET
SET
SET
SET
SET
                                                                        QUERY PLAN                                                                         
-----------------------------------------------------------------------------------------------------------------------------------------------------------
 Index Scan Backward using idx on public.t (actual rows=2048576.00 loops=1)
   Output: a, b
   Index Cond: ((t.a >= '-524342'::integer) AND (t.a <= '-12199'::integer))
   Index Searches: 1
   Prefetch: distance=252.199 count=537233 stalls=108618 skipped=1415860 resets=0 ungets=13650 forwarded=2
             histogram [2,4) => 1996, [4,8) => 138, [8,16) => 22, [16,32) => 26, [32,64) => 212, [64,128) => 838, [128,256) => 222860, [256,512) => 311141
   Buffers: shared hit=602003 read=33438
 Settings: enable_bitmapscan = 'off', enable_seqscan = 'off', max_parallel_workers_per_gather = '0'
 Planning:
   Buffers: shared hit=78 read=26
 Planning Time: 2.048 ms
 Execution Time: 733.410 ms
(12 rows)

SET
SET
SET
SET
SET
                                             QUERY PLAN                                             
----------------------------------------------------------------------------------------------------
 Index Scan Backward using idx on public.t (actual rows=2048576.00 loops=1)
   Output: a, b
   Index Cond: ((t.a >= '-524342'::integer) AND (t.a <= '-12199'::integer))
   Index Searches: 1
   Buffers: shared hit=635441
 Settings: enable_bitmapscan = 'off', enable_seqscan = 'off', max_parallel_workers_per_gather = '0'
 Planning:
   Buffers: shared hit=109
 Planning Time: 0.224 ms
 Execution Time: 329.383 ms
(10 rows)

