SET
SET
SET
SET
SET
                                                                      QUERY PLAN                                                                       
-------------------------------------------------------------------------------------------------------------------------------------------------------
 Index Scan Backward using idx on public.t (actual rows=524288.00 loops=1)
   Output: a, b
   Index Cond: ((t.a >= '-134943'::integer) AND (t.a <= '-3872'::integer))
   Index Searches: 1
   Prefetch: distance=251.329 count=82281 stalls=89991 skipped=362422 resets=0 ungets=10433 forwarded=1
             histogram [2,4) => 1216, [4,8) => 73, [8,16) => 13, [16,32) => 27, [32,64) => 91, [64,128) => 507, [128,256) => 24091, [256,512) => 56263
   Buffers: shared hit=149810 read=12827
 Settings: enable_bitmapscan = 'off', enable_seqscan = 'off', max_parallel_workers_per_gather = '0'
 Planning:
   Buffers: shared hit=78 read=26
 Planning Time: 1.955 ms
 Execution Time: 226.436 ms
(12 rows)

SET
SET
SET
SET
SET
                                             QUERY PLAN                                             
----------------------------------------------------------------------------------------------------
 Index Scan Backward using idx on public.t (actual rows=524288.00 loops=1)
   Output: a, b
   Index Cond: ((t.a >= '-134943'::integer) AND (t.a <= '-3872'::integer))
   Index Searches: 1
   Buffers: shared hit=162637
 Settings: enable_bitmapscan = 'off', enable_seqscan = 'off', max_parallel_workers_per_gather = '0'
 Planning:
   Buffers: shared hit=109
 Planning Time: 0.189 ms
 Execution Time: 80.837 ms
(10 rows)

