SET
SET
SET
SET
SET
                                                                        QUERY PLAN                                                                        
----------------------------------------------------------------------------------------------------------------------------------------------------------
 Index Scan Backward using idx on public.t (actual rows=1048576.00 loops=1)
   Output: a, b
   Index Cond: ((t.a >= '-263731'::integer) AND (t.a <= '-1588'::integer))
   Index Searches: 1
   Prefetch: distance=248.381 count=214954 stalls=121664 skipped=724690 resets=0 ungets=12883 forwarded=0
             histogram [2,4) => 2022, [4,8) => 140, [8,16) => 22, [16,32) => 30, [32,64) => 212, [64,128) => 835, [128,256) => 90448, [256,512) => 121245
   Buffers: shared hit=305665 read=19692
 Settings: enable_bitmapscan = 'off', enable_seqscan = 'off', max_parallel_workers_per_gather = '0'
 Planning:
   Buffers: shared hit=78 read=26
 Planning Time: 1.949 ms
 Execution Time: 409.396 ms
(12 rows)

SET
SET
SET
SET
SET
                                             QUERY PLAN                                             
----------------------------------------------------------------------------------------------------
 Index Scan Backward using idx on public.t (actual rows=1048576.00 loops=1)
   Output: a, b
   Index Cond: ((t.a >= '-263731'::integer) AND (t.a <= '-1588'::integer))
   Index Searches: 1
   Buffers: shared hit=325357
 Settings: enable_bitmapscan = 'off', enable_seqscan = 'off', max_parallel_workers_per_gather = '0'
 Planning:
   Buffers: shared hit=109
 Planning Time: 0.190 ms
 Execution Time: 169.386 ms
(10 rows)

