SET
SET
SET
SET
SET
                                                                         QUERY PLAN                                                                         
------------------------------------------------------------------------------------------------------------------------------------------------------------
 Index Scan Backward using idx on public.t (actual rows=8048576.00 loops=1)
   Output: a, b
   Index Cond: ((t.a >= '-2032479'::integer) AND (t.a <= '-20336'::integer))
   Index Searches: 1
   Prefetch: distance=254.276 count=2404611 stalls=98648 skipped=5563363 resets=0 ungets=18401 forwarded=8
             histogram [2,4) => 1938, [4,8) => 137, [8,16) => 22, [16,32) => 26, [32,64) => 212, [64,128) => 888, [128,256) => 985328, [256,512) => 1416060
   Buffers: shared hit=2383652 read=113373
 Settings: enable_bitmapscan = 'off', enable_seqscan = 'off', max_parallel_workers_per_gather = '0'
 Planning:
   Buffers: shared hit=78 read=26
 Planning Time: 1.914 ms
 Execution Time: 2537.367 ms
(12 rows)

SET
SET
SET
SET
SET
                                             QUERY PLAN                                             
----------------------------------------------------------------------------------------------------
 Index Scan Backward using idx on public.t (actual rows=8048576.00 loops=1)
   Output: a, b
   Index Cond: ((t.a >= '-2032479'::integer) AND (t.a <= '-20336'::integer))
   Index Searches: 1
   Buffers: shared hit=2497025
 Settings: enable_bitmapscan = 'off', enable_seqscan = 'off', max_parallel_workers_per_gather = '0'
 Planning:
   Buffers: shared hit=109
 Planning Time: 0.214 ms
 Execution Time: 1289.318 ms
(10 rows)

