SET
SET
SET
SET
SET
                                                                         QUERY PLAN                                                                          
-------------------------------------------------------------------------------------------------------------------------------------------------------------
 Index Scan Backward using idx on public.t (actual rows=9048576.00 loops=1)
   Output: a, b
   Index Cond: ((t.a >= '-2280105'::integer) AND (t.a <= '-17962'::integer))
   Index Searches: 1
   Prefetch: distance=254.342 count=2711136 stalls=101561 skipped=6254799 resets=0 ungets=19135 forwarded=9
             histogram [2,4) => 1956, [4,8) => 138, [8,16) => 22, [16,32) => 26, [32,64) => 212, [64,128) => 888, [128,256) => 1110509, [256,512) => 1597385
   Buffers: shared hit=2680692 read=126484
 Settings: enable_bitmapscan = 'off', enable_seqscan = 'off', max_parallel_workers_per_gather = '0'
 Planning:
   Buffers: shared hit=78 read=26
 Planning Time: 1.946 ms
 Execution Time: 2866.725 ms
(12 rows)

SET
SET
SET
SET
SET
                                             QUERY PLAN                                             
----------------------------------------------------------------------------------------------------
 Index Scan Backward using idx on public.t (actual rows=9048576.00 loops=1)
   Output: a, b
   Index Cond: ((t.a >= '-2280105'::integer) AND (t.a <= '-17962'::integer))
   Index Searches: 1
   Buffers: shared hit=2807176
 Settings: enable_bitmapscan = 'off', enable_seqscan = 'off', max_parallel_workers_per_gather = '0'
 Planning:
   Buffers: shared hit=109
 Planning Time: 0.223 ms
 Execution Time: 1459.958 ms
(10 rows)

