SET
SET
SET
SET
SET
                                                                        QUERY PLAN                                                                         
-----------------------------------------------------------------------------------------------------------------------------------------------------------
 Index Scan Backward using idx on public.t (actual rows=5048576.00 loops=1)
   Output: a, b
   Index Cond: ((t.a >= '-1292591'::integer) AND (t.a <= '-30448'::integer))
   Index Searches: 1
   Prefetch: distance=253.905 count=1488363 stalls=86277 skipped=3490006 resets=0 ungets=16113 forwarded=5
             histogram [2,4) => 1834, [4,8) => 133, [8,16) => 22, [16,32) => 26, [32,64) => 212, [64,128) => 843, [128,256) => 611716, [256,512) => 873577
   Buffers: shared hit=1492096 read=74007
 Settings: enable_bitmapscan = 'off', enable_seqscan = 'off', max_parallel_workers_per_gather = '0'
 Planning:
   Buffers: shared hit=78 read=26
 Planning Time: 1.982 ms
 Execution Time: 1645.387 ms
(12 rows)

SET
SET
SET
SET
SET
                                             QUERY PLAN                                             
----------------------------------------------------------------------------------------------------
 Index Scan Backward using idx on public.t (actual rows=5048576.00 loops=1)
   Output: a, b
   Index Cond: ((t.a >= '-1292591'::integer) AND (t.a <= '-30448'::integer))
   Index Searches: 1
   Buffers: shared hit=1566103
 Settings: enable_bitmapscan = 'off', enable_seqscan = 'off', max_parallel_workers_per_gather = '0'
 Planning:
   Buffers: shared hit=109
 Planning Time: 0.217 ms
 Execution Time: 811.820 ms
(10 rows)

