SET
SET
SET
SET
SET
                                                                         QUERY PLAN                                                                         
------------------------------------------------------------------------------------------------------------------------------------------------------------
 Index Scan Backward using idx on public.t (actual rows=7048576.00 loops=1)
   Output: a, b
   Index Cond: ((t.a >= '-1788023'::integer) AND (t.a <= '-25880'::integer))
   Index Searches: 1
   Prefetch: distance=254.182 count=2101434 stalls=91857 skipped=4872359 resets=0 ungets=17557 forwarded=6
             histogram [2,4) => 1888, [4,8) => 135, [8,16) => 22, [16,32) => 26, [32,64) => 212, [64,128) => 854, [128,256) => 861783, [256,512) => 1236514
   Buffers: shared hit=2086066 read=100367
 Settings: enable_bitmapscan = 'off', enable_seqscan = 'off', max_parallel_workers_per_gather = '0'
 Planning:
   Buffers: shared hit=78 read=26
 Planning Time: 1.930 ms
 Execution Time: 2270.674 ms
(12 rows)

SET
SET
SET
SET
SET
                                             QUERY PLAN                                             
----------------------------------------------------------------------------------------------------
 Index Scan Backward using idx on public.t (actual rows=7048576.00 loops=1)
   Output: a, b
   Index Cond: ((t.a >= '-1788023'::integer) AND (t.a <= '-25880'::integer))
   Index Searches: 1
   Buffers: shared hit=2186433
 Settings: enable_bitmapscan = 'off', enable_seqscan = 'off', max_parallel_workers_per_gather = '0'
 Planning:
   Buffers: shared hit=109
 Planning Time: 0.233 ms
 Execution Time: 1131.855 ms
(10 rows)

