SET
SET
SET
SET
SET
                                                                        QUERY PLAN                                                                         
-----------------------------------------------------------------------------------------------------------------------------------------------------------
 Index Scan Backward using idx on public.t (actual rows=4048576.00 loops=1)
   Output: a, b
   Index Cond: ((t.a >= '-1034544'::integer) AND (t.a <= '-22401'::integer))
   Index Searches: 1
   Prefetch: distance=253.646 count=1168824 stalls=96102 skipped=2798176 resets=0 ungets=15109 forwarded=4
             histogram [2,4) => 1926, [4,8) => 137, [8,16) => 22, [16,32) => 26, [32,64) => 212, [64,128) => 843, [128,256) => 480974, [256,512) => 684684
   Buffers: shared hit=1195632 read=60427
 Settings: enable_bitmapscan = 'off', enable_seqscan = 'off', max_parallel_workers_per_gather = '0'
 Planning:
   Buffers: shared hit=78 read=26
 Planning Time: 1.961 ms
 Execution Time: 1342.791 ms
(12 rows)

SET
SET
SET
SET
SET
                                             QUERY PLAN                                             
----------------------------------------------------------------------------------------------------
 Index Scan Backward using idx on public.t (actual rows=4048576.00 loops=1)
   Output: a, b
   Index Cond: ((t.a >= '-1034544'::integer) AND (t.a <= '-22401'::integer))
   Index Searches: 1
   Buffers: shared hit=1256059
 Settings: enable_bitmapscan = 'off', enable_seqscan = 'off', max_parallel_workers_per_gather = '0'
 Planning:
   Buffers: shared hit=109
 Planning Time: 0.189 ms
 Execution Time: 647.010 ms
(10 rows)

