SET
SET
SET
SET
SET
                                                                      QUERY PLAN                                                                      
------------------------------------------------------------------------------------------------------------------------------------------------------
 Index Scan Backward using idx on public.t (actual rows=262144.00 loops=1)
   Output: a, b
   Index Cond: ((t.a >= '-78469'::integer) AND (t.a <= '-12934'::integer))
   Index Searches: 1
   Prefetch: distance=256.257 count=57209 stalls=31833 skipped=180862 resets=0 ungets=8343 forwarded=1
             histogram [2,4) => 364, [4,8) => 15, [8,16) => 15, [16,32) => 26, [32,64) => 36, [64,128) => 414, [128,256) => 13451, [256,512) => 42888
   Buffers: shared hit=71537 read=9746
 Settings: enable_bitmapscan = 'off', enable_seqscan = 'off', max_parallel_workers_per_gather = '0'
 Planning:
   Buffers: shared hit=78 read=26
 Planning Time: 1.947 ms
 Execution Time: 132.306 ms
(12 rows)

SET
SET
SET
SET
SET
                                             QUERY PLAN                                             
----------------------------------------------------------------------------------------------------
 Index Scan Backward using idx on public.t (actual rows=262144.00 loops=1)
   Output: a, b
   Index Cond: ((t.a >= '-78469'::integer) AND (t.a <= '-12934'::integer))
   Index Searches: 1
   Buffers: shared hit=81283
 Settings: enable_bitmapscan = 'off', enable_seqscan = 'off', max_parallel_workers_per_gather = '0'
 Planning:
   Buffers: shared hit=109
 Planning Time: 0.194 ms
 Execution Time: 37.783 ms
(10 rows)

