SET
SET
SET
SET
SET
                                                                      QUERY PLAN                                                                       
-------------------------------------------------------------------------------------------------------------------------------------------------------
 Index Scan Backward using idx on public.t (actual rows=524288.00 loops=1)
   Output: a, b
   Index Cond: ((t.a >= '-141593'::integer) AND (t.a <= '-10522'::integer))
   Index Searches: 1
   Prefetch: distance=250.513 count=87867 stalls=84237 skipped=362051 resets=0 ungets=10442 forwarded=0
             histogram [2,4) => 1266, [4,8) => 77, [8,16) => 13, [16,32) => 27, [32,64) => 87, [64,128) => 376, [128,256) => 27524, [256,512) => 58497
   Buffers: shared hit=149514 read=13115
 Settings: enable_bitmapscan = 'off', enable_seqscan = 'off', max_parallel_workers_per_gather = '0'
 Planning:
   Buffers: shared hit=78 read=26
 Planning Time: 1.926 ms
 Execution Time: 243.709 ms
(12 rows)

SET
SET
SET
SET
SET
                                             QUERY PLAN                                             
----------------------------------------------------------------------------------------------------
 Index Scan Backward using idx on public.t (actual rows=524288.00 loops=1)
   Output: a, b
   Index Cond: ((t.a >= '-141593'::integer) AND (t.a <= '-10522'::integer))
   Index Searches: 1
   Buffers: shared hit=162629
 Settings: enable_bitmapscan = 'off', enable_seqscan = 'off', max_parallel_workers_per_gather = '0'
 Planning:
   Buffers: shared hit=109
 Planning Time: 0.250 ms
 Execution Time: 82.524 ms
(10 rows)

