SET
SET
SET
SET
SET
                                                                        QUERY PLAN                                                                         
-----------------------------------------------------------------------------------------------------------------------------------------------------------
 Index Scan Backward using idx on public.t (actual rows=4048576.00 loops=1)
   Output: a, b
   Index Cond: ((t.a >= '-1026549'::integer) AND (t.a <= '-14406'::integer))
   Index Searches: 1
   Prefetch: distance=253.618 count=1159040 stalls=105914 skipped=2798091 resets=0 ungets=15136 forwarded=5
             histogram [2,4) => 1986, [4,8) => 138, [8,16) => 22, [16,32) => 26, [32,64) => 212, [64,128) => 843, [128,256) => 477013, [256,512) => 678800
   Buffers: shared hit=1196021 read=60077
 Settings: enable_bitmapscan = 'off', enable_seqscan = 'off', max_parallel_workers_per_gather = '0'
 Planning:
   Buffers: shared hit=78 read=26
 Planning Time: 1.956 ms
 Execution Time: 1334.691 ms
(12 rows)

SET
SET
SET
SET
SET
                                             QUERY PLAN                                             
----------------------------------------------------------------------------------------------------
 Index Scan Backward using idx on public.t (actual rows=4048576.00 loops=1)
   Output: a, b
   Index Cond: ((t.a >= '-1026549'::integer) AND (t.a <= '-14406'::integer))
   Index Searches: 1
   Buffers: shared hit=1256098
 Settings: enable_bitmapscan = 'off', enable_seqscan = 'off', max_parallel_workers_per_gather = '0'
 Planning:
   Buffers: shared hit=109
 Planning Time: 0.223 ms
 Execution Time: 658.484 ms
(10 rows)

