SET
SET
SET
SET
SET
                                                                         QUERY PLAN                                                                         
------------------------------------------------------------------------------------------------------------------------------------------------------------
 Index Scan Backward using idx on public.t (actual rows=6048576.00 loops=1)
   Output: a, b
   Index Cond: ((t.a >= '-1526010'::integer) AND (t.a <= '-13867'::integer))
   Index Searches: 1
   Prefetch: distance=254.047 count=1777394 stalls=106584 skipped=4180810 resets=0 ungets=16735 forwarded=6
             histogram [2,4) => 1988, [4,8) => 138, [8,16) => 22, [16,32) => 26, [32,64) => 212, [64,128) => 843, [128,256) => 729224, [256,512) => 1044941
   Buffers: shared hit=1789898 read=86566
 Settings: enable_bitmapscan = 'off', enable_seqscan = 'off', max_parallel_workers_per_gather = '0'
 Planning:
   Buffers: shared hit=78 read=26
 Planning Time: 1.942 ms
 Execution Time: 1953.865 ms
(12 rows)

SET
SET
SET
SET
SET
                                             QUERY PLAN                                             
----------------------------------------------------------------------------------------------------
 Index Scan Backward using idx on public.t (actual rows=6048576.00 loops=1)
   Output: a, b
   Index Cond: ((t.a >= '-1526010'::integer) AND (t.a <= '-13867'::integer))
   Index Searches: 1
   Buffers: shared hit=1876464
 Settings: enable_bitmapscan = 'off', enable_seqscan = 'off', max_parallel_workers_per_gather = '0'
 Planning:
   Buffers: shared hit=109
 Planning Time: 0.230 ms
 Execution Time: 963.579 ms
(10 rows)

