SET
SET
SET
SET
SET
                                                                         QUERY PLAN                                                                          
-------------------------------------------------------------------------------------------------------------------------------------------------------------
 Index Scan Backward using idx on public.t (actual rows=9048576.00 loops=1)
   Output: a, b
   Index Cond: ((t.a >= '-2284490'::integer) AND (t.a <= '-22347'::integer))
   Index Searches: 1
   Prefetch: distance=254.343 count=2716489 stalls=96166 skipped=6254649 resets=0 ungets=19115 forwarded=9
             histogram [2,4) => 1928, [4,8) => 137, [8,16) => 28, [16,32) => 23, [32,64) => 212, [64,128) => 888, [128,256) => 1113059, [256,512) => 1600214
   Buffers: shared hit=2680563 read=126652
 Settings: enable_bitmapscan = 'off', enable_seqscan = 'off', max_parallel_workers_per_gather = '0'
 Planning:
   Buffers: shared hit=78 read=26
 Planning Time: 1.990 ms
 Execution Time: 2899.099 ms
(12 rows)

SET
SET
SET
SET
SET
                                             QUERY PLAN                                             
----------------------------------------------------------------------------------------------------
 Index Scan Backward using idx on public.t (actual rows=9048576.00 loops=1)
   Output: a, b
   Index Cond: ((t.a >= '-2284490'::integer) AND (t.a <= '-22347'::integer))
   Index Searches: 1
   Buffers: shared hit=2807215
 Settings: enable_bitmapscan = 'off', enable_seqscan = 'off', max_parallel_workers_per_gather = '0'
 Planning:
   Buffers: shared hit=109
 Planning Time: 0.237 ms
 Execution Time: 1463.722 ms
(10 rows)

