SET
SET
SET
SET
SET
                                                                         QUERY PLAN                                                                         
------------------------------------------------------------------------------------------------------------------------------------------------------------
 Index Scan Backward using idx on public.t (actual rows=7048576.00 loops=1)
   Output: a, b
   Index Cond: ((t.a >= '-1776327'::integer) AND (t.a <= '-14184'::integer))
   Index Searches: 1
   Prefetch: distance=254.165 count=2087106 stalls=106193 skipped=4872343 resets=0 ungets=17525 forwarded=6
             histogram [2,4) => 1986, [4,8) => 138, [8,16) => 22, [16,32) => 26, [32,64) => 212, [64,128) => 854, [128,256) => 855934, [256,512) => 1227934
   Buffers: shared hit=2086655 read=99828
 Settings: enable_bitmapscan = 'off', enable_seqscan = 'off', max_parallel_workers_per_gather = '0'
 Planning:
   Buffers: shared hit=78 read=26
 Planning Time: 1.985 ms
 Execution Time: 2268.011 ms
(12 rows)

SET
SET
SET
SET
SET
                                             QUERY PLAN                                             
----------------------------------------------------------------------------------------------------
 Index Scan Backward using idx on public.t (actual rows=7048576.00 loops=1)
   Output: a, b
   Index Cond: ((t.a >= '-1776327'::integer) AND (t.a <= '-14184'::integer))
   Index Searches: 1
   Buffers: shared hit=2186483
 Settings: enable_bitmapscan = 'off', enable_seqscan = 'off', max_parallel_workers_per_gather = '0'
 Planning:
   Buffers: shared hit=109
 Planning Time: 0.256 ms
 Execution Time: 1123.969 ms
(10 rows)

