SET
SET
SET
SET
SET
                                                                        QUERY PLAN                                                                         
-----------------------------------------------------------------------------------------------------------------------------------------------------------
 Index Scan Backward using idx on public.t (actual rows=3048576.00 loops=1)
   Output: a, b
   Index Cond: ((t.a >= '-768088'::integer) AND (t.a <= '-5945'::integer))
   Index Searches: 1
   Prefetch: distance=253.104 count=839454 stalls=116272 skipped=2107103 resets=0 ungets=14472 forwarded=3
             histogram [2,4) => 2018, [4,8) => 140, [8,16) => 22, [16,32) => 26, [32,64) => 212, [64,128) => 843, [128,256) => 346693, [256,512) => 489500
   Buffers: shared hit=899466 read=46428
 Settings: enable_bitmapscan = 'off', enable_seqscan = 'off', max_parallel_workers_per_gather = '0'
 Planning:
   Buffers: shared hit=78 read=26
 Planning Time: 1.947 ms
 Execution Time: 1029.780 ms
(12 rows)

SET
SET
SET
SET
SET
                                             QUERY PLAN                                             
----------------------------------------------------------------------------------------------------
 Index Scan Backward using idx on public.t (actual rows=3048576.00 loops=1)
   Output: a, b
   Index Cond: ((t.a >= '-768088'::integer) AND (t.a <= '-5945'::integer))
   Index Searches: 1
   Buffers: shared hit=945894
 Settings: enable_bitmapscan = 'off', enable_seqscan = 'off', max_parallel_workers_per_gather = '0'
 Planning:
   Buffers: shared hit=109
 Planning Time: 0.216 ms
 Execution Time: 487.462 ms
(10 rows)

