SET
SET
SET
SET
SET
                                                                         QUERY PLAN                                                                         
------------------------------------------------------------------------------------------------------------------------------------------------------------
 Index Scan Backward using idx on public.t (actual rows=8048576.00 loops=1)
   Output: a, b
   Index Cond: ((t.a >= '-2033582'::integer) AND (t.a <= '-21439'::integer))
   Index Searches: 1
   Prefetch: distance=254.275 count=2406139 stalls=97298 skipped=5563553 resets=0 ungets=18505 forwarded=8
             histogram [2,4) => 1934, [4,8) => 137, [8,16) => 29, [16,32) => 22, [32,64) => 212, [64,128) => 888, [128,256) => 986093, [256,512) => 1416824
   Buffers: shared hit=2383597 read=113419
 Settings: enable_bitmapscan = 'off', enable_seqscan = 'off', max_parallel_workers_per_gather = '0'
 Planning:
   Buffers: shared hit=78 read=26
 Planning Time: 1.965 ms
 Execution Time: 2558.913 ms
(12 rows)

SET
SET
SET
SET
SET
                                             QUERY PLAN                                             
----------------------------------------------------------------------------------------------------
 Index Scan Backward using idx on public.t (actual rows=8048576.00 loops=1)
   Output: a, b
   Index Cond: ((t.a >= '-2033582'::integer) AND (t.a <= '-21439'::integer))
   Index Searches: 1
   Buffers: shared hit=2497016
 Settings: enable_bitmapscan = 'off', enable_seqscan = 'off', max_parallel_workers_per_gather = '0'
 Planning:
   Buffers: shared hit=109
 Planning Time: 0.236 ms
 Execution Time: 1276.547 ms
(10 rows)

