SET
SET
SET
SET
                                             QUERY PLAN                                             
----------------------------------------------------------------------------------------------------
 Index Scan Backward using idx on public.t (actual rows=32.00 loops=1)
   Output: a, b
   Index Cond: ((t.a >= '-31542'::integer) AND (t.a <= '-31535'::integer))
   Index Searches: 1
   Buffers: shared hit=5 read=9
 Settings: enable_bitmapscan = 'off', enable_seqscan = 'off', max_parallel_workers_per_gather = '0'
 Planning:
   Buffers: shared hit=82 read=26
 Planning Time: 1.269 ms
 Execution Time: 0.834 ms
(10 rows)

SET
SET
SET
SET
                                             QUERY PLAN                                             
----------------------------------------------------------------------------------------------------
 Index Scan Backward using idx on public.t (actual rows=32.00 loops=1)
   Output: a, b
   Index Cond: ((t.a >= '-31542'::integer) AND (t.a <= '-31535'::integer))
   Index Searches: 1
   Buffers: shared hit=14
 Settings: enable_bitmapscan = 'off', enable_seqscan = 'off', max_parallel_workers_per_gather = '0'
 Planning:
   Buffers: shared hit=113
 Planning Time: 0.201 ms
 Execution Time: 0.036 ms
(10 rows)

