SET
SET
SET
SET
SET
                                             QUERY PLAN                                             
----------------------------------------------------------------------------------------------------
 Index Scan using idx on public.t (actual rows=2048.00 loops=1)
   Output: a, b
   Index Cond: ((t.a >= 2154) AND (t.a <= 2665))
   Index Searches: 1
   Prefetch: distance=2.085 count=142 stalls=1278 skipped=29 resets=0 ungets=0 forwarded=0
             histogram [2,4) => 138, [4,8) => 4
   Buffers: shared hit=1830 read=189
 Settings: enable_bitmapscan = 'off', enable_seqscan = 'off', max_parallel_workers_per_gather = '0'
 Planning:
   Buffers: shared hit=86 read=26
 Planning Time: 2.039 ms
 Execution Time: 13.231 ms
(12 rows)

SET
SET
SET
SET
SET
                                             QUERY PLAN                                             
----------------------------------------------------------------------------------------------------
 Index Scan using idx on public.t (actual rows=2048.00 loops=1)
   Output: a, b
   Index Cond: ((t.a >= 2154) AND (t.a <= 2665))
   Index Searches: 1
   Buffers: shared hit=2019
 Settings: enable_bitmapscan = 'off', enable_seqscan = 'off', max_parallel_workers_per_gather = '0'
 Planning:
   Buffers: shared hit=117
 Planning Time: 0.207 ms
 Execution Time: 0.512 ms
(10 rows)

