SET
SET
SET
SET
SET
                                                                QUERY PLAN                                                                
------------------------------------------------------------------------------------------------------------------------------------------
 Index Scan Backward using idx on public.t (actual rows=8192.00 loops=1)
   Output: a, b
   Index Cond: ((t.a >= '-34713'::integer) AND (t.a <= '-32666'::integer))
   Index Searches: 1
   Prefetch: distance=270.329 count=4191 stalls=1 skipped=5297 resets=0 ungets=1872 forwarded=0
             histogram [2,4) => 2, [4,8) => 3, [8,16) => 5, [16,32) => 12, [32,64) => 2, [64,128) => 2, [128,256) => 2, [256,512) => 4163
   Buffers: shared hit=436 read=2075
 Settings: enable_bitmapscan = 'off', enable_seqscan = 'off', max_parallel_workers_per_gather = '0'
 Planning:
   Buffers: shared hit=82 read=26
 Planning Time: 1.936 ms
 Execution Time: 28.277 ms
(12 rows)

SET
SET
SET
SET
SET
                                             QUERY PLAN                                             
----------------------------------------------------------------------------------------------------
 Index Scan Backward using idx on public.t (actual rows=8192.00 loops=1)
   Output: a, b
   Index Cond: ((t.a >= '-34713'::integer) AND (t.a <= '-32666'::integer))
   Index Searches: 1
   Buffers: shared hit=2511
 Settings: enable_bitmapscan = 'off', enable_seqscan = 'off', max_parallel_workers_per_gather = '0'
 Planning:
   Buffers: shared hit=113
 Planning Time: 0.237 ms
 Execution Time: 2.172 ms
(10 rows)

