SET
SET
SET
SET
SET
                                                                      QUERY PLAN                                                                      
------------------------------------------------------------------------------------------------------------------------------------------------------
 Index Scan Backward using idx on public.t (actual rows=262144.00 loops=1)
   Output: a, b
   Index Cond: ((t.a >= '-89884'::integer) AND (t.a <= '-24349'::integer))
   Index Searches: 1
   Prefetch: distance=254.872 count=62901 stalls=26962 skipped=181115 resets=0 ungets=8985 forwarded=0
             histogram [2,4) => 370, [4,8) => 23, [8,16) => 21, [16,32) => 25, [32,64) => 34, [64,128) => 355, [128,256) => 16434, [256,512) => 45639
   Buffers: shared hit=71053 read=10269
 Settings: enable_bitmapscan = 'off', enable_seqscan = 'off', max_parallel_workers_per_gather = '0'
 Planning:
   Buffers: shared hit=78 read=26
 Planning Time: 1.966 ms
 Execution Time: 124.425 ms
(12 rows)

SET
SET
SET
SET
SET
                                             QUERY PLAN                                             
----------------------------------------------------------------------------------------------------
 Index Scan Backward using idx on public.t (actual rows=262144.00 loops=1)
   Output: a, b
   Index Cond: ((t.a >= '-89884'::integer) AND (t.a <= '-24349'::integer))
   Index Searches: 1
   Buffers: shared hit=81322
 Settings: enable_bitmapscan = 'off', enable_seqscan = 'off', max_parallel_workers_per_gather = '0'
 Planning:
   Buffers: shared hit=109
 Planning Time: 0.193 ms
 Execution Time: 39.867 ms
(10 rows)

