SET
SET
SET
SET
SET
                                                                        QUERY PLAN                                                                        
----------------------------------------------------------------------------------------------------------------------------------------------------------
 Index Scan Backward using idx on public.t (actual rows=1048576.00 loops=1)
   Output: a, b
   Index Cond: ((t.a >= '-279987'::integer) AND (t.a <= '-17844'::integer))
   Index Searches: 1
   Prefetch: distance=249.003 count=234911 stalls=101705 skipped=724480 resets=0 ungets=12899 forwarded=0
             histogram [2,4) => 1958, [4,8) => 138, [8,16) => 22, [16,32) => 26, [32,64) => 212, [64,128) => 835, [128,256) => 98510, [256,512) => 133210
   Buffers: shared hit=304969 read=20437
 Settings: enable_bitmapscan = 'off', enable_seqscan = 'off', max_parallel_workers_per_gather = '0'
 Planning:
   Buffers: shared hit=78 read=26
 Planning Time: 1.971 ms
 Execution Time: 412.123 ms
(12 rows)

SET
SET
SET
SET
SET
                                             QUERY PLAN                                             
----------------------------------------------------------------------------------------------------
 Index Scan Backward using idx on public.t (actual rows=1048576.00 loops=1)
   Output: a, b
   Index Cond: ((t.a >= '-279987'::integer) AND (t.a <= '-17844'::integer))
   Index Searches: 1
   Buffers: shared hit=325406
 Settings: enable_bitmapscan = 'off', enable_seqscan = 'off', max_parallel_workers_per_gather = '0'
 Planning:
   Buffers: shared hit=109
 Planning Time: 0.214 ms
 Execution Time: 170.214 ms
(10 rows)

