SET
SET
SET
SET
SET
                                                                        QUERY PLAN                                                                         
-----------------------------------------------------------------------------------------------------------------------------------------------------------
 Index Scan Backward using idx on public.t (actual rows=2048576.00 loops=1)
   Output: a, b
   Index Cond: ((t.a >= '-531350'::integer) AND (t.a <= '-19207'::integer))
   Index Searches: 1
   Prefetch: distance=252.264 count=545880 stalls=100029 skipped=1415847 resets=0 ungets=13671 forwarded=2
             histogram [2,4) => 1952, [4,8) => 138, [8,16) => 22, [16,32) => 26, [32,64) => 212, [64,128) => 838, [128,256) => 226496, [256,512) => 316196
   Buffers: shared hit=601699 read=33763
 Settings: enable_bitmapscan = 'off', enable_seqscan = 'off', max_parallel_workers_per_gather = '0'
 Planning:
   Buffers: shared hit=78 read=26
 Planning Time: 1.961 ms
 Execution Time: 719.004 ms
(12 rows)

SET
SET
SET
SET
SET
                                             QUERY PLAN                                             
----------------------------------------------------------------------------------------------------
 Index Scan Backward using idx on public.t (actual rows=2048576.00 loops=1)
   Output: a, b
   Index Cond: ((t.a >= '-531350'::integer) AND (t.a <= '-19207'::integer))
   Index Searches: 1
   Buffers: shared hit=635462
 Settings: enable_bitmapscan = 'off', enable_seqscan = 'off', max_parallel_workers_per_gather = '0'
 Planning:
   Buffers: shared hit=109
 Planning Time: 0.192 ms
 Execution Time: 330.854 ms
(10 rows)

