SET
SET
SET
SET
SET
                                                                         QUERY PLAN                                                                         
------------------------------------------------------------------------------------------------------------------------------------------------------------
 Index Scan Backward using idx on public.t (actual rows=8048576.00 loops=1)
   Output: a, b
   Index Cond: ((t.a >= '-2016058'::integer) AND (t.a <= '-3915'::integer))
   Index Searches: 1
   Prefetch: distance=254.259 count=2384379 stalls=118783 skipped=5563606 resets=0 ungets=18327 forwarded=8
             histogram [2,4) => 2020, [4,8) => 140, [8,16) => 22, [16,32) => 26, [32,64) => 212, [64,128) => 887, [128,256) => 977263, [256,512) => 1403809
   Buffers: shared hit=2384298 read=112633
 Settings: enable_bitmapscan = 'off', enable_seqscan = 'off', max_parallel_workers_per_gather = '0'
 Planning:
   Buffers: shared hit=78 read=26
 Planning Time: 1.990 ms
 Execution Time: 2540.746 ms
(12 rows)

SET
SET
SET
SET
SET
                                             QUERY PLAN                                             
----------------------------------------------------------------------------------------------------
 Index Scan Backward using idx on public.t (actual rows=8048576.00 loops=1)
   Output: a, b
   Index Cond: ((t.a >= '-2016058'::integer) AND (t.a <= '-3915'::integer))
   Index Searches: 1
   Buffers: shared hit=2496931
 Settings: enable_bitmapscan = 'off', enable_seqscan = 'off', max_parallel_workers_per_gather = '0'
 Planning:
   Buffers: shared hit=109
 Planning Time: 0.231 ms
 Execution Time: 1290.739 ms
(10 rows)

