SET
SET
SET
SET
SET
                                                                         QUERY PLAN                                                                          
-------------------------------------------------------------------------------------------------------------------------------------------------------------
 Index Scan Backward using idx on public.t (actual rows=9048576.00 loops=1)
   Output: a, b
   Index Cond: ((t.a >= '-2280182'::integer) AND (t.a <= '-18039'::integer))
   Index Searches: 1
   Prefetch: distance=254.339 count=2711055 stalls=101466 skipped=6254586 resets=0 ungets=19054 forwarded=9
             histogram [2,4) => 1956, [4,8) => 138, [8,16) => 22, [16,32) => 26, [32,64) => 212, [64,128) => 888, [128,256) => 1110672, [256,512) => 1597141
   Buffers: shared hit=2680684 read=126487
 Settings: enable_bitmapscan = 'off', enable_seqscan = 'off', max_parallel_workers_per_gather = '0'
 Planning:
   Buffers: shared hit=78 read=26
 Planning Time: 1.958 ms
 Execution Time: 2850.384 ms
(12 rows)

SET
SET
SET
SET
SET
                                             QUERY PLAN                                             
----------------------------------------------------------------------------------------------------
 Index Scan Backward using idx on public.t (actual rows=9048576.00 loops=1)
   Output: a, b
   Index Cond: ((t.a >= '-2280182'::integer) AND (t.a <= '-18039'::integer))
   Index Searches: 1
   Buffers: shared hit=2807171
 Settings: enable_bitmapscan = 'off', enable_seqscan = 'off', max_parallel_workers_per_gather = '0'
 Planning:
   Buffers: shared hit=109
 Planning Time: 0.241 ms
 Execution Time: 1450.335 ms
(10 rows)

