SET
SET
SET
SET
SET
                                                                         QUERY PLAN                                                                         
------------------------------------------------------------------------------------------------------------------------------------------------------------
 Index Scan Backward using idx on public.t (actual rows=7048576.00 loops=1)
   Output: a, b
   Index Cond: ((t.a >= '-1783563'::integer) AND (t.a <= '-21420'::integer))
   Index Searches: 1
   Prefetch: distance=254.180 count=2096316 stalls=97322 skipped=4872636 resets=0 ungets=17709 forwarded=5
             histogram [2,4) => 1934, [4,8) => 137, [8,16) => 22, [16,32) => 26, [32,64) => 212, [64,128) => 854, [128,256) => 859307, [256,512) => 1233824
   Buffers: shared hit=2086308 read=100183
 Settings: enable_bitmapscan = 'off', enable_seqscan = 'off', max_parallel_workers_per_gather = '0'
 Planning:
   Buffers: shared hit=78 read=26
 Planning Time: 2.044 ms
 Execution Time: 2261.943 ms
(12 rows)

SET
SET
SET
SET
SET
                                             QUERY PLAN                                             
----------------------------------------------------------------------------------------------------
 Index Scan Backward using idx on public.t (actual rows=7048576.00 loops=1)
   Output: a, b
   Index Cond: ((t.a >= '-1783563'::integer) AND (t.a <= '-21420'::integer))
   Index Searches: 1
   Buffers: shared hit=2186491
 Settings: enable_bitmapscan = 'off', enable_seqscan = 'off', max_parallel_workers_per_gather = '0'
 Planning:
   Buffers: shared hit=109
 Planning Time: 0.241 ms
 Execution Time: 1132.140 ms
(10 rows)

