SET
SET
SET
SET
SET
                                             QUERY PLAN                                             
----------------------------------------------------------------------------------------------------
 Index Scan using idx on public.t (actual rows=4096.00 loops=1)
   Output: a, b
   Index Cond: ((t.a >= 24135) AND (t.a <= 25158))
   Index Searches: 1
   Prefetch: distance=2.150 count=379 stalls=3259 skipped=67 resets=0 ungets=0 forwarded=0
             histogram [2,4) => 360, [4,8) => 19
   Buffers: shared hit=3745 read=289
 Settings: enable_bitmapscan = 'off', enable_seqscan = 'off', max_parallel_workers_per_gather = '0'
 Planning:
   Buffers: shared hit=86 read=26
 Planning Time: 2.084 ms
 Execution Time: 20.511 ms
(12 rows)

SET
SET
SET
SET
SET
                                             QUERY PLAN                                             
----------------------------------------------------------------------------------------------------
 Index Scan using idx on public.t (actual rows=4096.00 loops=1)
   Output: a, b
   Index Cond: ((t.a >= 24135) AND (t.a <= 25158))
   Index Searches: 1
   Buffers: shared hit=4034
 Settings: enable_bitmapscan = 'off', enable_seqscan = 'off', max_parallel_workers_per_gather = '0'
 Planning:
   Buffers: shared hit=117
 Planning Time: 0.183 ms
 Execution Time: 0.799 ms
(10 rows)

