SET
SET
SET
SET
SET
                                                                     QUERY PLAN                                                                     
----------------------------------------------------------------------------------------------------------------------------------------------------
 Index Scan Backward using idx on public.t (actual rows=131072.00 loops=1)
   Output: a, b
   Index Cond: ((t.a >= '-36182'::integer) AND (t.a <= '-3415'::integer))
   Index Searches: 1
   Prefetch: distance=255.900 count=44837 stalls=2131 skipped=90368 resets=0 ungets=6703 forwarded=1
             histogram [2,4) => 52, [4,8) => 8, [8,16) => 13, [16,32) => 36, [32,64) => 159, [64,128) => 502, [128,256) => 9746, [256,512) => 34321
   Buffers: shared hit=33064 read=7544
 Settings: enable_bitmapscan = 'off', enable_seqscan = 'off', max_parallel_workers_per_gather = '0'
 Planning:
   Buffers: shared hit=82 read=26
 Planning Time: 1.947 ms
 Execution Time: 82.572 ms
(12 rows)

SET
SET
SET
SET
SET
                                             QUERY PLAN                                             
----------------------------------------------------------------------------------------------------
 Index Scan Backward using idx on public.t (actual rows=131072.00 loops=1)
   Output: a, b
   Index Cond: ((t.a >= '-36182'::integer) AND (t.a <= '-3415'::integer))
   Index Searches: 1
   Buffers: shared hit=40608
 Settings: enable_bitmapscan = 'off', enable_seqscan = 'off', max_parallel_workers_per_gather = '0'
 Planning:
   Buffers: shared hit=113
 Planning Time: 0.192 ms
 Execution Time: 17.397 ms
(10 rows)

