SET
SET
SET
SET
SET
                                                               QUERY PLAN                                                                
-----------------------------------------------------------------------------------------------------------------------------------------
 Index Scan Backward using idx on public.t (actual rows=4096.00 loops=1)
   Output: a, b
   Index Cond: ((t.a >= '-28710'::integer) AND (t.a <= '-27687'::integer))
   Index Searches: 1
   Prefetch: distance=268.454 count=2015 stalls=1 skipped=2399 resets=0 ungets=930 forwarded=0
             histogram [2,4) => 4, [4,8) => 5, [8,16) => 6, [16,32) => 8, [32,64) => 2, [64,128) => 2, [128,256) => 2, [256,512) => 1986
   Buffers: shared hit=146 read=1140
 Settings: enable_bitmapscan = 'off', enable_seqscan = 'off', max_parallel_workers_per_gather = '0'
 Planning:
   Buffers: shared hit=82 read=26
 Planning Time: 1.993 ms
 Execution Time: 20.957 ms
(12 rows)

SET
SET
SET
SET
SET
                                             QUERY PLAN                                             
----------------------------------------------------------------------------------------------------
 Index Scan Backward using idx on public.t (actual rows=4096.00 loops=1)
   Output: a, b
   Index Cond: ((t.a >= '-28710'::integer) AND (t.a <= '-27687'::integer))
   Index Searches: 1
   Buffers: shared hit=1286
 Settings: enable_bitmapscan = 'off', enable_seqscan = 'off', max_parallel_workers_per_gather = '0'
 Planning:
   Buffers: shared hit=113
 Planning Time: 0.142 ms
 Execution Time: 0.565 ms
(10 rows)

