SET
SET
SET
SET
SET
                                                                      QUERY PLAN                                                                      
------------------------------------------------------------------------------------------------------------------------------------------------------
 Index Scan Backward using idx on public.t (actual rows=262144.00 loops=1)
   Output: a, b
   Index Cond: ((t.a >= '-87935'::integer) AND (t.a <= '-22400'::integer))
   Index Searches: 1
   Prefetch: distance=256.285 count=60508 stalls=29150 skipped=180947 resets=0 ungets=8832 forwarded=0
             histogram [2,4) => 402, [4,8) => 25, [8,16) => 13, [16,32) => 25, [32,64) => 34, [64,128) => 257, [128,256) => 14751, [256,512) => 45001
   Buffers: shared hit=71142 read=10193
 Settings: enable_bitmapscan = 'off', enable_seqscan = 'off', max_parallel_workers_per_gather = '0'
 Planning:
   Buffers: shared hit=78 read=26
 Planning Time: 2.011 ms
 Execution Time: 132.470 ms
(12 rows)

SET
SET
SET
SET
SET
                                             QUERY PLAN                                             
----------------------------------------------------------------------------------------------------
 Index Scan Backward using idx on public.t (actual rows=262144.00 loops=1)
   Output: a, b
   Index Cond: ((t.a >= '-87935'::integer) AND (t.a <= '-22400'::integer))
   Index Searches: 1
   Buffers: shared hit=81335
 Settings: enable_bitmapscan = 'off', enable_seqscan = 'off', max_parallel_workers_per_gather = '0'
 Planning:
   Buffers: shared hit=109
 Planning Time: 0.188 ms
 Execution Time: 38.240 ms
(10 rows)

