SET
SET
SET
SET
SET
                                                                        QUERY PLAN                                                                         
-----------------------------------------------------------------------------------------------------------------------------------------------------------
 Index Scan Backward using idx on public.t (actual rows=5048576.00 loops=1)
   Output: a, b
   Index Cond: ((t.a >= '-1294457'::integer) AND (t.a <= '-32314'::integer))
   Index Searches: 1
   Prefetch: distance=253.910 count=1490587 stalls=83988 skipped=3489945 resets=0 ungets=16103 forwarded=5
             histogram [2,4) => 1802, [4,8) => 131, [8,16) => 22, [16,32) => 26, [32,64) => 212, [64,128) => 843, [128,256) => 612734, [256,512) => 874817
   Buffers: shared hit=1492014 read=74073
 Settings: enable_bitmapscan = 'off', enable_seqscan = 'off', max_parallel_workers_per_gather = '0'
 Planning:
   Buffers: shared hit=78 read=26
 Planning Time: 1.973 ms
 Execution Time: 1659.583 ms
(12 rows)

SET
SET
SET
SET
SET
                                             QUERY PLAN                                             
----------------------------------------------------------------------------------------------------
 Index Scan Backward using idx on public.t (actual rows=5048576.00 loops=1)
   Output: a, b
   Index Cond: ((t.a >= '-1294457'::integer) AND (t.a <= '-32314'::integer))
   Index Searches: 1
   Buffers: shared hit=1566087
 Settings: enable_bitmapscan = 'off', enable_seqscan = 'off', max_parallel_workers_per_gather = '0'
 Planning:
   Buffers: shared hit=109
 Planning Time: 0.219 ms
 Execution Time: 812.830 ms
(10 rows)

