SET
SET
SET
SET
SET
                                                                        QUERY PLAN                                                                         
-----------------------------------------------------------------------------------------------------------------------------------------------------------
 Index Scan Backward using idx on public.t (actual rows=2048576.00 loops=1)
   Output: a, b
   Index Cond: ((t.a >= '-514851'::integer) AND (t.a <= '-2708'::integer))
   Index Searches: 1
   Prefetch: distance=252.107 count=525474 stalls=120265 skipped=1415807 resets=0 ungets=13597 forwarded=3
             histogram [2,4) => 2022, [4,8) => 140, [8,16) => 22, [16,32) => 26, [32,64) => 212, [64,128) => 838, [128,256) => 218180, [256,512) => 304034
   Buffers: shared hit=602402 read=33004
 Settings: enable_bitmapscan = 'off', enable_seqscan = 'off', max_parallel_workers_per_gather = '0'
 Planning:
   Buffers: shared hit=78 read=26
 Planning Time: 1.945 ms
 Execution Time: 731.013 ms
(12 rows)

SET
SET
SET
SET
SET
                                             QUERY PLAN                                             
----------------------------------------------------------------------------------------------------
 Index Scan Backward using idx on public.t (actual rows=2048576.00 loops=1)
   Output: a, b
   Index Cond: ((t.a >= '-514851'::integer) AND (t.a <= '-2708'::integer))
   Index Searches: 1
   Buffers: shared hit=635406
 Settings: enable_bitmapscan = 'off', enable_seqscan = 'off', max_parallel_workers_per_gather = '0'
 Planning:
   Buffers: shared hit=109
 Planning Time: 0.187 ms
 Execution Time: 328.089 ms
(10 rows)

