SET
SET
SET
SET
SET
                                                                        QUERY PLAN                                                                         
-----------------------------------------------------------------------------------------------------------------------------------------------------------
 Index Scan Backward using idx on public.t (actual rows=4048576.00 loops=1)
   Output: a, b
   Index Cond: ((t.a >= '-1043834'::integer) AND (t.a <= '-31691'::integer))
   Index Searches: 1
   Prefetch: distance=253.696 count=1180398 stalls=84742 skipped=2798309 resets=0 ungets=15208 forwarded=4
             histogram [2,4) => 1816, [4,8) => 132, [8,16) => 22, [16,32) => 26, [32,64) => 212, [64,128) => 843, [128,256) => 485540, [256,512) => 691807
   Buffers: shared hit=1195333 read=60771
 Settings: enable_bitmapscan = 'off', enable_seqscan = 'off', max_parallel_workers_per_gather = '0'
 Planning:
   Buffers: shared hit=78 read=26
 Planning Time: 1.992 ms
 Execution Time: 1333.562 ms
(12 rows)

SET
SET
SET
SET
SET
                                             QUERY PLAN                                             
----------------------------------------------------------------------------------------------------
 Index Scan Backward using idx on public.t (actual rows=4048576.00 loops=1)
   Output: a, b
   Index Cond: ((t.a >= '-1043834'::integer) AND (t.a <= '-31691'::integer))
   Index Searches: 1
   Buffers: shared hit=1256104
 Settings: enable_bitmapscan = 'off', enable_seqscan = 'off', max_parallel_workers_per_gather = '0'
 Planning:
   Buffers: shared hit=109
 Planning Time: 0.190 ms
 Execution Time: 651.527 ms
(10 rows)

