SET
SET
SET
SET
SET
                                                                         QUERY PLAN                                                                         
------------------------------------------------------------------------------------------------------------------------------------------------------------
 Index Scan Backward using idx on public.t (actual rows=6048576.00 loops=1)
   Output: a, b
   Index Cond: ((t.a >= '-1533809'::integer) AND (t.a <= '-21666'::integer))
   Index Searches: 1
   Prefetch: distance=254.060 count=1787051 stalls=97013 skipped=4180944 resets=0 ungets=16755 forwarded=6
             histogram [2,4) => 1930, [4,8) => 137, [8,16) => 22, [16,32) => 26, [32,64) => 212, [64,128) => 843, [128,256) => 733177, [256,512) => 1050704
   Buffers: shared hit=1789598 read=86879
 Settings: enable_bitmapscan = 'off', enable_seqscan = 'off', max_parallel_workers_per_gather = '0'
 Planning:
   Buffers: shared hit=78 read=26
 Planning Time: 2.053 ms
 Execution Time: 1952.324 ms
(12 rows)

SET
SET
SET
SET
SET
                                             QUERY PLAN                                             
----------------------------------------------------------------------------------------------------
 Index Scan Backward using idx on public.t (actual rows=6048576.00 loops=1)
   Output: a, b
   Index Cond: ((t.a >= '-1533809'::integer) AND (t.a <= '-21666'::integer))
   Index Searches: 1
   Buffers: shared hit=1876477
 Settings: enable_bitmapscan = 'off', enable_seqscan = 'off', max_parallel_workers_per_gather = '0'
 Planning:
   Buffers: shared hit=109
 Planning Time: 0.224 ms
 Execution Time: 965.884 ms
(10 rows)

