SET
SET
SET
SET
SET
                                                                        QUERY PLAN                                                                        
----------------------------------------------------------------------------------------------------------------------------------------------------------
 Index Scan Backward using idx on public.t (actual rows=1048576.00 loops=1)
   Output: a, b
   Index Cond: ((t.a >= '-281647'::integer) AND (t.a <= '-19504'::integer))
   Index Searches: 1
   Prefetch: distance=249.072 count=236989 stalls=99668 skipped=724500 resets=0 ungets=12920 forwarded=0
             histogram [2,4) => 1946, [4,8) => 138, [8,16) => 29, [16,32) => 22, [32,64) => 212, [64,128) => 835, [128,256) => 99499, [256,512) => 134308
   Buffers: shared hit=304907 read=20510
 Settings: enable_bitmapscan = 'off', enable_seqscan = 'off', max_parallel_workers_per_gather = '0'
 Planning:
   Buffers: shared hit=78 read=26
 Planning Time: 1.929 ms
 Execution Time: 414.414 ms
(12 rows)

SET
SET
SET
SET
SET
                                             QUERY PLAN                                             
----------------------------------------------------------------------------------------------------
 Index Scan Backward using idx on public.t (actual rows=1048576.00 loops=1)
   Output: a, b
   Index Cond: ((t.a >= '-281647'::integer) AND (t.a <= '-19504'::integer))
   Index Searches: 1
   Buffers: shared hit=325417
 Settings: enable_bitmapscan = 'off', enable_seqscan = 'off', max_parallel_workers_per_gather = '0'
 Planning:
   Buffers: shared hit=109
 Planning Time: 0.189 ms
 Execution Time: 167.754 ms
(10 rows)

