SET
SET
SET
SET
SET
                                                                        QUERY PLAN                                                                         
-----------------------------------------------------------------------------------------------------------------------------------------------------------
 Index Scan Backward using idx on public.t (actual rows=3048576.00 loops=1)
   Output: a, b
   Index Cond: ((t.a >= '-786953'::integer) AND (t.a <= '-24810'::integer))
   Index Searches: 1
   Prefetch: distance=253.164 count=862760 stalls=93149 skipped=2107112 resets=0 ungets=14640 forwarded=3
             histogram [2,4) => 1904, [4,8) => 136, [8,16) => 22, [16,32) => 26, [32,64) => 212, [64,128) => 843, [128,256) => 356541, [256,512) => 503076
   Buffers: shared hit=898604 read=47297
 Settings: enable_bitmapscan = 'off', enable_seqscan = 'off', max_parallel_workers_per_gather = '0'
 Planning:
   Buffers: shared hit=78 read=26
 Planning Time: 1.933 ms
 Execution Time: 1033.507 ms
(12 rows)

SET
SET
SET
SET
SET
                                             QUERY PLAN                                             
----------------------------------------------------------------------------------------------------
 Index Scan Backward using idx on public.t (actual rows=3048576.00 loops=1)
   Output: a, b
   Index Cond: ((t.a >= '-786953'::integer) AND (t.a <= '-24810'::integer))
   Index Searches: 1
   Buffers: shared hit=945901
 Settings: enable_bitmapscan = 'off', enable_seqscan = 'off', max_parallel_workers_per_gather = '0'
 Planning:
   Buffers: shared hit=109
 Planning Time: 0.221 ms
 Execution Time: 493.538 ms
(10 rows)

