SET
SET
SET
SET
SET
                                                                         QUERY PLAN                                                                         
------------------------------------------------------------------------------------------------------------------------------------------------------------
 Index Scan Backward using idx on public.t (actual rows=7048576.00 loops=1)
   Output: a, b
   Index Cond: ((t.a >= '-1767487'::integer) AND (t.a <= '-5344'::integer))
   Index Searches: 1
   Prefetch: distance=254.157 count=2076212 stalls=117035 skipped=4872289 resets=0 ungets=17463 forwarded=6
             histogram [2,4) => 2018, [4,8) => 140, [8,16) => 29, [16,32) => 22, [32,64) => 212, [64,128) => 854, [128,256) => 851345, [256,512) => 1221592
   Buffers: shared hit=2087088 read=99403
 Settings: enable_bitmapscan = 'off', enable_seqscan = 'off', max_parallel_workers_per_gather = '0'
 Planning:
   Buffers: shared hit=78 read=26
 Planning Time: 1.953 ms
 Execution Time: 2258.794 ms
(12 rows)

SET
SET
SET
SET
SET
                                             QUERY PLAN                                             
----------------------------------------------------------------------------------------------------
 Index Scan Backward using idx on public.t (actual rows=7048576.00 loops=1)
   Output: a, b
   Index Cond: ((t.a >= '-1767487'::integer) AND (t.a <= '-5344'::integer))
   Index Searches: 1
   Buffers: shared hit=2186491
 Settings: enable_bitmapscan = 'off', enable_seqscan = 'off', max_parallel_workers_per_gather = '0'
 Planning:
   Buffers: shared hit=109
 Planning Time: 0.228 ms
 Execution Time: 1134.189 ms
(10 rows)

