SET
SET
SET
SET
SET
                                                                         QUERY PLAN                                                                         
------------------------------------------------------------------------------------------------------------------------------------------------------------
 Index Scan Backward using idx on public.t (actual rows=8048576.00 loops=1)
   Output: a, b
   Index Cond: ((t.a >= '-2026167'::integer) AND (t.a <= '-14024'::integer))
   Index Searches: 1
   Prefetch: distance=254.271 count=2396728 stalls=106392 skipped=5563274 resets=0 ungets=18309 forwarded=9
             histogram [2,4) => 1988, [4,8) => 138, [8,16) => 22, [16,32) => 26, [32,64) => 212, [64,128) => 887, [128,256) => 981975, [256,512) => 1411480
   Buffers: shared hit=2383923 read=113089
 Settings: enable_bitmapscan = 'off', enable_seqscan = 'off', max_parallel_workers_per_gather = '0'
 Planning:
   Buffers: shared hit=78 read=26
 Planning Time: 1.947 ms
 Execution Time: 2561.457 ms
(12 rows)

SET
SET
SET
SET
SET
                                             QUERY PLAN                                             
----------------------------------------------------------------------------------------------------
 Index Scan Backward using idx on public.t (actual rows=8048576.00 loops=1)
   Output: a, b
   Index Cond: ((t.a >= '-2026167'::integer) AND (t.a <= '-14024'::integer))
   Index Searches: 1
   Buffers: shared hit=2497012
 Settings: enable_bitmapscan = 'off', enable_seqscan = 'off', max_parallel_workers_per_gather = '0'
 Planning:
   Buffers: shared hit=109
 Planning Time: 0.222 ms
 Execution Time: 1276.598 ms
(10 rows)

