SET
SET
SET
SET
SET
                                                                      QUERY PLAN                                                                       
-------------------------------------------------------------------------------------------------------------------------------------------------------
 Index Scan using idx on public.t (actual rows=3048576.00 loops=1)
   Output: a, b
   Index Cond: ((t.a >= 1919) AND (t.a <= 764062))
   Index Searches: 1
   Prefetch: distance=264.130 count=3303417 stalls=12 skipped=45551 resets=0 ungets=300511 forwarded=7514
             histogram [2,4) => 12, [4,8) => 24, [8,16) => 33, [16,32) => 50, [32,64) => 31, [64,128) => 60, [128,256) => 469324, [256,512) => 2833883
   Buffers: shared hit=2857547 read=149825
 Settings: enable_bitmapscan = 'off', enable_seqscan = 'off', max_parallel_workers_per_gather = '0'
 Planning:
   Buffers: shared hit=82 read=26
 Planning Time: 2.050 ms
 Execution Time: 3309.471 ms
(12 rows)

SET
SET
SET
SET
SET
                                             QUERY PLAN                                             
----------------------------------------------------------------------------------------------------
 Index Scan using idx on public.t (actual rows=3048576.00 loops=1)
   Output: a, b
   Index Cond: ((t.a >= 1919) AND (t.a <= 764062))
   Index Searches: 1
   Buffers: shared hit=3007594
 Settings: enable_bitmapscan = 'off', enable_seqscan = 'off', max_parallel_workers_per_gather = '0'
 Planning:
   Buffers: shared hit=113
 Planning Time: 0.230 ms
 Execution Time: 487.223 ms
(10 rows)

