SET
SET
SET
SET
SET
                                                                      QUERY PLAN                                                                      
------------------------------------------------------------------------------------------------------------------------------------------------------
 Index Scan using idx on public.t (actual rows=4048576.00 loops=1)
   Output: a, b
   Index Cond: ((t.a >= 16438) AND (t.a <= 1028581))
   Index Searches: 1
   Prefetch: distance=264.133 count=4387074 stalls=11 skipped=60349 resets=0 ungets=398929 forwarded=10059
             histogram [2,4) => 16, [4,8) => 9, [8,16) => 13, [16,32) => 12, [32,64) => 24, [64,128) => 21, [128,256) => 624268, [256,512) => 3762711
   Buffers: shared hit=3795032 read=198940
 Settings: enable_bitmapscan = 'off', enable_seqscan = 'off', max_parallel_workers_per_gather = '0'
 Planning:
   Buffers: shared hit=82 read=26
 Planning Time: 2.040 ms
 Execution Time: 4330.620 ms
(12 rows)

SET
SET
SET
SET
SET
                                             QUERY PLAN                                             
----------------------------------------------------------------------------------------------------
 Index Scan using idx on public.t (actual rows=4048576.00 loops=1)
   Output: a, b
   Index Cond: ((t.a >= 16438) AND (t.a <= 1028581))
   Index Searches: 1
   Buffers: shared hit=3994294
 Settings: enable_bitmapscan = 'off', enable_seqscan = 'off', max_parallel_workers_per_gather = '0'
 Planning:
   Buffers: shared hit=113
 Planning Time: 0.226 ms
 Execution Time: 641.167 ms
(10 rows)

