SET
SET
SET
SET
SET
                                                                  QUERY PLAN                                                                  
----------------------------------------------------------------------------------------------------------------------------------------------
 Index Scan using idx on public.t (actual rows=131072.00 loops=1)
   Output: a, b
   Index Cond: ((t.a >= '-46366'::integer) AND (t.a <= '-13599'::integer))
   Index Searches: 1
   Prefetch: distance=264.951 count=46577 stalls=1 skipped=90367 resets=0 ungets=6256 forwarded=637
             histogram [2,4) => 2, [4,8) => 3, [8,16) => 5, [16,32) => 10, [32,64) => 4, [64,128) => 2, [128,256) => 6178, [256,512) => 40373
   Buffers: shared hit=32637 read=7997
 Settings: enable_bitmapscan = 'off', enable_seqscan = 'off', max_parallel_workers_per_gather = '0'
 Planning:
   Buffers: shared hit=86 read=26
 Planning Time: 1.920 ms
 Execution Time: 59.033 ms
(12 rows)

SET
SET
SET
SET
SET
                                             QUERY PLAN                                             
----------------------------------------------------------------------------------------------------
 Index Scan using idx on public.t (actual rows=131072.00 loops=1)
   Output: a, b
   Index Cond: ((t.a >= '-46366'::integer) AND (t.a <= '-13599'::integer))
   Index Searches: 1
   Buffers: shared hit=40634
 Settings: enable_bitmapscan = 'off', enable_seqscan = 'off', max_parallel_workers_per_gather = '0'
 Planning:
   Buffers: shared hit=117
 Planning Time: 0.251 ms
 Execution Time: 22.772 ms
(10 rows)

