SET
SET
SET
SET
SET
                                                               QUERY PLAN                                                                
-----------------------------------------------------------------------------------------------------------------------------------------
 Index Scan using idx on public.t (actual rows=1024.00 loops=1)
   Output: a, b
   Index Cond: ((t.a >= '-21070'::integer) AND (t.a <= '-20815'::integer))
   Index Searches: 1
   Prefetch: distance=254.331 count=405 stalls=1 skipped=542 resets=0 ungets=167 forwarded=4
             histogram [2,4) => 2, [4,8) => 3, [8,16) => 5, [16,32) => 11, [32,64) => 6, [64,128) => 2, [128,256) => 2, [256,512) => 374
   Buffers: shared hit=17 read=306
 Settings: enable_bitmapscan = 'off', enable_seqscan = 'off', max_parallel_workers_per_gather = '0'
 Planning:
   Buffers: shared hit=86 read=26
 Planning Time: 1.438 ms
 Execution Time: 7.867 ms
(12 rows)

SET
SET
SET
SET
SET
                                             QUERY PLAN                                             
----------------------------------------------------------------------------------------------------
 Index Scan using idx on public.t (actual rows=1024.00 loops=1)
   Output: a, b
   Index Cond: ((t.a >= '-21070'::integer) AND (t.a <= '-20815'::integer))
   Index Searches: 1
   Buffers: shared hit=323
 Settings: enable_bitmapscan = 'off', enable_seqscan = 'off', max_parallel_workers_per_gather = '0'
 Planning:
   Buffers: shared hit=117
 Planning Time: 0.195 ms
 Execution Time: 0.438 ms
(10 rows)

