SET
SET
SET
SET
SET
                                                                QUERY PLAN                                                                
------------------------------------------------------------------------------------------------------------------------------------------
 Index Scan using idx on public.t (actual rows=32768.00 loops=1)
   Output: a, b
   Index Cond: ((t.a >= '-34535'::integer) AND (t.a <= '-26344'::integer))
   Index Searches: 1
   Prefetch: distance=270.678 count=14564 stalls=1 skipped=22533 resets=0 ungets=4501 forwarded=290
             histogram [2,4) => 2, [4,8) => 3, [8,16) => 5, [16,32) => 9, [32,64) => 4, [64,128) => 2, [128,256) => 8, [256,512) => 14531
   Buffers: shared hit=4857 read=5313
 Settings: enable_bitmapscan = 'off', enable_seqscan = 'off', max_parallel_workers_per_gather = '0'
 Planning:
   Buffers: shared hit=86 read=26
 Planning Time: 1.965 ms
 Execution Time: 35.170 ms
(12 rows)

SET
SET
SET
SET
SET
                                             QUERY PLAN                                             
----------------------------------------------------------------------------------------------------
 Index Scan using idx on public.t (actual rows=32768.00 loops=1)
   Output: a, b
   Index Cond: ((t.a >= '-34535'::integer) AND (t.a <= '-26344'::integer))
   Index Searches: 1
   Buffers: shared hit=10170
 Settings: enable_bitmapscan = 'off', enable_seqscan = 'off', max_parallel_workers_per_gather = '0'
 Planning:
   Buffers: shared hit=117
 Planning Time: 0.214 ms
 Execution Time: 4.261 ms
(10 rows)

