SET
SET
SET
SET
SET
                                                               QUERY PLAN                                                                
-----------------------------------------------------------------------------------------------------------------------------------------
 Index Scan using idx on public.t (actual rows=4096.00 loops=1)
   Output: a, b
   Index Cond: ((t.a >= '-32485'::integer) AND (t.a <= '-31462'::integer))
   Index Searches: 1
   Prefetch: distance=268.173 count=1964 stalls=1 skipped=2548 resets=0 ungets=824 forwarded=17
             histogram [2,4) => 2, [4,8) => 3, [8,16) => 5, [16,32) => 9, [32,64) => 7, [64,128) => 2, [128,256) => 2, [256,512) => 1934
   Buffers: shared hit=126 read=1156
 Settings: enable_bitmapscan = 'off', enable_seqscan = 'off', max_parallel_workers_per_gather = '0'
 Planning:
   Buffers: shared hit=86 read=26
 Planning Time: 1.775 ms
 Execution Time: 16.256 ms
(12 rows)

SET
SET
SET
SET
SET
                                             QUERY PLAN                                             
----------------------------------------------------------------------------------------------------
 Index Scan using idx on public.t (actual rows=4096.00 loops=1)
   Output: a, b
   Index Cond: ((t.a >= '-32485'::integer) AND (t.a <= '-31462'::integer))
   Index Searches: 1
   Buffers: shared hit=1282
 Settings: enable_bitmapscan = 'off', enable_seqscan = 'off', max_parallel_workers_per_gather = '0'
 Planning:
   Buffers: shared hit=117
 Planning Time: 0.161 ms
 Execution Time: 0.787 ms
(10 rows)

