SET
SET
SET
SET
SET
                                                               QUERY PLAN                                                                
-----------------------------------------------------------------------------------------------------------------------------------------
 Index Scan using idx on public.t (actual rows=2048.00 loops=1)
   Output: a, b
   Index Cond: ((t.a >= '-17188'::integer) AND (t.a <= '-16677'::integer))
   Index Searches: 1
   Prefetch: distance=263.803 count=1044 stalls=1 skipped=1338 resets=0 ungets=430 forwarded=4
             histogram [2,4) => 2, [4,8) => 4, [8,16) => 5, [16,32) => 9, [32,64) => 9, [64,128) => 3, [128,256) => 3, [256,512) => 1009
   Buffers: shared hit=59 read=591
 Settings: enable_bitmapscan = 'off', enable_seqscan = 'off', max_parallel_workers_per_gather = '0'
 Planning:
   Buffers: shared hit=86 read=26
 Planning Time: 1.492 ms
 Execution Time: 6.003 ms
(12 rows)

SET
SET
SET
SET
SET
                                             QUERY PLAN                                             
----------------------------------------------------------------------------------------------------
 Index Scan using idx on public.t (actual rows=2048.00 loops=1)
   Output: a, b
   Index Cond: ((t.a >= '-17188'::integer) AND (t.a <= '-16677'::integer))
   Index Searches: 1
   Buffers: shared hit=650
 Settings: enable_bitmapscan = 'off', enable_seqscan = 'off', max_parallel_workers_per_gather = '0'
 Planning:
   Buffers: shared hit=117
 Planning Time: 0.139 ms
 Execution Time: 0.325 ms
(10 rows)

