SET
SET
SET
SET
SET
                                                                     QUERY PLAN                                                                      
-----------------------------------------------------------------------------------------------------------------------------------------------------
 Index Scan using idx on public.t (actual rows=8048576.00 loops=1)
   Output: a, b
   Index Cond: ((t.a >= '-2013896'::integer) AND (t.a <= '-1753'::integer))
   Index Searches: 1
   Prefetch: distance=254.066 count=2492043 stalls=1 skipped=5563452 resets=0 ungets=7259 forwarded=8583
             histogram [2,4) => 2, [4,8) => 3, [8,16) => 6, [16,32) => 9, [32,64) => 12, [64,128) => 229, [128,256) => 1078233, [256,512) => 1413549
   Buffers: shared hit=2384424 read=112518
 Settings: enable_bitmapscan = 'off', enable_seqscan = 'off', max_parallel_workers_per_gather = '0'
 Planning:
   Buffers: shared hit=82 read=26
 Planning Time: 1.988 ms
 Execution Time: 1821.321 ms
(12 rows)

SET
SET
SET
SET
SET
                                             QUERY PLAN                                             
----------------------------------------------------------------------------------------------------
 Index Scan using idx on public.t (actual rows=8048576.00 loops=1)
   Output: a, b
   Index Cond: ((t.a >= '-2013896'::integer) AND (t.a <= '-1753'::integer))
   Index Searches: 1
   Buffers: shared hit=2496942
 Settings: enable_bitmapscan = 'off', enable_seqscan = 'off', max_parallel_workers_per_gather = '0'
 Planning:
   Buffers: shared hit=113
 Planning Time: 0.220 ms
 Execution Time: 1347.076 ms
(10 rows)

