SET
SET
SET
SET
SET
                                                                   QUERY PLAN                                                                    
-------------------------------------------------------------------------------------------------------------------------------------------------
 Index Scan using idx on public.t (actual rows=3048576.00 loops=1)
   Output: a, b
   Index Cond: ((t.a >= '-775145'::integer) AND (t.a <= '-13002'::integer))
   Index Searches: 1
   Prefetch: distance=254.552 count=948158 stalls=1 skipped=2107103 resets=0 ungets=6785 forwarded=3575
             histogram [2,4) => 2, [4,8) => 3, [8,16) => 5, [16,32) => 9, [32,64) => 7, [64,128) => 24, [128,256) => 399412, [256,512) => 548696
   Buffers: shared hit=899221 read=46751
 Settings: enable_bitmapscan = 'off', enable_seqscan = 'off', max_parallel_workers_per_gather = '0'
 Planning:
   Buffers: shared hit=82 read=26
 Planning Time: 1.929 ms
 Execution Time: 684.139 ms
(12 rows)

SET
SET
SET
SET
SET
                                             QUERY PLAN                                             
----------------------------------------------------------------------------------------------------
 Index Scan using idx on public.t (actual rows=3048576.00 loops=1)
   Output: a, b
   Index Cond: ((t.a >= '-775145'::integer) AND (t.a <= '-13002'::integer))
   Index Searches: 1
   Buffers: shared hit=945972
 Settings: enable_bitmapscan = 'off', enable_seqscan = 'off', max_parallel_workers_per_gather = '0'
 Planning:
   Buffers: shared hit=113
 Planning Time: 0.188 ms
 Execution Time: 484.992 ms
(10 rows)

