SET
SET
SET
SET
SET
                                                                     QUERY PLAN                                                                     
----------------------------------------------------------------------------------------------------------------------------------------------------
 Index Scan using idx on public.t (actual rows=6048576.00 loops=1)
   Output: a, b
   Index Cond: ((t.a >= '-1514544'::integer) AND (t.a <= '-2401'::integer))
   Index Searches: 1
   Prefetch: distance=254.144 count=1874013 stalls=1 skipped=4180985 resets=0 ungets=6842 forwarded=6571
             histogram [2,4) => 2, [4,8) => 5, [8,16) => 10, [16,32) => 11, [32,64) => 2, [64,128) => 90, [128,256) => 807192, [256,512) => 1066701
   Buffers: shared hit=1790313 read=86043
 Settings: enable_bitmapscan = 'off', enable_seqscan = 'off', max_parallel_workers_per_gather = '0'
 Planning:
   Buffers: shared hit=82 read=26
 Planning Time: 1.922 ms
 Execution Time: 1317.913 ms
(12 rows)

SET
SET
SET
SET
SET
                                             QUERY PLAN                                             
----------------------------------------------------------------------------------------------------
 Index Scan using idx on public.t (actual rows=6048576.00 loops=1)
   Output: a, b
   Index Cond: ((t.a >= '-1514544'::integer) AND (t.a <= '-2401'::integer))
   Index Searches: 1
   Buffers: shared hit=1876357
 Settings: enable_bitmapscan = 'off', enable_seqscan = 'off', max_parallel_workers_per_gather = '0'
 Planning:
   Buffers: shared hit=113
 Planning Time: 0.216 ms
 Execution Time: 969.149 ms
(10 rows)

