SET
SET
SET
SET
SET
                                                              QUERY PLAN                                                               
---------------------------------------------------------------------------------------------------------------------------------------
 Index Scan using idx on public.t (actual rows=128.00 loops=1)
   Output: a, b
   Index Cond: ((t.a >= '-374'::integer) AND (t.a <= '-343'::integer))
   Index Searches: 1
   Buffers: shared hit=5 read=38
 Settings: enable_bitmapscan = 'off', enable_seqscan = 'off', max_parallel_workers_per_gather = '0', enable_indexscan_prefetch = 'off'
 Planning:
   Buffers: shared hit=86 read=26
 Planning Time: 1.292 ms
 Execution Time: 3.012 ms
(10 rows)

SET
SET
SET
SET
SET
                                                              QUERY PLAN                                                               
---------------------------------------------------------------------------------------------------------------------------------------
 Index Scan using idx on public.t (actual rows=128.00 loops=1)
   Output: a, b
   Index Cond: ((t.a >= '-374'::integer) AND (t.a <= '-343'::integer))
   Index Searches: 1
   Buffers: shared hit=43
 Settings: enable_bitmapscan = 'off', enable_seqscan = 'off', max_parallel_workers_per_gather = '0', enable_indexscan_prefetch = 'off'
 Planning:
   Buffers: shared hit=117
 Planning Time: 0.133 ms
 Execution Time: 0.046 ms
(10 rows)

