SET
SET
SET
SET
SET
                                                                QUERY PLAN                                                                
------------------------------------------------------------------------------------------------------------------------------------------
 Index Scan using idx on public.t (actual rows=2048.00 loops=1)
   Output: a, b
   Index Cond: ((t.a >= '-11686'::integer) AND (t.a <= '-11175'::integer))
   Index Searches: 1
   Prefetch: distance=265.184 count=1063 stalls=1 skipped=1372 resets=0 ungets=447 forwarded=7
             histogram [2,4) => 2, [4,8) => 3, [8,16) => 6, [16,32) => 14, [32,64) => 2, [64,128) => 2, [128,256) => 2, [256,512) => 1032
   Buffers: shared hit=53 read=591
 Settings: enable_bitmapscan = 'off', enable_seqscan = 'off', max_parallel_workers_per_gather = '0'
 Planning:
   Buffers: shared hit=86 read=26
 Planning Time: 1.694 ms
 Execution Time: 5.434 ms
(12 rows)

SET
SET
SET
SET
SET
                                             QUERY PLAN                                             
----------------------------------------------------------------------------------------------------
 Index Scan using idx on public.t (actual rows=2048.00 loops=1)
   Output: a, b
   Index Cond: ((t.a >= '-11686'::integer) AND (t.a <= '-11175'::integer))
   Index Searches: 1
   Buffers: shared hit=644
 Settings: enable_bitmapscan = 'off', enable_seqscan = 'off', max_parallel_workers_per_gather = '0'
 Planning:
   Buffers: shared hit=117
 Planning Time: 0.210 ms
 Execution Time: 0.699 ms
(10 rows)

