SET
SET
SET
SET
SET
                                                                 QUERY PLAN                                                                  
---------------------------------------------------------------------------------------------------------------------------------------------
 Index Scan using idx on public.t (actual rows=65536.00 loops=1)
   Output: a, b
   Index Cond: ((t.a >= '-44272'::integer) AND (t.a <= '-27889'::integer))
   Index Searches: 1
   Prefetch: distance=269.192 count=26378 stalls=1 skipped=45330 resets=0 ungets=6176 forwarded=524
             histogram [2,4) => 2, [4,8) => 3, [8,16) => 6, [16,32) => 10, [32,64) => 6, [64,128) => 2, [128,256) => 628, [256,512) => 25721
   Buffers: shared hit=13166 read=7142
 Settings: enable_bitmapscan = 'off', enable_seqscan = 'off', max_parallel_workers_per_gather = '0'
 Planning:
   Buffers: shared hit=86 read=26
 Planning Time: 1.941 ms
 Execution Time: 42.270 ms
(12 rows)

SET
SET
SET
SET
SET
                                             QUERY PLAN                                             
----------------------------------------------------------------------------------------------------
 Index Scan using idx on public.t (actual rows=65536.00 loops=1)
   Output: a, b
   Index Cond: ((t.a >= '-44272'::integer) AND (t.a <= '-27889'::integer))
   Index Searches: 1
   Buffers: shared hit=20308
 Settings: enable_bitmapscan = 'off', enable_seqscan = 'off', max_parallel_workers_per_gather = '0'
 Planning:
   Buffers: shared hit=117
 Planning Time: 0.182 ms
 Execution Time: 8.931 ms
(10 rows)

