SET
SET
SET
SET
SET
                                                                     QUERY PLAN                                                                      
-----------------------------------------------------------------------------------------------------------------------------------------------------
 Index Scan using idx on public.t (actual rows=8048576.00 loops=1)
   Output: a, b
   Index Cond: ((t.a >= '-2031868'::integer) AND (t.a <= '-19725'::integer))
   Index Searches: 1
   Prefetch: distance=254.093 count=2492739 stalls=1 skipped=5563196 resets=0 ungets=7955 forwarded=8643
             histogram [2,4) => 2, [4,8) => 3, [8,16) => 5, [16,32) => 9, [32,64) => 13, [64,128) => 229, [128,256) => 1076878, [256,512) => 1415600
   Buffers: shared hit=2383672 read=113344
 Settings: enable_bitmapscan = 'off', enable_seqscan = 'off', max_parallel_workers_per_gather = '0'
 Planning:
   Buffers: shared hit=82 read=26
 Planning Time: 2.131 ms
 Execution Time: 1738.010 ms
(12 rows)

SET
SET
SET
SET
SET
                                             QUERY PLAN                                             
----------------------------------------------------------------------------------------------------
 Index Scan using idx on public.t (actual rows=8048576.00 loops=1)
   Output: a, b
   Index Cond: ((t.a >= '-2031868'::integer) AND (t.a <= '-19725'::integer))
   Index Searches: 1
   Buffers: shared hit=2497016
 Settings: enable_bitmapscan = 'off', enable_seqscan = 'off', max_parallel_workers_per_gather = '0'
 Planning:
   Buffers: shared hit=113
 Planning Time: 0.225 ms
 Execution Time: 1278.780 ms
(10 rows)

