SET
SET
SET
SET
SET
                                                                QUERY PLAN                                                                
------------------------------------------------------------------------------------------------------------------------------------------
 Index Scan using idx on public.t (actual rows=4096.00 loops=1)
   Output: a, b
   Index Cond: ((t.a >= '-32043'::integer) AND (t.a <= '-31020'::integer))
   Index Searches: 1
   Prefetch: distance=267.808 count=2088 stalls=1 skipped=2710 resets=0 ungets=874 forwarded=15
             histogram [2,4) => 2, [4,8) => 3, [8,16) => 5, [16,32) => 19, [32,64) => 3, [64,128) => 3, [128,256) => 2, [256,512) => 2051
   Buffers: shared hit=135 read=1140
 Settings: enable_bitmapscan = 'off', enable_seqscan = 'off', max_parallel_workers_per_gather = '0'
 Planning:
   Buffers: shared hit=86 read=26
 Planning Time: 1.946 ms
 Execution Time: 10.634 ms
(12 rows)

SET
SET
SET
SET
SET
                                             QUERY PLAN                                             
----------------------------------------------------------------------------------------------------
 Index Scan using idx on public.t (actual rows=4096.00 loops=1)
   Output: a, b
   Index Cond: ((t.a >= '-32043'::integer) AND (t.a <= '-31020'::integer))
   Index Searches: 1
   Buffers: shared hit=1275
 Settings: enable_bitmapscan = 'off', enable_seqscan = 'off', max_parallel_workers_per_gather = '0'
 Planning:
   Buffers: shared hit=117
 Planning Time: 0.198 ms
 Execution Time: 1.234 ms
(10 rows)

