SET
SET
SET
SET
SET
                                                                QUERY PLAN                                                                 
-------------------------------------------------------------------------------------------------------------------------------------------
 Index Scan using idx on public.t (actual rows=32768.00 loops=1)
   Output: a, b
   Index Cond: ((t.a >= '-21782'::integer) AND (t.a <= '-13591'::integer))
   Index Searches: 1
   Prefetch: distance=270.490 count=14147 stalls=1 skipped=22375 resets=0 ungets=4170 forwarded=291
             histogram [2,4) => 2, [4,8) => 3, [8,16) => 5, [16,32) => 10, [32,64) => 4, [64,128) => 2, [128,256) => 8, [256,512) => 14113
   Buffers: shared hit=5158 read=4993
 Settings: enable_bitmapscan = 'off', enable_seqscan = 'off', max_parallel_workers_per_gather = '0'
 Planning:
   Buffers: shared hit=86 read=26
 Planning Time: 1.943 ms
 Execution Time: 37.015 ms
(12 rows)

SET
SET
SET
SET
SET
                                             QUERY PLAN                                             
----------------------------------------------------------------------------------------------------
 Index Scan using idx on public.t (actual rows=32768.00 loops=1)
   Output: a, b
   Index Cond: ((t.a >= '-21782'::integer) AND (t.a <= '-13591'::integer))
   Index Searches: 1
   Buffers: shared hit=10151
 Settings: enable_bitmapscan = 'off', enable_seqscan = 'off', max_parallel_workers_per_gather = '0'
 Planning:
   Buffers: shared hit=117
 Planning Time: 0.213 ms
 Execution Time: 5.428 ms
(10 rows)

