SET
SET
SET
SET
SET
                                                               QUERY PLAN                                                                
-----------------------------------------------------------------------------------------------------------------------------------------
 Index Scan using idx on public.t (actual rows=16384.00 loops=1)
   Output: a, b
   Index Cond: ((t.a >= '-28378'::integer) AND (t.a <= '-24283'::integer))
   Index Searches: 1
   Prefetch: distance=270.657 count=7704 stalls=1 skipped=11067 resets=0 ungets=2787 forwarded=153
             histogram [2,4) => 2, [4,8) => 3, [8,16) => 5, [16,32) => 9, [32,64) => 7, [64,128) => 4, [128,256) => 2, [256,512) => 7672
   Buffers: shared hit=1641 read=3427
 Settings: enable_bitmapscan = 'off', enable_seqscan = 'off', max_parallel_workers_per_gather = '0'
 Planning:
   Buffers: shared hit=86 read=26
 Planning Time: 1.966 ms
 Execution Time: 29.768 ms
(12 rows)

SET
SET
SET
SET
SET
                                             QUERY PLAN                                             
----------------------------------------------------------------------------------------------------
 Index Scan using idx on public.t (actual rows=16384.00 loops=1)
   Output: a, b
   Index Cond: ((t.a >= '-28378'::integer) AND (t.a <= '-24283'::integer))
   Index Searches: 1
   Buffers: shared hit=5069
 Settings: enable_bitmapscan = 'off', enable_seqscan = 'off', max_parallel_workers_per_gather = '0'
 Planning:
   Buffers: shared hit=117
 Planning Time: 0.205 ms
 Execution Time: 3.841 ms
(10 rows)

