SET
SET
SET
SET
SET
                                                                   QUERY PLAN                                                                    
-------------------------------------------------------------------------------------------------------------------------------------------------
 Index Scan using idx on public.t (actual rows=5048576.00 loops=1)
   Output: a, b
   Index Cond: ((t.a >= '-1288189'::integer) AND (t.a <= '-26046'::integer))
   Index Searches: 1
   Prefetch: distance=254.253 count=1566247 stalls=1 skipped=3490009 resets=0 ungets=7708 forwarded=5643
             histogram [2,4) => 2, [4,8) => 3, [8,16) => 5, [16,32) => 9, [32,64) => 4, [64,128) => 52, [128,256) => 670346, [256,512) => 895826
   Buffers: shared hit=1492282 read=73828
 Settings: enable_bitmapscan = 'off', enable_seqscan = 'off', max_parallel_workers_per_gather = '0'
 Planning:
   Buffers: shared hit=82 read=26
 Planning Time: 1.919 ms
 Execution Time: 1085.109 ms
(12 rows)

SET
SET
SET
SET
SET
                                             QUERY PLAN                                             
----------------------------------------------------------------------------------------------------
 Index Scan using idx on public.t (actual rows=5048576.00 loops=1)
   Output: a, b
   Index Cond: ((t.a >= '-1288189'::integer) AND (t.a <= '-26046'::integer))
   Index Searches: 1
   Buffers: shared hit=1566110
 Settings: enable_bitmapscan = 'off', enable_seqscan = 'off', max_parallel_workers_per_gather = '0'
 Planning:
   Buffers: shared hit=113
 Planning Time: 0.189 ms
 Execution Time: 808.949 ms
(10 rows)

