SET
SET
SET
SET
SET
                                                                   QUERY PLAN                                                                   
------------------------------------------------------------------------------------------------------------------------------------------------
 Index Scan using idx on public.t (actual rows=524288.00 loops=1)
   Output: a, b
   Index Cond: ((t.a >= '-147829'::integer) AND (t.a <= '-16758'::integer))
   Index Searches: 1
   Prefetch: distance=257.355 count=168204 stalls=1 skipped=362105 resets=0 ungets=6461 forwarded=1051
             histogram [2,4) => 4, [4,8) => 3, [8,16) => 5, [16,32) => 15, [32,64) => 3, [64,128) => 2, [128,256) => 58243, [256,512) => 109929
   Buffers: shared hit=149277 read=13393
 Settings: enable_bitmapscan = 'off', enable_seqscan = 'off', max_parallel_workers_per_gather = '0'
 Planning:
   Buffers: shared hit=82 read=26
 Planning Time: 1.949 ms
 Execution Time: 142.951 ms
(12 rows)

SET
SET
SET
SET
SET
                                             QUERY PLAN                                             
----------------------------------------------------------------------------------------------------
 Index Scan using idx on public.t (actual rows=524288.00 loops=1)
   Output: a, b
   Index Cond: ((t.a >= '-147829'::integer) AND (t.a <= '-16758'::integer))
   Index Searches: 1
   Buffers: shared hit=162670
 Settings: enable_bitmapscan = 'off', enable_seqscan = 'off', max_parallel_workers_per_gather = '0'
 Planning:
   Buffers: shared hit=113
 Planning Time: 0.189 ms
 Execution Time: 82.677 ms
(10 rows)

