SET
SET
SET
SET
SET
                                                                   QUERY PLAN                                                                    
-------------------------------------------------------------------------------------------------------------------------------------------------
 Index Scan using idx on public.t (actual rows=1048576.00 loops=1)
   Output: a, b
   Index Cond: ((t.a >= '-276629'::integer) AND (t.a <= '-14486'::integer))
   Index Searches: 1
   Prefetch: distance=255.687 count=330280 stalls=1 skipped=724613 resets=0 ungets=6493 forwarded=1534
             histogram [2,4) => 2, [4,8) => 3, [8,16) => 6, [16,32) => 13, [32,64) => 4, [64,128) => 3, [128,256) => 129508, [256,512) => 200741
   Buffers: shared hit=305133 read=20285
 Settings: enable_bitmapscan = 'off', enable_seqscan = 'off', max_parallel_workers_per_gather = '0'
 Planning:
   Buffers: shared hit=82 read=26
 Planning Time: 1.943 ms
 Execution Time: 253.620 ms
(12 rows)

SET
SET
SET
SET
SET
                                             QUERY PLAN                                             
----------------------------------------------------------------------------------------------------
 Index Scan using idx on public.t (actual rows=1048576.00 loops=1)
   Output: a, b
   Index Cond: ((t.a >= '-276629'::integer) AND (t.a <= '-14486'::integer))
   Index Searches: 1
   Buffers: shared hit=325418
 Settings: enable_bitmapscan = 'off', enable_seqscan = 'off', max_parallel_workers_per_gather = '0'
 Planning:
   Buffers: shared hit=113
 Planning Time: 0.186 ms
 Execution Time: 169.907 ms
(10 rows)

