SET
SET
SET
SET
SET
                                                                    QUERY PLAN                                                                    
--------------------------------------------------------------------------------------------------------------------------------------------------
 Index Scan using idx on public.t (actual rows=3048576.00 loops=1)
   Output: a, b
   Index Cond: ((t.a >= '-770194'::integer) AND (t.a <= '-8051'::integer))
   Index Searches: 1
   Prefetch: distance=254.542 count=947678 stalls=1 skipped=2106830 resets=0 ungets=6464 forwarded=3547
             histogram [2,4) => 2, [4,8) => 3, [8,16) => 5, [16,32) => 9, [32,64) => 11, [64,128) => 23, [128,256) => 399701, [256,512) => 547924
   Buffers: shared hit=899439 read=46514
 Settings: enable_bitmapscan = 'off', enable_seqscan = 'off', max_parallel_workers_per_gather = '0'
 Planning:
   Buffers: shared hit=82 read=26
 Planning Time: 1.965 ms
 Execution Time: 669.284 ms
(12 rows)

SET
SET
SET
SET
SET
                                             QUERY PLAN                                             
----------------------------------------------------------------------------------------------------
 Index Scan using idx on public.t (actual rows=3048576.00 loops=1)
   Output: a, b
   Index Cond: ((t.a >= '-770194'::integer) AND (t.a <= '-8051'::integer))
   Index Searches: 1
   Buffers: shared hit=945953
 Settings: enable_bitmapscan = 'off', enable_seqscan = 'off', max_parallel_workers_per_gather = '0'
 Planning:
   Buffers: shared hit=113
 Planning Time: 0.222 ms
 Execution Time: 490.914 ms
(10 rows)

