SET
SET
SET
SET
SET
                                                                     QUERY PLAN                                                                      
-----------------------------------------------------------------------------------------------------------------------------------------------------
 Index Scan using idx on public.t (actual rows=7048576.00 loops=1)
   Output: a, b
   Index Cond: ((t.a >= '-1790912'::integer) AND (t.a <= '-28769'::integer))
   Index Searches: 1
   Prefetch: distance=254.155 count=2183870 stalls=1 skipped=4872316 resets=0 ungets=8102 forwarded=7683
             histogram [2,4) => 4, [4,8) => 7, [8,16) => 9, [16,32) => 12, [32,64) => 10, [64,128) => 207, [128,256) => 940287, [256,512) => 1243334
   Buffers: shared hit=2086001 read=100481
 Settings: enable_bitmapscan = 'off', enable_seqscan = 'off', max_parallel_workers_per_gather = '0'
 Planning:
   Buffers: shared hit=82 read=26
 Planning Time: 1.933 ms
 Execution Time: 1509.386 ms
(12 rows)

SET
SET
SET
SET
SET
                                             QUERY PLAN                                             
----------------------------------------------------------------------------------------------------
 Index Scan using idx on public.t (actual rows=7048576.00 loops=1)
   Output: a, b
   Index Cond: ((t.a >= '-1790912'::integer) AND (t.a <= '-28769'::integer))
   Index Searches: 1
   Buffers: shared hit=2186482
 Settings: enable_bitmapscan = 'off', enable_seqscan = 'off', max_parallel_workers_per_gather = '0'
 Planning:
   Buffers: shared hit=113
 Planning Time: 0.219 ms
 Execution Time: 1128.228 ms
(10 rows)

