SET
SET
SET
SET
SET
                                                                      QUERY PLAN                                                                      
------------------------------------------------------------------------------------------------------------------------------------------------------
 Index Scan using idx on public.t (actual rows=8048576.00 loops=1)
   Output: a, b
   Index Cond: ((t.a >= '-2043824'::integer) AND (t.a <= '-31681'::integer))
   Index Searches: 1
   Prefetch: distance=254.105 count=2493340 stalls=1 skipped=5563570 resets=0 ungets=8534 forwarded=8680
             histogram [2,4) => 2, [4,8) => 3, [8,16) => 5, [16,32) => 13, [32,64) => 15, [64,128) => 217, [128,256) => 1076641, [256,512) => 1416444
   Buffers: shared hit=2383074 read=113846
 Settings: enable_bitmapscan = 'off', enable_seqscan = 'off', max_parallel_workers_per_gather = '0'
 Planning:
   Buffers: shared hit=82 read=26
 Planning Time: 1.934 ms
 Execution Time: 1747.863 ms
(12 rows)

SET
SET
SET
SET
SET
                                             QUERY PLAN                                             
----------------------------------------------------------------------------------------------------
 Index Scan using idx on public.t (actual rows=8048576.00 loops=1)
   Output: a, b
   Index Cond: ((t.a >= '-2043824'::integer) AND (t.a <= '-31681'::integer))
   Index Searches: 1
   Buffers: shared hit=2496923
 Settings: enable_bitmapscan = 'off', enable_seqscan = 'off', max_parallel_workers_per_gather = '0'
 Planning:
   Buffers: shared hit=113
 Planning Time: 0.244 ms
 Execution Time: 1297.695 ms
(10 rows)

