SET
SET
SET
SET
SET
                                                                      QUERY PLAN                                                                      
------------------------------------------------------------------------------------------------------------------------------------------------------
 Index Scan using idx on public.t (actual rows=9048576.00 loops=1)
   Output: a, b
   Index Cond: ((t.a >= '-2277535'::integer) AND (t.a <= '-15392'::integer))
   Index Searches: 1
   Prefetch: distance=254.060 count=2801349 stalls=2 skipped=6254606 resets=0 ungets=7940 forwarded=9626
             histogram [2,4) => 2, [4,8) => 3, [8,16) => 7, [16,32) => 14, [32,64) => 10, [64,128) => 239, [128,256) => 1213025, [256,512) => 1588049
   Buffers: shared hit=2680751 read=126387
 Settings: enable_bitmapscan = 'off', enable_seqscan = 'off', max_parallel_workers_per_gather = '0'
 Planning:
   Buffers: shared hit=82 read=26
 Planning Time: 1.945 ms
 Execution Time: 1963.218 ms
(12 rows)

SET
SET
SET
SET
SET
                                             QUERY PLAN                                             
----------------------------------------------------------------------------------------------------
 Index Scan using idx on public.t (actual rows=9048576.00 loops=1)
   Output: a, b
   Index Cond: ((t.a >= '-2277535'::integer) AND (t.a <= '-15392'::integer))
   Index Searches: 1
   Buffers: shared hit=2807139
 Settings: enable_bitmapscan = 'off', enable_seqscan = 'off', max_parallel_workers_per_gather = '0'
 Planning:
   Buffers: shared hit=113
 Planning Time: 0.231 ms
 Execution Time: 1444.716 ms
(10 rows)

