SET
SET
SET
SET
SET
                                                                QUERY PLAN                                                                
------------------------------------------------------------------------------------------------------------------------------------------
 Index Scan using idx on public.t (actual rows=16384.00 loops=1)
   Output: a, b
   Index Cond: ((t.a >= '-24911'::integer) AND (t.a <= '-20816'::integer))
   Index Searches: 1
   Prefetch: distance=270.703 count=7800 stalls=1 skipped=11153 resets=0 ungets=2809 forwarded=152
             histogram [2,4) => 2, [4,8) => 3, [8,16) => 5, [16,32) => 11, [32,64) => 6, [64,128) => 2, [128,256) => 2, [256,512) => 7769
   Buffers: shared hit=1684 read=3414
 Settings: enable_bitmapscan = 'off', enable_seqscan = 'off', max_parallel_workers_per_gather = '0'
 Planning:
   Buffers: shared hit=86 read=26
 Planning Time: 1.972 ms
 Execution Time: 26.089 ms
(12 rows)

SET
SET
SET
SET
SET
                                             QUERY PLAN                                             
----------------------------------------------------------------------------------------------------
 Index Scan using idx on public.t (actual rows=16384.00 loops=1)
   Output: a, b
   Index Cond: ((t.a >= '-24911'::integer) AND (t.a <= '-20816'::integer))
   Index Searches: 1
   Buffers: shared hit=5098
 Settings: enable_bitmapscan = 'off', enable_seqscan = 'off', max_parallel_workers_per_gather = '0'
 Planning:
   Buffers: shared hit=117
 Planning Time: 0.200 ms
 Execution Time: 3.891 ms
(10 rows)

