SET
SET
SET
SET
SET
                                                                   QUERY PLAN                                                                   
------------------------------------------------------------------------------------------------------------------------------------------------
 Index Scan using idx on public.t (actual rows=524288.00 loops=1)
   Output: a, b
   Index Cond: ((t.a >= '-159829'::integer) AND (t.a <= '-28758'::integer))
   Index Searches: 1
   Prefetch: distance=257.489 count=168690 stalls=1 skipped=361972 resets=0 ungets=6910 forwarded=1123
             histogram [2,4) => 4, [4,8) => 7, [8,16) => 9, [16,32) => 12, [32,64) => 2, [64,128) => 2, [128,256) => 57714, [256,512) => 110940
   Buffers: shared hit=148812 read=13928
 Settings: enable_bitmapscan = 'off', enable_seqscan = 'off', max_parallel_workers_per_gather = '0'
 Planning:
   Buffers: shared hit=82 read=26
 Planning Time: 1.950 ms
 Execution Time: 155.807 ms
(12 rows)

SET
SET
SET
SET
SET
                                             QUERY PLAN                                             
----------------------------------------------------------------------------------------------------
 Index Scan using idx on public.t (actual rows=524288.00 loops=1)
   Output: a, b
   Index Cond: ((t.a >= '-159829'::integer) AND (t.a <= '-28758'::integer))
   Index Searches: 1
   Buffers: shared hit=162740
 Settings: enable_bitmapscan = 'off', enable_seqscan = 'off', max_parallel_workers_per_gather = '0'
 Planning:
   Buffers: shared hit=113
 Planning Time: 0.243 ms
 Execution Time: 81.207 ms
(10 rows)

