SET
SET
SET
SET
SET
                                                                    QUERY PLAN                                                                    
--------------------------------------------------------------------------------------------------------------------------------------------------
 Index Scan using idx on public.t (actual rows=3048576.00 loops=1)
   Output: a, b
   Index Cond: ((t.a >= '-781527'::integer) AND (t.a <= '-19384'::integer))
   Index Searches: 1
   Prefetch: distance=254.582 count=948124 stalls=1 skipped=2106785 resets=0 ungets=6957 forwarded=3582
             histogram [2,4) => 2, [4,8) => 3, [8,16) => 9, [16,32) => 11, [32,64) => 2, [64,128) => 25, [128,256) => 398653, [256,512) => 549419
   Buffers: shared hit=898877 read=47053
 Settings: enable_bitmapscan = 'off', enable_seqscan = 'off', max_parallel_workers_per_gather = '0'
 Planning:
   Buffers: shared hit=82 read=26
 Planning Time: 1.951 ms
 Execution Time: 683.189 ms
(12 rows)

SET
SET
SET
SET
SET
                                             QUERY PLAN                                             
----------------------------------------------------------------------------------------------------
 Index Scan using idx on public.t (actual rows=3048576.00 loops=1)
   Output: a, b
   Index Cond: ((t.a >= '-781527'::integer) AND (t.a <= '-19384'::integer))
   Index Searches: 1
   Buffers: shared hit=945930
 Settings: enable_bitmapscan = 'off', enable_seqscan = 'off', max_parallel_workers_per_gather = '0'
 Planning:
   Buffers: shared hit=113
 Planning Time: 0.216 ms
 Execution Time: 489.458 ms
(10 rows)

