SET
SET
SET
SET
SET
                                                                  QUERY PLAN                                                                  
----------------------------------------------------------------------------------------------------------------------------------------------
 Index Scan using idx on public.t (actual rows=131072.00 loops=1)
   Output: a, b
   Index Cond: ((t.a >= '-34269'::integer) AND (t.a <= '-1502'::integer))
   Index Searches: 1
   Prefetch: distance=264.555 count=46279 stalls=1 skipped=90662 resets=0 ungets=5877 forwarded=606
             histogram [2,4) => 2, [4,8) => 3, [8,16) => 6, [16,32) => 13, [32,64) => 6, [64,128) => 2, [128,256) => 6516, [256,512) => 39731
   Buffers: shared hit=33136 read=7471
 Settings: enable_bitmapscan = 'off', enable_seqscan = 'off', max_parallel_workers_per_gather = '0'
 Planning:
   Buffers: shared hit=86 read=26
 Planning Time: 1.987 ms
 Execution Time: 49.093 ms
(12 rows)

SET
SET
SET
SET
SET
                                             QUERY PLAN                                             
----------------------------------------------------------------------------------------------------
 Index Scan using idx on public.t (actual rows=131072.00 loops=1)
   Output: a, b
   Index Cond: ((t.a >= '-34269'::integer) AND (t.a <= '-1502'::integer))
   Index Searches: 1
   Buffers: shared hit=40607
 Settings: enable_bitmapscan = 'off', enable_seqscan = 'off', max_parallel_workers_per_gather = '0'
 Planning:
   Buffers: shared hit=117
 Planning Time: 0.180 ms
 Execution Time: 17.592 ms
(10 rows)

