SET
SET
SET
SET
SET
                                                                QUERY PLAN                                                                
------------------------------------------------------------------------------------------------------------------------------------------
 Index Scan using idx on public.t (actual rows=8192.00 loops=1)
   Output: a, b
   Index Cond: ((t.a >= '-9032'::integer) AND (t.a <= '-6985'::integer))
   Index Searches: 1
   Prefetch: distance=269.931 count=4070 stalls=1 skipped=5600 resets=0 ungets=1598 forwarded=56
             histogram [2,4) => 2, [4,8) => 4, [8,16) => 5, [16,32) => 11, [32,64) => 6, [64,128) => 3, [128,256) => 2, [256,512) => 4037
   Buffers: shared hit=554 read=1972
 Settings: enable_bitmapscan = 'off', enable_seqscan = 'off', max_parallel_workers_per_gather = '0'
 Planning:
   Buffers: shared hit=86 read=26
 Planning Time: 1.947 ms
 Execution Time: 14.989 ms
(12 rows)

SET
SET
SET
SET
SET
                                             QUERY PLAN                                             
----------------------------------------------------------------------------------------------------
 Index Scan using idx on public.t (actual rows=8192.00 loops=1)
   Output: a, b
   Index Cond: ((t.a >= '-9032'::integer) AND (t.a <= '-6985'::integer))
   Index Searches: 1
   Buffers: shared hit=2526
 Settings: enable_bitmapscan = 'off', enable_seqscan = 'off', max_parallel_workers_per_gather = '0'
 Planning:
   Buffers: shared hit=117
 Planning Time: 0.211 ms
 Execution Time: 2.213 ms
(10 rows)

