SET
SET
SET
SET
SET
                                                                  QUERY PLAN                                                                   
-----------------------------------------------------------------------------------------------------------------------------------------------
 Index Scan using idx on public.t (actual rows=262144.00 loops=1)
   Output: a, b
   Index Cond: ((t.a >= '-90332'::integer) AND (t.a <= '-24797'::integer))
   Index Searches: 1
   Prefetch: distance=260.606 count=87615 stalls=1 skipped=180971 resets=0 ungets=6790 forwarded=825
             histogram [2,4) => 2, [4,8) => 4, [8,16) => 5, [16,32) => 10, [32,64) => 6, [64,128) => 2, [128,256) => 22430, [256,512) => 65156
   Buffers: shared hit=71033 read=10292
 Settings: enable_bitmapscan = 'off', enable_seqscan = 'off', max_parallel_workers_per_gather = '0'
 Planning:
   Buffers: shared hit=82 read=26
 Planning Time: 1.945 ms
 Execution Time: 86.606 ms
(12 rows)

SET
SET
SET
SET
SET
                                             QUERY PLAN                                             
----------------------------------------------------------------------------------------------------
 Index Scan using idx on public.t (actual rows=262144.00 loops=1)
   Output: a, b
   Index Cond: ((t.a >= '-90332'::integer) AND (t.a <= '-24797'::integer))
   Index Searches: 1
   Buffers: shared hit=81325
 Settings: enable_bitmapscan = 'off', enable_seqscan = 'off', max_parallel_workers_per_gather = '0'
 Planning:
   Buffers: shared hit=113
 Planning Time: 0.180 ms
 Execution Time: 39.838 ms
(10 rows)

