SET
SET
SET
SET
SET
                                                                    QUERY PLAN                                                                    
--------------------------------------------------------------------------------------------------------------------------------------------------
 Index Scan using idx on public.t (actual rows=4048576.00 loops=1)
   Output: a, b
   Index Cond: ((t.a >= '-1020234'::integer) AND (t.a <= '-8091'::integer))
   Index Searches: 1
   Prefetch: distance=254.336 count=1256511 stalls=1 skipped=2798351 resets=0 ungets=6658 forwarded=4554
             histogram [2,4) => 2, [4,8) => 3, [8,16) => 5, [16,32) => 9, [32,64) => 11, [64,128) => 52, [128,256) => 535847, [256,512) => 720582
   Buffers: shared hit=1196263 read=59774
 Settings: enable_bitmapscan = 'off', enable_seqscan = 'off', max_parallel_workers_per_gather = '0'
 Planning:
   Buffers: shared hit=82 read=26
 Planning Time: 1.938 ms
 Execution Time: 881.312 ms
(12 rows)

SET
SET
SET
SET
SET
                                             QUERY PLAN                                             
----------------------------------------------------------------------------------------------------
 Index Scan using idx on public.t (actual rows=4048576.00 loops=1)
   Output: a, b
   Index Cond: ((t.a >= '-1020234'::integer) AND (t.a <= '-8091'::integer))
   Index Searches: 1
   Buffers: shared hit=1256037
 Settings: enable_bitmapscan = 'off', enable_seqscan = 'off', max_parallel_workers_per_gather = '0'
 Planning:
   Buffers: shared hit=113
 Planning Time: 0.221 ms
 Execution Time: 651.146 ms
(10 rows)

