SET
SET
SET
SET
SET
                                                                    QUERY PLAN                                                                    
--------------------------------------------------------------------------------------------------------------------------------------------------
 Index Scan using idx on public.t (actual rows=2048576.00 loops=1)
   Output: a, b
   Index Cond: ((t.a >= '-514297'::integer) AND (t.a <= '-2154'::integer))
   Index Searches: 1
   Prefetch: distance=254.823 count=638493 stalls=1 skipped=1416174 resets=0 ungets=6163 forwarded=2526
             histogram [2,4) => 2, [4,8) => 3, [8,16) => 5, [16,32) => 10, [32,64) => 10, [64,128) => 3, [128,256) => 265029, [256,512) => 373431
   Buffers: shared hit=602455 read=32972
 Settings: enable_bitmapscan = 'off', enable_seqscan = 'off', max_parallel_workers_per_gather = '0'
 Planning:
   Buffers: shared hit=82 read=26
 Planning Time: 1.991 ms
 Execution Time: 448.003 ms
(12 rows)

SET
SET
SET
SET
SET
                                             QUERY PLAN                                             
----------------------------------------------------------------------------------------------------
 Index Scan using idx on public.t (actual rows=2048576.00 loops=1)
   Output: a, b
   Index Cond: ((t.a >= '-514297'::integer) AND (t.a <= '-2154'::integer))
   Index Searches: 1
   Buffers: shared hit=635427
 Settings: enable_bitmapscan = 'off', enable_seqscan = 'off', max_parallel_workers_per_gather = '0'
 Planning:
   Buffers: shared hit=113
 Planning Time: 0.191 ms
 Execution Time: 331.388 ms
(10 rows)

