SET
SET
SET
SET
SET
                                                                 QUERY PLAN                                                                 
--------------------------------------------------------------------------------------------------------------------------------------------
 Index Scan using idx on public.t (actual rows=65536.00 loops=1)
   Output: a, b
   Index Cond: ((t.a >= '-44892'::integer) AND (t.a <= '-28509'::integer))
   Index Searches: 1
   Prefetch: distance=269.146 count=26307 stalls=1 skipped=45192 resets=0 ungets=6159 forwarded=516
             histogram [2,4) => 2, [4,8) => 4, [8,16) => 5, [16,32) => 9, [32,64) => 7, [64,128) => 2, [128,256) => 663, [256,512) => 25615
   Buffers: shared hit=13164 read=7145
 Settings: enable_bitmapscan = 'off', enable_seqscan = 'off', max_parallel_workers_per_gather = '0'
 Planning:
   Buffers: shared hit=86 read=26
 Planning Time: 1.994 ms
 Execution Time: 45.779 ms
(12 rows)

SET
SET
SET
SET
SET
                                             QUERY PLAN                                             
----------------------------------------------------------------------------------------------------
 Index Scan using idx on public.t (actual rows=65536.00 loops=1)
   Output: a, b
   Index Cond: ((t.a >= '-44892'::integer) AND (t.a <= '-28509'::integer))
   Index Searches: 1
   Buffers: shared hit=20310
 Settings: enable_bitmapscan = 'off', enable_seqscan = 'off', max_parallel_workers_per_gather = '0'
 Planning:
   Buffers: shared hit=117
 Planning Time: 0.213 ms
 Execution Time: 11.937 ms
(10 rows)

