SET
SET
SET
SET
SET
                                                                      QUERY PLAN                                                                      
------------------------------------------------------------------------------------------------------------------------------------------------------
 Index Scan using idx on public.t (actual rows=9048576.00 loops=1)
   Output: a, b
   Index Cond: ((t.a >= '-2293725'::integer) AND (t.a <= '-31582'::integer))
   Index Searches: 1
   Prefetch: distance=254.057 count=2802051 stalls=1 skipped=6254509 resets=0 ungets=8580 forwarded=9715
             histogram [2,4) => 2, [4,8) => 3, [8,16) => 5, [16,32) => 13, [32,64) => 15, [64,128) => 240, [128,256) => 1213356, [256,512) => 1588417
   Buffers: shared hit=2680238 read=126969
 Settings: enable_bitmapscan = 'off', enable_seqscan = 'off', max_parallel_workers_per_gather = '0'
 Planning:
   Buffers: shared hit=82 read=26
 Planning Time: 1.955 ms
 Execution Time: 1928.397 ms
(12 rows)

SET
SET
SET
SET
SET
                                             QUERY PLAN                                             
----------------------------------------------------------------------------------------------------
 Index Scan using idx on public.t (actual rows=9048576.00 loops=1)
   Output: a, b
   Index Cond: ((t.a >= '-2293725'::integer) AND (t.a <= '-31582'::integer))
   Index Searches: 1
   Buffers: shared hit=2807209
 Settings: enable_bitmapscan = 'off', enable_seqscan = 'off', max_parallel_workers_per_gather = '0'
 Planning:
   Buffers: shared hit=113
 Planning Time: 0.294 ms
 Execution Time: 1448.617 ms
(10 rows)

