SET
SET
SET
SET
SET
                                                                      QUERY PLAN                                                                      
------------------------------------------------------------------------------------------------------------------------------------------------------
 Index Scan using idx on public.t (actual rows=8048576.00 loops=1)
   Output: a, b
   Index Cond: ((t.a >= '-2018171'::integer) AND (t.a <= '-6028'::integer))
   Index Searches: 1
   Prefetch: distance=254.076 count=2492004 stalls=1 skipped=5563299 resets=0 ungets=7335 forwarded=8591
             histogram [2,4) => 2, [4,8) => 3, [8,16) => 8, [16,32) => 15, [32,64) => 10, [64,128) => 229, [128,256) => 1077483, [256,512) => 1414254
   Buffers: shared hit=2384183 read=112731
 Settings: enable_bitmapscan = 'off', enable_seqscan = 'off', max_parallel_workers_per_gather = '0'
 Planning:
   Buffers: shared hit=82 read=26
 Planning Time: 1.933 ms
 Execution Time: 1749.212 ms
(12 rows)

SET
SET
SET
SET
SET
                                             QUERY PLAN                                             
----------------------------------------------------------------------------------------------------
 Index Scan using idx on public.t (actual rows=8048576.00 loops=1)
   Output: a, b
   Index Cond: ((t.a >= '-2018171'::integer) AND (t.a <= '-6028'::integer))
   Index Searches: 1
   Buffers: shared hit=2496914
 Settings: enable_bitmapscan = 'off', enable_seqscan = 'off', max_parallel_workers_per_gather = '0'
 Planning:
   Buffers: shared hit=113
 Planning Time: 0.220 ms
 Execution Time: 1283.232 ms
(10 rows)

