SET
SET
SET
SET
SET
                                                               QUERY PLAN                                                                
-----------------------------------------------------------------------------------------------------------------------------------------
 Index Scan Backward using idx on public.t (actual rows=8192.00 loops=1)
   Output: a, b
   Index Cond: ((t.a >= '-23376'::integer) AND (t.a <= '-21329'::integer))
   Index Searches: 1
   Prefetch: distance=270.173 count=4187 stalls=1 skipped=5196 resets=0 ungets=1843 forwarded=0
             histogram [2,4) => 4, [4,8) => 5, [8,16) => 6, [16,32) => 8, [32,64) => 2, [64,128) => 2, [128,256) => 2, [256,512) => 4158
   Buffers: shared hit=491 read=2081
 Settings: enable_bitmapscan = 'off', enable_seqscan = 'off', max_parallel_workers_per_gather = '0'
 Planning:
   Buffers: shared hit=82 read=26
 Planning Time: 2.088 ms
 Execution Time: 30.093 ms
(12 rows)

SET
SET
SET
SET
SET
                                             QUERY PLAN                                             
----------------------------------------------------------------------------------------------------
 Index Scan Backward using idx on public.t (actual rows=8192.00 loops=1)
   Output: a, b
   Index Cond: ((t.a >= '-23376'::integer) AND (t.a <= '-21329'::integer))
   Index Searches: 1
   Buffers: shared hit=2572
 Settings: enable_bitmapscan = 'off', enable_seqscan = 'off', max_parallel_workers_per_gather = '0'
 Planning:
   Buffers: shared hit=113
 Planning Time: 0.192 ms
 Execution Time: 2.035 ms
(10 rows)

