SET
SET
SET
SET
SET
                                                                      QUERY PLAN                                                                       
-------------------------------------------------------------------------------------------------------------------------------------------------------
 Index Scan Backward using idx on public.t (actual rows=524288.00 loops=1)
   Output: a, b
   Index Cond: ((t.a >= '-144924'::integer) AND (t.a <= '-13853'::integer))
   Index Searches: 1
   Prefetch: distance=249.496 count=92114 stalls=80182 skipped=362033 resets=0 ungets=10580 forwarded=0
             histogram [2,4) => 1246, [4,8) => 76, [8,16) => 13, [16,32) => 27, [32,64) => 86, [64,128) => 518, [128,256) => 30287, [256,512) => 59861
   Buffers: shared hit=149393 read=13274
 Settings: enable_bitmapscan = 'off', enable_seqscan = 'off', max_parallel_workers_per_gather = '0'
 Planning:
   Buffers: shared hit=78 read=26
 Planning Time: 1.961 ms
 Execution Time: 240.858 ms
(12 rows)

SET
SET
SET
SET
SET
                                             QUERY PLAN                                             
----------------------------------------------------------------------------------------------------
 Index Scan Backward using idx on public.t (actual rows=524288.00 loops=1)
   Output: a, b
   Index Cond: ((t.a >= '-144924'::integer) AND (t.a <= '-13853'::integer))
   Index Searches: 1
   Buffers: shared hit=162667
 Settings: enable_bitmapscan = 'off', enable_seqscan = 'off', max_parallel_workers_per_gather = '0'
 Planning:
   Buffers: shared hit=109
 Planning Time: 0.186 ms
 Execution Time: 83.151 ms
(10 rows)

