SET
SET
SET
SET
SET
                                                                      QUERY PLAN                                                                      
------------------------------------------------------------------------------------------------------------------------------------------------------
 Index Scan Backward using idx on public.t (actual rows=262144.00 loops=1)
   Output: a, b
   Index Cond: ((t.a >= '-67923'::integer) AND (t.a <= '-2388'::integer))
   Index Searches: 1
   Prefetch: distance=253.689 count=55983 stalls=32776 skipped=180987 resets=0 ungets=8085 forwarded=1
             histogram [2,4) => 264, [4,8) => 14, [8,16) => 13, [16,32) => 25, [32,64) => 76, [64,128) => 847, [128,256) => 13849, [256,512) => 40895
   Buffers: shared hit=71938 read=9284
 Settings: enable_bitmapscan = 'off', enable_seqscan = 'off', max_parallel_workers_per_gather = '0'
 Planning:
   Buffers: shared hit=78 read=26
 Planning Time: 1.995 ms
 Execution Time: 130.829 ms
(12 rows)

SET
SET
SET
SET
SET
                                             QUERY PLAN                                             
----------------------------------------------------------------------------------------------------
 Index Scan Backward using idx on public.t (actual rows=262144.00 loops=1)
   Output: a, b
   Index Cond: ((t.a >= '-67923'::integer) AND (t.a <= '-2388'::integer))
   Index Searches: 1
   Buffers: shared hit=81222
 Settings: enable_bitmapscan = 'off', enable_seqscan = 'off', max_parallel_workers_per_gather = '0'
 Planning:
   Buffers: shared hit=109
 Planning Time: 0.181 ms
 Execution Time: 40.829 ms
(10 rows)

