SET
SET
SET
SET
SET
                                                                        QUERY PLAN                                                                         
-----------------------------------------------------------------------------------------------------------------------------------------------------------
 Index Scan Backward using idx on public.t (actual rows=2048576.00 loops=1)
   Output: a, b
   Index Cond: ((t.a >= '-522071'::integer) AND (t.a <= '-9928'::integer))
   Index Searches: 1
   Prefetch: distance=252.319 count=534779 stalls=111393 skipped=1416147 resets=0 ungets=13858 forwarded=2
             histogram [2,4) => 2004, [4,8) => 139, [8,16) => 22, [16,32) => 26, [32,64) => 212, [64,128) => 838, [128,256) => 220456, [256,512) => 311082
   Buffers: shared hit=602080 read=33344
 Settings: enable_bitmapscan = 'off', enable_seqscan = 'off', max_parallel_workers_per_gather = '0'
 Planning:
   Buffers: shared hit=78 read=26
 Planning Time: 2.039 ms
 Execution Time: 753.802 ms
(12 rows)

SET
SET
SET
SET
SET
                                             QUERY PLAN                                             
----------------------------------------------------------------------------------------------------
 Index Scan Backward using idx on public.t (actual rows=2048576.00 loops=1)
   Output: a, b
   Index Cond: ((t.a >= '-522071'::integer) AND (t.a <= '-9928'::integer))
   Index Searches: 1
   Buffers: shared hit=635424
 Settings: enable_bitmapscan = 'off', enable_seqscan = 'off', max_parallel_workers_per_gather = '0'
 Planning:
   Buffers: shared hit=109
 Planning Time: 0.185 ms
 Execution Time: 332.179 ms
(10 rows)

