SET
SET
SET
SET
SET
                                                                         QUERY PLAN                                                                         
------------------------------------------------------------------------------------------------------------------------------------------------------------
 Index Scan Backward using idx on public.t (actual rows=6048576.00 loops=1)
   Output: a, b
   Index Cond: ((t.a >= '-1519795'::integer) AND (t.a <= '-7652'::integer))
   Index Searches: 1
   Prefetch: distance=254.156 count=1770178 stalls=114190 skipped=4180964 resets=0 ungets=17135 forwarded=7
             histogram [2,4) => 2012, [4,8) => 140, [8,16) => 29, [16,32) => 22, [32,64) => 212, [64,128) => 843, [128,256) => 721410, [256,512) => 1045510
   Buffers: shared hit=1790116 read=86284
 Settings: enable_bitmapscan = 'off', enable_seqscan = 'off', max_parallel_workers_per_gather = '0'
 Planning:
   Buffers: shared hit=78 read=26
 Planning Time: 1.992 ms
 Execution Time: 2096.433 ms
(12 rows)

SET
SET
SET
SET
SET
                                             QUERY PLAN                                             
----------------------------------------------------------------------------------------------------
 Index Scan Backward using idx on public.t (actual rows=6048576.00 loops=1)
   Output: a, b
   Index Cond: ((t.a >= '-1519795'::integer) AND (t.a <= '-7652'::integer))
   Index Searches: 1
   Buffers: shared hit=1876401
 Settings: enable_bitmapscan = 'off', enable_seqscan = 'off', max_parallel_workers_per_gather = '0'
 Planning:
   Buffers: shared hit=109
 Planning Time: 0.276 ms
 Execution Time: 969.499 ms
(10 rows)

