SET
SET
SET
SET
SET
                                                                         QUERY PLAN                                                                          
-------------------------------------------------------------------------------------------------------------------------------------------------------------
 Index Scan Backward using idx on public.t (actual rows=9048576.00 loops=1)
   Output: a, b
   Index Cond: ((t.a >= '-2275447'::integer) AND (t.a <= '-13304'::integer))
   Index Searches: 1
   Prefetch: distance=254.449 count=2705865 stalls=107249 skipped=6254805 resets=0 ungets=19630 forwarded=8
             histogram [2,4) => 1992, [4,8) => 138, [8,16) => 22, [16,32) => 29, [32,64) => 212, [64,128) => 888, [128,256) => 1101141, [256,512) => 1601443
   Buffers: shared hit=2680831 read=126293
 Settings: enable_bitmapscan = 'off', enable_seqscan = 'off', max_parallel_workers_per_gather = '0'
 Planning:
   Buffers: shared hit=78 read=26
 Planning Time: 1.935 ms
 Execution Time: 3091.584 ms
(12 rows)

SET
SET
SET
SET
SET
                                             QUERY PLAN                                             
----------------------------------------------------------------------------------------------------
 Index Scan Backward using idx on public.t (actual rows=9048576.00 loops=1)
   Output: a, b
   Index Cond: ((t.a >= '-2275447'::integer) AND (t.a <= '-13304'::integer))
   Index Searches: 1
   Buffers: shared hit=2807125
 Settings: enable_bitmapscan = 'off', enable_seqscan = 'off', max_parallel_workers_per_gather = '0'
 Planning:
   Buffers: shared hit=109
 Planning Time: 0.215 ms
 Execution Time: 1452.419 ms
(10 rows)

