SET
SET
SET
SET
SET
                                                                         QUERY PLAN                                                                         
------------------------------------------------------------------------------------------------------------------------------------------------------------
 Index Scan Backward using idx on public.t (actual rows=8048576.00 loops=1)
   Output: a, b
   Index Cond: ((t.a >= '-2034226'::integer) AND (t.a <= '-22083'::integer))
   Index Searches: 1
   Prefetch: distance=254.389 count=2407084 stalls=96496 skipped=5563158 resets=0 ungets=18825 forwarded=7
             histogram [2,4) => 1928, [4,8) => 137, [8,16) => 22, [16,32) => 26, [32,64) => 212, [64,128) => 888, [128,256) => 979712, [256,512) => 1424159
   Buffers: shared hit=2383569 read=113443
 Settings: enable_bitmapscan = 'off', enable_seqscan = 'off', max_parallel_workers_per_gather = '0'
 Planning:
   Buffers: shared hit=78 read=26
 Planning Time: 1.984 ms
 Execution Time: 2785.019 ms
(12 rows)

SET
SET
SET
SET
SET
                                             QUERY PLAN                                             
----------------------------------------------------------------------------------------------------
 Index Scan Backward using idx on public.t (actual rows=8048576.00 loops=1)
   Output: a, b
   Index Cond: ((t.a >= '-2034226'::integer) AND (t.a <= '-22083'::integer))
   Index Searches: 1
   Buffers: shared hit=2497012
 Settings: enable_bitmapscan = 'off', enable_seqscan = 'off', max_parallel_workers_per_gather = '0'
 Planning:
   Buffers: shared hit=109
 Planning Time: 0.234 ms
 Execution Time: 1295.312 ms
(10 rows)

