SET
SET
SET
SET
SET
                                                                      QUERY PLAN                                                                      
------------------------------------------------------------------------------------------------------------------------------------------------------
 Index Scan Backward using idx on public.t (actual rows=262144.00 loops=1)
   Output: a, b
   Index Cond: ((t.a >= '-88738'::integer) AND (t.a <= '-23203'::integer))
   Index Searches: 1
   Prefetch: distance=255.592 count=61534 stalls=28259 skipped=181030 resets=0 ungets=8922 forwarded=0
             histogram [2,4) => 390, [4,8) => 23, [8,16) => 13, [16,32) => 25, [32,64) => 56, [64,128) => 392, [128,256) => 15128, [256,512) => 45507
   Buffers: shared hit=71112 read=10226
 Settings: enable_bitmapscan = 'off', enable_seqscan = 'off', max_parallel_workers_per_gather = '0'
 Planning:
   Buffers: shared hit=78 read=26
 Planning Time: 1.926 ms
 Execution Time: 136.009 ms
(12 rows)

SET
SET
SET
SET
SET
                                             QUERY PLAN                                             
----------------------------------------------------------------------------------------------------
 Index Scan Backward using idx on public.t (actual rows=262144.00 loops=1)
   Output: a, b
   Index Cond: ((t.a >= '-88738'::integer) AND (t.a <= '-23203'::integer))
   Index Searches: 1
   Buffers: shared hit=81338
 Settings: enable_bitmapscan = 'off', enable_seqscan = 'off', max_parallel_workers_per_gather = '0'
 Planning:
   Buffers: shared hit=109
 Planning Time: 0.178 ms
 Execution Time: 42.051 ms
(10 rows)

