SET
SET
SET
SET
SET
                                                                        QUERY PLAN                                                                        
----------------------------------------------------------------------------------------------------------------------------------------------------------
 Index Scan Backward using idx on public.t (actual rows=1048576.00 loops=1)
   Output: a, b
   Index Cond: ((t.a >= '-269577'::integer) AND (t.a <= '-7434'::integer))
   Index Searches: 1
   Prefetch: distance=248.838 count=222192 stalls=114445 skipped=724653 resets=0 ungets=12869 forwarded=0
             histogram [2,4) => 2014, [4,8) => 140, [8,16) => 22, [16,32) => 26, [32,64) => 212, [64,128) => 835, [128,256) => 92595, [256,512) => 126348
   Buffers: shared hit=305439 read=19949
 Settings: enable_bitmapscan = 'off', enable_seqscan = 'off', max_parallel_workers_per_gather = '0'
 Planning:
   Buffers: shared hit=78 read=26
 Planning Time: 2.042 ms
 Execution Time: 421.648 ms
(12 rows)

SET
SET
SET
SET
SET
                                             QUERY PLAN                                             
----------------------------------------------------------------------------------------------------
 Index Scan Backward using idx on public.t (actual rows=1048576.00 loops=1)
   Output: a, b
   Index Cond: ((t.a >= '-269577'::integer) AND (t.a <= '-7434'::integer))
   Index Searches: 1
   Buffers: shared hit=325388
 Settings: enable_bitmapscan = 'off', enable_seqscan = 'off', max_parallel_workers_per_gather = '0'
 Planning:
   Buffers: shared hit=109
 Planning Time: 0.213 ms
 Execution Time: 171.506 ms
(10 rows)

