SET
SET
SET
SET
SET
                                                                        QUERY PLAN                                                                         
-----------------------------------------------------------------------------------------------------------------------------------------------------------
 Index Scan Backward using idx on public.t (actual rows=2048576.00 loops=1)
   Output: a, b
   Index Cond: ((t.a >= '-527854'::integer) AND (t.a <= '-15711'::integer))
   Index Searches: 1
   Prefetch: distance=252.371 count=541676 stalls=104305 skipped=1415815 resets=0 ungets=13755 forwarded=2
             histogram [2,4) => 1978, [4,8) => 138, [8,16) => 22, [16,32) => 26, [32,64) => 212, [64,128) => 838, [128,256) => 223239, [256,512) => 315223
   Buffers: shared hit=601850 read=33616
 Settings: enable_bitmapscan = 'off', enable_seqscan = 'off', max_parallel_workers_per_gather = '0'
 Planning:
   Buffers: shared hit=78 read=26
 Planning Time: 1.933 ms
 Execution Time: 769.154 ms
(12 rows)

SET
SET
SET
SET
SET
                                             QUERY PLAN                                             
----------------------------------------------------------------------------------------------------
 Index Scan Backward using idx on public.t (actual rows=2048576.00 loops=1)
   Output: a, b
   Index Cond: ((t.a >= '-527854'::integer) AND (t.a <= '-15711'::integer))
   Index Searches: 1
   Buffers: shared hit=635466
 Settings: enable_bitmapscan = 'off', enable_seqscan = 'off', max_parallel_workers_per_gather = '0'
 Planning:
   Buffers: shared hit=109
 Planning Time: 0.184 ms
 Execution Time: 330.157 ms
(10 rows)

