SET
SET
SET
SET
SET
                                                                     QUERY PLAN                                                                     
----------------------------------------------------------------------------------------------------------------------------------------------------
 Index Scan Backward using idx on public.t (actual rows=131072.00 loops=1)
   Output: a, b
   Index Cond: ((t.a >= '-45022'::integer) AND (t.a <= '-12255'::integer))
   Index Searches: 1
   Prefetch: distance=258.713 count=47439 stalls=6 skipped=90382 resets=0 ungets=7150 forwarded=2
             histogram [2,4) => 4, [4,8) => 11, [8,16) => 13, [16,32) => 56, [32,64) => 68, [64,128) => 245, [128,256) => 10565, [256,512) => 36477
   Buffers: shared hit=32695 read=7932
 Settings: enable_bitmapscan = 'off', enable_seqscan = 'off', max_parallel_workers_per_gather = '0'
 Planning:
   Buffers: shared hit=82 read=26
 Planning Time: 1.935 ms
 Execution Time: 82.831 ms
(12 rows)

SET
SET
SET
SET
SET
                                             QUERY PLAN                                             
----------------------------------------------------------------------------------------------------
 Index Scan Backward using idx on public.t (actual rows=131072.00 loops=1)
   Output: a, b
   Index Cond: ((t.a >= '-45022'::integer) AND (t.a <= '-12255'::integer))
   Index Searches: 1
   Buffers: shared hit=40627
 Settings: enable_bitmapscan = 'off', enable_seqscan = 'off', max_parallel_workers_per_gather = '0'
 Planning:
   Buffers: shared hit=113
 Planning Time: 0.297 ms
 Execution Time: 20.359 ms
(10 rows)

