SET
SET
SET
SET
SET
                                                                         QUERY PLAN                                                                         
------------------------------------------------------------------------------------------------------------------------------------------------------------
 Index Scan Backward using idx on public.t (actual rows=8048576.00 loops=1)
   Output: a, b
   Index Cond: ((t.a >= '-2019048'::integer) AND (t.a <= '-6905'::integer))
   Index Searches: 1
   Prefetch: distance=254.379 count=2388584 stalls=115101 skipped=5563640 resets=0 ungets=18820 forwarded=8
             histogram [2,4) => 2014, [4,8) => 140, [8,16) => 22, [16,32) => 26, [32,64) => 212, [64,128) => 887, [128,256) => 972144, [256,512) => 1413139
   Buffers: shared hit=2384154 read=112785
 Settings: enable_bitmapscan = 'off', enable_seqscan = 'off', max_parallel_workers_per_gather = '0'
 Planning:
   Buffers: shared hit=78 read=26
 Planning Time: 1.938 ms
 Execution Time: 2739.282 ms
(12 rows)

SET
SET
SET
SET
SET
                                             QUERY PLAN                                             
----------------------------------------------------------------------------------------------------
 Index Scan Backward using idx on public.t (actual rows=8048576.00 loops=1)
   Output: a, b
   Index Cond: ((t.a >= '-2019048'::integer) AND (t.a <= '-6905'::integer))
   Index Searches: 1
   Buffers: shared hit=2496939
 Settings: enable_bitmapscan = 'off', enable_seqscan = 'off', max_parallel_workers_per_gather = '0'
 Planning:
   Buffers: shared hit=109
 Planning Time: 0.226 ms
 Execution Time: 1293.881 ms
(10 rows)

