SET
SET
SET
SET
SET
                                                                        QUERY PLAN                                                                         
-----------------------------------------------------------------------------------------------------------------------------------------------------------
 Index Scan Backward using idx on public.t (actual rows=5048576.00 loops=1)
   Output: a, b
   Index Cond: ((t.a >= '-1293129'::integer) AND (t.a <= '-30986'::integer))
   Index Searches: 1
   Prefetch: distance=254.034 count=1489229 stalls=85613 skipped=3489916 resets=0 ungets=16373 forwarded=5
             histogram [2,4) => 1828, [4,8) => 132, [8,16) => 22, [16,32) => 26, [32,64) => 212, [64,128) => 843, [128,256) => 607842, [256,512) => 878324
   Buffers: shared hit=1492066 read=74029
 Settings: enable_bitmapscan = 'off', enable_seqscan = 'off', max_parallel_workers_per_gather = '0'
 Planning:
   Buffers: shared hit=78 read=26
 Planning Time: 1.945 ms
 Execution Time: 1767.694 ms
(12 rows)

SET
SET
SET
SET
SET
                                             QUERY PLAN                                             
----------------------------------------------------------------------------------------------------
 Index Scan Backward using idx on public.t (actual rows=5048576.00 loops=1)
   Output: a, b
   Index Cond: ((t.a >= '-1293129'::integer) AND (t.a <= '-30986'::integer))
   Index Searches: 1
   Buffers: shared hit=1566095
 Settings: enable_bitmapscan = 'off', enable_seqscan = 'off', max_parallel_workers_per_gather = '0'
 Planning:
   Buffers: shared hit=109
 Planning Time: 0.221 ms
 Execution Time: 809.280 ms
(10 rows)

