SET
SET
SET
SET
SET
                                                                         QUERY PLAN                                                                         
------------------------------------------------------------------------------------------------------------------------------------------------------------
 Index Scan Backward using idx on public.t (actual rows=7048576.00 loops=1)
   Output: a, b
   Index Cond: ((t.a >= '-1776581'::integer) AND (t.a <= '-14438'::integer))
   Index Searches: 1
   Prefetch: distance=254.284 count=2088031 stalls=105876 skipped=4872556 resets=0 ungets=18026 forwarded=5
             histogram [2,4) => 1986, [4,8) => 138, [8,16) => 22, [16,32) => 26, [32,64) => 212, [64,128) => 854, [128,256) => 850479, [256,512) => 1234314
   Buffers: shared hit=2086637 read=99849
 Settings: enable_bitmapscan = 'off', enable_seqscan = 'off', max_parallel_workers_per_gather = '0'
 Planning:
   Buffers: shared hit=78 read=26
 Planning Time: 1.943 ms
 Execution Time: 2436.290 ms
(12 rows)

SET
SET
SET
SET
SET
                                             QUERY PLAN                                             
----------------------------------------------------------------------------------------------------
 Index Scan Backward using idx on public.t (actual rows=7048576.00 loops=1)
   Output: a, b
   Index Cond: ((t.a >= '-1776581'::integer) AND (t.a <= '-14438'::integer))
   Index Searches: 1
   Buffers: shared hit=2186486
 Settings: enable_bitmapscan = 'off', enable_seqscan = 'off', max_parallel_workers_per_gather = '0'
 Planning:
   Buffers: shared hit=109
 Planning Time: 0.219 ms
 Execution Time: 1142.439 ms
(10 rows)

