SET
SET
SET
SET
SET
                                                                         QUERY PLAN                                                                          
-------------------------------------------------------------------------------------------------------------------------------------------------------------
 Index Scan Backward using idx on public.t (actual rows=9048576.00 loops=1)
   Output: a, b
   Index Cond: ((t.a >= '-2266627'::integer) AND (t.a <= '-4484'::integer))
   Index Searches: 1
   Prefetch: distance=254.450 count=2694874 stalls=118081 skipped=6254739 resets=0 ungets=19529 forwarded=8
             histogram [2,4) => 2020, [4,8) => 140, [8,16) => 22, [16,32) => 26, [32,64) => 212, [64,128) => 888, [128,256) => 1096383, [256,512) => 1595183
   Buffers: shared hit=2681199 read=125902
 Settings: enable_bitmapscan = 'off', enable_seqscan = 'off', max_parallel_workers_per_gather = '0'
 Planning:
   Buffers: shared hit=78 read=26
 Planning Time: 1.948 ms
 Execution Time: 3079.978 ms
(12 rows)

SET
SET
SET
SET
SET
                                             QUERY PLAN                                             
----------------------------------------------------------------------------------------------------
 Index Scan Backward using idx on public.t (actual rows=9048576.00 loops=1)
   Output: a, b
   Index Cond: ((t.a >= '-2266627'::integer) AND (t.a <= '-4484'::integer))
   Index Searches: 1
   Buffers: shared hit=2807102
 Settings: enable_bitmapscan = 'off', enable_seqscan = 'off', max_parallel_workers_per_gather = '0'
 Planning:
   Buffers: shared hit=109
 Planning Time: 0.229 ms
 Execution Time: 1453.370 ms
(10 rows)

