SET
SET
SET
SET
                                             QUERY PLAN                                             
----------------------------------------------------------------------------------------------------
 Index Scan Backward using idx on public.t (actual rows=5048576.00 loops=1)
   Output: a, b
   Index Cond: ((t.a >= 12166) AND (t.a <= 1274309))
   Index Searches: 1
   Buffers: shared hit=4732915 read=248055
 Settings: enable_bitmapscan = 'off', enable_seqscan = 'off', max_parallel_workers_per_gather = '0'
 Planning:
   Buffers: shared hit=78 read=26
 Planning Time: 2.045 ms
 Execution Time: 1680.457 ms
(10 rows)

SET
SET
SET
SET
                                             QUERY PLAN                                             
----------------------------------------------------------------------------------------------------
 Index Scan Backward using idx on public.t (actual rows=5048576.00 loops=1)
   Output: a, b
   Index Cond: ((t.a >= 12166) AND (t.a <= 1274309))
   Index Searches: 1
   Buffers: shared hit=4980970
 Settings: enable_bitmapscan = 'off', enable_seqscan = 'off', max_parallel_workers_per_gather = '0'
 Planning:
   Buffers: shared hit=109
 Planning Time: 0.199 ms
 Execution Time: 791.333 ms
(10 rows)

