SET
SET
SET
SET
SET
                                                                        QUERY PLAN                                                                         
-----------------------------------------------------------------------------------------------------------------------------------------------------------
 Index Scan Backward using idx on public.t (actual rows=2048576.00 loops=1)
   Output: a, b
   Index Cond: ((t.a >= '-527867'::integer) AND (t.a <= '-15724'::integer))
   Index Searches: 1
   Prefetch: distance=252.368 count=541666 stalls=104291 skipped=1415777 resets=0 ungets=13745 forwarded=2
             histogram [2,4) => 1978, [4,8) => 138, [8,16) => 22, [16,32) => 26, [32,64) => 212, [64,128) => 838, [128,256) => 223238, [256,512) => 315214
   Buffers: shared hit=601850 read=33618
 Settings: enable_bitmapscan = 'off', enable_seqscan = 'off', max_parallel_workers_per_gather = '0'
 Planning:
   Buffers: shared hit=78 read=26
 Planning Time: 2.046 ms
 Execution Time: 763.159 ms
(12 rows)

SET
SET
SET
SET
SET
                                             QUERY PLAN                                             
----------------------------------------------------------------------------------------------------
 Index Scan Backward using idx on public.t (actual rows=2048576.00 loops=1)
   Output: a, b
   Index Cond: ((t.a >= '-527867'::integer) AND (t.a <= '-15724'::integer))
   Index Searches: 1
   Buffers: shared hit=635468
 Settings: enable_bitmapscan = 'off', enable_seqscan = 'off', max_parallel_workers_per_gather = '0'
 Planning:
   Buffers: shared hit=109
 Planning Time: 0.192 ms
 Execution Time: 329.784 ms
(10 rows)

