SET
SET
SET
SET
SET
                                                                       QUERY PLAN                                                                        
---------------------------------------------------------------------------------------------------------------------------------------------------------
 Index Scan Backward using idx on public.t (actual rows=524288.00 loops=1)
   Output: a, b
   Index Cond: ((t.a >= '-157383'::integer) AND (t.a <= '-26312'::integer))
   Index Searches: 1
   Prefetch: distance=251.110 count=81931 stalls=90947 skipped=362129 resets=0 ungets=10994 forwarded=0
             histogram [2,4) => 1896, [4,8) => 135, [8,16) => 14, [16,32) => 41, [32,64) => 282, [64,128) => 568, [128,256) => 19924, [256,512) => 59071
   Buffers: shared hit=148940 read=13818
 Settings: enable_bitmapscan = 'off', enable_seqscan = 'off', max_parallel_workers_per_gather = '0'
 Planning:
   Buffers: shared hit=78 read=26
 Planning Time: 1.952 ms
 Execution Time: 257.286 ms
(12 rows)

SET
SET
SET
SET
SET
                                             QUERY PLAN                                             
----------------------------------------------------------------------------------------------------
 Index Scan Backward using idx on public.t (actual rows=524288.00 loops=1)
   Output: a, b
   Index Cond: ((t.a >= '-157383'::integer) AND (t.a <= '-26312'::integer))
   Index Searches: 1
   Buffers: shared hit=162758
 Settings: enable_bitmapscan = 'off', enable_seqscan = 'off', max_parallel_workers_per_gather = '0'
 Planning:
   Buffers: shared hit=109
 Planning Time: 0.185 ms
 Execution Time: 84.505 ms
(10 rows)

