SET
SET
SET
SET
SET
                                                                      QUERY PLAN                                                                      
------------------------------------------------------------------------------------------------------------------------------------------------------
 Index Scan Backward using idx on public.t (actual rows=262144.00 loops=1)
   Output: a, b
   Index Cond: ((t.a >= '-84711'::integer) AND (t.a <= '-19176'::integer))
   Index Searches: 1
   Prefetch: distance=256.374 count=61410 stalls=28226 skipped=181094 resets=0 ungets=8753 forwarded=0
             histogram [2,4) => 340, [4,8) => 17, [8,16) => 13, [16,32) => 25, [32,64) => 34, [64,128) => 173, [128,256) => 15513, [256,512) => 45295
   Buffers: shared hit=71275 read=10056
 Settings: enable_bitmapscan = 'off', enable_seqscan = 'off', max_parallel_workers_per_gather = '0'
 Planning:
   Buffers: shared hit=78 read=26
 Planning Time: 1.950 ms
 Execution Time: 127.768 ms
(12 rows)

SET
SET
SET
SET
SET
                                             QUERY PLAN                                             
----------------------------------------------------------------------------------------------------
 Index Scan Backward using idx on public.t (actual rows=262144.00 loops=1)
   Output: a, b
   Index Cond: ((t.a >= '-84711'::integer) AND (t.a <= '-19176'::integer))
   Index Searches: 1
   Buffers: shared hit=81331
 Settings: enable_bitmapscan = 'off', enable_seqscan = 'off', max_parallel_workers_per_gather = '0'
 Planning:
   Buffers: shared hit=109
 Planning Time: 0.185 ms
 Execution Time: 40.555 ms
(10 rows)

