SET
SET
SET
SET
SET
                                                                        QUERY PLAN                                                                        
----------------------------------------------------------------------------------------------------------------------------------------------------------
 Index Scan Backward using idx on public.t (actual rows=1048576.00 loops=1)
   Output: a, b
   Index Cond: ((t.a >= '-282572'::integer) AND (t.a <= '-20429'::integer))
   Index Searches: 1
   Prefetch: distance=249.278 count=238322 stalls=98526 skipped=724737 resets=0 ungets=13040 forwarded=0
             histogram [2,4) => 1938, [4,8) => 137, [8,16) => 22, [16,32) => 26, [32,64) => 212, [64,128) => 835, [128,256) => 99420, [256,512) => 135732
   Buffers: shared hit=304852 read=20542
 Settings: enable_bitmapscan = 'off', enable_seqscan = 'off', max_parallel_workers_per_gather = '0'
 Planning:
   Buffers: shared hit=78 read=26
 Planning Time: 1.944 ms
 Execution Time: 425.072 ms
(12 rows)

SET
SET
SET
SET
SET
                                             QUERY PLAN                                             
----------------------------------------------------------------------------------------------------
 Index Scan Backward using idx on public.t (actual rows=1048576.00 loops=1)
   Output: a, b
   Index Cond: ((t.a >= '-282572'::integer) AND (t.a <= '-20429'::integer))
   Index Searches: 1
   Buffers: shared hit=325394
 Settings: enable_bitmapscan = 'off', enable_seqscan = 'off', max_parallel_workers_per_gather = '0'
 Planning:
   Buffers: shared hit=109
 Planning Time: 0.190 ms
 Execution Time: 172.292 ms
(10 rows)

