SET
SET
SET
SET
SET
                                                                         QUERY PLAN                                                                          
-------------------------------------------------------------------------------------------------------------------------------------------------------------
 Index Scan Backward using idx on public.t (actual rows=9048576.00 loops=1)
   Output: a, b
   Index Cond: ((t.a >= '-2283649'::integer) AND (t.a <= '-21506'::integer))
   Index Searches: 1
   Prefetch: distance=254.460 count=2715964 stalls=97212 skipped=6254661 resets=0 ungets=19624 forwarded=9
             histogram [2,4) => 1934, [4,8) => 137, [8,16) => 29, [16,32) => 22, [32,64) => 212, [64,128) => 888, [128,256) => 1104993, [256,512) => 1607749
   Buffers: shared hit=2680602 read=126616
 Settings: enable_bitmapscan = 'off', enable_seqscan = 'off', max_parallel_workers_per_gather = '0'
 Planning:
   Buffers: shared hit=78 read=26
 Planning Time: 1.955 ms
 Execution Time: 3079.592 ms
(12 rows)

SET
SET
SET
SET
SET
                                             QUERY PLAN                                             
----------------------------------------------------------------------------------------------------
 Index Scan Backward using idx on public.t (actual rows=9048576.00 loops=1)
   Output: a, b
   Index Cond: ((t.a >= '-2283649'::integer) AND (t.a <= '-21506'::integer))
   Index Searches: 1
   Buffers: shared hit=2807218
 Settings: enable_bitmapscan = 'off', enable_seqscan = 'off', max_parallel_workers_per_gather = '0'
 Planning:
   Buffers: shared hit=109
 Planning Time: 0.224 ms
 Execution Time: 1462.579 ms
(10 rows)

