SET
SET
SET
SET
SET
                                             QUERY PLAN                                             
----------------------------------------------------------------------------------------------------
 Index Scan Backward using idx on public.t (actual rows=64.00 loops=1)
   Output: a, b
   Index Cond: ((t.a >= 30749) AND (t.a <= 30764))
   Index Searches: 1
   Buffers: shared hit=18 read=52
 Settings: enable_bitmapscan = 'off', enable_seqscan = 'off', max_parallel_workers_per_gather = '0'
 Planning:
   Buffers: shared hit=78 read=22
 Planning Time: 0.909 ms
 Execution Time: 3.488 ms
(10 rows)

SET
SET
SET
SET
SET
                                             QUERY PLAN                                             
----------------------------------------------------------------------------------------------------
 Index Scan Backward using idx on public.t (actual rows=64.00 loops=1)
   Output: a, b
   Index Cond: ((t.a >= 30749) AND (t.a <= 30764))
   Index Searches: 1
   Buffers: shared hit=70
 Settings: enable_bitmapscan = 'off', enable_seqscan = 'off', max_parallel_workers_per_gather = '0'
 Planning:
   Buffers: shared hit=105
 Planning Time: 0.112 ms
 Execution Time: 0.045 ms
(10 rows)

