SET
SET
SET
SET
SET
                                                               QUERY PLAN                                                                
-----------------------------------------------------------------------------------------------------------------------------------------
 Index Scan Backward using idx on public.t (actual rows=128.00 loops=1)
   Output: a, b
   Index Cond: ((t.a >= 29561) AND (t.a <= 29592))
   Index Searches: 1
   Prefetch: distance=160.682 count=110 stalls=2 skipped=4 resets=0 ungets=23 forwarded=0
             histogram [2,4) => 2, [4,8) => 8, [8,16) => 9, [16,32) => 15, [32,64) => 10, [64,128) => 5, [128,256) => 2, [256,512) => 59
   Buffers: shared hit=55 read=76
 Settings: enable_bitmapscan = 'off', enable_seqscan = 'off', max_parallel_workers_per_gather = '0'
 Planning:
   Buffers: shared hit=78 read=22
 Planning Time: 0.928 ms
 Execution Time: 3.053 ms
(12 rows)

SET
SET
SET
SET
SET
                                             QUERY PLAN                                             
----------------------------------------------------------------------------------------------------
 Index Scan Backward using idx on public.t (actual rows=128.00 loops=1)
   Output: a, b
   Index Cond: ((t.a >= 29561) AND (t.a <= 29592))
   Index Searches: 1
   Buffers: shared hit=131
 Settings: enable_bitmapscan = 'off', enable_seqscan = 'off', max_parallel_workers_per_gather = '0'
 Planning:
   Buffers: shared hit=105
 Planning Time: 0.118 ms
 Execution Time: 0.071 ms
(10 rows)

