SET
SET
SET
SET
SET
                                                QUERY PLAN                                                
----------------------------------------------------------------------------------------------------------
 Index Scan Backward using idx on public.t (actual rows=256.00 loops=1)
   Output: a, b
   Index Cond: ((t.a >= 29203) AND (t.a <= 29266))
   Index Searches: 1
   Prefetch: distance=47.907 count=118 stalls=5 skipped=2 resets=0 ungets=0 forwarded=0
             histogram [2,4) => 6, [4,8) => 5, [8,16) => 11, [16,32) => 27, [32,64) => 30, [64,128) => 39
   Buffers: shared hit=158 read=100
 Settings: enable_bitmapscan = 'off', enable_seqscan = 'off', max_parallel_workers_per_gather = '0'
 Planning:
   Buffers: shared hit=78 read=22
 Planning Time: 0.937 ms
 Execution Time: 4.915 ms
(12 rows)

SET
SET
SET
SET
SET
                                             QUERY PLAN                                             
----------------------------------------------------------------------------------------------------
 Index Scan Backward using idx on public.t (actual rows=256.00 loops=1)
   Output: a, b
   Index Cond: ((t.a >= 29203) AND (t.a <= 29266))
   Index Searches: 1
   Buffers: shared hit=258
 Settings: enable_bitmapscan = 'off', enable_seqscan = 'off', max_parallel_workers_per_gather = '0'
 Planning:
   Buffers: shared hit=105
 Planning Time: 0.183 ms
 Execution Time: 0.186 ms
(10 rows)

