SET
SET
SET
SET
SET
                                                                         QUERY PLAN                                                                         
------------------------------------------------------------------------------------------------------------------------------------------------------------
 Index Scan Backward using idx on public.t (actual rows=6048576.00 loops=1)
   Output: a, b
   Index Cond: ((t.a >= '-1534100'::integer) AND (t.a <= '-21957'::integer))
   Index Searches: 1
   Prefetch: distance=254.179 count=1787889 stalls=96649 skipped=4181045 resets=0 ungets=17158 forwarded=6
             histogram [2,4) => 1928, [4,8) => 137, [8,16) => 22, [16,32) => 26, [32,64) => 212, [64,128) => 843, [128,256) => 728645, [256,512) => 1056076
   Buffers: shared hit=1789590 read=86898
 Settings: enable_bitmapscan = 'off', enable_seqscan = 'off', max_parallel_workers_per_gather = '0'
 Planning:
   Buffers: shared hit=78 read=26
 Planning Time: 1.952 ms
 Execution Time: 2087.320 ms
(12 rows)

SET
SET
SET
SET
SET
                                             QUERY PLAN                                             
----------------------------------------------------------------------------------------------------
 Index Scan Backward using idx on public.t (actual rows=6048576.00 loops=1)
   Output: a, b
   Index Cond: ((t.a >= '-1534100'::integer) AND (t.a <= '-21957'::integer))
   Index Searches: 1
   Buffers: shared hit=1876489
 Settings: enable_bitmapscan = 'off', enable_seqscan = 'off', max_parallel_workers_per_gather = '0'
 Planning:
   Buffers: shared hit=109
 Planning Time: 0.228 ms
 Execution Time: 969.165 ms
(10 rows)

