SET
SET
SET
SET
SET
                                                                        QUERY PLAN                                                                         
-----------------------------------------------------------------------------------------------------------------------------------------------------------
 Index Scan Backward using idx on public.t (actual rows=2048576.00 loops=1)
   Output: a, b
   Index Cond: ((t.a >= '-516848'::integer) AND (t.a <= '-4705'::integer))
   Index Searches: 1
   Prefetch: distance=252.271 count=528073 stalls=117813 skipped=1415802 resets=0 ungets=13711 forwarded=3
             histogram [2,4) => 2020, [4,8) => 140, [8,16) => 22, [16,32) => 26, [32,64) => 212, [64,128) => 838, [128,256) => 217778, [256,512) => 307037
   Buffers: shared hit=602322 read=33106
 Settings: enable_bitmapscan = 'off', enable_seqscan = 'off', max_parallel_workers_per_gather = '0'
 Planning:
   Buffers: shared hit=78 read=26
 Planning Time: 2.041 ms
 Execution Time: 768.307 ms
(12 rows)

SET
SET
SET
SET
SET
                                             QUERY PLAN                                             
----------------------------------------------------------------------------------------------------
 Index Scan Backward using idx on public.t (actual rows=2048576.00 loops=1)
   Output: a, b
   Index Cond: ((t.a >= '-516848'::integer) AND (t.a <= '-4705'::integer))
   Index Searches: 1
   Buffers: shared hit=635428
 Settings: enable_bitmapscan = 'off', enable_seqscan = 'off', max_parallel_workers_per_gather = '0'
 Planning:
   Buffers: shared hit=109
 Planning Time: 0.185 ms
 Execution Time: 328.674 ms
(10 rows)

