SET
SET
SET
SET
SET
                                                                        QUERY PLAN                                                                         
-----------------------------------------------------------------------------------------------------------------------------------------------------------
 Index Scan Backward using idx on public.t (actual rows=4048576.00 loops=1)
   Output: a, b
   Index Cond: ((t.a >= '-1012144'::integer) AND (t.a <= '-1'::integer))
   Index Searches: 1
   Prefetch: distance=253.700 count=1141612 stalls=123620 skipped=2798218 resets=0 ungets=15369 forwarded=6
             histogram [2,4) => 2022, [4,8) => 140, [8,16) => 22, [16,32) => 26, [32,64) => 212, [64,128) => 843, [128,256) => 467067, [256,512) => 671280
   Buffers: shared hit=1196668 read=59409
 Settings: enable_bitmapscan = 'off', enable_seqscan = 'off', max_parallel_workers_per_gather = '0'
 Planning:
   Buffers: shared hit=78 read=26
 Planning Time: 1.944 ms
 Execution Time: 1410.196 ms
(12 rows)

SET
SET
SET
SET
SET
                                             QUERY PLAN                                             
----------------------------------------------------------------------------------------------------
 Index Scan Backward using idx on public.t (actual rows=4048576.00 loops=1)
   Output: a, b
   Index Cond: ((t.a >= '-1012144'::integer) AND (t.a <= '-1'::integer))
   Index Searches: 1
   Buffers: shared hit=1256077
 Settings: enable_bitmapscan = 'off', enable_seqscan = 'off', max_parallel_workers_per_gather = '0'
 Planning:
   Buffers: shared hit=109
 Planning Time: 0.213 ms
 Execution Time: 657.750 ms
(10 rows)

