SET
SET
SET
SET
SET
                                                                         QUERY PLAN                                                                         
------------------------------------------------------------------------------------------------------------------------------------------------------------
 Index Scan Backward using idx on public.t (actual rows=7048576.00 loops=1)
   Output: a, b
   Index Cond: ((t.a >= '-1788574'::integer) AND (t.a <= '-26431'::integer))
   Index Searches: 1
   Prefetch: distance=254.304 count=2102831 stalls=91200 skipped=4872645 resets=0 ungets=18115 forwarded=6
             histogram [2,4) => 1886, [4,8) => 135, [8,16) => 22, [16,32) => 26, [32,64) => 212, [64,128) => 854, [128,256) => 856394, [256,512) => 1243302
   Buffers: shared hit=2086076 read=100401
 Settings: enable_bitmapscan = 'off', enable_seqscan = 'off', max_parallel_workers_per_gather = '0'
 Planning:
   Buffers: shared hit=78 read=26
 Planning Time: 1.971 ms
 Execution Time: 2443.564 ms
(12 rows)

SET
SET
SET
SET
SET
                                             QUERY PLAN                                             
----------------------------------------------------------------------------------------------------
 Index Scan Backward using idx on public.t (actual rows=7048576.00 loops=1)
   Output: a, b
   Index Cond: ((t.a >= '-1788574'::integer) AND (t.a <= '-26431'::integer))
   Index Searches: 1
   Buffers: shared hit=2186478
 Settings: enable_bitmapscan = 'off', enable_seqscan = 'off', max_parallel_workers_per_gather = '0'
 Planning:
   Buffers: shared hit=109
 Planning Time: 0.251 ms
 Execution Time: 1137.633 ms
(10 rows)

