SET
SET
SET
SET
SET
                                                                      QUERY PLAN                                                                       
-------------------------------------------------------------------------------------------------------------------------------------------------------
 Index Scan Backward using idx on public.t (actual rows=524288.00 loops=1)
   Output: a, b
   Index Cond: ((t.a >= '-140082'::integer) AND (t.a <= '-9011'::integer))
   Index Searches: 1
   Prefetch: distance=251.034 count=86004 stalls=86096 skipped=362081 resets=0 ungets=10436 forwarded=1
             histogram [2,4) => 1272, [4,8) => 78, [8,16) => 13, [16,32) => 27, [32,64) => 86, [64,128) => 330, [128,256) => 26371, [256,512) => 57827
   Buffers: shared hit=149577 read=13043
 Settings: enable_bitmapscan = 'off', enable_seqscan = 'off', max_parallel_workers_per_gather = '0'
 Planning:
   Buffers: shared hit=78 read=26
 Planning Time: 1.955 ms
 Execution Time: 238.354 ms
(12 rows)

SET
SET
SET
SET
SET
                                             QUERY PLAN                                             
----------------------------------------------------------------------------------------------------
 Index Scan Backward using idx on public.t (actual rows=524288.00 loops=1)
   Output: a, b
   Index Cond: ((t.a >= '-140082'::integer) AND (t.a <= '-9011'::integer))
   Index Searches: 1
   Buffers: shared hit=162620
 Settings: enable_bitmapscan = 'off', enable_seqscan = 'off', max_parallel_workers_per_gather = '0'
 Planning:
   Buffers: shared hit=109
 Planning Time: 0.187 ms
 Execution Time: 85.567 ms
(10 rows)

