SET
SET
SET
SET
SET
                                                                      QUERY PLAN                                                                      
------------------------------------------------------------------------------------------------------------------------------------------------------
 Index Scan Backward using idx on public.t (actual rows=262144.00 loops=1)
   Output: a, b
   Index Cond: ((t.a >= '-73314'::integer) AND (t.a <= '-7779'::integer))
   Index Searches: 1
   Prefetch: distance=257.075 count=54959 stalls=34320 skipped=181278 resets=0 ungets=8416 forwarded=0
             histogram [2,4) => 362, [4,8) => 18, [8,16) => 13, [16,32) => 27, [32,64) => 82, [64,128) => 274, [128,256) => 11948, [256,512) => 42235
   Buffers: shared hit=71730 read=9532
 Settings: enable_bitmapscan = 'off', enable_seqscan = 'off', max_parallel_workers_per_gather = '0'
 Planning:
   Buffers: shared hit=78 read=26
 Planning Time: 2.103 ms
 Execution Time: 118.613 ms
(12 rows)

SET
SET
SET
SET
SET
                                             QUERY PLAN                                             
----------------------------------------------------------------------------------------------------
 Index Scan Backward using idx on public.t (actual rows=262144.00 loops=1)
   Output: a, b
   Index Cond: ((t.a >= '-73314'::integer) AND (t.a <= '-7779'::integer))
   Index Searches: 1
   Buffers: shared hit=81262
 Settings: enable_bitmapscan = 'off', enable_seqscan = 'off', max_parallel_workers_per_gather = '0'
 Planning:
   Buffers: shared hit=109
 Planning Time: 0.181 ms
 Execution Time: 38.483 ms
(10 rows)

