SET
SET
SET
SET
SET
                                                                        QUERY PLAN                                                                         
-----------------------------------------------------------------------------------------------------------------------------------------------------------
 Index Scan Backward using idx on public.t (actual rows=5048576.00 loops=1)
   Output: a, b
   Index Cond: ((t.a >= '-1274171'::integer) AND (t.a <= '-12028'::integer))
   Index Searches: 1
   Prefetch: distance=253.983 count=1465792 stalls=108820 skipped=3489713 resets=0 ungets=16260 forwarded=6
             histogram [2,4) => 1996, [4,8) => 138, [8,16) => 22, [16,32) => 26, [32,64) => 212, [64,128) => 843, [128,256) => 598528, [256,512) => 864027
   Buffers: shared hit=1492855 read=73216
 Settings: enable_bitmapscan = 'off', enable_seqscan = 'off', max_parallel_workers_per_gather = '0'
 Planning:
   Buffers: shared hit=78 read=26
 Planning Time: 1.956 ms
 Execution Time: 1768.508 ms
(12 rows)

SET
SET
SET
SET
SET
                                             QUERY PLAN                                             
----------------------------------------------------------------------------------------------------
 Index Scan Backward using idx on public.t (actual rows=5048576.00 loops=1)
   Output: a, b
   Index Cond: ((t.a >= '-1274171'::integer) AND (t.a <= '-12028'::integer))
   Index Searches: 1
   Buffers: shared hit=1566071
 Settings: enable_bitmapscan = 'off', enable_seqscan = 'off', max_parallel_workers_per_gather = '0'
 Planning:
   Buffers: shared hit=109
 Planning Time: 0.214 ms
 Execution Time: 812.036 ms
(10 rows)

