SET
SET
SET
SET
SET
                                                                        QUERY PLAN                                                                         
-----------------------------------------------------------------------------------------------------------------------------------------------------------
 Index Scan Backward using idx on public.t (actual rows=3048576.00 loops=1)
   Output: a, b
   Index Cond: ((t.a >= '-766114'::integer) AND (t.a <= '-3971'::integer))
   Index Searches: 1
   Prefetch: distance=253.218 count=837165 stalls=118709 skipped=2107012 resets=0 ungets=14649 forwarded=3
             histogram [2,4) => 2020, [4,8) => 140, [8,16) => 22, [16,32) => 26, [32,64) => 212, [64,128) => 843, [128,256) => 343649, [256,512) => 490253
   Buffers: shared hit=899565 read=46331
 Settings: enable_bitmapscan = 'off', enable_seqscan = 'off', max_parallel_workers_per_gather = '0'
 Planning:
   Buffers: shared hit=78 read=26
 Planning Time: 1.961 ms
 Execution Time: 1092.039 ms
(12 rows)

SET
SET
SET
SET
SET
                                             QUERY PLAN                                             
----------------------------------------------------------------------------------------------------
 Index Scan Backward using idx on public.t (actual rows=3048576.00 loops=1)
   Output: a, b
   Index Cond: ((t.a >= '-766114'::integer) AND (t.a <= '-3971'::integer))
   Index Searches: 1
   Buffers: shared hit=945896
 Settings: enable_bitmapscan = 'off', enable_seqscan = 'off', max_parallel_workers_per_gather = '0'
 Planning:
   Buffers: shared hit=109
 Planning Time: 0.217 ms
 Execution Time: 496.693 ms
(10 rows)

