SET
SET
SET
SET
SET
                                                                        QUERY PLAN                                                                        
----------------------------------------------------------------------------------------------------------------------------------------------------------
 Index Scan Backward using idx on public.t (actual rows=1048576.00 loops=1)
   Output: a, b
   Index Cond: ((t.a >= '-266153'::integer) AND (t.a <= '-4010'::integer))
   Index Searches: 1
   Prefetch: distance=248.647 count=217772 stalls=118658 skipped=724459 resets=0 ungets=12800 forwarded=0
             histogram [2,4) => 2020, [4,8) => 140, [8,16) => 22, [16,32) => 26, [32,64) => 212, [64,128) => 835, [128,256) => 91123, [256,512) => 123394
   Buffers: shared hit=305556 read=19801
 Settings: enable_bitmapscan = 'off', enable_seqscan = 'off', max_parallel_workers_per_gather = '0'
 Planning:
   Buffers: shared hit=78 read=26
 Planning Time: 1.946 ms
 Execution Time: 425.679 ms
(12 rows)

SET
SET
SET
SET
SET
                                             QUERY PLAN                                             
----------------------------------------------------------------------------------------------------
 Index Scan Backward using idx on public.t (actual rows=1048576.00 loops=1)
   Output: a, b
   Index Cond: ((t.a >= '-266153'::integer) AND (t.a <= '-4010'::integer))
   Index Searches: 1
   Buffers: shared hit=325357
 Settings: enable_bitmapscan = 'off', enable_seqscan = 'off', max_parallel_workers_per_gather = '0'
 Planning:
   Buffers: shared hit=109
 Planning Time: 0.184 ms
 Execution Time: 169.693 ms
(10 rows)

