SET
SET
SET
SET
SET
                                                                        QUERY PLAN                                                                         
-----------------------------------------------------------------------------------------------------------------------------------------------------------
 Index Scan Backward using idx on public.t (actual rows=4048576.00 loops=1)
   Output: a, b
   Index Cond: ((t.a >= '-1029166'::integer) AND (t.a <= '-17023'::integer))
   Index Searches: 1
   Prefetch: distance=253.747 count=1162611 stalls=102701 skipped=2798261 resets=0 ungets=15444 forwarded=4
             histogram [2,4) => 1966, [4,8) => 138, [8,16) => 22, [16,32) => 26, [32,64) => 212, [64,128) => 843, [128,256) => 475386, [256,512) => 684018
   Buffers: shared hit=1195891 read=60185
 Settings: enable_bitmapscan = 'off', enable_seqscan = 'off', max_parallel_workers_per_gather = '0'
 Planning:
   Buffers: shared hit=78 read=26
 Planning Time: 1.952 ms
 Execution Time: 1431.136 ms
(12 rows)

SET
SET
SET
SET
SET
                                             QUERY PLAN                                             
----------------------------------------------------------------------------------------------------
 Index Scan Backward using idx on public.t (actual rows=4048576.00 loops=1)
   Output: a, b
   Index Cond: ((t.a >= '-1029166'::integer) AND (t.a <= '-17023'::integer))
   Index Searches: 1
   Buffers: shared hit=1256076
 Settings: enable_bitmapscan = 'off', enable_seqscan = 'off', max_parallel_workers_per_gather = '0'
 Planning:
   Buffers: shared hit=109
 Planning Time: 0.228 ms
 Execution Time: 677.380 ms
(10 rows)

