SET
SET
SET
SET
SET
                                                                         QUERY PLAN                                                                         
------------------------------------------------------------------------------------------------------------------------------------------------------------
 Index Scan Backward using idx on public.t (actual rows=6048576.00 loops=1)
   Output: a, b
   Index Cond: ((t.a >= '-1523032'::integer) AND (t.a <= '-10889'::integer))
   Index Searches: 1
   Prefetch: distance=254.159 count=1773961 stalls=110203 skipped=4180786 resets=0 ungets=17009 forwarded=6
             histogram [2,4) => 1998, [4,8) => 138, [8,16) => 22, [16,32) => 29, [32,64) => 213, [64,128) => 843, [128,256) => 723036, [256,512) => 1047682
   Buffers: shared hit=1789996 read=86424
 Settings: enable_bitmapscan = 'off', enable_seqscan = 'off', max_parallel_workers_per_gather = '0'
 Planning:
   Buffers: shared hit=78 read=26
 Planning Time: 1.936 ms
 Execution Time: 2076.326 ms
(12 rows)

SET
SET
SET
SET
SET
                                             QUERY PLAN                                             
----------------------------------------------------------------------------------------------------
 Index Scan Backward using idx on public.t (actual rows=6048576.00 loops=1)
   Output: a, b
   Index Cond: ((t.a >= '-1523032'::integer) AND (t.a <= '-10889'::integer))
   Index Searches: 1
   Buffers: shared hit=1876421
 Settings: enable_bitmapscan = 'off', enable_seqscan = 'off', max_parallel_workers_per_gather = '0'
 Planning:
   Buffers: shared hit=109
 Planning Time: 0.227 ms
 Execution Time: 971.533 ms
(10 rows)

