SET
SET
SET
SET
SET
                                                                QUERY PLAN                                                                 
-------------------------------------------------------------------------------------------------------------------------------------------
 Index Scan using idx on public.t (actual rows=32768.00 loops=1)
   Output: a, b
   Index Cond: ((t.a >= '-34761'::integer) AND (t.a <= '-26570'::integer))
   Index Searches: 1
   Prefetch: distance=270.620 count=14328 stalls=1 skipped=22236 resets=0 ungets=4400 forwarded=290
             histogram [2,4) => 2, [4,8) => 4, [8,16) => 5, [16,32) => 10, [32,64) => 5, [64,128) => 2, [128,256) => 8, [256,512) => 14292
   Buffers: shared hit=4856 read=5321
 Settings: enable_bitmapscan = 'off', enable_seqscan = 'off', max_parallel_workers_per_gather = '0'
 Planning:
   Buffers: shared hit=86 read=26
 Planning Time: 1.967 ms
 Execution Time: 44.511 ms
(12 rows)

SET
SET
SET
SET
SET
                                             QUERY PLAN                                             
----------------------------------------------------------------------------------------------------
 Index Scan using idx on public.t (actual rows=32768.00 loops=1)
   Output: a, b
   Index Cond: ((t.a >= '-34761'::integer) AND (t.a <= '-26570'::integer))
   Index Searches: 1
   Buffers: shared hit=10177
 Settings: enable_bitmapscan = 'off', enable_seqscan = 'off', max_parallel_workers_per_gather = '0'
 Planning:
   Buffers: shared hit=117
 Planning Time: 0.183 ms
 Execution Time: 5.280 ms
(10 rows)

