SET
SET
SET
SET
SET
                                                                QUERY PLAN                                                                
------------------------------------------------------------------------------------------------------------------------------------------
 Index Scan using idx on public.t (actual rows=8192.00 loops=1)
   Output: a, b
   Index Cond: ((t.a >= '-3893'::integer) AND (t.a <= '-1846'::integer))
   Index Searches: 1
   Prefetch: distance=269.652 count=3757 stalls=1 skipped=5223 resets=0 ungets=1424 forwarded=65
             histogram [2,4) => 2, [4,8) => 5, [8,16) => 11, [16,32) => 8, [32,64) => 3, [64,128) => 2, [128,256) => 2, [256,512) => 3724
   Buffers: shared hit=653 read=1903
 Settings: enable_bitmapscan = 'off', enable_seqscan = 'off', max_parallel_workers_per_gather = '0'
 Planning:
   Buffers: shared hit=86 read=26
 Planning Time: 1.955 ms
 Execution Time: 26.180 ms
(12 rows)

SET
SET
SET
SET
SET
                                             QUERY PLAN                                             
----------------------------------------------------------------------------------------------------
 Index Scan using idx on public.t (actual rows=8192.00 loops=1)
   Output: a, b
   Index Cond: ((t.a >= '-3893'::integer) AND (t.a <= '-1846'::integer))
   Index Searches: 1
   Buffers: shared hit=2556
 Settings: enable_bitmapscan = 'off', enable_seqscan = 'off', max_parallel_workers_per_gather = '0'
 Planning:
   Buffers: shared hit=117
 Planning Time: 0.186 ms
 Execution Time: 2.177 ms
(10 rows)

