SET
SET
SET
SET
SET
                                                                QUERY PLAN                                                                
------------------------------------------------------------------------------------------------------------------------------------------
 Index Scan using idx on public.t (actual rows=4096.00 loops=1)
   Output: a, b
   Index Cond: ((t.a >= '-17114'::integer) AND (t.a <= '-16091'::integer))
   Index Searches: 1
   Prefetch: distance=268.046 count=1927 stalls=1 skipped=2514 resets=0 ungets=781 forwarded=12
             histogram [2,4) => 2, [4,8) => 3, [8,16) => 5, [16,32) => 10, [32,64) => 6, [64,128) => 2, [128,256) => 2, [256,512) => 1897
   Buffers: shared hit=168 read=1124
 Settings: enable_bitmapscan = 'off', enable_seqscan = 'off', max_parallel_workers_per_gather = '0'
 Planning:
   Buffers: shared hit=86 read=26
 Planning Time: 1.645 ms
 Execution Time: 16.133 ms
(12 rows)

SET
SET
SET
SET
SET
                                             QUERY PLAN                                             
----------------------------------------------------------------------------------------------------
 Index Scan using idx on public.t (actual rows=4096.00 loops=1)
   Output: a, b
   Index Cond: ((t.a >= '-17114'::integer) AND (t.a <= '-16091'::integer))
   Index Searches: 1
   Buffers: shared hit=1292
 Settings: enable_bitmapscan = 'off', enable_seqscan = 'off', max_parallel_workers_per_gather = '0'
 Planning:
   Buffers: shared hit=117
 Planning Time: 0.208 ms
 Execution Time: 1.378 ms
(10 rows)

