SET
SET
SET
SET
SET
                                                                QUERY PLAN                                                                
------------------------------------------------------------------------------------------------------------------------------------------
 Index Scan using idx on public.t (actual rows=2048.00 loops=1)
   Output: a, b
   Index Cond: ((t.a >= '-20903'::integer) AND (t.a <= '-20392'::integer))
   Index Searches: 1
   Prefetch: distance=259.882 count=748 stalls=1 skipped=1014 resets=0 ungets=314 forwarded=6
             histogram [2,4) => 2, [4,8) => 4, [8,16) => 12, [16,32) => 11, [32,64) => 4, [64,128) => 3, [128,256) => 2, [256,512) => 710
   Buffers: shared hit=47 read=584
 Settings: enable_bitmapscan = 'off', enable_seqscan = 'off', max_parallel_workers_per_gather = '0'
 Planning:
   Buffers: shared hit=86 read=26
 Planning Time: 1.676 ms
 Execution Time: 16.492 ms
(12 rows)

SET
SET
SET
SET
SET
                                             QUERY PLAN                                             
----------------------------------------------------------------------------------------------------
 Index Scan using idx on public.t (actual rows=2048.00 loops=1)
   Output: a, b
   Index Cond: ((t.a >= '-20903'::integer) AND (t.a <= '-20392'::integer))
   Index Searches: 1
   Buffers: shared hit=631
 Settings: enable_bitmapscan = 'off', enable_seqscan = 'off', max_parallel_workers_per_gather = '0'
 Planning:
   Buffers: shared hit=117
 Planning Time: 0.166 ms
 Execution Time: 0.575 ms
(10 rows)

