SET
SET
SET
SET
SET
                                                               QUERY PLAN                                                                
-----------------------------------------------------------------------------------------------------------------------------------------
 Index Scan using idx on public.t (actual rows=16384.00 loops=1)
   Output: a, b
   Index Cond: ((t.a >= '-34934'::integer) AND (t.a <= '-30839'::integer))
   Index Searches: 1
   Prefetch: distance=270.799 count=7876 stalls=1 skipped=11201 resets=0 ungets=2921 forwarded=136
             histogram [2,4) => 2, [4,8) => 3, [8,16) => 5, [16,32) => 9, [32,64) => 5, [64,128) => 2, [128,256) => 2, [256,512) => 7848
   Buffers: shared hit=1517 read=3537
 Settings: enable_bitmapscan = 'off', enable_seqscan = 'off', max_parallel_workers_per_gather = '0'
 Planning:
   Buffers: shared hit=86 read=26
 Planning Time: 1.954 ms
 Execution Time: 26.842 ms
(12 rows)

SET
SET
SET
SET
SET
                                             QUERY PLAN                                             
----------------------------------------------------------------------------------------------------
 Index Scan using idx on public.t (actual rows=16384.00 loops=1)
   Output: a, b
   Index Cond: ((t.a >= '-34934'::integer) AND (t.a <= '-30839'::integer))
   Index Searches: 1
   Buffers: shared hit=5054
 Settings: enable_bitmapscan = 'off', enable_seqscan = 'off', max_parallel_workers_per_gather = '0'
 Planning:
   Buffers: shared hit=117
 Planning Time: 0.177 ms
 Execution Time: 2.573 ms
(10 rows)

