SET
SET
SET
SET
SET
                                                                     QUERY PLAN                                                                      
-----------------------------------------------------------------------------------------------------------------------------------------------------
 Index Scan using idx on public.t (actual rows=7048576.00 loops=1)
   Output: a, b
   Index Cond: ((t.a >= '-1762412'::integer) AND (t.a <= '-269'::integer))
   Index Searches: 1
   Prefetch: distance=254.271 count=2183120 stalls=1 skipped=4872448 resets=0 ungets=7256 forwarded=7761
             histogram [2,4) => 2, [4,8) => 3, [8,16) => 5, [16,32) => 13, [32,64) => 12, [64,128) => 207, [128,256) => 933617, [256,512) => 1249261
   Buffers: shared hit=2087324 read=99179
 Settings: enable_bitmapscan = 'off', enable_seqscan = 'off', max_parallel_workers_per_gather = '0'
 Planning:
   Buffers: shared hit=82 read=26
 Planning Time: 2.200 ms
 Execution Time: 1583.832 ms
(12 rows)

SET
SET
SET
SET
SET
                                             QUERY PLAN                                             
----------------------------------------------------------------------------------------------------
 Index Scan using idx on public.t (actual rows=7048576.00 loops=1)
   Output: a, b
   Index Cond: ((t.a >= '-1762412'::integer) AND (t.a <= '-269'::integer))
   Index Searches: 1
   Buffers: shared hit=2186504
 Settings: enable_bitmapscan = 'off', enable_seqscan = 'off', max_parallel_workers_per_gather = '0'
 Planning:
   Buffers: shared hit=113
 Planning Time: 0.227 ms
 Execution Time: 1128.252 ms
(10 rows)

