SET
SET
SET
SET
SET
                                                                 QUERY PLAN                                                                 
--------------------------------------------------------------------------------------------------------------------------------------------
 Index Scan using idx on public.t (actual rows=32768.00 loops=1)
   Output: a, b
   Index Cond: ((t.a >= '-20632'::integer) AND (t.a <= '-12441'::integer))
   Index Searches: 1
   Prefetch: distance=270.415 count=14161 stalls=1 skipped=22432 resets=0 ungets=4165 forwarded=295
             histogram [2,4) => 2, [4,8) => 4, [8,16) => 7, [16,32) => 13, [32,64) => 2, [64,128) => 3, [128,256) => 15, [256,512) => 14115
   Buffers: shared hit=5187 read=4971
 Settings: enable_bitmapscan = 'off', enable_seqscan = 'off', max_parallel_workers_per_gather = '0'
 Planning:
   Buffers: shared hit=86 read=26
 Planning Time: 1.931 ms
 Execution Time: 37.854 ms
(12 rows)

SET
SET
SET
SET
SET
                                             QUERY PLAN                                             
----------------------------------------------------------------------------------------------------
 Index Scan using idx on public.t (actual rows=32768.00 loops=1)
   Output: a, b
   Index Cond: ((t.a >= '-20632'::integer) AND (t.a <= '-12441'::integer))
   Index Searches: 1
   Buffers: shared hit=10158
 Settings: enable_bitmapscan = 'off', enable_seqscan = 'off', max_parallel_workers_per_gather = '0'
 Planning:
   Buffers: shared hit=117
 Planning Time: 0.199 ms
 Execution Time: 6.838 ms
(10 rows)

