SET
SET
SET
SET
SET
                                                                QUERY PLAN                                                                
------------------------------------------------------------------------------------------------------------------------------------------
 Index Scan using idx on public.t (actual rows=16384.00 loops=1)
   Output: a, b
   Index Cond: ((t.a >= '-32473'::integer) AND (t.a <= '-28378'::integer))
   Index Searches: 1
   Prefetch: distance=270.729 count=7985 stalls=1 skipped=11273 resets=0 ungets=2926 forwarded=137
             histogram [2,4) => 2, [4,8) => 3, [8,16) => 12, [16,32) => 9, [32,64) => 2, [64,128) => 2, [128,256) => 2, [256,512) => 7953
   Buffers: shared hit=1604 read=3501
 Settings: enable_bitmapscan = 'off', enable_seqscan = 'off', max_parallel_workers_per_gather = '0'
 Planning:
   Buffers: shared hit=86 read=26
 Planning Time: 1.952 ms
 Execution Time: 23.027 ms
(12 rows)

SET
SET
SET
SET
SET
                                             QUERY PLAN                                             
----------------------------------------------------------------------------------------------------
 Index Scan using idx on public.t (actual rows=16384.00 loops=1)
   Output: a, b
   Index Cond: ((t.a >= '-32473'::integer) AND (t.a <= '-28378'::integer))
   Index Searches: 1
   Buffers: shared hit=5105
 Settings: enable_bitmapscan = 'off', enable_seqscan = 'off', max_parallel_workers_per_gather = '0'
 Planning:
   Buffers: shared hit=117
 Planning Time: 0.179 ms
 Execution Time: 2.604 ms
(10 rows)

