SET
SET
SET
SET
SET
                                                                    QUERY PLAN                                                                    
--------------------------------------------------------------------------------------------------------------------------------------------------
 Index Scan using idx on public.t (actual rows=4048576.00 loops=1)
   Output: a, b
   Index Cond: ((t.a >= '-1029430'::integer) AND (t.a <= '-17287'::integer))
   Index Searches: 1
   Prefetch: distance=254.527 count=1257152 stalls=1 skipped=2798351 resets=0 ungets=7255 forwarded=4664
             histogram [2,4) => 2, [4,8) => 5, [8,16) => 9, [16,32) => 11, [32,64) => 2, [64,128) => 52, [128,256) => 529556, [256,512) => 727515
   Buffers: shared hit=1195877 read=60190
 Settings: enable_bitmapscan = 'off', enable_seqscan = 'off', max_parallel_workers_per_gather = '0'
 Planning:
   Buffers: shared hit=82 read=26
 Planning Time: 1.944 ms
 Execution Time: 935.376 ms
(12 rows)

SET
SET
SET
SET
SET
                                             QUERY PLAN                                             
----------------------------------------------------------------------------------------------------
 Index Scan using idx on public.t (actual rows=4048576.00 loops=1)
   Output: a, b
   Index Cond: ((t.a >= '-1029430'::integer) AND (t.a <= '-17287'::integer))
   Index Searches: 1
   Buffers: shared hit=1256068
 Settings: enable_bitmapscan = 'off', enable_seqscan = 'off', max_parallel_workers_per_gather = '0'
 Planning:
   Buffers: shared hit=113
 Planning Time: 0.206 ms
 Execution Time: 651.777 ms
(10 rows)

