SET
SET
SET
SET
SET
                                                                   QUERY PLAN                                                                    
-------------------------------------------------------------------------------------------------------------------------------------------------
 Index Scan using idx on public.t (actual rows=2048576.00 loops=1)
   Output: a, b
   Index Cond: ((t.a >= '-513582'::integer) AND (t.a <= '-1439'::integer))
   Index Searches: 1
   Prefetch: distance=254.952 count=638506 stalls=1 skipped=1416026 resets=0 ungets=6216 forwarded=2572
             histogram [2,4) => 2, [4,8) => 7, [8,16) => 10, [16,32) => 9, [32,64) => 2, [64,128) => 2, [128,256) => 262858, [256,512) => 375616
   Buffers: shared hit=602502 read=32937
 Settings: enable_bitmapscan = 'off', enable_seqscan = 'off', max_parallel_workers_per_gather = '0'
 Planning:
   Buffers: shared hit=82 read=26
 Planning Time: 1.968 ms
 Execution Time: 489.078 ms
(12 rows)

SET
SET
SET
SET
SET
                                             QUERY PLAN                                             
----------------------------------------------------------------------------------------------------
 Index Scan using idx on public.t (actual rows=2048576.00 loops=1)
   Output: a, b
   Index Cond: ((t.a >= '-513582'::integer) AND (t.a <= '-1439'::integer))
   Index Searches: 1
   Buffers: shared hit=635439
 Settings: enable_bitmapscan = 'off', enable_seqscan = 'off', max_parallel_workers_per_gather = '0'
 Planning:
   Buffers: shared hit=113
 Planning Time: 0.188 ms
 Execution Time: 326.249 ms
(10 rows)

