SET
SET
SET
SET
SET
                                                                  QUERY PLAN                                                                   
-----------------------------------------------------------------------------------------------------------------------------------------------
 Index Scan using idx on public.t (actual rows=262144.00 loops=1)
   Output: a, b
   Index Cond: ((t.a >= '-80934'::integer) AND (t.a <= '-15399'::integer))
   Index Searches: 1
   Prefetch: distance=260.384 count=87091 stalls=2 skipped=180867 resets=0 ungets=6347 forwarded=749
             histogram [2,4) => 2, [4,8) => 3, [8,16) => 7, [16,32) => 14, [32,64) => 2, [64,128) => 3, [128,256) => 22711, [256,512) => 64349
   Buffers: shared hit=71435 read=9876
 Settings: enable_bitmapscan = 'off', enable_seqscan = 'off', max_parallel_workers_per_gather = '0'
 Planning:
   Buffers: shared hit=82 read=26
 Planning Time: 2.046 ms
 Execution Time: 92.532 ms
(12 rows)

SET
SET
SET
SET
SET
                                             QUERY PLAN                                             
----------------------------------------------------------------------------------------------------
 Index Scan using idx on public.t (actual rows=262144.00 loops=1)
   Output: a, b
   Index Cond: ((t.a >= '-80934'::integer) AND (t.a <= '-15399'::integer))
   Index Searches: 1
   Buffers: shared hit=81311
 Settings: enable_bitmapscan = 'off', enable_seqscan = 'off', max_parallel_workers_per_gather = '0'
 Planning:
   Buffers: shared hit=113
 Planning Time: 0.183 ms
 Execution Time: 39.833 ms
(10 rows)

