SET
SET
SET
SET
SET
                                                                    QUERY PLAN                                                                    
--------------------------------------------------------------------------------------------------------------------------------------------------
 Index Scan using idx on public.t (actual rows=4048576.00 loops=1)
   Output: a, b
   Index Cond: ((t.a >= '-1031691'::integer) AND (t.a <= '-19548'::integer))
   Index Searches: 1
   Prefetch: distance=254.517 count=1257060 stalls=1 skipped=2798133 resets=0 ungets=7253 forwarded=4675
             histogram [2,4) => 2, [4,8) => 4, [8,16) => 9, [16,32) => 12, [32,64) => 2, [64,128) => 53, [128,256) => 529755, [256,512) => 727223
   Buffers: shared hit=1195786 read=60287
 Settings: enable_bitmapscan = 'off', enable_seqscan = 'off', max_parallel_workers_per_gather = '0'
 Planning:
   Buffers: shared hit=82 read=26
 Planning Time: 2.042 ms
 Execution Time: 944.548 ms
(12 rows)

SET
SET
SET
SET
SET
                                             QUERY PLAN                                             
----------------------------------------------------------------------------------------------------
 Index Scan using idx on public.t (actual rows=4048576.00 loops=1)
   Output: a, b
   Index Cond: ((t.a >= '-1031691'::integer) AND (t.a <= '-19548'::integer))
   Index Searches: 1
   Buffers: shared hit=1256073
 Settings: enable_bitmapscan = 'off', enable_seqscan = 'off', max_parallel_workers_per_gather = '0'
 Planning:
   Buffers: shared hit=113
 Planning Time: 0.215 ms
 Execution Time: 655.974 ms
(10 rows)

