SET
SET
SET
SET
SET
                                                                      QUERY PLAN                                                                      
------------------------------------------------------------------------------------------------------------------------------------------------------
 Index Scan using idx on public.t (actual rows=8048576.00 loops=1)
   Output: a, b
   Index Cond: ((t.a >= '-2035581'::integer) AND (t.a <= '-23438'::integer))
   Index Searches: 1
   Prefetch: distance=254.255 count=2493287 stalls=1 skipped=5563342 resets=0 ungets=8493 forwarded=8858
             histogram [2,4) => 2, [4,8) => 3, [8,16) => 6, [16,32) => 12, [32,64) => 15, [64,128) => 217, [128,256) => 1066553, [256,512) => 1426479
   Buffers: shared hit=2383484 read=113497
 Settings: enable_bitmapscan = 'off', enable_seqscan = 'off', max_parallel_workers_per_gather = '0'
 Planning:
   Buffers: shared hit=82 read=26
 Planning Time: 1.933 ms
 Execution Time: 1832.795 ms
(12 rows)

SET
SET
SET
SET
SET
                                             QUERY PLAN                                             
----------------------------------------------------------------------------------------------------
 Index Scan using idx on public.t (actual rows=8048576.00 loops=1)
   Output: a, b
   Index Cond: ((t.a >= '-2035581'::integer) AND (t.a <= '-23438'::integer))
   Index Searches: 1
   Buffers: shared hit=2496982
 Settings: enable_bitmapscan = 'off', enable_seqscan = 'off', max_parallel_workers_per_gather = '0'
 Planning:
   Buffers: shared hit=113
 Planning Time: 0.225 ms
 Execution Time: 1322.990 ms
(10 rows)

