SET
SET
SET
SET
SET
                                                                     QUERY PLAN                                                                      
-----------------------------------------------------------------------------------------------------------------------------------------------------
 Index Scan using idx on public.t (actual rows=9048576.00 loops=1)
   Output: a, b
   Index Cond: ((t.a >= '-2265694'::integer) AND (t.a <= '-3551'::integer))
   Index Searches: 1
   Prefetch: distance=254.213 count=2801155 stalls=1 skipped=6254675 resets=0 ungets=7750 forwarded=9832
             histogram [2,4) => 2, [4,8) => 6, [8,16) => 6, [16,32) => 9, [32,64) => 16, [64,128) => 240, [128,256) => 1201778, [256,512) => 1599098
   Buffers: shared hit=2681249 read=125867
 Settings: enable_bitmapscan = 'off', enable_seqscan = 'off', max_parallel_workers_per_gather = '0'
 Planning:
   Buffers: shared hit=82 read=26
 Planning Time: 1.911 ms
 Execution Time: 2022.783 ms
(12 rows)

SET
SET
SET
SET
SET
                                             QUERY PLAN                                             
----------------------------------------------------------------------------------------------------
 Index Scan using idx on public.t (actual rows=9048576.00 loops=1)
   Output: a, b
   Index Cond: ((t.a >= '-2265694'::integer) AND (t.a <= '-3551'::integer))
   Index Searches: 1
   Buffers: shared hit=2807116
 Settings: enable_bitmapscan = 'off', enable_seqscan = 'off', max_parallel_workers_per_gather = '0'
 Planning:
   Buffers: shared hit=113
 Planning Time: 0.224 ms
 Execution Time: 1434.400 ms
(10 rows)

