SET
SET
SET
SET
SET
                                                                  QUERY PLAN                                                                   
-----------------------------------------------------------------------------------------------------------------------------------------------
 Index Scan using idx on public.t (actual rows=131072.00 loops=1)
   Output: a, b
   Index Cond: ((t.a >= '-42539'::integer) AND (t.a <= '-9772'::integer))
   Index Searches: 1
   Prefetch: distance=264.937 count=46429 stalls=1 skipped=90448 resets=0 ungets=6133 forwarded=630
             histogram [2,4) => 2, [4,8) => 4, [8,16) => 5, [16,32) => 10, [32,64) => 10, [64,128) => 2, [128,256) => 6285, [256,512) => 40111
   Buffers: shared hit=32779 read=7816
 Settings: enable_bitmapscan = 'off', enable_seqscan = 'off', max_parallel_workers_per_gather = '0'
 Planning:
   Buffers: shared hit=86 read=26
 Planning Time: 2.042 ms
 Execution Time: 58.783 ms
(12 rows)

SET
SET
SET
SET
SET
                                             QUERY PLAN                                             
----------------------------------------------------------------------------------------------------
 Index Scan using idx on public.t (actual rows=131072.00 loops=1)
   Output: a, b
   Index Cond: ((t.a >= '-42539'::integer) AND (t.a <= '-9772'::integer))
   Index Searches: 1
   Buffers: shared hit=40595
 Settings: enable_bitmapscan = 'off', enable_seqscan = 'off', max_parallel_workers_per_gather = '0'
 Planning:
   Buffers: shared hit=117
 Planning Time: 0.192 ms
 Execution Time: 18.524 ms
(10 rows)

