SET
SET
SET
SET
SET
                                                                    QUERY PLAN                                                                    
--------------------------------------------------------------------------------------------------------------------------------------------------
 Index Scan using idx on public.t (actual rows=5048576.00 loops=1)
   Output: a, b
   Index Cond: ((t.a >= '-1268055'::integer) AND (t.a <= '-5912'::integer))
   Index Searches: 1
   Prefetch: distance=254.368 count=1565262 stalls=1 skipped=3489844 resets=0 ungets=6934 forwarded=5687
             histogram [2,4) => 2, [4,8) => 3, [8,16) => 9, [16,32) => 10, [32,64) => 3, [64,128) => 52, [128,256) => 664998, [256,512) => 900185
   Buffers: shared hit=1493083 read=72939
 Settings: enable_bitmapscan = 'off', enable_seqscan = 'off', max_parallel_workers_per_gather = '0'
 Planning:
   Buffers: shared hit=82 read=26
 Planning Time: 1.912 ms
 Execution Time: 1158.948 ms
(12 rows)

SET
SET
SET
SET
SET
                                             QUERY PLAN                                             
----------------------------------------------------------------------------------------------------
 Index Scan using idx on public.t (actual rows=5048576.00 loops=1)
   Output: a, b
   Index Cond: ((t.a >= '-1268055'::integer) AND (t.a <= '-5912'::integer))
   Index Searches: 1
   Buffers: shared hit=1566022
 Settings: enable_bitmapscan = 'off', enable_seqscan = 'off', max_parallel_workers_per_gather = '0'
 Planning:
   Buffers: shared hit=113
 Planning Time: 0.296 ms
 Execution Time: 820.645 ms
(10 rows)

