SET
SET
SET
SET
SET
                                                                   QUERY PLAN                                                                   
------------------------------------------------------------------------------------------------------------------------------------------------
 Index Scan using idx on public.t (actual rows=1048576.00 loops=1)
   Output: a, b
   Index Cond: ((t.a >= '-272123'::integer) AND (t.a <= '-9980'::integer))
   Index Searches: 1
   Prefetch: distance=255.769 count=330152 stalls=1 skipped=724661 resets=0 ungets=6401 forwarded=1577
             histogram [2,4) => 2, [4,8) => 3, [8,16) => 6, [16,32) => 9, [32,64) => 7, [64,128) => 2, [128,256) => 128952, [256,512) => 201171
   Buffers: shared hit=305328 read=20052
 Settings: enable_bitmapscan = 'off', enable_seqscan = 'off', max_parallel_workers_per_gather = '0'
 Planning:
   Buffers: shared hit=82 read=26
 Planning Time: 1.940 ms
 Execution Time: 259.987 ms
(12 rows)

SET
SET
SET
SET
SET
                                             QUERY PLAN                                             
----------------------------------------------------------------------------------------------------
 Index Scan using idx on public.t (actual rows=1048576.00 loops=1)
   Output: a, b
   Index Cond: ((t.a >= '-272123'::integer) AND (t.a <= '-9980'::integer))
   Index Searches: 1
   Buffers: shared hit=325380
 Settings: enable_bitmapscan = 'off', enable_seqscan = 'off', max_parallel_workers_per_gather = '0'
 Planning:
   Buffers: shared hit=113
 Planning Time: 0.211 ms
 Execution Time: 170.160 ms
(10 rows)

