SET
SET
SET
SET
SET
                                                                   QUERY PLAN                                                                   
------------------------------------------------------------------------------------------------------------------------------------------------
 Index Scan using idx on public.t (actual rows=2048576.00 loops=1)
   Output: a, b
   Index Cond: ((t.a >= '-524091'::integer) AND (t.a <= '-11948'::integer))
   Index Searches: 1
   Prefetch: distance=255.024 count=638847 stalls=1 skipped=1416005 resets=0 ungets=6584 forwarded=2612
             histogram [2,4) => 2, [4,8) => 3, [8,16) => 5, [16,32) => 9, [32,64) => 5, [64,128) => 5, [128,256) => 261944, [256,512) => 376874
   Buffers: shared hit=602002 read=33426
 Settings: enable_bitmapscan = 'off', enable_seqscan = 'off', max_parallel_workers_per_gather = '0'
 Planning:
   Buffers: shared hit=82 read=26
 Planning Time: 1.973 ms
 Execution Time: 485.828 ms
(12 rows)

SET
SET
SET
SET
SET
                                             QUERY PLAN                                             
----------------------------------------------------------------------------------------------------
 Index Scan using idx on public.t (actual rows=2048576.00 loops=1)
   Output: a, b
   Index Cond: ((t.a >= '-524091'::integer) AND (t.a <= '-11948'::integer))
   Index Searches: 1
   Buffers: shared hit=635428
 Settings: enable_bitmapscan = 'off', enable_seqscan = 'off', max_parallel_workers_per_gather = '0'
 Planning:
   Buffers: shared hit=113
 Planning Time: 0.193 ms
 Execution Time: 328.301 ms
(10 rows)

