SET
SET
SET
SET
SET
                                                                    QUERY PLAN                                                                    
--------------------------------------------------------------------------------------------------------------------------------------------------
 Index Scan using idx on public.t (actual rows=4048576.00 loops=1)
   Output: a, b
   Index Cond: ((t.a >= '-1033033'::integer) AND (t.a <= '-20890'::integer))
   Index Searches: 1
   Prefetch: distance=254.523 count=1257133 stalls=1 skipped=2798156 resets=0 ungets=7325 forwarded=4702
             histogram [2,4) => 2, [4,8) => 3, [8,16) => 11, [16,32) => 9, [32,64) => 2, [64,128) => 53, [128,256) => 529594, [256,512) => 727459
   Buffers: shared hit=1195706 read=60358
 Settings: enable_bitmapscan = 'off', enable_seqscan = 'off', max_parallel_workers_per_gather = '0'
 Planning:
   Buffers: shared hit=82 read=26
 Planning Time: 1.929 ms
 Execution Time: 942.916 ms
(12 rows)

SET
SET
SET
SET
SET
                                             QUERY PLAN                                             
----------------------------------------------------------------------------------------------------
 Index Scan using idx on public.t (actual rows=4048576.00 loops=1)
   Output: a, b
   Index Cond: ((t.a >= '-1033033'::integer) AND (t.a <= '-20890'::integer))
   Index Searches: 1
   Buffers: shared hit=1256064
 Settings: enable_bitmapscan = 'off', enable_seqscan = 'off', max_parallel_workers_per_gather = '0'
 Planning:
   Buffers: shared hit=113
 Planning Time: 0.219 ms
 Execution Time: 657.157 ms
(10 rows)

