SET
SET
SET
SET
SET
                                                                      QUERY PLAN                                                                      
------------------------------------------------------------------------------------------------------------------------------------------------------
 Index Scan using idx on public.t (actual rows=7048576.00 loops=1)
   Output: a, b
   Index Cond: ((t.a >= '-1778550'::integer) AND (t.a <= '-16407'::integer))
   Index Searches: 1
   Prefetch: distance=254.296 count=2183620 stalls=1 skipped=4872312 resets=0 ungets=7864 forwarded=7798
             histogram [2,4) => 4, [4,8) => 5, [8,16) => 10, [16,32) => 12, [32,64) => 10, [64,128) => 208, [128,256) => 932229, [256,512) => 1251142
   Buffers: shared hit=2086540 read=99932
 Settings: enable_bitmapscan = 'off', enable_seqscan = 'off', max_parallel_workers_per_gather = '0'
 Planning:
   Buffers: shared hit=82 read=26
 Planning Time: 1.942 ms
 Execution Time: 1602.407 ms
(12 rows)

SET
SET
SET
SET
SET
                                             QUERY PLAN                                             
----------------------------------------------------------------------------------------------------
 Index Scan using idx on public.t (actual rows=7048576.00 loops=1)
   Output: a, b
   Index Cond: ((t.a >= '-1778550'::integer) AND (t.a <= '-16407'::integer))
   Index Searches: 1
   Buffers: shared hit=2186473
 Settings: enable_bitmapscan = 'off', enable_seqscan = 'off', max_parallel_workers_per_gather = '0'
 Planning:
   Buffers: shared hit=113
 Planning Time: 0.213 ms
 Execution Time: 1132.139 ms
(10 rows)

