SET
SET
SET
SET
SET
                                                                      QUERY PLAN                                                                       
-------------------------------------------------------------------------------------------------------------------------------------------------------
 Index Scan using idx on public.t (actual rows=9048576.00 loops=1)
   Output: a, b
   Index Cond: ((t.a >= '-2264557'::integer) AND (t.a <= '-2414'::integer))
   Index Searches: 1
   Prefetch: distance=254.211 count=2801247 stalls=1 skipped=6254761 resets=0 ungets=7800 forwarded=9842
             histogram [2,4) => 2, [4,8) => 5, [8,16) => 10, [16,32) => 11, [32,64) => 10, [64,128) => 238, [128,256) => 1201974, [256,512) => 1598997
   Buffers: shared hit=2681299 read=125810
 Settings: enable_bitmapscan = 'off', enable_seqscan = 'off', max_parallel_workers_per_gather = '0'
 Planning:
   Buffers: shared hit=82 read=26
 Planning Time: 1.935 ms
 Execution Time: 2027.562 ms
(12 rows)

SET
SET
SET
SET
SET
                                             QUERY PLAN                                             
----------------------------------------------------------------------------------------------------
 Index Scan using idx on public.t (actual rows=9048576.00 loops=1)
   Output: a, b
   Index Cond: ((t.a >= '-2264557'::integer) AND (t.a <= '-2414'::integer))
   Index Searches: 1
   Buffers: shared hit=2807110
 Settings: enable_bitmapscan = 'off', enable_seqscan = 'off', max_parallel_workers_per_gather = '0'
 Planning:
   Buffers: shared hit=113
 Planning Time: 0.213 ms
 Execution Time: 1447.335 ms
(10 rows)

