SET
SET
SET
SET
                                             QUERY PLAN                                             
----------------------------------------------------------------------------------------------------
 Index Scan using idx on public.t (actual rows=128.00 loops=1)
   Output: a, b
   Index Cond: ((t.a >= '-6559'::integer) AND (t.a <= '-6528'::integer))
   Index Searches: 1
   Buffers: shared hit=5 read=39
 Settings: enable_bitmapscan = 'off', enable_seqscan = 'off', max_parallel_workers_per_gather = '0'
 Planning:
   Buffers: shared hit=86 read=26
 Planning Time: 1.239 ms
 Execution Time: 3.127 ms
(10 rows)

SET
SET
SET
SET
                                             QUERY PLAN                                             
----------------------------------------------------------------------------------------------------
 Index Scan using idx on public.t (actual rows=128.00 loops=1)
   Output: a, b
   Index Cond: ((t.a >= '-6559'::integer) AND (t.a <= '-6528'::integer))
   Index Searches: 1
   Buffers: shared hit=44
 Settings: enable_bitmapscan = 'off', enable_seqscan = 'off', max_parallel_workers_per_gather = '0'
 Planning:
   Buffers: shared hit=117
 Planning Time: 0.128 ms
 Execution Time: 0.047 ms
(10 rows)

