SET
SET
SET
SET
SET
                                                               QUERY PLAN                                                               
----------------------------------------------------------------------------------------------------------------------------------------
 Index Scan using idx on public.t (actual rows=512.00 loops=1)
   Output: a, b
   Index Cond: ((t.a >= '-1052'::integer) AND (t.a <= '-925'::integer))
   Index Searches: 1
   Prefetch: distance=184.372 count=94 stalls=1 skipped=132 resets=0 ungets=26 forwarded=0
             histogram [2,4) => 2, [4,8) => 4, [8,16) => 13, [16,32) => 9, [32,64) => 2, [64,128) => 3, [128,256) => 2, [256,512) => 59
   Buffers: shared hit=12 read=161
 Settings: enable_bitmapscan = 'off', enable_seqscan = 'off', max_parallel_workers_per_gather = '0'
 Planning:
   Buffers: shared hit=86 read=26
 Planning Time: 1.291 ms
 Execution Time: 7.975 ms
(12 rows)

SET
SET
SET
SET
SET
                                             QUERY PLAN                                             
----------------------------------------------------------------------------------------------------
 Index Scan using idx on public.t (actual rows=512.00 loops=1)
   Output: a, b
   Index Cond: ((t.a >= '-1052'::integer) AND (t.a <= '-925'::integer))
   Index Searches: 1
   Buffers: shared hit=173
 Settings: enable_bitmapscan = 'off', enable_seqscan = 'off', max_parallel_workers_per_gather = '0'
 Planning:
   Buffers: shared hit=117
 Planning Time: 0.151 ms
 Execution Time: 0.163 ms
(10 rows)

