SET
SET
SET
SET
SET
                                                                QUERY PLAN                                                                 
-------------------------------------------------------------------------------------------------------------------------------------------
 Index Scan using idx on public.t (actual rows=16384.00 loops=1)
   Output: a, b
   Index Cond: ((t.a >= '-6195'::integer) AND (t.a <= '-2100'::integer))
   Index Searches: 1
   Prefetch: distance=270.385 count=7609 stalls=1 skipped=11113 resets=0 ungets=2626 forwarded=140
             histogram [2,4) => 2, [4,8) => 3, [8,16) => 5, [16,32) => 10, [32,64) => 10, [64,128) => 3, [128,256) => 2, [256,512) => 7574
   Buffers: shared hit=1932 read=3170
 Settings: enable_bitmapscan = 'off', enable_seqscan = 'off', max_parallel_workers_per_gather = '0'
 Planning:
   Buffers: shared hit=86 read=26
 Planning Time: 1.954 ms
 Execution Time: 25.397 ms
(12 rows)

SET
SET
SET
SET
SET
                                             QUERY PLAN                                             
----------------------------------------------------------------------------------------------------
 Index Scan using idx on public.t (actual rows=16384.00 loops=1)
   Output: a, b
   Index Cond: ((t.a >= '-6195'::integer) AND (t.a <= '-2100'::integer))
   Index Searches: 1
   Buffers: shared hit=5102
 Settings: enable_bitmapscan = 'off', enable_seqscan = 'off', max_parallel_workers_per_gather = '0'
 Planning:
   Buffers: shared hit=117
 Planning Time: 0.221 ms
 Execution Time: 3.973 ms
(10 rows)

