SET
SET
SET
SET
SET
                                                                   QUERY PLAN                                                                   
------------------------------------------------------------------------------------------------------------------------------------------------
 Index Scan using idx on public.t (actual rows=1048576.00 loops=1)
   Output: a, b
   Index Cond: ((t.a >= '-281908'::integer) AND (t.a <= '-19765'::integer))
   Index Searches: 1
   Prefetch: distance=255.884 count=330474 stalls=1 skipped=724431 resets=0 ungets=6765 forwarded=1594
             histogram [2,4) => 2, [4,8) => 3, [8,16) => 5, [16,32) => 9, [32,64) => 5, [64,128) => 2, [128,256) => 127928, [256,512) => 202520
   Buffers: shared hit=304898 read=20520
 Settings: enable_bitmapscan = 'off', enable_seqscan = 'off', max_parallel_workers_per_gather = '0'
 Planning:
   Buffers: shared hit=82 read=26
 Planning Time: 1.944 ms
 Execution Time: 263.690 ms
(12 rows)

SET
SET
SET
SET
SET
                                             QUERY PLAN                                             
----------------------------------------------------------------------------------------------------
 Index Scan using idx on public.t (actual rows=1048576.00 loops=1)
   Output: a, b
   Index Cond: ((t.a >= '-281908'::integer) AND (t.a <= '-19765'::integer))
   Index Searches: 1
   Buffers: shared hit=325419
 Settings: enable_bitmapscan = 'off', enable_seqscan = 'off', max_parallel_workers_per_gather = '0'
 Planning:
   Buffers: shared hit=113
 Planning Time: 0.185 ms
 Execution Time: 168.804 ms
(10 rows)

