SET
SET
SET
SET
SET
                                                                   QUERY PLAN                                                                   
------------------------------------------------------------------------------------------------------------------------------------------------
 Index Scan using idx on public.t (actual rows=262144.00 loops=1)
   Output: a, b
   Index Cond: ((t.a >= '-91265'::integer) AND (t.a <= '-25730'::integer))
   Index Searches: 1
   Prefetch: distance=260.715 count=87511 stalls=1 skipped=180783 resets=0 ungets=6774 forwarded=818
             histogram [2,4) => 2, [4,8) => 4, [8,16) => 11, [16,32) => 10, [32,64) => 2, [64,128) => 2, [128,256) => 22136, [256,512) => 65344
   Buffers: shared hit=70989 read=10336
 Settings: enable_bitmapscan = 'off', enable_seqscan = 'off', max_parallel_workers_per_gather = '0'
 Planning:
   Buffers: shared hit=82 read=26
 Planning Time: 1.947 ms
 Execution Time: 96.634 ms
(12 rows)

SET
SET
SET
SET
SET
                                             QUERY PLAN                                             
----------------------------------------------------------------------------------------------------
 Index Scan using idx on public.t (actual rows=262144.00 loops=1)
   Output: a, b
   Index Cond: ((t.a >= '-91265'::integer) AND (t.a <= '-25730'::integer))
   Index Searches: 1
   Buffers: shared hit=81325
 Settings: enable_bitmapscan = 'off', enable_seqscan = 'off', max_parallel_workers_per_gather = '0'
 Planning:
   Buffers: shared hit=113
 Planning Time: 0.211 ms
 Execution Time: 44.026 ms
(10 rows)

