SET
SET
SET
SET
SET
                                                                    QUERY PLAN                                                                    
--------------------------------------------------------------------------------------------------------------------------------------------------
 Index Scan using idx on public.t (actual rows=5048576.00 loops=1)
   Output: a, b
   Index Cond: ((t.a >= '-1275661'::integer) AND (t.a <= '-13518'::integer))
   Index Searches: 1
   Prefetch: distance=254.384 count=1565856 stalls=1 skipped=3490054 resets=0 ungets=7374 forwarded=5705
             histogram [2,4) => 2, [4,8) => 3, [8,16) => 5, [16,32) => 10, [32,64) => 5, [64,128) => 52, [128,256) => 664592, [256,512) => 901187
   Buffers: shared hit=1492778 read=73282
 Settings: enable_bitmapscan = 'off', enable_seqscan = 'off', max_parallel_workers_per_gather = '0'
 Planning:
   Buffers: shared hit=82 read=26
 Planning Time: 1.942 ms
 Execution Time: 1142.545 ms
(12 rows)

SET
SET
SET
SET
SET
                                             QUERY PLAN                                             
----------------------------------------------------------------------------------------------------
 Index Scan using idx on public.t (actual rows=5048576.00 loops=1)
   Output: a, b
   Index Cond: ((t.a >= '-1275661'::integer) AND (t.a <= '-13518'::integer))
   Index Searches: 1
   Buffers: shared hit=1566060
 Settings: enable_bitmapscan = 'off', enable_seqscan = 'off', max_parallel_workers_per_gather = '0'
 Planning:
   Buffers: shared hit=113
 Planning Time: 0.215 ms
 Execution Time: 810.500 ms
(10 rows)

