SET
SET
SET
SET
SET
                                                                 QUERY PLAN                                                                 
--------------------------------------------------------------------------------------------------------------------------------------------
 Index Scan using idx on public.t (actual rows=65536.00 loops=1)
   Output: a, b
   Index Cond: ((t.a >= '-35121'::integer) AND (t.a <= '-18738'::integer))
   Index Searches: 1
   Prefetch: distance=268.997 count=25839 stalls=1 skipped=44951 resets=0 ungets=5790 forwarded=470
             histogram [2,4) => 2, [4,8) => 3, [8,16) => 6, [16,32) => 9, [32,64) => 7, [64,128) => 3, [128,256) => 639, [256,512) => 25170
   Buffers: shared hit=13514 read=6803
 Settings: enable_bitmapscan = 'off', enable_seqscan = 'off', max_parallel_workers_per_gather = '0'
 Planning:
   Buffers: shared hit=86 read=26
 Planning Time: 1.950 ms
 Execution Time: 51.427 ms
(12 rows)

SET
SET
SET
SET
SET
                                             QUERY PLAN                                             
----------------------------------------------------------------------------------------------------
 Index Scan using idx on public.t (actual rows=65536.00 loops=1)
   Output: a, b
   Index Cond: ((t.a >= '-35121'::integer) AND (t.a <= '-18738'::integer))
   Index Searches: 1
   Buffers: shared hit=20317
 Settings: enable_bitmapscan = 'off', enable_seqscan = 'off', max_parallel_workers_per_gather = '0'
 Planning:
   Buffers: shared hit=117
 Planning Time: 0.181 ms
 Execution Time: 8.785 ms
(10 rows)

