SET
SET
SET
SET
SET
                                                                      QUERY PLAN                                                                      
------------------------------------------------------------------------------------------------------------------------------------------------------
 Index Scan using idx on public.t (actual rows=8048576.00 loops=1)
   Output: a, b
   Index Cond: ((t.a >= '-2012410'::integer) AND (t.a <= '-267'::integer))
   Index Searches: 1
   Prefetch: distance=254.222 count=2492312 stalls=1 skipped=5563519 resets=0 ungets=7527 forwarded=8745
             histogram [2,4) => 2, [4,8) => 3, [8,16) => 5, [16,32) => 13, [32,64) => 12, [64,128) => 229, [128,256) => 1068040, [256,512) => 1424008
   Buffers: shared hit=2384470 read=112453
 Settings: enable_bitmapscan = 'off', enable_seqscan = 'off', max_parallel_workers_per_gather = '0'
 Planning:
   Buffers: shared hit=82 read=26
 Planning Time: 2.000 ms
 Execution Time: 1832.575 ms
(12 rows)

SET
SET
SET
SET
SET
                                             QUERY PLAN                                             
----------------------------------------------------------------------------------------------------
 Index Scan using idx on public.t (actual rows=8048576.00 loops=1)
   Output: a, b
   Index Cond: ((t.a >= '-2012410'::integer) AND (t.a <= '-267'::integer))
   Index Searches: 1
   Buffers: shared hit=2496924
 Settings: enable_bitmapscan = 'off', enable_seqscan = 'off', max_parallel_workers_per_gather = '0'
 Planning:
   Buffers: shared hit=113
 Planning Time: 0.266 ms
 Execution Time: 1300.702 ms
(10 rows)

