SET
SET
SET
SET
SET
                                                                      QUERY PLAN                                                                      
------------------------------------------------------------------------------------------------------------------------------------------------------
 Index Scan using idx on public.t (actual rows=9048576.00 loops=1)
   Output: a, b
   Index Cond: ((t.a >= '-2280746'::integer) AND (t.a <= '-18603'::integer))
   Index Searches: 1
   Prefetch: distance=254.227 count=2801985 stalls=1 skipped=6254648 resets=0 ungets=8465 forwarded=9850
             histogram [2,4) => 2, [4,8) => 3, [8,16) => 6, [16,32) => 12, [32,64) => 12, [64,128) => 238, [128,256) => 1201041, [256,512) => 1600671
   Buffers: shared hit=2680683 read=126514
 Settings: enable_bitmapscan = 'off', enable_seqscan = 'off', max_parallel_workers_per_gather = '0'
 Planning:
   Buffers: shared hit=82 read=26
 Planning Time: 1.942 ms
 Execution Time: 2046.820 ms
(12 rows)

SET
SET
SET
SET
SET
                                             QUERY PLAN                                             
----------------------------------------------------------------------------------------------------
 Index Scan using idx on public.t (actual rows=9048576.00 loops=1)
   Output: a, b
   Index Cond: ((t.a >= '-2280746'::integer) AND (t.a <= '-18603'::integer))
   Index Searches: 1
   Buffers: shared hit=2807199
 Settings: enable_bitmapscan = 'off', enable_seqscan = 'off', max_parallel_workers_per_gather = '0'
 Planning:
   Buffers: shared hit=113
 Planning Time: 0.223 ms
 Execution Time: 1457.031 ms
(10 rows)

