SET
SET
SET
SET
SET
                                                                   QUERY PLAN                                                                    
-------------------------------------------------------------------------------------------------------------------------------------------------
 Index Scan using idx on public.t (actual rows=4096.00 loops=1)
   Output: a, b
   Index Cond: ((t.a >= 29582) AND (t.a <= 33677))
   Index Searches: 1
   Prefetch: distance=236.764 count=3996 stalls=5 skipped=49 resets=0 ungets=18 forwarded=0
             histogram [2,4) => 12, [4,8) => 14, [8,16) => 16, [16,32) => 13, [32,64) => 29, [64,128) => 9, [128,256) => 2435, [256,512) => 1468
   Buffers: shared hit=3904 read=160
 Settings: enable_bitmapscan = 'off', enable_seqscan = 'off', max_parallel_workers_per_gather = '0'
 Planning:
   Buffers: shared hit=82 read=27
 Planning Time: 1.597 ms
 Execution Time: 5.572 ms
(12 rows)

SET
SET
SET
SET
SET
                                             QUERY PLAN                                             
----------------------------------------------------------------------------------------------------
 Index Scan using idx on public.t (actual rows=4096.00 loops=1)
   Output: a, b
   Index Cond: ((t.a >= 29582) AND (t.a <= 33677))
   Index Searches: 1
   Buffers: shared hit=4064
 Settings: enable_bitmapscan = 'off', enable_seqscan = 'off', max_parallel_workers_per_gather = '0'
 Planning:
   Buffers: shared hit=114
 Planning Time: 0.177 ms
 Execution Time: 0.630 ms
(10 rows)

