SET
SET
SET
SET
SET
                                                                 QUERY PLAN                                                                 
--------------------------------------------------------------------------------------------------------------------------------------------
 Index Scan using idx on public.t (actual rows=2048.00 loops=1)
   Output: a, b
   Index Cond: ((t.a >= 13504) AND (t.a <= 15551))
   Index Searches: 1
   Prefetch: distance=244.889 count=2031 stalls=2 skipped=29 resets=0 ungets=52 forwarded=0
             histogram [2,4) => 4, [4,8) => 8, [8,16) => 7, [16,32) => 16, [32,64) => 3, [64,128) => 2, [128,256) => 970, [256,512) => 1021
   Buffers: shared hit=1910 read=120
 Settings: enable_bitmapscan = 'off', enable_seqscan = 'off', max_parallel_workers_per_gather = '0'
 Planning:
   Buffers: shared hit=82 read=27
 Planning Time: 1.911 ms
 Execution Time: 3.823 ms
(12 rows)

SET
SET
SET
SET
SET
                                             QUERY PLAN                                             
----------------------------------------------------------------------------------------------------
 Index Scan using idx on public.t (actual rows=2048.00 loops=1)
   Output: a, b
   Index Cond: ((t.a >= 13504) AND (t.a <= 15551))
   Index Searches: 1
   Buffers: shared hit=2030
 Settings: enable_bitmapscan = 'off', enable_seqscan = 'off', max_parallel_workers_per_gather = '0'
 Planning:
   Buffers: shared hit=114
 Planning Time: 0.193 ms
 Execution Time: 0.455 ms
(10 rows)

