SET
SET
SET
SET
SET
                                                                          QUERY PLAN                                                                          
--------------------------------------------------------------------------------------------------------------------------------------------------------------
 Index Scan using idx on public.t (actual rows=8048576.00 loops=1)
   Output: a, b
   Index Cond: ((t.a >= 16739) AND (t.a <= 8065314))
   Index Searches: 1
   Prefetch: distance=100.395 count=431471 stalls=7513798 skipped=103224 resets=0 ungets=14 forwarded=13
             histogram [2,4) => 245618, [4,8) => 2047, [8,16) => 18, [16,32) => 40, [32,64) => 297, [64,128) => 2263, [128,256) => 129117, [256,512) => 52071
   Buffers: shared hit=7819514 read=147833
 Settings: enable_bitmapscan = 'off', enable_seqscan = 'off', max_parallel_workers_per_gather = '0'
 Planning:
   Buffers: shared hit=78 read=27
 Planning Time: 2.054 ms
 Execution Time: 1703.105 ms
(12 rows)

SET
SET
SET
SET
SET
                                             QUERY PLAN                                             
----------------------------------------------------------------------------------------------------
 Index Scan using idx on public.t (actual rows=8048576.00 loops=1)
   Output: a, b
   Index Cond: ((t.a >= 16739) AND (t.a <= 8065314))
   Index Searches: 1
   Buffers: shared hit=7967347
 Settings: enable_bitmapscan = 'off', enable_seqscan = 'off', max_parallel_workers_per_gather = '0'
 Planning:
   Buffers: shared hit=110
 Planning Time: 0.238 ms
 Execution Time: 1205.639 ms
(10 rows)

