SET
SET
SET
SET
SET
                                                                          QUERY PLAN                                                                          
--------------------------------------------------------------------------------------------------------------------------------------------------------------
 Index Scan using idx on public.t (actual rows=5048576.00 loops=1)
   Output: a, b
   Index Cond: ((t.a >= 20831) AND (t.a <= 5069406))
   Index Searches: 1
   Prefetch: distance=126.944 count=333234 stalls=4650661 skipped=64701 resets=0 ungets=51 forwarded=10
             histogram [2,4) => 152017, [4,8) => 1316, [8,16) => 16, [16,32) => 28, [32,64) => 286, [64,128) => 1998, [128,256) => 126076, [256,512) => 51497
   Buffers: shared hit=4904913 read=92762
 Settings: enable_bitmapscan = 'off', enable_seqscan = 'off', max_parallel_workers_per_gather = '0'
 Planning:
   Buffers: shared hit=78 read=27
 Planning Time: 2.052 ms
 Execution Time: 1156.706 ms
(12 rows)

SET
SET
SET
SET
SET
                                             QUERY PLAN                                             
----------------------------------------------------------------------------------------------------
 Index Scan using idx on public.t (actual rows=5048576.00 loops=1)
   Output: a, b
   Index Cond: ((t.a >= 20831) AND (t.a <= 5069406))
   Index Searches: 1
   Buffers: shared hit=4997675
 Settings: enable_bitmapscan = 'off', enable_seqscan = 'off', max_parallel_workers_per_gather = '0'
 Planning:
   Buffers: shared hit=110
 Planning Time: 0.197 ms
 Execution Time: 770.337 ms
(10 rows)

