SET
SET
SET
SET
SET
                                                                        QUERY PLAN                                                                        
----------------------------------------------------------------------------------------------------------------------------------------------------------
 Index Scan using idx on public.t (actual rows=262144.00 loops=1)
   Output: a, b
   Index Cond: ((t.a >= 8381) AND (t.a <= 270524))
   Index Searches: 1
   Prefetch: distance=230.835 count=194318 stalls=64505 skipped=3338 resets=0 ungets=54 forwarded=5
             histogram [2,4) => 2112, [4,8) => 38, [8,16) => 14, [16,32) => 34, [32,64) => 272, [64,128) => 2013, [128,256) => 135203, [256,512) => 54632
   Buffers: shared hit=254632 read=4896
 Settings: enable_bitmapscan = 'off', enable_seqscan = 'off', max_parallel_workers_per_gather = '0'
 Planning:
   Buffers: shared hit=78 read=27
 Planning Time: 2.013 ms
 Execution Time: 85.113 ms
(12 rows)

SET
SET
SET
SET
SET
                                             QUERY PLAN                                             
----------------------------------------------------------------------------------------------------
 Index Scan using idx on public.t (actual rows=262144.00 loops=1)
   Output: a, b
   Index Cond: ((t.a >= 8381) AND (t.a <= 270524))
   Index Searches: 1
   Buffers: shared hit=259528
 Settings: enable_bitmapscan = 'off', enable_seqscan = 'off', max_parallel_workers_per_gather = '0'
 Planning:
   Buffers: shared hit=110
 Planning Time: 0.216 ms
 Execution Time: 37.481 ms
(10 rows)

