SET
SET
SET
SET
SET
                                                                    QUERY PLAN                                                                    
--------------------------------------------------------------------------------------------------------------------------------------------------
 Index Scan using idx on public.t (actual rows=65536.00 loops=1)
   Output: a, b
   Index Cond: ((t.a >= 28527) AND (t.a <= 94062))
   Index Searches: 1
   Prefetch: distance=232.658 count=64740 stalls=1 skipped=839 resets=0 ungets=65 forwarded=2
             histogram [2,4) => 6, [4,8) => 5, [8,16) => 5, [16,32) => 17, [32,64) => 12, [64,128) => 758, [128,256) => 45757, [256,512) => 18180
   Buffers: shared hit=63597 read=1285
 Settings: enable_bitmapscan = 'off', enable_seqscan = 'off', max_parallel_workers_per_gather = '0'
 Planning:
   Buffers: shared hit=82 read=27
 Planning Time: 2.023 ms
 Execution Time: 20.072 ms
(12 rows)

SET
SET
SET
SET
SET
                                             QUERY PLAN                                             
----------------------------------------------------------------------------------------------------
 Index Scan using idx on public.t (actual rows=65536.00 loops=1)
   Output: a, b
   Index Cond: ((t.a >= 28527) AND (t.a <= 94062))
   Index Searches: 1
   Buffers: shared hit=64882
 Settings: enable_bitmapscan = 'off', enable_seqscan = 'off', max_parallel_workers_per_gather = '0'
 Planning:
   Buffers: shared hit=114
 Planning Time: 0.211 ms
 Execution Time: 9.018 ms
(10 rows)

