SET
SET
SET
SET
SET
                                                                    QUERY PLAN                                                                     
---------------------------------------------------------------------------------------------------------------------------------------------------
 Index Scan using idx on public.t (actual rows=131072.00 loops=1)
   Output: a, b
   Index Cond: ((t.a >= 13885) AND (t.a <= 144956))
   Index Searches: 1
   Prefetch: distance=233.345 count=129430 stalls=1 skipped=1665 resets=0 ungets=47 forwarded=3
             histogram [2,4) => 2, [4,8) => 6, [8,16) => 9, [16,32) => 11, [32,64) => 20, [64,128) => 1348, [128,256) => 91360, [256,512) => 36674
   Buffers: shared hit=127279 read=2492
 Settings: enable_bitmapscan = 'off', enable_seqscan = 'off', max_parallel_workers_per_gather = '0'
 Planning:
   Buffers: shared hit=78 read=27
 Planning Time: 2.053 ms
 Execution Time: 39.551 ms
(12 rows)

SET
SET
SET
SET
SET
                                             QUERY PLAN                                             
----------------------------------------------------------------------------------------------------
 Index Scan using idx on public.t (actual rows=131072.00 loops=1)
   Output: a, b
   Index Cond: ((t.a >= 13885) AND (t.a <= 144956))
   Index Searches: 1
   Buffers: shared hit=129771
 Settings: enable_bitmapscan = 'off', enable_seqscan = 'off', max_parallel_workers_per_gather = '0'
 Planning:
   Buffers: shared hit=110
 Planning Time: 0.177 ms
 Execution Time: 16.937 ms
(10 rows)

