SET
SET
SET
SET
SET
                                                                   QUERY PLAN                                                                    
-------------------------------------------------------------------------------------------------------------------------------------------------
 Index Scan using idx on public.t (actual rows=65536.00 loops=1)
   Output: a, b
   Index Cond: ((t.a >= 27788) AND (t.a <= 93323))
   Index Searches: 1
   Prefetch: distance=232.966 count=64721 stalls=1 skipped=842 resets=0 ungets=56 forwarded=1
             histogram [2,4) => 2, [4,8) => 7, [8,16) => 5, [16,32) => 18, [32,64) => 6, [64,128) => 704, [128,256) => 45622, [256,512) => 18357
   Buffers: shared hit=63591 read=1288
 Settings: enable_bitmapscan = 'off', enable_seqscan = 'off', max_parallel_workers_per_gather = '0'
 Planning:
   Buffers: shared hit=82 read=27
 Planning Time: 2.022 ms
 Execution Time: 19.382 ms
(12 rows)

SET
SET
SET
SET
SET
                                             QUERY PLAN                                             
----------------------------------------------------------------------------------------------------
 Index Scan using idx on public.t (actual rows=65536.00 loops=1)
   Output: a, b
   Index Cond: ((t.a >= 27788) AND (t.a <= 93323))
   Index Searches: 1
   Buffers: shared hit=64879
 Settings: enable_bitmapscan = 'off', enable_seqscan = 'off', max_parallel_workers_per_gather = '0'
 Planning:
   Buffers: shared hit=114
 Planning Time: 0.195 ms
 Execution Time: 9.115 ms
(10 rows)

