SET
SET
SET
SET
SET
                                             QUERY PLAN                                             
----------------------------------------------------------------------------------------------------
 Index Scan using idx on public.t (actual rows=4096.00 loops=1)
   Output: a, b
   Index Cond: ((t.a >= 24269) AND (t.a <= 28364))
   Index Searches: 1
   Prefetch: distance=2.020 count=148 stalls=3655 skipped=40 resets=0 ungets=0 forwarded=0
             histogram [2,4) => 147, [4,8) => 1
   Buffers: shared hit=3912 read=160
 Settings: enable_bitmapscan = 'off', enable_seqscan = 'off', max_parallel_workers_per_gather = '0'
 Planning:
   Buffers: shared hit=82 read=27
 Planning Time: 1.506 ms
 Execution Time: 7.153 ms
(12 rows)

SET
SET
SET
SET
SET
                                             QUERY PLAN                                             
----------------------------------------------------------------------------------------------------
 Index Scan using idx on public.t (actual rows=4096.00 loops=1)
   Output: a, b
   Index Cond: ((t.a >= 24269) AND (t.a <= 28364))
   Index Searches: 1
   Buffers: shared hit=4072
 Settings: enable_bitmapscan = 'off', enable_seqscan = 'off', max_parallel_workers_per_gather = '0'
 Planning:
   Buffers: shared hit=114
 Planning Time: 0.135 ms
 Execution Time: 0.448 ms
(10 rows)

