SET
SET
SET
SET
SET
                                                                   QUERY PLAN                                                                    
-------------------------------------------------------------------------------------------------------------------------------------------------
 Index Scan using idx on public.t (actual rows=8192.00 loops=1)
   Output: a, b
   Index Cond: ((t.a >= 12376) AND (t.a <= 20567))
   Index Searches: 1
   Prefetch: distance=229.052 count=8032 stalls=3 skipped=119 resets=0 ungets=30 forwarded=0
             histogram [2,4) => 4, [4,8) => 19, [8,16) => 9, [16,32) => 19, [32,64) => 29, [64,128) => 185, [128,256) => 5302, [256,512) => 2465
   Buffers: shared hit=7867 read=234
 Settings: enable_bitmapscan = 'off', enable_seqscan = 'off', max_parallel_workers_per_gather = '0'
 Planning:
   Buffers: shared hit=82 read=27
 Planning Time: 2.044 ms
 Execution Time: 7.078 ms
(12 rows)

SET
SET
SET
SET
SET
                                             QUERY PLAN                                             
----------------------------------------------------------------------------------------------------
 Index Scan using idx on public.t (actual rows=8192.00 loops=1)
   Output: a, b
   Index Cond: ((t.a >= 12376) AND (t.a <= 20567))
   Index Searches: 1
   Buffers: shared hit=8101
 Settings: enable_bitmapscan = 'off', enable_seqscan = 'off', max_parallel_workers_per_gather = '0'
 Planning:
   Buffers: shared hit=114
 Planning Time: 0.158 ms
 Execution Time: 0.838 ms
(10 rows)

