SET
SET
SET
SET
SET
                                                               QUERY PLAN                                                                
-----------------------------------------------------------------------------------------------------------------------------------------
 Index Scan using idx on public.t (actual rows=128.00 loops=1)
   Output: a, b
   Index Cond: ((t.a >= 20120) AND (t.a <= 20247))
   Index Searches: 1
   Prefetch: distance=221.516 count=159 stalls=1 skipped=3 resets=0 ungets=45 forwarded=1
             histogram [2,4) => 4, [4,8) => 4, [8,16) => 5, [16,32) => 10, [32,64) => 5, [64,128) => 2, [128,256) => 2, [256,512) => 127
   Buffers: shared hit=65 read=67
 Settings: enable_bitmapscan = 'off', enable_seqscan = 'off', max_parallel_workers_per_gather = '0'
 Planning:
   Buffers: shared hit=82 read=27
 Planning Time: 1.322 ms
 Execution Time: 2.156 ms
(12 rows)

SET
SET
SET
SET
SET
                                             QUERY PLAN                                             
----------------------------------------------------------------------------------------------------
 Index Scan using idx on public.t (actual rows=128.00 loops=1)
   Output: a, b
   Index Cond: ((t.a >= 20120) AND (t.a <= 20247))
   Index Searches: 1
   Buffers: shared hit=132
 Settings: enable_bitmapscan = 'off', enable_seqscan = 'off', max_parallel_workers_per_gather = '0'
 Planning:
   Buffers: shared hit=114
 Planning Time: 0.209 ms
 Execution Time: 0.116 ms
(10 rows)

