SET
SET
SET
SET
SET
                                                                     QUERY PLAN                                                                      
-----------------------------------------------------------------------------------------------------------------------------------------------------
 Index Scan Backward using idx on public.t (actual rows=3048576.00 loops=1)
   Output: a, b
   Index Cond: ((t.a >= 8322) AND (t.a <= 770465))
   Index Searches: 1
   Prefetch: distance=262.830 count=3272061 stalls=1 skipped=45559 resets=0 ungets=269200 forwarded=4
             histogram [2,4) => 2, [4,8) => 7, [8,16) => 13, [16,32) => 21, [32,64) => 28, [64,128) => 54, [128,256) => 598115, [256,512) => 2673821
   Buffers: shared hit=2857757 read=149827
 Settings: enable_bitmapscan = 'off', enable_seqscan = 'off', max_parallel_workers_per_gather = '0'
 Planning:
   Buffers: shared hit=78 read=26
 Planning Time: 2.036 ms
 Execution Time: 1378.428 ms
(12 rows)

SET
SET
SET
SET
SET
                                             QUERY PLAN                                             
----------------------------------------------------------------------------------------------------
 Index Scan Backward using idx on public.t (actual rows=3048576.00 loops=1)
   Output: a, b
   Index Cond: ((t.a >= 8322) AND (t.a <= 770465))
   Index Searches: 1
   Buffers: shared hit=3007584
 Settings: enable_bitmapscan = 'off', enable_seqscan = 'off', max_parallel_workers_per_gather = '0'
 Planning:
   Buffers: shared hit=109
 Planning Time: 0.193 ms
 Execution Time: 483.501 ms
(10 rows)

