SET
SET
SET
SET
SET
                                                                        QUERY PLAN                                                                        
----------------------------------------------------------------------------------------------------------------------------------------------------------
 Index Scan using idx on public.t (actual rows=262144.00 loops=1)
   Output: a, b
   Index Cond: ((t.a >= 7258) AND (t.a <= 269401))
   Index Searches: 1
   Prefetch: distance=230.357 count=195350 stalls=63437 skipped=3328 resets=0 ungets=33 forwarded=5
             histogram [2,4) => 2076, [4,8) => 36, [8,16) => 19, [16,32) => 31, [32,64) => 294, [64,128) => 2273, [128,256) => 136406, [256,512) => 54215
   Buffers: shared hit=254643 read=4895
 Settings: enable_bitmapscan = 'off', enable_seqscan = 'off', max_parallel_workers_per_gather = '0'
 Planning:
   Buffers: shared hit=78 read=27
 Planning Time: 1.994 ms
 Execution Time: 69.659 ms
(12 rows)

SET
SET
SET
SET
SET
                                             QUERY PLAN                                             
----------------------------------------------------------------------------------------------------
 Index Scan using idx on public.t (actual rows=262144.00 loops=1)
   Output: a, b
   Index Cond: ((t.a >= 7258) AND (t.a <= 269401))
   Index Searches: 1
   Buffers: shared hit=259538
 Settings: enable_bitmapscan = 'off', enable_seqscan = 'off', max_parallel_workers_per_gather = '0'
 Planning:
   Buffers: shared hit=110
 Planning Time: 0.183 ms
 Execution Time: 31.969 ms
(10 rows)

