SET
SET
SET
SET
SET
                                                                    QUERY PLAN                                                                    
--------------------------------------------------------------------------------------------------------------------------------------------------
 Index Scan using idx on public.t (actual rows=65536.00 loops=1)
   Output: a, b
   Index Cond: ((t.a >= 25920) AND (t.a <= 91455))
   Index Searches: 1
   Prefetch: distance=233.300 count=64661 stalls=4 skipped=850 resets=0 ungets=45 forwarded=2
             histogram [2,4) => 4, [4,8) => 3, [8,16) => 9, [16,32) => 10, [32,64) => 19, [64,128) => 726, [128,256) => 45283, [256,512) => 18607
   Buffers: shared hit=63586 read=1284
 Settings: enable_bitmapscan = 'off', enable_seqscan = 'off', max_parallel_workers_per_gather = '0'
 Planning:
   Buffers: shared hit=82 read=27
 Planning Time: 2.005 ms
 Execution Time: 23.689 ms
(12 rows)

SET
SET
SET
SET
SET
                                             QUERY PLAN                                             
----------------------------------------------------------------------------------------------------
 Index Scan using idx on public.t (actual rows=65536.00 loops=1)
   Output: a, b
   Index Cond: ((t.a >= 25920) AND (t.a <= 91455))
   Index Searches: 1
   Buffers: shared hit=64870
 Settings: enable_bitmapscan = 'off', enable_seqscan = 'off', max_parallel_workers_per_gather = '0'
 Planning:
   Buffers: shared hit=114
 Planning Time: 0.202 ms
 Execution Time: 7.593 ms
(10 rows)

