SET
SET
SET
SET
SET
                                             QUERY PLAN                                             
----------------------------------------------------------------------------------------------------
 Index Scan using idx on public.t (actual rows=4096.00 loops=1)
   Output: a, b
   Index Cond: ((t.a >= 30172) AND (t.a <= 34267))
   Index Searches: 1
   Prefetch: distance=2.023 count=129 stalls=3705 skipped=56 resets=0 ungets=0 forwarded=0
             histogram [2,4) => 128, [4,8) => 1
   Buffers: shared hit=3899 read=157
 Settings: enable_bitmapscan = 'off', enable_seqscan = 'off', max_parallel_workers_per_gather = '0'
 Planning:
   Buffers: shared hit=82 read=27
 Planning Time: 2.113 ms
 Execution Time: 7.639 ms
(12 rows)

SET
SET
SET
SET
SET
                                             QUERY PLAN                                             
----------------------------------------------------------------------------------------------------
 Index Scan using idx on public.t (actual rows=4096.00 loops=1)
   Output: a, b
   Index Cond: ((t.a >= 30172) AND (t.a <= 34267))
   Index Searches: 1
   Buffers: shared hit=4056
 Settings: enable_bitmapscan = 'off', enable_seqscan = 'off', max_parallel_workers_per_gather = '0'
 Planning:
   Buffers: shared hit=114
 Planning Time: 0.219 ms
 Execution Time: 0.813 ms
(10 rows)

