SET
SET
SET
SET
SET
                                                                    QUERY PLAN                                                                     
---------------------------------------------------------------------------------------------------------------------------------------------------
 Index Scan using idx on public.t (actual rows=131072.00 loops=1)
   Output: a, b
   Index Cond: ((t.a >= 16457) AND (t.a <= 147528))
   Index Searches: 1
   Prefetch: distance=233.750 count=129484 stalls=1 skipped=1653 resets=0 ungets=79 forwarded=4
             histogram [2,4) => 4, [4,8) => 7, [8,16) => 5, [16,32) => 12, [32,64) => 15, [64,128) => 1314, [128,256) => 90669, [256,512) => 37458
   Buffers: shared hit=127290 read=2491
 Settings: enable_bitmapscan = 'off', enable_seqscan = 'off', max_parallel_workers_per_gather = '0'
 Planning:
   Buffers: shared hit=78 read=27
 Planning Time: 2.011 ms
 Execution Time: 42.874 ms
(12 rows)

SET
SET
SET
SET
SET
                                             QUERY PLAN                                             
----------------------------------------------------------------------------------------------------
 Index Scan using idx on public.t (actual rows=131072.00 loops=1)
   Output: a, b
   Index Cond: ((t.a >= 16457) AND (t.a <= 147528))
   Index Searches: 1
   Buffers: shared hit=129782
 Settings: enable_bitmapscan = 'off', enable_seqscan = 'off', max_parallel_workers_per_gather = '0'
 Planning:
   Buffers: shared hit=110
 Planning Time: 0.205 ms
 Execution Time: 19.194 ms
(10 rows)

