SET
SET
SET
SET
SET
                                                                  QUERY PLAN                                                                  
----------------------------------------------------------------------------------------------------------------------------------------------
 Index Scan Backward using idx on public.t (actual rows=16384.00 loops=1)
   Output: a, b
   Index Cond: ((t.a >= 2702) AND (t.a <= 19085))
   Index Searches: 1
   Prefetch: distance=248.178 count=16136 stalls=1 skipped=238 resets=0 ungets=43 forwarded=3
             histogram [2,4) => 2, [4,8) => 3, [8,16) => 9, [16,32) => 9, [32,64) => 13, [64,128) => 25, [128,256) => 8439, [256,512) => 7636
   Buffers: shared hit=15815 read=381
 Settings: enable_bitmapscan = 'off', enable_seqscan = 'off', max_parallel_workers_per_gather = '0'
 Planning:
   Buffers: shared hit=86 read=27
 Planning Time: 2.033 ms
 Execution Time: 13.204 ms
(12 rows)

SET
SET
SET
SET
SET
                                             QUERY PLAN                                             
----------------------------------------------------------------------------------------------------
 Index Scan Backward using idx on public.t (actual rows=16384.00 loops=1)
   Output: a, b
   Index Cond: ((t.a >= 2702) AND (t.a <= 19085))
   Index Searches: 1
   Buffers: shared hit=16196
 Settings: enable_bitmapscan = 'off', enable_seqscan = 'off', max_parallel_workers_per_gather = '0'
 Planning:
   Buffers: shared hit=118
 Planning Time: 0.184 ms
 Execution Time: 1.960 ms
(10 rows)

