SET
SET
SET
SET
SET
                                                                   QUERY PLAN                                                                    
-------------------------------------------------------------------------------------------------------------------------------------------------
 Index Scan Backward using idx on public.t (actual rows=4096.00 loops=1)
   Output: a, b
   Index Cond: ((t.a >= 12442) AND (t.a <= 16537))
   Index Searches: 1
   Prefetch: distance=245.032 count=4007 stalls=1 skipped=61 resets=0 ungets=39 forwarded=1
             histogram [2,4) => 10, [4,8) => 19, [8,16) => 8, [16,32) => 20, [32,64) => 16, [64,128) => 12, [128,256) => 1894, [256,512) => 2028
   Buffers: shared hit=3889 read=162
 Settings: enable_bitmapscan = 'off', enable_seqscan = 'off', max_parallel_workers_per_gather = '0'
 Planning:
   Buffers: shared hit=86 read=27
 Planning Time: 2.061 ms
 Execution Time: 6.404 ms
(12 rows)

SET
SET
SET
SET
SET
                                             QUERY PLAN                                             
----------------------------------------------------------------------------------------------------
 Index Scan Backward using idx on public.t (actual rows=4096.00 loops=1)
   Output: a, b
   Index Cond: ((t.a >= 12442) AND (t.a <= 16537))
   Index Searches: 1
   Buffers: shared hit=4051
 Settings: enable_bitmapscan = 'off', enable_seqscan = 'off', max_parallel_workers_per_gather = '0'
 Planning:
   Buffers: shared hit=118
 Planning Time: 0.166 ms
 Execution Time: 0.491 ms
(10 rows)

