SET
SET
SET
SET
SET
                                                                           QUERY PLAN                                                                            
-----------------------------------------------------------------------------------------------------------------------------------------------------------------
 Index Scan Backward using idx on public.t (actual rows=7048576.00 loops=1)
   Output: a, b
   Index Cond: ((t.a >= 227) AND (t.a <= 7048802))
   Index Searches: 1
   Prefetch: distance=235.227 count=2911079 stalls=4047930 skipped=90260 resets=0 ungets=700 forwarded=255
             histogram [2,4) => 132261, [4,8) => 1072, [8,16) => 18, [16,32) => 40, [32,64) => 354, [64,128) => 5659, [128,256) => 1551503, [256,512) => 1220172
   Buffers: shared hit=6848143 read=129438
 Settings: enable_bitmapscan = 'off', enable_seqscan = 'off', max_parallel_workers_per_gather = '0'
 Planning:
   Buffers: shared hit=82 read=27
 Planning Time: 2.056 ms
 Execution Time: 7122.572 ms
(12 rows)

SET
SET
SET
SET
SET
                                             QUERY PLAN                                             
----------------------------------------------------------------------------------------------------
 Index Scan Backward using idx on public.t (actual rows=7048576.00 loops=1)
   Output: a, b
   Index Cond: ((t.a >= 227) AND (t.a <= 7048802))
   Index Searches: 1
   Buffers: shared hit=6977581
 Settings: enable_bitmapscan = 'off', enable_seqscan = 'off', max_parallel_workers_per_gather = '0'
 Planning:
   Buffers: shared hit=114
 Planning Time: 0.237 ms
 Execution Time: 1052.599 ms
(10 rows)

