SET
SET
SET
SET
SET
                                             QUERY PLAN                                             
----------------------------------------------------------------------------------------------------
 Index Scan Backward using idx on public.t (actual rows=512.00 loops=1)
   Output: a, b
   Index Cond: ((t.a >= 28937) AND (t.a <= 29448))
   Index Searches: 1
   Prefetch: distance=2.275 count=51 stalls=290 skipped=4 resets=0 ungets=0 forwarded=0
             histogram [2,4) => 46, [4,8) => 5
   Buffers: shared hit=421 read=93
 Settings: enable_bitmapscan = 'off', enable_seqscan = 'off', max_parallel_workers_per_gather = '0'
 Planning:
   Buffers: shared hit=86 read=27
 Planning Time: 2.010 ms
 Execution Time: 5.573 ms
(12 rows)

SET
SET
SET
SET
SET
                                             QUERY PLAN                                             
----------------------------------------------------------------------------------------------------
 Index Scan Backward using idx on public.t (actual rows=512.00 loops=1)
   Output: a, b
   Index Cond: ((t.a >= 28937) AND (t.a <= 29448))
   Index Searches: 1
   Buffers: shared hit=514
 Settings: enable_bitmapscan = 'off', enable_seqscan = 'off', max_parallel_workers_per_gather = '0'
 Planning:
   Buffers: shared hit=118
 Planning Time: 0.209 ms
 Execution Time: 0.217 ms
(10 rows)

