SET
SET
SET
SET
SET
                                                                  QUERY PLAN                                                                   
-----------------------------------------------------------------------------------------------------------------------------------------------
 Index Scan Backward using idx on public.t (actual rows=4096.00 loops=1)
   Output: a, b
   Index Cond: ((t.a >= 17567) AND (t.a <= 21662))
   Index Searches: 1
   Prefetch: distance=246.548 count=4006 stalls=7 skipped=55 resets=0 ungets=39 forwarded=1
             histogram [2,4) => 6, [4,8) => 7, [8,16) => 12, [16,32) => 24, [32,64) => 13, [64,128) => 2, [128,256) => 1901, [256,512) => 2041
   Buffers: shared hit=3901 read=158
 Settings: enable_bitmapscan = 'off', enable_seqscan = 'off', max_parallel_workers_per_gather = '0'
 Planning:
   Buffers: shared hit=86 read=27
 Planning Time: 2.037 ms
 Execution Time: 6.949 ms
(12 rows)

SET
SET
SET
SET
SET
                                             QUERY PLAN                                             
----------------------------------------------------------------------------------------------------
 Index Scan Backward using idx on public.t (actual rows=4096.00 loops=1)
   Output: a, b
   Index Cond: ((t.a >= 17567) AND (t.a <= 21662))
   Index Searches: 1
   Buffers: shared hit=4059
 Settings: enable_bitmapscan = 'off', enable_seqscan = 'off', max_parallel_workers_per_gather = '0'
 Planning:
   Buffers: shared hit=118
 Planning Time: 0.212 ms
 Execution Time: 0.770 ms
(10 rows)

