SET
SET
SET
SET
SET
                                                                          QUERY PLAN                                                                           
---------------------------------------------------------------------------------------------------------------------------------------------------------------
 Index Scan Backward using idx on public.t (actual rows=5048576.00 loops=1)
   Output: a, b
   Index Cond: ((t.a >= 17608) AND (t.a <= 5066183))
   Index Searches: 1
   Prefetch: distance=211.962 count=952800 stalls=4031289 skipped=64714 resets=0 ungets=237 forwarded=68
             histogram [2,4) => 131793, [4,8) => 1073, [8,16) => 18, [16,32) => 22, [32,64) => 137, [64,128) => 2192, [128,256) => 460824, [256,512) => 356741
   Buffers: shared hit=4904899 read=92763
 Settings: enable_bitmapscan = 'off', enable_seqscan = 'off', max_parallel_workers_per_gather = '0'
 Planning:
   Buffers: shared hit=82 read=27
 Planning Time: 2.043 ms
 Execution Time: 5946.302 ms
(12 rows)

SET
SET
SET
SET
SET
                                             QUERY PLAN                                             
----------------------------------------------------------------------------------------------------
 Index Scan Backward using idx on public.t (actual rows=5048576.00 loops=1)
   Output: a, b
   Index Cond: ((t.a >= 17608) AND (t.a <= 5066183))
   Index Searches: 1
   Buffers: shared hit=4997662
 Settings: enable_bitmapscan = 'off', enable_seqscan = 'off', max_parallel_workers_per_gather = '0'
 Planning:
   Buffers: shared hit=114
 Planning Time: 0.230 ms
 Execution Time: 750.056 ms
(10 rows)

