SET
SET
SET
SET
SET
                                                                         QUERY PLAN                                                                          
-------------------------------------------------------------------------------------------------------------------------------------------------------------
 Index Scan Backward using idx on public.t (actual rows=2048576.00 loops=1)
   Output: a, b
   Index Cond: ((t.a >= 8049) AND (t.a <= 2056624))
   Index Searches: 1
   Prefetch: distance=238.132 count=991017 stalls=1031343 skipped=26386 resets=0 ungets=239 forwarded=116
             histogram [2,4) => 33715, [4,8) => 267, [8,16) => 16, [16,32) => 73, [32,64) => 345, [64,128) => 2198, [128,256) => 531485, [256,512) => 422918
   Buffers: shared hit=1990105 read=37689
 Settings: enable_bitmapscan = 'off', enable_seqscan = 'off', max_parallel_workers_per_gather = '0'
 Planning:
   Buffers: shared hit=82 read=27
 Planning Time: 2.100 ms
 Execution Time: 1959.840 ms
(12 rows)

SET
SET
SET
SET
SET
                                             QUERY PLAN                                             
----------------------------------------------------------------------------------------------------
 Index Scan Backward using idx on public.t (actual rows=2048576.00 loops=1)
   Output: a, b
   Index Cond: ((t.a >= 8049) AND (t.a <= 2056624))
   Index Searches: 1
   Buffers: shared hit=2027794
 Settings: enable_bitmapscan = 'off', enable_seqscan = 'off', max_parallel_workers_per_gather = '0'
 Planning:
   Buffers: shared hit=114
 Planning Time: 0.195 ms
 Execution Time: 303.228 ms
(10 rows)

