SET
SET
SET
SET
SET
                                             QUERY PLAN                                             
----------------------------------------------------------------------------------------------------
 Index Scan Backward using idx on public.t (actual rows=1024.00 loops=1)
   Output: a, b
   Index Cond: ((t.a >= 16875) AND (t.a <= 17898))
   Index Searches: 1
   Prefetch: distance=2.000 count=24 stalls=663 skipped=8 resets=0 ungets=0 forwarded=0
             histogram [2,4) => 24
   Buffers: shared hit=919 read=97
 Settings: enable_bitmapscan = 'off', enable_seqscan = 'off', max_parallel_workers_per_gather = '0'
 Planning:
   Buffers: shared hit=86 read=27
 Planning Time: 1.512 ms
 Execution Time: 6.158 ms
(12 rows)

SET
SET
SET
SET
SET
                                             QUERY PLAN                                             
----------------------------------------------------------------------------------------------------
 Index Scan Backward using idx on public.t (actual rows=1024.00 loops=1)
   Output: a, b
   Index Cond: ((t.a >= 16875) AND (t.a <= 17898))
   Index Searches: 1
   Buffers: shared hit=1016
 Settings: enable_bitmapscan = 'off', enable_seqscan = 'off', max_parallel_workers_per_gather = '0'
 Planning:
   Buffers: shared hit=118
 Planning Time: 0.196 ms
 Execution Time: 0.281 ms
(10 rows)

