SET
SET
SET
SET
SET
                                                                 QUERY PLAN                                                                  
---------------------------------------------------------------------------------------------------------------------------------------------
 Index Scan Backward using idx on public.t (actual rows=512.00 loops=1)
   Output: a, b
   Index Cond: ((t.a >= 31409) AND (t.a <= 31920))
   Index Searches: 1
   Prefetch: distance=216.262 count=455 stalls=2 skipped=4 resets=0 ungets=26 forwarded=0
             histogram [2,4) => 2, [4,8) => 8, [8,16) => 12, [16,32) => 14, [32,64) => 28, [64,128) => 27, [128,256) => 81, [256,512) => 283
   Buffers: shared hit=423 read=93
 Settings: enable_bitmapscan = 'off', enable_seqscan = 'off', max_parallel_workers_per_gather = '0'
 Planning:
   Buffers: shared hit=86 read=27
 Planning Time: 1.511 ms
 Execution Time: 4.057 ms
(12 rows)

SET
SET
SET
SET
SET
                                             QUERY PLAN                                             
----------------------------------------------------------------------------------------------------
 Index Scan Backward using idx on public.t (actual rows=512.00 loops=1)
   Output: a, b
   Index Cond: ((t.a >= 31409) AND (t.a <= 31920))
   Index Searches: 1
   Buffers: shared hit=516
 Settings: enable_bitmapscan = 'off', enable_seqscan = 'off', max_parallel_workers_per_gather = '0'
 Planning:
   Buffers: shared hit=118
 Planning Time: 0.196 ms
 Execution Time: 0.199 ms
(10 rows)

