SET
SET
SET
SET
SET
                                             QUERY PLAN                                             
----------------------------------------------------------------------------------------------------
 Index Scan Backward using idx on public.t (actual rows=4096.00 loops=1)
   Output: a, b
   Index Cond: ((t.a >= 14764) AND (t.a <= 18859))
   Index Searches: 1
   Prefetch: distance=2.058 count=155 stalls=3687 skipped=62 resets=0 ungets=0 forwarded=0
             histogram [2,4) => 152, [4,8) => 3
   Buffers: shared hit=3890 read=160
 Settings: enable_bitmapscan = 'off', enable_seqscan = 'off', max_parallel_workers_per_gather = '0'
 Planning:
   Buffers: shared hit=86 read=27
 Planning Time: 1.985 ms
 Execution Time: 11.255 ms
(12 rows)

SET
SET
SET
SET
SET
                                             QUERY PLAN                                             
----------------------------------------------------------------------------------------------------
 Index Scan Backward using idx on public.t (actual rows=4096.00 loops=1)
   Output: a, b
   Index Cond: ((t.a >= 14764) AND (t.a <= 18859))
   Index Searches: 1
   Buffers: shared hit=4050
 Settings: enable_bitmapscan = 'off', enable_seqscan = 'off', max_parallel_workers_per_gather = '0'
 Planning:
   Buffers: shared hit=118
 Planning Time: 0.189 ms
 Execution Time: 0.754 ms
(10 rows)

