SET
SET
SET
SET
SET
                                                                   QUERY PLAN                                                                   
------------------------------------------------------------------------------------------------------------------------------------------------
 Index Scan Backward using idx on public.t (actual rows=8192.00 loops=1)
   Output: a, b
   Index Cond: ((t.a >= 32134) AND (t.a <= 40325))
   Index Searches: 1
   Prefetch: distance=245.834 count=8056 stalls=3 skipped=105 resets=0 ungets=36 forwarded=1
             histogram [2,4) => 2, [4,8) => 15, [8,16) => 14, [16,32) => 16, [32,64) => 15, [64,128) => 4, [128,256) => 4381, [256,512) => 3609
   Buffers: shared hit=7881 read=235
 Settings: enable_bitmapscan = 'off', enable_seqscan = 'off', max_parallel_workers_per_gather = '0'
 Planning:
   Buffers: shared hit=86 read=27
 Planning Time: 2.018 ms
 Execution Time: 8.846 ms
(12 rows)

SET
SET
SET
SET
SET
                                             QUERY PLAN                                             
----------------------------------------------------------------------------------------------------
 Index Scan Backward using idx on public.t (actual rows=8192.00 loops=1)
   Output: a, b
   Index Cond: ((t.a >= 32134) AND (t.a <= 40325))
   Index Searches: 1
   Buffers: shared hit=8116
 Settings: enable_bitmapscan = 'off', enable_seqscan = 'off', max_parallel_workers_per_gather = '0'
 Planning:
   Buffers: shared hit=118
 Planning Time: 0.180 ms
 Execution Time: 0.847 ms
(10 rows)

