SET
SET
SET
SET
SET
                                                                    QUERY PLAN                                                                    
--------------------------------------------------------------------------------------------------------------------------------------------------
 Index Scan Backward using idx on public.t (actual rows=65536.00 loops=1)
   Output: a, b
   Index Cond: ((t.a >= 21958) AND (t.a <= 87493))
   Index Searches: 1
   Prefetch: distance=246.405 count=64737 stalls=1 skipped=853 resets=0 ungets=73 forwarded=13
             histogram [2,4) => 4, [4,8) => 5, [8,16) => 10, [16,32) => 13, [32,64) => 7, [64,128) => 142, [128,256) => 36092, [256,512) => 28464
   Buffers: shared hit=63581 read=1288
 Settings: enable_bitmapscan = 'off', enable_seqscan = 'off', max_parallel_workers_per_gather = '0'
 Planning:
   Buffers: shared hit=86 read=27
 Planning Time: 2.011 ms
 Execution Time: 42.052 ms
(12 rows)

SET
SET
SET
SET
SET
                                             QUERY PLAN                                             
----------------------------------------------------------------------------------------------------
 Index Scan Backward using idx on public.t (actual rows=65536.00 loops=1)
   Output: a, b
   Index Cond: ((t.a >= 21958) AND (t.a <= 87493))
   Index Searches: 1
   Buffers: shared hit=64869
 Settings: enable_bitmapscan = 'off', enable_seqscan = 'off', max_parallel_workers_per_gather = '0'
 Planning:
   Buffers: shared hit=118
 Planning Time: 0.177 ms
 Execution Time: 7.951 ms
(10 rows)

