SET
SET
SET
SET
SET
                                             QUERY PLAN                                             
----------------------------------------------------------------------------------------------------
 Index Scan Backward using idx on public.t (actual rows=512.00 loops=1)
   Output: a, b
   Index Cond: ((t.a >= 31120) AND (t.a <= 31631))
   Index Searches: 1
   Prefetch: distance=2.000 count=44 stalls=312 skipped=2 resets=0 ungets=0 forwarded=0
             histogram [2,4) => 44
   Buffers: shared hit=423 read=91
 Settings: enable_bitmapscan = 'off', enable_seqscan = 'off', max_parallel_workers_per_gather = '0'
 Planning:
   Buffers: shared hit=86 read=27
 Planning Time: 2.020 ms
 Execution Time: 6.332 ms
(12 rows)

SET
SET
SET
SET
SET
                                             QUERY PLAN                                             
----------------------------------------------------------------------------------------------------
 Index Scan Backward using idx on public.t (actual rows=512.00 loops=1)
   Output: a, b
   Index Cond: ((t.a >= 31120) AND (t.a <= 31631))
   Index Searches: 1
   Buffers: shared hit=514
 Settings: enable_bitmapscan = 'off', enable_seqscan = 'off', max_parallel_workers_per_gather = '0'
 Planning:
   Buffers: shared hit=118
 Planning Time: 0.163 ms
 Execution Time: 0.131 ms
(10 rows)

