SET
SET
SET
SET
SET
                                             QUERY PLAN                                             
----------------------------------------------------------------------------------------------------
 Index Scan Backward using idx on public.t (actual rows=32.00 loops=1)
   Output: a, b
   Index Cond: ((t.a >= 2912) AND (t.a <= 2943))
   Index Searches: 1
   Prefetch: distance=6.941 count=17 stalls=1 skipped=0 resets=0 ungets=0 forwarded=0
             histogram [2,4) => 6, [4,8) => 4, [8,16) => 5, [16,32) => 2
   Buffers: shared hit=12 read=26
 Settings: enable_bitmapscan = 'off', enable_seqscan = 'off', max_parallel_workers_per_gather = '0'
 Planning:
   Buffers: shared hit=86 read=27
 Planning Time: 1.345 ms
 Execution Time: 1.622 ms
(12 rows)

SET
SET
SET
SET
SET
                                             QUERY PLAN                                             
----------------------------------------------------------------------------------------------------
 Index Scan Backward using idx on public.t (actual rows=32.00 loops=1)
   Output: a, b
   Index Cond: ((t.a >= 2912) AND (t.a <= 2943))
   Index Searches: 1
   Buffers: shared hit=38
 Settings: enable_bitmapscan = 'off', enable_seqscan = 'off', max_parallel_workers_per_gather = '0'
 Planning:
   Buffers: shared hit=118
 Planning Time: 0.210 ms
 Execution Time: 0.062 ms
(10 rows)

