SET
SET
SET
SET
SET
                                                                   QUERY PLAN                                                                   
------------------------------------------------------------------------------------------------------------------------------------------------
 Index Scan Backward using idx on public.t (actual rows=8192.00 loops=1)
   Output: a, b
   Index Cond: ((t.a >= 20408) AND (t.a <= 28599))
   Index Searches: 1
   Prefetch: distance=248.613 count=8081 stalls=12 skipped=97 resets=0 ungets=48 forwarded=1
             histogram [2,4) => 10, [4,8) => 10, [8,16) => 6, [16,32) => 16, [32,64) => 9, [64,128) => 12, [128,256) => 3986, [256,512) => 4032
   Buffers: shared hit=7888 read=235
 Settings: enable_bitmapscan = 'off', enable_seqscan = 'off', max_parallel_workers_per_gather = '0'
 Planning:
   Buffers: shared hit=86 read=27
 Planning Time: 2.194 ms
 Execution Time: 9.005 ms
(12 rows)

SET
SET
SET
SET
SET
                                             QUERY PLAN                                             
----------------------------------------------------------------------------------------------------
 Index Scan Backward using idx on public.t (actual rows=8192.00 loops=1)
   Output: a, b
   Index Cond: ((t.a >= 20408) AND (t.a <= 28599))
   Index Searches: 1
   Buffers: shared hit=8123
 Settings: enable_bitmapscan = 'off', enable_seqscan = 'off', max_parallel_workers_per_gather = '0'
 Planning:
   Buffers: shared hit=118
 Planning Time: 0.212 ms
 Execution Time: 1.388 ms
(10 rows)

