SET
SET
SET
SET
SET
                                                                  QUERY PLAN                                                                   
-----------------------------------------------------------------------------------------------------------------------------------------------
 Index Scan Backward using idx on public.t (actual rows=1024.00 loops=1)
   Output: a, b
   Index Cond: ((t.a >= 79) AND (t.a <= 1102))
   Index Searches: 1
   Prefetch: distance=209.036 count=883 stalls=151 skipped=30 resets=0 ungets=43 forwarded=0
             histogram [2,4) => 4, [4,8) => 11, [8,16) => 13, [16,32) => 25, [32,64) => 36, [64,128) => 66, [128,256) => 355, [256,512) => 373
   Buffers: shared hit=945 read=58
 Settings: enable_bitmapscan = 'off', enable_seqscan = 'off', max_parallel_workers_per_gather = '0'
 Planning:
   Buffers: shared hit=86 read=27
 Planning Time: 2.031 ms
 Execution Time: 2.247 ms
(12 rows)

SET
SET
SET
SET
SET
                                             QUERY PLAN                                             
----------------------------------------------------------------------------------------------------
 Index Scan Backward using idx on public.t (actual rows=1024.00 loops=1)
   Output: a, b
   Index Cond: ((t.a >= 79) AND (t.a <= 1102))
   Index Searches: 1
   Buffers: shared hit=1003
 Settings: enable_bitmapscan = 'off', enable_seqscan = 'off', max_parallel_workers_per_gather = '0'
 Planning:
   Buffers: shared hit=118
 Planning Time: 0.175 ms
 Execution Time: 0.147 ms
(10 rows)

