SET
SET
SET
SET
SET
                                                                          QUERY PLAN                                                                          
--------------------------------------------------------------------------------------------------------------------------------------------------------------
 Index Scan Backward using idx on public.t (actual rows=8048576.00 loops=1)
   Output: a, b
   Index Cond: ((t.a >= 22870) AND (t.a <= 8071445))
   Index Searches: 1
   Prefetch: distance=158.730 count=668157 stalls=7277323 skipped=103211 resets=0 ungets=161 forwarded=37
             histogram [2,4) => 237895, [4,8) => 1932, [8,16) => 31, [16,32) => 34, [32,64) => 219, [64,128) => 961, [128,256) => 238082, [256,512) => 189003
   Buffers: shared hit=7819525 read=147837
 Settings: enable_bitmapscan = 'off', enable_seqscan = 'off', max_parallel_workers_per_gather = '0'
 Planning:
   Buffers: shared hit=82 read=27
 Planning Time: 2.049 ms
 Execution Time: 10178.365 ms
(12 rows)

SET
SET
SET
SET
SET
                                             QUERY PLAN                                             
----------------------------------------------------------------------------------------------------
 Index Scan Backward using idx on public.t (actual rows=8048576.00 loops=1)
   Output: a, b
   Index Cond: ((t.a >= 22870) AND (t.a <= 8071445))
   Index Searches: 1
   Buffers: shared hit=7967362
 Settings: enable_bitmapscan = 'off', enable_seqscan = 'off', max_parallel_workers_per_gather = '0'
 Planning:
   Buffers: shared hit=114
 Planning Time: 0.243 ms
 Execution Time: 1205.309 ms
(10 rows)

