SET
SET
SET
SET
SET
                                                                  QUERY PLAN                                                                  
----------------------------------------------------------------------------------------------------------------------------------------------
 Index Scan Backward using idx on public.t (actual rows=1024.00 loops=1)
   Output: a, b
   Index Cond: ((t.a >= 30535) AND (t.a <= 31558))
   Index Searches: 1
   Prefetch: distance=240.273 count=966 stalls=1 skipped=9 resets=0 ungets=33 forwarded=0
             histogram [2,4) => 2, [4,8) => 5, [8,16) => 11, [16,32) => 16, [32,64) => 20, [64,128) => 15, [128,256) => 315, [256,512) => 582
   Buffers: shared hit=920 read=102
 Settings: enable_bitmapscan = 'off', enable_seqscan = 'off', max_parallel_workers_per_gather = '0'
 Planning:
   Buffers: shared hit=86 read=27
 Planning Time: 1.997 ms
 Execution Time: 4.507 ms
(12 rows)

SET
SET
SET
SET
SET
                                             QUERY PLAN                                             
----------------------------------------------------------------------------------------------------
 Index Scan Backward using idx on public.t (actual rows=1024.00 loops=1)
   Output: a, b
   Index Cond: ((t.a >= 30535) AND (t.a <= 31558))
   Index Searches: 1
   Buffers: shared hit=1022
 Settings: enable_bitmapscan = 'off', enable_seqscan = 'off', max_parallel_workers_per_gather = '0'
 Planning:
   Buffers: shared hit=118
 Planning Time: 0.195 ms
 Execution Time: 0.284 ms
(10 rows)

