SET
SET
SET
SET
SET
                                                                           QUERY PLAN                                                                           
----------------------------------------------------------------------------------------------------------------------------------------------------------------
 Index Scan Backward using idx on public.t (actual rows=6048576.00 loops=1)
   Output: a, b
   Index Cond: ((t.a >= 29627) AND (t.a <= 6078202))
   Index Searches: 1
   Prefetch: distance=229.761 count=1951798 stalls=4019794 skipped=77415 resets=0 ungets=470 forwarded=164
             histogram [2,4) => 131423, [4,8) => 1068, [8,16) => 18, [16,32) => 45, [32,64) => 262, [64,128) => 4247, [128,256) => 1014806, [256,512) => 799929
   Buffers: shared hit=5876571 read=111122
 Settings: enable_bitmapscan = 'off', enable_seqscan = 'off', max_parallel_workers_per_gather = '0'
 Planning:
   Buffers: shared hit=82 read=27
 Planning Time: 2.093 ms
 Execution Time: 6526.119 ms
(12 rows)

SET
SET
SET
SET
SET
                                             QUERY PLAN                                             
----------------------------------------------------------------------------------------------------
 Index Scan Backward using idx on public.t (actual rows=6048576.00 loops=1)
   Output: a, b
   Index Cond: ((t.a >= 29627) AND (t.a <= 6078202))
   Index Searches: 1
   Buffers: shared hit=5987694
 Settings: enable_bitmapscan = 'off', enable_seqscan = 'off', max_parallel_workers_per_gather = '0'
 Planning:
   Buffers: shared hit=114
 Planning Time: 0.241 ms
 Execution Time: 930.398 ms
(10 rows)

