SET
SET
SET
SET
SET
                                                                          QUERY PLAN                                                                           
---------------------------------------------------------------------------------------------------------------------------------------------------------------
 Index Scan Backward using idx on public.t (actual rows=5048576.00 loops=1)
   Output: a, b
   Index Cond: ((t.a >= 513) AND (t.a <= 5049088))
   Index Searches: 1
   Prefetch: distance=211.144 count=936230 stalls=4047659 skipped=64742 resets=0 ungets=172 forwarded=68
             histogram [2,4) => 132261, [4,8) => 1091, [8,16) => 22, [16,32) => 41, [32,64) => 184, [64,128) => 2342, [128,256) => 451041, [256,512) => 349248
   Buffers: shared hit=4904899 read=92732
 Settings: enable_bitmapscan = 'off', enable_seqscan = 'off', max_parallel_workers_per_gather = '0'
 Planning:
   Buffers: shared hit=82 read=27
 Planning Time: 1.998 ms
 Execution Time: 5962.436 ms
(12 rows)

SET
SET
SET
SET
SET
                                             QUERY PLAN                                             
----------------------------------------------------------------------------------------------------
 Index Scan Backward using idx on public.t (actual rows=5048576.00 loops=1)
   Output: a, b
   Index Cond: ((t.a >= 513) AND (t.a <= 5049088))
   Index Searches: 1
   Buffers: shared hit=4997632
 Settings: enable_bitmapscan = 'off', enable_seqscan = 'off', max_parallel_workers_per_gather = '0'
 Planning:
   Buffers: shared hit=114
 Planning Time: 0.237 ms
 Execution Time: 751.677 ms
(10 rows)

