SET
SET
SET
SET
SET
                                                                    QUERY PLAN                                                                     
---------------------------------------------------------------------------------------------------------------------------------------------------
 Index Scan using idx on public.t (actual rows=131072.00 loops=1)
   Output: a, b
   Index Cond: ((t.a >= 8361) AND (t.a <= 139432))
   Index Searches: 1
   Prefetch: distance=244.670 count=129401 stalls=3 skipped=1677 resets=0 ungets=66 forwarded=6
             histogram [2,4) => 2, [4,8) => 6, [8,16) => 10, [16,32) => 16, [32,64) => 19, [64,128) => 203, [128,256) => 75018, [256,512) => 54127
   Buffers: shared hit=127269 read=2489
 Settings: enable_bitmapscan = 'off', enable_seqscan = 'off', max_parallel_workers_per_gather = '0'
 Planning:
   Buffers: shared hit=78 read=27
 Planning Time: 2.037 ms
 Execution Time: 36.664 ms
(12 rows)

SET
SET
SET
SET
SET
                                             QUERY PLAN                                             
----------------------------------------------------------------------------------------------------
 Index Scan using idx on public.t (actual rows=131072.00 loops=1)
   Output: a, b
   Index Cond: ((t.a >= 8361) AND (t.a <= 139432))
   Index Searches: 1
   Buffers: shared hit=129758
 Settings: enable_bitmapscan = 'off', enable_seqscan = 'off', max_parallel_workers_per_gather = '0'
 Planning:
   Buffers: shared hit=110
 Planning Time: 0.171 ms
 Execution Time: 13.699 ms
(10 rows)

