SET
SET
SET
SET
SET
                                                                  QUERY PLAN                                                                   
-----------------------------------------------------------------------------------------------------------------------------------------------
 Index Scan using idx on public.t (actual rows=65536.00 loops=1)
   Output: a, b
   Index Cond: ((t.a >= 5481) AND (t.a <= 71016))
   Index Searches: 1
   Prefetch: distance=244.499 count=64757 stalls=1 skipped=871 resets=0 ungets=102 forwarded=1
             histogram [2,4) => 2, [4,8) => 4, [8,16) => 9, [16,32) => 9, [32,64) => 7, [64,128) => 87, [128,256) => 37794, [256,512) => 26845
   Buffers: shared hit=63565 read=1286
 Settings: enable_bitmapscan = 'off', enable_seqscan = 'off', max_parallel_workers_per_gather = '0'
 Planning:
   Buffers: shared hit=82 read=27
 Planning Time: 2.015 ms
 Execution Time: 20.694 ms
(12 rows)

SET
SET
SET
SET
SET
                                             QUERY PLAN                                             
----------------------------------------------------------------------------------------------------
 Index Scan using idx on public.t (actual rows=65536.00 loops=1)
   Output: a, b
   Index Cond: ((t.a >= 5481) AND (t.a <= 71016))
   Index Searches: 1
   Buffers: shared hit=64851
 Settings: enable_bitmapscan = 'off', enable_seqscan = 'off', max_parallel_workers_per_gather = '0'
 Planning:
   Buffers: shared hit=114
 Planning Time: 0.176 ms
 Execution Time: 7.005 ms
(10 rows)

