SET
SET
SET
SET
SET
                                                                          QUERY PLAN                                                                           
---------------------------------------------------------------------------------------------------------------------------------------------------------------
 Index Scan using idx on public.t (actual rows=9048576.00 loops=1)
   Output: a, b
   Index Cond: ((t.a >= 9111) AND (t.a <= 9057686))
   Index Searches: 1
   Prefetch: distance=212.334 count=1794091 stalls=7138533 skipped=116073 resets=0 ungets=160 forwarded=95
             histogram [2,4) => 233346, [4,8) => 1924, [8,16) => 17, [16,32) => 33, [32,64) => 314, [64,128) => 4252, [128,256) => 924910, [256,512) => 629295
   Buffers: shared hit=8791043 read=166189
 Settings: enable_bitmapscan = 'off', enable_seqscan = 'off', max_parallel_workers_per_gather = '0'
 Planning:
   Buffers: shared hit=78 read=27
 Planning Time: 2.021 ms
 Execution Time: 1512.087 ms
(12 rows)

SET
SET
SET
SET
SET
                                             QUERY PLAN                                             
----------------------------------------------------------------------------------------------------
 Index Scan using idx on public.t (actual rows=9048576.00 loops=1)
   Output: a, b
   Index Cond: ((t.a >= 9111) AND (t.a <= 9057686))
   Index Searches: 1
   Buffers: shared hit=8957232
 Settings: enable_bitmapscan = 'off', enable_seqscan = 'off', max_parallel_workers_per_gather = '0'
 Planning:
   Buffers: shared hit=110
 Planning Time: 0.228 ms
 Execution Time: 1351.477 ms
(10 rows)

