SET
SET
SET
SET
SET
                                             QUERY PLAN                                             
----------------------------------------------------------------------------------------------------
 Index Scan using idx on public.t (actual rows=128.00 loops=1)
   Output: a, b
   Index Cond: ((t.a >= 27381) AND (t.a <= 27508))
   Index Searches: 1
   Prefetch: distance=11.105 count=57 stalls=2 skipped=0 resets=0 ungets=0 forwarded=0
             histogram [2,4) => 6, [4,8) => 22, [8,16) => 13, [16,32) => 15, [32,64) => 1
   Buffers: shared hit=66 read=69
 Settings: enable_bitmapscan = 'off', enable_seqscan = 'off', max_parallel_workers_per_gather = '0'
 Planning:
   Buffers: shared hit=82 read=27
 Planning Time: 1.344 ms
 Execution Time: 2.338 ms
(12 rows)

SET
SET
SET
SET
SET
                                             QUERY PLAN                                             
----------------------------------------------------------------------------------------------------
 Index Scan using idx on public.t (actual rows=128.00 loops=1)
   Output: a, b
   Index Cond: ((t.a >= 27381) AND (t.a <= 27508))
   Index Searches: 1
   Buffers: shared hit=135
 Settings: enable_bitmapscan = 'off', enable_seqscan = 'off', max_parallel_workers_per_gather = '0'
 Planning:
   Buffers: shared hit=114
 Planning Time: 0.138 ms
 Execution Time: 0.120 ms
(10 rows)

