SET
SET
SET
SET
SET
                                                                   QUERY PLAN                                                                    
-------------------------------------------------------------------------------------------------------------------------------------------------
 Index Scan using idx on public.t (actual rows=32768.00 loops=1)
   Output: a, b
   Index Cond: ((t.a >= 25942) AND (t.a <= 58709))
   Index Searches: 1
   Prefetch: distance=245.216 count=32359 stalls=4 skipped=420 resets=0 ungets=59 forwarded=1
             histogram [2,4) => 4, [4,8) => 3, [8,16) => 10, [16,32) => 12, [32,64) => 4, [64,128) => 22, [128,256) => 18546, [256,512) => 13758
   Buffers: shared hit=31757 read=687
 Settings: enable_bitmapscan = 'off', enable_seqscan = 'off', max_parallel_workers_per_gather = '0'
 Planning:
   Buffers: shared hit=82 read=27
 Planning Time: 2.099 ms
 Execution Time: 12.385 ms
(12 rows)

SET
SET
SET
SET
SET
                                             QUERY PLAN                                             
----------------------------------------------------------------------------------------------------
 Index Scan using idx on public.t (actual rows=32768.00 loops=1)
   Output: a, b
   Index Cond: ((t.a >= 25942) AND (t.a <= 58709))
   Index Searches: 1
   Buffers: shared hit=32444
 Settings: enable_bitmapscan = 'off', enable_seqscan = 'off', max_parallel_workers_per_gather = '0'
 Planning:
   Buffers: shared hit=114
 Planning Time: 0.159 ms
 Execution Time: 2.986 ms
(10 rows)

