SET
SET
SET
SET
SET
                                                                          QUERY PLAN                                                                           
---------------------------------------------------------------------------------------------------------------------------------------------------------------
 Index Scan using idx on public.t (actual rows=9048576.00 loops=1)
   Output: a, b
   Index Cond: ((t.a >= 22634) AND (t.a <= 9071209))
   Index Searches: 1
   Prefetch: distance=212.122 count=1781144 stalls=7151470 skipped=116045 resets=0 ungets=141 forwarded=93
             histogram [2,4) => 233762, [4,8) => 1928, [8,16) => 16, [16,32) => 36, [32,64) => 241, [64,128) => 4058, [128,256) => 915554, [256,512) => 625549
   Buffers: shared hit=8791072 read=166188
 Settings: enable_bitmapscan = 'off', enable_seqscan = 'off', max_parallel_workers_per_gather = '0'
 Planning:
   Buffers: shared hit=78 read=27
 Planning Time: 2.018 ms
 Execution Time: 1502.270 ms
(12 rows)

SET
SET
SET
SET
SET
                                             QUERY PLAN                                             
----------------------------------------------------------------------------------------------------
 Index Scan using idx on public.t (actual rows=9048576.00 loops=1)
   Output: a, b
   Index Cond: ((t.a >= 22634) AND (t.a <= 9071209))
   Index Searches: 1
   Buffers: shared hit=8957260
 Settings: enable_bitmapscan = 'off', enable_seqscan = 'off', max_parallel_workers_per_gather = '0'
 Planning:
   Buffers: shared hit=110
 Planning Time: 0.231 ms
 Execution Time: 1360.105 ms
(10 rows)

