SET
SET
SET
SET
SET
                                                                         QUERY PLAN                                                                          
-------------------------------------------------------------------------------------------------------------------------------------------------------------
 Index Scan using idx on public.t (actual rows=4048576.00 loops=1)
   Output: a, b
   Index Cond: ((t.a >= 10971) AND (t.a <= 4059546))
   Index Searches: 1
   Prefetch: distance=232.589 count=1634941 stalls=2361819 skipped=52014 resets=0 ungets=207 forwarded=93
             histogram [2,4) => 77204, [4,8) => 673, [8,16) => 19, [16,32) => 31, [32,64) => 301, [64,128) => 4229, [128,256) => 922724, [256,512) => 629760
   Buffers: shared hit=3933227 read=74402
 Settings: enable_bitmapscan = 'off', enable_seqscan = 'off', max_parallel_workers_per_gather = '0'
 Planning:
   Buffers: shared hit=78 read=27
 Planning Time: 2.036 ms
 Execution Time: 755.080 ms
(12 rows)

SET
SET
SET
SET
SET
                                             QUERY PLAN                                             
----------------------------------------------------------------------------------------------------
 Index Scan using idx on public.t (actual rows=4048576.00 loops=1)
   Output: a, b
   Index Cond: ((t.a >= 10971) AND (t.a <= 4059546))
   Index Searches: 1
   Buffers: shared hit=4007629
 Settings: enable_bitmapscan = 'off', enable_seqscan = 'off', max_parallel_workers_per_gather = '0'
 Planning:
   Buffers: shared hit=110
 Planning Time: 0.209 ms
 Execution Time: 605.578 ms
(10 rows)

