SET
SET
SET
SET
SET
                                                                 QUERY PLAN                                                                 
--------------------------------------------------------------------------------------------------------------------------------------------
 Index Scan Backward using idx on public.t (actual rows=512.00 loops=1)
   Output: a, b
   Index Cond: ((t.a >= 29559) AND (t.a <= 29686))
   Index Searches: 1
   Prefetch: distance=241.256 count=532 stalls=2 skipped=11 resets=0 ungets=76 forwarded=0
             histogram [2,4) => 2, [4,8) => 11, [8,16) => 9, [16,32) => 18, [32,64) => 11, [64,128) => 5, [128,256) => 28, [256,512) => 448
   Buffers: shared hit=392 read=116
 Settings: enable_bitmapscan = 'off', enable_seqscan = 'off', max_parallel_workers_per_gather = '0'
 Planning:
   Buffers: shared hit=78 read=22
 Planning Time: 1.700 ms
 Execution Time: 4.133 ms
(12 rows)

SET
SET
SET
SET
SET
                                             QUERY PLAN                                             
----------------------------------------------------------------------------------------------------
 Index Scan Backward using idx on public.t (actual rows=512.00 loops=1)
   Output: a, b
   Index Cond: ((t.a >= 29559) AND (t.a <= 29686))
   Index Searches: 1
   Buffers: shared hit=508
 Settings: enable_bitmapscan = 'off', enable_seqscan = 'off', max_parallel_workers_per_gather = '0'
 Planning:
   Buffers: shared hit=105
 Planning Time: 0.120 ms
 Execution Time: 0.120 ms
(10 rows)

