SET
SET
SET
SET
SET
                                             QUERY PLAN                                             
----------------------------------------------------------------------------------------------------
 Index Scan using idx on public.t (actual rows=2048.00 loops=1)
   Output: a, b
   Index Cond: ((t.a >= 29100) AND (t.a <= 31147))
   Index Searches: 1
   Prefetch: distance=2.042 count=71 stalls=1780 skipped=17 resets=0 ungets=0 forwarded=0
             histogram [2,4) => 70, [4,8) => 1
   Buffers: shared hit=1925 read=118
 Settings: enable_bitmapscan = 'off', enable_seqscan = 'off', max_parallel_workers_per_gather = '0'
 Planning:
   Buffers: shared hit=82 read=27
 Planning Time: 1.874 ms
 Execution Time: 4.815 ms
(12 rows)

SET
SET
SET
SET
SET
                                             QUERY PLAN                                             
----------------------------------------------------------------------------------------------------
 Index Scan using idx on public.t (actual rows=2048.00 loops=1)
   Output: a, b
   Index Cond: ((t.a >= 29100) AND (t.a <= 31147))
   Index Searches: 1
   Buffers: shared hit=2043
 Settings: enable_bitmapscan = 'off', enable_seqscan = 'off', max_parallel_workers_per_gather = '0'
 Planning:
   Buffers: shared hit=114
 Planning Time: 0.195 ms
 Execution Time: 0.471 ms
(10 rows)

