SET
SET
SET
SET
SET
                                                                 QUERY PLAN                                                                  
---------------------------------------------------------------------------------------------------------------------------------------------
 Index Scan using idx on public.t (actual rows=1024.00 loops=1)
   Output: a, b
   Index Cond: ((t.a >= 16420) AND (t.a <= 17443))
   Index Searches: 1
   Prefetch: distance=248.105 count=1000 stalls=8 skipped=13 resets=0 ungets=47 forwarded=0
             histogram [2,4) => 10, [4,8) => 5, [8,16) => 6, [16,32) => 16, [32,64) => 19, [64,128) => 2, [128,256) => 188, [256,512) => 754
   Buffers: shared hit=915 read=103
 Settings: enable_bitmapscan = 'off', enable_seqscan = 'off', max_parallel_workers_per_gather = '0'
 Planning:
   Buffers: shared hit=82 read=27
 Planning Time: 1.532 ms
 Execution Time: 3.492 ms
(12 rows)

SET
SET
SET
SET
SET
                                             QUERY PLAN                                             
----------------------------------------------------------------------------------------------------
 Index Scan using idx on public.t (actual rows=1024.00 loops=1)
   Output: a, b
   Index Cond: ((t.a >= 16420) AND (t.a <= 17443))
   Index Searches: 1
   Buffers: shared hit=1018
 Settings: enable_bitmapscan = 'off', enable_seqscan = 'off', max_parallel_workers_per_gather = '0'
 Planning:
   Buffers: shared hit=114
 Planning Time: 0.204 ms
 Execution Time: 0.298 ms
(10 rows)

