SET
SET
SET
SET
SET
                                             QUERY PLAN                                             
----------------------------------------------------------------------------------------------------
 Index Scan Backward using idx on public.t (actual rows=8192.00 loops=1)
   Output: a, b
   Index Cond: ((t.a >= 15564) AND (t.a <= 17611))
   Index Searches: 1
   Prefetch: distance=2.093 count=745 stalls=6757 skipped=111 resets=0 ungets=0 forwarded=0
             histogram [2,4) => 722, [4,8) => 23
   Buffers: shared hit=7599 read=491
 Settings: enable_bitmapscan = 'off', enable_seqscan = 'off', max_parallel_workers_per_gather = '0'
 Planning:
   Buffers: shared hit=82 read=26
 Planning Time: 2.019 ms
 Execution Time: 6.648 ms
(12 rows)

SET
SET
SET
SET
SET
                                             QUERY PLAN                                             
----------------------------------------------------------------------------------------------------
 Index Scan Backward using idx on public.t (actual rows=8192.00 loops=1)
   Output: a, b
   Index Cond: ((t.a >= 15564) AND (t.a <= 17611))
   Index Searches: 1
   Buffers: shared hit=8090
 Settings: enable_bitmapscan = 'off', enable_seqscan = 'off', max_parallel_workers_per_gather = '0'
 Planning:
   Buffers: shared hit=113
 Planning Time: 0.200 ms
 Execution Time: 1.518 ms
(10 rows)

