SET
SET
SET
SET
SET
                                                                     QUERY PLAN                                                                     
----------------------------------------------------------------------------------------------------------------------------------------------------
 Index Scan Backward using idx on public.t (actual rows=262144.00 loops=1)
   Output: a, b
   Index Cond: ((t.a >= 18692) AND (t.a <= 84227))
   Index Searches: 1
   Prefetch: distance=262.668 count=281319 stalls=9 skipped=3925 resets=0 ungets=23200 forwarded=1
             histogram [2,4) => 8, [4,8) => 16, [8,16) => 14, [16,32) => 18, [32,64) => 38, [64,128) => 20, [128,256) => 52274, [256,512) => 228931
   Buffers: shared hit=245655 read=12963
 Settings: enable_bitmapscan = 'off', enable_seqscan = 'off', max_parallel_workers_per_gather = '0'
 Planning:
   Buffers: shared hit=78 read=26
 Planning Time: 2.060 ms
 Execution Time: 125.820 ms
(12 rows)

SET
SET
SET
SET
SET
                                             QUERY PLAN                                             
----------------------------------------------------------------------------------------------------
 Index Scan Backward using idx on public.t (actual rows=262144.00 loops=1)
   Output: a, b
   Index Cond: ((t.a >= 18692) AND (t.a <= 84227))
   Index Searches: 1
   Buffers: shared hit=258618
 Settings: enable_bitmapscan = 'off', enable_seqscan = 'off', max_parallel_workers_per_gather = '0'
 Planning:
   Buffers: shared hit=109
 Planning Time: 0.202 ms
 Execution Time: 34.957 ms
(10 rows)

