SET
SET
SET
SET
SET
                                                                    QUERY PLAN                                                                    
--------------------------------------------------------------------------------------------------------------------------------------------------
 Index Scan using idx on public.t (actual rows=65536.00 loops=1)
   Output: a, b
   Index Cond: ((t.a >= 22294) AND (t.a <= 87829))
   Index Searches: 1
   Prefetch: distance=244.070 count=64720 stalls=1 skipped=850 resets=0 ungets=67 forwarded=4
             histogram [2,4) => 2, [4,8) => 5, [8,16) => 10, [16,32) => 13, [32,64) => 9, [64,128) => 164, [128,256) => 37554, [256,512) => 26963
   Buffers: shared hit=63585 read=1285
 Settings: enable_bitmapscan = 'off', enable_seqscan = 'off', max_parallel_workers_per_gather = '0'
 Planning:
   Buffers: shared hit=82 read=27
 Planning Time: 2.217 ms
 Execution Time: 21.998 ms
(12 rows)

SET
SET
SET
SET
SET
                                             QUERY PLAN                                             
----------------------------------------------------------------------------------------------------
 Index Scan using idx on public.t (actual rows=65536.00 loops=1)
   Output: a, b
   Index Cond: ((t.a >= 22294) AND (t.a <= 87829))
   Index Searches: 1
   Buffers: shared hit=64870
 Settings: enable_bitmapscan = 'off', enable_seqscan = 'off', max_parallel_workers_per_gather = '0'
 Planning:
   Buffers: shared hit=114
 Planning Time: 0.205 ms
 Execution Time: 9.298 ms
(10 rows)

