SET
SET
SET
SET
SET
                                                                     QUERY PLAN                                                                      
-----------------------------------------------------------------------------------------------------------------------------------------------------
 Index Scan using idx on public.t (actual rows=131072.00 loops=1)
   Output: a, b
   Index Cond: ((t.a >= 14947) AND (t.a <= 146018))
   Index Searches: 1
   Prefetch: distance=244.678 count=129377 stalls=12 skipped=1662 resets=0 ungets=38 forwarded=5
             histogram [2,4) => 24, [4,8) => 27, [8,16) => 12, [16,32) => 12, [32,64) => 26, [64,128) => 229, [128,256) => 74725, [256,512) => 54322
   Buffers: shared hit=127285 read=2488
 Settings: enable_bitmapscan = 'off', enable_seqscan = 'off', max_parallel_workers_per_gather = '0'
 Planning:
   Buffers: shared hit=78 read=27
 Planning Time: 2.058 ms
 Execution Time: 40.417 ms
(12 rows)

SET
SET
SET
SET
SET
                                             QUERY PLAN                                             
----------------------------------------------------------------------------------------------------
 Index Scan using idx on public.t (actual rows=131072.00 loops=1)
   Output: a, b
   Index Cond: ((t.a >= 14947) AND (t.a <= 146018))
   Index Searches: 1
   Buffers: shared hit=129773
 Settings: enable_bitmapscan = 'off', enable_seqscan = 'off', max_parallel_workers_per_gather = '0'
 Planning:
   Buffers: shared hit=110
 Planning Time: 0.182 ms
 Execution Time: 14.331 ms
(10 rows)

