SET
SET
SET
SET
SET
                                                                         QUERY PLAN                                                                          
-------------------------------------------------------------------------------------------------------------------------------------------------------------
 Index Scan using idx on public.t (actual rows=2048576.00 loops=1)
   Output: a, b
   Index Cond: ((t.a >= 15683) AND (t.a <= 2064258))
   Index Searches: 1
   Prefetch: distance=241.844 count=1567337 stalls=454951 skipped=26393 resets=0 ungets=160 forwarded=91
             histogram [2,4) => 14879, [4,8) => 128, [8,16) => 17, [16,32) => 37, [32,64) => 317, [64,128) => 4231, [128,256) => 918548, [256,512) => 629180
   Buffers: shared hit=1990096 read=37688
 Settings: enable_bitmapscan = 'off', enable_seqscan = 'off', max_parallel_workers_per_gather = '0'
 Planning:
   Buffers: shared hit=78 read=27
 Planning Time: 2.029 ms
 Execution Time: 486.427 ms
(12 rows)

SET
SET
SET
SET
SET
                                             QUERY PLAN                                             
----------------------------------------------------------------------------------------------------
 Index Scan using idx on public.t (actual rows=2048576.00 loops=1)
   Output: a, b
   Index Cond: ((t.a >= 15683) AND (t.a <= 2064258))
   Index Searches: 1
   Buffers: shared hit=2027784
 Settings: enable_bitmapscan = 'off', enable_seqscan = 'off', max_parallel_workers_per_gather = '0'
 Planning:
   Buffers: shared hit=110
 Planning Time: 0.197 ms
 Execution Time: 309.428 ms
(10 rows)

