SET
SET
SET
SET
SET
                                                                   QUERY PLAN                                                                    
-------------------------------------------------------------------------------------------------------------------------------------------------
 Index Scan Backward using idx on public.t (actual rows=5048576.00 loops=1)
   Output: a, b
   Index Cond: ((t.a >= 6183) AND (t.a <= 1268326))
   Index Searches: 1
   Prefetch: distance=262.811 count=5418700 stalls=1 skipped=75191 resets=0 ungets=445343 forwarded=8
             histogram [2,4) => 4, [4,8) => 7, [8,16) => 7, [16,32) => 9, [32,64) => 8, [64,128) => 2, [128,256) => 995772, [256,512) => 4422891
   Buffers: shared hit=4732889 read=248060
 Settings: enable_bitmapscan = 'off', enable_seqscan = 'off', max_parallel_workers_per_gather = '0'
 Planning:
   Buffers: shared hit=78 read=26
 Planning Time: 2.131 ms
 Execution Time: 2250.848 ms
(12 rows)

SET
SET
SET
SET
SET
                                             QUERY PLAN                                             
----------------------------------------------------------------------------------------------------
 Index Scan Backward using idx on public.t (actual rows=5048576.00 loops=1)
   Output: a, b
   Index Cond: ((t.a >= 6183) AND (t.a <= 1268326))
   Index Searches: 1
   Buffers: shared hit=4980949
 Settings: enable_bitmapscan = 'off', enable_seqscan = 'off', max_parallel_workers_per_gather = '0'
 Planning:
   Buffers: shared hit=109
 Planning Time: 0.213 ms
 Execution Time: 792.078 ms
(10 rows)

