SET
SET
SET
SET
SET
                                                                 QUERY PLAN                                                                 
--------------------------------------------------------------------------------------------------------------------------------------------
 Index Scan using idx on public.t (actual rows=256.00 loops=1)
   Output: a, b
   Index Cond: ((t.a >= 30332) AND (t.a <= 30587))
   Index Searches: 1
   Prefetch: distance=214.517 count=238 stalls=3 skipped=2 resets=0 ungets=33 forwarded=0
             histogram [2,4) => 2, [4,8) => 6, [8,16) => 10, [16,32) => 11, [32,64) => 19, [64,128) => 4, [128,256) => 26, [256,512) => 160
   Buffers: shared hit=175 read=86
 Settings: enable_bitmapscan = 'off', enable_seqscan = 'off', max_parallel_workers_per_gather = '0'
 Planning:
   Buffers: shared hit=82 read=27
 Planning Time: 1.510 ms
 Execution Time: 3.995 ms
(12 rows)

SET
SET
SET
SET
SET
                                             QUERY PLAN                                             
----------------------------------------------------------------------------------------------------
 Index Scan using idx on public.t (actual rows=256.00 loops=1)
   Output: a, b
   Index Cond: ((t.a >= 30332) AND (t.a <= 30587))
   Index Searches: 1
   Buffers: shared hit=261
 Settings: enable_bitmapscan = 'off', enable_seqscan = 'off', max_parallel_workers_per_gather = '0'
 Planning:
   Buffers: shared hit=114
 Planning Time: 0.186 ms
 Execution Time: 0.162 ms
(10 rows)

