SET
SET
SET
SET
SET
                                                                      QUERY PLAN                                                                      
------------------------------------------------------------------------------------------------------------------------------------------------------
 Index Scan Backward using idx on public.t (actual rows=8048576.00 loops=1)
   Output: a, b
   Index Cond: ((t.a >= 3160) AND (t.a <= 2015303))
   Index Searches: 1
   Prefetch: distance=262.821 count=8639250 stalls=11 skipped=119328 resets=0 ungets=710108 forwarded=13
             histogram [2,4) => 12, [4,8) => 8, [8,16) => 8, [16,32) => 18, [32,64) => 27, [64,128) => 18, [128,256) => 1586010, [256,512) => 7053149
   Buffers: shared hit=7545895 read=395405
 Settings: enable_bitmapscan = 'off', enable_seqscan = 'off', max_parallel_workers_per_gather = '0'
 Planning:
   Buffers: shared hit=78 read=26
 Planning Time: 2.026 ms
 Execution Time: 3586.546 ms
(12 rows)

SET
SET
SET
SET
SET
                                             QUERY PLAN                                             
----------------------------------------------------------------------------------------------------
 Index Scan Backward using idx on public.t (actual rows=8048576.00 loops=1)
   Output: a, b
   Index Cond: ((t.a >= 3160) AND (t.a <= 2015303))
   Index Searches: 1
   Buffers: shared hit=7941301
 Settings: enable_bitmapscan = 'off', enable_seqscan = 'off', max_parallel_workers_per_gather = '0'
 Planning:
   Buffers: shared hit=109
 Planning Time: 0.213 ms
 Execution Time: 1272.237 ms
(10 rows)

