SET
SET
SET
SET
SET
                                                                   QUERY PLAN                                                                    
-------------------------------------------------------------------------------------------------------------------------------------------------
 Index Scan using idx on public.t (actual rows=16384.00 loops=1)
   Output: a, b
   Index Cond: ((t.a >= 693) AND (t.a <= 17076))
   Index Searches: 1
   Prefetch: distance=244.231 count=16101 stalls=1 skipped=248 resets=0 ungets=5 forwarded=2
             histogram [2,4) => 6, [4,8) => 10, [8,16) => 27, [16,32) => 24, [32,64) => 51, [64,128) => 68, [128,256) => 9179, [256,512) => 6736
   Buffers: shared hit=15829 read=357
 Settings: enable_bitmapscan = 'off', enable_seqscan = 'off', max_parallel_workers_per_gather = '0'
 Planning:
   Buffers: shared hit=82 read=27
 Planning Time: 2.010 ms
 Execution Time: 7.336 ms
(12 rows)

SET
SET
SET
SET
SET
                                             QUERY PLAN                                             
----------------------------------------------------------------------------------------------------
 Index Scan using idx on public.t (actual rows=16384.00 loops=1)
   Output: a, b
   Index Cond: ((t.a >= 693) AND (t.a <= 17076))
   Index Searches: 1
   Buffers: shared hit=16186
 Settings: enable_bitmapscan = 'off', enable_seqscan = 'off', max_parallel_workers_per_gather = '0'
 Planning:
   Buffers: shared hit=114
 Planning Time: 0.136 ms
 Execution Time: 1.476 ms
(10 rows)

