SET
SET
SET
SET
SET
                                                                    QUERY PLAN                                                                     
---------------------------------------------------------------------------------------------------------------------------------------------------
 Index Scan using idx on public.t (actual rows=262144.00 loops=1)
   Output: a, b
   Index Cond: ((t.a >= 23386) AND (t.a <= 285529))
   Index Searches: 1
   Prefetch: distance=243.810 count=258851 stalls=2 skipped=3331 resets=0 ungets=78 forwarded=19
             histogram [2,4) => 2, [4,8) => 5, [8,16) => 7, [16,32) => 15, [32,64) => 8, [64,128) => 821, [128,256) => 152818, [256,512) => 105175
   Buffers: shared hit=254639 read=4897
 Settings: enable_bitmapscan = 'off', enable_seqscan = 'off', max_parallel_workers_per_gather = '0'
 Planning:
   Buffers: shared hit=78 read=27
 Planning Time: 2.027 ms
 Execution Time: 72.973 ms
(12 rows)

SET
SET
SET
SET
SET
                                             QUERY PLAN                                             
----------------------------------------------------------------------------------------------------
 Index Scan using idx on public.t (actual rows=262144.00 loops=1)
   Output: a, b
   Index Cond: ((t.a >= 23386) AND (t.a <= 285529))
   Index Searches: 1
   Buffers: shared hit=259536
 Settings: enable_bitmapscan = 'off', enable_seqscan = 'off', max_parallel_workers_per_gather = '0'
 Planning:
   Buffers: shared hit=110
 Planning Time: 0.157 ms
 Execution Time: 32.768 ms
(10 rows)

