SET
SET
SET
SET
SET
                                             QUERY PLAN                                             
----------------------------------------------------------------------------------------------------
 Index Scan using idx on public.t (actual rows=4096.00 loops=1)
   Output: a, b
   Index Cond: ((t.a >= 1914) AND (t.a <= 6009))
   Index Searches: 1
   Prefetch: distance=2.048 count=124 stalls=3637 skipped=53 resets=0 ungets=0 forwarded=0
             histogram [2,4) => 122, [4,8) => 2
   Buffers: shared hit=3909 read=147
 Settings: enable_bitmapscan = 'off', enable_seqscan = 'off', max_parallel_workers_per_gather = '0'
 Planning:
   Buffers: shared hit=82 read=27
 Planning Time: 2.003 ms
 Execution Time: 4.243 ms
(12 rows)

SET
SET
SET
SET
SET
                                             QUERY PLAN                                             
----------------------------------------------------------------------------------------------------
 Index Scan using idx on public.t (actual rows=4096.00 loops=1)
   Output: a, b
   Index Cond: ((t.a >= 1914) AND (t.a <= 6009))
   Index Searches: 1
   Buffers: shared hit=4056
 Settings: enable_bitmapscan = 'off', enable_seqscan = 'off', max_parallel_workers_per_gather = '0'
 Planning:
   Buffers: shared hit=114
 Planning Time: 0.191 ms
 Execution Time: 0.720 ms
(10 rows)

