SET
SET
SET
SET
SET
                                             QUERY PLAN                                             
----------------------------------------------------------------------------------------------------
 Index Scan Backward using idx on public.t (actual rows=2048.00 loops=1)
   Output: a, b
   Index Cond: ((t.a >= 25678) AND (t.a <= 27725))
   Index Searches: 1
   Prefetch: distance=2.000 count=62 stalls=1688 skipped=24 resets=0 ungets=0 forwarded=0
             histogram [2,4) => 62
   Buffers: shared hit=1914 read=119
 Settings: enable_bitmapscan = 'off', enable_seqscan = 'off', max_parallel_workers_per_gather = '0'
 Planning:
   Buffers: shared hit=86 read=27
 Planning Time: 2.016 ms
 Execution Time: 6.798 ms
(12 rows)

SET
SET
SET
SET
SET
                                             QUERY PLAN                                             
----------------------------------------------------------------------------------------------------
 Index Scan Backward using idx on public.t (actual rows=2048.00 loops=1)
   Output: a, b
   Index Cond: ((t.a >= 25678) AND (t.a <= 27725))
   Index Searches: 1
   Buffers: shared hit=2033
 Settings: enable_bitmapscan = 'off', enable_seqscan = 'off', max_parallel_workers_per_gather = '0'
 Planning:
   Buffers: shared hit=118
 Planning Time: 0.206 ms
 Execution Time: 0.452 ms
(10 rows)

