SET
SET
SET
SET
SET
                                                                      QUERY PLAN                                                                      
------------------------------------------------------------------------------------------------------------------------------------------------------
 Index Scan Backward using idx on public.t (actual rows=1048576.00 loops=1)
   Output: a, b
   Index Cond: ((t.a >= 406) AND (t.a <= 1048981))
   Index Searches: 1
   Prefetch: distance=248.532 count=1034569 stalls=1020 skipped=13448 resets=0 ungets=485 forwarded=114
             histogram [2,4) => 4, [4,8) => 9, [8,16) => 16, [16,32) => 25, [32,64) => 41, [64,128) => 1073, [128,256) => 546346, [256,512) => 487055
   Buffers: shared hit=1018701 read=19297
 Settings: enable_bitmapscan = 'off', enable_seqscan = 'off', max_parallel_workers_per_gather = '0'
 Planning:
   Buffers: shared hit=82 read=27
 Planning Time: 2.039 ms
 Execution Time: 599.975 ms
(12 rows)

SET
SET
SET
SET
SET
                                             QUERY PLAN                                             
----------------------------------------------------------------------------------------------------
 Index Scan Backward using idx on public.t (actual rows=1048576.00 loops=1)
   Output: a, b
   Index Cond: ((t.a >= 406) AND (t.a <= 1048981))
   Index Searches: 1
   Buffers: shared hit=1037998
 Settings: enable_bitmapscan = 'off', enable_seqscan = 'off', max_parallel_workers_per_gather = '0'
 Planning:
   Buffers: shared hit=114
 Planning Time: 0.191 ms
 Execution Time: 157.839 ms
(10 rows)

