SET
SET
SET
SET
SET
                                             QUERY PLAN                                             
----------------------------------------------------------------------------------------------------
 Index Scan Backward using idx on public.t (actual rows=4096.00 loops=1)
   Output: a, b
   Index Cond: ((t.a >= 24367) AND (t.a <= 28462))
   Index Searches: 1
   Prefetch: distance=2.045 count=134 stalls=3643 skipped=40 resets=0 ungets=0 forwarded=0
             histogram [2,4) => 132, [4,8) => 2
   Buffers: shared hit=3909 read=160
 Settings: enable_bitmapscan = 'off', enable_seqscan = 'off', max_parallel_workers_per_gather = '0'
 Planning:
   Buffers: shared hit=86 read=27
 Planning Time: 2.083 ms
 Execution Time: 10.022 ms
(12 rows)

SET
SET
SET
SET
SET
                                             QUERY PLAN                                             
----------------------------------------------------------------------------------------------------
 Index Scan Backward using idx on public.t (actual rows=4096.00 loops=1)
   Output: a, b
   Index Cond: ((t.a >= 24367) AND (t.a <= 28462))
   Index Searches: 1
   Buffers: shared hit=4069
 Settings: enable_bitmapscan = 'off', enable_seqscan = 'off', max_parallel_workers_per_gather = '0'
 Planning:
   Buffers: shared hit=118
 Planning Time: 0.136 ms
 Execution Time: 0.442 ms
(10 rows)

