SET
SET
SET
SET
SET
                                                                 QUERY PLAN                                                                 
--------------------------------------------------------------------------------------------------------------------------------------------
 Index Scan Backward using idx on public.t (actual rows=1024.00 loops=1)
   Output: a, b
   Index Cond: ((t.a >= 4892) AND (t.a <= 5915))
   Index Searches: 1
   Prefetch: distance=245.252 count=993 stalls=1 skipped=14 resets=0 ungets=42 forwarded=0
             histogram [2,4) => 2, [4,8) => 5, [8,16) => 8, [16,32) => 16, [32,64) => 22, [64,128) => 3, [128,256) => 317, [256,512) => 620
   Buffers: shared hit=922 read=97
 Settings: enable_bitmapscan = 'off', enable_seqscan = 'off', max_parallel_workers_per_gather = '0'
 Planning:
   Buffers: shared hit=86 read=27
 Planning Time: 2.019 ms
 Execution Time: 4.647 ms
(12 rows)

SET
SET
SET
SET
SET
                                             QUERY PLAN                                             
----------------------------------------------------------------------------------------------------
 Index Scan Backward using idx on public.t (actual rows=1024.00 loops=1)
   Output: a, b
   Index Cond: ((t.a >= 4892) AND (t.a <= 5915))
   Index Searches: 1
   Buffers: shared hit=1019
 Settings: enable_bitmapscan = 'off', enable_seqscan = 'off', max_parallel_workers_per_gather = '0'
 Planning:
   Buffers: shared hit=118
 Planning Time: 0.198 ms
 Execution Time: 0.286 ms
(10 rows)

