SET
SET
SET
SET
SET
                                                                    QUERY PLAN                                                                     
---------------------------------------------------------------------------------------------------------------------------------------------------
 Index Scan Backward using idx on public.t (actual rows=131072.00 loops=1)
   Output: a, b
   Index Cond: ((t.a >= 11385) AND (t.a <= 142456))
   Index Searches: 1
   Prefetch: distance=248.542 count=129370 stalls=2 skipped=1668 resets=0 ungets=49 forwarded=17
             histogram [2,4) => 4, [4,8) => 9, [8,16) => 14, [16,32) => 31, [32,64) => 19, [64,128) => 160, [128,256) => 67989, [256,512) => 61144
   Buffers: shared hit=127279 read=2488
 Settings: enable_bitmapscan = 'off', enable_seqscan = 'off', max_parallel_workers_per_gather = '0'
 Planning:
   Buffers: shared hit=82 read=27
 Planning Time: 2.034 ms
 Execution Time: 79.209 ms
(12 rows)

SET
SET
SET
SET
SET
                                             QUERY PLAN                                             
----------------------------------------------------------------------------------------------------
 Index Scan Backward using idx on public.t (actual rows=131072.00 loops=1)
   Output: a, b
   Index Cond: ((t.a >= 11385) AND (t.a <= 142456))
   Index Searches: 1
   Buffers: shared hit=129767
 Settings: enable_bitmapscan = 'off', enable_seqscan = 'off', max_parallel_workers_per_gather = '0'
 Planning:
   Buffers: shared hit=114
 Planning Time: 0.189 ms
 Execution Time: 16.265 ms
(10 rows)

