SET
SET
SET
SET
SET
                                                                   QUERY PLAN                                                                    
-------------------------------------------------------------------------------------------------------------------------------------------------
 Index Scan Backward using idx on public.t (actual rows=8192.00 loops=1)
   Output: a, b
   Index Cond: ((t.a >= 22643) AND (t.a <= 30834))
   Index Searches: 1
   Prefetch: distance=246.815 count=8020 stalls=17 skipped=87 resets=0 ungets=21 forwarded=2
             histogram [2,4) => 10, [4,8) => 8, [8,16) => 20, [16,32) => 22, [32,64) => 36, [64,128) => 63, [128,256) => 3778, [256,512) => 4083
   Buffers: shared hit=7898 read=234
 Settings: enable_bitmapscan = 'off', enable_seqscan = 'off', max_parallel_workers_per_gather = '0'
 Planning:
   Buffers: shared hit=86 read=27
 Planning Time: 2.038 ms
 Execution Time: 9.533 ms
(12 rows)

SET
SET
SET
SET
SET
                                             QUERY PLAN                                             
----------------------------------------------------------------------------------------------------
 Index Scan Backward using idx on public.t (actual rows=8192.00 loops=1)
   Output: a, b
   Index Cond: ((t.a >= 22643) AND (t.a <= 30834))
   Index Searches: 1
   Buffers: shared hit=8132
 Settings: enable_bitmapscan = 'off', enable_seqscan = 'off', max_parallel_workers_per_gather = '0'
 Planning:
   Buffers: shared hit=118
 Planning Time: 0.186 ms
 Execution Time: 1.030 ms
(10 rows)

