SET
SET
SET
SET
SET
                                                                 QUERY PLAN                                                                  
---------------------------------------------------------------------------------------------------------------------------------------------
 Index Scan Backward using idx on public.t (actual rows=16384.00 loops=1)
   Output: a, b
   Index Cond: ((t.a >= 4121) AND (t.a <= 20504))
   Index Searches: 1
   Prefetch: distance=250.817 count=16236 stalls=1 skipped=246 resets=0 ungets=106 forwarded=4
             histogram [2,4) => 8, [4,8) => 3, [8,16) => 7, [16,32) => 15, [32,64) => 2, [64,128) => 2, [128,256) => 7673, [256,512) => 8526
   Buffers: shared hit=15803 read=386
 Settings: enable_bitmapscan = 'off', enable_seqscan = 'off', max_parallel_workers_per_gather = '0'
 Planning:
   Buffers: shared hit=86 read=27
 Planning Time: 2.053 ms
 Execution Time: 11.419 ms
(12 rows)

SET
SET
SET
SET
SET
                                             QUERY PLAN                                             
----------------------------------------------------------------------------------------------------
 Index Scan Backward using idx on public.t (actual rows=16384.00 loops=1)
   Output: a, b
   Index Cond: ((t.a >= 4121) AND (t.a <= 20504))
   Index Searches: 1
   Buffers: shared hit=16189
 Settings: enable_bitmapscan = 'off', enable_seqscan = 'off', max_parallel_workers_per_gather = '0'
 Planning:
   Buffers: shared hit=118
 Planning Time: 0.162 ms
 Execution Time: 1.737 ms
(10 rows)

