SET
SET
SET
SET
SET
                                                                          QUERY PLAN                                                                          
--------------------------------------------------------------------------------------------------------------------------------------------------------------
 Index Scan Backward using idx on public.t (actual rows=8048576.00 loops=1)
   Output: a, b
   Index Cond: ((t.a >= 184) AND (t.a <= 8048759))
   Index Searches: 1
   Prefetch: distance=156.785 count=646483 stalls=7299029 skipped=103272 resets=0 ungets=260 forwarded=47
             histogram [2,4) => 238520, [4,8) => 1935, [8,16) => 23, [16,32) => 36, [32,64) => 219, [64,128) => 754, [128,256) => 212104, [256,512) => 192892
   Buffers: shared hit=7819503 read=147798
 Settings: enable_bitmapscan = 'off', enable_seqscan = 'off', max_parallel_workers_per_gather = '0'
 Planning:
   Buffers: shared hit=82 read=27
 Planning Time: 2.040 ms
 Execution Time: 9526.652 ms
(12 rows)

SET
SET
SET
SET
SET
                                             QUERY PLAN                                             
----------------------------------------------------------------------------------------------------
 Index Scan Backward using idx on public.t (actual rows=8048576.00 loops=1)
   Output: a, b
   Index Cond: ((t.a >= 184) AND (t.a <= 8048759))
   Index Searches: 1
   Buffers: shared hit=7967301
 Settings: enable_bitmapscan = 'off', enable_seqscan = 'off', max_parallel_workers_per_gather = '0'
 Planning:
   Buffers: shared hit=114
 Planning Time: 0.242 ms
 Execution Time: 1199.141 ms
(10 rows)

