SET
SET
SET
SET
SET
                                                                          QUERY PLAN                                                                           
---------------------------------------------------------------------------------------------------------------------------------------------------------------
 Index Scan Backward using idx on public.t (actual rows=9048576.00 loops=1)
   Output: a, b
   Index Cond: ((t.a >= 1936) AND (t.a <= 9050511))
   Index Searches: 1
   Prefetch: distance=212.200 count=1635821 stalls=7297318 skipped=116102 resets=0 ungets=727 forwarded=149
             histogram [2,4) => 238523, [4,8) => 1938, [8,16) => 24, [16,32) => 36, [32,64) => 278, [64,128) => 2611, [128,256) => 732999, [256,512) => 659412
   Buffers: shared hit=8791021 read=166181
 Settings: enable_bitmapscan = 'off', enable_seqscan = 'off', max_parallel_workers_per_gather = '0'
 Planning:
   Buffers: shared hit=82 read=27
 Planning Time: 2.029 ms
 Execution Time: 10086.379 ms
(12 rows)

SET
SET
SET
SET
SET
                                             QUERY PLAN                                             
----------------------------------------------------------------------------------------------------
 Index Scan Backward using idx on public.t (actual rows=9048576.00 loops=1)
   Output: a, b
   Index Cond: ((t.a >= 1936) AND (t.a <= 9050511))
   Index Searches: 1
   Buffers: shared hit=8957202
 Settings: enable_bitmapscan = 'off', enable_seqscan = 'off', max_parallel_workers_per_gather = '0'
 Planning:
   Buffers: shared hit=114
 Planning Time: 0.235 ms
 Execution Time: 1353.237 ms
(10 rows)

