SET
SET
SET
SET
SET
                                                                    QUERY PLAN                                                                     
---------------------------------------------------------------------------------------------------------------------------------------------------
 Index Scan Backward using idx on public.t (actual rows=32768.00 loops=1)
   Output: a, b
   Index Cond: ((t.a >= 19291) AND (t.a <= 52058))
   Index Searches: 1
   Prefetch: distance=248.392 count=32277 stalls=11 skipped=428 resets=0 ungets=33 forwarded=8
             histogram [2,4) => 10, [4,8) => 10, [8,16) => 9, [16,32) => 20, [32,64) => 25, [64,128) => 65, [128,256) => 16688, [256,512) => 15450
   Buffers: shared hit=31747 read=687
 Settings: enable_bitmapscan = 'off', enable_seqscan = 'off', max_parallel_workers_per_gather = '0'
 Planning:
   Buffers: shared hit=86 read=27
 Planning Time: 2.037 ms
 Execution Time: 24.054 ms
(12 rows)

SET
SET
SET
SET
SET
                                             QUERY PLAN                                             
----------------------------------------------------------------------------------------------------
 Index Scan Backward using idx on public.t (actual rows=32768.00 loops=1)
   Output: a, b
   Index Cond: ((t.a >= 19291) AND (t.a <= 52058))
   Index Searches: 1
   Buffers: shared hit=32434
 Settings: enable_bitmapscan = 'off', enable_seqscan = 'off', max_parallel_workers_per_gather = '0'
 Planning:
   Buffers: shared hit=118
 Planning Time: 0.159 ms
 Execution Time: 3.104 ms
(10 rows)

