SET
SET
SET
SET
SET
                                                                      QUERY PLAN                                                                      
------------------------------------------------------------------------------------------------------------------------------------------------------
 Index Scan Backward using idx on public.t (actual rows=1048576.00 loops=1)
   Output: a, b
   Index Cond: ((t.a >= 16244) AND (t.a <= 1064819))
   Index Searches: 1
   Prefetch: distance=248.491 count=1035439 stalls=19 skipped=13414 resets=0 ungets=420 forwarded=111
             histogram [2,4) => 8, [4,8) => 10, [8,16) => 7, [16,32) => 13, [32,64) => 40, [64,128) => 1084, [128,256) => 547653, [256,512) => 486624
   Buffers: shared hit=1018698 read=19334
 Settings: enable_bitmapscan = 'off', enable_seqscan = 'off', max_parallel_workers_per_gather = '0'
 Planning:
   Buffers: shared hit=82 read=27
 Planning Time: 2.065 ms
 Execution Time: 603.538 ms
(12 rows)

SET
SET
SET
SET
SET
                                             QUERY PLAN                                             
----------------------------------------------------------------------------------------------------
 Index Scan Backward using idx on public.t (actual rows=1048576.00 loops=1)
   Output: a, b
   Index Cond: ((t.a >= 16244) AND (t.a <= 1064819))
   Index Searches: 1
   Buffers: shared hit=1038032
 Settings: enable_bitmapscan = 'off', enable_seqscan = 'off', max_parallel_workers_per_gather = '0'
 Planning:
   Buffers: shared hit=114
 Planning Time: 0.198 ms
 Execution Time: 158.451 ms
(10 rows)

