SET
SET
SET
SET
SET
                                                                         QUERY PLAN                                                                          
-------------------------------------------------------------------------------------------------------------------------------------------------------------
 Index Scan Backward using idx on public.t (actual rows=2048576.00 loops=1)
   Output: a, b
   Index Cond: ((t.a >= 31802) AND (t.a <= 2080377))
   Index Searches: 1
   Prefetch: distance=240.496 count=1013943 stalls=1008627 skipped=26412 resets=0 ungets=438 forwarded=128
             histogram [2,4) => 32969, [4,8) => 262, [8,16) => 16, [16,32) => 78, [32,64) => 321, [64,128) => 1443, [128,256) => 513595, [256,512) => 465259
   Buffers: shared hit=1990079 read=37689
 Settings: enable_bitmapscan = 'off', enable_seqscan = 'off', max_parallel_workers_per_gather = '0'
 Planning:
   Buffers: shared hit=82 read=27
 Planning Time: 2.046 ms
 Execution Time: 1854.469 ms
(12 rows)

SET
SET
SET
SET
SET
                                             QUERY PLAN                                             
----------------------------------------------------------------------------------------------------
 Index Scan Backward using idx on public.t (actual rows=2048576.00 loops=1)
   Output: a, b
   Index Cond: ((t.a >= 31802) AND (t.a <= 2080377))
   Index Searches: 1
   Buffers: shared hit=2027768
 Settings: enable_bitmapscan = 'off', enable_seqscan = 'off', max_parallel_workers_per_gather = '0'
 Planning:
   Buffers: shared hit=114
 Planning Time: 0.216 ms
 Execution Time: 305.985 ms
(10 rows)

