SET
SET
SET
SET
SET
                                             QUERY PLAN                                             
----------------------------------------------------------------------------------------------------
 Index Scan Backward using idx on public.t (actual rows=2048.00 loops=1)
   Output: a, b
   Index Cond: ((t.a >= 10730) AND (t.a <= 12777))
   Index Searches: 1
   Prefetch: distance=2.051 count=59 stalls=1630 skipped=27 resets=0 ungets=0 forwarded=0
             histogram [2,4) => 58, [4,8) => 1
   Buffers: shared hit=1904 read=122
 Settings: enable_bitmapscan = 'off', enable_seqscan = 'off', max_parallel_workers_per_gather = '0'
 Planning:
   Buffers: shared hit=86 read=27
 Planning Time: 2.070 ms
 Execution Time: 7.345 ms
(12 rows)

SET
SET
SET
SET
SET
                                             QUERY PLAN                                             
----------------------------------------------------------------------------------------------------
 Index Scan Backward using idx on public.t (actual rows=2048.00 loops=1)
   Output: a, b
   Index Cond: ((t.a >= 10730) AND (t.a <= 12777))
   Index Searches: 1
   Buffers: shared hit=2026
 Settings: enable_bitmapscan = 'off', enable_seqscan = 'off', max_parallel_workers_per_gather = '0'
 Planning:
   Buffers: shared hit=118
 Planning Time: 0.137 ms
 Execution Time: 0.266 ms
(10 rows)

