SET
SET
SET
SET
SET
                                                                 QUERY PLAN                                                                  
---------------------------------------------------------------------------------------------------------------------------------------------
 Index Scan Backward using idx on public.t (actual rows=2048.00 loops=1)
   Output: a, b
   Index Cond: ((t.a >= 26885) AND (t.a <= 28932))
   Index Searches: 1
   Prefetch: distance=249.677 count=2098 stalls=1 skipped=20 resets=0 ungets=88 forwarded=3
             histogram [2,4) => 6, [4,8) => 5, [8,16) => 6, [16,32) => 14, [32,64) => 5, [64,128) => 10, [128,256) => 698, [256,512) => 1354
   Buffers: shared hit=1917 read=123
 Settings: enable_bitmapscan = 'off', enable_seqscan = 'off', max_parallel_workers_per_gather = '0'
 Planning:
   Buffers: shared hit=86 read=27
 Planning Time: 1.709 ms
 Execution Time: 3.693 ms
(12 rows)

SET
SET
SET
SET
SET
                                             QUERY PLAN                                             
----------------------------------------------------------------------------------------------------
 Index Scan Backward using idx on public.t (actual rows=2048.00 loops=1)
   Output: a, b
   Index Cond: ((t.a >= 26885) AND (t.a <= 28932))
   Index Searches: 1
   Buffers: shared hit=2040
 Settings: enable_bitmapscan = 'off', enable_seqscan = 'off', max_parallel_workers_per_gather = '0'
 Planning:
   Buffers: shared hit=118
 Planning Time: 0.190 ms
 Execution Time: 0.460 ms
(10 rows)

