SET
SET
SET
SET
SET
                                                                          QUERY PLAN                                                                           
---------------------------------------------------------------------------------------------------------------------------------------------------------------
 Index Scan Backward using idx on public.t (actual rows=5048576.00 loops=1)
   Output: a, b
   Index Cond: ((t.a >= 24214) AND (t.a <= 5072789))
   Index Searches: 1
   Prefetch: distance=246.352 count=3969639 stalls=1015898 skipped=64689 resets=0 ungets=1678 forwarded=471
             histogram [2,4) => 33207, [4,8) => 265, [8,16) => 15, [16,32) => 77, [32,64) => 541, [64,128) => 5470, [128,256) => 2074805, [256,512) => 1855259
   Buffers: shared hit=4904922 read=92765
 Settings: enable_bitmapscan = 'off', enable_seqscan = 'off', max_parallel_workers_per_gather = '0'
 Planning:
   Buffers: shared hit=82 read=27
 Planning Time: 2.116 ms
 Execution Time: 3576.737 ms
(12 rows)

SET
SET
SET
SET
SET
                                             QUERY PLAN                                             
----------------------------------------------------------------------------------------------------
 Index Scan Backward using idx on public.t (actual rows=5048576.00 loops=1)
   Output: a, b
   Index Cond: ((t.a >= 24214) AND (t.a <= 5072789))
   Index Searches: 1
   Buffers: shared hit=4997687
 Settings: enable_bitmapscan = 'off', enable_seqscan = 'off', max_parallel_workers_per_gather = '0'
 Planning:
   Buffers: shared hit=114
 Planning Time: 0.230 ms
 Execution Time: 763.637 ms
(10 rows)

