SET
SET
SET
SET
SET
                                                                     QUERY PLAN                                                                      
-----------------------------------------------------------------------------------------------------------------------------------------------------
 Index Scan Backward using idx on public.t (actual rows=524288.00 loops=1)
   Output: a, b
   Index Cond: ((t.a >= 27693) AND (t.a <= 551980))
   Index Searches: 1
   Prefetch: distance=248.505 count=517677 stalls=2 skipped=6824 resets=0 ungets=266 forwarded=40
             histogram [2,4) => 4, [4,8) => 3, [8,16) => 12, [16,32) => 12, [32,64) => 16, [64,128) => 406, [128,256) => 274876, [256,512) => 242348
   Buffers: shared hit=509192 read=9711
 Settings: enable_bitmapscan = 'off', enable_seqscan = 'off', max_parallel_workers_per_gather = '0'
 Planning:
   Buffers: shared hit=82 read=27
 Planning Time: 2.033 ms
 Execution Time: 302.097 ms
(12 rows)

SET
SET
SET
SET
SET
                                             QUERY PLAN                                             
----------------------------------------------------------------------------------------------------
 Index Scan Backward using idx on public.t (actual rows=524288.00 loops=1)
   Output: a, b
   Index Cond: ((t.a >= 27693) AND (t.a <= 551980))
   Index Searches: 1
   Buffers: shared hit=518903
 Settings: enable_bitmapscan = 'off', enable_seqscan = 'off', max_parallel_workers_per_gather = '0'
 Planning:
   Buffers: shared hit=114
 Planning Time: 0.186 ms
 Execution Time: 77.748 ms
(10 rows)

