SET
SET
SET
SET
SET
                                                                      QUERY PLAN                                                                      
------------------------------------------------------------------------------------------------------------------------------------------------------
 Index Scan Backward using idx on public.t (actual rows=524288.00 loops=1)
   Output: a, b
   Index Cond: ((t.a >= 31591) AND (t.a <= 555878))
   Index Searches: 1
   Prefetch: distance=233.997 count=517654 stalls=1 skipped=6657 resets=0 ungets=57 forwarded=18
             histogram [2,4) => 4, [4,8) => 8, [8,16) => 8, [16,32) => 21, [32,64) => 217, [64,128) => 4446, [128,256) => 366188, [256,512) => 146762
   Buffers: shared hit=509360 read=9709
 Settings: enable_bitmapscan = 'off', enable_seqscan = 'off', max_parallel_workers_per_gather = '0'
 Planning:
   Buffers: shared hit=78 read=26
 Planning Time: 2.122 ms
 Execution Time: 257.267 ms
(12 rows)

SET
SET
SET
SET
SET
                                             QUERY PLAN                                             
----------------------------------------------------------------------------------------------------
 Index Scan Backward using idx on public.t (actual rows=524288.00 loops=1)
   Output: a, b
   Index Cond: ((t.a >= 31591) AND (t.a <= 555878))
   Index Searches: 1
   Buffers: shared hit=519069
 Settings: enable_bitmapscan = 'off', enable_seqscan = 'off', max_parallel_workers_per_gather = '0'
 Planning:
   Buffers: shared hit=109
 Planning Time: 0.242 ms
 Execution Time: 77.495 ms
(10 rows)

