SET
SET
SET
SET
SET
                                                                    QUERY PLAN                                                                     
---------------------------------------------------------------------------------------------------------------------------------------------------
 Index Scan Backward using idx on public.t (actual rows=32768.00 loops=1)
   Output: a, b
   Index Cond: ((t.a >= 23140) AND (t.a <= 55907))
   Index Searches: 1
   Prefetch: distance=232.022 count=32297 stalls=25 skipped=396 resets=0 ungets=16 forwarded=0
             histogram [2,4) => 10, [4,8) => 7, [8,16) => 14, [16,32) => 19, [32,64) => 23, [64,128) => 388, [128,256) => 22622, [256,512) => 9214
   Buffers: shared hit=31779 read=687
 Settings: enable_bitmapscan = 'off', enable_seqscan = 'off', max_parallel_workers_per_gather = '0'
 Planning:
   Buffers: shared hit=82 read=26
 Planning Time: 2.041 ms
 Execution Time: 19.835 ms
(12 rows)

SET
SET
SET
SET
SET
                                             QUERY PLAN                                             
----------------------------------------------------------------------------------------------------
 Index Scan Backward using idx on public.t (actual rows=32768.00 loops=1)
   Output: a, b
   Index Cond: ((t.a >= 23140) AND (t.a <= 55907))
   Index Searches: 1
   Buffers: shared hit=32466
 Settings: enable_bitmapscan = 'off', enable_seqscan = 'off', max_parallel_workers_per_gather = '0'
 Planning:
   Buffers: shared hit=113
 Planning Time: 0.188 ms
 Execution Time: 4.745 ms
(10 rows)

