SET
SET
SET
SET
SET
                                                                          QUERY PLAN                                                                          
--------------------------------------------------------------------------------------------------------------------------------------------------------------
 Index Scan Backward using idx on public.t (actual rows=4048576.00 loops=1)
   Output: a, b
   Index Cond: ((t.a >= 24990) AND (t.a <= 4073565))
   Index Searches: 1
   Prefetch: distance=197.080 count=689434 stalls=3307256 skipped=51876 resets=0 ungets=36 forwarded=19
             histogram [2,4) => 108126, [4,8) => 808, [8,16) => 16, [16,32) => 31, [32,64) => 257, [64,128) => 5060, [128,256) => 412906, [256,512) => 162230
   Buffers: shared hit=3933364 read=74404
 Settings: enable_bitmapscan = 'off', enable_seqscan = 'off', max_parallel_workers_per_gather = '0'
 Planning:
   Buffers: shared hit=78 read=26
 Planning Time: 2.032 ms
 Execution Time: 1599.515 ms
(12 rows)

SET
SET
SET
SET
SET
                                             QUERY PLAN                                             
----------------------------------------------------------------------------------------------------
 Index Scan Backward using idx on public.t (actual rows=4048576.00 loops=1)
   Output: a, b
   Index Cond: ((t.a >= 24990) AND (t.a <= 4073565))
   Index Searches: 1
   Buffers: shared hit=4007768
 Settings: enable_bitmapscan = 'off', enable_seqscan = 'off', max_parallel_workers_per_gather = '0'
 Planning:
   Buffers: shared hit=109
 Planning Time: 0.195 ms
 Execution Time: 606.248 ms
(10 rows)

