SET
SET
SET
SET
SET
                                             QUERY PLAN                                             
----------------------------------------------------------------------------------------------------
 Index Scan Backward using idx on public.t (actual rows=256.00 loops=1)
   Output: a, b
   Index Cond: ((t.a >= 8000) AND (t.a <= 8255))
   Index Searches: 1
   Prefetch: distance=2.000 count=8 stalls=47 skipped=1 resets=0 ungets=0 forwarded=0
             histogram [2,4) => 8
   Buffers: shared hit=174 read=85
 Settings: enable_bitmapscan = 'off', enable_seqscan = 'off', max_parallel_workers_per_gather = '0'
 Planning:
   Buffers: shared hit=82 read=26
 Planning Time: 1.388 ms
 Execution Time: 4.932 ms
(12 rows)

SET
SET
SET
SET
SET
                                             QUERY PLAN                                             
----------------------------------------------------------------------------------------------------
 Index Scan Backward using idx on public.t (actual rows=256.00 loops=1)
   Output: a, b
   Index Cond: ((t.a >= 8000) AND (t.a <= 8255))
   Index Searches: 1
   Buffers: shared hit=259
 Settings: enable_bitmapscan = 'off', enable_seqscan = 'off', max_parallel_workers_per_gather = '0'
 Planning:
   Buffers: shared hit=113
 Planning Time: 0.131 ms
 Execution Time: 0.084 ms
(10 rows)

