SET
SET
SET
SET
SET
                                             QUERY PLAN                                             
----------------------------------------------------------------------------------------------------
 Index Scan Backward using idx on public.t (actual rows=4096.00 loops=1)
   Output: a, b
   Index Cond: ((t.a >= 19952) AND (t.a <= 24047))
   Index Searches: 1
   Prefetch: distance=2.055 count=128 stalls=3599 skipped=43 resets=0 ungets=0 forwarded=0
             histogram [2,4) => 126, [4,8) => 2
   Buffers: shared hit=3916 read=154
 Settings: enable_bitmapscan = 'off', enable_seqscan = 'off', max_parallel_workers_per_gather = '0'
 Planning:
   Buffers: shared hit=82 read=26
 Planning Time: 2.088 ms
 Execution Time: 6.952 ms
(12 rows)

SET
SET
SET
SET
SET
                                             QUERY PLAN                                             
----------------------------------------------------------------------------------------------------
 Index Scan Backward using idx on public.t (actual rows=4096.00 loops=1)
   Output: a, b
   Index Cond: ((t.a >= 19952) AND (t.a <= 24047))
   Index Searches: 1
   Buffers: shared hit=4070
 Settings: enable_bitmapscan = 'off', enable_seqscan = 'off', max_parallel_workers_per_gather = '0'
 Planning:
   Buffers: shared hit=113
 Planning Time: 0.231 ms
 Execution Time: 0.762 ms
(10 rows)

