SET
SET
SET
SET
SET
                                                                    QUERY PLAN                                                                     
---------------------------------------------------------------------------------------------------------------------------------------------------
 Index Scan Backward using idx on public.t (actual rows=65536.00 loops=1)
   Output: a, b
   Index Cond: ((t.a >= 28614) AND (t.a <= 94149))
   Index Searches: 1
   Prefetch: distance=233.035 count=64677 stalls=1 skipped=794 resets=0 ungets=18 forwarded=3
             histogram [2,4) => 4, [4,8) => 8, [8,16) => 10, [16,32) => 18, [32,64) => 54, [64,128) => 692, [128,256) => 45639, [256,512) => 18252
   Buffers: shared hit=63638 read=1287
 Settings: enable_bitmapscan = 'off', enable_seqscan = 'off', max_parallel_workers_per_gather = '0'
 Planning:
   Buffers: shared hit=82 read=26
 Planning Time: 2.067 ms
 Execution Time: 31.372 ms
(12 rows)

SET
SET
SET
SET
SET
                                             QUERY PLAN                                             
----------------------------------------------------------------------------------------------------
 Index Scan Backward using idx on public.t (actual rows=65536.00 loops=1)
   Output: a, b
   Index Cond: ((t.a >= 28614) AND (t.a <= 94149))
   Index Searches: 1
   Buffers: shared hit=64925
 Settings: enable_bitmapscan = 'off', enable_seqscan = 'off', max_parallel_workers_per_gather = '0'
 Planning:
   Buffers: shared hit=113
 Planning Time: 0.213 ms
 Execution Time: 9.600 ms
(10 rows)

