SET
SET
SET
SET
SET
                                                                          QUERY PLAN                                                                           
---------------------------------------------------------------------------------------------------------------------------------------------------------------
 Index Scan Backward using idx on public.t (actual rows=8048576.00 loops=1)
   Output: a, b
   Index Cond: ((t.a >= 13983) AND (t.a <= 8062558))
   Index Searches: 1
   Prefetch: distance=167.816 count=825911 stalls=7119564 skipped=103059 resets=0 ungets=31 forwarded=21
             histogram [2,4) => 232747, [4,8) => 1810, [8,16) => 19, [16,32) => 37, [32,64) => 277, [64,128) => 5436, [128,256) => 420170, [256,512) => 165415
   Buffers: shared hit=7819679 read=147835
 Settings: enable_bitmapscan = 'off', enable_seqscan = 'off', max_parallel_workers_per_gather = '0'
 Planning:
   Buffers: shared hit=78 read=26
 Planning Time: 2.025 ms
 Execution Time: 3167.615 ms
(12 rows)

SET
SET
SET
SET
SET
                                             QUERY PLAN                                             
----------------------------------------------------------------------------------------------------
 Index Scan Backward using idx on public.t (actual rows=8048576.00 loops=1)
   Output: a, b
   Index Cond: ((t.a >= 13983) AND (t.a <= 8062558))
   Index Searches: 1
   Buffers: shared hit=7967514
 Settings: enable_bitmapscan = 'off', enable_seqscan = 'off', max_parallel_workers_per_gather = '0'
 Planning:
   Buffers: shared hit=109
 Planning Time: 0.229 ms
 Execution Time: 1190.035 ms
(10 rows)

