SET
SET
SET
SET
SET
                                                                 QUERY PLAN                                                                 
--------------------------------------------------------------------------------------------------------------------------------------------
 Index Scan Backward using idx on public.t (actual rows=1024.00 loops=1)
   Output: a, b
   Index Cond: ((t.a >= 30388) AND (t.a <= 30643))
   Index Searches: 1
   Prefetch: distance=249.433 count=1044 stalls=3 skipped=9 resets=0 ungets=99 forwarded=0
             histogram [2,4) => 6, [4,8) => 6, [8,16) => 9, [16,32) => 13, [32,64) => 27, [64,128) => 4, [128,256) => 163, [256,512) => 816
   Buffers: shared hit=881 read=142
 Settings: enable_bitmapscan = 'off', enable_seqscan = 'off', max_parallel_workers_per_gather = '0'
 Planning:
   Buffers: shared hit=78 read=22
 Planning Time: 1.509 ms
 Execution Time: 6.587 ms
(12 rows)

SET
SET
SET
SET
SET
                                             QUERY PLAN                                             
----------------------------------------------------------------------------------------------------
 Index Scan Backward using idx on public.t (actual rows=1024.00 loops=1)
   Output: a, b
   Index Cond: ((t.a >= 30388) AND (t.a <= 30643))
   Index Searches: 1
   Buffers: shared hit=1023
 Settings: enable_bitmapscan = 'off', enable_seqscan = 'off', max_parallel_workers_per_gather = '0'
 Planning:
   Buffers: shared hit=105
 Planning Time: 0.175 ms
 Execution Time: 0.297 ms
(10 rows)

