SET
SET
SET
SET
SET
                                                                  QUERY PLAN                                                                  
----------------------------------------------------------------------------------------------------------------------------------------------
 Index Scan Backward using idx on public.t (actual rows=32768.00 loops=1)
   Output: a, b
   Index Cond: ((t.a >= 32238) AND (t.a <= 40429))
   Index Searches: 1
   Prefetch: distance=262.646 count=35243 stalls=1 skipped=478 resets=0 ungets=2969 forwarded=0
             histogram [2,4) => 6, [4,8) => 4, [8,16) => 6, [16,32) => 10, [32,64) => 3, [64,128) => 2, [128,256) => 6429, [256,512) => 28783
   Buffers: shared hit=30643 read=1702
 Settings: enable_bitmapscan = 'off', enable_seqscan = 'off', max_parallel_workers_per_gather = '0'
 Planning:
   Buffers: shared hit=78 read=22
 Planning Time: 1.720 ms
 Execution Time: 18.200 ms
(12 rows)

SET
SET
SET
SET
SET
                                             QUERY PLAN                                             
----------------------------------------------------------------------------------------------------
 Index Scan Backward using idx on public.t (actual rows=32768.00 loops=1)
   Output: a, b
   Index Cond: ((t.a >= 32238) AND (t.a <= 40429))
   Index Searches: 1
   Buffers: shared hit=32345
 Settings: enable_bitmapscan = 'off', enable_seqscan = 'off', max_parallel_workers_per_gather = '0'
 Planning:
   Buffers: shared hit=105
 Planning Time: 0.183 ms
 Execution Time: 3.416 ms
(10 rows)

