SET
SET
SET
SET
SET
                                                                QUERY PLAN                                                                
------------------------------------------------------------------------------------------------------------------------------------------
 Index Scan Backward using idx on public.t (actual rows=512.00 loops=1)
   Output: a, b
   Index Cond: ((t.a >= 15861) AND (t.a <= 16372))
   Index Searches: 1
   Prefetch: distance=244.044 count=526 stalls=2 skipped=9 resets=0 ungets=50 forwarded=0
             histogram [2,4) => 2, [4,8) => 7, [8,16) => 9, [16,32) => 10, [32,64) => 8, [64,128) => 6, [128,256) => 92, [256,512) => 392
   Buffers: shared hit=418 read=93
 Settings: enable_bitmapscan = 'off', enable_seqscan = 'off', max_parallel_workers_per_gather = '0'
 Planning:
   Buffers: shared hit=82 read=26
 Planning Time: 1.859 ms
 Execution Time: 3.649 ms
(12 rows)

SET
SET
SET
SET
SET
                                             QUERY PLAN                                             
----------------------------------------------------------------------------------------------------
 Index Scan Backward using idx on public.t (actual rows=512.00 loops=1)
   Output: a, b
   Index Cond: ((t.a >= 15861) AND (t.a <= 16372))
   Index Searches: 1
   Buffers: shared hit=511
 Settings: enable_bitmapscan = 'off', enable_seqscan = 'off', max_parallel_workers_per_gather = '0'
 Planning:
   Buffers: shared hit=113
 Planning Time: 0.134 ms
 Execution Time: 0.111 ms
(10 rows)

