SET
SET
SET
SET
SET
                                                                    QUERY PLAN                                                                    
--------------------------------------------------------------------------------------------------------------------------------------------------
 Index Scan Backward using idx on public.t (actual rows=131072.00 loops=1)
   Output: a, b
   Index Cond: ((t.a >= 10850) AND (t.a <= 43617))
   Index Searches: 1
   Prefetch: distance=262.753 count=140647 stalls=4 skipped=1968 resets=0 ungets=11610 forwarded=0
             histogram [2,4) => 2, [4,8) => 5, [8,16) => 11, [16,32) => 13, [32,64) => 11, [64,128) => 2, [128,256) => 25790, [256,512) => 114813
   Buffers: shared hit=122776 read=6529
 Settings: enable_bitmapscan = 'off', enable_seqscan = 'off', max_parallel_workers_per_gather = '0'
 Planning:
   Buffers: shared hit=78 read=26
 Planning Time: 2.041 ms
 Execution Time: 64.629 ms
(12 rows)

SET
SET
SET
SET
SET
                                             QUERY PLAN                                             
----------------------------------------------------------------------------------------------------
 Index Scan Backward using idx on public.t (actual rows=131072.00 loops=1)
   Output: a, b
   Index Cond: ((t.a >= 10850) AND (t.a <= 43617))
   Index Searches: 1
   Buffers: shared hit=129305
 Settings: enable_bitmapscan = 'off', enable_seqscan = 'off', max_parallel_workers_per_gather = '0'
 Planning:
   Buffers: shared hit=109
 Planning Time: 0.203 ms
 Execution Time: 18.651 ms
(10 rows)

