SET
SET
SET
SET
SET
                                                                    QUERY PLAN                                                                    
--------------------------------------------------------------------------------------------------------------------------------------------------
 Index Scan Backward using idx on public.t (actual rows=65536.00 loops=1)
   Output: a, b
   Index Cond: ((t.a >= 12187) AND (t.a <= 77722))
   Index Searches: 1
   Prefetch: distance=232.272 count=64765 stalls=1 skipped=773 resets=0 ungets=42 forwarded=4
             histogram [2,4) => 6, [4,8) => 6, [8,16) => 8, [16,32) => 18, [32,64) => 43, [64,128) => 800, [128,256) => 45479, [256,512) => 18405
   Buffers: shared hit=63661 read=1286
 Settings: enable_bitmapscan = 'off', enable_seqscan = 'off', max_parallel_workers_per_gather = '0'
 Planning:
   Buffers: shared hit=82 read=26
 Planning Time: 2.066 ms
 Execution Time: 34.651 ms
(12 rows)

SET
SET
SET
SET
SET
                                             QUERY PLAN                                             
----------------------------------------------------------------------------------------------------
 Index Scan Backward using idx on public.t (actual rows=65536.00 loops=1)
   Output: a, b
   Index Cond: ((t.a >= 12187) AND (t.a <= 77722))
   Index Searches: 1
   Buffers: shared hit=64947
 Settings: enable_bitmapscan = 'off', enable_seqscan = 'off', max_parallel_workers_per_gather = '0'
 Planning:
   Buffers: shared hit=113
 Planning Time: 0.210 ms
 Execution Time: 9.480 ms
(10 rows)

