SET
SET
SET
SET
SET
                                                                   QUERY PLAN                                                                    
-------------------------------------------------------------------------------------------------------------------------------------------------
 Index Scan Backward using idx on public.t (actual rows=32768.00 loops=1)
   Output: a, b
   Index Cond: ((t.a >= 8530) AND (t.a <= 41297))
   Index Searches: 1
   Prefetch: distance=232.276 count=32383 stalls=4 skipped=382 resets=0 ungets=37 forwarded=2
             histogram [2,4) => 6, [4,8) => 8, [8,16) => 17, [16,32) => 11, [32,64) => 2, [64,128) => 339, [128,256) => 22683, [256,512) => 9317
   Buffers: shared hit=31794 read=686
 Settings: enable_bitmapscan = 'off', enable_seqscan = 'off', max_parallel_workers_per_gather = '0'
 Planning:
   Buffers: shared hit=82 read=26
 Planning Time: 2.100 ms
 Execution Time: 19.215 ms
(12 rows)

SET
SET
SET
SET
SET
                                             QUERY PLAN                                             
----------------------------------------------------------------------------------------------------
 Index Scan Backward using idx on public.t (actual rows=32768.00 loops=1)
   Output: a, b
   Index Cond: ((t.a >= 8530) AND (t.a <= 41297))
   Index Searches: 1
   Buffers: shared hit=32480
 Settings: enable_bitmapscan = 'off', enable_seqscan = 'off', max_parallel_workers_per_gather = '0'
 Planning:
   Buffers: shared hit=113
 Planning Time: 0.198 ms
 Execution Time: 4.837 ms
(10 rows)

