SET
SET
SET
SET
SET
                                                                          QUERY PLAN                                                                           
---------------------------------------------------------------------------------------------------------------------------------------------------------------
 Index Scan Backward using idx on public.t (actual rows=9048576.00 loops=1)
   Output: a, b
   Index Cond: ((t.a >= 27936) AND (t.a <= 9076511))
   Index Searches: 1
   Prefetch: distance=160.789 count=844107 stalls=8088778 skipped=115718 resets=0 ungets=55 forwarded=22
             histogram [2,4) => 264424, [4,8) => 2060, [8,16) => 16, [16,32) => 38, [32,64) => 263, [64,128) => 4965, [128,256) => 408285, [256,512) => 164056
   Buffers: shared hit=8791397 read=166189
 Settings: enable_bitmapscan = 'off', enable_seqscan = 'off', max_parallel_workers_per_gather = '0'
 Planning:
   Buffers: shared hit=78 read=26
 Planning Time: 2.073 ms
 Execution Time: 3640.187 ms
(12 rows)

SET
SET
SET
SET
SET
                                             QUERY PLAN                                             
----------------------------------------------------------------------------------------------------
 Index Scan Backward using idx on public.t (actual rows=9048576.00 loops=1)
   Output: a, b
   Index Cond: ((t.a >= 27936) AND (t.a <= 9076511))
   Index Searches: 1
   Buffers: shared hit=8957586
 Settings: enable_bitmapscan = 'off', enable_seqscan = 'off', max_parallel_workers_per_gather = '0'
 Planning:
   Buffers: shared hit=109
 Planning Time: 0.235 ms
 Execution Time: 1362.291 ms
(10 rows)

