SET
SET
SET
SET
SET
                                                                   QUERY PLAN                                                                   
------------------------------------------------------------------------------------------------------------------------------------------------
 Index Scan Backward using idx on public.t (actual rows=16384.00 loops=1)
   Output: a, b
   Index Cond: ((t.a >= 13658) AND (t.a <= 30041))
   Index Searches: 1
   Prefetch: distance=232.824 count=16240 stalls=1 skipped=176 resets=0 ungets=65 forwarded=1
             histogram [2,4) => 2, [4,8) => 3, [8,16) => 9, [16,32) => 12, [32,64) => 3, [64,128) => 183, [128,256) => 11160, [256,512) => 4868
   Buffers: shared hit=15873 read=385
 Settings: enable_bitmapscan = 'off', enable_seqscan = 'off', max_parallel_workers_per_gather = '0'
 Planning:
   Buffers: shared hit=82 read=26
 Planning Time: 2.053 ms
 Execution Time: 10.729 ms
(12 rows)

SET
SET
SET
SET
SET
                                             QUERY PLAN                                             
----------------------------------------------------------------------------------------------------
 Index Scan Backward using idx on public.t (actual rows=16384.00 loops=1)
   Output: a, b
   Index Cond: ((t.a >= 13658) AND (t.a <= 30041))
   Index Searches: 1
   Buffers: shared hit=16258
 Settings: enable_bitmapscan = 'off', enable_seqscan = 'off', max_parallel_workers_per_gather = '0'
 Planning:
   Buffers: shared hit=113
 Planning Time: 0.188 ms
 Execution Time: 2.502 ms
(10 rows)

