SET
SET
SET
SET
SET
                                                                    QUERY PLAN                                                                    
--------------------------------------------------------------------------------------------------------------------------------------------------
 Index Scan Backward using idx on public.t (actual rows=32768.00 loops=1)
   Output: a, b
   Index Cond: ((t.a >= 6677) AND (t.a <= 39444))
   Index Searches: 1
   Prefetch: distance=233.337 count=32353 stalls=5 skipped=383 resets=0 ungets=32 forwarded=2
             histogram [2,4) => 10, [4,8) => 5, [8,16) => 8, [16,32) => 15, [32,64) => 20, [64,128) => 251, [128,256) => 22642, [256,512) => 9402
   Buffers: shared hit=31793 read=687
 Settings: enable_bitmapscan = 'off', enable_seqscan = 'off', max_parallel_workers_per_gather = '0'
 Planning:
   Buffers: shared hit=82 read=26
 Planning Time: 2.058 ms
 Execution Time: 18.301 ms
(12 rows)

SET
SET
SET
SET
SET
                                             QUERY PLAN                                             
----------------------------------------------------------------------------------------------------
 Index Scan Backward using idx on public.t (actual rows=32768.00 loops=1)
   Output: a, b
   Index Cond: ((t.a >= 6677) AND (t.a <= 39444))
   Index Searches: 1
   Buffers: shared hit=32480
 Settings: enable_bitmapscan = 'off', enable_seqscan = 'off', max_parallel_workers_per_gather = '0'
 Planning:
   Buffers: shared hit=113
 Planning Time: 0.188 ms
 Execution Time: 4.724 ms
(10 rows)

