SET
SET
SET
SET
SET
                                                                   QUERY PLAN                                                                   
------------------------------------------------------------------------------------------------------------------------------------------------
 Index Scan Backward using idx on public.t (actual rows=8192.00 loops=1)
   Output: a, b
   Index Cond: ((t.a >= 21005) AND (t.a <= 29196))
   Index Searches: 1
   Prefetch: distance=232.892 count=8180 stalls=1 skipped=88 resets=0 ungets=82 forwarded=2
             histogram [2,4) => 6, [4,8) => 3, [8,16) => 10, [16,32) => 10, [32,64) => 4, [64,128) => 112, [128,256) => 5416, [256,512) => 2619
   Buffers: shared hit=7897 read=236
 Settings: enable_bitmapscan = 'off', enable_seqscan = 'off', max_parallel_workers_per_gather = '0'
 Planning:
   Buffers: shared hit=82 read=26
 Planning Time: 2.051 ms
 Execution Time: 5.649 ms
(12 rows)

SET
SET
SET
SET
SET
                                             QUERY PLAN                                             
----------------------------------------------------------------------------------------------------
 Index Scan Backward using idx on public.t (actual rows=8192.00 loops=1)
   Output: a, b
   Index Cond: ((t.a >= 21005) AND (t.a <= 29196))
   Index Searches: 1
   Buffers: shared hit=8133
 Settings: enable_bitmapscan = 'off', enable_seqscan = 'off', max_parallel_workers_per_gather = '0'
 Planning:
   Buffers: shared hit=113
 Planning Time: 0.219 ms
 Execution Time: 1.385 ms
(10 rows)

