SET
SET
SET
SET
SET
                                                                          QUERY PLAN                                                                           
---------------------------------------------------------------------------------------------------------------------------------------------------------------
 Index Scan Backward using idx on public.t (actual rows=9048576.00 loops=1)
   Output: a, b
   Index Cond: ((t.a >= 31194) AND (t.a <= 9079769))
   Index Searches: 1
   Prefetch: distance=160.268 count=840918 stalls=8091887 skipped=115726 resets=0 ungets=19 forwarded=21
             histogram [2,4) => 264528, [4,8) => 2061, [8,16) => 16, [16,32) => 35, [32,64) => 287, [64,128) => 5265, [128,256) => 407398, [256,512) => 161328
   Buffers: shared hit=8791385 read=166190
 Settings: enable_bitmapscan = 'off', enable_seqscan = 'off', max_parallel_workers_per_gather = '0'
 Planning:
   Buffers: shared hit=78 read=26
 Planning Time: 2.076 ms
 Execution Time: 3578.395 ms
(12 rows)

SET
SET
SET
SET
SET
                                             QUERY PLAN                                             
----------------------------------------------------------------------------------------------------
 Index Scan Backward using idx on public.t (actual rows=9048576.00 loops=1)
   Output: a, b
   Index Cond: ((t.a >= 31194) AND (t.a <= 9079769))
   Index Searches: 1
   Buffers: shared hit=8957575
 Settings: enable_bitmapscan = 'off', enable_seqscan = 'off', max_parallel_workers_per_gather = '0'
 Planning:
   Buffers: shared hit=109
 Planning Time: 0.238 ms
 Execution Time: 1335.328 ms
(10 rows)

