SET
SET
SET
SET
SET
                                                                          QUERY PLAN                                                                          
--------------------------------------------------------------------------------------------------------------------------------------------------------------
 Index Scan Backward using idx on public.t (actual rows=4048576.00 loops=1)
   Output: a, b
   Index Cond: ((t.a >= 8912) AND (t.a <= 4057487))
   Index Searches: 1
   Prefetch: distance=198.190 count=704897 stalls=3291907 skipped=51825 resets=0 ungets=73 forwarded=20
             histogram [2,4) => 107628, [4,8) => 806, [8,16) => 20, [16,32) => 28, [32,64) => 265, [64,128) => 5422, [128,256) => 421705, [256,512) => 169023
   Buffers: shared hit=3933412 read=74407
 Settings: enable_bitmapscan = 'off', enable_seqscan = 'off', max_parallel_workers_per_gather = '0'
 Planning:
   Buffers: shared hit=78 read=26
 Planning Time: 2.079 ms
 Execution Time: 1633.277 ms
(12 rows)

SET
SET
SET
SET
SET
                                             QUERY PLAN                                             
----------------------------------------------------------------------------------------------------
 Index Scan Backward using idx on public.t (actual rows=4048576.00 loops=1)
   Output: a, b
   Index Cond: ((t.a >= 8912) AND (t.a <= 4057487))
   Index Searches: 1
   Buffers: shared hit=4007819
 Settings: enable_bitmapscan = 'off', enable_seqscan = 'off', max_parallel_workers_per_gather = '0'
 Planning:
   Buffers: shared hit=109
 Planning Time: 0.193 ms
 Execution Time: 602.392 ms
(10 rows)

