SET
SET
SET
SET
SET
                                                                  QUERY PLAN                                                                   
-----------------------------------------------------------------------------------------------------------------------------------------------
 Index Scan using idx on public.t (actual rows=32768.00 loops=1)
   Output: a, b
   Index Cond: ((t.a >= 17546) AND (t.a <= 50313))
   Index Searches: 1
   Prefetch: distance=249.152 count=32462 stalls=1 skipped=377 resets=0 ungets=94 forwarded=1
             histogram [2,4) => 2, [4,8) => 6, [8,16) => 8, [16,32) => 10, [32,64) => 3, [64,128) => 2, [128,256) => 16862, [256,512) => 15569
   Buffers: shared hit=31801 read=685
 Settings: enable_bitmapscan = 'off', enable_seqscan = 'off', max_parallel_workers_per_gather = '0'
 Planning:
   Buffers: shared hit=86 read=26
 Planning Time: 2.050 ms
 Execution Time: 20.336 ms
(12 rows)

SET
SET
SET
SET
SET
                                             QUERY PLAN                                             
----------------------------------------------------------------------------------------------------
 Index Scan using idx on public.t (actual rows=32768.00 loops=1)
   Output: a, b
   Index Cond: ((t.a >= 17546) AND (t.a <= 50313))
   Index Searches: 1
   Buffers: shared hit=32486
 Settings: enable_bitmapscan = 'off', enable_seqscan = 'off', max_parallel_workers_per_gather = '0'
 Planning:
   Buffers: shared hit=117
 Planning Time: 0.189 ms
 Execution Time: 4.629 ms
(10 rows)

