SET
SET
SET
SET
SET
                                                                           QUERY PLAN                                                                           
----------------------------------------------------------------------------------------------------------------------------------------------------------------
 Index Scan using idx on public.t (actual rows=9048576.00 loops=1)
   Output: a, b
   Index Cond: ((t.a >= 20358) AND (t.a <= 9068933))
   Index Searches: 1
   Prefetch: distance=223.862 count=2206464 stalls=6727304 skipped=115710 resets=0 ungets=938 forwarded=223
             histogram [2,4) => 219928, [4,8) => 1664, [8,16) => 19, [16,32) => 49, [32,64) => 119, [64,128) => 2586, [128,256) => 1040815, [256,512) => 941284
   Buffers: shared hit=8791405 read=166189
 Settings: enable_bitmapscan = 'off', enable_seqscan = 'off', max_parallel_workers_per_gather = '0'
 Planning:
   Buffers: shared hit=82 read=26
 Planning Time: 2.038 ms
 Execution Time: 8966.832 ms
(12 rows)

SET
SET
SET
SET
SET
                                             QUERY PLAN                                             
----------------------------------------------------------------------------------------------------
 Index Scan using idx on public.t (actual rows=9048576.00 loops=1)
   Output: a, b
   Index Cond: ((t.a >= 20358) AND (t.a <= 9068933))
   Index Searches: 1
   Buffers: shared hit=8957594
 Settings: enable_bitmapscan = 'off', enable_seqscan = 'off', max_parallel_workers_per_gather = '0'
 Planning:
   Buffers: shared hit=113
 Planning Time: 0.239 ms
 Execution Time: 1345.142 ms
(10 rows)

