SET
SET
SET
SET
SET
                                                                      QUERY PLAN                                                                      
------------------------------------------------------------------------------------------------------------------------------------------------------
 Index Scan using idx on public.t (actual rows=524288.00 loops=1)
   Output: a, b
   Index Cond: ((t.a >= 11754) AND (t.a <= 536041))
   Index Searches: 1
   Prefetch: distance=249.176 count=517845 stalls=6 skipped=6651 resets=0 ungets=282 forwarded=65
             histogram [2,4) => 10, [4,8) => 7, [8,16) => 15, [16,32) => 16, [32,64) => 29, [64,128) => 654, [128,256) => 267729, [256,512) => 249385
   Buffers: shared hit=509363 read=9711
 Settings: enable_bitmapscan = 'off', enable_seqscan = 'off', max_parallel_workers_per_gather = '0'
 Planning:
   Buffers: shared hit=82 read=26
 Planning Time: 2.070 ms
 Execution Time: 269.997 ms
(12 rows)

SET
SET
SET
SET
SET
                                             QUERY PLAN                                             
----------------------------------------------------------------------------------------------------
 Index Scan using idx on public.t (actual rows=524288.00 loops=1)
   Output: a, b
   Index Cond: ((t.a >= 11754) AND (t.a <= 536041))
   Index Searches: 1
   Buffers: shared hit=519075
 Settings: enable_bitmapscan = 'off', enable_seqscan = 'off', max_parallel_workers_per_gather = '0'
 Planning:
   Buffers: shared hit=113
 Planning Time: 0.189 ms
 Execution Time: 78.489 ms
(10 rows)

