SET
SET
SET
SET
SET
                                                                  QUERY PLAN                                                                  
----------------------------------------------------------------------------------------------------------------------------------------------
 Index Scan using idx on public.t (actual rows=8192.00 loops=1)
   Output: a, b
   Index Cond: ((t.a >= 30768) AND (t.a <= 38959))
   Index Searches: 1
   Prefetch: distance=251.860 count=8164 stalls=1 skipped=102 resets=0 ungets=89 forwarded=4
             histogram [2,4) => 4, [4,8) => 3, [8,16) => 10, [16,32) => 10, [32,64) => 2, [64,128) => 2, [128,256) => 3796, [256,512) => 4337
   Buffers: shared hit=7879 read=240
 Settings: enable_bitmapscan = 'off', enable_seqscan = 'off', max_parallel_workers_per_gather = '0'
 Planning:
   Buffers: shared hit=86 read=26
 Planning Time: 2.067 ms
 Execution Time: 7.685 ms
(12 rows)

SET
SET
SET
SET
SET
                                             QUERY PLAN                                             
----------------------------------------------------------------------------------------------------
 Index Scan using idx on public.t (actual rows=8192.00 loops=1)
   Output: a, b
   Index Cond: ((t.a >= 30768) AND (t.a <= 38959))
   Index Searches: 1
   Buffers: shared hit=8119
 Settings: enable_bitmapscan = 'off', enable_seqscan = 'off', max_parallel_workers_per_gather = '0'
 Planning:
   Buffers: shared hit=117
 Planning Time: 0.197 ms
 Execution Time: 1.425 ms
(10 rows)

