SET
SET
SET
SET
SET
                                             QUERY PLAN                                             
----------------------------------------------------------------------------------------------------
 Index Scan using idx on public.t (actual rows=2048.00 loops=1)
   Output: a, b
   Index Cond: ((t.a >= 22722) AND (t.a <= 24769))
   Index Searches: 1
   Prefetch: distance=2.072 count=125 stalls=1807 skipped=18 resets=0 ungets=0 forwarded=0
             histogram [2,4) => 122, [4,8) => 3
   Buffers: shared hit=1920 read=121
 Settings: enable_bitmapscan = 'off', enable_seqscan = 'off', max_parallel_workers_per_gather = '0'
 Planning:
   Buffers: shared hit=86 read=26
 Planning Time: 2.095 ms
 Execution Time: 7.375 ms
(12 rows)

SET
SET
SET
SET
SET
                                             QUERY PLAN                                             
----------------------------------------------------------------------------------------------------
 Index Scan using idx on public.t (actual rows=2048.00 loops=1)
   Output: a, b
   Index Cond: ((t.a >= 22722) AND (t.a <= 24769))
   Index Searches: 1
   Buffers: shared hit=2041
 Settings: enable_bitmapscan = 'off', enable_seqscan = 'off', max_parallel_workers_per_gather = '0'
 Planning:
   Buffers: shared hit=117
 Planning Time: 0.139 ms
 Execution Time: 0.264 ms
(10 rows)

