SET
SET
SET
SET
SET
                                             QUERY PLAN                                             
----------------------------------------------------------------------------------------------------
 Index Scan using idx on public.t (actual rows=4096.00 loops=1)
   Output: a, b
   Index Cond: ((t.a >= 3141) AND (t.a <= 7236))
   Index Searches: 1
   Prefetch: distance=2.000 count=146 stalls=3764 skipped=53 resets=0 ungets=0 forwarded=0
             histogram [2,4) => 146
   Buffers: shared hit=3905 read=155
 Settings: enable_bitmapscan = 'off', enable_seqscan = 'off', max_parallel_workers_per_gather = '0'
 Planning:
   Buffers: shared hit=86 read=26
 Planning Time: 2.068 ms
 Execution Time: 10.268 ms
(12 rows)

SET
SET
SET
SET
SET
                                             QUERY PLAN                                             
----------------------------------------------------------------------------------------------------
 Index Scan using idx on public.t (actual rows=4096.00 loops=1)
   Output: a, b
   Index Cond: ((t.a >= 3141) AND (t.a <= 7236))
   Index Searches: 1
   Buffers: shared hit=4060
 Settings: enable_bitmapscan = 'off', enable_seqscan = 'off', max_parallel_workers_per_gather = '0'
 Planning:
   Buffers: shared hit=117
 Planning Time: 0.180 ms
 Execution Time: 0.736 ms
(10 rows)

