SET
SET
SET
SET
SET
                                                                    QUERY PLAN                                                                     
---------------------------------------------------------------------------------------------------------------------------------------------------
 Index Scan using idx on public.t (actual rows=65536.00 loops=1)
   Output: a, b
   Index Cond: ((t.a >= 28021) AND (t.a <= 93556))
   Index Searches: 1
   Prefetch: distance=248.635 count=64661 stalls=43 skipped=791 resets=0 ungets=36 forwarded=5
             histogram [2,4) => 20, [4,8) => 6, [8,16) => 15, [16,32) => 18, [32,64) => 35, [64,128) => 71, [128,256) => 33378, [256,512) => 31118
   Buffers: shared hit=63645 read=1284
 Settings: enable_bitmapscan = 'off', enable_seqscan = 'off', max_parallel_workers_per_gather = '0'
 Planning:
   Buffers: shared hit=86 read=26
 Planning Time: 2.056 ms
 Execution Time: 40.400 ms
(12 rows)

SET
SET
SET
SET
SET
                                             QUERY PLAN                                             
----------------------------------------------------------------------------------------------------
 Index Scan using idx on public.t (actual rows=65536.00 loops=1)
   Output: a, b
   Index Cond: ((t.a >= 28021) AND (t.a <= 93556))
   Index Searches: 1
   Buffers: shared hit=64929
 Settings: enable_bitmapscan = 'off', enable_seqscan = 'off', max_parallel_workers_per_gather = '0'
 Planning:
   Buffers: shared hit=117
 Planning Time: 0.201 ms
 Execution Time: 9.369 ms
(10 rows)

