SET
SET
SET
SET
SET
                                             QUERY PLAN                                             
----------------------------------------------------------------------------------------------------
 Index Scan using idx on public.t (actual rows=4096.00 loops=1)
   Output: a, b
   Index Cond: ((t.a >= 9126) AND (t.a <= 13221))
   Index Searches: 1
   Prefetch: distance=2.102 count=137 stalls=3650 skipped=47 resets=0 ungets=0 forwarded=0
             histogram [2,4) => 132, [4,8) => 5
   Buffers: shared hit=3904 read=159
 Settings: enable_bitmapscan = 'off', enable_seqscan = 'off', max_parallel_workers_per_gather = '0'
 Planning:
   Buffers: shared hit=86 read=26
 Planning Time: 2.055 ms
 Execution Time: 8.936 ms
(12 rows)

SET
SET
SET
SET
SET
                                             QUERY PLAN                                             
----------------------------------------------------------------------------------------------------
 Index Scan using idx on public.t (actual rows=4096.00 loops=1)
   Output: a, b
   Index Cond: ((t.a >= 9126) AND (t.a <= 13221))
   Index Searches: 1
   Buffers: shared hit=4063
 Settings: enable_bitmapscan = 'off', enable_seqscan = 'off', max_parallel_workers_per_gather = '0'
 Planning:
   Buffers: shared hit=117
 Planning Time: 0.223 ms
 Execution Time: 0.769 ms
(10 rows)

