SET
SET
SET
SET
SET
                                                                          QUERY PLAN                                                                          
--------------------------------------------------------------------------------------------------------------------------------------------------------------
 Index Scan using idx on public.t (actual rows=8048576.00 loops=1)
   Output: a, b
   Index Cond: ((t.a >= 16089) AND (t.a <= 8064664))
   Index Searches: 1
   Prefetch: distance=203.629 count=1214446 stalls=6731401 skipped=103057 resets=0 ungets=399 forwarded=110
             histogram [2,4) => 220064, [4,8) => 1667, [8,16) => 17, [16,32) => 56, [32,64) => 88, [64,128) => 1312, [128,256) => 520255, [256,512) => 470987
   Buffers: shared hit=7819680 read=147835
 Settings: enable_bitmapscan = 'off', enable_seqscan = 'off', max_parallel_workers_per_gather = '0'
 Planning:
   Buffers: shared hit=82 read=26
 Planning Time: 2.071 ms
 Execution Time: 8518.792 ms
(12 rows)

SET
SET
SET
SET
SET
                                             QUERY PLAN                                             
----------------------------------------------------------------------------------------------------
 Index Scan using idx on public.t (actual rows=8048576.00 loops=1)
   Output: a, b
   Index Cond: ((t.a >= 16089) AND (t.a <= 8064664))
   Index Searches: 1
   Buffers: shared hit=7967515
 Settings: enable_bitmapscan = 'off', enable_seqscan = 'off', max_parallel_workers_per_gather = '0'
 Planning:
   Buffers: shared hit=113
 Planning Time: 0.266 ms
 Execution Time: 1209.976 ms
(10 rows)

