SET
SET
SET
SET
SET
                                                               QUERY PLAN                                                                
-----------------------------------------------------------------------------------------------------------------------------------------
 Index Scan Backward using idx on public.t (actual rows=128.00 loops=1)
   Output: a, b
   Index Cond: ((t.a >= 18805) AND (t.a <= 18932))
   Index Searches: 1
   Prefetch: distance=222.135 count=156 stalls=3 skipped=0 resets=0 ungets=40 forwarded=1
             histogram [2,4) => 2, [4,8) => 3, [8,16) => 7, [16,32) => 14, [32,64) => 2, [64,128) => 2, [128,256) => 2, [256,512) => 124
   Buffers: shared hit=69 read=65
 Settings: enable_bitmapscan = 'off', enable_seqscan = 'off', max_parallel_workers_per_gather = '0'
 Planning:
   Buffers: shared hit=82 read=26
 Planning Time: 1.354 ms
 Execution Time: 2.039 ms
(12 rows)

SET
SET
SET
SET
SET
                                             QUERY PLAN                                             
----------------------------------------------------------------------------------------------------
 Index Scan Backward using idx on public.t (actual rows=128.00 loops=1)
   Output: a, b
   Index Cond: ((t.a >= 18805) AND (t.a <= 18932))
   Index Searches: 1
   Buffers: shared hit=134
 Settings: enable_bitmapscan = 'off', enable_seqscan = 'off', max_parallel_workers_per_gather = '0'
 Planning:
   Buffers: shared hit=113
 Planning Time: 0.200 ms
 Execution Time: 0.118 ms
(10 rows)

