SET
SET
SET
SET
SET
                                                                 QUERY PLAN                                                                 
--------------------------------------------------------------------------------------------------------------------------------------------
 Index Scan Backward using idx on public.t (actual rows=4096.00 loops=1)
   Output: a, b
   Index Cond: ((t.a >= 6356) AND (t.a <= 10451))
   Index Searches: 1
   Prefetch: distance=250.546 count=4109 stalls=1 skipped=53 resets=0 ungets=81 forwarded=2
             histogram [2,4) => 4, [4,8) => 6, [8,16) => 7, [16,32) => 9, [32,64) => 2, [64,128) => 2, [128,256) => 1921, [256,512) => 2158
   Buffers: shared hit=3898 read=163
 Settings: enable_bitmapscan = 'off', enable_seqscan = 'off', max_parallel_workers_per_gather = '0'
 Planning:
   Buffers: shared hit=82 read=26
 Planning Time: 2.078 ms
 Execution Time: 4.712 ms
(12 rows)

SET
SET
SET
SET
SET
                                             QUERY PLAN                                             
----------------------------------------------------------------------------------------------------
 Index Scan Backward using idx on public.t (actual rows=4096.00 loops=1)
   Output: a, b
   Index Cond: ((t.a >= 6356) AND (t.a <= 10451))
   Index Searches: 1
   Buffers: shared hit=4061
 Settings: enable_bitmapscan = 'off', enable_seqscan = 'off', max_parallel_workers_per_gather = '0'
 Planning:
   Buffers: shared hit=113
 Planning Time: 0.173 ms
 Execution Time: 0.737 ms
(10 rows)

