SET
SET
SET
SET
SET
                                                                         QUERY PLAN                                                                          
-------------------------------------------------------------------------------------------------------------------------------------------------------------
 Index Scan Backward using idx on public.t (actual rows=4048576.00 loops=1)
   Output: a, b
   Index Cond: ((t.a >= 22786) AND (t.a <= 4071361))
   Index Searches: 1
   Prefetch: distance=206.341 count=691564 stalls=3305141 skipped=51864 resets=0 ungets=47 forwarded=47
             histogram [2,4) => 108060, [4,8) => 815, [8,16) => 16, [16,32) => 30, [32,64) => 91, [64,128) => 1615, [128,256) => 343294, [256,512) => 237643
   Buffers: shared hit=3933377 read=74403
 Settings: enable_bitmapscan = 'off', enable_seqscan = 'off', max_parallel_workers_per_gather = '0'
 Planning:
   Buffers: shared hit=78 read=26
 Planning Time: 2.086 ms
 Execution Time: 1421.287 ms
(12 rows)

SET
SET
SET
SET
SET
                                             QUERY PLAN                                             
----------------------------------------------------------------------------------------------------
 Index Scan Backward using idx on public.t (actual rows=4048576.00 loops=1)
   Output: a, b
   Index Cond: ((t.a >= 22786) AND (t.a <= 4071361))
   Index Searches: 1
   Buffers: shared hit=4007780
 Settings: enable_bitmapscan = 'off', enable_seqscan = 'off', max_parallel_workers_per_gather = '0'
 Planning:
   Buffers: shared hit=109
 Planning Time: 0.212 ms
 Execution Time: 604.515 ms
(10 rows)

