SET
SET
SET
SET
SET
                                                       QUERY PLAN                                                        
-------------------------------------------------------------------------------------------------------------------------
 Index Scan Backward using idx on public.t (actual rows=128.00 loops=1)
   Output: a, b
   Index Cond: ((t.a >= 18404) AND (t.a <= 18531))
   Index Searches: 1
   Prefetch: distance=31.506 count=77 stalls=7 skipped=1 resets=0 ungets=1 forwarded=0
             histogram [2,4) => 16, [4,8) => 6, [8,16) => 9, [16,32) => 17, [32,64) => 18, [64,128) => 9, [128,256) => 2
   Buffers: shared hit=66 read=66
 Settings: enable_bitmapscan = 'off', enable_seqscan = 'off', max_parallel_workers_per_gather = '0'
 Planning:
   Buffers: shared hit=82 read=26
 Planning Time: 1.357 ms
 Execution Time: 3.584 ms
(12 rows)

SET
SET
SET
SET
SET
                                             QUERY PLAN                                             
----------------------------------------------------------------------------------------------------
 Index Scan Backward using idx on public.t (actual rows=128.00 loops=1)
   Output: a, b
   Index Cond: ((t.a >= 18404) AND (t.a <= 18531))
   Index Searches: 1
   Buffers: shared hit=132
 Settings: enable_bitmapscan = 'off', enable_seqscan = 'off', max_parallel_workers_per_gather = '0'
 Planning:
   Buffers: shared hit=113
 Planning Time: 0.210 ms
 Execution Time: 0.114 ms
(10 rows)

