SET
SET
SET
SET
SET
                                                                    QUERY PLAN                                                                    
--------------------------------------------------------------------------------------------------------------------------------------------------
 Index Scan Backward using idx on public.t (actual rows=8192.00 loops=1)
   Output: a, b
   Index Cond: ((t.a >= 7030) AND (t.a <= 15221))
   Index Searches: 1
   Prefetch: distance=239.722 count=8005 stalls=25 skipped=99 resets=0 ungets=9 forwarded=2
             histogram [2,4) => 30, [4,8) => 11, [8,16) => 10, [16,32) => 17, [32,64) => 31, [64,128) => 78, [128,256) => 4632, [256,512) => 3196
   Buffers: shared hit=7887 read=233
 Settings: enable_bitmapscan = 'off', enable_seqscan = 'off', max_parallel_workers_per_gather = '0'
 Planning:
   Buffers: shared hit=82 read=26
 Planning Time: 2.228 ms
 Execution Time: 9.207 ms
(12 rows)

SET
SET
SET
SET
SET
                                             QUERY PLAN                                             
----------------------------------------------------------------------------------------------------
 Index Scan Backward using idx on public.t (actual rows=8192.00 loops=1)
   Output: a, b
   Index Cond: ((t.a >= 7030) AND (t.a <= 15221))
   Index Searches: 1
   Buffers: shared hit=8120
 Settings: enable_bitmapscan = 'off', enable_seqscan = 'off', max_parallel_workers_per_gather = '0'
 Planning:
   Buffers: shared hit=113
 Planning Time: 0.136 ms
 Execution Time: 0.904 ms
(10 rows)

