SET
SET
SET
SET
SET
                                                                          QUERY PLAN                                                                          
--------------------------------------------------------------------------------------------------------------------------------------------------------------
 Index Scan Backward using idx on public.t (actual rows=7048576.00 loops=1)
   Output: a, b
   Index Cond: ((t.a >= 29054) AND (t.a <= 7077629))
   Index Searches: 1
   Prefetch: distance=181.314 count=780137 stalls=6178137 skipped=90397 resets=0 ungets=103 forwarded=49
             histogram [2,4) => 201977, [4,8) => 1552, [8,16) => 18, [16,32) => 25, [32,64) => 54, [64,128) => 1405, [128,256) => 339713, [256,512) => 235393
   Buffers: shared hit=6847966 read=129478
 Settings: enable_bitmapscan = 'off', enable_seqscan = 'off', max_parallel_workers_per_gather = '0'
 Planning:
   Buffers: shared hit=78 read=26
 Planning Time: 2.077 ms
 Execution Time: 2407.829 ms
(12 rows)

SET
SET
SET
SET
SET
                                             QUERY PLAN                                             
----------------------------------------------------------------------------------------------------
 Index Scan Backward using idx on public.t (actual rows=7048576.00 loops=1)
   Output: a, b
   Index Cond: ((t.a >= 29054) AND (t.a <= 7077629))
   Index Searches: 1
   Buffers: shared hit=6977444
 Settings: enable_bitmapscan = 'off', enable_seqscan = 'off', max_parallel_workers_per_gather = '0'
 Planning:
   Buffers: shared hit=109
 Planning Time: 0.227 ms
 Execution Time: 1066.713 ms
(10 rows)

