SET
SET
SET
SET
SET
                                                                 QUERY PLAN                                                                 
--------------------------------------------------------------------------------------------------------------------------------------------
 Index Scan Backward using idx on public.t (actual rows=512.00 loops=1)
   Output: a, b
   Index Cond: ((t.a >= 23548) AND (t.a <= 24059))
   Index Searches: 1
   Prefetch: distance=239.534 count=541 stalls=2 skipped=3 resets=0 ungets=58 forwarded=0
             histogram [2,4) => 4, [4,8) => 13, [8,16) => 9, [16,32) => 11, [32,64) => 7, [64,128) => 6, [128,256) => 127, [256,512) => 364
   Buffers: shared hit=425 read=91
 Settings: enable_bitmapscan = 'off', enable_seqscan = 'off', max_parallel_workers_per_gather = '0'
 Planning:
   Buffers: shared hit=82 read=26
 Planning Time: 1.830 ms
 Execution Time: 3.355 ms
(12 rows)

SET
SET
SET
SET
SET
                                             QUERY PLAN                                             
----------------------------------------------------------------------------------------------------
 Index Scan Backward using idx on public.t (actual rows=512.00 loops=1)
   Output: a, b
   Index Cond: ((t.a >= 23548) AND (t.a <= 24059))
   Index Searches: 1
   Buffers: shared hit=516
 Settings: enable_bitmapscan = 'off', enable_seqscan = 'off', max_parallel_workers_per_gather = '0'
 Planning:
   Buffers: shared hit=113
 Planning Time: 0.179 ms
 Execution Time: 0.182 ms
(10 rows)

