SET
SET
SET
SET
SET
                                                                         QUERY PLAN                                                                         
------------------------------------------------------------------------------------------------------------------------------------------------------------
 Index Scan Backward using idx on public.t (actual rows=2048576.00 loops=1)
   Output: a, b
   Index Cond: ((t.a >= 13660) AND (t.a <= 2062235))
   Index Searches: 1
   Prefetch: distance=227.108 count=637426 stalls=1385097 skipped=26117 resets=0 ungets=94 forwarded=45
             histogram [2,4) => 45293, [4,8) => 328, [8,16) => 17, [16,32) => 28, [32,64) => 55, [64,128) => 1505, [128,256) => 349405, [256,512) => 240795
   Buffers: shared hit=1990372 read=37690
 Settings: enable_bitmapscan = 'off', enable_seqscan = 'off', max_parallel_workers_per_gather = '0'
 Planning:
   Buffers: shared hit=78 read=26
 Planning Time: 2.067 ms
 Execution Time: 756.677 ms
(12 rows)

SET
SET
SET
SET
SET
                                             QUERY PLAN                                             
----------------------------------------------------------------------------------------------------
 Index Scan Backward using idx on public.t (actual rows=2048576.00 loops=1)
   Output: a, b
   Index Cond: ((t.a >= 13660) AND (t.a <= 2062235))
   Index Searches: 1
   Buffers: shared hit=2028062
 Settings: enable_bitmapscan = 'off', enable_seqscan = 'off', max_parallel_workers_per_gather = '0'
 Planning:
   Buffers: shared hit=109
 Planning Time: 0.208 ms
 Execution Time: 306.397 ms
(10 rows)

