SET
SET
SET
SET
SET
                                                                          QUERY PLAN                                                                          
--------------------------------------------------------------------------------------------------------------------------------------------------------------
 Index Scan Backward using idx on public.t (actual rows=8048576.00 loops=1)
   Output: a, b
   Index Cond: ((t.a >= 10757) AND (t.a <= 8059332))
   Index Searches: 1
   Prefetch: distance=175.936 count=829165 stalls=7116452 skipped=103061 resets=0 ungets=107 forwarded=50
             histogram [2,4) => 232641, [4,8) => 1808, [8,16) => 13, [16,32) => 25, [32,64) => 55, [64,128) => 1441, [128,256) => 351173, [256,512) => 242009
   Buffers: shared hit=7819678 read=147834
 Settings: enable_bitmapscan = 'off', enable_seqscan = 'off', max_parallel_workers_per_gather = '0'
 Planning:
   Buffers: shared hit=78 read=26
 Planning Time: 2.048 ms
 Execution Time: 2779.787 ms
(12 rows)

SET
SET
SET
SET
SET
                                             QUERY PLAN                                             
----------------------------------------------------------------------------------------------------
 Index Scan Backward using idx on public.t (actual rows=8048576.00 loops=1)
   Output: a, b
   Index Cond: ((t.a >= 10757) AND (t.a <= 8059332))
   Index Searches: 1
   Buffers: shared hit=7967512
 Settings: enable_bitmapscan = 'off', enable_seqscan = 'off', max_parallel_workers_per_gather = '0'
 Planning:
   Buffers: shared hit=109
 Planning Time: 0.234 ms
 Execution Time: 1240.359 ms
(10 rows)

