SET
SET
SET
SET
SET
                                                                     QUERY PLAN                                                                      
-----------------------------------------------------------------------------------------------------------------------------------------------------
 Index Scan Backward using idx on public.t (actual rows=6048576.00 loops=1)
   Output: a, b
   Index Cond: ((t.a >= 19357) AND (t.a <= 1531500))
   Index Searches: 1
   Prefetch: distance=262.831 count=6492711 stalls=1 skipped=89991 resets=0 ungets=534230 forwarded=11
             histogram [2,4) => 4, [4,8) => 6, [8,16) => 13, [16,32) => 18, [32,64) => 15, [64,128) => 8, [128,256) => 1188863, [256,512) => 5303784
   Buffers: shared hit=5670465 read=297177
 Settings: enable_bitmapscan = 'off', enable_seqscan = 'off', max_parallel_workers_per_gather = '0'
 Planning:
   Buffers: shared hit=78 read=26
 Planning Time: 2.017 ms
 Execution Time: 2692.075 ms
(12 rows)

SET
SET
SET
SET
SET
                                             QUERY PLAN                                             
----------------------------------------------------------------------------------------------------
 Index Scan Backward using idx on public.t (actual rows=6048576.00 loops=1)
   Output: a, b
   Index Cond: ((t.a >= 19357) AND (t.a <= 1531500))
   Index Searches: 1
   Buffers: shared hit=5967643
 Settings: enable_bitmapscan = 'off', enable_seqscan = 'off', max_parallel_workers_per_gather = '0'
 Planning:
   Buffers: shared hit=109
 Planning Time: 0.225 ms
 Execution Time: 955.796 ms
(10 rows)

