SET
SET
SET
SET
SET
                                             QUERY PLAN                                             
----------------------------------------------------------------------------------------------------
 Index Scan Backward using idx on public.t (actual rows=4096.00 loops=1)
   Output: a, b
   Index Cond: ((t.a >= 17554) AND (t.a <= 21649))
   Index Searches: 1
   Prefetch: distance=2.065 count=153 stalls=3738 skipped=43 resets=0 ungets=0 forwarded=0
             histogram [2,4) => 150, [4,8) => 3
   Buffers: shared hit=3912 read=156
 Settings: enable_bitmapscan = 'off', enable_seqscan = 'off', max_parallel_workers_per_gather = '0'
 Planning:
   Buffers: shared hit=82 read=26
 Planning Time: 2.079 ms
 Execution Time: 6.615 ms
(12 rows)

SET
SET
SET
SET
SET
                                             QUERY PLAN                                             
----------------------------------------------------------------------------------------------------
 Index Scan Backward using idx on public.t (actual rows=4096.00 loops=1)
   Output: a, b
   Index Cond: ((t.a >= 17554) AND (t.a <= 21649))
   Index Searches: 1
   Buffers: shared hit=4068
 Settings: enable_bitmapscan = 'off', enable_seqscan = 'off', max_parallel_workers_per_gather = '0'
 Planning:
   Buffers: shared hit=113
 Planning Time: 0.130 ms
 Execution Time: 0.450 ms
(10 rows)

