SET
SET
SET
SET
SET
                                                                  QUERY PLAN                                                                  
----------------------------------------------------------------------------------------------------------------------------------------------
 Index Scan Backward using idx on public.t (actual rows=8192.00 loops=1)
   Output: a, b
   Index Cond: ((t.a >= 14776) AND (t.a <= 22967))
   Index Searches: 1
   Prefetch: distance=245.232 count=8172 stalls=1 skipped=93 resets=0 ungets=86 forwarded=2
             histogram [2,4) => 2, [4,8) => 3, [8,16) => 11, [16,32) => 10, [32,64) => 2, [64,128) => 2, [128,256) => 4645, [256,512) => 3497
   Buffers: shared hit=7891 read=237
 Settings: enable_bitmapscan = 'off', enable_seqscan = 'off', max_parallel_workers_per_gather = '0'
 Planning:
   Buffers: shared hit=82 read=26
 Planning Time: 2.064 ms
 Execution Time: 6.786 ms
(12 rows)

SET
SET
SET
SET
SET
                                             QUERY PLAN                                             
----------------------------------------------------------------------------------------------------
 Index Scan Backward using idx on public.t (actual rows=8192.00 loops=1)
   Output: a, b
   Index Cond: ((t.a >= 14776) AND (t.a <= 22967))
   Index Searches: 1
   Buffers: shared hit=8128
 Settings: enable_bitmapscan = 'off', enable_seqscan = 'off', max_parallel_workers_per_gather = '0'
 Planning:
   Buffers: shared hit=113
 Planning Time: 0.154 ms
 Execution Time: 1.301 ms
(10 rows)

