SET
SET
SET
SET
SET
                                             QUERY PLAN                                             
----------------------------------------------------------------------------------------------------
 Index Scan Backward using idx on public.t (actual rows=2048.00 loops=1)
   Output: a, b
   Index Cond: ((t.a >= 13131) AND (t.a <= 15178))
   Index Searches: 1
   Prefetch: distance=2.038 count=79 stalls=1755 skipped=21 resets=0 ungets=0 forwarded=0
             histogram [2,4) => 78, [4,8) => 1
   Buffers: shared hit=1915 read=121
 Settings: enable_bitmapscan = 'off', enable_seqscan = 'off', max_parallel_workers_per_gather = '0'
 Planning:
   Buffers: shared hit=82 read=26
 Planning Time: 1.606 ms
 Execution Time: 1.931 ms
(12 rows)

SET
SET
SET
SET
SET
                                             QUERY PLAN                                             
----------------------------------------------------------------------------------------------------
 Index Scan Backward using idx on public.t (actual rows=2048.00 loops=1)
   Output: a, b
   Index Cond: ((t.a >= 13131) AND (t.a <= 15178))
   Index Searches: 1
   Buffers: shared hit=2036
 Settings: enable_bitmapscan = 'off', enable_seqscan = 'off', max_parallel_workers_per_gather = '0'
 Planning:
   Buffers: shared hit=113
 Planning Time: 0.155 ms
 Execution Time: 0.264 ms
(10 rows)

