SET
SET
SET
SET
SET
                                                              QUERY PLAN                                                               
---------------------------------------------------------------------------------------------------------------------------------------
 Index Scan Backward using idx on public.t (actual rows=64.00 loops=1)
   Output: a, b
   Index Cond: ((t.a >= 15137) AND (t.a <= 15200))
   Index Searches: 1
   Prefetch: distance=126.019 count=54 stalls=1 skipped=2 resets=0 ungets=10 forwarded=0
             histogram [2,4) => 4, [4,8) => 7, [8,16) => 6, [16,32) => 9, [32,64) => 2, [64,128) => 2, [128,256) => 3, [256,512) => 21
   Buffers: shared hit=22 read=47
 Settings: enable_bitmapscan = 'off', enable_seqscan = 'off', max_parallel_workers_per_gather = '0'
 Planning:
   Buffers: shared hit=82 read=26
 Planning Time: 1.393 ms
 Execution Time: 1.885 ms
(12 rows)

SET
SET
SET
SET
SET
                                             QUERY PLAN                                             
----------------------------------------------------------------------------------------------------
 Index Scan Backward using idx on public.t (actual rows=64.00 loops=1)
   Output: a, b
   Index Cond: ((t.a >= 15137) AND (t.a <= 15200))
   Index Searches: 1
   Buffers: shared hit=69
 Settings: enable_bitmapscan = 'off', enable_seqscan = 'off', max_parallel_workers_per_gather = '0'
 Planning:
   Buffers: shared hit=113
 Planning Time: 0.204 ms
 Execution Time: 0.091 ms
(10 rows)

