SET
SET
SET
SET
SET
                                                                 QUERY PLAN                                                                 
--------------------------------------------------------------------------------------------------------------------------------------------
 Index Scan Backward using idx on public.t (actual rows=256.00 loops=1)
   Output: a, b
   Index Cond: ((t.a >= 31530) AND (t.a <= 31785))
   Index Searches: 1
   Prefetch: distance=74.734 count=158 stalls=5 skipped=2 resets=0 ungets=3 forwarded=0
             histogram [2,4) => 2, [4,8) => 10, [8,16) => 27, [16,32) => 21, [32,64) => 24, [64,128) => 51, [128,256) => 14, [256,512) => 9
   Buffers: shared hit=179 read=79
 Settings: enable_bitmapscan = 'off', enable_seqscan = 'off', max_parallel_workers_per_gather = '0'
 Planning:
   Buffers: shared hit=82 read=26
 Planning Time: 1.907 ms
 Execution Time: 4.794 ms
(12 rows)

SET
SET
SET
SET
SET
                                             QUERY PLAN                                             
----------------------------------------------------------------------------------------------------
 Index Scan Backward using idx on public.t (actual rows=256.00 loops=1)
   Output: a, b
   Index Cond: ((t.a >= 31530) AND (t.a <= 31785))
   Index Searches: 1
   Buffers: shared hit=258
 Settings: enable_bitmapscan = 'off', enable_seqscan = 'off', max_parallel_workers_per_gather = '0'
 Planning:
   Buffers: shared hit=113
 Planning Time: 0.191 ms
 Execution Time: 0.177 ms
(10 rows)

