SET
SET
SET
SET
SET
                                             QUERY PLAN                                             
----------------------------------------------------------------------------------------------------
 Index Scan Backward using idx on public.t (actual rows=4096.00 loops=1)
   Output: a, b
   Index Cond: ((t.a >= 14890) AND (t.a <= 18985))
   Index Searches: 1
   Prefetch: distance=2.053 count=132 stalls=3655 skipped=45 resets=0 ungets=0 forwarded=0
             histogram [2,4) => 129, [4,8) => 3
   Buffers: shared hit=3906 read=159
 Settings: enable_bitmapscan = 'off', enable_seqscan = 'off', max_parallel_workers_per_gather = '0'
 Planning:
   Buffers: shared hit=82 read=26
 Planning Time: 1.601 ms
 Execution Time: 3.849 ms
(12 rows)

SET
SET
SET
SET
SET
                                             QUERY PLAN                                             
----------------------------------------------------------------------------------------------------
 Index Scan Backward using idx on public.t (actual rows=4096.00 loops=1)
   Output: a, b
   Index Cond: ((t.a >= 14890) AND (t.a <= 18985))
   Index Searches: 1
   Buffers: shared hit=4065
 Settings: enable_bitmapscan = 'off', enable_seqscan = 'off', max_parallel_workers_per_gather = '0'
 Planning:
   Buffers: shared hit=113
 Planning Time: 0.196 ms
 Execution Time: 0.747 ms
(10 rows)

