SET
SET
SET
SET
SET
                                                                         QUERY PLAN                                                                         
------------------------------------------------------------------------------------------------------------------------------------------------------------
 Index Scan Backward using idx on public.t (actual rows=2048576.00 loops=1)
   Output: a, b
   Index Cond: ((t.a >= 7764) AND (t.a <= 2056339))
   Index Searches: 1
   Prefetch: distance=227.334 count=642968 stalls=1379450 skipped=26133 resets=0 ungets=45 forwarded=45
             histogram [2,4) => 45117, [4,8) => 332, [8,16) => 14, [16,32) => 32, [32,64) => 95, [64,128) => 1745, [128,256) => 351737, [256,512) => 243896
   Buffers: shared hit=1990354 read=37693
 Settings: enable_bitmapscan = 'off', enable_seqscan = 'off', max_parallel_workers_per_gather = '0'
 Planning:
   Buffers: shared hit=78 read=26
 Planning Time: 2.063 ms
 Execution Time: 755.927 ms
(12 rows)

SET
SET
SET
SET
SET
                                             QUERY PLAN                                             
----------------------------------------------------------------------------------------------------
 Index Scan Backward using idx on public.t (actual rows=2048576.00 loops=1)
   Output: a, b
   Index Cond: ((t.a >= 7764) AND (t.a <= 2056339))
   Index Searches: 1
   Buffers: shared hit=2028047
 Settings: enable_bitmapscan = 'off', enable_seqscan = 'off', max_parallel_workers_per_gather = '0'
 Planning:
   Buffers: shared hit=109
 Planning Time: 0.191 ms
 Execution Time: 312.650 ms
(10 rows)

