SET
SET
SET
SET
SET
                                             QUERY PLAN                                             
----------------------------------------------------------------------------------------------------
 Index Scan using idx on public.t (actual rows=2048.00 loops=1)
   Output: a, b
   Index Cond: ((t.a >= 12730) AND (t.a <= 14777))
   Index Searches: 1
   Prefetch: distance=2.046 count=65 stalls=1611 skipped=18 resets=0 ungets=0 forwarded=0
             histogram [2,4) => 64, [4,8) => 1
   Buffers: shared hit=1916 read=123
 Settings: enable_bitmapscan = 'off', enable_seqscan = 'off', max_parallel_workers_per_gather = '0'
 Planning:
   Buffers: shared hit=86 read=26
 Planning Time: 2.083 ms
 Execution Time: 7.521 ms
(12 rows)

SET
SET
SET
SET
SET
                                             QUERY PLAN                                             
----------------------------------------------------------------------------------------------------
 Index Scan using idx on public.t (actual rows=2048.00 loops=1)
   Output: a, b
   Index Cond: ((t.a >= 12730) AND (t.a <= 14777))
   Index Searches: 1
   Buffers: shared hit=2039
 Settings: enable_bitmapscan = 'off', enable_seqscan = 'off', max_parallel_workers_per_gather = '0'
 Planning:
   Buffers: shared hit=117
 Planning Time: 0.198 ms
 Execution Time: 0.474 ms
(10 rows)

