SET
SET
SET
SET
SET
                                                                    QUERY PLAN                                                                    
--------------------------------------------------------------------------------------------------------------------------------------------------
 Index Scan using idx on public.t (actual rows=8192.00 loops=1)
   Output: a, b
   Index Cond: ((t.a >= 24239) AND (t.a <= 32430))
   Index Searches: 1
   Prefetch: distance=244.851 count=8030 stalls=14 skipped=83 resets=0 ungets=8 forwarded=0
             histogram [2,4) => 18, [4,8) => 25, [8,16) => 11, [16,32) => 26, [32,64) => 41, [64,128) => 49, [128,256) => 4154, [256,512) => 3706
   Buffers: shared hit=7901 read=234
 Settings: enable_bitmapscan = 'off', enable_seqscan = 'off', max_parallel_workers_per_gather = '0'
 Planning:
   Buffers: shared hit=86 read=26
 Planning Time: 2.106 ms
 Execution Time: 9.473 ms
(12 rows)

SET
SET
SET
SET
SET
                                             QUERY PLAN                                             
----------------------------------------------------------------------------------------------------
 Index Scan using idx on public.t (actual rows=8192.00 loops=1)
   Output: a, b
   Index Cond: ((t.a >= 24239) AND (t.a <= 32430))
   Index Searches: 1
   Buffers: shared hit=8135
 Settings: enable_bitmapscan = 'off', enable_seqscan = 'off', max_parallel_workers_per_gather = '0'
 Planning:
   Buffers: shared hit=117
 Planning Time: 0.206 ms
 Execution Time: 1.432 ms
(10 rows)

