SET
SET
SET
SET
SET
                                                                   QUERY PLAN                                                                   
------------------------------------------------------------------------------------------------------------------------------------------------
 Index Scan using idx on public.t (actual rows=16384.00 loops=1)
   Output: a, b
   Index Cond: ((t.a >= 30200) AND (t.a <= 34295))
   Index Searches: 1
   Prefetch: distance=259.636 count=16213 stalls=2 skipped=246 resets=0 ungets=188 forwarded=17
             histogram [2,4) => 8, [4,8) => 6, [8,16) => 9, [16,32) => 18, [32,64) => 27, [64,128) => 10, [128,256) => 3907, [256,512) => 12228
   Buffers: shared hit=15271 read=895
 Settings: enable_bitmapscan = 'off', enable_seqscan = 'off', max_parallel_workers_per_gather = '0'
 Planning:
   Buffers: shared hit=78 read=23
 Planning Time: 1.735 ms
 Execution Time: 11.160 ms
(12 rows)

SET
SET
SET
SET
SET
                                             QUERY PLAN                                             
----------------------------------------------------------------------------------------------------
 Index Scan using idx on public.t (actual rows=16384.00 loops=1)
   Output: a, b
   Index Cond: ((t.a >= 30200) AND (t.a <= 34295))
   Index Searches: 1
   Buffers: shared hit=16166
 Settings: enable_bitmapscan = 'off', enable_seqscan = 'off', max_parallel_workers_per_gather = '0'
 Planning:
   Buffers: shared hit=106
 Planning Time: 0.163 ms
 Execution Time: 1.801 ms
(10 rows)

