SET
SET
SET
SET
SET
                                                QUERY PLAN                                                 
-----------------------------------------------------------------------------------------------------------
 Index Scan using idx on public.t (actual rows=128.00 loops=1)
   Output: a, b
   Index Cond: ((t.a >= 1159) AND (t.a <= 1286))
   Index Searches: 1
   Prefetch: distance=24.253 count=83 stalls=5 skipped=1 resets=0 ungets=0 forwarded=0
             histogram [2,4) => 14, [4,8) => 12, [8,16) => 12, [16,32) => 14, [32,64) => 30, [64,128) => 1
   Buffers: shared hit=78 read=53
 Settings: enable_bitmapscan = 'off', enable_seqscan = 'off', max_parallel_workers_per_gather = '0'
 Planning:
   Buffers: shared hit=86 read=26
 Planning Time: 1.520 ms
 Execution Time: 3.074 ms
(12 rows)

SET
SET
SET
SET
SET
                                             QUERY PLAN                                             
----------------------------------------------------------------------------------------------------
 Index Scan using idx on public.t (actual rows=128.00 loops=1)
   Output: a, b
   Index Cond: ((t.a >= 1159) AND (t.a <= 1286))
   Index Searches: 1
   Buffers: shared hit=131
 Settings: enable_bitmapscan = 'off', enable_seqscan = 'off', max_parallel_workers_per_gather = '0'
 Planning:
   Buffers: shared hit=117
 Planning Time: 0.191 ms
 Execution Time: 0.109 ms
(10 rows)

