SET
SET
SET
SET
SET
                                                               QUERY PLAN                                                                
-----------------------------------------------------------------------------------------------------------------------------------------
 Index Scan using idx on public.t (actual rows=256.00 loops=1)
   Output: a, b
   Index Cond: ((t.a >= 17123) AND (t.a <= 17378))
   Index Searches: 1
   Prefetch: distance=229.619 count=268 stalls=1 skipped=2 resets=0 ungets=42 forwarded=0
             histogram [2,4) => 6, [4,8) => 6, [8,16) => 8, [16,32) => 9, [32,64) => 9, [64,128) => 2, [128,256) => 17, [256,512) => 211
   Buffers: shared hit=182 read=79
 Settings: enable_bitmapscan = 'off', enable_seqscan = 'off', max_parallel_workers_per_gather = '0'
 Planning:
   Buffers: shared hit=86 read=26
 Planning Time: 1.657 ms
 Execution Time: 2.764 ms
(12 rows)

SET
SET
SET
SET
SET
                                             QUERY PLAN                                             
----------------------------------------------------------------------------------------------------
 Index Scan using idx on public.t (actual rows=256.00 loops=1)
   Output: a, b
   Index Cond: ((t.a >= 17123) AND (t.a <= 17378))
   Index Searches: 1
   Buffers: shared hit=261
 Settings: enable_bitmapscan = 'off', enable_seqscan = 'off', max_parallel_workers_per_gather = '0'
 Planning:
   Buffers: shared hit=117
 Planning Time: 0.197 ms
 Execution Time: 0.150 ms
(10 rows)

