SET
SET
SET
SET
SET
                                                                 QUERY PLAN                                                                  
---------------------------------------------------------------------------------------------------------------------------------------------
 Index Scan using idx on public.t (actual rows=2048.00 loops=1)
   Output: a, b
   Index Cond: ((t.a >= 32528) AND (t.a <= 34575))
   Index Searches: 1
   Prefetch: distance=252.455 count=2069 stalls=1 skipped=26 resets=0 ungets=70 forwarded=1
             histogram [2,4) => 2, [4,8) => 6, [8,16) => 6, [16,32) => 17, [32,64) => 11, [64,128) => 4, [128,256) => 658, [256,512) => 1365
   Buffers: shared hit=1913 read=121
 Settings: enable_bitmapscan = 'off', enable_seqscan = 'off', max_parallel_workers_per_gather = '0'
 Planning:
   Buffers: shared hit=86 read=26
 Planning Time: 2.065 ms
 Execution Time: 4.318 ms
(12 rows)

SET
SET
SET
SET
SET
                                             QUERY PLAN                                             
----------------------------------------------------------------------------------------------------
 Index Scan using idx on public.t (actual rows=2048.00 loops=1)
   Output: a, b
   Index Cond: ((t.a >= 32528) AND (t.a <= 34575))
   Index Searches: 1
   Buffers: shared hit=2034
 Settings: enable_bitmapscan = 'off', enable_seqscan = 'off', max_parallel_workers_per_gather = '0'
 Planning:
   Buffers: shared hit=117
 Planning Time: 0.197 ms
 Execution Time: 0.441 ms
(10 rows)

