SET
SET
SET
SET
SET
                                                                   QUERY PLAN                                                                   
------------------------------------------------------------------------------------------------------------------------------------------------
 Index Scan using idx on public.t (actual rows=65536.00 loops=1)
   Output: a, b
   Index Cond: ((t.a >= 14784) AND (t.a <= 80319))
   Index Searches: 1
   Prefetch: distance=249.617 count=64850 stalls=2 skipped=772 resets=0 ungets=104 forwarded=3
             histogram [2,4) => 4, [4,8) => 5, [8,16) => 8, [16,32) => 10, [32,64) => 3, [64,128) => 80, [128,256) => 32957, [256,512) => 31783
   Buffers: shared hit=63660 read=1290
 Settings: enable_bitmapscan = 'off', enable_seqscan = 'off', max_parallel_workers_per_gather = '0'
 Planning:
   Buffers: shared hit=86 read=26
 Planning Time: 2.072 ms
 Execution Time: 36.613 ms
(12 rows)

SET
SET
SET
SET
SET
                                             QUERY PLAN                                             
----------------------------------------------------------------------------------------------------
 Index Scan using idx on public.t (actual rows=65536.00 loops=1)
   Output: a, b
   Index Cond: ((t.a >= 14784) AND (t.a <= 80319))
   Index Searches: 1
   Buffers: shared hit=64950
 Settings: enable_bitmapscan = 'off', enable_seqscan = 'off', max_parallel_workers_per_gather = '0'
 Planning:
   Buffers: shared hit=117
 Planning Time: 0.165 ms
 Execution Time: 9.510 ms
(10 rows)

