SET
SET
SET
SET
SET
                                                                         QUERY PLAN                                                                          
-------------------------------------------------------------------------------------------------------------------------------------------------------------
 Index Scan using idx on public.t (actual rows=5048576.00 loops=1)
   Output: a, b
   Index Cond: ((t.a >= 21446) AND (t.a <= 5070021))
   Index Searches: 1
   Prefetch: distance=180.821 count=530524 stalls=4453562 skipped=64729 resets=0 ungets=279 forwarded=54
             histogram [2,4) => 145612, [4,8) => 1138, [8,16) => 18, [16,32) => 33, [32,64) => 54, [64,128) => 381, [128,256) => 198700, [256,512) => 184588
   Buffers: shared hit=4904881 read=92765
 Settings: enable_bitmapscan = 'off', enable_seqscan = 'off', max_parallel_workers_per_gather = '0'
 Planning:
   Buffers: shared hit=82 read=26
 Planning Time: 2.047 ms
 Execution Time: 5054.168 ms
(12 rows)

SET
SET
SET
SET
SET
                                             QUERY PLAN                                             
----------------------------------------------------------------------------------------------------
 Index Scan using idx on public.t (actual rows=5048576.00 loops=1)
   Output: a, b
   Index Cond: ((t.a >= 21446) AND (t.a <= 5070021))
   Index Searches: 1
   Buffers: shared hit=4997646
 Settings: enable_bitmapscan = 'off', enable_seqscan = 'off', max_parallel_workers_per_gather = '0'
 Planning:
   Buffers: shared hit=113
 Planning Time: 0.194 ms
 Execution Time: 772.343 ms
(10 rows)

