SET
SET
SET
SET
SET
                                                                QUERY PLAN                                                                
------------------------------------------------------------------------------------------------------------------------------------------
 Index Scan using idx on public.t (actual rows=256.00 loops=1)
   Output: a, b
   Index Cond: ((t.a >= 4680) AND (t.a <= 4935))
   Index Searches: 1
   Prefetch: distance=235.162 count=277 stalls=1 skipped=1 resets=0 ungets=51 forwarded=3
             histogram [2,4) => 2, [4,8) => 6, [8,16) => 7, [16,32) => 9, [32,64) => 12, [64,128) => 2, [128,256) => 17, [256,512) => 222
   Buffers: shared hit=179 read=82
 Settings: enable_bitmapscan = 'off', enable_seqscan = 'off', max_parallel_workers_per_gather = '0'
 Planning:
   Buffers: shared hit=86 read=26
 Planning Time: 1.372 ms
 Execution Time: 2.929 ms
(12 rows)

SET
SET
SET
SET
SET
                                             QUERY PLAN                                             
----------------------------------------------------------------------------------------------------
 Index Scan using idx on public.t (actual rows=256.00 loops=1)
   Output: a, b
   Index Cond: ((t.a >= 4680) AND (t.a <= 4935))
   Index Searches: 1
   Buffers: shared hit=261
 Settings: enable_bitmapscan = 'off', enable_seqscan = 'off', max_parallel_workers_per_gather = '0'
 Planning:
   Buffers: shared hit=117
 Planning Time: 0.200 ms
 Execution Time: 0.157 ms
(10 rows)

