SET
SET
SET
SET
SET
                                                                           QUERY PLAN                                                                           
----------------------------------------------------------------------------------------------------------------------------------------------------------------
 Index Scan using idx on public.t (actual rows=9048576.00 loops=1)
   Output: a, b
   Index Cond: ((t.a >= 24738) AND (t.a <= 9073313))
   Index Searches: 1
   Prefetch: distance=224.438 count=2210835 stalls=6723110 skipped=115715 resets=0 ungets=1108 forwarded=230
             histogram [2,4) => 219796, [4,8) => 1666, [8,16) => 17, [16,32) => 60, [32,64) => 111, [64,128) => 2344, [128,256) => 1022552, [256,512) => 964289
   Buffers: shared hit=8791399 read=166191
 Settings: enable_bitmapscan = 'off', enable_seqscan = 'off', max_parallel_workers_per_gather = '0'
 Planning:
   Buffers: shared hit=82 read=26
 Planning Time: 2.058 ms
 Execution Time: 8393.149 ms
(12 rows)

SET
SET
SET
SET
SET
                                             QUERY PLAN                                             
----------------------------------------------------------------------------------------------------
 Index Scan using idx on public.t (actual rows=9048576.00 loops=1)
   Output: a, b
   Index Cond: ((t.a >= 24738) AND (t.a <= 9073313))
   Index Searches: 1
   Buffers: shared hit=8957590
 Settings: enable_bitmapscan = 'off', enable_seqscan = 'off', max_parallel_workers_per_gather = '0'
 Planning:
   Buffers: shared hit=113
 Planning Time: 0.303 ms
 Execution Time: 1365.713 ms
(10 rows)

