SET
SET
SET
SET
SET
                                             QUERY PLAN                                             
----------------------------------------------------------------------------------------------------
 Index Scan using idx on public.t (actual rows=2048.00 loops=1)
   Output: a, b
   Index Cond: ((t.a >= 32330) AND (t.a <= 34377))
   Index Searches: 1
   Prefetch: distance=2.000 count=72 stalls=1759 skipped=27 resets=0 ungets=0 forwarded=0
             histogram [2,4) => 72
   Buffers: shared hit=1909 read=122
 Settings: enable_bitmapscan = 'off', enable_seqscan = 'off', max_parallel_workers_per_gather = '0'
 Planning:
   Buffers: shared hit=86 read=26
 Planning Time: 2.071 ms
 Execution Time: 7.776 ms
(12 rows)

SET
SET
SET
SET
SET
                                             QUERY PLAN                                             
----------------------------------------------------------------------------------------------------
 Index Scan using idx on public.t (actual rows=2048.00 loops=1)
   Output: a, b
   Index Cond: ((t.a >= 32330) AND (t.a <= 34377))
   Index Searches: 1
   Buffers: shared hit=2031
 Settings: enable_bitmapscan = 'off', enable_seqscan = 'off', max_parallel_workers_per_gather = '0'
 Planning:
   Buffers: shared hit=117
 Planning Time: 0.200 ms
 Execution Time: 0.459 ms
(10 rows)

