SET
SET
SET
SET
SET
                                             QUERY PLAN                                             
----------------------------------------------------------------------------------------------------
 Index Scan using idx on public.t (actual rows=4096.00 loops=1)
   Output: a, b
   Index Cond: ((t.a >= 6765) AND (t.a <= 10860))
   Index Searches: 1
   Prefetch: distance=2.050 count=181 stalls=3764 skipped=54 resets=0 ungets=0 forwarded=0
             histogram [2,4) => 178, [4,8) => 3
   Buffers: shared hit=3897 read=162
 Settings: enable_bitmapscan = 'off', enable_seqscan = 'off', max_parallel_workers_per_gather = '0'
 Planning:
   Buffers: shared hit=86 read=26
 Planning Time: 2.115 ms
 Execution Time: 9.008 ms
(12 rows)

SET
SET
SET
SET
SET
                                             QUERY PLAN                                             
----------------------------------------------------------------------------------------------------
 Index Scan using idx on public.t (actual rows=4096.00 loops=1)
   Output: a, b
   Index Cond: ((t.a >= 6765) AND (t.a <= 10860))
   Index Searches: 1
   Buffers: shared hit=4059
 Settings: enable_bitmapscan = 'off', enable_seqscan = 'off', max_parallel_workers_per_gather = '0'
 Planning:
   Buffers: shared hit=117
 Planning Time: 0.205 ms
 Execution Time: 0.800 ms
(10 rows)

