SET
SET
SET
SET
SET
                                                                    QUERY PLAN                                                                     
---------------------------------------------------------------------------------------------------------------------------------------------------
 Index Scan using idx on public.t (actual rows=524288.00 loops=1)
   Output: a, b
   Index Cond: ((t.a >= 15017) AND (t.a <= 539304))
   Index Searches: 1
   Prefetch: distance=249.693 count=517946 stalls=2 skipped=6656 resets=0 ungets=353 forwarded=69
             histogram [2,4) => 4, [4,8) => 5, [8,16) => 8, [16,32) => 9, [32,64) => 28, [64,128) => 649, [128,256) => 262385, [256,512) => 254858
   Buffers: shared hit=509360 read=9711
 Settings: enable_bitmapscan = 'off', enable_seqscan = 'off', max_parallel_workers_per_gather = '0'
 Planning:
   Buffers: shared hit=82 read=26
 Planning Time: 2.041 ms
 Execution Time: 258.639 ms
(12 rows)

SET
SET
SET
SET
SET
                                             QUERY PLAN                                             
----------------------------------------------------------------------------------------------------
 Index Scan using idx on public.t (actual rows=524288.00 loops=1)
   Output: a, b
   Index Cond: ((t.a >= 15017) AND (t.a <= 539304))
   Index Searches: 1
   Buffers: shared hit=519071
 Settings: enable_bitmapscan = 'off', enable_seqscan = 'off', max_parallel_workers_per_gather = '0'
 Planning:
   Buffers: shared hit=113
 Planning Time: 0.190 ms
 Execution Time: 77.672 ms
(10 rows)

