SET
SET
SET
SET
SET
                                                                 QUERY PLAN                                                                 
--------------------------------------------------------------------------------------------------------------------------------------------
 Index Scan using idx on public.t (actual rows=256.00 loops=1)
   Output: a, b
   Index Cond: ((t.a >= 17897) AND (t.a <= 18152))
   Index Searches: 1
   Prefetch: distance=191.405 count=200 stalls=2 skipped=2 resets=0 ungets=17 forwarded=1
             histogram [2,4) => 4, [4,8) => 5, [8,16) => 10, [16,32) => 11, [32,64) => 31, [64,128) => 2, [128,256) => 10, [256,512) => 127
   Buffers: shared hit=180 read=81
 Settings: enable_bitmapscan = 'off', enable_seqscan = 'off', max_parallel_workers_per_gather = '0'
 Planning:
   Buffers: shared hit=86 read=26
 Planning Time: 1.561 ms
 Execution Time: 2.964 ms
(12 rows)

SET
SET
SET
SET
SET
                                             QUERY PLAN                                             
----------------------------------------------------------------------------------------------------
 Index Scan using idx on public.t (actual rows=256.00 loops=1)
   Output: a, b
   Index Cond: ((t.a >= 17897) AND (t.a <= 18152))
   Index Searches: 1
   Buffers: shared hit=261
 Settings: enable_bitmapscan = 'off', enable_seqscan = 'off', max_parallel_workers_per_gather = '0'
 Planning:
   Buffers: shared hit=117
 Planning Time: 0.203 ms
 Execution Time: 0.162 ms
(10 rows)

