SET
SET
SET
SET
SET
                                                                   QUERY PLAN                                                                    
-------------------------------------------------------------------------------------------------------------------------------------------------
 Index Scan using idx on public.t (actual rows=16384.00 loops=1)
   Output: a, b
   Index Cond: ((t.a >= 1047) AND (t.a <= 17430))
   Index Searches: 1
   Prefetch: distance=248.039 count=15280 stalls=859 skipped=202 resets=0 ungets=36 forwarded=3
             histogram [2,4) => 10, [4,8) => 8, [8,16) => 15, [16,32) => 32, [32,64) => 55, [64,128) => 87, [128,256) => 7473, [256,512) => 7600
   Buffers: shared hit=15876 read=357
 Settings: enable_bitmapscan = 'off', enable_seqscan = 'off', max_parallel_workers_per_gather = '0'
 Planning:
   Buffers: shared hit=86 read=26
 Planning Time: 2.049 ms
 Execution Time: 11.557 ms
(12 rows)

SET
SET
SET
SET
SET
                                             QUERY PLAN                                             
----------------------------------------------------------------------------------------------------
 Index Scan using idx on public.t (actual rows=16384.00 loops=1)
   Output: a, b
   Index Cond: ((t.a >= 1047) AND (t.a <= 17430))
   Index Searches: 1
   Buffers: shared hit=16233
 Settings: enable_bitmapscan = 'off', enable_seqscan = 'off', max_parallel_workers_per_gather = '0'
 Planning:
   Buffers: shared hit=117
 Planning Time: 0.134 ms
 Execution Time: 1.472 ms
(10 rows)

