SET
SET
SET
SET
SET
                                                                 QUERY PLAN                                                                  
---------------------------------------------------------------------------------------------------------------------------------------------
 Index Scan using idx on public.t (actual rows=1024.00 loops=1)
   Output: a, b
   Index Cond: ((t.a >= 23483) AND (t.a <= 23738))
   Index Searches: 1
   Prefetch: distance=253.023 count=1071 stalls=1 skipped=13 resets=0 ungets=116 forwarded=4
             histogram [2,4) => 2, [4,8) => 10, [8,16) => 8, [16,32) => 14, [32,64) => 14, [64,128) => 4, [128,256) => 131, [256,512) => 888
   Buffers: shared hit=878 read=139
 Settings: enable_bitmapscan = 'off', enable_seqscan = 'off', max_parallel_workers_per_gather = '0'
 Planning:
   Buffers: shared hit=86 read=26
 Planning Time: 1.770 ms
 Execution Time: 5.541 ms
(12 rows)

SET
SET
SET
SET
SET
                                             QUERY PLAN                                             
----------------------------------------------------------------------------------------------------
 Index Scan using idx on public.t (actual rows=1024.00 loops=1)
   Output: a, b
   Index Cond: ((t.a >= 23483) AND (t.a <= 23738))
   Index Searches: 1
   Buffers: shared hit=1017
 Settings: enable_bitmapscan = 'off', enable_seqscan = 'off', max_parallel_workers_per_gather = '0'
 Planning:
   Buffers: shared hit=117
 Planning Time: 0.195 ms
 Execution Time: 0.307 ms
(10 rows)

