SET
SET
SET
SET
SET
                                                                 QUERY PLAN                                                                 
--------------------------------------------------------------------------------------------------------------------------------------------
 Index Scan using idx on public.t (actual rows=2048.00 loops=1)
   Output: a, b
   Index Cond: ((t.a >= '-20676'::integer) AND (t.a <= '-18629'::integer))
   Index Searches: 1
   Prefetch: distance=248.809 count=2037 stalls=3 skipped=33 resets=0 ungets=56 forwarded=1
             histogram [2,4) => 4, [4,8) => 7, [8,16) => 5, [16,32) => 16, [32,64) => 3, [64,128) => 4, [128,256) => 788, [256,512) => 1210
   Buffers: shared hit=1905 read=121
 Settings: enable_bitmapscan = 'off', enable_seqscan = 'off', max_parallel_workers_per_gather = '0'
 Planning:
   Buffers: shared hit=81 read=28
 Planning Time: 2.156 ms
 Execution Time: 4.647 ms
(12 rows)

SET
SET
SET
SET
SET
                                             QUERY PLAN                                             
----------------------------------------------------------------------------------------------------
 Index Scan using idx on public.t (actual rows=2048.00 loops=1)
   Output: a, b
   Index Cond: ((t.a >= '-20676'::integer) AND (t.a <= '-18629'::integer))
   Index Searches: 1
   Buffers: shared hit=2026
 Settings: enable_bitmapscan = 'off', enable_seqscan = 'off', max_parallel_workers_per_gather = '0'
 Planning:
   Buffers: shared hit=114
 Planning Time: 0.206 ms
 Execution Time: 0.457 ms
(10 rows)

