SET
SET
SET
SET
SET
                                                                    QUERY PLAN                                                                     
---------------------------------------------------------------------------------------------------------------------------------------------------
 Index Scan using idx on public.t (actual rows=524288.00 loops=1)
   Output: a, b
   Index Cond: ((t.a >= '-546980'::integer) AND (t.a <= '-22693'::integer))
   Index Searches: 1
   Prefetch: distance=248.458 count=517896 stalls=2 skipped=6651 resets=0 ungets=288 forwarded=62
             histogram [2,4) => 6, [4,8) => 4, [8,16) => 7, [16,32) => 14, [32,64) => 2, [64,128) => 441, [128,256) => 274856, [256,512) => 242566
   Buffers: shared hit=509366 read=9709
 Settings: enable_bitmapscan = 'off', enable_seqscan = 'off', max_parallel_workers_per_gather = '0'
 Planning:
   Buffers: shared hit=77 read=28
 Planning Time: 2.138 ms
 Execution Time: 272.740 ms
(12 rows)

SET
SET
SET
SET
SET
                                             QUERY PLAN                                             
----------------------------------------------------------------------------------------------------
 Index Scan using idx on public.t (actual rows=524288.00 loops=1)
   Output: a, b
   Index Cond: ((t.a >= '-546980'::integer) AND (t.a <= '-22693'::integer))
   Index Searches: 1
   Buffers: shared hit=519075
 Settings: enable_bitmapscan = 'off', enable_seqscan = 'off', max_parallel_workers_per_gather = '0'
 Planning:
   Buffers: shared hit=110
 Planning Time: 0.216 ms
 Execution Time: 74.735 ms
(10 rows)

