SET
SET
SET
SET
SET
                                             QUERY PLAN                                             
----------------------------------------------------------------------------------------------------
 Index Scan using idx on public.t (actual rows=4096.00 loops=1)
   Output: a, b
   Index Cond: ((t.a >= '-6716'::integer) AND (t.a <= '-2621'::integer))
   Index Searches: 1
   Prefetch: distance=2.024 count=123 stalls=3584 skipped=44 resets=0 ungets=0 forwarded=0
             histogram [2,4) => 122, [4,8) => 1
   Buffers: shared hit=3910 read=155
 Settings: enable_bitmapscan = 'off', enable_seqscan = 'off', max_parallel_workers_per_gather = '0'
 Planning:
   Buffers: shared hit=81 read=28
 Planning Time: 2.153 ms
 Execution Time: 10.633 ms
(12 rows)

SET
SET
SET
SET
SET
                                             QUERY PLAN                                             
----------------------------------------------------------------------------------------------------
 Index Scan using idx on public.t (actual rows=4096.00 loops=1)
   Output: a, b
   Index Cond: ((t.a >= '-6716'::integer) AND (t.a <= '-2621'::integer))
   Index Searches: 1
   Buffers: shared hit=4065
 Settings: enable_bitmapscan = 'off', enable_seqscan = 'off', max_parallel_workers_per_gather = '0'
 Planning:
   Buffers: shared hit=114
 Planning Time: 0.197 ms
 Execution Time: 0.761 ms
(10 rows)

