SET
SET
SET
SET
SET
                                             QUERY PLAN                                             
----------------------------------------------------------------------------------------------------
 Index Scan using idx on public.t (actual rows=4096.00 loops=1)
   Output: a, b
   Index Cond: ((t.a >= 11826) AND (t.a <= 12849))
   Index Searches: 1
   Prefetch: distance=2.140 count=344 stalls=3112 skipped=53 resets=0 ungets=0 forwarded=0
             histogram [2,4) => 327, [4,8) => 17
   Buffers: shared hit=3760 read=286
 Settings: enable_bitmapscan = 'off', enable_seqscan = 'off', max_parallel_workers_per_gather = '0'
 Planning:
   Buffers: shared hit=86 read=26
 Planning Time: 2.017 ms
 Execution Time: 18.037 ms
(12 rows)

SET
SET
SET
SET
SET
                                             QUERY PLAN                                             
----------------------------------------------------------------------------------------------------
 Index Scan using idx on public.t (actual rows=4096.00 loops=1)
   Output: a, b
   Index Cond: ((t.a >= 11826) AND (t.a <= 12849))
   Index Searches: 1
   Buffers: shared hit=4046
 Settings: enable_bitmapscan = 'off', enable_seqscan = 'off', max_parallel_workers_per_gather = '0'
 Planning:
   Buffers: shared hit=117
 Planning Time: 0.127 ms
 Execution Time: 0.468 ms
(10 rows)

