SET
SET
SET
SET
SET
                                                                        QUERY PLAN                                                                        
----------------------------------------------------------------------------------------------------------------------------------------------------------
 Index Scan using idx on public.t (actual rows=2048576.00 loops=1)
   Output: a, b
   Index Cond: ((t.a >= '-2077633'::integer) AND (t.a <= '-29058'::integer))
   Index Searches: 1
   Prefetch: distance=248.451 count=2023075 stalls=7 skipped=26233 resets=0 ungets=807 forwarded=227
             histogram [2,4) => 14, [4,8) => 29, [8,16) => 18, [16,32) => 27, [32,64) => 199, [64,128) => 3091, [128,256) => 1066250, [256,512) => 953447
   Buffers: shared hit=1990257 read=37690
 Settings: enable_bitmapscan = 'off', enable_seqscan = 'off', max_parallel_workers_per_gather = '0'
 Planning:
   Buffers: shared hit=77 read=28
 Planning Time: 2.118 ms
 Execution Time: 1033.455 ms
(12 rows)

SET
SET
SET
SET
SET
                                             QUERY PLAN                                             
----------------------------------------------------------------------------------------------------
 Index Scan using idx on public.t (actual rows=2048576.00 loops=1)
   Output: a, b
   Index Cond: ((t.a >= '-2077633'::integer) AND (t.a <= '-29058'::integer))
   Index Searches: 1
   Buffers: shared hit=2027947
 Settings: enable_bitmapscan = 'off', enable_seqscan = 'off', max_parallel_workers_per_gather = '0'
 Planning:
   Buffers: shared hit=110
 Planning Time: 0.193 ms
 Execution Time: 318.013 ms
(10 rows)

