SET
SET
SET
SET
SET
                                             QUERY PLAN                                             
----------------------------------------------------------------------------------------------------
 Index Scan using idx on public.t (actual rows=9048576.00 loops=1)
   Output: a, b
   Index Cond: ((t.a >= '-9078606'::integer) AND (t.a <= '-30031'::integer))
   Index Searches: 1
   Buffers: shared hit=8790836 read=166190
 Settings: enable_bitmapscan = 'off', enable_seqscan = 'off', max_parallel_workers_per_gather = '0'
 Planning:
   Buffers: shared hit=77 read=28
 Planning Time: 2.133 ms
 Execution Time: 9407.741 ms
(10 rows)

SET
SET
SET
SET
SET
                                             QUERY PLAN                                             
----------------------------------------------------------------------------------------------------
 Index Scan using idx on public.t (actual rows=9048576.00 loops=1)
   Output: a, b
   Index Cond: ((t.a >= '-9078606'::integer) AND (t.a <= '-30031'::integer))
   Index Searches: 1
   Buffers: shared hit=8957026
 Settings: enable_bitmapscan = 'off', enable_seqscan = 'off', max_parallel_workers_per_gather = '0'
 Planning:
   Buffers: shared hit=110
 Planning Time: 0.232 ms
 Execution Time: 1356.040 ms
(10 rows)

