SET
SET
SET
SET
SET
                                                                   QUERY PLAN                                                                    
-------------------------------------------------------------------------------------------------------------------------------------------------
 Index Scan using idx on public.t (actual rows=65536.00 loops=1)
   Output: a, b
   Index Cond: ((t.a >= '-73376'::integer) AND (t.a <= '-7841'::integer))
   Index Searches: 1
   Prefetch: distance=248.571 count=64779 stalls=1 skipped=821 resets=0 ungets=92 forwarded=11
             histogram [2,4) => 4, [4,8) => 10, [8,16) => 5, [16,32) => 16, [32,64) => 6, [64,128) => 34, [128,256) => 34239, [256,512) => 30465
   Buffers: shared hit=63613 read=1287
 Settings: enable_bitmapscan = 'off', enable_seqscan = 'off', max_parallel_workers_per_gather = '0'
 Planning:
   Buffers: shared hit=81 read=28
 Planning Time: 2.136 ms
 Execution Time: 38.133 ms
(12 rows)

SET
SET
SET
SET
SET
                                             QUERY PLAN                                             
----------------------------------------------------------------------------------------------------
 Index Scan using idx on public.t (actual rows=65536.00 loops=1)
   Output: a, b
   Index Cond: ((t.a >= '-73376'::integer) AND (t.a <= '-7841'::integer))
   Index Searches: 1
   Buffers: shared hit=64900
 Settings: enable_bitmapscan = 'off', enable_seqscan = 'off', max_parallel_workers_per_gather = '0'
 Planning:
   Buffers: shared hit=114
 Planning Time: 0.186 ms
 Execution Time: 7.213 ms
(10 rows)

