SET
SET
SET
SET
SET
                                                                    QUERY PLAN                                                                    
--------------------------------------------------------------------------------------------------------------------------------------------------
 Index Scan using idx on public.t (actual rows=2048576.00 loops=1)
   Output: a, b
   Index Cond: ((t.a >= 23941) AND (t.a <= 536084))
   Index Searches: 1
   Prefetch: distance=264.290 count=2223731 stalls=1 skipped=30480 resets=0 ungets=205651 forwarded=5109
             histogram [2,4) => 3, [4,8) => 5, [8,16) => 10, [16,32) => 9, [32,64) => 5, [64,128) => 2, [128,256) => 305222, [256,512) => 1918475
   Buffers: shared hit=1920304 read=100708
 Settings: enable_bitmapscan = 'off', enable_seqscan = 'off', max_parallel_workers_per_gather = '0'
 Planning:
   Buffers: shared hit=82 read=26
 Planning Time: 2.019 ms
 Execution Time: 2267.025 ms
(12 rows)

SET
SET
SET
SET
SET
                                             QUERY PLAN                                             
----------------------------------------------------------------------------------------------------
 Index Scan using idx on public.t (actual rows=2048576.00 loops=1)
   Output: a, b
   Index Cond: ((t.a >= 23941) AND (t.a <= 536084))
   Index Searches: 1
   Buffers: shared hit=2021169
 Settings: enable_bitmapscan = 'off', enable_seqscan = 'off', max_parallel_workers_per_gather = '0'
 Planning:
   Buffers: shared hit=113
 Planning Time: 0.297 ms
 Execution Time: 333.665 ms
(10 rows)

