SET
SET
SET
SET
SET
                                             QUERY PLAN                                             
----------------------------------------------------------------------------------------------------
 Index Scan using idx on public.t (actual rows=1024.00 loops=1)
   Output: a, b
   Index Cond: ((t.a >= '-17965'::integer) AND (t.a <= '-16942'::integer))
   Index Searches: 1
   Prefetch: distance=2.086 count=35 stalls=731 skipped=10 resets=0 ungets=0 forwarded=0
             histogram [2,4) => 34, [4,8) => 1
   Buffers: shared hit=918 read=102
 Settings: enable_bitmapscan = 'off', enable_seqscan = 'off', max_parallel_workers_per_gather = '0'
 Planning:
   Buffers: shared hit=81 read=28
 Planning Time: 2.211 ms
 Execution Time: 7.130 ms
(12 rows)

SET
SET
SET
SET
SET
                                             QUERY PLAN                                             
----------------------------------------------------------------------------------------------------
 Index Scan using idx on public.t (actual rows=1024.00 loops=1)
   Output: a, b
   Index Cond: ((t.a >= '-17965'::integer) AND (t.a <= '-16942'::integer))
   Index Searches: 1
   Buffers: shared hit=1020
 Settings: enable_bitmapscan = 'off', enable_seqscan = 'off', max_parallel_workers_per_gather = '0'
 Planning:
   Buffers: shared hit=114
 Planning Time: 0.139 ms
 Execution Time: 0.162 ms
(10 rows)

