SET
SET
SET
SET
SET
                                                                         QUERY PLAN                                                                         
------------------------------------------------------------------------------------------------------------------------------------------------------------
 Index Scan using idx on public.t (actual rows=4048576.00 loops=1)
   Output: a, b
   Index Cond: ((t.a >= '-4080754'::integer) AND (t.a <= '-32179'::integer))
   Index Searches: 1
   Prefetch: distance=236.631 count=1619565 stalls=2377602 skipped=52069 resets=0 ungets=731 forwarded=164
             histogram [2,4) => 77740, [4,8) => 637, [8,16) => 28, [16,32) => 39, [32,64) => 51, [64,128) => 1848, [128,256) => 808663, [256,512) => 730559
   Buffers: shared hit=3933167 read=74407
 Settings: enable_bitmapscan = 'off', enable_seqscan = 'off', max_parallel_workers_per_gather = '0'
 Planning:
   Buffers: shared hit=77 read=28
 Planning Time: 2.146 ms
 Execution Time: 3608.221 ms
(12 rows)

SET
SET
SET
SET
SET
                                             QUERY PLAN                                             
----------------------------------------------------------------------------------------------------
 Index Scan using idx on public.t (actual rows=4048576.00 loops=1)
   Output: a, b
   Index Cond: ((t.a >= '-4080754'::integer) AND (t.a <= '-32179'::integer))
   Index Searches: 1
   Buffers: shared hit=4007574
 Settings: enable_bitmapscan = 'off', enable_seqscan = 'off', max_parallel_workers_per_gather = '0'
 Planning:
   Buffers: shared hit=110
 Planning Time: 0.227 ms
 Execution Time: 606.030 ms
(10 rows)

