SET
SET
SET
SET
SET
                                                                        QUERY PLAN                                                                        
----------------------------------------------------------------------------------------------------------------------------------------------------------
 Index Scan using idx on public.t (actual rows=6048576.00 loops=1)
   Output: a, b
   Index Cond: ((t.a >= '-6071819'::integer) AND (t.a <= '-23244'::integer))
   Index Searches: 1
   Prefetch: distance=24.270 count=208789 stalls=5761875 skipped=77857 resets=0 ungets=41 forwarded=9
             histogram [2,4) => 188387, [4,8) => 1505, [8,16) => 18, [16,32) => 59, [32,64) => 131, [64,128) => 109, [128,256) => 8908, [256,512) => 9672
   Buffers: shared hit=5876126 read=111122
 Settings: enable_bitmapscan = 'off', enable_seqscan = 'off', max_parallel_workers_per_gather = '0'
 Planning:
   Buffers: shared hit=77 read=28
 Planning Time: 2.138 ms
 Execution Time: 6805.927 ms
(12 rows)

SET
SET
SET
SET
SET
                                             QUERY PLAN                                             
----------------------------------------------------------------------------------------------------
 Index Scan using idx on public.t (actual rows=6048576.00 loops=1)
   Output: a, b
   Index Cond: ((t.a >= '-6071819'::integer) AND (t.a <= '-23244'::integer))
   Index Searches: 1
   Buffers: shared hit=5987248
 Settings: enable_bitmapscan = 'off', enable_seqscan = 'off', max_parallel_workers_per_gather = '0'
 Planning:
   Buffers: shared hit=110
 Planning Time: 0.231 ms
 Execution Time: 912.901 ms
(10 rows)

