SET
SET
SET
SET
SET
                                                                      QUERY PLAN                                                                       
-------------------------------------------------------------------------------------------------------------------------------------------------------
 Index Scan using idx on public.t (actual rows=524288.00 loops=1)
   Output: a, b
   Index Cond: ((t.a >= '-535310'::integer) AND (t.a <= '-11023'::integer))
   Index Searches: 1
   Prefetch: distance=248.452 count=517823 stalls=6 skipped=6642 resets=0 ungets=252 forwarded=65
             histogram [2,4) => 23, [4,8) => 22, [8,16) => 14, [16,32) => 15, [32,64) => 26, [64,128) => 498, [128,256) => 273756, [256,512) => 243469
   Buffers: shared hit=509375 read=9710
 Settings: enable_bitmapscan = 'off', enable_seqscan = 'off', max_parallel_workers_per_gather = '0'
 Planning:
   Buffers: shared hit=77 read=28
 Planning Time: 2.130 ms
 Execution Time: 271.716 ms
(12 rows)

SET
SET
SET
SET
SET
                                             QUERY PLAN                                             
----------------------------------------------------------------------------------------------------
 Index Scan using idx on public.t (actual rows=524288.00 loops=1)
   Output: a, b
   Index Cond: ((t.a >= '-535310'::integer) AND (t.a <= '-11023'::integer))
   Index Searches: 1
   Buffers: shared hit=519085
 Settings: enable_bitmapscan = 'off', enable_seqscan = 'off', max_parallel_workers_per_gather = '0'
 Planning:
   Buffers: shared hit=110
 Planning Time: 0.217 ms
 Execution Time: 75.619 ms
(10 rows)

