SET
SET
SET
SET
SET
                                                              QUERY PLAN                                                               
---------------------------------------------------------------------------------------------------------------------------------------
 Index Scan using idx on public.t (actual rows=4.00 loops=1)
   Output: a, b
   Index Cond: ((t.a >= '-13926'::integer) AND (t.a <= '-13923'::integer))
   Index Searches: 1
   Buffers: shared hit=5 read=5
 Settings: enable_bitmapscan = 'off', enable_seqscan = 'off', max_parallel_workers_per_gather = '0', enable_indexscan_prefetch = 'off'
 Planning:
   Buffers: shared hit=81 read=28
 Planning Time: 1.403 ms
 Execution Time: 0.375 ms
(10 rows)

SET
SET
SET
SET
SET
                                                              QUERY PLAN                                                               
---------------------------------------------------------------------------------------------------------------------------------------
 Index Scan using idx on public.t (actual rows=4.00 loops=1)
   Output: a, b
   Index Cond: ((t.a >= '-13926'::integer) AND (t.a <= '-13923'::integer))
   Index Searches: 1
   Buffers: shared hit=10
 Settings: enable_bitmapscan = 'off', enable_seqscan = 'off', max_parallel_workers_per_gather = '0', enable_indexscan_prefetch = 'off'
 Planning:
   Buffers: shared hit=114
 Planning Time: 0.168 ms
 Execution Time: 0.023 ms
(10 rows)

