SET
SET
SET
SET
SET
                                                                          QUERY PLAN                                                                           
---------------------------------------------------------------------------------------------------------------------------------------------------------------
 Index Scan using idx on public.t (actual rows=8048576.00 loops=1)
   Output: a, b
   Index Cond: ((t.a >= '-8068683'::integer) AND (t.a <= '-20108'::integer))
   Index Searches: 1
   Prefetch: distance=180.762 count=853434 stalls=7091904 skipped=103457 resets=0 ungets=283 forwarded=98
             histogram [2,4) => 231849, [4,8) => 1843, [8,16) => 17, [16,32) => 37, [32,64) => 149, [64,128) => 1401, [128,256) => 326731, [256,512) => 291407
   Buffers: shared hit=7819283 read=147833
 Settings: enable_bitmapscan = 'off', enable_seqscan = 'off', max_parallel_workers_per_gather = '0'
 Planning:
   Buffers: shared hit=77 read=28
 Planning Time: 2.144 ms
 Execution Time: 8653.811 ms
(12 rows)

SET
SET
SET
SET
SET
                                             QUERY PLAN                                             
----------------------------------------------------------------------------------------------------
 Index Scan using idx on public.t (actual rows=8048576.00 loops=1)
   Output: a, b
   Index Cond: ((t.a >= '-8068683'::integer) AND (t.a <= '-20108'::integer))
   Index Searches: 1
   Buffers: shared hit=7967116
 Settings: enable_bitmapscan = 'off', enable_seqscan = 'off', max_parallel_workers_per_gather = '0'
 Planning:
   Buffers: shared hit=110
 Planning Time: 0.247 ms
 Execution Time: 1207.585 ms
(10 rows)

