SET
SET
SET
SET
SET
                                             QUERY PLAN                                             
----------------------------------------------------------------------------------------------------
 Index Scan using idx on public.t (actual rows=128.00 loops=1)
   Output: a, b
   Index Cond: ((t.a >= '-17789'::integer) AND (t.a <= '-17662'::integer))
   Index Searches: 1
   Prefetch: distance=13.327 count=52 stalls=4 skipped=0 resets=0 ungets=0 forwarded=0
             histogram [2,4) => 12, [4,8) => 10, [8,16) => 12, [16,32) => 11, [32,64) => 7
   Buffers: shared hit=66 read=68
 Settings: enable_bitmapscan = 'off', enable_seqscan = 'off', max_parallel_workers_per_gather = '0'
 Planning:
   Buffers: shared hit=81 read=28
 Planning Time: 1.399 ms
 Execution Time: 3.807 ms
(12 rows)

SET
SET
SET
SET
SET
                                             QUERY PLAN                                             
----------------------------------------------------------------------------------------------------
 Index Scan using idx on public.t (actual rows=128.00 loops=1)
   Output: a, b
   Index Cond: ((t.a >= '-17789'::integer) AND (t.a <= '-17662'::integer))
   Index Searches: 1
   Buffers: shared hit=134
 Settings: enable_bitmapscan = 'off', enable_seqscan = 'off', max_parallel_workers_per_gather = '0'
 Planning:
   Buffers: shared hit=114
 Planning Time: 0.193 ms
 Execution Time: 0.115 ms
(10 rows)

