SET
SET
SET
SET
SET
                                                                  QUERY PLAN                                                                  
----------------------------------------------------------------------------------------------------------------------------------------------
 Index Scan using idx on public.t (actual rows=1024.00 loops=1)
   Output: a, b
   Index Cond: ((t.a >= '-33630'::integer) AND (t.a <= '-32607'::integer))
   Index Searches: 1
   Prefetch: distance=210.197 count=833 stalls=2 skipped=14 resets=0 ungets=0 forwarded=0
             histogram [2,4) => 2, [4,8) => 11, [8,16) => 9, [16,32) => 31, [32,64) => 35, [64,128) => 60, [128,256) => 348, [256,512) => 337
   Buffers: shared hit=914 read=104
 Settings: enable_bitmapscan = 'off', enable_seqscan = 'off', max_parallel_workers_per_gather = '0'
 Planning:
   Buffers: shared hit=81 read=28
 Planning Time: 2.268 ms
 Execution Time: 6.548 ms
(12 rows)

SET
SET
SET
SET
SET
                                             QUERY PLAN                                             
----------------------------------------------------------------------------------------------------
 Index Scan using idx on public.t (actual rows=1024.00 loops=1)
   Output: a, b
   Index Cond: ((t.a >= '-33630'::integer) AND (t.a <= '-32607'::integer))
   Index Searches: 1
   Buffers: shared hit=1018
 Settings: enable_bitmapscan = 'off', enable_seqscan = 'off', max_parallel_workers_per_gather = '0'
 Planning:
   Buffers: shared hit=114
 Planning Time: 0.126 ms
 Execution Time: 0.155 ms
(10 rows)

