SET
SET
SET
SET
SET
                                                                 QUERY PLAN                                                                  
---------------------------------------------------------------------------------------------------------------------------------------------
 Index Scan using idx on public.t (actual rows=16384.00 loops=1)
   Output: a, b
   Index Cond: ((t.a >= '-47370'::integer) AND (t.a <= '-30987'::integer))
   Index Searches: 1
   Prefetch: distance=248.613 count=16254 stalls=1 skipped=221 resets=0 ungets=99 forwarded=2
             histogram [2,4) => 2, [4,8) => 3, [8,16) => 5, [16,32) => 9, [32,64) => 2, [64,128) => 23, [128,256) => 8375, [256,512) => 7835
   Buffers: shared hit=15827 read=387
 Settings: enable_bitmapscan = 'off', enable_seqscan = 'off', max_parallel_workers_per_gather = '0'
 Planning:
   Buffers: shared hit=81 read=28
 Planning Time: 2.128 ms
 Execution Time: 11.777 ms
(12 rows)

SET
SET
SET
SET
SET
                                             QUERY PLAN                                             
----------------------------------------------------------------------------------------------------
 Index Scan using idx on public.t (actual rows=16384.00 loops=1)
   Output: a, b
   Index Cond: ((t.a >= '-47370'::integer) AND (t.a <= '-30987'::integer))
   Index Searches: 1
   Buffers: shared hit=16214
 Settings: enable_bitmapscan = 'off', enable_seqscan = 'off', max_parallel_workers_per_gather = '0'
 Planning:
   Buffers: shared hit=114
 Planning Time: 0.209 ms
 Execution Time: 2.684 ms
(10 rows)

