SET
SET
SET
SET
SET
                                                                  QUERY PLAN                                                                   
-----------------------------------------------------------------------------------------------------------------------------------------------
 Index Scan using idx on public.t (actual rows=8192.00 loops=1)
   Output: a, b
   Index Cond: ((t.a >= '-25082'::integer) AND (t.a <= '-16891'::integer))
   Index Searches: 1
   Prefetch: distance=247.175 count=8095 stalls=5 skipped=101 resets=0 ungets=54 forwarded=1
             histogram [2,4) => 2, [4,8) => 6, [8,16) => 9, [16,32) => 19, [32,64) => 15, [64,128) => 13, [128,256) => 3996, [256,512) => 4035
   Buffers: shared hit=7883 read=236
 Settings: enable_bitmapscan = 'off', enable_seqscan = 'off', max_parallel_workers_per_gather = '0'
 Planning:
   Buffers: shared hit=81 read=28
 Planning Time: 2.149 ms
 Execution Time: 9.258 ms
(12 rows)

SET
SET
SET
SET
SET
                                             QUERY PLAN                                             
----------------------------------------------------------------------------------------------------
 Index Scan using idx on public.t (actual rows=8192.00 loops=1)
   Output: a, b
   Index Cond: ((t.a >= '-25082'::integer) AND (t.a <= '-16891'::integer))
   Index Searches: 1
   Buffers: shared hit=8119
 Settings: enable_bitmapscan = 'off', enable_seqscan = 'off', max_parallel_workers_per_gather = '0'
 Planning:
   Buffers: shared hit=114
 Planning Time: 0.235 ms
 Execution Time: 1.378 ms
(10 rows)

