SET
SET
SET
SET
SET
                                             QUERY PLAN                                             
----------------------------------------------------------------------------------------------------
 Index Scan using idx on public.t (actual rows=4096.00 loops=1)
   Output: a, b
   Index Cond: ((t.a >= '-9848'::integer) AND (t.a <= '-5753'::integer))
   Index Searches: 1
   Prefetch: distance=2.073 count=137 stalls=3735 skipped=41 resets=0 ungets=0 forwarded=0
             histogram [2,4) => 134, [4,8) => 3
   Buffers: shared hit=3914 read=156
 Settings: enable_bitmapscan = 'off', enable_seqscan = 'off', max_parallel_workers_per_gather = '0'
 Planning:
   Buffers: shared hit=81 read=28
 Planning Time: 2.118 ms
 Execution Time: 10.424 ms
(12 rows)

SET
SET
SET
SET
SET
                                             QUERY PLAN                                             
----------------------------------------------------------------------------------------------------
 Index Scan using idx on public.t (actual rows=4096.00 loops=1)
   Output: a, b
   Index Cond: ((t.a >= '-9848'::integer) AND (t.a <= '-5753'::integer))
   Index Searches: 1
   Buffers: shared hit=4070
 Settings: enable_bitmapscan = 'off', enable_seqscan = 'off', max_parallel_workers_per_gather = '0'
 Planning:
   Buffers: shared hit=114
 Planning Time: 0.192 ms
 Execution Time: 0.752 ms
(10 rows)

