SET
SET
SET
SET
SET
                                                                          QUERY PLAN                                                                          
--------------------------------------------------------------------------------------------------------------------------------------------------------------
 Index Scan using idx on public.t (actual rows=5048576.00 loops=1)
   Output: a, b
   Index Cond: ((t.a >= '-5072658'::integer) AND (t.a <= '-24083'::integer))
   Index Searches: 1
   Prefetch: distance=241.106 count=2599056 stalls=2385352 skipped=65097 resets=0 ungets=1044 forwarded=286
             histogram [2,4) => 77996, [4,8) => 640, [8,16) => 23, [16,32) => 38, [32,64) => 85, [64,128) => 3093, [128,256) => 1323673, [256,512) => 1193508
   Buffers: shared hit=4904520 read=92758
 Settings: enable_bitmapscan = 'off', enable_seqscan = 'off', max_parallel_workers_per_gather = '0'
 Planning:
   Buffers: shared hit=77 read=28
 Planning Time: 2.146 ms
 Execution Time: 4287.800 ms
(12 rows)

SET
SET
SET
SET
SET
                                             QUERY PLAN                                             
----------------------------------------------------------------------------------------------------
 Index Scan using idx on public.t (actual rows=5048576.00 loops=1)
   Output: a, b
   Index Cond: ((t.a >= '-5072658'::integer) AND (t.a <= '-24083'::integer))
   Index Searches: 1
   Buffers: shared hit=4997278
 Settings: enable_bitmapscan = 'off', enable_seqscan = 'off', max_parallel_workers_per_gather = '0'
 Planning:
   Buffers: shared hit=110
 Planning Time: 0.242 ms
 Execution Time: 763.761 ms
(10 rows)

