SET
SET
SET
SET
SET
                                             QUERY PLAN                                             
----------------------------------------------------------------------------------------------------
 Index Scan using idx on public.t (actual rows=512.00 loops=1)
   Output: a, b
   Index Cond: ((t.a >= '-9751'::integer) AND (t.a <= '-9240'::integer))
   Index Searches: 1
   Prefetch: distance=2.264 count=87 stalls=333 skipped=6 resets=0 ungets=0 forwarded=0
             histogram [2,4) => 80, [4,8) => 7
   Buffers: shared hit=418 read=95
 Settings: enable_bitmapscan = 'off', enable_seqscan = 'off', max_parallel_workers_per_gather = '0'
 Planning:
   Buffers: shared hit=81 read=28
 Planning Time: 2.182 ms
 Execution Time: 5.030 ms
(12 rows)

SET
SET
SET
SET
SET
                                             QUERY PLAN                                             
----------------------------------------------------------------------------------------------------
 Index Scan using idx on public.t (actual rows=512.00 loops=1)
   Output: a, b
   Index Cond: ((t.a >= '-9751'::integer) AND (t.a <= '-9240'::integer))
   Index Searches: 1
   Buffers: shared hit=513
 Settings: enable_bitmapscan = 'off', enable_seqscan = 'off', max_parallel_workers_per_gather = '0'
 Planning:
   Buffers: shared hit=114
 Planning Time: 0.181 ms
 Execution Time: 0.188 ms
(10 rows)

