SET
SET
SET
SET
SET
                                                                     QUERY PLAN                                                                     
----------------------------------------------------------------------------------------------------------------------------------------------------
 Index Scan using idx on public.t (actual rows=262144.00 loops=1)
   Output: a, b
   Index Cond: ((t.a >= '-265904'::integer) AND (t.a <= '-3761'::integer))
   Index Searches: 1
   Prefetch: distance=248.141 count=258987 stalls=3 skipped=3314 resets=0 ungets=199 forwarded=38
             histogram [2,4) => 7, [4,8) => 6, [8,16) => 9, [16,32) => 18, [32,64) => 20, [64,128) => 279, [128,256) => 137474, [256,512) => 121174
   Buffers: shared hit=254656 read=4897
 Settings: enable_bitmapscan = 'off', enable_seqscan = 'off', max_parallel_workers_per_gather = '0'
 Planning:
   Buffers: shared hit=77 read=28
 Planning Time: 2.226 ms
 Execution Time: 137.596 ms
(12 rows)

SET
SET
SET
SET
SET
                                             QUERY PLAN                                             
----------------------------------------------------------------------------------------------------
 Index Scan using idx on public.t (actual rows=262144.00 loops=1)
   Output: a, b
   Index Cond: ((t.a >= '-265904'::integer) AND (t.a <= '-3761'::integer))
   Index Searches: 1
   Buffers: shared hit=259553
 Settings: enable_bitmapscan = 'off', enable_seqscan = 'off', max_parallel_workers_per_gather = '0'
 Planning:
   Buffers: shared hit=110
 Planning Time: 0.186 ms
 Execution Time: 36.184 ms
(10 rows)

