SET
SET
SET
SET
SET
                                                                          QUERY PLAN                                                                          
--------------------------------------------------------------------------------------------------------------------------------------------------------------
 Index Scan using idx on public.t (actual rows=5048576.00 loops=1)
   Output: a, b
   Index Cond: ((t.a >= '-5070390'::integer) AND (t.a <= '-21815'::integer))
   Index Searches: 1
   Prefetch: distance=241.080 count=2597049 stalls=2387530 skipped=65092 resets=0 ungets=1138 forwarded=284
             histogram [2,4) => 78060, [4,8) => 638, [8,16) => 18, [16,32) => 40, [32,64) => 66, [64,128) => 3434, [128,256) => 1321337, [256,512) => 1193456
   Buffers: shared hit=4904525 read=92759
 Settings: enable_bitmapscan = 'off', enable_seqscan = 'off', max_parallel_workers_per_gather = '0'
 Planning:
   Buffers: shared hit=77 read=28
 Planning Time: 2.145 ms
 Execution Time: 4102.763 ms
(12 rows)

SET
SET
SET
SET
SET
                                             QUERY PLAN                                             
----------------------------------------------------------------------------------------------------
 Index Scan using idx on public.t (actual rows=5048576.00 loops=1)
   Output: a, b
   Index Cond: ((t.a >= '-5070390'::integer) AND (t.a <= '-21815'::integer))
   Index Searches: 1
   Buffers: shared hit=4997284
 Settings: enable_bitmapscan = 'off', enable_seqscan = 'off', max_parallel_workers_per_gather = '0'
 Planning:
   Buffers: shared hit=110
 Planning Time: 0.236 ms
 Execution Time: 759.261 ms
(10 rows)

