SET
SET
SET
SET
SET
                                                                         QUERY PLAN                                                                         
------------------------------------------------------------------------------------------------------------------------------------------------------------
 Index Scan using idx on public.t (actual rows=4048576.00 loops=1)
   Output: a, b
   Index Cond: ((t.a >= '-4066808'::integer) AND (t.a <= '-18233'::integer))
   Index Searches: 1
   Prefetch: distance=236.607 count=1606298 stalls=2390936 skipped=52064 resets=0 ungets=755 forwarded=163
             histogram [2,4) => 78174, [4,8) => 636, [8,16) => 23, [16,32) => 35, [32,64) => 36, [64,128) => 1707, [128,256) => 798167, [256,512) => 727520
   Buffers: shared hit=3933171 read=74408
 Settings: enable_bitmapscan = 'off', enable_seqscan = 'off', max_parallel_workers_per_gather = '0'
 Planning:
   Buffers: shared hit=77 read=28
 Planning Time: 2.163 ms
 Execution Time: 3594.262 ms
(12 rows)

SET
SET
SET
SET
SET
                                             QUERY PLAN                                             
----------------------------------------------------------------------------------------------------
 Index Scan using idx on public.t (actual rows=4048576.00 loops=1)
   Output: a, b
   Index Cond: ((t.a >= '-4066808'::integer) AND (t.a <= '-18233'::integer))
   Index Searches: 1
   Buffers: shared hit=4007579
 Settings: enable_bitmapscan = 'off', enable_seqscan = 'off', max_parallel_workers_per_gather = '0'
 Planning:
   Buffers: shared hit=110
 Planning Time: 0.219 ms
 Execution Time: 609.618 ms
(10 rows)

