SET
SET
SET
SET
SET
                                                                        QUERY PLAN                                                                         
-----------------------------------------------------------------------------------------------------------------------------------------------------------
 Index Scan using idx on public.t (actual rows=6048576.00 loops=1)
   Output: a, b
   Index Cond: ((t.a >= '-6080162'::integer) AND (t.a <= '-31587'::integer))
   Index Searches: 1
   Prefetch: distance=33.115 count=216877 stalls=5753893 skipped=77860 resets=0 ungets=75 forwarded=11
             histogram [2,4) => 188115, [4,8) => 1503, [8,16) => 20, [16,32) => 56, [32,64) => 100, [64,128) => 86, [128,256) => 13055, [256,512) => 13942
   Buffers: shared hit=5876128 read=111120
 Settings: enable_bitmapscan = 'off', enable_seqscan = 'off', max_parallel_workers_per_gather = '0'
 Planning:
   Buffers: shared hit=77 read=28
 Planning Time: 2.166 ms
 Execution Time: 6808.109 ms
(12 rows)

SET
SET
SET
SET
SET
                                             QUERY PLAN                                             
----------------------------------------------------------------------------------------------------
 Index Scan using idx on public.t (actual rows=6048576.00 loops=1)
   Output: a, b
   Index Cond: ((t.a >= '-6080162'::integer) AND (t.a <= '-31587'::integer))
   Index Searches: 1
   Buffers: shared hit=5987248
 Settings: enable_bitmapscan = 'off', enable_seqscan = 'off', max_parallel_workers_per_gather = '0'
 Planning:
   Buffers: shared hit=110
 Planning Time: 0.226 ms
 Execution Time: 907.094 ms
(10 rows)

