SET
SET
SET
SET
SET
                                                                          QUERY PLAN                                                                          
--------------------------------------------------------------------------------------------------------------------------------------------------------------
 Index Scan using idx on public.t (actual rows=8048576.00 loops=1)
   Output: a, b
   Index Cond: ((t.a >= '-8079341'::integer) AND (t.a <= '-30766'::integer))
   Index Searches: 1
   Prefetch: distance=118.605 count=467779 stalls=7477288 skipped=103492 resets=0 ungets=91 forwarded=49
             histogram [2,4) => 244453, [4,8) => 1966, [8,16) => 38, [16,32) => 61, [32,64) => 132, [64,128) => 487, [128,256) => 116013, [256,512) => 104629
   Buffers: shared hit=7819247 read=147833
 Settings: enable_bitmapscan = 'off', enable_seqscan = 'off', max_parallel_workers_per_gather = '0'
 Planning:
   Buffers: shared hit=77 read=28
 Planning Time: 2.095 ms
 Execution Time: 8975.224 ms
(12 rows)

SET
SET
SET
SET
SET
                                             QUERY PLAN                                             
----------------------------------------------------------------------------------------------------
 Index Scan using idx on public.t (actual rows=8048576.00 loops=1)
   Output: a, b
   Index Cond: ((t.a >= '-8079341'::integer) AND (t.a <= '-30766'::integer))
   Index Searches: 1
   Buffers: shared hit=7967080
 Settings: enable_bitmapscan = 'off', enable_seqscan = 'off', max_parallel_workers_per_gather = '0'
 Planning:
   Buffers: shared hit=110
 Planning Time: 0.233 ms
 Execution Time: 1210.083 ms
(10 rows)

