SET
SET
SET
SET
SET
                                                                     QUERY PLAN                                                                      
-----------------------------------------------------------------------------------------------------------------------------------------------------
 Index Scan using idx on public.t (actual rows=3048576.00 loops=1)
   Output: a, b
   Index Cond: ((t.a >= 15177) AND (t.a <= 777320))
   Index Searches: 1
   Prefetch: distance=260.857 count=3037799 stalls=2 skipped=45215 resets=0 ungets=34523 forwarded=2173
             histogram [2,4) => 8, [4,8) => 10, [8,16) => 7, [16,32) => 14, [32,64) => 29, [64,128) => 20, [128,256) => 721476, [256,512) => 2316235
   Buffers: shared hit=2858036 read=149826
 Settings: enable_bitmapscan = 'off', enable_seqscan = 'off', max_parallel_workers_per_gather = '0'
 Planning:
   Buffers: shared hit=78 read=27
 Planning Time: 2.006 ms
 Execution Time: 994.113 ms
(12 rows)

SET
SET
SET
SET
SET
                                             QUERY PLAN                                             
----------------------------------------------------------------------------------------------------
 Index Scan using idx on public.t (actual rows=3048576.00 loops=1)
   Output: a, b
   Index Cond: ((t.a >= 15177) AND (t.a <= 777320))
   Index Searches: 1
   Buffers: shared hit=3007928
 Settings: enable_bitmapscan = 'off', enable_seqscan = 'off', max_parallel_workers_per_gather = '0'
 Planning:
   Buffers: shared hit=110
 Planning Time: 0.244 ms
 Execution Time: 493.540 ms
(10 rows)

