SET
SET
SET
SET
SET
                                             QUERY PLAN                                             
----------------------------------------------------------------------------------------------------
 Index Scan Backward using idx on public.t (actual rows=4096.00 loops=1)
   Output: a, b
   Index Cond: ((t.a >= '-21328'::integer) AND (t.a <= '-17233'::integer))
   Index Searches: 1
   Prefetch: distance=2.076 count=172 stalls=3754 skipped=53 resets=0 ungets=0 forwarded=0
             histogram [2,4) => 168, [4,8) => 4
   Buffers: shared hit=3898 read=160
 Settings: enable_bitmapscan = 'off', enable_seqscan = 'off', max_parallel_workers_per_gather = '0'
 Planning:
   Buffers: shared hit=85 read=28
 Planning Time: 2.133 ms
 Execution Time: 6.915 ms
(12 rows)

SET
SET
SET
SET
SET
                                             QUERY PLAN                                             
----------------------------------------------------------------------------------------------------
 Index Scan Backward using idx on public.t (actual rows=4096.00 loops=1)
   Output: a, b
   Index Cond: ((t.a >= '-21328'::integer) AND (t.a <= '-17233'::integer))
   Index Searches: 1
   Buffers: shared hit=4058
 Settings: enable_bitmapscan = 'off', enable_seqscan = 'off', max_parallel_workers_per_gather = '0'
 Planning:
   Buffers: shared hit=118
 Planning Time: 0.193 ms
 Execution Time: 0.738 ms
(10 rows)

