SET
SET
SET
SET
SET
                                                                 QUERY PLAN                                                                 
--------------------------------------------------------------------------------------------------------------------------------------------
 Index Scan Backward using idx on public.t (actual rows=512.00 loops=1)
   Output: a, b
   Index Cond: ((t.a >= '-9764'::integer) AND (t.a <= '-9253'::integer))
   Index Searches: 1
   Prefetch: distance=226.690 count=496 stalls=1 skipped=7 resets=0 ungets=37 forwarded=0
             histogram [2,4) => 6, [4,8) => 6, [8,16) => 14, [16,32) => 17, [32,64) => 27, [64,128) => 6, [128,256) => 95, [256,512) => 325
   Buffers: shared hit=418 read=95
 Settings: enable_bitmapscan = 'off', enable_seqscan = 'off', max_parallel_workers_per_gather = '0'
 Planning:
   Buffers: shared hit=85 read=28
 Planning Time: 1.798 ms
 Execution Time: 3.865 ms
(12 rows)

SET
SET
SET
SET
SET
                                             QUERY PLAN                                             
----------------------------------------------------------------------------------------------------
 Index Scan Backward using idx on public.t (actual rows=512.00 loops=1)
   Output: a, b
   Index Cond: ((t.a >= '-9764'::integer) AND (t.a <= '-9253'::integer))
   Index Searches: 1
   Buffers: shared hit=513
 Settings: enable_bitmapscan = 'off', enable_seqscan = 'off', max_parallel_workers_per_gather = '0'
 Planning:
   Buffers: shared hit=118
 Planning Time: 0.180 ms
 Execution Time: 0.126 ms
(10 rows)

