SET
SET
SET
SET
SET
                                                                   QUERY PLAN                                                                    
-------------------------------------------------------------------------------------------------------------------------------------------------
 Index Scan Backward using idx on public.t (actual rows=2048.00 loops=1)
   Output: a, b
   Index Cond: ((t.a >= '-17102'::integer) AND (t.a <= '-15055'::integer))
   Index Searches: 1
   Prefetch: distance=222.048 count=1932 stalls=4 skipped=22 resets=0 ungets=9 forwarded=0
             histogram [2,4) => 10, [4,8) => 16, [8,16) => 18, [16,32) => 29, [32,64) => 29, [64,128) => 53, [128,256) => 1144, [256,512) => 633
   Buffers: shared hit=1917 read=119
 Settings: enable_bitmapscan = 'off', enable_seqscan = 'off', max_parallel_workers_per_gather = '0'
 Planning:
   Buffers: shared hit=85 read=28
 Planning Time: 2.161 ms
 Execution Time: 5.659 ms
(12 rows)

SET
SET
SET
SET
SET
                                             QUERY PLAN                                             
----------------------------------------------------------------------------------------------------
 Index Scan Backward using idx on public.t (actual rows=2048.00 loops=1)
   Output: a, b
   Index Cond: ((t.a >= '-17102'::integer) AND (t.a <= '-15055'::integer))
   Index Searches: 1
   Buffers: shared hit=2036
 Settings: enable_bitmapscan = 'off', enable_seqscan = 'off', max_parallel_workers_per_gather = '0'
 Planning:
   Buffers: shared hit=118
 Planning Time: 0.196 ms
 Execution Time: 0.445 ms
(10 rows)

