SET
SET
SET
SET
SET
                                                                    QUERY PLAN                                                                     
---------------------------------------------------------------------------------------------------------------------------------------------------
 Index Scan Backward using idx on public.t (actual rows=16384.00 loops=1)
   Output: a, b
   Index Cond: ((t.a >= '-30376'::integer) AND (t.a <= '-13993'::integer))
   Index Searches: 1
   Prefetch: distance=230.482 count=16138 stalls=7 skipped=202 resets=0 ungets=26 forwarded=2
             histogram [2,4) => 12, [4,8) => 4, [8,16) => 11, [16,32) => 13, [32,64) => 25, [64,128) => 239, [128,256) => 11273, [256,512) => 4561
   Buffers: shared hit=15847 read=385
 Settings: enable_bitmapscan = 'off', enable_seqscan = 'off', max_parallel_workers_per_gather = '0'
 Planning:
   Buffers: shared hit=85 read=28
 Planning Time: 2.162 ms
 Execution Time: 10.677 ms
(12 rows)

SET
SET
SET
SET
SET
                                             QUERY PLAN                                             
----------------------------------------------------------------------------------------------------
 Index Scan Backward using idx on public.t (actual rows=16384.00 loops=1)
   Output: a, b
   Index Cond: ((t.a >= '-30376'::integer) AND (t.a <= '-13993'::integer))
   Index Searches: 1
   Buffers: shared hit=16232
 Settings: enable_bitmapscan = 'off', enable_seqscan = 'off', max_parallel_workers_per_gather = '0'
 Planning:
   Buffers: shared hit=118
 Planning Time: 0.168 ms
 Execution Time: 1.594 ms
(10 rows)

