SET
SET
SET
SET
SET
                                             QUERY PLAN                                             
----------------------------------------------------------------------------------------------------
 Index Scan Backward using idx on public.t (actual rows=512.00 loops=1)
   Output: a, b
   Index Cond: ((t.a >= '-18843'::integer) AND (t.a <= '-18332'::integer))
   Index Searches: 1
   Prefetch: distance=2.470 count=66 stalls=325 skipped=5 resets=0 ungets=0 forwarded=0
             histogram [2,4) => 56, [4,8) => 10
   Buffers: shared hit=420 read=94
 Settings: enable_bitmapscan = 'off', enable_seqscan = 'off', max_parallel_workers_per_gather = '0'
 Planning:
   Buffers: shared hit=85 read=28
 Planning Time: 2.160 ms
 Execution Time: 5.386 ms
(12 rows)

SET
SET
SET
SET
SET
                                             QUERY PLAN                                             
----------------------------------------------------------------------------------------------------
 Index Scan Backward using idx on public.t (actual rows=512.00 loops=1)
   Output: a, b
   Index Cond: ((t.a >= '-18843'::integer) AND (t.a <= '-18332'::integer))
   Index Searches: 1
   Buffers: shared hit=514
 Settings: enable_bitmapscan = 'off', enable_seqscan = 'off', max_parallel_workers_per_gather = '0'
 Planning:
   Buffers: shared hit=118
 Planning Time: 0.210 ms
 Execution Time: 0.220 ms
(10 rows)

