SET
SET
SET
SET
SET
                                             QUERY PLAN                                             
----------------------------------------------------------------------------------------------------
 Index Scan Backward using idx on public.t (actual rows=2048.00 loops=1)
   Output: a, b
   Index Cond: ((t.a >= '-14316'::integer) AND (t.a <= '-12269'::integer))
   Index Searches: 1
   Prefetch: distance=2.046 count=65 stalls=1637 skipped=23 resets=0 ungets=0 forwarded=0
             histogram [2,4) => 64, [4,8) => 1
   Buffers: shared hit=1908 read=122
 Settings: enable_bitmapscan = 'off', enable_seqscan = 'off', max_parallel_workers_per_gather = '0'
 Planning:
   Buffers: shared hit=85 read=28
 Planning Time: 2.147 ms
 Execution Time: 5.910 ms
(12 rows)

SET
SET
SET
SET
SET
                                             QUERY PLAN                                             
----------------------------------------------------------------------------------------------------
 Index Scan Backward using idx on public.t (actual rows=2048.00 loops=1)
   Output: a, b
   Index Cond: ((t.a >= '-14316'::integer) AND (t.a <= '-12269'::integer))
   Index Searches: 1
   Buffers: shared hit=2030
 Settings: enable_bitmapscan = 'off', enable_seqscan = 'off', max_parallel_workers_per_gather = '0'
 Planning:
   Buffers: shared hit=118
 Planning Time: 0.150 ms
 Execution Time: 0.267 ms
(10 rows)

