SET
SET
SET
SET
SET
                                                                          QUERY PLAN                                                                           
---------------------------------------------------------------------------------------------------------------------------------------------------------------
 Index Scan Backward using idx on public.t (actual rows=6048576.00 loops=1)
   Output: a, b
   Index Cond: ((t.a >= '-6074323'::integer) AND (t.a <= '-25748'::integer))
   Index Searches: 1
   Prefetch: distance=168.125 count=625459 stalls=5345310 skipped=77857 resets=0 ungets=70 forwarded=22
             histogram [2,4) => 174748, [4,8) => 1357, [8,16) => 20, [16,32) => 36, [32,64) => 146, [64,128) => 3703, [128,256) => 320393, [256,512) => 125056
   Buffers: shared hit=5876128 read=111124
 Settings: enable_bitmapscan = 'off', enable_seqscan = 'off', max_parallel_workers_per_gather = '0'
 Planning:
   Buffers: shared hit=81 read=28
 Planning Time: 2.141 ms
 Execution Time: 2401.512 ms
(12 rows)

SET
SET
SET
SET
SET
                                             QUERY PLAN                                             
----------------------------------------------------------------------------------------------------
 Index Scan Backward using idx on public.t (actual rows=6048576.00 loops=1)
   Output: a, b
   Index Cond: ((t.a >= '-6074323'::integer) AND (t.a <= '-25748'::integer))
   Index Searches: 1
   Buffers: shared hit=5987252
 Settings: enable_bitmapscan = 'off', enable_seqscan = 'off', max_parallel_workers_per_gather = '0'
 Planning:
   Buffers: shared hit=114
 Planning Time: 0.225 ms
 Execution Time: 899.081 ms
(10 rows)

