SET
SET
SET
SET
SET
                                                                         QUERY PLAN                                                                          
-------------------------------------------------------------------------------------------------------------------------------------------------------------
 Index Scan Backward using idx on public.t (actual rows=1048576.00 loops=1)
   Output: a, b
   Index Cond: ((t.a >= '-1079815'::integer) AND (t.a <= '-31240'::integer))
   Index Searches: 1
   Prefetch: distance=224.094 count=462799 stalls=572386 skipped=13446 resets=0 ungets=73 forwarded=17
             histogram [2,4) => 18726, [4,8) => 140, [8,16) => 19, [16,32) => 35, [32,64) => 136, [64,128) => 3591, [128,256) => 315166, [256,512) => 124986
   Buffers: shared hit=1018664 read=19335
 Settings: enable_bitmapscan = 'off', enable_seqscan = 'off', max_parallel_workers_per_gather = '0'
 Planning:
   Buffers: shared hit=81 read=28
 Planning Time: 2.127 ms
 Execution Time: 457.541 ms
(12 rows)

SET
SET
SET
SET
SET
                                             QUERY PLAN                                             
----------------------------------------------------------------------------------------------------
 Index Scan Backward using idx on public.t (actual rows=1048576.00 loops=1)
   Output: a, b
   Index Cond: ((t.a >= '-1079815'::integer) AND (t.a <= '-31240'::integer))
   Index Searches: 1
   Buffers: shared hit=1037999
 Settings: enable_bitmapscan = 'off', enable_seqscan = 'off', max_parallel_workers_per_gather = '0'
 Planning:
   Buffers: shared hit=114
 Planning Time: 0.225 ms
 Execution Time: 158.254 ms
(10 rows)

