SET
SET
SET
SET
SET
                                             QUERY PLAN                                             
----------------------------------------------------------------------------------------------------
 Index Scan Backward using idx on public.t (actual rows=1024.00 loops=1)
   Output: a, b
   Index Cond: ((t.a >= '-22276'::integer) AND (t.a <= '-21253'::integer))
   Index Searches: 1
   Prefetch: distance=2.143 count=63 stalls=826 skipped=12 resets=0 ungets=0 forwarded=0
             histogram [2,4) => 60, [4,8) => 3
   Buffers: shared hit=920 read=100
 Settings: enable_bitmapscan = 'off', enable_seqscan = 'off', max_parallel_workers_per_gather = '0'
 Planning:
   Buffers: shared hit=85 read=28
 Planning Time: 2.249 ms
 Execution Time: 6.955 ms
(12 rows)

SET
SET
SET
SET
SET
                                             QUERY PLAN                                             
----------------------------------------------------------------------------------------------------
 Index Scan Backward using idx on public.t (actual rows=1024.00 loops=1)
   Output: a, b
   Index Cond: ((t.a >= '-22276'::integer) AND (t.a <= '-21253'::integer))
   Index Searches: 1
   Buffers: shared hit=1020
 Settings: enable_bitmapscan = 'off', enable_seqscan = 'off', max_parallel_workers_per_gather = '0'
 Planning:
   Buffers: shared hit=118
 Planning Time: 0.156 ms
 Execution Time: 0.179 ms
(10 rows)

