SET
SET
SET
SET
SET
                                             QUERY PLAN                                             
----------------------------------------------------------------------------------------------------
 Index Scan Backward using idx on public.t (actual rows=4096.00 loops=1)
   Output: a, b
   Index Cond: ((t.a >= '-15997'::integer) AND (t.a <= '-11902'::integer))
   Index Searches: 1
   Prefetch: distance=2.071 count=127 stalls=3600 skipped=45 resets=0 ungets=0 forwarded=0
             histogram [2,4) => 124, [4,8) => 3
   Buffers: shared hit=3903 read=161
 Settings: enable_bitmapscan = 'off', enable_seqscan = 'off', max_parallel_workers_per_gather = '0'
 Planning:
   Buffers: shared hit=85 read=28
 Planning Time: 2.231 ms
 Execution Time: 6.949 ms
(12 rows)

SET
SET
SET
SET
SET
                                             QUERY PLAN                                             
----------------------------------------------------------------------------------------------------
 Index Scan Backward using idx on public.t (actual rows=4096.00 loops=1)
   Output: a, b
   Index Cond: ((t.a >= '-15997'::integer) AND (t.a <= '-11902'::integer))
   Index Searches: 1
   Buffers: shared hit=4064
 Settings: enable_bitmapscan = 'off', enable_seqscan = 'off', max_parallel_workers_per_gather = '0'
 Planning:
   Buffers: shared hit=118
 Planning Time: 0.245 ms
 Execution Time: 0.807 ms
(10 rows)

