SET
SET
SET
SET
SET
                                                                     QUERY PLAN                                                                     
----------------------------------------------------------------------------------------------------------------------------------------------------
 Index Scan Backward using idx on public.t (actual rows=262144.00 loops=1)
   Output: a, b
   Index Cond: ((t.a >= '-268096'::integer) AND (t.a <= '-5953'::integer))
   Index Searches: 1
   Prefetch: distance=233.669 count=258817 stalls=1 skipped=3329 resets=0 ungets=54 forwarded=10
             histogram [2,4) => 6, [4,8) => 8, [8,16) => 6, [16,32) => 16, [32,64) => 14, [64,128) => 1905, [128,256) => 183827, [256,512) => 73035
   Buffers: shared hit=254642 read=4895
 Settings: enable_bitmapscan = 'off', enable_seqscan = 'off', max_parallel_workers_per_gather = '0'
 Planning:
   Buffers: shared hit=81 read=28
 Planning Time: 2.144 ms
 Execution Time: 130.579 ms
(12 rows)

SET
SET
SET
SET
SET
                                             QUERY PLAN                                             
----------------------------------------------------------------------------------------------------
 Index Scan Backward using idx on public.t (actual rows=262144.00 loops=1)
   Output: a, b
   Index Cond: ((t.a >= '-268096'::integer) AND (t.a <= '-5953'::integer))
   Index Searches: 1
   Buffers: shared hit=259537
 Settings: enable_bitmapscan = 'off', enable_seqscan = 'off', max_parallel_workers_per_gather = '0'
 Planning:
   Buffers: shared hit=114
 Planning Time: 0.211 ms
 Execution Time: 36.908 ms
(10 rows)

