SET
SET
SET
SET
SET
                                                                         QUERY PLAN                                                                          
-------------------------------------------------------------------------------------------------------------------------------------------------------------
 Index Scan Backward using idx on public.t (actual rows=2048576.00 loops=1)
   Output: a, b
   Index Cond: ((t.a >= '-2066230'::integer) AND (t.a <= '-17655'::integer))
   Index Searches: 1
   Prefetch: distance=210.416 count=507192 stalls=1515102 skipped=26262 resets=0 ungets=41 forwarded=19
             histogram [2,4) => 49546, [4,8) => 375, [8,16) => 16, [16,32) => 45, [32,64) => 144, [64,128) => 3828, [128,256) => 326182, [256,512) => 127056
   Buffers: shared hit=1990224 read=37694
 Settings: enable_bitmapscan = 'off', enable_seqscan = 'off', max_parallel_workers_per_gather = '0'
 Planning:
   Buffers: shared hit=81 read=28
 Planning Time: 2.208 ms
 Execution Time: 819.273 ms
(12 rows)

SET
SET
SET
SET
SET
                                             QUERY PLAN                                             
----------------------------------------------------------------------------------------------------
 Index Scan Backward using idx on public.t (actual rows=2048576.00 loops=1)
   Output: a, b
   Index Cond: ((t.a >= '-2066230'::integer) AND (t.a <= '-17655'::integer))
   Index Searches: 1
   Buffers: shared hit=2027918
 Settings: enable_bitmapscan = 'off', enable_seqscan = 'off', max_parallel_workers_per_gather = '0'
 Planning:
   Buffers: shared hit=114
 Planning Time: 0.237 ms
 Execution Time: 305.195 ms
(10 rows)

