SET
SET
SET
SET
SET
                                                                          QUERY PLAN                                                                           
---------------------------------------------------------------------------------------------------------------------------------------------------------------
 Index Scan Backward using idx on public.t (actual rows=7048576.00 loops=1)
   Output: a, b
   Index Cond: ((t.a >= '-7060750'::integer) AND (t.a <= '-12175'::integer))
   Index Searches: 1
   Prefetch: distance=161.671 count=669847 stalls=6287893 skipped=90820 resets=0 ungets=35 forwarded=21
             histogram [2,4) => 205555, [4,8) => 1612, [8,16) => 20, [16,32) => 39, [32,64) => 150, [64,128) => 3892, [128,256) => 329991, [256,512) => 128588
   Buffers: shared hit=6847544 read=129476
 Settings: enable_bitmapscan = 'off', enable_seqscan = 'off', max_parallel_workers_per_gather = '0'
 Planning:
   Buffers: shared hit=81 read=28
 Planning Time: 2.103 ms
 Execution Time: 2828.107 ms
(12 rows)

SET
SET
SET
SET
SET
                                             QUERY PLAN                                             
----------------------------------------------------------------------------------------------------
 Index Scan Backward using idx on public.t (actual rows=7048576.00 loops=1)
   Output: a, b
   Index Cond: ((t.a >= '-7060750'::integer) AND (t.a <= '-12175'::integer))
   Index Searches: 1
   Buffers: shared hit=6977020
 Settings: enable_bitmapscan = 'off', enable_seqscan = 'off', max_parallel_workers_per_gather = '0'
 Planning:
   Buffers: shared hit=114
 Planning Time: 0.239 ms
 Execution Time: 1050.296 ms
(10 rows)

