SET
SET
SET
SET
SET
                                                                  QUERY PLAN                                                                  
----------------------------------------------------------------------------------------------------------------------------------------------
 Index Scan Backward using idx on public.t (actual rows=512.00 loops=1)
   Output: a, b
   Index Cond: ((t.a >= '-26966'::integer) AND (t.a <= '-26455'::integer))
   Index Searches: 1
   Prefetch: distance=230.755 count=493 stalls=3 skipped=6 resets=0 ungets=35 forwarded=0
             histogram [2,4) => 4, [4,8) => 11, [8,16) => 12, [16,32) => 11, [32,64) => 23, [64,128) => 3, [128,256) => 103, [256,512) => 326
   Buffers: shared hit=422 read=92
 Settings: enable_bitmapscan = 'off', enable_seqscan = 'off', max_parallel_workers_per_gather = '0'
 Planning:
   Buffers: shared hit=85 read=28
 Planning Time: 1.927 ms
 Execution Time: 4.258 ms
(12 rows)

SET
SET
SET
SET
SET
                                             QUERY PLAN                                             
----------------------------------------------------------------------------------------------------
 Index Scan Backward using idx on public.t (actual rows=512.00 loops=1)
   Output: a, b
   Index Cond: ((t.a >= '-26966'::integer) AND (t.a <= '-26455'::integer))
   Index Searches: 1
   Buffers: shared hit=514
 Settings: enable_bitmapscan = 'off', enable_seqscan = 'off', max_parallel_workers_per_gather = '0'
 Planning:
   Buffers: shared hit=118
 Planning Time: 0.213 ms
 Execution Time: 0.210 ms
(10 rows)

