SET
SET
SET
SET
SET
                                             QUERY PLAN                                             
----------------------------------------------------------------------------------------------------
 Index Scan Backward using idx on public.t (actual rows=2048.00 loops=1)
   Output: a, b
   Index Cond: ((t.a >= '-3048'::integer) AND (t.a <= '-1001'::integer))
   Index Searches: 1
   Prefetch: distance=2.000 count=62 stalls=1713 skipped=28 resets=0 ungets=0 forwarded=0
             histogram [2,4) => 62
   Buffers: shared hit=1934 read=94
 Settings: enable_bitmapscan = 'off', enable_seqscan = 'off', max_parallel_workers_per_gather = '0'
 Planning:
   Buffers: shared hit=85 read=28
 Planning Time: 1.607 ms
 Execution Time: 3.251 ms
(12 rows)

SET
SET
SET
SET
SET
                                             QUERY PLAN                                             
----------------------------------------------------------------------------------------------------
 Index Scan Backward using idx on public.t (actual rows=2048.00 loops=1)
   Output: a, b
   Index Cond: ((t.a >= '-3048'::integer) AND (t.a <= '-1001'::integer))
   Index Searches: 1
   Buffers: shared hit=2028
 Settings: enable_bitmapscan = 'off', enable_seqscan = 'off', max_parallel_workers_per_gather = '0'
 Planning:
   Buffers: shared hit=118
 Planning Time: 0.202 ms
 Execution Time: 0.428 ms
(10 rows)

