SET
SET
SET
SET
SET
                                                                          QUERY PLAN                                                                           
---------------------------------------------------------------------------------------------------------------------------------------------------------------
 Index Scan Backward using idx on public.t (actual rows=8048576.00 loops=1)
   Output: a, b
   Index Cond: ((t.a >= '-8057453'::integer) AND (t.a <= '-8878'::integer))
   Index Searches: 1
   Prefetch: distance=155.035 count=704494 stalls=7240582 skipped=103479 resets=0 ungets=33 forwarded=22
             histogram [2,4) => 236701, [4,8) => 1877, [8,16) => 19, [16,32) => 45, [32,64) => 146, [64,128) => 3743, [128,256) => 331367, [256,512) => 130596
   Buffers: shared hit=7819258 read=147835
 Settings: enable_bitmapscan = 'off', enable_seqscan = 'off', max_parallel_workers_per_gather = '0'
 Planning:
   Buffers: shared hit=81 read=28
 Planning Time: 2.113 ms
 Execution Time: 3234.238 ms
(12 rows)

SET
SET
SET
SET
SET
                                             QUERY PLAN                                             
----------------------------------------------------------------------------------------------------
 Index Scan Backward using idx on public.t (actual rows=8048576.00 loops=1)
   Output: a, b
   Index Cond: ((t.a >= '-8057453'::integer) AND (t.a <= '-8878'::integer))
   Index Searches: 1
   Buffers: shared hit=7967093
 Settings: enable_bitmapscan = 'off', enable_seqscan = 'off', max_parallel_workers_per_gather = '0'
 Planning:
   Buffers: shared hit=114
 Planning Time: 0.222 ms
 Execution Time: 1205.905 ms
(10 rows)

