SET
SET
SET
SET
SET
                                                                          QUERY PLAN                                                                           
---------------------------------------------------------------------------------------------------------------------------------------------------------------
 Index Scan Backward using idx on public.t (actual rows=6048576.00 loops=1)
   Output: a, b
   Index Cond: ((t.a >= '-6063646'::integer) AND (t.a <= '-15071'::integer))
   Index Searches: 1
   Prefetch: distance=169.196 count=635539 stalls=5335118 skipped=77852 resets=0 ungets=16 forwarded=22
             histogram [2,4) => 174404, [4,8) => 1357, [8,16) => 21, [16,32) => 44, [32,64) => 156, [64,128) => 3902, [128,256) => 328237, [256,512) => 127418
   Buffers: shared hit=5876141 read=111114
 Settings: enable_bitmapscan = 'off', enable_seqscan = 'off', max_parallel_workers_per_gather = '0'
 Planning:
   Buffers: shared hit=81 read=28
 Planning Time: 2.138 ms
 Execution Time: 2402.850 ms
(12 rows)

SET
SET
SET
SET
SET
                                             QUERY PLAN                                             
----------------------------------------------------------------------------------------------------
 Index Scan Backward using idx on public.t (actual rows=6048576.00 loops=1)
   Output: a, b
   Index Cond: ((t.a >= '-6063646'::integer) AND (t.a <= '-15071'::integer))
   Index Searches: 1
   Buffers: shared hit=5987255
 Settings: enable_bitmapscan = 'off', enable_seqscan = 'off', max_parallel_workers_per_gather = '0'
 Planning:
   Buffers: shared hit=114
 Planning Time: 0.270 ms
 Execution Time: 898.080 ms
(10 rows)

