SET
SET
SET
SET
SET
                                                                      QUERY PLAN                                                                       
-------------------------------------------------------------------------------------------------------------------------------------------------------
 Index Scan using idx on public.t (actual rows=7048576.00 loops=1)
   Output: a, b
   Index Cond: ((t.a >= 18189) AND (t.a <= 1780332))
   Index Searches: 1
   Prefetch: distance=260.825 count=7014730 stalls=5 skipped=104577 resets=0 ungets=70795 forwarded=4953
             histogram [2,4) => 14, [4,8) => 14, [8,16) => 10, [16,32) => 14, [32,64) => 21, [64,128) => 7, [128,256) => 1674529, [256,512) => 5340121
   Buffers: shared hit=6608149 read=346287
 Settings: enable_bitmapscan = 'off', enable_seqscan = 'off', max_parallel_workers_per_gather = '0'
 Planning:
   Buffers: shared hit=78 read=27
 Planning Time: 2.053 ms
 Execution Time: 2081.882 ms
(12 rows)

SET
SET
SET
SET
SET
                                             QUERY PLAN                                             
----------------------------------------------------------------------------------------------------
 Index Scan using idx on public.t (actual rows=7048576.00 loops=1)
   Output: a, b
   Index Cond: ((t.a >= 18189) AND (t.a <= 1780332))
   Index Searches: 1
   Buffers: shared hit=6954557
 Settings: enable_bitmapscan = 'off', enable_seqscan = 'off', max_parallel_workers_per_gather = '0'
 Planning:
   Buffers: shared hit=110
 Planning Time: 0.246 ms
 Execution Time: 1109.611 ms
(10 rows)

