SET
SET
SET
SET
SET
                                             QUERY PLAN                                             
----------------------------------------------------------------------------------------------------
 Index Scan Backward using idx on public.t (actual rows=2048.00 loops=1)
   Output: a, b
   Index Cond: ((t.a >= '-8892'::integer) AND (t.a <= '-6845'::integer))
   Index Searches: 1
   Prefetch: distance=2.000 count=64 stalls=1708 skipped=19 resets=0 ungets=0 forwarded=0
             histogram [2,4) => 64
   Buffers: shared hit=1920 read=120
 Settings: enable_bitmapscan = 'off', enable_seqscan = 'off', max_parallel_workers_per_gather = '0'
 Planning:
   Buffers: shared hit=85 read=28
 Planning Time: 2.120 ms
 Execution Time: 6.146 ms
(12 rows)

SET
SET
SET
SET
SET
                                             QUERY PLAN                                             
----------------------------------------------------------------------------------------------------
 Index Scan Backward using idx on public.t (actual rows=2048.00 loops=1)
   Output: a, b
   Index Cond: ((t.a >= '-8892'::integer) AND (t.a <= '-6845'::integer))
   Index Searches: 1
   Buffers: shared hit=2040
 Settings: enable_bitmapscan = 'off', enable_seqscan = 'off', max_parallel_workers_per_gather = '0'
 Planning:
   Buffers: shared hit=118
 Planning Time: 0.154 ms
 Execution Time: 0.260 ms
(10 rows)

