SET
SET
SET
SET
SET
                                                                         QUERY PLAN                                                                          
-------------------------------------------------------------------------------------------------------------------------------------------------------------
 Index Scan Backward using idx on public.t (actual rows=2048576.00 loops=1)
   Output: a, b
   Index Cond: ((t.a >= '-2064400'::integer) AND (t.a <= '-15825'::integer))
   Index Searches: 1
   Prefetch: distance=210.779 count=508924 stalls=1513356 skipped=26257 resets=0 ungets=22 forwarded=19
             histogram [2,4) => 49498, [4,8) => 390, [8,16) => 22, [16,32) => 50, [32,64) => 158, [64,128) => 3805, [128,256) => 325918, [256,512) => 129083
   Buffers: shared hit=1990227 read=37695
 Settings: enable_bitmapscan = 'off', enable_seqscan = 'off', max_parallel_workers_per_gather = '0'
 Planning:
   Buffers: shared hit=81 read=28
 Planning Time: 2.127 ms
 Execution Time: 908.098 ms
(12 rows)

SET
SET
SET
SET
SET
                                             QUERY PLAN                                             
----------------------------------------------------------------------------------------------------
 Index Scan Backward using idx on public.t (actual rows=2048576.00 loops=1)
   Output: a, b
   Index Cond: ((t.a >= '-2064400'::integer) AND (t.a <= '-15825'::integer))
   Index Searches: 1
   Buffers: shared hit=2027922
 Settings: enable_bitmapscan = 'off', enable_seqscan = 'off', max_parallel_workers_per_gather = '0'
 Planning:
   Buffers: shared hit=114
 Planning Time: 0.205 ms
 Execution Time: 312.990 ms
(10 rows)

