SET
SET
SET
SET
SET
                                             QUERY PLAN                                             
----------------------------------------------------------------------------------------------------
 Index Scan using idx on public.t (actual rows=8192.00 loops=1)
   Output: a, b
   Index Cond: ((t.a >= 31823) AND (t.a <= 33870))
   Index Searches: 1
   Prefetch: distance=2.056 count=754 stalls=6828 skipped=107 resets=0 ungets=0 forwarded=0
             histogram [2,4) => 740, [4,8) => 14
   Buffers: shared hit=7599 read=496
 Settings: enable_bitmapscan = 'off', enable_seqscan = 'off', max_parallel_workers_per_gather = '0'
 Planning:
   Buffers: shared hit=82 read=22
 Planning Time: 1.698 ms
 Execution Time: 31.845 ms
(12 rows)

SET
SET
SET
SET
SET
                                             QUERY PLAN                                             
----------------------------------------------------------------------------------------------------
 Index Scan using idx on public.t (actual rows=8192.00 loops=1)
   Output: a, b
   Index Cond: ((t.a >= 31823) AND (t.a <= 33870))
   Index Searches: 1
   Buffers: shared hit=8095
 Settings: enable_bitmapscan = 'off', enable_seqscan = 'off', max_parallel_workers_per_gather = '0'
 Planning:
   Buffers: shared hit=109
 Planning Time: 0.179 ms
 Execution Time: 1.471 ms
(10 rows)

