SET
SET
SET
SET
SET
                                             QUERY PLAN                                             
----------------------------------------------------------------------------------------------------
 Index Scan using idx on public.t (actual rows=32.00 loops=1)
   Output: a, b
   Index Cond: ((t.a >= '-29197'::integer) AND (t.a <= '-29166'::integer))
   Index Searches: 1
   Buffers: shared hit=7 read=31
 Settings: enable_bitmapscan = 'off', enable_seqscan = 'off', max_parallel_workers_per_gather = '0'
 Planning:
   Buffers: shared hit=81 read=28
 Planning Time: 1.419 ms
 Execution Time: 1.044 ms
(10 rows)

SET
SET
SET
SET
SET
                                             QUERY PLAN                                             
----------------------------------------------------------------------------------------------------
 Index Scan using idx on public.t (actual rows=32.00 loops=1)
   Output: a, b
   Index Cond: ((t.a >= '-29197'::integer) AND (t.a <= '-29166'::integer))
   Index Searches: 1
   Buffers: shared hit=38
 Settings: enable_bitmapscan = 'off', enable_seqscan = 'off', max_parallel_workers_per_gather = '0'
 Planning:
   Buffers: shared hit=114
 Planning Time: 0.155 ms
 Execution Time: 0.039 ms
(10 rows)

