SET
SET
SET
SET
SET
                                                                      QUERY PLAN                                                                       
-------------------------------------------------------------------------------------------------------------------------------------------------------
 Index Scan using idx on public.t (actual rows=1048576.00 loops=1)
   Output: a, b
   Index Cond: ((t.a >= '-1059746'::integer) AND (t.a <= '-11171'::integer))
   Index Searches: 1
   Prefetch: distance=249.268 count=1035690 stalls=4 skipped=13443 resets=0 ungets=588 forwarded=133
             histogram [2,4) => 12, [4,8) => 7, [8,16) => 9, [16,32) => 22, [32,64) => 104, [64,128) => 1077, [128,256) => 533221, [256,512) => 501238
   Buffers: shared hit=1018673 read=19331
 Settings: enable_bitmapscan = 'off', enable_seqscan = 'off', max_parallel_workers_per_gather = '0'
 Planning:
   Buffers: shared hit=77 read=28
 Planning Time: 2.127 ms
 Execution Time: 524.753 ms
(12 rows)

SET
SET
SET
SET
SET
                                             QUERY PLAN                                             
----------------------------------------------------------------------------------------------------
 Index Scan using idx on public.t (actual rows=1048576.00 loops=1)
   Output: a, b
   Index Cond: ((t.a >= '-1059746'::integer) AND (t.a <= '-11171'::integer))
   Index Searches: 1
   Buffers: shared hit=1038004
 Settings: enable_bitmapscan = 'off', enable_seqscan = 'off', max_parallel_workers_per_gather = '0'
 Planning:
   Buffers: shared hit=110
 Planning Time: 0.190 ms
 Execution Time: 161.165 ms
(10 rows)

