SET
SET
SET
SET
SET
                                                                     QUERY PLAN                                                                     
----------------------------------------------------------------------------------------------------------------------------------------------------
 Index Scan using idx on public.t (actual rows=3048576.00 loops=1)
   Output: a, b
   Index Cond: ((t.a >= 19435) AND (t.a <= 781578))
   Index Searches: 1
   Prefetch: distance=264.286 count=3308727 stalls=2 skipped=45522 resets=0 ungets=305706 forwarded=7691
             histogram [2,4) => 10, [4,8) => 6, [8,16) => 9, [16,32) => 13, [32,64) => 11, [64,128) => 2, [128,256) => 455367, [256,512) => 2853309
   Buffers: shared hit=2857562 read=149820
 Settings: enable_bitmapscan = 'off', enable_seqscan = 'off', max_parallel_workers_per_gather = '0'
 Planning:
   Buffers: shared hit=82 read=26
 Planning Time: 2.031 ms
 Execution Time: 3377.246 ms
(12 rows)

SET
SET
SET
SET
SET
                                             QUERY PLAN                                             
----------------------------------------------------------------------------------------------------
 Index Scan using idx on public.t (actual rows=3048576.00 loops=1)
   Output: a, b
   Index Cond: ((t.a >= 19435) AND (t.a <= 781578))
   Index Searches: 1
   Buffers: shared hit=3007623
 Settings: enable_bitmapscan = 'off', enable_seqscan = 'off', max_parallel_workers_per_gather = '0'
 Planning:
   Buffers: shared hit=113
 Planning Time: 0.274 ms
 Execution Time: 494.223 ms
(10 rows)

