SET
SET
SET
SET
SET
                                                                    QUERY PLAN                                                                    
--------------------------------------------------------------------------------------------------------------------------------------------------
 Index Scan using idx on public.t (actual rows=4048576.00 loops=1)
   Output: a, b
   Index Cond: ((t.a >= 12429) AND (t.a <= 1024572))
   Index Searches: 1
   Prefetch: distance=264.288 count=4393577 stalls=1 skipped=60343 resets=0 ungets=405412 forwarded=10277
             histogram [2,4) => 6, [4,8) => 5, [8,16) => 8, [16,32) => 16, [32,64) => 3, [64,128) => 4, [128,256) => 604039, [256,512) => 3789496
   Buffers: shared hit=3795029 read=198944
 Settings: enable_bitmapscan = 'off', enable_seqscan = 'off', max_parallel_workers_per_gather = '0'
 Planning:
   Buffers: shared hit=82 read=26
 Planning Time: 2.018 ms
 Execution Time: 4448.460 ms
(12 rows)

SET
SET
SET
SET
SET
                                             QUERY PLAN                                             
----------------------------------------------------------------------------------------------------
 Index Scan using idx on public.t (actual rows=4048576.00 loops=1)
   Output: a, b
   Index Cond: ((t.a >= 12429) AND (t.a <= 1024572))
   Index Searches: 1
   Buffers: shared hit=3994300
 Settings: enable_bitmapscan = 'off', enable_seqscan = 'off', max_parallel_workers_per_gather = '0'
 Planning:
   Buffers: shared hit=113
 Planning Time: 0.287 ms
 Execution Time: 655.915 ms
(10 rows)

