SET
SET
SET
SET
SET
                                                                      QUERY PLAN                                                                      
------------------------------------------------------------------------------------------------------------------------------------------------------
 Index Scan using idx on public.t (actual rows=524288.00 loops=1)
   Output: a, b
   Index Cond: ((t.a >= '-551789'::integer) AND (t.a <= '-27502'::integer))
   Index Searches: 1
   Prefetch: distance=249.364 count=517882 stalls=8 skipped=6639 resets=0 ungets=319 forwarded=65
             histogram [2,4) => 12, [4,8) => 8, [8,16) => 12, [16,32) => 23, [32,64) => 33, [64,128) => 421, [128,256) => 266634, [256,512) => 250739
   Buffers: shared hit=509378 read=9709
 Settings: enable_bitmapscan = 'off', enable_seqscan = 'off', max_parallel_workers_per_gather = '0'
 Planning:
   Buffers: shared hit=77 read=28
 Planning Time: 2.148 ms
 Execution Time: 267.424 ms
(12 rows)

SET
SET
SET
SET
SET
                                             QUERY PLAN                                             
----------------------------------------------------------------------------------------------------
 Index Scan using idx on public.t (actual rows=524288.00 loops=1)
   Output: a, b
   Index Cond: ((t.a >= '-551789'::integer) AND (t.a <= '-27502'::integer))
   Index Searches: 1
   Buffers: shared hit=519087
 Settings: enable_bitmapscan = 'off', enable_seqscan = 'off', max_parallel_workers_per_gather = '0'
 Planning:
   Buffers: shared hit=110
 Planning Time: 0.186 ms
 Execution Time: 79.489 ms
(10 rows)

