SET
SET
SET
SET
SET
                                                                       QUERY PLAN                                                                       
--------------------------------------------------------------------------------------------------------------------------------------------------------
 Index Scan using idx on public.t (actual rows=2048576.00 loops=1)
   Output: a, b
   Index Cond: ((t.a >= '-2068854'::integer) AND (t.a <= '-20279'::integer))
   Index Searches: 1
   Prefetch: distance=249.178 count=2023335 stalls=2 skipped=26251 resets=0 ungets=1085 forwarded=237
             histogram [2,4) => 4, [4,8) => 9, [8,16) => 13, [16,32) => 30, [32,64) => 187, [64,128) => 2665, [128,256) => 1042192, [256,512) => 978235
   Buffers: shared hit=1990235 read=37692
 Settings: enable_bitmapscan = 'off', enable_seqscan = 'off', max_parallel_workers_per_gather = '0'
 Planning:
   Buffers: shared hit=77 read=28
 Planning Time: 2.143 ms
 Execution Time: 1019.051 ms
(12 rows)

SET
SET
SET
SET
SET
                                             QUERY PLAN                                             
----------------------------------------------------------------------------------------------------
 Index Scan using idx on public.t (actual rows=2048576.00 loops=1)
   Output: a, b
   Index Cond: ((t.a >= '-2068854'::integer) AND (t.a <= '-20279'::integer))
   Index Searches: 1
   Buffers: shared hit=2027927
 Settings: enable_bitmapscan = 'off', enable_seqscan = 'off', max_parallel_workers_per_gather = '0'
 Planning:
   Buffers: shared hit=110
 Planning Time: 0.220 ms
 Execution Time: 309.707 ms
(10 rows)

