SET
SET
SET
SET
SET
                                                                       QUERY PLAN                                                                       
--------------------------------------------------------------------------------------------------------------------------------------------------------
 Index Scan using idx on public.t (actual rows=5048576.00 loops=1)
   Output: a, b
   Index Cond: ((t.a >= '-5072548'::integer) AND (t.a <= '-23973'::integer))
   Index Searches: 1
   Prefetch: distance=249.201 count=4986293 stalls=1 skipped=65099 resets=0 ungets=2822 forwarded=600
             histogram [2,4) => 2, [4,8) => 3, [8,16) => 6, [16,32) => 27, [32,64) => 192, [64,128) => 6225, [128,256) => 2562158, [256,512) => 2417680
   Buffers: shared hit=4904517 read=92760
 Settings: enable_bitmapscan = 'off', enable_seqscan = 'off', max_parallel_workers_per_gather = '0'
 Planning:
   Buffers: shared hit=77 read=28
 Planning Time: 2.181 ms
 Execution Time: 2508.489 ms
(12 rows)

SET
SET
SET
SET
SET
                                             QUERY PLAN                                             
----------------------------------------------------------------------------------------------------
 Index Scan using idx on public.t (actual rows=5048576.00 loops=1)
   Output: a, b
   Index Cond: ((t.a >= '-5072548'::integer) AND (t.a <= '-23973'::integer))
   Index Searches: 1
   Buffers: shared hit=4997277
 Settings: enable_bitmapscan = 'off', enable_seqscan = 'off', max_parallel_workers_per_gather = '0'
 Planning:
   Buffers: shared hit=110
 Planning Time: 0.233 ms
 Execution Time: 772.070 ms
(10 rows)

