SET
SET
SET
SET
SET
                                                                       QUERY PLAN                                                                       
--------------------------------------------------------------------------------------------------------------------------------------------------------
 Index Scan using idx on public.t (actual rows=4048576.00 loops=1)
   Output: a, b
   Index Cond: ((t.a >= '-4052522'::integer) AND (t.a <= '-3947'::integer))
   Index Searches: 1
   Prefetch: distance=249.193 count=3998801 stalls=1 skipped=52049 resets=0 ungets=2296 forwarded=461
             histogram [2,4) => 4, [4,8) => 6, [8,16) => 9, [16,32) => 23, [32,64) => 177, [64,128) => 4852, [128,256) => 2056000, [256,512) => 1937730
   Buffers: shared hit=3933191 read=74404
 Settings: enable_bitmapscan = 'off', enable_seqscan = 'off', max_parallel_workers_per_gather = '0'
 Planning:
   Buffers: shared hit=77 read=28
 Planning Time: 2.118 ms
 Execution Time: 2012.433 ms
(12 rows)

SET
SET
SET
SET
SET
                                             QUERY PLAN                                             
----------------------------------------------------------------------------------------------------
 Index Scan using idx on public.t (actual rows=4048576.00 loops=1)
   Output: a, b
   Index Cond: ((t.a >= '-4052522'::integer) AND (t.a <= '-3947'::integer))
   Index Searches: 1
   Buffers: shared hit=4007595
 Settings: enable_bitmapscan = 'off', enable_seqscan = 'off', max_parallel_workers_per_gather = '0'
 Planning:
   Buffers: shared hit=110
 Planning Time: 0.236 ms
 Execution Time: 613.770 ms
(10 rows)

