SET
SET
SET
SET
SET
                                             QUERY PLAN                                             
----------------------------------------------------------------------------------------------------
 Index Scan using idx on public.t (actual rows=1024.00 loops=1)
   Output: a, b
   Index Cond: ((t.a >= '-21264'::integer) AND (t.a <= '-20241'::integer))
   Index Searches: 1
   Prefetch: distance=2.000 count=34 stalls=726 skipped=11 resets=0 ungets=0 forwarded=0
             histogram [2,4) => 34
   Buffers: shared hit=917 read=103
 Settings: enable_bitmapscan = 'off', enable_seqscan = 'off', max_parallel_workers_per_gather = '0'
 Planning:
   Buffers: shared hit=81 read=28
 Planning Time: 1.928 ms
 Execution Time: 6.580 ms
(12 rows)

SET
SET
SET
SET
SET
                                             QUERY PLAN                                             
----------------------------------------------------------------------------------------------------
 Index Scan using idx on public.t (actual rows=1024.00 loops=1)
   Output: a, b
   Index Cond: ((t.a >= '-21264'::integer) AND (t.a <= '-20241'::integer))
   Index Searches: 1
   Buffers: shared hit=1020
 Settings: enable_bitmapscan = 'off', enable_seqscan = 'off', max_parallel_workers_per_gather = '0'
 Planning:
   Buffers: shared hit=114
 Planning Time: 0.135 ms
 Execution Time: 0.157 ms
(10 rows)

