SET
SET
SET
SET
SET
                                                                    QUERY PLAN                                                                     
---------------------------------------------------------------------------------------------------------------------------------------------------
 Index Scan using idx on public.t (actual rows=131072.00 loops=1)
   Output: a, b
   Index Cond: ((t.a >= '-140808'::integer) AND (t.a <= '-9737'::integer))
   Index Searches: 1
   Prefetch: distance=248.336 count=129379 stalls=6 skipped=1680 resets=0 ungets=108 forwarded=22
             histogram [2,4) => 4, [4,8) => 5, [8,16) => 11, [16,32) => 17, [32,64) => 32, [64,128) => 135, [128,256) => 68050, [256,512) => 61125
   Buffers: shared hit=127262 read=2492
 Settings: enable_bitmapscan = 'off', enable_seqscan = 'off', max_parallel_workers_per_gather = '0'
 Planning:
   Buffers: shared hit=81 read=28
 Planning Time: 2.137 ms
 Execution Time: 71.614 ms
(12 rows)

SET
SET
SET
SET
SET
                                             QUERY PLAN                                             
----------------------------------------------------------------------------------------------------
 Index Scan using idx on public.t (actual rows=131072.00 loops=1)
   Output: a, b
   Index Cond: ((t.a >= '-140808'::integer) AND (t.a <= '-9737'::integer))
   Index Searches: 1
   Buffers: shared hit=129754
 Settings: enable_bitmapscan = 'off', enable_seqscan = 'off', max_parallel_workers_per_gather = '0'
 Planning:
   Buffers: shared hit=114
 Planning Time: 0.207 ms
 Execution Time: 13.866 ms
(10 rows)

