SET
SET
SET
SET
SET
                                                                  QUERY PLAN                                                                  
----------------------------------------------------------------------------------------------------------------------------------------------
 Index Scan using idx on public.t (actual rows=16384.00 loops=1)
   Output: a, b
   Index Cond: ((t.a >= '-47014'::integer) AND (t.a <= '-30631'::integer))
   Index Searches: 1
   Prefetch: distance=249.049 count=16216 stalls=2 skipped=220 resets=0 ungets=71 forwarded=3
             histogram [2,4) => 4, [4,8) => 6, [8,16) => 6, [16,32) => 16, [32,64) => 4, [64,128) => 20, [128,256) => 8207, [256,512) => 7953
   Buffers: shared hit=15827 read=388
 Settings: enable_bitmapscan = 'off', enable_seqscan = 'off', max_parallel_workers_per_gather = '0'
 Planning:
   Buffers: shared hit=81 read=28
 Planning Time: 2.134 ms
 Execution Time: 12.482 ms
(12 rows)

SET
SET
SET
SET
SET
                                             QUERY PLAN                                             
----------------------------------------------------------------------------------------------------
 Index Scan using idx on public.t (actual rows=16384.00 loops=1)
   Output: a, b
   Index Cond: ((t.a >= '-47014'::integer) AND (t.a <= '-30631'::integer))
   Index Searches: 1
   Buffers: shared hit=16215
 Settings: enable_bitmapscan = 'off', enable_seqscan = 'off', max_parallel_workers_per_gather = '0'
 Planning:
   Buffers: shared hit=114
 Planning Time: 0.193 ms
 Execution Time: 2.452 ms
(10 rows)

