SET
SET
SET
SET
SET
                                                                    QUERY PLAN                                                                     
---------------------------------------------------------------------------------------------------------------------------------------------------
 Index Scan using idx on public.t (actual rows=65536.00 loops=1)
   Output: a, b
   Index Cond: ((t.a >= '-82962'::integer) AND (t.a <= '-17427'::integer))
   Index Searches: 1
   Prefetch: distance=248.377 count=64674 stalls=23 skipped=822 resets=0 ungets=80 forwarded=8
             histogram [2,4) => 10, [4,8) => 5, [8,16) => 10, [16,32) => 15, [32,64) => 32, [64,128) => 96, [128,256) => 33827, [256,512) => 30679
   Buffers: shared hit=63608 read=1290
 Settings: enable_bitmapscan = 'off', enable_seqscan = 'off', max_parallel_workers_per_gather = '0'
 Planning:
   Buffers: shared hit=81 read=28
 Planning Time: 2.144 ms
 Execution Time: 38.152 ms
(12 rows)

SET
SET
SET
SET
SET
                                             QUERY PLAN                                             
----------------------------------------------------------------------------------------------------
 Index Scan using idx on public.t (actual rows=65536.00 loops=1)
   Output: a, b
   Index Cond: ((t.a >= '-82962'::integer) AND (t.a <= '-17427'::integer))
   Index Searches: 1
   Buffers: shared hit=64898
 Settings: enable_bitmapscan = 'off', enable_seqscan = 'off', max_parallel_workers_per_gather = '0'
 Planning:
   Buffers: shared hit=114
 Planning Time: 0.185 ms
 Execution Time: 9.216 ms
(10 rows)

