SET
SET
SET
SET
SET
                                                                      QUERY PLAN                                                                      
------------------------------------------------------------------------------------------------------------------------------------------------------
 Index Scan using idx on public.t (actual rows=262144.00 loops=1)
   Output: a, b
   Index Cond: ((t.a >= '-290809'::integer) AND (t.a <= '-28666'::integer))
   Index Searches: 1
   Prefetch: distance=248.977 count=258974 stalls=8 skipped=3314 resets=0 ungets=208 forwarded=34
             histogram [2,4) => 20, [4,8) => 15, [8,16) => 6, [16,32) => 16, [32,64) => 30, [64,128) => 256, [128,256) => 134380, [256,512) => 124251
   Buffers: shared hit=254655 read=4898
 Settings: enable_bitmapscan = 'off', enable_seqscan = 'off', max_parallel_workers_per_gather = '0'
 Planning:
   Buffers: shared hit=77 read=28
 Planning Time: 2.123 ms
 Execution Time: 135.941 ms
(12 rows)

SET
SET
SET
SET
SET
                                             QUERY PLAN                                             
----------------------------------------------------------------------------------------------------
 Index Scan using idx on public.t (actual rows=262144.00 loops=1)
   Output: a, b
   Index Cond: ((t.a >= '-290809'::integer) AND (t.a <= '-28666'::integer))
   Index Searches: 1
   Buffers: shared hit=259553
 Settings: enable_bitmapscan = 'off', enable_seqscan = 'off', max_parallel_workers_per_gather = '0'
 Planning:
   Buffers: shared hit=110
 Planning Time: 0.185 ms
 Execution Time: 33.023 ms
(10 rows)

