SET
SET
SET
SET
SET
                                                                QUERY PLAN                                                                
------------------------------------------------------------------------------------------------------------------------------------------
 Index Scan using idx on public.t (actual rows=512.00 loops=1)
   Output: a, b
   Index Cond: ((t.a >= '-16996'::integer) AND (t.a <= '-16485'::integer))
   Index Searches: 1
   Prefetch: distance=251.853 count=584 stalls=1 skipped=6 resets=0 ungets=90 forwarded=0
             histogram [2,4) => 2, [4,8) => 6, [8,16) => 8, [16,32) => 11, [32,64) => 4, [64,128) => 2, [128,256) => 72, [256,512) => 479
   Buffers: shared hit=422 read=92
 Settings: enable_bitmapscan = 'off', enable_seqscan = 'off', max_parallel_workers_per_gather = '0'
 Planning:
   Buffers: shared hit=81 read=28
 Planning Time: 1.552 ms
 Execution Time: 2.541 ms
(12 rows)

SET
SET
SET
SET
SET
                                             QUERY PLAN                                             
----------------------------------------------------------------------------------------------------
 Index Scan using idx on public.t (actual rows=512.00 loops=1)
   Output: a, b
   Index Cond: ((t.a >= '-16996'::integer) AND (t.a <= '-16485'::integer))
   Index Searches: 1
   Buffers: shared hit=514
 Settings: enable_bitmapscan = 'off', enable_seqscan = 'off', max_parallel_workers_per_gather = '0'
 Planning:
   Buffers: shared hit=114
 Planning Time: 0.127 ms
 Execution Time: 0.108 ms
(10 rows)

