SET
SET
SET
SET
SET
                                                                       QUERY PLAN                                                                       
--------------------------------------------------------------------------------------------------------------------------------------------------------
 Index Scan using idx on public.t (actual rows=1048576.00 loops=1)
   Output: a, b
   Index Cond: ((t.a >= '-1054683'::integer) AND (t.a <= '-6108'::integer))
   Index Searches: 1
   Prefetch: distance=249.252 count=1035604 stalls=2 skipped=13444 resets=0 ungets=562 forwarded=132
             histogram [2,4) => 4, [4,8) => 13, [8,16) => 21, [16,32) => 30, [32,64) => 128, [64,128) => 1106, [128,256) => 533383, [256,512) => 500919
   Buffers: shared hit=1018667 read=19336
 Settings: enable_bitmapscan = 'off', enable_seqscan = 'off', max_parallel_workers_per_gather = '0'
 Planning:
   Buffers: shared hit=77 read=28
 Planning Time: 2.125 ms
 Execution Time: 524.843 ms
(12 rows)

SET
SET
SET
SET
SET
                                             QUERY PLAN                                             
----------------------------------------------------------------------------------------------------
 Index Scan using idx on public.t (actual rows=1048576.00 loops=1)
   Output: a, b
   Index Cond: ((t.a >= '-1054683'::integer) AND (t.a <= '-6108'::integer))
   Index Searches: 1
   Buffers: shared hit=1038003
 Settings: enable_bitmapscan = 'off', enable_seqscan = 'off', max_parallel_workers_per_gather = '0'
 Planning:
   Buffers: shared hit=110
 Planning Time: 0.195 ms
 Execution Time: 158.486 ms
(10 rows)

