SET
SET
SET
SET
SET
                                                                          QUERY PLAN                                                                           
---------------------------------------------------------------------------------------------------------------------------------------------------------------
 Index Scan using idx on public.t (actual rows=7048576.00 loops=1)
   Output: a, b
   Index Cond: ((t.a >= '-7052641'::integer) AND (t.a <= '-4066'::integer))
   Index Searches: 1
   Prefetch: distance=209.146 count=1178169 stalls=5780210 skipped=90804 resets=0 ungets=645 forwarded=117
             histogram [2,4) => 188979, [4,8) => 1511, [8,16) => 15, [16,32) => 60, [32,64) => 160, [64,128) => 1472, [128,256) => 507716, [256,512) => 478256
   Buffers: shared hit=6847559 read=129476
 Settings: enable_bitmapscan = 'off', enable_seqscan = 'off', max_parallel_workers_per_gather = '0'
 Planning:
   Buffers: shared hit=77 read=28
 Planning Time: 2.126 ms
 Execution Time: 6963.367 ms
(12 rows)

SET
SET
SET
SET
SET
                                             QUERY PLAN                                             
----------------------------------------------------------------------------------------------------
 Index Scan using idx on public.t (actual rows=7048576.00 loops=1)
   Output: a, b
   Index Cond: ((t.a >= '-7052641'::integer) AND (t.a <= '-4066'::integer))
   Index Searches: 1
   Buffers: shared hit=6977035
 Settings: enable_bitmapscan = 'off', enable_seqscan = 'off', max_parallel_workers_per_gather = '0'
 Planning:
   Buffers: shared hit=110
 Planning Time: 0.225 ms
 Execution Time: 1061.793 ms
(10 rows)

