SET
SET
SET
SET
SET
                                                                       QUERY PLAN                                                                        
---------------------------------------------------------------------------------------------------------------------------------------------------------
 Index Scan using idx on public.t (actual rows=2048576.00 loops=1)
   Output: a, b
   Index Cond: ((t.a >= '-2060411'::integer) AND (t.a <= '-11836'::integer))
   Index Searches: 1
   Prefetch: distance=249.149 count=2023383 stalls=2 skipped=26268 resets=0 ungets=1125 forwarded=239
             histogram [2,4) => 20, [4,8) => 12, [8,16) => 9, [16,32) => 32, [32,64) => 180, [64,128) => 2790, [128,256) => 1042109, [256,512) => 978231
   Buffers: shared hit=1990220 read=37692
 Settings: enable_bitmapscan = 'off', enable_seqscan = 'off', max_parallel_workers_per_gather = '0'
 Planning:
   Buffers: shared hit=77 read=28
 Planning Time: 2.134 ms
 Execution Time: 1020.513 ms
(12 rows)

SET
SET
SET
SET
SET
                                             QUERY PLAN                                             
----------------------------------------------------------------------------------------------------
 Index Scan using idx on public.t (actual rows=2048576.00 loops=1)
   Output: a, b
   Index Cond: ((t.a >= '-2060411'::integer) AND (t.a <= '-11836'::integer))
   Index Searches: 1
   Buffers: shared hit=2027912
 Settings: enable_bitmapscan = 'off', enable_seqscan = 'off', max_parallel_workers_per_gather = '0'
 Planning:
   Buffers: shared hit=110
 Planning Time: 0.222 ms
 Execution Time: 311.191 ms
(10 rows)

