SET
SET
SET
SET
SET
                                                                QUERY PLAN                                                                 
-------------------------------------------------------------------------------------------------------------------------------------------
 Index Scan using idx on public.t (actual rows=256.00 loops=1)
   Output: a, b
   Index Cond: ((t.a >= '-28020'::integer) AND (t.a <= '-27765'::integer))
   Index Searches: 1
   Prefetch: distance=192.571 count=224 stalls=1 skipped=1 resets=0 ungets=25 forwarded=0
             histogram [2,4) => 6, [4,8) => 6, [8,16) => 11, [16,32) => 12, [32,64) => 29, [64,128) => 8, [128,256) => 2, [256,512) => 150
   Buffers: shared hit=180 read=82
 Settings: enable_bitmapscan = 'off', enable_seqscan = 'off', max_parallel_workers_per_gather = '0'
 Planning:
   Buffers: shared hit=81 read=28
 Planning Time: 1.456 ms
 Execution Time: 1.763 ms
(12 rows)

SET
SET
SET
SET
SET
                                             QUERY PLAN                                             
----------------------------------------------------------------------------------------------------
 Index Scan using idx on public.t (actual rows=256.00 loops=1)
   Output: a, b
   Index Cond: ((t.a >= '-28020'::integer) AND (t.a <= '-27765'::integer))
   Index Searches: 1
   Buffers: shared hit=262
 Settings: enable_bitmapscan = 'off', enable_seqscan = 'off', max_parallel_workers_per_gather = '0'
 Planning:
   Buffers: shared hit=114
 Planning Time: 0.204 ms
 Execution Time: 0.171 ms
(10 rows)

