SET
SET
SET
SET
SET
                                                                 QUERY PLAN                                                                  
---------------------------------------------------------------------------------------------------------------------------------------------
 Index Scan using idx on public.t (actual rows=512.00 loops=1)
   Output: a, b
   Index Cond: ((t.a >= '-19981'::integer) AND (t.a <= '-19470'::integer))
   Index Searches: 1
   Prefetch: distance=218.948 count=462 stalls=5 skipped=6 resets=0 ungets=29 forwarded=0
             histogram [2,4) => 12, [4,8) => 9, [8,16) => 7, [16,32) => 18, [32,64) => 21, [64,128) => 18, [128,256) => 93, [256,512) => 284
   Buffers: shared hit=421 read=92
 Settings: enable_bitmapscan = 'off', enable_seqscan = 'off', max_parallel_workers_per_gather = '0'
 Planning:
   Buffers: shared hit=81 read=28
 Planning Time: 1.585 ms
 Execution Time: 5.241 ms
(12 rows)

SET
SET
SET
SET
SET
                                             QUERY PLAN                                             
----------------------------------------------------------------------------------------------------
 Index Scan using idx on public.t (actual rows=512.00 loops=1)
   Output: a, b
   Index Cond: ((t.a >= '-19981'::integer) AND (t.a <= '-19470'::integer))
   Index Searches: 1
   Buffers: shared hit=513
 Settings: enable_bitmapscan = 'off', enable_seqscan = 'off', max_parallel_workers_per_gather = '0'
 Planning:
   Buffers: shared hit=114
 Planning Time: 0.182 ms
 Execution Time: 0.115 ms
(10 rows)

