SET
SET
SET
SET
SET
                                                                       QUERY PLAN                                                                        
---------------------------------------------------------------------------------------------------------------------------------------------------------
 Index Scan using idx on public.t (actual rows=3048576.00 loops=1)
   Output: a, b
   Index Cond: ((t.a >= '-3065470'::integer) AND (t.a <= '-16895'::integer))
   Index Searches: 1
   Prefetch: distance=249.139 count=3011139 stalls=5 skipped=39086 resets=0 ungets=1725 forwarded=361
             histogram [2,4) => 6, [4,8) => 6, [8,16) => 13, [16,32) => 30, [32,64) => 193, [64,128) => 3734, [128,256) => 1550995, [256,512) => 1456162
   Buffers: shared hit=2961778 read=56048
 Settings: enable_bitmapscan = 'off', enable_seqscan = 'off', max_parallel_workers_per_gather = '0'
 Planning:
   Buffers: shared hit=77 read=28
 Planning Time: 2.132 ms
 Execution Time: 1514.655 ms
(12 rows)

SET
SET
SET
SET
SET
                                             QUERY PLAN                                             
----------------------------------------------------------------------------------------------------
 Index Scan using idx on public.t (actual rows=3048576.00 loops=1)
   Output: a, b
   Index Cond: ((t.a >= '-3065470'::integer) AND (t.a <= '-16895'::integer))
   Index Searches: 1
   Buffers: shared hit=3017826
 Settings: enable_bitmapscan = 'off', enable_seqscan = 'off', max_parallel_workers_per_gather = '0'
 Planning:
   Buffers: shared hit=110
 Planning Time: 0.235 ms
 Execution Time: 466.048 ms
(10 rows)

