SET
SET
SET
SET
SET
                                                                  QUERY PLAN                                                                   
-----------------------------------------------------------------------------------------------------------------------------------------------
 Index Scan Backward using idx on public.t (actual rows=512.00 loops=1)
   Output: a, b
   Index Cond: ((t.a >= '-26922'::integer) AND (t.a <= '-26411'::integer))
   Index Searches: 1
   Prefetch: distance=161.102 count=394 stalls=24 skipped=5 resets=0 ungets=0 forwarded=0
             histogram [2,4) => 16, [4,8) => 10, [8,16) => 16, [16,32) => 19, [32,64) => 30, [64,128) => 55, [128,256) => 163, [256,512) => 85
   Buffers: shared hit=425 read=90
 Settings: enable_bitmapscan = 'off', enable_seqscan = 'off', max_parallel_workers_per_gather = '0'
 Planning:
   Buffers: shared hit=85 read=28
 Planning Time: 2.168 ms
 Execution Time: 5.429 ms
(12 rows)

SET
SET
SET
SET
SET
                                             QUERY PLAN                                             
----------------------------------------------------------------------------------------------------
 Index Scan Backward using idx on public.t (actual rows=512.00 loops=1)
   Output: a, b
   Index Cond: ((t.a >= '-26922'::integer) AND (t.a <= '-26411'::integer))
   Index Searches: 1
   Buffers: shared hit=515
 Settings: enable_bitmapscan = 'off', enable_seqscan = 'off', max_parallel_workers_per_gather = '0'
 Planning:
   Buffers: shared hit=118
 Planning Time: 0.203 ms
 Execution Time: 0.198 ms
(10 rows)

