SET
SET
SET
SET
SET
                                             QUERY PLAN                                             
----------------------------------------------------------------------------------------------------
 Index Scan Backward using idx on public.t (actual rows=4096.00 loops=1)
   Output: a, b
   Index Cond: ((t.a >= '-20806'::integer) AND (t.a <= '-16711'::integer))
   Index Searches: 1
   Prefetch: distance=2.042 count=144 stalls=3625 skipped=54 resets=0 ungets=0 forwarded=0
             histogram [2,4) => 142, [4,8) => 2
   Buffers: shared hit=3895 read=160
 Settings: enable_bitmapscan = 'off', enable_seqscan = 'off', max_parallel_workers_per_gather = '0'
 Planning:
   Buffers: shared hit=85 read=28
 Planning Time: 2.168 ms
 Execution Time: 6.261 ms
(12 rows)

SET
SET
SET
SET
SET
                                             QUERY PLAN                                             
----------------------------------------------------------------------------------------------------
 Index Scan Backward using idx on public.t (actual rows=4096.00 loops=1)
   Output: a, b
   Index Cond: ((t.a >= '-20806'::integer) AND (t.a <= '-16711'::integer))
   Index Searches: 1
   Buffers: shared hit=4055
 Settings: enable_bitmapscan = 'off', enable_seqscan = 'off', max_parallel_workers_per_gather = '0'
 Planning:
   Buffers: shared hit=118
 Planning Time: 0.211 ms
 Execution Time: 0.753 ms
(10 rows)

