SET
SET
SET
SET
SET
                                                                   QUERY PLAN                                                                   
------------------------------------------------------------------------------------------------------------------------------------------------
 Index Scan Backward using idx on public.t (actual rows=2048.00 loops=1)
   Output: a, b
   Index Cond: ((t.a >= '-28454'::integer) AND (t.a <= '-26407'::integer))
   Index Searches: 1
   Prefetch: distance=229.873 count=1906 stalls=26 skipped=23 resets=0 ungets=0 forwarded=2
             histogram [2,4) => 14, [4,8) => 10, [8,16) => 16, [16,32) => 19, [32,64) => 30, [64,128) => 55, [128,256) => 970, [256,512) => 792
   Buffers: shared hit=1921 read=116
 Settings: enable_bitmapscan = 'off', enable_seqscan = 'off', max_parallel_workers_per_gather = '0'
 Planning:
   Buffers: shared hit=85 read=28
 Planning Time: 2.142 ms
 Execution Time: 5.823 ms
(12 rows)

SET
SET
SET
SET
SET
                                             QUERY PLAN                                             
----------------------------------------------------------------------------------------------------
 Index Scan Backward using idx on public.t (actual rows=2048.00 loops=1)
   Output: a, b
   Index Cond: ((t.a >= '-28454'::integer) AND (t.a <= '-26407'::integer))
   Index Searches: 1
   Buffers: shared hit=2037
 Settings: enable_bitmapscan = 'off', enable_seqscan = 'off', max_parallel_workers_per_gather = '0'
 Planning:
   Buffers: shared hit=118
 Planning Time: 0.194 ms
 Execution Time: 0.441 ms
(10 rows)

