SET
SET
SET
SET
SET
                                                                          QUERY PLAN                                                                          
--------------------------------------------------------------------------------------------------------------------------------------------------------------
 Index Scan Backward using idx on public.t (actual rows=4048576.00 loops=1)
   Output: a, b
   Index Cond: ((t.a >= '-4062195'::integer) AND (t.a <= '-13620'::integer))
   Index Searches: 1
   Prefetch: distance=209.384 count=753694 stalls=3242823 skipped=52057 resets=0 ungets=68 forwarded=54
             histogram [2,4) => 106014, [4,8) => 815, [8,16) => 20, [16,32) => 43, [32,64) => 208, [64,128) => 2401, [128,256) => 383374, [256,512) => 260819
   Buffers: shared hit=3933181 read=74406
 Settings: enable_bitmapscan = 'off', enable_seqscan = 'off', max_parallel_workers_per_gather = '0'
 Planning:
   Buffers: shared hit=81 read=28
 Planning Time: 2.132 ms
 Execution Time: 1413.742 ms
(12 rows)

SET
SET
SET
SET
SET
                                             QUERY PLAN                                             
----------------------------------------------------------------------------------------------------
 Index Scan Backward using idx on public.t (actual rows=4048576.00 loops=1)
   Output: a, b
   Index Cond: ((t.a >= '-4062195'::integer) AND (t.a <= '-13620'::integer))
   Index Searches: 1
   Buffers: shared hit=4007587
 Settings: enable_bitmapscan = 'off', enable_seqscan = 'off', max_parallel_workers_per_gather = '0'
 Planning:
   Buffers: shared hit=114
 Planning Time: 0.196 ms
 Execution Time: 600.433 ms
(10 rows)

