SET
SET
SET
SET
SET
                                                                         QUERY PLAN                                                                         
------------------------------------------------------------------------------------------------------------------------------------------------------------
 Index Scan Backward using idx on public.t (actual rows=1048576.00 loops=1)
   Output: a, b
   Index Cond: ((t.a >= '-1048694'::integer) AND (t.a <= '-119'::integer))
   Index Searches: 1
   Prefetch: distance=239.289 count=672188 stalls=362958 skipped=13454 resets=0 ungets=53 forwarded=50
             histogram [2,4) => 11873, [4,8) => 97, [8,16) => 24, [16,32) => 36, [32,64) => 225, [64,128) => 2475, [128,256) => 391468, [256,512) => 265990
   Buffers: shared hit=1018703 read=19290
 Settings: enable_bitmapscan = 'off', enable_seqscan = 'off', max_parallel_workers_per_gather = '0'
 Planning:
   Buffers: shared hit=81 read=28
 Planning Time: 2.136 ms
 Execution Time: 430.454 ms
(12 rows)

SET
SET
SET
SET
SET
                                             QUERY PLAN                                             
----------------------------------------------------------------------------------------------------
 Index Scan Backward using idx on public.t (actual rows=1048576.00 loops=1)
   Output: a, b
   Index Cond: ((t.a >= '-1048694'::integer) AND (t.a <= '-119'::integer))
   Index Searches: 1
   Buffers: shared hit=1037993
 Settings: enable_bitmapscan = 'off', enable_seqscan = 'off', max_parallel_workers_per_gather = '0'
 Planning:
   Buffers: shared hit=114
 Planning Time: 0.201 ms
 Execution Time: 160.191 ms
(10 rows)

