SET
SET
SET
SET
SET
                                                                 QUERY PLAN                                                                  
---------------------------------------------------------------------------------------------------------------------------------------------
 Index Scan Backward using idx on public.t (actual rows=4096.00 loops=1)
   Output: a, b
   Index Cond: ((t.a >= '-19233'::integer) AND (t.a <= '-15138'::integer))
   Index Searches: 1
   Prefetch: distance=248.916 count=4107 stalls=1 skipped=50 resets=0 ungets=78 forwarded=0
             histogram [2,4) => 2, [4,8) => 4, [8,16) => 5, [16,32) => 13, [32,64) => 3, [64,128) => 2, [128,256) => 1994, [256,512) => 2084
   Buffers: shared hit=3904 read=160
 Settings: enable_bitmapscan = 'off', enable_seqscan = 'off', max_parallel_workers_per_gather = '0'
 Planning:
   Buffers: shared hit=85 read=28
 Planning Time: 1.560 ms
 Execution Time: 4.474 ms
(12 rows)

SET
SET
SET
SET
SET
                                             QUERY PLAN                                             
----------------------------------------------------------------------------------------------------
 Index Scan Backward using idx on public.t (actual rows=4096.00 loops=1)
   Output: a, b
   Index Cond: ((t.a >= '-19233'::integer) AND (t.a <= '-15138'::integer))
   Index Searches: 1
   Buffers: shared hit=4064
 Settings: enable_bitmapscan = 'off', enable_seqscan = 'off', max_parallel_workers_per_gather = '0'
 Planning:
   Buffers: shared hit=118
 Planning Time: 0.204 ms
 Execution Time: 0.764 ms
(10 rows)

