SET
SET
SET
SET
SET
                                                                 QUERY PLAN                                                                 
--------------------------------------------------------------------------------------------------------------------------------------------
 Index Scan Backward using idx on public.t (actual rows=2048.00 loops=1)
   Output: a, b
   Index Cond: ((t.a >= '-19739'::integer) AND (t.a <= '-17692'::integer))
   Index Searches: 1
   Prefetch: distance=247.109 count=2064 stalls=2 skipped=29 resets=0 ungets=71 forwarded=0
             histogram [2,4) => 4, [4,8) => 6, [8,16) => 6, [16,32) => 21, [32,64) => 3, [64,128) => 2, [128,256) => 907, [256,512) => 1115
   Buffers: shared hit=1907 read=124
 Settings: enable_bitmapscan = 'off', enable_seqscan = 'off', max_parallel_workers_per_gather = '0'
 Planning:
   Buffers: shared hit=85 read=28
 Planning Time: 2.147 ms
 Execution Time: 3.821 ms
(12 rows)

SET
SET
SET
SET
SET
                                             QUERY PLAN                                             
----------------------------------------------------------------------------------------------------
 Index Scan Backward using idx on public.t (actual rows=2048.00 loops=1)
   Output: a, b
   Index Cond: ((t.a >= '-19739'::integer) AND (t.a <= '-17692'::integer))
   Index Searches: 1
   Buffers: shared hit=2031
 Settings: enable_bitmapscan = 'off', enable_seqscan = 'off', max_parallel_workers_per_gather = '0'
 Planning:
   Buffers: shared hit=118
 Planning Time: 0.207 ms
 Execution Time: 0.460 ms
(10 rows)

