SET
SET
SET
SET
SET
                                             QUERY PLAN                                             
----------------------------------------------------------------------------------------------------
 Index Scan Backward using idx on public.t (actual rows=512.00 loops=1)
   Output: a, b
   Index Cond: ((t.a >= '-13403'::integer) AND (t.a <= '-12892'::integer))
   Index Searches: 1
   Prefetch: distance=2.745 count=98 stalls=344 skipped=4 resets=0 ungets=0 forwarded=0
             histogram [2,4) => 76, [4,8) => 21, [8,16) => 1
   Buffers: shared hit=423 read=92
 Settings: enable_bitmapscan = 'off', enable_seqscan = 'off', max_parallel_workers_per_gather = '0'
 Planning:
   Buffers: shared hit=85 read=28
 Planning Time: 2.161 ms
 Execution Time: 3.725 ms
(12 rows)

SET
SET
SET
SET
SET
                                             QUERY PLAN                                             
----------------------------------------------------------------------------------------------------
 Index Scan Backward using idx on public.t (actual rows=512.00 loops=1)
   Output: a, b
   Index Cond: ((t.a >= '-13403'::integer) AND (t.a <= '-12892'::integer))
   Index Searches: 1
   Buffers: shared hit=515
 Settings: enable_bitmapscan = 'off', enable_seqscan = 'off', max_parallel_workers_per_gather = '0'
 Planning:
   Buffers: shared hit=118
 Planning Time: 0.267 ms
 Execution Time: 0.244 ms
(10 rows)

