SET
SET
SET
SET
SET
                                                                         QUERY PLAN                                                                          
-------------------------------------------------------------------------------------------------------------------------------------------------------------
 Index Scan Backward using idx on public.t (actual rows=2048576.00 loops=1)
   Output: a, b
   Index Cond: ((t.a >= '-2063338'::integer) AND (t.a <= '-14763'::integer))
   Index Searches: 1
   Prefetch: distance=228.393 count=689753 stalls=1332658 skipped=26259 resets=0 ungets=119 forwarded=52
             histogram [2,4) => 43575, [4,8) => 334, [8,16) => 17, [16,32) => 35, [32,64) => 188, [64,128) => 2190, [128,256) => 382466, [256,512) => 260948
   Buffers: shared hit=1990232 read=37689
 Settings: enable_bitmapscan = 'off', enable_seqscan = 'off', max_parallel_workers_per_gather = '0'
 Planning:
   Buffers: shared hit=81 read=28
 Planning Time: 2.123 ms
 Execution Time: 756.418 ms
(12 rows)

SET
SET
SET
SET
SET
                                             QUERY PLAN                                             
----------------------------------------------------------------------------------------------------
 Index Scan Backward using idx on public.t (actual rows=2048576.00 loops=1)
   Output: a, b
   Index Cond: ((t.a >= '-2063338'::integer) AND (t.a <= '-14763'::integer))
   Index Searches: 1
   Buffers: shared hit=2027921
 Settings: enable_bitmapscan = 'off', enable_seqscan = 'off', max_parallel_workers_per_gather = '0'
 Planning:
   Buffers: shared hit=114
 Planning Time: 0.196 ms
 Execution Time: 310.057 ms
(10 rows)

