SET
SET
SET
SET
SET
                                                                         QUERY PLAN                                                                         
------------------------------------------------------------------------------------------------------------------------------------------------------------
 Index Scan Backward using idx on public.t (actual rows=1048576.00 loops=1)
   Output: a, b
   Index Cond: ((t.a >= '-1059686'::integer) AND (t.a <= '-11111'::integer))
   Index Searches: 1
   Prefetch: distance=239.072 count=661781 stalls=373464 skipped=13443 resets=0 ungets=129 forwarded=51
             histogram [2,4) => 12219, [4,8) => 98, [8,16) => 16, [16,32) => 29, [32,64) => 183, [64,128) => 2385, [128,256) => 385519, [256,512) => 261332
   Buffers: shared hit=1018672 read=19332
 Settings: enable_bitmapscan = 'off', enable_seqscan = 'off', max_parallel_workers_per_gather = '0'
 Planning:
   Buffers: shared hit=81 read=28
 Planning Time: 2.117 ms
 Execution Time: 424.280 ms
(12 rows)

SET
SET
SET
SET
SET
                                             QUERY PLAN                                             
----------------------------------------------------------------------------------------------------
 Index Scan Backward using idx on public.t (actual rows=1048576.00 loops=1)
   Output: a, b
   Index Cond: ((t.a >= '-1059686'::integer) AND (t.a <= '-11111'::integer))
   Index Searches: 1
   Buffers: shared hit=1038004
 Settings: enable_bitmapscan = 'off', enable_seqscan = 'off', max_parallel_workers_per_gather = '0'
 Planning:
   Buffers: shared hit=114
 Planning Time: 0.217 ms
 Execution Time: 157.434 ms
(10 rows)

