SET
SET
SET
SET
SET
                                                               QUERY PLAN                                                                
-----------------------------------------------------------------------------------------------------------------------------------------
 Index Scan Backward using idx on public.t (actual rows=256.00 loops=1)
   Output: a, b
   Index Cond: ((t.a >= '-17230'::integer) AND (t.a <= '-16975'::integer))
   Index Searches: 1
   Prefetch: distance=246.844 count=315 stalls=1 skipped=3 resets=0 ungets=72 forwarded=1
             histogram [2,4) => 2, [4,8) => 4, [8,16) => 11, [16,32) => 7, [32,64) => 3, [64,128) => 2, [128,256) => 2, [256,512) => 284
   Buffers: shared hit=176 read=84
 Settings: enable_bitmapscan = 'off', enable_seqscan = 'off', max_parallel_workers_per_gather = '0'
 Planning:
   Buffers: shared hit=85 read=28
 Planning Time: 1.542 ms
 Execution Time: 2.289 ms
(12 rows)

SET
SET
SET
SET
SET
                                             QUERY PLAN                                             
----------------------------------------------------------------------------------------------------
 Index Scan Backward using idx on public.t (actual rows=256.00 loops=1)
   Output: a, b
   Index Cond: ((t.a >= '-17230'::integer) AND (t.a <= '-16975'::integer))
   Index Searches: 1
   Buffers: shared hit=260
 Settings: enable_bitmapscan = 'off', enable_seqscan = 'off', max_parallel_workers_per_gather = '0'
 Planning:
   Buffers: shared hit=118
 Planning Time: 0.208 ms
 Execution Time: 0.165 ms
(10 rows)

