SET
SET
SET
SET
SET
                                                                 QUERY PLAN                                                                 
--------------------------------------------------------------------------------------------------------------------------------------------
 Index Scan Backward using idx on public.t (actual rows=512.00 loops=1)
   Output: a, b
   Index Cond: ((t.a >= '-15619'::integer) AND (t.a <= '-15108'::integer))
   Index Searches: 1
   Prefetch: distance=234.517 count=501 stalls=4 skipped=1 resets=0 ungets=40 forwarded=0
             histogram [2,4) => 4, [4,8) => 6, [8,16) => 7, [16,32) => 12, [32,64) => 22, [64,128) => 9, [128,256) => 111, [256,512) => 330
   Buffers: shared hit=428 read=90
 Settings: enable_bitmapscan = 'off', enable_seqscan = 'off', max_parallel_workers_per_gather = '0'
 Planning:
   Buffers: shared hit=85 read=28
 Planning Time: 1.562 ms
 Execution Time: 3.885 ms
(12 rows)

SET
SET
SET
SET
SET
                                             QUERY PLAN                                             
----------------------------------------------------------------------------------------------------
 Index Scan Backward using idx on public.t (actual rows=512.00 loops=1)
   Output: a, b
   Index Cond: ((t.a >= '-15619'::integer) AND (t.a <= '-15108'::integer))
   Index Searches: 1
   Buffers: shared hit=518
 Settings: enable_bitmapscan = 'off', enable_seqscan = 'off', max_parallel_workers_per_gather = '0'
 Planning:
   Buffers: shared hit=118
 Planning Time: 0.140 ms
 Execution Time: 0.111 ms
(10 rows)

