SET
SET
SET
SET
SET
                                                                   QUERY PLAN                                                                   
------------------------------------------------------------------------------------------------------------------------------------------------
 Index Scan Backward using idx on public.t (actual rows=4096.00 loops=1)
   Output: a, b
   Index Cond: ((t.a >= '-13340'::integer) AND (t.a <= '-9245'::integer))
   Index Searches: 1
   Prefetch: distance=235.470 count=4029 stalls=1 skipped=60 resets=0 ungets=47 forwarded=0
             histogram [2,4) => 6, [4,8) => 6, [8,16) => 20, [16,32) => 18, [32,64) => 16, [64,128) => 74, [128,256) => 2215, [256,512) => 1674
   Buffers: shared hit=3893 read=161
 Settings: enable_bitmapscan = 'off', enable_seqscan = 'off', max_parallel_workers_per_gather = '0'
 Planning:
   Buffers: shared hit=85 read=28
 Planning Time: 2.143 ms
 Execution Time: 6.256 ms
(12 rows)

SET
SET
SET
SET
SET
                                             QUERY PLAN                                             
----------------------------------------------------------------------------------------------------
 Index Scan Backward using idx on public.t (actual rows=4096.00 loops=1)
   Output: a, b
   Index Cond: ((t.a >= '-13340'::integer) AND (t.a <= '-9245'::integer))
   Index Searches: 1
   Buffers: shared hit=4054
 Settings: enable_bitmapscan = 'off', enable_seqscan = 'off', max_parallel_workers_per_gather = '0'
 Planning:
   Buffers: shared hit=118
 Planning Time: 0.158 ms
 Execution Time: 0.453 ms
(10 rows)

