SET
SET
SET
SET
SET
                                                                  QUERY PLAN                                                                   
-----------------------------------------------------------------------------------------------------------------------------------------------
 Index Scan Backward using idx on public.t (actual rows=2048.00 loops=1)
   Output: a, b
   Index Cond: ((t.a >= '-23010'::integer) AND (t.a <= '-20963'::integer))
   Index Searches: 1
   Prefetch: distance=243.806 count=2011 stalls=3 skipped=22 resets=0 ungets=35 forwarded=0
             histogram [2,4) => 12, [4,8) => 11, [8,16) => 8, [16,32) => 18, [32,64) => 16, [64,128) => 2, [128,256) => 862, [256,512) => 1082
   Buffers: shared hit=1915 read=122
 Settings: enable_bitmapscan = 'off', enable_seqscan = 'off', max_parallel_workers_per_gather = '0'
 Planning:
   Buffers: shared hit=85 read=28
 Planning Time: 1.593 ms
 Execution Time: 5.796 ms
(12 rows)

SET
SET
SET
SET
SET
                                             QUERY PLAN                                             
----------------------------------------------------------------------------------------------------
 Index Scan Backward using idx on public.t (actual rows=2048.00 loops=1)
   Output: a, b
   Index Cond: ((t.a >= '-23010'::integer) AND (t.a <= '-20963'::integer))
   Index Searches: 1
   Buffers: shared hit=2037
 Settings: enable_bitmapscan = 'off', enable_seqscan = 'off', max_parallel_workers_per_gather = '0'
 Planning:
   Buffers: shared hit=118
 Planning Time: 0.194 ms
 Execution Time: 0.442 ms
(10 rows)

