SET
SET
SET
SET
SET
                                                                     QUERY PLAN                                                                      
-----------------------------------------------------------------------------------------------------------------------------------------------------
 Index Scan Backward using idx on public.t (actual rows=524288.00 loops=1)
   Output: a, b
   Index Cond: ((t.a >= '-528054'::integer) AND (t.a <= '-3767'::integer))
   Index Searches: 1
   Prefetch: distance=244.001 count=517710 stalls=2 skipped=6622 resets=0 ungets=87 forwarded=39
             histogram [2,4) => 6, [4,8) => 5, [8,16) => 9, [16,32) => 13, [32,64) => 37, [64,128) => 1534, [128,256) => 306678, [256,512) => 209428
   Buffers: shared hit=509399 read=9706
 Settings: enable_bitmapscan = 'off', enable_seqscan = 'off', max_parallel_workers_per_gather = '0'
 Planning:
   Buffers: shared hit=81 read=28
 Planning Time: 2.172 ms
 Execution Time: 240.346 ms
(12 rows)

SET
SET
SET
SET
SET
                                             QUERY PLAN                                             
----------------------------------------------------------------------------------------------------
 Index Scan Backward using idx on public.t (actual rows=524288.00 loops=1)
   Output: a, b
   Index Cond: ((t.a >= '-528054'::integer) AND (t.a <= '-3767'::integer))
   Index Searches: 1
   Buffers: shared hit=519105
 Settings: enable_bitmapscan = 'off', enable_seqscan = 'off', max_parallel_workers_per_gather = '0'
 Planning:
   Buffers: shared hit=114
 Planning Time: 0.217 ms
 Execution Time: 76.126 ms
(10 rows)

