SET
SET
SET
SET
SET
                                                                          QUERY PLAN                                                                           
---------------------------------------------------------------------------------------------------------------------------------------------------------------
 Index Scan Backward using idx on public.t (actual rows=7048576.00 loops=1)
   Output: a, b
   Index Cond: ((t.a >= '-7070675'::integer) AND (t.a <= '-22100'::integer))
   Index Searches: 1
   Prefetch: distance=185.660 count=840200 stalls=6117708 skipped=90798 resets=0 ungets=138 forwarded=57
             histogram [2,4) => 199990, [4,8) => 1565, [8,16) => 16, [16,32) => 32, [32,64) => 183, [64,128) => 2319, [128,256) => 378911, [256,512) => 257184
   Buffers: shared hit=6847566 read=129477
 Settings: enable_bitmapscan = 'off', enable_seqscan = 'off', max_parallel_workers_per_gather = '0'
 Planning:
   Buffers: shared hit=81 read=28
 Planning Time: 2.120 ms
 Execution Time: 2399.350 ms
(12 rows)

SET
SET
SET
SET
SET
                                             QUERY PLAN                                             
----------------------------------------------------------------------------------------------------
 Index Scan Backward using idx on public.t (actual rows=7048576.00 loops=1)
   Output: a, b
   Index Cond: ((t.a >= '-7070675'::integer) AND (t.a <= '-22100'::integer))
   Index Searches: 1
   Buffers: shared hit=6977043
 Settings: enable_bitmapscan = 'off', enable_seqscan = 'off', max_parallel_workers_per_gather = '0'
 Planning:
   Buffers: shared hit=114
 Planning Time: 0.242 ms
 Execution Time: 1058.996 ms
(10 rows)

