SET
SET
SET
SET
SET
                                                                   QUERY PLAN                                                                   
------------------------------------------------------------------------------------------------------------------------------------------------
 Index Scan Backward using idx on public.t (actual rows=2048.00 loops=1)
   Output: a, b
   Index Cond: ((t.a >= '-30644'::integer) AND (t.a <= '-28597'::integer))
   Index Searches: 1
   Prefetch: distance=228.149 count=1898 stalls=24 skipped=27 resets=0 ungets=0 forwarded=0
             histogram [2,4) => 18, [4,8) => 12, [8,16) => 11, [16,32) => 22, [32,64) => 37, [64,128) => 59, [128,256) => 957, [256,512) => 782
   Buffers: shared hit=1911 read=122
 Settings: enable_bitmapscan = 'off', enable_seqscan = 'off', max_parallel_workers_per_gather = '0'
 Planning:
   Buffers: shared hit=85 read=28
 Planning Time: 2.139 ms
 Execution Time: 5.678 ms
(12 rows)

SET
SET
SET
SET
SET
                                             QUERY PLAN                                             
----------------------------------------------------------------------------------------------------
 Index Scan Backward using idx on public.t (actual rows=2048.00 loops=1)
   Output: a, b
   Index Cond: ((t.a >= '-30644'::integer) AND (t.a <= '-28597'::integer))
   Index Searches: 1
   Buffers: shared hit=2033
 Settings: enable_bitmapscan = 'off', enable_seqscan = 'off', max_parallel_workers_per_gather = '0'
 Planning:
   Buffers: shared hit=118
 Planning Time: 0.170 ms
 Execution Time: 0.273 ms
(10 rows)

