SET
SET
SET
SET
SET
                                                                         QUERY PLAN                                                                          
-------------------------------------------------------------------------------------------------------------------------------------------------------------
 Index Scan Backward using idx on public.t (actual rows=2048576.00 loops=1)
   Output: a, b
   Index Cond: ((t.a >= '-2077948'::integer) AND (t.a <= '-29373'::integer))
   Index Searches: 1
   Prefetch: distance=227.764 count=675699 stalls=1346656 skipped=26233 resets=0 ungets=67 forwarded=51
             histogram [2,4) => 44043, [4,8) => 344, [8,16) => 15, [16,32) => 36, [32,64) => 214, [64,128) => 2227, [128,256) => 374413, [256,512) => 254407
   Buffers: shared hit=1990253 read=37693
 Settings: enable_bitmapscan = 'off', enable_seqscan = 'off', max_parallel_workers_per_gather = '0'
 Planning:
   Buffers: shared hit=81 read=28
 Planning Time: 2.128 ms
 Execution Time: 754.006 ms
(12 rows)

SET
SET
SET
SET
SET
                                             QUERY PLAN                                             
----------------------------------------------------------------------------------------------------
 Index Scan Backward using idx on public.t (actual rows=2048576.00 loops=1)
   Output: a, b
   Index Cond: ((t.a >= '-2077948'::integer) AND (t.a <= '-29373'::integer))
   Index Searches: 1
   Buffers: shared hit=2027946
 Settings: enable_bitmapscan = 'off', enable_seqscan = 'off', max_parallel_workers_per_gather = '0'
 Planning:
   Buffers: shared hit=114
 Planning Time: 0.192 ms
 Execution Time: 309.219 ms
(10 rows)

