SET
SET
SET
SET
SET
                                                                          QUERY PLAN                                                                           
---------------------------------------------------------------------------------------------------------------------------------------------------------------
 Index Scan Backward using idx on public.t (actual rows=6048576.00 loops=1)
   Output: a, b
   Index Cond: ((t.a >= '-6050482'::integer) AND (t.a <= '-1907'::integer))
   Index Searches: 1
   Prefetch: distance=194.222 count=827887 stalls=5142840 skipped=77845 resets=0 ungets=67 forwarded=55
             histogram [2,4) => 168125, [4,8) => 1322, [8,16) => 32, [16,32) => 40, [32,64) => 213, [64,128) => 2350, [128,256) => 390241, [256,512) => 265564
   Buffers: shared hit=5876154 read=111108
 Settings: enable_bitmapscan = 'off', enable_seqscan = 'off', max_parallel_workers_per_gather = '0'
 Planning:
   Buffers: shared hit=81 read=28
 Planning Time: 2.152 ms
 Execution Time: 2071.583 ms
(12 rows)

SET
SET
SET
SET
SET
                                             QUERY PLAN                                             
----------------------------------------------------------------------------------------------------
 Index Scan Backward using idx on public.t (actual rows=6048576.00 loops=1)
   Output: a, b
   Index Cond: ((t.a >= '-6050482'::integer) AND (t.a <= '-1907'::integer))
   Index Searches: 1
   Buffers: shared hit=5987262
 Settings: enable_bitmapscan = 'off', enable_seqscan = 'off', max_parallel_workers_per_gather = '0'
 Planning:
   Buffers: shared hit=114
 Planning Time: 0.243 ms
 Execution Time: 898.178 ms
(10 rows)

