SET
SET
SET
SET
SET
                                             QUERY PLAN                                             
----------------------------------------------------------------------------------------------------
 Index Scan using idx on public.t (actual rows=4096.00 loops=1)
   Output: a, b
   Index Cond: ((t.a >= 1367) AND (t.a <= 2390))
   Index Searches: 1
   Prefetch: distance=2.095 count=409 stalls=3455 skipped=65 resets=0 ungets=0 forwarded=1
             histogram [2,4) => 396, [4,8) => 13
   Buffers: shared hit=3750 read=292
 Settings: enable_bitmapscan = 'off', enable_seqscan = 'off', max_parallel_workers_per_gather = '0'
 Planning:
   Buffers: shared hit=86 read=26
 Planning Time: 2.016 ms
 Execution Time: 17.063 ms
(12 rows)

SET
SET
SET
SET
SET
                                             QUERY PLAN                                             
----------------------------------------------------------------------------------------------------
 Index Scan using idx on public.t (actual rows=4096.00 loops=1)
   Output: a, b
   Index Cond: ((t.a >= 1367) AND (t.a <= 2390))
   Index Searches: 1
   Buffers: shared hit=4042
 Settings: enable_bitmapscan = 'off', enable_seqscan = 'off', max_parallel_workers_per_gather = '0'
 Planning:
   Buffers: shared hit=117
 Planning Time: 0.183 ms
 Execution Time: 0.787 ms
(10 rows)

