SET
SET
SET
SET
SET
                                             QUERY PLAN                                             
----------------------------------------------------------------------------------------------------
 Index Scan Backward using idx on public.t (actual rows=4096.00 loops=1)
   Output: a, b
   Index Cond: ((t.a >= '-34800'::integer) AND (t.a <= '-30705'::integer))
   Index Searches: 1
   Prefetch: distance=2.058 count=155 stalls=3705 skipped=49 resets=0 ungets=0 forwarded=0
             histogram [2,4) => 152, [4,8) => 3
   Buffers: shared hit=3900 read=161
 Settings: enable_bitmapscan = 'off', enable_seqscan = 'off', max_parallel_workers_per_gather = '0'
 Planning:
   Buffers: shared hit=85 read=28
 Planning Time: 2.127 ms
 Execution Time: 7.178 ms
(12 rows)

SET
SET
SET
SET
SET
                                             QUERY PLAN                                             
----------------------------------------------------------------------------------------------------
 Index Scan Backward using idx on public.t (actual rows=4096.00 loops=1)
   Output: a, b
   Index Cond: ((t.a >= '-34800'::integer) AND (t.a <= '-30705'::integer))
   Index Searches: 1
   Buffers: shared hit=4061
 Settings: enable_bitmapscan = 'off', enable_seqscan = 'off', max_parallel_workers_per_gather = '0'
 Planning:
   Buffers: shared hit=118
 Planning Time: 0.137 ms
 Execution Time: 0.441 ms
(10 rows)

