SET
SET
SET
SET
SET
                                             QUERY PLAN                                             
----------------------------------------------------------------------------------------------------
 Index Scan Backward using idx on public.t (actual rows=2048.00 loops=1)
   Output: a, b
   Index Cond: ((t.a >= '-15778'::integer) AND (t.a <= '-13731'::integer))
   Index Searches: 1
   Prefetch: distance=2.086 count=70 stalls=1633 skipped=20 resets=0 ungets=0 forwarded=0
             histogram [2,4) => 68, [4,8) => 2
   Buffers: shared hit=1914 read=120
 Settings: enable_bitmapscan = 'off', enable_seqscan = 'off', max_parallel_workers_per_gather = '0'
 Planning:
   Buffers: shared hit=85 read=28
 Planning Time: 2.131 ms
 Execution Time: 6.450 ms
(12 rows)

SET
SET
SET
SET
SET
                                             QUERY PLAN                                             
----------------------------------------------------------------------------------------------------
 Index Scan Backward using idx on public.t (actual rows=2048.00 loops=1)
   Output: a, b
   Index Cond: ((t.a >= '-15778'::integer) AND (t.a <= '-13731'::integer))
   Index Searches: 1
   Buffers: shared hit=2034
 Settings: enable_bitmapscan = 'off', enable_seqscan = 'off', max_parallel_workers_per_gather = '0'
 Planning:
   Buffers: shared hit=118
 Planning Time: 0.134 ms
 Execution Time: 0.253 ms
(10 rows)

