SET
SET
SET
SET
SET
                                                                    QUERY PLAN                                                                     
---------------------------------------------------------------------------------------------------------------------------------------------------
 Index Scan using idx on public.t (actual rows=32768.00 loops=1)
   Output: a, b
   Index Cond: ((t.a >= 8709) AND (t.a <= 16900))
   Index Searches: 1
   Prefetch: distance=263.710 count=35490 stalls=5 skipped=508 resets=0 ungets=3326 forwarded=88
             histogram [2,4) => 14, [4,8) => 23, [8,16) => 11, [16,32) => 19, [32,64) => 30, [64,128) => 27, [128,256) => 4593, [256,512) => 30773
   Buffers: shared hit=30606 read=1703
 Settings: enable_bitmapscan = 'off', enable_seqscan = 'off', max_parallel_workers_per_gather = '0'
 Planning:
   Buffers: shared hit=86 read=26
 Planning Time: 2.032 ms
 Execution Time: 42.919 ms
(12 rows)

SET
SET
SET
SET
SET
                                             QUERY PLAN                                             
----------------------------------------------------------------------------------------------------
 Index Scan using idx on public.t (actual rows=32768.00 loops=1)
   Output: a, b
   Index Cond: ((t.a >= 8709) AND (t.a <= 16900))
   Index Searches: 1
   Buffers: shared hit=32312
 Settings: enable_bitmapscan = 'off', enable_seqscan = 'off', max_parallel_workers_per_gather = '0'
 Planning:
   Buffers: shared hit=117
 Planning Time: 0.232 ms
 Execution Time: 4.261 ms
(10 rows)

