SET
SET
SET
SET
SET
                                                                          QUERY PLAN                                                                           
---------------------------------------------------------------------------------------------------------------------------------------------------------------
 Index Scan Backward using idx on public.t (actual rows=8048576.00 loops=1)
   Output: a, b
   Index Cond: ((t.a >= '-8067380'::integer) AND (t.a <= '-18805'::integer))
   Index Searches: 1
   Prefetch: distance=179.380 count=874837 stalls=7070403 skipped=103458 resets=0 ungets=131 forwarded=57
             histogram [2,4) => 231116, [4,8) => 1839, [8,16) => 21, [16,32) => 27, [32,64) => 185, [64,128) => 2231, [128,256) => 380120, [256,512) => 259298
   Buffers: shared hit=7819283 read=147832
 Settings: enable_bitmapscan = 'off', enable_seqscan = 'off', max_parallel_workers_per_gather = '0'
 Planning:
   Buffers: shared hit=81 read=28
 Planning Time: 2.201 ms
 Execution Time: 2731.811 ms
(12 rows)

SET
SET
SET
SET
SET
                                             QUERY PLAN                                             
----------------------------------------------------------------------------------------------------
 Index Scan Backward using idx on public.t (actual rows=8048576.00 loops=1)
   Output: a, b
   Index Cond: ((t.a >= '-8067380'::integer) AND (t.a <= '-18805'::integer))
   Index Searches: 1
   Buffers: shared hit=7967115
 Settings: enable_bitmapscan = 'off', enable_seqscan = 'off', max_parallel_workers_per_gather = '0'
 Planning:
   Buffers: shared hit=114
 Planning Time: 0.219 ms
 Execution Time: 1194.876 ms
(10 rows)

