SET
SET
SET
SET
SET
                                                                    QUERY PLAN                                                                    
--------------------------------------------------------------------------------------------------------------------------------------------------
 Index Scan using idx on public.t (actual rows=65536.00 loops=1)
   Output: a, b
   Index Cond: ((t.a >= 20048) AND (t.a <= 36431))
   Index Searches: 1
   Prefetch: distance=263.803 count=71038 stalls=3 skipped=993 resets=0 ungets=6557 forwarded=156
             histogram [2,4) => 6, [4,8) => 13, [8,16) => 21, [16,32) => 15, [32,64) => 19, [64,128) => 2, [128,256) => 10414, [256,512) => 60548
   Buffers: shared hit=61333 read=3309
 Settings: enable_bitmapscan = 'off', enable_seqscan = 'off', max_parallel_workers_per_gather = '0'
 Planning:
   Buffers: shared hit=82 read=26
 Planning Time: 2.042 ms
 Execution Time: 78.612 ms
(12 rows)

SET
SET
SET
SET
SET
                                             QUERY PLAN                                             
----------------------------------------------------------------------------------------------------
 Index Scan using idx on public.t (actual rows=65536.00 loops=1)
   Output: a, b
   Index Cond: ((t.a >= 20048) AND (t.a <= 36431))
   Index Searches: 1
   Buffers: shared hit=64646
 Settings: enable_bitmapscan = 'off', enable_seqscan = 'off', max_parallel_workers_per_gather = '0'
 Planning:
   Buffers: shared hit=113
 Planning Time: 0.186 ms
 Execution Time: 9.635 ms
(10 rows)

