SET
SET
SET
SET
SET
                                             QUERY PLAN                                             
----------------------------------------------------------------------------------------------------
 Index Scan Backward using idx on public.t (actual rows=32.00 loops=1)
   Output: a, b
   Index Cond: ((t.a >= '-9910'::integer) AND (t.a <= '-9879'::integer))
   Index Searches: 1
   Prefetch: distance=2.000 count=4 stalls=1 skipped=0 resets=0 ungets=0 forwarded=0
             histogram [2,4) => 4
   Buffers: shared hit=10 read=29
 Settings: enable_bitmapscan = 'off', enable_seqscan = 'off', max_parallel_workers_per_gather = '0'
 Planning:
   Buffers: shared hit=82 read=26
 Planning Time: 1.341 ms
 Execution Time: 0.975 ms
(12 rows)

SET
SET
SET
SET
SET
                                             QUERY PLAN                                             
----------------------------------------------------------------------------------------------------
 Index Scan Backward using idx on public.t (actual rows=32.00 loops=1)
   Output: a, b
   Index Cond: ((t.a >= '-9910'::integer) AND (t.a <= '-9879'::integer))
   Index Searches: 1
   Buffers: shared hit=39
 Settings: enable_bitmapscan = 'off', enable_seqscan = 'off', max_parallel_workers_per_gather = '0'
 Planning:
   Buffers: shared hit=113
 Planning Time: 0.202 ms
 Execution Time: 0.064 ms
(10 rows)

