SET
SET
SET
SET
SET
                                                                    QUERY PLAN                                                                    
--------------------------------------------------------------------------------------------------------------------------------------------------
 Index Scan Backward using idx on public.t (actual rows=131072.00 loops=1)
   Output: a, b
   Index Cond: ((t.a >= '-146475'::integer) AND (t.a <= '-15404'::integer))
   Index Searches: 1
   Prefetch: distance=245.969 count=129398 stalls=2 skipped=1637 resets=0 ungets=39 forwarded=23
             histogram [2,4) => 2, [4,8) => 7, [8,16) => 9, [16,32) => 10, [32,64) => 27, [64,128) => 329, [128,256) => 71755, [256,512) => 57259
   Buffers: shared hit=127310 read=2489
 Settings: enable_bitmapscan = 'off', enable_seqscan = 'off', max_parallel_workers_per_gather = '0'
 Planning:
   Buffers: shared hit=82 read=26
 Planning Time: 1.943 ms
 Execution Time: 83.964 ms
(12 rows)

SET
SET
SET
SET
SET
                                             QUERY PLAN                                             
----------------------------------------------------------------------------------------------------
 Index Scan Backward using idx on public.t (actual rows=131072.00 loops=1)
   Output: a, b
   Index Cond: ((t.a >= '-146475'::integer) AND (t.a <= '-15404'::integer))
   Index Searches: 1
   Buffers: shared hit=129799
 Settings: enable_bitmapscan = 'off', enable_seqscan = 'off', max_parallel_workers_per_gather = '0'
 Planning:
   Buffers: shared hit=113
 Planning Time: 0.211 ms
 Execution Time: 18.768 ms
(10 rows)

