SET
SET
SET
SET
SET
                                                                          QUERY PLAN                                                                          
--------------------------------------------------------------------------------------------------------------------------------------------------------------
 Index Scan Backward using idx on public.t (actual rows=9048576.00 loops=1)
   Output: a, b
   Index Cond: ((t.a >= '-9076807'::integer) AND (t.a <= '-28232'::integer))
   Index Searches: 1
   Prefetch: distance=185.319 count=1041216 stalls=7890916 skipped=116687 resets=0 ungets=249 forwarded=85
             histogram [2,4) => 257961, [4,8) => 2032, [8,16) => 15, [16,32) => 44, [32,64) => 56, [64,128) => 1374, [128,256) => 436893, [256,512) => 342841
   Buffers: shared hit=8790427 read=166191
 Settings: enable_bitmapscan = 'off', enable_seqscan = 'off', max_parallel_workers_per_gather = '0'
 Planning:
   Buffers: shared hit=78 read=26
 Planning Time: 1.985 ms
 Execution Time: 11164.115 ms
(12 rows)

SET
SET
SET
SET
SET
                                             QUERY PLAN                                             
----------------------------------------------------------------------------------------------------
 Index Scan Backward using idx on public.t (actual rows=9048576.00 loops=1)
   Output: a, b
   Index Cond: ((t.a >= '-9076807'::integer) AND (t.a <= '-28232'::integer))
   Index Searches: 1
   Buffers: shared hit=8956618
 Settings: enable_bitmapscan = 'off', enable_seqscan = 'off', max_parallel_workers_per_gather = '0'
 Planning:
   Buffers: shared hit=109
 Planning Time: 0.246 ms
 Execution Time: 1355.596 ms
(10 rows)

