SET
SET
SET
SET
SET
                                                                     QUERY PLAN                                                                      
-----------------------------------------------------------------------------------------------------------------------------------------------------
 Index Scan using idx on public.t (actual rows=5048576.00 loops=1)
   Output: a, b
   Index Cond: ((t.a >= 27470) AND (t.a <= 1289613))
   Index Searches: 1
   Prefetch: distance=264.283 count=5478892 stalls=28 skipped=75153 resets=0 ungets=505612 forwarded=12784
             histogram [2,4) => 26, [4,8) => 8, [8,16) => 9, [16,32) => 15, [32,64) => 25, [64,128) => 52, [128,256) => 753116, [256,512) => 4725641
   Buffers: shared hit=4732534 read=248061
 Settings: enable_bitmapscan = 'off', enable_seqscan = 'off', max_parallel_workers_per_gather = '0'
 Planning:
   Buffers: shared hit=82 read=22
 Planning Time: 1.681 ms
 Execution Time: 5528.305 ms
(12 rows)

SET
SET
SET
SET
SET
                                             QUERY PLAN                                             
----------------------------------------------------------------------------------------------------
 Index Scan using idx on public.t (actual rows=5048576.00 loops=1)
   Output: a, b
   Index Cond: ((t.a >= 27470) AND (t.a <= 1289613))
   Index Searches: 1
   Buffers: shared hit=4980986
 Settings: enable_bitmapscan = 'off', enable_seqscan = 'off', max_parallel_workers_per_gather = '0'
 Planning:
   Buffers: shared hit=109
 Planning Time: 0.269 ms
 Execution Time: 816.179 ms
(10 rows)

