SET
SET
SET
SET
SET
                                             QUERY PLAN                                             
----------------------------------------------------------------------------------------------------
 Index Scan Backward using idx on public.t (actual rows=1024.00 loops=1)
   Output: a, b
   Index Cond: ((t.a >= '-3116'::integer) AND (t.a <= '-2093'::integer))
   Index Searches: 1
   Prefetch: distance=2.214 count=28 stalls=796 skipped=13 resets=0 ungets=0 forwarded=0
             histogram [2,4) => 26, [4,8) => 2
   Buffers: shared hit=925 read=91
 Settings: enable_bitmapscan = 'off', enable_seqscan = 'off', max_parallel_workers_per_gather = '0'
 Planning:
   Buffers: shared hit=82 read=26
 Planning Time: 1.955 ms
 Execution Time: 5.685 ms
(12 rows)

SET
SET
SET
SET
SET
                                             QUERY PLAN                                             
----------------------------------------------------------------------------------------------------
 Index Scan Backward using idx on public.t (actual rows=1024.00 loops=1)
   Output: a, b
   Index Cond: ((t.a >= '-3116'::integer) AND (t.a <= '-2093'::integer))
   Index Searches: 1
   Buffers: shared hit=1016
 Settings: enable_bitmapscan = 'off', enable_seqscan = 'off', max_parallel_workers_per_gather = '0'
 Planning:
   Buffers: shared hit=113
 Planning Time: 0.171 ms
 Execution Time: 0.158 ms
(10 rows)

