SET
SET
SET
SET
SET
                                                                   QUERY PLAN                                                                    
-------------------------------------------------------------------------------------------------------------------------------------------------
 Index Scan Backward using idx on public.t (actual rows=2048.00 loops=1)
   Output: a, b
   Index Cond: ((t.a >= '-20961'::integer) AND (t.a <= '-18914'::integer))
   Index Searches: 1
   Prefetch: distance=219.229 count=1913 stalls=10 skipped=27 resets=0 ungets=0 forwarded=1
             histogram [2,4) => 12, [4,8) => 28, [8,16) => 27, [16,32) => 38, [32,64) => 27, [64,128) => 63, [128,256) => 1061, [256,512) => 657
   Buffers: shared hit=1906 read=125
 Settings: enable_bitmapscan = 'off', enable_seqscan = 'off', max_parallel_workers_per_gather = '0'
 Planning:
   Buffers: shared hit=82 read=26
 Planning Time: 1.982 ms
 Execution Time: 7.142 ms
(12 rows)

SET
SET
SET
SET
SET
                                             QUERY PLAN                                             
----------------------------------------------------------------------------------------------------
 Index Scan Backward using idx on public.t (actual rows=2048.00 loops=1)
   Output: a, b
   Index Cond: ((t.a >= '-20961'::integer) AND (t.a <= '-18914'::integer))
   Index Searches: 1
   Buffers: shared hit=2031
 Settings: enable_bitmapscan = 'off', enable_seqscan = 'off', max_parallel_workers_per_gather = '0'
 Planning:
   Buffers: shared hit=113
 Planning Time: 0.202 ms
 Execution Time: 0.460 ms
(10 rows)

