SET
SET
SET
SET
SET
                                                                    QUERY PLAN                                                                     
---------------------------------------------------------------------------------------------------------------------------------------------------
 Index Scan Backward using idx on public.t (actual rows=131072.00 loops=1)
   Output: a, b
   Index Cond: ((t.a >= '-145386'::integer) AND (t.a <= '-14315'::integer))
   Index Searches: 1
   Prefetch: distance=246.003 count=129368 stalls=10 skipped=1639 resets=0 ungets=28 forwarded=22
             histogram [2,4) => 22, [4,8) => 6, [8,16) => 9, [16,32) => 20, [32,64) => 35, [64,128) => 310, [128,256) => 71739, [256,512) => 57227
   Buffers: shared hit=127308 read=2489
 Settings: enable_bitmapscan = 'off', enable_seqscan = 'off', max_parallel_workers_per_gather = '0'
 Planning:
   Buffers: shared hit=82 read=26
 Planning Time: 1.979 ms
 Execution Time: 83.792 ms
(12 rows)

SET
SET
SET
SET
SET
                                             QUERY PLAN                                             
----------------------------------------------------------------------------------------------------
 Index Scan Backward using idx on public.t (actual rows=131072.00 loops=1)
   Output: a, b
   Index Cond: ((t.a >= '-145386'::integer) AND (t.a <= '-14315'::integer))
   Index Searches: 1
   Buffers: shared hit=129797
 Settings: enable_bitmapscan = 'off', enable_seqscan = 'off', max_parallel_workers_per_gather = '0'
 Planning:
   Buffers: shared hit=113
 Planning Time: 0.182 ms
 Execution Time: 14.695 ms
(10 rows)

