SET
SET
SET
SET
SET
                                                                     QUERY PLAN                                                                     
----------------------------------------------------------------------------------------------------------------------------------------------------
 Index Scan Backward using idx on public.t (actual rows=65536.00 loops=1)
   Output: a, b
   Index Cond: ((t.a >= '-68193'::integer) AND (t.a <= '-2658'::integer))
   Index Searches: 1
   Prefetch: distance=245.892 count=64595 stalls=10 skipped=836 resets=0 ungets=21 forwarded=9
             histogram [2,4) => 4, [4,8) => 13, [8,16) => 24, [16,32) => 18, [32,64) => 40, [64,128) => 127, [128,256) => 35750, [256,512) => 28619
   Buffers: shared hit=63598 read=1284
 Settings: enable_bitmapscan = 'off', enable_seqscan = 'off', max_parallel_workers_per_gather = '0'
 Planning:
   Buffers: shared hit=82 read=26
 Planning Time: 2.021 ms
 Execution Time: 44.164 ms
(12 rows)

SET
SET
SET
SET
SET
                                             QUERY PLAN                                             
----------------------------------------------------------------------------------------------------
 Index Scan Backward using idx on public.t (actual rows=65536.00 loops=1)
   Output: a, b
   Index Cond: ((t.a >= '-68193'::integer) AND (t.a <= '-2658'::integer))
   Index Searches: 1
   Buffers: shared hit=64883
 Settings: enable_bitmapscan = 'off', enable_seqscan = 'off', max_parallel_workers_per_gather = '0'
 Planning:
   Buffers: shared hit=113
 Planning Time: 0.155 ms
 Execution Time: 5.833 ms
(10 rows)

