SET
SET
SET
SET
SET
                                             QUERY PLAN                                             
----------------------------------------------------------------------------------------------------
 Index Scan Backward using idx on public.t (actual rows=5048576.00 loops=1)
   Output: a, b
   Index Cond: ((t.a >= '-5065559'::integer) AND (t.a <= '-16984'::integer))
   Index Searches: 1
   Buffers: shared hit=4904491 read=92764
 Settings: enable_bitmapscan = 'off', enable_seqscan = 'off', max_parallel_workers_per_gather = '0'
 Planning:
   Buffers: shared hit=78 read=26
 Planning Time: 2.014 ms
 Execution Time: 6085.490 ms
(10 rows)

SET
SET
SET
SET
SET
                                             QUERY PLAN                                             
----------------------------------------------------------------------------------------------------
 Index Scan Backward using idx on public.t (actual rows=5048576.00 loops=1)
   Output: a, b
   Index Cond: ((t.a >= '-5065559'::integer) AND (t.a <= '-16984'::integer))
   Index Searches: 1
   Buffers: shared hit=4997255
 Settings: enable_bitmapscan = 'off', enable_seqscan = 'off', max_parallel_workers_per_gather = '0'
 Planning:
   Buffers: shared hit=109
 Planning Time: 0.229 ms
 Execution Time: 770.933 ms
(10 rows)

