SET
SET
SET
SET
SET
                                                                 QUERY PLAN                                                                  
---------------------------------------------------------------------------------------------------------------------------------------------
 Index Scan Backward using idx on public.t (actual rows=8192.00 loops=1)
   Output: a, b
   Index Cond: ((t.a >= '-24167'::integer) AND (t.a <= '-15976'::integer))
   Index Searches: 1
   Prefetch: distance=246.926 count=8142 stalls=1 skipped=110 resets=0 ungets=71 forwarded=3
             histogram [2,4) => 2, [4,8) => 5, [8,16) => 8, [16,32) => 10, [32,64) => 5, [64,128) => 2, [128,256) => 4306, [256,512) => 3804
   Buffers: shared hit=7878 read=233
 Settings: enable_bitmapscan = 'off', enable_seqscan = 'off', max_parallel_workers_per_gather = '0'
 Planning:
   Buffers: shared hit=82 read=26
 Planning Time: 1.945 ms
 Execution Time: 7.822 ms
(12 rows)

SET
SET
SET
SET
SET
                                             QUERY PLAN                                             
----------------------------------------------------------------------------------------------------
 Index Scan Backward using idx on public.t (actual rows=8192.00 loops=1)
   Output: a, b
   Index Cond: ((t.a >= '-24167'::integer) AND (t.a <= '-15976'::integer))
   Index Searches: 1
   Buffers: shared hit=8111
 Settings: enable_bitmapscan = 'off', enable_seqscan = 'off', max_parallel_workers_per_gather = '0'
 Planning:
   Buffers: shared hit=113
 Planning Time: 0.190 ms
 Execution Time: 1.415 ms
(10 rows)

