SET
SET
SET
SET
SET
                                             QUERY PLAN                                             
----------------------------------------------------------------------------------------------------
 Index Scan Backward using idx on public.t (actual rows=2048.00 loops=1)
   Output: a, b
   Index Cond: ((t.a >= '-33453'::integer) AND (t.a <= '-31406'::integer))
   Index Searches: 1
   Prefetch: distance=2.030 count=101 stalls=1782 skipped=19 resets=0 ungets=0 forwarded=0
             histogram [2,4) => 100, [4,8) => 1
   Buffers: shared hit=1917 read=120
 Settings: enable_bitmapscan = 'off', enable_seqscan = 'off', max_parallel_workers_per_gather = '0'
 Planning:
   Buffers: shared hit=82 read=26
 Planning Time: 1.981 ms
 Execution Time: 7.249 ms
(12 rows)

SET
SET
SET
SET
SET
                                             QUERY PLAN                                             
----------------------------------------------------------------------------------------------------
 Index Scan Backward using idx on public.t (actual rows=2048.00 loops=1)
   Output: a, b
   Index Cond: ((t.a >= '-33453'::integer) AND (t.a <= '-31406'::integer))
   Index Searches: 1
   Buffers: shared hit=2037
 Settings: enable_bitmapscan = 'off', enable_seqscan = 'off', max_parallel_workers_per_gather = '0'
 Planning:
   Buffers: shared hit=113
 Planning Time: 0.190 ms
 Execution Time: 0.441 ms
(10 rows)

