SET
SET
SET
SET
SET
                                                                  QUERY PLAN                                                                   
-----------------------------------------------------------------------------------------------------------------------------------------------
 Index Scan Backward using idx on public.t (actual rows=4096.00 loops=1)
   Output: a, b
   Index Cond: ((t.a >= '-24227'::integer) AND (t.a <= '-20132'::integer))
   Index Searches: 1
   Prefetch: distance=248.736 count=4000 stalls=1 skipped=59 resets=0 ungets=34 forwarded=1
             histogram [2,4) => 2, [4,8) => 5, [8,16) => 6, [16,32) => 16, [32,64) => 20, [64,128) => 15, [128,256) => 1870, [256,512) => 2066
   Buffers: shared hit=3893 read=160
 Settings: enable_bitmapscan = 'off', enable_seqscan = 'off', max_parallel_workers_per_gather = '0'
 Planning:
   Buffers: shared hit=82 read=26
 Planning Time: 1.731 ms
 Execution Time: 5.900 ms
(12 rows)

SET
SET
SET
SET
SET
                                             QUERY PLAN                                             
----------------------------------------------------------------------------------------------------
 Index Scan Backward using idx on public.t (actual rows=4096.00 loops=1)
   Output: a, b
   Index Cond: ((t.a >= '-24227'::integer) AND (t.a <= '-20132'::integer))
   Index Searches: 1
   Buffers: shared hit=4053
 Settings: enable_bitmapscan = 'off', enable_seqscan = 'off', max_parallel_workers_per_gather = '0'
 Planning:
   Buffers: shared hit=113
 Planning Time: 0.202 ms
 Execution Time: 0.778 ms
(10 rows)

