SET
SET
SET
SET
SET
                                                                          QUERY PLAN                                                                           
---------------------------------------------------------------------------------------------------------------------------------------------------------------
 Index Scan Backward using idx on public.t (actual rows=8048576.00 loops=1)
   Output: a, b
   Index Cond: ((t.a >= '-8063347'::integer) AND (t.a <= '-14772'::integer))
   Index Searches: 1
   Prefetch: distance=216.216 count=1667544 stalls=6277702 skipped=103740 resets=0 ungets=410 forwarded=162
             histogram [2,4) => 205231, [4,8) => 1604, [8,16) => 19, [16,32) => 38, [32,64) => 112, [64,128) => 2837, [128,256) => 813585, [256,512) => 644118
   Buffers: shared hit=7818998 read=147834
 Settings: enable_bitmapscan = 'off', enable_seqscan = 'off', max_parallel_workers_per_gather = '0'
 Planning:
   Buffers: shared hit=78 read=26
 Planning Time: 1.943 ms
 Execution Time: 9592.934 ms
(12 rows)

SET
SET
SET
SET
SET
                                             QUERY PLAN                                             
----------------------------------------------------------------------------------------------------
 Index Scan Backward using idx on public.t (actual rows=8048576.00 loops=1)
   Output: a, b
   Index Cond: ((t.a >= '-8063347'::integer) AND (t.a <= '-14772'::integer))
   Index Searches: 1
   Buffers: shared hit=7966833
 Settings: enable_bitmapscan = 'off', enable_seqscan = 'off', max_parallel_workers_per_gather = '0'
 Planning:
   Buffers: shared hit=109
 Planning Time: 0.245 ms
 Execution Time: 1255.864 ms
(10 rows)

