SET
SET
SET
SET
SET
                                                                         QUERY PLAN                                                                         
------------------------------------------------------------------------------------------------------------------------------------------------------------
 Index Scan Backward using idx on public.t (actual rows=4048576.00 loops=1)
   Output: a, b
   Index Cond: ((t.a >= '-4053850'::integer) AND (t.a <= '-5275'::integer))
   Index Searches: 1
   Prefetch: distance=232.010 count=1416627 stalls=2579973 skipped=52308 resets=0 ungets=365 forwarded=145
             histogram [2,4) => 84350, [4,8) => 649, [8,16) => 22, [16,32) => 33, [32,64) => 57, [64,128) => 2293, [128,256) => 740186, [256,512) => 589037
   Buffers: shared hit=3932928 read=74408
 Settings: enable_bitmapscan = 'off', enable_seqscan = 'off', max_parallel_workers_per_gather = '0'
 Planning:
   Buffers: shared hit=78 read=26
 Planning Time: 1.964 ms
 Execution Time: 4402.637 ms
(12 rows)

SET
SET
SET
SET
SET
                                             QUERY PLAN                                             
----------------------------------------------------------------------------------------------------
 Index Scan Backward using idx on public.t (actual rows=4048576.00 loops=1)
   Output: a, b
   Index Cond: ((t.a >= '-4053850'::integer) AND (t.a <= '-5275'::integer))
   Index Searches: 1
   Buffers: shared hit=4007336
 Settings: enable_bitmapscan = 'off', enable_seqscan = 'off', max_parallel_workers_per_gather = '0'
 Planning:
   Buffers: shared hit=109
 Planning Time: 0.217 ms
 Execution Time: 604.711 ms
(10 rows)

