SET
SET
SET
SET
SET
                                                                          QUERY PLAN                                                                          
--------------------------------------------------------------------------------------------------------------------------------------------------------------
 Index Scan Backward using idx on public.t (actual rows=9048576.00 loops=1)
   Output: a, b
   Index Cond: ((t.a >= '-9064372'::integer) AND (t.a <= '-15797'::integer))
   Index Searches: 1
   Prefetch: distance=184.470 count=1029345 stalls=7902788 skipped=116678 resets=0 ungets=250 forwarded=85
             histogram [2,4) => 258359, [4,8) => 2041, [8,16) => 15, [16,32) => 39, [32,64) => 57, [64,128) => 1554, [128,256) => 430056, [256,512) => 337224
   Buffers: shared hit=8790435 read=166192
 Settings: enable_bitmapscan = 'off', enable_seqscan = 'off', max_parallel_workers_per_gather = '0'
 Planning:
   Buffers: shared hit=78 read=26
 Planning Time: 1.987 ms
 Execution Time: 11389.711 ms
(12 rows)

SET
SET
SET
SET
SET
                                             QUERY PLAN                                             
----------------------------------------------------------------------------------------------------
 Index Scan Backward using idx on public.t (actual rows=9048576.00 loops=1)
   Output: a, b
   Index Cond: ((t.a >= '-9064372'::integer) AND (t.a <= '-15797'::integer))
   Index Searches: 1
   Buffers: shared hit=8956627
 Settings: enable_bitmapscan = 'off', enable_seqscan = 'off', max_parallel_workers_per_gather = '0'
 Planning:
   Buffers: shared hit=109
 Planning Time: 0.247 ms
 Execution Time: 1355.177 ms
(10 rows)

