SET
SET
SET
SET
SET
                                                               QUERY PLAN                                                                
-----------------------------------------------------------------------------------------------------------------------------------------
 Index Scan Backward using idx on public.t (actual rows=128.00 loops=1)
   Output: a, b
   Index Cond: ((t.a >= '-15787'::integer) AND (t.a <= '-15660'::integer))
   Index Searches: 1
   Prefetch: distance=79.671 count=82 stalls=1 skipped=3 resets=0 ungets=6 forwarded=1
             histogram [2,4) => 2, [4,8) => 8, [8,16) => 6, [16,32) => 20, [32,64) => 22, [64,128) => 8, [128,256) => 2, [256,512) => 14
   Buffers: shared hit=62 read=69
 Settings: enable_bitmapscan = 'off', enable_seqscan = 'off', max_parallel_workers_per_gather = '0'
 Planning:
   Buffers: shared hit=82 read=26
 Planning Time: 1.333 ms
 Execution Time: 3.754 ms
(12 rows)

SET
SET
SET
SET
SET
                                             QUERY PLAN                                             
----------------------------------------------------------------------------------------------------
 Index Scan Backward using idx on public.t (actual rows=128.00 loops=1)
   Output: a, b
   Index Cond: ((t.a >= '-15787'::integer) AND (t.a <= '-15660'::integer))
   Index Searches: 1
   Buffers: shared hit=131
 Settings: enable_bitmapscan = 'off', enable_seqscan = 'off', max_parallel_workers_per_gather = '0'
 Planning:
   Buffers: shared hit=113
 Planning Time: 0.198 ms
 Execution Time: 0.117 ms
(10 rows)

