SET
SET
SET
SET
SET
                                             QUERY PLAN                                             
----------------------------------------------------------------------------------------------------
 Index Scan Backward using idx on public.t (actual rows=2048.00 loops=1)
   Output: a, b
   Index Cond: ((t.a >= '-12077'::integer) AND (t.a <= '-10030'::integer))
   Index Searches: 1
   Prefetch: distance=2.115 count=52 stalls=1602 skipped=30 resets=0 ungets=0 forwarded=0
             histogram [2,4) => 50, [4,8) => 2
   Buffers: shared hit=1910 read=117
 Settings: enable_bitmapscan = 'off', enable_seqscan = 'off', max_parallel_workers_per_gather = '0'
 Planning:
   Buffers: shared hit=82 read=26
 Planning Time: 1.773 ms
 Execution Time: 8.276 ms
(12 rows)

SET
SET
SET
SET
SET
                                             QUERY PLAN                                             
----------------------------------------------------------------------------------------------------
 Index Scan Backward using idx on public.t (actual rows=2048.00 loops=1)
   Output: a, b
   Index Cond: ((t.a >= '-12077'::integer) AND (t.a <= '-10030'::integer))
   Index Searches: 1
   Buffers: shared hit=2027
 Settings: enable_bitmapscan = 'off', enable_seqscan = 'off', max_parallel_workers_per_gather = '0'
 Planning:
   Buffers: shared hit=113
 Planning Time: 0.140 ms
 Execution Time: 0.271 ms
(10 rows)

