SET
SET
SET
SET
SET
                                                                      QUERY PLAN                                                                       
-------------------------------------------------------------------------------------------------------------------------------------------------------
 Index Scan Backward using idx on public.t (actual rows=262144.00 loops=1)
   Output: a, b
   Index Cond: ((t.a >= '-263197'::integer) AND (t.a <= '-1054'::integer))
   Index Searches: 1
   Prefetch: distance=246.311 count=257877 stalls=939 skipped=3377 resets=0 ungets=91 forwarded=33
             histogram [2,4) => 14, [4,8) => 10, [8,16) => 17, [16,32) => 29, [32,64) => 45, [64,128) => 610, [128,256) => 142661, [256,512) => 114491
   Buffers: shared hit=254615 read=4875
 Settings: enable_bitmapscan = 'off', enable_seqscan = 'off', max_parallel_workers_per_gather = '0'
 Planning:
   Buffers: shared hit=78 read=26
 Planning Time: 1.935 ms
 Execution Time: 163.891 ms
(12 rows)

SET
SET
SET
SET
SET
                                             QUERY PLAN                                             
----------------------------------------------------------------------------------------------------
 Index Scan Backward using idx on public.t (actual rows=262144.00 loops=1)
   Output: a, b
   Index Cond: ((t.a >= '-263197'::integer) AND (t.a <= '-1054'::integer))
   Index Searches: 1
   Buffers: shared hit=259490
 Settings: enable_bitmapscan = 'off', enable_seqscan = 'off', max_parallel_workers_per_gather = '0'
 Planning:
   Buffers: shared hit=109
 Planning Time: 0.209 ms
 Execution Time: 33.804 ms
(10 rows)

