SET
SET
SET
SET
SET
                                                                   QUERY PLAN                                                                    
-------------------------------------------------------------------------------------------------------------------------------------------------
 Index Scan Backward using idx on public.t (actual rows=8192.00 loops=1)
   Output: a, b
   Index Cond: ((t.a >= '-10698'::integer) AND (t.a <= '-2507'::integer))
   Index Searches: 1
   Prefetch: distance=247.524 count=8003 stalls=3 skipped=117 resets=0 ungets=14 forwarded=2
             histogram [2,4) => 2, [4,8) => 12, [8,16) => 13, [16,32) => 16, [32,64) => 24, [64,128) => 37, [128,256) => 3949, [256,512) => 3950
   Buffers: shared hit=7873 read=230
 Settings: enable_bitmapscan = 'off', enable_seqscan = 'off', max_parallel_workers_per_gather = '0'
 Planning:
   Buffers: shared hit=82 read=26
 Planning Time: 2.182 ms
 Execution Time: 9.233 ms
(12 rows)

SET
SET
SET
SET
SET
                                             QUERY PLAN                                             
----------------------------------------------------------------------------------------------------
 Index Scan Backward using idx on public.t (actual rows=8192.00 loops=1)
   Output: a, b
   Index Cond: ((t.a >= '-10698'::integer) AND (t.a <= '-2507'::integer))
   Index Searches: 1
   Buffers: shared hit=8103
 Settings: enable_bitmapscan = 'off', enable_seqscan = 'off', max_parallel_workers_per_gather = '0'
 Planning:
   Buffers: shared hit=113
 Planning Time: 0.208 ms
 Execution Time: 1.356 ms
(10 rows)

