SET
SET
SET
SET
SET
                                                                        QUERY PLAN                                                                         
-----------------------------------------------------------------------------------------------------------------------------------------------------------
 Index Scan Backward using idx on public.t (actual rows=3048576.00 loops=1)
   Output: a, b
   Index Cond: ((t.a >= '-3081014'::integer) AND (t.a <= '-32439'::integer))
   Index Searches: 1
   Prefetch: distance=201.338 count=455371 stalls=2554050 skipped=39292 resets=0 ungets=162 forwarded=47
             histogram [2,4) => 83500, [4,8) => 633, [8,16) => 16, [16,32) => 32, [32,64) => 54, [64,128) => 722, [128,256) => 206796, [256,512) => 163618
   Buffers: shared hit=2961571 read=56047
 Settings: enable_bitmapscan = 'off', enable_seqscan = 'off', max_parallel_workers_per_gather = '0'
 Planning:
   Buffers: shared hit=78 read=26
 Planning Time: 1.956 ms
 Execution Time: 3809.671 ms
(12 rows)

SET
SET
SET
SET
SET
                                             QUERY PLAN                                             
----------------------------------------------------------------------------------------------------
 Index Scan Backward using idx on public.t (actual rows=3048576.00 loops=1)
   Output: a, b
   Index Cond: ((t.a >= '-3081014'::integer) AND (t.a <= '-32439'::integer))
   Index Searches: 1
   Buffers: shared hit=3017618
 Settings: enable_bitmapscan = 'off', enable_seqscan = 'off', max_parallel_workers_per_gather = '0'
 Planning:
   Buffers: shared hit=109
 Planning Time: 0.228 ms
 Execution Time: 452.884 ms
(10 rows)

