SET
SET
SET
SET
SET
                                                               QUERY PLAN                                                                
-----------------------------------------------------------------------------------------------------------------------------------------
 Index Scan using idx on public.t (actual rows=512.00 loops=1)
   Output: a, b
   Index Cond: ((t.a >= '-28683'::integer) AND (t.a <= '-28172'::integer))
   Index Searches: 1
   Prefetch: distance=252.406 count=567 stalls=1 skipped=4 resets=0 ungets=70 forwarded=2
             histogram [2,4) => 4, [4,8) => 5, [8,16) => 8, [16,32) => 7, [32,64) => 2, [64,128) => 2, [128,256) => 83, [256,512) => 456
   Buffers: shared hit=428 read=88
 Settings: enable_bitmapscan = 'off', enable_seqscan = 'off', max_parallel_workers_per_gather = '0'
 Planning:
   Buffers: shared hit=86 read=26
 Planning Time: 1.434 ms
 Execution Time: 1.706 ms
(12 rows)

SET
SET
SET
SET
SET
                                             QUERY PLAN                                             
----------------------------------------------------------------------------------------------------
 Index Scan using idx on public.t (actual rows=512.00 loops=1)
   Output: a, b
   Index Cond: ((t.a >= '-28683'::integer) AND (t.a <= '-28172'::integer))
   Index Searches: 1
   Buffers: shared hit=516
 Settings: enable_bitmapscan = 'off', enable_seqscan = 'off', max_parallel_workers_per_gather = '0'
 Planning:
   Buffers: shared hit=117
 Planning Time: 0.156 ms
 Execution Time: 0.121 ms
(10 rows)

