SET
SET
SET
SET
SET
                                                                   QUERY PLAN                                                                   
------------------------------------------------------------------------------------------------------------------------------------------------
 Index Scan using idx on public.t (actual rows=4096.00 loops=1)
   Output: a, b
   Index Cond: ((t.a >= '-32184'::integer) AND (t.a <= '-28089'::integer))
   Index Searches: 1
   Prefetch: distance=234.706 count=3952 stalls=9 skipped=50 resets=0 ungets=8 forwarded=1
             histogram [2,4) => 2, [4,8) => 6, [8,16) => 11, [16,32) => 22, [32,64) => 32, [64,128) => 47, [128,256) => 2453, [256,512) => 1379
   Buffers: shared hit=3905 read=158
 Settings: enable_bitmapscan = 'off', enable_seqscan = 'off', max_parallel_workers_per_gather = '0'
 Planning:
   Buffers: shared hit=86 read=26
 Planning Time: 1.969 ms
 Execution Time: 6.707 ms
(12 rows)

SET
SET
SET
SET
SET
                                             QUERY PLAN                                             
----------------------------------------------------------------------------------------------------
 Index Scan using idx on public.t (actual rows=4096.00 loops=1)
   Output: a, b
   Index Cond: ((t.a >= '-32184'::integer) AND (t.a <= '-28089'::integer))
   Index Searches: 1
   Buffers: shared hit=4063
 Settings: enable_bitmapscan = 'off', enable_seqscan = 'off', max_parallel_workers_per_gather = '0'
 Planning:
   Buffers: shared hit=117
 Planning Time: 0.142 ms
 Execution Time: 0.460 ms
(10 rows)

