SET
SET
SET
SET
SET
                                                                QUERY PLAN                                                                 
-------------------------------------------------------------------------------------------------------------------------------------------
 Index Scan using idx on public.t (actual rows=1024.00 loops=1)
   Output: a, b
   Index Cond: ((t.a >= '-33558'::integer) AND (t.a <= '-32535'::integer))
   Index Searches: 1
   Prefetch: distance=249.790 count=1021 stalls=1 skipped=13 resets=0 ungets=50 forwarded=2
             histogram [2,4) => 2, [4,8) => 6, [8,16) => 6, [16,32) => 15, [32,64) => 8, [64,128) => 3, [128,256) => 262, [256,512) => 719
   Buffers: shared hit=919 read=101
 Settings: enable_bitmapscan = 'off', enable_seqscan = 'off', max_parallel_workers_per_gather = '0'
 Planning:
   Buffers: shared hit=86 read=26
 Planning Time: 1.962 ms
 Execution Time: 4.738 ms
(12 rows)

SET
SET
SET
SET
SET
                                             QUERY PLAN                                             
----------------------------------------------------------------------------------------------------
 Index Scan using idx on public.t (actual rows=1024.00 loops=1)
   Output: a, b
   Index Cond: ((t.a >= '-33558'::integer) AND (t.a <= '-32535'::integer))
   Index Searches: 1
   Buffers: shared hit=1020
 Settings: enable_bitmapscan = 'off', enable_seqscan = 'off', max_parallel_workers_per_gather = '0'
 Planning:
   Buffers: shared hit=117
 Planning Time: 0.239 ms
 Execution Time: 0.295 ms
(10 rows)

