SET
SET
SET
SET
SET
                                                                      QUERY PLAN                                                                       
-------------------------------------------------------------------------------------------------------------------------------------------------------
 Index Scan using idx on public.t (actual rows=524288.00 loops=1)
   Output: a, b
   Index Cond: ((t.a >= '-546579'::integer) AND (t.a <= '-22292'::integer))
   Index Searches: 1
   Prefetch: distance=89.666 count=26128 stalls=491551 skipped=6631 resets=0 ungets=56 forwarded=1
             histogram [2,4) => 16067, [4,8) => 150, [8,16) => 25, [16,32) => 35, [32,64) => 42, [64,128) => 188, [128,256) => 6412, [256,512) => 3209
   Buffers: shared hit=509388 read=9708
 Settings: enable_bitmapscan = 'off', enable_seqscan = 'off', max_parallel_workers_per_gather = '0'
 Planning:
   Buffers: shared hit=82 read=26
 Planning Time: 1.935 ms
 Execution Time: 122.485 ms
(12 rows)

SET
SET
SET
SET
SET
                                             QUERY PLAN                                             
----------------------------------------------------------------------------------------------------
 Index Scan using idx on public.t (actual rows=524288.00 loops=1)
   Output: a, b
   Index Cond: ((t.a >= '-546579'::integer) AND (t.a <= '-22292'::integer))
   Index Searches: 1
   Buffers: shared hit=519096
 Settings: enable_bitmapscan = 'off', enable_seqscan = 'off', max_parallel_workers_per_gather = '0'
 Planning:
   Buffers: shared hit=113
 Planning Time: 0.212 ms
 Execution Time: 76.080 ms
(10 rows)

