SET
SET
SET
SET
SET
                                                                  QUERY PLAN                                                                   
-----------------------------------------------------------------------------------------------------------------------------------------------
 Index Scan using idx on public.t (actual rows=16384.00 loops=1)
   Output: a, b
   Index Cond: ((t.a >= '-21487'::integer) AND (t.a <= '-5104'::integer))
   Index Searches: 1
   Prefetch: distance=233.958 count=16206 stalls=2 skipped=229 resets=0 ungets=74 forwarded=1
             histogram [2,4) => 2, [4,8) => 5, [8,16) => 9, [16,32) => 8, [32,64) => 2, [64,128) => 197, [128,256) => 11134, [256,512) => 4849
   Buffers: shared hit=15823 read=382
 Settings: enable_bitmapscan = 'off', enable_seqscan = 'off', max_parallel_workers_per_gather = '0'
 Planning:
   Buffers: shared hit=86 read=26
 Planning Time: 1.970 ms
 Execution Time: 8.335 ms
(12 rows)

SET
SET
SET
SET
SET
                                             QUERY PLAN                                             
----------------------------------------------------------------------------------------------------
 Index Scan using idx on public.t (actual rows=16384.00 loops=1)
   Output: a, b
   Index Cond: ((t.a >= '-21487'::integer) AND (t.a <= '-5104'::integer))
   Index Searches: 1
   Buffers: shared hit=16205
 Settings: enable_bitmapscan = 'off', enable_seqscan = 'off', max_parallel_workers_per_gather = '0'
 Planning:
   Buffers: shared hit=117
 Planning Time: 0.216 ms
 Execution Time: 2.576 ms
(10 rows)

