SET
SET
SET
SET
SET
                                                                       QUERY PLAN                                                                       
--------------------------------------------------------------------------------------------------------------------------------------------------------
 Index Scan using idx on public.t (actual rows=2048576.00 loops=1)
   Output: a, b
   Index Cond: ((t.a >= '-2060569'::integer) AND (t.a <= '-11994'::integer))
   Index Searches: 1
   Prefetch: distance=56.532 count=83840 stalls=1938386 skipped=26276 resets=0 ungets=10 forwarded=6
             histogram [2,4) => 63378, [4,8) => 497, [8,16) => 25, [16,32) => 41, [32,64) => 63, [64,128) => 404, [128,256) => 13751, [256,512) => 5681
   Buffers: shared hit=1990212 read=37689
 Settings: enable_bitmapscan = 'off', enable_seqscan = 'off', max_parallel_workers_per_gather = '0'
 Planning:
   Buffers: shared hit=82 read=26
 Planning Time: 1.965 ms
 Execution Time: 424.014 ms
(12 rows)

SET
SET
SET
SET
SET
                                             QUERY PLAN                                             
----------------------------------------------------------------------------------------------------
 Index Scan using idx on public.t (actual rows=2048576.00 loops=1)
   Output: a, b
   Index Cond: ((t.a >= '-2060569'::integer) AND (t.a <= '-11994'::integer))
   Index Searches: 1
   Buffers: shared hit=2027901
 Settings: enable_bitmapscan = 'off', enable_seqscan = 'off', max_parallel_workers_per_gather = '0'
 Planning:
   Buffers: shared hit=113
 Planning Time: 0.189 ms
 Execution Time: 308.617 ms
(10 rows)

