SET
SET
SET
SET
SET
                                                                       QUERY PLAN                                                                        
---------------------------------------------------------------------------------------------------------------------------------------------------------
 Index Scan using idx on public.t (actual rows=7048576.00 loops=1)
   Output: a, b
   Index Cond: ((t.a >= '-7068622'::integer) AND (t.a <= '-20047'::integer))
   Index Searches: 1
   Prefetch: distance=13.907 count=233553 stalls=6723913 skipped=91048 resets=0 ungets=21 forwarded=7
             histogram [2,4) => 219828, [4,8) => 1686, [8,16) => 22, [16,32) => 38, [32,64) => 48, [64,128) => 197, [128,256) => 8065, [256,512) => 3669
   Buffers: shared hit=6847315 read=129476
 Settings: enable_bitmapscan = 'off', enable_seqscan = 'off', max_parallel_workers_per_gather = '0'
 Planning:
   Buffers: shared hit=82 read=26
 Planning Time: 1.975 ms
 Execution Time: 1408.463 ms
(12 rows)

SET
SET
SET
SET
SET
                                             QUERY PLAN                                             
----------------------------------------------------------------------------------------------------
 Index Scan using idx on public.t (actual rows=7048576.00 loops=1)
   Output: a, b
   Index Cond: ((t.a >= '-7068622'::integer) AND (t.a <= '-20047'::integer))
   Index Searches: 1
   Buffers: shared hit=6976791
 Settings: enable_bitmapscan = 'off', enable_seqscan = 'off', max_parallel_workers_per_gather = '0'
 Planning:
   Buffers: shared hit=113
 Planning Time: 0.198 ms
 Execution Time: 1052.084 ms
(10 rows)

