SET
SET
SET
SET
SET
                                                                     QUERY PLAN                                                                      
-----------------------------------------------------------------------------------------------------------------------------------------------------
 Index Scan using idx on public.t (actual rows=32768.00 loops=1)
   Output: a, b
   Index Cond: ((t.a >= '-35658'::integer) AND (t.a <= '-2891'::integer))
   Index Searches: 1
   Prefetch: distance=232.044 count=29151 stalls=3168 skipped=452 resets=0 ungets=40 forwarded=2
             histogram [2,4) => 112, [4,8) => 15, [8,16) => 26, [16,32) => 38, [32,64) => 44, [64,128) => 388, [128,256) => 20164, [256,512) => 8364
   Buffers: shared hit=31732 read=680
 Settings: enable_bitmapscan = 'off', enable_seqscan = 'off', max_parallel_workers_per_gather = '0'
 Planning:
   Buffers: shared hit=86 read=26
 Planning Time: 2.068 ms
 Execution Time: 14.161 ms
(12 rows)

SET
SET
SET
SET
SET
                                             QUERY PLAN                                             
----------------------------------------------------------------------------------------------------
 Index Scan using idx on public.t (actual rows=32768.00 loops=1)
   Output: a, b
   Index Cond: ((t.a >= '-35658'::integer) AND (t.a <= '-2891'::integer))
   Index Searches: 1
   Buffers: shared hit=32412
 Settings: enable_bitmapscan = 'off', enable_seqscan = 'off', max_parallel_workers_per_gather = '0'
 Planning:
   Buffers: shared hit=117
 Planning Time: 0.181 ms
 Execution Time: 3.198 ms
(10 rows)

