SET
SET
SET
SET
SET
                                                                       QUERY PLAN                                                                       
--------------------------------------------------------------------------------------------------------------------------------------------------------
 Index Scan using idx on public.t (actual rows=1048576.00 loops=1)
   Output: a, b
   Index Cond: ((t.a >= '-1052924'::integer) AND (t.a <= '-4349'::integer))
   Index Searches: 1
   Prefetch: distance=108.644 count=59722 stalls=975405 skipped=13446 resets=0 ungets=40 forwarded=4
             histogram [2,4) => 31885, [4,8) => 255, [8,16) => 27, [16,32) => 30, [32,64) => 49, [64,128) => 398, [128,256) => 19111, [256,512) => 7967
   Buffers: shared hit=1018670 read=19331
 Settings: enable_bitmapscan = 'off', enable_seqscan = 'off', max_parallel_workers_per_gather = '0'
 Planning:
   Buffers: shared hit=82 read=26
 Planning Time: 1.983 ms
 Execution Time: 347.726 ms
(12 rows)

SET
SET
SET
SET
SET
                                             QUERY PLAN                                             
----------------------------------------------------------------------------------------------------
 Index Scan using idx on public.t (actual rows=1048576.00 loops=1)
   Output: a, b
   Index Cond: ((t.a >= '-1052924'::integer) AND (t.a <= '-4349'::integer))
   Index Searches: 1
   Buffers: shared hit=1038001
 Settings: enable_bitmapscan = 'off', enable_seqscan = 'off', max_parallel_workers_per_gather = '0'
 Planning:
   Buffers: shared hit=113
 Planning Time: 0.188 ms
 Execution Time: 157.397 ms
(10 rows)

