SET
SET
SET
SET
SET
                                             QUERY PLAN                                             
----------------------------------------------------------------------------------------------------
 Index Scan using idx on public.t (actual rows=2048.00 loops=1)
   Output: a, b
   Index Cond: ((t.a >= '-6159'::integer) AND (t.a <= '-4112'::integer))
   Index Searches: 1
   Prefetch: distance=2.051 count=59 stalls=1686 skipped=23 resets=0 ungets=0 forwarded=0
             histogram [2,4) => 58, [4,8) => 1
   Buffers: shared hit=1916 read=118
 Settings: enable_bitmapscan = 'off', enable_seqscan = 'off', max_parallel_workers_per_gather = '0'
 Planning:
   Buffers: shared hit=86 read=26
 Planning Time: 2.080 ms
 Execution Time: 4.992 ms
(12 rows)

SET
SET
SET
SET
SET
                                             QUERY PLAN                                             
----------------------------------------------------------------------------------------------------
 Index Scan using idx on public.t (actual rows=2048.00 loops=1)
   Output: a, b
   Index Cond: ((t.a >= '-6159'::integer) AND (t.a <= '-4112'::integer))
   Index Searches: 1
   Buffers: shared hit=2034
 Settings: enable_bitmapscan = 'off', enable_seqscan = 'off', max_parallel_workers_per_gather = '0'
 Planning:
   Buffers: shared hit=117
 Planning Time: 0.190 ms
 Execution Time: 0.444 ms
(10 rows)

