SET
SET
SET
SET
SET
                                             QUERY PLAN                                             
----------------------------------------------------------------------------------------------------
 Index Scan using idx on public.t (actual rows=64.00 loops=1)
   Output: a, b
   Index Cond: ((t.a >= '-6622'::integer) AND (t.a <= '-6559'::integer))
   Index Searches: 1
   Prefetch: distance=20.412 count=34 stalls=1 skipped=0 resets=0 ungets=0 forwarded=0
             histogram [2,4) => 2, [4,8) => 4, [8,16) => 10, [16,32) => 10, [32,64) => 8
   Buffers: shared hit=23 read=47
 Settings: enable_bitmapscan = 'off', enable_seqscan = 'off', max_parallel_workers_per_gather = '0'
 Planning:
   Buffers: shared hit=86 read=26
 Planning Time: 1.333 ms
 Execution Time: 1.820 ms
(12 rows)

SET
SET
SET
SET
SET
                                             QUERY PLAN                                             
----------------------------------------------------------------------------------------------------
 Index Scan using idx on public.t (actual rows=64.00 loops=1)
   Output: a, b
   Index Cond: ((t.a >= '-6622'::integer) AND (t.a <= '-6559'::integer))
   Index Searches: 1
   Buffers: shared hit=70
 Settings: enable_bitmapscan = 'off', enable_seqscan = 'off', max_parallel_workers_per_gather = '0'
 Planning:
   Buffers: shared hit=117
 Planning Time: 0.191 ms
 Execution Time: 0.088 ms
(10 rows)

