SET
SET
SET
SET
SET
                                                                   QUERY PLAN                                                                   
------------------------------------------------------------------------------------------------------------------------------------------------
 Index Scan using idx on public.t (actual rows=4096.00 loops=1)
   Output: a, b
   Index Cond: ((t.a >= '-20515'::integer) AND (t.a <= '-16420'::integer))
   Index Searches: 1
   Prefetch: distance=229.310 count=4039 stalls=5 skipped=46 resets=0 ungets=44 forwarded=0
             histogram [2,4) => 6, [4,8) => 6, [8,16) => 10, [16,32) => 9, [32,64) => 27, [64,128) => 166, [128,256) => 2340, [256,512) => 1475
   Buffers: shared hit=3907 read=160
 Settings: enable_bitmapscan = 'off', enable_seqscan = 'off', max_parallel_workers_per_gather = '0'
 Planning:
   Buffers: shared hit=86 read=26
 Planning Time: 1.724 ms
 Execution Time: 5.409 ms
(12 rows)

SET
SET
SET
SET
SET
                                             QUERY PLAN                                             
----------------------------------------------------------------------------------------------------
 Index Scan using idx on public.t (actual rows=4096.00 loops=1)
   Output: a, b
   Index Cond: ((t.a >= '-20515'::integer) AND (t.a <= '-16420'::integer))
   Index Searches: 1
   Buffers: shared hit=4067
 Settings: enable_bitmapscan = 'off', enable_seqscan = 'off', max_parallel_workers_per_gather = '0'
 Planning:
   Buffers: shared hit=117
 Planning Time: 0.199 ms
 Execution Time: 0.754 ms
(10 rows)

