SET
SET
SET
SET
SET
                                             QUERY PLAN                                             
----------------------------------------------------------------------------------------------------
 Index Scan using idx on public.t (actual rows=4096.00 loops=1)
   Output: a, b
   Index Cond: ((t.a >= 32538) AND (t.a <= 33561))
   Index Searches: 1
   Prefetch: distance=2.062 count=337 stalls=3110 skipped=46 resets=0 ungets=0 forwarded=0
             histogram [2,4) => 330, [4,8) => 7
   Buffers: shared hit=3760 read=294
 Settings: enable_bitmapscan = 'off', enable_seqscan = 'off', max_parallel_workers_per_gather = '0'
 Planning:
   Buffers: shared hit=82 read=22
 Planning Time: 1.701 ms
 Execution Time: 19.656 ms
(12 rows)

SET
SET
SET
SET
SET
                                             QUERY PLAN                                             
----------------------------------------------------------------------------------------------------
 Index Scan using idx on public.t (actual rows=4096.00 loops=1)
   Output: a, b
   Index Cond: ((t.a >= 32538) AND (t.a <= 33561))
   Index Searches: 1
   Buffers: shared hit=4054
 Settings: enable_bitmapscan = 'off', enable_seqscan = 'off', max_parallel_workers_per_gather = '0'
 Planning:
   Buffers: shared hit=109
 Planning Time: 0.181 ms
 Execution Time: 0.823 ms
(10 rows)

