SET
SET
SET
SET
SET
                                                                       QUERY PLAN                                                                       
--------------------------------------------------------------------------------------------------------------------------------------------------------
 Index Scan using idx on public.t (actual rows=2048576.00 loops=1)
   Output: a, b
   Index Cond: ((t.a >= '-2056244'::integer) AND (t.a <= '-7669'::integer))
   Index Searches: 1
   Prefetch: distance=65.871 count=88111 stalls=1934253 skipped=26275 resets=0 ungets=80 forwarded=4
             histogram [2,4) => 63240, [4,8) => 495, [8,16) => 25, [16,32) => 30, [32,64) => 35, [64,128) => 374, [128,256) => 16683, [256,512) => 7229
   Buffers: shared hit=1990214 read=37691
 Settings: enable_bitmapscan = 'off', enable_seqscan = 'off', max_parallel_workers_per_gather = '0'
 Planning:
   Buffers: shared hit=82 read=26
 Planning Time: 1.938 ms
 Execution Time: 426.552 ms
(12 rows)

SET
SET
SET
SET
SET
                                             QUERY PLAN                                             
----------------------------------------------------------------------------------------------------
 Index Scan using idx on public.t (actual rows=2048576.00 loops=1)
   Output: a, b
   Index Cond: ((t.a >= '-2056244'::integer) AND (t.a <= '-7669'::integer))
   Index Searches: 1
   Buffers: shared hit=2027905
 Settings: enable_bitmapscan = 'off', enable_seqscan = 'off', max_parallel_workers_per_gather = '0'
 Planning:
   Buffers: shared hit=113
 Planning Time: 0.186 ms
 Execution Time: 308.003 ms
(10 rows)

