SET
SET
SET
SET
SET
                                             QUERY PLAN                                             
----------------------------------------------------------------------------------------------------
 Index Scan using idx on public.t (actual rows=8192.00 loops=1)
   Output: a, b
   Index Cond: ((t.a >= 18228) AND (t.a <= 20275))
   Index Searches: 1
   Prefetch: distance=2.131 count=809 stalls=7024 skipped=128 resets=0 ungets=0 forwarded=0
             histogram [2,4) => 776, [4,8) => 32, [8,16) => 1
   Buffers: shared hit=7590 read=492
 Settings: enable_bitmapscan = 'off', enable_seqscan = 'off', max_parallel_workers_per_gather = '0'
 Planning:
   Buffers: shared hit=86 read=26
 Planning Time: 2.028 ms
 Execution Time: 31.404 ms
(12 rows)

SET
SET
SET
SET
SET
                                             QUERY PLAN                                             
----------------------------------------------------------------------------------------------------
 Index Scan using idx on public.t (actual rows=8192.00 loops=1)
   Output: a, b
   Index Cond: ((t.a >= 18228) AND (t.a <= 20275))
   Index Searches: 1
   Buffers: shared hit=8082
 Settings: enable_bitmapscan = 'off', enable_seqscan = 'off', max_parallel_workers_per_gather = '0'
 Planning:
   Buffers: shared hit=117
 Planning Time: 0.186 ms
 Execution Time: 1.482 ms
(10 rows)

