SET
SET
SET
SET
SET
                                                                        QUERY PLAN                                                                        
----------------------------------------------------------------------------------------------------------------------------------------------------------
 Index Scan using idx on public.t (actual rows=5048576.00 loops=1)
   Output: a, b
   Index Cond: ((t.a >= '-5064297'::integer) AND (t.a <= '-15722'::integer))
   Index Searches: 1
   Prefetch: distance=23.626 count=174839 stalls=4808669 skipped=65123 resets=0 ungets=71 forwarded=5
             histogram [2,4) => 157208, [4,8) => 1197, [8,16) => 24, [16,32) => 30, [32,64) => 37, [64,128) => 338, [128,256) => 10953, [256,512) => 5052
   Buffers: shared hit=4904492 read=92759
 Settings: enable_bitmapscan = 'off', enable_seqscan = 'off', max_parallel_workers_per_gather = '0'
 Planning:
   Buffers: shared hit=82 read=26
 Planning Time: 1.944 ms
 Execution Time: 1040.691 ms
(12 rows)

SET
SET
SET
SET
SET
                                             QUERY PLAN                                             
----------------------------------------------------------------------------------------------------
 Index Scan using idx on public.t (actual rows=5048576.00 loops=1)
   Output: a, b
   Index Cond: ((t.a >= '-5064297'::integer) AND (t.a <= '-15722'::integer))
   Index Searches: 1
   Buffers: shared hit=4997251
 Settings: enable_bitmapscan = 'off', enable_seqscan = 'off', max_parallel_workers_per_gather = '0'
 Planning:
   Buffers: shared hit=113
 Planning Time: 0.195 ms
 Execution Time: 758.031 ms
(10 rows)

