SET
SET
SET
SET
SET
                                                                        QUERY PLAN                                                                        
----------------------------------------------------------------------------------------------------------------------------------------------------------
 Index Scan using idx on public.t (actual rows=6048576.00 loops=1)
   Output: a, b
   Index Cond: ((t.a >= '-6065360'::integer) AND (t.a <= '-16785'::integer))
   Index Searches: 1
   Prefetch: distance=19.140 count=205260 stalls=5765182 skipped=78120 resets=0 ungets=37 forwarded=5
             histogram [2,4) => 188496, [4,8) => 1453, [8,16) => 30, [16,32) => 34, [32,64) => 53, [64,128) => 264, [128,256) => 10408, [256,512) => 4522
   Buffers: shared hit=5875868 read=111120
 Settings: enable_bitmapscan = 'off', enable_seqscan = 'off', max_parallel_workers_per_gather = '0'
 Planning:
   Buffers: shared hit=82 read=26
 Planning Time: 1.972 ms
 Execution Time: 1280.759 ms
(12 rows)

SET
SET
SET
SET
SET
                                             QUERY PLAN                                             
----------------------------------------------------------------------------------------------------
 Index Scan using idx on public.t (actual rows=6048576.00 loops=1)
   Output: a, b
   Index Cond: ((t.a >= '-6065360'::integer) AND (t.a <= '-16785'::integer))
   Index Searches: 1
   Buffers: shared hit=5986988
 Settings: enable_bitmapscan = 'off', enable_seqscan = 'off', max_parallel_workers_per_gather = '0'
 Planning:
   Buffers: shared hit=113
 Planning Time: 0.215 ms
 Execution Time: 898.548 ms
(10 rows)

