SET
SET
SET
SET
SET
                                                                       QUERY PLAN                                                                        
---------------------------------------------------------------------------------------------------------------------------------------------------------
 Index Scan using idx on public.t (actual rows=5048576.00 loops=1)
   Output: a, b
   Index Cond: ((t.a >= '-5071944'::integer) AND (t.a <= '-23369'::integer))
   Index Searches: 1
   Prefetch: distance=14.128 count=167466 stalls=4815962 skipped=65127 resets=0 ungets=34 forwarded=5
             histogram [2,4) => 157454, [4,8) => 1203, [8,16) => 25, [16,32) => 32, [32,64) => 59, [64,128) => 188, [128,256) => 5617, [256,512) => 2888
   Buffers: shared hit=4904488 read=92760
 Settings: enable_bitmapscan = 'off', enable_seqscan = 'off', max_parallel_workers_per_gather = '0'
 Planning:
   Buffers: shared hit=82 read=26
 Planning Time: 1.959 ms
 Execution Time: 1194.136 ms
(12 rows)

SET
SET
SET
SET
SET
                                             QUERY PLAN                                             
----------------------------------------------------------------------------------------------------
 Index Scan using idx on public.t (actual rows=5048576.00 loops=1)
   Output: a, b
   Index Cond: ((t.a >= '-5071944'::integer) AND (t.a <= '-23369'::integer))
   Index Searches: 1
   Buffers: shared hit=4997248
 Settings: enable_bitmapscan = 'off', enable_seqscan = 'off', max_parallel_workers_per_gather = '0'
 Planning:
   Buffers: shared hit=113
 Planning Time: 0.190 ms
 Execution Time: 774.598 ms
(10 rows)

