SET
SET
SET
SET
SET
                                                                QUERY PLAN                                                                
------------------------------------------------------------------------------------------------------------------------------------------
 Index Scan Backward using idx on public.t (actual rows=256.00 loops=1)
   Output: a, b
   Index Cond: ((t.a >= '-18686'::integer) AND (t.a <= '-18431'::integer))
   Index Searches: 1
   Prefetch: distance=239.545 count=299 stalls=1 skipped=3 resets=0 ungets=66 forwarded=0
             histogram [2,4) => 2, [4,8) => 3, [8,16) => 8, [16,32) => 11, [32,64) => 10, [64,128) => 2, [128,256) => 2, [256,512) => 261
   Buffers: shared hit=172 read=88
 Settings: enable_bitmapscan = 'off', enable_seqscan = 'off', max_parallel_workers_per_gather = '0'
 Planning:
   Buffers: shared hit=82 read=26
 Planning Time: 1.983 ms
 Execution Time: 3.345 ms
(12 rows)

SET
SET
SET
SET
SET
                                             QUERY PLAN                                             
----------------------------------------------------------------------------------------------------
 Index Scan Backward using idx on public.t (actual rows=256.00 loops=1)
   Output: a, b
   Index Cond: ((t.a >= '-18686'::integer) AND (t.a <= '-18431'::integer))
   Index Searches: 1
   Buffers: shared hit=260
 Settings: enable_bitmapscan = 'off', enable_seqscan = 'off', max_parallel_workers_per_gather = '0'
 Planning:
   Buffers: shared hit=113
 Planning Time: 0.176 ms
 Execution Time: 0.154 ms
(10 rows)

