SET
SET
SET
SET
SET
                                                                 QUERY PLAN                                                                  
---------------------------------------------------------------------------------------------------------------------------------------------
 Index Scan Backward using idx on public.t (actual rows=2048.00 loops=1)
   Output: a, b
   Index Cond: ((t.a >= '-24546'::integer) AND (t.a <= '-22499'::integer))
   Index Searches: 1
   Prefetch: distance=249.887 count=2061 stalls=2 skipped=33 resets=0 ungets=71 forwarded=0
             histogram [2,4) => 2, [4,8) => 3, [8,16) => 10, [16,32) => 9, [32,64) => 17, [64,128) => 2, [128,256) => 738, [256,512) => 1280
   Buffers: shared hit=1904 read=123
 Settings: enable_bitmapscan = 'off', enable_seqscan = 'off', max_parallel_workers_per_gather = '0'
 Planning:
   Buffers: shared hit=82 read=26
 Planning Time: 1.977 ms
 Execution Time: 4.362 ms
(12 rows)

SET
SET
SET
SET
SET
                                             QUERY PLAN                                             
----------------------------------------------------------------------------------------------------
 Index Scan Backward using idx on public.t (actual rows=2048.00 loops=1)
   Output: a, b
   Index Cond: ((t.a >= '-24546'::integer) AND (t.a <= '-22499'::integer))
   Index Searches: 1
   Buffers: shared hit=2027
 Settings: enable_bitmapscan = 'off', enable_seqscan = 'off', max_parallel_workers_per_gather = '0'
 Planning:
   Buffers: shared hit=113
 Planning Time: 0.180 ms
 Execution Time: 0.276 ms
(10 rows)

