SET
SET
SET
SET
SET
                                                                   QUERY PLAN                                                                   
------------------------------------------------------------------------------------------------------------------------------------------------
 Index Scan Backward using idx on public.t (actual rows=16384.00 loops=1)
   Output: a, b
   Index Cond: ((t.a >= '-18325'::integer) AND (t.a <= '-1942'::integer))
   Index Searches: 1
   Prefetch: distance=247.805 count=16132 stalls=74 skipped=234 resets=0 ungets=80 forwarded=2
             histogram [2,4) => 6, [4,8) => 9, [8,16) => 18, [16,32) => 27, [32,64) => 43, [64,128) => 66, [128,256) => 8029, [256,512) => 7934
   Buffers: shared hit=15831 read=369
 Settings: enable_bitmapscan = 'off', enable_seqscan = 'off', max_parallel_workers_per_gather = '0'
 Planning:
   Buffers: shared hit=82 read=26
 Planning Time: 1.983 ms
 Execution Time: 12.405 ms
(12 rows)

SET
SET
SET
SET
SET
                                             QUERY PLAN                                             
----------------------------------------------------------------------------------------------------
 Index Scan Backward using idx on public.t (actual rows=16384.00 loops=1)
   Output: a, b
   Index Cond: ((t.a >= '-18325'::integer) AND (t.a <= '-1942'::integer))
   Index Searches: 1
   Buffers: shared hit=16200
 Settings: enable_bitmapscan = 'off', enable_seqscan = 'off', max_parallel_workers_per_gather = '0'
 Planning:
   Buffers: shared hit=113
 Planning Time: 0.199 ms
 Execution Time: 2.685 ms
(10 rows)

