SET
SET
SET
SET
SET
                                                                  QUERY PLAN                                                                   
-----------------------------------------------------------------------------------------------------------------------------------------------
 Index Scan Backward using idx on public.t (actual rows=8192.00 loops=1)
   Output: a, b
   Index Cond: ((t.a >= '-13614'::integer) AND (t.a <= '-5423'::integer))
   Index Searches: 1
   Prefetch: distance=248.876 count=8049 stalls=3 skipped=118 resets=0 ungets=49 forwarded=2
             histogram [2,4) => 6, [4,8) => 9, [8,16) => 9, [16,32) => 18, [32,64) => 20, [64,128) => 15, [128,256) => 3809, [256,512) => 4163
   Buffers: shared hit=7868 read=234
 Settings: enable_bitmapscan = 'off', enable_seqscan = 'off', max_parallel_workers_per_gather = '0'
 Planning:
   Buffers: shared hit=82 read=26
 Planning Time: 1.967 ms
 Execution Time: 8.575 ms
(12 rows)

SET
SET
SET
SET
SET
                                             QUERY PLAN                                             
----------------------------------------------------------------------------------------------------
 Index Scan Backward using idx on public.t (actual rows=8192.00 loops=1)
   Output: a, b
   Index Cond: ((t.a >= '-13614'::integer) AND (t.a <= '-5423'::integer))
   Index Searches: 1
   Buffers: shared hit=8102
 Settings: enable_bitmapscan = 'off', enable_seqscan = 'off', max_parallel_workers_per_gather = '0'
 Planning:
   Buffers: shared hit=113
 Planning Time: 0.197 ms
 Execution Time: 1.403 ms
(10 rows)

