SET
SET
SET
SET
SET
                                                                     QUERY PLAN                                                                     
----------------------------------------------------------------------------------------------------------------------------------------------------
 Index Scan Backward using idx on public.t (actual rows=524288.00 loops=1)
   Output: a, b
   Index Cond: ((t.a >= '-543907'::integer) AND (t.a <= '-19620'::integer))
   Index Searches: 1
   Prefetch: distance=248.503 count=517854 stalls=1 skipped=6631 resets=0 ungets=228 forwarded=70
             histogram [2,4) => 8, [4,8) => 8, [8,16) => 7, [16,32) => 10, [32,64) => 26, [64,128) => 826, [128,256) => 271493, [256,512) => 245476
   Buffers: shared hit=509385 read=9711
 Settings: enable_bitmapscan = 'off', enable_seqscan = 'off', max_parallel_workers_per_gather = '0'
 Planning:
   Buffers: shared hit=78 read=26
 Planning Time: 1.944 ms
 Execution Time: 314.178 ms
(12 rows)

SET
SET
SET
SET
SET
                                             QUERY PLAN                                             
----------------------------------------------------------------------------------------------------
 Index Scan Backward using idx on public.t (actual rows=524288.00 loops=1)
   Output: a, b
   Index Cond: ((t.a >= '-543907'::integer) AND (t.a <= '-19620'::integer))
   Index Searches: 1
   Buffers: shared hit=519096
 Settings: enable_bitmapscan = 'off', enable_seqscan = 'off', max_parallel_workers_per_gather = '0'
 Planning:
   Buffers: shared hit=109
 Planning Time: 0.192 ms
 Execution Time: 77.726 ms
(10 rows)

