SET
SET
SET
SET
SET
                                                                          QUERY PLAN                                                                           
---------------------------------------------------------------------------------------------------------------------------------------------------------------
 Index Scan Backward using idx on public.t (actual rows=9048576.00 loops=1)
   Output: a, b
   Index Cond: ((t.a >= '-9062236'::integer) AND (t.a <= '-13661'::integer))
   Index Searches: 1
   Prefetch: distance=185.899 count=1027516 stalls=7904673 skipped=116679 resets=0 ungets=367 forwarded=92
             histogram [2,4) => 258415, [4,8) => 2042, [8,16) => 23, [16,32) => 45, [32,64) => 116, [64,128) => 1197, [128,256) => 403839, [256,512) => 361839
   Buffers: shared hit=8790432 read=166191
 Settings: enable_bitmapscan = 'off', enable_seqscan = 'off', max_parallel_workers_per_gather = '0'
 Planning:
   Buffers: shared hit=78 read=26
 Planning Time: 1.952 ms
 Execution Time: 10697.535 ms
(12 rows)

SET
SET
SET
SET
SET
                                             QUERY PLAN                                             
----------------------------------------------------------------------------------------------------
 Index Scan Backward using idx on public.t (actual rows=9048576.00 loops=1)
   Output: a, b
   Index Cond: ((t.a >= '-9062236'::integer) AND (t.a <= '-13661'::integer))
   Index Searches: 1
   Buffers: shared hit=8956623
 Settings: enable_bitmapscan = 'off', enable_seqscan = 'off', max_parallel_workers_per_gather = '0'
 Planning:
   Buffers: shared hit=109
 Planning Time: 0.224 ms
 Execution Time: 1358.208 ms
(10 rows)

