SET
SET
SET
SET
SET
                                                                        QUERY PLAN                                                                         
-----------------------------------------------------------------------------------------------------------------------------------------------------------
 Index Scan Backward using idx on public.t (actual rows=3048576.00 loops=1)
   Output: a, b
   Index Cond: ((t.a >= '-3053182'::integer) AND (t.a <= '-4607'::integer))
   Index Searches: 1
   Prefetch: distance=199.657 count=428926 stalls=2580561 skipped=39317 resets=0 ungets=237 forwarded=48
             histogram [2,4) => 84370, [4,8) => 641, [8,16) => 28, [16,32) => 38, [32,64) => 46, [64,128) => 504, [128,256) => 180183, [256,512) => 163116
   Buffers: shared hit=2961544 read=56051
 Settings: enable_bitmapscan = 'off', enable_seqscan = 'off', max_parallel_workers_per_gather = '0'
 Planning:
   Buffers: shared hit=78 read=26
 Planning Time: 1.972 ms
 Execution Time: 3570.568 ms
(12 rows)

SET
SET
SET
SET
SET
                                             QUERY PLAN                                             
----------------------------------------------------------------------------------------------------
 Index Scan Backward using idx on public.t (actual rows=3048576.00 loops=1)
   Output: a, b
   Index Cond: ((t.a >= '-3053182'::integer) AND (t.a <= '-4607'::integer))
   Index Searches: 1
   Buffers: shared hit=3017595
 Settings: enable_bitmapscan = 'off', enable_seqscan = 'off', max_parallel_workers_per_gather = '0'
 Planning:
   Buffers: shared hit=109
 Planning Time: 0.220 ms
 Execution Time: 454.334 ms
(10 rows)

