SET
SET
SET
SET
SET
                                                                 QUERY PLAN                                                                 
--------------------------------------------------------------------------------------------------------------------------------------------
 Index Scan Backward using idx on public.t (actual rows=2048.00 loops=1)
   Output: a, b
   Index Cond: ((t.a >= '-24203'::integer) AND (t.a <= '-22156'::integer))
   Index Searches: 1
   Prefetch: distance=251.064 count=2023 stalls=1 skipped=34 resets=0 ungets=56 forwarded=0
             histogram [2,4) => 2, [4,8) => 5, [8,16) => 7, [16,32) => 8, [32,64) => 11, [64,128) => 3, [128,256) => 795, [256,512) => 1192
   Buffers: shared hit=1903 read=123
 Settings: enable_bitmapscan = 'off', enable_seqscan = 'off', max_parallel_workers_per_gather = '0'
 Planning:
   Buffers: shared hit=82 read=26
 Planning Time: 1.944 ms
 Execution Time: 4.971 ms
(12 rows)

SET
SET
SET
SET
SET
                                             QUERY PLAN                                             
----------------------------------------------------------------------------------------------------
 Index Scan Backward using idx on public.t (actual rows=2048.00 loops=1)
   Output: a, b
   Index Cond: ((t.a >= '-24203'::integer) AND (t.a <= '-22156'::integer))
   Index Searches: 1
   Buffers: shared hit=2026
 Settings: enable_bitmapscan = 'off', enable_seqscan = 'off', max_parallel_workers_per_gather = '0'
 Planning:
   Buffers: shared hit=113
 Planning Time: 0.256 ms
 Execution Time: 0.487 ms
(10 rows)

