SET
SET
SET
SET
SET
                                                                 QUERY PLAN                                                                  
---------------------------------------------------------------------------------------------------------------------------------------------
 Index Scan Backward using idx on public.t (actual rows=16384.00 loops=1)
   Output: a, b
   Index Cond: ((t.a >= '-24164'::integer) AND (t.a <= '-7781'::integer))
   Index Searches: 1
   Prefetch: distance=249.368 count=16227 stalls=1 skipped=231 resets=0 ungets=82 forwarded=3
             histogram [2,4) => 2, [4,8) => 5, [8,16) => 8, [16,32) => 10, [32,64) => 5, [64,128) => 2, [128,256) => 8283, [256,512) => 7912
   Buffers: shared hit=15822 read=382
 Settings: enable_bitmapscan = 'off', enable_seqscan = 'off', max_parallel_workers_per_gather = '0'
 Planning:
   Buffers: shared hit=82 read=26
 Planning Time: 1.984 ms
 Execution Time: 12.194 ms
(12 rows)

SET
SET
SET
SET
SET
                                             QUERY PLAN                                             
----------------------------------------------------------------------------------------------------
 Index Scan Backward using idx on public.t (actual rows=16384.00 loops=1)
   Output: a, b
   Index Cond: ((t.a >= '-24164'::integer) AND (t.a <= '-7781'::integer))
   Index Searches: 1
   Buffers: shared hit=16204
 Settings: enable_bitmapscan = 'off', enable_seqscan = 'off', max_parallel_workers_per_gather = '0'
 Planning:
   Buffers: shared hit=113
 Planning Time: 0.165 ms
 Execution Time: 2.623 ms
(10 rows)

