SET
SET
SET
SET
SET
                                                                    QUERY PLAN                                                                     
---------------------------------------------------------------------------------------------------------------------------------------------------
 Index Scan Backward using idx on public.t (actual rows=131072.00 loops=1)
   Output: a, b
   Index Cond: ((t.a >= '-142073'::integer) AND (t.a <= '-11002'::integer))
   Index Searches: 1
   Prefetch: distance=248.348 count=129436 stalls=1 skipped=1648 resets=0 ungets=77 forwarded=22
             histogram [2,4) => 4, [4,8) => 12, [8,16) => 8, [16,32) => 17, [32,64) => 23, [64,128) => 298, [128,256) => 66903, [256,512) => 62171
   Buffers: shared hit=127298 read=2490
 Settings: enable_bitmapscan = 'off', enable_seqscan = 'off', max_parallel_workers_per_gather = '0'
 Planning:
   Buffers: shared hit=82 read=26
 Planning Time: 1.982 ms
 Execution Time: 83.586 ms
(12 rows)

SET
SET
SET
SET
SET
                                             QUERY PLAN                                             
----------------------------------------------------------------------------------------------------
 Index Scan Backward using idx on public.t (actual rows=131072.00 loops=1)
   Output: a, b
   Index Cond: ((t.a >= '-142073'::integer) AND (t.a <= '-11002'::integer))
   Index Searches: 1
   Buffers: shared hit=129788
 Settings: enable_bitmapscan = 'off', enable_seqscan = 'off', max_parallel_workers_per_gather = '0'
 Planning:
   Buffers: shared hit=113
 Planning Time: 0.218 ms
 Execution Time: 19.238 ms
(10 rows)

