SET
SET
SET
SET
SET
                                                                    QUERY PLAN                                                                    
--------------------------------------------------------------------------------------------------------------------------------------------------
 Index Scan Backward using idx on public.t (actual rows=65536.00 loops=1)
   Output: a, b
   Index Cond: ((t.a >= '-79828'::integer) AND (t.a <= '-14293'::integer))
   Index Searches: 1
   Prefetch: distance=248.860 count=64756 stalls=1 skipped=812 resets=0 ungets=72 forwarded=14
             histogram [2,4) => 2, [4,8) => 14, [8,16) => 5, [16,32) => 18, [32,64) => 14, [64,128) => 69, [128,256) => 33046, [256,512) => 31588
   Buffers: shared hit=63623 read=1286
 Settings: enable_bitmapscan = 'off', enable_seqscan = 'off', max_parallel_workers_per_gather = '0'
 Planning:
   Buffers: shared hit=82 read=26
 Planning Time: 1.959 ms
 Execution Time: 43.432 ms
(12 rows)

SET
SET
SET
SET
SET
                                             QUERY PLAN                                             
----------------------------------------------------------------------------------------------------
 Index Scan Backward using idx on public.t (actual rows=65536.00 loops=1)
   Output: a, b
   Index Cond: ((t.a >= '-79828'::integer) AND (t.a <= '-14293'::integer))
   Index Searches: 1
   Buffers: shared hit=64909
 Settings: enable_bitmapscan = 'off', enable_seqscan = 'off', max_parallel_workers_per_gather = '0'
 Planning:
   Buffers: shared hit=113
 Planning Time: 0.191 ms
 Execution Time: 8.404 ms
(10 rows)

