SET
SET
SET
SET
SET
                                                                  QUERY PLAN                                                                  
----------------------------------------------------------------------------------------------------------------------------------------------
 Index Scan Backward using idx on public.t (actual rows=4096.00 loops=1)
   Output: a, b
   Index Cond: ((t.a >= '-18717'::integer) AND (t.a <= '-14622'::integer))
   Index Searches: 1
   Prefetch: distance=247.713 count=4043 stalls=2 skipped=51 resets=0 ungets=50 forwarded=0
             histogram [2,4) => 4, [4,8) => 4, [8,16) => 8, [16,32) => 17, [32,64) => 11, [64,128) => 3, [128,256) => 2066, [256,512) => 1930
   Buffers: shared hit=3903 read=159
 Settings: enable_bitmapscan = 'off', enable_seqscan = 'off', max_parallel_workers_per_gather = '0'
 Planning:
   Buffers: shared hit=82 read=26
 Planning Time: 1.980 ms
 Execution Time: 6.821 ms
(12 rows)

SET
SET
SET
SET
SET
                                             QUERY PLAN                                             
----------------------------------------------------------------------------------------------------
 Index Scan Backward using idx on public.t (actual rows=4096.00 loops=1)
   Output: a, b
   Index Cond: ((t.a >= '-18717'::integer) AND (t.a <= '-14622'::integer))
   Index Searches: 1
   Buffers: shared hit=4062
 Settings: enable_bitmapscan = 'off', enable_seqscan = 'off', max_parallel_workers_per_gather = '0'
 Planning:
   Buffers: shared hit=113
 Planning Time: 0.213 ms
 Execution Time: 0.808 ms
(10 rows)

