SET
SET
SET
SET
SET
                                                                    QUERY PLAN                                                                     
---------------------------------------------------------------------------------------------------------------------------------------------------
 Index Scan Backward using idx on public.t (actual rows=32768.00 loops=1)
   Output: a, b
   Index Cond: ((t.a >= '-53843'::integer) AND (t.a <= '-21076'::integer))
   Index Searches: 1
   Prefetch: distance=248.148 count=32372 stalls=3 skipped=427 resets=0 ungets=74 forwarded=4
             histogram [2,4) => 10, [4,8) => 9, [8,16) => 12, [16,32) => 12, [32,64) => 13, [64,128) => 53, [128,256) => 16596, [256,512) => 15667
   Buffers: shared hit=31752 read=685
 Settings: enable_bitmapscan = 'off', enable_seqscan = 'off', max_parallel_workers_per_gather = '0'
 Planning:
   Buffers: shared hit=82 read=26
 Planning Time: 1.961 ms
 Execution Time: 24.901 ms
(12 rows)

SET
SET
SET
SET
SET
                                             QUERY PLAN                                             
----------------------------------------------------------------------------------------------------
 Index Scan Backward using idx on public.t (actual rows=32768.00 loops=1)
   Output: a, b
   Index Cond: ((t.a >= '-53843'::integer) AND (t.a <= '-21076'::integer))
   Index Searches: 1
   Buffers: shared hit=32437
 Settings: enable_bitmapscan = 'off', enable_seqscan = 'off', max_parallel_workers_per_gather = '0'
 Planning:
   Buffers: shared hit=113
 Planning Time: 0.199 ms
 Execution Time: 4.821 ms
(10 rows)

