SET
SET
SET
SET
SET
                                                                QUERY PLAN                                                                 
-------------------------------------------------------------------------------------------------------------------------------------------
 Index Scan Backward using idx on public.t (actual rows=256.00 loops=1)
   Output: a, b
   Index Cond: ((t.a >= '-8818'::integer) AND (t.a <= '-8563'::integer))
   Index Searches: 1
   Prefetch: distance=226.810 count=258 stalls=1 skipped=0 resets=0 ungets=36 forwarded=1
             histogram [2,4) => 2, [4,8) => 8, [8,16) => 14, [16,32) => 12, [32,64) => 4, [64,128) => 3, [128,256) => 10, [256,512) => 205
   Buffers: shared hit=182 read=81
 Settings: enable_bitmapscan = 'off', enable_seqscan = 'off', max_parallel_workers_per_gather = '0'
 Planning:
   Buffers: shared hit=82 read=26
 Planning Time: 1.355 ms
 Execution Time: 2.937 ms
(12 rows)

SET
SET
SET
SET
SET
                                             QUERY PLAN                                             
----------------------------------------------------------------------------------------------------
 Index Scan Backward using idx on public.t (actual rows=256.00 loops=1)
   Output: a, b
   Index Cond: ((t.a >= '-8818'::integer) AND (t.a <= '-8563'::integer))
   Index Searches: 1
   Buffers: shared hit=263
 Settings: enable_bitmapscan = 'off', enable_seqscan = 'off', max_parallel_workers_per_gather = '0'
 Planning:
   Buffers: shared hit=113
 Planning Time: 0.156 ms
 Execution Time: 0.094 ms
(10 rows)

