SET
SET
SET
SET
SET
                                                                         QUERY PLAN                                                                         
------------------------------------------------------------------------------------------------------------------------------------------------------------
 Index Scan Backward using idx on public.t (actual rows=5048576.00 loops=1)
   Output: a, b
   Index Cond: ((t.a >= '-5049036'::integer) AND (t.a <= '-461'::integer))
   Index Searches: 1
   Prefetch: distance=135.371 count=334687 stalls=4648723 skipped=65178 resets=0 ungets=77 forwarded=28
             histogram [2,4) => 151931, [4,8) => 1216, [8,16) => 19, [16,32) => 34, [32,64) => 222, [64,128) => 786, [128,256) => 95154, [256,512) => 85325
   Buffers: shared hit=4904468 read=92730
 Settings: enable_bitmapscan = 'off', enable_seqscan = 'off', max_parallel_workers_per_gather = '0'
 Planning:
   Buffers: shared hit=78 read=26
 Planning Time: 1.962 ms
 Execution Time: 6122.869 ms
(12 rows)

SET
SET
SET
SET
SET
                                             QUERY PLAN                                             
----------------------------------------------------------------------------------------------------
 Index Scan Backward using idx on public.t (actual rows=5048576.00 loops=1)
   Output: a, b
   Index Cond: ((t.a >= '-5049036'::integer) AND (t.a <= '-461'::integer))
   Index Searches: 1
   Buffers: shared hit=4997198
 Settings: enable_bitmapscan = 'off', enable_seqscan = 'off', max_parallel_workers_per_gather = '0'
 Planning:
   Buffers: shared hit=109
 Planning Time: 0.229 ms
 Execution Time: 751.806 ms
(10 rows)

