SET
SET
SET
SET
SET
                                                               QUERY PLAN                                                                
-----------------------------------------------------------------------------------------------------------------------------------------
 Index Scan Backward using idx on public.t (actual rows=128.00 loops=1)
   Output: a, b
   Index Cond: ((t.a >= '-2580'::integer) AND (t.a <= '-2453'::integer))
   Index Searches: 1
   Prefetch: distance=220.987 count=151 stalls=1 skipped=1 resets=0 ungets=42 forwarded=0
             histogram [2,4) => 2, [4,8) => 7, [8,16) => 5, [16,32) => 10, [32,64) => 3, [64,128) => 2, [128,256) => 2, [256,512) => 120
   Buffers: shared hit=69 read=65
 Settings: enable_bitmapscan = 'off', enable_seqscan = 'off', max_parallel_workers_per_gather = '0'
 Planning:
   Buffers: shared hit=82 read=26
 Planning Time: 1.403 ms
 Execution Time: 2.043 ms
(12 rows)

SET
SET
SET
SET
SET
                                             QUERY PLAN                                             
----------------------------------------------------------------------------------------------------
 Index Scan Backward using idx on public.t (actual rows=128.00 loops=1)
   Output: a, b
   Index Cond: ((t.a >= '-2580'::integer) AND (t.a <= '-2453'::integer))
   Index Searches: 1
   Buffers: shared hit=134
 Settings: enable_bitmapscan = 'off', enable_seqscan = 'off', max_parallel_workers_per_gather = '0'
 Planning:
   Buffers: shared hit=113
 Planning Time: 0.137 ms
 Execution Time: 0.060 ms
(10 rows)

