SET
SET
SET
SET
SET
                                                                    QUERY PLAN                                                                     
---------------------------------------------------------------------------------------------------------------------------------------------------
 Index Scan Backward using idx on public.t (actual rows=131072.00 loops=1)
   Output: a, b
   Index Cond: ((t.a >= '-153058'::integer) AND (t.a <= '-21987'::integer))
   Index Searches: 1
   Prefetch: distance=248.457 count=129453 stalls=2 skipped=1634 resets=0 ungets=86 forwarded=22
             histogram [2,4) => 6, [4,8) => 5, [8,16) => 12, [16,32) => 24, [32,64) => 15, [64,128) => 235, [128,256) => 66902, [256,512) => 62254
   Buffers: shared hit=127310 read=2490
 Settings: enable_bitmapscan = 'off', enable_seqscan = 'off', max_parallel_workers_per_gather = '0'
 Planning:
   Buffers: shared hit=82 read=26
 Planning Time: 2.008 ms
 Execution Time: 83.290 ms
(12 rows)

SET
SET
SET
SET
SET
                                             QUERY PLAN                                             
----------------------------------------------------------------------------------------------------
 Index Scan Backward using idx on public.t (actual rows=131072.00 loops=1)
   Output: a, b
   Index Cond: ((t.a >= '-153058'::integer) AND (t.a <= '-21987'::integer))
   Index Searches: 1
   Buffers: shared hit=129800
 Settings: enable_bitmapscan = 'off', enable_seqscan = 'off', max_parallel_workers_per_gather = '0'
 Planning:
   Buffers: shared hit=113
 Planning Time: 0.203 ms
 Execution Time: 14.229 ms
(10 rows)

