SET
SET
SET
SET
SET
                                                                        QUERY PLAN                                                                         
-----------------------------------------------------------------------------------------------------------------------------------------------------------
 Index Scan Backward using idx on public.t (actual rows=3048576.00 loops=1)
   Output: a, b
   Index Cond: ((t.a >= '-3062727'::integer) AND (t.a <= '-14152'::integer))
   Index Searches: 1
   Prefetch: distance=200.888 count=438000 stalls=2571469 skipped=39293 resets=0 ungets=224 forwarded=49
             histogram [2,4) => 84068, [4,8) => 641, [8,16) => 24, [16,32) => 39, [32,64) => 52, [64,128) => 496, [128,256) => 185316, [256,512) => 167364
   Buffers: shared hit=2961572 read=56047
 Settings: enable_bitmapscan = 'off', enable_seqscan = 'off', max_parallel_workers_per_gather = '0'
 Planning:
   Buffers: shared hit=78 read=26
 Planning Time: 1.960 ms
 Execution Time: 3565.522 ms
(12 rows)

SET
SET
SET
SET
SET
                                             QUERY PLAN                                             
----------------------------------------------------------------------------------------------------
 Index Scan Backward using idx on public.t (actual rows=3048576.00 loops=1)
   Output: a, b
   Index Cond: ((t.a >= '-3062727'::integer) AND (t.a <= '-14152'::integer))
   Index Searches: 1
   Buffers: shared hit=3017619
 Settings: enable_bitmapscan = 'off', enable_seqscan = 'off', max_parallel_workers_per_gather = '0'
 Planning:
   Buffers: shared hit=109
 Planning Time: 0.213 ms
 Execution Time: 455.819 ms
(10 rows)

