SET
SET
SET
SET
SET
                                             QUERY PLAN                                             
----------------------------------------------------------------------------------------------------
 Index Scan using idx on public.t (actual rows=4096.00 loops=1)
   Output: a, b
   Index Cond: ((t.a >= '-7213'::integer) AND (t.a <= '-3118'::integer))
   Index Searches: 1
   Prefetch: distance=2.037 count=162 stalls=3707 skipped=51 resets=0 ungets=0 forwarded=0
             histogram [2,4) => 160, [4,8) => 2
   Buffers: shared hit=3901 read=158
 Settings: enable_bitmapscan = 'off', enable_seqscan = 'off', max_parallel_workers_per_gather = '0'
 Planning:
   Buffers: shared hit=86 read=26
 Planning Time: 2.006 ms
 Execution Time: 5.480 ms
(12 rows)

SET
SET
SET
SET
SET
                                             QUERY PLAN                                             
----------------------------------------------------------------------------------------------------
 Index Scan using idx on public.t (actual rows=4096.00 loops=1)
   Output: a, b
   Index Cond: ((t.a >= '-7213'::integer) AND (t.a <= '-3118'::integer))
   Index Searches: 1
   Buffers: shared hit=4059
 Settings: enable_bitmapscan = 'off', enable_seqscan = 'off', max_parallel_workers_per_gather = '0'
 Planning:
   Buffers: shared hit=117
 Planning Time: 0.207 ms
 Execution Time: 0.827 ms
(10 rows)

