SET
SET
SET
SET
SET
                                             QUERY PLAN                                             
----------------------------------------------------------------------------------------------------
 Index Scan using idx on public.t (actual rows=64.00 loops=1)
   Output: a, b
   Index Cond: ((t.a >= '-27113'::integer) AND (t.a <= '-27050'::integer))
   Index Searches: 1
   Prefetch: distance=11.107 count=28 stalls=2 skipped=0 resets=0 ungets=0 forwarded=0
             histogram [2,4) => 6, [4,8) => 4, [8,16) => 10, [16,32) => 7, [32,64) => 1
   Buffers: shared hit=28 read=42
 Settings: enable_bitmapscan = 'off', enable_seqscan = 'off', max_parallel_workers_per_gather = '0'
 Planning:
   Buffers: shared hit=86 read=26
 Planning Time: 1.494 ms
 Execution Time: 1.962 ms
(12 rows)

SET
SET
SET
SET
SET
                                             QUERY PLAN                                             
----------------------------------------------------------------------------------------------------
 Index Scan using idx on public.t (actual rows=64.00 loops=1)
   Output: a, b
   Index Cond: ((t.a >= '-27113'::integer) AND (t.a <= '-27050'::integer))
   Index Searches: 1
   Buffers: shared hit=70
 Settings: enable_bitmapscan = 'off', enable_seqscan = 'off', max_parallel_workers_per_gather = '0'
 Planning:
   Buffers: shared hit=117
 Planning Time: 0.136 ms
 Execution Time: 0.051 ms
(10 rows)

