SET
SET
SET
SET
SET
                                                                 QUERY PLAN                                                                 
--------------------------------------------------------------------------------------------------------------------------------------------
 Index Scan using idx on public.t (actual rows=256.00 loops=1)
   Output: a, b
   Index Cond: ((t.a >= '-28736'::integer) AND (t.a <= '-28481'::integer))
   Index Searches: 1
   Prefetch: distance=135.466 count=193 stalls=7 skipped=1 resets=0 ungets=12 forwarded=0
             histogram [2,4) => 6, [4,8) => 15, [8,16) => 18, [16,32) => 19, [32,64) => 24, [64,128) => 31, [128,256) => 2, [256,512) => 78
   Buffers: shared hit=182 read=79
 Settings: enable_bitmapscan = 'off', enable_seqscan = 'off', max_parallel_workers_per_gather = '0'
 Planning:
   Buffers: shared hit=86 read=26
 Planning Time: 1.302 ms
 Execution Time: 2.014 ms
(12 rows)

SET
SET
SET
SET
SET
                                             QUERY PLAN                                             
----------------------------------------------------------------------------------------------------
 Index Scan using idx on public.t (actual rows=256.00 loops=1)
   Output: a, b
   Index Cond: ((t.a >= '-28736'::integer) AND (t.a <= '-28481'::integer))
   Index Searches: 1
   Buffers: shared hit=261
 Settings: enable_bitmapscan = 'off', enable_seqscan = 'off', max_parallel_workers_per_gather = '0'
 Planning:
   Buffers: shared hit=117
 Planning Time: 0.156 ms
 Execution Time: 0.088 ms
(10 rows)

