SET
SET
SET
SET
SET
                                                                QUERY PLAN                                                                 
-------------------------------------------------------------------------------------------------------------------------------------------
 Index Scan using idx on public.t (actual rows=1024.00 loops=1)
   Output: a, b
   Index Cond: ((t.a >= '-19302'::integer) AND (t.a <= '-18279'::integer))
   Index Searches: 1
   Prefetch: distance=250.249 count=1057 stalls=1 skipped=16 resets=0 ungets=71 forwarded=3
             histogram [2,4) => 2, [4,8) => 5, [8,16) => 6, [16,32) => 11, [32,64) => 6, [64,128) => 2, [128,256) => 319, [256,512) => 706
   Buffers: shared hit=914 read=103
 Settings: enable_bitmapscan = 'off', enable_seqscan = 'off', max_parallel_workers_per_gather = '0'
 Planning:
   Buffers: shared hit=86 read=26
 Planning Time: 1.946 ms
 Execution Time: 3.722 ms
(12 rows)

SET
SET
SET
SET
SET
                                             QUERY PLAN                                             
----------------------------------------------------------------------------------------------------
 Index Scan using idx on public.t (actual rows=1024.00 loops=1)
   Output: a, b
   Index Cond: ((t.a >= '-19302'::integer) AND (t.a <= '-18279'::integer))
   Index Searches: 1
   Buffers: shared hit=1017
 Settings: enable_bitmapscan = 'off', enable_seqscan = 'off', max_parallel_workers_per_gather = '0'
 Planning:
   Buffers: shared hit=117
 Planning Time: 0.199 ms
 Execution Time: 0.364 ms
(10 rows)

