SET
SET
SET
SET
SET
                                                                       QUERY PLAN                                                                        
---------------------------------------------------------------------------------------------------------------------------------------------------------
 Index Scan using idx on public.t (actual rows=524288.00 loops=1)
   Output: a, b
   Index Cond: ((t.a >= '-533064'::integer) AND (t.a <= '-8777'::integer))
   Index Searches: 1
   Prefetch: distance=238.648 count=317462 stalls=200263 skipped=6666 resets=0 ungets=110 forwarded=21
             histogram [2,4) => 6556, [4,8) => 59, [8,16) => 15, [16,32) => 58, [32,64) => 94, [64,128) => 992, [128,256) => 184140, [256,512) => 125548
   Buffers: shared hit=509350 read=9711
 Settings: enable_bitmapscan = 'off', enable_seqscan = 'off', max_parallel_workers_per_gather = '0'
 Planning:
   Buffers: shared hit=82 read=26
 Planning Time: 1.975 ms
 Execution Time: 118.014 ms
(12 rows)

SET
SET
SET
SET
SET
                                             QUERY PLAN                                             
----------------------------------------------------------------------------------------------------
 Index Scan using idx on public.t (actual rows=524288.00 loops=1)
   Output: a, b
   Index Cond: ((t.a >= '-533064'::integer) AND (t.a <= '-8777'::integer))
   Index Searches: 1
   Buffers: shared hit=519061
 Settings: enable_bitmapscan = 'off', enable_seqscan = 'off', max_parallel_workers_per_gather = '0'
 Planning:
   Buffers: shared hit=113
 Planning Time: 0.200 ms
 Execution Time: 78.790 ms
(10 rows)

