SET
SET
SET
SET
SET
                                                                         QUERY PLAN                                                                         
------------------------------------------------------------------------------------------------------------------------------------------------------------
 Index Scan using idx on public.t (actual rows=3048576.00 loops=1)
   Output: a, b
   Index Cond: ((t.a >= '-3078161'::integer) AND (t.a <= '-29586'::integer))
   Index Searches: 1
   Prefetch: distance=188.173 count=376924 stalls=2632370 skipped=39271 resets=0 ungets=49 forwarded=22
             histogram [2,4) => 86060, [4,8) => 658, [8,16) => 21, [16,32) => 61, [32,64) => 119, [64,128) => 769, [128,256) => 171905, [256,512) => 117331
   Buffers: shared hit=2961597 read=56043
 Settings: enable_bitmapscan = 'off', enable_seqscan = 'off', max_parallel_workers_per_gather = '0'
 Planning:
   Buffers: shared hit=82 read=26
 Planning Time: 1.962 ms
 Execution Time: 485.665 ms
(12 rows)

SET
SET
SET
SET
SET
                                             QUERY PLAN                                             
----------------------------------------------------------------------------------------------------
 Index Scan using idx on public.t (actual rows=3048576.00 loops=1)
   Output: a, b
   Index Cond: ((t.a >= '-3078161'::integer) AND (t.a <= '-29586'::integer))
   Index Searches: 1
   Buffers: shared hit=3017640
 Settings: enable_bitmapscan = 'off', enable_seqscan = 'off', max_parallel_workers_per_gather = '0'
 Planning:
   Buffers: shared hit=113
 Planning Time: 0.192 ms
 Execution Time: 465.816 ms
(10 rows)

