SET
SET
SET
SET
SET
                                                                    QUERY PLAN                                                                     
---------------------------------------------------------------------------------------------------------------------------------------------------
 Index Scan using idx on public.t (actual rows=32768.00 loops=1)
   Output: a, b
   Index Cond: ((t.a >= '-53965'::integer) AND (t.a <= '-21198'::integer))
   Index Searches: 1
   Prefetch: distance=228.746 count=11720 stalls=20650 skipped=426 resets=0 ungets=58 forwarded=2
             histogram [2,4) => 682, [4,8) => 22, [8,16) => 20, [16,32) => 48, [32,64) => 55, [64,128) => 69, [128,256) => 6035, [256,512) => 4789
   Buffers: shared hit=31756 read=681
 Settings: enable_bitmapscan = 'off', enable_seqscan = 'off', max_parallel_workers_per_gather = '0'
 Planning:
   Buffers: shared hit=86 read=26
 Planning Time: 2.061 ms
 Execution Time: 10.766 ms
(12 rows)

SET
SET
SET
SET
SET
                                             QUERY PLAN                                             
----------------------------------------------------------------------------------------------------
 Index Scan using idx on public.t (actual rows=32768.00 loops=1)
   Output: a, b
   Index Cond: ((t.a >= '-53965'::integer) AND (t.a <= '-21198'::integer))
   Index Searches: 1
   Buffers: shared hit=32437
 Settings: enable_bitmapscan = 'off', enable_seqscan = 'off', max_parallel_workers_per_gather = '0'
 Planning:
   Buffers: shared hit=117
 Planning Time: 0.199 ms
 Execution Time: 4.799 ms
(10 rows)

