SET
SET
SET
SET
SET
                                                                QUERY PLAN                                                                
------------------------------------------------------------------------------------------------------------------------------------------
 Index Scan using idx on public.t (actual rows=512.00 loops=1)
   Output: a, b
   Index Cond: ((t.a >= '-7810'::integer) AND (t.a <= '-7299'::integer))
   Index Searches: 1
   Prefetch: distance=250.136 count=557 stalls=1 skipped=10 resets=0 ungets=77 forwarded=0
             histogram [2,4) => 2, [4,8) => 7, [8,16) => 5, [16,32) => 18, [32,64) => 2, [64,128) => 2, [128,256) => 56, [256,512) => 465
   Buffers: shared hit=416 read=93
 Settings: enable_bitmapscan = 'off', enable_seqscan = 'off', max_parallel_workers_per_gather = '0'
 Planning:
   Buffers: shared hit=86 read=26
 Planning Time: 1.958 ms
 Execution Time: 2.948 ms
(12 rows)

SET
SET
SET
SET
SET
                                             QUERY PLAN                                             
----------------------------------------------------------------------------------------------------
 Index Scan using idx on public.t (actual rows=512.00 loops=1)
   Output: a, b
   Index Cond: ((t.a >= '-7810'::integer) AND (t.a <= '-7299'::integer))
   Index Searches: 1
   Buffers: shared hit=509
 Settings: enable_bitmapscan = 'off', enable_seqscan = 'off', max_parallel_workers_per_gather = '0'
 Planning:
   Buffers: shared hit=117
 Planning Time: 0.160 ms
 Execution Time: 0.123 ms
(10 rows)

