SET
SET
SET
SET
SET
                                                                          QUERY PLAN                                                                          
--------------------------------------------------------------------------------------------------------------------------------------------------------------
 Index Scan using idx on public.t (actual rows=4048576.00 loops=1)
   Output: a, b
   Index Cond: ((t.a >= '-4054405'::integer) AND (t.a <= '-5830'::integer))
   Index Searches: 1
   Prefetch: distance=177.788 count=431157 stalls=3565163 skipped=52308 resets=0 ungets=78 forwarded=24
             histogram [2,4) => 116560, [4,8) => 894, [8,16) => 14, [16,32) => 61, [32,64) => 115, [64,128) => 1148, [128,256) => 185599, [256,512) => 126766
   Buffers: shared hit=3932933 read=74403
 Settings: enable_bitmapscan = 'off', enable_seqscan = 'off', max_parallel_workers_per_gather = '0'
 Planning:
   Buffers: shared hit=82 read=26
 Planning Time: 1.952 ms
 Execution Time: 628.579 ms
(12 rows)

SET
SET
SET
SET
SET
                                             QUERY PLAN                                             
----------------------------------------------------------------------------------------------------
 Index Scan using idx on public.t (actual rows=4048576.00 loops=1)
   Output: a, b
   Index Cond: ((t.a >= '-4054405'::integer) AND (t.a <= '-5830'::integer))
   Index Searches: 1
   Buffers: shared hit=4007336
 Settings: enable_bitmapscan = 'off', enable_seqscan = 'off', max_parallel_workers_per_gather = '0'
 Planning:
   Buffers: shared hit=113
 Planning Time: 0.210 ms
 Execution Time: 617.090 ms
(10 rows)

