SET
SET
SET
SET
SET
                                                                          QUERY PLAN                                                                           
---------------------------------------------------------------------------------------------------------------------------------------------------------------
 Index Scan using idx on public.t (actual rows=5048576.00 loops=1)
   Output: a, b
   Index Cond: ((t.a >= '-5063168'::integer) AND (t.a <= '-14593'::integer))
   Index Searches: 1
   Prefetch: distance=164.276 count=454218 stalls=4529239 skipped=65131 resets=0 ungets=59 forwarded=24
             histogram [2,4) => 148079, [4,8) => 1113, [8,16) => 17, [16,32) => 64, [32,64) => 100, [64,128) => 1014, [128,256) => 180535, [256,512) => 123296
   Buffers: shared hit=4904489 read=92756
 Settings: enable_bitmapscan = 'off', enable_seqscan = 'off', max_parallel_workers_per_gather = '0'
 Planning:
   Buffers: shared hit=82 read=26
 Planning Time: 2.109 ms
 Execution Time: 781.312 ms
(12 rows)

SET
SET
SET
SET
SET
                                             QUERY PLAN                                             
----------------------------------------------------------------------------------------------------
 Index Scan using idx on public.t (actual rows=5048576.00 loops=1)
   Output: a, b
   Index Cond: ((t.a >= '-5063168'::integer) AND (t.a <= '-14593'::integer))
   Index Searches: 1
   Buffers: shared hit=4997245
 Settings: enable_bitmapscan = 'off', enable_seqscan = 'off', max_parallel_workers_per_gather = '0'
 Planning:
   Buffers: shared hit=113
 Planning Time: 0.219 ms
 Execution Time: 769.181 ms
(10 rows)

