SET
SET
SET
SET
SET
                                                               QUERY PLAN                                                                
-----------------------------------------------------------------------------------------------------------------------------------------
 Index Scan using idx on public.t (actual rows=128.00 loops=1)
   Output: a, b
   Index Cond: ((t.a >= '-23507'::integer) AND (t.a <= '-23380'::integer))
   Index Searches: 1
   Prefetch: distance=144.874 count=95 stalls=1 skipped=1 resets=0 ungets=13 forwarded=0
             histogram [2,4) => 2, [4,8) => 9, [8,16) => 9, [16,32) => 12, [32,64) => 14, [64,128) => 3, [128,256) => 2, [256,512) => 44
   Buffers: shared hit=62 read=72
 Settings: enable_bitmapscan = 'off', enable_seqscan = 'off', max_parallel_workers_per_gather = '0'
 Planning:
   Buffers: shared hit=86 read=26
 Planning Time: 1.329 ms
 Execution Time: 3.110 ms
(12 rows)

SET
SET
SET
SET
SET
                                             QUERY PLAN                                             
----------------------------------------------------------------------------------------------------
 Index Scan using idx on public.t (actual rows=128.00 loops=1)
   Output: a, b
   Index Cond: ((t.a >= '-23507'::integer) AND (t.a <= '-23380'::integer))
   Index Searches: 1
   Buffers: shared hit=134
 Settings: enable_bitmapscan = 'off', enable_seqscan = 'off', max_parallel_workers_per_gather = '0'
 Planning:
   Buffers: shared hit=117
 Planning Time: 0.133 ms
 Execution Time: 0.065 ms
(10 rows)

