SET
SET
SET
SET
SET
                                             QUERY PLAN                                             
----------------------------------------------------------------------------------------------------
 Index Scan using idx on public.t (actual rows=256.00 loops=1)
   Output: a, b
   Index Cond: ((t.a >= '-5996'::integer) AND (t.a <= '-5741'::integer))
   Index Searches: 1
   Prefetch: distance=2.077 count=39 stalls=101 skipped=1 resets=0 ungets=0 forwarded=0
             histogram [2,4) => 38, [4,8) => 1
   Buffers: shared hit=177 read=83
 Settings: enable_bitmapscan = 'off', enable_seqscan = 'off', max_parallel_workers_per_gather = '0'
 Planning:
   Buffers: shared hit=86 read=26
 Planning Time: 1.343 ms
 Execution Time: 4.324 ms
(12 rows)

SET
SET
SET
SET
SET
                                             QUERY PLAN                                             
----------------------------------------------------------------------------------------------------
 Index Scan using idx on public.t (actual rows=256.00 loops=1)
   Output: a, b
   Index Cond: ((t.a >= '-5996'::integer) AND (t.a <= '-5741'::integer))
   Index Searches: 1
   Buffers: shared hit=260
 Settings: enable_bitmapscan = 'off', enable_seqscan = 'off', max_parallel_workers_per_gather = '0'
 Planning:
   Buffers: shared hit=117
 Planning Time: 0.136 ms
 Execution Time: 0.080 ms
(10 rows)

