SET
SET
SET
SET
SET
                                                                 QUERY PLAN                                                                  
---------------------------------------------------------------------------------------------------------------------------------------------
 Index Scan using idx on public.t (actual rows=256.00 loops=1)
   Output: a, b
   Index Cond: ((t.a >= 12490) AND (t.a <= 12553))
   Index Searches: 1
   Prefetch: distance=133.342 count=196 stalls=4 skipped=2 resets=0 ungets=17 forwarded=0
             histogram [2,4) => 10, [4,8) => 15, [8,16) => 12, [16,32) => 24, [32,64) => 31, [64,128) => 20, [128,256) => 6, [256,512) => 78
   Buffers: shared hit=169 read=91
 Settings: enable_bitmapscan = 'off', enable_seqscan = 'off', max_parallel_workers_per_gather = '0'
 Planning:
   Buffers: shared hit=86 read=26
 Planning Time: 1.177 ms
 Execution Time: 4.867 ms
(12 rows)

SET
SET
SET
SET
SET
                                             QUERY PLAN                                             
----------------------------------------------------------------------------------------------------
 Index Scan using idx on public.t (actual rows=256.00 loops=1)
   Output: a, b
   Index Cond: ((t.a >= 12490) AND (t.a <= 12553))
   Index Searches: 1
   Buffers: shared hit=260
 Settings: enable_bitmapscan = 'off', enable_seqscan = 'off', max_parallel_workers_per_gather = '0'
 Planning:
   Buffers: shared hit=117
 Planning Time: 0.184 ms
 Execution Time: 0.164 ms
(10 rows)

