SET
SET
SET
SET
SET
                                             QUERY PLAN                                             
----------------------------------------------------------------------------------------------------
 Index Scan using idx on public.t (actual rows=4096.00 loops=1)
   Output: a, b
   Index Cond: ((t.a >= 24744) AND (t.a <= 25767))
   Index Searches: 1
   Prefetch: distance=2.123 count=413 stalls=3468 skipped=60 resets=0 ungets=0 forwarded=0
             histogram [2,4) => 396, [4,8) => 17
   Buffers: shared hit=3755 read=288
 Settings: enable_bitmapscan = 'off', enable_seqscan = 'off', max_parallel_workers_per_gather = '0'
 Planning:
   Buffers: shared hit=82 read=26
 Planning Time: 1.816 ms
 Execution Time: 20.267 ms
(12 rows)

SET
SET
SET
SET
SET
                                             QUERY PLAN                                             
----------------------------------------------------------------------------------------------------
 Index Scan using idx on public.t (actual rows=4096.00 loops=1)
   Output: a, b
   Index Cond: ((t.a >= 24744) AND (t.a <= 25767))
   Index Searches: 1
   Buffers: shared hit=4043
 Settings: enable_bitmapscan = 'off', enable_seqscan = 'off', max_parallel_workers_per_gather = '0'
 Planning:
   Buffers: shared hit=113
 Planning Time: 0.204 ms
 Execution Time: 0.829 ms
(10 rows)

