SET
SET
SET
SET
SET
                                             QUERY PLAN                                             
----------------------------------------------------------------------------------------------------
 Index Scan using idx on public.t (actual rows=8192.00 loops=1)
   Output: a, b
   Index Cond: ((t.a >= 19609) AND (t.a <= 21656))
   Index Searches: 1
   Prefetch: distance=2.111 count=764 stalls=6888 skipped=129 resets=0 ungets=0 forwarded=1
             histogram [2,4) => 736, [4,8) => 28
   Buffers: shared hit=7585 read=490
 Settings: enable_bitmapscan = 'off', enable_seqscan = 'off', max_parallel_workers_per_gather = '0'
 Planning:
   Buffers: shared hit=86 read=26
 Planning Time: 2.032 ms
 Execution Time: 29.770 ms
(12 rows)

SET
SET
SET
SET
SET
                                             QUERY PLAN                                             
----------------------------------------------------------------------------------------------------
 Index Scan using idx on public.t (actual rows=8192.00 loops=1)
   Output: a, b
   Index Cond: ((t.a >= 19609) AND (t.a <= 21656))
   Index Searches: 1
   Buffers: shared hit=8075
 Settings: enable_bitmapscan = 'off', enable_seqscan = 'off', max_parallel_workers_per_gather = '0'
 Planning:
   Buffers: shared hit=117
 Planning Time: 0.133 ms
 Execution Time: 0.870 ms
(10 rows)

