SET
SET
SET
SET
SET
                                                                         QUERY PLAN                                                                          
-------------------------------------------------------------------------------------------------------------------------------------------------------------
 Index Scan using idx on public.t (actual rows=1048576.00 loops=1)
   Output: a, b
   Index Cond: ((t.a >= '-1064618'::integer) AND (t.a <= '-16043'::integer))
   Index Searches: 1
   Prefetch: distance=226.215 count=326918 stalls=708238 skipped=13411 resets=0 ungets=52 forwarded=23
             histogram [2,4) => 23162, [4,8) => 181, [8,16) => 18, [16,32) => 65, [32,64) => 120, [64,128) => 1163, [128,256) => 179719, [256,512) => 122490
   Buffers: shared hit=1018700 read=19333
 Settings: enable_bitmapscan = 'off', enable_seqscan = 'off', max_parallel_workers_per_gather = '0'
 Planning:
   Buffers: shared hit=82 read=26
 Planning Time: 1.946 ms
 Execution Time: 189.327 ms
(12 rows)

SET
SET
SET
SET
SET
                                             QUERY PLAN                                             
----------------------------------------------------------------------------------------------------
 Index Scan using idx on public.t (actual rows=1048576.00 loops=1)
   Output: a, b
   Index Cond: ((t.a >= '-1064618'::integer) AND (t.a <= '-16043'::integer))
   Index Searches: 1
   Buffers: shared hit=1038033
 Settings: enable_bitmapscan = 'off', enable_seqscan = 'off', max_parallel_workers_per_gather = '0'
 Planning:
   Buffers: shared hit=113
 Planning Time: 0.205 ms
 Execution Time: 160.128 ms
(10 rows)

