SET
SET
SET
SET
SET
                                                                       QUERY PLAN                                                                        
---------------------------------------------------------------------------------------------------------------------------------------------------------
 Index Scan using idx on public.t (actual rows=7048576.00 loops=1)
   Output: a, b
   Index Cond: ((t.a >= '-7071247'::integer) AND (t.a <= '-22672'::integer))
   Index Searches: 1
   Prefetch: distance=11.866 count=231173 stalls=6726404 skipped=91046 resets=0 ungets=67 forwarded=7
             histogram [2,4) => 219909, [4,8) => 1680, [8,16) => 24, [16,32) => 50, [32,64) => 46, [64,128) => 167, [128,256) => 5211, [256,512) => 4086
   Buffers: shared hit=6847317 read=129478
 Settings: enable_bitmapscan = 'off', enable_seqscan = 'off', max_parallel_workers_per_gather = '0'
 Planning:
   Buffers: shared hit=82 read=26
 Planning Time: 1.980 ms
 Execution Time: 1018.944 ms
(12 rows)

SET
SET
SET
SET
SET
                                             QUERY PLAN                                             
----------------------------------------------------------------------------------------------------
 Index Scan using idx on public.t (actual rows=7048576.00 loops=1)
   Output: a, b
   Index Cond: ((t.a >= '-7071247'::integer) AND (t.a <= '-22672'::integer))
   Index Searches: 1
   Buffers: shared hit=6976795
 Settings: enable_bitmapscan = 'off', enable_seqscan = 'off', max_parallel_workers_per_gather = '0'
 Planning:
   Buffers: shared hit=113
 Planning Time: 0.227 ms
 Execution Time: 1053.407 ms
(10 rows)

