SET
SET
SET
SET
SET
                                             QUERY PLAN                                             
----------------------------------------------------------------------------------------------------
 Index Scan using idx on public.t (actual rows=2048.00 loops=1)
   Output: a, b
   Index Cond: ((t.a >= '-12498'::integer) AND (t.a <= '-10451'::integer))
   Index Searches: 1
   Prefetch: distance=2.034 count=87 stalls=1769 skipped=29 resets=0 ungets=0 forwarded=0
             histogram [2,4) => 86, [4,8) => 1
   Buffers: shared hit=1907 read=122
 Settings: enable_bitmapscan = 'off', enable_seqscan = 'off', max_parallel_workers_per_gather = '0'
 Planning:
   Buffers: shared hit=86 read=26
 Planning Time: 1.962 ms
 Execution Time: 4.978 ms
(12 rows)

SET
SET
SET
SET
SET
                                             QUERY PLAN                                             
----------------------------------------------------------------------------------------------------
 Index Scan using idx on public.t (actual rows=2048.00 loops=1)
   Output: a, b
   Index Cond: ((t.a >= '-12498'::integer) AND (t.a <= '-10451'::integer))
   Index Searches: 1
   Buffers: shared hit=2029
 Settings: enable_bitmapscan = 'off', enable_seqscan = 'off', max_parallel_workers_per_gather = '0'
 Planning:
   Buffers: shared hit=117
 Planning Time: 0.175 ms
 Execution Time: 0.422 ms
(10 rows)

