SET
SET
SET
SET
SET
                                                                    QUERY PLAN                                                                     
---------------------------------------------------------------------------------------------------------------------------------------------------
 Index Scan using idx on public.t (actual rows=131072.00 loops=1)
   Output: a, b
   Index Cond: ((t.a >= '-134718'::integer) AND (t.a <= '-3647'::integer))
   Index Searches: 1
   Prefetch: distance=242.726 count=129473 stalls=1 skipped=1659 resets=0 ungets=74 forwarded=10
             histogram [2,4) => 2, [4,8) => 6, [8,16) => 11, [16,32) => 13, [32,64) => 14, [64,128) => 641, [128,256) => 77425, [256,512) => 51361
   Buffers: shared hit=127291 read=2487
 Settings: enable_bitmapscan = 'off', enable_seqscan = 'off', max_parallel_workers_per_gather = '0'
 Planning:
   Buffers: shared hit=86 read=26
 Planning Time: 1.945 ms
 Execution Time: 37.784 ms
(12 rows)

SET
SET
SET
SET
SET
                                             QUERY PLAN                                             
----------------------------------------------------------------------------------------------------
 Index Scan using idx on public.t (actual rows=131072.00 loops=1)
   Output: a, b
   Index Cond: ((t.a >= '-134718'::integer) AND (t.a <= '-3647'::integer))
   Index Searches: 1
   Buffers: shared hit=129778
 Settings: enable_bitmapscan = 'off', enable_seqscan = 'off', max_parallel_workers_per_gather = '0'
 Planning:
   Buffers: shared hit=117
 Planning Time: 0.206 ms
 Execution Time: 16.904 ms
(10 rows)

