SET
SET
SET
SET
SET
                                                                       QUERY PLAN                                                                        
---------------------------------------------------------------------------------------------------------------------------------------------------------
 Index Scan using idx on public.t (actual rows=9048576.00 loops=1)
   Output: a, b
   Index Cond: ((t.a >= '-9067568'::integer) AND (t.a <= '-18993'::integer))
   Index Searches: 1
   Prefetch: distance=12.592 count=297594 stalls=8634322 skipped=116685 resets=0 ungets=64 forwarded=9
             histogram [2,4) => 282269, [4,8) => 2135, [8,16) => 20, [16,32) => 56, [32,64) => 35, [64,128) => 168, [128,256) => 7454, [256,512) => 5457
   Buffers: shared hit=8790429 read=166190
 Settings: enable_bitmapscan = 'off', enable_seqscan = 'off', max_parallel_workers_per_gather = '0'
 Planning:
   Buffers: shared hit=82 read=26
 Planning Time: 1.976 ms
 Execution Time: 1322.331 ms
(12 rows)

SET
SET
SET
SET
SET
                                             QUERY PLAN                                             
----------------------------------------------------------------------------------------------------
 Index Scan using idx on public.t (actual rows=9048576.00 loops=1)
   Output: a, b
   Index Cond: ((t.a >= '-9067568'::integer) AND (t.a <= '-18993'::integer))
   Index Searches: 1
   Buffers: shared hit=8956619
 Settings: enable_bitmapscan = 'off', enable_seqscan = 'off', max_parallel_workers_per_gather = '0'
 Planning:
   Buffers: shared hit=113
 Planning Time: 0.190 ms
 Execution Time: 1345.311 ms
(10 rows)

