SET
SET
SET
SET
SET
                                             QUERY PLAN                                             
----------------------------------------------------------------------------------------------------
 Index Scan using idx on public.t (actual rows=1.00 loops=1)
   Output: a, b
   Index Cond: ((t.a >= 31664) AND (t.a <= 31664))
   Index Searches: 1
   Buffers: shared hit=5 read=2
 Settings: enable_bitmapscan = 'off', enable_seqscan = 'off', max_parallel_workers_per_gather = '0'
 Planning:
   Buffers: shared hit=82 read=27
 Planning Time: 2.032 ms
 Execution Time: 0.311 ms
(10 rows)

SET
SET
SET
SET
SET
                                             QUERY PLAN                                             
----------------------------------------------------------------------------------------------------
 Index Scan using idx on public.t (actual rows=1.00 loops=1)
   Output: a, b
   Index Cond: ((t.a >= 31664) AND (t.a <= 31664))
   Index Searches: 1
   Buffers: shared hit=7
 Settings: enable_bitmapscan = 'off', enable_seqscan = 'off', max_parallel_workers_per_gather = '0'
 Planning:
   Buffers: shared hit=114
 Planning Time: 0.193 ms
 Execution Time: 0.038 ms
(10 rows)

