SET
SET
SET
SET
SET
                                             QUERY PLAN                                             
----------------------------------------------------------------------------------------------------
 Index Scan using idx on public.t (actual rows=1024.00 loops=1)
   Output: a, b
   Index Cond: ((t.a >= 20585) AND (t.a <= 21608))
   Index Searches: 1
   Prefetch: distance=2.130 count=92 stalls=650 skipped=5 resets=0 ungets=0 forwarded=0
             histogram [2,4) => 88, [4,8) => 4
   Buffers: shared hit=879 read=145
 Settings: enable_bitmapscan = 'off', enable_seqscan = 'off', max_parallel_workers_per_gather = '0'
 Planning:
   Buffers: shared hit=82 read=27
 Planning Time: 1.979 ms
 Execution Time: 6.134 ms
(12 rows)

SET
SET
SET
SET
SET
                                             QUERY PLAN                                             
----------------------------------------------------------------------------------------------------
 Index Scan using idx on public.t (actual rows=1024.00 loops=1)
   Output: a, b
   Index Cond: ((t.a >= 20585) AND (t.a <= 21608))
   Index Searches: 1
   Buffers: shared hit=1024
 Settings: enable_bitmapscan = 'off', enable_seqscan = 'off', max_parallel_workers_per_gather = '0'
 Planning:
   Buffers: shared hit=114
 Planning Time: 0.194 ms
 Execution Time: 0.335 ms
(10 rows)

