SET
SET
SET
SET
SET
                                                                 QUERY PLAN                                                                 
--------------------------------------------------------------------------------------------------------------------------------------------
 Index Scan using idx on public.t (actual rows=2048.00 loops=1)
   Output: a, b
   Index Cond: ((t.a >= 28889) AND (t.a <= 30936))
   Index Searches: 1
   Prefetch: distance=256.920 count=2096 stalls=1 skipped=19 resets=0 ungets=93 forwarded=1
             histogram [2,4) => 6, [4,8) => 6, [8,16) => 6, [16,32) => 16, [32,64) => 4, [64,128) => 2, [128,256) => 480, [256,512) => 1576
   Buffers: shared hit=1846 read=195
 Settings: enable_bitmapscan = 'off', enable_seqscan = 'off', max_parallel_workers_per_gather = '0'
 Planning:
   Buffers: shared hit=82 read=27
 Planning Time: 1.990 ms
 Execution Time: 3.949 ms
(12 rows)

SET
SET
SET
SET
SET
                                             QUERY PLAN                                             
----------------------------------------------------------------------------------------------------
 Index Scan using idx on public.t (actual rows=2048.00 loops=1)
   Output: a, b
   Index Cond: ((t.a >= 28889) AND (t.a <= 30936))
   Index Searches: 1
   Buffers: shared hit=2041
 Settings: enable_bitmapscan = 'off', enable_seqscan = 'off', max_parallel_workers_per_gather = '0'
 Planning:
   Buffers: shared hit=114
 Planning Time: 0.161 ms
 Execution Time: 0.296 ms
(10 rows)

