SET
SET
SET
SET
SET
                                                                     QUERY PLAN                                                                      
-----------------------------------------------------------------------------------------------------------------------------------------------------
 Index Scan using idx on public.t (actual rows=262144.00 loops=1)
   Output: a, b
   Index Cond: ((t.a >= 15630) AND (t.a <= 277773))
   Index Searches: 1
   Prefetch: distance=260.230 count=262774 stalls=19 skipped=2360 resets=0 ungets=3117 forwarded=61
             histogram [2,4) => 46, [4,8) => 13, [8,16) => 14, [16,32) => 26, [32,64) => 35, [64,128) => 72, [128,256) => 66183, [256,512) => 196385
   Buffers: shared hit=247211 read=13289
 Settings: enable_bitmapscan = 'off', enable_seqscan = 'off', max_parallel_workers_per_gather = '0'
 Planning:
   Buffers: shared hit=78 read=27
 Planning Time: 2.025 ms
 Execution Time: 103.073 ms
(12 rows)

SET
SET
SET
SET
SET
                                             QUERY PLAN                                             
----------------------------------------------------------------------------------------------------
 Index Scan using idx on public.t (actual rows=262144.00 loops=1)
   Output: a, b
   Index Cond: ((t.a >= 15630) AND (t.a <= 277773))
   Index Searches: 1
   Buffers: shared hit=260500
 Settings: enable_bitmapscan = 'off', enable_seqscan = 'off', max_parallel_workers_per_gather = '0'
 Planning:
   Buffers: shared hit=110
 Planning Time: 0.305 ms
 Execution Time: 37.953 ms
(10 rows)

