SET
SET
SET
SET
SET
                                                                     QUERY PLAN                                                                     
----------------------------------------------------------------------------------------------------------------------------------------------------
 Index Scan using idx on public.t (actual rows=1048576.00 loops=1)
   Output: a, b
   Index Cond: ((t.a >= 21472) AND (t.a <= 1070047))
   Index Searches: 1
   Prefetch: distance=260.311 count=1048830 stalls=6 skipped=9755 resets=0 ungets=10137 forwarded=208
             histogram [2,4) => 4, [4,8) => 9, [8,16) => 17, [16,32) => 23, [32,64) => 32, [64,128) => 42, [128,256) => 267690, [256,512) => 781013
   Buffers: shared hit=988796 read=52890
 Settings: enable_bitmapscan = 'off', enable_seqscan = 'off', max_parallel_workers_per_gather = '0'
 Planning:
   Buffers: shared hit=78 read=27
 Planning Time: 2.039 ms
 Execution Time: 336.469 ms
(12 rows)

SET
SET
SET
SET
SET
                                             QUERY PLAN                                             
----------------------------------------------------------------------------------------------------
 Index Scan using idx on public.t (actual rows=1048576.00 loops=1)
   Output: a, b
   Index Cond: ((t.a >= 21472) AND (t.a <= 1070047))
   Index Searches: 1
   Buffers: shared hit=1041690
 Settings: enable_bitmapscan = 'off', enable_seqscan = 'off', max_parallel_workers_per_gather = '0'
 Planning:
   Buffers: shared hit=110
 Planning Time: 0.191 ms
 Execution Time: 168.710 ms
(10 rows)

