SET
SET
SET
SET
SET
                                                                     QUERY PLAN                                                                     
----------------------------------------------------------------------------------------------------------------------------------------------------
 Index Scan using idx on public.t (actual rows=8048576.00 loops=1)
   Output: a, b
   Index Cond: ((t.a >= 11318) AND (t.a <= 8059893))
   Index Searches: 1
   Prefetch: distance=260.359 count=8049262 stalls=1 skipped=75202 resets=0 ungets=75917 forwarded=1596
             histogram [2,4) => 12, [4,8) => 5, [8,16) => 9, [16,32) => 14, [32,64) => 3, [64,128) => 2, [128,256) => 2048303, [256,512) => 6000914
   Buffers: shared hit=7589992 read=405349
 Settings: enable_bitmapscan = 'off', enable_seqscan = 'off', max_parallel_workers_per_gather = '0'
 Planning:
   Buffers: shared hit=78 read=27
 Planning Time: 2.024 ms
 Execution Time: 2475.205 ms
(12 rows)

SET
SET
SET
SET
SET
                                             QUERY PLAN                                             
----------------------------------------------------------------------------------------------------
 Index Scan using idx on public.t (actual rows=8048576.00 loops=1)
   Output: a, b
   Index Cond: ((t.a >= 11318) AND (t.a <= 8059893))
   Index Searches: 1
   Buffers: shared hit=7995371
 Settings: enable_bitmapscan = 'off', enable_seqscan = 'off', max_parallel_workers_per_gather = '0'
 Planning:
   Buffers: shared hit=110
 Planning Time: 0.228 ms
 Execution Time: 1281.578 ms
(10 rows)

