SET
SET
SET
SET
SET
                                             QUERY PLAN                                             
----------------------------------------------------------------------------------------------------
 Index Scan using idx on public.t (actual rows=4096.00 loops=1)
   Output: a, b
   Index Cond: ((t.a >= 22425) AND (t.a <= 26520))
   Index Searches: 1
   Prefetch: distance=2.129 count=403 stalls=3388 skipped=38 resets=0 ungets=0 forwarded=0
             histogram [2,4) => 386, [4,8) => 17
   Buffers: shared hit=3769 read=301
 Settings: enable_bitmapscan = 'off', enable_seqscan = 'off', max_parallel_workers_per_gather = '0'
 Planning:
   Buffers: shared hit=82 read=27
 Planning Time: 2.063 ms
 Execution Time: 6.947 ms
(12 rows)

SET
SET
SET
SET
SET
                                             QUERY PLAN                                             
----------------------------------------------------------------------------------------------------
 Index Scan using idx on public.t (actual rows=4096.00 loops=1)
   Output: a, b
   Index Cond: ((t.a >= 22425) AND (t.a <= 26520))
   Index Searches: 1
   Buffers: shared hit=4070
 Settings: enable_bitmapscan = 'off', enable_seqscan = 'off', max_parallel_workers_per_gather = '0'
 Planning:
   Buffers: shared hit=114
 Planning Time: 0.194 ms
 Execution Time: 0.858 ms
(10 rows)

