SET
SET
SET
SET
SET
                                                                    QUERY PLAN                                                                    
--------------------------------------------------------------------------------------------------------------------------------------------------
 Index Scan using idx on public.t (actual rows=8192.00 loops=1)
   Output: a, b
   Index Cond: ((t.a >= 27363) AND (t.a <= 35554))
   Index Searches: 1
   Prefetch: distance=254.578 count=8136 stalls=20 skipped=66 resets=0 ungets=117 forwarded=3
             histogram [2,4) => 50, [4,8) => 38, [8,16) => 14, [16,32) => 18, [32,64) => 33, [64,128) => 32, [128,256) => 2141, [256,512) => 5810
   Buffers: shared hit=7650 read=505
 Settings: enable_bitmapscan = 'off', enable_seqscan = 'off', max_parallel_workers_per_gather = '0'
 Planning:
   Buffers: shared hit=82 read=27
 Planning Time: 2.039 ms
 Execution Time: 9.279 ms
(12 rows)

SET
SET
SET
SET
SET
                                             QUERY PLAN                                             
----------------------------------------------------------------------------------------------------
 Index Scan using idx on public.t (actual rows=8192.00 loops=1)
   Output: a, b
   Index Cond: ((t.a >= 27363) AND (t.a <= 35554))
   Index Searches: 1
   Buffers: shared hit=8155
 Settings: enable_bitmapscan = 'off', enable_seqscan = 'off', max_parallel_workers_per_gather = '0'
 Planning:
   Buffers: shared hit=114
 Planning Time: 0.212 ms
 Execution Time: 1.527 ms
(10 rows)

