SET
SET
SET
SET
SET
                                                                    QUERY PLAN                                                                     
---------------------------------------------------------------------------------------------------------------------------------------------------
 Index Scan using idx on public.t (actual rows=65536.00 loops=1)
   Output: a, b
   Index Cond: ((t.a >= 16723) AND (t.a <= 82258))
   Index Searches: 1
   Prefetch: distance=260.093 count=65688 stalls=9 skipped=595 resets=0 ungets=869 forwarded=19
             histogram [2,4) => 20, [4,8) => 14, [8,16) => 19, [16,32) => 15, [32,64) => 34, [64,128) => 5, [128,256) => 16402, [256,512) => 49179
   Buffers: shared hit=61729 read=3394
 Settings: enable_bitmapscan = 'off', enable_seqscan = 'off', max_parallel_workers_per_gather = '0'
 Planning:
   Buffers: shared hit=82 read=27
 Planning Time: 2.044 ms
 Execution Time: 30.928 ms
(12 rows)

SET
SET
SET
SET
SET
                                             QUERY PLAN                                             
----------------------------------------------------------------------------------------------------
 Index Scan using idx on public.t (actual rows=65536.00 loops=1)
   Output: a, b
   Index Cond: ((t.a >= 16723) AND (t.a <= 82258))
   Index Searches: 1
   Buffers: shared hit=65124
 Settings: enable_bitmapscan = 'off', enable_seqscan = 'off', max_parallel_workers_per_gather = '0'
 Planning:
   Buffers: shared hit=114
 Planning Time: 0.212 ms
 Execution Time: 10.503 ms
(10 rows)

