SET
SET
SET
SET
SET
                                                                   QUERY PLAN                                                                    
-------------------------------------------------------------------------------------------------------------------------------------------------
 Index Scan using idx on public.t (actual rows=32768.00 loops=1)
   Output: a, b
   Index Cond: ((t.a >= 32495) AND (t.a <= 65262))
   Index Searches: 1
   Prefetch: distance=259.704 count=32817 stalls=2 skipped=323 resets=0 ungets=453 forwarded=12
             histogram [2,4) => 6, [4,8) => 10, [8,16) => 21, [16,32) => 17, [32,64) => 16, [64,128) => 7, [128,256) => 8378, [256,512) => 24362
   Buffers: shared hit=30794 read=1747
 Settings: enable_bitmapscan = 'off', enable_seqscan = 'off', max_parallel_workers_per_gather = '0'
 Planning:
   Buffers: shared hit=82 read=27
 Planning Time: 2.154 ms
 Execution Time: 16.998 ms
(12 rows)

SET
SET
SET
SET
SET
                                             QUERY PLAN                                             
----------------------------------------------------------------------------------------------------
 Index Scan using idx on public.t (actual rows=32768.00 loops=1)
   Output: a, b
   Index Cond: ((t.a >= 32495) AND (t.a <= 65262))
   Index Searches: 1
   Buffers: shared hit=32541
 Settings: enable_bitmapscan = 'off', enable_seqscan = 'off', max_parallel_workers_per_gather = '0'
 Planning:
   Buffers: shared hit=114
 Planning Time: 0.227 ms
 Execution Time: 5.255 ms
(10 rows)

