SET
SET
SET
SET
SET
                                                                      QUERY PLAN                                                                      
------------------------------------------------------------------------------------------------------------------------------------------------------
 Index Scan using idx on public.t (actual rows=3048576.00 loops=1)
   Output: a, b
   Index Cond: ((t.a >= 16362) AND (t.a <= 3064937))
   Index Searches: 1
   Prefetch: distance=260.354 count=3048950 stalls=11 skipped=28385 resets=0 ungets=28878 forwarded=574
             histogram [2,4) => 14, [4,8) => 9, [8,16) => 13, [16,32) => 13, [32,64) => 27, [64,128) => 26, [128,256) => 774961, [256,512) => 2273887
   Buffers: shared hit=2874924 read=153591
 Settings: enable_bitmapscan = 'off', enable_seqscan = 'off', max_parallel_workers_per_gather = '0'
 Planning:
   Buffers: shared hit=78 read=27
 Planning Time: 2.042 ms
 Execution Time: 934.902 ms
(12 rows)

SET
SET
SET
SET
SET
                                             QUERY PLAN                                             
----------------------------------------------------------------------------------------------------
 Index Scan using idx on public.t (actual rows=3048576.00 loops=1)
   Output: a, b
   Index Cond: ((t.a >= 16362) AND (t.a <= 3064937))
   Index Searches: 1
   Buffers: shared hit=3028525
 Settings: enable_bitmapscan = 'off', enable_seqscan = 'off', max_parallel_workers_per_gather = '0'
 Planning:
   Buffers: shared hit=110
 Planning Time: 0.242 ms
 Execution Time: 485.245 ms
(10 rows)

