SET
SET
SET
SET
SET
                                                                     QUERY PLAN                                                                      
-----------------------------------------------------------------------------------------------------------------------------------------------------
 Index Scan using idx on public.t (actual rows=4048576.00 loops=1)
   Output: a, b
   Index Cond: ((t.a >= 28485) AND (t.a <= 4077060))
   Index Searches: 1
   Prefetch: distance=260.374 count=4050013 stalls=2 skipped=37674 resets=0 ungets=39176 forwarded=780
             histogram [2,4) => 4, [4,8) => 5, [8,16) => 10, [16,32) => 19, [32,64) => 16, [64,128) => 2, [128,256) => 1027679, [256,512) => 3022278
   Buffers: shared hit=3818016 read=203939
 Settings: enable_bitmapscan = 'off', enable_seqscan = 'off', max_parallel_workers_per_gather = '0'
 Planning:
   Buffers: shared hit=78 read=27
 Planning Time: 2.034 ms
 Execution Time: 1254.253 ms
(12 rows)

SET
SET
SET
SET
SET
                                             QUERY PLAN                                             
----------------------------------------------------------------------------------------------------
 Index Scan using idx on public.t (actual rows=4048576.00 loops=1)
   Output: a, b
   Index Cond: ((t.a >= 28485) AND (t.a <= 4077060))
   Index Searches: 1
   Buffers: shared hit=4021970
 Settings: enable_bitmapscan = 'off', enable_seqscan = 'off', max_parallel_workers_per_gather = '0'
 Planning:
   Buffers: shared hit=110
 Planning Time: 0.231 ms
 Execution Time: 656.967 ms
(10 rows)

