SET
SET
SET
SET
SET
                                                                    QUERY PLAN                                                                     
---------------------------------------------------------------------------------------------------------------------------------------------------
 Index Scan using idx on public.t (actual rows=7048576.00 loops=1)
   Output: a, b
   Index Cond: ((t.a >= 21219) AND (t.a <= 7069794))
   Index Searches: 1
   Prefetch: distance=260.376 count=7049416 stalls=1 skipped=65899 resets=0 ungets=66749 forwarded=1399
             histogram [2,4) => 4, [4,8) => 3, [8,16) => 12, [16,32) => 5, [32,64) => 2, [64,128) => 4, [128,256) => 1788983, [256,512) => 5260403
   Buffers: shared hit=6646921 read=354999
 Settings: enable_bitmapscan = 'off', enable_seqscan = 'off', max_parallel_workers_per_gather = '0'
 Planning:
   Buffers: shared hit=78 read=27
 Planning Time: 2.020 ms
 Execution Time: 2162.118 ms
(12 rows)

SET
SET
SET
SET
SET
                                             QUERY PLAN                                             
----------------------------------------------------------------------------------------------------
 Index Scan using idx on public.t (actual rows=7048576.00 loops=1)
   Output: a, b
   Index Cond: ((t.a >= 21219) AND (t.a <= 7069794))
   Index Searches: 1
   Buffers: shared hit=7001942
 Settings: enable_bitmapscan = 'off', enable_seqscan = 'off', max_parallel_workers_per_gather = '0'
 Planning:
   Buffers: shared hit=110
 Planning Time: 0.234 ms
 Execution Time: 1120.568 ms
(10 rows)

