SET
SET
SET
SET
SET
                                                               QUERY PLAN                                                                
-----------------------------------------------------------------------------------------------------------------------------------------
 Index Scan using idx on public.t (actual rows=128.00 loops=1)
   Output: a, b
   Index Cond: ((t.a >= 4337) AND (t.a <= 4464))
   Index Searches: 1
   Prefetch: distance=153.200 count=85 stalls=1 skipped=1 resets=0 ungets=14 forwarded=0
             histogram [2,4) => 4, [4,8) => 5, [8,16) => 10, [16,32) => 13, [32,64) => 5, [64,128) => 2, [128,256) => 3, [256,512) => 43
   Buffers: shared hit=56 read=78
 Settings: enable_bitmapscan = 'off', enable_seqscan = 'off', max_parallel_workers_per_gather = '0'
 Planning:
   Buffers: shared hit=82 read=27
 Planning Time: 1.438 ms
 Execution Time: 3.923 ms
(12 rows)

SET
SET
SET
SET
SET
                                             QUERY PLAN                                             
----------------------------------------------------------------------------------------------------
 Index Scan using idx on public.t (actual rows=128.00 loops=1)
   Output: a, b
   Index Cond: ((t.a >= 4337) AND (t.a <= 4464))
   Index Searches: 1
   Buffers: shared hit=134
 Settings: enable_bitmapscan = 'off', enable_seqscan = 'off', max_parallel_workers_per_gather = '0'
 Planning:
   Buffers: shared hit=114
 Planning Time: 0.230 ms
 Execution Time: 0.145 ms
(10 rows)

