SET
SET
SET
SET
SET
                                                                QUERY PLAN                                                                 
-------------------------------------------------------------------------------------------------------------------------------------------
 Index Scan using idx on public.t (actual rows=512.00 loops=1)
   Output: a, b
   Index Cond: ((t.a >= 28163) AND (t.a <= 28674))
   Index Searches: 1
   Prefetch: distance=248.100 count=572 stalls=1 skipped=3 resets=0 ungets=83 forwarded=1
             histogram [2,4) => 2, [4,8) => 5, [8,16) => 12, [16,32) => 11, [32,64) => 5, [64,128) => 3, [128,256) => 83, [256,512) => 451
   Buffers: shared hit=398 read=119
 Settings: enable_bitmapscan = 'off', enable_seqscan = 'off', max_parallel_workers_per_gather = '0'
 Planning:
   Buffers: shared hit=82 read=27
 Planning Time: 1.524 ms
 Execution Time: 3.274 ms
(12 rows)

SET
SET
SET
SET
SET
                                             QUERY PLAN                                             
----------------------------------------------------------------------------------------------------
 Index Scan using idx on public.t (actual rows=512.00 loops=1)
   Output: a, b
   Index Cond: ((t.a >= 28163) AND (t.a <= 28674))
   Index Searches: 1
   Buffers: shared hit=517
 Settings: enable_bitmapscan = 'off', enable_seqscan = 'off', max_parallel_workers_per_gather = '0'
 Planning:
   Buffers: shared hit=114
 Planning Time: 0.191 ms
 Execution Time: 0.210 ms
(10 rows)

