SET
SET
SET
SET
SET
                                                                    QUERY PLAN                                                                     
---------------------------------------------------------------------------------------------------------------------------------------------------
 Index Scan using idx on public.t (actual rows=32768.00 loops=1)
   Output: a, b
   Index Cond: ((t.a >= 7192) AND (t.a <= 39959))
   Index Searches: 1
   Prefetch: distance=259.246 count=32756 stalls=47 skipped=309 resets=0 ungets=472 forwarded=8
             histogram [2,4) => 26, [4,8) => 14, [8,16) => 17, [16,32) => 25, [32,64) => 26, [64,128) => 57, [128,256) => 8301, [256,512) => 24290
   Buffers: shared hit=30812 read=1742
 Settings: enable_bitmapscan = 'off', enable_seqscan = 'off', max_parallel_workers_per_gather = '0'
 Planning:
   Buffers: shared hit=82 read=27
 Planning Time: 2.028 ms
 Execution Time: 19.571 ms
(12 rows)

SET
SET
SET
SET
SET
                                             QUERY PLAN                                             
----------------------------------------------------------------------------------------------------
 Index Scan using idx on public.t (actual rows=32768.00 loops=1)
   Output: a, b
   Index Cond: ((t.a >= 7192) AND (t.a <= 39959))
   Index Searches: 1
   Buffers: shared hit=32554
 Settings: enable_bitmapscan = 'off', enable_seqscan = 'off', max_parallel_workers_per_gather = '0'
 Planning:
   Buffers: shared hit=114
 Planning Time: 0.210 ms
 Execution Time: 5.411 ms
(10 rows)

