SET
SET
SET
SET
SET
                                                                    QUERY PLAN                                                                    
--------------------------------------------------------------------------------------------------------------------------------------------------
 Index Scan using idx on public.t (actual rows=16384.00 loops=1)
   Output: a, b
   Index Cond: ((t.a >= 17469) AND (t.a <= 33852))
   Index Searches: 1
   Prefetch: distance=258.980 count=16386 stalls=15 skipped=133 resets=0 ungets=249 forwarded=5
             histogram [2,4) => 10, [4,8) => 9, [8,16) => 11, [16,32) => 34, [32,64) => 23, [64,128) => 27, [128,256) => 4108, [256,512) => 12164
   Buffers: shared hit=15382 read=917
 Settings: enable_bitmapscan = 'off', enable_seqscan = 'off', max_parallel_workers_per_gather = '0'
 Planning:
   Buffers: shared hit=82 read=27
 Planning Time: 2.053 ms
 Execution Time: 13.151 ms
(12 rows)

SET
SET
SET
SET
SET
                                             QUERY PLAN                                             
----------------------------------------------------------------------------------------------------
 Index Scan using idx on public.t (actual rows=16384.00 loops=1)
   Output: a, b
   Index Cond: ((t.a >= 17469) AND (t.a <= 33852))
   Index Searches: 1
   Buffers: shared hit=16299
 Settings: enable_bitmapscan = 'off', enable_seqscan = 'off', max_parallel_workers_per_gather = '0'
 Planning:
   Buffers: shared hit=114
 Planning Time: 0.176 ms
 Execution Time: 2.005 ms
(10 rows)

