SET
SET
SET
SET
SET
                                                                  QUERY PLAN                                                                  
----------------------------------------------------------------------------------------------------------------------------------------------
 Index Scan using idx on public.t (actual rows=4096.00 loops=1)
   Output: a, b
   Index Cond: ((t.a >= 29940) AND (t.a <= 34035))
   Index Searches: 1
   Prefetch: distance=258.086 count=4099 stalls=2 skipped=28 resets=0 ungets=105 forwarded=0
             histogram [2,4) => 4, [4,8) => 10, [8,16) => 6, [16,32) => 16, [32,64) => 14, [64,128) => 2, [128,256) => 962, [256,512) => 3085
   Buffers: shared hit=3786 read=298
 Settings: enable_bitmapscan = 'off', enable_seqscan = 'off', max_parallel_workers_per_gather = '0'
 Planning:
   Buffers: shared hit=82 read=27
 Planning Time: 2.049 ms
 Execution Time: 5.610 ms
(12 rows)

SET
SET
SET
SET
SET
                                             QUERY PLAN                                             
----------------------------------------------------------------------------------------------------
 Index Scan using idx on public.t (actual rows=4096.00 loops=1)
   Output: a, b
   Index Cond: ((t.a >= 29940) AND (t.a <= 34035))
   Index Searches: 1
   Buffers: shared hit=4084
 Settings: enable_bitmapscan = 'off', enable_seqscan = 'off', max_parallel_workers_per_gather = '0'
 Planning:
   Buffers: shared hit=114
 Planning Time: 0.133 ms
 Execution Time: 0.486 ms
(10 rows)

