SET
SET
SET
SET
SET
                                                                      QUERY PLAN                                                                      
------------------------------------------------------------------------------------------------------------------------------------------------------
 Index Scan using idx on public.t (actual rows=524288.00 loops=1)
   Output: a, b
   Index Cond: ((t.a >= 9399) AND (t.a <= 533686))
   Index Searches: 1
   Prefetch: distance=260.296 count=524611 stalls=17 skipped=4867 resets=0 ungets=5324 forwarded=115
             histogram [2,4) => 24, [4,8) => 13, [8,16) => 10, [16,32) => 19, [32,64) => 39, [64,128) => 49, [128,256) => 133158, [256,512) => 391299
   Buffers: shared hit=494363 read=26492
 Settings: enable_bitmapscan = 'off', enable_seqscan = 'off', max_parallel_workers_per_gather = '0'
 Planning:
   Buffers: shared hit=78 read=27
 Planning Time: 2.077 ms
 Execution Time: 169.354 ms
(12 rows)

SET
SET
SET
SET
SET
                                             QUERY PLAN                                             
----------------------------------------------------------------------------------------------------
 Index Scan using idx on public.t (actual rows=524288.00 loops=1)
   Output: a, b
   Index Cond: ((t.a >= 9399) AND (t.a <= 533686))
   Index Searches: 1
   Buffers: shared hit=520858
 Settings: enable_bitmapscan = 'off', enable_seqscan = 'off', max_parallel_workers_per_gather = '0'
 Planning:
   Buffers: shared hit=110
 Planning Time: 0.195 ms
 Execution Time: 85.342 ms
(10 rows)

