SET
SET
SET
SET
SET
                                                                    QUERY PLAN                                                                    
--------------------------------------------------------------------------------------------------------------------------------------------------
 Index Scan using idx on public.t (actual rows=131072.00 loops=1)
   Output: a, b
   Index Cond: ((t.a >= 19315) AND (t.a <= 150386))
   Index Searches: 1
   Prefetch: distance=260.194 count=131311 stalls=7 skipped=1192 resets=0 ungets=1521 forwarded=30
             histogram [2,4) => 12, [4,8) => 9, [8,16) => 17, [16,32) => 26, [32,64) => 18, [64,128) => 6, [128,256) => 33214, [256,512) => 98009
   Buffers: shared hit=123551 read=6692
 Settings: enable_bitmapscan = 'off', enable_seqscan = 'off', max_parallel_workers_per_gather = '0'
 Planning:
   Buffers: shared hit=78 read=27
 Planning Time: 2.045 ms
 Execution Time: 51.706 ms
(12 rows)

SET
SET
SET
SET
SET
                                             QUERY PLAN                                             
----------------------------------------------------------------------------------------------------
 Index Scan using idx on public.t (actual rows=131072.00 loops=1)
   Output: a, b
   Index Cond: ((t.a >= 19315) AND (t.a <= 150386))
   Index Searches: 1
   Buffers: shared hit=130244
 Settings: enable_bitmapscan = 'off', enable_seqscan = 'off', max_parallel_workers_per_gather = '0'
 Planning:
   Buffers: shared hit=110
 Planning Time: 0.199 ms
 Execution Time: 16.710 ms
(10 rows)

