SET
SET
SET
SET
SET
                                                                      QUERY PLAN                                                                       
-------------------------------------------------------------------------------------------------------------------------------------------------------
 Index Scan using idx on public.t (actual rows=3048576.00 loops=1)
   Output: a, b
   Index Cond: ((t.a >= 29110) AND (t.a <= 3077685))
   Index Searches: 1
   Prefetch: distance=260.361 count=3049688 stalls=37 skipped=28414 resets=0 ungets=29733 forwarded=583
             histogram [2,4) => 14, [4,8) => 6, [8,16) => 23, [16,32) => 31, [32,64) => 43, [64,128) => 154, [128,256) => 773015, [256,512) => 2276402
   Buffers: shared hit=2874889 read=153590
 Settings: enable_bitmapscan = 'off', enable_seqscan = 'off', max_parallel_workers_per_gather = '0'
 Planning:
   Buffers: shared hit=78 read=27
 Planning Time: 2.031 ms
 Execution Time: 929.611 ms
(12 rows)

SET
SET
SET
SET
SET
                                             QUERY PLAN                                             
----------------------------------------------------------------------------------------------------
 Index Scan using idx on public.t (actual rows=3048576.00 loops=1)
   Output: a, b
   Index Cond: ((t.a >= 29110) AND (t.a <= 3077685))
   Index Searches: 1
   Buffers: shared hit=3028494
 Settings: enable_bitmapscan = 'off', enable_seqscan = 'off', max_parallel_workers_per_gather = '0'
 Planning:
   Buffers: shared hit=110
 Planning Time: 0.235 ms
 Execution Time: 479.184 ms
(10 rows)

