SET
SET
SET
SET
SET
                                             QUERY PLAN                                             
----------------------------------------------------------------------------------------------------
 Index Scan using idx on public.t (actual rows=2.00 loops=1)
   Output: a, b
   Index Cond: ((t.a >= 29772) AND (t.a <= 29773))
   Index Searches: 1
   Buffers: shared hit=5 read=3
 Settings: enable_bitmapscan = 'off', enable_seqscan = 'off', max_parallel_workers_per_gather = '0'
 Planning:
   Buffers: shared hit=82 read=27
 Planning Time: 1.479 ms
 Execution Time: 0.383 ms
(10 rows)

SET
SET
SET
SET
SET
                                             QUERY PLAN                                             
----------------------------------------------------------------------------------------------------
 Index Scan using idx on public.t (actual rows=2.00 loops=1)
   Output: a, b
   Index Cond: ((t.a >= 29772) AND (t.a <= 29773))
   Index Searches: 1
   Buffers: shared hit=8
 Settings: enable_bitmapscan = 'off', enable_seqscan = 'off', max_parallel_workers_per_gather = '0'
 Planning:
   Buffers: shared hit=114
 Planning Time: 0.135 ms
 Execution Time: 0.021 ms
(10 rows)

