SET
SET
SET
SET
SET
                                                                QUERY PLAN                                                                
------------------------------------------------------------------------------------------------------------------------------------------
 Index Scan using idx on public.t (actual rows=1024.00 loops=1)
   Output: a, b
   Index Cond: ((t.a >= 29247) AND (t.a <= 30270))
   Index Searches: 1
   Prefetch: distance=251.069 count=1053 stalls=1 skipped=8 resets=0 ungets=71 forwarded=1
             histogram [2,4) => 8, [4,8) => 7, [8,16) => 9, [16,32) => 8, [32,64) => 9, [64,128) => 6, [128,256) => 225, [256,512) => 781
   Buffers: shared hit=882 read=143
 Settings: enable_bitmapscan = 'off', enable_seqscan = 'off', max_parallel_workers_per_gather = '0'
 Planning:
   Buffers: shared hit=82 read=27
 Planning Time: 2.013 ms
 Execution Time: 4.228 ms
(12 rows)

SET
SET
SET
SET
SET
                                             QUERY PLAN                                             
----------------------------------------------------------------------------------------------------
 Index Scan using idx on public.t (actual rows=1024.00 loops=1)
   Output: a, b
   Index Cond: ((t.a >= 29247) AND (t.a <= 30270))
   Index Searches: 1
   Buffers: shared hit=1025
 Settings: enable_bitmapscan = 'off', enable_seqscan = 'off', max_parallel_workers_per_gather = '0'
 Planning:
   Buffers: shared hit=114
 Planning Time: 0.131 ms
 Execution Time: 0.172 ms
(10 rows)

