SET
SET
SET
SET
SET
                                                                   QUERY PLAN                                                                   
------------------------------------------------------------------------------------------------------------------------------------------------
 Index Scan using idx on public.t (actual rows=131072.00 loops=1)
   Output: a, b
   Index Cond: ((t.a >= 15300) AND (t.a <= 146371))
   Index Searches: 1
   Prefetch: distance=260.353 count=131511 stalls=2 skipped=1196 resets=0 ungets=1709 forwarded=33
             histogram [2,4) => 6, [4,8) => 4, [8,16) => 9, [16,32) => 18, [32,64) => 19, [64,128) => 2, [128,256) => 32860, [256,512) => 98593
   Buffers: shared hit=123547 read=6692
 Settings: enable_bitmapscan = 'off', enable_seqscan = 'off', max_parallel_workers_per_gather = '0'
 Planning:
   Buffers: shared hit=78 read=27
 Planning Time: 2.046 ms
 Execution Time: 53.617 ms
(12 rows)

SET
SET
SET
SET
SET
                                             QUERY PLAN                                             
----------------------------------------------------------------------------------------------------
 Index Scan using idx on public.t (actual rows=131072.00 loops=1)
   Output: a, b
   Index Cond: ((t.a >= 15300) AND (t.a <= 146371))
   Index Searches: 1
   Buffers: shared hit=130240
 Settings: enable_bitmapscan = 'off', enable_seqscan = 'off', max_parallel_workers_per_gather = '0'
 Planning:
   Buffers: shared hit=110
 Planning Time: 0.224 ms
 Execution Time: 17.355 ms
(10 rows)

