SET
SET
SET
SET
SET
                                                                     QUERY PLAN                                                                      
-----------------------------------------------------------------------------------------------------------------------------------------------------
 Index Scan using idx on public.t (actual rows=7048576.00 loops=1)
   Output: a, b
   Index Cond: ((t.a >= 31741) AND (t.a <= 7080316))
   Index Searches: 1
   Prefetch: distance=260.371 count=7048531 stalls=3 skipped=65904 resets=0 ungets=65963 forwarded=1388
             histogram [2,4) => 4, [4,8) => 5, [8,16) => 13, [16,32) => 21, [32,64) => 30, [64,128) => 5, [128,256) => 1789802, [256,512) => 5258651
   Buffers: shared hit=6646914 read=354998
 Settings: enable_bitmapscan = 'off', enable_seqscan = 'off', max_parallel_workers_per_gather = '0'
 Planning:
   Buffers: shared hit=78 read=27
 Planning Time: 2.027 ms
 Execution Time: 2163.128 ms
(12 rows)

SET
SET
SET
SET
SET
                                             QUERY PLAN                                             
----------------------------------------------------------------------------------------------------
 Index Scan using idx on public.t (actual rows=7048576.00 loops=1)
   Output: a, b
   Index Cond: ((t.a >= 31741) AND (t.a <= 7080316))
   Index Searches: 1
   Buffers: shared hit=7001937
 Settings: enable_bitmapscan = 'off', enable_seqscan = 'off', max_parallel_workers_per_gather = '0'
 Planning:
   Buffers: shared hit=110
 Planning Time: 0.232 ms
 Execution Time: 1151.862 ms
(10 rows)

