SET
SET
SET
SET
SET
                                                                    QUERY PLAN                                                                     
---------------------------------------------------------------------------------------------------------------------------------------------------
 Index Scan using idx on public.t (actual rows=5048576.00 loops=1)
   Output: a, b
   Index Cond: ((t.a >= 2524) AND (t.a <= 5051099))
   Index Searches: 1
   Prefetch: distance=260.369 count=5050128 stalls=1 skipped=47015 resets=0 ungets=48606 forwarded=987
             histogram [2,4) => 2, [4,8) => 5, [8,16) => 8, [16,32) => 11, [32,64) => 2, [64,128) => 2, [128,256) => 1282598, [256,512) => 3767500
   Buffers: shared hit=4761045 read=254297
 Settings: enable_bitmapscan = 'off', enable_seqscan = 'off', max_parallel_workers_per_gather = '0'
 Planning:
   Buffers: shared hit=78 read=27
 Planning Time: 2.085 ms
 Execution Time: 1557.916 ms
(12 rows)

SET
SET
SET
SET
SET
                                             QUERY PLAN                                             
----------------------------------------------------------------------------------------------------
 Index Scan using idx on public.t (actual rows=5048576.00 loops=1)
   Output: a, b
   Index Cond: ((t.a >= 2524) AND (t.a <= 5051099))
   Index Searches: 1
   Buffers: shared hit=5015360
 Settings: enable_bitmapscan = 'off', enable_seqscan = 'off', max_parallel_workers_per_gather = '0'
 Planning:
   Buffers: shared hit=110
 Planning Time: 0.240 ms
 Execution Time: 808.654 ms
(10 rows)

