SET
SET
SET
SET
SET
                                             QUERY PLAN                                             
----------------------------------------------------------------------------------------------------
 Index Scan using idx on public.t (actual rows=256.00 loops=1)
   Output: a, b
   Index Cond: ((t.a >= 10011) AND (t.a <= 10266))
   Index Searches: 1
   Prefetch: distance=3.214 count=14 stalls=5 skipped=0 resets=0 ungets=0 forwarded=0
             histogram [2,4) => 8, [4,8) => 6
   Buffers: shared hit=166 read=96
 Settings: enable_bitmapscan = 'off', enable_seqscan = 'off', max_parallel_workers_per_gather = '0'
 Planning:
   Buffers: shared hit=82 read=27
 Planning Time: 1.431 ms
 Execution Time: 5.493 ms
(12 rows)

SET
SET
SET
SET
SET
                                             QUERY PLAN                                             
----------------------------------------------------------------------------------------------------
 Index Scan using idx on public.t (actual rows=256.00 loops=1)
   Output: a, b
   Index Cond: ((t.a >= 10011) AND (t.a <= 10266))
   Index Searches: 1
   Buffers: shared hit=262
 Settings: enable_bitmapscan = 'off', enable_seqscan = 'off', max_parallel_workers_per_gather = '0'
 Planning:
   Buffers: shared hit=114
 Planning Time: 0.207 ms
 Execution Time: 0.180 ms
(10 rows)

