SET
SET
SET
SET
SET
                                                                     QUERY PLAN                                                                      
-----------------------------------------------------------------------------------------------------------------------------------------------------
 Index Scan using idx on public.t (actual rows=4048576.00 loops=1)
   Output: a, b
   Index Cond: ((t.a >= 13112) AND (t.a <= 4061687))
   Index Searches: 1
   Prefetch: distance=260.359 count=4049649 stalls=6 skipped=37683 resets=0 ungets=38826 forwarded=791
             histogram [2,4) => 2, [4,8) => 6, [8,16) => 10, [16,32) => 15, [32,64) => 14, [64,128) => 2, [128,256) => 1029890, [256,512) => 3019710
   Buffers: shared hit=3817998 read=203944
 Settings: enable_bitmapscan = 'off', enable_seqscan = 'off', max_parallel_workers_per_gather = '0'
 Planning:
   Buffers: shared hit=78 read=27
 Planning Time: 2.046 ms
 Execution Time: 1238.458 ms
(12 rows)

SET
SET
SET
SET
SET
                                             QUERY PLAN                                             
----------------------------------------------------------------------------------------------------
 Index Scan using idx on public.t (actual rows=4048576.00 loops=1)
   Output: a, b
   Index Cond: ((t.a >= 13112) AND (t.a <= 4061687))
   Index Searches: 1
   Buffers: shared hit=4021960
 Settings: enable_bitmapscan = 'off', enable_seqscan = 'off', max_parallel_workers_per_gather = '0'
 Planning:
   Buffers: shared hit=110
 Planning Time: 0.229 ms
 Execution Time: 649.217 ms
(10 rows)

