SET
SET
SET
SET
SET
                                                                     QUERY PLAN                                                                      
-----------------------------------------------------------------------------------------------------------------------------------------------------
 Index Scan using idx on public.t (actual rows=6048576.00 loops=1)
   Output: a, b
   Index Cond: ((t.a >= 3964) AND (t.a <= 6052539))
   Index Searches: 1
   Prefetch: distance=260.392 count=6052130 stalls=1 skipped=56399 resets=0 ungets=60016 forwarded=1183
             histogram [2,4) => 6, [4,8) => 9, [8,16) => 11, [16,32) => 11, [32,64) => 17, [64,128) => 4, [128,256) => 1532426, [256,512) => 4519646
   Buffers: shared hit=5704047 read=304645
 Settings: enable_bitmapscan = 'off', enable_seqscan = 'off', max_parallel_workers_per_gather = '0'
 Planning:
   Buffers: shared hit=78 read=27
 Planning Time: 2.042 ms
 Execution Time: 1915.206 ms
(12 rows)

SET
SET
SET
SET
SET
                                             QUERY PLAN                                             
----------------------------------------------------------------------------------------------------
 Index Scan using idx on public.t (actual rows=6048576.00 loops=1)
   Output: a, b
   Index Cond: ((t.a >= 3964) AND (t.a <= 6052539))
   Index Searches: 1
   Buffers: shared hit=6008709
 Settings: enable_bitmapscan = 'off', enable_seqscan = 'off', max_parallel_workers_per_gather = '0'
 Planning:
   Buffers: shared hit=110
 Planning Time: 0.230 ms
 Execution Time: 965.016 ms
(10 rows)

