SET
SET
SET
SET
                                             QUERY PLAN                                             
----------------------------------------------------------------------------------------------------
 Index Scan using idx on public.t (actual rows=8.00 loops=1)
   Output: a, b
   Index Cond: ((t.a >= 29075) AND (t.a <= 29076))
   Index Searches: 1
   Buffers: shared hit=3 read=11
 Settings: enable_bitmapscan = 'off', enable_seqscan = 'off', max_parallel_workers_per_gather = '0'
 Planning:
   Buffers: shared hit=78 read=23
 Planning Time: 1.254 ms
 Execution Time: 0.818 ms
(10 rows)

SET
SET
SET
SET
                                             QUERY PLAN                                             
----------------------------------------------------------------------------------------------------
 Index Scan using idx on public.t (actual rows=8.00 loops=1)
   Output: a, b
   Index Cond: ((t.a >= 29075) AND (t.a <= 29076))
   Index Searches: 1
   Buffers: shared hit=14
 Settings: enable_bitmapscan = 'off', enable_seqscan = 'off', max_parallel_workers_per_gather = '0'
 Planning:
   Buffers: shared hit=106
 Planning Time: 0.176 ms
 Execution Time: 0.039 ms
(10 rows)

