SET
SET
SET
SET
SET
                                                                    QUERY PLAN                                                                    
--------------------------------------------------------------------------------------------------------------------------------------------------
 Index Scan Backward using idx on public.t (actual rows=8192.00 loops=1)
   Output: a, b
   Index Cond: ((t.a >= 14936) AND (t.a <= 23127))
   Index Searches: 1
   Prefetch: distance=260.321 count=8749 stalls=4 skipped=85 resets=0 ungets=714 forwarded=7
             histogram [2,4) => 22, [4,8) => 17, [8,16) => 10, [16,32) => 22, [32,64) => 22, [64,128) => 10, [128,256) => 1495, [256,512) => 7151
   Buffers: shared hit=7632 read=502
 Settings: enable_bitmapscan = 'off', enable_seqscan = 'off', max_parallel_workers_per_gather = '0'
 Planning:
   Buffers: shared hit=86 read=27
 Planning Time: 2.038 ms
 Execution Time: 13.841 ms
(12 rows)

SET
SET
SET
SET
SET
                                             QUERY PLAN                                             
----------------------------------------------------------------------------------------------------
 Index Scan Backward using idx on public.t (actual rows=8192.00 loops=1)
   Output: a, b
   Index Cond: ((t.a >= 14936) AND (t.a <= 23127))
   Index Searches: 1
   Buffers: shared hit=8134
 Settings: enable_bitmapscan = 'off', enable_seqscan = 'off', max_parallel_workers_per_gather = '0'
 Planning:
   Buffers: shared hit=118
 Planning Time: 0.201 ms
 Execution Time: 1.462 ms
(10 rows)

