SET
SET
SET
SET
SET
                                                                  QUERY PLAN                                                                   
-----------------------------------------------------------------------------------------------------------------------------------------------
 Index Scan Backward using idx on public.t (actual rows=4096.00 loops=1)
   Output: a, b
   Index Cond: ((t.a >= 5207) AND (t.a <= 9302))
   Index Searches: 1
   Prefetch: distance=253.814 count=4236 stalls=3 skipped=23 resets=0 ungets=317 forwarded=0
             histogram [2,4) => 2, [4,8) => 5, [8,16) => 13, [16,32) => 34, [32,64) => 43, [64,128) => 52, [128,256) => 784, [256,512) => 3303
   Buffers: shared hit=3794 read=295
 Settings: enable_bitmapscan = 'off', enable_seqscan = 'off', max_parallel_workers_per_gather = '0'
 Planning:
   Buffers: shared hit=86 read=27
 Planning Time: 1.797 ms
 Execution Time: 9.942 ms
(12 rows)

SET
SET
SET
SET
SET
                                             QUERY PLAN                                             
----------------------------------------------------------------------------------------------------
 Index Scan Backward using idx on public.t (actual rows=4096.00 loops=1)
   Output: a, b
   Index Cond: ((t.a >= 5207) AND (t.a <= 9302))
   Index Searches: 1
   Buffers: shared hit=4089
 Settings: enable_bitmapscan = 'off', enable_seqscan = 'off', max_parallel_workers_per_gather = '0'
 Planning:
   Buffers: shared hit=118
 Planning Time: 0.221 ms
 Execution Time: 0.869 ms
(10 rows)

