SET
SET
SET
SET
SET
                                                                    QUERY PLAN                                                                    
--------------------------------------------------------------------------------------------------------------------------------------------------
 Index Scan Backward using idx on public.t (actual rows=1048576.00 loops=1)
   Output: a, b
   Index Cond: ((t.a >= 3739) AND (t.a <= 1052314))
   Index Searches: 1
   Prefetch: distance=263.160 count=1132366 stalls=1 skipped=9747 resets=0 ungets=93601 forwarded=650
             histogram [2,4) => 8, [4,8) => 9, [8,16) => 8, [16,32) => 16, [32,64) => 16, [64,128) => 5, [128,256) => 194920, [256,512) => 937384
   Buffers: shared hit=988793 read=52892
 Settings: enable_bitmapscan = 'off', enable_seqscan = 'off', max_parallel_workers_per_gather = '0'
 Planning:
   Buffers: shared hit=82 read=27
 Planning Time: 2.045 ms
 Execution Time: 1070.768 ms
(12 rows)

SET
SET
SET
SET
SET
                                             QUERY PLAN                                             
----------------------------------------------------------------------------------------------------
 Index Scan Backward using idx on public.t (actual rows=1048576.00 loops=1)
   Output: a, b
   Index Cond: ((t.a >= 3739) AND (t.a <= 1052314))
   Index Searches: 1
   Buffers: shared hit=1041699
 Settings: enable_bitmapscan = 'off', enable_seqscan = 'off', max_parallel_workers_per_gather = '0'
 Planning:
   Buffers: shared hit=114
 Planning Time: 0.197 ms
 Execution Time: 170.606 ms
(10 rows)

