SET
SET
SET
SET
SET
                                                                    QUERY PLAN                                                                     
---------------------------------------------------------------------------------------------------------------------------------------------------
 Index Scan Backward using idx on public.t (actual rows=8048576.00 loops=1)
   Output: a, b
   Index Cond: ((t.a >= 12218) AND (t.a <= 8060793))
   Index Searches: 1
   Prefetch: distance=263.177 count=8692225 stalls=1 skipped=75202 resets=0 ungets=718860 forwarded=5353
             histogram [2,4) => 2, [4,8) => 4, [8,16) => 11, [16,32) => 7, [32,64) => 2, [64,128) => 2, [128,256) => 1493799, [256,512) => 7198398
   Buffers: shared hit=7589895 read=405351
 Settings: enable_bitmapscan = 'off', enable_seqscan = 'off', max_parallel_workers_per_gather = '0'
 Planning:
   Buffers: shared hit=82 read=27
 Planning Time: 2.018 ms
 Execution Time: 8172.051 ms
(12 rows)

SET
SET
SET
SET
SET
                                             QUERY PLAN                                             
----------------------------------------------------------------------------------------------------
 Index Scan Backward using idx on public.t (actual rows=8048576.00 loops=1)
   Output: a, b
   Index Cond: ((t.a >= 12218) AND (t.a <= 8060793))
   Index Searches: 1
   Buffers: shared hit=7995370
 Settings: enable_bitmapscan = 'off', enable_seqscan = 'off', max_parallel_workers_per_gather = '0'
 Planning:
   Buffers: shared hit=114
 Planning Time: 0.225 ms
 Execution Time: 1316.622 ms
(10 rows)

