SET
SET
SET
SET
SET
                                                                     QUERY PLAN                                                                      
-----------------------------------------------------------------------------------------------------------------------------------------------------
 Index Scan Backward using idx on public.t (actual rows=262144.00 loops=1)
   Output: a, b
   Index Cond: ((t.a >= 2547) AND (t.a <= 264690))
   Index Searches: 1
   Prefetch: distance=263.136 count=283086 stalls=9 skipped=2361 resets=0 ungets=23383 forwarded=171
             histogram [2,4) => 16, [4,8) => 16, [8,16) => 11, [16,32) => 18, [32,64) => 24, [64,128) => 10, [128,256) => 48486, [256,512) => 234505
   Buffers: shared hit=247211 read=13291
 Settings: enable_bitmapscan = 'off', enable_seqscan = 'off', max_parallel_workers_per_gather = '0'
 Planning:
   Buffers: shared hit=82 read=27
 Planning Time: 2.022 ms
 Execution Time: 275.835 ms
(12 rows)

SET
SET
SET
SET
SET
                                             QUERY PLAN                                             
----------------------------------------------------------------------------------------------------
 Index Scan Backward using idx on public.t (actual rows=262144.00 loops=1)
   Output: a, b
   Index Cond: ((t.a >= 2547) AND (t.a <= 264690))
   Index Searches: 1
   Buffers: shared hit=260505
 Settings: enable_bitmapscan = 'off', enable_seqscan = 'off', max_parallel_workers_per_gather = '0'
 Planning:
   Buffers: shared hit=114
 Planning Time: 0.199 ms
 Execution Time: 40.115 ms
(10 rows)

