SET
SET
SET
SET
SET
                                                                      QUERY PLAN                                                                      
------------------------------------------------------------------------------------------------------------------------------------------------------
 Index Scan Backward using idx on public.t (actual rows=9048576.00 loops=1)
   Output: a, b
   Index Cond: ((t.a >= 24655) AND (t.a <= 9073230))
   Index Searches: 1
   Prefetch: distance=263.180 count=9772840 stalls=1 skipped=84633 resets=0 ungets=808987 forwarded=6018
             histogram [2,4) => 8, [4,8) => 9, [8,16) => 14, [16,32) => 17, [32,64) => 20, [64,128) => 12, [128,256) => 1678049, [256,512) => 8094711
   Buffers: shared hit=8532823 read=455697
 Settings: enable_bitmapscan = 'off', enable_seqscan = 'off', max_parallel_workers_per_gather = '0'
 Planning:
   Buffers: shared hit=82 read=27
 Planning Time: 2.175 ms
 Execution Time: 9154.824 ms
(12 rows)

SET
SET
SET
SET
SET
                                             QUERY PLAN                                             
----------------------------------------------------------------------------------------------------
 Index Scan Backward using idx on public.t (actual rows=9048576.00 loops=1)
   Output: a, b
   Index Cond: ((t.a >= 24655) AND (t.a <= 9073230))
   Index Searches: 1
   Buffers: shared hit=8988671
 Settings: enable_bitmapscan = 'off', enable_seqscan = 'off', max_parallel_workers_per_gather = '0'
 Planning:
   Buffers: shared hit=114
 Planning Time: 0.233 ms
 Execution Time: 1468.998 ms
(10 rows)

