SET
SET
SET
SET
SET
                                                                    QUERY PLAN                                                                    
--------------------------------------------------------------------------------------------------------------------------------------------------
 Index Scan Backward using idx on public.t (actual rows=4048576.00 loops=1)
   Output: a, b
   Index Cond: ((t.a >= 18054) AND (t.a <= 4066629))
   Index Searches: 1
   Prefetch: distance=263.187 count=4372995 stalls=1 skipped=37662 resets=0 ungets=362084 forwarded=2687
             histogram [2,4) => 4, [4,8) => 3, [8,16) => 5, [16,32) => 10, [32,64) => 5, [64,128) => 2, [128,256) => 749961, [256,512) => 3623005
   Buffers: shared hit=3817977 read=203941
 Settings: enable_bitmapscan = 'off', enable_seqscan = 'off', max_parallel_workers_per_gather = '0'
 Planning:
   Buffers: shared hit=82 read=27
 Planning Time: 2.027 ms
 Execution Time: 4091.719 ms
(12 rows)

SET
SET
SET
SET
SET
                                             QUERY PLAN                                             
----------------------------------------------------------------------------------------------------
 Index Scan Backward using idx on public.t (actual rows=4048576.00 loops=1)
   Output: a, b
   Index Cond: ((t.a >= 18054) AND (t.a <= 4066629))
   Index Searches: 1
   Buffers: shared hit=4021982
 Settings: enable_bitmapscan = 'off', enable_seqscan = 'off', max_parallel_workers_per_gather = '0'
 Planning:
   Buffers: shared hit=114
 Planning Time: 0.230 ms
 Execution Time: 655.669 ms
(10 rows)

