SET
SET
SET
SET
SET
                                                                     QUERY PLAN                                                                     
----------------------------------------------------------------------------------------------------------------------------------------------------
 Index Scan using idx on public.t (actual rows=2048576.00 loops=1)
   Output: a, b
   Index Cond: ((t.a >= '-521574'::integer) AND (t.a <= '-9431'::integer))
   Index Searches: 1
   Prefetch: distance=264.119 count=2219900 stalls=3 skipped=30411 resets=0 ungets=201829 forwarded=4970
             histogram [2,4) => 4, [4,8) => 7, [8,16) => 14, [16,32) => 12, [32,64) => 25, [64,128) => 4, [128,256) => 317017, [256,512) => 1902817
   Buffers: shared hit=1920389 read=100710
 Settings: enable_bitmapscan = 'off', enable_seqscan = 'off', max_parallel_workers_per_gather = '0'
 Planning:
   Buffers: shared hit=77 read=28
 Planning Time: 2.070 ms
 Execution Time: 2149.432 ms
(12 rows)

SET
SET
SET
SET
SET
                                             QUERY PLAN                                             
----------------------------------------------------------------------------------------------------
 Index Scan using idx on public.t (actual rows=2048576.00 loops=1)
   Output: a, b
   Index Cond: ((t.a >= '-521574'::integer) AND (t.a <= '-9431'::integer))
   Index Searches: 1
   Buffers: shared hit=2021234
 Settings: enable_bitmapscan = 'off', enable_seqscan = 'off', max_parallel_workers_per_gather = '0'
 Planning:
   Buffers: shared hit=110
 Planning Time: 0.242 ms
 Execution Time: 324.528 ms
(10 rows)

