SET
SET
SET
SET
SET
                                                               QUERY PLAN                                                               
----------------------------------------------------------------------------------------------------------------------------------------
 Index Scan Backward using idx on public.t (actual rows=64.00 loops=1)
   Output: a, b
   Index Cond: ((t.a >= 16056) AND (t.a <= 16119))
   Index Searches: 1
   Prefetch: distance=150.656 count=64 stalls=1 skipped=1 resets=0 ungets=16 forwarded=0
             histogram [2,4) => 2, [4,8) => 4, [8,16) => 9, [16,32) => 10, [32,64) => 3, [64,128) => 2, [128,256) => 3, [256,512) => 31
   Buffers: shared hit=19 read=51
 Settings: enable_bitmapscan = 'off', enable_seqscan = 'off', max_parallel_workers_per_gather = '0'
 Planning:
   Buffers: shared hit=86 read=27
 Planning Time: 1.393 ms
 Execution Time: 1.913 ms
(12 rows)

SET
SET
SET
SET
SET
                                             QUERY PLAN                                             
----------------------------------------------------------------------------------------------------
 Index Scan Backward using idx on public.t (actual rows=64.00 loops=1)
   Output: a, b
   Index Cond: ((t.a >= 16056) AND (t.a <= 16119))
   Index Searches: 1
   Buffers: shared hit=70
 Settings: enable_bitmapscan = 'off', enable_seqscan = 'off', max_parallel_workers_per_gather = '0'
 Planning:
   Buffers: shared hit=118
 Planning Time: 0.215 ms
 Execution Time: 0.087 ms
(10 rows)

