SET
SET
SET
SET
SET
                                             QUERY PLAN                                             
----------------------------------------------------------------------------------------------------
 Index Scan Backward using idx on public.t (actual rows=2048.00 loops=1)
   Output: a, b
   Index Cond: ((t.a >= 3696) AND (t.a <= 5743))
   Index Searches: 1
   Prefetch: distance=2.177 count=198 stalls=1583 skipped=15 resets=0 ungets=0 forwarded=0
             histogram [2,4) => 186, [4,8) => 12
   Buffers: shared hit=1844 read=197
 Settings: enable_bitmapscan = 'off', enable_seqscan = 'off', max_parallel_workers_per_gather = '0'
 Planning:
   Buffers: shared hit=86 read=27
 Planning Time: 2.040 ms
 Execution Time: 13.813 ms
(12 rows)

SET
SET
SET
SET
SET
                                             QUERY PLAN                                             
----------------------------------------------------------------------------------------------------
 Index Scan Backward using idx on public.t (actual rows=2048.00 loops=1)
   Output: a, b
   Index Cond: ((t.a >= 3696) AND (t.a <= 5743))
   Index Searches: 1
   Buffers: shared hit=2041
 Settings: enable_bitmapscan = 'off', enable_seqscan = 'off', max_parallel_workers_per_gather = '0'
 Planning:
   Buffers: shared hit=118
 Planning Time: 0.236 ms
 Execution Time: 0.550 ms
(10 rows)

