SET
SET
SET
SET
SET
                                               QUERY PLAN                                                
---------------------------------------------------------------------------------------------------------
 Index Scan Backward using idx on public.t (actual rows=256.00 loops=1)
   Output: a, b
   Index Cond: ((t.a >= 25543) AND (t.a <= 25798))
   Index Searches: 1
   Prefetch: distance=28.289 count=76 stalls=1 skipped=2 resets=0 ungets=0 forwarded=0
             histogram [2,4) => 4, [4,8) => 7, [8,16) => 14, [16,32) => 19, [32,64) => 29, [64,128) => 3
   Buffers: shared hit=159 read=102
 Settings: enable_bitmapscan = 'off', enable_seqscan = 'off', max_parallel_workers_per_gather = '0'
 Planning:
   Buffers: shared hit=86 read=27
 Planning Time: 1.380 ms
 Execution Time: 5.599 ms
(12 rows)

SET
SET
SET
SET
SET
                                             QUERY PLAN                                             
----------------------------------------------------------------------------------------------------
 Index Scan Backward using idx on public.t (actual rows=256.00 loops=1)
   Output: a, b
   Index Cond: ((t.a >= 25543) AND (t.a <= 25798))
   Index Searches: 1
   Buffers: shared hit=261
 Settings: enable_bitmapscan = 'off', enable_seqscan = 'off', max_parallel_workers_per_gather = '0'
 Planning:
   Buffers: shared hit=118
 Planning Time: 0.213 ms
 Execution Time: 0.187 ms
(10 rows)

