SET
SET
SET
SET
SET
                                                                   QUERY PLAN                                                                   
------------------------------------------------------------------------------------------------------------------------------------------------
 Index Scan Backward using idx on public.t (actual rows=131072.00 loops=1)
   Output: a, b
   Index Cond: ((t.a >= 24145) AND (t.a <= 155216))
   Index Searches: 1
   Prefetch: distance=263.118 count=141519 stalls=1 skipped=1178 resets=0 ungets=11657 forwarded=83
             histogram [2,4) => 2, [4,8) => 6, [8,16) => 6, [16,32) => 18, [32,64) => 3, [64,128) => 3, [128,256) => 24377, [256,512) => 117104
   Buffers: shared hit=123566 read=6691
 Settings: enable_bitmapscan = 'off', enable_seqscan = 'off', max_parallel_workers_per_gather = '0'
 Planning:
   Buffers: shared hit=82 read=27
 Planning Time: 2.021 ms
 Execution Time: 141.697 ms
(12 rows)

SET
SET
SET
SET
SET
                                             QUERY PLAN                                             
----------------------------------------------------------------------------------------------------
 Index Scan Backward using idx on public.t (actual rows=131072.00 loops=1)
   Output: a, b
   Index Cond: ((t.a >= 24145) AND (t.a <= 155216))
   Index Searches: 1
   Buffers: shared hit=130259
 Settings: enable_bitmapscan = 'off', enable_seqscan = 'off', max_parallel_workers_per_gather = '0'
 Planning:
   Buffers: shared hit=114
 Planning Time: 0.208 ms
 Execution Time: 17.928 ms
(10 rows)

