SET
SET
SET
SET
SET
                                                                    QUERY PLAN                                                                     
---------------------------------------------------------------------------------------------------------------------------------------------------
 Index Scan Backward using idx on public.t (actual rows=65536.00 loops=1)
   Output: a, b
   Index Cond: ((t.a >= 2976) AND (t.a <= 68511))
   Index Searches: 1
   Prefetch: distance=262.966 count=70789 stalls=9 skipped=604 resets=0 ungets=5934 forwarded=34
             histogram [2,4) => 12, [4,8) => 13, [8,16) => 15, [16,32) => 12, [32,64) => 36, [64,128) => 2, [128,256) => 11931, [256,512) => 58768
   Buffers: shared hit=61721 read=3393
 Settings: enable_bitmapscan = 'off', enable_seqscan = 'off', max_parallel_workers_per_gather = '0'
 Planning:
   Buffers: shared hit=86 read=27
 Planning Time: 2.018 ms
 Execution Time: 74.156 ms
(12 rows)

SET
SET
SET
SET
SET
                                             QUERY PLAN                                             
----------------------------------------------------------------------------------------------------
 Index Scan Backward using idx on public.t (actual rows=65536.00 loops=1)
   Output: a, b
   Index Cond: ((t.a >= 2976) AND (t.a <= 68511))
   Index Searches: 1
   Buffers: shared hit=65114
 Settings: enable_bitmapscan = 'off', enable_seqscan = 'off', max_parallel_workers_per_gather = '0'
 Planning:
   Buffers: shared hit=118
 Planning Time: 0.226 ms
 Execution Time: 7.509 ms
(10 rows)

