SET
SET
SET
SET
SET
                                                                   QUERY PLAN                                                                   
------------------------------------------------------------------------------------------------------------------------------------------------
 Index Scan Backward using idx on public.t (actual rows=262144.00 loops=1)
   Output: a, b
   Index Cond: ((t.a >= 2145) AND (t.a <= 264288))
   Index Searches: 1
   Prefetch: distance=263.206 count=283271 stalls=2 skipped=2362 resets=0 ungets=23526 forwarded=177
             histogram [2,4) => 4, [4,8) => 3, [8,16) => 9, [16,32) => 10, [32,64) => 3, [64,128) => 2, [128,256) => 48465, [256,512) => 234775
   Buffers: shared hit=247205 read=13296
 Settings: enable_bitmapscan = 'off', enable_seqscan = 'off', max_parallel_workers_per_gather = '0'
 Planning:
   Buffers: shared hit=82 read=27
 Planning Time: 2.005 ms
 Execution Time: 279.289 ms
(12 rows)

SET
SET
SET
SET
SET
                                             QUERY PLAN                                             
----------------------------------------------------------------------------------------------------
 Index Scan Backward using idx on public.t (actual rows=262144.00 loops=1)
   Output: a, b
   Index Cond: ((t.a >= 2145) AND (t.a <= 264288))
   Index Searches: 1
   Buffers: shared hit=260504
 Settings: enable_bitmapscan = 'off', enable_seqscan = 'off', max_parallel_workers_per_gather = '0'
 Planning:
   Buffers: shared hit=114
 Planning Time: 0.194 ms
 Execution Time: 41.480 ms
(10 rows)

