SET
SET
SET
SET
SET
                                                                     QUERY PLAN                                                                     
----------------------------------------------------------------------------------------------------------------------------------------------------
 Index Scan using idx on public.t (actual rows=8048576.00 loops=1)
   Output: a, b
   Index Cond: ((t.a >= '-2017051'::integer) AND (t.a <= '-4908'::integer))
   Index Searches: 1
   Prefetch: distance=264.127 count=8722010 stalls=3 skipped=118578 resets=0 ungets=792074 forwarded=19695
             histogram [2,4) => 4, [4,8) => 5, [8,16) => 8, [16,32) => 16, [32,64) => 13, [64,128) => 2, [128,256) => 1243673, [256,512) => 7478289
   Buffers: shared hit=7546037 read=395400
 Settings: enable_bitmapscan = 'off', enable_seqscan = 'off', max_parallel_workers_per_gather = '0'
 Planning:
   Buffers: shared hit=77 read=28
 Planning Time: 2.071 ms
 Execution Time: 8342.629 ms
(12 rows)

SET
SET
SET
SET
SET
                                             QUERY PLAN                                             
----------------------------------------------------------------------------------------------------
 Index Scan using idx on public.t (actual rows=8048576.00 loops=1)
   Output: a, b
   Index Cond: ((t.a >= '-2017051'::integer) AND (t.a <= '-4908'::integer))
   Index Searches: 1
   Buffers: shared hit=7942053
 Settings: enable_bitmapscan = 'off', enable_seqscan = 'off', max_parallel_workers_per_gather = '0'
 Planning:
   Buffers: shared hit=110
 Planning Time: 0.223 ms
 Execution Time: 1285.763 ms
(10 rows)

