SET
SET
SET
SET
SET
                                                                    QUERY PLAN                                                                     
---------------------------------------------------------------------------------------------------------------------------------------------------
 Index Scan Backward using idx on public.t (actual rows=524288.00 loops=1)
   Output: a, b
   Index Cond: ((t.a >= 14913) AND (t.a <= 539200))
   Index Searches: 1
   Prefetch: distance=263.084 count=565923 stalls=5 skipped=4889 resets=0 ungets=46610 forwarded=327
             histogram [2,4) => 12, [4,8) => 8, [8,16) => 13, [16,32) => 12, [32,64) => 37, [64,128) => 2, [128,256) => 98349, [256,512) => 467490
   Buffers: shared hit=494341 read=26488
 Settings: enable_bitmapscan = 'off', enable_seqscan = 'off', max_parallel_workers_per_gather = '0'
 Planning:
   Buffers: shared hit=82 read=27
 Planning Time: 2.013 ms
 Execution Time: 554.257 ms
(12 rows)

SET
SET
SET
SET
SET
                                             QUERY PLAN                                             
----------------------------------------------------------------------------------------------------
 Index Scan Backward using idx on public.t (actual rows=524288.00 loops=1)
   Output: a, b
   Index Cond: ((t.a >= 14913) AND (t.a <= 539200))
   Index Searches: 1
   Buffers: shared hit=520838
 Settings: enable_bitmapscan = 'off', enable_seqscan = 'off', max_parallel_workers_per_gather = '0'
 Planning:
   Buffers: shared hit=114
 Planning Time: 0.195 ms
 Execution Time: 84.407 ms
(10 rows)

