SET
SET
SET
SET
SET
                                                                   QUERY PLAN                                                                    
-------------------------------------------------------------------------------------------------------------------------------------------------
 Index Scan Backward using idx on public.t (actual rows=262144.00 loops=1)
   Output: a, b
   Index Cond: ((t.a >= 1807) AND (t.a <= 263950))
   Index Searches: 1
   Prefetch: distance=263.233 count=283245 stalls=1 skipped=2358 resets=0 ungets=23523 forwarded=174
             histogram [2,4) => 2, [4,8) => 7, [8,16) => 14, [16,32) => 9, [32,64) => 14, [64,128) => 2, [128,256) => 48181, [256,512) => 235016
   Buffers: shared hit=247213 read=13292
 Settings: enable_bitmapscan = 'off', enable_seqscan = 'off', max_parallel_workers_per_gather = '0'
 Planning:
   Buffers: shared hit=82 read=27
 Planning Time: 2.044 ms
 Execution Time: 280.740 ms
(12 rows)

SET
SET
SET
SET
SET
                                             QUERY PLAN                                             
----------------------------------------------------------------------------------------------------
 Index Scan Backward using idx on public.t (actual rows=262144.00 loops=1)
   Output: a, b
   Index Cond: ((t.a >= 1807) AND (t.a <= 263950))
   Index Searches: 1
   Buffers: shared hit=260509
 Settings: enable_bitmapscan = 'off', enable_seqscan = 'off', max_parallel_workers_per_gather = '0'
 Planning:
   Buffers: shared hit=114
 Planning Time: 0.202 ms
 Execution Time: 39.529 ms
(10 rows)

