SET
SET
SET
SET
SET
                                                                     QUERY PLAN                                                                      
-----------------------------------------------------------------------------------------------------------------------------------------------------
 Index Scan Backward using idx on public.t (actual rows=2048576.00 loops=1)
   Output: a, b
   Index Cond: ((t.a >= 5156) AND (t.a <= 2053731))
   Index Searches: 1
   Prefetch: distance=263.207 count=2212996 stalls=1 skipped=19128 resets=0 ungets=183653 forwarded=1337
             histogram [2,4) => 2, [4,8) => 8, [8,16) => 23, [16,32) => 21, [32,64) => 24, [64,128) => 21, [128,256) => 378011, [256,512) => 1834886
   Buffers: shared hit=1931774 read=103242
 Settings: enable_bitmapscan = 'off', enable_seqscan = 'off', max_parallel_workers_per_gather = '0'
 Planning:
   Buffers: shared hit=82 read=27
 Planning Time: 2.030 ms
 Execution Time: 2093.473 ms
(12 rows)

SET
SET
SET
SET
SET
                                             QUERY PLAN                                             
----------------------------------------------------------------------------------------------------
 Index Scan Backward using idx on public.t (actual rows=2048576.00 loops=1)
   Output: a, b
   Index Cond: ((t.a >= 5156) AND (t.a <= 2053731))
   Index Searches: 1
   Buffers: shared hit=2035051
 Settings: enable_bitmapscan = 'off', enable_seqscan = 'off', max_parallel_workers_per_gather = '0'
 Planning:
   Buffers: shared hit=114
 Planning Time: 0.237 ms
 Execution Time: 333.499 ms
(10 rows)

