SET
SET
SET
SET
SET
                                                                     QUERY PLAN                                                                     
----------------------------------------------------------------------------------------------------------------------------------------------------
 Index Scan Backward using idx on public.t (actual rows=1048576.00 loops=1)
   Output: a, b
   Index Cond: ((t.a >= 18448) AND (t.a <= 1067023))
   Index Searches: 1
   Prefetch: distance=263.154 count=1132496 stalls=12 skipped=9748 resets=0 ungets=93812 forwarded=643
             histogram [2,4) => 6, [4,8) => 5, [8,16) => 13, [16,32) => 23, [32,64) => 37, [64,128) => 66, [128,256) => 194854, [256,512) => 937492
   Buffers: shared hit=988785 read=52891
 Settings: enable_bitmapscan = 'off', enable_seqscan = 'off', max_parallel_workers_per_gather = '0'
 Planning:
   Buffers: shared hit=82 read=27
 Planning Time: 2.033 ms
 Execution Time: 1081.123 ms
(12 rows)

SET
SET
SET
SET
SET
                                             QUERY PLAN                                             
----------------------------------------------------------------------------------------------------
 Index Scan Backward using idx on public.t (actual rows=1048576.00 loops=1)
   Output: a, b
   Index Cond: ((t.a >= 18448) AND (t.a <= 1067023))
   Index Searches: 1
   Buffers: shared hit=1041696
 Settings: enable_bitmapscan = 'off', enable_seqscan = 'off', max_parallel_workers_per_gather = '0'
 Planning:
   Buffers: shared hit=114
 Planning Time: 0.196 ms
 Execution Time: 168.639 ms
(10 rows)

