SET
SET
SET
SET
SET
                                                                    QUERY PLAN                                                                     
---------------------------------------------------------------------------------------------------------------------------------------------------
 Index Scan Backward using idx on public.t (actual rows=9048576.00 loops=1)
   Output: a, b
   Index Cond: ((t.a >= 27867) AND (t.a <= 9076442))
   Index Searches: 1
   Prefetch: distance=263.207 count=9775970 stalls=1 skipped=84639 resets=0 ungets=812041 forwarded=6047
             histogram [2,4) => 2, [4,8) => 3, [8,16) => 5, [16,32) => 12, [32,64) => 3, [64,128) => 2, [128,256) => 1670768, [256,512) => 8105175
   Buffers: shared hit=8532820 read=455698
 Settings: enable_bitmapscan = 'off', enable_seqscan = 'off', max_parallel_workers_per_gather = '0'
 Planning:
   Buffers: shared hit=82 read=27
 Planning Time: 2.038 ms
 Execution Time: 9300.228 ms
(12 rows)

SET
SET
SET
SET
SET
                                             QUERY PLAN                                             
----------------------------------------------------------------------------------------------------
 Index Scan Backward using idx on public.t (actual rows=9048576.00 loops=1)
   Output: a, b
   Index Cond: ((t.a >= 27867) AND (t.a <= 9076442))
   Index Searches: 1
   Buffers: shared hit=8988666
 Settings: enable_bitmapscan = 'off', enable_seqscan = 'off', max_parallel_workers_per_gather = '0'
 Planning:
   Buffers: shared hit=114
 Planning Time: 0.263 ms
 Execution Time: 1471.217 ms
(10 rows)

