SET
SET
SET
SET
SET
                                                                      QUERY PLAN                                                                      
------------------------------------------------------------------------------------------------------------------------------------------------------
 Index Scan Backward using idx on public.t (actual rows=8048576.00 loops=1)
   Output: a, b
   Index Cond: ((t.a >= 10880) AND (t.a <= 8059455))
   Index Searches: 1
   Prefetch: distance=263.205 count=8695304 stalls=11 skipped=75201 resets=0 ungets=722074 forwarded=5346
             histogram [2,4) => 2, [4,8) => 6, [8,16) => 13, [16,32) => 19, [32,64) => 32, [64,128) => 39, [128,256) => 1486195, [256,512) => 7208998
   Buffers: shared hit=7589892 read=405352
 Settings: enable_bitmapscan = 'off', enable_seqscan = 'off', max_parallel_workers_per_gather = '0'
 Planning:
   Buffers: shared hit=82 read=27
 Planning Time: 2.027 ms
 Execution Time: 8260.315 ms
(12 rows)

SET
SET
SET
SET
SET
                                             QUERY PLAN                                             
----------------------------------------------------------------------------------------------------
 Index Scan Backward using idx on public.t (actual rows=8048576.00 loops=1)
   Output: a, b
   Index Cond: ((t.a >= 10880) AND (t.a <= 8059455))
   Index Searches: 1
   Buffers: shared hit=7995371
 Settings: enable_bitmapscan = 'off', enable_seqscan = 'off', max_parallel_workers_per_gather = '0'
 Planning:
   Buffers: shared hit=114
 Planning Time: 0.233 ms
 Execution Time: 1306.260 ms
(10 rows)

