SET
SET
SET
SET
SET
                                                                 QUERY PLAN                                                                 
--------------------------------------------------------------------------------------------------------------------------------------------
 Index Scan using idx on public.t (actual rows=256.00 loops=1)
   Output: a, b
   Index Cond: ((t.a >= 4698) AND (t.a <= 4953))
   Index Searches: 1
   Prefetch: distance=200.881 count=226 stalls=1 skipped=3 resets=0 ungets=34 forwarded=0
             histogram [2,4) => 2, [4,8) => 13, [8,16) => 6, [16,32) => 16, [32,64) => 16, [64,128) => 13, [128,256) => 2, [256,512) => 158
   Buffers: shared hit=160 read=99
 Settings: enable_bitmapscan = 'off', enable_seqscan = 'off', max_parallel_workers_per_gather = '0'
 Planning:
   Buffers: shared hit=82 read=27
 Planning Time: 1.420 ms
 Execution Time: 4.904 ms
(12 rows)

SET
SET
SET
SET
SET
                                             QUERY PLAN                                             
----------------------------------------------------------------------------------------------------
 Index Scan using idx on public.t (actual rows=256.00 loops=1)
   Output: a, b
   Index Cond: ((t.a >= 4698) AND (t.a <= 4953))
   Index Searches: 1
   Buffers: shared hit=259
 Settings: enable_bitmapscan = 'off', enable_seqscan = 'off', max_parallel_workers_per_gather = '0'
 Planning:
   Buffers: shared hit=114
 Planning Time: 0.201 ms
 Execution Time: 0.167 ms
(10 rows)

