SET
SET
SET
SET
SET
                                                                   QUERY PLAN                                                                   
------------------------------------------------------------------------------------------------------------------------------------------------
 Index Scan using idx on public.t (actual rows=131072.00 loops=1)
   Output: a, b
   Index Cond: ((t.a >= 17188) AND (t.a <= 148259))
   Index Searches: 1
   Prefetch: distance=262.204 count=140675 stalls=1 skipped=1183 resets=0 ungets=10801 forwarded=77
             histogram [2,4) => 2, [4,8) => 4, [8,16) => 11, [16,32) => 9, [32,64) => 3, [64,128) => 2, [128,256) => 28136, [256,512) => 112508
   Buffers: shared hit=123561 read=6692
 Settings: enable_bitmapscan = 'off', enable_seqscan = 'off', max_parallel_workers_per_gather = '0'
 Planning:
   Buffers: shared hit=78 read=27
 Planning Time: 2.017 ms
 Execution Time: 47.595 ms
(12 rows)

SET
SET
SET
SET
SET
                                             QUERY PLAN                                             
----------------------------------------------------------------------------------------------------
 Index Scan using idx on public.t (actual rows=131072.00 loops=1)
   Output: a, b
   Index Cond: ((t.a >= 17188) AND (t.a <= 148259))
   Index Searches: 1
   Buffers: shared hit=130254
 Settings: enable_bitmapscan = 'off', enable_seqscan = 'off', max_parallel_workers_per_gather = '0'
 Planning:
   Buffers: shared hit=110
 Planning Time: 0.183 ms
 Execution Time: 16.040 ms
(10 rows)

