SET
SET
SET
SET
SET
                                                                   QUERY PLAN                                                                    
-------------------------------------------------------------------------------------------------------------------------------------------------
 Index Scan using idx on public.t (actual rows=65536.00 loops=1)
   Output: a, b
   Index Cond: ((t.a >= 24804) AND (t.a <= 90339))
   Index Searches: 1
   Prefetch: distance=261.950 count=70258 stalls=4 skipped=596 resets=0 ungets=5406 forwarded=51
             histogram [2,4) => 6, [4,8) => 5, [8,16) => 10, [16,32) => 19, [32,64) => 35, [64,128) => 7, [128,256) => 14093, [256,512) => 56083
   Buffers: shared hit=61729 read=3393
 Settings: enable_bitmapscan = 'off', enable_seqscan = 'off', max_parallel_workers_per_gather = '0'
 Planning:
   Buffers: shared hit=82 read=27
 Planning Time: 1.998 ms
 Execution Time: 28.448 ms
(12 rows)

SET
SET
SET
SET
SET
                                             QUERY PLAN                                             
----------------------------------------------------------------------------------------------------
 Index Scan using idx on public.t (actual rows=65536.00 loops=1)
   Output: a, b
   Index Cond: ((t.a >= 24804) AND (t.a <= 90339))
   Index Searches: 1
   Buffers: shared hit=65124
 Settings: enable_bitmapscan = 'off', enable_seqscan = 'off', max_parallel_workers_per_gather = '0'
 Planning:
   Buffers: shared hit=114
 Planning Time: 0.190 ms
 Execution Time: 8.646 ms
(10 rows)

