SET
SET
SET
SET
SET
                                                                   QUERY PLAN                                                                    
-------------------------------------------------------------------------------------------------------------------------------------------------
 Index Scan using idx on public.t (actual rows=16384.00 loops=1)
   Output: a, b
   Index Cond: ((t.a >= 24750) AND (t.a <= 41133))
   Index Searches: 1
   Prefetch: distance=260.689 count=17422 stalls=6 skipped=147 resets=0 ungets=1329 forwarded=13
             histogram [2,4) => 4, [4,8) => 5, [8,16) => 10, [16,32) => 18, [32,64) => 35, [64,128) => 29, [128,256) => 3505, [256,512) => 13816
   Buffers: shared hit=15369 read=917
 Settings: enable_bitmapscan = 'off', enable_seqscan = 'off', max_parallel_workers_per_gather = '0'
 Planning:
   Buffers: shared hit=82 read=27
 Planning Time: 2.031 ms
 Execution Time: 11.690 ms
(12 rows)

SET
SET
SET
SET
SET
                                             QUERY PLAN                                             
----------------------------------------------------------------------------------------------------
 Index Scan using idx on public.t (actual rows=16384.00 loops=1)
   Output: a, b
   Index Cond: ((t.a >= 24750) AND (t.a <= 41133))
   Index Searches: 1
   Buffers: shared hit=16286
 Settings: enable_bitmapscan = 'off', enable_seqscan = 'off', max_parallel_workers_per_gather = '0'
 Planning:
   Buffers: shared hit=114
 Planning Time: 0.197 ms
 Execution Time: 2.653 ms
(10 rows)

