SET
SET
SET
SET
SET
                                             QUERY PLAN                                             
----------------------------------------------------------------------------------------------------
 Index Scan using idx on public.t (actual rows=4096.00 loops=1)
   Output: a, b
   Index Cond: ((t.a >= 18070) AND (t.a <= 22165))
   Index Searches: 1
   Prefetch: distance=2.119 count=404 stalls=3435 skipped=27 resets=0 ungets=0 forwarded=0
             histogram [2,4) => 388, [4,8) => 16
   Buffers: shared hit=3786 read=298
 Settings: enable_bitmapscan = 'off', enable_seqscan = 'off', max_parallel_workers_per_gather = '0'
 Planning:
   Buffers: shared hit=82 read=27
 Planning Time: 2.036 ms
 Execution Time: 7.289 ms
(12 rows)

SET
SET
SET
SET
SET
                                             QUERY PLAN                                             
----------------------------------------------------------------------------------------------------
 Index Scan using idx on public.t (actual rows=4096.00 loops=1)
   Output: a, b
   Index Cond: ((t.a >= 18070) AND (t.a <= 22165))
   Index Searches: 1
   Buffers: shared hit=4084
 Settings: enable_bitmapscan = 'off', enable_seqscan = 'off', max_parallel_workers_per_gather = '0'
 Planning:
   Buffers: shared hit=114
 Planning Time: 0.209 ms
 Execution Time: 0.862 ms
(10 rows)

