SET
SET
SET
SET
SET
                                                                   QUERY PLAN                                                                   
------------------------------------------------------------------------------------------------------------------------------------------------
 Index Scan using idx on public.t (actual rows=262144.00 loops=1)
   Output: a, b
   Index Cond: ((t.a >= 25933) AND (t.a <= 288076))
   Index Searches: 1
   Prefetch: distance=262.203 count=281344 stalls=1 skipped=2359 resets=0 ungets=21613 forwarded=141
             histogram [2,4) => 4, [4,8) => 9, [8,16) => 11, [16,32) => 8, [32,64) => 3, [64,128) => 6, [128,256) => 56726, [256,512) => 224577
   Buffers: shared hit=247213 read=13290
 Settings: enable_bitmapscan = 'off', enable_seqscan = 'off', max_parallel_workers_per_gather = '0'
 Planning:
   Buffers: shared hit=78 read=27
 Planning Time: 2.050 ms
 Execution Time: 91.873 ms
(12 rows)

SET
SET
SET
SET
SET
                                             QUERY PLAN                                             
----------------------------------------------------------------------------------------------------
 Index Scan using idx on public.t (actual rows=262144.00 loops=1)
   Output: a, b
   Index Cond: ((t.a >= 25933) AND (t.a <= 288076))
   Index Searches: 1
   Buffers: shared hit=260507
 Settings: enable_bitmapscan = 'off', enable_seqscan = 'off', max_parallel_workers_per_gather = '0'
 Planning:
   Buffers: shared hit=110
 Planning Time: 0.193 ms
 Execution Time: 40.568 ms
(10 rows)

