SET
SET
SET
SET
SET
                                                                  QUERY PLAN                                                                   
-----------------------------------------------------------------------------------------------------------------------------------------------
 Index Scan using idx on public.t (actual rows=32768.00 loops=1)
   Output: a, b
   Index Cond: ((t.a >= 3244) AND (t.a <= 36011))
   Index Searches: 1
   Prefetch: distance=261.690 count=35099 stalls=1 skipped=292 resets=0 ungets=2674 forwarded=17
             histogram [2,4) => 4, [4,8) => 8, [8,16) => 8, [16,32) => 10, [32,64) => 13, [64,128) => 4, [128,256) => 7220, [256,512) => 27832
   Buffers: shared hit=30829 read=1743
 Settings: enable_bitmapscan = 'off', enable_seqscan = 'off', max_parallel_workers_per_gather = '0'
 Planning:
   Buffers: shared hit=82 read=27
 Planning Time: 2.031 ms
 Execution Time: 16.372 ms
(12 rows)

SET
SET
SET
SET
SET
                                             QUERY PLAN                                             
----------------------------------------------------------------------------------------------------
 Index Scan using idx on public.t (actual rows=32768.00 loops=1)
   Output: a, b
   Index Cond: ((t.a >= 3244) AND (t.a <= 36011))
   Index Searches: 1
   Buffers: shared hit=32572
 Settings: enable_bitmapscan = 'off', enable_seqscan = 'off', max_parallel_workers_per_gather = '0'
 Planning:
   Buffers: shared hit=114
 Planning Time: 0.166 ms
 Execution Time: 3.619 ms
(10 rows)

