SET
SET
SET
SET
SET
                                                                   QUERY PLAN                                                                    
-------------------------------------------------------------------------------------------------------------------------------------------------
 Index Scan using idx on public.t (actual rows=524288.00 loops=1)
   Output: a, b
   Index Cond: ((t.a >= 12742) AND (t.a <= 537029))
   Index Searches: 1
   Prefetch: distance=262.256 count=562473 stalls=2 skipped=4883 resets=0 ungets=43138 forwarded=281
             histogram [2,4) => 8, [4,8) => 8, [8,16) => 9, [16,32) => 21, [32,64) => 9, [64,128) => 3, [128,256) => 112249, [256,512) => 450166
   Buffers: shared hit=494339 read=26491
 Settings: enable_bitmapscan = 'off', enable_seqscan = 'off', max_parallel_workers_per_gather = '0'
 Planning:
   Buffers: shared hit=78 read=27
 Planning Time: 2.105 ms
 Execution Time: 192.768 ms
(12 rows)

SET
SET
SET
SET
SET
                                             QUERY PLAN                                             
----------------------------------------------------------------------------------------------------
 Index Scan using idx on public.t (actual rows=524288.00 loops=1)
   Output: a, b
   Index Cond: ((t.a >= 12742) AND (t.a <= 537029))
   Index Searches: 1
   Buffers: shared hit=520843
 Settings: enable_bitmapscan = 'off', enable_seqscan = 'off', max_parallel_workers_per_gather = '0'
 Planning:
   Buffers: shared hit=110
 Planning Time: 0.195 ms
 Execution Time: 85.165 ms
(10 rows)

