SET
SET
SET
SET
SET
                                                                     QUERY PLAN                                                                      
-----------------------------------------------------------------------------------------------------------------------------------------------------
 Index Scan using idx on public.t (actual rows=9048576.00 loops=1)
   Output: a, b
   Index Cond: ((t.a >= 26650) AND (t.a <= 9075225))
   Index Searches: 1
   Prefetch: distance=262.309 count=9706774 stalls=1 skipped=84634 resets=0 ungets=742901 forwarded=4596
             histogram [2,4) => 2, [4,8) => 5, [8,16) => 11, [16,32) => 15, [32,64) => 13, [64,128) => 2, [128,256) => 1930868, [256,512) => 7775858
   Buffers: shared hit=8532799 read=455700
 Settings: enable_bitmapscan = 'off', enable_seqscan = 'off', max_parallel_workers_per_gather = '0'
 Planning:
   Buffers: shared hit=78 read=27
 Planning Time: 2.042 ms
 Execution Time: 3062.615 ms
(12 rows)

SET
SET
SET
SET
SET
                                             QUERY PLAN                                             
----------------------------------------------------------------------------------------------------
 Index Scan using idx on public.t (actual rows=9048576.00 loops=1)
   Output: a, b
   Index Cond: ((t.a >= 26650) AND (t.a <= 9075225))
   Index Searches: 1
   Buffers: shared hit=8988670
 Settings: enable_bitmapscan = 'off', enable_seqscan = 'off', max_parallel_workers_per_gather = '0'
 Planning:
   Buffers: shared hit=110
 Planning Time: 0.234 ms
 Execution Time: 1465.383 ms
(10 rows)

