SET
SET
SET
SET
SET
                                                                QUERY PLAN                                                                
------------------------------------------------------------------------------------------------------------------------------------------
 Index Scan using idx on public.t (actual rows=256.00 loops=1)
   Output: a, b
   Index Cond: ((t.a >= 4678) AND (t.a <= 4933))
   Index Searches: 1
   Prefetch: distance=154.251 count=187 stalls=4 skipped=2 resets=0 ungets=17 forwarded=0
             histogram [2,4) => 8, [4,8) => 9, [8,16) => 10, [16,32) => 18, [32,64) => 37, [64,128) => 9, [128,256) => 3, [256,512) => 93
   Buffers: shared hit=162 read=98
 Settings: enable_bitmapscan = 'off', enable_seqscan = 'off', max_parallel_workers_per_gather = '0'
 Planning:
   Buffers: shared hit=82 read=27
 Planning Time: 1.398 ms
 Execution Time: 5.304 ms
(12 rows)

SET
SET
SET
SET
SET
                                             QUERY PLAN                                             
----------------------------------------------------------------------------------------------------
 Index Scan using idx on public.t (actual rows=256.00 loops=1)
   Output: a, b
   Index Cond: ((t.a >= 4678) AND (t.a <= 4933))
   Index Searches: 1
   Buffers: shared hit=260
 Settings: enable_bitmapscan = 'off', enable_seqscan = 'off', max_parallel_workers_per_gather = '0'
 Planning:
   Buffers: shared hit=114
 Planning Time: 0.198 ms
 Execution Time: 0.164 ms
(10 rows)

