SET
SET
SET
SET
SET
                                                                   QUERY PLAN                                                                    
-------------------------------------------------------------------------------------------------------------------------------------------------
 Index Scan using idx on public.t (actual rows=4048576.00 loops=1)
   Output: a, b
   Index Cond: ((t.a >= 25952) AND (t.a <= 4074527))
   Index Searches: 1
   Prefetch: distance=262.311 count=4343139 stalls=1 skipped=37667 resets=0 ungets=332265 forwarded=2062
             histogram [2,4) => 2, [4,8) => 4, [8,16) => 9, [16,32) => 8, [32,64) => 3, [64,128) => 3, [128,256) => 864382, [256,512) => 3478728
   Buffers: shared hit=3817955 read=203944
 Settings: enable_bitmapscan = 'off', enable_seqscan = 'off', max_parallel_workers_per_gather = '0'
 Planning:
   Buffers: shared hit=78 read=27
 Planning Time: 1.995 ms
 Execution Time: 1385.712 ms
(12 rows)

SET
SET
SET
SET
SET
                                             QUERY PLAN                                             
----------------------------------------------------------------------------------------------------
 Index Scan using idx on public.t (actual rows=4048576.00 loops=1)
   Output: a, b
   Index Cond: ((t.a >= 25952) AND (t.a <= 4074527))
   Index Searches: 1
   Buffers: shared hit=4021976
 Settings: enable_bitmapscan = 'off', enable_seqscan = 'off', max_parallel_workers_per_gather = '0'
 Planning:
   Buffers: shared hit=110
 Planning Time: 0.228 ms
 Execution Time: 649.968 ms
(10 rows)

