SET
SET
SET
SET
SET
                                                                    QUERY PLAN                                                                    
--------------------------------------------------------------------------------------------------------------------------------------------------
 Index Scan using idx on public.t (actual rows=65536.00 loops=1)
   Output: a, b
   Index Cond: ((t.a >= 29170) AND (t.a <= 94705))
   Index Searches: 1
   Prefetch: distance=262.137 count=70239 stalls=4 skipped=596 resets=0 ungets=5413 forwarded=40
             histogram [2,4) => 6, [4,8) => 16, [8,16) => 16, [16,32) => 17, [32,64) => 20, [64,128) => 2, [128,256) => 13832, [256,512) => 56330
   Buffers: shared hit=61733 read=3390
 Settings: enable_bitmapscan = 'off', enable_seqscan = 'off', max_parallel_workers_per_gather = '0'
 Planning:
   Buffers: shared hit=82 read=27
 Planning Time: 2.095 ms
 Execution Time: 30.449 ms
(12 rows)

SET
SET
SET
SET
SET
                                             QUERY PLAN                                             
----------------------------------------------------------------------------------------------------
 Index Scan using idx on public.t (actual rows=65536.00 loops=1)
   Output: a, b
   Index Cond: ((t.a >= 29170) AND (t.a <= 94705))
   Index Searches: 1
   Buffers: shared hit=65124
 Settings: enable_bitmapscan = 'off', enable_seqscan = 'off', max_parallel_workers_per_gather = '0'
 Planning:
   Buffers: shared hit=114
 Planning Time: 0.218 ms
 Execution Time: 8.789 ms
(10 rows)

