SET
SET
SET
SET
SET
                                                                      QUERY PLAN                                                                       
-------------------------------------------------------------------------------------------------------------------------------------------------------
 Index Scan using idx on public.t (actual rows=9048576.00 loops=1)
   Output: a, b
   Index Cond: ((t.a >= 16016) AND (t.a <= 9064591))
   Index Searches: 1
   Prefetch: distance=262.319 count=9707283 stalls=4 skipped=84641 resets=0 ungets=743440 forwarded=4604
             histogram [2,4) => 16, [4,8) => 9, [8,16) => 12, [16,32) => 17, [32,64) => 22, [64,128) => 23, [128,256) => 1928465, [256,512) => 7778719
   Buffers: shared hit=8532801 read=455702
 Settings: enable_bitmapscan = 'off', enable_seqscan = 'off', max_parallel_workers_per_gather = '0'
 Planning:
   Buffers: shared hit=78 read=27
 Planning Time: 2.026 ms
 Execution Time: 3078.201 ms
(12 rows)

SET
SET
SET
SET
SET
                                             QUERY PLAN                                             
----------------------------------------------------------------------------------------------------
 Index Scan using idx on public.t (actual rows=9048576.00 loops=1)
   Output: a, b
   Index Cond: ((t.a >= 16016) AND (t.a <= 9064591))
   Index Searches: 1
   Buffers: shared hit=8988663
 Settings: enable_bitmapscan = 'off', enable_seqscan = 'off', max_parallel_workers_per_gather = '0'
 Planning:
   Buffers: shared hit=110
 Planning Time: 0.238 ms
 Execution Time: 1458.318 ms
(10 rows)

