SET
SET
SET
SET
SET
                                                                   QUERY PLAN                                                                    
-------------------------------------------------------------------------------------------------------------------------------------------------
 Index Scan using idx on public.t (actual rows=8192.00 loops=1)
   Output: a, b
   Index Cond: ((t.a >= 28069) AND (t.a <= 36260))
   Index Searches: 1
   Prefetch: distance=259.667 count=8658 stalls=6 skipped=71 resets=0 ungets=656 forwarded=5
             histogram [2,4) => 4, [4,8) => 12, [8,16) => 14, [16,32) => 20, [32,64) => 27, [64,128) => 23, [128,256) => 1677, [256,512) => 6881
   Buffers: shared hit=7643 read=507
 Settings: enable_bitmapscan = 'off', enable_seqscan = 'off', max_parallel_workers_per_gather = '0'
 Planning:
   Buffers: shared hit=82 read=27
 Planning Time: 2.069 ms
 Execution Time: 9.248 ms
(12 rows)

SET
SET
SET
SET
SET
                                             QUERY PLAN                                             
----------------------------------------------------------------------------------------------------
 Index Scan using idx on public.t (actual rows=8192.00 loops=1)
   Output: a, b
   Index Cond: ((t.a >= 28069) AND (t.a <= 36260))
   Index Searches: 1
   Buffers: shared hit=8150
 Settings: enable_bitmapscan = 'off', enable_seqscan = 'off', max_parallel_workers_per_gather = '0'
 Planning:
   Buffers: shared hit=114
 Planning Time: 0.206 ms
 Execution Time: 1.690 ms
(10 rows)

