SET
SET
SET
SET
SET
                                                                     QUERY PLAN                                                                     
----------------------------------------------------------------------------------------------------------------------------------------------------
 Index Scan using idx on public.t (actual rows=9048576.00 loops=1)
   Output: a, b
   Index Cond: ((t.a >= 25583) AND (t.a <= 9074158))
   Index Searches: 1
   Prefetch: distance=262.313 count=9706998 stalls=1 skipped=84635 resets=0 ungets=743095 forwarded=4578
             histogram [2,4) => 10, [4,8) => 7, [8,16) => 7, [16,32) => 10, [32,64) => 4, [64,128) => 3, [128,256) => 1929884, [256,512) => 7777073
   Buffers: shared hit=8532782 read=455697
 Settings: enable_bitmapscan = 'off', enable_seqscan = 'off', max_parallel_workers_per_gather = '0'
 Planning:
   Buffers: shared hit=78 read=27
 Planning Time: 2.022 ms
 Execution Time: 3048.427 ms
(12 rows)

SET
SET
SET
SET
SET
                                             QUERY PLAN                                             
----------------------------------------------------------------------------------------------------
 Index Scan using idx on public.t (actual rows=9048576.00 loops=1)
   Output: a, b
   Index Cond: ((t.a >= 25583) AND (t.a <= 9074158))
   Index Searches: 1
   Buffers: shared hit=8988669
 Settings: enable_bitmapscan = 'off', enable_seqscan = 'off', max_parallel_workers_per_gather = '0'
 Planning:
   Buffers: shared hit=110
 Planning Time: 0.234 ms
 Execution Time: 1457.286 ms
(10 rows)

