SET
SET
SET
SET
SET
                                                                     QUERY PLAN                                                                      
-----------------------------------------------------------------------------------------------------------------------------------------------------
 Index Scan using idx on public.t (actual rows=6048576.00 loops=1)
   Output: a, b
   Index Cond: ((t.a >= 29579) AND (t.a <= 6078154))
   Index Searches: 1
   Prefetch: distance=262.313 count=6488469 stalls=1 skipped=56426 resets=0 ungets=496387 forwarded=3098
             histogram [2,4) => 4, [4,8) => 4, [8,16) => 10, [16,32) => 13, [32,64) => 22, [64,128) => 3, [128,256) => 1289626, [256,512) => 5198787
   Buffers: shared hit=5703915 read=304645
 Settings: enable_bitmapscan = 'off', enable_seqscan = 'off', max_parallel_workers_per_gather = '0'
 Planning:
   Buffers: shared hit=78 read=27
 Planning Time: 2.012 ms
 Execution Time: 2049.672 ms
(12 rows)

SET
SET
SET
SET
SET
                                             QUERY PLAN                                             
----------------------------------------------------------------------------------------------------
 Index Scan using idx on public.t (actual rows=6048576.00 loops=1)
   Output: a, b
   Index Cond: ((t.a >= 29579) AND (t.a <= 6078154))
   Index Searches: 1
   Buffers: shared hit=6008681
 Settings: enable_bitmapscan = 'off', enable_seqscan = 'off', max_parallel_workers_per_gather = '0'
 Planning:
   Buffers: shared hit=110
 Planning Time: 0.234 ms
 Execution Time: 970.813 ms
(10 rows)

