SET
SET
SET
SET
SET
                                                                QUERY PLAN                                                                 
-------------------------------------------------------------------------------------------------------------------------------------------
 Index Scan using idx on public.t (actual rows=512.00 loops=1)
   Output: a, b
   Index Cond: ((t.a >= 10192) AND (t.a <= 10703))
   Index Searches: 1
   Prefetch: distance=247.627 count=520 stalls=2 skipped=7 resets=0 ungets=73 forwarded=0
             histogram [2,4) => 2, [4,8) => 6, [8,16) => 10, [16,32) => 13, [32,64) => 3, [64,128) => 6, [128,256) => 48, [256,512) => 432
   Buffers: shared hit=398 read=115
 Settings: enable_bitmapscan = 'off', enable_seqscan = 'off', max_parallel_workers_per_gather = '0'
 Planning:
   Buffers: shared hit=82 read=27
 Planning Time: 2.033 ms
 Execution Time: 4.931 ms
(12 rows)

SET
SET
SET
SET
SET
                                             QUERY PLAN                                             
----------------------------------------------------------------------------------------------------
 Index Scan using idx on public.t (actual rows=512.00 loops=1)
   Output: a, b
   Index Cond: ((t.a >= 10192) AND (t.a <= 10703))
   Index Searches: 1
   Buffers: shared hit=513
 Settings: enable_bitmapscan = 'off', enable_seqscan = 'off', max_parallel_workers_per_gather = '0'
 Planning:
   Buffers: shared hit=114
 Planning Time: 0.198 ms
 Execution Time: 0.217 ms
(10 rows)

