SET
SET
SET
SET
SET
                                                                   QUERY PLAN                                                                    
-------------------------------------------------------------------------------------------------------------------------------------------------
 Index Scan using idx on public.t (actual rows=262144.00 loops=1)
   Output: a, b
   Index Cond: ((t.a >= 16437) AND (t.a <= 278580))
   Index Searches: 1
   Prefetch: distance=262.220 count=281193 stalls=2 skipped=2356 resets=0 ungets=21440 forwarded=152
             histogram [2,4) => 6, [4,8) => 6, [8,16) => 10, [16,32) => 12, [32,64) => 2, [64,128) => 2, [128,256) => 56290, [256,512) => 224865
   Buffers: shared hit=247209 read=13296
 Settings: enable_bitmapscan = 'off', enable_seqscan = 'off', max_parallel_workers_per_gather = '0'
 Planning:
   Buffers: shared hit=78 read=27
 Planning Time: 2.006 ms
 Execution Time: 89.524 ms
(12 rows)

SET
SET
SET
SET
SET
                                             QUERY PLAN                                             
----------------------------------------------------------------------------------------------------
 Index Scan using idx on public.t (actual rows=262144.00 loops=1)
   Output: a, b
   Index Cond: ((t.a >= 16437) AND (t.a <= 278580))
   Index Searches: 1
   Buffers: shared hit=260511
 Settings: enable_bitmapscan = 'off', enable_seqscan = 'off', max_parallel_workers_per_gather = '0'
 Planning:
   Buffers: shared hit=110
 Planning Time: 0.198 ms
 Execution Time: 41.080 ms
(10 rows)

