SET
SET
SET
SET
SET
                                                                     QUERY PLAN                                                                      
-----------------------------------------------------------------------------------------------------------------------------------------------------
 Index Scan using idx on public.t (actual rows=7048576.00 loops=1)
   Output: a, b
   Index Cond: ((t.a >= 10172) AND (t.a <= 7058747))
   Index Searches: 1
   Prefetch: distance=262.310 count=7561051 stalls=2 skipped=65882 resets=0 ungets=578435 forwarded=3597
             histogram [2,4) => 2, [4,8) => 6, [8,16) => 10, [16,32) => 10, [32,64) => 17, [64,128) => 3, [128,256) => 1503517, [256,512) => 6057486
   Buffers: shared hit=6646837 read=354997
 Settings: enable_bitmapscan = 'off', enable_seqscan = 'off', max_parallel_workers_per_gather = '0'
 Planning:
   Buffers: shared hit=78 read=27
 Planning Time: 2.128 ms
 Execution Time: 2365.429 ms
(12 rows)

SET
SET
SET
SET
SET
                                             QUERY PLAN                                             
----------------------------------------------------------------------------------------------------
 Index Scan using idx on public.t (actual rows=7048576.00 loops=1)
   Output: a, b
   Index Cond: ((t.a >= 10172) AND (t.a <= 7058747))
   Index Searches: 1
   Buffers: shared hit=7001959
 Settings: enable_bitmapscan = 'off', enable_seqscan = 'off', max_parallel_workers_per_gather = '0'
 Planning:
   Buffers: shared hit=110
 Planning Time: 0.239 ms
 Execution Time: 1133.680 ms
(10 rows)

