SET
SET
SET
SET
SET
                                                                     QUERY PLAN                                                                      
-----------------------------------------------------------------------------------------------------------------------------------------------------
 Index Scan using idx on public.t (actual rows=9048576.00 loops=1)
   Output: a, b
   Index Cond: ((t.a >= 25895) AND (t.a <= 9074470))
   Index Searches: 1
   Prefetch: distance=262.308 count=9707351 stalls=4 skipped=84636 resets=0 ungets=743506 forwarded=4558
             histogram [2,4) => 12, [4,8) => 6, [8,16) => 9, [16,32) => 14, [32,64) => 24, [64,128) => 4, [128,256) => 1930220, [256,512) => 7777062
   Buffers: shared hit=8532805 read=455698
 Settings: enable_bitmapscan = 'off', enable_seqscan = 'off', max_parallel_workers_per_gather = '0'
 Planning:
   Buffers: shared hit=78 read=27
 Planning Time: 2.232 ms
 Execution Time: 3072.083 ms
(12 rows)

SET
SET
SET
SET
SET
                                             QUERY PLAN                                             
----------------------------------------------------------------------------------------------------
 Index Scan using idx on public.t (actual rows=9048576.00 loops=1)
   Output: a, b
   Index Cond: ((t.a >= 25895) AND (t.a <= 9074470))
   Index Searches: 1
   Buffers: shared hit=8988668
 Settings: enable_bitmapscan = 'off', enable_seqscan = 'off', max_parallel_workers_per_gather = '0'
 Planning:
   Buffers: shared hit=110
 Planning Time: 0.231 ms
 Execution Time: 1478.680 ms
(10 rows)

