SET
SET
SET
SET
SET
                                                                    QUERY PLAN                                                                    
--------------------------------------------------------------------------------------------------------------------------------------------------
 Index Scan using idx on public.t (actual rows=5048576.00 loops=1)
   Output: a, b
   Index Cond: ((t.a >= 12418) AND (t.a <= 5060993))
   Index Searches: 1
   Prefetch: distance=262.276 count=5414944 stalls=1 skipped=47036 resets=0 ungets=413431 forwarded=2590
             histogram [2,4) => 4, [4,8) => 6, [8,16) => 7, [16,32) => 8, [32,64) => 4, [64,128) => 4, [128,256) => 1081860, [256,512) => 4333051
   Buffers: shared hit=4760957 read=254294
 Settings: enable_bitmapscan = 'off', enable_seqscan = 'off', max_parallel_workers_per_gather = '0'
 Planning:
   Buffers: shared hit=78 read=27
 Planning Time: 2.012 ms
 Execution Time: 1771.707 ms
(12 rows)

SET
SET
SET
SET
SET
                                             QUERY PLAN                                             
----------------------------------------------------------------------------------------------------
 Index Scan using idx on public.t (actual rows=5048576.00 loops=1)
   Output: a, b
   Index Cond: ((t.a >= 12418) AND (t.a <= 5060993))
   Index Searches: 1
   Buffers: shared hit=5015340
 Settings: enable_bitmapscan = 'off', enable_seqscan = 'off', max_parallel_workers_per_gather = '0'
 Planning:
   Buffers: shared hit=110
 Planning Time: 0.236 ms
 Execution Time: 831.065 ms
(10 rows)

