SET
SET
SET
SET
SET
                                             QUERY PLAN                                             
----------------------------------------------------------------------------------------------------
 Index Scan Backward using idx on public.t (actual rows=4096.00 loops=1)
   Output: a, b
   Index Cond: ((t.a >= 10744) AND (t.a <= 14839))
   Index Searches: 1
   Prefetch: distance=2.085 count=410 stalls=3454 skipped=34 resets=0 ungets=0 forwarded=0
             histogram [2,4) => 398, [4,8) => 12
   Buffers: shared hit=3777 read=301
 Settings: enable_bitmapscan = 'off', enable_seqscan = 'off', max_parallel_workers_per_gather = '0'
 Planning:
   Buffers: shared hit=86 read=27
 Planning Time: 2.225 ms
 Execution Time: 20.877 ms
(12 rows)

SET
SET
SET
SET
SET
                                             QUERY PLAN                                             
----------------------------------------------------------------------------------------------------
 Index Scan Backward using idx on public.t (actual rows=4096.00 loops=1)
   Output: a, b
   Index Cond: ((t.a >= 10744) AND (t.a <= 14839))
   Index Searches: 1
   Buffers: shared hit=4078
 Settings: enable_bitmapscan = 'off', enable_seqscan = 'off', max_parallel_workers_per_gather = '0'
 Planning:
   Buffers: shared hit=118
 Planning Time: 0.153 ms
 Execution Time: 0.516 ms
(10 rows)

