SET
SET
SET
SET
SET
                                                                     QUERY PLAN                                                                     
----------------------------------------------------------------------------------------------------------------------------------------------------
 Index Scan Backward using idx on public.t (actual rows=5048576.00 loops=1)
   Output: a, b
   Index Cond: ((t.a >= 895) AND (t.a <= 5049470))
   Index Searches: 1
   Prefetch: distance=263.638 count=5478508 stalls=4 skipped=47009 resets=0 ungets=477078 forwarded=3532
             histogram [2,4) => 8, [4,8) => 9, [8,16) => 8, [16,32) => 26, [32,64) => 41, [64,128) => 44, [128,256) => 864607, [256,512) => 4613765
   Buffers: shared hit=4760976 read=254284
 Settings: enable_bitmapscan = 'off', enable_seqscan = 'off', max_parallel_workers_per_gather = '0'
 Planning:
   Buffers: shared hit=82 read=27
 Planning Time: 2.048 ms
 Execution Time: 5294.430 ms
(12 rows)

SET
SET
SET
SET
SET
                                             QUERY PLAN                                             
----------------------------------------------------------------------------------------------------
 Index Scan Backward using idx on public.t (actual rows=5048576.00 loops=1)
   Output: a, b
   Index Cond: ((t.a >= 895) AND (t.a <= 5049470))
   Index Searches: 1
   Buffers: shared hit=5015366
 Settings: enable_bitmapscan = 'off', enable_seqscan = 'off', max_parallel_workers_per_gather = '0'
 Planning:
   Buffers: shared hit=114
 Planning Time: 0.294 ms
 Execution Time: 829.649 ms
(10 rows)

