SET
SET
SET
SET
SET
                                                                   QUERY PLAN                                                                   
------------------------------------------------------------------------------------------------------------------------------------------------
 Index Scan Backward using idx on public.t (actual rows=131072.00 loops=1)
   Output: a, b
   Index Cond: ((t.a >= 28166) AND (t.a <= 159237))
   Index Searches: 1
   Prefetch: distance=263.679 count=142225 stalls=1 skipped=1182 resets=0 ungets=12362 forwarded=86
             histogram [2,4) => 4, [4,8) => 4, [8,16) => 10, [16,32) => 9, [32,64) => 2, [64,128) => 3, [128,256) => 22102, [256,512) => 120091
   Buffers: shared hit=123559 read=6693
 Settings: enable_bitmapscan = 'off', enable_seqscan = 'off', max_parallel_workers_per_gather = '0'
 Planning:
   Buffers: shared hit=82 read=27
 Planning Time: 2.015 ms
 Execution Time: 142.934 ms
(12 rows)

SET
SET
SET
SET
SET
                                             QUERY PLAN                                             
----------------------------------------------------------------------------------------------------
 Index Scan Backward using idx on public.t (actual rows=131072.00 loops=1)
   Output: a, b
   Index Cond: ((t.a >= 28166) AND (t.a <= 159237))
   Index Searches: 1
   Buffers: shared hit=130255
 Settings: enable_bitmapscan = 'off', enable_seqscan = 'off', max_parallel_workers_per_gather = '0'
 Planning:
   Buffers: shared hit=114
 Planning Time: 0.183 ms
 Execution Time: 18.736 ms
(10 rows)

