SET
SET
SET
SET
SET
                                                                    QUERY PLAN                                                                    
--------------------------------------------------------------------------------------------------------------------------------------------------
 Index Scan Backward using idx on public.t (actual rows=2048576.00 loops=1)
   Output: a, b
   Index Cond: ((t.a >= 10571) AND (t.a <= 2059146))
   Index Searches: 1
   Prefetch: distance=263.654 count=2222820 stalls=3 skipped=19134 resets=0 ungets=193410 forwarded=1401
             histogram [2,4) => 4, [4,8) => 4, [8,16) => 8, [16,32) => 13, [32,64) => 8, [64,128) => 2, [128,256) => 350201, [256,512) => 1872580
   Buffers: shared hit=1931765 read=103240
 Settings: enable_bitmapscan = 'off', enable_seqscan = 'off', max_parallel_workers_per_gather = '0'
 Planning:
   Buffers: shared hit=82 read=27
 Planning Time: 2.113 ms
 Execution Time: 2136.985 ms
(12 rows)

SET
SET
SET
SET
SET
                                             QUERY PLAN                                             
----------------------------------------------------------------------------------------------------
 Index Scan Backward using idx on public.t (actual rows=2048576.00 loops=1)
   Output: a, b
   Index Cond: ((t.a >= 10571) AND (t.a <= 2059146))
   Index Searches: 1
   Buffers: shared hit=2035045
 Settings: enable_bitmapscan = 'off', enable_seqscan = 'off', max_parallel_workers_per_gather = '0'
 Planning:
   Buffers: shared hit=114
 Planning Time: 0.229 ms
 Execution Time: 335.794 ms
(10 rows)

