SET
SET
SET
SET
SET
                                                                    QUERY PLAN                                                                    
--------------------------------------------------------------------------------------------------------------------------------------------------
 Index Scan Backward using idx on public.t (actual rows=4048576.00 loops=1)
   Output: a, b
   Index Cond: ((t.a >= 10025) AND (t.a <= 4058600))
   Index Searches: 1
   Prefetch: distance=263.655 count=4393716 stalls=3 skipped=37686 resets=0 ungets=382854 forwarded=2826
             histogram [2,4) => 2, [4,8) => 3, [8,16) => 11, [16,32) => 6, [32,64) => 3, [64,128) => 2, [128,256) => 691133, [256,512) => 3702556
   Buffers: shared hit=3817916 read=203945
 Settings: enable_bitmapscan = 'off', enable_seqscan = 'off', max_parallel_workers_per_gather = '0'
 Planning:
   Buffers: shared hit=82 read=27
 Planning Time: 2.089 ms
 Execution Time: 4234.308 ms
(12 rows)

SET
SET
SET
SET
SET
                                             QUERY PLAN                                             
----------------------------------------------------------------------------------------------------
 Index Scan Backward using idx on public.t (actual rows=4048576.00 loops=1)
   Output: a, b
   Index Cond: ((t.a >= 10025) AND (t.a <= 4058600))
   Index Searches: 1
   Buffers: shared hit=4021958
 Settings: enable_bitmapscan = 'off', enable_seqscan = 'off', max_parallel_workers_per_gather = '0'
 Planning:
   Buffers: shared hit=114
 Planning Time: 0.267 ms
 Execution Time: 661.687 ms
(10 rows)

