SET
SET
SET
SET
SET
                                                                     QUERY PLAN                                                                     
----------------------------------------------------------------------------------------------------------------------------------------------------
 Index Scan Backward using idx on public.t (actual rows=8048576.00 loops=1)
   Output: a, b
   Index Cond: ((t.a >= 6429) AND (t.a <= 8055004))
   Index Searches: 1
   Prefetch: distance=263.634 count=8733400 stalls=1 skipped=75200 resets=0 ungets=760100 forwarded=5644
             histogram [2,4) => 2, [4,8) => 8, [8,16) => 7, [16,32) => 17, [32,64) => 16, [64,128) => 8, [128,256) => 1381223, [256,512) => 7352119
   Buffers: shared hit=7589864 read=405349
 Settings: enable_bitmapscan = 'off', enable_seqscan = 'off', max_parallel_workers_per_gather = '0'
 Planning:
   Buffers: shared hit=82 read=27
 Planning Time: 2.017 ms
 Execution Time: 8492.351 ms
(12 rows)

SET
SET
SET
SET
SET
                                             QUERY PLAN                                             
----------------------------------------------------------------------------------------------------
 Index Scan Backward using idx on public.t (actual rows=8048576.00 loops=1)
   Output: a, b
   Index Cond: ((t.a >= 6429) AND (t.a <= 8055004))
   Index Searches: 1
   Buffers: shared hit=7995372
 Settings: enable_bitmapscan = 'off', enable_seqscan = 'off', max_parallel_workers_per_gather = '0'
 Planning:
   Buffers: shared hit=114
 Planning Time: 0.216 ms
 Execution Time: 1327.075 ms
(10 rows)

