SET
SET
SET
SET
SET
                                             QUERY PLAN                                             
----------------------------------------------------------------------------------------------------
 Index Scan using idx on public.t (actual rows=256.00 loops=1)
   Output: a, b
   Index Cond: ((t.a >= '-31288'::integer) AND (t.a <= '-31225'::integer))
   Index Searches: 1
   Prefetch: distance=4.074 count=27 stalls=33 skipped=1 resets=0 ungets=0 forwarded=0
             histogram [2,4) => 12, [4,8) => 13, [8,16) => 2
   Buffers: shared hit=158 read=96
 Settings: enable_bitmapscan = 'off', enable_seqscan = 'off', max_parallel_workers_per_gather = '0'
 Planning:
   Buffers: shared hit=81 read=28
 Planning Time: 2.080 ms
 Execution Time: 5.926 ms
(12 rows)

SET
SET
SET
SET
SET
                                             QUERY PLAN                                             
----------------------------------------------------------------------------------------------------
 Index Scan using idx on public.t (actual rows=256.00 loops=1)
   Output: a, b
   Index Cond: ((t.a >= '-31288'::integer) AND (t.a <= '-31225'::integer))
   Index Searches: 1
   Buffers: shared hit=254
 Settings: enable_bitmapscan = 'off', enable_seqscan = 'off', max_parallel_workers_per_gather = '0'
 Planning:
   Buffers: shared hit=114
 Planning Time: 0.184 ms
 Execution Time: 0.146 ms
(10 rows)

