SET
SET
SET
SET
SET
                                                                  QUERY PLAN                                                                   
-----------------------------------------------------------------------------------------------------------------------------------------------
 Index Scan Backward using idx on public.t (actual rows=4096.00 loops=1)
   Output: a, b
   Index Cond: ((t.a >= 1110) AND (t.a <= 5205))
   Index Searches: 1
   Prefetch: distance=259.557 count=4351 stalls=12 skipped=37 resets=0 ungets=384 forwarded=3
             histogram [2,4) => 10, [4,8) => 6, [8,16) => 17, [16,32) => 16, [32,64) => 19, [64,128) => 8, [128,256) => 660, [256,512) => 3615
   Buffers: shared hit=3787 read=289
 Settings: enable_bitmapscan = 'off', enable_seqscan = 'off', max_parallel_workers_per_gather = '0'
 Planning:
   Buffers: shared hit=86 read=27
 Planning Time: 2.055 ms
 Execution Time: 9.471 ms
(12 rows)

SET
SET
SET
SET
SET
                                             QUERY PLAN                                             
----------------------------------------------------------------------------------------------------
 Index Scan Backward using idx on public.t (actual rows=4096.00 loops=1)
   Output: a, b
   Index Cond: ((t.a >= 1110) AND (t.a <= 5205))
   Index Searches: 1
   Buffers: shared hit=4076
 Settings: enable_bitmapscan = 'off', enable_seqscan = 'off', max_parallel_workers_per_gather = '0'
 Planning:
   Buffers: shared hit=118
 Planning Time: 0.159 ms
 Execution Time: 0.506 ms
(10 rows)

