SET
SET
SET
SET
SET
                                                                 QUERY PLAN                                                                 
--------------------------------------------------------------------------------------------------------------------------------------------
 Index Scan Backward using idx on public.t (actual rows=2048.00 loops=1)
   Output: a, b
   Index Cond: ((t.a >= 12969) AND (t.a <= 15016))
   Index Searches: 1
   Prefetch: distance=262.437 count=2293 stalls=1 skipped=22 resets=0 ungets=277 forwarded=4
             histogram [2,4) => 2, [4,8) => 6, [8,16) => 7, [16,32) => 10, [32,64) => 2, [64,128) => 2, [128,256) => 247, [256,512) => 2017
   Buffers: shared hit=1840 read=198
 Settings: enable_bitmapscan = 'off', enable_seqscan = 'off', max_parallel_workers_per_gather = '0'
 Planning:
   Buffers: shared hit=86 read=27
 Planning Time: 2.056 ms
 Execution Time: 5.056 ms
(12 rows)

SET
SET
SET
SET
SET
                                             QUERY PLAN                                             
----------------------------------------------------------------------------------------------------
 Index Scan Backward using idx on public.t (actual rows=2048.00 loops=1)
   Output: a, b
   Index Cond: ((t.a >= 12969) AND (t.a <= 15016))
   Index Searches: 1
   Buffers: shared hit=2038
 Settings: enable_bitmapscan = 'off', enable_seqscan = 'off', max_parallel_workers_per_gather = '0'
 Planning:
   Buffers: shared hit=118
 Planning Time: 0.237 ms
 Execution Time: 0.317 ms
(10 rows)

