SET
SET
SET
SET
SET
                                                                    QUERY PLAN                                                                     
---------------------------------------------------------------------------------------------------------------------------------------------------
 Index Scan Backward using idx on public.t (actual rows=1048576.00 loops=1)
   Output: a, b
   Index Cond: ((t.a >= 23865) AND (t.a <= 1072440))
   Index Searches: 1
   Prefetch: distance=263.633 count=1137794 stalls=1 skipped=9748 resets=0 ungets=99026 forwarded=709
             histogram [2,4) => 4, [4,8) => 8, [8,16) => 19, [16,32) => 16, [32,64) => 20, [64,128) => 2, [128,256) => 179608, [256,512) => 958117
   Buffers: shared hit=988792 read=52888
 Settings: enable_bitmapscan = 'off', enable_seqscan = 'off', max_parallel_workers_per_gather = '0'
 Planning:
   Buffers: shared hit=82 read=27
 Planning Time: 2.041 ms
 Execution Time: 1101.309 ms
(12 rows)

SET
SET
SET
SET
SET
                                             QUERY PLAN                                             
----------------------------------------------------------------------------------------------------
 Index Scan Backward using idx on public.t (actual rows=1048576.00 loops=1)
   Output: a, b
   Index Cond: ((t.a >= 23865) AND (t.a <= 1072440))
   Index Searches: 1
   Buffers: shared hit=1041699
 Settings: enable_bitmapscan = 'off', enable_seqscan = 'off', max_parallel_workers_per_gather = '0'
 Planning:
   Buffers: shared hit=114
 Planning Time: 0.236 ms
 Execution Time: 173.959 ms
(10 rows)

