SET
SET
SET
SET
SET
                                                                 QUERY PLAN                                                                  
---------------------------------------------------------------------------------------------------------------------------------------------
 Index Scan using idx on public.t (actual rows=8192.00 loops=1)
   Output: a, b
   Index Cond: ((t.a >= '-30407'::integer) AND (t.a <= '-28360'::integer))
   Index Searches: 1
   Prefetch: distance=263.739 count=8915 stalls=1 skipped=125 resets=0 ungets=860 forwarded=19
             histogram [2,4) => 2, [4,8) => 6, [8,16) => 9, [16,32) => 11, [32,64) => 3, [64,128) => 2, [128,256) => 1118, [256,512) => 7764
   Buffers: shared hit=7592 read=492
 Settings: enable_bitmapscan = 'off', enable_seqscan = 'off', max_parallel_workers_per_gather = '0'
 Planning:
   Buffers: shared hit=81 read=28
 Planning Time: 2.059 ms
 Execution Time: 11.159 ms
(12 rows)

SET
SET
SET
SET
SET
                                             QUERY PLAN                                             
----------------------------------------------------------------------------------------------------
 Index Scan using idx on public.t (actual rows=8192.00 loops=1)
   Output: a, b
   Index Cond: ((t.a >= '-30407'::integer) AND (t.a <= '-28360'::integer))
   Index Searches: 1
   Buffers: shared hit=8086
 Settings: enable_bitmapscan = 'off', enable_seqscan = 'off', max_parallel_workers_per_gather = '0'
 Planning:
   Buffers: shared hit=114
 Planning Time: 0.132 ms
 Execution Time: 0.844 ms
(10 rows)

