SET
SET
SET
SET
SET
                                                                    QUERY PLAN                                                                     
---------------------------------------------------------------------------------------------------------------------------------------------------
 Index Scan using idx on public.t (actual rows=32768.00 loops=1)
   Output: a, b
   Index Cond: ((t.a >= '-37604'::integer) AND (t.a <= '-29413'::integer))
   Index Searches: 1
   Prefetch: distance=263.510 count=35489 stalls=6 skipped=460 resets=0 ungets=3262 forwarded=78
             histogram [2,4) => 16, [4,8) => 10, [8,16) => 13, [16,32) => 16, [32,64) => 26, [64,128) => 26, [128,256) => 4842, [256,512) => 30540
   Buffers: shared hit=30659 read=1698
 Settings: enable_bitmapscan = 'off', enable_seqscan = 'off', max_parallel_workers_per_gather = '0'
 Planning:
   Buffers: shared hit=81 read=28
 Planning Time: 2.073 ms
 Execution Time: 40.292 ms
(12 rows)

SET
SET
SET
SET
SET
                                             QUERY PLAN                                             
----------------------------------------------------------------------------------------------------
 Index Scan using idx on public.t (actual rows=32768.00 loops=1)
   Output: a, b
   Index Cond: ((t.a >= '-37604'::integer) AND (t.a <= '-29413'::integer))
   Index Searches: 1
   Buffers: shared hit=32361
 Settings: enable_bitmapscan = 'off', enable_seqscan = 'off', max_parallel_workers_per_gather = '0'
 Planning:
   Buffers: shared hit=114
 Planning Time: 0.206 ms
 Execution Time: 5.116 ms
(10 rows)

