SET
SET
SET
SET
SET
                                                                   QUERY PLAN                                                                   
------------------------------------------------------------------------------------------------------------------------------------------------
 Index Scan using idx on public.t (actual rows=65536.00 loops=1)
   Output: a, b
   Index Cond: ((t.a >= '-28744'::integer) AND (t.a <= '-12361'::integer))
   Index Searches: 1
   Prefetch: distance=263.882 count=70924 stalls=1 skipped=1002 resets=0 ungets=6430 forwarded=146
             histogram [2,4) => 2, [4,8) => 6, [8,16) => 9, [16,32) => 13, [32,64) => 10, [64,128) => 4, [128,256) => 10343, [256,512) => 60537
   Buffers: shared hit=61325 read=3309
 Settings: enable_bitmapscan = 'off', enable_seqscan = 'off', max_parallel_workers_per_gather = '0'
 Planning:
   Buffers: shared hit=81 read=28
 Planning Time: 2.069 ms
 Execution Time: 72.897 ms
(12 rows)

SET
SET
SET
SET
SET
                                             QUERY PLAN                                             
----------------------------------------------------------------------------------------------------
 Index Scan using idx on public.t (actual rows=65536.00 loops=1)
   Output: a, b
   Index Cond: ((t.a >= '-28744'::integer) AND (t.a <= '-12361'::integer))
   Index Searches: 1
   Buffers: shared hit=64637
 Settings: enable_bitmapscan = 'off', enable_seqscan = 'off', max_parallel_workers_per_gather = '0'
 Planning:
   Buffers: shared hit=114
 Planning Time: 0.233 ms
 Execution Time: 6.786 ms
(10 rows)

