SET
SET
SET
SET
SET
                                             QUERY PLAN                                             
----------------------------------------------------------------------------------------------------
 Index Scan Backward using idx on public.t (actual rows=256.00 loops=1)
   Output: a, b
   Index Cond: ((t.a >= 24128) AND (t.a <= 24383))
   Index Searches: 1
   Prefetch: distance=2.600 count=5 stalls=25 skipped=0 resets=0 ungets=0 forwarded=0
             histogram [2,4) => 4, [4,8) => 1
   Buffers: shared hit=165 read=98
 Settings: enable_bitmapscan = 'off', enable_seqscan = 'off', max_parallel_workers_per_gather = '0'
 Planning:
   Buffers: shared hit=86 read=27
 Planning Time: 1.410 ms
 Execution Time: 5.792 ms
(12 rows)

SET
SET
SET
SET
SET
                                             QUERY PLAN                                             
----------------------------------------------------------------------------------------------------
 Index Scan Backward using idx on public.t (actual rows=256.00 loops=1)
   Output: a, b
   Index Cond: ((t.a >= 24128) AND (t.a <= 24383))
   Index Searches: 1
   Buffers: shared hit=263
 Settings: enable_bitmapscan = 'off', enable_seqscan = 'off', max_parallel_workers_per_gather = '0'
 Planning:
   Buffers: shared hit=118
 Planning Time: 0.134 ms
 Execution Time: 0.090 ms
(10 rows)

