SET
SET
SET
SET
SET
                                                                     QUERY PLAN                                                                      
-----------------------------------------------------------------------------------------------------------------------------------------------------
 Index Scan Backward using idx on public.t (actual rows=4048576.00 loops=1)
   Output: a, b
   Index Cond: ((t.a >= 13381) AND (t.a <= 4061956))
   Index Searches: 1
   Prefetch: distance=263.658 count=4393932 stalls=1 skipped=37681 resets=0 ungets=383125 forwarded=2819
             histogram [2,4) => 2, [4,8) => 8, [8,16) => 10, [16,32) => 26, [32,64) => 28, [64,128) => 15, [128,256) => 690778, [256,512) => 3703065
   Buffers: shared hit=3817935 read=203944
 Settings: enable_bitmapscan = 'off', enable_seqscan = 'off', max_parallel_workers_per_gather = '0'
 Planning:
   Buffers: shared hit=82 read=27
 Planning Time: 2.061 ms
 Execution Time: 4241.262 ms
(12 rows)

SET
SET
SET
SET
SET
                                             QUERY PLAN                                             
----------------------------------------------------------------------------------------------------
 Index Scan Backward using idx on public.t (actual rows=4048576.00 loops=1)
   Output: a, b
   Index Cond: ((t.a >= 13381) AND (t.a <= 4061956))
   Index Searches: 1
   Buffers: shared hit=4021963
 Settings: enable_bitmapscan = 'off', enable_seqscan = 'off', max_parallel_workers_per_gather = '0'
 Planning:
   Buffers: shared hit=114
 Planning Time: 0.301 ms
 Execution Time: 671.817 ms
(10 rows)

