SET
SET
SET
SET
SET
                                                                      QUERY PLAN                                                                       
-------------------------------------------------------------------------------------------------------------------------------------------------------
 Index Scan Backward using idx on public.t (actual rows=7048576.00 loops=1)
   Output: a, b
   Index Cond: ((t.a >= 18706) AND (t.a <= 7067281))
   Index Searches: 1
   Prefetch: distance=263.632 count=7648093 stalls=30 skipped=65892 resets=0 ungets=665625 forwarded=4921
             histogram [2,4) => 18, [4,8) => 7, [8,16) => 18, [16,32) => 37, [32,64) => 53, [64,128) => 65, [128,256) => 1208432, [256,512) => 6439463
   Buffers: shared hit=6646805 read=354998
 Settings: enable_bitmapscan = 'off', enable_seqscan = 'off', max_parallel_workers_per_gather = '0'
 Planning:
   Buffers: shared hit=82 read=27
 Planning Time: 2.028 ms
 Execution Time: 7421.012 ms
(12 rows)

SET
SET
SET
SET
SET
                                             QUERY PLAN                                             
----------------------------------------------------------------------------------------------------
 Index Scan Backward using idx on public.t (actual rows=7048576.00 loops=1)
   Output: a, b
   Index Cond: ((t.a >= 18706) AND (t.a <= 7067281))
   Index Searches: 1
   Buffers: shared hit=7001946
 Settings: enable_bitmapscan = 'off', enable_seqscan = 'off', max_parallel_workers_per_gather = '0'
 Planning:
   Buffers: shared hit=114
 Planning Time: 0.292 ms
 Execution Time: 1161.536 ms
(10 rows)

