SET
SET
SET
SET
SET
                                                                    QUERY PLAN                                                                     
---------------------------------------------------------------------------------------------------------------------------------------------------
 Index Scan Backward using idx on public.t (actual rows=3048576.00 loops=1)
   Output: a, b
   Index Cond: ((t.a >= 16351) AND (t.a <= 3064926))
   Index Searches: 1
   Prefetch: distance=263.647 count=3308302 stalls=2 skipped=28386 resets=0 ungets=288155 forwarded=2085
             histogram [2,4) => 4, [4,8) => 5, [8,16) => 7, [16,32) => 13, [32,64) => 11, [64,128) => 3, [128,256) => 521792, [256,512) => 2786467
   Buffers: shared hit=2874865 read=153594
 Settings: enable_bitmapscan = 'off', enable_seqscan = 'off', max_parallel_workers_per_gather = '0'
 Planning:
   Buffers: shared hit=82 read=27
 Planning Time: 2.234 ms
 Execution Time: 3190.342 ms
(12 rows)

SET
SET
SET
SET
SET
                                             QUERY PLAN                                             
----------------------------------------------------------------------------------------------------
 Index Scan Backward using idx on public.t (actual rows=3048576.00 loops=1)
   Output: a, b
   Index Cond: ((t.a >= 16351) AND (t.a <= 3064926))
   Index Searches: 1
   Buffers: shared hit=3028525
 Settings: enable_bitmapscan = 'off', enable_seqscan = 'off', max_parallel_workers_per_gather = '0'
 Planning:
   Buffers: shared hit=114
 Planning Time: 0.285 ms
 Execution Time: 506.756 ms
(10 rows)

