SET
SET
SET
SET
SET
                                             QUERY PLAN                                             
----------------------------------------------------------------------------------------------------
 Index Scan Backward using idx on public.t (actual rows=2048.00 loops=1)
   Output: a, b
   Index Cond: ((t.a >= 9121) AND (t.a <= 11168))
   Index Searches: 1
   Prefetch: distance=2.067 count=194 stalls=1650 skipped=17 resets=0 ungets=0 forwarded=0
             histogram [2,4) => 190, [4,8) => 4
   Buffers: shared hit=1843 read=199
 Settings: enable_bitmapscan = 'off', enable_seqscan = 'off', max_parallel_workers_per_gather = '0'
 Planning:
   Buffers: shared hit=86 read=27
 Planning Time: 2.029 ms
 Execution Time: 12.957 ms
(12 rows)

SET
SET
SET
SET
SET
                                             QUERY PLAN                                             
----------------------------------------------------------------------------------------------------
 Index Scan Backward using idx on public.t (actual rows=2048.00 loops=1)
   Output: a, b
   Index Cond: ((t.a >= 9121) AND (t.a <= 11168))
   Index Searches: 1
   Buffers: shared hit=2042
 Settings: enable_bitmapscan = 'off', enable_seqscan = 'off', max_parallel_workers_per_gather = '0'
 Planning:
   Buffers: shared hit=118
 Planning Time: 0.241 ms
 Execution Time: 0.504 ms
(10 rows)

