SET
SET
SET
SET
SET
                                                                     QUERY PLAN                                                                     
----------------------------------------------------------------------------------------------------------------------------------------------------
 Index Scan Backward using idx on public.t (actual rows=4048576.00 loops=1)
   Output: a, b
   Index Cond: ((t.a >= 24375) AND (t.a <= 4072950))
   Index Searches: 1
   Prefetch: distance=263.654 count=4393598 stalls=6 skipped=37665 resets=0 ungets=382794 forwarded=2849
             histogram [2,4) => 6, [4,8) => 5, [8,16) => 9, [16,32) => 28, [32,64) => 26, [64,128) => 24, [128,256) => 690679, [256,512) => 3702821
   Buffers: shared hit=3817941 read=203941
 Settings: enable_bitmapscan = 'off', enable_seqscan = 'off', max_parallel_workers_per_gather = '0'
 Planning:
   Buffers: shared hit=82 read=27
 Planning Time: 2.018 ms
 Execution Time: 4268.416 ms
(12 rows)

SET
SET
SET
SET
SET
                                             QUERY PLAN                                             
----------------------------------------------------------------------------------------------------
 Index Scan Backward using idx on public.t (actual rows=4048576.00 loops=1)
   Output: a, b
   Index Cond: ((t.a >= 24375) AND (t.a <= 4072950))
   Index Searches: 1
   Buffers: shared hit=4021978
 Settings: enable_bitmapscan = 'off', enable_seqscan = 'off', max_parallel_workers_per_gather = '0'
 Planning:
   Buffers: shared hit=114
 Planning Time: 0.260 ms
 Execution Time: 669.482 ms
(10 rows)

