SET
SET
SET
SET
SET
                                                                  QUERY PLAN                                                                   
-----------------------------------------------------------------------------------------------------------------------------------------------
 Index Scan Backward using idx on public.t (actual rows=16384.00 loops=1)
   Output: a, b
   Index Cond: ((t.a >= 8224) AND (t.a <= 24607))
   Index Searches: 1
   Prefetch: distance=262.921 count=17673 stalls=4 skipped=157 resets=0 ungets=1535 forwarded=10
             histogram [2,4) => 2, [4,8) => 6, [8,16) => 8, [16,32) => 14, [32,64) => 21, [64,128) => 5, [128,256) => 2770, [256,512) => 14847
   Buffers: shared hit=15358 read=917
 Settings: enable_bitmapscan = 'off', enable_seqscan = 'off', max_parallel_workers_per_gather = '0'
 Planning:
   Buffers: shared hit=86 read=27
 Planning Time: 2.033 ms
 Execution Time: 23.547 ms
(12 rows)

SET
SET
SET
SET
SET
                                             QUERY PLAN                                             
----------------------------------------------------------------------------------------------------
 Index Scan Backward using idx on public.t (actual rows=16384.00 loops=1)
   Output: a, b
   Index Cond: ((t.a >= 8224) AND (t.a <= 24607))
   Index Searches: 1
   Buffers: shared hit=16276
 Settings: enable_bitmapscan = 'off', enable_seqscan = 'off', max_parallel_workers_per_gather = '0'
 Planning:
   Buffers: shared hit=118
 Planning Time: 0.176 ms
 Execution Time: 2.873 ms
(10 rows)

