SET
SET
SET
SET
SET
                                                                    QUERY PLAN                                                                     
---------------------------------------------------------------------------------------------------------------------------------------------------
 Index Scan Backward using idx on public.t (actual rows=7048576.00 loops=1)
   Output: a, b
   Index Cond: ((t.a >= 8301) AND (t.a <= 7056876))
   Index Searches: 1
   Prefetch: distance=263.632 count=7648185 stalls=1 skipped=65875 resets=0 ungets=665514 forwarded=4913
             histogram [2,4) => 2, [4,8) => 5, [8,16) => 9, [16,32) => 15, [32,64) => 5, [64,128) => 2, [128,256) => 1208964, [256,512) => 6439183
   Buffers: shared hit=6646816 read=354997
 Settings: enable_bitmapscan = 'off', enable_seqscan = 'off', max_parallel_workers_per_gather = '0'
 Planning:
   Buffers: shared hit=82 read=27
 Planning Time: 2.017 ms
 Execution Time: 7448.088 ms
(12 rows)

SET
SET
SET
SET
SET
                                             QUERY PLAN                                             
----------------------------------------------------------------------------------------------------
 Index Scan Backward using idx on public.t (actual rows=7048576.00 loops=1)
   Output: a, b
   Index Cond: ((t.a >= 8301) AND (t.a <= 7056876))
   Index Searches: 1
   Buffers: shared hit=7001966
 Settings: enable_bitmapscan = 'off', enable_seqscan = 'off', max_parallel_workers_per_gather = '0'
 Planning:
   Buffers: shared hit=114
 Planning Time: 0.278 ms
 Execution Time: 1159.589 ms
(10 rows)

