SET
SET
SET
SET
SET
                                                                     QUERY PLAN                                                                      
-----------------------------------------------------------------------------------------------------------------------------------------------------
 Index Scan Backward using idx on public.t (actual rows=6048576.00 loops=1)
   Output: a, b
   Index Cond: ((t.a >= 1495) AND (t.a <= 6050070))
   Index Searches: 1
   Prefetch: distance=263.636 count=6563434 stalls=5 skipped=56388 resets=0 ungets=571340 forwarded=4158
             histogram [2,4) => 8, [4,8) => 5, [8,16) => 10, [16,32) => 10, [32,64) => 20, [64,128) => 8, [128,256) => 1036359, [256,512) => 5527014
   Buffers: shared hit=5703949 read=304642
 Settings: enable_bitmapscan = 'off', enable_seqscan = 'off', max_parallel_workers_per_gather = '0'
 Planning:
   Buffers: shared hit=82 read=27
 Planning Time: 2.071 ms
 Execution Time: 6401.256 ms
(12 rows)

SET
SET
SET
SET
SET
                                             QUERY PLAN                                             
----------------------------------------------------------------------------------------------------
 Index Scan Backward using idx on public.t (actual rows=6048576.00 loops=1)
   Output: a, b
   Index Cond: ((t.a >= 1495) AND (t.a <= 6050070))
   Index Searches: 1
   Buffers: shared hit=6008719
 Settings: enable_bitmapscan = 'off', enable_seqscan = 'off', max_parallel_workers_per_gather = '0'
 Planning:
   Buffers: shared hit=114
 Planning Time: 0.283 ms
 Execution Time: 989.424 ms
(10 rows)

