SET
SET
SET
SET
SET
                                                               QUERY PLAN                                                                
-----------------------------------------------------------------------------------------------------------------------------------------
 Index Scan Backward using idx on public.t (actual rows=256.00 loops=1)
   Output: a, b
   Index Cond: ((t.a >= 8544) AND (t.a <= 8799))
   Index Searches: 1
   Prefetch: distance=244.695 count=315 stalls=1 skipped=2 resets=0 ungets=76 forwarded=0
             histogram [2,4) => 6, [4,8) => 5, [8,16) => 6, [16,32) => 10, [32,64) => 2, [64,128) => 2, [128,256) => 3, [256,512) => 281
   Buffers: shared hit=164 read=97
 Settings: enable_bitmapscan = 'off', enable_seqscan = 'off', max_parallel_workers_per_gather = '0'
 Planning:
   Buffers: shared hit=86 read=27
 Planning Time: 1.428 ms
 Execution Time: 2.359 ms
(12 rows)

SET
SET
SET
SET
SET
                                             QUERY PLAN                                             
----------------------------------------------------------------------------------------------------
 Index Scan Backward using idx on public.t (actual rows=256.00 loops=1)
   Output: a, b
   Index Cond: ((t.a >= 8544) AND (t.a <= 8799))
   Index Searches: 1
   Buffers: shared hit=261
 Settings: enable_bitmapscan = 'off', enable_seqscan = 'off', max_parallel_workers_per_gather = '0'
 Planning:
   Buffers: shared hit=118
 Planning Time: 0.190 ms
 Execution Time: 0.166 ms
(10 rows)

