SET
SET
SET
SET
SET
                                                                 QUERY PLAN                                                                  
---------------------------------------------------------------------------------------------------------------------------------------------
 Index Scan Backward using idx on public.t (actual rows=1024.00 loops=1)
   Output: a, b
   Index Cond: ((t.a >= 11113) AND (t.a <= 12136))
   Index Searches: 1
   Prefetch: distance=250.616 count=1074 stalls=2 skipped=8 resets=0 ungets=117 forwarded=1
             histogram [2,4) => 6, [4,8) => 10, [8,16) => 13, [16,32) => 14, [32,64) => 21, [64,128) => 5, [128,256) => 81, [256,512) => 924
   Buffers: shared hit=882 read=143
 Settings: enable_bitmapscan = 'off', enable_seqscan = 'off', max_parallel_workers_per_gather = '0'
 Planning:
   Buffers: shared hit=86 read=27
 Planning Time: 2.033 ms
 Execution Time: 6.401 ms
(12 rows)

SET
SET
SET
SET
SET
                                             QUERY PLAN                                             
----------------------------------------------------------------------------------------------------
 Index Scan Backward using idx on public.t (actual rows=1024.00 loops=1)
   Output: a, b
   Index Cond: ((t.a >= 11113) AND (t.a <= 12136))
   Index Searches: 1
   Buffers: shared hit=1025
 Settings: enable_bitmapscan = 'off', enable_seqscan = 'off', max_parallel_workers_per_gather = '0'
 Planning:
   Buffers: shared hit=118
 Planning Time: 0.194 ms
 Execution Time: 0.290 ms
(10 rows)

