SET
SET
SET
SET
SET
                                                                    QUERY PLAN                                                                     
---------------------------------------------------------------------------------------------------------------------------------------------------
 Index Scan Backward using idx on public.t (actual rows=65536.00 loops=1)
   Output: a, b
   Index Cond: ((t.a >= 442) AND (t.a <= 65977))
   Index Searches: 1
   Prefetch: distance=263.349 count=71007 stalls=2 skipped=605 resets=0 ungets=6174 forwarded=35
             histogram [2,4) => 2, [4,8) => 13, [8,16) => 17, [16,32) => 13, [32,64) => 36, [64,128) => 12, [128,256) => 11117, [256,512) => 59797
   Buffers: shared hit=61752 read=3363
 Settings: enable_bitmapscan = 'off', enable_seqscan = 'off', max_parallel_workers_per_gather = '0'
 Planning:
   Buffers: shared hit=86 read=27
 Planning Time: 2.038 ms
 Execution Time: 74.852 ms
(12 rows)

SET
SET
SET
SET
SET
                                             QUERY PLAN                                             
----------------------------------------------------------------------------------------------------
 Index Scan Backward using idx on public.t (actual rows=65536.00 loops=1)
   Output: a, b
   Index Cond: ((t.a >= 442) AND (t.a <= 65977))
   Index Searches: 1
   Buffers: shared hit=65116
 Settings: enable_bitmapscan = 'off', enable_seqscan = 'off', max_parallel_workers_per_gather = '0'
 Planning:
   Buffers: shared hit=118
 Planning Time: 0.222 ms
 Execution Time: 10.601 ms
(10 rows)

