SET
SET
SET
SET
SET
                                                                     QUERY PLAN                                                                      
-----------------------------------------------------------------------------------------------------------------------------------------------------
 Index Scan Backward using idx on public.t (actual rows=5048576.00 loops=1)
   Output: a, b
   Index Cond: ((t.a >= 25036) AND (t.a <= 5073611))
   Index Searches: 1
   Prefetch: distance=263.639 count=5478565 stalls=2 skipped=47017 resets=0 ungets=477126 forwarded=3525
             histogram [2,4) => 4, [4,8) => 6, [8,16) => 25, [16,32) => 16, [32,64) => 25, [64,128) => 12, [128,256) => 864297, [256,512) => 4614180
   Buffers: shared hit=4760944 read=254293
 Settings: enable_bitmapscan = 'off', enable_seqscan = 'off', max_parallel_workers_per_gather = '0'
 Planning:
   Buffers: shared hit=82 read=27
 Planning Time: 2.052 ms
 Execution Time: 5324.832 ms
(12 rows)

SET
SET
SET
SET
SET
                                             QUERY PLAN                                             
----------------------------------------------------------------------------------------------------
 Index Scan Backward using idx on public.t (actual rows=5048576.00 loops=1)
   Output: a, b
   Index Cond: ((t.a >= 25036) AND (t.a <= 5073611))
   Index Searches: 1
   Buffers: shared hit=5015359
 Settings: enable_bitmapscan = 'off', enable_seqscan = 'off', max_parallel_workers_per_gather = '0'
 Planning:
   Buffers: shared hit=114
 Planning Time: 0.300 ms
 Execution Time: 835.063 ms
(10 rows)

