SET
SET
SET
SET
SET
                                                                 QUERY PLAN                                                                 
--------------------------------------------------------------------------------------------------------------------------------------------
 Index Scan Backward using idx on public.t (actual rows=2048.00 loops=1)
   Output: a, b
   Index Cond: ((t.a >= 23171) AND (t.a <= 25218))
   Index Searches: 1
   Prefetch: distance=255.812 count=2095 stalls=1 skipped=13 resets=0 ungets=96 forwarded=1
             histogram [2,4) => 6, [4,8) => 5, [8,16) => 8, [16,32) => 10, [32,64) => 4, [64,128) => 3, [128,256) => 520, [256,512) => 1539
   Buffers: shared hit=1851 read=196
 Settings: enable_bitmapscan = 'off', enable_seqscan = 'off', max_parallel_workers_per_gather = '0'
 Planning:
   Buffers: shared hit=82 read=26
 Planning Time: 2.071 ms
 Execution Time: 5.007 ms
(12 rows)

SET
SET
SET
SET
SET
                                             QUERY PLAN                                             
----------------------------------------------------------------------------------------------------
 Index Scan Backward using idx on public.t (actual rows=2048.00 loops=1)
   Output: a, b
   Index Cond: ((t.a >= 23171) AND (t.a <= 25218))
   Index Searches: 1
   Buffers: shared hit=2047
 Settings: enable_bitmapscan = 'off', enable_seqscan = 'off', max_parallel_workers_per_gather = '0'
 Planning:
   Buffers: shared hit=113
 Planning Time: 0.275 ms
 Execution Time: 0.533 ms
(10 rows)

