SET
SET
SET
SET
SET
                                             QUERY PLAN                                             
----------------------------------------------------------------------------------------------------
 Index Scan Backward using idx on public.t (actual rows=2048.00 loops=1)
   Output: a, b
   Index Cond: ((t.a >= 32372) AND (t.a <= 34419))
   Index Searches: 1
   Prefetch: distance=2.074 count=176 stalls=1515 skipped=7 resets=0 ungets=0 forwarded=0
             histogram [2,4) => 172, [4,8) => 4
   Buffers: shared hit=1847 read=199
 Settings: enable_bitmapscan = 'off', enable_seqscan = 'off', max_parallel_workers_per_gather = '0'
 Planning:
   Buffers: shared hit=82 read=26
 Planning Time: 2.056 ms
 Execution Time: 8.100 ms
(12 rows)

SET
SET
SET
SET
SET
                                             QUERY PLAN                                             
----------------------------------------------------------------------------------------------------
 Index Scan Backward using idx on public.t (actual rows=2048.00 loops=1)
   Output: a, b
   Index Cond: ((t.a >= 32372) AND (t.a <= 34419))
   Index Searches: 1
   Buffers: shared hit=2046
 Settings: enable_bitmapscan = 'off', enable_seqscan = 'off', max_parallel_workers_per_gather = '0'
 Planning:
   Buffers: shared hit=113
 Planning Time: 0.191 ms
 Execution Time: 0.530 ms
(10 rows)

