SET
SET
SET
SET
SET
                                                                      QUERY PLAN                                                                      
------------------------------------------------------------------------------------------------------------------------------------------------------
 Index Scan Backward using idx on public.t (actual rows=3048576.00 loops=1)
   Output: a, b
   Index Cond: ((t.a >= 4069) AND (t.a <= 3052644))
   Index Searches: 1
   Prefetch: distance=260.405 count=3050178 stalls=12 skipped=28465 resets=0 ungets=30184 forwarded=587
             histogram [2,4) => 12, [4,8) => 8, [8,16) => 11, [16,32) => 16, [32,64) => 35, [64,128) => 13, [128,256) => 770654, [256,512) => 2279429
   Buffers: shared hit=2874843 read=153589
 Settings: enable_bitmapscan = 'off', enable_seqscan = 'off', max_parallel_workers_per_gather = '0'
 Planning:
   Buffers: shared hit=78 read=26
 Planning Time: 2.080 ms
 Execution Time: 1525.919 ms
(12 rows)

SET
SET
SET
SET
SET
                                             QUERY PLAN                                             
----------------------------------------------------------------------------------------------------
 Index Scan Backward using idx on public.t (actual rows=3048576.00 loops=1)
   Output: a, b
   Index Cond: ((t.a >= 4069) AND (t.a <= 3052644))
   Index Searches: 1
   Buffers: shared hit=3028445
 Settings: enable_bitmapscan = 'off', enable_seqscan = 'off', max_parallel_workers_per_gather = '0'
 Planning:
   Buffers: shared hit=109
 Planning Time: 0.237 ms
 Execution Time: 491.930 ms
(10 rows)

