SET
SET
SET
SET
SET
                                                                   QUERY PLAN                                                                    
-------------------------------------------------------------------------------------------------------------------------------------------------
 Index Scan Backward using idx on public.t (actual rows=1048576.00 loops=1)
   Output: a, b
   Index Cond: ((t.a >= 8879) AND (t.a <= 1057454))
   Index Searches: 1
   Prefetch: distance=260.414 count=1049215 stalls=1 skipped=9787 resets=0 ungets=10480 forwarded=208
             histogram [2,4) => 2, [4,8) => 5, [8,16) => 8, [16,32) => 15, [32,64) => 8, [64,128) => 3, [128,256) => 264718, [256,512) => 784456
   Buffers: shared hit=988771 read=52884
 Settings: enable_bitmapscan = 'off', enable_seqscan = 'off', max_parallel_workers_per_gather = '0'
 Planning:
   Buffers: shared hit=78 read=26
 Planning Time: 2.065 ms
 Execution Time: 520.863 ms
(12 rows)

SET
SET
SET
SET
SET
                                             QUERY PLAN                                             
----------------------------------------------------------------------------------------------------
 Index Scan Backward using idx on public.t (actual rows=1048576.00 loops=1)
   Output: a, b
   Index Cond: ((t.a >= 8879) AND (t.a <= 1057454))
   Index Searches: 1
   Buffers: shared hit=1041659
 Settings: enable_bitmapscan = 'off', enable_seqscan = 'off', max_parallel_workers_per_gather = '0'
 Planning:
   Buffers: shared hit=109
 Planning Time: 0.197 ms
 Execution Time: 169.020 ms
(10 rows)

