SET
SET
SET
SET
SET
                                                                     QUERY PLAN                                                                      
-----------------------------------------------------------------------------------------------------------------------------------------------------
 Index Scan Backward using idx on public.t (actual rows=2048576.00 loops=1)
   Output: a, b
   Index Cond: ((t.a >= 16857) AND (t.a <= 2065432))
   Index Searches: 1
   Prefetch: distance=260.429 count=2049649 stalls=6 skipped=19164 resets=0 ungets=20370 forwarded=412
             histogram [2,4) => 4, [4,8) => 5, [8,16) => 10, [16,32) => 17, [32,64) => 33, [64,128) => 50, [128,256) => 515578, [256,512) => 1533952
   Buffers: shared hit=1931768 read=103239
 Settings: enable_bitmapscan = 'off', enable_seqscan = 'off', max_parallel_workers_per_gather = '0'
 Planning:
   Buffers: shared hit=78 read=26
 Planning Time: 2.039 ms
 Execution Time: 1041.666 ms
(12 rows)

SET
SET
SET
SET
SET
                                             QUERY PLAN                                             
----------------------------------------------------------------------------------------------------
 Index Scan Backward using idx on public.t (actual rows=2048576.00 loops=1)
   Output: a, b
   Index Cond: ((t.a >= 16857) AND (t.a <= 2065432))
   Index Searches: 1
   Buffers: shared hit=2035012
 Settings: enable_bitmapscan = 'off', enable_seqscan = 'off', max_parallel_workers_per_gather = '0'
 Planning:
   Buffers: shared hit=109
 Planning Time: 0.258 ms
 Execution Time: 325.214 ms
(10 rows)

