SET
SET
SET
SET
SET
                                                                     QUERY PLAN                                                                      
-----------------------------------------------------------------------------------------------------------------------------------------------------
 Index Scan Backward using idx on public.t (actual rows=8048576.00 loops=1)
   Output: a, b
   Index Cond: ((t.a >= 23526) AND (t.a <= 8072101))
   Index Searches: 1
   Prefetch: distance=260.391 count=8049330 stalls=1 skipped=75663 resets=0 ungets=76464 forwarded=1550
             histogram [2,4) => 6, [4,8) => 6, [8,16) => 11, [16,32) => 10, [32,64) => 10, [64,128) => 2, [128,256) => 2037891, [256,512) => 6011394
   Buffers: shared hit=7589531 read=405352
 Settings: enable_bitmapscan = 'off', enable_seqscan = 'off', max_parallel_workers_per_gather = '0'
 Planning:
   Buffers: shared hit=78 read=26
 Planning Time: 2.058 ms
 Execution Time: 3967.590 ms
(12 rows)

SET
SET
SET
SET
SET
                                             QUERY PLAN                                             
----------------------------------------------------------------------------------------------------
 Index Scan Backward using idx on public.t (actual rows=8048576.00 loops=1)
   Output: a, b
   Index Cond: ((t.a >= 23526) AND (t.a <= 8072101))
   Index Searches: 1
   Buffers: shared hit=7994910
 Settings: enable_bitmapscan = 'off', enable_seqscan = 'off', max_parallel_workers_per_gather = '0'
 Planning:
   Buffers: shared hit=109
 Planning Time: 0.296 ms
 Execution Time: 1281.118 ms
(10 rows)

