SET
SET
SET
SET
SET
                                                                      QUERY PLAN                                                                      
------------------------------------------------------------------------------------------------------------------------------------------------------
 Index Scan Backward using idx on public.t (actual rows=9048576.00 loops=1)
   Output: a, b
   Index Cond: ((t.a >= 4440) AND (t.a <= 9053015))
   Index Searches: 1
   Prefetch: distance=260.394 count=9052588 stalls=10 skipped=84943 resets=0 ungets=89065 forwarded=1760
             histogram [2,4) => 8, [4,8) => 7, [8,16) => 21, [16,32) => 16, [32,64) => 31, [64,128) => 38, [128,256) => 2290354, [256,512) => 6762113
   Buffers: shared hit=8532625 read=455700
 Settings: enable_bitmapscan = 'off', enable_seqscan = 'off', max_parallel_workers_per_gather = '0'
 Planning:
   Buffers: shared hit=78 read=26
 Planning Time: 2.079 ms
 Execution Time: 4526.696 ms
(12 rows)

SET
SET
SET
SET
SET
                                             QUERY PLAN                                             
----------------------------------------------------------------------------------------------------
 Index Scan Backward using idx on public.t (actual rows=9048576.00 loops=1)
   Output: a, b
   Index Cond: ((t.a >= 4440) AND (t.a <= 9053015))
   Index Searches: 1
   Buffers: shared hit=8988361
 Settings: enable_bitmapscan = 'off', enable_seqscan = 'off', max_parallel_workers_per_gather = '0'
 Planning:
   Buffers: shared hit=109
 Planning Time: 0.247 ms
 Execution Time: 1445.170 ms
(10 rows)

