SET
SET
SET
SET
SET
                                                                   QUERY PLAN                                                                   
------------------------------------------------------------------------------------------------------------------------------------------------
 Index Scan Backward using idx on public.t (actual rows=4096.00 loops=1)
   Output: a, b
   Index Cond: ((t.a >= 32253) AND (t.a <= 36348))
   Index Searches: 1
   Prefetch: distance=255.531 count=4013 stalls=6 skipped=40 resets=0 ungets=66 forwarded=2
             histogram [2,4) => 12, [4,8) => 9, [8,16) => 13, [16,32) => 18, [32,64) => 28, [64,128) => 26, [128,256) => 844, [256,512) => 3063
   Buffers: shared hit=3774 read=299
 Settings: enable_bitmapscan = 'off', enable_seqscan = 'off', max_parallel_workers_per_gather = '0'
 Planning:
   Buffers: shared hit=82 read=26
 Planning Time: 2.102 ms
 Execution Time: 8.350 ms
(12 rows)

SET
SET
SET
SET
SET
                                             QUERY PLAN                                             
----------------------------------------------------------------------------------------------------
 Index Scan Backward using idx on public.t (actual rows=4096.00 loops=1)
   Output: a, b
   Index Cond: ((t.a >= 32253) AND (t.a <= 36348))
   Index Searches: 1
   Buffers: shared hit=4073
 Settings: enable_bitmapscan = 'off', enable_seqscan = 'off', max_parallel_workers_per_gather = '0'
 Planning:
   Buffers: shared hit=113
 Planning Time: 0.212 ms
 Execution Time: 0.841 ms
(10 rows)

