SET
SET
SET
SET
SET
                                                                     QUERY PLAN                                                                     
----------------------------------------------------------------------------------------------------------------------------------------------------
 Index Scan Backward using idx on public.t (actual rows=5048576.00 loops=1)
   Output: a, b
   Index Cond: ((t.a >= 6651) AND (t.a <= 5055226))
   Index Searches: 1
   Prefetch: distance=260.389 count=5049100 stalls=1 skipped=47435 resets=0 ungets=48045 forwarded=973
             histogram [2,4) => 4, [4,8) => 5, [8,16) => 6, [16,32) => 14, [32,64) => 16, [64,128) => 3, [128,256) => 1278885, [256,512) => 3770167
   Buffers: shared hit=4760620 read=254294
 Settings: enable_bitmapscan = 'off', enable_seqscan = 'off', max_parallel_workers_per_gather = '0'
 Planning:
   Buffers: shared hit=78 read=26
 Planning Time: 2.041 ms
 Execution Time: 2517.976 ms
(12 rows)

SET
SET
SET
SET
SET
                                             QUERY PLAN                                             
----------------------------------------------------------------------------------------------------
 Index Scan Backward using idx on public.t (actual rows=5048576.00 loops=1)
   Output: a, b
   Index Cond: ((t.a >= 6651) AND (t.a <= 5055226))
   Index Searches: 1
   Buffers: shared hit=5014940
 Settings: enable_bitmapscan = 'off', enable_seqscan = 'off', max_parallel_workers_per_gather = '0'
 Planning:
   Buffers: shared hit=109
 Planning Time: 0.226 ms
 Execution Time: 800.437 ms
(10 rows)

