SET
SET
SET
SET
SET
                                                                     QUERY PLAN                                                                      
-----------------------------------------------------------------------------------------------------------------------------------------------------
 Index Scan Backward using idx on public.t (actual rows=9048576.00 loops=1)
   Output: a, b
   Index Cond: ((t.a >= 17213) AND (t.a <= 9065788))
   Index Searches: 1
   Prefetch: distance=260.389 count=9050850 stalls=1 skipped=84958 resets=0 ungets=87370 forwarded=1756
             histogram [2,4) => 2, [4,8) => 9, [8,16) => 7, [16,32) => 16, [32,64) => 24, [64,128) => 15, [128,256) => 2291422, [256,512) => 6759355
   Buffers: shared hit=8532613 read=455699
 Settings: enable_bitmapscan = 'off', enable_seqscan = 'off', max_parallel_workers_per_gather = '0'
 Planning:
   Buffers: shared hit=78 read=26
 Planning Time: 2.084 ms
 Execution Time: 4482.548 ms
(12 rows)

SET
SET
SET
SET
SET
                                             QUERY PLAN                                             
----------------------------------------------------------------------------------------------------
 Index Scan Backward using idx on public.t (actual rows=9048576.00 loops=1)
   Output: a, b
   Index Cond: ((t.a >= 17213) AND (t.a <= 9065788))
   Index Searches: 1
   Buffers: shared hit=8988346
 Settings: enable_bitmapscan = 'off', enable_seqscan = 'off', max_parallel_workers_per_gather = '0'
 Planning:
   Buffers: shared hit=109
 Planning Time: 0.227 ms
 Execution Time: 1453.721 ms
(10 rows)

