SET
SET
SET
SET
SET
                                                                QUERY PLAN                                                                
------------------------------------------------------------------------------------------------------------------------------------------
 Index Scan Backward using idx on public.t (actual rows=256.00 loops=1)
   Output: a, b
   Index Cond: ((t.a >= 3057) AND (t.a <= 3312))
   Index Searches: 1
   Prefetch: distance=240.358 count=302 stalls=2 skipped=1 resets=0 ungets=68 forwarded=0
             histogram [2,4) => 4, [4,8) => 4, [8,16) => 6, [16,32) => 16, [32,64) => 3, [64,128) => 2, [128,256) => 14, [256,512) => 253
   Buffers: shared hit=163 read=99
 Settings: enable_bitmapscan = 'off', enable_seqscan = 'off', max_parallel_workers_per_gather = '0'
 Planning:
   Buffers: shared hit=82 read=26
 Planning Time: 1.349 ms
 Execution Time: 2.973 ms
(12 rows)

SET
SET
SET
SET
SET
                                             QUERY PLAN                                             
----------------------------------------------------------------------------------------------------
 Index Scan Backward using idx on public.t (actual rows=256.00 loops=1)
   Output: a, b
   Index Cond: ((t.a >= 3057) AND (t.a <= 3312))
   Index Searches: 1
   Buffers: shared hit=262
 Settings: enable_bitmapscan = 'off', enable_seqscan = 'off', max_parallel_workers_per_gather = '0'
 Planning:
   Buffers: shared hit=113
 Planning Time: 0.147 ms
 Execution Time: 0.096 ms
(10 rows)

