SET
SET
SET
SET
SET
                                                                   QUERY PLAN                                                                   
------------------------------------------------------------------------------------------------------------------------------------------------
 Index Scan Backward using idx on public.t (actual rows=2048.00 loops=1)
   Output: a, b
   Index Cond: ((t.a >= 31906) AND (t.a <= 33953))
   Index Searches: 1
   Prefetch: distance=250.523 count=1991 stalls=8 skipped=17 resets=0 ungets=52 forwarded=0
             histogram [2,4) => 20, [4,8) => 11, [8,16) => 8, [16,32) => 22, [32,64) => 26, [64,128) => 15, [128,256) => 360, [256,512) => 1529
   Buffers: shared hit=1843 read=199
 Settings: enable_bitmapscan = 'off', enable_seqscan = 'off', max_parallel_workers_per_gather = '0'
 Planning:
   Buffers: shared hit=82 read=26
 Planning Time: 2.100 ms
 Execution Time: 7.295 ms
(12 rows)

SET
SET
SET
SET
SET
                                             QUERY PLAN                                             
----------------------------------------------------------------------------------------------------
 Index Scan Backward using idx on public.t (actual rows=2048.00 loops=1)
   Output: a, b
   Index Cond: ((t.a >= 31906) AND (t.a <= 33953))
   Index Searches: 1
   Buffers: shared hit=2042
 Settings: enable_bitmapscan = 'off', enable_seqscan = 'off', max_parallel_workers_per_gather = '0'
 Planning:
   Buffers: shared hit=113
 Planning Time: 0.141 ms
 Execution Time: 0.300 ms
(10 rows)

