SET
SET
SET
SET
SET
                                                                    QUERY PLAN                                                                     
---------------------------------------------------------------------------------------------------------------------------------------------------
 Index Scan Backward using idx on public.t (actual rows=6048576.00 loops=1)
   Output: a, b
   Index Cond: ((t.a >= 19152) AND (t.a <= 6067727))
   Index Searches: 1
   Prefetch: distance=260.406 count=6050574 stalls=1 skipped=56867 resets=0 ungets=58894 forwarded=1166
             histogram [2,4) => 4, [4,8) => 5, [8,16) => 5, [16,32) => 17, [32,64) => 6, [64,128) => 3, [128,256) => 1529504, [256,512) => 4521030
   Buffers: shared hit=5703574 read=304644
 Settings: enable_bitmapscan = 'off', enable_seqscan = 'off', max_parallel_workers_per_gather = '0'
 Planning:
   Buffers: shared hit=78 read=26
 Planning Time: 2.091 ms
 Execution Time: 2964.968 ms
(12 rows)

SET
SET
SET
SET
SET
                                             QUERY PLAN                                             
----------------------------------------------------------------------------------------------------
 Index Scan Backward using idx on public.t (actual rows=6048576.00 loops=1)
   Output: a, b
   Index Cond: ((t.a >= 19152) AND (t.a <= 6067727))
   Index Searches: 1
   Buffers: shared hit=6008242
 Settings: enable_bitmapscan = 'off', enable_seqscan = 'off', max_parallel_workers_per_gather = '0'
 Planning:
   Buffers: shared hit=109
 Planning Time: 0.245 ms
 Execution Time: 958.952 ms
(10 rows)

