SET
SET
SET
SET
SET
                                             QUERY PLAN                                             
----------------------------------------------------------------------------------------------------
 Index Scan Backward using idx on public.t (actual rows=4096.00 loops=1)
   Output: a, b
   Index Cond: ((t.a >= 17083) AND (t.a <= 21178))
   Index Searches: 1
   Prefetch: distance=2.128 count=397 stalls=3384 skipped=48 resets=0 ungets=0 forwarded=0
             histogram [2,4) => 380, [4,8) => 17
   Buffers: shared hit=3762 read=302
 Settings: enable_bitmapscan = 'off', enable_seqscan = 'off', max_parallel_workers_per_gather = '0'
 Planning:
   Buffers: shared hit=82 read=26
 Planning Time: 2.081 ms
 Execution Time: 7.236 ms
(12 rows)

SET
SET
SET
SET
SET
                                             QUERY PLAN                                             
----------------------------------------------------------------------------------------------------
 Index Scan Backward using idx on public.t (actual rows=4096.00 loops=1)
   Output: a, b
   Index Cond: ((t.a >= 17083) AND (t.a <= 21178))
   Index Searches: 1
   Buffers: shared hit=4064
 Settings: enable_bitmapscan = 'off', enable_seqscan = 'off', max_parallel_workers_per_gather = '0'
 Planning:
   Buffers: shared hit=113
 Planning Time: 0.208 ms
 Execution Time: 0.837 ms
(10 rows)

