SET
SET
SET
SET
SET
                                                                     QUERY PLAN                                                                     
----------------------------------------------------------------------------------------------------------------------------------------------------
 Index Scan Backward using idx on public.t (actual rows=6048576.00 loops=1)
   Output: a, b
   Index Cond: ((t.a >= 28279) AND (t.a <= 6076854))
   Index Searches: 1
   Prefetch: distance=260.401 count=6050339 stalls=1 skipped=56861 resets=0 ungets=58676 forwarded=1164
             histogram [2,4) => 2, [4,8) => 11, [8,16) => 5, [16,32) => 18, [32,64) => 7, [64,128) => 4, [128,256) => 1530182, [256,512) => 4520110
   Buffers: shared hit=5703572 read=304648
 Settings: enable_bitmapscan = 'off', enable_seqscan = 'off', max_parallel_workers_per_gather = '0'
 Planning:
   Buffers: shared hit=78 read=26
 Planning Time: 2.065 ms
 Execution Time: 3005.613 ms
(12 rows)

SET
SET
SET
SET
SET
                                             QUERY PLAN                                             
----------------------------------------------------------------------------------------------------
 Index Scan Backward using idx on public.t (actual rows=6048576.00 loops=1)
   Output: a, b
   Index Cond: ((t.a >= 28279) AND (t.a <= 6076854))
   Index Searches: 1
   Buffers: shared hit=6008248
 Settings: enable_bitmapscan = 'off', enable_seqscan = 'off', max_parallel_workers_per_gather = '0'
 Planning:
   Buffers: shared hit=109
 Planning Time: 0.235 ms
 Execution Time: 964.409 ms
(10 rows)

