SET
SET
SET
SET
SET
                                                                    QUERY PLAN                                                                     
---------------------------------------------------------------------------------------------------------------------------------------------------
 Index Scan Backward using idx on public.t (actual rows=3048576.00 loops=1)
   Output: a, b
   Index Cond: ((t.a >= 32651) AND (t.a <= 3081226))
   Index Searches: 1
   Prefetch: distance=260.387 count=3049189 stalls=3 skipped=28470 resets=0 ungets=29157 forwarded=574
             histogram [2,4) => 8, [4,8) => 9, [8,16) => 11, [16,32) => 9, [32,64) => 12, [64,128) => 4, [128,256) => 772510, [256,512) => 2276626
   Buffers: shared hit=2874834 read=153597
 Settings: enable_bitmapscan = 'off', enable_seqscan = 'off', max_parallel_workers_per_gather = '0'
 Planning:
   Buffers: shared hit=78 read=26
 Planning Time: 2.056 ms
 Execution Time: 1537.997 ms
(12 rows)

SET
SET
SET
SET
SET
                                             QUERY PLAN                                             
----------------------------------------------------------------------------------------------------
 Index Scan Backward using idx on public.t (actual rows=3048576.00 loops=1)
   Output: a, b
   Index Cond: ((t.a >= 32651) AND (t.a <= 3081226))
   Index Searches: 1
   Buffers: shared hit=3028441
 Settings: enable_bitmapscan = 'off', enable_seqscan = 'off', max_parallel_workers_per_gather = '0'
 Planning:
   Buffers: shared hit=109
 Planning Time: 0.230 ms
 Execution Time: 488.894 ms
(10 rows)

