SET
SET
SET
SET
SET
                                                                 QUERY PLAN                                                                  
---------------------------------------------------------------------------------------------------------------------------------------------
 Index Scan using idx on public.t (actual rows=256.00 loops=1)
   Output: a, b
   Index Cond: ((t.a >= 20100) AND (t.a <= 20355))
   Index Searches: 1
   Prefetch: distance=155.500 count=192 stalls=6 skipped=1 resets=0 ungets=19 forwarded=0
             histogram [2,4) => 22, [4,8) => 15, [8,16) => 9, [16,32) => 17, [32,64) => 13, [64,128) => 10, [128,256) => 4, [256,512) => 102
   Buffers: shared hit=154 read=107
 Settings: enable_bitmapscan = 'off', enable_seqscan = 'off', max_parallel_workers_per_gather = '0'
 Planning:
   Buffers: shared hit=86 read=26
 Planning Time: 1.342 ms
 Execution Time: 5.182 ms
(12 rows)

SET
SET
SET
SET
SET
                                             QUERY PLAN                                             
----------------------------------------------------------------------------------------------------
 Index Scan using idx on public.t (actual rows=256.00 loops=1)
   Output: a, b
   Index Cond: ((t.a >= 20100) AND (t.a <= 20355))
   Index Searches: 1
   Buffers: shared hit=261
 Settings: enable_bitmapscan = 'off', enable_seqscan = 'off', max_parallel_workers_per_gather = '0'
 Planning:
   Buffers: shared hit=117
 Planning Time: 0.156 ms
 Execution Time: 0.101 ms
(10 rows)

