SET
SET
SET
SET
SET
                                                                  QUERY PLAN                                                                   
-----------------------------------------------------------------------------------------------------------------------------------------------
 Index Scan using idx on public.t (actual rows=16384.00 loops=1)
   Output: a, b
   Index Cond: ((t.a >= 28825) AND (t.a <= 45208))
   Index Searches: 1
   Prefetch: distance=263.364 count=17756 stalls=1 skipped=171 resets=0 ungets=1585 forwarded=18
             histogram [2,4) => 2, [4,8) => 5, [8,16) => 6, [16,32) => 17, [32,64) => 11, [64,128) => 2, [128,256) => 2579, [256,512) => 15134
   Buffers: shared hit=15345 read=918
 Settings: enable_bitmapscan = 'off', enable_seqscan = 'off', max_parallel_workers_per_gather = '0'
 Planning:
   Buffers: shared hit=86 read=26
 Planning Time: 2.103 ms
 Execution Time: 20.759 ms
(12 rows)

SET
SET
SET
SET
SET
                                             QUERY PLAN                                             
----------------------------------------------------------------------------------------------------
 Index Scan using idx on public.t (actual rows=16384.00 loops=1)
   Output: a, b
   Index Cond: ((t.a >= 28825) AND (t.a <= 45208))
   Index Searches: 1
   Buffers: shared hit=16264
 Settings: enable_bitmapscan = 'off', enable_seqscan = 'off', max_parallel_workers_per_gather = '0'
 Planning:
   Buffers: shared hit=117
 Planning Time: 0.191 ms
 Execution Time: 2.607 ms
(10 rows)

