SET
SET
SET
SET
SET
                                                                      QUERY PLAN                                                                      
------------------------------------------------------------------------------------------------------------------------------------------------------
 Index Scan using idx on public.t (actual rows=2048576.00 loops=1)
   Output: a, b
   Index Cond: ((t.a >= 8619) AND (t.a <= 2057194))
   Index Searches: 1
   Prefetch: distance=263.490 count=2219780 stalls=3 skipped=19156 resets=0 ungets=190488 forwarded=1411
             histogram [2,4) => 4, [4,8) => 17, [8,16) => 15, [16,32) => 16, [32,64) => 29, [64,128) => 46, [128,256) => 359636, [256,512) => 1860017
   Buffers: shared hit=1931739 read=103242
 Settings: enable_bitmapscan = 'off', enable_seqscan = 'off', max_parallel_workers_per_gather = '0'
 Planning:
   Buffers: shared hit=82 read=26
 Planning Time: 2.088 ms
 Execution Time: 1931.824 ms
(12 rows)

SET
SET
SET
SET
SET
                                             QUERY PLAN                                             
----------------------------------------------------------------------------------------------------
 Index Scan using idx on public.t (actual rows=2048576.00 loops=1)
   Output: a, b
   Index Cond: ((t.a >= 8619) AND (t.a <= 2057194))
   Index Searches: 1
   Buffers: shared hit=2035022
 Settings: enable_bitmapscan = 'off', enable_seqscan = 'off', max_parallel_workers_per_gather = '0'
 Planning:
   Buffers: shared hit=113
 Planning Time: 0.349 ms
 Execution Time: 333.475 ms
(10 rows)

