SET
SET
SET
SET
SET
                                             QUERY PLAN                                             
----------------------------------------------------------------------------------------------------
 Index Scan using idx on public.t (actual rows=4096.00 loops=1)
   Output: a, b
   Index Cond: ((t.a >= '-20860'::integer) AND (t.a <= '-19837'::integer))
   Index Searches: 1
   Prefetch: distance=2.110 count=355 stalls=3124 skipped=50 resets=0 ungets=0 forwarded=0
             histogram [2,4) => 342, [4,8) => 13
   Buffers: shared hit=3751 read=292
 Settings: enable_bitmapscan = 'off', enable_seqscan = 'off', max_parallel_workers_per_gather = '0'
 Planning:
   Buffers: shared hit=81 read=28
 Planning Time: 2.071 ms
 Execution Time: 19.098 ms
(12 rows)

SET
SET
SET
SET
SET
                                             QUERY PLAN                                             
----------------------------------------------------------------------------------------------------
 Index Scan using idx on public.t (actual rows=4096.00 loops=1)
   Output: a, b
   Index Cond: ((t.a >= '-20860'::integer) AND (t.a <= '-19837'::integer))
   Index Searches: 1
   Buffers: shared hit=4043
 Settings: enable_bitmapscan = 'off', enable_seqscan = 'off', max_parallel_workers_per_gather = '0'
 Planning:
   Buffers: shared hit=114
 Planning Time: 0.230 ms
 Execution Time: 0.884 ms
(10 rows)

