SET
SET
SET
SET
SET
                                                                   QUERY PLAN                                                                    
-------------------------------------------------------------------------------------------------------------------------------------------------
 Index Scan using idx on public.t (actual rows=65536.00 loops=1)
   Output: a, b
   Index Cond: ((t.a >= '-16572'::integer) AND (t.a <= '-189'::integer))
   Index Searches: 1
   Prefetch: distance=263.780 count=70956 stalls=3 skipped=944 resets=0 ungets=6482 forwarded=176
             histogram [2,4) => 6, [4,8) => 9, [8,16) => 12, [16,32) => 37, [32,64) => 29, [64,128) => 28, [128,256) => 9956, [256,512) => 60879
   Buffers: shared hit=61402 read=3290
 Settings: enable_bitmapscan = 'off', enable_seqscan = 'off', max_parallel_workers_per_gather = '0'
 Planning:
   Buffers: shared hit=81 read=28
 Planning Time: 2.083 ms
 Execution Time: 73.782 ms
(12 rows)

SET
SET
SET
SET
SET
                                             QUERY PLAN                                             
----------------------------------------------------------------------------------------------------
 Index Scan using idx on public.t (actual rows=65536.00 loops=1)
   Output: a, b
   Index Cond: ((t.a >= '-16572'::integer) AND (t.a <= '-189'::integer))
   Index Searches: 1
   Buffers: shared hit=64694
 Settings: enable_bitmapscan = 'off', enable_seqscan = 'off', max_parallel_workers_per_gather = '0'
 Planning:
   Buffers: shared hit=114
 Planning Time: 0.230 ms
 Execution Time: 8.415 ms
(10 rows)

