SET
SET
SET
SET
SET
                                             QUERY PLAN                                             
----------------------------------------------------------------------------------------------------
 Index Scan using idx on public.t (actual rows=2048.00 loops=1)
   Output: a, b
   Index Cond: ((t.a >= 3712) AND (t.a <= 5759))
   Index Searches: 1
   Prefetch: distance=2.202 count=247 stalls=1666 skipped=15 resets=0 ungets=0 forwarded=0
             histogram [2,4) => 230, [4,8) => 17
   Buffers: shared hit=1847 read=198
 Settings: enable_bitmapscan = 'off', enable_seqscan = 'off', max_parallel_workers_per_gather = '0'
 Planning:
   Buffers: shared hit=86 read=26
 Planning Time: 2.082 ms
 Execution Time: 12.882 ms
(12 rows)

SET
SET
SET
SET
SET
                                             QUERY PLAN                                             
----------------------------------------------------------------------------------------------------
 Index Scan using idx on public.t (actual rows=2048.00 loops=1)
   Output: a, b
   Index Cond: ((t.a >= 3712) AND (t.a <= 5759))
   Index Searches: 1
   Buffers: shared hit=2045
 Settings: enable_bitmapscan = 'off', enable_seqscan = 'off', max_parallel_workers_per_gather = '0'
 Planning:
   Buffers: shared hit=117
 Planning Time: 0.201 ms
 Execution Time: 0.505 ms
(10 rows)

