SET
SET
SET
SET
SET
                                                                    QUERY PLAN                                                                     
---------------------------------------------------------------------------------------------------------------------------------------------------
 Index Scan using idx on public.t (actual rows=2048576.00 loops=1)
   Output: a, b
   Index Cond: ((t.a >= 18408) AND (t.a <= 2066983))
   Index Searches: 1
   Prefetch: distance=263.495 count=2219895 stalls=1 skipped=19164 resets=0 ungets=190516 forwarded=1406
             histogram [2,4) => 4, [4,8) => 6, [8,16) => 10, [16,32) => 8, [32,64) => 13, [64,128) => 2, [128,256) => 359855, [256,512) => 1859997
   Buffers: shared hit=1931731 read=103244
 Settings: enable_bitmapscan = 'off', enable_seqscan = 'off', max_parallel_workers_per_gather = '0'
 Planning:
   Buffers: shared hit=82 read=26
 Planning Time: 2.091 ms
 Execution Time: 1931.905 ms
(12 rows)

SET
SET
SET
SET
SET
                                             QUERY PLAN                                             
----------------------------------------------------------------------------------------------------
 Index Scan using idx on public.t (actual rows=2048576.00 loops=1)
   Output: a, b
   Index Cond: ((t.a >= 18408) AND (t.a <= 2066983))
   Index Searches: 1
   Buffers: shared hit=2035016
 Settings: enable_bitmapscan = 'off', enable_seqscan = 'off', max_parallel_workers_per_gather = '0'
 Planning:
   Buffers: shared hit=113
 Planning Time: 0.232 ms
 Execution Time: 331.415 ms
(10 rows)

