SET
SET
SET
SET
SET
                                                                      QUERY PLAN                                                                      
------------------------------------------------------------------------------------------------------------------------------------------------------
 Index Scan using idx on public.t (actual rows=9048576.00 loops=1)
   Output: a, b
   Index Cond: ((t.a >= 28801) AND (t.a <= 9077376))
   Index Searches: 1
   Prefetch: distance=263.511 count=9804697 stalls=2 skipped=84946 resets=0 ungets=841130 forwarded=6273
             histogram [2,4) => 10, [4,8) => 6, [8,16) => 13, [16,32) => 13, [32,64) => 22, [64,128) => 3, [128,256) => 1587053, [256,512) => 8217577
   Buffers: shared hit=8532491 read=455698
 Settings: enable_bitmapscan = 'off', enable_seqscan = 'off', max_parallel_workers_per_gather = '0'
 Planning:
   Buffers: shared hit=82 read=26
 Planning Time: 2.122 ms
 Execution Time: 8574.296 ms
(12 rows)

SET
SET
SET
SET
SET
                                             QUERY PLAN                                             
----------------------------------------------------------------------------------------------------
 Index Scan using idx on public.t (actual rows=9048576.00 loops=1)
   Output: a, b
   Index Cond: ((t.a >= 28801) AND (t.a <= 9077376))
   Index Searches: 1
   Buffers: shared hit=8988358
 Settings: enable_bitmapscan = 'off', enable_seqscan = 'off', max_parallel_workers_per_gather = '0'
 Planning:
   Buffers: shared hit=113
 Planning Time: 0.238 ms
 Execution Time: 1468.583 ms
(10 rows)

