SET
SET
SET
SET
SET
                                                                   QUERY PLAN                                                                    
-------------------------------------------------------------------------------------------------------------------------------------------------
 Index Scan using idx on public.t (actual rows=3048576.00 loops=1)
   Output: a, b
   Index Cond: ((t.a >= '-768044'::integer) AND (t.a <= '-5901'::integer))
   Index Searches: 1
   Prefetch: distance=264.124 count=3304097 stalls=1 skipped=45055 resets=0 ungets=300580 forwarded=7486
             histogram [2,4) => 2, [4,8) => 5, [8,16) => 9, [16,32) => 8, [32,64) => 2, [64,128) => 2, [128,256) => 471442, [256,512) => 2832627
   Buffers: shared hit=2858049 read=149828
 Settings: enable_bitmapscan = 'off', enable_seqscan = 'off', max_parallel_workers_per_gather = '0'
 Planning:
   Buffers: shared hit=77 read=28
 Planning Time: 2.073 ms
 Execution Time: 3170.476 ms
(12 rows)

SET
SET
SET
SET
SET
                                             QUERY PLAN                                             
----------------------------------------------------------------------------------------------------
 Index Scan using idx on public.t (actual rows=3048576.00 loops=1)
   Output: a, b
   Index Cond: ((t.a >= '-768044'::integer) AND (t.a <= '-5901'::integer))
   Index Searches: 1
   Buffers: shared hit=3008091
 Settings: enable_bitmapscan = 'off', enable_seqscan = 'off', max_parallel_workers_per_gather = '0'
 Planning:
   Buffers: shared hit=110
 Planning Time: 0.236 ms
 Execution Time: 484.091 ms
(10 rows)

