SET
SET
SET
SET
SET
                                                                    QUERY PLAN                                                                     
---------------------------------------------------------------------------------------------------------------------------------------------------
 Index Scan using idx on public.t (actual rows=5048576.00 loops=1)
   Output: a, b
   Index Cond: ((t.a >= '-1284080'::integer) AND (t.a <= '-21937'::integer))
   Index Searches: 1
   Prefetch: distance=264.123 count=5471071 stalls=2 skipped=74421 resets=0 ungets=496945 forwarded=12276
             histogram [2,4) => 2, [4,8) => 3, [8,16) => 10, [16,32) => 8, [32,64) => 11, [64,128) => 4, [128,256) => 780525, [256,512) => 4690508
   Buffers: shared hit=4733289 read=248056
 Settings: enable_bitmapscan = 'off', enable_seqscan = 'off', max_parallel_workers_per_gather = '0'
 Planning:
   Buffers: shared hit=77 read=28
 Planning Time: 2.072 ms
 Execution Time: 5222.615 ms
(12 rows)

SET
SET
SET
SET
SET
                                             QUERY PLAN                                             
----------------------------------------------------------------------------------------------------
 Index Scan using idx on public.t (actual rows=5048576.00 loops=1)
   Output: a, b
   Index Cond: ((t.a >= '-1284080'::integer) AND (t.a <= '-21937'::integer))
   Index Searches: 1
   Buffers: shared hit=4981718
 Settings: enable_bitmapscan = 'off', enable_seqscan = 'off', max_parallel_workers_per_gather = '0'
 Planning:
   Buffers: shared hit=110
 Planning Time: 0.232 ms
 Execution Time: 797.150 ms
(10 rows)

