SET
SET
SET
SET
SET
                                             QUERY PLAN                                             
----------------------------------------------------------------------------------------------------
 Index Scan using idx on public.t (actual rows=512.00 loops=1)
   Output: a, b
   Index Cond: ((t.a >= 22954) AND (t.a <= 23465))
   Index Searches: 1
   Prefetch: distance=2.086 count=35 stalls=218 skipped=1 resets=0 ungets=0 forwarded=0
             histogram [2,4) => 34, [4,8) => 1
   Buffers: shared hit=397 read=119
 Settings: enable_bitmapscan = 'off', enable_seqscan = 'off', max_parallel_workers_per_gather = '0'
 Planning:
   Buffers: shared hit=86 read=26
 Planning Time: 2.076 ms
 Execution Time: 5.817 ms
(12 rows)

SET
SET
SET
SET
SET
                                             QUERY PLAN                                             
----------------------------------------------------------------------------------------------------
 Index Scan using idx on public.t (actual rows=512.00 loops=1)
   Output: a, b
   Index Cond: ((t.a >= 22954) AND (t.a <= 23465))
   Index Searches: 1
   Buffers: shared hit=516
 Settings: enable_bitmapscan = 'off', enable_seqscan = 'off', max_parallel_workers_per_gather = '0'
 Planning:
   Buffers: shared hit=117
 Planning Time: 0.225 ms
 Execution Time: 0.236 ms
(10 rows)

