SET
SET
SET
SET
SET
                                                                  QUERY PLAN                                                                   
-----------------------------------------------------------------------------------------------------------------------------------------------
 Index Scan using idx on public.t (actual rows=65536.00 loops=1)
   Output: a, b
   Index Cond: ((t.a >= 903) AND (t.a <= 66438))
   Index Searches: 1
   Prefetch: distance=263.436 count=70971 stalls=3 skipped=645 resets=0 ungets=6126 forwarded=49
             histogram [2,4) => 6, [4,8) => 6, [8,16) => 7, [16,32) => 11, [32,64) => 4, [64,128) => 2, [128,256) => 11333, [256,512) => 59602
   Buffers: shared hit=61692 read=3382
 Settings: enable_bitmapscan = 'off', enable_seqscan = 'off', max_parallel_workers_per_gather = '0'
 Planning:
   Buffers: shared hit=86 read=26
 Planning Time: 2.075 ms
 Execution Time: 67.734 ms
(12 rows)

SET
SET
SET
SET
SET
                                             QUERY PLAN                                             
----------------------------------------------------------------------------------------------------
 Index Scan using idx on public.t (actual rows=65536.00 loops=1)
   Output: a, b
   Index Cond: ((t.a >= 903) AND (t.a <= 66438))
   Index Searches: 1
   Buffers: shared hit=65076
 Settings: enable_bitmapscan = 'off', enable_seqscan = 'off', max_parallel_workers_per_gather = '0'
 Planning:
   Buffers: shared hit=117
 Planning Time: 0.168 ms
 Execution Time: 7.237 ms
(10 rows)

