SET
SET
SET
SET
SET
                                             QUERY PLAN                                             
----------------------------------------------------------------------------------------------------
 Index Scan using idx on public.t (actual rows=2048.00 loops=1)
   Output: a, b
   Index Cond: ((t.a >= 3747) AND (t.a <= 5794))
   Index Searches: 1
   Prefetch: distance=2.151 count=219 stalls=1659 skipped=15 resets=0 ungets=0 forwarded=0
             histogram [2,4) => 208, [4,8) => 11
   Buffers: shared hit=1845 read=199
 Settings: enable_bitmapscan = 'off', enable_seqscan = 'off', max_parallel_workers_per_gather = '0'
 Planning:
   Buffers: shared hit=86 read=26
 Planning Time: 2.085 ms
 Execution Time: 12.943 ms
(12 rows)

SET
SET
SET
SET
SET
                                             QUERY PLAN                                             
----------------------------------------------------------------------------------------------------
 Index Scan using idx on public.t (actual rows=2048.00 loops=1)
   Output: a, b
   Index Cond: ((t.a >= 3747) AND (t.a <= 5794))
   Index Searches: 1
   Buffers: shared hit=2044
 Settings: enable_bitmapscan = 'off', enable_seqscan = 'off', max_parallel_workers_per_gather = '0'
 Planning:
   Buffers: shared hit=117
 Planning Time: 0.209 ms
 Execution Time: 0.511 ms
(10 rows)

