SET
SET
SET
SET
SET
                                                                      QUERY PLAN                                                                      
------------------------------------------------------------------------------------------------------------------------------------------------------
 Index Scan using idx on public.t (actual rows=4048576.00 loops=1)
   Output: a, b
   Index Cond: ((t.a >= 10631) AND (t.a <= 4059206))
   Index Searches: 1
   Prefetch: distance=263.510 count=4386947 stalls=14 skipped=37911 resets=0 ungets=376413 forwarded=2785
             histogram [2,4) => 10, [4,8) => 5, [8,16) => 10, [16,32) => 19, [32,64) => 36, [64,128) => 19, [128,256) => 710169, [256,512) => 3676679
   Buffers: shared hit=3817705 read=203944
 Settings: enable_bitmapscan = 'off', enable_seqscan = 'off', max_parallel_workers_per_gather = '0'
 Planning:
   Buffers: shared hit=82 read=26
 Planning Time: 2.109 ms
 Execution Time: 3811.399 ms
(12 rows)

SET
SET
SET
SET
SET
                                             QUERY PLAN                                             
----------------------------------------------------------------------------------------------------
 Index Scan using idx on public.t (actual rows=4048576.00 loops=1)
   Output: a, b
   Index Cond: ((t.a >= 10631) AND (t.a <= 4059206))
   Index Searches: 1
   Buffers: shared hit=4021732
 Settings: enable_bitmapscan = 'off', enable_seqscan = 'off', max_parallel_workers_per_gather = '0'
 Planning:
   Buffers: shared hit=113
 Planning Time: 0.221 ms
 Execution Time: 651.486 ms
(10 rows)

