SET
SET
SET
SET
SET
                                                                 QUERY PLAN                                                                  
---------------------------------------------------------------------------------------------------------------------------------------------
 Index Scan using idx on public.t (actual rows=8192.00 loops=1)
   Output: a, b
   Index Cond: ((t.a >= 5530) AND (t.a <= 13721))
   Index Searches: 1
   Prefetch: distance=262.161 count=8902 stalls=1 skipped=66 resets=0 ungets=807 forwarded=7
             histogram [2,4) => 4, [4,8) => 6, [8,16) => 5, [16,32) => 23, [32,64) => 2, [64,128) => 5, [128,256) => 1477, [256,512) => 7380
   Buffers: shared hit=7650 read=505
 Settings: enable_bitmapscan = 'off', enable_seqscan = 'off', max_parallel_workers_per_gather = '0'
 Planning:
   Buffers: shared hit=86 read=26
 Planning Time: 2.078 ms
 Execution Time: 11.874 ms
(12 rows)

SET
SET
SET
SET
SET
                                             QUERY PLAN                                             
----------------------------------------------------------------------------------------------------
 Index Scan using idx on public.t (actual rows=8192.00 loops=1)
   Output: a, b
   Index Cond: ((t.a >= 5530) AND (t.a <= 13721))
   Index Searches: 1
   Buffers: shared hit=8155
 Settings: enable_bitmapscan = 'off', enable_seqscan = 'off', max_parallel_workers_per_gather = '0'
 Planning:
   Buffers: shared hit=117
 Planning Time: 0.139 ms
 Execution Time: 0.928 ms
(10 rows)

