SET
SET
SET
SET
SET
                                                                 QUERY PLAN                                                                 
--------------------------------------------------------------------------------------------------------------------------------------------
 Index Scan using idx on public.t (actual rows=1024.00 loops=1)
   Output: a, b
   Index Cond: ((t.a >= 21147) AND (t.a <= 22170))
   Index Searches: 1
   Prefetch: distance=251.185 count=1057 stalls=5 skipped=8 resets=0 ungets=107 forwarded=1
             histogram [2,4) => 4, [4,8) => 7, [8,16) => 8, [16,32) => 16, [32,64) => 17, [64,128) => 9, [128,256) => 124, [256,512) => 872
   Buffers: shared hit=882 read=143
 Settings: enable_bitmapscan = 'off', enable_seqscan = 'off', max_parallel_workers_per_gather = '0'
 Planning:
   Buffers: shared hit=86 read=26
 Planning Time: 2.070 ms
 Execution Time: 6.005 ms
(12 rows)

SET
SET
SET
SET
SET
                                             QUERY PLAN                                             
----------------------------------------------------------------------------------------------------
 Index Scan using idx on public.t (actual rows=1024.00 loops=1)
   Output: a, b
   Index Cond: ((t.a >= 21147) AND (t.a <= 22170))
   Index Searches: 1
   Buffers: shared hit=1025
 Settings: enable_bitmapscan = 'off', enable_seqscan = 'off', max_parallel_workers_per_gather = '0'
 Planning:
   Buffers: shared hit=117
 Planning Time: 0.197 ms
 Execution Time: 0.314 ms
(10 rows)

