SET
SET
SET
SET
SET
                                             QUERY PLAN                                             
----------------------------------------------------------------------------------------------------
 Index Scan using idx on public.t (actual rows=2048.00 loops=1)
   Output: a, b
   Index Cond: ((t.a >= 15873) AND (t.a <= 17920))
   Index Searches: 1
   Prefetch: distance=2.016 count=187 stalls=1640 skipped=18 resets=0 ungets=0 forwarded=0
             histogram [2,4) => 186, [4,8) => 1
   Buffers: shared hit=1845 read=195
 Settings: enable_bitmapscan = 'off', enable_seqscan = 'off', max_parallel_workers_per_gather = '0'
 Planning:
   Buffers: shared hit=86 read=26
 Planning Time: 2.061 ms
 Execution Time: 12.944 ms
(12 rows)

SET
SET
SET
SET
SET
                                             QUERY PLAN                                             
----------------------------------------------------------------------------------------------------
 Index Scan using idx on public.t (actual rows=2048.00 loops=1)
   Output: a, b
   Index Cond: ((t.a >= 15873) AND (t.a <= 17920))
   Index Searches: 1
   Buffers: shared hit=2040
 Settings: enable_bitmapscan = 'off', enable_seqscan = 'off', max_parallel_workers_per_gather = '0'
 Planning:
   Buffers: shared hit=117
 Planning Time: 0.131 ms
 Execution Time: 0.289 ms
(10 rows)

