SET
SET
SET
SET
SET
                                                                     QUERY PLAN                                                                     
----------------------------------------------------------------------------------------------------------------------------------------------------
 Index Scan using idx on public.t (actual rows=6048576.00 loops=1)
   Output: a, b
   Index Cond: ((t.a >= 13678) AND (t.a <= 6062253))
   Index Searches: 1
   Prefetch: distance=263.505 count=6553893 stalls=1 skipped=56879 resets=0 ungets=562243 forwarded=4217
             histogram [2,4) => 4, [4,8) => 4, [8,16) => 11, [16,32) => 10, [32,64) => 5, [64,128) => 2, [128,256) => 1062961, [256,512) => 5490896
   Buffers: shared hit=5703476 read=304649
 Settings: enable_bitmapscan = 'off', enable_seqscan = 'off', max_parallel_workers_per_gather = '0'
 Planning:
   Buffers: shared hit=82 read=26
 Planning Time: 2.113 ms
 Execution Time: 5729.324 ms
(12 rows)

SET
SET
SET
SET
SET
                                             QUERY PLAN                                             
----------------------------------------------------------------------------------------------------
 Index Scan using idx on public.t (actual rows=6048576.00 loops=1)
   Output: a, b
   Index Cond: ((t.a >= 13678) AND (t.a <= 6062253))
   Index Searches: 1
   Buffers: shared hit=6008230
 Settings: enable_bitmapscan = 'off', enable_seqscan = 'off', max_parallel_workers_per_gather = '0'
 Planning:
   Buffers: shared hit=113
 Planning Time: 0.262 ms
 Execution Time: 990.902 ms
(10 rows)

