SET
SET
SET
SET
SET
                                                                       QUERY PLAN                                                                       
--------------------------------------------------------------------------------------------------------------------------------------------------------
 Index Scan using idx on public.t (actual rows=7048576.00 loops=1)
   Output: a, b
   Index Cond: ((t.a >= 26448) AND (t.a <= 7075023))
   Index Searches: 1
   Prefetch: distance=263.505 count=7637495 stalls=4 skipped=66229 resets=0 ungets=655246 forwarded=4918
             histogram [2,4) => 10, [4,8) => 12, [8,16) => 13, [16,32) => 19, [32,64) => 24, [64,128) => 18, [128,256) => 1236956, [256,512) => 6400443
   Buffers: shared hit=6646477 read=354998
 Settings: enable_bitmapscan = 'off', enable_seqscan = 'off', max_parallel_workers_per_gather = '0'
 Planning:
   Buffers: shared hit=82 read=26
 Planning Time: 2.107 ms
 Execution Time: 6686.350 ms
(12 rows)

SET
SET
SET
SET
SET
                                             QUERY PLAN                                             
----------------------------------------------------------------------------------------------------
 Index Scan using idx on public.t (actual rows=7048576.00 loops=1)
   Output: a, b
   Index Cond: ((t.a >= 26448) AND (t.a <= 7075023))
   Index Searches: 1
   Buffers: shared hit=7001611
 Settings: enable_bitmapscan = 'off', enable_seqscan = 'off', max_parallel_workers_per_gather = '0'
 Planning:
   Buffers: shared hit=113
 Planning Time: 0.223 ms
 Execution Time: 1141.034 ms
(10 rows)

