SET
SET
SET
SET
SET
                                                                  QUERY PLAN                                                                   
-----------------------------------------------------------------------------------------------------------------------------------------------
 Index Scan using idx on public.t (actual rows=8192.00 loops=1)
   Output: a, b
   Index Cond: ((t.a >= 31570) AND (t.a <= 39761))
   Index Searches: 1
   Prefetch: distance=262.382 count=8807 stalls=1 skipped=73 resets=0 ungets=773 forwarded=6
             histogram [2,4) => 2, [4,8) => 5, [8,16) => 10, [16,32) => 20, [32,64) => 16, [64,128) => 4, [128,256) => 1292, [256,512) => 7458
   Buffers: shared hit=7639 read=508
 Settings: enable_bitmapscan = 'off', enable_seqscan = 'off', max_parallel_workers_per_gather = '0'
 Planning:
   Buffers: shared hit=86 read=26
 Planning Time: 2.092 ms
 Execution Time: 13.464 ms
(12 rows)

SET
SET
SET
SET
SET
                                             QUERY PLAN                                             
----------------------------------------------------------------------------------------------------
 Index Scan using idx on public.t (actual rows=8192.00 loops=1)
   Output: a, b
   Index Cond: ((t.a >= 31570) AND (t.a <= 39761))
   Index Searches: 1
   Buffers: shared hit=8147
 Settings: enable_bitmapscan = 'off', enable_seqscan = 'off', max_parallel_workers_per_gather = '0'
 Planning:
   Buffers: shared hit=117
 Planning Time: 0.197 ms
 Execution Time: 1.461 ms
(10 rows)

