SET
SET
SET
SET
SET
                                                                  QUERY PLAN                                                                  
----------------------------------------------------------------------------------------------------------------------------------------------
 Index Scan using idx on public.t (actual rows=512.00 loops=1)
   Output: a, b
   Index Cond: ((t.a >= 4872) AND (t.a <= 5383))
   Index Searches: 1
   Prefetch: distance=200.995 count=426 stalls=4 skipped=3 resets=0 ungets=31 forwarded=0
             histogram [2,4) => 6, [4,8) => 22, [8,16) => 14, [16,32) => 17, [32,64) => 30, [64,128) => 31, [128,256) => 29, [256,512) => 277
   Buffers: shared hit=396 read=121
 Settings: enable_bitmapscan = 'off', enable_seqscan = 'off', max_parallel_workers_per_gather = '0'
 Planning:
   Buffers: shared hit=86 read=26
 Planning Time: 2.190 ms
 Execution Time: 5.991 ms
(12 rows)

SET
SET
SET
SET
SET
                                             QUERY PLAN                                             
----------------------------------------------------------------------------------------------------
 Index Scan using idx on public.t (actual rows=512.00 loops=1)
   Output: a, b
   Index Cond: ((t.a >= 4872) AND (t.a <= 5383))
   Index Searches: 1
   Buffers: shared hit=517
 Settings: enable_bitmapscan = 'off', enable_seqscan = 'off', max_parallel_workers_per_gather = '0'
 Planning:
   Buffers: shared hit=117
 Planning Time: 0.203 ms
 Execution Time: 0.233 ms
(10 rows)

