SET
SET
SET
SET
SET
                                                                 QUERY PLAN                                                                 
--------------------------------------------------------------------------------------------------------------------------------------------
 Index Scan using idx on public.t (actual rows=4096.00 loops=1)
   Output: a, b
   Index Cond: ((t.a >= 16960) AND (t.a <= 21055))
   Index Searches: 1
   Prefetch: distance=261.696 count=4414 stalls=1 skipped=48 resets=0 ungets=411 forwarded=1
             histogram [2,4) => 4, [4,8) => 5, [8,16) => 5, [16,32) => 10, [32,64) => 3, [64,128) => 4, [128,256) => 763, [256,512) => 3620
   Buffers: shared hit=3766 read=300
 Settings: enable_bitmapscan = 'off', enable_seqscan = 'off', max_parallel_workers_per_gather = '0'
 Planning:
   Buffers: shared hit=86 read=26
 Planning Time: 2.090 ms
 Execution Time: 7.716 ms
(12 rows)

SET
SET
SET
SET
SET
                                             QUERY PLAN                                             
----------------------------------------------------------------------------------------------------
 Index Scan using idx on public.t (actual rows=4096.00 loops=1)
   Output: a, b
   Index Cond: ((t.a >= 16960) AND (t.a <= 21055))
   Index Searches: 1
   Buffers: shared hit=4066
 Settings: enable_bitmapscan = 'off', enable_seqscan = 'off', max_parallel_workers_per_gather = '0'
 Planning:
   Buffers: shared hit=117
 Planning Time: 0.135 ms
 Execution Time: 0.505 ms
(10 rows)

