SET
SET
SET
SET
SET
                                                                  QUERY PLAN                                                                   
-----------------------------------------------------------------------------------------------------------------------------------------------
 Index Scan using idx on public.t (actual rows=131072.00 loops=1)
   Output: a, b
   Index Cond: ((t.a >= 26835) AND (t.a <= 157906))
   Index Searches: 1
   Prefetch: distance=263.395 count=141943 stalls=1 skipped=1271 resets=0 ungets=12154 forwarded=95
             histogram [2,4) => 2, [4,8) => 6, [8,16) => 9, [16,32) => 7, [32,64) => 2, [64,128) => 2, [128,256) => 23455, [256,512) => 118460
   Buffers: shared hit=123465 read=6697
 Settings: enable_bitmapscan = 'off', enable_seqscan = 'off', max_parallel_workers_per_gather = '0'
 Planning:
   Buffers: shared hit=82 read=26
 Planning Time: 2.070 ms
 Execution Time: 128.611 ms
(12 rows)

SET
SET
SET
SET
SET
                                             QUERY PLAN                                             
----------------------------------------------------------------------------------------------------
 Index Scan using idx on public.t (actual rows=131072.00 loops=1)
   Output: a, b
   Index Cond: ((t.a >= 26835) AND (t.a <= 157906))
   Index Searches: 1
   Buffers: shared hit=130166
 Settings: enable_bitmapscan = 'off', enable_seqscan = 'off', max_parallel_workers_per_gather = '0'
 Planning:
   Buffers: shared hit=113
 Planning Time: 0.215 ms
 Execution Time: 21.171 ms
(10 rows)

