SET
SET
SET
SET
SET
                                                                      QUERY PLAN                                                                       
-------------------------------------------------------------------------------------------------------------------------------------------------------
 Index Scan using idx on public.t (actual rows=4048576.00 loops=1)
   Output: a, b
   Index Cond: ((t.a >= 18690) AND (t.a <= 4067265))
   Index Searches: 1
   Prefetch: distance=263.494 count=4386492 stalls=17 skipped=37918 resets=0 ungets=375975 forwarded=2792
             histogram [2,4) => 16, [4,8) => 10, [8,16) => 13, [16,32) => 18, [32,64) => 30, [64,128) => 35, [128,256) => 712223, [256,512) => 3674147
   Buffers: shared hit=3817702 read=203945
 Settings: enable_bitmapscan = 'off', enable_seqscan = 'off', max_parallel_workers_per_gather = '0'
 Planning:
   Buffers: shared hit=82 read=26
 Planning Time: 2.099 ms
 Execution Time: 3825.509 ms
(12 rows)

SET
SET
SET
SET
SET
                                             QUERY PLAN                                             
----------------------------------------------------------------------------------------------------
 Index Scan using idx on public.t (actual rows=4048576.00 loops=1)
   Output: a, b
   Index Cond: ((t.a >= 18690) AND (t.a <= 4067265))
   Index Searches: 1
   Buffers: shared hit=4021723
 Settings: enable_bitmapscan = 'off', enable_seqscan = 'off', max_parallel_workers_per_gather = '0'
 Planning:
   Buffers: shared hit=113
 Planning Time: 0.235 ms
 Execution Time: 657.466 ms
(10 rows)

