SET
SET
SET
SET
SET
                                                                QUERY PLAN                                                                 
-------------------------------------------------------------------------------------------------------------------------------------------
 Index Scan Backward using idx on public.t (actual rows=256.00 loops=1)
   Output: a, b
   Index Cond: ((t.a >= 18348) AND (t.a <= 18603))
   Index Searches: 1
   Prefetch: distance=177.598 count=169 stalls=1 skipped=3 resets=0 ungets=17 forwarded=0
             histogram [2,4) => 6, [4,8) => 11, [8,16) => 9, [16,32) => 15, [32,64) => 14, [64,128) => 5, [128,256) => 6, [256,512) => 103
   Buffers: shared hit=156 read=103
 Settings: enable_bitmapscan = 'off', enable_seqscan = 'off', max_parallel_workers_per_gather = '0'
 Planning:
   Buffers: shared hit=82 read=26
 Planning Time: 1.408 ms
 Execution Time: 6.048 ms
(12 rows)

SET
SET
SET
SET
SET
                                             QUERY PLAN                                             
----------------------------------------------------------------------------------------------------
 Index Scan Backward using idx on public.t (actual rows=256.00 loops=1)
   Output: a, b
   Index Cond: ((t.a >= 18348) AND (t.a <= 18603))
   Index Searches: 1
   Buffers: shared hit=259
 Settings: enable_bitmapscan = 'off', enable_seqscan = 'off', max_parallel_workers_per_gather = '0'
 Planning:
   Buffers: shared hit=113
 Planning Time: 0.238 ms
 Execution Time: 0.191 ms
(10 rows)

