SET
SET
SET
SET
SET
                                                                    QUERY PLAN                                                                    
--------------------------------------------------------------------------------------------------------------------------------------------------
 Index Scan Backward using idx on public.t (actual rows=1048576.00 loops=1)
   Output: a, b
   Index Cond: ((t.a >= 4505) AND (t.a <= 1053080))
   Index Searches: 1
   Prefetch: distance=262.332 count=1124895 stalls=2 skipped=9796 resets=0 ungets=86152 forwarded=544
             histogram [2,4) => 2, [4,8) => 6, [8,16) => 12, [16,32) => 11, [32,64) => 4, [64,128) => 2, [128,256) => 223080, [256,512) => 901778
   Buffers: shared hit=988742 read=52893
 Settings: enable_bitmapscan = 'off', enable_seqscan = 'off', max_parallel_workers_per_gather = '0'
 Planning:
   Buffers: shared hit=78 read=26
 Planning Time: 2.100 ms
 Execution Time: 577.820 ms
(12 rows)

SET
SET
SET
SET
SET
                                             QUERY PLAN                                             
----------------------------------------------------------------------------------------------------
 Index Scan Backward using idx on public.t (actual rows=1048576.00 loops=1)
   Output: a, b
   Index Cond: ((t.a >= 4505) AND (t.a <= 1053080))
   Index Searches: 1
   Buffers: shared hit=1041651
 Settings: enable_bitmapscan = 'off', enable_seqscan = 'off', max_parallel_workers_per_gather = '0'
 Planning:
   Buffers: shared hit=109
 Planning Time: 0.188 ms
 Execution Time: 166.885 ms
(10 rows)

