SET
SET
SET
SET
SET
                                             QUERY PLAN                                             
----------------------------------------------------------------------------------------------------
 Index Scan Backward using idx on public.t (actual rows=1024.00 loops=1)
   Output: a, b
   Index Cond: ((t.a >= 4916) AND (t.a <= 5939))
   Index Searches: 1
   Prefetch: distance=2.230 count=74 stalls=588 skipped=6 resets=0 ungets=0 forwarded=0
             histogram [2,4) => 68, [4,8) => 6
   Buffers: shared hit=877 read=146
 Settings: enable_bitmapscan = 'off', enable_seqscan = 'off', max_parallel_workers_per_gather = '0'
 Planning:
   Buffers: shared hit=82 read=26
 Planning Time: 1.868 ms
 Execution Time: 6.113 ms
(12 rows)

SET
SET
SET
SET
SET
                                             QUERY PLAN                                             
----------------------------------------------------------------------------------------------------
 Index Scan Backward using idx on public.t (actual rows=1024.00 loops=1)
   Output: a, b
   Index Cond: ((t.a >= 4916) AND (t.a <= 5939))
   Index Searches: 1
   Buffers: shared hit=1023
 Settings: enable_bitmapscan = 'off', enable_seqscan = 'off', max_parallel_workers_per_gather = '0'
 Planning:
   Buffers: shared hit=113
 Planning Time: 0.139 ms
 Execution Time: 0.185 ms
(10 rows)

