SET
SET
SET
SET
SET
                                                                  QUERY PLAN                                                                  
----------------------------------------------------------------------------------------------------------------------------------------------
 Index Scan Backward using idx on public.t (actual rows=16384.00 loops=1)
   Output: a, b
   Index Cond: ((t.a >= 18387) AND (t.a <= 34770))
   Index Searches: 1
   Prefetch: distance=261.917 count=17550 stalls=1 skipped=156 resets=0 ungets=1384 forwarded=13
             histogram [2,4) => 2, [4,8) => 9, [8,16) => 7, [16,32) => 19, [32,64) => 5, [64,128) => 3, [128,256) => 3463, [256,512) => 14042
   Buffers: shared hit=15358 read=920
 Settings: enable_bitmapscan = 'off', enable_seqscan = 'off', max_parallel_workers_per_gather = '0'
 Planning:
   Buffers: shared hit=82 read=26
 Planning Time: 2.109 ms
 Execution Time: 13.975 ms
(12 rows)

SET
SET
SET
SET
SET
                                             QUERY PLAN                                             
----------------------------------------------------------------------------------------------------
 Index Scan Backward using idx on public.t (actual rows=16384.00 loops=1)
   Output: a, b
   Index Cond: ((t.a >= 18387) AND (t.a <= 34770))
   Index Searches: 1
   Buffers: shared hit=16278
 Settings: enable_bitmapscan = 'off', enable_seqscan = 'off', max_parallel_workers_per_gather = '0'
 Planning:
   Buffers: shared hit=113
 Planning Time: 0.209 ms
 Execution Time: 2.754 ms
(10 rows)

