SET
SET
SET
SET
SET
                                                                      QUERY PLAN                                                                      
------------------------------------------------------------------------------------------------------------------------------------------------------
 Index Scan Backward using idx on public.t (actual rows=6048576.00 loops=1)
   Output: a, b
   Index Cond: ((t.a >= 27510) AND (t.a <= 6076085))
   Index Searches: 1
   Prefetch: distance=262.333 count=6489090 stalls=2 skipped=56865 resets=0 ungets=497469 forwarded=3010
             histogram [2,4) => 4, [4,8) => 5, [8,16) => 18, [16,32) => 14, [32,64) => 31, [64,128) => 17, [128,256) => 1285134, [256,512) => 5203867
   Buffers: shared hit=5703475 read=304650
 Settings: enable_bitmapscan = 'off', enable_seqscan = 'off', max_parallel_workers_per_gather = '0'
 Planning:
   Buffers: shared hit=78 read=26
 Planning Time: 2.161 ms
 Execution Time: 3213.562 ms
(12 rows)

SET
SET
SET
SET
SET
                                             QUERY PLAN                                             
----------------------------------------------------------------------------------------------------
 Index Scan Backward using idx on public.t (actual rows=6048576.00 loops=1)
   Output: a, b
   Index Cond: ((t.a >= 27510) AND (t.a <= 6076085))
   Index Searches: 1
   Buffers: shared hit=6008241
 Settings: enable_bitmapscan = 'off', enable_seqscan = 'off', max_parallel_workers_per_gather = '0'
 Planning:
   Buffers: shared hit=109
 Planning Time: 0.234 ms
 Execution Time: 963.697 ms
(10 rows)

