SET
SET
SET
SET
SET
                                                                      QUERY PLAN                                                                      
------------------------------------------------------------------------------------------------------------------------------------------------------
 Index Scan Backward using idx on public.t (actual rows=9048576.00 loops=1)
   Output: a, b
   Index Cond: ((t.a >= 30447) AND (t.a <= 9079022))
   Index Searches: 1
   Prefetch: distance=262.331 count=9708006 stalls=3 skipped=84942 resets=0 ungets=744454 forwarded=4582
             histogram [2,4) => 6, [4,8) => 7, [8,16) => 13, [16,32) => 15, [32,64) => 29, [64,128) => 15, [128,256) => 1922997, [256,512) => 7784924
   Buffers: shared hit=8532472 read=455699
 Settings: enable_bitmapscan = 'off', enable_seqscan = 'off', max_parallel_workers_per_gather = '0'
 Planning:
   Buffers: shared hit=78 read=26
 Planning Time: 2.081 ms
 Execution Time: 4779.715 ms
(12 rows)

SET
SET
SET
SET
SET
                                             QUERY PLAN                                             
----------------------------------------------------------------------------------------------------
 Index Scan Backward using idx on public.t (actual rows=9048576.00 loops=1)
   Output: a, b
   Index Cond: ((t.a >= 30447) AND (t.a <= 9079022))
   Index Searches: 1
   Buffers: shared hit=8988363
 Settings: enable_bitmapscan = 'off', enable_seqscan = 'off', max_parallel_workers_per_gather = '0'
 Planning:
   Buffers: shared hit=109
 Planning Time: 0.235 ms
 Execution Time: 1456.858 ms
(10 rows)

