SET
SET
SET
SET
SET
                                                                  QUERY PLAN                                                                  
----------------------------------------------------------------------------------------------------------------------------------------------
 Index Scan Backward using idx on public.t (actual rows=1024.00 loops=1)
   Output: a, b
   Index Cond: ((t.a >= 4820) AND (t.a <= 5843))
   Index Searches: 1
   Prefetch: distance=246.049 count=1028 stalls=1 skipped=7 resets=0 ungets=98 forwarded=1
             histogram [2,4) => 6, [4,8) => 12, [8,16) => 18, [16,32) => 12, [32,64) => 28, [64,128) => 4, [128,256) => 135, [256,512) => 813
   Buffers: shared hit=876 read=150
 Settings: enable_bitmapscan = 'off', enable_seqscan = 'off', max_parallel_workers_per_gather = '0'
 Planning:
   Buffers: shared hit=82 read=26
 Planning Time: 1.759 ms
 Execution Time: 5.680 ms
(12 rows)

SET
SET
SET
SET
SET
                                             QUERY PLAN                                             
----------------------------------------------------------------------------------------------------
 Index Scan Backward using idx on public.t (actual rows=1024.00 loops=1)
   Output: a, b
   Index Cond: ((t.a >= 4820) AND (t.a <= 5843))
   Index Searches: 1
   Buffers: shared hit=1026
 Settings: enable_bitmapscan = 'off', enable_seqscan = 'off', max_parallel_workers_per_gather = '0'
 Planning:
   Buffers: shared hit=113
 Planning Time: 0.152 ms
 Execution Time: 0.183 ms
(10 rows)

