SET
SET
SET
SET
SET
                                                                  QUERY PLAN                                                                  
----------------------------------------------------------------------------------------------------------------------------------------------
 Index Scan Backward using idx on public.t (actual rows=2048.00 loops=1)
   Output: a, b
   Index Cond: ((t.a >= 1875) AND (t.a <= 3922))
   Index Searches: 1
   Prefetch: distance=254.342 count=2079 stalls=2 skipped=25 resets=0 ungets=161 forwarded=1
             histogram [2,4) => 2, [4,8) => 5, [8,16) => 8, [16,32) => 16, [32,64) => 32, [64,128) => 13, [128,256) => 420, [256,512) => 1583
   Buffers: shared hit=1837 read=196
 Settings: enable_bitmapscan = 'off', enable_seqscan = 'off', max_parallel_workers_per_gather = '0'
 Planning:
   Buffers: shared hit=82 read=26
 Planning Time: 2.091 ms
 Execution Time: 7.247 ms
(12 rows)

SET
SET
SET
SET
SET
                                             QUERY PLAN                                             
----------------------------------------------------------------------------------------------------
 Index Scan Backward using idx on public.t (actual rows=2048.00 loops=1)
   Output: a, b
   Index Cond: ((t.a >= 1875) AND (t.a <= 3922))
   Index Searches: 1
   Buffers: shared hit=2033
 Settings: enable_bitmapscan = 'off', enable_seqscan = 'off', max_parallel_workers_per_gather = '0'
 Planning:
   Buffers: shared hit=113
 Planning Time: 0.153 ms
 Execution Time: 0.307 ms
(10 rows)

