SET
SET
SET
SET
SET
                                                                 QUERY PLAN                                                                  
---------------------------------------------------------------------------------------------------------------------------------------------
 Index Scan Backward using idx on public.t (actual rows=256.00 loops=1)
   Output: a, b
   Index Cond: ((t.a >= 824) AND (t.a <= 1079))
   Index Searches: 1
   Prefetch: distance=175.615 count=213 stalls=4 skipped=2 resets=0 ungets=20 forwarded=1
             histogram [2,4) => 10, [4,8) => 8, [8,16) => 9, [16,32) => 16, [32,64) => 23, [64,128) => 16, [128,256) => 13, [256,512) => 118
   Buffers: shared hit=174 read=86
 Settings: enable_bitmapscan = 'off', enable_seqscan = 'off', max_parallel_workers_per_gather = '0'
 Planning:
   Buffers: shared hit=82 read=26
 Planning Time: 1.383 ms
 Execution Time: 4.218 ms
(12 rows)

SET
SET
SET
SET
SET
                                             QUERY PLAN                                             
----------------------------------------------------------------------------------------------------
 Index Scan Backward using idx on public.t (actual rows=256.00 loops=1)
   Output: a, b
   Index Cond: ((t.a >= 824) AND (t.a <= 1079))
   Index Searches: 1
   Buffers: shared hit=260
 Settings: enable_bitmapscan = 'off', enable_seqscan = 'off', max_parallel_workers_per_gather = '0'
 Planning:
   Buffers: shared hit=113
 Planning Time: 0.193 ms
 Execution Time: 0.157 ms
(10 rows)

