SET
SET
SET
SET
SET
                                                                    QUERY PLAN                                                                    
--------------------------------------------------------------------------------------------------------------------------------------------------
 Index Scan Backward using idx on public.t (actual rows=262144.00 loops=1)
   Output: a, b
   Index Cond: ((t.a >= 9617) AND (t.a <= 271760))
   Index Searches: 1
   Prefetch: distance=262.357 count=281204 stalls=6 skipped=2508 resets=0 ungets=21621 forwarded=128
             histogram [2,4) => 16, [4,8) => 8, [8,16) => 9, [16,32) => 12, [32,64) => 14, [64,128) => 7, [128,256) => 55592, [256,512) => 225546
   Buffers: shared hit=247061 read=13293
 Settings: enable_bitmapscan = 'off', enable_seqscan = 'off', max_parallel_workers_per_gather = '0'
 Planning:
   Buffers: shared hit=78 read=26
 Planning Time: 2.081 ms
 Execution Time: 147.035 ms
(12 rows)

SET
SET
SET
SET
SET
                                             QUERY PLAN                                             
----------------------------------------------------------------------------------------------------
 Index Scan Backward using idx on public.t (actual rows=262144.00 loops=1)
   Output: a, b
   Index Cond: ((t.a >= 9617) AND (t.a <= 271760))
   Index Searches: 1
   Buffers: shared hit=260358
 Settings: enable_bitmapscan = 'off', enable_seqscan = 'off', max_parallel_workers_per_gather = '0'
 Planning:
   Buffers: shared hit=109
 Planning Time: 0.192 ms
 Execution Time: 41.459 ms
(10 rows)

