SET
SET
SET
SET
SET
                                                                     QUERY PLAN                                                                     
----------------------------------------------------------------------------------------------------------------------------------------------------
 Index Scan Backward using idx on public.t (actual rows=9048576.00 loops=1)
   Output: a, b
   Index Cond: ((t.a >= 19872) AND (t.a <= 9068447))
   Index Searches: 1
   Prefetch: distance=262.329 count=9708039 stalls=1 skipped=84943 resets=0 ungets=744447 forwarded=4561
             histogram [2,4) => 2, [4,8) => 5, [8,16) => 13, [16,32) => 10, [32,64) => 3, [64,128) => 4, [128,256) => 1922412, [256,512) => 7785590
   Buffers: shared hit=8532445 read=455700
 Settings: enable_bitmapscan = 'off', enable_seqscan = 'off', max_parallel_workers_per_gather = '0'
 Planning:
   Buffers: shared hit=78 read=26
 Planning Time: 2.079 ms
 Execution Time: 4809.200 ms
(12 rows)

SET
SET
SET
SET
SET
                                             QUERY PLAN                                             
----------------------------------------------------------------------------------------------------
 Index Scan Backward using idx on public.t (actual rows=9048576.00 loops=1)
   Output: a, b
   Index Cond: ((t.a >= 19872) AND (t.a <= 9068447))
   Index Searches: 1
   Buffers: shared hit=8988362
 Settings: enable_bitmapscan = 'off', enable_seqscan = 'off', max_parallel_workers_per_gather = '0'
 Planning:
   Buffers: shared hit=109
 Planning Time: 0.231 ms
 Execution Time: 1447.486 ms
(10 rows)

