SET
SET
SET
SET
SET
                                                                      QUERY PLAN                                                                       
-------------------------------------------------------------------------------------------------------------------------------------------------------
 Index Scan Backward using idx on public.t (actual rows=7048576.00 loops=1)
   Output: a, b
   Index Cond: ((t.a >= 13558) AND (t.a <= 7062133))
   Index Searches: 1
   Prefetch: distance=262.317 count=7561118 stalls=24 skipped=66222 resets=0 ungets=578920 forwarded=3545
             histogram [2,4) => 14, [4,8) => 6, [8,16) => 18, [16,32) => 32, [32,64) => 27, [64,128) => 45, [128,256) => 1499933, [256,512) => 6061043
   Buffers: shared hit=6646470 read=354997
 Settings: enable_bitmapscan = 'off', enable_seqscan = 'off', max_parallel_workers_per_gather = '0'
 Planning:
   Buffers: shared hit=78 read=26
 Planning Time: 2.096 ms
 Execution Time: 3816.084 ms
(12 rows)

SET
SET
SET
SET
SET
                                             QUERY PLAN                                             
----------------------------------------------------------------------------------------------------
 Index Scan Backward using idx on public.t (actual rows=7048576.00 loops=1)
   Output: a, b
   Index Cond: ((t.a >= 13558) AND (t.a <= 7062133))
   Index Searches: 1
   Buffers: shared hit=7001619
 Settings: enable_bitmapscan = 'off', enable_seqscan = 'off', max_parallel_workers_per_gather = '0'
 Planning:
   Buffers: shared hit=109
 Planning Time: 0.217 ms
 Execution Time: 1165.453 ms
(10 rows)

