SET
SET
SET
SET
SET
                                             QUERY PLAN                                             
----------------------------------------------------------------------------------------------------
 Index Scan Backward using idx on public.t (actual rows=256.00 loops=1)
   Output: a, b
   Index Cond: ((t.a >= 10248) AND (t.a <= 10503))
   Index Searches: 1
   Prefetch: distance=4.554 count=65 stalls=40 skipped=3 resets=0 ungets=0 forwarded=0
             histogram [2,4) => 28, [4,8) => 27, [8,16) => 10
   Buffers: shared hit=155 read=103
 Settings: enable_bitmapscan = 'off', enable_seqscan = 'off', max_parallel_workers_per_gather = '0'
 Planning:
   Buffers: shared hit=82 read=26
 Planning Time: 1.352 ms
 Execution Time: 5.372 ms
(12 rows)

SET
SET
SET
SET
SET
                                             QUERY PLAN                                             
----------------------------------------------------------------------------------------------------
 Index Scan Backward using idx on public.t (actual rows=256.00 loops=1)
   Output: a, b
   Index Cond: ((t.a >= 10248) AND (t.a <= 10503))
   Index Searches: 1
   Buffers: shared hit=258
 Settings: enable_bitmapscan = 'off', enable_seqscan = 'off', max_parallel_workers_per_gather = '0'
 Planning:
   Buffers: shared hit=113
 Planning Time: 0.196 ms
 Execution Time: 0.169 ms
(10 rows)

