SET
SET
SET
SET
SET
                                             QUERY PLAN                                             
----------------------------------------------------------------------------------------------------
 Index Scan Backward using idx on public.t (actual rows=512.00 loops=1)
   Output: a, b
   Index Cond: ((t.a >= 16039) AND (t.a <= 16550))
   Index Searches: 1
   Prefetch: distance=2.451 count=51 stalls=243 skipped=5 resets=0 ungets=0 forwarded=0
             histogram [2,4) => 43, [4,8) => 8
   Buffers: shared hit=391 read=122
 Settings: enable_bitmapscan = 'off', enable_seqscan = 'off', max_parallel_workers_per_gather = '0'
 Planning:
   Buffers: shared hit=82 read=26
 Planning Time: 2.114 ms
 Execution Time: 7.584 ms
(12 rows)

SET
SET
SET
SET
SET
                                             QUERY PLAN                                             
----------------------------------------------------------------------------------------------------
 Index Scan Backward using idx on public.t (actual rows=512.00 loops=1)
   Output: a, b
   Index Cond: ((t.a >= 16039) AND (t.a <= 16550))
   Index Searches: 1
   Buffers: shared hit=513
 Settings: enable_bitmapscan = 'off', enable_seqscan = 'off', max_parallel_workers_per_gather = '0'
 Planning:
   Buffers: shared hit=113
 Planning Time: 0.151 ms
 Execution Time: 0.187 ms
(10 rows)

