SET
SET
SET
SET
SET
                                             QUERY PLAN                                             
----------------------------------------------------------------------------------------------------
 Index Scan Backward using idx on public.t (actual rows=4096.00 loops=1)
   Output: a, b
   Index Cond: ((t.a >= 30579) AND (t.a <= 34674))
   Index Searches: 1
   Prefetch: distance=2.090 count=377 stalls=3380 skipped=26 resets=0 ungets=0 forwarded=1
             histogram [2,4) => 366, [4,8) => 11
   Buffers: shared hit=3783 read=297
 Settings: enable_bitmapscan = 'off', enable_seqscan = 'off', max_parallel_workers_per_gather = '0'
 Planning:
   Buffers: shared hit=82 read=26
 Planning Time: 2.122 ms
 Execution Time: 9.036 ms
(12 rows)

SET
SET
SET
SET
SET
                                             QUERY PLAN                                             
----------------------------------------------------------------------------------------------------
 Index Scan Backward using idx on public.t (actual rows=4096.00 loops=1)
   Output: a, b
   Index Cond: ((t.a >= 30579) AND (t.a <= 34674))
   Index Searches: 1
   Buffers: shared hit=4080
 Settings: enable_bitmapscan = 'off', enable_seqscan = 'off', max_parallel_workers_per_gather = '0'
 Planning:
   Buffers: shared hit=113
 Planning Time: 0.155 ms
 Execution Time: 0.600 ms
(10 rows)

