SET
SET
SET
SET
SET
                                                                   QUERY PLAN                                                                   
------------------------------------------------------------------------------------------------------------------------------------------------
 Index Scan Backward using idx on public.t (actual rows=65536.00 loops=1)
   Output: a, b
   Index Cond: ((t.a >= 5965) AND (t.a <= 71500))
   Index Searches: 1
   Prefetch: distance=262.145 count=70227 stalls=1 skipped=647 resets=0 ungets=5378 forwarded=30
             histogram [2,4) => 4, [4,8) => 11, [8,16) => 8, [16,32) => 15, [32,64) => 4, [64,128) => 3, [128,256) => 14093, [256,512) => 56089
   Buffers: shared hit=61680 read=3392
 Settings: enable_bitmapscan = 'off', enable_seqscan = 'off', max_parallel_workers_per_gather = '0'
 Planning:
   Buffers: shared hit=82 read=26
 Planning Time: 2.115 ms
 Execution Time: 42.574 ms
(12 rows)

SET
SET
SET
SET
SET
                                             QUERY PLAN                                             
----------------------------------------------------------------------------------------------------
 Index Scan Backward using idx on public.t (actual rows=65536.00 loops=1)
   Output: a, b
   Index Cond: ((t.a >= 5965) AND (t.a <= 71500))
   Index Searches: 1
   Buffers: shared hit=65073
 Settings: enable_bitmapscan = 'off', enable_seqscan = 'off', max_parallel_workers_per_gather = '0'
 Planning:
   Buffers: shared hit=113
 Planning Time: 0.174 ms
 Execution Time: 7.861 ms
(10 rows)

