SET
SET
SET
SET
SET
                                                                     QUERY PLAN                                                                     
----------------------------------------------------------------------------------------------------------------------------------------------------
 Index Scan Backward using idx on public.t (actual rows=5048576.00 loops=1)
   Output: a, b
   Index Cond: ((t.a >= 3325) AND (t.a <= 5051900))
   Index Searches: 1
   Prefetch: distance=262.341 count=5416465 stalls=9 skipped=47437 resets=0 ungets=415452 forwarded=2529
             histogram [2,4) => 8, [4,8) => 6, [8,16) => 9, [16,32) => 22, [32,64) => 15, [64,128) => 5, [128,256) => 1072129, [256,512) => 4344271
   Buffers: shared hit=4760539 read=254293
 Settings: enable_bitmapscan = 'off', enable_seqscan = 'off', max_parallel_workers_per_gather = '0'
 Planning:
   Buffers: shared hit=78 read=26
 Planning Time: 2.122 ms
 Execution Time: 2685.784 ms
(12 rows)

SET
SET
SET
SET
SET
                                             QUERY PLAN                                             
----------------------------------------------------------------------------------------------------
 Index Scan Backward using idx on public.t (actual rows=5048576.00 loops=1)
   Output: a, b
   Index Cond: ((t.a >= 3325) AND (t.a <= 5051900))
   Index Searches: 1
   Buffers: shared hit=5014938
 Settings: enable_bitmapscan = 'off', enable_seqscan = 'off', max_parallel_workers_per_gather = '0'
 Planning:
   Buffers: shared hit=109
 Planning Time: 0.237 ms
 Execution Time: 805.880 ms
(10 rows)

