SET
SET
SET
SET
SET
                                                                    QUERY PLAN                                                                     
---------------------------------------------------------------------------------------------------------------------------------------------------
 Index Scan Backward using idx on public.t (actual rows=6048576.00 loops=1)
   Output: a, b
   Index Cond: ((t.a >= 23551) AND (t.a <= 6072126))
   Index Searches: 1
   Prefetch: distance=262.320 count=6488303 stalls=1 skipped=56863 resets=0 ungets=496612 forwarded=2983
             histogram [2,4) => 2, [4,8) => 7, [8,16) => 5, [16,32) => 10, [32,64) => 2, [64,128) => 2, [128,256) => 1288108, [256,512) => 5200167
   Buffers: shared hit=5703482 read=304648
 Settings: enable_bitmapscan = 'off', enable_seqscan = 'off', max_parallel_workers_per_gather = '0'
 Planning:
   Buffers: shared hit=78 read=26
 Planning Time: 2.084 ms
 Execution Time: 3232.138 ms
(12 rows)

SET
SET
SET
SET
SET
                                             QUERY PLAN                                             
----------------------------------------------------------------------------------------------------
 Index Scan Backward using idx on public.t (actual rows=6048576.00 loops=1)
   Output: a, b
   Index Cond: ((t.a >= 23551) AND (t.a <= 6072126))
   Index Searches: 1
   Buffers: shared hit=6008246
 Settings: enable_bitmapscan = 'off', enable_seqscan = 'off', max_parallel_workers_per_gather = '0'
 Planning:
   Buffers: shared hit=109
 Planning Time: 0.233 ms
 Execution Time: 961.523 ms
(10 rows)

