SET
SET
SET
SET
SET
                                                                 QUERY PLAN                                                                  
---------------------------------------------------------------------------------------------------------------------------------------------
 Index Scan Backward using idx on public.t (actual rows=256.00 loops=1)
   Output: a, b
   Index Cond: ((t.a >= 28253) AND (t.a <= 28508))
   Index Searches: 1
   Prefetch: distance=175.523 count=197 stalls=1 skipped=3 resets=0 ungets=22 forwarded=0
             histogram [2,4) => 6, [4,8) => 10, [8,16) => 11, [16,32) => 12, [32,64) => 24, [64,128) => 14, [128,256) => 4, [256,512) => 116
   Buffers: shared hit=160 read=100
 Settings: enable_bitmapscan = 'off', enable_seqscan = 'off', max_parallel_workers_per_gather = '0'
 Planning:
   Buffers: shared hit=82 read=26
 Planning Time: 1.393 ms
 Execution Time: 5.470 ms
(12 rows)

SET
SET
SET
SET
SET
                                             QUERY PLAN                                             
----------------------------------------------------------------------------------------------------
 Index Scan Backward using idx on public.t (actual rows=256.00 loops=1)
   Output: a, b
   Index Cond: ((t.a >= 28253) AND (t.a <= 28508))
   Index Searches: 1
   Buffers: shared hit=260
 Settings: enable_bitmapscan = 'off', enable_seqscan = 'off', max_parallel_workers_per_gather = '0'
 Planning:
   Buffers: shared hit=113
 Planning Time: 0.205 ms
 Execution Time: 0.170 ms
(10 rows)

