SET
SET
SET
SET
SET
                                             QUERY PLAN                                             
----------------------------------------------------------------------------------------------------
 Index Scan Backward using idx on public.t (actual rows=4096.00 loops=1)
   Output: a, b
   Index Cond: ((t.a >= 25566) AND (t.a <= 29661))
   Index Searches: 1
   Prefetch: distance=2.086 count=395 stalls=3451 skipped=48 resets=0 ungets=0 forwarded=0
             histogram [2,4) => 384, [4,8) => 11
   Buffers: shared hit=3770 read=294
 Settings: enable_bitmapscan = 'off', enable_seqscan = 'off', max_parallel_workers_per_gather = '0'
 Planning:
   Buffers: shared hit=82 read=26
 Planning Time: 2.090 ms
 Execution Time: 7.859 ms
(12 rows)

SET
SET
SET
SET
SET
                                             QUERY PLAN                                             
----------------------------------------------------------------------------------------------------
 Index Scan Backward using idx on public.t (actual rows=4096.00 loops=1)
   Output: a, b
   Index Cond: ((t.a >= 25566) AND (t.a <= 29661))
   Index Searches: 1
   Buffers: shared hit=4064
 Settings: enable_bitmapscan = 'off', enable_seqscan = 'off', max_parallel_workers_per_gather = '0'
 Planning:
   Buffers: shared hit=113
 Planning Time: 0.193 ms
 Execution Time: 0.829 ms
(10 rows)

