SET
SET
SET
SET
SET
                                                                   QUERY PLAN                                                                    
-------------------------------------------------------------------------------------------------------------------------------------------------
 Index Scan Backward using idx on public.t (actual rows=262144.00 loops=1)
   Output: a, b
   Index Cond: ((t.a >= 19067) AND (t.a <= 281210))
   Index Searches: 1
   Prefetch: distance=262.393 count=281103 stalls=4 skipped=2514 resets=0 ungets=21590 forwarded=133
             histogram [2,4) => 2, [4,8) => 5, [8,16) => 9, [16,32) => 19, [32,64) => 42, [64,128) => 3, [128,256) => 55169, [256,512) => 225854
   Buffers: shared hit=247062 read=13286
 Settings: enable_bitmapscan = 'off', enable_seqscan = 'off', max_parallel_workers_per_gather = '0'
 Planning:
   Buffers: shared hit=78 read=26
 Planning Time: 2.057 ms
 Execution Time: 152.167 ms
(12 rows)

SET
SET
SET
SET
SET
                                             QUERY PLAN                                             
----------------------------------------------------------------------------------------------------
 Index Scan Backward using idx on public.t (actual rows=262144.00 loops=1)
   Output: a, b
   Index Cond: ((t.a >= 19067) AND (t.a <= 281210))
   Index Searches: 1
   Buffers: shared hit=260351
 Settings: enable_bitmapscan = 'off', enable_seqscan = 'off', max_parallel_workers_per_gather = '0'
 Planning:
   Buffers: shared hit=109
 Planning Time: 0.185 ms
 Execution Time: 41.187 ms
(10 rows)

