SET
SET
SET
SET
SET
                                                                     QUERY PLAN                                                                     
----------------------------------------------------------------------------------------------------------------------------------------------------
 Index Scan Backward using idx on public.t (actual rows=7048576.00 loops=1)
   Output: a, b
   Index Cond: ((t.a >= 19480) AND (t.a <= 7068055))
   Index Searches: 1
   Prefetch: distance=262.349 count=7561856 stalls=8 skipped=66213 resets=0 ungets=579567 forwarded=3577
             histogram [2,4) => 10, [4,8) => 6, [8,16) => 8, [16,32) => 16, [32,64) => 9, [64,128) => 2, [128,256) => 1493516, [256,512) => 6068289
   Buffers: shared hit=6646488 read=354994
 Settings: enable_bitmapscan = 'off', enable_seqscan = 'off', max_parallel_workers_per_gather = '0'
 Planning:
   Buffers: shared hit=78 read=26
 Planning Time: 2.093 ms
 Execution Time: 3731.844 ms
(12 rows)

SET
SET
SET
SET
SET
                                             QUERY PLAN                                             
----------------------------------------------------------------------------------------------------
 Index Scan Backward using idx on public.t (actual rows=7048576.00 loops=1)
   Output: a, b
   Index Cond: ((t.a >= 19480) AND (t.a <= 7068055))
   Index Searches: 1
   Buffers: shared hit=7001628
 Settings: enable_bitmapscan = 'off', enable_seqscan = 'off', max_parallel_workers_per_gather = '0'
 Planning:
   Buffers: shared hit=109
 Planning Time: 0.239 ms
 Execution Time: 1138.564 ms
(10 rows)

