SET
SET
SET
SET
SET
                                                                    QUERY PLAN                                                                     
---------------------------------------------------------------------------------------------------------------------------------------------------
 Index Scan Backward using idx on public.t (actual rows=4048576.00 loops=1)
   Output: a, b
   Index Cond: ((t.a >= 3052) AND (t.a <= 4051627))
   Index Searches: 1
   Prefetch: distance=262.322 count=4343287 stalls=3 skipped=37923 resets=0 ungets=332661 forwarded=1976
             histogram [2,4) => 6, [4,8) => 4, [8,16) => 10, [16,32) => 13, [32,64) => 3, [64,128) => 2, [128,256) => 861242, [256,512) => 3482007
   Buffers: shared hit=3817715 read=203942
 Settings: enable_bitmapscan = 'off', enable_seqscan = 'off', max_parallel_workers_per_gather = '0'
 Planning:
   Buffers: shared hit=78 read=26
 Planning Time: 2.061 ms
 Execution Time: 2165.870 ms
(12 rows)

SET
SET
SET
SET
SET
                                             QUERY PLAN                                             
----------------------------------------------------------------------------------------------------
 Index Scan Backward using idx on public.t (actual rows=4048576.00 loops=1)
   Output: a, b
   Index Cond: ((t.a >= 3052) AND (t.a <= 4051627))
   Index Searches: 1
   Buffers: shared hit=4021721
 Settings: enable_bitmapscan = 'off', enable_seqscan = 'off', max_parallel_workers_per_gather = '0'
 Planning:
   Buffers: shared hit=109
 Planning Time: 0.236 ms
 Execution Time: 646.529 ms
(10 rows)

