SET
SET
SET
SET
SET
                                                                 QUERY PLAN                                                                 
--------------------------------------------------------------------------------------------------------------------------------------------
 Index Scan using idx on public.t (actual rows=1024.00 loops=1)
   Output: a, b
   Index Cond: ((t.a >= '-15724'::integer) AND (t.a <= '-15469'::integer))
   Index Searches: 1
   Prefetch: distance=251.682 count=1053 stalls=3 skipped=8 resets=0 ungets=103 forwarded=4
             histogram [2,4) => 6, [4,8) => 4, [8,16) => 7, [16,32) => 13, [32,64) => 21, [64,128) => 7, [128,256) => 144, [256,512) => 851
   Buffers: shared hit=883 read=141
 Settings: enable_bitmapscan = 'off', enable_seqscan = 'off', max_parallel_workers_per_gather = '0'
 Planning:
   Buffers: shared hit=81 read=28
 Planning Time: 2.067 ms
 Execution Time: 6.082 ms
(12 rows)

SET
SET
SET
SET
SET
                                             QUERY PLAN                                             
----------------------------------------------------------------------------------------------------
 Index Scan using idx on public.t (actual rows=1024.00 loops=1)
   Output: a, b
   Index Cond: ((t.a >= '-15724'::integer) AND (t.a <= '-15469'::integer))
   Index Searches: 1
   Buffers: shared hit=1024
 Settings: enable_bitmapscan = 'off', enable_seqscan = 'off', max_parallel_workers_per_gather = '0'
 Planning:
   Buffers: shared hit=114
 Planning Time: 0.231 ms
 Execution Time: 0.315 ms
(10 rows)

