SET
SET
SET
SET
SET
                                             QUERY PLAN                                             
----------------------------------------------------------------------------------------------------
 Index Scan using idx on public.t (actual rows=4096.00 loops=1)
   Output: a, b
   Index Cond: ((t.a >= '-3410'::integer) AND (t.a <= '-2387'::integer))
   Index Searches: 1
   Prefetch: distance=2.101 count=395 stalls=3401 skipped=61 resets=0 ungets=0 forwarded=1
             histogram [2,4) => 381, [4,8) => 14
   Buffers: shared hit=3751 read=294
 Settings: enable_bitmapscan = 'off', enable_seqscan = 'off', max_parallel_workers_per_gather = '0'
 Planning:
   Buffers: shared hit=81 read=28
 Planning Time: 2.039 ms
 Execution Time: 19.274 ms
(12 rows)

SET
SET
SET
SET
SET
                                             QUERY PLAN                                             
----------------------------------------------------------------------------------------------------
 Index Scan using idx on public.t (actual rows=4096.00 loops=1)
   Output: a, b
   Index Cond: ((t.a >= '-3410'::integer) AND (t.a <= '-2387'::integer))
   Index Searches: 1
   Buffers: shared hit=4045
 Settings: enable_bitmapscan = 'off', enable_seqscan = 'off', max_parallel_workers_per_gather = '0'
 Planning:
   Buffers: shared hit=114
 Planning Time: 0.197 ms
 Execution Time: 0.853 ms
(10 rows)

