SET
SET
SET
SET
SET
                                                                  QUERY PLAN                                                                  
----------------------------------------------------------------------------------------------------------------------------------------------
 Index Scan using idx on public.t (actual rows=8192.00 loops=1)
   Output: a, b
   Index Cond: ((t.a >= '-31419'::integer) AND (t.a <= '-29372'::integer))
   Index Searches: 1
   Prefetch: distance=263.006 count=8852 stalls=3 skipped=123 resets=0 ungets=837 forwarded=21
             histogram [2,4) => 6, [4,8) => 5, [8,16) => 12, [16,32) => 12, [32,64) => 9, [64,128) => 2, [128,256) => 1171, [256,512) => 7635
   Buffers: shared hit=7591 read=495
 Settings: enable_bitmapscan = 'off', enable_seqscan = 'off', max_parallel_workers_per_gather = '0'
 Planning:
   Buffers: shared hit=81 read=28
 Planning Time: 2.061 ms
 Execution Time: 12.881 ms
(12 rows)

SET
SET
SET
SET
SET
                                             QUERY PLAN                                             
----------------------------------------------------------------------------------------------------
 Index Scan using idx on public.t (actual rows=8192.00 loops=1)
   Output: a, b
   Index Cond: ((t.a >= '-31419'::integer) AND (t.a <= '-29372'::integer))
   Index Searches: 1
   Buffers: shared hit=8086
 Settings: enable_bitmapscan = 'off', enable_seqscan = 'off', max_parallel_workers_per_gather = '0'
 Planning:
   Buffers: shared hit=114
 Planning Time: 0.130 ms
 Execution Time: 0.852 ms
(10 rows)

