SET
SET
SET
SET
SET
                                                                  QUERY PLAN                                                                  
----------------------------------------------------------------------------------------------------------------------------------------------
 Index Scan using idx on public.t (actual rows=4096.00 loops=1)
   Output: a, b
   Index Cond: ((t.a >= 18842) AND (t.a <= 22937))
   Index Searches: 1
   Prefetch: distance=259.967 count=4357 stalls=1 skipped=36 resets=0 ungets=394 forwarded=2
             histogram [2,4) => 8, [4,8) => 11, [8,16) => 8, [16,32) => 13, [32,64) => 31, [64,128) => 3, [128,256) => 668, [256,512) => 3615
   Buffers: shared hit=3778 read=298
 Settings: enable_bitmapscan = 'off', enable_seqscan = 'off', max_parallel_workers_per_gather = '0'
 Planning:
   Buffers: shared hit=86 read=26
 Planning Time: 2.121 ms
 Execution Time: 9.355 ms
(12 rows)

SET
SET
SET
SET
SET
                                             QUERY PLAN                                             
----------------------------------------------------------------------------------------------------
 Index Scan using idx on public.t (actual rows=4096.00 loops=1)
   Output: a, b
   Index Cond: ((t.a >= 18842) AND (t.a <= 22937))
   Index Searches: 1
   Buffers: shared hit=4077
 Settings: enable_bitmapscan = 'off', enable_seqscan = 'off', max_parallel_workers_per_gather = '0'
 Planning:
   Buffers: shared hit=117
 Planning Time: 0.163 ms
 Execution Time: 0.511 ms
(10 rows)

