SET
SET
SET
SET
SET
                                             QUERY PLAN                                             
----------------------------------------------------------------------------------------------------
 Index Scan using idx on public.t (actual rows=256.00 loops=1)
   Output: a, b
   Index Cond: ((t.a >= 11804) AND (t.a <= 12059))
   Index Searches: 1
   Prefetch: distance=2.300 count=10 stalls=48 skipped=0 resets=0 ungets=0 forwarded=0
             histogram [2,4) => 9, [4,8) => 1
   Buffers: shared hit=162 read=100
 Settings: enable_bitmapscan = 'off', enable_seqscan = 'off', max_parallel_workers_per_gather = '0'
 Planning:
   Buffers: shared hit=86 read=26
 Planning Time: 1.381 ms
 Execution Time: 6.473 ms
(12 rows)

SET
SET
SET
SET
SET
                                             QUERY PLAN                                             
----------------------------------------------------------------------------------------------------
 Index Scan using idx on public.t (actual rows=256.00 loops=1)
   Output: a, b
   Index Cond: ((t.a >= 11804) AND (t.a <= 12059))
   Index Searches: 1
   Buffers: shared hit=262
 Settings: enable_bitmapscan = 'off', enable_seqscan = 'off', max_parallel_workers_per_gather = '0'
 Planning:
   Buffers: shared hit=117
 Planning Time: 0.162 ms
 Execution Time: 0.095 ms
(10 rows)

