SET
SET
SET
SET
SET
                                                                  QUERY PLAN                                                                  
----------------------------------------------------------------------------------------------------------------------------------------------
 Index Scan using idx on public.t (actual rows=16384.00 loops=1)
   Output: a, b
   Index Cond: ((t.a >= 14534) AND (t.a <= 30917))
   Index Searches: 1
   Prefetch: distance=263.422 count=17800 stalls=2 skipped=163 resets=0 ungets=1605 forwarded=12
             histogram [2,4) => 3, [4,8) => 5, [8,16) => 7, [16,32) => 13, [32,64) => 2, [64,128) => 7, [128,256) => 2731, [256,512) => 15032
   Buffers: shared hit=15353 read=919
 Settings: enable_bitmapscan = 'off', enable_seqscan = 'off', max_parallel_workers_per_gather = '0'
 Planning:
   Buffers: shared hit=86 read=26
 Planning Time: 2.077 ms
 Execution Time: 18.751 ms
(12 rows)

SET
SET
SET
SET
SET
                                             QUERY PLAN                                             
----------------------------------------------------------------------------------------------------
 Index Scan using idx on public.t (actual rows=16384.00 loops=1)
   Output: a, b
   Index Cond: ((t.a >= 14534) AND (t.a <= 30917))
   Index Searches: 1
   Buffers: shared hit=16272
 Settings: enable_bitmapscan = 'off', enable_seqscan = 'off', max_parallel_workers_per_gather = '0'
 Planning:
   Buffers: shared hit=117
 Planning Time: 0.199 ms
 Execution Time: 2.716 ms
(10 rows)

