SET
SET
SET
SET
SET
                                                                   QUERY PLAN                                                                   
------------------------------------------------------------------------------------------------------------------------------------------------
 Index Scan using idx on public.t (actual rows=32768.00 loops=1)
   Output: a, b
   Index Cond: ((t.a >= 7333) AND (t.a <= 40100))
   Index Searches: 1
   Prefetch: distance=263.572 count=35584 stalls=1 skipped=301 resets=0 ungets=3175 forwarded=24
             histogram [2,4) => 2, [4,8) => 10, [8,16) => 10, [16,32) => 14, [32,64) => 2, [64,128) => 2, [128,256) => 5327, [256,512) => 30217
   Buffers: shared hit=30824 read=1739
 Settings: enable_bitmapscan = 'off', enable_seqscan = 'off', max_parallel_workers_per_gather = '0'
 Planning:
   Buffers: shared hit=86 read=26
 Planning Time: 2.099 ms
 Execution Time: 36.810 ms
(12 rows)

SET
SET
SET
SET
SET
                                             QUERY PLAN                                             
----------------------------------------------------------------------------------------------------
 Index Scan using idx on public.t (actual rows=32768.00 loops=1)
   Output: a, b
   Index Cond: ((t.a >= 7333) AND (t.a <= 40100))
   Index Searches: 1
   Buffers: shared hit=32563
 Settings: enable_bitmapscan = 'off', enable_seqscan = 'off', max_parallel_workers_per_gather = '0'
 Planning:
   Buffers: shared hit=117
 Planning Time: 0.212 ms
 Execution Time: 3.584 ms
(10 rows)

