SET
SET
SET
SET
SET
                                                                    QUERY PLAN                                                                    
--------------------------------------------------------------------------------------------------------------------------------------------------
 Index Scan using idx on public.t (actual rows=131072.00 loops=1)
   Output: a, b
   Index Cond: ((t.a >= '-40604'::integer) AND (t.a <= '-7837'::integer))
   Index Searches: 1
   Prefetch: distance=264.021 count=141943 stalls=1 skipped=1991 resets=0 ungets=12914 forwarded=304
             histogram [2,4) => 4, [4,8) => 13, [8,16) => 8, [16,32) => 18, [32,64) => 11, [64,128) => 2, [128,256) => 20247, [256,512) => 121640
   Buffers: shared hit=122743 read=6529
 Settings: enable_bitmapscan = 'off', enable_seqscan = 'off', max_parallel_workers_per_gather = '0'
 Planning:
   Buffers: shared hit=81 read=28
 Planning Time: 2.058 ms
 Execution Time: 142.685 ms
(12 rows)

SET
SET
SET
SET
SET
                                             QUERY PLAN                                             
----------------------------------------------------------------------------------------------------
 Index Scan using idx on public.t (actual rows=131072.00 loops=1)
   Output: a, b
   Index Cond: ((t.a >= '-40604'::integer) AND (t.a <= '-7837'::integer))
   Index Searches: 1
   Buffers: shared hit=129284
 Settings: enable_bitmapscan = 'off', enable_seqscan = 'off', max_parallel_workers_per_gather = '0'
 Planning:
   Buffers: shared hit=114
 Planning Time: 0.185 ms
 Execution Time: 17.745 ms
(10 rows)

