SET
SET
SET
SET
SET
                                                                     QUERY PLAN                                                                      
-----------------------------------------------------------------------------------------------------------------------------------------------------
 Index Scan using idx on public.t (actual rows=7048576.00 loops=1)
   Output: a, b
   Index Cond: ((t.a >= 31546) AND (t.a <= 7080121))
   Index Searches: 1
   Prefetch: distance=263.679 count=7651276 stalls=4 skipped=66225 resets=0 ungets=668997 forwarded=5042
             histogram [2,4) => 6, [4,8) => 6, [8,16) => 14, [16,32) => 32, [32,64) => 24, [64,128) => 4, [128,256) => 1198627, [256,512) => 6452563
   Buffers: shared hit=6646466 read=355003
 Settings: enable_bitmapscan = 'off', enable_seqscan = 'off', max_parallel_workers_per_gather = '0'
 Planning:
   Buffers: shared hit=82 read=26
 Planning Time: 2.082 ms
 Execution Time: 6819.078 ms
(12 rows)

SET
SET
SET
SET
SET
                                             QUERY PLAN                                             
----------------------------------------------------------------------------------------------------
 Index Scan using idx on public.t (actual rows=7048576.00 loops=1)
   Output: a, b
   Index Cond: ((t.a >= 31546) AND (t.a <= 7080121))
   Index Searches: 1
   Buffers: shared hit=7001616
 Settings: enable_bitmapscan = 'off', enable_seqscan = 'off', max_parallel_workers_per_gather = '0'
 Planning:
   Buffers: shared hit=113
 Planning Time: 0.305 ms
 Execution Time: 1156.763 ms
(10 rows)

