SET
SET
SET
SET
SET
                                                                     QUERY PLAN                                                                     
----------------------------------------------------------------------------------------------------------------------------------------------------
 Index Scan using idx on public.t (actual rows=262144.00 loops=1)
   Output: a, b
   Index Cond: ((t.a >= '-86382'::integer) AND (t.a <= '-20847'::integer))
   Index Searches: 1
   Prefetch: distance=263.991 count=283871 stalls=12 skipped=3860 resets=0 ungets=25730 forwarded=632
             histogram [2,4) => 4, [4,8) => 18, [8,16) => 12, [16,32) => 29, [32,64) => 44, [64,128) => 26, [128,256) => 40913, [256,512) => 242825
   Buffers: shared hit=245692 read=12966
 Settings: enable_bitmapscan = 'off', enable_seqscan = 'off', max_parallel_workers_per_gather = '0'
 Planning:
   Buffers: shared hit=77 read=28
 Planning Time: 2.063 ms
 Execution Time: 282.210 ms
(12 rows)

SET
SET
SET
SET
SET
                                             QUERY PLAN                                             
----------------------------------------------------------------------------------------------------
 Index Scan using idx on public.t (actual rows=262144.00 loops=1)
   Output: a, b
   Index Cond: ((t.a >= '-86382'::integer) AND (t.a <= '-20847'::integer))
   Index Searches: 1
   Buffers: shared hit=258681
 Settings: enable_bitmapscan = 'off', enable_seqscan = 'off', max_parallel_workers_per_gather = '0'
 Planning:
   Buffers: shared hit=110
 Planning Time: 0.186 ms
 Execution Time: 39.253 ms
(10 rows)

