SET
SET
SET
SET
SET
                                                                    QUERY PLAN                                                                     
---------------------------------------------------------------------------------------------------------------------------------------------------
 Index Scan using idx on public.t (actual rows=2048576.00 loops=1)
   Output: a, b
   Index Cond: ((t.a >= '-526582'::integer) AND (t.a <= '-14439'::integer))
   Index Searches: 1
   Prefetch: distance=264.114 count=2219856 stalls=4 skipped=30415 resets=0 ungets=201782 forwarded=4962
             histogram [2,4) => 6, [4,8) => 7, [8,16) => 8, [16,32) => 19, [32,64) => 32, [64,128) => 2, [128,256) => 317006, [256,512) => 1902776
   Buffers: shared hit=1920369 read=100707
 Settings: enable_bitmapscan = 'off', enable_seqscan = 'off', max_parallel_workers_per_gather = '0'
 Planning:
   Buffers: shared hit=77 read=28
 Planning Time: 2.067 ms
 Execution Time: 2154.947 ms
(12 rows)

SET
SET
SET
SET
SET
                                             QUERY PLAN                                             
----------------------------------------------------------------------------------------------------
 Index Scan using idx on public.t (actual rows=2048576.00 loops=1)
   Output: a, b
   Index Cond: ((t.a >= '-526582'::integer) AND (t.a <= '-14439'::integer))
   Index Searches: 1
   Buffers: shared hit=2021232
 Settings: enable_bitmapscan = 'off', enable_seqscan = 'off', max_parallel_workers_per_gather = '0'
 Planning:
   Buffers: shared hit=110
 Planning Time: 0.232 ms
 Execution Time: 325.220 ms
(10 rows)

