SET
SET
SET
SET
SET
                                                                  QUERY PLAN                                                                   
-----------------------------------------------------------------------------------------------------------------------------------------------
 Index Scan using idx on public.t (actual rows=8192.00 loops=1)
   Output: a, b
   Index Cond: ((t.a >= 840) AND (t.a <= 9031))
   Index Searches: 1
   Prefetch: distance=262.111 count=8789 stalls=1 skipped=83 resets=0 ungets=779 forwarded=5
             histogram [2,4) => 4, [4,8) => 6, [8,16) => 16, [16,32) => 21, [32,64) => 18, [64,128) => 5, [128,256) => 1289, [256,512) => 7430
   Buffers: shared hit=7647 read=490
 Settings: enable_bitmapscan = 'off', enable_seqscan = 'off', max_parallel_workers_per_gather = '0'
 Planning:
   Buffers: shared hit=86 read=26
 Planning Time: 2.153 ms
 Execution Time: 13.271 ms
(12 rows)

SET
SET
SET
SET
SET
                                             QUERY PLAN                                             
----------------------------------------------------------------------------------------------------
 Index Scan using idx on public.t (actual rows=8192.00 loops=1)
   Output: a, b
   Index Cond: ((t.a >= 840) AND (t.a <= 9031))
   Index Searches: 1
   Buffers: shared hit=8137
 Settings: enable_bitmapscan = 'off', enable_seqscan = 'off', max_parallel_workers_per_gather = '0'
 Planning:
   Buffers: shared hit=117
 Planning Time: 0.158 ms
 Execution Time: 1.034 ms
(10 rows)

