SET
SET
SET
SET
SET
                                                                   QUERY PLAN                                                                   
------------------------------------------------------------------------------------------------------------------------------------------------
 Index Scan using idx on public.t (actual rows=4096.00 loops=1)
   Output: a, b
   Index Cond: ((t.a >= 30198) AND (t.a <= 34293))
   Index Searches: 1
   Prefetch: distance=257.124 count=4322 stalls=13 skipped=33 resets=0 ungets=378 forwarded=2
             histogram [2,4) => 14, [4,8) => 22, [8,16) => 7, [16,32) => 13, [32,64) => 30, [64,128) => 56, [128,256) => 545, [256,512) => 3635
   Buffers: shared hit=3780 read=299
 Settings: enable_bitmapscan = 'off', enable_seqscan = 'off', max_parallel_workers_per_gather = '0'
 Planning:
   Buffers: shared hit=86 read=26
 Planning Time: 2.068 ms
 Execution Time: 10.600 ms
(12 rows)

SET
SET
SET
SET
SET
                                             QUERY PLAN                                             
----------------------------------------------------------------------------------------------------
 Index Scan using idx on public.t (actual rows=4096.00 loops=1)
   Output: a, b
   Index Cond: ((t.a >= 30198) AND (t.a <= 34293))
   Index Searches: 1
   Buffers: shared hit=4080
 Settings: enable_bitmapscan = 'off', enable_seqscan = 'off', max_parallel_workers_per_gather = '0'
 Planning:
   Buffers: shared hit=117
 Planning Time: 0.152 ms
 Execution Time: 0.563 ms
(10 rows)

