SET
SET
SET
SET
SET
                                                                     QUERY PLAN                                                                     
----------------------------------------------------------------------------------------------------------------------------------------------------
 Index Scan using idx on public.t (actual rows=1048576.00 loops=1)
   Output: a, b
   Index Cond: ((t.a >= 32430) AND (t.a <= 1081005))
   Index Searches: 1
   Prefetch: distance=263.686 count=1138372 stalls=5 skipped=9783 resets=0 ungets=99642 forwarded=736
             histogram [2,4) => 10, [4,8) => 10, [8,16) => 8, [16,32) => 17, [32,64) => 10, [64,128) => 2, [128,256) => 177846, [256,512) => 960469
   Buffers: shared hit=988748 read=52891
 Settings: enable_bitmapscan = 'off', enable_seqscan = 'off', max_parallel_workers_per_gather = '0'
 Planning:
   Buffers: shared hit=82 read=26
 Planning Time: 2.071 ms
 Execution Time: 1020.086 ms
(12 rows)

SET
SET
SET
SET
SET
                                             QUERY PLAN                                             
----------------------------------------------------------------------------------------------------
 Index Scan using idx on public.t (actual rows=1048576.00 loops=1)
   Output: a, b
   Index Cond: ((t.a >= 32430) AND (t.a <= 1081005))
   Index Searches: 1
   Buffers: shared hit=1041662
 Settings: enable_bitmapscan = 'off', enable_seqscan = 'off', max_parallel_workers_per_gather = '0'
 Planning:
   Buffers: shared hit=113
 Planning Time: 0.220 ms
 Execution Time: 173.450 ms
(10 rows)

