SET
SET
SET
SET
SET
                                                                   QUERY PLAN                                                                   
------------------------------------------------------------------------------------------------------------------------------------------------
 Index Scan using idx on public.t (actual rows=262144.00 loops=1)
   Output: a, b
   Index Cond: ((t.a >= 13258) AND (t.a <= 275401))
   Index Searches: 1
   Prefetch: distance=263.698 count=284529 stalls=2 skipped=2519 resets=0 ungets=24926 forwarded=182
             histogram [2,4) => 2, [4,8) => 4, [8,16) => 8, [16,32) => 8, [32,64) => 12, [64,128) => 2, [128,256) => 44450, [256,512) => 240043
   Buffers: shared hit=247050 read=13291
 Settings: enable_bitmapscan = 'off', enable_seqscan = 'off', max_parallel_workers_per_gather = '0'
 Planning:
   Buffers: shared hit=82 read=26
 Planning Time: 2.104 ms
 Execution Time: 261.867 ms
(12 rows)

SET
SET
SET
SET
SET
                                             QUERY PLAN                                             
----------------------------------------------------------------------------------------------------
 Index Scan using idx on public.t (actual rows=262144.00 loops=1)
   Output: a, b
   Index Cond: ((t.a >= 13258) AND (t.a <= 275401))
   Index Searches: 1
   Buffers: shared hit=260348
 Settings: enable_bitmapscan = 'off', enable_seqscan = 'off', max_parallel_workers_per_gather = '0'
 Planning:
   Buffers: shared hit=113
 Planning Time: 0.221 ms
 Execution Time: 44.451 ms
(10 rows)

