SET
SET
SET
SET
SET
                                                                    QUERY PLAN                                                                     
---------------------------------------------------------------------------------------------------------------------------------------------------
 Index Scan using idx on public.t (actual rows=7048576.00 loops=1)
   Output: a, b
   Index Cond: ((t.a >= 26034) AND (t.a <= 7074609))
   Index Searches: 1
   Prefetch: distance=263.686 count=7651832 stalls=2 skipped=66226 resets=0 ungets=669530 forwarded=5026
             histogram [2,4) => 2, [4,8) => 5, [8,16) => 8, [16,32) => 9, [32,64) => 10, [64,128) => 2, [128,256) => 1195872, [256,512) => 6455924
   Buffers: shared hit=6646461 read=355000
 Settings: enable_bitmapscan = 'off', enable_seqscan = 'off', max_parallel_workers_per_gather = '0'
 Planning:
   Buffers: shared hit=82 read=26
 Planning Time: 2.133 ms
 Execution Time: 6844.384 ms
(12 rows)

SET
SET
SET
SET
SET
                                             QUERY PLAN                                             
----------------------------------------------------------------------------------------------------
 Index Scan using idx on public.t (actual rows=7048576.00 loops=1)
   Output: a, b
   Index Cond: ((t.a >= 26034) AND (t.a <= 7074609))
   Index Searches: 1
   Buffers: shared hit=7001615
 Settings: enable_bitmapscan = 'off', enable_seqscan = 'off', max_parallel_workers_per_gather = '0'
 Planning:
   Buffers: shared hit=113
 Planning Time: 0.224 ms
 Execution Time: 1153.043 ms
(10 rows)

