SET
SET
SET
SET
SET
                                             QUERY PLAN                                             
----------------------------------------------------------------------------------------------------
 Index Scan using idx on public.t (actual rows=4096.00 loops=1)
   Output: a, b
   Index Cond: ((t.a >= 8740) AND (t.a <= 12835))
   Index Searches: 1
   Prefetch: distance=2.064 count=388 stalls=3438 skipped=28 resets=0 ungets=0 forwarded=0
             histogram [2,4) => 380, [4,8) => 8
   Buffers: shared hit=3789 read=296
 Settings: enable_bitmapscan = 'off', enable_seqscan = 'off', max_parallel_workers_per_gather = '0'
 Planning:
   Buffers: shared hit=86 read=26
 Planning Time: 2.072 ms
 Execution Time: 19.069 ms
(12 rows)

SET
SET
SET
SET
SET
                                             QUERY PLAN                                             
----------------------------------------------------------------------------------------------------
 Index Scan using idx on public.t (actual rows=4096.00 loops=1)
   Output: a, b
   Index Cond: ((t.a >= 8740) AND (t.a <= 12835))
   Index Searches: 1
   Buffers: shared hit=4085
 Settings: enable_bitmapscan = 'off', enable_seqscan = 'off', max_parallel_workers_per_gather = '0'
 Planning:
   Buffers: shared hit=117
 Planning Time: 0.200 ms
 Execution Time: 0.849 ms
(10 rows)

