SET
SET
SET
SET
SET
                                                                  QUERY PLAN                                                                  
----------------------------------------------------------------------------------------------------------------------------------------------
 Index Scan using idx on public.t (actual rows=32768.00 loops=1)
   Output: a, b
   Index Cond: ((t.a >= 1838) AND (t.a <= 34605))
   Index Searches: 1
   Prefetch: distance=263.441 count=35567 stalls=1 skipped=303 resets=0 ungets=3155 forwarded=26
             histogram [2,4) => 4, [4,8) => 7, [8,16) => 7, [16,32) => 9, [32,64) => 10, [64,128) => 3, [128,256) => 5443, [256,512) => 30084
   Buffers: shared hit=30817 read=1743
 Settings: enable_bitmapscan = 'off', enable_seqscan = 'off', max_parallel_workers_per_gather = '0'
 Planning:
   Buffers: shared hit=86 read=26
 Planning Time: 2.070 ms
 Execution Time: 37.068 ms
(12 rows)

SET
SET
SET
SET
SET
                                             QUERY PLAN                                             
----------------------------------------------------------------------------------------------------
 Index Scan using idx on public.t (actual rows=32768.00 loops=1)
   Output: a, b
   Index Cond: ((t.a >= 1838) AND (t.a <= 34605))
   Index Searches: 1
   Buffers: shared hit=32561
 Settings: enable_bitmapscan = 'off', enable_seqscan = 'off', max_parallel_workers_per_gather = '0'
 Planning:
   Buffers: shared hit=117
 Planning Time: 0.179 ms
 Execution Time: 4.570 ms
(10 rows)

