SET
SET
SET
SET
SET
                                                                    QUERY PLAN                                                                     
---------------------------------------------------------------------------------------------------------------------------------------------------
 Index Scan using idx on public.t (actual rows=2048576.00 loops=1)
   Output: a, b
   Index Cond: ((t.a >= 14046) AND (t.a <= 2062621))
   Index Searches: 1
   Prefetch: distance=263.693 count=2224196 stalls=1 skipped=19166 resets=0 ungets=194849 forwarded=1439
             histogram [2,4) => 2, [4,8) => 5, [8,16) => 11, [16,32) => 11, [32,64) => 7, [64,128) => 2, [128,256) => 346850, [256,512) => 1877308
   Buffers: shared hit=1931727 read=103241
 Settings: enable_bitmapscan = 'off', enable_seqscan = 'off', max_parallel_workers_per_gather = '0'
 Planning:
   Buffers: shared hit=82 read=26
 Planning Time: 2.072 ms
 Execution Time: 2010.523 ms
(12 rows)

SET
SET
SET
SET
SET
                                             QUERY PLAN                                             
----------------------------------------------------------------------------------------------------
 Index Scan using idx on public.t (actual rows=2048576.00 loops=1)
   Output: a, b
   Index Cond: ((t.a >= 14046) AND (t.a <= 2062621))
   Index Searches: 1
   Buffers: shared hit=2035013
 Settings: enable_bitmapscan = 'off', enable_seqscan = 'off', max_parallel_workers_per_gather = '0'
 Planning:
   Buffers: shared hit=113
 Planning Time: 0.218 ms
 Execution Time: 341.879 ms
(10 rows)

