SET
SET
SET
SET
SET
                                                                    QUERY PLAN                                                                     
---------------------------------------------------------------------------------------------------------------------------------------------------
 Index Scan using idx on public.t (actual rows=6048576.00 loops=1)
   Output: a, b
   Index Cond: ((t.a >= 16962) AND (t.a <= 6065537))
   Index Searches: 1
   Prefetch: distance=263.686 count=6566279 stalls=1 skipped=56874 resets=0 ungets=574614 forwarded=4303
             histogram [2,4) => 2, [4,8) => 5, [8,16) => 8, [16,32) => 15, [32,64) => 6, [64,128) => 3, [128,256) => 1027367, [256,512) => 5538873
   Buffers: shared hit=5703448 read=304648
 Settings: enable_bitmapscan = 'off', enable_seqscan = 'off', max_parallel_workers_per_gather = '0'
 Planning:
   Buffers: shared hit=82 read=26
 Planning Time: 2.080 ms
 Execution Time: 5876.623 ms
(12 rows)

SET
SET
SET
SET
SET
                                             QUERY PLAN                                             
----------------------------------------------------------------------------------------------------
 Index Scan using idx on public.t (actual rows=6048576.00 loops=1)
   Output: a, b
   Index Cond: ((t.a >= 16962) AND (t.a <= 6065537))
   Index Searches: 1
   Buffers: shared hit=6008234
 Settings: enable_bitmapscan = 'off', enable_seqscan = 'off', max_parallel_workers_per_gather = '0'
 Planning:
   Buffers: shared hit=113
 Planning Time: 0.296 ms
 Execution Time: 999.094 ms
(10 rows)

