SET
SET
SET
SET
SET
                                                                     QUERY PLAN                                                                      
-----------------------------------------------------------------------------------------------------------------------------------------------------
 Index Scan using idx on public.t (actual rows=7048576.00 loops=1)
   Output: a, b
   Index Cond: ((t.a >= 5536) AND (t.a <= 7054111))
   Index Searches: 1
   Prefetch: distance=263.682 count=7651792 stalls=1 skipped=66214 resets=0 ungets=669475 forwarded=5017
             histogram [2,4) => 12, [4,8) => 10, [8,16) => 6, [16,32) => 17, [32,64) => 6, [64,128) => 2, [128,256) => 1197073, [256,512) => 6454666
   Buffers: shared hit=6646465 read=355001
 Settings: enable_bitmapscan = 'off', enable_seqscan = 'off', max_parallel_workers_per_gather = '0'
 Planning:
   Buffers: shared hit=82 read=26
 Planning Time: 2.062 ms
 Execution Time: 6845.907 ms
(12 rows)

SET
SET
SET
SET
SET
                                             QUERY PLAN                                             
----------------------------------------------------------------------------------------------------
 Index Scan using idx on public.t (actual rows=7048576.00 loops=1)
   Output: a, b
   Index Cond: ((t.a >= 5536) AND (t.a <= 7054111))
   Index Searches: 1
   Buffers: shared hit=7001627
 Settings: enable_bitmapscan = 'off', enable_seqscan = 'off', max_parallel_workers_per_gather = '0'
 Planning:
   Buffers: shared hit=113
 Planning Time: 0.297 ms
 Execution Time: 1169.860 ms
(10 rows)

