SET
SET
SET
SET
SET
                                                                   QUERY PLAN                                                                    
-------------------------------------------------------------------------------------------------------------------------------------------------
 Index Scan using idx on public.t (actual rows=2048576.00 loops=1)
   Output: a, b
   Index Cond: ((t.a >= 17680) AND (t.a <= 2066255))
   Index Searches: 1
   Prefetch: distance=263.685 count=2224215 stalls=2 skipped=19170 resets=0 ungets=194847 forwarded=1445
             histogram [2,4) => 2, [4,8) => 6, [8,16) => 6, [16,32) => 9, [32,64) => 6, [64,128) => 6, [128,256) => 347463, [256,512) => 1876717
   Buffers: shared hit=1931719 read=103247
 Settings: enable_bitmapscan = 'off', enable_seqscan = 'off', max_parallel_workers_per_gather = '0'
 Planning:
   Buffers: shared hit=82 read=26
 Planning Time: 2.080 ms
 Execution Time: 2010.892 ms
(12 rows)

SET
SET
SET
SET
SET
                                             QUERY PLAN                                             
----------------------------------------------------------------------------------------------------
 Index Scan using idx on public.t (actual rows=2048576.00 loops=1)
   Output: a, b
   Index Cond: ((t.a >= 17680) AND (t.a <= 2066255))
   Index Searches: 1
   Buffers: shared hit=2035010
 Settings: enable_bitmapscan = 'off', enable_seqscan = 'off', max_parallel_workers_per_gather = '0'
 Planning:
   Buffers: shared hit=113
 Planning Time: 0.273 ms
 Execution Time: 342.342 ms
(10 rows)

