SET
SET
SET
SET
SET
                                                                      QUERY PLAN                                                                       
-------------------------------------------------------------------------------------------------------------------------------------------------------
 Index Scan using idx on public.t (actual rows=3048576.00 loops=1)
   Output: a, b
   Index Cond: ((t.a >= 15096) AND (t.a <= 3063671))
   Index Searches: 1
   Prefetch: distance=263.681 count=3309849 stalls=35 skipped=28472 resets=0 ungets=289882 forwarded=2162
             histogram [2,4) => 27, [4,8) => 10, [8,16) => 16, [16,32) => 21, [32,64) => 36, [64,128) => 58, [128,256) => 516954, [256,512) => 2792727
   Buffers: shared hit=2874776 read=153596
 Settings: enable_bitmapscan = 'off', enable_seqscan = 'off', max_parallel_workers_per_gather = '0'
 Planning:
   Buffers: shared hit=82 read=26
 Planning Time: 2.068 ms
 Execution Time: 2985.862 ms
(12 rows)

SET
SET
SET
SET
SET
                                             QUERY PLAN                                             
----------------------------------------------------------------------------------------------------
 Index Scan using idx on public.t (actual rows=3048576.00 loops=1)
   Output: a, b
   Index Cond: ((t.a >= 15096) AND (t.a <= 3063671))
   Index Searches: 1
   Buffers: shared hit=3028440
 Settings: enable_bitmapscan = 'off', enable_seqscan = 'off', max_parallel_workers_per_gather = '0'
 Planning:
   Buffers: shared hit=113
 Planning Time: 0.291 ms
 Execution Time: 500.944 ms
(10 rows)

