SET
SET
SET
SET
SET
                                                              QUERY PLAN                                                               
---------------------------------------------------------------------------------------------------------------------------------------
 Index Scan using idx on public.t (actual rows=32.00 loops=1)
   Output: a, b
   Index Cond: ((t.a >= 31515) AND (t.a <= 31546))
   Index Searches: 1
   Buffers: shared hit=7 read=31
 Settings: enable_bitmapscan = 'off', enable_seqscan = 'off', max_parallel_workers_per_gather = '0', enable_indexscan_prefetch = 'off'
 Planning:
   Buffers: shared hit=86 read=26
 Planning Time: 1.040 ms
 Execution Time: 2.147 ms
(10 rows)

SET
SET
SET
SET
SET
                                                              QUERY PLAN                                                               
---------------------------------------------------------------------------------------------------------------------------------------
 Index Scan using idx on public.t (actual rows=32.00 loops=1)
   Output: a, b
   Index Cond: ((t.a >= 31515) AND (t.a <= 31546))
   Index Searches: 1
   Buffers: shared hit=38
 Settings: enable_bitmapscan = 'off', enable_seqscan = 'off', max_parallel_workers_per_gather = '0', enable_indexscan_prefetch = 'off'
 Planning:
   Buffers: shared hit=117
 Planning Time: 0.126 ms
 Execution Time: 0.039 ms
(10 rows)

