SET
SET
SET
SET
SET
                                                               QUERY PLAN                                                                
-----------------------------------------------------------------------------------------------------------------------------------------
 Index Scan using idx on public.t (actual rows=256.00 loops=1)
   Output: a, b
   Index Cond: ((t.a >= 27730) AND (t.a <= 27985))
   Index Searches: 1
   Prefetch: distance=247.929 count=309 stalls=2 skipped=3 resets=0 ungets=78 forwarded=0
             histogram [2,4) => 2, [4,8) => 3, [8,16) => 7, [16,32) => 12, [32,64) => 2, [64,128) => 2, [128,256) => 2, [256,512) => 279
   Buffers: shared hit=154 read=106
 Settings: enable_bitmapscan = 'off', enable_seqscan = 'off', max_parallel_workers_per_gather = '0'
 Planning:
   Buffers: shared hit=86 read=26
 Planning Time: 1.025 ms
 Execution Time: 3.126 ms
(12 rows)

SET
SET
SET
SET
SET
                                             QUERY PLAN                                             
----------------------------------------------------------------------------------------------------
 Index Scan using idx on public.t (actual rows=256.00 loops=1)
   Output: a, b
   Index Cond: ((t.a >= 27730) AND (t.a <= 27985))
   Index Searches: 1
   Buffers: shared hit=260
 Settings: enable_bitmapscan = 'off', enable_seqscan = 'off', max_parallel_workers_per_gather = '0'
 Planning:
   Buffers: shared hit=117
 Planning Time: 0.200 ms
 Execution Time: 0.171 ms
(10 rows)

