SET
SET
SET
SET
SET
                                                                QUERY PLAN                                                                
------------------------------------------------------------------------------------------------------------------------------------------
 Index Scan using idx on public.t (actual rows=512.00 loops=1)
   Output: a, b
   Index Cond: ((t.a >= 7332) AND (t.a <= 7843))
   Index Searches: 1
   Prefetch: distance=255.083 count=611 stalls=2 skipped=4 resets=0 ungets=113 forwarded=0
             histogram [2,4) => 2, [4,8) => 3, [8,16) => 11, [16,32) => 7, [32,64) => 4, [64,128) => 2, [128,256) => 56, [256,512) => 526
   Buffers: shared hit=401 read=115
 Settings: enable_bitmapscan = 'off', enable_seqscan = 'off', max_parallel_workers_per_gather = '0'
 Planning:
   Buffers: shared hit=86 read=26
 Planning Time: 2.092 ms
 Execution Time: 3.038 ms
(12 rows)

SET
SET
SET
SET
SET
                                             QUERY PLAN                                             
----------------------------------------------------------------------------------------------------
 Index Scan using idx on public.t (actual rows=512.00 loops=1)
   Output: a, b
   Index Cond: ((t.a >= 7332) AND (t.a <= 7843))
   Index Searches: 1
   Buffers: shared hit=516
 Settings: enable_bitmapscan = 'off', enable_seqscan = 'off', max_parallel_workers_per_gather = '0'
 Planning:
   Buffers: shared hit=117
 Planning Time: 0.191 ms
 Execution Time: 0.212 ms
(10 rows)

