SET
SET
SET
SET
SET
                                                                    QUERY PLAN                                                                     
---------------------------------------------------------------------------------------------------------------------------------------------------
 Index Scan using idx on public.t (actual rows=6048576.00 loops=1)
   Output: a, b
   Index Cond: ((t.a >= '-6069911'::integer) AND (t.a <= '-21336'::integer))
   Index Searches: 1
   Prefetch: distance=263.499 count=6554412 stalls=1 skipped=57024 resets=0 ungets=562879 forwarded=4133
             histogram [2,4) => 2, [4,8) => 9, [8,16) => 10, [16,32) => 9, [32,64) => 2, [64,128) => 3, [128,256) => 1063501, [256,512) => 5490876
   Buffers: shared hit=5703330 read=304649
 Settings: enable_bitmapscan = 'off', enable_seqscan = 'off', max_parallel_workers_per_gather = '0'
 Planning:
   Buffers: shared hit=78 read=27
 Planning Time: 2.187 ms
 Execution Time: 5737.335 ms
(12 rows)

SET
SET
SET
SET
SET
                                             QUERY PLAN                                             
----------------------------------------------------------------------------------------------------
 Index Scan using idx on public.t (actual rows=6048576.00 loops=1)
   Output: a, b
   Index Cond: ((t.a >= '-6069911'::integer) AND (t.a <= '-21336'::integer))
   Index Searches: 1
   Buffers: shared hit=6008085
 Settings: enable_bitmapscan = 'off', enable_seqscan = 'off', max_parallel_workers_per_gather = '0'
 Planning:
   Buffers: shared hit=110
 Planning Time: 0.238 ms
 Execution Time: 977.041 ms
(10 rows)

