SET
SET
SET
SET
SET
                                                                   QUERY PLAN                                                                    
-------------------------------------------------------------------------------------------------------------------------------------------------
 Index Scan using idx on public.t (actual rows=4096.00 loops=1)
   Output: a, b
   Index Cond: ((t.a >= '-36490'::integer) AND (t.a <= '-32395'::integer))
   Index Searches: 1
   Prefetch: distance=255.028 count=4325 stalls=8 skipped=22 resets=0 ungets=366 forwarded=2
             histogram [2,4) => 22, [4,8) => 20, [8,16) => 16, [16,32) => 24, [32,64) => 28, [64,128) => 56, [128,256) => 637, [256,512) => 3522
   Buffers: shared hit=3787 read=301
 Settings: enable_bitmapscan = 'off', enable_seqscan = 'off', max_parallel_workers_per_gather = '0'
 Planning:
   Buffers: shared hit=82 read=27
 Planning Time: 2.178 ms
 Execution Time: 10.275 ms
(12 rows)

SET
SET
SET
SET
SET
                                             QUERY PLAN                                             
----------------------------------------------------------------------------------------------------
 Index Scan using idx on public.t (actual rows=4096.00 loops=1)
   Output: a, b
   Index Cond: ((t.a >= '-36490'::integer) AND (t.a <= '-32395'::integer))
   Index Searches: 1
   Buffers: shared hit=4088
 Settings: enable_bitmapscan = 'off', enable_seqscan = 'off', max_parallel_workers_per_gather = '0'
 Planning:
   Buffers: shared hit=114
 Planning Time: 0.214 ms
 Execution Time: 0.893 ms
(10 rows)

