SET
SET
SET
SET
SET
                                             QUERY PLAN                                             
----------------------------------------------------------------------------------------------------
 Index Scan using idx on public.t (actual rows=1024.00 loops=1)
   Output: a, b
   Index Cond: ((t.a >= '-13917'::integer) AND (t.a <= '-12894'::integer))
   Index Searches: 1
   Prefetch: distance=2.150 count=80 stalls=711 skipped=7 resets=0 ungets=0 forwarded=0
             histogram [2,4) => 76, [4,8) => 4
   Buffers: shared hit=883 read=141
 Settings: enable_bitmapscan = 'off', enable_seqscan = 'off', max_parallel_workers_per_gather = '0'
 Planning:
   Buffers: shared hit=82 read=27
 Planning Time: 1.877 ms
 Execution Time: 9.448 ms
(12 rows)

SET
SET
SET
SET
SET
                                             QUERY PLAN                                             
----------------------------------------------------------------------------------------------------
 Index Scan using idx on public.t (actual rows=1024.00 loops=1)
   Output: a, b
   Index Cond: ((t.a >= '-13917'::integer) AND (t.a <= '-12894'::integer))
   Index Searches: 1
   Buffers: shared hit=1024
 Settings: enable_bitmapscan = 'off', enable_seqscan = 'off', max_parallel_workers_per_gather = '0'
 Planning:
   Buffers: shared hit=114
 Planning Time: 0.221 ms
 Execution Time: 0.312 ms
(10 rows)

