SET
SET
SET
SET
SET
                                                                  QUERY PLAN                                                                   
-----------------------------------------------------------------------------------------------------------------------------------------------
 Index Scan using idx on public.t (actual rows=524288.00 loops=1)
   Output: a, b
   Index Cond: ((t.a >= '-544037'::integer) AND (t.a <= '-19750'::integer))
   Index Searches: 1
   Prefetch: distance=263.439 count=568065 stalls=2 skipped=4961 resets=0 ungets=48752 forwarded=329
             histogram [2,4) => 2, [4,8) => 6, [8,16) => 5, [16,32) => 8, [32,64) => 6, [64,128) => 2, [128,256) => 93346, [256,512) => 474690
   Buffers: shared hit=494261 read=26494
 Settings: enable_bitmapscan = 'off', enable_seqscan = 'off', max_parallel_workers_per_gather = '0'
 Planning:
   Buffers: shared hit=78 read=27
 Planning Time: 2.173 ms
 Execution Time: 508.433 ms
(12 rows)

SET
SET
SET
SET
SET
                                             QUERY PLAN                                             
----------------------------------------------------------------------------------------------------
 Index Scan using idx on public.t (actual rows=524288.00 loops=1)
   Output: a, b
   Index Cond: ((t.a >= '-544037'::integer) AND (t.a <= '-19750'::integer))
   Index Searches: 1
   Buffers: shared hit=520766
 Settings: enable_bitmapscan = 'off', enable_seqscan = 'off', max_parallel_workers_per_gather = '0'
 Planning:
   Buffers: shared hit=110
 Planning Time: 0.202 ms
 Execution Time: 84.240 ms
(10 rows)

