SET
SET
SET
SET
SET
                                                                  QUERY PLAN                                                                  
----------------------------------------------------------------------------------------------------------------------------------------------
 Index Scan using idx on public.t (actual rows=16384.00 loops=1)
   Output: a, b
   Index Cond: ((t.a >= '-30587'::integer) AND (t.a <= '-14204'::integer))
   Index Searches: 1
   Prefetch: distance=262.806 count=17692 stalls=6 skipped=139 resets=0 ungets=1513 forwarded=15
             histogram [2,4) => 8, [4,8) => 4, [8,16) => 8, [16,32) => 8, [32,64) => 10, [64,128) => 4, [128,256) => 3015, [256,512) => 14635
   Buffers: shared hit=15375 read=918
 Settings: enable_bitmapscan = 'off', enable_seqscan = 'off', max_parallel_workers_per_gather = '0'
 Planning:
   Buffers: shared hit=82 read=27
 Planning Time: 2.166 ms
 Execution Time: 20.907 ms
(12 rows)

SET
SET
SET
SET
SET
                                             QUERY PLAN                                             
----------------------------------------------------------------------------------------------------
 Index Scan using idx on public.t (actual rows=16384.00 loops=1)
   Output: a, b
   Index Cond: ((t.a >= '-30587'::integer) AND (t.a <= '-14204'::integer))
   Index Searches: 1
   Buffers: shared hit=16294
 Settings: enable_bitmapscan = 'off', enable_seqscan = 'off', max_parallel_workers_per_gather = '0'
 Planning:
   Buffers: shared hit=114
 Planning Time: 0.215 ms
 Execution Time: 2.731 ms
(10 rows)

