SET
SET
SET
SET
SET
                                                                    QUERY PLAN                                                                    
--------------------------------------------------------------------------------------------------------------------------------------------------
 Index Scan using idx on public.t (actual rows=1048576.00 loops=1)
   Output: a, b
   Index Cond: ((t.a >= '-1064509'::integer) AND (t.a <= '-15934'::integer))
   Index Searches: 1
   Prefetch: distance=263.463 count=1136077 stalls=1 skipped=9896 resets=0 ungets=97430 forwarded=674
             histogram [2,4) => 2, [4,8) => 6, [8,16) => 11, [16,32) => 10, [32,64) => 4, [64,128) => 2, [128,256) => 185803, [256,512) => 950239
   Buffers: shared hit=988646 read=52887
 Settings: enable_bitmapscan = 'off', enable_seqscan = 'off', max_parallel_workers_per_gather = '0'
 Planning:
   Buffers: shared hit=78 read=27
 Planning Time: 2.170 ms
 Execution Time: 1012.057 ms
(12 rows)

SET
SET
SET
SET
SET
                                             QUERY PLAN                                             
----------------------------------------------------------------------------------------------------
 Index Scan using idx on public.t (actual rows=1048576.00 loops=1)
   Output: a, b
   Index Cond: ((t.a >= '-1064509'::integer) AND (t.a <= '-15934'::integer))
   Index Searches: 1
   Buffers: shared hit=1041551
 Settings: enable_bitmapscan = 'off', enable_seqscan = 'off', max_parallel_workers_per_gather = '0'
 Planning:
   Buffers: shared hit=110
 Planning Time: 0.197 ms
 Execution Time: 171.355 ms
(10 rows)

