SET
SET
SET
SET
SET
                                                                       QUERY PLAN                                                                       
--------------------------------------------------------------------------------------------------------------------------------------------------------
 Index Scan using idx on public.t (actual rows=9048576.00 loops=1)
   Output: a, b
   Index Cond: ((t.a >= '-9055101'::integer) AND (t.a <= '-6526'::integer))
   Index Searches: 1
   Prefetch: distance=263.493 count=9804371 stalls=12 skipped=84908 resets=0 ungets=840827 forwarded=6269
             histogram [2,4) => 14, [4,8) => 15, [8,16) => 18, [16,32) => 16, [32,64) => 22, [64,128) => 53, [128,256) => 1591962, [256,512) => 8212271
   Buffers: shared hit=8532540 read=455696
 Settings: enable_bitmapscan = 'off', enable_seqscan = 'off', max_parallel_workers_per_gather = '0'
 Planning:
   Buffers: shared hit=78 read=27
 Planning Time: 2.164 ms
 Execution Time: 8628.936 ms
(12 rows)

SET
SET
SET
SET
SET
                                             QUERY PLAN                                             
----------------------------------------------------------------------------------------------------
 Index Scan using idx on public.t (actual rows=9048576.00 loops=1)
   Output: a, b
   Index Cond: ((t.a >= '-9055101'::integer) AND (t.a <= '-6526'::integer))
   Index Searches: 1
   Buffers: shared hit=8988396
 Settings: enable_bitmapscan = 'off', enable_seqscan = 'off', max_parallel_workers_per_gather = '0'
 Planning:
   Buffers: shared hit=110
 Planning Time: 0.225 ms
 Execution Time: 1474.921 ms
(10 rows)

