SET
SET
SET
SET
SET
                                                                    QUERY PLAN                                                                     
---------------------------------------------------------------------------------------------------------------------------------------------------
 Index Scan using idx on public.t (actual rows=8048576.00 loops=1)
   Output: a, b
   Index Cond: ((t.a >= '-8048916'::integer) AND (t.a <= '-341'::integer))
   Index Searches: 1
   Prefetch: distance=263.501 count=8721663 stalls=1 skipped=75663 resets=0 ungets=748812 forwarded=5560
             histogram [2,4) => 6, [4,8) => 7, [8,16) => 8, [16,32) => 15, [32,64) => 4, [64,128) => 4, [128,256) => 1414214, [256,512) => 7307405
   Buffers: shared hit=7589452 read=405317
 Settings: enable_bitmapscan = 'off', enable_seqscan = 'off', max_parallel_workers_per_gather = '0'
 Planning:
   Buffers: shared hit=78 read=27
 Planning Time: 2.177 ms
 Execution Time: 7656.453 ms
(12 rows)

SET
SET
SET
SET
SET
                                             QUERY PLAN                                             
----------------------------------------------------------------------------------------------------
 Index Scan using idx on public.t (actual rows=8048576.00 loops=1)
   Output: a, b
   Index Cond: ((t.a >= '-8048916'::integer) AND (t.a <= '-341'::integer))
   Index Searches: 1
   Buffers: shared hit=7994910
 Settings: enable_bitmapscan = 'off', enable_seqscan = 'off', max_parallel_workers_per_gather = '0'
 Planning:
   Buffers: shared hit=110
 Planning Time: 0.227 ms
 Execution Time: 1317.926 ms
(10 rows)

