SET
SET
SET
SET
SET
                                                                      QUERY PLAN                                                                      
------------------------------------------------------------------------------------------------------------------------------------------------------
 Index Scan using idx on public.t (actual rows=7048576.00 loops=1)
   Output: a, b
   Index Cond: ((t.a >= '-7051253'::integer) AND (t.a <= '-2678'::integer))
   Index Searches: 1
   Prefetch: distance=263.505 count=7637871 stalls=10 skipped=66418 resets=0 ungets=655837 forwarded=4852
             histogram [2,4) => 4, [4,8) => 10, [8,16) => 9, [16,32) => 21, [32,64) => 31, [64,128) => 16, [128,256) => 1236878, [256,512) => 6400902
   Buffers: shared hit=6646279 read=355002
 Settings: enable_bitmapscan = 'off', enable_seqscan = 'off', max_parallel_workers_per_gather = '0'
 Planning:
   Buffers: shared hit=78 read=27
 Planning Time: 2.176 ms
 Execution Time: 6708.790 ms
(12 rows)

SET
SET
SET
SET
SET
                                             QUERY PLAN                                             
----------------------------------------------------------------------------------------------------
 Index Scan using idx on public.t (actual rows=7048576.00 loops=1)
   Output: a, b
   Index Cond: ((t.a >= '-7051253'::integer) AND (t.a <= '-2678'::integer))
   Index Searches: 1
   Buffers: shared hit=7001423
 Settings: enable_bitmapscan = 'off', enable_seqscan = 'off', max_parallel_workers_per_gather = '0'
 Planning:
   Buffers: shared hit=110
 Planning Time: 0.241 ms
 Execution Time: 1166.274 ms
(10 rows)

