SET
SET
SET
SET
SET
                                             QUERY PLAN                                             
----------------------------------------------------------------------------------------------------
 Index Scan using idx on public.t (actual rows=4096.00 loops=1)
   Output: a, b
   Index Cond: ((t.a >= '-9295'::integer) AND (t.a <= '-5200'::integer))
   Index Searches: 1
   Prefetch: distance=2.026 count=349 stalls=3345 skipped=40 resets=0 ungets=0 forwarded=0
             histogram [2,4) => 346, [4,8) => 3
   Buffers: shared hit=3773 read=294
 Settings: enable_bitmapscan = 'off', enable_seqscan = 'off', max_parallel_workers_per_gather = '0'
 Planning:
   Buffers: shared hit=82 read=27
 Planning Time: 2.217 ms
 Execution Time: 19.619 ms
(12 rows)

SET
SET
SET
SET
SET
                                             QUERY PLAN                                             
----------------------------------------------------------------------------------------------------
 Index Scan using idx on public.t (actual rows=4096.00 loops=1)
   Output: a, b
   Index Cond: ((t.a >= '-9295'::integer) AND (t.a <= '-5200'::integer))
   Index Searches: 1
   Buffers: shared hit=4067
 Settings: enable_bitmapscan = 'off', enable_seqscan = 'off', max_parallel_workers_per_gather = '0'
 Planning:
   Buffers: shared hit=114
 Planning Time: 0.203 ms
 Execution Time: 0.940 ms
(10 rows)

