SET
SET
SET
SET
SET
                                                                     QUERY PLAN                                                                     
----------------------------------------------------------------------------------------------------------------------------------------------------
 Index Scan using idx on public.t (actual rows=5048576.00 loops=1)
   Output: a, b
   Index Cond: ((t.a >= '-5076646'::integer) AND (t.a <= '-28071'::integer))
   Index Searches: 1
   Prefetch: distance=263.497 count=5470559 stalls=1 skipped=47640 resets=0 ungets=469701 forwarded=3457
             histogram [2,4) => 4, [4,8) => 11, [8,16) => 8, [16,32) => 11, [32,64) => 15, [64,128) => 3, [128,256) => 888377, [256,512) => 4582130
   Buffers: shared hit=4760331 read=254296
 Settings: enable_bitmapscan = 'off', enable_seqscan = 'off', max_parallel_workers_per_gather = '0'
 Planning:
   Buffers: shared hit=78 read=27
 Planning Time: 2.174 ms
 Execution Time: 4809.148 ms
(12 rows)

SET
SET
SET
SET
SET
                                             QUERY PLAN                                             
----------------------------------------------------------------------------------------------------
 Index Scan using idx on public.t (actual rows=5048576.00 loops=1)
   Output: a, b
   Index Cond: ((t.a >= '-5076646'::integer) AND (t.a <= '-28071'::integer))
   Index Searches: 1
   Buffers: shared hit=5014735
 Settings: enable_bitmapscan = 'off', enable_seqscan = 'off', max_parallel_workers_per_gather = '0'
 Planning:
   Buffers: shared hit=110
 Planning Time: 0.234 ms
 Execution Time: 818.203 ms
(10 rows)

