SET
SET
SET
SET
SET
                                                                    QUERY PLAN                                                                     
---------------------------------------------------------------------------------------------------------------------------------------------------
 Index Scan using idx on public.t (actual rows=8048576.00 loops=1)
   Output: a, b
   Index Cond: ((t.a >= '-8058754'::integer) AND (t.a <= '-10179'::integer))
   Index Searches: 1
   Prefetch: distance=263.501 count=8721514 stalls=1 skipped=75645 resets=0 ungets=748601 forwarded=5583
             histogram [2,4) => 2, [4,8) => 5, [8,16) => 8, [16,32) => 10, [32,64) => 2, [64,128) => 2, [128,256) => 1413873, [256,512) => 7307612
   Buffers: shared hit=7589428 read=405351
 Settings: enable_bitmapscan = 'off', enable_seqscan = 'off', max_parallel_workers_per_gather = '0'
 Planning:
   Buffers: shared hit=78 read=27
 Planning Time: 2.199 ms
 Execution Time: 7642.944 ms
(12 rows)

SET
SET
SET
SET
SET
                                             QUERY PLAN                                             
----------------------------------------------------------------------------------------------------
 Index Scan using idx on public.t (actual rows=8048576.00 loops=1)
   Output: a, b
   Index Cond: ((t.a >= '-8058754'::integer) AND (t.a <= '-10179'::integer))
   Index Searches: 1
   Buffers: shared hit=7994928
 Settings: enable_bitmapscan = 'off', enable_seqscan = 'off', max_parallel_workers_per_gather = '0'
 Planning:
   Buffers: shared hit=110
 Planning Time: 0.242 ms
 Execution Time: 1310.852 ms
(10 rows)

