SET
SET
SET
SET
SET
                                                                   QUERY PLAN                                                                    
-------------------------------------------------------------------------------------------------------------------------------------------------
 Index Scan using idx on public.t (actual rows=131072.00 loops=1)
   Output: a, b
   Index Cond: ((t.a >= '-160890'::integer) AND (t.a <= '-29819'::integer))
   Index Searches: 1
   Prefetch: distance=263.432 count=141993 stalls=1 skipped=1211 resets=0 ungets=12200 forwarded=74
             histogram [2,4) => 4, [4,8) => 4, [8,16) => 9, [16,32) => 15, [32,64) => 22, [64,128) => 2, [128,256) => 23099, [256,512) => 118838
   Buffers: shared hit=123527 read=6694
 Settings: enable_bitmapscan = 'off', enable_seqscan = 'off', max_parallel_workers_per_gather = '0'
 Planning:
   Buffers: shared hit=82 read=27
 Planning Time: 2.154 ms
 Execution Time: 132.542 ms
(12 rows)

SET
SET
SET
SET
SET
                                             QUERY PLAN                                             
----------------------------------------------------------------------------------------------------
 Index Scan using idx on public.t (actual rows=131072.00 loops=1)
   Output: a, b
   Index Cond: ((t.a >= '-160890'::integer) AND (t.a <= '-29819'::integer))
   Index Searches: 1
   Buffers: shared hit=130225
 Settings: enable_bitmapscan = 'off', enable_seqscan = 'off', max_parallel_workers_per_gather = '0'
 Planning:
   Buffers: shared hit=114
 Planning Time: 0.202 ms
 Execution Time: 19.861 ms
(10 rows)

