SET
SET
SET
SET
SET
                                                                    QUERY PLAN                                                                    
--------------------------------------------------------------------------------------------------------------------------------------------------
 Index Scan using idx on public.t (actual rows=5048576.00 loops=1)
   Output: a, b
   Index Cond: ((t.a >= '-5068532'::integer) AND (t.a <= '-19957'::integer))
   Index Searches: 1
   Prefetch: distance=263.501 count=5470615 stalls=2 skipped=47624 resets=0 ungets=469680 forwarded=3482
             histogram [2,4) => 2, [4,8) => 3, [8,16) => 11, [16,32) => 9, [32,64) => 4, [64,128) => 5, [128,256) => 887369, [256,512) => 4583212
   Buffers: shared hit=4760362 read=254298
 Settings: enable_bitmapscan = 'off', enable_seqscan = 'off', max_parallel_workers_per_gather = '0'
 Planning:
   Buffers: shared hit=78 read=27
 Planning Time: 2.172 ms
 Execution Time: 4831.624 ms
(12 rows)

SET
SET
SET
SET
SET
                                             QUERY PLAN                                             
----------------------------------------------------------------------------------------------------
 Index Scan using idx on public.t (actual rows=5048576.00 loops=1)
   Output: a, b
   Index Cond: ((t.a >= '-5068532'::integer) AND (t.a <= '-19957'::integer))
   Index Searches: 1
   Buffers: shared hit=5014752
 Settings: enable_bitmapscan = 'off', enable_seqscan = 'off', max_parallel_workers_per_gather = '0'
 Planning:
   Buffers: shared hit=110
 Planning Time: 0.238 ms
 Execution Time: 819.611 ms
(10 rows)

