SET
SET
SET
SET
SET
                                                                      QUERY PLAN                                                                      
------------------------------------------------------------------------------------------------------------------------------------------------------
 Index Scan using idx on public.t (actual rows=2048576.00 loops=1)
   Output: a, b
   Index Cond: ((t.a >= '-2078401'::integer) AND (t.a <= '-29826'::integer))
   Index Searches: 1
   Prefetch: distance=263.486 count=2220170 stalls=5 skipped=19134 resets=0 ungets=190837 forwarded=1391
             histogram [2,4) => 8, [4,8) => 15, [8,16) => 12, [16,32) => 16, [32,64) => 31, [64,128) => 11, [128,256) => 361082, [256,512) => 1858995
   Buffers: shared hit=1931774 read=103241
 Settings: enable_bitmapscan = 'off', enable_seqscan = 'off', max_parallel_workers_per_gather = '0'
 Planning:
   Buffers: shared hit=78 read=27
 Planning Time: 2.168 ms
 Execution Time: 1970.764 ms
(12 rows)

SET
SET
SET
SET
SET
                                             QUERY PLAN                                             
----------------------------------------------------------------------------------------------------
 Index Scan using idx on public.t (actual rows=2048576.00 loops=1)
   Output: a, b
   Index Cond: ((t.a >= '-2078401'::integer) AND (t.a <= '-29826'::integer))
   Index Searches: 1
   Buffers: shared hit=2035045
 Settings: enable_bitmapscan = 'off', enable_seqscan = 'off', max_parallel_workers_per_gather = '0'
 Planning:
   Buffers: shared hit=110
 Planning Time: 0.231 ms
 Execution Time: 329.839 ms
(10 rows)

