SET
SET
SET
SET
SET
                                             QUERY PLAN                                             
----------------------------------------------------------------------------------------------------
 Index Scan using idx on public.t (actual rows=2048.00 loops=1)
   Output: a, b
   Index Cond: ((t.a >= '-21027'::integer) AND (t.a <= '-20516'::integer))
   Index Searches: 1
   Prefetch: distance=2.137 count=153 stalls=1304 skipped=24 resets=0 ungets=0 forwarded=0
             histogram [2,4) => 146, [4,8) => 7
   Buffers: shared hit=1831 read=193
 Settings: enable_bitmapscan = 'off', enable_seqscan = 'off', max_parallel_workers_per_gather = '0'
 Planning:
   Buffers: shared hit=81 read=28
 Planning Time: 2.122 ms
 Execution Time: 12.002 ms
(12 rows)

SET
SET
SET
SET
SET
                                             QUERY PLAN                                             
----------------------------------------------------------------------------------------------------
 Index Scan using idx on public.t (actual rows=2048.00 loops=1)
   Output: a, b
   Index Cond: ((t.a >= '-21027'::integer) AND (t.a <= '-20516'::integer))
   Index Searches: 1
   Buffers: shared hit=2024
 Settings: enable_bitmapscan = 'off', enable_seqscan = 'off', max_parallel_workers_per_gather = '0'
 Planning:
   Buffers: shared hit=114
 Planning Time: 0.136 ms
 Execution Time: 0.278 ms
(10 rows)

