SET
SET
SET
SET
SET
                                             QUERY PLAN                                             
----------------------------------------------------------------------------------------------------
 Index Scan using idx on public.t (actual rows=4096.00 loops=1)
   Output: a, b
   Index Cond: ((t.a >= '-23591'::integer) AND (t.a <= '-22568'::integer))
   Index Searches: 1
   Prefetch: distance=2.221 count=439 stalls=3451 skipped=71 resets=0 ungets=0 forwarded=1
             histogram [2,4) => 408, [4,8) => 30, [8,16) => 1
   Buffers: shared hit=3742 read=293
 Settings: enable_bitmapscan = 'off', enable_seqscan = 'off', max_parallel_workers_per_gather = '0'
 Planning:
   Buffers: shared hit=81 read=28
 Planning Time: 2.044 ms
 Execution Time: 19.170 ms
(12 rows)

SET
SET
SET
SET
SET
                                             QUERY PLAN                                             
----------------------------------------------------------------------------------------------------
 Index Scan using idx on public.t (actual rows=4096.00 loops=1)
   Output: a, b
   Index Cond: ((t.a >= '-23591'::integer) AND (t.a <= '-22568'::integer))
   Index Searches: 1
   Buffers: shared hit=4035
 Settings: enable_bitmapscan = 'off', enable_seqscan = 'off', max_parallel_workers_per_gather = '0'
 Planning:
   Buffers: shared hit=114
 Planning Time: 0.127 ms
 Execution Time: 0.467 ms
(10 rows)

