SET
SET
SET
SET
SET
                                                                QUERY PLAN                                                                
------------------------------------------------------------------------------------------------------------------------------------------
 Index Scan using idx on public.t (actual rows=256.00 loops=1)
   Output: a, b
   Index Cond: ((t.a >= '-23629'::integer) AND (t.a <= '-23374'::integer))
   Index Searches: 1
   Prefetch: distance=206.167 count=239 stalls=2 skipped=0 resets=0 ungets=41 forwarded=0
             histogram [2,4) => 4, [4,8) => 9, [8,16) => 7, [16,32) => 18, [32,64) => 20, [64,128) => 5, [128,256) => 4, [256,512) => 172
   Buffers: shared hit=157 read=105
 Settings: enable_bitmapscan = 'off', enable_seqscan = 'off', max_parallel_workers_per_gather = '0'
 Planning:
   Buffers: shared hit=82 read=27
 Planning Time: 1.032 ms
 Execution Time: 3.974 ms
(12 rows)

SET
SET
SET
SET
SET
                                             QUERY PLAN                                             
----------------------------------------------------------------------------------------------------
 Index Scan using idx on public.t (actual rows=256.00 loops=1)
   Output: a, b
   Index Cond: ((t.a >= '-23629'::integer) AND (t.a <= '-23374'::integer))
   Index Searches: 1
   Buffers: shared hit=262
 Settings: enable_bitmapscan = 'off', enable_seqscan = 'off', max_parallel_workers_per_gather = '0'
 Planning:
   Buffers: shared hit=114
 Planning Time: 0.202 ms
 Execution Time: 0.164 ms
(10 rows)

