SET
SET
SET
SET
SET
                                                                   QUERY PLAN                                                                   
------------------------------------------------------------------------------------------------------------------------------------------------
 Index Scan using idx on public.t (actual rows=2048.00 loops=1)
   Output: a, b
   Index Cond: ((t.a >= '-28059'::integer) AND (t.a <= '-26012'::integer))
   Index Searches: 1
   Prefetch: distance=248.473 count=2109 stalls=1 skipped=21 resets=0 ungets=177 forwarded=4
             histogram [2,4) => 4, [4,8) => 18, [8,16) => 25, [16,32) => 18, [32,64) => 29, [64,128) => 43, [128,256) => 335, [256,512) => 1637
   Buffers: shared hit=1840 read=199
 Settings: enable_bitmapscan = 'off', enable_seqscan = 'off', max_parallel_workers_per_gather = '0'
 Planning:
   Buffers: shared hit=82 read=27
 Planning Time: 2.221 ms
 Execution Time: 7.420 ms
(12 rows)

SET
SET
SET
SET
SET
                                             QUERY PLAN                                             
----------------------------------------------------------------------------------------------------
 Index Scan using idx on public.t (actual rows=2048.00 loops=1)
   Output: a, b
   Index Cond: ((t.a >= '-28059'::integer) AND (t.a <= '-26012'::integer))
   Index Searches: 1
   Buffers: shared hit=2039
 Settings: enable_bitmapscan = 'off', enable_seqscan = 'off', max_parallel_workers_per_gather = '0'
 Planning:
   Buffers: shared hit=114
 Planning Time: 0.196 ms
 Execution Time: 0.471 ms
(10 rows)

