SET
SET
SET
SET
SET
                                                               QUERY PLAN                                                                
-----------------------------------------------------------------------------------------------------------------------------------------
 Index Scan using idx on public.t (actual rows=512.00 loops=1)
   Output: a, b
   Index Cond: ((t.a >= '-6767'::integer) AND (t.a <= '-6256'::integer))
   Index Searches: 1
   Prefetch: distance=251.580 count=566 stalls=1 skipped=7 resets=0 ungets=92 forwarded=1
             histogram [2,4) => 4, [4,8) => 8, [8,16) => 7, [16,32) => 9, [32,64) => 4, [64,128) => 3, [128,256) => 41, [256,512) => 490
   Buffers: shared hit=391 read=122
 Settings: enable_bitmapscan = 'off', enable_seqscan = 'off', max_parallel_workers_per_gather = '0'
 Planning:
   Buffers: shared hit=82 read=27
 Planning Time: 1.047 ms
 Execution Time: 4.091 ms
(12 rows)

SET
SET
SET
SET
SET
                                             QUERY PLAN                                             
----------------------------------------------------------------------------------------------------
 Index Scan using idx on public.t (actual rows=512.00 loops=1)
   Output: a, b
   Index Cond: ((t.a >= '-6767'::integer) AND (t.a <= '-6256'::integer))
   Index Searches: 1
   Buffers: shared hit=513
 Settings: enable_bitmapscan = 'off', enable_seqscan = 'off', max_parallel_workers_per_gather = '0'
 Planning:
   Buffers: shared hit=114
 Planning Time: 0.133 ms
 Execution Time: 0.120 ms
(10 rows)

