SET
SET
SET
SET
SET
                                                                  QUERY PLAN                                                                  
----------------------------------------------------------------------------------------------------------------------------------------------
 Index Scan using idx on public.t (actual rows=16384.00 loops=1)
   Output: a, b
   Index Cond: ((t.a >= '-25075'::integer) AND (t.a <= '-8692'::integer))
   Index Searches: 1
   Prefetch: distance=262.645 count=17718 stalls=5 skipped=140 resets=0 ungets=1517 forwarded=13
             histogram [2,4) => 8, [4,8) => 5, [8,16) => 6, [16,32) => 11, [32,64) => 9, [64,128) => 2, [128,256) => 3080, [256,512) => 14597
   Buffers: shared hit=15374 read=921
 Settings: enable_bitmapscan = 'off', enable_seqscan = 'off', max_parallel_workers_per_gather = '0'
 Planning:
   Buffers: shared hit=82 read=27
 Planning Time: 2.176 ms
 Execution Time: 20.761 ms
(12 rows)

SET
SET
SET
SET
SET
                                             QUERY PLAN                                             
----------------------------------------------------------------------------------------------------
 Index Scan using idx on public.t (actual rows=16384.00 loops=1)
   Output: a, b
   Index Cond: ((t.a >= '-25075'::integer) AND (t.a <= '-8692'::integer))
   Index Searches: 1
   Buffers: shared hit=16295
 Settings: enable_bitmapscan = 'off', enable_seqscan = 'off', max_parallel_workers_per_gather = '0'
 Planning:
   Buffers: shared hit=114
 Planning Time: 0.208 ms
 Execution Time: 2.137 ms
(10 rows)

