SET
SET
SET
SET
SET
                                                                     QUERY PLAN                                                                      
-----------------------------------------------------------------------------------------------------------------------------------------------------
 Index Scan using idx on public.t (actual rows=1048576.00 loops=1)
   Output: a, b
   Index Cond: ((t.a >= '-1048837'::integer) AND (t.a <= '-262'::integer))
   Index Searches: 1
   Prefetch: distance=263.432 count=1135910 stalls=20 skipped=9906 resets=0 ungets=97358 forwarded=675
             histogram [2,4) => 14, [4,8) => 7, [8,16) => 11, [16,32) => 22, [32,64) => 18, [64,128) => 10, [128,256) => 186579, [256,512) => 949249
   Buffers: shared hit=988663 read=52854
 Settings: enable_bitmapscan = 'off', enable_seqscan = 'off', max_parallel_workers_per_gather = '0'
 Planning:
   Buffers: shared hit=78 read=27
 Planning Time: 2.161 ms
 Execution Time: 1009.917 ms
(12 rows)

SET
SET
SET
SET
SET
                                             QUERY PLAN                                             
----------------------------------------------------------------------------------------------------
 Index Scan using idx on public.t (actual rows=1048576.00 loops=1)
   Output: a, b
   Index Cond: ((t.a >= '-1048837'::integer) AND (t.a <= '-262'::integer))
   Index Searches: 1
   Buffers: shared hit=1041539
 Settings: enable_bitmapscan = 'off', enable_seqscan = 'off', max_parallel_workers_per_gather = '0'
 Planning:
   Buffers: shared hit=110
 Planning Time: 0.201 ms
 Execution Time: 170.369 ms
(10 rows)

