SET
SET
SET
SET
SET
                                                                 QUERY PLAN                                                                  
---------------------------------------------------------------------------------------------------------------------------------------------
 Index Scan using idx on public.t (actual rows=8192.00 loops=1)
   Output: a, b
   Index Cond: ((t.a >= '-12229'::integer) AND (t.a <= '-4038'::integer))
   Index Searches: 1
   Prefetch: distance=262.421 count=8917 stalls=1 skipped=76 resets=0 ungets=804 forwarded=3
             histogram [2,4) => 4, [4,8) => 5, [8,16) => 7, [16,32) => 10, [32,64) => 2, [64,128) => 2, [128,256) => 1478, [256,512) => 7409
   Buffers: shared hit=7638 read=507
 Settings: enable_bitmapscan = 'off', enable_seqscan = 'off', max_parallel_workers_per_gather = '0'
 Planning:
   Buffers: shared hit=82 read=27
 Planning Time: 2.189 ms
 Execution Time: 9.808 ms
(12 rows)

SET
SET
SET
SET
SET
                                             QUERY PLAN                                             
----------------------------------------------------------------------------------------------------
 Index Scan using idx on public.t (actual rows=8192.00 loops=1)
   Output: a, b
   Index Cond: ((t.a >= '-12229'::integer) AND (t.a <= '-4038'::integer))
   Index Searches: 1
   Buffers: shared hit=8145
 Settings: enable_bitmapscan = 'off', enable_seqscan = 'off', max_parallel_workers_per_gather = '0'
 Planning:
   Buffers: shared hit=114
 Planning Time: 0.180 ms
 Execution Time: 1.304 ms
(10 rows)

