SET
SET
SET
SET
SET
                                                                   QUERY PLAN                                                                   
------------------------------------------------------------------------------------------------------------------------------------------------
 Index Scan using idx on public.t (actual rows=262144.00 loops=1)
   Output: a, b
   Index Cond: ((t.a >= '-288941'::integer) AND (t.a <= '-26798'::integer))
   Index Searches: 1
   Prefetch: distance=263.434 count=283927 stalls=2 skipped=2482 resets=0 ungets=24285 forwarded=151
             histogram [2,4) => 2, [4,8) => 5, [8,16) => 7, [16,32) => 12, [32,64) => 2, [64,128) => 2, [128,256) => 46481, [256,512) => 237416
   Buffers: shared hit=247092 read=13289
 Settings: enable_bitmapscan = 'off', enable_seqscan = 'off', max_parallel_workers_per_gather = '0'
 Planning:
   Buffers: shared hit=78 read=27
 Planning Time: 2.193 ms
 Execution Time: 257.065 ms
(12 rows)

SET
SET
SET
SET
SET
                                             QUERY PLAN                                             
----------------------------------------------------------------------------------------------------
 Index Scan using idx on public.t (actual rows=262144.00 loops=1)
   Output: a, b
   Index Cond: ((t.a >= '-288941'::integer) AND (t.a <= '-26798'::integer))
   Index Searches: 1
   Buffers: shared hit=260385
 Settings: enable_bitmapscan = 'off', enable_seqscan = 'off', max_parallel_workers_per_gather = '0'
 Planning:
   Buffers: shared hit=110
 Planning Time: 0.206 ms
 Execution Time: 38.488 ms
(10 rows)

