SET
SET
SET
SET
SET
                                                                  QUERY PLAN                                                                   
-----------------------------------------------------------------------------------------------------------------------------------------------
 Index Scan Backward using idx on public.t (actual rows=2048.00 loops=1)
   Output: a, b
   Index Cond: ((t.a >= '-24440'::integer) AND (t.a <= '-22393'::integer))
   Index Searches: 1
   Prefetch: distance=254.343 count=2000 stalls=1 skipped=13 resets=0 ungets=47 forwarded=2
             histogram [2,4) => 2, [4,8) => 10, [8,16) => 15, [16,32) => 21, [32,64) => 12, [64,128) => 3, [128,256) => 400, [256,512) => 1537
   Buffers: shared hit=1853 read=194
 Settings: enable_bitmapscan = 'off', enable_seqscan = 'off', max_parallel_workers_per_gather = '0'
 Planning:
   Buffers: shared hit=86 read=27
 Planning Time: 2.180 ms
 Execution Time: 5.774 ms
(12 rows)

SET
SET
SET
SET
SET
                                             QUERY PLAN                                             
----------------------------------------------------------------------------------------------------
 Index Scan Backward using idx on public.t (actual rows=2048.00 loops=1)
   Output: a, b
   Index Cond: ((t.a >= '-24440'::integer) AND (t.a <= '-22393'::integer))
   Index Searches: 1
   Buffers: shared hit=2047
 Settings: enable_bitmapscan = 'off', enable_seqscan = 'off', max_parallel_workers_per_gather = '0'
 Planning:
   Buffers: shared hit=118
 Planning Time: 0.205 ms
 Execution Time: 0.489 ms
(10 rows)

