SET
SET
SET
SET
SET
                                                                     QUERY PLAN                                                                     
----------------------------------------------------------------------------------------------------------------------------------------------------
 Index Scan Backward using idx on public.t (actual rows=5048576.00 loops=1)
   Output: a, b
   Index Cond: ((t.a >= '-5063689'::integer) AND (t.a <= '-15114'::integer))
   Index Searches: 1
   Prefetch: distance=260.449 count=5052280 stalls=2 skipped=47628 resets=0 ungets=51374 forwarded=1088
             histogram [2,4) => 4, [4,8) => 4, [8,16) => 9, [16,32) => 14, [32,64) => 11, [64,128) => 2, [128,256) => 1271554, [256,512) => 3780682
   Buffers: shared hit=4760440 read=254296
 Settings: enable_bitmapscan = 'off', enable_seqscan = 'off', max_parallel_workers_per_gather = '0'
 Planning:
   Buffers: shared hit=82 read=27
 Planning Time: 2.177 ms
 Execution Time: 2532.218 ms
(12 rows)

SET
SET
SET
SET
SET
                                             QUERY PLAN                                             
----------------------------------------------------------------------------------------------------
 Index Scan Backward using idx on public.t (actual rows=5048576.00 loops=1)
   Output: a, b
   Index Cond: ((t.a >= '-5063689'::integer) AND (t.a <= '-15114'::integer))
   Index Searches: 1
   Buffers: shared hit=5014748
 Settings: enable_bitmapscan = 'off', enable_seqscan = 'off', max_parallel_workers_per_gather = '0'
 Planning:
   Buffers: shared hit=114
 Planning Time: 0.251 ms
 Execution Time: 806.822 ms
(10 rows)

