SET
SET
SET
SET
SET
                                                                     QUERY PLAN                                                                     
----------------------------------------------------------------------------------------------------------------------------------------------------
 Index Scan Backward using idx on public.t (actual rows=7048576.00 loops=1)
   Output: a, b
   Index Cond: ((t.a >= '-7051213'::integer) AND (t.a <= '-2638'::integer))
   Index Searches: 1
   Prefetch: distance=260.416 count=7050745 stalls=5 skipped=66418 resets=0 ungets=68664 forwarded=1467
             histogram [2,4) => 2, [4,8) => 5, [8,16) => 8, [16,32) => 15, [32,64) => 14, [64,128) => 2, [128,256) => 1782025, [256,512) => 5268674
   Buffers: shared hit=6646404 read=355001
 Settings: enable_bitmapscan = 'off', enable_seqscan = 'off', max_parallel_workers_per_gather = '0'
 Planning:
   Buffers: shared hit=82 read=27
 Planning Time: 2.149 ms
 Execution Time: 3450.233 ms
(12 rows)

SET
SET
SET
SET
SET
                                             QUERY PLAN                                             
----------------------------------------------------------------------------------------------------
 Index Scan Backward using idx on public.t (actual rows=7048576.00 loops=1)
   Output: a, b
   Index Cond: ((t.a >= '-7051213'::integer) AND (t.a <= '-2638'::integer))
   Index Searches: 1
   Buffers: shared hit=7001422
 Settings: enable_bitmapscan = 'off', enable_seqscan = 'off', max_parallel_workers_per_gather = '0'
 Planning:
   Buffers: shared hit=114
 Planning Time: 0.249 ms
 Execution Time: 1132.483 ms
(10 rows)

