SET
SET
SET
SET
SET
                                                                      QUERY PLAN                                                                      
------------------------------------------------------------------------------------------------------------------------------------------------------
 Index Scan using idx on public.t (actual rows=7048576.00 loops=1)
   Output: a, b
   Index Cond: ((t.a >= '-1779747'::integer) AND (t.a <= '-17604'::integer))
   Index Searches: 1
   Prefetch: distance=264.137 count=7638752 stalls=16 skipped=103929 resets=0 ungets=694192 forwarded=17134
             histogram [2,4) => 10, [4,8) => 6, [8,16) => 7, [16,32) => 18, [32,64) => 16, [64,128) => 11, [128,256) => 1085943, [256,512) => 6552741
   Buffers: shared hit=6608382 read=346285
 Settings: enable_bitmapscan = 'off', enable_seqscan = 'off', max_parallel_workers_per_gather = '0'
 Planning:
   Buffers: shared hit=77 read=28
 Planning Time: 2.037 ms
 Execution Time: 7298.334 ms
(12 rows)

SET
SET
SET
SET
SET
                                             QUERY PLAN                                             
----------------------------------------------------------------------------------------------------
 Index Scan using idx on public.t (actual rows=7048576.00 loops=1)
   Output: a, b
   Index Cond: ((t.a >= '-1779747'::integer) AND (t.a <= '-17604'::integer))
   Index Searches: 1
   Buffers: shared hit=6955204
 Settings: enable_bitmapscan = 'off', enable_seqscan = 'off', max_parallel_workers_per_gather = '0'
 Planning:
   Buffers: shared hit=110
 Planning Time: 0.235 ms
 Execution Time: 1126.742 ms
(10 rows)

