SET
SET
SET
SET
SET
                                                                     QUERY PLAN                                                                     
----------------------------------------------------------------------------------------------------------------------------------------------------
 Index Scan using idx on public.t (actual rows=8048576.00 loops=1)
   Output: a, b
   Index Cond: ((t.a >= '-2020053'::integer) AND (t.a <= '-7910'::integer))
   Index Searches: 1
   Prefetch: distance=264.124 count=8721879 stalls=2 skipped=118592 resets=0 ungets=791940 forwarded=19727
             histogram [2,4) => 8, [4,8) => 6, [8,16) => 7, [16,32) => 12, [32,64) => 12, [64,128) => 2, [128,256) => 1244306, [256,512) => 7477526
   Buffers: shared hit=7546015 read=395407
 Settings: enable_bitmapscan = 'off', enable_seqscan = 'off', max_parallel_workers_per_gather = '0'
 Planning:
   Buffers: shared hit=77 read=28
 Planning Time: 2.071 ms
 Execution Time: 8341.626 ms
(12 rows)

SET
SET
SET
SET
SET
                                             QUERY PLAN                                             
----------------------------------------------------------------------------------------------------
 Index Scan using idx on public.t (actual rows=8048576.00 loops=1)
   Output: a, b
   Index Cond: ((t.a >= '-2020053'::integer) AND (t.a <= '-7910'::integer))
   Index Searches: 1
   Buffers: shared hit=7942039
 Settings: enable_bitmapscan = 'off', enable_seqscan = 'off', max_parallel_workers_per_gather = '0'
 Planning:
   Buffers: shared hit=110
 Planning Time: 0.231 ms
 Execution Time: 1285.170 ms
(10 rows)

