SET
SET
SET
SET
SET
                                                                   QUERY PLAN                                                                    
-------------------------------------------------------------------------------------------------------------------------------------------------
 Index Scan Backward using idx on public.t (actual rows=8192.00 loops=1)
   Output: a, b
   Index Cond: ((t.a >= '-27974'::integer) AND (t.a <= '-19783'::integer))
   Index Searches: 1
   Prefetch: distance=256.311 count=8106 stalls=12 skipped=63 resets=0 ungets=118 forwarded=4
             histogram [2,4) => 10, [4,8) => 8, [8,16) => 13, [16,32) => 19, [32,64) => 33, [64,128) => 52, [128,256) => 2041, [256,512) => 5930
   Buffers: shared hit=7646 read=507
 Settings: enable_bitmapscan = 'off', enable_seqscan = 'off', max_parallel_workers_per_gather = '0'
 Planning:
   Buffers: shared hit=86 read=27
 Planning Time: 2.183 ms
 Execution Time: 11.047 ms
(12 rows)

SET
SET
SET
SET
SET
                                             QUERY PLAN                                             
----------------------------------------------------------------------------------------------------
 Index Scan Backward using idx on public.t (actual rows=8192.00 loops=1)
   Output: a, b
   Index Cond: ((t.a >= '-27974'::integer) AND (t.a <= '-19783'::integer))
   Index Searches: 1
   Buffers: shared hit=8153
 Settings: enable_bitmapscan = 'off', enable_seqscan = 'off', max_parallel_workers_per_gather = '0'
 Planning:
   Buffers: shared hit=118
 Planning Time: 0.176 ms
 Execution Time: 0.987 ms
(10 rows)

