SET
SET
SET
SET
SET
                                                                QUERY PLAN                                                                 
-------------------------------------------------------------------------------------------------------------------------------------------
 Index Scan Backward using idx on public.t (actual rows=1024.00 loops=1)
   Output: a, b
   Index Cond: ((t.a >= '-9190'::integer) AND (t.a <= '-8167'::integer))
   Index Searches: 1
   Prefetch: distance=253.851 count=1076 stalls=1 skipped=10 resets=0 ungets=96 forwarded=0
             histogram [2,4) => 6, [4,8) => 5, [8,16) => 7, [16,32) => 10, [32,64) => 7, [64,128) => 2, [128,256) => 206, [256,512) => 833
   Buffers: shared hit=879 read=144
 Settings: enable_bitmapscan = 'off', enable_seqscan = 'off', max_parallel_workers_per_gather = '0'
 Planning:
   Buffers: shared hit=86 read=27
 Planning Time: 2.174 ms
 Execution Time: 4.311 ms
(12 rows)

SET
SET
SET
SET
SET
                                             QUERY PLAN                                             
----------------------------------------------------------------------------------------------------
 Index Scan Backward using idx on public.t (actual rows=1024.00 loops=1)
   Output: a, b
   Index Cond: ((t.a >= '-9190'::integer) AND (t.a <= '-8167'::integer))
   Index Searches: 1
   Buffers: shared hit=1023
 Settings: enable_bitmapscan = 'off', enable_seqscan = 'off', max_parallel_workers_per_gather = '0'
 Planning:
   Buffers: shared hit=118
 Planning Time: 0.210 ms
 Execution Time: 0.295 ms
(10 rows)

