SET
SET
SET
SET
SET
                                                                 QUERY PLAN                                                                 
--------------------------------------------------------------------------------------------------------------------------------------------
 Index Scan Backward using idx on public.t (actual rows=2048.00 loops=1)
   Output: a, b
   Index Cond: ((t.a >= '-32920'::integer) AND (t.a <= '-30873'::integer))
   Index Searches: 1
   Prefetch: distance=257.946 count=2124 stalls=1 skipped=16 resets=0 ungets=112 forwarded=3
             histogram [2,4) => 4, [4,8) => 6, [8,16) => 9, [16,32) => 10, [32,64) => 2, [64,128) => 2, [128,256) => 441, [256,512) => 1650
   Buffers: shared hit=1846 read=198
 Settings: enable_bitmapscan = 'off', enable_seqscan = 'off', max_parallel_workers_per_gather = '0'
 Planning:
   Buffers: shared hit=86 read=27
 Planning Time: 2.200 ms
 Execution Time: 4.449 ms
(12 rows)

SET
SET
SET
SET
SET
                                             QUERY PLAN                                             
----------------------------------------------------------------------------------------------------
 Index Scan Backward using idx on public.t (actual rows=2048.00 loops=1)
   Output: a, b
   Index Cond: ((t.a >= '-32920'::integer) AND (t.a <= '-30873'::integer))
   Index Searches: 1
   Buffers: shared hit=2044
 Settings: enable_bitmapscan = 'off', enable_seqscan = 'off', max_parallel_workers_per_gather = '0'
 Planning:
   Buffers: shared hit=118
 Planning Time: 0.201 ms
 Execution Time: 0.497 ms
(10 rows)

