SET
SET
SET
SET
SET
                                                                     QUERY PLAN                                                                      
-----------------------------------------------------------------------------------------------------------------------------------------------------
 Index Scan Backward using idx on public.t (actual rows=5048576.00 loops=1)
   Output: a, b
   Index Cond: ((t.a >= '-5050154'::integer) AND (t.a <= '-1579'::integer))
   Index Searches: 1
   Prefetch: distance=260.403 count=5048258 stalls=1 skipped=47644 resets=0 ungets=47360 forwarded=1051
             histogram [2,4) => 2, [4,8) => 5, [8,16) => 12, [16,32) => 10, [32,64) => 13, [64,128) => 2, [128,256) => 1278275, [256,512) => 3769939
   Buffers: shared hit=4760423 read=254294
 Settings: enable_bitmapscan = 'off', enable_seqscan = 'off', max_parallel_workers_per_gather = '0'
 Planning:
   Buffers: shared hit=82 read=27
 Planning Time: 2.180 ms
 Execution Time: 2533.264 ms
(12 rows)

SET
SET
SET
SET
SET
                                             QUERY PLAN                                             
----------------------------------------------------------------------------------------------------
 Index Scan Backward using idx on public.t (actual rows=5048576.00 loops=1)
   Output: a, b
   Index Cond: ((t.a >= '-5050154'::integer) AND (t.a <= '-1579'::integer))
   Index Searches: 1
   Buffers: shared hit=5014732
 Settings: enable_bitmapscan = 'off', enable_seqscan = 'off', max_parallel_workers_per_gather = '0'
 Planning:
   Buffers: shared hit=114
 Planning Time: 0.231 ms
 Execution Time: 804.995 ms
(10 rows)

