SET
SET
SET
SET
SET
                                                                     QUERY PLAN                                                                     
----------------------------------------------------------------------------------------------------------------------------------------------------
 Index Scan Backward using idx on public.t (actual rows=3048576.00 loops=1)
   Output: a, b
   Index Cond: ((t.a >= '-3054925'::integer) AND (t.a <= '-6350'::integer))
   Index Searches: 1
   Prefetch: distance=260.428 count=3050385 stalls=2 skipped=28573 resets=0 ungets=30404 forwarded=673
             histogram [2,4) => 2, [4,8) => 11, [8,16) => 10, [16,32) => 12, [32,64) => 7, [64,128) => 2, [128,256) => 769182, [256,512) => 2281159
   Buffers: shared hit=2874738 read=153592
 Settings: enable_bitmapscan = 'off', enable_seqscan = 'off', max_parallel_workers_per_gather = '0'
 Planning:
   Buffers: shared hit=82 read=27
 Planning Time: 2.147 ms
 Execution Time: 1511.072 ms
(12 rows)

SET
SET
SET
SET
SET
                                             QUERY PLAN                                             
----------------------------------------------------------------------------------------------------
 Index Scan Backward using idx on public.t (actual rows=3048576.00 loops=1)
   Output: a, b
   Index Cond: ((t.a >= '-3054925'::integer) AND (t.a <= '-6350'::integer))
   Index Searches: 1
   Buffers: shared hit=3028339
 Settings: enable_bitmapscan = 'off', enable_seqscan = 'off', max_parallel_workers_per_gather = '0'
 Planning:
   Buffers: shared hit=114
 Planning Time: 0.234 ms
 Execution Time: 488.070 ms
(10 rows)

