SET
SET
SET
SET
SET
                                                                   QUERY PLAN                                                                    
-------------------------------------------------------------------------------------------------------------------------------------------------
 Index Scan Backward using idx on public.t (actual rows=524288.00 loops=1)
   Output: a, b
   Index Cond: ((t.a >= '-536502'::integer) AND (t.a <= '-12215'::integer))
   Index Searches: 1
   Prefetch: distance=260.464 count=525043 stalls=2 skipped=4975 resets=0 ungets=5743 forwarded=135
             histogram [2,4) => 2, [4,8) => 3, [8,16) => 12, [16,32) => 6, [32,64) => 2, [64,128) => 2, [128,256) => 131248, [256,512) => 393768
   Buffers: shared hit=494255 read=26495
 Settings: enable_bitmapscan = 'off', enable_seqscan = 'off', max_parallel_workers_per_gather = '0'
 Planning:
   Buffers: shared hit=82 read=27
 Planning Time: 2.164 ms
 Execution Time: 278.100 ms
(12 rows)

SET
SET
SET
SET
SET
                                             QUERY PLAN                                             
----------------------------------------------------------------------------------------------------
 Index Scan Backward using idx on public.t (actual rows=524288.00 loops=1)
   Output: a, b
   Index Cond: ((t.a >= '-536502'::integer) AND (t.a <= '-12215'::integer))
   Index Searches: 1
   Buffers: shared hit=520752
 Settings: enable_bitmapscan = 'off', enable_seqscan = 'off', max_parallel_workers_per_gather = '0'
 Planning:
   Buffers: shared hit=114
 Planning Time: 0.197 ms
 Execution Time: 85.948 ms
(10 rows)

