SET
SET
SET
SET
SET
                                                                     QUERY PLAN                                                                     
----------------------------------------------------------------------------------------------------------------------------------------------------
 Index Scan Backward using idx on public.t (actual rows=4048576.00 loops=1)
   Output: a, b
   Index Cond: ((t.a >= '-4052332'::integer) AND (t.a <= '-3757'::integer))
   Index Searches: 1
   Prefetch: distance=260.436 count=4049831 stalls=7 skipped=38194 resets=0 ungets=39507 forwarded=840
             histogram [2,4) => 4, [4,8) => 6, [8,16) => 8, [16,32) => 11, [32,64) => 13, [64,128) => 2, [128,256) => 1020577, [256,512) => 3029210
   Buffers: shared hit=3817493 read=203946
 Settings: enable_bitmapscan = 'off', enable_seqscan = 'off', max_parallel_workers_per_gather = '0'
 Planning:
   Buffers: shared hit=82 read=27
 Planning Time: 2.220 ms
 Execution Time: 2002.196 ms
(12 rows)

SET
SET
SET
SET
SET
                                             QUERY PLAN                                             
----------------------------------------------------------------------------------------------------
 Index Scan Backward using idx on public.t (actual rows=4048576.00 loops=1)
   Output: a, b
   Index Cond: ((t.a >= '-4052332'::integer) AND (t.a <= '-3757'::integer))
   Index Searches: 1
   Buffers: shared hit=4021450
 Settings: enable_bitmapscan = 'off', enable_seqscan = 'off', max_parallel_workers_per_gather = '0'
 Planning:
   Buffers: shared hit=114
 Planning Time: 0.256 ms
 Execution Time: 655.198 ms
(10 rows)

