SET
SET
SET
SET
SET
                                                                QUERY PLAN                                                                
------------------------------------------------------------------------------------------------------------------------------------------
 Index Scan Backward using idx on public.t (actual rows=512.00 loops=1)
   Output: a, b
   Index Cond: ((t.a >= '-3928'::integer) AND (t.a <= '-3417'::integer))
   Index Searches: 1
   Prefetch: distance=250.991 count=557 stalls=5 skipped=2 resets=0 ungets=77 forwarded=0
             histogram [2,4) => 4, [4,8) => 3, [8,16) => 12, [16,32) => 9, [32,64) => 2, [64,128) => 2, [128,256) => 65, [256,512) => 460
   Buffers: shared hit=405 read=113
 Settings: enable_bitmapscan = 'off', enable_seqscan = 'off', max_parallel_workers_per_gather = '0'
 Planning:
   Buffers: shared hit=86 read=27
 Planning Time: 1.509 ms
 Execution Time: 3.439 ms
(12 rows)

SET
SET
SET
SET
SET
                                             QUERY PLAN                                             
----------------------------------------------------------------------------------------------------
 Index Scan Backward using idx on public.t (actual rows=512.00 loops=1)
   Output: a, b
   Index Cond: ((t.a >= '-3928'::integer) AND (t.a <= '-3417'::integer))
   Index Searches: 1
   Buffers: shared hit=518
 Settings: enable_bitmapscan = 'off', enable_seqscan = 'off', max_parallel_workers_per_gather = '0'
 Planning:
   Buffers: shared hit=118
 Planning Time: 0.223 ms
 Execution Time: 0.227 ms
(10 rows)

