SET
SET
SET
SET
SET
                                             QUERY PLAN                                             
----------------------------------------------------------------------------------------------------
 Index Scan Backward using idx on public.t (actual rows=1024.00 loops=1)
   Output: a, b
   Index Cond: ((t.a >= '-2065'::integer) AND (t.a <= '-1042'::integer))
   Index Searches: 1
   Prefetch: distance=2.030 count=101 stalls=714 skipped=5 resets=0 ungets=0 forwarded=0
             histogram [2,4) => 100, [4,8) => 1
   Buffers: shared hit=890 read=137
 Settings: enable_bitmapscan = 'off', enable_seqscan = 'off', max_parallel_workers_per_gather = '0'
 Planning:
   Buffers: shared hit=86 read=27
 Planning Time: 1.819 ms
 Execution Time: 5.047 ms
(12 rows)

SET
SET
SET
SET
SET
                                             QUERY PLAN                                             
----------------------------------------------------------------------------------------------------
 Index Scan Backward using idx on public.t (actual rows=1024.00 loops=1)
   Output: a, b
   Index Cond: ((t.a >= '-2065'::integer) AND (t.a <= '-1042'::integer))
   Index Searches: 1
   Buffers: shared hit=1027
 Settings: enable_bitmapscan = 'off', enable_seqscan = 'off', max_parallel_workers_per_gather = '0'
 Planning:
   Buffers: shared hit=118
 Planning Time: 0.199 ms
 Execution Time: 0.286 ms
(10 rows)

