SET
SET
SET
SET
SET
                                                                   QUERY PLAN                                                                    
-------------------------------------------------------------------------------------------------------------------------------------------------
 Index Scan Backward using idx on public.t (actual rows=8192.00 loops=1)
   Output: a, b
   Index Cond: ((t.a >= '-11166'::integer) AND (t.a <= '-2975'::integer))
   Index Searches: 1
   Prefetch: distance=256.960 count=8107 stalls=2 skipped=78 resets=0 ungets=96 forwarded=3
             histogram [2,4) => 12, [4,8) => 11, [8,16) => 9, [16,32) => 21, [32,64) => 25, [64,128) => 50, [128,256) => 2016, [256,512) => 5963
   Buffers: shared hit=7639 read=503
 Settings: enable_bitmapscan = 'off', enable_seqscan = 'off', max_parallel_workers_per_gather = '0'
 Planning:
   Buffers: shared hit=86 read=27
 Planning Time: 2.163 ms
 Execution Time: 9.438 ms
(12 rows)

SET
SET
SET
SET
SET
                                             QUERY PLAN                                             
----------------------------------------------------------------------------------------------------
 Index Scan Backward using idx on public.t (actual rows=8192.00 loops=1)
   Output: a, b
   Index Cond: ((t.a >= '-11166'::integer) AND (t.a <= '-2975'::integer))
   Index Searches: 1
   Buffers: shared hit=8142
 Settings: enable_bitmapscan = 'off', enable_seqscan = 'off', max_parallel_workers_per_gather = '0'
 Planning:
   Buffers: shared hit=118
 Planning Time: 0.199 ms
 Execution Time: 1.454 ms
(10 rows)

