SET
SET
SET
SET
SET
                                                                     QUERY PLAN                                                                     
----------------------------------------------------------------------------------------------------------------------------------------------------
 Index Scan Backward using idx on public.t (actual rows=131072.00 loops=1)
   Output: a, b
   Index Cond: ((t.a >= '-153759'::integer) AND (t.a <= '-22688'::integer))
   Index Searches: 1
   Prefetch: distance=260.176 count=131215 stalls=17 skipped=1200 resets=0 ungets=1512 forwarded=32
             histogram [2,4) => 12, [4,8) => 12, [8,16) => 19, [16,32) => 15, [32,64) => 31, [64,128) => 96, [128,256) => 32519, [256,512) => 98511
   Buffers: shared hit=123541 read=6693
 Settings: enable_bitmapscan = 'off', enable_seqscan = 'off', max_parallel_workers_per_gather = '0'
 Planning:
   Buffers: shared hit=86 read=27
 Planning Time: 2.167 ms
 Execution Time: 74.463 ms
(12 rows)

SET
SET
SET
SET
SET
                                             QUERY PLAN                                             
----------------------------------------------------------------------------------------------------
 Index Scan Backward using idx on public.t (actual rows=131072.00 loops=1)
   Output: a, b
   Index Cond: ((t.a >= '-153759'::integer) AND (t.a <= '-22688'::integer))
   Index Searches: 1
   Buffers: shared hit=130234
 Settings: enable_bitmapscan = 'off', enable_seqscan = 'off', max_parallel_workers_per_gather = '0'
 Planning:
   Buffers: shared hit=118
 Planning Time: 0.216 ms
 Execution Time: 20.324 ms
(10 rows)

