SET
SET
SET
SET
SET
                                                                     QUERY PLAN                                                                     
----------------------------------------------------------------------------------------------------------------------------------------------------
 Index Scan Backward using idx on public.t (actual rows=262144.00 loops=1)
   Output: a, b
   Index Cond: ((t.a >= '-292981'::integer) AND (t.a <= '-30838'::integer))
   Index Searches: 1
   Prefetch: distance=260.432 count=262691 stalls=2 skipped=2503 resets=0 ungets=3106 forwarded=67
             histogram [2,4) => 10, [4,8) => 4, [8,16) => 10, [16,32) => 10, [32,64) => 12, [64,128) => 11, [128,256) => 65544, [256,512) => 197090
   Buffers: shared hit=247069 read=13293
 Settings: enable_bitmapscan = 'off', enable_seqscan = 'off', max_parallel_workers_per_gather = '0'
 Planning:
   Buffers: shared hit=82 read=27
 Planning Time: 2.169 ms
 Execution Time: 153.852 ms
(12 rows)

SET
SET
SET
SET
SET
                                             QUERY PLAN                                             
----------------------------------------------------------------------------------------------------
 Index Scan Backward using idx on public.t (actual rows=262144.00 loops=1)
   Output: a, b
   Index Cond: ((t.a >= '-292981'::integer) AND (t.a <= '-30838'::integer))
   Index Searches: 1
   Buffers: shared hit=260362
 Settings: enable_bitmapscan = 'off', enable_seqscan = 'off', max_parallel_workers_per_gather = '0'
 Planning:
   Buffers: shared hit=114
 Planning Time: 0.192 ms
 Execution Time: 40.836 ms
(10 rows)

