SET
SET
SET
SET
SET
                                                                    QUERY PLAN                                                                    
--------------------------------------------------------------------------------------------------------------------------------------------------
 Index Scan Backward using idx on public.t (actual rows=4048576.00 loops=1)
   Output: a, b
   Index Cond: ((t.a >= '-4058588'::integer) AND (t.a <= '-10013'::integer))
   Index Searches: 1
   Prefetch: distance=260.428 count=4049898 stalls=1 skipped=38194 resets=0 ungets=39534 forwarded=836
             histogram [2,4) => 2, [4,8) => 7, [8,16) => 6, [16,32) => 8, [32,64) => 7, [64,128) => 3, [128,256) => 1021794, [256,512) => 3028071
   Buffers: shared hit=3817496 read=203946
 Settings: enable_bitmapscan = 'off', enable_seqscan = 'off', max_parallel_workers_per_gather = '0'
 Planning:
   Buffers: shared hit=82 read=27
 Planning Time: 2.181 ms
 Execution Time: 2018.841 ms
(12 rows)

SET
SET
SET
SET
SET
                                             QUERY PLAN                                             
----------------------------------------------------------------------------------------------------
 Index Scan Backward using idx on public.t (actual rows=4048576.00 loops=1)
   Output: a, b
   Index Cond: ((t.a >= '-4058588'::integer) AND (t.a <= '-10013'::integer))
   Index Searches: 1
   Buffers: shared hit=4021450
 Settings: enable_bitmapscan = 'off', enable_seqscan = 'off', max_parallel_workers_per_gather = '0'
 Planning:
   Buffers: shared hit=114
 Planning Time: 0.236 ms
 Execution Time: 655.705 ms
(10 rows)

