SET
SET
SET
SET
SET
                                                                 QUERY PLAN                                                                  
---------------------------------------------------------------------------------------------------------------------------------------------
 Index Scan Backward using idx on public.t (actual rows=1024.00 loops=1)
   Output: a, b
   Index Cond: ((t.a >= '-7702'::integer) AND (t.a <= '-6679'::integer))
   Index Searches: 1
   Prefetch: distance=252.337 count=1024 stalls=6 skipped=10 resets=0 ungets=73 forwarded=1
             histogram [2,4) => 8, [4,8) => 7, [8,16) => 10, [16,32) => 10, [32,64) => 11, [64,128) => 4, [128,256) => 151, [256,512) => 823
   Buffers: shared hit=878 read=144
 Settings: enable_bitmapscan = 'off', enable_seqscan = 'off', max_parallel_workers_per_gather = '0'
 Planning:
   Buffers: shared hit=86 read=27
 Planning Time: 2.177 ms
 Execution Time: 6.524 ms
(12 rows)

SET
SET
SET
SET
SET
                                             QUERY PLAN                                             
----------------------------------------------------------------------------------------------------
 Index Scan Backward using idx on public.t (actual rows=1024.00 loops=1)
   Output: a, b
   Index Cond: ((t.a >= '-7702'::integer) AND (t.a <= '-6679'::integer))
   Index Searches: 1
   Buffers: shared hit=1022
 Settings: enable_bitmapscan = 'off', enable_seqscan = 'off', max_parallel_workers_per_gather = '0'
 Planning:
   Buffers: shared hit=118
 Planning Time: 0.243 ms
 Execution Time: 0.351 ms
(10 rows)

