SET
SET
SET
SET
SET
                                             QUERY PLAN                                             
----------------------------------------------------------------------------------------------------
 Index Scan Backward using idx on public.t (actual rows=4096.00 loops=1)
   Output: a, b
   Index Cond: ((t.a >= '-19759'::integer) AND (t.a <= '-15664'::integer))
   Index Searches: 1
   Prefetch: distance=2.065 count=386 stalls=3454 skipped=34 resets=0 ungets=0 forwarded=0
             histogram [2,4) => 378, [4,8) => 8
   Buffers: shared hit=3782 read=297
 Settings: enable_bitmapscan = 'off', enable_seqscan = 'off', max_parallel_workers_per_gather = '0'
 Planning:
   Buffers: shared hit=86 read=27
 Planning Time: 2.192 ms
 Execution Time: 8.606 ms
(12 rows)

SET
SET
SET
SET
SET
                                             QUERY PLAN                                             
----------------------------------------------------------------------------------------------------
 Index Scan Backward using idx on public.t (actual rows=4096.00 loops=1)
   Output: a, b
   Index Cond: ((t.a >= '-19759'::integer) AND (t.a <= '-15664'::integer))
   Index Searches: 1
   Buffers: shared hit=4079
 Settings: enable_bitmapscan = 'off', enable_seqscan = 'off', max_parallel_workers_per_gather = '0'
 Planning:
   Buffers: shared hit=118
 Planning Time: 0.241 ms
 Execution Time: 0.843 ms
(10 rows)

