SET
SET
SET
SET
SET
                                                                 QUERY PLAN                                                                 
--------------------------------------------------------------------------------------------------------------------------------------------
 Index Scan Backward using idx on public.t (actual rows=2048.00 loops=1)
   Output: a, b
   Index Cond: ((t.a >= '-28161'::integer) AND (t.a <= '-26114'::integer))
   Index Searches: 1
   Prefetch: distance=258.057 count=2115 stalls=1 skipped=23 resets=0 ungets=111 forwarded=1
             histogram [2,4) => 4, [4,8) => 4, [8,16) => 7, [16,32) => 12, [32,64) => 5, [64,128) => 4, [128,256) => 436, [256,512) => 1643
   Buffers: shared hit=1837 read=200
 Settings: enable_bitmapscan = 'off', enable_seqscan = 'off', max_parallel_workers_per_gather = '0'
 Planning:
   Buffers: shared hit=86 read=27
 Planning Time: 2.203 ms
 Execution Time: 2.725 ms
(12 rows)

SET
SET
SET
SET
SET
                                             QUERY PLAN                                             
----------------------------------------------------------------------------------------------------
 Index Scan Backward using idx on public.t (actual rows=2048.00 loops=1)
   Output: a, b
   Index Cond: ((t.a >= '-28161'::integer) AND (t.a <= '-26114'::integer))
   Index Searches: 1
   Buffers: shared hit=2037
 Settings: enable_bitmapscan = 'off', enable_seqscan = 'off', max_parallel_workers_per_gather = '0'
 Planning:
   Buffers: shared hit=118
 Planning Time: 0.204 ms
 Execution Time: 0.562 ms
(10 rows)

