SET
SET
SET
SET
SET
                                                                    QUERY PLAN                                                                    
--------------------------------------------------------------------------------------------------------------------------------------------------
 Index Scan Backward using idx on public.t (actual rows=1048576.00 loops=1)
   Output: a, b
   Index Cond: ((t.a >= '-1072484'::integer) AND (t.a <= '-23909'::integer))
   Index Searches: 1
   Prefetch: distance=260.463 count=1049828 stalls=2 skipped=9899 resets=0 ungets=11182 forwarded=241
             histogram [2,4) => 4, [4,8) => 4, [8,16) => 12, [16,32) => 7, [32,64) => 12, [64,128) => 2, [128,256) => 262735, [256,512) => 787052
   Buffers: shared hit=988653 read=52892
 Settings: enable_bitmapscan = 'off', enable_seqscan = 'off', max_parallel_workers_per_gather = '0'
 Planning:
   Buffers: shared hit=82 read=27
 Planning Time: 2.187 ms
 Execution Time: 555.017 ms
(12 rows)

SET
SET
SET
SET
SET
                                             QUERY PLAN                                             
----------------------------------------------------------------------------------------------------
 Index Scan Backward using idx on public.t (actual rows=1048576.00 loops=1)
   Output: a, b
   Index Cond: ((t.a >= '-1072484'::integer) AND (t.a <= '-23909'::integer))
   Index Searches: 1
   Buffers: shared hit=1041548
 Settings: enable_bitmapscan = 'off', enable_seqscan = 'off', max_parallel_workers_per_gather = '0'
 Planning:
   Buffers: shared hit=114
 Planning Time: 0.222 ms
 Execution Time: 170.744 ms
(10 rows)

