SET
SET
SET
SET
SET
                                                                    QUERY PLAN                                                                     
---------------------------------------------------------------------------------------------------------------------------------------------------
 Index Scan Backward using idx on public.t (actual rows=262144.00 loops=1)
   Output: a, b
   Index Cond: ((t.a >= '-267706'::integer) AND (t.a <= '-5563'::integer))
   Index Searches: 1
   Prefetch: distance=260.384 count=262615 stalls=2 skipped=2479 resets=0 ungets=3027 forwarded=65
             histogram [2,4) => 4, [4,8) => 15, [8,16) => 16, [16,32) => 16, [32,64) => 21, [64,128) => 2, [128,256) => 65768, [256,512) => 196773
   Buffers: shared hit=247094 read=13293
 Settings: enable_bitmapscan = 'off', enable_seqscan = 'off', max_parallel_workers_per_gather = '0'
 Planning:
   Buffers: shared hit=82 read=27
 Planning Time: 2.164 ms
 Execution Time: 144.093 ms
(12 rows)

SET
SET
SET
SET
SET
                                             QUERY PLAN                                             
----------------------------------------------------------------------------------------------------
 Index Scan Backward using idx on public.t (actual rows=262144.00 loops=1)
   Output: a, b
   Index Cond: ((t.a >= '-267706'::integer) AND (t.a <= '-5563'::integer))
   Index Searches: 1
   Buffers: shared hit=260387
 Settings: enable_bitmapscan = 'off', enable_seqscan = 'off', max_parallel_workers_per_gather = '0'
 Planning:
   Buffers: shared hit=114
 Planning Time: 0.202 ms
 Execution Time: 38.760 ms
(10 rows)

