SET
SET
SET
SET
SET
                                                                   QUERY PLAN                                                                   
------------------------------------------------------------------------------------------------------------------------------------------------
 Index Scan Backward using idx on public.t (actual rows=65536.00 loops=1)
   Output: a, b
   Index Cond: ((t.a >= '-97095'::integer) AND (t.a <= '-31560'::integer))
   Index Searches: 1
   Prefetch: distance=260.460 count=65596 stalls=1 skipped=601 resets=0 ungets=726 forwarded=16
             histogram [2,4) => 2, [4,8) => 4, [8,16) => 8, [16,32) => 12, [32,64) => 11, [64,128) => 1, [128,256) => 16063, [256,512) => 49495
   Buffers: shared hit=61729 read=3391
 Settings: enable_bitmapscan = 'off', enable_seqscan = 'off', max_parallel_workers_per_gather = '0'
 Planning:
   Buffers: shared hit=86 read=27
 Planning Time: 2.174 ms
 Execution Time: 39.678 ms
(12 rows)

SET
SET
SET
SET
SET
                                             QUERY PLAN                                             
----------------------------------------------------------------------------------------------------
 Index Scan Backward using idx on public.t (actual rows=65536.00 loops=1)
   Output: a, b
   Index Cond: ((t.a >= '-97095'::integer) AND (t.a <= '-31560'::integer))
   Index Searches: 1
   Buffers: shared hit=65120
 Settings: enable_bitmapscan = 'off', enable_seqscan = 'off', max_parallel_workers_per_gather = '0'
 Planning:
   Buffers: shared hit=118
 Planning Time: 0.222 ms
 Execution Time: 10.518 ms
(10 rows)

