SET
SET
SET
SET
SET
                                                                     QUERY PLAN                                                                     
----------------------------------------------------------------------------------------------------------------------------------------------------
 Index Scan Backward using idx on public.t (actual rows=5048576.00 loops=1)
   Output: a, b
   Index Cond: ((t.a >= '-5066941'::integer) AND (t.a <= '-18366'::integer))
   Index Searches: 1
   Prefetch: distance=260.442 count=5051262 stalls=1 skipped=47634 resets=0 ungets=50403 forwarded=1077
             histogram [2,4) => 2, [4,8) => 6, [8,16) => 8, [16,32) => 10, [32,64) => 15, [64,128) => 2, [128,256) => 1272357, [256,512) => 3778862
   Buffers: shared hit=4760427 read=254295
 Settings: enable_bitmapscan = 'off', enable_seqscan = 'off', max_parallel_workers_per_gather = '0'
 Planning:
   Buffers: shared hit=82 read=27
 Planning Time: 2.162 ms
 Execution Time: 2518.645 ms
(12 rows)

SET
SET
SET
SET
SET
                                             QUERY PLAN                                             
----------------------------------------------------------------------------------------------------
 Index Scan Backward using idx on public.t (actual rows=5048576.00 loops=1)
   Output: a, b
   Index Cond: ((t.a >= '-5066941'::integer) AND (t.a <= '-18366'::integer))
   Index Searches: 1
   Buffers: shared hit=5014741
 Settings: enable_bitmapscan = 'off', enable_seqscan = 'off', max_parallel_workers_per_gather = '0'
 Planning:
   Buffers: shared hit=114
 Planning Time: 0.271 ms
 Execution Time: 809.033 ms
(10 rows)

