SET
SET
SET
SET
SET
                                                                    QUERY PLAN                                                                     
---------------------------------------------------------------------------------------------------------------------------------------------------
 Index Scan Backward using idx on public.t (actual rows=9048576.00 loops=1)
   Output: a, b
   Index Cond: ((t.a >= '-9074703'::integer) AND (t.a <= '-26128'::integer))
   Index Searches: 1
   Prefetch: distance=260.399 count=9049967 stalls=1 skipped=84931 resets=0 ungets=86329 forwarded=1869
             histogram [2,4) => 2, [4,8) => 3, [8,16) => 11, [16,32) => 6, [32,64) => 2, [64,128) => 2, [128,256) => 2291800, [256,512) => 6758141
   Buffers: shared hit=8532643 read=455702
 Settings: enable_bitmapscan = 'off', enable_seqscan = 'off', max_parallel_workers_per_gather = '0'
 Planning:
   Buffers: shared hit=82 read=27
 Planning Time: 2.264 ms
 Execution Time: 4430.113 ms
(12 rows)

SET
SET
SET
SET
SET
                                             QUERY PLAN                                             
----------------------------------------------------------------------------------------------------
 Index Scan Backward using idx on public.t (actual rows=9048576.00 loops=1)
   Output: a, b
   Index Cond: ((t.a >= '-9074703'::integer) AND (t.a <= '-26128'::integer))
   Index Searches: 1
   Buffers: shared hit=8988374
 Settings: enable_bitmapscan = 'off', enable_seqscan = 'off', max_parallel_workers_per_gather = '0'
 Planning:
   Buffers: shared hit=114
 Planning Time: 0.231 ms
 Execution Time: 1444.121 ms
(10 rows)

