SET
SET
SET
SET
SET
                                                                 QUERY PLAN                                                                  
---------------------------------------------------------------------------------------------------------------------------------------------
 Index Scan using idx on public.t (actual rows=512.00 loops=1)
   Output: a, b
   Index Cond: ((t.a >= '-10524'::integer) AND (t.a <= '-10013'::integer))
   Index Searches: 1
   Prefetch: distance=165.423 count=400 stalls=5 skipped=1 resets=0 ungets=21 forwarded=0
             histogram [2,4) => 6, [4,8) => 6, [8,16) => 21, [16,32) => 36, [32,64) => 45, [64,128) => 47, [128,256) => 70, [256,512) => 169
   Buffers: shared hit=401 read=118
 Settings: enable_bitmapscan = 'off', enable_seqscan = 'off', max_parallel_workers_per_gather = '0'
 Planning:
   Buffers: shared hit=82 read=27
 Planning Time: 2.169 ms
 Execution Time: 6.891 ms
(12 rows)

SET
SET
SET
SET
SET
                                             QUERY PLAN                                             
----------------------------------------------------------------------------------------------------
 Index Scan using idx on public.t (actual rows=512.00 loops=1)
   Output: a, b
   Index Cond: ((t.a >= '-10524'::integer) AND (t.a <= '-10013'::integer))
   Index Searches: 1
   Buffers: shared hit=519
 Settings: enable_bitmapscan = 'off', enable_seqscan = 'off', max_parallel_workers_per_gather = '0'
 Planning:
   Buffers: shared hit=114
 Planning Time: 0.153 ms
 Execution Time: 0.127 ms
(10 rows)

