SET
SET
SET
SET
SET
                                                                   QUERY PLAN                                                                    
-------------------------------------------------------------------------------------------------------------------------------------------------
 Index Scan using idx on public.t (actual rows=131072.00 loops=1)
   Output: a, b
   Index Cond: ((t.a >= '-137080'::integer) AND (t.a <= '-6009'::integer))
   Index Searches: 1
   Prefetch: distance=263.540 count=142256 stalls=2 skipped=1204 resets=0 ungets=12437 forwarded=83
             histogram [2,4) => 12, [4,8) => 9, [8,16) => 5, [16,32) => 18, [32,64) => 4, [64,128) => 4, [128,256) => 22736, [256,512) => 119468
   Buffers: shared hit=123532 read=6695
 Settings: enable_bitmapscan = 'off', enable_seqscan = 'off', max_parallel_workers_per_gather = '0'
 Planning:
   Buffers: shared hit=82 read=27
 Planning Time: 2.182 ms
 Execution Time: 131.862 ms
(12 rows)

SET
SET
SET
SET
SET
                                             QUERY PLAN                                             
----------------------------------------------------------------------------------------------------
 Index Scan using idx on public.t (actual rows=131072.00 loops=1)
   Output: a, b
   Index Cond: ((t.a >= '-137080'::integer) AND (t.a <= '-6009'::integer))
   Index Searches: 1
   Buffers: shared hit=130232
 Settings: enable_bitmapscan = 'off', enable_seqscan = 'off', max_parallel_workers_per_gather = '0'
 Planning:
   Buffers: shared hit=114
 Planning Time: 0.226 ms
 Execution Time: 20.541 ms
(10 rows)

