SET
SET
SET
SET
SET
                                                                    QUERY PLAN                                                                    
--------------------------------------------------------------------------------------------------------------------------------------------------
 Index Scan using idx on public.t (actual rows=3048576.00 loops=1)
   Output: a, b
   Index Cond: ((t.a >= '-3059233'::integer) AND (t.a <= '-10658'::integer))
   Index Searches: 1
   Prefetch: distance=263.673 count=3309606 stalls=1 skipped=28575 resets=0 ungets=289662 forwarded=2144
             histogram [2,4) => 4, [4,8) => 9, [8,16) => 9, [16,32) => 10, [32,64) => 8, [64,128) => 2, [128,256) => 519453, [256,512) => 2790111
   Buffers: shared hit=2874688 read=153596
 Settings: enable_bitmapscan = 'off', enable_seqscan = 'off', max_parallel_workers_per_gather = '0'
 Planning:
   Buffers: shared hit=78 read=27
 Planning Time: 2.179 ms
 Execution Time: 2945.647 ms
(12 rows)

SET
SET
SET
SET
SET
                                             QUERY PLAN                                             
----------------------------------------------------------------------------------------------------
 Index Scan using idx on public.t (actual rows=3048576.00 loops=1)
   Output: a, b
   Index Cond: ((t.a >= '-3059233'::integer) AND (t.a <= '-10658'::integer))
   Index Searches: 1
   Buffers: shared hit=3028337
 Settings: enable_bitmapscan = 'off', enable_seqscan = 'off', max_parallel_workers_per_gather = '0'
 Planning:
   Buffers: shared hit=110
 Planning Time: 0.320 ms
 Execution Time: 507.582 ms
(10 rows)

