SET
SET
SET
SET
SET
                                                                    QUERY PLAN                                                                     
---------------------------------------------------------------------------------------------------------------------------------------------------
 Index Scan using idx on public.t (actual rows=9048576.00 loops=1)
   Output: a, b
   Index Cond: ((t.a >= '-9050604'::integer) AND (t.a <= '-2029'::integer))
   Index Searches: 1
   Prefetch: distance=263.663 count=9822512 stalls=2 skipped=84921 resets=0 ungets=858866 forwarded=6404
             histogram [2,4) => 2, [4,8) => 4, [8,16) => 11, [16,32) => 5, [32,64) => 4, [64,128) => 2, [128,256) => 1542985, [256,512) => 8279499
   Buffers: shared hit=8532497 read=455698
 Settings: enable_bitmapscan = 'off', enable_seqscan = 'off', max_parallel_workers_per_gather = '0'
 Planning:
   Buffers: shared hit=78 read=27
 Planning Time: 2.190 ms
 Execution Time: 8699.723 ms
(12 rows)

SET
SET
SET
SET
SET
                                             QUERY PLAN                                             
----------------------------------------------------------------------------------------------------
 Index Scan using idx on public.t (actual rows=9048576.00 loops=1)
   Output: a, b
   Index Cond: ((t.a >= '-9050604'::integer) AND (t.a <= '-2029'::integer))
   Index Searches: 1
   Buffers: shared hit=8988384
 Settings: enable_bitmapscan = 'off', enable_seqscan = 'off', max_parallel_workers_per_gather = '0'
 Planning:
   Buffers: shared hit=110
 Planning Time: 0.317 ms
 Execution Time: 1500.095 ms
(10 rows)

