SET
SET
SET
SET
SET
                                                                     QUERY PLAN                                                                     
----------------------------------------------------------------------------------------------------------------------------------------------------
 Index Scan using idx on public.t (actual rows=5048576.00 loops=1)
   Output: a, b
   Index Cond: ((t.a >= '-5059079'::integer) AND (t.a <= '-10504'::integer))
   Index Searches: 1
   Prefetch: distance=263.670 count=5480315 stalls=1 skipped=47626 resets=0 ungets=479444 forwarded=3578
             histogram [2,4) => 2, [4,8) => 13, [8,16) => 8, [16,32) => 12, [32,64) => 21, [64,128) => 6, [128,256) => 860209, [256,512) => 4620044
   Buffers: shared hit=4760354 read=254294
 Settings: enable_bitmapscan = 'off', enable_seqscan = 'off', max_parallel_workers_per_gather = '0'
 Planning:
   Buffers: shared hit=78 read=27
 Planning Time: 2.149 ms
 Execution Time: 4853.782 ms
(12 rows)

SET
SET
SET
SET
SET
                                             QUERY PLAN                                             
----------------------------------------------------------------------------------------------------
 Index Scan using idx on public.t (actual rows=5048576.00 loops=1)
   Output: a, b
   Index Cond: ((t.a >= '-5059079'::integer) AND (t.a <= '-10504'::integer))
   Index Searches: 1
   Buffers: shared hit=5014749
 Settings: enable_bitmapscan = 'off', enable_seqscan = 'off', max_parallel_workers_per_gather = '0'
 Planning:
   Buffers: shared hit=110
 Planning Time: 0.300 ms
 Execution Time: 838.511 ms
(10 rows)

