SET
SET
SET
SET
SET
                                                                 QUERY PLAN                                                                 
--------------------------------------------------------------------------------------------------------------------------------------------
 Index Scan using idx on public.t (actual rows=512.00 loops=1)
   Output: a, b
   Index Cond: ((t.a >= '-26992'::integer) AND (t.a <= '-26481'::integer))
   Index Searches: 1
   Prefetch: distance=203.985 count=413 stalls=1 skipped=9 resets=0 ungets=36 forwarded=0
             histogram [2,4) => 2, [4,8) => 9, [8,16) => 12, [16,32) => 19, [32,64) => 33, [64,128) => 46, [128,256) => 9, [256,512) => 283
   Buffers: shared hit=390 read=121
 Settings: enable_bitmapscan = 'off', enable_seqscan = 'off', max_parallel_workers_per_gather = '0'
 Planning:
   Buffers: shared hit=82 read=27
 Planning Time: 1.857 ms
 Execution Time: 6.274 ms
(12 rows)

SET
SET
SET
SET
SET
                                             QUERY PLAN                                             
----------------------------------------------------------------------------------------------------
 Index Scan using idx on public.t (actual rows=512.00 loops=1)
   Output: a, b
   Index Cond: ((t.a >= '-26992'::integer) AND (t.a <= '-26481'::integer))
   Index Searches: 1
   Buffers: shared hit=511
 Settings: enable_bitmapscan = 'off', enable_seqscan = 'off', max_parallel_workers_per_gather = '0'
 Planning:
   Buffers: shared hit=114
 Planning Time: 0.195 ms
 Execution Time: 0.204 ms
(10 rows)

