SET
SET
SET
SET
SET
                                                                   QUERY PLAN                                                                   
------------------------------------------------------------------------------------------------------------------------------------------------
 Index Scan using idx on public.t (actual rows=4096.00 loops=1)
   Output: a, b
   Index Cond: ((t.a >= '-21495'::integer) AND (t.a <= '-17400'::integer))
   Index Searches: 1
   Prefetch: distance=255.149 count=4293 stalls=16 skipped=35 resets=0 ungets=366 forwarded=5
             histogram [2,4) => 16, [4,8) => 5, [8,16) => 14, [16,32) => 28, [32,64) => 37, [64,128) => 63, [128,256) => 705, [256,512) => 3425
   Buffers: shared hit=3780 read=298
 Settings: enable_bitmapscan = 'off', enable_seqscan = 'off', max_parallel_workers_per_gather = '0'
 Planning:
   Buffers: shared hit=82 read=27
 Planning Time: 2.175 ms
 Execution Time: 9.850 ms
(12 rows)

SET
SET
SET
SET
SET
                                             QUERY PLAN                                             
----------------------------------------------------------------------------------------------------
 Index Scan using idx on public.t (actual rows=4096.00 loops=1)
   Output: a, b
   Index Cond: ((t.a >= '-21495'::integer) AND (t.a <= '-17400'::integer))
   Index Searches: 1
   Buffers: shared hit=4078
 Settings: enable_bitmapscan = 'off', enable_seqscan = 'off', max_parallel_workers_per_gather = '0'
 Planning:
   Buffers: shared hit=114
 Planning Time: 0.196 ms
 Execution Time: 0.893 ms
(10 rows)

