SET
SET
SET
SET
SET
                                                                    QUERY PLAN                                                                    
--------------------------------------------------------------------------------------------------------------------------------------------------
 Index Scan using idx on public.t (actual rows=1048576.00 loops=1)
   Output: a, b
   Index Cond: ((t.a >= '-1062337'::integer) AND (t.a <= '-13762'::integer))
   Index Searches: 1
   Prefetch: distance=263.633 count=1138172 stalls=1 skipped=9902 resets=0 ungets=99555 forwarded=709
             histogram [2,4) => 8, [4,8) => 5, [8,16) => 9, [16,32) => 12, [32,64) => 23, [64,128) => 2, [128,256) => 179988, [256,512) => 958125
   Buffers: shared hit=988636 read=52888
 Settings: enable_bitmapscan = 'off', enable_seqscan = 'off', max_parallel_workers_per_gather = '0'
 Planning:
   Buffers: shared hit=78 read=27
 Planning Time: 2.176 ms
 Execution Time: 1016.942 ms
(12 rows)

SET
SET
SET
SET
SET
                                             QUERY PLAN                                             
----------------------------------------------------------------------------------------------------
 Index Scan using idx on public.t (actual rows=1048576.00 loops=1)
   Output: a, b
   Index Cond: ((t.a >= '-1062337'::integer) AND (t.a <= '-13762'::integer))
   Index Searches: 1
   Buffers: shared hit=1041544
 Settings: enable_bitmapscan = 'off', enable_seqscan = 'off', max_parallel_workers_per_gather = '0'
 Planning:
   Buffers: shared hit=110
 Planning Time: 0.220 ms
 Execution Time: 176.535 ms
(10 rows)

