SET
SET
SET
SET
SET
                                                                    QUERY PLAN                                                                     
---------------------------------------------------------------------------------------------------------------------------------------------------
 Index Scan using idx on public.t (actual rows=2048576.00 loops=1)
   Output: a, b
   Index Cond: ((t.a >= '-2061545'::integer) AND (t.a <= '-12970'::integer))
   Index Searches: 1
   Prefetch: distance=263.664 count=2224043 stalls=2 skipped=19111 resets=0 ungets=194664 forwarded=1433
             histogram [2,4) => 6, [4,8) => 6, [8,16) => 8, [16,32) => 11, [32,64) => 38, [64,128) => 6, [128,256) => 349808, [256,512) => 1874160
   Buffers: shared hit=1931796 read=103243
 Settings: enable_bitmapscan = 'off', enable_seqscan = 'off', max_parallel_workers_per_gather = '0'
 Planning:
   Buffers: shared hit=78 read=27
 Planning Time: 2.197 ms
 Execution Time: 1982.367 ms
(12 rows)

SET
SET
SET
SET
SET
                                             QUERY PLAN                                             
----------------------------------------------------------------------------------------------------
 Index Scan using idx on public.t (actual rows=2048576.00 loops=1)
   Output: a, b
   Index Cond: ((t.a >= '-2061545'::integer) AND (t.a <= '-12970'::integer))
   Index Searches: 1
   Buffers: shared hit=2035067
 Settings: enable_bitmapscan = 'off', enable_seqscan = 'off', max_parallel_workers_per_gather = '0'
 Planning:
   Buffers: shared hit=110
 Planning Time: 0.319 ms
 Execution Time: 339.477 ms
(10 rows)

