SET
SET
SET
SET
SET
                                                                     QUERY PLAN                                                                      
-----------------------------------------------------------------------------------------------------------------------------------------------------
 Index Scan using idx on public.t (actual rows=131072.00 loops=1)
   Output: a, b
   Index Cond: ((t.a >= '-151795'::integer) AND (t.a <= '-20724'::integer))
   Index Searches: 1
   Prefetch: distance=263.415 count=142135 stalls=15 skipped=1199 resets=0 ungets=12399 forwarded=80
             histogram [2,4) => 10, [4,8) => 25, [8,16) => 12, [16,32) => 15, [32,64) => 31, [64,128) => 29, [128,256) => 22710, [256,512) => 119303
   Buffers: shared hit=123540 read=6692
 Settings: enable_bitmapscan = 'off', enable_seqscan = 'off', max_parallel_workers_per_gather = '0'
 Planning:
   Buffers: shared hit=82 read=27
 Planning Time: 2.257 ms
 Execution Time: 132.092 ms
(12 rows)

SET
SET
SET
SET
SET
                                             QUERY PLAN                                             
----------------------------------------------------------------------------------------------------
 Index Scan using idx on public.t (actual rows=131072.00 loops=1)
   Output: a, b
   Index Cond: ((t.a >= '-151795'::integer) AND (t.a <= '-20724'::integer))
   Index Searches: 1
   Buffers: shared hit=130237
 Settings: enable_bitmapscan = 'off', enable_seqscan = 'off', max_parallel_workers_per_gather = '0'
 Planning:
   Buffers: shared hit=114
 Planning Time: 0.201 ms
 Execution Time: 17.509 ms
(10 rows)

