SET
SET
SET
SET
SET
                                                                   QUERY PLAN                                                                   
------------------------------------------------------------------------------------------------------------------------------------------------
 Index Scan using idx on public.t (actual rows=8192.00 loops=1)
   Output: a, b
   Index Cond: ((t.a >= '-19972'::integer) AND (t.a <= '-11781'::integer))
   Index Searches: 1
   Prefetch: distance=261.892 count=8834 stalls=4 skipped=80 resets=0 ungets=785 forwarded=4
             histogram [2,4) => 6, [4,8) => 12, [8,16) => 13, [16,32) => 17, [32,64) => 10, [64,128) => 7, [128,256) => 1438, [256,512) => 7331
   Buffers: shared hit=7632 read=509
 Settings: enable_bitmapscan = 'off', enable_seqscan = 'off', max_parallel_workers_per_gather = '0'
 Planning:
   Buffers: shared hit=82 read=27
 Planning Time: 2.161 ms
 Execution Time: 13.175 ms
(12 rows)

SET
SET
SET
SET
SET
                                             QUERY PLAN                                             
----------------------------------------------------------------------------------------------------
 Index Scan using idx on public.t (actual rows=8192.00 loops=1)
   Output: a, b
   Index Cond: ((t.a >= '-19972'::integer) AND (t.a <= '-11781'::integer))
   Index Searches: 1
   Buffers: shared hit=8141
 Settings: enable_bitmapscan = 'off', enable_seqscan = 'off', max_parallel_workers_per_gather = '0'
 Planning:
   Buffers: shared hit=114
 Planning Time: 0.199 ms
 Execution Time: 1.491 ms
(10 rows)

