SET
SET
SET
SET
SET
                                                                       QUERY PLAN                                                                       
--------------------------------------------------------------------------------------------------------------------------------------------------------
 Index Scan using idx on public.t (actual rows=7048576.00 loops=1)
   Output: a, b
   Index Cond: ((t.a >= '-7077615'::integer) AND (t.a <= '-29040'::integer))
   Index Searches: 1
   Prefetch: distance=263.670 count=7651476 stalls=20 skipped=66405 resets=0 ungets=669449 forwarded=4985
             histogram [2,4) => 20, [4,8) => 21, [8,16) => 19, [16,32) => 24, [32,64) => 32, [64,128) => 48, [128,256) => 1199263, [256,512) => 6452049
   Buffers: shared hit=6646296 read=355000
 Settings: enable_bitmapscan = 'off', enable_seqscan = 'off', max_parallel_workers_per_gather = '0'
 Planning:
   Buffers: shared hit=78 read=27
 Planning Time: 2.192 ms
 Execution Time: 6787.214 ms
(12 rows)

SET
SET
SET
SET
SET
                                             QUERY PLAN                                             
----------------------------------------------------------------------------------------------------
 Index Scan using idx on public.t (actual rows=7048576.00 loops=1)
   Output: a, b
   Index Cond: ((t.a >= '-7077615'::integer) AND (t.a <= '-29040'::integer))
   Index Searches: 1
   Buffers: shared hit=7001435
 Settings: enable_bitmapscan = 'off', enable_seqscan = 'off', max_parallel_workers_per_gather = '0'
 Planning:
   Buffers: shared hit=110
 Planning Time: 0.292 ms
 Execution Time: 1188.195 ms
(10 rows)

