SET
SET
SET
SET
SET
                                                                    QUERY PLAN                                                                     
---------------------------------------------------------------------------------------------------------------------------------------------------
 Index Scan using idx on public.t (actual rows=9048576.00 loops=1)
   Output: a, b
   Index Cond: ((t.a >= '-9049507'::integer) AND (t.a <= '-932'::integer))
   Index Searches: 1
   Prefetch: distance=263.668 count=9822672 stalls=1 skipped=84918 resets=0 ungets=859023 forwarded=6438
             histogram [2,4) => 2, [4,8) => 6, [8,16) => 6, [16,32) => 10, [32,64) => 3, [64,128) => 2, [128,256) => 1541964, [256,512) => 8280679
   Buffers: shared hit=8532510 read=455691
 Settings: enable_bitmapscan = 'off', enable_seqscan = 'off', max_parallel_workers_per_gather = '0'
 Planning:
   Buffers: shared hit=78 read=27
 Planning Time: 2.168 ms
 Execution Time: 8700.568 ms
(12 rows)

SET
SET
SET
SET
SET
                                             QUERY PLAN                                             
----------------------------------------------------------------------------------------------------
 Index Scan using idx on public.t (actual rows=9048576.00 loops=1)
   Output: a, b
   Index Cond: ((t.a >= '-9049507'::integer) AND (t.a <= '-932'::integer))
   Index Searches: 1
   Buffers: shared hit=8988387
 Settings: enable_bitmapscan = 'off', enable_seqscan = 'off', max_parallel_workers_per_gather = '0'
 Planning:
   Buffers: shared hit=110
 Planning Time: 0.285 ms
 Execution Time: 1512.700 ms
(10 rows)

