SET
SET
SET
SET
SET
                                             QUERY PLAN                                             
----------------------------------------------------------------------------------------------------
 Index Scan Backward using idx on public.t (actual rows=128.00 loops=1)
   Output: a, b
   Index Cond: ((t.a >= '-25447'::integer) AND (t.a <= '-25416'::integer))
   Index Searches: 1
   Buffers: shared hit=61 read=73
 Settings: enable_bitmapscan = 'off', enable_seqscan = 'off', max_parallel_workers_per_gather = '0'
 Planning:
   Buffers: shared hit=85 read=28
 Planning Time: 1.079 ms
 Execution Time: 4.621 ms
(10 rows)

SET
SET
SET
SET
SET
                                             QUERY PLAN                                             
----------------------------------------------------------------------------------------------------
 Index Scan Backward using idx on public.t (actual rows=128.00 loops=1)
   Output: a, b
   Index Cond: ((t.a >= '-25447'::integer) AND (t.a <= '-25416'::integer))
   Index Searches: 1
   Buffers: shared hit=134
 Settings: enable_bitmapscan = 'off', enable_seqscan = 'off', max_parallel_workers_per_gather = '0'
 Planning:
   Buffers: shared hit=118
 Planning Time: 0.168 ms
 Execution Time: 0.077 ms
(10 rows)

