SET
SET
SET
SET
SET
                                                                QUERY PLAN                                                                 
-------------------------------------------------------------------------------------------------------------------------------------------
 Index Scan using idx on public.t (actual rows=256.00 loops=1)
   Output: a, b
   Index Cond: ((t.a >= '-13758'::integer) AND (t.a <= '-13503'::integer))
   Index Searches: 1
   Prefetch: distance=213.262 count=214 stalls=1 skipped=1 resets=0 ungets=27 forwarded=0
             histogram [2,4) => 2, [4,8) => 10, [8,16) => 8, [16,32) => 12, [32,64) => 12, [64,128) => 4, [128,256) => 7, [256,512) => 159
   Buffers: shared hit=163 read=99
 Settings: enable_bitmapscan = 'off', enable_seqscan = 'off', max_parallel_workers_per_gather = '0'
 Planning:
   Buffers: shared hit=82 read=27
 Planning Time: 1.033 ms
 Execution Time: 5.109 ms
(12 rows)

SET
SET
SET
SET
SET
                                             QUERY PLAN                                             
----------------------------------------------------------------------------------------------------
 Index Scan using idx on public.t (actual rows=256.00 loops=1)
   Output: a, b
   Index Cond: ((t.a >= '-13758'::integer) AND (t.a <= '-13503'::integer))
   Index Searches: 1
   Buffers: shared hit=262
 Settings: enable_bitmapscan = 'off', enable_seqscan = 'off', max_parallel_workers_per_gather = '0'
 Planning:
   Buffers: shared hit=114
 Planning Time: 0.209 ms
 Execution Time: 0.176 ms
(10 rows)

