SET
SET
SET
SET
SET
                                                                  QUERY PLAN                                                                  
----------------------------------------------------------------------------------------------------------------------------------------------
 Index Scan using idx on public.t (actual rows=32768.00 loops=1)
   Output: a, b
   Index Cond: ((t.a >= '-64594'::integer) AND (t.a <= '-31827'::integer))
   Index Searches: 1
   Prefetch: distance=263.296 count=35649 stalls=1 skipped=281 resets=0 ungets=3192 forwarded=17
             histogram [2,4) => 4, [4,8) => 6, [8,16) => 5, [16,32) => 19, [32,64) => 2, [64,128) => 2, [128,256) => 5737, [256,512) => 29874
   Buffers: shared hit=30839 read=1741
 Settings: enable_bitmapscan = 'off', enable_seqscan = 'off', max_parallel_workers_per_gather = '0'
 Planning:
   Buffers: shared hit=82 read=27
 Planning Time: 2.163 ms
 Execution Time: 35.959 ms
(12 rows)

SET
SET
SET
SET
SET
                                             QUERY PLAN                                             
----------------------------------------------------------------------------------------------------
 Index Scan using idx on public.t (actual rows=32768.00 loops=1)
   Output: a, b
   Index Cond: ((t.a >= '-64594'::integer) AND (t.a <= '-31827'::integer))
   Index Searches: 1
   Buffers: shared hit=32582
 Settings: enable_bitmapscan = 'off', enable_seqscan = 'off', max_parallel_workers_per_gather = '0'
 Planning:
   Buffers: shared hit=114
 Planning Time: 0.187 ms
 Execution Time: 4.428 ms
(10 rows)

