SET
SET
SET
SET
SET
                                                                 QUERY PLAN                                                                  
---------------------------------------------------------------------------------------------------------------------------------------------
 Index Scan using idx on public.t (actual rows=16384.00 loops=1)
   Output: a, b
   Index Cond: ((t.a >= '-22146'::integer) AND (t.a <= '-5763'::integer))
   Index Searches: 1
   Prefetch: distance=263.017 count=17758 stalls=2 skipped=150 resets=0 ungets=1563 forwarded=12
             histogram [2,4) => 2, [4,8) => 5, [8,16) => 8, [16,32) => 8, [32,64) => 6, [64,128) => 3, [128,256) => 2940, [256,512) => 14786
   Buffers: shared hit=15366 read=919
 Settings: enable_bitmapscan = 'off', enable_seqscan = 'off', max_parallel_workers_per_gather = '0'
 Planning:
   Buffers: shared hit=82 read=27
 Planning Time: 2.169 ms
 Execution Time: 19.830 ms
(12 rows)

SET
SET
SET
SET
SET
                                             QUERY PLAN                                             
----------------------------------------------------------------------------------------------------
 Index Scan using idx on public.t (actual rows=16384.00 loops=1)
   Output: a, b
   Index Cond: ((t.a >= '-22146'::integer) AND (t.a <= '-5763'::integer))
   Index Searches: 1
   Buffers: shared hit=16285
 Settings: enable_bitmapscan = 'off', enable_seqscan = 'off', max_parallel_workers_per_gather = '0'
 Planning:
   Buffers: shared hit=114
 Planning Time: 0.181 ms
 Execution Time: 1.971 ms
(10 rows)

