SET
SET
SET
SET
SET
                                             QUERY PLAN                                             
----------------------------------------------------------------------------------------------------
 Index Scan using idx on public.t (actual rows=4096.00 loops=1)
   Output: a, b
   Index Cond: ((t.a >= '-29044'::integer) AND (t.a <= '-24949'::integer))
   Index Searches: 1
   Prefetch: distance=2.156 count=378 stalls=3331 skipped=40 resets=0 ungets=0 forwarded=0
             histogram [2,4) => 358, [4,8) => 20
   Buffers: shared hit=3770 read=300
 Settings: enable_bitmapscan = 'off', enable_seqscan = 'off', max_parallel_workers_per_gather = '0'
 Planning:
   Buffers: shared hit=82 read=27
 Planning Time: 2.170 ms
 Execution Time: 18.005 ms
(12 rows)

SET
SET
SET
SET
SET
                                             QUERY PLAN                                             
----------------------------------------------------------------------------------------------------
 Index Scan using idx on public.t (actual rows=4096.00 loops=1)
   Output: a, b
   Index Cond: ((t.a >= '-29044'::integer) AND (t.a <= '-24949'::integer))
   Index Searches: 1
   Buffers: shared hit=4070
 Settings: enable_bitmapscan = 'off', enable_seqscan = 'off', max_parallel_workers_per_gather = '0'
 Planning:
   Buffers: shared hit=114
 Planning Time: 0.160 ms
 Execution Time: 0.567 ms
(10 rows)

