SET
SET
SET
SET
SET
                                                                 QUERY PLAN                                                                  
---------------------------------------------------------------------------------------------------------------------------------------------
 Index Scan using idx on public.t (actual rows=8192.00 loops=1)
   Output: a, b
   Index Cond: ((t.a >= '-11169'::integer) AND (t.a <= '-2978'::integer))
   Index Searches: 1
   Prefetch: distance=262.696 count=8881 stalls=1 skipped=78 resets=0 ungets=808 forwarded=4
             histogram [2,4) => 4, [4,8) => 4, [8,16) => 9, [16,32) => 11, [32,64) => 8, [64,128) => 3, [128,256) => 1371, [256,512) => 7471
   Buffers: shared hit=7639 read=503
 Settings: enable_bitmapscan = 'off', enable_seqscan = 'off', max_parallel_workers_per_gather = '0'
 Planning:
   Buffers: shared hit=82 read=27
 Planning Time: 2.171 ms
 Execution Time: 11.360 ms
(12 rows)

SET
SET
SET
SET
SET
                                             QUERY PLAN                                             
----------------------------------------------------------------------------------------------------
 Index Scan using idx on public.t (actual rows=8192.00 loops=1)
   Output: a, b
   Index Cond: ((t.a >= '-11169'::integer) AND (t.a <= '-2978'::integer))
   Index Searches: 1
   Buffers: shared hit=8142
 Settings: enable_bitmapscan = 'off', enable_seqscan = 'off', max_parallel_workers_per_gather = '0'
 Planning:
   Buffers: shared hit=114
 Planning Time: 0.136 ms
 Execution Time: 0.894 ms
(10 rows)

