SET
SET
SET
SET
SET
                                                                    QUERY PLAN                                                                    
--------------------------------------------------------------------------------------------------------------------------------------------------
 Index Scan using idx on public.t (actual rows=4048576.00 loops=1)
   Output: a, b
   Index Cond: ((t.a >= '-4077413'::integer) AND (t.a <= '-28838'::integer))
   Index Searches: 1
   Prefetch: distance=263.667 count=4394696 stalls=1 skipped=38214 resets=0 ungets=384359 forwarded=2862
             histogram [2,4) => 2, [4,8) => 3, [8,16) => 12, [16,32) => 7, [32,64) => 2, [64,128) => 3, [128,256) => 691154, [256,512) => 3703513
   Buffers: shared hit=3817406 read=203949
 Settings: enable_bitmapscan = 'off', enable_seqscan = 'off', max_parallel_workers_per_gather = '0'
 Planning:
   Buffers: shared hit=78 read=27
 Planning Time: 2.299 ms
 Execution Time: 3895.217 ms
(12 rows)

SET
SET
SET
SET
SET
                                             QUERY PLAN                                             
----------------------------------------------------------------------------------------------------
 Index Scan using idx on public.t (actual rows=4048576.00 loops=1)
   Output: a, b
   Index Cond: ((t.a >= '-4077413'::integer) AND (t.a <= '-28838'::integer))
   Index Searches: 1
   Buffers: shared hit=4021430
 Settings: enable_bitmapscan = 'off', enable_seqscan = 'off', max_parallel_workers_per_gather = '0'
 Planning:
   Buffers: shared hit=110
 Planning Time: 0.321 ms
 Execution Time: 673.286 ms
(10 rows)

