SET
SET
SET
SET
SET
                                             QUERY PLAN                                             
----------------------------------------------------------------------------------------------------
 Index Scan Backward using idx on public.t (actual rows=2048.00 loops=1)
   Output: a, b
   Index Cond: ((t.a >= '-10552'::integer) AND (t.a <= '-10041'::integer))
   Index Searches: 1
   Prefetch: distance=2.127 count=142 stalls=1254 skipped=25 resets=0 ungets=0 forwarded=0
             histogram [2,4) => 136, [4,8) => 6
   Buffers: shared hit=1831 read=190
 Settings: enable_bitmapscan = 'off', enable_seqscan = 'off', max_parallel_workers_per_gather = '0'
 Planning:
   Buffers: shared hit=85 read=28
 Planning Time: 2.045 ms
 Execution Time: 6.231 ms
(12 rows)

SET
SET
SET
SET
SET
                                             QUERY PLAN                                             
----------------------------------------------------------------------------------------------------
 Index Scan Backward using idx on public.t (actual rows=2048.00 loops=1)
   Output: a, b
   Index Cond: ((t.a >= '-10552'::integer) AND (t.a <= '-10041'::integer))
   Index Searches: 1
   Buffers: shared hit=2021
 Settings: enable_bitmapscan = 'off', enable_seqscan = 'off', max_parallel_workers_per_gather = '0'
 Planning:
   Buffers: shared hit=118
 Planning Time: 0.180 ms
 Execution Time: 0.289 ms
(10 rows)

