SET
SET
SET
SET
SET
                                                                 QUERY PLAN                                                                 
--------------------------------------------------------------------------------------------------------------------------------------------
 Index Scan Backward using idx on public.t (actual rows=8192.00 loops=1)
   Output: a, b
   Index Cond: ((t.a >= '-22762'::integer) AND (t.a <= '-20715'::integer))
   Index Searches: 1
   Prefetch: distance=260.601 count=8227 stalls=1 skipped=113 resets=0 ungets=164 forwarded=0
             histogram [2,4) => 4, [4,8) => 5, [8,16) => 9, [16,32) => 8, [32,64) => 2, [64,128) => 3, [128,256) => 1756, [256,512) => 6440
   Buffers: shared hit=7609 read=489
 Settings: enable_bitmapscan = 'off', enable_seqscan = 'off', max_parallel_workers_per_gather = '0'
 Planning:
   Buffers: shared hit=85 read=28
 Planning Time: 1.829 ms
 Execution Time: 5.986 ms
(12 rows)

SET
SET
SET
SET
SET
                                             QUERY PLAN                                             
----------------------------------------------------------------------------------------------------
 Index Scan Backward using idx on public.t (actual rows=8192.00 loops=1)
   Output: a, b
   Index Cond: ((t.a >= '-22762'::integer) AND (t.a <= '-20715'::integer))
   Index Searches: 1
   Buffers: shared hit=8098
 Settings: enable_bitmapscan = 'off', enable_seqscan = 'off', max_parallel_workers_per_gather = '0'
 Planning:
   Buffers: shared hit=118
 Planning Time: 0.191 ms
 Execution Time: 1.435 ms
(10 rows)

