SET
SET
SET
SET
SET
                                                                 QUERY PLAN                                                                 
--------------------------------------------------------------------------------------------------------------------------------------------
 Index Scan using idx on public.t (actual rows=256.00 loops=1)
   Output: a, b
   Index Cond: ((t.a >= '-13774'::integer) AND (t.a <= '-13519'::integer))
   Index Searches: 1
   Prefetch: distance=162.661 count=183 stalls=1 skipped=1 resets=0 ungets=12 forwarded=0
             histogram [2,4) => 2, [4,8) => 10, [8,16) => 7, [16,32) => 16, [32,64) => 27, [64,128) => 22, [128,256) => 14, [256,512) => 85
   Buffers: shared hit=164 read=98
 Settings: enable_bitmapscan = 'off', enable_seqscan = 'off', max_parallel_workers_per_gather = '0'
 Planning:
   Buffers: shared hit=82 read=27
 Planning Time: 1.389 ms
 Execution Time: 5.075 ms
(12 rows)

SET
SET
SET
SET
SET
                                             QUERY PLAN                                             
----------------------------------------------------------------------------------------------------
 Index Scan using idx on public.t (actual rows=256.00 loops=1)
   Output: a, b
   Index Cond: ((t.a >= '-13774'::integer) AND (t.a <= '-13519'::integer))
   Index Searches: 1
   Buffers: shared hit=262
 Settings: enable_bitmapscan = 'off', enable_seqscan = 'off', max_parallel_workers_per_gather = '0'
 Planning:
   Buffers: shared hit=114
 Planning Time: 0.200 ms
 Execution Time: 0.156 ms
(10 rows)

