SET
SET
SET
SET
SET
                                             QUERY PLAN                                             
----------------------------------------------------------------------------------------------------
 Index Scan using idx on public.t (actual rows=512.00 loops=1)
   Output: a, b
   Index Cond: ((t.a >= '-17144'::integer) AND (t.a <= '-16633'::integer))
   Index Searches: 1
   Prefetch: distance=3.879 count=91 stalls=259 skipped=3 resets=0 ungets=0 forwarded=0
             histogram [2,4) => 56, [4,8) => 23, [8,16) => 12
   Buffers: shared hit=399 read=116
 Settings: enable_bitmapscan = 'off', enable_seqscan = 'off', max_parallel_workers_per_gather = '0'
 Planning:
   Buffers: shared hit=82 read=27
 Planning Time: 2.152 ms
 Execution Time: 8.012 ms
(12 rows)

SET
SET
SET
SET
SET
                                             QUERY PLAN                                             
----------------------------------------------------------------------------------------------------
 Index Scan using idx on public.t (actual rows=512.00 loops=1)
   Output: a, b
   Index Cond: ((t.a >= '-17144'::integer) AND (t.a <= '-16633'::integer))
   Index Searches: 1
   Buffers: shared hit=515
 Settings: enable_bitmapscan = 'off', enable_seqscan = 'off', max_parallel_workers_per_gather = '0'
 Planning:
   Buffers: shared hit=114
 Planning Time: 0.199 ms
 Execution Time: 0.205 ms
(10 rows)

