SET
SET
SET
SET
SET
                                                                   QUERY PLAN                                                                   
------------------------------------------------------------------------------------------------------------------------------------------------
 Index Scan using idx on public.t (actual rows=1024.00 loops=1)
   Output: a, b
   Index Cond: ((t.a >= '-14875'::integer) AND (t.a <= '-13852'::integer))
   Index Searches: 1
   Prefetch: distance=232.178 count=986 stalls=25 skipped=11 resets=0 ungets=84 forwarded=1
             histogram [2,4) => 24, [4,8) => 14, [8,16) => 10, [16,32) => 16, [32,64) => 24, [64,128) => 47, [128,256) => 164, [256,512) => 687
   Buffers: shared hit=877 read=143
 Settings: enable_bitmapscan = 'off', enable_seqscan = 'off', max_parallel_workers_per_gather = '0'
 Planning:
   Buffers: shared hit=82 read=27
 Planning Time: 2.173 ms
 Execution Time: 7.420 ms
(12 rows)

SET
SET
SET
SET
SET
                                             QUERY PLAN                                             
----------------------------------------------------------------------------------------------------
 Index Scan using idx on public.t (actual rows=1024.00 loops=1)
   Output: a, b
   Index Cond: ((t.a >= '-14875'::integer) AND (t.a <= '-13852'::integer))
   Index Searches: 1
   Buffers: shared hit=1020
 Settings: enable_bitmapscan = 'off', enable_seqscan = 'off', max_parallel_workers_per_gather = '0'
 Planning:
   Buffers: shared hit=114
 Planning Time: 0.201 ms
 Execution Time: 0.310 ms
(10 rows)

