SET
SET
SET
SET
SET
                                                                     QUERY PLAN                                                                     
----------------------------------------------------------------------------------------------------------------------------------------------------
 Index Scan using idx on public.t (actual rows=524288.00 loops=1)
   Output: a, b
   Index Cond: ((t.a >= 1983) AND (t.a <= 133054))
   Index Searches: 1
   Prefetch: distance=260.881 count=522724 stalls=4 skipped=7709 resets=0 ungets=6236 forwarded=386
             histogram [2,4) => 9, [4,8) => 17, [8,16) => 10, [16,32) => 16, [32,64) => 18, [64,128) => 8, [128,256) => 123602, [256,512) => 399044
   Buffers: shared hit=491515 read=25842
 Settings: enable_bitmapscan = 'off', enable_seqscan = 'off', max_parallel_workers_per_gather = '0'
 Planning:
   Buffers: shared hit=78 read=27
 Planning Time: 2.005 ms
 Execution Time: 180.587 ms
(12 rows)

SET
SET
SET
SET
SET
                                             QUERY PLAN                                             
----------------------------------------------------------------------------------------------------
 Index Scan using idx on public.t (actual rows=524288.00 loops=1)
   Output: a, b
   Index Cond: ((t.a >= 1983) AND (t.a <= 133054))
   Index Searches: 1
   Buffers: shared hit=517368
 Settings: enable_bitmapscan = 'off', enable_seqscan = 'off', max_parallel_workers_per_gather = '0'
 Planning:
   Buffers: shared hit=110
 Planning Time: 0.210 ms
 Execution Time: 82.978 ms
(10 rows)

