SET
SET
SET
SET
SET
                                                                   QUERY PLAN                                                                   
------------------------------------------------------------------------------------------------------------------------------------------------
 Index Scan using idx on public.t (actual rows=8192.00 loops=1)
   Output: a, b
   Index Cond: ((t.a >= '-10497'::integer) AND (t.a <= '-2306'::integer))
   Index Searches: 1
   Prefetch: distance=260.228 count=8760 stalls=5 skipped=84 resets=0 ungets=757 forwarded=2
             histogram [2,4) => 6, [4,8) => 6, [8,16) => 21, [16,32) => 22, [32,64) => 43, [64,128) => 41, [128,256) => 1342, [256,512) => 7279
   Buffers: shared hit=7635 read=502
 Settings: enable_bitmapscan = 'off', enable_seqscan = 'off', max_parallel_workers_per_gather = '0'
 Planning:
   Buffers: shared hit=82 read=27
 Planning Time: 2.210 ms
 Execution Time: 14.113 ms
(12 rows)

SET
SET
SET
SET
SET
                                             QUERY PLAN                                             
----------------------------------------------------------------------------------------------------
 Index Scan using idx on public.t (actual rows=8192.00 loops=1)
   Output: a, b
   Index Cond: ((t.a >= '-10497'::integer) AND (t.a <= '-2306'::integer))
   Index Searches: 1
   Buffers: shared hit=8137
 Settings: enable_bitmapscan = 'off', enable_seqscan = 'off', max_parallel_workers_per_gather = '0'
 Planning:
   Buffers: shared hit=114
 Planning Time: 0.182 ms
 Execution Time: 1.113 ms
(10 rows)

