SET
SET
SET
SET
SET
                                                                     QUERY PLAN                                                                     
----------------------------------------------------------------------------------------------------------------------------------------------------
 Index Scan Backward using idx on public.t (actual rows=524288.00 loops=1)
   Output: a, b
   Index Cond: ((t.a >= '-162625'::integer) AND (t.a <= '-31554'::integer))
   Index Searches: 1
   Prefetch: distance=260.793 count=523103 stalls=4 skipped=7625 resets=0 ungets=6523 forwarded=0
             histogram [2,4) => 2, [4,8) => 9, [8,16) => 17, [16,32) => 18, [32,64) => 31, [64,128) => 24, [128,256) => 124827, [256,512) => 398175
   Buffers: shared hit=491611 read=25843
 Settings: enable_bitmapscan = 'off', enable_seqscan = 'off', max_parallel_workers_per_gather = '0'
 Planning:
   Buffers: shared hit=81 read=28
 Planning Time: 2.052 ms
 Execution Time: 222.583 ms
(12 rows)

SET
SET
SET
SET
SET
                                             QUERY PLAN                                             
----------------------------------------------------------------------------------------------------
 Index Scan Backward using idx on public.t (actual rows=524288.00 loops=1)
   Output: a, b
   Index Cond: ((t.a >= '-162625'::integer) AND (t.a <= '-31554'::integer))
   Index Searches: 1
   Buffers: shared hit=517454
 Settings: enable_bitmapscan = 'off', enable_seqscan = 'off', max_parallel_workers_per_gather = '0'
 Planning:
   Buffers: shared hit=114
 Planning Time: 0.201 ms
 Execution Time: 84.707 ms
(10 rows)

