SET
SET
SET
SET
SET
                                             QUERY PLAN                                             
----------------------------------------------------------------------------------------------------
 Index Scan using idx on public.t (actual rows=4096.00 loops=1)
   Output: a, b
   Index Cond: ((t.a >= '-8797'::integer) AND (t.a <= '-4702'::integer))
   Index Searches: 1
   Prefetch: distance=2.031 count=382 stalls=3441 skipped=43 resets=0 ungets=0 forwarded=0
             histogram [2,4) => 378, [4,8) => 4
   Buffers: shared hit=3769 read=299
 Settings: enable_bitmapscan = 'off', enable_seqscan = 'off', max_parallel_workers_per_gather = '0'
 Planning:
   Buffers: shared hit=82 read=27
 Planning Time: 2.224 ms
 Execution Time: 18.901 ms
(12 rows)

SET
SET
SET
SET
SET
                                             QUERY PLAN                                             
----------------------------------------------------------------------------------------------------
 Index Scan using idx on public.t (actual rows=4096.00 loops=1)
   Output: a, b
   Index Cond: ((t.a >= '-8797'::integer) AND (t.a <= '-4702'::integer))
   Index Searches: 1
   Buffers: shared hit=4068
 Settings: enable_bitmapscan = 'off', enable_seqscan = 'off', max_parallel_workers_per_gather = '0'
 Planning:
   Buffers: shared hit=114
 Planning Time: 0.203 ms
 Execution Time: 0.836 ms
(10 rows)

