SET
SET
SET
SET
SET
                                                                    QUERY PLAN                                                                     
---------------------------------------------------------------------------------------------------------------------------------------------------
 Index Scan using idx on public.t (actual rows=8048576.00 loops=1)
   Output: a, b
   Index Cond: ((t.a >= '-8070864'::integer) AND (t.a <= '-22289'::integer))
   Index Searches: 1
   Prefetch: distance=263.688 count=8738407 stalls=1 skipped=75665 resets=0 ungets=765546 forwarded=5739
             histogram [2,4) => 2, [4,8) => 6, [8,16) => 9, [16,32) => 20, [32,64) => 5, [64,128) => 2, [128,256) => 1366186, [256,512) => 7372177
   Buffers: shared hit=7589397 read=405352
 Settings: enable_bitmapscan = 'off', enable_seqscan = 'off', max_parallel_workers_per_gather = '0'
 Planning:
   Buffers: shared hit=78 read=27
 Planning Time: 2.285 ms
 Execution Time: 7917.830 ms
(12 rows)

SET
SET
SET
SET
SET
                                             QUERY PLAN                                             
----------------------------------------------------------------------------------------------------
 Index Scan using idx on public.t (actual rows=8048576.00 loops=1)
   Output: a, b
   Index Cond: ((t.a >= '-8070864'::integer) AND (t.a <= '-22289'::integer))
   Index Searches: 1
   Buffers: shared hit=7994908
 Settings: enable_bitmapscan = 'off', enable_seqscan = 'off', max_parallel_workers_per_gather = '0'
 Planning:
   Buffers: shared hit=110
 Planning Time: 0.315 ms
 Execution Time: 1338.897 ms
(10 rows)

