SET
SET
SET
SET
SET
                                                                      QUERY PLAN                                                                      
------------------------------------------------------------------------------------------------------------------------------------------------------
 Index Scan Backward using idx on public.t (actual rows=1048576.00 loops=1)
   Output: a, b
   Index Cond: ((t.a >= '-266804'::integer) AND (t.a <= '-4661'::integer))
   Index Searches: 1
   Prefetch: distance=260.804 count=1045088 stalls=16 skipped=15504 resets=0 ungets=12135 forwarded=0
             histogram [2,4) => 28, [4,8) => 21, [8,16) => 10, [16,32) => 16, [32,64) => 28, [64,128) => 47, [128,256) => 249039, [256,512) => 795899
   Buffers: shared hit=983057 read=51590
 Settings: enable_bitmapscan = 'off', enable_seqscan = 'off', max_parallel_workers_per_gather = '0'
 Planning:
   Buffers: shared hit=81 read=28
 Planning Time: 2.086 ms
 Execution Time: 437.115 ms
(12 rows)

SET
SET
SET
SET
SET
                                             QUERY PLAN                                             
----------------------------------------------------------------------------------------------------
 Index Scan Backward using idx on public.t (actual rows=1048576.00 loops=1)
   Output: a, b
   Index Cond: ((t.a >= '-266804'::integer) AND (t.a <= '-4661'::integer))
   Index Searches: 1
   Buffers: shared hit=1034647
 Settings: enable_bitmapscan = 'off', enable_seqscan = 'off', max_parallel_workers_per_gather = '0'
 Planning:
   Buffers: shared hit=114
 Planning Time: 0.198 ms
 Execution Time: 163.004 ms
(10 rows)

