SET
SET
SET
SET
SET
                                             QUERY PLAN                                             
----------------------------------------------------------------------------------------------------
 Index Scan Backward using idx on public.t (actual rows=2048.00 loops=1)
   Output: a, b
   Index Cond: ((t.a >= '-4561'::integer) AND (t.a <= '-2514'::integer))
   Index Searches: 1
   Prefetch: distance=2.138 count=203 stalls=1636 skipped=13 resets=0 ungets=0 forwarded=0
             histogram [2,4) => 194, [4,8) => 9
   Buffers: shared hit=1853 read=192
 Settings: enable_bitmapscan = 'off', enable_seqscan = 'off', max_parallel_workers_per_gather = '0'
 Planning:
   Buffers: shared hit=86 read=27
 Planning Time: 2.007 ms
 Execution Time: 6.849 ms
(12 rows)

SET
SET
SET
SET
SET
                                             QUERY PLAN                                             
----------------------------------------------------------------------------------------------------
 Index Scan Backward using idx on public.t (actual rows=2048.00 loops=1)
   Output: a, b
   Index Cond: ((t.a >= '-4561'::integer) AND (t.a <= '-2514'::integer))
   Index Searches: 1
   Buffers: shared hit=2045
 Settings: enable_bitmapscan = 'off', enable_seqscan = 'off', max_parallel_workers_per_gather = '0'
 Planning:
   Buffers: shared hit=118
 Planning Time: 0.189 ms
 Execution Time: 0.292 ms
(10 rows)

