SET
SET
SET
SET
SET
                                                                   QUERY PLAN                                                                   
------------------------------------------------------------------------------------------------------------------------------------------------
 Index Scan Backward using idx on public.t (actual rows=1024.00 loops=1)
   Output: a, b
   Index Cond: ((t.a >= '-33631'::integer) AND (t.a <= '-32608'::integer))
   Index Searches: 1
   Prefetch: distance=221.692 count=949 stalls=12 skipped=6 resets=0 ungets=57 forwarded=0
             histogram [2,4) => 16, [4,8) => 26, [8,16) => 27, [16,32) => 26, [32,64) => 29, [64,128) => 38, [128,256) => 213, [256,512) => 574
   Buffers: shared hit=880 read=146
 Settings: enable_bitmapscan = 'off', enable_seqscan = 'off', max_parallel_workers_per_gather = '0'
 Planning:
   Buffers: shared hit=86 read=27
 Planning Time: 2.017 ms
 Execution Time: 5.482 ms
(12 rows)

SET
SET
SET
SET
SET
                                             QUERY PLAN                                             
----------------------------------------------------------------------------------------------------
 Index Scan Backward using idx on public.t (actual rows=1024.00 loops=1)
   Output: a, b
   Index Cond: ((t.a >= '-33631'::integer) AND (t.a <= '-32608'::integer))
   Index Searches: 1
   Buffers: shared hit=1026
 Settings: enable_bitmapscan = 'off', enable_seqscan = 'off', max_parallel_workers_per_gather = '0'
 Planning:
   Buffers: shared hit=118
 Planning Time: 0.204 ms
 Execution Time: 0.342 ms
(10 rows)

