SET
SET
SET
SET
SET
                                                                 QUERY PLAN                                                                  
---------------------------------------------------------------------------------------------------------------------------------------------
 Index Scan Backward using idx on public.t (actual rows=512.00 loops=1)
   Output: a, b
   Index Cond: ((t.a >= '-22530'::integer) AND (t.a <= '-22019'::integer))
   Index Searches: 1
   Prefetch: distance=215.502 count=444 stalls=13 skipped=1 resets=0 ungets=35 forwarded=0
             histogram [2,4) => 10, [4,8) => 7, [8,16) => 9, [16,32) => 17, [32,64) => 27, [64,128) => 25, [128,256) => 71, [256,512) => 278
   Buffers: shared hit=398 read=120
 Settings: enable_bitmapscan = 'off', enable_seqscan = 'off', max_parallel_workers_per_gather = '0'
 Planning:
   Buffers: shared hit=86 read=27
 Planning Time: 2.031 ms
 Execution Time: 4.776 ms
(12 rows)

SET
SET
SET
SET
SET
                                             QUERY PLAN                                             
----------------------------------------------------------------------------------------------------
 Index Scan Backward using idx on public.t (actual rows=512.00 loops=1)
   Output: a, b
   Index Cond: ((t.a >= '-22530'::integer) AND (t.a <= '-22019'::integer))
   Index Searches: 1
   Buffers: shared hit=518
 Settings: enable_bitmapscan = 'off', enable_seqscan = 'off', max_parallel_workers_per_gather = '0'
 Planning:
   Buffers: shared hit=118
 Planning Time: 0.142 ms
 Execution Time: 0.128 ms
(10 rows)

