SET
SET
SET
SET
SET
                                                                     QUERY PLAN                                                                     
----------------------------------------------------------------------------------------------------------------------------------------------------
 Index Scan Backward using idx on public.t (actual rows=2048576.00 loops=1)
   Output: a, b
   Index Cond: ((t.a >= '-2069503'::integer) AND (t.a <= '-20928'::integer))
   Index Searches: 1
   Prefetch: distance=262.331 count=2198189 stalls=3 skipped=19117 resets=0 ungets=168815 forwarded=1125
             histogram [2,4) => 6, [4,8) => 9, [8,16) => 14, [16,32) => 16, [32,64) => 17, [64,128) => 2, [128,256) => 435438, [256,512) => 1762687
   Buffers: shared hit=1931774 read=103240
 Settings: enable_bitmapscan = 'off', enable_seqscan = 'off', max_parallel_workers_per_gather = '0'
 Planning:
   Buffers: shared hit=82 read=27
 Planning Time: 2.164 ms
 Execution Time: 1093.970 ms
(12 rows)

SET
SET
SET
SET
SET
                                             QUERY PLAN                                             
----------------------------------------------------------------------------------------------------
 Index Scan Backward using idx on public.t (actual rows=2048576.00 loops=1)
   Output: a, b
   Index Cond: ((t.a >= '-2069503'::integer) AND (t.a <= '-20928'::integer))
   Index Searches: 1
   Buffers: shared hit=2035062
 Settings: enable_bitmapscan = 'off', enable_seqscan = 'off', max_parallel_workers_per_gather = '0'
 Planning:
   Buffers: shared hit=114
 Planning Time: 0.237 ms
 Execution Time: 329.048 ms
(10 rows)

