SET
SET
SET
SET
SET
                                                                     QUERY PLAN                                                                      
-----------------------------------------------------------------------------------------------------------------------------------------------------
 Index Scan Backward using idx on public.t (actual rows=262144.00 loops=1)
   Output: a, b
   Index Cond: ((t.a >= '-280454'::integer) AND (t.a <= '-18311'::integer))
   Index Searches: 1
   Prefetch: distance=262.366 count=281432 stalls=23 skipped=2480 resets=0 ungets=21928 forwarded=139
             histogram [2,4) => 16, [4,8) => 18, [8,16) => 10, [16,32) => 43, [32,64) => 43, [64,128) => 54, [128,256) => 54505, [256,512) => 226743
   Buffers: shared hit=247089 read=13291
 Settings: enable_bitmapscan = 'off', enable_seqscan = 'off', max_parallel_workers_per_gather = '0'
 Planning:
   Buffers: shared hit=82 read=27
 Planning Time: 2.179 ms
 Execution Time: 150.976 ms
(12 rows)

SET
SET
SET
SET
SET
                                             QUERY PLAN                                             
----------------------------------------------------------------------------------------------------
 Index Scan Backward using idx on public.t (actual rows=262144.00 loops=1)
   Output: a, b
   Index Cond: ((t.a >= '-280454'::integer) AND (t.a <= '-18311'::integer))
   Index Searches: 1
   Buffers: shared hit=260385
 Settings: enable_bitmapscan = 'off', enable_seqscan = 'off', max_parallel_workers_per_gather = '0'
 Planning:
   Buffers: shared hit=114
 Planning Time: 0.199 ms
 Execution Time: 41.352 ms
(10 rows)

