SET
SET
SET
SET
SET
                                                                  QUERY PLAN                                                                   
-----------------------------------------------------------------------------------------------------------------------------------------------
 Index Scan Backward using idx on public.t (actual rows=65536.00 loops=1)
   Output: a, b
   Index Cond: ((t.a >= '-68223'::integer) AND (t.a <= '-2688'::integer))
   Index Searches: 1
   Prefetch: distance=262.237 count=70353 stalls=2 skipped=579 resets=0 ungets=5420 forwarded=25
             histogram [2,4) => 2, [4,8) => 4, [8,16) => 8, [16,32) => 10, [32,64) => 6, [64,128) => 2, [128,256) => 13963, [256,512) => 56358
   Buffers: shared hit=61749 read=3393
 Settings: enable_bitmapscan = 'off', enable_seqscan = 'off', max_parallel_workers_per_gather = '0'
 Planning:
   Buffers: shared hit=86 read=27
 Planning Time: 2.153 ms
 Execution Time: 36.927 ms
(12 rows)

SET
SET
SET
SET
SET
                                             QUERY PLAN                                             
----------------------------------------------------------------------------------------------------
 Index Scan Backward using idx on public.t (actual rows=65536.00 loops=1)
   Output: a, b
   Index Cond: ((t.a >= '-68223'::integer) AND (t.a <= '-2688'::integer))
   Index Searches: 1
   Buffers: shared hit=65142
 Settings: enable_bitmapscan = 'off', enable_seqscan = 'off', max_parallel_workers_per_gather = '0'
 Planning:
   Buffers: shared hit=118
 Planning Time: 0.213 ms
 Execution Time: 10.299 ms
(10 rows)

