SET
SET
SET
SET
SET
                                             QUERY PLAN                                             
----------------------------------------------------------------------------------------------------
 Index Scan Backward using idx on public.t (actual rows=1024.00 loops=1)
   Output: a, b
   Index Cond: ((t.a >= '-19870'::integer) AND (t.a <= '-18847'::integer))
   Index Searches: 1
   Prefetch: distance=2.083 count=72 stalls=610 skipped=9 resets=0 ungets=0 forwarded=0
             histogram [2,4) => 70, [4,8) => 2
   Buffers: shared hit=875 read=144
 Settings: enable_bitmapscan = 'off', enable_seqscan = 'off', max_parallel_workers_per_gather = '0'
 Planning:
   Buffers: shared hit=86 read=27
 Planning Time: 2.164 ms
 Execution Time: 6.343 ms
(12 rows)

SET
SET
SET
SET
SET
                                             QUERY PLAN                                             
----------------------------------------------------------------------------------------------------
 Index Scan Backward using idx on public.t (actual rows=1024.00 loops=1)
   Output: a, b
   Index Cond: ((t.a >= '-19870'::integer) AND (t.a <= '-18847'::integer))
   Index Searches: 1
   Buffers: shared hit=1019
 Settings: enable_bitmapscan = 'off', enable_seqscan = 'off', max_parallel_workers_per_gather = '0'
 Planning:
   Buffers: shared hit=118
 Planning Time: 0.157 ms
 Execution Time: 0.185 ms
(10 rows)

