SET
SET
SET
SET
SET
                                                                   QUERY PLAN                                                                   
------------------------------------------------------------------------------------------------------------------------------------------------
 Index Scan Backward using idx on public.t (actual rows=4096.00 loops=1)
   Output: a, b
   Index Cond: ((t.a >= '-13645'::integer) AND (t.a <= '-9550'::integer))
   Index Searches: 1
   Prefetch: distance=256.672 count=4276 stalls=1 skipped=31 resets=0 ungets=326 forwarded=1
             histogram [2,4) => 2, [4,8) => 12, [8,16) => 12, [16,32) => 22, [32,64) => 28, [64,128) => 33, [128,256) => 802, [256,512) => 3365
   Buffers: shared hit=3785 read=297
 Settings: enable_bitmapscan = 'off', enable_seqscan = 'off', max_parallel_workers_per_gather = '0'
 Planning:
   Buffers: shared hit=86 read=27
 Planning Time: 2.175 ms
 Execution Time: 7.416 ms
(12 rows)

SET
SET
SET
SET
SET
                                             QUERY PLAN                                             
----------------------------------------------------------------------------------------------------
 Index Scan Backward using idx on public.t (actual rows=4096.00 loops=1)
   Output: a, b
   Index Cond: ((t.a >= '-13645'::integer) AND (t.a <= '-9550'::integer))
   Index Searches: 1
   Buffers: shared hit=4082
 Settings: enable_bitmapscan = 'off', enable_seqscan = 'off', max_parallel_workers_per_gather = '0'
 Planning:
   Buffers: shared hit=118
 Planning Time: 0.184 ms
 Execution Time: 0.989 ms
(10 rows)

