SET
SET
SET
SET
SET
                                                                   QUERY PLAN                                                                   
------------------------------------------------------------------------------------------------------------------------------------------------
 Index Scan Backward using idx on public.t (actual rows=8192.00 loops=1)
   Output: a, b
   Index Cond: ((t.a >= '-40479'::integer) AND (t.a <= '-32288'::integer))
   Index Searches: 1
   Prefetch: distance=259.872 count=8732 stalls=7 skipped=53 resets=0 ungets=668 forwarded=7
             histogram [2,4) => 8, [4,8) => 6, [8,16) => 11, [16,32) => 14, [32,64) => 31, [64,128) => 11, [128,256) => 1792, [256,512) => 6859
   Buffers: shared hit=7662 read=504
 Settings: enable_bitmapscan = 'off', enable_seqscan = 'off', max_parallel_workers_per_gather = '0'
 Planning:
   Buffers: shared hit=86 read=27
 Planning Time: 2.175 ms
 Execution Time: 9.302 ms
(12 rows)

SET
SET
SET
SET
SET
                                             QUERY PLAN                                             
----------------------------------------------------------------------------------------------------
 Index Scan Backward using idx on public.t (actual rows=8192.00 loops=1)
   Output: a, b
   Index Cond: ((t.a >= '-40479'::integer) AND (t.a <= '-32288'::integer))
   Index Searches: 1
   Buffers: shared hit=8166
 Settings: enable_bitmapscan = 'off', enable_seqscan = 'off', max_parallel_workers_per_gather = '0'
 Planning:
   Buffers: shared hit=118
 Planning Time: 0.200 ms
 Execution Time: 1.476 ms
(10 rows)

