SET
SET
SET
SET
SET
                                             QUERY PLAN                                             
----------------------------------------------------------------------------------------------------
 Index Scan Backward using idx on public.t (actual rows=512.00 loops=1)
   Output: a, b
   Index Cond: ((t.a >= '-1929'::integer) AND (t.a <= '-1418'::integer))
   Index Searches: 1
   Prefetch: distance=2.000 count=40 stalls=275 skipped=3 resets=0 ungets=0 forwarded=0
             histogram [2,4) => 40
   Buffers: shared hit=403 read=113
 Settings: enable_bitmapscan = 'off', enable_seqscan = 'off', max_parallel_workers_per_gather = '0'
 Planning:
   Buffers: shared hit=86 read=27
 Planning Time: 2.156 ms
 Execution Time: 5.508 ms
(12 rows)

SET
SET
SET
SET
SET
                                             QUERY PLAN                                             
----------------------------------------------------------------------------------------------------
 Index Scan Backward using idx on public.t (actual rows=512.00 loops=1)
   Output: a, b
   Index Cond: ((t.a >= '-1929'::integer) AND (t.a <= '-1418'::integer))
   Index Searches: 1
   Buffers: shared hit=516
 Settings: enable_bitmapscan = 'off', enable_seqscan = 'off', max_parallel_workers_per_gather = '0'
 Planning:
   Buffers: shared hit=118
 Planning Time: 0.180 ms
 Execution Time: 0.141 ms
(10 rows)

