SET
SET
SET
SET
SET
                                                                    QUERY PLAN                                                                     
---------------------------------------------------------------------------------------------------------------------------------------------------
 Index Scan Backward using idx on public.t (actual rows=524288.00 loops=1)
   Output: a, b
   Index Cond: ((t.a >= '-524764'::integer) AND (t.a <= '-477'::integer))
   Index Searches: 1
   Prefetch: distance=262.398 count=562727 stalls=1 skipped=4969 resets=0 ungets=43446 forwarded=301
             histogram [2,4) => 6, [4,8) => 6, [8,16) => 12, [16,32) => 10, [32,64) => 22, [64,128) => 3, [128,256) => 110140, [256,512) => 452528
   Buffers: shared hit=494278 read=26465
 Settings: enable_bitmapscan = 'off', enable_seqscan = 'off', max_parallel_workers_per_gather = '0'
 Planning:
   Buffers: shared hit=82 read=27
 Planning Time: 2.182 ms
 Execution Time: 290.041 ms
(12 rows)

SET
SET
SET
SET
SET
                                             QUERY PLAN                                             
----------------------------------------------------------------------------------------------------
 Index Scan Backward using idx on public.t (actual rows=524288.00 loops=1)
   Output: a, b
   Index Cond: ((t.a >= '-524764'::integer) AND (t.a <= '-477'::integer))
   Index Searches: 1
   Buffers: shared hit=520757
 Settings: enable_bitmapscan = 'off', enable_seqscan = 'off', max_parallel_workers_per_gather = '0'
 Planning:
   Buffers: shared hit=114
 Planning Time: 0.231 ms
 Execution Time: 85.536 ms
(10 rows)

