SET
SET
SET
SET
SET
                                                                   QUERY PLAN                                                                   
------------------------------------------------------------------------------------------------------------------------------------------------
 Index Scan Backward using idx on public.t (actual rows=262144.00 loops=1)
   Output: a, b
   Index Cond: ((t.a >= '-278358'::integer) AND (t.a <= '-16215'::integer))
   Index Searches: 1
   Prefetch: distance=262.369 count=281430 stalls=5 skipped=2477 resets=0 ungets=21805 forwarded=137
             histogram [2,4) => 4, [4,8) => 10, [8,16) => 8, [16,32) => 9, [32,64) => 7, [64,128) => 2, [128,256) => 55146, [256,512) => 226244
   Buffers: shared hit=247089 read=13296
 Settings: enable_bitmapscan = 'off', enable_seqscan = 'off', max_parallel_workers_per_gather = '0'
 Planning:
   Buffers: shared hit=82 read=27
 Planning Time: 2.213 ms
 Execution Time: 142.783 ms
(12 rows)

SET
SET
SET
SET
SET
                                             QUERY PLAN                                             
----------------------------------------------------------------------------------------------------
 Index Scan Backward using idx on public.t (actual rows=262144.00 loops=1)
   Output: a, b
   Index Cond: ((t.a >= '-278358'::integer) AND (t.a <= '-16215'::integer))
   Index Searches: 1
   Buffers: shared hit=260390
 Settings: enable_bitmapscan = 'off', enable_seqscan = 'off', max_parallel_workers_per_gather = '0'
 Planning:
   Buffers: shared hit=114
 Planning Time: 0.184 ms
 Execution Time: 40.933 ms
(10 rows)

