SET
SET
SET
SET
SET
                                                                    QUERY PLAN                                                                     
---------------------------------------------------------------------------------------------------------------------------------------------------
 Index Scan Backward using idx on public.t (actual rows=5048576.00 loops=1)
   Output: a, b
   Index Cond: ((t.a >= '-5057851'::integer) AND (t.a <= '-9276'::integer))
   Index Searches: 1
   Prefetch: distance=262.332 count=5415781 stalls=1 skipped=47624 resets=0 ungets=414852 forwarded=2649
             histogram [2,4) => 4, [4,8) => 5, [8,16) => 6, [16,32) => 14, [32,64) => 4, [64,128) => 2, [128,256) => 1074221, [256,512) => 4341525
   Buffers: shared hit=4760358 read=254297
 Settings: enable_bitmapscan = 'off', enable_seqscan = 'off', max_parallel_workers_per_gather = '0'
 Planning:
   Buffers: shared hit=82 read=27
 Planning Time: 2.161 ms
 Execution Time: 2691.739 ms
(12 rows)

SET
SET
SET
SET
SET
                                             QUERY PLAN                                             
----------------------------------------------------------------------------------------------------
 Index Scan Backward using idx on public.t (actual rows=5048576.00 loops=1)
   Output: a, b
   Index Cond: ((t.a >= '-5057851'::integer) AND (t.a <= '-9276'::integer))
   Index Searches: 1
   Buffers: shared hit=5014751
 Settings: enable_bitmapscan = 'off', enable_seqscan = 'off', max_parallel_workers_per_gather = '0'
 Planning:
   Buffers: shared hit=114
 Planning Time: 0.237 ms
 Execution Time: 803.836 ms
(10 rows)

