SET
SET
SET
SET
SET
                                                                      QUERY PLAN                                                                      
------------------------------------------------------------------------------------------------------------------------------------------------------
 Index Scan Backward using idx on public.t (actual rows=3048576.00 loops=1)
   Output: a, b
   Index Cond: ((t.a >= '-3063273'::integer) AND (t.a <= '-14698'::integer))
   Index Searches: 1
   Prefetch: distance=262.316 count=3270635 stalls=6 skipped=28579 resets=0 ungets=250734 forwarded=1610
             histogram [2,4) => 12, [4,8) => 14, [8,16) => 27, [16,32) => 17, [32,64) => 14, [64,128) => 5, [128,256) => 650419, [256,512) => 2620127
   Buffers: shared hit=2874676 read=153594
 Settings: enable_bitmapscan = 'off', enable_seqscan = 'off', max_parallel_workers_per_gather = '0'
 Planning:
   Buffers: shared hit=82 read=27
 Planning Time: 2.164 ms
 Execution Time: 1623.142 ms
(12 rows)

SET
SET
SET
SET
SET
                                             QUERY PLAN                                             
----------------------------------------------------------------------------------------------------
 Index Scan Backward using idx on public.t (actual rows=3048576.00 loops=1)
   Output: a, b
   Index Cond: ((t.a >= '-3063273'::integer) AND (t.a <= '-14698'::integer))
   Index Searches: 1
   Buffers: shared hit=3028333
 Settings: enable_bitmapscan = 'off', enable_seqscan = 'off', max_parallel_workers_per_gather = '0'
 Planning:
   Buffers: shared hit=114
 Planning Time: 0.213 ms
 Execution Time: 492.780 ms
(10 rows)

