SET
SET
SET
SET
SET
                                                                    QUERY PLAN                                                                    
--------------------------------------------------------------------------------------------------------------------------------------------------
 Index Scan Backward using idx on public.t (actual rows=4048576.00 loops=1)
   Output: a, b
   Index Cond: ((t.a >= '-4059701'::integer) AND (t.a <= '-11126'::integer))
   Index Searches: 1
   Prefetch: distance=262.313 count=4342997 stalls=1 skipped=38206 resets=0 ungets=332630 forwarded=2100
             histogram [2,4) => 2, [4,8) => 4, [8,16) => 11, [16,32) => 5, [32,64) => 2, [64,128) => 2, [128,256) => 865203, [256,512) => 3477768
   Buffers: shared hit=3817404 read=203947
 Settings: enable_bitmapscan = 'off', enable_seqscan = 'off', max_parallel_workers_per_gather = '0'
 Planning:
   Buffers: shared hit=82 read=27
 Planning Time: 2.157 ms
 Execution Time: 2220.182 ms
(12 rows)

SET
SET
SET
SET
SET
                                             QUERY PLAN                                             
----------------------------------------------------------------------------------------------------
 Index Scan Backward using idx on public.t (actual rows=4048576.00 loops=1)
   Output: a, b
   Index Cond: ((t.a >= '-4059701'::integer) AND (t.a <= '-11126'::integer))
   Index Searches: 1
   Buffers: shared hit=4021438
 Settings: enable_bitmapscan = 'off', enable_seqscan = 'off', max_parallel_workers_per_gather = '0'
 Planning:
   Buffers: shared hit=114
 Planning Time: 0.239 ms
 Execution Time: 657.476 ms
(10 rows)

