SET
SET
SET
SET
SET
                                                                       QUERY PLAN                                                                       
--------------------------------------------------------------------------------------------------------------------------------------------------------
 Index Scan Backward using idx on public.t (actual rows=6048576.00 loops=1)
   Output: a, b
   Index Cond: ((t.a >= '-6070236'::integer) AND (t.a <= '-21661'::integer))
   Index Searches: 1
   Prefetch: distance=262.332 count=6489242 stalls=14 skipped=57024 resets=0 ungets=497785 forwarded=3205
             histogram [2,4) => 10, [4,8) => 19, [8,16) => 18, [16,32) => 14, [32,64) => 30, [64,128) => 22, [128,256) => 1288628, [256,512) => 5200501
   Buffers: shared hit=5703310 read=304651
 Settings: enable_bitmapscan = 'off', enable_seqscan = 'off', max_parallel_workers_per_gather = '0'
 Planning:
   Buffers: shared hit=82 read=27
 Planning Time: 2.178 ms
 Execution Time: 3206.860 ms
(12 rows)

SET
SET
SET
SET
SET
                                             QUERY PLAN                                             
----------------------------------------------------------------------------------------------------
 Index Scan Backward using idx on public.t (actual rows=6048576.00 loops=1)
   Output: a, b
   Index Cond: ((t.a >= '-6070236'::integer) AND (t.a <= '-21661'::integer))
   Index Searches: 1
   Buffers: shared hit=6008083
 Settings: enable_bitmapscan = 'off', enable_seqscan = 'off', max_parallel_workers_per_gather = '0'
 Planning:
   Buffers: shared hit=114
 Planning Time: 0.248 ms
 Execution Time: 967.153 ms
(10 rows)

