SET
SET
SET
SET
SET
                                                                QUERY PLAN                                                                
------------------------------------------------------------------------------------------------------------------------------------------
 Index Scan Backward using idx on public.t (actual rows=512.00 loops=1)
   Output: a, b
   Index Cond: ((t.a >= '-9774'::integer) AND (t.a <= '-9263'::integer))
   Index Searches: 1
   Prefetch: distance=250.580 count=557 stalls=2 skipped=3 resets=0 ungets=85 forwarded=1
             histogram [2,4) => 4, [4,8) => 3, [8,16) => 9, [16,32) => 9, [32,64) => 14, [64,128) => 2, [128,256) => 11, [256,512) => 505
   Buffers: shared hit=397 read=118
 Settings: enable_bitmapscan = 'off', enable_seqscan = 'off', max_parallel_workers_per_gather = '0'
 Planning:
   Buffers: shared hit=86 read=27
 Planning Time: 2.270 ms
 Execution Time: 4.458 ms
(12 rows)

SET
SET
SET
SET
SET
                                             QUERY PLAN                                             
----------------------------------------------------------------------------------------------------
 Index Scan Backward using idx on public.t (actual rows=512.00 loops=1)
   Output: a, b
   Index Cond: ((t.a >= '-9774'::integer) AND (t.a <= '-9263'::integer))
   Index Searches: 1
   Buffers: shared hit=515
 Settings: enable_bitmapscan = 'off', enable_seqscan = 'off', max_parallel_workers_per_gather = '0'
 Planning:
   Buffers: shared hit=118
 Planning Time: 0.157 ms
 Execution Time: 0.126 ms
(10 rows)

