SET
SET
SET
SET
SET
                                                                QUERY PLAN                                                                
------------------------------------------------------------------------------------------------------------------------------------------
 Index Scan Backward using idx on public.t (actual rows=1024.00 loops=1)
   Output: a, b
   Index Cond: ((t.a >= '-23097'::integer) AND (t.a <= '-22074'::integer))
   Index Searches: 1
   Prefetch: distance=257.997 count=1117 stalls=2 skipped=7 resets=0 ungets=136 forwarded=0
             histogram [2,4) => 8, [4,8) => 5, [8,16) => 5, [16,32) => 10, [32,64) => 5, [64,128) => 2, [128,256) => 89, [256,512) => 993
   Buffers: shared hit=878 read=148
 Settings: enable_bitmapscan = 'off', enable_seqscan = 'off', max_parallel_workers_per_gather = '0'
 Planning:
   Buffers: shared hit=86 read=27
 Planning Time: 2.224 ms
 Execution Time: 4.687 ms
(12 rows)

SET
SET
SET
SET
SET
                                             QUERY PLAN                                             
----------------------------------------------------------------------------------------------------
 Index Scan Backward using idx on public.t (actual rows=1024.00 loops=1)
   Output: a, b
   Index Cond: ((t.a >= '-23097'::integer) AND (t.a <= '-22074'::integer))
   Index Searches: 1
   Buffers: shared hit=1026
 Settings: enable_bitmapscan = 'off', enable_seqscan = 'off', max_parallel_workers_per_gather = '0'
 Planning:
   Buffers: shared hit=118
 Planning Time: 0.167 ms
 Execution Time: 0.190 ms
(10 rows)

