SET
SET
SET
SET
SET
                                                                  QUERY PLAN                                                                   
-----------------------------------------------------------------------------------------------------------------------------------------------
 Index Scan Backward using idx on public.t (actual rows=16384.00 loops=1)
   Output: a, b
   Index Cond: ((t.a >= '-31838'::integer) AND (t.a <= '-15455'::integer))
   Index Searches: 1
   Prefetch: distance=261.957 count=17571 stalls=1 skipped=134 resets=0 ungets=1387 forwarded=9
             histogram [2,4) => 4, [4,8) => 6, [8,16) => 6, [16,32) => 19, [32,64) => 14, [64,128) => 3, [128,256) => 3262, [256,512) => 14257
   Buffers: shared hit=15387 read=914
 Settings: enable_bitmapscan = 'off', enable_seqscan = 'off', max_parallel_workers_per_gather = '0'
 Planning:
   Buffers: shared hit=86 read=27
 Planning Time: 2.174 ms
 Execution Time: 12.569 ms
(12 rows)

SET
SET
SET
SET
SET
                                             QUERY PLAN                                             
----------------------------------------------------------------------------------------------------
 Index Scan Backward using idx on public.t (actual rows=16384.00 loops=1)
   Output: a, b
   Index Cond: ((t.a >= '-31838'::integer) AND (t.a <= '-15455'::integer))
   Index Searches: 1
   Buffers: shared hit=16301
 Settings: enable_bitmapscan = 'off', enable_seqscan = 'off', max_parallel_workers_per_gather = '0'
 Planning:
   Buffers: shared hit=118
 Planning Time: 0.215 ms
 Execution Time: 2.843 ms
(10 rows)

