SET
SET
SET
SET
SET
                                                                  QUERY PLAN                                                                  
----------------------------------------------------------------------------------------------------------------------------------------------
 Index Scan Backward using idx on public.t (actual rows=2048.00 loops=1)
   Output: a, b
   Index Cond: ((t.a >= '-32789'::integer) AND (t.a <= '-30742'::integer))
   Index Searches: 1
   Prefetch: distance=248.034 count=2034 stalls=9 skipped=15 resets=0 ungets=160 forwarded=4
             histogram [2,4) => 6, [4,8) => 6, [8,16) => 9, [16,32) => 17, [32,64) => 37, [64,128) => 67, [128,256) => 359, [256,512) => 1533
   Buffers: shared hit=1846 read=196
 Settings: enable_bitmapscan = 'off', enable_seqscan = 'off', max_parallel_workers_per_gather = '0'
 Planning:
   Buffers: shared hit=86 read=27
 Planning Time: 2.178 ms
 Execution Time: 6.124 ms
(12 rows)

SET
SET
SET
SET
SET
                                             QUERY PLAN                                             
----------------------------------------------------------------------------------------------------
 Index Scan Backward using idx on public.t (actual rows=2048.00 loops=1)
   Output: a, b
   Index Cond: ((t.a >= '-32789'::integer) AND (t.a <= '-30742'::integer))
   Index Searches: 1
   Buffers: shared hit=2042
 Settings: enable_bitmapscan = 'off', enable_seqscan = 'off', max_parallel_workers_per_gather = '0'
 Planning:
   Buffers: shared hit=118
 Planning Time: 0.216 ms
 Execution Time: 0.508 ms
(10 rows)

