SET
SET
SET
SET
SET
                                                                 QUERY PLAN                                                                 
--------------------------------------------------------------------------------------------------------------------------------------------
 Index Scan Backward using idx on public.t (actual rows=4096.00 loops=1)
   Output: a, b
   Index Cond: ((t.a >= '-22116'::integer) AND (t.a <= '-18021'::integer))
   Index Searches: 1
   Prefetch: distance=260.491 count=4361 stalls=9 skipped=30 resets=0 ungets=365 forwarded=3
             histogram [2,4) => 4, [4,8) => 5, [8,16) => 6, [16,32) => 14, [32,64) => 9, [64,128) => 4, [128,256) => 808, [256,512) => 3511
   Buffers: shared hit=3782 read=299
 Settings: enable_bitmapscan = 'off', enable_seqscan = 'off', max_parallel_workers_per_gather = '0'
 Planning:
   Buffers: shared hit=86 read=27
 Planning Time: 2.279 ms
 Execution Time: 7.469 ms
(12 rows)

SET
SET
SET
SET
SET
                                             QUERY PLAN                                             
----------------------------------------------------------------------------------------------------
 Index Scan Backward using idx on public.t (actual rows=4096.00 loops=1)
   Output: a, b
   Index Cond: ((t.a >= '-22116'::integer) AND (t.a <= '-18021'::integer))
   Index Searches: 1
   Buffers: shared hit=4081
 Settings: enable_bitmapscan = 'off', enable_seqscan = 'off', max_parallel_workers_per_gather = '0'
 Planning:
   Buffers: shared hit=118
 Planning Time: 0.182 ms
 Execution Time: 0.547 ms
(10 rows)

