SET
SET
SET
SET
SET
                                                                     QUERY PLAN                                                                      
-----------------------------------------------------------------------------------------------------------------------------------------------------
 Index Scan Backward using idx on public.t (actual rows=2048576.00 loops=1)
   Output: a, b
   Index Cond: ((t.a >= '-2061078'::integer) AND (t.a <= '-12503'::integer))
   Index Searches: 1
   Prefetch: distance=262.360 count=2198448 stalls=5 skipped=19113 resets=0 ungets=169079 forwarded=1116
             histogram [2,4) => 16, [4,8) => 11, [8,16) => 9, [16,32) => 15, [32,64) => 20, [64,128) => 2, [128,256) => 433794, [256,512) => 1764581
   Buffers: shared hit=1931778 read=103242
 Settings: enable_bitmapscan = 'off', enable_seqscan = 'off', max_parallel_workers_per_gather = '0'
 Planning:
   Buffers: shared hit=82 read=27
 Planning Time: 2.200 ms
 Execution Time: 1088.475 ms
(12 rows)

SET
SET
SET
SET
SET
                                             QUERY PLAN                                             
----------------------------------------------------------------------------------------------------
 Index Scan Backward using idx on public.t (actual rows=2048576.00 loops=1)
   Output: a, b
   Index Cond: ((t.a >= '-2061078'::integer) AND (t.a <= '-12503'::integer))
   Index Searches: 1
   Buffers: shared hit=2035064
 Settings: enable_bitmapscan = 'off', enable_seqscan = 'off', max_parallel_workers_per_gather = '0'
 Planning:
   Buffers: shared hit=114
 Planning Time: 0.232 ms
 Execution Time: 331.174 ms
(10 rows)

