SET
SET
SET
SET
SET
                                                                     QUERY PLAN                                                                     
----------------------------------------------------------------------------------------------------------------------------------------------------
 Index Scan Backward using idx on public.t (actual rows=7048576.00 loops=1)
   Output: a, b
   Index Cond: ((t.a >= '-7065541'::integer) AND (t.a <= '-16966'::integer))
   Index Searches: 1
   Prefetch: distance=262.340 count=7562159 stalls=2 skipped=66400 resets=0 ungets=580003 forwarded=3760
             histogram [2,4) => 2, [4,8) => 5, [8,16) => 11, [16,32) => 12, [32,64) => 4, [64,128) => 2, [128,256) => 1498176, [256,512) => 6063947
   Buffers: shared hit=6646278 read=354999
 Settings: enable_bitmapscan = 'off', enable_seqscan = 'off', max_parallel_workers_per_gather = '0'
 Planning:
   Buffers: shared hit=82 read=27
 Planning Time: 2.272 ms
 Execution Time: 3760.613 ms
(12 rows)

SET
SET
SET
SET
SET
                                             QUERY PLAN                                             
----------------------------------------------------------------------------------------------------
 Index Scan Backward using idx on public.t (actual rows=7048576.00 loops=1)
   Output: a, b
   Index Cond: ((t.a >= '-7065541'::integer) AND (t.a <= '-16966'::integer))
   Index Searches: 1
   Buffers: shared hit=7001441
 Settings: enable_bitmapscan = 'off', enable_seqscan = 'off', max_parallel_workers_per_gather = '0'
 Planning:
   Buffers: shared hit=114
 Planning Time: 0.222 ms
 Execution Time: 1148.577 ms
(10 rows)

