SET
SET
SET
SET
SET
                                                                   QUERY PLAN                                                                   
------------------------------------------------------------------------------------------------------------------------------------------------
 Index Scan Backward using idx on public.t (actual rows=8192.00 loops=1)
   Output: a, b
   Index Cond: ((t.a >= '-18112'::integer) AND (t.a <= '-9921'::integer))
   Index Searches: 1
   Prefetch: distance=259.562 count=8661 stalls=1 skipped=70 resets=0 ungets=649 forwarded=1
             histogram [2,4) => 4, [4,8) => 8, [8,16) => 14, [16,32) => 20, [32,64) => 36, [64,128) => 40, [128,256) => 1568, [256,512) => 6971
   Buffers: shared hit=7640 read=509
 Settings: enable_bitmapscan = 'off', enable_seqscan = 'off', max_parallel_workers_per_gather = '0'
 Planning:
   Buffers: shared hit=86 read=27
 Planning Time: 2.167 ms
 Execution Time: 9.614 ms
(12 rows)

SET
SET
SET
SET
SET
                                             QUERY PLAN                                             
----------------------------------------------------------------------------------------------------
 Index Scan Backward using idx on public.t (actual rows=8192.00 loops=1)
   Output: a, b
   Index Cond: ((t.a >= '-18112'::integer) AND (t.a <= '-9921'::integer))
   Index Searches: 1
   Buffers: shared hit=8149
 Settings: enable_bitmapscan = 'off', enable_seqscan = 'off', max_parallel_workers_per_gather = '0'
 Planning:
   Buffers: shared hit=118
 Planning Time: 0.161 ms
 Execution Time: 0.901 ms
(10 rows)

