SET
SET
SET
SET
SET
                                                                    QUERY PLAN                                                                    
--------------------------------------------------------------------------------------------------------------------------------------------------
 Index Scan Backward using idx on public.t (actual rows=32768.00 loops=1)
   Output: a, b
   Index Cond: ((t.a >= '-52543'::integer) AND (t.a <= '-19776'::integer))
   Index Searches: 1
   Prefetch: distance=261.218 count=35057 stalls=12 skipped=261 resets=0 ungets=2698 forwarded=18
             histogram [2,4) => 10, [4,8) => 8, [8,16) => 13, [16,32) => 23, [32,64) => 32, [64,128) => 66, [128,256) => 7107, [256,512) => 27798
   Buffers: shared hit=30854 read=1744
 Settings: enable_bitmapscan = 'off', enable_seqscan = 'off', max_parallel_workers_per_gather = '0'
 Planning:
   Buffers: shared hit=86 read=27
 Planning Time: 2.188 ms
 Execution Time: 24.237 ms
(12 rows)

SET
SET
SET
SET
SET
                                             QUERY PLAN                                             
----------------------------------------------------------------------------------------------------
 Index Scan Backward using idx on public.t (actual rows=32768.00 loops=1)
   Output: a, b
   Index Cond: ((t.a >= '-52543'::integer) AND (t.a <= '-19776'::integer))
   Index Searches: 1
   Buffers: shared hit=32598
 Settings: enable_bitmapscan = 'off', enable_seqscan = 'off', max_parallel_workers_per_gather = '0'
 Planning:
   Buffers: shared hit=118
 Planning Time: 0.165 ms
 Execution Time: 5.059 ms
(10 rows)

