SET
SET
SET
SET
SET
                                                                    QUERY PLAN                                                                     
---------------------------------------------------------------------------------------------------------------------------------------------------
 Index Scan Backward using idx on public.t (actual rows=524288.00 loops=1)
   Output: a, b
   Index Cond: ((t.a >= '-538619'::integer) AND (t.a <= '-14332'::integer))
   Index Searches: 1
   Prefetch: distance=262.321 count=562676 stalls=1 skipped=4972 resets=0 ungets=43451 forwarded=282
             histogram [2,4) => 2, [4,8) => 5, [8,16) => 12, [16,32) => 19, [32,64) => 17, [64,128) => 6, [128,256) => 111143, [256,512) => 451472
   Buffers: shared hit=494248 read=26489
 Settings: enable_bitmapscan = 'off', enable_seqscan = 'off', max_parallel_workers_per_gather = '0'
 Planning:
   Buffers: shared hit=82 read=27
 Planning Time: 2.179 ms
 Execution Time: 285.397 ms
(12 rows)

SET
SET
SET
SET
SET
                                             QUERY PLAN                                             
----------------------------------------------------------------------------------------------------
 Index Scan Backward using idx on public.t (actual rows=524288.00 loops=1)
   Output: a, b
   Index Cond: ((t.a >= '-538619'::integer) AND (t.a <= '-14332'::integer))
   Index Searches: 1
   Buffers: shared hit=520752
 Settings: enable_bitmapscan = 'off', enable_seqscan = 'off', max_parallel_workers_per_gather = '0'
 Planning:
   Buffers: shared hit=114
 Planning Time: 0.195 ms
 Execution Time: 84.287 ms
(10 rows)

