SET
SET
SET
SET
SET
                                                                   QUERY PLAN                                                                    
-------------------------------------------------------------------------------------------------------------------------------------------------
 Index Scan Backward using idx on public.t (actual rows=1048576.00 loops=1)
   Output: a, b
   Index Cond: ((t.a >= '-1070290'::integer) AND (t.a <= '-21715'::integer))
   Index Searches: 1
   Prefetch: distance=262.347 count=1125146 stalls=5 skipped=9894 resets=0 ungets=86496 forwarded=560
             histogram [2,4) => 4, [4,8) => 3, [8,16) => 7, [16,32) => 15, [32,64) => 3, [64,128) => 2, [128,256) => 222695, [256,512) => 902417
   Buffers: shared hit=988644 read=52890
 Settings: enable_bitmapscan = 'off', enable_seqscan = 'off', max_parallel_workers_per_gather = '0'
 Planning:
   Buffers: shared hit=82 read=27
 Planning Time: 2.154 ms
 Execution Time: 575.043 ms
(12 rows)

SET
SET
SET
SET
SET
                                             QUERY PLAN                                             
----------------------------------------------------------------------------------------------------
 Index Scan Backward using idx on public.t (actual rows=1048576.00 loops=1)
   Output: a, b
   Index Cond: ((t.a >= '-1070290'::integer) AND (t.a <= '-21715'::integer))
   Index Searches: 1
   Buffers: shared hit=1041552
 Settings: enable_bitmapscan = 'off', enable_seqscan = 'off', max_parallel_workers_per_gather = '0'
 Planning:
   Buffers: shared hit=114
 Planning Time: 0.198 ms
 Execution Time: 171.445 ms
(10 rows)

