SET
SET
SET
SET
SET
                                                                    QUERY PLAN                                                                     
---------------------------------------------------------------------------------------------------------------------------------------------------
 Index Scan Backward using idx on public.t (actual rows=6048576.00 loops=1)
   Output: a, b
   Index Cond: ((t.a >= '-6063327'::integer) AND (t.a <= '-14752'::integer))
   Index Searches: 1
   Prefetch: distance=262.333 count=6488953 stalls=1 skipped=57019 resets=0 ungets=497433 forwarded=3164
             histogram [2,4) => 2, [4,8) => 8, [8,16) => 7, [16,32) => 19, [32,64) => 7, [64,128) => 2, [128,256) => 1288197, [256,512) => 5200711
   Buffers: shared hit=5703315 read=304648
 Settings: enable_bitmapscan = 'off', enable_seqscan = 'off', max_parallel_workers_per_gather = '0'
 Planning:
   Buffers: shared hit=82 read=27
 Planning Time: 2.150 ms
 Execution Time: 3214.243 ms
(12 rows)

SET
SET
SET
SET
SET
                                             QUERY PLAN                                             
----------------------------------------------------------------------------------------------------
 Index Scan Backward using idx on public.t (actual rows=6048576.00 loops=1)
   Output: a, b
   Index Cond: ((t.a >= '-6063327'::integer) AND (t.a <= '-14752'::integer))
   Index Searches: 1
   Buffers: shared hit=6008090
 Settings: enable_bitmapscan = 'off', enable_seqscan = 'off', max_parallel_workers_per_gather = '0'
 Planning:
   Buffers: shared hit=114
 Planning Time: 0.268 ms
 Execution Time: 965.427 ms
(10 rows)

