SET
SET
SET
SET
SET
                                             QUERY PLAN                                             
----------------------------------------------------------------------------------------------------
 Index Scan Backward using idx on public.t (actual rows=1.00 loops=1)
   Output: a, b
   Index Cond: ((t.a >= '-26448'::integer) AND (t.a <= '-26448'::integer))
   Index Searches: 1
   Buffers: shared hit=4 read=3
 Settings: enable_bitmapscan = 'off', enable_seqscan = 'off', max_parallel_workers_per_gather = '0'
 Planning:
   Buffers: shared hit=86 read=27
 Planning Time: 2.212 ms
 Execution Time: 0.433 ms
(10 rows)

SET
SET
SET
SET
SET
                                             QUERY PLAN                                             
----------------------------------------------------------------------------------------------------
 Index Scan Backward using idx on public.t (actual rows=1.00 loops=1)
   Output: a, b
   Index Cond: ((t.a >= '-26448'::integer) AND (t.a <= '-26448'::integer))
   Index Searches: 1
   Buffers: shared hit=7
 Settings: enable_bitmapscan = 'off', enable_seqscan = 'off', max_parallel_workers_per_gather = '0'
 Planning:
   Buffers: shared hit=118
 Planning Time: 0.155 ms
 Execution Time: 0.022 ms
(10 rows)

