SET
SET
SET
SET
SET
                                                                 QUERY PLAN                                                                 
--------------------------------------------------------------------------------------------------------------------------------------------
 Index Scan Backward using idx on public.t (actual rows=2048.00 loops=1)
   Output: a, b
   Index Cond: ((t.a >= '-14963'::integer) AND (t.a <= '-12916'::integer))
   Index Searches: 1
   Prefetch: distance=259.031 count=2174 stalls=1 skipped=21 resets=0 ungets=190 forwarded=1
             histogram [2,4) => 4, [4,8) => 5, [8,16) => 9, [16,32) => 10, [32,64) => 4, [64,128) => 4, [128,256) => 404, [256,512) => 1734
   Buffers: shared hit=1846 read=193
 Settings: enable_bitmapscan = 'off', enable_seqscan = 'off', max_parallel_workers_per_gather = '0'
 Planning:
   Buffers: shared hit=86 read=27
 Planning Time: 2.205 ms
 Execution Time: 4.654 ms
(12 rows)

SET
SET
SET
SET
SET
                                             QUERY PLAN                                             
----------------------------------------------------------------------------------------------------
 Index Scan Backward using idx on public.t (actual rows=2048.00 loops=1)
   Output: a, b
   Index Cond: ((t.a >= '-14963'::integer) AND (t.a <= '-12916'::integer))
   Index Searches: 1
   Buffers: shared hit=2039
 Settings: enable_bitmapscan = 'off', enable_seqscan = 'off', max_parallel_workers_per_gather = '0'
 Planning:
   Buffers: shared hit=118
 Planning Time: 0.206 ms
 Execution Time: 0.538 ms
(10 rows)

