SET
SET
SET
SET
SET
                                                                 QUERY PLAN                                                                  
---------------------------------------------------------------------------------------------------------------------------------------------
 Index Scan Backward using idx on public.t (actual rows=4096.00 loops=1)
   Output: a, b
   Index Cond: ((t.a >= '-12249'::integer) AND (t.a <= '-8154'::integer))
   Index Searches: 1
   Prefetch: distance=260.419 count=4404 stalls=1 skipped=34 resets=0 ungets=389 forwarded=2
             histogram [2,4) => 8, [4,8) => 4, [8,16) => 11, [16,32) => 9, [32,64) => 19, [64,128) => 2, [128,256) => 693, [256,512) => 3658
   Buffers: shared hit=3778 read=302
 Settings: enable_bitmapscan = 'off', enable_seqscan = 'off', max_parallel_workers_per_gather = '0'
 Planning:
   Buffers: shared hit=86 read=27
 Planning Time: 2.284 ms
 Execution Time: 6.953 ms
(12 rows)

SET
SET
SET
SET
SET
                                             QUERY PLAN                                             
----------------------------------------------------------------------------------------------------
 Index Scan Backward using idx on public.t (actual rows=4096.00 loops=1)
   Output: a, b
   Index Cond: ((t.a >= '-12249'::integer) AND (t.a <= '-8154'::integer))
   Index Searches: 1
   Buffers: shared hit=4080
 Settings: enable_bitmapscan = 'off', enable_seqscan = 'off', max_parallel_workers_per_gather = '0'
 Planning:
   Buffers: shared hit=118
 Planning Time: 0.178 ms
 Execution Time: 0.841 ms
(10 rows)

