SET
SET
SET
SET
SET
                                             QUERY PLAN                                             
----------------------------------------------------------------------------------------------------
 Index Scan Backward using idx on public.t (actual rows=1024.00 loops=1)
   Output: a, b
   Index Cond: ((t.a >= '-1033'::integer) AND (t.a <= '-10'::integer))
   Index Searches: 1
   Prefetch: distance=2.059 count=102 stalls=772 skipped=12 resets=0 ungets=0 forwarded=0
             histogram [2,4) => 100, [4,8) => 2
   Buffers: shared hit=913 read=102
 Settings: enable_bitmapscan = 'off', enable_seqscan = 'off', max_parallel_workers_per_gather = '0'
 Planning:
   Buffers: shared hit=86 read=27
 Planning Time: 2.184 ms
 Execution Time: 4.119 ms
(12 rows)

SET
SET
SET
SET
SET
                                             QUERY PLAN                                             
----------------------------------------------------------------------------------------------------
 Index Scan Backward using idx on public.t (actual rows=1024.00 loops=1)
   Output: a, b
   Index Cond: ((t.a >= '-1033'::integer) AND (t.a <= '-10'::integer))
   Index Searches: 1
   Buffers: shared hit=1015
 Settings: enable_bitmapscan = 'off', enable_seqscan = 'off', max_parallel_workers_per_gather = '0'
 Planning:
   Buffers: shared hit=118
 Planning Time: 0.234 ms
 Execution Time: 0.282 ms
(10 rows)

