SET
SET
SET
SET
SET
                                                                      QUERY PLAN                                                                      
------------------------------------------------------------------------------------------------------------------------------------------------------
 Index Scan Backward using idx on public.t (actual rows=1048576.00 loops=1)
   Output: a, b
   Index Cond: ((t.a >= '-1054869'::integer) AND (t.a <= '-6294'::integer))
   Index Searches: 1
   Prefetch: distance=262.354 count=1125325 stalls=3 skipped=9893 resets=0 ungets=86721 forwarded=566
             histogram [2,4) => 24, [4,8) => 26, [8,16) => 14, [16,32) => 15, [32,64) => 26, [64,128) => 27, [128,256) => 221877, [256,512) => 903316
   Buffers: shared hit=988643 read=52887
 Settings: enable_bitmapscan = 'off', enable_seqscan = 'off', max_parallel_workers_per_gather = '0'
 Planning:
   Buffers: shared hit=82 read=27
 Planning Time: 2.150 ms
 Execution Time: 573.839 ms
(12 rows)

SET
SET
SET
SET
SET
                                             QUERY PLAN                                             
----------------------------------------------------------------------------------------------------
 Index Scan Backward using idx on public.t (actual rows=1048576.00 loops=1)
   Output: a, b
   Index Cond: ((t.a >= '-1054869'::integer) AND (t.a <= '-6294'::integer))
   Index Searches: 1
   Buffers: shared hit=1041552
 Settings: enable_bitmapscan = 'off', enable_seqscan = 'off', max_parallel_workers_per_gather = '0'
 Planning:
   Buffers: shared hit=114
 Planning Time: 0.243 ms
 Execution Time: 171.932 ms
(10 rows)

