SET
SET
SET
SET
SET
                                                                    QUERY PLAN                                                                    
--------------------------------------------------------------------------------------------------------------------------------------------------
 Index Scan Backward using idx on public.t (actual rows=524288.00 loops=1)
   Output: a, b
   Index Cond: ((t.a >= '-533526'::integer) AND (t.a <= '-9239'::integer))
   Index Searches: 1
   Prefetch: distance=262.409 count=562720 stalls=2 skipped=4967 resets=0 ungets=43460 forwarded=275
             histogram [2,4) => 4, [4,8) => 6, [8,16) => 7, [16,32) => 16, [32,64) => 13, [64,128) => 2, [128,256) => 109944, [256,512) => 452728
   Buffers: shared hit=494261 read=26488
 Settings: enable_bitmapscan = 'off', enable_seqscan = 'off', max_parallel_workers_per_gather = '0'
 Planning:
   Buffers: shared hit=82 read=27
 Planning Time: 2.181 ms
 Execution Time: 281.631 ms
(12 rows)

SET
SET
SET
SET
SET
                                             QUERY PLAN                                             
----------------------------------------------------------------------------------------------------
 Index Scan Backward using idx on public.t (actual rows=524288.00 loops=1)
   Output: a, b
   Index Cond: ((t.a >= '-533526'::integer) AND (t.a <= '-9239'::integer))
   Index Searches: 1
   Buffers: shared hit=520757
 Settings: enable_bitmapscan = 'off', enable_seqscan = 'off', max_parallel_workers_per_gather = '0'
 Planning:
   Buffers: shared hit=114
 Planning Time: 0.197 ms
 Execution Time: 84.725 ms
(10 rows)

