SET
SET
SET
SET
SET
                                                                   QUERY PLAN                                                                   
------------------------------------------------------------------------------------------------------------------------------------------------
 Index Scan Backward using idx on public.t (actual rows=4096.00 loops=1)
   Output: a, b
   Index Cond: ((t.a >= '-31969'::integer) AND (t.a <= '-27874'::integer))
   Index Searches: 1
   Prefetch: distance=255.193 count=4282 stalls=5 skipped=34 resets=0 ungets=352 forwarded=3
             histogram [2,4) => 4, [4,8) => 24, [8,16) => 21, [16,32) => 15, [32,64) => 29, [64,128) => 65, [128,256) => 681, [256,512) => 3443
   Buffers: shared hit=3779 read=299
 Settings: enable_bitmapscan = 'off', enable_seqscan = 'off', max_parallel_workers_per_gather = '0'
 Planning:
   Buffers: shared hit=82 read=26
 Planning Time: 1.970 ms
 Execution Time: 10.088 ms
(12 rows)

SET
SET
SET
SET
SET
                                             QUERY PLAN                                             
----------------------------------------------------------------------------------------------------
 Index Scan Backward using idx on public.t (actual rows=4096.00 loops=1)
   Output: a, b
   Index Cond: ((t.a >= '-31969'::integer) AND (t.a <= '-27874'::integer))
   Index Searches: 1
   Buffers: shared hit=4078
 Settings: enable_bitmapscan = 'off', enable_seqscan = 'off', max_parallel_workers_per_gather = '0'
 Planning:
   Buffers: shared hit=113
 Planning Time: 0.208 ms
 Execution Time: 0.848 ms
(10 rows)

