SET
SET
SET
SET
SET
                                             QUERY PLAN                                             
----------------------------------------------------------------------------------------------------
 Index Scan Backward using idx on public.t (actual rows=1024.00 loops=1)
   Output: a, b
   Index Cond: ((t.a >= '-9454'::integer) AND (t.a <= '-8431'::integer))
   Index Searches: 1
   Prefetch: distance=2.222 count=81 stalls=637 skipped=3 resets=0 ungets=0 forwarded=0
             histogram [2,4) => 75, [4,8) => 6
   Buffers: shared hit=886 read=142
 Settings: enable_bitmapscan = 'off', enable_seqscan = 'off', max_parallel_workers_per_gather = '0'
 Planning:
   Buffers: shared hit=82 read=26
 Planning Time: 1.943 ms
 Execution Time: 9.189 ms
(12 rows)

SET
SET
SET
SET
SET
                                             QUERY PLAN                                             
----------------------------------------------------------------------------------------------------
 Index Scan Backward using idx on public.t (actual rows=1024.00 loops=1)
   Output: a, b
   Index Cond: ((t.a >= '-9454'::integer) AND (t.a <= '-8431'::integer))
   Index Searches: 1
   Buffers: shared hit=1028
 Settings: enable_bitmapscan = 'off', enable_seqscan = 'off', max_parallel_workers_per_gather = '0'
 Planning:
   Buffers: shared hit=113
 Planning Time: 0.229 ms
 Execution Time: 0.327 ms
(10 rows)

