SET
SET
SET
SET
SET
                                                                 QUERY PLAN                                                                  
---------------------------------------------------------------------------------------------------------------------------------------------
 Index Scan Backward using idx on public.t (actual rows=8192.00 loops=1)
   Output: a, b
   Index Cond: ((t.a >= '-35157'::integer) AND (t.a <= '-26966'::integer))
   Index Searches: 1
   Prefetch: distance=262.539 count=8890 stalls=3 skipped=74 resets=0 ungets=795 forwarded=5
             histogram [2,4) => 2, [4,8) => 5, [8,16) => 8, [16,32) => 13, [32,64) => 2, [64,128) => 3, [128,256) => 1454, [256,512) => 7403
   Buffers: shared hit=7641 read=506
 Settings: enable_bitmapscan = 'off', enable_seqscan = 'off', max_parallel_workers_per_gather = '0'
 Planning:
   Buffers: shared hit=82 read=26
 Planning Time: 2.045 ms
 Execution Time: 10.874 ms
(12 rows)

SET
SET
SET
SET
SET
                                             QUERY PLAN                                             
----------------------------------------------------------------------------------------------------
 Index Scan Backward using idx on public.t (actual rows=8192.00 loops=1)
   Output: a, b
   Index Cond: ((t.a >= '-35157'::integer) AND (t.a <= '-26966'::integer))
   Index Searches: 1
   Buffers: shared hit=8147
 Settings: enable_bitmapscan = 'off', enable_seqscan = 'off', max_parallel_workers_per_gather = '0'
 Planning:
   Buffers: shared hit=113
 Planning Time: 0.163 ms
 Execution Time: 0.949 ms
(10 rows)

