SET
SET
SET
SET
SET
                                                                  QUERY PLAN                                                                   
-----------------------------------------------------------------------------------------------------------------------------------------------
 Index Scan Backward using idx on public.t (actual rows=32768.00 loops=1)
   Output: a, b
   Index Cond: ((t.a >= '-61913'::integer) AND (t.a <= '-29146'::integer))
   Index Searches: 1
   Prefetch: distance=262.751 count=35330 stalls=2 skipped=294 resets=0 ungets=2916 forwarded=23
             histogram [2,4) => 2, [4,8) => 5, [8,16) => 8, [16,32) => 10, [32,64) => 13, [64,128) => 3, [128,256) => 6192, [256,512) => 29097
   Buffers: shared hit=30827 read=1741
 Settings: enable_bitmapscan = 'off', enable_seqscan = 'off', max_parallel_workers_per_gather = '0'
 Planning:
   Buffers: shared hit=82 read=26
 Planning Time: 1.951 ms
 Execution Time: 37.323 ms
(12 rows)

SET
SET
SET
SET
SET
                                             QUERY PLAN                                             
----------------------------------------------------------------------------------------------------
 Index Scan Backward using idx on public.t (actual rows=32768.00 loops=1)
   Output: a, b
   Index Cond: ((t.a >= '-61913'::integer) AND (t.a <= '-29146'::integer))
   Index Searches: 1
   Buffers: shared hit=32569
 Settings: enable_bitmapscan = 'off', enable_seqscan = 'off', max_parallel_workers_per_gather = '0'
 Planning:
   Buffers: shared hit=113
 Planning Time: 0.214 ms
 Execution Time: 4.145 ms
(10 rows)

