SET
SET
SET
SET
SET
                                                                   QUERY PLAN                                                                    
-------------------------------------------------------------------------------------------------------------------------------------------------
 Index Scan Backward using idx on public.t (actual rows=1048576.00 loops=1)
   Output: a, b
   Index Cond: ((t.a >= '-1070576'::integer) AND (t.a <= '-22001'::integer))
   Index Searches: 1
   Prefetch: distance=263.194 count=1133017 stalls=1 skipped=9764 resets=0 ungets=94231 forwarded=709
             histogram [2,4) => 2, [4,8) => 5, [8,16) => 6, [16,32) => 10, [32,64) => 6, [64,128) => 2, [128,256) => 193969, [256,512) => 939017
   Buffers: shared hit=988777 read=52890
 Settings: enable_bitmapscan = 'off', enable_seqscan = 'off', max_parallel_workers_per_gather = '0'
 Planning:
   Buffers: shared hit=78 read=26
 Planning Time: 1.947 ms
 Execution Time: 1092.105 ms
(12 rows)

SET
SET
SET
SET
SET
                                             QUERY PLAN                                             
----------------------------------------------------------------------------------------------------
 Index Scan Backward using idx on public.t (actual rows=1048576.00 loops=1)
   Output: a, b
   Index Cond: ((t.a >= '-1070576'::integer) AND (t.a <= '-22001'::integer))
   Index Searches: 1
   Buffers: shared hit=1041683
 Settings: enable_bitmapscan = 'off', enable_seqscan = 'off', max_parallel_workers_per_gather = '0'
 Planning:
   Buffers: shared hit=109
 Planning Time: 0.198 ms
 Execution Time: 169.833 ms
(10 rows)

