SET
SET
SET
SET
SET
                                                                  QUERY PLAN                                                                   
-----------------------------------------------------------------------------------------------------------------------------------------------
 Index Scan Backward using idx on public.t (actual rows=2048.00 loops=1)
   Output: a, b
   Index Cond: ((t.a >= '-11793'::integer) AND (t.a <= '-9746'::integer))
   Index Searches: 1
   Prefetch: distance=253.995 count=2122 stalls=1 skipped=16 resets=0 ungets=171 forwarded=2
             histogram [2,4) => 6, [4,8) => 10, [8,16) => 13, [16,32) => 21, [32,64) => 18, [64,128) => 9, [128,256) => 382, [256,512) => 1663
   Buffers: shared hit=1848 read=196
 Settings: enable_bitmapscan = 'off', enable_seqscan = 'off', max_parallel_workers_per_gather = '0'
 Planning:
   Buffers: shared hit=82 read=26
 Planning Time: 1.947 ms
 Execution Time: 7.343 ms
(12 rows)

SET
SET
SET
SET
SET
                                             QUERY PLAN                                             
----------------------------------------------------------------------------------------------------
 Index Scan Backward using idx on public.t (actual rows=2048.00 loops=1)
   Output: a, b
   Index Cond: ((t.a >= '-11793'::integer) AND (t.a <= '-9746'::integer))
   Index Searches: 1
   Buffers: shared hit=2044
 Settings: enable_bitmapscan = 'off', enable_seqscan = 'off', max_parallel_workers_per_gather = '0'
 Planning:
   Buffers: shared hit=113
 Planning Time: 0.267 ms
 Execution Time: 0.500 ms
(10 rows)

