SET
SET
SET
SET
SET
                                                                 QUERY PLAN                                                                 
--------------------------------------------------------------------------------------------------------------------------------------------
 Index Scan Backward using idx on public.t (actual rows=4096.00 loops=1)
   Output: a, b
   Index Cond: ((t.a >= '-23070'::integer) AND (t.a <= '-18975'::integer))
   Index Searches: 1
   Prefetch: distance=262.466 count=4494 stalls=1 skipped=35 resets=0 ungets=445 forwarded=3
             histogram [2,4) => 4, [4,8) => 5, [8,16) => 4, [16,32) => 15, [32,64) => 3, [64,128) => 2, [128,256) => 635, [256,512) => 3826
   Buffers: shared hit=3779 read=299
 Settings: enable_bitmapscan = 'off', enable_seqscan = 'off', max_parallel_workers_per_gather = '0'
 Planning:
   Buffers: shared hit=82 read=26
 Planning Time: 1.994 ms
 Execution Time: 6.901 ms
(12 rows)

SET
SET
SET
SET
SET
                                             QUERY PLAN                                             
----------------------------------------------------------------------------------------------------
 Index Scan Backward using idx on public.t (actual rows=4096.00 loops=1)
   Output: a, b
   Index Cond: ((t.a >= '-23070'::integer) AND (t.a <= '-18975'::integer))
   Index Searches: 1
   Buffers: shared hit=4078
 Settings: enable_bitmapscan = 'off', enable_seqscan = 'off', max_parallel_workers_per_gather = '0'
 Planning:
   Buffers: shared hit=113
 Planning Time: 0.213 ms
 Execution Time: 0.838 ms
(10 rows)

