SET
SET
SET
SET
SET
                                                                    QUERY PLAN                                                                     
---------------------------------------------------------------------------------------------------------------------------------------------------
 Index Scan Backward using idx on public.t (actual rows=32768.00 loops=1)
   Output: a, b
   Index Cond: ((t.a >= '-49116'::integer) AND (t.a <= '-16349'::integer))
   Index Searches: 1
   Prefetch: distance=262.168 count=35291 stalls=7 skipped=319 resets=0 ungets=2920 forwarded=19
             histogram [2,4) => 35, [4,8) => 23, [8,16) => 11, [16,32) => 15, [32,64) => 27, [64,128) => 46, [128,256) => 6055, [256,512) => 29079
   Buffers: shared hit=30804 read=1741
 Settings: enable_bitmapscan = 'off', enable_seqscan = 'off', max_parallel_workers_per_gather = '0'
 Planning:
   Buffers: shared hit=82 read=26
 Planning Time: 1.962 ms
 Execution Time: 38.653 ms
(12 rows)

SET
SET
SET
SET
SET
                                             QUERY PLAN                                             
----------------------------------------------------------------------------------------------------
 Index Scan Backward using idx on public.t (actual rows=32768.00 loops=1)
   Output: a, b
   Index Cond: ((t.a >= '-49116'::integer) AND (t.a <= '-16349'::integer))
   Index Searches: 1
   Buffers: shared hit=32545
 Settings: enable_bitmapscan = 'off', enable_seqscan = 'off', max_parallel_workers_per_gather = '0'
 Planning:
   Buffers: shared hit=113
 Planning Time: 0.179 ms
 Execution Time: 3.479 ms
(10 rows)

