SET
SET
SET
SET
SET
                                                                    QUERY PLAN                                                                     
---------------------------------------------------------------------------------------------------------------------------------------------------
 Index Scan Backward using idx on public.t (actual rows=262144.00 loops=1)
   Output: a, b
   Index Cond: ((t.a >= '-275676'::integer) AND (t.a <= '-13533'::integer))
   Index Searches: 1
   Prefetch: distance=263.120 count=283044 stalls=7 skipped=2443 resets=0 ungets=23427 forwarded=175
             histogram [2,4) => 10, [4,8) => 8, [8,16) => 11, [16,32) => 12, [32,64) => 17, [64,128) => 7, [128,256) => 48786, [256,512) => 234193
   Buffers: shared hit=247128 read=13291
 Settings: enable_bitmapscan = 'off', enable_seqscan = 'off', max_parallel_workers_per_gather = '0'
 Planning:
   Buffers: shared hit=78 read=26
 Planning Time: 1.963 ms
 Execution Time: 280.228 ms
(12 rows)

SET
SET
SET
SET
SET
                                             QUERY PLAN                                             
----------------------------------------------------------------------------------------------------
 Index Scan Backward using idx on public.t (actual rows=262144.00 loops=1)
   Output: a, b
   Index Cond: ((t.a >= '-275676'::integer) AND (t.a <= '-13533'::integer))
   Index Searches: 1
   Buffers: shared hit=260424
 Settings: enable_bitmapscan = 'off', enable_seqscan = 'off', max_parallel_workers_per_gather = '0'
 Planning:
   Buffers: shared hit=109
 Planning Time: 0.196 ms
 Execution Time: 39.924 ms
(10 rows)

