SET
SET
SET
SET
SET
                                                                     QUERY PLAN                                                                     
----------------------------------------------------------------------------------------------------------------------------------------------------
 Index Scan Backward using idx on public.t (actual rows=3048576.00 loops=1)
   Output: a, b
   Index Cond: ((t.a >= '-3064588'::integer) AND (t.a <= '-16013'::integer))
   Index Searches: 1
   Prefetch: distance=263.224 count=3294322 stalls=4 skipped=28336 resets=0 ungets=274155 forwarded=2043
             histogram [2,4) => 6, [4,8) => 10, [8,16) => 9, [16,32) => 17, [32,64) => 15, [64,128) => 4, [128,256) => 562684, [256,512) => 2731577
   Buffers: shared hit=2874942 read=153596
 Settings: enable_bitmapscan = 'off', enable_seqscan = 'off', max_parallel_workers_per_gather = '0'
 Planning:
   Buffers: shared hit=78 read=26
 Planning Time: 2.025 ms
 Execution Time: 3224.016 ms
(12 rows)

SET
SET
SET
SET
SET
                                             QUERY PLAN                                             
----------------------------------------------------------------------------------------------------
 Index Scan Backward using idx on public.t (actual rows=3048576.00 loops=1)
   Output: a, b
   Index Cond: ((t.a >= '-3064588'::integer) AND (t.a <= '-16013'::integer))
   Index Searches: 1
   Buffers: shared hit=3028576
 Settings: enable_bitmapscan = 'off', enable_seqscan = 'off', max_parallel_workers_per_gather = '0'
 Planning:
   Buffers: shared hit=109
 Planning Time: 0.231 ms
 Execution Time: 494.528 ms
(10 rows)

