SET
SET
SET
SET
SET
                                                                QUERY PLAN                                                                 
-------------------------------------------------------------------------------------------------------------------------------------------
 Index Scan Backward using idx on public.t (actual rows=256.00 loops=1)
   Output: a, b
   Index Cond: ((t.a >= '-26421'::integer) AND (t.a <= '-26166'::integer))
   Index Searches: 1
   Prefetch: distance=213.204 count=226 stalls=2 skipped=3 resets=0 ungets=43 forwarded=0
             histogram [2,4) => 4, [4,8) => 7, [8,16) => 11, [16,32) => 17, [32,64) => 10, [64,128) => 3, [128,256) => 3, [256,512) => 171
   Buffers: shared hit=162 read=96
 Settings: enable_bitmapscan = 'off', enable_seqscan = 'off', max_parallel_workers_per_gather = '0'
 Planning:
   Buffers: shared hit=82 read=26
 Planning Time: 1.259 ms
 Execution Time: 4.612 ms
(12 rows)

SET
SET
SET
SET
SET
                                             QUERY PLAN                                             
----------------------------------------------------------------------------------------------------
 Index Scan Backward using idx on public.t (actual rows=256.00 loops=1)
   Output: a, b
   Index Cond: ((t.a >= '-26421'::integer) AND (t.a <= '-26166'::integer))
   Index Searches: 1
   Buffers: shared hit=258
 Settings: enable_bitmapscan = 'off', enable_seqscan = 'off', max_parallel_workers_per_gather = '0'
 Planning:
   Buffers: shared hit=113
 Planning Time: 0.163 ms
 Execution Time: 0.105 ms
(10 rows)

