SET
SET
SET
SET
SET
                                                               QUERY PLAN                                                                
-----------------------------------------------------------------------------------------------------------------------------------------
 Index Scan Backward using idx on public.t (actual rows=128.00 loops=1)
   Output: a, b
   Index Cond: ((t.a >= '-21615'::integer) AND (t.a <= '-21488'::integer))
   Index Searches: 1
   Prefetch: distance=205.223 count=139 stalls=2 skipped=1 resets=0 ungets=34 forwarded=0
             histogram [2,4) => 6, [4,8) => 6, [8,16) => 6, [16,32) => 12, [32,64) => 3, [64,128) => 2, [128,256) => 3, [256,512) => 101
   Buffers: shared hit=66 read=68
 Settings: enable_bitmapscan = 'off', enable_seqscan = 'off', max_parallel_workers_per_gather = '0'
 Planning:
   Buffers: shared hit=82 read=26
 Planning Time: 1.234 ms
 Execution Time: 2.218 ms
(12 rows)

SET
SET
SET
SET
SET
                                             QUERY PLAN                                             
----------------------------------------------------------------------------------------------------
 Index Scan Backward using idx on public.t (actual rows=128.00 loops=1)
   Output: a, b
   Index Cond: ((t.a >= '-21615'::integer) AND (t.a <= '-21488'::integer))
   Index Searches: 1
   Buffers: shared hit=134
 Settings: enable_bitmapscan = 'off', enable_seqscan = 'off', max_parallel_workers_per_gather = '0'
 Planning:
   Buffers: shared hit=113
 Planning Time: 0.157 ms
 Execution Time: 0.070 ms
(10 rows)

