SET
SET
SET
SET
SET
                                                                     QUERY PLAN                                                                     
----------------------------------------------------------------------------------------------------------------------------------------------------
 Index Scan Backward using idx on public.t (actual rows=4048576.00 loops=1)
   Output: a, b
   Index Cond: ((t.a >= '-4079210'::integer) AND (t.a <= '-30635'::integer))
   Index Searches: 1
   Prefetch: distance=263.230 count=4374879 stalls=4 skipped=37594 resets=0 ungets=364040 forwarded=2740
             histogram [2,4) => 6, [4,8) => 5, [8,16) => 8, [16,32) => 10, [32,64) => 31, [64,128) => 45, [128,256) => 746469, [256,512) => 3628305
   Buffers: shared hit=3818048 read=203946
 Settings: enable_bitmapscan = 'off', enable_seqscan = 'off', max_parallel_workers_per_gather = '0'
 Planning:
   Buffers: shared hit=78 read=26
 Planning Time: 1.936 ms
 Execution Time: 4263.061 ms
(12 rows)

SET
SET
SET
SET
SET
                                             QUERY PLAN                                             
----------------------------------------------------------------------------------------------------
 Index Scan Backward using idx on public.t (actual rows=4048576.00 loops=1)
   Output: a, b
   Index Cond: ((t.a >= '-4079210'::integer) AND (t.a <= '-30635'::integer))
   Index Searches: 1
   Buffers: shared hit=4022047
 Settings: enable_bitmapscan = 'off', enable_seqscan = 'off', max_parallel_workers_per_gather = '0'
 Planning:
   Buffers: shared hit=109
 Planning Time: 0.234 ms
 Execution Time: 647.960 ms
(10 rows)

