SET
SET
SET
SET
SET
                                                                     QUERY PLAN                                                                     
----------------------------------------------------------------------------------------------------------------------------------------------------
 Index Scan Backward using idx on public.t (actual rows=9048576.00 loops=1)
   Output: a, b
   Index Cond: ((t.a >= '-9070657'::integer) AND (t.a <= '-22082'::integer))
   Index Searches: 1
   Prefetch: distance=263.206 count=9775621 stalls=7 skipped=84594 resets=0 ungets=811724 forwarded=6053
             histogram [2,4) => 6, [4,8) => 8, [8,16) => 8, [16,32) => 18, [32,64) => 15, [64,128) => 3, [128,256) => 1672742, [256,512) => 8102821
   Buffers: shared hit=8532878 read=455700
 Settings: enable_bitmapscan = 'off', enable_seqscan = 'off', max_parallel_workers_per_gather = '0'
 Planning:
   Buffers: shared hit=78 read=26
 Planning Time: 1.943 ms
 Execution Time: 9457.544 ms
(12 rows)

SET
SET
SET
SET
SET
                                             QUERY PLAN                                             
----------------------------------------------------------------------------------------------------
 Index Scan Backward using idx on public.t (actual rows=9048576.00 loops=1)
   Output: a, b
   Index Cond: ((t.a >= '-9070657'::integer) AND (t.a <= '-22082'::integer))
   Index Searches: 1
   Buffers: shared hit=8988710
 Settings: enable_bitmapscan = 'off', enable_seqscan = 'off', max_parallel_workers_per_gather = '0'
 Planning:
   Buffers: shared hit=109
 Planning Time: 0.232 ms
 Execution Time: 1462.670 ms
(10 rows)

