SET
SET
SET
SET
SET
                                                                     QUERY PLAN                                                                     
----------------------------------------------------------------------------------------------------------------------------------------------------
 Index Scan Backward using idx on public.t (actual rows=8048576.00 loops=1)
   Output: a, b
   Index Cond: ((t.a >= '-8049856'::integer) AND (t.a <= '-1281'::integer))
   Index Searches: 1
   Prefetch: distance=263.211 count=8696153 stalls=1 skipped=75197 resets=0 ungets=722826 forwarded=5423
             histogram [2,4) => 2, [4,8) => 3, [8,16) => 9, [16,32) => 15, [32,64) => 15, [64,128) => 4, [128,256) => 1488231, [256,512) => 7207874
   Buffers: shared hit=7589906 read=405345
 Settings: enable_bitmapscan = 'off', enable_seqscan = 'off', max_parallel_workers_per_gather = '0'
 Planning:
   Buffers: shared hit=78 read=26
 Planning Time: 1.941 ms
 Execution Time: 8410.820 ms
(12 rows)

SET
SET
SET
SET
SET
                                             QUERY PLAN                                             
----------------------------------------------------------------------------------------------------
 Index Scan Backward using idx on public.t (actual rows=8048576.00 loops=1)
   Output: a, b
   Index Cond: ((t.a >= '-8049856'::integer) AND (t.a <= '-1281'::integer))
   Index Searches: 1
   Buffers: shared hit=7995376
 Settings: enable_bitmapscan = 'off', enable_seqscan = 'off', max_parallel_workers_per_gather = '0'
 Planning:
   Buffers: shared hit=109
 Planning Time: 0.232 ms
 Execution Time: 1303.360 ms
(10 rows)

