SET
SET
SET
SET
SET
                                             QUERY PLAN                                             
----------------------------------------------------------------------------------------------------
 Index Scan Backward using idx on public.t (actual rows=4096.00 loops=1)
   Output: a, b
   Index Cond: ((t.a >= '-30128'::integer) AND (t.a <= '-29105'::integer))
   Index Searches: 1
   Prefetch: distance=2.126 count=357 stalls=3159 skipped=57 resets=0 ungets=0 forwarded=0
             histogram [2,4) => 342, [4,8) => 15
   Buffers: shared hit=3753 read=289
 Settings: enable_bitmapscan = 'off', enable_seqscan = 'off', max_parallel_workers_per_gather = '0'
 Planning:
   Buffers: shared hit=85 read=28
 Planning Time: 2.072 ms
 Execution Time: 8.689 ms
(12 rows)

SET
SET
SET
SET
SET
                                             QUERY PLAN                                             
----------------------------------------------------------------------------------------------------
 Index Scan Backward using idx on public.t (actual rows=4096.00 loops=1)
   Output: a, b
   Index Cond: ((t.a >= '-30128'::integer) AND (t.a <= '-29105'::integer))
   Index Searches: 1
   Buffers: shared hit=4042
 Settings: enable_bitmapscan = 'off', enable_seqscan = 'off', max_parallel_workers_per_gather = '0'
 Planning:
   Buffers: shared hit=118
 Planning Time: 0.215 ms
 Execution Time: 0.835 ms
(10 rows)

