SET
SET
SET
SET
SET
                                             QUERY PLAN                                             
----------------------------------------------------------------------------------------------------
 Index Scan Backward using idx on public.t (actual rows=8192.00 loops=1)
   Output: a, b
   Index Cond: ((t.a >= '-27123'::integer) AND (t.a <= '-25076'::integer))
   Index Searches: 1
   Prefetch: distance=2.147 count=757 stalls=6718 skipped=110 resets=0 ungets=0 forwarded=0
             histogram [2,4) => 720, [4,8) => 37
   Buffers: shared hit=7594 read=493
 Settings: enable_bitmapscan = 'off', enable_seqscan = 'off', max_parallel_workers_per_gather = '0'
 Planning:
   Buffers: shared hit=85 read=28
 Planning Time: 2.062 ms
 Execution Time: 11.599 ms
(12 rows)

SET
SET
SET
SET
SET
                                             QUERY PLAN                                             
----------------------------------------------------------------------------------------------------
 Index Scan Backward using idx on public.t (actual rows=8192.00 loops=1)
   Output: a, b
   Index Cond: ((t.a >= '-27123'::integer) AND (t.a <= '-25076'::integer))
   Index Searches: 1
   Buffers: shared hit=8087
 Settings: enable_bitmapscan = 'off', enable_seqscan = 'off', max_parallel_workers_per_gather = '0'
 Planning:
   Buffers: shared hit=118
 Planning Time: 0.200 ms
 Execution Time: 1.461 ms
(10 rows)

