SET
SET
SET
SET
SET
                                                                   QUERY PLAN                                                                    
-------------------------------------------------------------------------------------------------------------------------------------------------
 Index Scan Backward using idx on public.t (actual rows=2048.00 loops=1)
   Output: a, b
   Index Cond: ((t.a >= '-13658'::integer) AND (t.a <= '-11611'::integer))
   Index Searches: 1
   Prefetch: distance=248.395 count=2046 stalls=19 skipped=22 resets=0 ungets=154 forwarded=2
             histogram [2,4) => 12, [4,8) => 16, [8,16) => 13, [16,32) => 18, [32,64) => 39, [64,128) => 37, [128,256) => 344, [256,512) => 1567
   Buffers: shared hit=1839 read=198
 Settings: enable_bitmapscan = 'off', enable_seqscan = 'off', max_parallel_workers_per_gather = '0'
 Planning:
   Buffers: shared hit=82 read=26
 Planning Time: 1.462 ms
 Execution Time: 7.160 ms
(12 rows)

SET
SET
SET
SET
SET
                                             QUERY PLAN                                             
----------------------------------------------------------------------------------------------------
 Index Scan Backward using idx on public.t (actual rows=2048.00 loops=1)
   Output: a, b
   Index Cond: ((t.a >= '-13658'::integer) AND (t.a <= '-11611'::integer))
   Index Searches: 1
   Buffers: shared hit=2037
 Settings: enable_bitmapscan = 'off', enable_seqscan = 'off', max_parallel_workers_per_gather = '0'
 Planning:
   Buffers: shared hit=113
 Planning Time: 0.183 ms
 Execution Time: 0.438 ms
(10 rows)

