SET
SET
SET
SET
SET
                                                                       QUERY PLAN                                                                       
--------------------------------------------------------------------------------------------------------------------------------------------------------
 Index Scan Backward using idx on public.t (actual rows=9048576.00 loops=1)
   Output: a, b
   Index Cond: ((t.a >= '-9081262'::integer) AND (t.a <= '-32687'::integer))
   Index Searches: 1
   Prefetch: distance=263.197 count=9775857 stalls=6 skipped=84579 resets=0 ungets=811935 forwarded=6086
             histogram [2,4) => 30, [4,8) => 27, [8,16) => 12, [16,32) => 14, [32,64) => 26, [64,128) => 19, [128,256) => 1674470, [256,512) => 8101259
   Buffers: shared hit=8532892 read=455694
 Settings: enable_bitmapscan = 'off', enable_seqscan = 'off', max_parallel_workers_per_gather = '0'
 Planning:
   Buffers: shared hit=78 read=26
 Planning Time: 2.047 ms
 Execution Time: 9473.896 ms
(12 rows)

SET
SET
SET
SET
SET
                                             QUERY PLAN                                             
----------------------------------------------------------------------------------------------------
 Index Scan Backward using idx on public.t (actual rows=9048576.00 loops=1)
   Output: a, b
   Index Cond: ((t.a >= '-9081262'::integer) AND (t.a <= '-32687'::integer))
   Index Searches: 1
   Buffers: shared hit=8988725
 Settings: enable_bitmapscan = 'off', enable_seqscan = 'off', max_parallel_workers_per_gather = '0'
 Planning:
   Buffers: shared hit=109
 Planning Time: 0.242 ms
 Execution Time: 1469.722 ms
(10 rows)

