SET
SET
SET
SET
SET
                                                                      QUERY PLAN                                                                       
-------------------------------------------------------------------------------------------------------------------------------------------------------
 Index Scan Backward using idx on public.t (actual rows=7048576.00 loops=1)
   Output: a, b
   Index Cond: ((t.a >= '-7056563'::integer) AND (t.a <= '-7988'::integer))
   Index Searches: 1
   Prefetch: distance=263.212 count=7615610 stalls=4 skipped=65842 resets=0 ungets=632962 forwarded=4698
             histogram [2,4) => 2, [4,8) => 11, [8,16) => 10, [16,32) => 23, [32,64) => 24, [64,128) => 10, [128,256) => 1303538, [256,512) => 6311992
   Buffers: shared hit=6646880 read=355002
 Settings: enable_bitmapscan = 'off', enable_seqscan = 'off', max_parallel_workers_per_gather = '0'
 Planning:
   Buffers: shared hit=78 read=26
 Planning Time: 1.930 ms
 Execution Time: 7418.759 ms
(12 rows)

SET
SET
SET
SET
SET
                                             QUERY PLAN                                             
----------------------------------------------------------------------------------------------------
 Index Scan Backward using idx on public.t (actual rows=7048576.00 loops=1)
   Output: a, b
   Index Cond: ((t.a >= '-7056563'::integer) AND (t.a <= '-7988'::integer))
   Index Searches: 1
   Buffers: shared hit=7001998
 Settings: enable_bitmapscan = 'off', enable_seqscan = 'off', max_parallel_workers_per_gather = '0'
 Planning:
   Buffers: shared hit=109
 Planning Time: 0.237 ms
 Execution Time: 1150.267 ms
(10 rows)

