SET
SET
SET
SET
SET
                                                                     QUERY PLAN                                                                      
-----------------------------------------------------------------------------------------------------------------------------------------------------
 Index Scan using idx on public.t (actual rows=8048576.00 loops=1)
   Output: a, b
   Index Cond: ((t.a >= 28213) AND (t.a <= 2040356))
   Index Searches: 1
   Prefetch: distance=260.830 count=8010254 stalls=1 skipped=119469 resets=0 ungets=81191 forwarded=5600
             histogram [2,4) => 6, [4,8) => 5, [8,16) => 10, [16,32) => 11, [32,64) => 10, [64,128) => 2, [128,256) => 1910162, [256,512) => 6100048
   Buffers: shared hit=7545623 read=395402
 Settings: enable_bitmapscan = 'off', enable_seqscan = 'off', max_parallel_workers_per_gather = '0'
 Planning:
   Buffers: shared hit=78 read=23
 Planning Time: 1.825 ms
 Execution Time: 2393.696 ms
(12 rows)

SET
SET
SET
SET
SET
                                             QUERY PLAN                                             
----------------------------------------------------------------------------------------------------
 Index Scan using idx on public.t (actual rows=8048576.00 loops=1)
   Output: a, b
   Index Cond: ((t.a >= 28213) AND (t.a <= 2040356))
   Index Searches: 1
   Buffers: shared hit=7941162
 Settings: enable_bitmapscan = 'off', enable_seqscan = 'off', max_parallel_workers_per_gather = '0'
 Planning:
   Buffers: shared hit=106
 Planning Time: 0.223 ms
 Execution Time: 1261.504 ms
(10 rows)

