SET
SET
SET
SET
SET
                                             QUERY PLAN                                             
----------------------------------------------------------------------------------------------------
 Index Scan Backward using idx on public.t (actual rows=2048.00 loops=1)
   Output: a, b
   Index Cond: ((t.a >= '-16712'::integer) AND (t.a <= '-14665'::integer))
   Index Searches: 1
   Prefetch: distance=2.068 count=192 stalls=1592 skipped=23 resets=0 ungets=0 forwarded=0
             histogram [2,4) => 188, [4,8) => 4
   Buffers: shared hit=1842 read=194
 Settings: enable_bitmapscan = 'off', enable_seqscan = 'off', max_parallel_workers_per_gather = '0'
 Planning:
   Buffers: shared hit=82 read=26
 Planning Time: 1.956 ms
 Execution Time: 12.179 ms
(12 rows)

SET
SET
SET
SET
SET
                                             QUERY PLAN                                             
----------------------------------------------------------------------------------------------------
 Index Scan Backward using idx on public.t (actual rows=2048.00 loops=1)
   Output: a, b
   Index Cond: ((t.a >= '-16712'::integer) AND (t.a <= '-14665'::integer))
   Index Searches: 1
   Buffers: shared hit=2036
 Settings: enable_bitmapscan = 'off', enable_seqscan = 'off', max_parallel_workers_per_gather = '0'
 Planning:
   Buffers: shared hit=113
 Planning Time: 0.169 ms
 Execution Time: 0.305 ms
(10 rows)

