SET
SET
SET
SET
SET
                                                                    QUERY PLAN                                                                     
---------------------------------------------------------------------------------------------------------------------------------------------------
 Index Scan using idx on public.t (actual rows=5048576.00 loops=1)
   Output: a, b
   Index Cond: ((t.a >= '-5067173'::integer) AND (t.a <= '-18598'::integer))
   Index Searches: 1
   Prefetch: distance=260.375 count=5050360 stalls=4 skipped=47012 resets=0 ungets=48868 forwarded=1024
             histogram [2,4) => 4, [4,8) => 7, [8,16) => 7, [16,32) => 10, [32,64) => 9, [64,128) => 4, [128,256) => 1281746, [256,512) => 3768573
   Buffers: shared hit=4761066 read=254292
 Settings: enable_bitmapscan = 'off', enable_seqscan = 'off', max_parallel_workers_per_gather = '0'
 Planning:
   Buffers: shared hit=82 read=26
 Planning Time: 1.916 ms
 Execution Time: 1588.192 ms
(12 rows)

SET
SET
SET
SET
SET
                                             QUERY PLAN                                             
----------------------------------------------------------------------------------------------------
 Index Scan using idx on public.t (actual rows=5048576.00 loops=1)
   Output: a, b
   Index Cond: ((t.a >= '-5067173'::integer) AND (t.a <= '-18598'::integer))
   Index Searches: 1
   Buffers: shared hit=5015364
 Settings: enable_bitmapscan = 'off', enable_seqscan = 'off', max_parallel_workers_per_gather = '0'
 Planning:
   Buffers: shared hit=113
 Planning Time: 0.245 ms
 Execution Time: 809.374 ms
(10 rows)

