SET
SET
SET
SET
SET
                                                                   QUERY PLAN                                                                   
------------------------------------------------------------------------------------------------------------------------------------------------
 Index Scan using idx on public.t (actual rows=65536.00 loops=1)
   Output: a, b
   Index Cond: ((t.a >= '-90340'::integer) AND (t.a <= '-24805'::integer))
   Index Searches: 1
   Prefetch: distance=260.253 count=65527 stalls=2 skipped=585 resets=0 ungets=661 forwarded=12
             histogram [2,4) => 2, [4,8) => 6, [8,16) => 8, [16,32) => 11, [32,64) => 19, [64,128) => 5, [128,256) => 16476, [256,512) => 49000
   Buffers: shared hit=61749 read=3386
 Settings: enable_bitmapscan = 'off', enable_seqscan = 'off', max_parallel_workers_per_gather = '0'
 Planning:
   Buffers: shared hit=86 read=26
 Planning Time: 1.949 ms
 Execution Time: 26.752 ms
(12 rows)

SET
SET
SET
SET
SET
                                             QUERY PLAN                                             
----------------------------------------------------------------------------------------------------
 Index Scan using idx on public.t (actual rows=65536.00 loops=1)
   Output: a, b
   Index Cond: ((t.a >= '-90340'::integer) AND (t.a <= '-24805'::integer))
   Index Searches: 1
   Buffers: shared hit=65135
 Settings: enable_bitmapscan = 'off', enable_seqscan = 'off', max_parallel_workers_per_gather = '0'
 Planning:
   Buffers: shared hit=117
 Planning Time: 0.176 ms
 Execution Time: 7.220 ms
(10 rows)

