SET
SET
SET
SET
SET
                                                                   QUERY PLAN                                                                   
------------------------------------------------------------------------------------------------------------------------------------------------
 Index Scan using idx on public.t (actual rows=262144.00 loops=1)
   Output: a, b
   Index Cond: ((t.a >= '-262872'::integer) AND (t.a <= '-729'::integer))
   Index Searches: 1
   Prefetch: distance=260.523 count=262763 stalls=1 skipped=2459 resets=0 ungets=3082 forwarded=50
             histogram [2,4) => 2, [4,8) => 3, [8,16) => 5, [16,32) => 12, [32,64) => 2, [64,128) => 2, [128,256) => 65197, [256,512) => 197540
   Buffers: shared hit=247127 read=13278
 Settings: enable_bitmapscan = 'off', enable_seqscan = 'off', max_parallel_workers_per_gather = '0'
 Planning:
   Buffers: shared hit=82 read=26
 Planning Time: 2.004 ms
 Execution Time: 102.797 ms
(12 rows)

SET
SET
SET
SET
SET
                                             QUERY PLAN                                             
----------------------------------------------------------------------------------------------------
 Index Scan using idx on public.t (actual rows=262144.00 loops=1)
   Output: a, b
   Index Cond: ((t.a >= '-262872'::integer) AND (t.a <= '-729'::integer))
   Index Searches: 1
   Buffers: shared hit=260408
 Settings: enable_bitmapscan = 'off', enable_seqscan = 'off', max_parallel_workers_per_gather = '0'
 Planning:
   Buffers: shared hit=113
 Planning Time: 0.184 ms
 Execution Time: 40.707 ms
(10 rows)

