SET
SET
SET
SET
SET
                                             QUERY PLAN                                             
----------------------------------------------------------------------------------------------------
 Index Scan using idx on public.t (actual rows=4096.00 loops=1)
   Output: a, b
   Index Cond: ((t.a >= '-22196'::integer) AND (t.a <= '-18101'::integer))
   Index Searches: 1
   Prefetch: distance=2.097 count=411 stalls=3453 skipped=33 resets=0 ungets=0 forwarded=0
             histogram [2,4) => 398, [4,8) => 13
   Buffers: shared hit=3780 read=298
 Settings: enable_bitmapscan = 'off', enable_seqscan = 'off', max_parallel_workers_per_gather = '0'
 Planning:
   Buffers: shared hit=86 read=26
 Planning Time: 1.940 ms
 Execution Time: 9.207 ms
(12 rows)

SET
SET
SET
SET
SET
                                             QUERY PLAN                                             
----------------------------------------------------------------------------------------------------
 Index Scan using idx on public.t (actual rows=4096.00 loops=1)
   Output: a, b
   Index Cond: ((t.a >= '-22196'::integer) AND (t.a <= '-18101'::integer))
   Index Searches: 1
   Buffers: shared hit=4078
 Settings: enable_bitmapscan = 'off', enable_seqscan = 'off', max_parallel_workers_per_gather = '0'
 Planning:
   Buffers: shared hit=117
 Planning Time: 0.206 ms
 Execution Time: 0.831 ms
(10 rows)

