SET
SET
SET
SET
SET
                                                                  QUERY PLAN                                                                  
----------------------------------------------------------------------------------------------------------------------------------------------
 Index Scan using idx on public.t (actual rows=2048.00 loops=1)
   Output: a, b
   Index Cond: ((t.a >= '-27620'::integer) AND (t.a <= '-25573'::integer))
   Index Searches: 1
   Prefetch: distance=255.511 count=2061 stalls=5 skipped=24 resets=0 ungets=89 forwarded=1
             histogram [2,4) => 10, [4,8) => 11, [8,16) => 9, [16,32) => 12, [32,64) => 8, [64,128) => 2, [128,256) => 470, [256,512) => 1539
   Buffers: shared hit=1837 read=198
 Settings: enable_bitmapscan = 'off', enable_seqscan = 'off', max_parallel_workers_per_gather = '0'
 Planning:
   Buffers: shared hit=86 read=26
 Planning Time: 1.945 ms
 Execution Time: 5.973 ms
(12 rows)

SET
SET
SET
SET
SET
                                             QUERY PLAN                                             
----------------------------------------------------------------------------------------------------
 Index Scan using idx on public.t (actual rows=2048.00 loops=1)
   Output: a, b
   Index Cond: ((t.a >= '-27620'::integer) AND (t.a <= '-25573'::integer))
   Index Searches: 1
   Buffers: shared hit=2035
 Settings: enable_bitmapscan = 'off', enable_seqscan = 'off', max_parallel_workers_per_gather = '0'
 Planning:
   Buffers: shared hit=117
 Planning Time: 0.183 ms
 Execution Time: 0.452 ms
(10 rows)

