SET
SET
SET
SET
SET
                                                                     QUERY PLAN                                                                     
----------------------------------------------------------------------------------------------------------------------------------------------------
 Index Scan using idx on public.t (actual rows=4048576.00 loops=1)
   Output: a, b
   Index Cond: ((t.a >= '-4054380'::integer) AND (t.a <= '-5805'::integer))
   Index Searches: 1
   Prefetch: distance=260.367 count=4049790 stalls=11 skipped=37625 resets=0 ungets=38901 forwarded=838
             histogram [2,4) => 8, [4,8) => 12, [8,16) => 8, [16,32) => 15, [32,64) => 6, [64,128) => 2, [128,256) => 1028496, [256,512) => 3021243
   Buffers: shared hit=3818068 read=203940
 Settings: enable_bitmapscan = 'off', enable_seqscan = 'off', max_parallel_workers_per_gather = '0'
 Planning:
   Buffers: shared hit=82 read=26
 Planning Time: 1.939 ms
 Execution Time: 1253.518 ms
(12 rows)

SET
SET
SET
SET
SET
                                             QUERY PLAN                                             
----------------------------------------------------------------------------------------------------
 Index Scan using idx on public.t (actual rows=4048576.00 loops=1)
   Output: a, b
   Index Cond: ((t.a >= '-4054380'::integer) AND (t.a <= '-5805'::integer))
   Index Searches: 1
   Buffers: shared hit=4022019
 Settings: enable_bitmapscan = 'off', enable_seqscan = 'off', max_parallel_workers_per_gather = '0'
 Planning:
   Buffers: shared hit=113
 Planning Time: 0.239 ms
 Execution Time: 662.217 ms
(10 rows)

