SET
SET
SET
SET
SET
                                                                 QUERY PLAN                                                                  
---------------------------------------------------------------------------------------------------------------------------------------------
 Index Scan using idx on public.t (actual rows=256.00 loops=1)
   Output: a, b
   Index Cond: ((t.a >= '-14422'::integer) AND (t.a <= '-14167'::integer))
   Index Searches: 1
   Prefetch: distance=102.271 count=144 stalls=10 skipped=0 resets=0 ungets=5 forwarded=0
             histogram [2,4) => 10, [4,8) => 8, [8,16) => 11, [16,32) => 14, [32,64) => 36, [64,128) => 22, [128,256) => 12, [256,512) => 31
   Buffers: shared hit=159 read=101
 Settings: enable_bitmapscan = 'off', enable_seqscan = 'off', max_parallel_workers_per_gather = '0'
 Planning:
   Buffers: shared hit=86 read=26
 Planning Time: 1.332 ms
 Execution Time: 5.770 ms
(12 rows)

SET
SET
SET
SET
SET
                                             QUERY PLAN                                             
----------------------------------------------------------------------------------------------------
 Index Scan using idx on public.t (actual rows=256.00 loops=1)
   Output: a, b
   Index Cond: ((t.a >= '-14422'::integer) AND (t.a <= '-14167'::integer))
   Index Searches: 1
   Buffers: shared hit=260
 Settings: enable_bitmapscan = 'off', enable_seqscan = 'off', max_parallel_workers_per_gather = '0'
 Planning:
   Buffers: shared hit=117
 Planning Time: 0.213 ms
 Execution Time: 0.174 ms
(10 rows)

