SET
SET
SET
SET
SET
                                             QUERY PLAN                                             
----------------------------------------------------------------------------------------------------
 Index Scan using idx on public.t (actual rows=1024.00 loops=1)
   Output: a, b
   Index Cond: ((t.a >= '-29989'::integer) AND (t.a <= '-28966'::integer))
   Index Searches: 1
   Prefetch: distance=2.077 count=78 stalls=628 skipped=4 resets=0 ungets=0 forwarded=0
             histogram [2,4) => 76, [4,8) => 2
   Buffers: shared hit=879 read=143
 Settings: enable_bitmapscan = 'off', enable_seqscan = 'off', max_parallel_workers_per_gather = '0'
 Planning:
   Buffers: shared hit=86 read=26
 Planning Time: 1.707 ms
 Execution Time: 5.979 ms
(12 rows)

SET
SET
SET
SET
SET
                                             QUERY PLAN                                             
----------------------------------------------------------------------------------------------------
 Index Scan using idx on public.t (actual rows=1024.00 loops=1)
   Output: a, b
   Index Cond: ((t.a >= '-29989'::integer) AND (t.a <= '-28966'::integer))
   Index Searches: 1
   Buffers: shared hit=1022
 Settings: enable_bitmapscan = 'off', enable_seqscan = 'off', max_parallel_workers_per_gather = '0'
 Planning:
   Buffers: shared hit=117
 Planning Time: 0.204 ms
 Execution Time: 0.306 ms
(10 rows)

