SET
SET
SET
SET
SET
                                             QUERY PLAN                                             
----------------------------------------------------------------------------------------------------
 Index Scan using idx on public.t (actual rows=4096.00 loops=1)
   Output: a, b
   Index Cond: ((t.a >= '-14511'::integer) AND (t.a <= '-10416'::integer))
   Index Searches: 1
   Prefetch: distance=2.102 count=402 stalls=3456 skipped=40 resets=0 ungets=0 forwarded=0
             histogram [2,4) => 388, [4,8) => 14
   Buffers: shared hit=3775 read=297
 Settings: enable_bitmapscan = 'off', enable_seqscan = 'off', max_parallel_workers_per_gather = '0'
 Planning:
   Buffers: shared hit=86 read=26
 Planning Time: 1.907 ms
 Execution Time: 7.486 ms
(12 rows)

SET
SET
SET
SET
SET
                                             QUERY PLAN                                             
----------------------------------------------------------------------------------------------------
 Index Scan using idx on public.t (actual rows=4096.00 loops=1)
   Output: a, b
   Index Cond: ((t.a >= '-14511'::integer) AND (t.a <= '-10416'::integer))
   Index Searches: 1
   Buffers: shared hit=4072
 Settings: enable_bitmapscan = 'off', enable_seqscan = 'off', max_parallel_workers_per_gather = '0'
 Planning:
   Buffers: shared hit=117
 Planning Time: 0.203 ms
 Execution Time: 0.773 ms
(10 rows)

