SET
SET
SET
SET
SET
                                                                   QUERY PLAN                                                                   
------------------------------------------------------------------------------------------------------------------------------------------------
 Index Scan using idx on public.t (actual rows=524288.00 loops=1)
   Output: a, b
   Index Cond: ((t.a >= '-541840'::integer) AND (t.a <= '-17553'::integer))
   Index Searches: 1
   Prefetch: distance=260.384 count=524412 stalls=1 skipped=4844 resets=0 ungets=4984 forwarded=103
             histogram [2,4) => 2, [4,8) => 5, [8,16) => 9, [16,32) => 7, [32,64) => 2, [64,128) => 2, [128,256) => 132849, [256,512) => 391536
   Buffers: shared hit=494386 read=26496
 Settings: enable_bitmapscan = 'off', enable_seqscan = 'off', max_parallel_workers_per_gather = '0'
 Planning:
   Buffers: shared hit=82 read=26
 Planning Time: 1.920 ms
 Execution Time: 178.004 ms
(12 rows)

SET
SET
SET
SET
SET
                                             QUERY PLAN                                             
----------------------------------------------------------------------------------------------------
 Index Scan using idx on public.t (actual rows=524288.00 loops=1)
   Output: a, b
   Index Cond: ((t.a >= '-541840'::integer) AND (t.a <= '-17553'::integer))
   Index Searches: 1
   Buffers: shared hit=520883
 Settings: enable_bitmapscan = 'off', enable_seqscan = 'off', max_parallel_workers_per_gather = '0'
 Planning:
   Buffers: shared hit=113
 Planning Time: 0.201 ms
 Execution Time: 82.470 ms
(10 rows)

