SET
SET
SET
SET
SET
                                                                    QUERY PLAN                                                                    
--------------------------------------------------------------------------------------------------------------------------------------------------
 Index Scan using idx on public.t (actual rows=6048576.00 loops=1)
   Output: a, b
   Index Cond: ((t.a >= '-6063570'::integer) AND (t.a <= '-14995'::integer))
   Index Searches: 1
   Prefetch: distance=260.360 count=6048411 stalls=1 skipped=56525 resets=0 ungets=56372 forwarded=1204
             histogram [2,4) => 2, [4,8) => 6, [8,16) => 8, [16,32) => 7, [32,64) => 2, [64,128) => 2, [128,256) => 1538546, [256,512) => 4509838
   Buffers: shared hit=5703933 read=304643
 Settings: enable_bitmapscan = 'off', enable_seqscan = 'off', max_parallel_workers_per_gather = '0'
 Planning:
   Buffers: shared hit=82 read=26
 Planning Time: 1.943 ms
 Execution Time: 1816.829 ms
(12 rows)

SET
SET
SET
SET
SET
                                             QUERY PLAN                                             
----------------------------------------------------------------------------------------------------
 Index Scan using idx on public.t (actual rows=6048576.00 loops=1)
   Output: a, b
   Index Cond: ((t.a >= '-6063570'::integer) AND (t.a <= '-14995'::integer))
   Index Searches: 1
   Buffers: shared hit=6008584
 Settings: enable_bitmapscan = 'off', enable_seqscan = 'off', max_parallel_workers_per_gather = '0'
 Planning:
   Buffers: shared hit=113
 Planning Time: 0.239 ms
 Execution Time: 973.605 ms
(10 rows)

