SET
SET
SET
SET
SET
                                                                     QUERY PLAN                                                                     
----------------------------------------------------------------------------------------------------------------------------------------------------
 Index Scan using idx on public.t (actual rows=3048576.00 loops=1)
   Output: a, b
   Index Cond: ((t.a >= '-3066416'::integer) AND (t.a <= '-17841'::integer))
   Index Searches: 1
   Prefetch: distance=260.361 count=3049162 stalls=3 skipped=28340 resets=0 ungets=29022 forwarded=634
             histogram [2,4) => 2, [4,8) => 5, [8,16) => 11, [16,32) => 15, [32,64) => 19, [64,128) => 2, [128,256) => 774728, [256,512) => 2274380
   Buffers: shared hit=2874968 read=153593
 Settings: enable_bitmapscan = 'off', enable_seqscan = 'off', max_parallel_workers_per_gather = '0'
 Planning:
   Buffers: shared hit=82 read=26
 Planning Time: 2.051 ms
 Execution Time: 935.800 ms
(12 rows)

SET
SET
SET
SET
SET
                                             QUERY PLAN                                             
----------------------------------------------------------------------------------------------------
 Index Scan using idx on public.t (actual rows=3048576.00 loops=1)
   Output: a, b
   Index Cond: ((t.a >= '-3066416'::integer) AND (t.a <= '-17841'::integer))
   Index Searches: 1
   Buffers: shared hit=3028570
 Settings: enable_bitmapscan = 'off', enable_seqscan = 'off', max_parallel_workers_per_gather = '0'
 Planning:
   Buffers: shared hit=113
 Planning Time: 0.237 ms
 Execution Time: 489.818 ms
(10 rows)

