SET
SET
SET
SET
SET
                                                                      QUERY PLAN                                                                      
------------------------------------------------------------------------------------------------------------------------------------------------------
 Index Scan using idx on public.t (actual rows=9048576.00 loops=1)
   Output: a, b
   Index Cond: ((t.a >= '-9049925'::integer) AND (t.a <= '-1350'::integer))
   Index Searches: 1
   Prefetch: distance=260.375 count=9049266 stalls=1 skipped=84590 resets=0 ungets=85395 forwarded=1839
             histogram [2,4) => 2, [4,8) => 5, [8,16) => 14, [16,32) => 25, [32,64) => 26, [64,128) => 45, [128,256) => 2296713, [256,512) => 6752436
   Buffers: shared hit=8532991 read=455696
 Settings: enable_bitmapscan = 'off', enable_seqscan = 'off', max_parallel_workers_per_gather = '0'
 Planning:
   Buffers: shared hit=82 read=26
 Planning Time: 1.952 ms
 Execution Time: 2799.818 ms
(12 rows)

SET
SET
SET
SET
SET
                                             QUERY PLAN                                             
----------------------------------------------------------------------------------------------------
 Index Scan using idx on public.t (actual rows=9048576.00 loops=1)
   Output: a, b
   Index Cond: ((t.a >= '-9049925'::integer) AND (t.a <= '-1350'::integer))
   Index Searches: 1
   Buffers: shared hit=8988713
 Settings: enable_bitmapscan = 'off', enable_seqscan = 'off', max_parallel_workers_per_gather = '0'
 Planning:
   Buffers: shared hit=113
 Planning Time: 0.237 ms
 Execution Time: 1447.026 ms
(10 rows)

