SET
SET
SET
SET
SET
                                                                   QUERY PLAN                                                                    
-------------------------------------------------------------------------------------------------------------------------------------------------
 Index Scan using idx on public.t (actual rows=2048.00 loops=1)
   Output: a, b
   Index Cond: ((t.a >= '-34124'::integer) AND (t.a <= '-32077'::integer))
   Index Searches: 1
   Prefetch: distance=248.023 count=1930 stalls=4 skipped=22 resets=0 ungets=39 forwarded=0
             histogram [2,4) => 10, [4,8) => 14, [8,16) => 10, [16,32) => 22, [32,64) => 25, [64,128) => 30, [128,256) => 451, [256,512) => 1368
   Buffers: shared hit=1841 read=197
 Settings: enable_bitmapscan = 'off', enable_seqscan = 'off', max_parallel_workers_per_gather = '0'
 Planning:
   Buffers: shared hit=86 read=26
 Planning Time: 1.734 ms
 Execution Time: 6.158 ms
(12 rows)

SET
SET
SET
SET
SET
                                             QUERY PLAN                                             
----------------------------------------------------------------------------------------------------
 Index Scan using idx on public.t (actual rows=2048.00 loops=1)
   Output: a, b
   Index Cond: ((t.a >= '-34124'::integer) AND (t.a <= '-32077'::integer))
   Index Searches: 1
   Buffers: shared hit=2038
 Settings: enable_bitmapscan = 'off', enable_seqscan = 'off', max_parallel_workers_per_gather = '0'
 Planning:
   Buffers: shared hit=117
 Planning Time: 0.200 ms
 Execution Time: 0.472 ms
(10 rows)

