SET
SET
SET
SET
SET
                                             QUERY PLAN                                             
----------------------------------------------------------------------------------------------------
 Index Scan using idx on public.t (actual rows=4096.00 loops=1)
   Output: a, b
   Index Cond: ((t.a >= '-33567'::integer) AND (t.a <= '-29472'::integer))
   Index Searches: 1
   Prefetch: distance=2.105 count=421 stalls=3467 skipped=34 resets=0 ungets=0 forwarded=0
             histogram [2,4) => 406, [4,8) => 15
   Buffers: shared hit=3781 read=297
 Settings: enable_bitmapscan = 'off', enable_seqscan = 'off', max_parallel_workers_per_gather = '0'
 Planning:
   Buffers: shared hit=86 read=26
 Planning Time: 1.941 ms
 Execution Time: 7.090 ms
(12 rows)

SET
SET
SET
SET
SET
                                             QUERY PLAN                                             
----------------------------------------------------------------------------------------------------
 Index Scan using idx on public.t (actual rows=4096.00 loops=1)
   Output: a, b
   Index Cond: ((t.a >= '-33567'::integer) AND (t.a <= '-29472'::integer))
   Index Searches: 1
   Buffers: shared hit=4078
 Settings: enable_bitmapscan = 'off', enable_seqscan = 'off', max_parallel_workers_per_gather = '0'
 Planning:
   Buffers: shared hit=117
 Planning Time: 0.196 ms
 Execution Time: 0.807 ms
(10 rows)

