SET
SET
SET
SET
SET
                                             QUERY PLAN                                             
----------------------------------------------------------------------------------------------------
 Index Scan using idx on public.t (actual rows=512.00 loops=1)
   Output: a, b
   Index Cond: ((t.a >= '-6518'::integer) AND (t.a <= '-6007'::integer))
   Index Searches: 1
   Prefetch: distance=2.064 count=47 stalls=246 skipped=4 resets=0 ungets=0 forwarded=0
             histogram [2,4) => 46, [4,8) => 1
   Buffers: shared hit=395 read=116
 Settings: enable_bitmapscan = 'off', enable_seqscan = 'off', max_parallel_workers_per_gather = '0'
 Planning:
   Buffers: shared hit=86 read=26
 Planning Time: 1.479 ms
 Execution Time: 3.712 ms
(12 rows)

SET
SET
SET
SET
SET
                                             QUERY PLAN                                             
----------------------------------------------------------------------------------------------------
 Index Scan using idx on public.t (actual rows=512.00 loops=1)
   Output: a, b
   Index Cond: ((t.a >= '-6518'::integer) AND (t.a <= '-6007'::integer))
   Index Searches: 1
   Buffers: shared hit=511
 Settings: enable_bitmapscan = 'off', enable_seqscan = 'off', max_parallel_workers_per_gather = '0'
 Planning:
   Buffers: shared hit=117
 Planning Time: 0.213 ms
 Execution Time: 0.218 ms
(10 rows)

