SET
SET
SET
SET
SET
                                                                 QUERY PLAN                                                                  
---------------------------------------------------------------------------------------------------------------------------------------------
 Index Scan using idx on public.t (actual rows=8192.00 loops=1)
   Output: a, b
   Index Cond: ((t.a >= '-40346'::integer) AND (t.a <= '-32155'::integer))
   Index Searches: 1
   Prefetch: distance=259.304 count=8210 stalls=1 skipped=84 resets=0 ungets=156 forwarded=1
             histogram [2,4) => 4, [4,8) => 7, [8,16) => 6, [16,32) => 18, [32,64) => 6, [64,128) => 2, [128,256) => 2007, [256,512) => 6160
   Buffers: shared hit=7632 read=505
 Settings: enable_bitmapscan = 'off', enable_seqscan = 'off', max_parallel_workers_per_gather = '0'
 Planning:
   Buffers: shared hit=86 read=26
 Planning Time: 1.924 ms
 Execution Time: 8.145 ms
(12 rows)

SET
SET
SET
SET
SET
                                             QUERY PLAN                                             
----------------------------------------------------------------------------------------------------
 Index Scan using idx on public.t (actual rows=8192.00 loops=1)
   Output: a, b
   Index Cond: ((t.a >= '-40346'::integer) AND (t.a <= '-32155'::integer))
   Index Searches: 1
   Buffers: shared hit=8137
 Settings: enable_bitmapscan = 'off', enable_seqscan = 'off', max_parallel_workers_per_gather = '0'
 Planning:
   Buffers: shared hit=117
 Planning Time: 0.135 ms
 Execution Time: 0.884 ms
(10 rows)

