SET
SET
SET
SET
SET
                                                                     QUERY PLAN                                                                     
----------------------------------------------------------------------------------------------------------------------------------------------------
 Index Scan using idx on public.t (actual rows=4048576.00 loops=1)
   Output: a, b
   Index Cond: ((t.a >= '-4050330'::integer) AND (t.a <= '-1755'::integer))
   Index Searches: 1
   Prefetch: distance=260.363 count=4048471 stalls=6 skipped=37616 resets=0 ungets=37592 forwarded=832
             histogram [2,4) => 6, [4,8) => 5, [8,16) => 9, [16,32) => 14, [32,64) => 22, [64,128) => 4, [128,256) => 1028848, [256,512) => 3019563
   Buffers: shared hit=3818069 read=203948
 Settings: enable_bitmapscan = 'off', enable_seqscan = 'off', max_parallel_workers_per_gather = '0'
 Planning:
   Buffers: shared hit=82 read=26
 Planning Time: 1.934 ms
 Execution Time: 1234.063 ms
(12 rows)

SET
SET
SET
SET
SET
                                             QUERY PLAN                                             
----------------------------------------------------------------------------------------------------
 Index Scan using idx on public.t (actual rows=4048576.00 loops=1)
   Output: a, b
   Index Cond: ((t.a >= '-4050330'::integer) AND (t.a <= '-1755'::integer))
   Index Searches: 1
   Buffers: shared hit=4022027
 Settings: enable_bitmapscan = 'off', enable_seqscan = 'off', max_parallel_workers_per_gather = '0'
 Planning:
   Buffers: shared hit=113
 Planning Time: 0.243 ms
 Execution Time: 650.616 ms
(10 rows)

