SET
SET
SET
SET
SET
                                                                   QUERY PLAN                                                                    
-------------------------------------------------------------------------------------------------------------------------------------------------
 Index Scan using idx on public.t (actual rows=2048576.00 loops=1)
   Output: a, b
   Index Cond: ((t.a >= '-2062115'::integer) AND (t.a <= '-13540'::integer))
   Index Searches: 1
   Prefetch: distance=260.372 count=2049580 stalls=1 skipped=19012 resets=0 ungets=20019 forwarded=398
             histogram [2,4) => 2, [4,8) => 7, [8,16) => 6, [16,32) => 8, [32,64) => 2, [64,128) => 2, [128,256) => 520487, [256,512) => 1529066
   Buffers: shared hit=1931924 read=103240
 Settings: enable_bitmapscan = 'off', enable_seqscan = 'off', max_parallel_workers_per_gather = '0'
 Planning:
   Buffers: shared hit=82 read=26
 Planning Time: 1.925 ms
 Execution Time: 679.203 ms
(12 rows)

SET
SET
SET
SET
SET
                                             QUERY PLAN                                             
----------------------------------------------------------------------------------------------------
 Index Scan using idx on public.t (actual rows=2048576.00 loops=1)
   Output: a, b
   Index Cond: ((t.a >= '-2062115'::integer) AND (t.a <= '-13540'::integer))
   Index Searches: 1
   Buffers: shared hit=2035168
 Settings: enable_bitmapscan = 'off', enable_seqscan = 'off', max_parallel_workers_per_gather = '0'
 Planning:
   Buffers: shared hit=113
 Planning Time: 0.187 ms
 Execution Time: 327.112 ms
(10 rows)

