SET
SET
SET
SET
SET
                                                                     QUERY PLAN                                                                      
-----------------------------------------------------------------------------------------------------------------------------------------------------
 Index Scan using idx on public.t (actual rows=6048576.00 loops=1)
   Output: a, b
   Index Cond: ((t.a >= '-6076654'::integer) AND (t.a <= '-28079'::integer))
   Index Searches: 1
   Prefetch: distance=260.358 count=6048613 stalls=2 skipped=56513 resets=0 ungets=56655 forwarded=1216
             histogram [2,4) => 8, [4,8) => 8, [8,16) => 9, [16,32) => 27, [32,64) => 23, [64,128) => 55, [128,256) => 1538516, [256,512) => 4509967
   Buffers: shared hit=5703934 read=304646
 Settings: enable_bitmapscan = 'off', enable_seqscan = 'off', max_parallel_workers_per_gather = '0'
 Planning:
   Buffers: shared hit=82 read=26
 Planning Time: 1.961 ms
 Execution Time: 1902.030 ms
(12 rows)

SET
SET
SET
SET
SET
                                             QUERY PLAN                                             
----------------------------------------------------------------------------------------------------
 Index Scan using idx on public.t (actual rows=6048576.00 loops=1)
   Output: a, b
   Index Cond: ((t.a >= '-6076654'::integer) AND (t.a <= '-28079'::integer))
   Index Searches: 1
   Buffers: shared hit=6008595
 Settings: enable_bitmapscan = 'off', enable_seqscan = 'off', max_parallel_workers_per_gather = '0'
 Planning:
   Buffers: shared hit=113
 Planning Time: 0.249 ms
 Execution Time: 974.974 ms
(10 rows)

