SET
SET
SET
SET
SET
                                                                       QUERY PLAN                                                                       
--------------------------------------------------------------------------------------------------------------------------------------------------------
 Index Scan using idx on public.t (actual rows=8048576.00 loops=1)
   Output: a, b
   Index Cond: ((t.a >= '-8057619'::integer) AND (t.a <= '-9044'::integer))
   Index Searches: 1
   Prefetch: distance=260.374 count=8049152 stalls=4 skipped=75197 resets=0 ungets=75883 forwarded=1630
             histogram [2,4) => 12, [4,8) => 13, [8,16) => 13, [16,32) => 26, [32,64) => 35, [64,128) => 59, [128,256) => 2042737, [256,512) => 6006257
   Buffers: shared hit=7590010 read=405347
 Settings: enable_bitmapscan = 'off', enable_seqscan = 'off', max_parallel_workers_per_gather = '0'
 Planning:
   Buffers: shared hit=82 read=26
 Planning Time: 1.918 ms
 Execution Time: 2432.209 ms
(12 rows)

SET
SET
SET
SET
SET
                                             QUERY PLAN                                             
----------------------------------------------------------------------------------------------------
 Index Scan using idx on public.t (actual rows=8048576.00 loops=1)
   Output: a, b
   Index Cond: ((t.a >= '-8057619'::integer) AND (t.a <= '-9044'::integer))
   Index Searches: 1
   Buffers: shared hit=7995375
 Settings: enable_bitmapscan = 'off', enable_seqscan = 'off', max_parallel_workers_per_gather = '0'
 Planning:
   Buffers: shared hit=113
 Planning Time: 0.327 ms
 Execution Time: 1292.583 ms
(10 rows)

