SET
SET
SET
SET
SET
                                                                  QUERY PLAN                                                                  
----------------------------------------------------------------------------------------------------------------------------------------------
 Index Scan using idx on public.t (actual rows=4096.00 loops=1)
   Output: a, b
   Index Cond: ((t.a >= '-23428'::integer) AND (t.a <= '-19333'::integer))
   Index Searches: 1
   Prefetch: distance=257.821 count=4081 stalls=2 skipped=35 resets=0 ungets=87 forwarded=1
             histogram [2,4) => 2, [4,8) => 6, [8,16) => 10, [16,32) => 16, [32,64) => 17, [64,128) => 6, [128,256) => 924, [256,512) => 3100
   Buffers: shared hit=3779 read=298
 Settings: enable_bitmapscan = 'off', enable_seqscan = 'off', max_parallel_workers_per_gather = '0'
 Planning:
   Buffers: shared hit=86 read=26
 Planning Time: 1.968 ms
 Execution Time: 6.455 ms
(12 rows)

SET
SET
SET
SET
SET
                                             QUERY PLAN                                             
----------------------------------------------------------------------------------------------------
 Index Scan using idx on public.t (actual rows=4096.00 loops=1)
   Output: a, b
   Index Cond: ((t.a >= '-23428'::integer) AND (t.a <= '-19333'::integer))
   Index Searches: 1
   Buffers: shared hit=4078
 Settings: enable_bitmapscan = 'off', enable_seqscan = 'off', max_parallel_workers_per_gather = '0'
 Planning:
   Buffers: shared hit=117
 Planning Time: 0.270 ms
 Execution Time: 0.830 ms
(10 rows)

