SET
SET
SET
SET
SET
                                                                   QUERY PLAN                                                                   
------------------------------------------------------------------------------------------------------------------------------------------------
 Index Scan using idx on public.t (actual rows=32768.00 loops=1)
   Output: a, b
   Index Cond: ((t.a >= '-49894'::integer) AND (t.a <= '-17127'::integer))
   Index Searches: 1
   Prefetch: distance=260.234 count=32835 stalls=1 skipped=323 resets=0 ungets=466 forwarded=7
             histogram [2,4) => 4, [4,8) => 8, [8,16) => 10, [16,32) => 15, [32,64) => 14, [64,128) => 5, [128,256) => 7995, [256,512) => 24784
   Buffers: shared hit=30797 read=1744
 Settings: enable_bitmapscan = 'off', enable_seqscan = 'off', max_parallel_workers_per_gather = '0'
 Planning:
   Buffers: shared hit=86 read=26
 Planning Time: 1.913 ms
 Execution Time: 17.544 ms
(12 rows)

SET
SET
SET
SET
SET
                                             QUERY PLAN                                             
----------------------------------------------------------------------------------------------------
 Index Scan using idx on public.t (actual rows=32768.00 loops=1)
   Output: a, b
   Index Cond: ((t.a >= '-49894'::integer) AND (t.a <= '-17127'::integer))
   Index Searches: 1
   Buffers: shared hit=32541
 Settings: enable_bitmapscan = 'off', enable_seqscan = 'off', max_parallel_workers_per_gather = '0'
 Planning:
   Buffers: shared hit=117
 Planning Time: 0.214 ms
 Execution Time: 5.337 ms
(10 rows)

