SET
SET
SET
SET
SET
                                                                   QUERY PLAN                                                                    
-------------------------------------------------------------------------------------------------------------------------------------------------
 Index Scan using idx on public.t (actual rows=524288.00 loops=1)
   Output: a, b
   Index Cond: ((t.a >= '-536329'::integer) AND (t.a <= '-12042'::integer))
   Index Searches: 1
   Prefetch: distance=260.373 count=524431 stalls=1 skipped=4863 resets=0 ungets=5043 forwarded=102
             histogram [2,4) => 2, [4,8) => 3, [8,16) => 9, [16,32) => 12, [32,64) => 2, [64,128) => 2, [128,256) => 132982, [256,512) => 391419
   Buffers: shared hit=494369 read=26493
 Settings: enable_bitmapscan = 'off', enable_seqscan = 'off', max_parallel_workers_per_gather = '0'
 Planning:
   Buffers: shared hit=82 read=26
 Planning Time: 1.930 ms
 Execution Time: 170.057 ms
(12 rows)

SET
SET
SET
SET
SET
                                             QUERY PLAN                                             
----------------------------------------------------------------------------------------------------
 Index Scan using idx on public.t (actual rows=524288.00 loops=1)
   Output: a, b
   Index Cond: ((t.a >= '-536329'::integer) AND (t.a <= '-12042'::integer))
   Index Searches: 1
   Buffers: shared hit=520864
 Settings: enable_bitmapscan = 'off', enable_seqscan = 'off', max_parallel_workers_per_gather = '0'
 Planning:
   Buffers: shared hit=113
 Planning Time: 0.214 ms
 Execution Time: 86.257 ms
(10 rows)

