SET
SET
SET
SET
SET
                                                                    QUERY PLAN                                                                    
--------------------------------------------------------------------------------------------------------------------------------------------------
 Index Scan using idx on public.t (actual rows=3048576.00 loops=1)
   Output: a, b
   Index Cond: ((t.a >= '-3075214'::integer) AND (t.a <= '-26639'::integer))
   Index Searches: 1
   Prefetch: distance=260.370 count=3049463 stalls=1 skipped=28322 resets=0 ungets=29289 forwarded=641
             histogram [2,4) => 2, [4,8) => 5, [8,16) => 7, [16,32) => 9, [32,64) => 12, [64,128) => 2, [128,256) => 773972, [256,512) => 2275454
   Buffers: shared hit=2874984 read=153592
 Settings: enable_bitmapscan = 'off', enable_seqscan = 'off', max_parallel_workers_per_gather = '0'
 Planning:
   Buffers: shared hit=82 read=26
 Planning Time: 1.923 ms
 Execution Time: 952.297 ms
(12 rows)

SET
SET
SET
SET
SET
                                             QUERY PLAN                                             
----------------------------------------------------------------------------------------------------
 Index Scan using idx on public.t (actual rows=3048576.00 loops=1)
   Output: a, b
   Index Cond: ((t.a >= '-3075214'::integer) AND (t.a <= '-26639'::integer))
   Index Searches: 1
   Buffers: shared hit=3028585
 Settings: enable_bitmapscan = 'off', enable_seqscan = 'off', max_parallel_workers_per_gather = '0'
 Planning:
   Buffers: shared hit=113
 Planning Time: 0.247 ms
 Execution Time: 494.127 ms
(10 rows)

