SET
SET
SET
SET
SET
                                                                   QUERY PLAN                                                                   
------------------------------------------------------------------------------------------------------------------------------------------------
 Index Scan Backward using idx on public.t (actual rows=32768.00 loops=1)
   Output: a, b
   Index Cond: ((t.a >= '-47286'::integer) AND (t.a <= '-14519'::integer))
   Index Searches: 1
   Prefetch: distance=263.325 count=35474 stalls=1 skipped=329 resets=0 ungets=3107 forwarded=20
             histogram [2,4) => 2, [4,8) => 9, [8,16) => 13, [16,32) => 16, [32,64) => 11, [64,128) => 3, [128,256) => 5424, [256,512) => 29996
   Buffers: shared hit=30791 read=1744
 Settings: enable_bitmapscan = 'off', enable_seqscan = 'off', max_parallel_workers_per_gather = '0'
 Planning:
   Buffers: shared hit=82 read=26
 Planning Time: 1.918 ms
 Execution Time: 38.687 ms
(12 rows)

SET
SET
SET
SET
SET
                                             QUERY PLAN                                             
----------------------------------------------------------------------------------------------------
 Index Scan Backward using idx on public.t (actual rows=32768.00 loops=1)
   Output: a, b
   Index Cond: ((t.a >= '-47286'::integer) AND (t.a <= '-14519'::integer))
   Index Searches: 1
   Buffers: shared hit=32535
 Settings: enable_bitmapscan = 'off', enable_seqscan = 'off', max_parallel_workers_per_gather = '0'
 Planning:
   Buffers: shared hit=113
 Planning Time: 0.200 ms
 Execution Time: 5.347 ms
(10 rows)

