SET
SET
SET
SET
SET
                                                                  QUERY PLAN                                                                  
----------------------------------------------------------------------------------------------------------------------------------------------
 Index Scan Backward using idx on public.t (actual rows=4096.00 loops=1)
   Output: a, b
   Index Cond: ((t.a >= '-35940'::integer) AND (t.a <= '-31845'::integer))
   Index Searches: 1
   Prefetch: distance=261.483 count=4386 stalls=1 skipped=37 resets=0 ungets=399 forwarded=1
             histogram [2,4) => 4, [4,8) => 4, [8,16) => 10, [16,32) => 14, [32,64) => 21, [64,128) => 6, [128,256) => 549, [256,512) => 3778
   Buffers: shared hit=3776 read=297
 Settings: enable_bitmapscan = 'off', enable_seqscan = 'off', max_parallel_workers_per_gather = '0'
 Planning:
   Buffers: shared hit=82 read=26
 Planning Time: 1.958 ms
 Execution Time: 8.962 ms
(12 rows)

SET
SET
SET
SET
SET
                                             QUERY PLAN                                             
----------------------------------------------------------------------------------------------------
 Index Scan Backward using idx on public.t (actual rows=4096.00 loops=1)
   Output: a, b
   Index Cond: ((t.a >= '-35940'::integer) AND (t.a <= '-31845'::integer))
   Index Searches: 1
   Buffers: shared hit=4073
 Settings: enable_bitmapscan = 'off', enable_seqscan = 'off', max_parallel_workers_per_gather = '0'
 Planning:
   Buffers: shared hit=113
 Planning Time: 0.158 ms
 Execution Time: 0.577 ms
(10 rows)

