SET
SET
SET
SET
SET
                                                                    QUERY PLAN                                                                    
--------------------------------------------------------------------------------------------------------------------------------------------------
 Index Scan Backward using idx on public.t (actual rows=4048576.00 loops=1)
   Output: a, b
   Index Cond: ((t.a >= '-4071031'::integer) AND (t.a <= '-22456'::integer))
   Index Searches: 1
   Prefetch: distance=263.657 count=4394328 stalls=1 skipped=37613 resets=0 ungets=383378 forwarded=2900
             histogram [2,4) => 2, [4,8) => 6, [8,16) => 6, [16,32) => 10, [32,64) => 2, [64,128) => 2, [128,256) => 693217, [256,512) => 3701083
   Buffers: shared hit=3818018 read=203945
 Settings: enable_bitmapscan = 'off', enable_seqscan = 'off', max_parallel_workers_per_gather = '0'
 Planning:
   Buffers: shared hit=78 read=26
 Planning Time: 1.952 ms
 Execution Time: 4356.022 ms
(12 rows)

SET
SET
SET
SET
SET
                                             QUERY PLAN                                             
----------------------------------------------------------------------------------------------------
 Index Scan Backward using idx on public.t (actual rows=4048576.00 loops=1)
   Output: a, b
   Index Cond: ((t.a >= '-4071031'::integer) AND (t.a <= '-22456'::integer))
   Index Searches: 1
   Buffers: shared hit=4022031
 Settings: enable_bitmapscan = 'off', enable_seqscan = 'off', max_parallel_workers_per_gather = '0'
 Planning:
   Buffers: shared hit=109
 Planning Time: 0.230 ms
 Execution Time: 665.654 ms
(10 rows)

