SET
SET
SET
SET
SET
                                                                    QUERY PLAN                                                                     
---------------------------------------------------------------------------------------------------------------------------------------------------
 Index Scan Backward using idx on public.t (actual rows=2048576.00 loops=1)
   Output: a, b
   Index Cond: ((t.a >= '-2059876'::integer) AND (t.a <= '-11301'::integer))
   Index Searches: 1
   Prefetch: distance=263.642 count=2223477 stalls=1 skipped=19020 resets=0 ungets=193949 forwarded=1488
             histogram [2,4) => 4, [4,8) => 9, [8,16) => 12, [16,32) => 12, [32,64) => 9, [64,128) => 2, [128,256) => 351243, [256,512) => 1872186
   Buffers: shared hit=1931887 read=103240
 Settings: enable_bitmapscan = 'off', enable_seqscan = 'off', max_parallel_workers_per_gather = '0'
 Planning:
   Buffers: shared hit=78 read=26
 Planning Time: 1.942 ms
 Execution Time: 2203.238 ms
(12 rows)

SET
SET
SET
SET
SET
                                             QUERY PLAN                                             
----------------------------------------------------------------------------------------------------
 Index Scan Backward using idx on public.t (actual rows=2048576.00 loops=1)
   Output: a, b
   Index Cond: ((t.a >= '-2059876'::integer) AND (t.a <= '-11301'::integer))
   Index Searches: 1
   Buffers: shared hit=2035160
 Settings: enable_bitmapscan = 'off', enable_seqscan = 'off', max_parallel_workers_per_gather = '0'
 Planning:
   Buffers: shared hit=109
 Planning Time: 0.321 ms
 Execution Time: 336.808 ms
(10 rows)

