SET
SET
SET
SET
SET
                                             QUERY PLAN                                             
----------------------------------------------------------------------------------------------------
 Index Scan Backward using idx on public.t (actual rows=256.00 loops=1)
   Output: a, b
   Index Cond: ((t.a >= '-28329'::integer) AND (t.a <= '-28074'::integer))
   Index Searches: 1
   Prefetch: distance=2.342 count=38 stalls=72 skipped=0 resets=0 ungets=0 forwarded=0
             histogram [2,4) => 34, [4,8) => 4
   Buffers: shared hit=165 read=98
 Settings: enable_bitmapscan = 'off', enable_seqscan = 'off', max_parallel_workers_per_gather = '0'
 Planning:
   Buffers: shared hit=82 read=26
 Planning Time: 1.716 ms
 Execution Time: 5.351 ms
(12 rows)

SET
SET
SET
SET
SET
                                             QUERY PLAN                                             
----------------------------------------------------------------------------------------------------
 Index Scan Backward using idx on public.t (actual rows=256.00 loops=1)
   Output: a, b
   Index Cond: ((t.a >= '-28329'::integer) AND (t.a <= '-28074'::integer))
   Index Searches: 1
   Buffers: shared hit=263
 Settings: enable_bitmapscan = 'off', enable_seqscan = 'off', max_parallel_workers_per_gather = '0'
 Planning:
   Buffers: shared hit=113
 Planning Time: 0.208 ms
 Execution Time: 0.172 ms
(10 rows)

