SET
SET
SET
SET
SET
                                                                    QUERY PLAN                                                                     
---------------------------------------------------------------------------------------------------------------------------------------------------
 Index Scan Backward using idx on public.t (actual rows=262144.00 loops=1)
   Output: a, b
   Index Cond: ((t.a >= '-264355'::integer) AND (t.a <= '-2212'::integer))
   Index Searches: 1
   Prefetch: distance=263.480 count=284372 stalls=5 skipped=2453 resets=0 ungets=24788 forwarded=184
             histogram [2,4) => 14, [4,8) => 4, [8,16) => 9, [16,32) => 17, [32,64) => 27, [64,128) => 41, [128,256) => 45528, [256,512) => 238732
   Buffers: shared hit=247117 read=13291
 Settings: enable_bitmapscan = 'off', enable_seqscan = 'off', max_parallel_workers_per_gather = '0'
 Planning:
   Buffers: shared hit=78 read=26
 Planning Time: 1.966 ms
 Execution Time: 280.967 ms
(12 rows)

SET
SET
SET
SET
SET
                                             QUERY PLAN                                             
----------------------------------------------------------------------------------------------------
 Index Scan Backward using idx on public.t (actual rows=262144.00 loops=1)
   Output: a, b
   Index Cond: ((t.a >= '-264355'::integer) AND (t.a <= '-2212'::integer))
   Index Searches: 1
   Buffers: shared hit=260413
 Settings: enable_bitmapscan = 'off', enable_seqscan = 'off', max_parallel_workers_per_gather = '0'
 Planning:
   Buffers: shared hit=109
 Planning Time: 0.196 ms
 Execution Time: 42.374 ms
(10 rows)

