SET
SET
SET
SET
SET
                                                                  QUERY PLAN                                                                   
-----------------------------------------------------------------------------------------------------------------------------------------------
 Index Scan Backward using idx on public.t (actual rows=8192.00 loops=1)
   Output: a, b
   Index Cond: ((t.a >= '-36641'::integer) AND (t.a <= '-28450'::integer))
   Index Searches: 1
   Prefetch: distance=262.656 count=8888 stalls=1 skipped=78 resets=0 ungets=815 forwarded=2
             histogram [2,4) => 10, [4,8) => 5, [8,16) => 15, [16,32) => 10, [32,64) => 5, [64,128) => 4, [128,256) => 1244, [256,512) => 7595
   Buffers: shared hit=7638 read=501
 Settings: enable_bitmapscan = 'off', enable_seqscan = 'off', max_parallel_workers_per_gather = '0'
 Planning:
   Buffers: shared hit=82 read=26
 Planning Time: 1.978 ms
 Execution Time: 12.303 ms
(12 rows)

SET
SET
SET
SET
SET
                                             QUERY PLAN                                             
----------------------------------------------------------------------------------------------------
 Index Scan Backward using idx on public.t (actual rows=8192.00 loops=1)
   Output: a, b
   Index Cond: ((t.a >= '-36641'::integer) AND (t.a <= '-28450'::integer))
   Index Searches: 1
   Buffers: shared hit=8139
 Settings: enable_bitmapscan = 'off', enable_seqscan = 'off', max_parallel_workers_per_gather = '0'
 Planning:
   Buffers: shared hit=113
 Planning Time: 0.182 ms
 Execution Time: 1.086 ms
(10 rows)

