SET
SET
SET
SET
SET
                                                                   QUERY PLAN                                                                   
------------------------------------------------------------------------------------------------------------------------------------------------
 Index Scan Backward using idx on public.t (actual rows=131072.00 loops=1)
   Output: a, b
   Index Cond: ((t.a >= '-153781'::integer) AND (t.a <= '-22710'::integer))
   Index Searches: 1
   Prefetch: distance=263.598 count=142286 stalls=1 skipped=1232 resets=0 ungets=12507 forwarded=105
             histogram [2,4) => 2, [4,8) => 6, [8,16) => 9, [16,32) => 20, [32,64) => 8, [64,128) => 2, [128,256) => 22450, [256,512) => 119789
   Buffers: shared hit=123504 read=6694
 Settings: enable_bitmapscan = 'off', enable_seqscan = 'off', max_parallel_workers_per_gather = '0'
 Planning:
   Buffers: shared hit=82 read=26
 Planning Time: 2.065 ms
 Execution Time: 140.549 ms
(12 rows)

SET
SET
SET
SET
SET
                                             QUERY PLAN                                             
----------------------------------------------------------------------------------------------------
 Index Scan Backward using idx on public.t (actual rows=131072.00 loops=1)
   Output: a, b
   Index Cond: ((t.a >= '-153781'::integer) AND (t.a <= '-22710'::integer))
   Index Searches: 1
   Buffers: shared hit=130201
 Settings: enable_bitmapscan = 'off', enable_seqscan = 'off', max_parallel_workers_per_gather = '0'
 Planning:
   Buffers: shared hit=113
 Planning Time: 0.224 ms
 Execution Time: 20.540 ms
(10 rows)

