SET
SET
SET
SET
SET
                                                                    QUERY PLAN                                                                     
---------------------------------------------------------------------------------------------------------------------------------------------------
 Index Scan Backward using idx on public.t (actual rows=6048576.00 loops=1)
   Output: a, b
   Index Cond: ((t.a >= '-6063185'::integer) AND (t.a <= '-14610'::integer))
   Index Searches: 1
   Prefetch: distance=263.654 count=6564260 stalls=1 skipped=56527 resets=0 ungets=572240 forwarded=4297
             histogram [2,4) => 2, [4,8) => 3, [8,16) => 9, [16,32) => 13, [32,64) => 2, [64,128) => 5, [128,256) => 1035073, [256,512) => 5529153
   Buffers: shared hit=5703823 read=304647
 Settings: enable_bitmapscan = 'off', enable_seqscan = 'off', max_parallel_workers_per_gather = '0'
 Planning:
   Buffers: shared hit=78 read=26
 Planning Time: 2.015 ms
 Execution Time: 6508.376 ms
(12 rows)

SET
SET
SET
SET
SET
                                             QUERY PLAN                                             
----------------------------------------------------------------------------------------------------
 Index Scan Backward using idx on public.t (actual rows=6048576.00 loops=1)
   Output: a, b
   Index Cond: ((t.a >= '-6063185'::integer) AND (t.a <= '-14610'::integer))
   Index Searches: 1
   Buffers: shared hit=6008581
 Settings: enable_bitmapscan = 'off', enable_seqscan = 'off', max_parallel_workers_per_gather = '0'
 Planning:
   Buffers: shared hit=109
 Planning Time: 0.221 ms
 Execution Time: 994.299 ms
(10 rows)

