SET
SET
SET
SET
SET
                                             QUERY PLAN                                             
----------------------------------------------------------------------------------------------------
 Index Scan Backward using idx on public.t (actual rows=512.00 loops=1)
   Output: a, b
   Index Cond: ((t.a >= '-561'::integer) AND (t.a <= '-434'::integer))
   Index Searches: 1
   Prefetch: distance=2.000 count=30 stalls=168 skipped=3 resets=0 ungets=0 forwarded=0
             histogram [2,4) => 30
   Buffers: shared hit=391 read=120
 Settings: enable_bitmapscan = 'off', enable_seqscan = 'off', max_parallel_workers_per_gather = '0'
 Planning:
   Buffers: shared hit=85 read=28
 Planning Time: 1.317 ms
 Execution Time: 5.150 ms
(12 rows)

SET
SET
SET
SET
SET
                                             QUERY PLAN                                             
----------------------------------------------------------------------------------------------------
 Index Scan Backward using idx on public.t (actual rows=512.00 loops=1)
   Output: a, b
   Index Cond: ((t.a >= '-561'::integer) AND (t.a <= '-434'::integer))
   Index Searches: 1
   Buffers: shared hit=511
 Settings: enable_bitmapscan = 'off', enable_seqscan = 'off', max_parallel_workers_per_gather = '0'
 Planning:
   Buffers: shared hit=118
 Planning Time: 0.199 ms
 Execution Time: 0.208 ms
(10 rows)

