SET
SET
SET
SET
SET
                                                                QUERY PLAN                                                                
------------------------------------------------------------------------------------------------------------------------------------------
 Index Scan Backward using idx on public.t (actual rows=512.00 loops=1)
   Output: a, b
   Index Cond: ((t.a >= '-29655'::integer) AND (t.a <= '-29144'::integer))
   Index Searches: 1
   Prefetch: distance=255.712 count=607 stalls=1 skipped=5 resets=0 ungets=109 forwarded=3
             histogram [2,4) => 2, [4,8) => 6, [8,16) => 7, [16,32) => 11, [32,64) => 2, [64,128) => 2, [128,256) => 26, [256,512) => 551
   Buffers: shared hit=399 read=116
 Settings: enable_bitmapscan = 'off', enable_seqscan = 'off', max_parallel_workers_per_gather = '0'
 Planning:
   Buffers: shared hit=82 read=26
 Planning Time: 1.948 ms
 Execution Time: 3.498 ms
(12 rows)

SET
SET
SET
SET
SET
                                             QUERY PLAN                                             
----------------------------------------------------------------------------------------------------
 Index Scan Backward using idx on public.t (actual rows=512.00 loops=1)
   Output: a, b
   Index Cond: ((t.a >= '-29655'::integer) AND (t.a <= '-29144'::integer))
   Index Searches: 1
   Buffers: shared hit=515
 Settings: enable_bitmapscan = 'off', enable_seqscan = 'off', max_parallel_workers_per_gather = '0'
 Planning:
   Buffers: shared hit=113
 Planning Time: 0.177 ms
 Execution Time: 0.185 ms
(10 rows)

