SET
SET
SET
SET
SET
                                                                  QUERY PLAN                                                                  
----------------------------------------------------------------------------------------------------------------------------------------------
 Index Scan Backward using idx on public.t (actual rows=16384.00 loops=1)
   Output: a, b
   Index Cond: ((t.a >= '-32968'::integer) AND (t.a <= '-16585'::integer))
   Index Searches: 1
   Prefetch: distance=263.323 count=17794 stalls=2 skipped=159 resets=0 ungets=1598 forwarded=8
             histogram [2,4) => 4, [4,8) => 5, [8,16) => 7, [16,32) => 11, [32,64) => 5, [64,128) => 2, [128,256) => 2660, [256,512) => 15100
   Buffers: shared hit=15358 read=917
 Settings: enable_bitmapscan = 'off', enable_seqscan = 'off', max_parallel_workers_per_gather = '0'
 Planning:
   Buffers: shared hit=82 read=26
 Planning Time: 1.970 ms
 Execution Time: 19.308 ms
(12 rows)

SET
SET
SET
SET
SET
                                             QUERY PLAN                                             
----------------------------------------------------------------------------------------------------
 Index Scan Backward using idx on public.t (actual rows=16384.00 loops=1)
   Output: a, b
   Index Cond: ((t.a >= '-32968'::integer) AND (t.a <= '-16585'::integer))
   Index Searches: 1
   Buffers: shared hit=16275
 Settings: enable_bitmapscan = 'off', enable_seqscan = 'off', max_parallel_workers_per_gather = '0'
 Planning:
   Buffers: shared hit=113
 Planning Time: 0.141 ms
 Execution Time: 2.149 ms
(10 rows)

