SET
SET
SET
SET
SET
                                                                   QUERY PLAN                                                                    
-------------------------------------------------------------------------------------------------------------------------------------------------
 Index Scan Backward using idx on public.t (actual rows=1048576.00 loops=1)
   Output: a, b
   Index Cond: ((t.a >= '-1052623'::integer) AND (t.a <= '-4048'::integer))
   Index Searches: 1
   Prefetch: distance=263.638 count=1138138 stalls=1 skipped=9775 resets=0 ungets=99344 forwarded=745
             histogram [2,4) => 4, [4,8) => 4, [8,16) => 5, [16,32) => 19, [32,64) => 2, [64,128) => 2, [128,256) => 179007, [256,512) => 959095
   Buffers: shared hit=988761 read=52890
 Settings: enable_bitmapscan = 'off', enable_seqscan = 'off', max_parallel_workers_per_gather = '0'
 Planning:
   Buffers: shared hit=78 read=26
 Planning Time: 1.947 ms
 Execution Time: 1128.342 ms
(12 rows)

SET
SET
SET
SET
SET
                                             QUERY PLAN                                             
----------------------------------------------------------------------------------------------------
 Index Scan Backward using idx on public.t (actual rows=1048576.00 loops=1)
   Output: a, b
   Index Cond: ((t.a >= '-1052623'::integer) AND (t.a <= '-4048'::integer))
   Index Searches: 1
   Buffers: shared hit=1041672
 Settings: enable_bitmapscan = 'off', enable_seqscan = 'off', max_parallel_workers_per_gather = '0'
 Planning:
   Buffers: shared hit=109
 Planning Time: 0.234 ms
 Execution Time: 175.293 ms
(10 rows)

