SET
SET
SET
SET
SET
                                                                     QUERY PLAN                                                                     
----------------------------------------------------------------------------------------------------------------------------------------------------
 Index Scan Backward using idx on public.t (actual rows=2048576.00 loops=1)
   Output: a, b
   Index Cond: ((t.a >= '-2080398'::integer) AND (t.a <= '-31823'::integer))
   Index Searches: 1
   Prefetch: distance=263.638 count=2223403 stalls=2 skipped=19013 resets=0 ungets=193895 forwarded=1496
             histogram [2,4) => 8, [4,8) => 10, [8,16) => 8, [16,32) => 13, [32,64) => 10, [64,128) => 6, [128,256) => 351796, [256,512) => 1871552
   Buffers: shared hit=1931887 read=103242
 Settings: enable_bitmapscan = 'off', enable_seqscan = 'off', max_parallel_workers_per_gather = '0'
 Planning:
   Buffers: shared hit=78 read=26
 Planning Time: 1.927 ms
 Execution Time: 2205.823 ms
(12 rows)

SET
SET
SET
SET
SET
                                             QUERY PLAN                                             
----------------------------------------------------------------------------------------------------
 Index Scan Backward using idx on public.t (actual rows=2048576.00 loops=1)
   Output: a, b
   Index Cond: ((t.a >= '-2080398'::integer) AND (t.a <= '-31823'::integer))
   Index Searches: 1
   Buffers: shared hit=2035166
 Settings: enable_bitmapscan = 'off', enable_seqscan = 'off', max_parallel_workers_per_gather = '0'
 Planning:
   Buffers: shared hit=109
 Planning Time: 0.250 ms
 Execution Time: 337.269 ms
(10 rows)

