SET
SET
SET
SET
SET
                                             QUERY PLAN                                             
----------------------------------------------------------------------------------------------------
 Index Scan Backward using idx on public.t (actual rows=128.00 loops=1)
   Output: a, b
   Index Cond: ((t.a >= '-5202'::integer) AND (t.a <= '-5075'::integer))
   Index Searches: 1
   Prefetch: distance=24.167 count=48 stalls=2 skipped=1 resets=0 ungets=0 forwarded=0
             histogram [2,4) => 2, [4,8) => 7, [8,16) => 8, [16,32) => 16, [32,64) => 15
   Buffers: shared hit=55 read=79
 Settings: enable_bitmapscan = 'off', enable_seqscan = 'off', max_parallel_workers_per_gather = '0'
 Planning:
   Buffers: shared hit=82 read=26
 Planning Time: 1.226 ms
 Execution Time: 3.883 ms
(12 rows)

SET
SET
SET
SET
SET
                                             QUERY PLAN                                             
----------------------------------------------------------------------------------------------------
 Index Scan Backward using idx on public.t (actual rows=128.00 loops=1)
   Output: a, b
   Index Cond: ((t.a >= '-5202'::integer) AND (t.a <= '-5075'::integer))
   Index Searches: 1
   Buffers: shared hit=134
 Settings: enable_bitmapscan = 'off', enable_seqscan = 'off', max_parallel_workers_per_gather = '0'
 Planning:
   Buffers: shared hit=113
 Planning Time: 0.146 ms
 Execution Time: 0.071 ms
(10 rows)

