SET
SET
SET
SET
SET
                                                                QUERY PLAN                                                                 
-------------------------------------------------------------------------------------------------------------------------------------------
 Index Scan Backward using idx on public.t (actual rows=1024.00 loops=1)
   Output: a, b
   Index Cond: ((t.a >= '-25275'::integer) AND (t.a <= '-24252'::integer))
   Index Searches: 1
   Prefetch: distance=258.900 count=1136 stalls=1 skipped=10 resets=0 ungets=143 forwarded=2
             histogram [2,4) => 6, [4,8) => 5, [8,16) => 6, [16,32) => 9, [32,64) => 3, [64,128) => 2, [128,256) => 102, [256,512) => 1003
   Buffers: shared hit=878 read=145
 Settings: enable_bitmapscan = 'off', enable_seqscan = 'off', max_parallel_workers_per_gather = '0'
 Planning:
   Buffers: shared hit=82 read=26
 Planning Time: 1.947 ms
 Execution Time: 3.367 ms
(12 rows)

SET
SET
SET
SET
SET
                                             QUERY PLAN                                             
----------------------------------------------------------------------------------------------------
 Index Scan Backward using idx on public.t (actual rows=1024.00 loops=1)
   Output: a, b
   Index Cond: ((t.a >= '-25275'::integer) AND (t.a <= '-24252'::integer))
   Index Searches: 1
   Buffers: shared hit=1023
 Settings: enable_bitmapscan = 'off', enable_seqscan = 'off', max_parallel_workers_per_gather = '0'
 Planning:
   Buffers: shared hit=113
 Planning Time: 0.158 ms
 Execution Time: 0.184 ms
(10 rows)

