SET
SET
SET
SET
SET
                                                                    QUERY PLAN                                                                    
--------------------------------------------------------------------------------------------------------------------------------------------------
 Index Scan Backward using idx on public.t (actual rows=131072.00 loops=1)
   Output: a, b
   Index Cond: ((t.a >= '-153062'::integer) AND (t.a <= '-21991'::integer))
   Index Searches: 1
   Prefetch: distance=263.535 count=142223 stalls=3 skipped=1231 resets=0 ungets=12458 forwarded=104
             histogram [2,4) => 4, [4,8) => 6, [8,16) => 11, [16,32) => 16, [32,64) => 14, [64,128) => 4, [128,256) => 22589, [256,512) => 119579
   Buffers: shared hit=123510 read=6692
 Settings: enable_bitmapscan = 'off', enable_seqscan = 'off', max_parallel_workers_per_gather = '0'
 Planning:
   Buffers: shared hit=82 read=26
 Planning Time: 1.961 ms
 Execution Time: 140.676 ms
(12 rows)

SET
SET
SET
SET
SET
                                             QUERY PLAN                                             
----------------------------------------------------------------------------------------------------
 Index Scan Backward using idx on public.t (actual rows=131072.00 loops=1)
   Output: a, b
   Index Cond: ((t.a >= '-153062'::integer) AND (t.a <= '-21991'::integer))
   Index Searches: 1
   Buffers: shared hit=130205
 Settings: enable_bitmapscan = 'off', enable_seqscan = 'off', max_parallel_workers_per_gather = '0'
 Planning:
   Buffers: shared hit=113
 Planning Time: 0.201 ms
 Execution Time: 18.719 ms
(10 rows)

