SET
SET
SET
SET
SET
                                                                    QUERY PLAN                                                                     
---------------------------------------------------------------------------------------------------------------------------------------------------
 Index Scan Backward using idx on public.t (actual rows=65536.00 loops=1)
   Output: a, b
   Index Cond: ((t.a >= '-94172'::integer) AND (t.a <= '-28637'::integer))
   Index Searches: 1
   Prefetch: distance=263.303 count=71044 stalls=15 skipped=574 resets=0 ungets=6206 forwarded=57
             histogram [2,4) => 14, [4,8) => 10, [8,16) => 10, [16,32) => 15, [32,64) => 36, [64,128) => 5, [128,256) => 11267, [256,512) => 59687
   Buffers: shared hit=61755 read=3390
 Settings: enable_bitmapscan = 'off', enable_seqscan = 'off', max_parallel_workers_per_gather = '0'
 Planning:
   Buffers: shared hit=82 read=26
 Planning Time: 1.943 ms
 Execution Time: 74.216 ms
(12 rows)

SET
SET
SET
SET
SET
                                             QUERY PLAN                                             
----------------------------------------------------------------------------------------------------
 Index Scan Backward using idx on public.t (actual rows=65536.00 loops=1)
   Output: a, b
   Index Cond: ((t.a >= '-94172'::integer) AND (t.a <= '-28637'::integer))
   Index Searches: 1
   Buffers: shared hit=65146
 Settings: enable_bitmapscan = 'off', enable_seqscan = 'off', max_parallel_workers_per_gather = '0'
 Planning:
   Buffers: shared hit=113
 Planning Time: 0.216 ms
 Execution Time: 10.630 ms
(10 rows)

