SET
SET
SET
SET
SET
                                             QUERY PLAN                                             
----------------------------------------------------------------------------------------------------
 Index Scan Backward using idx on public.t (actual rows=4096.00 loops=1)
   Output: a, b
   Index Cond: ((t.a >= '-28747'::integer) AND (t.a <= '-24652'::integer))
   Index Searches: 1
   Prefetch: distance=2.045 count=398 stalls=3454 skipped=46 resets=0 ungets=0 forwarded=0
             histogram [2,4) => 392, [4,8) => 6
   Buffers: shared hit=3768 read=299
 Settings: enable_bitmapscan = 'off', enable_seqscan = 'off', max_parallel_workers_per_gather = '0'
 Planning:
   Buffers: shared hit=82 read=26
 Planning Time: 1.954 ms
 Execution Time: 17.956 ms
(12 rows)

SET
SET
SET
SET
SET
                                             QUERY PLAN                                             
----------------------------------------------------------------------------------------------------
 Index Scan Backward using idx on public.t (actual rows=4096.00 loops=1)
   Output: a, b
   Index Cond: ((t.a >= '-28747'::integer) AND (t.a <= '-24652'::integer))
   Index Searches: 1
   Buffers: shared hit=4067
 Settings: enable_bitmapscan = 'off', enable_seqscan = 'off', max_parallel_workers_per_gather = '0'
 Planning:
   Buffers: shared hit=113
 Planning Time: 0.210 ms
 Execution Time: 0.903 ms
(10 rows)

