SET
SET
SET
SET
SET
                                                                 QUERY PLAN                                                                 
--------------------------------------------------------------------------------------------------------------------------------------------
 Index Scan Backward using idx on public.t (actual rows=1024.00 loops=1)
   Output: a, b
   Index Cond: ((t.a >= '-31522'::integer) AND (t.a <= '-30499'::integer))
   Index Searches: 1
   Prefetch: distance=254.095 count=1088 stalls=2 skipped=8 resets=0 ungets=119 forwarded=0
             histogram [2,4) => 2, [4,8) => 7, [8,16) => 9, [16,32) => 15, [32,64) => 10, [64,128) => 2, [128,256) => 141, [256,512) => 902
   Buffers: shared hit=880 read=145
 Settings: enable_bitmapscan = 'off', enable_seqscan = 'off', max_parallel_workers_per_gather = '0'
 Planning:
   Buffers: shared hit=82 read=26
 Planning Time: 1.944 ms
 Execution Time: 5.740 ms
(12 rows)

SET
SET
SET
SET
SET
                                             QUERY PLAN                                             
----------------------------------------------------------------------------------------------------
 Index Scan Backward using idx on public.t (actual rows=1024.00 loops=1)
   Output: a, b
   Index Cond: ((t.a >= '-31522'::integer) AND (t.a <= '-30499'::integer))
   Index Searches: 1
   Buffers: shared hit=1025
 Settings: enable_bitmapscan = 'off', enable_seqscan = 'off', max_parallel_workers_per_gather = '0'
 Planning:
   Buffers: shared hit=113
 Planning Time: 0.173 ms
 Execution Time: 0.184 ms
(10 rows)

