SET
SET
SET
SET
SET
                                                                      QUERY PLAN                                                                       
-------------------------------------------------------------------------------------------------------------------------------------------------------
 Index Scan Backward using idx on public.t (actual rows=8048576.00 loops=1)
   Output: a, b
   Index Cond: ((t.a >= '-8057980'::integer) AND (t.a <= '-9405'::integer))
   Index Searches: 1
   Prefetch: distance=263.632 count=8734397 stalls=2 skipped=75199 resets=0 ungets=761145 forwarded=5768
             histogram [2,4) => 8, [4,8) => 41, [8,16) => 18, [16,32) => 36, [32,64) => 32, [64,128) => 57, [128,256) => 1380900, [256,512) => 7353305
   Buffers: shared hit=7589887 read=405350
 Settings: enable_bitmapscan = 'off', enable_seqscan = 'off', max_parallel_workers_per_gather = '0'
 Planning:
   Buffers: shared hit=78 read=26
 Planning Time: 1.921 ms
 Execution Time: 8641.299 ms
(12 rows)

SET
SET
SET
SET
SET
                                             QUERY PLAN                                             
----------------------------------------------------------------------------------------------------
 Index Scan Backward using idx on public.t (actual rows=8048576.00 loops=1)
   Output: a, b
   Index Cond: ((t.a >= '-8057980'::integer) AND (t.a <= '-9405'::integer))
   Index Searches: 1
   Buffers: shared hit=7995373
 Settings: enable_bitmapscan = 'off', enable_seqscan = 'off', max_parallel_workers_per_gather = '0'
 Planning:
   Buffers: shared hit=109
 Planning Time: 0.226 ms
 Execution Time: 1317.082 ms
(10 rows)

