SET
SET
SET
SET
SET
                                                                 QUERY PLAN                                                                 
--------------------------------------------------------------------------------------------------------------------------------------------
 Index Scan using idx on public.t (actual rows=256.00 loops=1)
   Output: a, b
   Index Cond: ((t.a >= '-7114'::integer) AND (t.a <= '-6859'::integer))
   Index Searches: 1
   Prefetch: distance=82.954 count=152 stalls=13 skipped=1 resets=0 ungets=5 forwarded=0
             histogram [2,4) => 22, [4,8) => 17, [8,16) => 9, [16,32) => 16, [32,64) => 29, [64,128) => 24, [128,256) => 7, [256,512) => 28
   Buffers: shared hit=157 read=103
 Settings: enable_bitmapscan = 'off', enable_seqscan = 'off', max_parallel_workers_per_gather = '0'
 Planning:
   Buffers: shared hit=86 read=26
 Planning Time: 1.727 ms
 Execution Time: 5.624 ms
(12 rows)

SET
SET
SET
SET
SET
                                             QUERY PLAN                                             
----------------------------------------------------------------------------------------------------
 Index Scan using idx on public.t (actual rows=256.00 loops=1)
   Output: a, b
   Index Cond: ((t.a >= '-7114'::integer) AND (t.a <= '-6859'::integer))
   Index Searches: 1
   Buffers: shared hit=260
 Settings: enable_bitmapscan = 'off', enable_seqscan = 'off', max_parallel_workers_per_gather = '0'
 Planning:
   Buffers: shared hit=117
 Planning Time: 0.221 ms
 Execution Time: 0.167 ms
(10 rows)

