SET
SET
SET
SET
SET
                                                                   QUERY PLAN                                                                   
------------------------------------------------------------------------------------------------------------------------------------------------
 Index Scan using idx on public.t (actual rows=8192.00 loops=1)
   Output: a, b
   Index Cond: ((t.a >= '-17951'::integer) AND (t.a <= '-9760'::integer))
   Index Searches: 1
   Prefetch: distance=258.833 count=8605 stalls=4 skipped=80 resets=0 ungets=619 forwarded=3
             histogram [2,4) => 6, [4,8) => 5, [8,16) => 22, [16,32) => 15, [32,64) => 34, [64,128) => 38, [128,256) => 1761, [256,512) => 6724
   Buffers: shared hit=7636 read=505
 Settings: enable_bitmapscan = 'off', enable_seqscan = 'off', max_parallel_workers_per_gather = '0'
 Planning:
   Buffers: shared hit=86 read=26
 Planning Time: 2.035 ms
 Execution Time: 9.213 ms
(12 rows)

SET
SET
SET
SET
SET
                                             QUERY PLAN                                             
----------------------------------------------------------------------------------------------------
 Index Scan using idx on public.t (actual rows=8192.00 loops=1)
   Output: a, b
   Index Cond: ((t.a >= '-17951'::integer) AND (t.a <= '-9760'::integer))
   Index Searches: 1
   Buffers: shared hit=8141
 Settings: enable_bitmapscan = 'off', enable_seqscan = 'off', max_parallel_workers_per_gather = '0'
 Planning:
   Buffers: shared hit=117
 Planning Time: 0.181 ms
 Execution Time: 1.399 ms
(10 rows)

