SET
SET
SET
SET
SET
                                                                      QUERY PLAN                                                                      
------------------------------------------------------------------------------------------------------------------------------------------------------
 Index Scan using idx on public.t (actual rows=4048576.00 loops=1)
   Output: a, b
   Index Cond: ((t.a >= '-4081011'::integer) AND (t.a <= '-32436'::integer))
   Index Searches: 1
   Prefetch: distance=262.278 count=4342118 stalls=10 skipped=37591 resets=0 ungets=331281 forwarded=2058
             histogram [2,4) => 7, [4,8) => 28, [8,16) => 26, [16,32) => 38, [32,64) => 28, [64,128) => 60, [128,256) => 866805, [256,512) => 3475126
   Buffers: shared hit=3818035 read=203945
 Settings: enable_bitmapscan = 'off', enable_seqscan = 'off', max_parallel_workers_per_gather = '0'
 Planning:
   Buffers: shared hit=82 read=26
 Planning Time: 1.971 ms
 Execution Time: 1373.904 ms
(12 rows)

SET
SET
SET
SET
SET
                                             QUERY PLAN                                             
----------------------------------------------------------------------------------------------------
 Index Scan using idx on public.t (actual rows=4048576.00 loops=1)
   Output: a, b
   Index Cond: ((t.a >= '-4081011'::integer) AND (t.a <= '-32436'::integer))
   Index Searches: 1
   Buffers: shared hit=4022050
 Settings: enable_bitmapscan = 'off', enable_seqscan = 'off', max_parallel_workers_per_gather = '0'
 Planning:
   Buffers: shared hit=113
 Planning Time: 0.239 ms
 Execution Time: 651.672 ms
(10 rows)

