SET
SET
SET
SET
SET
                                                                      QUERY PLAN                                                                      
------------------------------------------------------------------------------------------------------------------------------------------------------
 Index Scan using idx on public.t (actual rows=524288.00 loops=1)
   Output: a, b
   Index Cond: ((t.a >= '-538410'::integer) AND (t.a <= '-14123'::integer))
   Index Searches: 1
   Prefetch: distance=262.237 count=562207 stalls=12 skipped=4848 resets=0 ungets=42930 forwarded=255
             histogram [2,4) => 10, [4,8) => 11, [8,16) => 23, [16,32) => 33, [32,64) => 30, [64,128) => 45, [128,256) => 112087, [256,512) => 449968
   Buffers: shared hit=494375 read=26491
 Settings: enable_bitmapscan = 'off', enable_seqscan = 'off', max_parallel_workers_per_gather = '0'
 Planning:
   Buffers: shared hit=82 read=26
 Planning Time: 1.975 ms
 Execution Time: 181.016 ms
(12 rows)

SET
SET
SET
SET
SET
                                             QUERY PLAN                                             
----------------------------------------------------------------------------------------------------
 Index Scan using idx on public.t (actual rows=524288.00 loops=1)
   Output: a, b
   Index Cond: ((t.a >= '-538410'::integer) AND (t.a <= '-14123'::integer))
   Index Searches: 1
   Buffers: shared hit=520876
 Settings: enable_bitmapscan = 'off', enable_seqscan = 'off', max_parallel_workers_per_gather = '0'
 Planning:
   Buffers: shared hit=113
 Planning Time: 0.191 ms
 Execution Time: 86.731 ms
(10 rows)

