SET
SET
SET
SET
SET
                                                                    QUERY PLAN                                                                     
---------------------------------------------------------------------------------------------------------------------------------------------------
 Index Scan using idx on public.t (actual rows=1048576.00 loops=1)
   Output: a, b
   Index Cond: ((t.a >= '-1063129'::integer) AND (t.a <= '-14554'::integer))
   Index Searches: 1
   Prefetch: distance=262.318 count=1124364 stalls=2 skipped=9771 resets=0 ungets=85647 forwarded=528
             histogram [2,4) => 4, [4,8) => 4, [8,16) => 10, [16,32) => 11, [32,64) => 24, [64,128) => 3, [128,256) => 222808, [256,512) => 901500
   Buffers: shared hit=988767 read=52887
 Settings: enable_bitmapscan = 'off', enable_seqscan = 'off', max_parallel_workers_per_gather = '0'
 Planning:
   Buffers: shared hit=82 read=26
 Planning Time: 1.936 ms
 Execution Time: 381.278 ms
(12 rows)

SET
SET
SET
SET
SET
                                             QUERY PLAN                                             
----------------------------------------------------------------------------------------------------
 Index Scan using idx on public.t (actual rows=1048576.00 loops=1)
   Output: a, b
   Index Cond: ((t.a >= '-1063129'::integer) AND (t.a <= '-14554'::integer))
   Index Searches: 1
   Buffers: shared hit=1041676
 Settings: enable_bitmapscan = 'off', enable_seqscan = 'off', max_parallel_workers_per_gather = '0'
 Planning:
   Buffers: shared hit=113
 Planning Time: 0.198 ms
 Execution Time: 189.044 ms
(10 rows)

