SET
SET
SET
SET
SET
                                                                     QUERY PLAN                                                                      
-----------------------------------------------------------------------------------------------------------------------------------------------------
 Index Scan using idx on public.t (actual rows=5048576.00 loops=1)
   Output: a, b
   Index Cond: ((t.a >= '-5059153'::integer) AND (t.a <= '-10578'::integer))
   Index Searches: 1
   Prefetch: distance=262.305 count=5416128 stalls=5 skipped=47009 resets=0 ungets=414602 forwarded=2589
             histogram [2,4) => 14, [4,8) => 9, [8,16) => 4, [16,32) => 17, [32,64) => 12, [64,128) => 2, [128,256) => 1078133, [256,512) => 4337937
   Buffers: shared hit=4760966 read=254292
 Settings: enable_bitmapscan = 'off', enable_seqscan = 'off', max_parallel_workers_per_gather = '0'
 Planning:
   Buffers: shared hit=82 read=26
 Planning Time: 1.938 ms
 Execution Time: 1718.240 ms
(12 rows)

SET
SET
SET
SET
SET
                                             QUERY PLAN                                             
----------------------------------------------------------------------------------------------------
 Index Scan using idx on public.t (actual rows=5048576.00 loops=1)
   Output: a, b
   Index Cond: ((t.a >= '-5059153'::integer) AND (t.a <= '-10578'::integer))
   Index Searches: 1
   Buffers: shared hit=5015367
 Settings: enable_bitmapscan = 'off', enable_seqscan = 'off', max_parallel_workers_per_gather = '0'
 Planning:
   Buffers: shared hit=113
 Planning Time: 0.230 ms
 Execution Time: 816.265 ms
(10 rows)

