SET
SET
SET
SET
SET
                                                                   QUERY PLAN                                                                    
-------------------------------------------------------------------------------------------------------------------------------------------------
 Index Scan using idx on public.t (actual rows=16384.00 loops=1)
   Output: a, b
   Index Cond: ((t.a >= '-27634'::integer) AND (t.a <= '-11251'::integer))
   Index Searches: 1
   Prefetch: distance=261.502 count=17437 stalls=1 skipped=169 resets=0 ungets=1318 forwarded=12
             histogram [2,4) => 2, [4,8) => 12, [8,16) => 13, [16,32) => 20, [32,64) => 23, [64,128) => 7, [128,256) => 3324, [256,512) => 14036
   Buffers: shared hit=15347 read=917
 Settings: enable_bitmapscan = 'off', enable_seqscan = 'off', max_parallel_workers_per_gather = '0'
 Planning:
   Buffers: shared hit=86 read=26
 Planning Time: 1.989 ms
 Execution Time: 10.900 ms
(12 rows)

SET
SET
SET
SET
SET
                                             QUERY PLAN                                             
----------------------------------------------------------------------------------------------------
 Index Scan using idx on public.t (actual rows=16384.00 loops=1)
   Output: a, b
   Index Cond: ((t.a >= '-27634'::integer) AND (t.a <= '-11251'::integer))
   Index Searches: 1
   Buffers: shared hit=16266
 Settings: enable_bitmapscan = 'off', enable_seqscan = 'off', max_parallel_workers_per_gather = '0'
 Planning:
   Buffers: shared hit=117
 Planning Time: 0.205 ms
 Execution Time: 2.801 ms
(10 rows)

