SET
SET
SET
SET
SET
                                                                  QUERY PLAN                                                                  
----------------------------------------------------------------------------------------------------------------------------------------------
 Index Scan using idx on public.t (actual rows=8192.00 loops=1)
   Output: a, b
   Index Cond: ((t.a >= '-21316'::integer) AND (t.a <= '-13125'::integer))
   Index Searches: 1
   Prefetch: distance=261.491 count=8741 stalls=1 skipped=78 resets=0 ungets=679 forwarded=4
             histogram [2,4) => 2, [4,8) => 5, [8,16) => 8, [16,32) => 15, [32,64) => 11, [64,128) => 3, [128,256) => 1636, [256,512) => 7061
   Buffers: shared hit=7640 read=503
 Settings: enable_bitmapscan = 'off', enable_seqscan = 'off', max_parallel_workers_per_gather = '0'
 Planning:
   Buffers: shared hit=86 read=26
 Planning Time: 1.930 ms
 Execution Time: 8.421 ms
(12 rows)

SET
SET
SET
SET
SET
                                             QUERY PLAN                                             
----------------------------------------------------------------------------------------------------
 Index Scan using idx on public.t (actual rows=8192.00 loops=1)
   Output: a, b
   Index Cond: ((t.a >= '-21316'::integer) AND (t.a <= '-13125'::integer))
   Index Searches: 1
   Buffers: shared hit=8143
 Settings: enable_bitmapscan = 'off', enable_seqscan = 'off', max_parallel_workers_per_gather = '0'
 Planning:
   Buffers: shared hit=117
 Planning Time: 0.180 ms
 Execution Time: 0.905 ms
(10 rows)

