SET
SET
SET
SET
SET
                                                                     QUERY PLAN                                                                     
----------------------------------------------------------------------------------------------------------------------------------------------------
 Index Scan using idx on public.t (actual rows=1048576.00 loops=1)
   Output: a, b
   Index Cond: ((t.a >= '-1058314'::integer) AND (t.a <= '-9739'::integer))
   Index Searches: 1
   Prefetch: distance=262.245 count=1124367 stalls=4 skipped=9764 resets=0 ungets=85702 forwarded=521
             histogram [2,4) => 6, [4,8) => 5, [8,16) => 23, [16,32) => 28, [32,64) => 42, [64,128) => 59, [128,256) => 224663, [256,512) => 899541
   Buffers: shared hit=988768 read=52890
 Settings: enable_bitmapscan = 'off', enable_seqscan = 'off', max_parallel_workers_per_gather = '0'
 Planning:
   Buffers: shared hit=82 read=26
 Planning Time: 1.951 ms
 Execution Time: 367.938 ms
(12 rows)

SET
SET
SET
SET
SET
                                             QUERY PLAN                                             
----------------------------------------------------------------------------------------------------
 Index Scan using idx on public.t (actual rows=1048576.00 loops=1)
   Output: a, b
   Index Cond: ((t.a >= '-1058314'::integer) AND (t.a <= '-9739'::integer))
   Index Searches: 1
   Buffers: shared hit=1041683
 Settings: enable_bitmapscan = 'off', enable_seqscan = 'off', max_parallel_workers_per_gather = '0'
 Planning:
   Buffers: shared hit=113
 Planning Time: 0.199 ms
 Execution Time: 173.044 ms
(10 rows)

