SET
SET
SET
SET
SET
                                                                   QUERY PLAN                                                                    
-------------------------------------------------------------------------------------------------------------------------------------------------
 Index Scan using idx on public.t (actual rows=3048576.00 loops=1)
   Output: a, b
   Index Cond: ((t.a >= '-3055123'::integer) AND (t.a <= '-6548'::integer))
   Index Searches: 1
   Prefetch: distance=262.293 count=3269835 stalls=2 skipped=28329 resets=0 ungets=249630 forwarded=1581
             histogram [2,4) => 6, [4,8) => 5, [8,16) => 6, [16,32) => 8, [32,64) => 7, [64,128) => 3, [128,256) => 651143, [256,512) => 2618657
   Buffers: shared hit=2874929 read=153594
 Settings: enable_bitmapscan = 'off', enable_seqscan = 'off', max_parallel_workers_per_gather = '0'
 Planning:
   Buffers: shared hit=82 read=26
 Planning Time: 2.142 ms
 Execution Time: 1020.973 ms
(12 rows)

SET
SET
SET
SET
SET
                                             QUERY PLAN                                             
----------------------------------------------------------------------------------------------------
 Index Scan using idx on public.t (actual rows=3048576.00 loops=1)
   Output: a, b
   Index Cond: ((t.a >= '-3055123'::integer) AND (t.a <= '-6548'::integer))
   Index Searches: 1
   Buffers: shared hit=3028581
 Settings: enable_bitmapscan = 'off', enable_seqscan = 'off', max_parallel_workers_per_gather = '0'
 Planning:
   Buffers: shared hit=113
 Planning Time: 0.216 ms
 Execution Time: 490.778 ms
(10 rows)

