SET
SET
SET
SET
SET
                                                                     QUERY PLAN                                                                     
----------------------------------------------------------------------------------------------------------------------------------------------------
 Index Scan using idx on public.t (actual rows=7048576.00 loops=1)
   Output: a, b
   Index Cond: ((t.a >= '-7053250'::integer) AND (t.a <= '-4675'::integer))
   Index Searches: 1
   Prefetch: distance=262.307 count=7560617 stalls=1 skipped=65844 resets=0 ungets=577969 forwarded=3632
             histogram [2,4) => 2, [4,8) => 5, [8,16) => 9, [16,32) => 10, [32,64) => 23, [64,128) => 4, [128,256) => 1503095, [256,512) => 6057469
   Buffers: shared hit=6646856 read=354997
 Settings: enable_bitmapscan = 'off', enable_seqscan = 'off', max_parallel_workers_per_gather = '0'
 Planning:
   Buffers: shared hit=82 read=26
 Planning Time: 1.950 ms
 Execution Time: 2415.023 ms
(12 rows)

SET
SET
SET
SET
SET
                                             QUERY PLAN                                             
----------------------------------------------------------------------------------------------------
 Index Scan using idx on public.t (actual rows=7048576.00 loops=1)
   Output: a, b
   Index Cond: ((t.a >= '-7053250'::integer) AND (t.a <= '-4675'::integer))
   Index Searches: 1
   Buffers: shared hit=7001997
 Settings: enable_bitmapscan = 'off', enable_seqscan = 'off', max_parallel_workers_per_gather = '0'
 Planning:
   Buffers: shared hit=113
 Planning Time: 0.227 ms
 Execution Time: 1139.329 ms
(10 rows)

