SET
SET
SET
SET
SET
                                                                     QUERY PLAN                                                                     
----------------------------------------------------------------------------------------------------------------------------------------------------
 Index Scan using idx on public.t (actual rows=5048576.00 loops=1)
   Output: a, b
   Index Cond: ((t.a >= '-5055865'::integer) AND (t.a <= '-7290'::integer))
   Index Searches: 1
   Prefetch: distance=262.315 count=5415330 stalls=1 skipped=47004 resets=0 ungets=413789 forwarded=2575
             histogram [2,4) => 6, [4,8) => 5, [8,16) => 12, [16,32) => 10, [32,64) => 9, [64,128) => 1, [128,256) => 1076392, [256,512) => 4338895
   Buffers: shared hit=4760980 read=254293
 Settings: enable_bitmapscan = 'off', enable_seqscan = 'off', max_parallel_workers_per_gather = '0'
 Planning:
   Buffers: shared hit=82 read=26
 Planning Time: 1.947 ms
 Execution Time: 1707.078 ms
(12 rows)

SET
SET
SET
SET
SET
                                             QUERY PLAN                                             
----------------------------------------------------------------------------------------------------
 Index Scan using idx on public.t (actual rows=5048576.00 loops=1)
   Output: a, b
   Index Cond: ((t.a >= '-5055865'::integer) AND (t.a <= '-7290'::integer))
   Index Searches: 1
   Buffers: shared hit=5015371
 Settings: enable_bitmapscan = 'off', enable_seqscan = 'off', max_parallel_workers_per_gather = '0'
 Planning:
   Buffers: shared hit=113
 Planning Time: 0.231 ms
 Execution Time: 812.353 ms
(10 rows)

