SET
SET
SET
SET
SET
                                                                QUERY PLAN                                                                
------------------------------------------------------------------------------------------------------------------------------------------
 Index Scan using idx on public.t (actual rows=512.00 loops=1)
   Output: a, b
   Index Cond: ((t.a >= '-7033'::integer) AND (t.a <= '-6522'::integer))
   Index Searches: 1
   Prefetch: distance=243.561 count=503 stalls=6 skipped=3 resets=0 ungets=66 forwarded=0
             histogram [2,4) => 6, [4,8) => 8, [8,16) => 7, [16,32) => 8, [32,64) => 12, [64,128) => 9, [128,256) => 40, [256,512) => 413
   Buffers: shared hit=396 read=118
 Settings: enable_bitmapscan = 'off', enable_seqscan = 'off', max_parallel_workers_per_gather = '0'
 Planning:
   Buffers: shared hit=86 read=26
 Planning Time: 1.964 ms
 Execution Time: 5.442 ms
(12 rows)

SET
SET
SET
SET
SET
                                             QUERY PLAN                                             
----------------------------------------------------------------------------------------------------
 Index Scan using idx on public.t (actual rows=512.00 loops=1)
   Output: a, b
   Index Cond: ((t.a >= '-7033'::integer) AND (t.a <= '-6522'::integer))
   Index Searches: 1
   Buffers: shared hit=514
 Settings: enable_bitmapscan = 'off', enable_seqscan = 'off', max_parallel_workers_per_gather = '0'
 Planning:
   Buffers: shared hit=117
 Planning Time: 0.160 ms
 Execution Time: 0.125 ms
(10 rows)

