SET
SET
SET
SET
SET
                                             QUERY PLAN                                             
----------------------------------------------------------------------------------------------------
 Index Scan using idx on public.t (actual rows=2048.00 loops=1)
   Output: a, b
   Index Cond: ((t.a >= '-7929'::integer) AND (t.a <= '-5882'::integer))
   Index Searches: 1
   Prefetch: distance=2.069 count=174 stalls=1513 skipped=21 resets=0 ungets=0 forwarded=0
             histogram [2,4) => 170, [4,8) => 4
   Buffers: shared hit=1837 read=195
 Settings: enable_bitmapscan = 'off', enable_seqscan = 'off', max_parallel_workers_per_gather = '0'
 Planning:
   Buffers: shared hit=86 read=26
 Planning Time: 1.974 ms
 Execution Time: 6.298 ms
(12 rows)

SET
SET
SET
SET
SET
                                             QUERY PLAN                                             
----------------------------------------------------------------------------------------------------
 Index Scan using idx on public.t (actual rows=2048.00 loops=1)
   Output: a, b
   Index Cond: ((t.a >= '-7929'::integer) AND (t.a <= '-5882'::integer))
   Index Searches: 1
   Buffers: shared hit=2032
 Settings: enable_bitmapscan = 'off', enable_seqscan = 'off', max_parallel_workers_per_gather = '0'
 Planning:
   Buffers: shared hit=117
 Planning Time: 0.205 ms
 Execution Time: 0.493 ms
(10 rows)

