SET
SET
SET
SET
SET
                                                                   QUERY PLAN                                                                   
------------------------------------------------------------------------------------------------------------------------------------------------
 Index Scan using idx on public.t (actual rows=131072.00 loops=1)
   Output: a, b
   Index Cond: ((t.a >= '-155169'::integer) AND (t.a <= '-24098'::integer))
   Index Searches: 1
   Prefetch: distance=262.226 count=140487 stalls=3 skipped=1228 resets=0 ungets=10704 forwarded=66
             histogram [2,4) => 10, [4,8) => 8, [8,16) => 8, [16,32) => 9, [32,64) => 8, [64,128) => 3, [128,256) => 27990, [256,512) => 112451
   Buffers: shared hit=123516 read=6689
 Settings: enable_bitmapscan = 'off', enable_seqscan = 'off', max_parallel_workers_per_gather = '0'
 Planning:
   Buffers: shared hit=86 read=26
 Planning Time: 1.967 ms
 Execution Time: 52.485 ms
(12 rows)

SET
SET
SET
SET
SET
                                             QUERY PLAN                                             
----------------------------------------------------------------------------------------------------
 Index Scan using idx on public.t (actual rows=131072.00 loops=1)
   Output: a, b
   Index Cond: ((t.a >= '-155169'::integer) AND (t.a <= '-24098'::integer))
   Index Searches: 1
   Buffers: shared hit=130208
 Settings: enable_bitmapscan = 'off', enable_seqscan = 'off', max_parallel_workers_per_gather = '0'
 Planning:
   Buffers: shared hit=117
 Planning Time: 0.206 ms
 Execution Time: 17.616 ms
(10 rows)

