SET
SET
SET
SET
SET
                                                                  QUERY PLAN                                                                  
----------------------------------------------------------------------------------------------------------------------------------------------
 Index Scan using idx on public.t (actual rows=16384.00 loops=1)
   Output: a, b
   Index Cond: ((t.a >= '-18190'::integer) AND (t.a <= '-1807'::integer))
   Index Searches: 1
   Prefetch: distance=262.024 count=17584 stalls=1 skipped=156 resets=0 ungets=1380 forwarded=5
             histogram [2,4) => 2, [4,8) => 6, [8,16) => 5, [16,32) => 18, [32,64) => 2, [64,128) => 3, [128,256) => 3419, [256,512) => 14129
   Buffers: shared hit=15359 read=920
 Settings: enable_bitmapscan = 'off', enable_seqscan = 'off', max_parallel_workers_per_gather = '0'
 Planning:
   Buffers: shared hit=86 read=26
 Planning Time: 1.970 ms
 Execution Time: 8.567 ms
(12 rows)

SET
SET
SET
SET
SET
                                             QUERY PLAN                                             
----------------------------------------------------------------------------------------------------
 Index Scan using idx on public.t (actual rows=16384.00 loops=1)
   Output: a, b
   Index Cond: ((t.a >= '-18190'::integer) AND (t.a <= '-1807'::integer))
   Index Searches: 1
   Buffers: shared hit=16279
 Settings: enable_bitmapscan = 'off', enable_seqscan = 'off', max_parallel_workers_per_gather = '0'
 Planning:
   Buffers: shared hit=117
 Planning Time: 0.210 ms
 Execution Time: 2.803 ms
(10 rows)

