SET
SET
SET
SET
SET
                                                                    QUERY PLAN                                                                    
--------------------------------------------------------------------------------------------------------------------------------------------------
 Index Scan using idx on public.t (actual rows=1048576.00 loops=1)
   Output: a, b
   Index Cond: ((t.a >= '-1066460'::integer) AND (t.a <= '-17885'::integer))
   Index Searches: 1
   Prefetch: distance=262.339 count=1124711 stalls=3 skipped=9762 resets=0 ungets=85949 forwarded=515
             histogram [2,4) => 2, [4,8) => 5, [8,16) => 11, [16,32) => 9, [32,64) => 14, [64,128) => 2, [128,256) => 222303, [256,512) => 902365
   Buffers: shared hit=988766 read=52887
 Settings: enable_bitmapscan = 'off', enable_seqscan = 'off', max_parallel_workers_per_gather = '0'
 Planning:
   Buffers: shared hit=82 read=26
 Planning Time: 1.966 ms
 Execution Time: 357.508 ms
(12 rows)

SET
SET
SET
SET
SET
                                             QUERY PLAN                                             
----------------------------------------------------------------------------------------------------
 Index Scan using idx on public.t (actual rows=1048576.00 loops=1)
   Output: a, b
   Index Cond: ((t.a >= '-1066460'::integer) AND (t.a <= '-17885'::integer))
   Index Searches: 1
   Buffers: shared hit=1041684
 Settings: enable_bitmapscan = 'off', enable_seqscan = 'off', max_parallel_workers_per_gather = '0'
 Planning:
   Buffers: shared hit=113
 Planning Time: 0.247 ms
 Execution Time: 172.181 ms
(10 rows)

