SET
SET
SET
SET
SET
                                                                     QUERY PLAN                                                                      
-----------------------------------------------------------------------------------------------------------------------------------------------------
 Index Scan using idx on public.t (actual rows=9048576.00 loops=1)
   Output: a, b
   Index Cond: ((t.a >= '-9074810'::integer) AND (t.a <= '-26235'::integer))
   Index Searches: 1
   Prefetch: distance=262.301 count=9706049 stalls=1 skipped=84590 resets=0 ungets=742181 forwarded=4602
             histogram [2,4) => 6, [4,8) => 5, [8,16) => 9, [16,32) => 18, [32,64) => 28, [64,128) => 31, [128,256) => 1932141, [256,512) => 7773811
   Buffers: shared hit=8532845 read=455699
 Settings: enable_bitmapscan = 'off', enable_seqscan = 'off', max_parallel_workers_per_gather = '0'
 Planning:
   Buffers: shared hit=82 read=26
 Planning Time: 2.164 ms
 Execution Time: 3111.142 ms
(12 rows)

SET
SET
SET
SET
SET
                                             QUERY PLAN                                             
----------------------------------------------------------------------------------------------------
 Index Scan using idx on public.t (actual rows=9048576.00 loops=1)
   Output: a, b
   Index Cond: ((t.a >= '-9074810'::integer) AND (t.a <= '-26235'::integer))
   Index Searches: 1
   Buffers: shared hit=8988714
 Settings: enable_bitmapscan = 'off', enable_seqscan = 'off', max_parallel_workers_per_gather = '0'
 Planning:
   Buffers: shared hit=113
 Planning Time: 0.215 ms
 Execution Time: 1444.072 ms
(10 rows)

