SET
SET
SET
SET
SET
                                                                     QUERY PLAN                                                                      
-----------------------------------------------------------------------------------------------------------------------------------------------------
 Index Scan using idx on public.t (actual rows=2048576.00 loops=1)
   Output: a, b
   Index Cond: ((t.a >= '-2070059'::integer) AND (t.a <= '-21484'::integer))
   Index Searches: 1
   Prefetch: distance=262.347 count=2197433 stalls=16 skipped=19015 resets=0 ungets=167998 forwarded=1057
             histogram [2,4) => 8, [4,8) => 7, [8,16) => 10, [16,32) => 18, [32,64) => 32, [64,128) => 28, [128,256) => 434340, [256,512) => 1762990
   Buffers: shared hit=1931893 read=103237
 Settings: enable_bitmapscan = 'off', enable_seqscan = 'off', max_parallel_workers_per_gather = '0'
 Planning:
   Buffers: shared hit=82 read=26
 Planning Time: 1.947 ms
 Execution Time: 709.917 ms
(12 rows)

SET
SET
SET
SET
SET
                                             QUERY PLAN                                             
----------------------------------------------------------------------------------------------------
 Index Scan using idx on public.t (actual rows=2048576.00 loops=1)
   Output: a, b
   Index Cond: ((t.a >= '-2070059'::integer) AND (t.a <= '-21484'::integer))
   Index Searches: 1
   Buffers: shared hit=2035163
 Settings: enable_bitmapscan = 'off', enable_seqscan = 'off', max_parallel_workers_per_gather = '0'
 Planning:
   Buffers: shared hit=113
 Planning Time: 0.231 ms
 Execution Time: 332.007 ms
(10 rows)

