SET
SET
SET
SET
SET
                                                               QUERY PLAN                                                                
-----------------------------------------------------------------------------------------------------------------------------------------
 Index Scan using idx on public.t (actual rows=128.00 loops=1)
   Output: a, b
   Index Cond: ((t.a >= '-7410'::integer) AND (t.a <= '-7283'::integer))
   Index Searches: 1
   Prefetch: distance=174.086 count=116 stalls=1 skipped=1 resets=0 ungets=27 forwarded=1
             histogram [2,4) => 6, [4,8) => 5, [8,16) => 12, [16,32) => 9, [32,64) => 10, [64,128) => 2, [128,256) => 2, [256,512) => 70
   Buffers: shared hit=54 read=79
 Settings: enable_bitmapscan = 'off', enable_seqscan = 'off', max_parallel_workers_per_gather = '0'
 Planning:
   Buffers: shared hit=86 read=26
 Planning Time: 1.346 ms
 Execution Time: 3.172 ms
(12 rows)

SET
SET
SET
SET
SET
                                             QUERY PLAN                                             
----------------------------------------------------------------------------------------------------
 Index Scan using idx on public.t (actual rows=128.00 loops=1)
   Output: a, b
   Index Cond: ((t.a >= '-7410'::integer) AND (t.a <= '-7283'::integer))
   Index Searches: 1
   Buffers: shared hit=133
 Settings: enable_bitmapscan = 'off', enable_seqscan = 'off', max_parallel_workers_per_gather = '0'
 Planning:
   Buffers: shared hit=117
 Planning Time: 0.345 ms
 Execution Time: 0.157 ms
(10 rows)

