SET
SET
SET
SET
SET
                                               QUERY PLAN                                               
--------------------------------------------------------------------------------------------------------
 Index Scan using idx on public.t (actual rows=64.00 loops=1)
   Output: a, b
   Index Cond: ((t.a >= '-8814'::integer) AND (t.a <= '-8751'::integer))
   Index Searches: 1
   Prefetch: distance=21.935 count=31 stalls=2 skipped=0 resets=0 ungets=2 forwarded=0
             histogram [2,4) => 2, [4,8) => 3, [8,16) => 11, [16,32) => 11, [32,64) => 2, [64,128) => 2
   Buffers: shared hit=20 read=51
 Settings: enable_bitmapscan = 'off', enable_seqscan = 'off', max_parallel_workers_per_gather = '0'
 Planning:
   Buffers: shared hit=86 read=26
 Planning Time: 1.356 ms
 Execution Time: 2.745 ms
(12 rows)

SET
SET
SET
SET
SET
                                             QUERY PLAN                                             
----------------------------------------------------------------------------------------------------
 Index Scan using idx on public.t (actual rows=64.00 loops=1)
   Output: a, b
   Index Cond: ((t.a >= '-8814'::integer) AND (t.a <= '-8751'::integer))
   Index Searches: 1
   Buffers: shared hit=71
 Settings: enable_bitmapscan = 'off', enable_seqscan = 'off', max_parallel_workers_per_gather = '0'
 Planning:
   Buffers: shared hit=117
 Planning Time: 0.196 ms
 Execution Time: 0.078 ms
(10 rows)

