SET
SET
SET
SET
SET
                                                                  QUERY PLAN                                                                  
----------------------------------------------------------------------------------------------------------------------------------------------
 Index Scan using idx on public.t (actual rows=2048.00 loops=1)
   Output: a, b
   Index Cond: ((t.a >= '-6373'::integer) AND (t.a <= '-4326'::integer))
   Index Searches: 1
   Prefetch: distance=257.981 count=2152 stalls=1 skipped=20 resets=0 ungets=191 forwarded=0
             histogram [2,4) => 2, [4,8) => 12, [8,16) => 8, [16,32) => 18, [32,64) => 13, [64,128) => 2, [128,256) => 274, [256,512) => 1823
   Buffers: shared hit=1843 read=195
 Settings: enable_bitmapscan = 'off', enable_seqscan = 'off', max_parallel_workers_per_gather = '0'
 Planning:
   Buffers: shared hit=86 read=26
 Planning Time: 1.951 ms
 Execution Time: 5.635 ms
(12 rows)

SET
SET
SET
SET
SET
                                             QUERY PLAN                                             
----------------------------------------------------------------------------------------------------
 Index Scan using idx on public.t (actual rows=2048.00 loops=1)
   Output: a, b
   Index Cond: ((t.a >= '-6373'::integer) AND (t.a <= '-4326'::integer))
   Index Searches: 1
   Buffers: shared hit=2038
 Settings: enable_bitmapscan = 'off', enable_seqscan = 'off', max_parallel_workers_per_gather = '0'
 Planning:
   Buffers: shared hit=117
 Planning Time: 0.163 ms
 Execution Time: 0.305 ms
(10 rows)

