SET
SET
SET
SET
SET
                                                                 QUERY PLAN                                                                  
---------------------------------------------------------------------------------------------------------------------------------------------
 Index Scan using idx on public.t (actual rows=1024.00 loops=1)
   Output: a, b
   Index Cond: ((t.a >= '-9343'::integer) AND (t.a <= '-8320'::integer))
   Index Searches: 1
   Prefetch: distance=247.085 count=1003 stalls=6 skipped=4 resets=0 ungets=87 forwarded=1
             histogram [2,4) => 8, [4,8) => 6, [8,16) => 10, [16,32) => 15, [32,64) => 24, [64,128) => 8, [128,256) => 165, [256,512) => 767
   Buffers: shared hit=885 read=143
 Settings: enable_bitmapscan = 'off', enable_seqscan = 'off', max_parallel_workers_per_gather = '0'
 Planning:
   Buffers: shared hit=86 read=26
 Planning Time: 1.946 ms
 Execution Time: 5.411 ms
(12 rows)

SET
SET
SET
SET
SET
                                             QUERY PLAN                                             
----------------------------------------------------------------------------------------------------
 Index Scan using idx on public.t (actual rows=1024.00 loops=1)
   Output: a, b
   Index Cond: ((t.a >= '-9343'::integer) AND (t.a <= '-8320'::integer))
   Index Searches: 1
   Buffers: shared hit=1028
 Settings: enable_bitmapscan = 'off', enable_seqscan = 'off', max_parallel_workers_per_gather = '0'
 Planning:
   Buffers: shared hit=117
 Planning Time: 0.206 ms
 Execution Time: 0.315 ms
(10 rows)

