SET
SET
SET
SET
SET
                                             QUERY PLAN                                             
----------------------------------------------------------------------------------------------------
 Index Scan using idx on public.t (actual rows=4096.00 loops=1)
   Output: a, b
   Index Cond: ((t.a >= '-14460'::integer) AND (t.a <= '-10365'::integer))
   Index Searches: 1
   Prefetch: distance=2.072 count=376 stalls=3431 skipped=40 resets=0 ungets=0 forwarded=0
             histogram [2,4) => 367, [4,8) => 9
   Buffers: shared hit=3774 read=298
 Settings: enable_bitmapscan = 'off', enable_seqscan = 'off', max_parallel_workers_per_gather = '0'
 Planning:
   Buffers: shared hit=86 read=26
 Planning Time: 1.964 ms
 Execution Time: 5.819 ms
(12 rows)

SET
SET
SET
SET
SET
                                             QUERY PLAN                                             
----------------------------------------------------------------------------------------------------
 Index Scan using idx on public.t (actual rows=4096.00 loops=1)
   Output: a, b
   Index Cond: ((t.a >= '-14460'::integer) AND (t.a <= '-10365'::integer))
   Index Searches: 1
   Buffers: shared hit=4072
 Settings: enable_bitmapscan = 'off', enable_seqscan = 'off', max_parallel_workers_per_gather = '0'
 Planning:
   Buffers: shared hit=117
 Planning Time: 0.207 ms
 Execution Time: 0.820 ms
(10 rows)

