SET
SET
SET
SET
SET
                                                                      QUERY PLAN                                                                      
------------------------------------------------------------------------------------------------------------------------------------------------------
 Index Scan using idx on public.t (actual rows=1048576.00 loops=1)
   Output: a, b
   Index Cond: ((t.a >= '-1052829'::integer) AND (t.a <= '-4254'::integer))
   Index Searches: 1
   Prefetch: distance=262.288 count=1124348 stalls=5 skipped=9771 resets=0 ungets=85686 forwarded=514
             histogram [2,4) => 14, [4,8) => 19, [8,16) => 12, [16,32) => 21, [32,64) => 54, [64,128) => 30, [128,256) => 223905, [256,512) => 900293
   Buffers: shared hit=988764 read=52892
 Settings: enable_bitmapscan = 'off', enable_seqscan = 'off', max_parallel_workers_per_gather = '0'
 Planning:
   Buffers: shared hit=82 read=26
 Planning Time: 1.960 ms
 Execution Time: 358.979 ms
(12 rows)

SET
SET
SET
SET
SET
                                             QUERY PLAN                                             
----------------------------------------------------------------------------------------------------
 Index Scan using idx on public.t (actual rows=1048576.00 loops=1)
   Output: a, b
   Index Cond: ((t.a >= '-1052829'::integer) AND (t.a <= '-4254'::integer))
   Index Searches: 1
   Buffers: shared hit=1041673
 Settings: enable_bitmapscan = 'off', enable_seqscan = 'off', max_parallel_workers_per_gather = '0'
 Planning:
   Buffers: shared hit=113
 Planning Time: 0.198 ms
 Execution Time: 170.390 ms
(10 rows)

