SET
SET
SET
SET
SET
                                                                     QUERY PLAN                                                                     
----------------------------------------------------------------------------------------------------------------------------------------------------
 Index Scan using idx on public.t (actual rows=262144.00 loops=1)
   Output: a, b
   Index Cond: ((t.a >= '-269371'::integer) AND (t.a <= '-7228'::integer))
   Index Searches: 1
   Prefetch: distance=262.341 count=281092 stalls=13 skipped=2449 resets=0 ungets=21502 forwarded=115
             histogram [2,4) => 12, [4,8) => 6, [8,16) => 16, [16,32) => 16, [32,64) => 26, [64,128) => 13, [128,256) => 55034, [256,512) => 225969
   Buffers: shared hit=247117 read=13292
 Settings: enable_bitmapscan = 'off', enable_seqscan = 'off', max_parallel_workers_per_gather = '0'
 Planning:
   Buffers: shared hit=82 read=26
 Planning Time: 1.944 ms
 Execution Time: 94.057 ms
(12 rows)

SET
SET
SET
SET
SET
                                             QUERY PLAN                                             
----------------------------------------------------------------------------------------------------
 Index Scan using idx on public.t (actual rows=262144.00 loops=1)
   Output: a, b
   Index Cond: ((t.a >= '-269371'::integer) AND (t.a <= '-7228'::integer))
   Index Searches: 1
   Buffers: shared hit=260415
 Settings: enable_bitmapscan = 'off', enable_seqscan = 'off', max_parallel_workers_per_gather = '0'
 Planning:
   Buffers: shared hit=113
 Planning Time: 0.189 ms
 Execution Time: 41.123 ms
(10 rows)

