SET
SET
SET
SET
SET
                                                                    QUERY PLAN                                                                    
--------------------------------------------------------------------------------------------------------------------------------------------------
 Index Scan using idx on public.t (actual rows=65536.00 loops=1)
   Output: a, b
   Index Cond: ((t.a >= '-91713'::integer) AND (t.a <= '-26178'::integer))
   Index Searches: 1
   Prefetch: distance=262.054 count=70097 stalls=1 skipped=582 resets=0 ungets=5318 forwarded=36
             histogram [2,4) => 6, [4,8) => 5, [8,16) => 10, [16,32) => 22, [32,64) => 40, [64,128) => 64, [128,256) => 13571, [256,512) => 56379
   Buffers: shared hit=61744 read=3392
 Settings: enable_bitmapscan = 'off', enable_seqscan = 'off', max_parallel_workers_per_gather = '0'
 Planning:
   Buffers: shared hit=86 read=26
 Planning Time: 1.957 ms
 Execution Time: 29.418 ms
(12 rows)

SET
SET
SET
SET
SET
                                             QUERY PLAN                                             
----------------------------------------------------------------------------------------------------
 Index Scan using idx on public.t (actual rows=65536.00 loops=1)
   Output: a, b
   Index Cond: ((t.a >= '-91713'::integer) AND (t.a <= '-26178'::integer))
   Index Searches: 1
   Buffers: shared hit=65137
 Settings: enable_bitmapscan = 'off', enable_seqscan = 'off', max_parallel_workers_per_gather = '0'
 Planning:
   Buffers: shared hit=117
 Planning Time: 0.189 ms
 Execution Time: 7.086 ms
(10 rows)

