SET
SET
SET
SET
SET
                                                                  QUERY PLAN                                                                   
-----------------------------------------------------------------------------------------------------------------------------------------------
 Index Scan using idx on public.t (actual rows=32768.00 loops=1)
   Output: a, b
   Index Cond: ((t.a >= '-50986'::integer) AND (t.a <= '-18219'::integer))
   Index Searches: 1
   Prefetch: distance=262.297 count=35080 stalls=1 skipped=324 resets=0 ungets=2718 forwarded=20
             histogram [2,4) => 8, [4,8) => 5, [8,16) => 7, [16,32) => 16, [32,64) => 20, [64,128) => 4, [128,256) => 6518, [256,512) => 28502
   Buffers: shared hit=30795 read=1743
 Settings: enable_bitmapscan = 'off', enable_seqscan = 'off', max_parallel_workers_per_gather = '0'
 Planning:
   Buffers: shared hit=86 read=26
 Planning Time: 1.957 ms
 Execution Time: 18.354 ms
(12 rows)

SET
SET
SET
SET
SET
                                             QUERY PLAN                                             
----------------------------------------------------------------------------------------------------
 Index Scan using idx on public.t (actual rows=32768.00 loops=1)
   Output: a, b
   Index Cond: ((t.a >= '-50986'::integer) AND (t.a <= '-18219'::integer))
   Index Searches: 1
   Buffers: shared hit=32539
 Settings: enable_bitmapscan = 'off', enable_seqscan = 'off', max_parallel_workers_per_gather = '0'
 Planning:
   Buffers: shared hit=117
 Planning Time: 0.208 ms
 Execution Time: 5.381 ms
(10 rows)

