SET
SET
SET
SET
SET
                                                                  QUERY PLAN                                                                  
----------------------------------------------------------------------------------------------------------------------------------------------
 Index Scan using idx on public.t (actual rows=4096.00 loops=1)
   Output: a, b
   Index Cond: ((t.a >= '-27796'::integer) AND (t.a <= '-23701'::integer))
   Index Searches: 1
   Prefetch: distance=257.542 count=4277 stalls=6 skipped=51 resets=0 ungets=327 forwarded=3
             histogram [2,4) => 6, [4,8) => 6, [8,16) => 9, [16,32) => 16, [32,64) => 31, [64,128) => 35, [128,256) => 787, [256,512) => 3387
   Buffers: shared hit=3761 read=301
 Settings: enable_bitmapscan = 'off', enable_seqscan = 'off', max_parallel_workers_per_gather = '0'
 Planning:
   Buffers: shared hit=86 read=26
 Planning Time: 1.987 ms
 Execution Time: 7.084 ms
(12 rows)

SET
SET
SET
SET
SET
                                             QUERY PLAN                                             
----------------------------------------------------------------------------------------------------
 Index Scan using idx on public.t (actual rows=4096.00 loops=1)
   Output: a, b
   Index Cond: ((t.a >= '-27796'::integer) AND (t.a <= '-23701'::integer))
   Index Searches: 1
   Buffers: shared hit=4062
 Settings: enable_bitmapscan = 'off', enable_seqscan = 'off', max_parallel_workers_per_gather = '0'
 Planning:
   Buffers: shared hit=117
 Planning Time: 0.159 ms
 Execution Time: 0.524 ms
(10 rows)

