SET
SET
SET
SET
SET
                                                                 QUERY PLAN                                                                  
---------------------------------------------------------------------------------------------------------------------------------------------
 Index Scan using idx on public.t (actual rows=2048.00 loops=1)
   Output: a, b
   Index Cond: ((t.a >= '-30155'::integer) AND (t.a <= '-28108'::integer))
   Index Searches: 1
   Prefetch: distance=255.899 count=2138 stalls=2 skipped=18 resets=0 ungets=184 forwarded=0
             histogram [2,4) => 8, [4,8) => 6, [8,16) => 7, [16,32) => 16, [32,64) => 17, [64,128) => 8, [128,256) => 330, [256,512) => 1746
   Buffers: shared hit=1846 read=196
 Settings: enable_bitmapscan = 'off', enable_seqscan = 'off', max_parallel_workers_per_gather = '0'
 Planning:
   Buffers: shared hit=86 read=26
 Planning Time: 1.970 ms
 Execution Time: 5.862 ms
(12 rows)

SET
SET
SET
SET
SET
                                             QUERY PLAN                                             
----------------------------------------------------------------------------------------------------
 Index Scan using idx on public.t (actual rows=2048.00 loops=1)
   Output: a, b
   Index Cond: ((t.a >= '-30155'::integer) AND (t.a <= '-28108'::integer))
   Index Searches: 1
   Buffers: shared hit=2042
 Settings: enable_bitmapscan = 'off', enable_seqscan = 'off', max_parallel_workers_per_gather = '0'
 Planning:
   Buffers: shared hit=117
 Planning Time: 0.205 ms
 Execution Time: 0.496 ms
(10 rows)

