SET
SET
SET
SET
SET
                                                                   QUERY PLAN                                                                    
-------------------------------------------------------------------------------------------------------------------------------------------------
 Index Scan using idx on public.t (actual rows=65536.00 loops=1)
   Output: a, b
   Index Cond: ((t.a >= '-80458'::integer) AND (t.a <= '-14923'::integer))
   Index Searches: 1
   Prefetch: distance=262.205 count=70165 stalls=4 skipped=607 resets=0 ungets=5323 forwarded=33
             histogram [2,4) => 4, [4,8) => 10, [8,16) => 6, [16,32) => 17, [32,64) => 14, [64,128) => 3, [128,256) => 13601, [256,512) => 56510
   Buffers: shared hit=61723 read=3389
 Settings: enable_bitmapscan = 'off', enable_seqscan = 'off', max_parallel_workers_per_gather = '0'
 Planning:
   Buffers: shared hit=86 read=26
 Planning Time: 1.946 ms
 Execution Time: 28.916 ms
(12 rows)

SET
SET
SET
SET
SET
                                             QUERY PLAN                                             
----------------------------------------------------------------------------------------------------
 Index Scan using idx on public.t (actual rows=65536.00 loops=1)
   Output: a, b
   Index Cond: ((t.a >= '-80458'::integer) AND (t.a <= '-14923'::integer))
   Index Searches: 1
   Buffers: shared hit=65113
 Settings: enable_bitmapscan = 'off', enable_seqscan = 'off', max_parallel_workers_per_gather = '0'
 Planning:
   Buffers: shared hit=117
 Planning Time: 0.177 ms
 Execution Time: 7.314 ms
(10 rows)

