SET
SET
SET
SET
SET
                                                                      QUERY PLAN                                                                      
------------------------------------------------------------------------------------------------------------------------------------------------------
 Index Scan using idx on public.t (actual rows=3048576.00 loops=1)
   Output: a, b
   Index Cond: ((t.a >= '-3061643'::integer) AND (t.a <= '-13068'::integer))
   Index Searches: 1
   Prefetch: distance=262.281 count=3269697 stalls=1 skipped=28351 resets=0 ungets=249581 forwarded=1574
             histogram [2,4) => 2, [4,8) => 15, [8,16) => 31, [16,32) => 14, [32,64) => 24, [64,128) => 31, [128,256) => 652689, [256,512) => 2616891
   Buffers: shared hit=2874913 read=153592
 Settings: enable_bitmapscan = 'off', enable_seqscan = 'off', max_parallel_workers_per_gather = '0'
 Planning:
   Buffers: shared hit=82 read=26
 Planning Time: 1.966 ms
 Execution Time: 1060.095 ms
(12 rows)

SET
SET
SET
SET
SET
                                             QUERY PLAN                                             
----------------------------------------------------------------------------------------------------
 Index Scan using idx on public.t (actual rows=3048576.00 loops=1)
   Output: a, b
   Index Cond: ((t.a >= '-3061643'::integer) AND (t.a <= '-13068'::integer))
   Index Searches: 1
   Buffers: shared hit=3028561
 Settings: enable_bitmapscan = 'off', enable_seqscan = 'off', max_parallel_workers_per_gather = '0'
 Planning:
   Buffers: shared hit=113
 Planning Time: 0.235 ms
 Execution Time: 491.518 ms
(10 rows)

