SET
SET
SET
SET
SET
                                                                QUERY PLAN                                                                 
-------------------------------------------------------------------------------------------------------------------------------------------
 Index Scan using idx on public.t (actual rows=512.00 loops=1)
   Output: a, b
   Index Cond: ((t.a >= 5545) AND (t.a <= 5800))
   Index Searches: 1
   Prefetch: distance=212.423 count=274 stalls=3 skipped=4 resets=0 ungets=48 forwarded=3
             histogram [2,4) => 4, [4,8) => 9, [8,16) => 11, [16,32) => 16, [32,64) => 17, [64,128) => 8, [128,256) => 2, [256,512) => 207
   Buffers: shared hit=255 read=255
 Settings: enable_bitmapscan = 'off', enable_seqscan = 'off', max_parallel_workers_per_gather = '0'
 Planning:
   Buffers: shared hit=82 read=27
 Planning Time: 1.666 ms
 Execution Time: 11.693 ms
(12 rows)

SET
SET
SET
SET
SET
                                             QUERY PLAN                                             
----------------------------------------------------------------------------------------------------
 Index Scan using idx on public.t (actual rows=512.00 loops=1)
   Output: a, b
   Index Cond: ((t.a >= 5545) AND (t.a <= 5800))
   Index Searches: 1
   Buffers: shared hit=510
 Settings: enable_bitmapscan = 'off', enable_seqscan = 'off', max_parallel_workers_per_gather = '0'
 Planning:
   Buffers: shared hit=114
 Planning Time: 0.202 ms
 Execution Time: 0.356 ms
(10 rows)

