SET
SET
SET
SET
SET
                                                                   QUERY PLAN                                                                   
------------------------------------------------------------------------------------------------------------------------------------------------
 Index Scan using idx on public.t (actual rows=2048.00 loops=1)
   Output: a, b
   Index Cond: ((t.a >= 1325) AND (t.a <= 2348))
   Index Searches: 1
   Prefetch: distance=242.895 count=1883 stalls=2 skipped=45 resets=0 ungets=75 forwarded=1
             histogram [2,4) => 10, [4,8) => 9, [8,16) => 11, [16,32) => 10, [32,64) => 32, [64,128) => 25, [128,256) => 585, [256,512) => 1201
   Buffers: shared hit=1761 read=249
 Settings: enable_bitmapscan = 'off', enable_seqscan = 'off', max_parallel_workers_per_gather = '0'
 Planning:
   Buffers: shared hit=82 read=27
 Planning Time: 1.917 ms
 Execution Time: 7.465 ms
(12 rows)

SET
SET
SET
SET
SET
                                             QUERY PLAN                                             
----------------------------------------------------------------------------------------------------
 Index Scan using idx on public.t (actual rows=2048.00 loops=1)
   Output: a, b
   Index Cond: ((t.a >= 1325) AND (t.a <= 2348))
   Index Searches: 1
   Buffers: shared hit=2010
 Settings: enable_bitmapscan = 'off', enable_seqscan = 'off', max_parallel_workers_per_gather = '0'
 Planning:
   Buffers: shared hit=114
 Planning Time: 0.181 ms
 Execution Time: 0.542 ms
(10 rows)

