SET
SET
SET
SET
SET
                                                               QUERY PLAN                                                                
-----------------------------------------------------------------------------------------------------------------------------------------
 Index Scan using idx on public.t (actual rows=1024.00 loops=1)
   Output: a, b
   Index Cond: ((t.a >= 16135) AND (t.a <= 16646))
   Index Searches: 1
   Prefetch: distance=258.096 count=990 stalls=3 skipped=17 resets=0 ungets=197 forwarded=5
             histogram [2,4) => 6, [4,8) => 7, [8,16) => 9, [16,32) => 8, [32,64) => 9, [64,128) => 2, [128,256) => 35, [256,512) => 914
   Buffers: shared hit=627 read=384
 Settings: enable_bitmapscan = 'off', enable_seqscan = 'off', max_parallel_workers_per_gather = '0'
 Planning:
   Buffers: shared hit=82 read=27
 Planning Time: 1.930 ms
 Execution Time: 12.811 ms
(12 rows)

SET
SET
SET
SET
SET
                                             QUERY PLAN                                             
----------------------------------------------------------------------------------------------------
 Index Scan using idx on public.t (actual rows=1024.00 loops=1)
   Output: a, b
   Index Cond: ((t.a >= 16135) AND (t.a <= 16646))
   Index Searches: 1
   Buffers: shared hit=1011
 Settings: enable_bitmapscan = 'off', enable_seqscan = 'off', max_parallel_workers_per_gather = '0'
 Planning:
   Buffers: shared hit=114
 Planning Time: 0.181 ms
 Execution Time: 0.466 ms
(10 rows)

