SET
SET
SET
SET
SET
                                                               QUERY PLAN                                                                
-----------------------------------------------------------------------------------------------------------------------------------------
 Index Scan Backward using idx on public.t (actual rows=256.00 loops=1)
   Output: a, b
   Index Cond: ((t.a >= '-29454'::integer) AND (t.a <= '-29391'::integer))
   Index Searches: 1
   Prefetch: distance=226.624 count=245 stalls=3 skipped=2 resets=0 ungets=41 forwarded=0
             histogram [2,4) => 4, [4,8) => 5, [8,16) => 7, [16,32) => 18, [32,64) => 5, [64,128) => 3, [128,256) => 9, [256,512) => 194
   Buffers: shared hit=161 read=99
 Settings: enable_bitmapscan = 'off', enable_seqscan = 'off', max_parallel_workers_per_gather = '0'
 Planning:
   Buffers: shared hit=85 read=28
 Planning Time: 1.288 ms
 Execution Time: 4.127 ms
(12 rows)

SET
SET
SET
SET
SET
                                             QUERY PLAN                                             
----------------------------------------------------------------------------------------------------
 Index Scan Backward using idx on public.t (actual rows=256.00 loops=1)
   Output: a, b
   Index Cond: ((t.a >= '-29454'::integer) AND (t.a <= '-29391'::integer))
   Index Searches: 1
   Buffers: shared hit=260
 Settings: enable_bitmapscan = 'off', enable_seqscan = 'off', max_parallel_workers_per_gather = '0'
 Planning:
   Buffers: shared hit=118
 Planning Time: 0.204 ms
 Execution Time: 0.163 ms
(10 rows)

