SET
SET
SET
SET
SET
                                                                  QUERY PLAN                                                                  
----------------------------------------------------------------------------------------------------------------------------------------------
 Index Scan using idx on public.t (actual rows=4096.00 loops=1)
   Output: a, b
   Index Cond: ((t.a >= 19785) AND (t.a <= 21832))
   Index Searches: 1
   Prefetch: distance=237.553 count=3996 stalls=1 skipped=84 resets=0 ungets=204 forwarded=10
             histogram [2,4) => 2, [4,8) => 5, [8,16) => 9, [16,32) => 16, [32,64) => 7, [64,128) => 52, [128,256) => 1951, [256,512) => 1954
   Buffers: shared hit=3581 read=444
 Settings: enable_bitmapscan = 'off', enable_seqscan = 'off', max_parallel_workers_per_gather = '0'
 Planning:
   Buffers: shared hit=82 read=27
 Planning Time: 1.987 ms
 Execution Time: 15.741 ms
(12 rows)

SET
SET
SET
SET
SET
                                             QUERY PLAN                                             
----------------------------------------------------------------------------------------------------
 Index Scan using idx on public.t (actual rows=4096.00 loops=1)
   Output: a, b
   Index Cond: ((t.a >= 19785) AND (t.a <= 21832))
   Index Searches: 1
   Buffers: shared hit=4025
 Settings: enable_bitmapscan = 'off', enable_seqscan = 'off', max_parallel_workers_per_gather = '0'
 Planning:
   Buffers: shared hit=114
 Planning Time: 0.199 ms
 Execution Time: 1.033 ms
(10 rows)

