SET
SET
SET
SET
SET
                                                                    QUERY PLAN                                                                    
--------------------------------------------------------------------------------------------------------------------------------------------------
 Index Scan using idx on public.t (actual rows=8192.00 loops=1)
   Output: a, b
   Index Cond: ((t.a >= 14252) AND (t.a <= 18347))
   Index Searches: 1
   Prefetch: distance=227.109 count=2990 stalls=4841 skipped=192 resets=0 ungets=154 forwarded=11
             histogram [2,4) => 136, [4,8) => 22, [8,16) => 19, [16,32) => 38, [32,64) => 36, [64,128) => 74, [128,256) => 958, [256,512) => 1707
   Buffers: shared hit=7511 read=505
 Settings: enable_bitmapscan = 'off', enable_seqscan = 'off', max_parallel_workers_per_gather = '0'
 Planning:
   Buffers: shared hit=82 read=27
 Planning Time: 2.022 ms
 Execution Time: 17.147 ms
(12 rows)

SET
SET
SET
SET
SET
                                             QUERY PLAN                                             
----------------------------------------------------------------------------------------------------
 Index Scan using idx on public.t (actual rows=8192.00 loops=1)
   Output: a, b
   Index Cond: ((t.a >= 14252) AND (t.a <= 18347))
   Index Searches: 1
   Buffers: shared hit=8016
 Settings: enable_bitmapscan = 'off', enable_seqscan = 'off', max_parallel_workers_per_gather = '0'
 Planning:
   Buffers: shared hit=114
 Planning Time: 0.138 ms
 Execution Time: 0.893 ms
(10 rows)

