SET
SET
SET
SET
SET
                                                                 QUERY PLAN                                                                  
---------------------------------------------------------------------------------------------------------------------------------------------
 Index Scan using idx on public.t (actual rows=2048.00 loops=1)
   Output: a, b
   Index Cond: ((t.a >= 23023) AND (t.a <= 24046))
   Index Searches: 1
   Prefetch: distance=255.066 count=1954 stalls=8 skipped=31 resets=0 ungets=184 forwarded=10
             histogram [2,4) => 4, [4,8) => 4, [8,16) => 8, [16,32) => 11, [32,64) => 15, [64,128) => 2, [128,256) => 436, [256,512) => 1474
   Buffers: shared hit=1611 read=412
 Settings: enable_bitmapscan = 'off', enable_seqscan = 'off', max_parallel_workers_per_gather = '0'
 Planning:
   Buffers: shared hit=82 read=27
 Planning Time: 1.987 ms
 Execution Time: 14.616 ms
(12 rows)

SET
SET
SET
SET
SET
                                             QUERY PLAN                                             
----------------------------------------------------------------------------------------------------
 Index Scan using idx on public.t (actual rows=2048.00 loops=1)
   Output: a, b
   Index Cond: ((t.a >= 23023) AND (t.a <= 24046))
   Index Searches: 1
   Buffers: shared hit=2023
 Settings: enable_bitmapscan = 'off', enable_seqscan = 'off', max_parallel_workers_per_gather = '0'
 Planning:
   Buffers: shared hit=114
 Planning Time: 0.136 ms
 Execution Time: 0.348 ms
(10 rows)

