SET
SET
SET
SET
SET
                                                               QUERY PLAN                                                               
----------------------------------------------------------------------------------------------------------------------------------------
 Index Scan using idx on public.t (actual rows=512.00 loops=1)
   Output: a, b
   Index Cond: ((t.a >= 6045) AND (t.a <= 6300))
   Index Searches: 1
   Prefetch: distance=257.400 count=563 stalls=1 skipped=6 resets=0 ungets=149 forwarded=5
             histogram [2,4) => 4, [4,8) => 5, [8,16) => 5, [16,32) => 8, [32,64) => 4, [64,128) => 2, [128,256) => 3, [256,512) => 532
   Buffers: shared hit=264 read=248
 Settings: enable_bitmapscan = 'off', enable_seqscan = 'off', max_parallel_workers_per_gather = '0'
 Planning:
   Buffers: shared hit=82 read=27
 Planning Time: 1.724 ms
 Execution Time: 7.369 ms
(12 rows)

SET
SET
SET
SET
SET
                                             QUERY PLAN                                             
----------------------------------------------------------------------------------------------------
 Index Scan using idx on public.t (actual rows=512.00 loops=1)
   Output: a, b
   Index Cond: ((t.a >= 6045) AND (t.a <= 6300))
   Index Searches: 1
   Buffers: shared hit=512
 Settings: enable_bitmapscan = 'off', enable_seqscan = 'off', max_parallel_workers_per_gather = '0'
 Planning:
   Buffers: shared hit=114
 Planning Time: 0.197 ms
 Execution Time: 0.337 ms
(10 rows)

