SET
SET
SET
SET
SET
                                                                       QUERY PLAN                                                                       
--------------------------------------------------------------------------------------------------------------------------------------------------------
 Index Scan using idx on public.t (actual rows=524288.00 loops=1)
   Output: a, b
   Index Cond: ((t.a >= 7507) AND (t.a <= 269650))
   Index Searches: 1
   Prefetch: distance=107.470 count=25066 stalls=488193 skipped=11340 resets=0 ungets=320 forwarded=8
             histogram [2,4) => 11965, [4,8) => 1113, [8,16) => 19, [16,32) => 25, [32,64) => 34, [64,128) => 393, [128,256) => 7988, [256,512) => 3529
   Buffers: shared hit=506445 read=7801
 Settings: enable_bitmapscan = 'off', enable_seqscan = 'off', max_parallel_workers_per_gather = '0'
 Planning:
   Buffers: shared hit=78 read=27
 Planning Time: 2.008 ms
 Execution Time: 109.417 ms
(12 rows)

SET
SET
SET
SET
SET
                                             QUERY PLAN                                             
----------------------------------------------------------------------------------------------------
 Index Scan using idx on public.t (actual rows=524288.00 loops=1)
   Output: a, b
   Index Cond: ((t.a >= 7507) AND (t.a <= 269650))
   Index Searches: 1
   Buffers: shared hit=514246
 Settings: enable_bitmapscan = 'off', enable_seqscan = 'off', max_parallel_workers_per_gather = '0'
 Planning:
   Buffers: shared hit=110
 Planning Time: 0.188 ms
 Execution Time: 64.765 ms
(10 rows)

