SET
SET
SET
SET
SET
                                                                   QUERY PLAN                                                                    
-------------------------------------------------------------------------------------------------------------------------------------------------
 Index Scan Backward using idx on public.t (actual rows=4096.00 loops=1)
   Output: a, b
   Index Cond: ((t.a >= '-21381'::integer) AND (t.a <= '-20358'::integer))
   Index Searches: 1
   Prefetch: distance=249.456 count=3972 stalls=19 skipped=56 resets=0 ungets=58 forwarded=0
             histogram [2,4) => 14, [4,8) => 10, [8,16) => 29, [16,32) => 25, [32,64) => 45, [64,128) => 67, [128,256) => 933, [256,512) => 2849
   Buffers: shared hit=3764 read=288
 Settings: enable_bitmapscan = 'off', enable_seqscan = 'off', max_parallel_workers_per_gather = '0'
 Planning:
   Buffers: shared hit=85 read=28
 Planning Time: 2.052 ms
 Execution Time: 8.207 ms
(12 rows)

SET
SET
SET
SET
SET
                                             QUERY PLAN                                             
----------------------------------------------------------------------------------------------------
 Index Scan Backward using idx on public.t (actual rows=4096.00 loops=1)
   Output: a, b
   Index Cond: ((t.a >= '-21381'::integer) AND (t.a <= '-20358'::integer))
   Index Searches: 1
   Buffers: shared hit=4052
 Settings: enable_bitmapscan = 'off', enable_seqscan = 'off', max_parallel_workers_per_gather = '0'
 Planning:
   Buffers: shared hit=118
 Planning Time: 0.187 ms
 Execution Time: 0.778 ms
(10 rows)

