SET
SET
SET
SET
SET
                                             QUERY PLAN                                             
----------------------------------------------------------------------------------------------------
 Index Scan Backward using idx on public.t (actual rows=8192.00 loops=1)
   Output: a, b
   Index Cond: ((t.a >= '-22193'::integer) AND (t.a <= '-20146'::integer))
   Index Searches: 1
   Prefetch: distance=2.121 count=784 stalls=7021 skipped=100 resets=0 ungets=0 forwarded=0
             histogram [2,4) => 752, [4,8) => 32
   Buffers: shared hit=7614 read=490
 Settings: enable_bitmapscan = 'off', enable_seqscan = 'off', max_parallel_workers_per_gather = '0'
 Planning:
   Buffers: shared hit=85 read=28
 Planning Time: 2.057 ms
 Execution Time: 12.981 ms
(12 rows)

SET
SET
SET
SET
SET
                                             QUERY PLAN                                             
----------------------------------------------------------------------------------------------------
 Index Scan Backward using idx on public.t (actual rows=8192.00 loops=1)
   Output: a, b
   Index Cond: ((t.a >= '-22193'::integer) AND (t.a <= '-20146'::integer))
   Index Searches: 1
   Buffers: shared hit=8104
 Settings: enable_bitmapscan = 'off', enable_seqscan = 'off', max_parallel_workers_per_gather = '0'
 Planning:
   Buffers: shared hit=118
 Planning Time: 0.195 ms
 Execution Time: 1.427 ms
(10 rows)

