SET
SET
SET
SET
SET
                                                                    QUERY PLAN                                                                     
---------------------------------------------------------------------------------------------------------------------------------------------------
 Index Scan using idx on public.t (actual rows=8192.00 loops=1)
   Output: a, b
   Index Cond: ((t.a >= 6182) AND (t.a <= 10277))
   Index Searches: 1
   Prefetch: distance=215.194 count=2733 stalls=5200 skipped=169 resets=0 ungets=133 forwarded=3
             histogram [2,4) => 151, [4,8) => 28, [8,16) => 17, [16,32) => 35, [32,64) => 73, [64,128) => 166, [128,256) => 856, [256,512) => 1407
   Buffers: shared hit=7612 read=434
 Settings: enable_bitmapscan = 'off', enable_seqscan = 'off', max_parallel_workers_per_gather = '0'
 Planning:
   Buffers: shared hit=82 read=27
 Planning Time: 1.996 ms
 Execution Time: 14.704 ms
(12 rows)

SET
SET
SET
SET
SET
                                             QUERY PLAN                                             
----------------------------------------------------------------------------------------------------
 Index Scan using idx on public.t (actual rows=8192.00 loops=1)
   Output: a, b
   Index Cond: ((t.a >= 6182) AND (t.a <= 10277))
   Index Searches: 1
   Buffers: shared hit=8046
 Settings: enable_bitmapscan = 'off', enable_seqscan = 'off', max_parallel_workers_per_gather = '0'
 Planning:
   Buffers: shared hit=114
 Planning Time: 0.192 ms
 Execution Time: 1.630 ms
(10 rows)

