SET
SET
SET
SET
SET
                                                                QUERY PLAN                                                                 
-------------------------------------------------------------------------------------------------------------------------------------------
 Index Scan using idx on public.t (actual rows=2048.00 loops=1)
   Output: a, b
   Index Cond: ((t.a >= 24504) AND (t.a <= 25527))
   Index Searches: 1
   Prefetch: distance=260.043 count=2154 stalls=1 skipped=31 resets=0 ungets=257 forwarded=8
             histogram [2,4) => 4, [4,8) => 6, [8,16) => 6, [16,32) => 8, [32,64) => 8, [64,128) => 4, [128,256) => 320, [256,512) => 1798
   Buffers: shared hit=1614 read=413
 Settings: enable_bitmapscan = 'off', enable_seqscan = 'off', max_parallel_workers_per_gather = '0'
 Planning:
   Buffers: shared hit=82 read=27
 Planning Time: 2.026 ms
 Execution Time: 10.472 ms
(12 rows)

SET
SET
SET
SET
SET
                                             QUERY PLAN                                             
----------------------------------------------------------------------------------------------------
 Index Scan using idx on public.t (actual rows=2048.00 loops=1)
   Output: a, b
   Index Cond: ((t.a >= 24504) AND (t.a <= 25527))
   Index Searches: 1
   Buffers: shared hit=2027
 Settings: enable_bitmapscan = 'off', enable_seqscan = 'off', max_parallel_workers_per_gather = '0'
 Planning:
   Buffers: shared hit=114
 Planning Time: 0.193 ms
 Execution Time: 0.696 ms
(10 rows)

