SET
SET
SET
SET
SET
                                                                    QUERY PLAN                                                                     
---------------------------------------------------------------------------------------------------------------------------------------------------
 Index Scan Backward using idx on public.t (actual rows=3048576.00 loops=1)
   Output: a, b
   Index Cond: ((t.a >= '-784689'::integer) AND (t.a <= '-22546'::integer))
   Index Searches: 1
   Prefetch: distance=260.875 count=3038820 stalls=1 skipped=45105 resets=0 ungets=35389 forwarded=1
             histogram [2,4) => 4, [4,8) => 4, [8,16) => 10, [16,32) => 11, [32,64) => 5, [64,128) => 3, [128,256) => 719599, [256,512) => 2319184
   Buffers: shared hit=2858218 read=149823
 Settings: enable_bitmapscan = 'off', enable_seqscan = 'off', max_parallel_workers_per_gather = '0'
 Planning:
   Buffers: shared hit=81 read=28
 Planning Time: 2.060 ms
 Execution Time: 1272.258 ms
(12 rows)

SET
SET
SET
SET
SET
                                             QUERY PLAN                                             
----------------------------------------------------------------------------------------------------
 Index Scan Backward using idx on public.t (actual rows=3048576.00 loops=1)
   Output: a, b
   Index Cond: ((t.a >= '-784689'::integer) AND (t.a <= '-22546'::integer))
   Index Searches: 1
   Buffers: shared hit=3008041
 Settings: enable_bitmapscan = 'off', enable_seqscan = 'off', max_parallel_workers_per_gather = '0'
 Planning:
   Buffers: shared hit=114
 Planning Time: 0.228 ms
 Execution Time: 479.878 ms
(10 rows)

