SET
SET
SET
SET
SET
                                                                     QUERY PLAN                                                                      
-----------------------------------------------------------------------------------------------------------------------------------------------------
 Index Scan using idx on public.t (actual rows=8192.00 loops=1)
   Output: a, b
   Index Cond: ((t.a >= 11822) AND (t.a <= 15917))
   Index Searches: 1
   Prefetch: distance=210.161 count=3523 stalls=4292 skipped=183 resets=0 ungets=117 forwarded=4
             histogram [2,4) => 121, [4,8) => 26, [8,16) => 18, [16,32) => 55, [32,64) => 229, [64,128) => 202, [128,256) => 1266, [256,512) => 1606
   Buffers: shared hit=7546 read=483
 Settings: enable_bitmapscan = 'off', enable_seqscan = 'off', max_parallel_workers_per_gather = '0'
 Planning:
   Buffers: shared hit=82 read=27
 Planning Time: 2.011 ms
 Execution Time: 14.858 ms
(12 rows)

SET
SET
SET
SET
SET
                                             QUERY PLAN                                             
----------------------------------------------------------------------------------------------------
 Index Scan using idx on public.t (actual rows=8192.00 loops=1)
   Output: a, b
   Index Cond: ((t.a >= 11822) AND (t.a <= 15917))
   Index Searches: 1
   Buffers: shared hit=8029
 Settings: enable_bitmapscan = 'off', enable_seqscan = 'off', max_parallel_workers_per_gather = '0'
 Planning:
   Buffers: shared hit=114
 Planning Time: 0.197 ms
 Execution Time: 1.855 ms
(10 rows)

