SET
SET
SET
SET
SET
                                                                 QUERY PLAN                                                                  
---------------------------------------------------------------------------------------------------------------------------------------------
 Index Scan using idx on public.t (actual rows=4096.00 loops=1)
   Output: a, b
   Index Cond: ((t.a >= 30635) AND (t.a <= 32682))
   Index Searches: 1
   Prefetch: distance=245.230 count=4305 stalls=1 skipped=90 resets=0 ungets=337 forwarded=14
             histogram [2,4) => 2, [4,8) => 4, [8,16) => 10, [16,32) => 7, [32,64) => 3, [64,128) => 4, [128,256) => 1876, [256,512) => 2399
   Buffers: shared hit=3578 read=440
 Settings: enable_bitmapscan = 'off', enable_seqscan = 'off', max_parallel_workers_per_gather = '0'
 Planning:
   Buffers: shared hit=82 read=27
 Planning Time: 2.024 ms
 Execution Time: 6.972 ms
(12 rows)

SET
SET
SET
SET
SET
                                             QUERY PLAN                                             
----------------------------------------------------------------------------------------------------
 Index Scan using idx on public.t (actual rows=4096.00 loops=1)
   Output: a, b
   Index Cond: ((t.a >= 30635) AND (t.a <= 32682))
   Index Searches: 1
   Buffers: shared hit=4018
 Settings: enable_bitmapscan = 'off', enable_seqscan = 'off', max_parallel_workers_per_gather = '0'
 Planning:
   Buffers: shared hit=114
 Planning Time: 0.190 ms
 Execution Time: 1.035 ms
(10 rows)

