SET
SET
SET
SET
SET
                                                               QUERY PLAN                                                                
-----------------------------------------------------------------------------------------------------------------------------------------
 Index Scan using idx on public.t (actual rows=512.00 loops=1)
   Output: a, b
   Index Cond: ((t.a >= 23499) AND (t.a <= 23754))
   Index Searches: 1
   Prefetch: distance=251.555 count=577 stalls=1 skipped=7 resets=0 ungets=172 forwarded=4
             histogram [2,4) => 6, [4,8) => 9, [8,16) => 8, [16,32) => 10, [32,64) => 7, [64,128) => 6, [128,256) => 2, [256,512) => 529
   Buffers: shared hit=220 read=291
 Settings: enable_bitmapscan = 'off', enable_seqscan = 'off', max_parallel_workers_per_gather = '0'
 Planning:
   Buffers: shared hit=82 read=27
 Planning Time: 1.791 ms
 Execution Time: 8.067 ms
(12 rows)

SET
SET
SET
SET
SET
                                             QUERY PLAN                                             
----------------------------------------------------------------------------------------------------
 Index Scan using idx on public.t (actual rows=512.00 loops=1)
   Output: a, b
   Index Cond: ((t.a >= 23499) AND (t.a <= 23754))
   Index Searches: 1
   Buffers: shared hit=511
 Settings: enable_bitmapscan = 'off', enable_seqscan = 'off', max_parallel_workers_per_gather = '0'
 Planning:
   Buffers: shared hit=114
 Planning Time: 0.189 ms
 Execution Time: 0.334 ms
(10 rows)

