SET
SET
SET
SET
SET
                                                                    QUERY PLAN                                                                     
---------------------------------------------------------------------------------------------------------------------------------------------------
 Index Scan using idx on public.t (actual rows=8192.00 loops=1)
   Output: a, b
   Index Cond: ((t.a >= 1549) AND (t.a <= 5644))
   Index Searches: 1
   Prefetch: distance=215.676 count=5138 stalls=2843 skipped=168 resets=0 ungets=108 forwarded=3
             histogram [2,4) => 81, [4,8) => 18, [8,16) => 29, [16,32) => 46, [32,64) => 67, [64,128) => 392, [128,256) => 2663, [256,512) => 1842
   Buffers: shared hit=7697 read=348
 Settings: enable_bitmapscan = 'off', enable_seqscan = 'off', max_parallel_workers_per_gather = '0'
 Planning:
   Buffers: shared hit=82 read=27
 Planning Time: 1.997 ms
 Execution Time: 10.730 ms
(12 rows)

SET
SET
SET
SET
SET
                                             QUERY PLAN                                             
----------------------------------------------------------------------------------------------------
 Index Scan using idx on public.t (actual rows=8192.00 loops=1)
   Output: a, b
   Index Cond: ((t.a >= 1549) AND (t.a <= 5644))
   Index Searches: 1
   Buffers: shared hit=8045
 Settings: enable_bitmapscan = 'off', enable_seqscan = 'off', max_parallel_workers_per_gather = '0'
 Planning:
   Buffers: shared hit=114
 Planning Time: 0.204 ms
 Execution Time: 1.589 ms
(10 rows)

