SET
SET
SET
SET
SET
                                                                  QUERY PLAN                                                                   
-----------------------------------------------------------------------------------------------------------------------------------------------
 Index Scan Backward using idx on public.t (actual rows=1024.00 loops=1)
   Output: a, b
   Index Cond: ((t.a >= 1292) AND (t.a <= 1803))
   Index Searches: 1
   Prefetch: distance=180.671 count=577 stalls=87 skipped=13 resets=0 ungets=10 forwarded=0
             histogram [2,4) => 36, [4,8) => 9, [8,16) => 19, [16,32) => 38, [32,64) => 26, [64,128) => 54, [128,256) => 182, [256,512) => 213
   Buffers: shared hit=782 read=225
 Settings: enable_bitmapscan = 'off', enable_seqscan = 'off', max_parallel_workers_per_gather = '0'
 Planning:
   Buffers: shared hit=86 read=27
 Planning Time: 1.723 ms
 Execution Time: 9.492 ms
(12 rows)

SET
SET
SET
SET
SET
                                             QUERY PLAN                                             
----------------------------------------------------------------------------------------------------
 Index Scan Backward using idx on public.t (actual rows=1024.00 loops=1)
   Output: a, b
   Index Cond: ((t.a >= 1292) AND (t.a <= 1803))
   Index Searches: 1
   Buffers: shared hit=1007
 Settings: enable_bitmapscan = 'off', enable_seqscan = 'off', max_parallel_workers_per_gather = '0'
 Planning:
   Buffers: shared hit=118
 Planning Time: 0.230 ms
 Execution Time: 0.376 ms
(10 rows)

