SET
SET
SET
SET
SET
                                                                QUERY PLAN                                                                 
-------------------------------------------------------------------------------------------------------------------------------------------
 Index Scan Backward using idx on public.t (actual rows=512.00 loops=1)
   Output: a, b
   Index Cond: ((t.a >= 25260) AND (t.a <= 25515))
   Index Searches: 1
   Prefetch: distance=227.857 count=287 stalls=7 skipped=3 resets=0 ungets=64 forwarded=0
             histogram [2,4) => 10, [4,8) => 5, [8,16) => 10, [16,32) => 11, [32,64) => 8, [64,128) => 3, [128,256) => 3, [256,512) => 237
   Buffers: shared hit=228 read=284
 Settings: enable_bitmapscan = 'off', enable_seqscan = 'off', max_parallel_workers_per_gather = '0'
 Planning:
   Buffers: shared hit=86 read=27
 Planning Time: 1.574 ms
 Execution Time: 15.212 ms
(12 rows)

SET
SET
SET
SET
SET
                                             QUERY PLAN                                             
----------------------------------------------------------------------------------------------------
 Index Scan Backward using idx on public.t (actual rows=512.00 loops=1)
   Output: a, b
   Index Cond: ((t.a >= 25260) AND (t.a <= 25515))
   Index Searches: 1
   Buffers: shared hit=512
 Settings: enable_bitmapscan = 'off', enable_seqscan = 'off', max_parallel_workers_per_gather = '0'
 Planning:
   Buffers: shared hit=118
 Planning Time: 0.214 ms
 Execution Time: 0.382 ms
(10 rows)

