SET
SET
SET
SET
SET
                                                                     QUERY PLAN                                                                     
----------------------------------------------------------------------------------------------------------------------------------------------------
 Index Scan Backward using idx on public.t (actual rows=8192.00 loops=1)
   Output: a, b
   Index Cond: ((t.a >= 15603) AND (t.a <= 19698))
   Index Searches: 1
   Prefetch: distance=234.374 count=4474 stalls=3898 skipped=182 resets=0 ungets=375 forwarded=0
             histogram [2,4) => 112, [4,8) => 17, [8,16) => 13, [16,32) => 25, [32,64) => 43, [64,128) => 112, [128,256) => 1774, [256,512) => 2378
   Buffers: shared hit=7525 read=512
 Settings: enable_bitmapscan = 'off', enable_seqscan = 'off', max_parallel_workers_per_gather = '0'
 Planning:
   Buffers: shared hit=86 read=27
 Planning Time: 2.024 ms
 Execution Time: 11.898 ms
(12 rows)

SET
SET
SET
SET
SET
                                             QUERY PLAN                                             
----------------------------------------------------------------------------------------------------
 Index Scan Backward using idx on public.t (actual rows=8192.00 loops=1)
   Output: a, b
   Index Cond: ((t.a >= 15603) AND (t.a <= 19698))
   Index Searches: 1
   Buffers: shared hit=8037
 Settings: enable_bitmapscan = 'off', enable_seqscan = 'off', max_parallel_workers_per_gather = '0'
 Planning:
   Buffers: shared hit=118
 Planning Time: 0.185 ms
 Execution Time: 1.636 ms
(10 rows)

