SET
SET
SET
SET
SET
                                                               QUERY PLAN                                                                
-----------------------------------------------------------------------------------------------------------------------------------------
 Index Scan Backward using idx on public.t (actual rows=512.00 loops=1)
   Output: a, b
   Index Cond: ((t.a >= 31078) AND (t.a <= 31333))
   Index Searches: 1
   Prefetch: distance=255.975 count=521 stalls=1 skipped=11 resets=0 ungets=162 forwarded=0
             histogram [2,4) => 4, [4,8) => 4, [8,16) => 9, [16,32) => 10, [32,64) => 2, [64,128) => 3, [128,256) => 2, [256,512) => 487
   Buffers: shared hit=204 read=301
 Settings: enable_bitmapscan = 'off', enable_seqscan = 'off', max_parallel_workers_per_gather = '0'
 Planning:
   Buffers: shared hit=86 read=27
 Planning Time: 1.247 ms
 Execution Time: 10.867 ms
(12 rows)

SET
SET
SET
SET
SET
                                             QUERY PLAN                                             
----------------------------------------------------------------------------------------------------
 Index Scan Backward using idx on public.t (actual rows=512.00 loops=1)
   Output: a, b
   Index Cond: ((t.a >= 31078) AND (t.a <= 31333))
   Index Searches: 1
   Buffers: shared hit=505
 Settings: enable_bitmapscan = 'off', enable_seqscan = 'off', max_parallel_workers_per_gather = '0'
 Planning:
   Buffers: shared hit=118
 Planning Time: 0.223 ms
 Execution Time: 0.400 ms
(10 rows)

