SET
SET
SET
SET
SET
                                                                    QUERY PLAN                                                                     
---------------------------------------------------------------------------------------------------------------------------------------------------
 Index Scan Backward using idx on public.t (actual rows=8192.00 loops=1)
   Output: a, b
   Index Cond: ((t.a >= 3990) AND (t.a <= 8085))
   Index Searches: 1
   Prefetch: distance=215.774 count=2987 stalls=4789 skipped=166 resets=0 ungets=85 forwarded=0
             histogram [2,4) => 50, [4,8) => 26, [8,16) => 29, [16,32) => 48, [32,64) => 58, [64,128) => 196, [128,256) => 1274, [256,512) => 1306
   Buffers: shared hit=7642 read=401
 Settings: enable_bitmapscan = 'off', enable_seqscan = 'off', max_parallel_workers_per_gather = '0'
 Planning:
   Buffers: shared hit=86 read=27
 Planning Time: 2.014 ms
 Execution Time: 19.376 ms
(12 rows)

SET
SET
SET
SET
SET
                                             QUERY PLAN                                             
----------------------------------------------------------------------------------------------------
 Index Scan Backward using idx on public.t (actual rows=8192.00 loops=1)
   Output: a, b
   Index Cond: ((t.a >= 3990) AND (t.a <= 8085))
   Index Searches: 1
   Buffers: shared hit=8043
 Settings: enable_bitmapscan = 'off', enable_seqscan = 'off', max_parallel_workers_per_gather = '0'
 Planning:
   Buffers: shared hit=118
 Planning Time: 0.137 ms
 Execution Time: 0.868 ms
(10 rows)

