SET
SET
SET
SET
SET
                                                                         QUERY PLAN                                                                         
------------------------------------------------------------------------------------------------------------------------------------------------------------
 Index Scan Backward using idx on public.t (actual rows=9048576.00 loops=1)
   Output: a, b
   Index Cond: ((t.a >= 21401) AND (t.a <= 4545688))
   Index Searches: 1
   Prefetch: distance=14.477 count=244551 stalls=8609859 skipped=194155 resets=0 ungets=212 forwarded=2
             histogram [2,4) => 211604, [4,8) => 18842, [8,16) => 124, [16,32) => 47, [32,64) => 145, [64,128) => 917, [128,256) => 8997, [256,512) => 3875
   Buffers: shared hit=8747582 read=129130
 Settings: enable_bitmapscan = 'off', enable_seqscan = 'off', max_parallel_workers_per_gather = '0'
 Planning:
   Buffers: shared hit=82 read=27
 Planning Time: 2.036 ms
 Execution Time: 9199.600 ms
(12 rows)

SET
SET
SET
SET
SET
                                             QUERY PLAN                                             
----------------------------------------------------------------------------------------------------
 Index Scan Backward using idx on public.t (actual rows=9048576.00 loops=1)
   Output: a, b
   Index Cond: ((t.a >= 21401) AND (t.a <= 4545688))
   Index Searches: 1
   Buffers: shared hit=8876712
 Settings: enable_bitmapscan = 'off', enable_seqscan = 'off', max_parallel_workers_per_gather = '0'
 Planning:
   Buffers: shared hit=114
 Planning Time: 0.209 ms
 Execution Time: 1262.178 ms
(10 rows)

