SET
SET
SET
SET
SET
                                                                QUERY PLAN                                                                
------------------------------------------------------------------------------------------------------------------------------------------
 Index Scan Backward using idx on public.t (actual rows=1024.00 loops=1)
   Output: a, b
   Index Cond: ((t.a >= 12120) AND (t.a <= 12631))
   Index Searches: 1
   Prefetch: distance=262.144 count=1196 stalls=1 skipped=18 resets=0 ungets=280 forwarded=3
             histogram [2,4) => 6, [4,8) => 7, [8,16) => 9, [16,32) => 8, [32,64) => 2, [64,128) => 3, [128,256) => 22, [256,512) => 1139
   Buffers: shared hit=643 read=371
 Settings: enable_bitmapscan = 'off', enable_seqscan = 'off', max_parallel_workers_per_gather = '0'
 Planning:
   Buffers: shared hit=86 read=27
 Planning Time: 1.580 ms
 Execution Time: 8.736 ms
(12 rows)

SET
SET
SET
SET
SET
                                             QUERY PLAN                                             
----------------------------------------------------------------------------------------------------
 Index Scan Backward using idx on public.t (actual rows=1024.00 loops=1)
   Output: a, b
   Index Cond: ((t.a >= 12120) AND (t.a <= 12631))
   Index Searches: 1
   Buffers: shared hit=1014
 Settings: enable_bitmapscan = 'off', enable_seqscan = 'off', max_parallel_workers_per_gather = '0'
 Planning:
   Buffers: shared hit=118
 Planning Time: 0.205 ms
 Execution Time: 0.597 ms
(10 rows)

