SET
SET
SET
SET
SET
                                                               QUERY PLAN                                                                
-----------------------------------------------------------------------------------------------------------------------------------------
 Index Scan Backward using idx on public.t (actual rows=512.00 loops=1)
   Output: a, b
   Index Cond: ((t.a >= 31707) AND (t.a <= 31962))
   Index Searches: 1
   Prefetch: distance=245.370 count=433 stalls=3 skipped=9 resets=0 ungets=114 forwarded=0
             histogram [2,4) => 8, [4,8) => 6, [8,16) => 6, [16,32) => 10, [32,64) => 8, [64,128) => 3, [128,256) => 5, [256,512) => 387
   Buffers: shared hit=229 read=276
 Settings: enable_bitmapscan = 'off', enable_seqscan = 'off', max_parallel_workers_per_gather = '0'
 Planning:
   Buffers: shared hit=86 read=27
 Planning Time: 1.487 ms
 Execution Time: 12.069 ms
(12 rows)

SET
SET
SET
SET
SET
                                             QUERY PLAN                                             
----------------------------------------------------------------------------------------------------
 Index Scan Backward using idx on public.t (actual rows=512.00 loops=1)
   Output: a, b
   Index Cond: ((t.a >= 31707) AND (t.a <= 31962))
   Index Searches: 1
   Buffers: shared hit=505
 Settings: enable_bitmapscan = 'off', enable_seqscan = 'off', max_parallel_workers_per_gather = '0'
 Planning:
   Buffers: shared hit=118
 Planning Time: 0.194 ms
 Execution Time: 0.359 ms
(10 rows)

