SET
SET
SET
SET
SET
                                                                       QUERY PLAN                                                                       
--------------------------------------------------------------------------------------------------------------------------------------------------------
 Index Scan Backward using idx on public.t (actual rows=3048576.00 loops=1)
   Output: a, b
   Index Cond: ((t.a >= 11533) AND (t.a <= 1535820))
   Index Searches: 1
   Prefetch: distance=33.274 count=90196 stalls=2892800 skipped=65536 resets=0 ungets=205 forwarded=0
             histogram [2,4) => 71050, [4,8) => 6328, [8,16) => 43, [16,32) => 34, [32,64) => 44, [64,128) => 592, [128,256) => 8341, [256,512) => 3764
   Buffers: shared hit=2946808 read=43741
 Settings: enable_bitmapscan = 'off', enable_seqscan = 'off', max_parallel_workers_per_gather = '0'
 Planning:
   Buffers: shared hit=82 read=27
 Planning Time: 2.207 ms
 Execution Time: 3186.886 ms
(12 rows)

SET
SET
SET
SET
SET
                                             QUERY PLAN                                             
----------------------------------------------------------------------------------------------------
 Index Scan Backward using idx on public.t (actual rows=3048576.00 loops=1)
   Output: a, b
   Index Cond: ((t.a >= 11533) AND (t.a <= 1535820))
   Index Searches: 1
   Buffers: shared hit=2990549
 Settings: enable_bitmapscan = 'off', enable_seqscan = 'off', max_parallel_workers_per_gather = '0'
 Planning:
   Buffers: shared hit=114
 Planning Time: 0.223 ms
 Execution Time: 429.841 ms
(10 rows)

