SET
SET
SET
SET
SET
                                                                QUERY PLAN                                                                
------------------------------------------------------------------------------------------------------------------------------------------
 Index Scan Backward using idx on public.t (actual rows=512.00 loops=1)
   Output: a, b
   Index Cond: ((t.a >= 4687) AND (t.a <= 4942))
   Index Searches: 1
   Prefetch: distance=249.973 count=479 stalls=1 skipped=6 resets=0 ungets=113 forwarded=0
             histogram [2,4) => 4, [4,8) => 3, [8,16) => 10, [16,32) => 9, [32,64) => 10, [64,128) => 2, [128,256) => 3, [256,512) => 438
   Buffers: shared hit=275 read=236
 Settings: enable_bitmapscan = 'off', enable_seqscan = 'off', max_parallel_workers_per_gather = '0'
 Planning:
   Buffers: shared hit=86 read=27
 Planning Time: 1.576 ms
 Execution Time: 9.092 ms
(12 rows)

SET
SET
SET
SET
SET
                                             QUERY PLAN                                             
----------------------------------------------------------------------------------------------------
 Index Scan Backward using idx on public.t (actual rows=512.00 loops=1)
   Output: a, b
   Index Cond: ((t.a >= 4687) AND (t.a <= 4942))
   Index Searches: 1
   Buffers: shared hit=511
 Settings: enable_bitmapscan = 'off', enable_seqscan = 'off', max_parallel_workers_per_gather = '0'
 Planning:
   Buffers: shared hit=118
 Planning Time: 0.130 ms
 Execution Time: 0.165 ms
(10 rows)

