SET
SET
SET
SET
SET
                                                                      QUERY PLAN                                                                       
-------------------------------------------------------------------------------------------------------------------------------------------------------
 Index Scan Backward using idx on public.t (actual rows=262144.00 loops=1)
   Output: a, b
   Index Cond: ((t.a >= 16366) AND (t.a <= 147437))
   Index Searches: 1
   Prefetch: distance=149.414 count=18981 stalls=237615 skipped=5697 resets=0 ungets=266 forwarded=0
             histogram [2,4) => 5842, [4,8) => 537, [8,16) => 14, [16,32) => 26, [32,64) => 136, [64,128) => 487, [128,256) => 7765, [256,512) => 4174
   Buffers: shared hit=252983 read=4115
 Settings: enable_bitmapscan = 'off', enable_seqscan = 'off', max_parallel_workers_per_gather = '0'
 Planning:
   Buffers: shared hit=82 read=27
 Planning Time: 2.029 ms
 Execution Time: 273.501 ms
(12 rows)

SET
SET
SET
SET
SET
                                             QUERY PLAN                                             
----------------------------------------------------------------------------------------------------
 Index Scan Backward using idx on public.t (actual rows=262144.00 loops=1)
   Output: a, b
   Index Cond: ((t.a >= 16366) AND (t.a <= 147437))
   Index Searches: 1
   Buffers: shared hit=257098
 Settings: enable_bitmapscan = 'off', enable_seqscan = 'off', max_parallel_workers_per_gather = '0'
 Planning:
   Buffers: shared hit=114
 Planning Time: 0.184 ms
 Execution Time: 35.853 ms
(10 rows)

