SET
SET
SET
SET
SET
                                                                     QUERY PLAN                                                                     
----------------------------------------------------------------------------------------------------------------------------------------------------
 Index Scan Backward using idx on public.t (actual rows=16384.00 loops=1)
   Output: a, b
   Index Cond: ((t.a >= 29211) AND (t.a <= 37402))
   Index Searches: 1
   Prefetch: distance=218.092 count=11026 stalls=5195 skipped=363 resets=0 ungets=299 forwarded=0
             histogram [2,4) => 132, [4,8) => 19, [8,16) => 23, [16,32) => 32, [32,64) => 89, [64,128) => 702, [128,256) => 6393, [256,512) => 3636
   Buffers: shared hit=15449 read=618
 Settings: enable_bitmapscan = 'off', enable_seqscan = 'off', max_parallel_workers_per_gather = '0'
 Planning:
   Buffers: shared hit=86 read=27
 Planning Time: 2.020 ms
 Execution Time: 22.731 ms
(12 rows)

SET
SET
SET
SET
SET
                                             QUERY PLAN                                             
----------------------------------------------------------------------------------------------------
 Index Scan Backward using idx on public.t (actual rows=16384.00 loops=1)
   Output: a, b
   Index Cond: ((t.a >= 29211) AND (t.a <= 37402))
   Index Searches: 1
   Buffers: shared hit=16067
 Settings: enable_bitmapscan = 'off', enable_seqscan = 'off', max_parallel_workers_per_gather = '0'
 Planning:
   Buffers: shared hit=118
 Planning Time: 0.200 ms
 Execution Time: 2.881 ms
(10 rows)

