SET
SET
SET
SET
SET
                                                                   QUERY PLAN                                                                    
-------------------------------------------------------------------------------------------------------------------------------------------------
 Index Scan Backward using idx on public.t (actual rows=4096.00 loops=1)
   Output: a, b
   Index Cond: ((t.a >= 2133) AND (t.a <= 4180))
   Index Searches: 1
   Prefetch: distance=235.236 count=1879 stalls=1985 skipped=84 resets=0 ungets=91 forwarded=0
             histogram [2,4) => 12, [4,8) => 10, [8,16) => 19, [16,32) => 28, [32,64) => 40, [64,128) => 69, [128,256) => 541, [256,512) => 1160
   Buffers: shared hit=3721 read=304
 Settings: enable_bitmapscan = 'off', enable_seqscan = 'off', max_parallel_workers_per_gather = '0'
 Planning:
   Buffers: shared hit=86 read=27
 Planning Time: 2.061 ms
 Execution Time: 12.808 ms
(12 rows)

SET
SET
SET
SET
SET
                                             QUERY PLAN                                             
----------------------------------------------------------------------------------------------------
 Index Scan Backward using idx on public.t (actual rows=4096.00 loops=1)
   Output: a, b
   Index Cond: ((t.a >= 2133) AND (t.a <= 4180))
   Index Searches: 1
   Buffers: shared hit=4025
 Settings: enable_bitmapscan = 'off', enable_seqscan = 'off', max_parallel_workers_per_gather = '0'
 Planning:
   Buffers: shared hit=118
 Planning Time: 0.204 ms
 Execution Time: 0.921 ms
(10 rows)

