SET
SET
SET
SET
SET
                                                                       QUERY PLAN                                                                       
--------------------------------------------------------------------------------------------------------------------------------------------------------
 Index Scan Backward using idx on public.t (actual rows=3048576.00 loops=1)
   Output: a, b
   Index Cond: ((t.a >= 11909) AND (t.a <= 1536196))
   Index Searches: 1
   Prefetch: distance=34.834 count=90991 stalls=2892090 skipped=65533 resets=0 ungets=227 forwarded=0
             histogram [2,4) => 71032, [4,8) => 6331, [8,16) => 40, [16,32) => 33, [32,64) => 71, [64,128) => 679, [128,256) => 8850, [256,512) => 3955
   Buffers: shared hit=2946812 read=43743
 Settings: enable_bitmapscan = 'off', enable_seqscan = 'off', max_parallel_workers_per_gather = '0'
 Planning:
   Buffers: shared hit=82 read=27
 Planning Time: 2.038 ms
 Execution Time: 3137.682 ms
(12 rows)

SET
SET
SET
SET
SET
                                             QUERY PLAN                                             
----------------------------------------------------------------------------------------------------
 Index Scan Backward using idx on public.t (actual rows=3048576.00 loops=1)
   Output: a, b
   Index Cond: ((t.a >= 11909) AND (t.a <= 1536196))
   Index Searches: 1
   Buffers: shared hit=2990555
 Settings: enable_bitmapscan = 'off', enable_seqscan = 'off', max_parallel_workers_per_gather = '0'
 Planning:
   Buffers: shared hit=114
 Planning Time: 0.220 ms
 Execution Time: 425.760 ms
(10 rows)

