SET
SET
SET
SET
SET
                                                                     QUERY PLAN                                                                     
----------------------------------------------------------------------------------------------------------------------------------------------------
 Index Scan Backward using idx on public.t (actual rows=32768.00 loops=1)
   Output: a, b
   Index Cond: ((t.a >= 10805) AND (t.a <= 27188))
   Index Searches: 1
   Prefetch: distance=215.192 count=10885 stalls=20919 skipped=717 resets=0 ungets=130 forwarded=1
             histogram [2,4) => 494, [4,8) => 44, [8,16) => 16, [16,32) => 29, [32,64) => 62, [64,128) => 280, [128,256) => 6670, [256,512) => 3290
   Buffers: shared hit=31291 read=836
 Settings: enable_bitmapscan = 'off', enable_seqscan = 'off', max_parallel_workers_per_gather = '0'
 Planning:
   Buffers: shared hit=86 read=27
 Planning Time: 2.040 ms
 Execution Time: 48.011 ms
(12 rows)

SET
SET
SET
SET
SET
                                             QUERY PLAN                                             
----------------------------------------------------------------------------------------------------
 Index Scan Backward using idx on public.t (actual rows=32768.00 loops=1)
   Output: a, b
   Index Cond: ((t.a >= 10805) AND (t.a <= 27188))
   Index Searches: 1
   Buffers: shared hit=32127
 Settings: enable_bitmapscan = 'off', enable_seqscan = 'off', max_parallel_workers_per_gather = '0'
 Planning:
   Buffers: shared hit=118
 Planning Time: 0.180 ms
 Execution Time: 3.379 ms
(10 rows)

