SET
SET
SET
SET
SET
                                                                 QUERY PLAN                                                                 
--------------------------------------------------------------------------------------------------------------------------------------------
 Index Scan Backward using idx on public.t (actual rows=1024.00 loops=1)
   Output: a, b
   Index Cond: ((t.a >= 29039) AND (t.a <= 29550))
   Index Searches: 1
   Prefetch: distance=256.294 count=961 stalls=1 skipped=13 resets=0 ungets=180 forwarded=1
             histogram [2,4) => 2, [4,8) => 6, [8,16) => 10, [16,32) => 10, [32,64) => 14, [64,128) => 4, [128,256) => 48, [256,512) => 867
   Buffers: shared hit=645 read=365
 Settings: enable_bitmapscan = 'off', enable_seqscan = 'off', max_parallel_workers_per_gather = '0'
 Planning:
   Buffers: shared hit=86 read=27
 Planning Time: 2.036 ms
 Execution Time: 13.854 ms
(12 rows)

SET
SET
SET
SET
SET
                                             QUERY PLAN                                             
----------------------------------------------------------------------------------------------------
 Index Scan Backward using idx on public.t (actual rows=1024.00 loops=1)
   Output: a, b
   Index Cond: ((t.a >= 29039) AND (t.a <= 29550))
   Index Searches: 1
   Buffers: shared hit=1010
 Settings: enable_bitmapscan = 'off', enable_seqscan = 'off', max_parallel_workers_per_gather = '0'
 Planning:
   Buffers: shared hit=118
 Planning Time: 0.204 ms
 Execution Time: 0.504 ms
(10 rows)

