SET
SET
SET
SET
SET
                                                               QUERY PLAN                                                                
-----------------------------------------------------------------------------------------------------------------------------------------
 Index Scan Backward using idx on public.t (actual rows=512.00 loops=1)
   Output: a, b
   Index Cond: ((t.a >= 12842) AND (t.a <= 13097))
   Index Searches: 1
   Prefetch: distance=249.563 count=405 stalls=2 skipped=6 resets=0 ungets=110 forwarded=0
             histogram [2,4) => 6, [4,8) => 5, [8,16) => 8, [16,32) => 10, [32,64) => 2, [64,128) => 2, [128,256) => 2, [256,512) => 370
   Buffers: shared hit=223 read=285
 Settings: enable_bitmapscan = 'off', enable_seqscan = 'off', max_parallel_workers_per_gather = '0'
 Planning:
   Buffers: shared hit=86 read=27
 Planning Time: 1.740 ms
 Execution Time: 12.970 ms
(12 rows)

SET
SET
SET
SET
SET
                                             QUERY PLAN                                             
----------------------------------------------------------------------------------------------------
 Index Scan Backward using idx on public.t (actual rows=512.00 loops=1)
   Output: a, b
   Index Cond: ((t.a >= 12842) AND (t.a <= 13097))
   Index Searches: 1
   Buffers: shared hit=508
 Settings: enable_bitmapscan = 'off', enable_seqscan = 'off', max_parallel_workers_per_gather = '0'
 Planning:
   Buffers: shared hit=118
 Planning Time: 0.205 ms
 Execution Time: 0.364 ms
(10 rows)

