SET
SET
SET
SET
SET
                                                                      QUERY PLAN                                                                       
-------------------------------------------------------------------------------------------------------------------------------------------------------
 Index Scan Backward using idx on public.t (actual rows=262144.00 loops=1)
   Output: a, b
   Index Cond: ((t.a >= 15608) AND (t.a <= 146679))
   Index Searches: 1
   Prefetch: distance=140.217 count=17375 stalls=239044 skipped=5700 resets=0 ungets=200 forwarded=0
             histogram [2,4) => 5896, [4,8) => 542, [8,16) => 22, [16,32) => 27, [32,64) => 150, [64,128) => 473, [128,256) => 6646, [256,512) => 3619
   Buffers: shared hit=252968 read=4122
 Settings: enable_bitmapscan = 'off', enable_seqscan = 'off', max_parallel_workers_per_gather = '0'
 Planning:
   Buffers: shared hit=82 read=27
 Planning Time: 2.028 ms
 Execution Time: 283.037 ms
(12 rows)

SET
SET
SET
SET
SET
                                             QUERY PLAN                                             
----------------------------------------------------------------------------------------------------
 Index Scan Backward using idx on public.t (actual rows=262144.00 loops=1)
   Output: a, b
   Index Cond: ((t.a >= 15608) AND (t.a <= 146679))
   Index Searches: 1
   Buffers: shared hit=257090
 Settings: enable_bitmapscan = 'off', enable_seqscan = 'off', max_parallel_workers_per_gather = '0'
 Planning:
   Buffers: shared hit=114
 Planning Time: 0.187 ms
 Execution Time: 28.385 ms
(10 rows)

