SET
SET
SET
SET
SET
                                                                QUERY PLAN                                                                 
-------------------------------------------------------------------------------------------------------------------------------------------
 Index Scan using idx on public.t (actual rows=1024.00 loops=1)
   Output: a, b
   Index Cond: ((t.a >= 18623) AND (t.a <= 19134))
   Index Searches: 1
   Prefetch: distance=262.702 count=1170 stalls=1 skipped=17 resets=0 ungets=271 forwarded=6
             histogram [2,4) => 2, [4,8) => 3, [8,16) => 9, [16,32) => 13, [32,64) => 2, [64,128) => 2, [128,256) => 38, [256,512) => 1101
   Buffers: shared hit=638 read=376
 Settings: enable_bitmapscan = 'off', enable_seqscan = 'off', max_parallel_workers_per_gather = '0'
 Planning:
   Buffers: shared hit=82 read=27
 Planning Time: 1.422 ms
 Execution Time: 9.863 ms
(12 rows)

SET
SET
SET
SET
SET
                                             QUERY PLAN                                             
----------------------------------------------------------------------------------------------------
 Index Scan using idx on public.t (actual rows=1024.00 loops=1)
   Output: a, b
   Index Cond: ((t.a >= 18623) AND (t.a <= 19134))
   Index Searches: 1
   Buffers: shared hit=1014
 Settings: enable_bitmapscan = 'off', enable_seqscan = 'off', max_parallel_workers_per_gather = '0'
 Planning:
   Buffers: shared hit=114
 Planning Time: 0.204 ms
 Execution Time: 0.582 ms
(10 rows)

