SET
SET
SET
SET
SET
                                                                     QUERY PLAN                                                                     
----------------------------------------------------------------------------------------------------------------------------------------------------
 Index Scan using idx on public.t (actual rows=16384.00 loops=1)
   Output: a, b
   Index Cond: ((t.a >= 29950) AND (t.a <= 38141))
   Index Searches: 1
   Prefetch: distance=222.132 count=9405 stalls=6652 skipped=372 resets=0 ungets=234 forwarded=9
             histogram [2,4) => 172, [4,8) => 29, [8,16) => 20, [16,32) => 41, [32,64) => 35, [64,128) => 261, [128,256) => 5660, [256,512) => 3187
   Buffers: shared hit=15436 read=619
 Settings: enable_bitmapscan = 'off', enable_seqscan = 'off', max_parallel_workers_per_gather = '0'
 Planning:
   Buffers: shared hit=82 read=27
 Planning Time: 2.063 ms
 Execution Time: 16.452 ms
(12 rows)

SET
SET
SET
SET
SET
                                             QUERY PLAN                                             
----------------------------------------------------------------------------------------------------
 Index Scan using idx on public.t (actual rows=16384.00 loops=1)
   Output: a, b
   Index Cond: ((t.a >= 29950) AND (t.a <= 38141))
   Index Searches: 1
   Buffers: shared hit=16055
 Settings: enable_bitmapscan = 'off', enable_seqscan = 'off', max_parallel_workers_per_gather = '0'
 Planning:
   Buffers: shared hit=114
 Planning Time: 0.191 ms
 Execution Time: 1.773 ms
(10 rows)

