SET
SET
SET
SET
SET
                                                                     QUERY PLAN                                                                     
----------------------------------------------------------------------------------------------------------------------------------------------------
 Index Scan using idx on public.t (actual rows=32768.00 loops=1)
   Output: a, b
   Index Cond: ((t.a >= 8267) AND (t.a <= 24650))
   Index Searches: 1
   Prefetch: distance=215.294 count=10915 stalls=21266 skipped=716 resets=0 ungets=242 forwarded=9
             histogram [2,4) => 535, [4,8) => 63, [8,16) => 21, [16,32) => 25, [32,64) => 39, [64,128) => 322, [128,256) => 6344, [256,512) => 3566
   Buffers: shared hit=31328 read=811
 Settings: enable_bitmapscan = 'off', enable_seqscan = 'off', max_parallel_workers_per_gather = '0'
 Planning:
   Buffers: shared hit=82 read=27
 Planning Time: 2.025 ms
 Execution Time: 15.729 ms
(12 rows)

SET
SET
SET
SET
SET
                                             QUERY PLAN                                             
----------------------------------------------------------------------------------------------------
 Index Scan using idx on public.t (actual rows=32768.00 loops=1)
   Output: a, b
   Index Cond: ((t.a >= 8267) AND (t.a <= 24650))
   Index Searches: 1
   Buffers: shared hit=32139
 Settings: enable_bitmapscan = 'off', enable_seqscan = 'off', max_parallel_workers_per_gather = '0'
 Planning:
   Buffers: shared hit=114
 Planning Time: 0.170 ms
 Execution Time: 5.064 ms
(10 rows)

