SET
SET
SET
SET
SET
                                             QUERY PLAN                                             
----------------------------------------------------------------------------------------------------
 Index Scan Backward using idx on public.t (actual rows=2048.00 loops=1)
   Output: a, b
   Index Cond: ((t.a >= '-24570'::integer) AND (t.a <= '-24059'::integer))
   Index Searches: 1
   Prefetch: distance=2.090 count=134 stalls=1222 skipped=25 resets=0 ungets=0 forwarded=0
             histogram [2,4) => 130, [4,8) => 4
   Buffers: shared hit=1837 read=189
 Settings: enable_bitmapscan = 'off', enable_seqscan = 'off', max_parallel_workers_per_gather = '0'
 Planning:
   Buffers: shared hit=85 read=28
 Planning Time: 2.170 ms
 Execution Time: 6.917 ms
(12 rows)

SET
SET
SET
SET
SET
                                             QUERY PLAN                                             
----------------------------------------------------------------------------------------------------
 Index Scan Backward using idx on public.t (actual rows=2048.00 loops=1)
   Output: a, b
   Index Cond: ((t.a >= '-24570'::integer) AND (t.a <= '-24059'::integer))
   Index Searches: 1
   Buffers: shared hit=2026
 Settings: enable_bitmapscan = 'off', enable_seqscan = 'off', max_parallel_workers_per_gather = '0'
 Planning:
   Buffers: shared hit=118
 Planning Time: 0.200 ms
 Execution Time: 0.484 ms
(10 rows)

