SET
SET
SET
SET
SET
                                             QUERY PLAN                                             
----------------------------------------------------------------------------------------------------
 Index Scan Backward using idx on public.t (actual rows=4096.00 loops=1)
   Output: a, b
   Index Cond: ((t.a >= '-3726'::integer) AND (t.a <= '-2703'::integer))
   Index Searches: 1
   Prefetch: distance=2.140 count=344 stalls=3117 skipped=48 resets=0 ungets=0 forwarded=0
             histogram [2,4) => 328, [4,8) => 16
   Buffers: shared hit=3762 read=288
 Settings: enable_bitmapscan = 'off', enable_seqscan = 'off', max_parallel_workers_per_gather = '0'
 Planning:
   Buffers: shared hit=85 read=28
 Planning Time: 2.055 ms
 Execution Time: 9.968 ms
(12 rows)

SET
SET
SET
SET
SET
                                             QUERY PLAN                                             
----------------------------------------------------------------------------------------------------
 Index Scan Backward using idx on public.t (actual rows=4096.00 loops=1)
   Output: a, b
   Index Cond: ((t.a >= '-3726'::integer) AND (t.a <= '-2703'::integer))
   Index Searches: 1
   Buffers: shared hit=4050
 Settings: enable_bitmapscan = 'off', enable_seqscan = 'off', max_parallel_workers_per_gather = '0'
 Planning:
   Buffers: shared hit=118
 Planning Time: 0.245 ms
 Execution Time: 0.825 ms
(10 rows)

