SET
SET
SET
SET
SET
                                                                 QUERY PLAN                                                                 
--------------------------------------------------------------------------------------------------------------------------------------------
 Index Scan using idx on public.t (actual rows=2048.00 loops=1)
   Output: a, b
   Index Cond: ((t.a >= 10683) AND (t.a <= 11706))
   Index Searches: 1
   Prefetch: distance=259.368 count=2087 stalls=2 skipped=55 resets=0 ungets=249 forwarded=5
             histogram [2,4) => 2, [4,8) => 7, [8,16) => 4, [16,32) => 18, [32,64) => 7, [64,128) => 2, [128,256) => 332, [256,512) => 1715
   Buffers: shared hit=1603 read=398
 Settings: enable_bitmapscan = 'off', enable_seqscan = 'off', max_parallel_workers_per_gather = '0'
 Planning:
   Buffers: shared hit=82 read=27
 Planning Time: 2.071 ms
 Execution Time: 10.488 ms
(12 rows)

SET
SET
SET
SET
SET
                                             QUERY PLAN                                             
----------------------------------------------------------------------------------------------------
 Index Scan using idx on public.t (actual rows=2048.00 loops=1)
   Output: a, b
   Index Cond: ((t.a >= 10683) AND (t.a <= 11706))
   Index Searches: 1
   Buffers: shared hit=2001
 Settings: enable_bitmapscan = 'off', enable_seqscan = 'off', max_parallel_workers_per_gather = '0'
 Planning:
   Buffers: shared hit=114
 Planning Time: 0.154 ms
 Execution Time: 0.361 ms
(10 rows)

