SET
SET
SET
SET
SET
                                                                    QUERY PLAN                                                                     
---------------------------------------------------------------------------------------------------------------------------------------------------
 Index Scan using idx on public.t (actual rows=8192.00 loops=1)
   Output: a, b
   Index Cond: ((t.a >= 25720) AND (t.a <= 29815))
   Index Searches: 1
   Prefetch: distance=224.986 count=5312 stalls=2848 skipped=192 resets=0 ungets=283 forwarded=7
             histogram [2,4) => 72, [4,8) => 12, [8,16) => 14, [16,32) => 27, [32,64) => 92, [64,128) => 371, [128,256) => 2047, [256,512) => 2677
   Buffers: shared hit=7525 read=498
 Settings: enable_bitmapscan = 'off', enable_seqscan = 'off', max_parallel_workers_per_gather = '0'
 Planning:
   Buffers: shared hit=82 read=27
 Planning Time: 2.060 ms
 Execution Time: 12.481 ms
(12 rows)

SET
SET
SET
SET
SET
                                             QUERY PLAN                                             
----------------------------------------------------------------------------------------------------
 Index Scan using idx on public.t (actual rows=8192.00 loops=1)
   Output: a, b
   Index Cond: ((t.a >= 25720) AND (t.a <= 29815))
   Index Searches: 1
   Buffers: shared hit=8023
 Settings: enable_bitmapscan = 'off', enable_seqscan = 'off', max_parallel_workers_per_gather = '0'
 Planning:
   Buffers: shared hit=114
 Planning Time: 0.170 ms
 Execution Time: 1.298 ms
(10 rows)

