SET
SET
SET
SET
SET
                                                                   QUERY PLAN                                                                    
-------------------------------------------------------------------------------------------------------------------------------------------------
 Index Scan using idx on public.t (actual rows=4096.00 loops=1)
   Output: a, b
   Index Cond: ((t.a >= 30861) AND (t.a <= 32908))
   Index Searches: 1
   Prefetch: distance=239.871 count=3752 stalls=4 skipped=82 resets=0 ungets=139 forwarded=5
             histogram [2,4) => 12, [4,8) => 11, [8,16) => 8, [16,32) => 19, [32,64) => 27, [64,128) => 13, [128,256) => 1865, [256,512) => 1797
   Buffers: shared hit=3578 read=440
 Settings: enable_bitmapscan = 'off', enable_seqscan = 'off', max_parallel_workers_per_gather = '0'
 Planning:
   Buffers: shared hit=82 read=27
 Planning Time: 2.044 ms
 Execution Time: 15.863 ms
(12 rows)

SET
SET
SET
SET
SET
                                             QUERY PLAN                                             
----------------------------------------------------------------------------------------------------
 Index Scan using idx on public.t (actual rows=4096.00 loops=1)
   Output: a, b
   Index Cond: ((t.a >= 30861) AND (t.a <= 32908))
   Index Searches: 1
   Buffers: shared hit=4018
 Settings: enable_bitmapscan = 'off', enable_seqscan = 'off', max_parallel_workers_per_gather = '0'
 Planning:
   Buffers: shared hit=114
 Planning Time: 0.158 ms
 Execution Time: 0.548 ms
(10 rows)

