SET
SET
SET
SET
SET
                                                                QUERY PLAN                                                                
------------------------------------------------------------------------------------------------------------------------------------------
 Index Scan using idx on public.t (actual rows=256.00 loops=1)
   Output: a, b
   Index Cond: ((t.a >= 29977) AND (t.a <= 30104))
   Index Searches: 1
   Prefetch: distance=220.553 count=179 stalls=1 skipped=3 resets=0 ungets=62 forwarded=2
             histogram [2,4) => 2, [4,8) => 6, [8,16) => 10, [16,32) => 10, [32,64) => 5, [64,128) => 2, [128,256) => 3, [256,512) => 141
   Buffers: shared hit=66 read=192
 Settings: enable_bitmapscan = 'off', enable_seqscan = 'off', max_parallel_workers_per_gather = '0'
 Planning:
   Buffers: shared hit=82 read=27
 Planning Time: 1.256 ms
 Execution Time: 8.729 ms
(12 rows)

SET
SET
SET
SET
SET
                                             QUERY PLAN                                             
----------------------------------------------------------------------------------------------------
 Index Scan using idx on public.t (actual rows=256.00 loops=1)
   Output: a, b
   Index Cond: ((t.a >= 29977) AND (t.a <= 30104))
   Index Searches: 1
   Buffers: shared hit=258
 Settings: enable_bitmapscan = 'off', enable_seqscan = 'off', max_parallel_workers_per_gather = '0'
 Planning:
   Buffers: shared hit=114
 Planning Time: 0.194 ms
 Execution Time: 0.256 ms
(10 rows)

