SET
SET
SET
SET
SET
                                                                      QUERY PLAN                                                                      
------------------------------------------------------------------------------------------------------------------------------------------------------
 Index Scan using idx on public.t (actual rows=65536.00 loops=1)
   Output: a, b
   Index Cond: ((t.a >= 8254) AND (t.a <= 41021))
   Index Searches: 1
   Prefetch: distance=200.062 count=11719 stalls=52443 skipped=1453 resets=0 ungets=218 forwarded=8
             histogram [2,4) => 1293, [4,8) => 133, [8,16) => 21, [16,32) => 25, [32,64) => 40, [64,128) => 322, [128,256) => 6349, [256,512) => 3536
   Buffers: shared hit=62976 read=1275
 Settings: enable_bitmapscan = 'off', enable_seqscan = 'off', max_parallel_workers_per_gather = '0'
 Planning:
   Buffers: shared hit=82 read=27
 Planning Time: 2.050 ms
 Execution Time: 21.875 ms
(12 rows)

SET
SET
SET
SET
SET
                                             QUERY PLAN                                             
----------------------------------------------------------------------------------------------------
 Index Scan using idx on public.t (actual rows=65536.00 loops=1)
   Output: a, b
   Index Cond: ((t.a >= 8254) AND (t.a <= 41021))
   Index Searches: 1
   Buffers: shared hit=64251
 Settings: enable_bitmapscan = 'off', enable_seqscan = 'off', max_parallel_workers_per_gather = '0'
 Planning:
   Buffers: shared hit=114
 Planning Time: 0.175 ms
 Execution Time: 6.351 ms
(10 rows)

