SET
SET
SET
SET
SET
                                                                 QUERY PLAN                                                                 
--------------------------------------------------------------------------------------------------------------------------------------------
 Index Scan using idx on public.t (actual rows=1024.00 loops=1)
   Output: a, b
   Index Cond: ((t.a >= 8672) AND (t.a <= 9183))
   Index Searches: 1
   Prefetch: distance=259.571 count=1137 stalls=4 skipped=13 resets=0 ungets=245 forwarded=9
             histogram [2,4) => 6, [4,8) => 9, [8,16) => 10, [16,32) => 10, [32,64) => 5, [64,128) => 3, [128,256) => 24, [256,512) => 1070
   Buffers: shared hit=673 read=342
 Settings: enable_bitmapscan = 'off', enable_seqscan = 'off', max_parallel_workers_per_gather = '0'
 Planning:
   Buffers: shared hit=82 read=27
 Planning Time: 2.013 ms
 Execution Time: 9.453 ms
(12 rows)

SET
SET
SET
SET
SET
                                             QUERY PLAN                                             
----------------------------------------------------------------------------------------------------
 Index Scan using idx on public.t (actual rows=1024.00 loops=1)
   Output: a, b
   Index Cond: ((t.a >= 8672) AND (t.a <= 9183))
   Index Searches: 1
   Buffers: shared hit=1015
 Settings: enable_bitmapscan = 'off', enable_seqscan = 'off', max_parallel_workers_per_gather = '0'
 Planning:
   Buffers: shared hit=114
 Planning Time: 0.204 ms
 Execution Time: 0.510 ms
(10 rows)

