SET
SET
SET
SET
SET
                                                                      QUERY PLAN                                                                      
------------------------------------------------------------------------------------------------------------------------------------------------------
 Index Scan using idx on public.t (actual rows=262144.00 loops=1)
   Output: a, b
   Index Cond: ((t.a >= 8598) AND (t.a <= 139669))
   Index Searches: 1
   Prefetch: distance=135.280 count=15868 stalls=240495 skipped=5680 resets=0 ungets=162 forwarded=7
             histogram [2,4) => 5899, [4,8) => 541, [8,16) => 20, [16,32) => 35, [32,64) => 44, [64,128) => 324, [128,256) => 5830, [256,512) => 3175
   Buffers: shared hit=253032 read=4077
 Settings: enable_bitmapscan = 'off', enable_seqscan = 'off', max_parallel_workers_per_gather = '0'
 Planning:
   Buffers: shared hit=78 read=27
 Planning Time: 2.020 ms
 Execution Time: 52.932 ms
(12 rows)

SET
SET
SET
SET
SET
                                             QUERY PLAN                                             
----------------------------------------------------------------------------------------------------
 Index Scan using idx on public.t (actual rows=262144.00 loops=1)
   Output: a, b
   Index Cond: ((t.a >= 8598) AND (t.a <= 139669))
   Index Searches: 1
   Buffers: shared hit=257109
 Settings: enable_bitmapscan = 'off', enable_seqscan = 'off', max_parallel_workers_per_gather = '0'
 Planning:
   Buffers: shared hit=110
 Planning Time: 0.206 ms
 Execution Time: 33.340 ms
(10 rows)

