SET
SET
SET
SET
SET
                                                                   QUERY PLAN                                                                    
-------------------------------------------------------------------------------------------------------------------------------------------------
 Index Scan Backward using idx on public.t (actual rows=262144.00 loops=1)
   Output: a, b
   Index Cond: ((t.a >= '-96931'::integer) AND (t.a <= '-31396'::integer))
   Index Searches: 1
   Prefetch: distance=260.851 count=261563 stalls=1 skipped=3831 resets=0 ungets=3294 forwarded=0
             histogram [2,4) => 6, [4,8) => 6, [8,16) => 7, [16,32) => 16, [32,64) => 12, [64,128) => 2, [128,256) => 62088, [256,512) => 199426
   Buffers: shared hit=245750 read=12962
 Settings: enable_bitmapscan = 'off', enable_seqscan = 'off', max_parallel_workers_per_gather = '0'
 Planning:
   Buffers: shared hit=81 read=28
 Planning Time: 2.064 ms
 Execution Time: 116.025 ms
(12 rows)

SET
SET
SET
SET
SET
                                             QUERY PLAN                                             
----------------------------------------------------------------------------------------------------
 Index Scan Backward using idx on public.t (actual rows=262144.00 loops=1)
   Output: a, b
   Index Cond: ((t.a >= '-96931'::integer) AND (t.a <= '-31396'::integer))
   Index Searches: 1
   Buffers: shared hit=258712
 Settings: enable_bitmapscan = 'off', enable_seqscan = 'off', max_parallel_workers_per_gather = '0'
 Planning:
   Buffers: shared hit=114
 Planning Time: 0.193 ms
 Execution Time: 39.166 ms
(10 rows)

