SET
SET
SET
SET
SET
                                                                     QUERY PLAN                                                                     
----------------------------------------------------------------------------------------------------------------------------------------------------
 Index Scan using idx on public.t (actual rows=8192.00 loops=1)
   Output: a, b
   Index Cond: ((t.a >= 25118) AND (t.a <= 29213))
   Index Searches: 1
   Prefetch: distance=227.364 count=6465 stalls=1721 skipped=187 resets=0 ungets=290 forwarded=7
             histogram [2,4) => 42, [4,8) => 12, [8,16) => 18, [16,32) => 27, [32,64) => 100, [64,128) => 360, [128,256) => 3173, [256,512) => 2733
   Buffers: shared hit=7532 read=498
 Settings: enable_bitmapscan = 'off', enable_seqscan = 'off', max_parallel_workers_per_gather = '0'
 Planning:
   Buffers: shared hit=82 read=27
 Planning Time: 2.017 ms
 Execution Time: 11.531 ms
(12 rows)

SET
SET
SET
SET
SET
                                             QUERY PLAN                                             
----------------------------------------------------------------------------------------------------
 Index Scan using idx on public.t (actual rows=8192.00 loops=1)
   Output: a, b
   Index Cond: ((t.a >= 25118) AND (t.a <= 29213))
   Index Searches: 1
   Buffers: shared hit=8030
 Settings: enable_bitmapscan = 'off', enable_seqscan = 'off', max_parallel_workers_per_gather = '0'
 Planning:
   Buffers: shared hit=114
 Planning Time: 0.172 ms
 Execution Time: 0.973 ms
(10 rows)

