SET
SET
SET
SET
SET
                                                                 QUERY PLAN                                                                 
--------------------------------------------------------------------------------------------------------------------------------------------
 Index Scan using idx on public.t (actual rows=1024.00 loops=1)
   Output: a, b
   Index Cond: ((t.a >= 10293) AND (t.a <= 10804))
   Index Searches: 1
   Prefetch: distance=261.705 count=1133 stalls=1 skipped=21 resets=0 ungets=252 forwarded=9
             histogram [2,4) => 4, [4,8) => 3, [8,16) => 11, [16,32) => 11, [32,64) => 2, [64,128) => 2, [128,256) => 33, [256,512) => 1067
   Buffers: shared hit=648 read=360
 Settings: enable_bitmapscan = 'off', enable_seqscan = 'off', max_parallel_workers_per_gather = '0'
 Planning:
   Buffers: shared hit=82 read=27
 Planning Time: 2.227 ms
 Execution Time: 10.303 ms
(12 rows)

SET
SET
SET
SET
SET
                                             QUERY PLAN                                             
----------------------------------------------------------------------------------------------------
 Index Scan using idx on public.t (actual rows=1024.00 loops=1)
   Output: a, b
   Index Cond: ((t.a >= 10293) AND (t.a <= 10804))
   Index Searches: 1
   Buffers: shared hit=1008
 Settings: enable_bitmapscan = 'off', enable_seqscan = 'off', max_parallel_workers_per_gather = '0'
 Planning:
   Buffers: shared hit=114
 Planning Time: 0.173 ms
 Execution Time: 0.467 ms
(10 rows)

