SET
SET
SET
SET
SET
                                                               QUERY PLAN                                                               
----------------------------------------------------------------------------------------------------------------------------------------
 Index Scan using idx on public.t (actual rows=512.00 loops=1)
   Output: a, b
   Index Cond: ((t.a >= 15349) AND (t.a <= 15604))
   Index Searches: 1
   Prefetch: distance=251.304 count=483 stalls=1 skipped=7 resets=0 ungets=138 forwarded=5
             histogram [2,4) => 6, [4,8) => 8, [8,16) => 7, [16,32) => 9, [32,64) => 4, [64,128) => 3, [128,256) => 2, [256,512) => 444
   Buffers: shared hit=219 read=289
 Settings: enable_bitmapscan = 'off', enable_seqscan = 'off', max_parallel_workers_per_gather = '0'
 Planning:
   Buffers: shared hit=82 read=27
 Planning Time: 1.331 ms
 Execution Time: 10.388 ms
(12 rows)

SET
SET
SET
SET
SET
                                             QUERY PLAN                                             
----------------------------------------------------------------------------------------------------
 Index Scan using idx on public.t (actual rows=512.00 loops=1)
   Output: a, b
   Index Cond: ((t.a >= 15349) AND (t.a <= 15604))
   Index Searches: 1
   Buffers: shared hit=508
 Settings: enable_bitmapscan = 'off', enable_seqscan = 'off', max_parallel_workers_per_gather = '0'
 Planning:
   Buffers: shared hit=114
 Planning Time: 0.174 ms
 Execution Time: 0.232 ms
(10 rows)

