SET
SET
SET
SET
SET
                                                                  QUERY PLAN                                                                  
----------------------------------------------------------------------------------------------------------------------------------------------
 Index Scan using idx on public.t (actual rows=4096.00 loops=1)
   Output: a, b
   Index Cond: ((t.a >= 31210) AND (t.a <= 33257))
   Index Searches: 1
   Prefetch: distance=242.298 count=4202 stalls=1 skipped=85 resets=0 ungets=297 forwarded=11
             histogram [2,4) => 2, [4,8) => 3, [8,16) => 8, [16,32) => 11, [32,64) => 2, [64,128) => 19, [128,256) => 1991, [256,512) => 2166
   Buffers: shared hit=3583 read=439
 Settings: enable_bitmapscan = 'off', enable_seqscan = 'off', max_parallel_workers_per_gather = '0'
 Planning:
   Buffers: shared hit=82 read=27
 Planning Time: 2.021 ms
 Execution Time: 10.631 ms
(12 rows)

SET
SET
SET
SET
SET
                                             QUERY PLAN                                             
----------------------------------------------------------------------------------------------------
 Index Scan using idx on public.t (actual rows=4096.00 loops=1)
   Output: a, b
   Index Cond: ((t.a >= 31210) AND (t.a <= 33257))
   Index Searches: 1
   Buffers: shared hit=4022
 Settings: enable_bitmapscan = 'off', enable_seqscan = 'off', max_parallel_workers_per_gather = '0'
 Planning:
   Buffers: shared hit=114
 Planning Time: 0.183 ms
 Execution Time: 0.612 ms
(10 rows)

