SET
SET
SET
SET
SET
                                                                    QUERY PLAN                                                                    
--------------------------------------------------------------------------------------------------------------------------------------------------
 Index Scan Backward using idx on public.t (actual rows=9048576.00 loops=1)
   Output: a, b
   Index Cond: ((t.a >= '-2291202'::integer) AND (t.a <= '-29059'::integer))
   Index Searches: 1
   Prefetch: distance=260.878 count=9018485 stalls=2 skipped=133428 resets=0 ungets=103378 forwarded=2
             histogram [2,4) => 2, [4,8) => 6, [8,16) => 6, [16,32) => 9, [32,64) => 5, [64,128) => 2, [128,256) => 2137561, [256,512) => 6880894
   Buffers: shared hit=8484180 read=444520
 Settings: enable_bitmapscan = 'off', enable_seqscan = 'off', max_parallel_workers_per_gather = '0'
 Planning:
   Buffers: shared hit=81 read=28
 Planning Time: 2.041 ms
 Execution Time: 3700.138 ms
(12 rows)

SET
SET
SET
SET
SET
                                             QUERY PLAN                                             
----------------------------------------------------------------------------------------------------
 Index Scan Backward using idx on public.t (actual rows=9048576.00 loops=1)
   Output: a, b
   Index Cond: ((t.a >= '-2291202'::integer) AND (t.a <= '-29059'::integer))
   Index Searches: 1
   Buffers: shared hit=8928700
 Settings: enable_bitmapscan = 'off', enable_seqscan = 'off', max_parallel_workers_per_gather = '0'
 Planning:
   Buffers: shared hit=114
 Planning Time: 0.247 ms
 Execution Time: 1417.421 ms
(10 rows)

