SET
SET
SET
SET
SET
                                                               QUERY PLAN                                                               
----------------------------------------------------------------------------------------------------------------------------------------
 Index Scan using idx on public.t (actual rows=256.00 loops=1)
   Output: a, b
   Index Cond: ((t.a >= 28534) AND (t.a <= 28661))
   Index Searches: 1
   Prefetch: distance=174.545 count=99 stalls=2 skipped=1 resets=0 ungets=25 forwarded=2
             histogram [2,4) => 2, [4,8) => 7, [8,16) => 7, [16,32) => 17, [32,64) => 3, [64,128) => 2, [128,256) => 2, [256,512) => 59
   Buffers: shared hit=74 read=183
 Settings: enable_bitmapscan = 'off', enable_seqscan = 'off', max_parallel_workers_per_gather = '0'
 Planning:
   Buffers: shared hit=82 read=27
 Planning Time: 1.341 ms
 Execution Time: 10.345 ms
(12 rows)

SET
SET
SET
SET
SET
                                             QUERY PLAN                                             
----------------------------------------------------------------------------------------------------
 Index Scan using idx on public.t (actual rows=256.00 loops=1)
   Output: a, b
   Index Cond: ((t.a >= 28534) AND (t.a <= 28661))
   Index Searches: 1
   Buffers: shared hit=257
 Settings: enable_bitmapscan = 'off', enable_seqscan = 'off', max_parallel_workers_per_gather = '0'
 Planning:
   Buffers: shared hit=114
 Planning Time: 0.202 ms
 Execution Time: 0.260 ms
(10 rows)

