SET
SET
SET
SET
SET
                                                                     QUERY PLAN                                                                     
----------------------------------------------------------------------------------------------------------------------------------------------------
 Index Scan using idx on public.t (actual rows=8192.00 loops=1)
   Output: a, b
   Index Cond: ((t.a >= 5640) AND (t.a <= 9735))
   Index Searches: 1
   Prefetch: distance=230.627 count=3676 stalls=4486 skipped=175 resets=0 ungets=234 forwarded=9
             histogram [2,4) => 118, [4,8) => 20, [8,16) => 13, [16,32) => 26, [32,64) => 38, [64,128) => 107, [128,256) => 1326, [256,512) => 2028
   Buffers: shared hit=7616 read=426
 Settings: enable_bitmapscan = 'off', enable_seqscan = 'off', max_parallel_workers_per_gather = '0'
 Planning:
   Buffers: shared hit=82 read=27
 Planning Time: 1.998 ms
 Execution Time: 9.902 ms
(12 rows)

SET
SET
SET
SET
SET
                                             QUERY PLAN                                             
----------------------------------------------------------------------------------------------------
 Index Scan using idx on public.t (actual rows=8192.00 loops=1)
   Output: a, b
   Index Cond: ((t.a >= 5640) AND (t.a <= 9735))
   Index Searches: 1
   Buffers: shared hit=8042
 Settings: enable_bitmapscan = 'off', enable_seqscan = 'off', max_parallel_workers_per_gather = '0'
 Planning:
   Buffers: shared hit=114
 Planning Time: 0.148 ms
 Execution Time: 1.587 ms
(10 rows)

