SET
SET
SET
SET
SET
                                                                 QUERY PLAN                                                                 
--------------------------------------------------------------------------------------------------------------------------------------------
 Index Scan using idx on public.t (actual rows=1024.00 loops=1)
   Output: a, b
   Index Cond: ((t.a >= 5849) AND (t.a <= 6360))
   Index Searches: 1
   Prefetch: distance=259.359 count=1152 stalls=1 skipped=22 resets=0 ungets=228 forwarded=6
             histogram [2,4) => 2, [4,8) => 4, [8,16) => 8, [16,32) => 10, [32,64) => 14, [64,128) => 2, [128,256) => 75, [256,512) => 1037
   Buffers: shared hit=697 read=313
 Settings: enable_bitmapscan = 'off', enable_seqscan = 'off', max_parallel_workers_per_gather = '0'
 Planning:
   Buffers: shared hit=82 read=27
 Planning Time: 2.033 ms
 Execution Time: 7.249 ms
(12 rows)

SET
SET
SET
SET
SET
                                             QUERY PLAN                                             
----------------------------------------------------------------------------------------------------
 Index Scan using idx on public.t (actual rows=1024.00 loops=1)
   Output: a, b
   Index Cond: ((t.a >= 5849) AND (t.a <= 6360))
   Index Searches: 1
   Buffers: shared hit=1010
 Settings: enable_bitmapscan = 'off', enable_seqscan = 'off', max_parallel_workers_per_gather = '0'
 Planning:
   Buffers: shared hit=114
 Planning Time: 0.205 ms
 Execution Time: 0.495 ms
(10 rows)

