SET
SET
SET
SET
SET
                                                                 QUERY PLAN                                                                  
---------------------------------------------------------------------------------------------------------------------------------------------
 Index Scan using idx on public.t (actual rows=4096.00 loops=1)
   Output: a, b
   Index Cond: ((t.a >= 31575) AND (t.a <= 33622))
   Index Searches: 1
   Prefetch: distance=232.875 count=4052 stalls=3 skipped=85 resets=0 ungets=231 forwarded=5
             histogram [2,4) => 4, [4,8) => 5, [8,16) => 8, [16,32) => 9, [32,64) => 6, [64,128) => 90, [128,256) => 1963, [256,512) => 1967
   Buffers: shared hit=3583 read=437
 Settings: enable_bitmapscan = 'off', enable_seqscan = 'off', max_parallel_workers_per_gather = '0'
 Planning:
   Buffers: shared hit=82 read=27
 Planning Time: 2.033 ms
 Execution Time: 13.851 ms
(12 rows)

SET
SET
SET
SET
SET
                                             QUERY PLAN                                             
----------------------------------------------------------------------------------------------------
 Index Scan using idx on public.t (actual rows=4096.00 loops=1)
   Output: a, b
   Index Cond: ((t.a >= 31575) AND (t.a <= 33622))
   Index Searches: 1
   Buffers: shared hit=4020
 Settings: enable_bitmapscan = 'off', enable_seqscan = 'off', max_parallel_workers_per_gather = '0'
 Planning:
   Buffers: shared hit=114
 Planning Time: 0.133 ms
 Execution Time: 0.540 ms
(10 rows)

