SET
SET
SET
SET
SET
                                                                      QUERY PLAN                                                                      
------------------------------------------------------------------------------------------------------------------------------------------------------
 Index Scan using idx on public.t (actual rows=65536.00 loops=1)
   Output: a, b
   Index Cond: ((t.a >= 29575) AND (t.a <= 62342))
   Index Searches: 1
   Prefetch: distance=199.692 count=11460 stalls=52757 skipped=1465 resets=0 ungets=273 forwarded=11
             histogram [2,4) => 1296, [4,8) => 119, [8,16) => 19, [16,32) => 38, [32,64) => 39, [64,128) => 291, [128,256) => 6109, [256,512) => 3549
   Buffers: shared hit=62921 read=1316
 Settings: enable_bitmapscan = 'off', enable_seqscan = 'off', max_parallel_workers_per_gather = '0'
 Planning:
   Buffers: shared hit=78 read=27
 Planning Time: 2.025 ms
 Execution Time: 20.338 ms
(12 rows)

SET
SET
SET
SET
SET
                                             QUERY PLAN                                             
----------------------------------------------------------------------------------------------------
 Index Scan using idx on public.t (actual rows=65536.00 loops=1)
   Output: a, b
   Index Cond: ((t.a >= 29575) AND (t.a <= 62342))
   Index Searches: 1
   Buffers: shared hit=64237
 Settings: enable_bitmapscan = 'off', enable_seqscan = 'off', max_parallel_workers_per_gather = '0'
 Planning:
   Buffers: shared hit=110
 Planning Time: 0.172 ms
 Execution Time: 9.140 ms
(10 rows)

