SET
SET
SET
SET
SET
                                                                  QUERY PLAN                                                                  
----------------------------------------------------------------------------------------------------------------------------------------------
 Index Scan using idx on public.t (actual rows=2048.00 loops=1)
   Output: a, b
   Index Cond: ((t.a >= 29853) AND (t.a <= 30876))
   Index Searches: 1
   Prefetch: distance=250.870 count=1739 stalls=16 skipped=37 resets=0 ungets=127 forwarded=7
             histogram [2,4) => 36, [4,8) => 9, [8,16) => 6, [16,32) => 17, [32,64) => 14, [64,128) => 4, [128,256) => 320, [256,512) => 1333
   Buffers: shared hit=1604 read=412
 Settings: enable_bitmapscan = 'off', enable_seqscan = 'off', max_parallel_workers_per_gather = '0'
 Planning:
   Buffers: shared hit=82 read=27
 Planning Time: 2.021 ms
 Execution Time: 17.971 ms
(12 rows)

SET
SET
SET
SET
SET
                                             QUERY PLAN                                             
----------------------------------------------------------------------------------------------------
 Index Scan using idx on public.t (actual rows=2048.00 loops=1)
   Output: a, b
   Index Cond: ((t.a >= 29853) AND (t.a <= 30876))
   Index Searches: 1
   Buffers: shared hit=2016
 Settings: enable_bitmapscan = 'off', enable_seqscan = 'off', max_parallel_workers_per_gather = '0'
 Planning:
   Buffers: shared hit=114
 Planning Time: 0.131 ms
 Execution Time: 0.351 ms
(10 rows)

