SET
SET
SET
SET
SET
                                                                       QUERY PLAN                                                                       
--------------------------------------------------------------------------------------------------------------------------------------------------------
 Index Scan using idx on public.t (actual rows=2048576.00 loops=1)
   Output: a, b
   Index Cond: ((t.a >= 29792) AND (t.a <= 1054079))
   Index Searches: 1
   Prefetch: distance=37.711 count=61547 stalls=1943088 skipped=44159 resets=0 ungets=317 forwarded=19
             histogram [2,4) => 47552, [4,8) => 4278, [8,16) => 41, [16,32) => 45, [32,64) => 34, [64,128) => 273, [128,256) => 5849, [256,512) => 3475
   Buffers: shared hit=1979935 read=29533
 Settings: enable_bitmapscan = 'off', enable_seqscan = 'off', max_parallel_workers_per_gather = '0'
 Planning:
   Buffers: shared hit=78 read=27
 Planning Time: 2.002 ms
 Execution Time: 292.756 ms
(12 rows)

SET
SET
SET
SET
SET
                                             QUERY PLAN                                             
----------------------------------------------------------------------------------------------------
 Index Scan using idx on public.t (actual rows=2048576.00 loops=1)
   Output: a, b
   Index Cond: ((t.a >= 29792) AND (t.a <= 1054079))
   Index Searches: 1
   Buffers: shared hit=2009468
 Settings: enable_bitmapscan = 'off', enable_seqscan = 'off', max_parallel_workers_per_gather = '0'
 Planning:
   Buffers: shared hit=110
 Planning Time: 0.207 ms
 Execution Time: 280.164 ms
(10 rows)

