SET
SET
SET
SET
SET
                                                               QUERY PLAN                                                               
----------------------------------------------------------------------------------------------------------------------------------------
 Index Scan using idx on public.t (actual rows=256.00 loops=1)
   Output: a, b
   Index Cond: ((t.a >= 28141) AND (t.a <= 28268))
   Index Searches: 1
   Prefetch: distance=201.869 count=137 stalls=2 skipped=2 resets=0 ungets=38 forwarded=1
             histogram [2,4) => 8, [4,8) => 3, [8,16) => 8, [16,32) => 14, [32,64) => 2, [64,128) => 2, [128,256) => 2, [256,512) => 98
   Buffers: shared hit=62 read=195
 Settings: enable_bitmapscan = 'off', enable_seqscan = 'off', max_parallel_workers_per_gather = '0'
 Planning:
   Buffers: shared hit=82 read=27
 Planning Time: 1.269 ms
 Execution Time: 10.090 ms
(12 rows)

SET
SET
SET
SET
SET
                                             QUERY PLAN                                             
----------------------------------------------------------------------------------------------------
 Index Scan using idx on public.t (actual rows=256.00 loops=1)
   Output: a, b
   Index Cond: ((t.a >= 28141) AND (t.a <= 28268))
   Index Searches: 1
   Buffers: shared hit=257
 Settings: enable_bitmapscan = 'off', enable_seqscan = 'off', max_parallel_workers_per_gather = '0'
 Planning:
   Buffers: shared hit=114
 Planning Time: 0.237 ms
 Execution Time: 0.290 ms
(10 rows)

