SET
SET
SET
SET
SET
                                                                   QUERY PLAN                                                                    
-------------------------------------------------------------------------------------------------------------------------------------------------
 Index Scan using idx on public.t (actual rows=2048.00 loops=1)
   Output: a, b
   Index Cond: ((t.a >= 7176) AND (t.a <= 8199))
   Index Searches: 1
   Prefetch: distance=247.648 count=1884 stalls=6 skipped=45 resets=0 ungets=152 forwarded=4
             histogram [2,4) => 12, [4,8) => 11, [8,16) => 15, [16,32) => 19, [32,64) => 37, [64,128) => 11, [128,256) => 407, [256,512) => 1372
   Buffers: shared hit=1645 read=361
 Settings: enable_bitmapscan = 'off', enable_seqscan = 'off', max_parallel_workers_per_gather = '0'
 Planning:
   Buffers: shared hit=82 read=27
 Planning Time: 2.019 ms
 Execution Time: 12.752 ms
(12 rows)

SET
SET
SET
SET
SET
                                             QUERY PLAN                                             
----------------------------------------------------------------------------------------------------
 Index Scan using idx on public.t (actual rows=2048.00 loops=1)
   Output: a, b
   Index Cond: ((t.a >= 7176) AND (t.a <= 8199))
   Index Searches: 1
   Buffers: shared hit=2006
 Settings: enable_bitmapscan = 'off', enable_seqscan = 'off', max_parallel_workers_per_gather = '0'
 Planning:
   Buffers: shared hit=114
 Planning Time: 0.203 ms
 Execution Time: 0.701 ms
(10 rows)

