SET
SET
SET
SET
SET
                                                                      QUERY PLAN                                                                      
------------------------------------------------------------------------------------------------------------------------------------------------------
 Index Scan using idx on public.t (actual rows=262144.00 loops=1)
   Output: a, b
   Index Cond: ((t.a >= 8041) AND (t.a <= 139112))
   Index Searches: 1
   Prefetch: distance=143.235 count=17099 stalls=239430 skipped=5688 resets=0 ungets=232 forwarded=9
             histogram [2,4) => 5861, [4,8) => 536, [8,16) => 19, [16,32) => 33, [32,64) => 36, [64,128) => 323, [128,256) => 6647, [256,512) => 3644
   Buffers: shared hit=253038 read=4068
 Settings: enable_bitmapscan = 'off', enable_seqscan = 'off', max_parallel_workers_per_gather = '0'
 Planning:
   Buffers: shared hit=78 read=27
 Planning Time: 2.010 ms
 Execution Time: 49.235 ms
(12 rows)

SET
SET
SET
SET
SET
                                             QUERY PLAN                                             
----------------------------------------------------------------------------------------------------
 Index Scan using idx on public.t (actual rows=262144.00 loops=1)
   Output: a, b
   Index Cond: ((t.a >= 8041) AND (t.a <= 139112))
   Index Searches: 1
   Buffers: shared hit=257106
 Settings: enable_bitmapscan = 'off', enable_seqscan = 'off', max_parallel_workers_per_gather = '0'
 Planning:
   Buffers: shared hit=110
 Planning Time: 0.208 ms
 Execution Time: 31.562 ms
(10 rows)

