SET
SET
SET
SET
SET
                                                                  QUERY PLAN                                                                   
-----------------------------------------------------------------------------------------------------------------------------------------------
 Index Scan Backward using idx on public.t (actual rows=2048.00 loops=1)
   Output: a, b
   Index Cond: ((t.a >= 31823) AND (t.a <= 32846))
   Index Searches: 1
   Prefetch: distance=251.506 count=1830 stalls=9 skipped=35 resets=0 ungets=151 forwarded=0
             histogram [2,4) => 20, [4,8) => 18, [8,16) => 9, [16,32) => 14, [32,64) => 22, [64,128) => 5, [128,256) => 320, [256,512) => 1422
   Buffers: shared hit=1605 read=412
 Settings: enable_bitmapscan = 'off', enable_seqscan = 'off', max_parallel_workers_per_gather = '0'
 Planning:
   Buffers: shared hit=86 read=27
 Planning Time: 2.081 ms
 Execution Time: 18.691 ms
(12 rows)

SET
SET
SET
SET
SET
                                             QUERY PLAN                                             
----------------------------------------------------------------------------------------------------
 Index Scan Backward using idx on public.t (actual rows=2048.00 loops=1)
   Output: a, b
   Index Cond: ((t.a >= 31823) AND (t.a <= 32846))
   Index Searches: 1
   Buffers: shared hit=2017
 Settings: enable_bitmapscan = 'off', enable_seqscan = 'off', max_parallel_workers_per_gather = '0'
 Planning:
   Buffers: shared hit=118
 Planning Time: 0.167 ms
 Execution Time: 0.386 ms
(10 rows)

