SET
SET
SET
SET
SET
                                             QUERY PLAN                                             
----------------------------------------------------------------------------------------------------
 Index Scan Backward using idx on public.t (actual rows=512.00 loops=1)
   Output: a, b
   Index Cond: ((t.a >= 2718) AND (t.a <= 2973))
   Index Searches: 1
   Prefetch: distance=7.325 count=166 stalls=80 skipped=5 resets=0 ungets=0 forwarded=0
             histogram [2,4) => 100, [4,8) => 23, [8,16) => 11, [16,32) => 30, [32,64) => 2
   Buffers: shared hit=287 read=220
 Settings: enable_bitmapscan = 'off', enable_seqscan = 'off', max_parallel_workers_per_gather = '0'
 Planning:
   Buffers: shared hit=86 read=27
 Planning Time: 1.330 ms
 Execution Time: 12.663 ms
(12 rows)

SET
SET
SET
SET
SET
                                             QUERY PLAN                                             
----------------------------------------------------------------------------------------------------
 Index Scan Backward using idx on public.t (actual rows=512.00 loops=1)
   Output: a, b
   Index Cond: ((t.a >= 2718) AND (t.a <= 2973))
   Index Searches: 1
   Buffers: shared hit=507
 Settings: enable_bitmapscan = 'off', enable_seqscan = 'off', max_parallel_workers_per_gather = '0'
 Planning:
   Buffers: shared hit=118
 Planning Time: 0.178 ms
 Execution Time: 0.264 ms
(10 rows)

