SET
SET
SET
SET
SET
                                                                       QUERY PLAN                                                                       
--------------------------------------------------------------------------------------------------------------------------------------------------------
 Index Scan Backward using idx on public.t (actual rows=1048576.00 loops=1)
   Output: a, b
   Index Cond: ((t.a >= 15689) AND (t.a <= 539976))
   Index Searches: 1
   Prefetch: distance=77.590 count=40100 stalls=985627 skipped=22578 resets=0 ungets=126 forwarded=1
             histogram [2,4) => 24249, [4,8) => 2186, [8,16) => 30, [16,32) => 33, [32,64) => 87, [64,128) => 560, [128,256) => 8929, [256,512) => 4026
   Buffers: shared hit=1013265 read=15306
 Settings: enable_bitmapscan = 'off', enable_seqscan = 'off', max_parallel_workers_per_gather = '0'
 Planning:
   Buffers: shared hit=82 read=27
 Planning Time: 1.992 ms
 Execution Time: 1020.276 ms
(12 rows)

SET
SET
SET
SET
SET
                                             QUERY PLAN                                             
----------------------------------------------------------------------------------------------------
 Index Scan Backward using idx on public.t (actual rows=1048576.00 loops=1)
   Output: a, b
   Index Cond: ((t.a >= 15689) AND (t.a <= 539976))
   Index Searches: 1
   Buffers: shared hit=1028571
 Settings: enable_bitmapscan = 'off', enable_seqscan = 'off', max_parallel_workers_per_gather = '0'
 Planning:
   Buffers: shared hit=114
 Planning Time: 0.189 ms
 Execution Time: 147.949 ms
(10 rows)

