SET
SET
SET
SET
SET
                                                                     QUERY PLAN                                                                     
----------------------------------------------------------------------------------------------------------------------------------------------------
 Index Scan Backward using idx on public.t (actual rows=32768.00 loops=1)
   Output: a, b
   Index Cond: ((t.a >= 18838) AND (t.a <= 35221))
   Index Searches: 1
   Prefetch: distance=215.390 count=9338 stalls=22747 skipped=696 resets=0 ungets=216 forwarded=0
             histogram [2,4) => 566, [4,8) => 60, [8,16) => 15, [16,32) => 30, [32,64) => 43, [64,128) => 213, [128,256) => 5204, [256,512) => 3207
   Buffers: shared hit=31309 read=846
 Settings: enable_bitmapscan = 'off', enable_seqscan = 'off', max_parallel_workers_per_gather = '0'
 Planning:
   Buffers: shared hit=86 read=27
 Planning Time: 1.990 ms
 Execution Time: 41.243 ms
(12 rows)

SET
SET
SET
SET
SET
                                             QUERY PLAN                                             
----------------------------------------------------------------------------------------------------
 Index Scan Backward using idx on public.t (actual rows=32768.00 loops=1)
   Output: a, b
   Index Cond: ((t.a >= 18838) AND (t.a <= 35221))
   Index Searches: 1
   Buffers: shared hit=32155
 Settings: enable_bitmapscan = 'off', enable_seqscan = 'off', max_parallel_workers_per_gather = '0'
 Planning:
   Buffers: shared hit=118
 Planning Time: 0.197 ms
 Execution Time: 5.085 ms
(10 rows)

