SET
SET
SET
SET
SET
                                                                QUERY PLAN                                                                
------------------------------------------------------------------------------------------------------------------------------------------
 Index Scan Backward using idx on public.t (actual rows=512.00 loops=1)
   Output: a, b
   Index Cond: ((t.a >= 27906) AND (t.a <= 28161))
   Index Searches: 1
   Prefetch: distance=234.204 count=274 stalls=2 skipped=4 resets=0 ungets=61 forwarded=0
             histogram [2,4) => 4, [4,8) => 4, [8,16) => 10, [16,32) => 10, [32,64) => 8, [64,128) => 3, [128,256) => 3, [256,512) => 232
   Buffers: shared hit=210 read=297
 Settings: enable_bitmapscan = 'off', enable_seqscan = 'off', max_parallel_workers_per_gather = '0'
 Planning:
   Buffers: shared hit=86 read=27
 Planning Time: 1.995 ms
 Execution Time: 15.478 ms
(12 rows)

SET
SET
SET
SET
SET
                                             QUERY PLAN                                             
----------------------------------------------------------------------------------------------------
 Index Scan Backward using idx on public.t (actual rows=512.00 loops=1)
   Output: a, b
   Index Cond: ((t.a >= 27906) AND (t.a <= 28161))
   Index Searches: 1
   Buffers: shared hit=507
 Settings: enable_bitmapscan = 'off', enable_seqscan = 'off', max_parallel_workers_per_gather = '0'
 Planning:
   Buffers: shared hit=118
 Planning Time: 0.200 ms
 Execution Time: 0.384 ms
(10 rows)

