SET
SET
SET
SET
SET
                                                                   QUERY PLAN                                                                   
------------------------------------------------------------------------------------------------------------------------------------------------
 Index Scan Backward using idx on public.t (actual rows=4096.00 loops=1)
   Output: a, b
   Index Cond: ((t.a >= 909) AND (t.a <= 2956))
   Index Searches: 1
   Prefetch: distance=224.816 count=1725 stalls=2146 skipped=96 resets=0 ungets=98 forwarded=0
             histogram [2,4) => 26, [4,8) => 22, [8,16) => 14, [16,32) => 34, [32,64) => 48, [64,128) => 72, [128,256) => 574, [256,512) => 935
   Buffers: shared hit=3736 read=273
 Settings: enable_bitmapscan = 'off', enable_seqscan = 'off', max_parallel_workers_per_gather = '0'
 Planning:
   Buffers: shared hit=86 read=27
 Planning Time: 1.983 ms
 Execution Time: 11.978 ms
(12 rows)

SET
SET
SET
SET
SET
                                             QUERY PLAN                                             
----------------------------------------------------------------------------------------------------
 Index Scan Backward using idx on public.t (actual rows=4096.00 loops=1)
   Output: a, b
   Index Cond: ((t.a >= 909) AND (t.a <= 2956))
   Index Searches: 1
   Buffers: shared hit=4009
 Settings: enable_bitmapscan = 'off', enable_seqscan = 'off', max_parallel_workers_per_gather = '0'
 Planning:
   Buffers: shared hit=118
 Planning Time: 0.206 ms
 Execution Time: 0.936 ms
(10 rows)

