SET
SET
SET
SET
SET
                                             QUERY PLAN                                             
----------------------------------------------------------------------------------------------------
 Index Scan Backward using idx on public.t (actual rows=1024.00 loops=1)
   Output: a, b
   Index Cond: ((t.a >= 457) AND (t.a <= 968))
   Index Searches: 1
   Prefetch: distance=2.423 count=104 stalls=591 skipped=18 resets=0 ungets=0 forwarded=0
             histogram [2,4) => 90, [4,8) => 14
   Buffers: shared hit=792 read=213
 Settings: enable_bitmapscan = 'off', enable_seqscan = 'off', max_parallel_workers_per_gather = '0'
 Planning:
   Buffers: shared hit=86 read=27
 Planning Time: 2.012 ms
 Execution Time: 10.873 ms
(12 rows)

SET
SET
SET
SET
SET
                                             QUERY PLAN                                             
----------------------------------------------------------------------------------------------------
 Index Scan Backward using idx on public.t (actual rows=1024.00 loops=1)
   Output: a, b
   Index Cond: ((t.a >= 457) AND (t.a <= 968))
   Index Searches: 1
   Buffers: shared hit=1005
 Settings: enable_bitmapscan = 'off', enable_seqscan = 'off', max_parallel_workers_per_gather = '0'
 Planning:
   Buffers: shared hit=118
 Planning Time: 0.176 ms
 Execution Time: 0.242 ms
(10 rows)

