SET
SET
SET
SET
SET
                                                               QUERY PLAN                                                                
-----------------------------------------------------------------------------------------------------------------------------------------
 Index Scan Backward using idx on public.t (actual rows=512.00 loops=1)
   Output: a, b
   Index Cond: ((t.a >= 11772) AND (t.a <= 12027))
   Index Searches: 1
   Prefetch: distance=256.680 count=593 stalls=1 skipped=8 resets=0 ungets=189 forwarded=0
             histogram [2,4) => 2, [4,8) => 5, [8,16) => 6, [16,32) => 13, [32,64) => 7, [64,128) => 2, [128,256) => 2, [256,512) => 556
   Buffers: shared hit=221 read=291
 Settings: enable_bitmapscan = 'off', enable_seqscan = 'off', max_parallel_workers_per_gather = '0'
 Planning:
   Buffers: shared hit=86 read=27
 Planning Time: 1.468 ms
 Execution Time: 7.608 ms
(12 rows)

SET
SET
SET
SET
SET
                                             QUERY PLAN                                             
----------------------------------------------------------------------------------------------------
 Index Scan Backward using idx on public.t (actual rows=512.00 loops=1)
   Output: a, b
   Index Cond: ((t.a >= 11772) AND (t.a <= 12027))
   Index Searches: 1
   Buffers: shared hit=512
 Settings: enable_bitmapscan = 'off', enable_seqscan = 'off', max_parallel_workers_per_gather = '0'
 Planning:
   Buffers: shared hit=118
 Planning Time: 0.178 ms
 Execution Time: 0.301 ms
(10 rows)

