SET
SET
SET
SET
SET
                                                                  QUERY PLAN                                                                  
----------------------------------------------------------------------------------------------------------------------------------------------
 Index Scan Backward using idx on public.t (actual rows=4096.00 loops=1)
   Output: a, b
   Index Cond: ((t.a >= 20723) AND (t.a <= 22770))
   Index Searches: 1
   Prefetch: distance=246.158 count=4272 stalls=2 skipped=89 resets=0 ungets=334 forwarded=0
             histogram [2,4) => 2, [4,8) => 6, [8,16) => 5, [16,32) => 12, [32,64) => 6, [64,128) => 76, [128,256) => 1492, [256,512) => 2673
   Buffers: shared hit=3574 read=448
 Settings: enable_bitmapscan = 'off', enable_seqscan = 'off', max_parallel_workers_per_gather = '0'
 Planning:
   Buffers: shared hit=86 read=27
 Planning Time: 2.017 ms
 Execution Time: 9.345 ms
(12 rows)

SET
SET
SET
SET
SET
                                             QUERY PLAN                                             
----------------------------------------------------------------------------------------------------
 Index Scan Backward using idx on public.t (actual rows=4096.00 loops=1)
   Output: a, b
   Index Cond: ((t.a >= 20723) AND (t.a <= 22770))
   Index Searches: 1
   Buffers: shared hit=4022
 Settings: enable_bitmapscan = 'off', enable_seqscan = 'off', max_parallel_workers_per_gather = '0'
 Planning:
   Buffers: shared hit=118
 Planning Time: 0.174 ms
 Execution Time: 0.632 ms
(10 rows)

