SET
SET
SET
SET
SET
                                                                    QUERY PLAN                                                                    
--------------------------------------------------------------------------------------------------------------------------------------------------
 Index Scan Backward using idx on public.t (actual rows=8192.00 loops=1)
   Output: a, b
   Index Cond: ((t.a >= 13426) AND (t.a <= 17521))
   Index Searches: 1
   Prefetch: distance=237.254 count=4922 stalls=3228 skipped=197 resets=0 ungets=280 forwarded=1
             histogram [2,4) => 72, [4,8) => 10, [8,16) => 18, [16,32) => 27, [32,64) => 36, [64,128) => 95, [128,256) => 2081, [256,512) => 2583
   Buffers: shared hit=7524 read=494
 Settings: enable_bitmapscan = 'off', enable_seqscan = 'off', max_parallel_workers_per_gather = '0'
 Planning:
   Buffers: shared hit=86 read=27
 Planning Time: 2.073 ms
 Execution Time: 16.003 ms
(12 rows)

SET
SET
SET
SET
SET
                                             QUERY PLAN                                             
----------------------------------------------------------------------------------------------------
 Index Scan Backward using idx on public.t (actual rows=8192.00 loops=1)
   Output: a, b
   Index Cond: ((t.a >= 13426) AND (t.a <= 17521))
   Index Searches: 1
   Buffers: shared hit=8018
 Settings: enable_bitmapscan = 'off', enable_seqscan = 'off', max_parallel_workers_per_gather = '0'
 Planning:
   Buffers: shared hit=118
 Planning Time: 0.192 ms
 Execution Time: 1.672 ms
(10 rows)

