SET
SET
SET
SET
SET
                                                                QUERY PLAN                                                                 
-------------------------------------------------------------------------------------------------------------------------------------------
 Index Scan Backward using idx on public.t (actual rows=1024.00 loops=1)
   Output: a, b
   Index Cond: ((t.a >= 15247) AND (t.a <= 15758))
   Index Searches: 1
   Prefetch: distance=258.254 count=925 stalls=7 skipped=19 resets=0 ungets=180 forwarded=0
             histogram [2,4) => 4, [4,8) => 5, [8,16) => 11, [16,32) => 13, [32,64) => 2, [64,128) => 2, [128,256) => 39, [256,512) => 849
   Buffers: shared hit=634 read=374
 Settings: enable_bitmapscan = 'off', enable_seqscan = 'off', max_parallel_workers_per_gather = '0'
 Planning:
   Buffers: shared hit=86 read=27
 Planning Time: 1.505 ms
 Execution Time: 12.703 ms
(12 rows)

SET
SET
SET
SET
SET
                                             QUERY PLAN                                             
----------------------------------------------------------------------------------------------------
 Index Scan Backward using idx on public.t (actual rows=1024.00 loops=1)
   Output: a, b
   Index Cond: ((t.a >= 15247) AND (t.a <= 15758))
   Index Searches: 1
   Buffers: shared hit=1008
 Settings: enable_bitmapscan = 'off', enable_seqscan = 'off', max_parallel_workers_per_gather = '0'
 Planning:
   Buffers: shared hit=118
 Planning Time: 0.179 ms
 Execution Time: 0.304 ms
(10 rows)

