SET
SET
SET
SET
SET
                                               QUERY PLAN                                               
--------------------------------------------------------------------------------------------------------
 Index Scan Backward using idx on public.t (actual rows=256.00 loops=1)
   Output: a, b
   Index Cond: ((t.a >= 21907) AND (t.a <= 22034))
   Index Searches: 1
   Prefetch: distance=23.730 count=37 stalls=1 skipped=1 resets=0 ungets=2 forwarded=0
             histogram [2,4) => 2, [4,8) => 6, [8,16) => 10, [16,32) => 13, [32,64) => 2, [64,128) => 4
   Buffers: shared hit=59 read=197
 Settings: enable_bitmapscan = 'off', enable_seqscan = 'off', max_parallel_workers_per_gather = '0'
 Planning:
   Buffers: shared hit=86 read=27
 Planning Time: 1.273 ms
 Execution Time: 10.748 ms
(12 rows)

SET
SET
SET
SET
SET
                                             QUERY PLAN                                             
----------------------------------------------------------------------------------------------------
 Index Scan Backward using idx on public.t (actual rows=256.00 loops=1)
   Output: a, b
   Index Cond: ((t.a >= 21907) AND (t.a <= 22034))
   Index Searches: 1
   Buffers: shared hit=256
 Settings: enable_bitmapscan = 'off', enable_seqscan = 'off', max_parallel_workers_per_gather = '0'
 Planning:
   Buffers: shared hit=118
 Planning Time: 0.151 ms
 Execution Time: 0.132 ms
(10 rows)

