SET
SET
SET
SET
SET
                                                                        QUERY PLAN                                                                         
-----------------------------------------------------------------------------------------------------------------------------------------------------------
 Index Scan Backward using idx on public.t (actual rows=9048576.00 loops=1)
   Output: a, b
   Index Cond: ((t.a >= 19349) AND (t.a <= 4543636))
   Index Searches: 1
   Prefetch: distance=10.201 count=239335 stalls=8615170 skipped=194146 resets=0 ungets=254 forwarded=2
             histogram [2,4) => 211744, [4,8) => 18854, [8,16) => 113, [16,32) => 27, [32,64) => 87, [64,128) => 456, [128,256) => 5016, [256,512) => 3038
   Buffers: shared hit=8747590 read=129132
 Settings: enable_bitmapscan = 'off', enable_seqscan = 'off', max_parallel_workers_per_gather = '0'
 Planning:
   Buffers: shared hit=82 read=27
 Planning Time: 2.010 ms
 Execution Time: 8673.824 ms
(12 rows)

SET
SET
SET
SET
SET
                                             QUERY PLAN                                             
----------------------------------------------------------------------------------------------------
 Index Scan Backward using idx on public.t (actual rows=9048576.00 loops=1)
   Output: a, b
   Index Cond: ((t.a >= 19349) AND (t.a <= 4543636))
   Index Searches: 1
   Buffers: shared hit=8876722
 Settings: enable_bitmapscan = 'off', enable_seqscan = 'off', max_parallel_workers_per_gather = '0'
 Planning:
   Buffers: shared hit=114
 Planning Time: 0.225 ms
 Execution Time: 1264.112 ms
(10 rows)

