SET
SET
SET
SET
SET
                                                                 QUERY PLAN                                                                 
--------------------------------------------------------------------------------------------------------------------------------------------
 Index Scan Backward using idx on public.t (actual rows=2048.00 loops=1)
   Output: a, b
   Index Cond: ((t.a >= 22895) AND (t.a <= 23918))
   Index Searches: 1
   Prefetch: distance=259.200 count=1843 stalls=3 skipped=30 resets=0 ungets=161 forwarded=0
             histogram [2,4) => 4, [4,8) => 9, [8,16) => 5, [16,32) => 9, [32,64) => 10, [64,128) => 2, [128,256) => 277, [256,512) => 1527
   Buffers: shared hit=1615 read=409
 Settings: enable_bitmapscan = 'off', enable_seqscan = 'off', max_parallel_workers_per_gather = '0'
 Planning:
   Buffers: shared hit=86 read=27
 Planning Time: 1.972 ms
 Execution Time: 18.047 ms
(12 rows)

SET
SET
SET
SET
SET
                                             QUERY PLAN                                             
----------------------------------------------------------------------------------------------------
 Index Scan Backward using idx on public.t (actual rows=2048.00 loops=1)
   Output: a, b
   Index Cond: ((t.a >= 22895) AND (t.a <= 23918))
   Index Searches: 1
   Buffers: shared hit=2024
 Settings: enable_bitmapscan = 'off', enable_seqscan = 'off', max_parallel_workers_per_gather = '0'
 Planning:
   Buffers: shared hit=118
 Planning Time: 0.191 ms
 Execution Time: 0.680 ms
(10 rows)

