SET
SET
SET
SET
SET
                                                                    QUERY PLAN                                                                     
---------------------------------------------------------------------------------------------------------------------------------------------------
 Index Scan Backward using idx on public.t (actual rows=4096.00 loops=1)
   Output: a, b
   Index Cond: ((t.a >= 9318) AND (t.a <= 11365))
   Index Searches: 1
   Prefetch: distance=222.462 count=3143 stalls=582 skipped=82 resets=0 ungets=110 forwarded=1
             histogram [2,4) => 44, [4,8) => 24, [8,16) => 21, [16,32) => 32, [32,64) => 61, [64,128) => 134, [128,256) => 1353, [256,512) => 1474
   Buffers: shared hit=3594 read=420
 Settings: enable_bitmapscan = 'off', enable_seqscan = 'off', max_parallel_workers_per_gather = '0'
 Planning:
   Buffers: shared hit=86 read=27
 Planning Time: 2.089 ms
 Execution Time: 19.737 ms
(12 rows)

SET
SET
SET
SET
SET
                                             QUERY PLAN                                             
----------------------------------------------------------------------------------------------------
 Index Scan Backward using idx on public.t (actual rows=4096.00 loops=1)
   Output: a, b
   Index Cond: ((t.a >= 9318) AND (t.a <= 11365))
   Index Searches: 1
   Buffers: shared hit=4014
 Settings: enable_bitmapscan = 'off', enable_seqscan = 'off', max_parallel_workers_per_gather = '0'
 Planning:
   Buffers: shared hit=118
 Planning Time: 0.145 ms
 Execution Time: 0.543 ms
(10 rows)

