SET
SET
SET
SET
SET
                                                                    QUERY PLAN                                                                     
---------------------------------------------------------------------------------------------------------------------------------------------------
 Index Scan Backward using idx on public.t (actual rows=8192.00 loops=1)
   Output: a, b
   Index Cond: ((t.a >= 24766) AND (t.a <= 28861))
   Index Searches: 1
   Prefetch: distance=236.788 count=4001 stalls=4276 skipped=183 resets=0 ungets=337 forwarded=1
             histogram [2,4) => 122, [4,8) => 23, [8,16) => 13, [16,32) => 25, [32,64) => 34, [64,128) => 66, [128,256) => 1450, [256,512) => 2268
   Buffers: shared hit=7536 read=499
 Settings: enable_bitmapscan = 'off', enable_seqscan = 'off', max_parallel_workers_per_gather = '0'
 Planning:
   Buffers: shared hit=86 read=27
 Planning Time: 2.018 ms
 Execution Time: 14.223 ms
(12 rows)

SET
SET
SET
SET
SET
                                             QUERY PLAN                                             
----------------------------------------------------------------------------------------------------
 Index Scan Backward using idx on public.t (actual rows=8192.00 loops=1)
   Output: a, b
   Index Cond: ((t.a >= 24766) AND (t.a <= 28861))
   Index Searches: 1
   Buffers: shared hit=8035
 Settings: enable_bitmapscan = 'off', enable_seqscan = 'off', max_parallel_workers_per_gather = '0'
 Planning:
   Buffers: shared hit=118
 Planning Time: 0.139 ms
 Execution Time: 0.912 ms
(10 rows)

