SET
SET
SET
SET
SET
                                                                 QUERY PLAN                                                                 
--------------------------------------------------------------------------------------------------------------------------------------------
 Index Scan Backward using idx on public.t (actual rows=1024.00 loops=1)
   Output: a, b
   Index Cond: ((t.a >= 21558) AND (t.a <= 22069))
   Index Searches: 1
   Prefetch: distance=253.629 count=868 stalls=1 skipped=16 resets=0 ungets=150 forwarded=0
             histogram [2,4) => 2, [4,8) => 11, [8,16) => 15, [16,32) => 13, [32,64) => 7, [64,128) => 2, [128,256) => 30, [256,512) => 788
   Buffers: shared hit=637 read=372
 Settings: enable_bitmapscan = 'off', enable_seqscan = 'off', max_parallel_workers_per_gather = '0'
 Planning:
   Buffers: shared hit=86 read=27
 Planning Time: 2.010 ms
 Execution Time: 15.444 ms
(12 rows)

SET
SET
SET
SET
SET
                                             QUERY PLAN                                             
----------------------------------------------------------------------------------------------------
 Index Scan Backward using idx on public.t (actual rows=1024.00 loops=1)
   Output: a, b
   Index Cond: ((t.a >= 21558) AND (t.a <= 22069))
   Index Searches: 1
   Buffers: shared hit=1009
 Settings: enable_bitmapscan = 'off', enable_seqscan = 'off', max_parallel_workers_per_gather = '0'
 Planning:
   Buffers: shared hit=118
 Planning Time: 0.157 ms
 Execution Time: 0.269 ms
(10 rows)

