SET
SET
SET
SET
SET
                                                                        QUERY PLAN                                                                         
-----------------------------------------------------------------------------------------------------------------------------------------------------------
 Index Scan Backward using idx on public.t (actual rows=5048576.00 loops=1)
   Output: a, b
   Index Cond: ((t.a >= 32378) AND (t.a <= 2556665))
   Index Searches: 1
   Prefetch: distance=28.817 count=145425 stalls=4794764 skipped=108468 resets=0 ungets=246 forwarded=0
             histogram [2,4) => 117852, [4,8) => 10419, [8,16) => 69, [16,32) => 26, [32,64) => 36, [64,128) => 417, [128,256) => 11281, [256,512) => 5325
   Buffers: shared hit=4880332 read=72214
 Settings: enable_bitmapscan = 'off', enable_seqscan = 'off', max_parallel_workers_per_gather = '0'
 Planning:
   Buffers: shared hit=82 read=27
 Planning Time: 1.993 ms
 Execution Time: 4854.790 ms
(12 rows)

SET
SET
SET
SET
SET
                                             QUERY PLAN                                             
----------------------------------------------------------------------------------------------------
 Index Scan Backward using idx on public.t (actual rows=5048576.00 loops=1)
   Output: a, b
   Index Cond: ((t.a >= 32378) AND (t.a <= 2556665))
   Index Searches: 1
   Buffers: shared hit=4952546
 Settings: enable_bitmapscan = 'off', enable_seqscan = 'off', max_parallel_workers_per_gather = '0'
 Planning:
   Buffers: shared hit=114
 Planning Time: 0.222 ms
 Execution Time: 708.896 ms
(10 rows)

