SET
SET
SET
SET
SET
                                                               QUERY PLAN                                                                
-----------------------------------------------------------------------------------------------------------------------------------------
 Index Scan Backward using idx on public.t (actual rows=512.00 loops=1)
   Output: a, b
   Index Cond: ((t.a >= 7313) AND (t.a <= 7568))
   Index Searches: 1
   Prefetch: distance=255.078 count=540 stalls=1 skipped=10 resets=0 ungets=152 forwarded=0
             histogram [2,4) => 2, [4,8) => 5, [8,16) => 6, [16,32) => 8, [32,64) => 10, [64,128) => 2, [128,256) => 5, [256,512) => 502
   Buffers: shared hit=241 read=262
 Settings: enable_bitmapscan = 'off', enable_seqscan = 'off', max_parallel_workers_per_gather = '0'
 Planning:
   Buffers: shared hit=86 read=27
 Planning Time: 1.329 ms
 Execution Time: 8.993 ms
(12 rows)

SET
SET
SET
SET
SET
                                             QUERY PLAN                                             
----------------------------------------------------------------------------------------------------
 Index Scan Backward using idx on public.t (actual rows=512.00 loops=1)
   Output: a, b
   Index Cond: ((t.a >= 7313) AND (t.a <= 7568))
   Index Searches: 1
   Buffers: shared hit=503
 Settings: enable_bitmapscan = 'off', enable_seqscan = 'off', max_parallel_workers_per_gather = '0'
 Planning:
   Buffers: shared hit=118
 Planning Time: 0.137 ms
 Execution Time: 0.256 ms
(10 rows)

