SET
SET
SET
SET
SET
                                                                     QUERY PLAN                                                                     
----------------------------------------------------------------------------------------------------------------------------------------------------
 Index Scan Backward using idx on public.t (actual rows=32768.00 loops=1)
   Output: a, b
   Index Cond: ((t.a >= 10032) AND (t.a <= 26415))
   Index Searches: 1
   Prefetch: distance=218.183 count=9953 stalls=22399 skipped=718 resets=0 ungets=351 forwarded=0
             histogram [2,4) => 510, [4,8) => 39, [8,16) => 19, [16,32) => 23, [32,64) => 37, [64,128) => 272, [128,256) => 5409, [256,512) => 3644
   Buffers: shared hit=31310 read=827
 Settings: enable_bitmapscan = 'off', enable_seqscan = 'off', max_parallel_workers_per_gather = '0'
 Planning:
   Buffers: shared hit=86 read=27
 Planning Time: 1.992 ms
 Execution Time: 33.205 ms
(12 rows)

SET
SET
SET
SET
SET
                                             QUERY PLAN                                             
----------------------------------------------------------------------------------------------------
 Index Scan Backward using idx on public.t (actual rows=32768.00 loops=1)
   Output: a, b
   Index Cond: ((t.a >= 10032) AND (t.a <= 26415))
   Index Searches: 1
   Buffers: shared hit=32137
 Settings: enable_bitmapscan = 'off', enable_seqscan = 'off', max_parallel_workers_per_gather = '0'
 Planning:
   Buffers: shared hit=118
 Planning Time: 0.197 ms
 Execution Time: 3.136 ms
(10 rows)

