SET
SET
SET
SET
SET
                                                                   QUERY PLAN                                                                   
------------------------------------------------------------------------------------------------------------------------------------------------
 Index Scan Backward using idx on public.t (actual rows=4096.00 loops=1)
   Output: a, b
   Index Cond: ((t.a >= 10773) AND (t.a <= 12820))
   Index Searches: 1
   Prefetch: distance=239.128 count=4273 stalls=2 skipped=96 resets=0 ungets=336 forwarded=4
             histogram [2,4) => 2, [4,8) => 4, [8,16) => 10, [16,32) => 8, [32,64) => 13, [64,128) => 156, [128,256) => 1769, [256,512) => 2311
   Buffers: shared hit=3586 read=428
 Settings: enable_bitmapscan = 'off', enable_seqscan = 'off', max_parallel_workers_per_gather = '0'
 Planning:
   Buffers: shared hit=86 read=27
 Planning Time: 2.011 ms
 Execution Time: 8.722 ms
(12 rows)

SET
SET
SET
SET
SET
                                             QUERY PLAN                                             
----------------------------------------------------------------------------------------------------
 Index Scan Backward using idx on public.t (actual rows=4096.00 loops=1)
   Output: a, b
   Index Cond: ((t.a >= 10773) AND (t.a <= 12820))
   Index Searches: 1
   Buffers: shared hit=4014
 Settings: enable_bitmapscan = 'off', enable_seqscan = 'off', max_parallel_workers_per_gather = '0'
 Planning:
   Buffers: shared hit=118
 Planning Time: 0.175 ms
 Execution Time: 0.575 ms
(10 rows)

