SET
SET
SET
SET
SET
                                                                 QUERY PLAN                                                                  
---------------------------------------------------------------------------------------------------------------------------------------------
 Index Scan Backward using idx on public.t (actual rows=1024.00 loops=1)
   Output: a, b
   Index Cond: ((t.a >= 10828) AND (t.a <= 11339))
   Index Searches: 1
   Prefetch: distance=244.173 count=782 stalls=2 skipped=16 resets=0 ungets=123 forwarded=1
             histogram [2,4) => 6, [4,8) => 14, [8,16) => 12, [16,32) => 14, [32,64) => 24, [64,128) => 8, [128,256) => 30, [256,512) => 674
   Buffers: shared hit=640 read=363
 Settings: enable_bitmapscan = 'off', enable_seqscan = 'off', max_parallel_workers_per_gather = '0'
 Planning:
   Buffers: shared hit=86 read=27
 Planning Time: 2.021 ms
 Execution Time: 15.457 ms
(12 rows)

SET
SET
SET
SET
SET
                                             QUERY PLAN                                             
----------------------------------------------------------------------------------------------------
 Index Scan Backward using idx on public.t (actual rows=1024.00 loops=1)
   Output: a, b
   Index Cond: ((t.a >= 10828) AND (t.a <= 11339))
   Index Searches: 1
   Buffers: shared hit=1003
 Settings: enable_bitmapscan = 'off', enable_seqscan = 'off', max_parallel_workers_per_gather = '0'
 Planning:
   Buffers: shared hit=118
 Planning Time: 0.204 ms
 Execution Time: 0.491 ms
(10 rows)

