SET
SET
SET
SET
SET
                                                                        QUERY PLAN                                                                        
----------------------------------------------------------------------------------------------------------------------------------------------------------
 Index Scan Backward using idx on public.t (actual rows=6048576.00 loops=1)
   Output: a, b
   Index Cond: ((t.a >= 14649) AND (t.a <= 3038936))
   Index Searches: 1
   Prefetch: distance=18.126 count=165687 stalls=5753349 skipped=129827 resets=0 ungets=338 forwarded=0
             histogram [2,4) => 141398, [4,8) => 12600, [8,16) => 87, [16,32) => 32, [32,64) => 47, [64,128) => 290, [128,256) => 7156, [256,512) => 4077
   Buffers: shared hit=5847208 read=86444
 Settings: enable_bitmapscan = 'off', enable_seqscan = 'off', max_parallel_workers_per_gather = '0'
 Planning:
   Buffers: shared hit=82 read=27
 Planning Time: 2.002 ms
 Execution Time: 5793.761 ms
(12 rows)

SET
SET
SET
SET
SET
                                             QUERY PLAN                                             
----------------------------------------------------------------------------------------------------
 Index Scan Backward using idx on public.t (actual rows=6048576.00 loops=1)
   Output: a, b
   Index Cond: ((t.a >= 14649) AND (t.a <= 3038936))
   Index Searches: 1
   Buffers: shared hit=5933652
 Settings: enable_bitmapscan = 'off', enable_seqscan = 'off', max_parallel_workers_per_gather = '0'
 Planning:
   Buffers: shared hit=114
 Planning Time: 0.196 ms
 Execution Time: 846.279 ms
(10 rows)

