SET
SET
SET
SET
SET
                                                                       QUERY PLAN                                                                       
--------------------------------------------------------------------------------------------------------------------------------------------------------
 Index Scan Backward using idx on public.t (actual rows=2048576.00 loops=1)
   Output: a, b
   Index Cond: ((t.a >= 13245) AND (t.a <= 1037532))
   Index Searches: 1
   Prefetch: distance=49.606 count=66101 stalls=1938020 skipped=44171 resets=0 ungets=119 forwarded=1
             histogram [2,4) => 47630, [4,8) => 4272, [8,16) => 39, [16,32) => 40, [32,64) => 92, [64,128) => 458, [128,256) => 9590, [256,512) => 3980
   Buffers: shared hit=1979922 read=29525
 Settings: enable_bitmapscan = 'off', enable_seqscan = 'off', max_parallel_workers_per_gather = '0'
 Planning:
   Buffers: shared hit=82 read=27
 Planning Time: 2.020 ms
 Execution Time: 1976.286 ms
(12 rows)

SET
SET
SET
SET
SET
                                             QUERY PLAN                                             
----------------------------------------------------------------------------------------------------
 Index Scan Backward using idx on public.t (actual rows=2048576.00 loops=1)
   Output: a, b
   Index Cond: ((t.a >= 13245) AND (t.a <= 1037532))
   Index Searches: 1
   Buffers: shared hit=2009447
 Settings: enable_bitmapscan = 'off', enable_seqscan = 'off', max_parallel_workers_per_gather = '0'
 Planning:
   Buffers: shared hit=114
 Planning Time: 0.208 ms
 Execution Time: 288.719 ms
(10 rows)

