SET
SET
SET
SET
SET
                                                                       QUERY PLAN                                                                       
--------------------------------------------------------------------------------------------------------------------------------------------------------
 Index Scan Backward using idx on public.t (actual rows=1048576.00 loops=1)
   Output: a, b
   Index Cond: ((t.a >= 22156) AND (t.a <= 546443))
   Index Searches: 1
   Prefetch: distance=66.350 count=37017 stalls=988782 skipped=22584 resets=0 ungets=146 forwarded=1
             histogram [2,4) => 24301, [4,8) => 2196, [8,16) => 22, [16,32) => 31, [32,64) => 70, [64,128) => 369, [128,256) => 6396, [256,512) => 3632
   Buffers: shared hit=1013268 read=15307
 Settings: enable_bitmapscan = 'off', enable_seqscan = 'off', max_parallel_workers_per_gather = '0'
 Planning:
   Buffers: shared hit=82 read=27
 Planning Time: 2.002 ms
 Execution Time: 1023.831 ms
(12 rows)

SET
SET
SET
SET
SET
                                             QUERY PLAN                                             
----------------------------------------------------------------------------------------------------
 Index Scan Backward using idx on public.t (actual rows=1048576.00 loops=1)
   Output: a, b
   Index Cond: ((t.a >= 22156) AND (t.a <= 546443))
   Index Searches: 1
   Buffers: shared hit=1028575
 Settings: enable_bitmapscan = 'off', enable_seqscan = 'off', max_parallel_workers_per_gather = '0'
 Planning:
   Buffers: shared hit=114
 Planning Time: 0.194 ms
 Execution Time: 149.343 ms
(10 rows)

