SET
SET
SET
SET
SET
                                                                  QUERY PLAN                                                                   
-----------------------------------------------------------------------------------------------------------------------------------------------
 Index Scan Backward using idx on public.t (actual rows=4096.00 loops=1)
   Output: a, b
   Index Cond: ((t.a >= 12764) AND (t.a <= 14811))
   Index Searches: 1
   Prefetch: distance=240.256 count=3926 stalls=1 skipped=76 resets=0 ungets=178 forwarded=1
             histogram [2,4) => 2, [4,8) => 8, [8,16) => 8, [16,32) => 16, [32,64) => 13, [64,128) => 16, [128,256) => 1994, [256,512) => 1869
   Buffers: shared hit=3595 read=434
 Settings: enable_bitmapscan = 'off', enable_seqscan = 'off', max_parallel_workers_per_gather = '0'
 Planning:
   Buffers: shared hit=81 read=27
 Planning Time: 1.985 ms
 Execution Time: 16.612 ms
(12 rows)

SET
SET
SET
SET
SET
                                             QUERY PLAN                                             
----------------------------------------------------------------------------------------------------
 Index Scan Backward using idx on public.t (actual rows=4096.00 loops=1)
   Output: a, b
   Index Cond: ((t.a >= 12764) AND (t.a <= 14811))
   Index Searches: 1
   Buffers: shared hit=4029
 Settings: enable_bitmapscan = 'off', enable_seqscan = 'off', max_parallel_workers_per_gather = '0'
 Planning:
   Buffers: shared hit=113
 Planning Time: 0.153 ms
 Execution Time: 0.956 ms
(10 rows)

