SET
SET
SET
SET
SET
                                                                    QUERY PLAN                                                                     
---------------------------------------------------------------------------------------------------------------------------------------------------
 Index Scan Backward using idx on public.t (actual rows=8192.00 loops=1)
   Output: a, b
   Index Cond: ((t.a >= 5030) AND (t.a <= 9125))
   Index Searches: 1
   Prefetch: distance=218.645 count=3734 stalls=4049 skipped=177 resets=0 ungets=79 forwarded=0
             histogram [2,4) => 134, [4,8) => 45, [8,16) => 19, [16,32) => 47, [32,64) => 50, [64,128) => 75, [128,256) => 1990, [256,512) => 1374
   Buffers: shared hit=7617 read=417
 Settings: enable_bitmapscan = 'off', enable_seqscan = 'off', max_parallel_workers_per_gather = '0'
 Planning:
   Buffers: shared hit=81 read=27
 Planning Time: 2.096 ms
 Execution Time: 17.831 ms
(12 rows)

SET
SET
SET
SET
SET
                                             QUERY PLAN                                             
----------------------------------------------------------------------------------------------------
 Index Scan Backward using idx on public.t (actual rows=8192.00 loops=1)
   Output: a, b
   Index Cond: ((t.a >= 5030) AND (t.a <= 9125))
   Index Searches: 1
   Buffers: shared hit=8034
 Settings: enable_bitmapscan = 'off', enable_seqscan = 'off', max_parallel_workers_per_gather = '0'
 Planning:
   Buffers: shared hit=113
 Planning Time: 0.163 ms
 Execution Time: 0.890 ms
(10 rows)

