SET
SET
SET
SET
SET
                                             QUERY PLAN                                             
----------------------------------------------------------------------------------------------------
 Index Scan using idx on public.t (actual rows=1024.00 loops=1)
   Output: a, b
   Index Cond: ((t.a >= '-26831'::integer) AND (t.a <= '-26576'::integer))
   Index Searches: 1
   Prefetch: distance=2.295 count=61 stalls=546 skipped=14 resets=0 ungets=0 forwarded=0
             histogram [2,4) => 56, [4,8) => 5
   Buffers: shared hit=870 read=141
 Settings: enable_bitmapscan = 'off', enable_seqscan = 'off', max_parallel_workers_per_gather = '0'
 Planning:
   Buffers: shared hit=81 read=28
 Planning Time: 1.806 ms
 Execution Time: 8.828 ms
(12 rows)

SET
SET
SET
SET
SET
                                             QUERY PLAN                                             
----------------------------------------------------------------------------------------------------
 Index Scan using idx on public.t (actual rows=1024.00 loops=1)
   Output: a, b
   Index Cond: ((t.a >= '-26831'::integer) AND (t.a <= '-26576'::integer))
   Index Searches: 1
   Buffers: shared hit=1011
 Settings: enable_bitmapscan = 'off', enable_seqscan = 'off', max_parallel_workers_per_gather = '0'
 Planning:
   Buffers: shared hit=114
 Planning Time: 0.196 ms
 Execution Time: 0.314 ms
(10 rows)

