SET
SET
SET
SET
SET
                                             QUERY PLAN                                             
----------------------------------------------------------------------------------------------------
 Index Scan using idx on public.t (actual rows=2048.00 loops=1)
   Output: a, b
   Index Cond: ((t.a >= '-5651'::integer) AND (t.a <= '-5140'::integer))
   Index Searches: 1
   Prefetch: distance=2.061 count=147 stalls=1360 skipped=22 resets=0 ungets=0 forwarded=1
             histogram [2,4) => 144, [4,8) => 3
   Buffers: shared hit=1839 read=190
 Settings: enable_bitmapscan = 'off', enable_seqscan = 'off', max_parallel_workers_per_gather = '0'
 Planning:
   Buffers: shared hit=81 read=28
 Planning Time: 2.053 ms
 Execution Time: 11.051 ms
(12 rows)

SET
SET
SET
SET
SET
                                             QUERY PLAN                                             
----------------------------------------------------------------------------------------------------
 Index Scan using idx on public.t (actual rows=2048.00 loops=1)
   Output: a, b
   Index Cond: ((t.a >= '-5651'::integer) AND (t.a <= '-5140'::integer))
   Index Searches: 1
   Buffers: shared hit=2029
 Settings: enable_bitmapscan = 'off', enable_seqscan = 'off', max_parallel_workers_per_gather = '0'
 Planning:
   Buffers: shared hit=114
 Planning Time: 0.200 ms
 Execution Time: 0.483 ms
(10 rows)

