SET
SET
SET
SET
SET
                                                                  QUERY PLAN                                                                  
----------------------------------------------------------------------------------------------------------------------------------------------
 Index Scan using idx on public.t (actual rows=8192.00 loops=1)
   Output: a, b
   Index Cond: ((t.a >= '-24232'::integer) AND (t.a <= '-22185'::integer))
   Index Searches: 1
   Prefetch: distance=263.196 count=8879 stalls=1 skipped=133 resets=0 ungets=848 forwarded=14
             histogram [2,4) => 6, [4,8) => 4, [8,16) => 11, [16,32) => 10, [32,64) => 6, [64,128) => 3, [128,256) => 1229, [256,512) => 7610
   Buffers: shared hit=7585 read=491
 Settings: enable_bitmapscan = 'off', enable_seqscan = 'off', max_parallel_workers_per_gather = '0'
 Planning:
   Buffers: shared hit=81 read=28
 Planning Time: 2.075 ms
 Execution Time: 12.576 ms
(12 rows)

SET
SET
SET
SET
SET
                                             QUERY PLAN                                             
----------------------------------------------------------------------------------------------------
 Index Scan using idx on public.t (actual rows=8192.00 loops=1)
   Output: a, b
   Index Cond: ((t.a >= '-24232'::integer) AND (t.a <= '-22185'::integer))
   Index Searches: 1
   Buffers: shared hit=8076
 Settings: enable_bitmapscan = 'off', enable_seqscan = 'off', max_parallel_workers_per_gather = '0'
 Planning:
   Buffers: shared hit=114
 Planning Time: 0.137 ms
 Execution Time: 0.868 ms
(10 rows)

