SET
SET
SET
SET
SET
                                                               QUERY PLAN                                                               
----------------------------------------------------------------------------------------------------------------------------------------
 Index Scan Backward using idx on public.t (actual rows=128.00 loops=1)
   Output: a, b
   Index Cond: ((t.a >= 4970) AND (t.a <= 5033))
   Index Searches: 1
   Prefetch: distance=225.723 count=155 stalls=1 skipped=4 resets=0 ungets=57 forwarded=0
             histogram [2,4) => 2, [4,8) => 6, [8,16) => 7, [16,32) => 9, [32,64) => 2, [64,128) => 2, [128,256) => 2, [256,512) => 125
   Buffers: shared hit=28 read=103
 Settings: enable_bitmapscan = 'off', enable_seqscan = 'off', max_parallel_workers_per_gather = '0'
 Planning:
   Buffers: shared hit=81 read=27
 Planning Time: 1.011 ms
 Execution Time: 3.023 ms
(12 rows)

SET
SET
SET
SET
SET
                                             QUERY PLAN                                             
----------------------------------------------------------------------------------------------------
 Index Scan Backward using idx on public.t (actual rows=128.00 loops=1)
   Output: a, b
   Index Cond: ((t.a >= 4970) AND (t.a <= 5033))
   Index Searches: 1
   Buffers: shared hit=131
 Settings: enable_bitmapscan = 'off', enable_seqscan = 'off', max_parallel_workers_per_gather = '0'
 Planning:
   Buffers: shared hit=113
 Planning Time: 0.131 ms
 Execution Time: 0.083 ms
(10 rows)

