SET
SET
SET
SET
SET
                                                               QUERY PLAN                                                               
----------------------------------------------------------------------------------------------------------------------------------------
 Index Scan Backward using idx on public.t (actual rows=512.00 loops=1)
   Output: a, b
   Index Cond: ((t.a >= 29727) AND (t.a <= 29982))
   Index Searches: 1
   Prefetch: distance=259.492 count=693 stalls=1 skipped=6 resets=0 ungets=231 forwarded=0
             histogram [2,4) => 4, [4,8) => 7, [8,16) => 4, [16,32) => 8, [32,64) => 6, [64,128) => 2, [128,256) => 2, [256,512) => 660
   Buffers: shared hit=221 read=292
 Settings: enable_bitmapscan = 'off', enable_seqscan = 'off', max_parallel_workers_per_gather = '0'
 Planning:
   Buffers: shared hit=81 read=27
 Planning Time: 1.037 ms
 Execution Time: 5.538 ms
(12 rows)

SET
SET
SET
SET
SET
                                             QUERY PLAN                                             
----------------------------------------------------------------------------------------------------
 Index Scan Backward using idx on public.t (actual rows=512.00 loops=1)
   Output: a, b
   Index Cond: ((t.a >= 29727) AND (t.a <= 29982))
   Index Searches: 1
   Buffers: shared hit=513
 Settings: enable_bitmapscan = 'off', enable_seqscan = 'off', max_parallel_workers_per_gather = '0'
 Planning:
   Buffers: shared hit=113
 Planning Time: 0.187 ms
 Execution Time: 0.345 ms
(10 rows)

