SET
SET
SET
SET
SET
                                                               QUERY PLAN                                                                
-----------------------------------------------------------------------------------------------------------------------------------------
 Index Scan Backward using idx on public.t (actual rows=256.00 loops=1)
   Output: a, b
   Index Cond: ((t.a >= 22389) AND (t.a <= 22516))
   Index Searches: 1
   Prefetch: distance=231.944 count=231 stalls=1 skipped=1 resets=0 ungets=80 forwarded=0
             histogram [2,4) => 2, [4,8) => 9, [8,16) => 6, [16,32) => 10, [32,64) => 6, [64,128) => 2, [128,256) => 2, [256,512) => 194
   Buffers: shared hit=69 read=191
 Settings: enable_bitmapscan = 'off', enable_seqscan = 'off', max_parallel_workers_per_gather = '0'
 Planning:
   Buffers: shared hit=81 read=27
 Planning Time: 1.022 ms
 Execution Time: 7.687 ms
(12 rows)

SET
SET
SET
SET
SET
                                             QUERY PLAN                                             
----------------------------------------------------------------------------------------------------
 Index Scan Backward using idx on public.t (actual rows=256.00 loops=1)
   Output: a, b
   Index Cond: ((t.a >= 22389) AND (t.a <= 22516))
   Index Searches: 1
   Buffers: shared hit=260
 Settings: enable_bitmapscan = 'off', enable_seqscan = 'off', max_parallel_workers_per_gather = '0'
 Planning:
   Buffers: shared hit=113
 Planning Time: 0.203 ms
 Execution Time: 0.229 ms
(10 rows)

