SET
SET
SET
SET
SET
                                                                    QUERY PLAN                                                                    
--------------------------------------------------------------------------------------------------------------------------------------------------
 Index Scan Backward using idx on public.t (actual rows=8192.00 loops=1)
   Output: a, b
   Index Cond: ((t.a >= 11817) AND (t.a <= 15912))
   Index Searches: 1
   Prefetch: distance=235.303 count=2975 stalls=5168 skipped=163 resets=0 ungets=249 forwarded=0
             histogram [2,4) => 136, [4,8) => 24, [8,16) => 14, [16,32) => 25, [32,64) => 34, [64,128) => 66, [128,256) => 676, [256,512) => 2000
   Buffers: shared hit=7561 read=490
 Settings: enable_bitmapscan = 'off', enable_seqscan = 'off', max_parallel_workers_per_gather = '0'
 Planning:
   Buffers: shared hit=81 read=27
 Planning Time: 2.060 ms
 Execution Time: 12.891 ms
(12 rows)

SET
SET
SET
SET
SET
                                             QUERY PLAN                                             
----------------------------------------------------------------------------------------------------
 Index Scan Backward using idx on public.t (actual rows=8192.00 loops=1)
   Output: a, b
   Index Cond: ((t.a >= 11817) AND (t.a <= 15912))
   Index Searches: 1
   Buffers: shared hit=8051
 Settings: enable_bitmapscan = 'off', enable_seqscan = 'off', max_parallel_workers_per_gather = '0'
 Planning:
   Buffers: shared hit=113
 Planning Time: 0.190 ms
 Execution Time: 1.675 ms
(10 rows)

