SET
SET
SET
SET
SET
                                                                   QUERY PLAN                                                                    
-------------------------------------------------------------------------------------------------------------------------------------------------
 Index Scan Backward using idx on public.t (actual rows=4096.00 loops=1)
   Output: a, b
   Index Cond: ((t.a >= 9199) AND (t.a <= 11246))
   Index Searches: 1
   Prefetch: distance=234.843 count=2951 stalls=1225 skipped=100 resets=0 ungets=273 forwarded=0
             histogram [2,4) => 39, [4,8) => 14, [8,16) => 21, [16,32) => 26, [32,64) => 59, [64,128) => 66, [128,256) => 978, [256,512) => 1748
   Buffers: shared hit=3601 read=410
 Settings: enable_bitmapscan = 'off', enable_seqscan = 'off', max_parallel_workers_per_gather = '0'
 Planning:
   Buffers: shared hit=81 read=27
 Planning Time: 2.084 ms
 Execution Time: 9.881 ms
(12 rows)

SET
SET
SET
SET
SET
                                             QUERY PLAN                                             
----------------------------------------------------------------------------------------------------
 Index Scan Backward using idx on public.t (actual rows=4096.00 loops=1)
   Output: a, b
   Index Cond: ((t.a >= 9199) AND (t.a <= 11246))
   Index Searches: 1
   Buffers: shared hit=4011
 Settings: enable_bitmapscan = 'off', enable_seqscan = 'off', max_parallel_workers_per_gather = '0'
 Planning:
   Buffers: shared hit=113
 Planning Time: 0.191 ms
 Execution Time: 0.992 ms
(10 rows)

