SET
SET
SET
SET
SET
                                                                QUERY PLAN                                                                 
-------------------------------------------------------------------------------------------------------------------------------------------
 Index Scan Backward using idx on public.t (actual rows=512.00 loops=1)
   Output: a, b
   Index Cond: ((t.a >= 27802) AND (t.a <= 28057))
   Index Searches: 1
   Prefetch: distance=236.636 count=357 stalls=1 skipped=6 resets=0 ungets=91 forwarded=0
             histogram [2,4) => 6, [4,8) => 10, [8,16) => 11, [16,32) => 12, [32,64) => 7, [64,128) => 2, [128,256) => 2, [256,512) => 307
   Buffers: shared hit=219 read=289
 Settings: enable_bitmapscan = 'off', enable_seqscan = 'off', max_parallel_workers_per_gather = '0'
 Planning:
   Buffers: shared hit=81 read=27
 Planning Time: 1.311 ms
 Execution Time: 11.565 ms
(12 rows)

SET
SET
SET
SET
SET
                                             QUERY PLAN                                             
----------------------------------------------------------------------------------------------------
 Index Scan Backward using idx on public.t (actual rows=512.00 loops=1)
   Output: a, b
   Index Cond: ((t.a >= 27802) AND (t.a <= 28057))
   Index Searches: 1
   Buffers: shared hit=508
 Settings: enable_bitmapscan = 'off', enable_seqscan = 'off', max_parallel_workers_per_gather = '0'
 Planning:
   Buffers: shared hit=113
 Planning Time: 0.188 ms
 Execution Time: 0.338 ms
(10 rows)

