SET
SET
SET
SET
SET
                                                              QUERY PLAN                                                               
---------------------------------------------------------------------------------------------------------------------------------------
 Index Scan Backward using idx on public.t (actual rows=64.00 loops=1)
   Output: a, b
   Index Cond: ((t.a >= 24467) AND (t.a <= 24498))
   Index Searches: 1
   Prefetch: distance=197.529 count=87 stalls=1 skipped=0 resets=0 ungets=31 forwarded=0
             histogram [2,4) => 2, [4,8) => 3, [8,16) => 9, [16,32) => 8, [32,64) => 2, [64,128) => 2, [128,256) => 2, [256,512) => 59
   Buffers: shared hit=10 read=61
 Settings: enable_bitmapscan = 'off', enable_seqscan = 'off', max_parallel_workers_per_gather = '0'
 Planning:
   Buffers: shared hit=81 read=27
 Planning Time: 1.124 ms
 Execution Time: 1.605 ms
(12 rows)

SET
SET
SET
SET
SET
                                             QUERY PLAN                                             
----------------------------------------------------------------------------------------------------
 Index Scan Backward using idx on public.t (actual rows=64.00 loops=1)
   Output: a, b
   Index Cond: ((t.a >= 24467) AND (t.a <= 24498))
   Index Searches: 1
   Buffers: shared hit=71
 Settings: enable_bitmapscan = 'off', enable_seqscan = 'off', max_parallel_workers_per_gather = '0'
 Planning:
   Buffers: shared hit=113
 Planning Time: 0.202 ms
 Execution Time: 0.107 ms
(10 rows)

