SET
SET
SET
SET
SET
                                                                    QUERY PLAN                                                                     
---------------------------------------------------------------------------------------------------------------------------------------------------
 Index Scan Backward using idx on public.t (actual rows=8192.00 loops=1)
   Output: a, b
   Index Cond: ((t.a >= 28985) AND (t.a <= 33080))
   Index Searches: 1
   Prefetch: distance=220.103 count=6628 stalls=1249 skipped=169 resets=0 ungets=163 forwarded=1
             histogram [2,4) => 38, [4,8) => 25, [8,16) => 19, [16,32) => 29, [32,64) => 81, [64,128) => 348, [128,256) => 3744, [256,512) => 2344
   Buffers: shared hit=7534 read=503
 Settings: enable_bitmapscan = 'off', enable_seqscan = 'off', max_parallel_workers_per_gather = '0'
 Planning:
   Buffers: shared hit=81 read=27
 Planning Time: 2.049 ms
 Execution Time: 18.731 ms
(12 rows)

SET
SET
SET
SET
SET
                                             QUERY PLAN                                             
----------------------------------------------------------------------------------------------------
 Index Scan Backward using idx on public.t (actual rows=8192.00 loops=1)
   Output: a, b
   Index Cond: ((t.a >= 28985) AND (t.a <= 33080))
   Index Searches: 1
   Buffers: shared hit=8037
 Settings: enable_bitmapscan = 'off', enable_seqscan = 'off', max_parallel_workers_per_gather = '0'
 Planning:
   Buffers: shared hit=113
 Planning Time: 0.196 ms
 Execution Time: 1.636 ms
(10 rows)

