SET
SET
SET
SET
SET
                                                                     QUERY PLAN                                                                     
----------------------------------------------------------------------------------------------------------------------------------------------------
 Index Scan using idx on public.t (actual rows=8048576.00 loops=1)
   Output: a, b
   Index Cond: ((t.a >= '-2038766'::integer) AND (t.a <= '-26623'::integer))
   Index Searches: 1
   Prefetch: distance=264.255 count=8734322 stalls=6 skipped=118580 resets=0 ungets=804411 forwarded=20099
             histogram [2,4) => 8, [4,8) => 9, [8,16) => 15, [16,32) => 9, [32,64) => 16, [64,128) => 5, [128,256) => 1210580, [256,512) => 7523680
   Buffers: shared hit=7545978 read=395402
 Settings: enable_bitmapscan = 'off', enable_seqscan = 'off', max_parallel_workers_per_gather = '0'
 Planning:
   Buffers: shared hit=77 read=28
 Planning Time: 2.017 ms
 Execution Time: 8471.890 ms
(12 rows)

SET
SET
SET
SET
SET
                                             QUERY PLAN                                             
----------------------------------------------------------------------------------------------------
 Index Scan using idx on public.t (actual rows=8048576.00 loops=1)
   Output: a, b
   Index Cond: ((t.a >= '-2038766'::integer) AND (t.a <= '-26623'::integer))
   Index Searches: 1
   Buffers: shared hit=7942051
 Settings: enable_bitmapscan = 'off', enable_seqscan = 'off', max_parallel_workers_per_gather = '0'
 Planning:
   Buffers: shared hit=110
 Planning Time: 0.274 ms
 Execution Time: 1322.458 ms
(10 rows)

