SET
SET
SET
SET
SET
                                                                    QUERY PLAN                                                                     
---------------------------------------------------------------------------------------------------------------------------------------------------
 Index Scan Backward using idx on public.t (actual rows=8192.00 loops=1)
   Output: a, b
   Index Cond: ((t.a >= 23354) AND (t.a <= 27449))
   Index Searches: 1
   Prefetch: distance=224.631 count=6723 stalls=1320 skipped=173 resets=0 ungets=227 forwarded=0
             histogram [2,4) => 34, [4,8) => 22, [8,16) => 16, [16,32) => 26, [32,64) => 72, [64,128) => 289, [128,256) => 3766, [256,512) => 2498
   Buffers: shared hit=7540 read=501
 Settings: enable_bitmapscan = 'off', enable_seqscan = 'off', max_parallel_workers_per_gather = '0'
 Planning:
   Buffers: shared hit=81 read=27
 Planning Time: 2.023 ms
 Execution Time: 16.697 ms
(12 rows)

SET
SET
SET
SET
SET
                                             QUERY PLAN                                             
----------------------------------------------------------------------------------------------------
 Index Scan Backward using idx on public.t (actual rows=8192.00 loops=1)
   Output: a, b
   Index Cond: ((t.a >= 23354) AND (t.a <= 27449))
   Index Searches: 1
   Buffers: shared hit=8041
 Settings: enable_bitmapscan = 'off', enable_seqscan = 'off', max_parallel_workers_per_gather = '0'
 Planning:
   Buffers: shared hit=113
 Planning Time: 0.191 ms
 Execution Time: 1.685 ms
(10 rows)

