SET
SET
SET
SET
SET
                                                               QUERY PLAN                                                               
----------------------------------------------------------------------------------------------------------------------------------------
 Index Scan Backward using idx on public.t (actual rows=256.00 loops=1)
   Output: a, b
   Index Cond: ((t.a >= 28643) AND (t.a <= 28770))
   Index Searches: 1
   Prefetch: distance=178.396 count=96 stalls=1 skipped=0 resets=0 ungets=22 forwarded=0
             histogram [2,4) => 4, [4,8) => 3, [8,16) => 7, [16,32) => 14, [32,64) => 5, [64,128) => 2, [128,256) => 2, [256,512) => 59
   Buffers: shared hit=71 read=189
 Settings: enable_bitmapscan = 'off', enable_seqscan = 'off', max_parallel_workers_per_gather = '0'
 Planning:
   Buffers: shared hit=81 read=27
 Planning Time: 1.043 ms
 Execution Time: 11.193 ms
(12 rows)

SET
SET
SET
SET
SET
                                             QUERY PLAN                                             
----------------------------------------------------------------------------------------------------
 Index Scan Backward using idx on public.t (actual rows=256.00 loops=1)
   Output: a, b
   Index Cond: ((t.a >= 28643) AND (t.a <= 28770))
   Index Searches: 1
   Buffers: shared hit=260
 Settings: enable_bitmapscan = 'off', enable_seqscan = 'off', max_parallel_workers_per_gather = '0'
 Planning:
   Buffers: shared hit=113
 Planning Time: 0.151 ms
 Execution Time: 0.131 ms
(10 rows)

