SET
SET
SET
SET
SET
                                                                  QUERY PLAN                                                                   
-----------------------------------------------------------------------------------------------------------------------------------------------
 Index Scan Backward using idx on public.t (actual rows=1024.00 loops=1)
   Output: a, b
   Index Cond: ((t.a >= 2989) AND (t.a <= 3500))
   Index Searches: 1
   Prefetch: distance=206.140 count=701 stalls=8 skipped=6 resets=0 ungets=24 forwarded=1
             histogram [2,4) => 10, [4,8) => 7, [8,16) => 42, [16,32) => 30, [32,64) => 42, [64,128) => 44, [128,256) => 109, [256,512) => 417
   Buffers: shared hit=755 read=264
 Settings: enable_bitmapscan = 'off', enable_seqscan = 'off', max_parallel_workers_per_gather = '0'
 Planning:
   Buffers: shared hit=81 read=27
 Planning Time: 1.490 ms
 Execution Time: 10.729 ms
(12 rows)

SET
SET
SET
SET
SET
                                             QUERY PLAN                                             
----------------------------------------------------------------------------------------------------
 Index Scan Backward using idx on public.t (actual rows=1024.00 loops=1)
   Output: a, b
   Index Cond: ((t.a >= 2989) AND (t.a <= 3500))
   Index Searches: 1
   Buffers: shared hit=1019
 Settings: enable_bitmapscan = 'off', enable_seqscan = 'off', max_parallel_workers_per_gather = '0'
 Planning:
   Buffers: shared hit=113
 Planning Time: 0.183 ms
 Execution Time: 0.401 ms
(10 rows)

