SET
SET
SET
SET
SET
                                                                    QUERY PLAN                                                                     
---------------------------------------------------------------------------------------------------------------------------------------------------
 Index Scan Backward using idx on public.t (actual rows=8192.00 loops=1)
   Output: a, b
   Index Cond: ((t.a >= 9030) AND (t.a <= 13125))
   Index Searches: 1
   Prefetch: distance=230.973 count=3493 stalls=4810 skipped=187 resets=0 ungets=323 forwarded=1
             histogram [2,4) => 129, [4,8) => 16, [8,16) => 26, [16,32) => 25, [32,64) => 58, [64,128) => 66, [128,256) => 1108, [256,512) => 2065
   Buffers: shared hit=7563 read=469
 Settings: enable_bitmapscan = 'off', enable_seqscan = 'off', max_parallel_workers_per_gather = '0'
 Planning:
   Buffers: shared hit=81 read=27
 Planning Time: 2.062 ms
 Execution Time: 8.234 ms
(12 rows)

SET
SET
SET
SET
SET
                                             QUERY PLAN                                             
----------------------------------------------------------------------------------------------------
 Index Scan Backward using idx on public.t (actual rows=8192.00 loops=1)
   Output: a, b
   Index Cond: ((t.a >= 9030) AND (t.a <= 13125))
   Index Searches: 1
   Buffers: shared hit=8032
 Settings: enable_bitmapscan = 'off', enable_seqscan = 'off', max_parallel_workers_per_gather = '0'
 Planning:
   Buffers: shared hit=113
 Planning Time: 0.197 ms
 Execution Time: 1.625 ms
(10 rows)

