SET
SET
SET
SET
SET
                                                                  QUERY PLAN                                                                  
----------------------------------------------------------------------------------------------------------------------------------------------
 Index Scan using idx on public.t (actual rows=2048.00 loops=1)
   Output: a, b
   Index Cond: ((t.a >= 11798) AND (t.a <= 12821))
   Index Searches: 1
   Prefetch: distance=249.559 count=1933 stalls=3 skipped=41 resets=0 ungets=178 forwarded=6
             histogram [2,4) => 4, [4,8) => 5, [8,16) => 6, [16,32) => 17, [32,64) => 11, [64,128) => 11, [128,256) => 584, [256,512) => 1295
   Buffers: shared hit=1614 read=401
 Settings: enable_bitmapscan = 'off', enable_seqscan = 'off', max_parallel_workers_per_gather = '0'
 Planning:
   Buffers: shared hit=85 read=27
 Planning Time: 2.042 ms
 Execution Time: 9.811 ms
(12 rows)

SET
SET
SET
SET
SET
                                             QUERY PLAN                                             
----------------------------------------------------------------------------------------------------
 Index Scan using idx on public.t (actual rows=2048.00 loops=1)
   Output: a, b
   Index Cond: ((t.a >= 11798) AND (t.a <= 12821))
   Index Searches: 1
   Buffers: shared hit=2015
 Settings: enable_bitmapscan = 'off', enable_seqscan = 'off', max_parallel_workers_per_gather = '0'
 Planning:
   Buffers: shared hit=117
 Planning Time: 0.204 ms
 Execution Time: 0.721 ms
(10 rows)

