SET
SET
SET
SET
SET
                                                               QUERY PLAN                                                               
----------------------------------------------------------------------------------------------------------------------------------------
 Index Scan using idx on public.t (actual rows=256.00 loops=1)
   Output: a, b
   Index Cond: ((t.a >= 25621) AND (t.a <= 25748))
   Index Searches: 1
   Prefetch: distance=225.187 count=198 stalls=1 skipped=5 resets=0 ungets=67 forwarded=1
             histogram [2,4) => 6, [4,8) => 8, [8,16) => 4, [16,32) => 9, [32,64) => 6, [64,128) => 2, [128,256) => 2, [256,512) => 161
   Buffers: shared hit=62 read=196
 Settings: enable_bitmapscan = 'off', enable_seqscan = 'off', max_parallel_workers_per_gather = '0'
 Planning:
   Buffers: shared hit=85 read=27
 Planning Time: 1.054 ms
 Execution Time: 9.030 ms
(12 rows)

SET
SET
SET
SET
SET
                                             QUERY PLAN                                             
----------------------------------------------------------------------------------------------------
 Index Scan using idx on public.t (actual rows=256.00 loops=1)
   Output: a, b
   Index Cond: ((t.a >= 25621) AND (t.a <= 25748))
   Index Searches: 1
   Buffers: shared hit=258
 Settings: enable_bitmapscan = 'off', enable_seqscan = 'off', max_parallel_workers_per_gather = '0'
 Planning:
   Buffers: shared hit=117
 Planning Time: 0.157 ms
 Execution Time: 0.147 ms
(10 rows)

