SET
SET
SET
SET
SET
                                                                    QUERY PLAN                                                                    
--------------------------------------------------------------------------------------------------------------------------------------------------
 Index Scan using idx on public.t (actual rows=8192.00 loops=1)
   Output: a, b
   Index Cond: ((t.a >= 19425) AND (t.a <= 23520))
   Index Searches: 1
   Prefetch: distance=230.858 count=5163 stalls=2989 skipped=174 resets=0 ungets=263 forwarded=7
             histogram [2,4) => 86, [4,8) => 24, [8,16) => 18, [16,32) => 26, [32,64) => 35, [64,128) => 78, [128,256) => 2552, [256,512) => 2344
   Buffers: shared hit=7536 read=502
 Settings: enable_bitmapscan = 'off', enable_seqscan = 'off', max_parallel_workers_per_gather = '0'
 Planning:
   Buffers: shared hit=85 read=27
 Planning Time: 2.047 ms
 Execution Time: 14.616 ms
(12 rows)

SET
SET
SET
SET
SET
                                             QUERY PLAN                                             
----------------------------------------------------------------------------------------------------
 Index Scan using idx on public.t (actual rows=8192.00 loops=1)
   Output: a, b
   Index Cond: ((t.a >= 19425) AND (t.a <= 23520))
   Index Searches: 1
   Buffers: shared hit=8038
 Settings: enable_bitmapscan = 'off', enable_seqscan = 'off', max_parallel_workers_per_gather = '0'
 Planning:
   Buffers: shared hit=117
 Planning Time: 0.133 ms
 Execution Time: 0.896 ms
(10 rows)

