SET
SET
SET
SET
SET
                                                                       QUERY PLAN                                                                       
--------------------------------------------------------------------------------------------------------------------------------------------------------
 Index Scan using idx on public.t (actual rows=4048576.00 loops=1)
   Output: a, b
   Index Cond: ((t.a >= 7469) AND (t.a <= 2031756))
   Index Searches: 1
   Prefetch: distance=20.358 count=111952 stalls=3849839 skipped=87073 resets=0 ungets=331 forwarded=27
             histogram [2,4) => 93948, [4,8) => 8840, [8,16) => 66, [16,32) => 25, [32,64) => 35, [64,128) => 446, [128,256) => 5284, [256,512) => 3308
   Buffers: shared hit=3913542 read=57939
 Settings: enable_bitmapscan = 'off', enable_seqscan = 'off', max_parallel_workers_per_gather = '0'
 Planning:
   Buffers: shared hit=81 read=27
 Planning Time: 2.063 ms
 Execution Time: 3370.614 ms
(12 rows)

SET
SET
SET
SET
SET
                                             QUERY PLAN                                             
----------------------------------------------------------------------------------------------------
 Index Scan using idx on public.t (actual rows=4048576.00 loops=1)
   Output: a, b
   Index Cond: ((t.a >= 7469) AND (t.a <= 2031756))
   Index Searches: 1
   Buffers: shared hit=3971481
 Settings: enable_bitmapscan = 'off', enable_seqscan = 'off', max_parallel_workers_per_gather = '0'
 Planning:
   Buffers: shared hit=113
 Planning Time: 0.209 ms
 Execution Time: 577.486 ms
(10 rows)

