SET
SET
SET
SET
SET
                                                                        QUERY PLAN                                                                         
-----------------------------------------------------------------------------------------------------------------------------------------------------------
 Index Scan using idx on public.t (actual rows=8048576.00 loops=1)
   Output: a, b
   Index Cond: ((t.a >= 28031) AND (t.a <= 4052318))
   Index Searches: 1
   Prefetch: distance=12.113 count=214283 stalls=7661429 skipped=172801 resets=0 ungets=186 forwarded=46
             histogram [2,4) => 187118, [4,8) => 17584, [8,16) => 116, [16,32) => 35, [32,64) => 92, [64,128) => 280, [128,256) => 5941, [256,512) => 3117
   Buffers: shared hit=7780690 read=114907
 Settings: enable_bitmapscan = 'off', enable_seqscan = 'off', max_parallel_workers_per_gather = '0'
 Planning:
   Buffers: shared hit=81 read=27
 Planning Time: 2.065 ms
 Execution Time: 6798.967 ms
(12 rows)

SET
SET
SET
SET
SET
                                             QUERY PLAN                                             
----------------------------------------------------------------------------------------------------
 Index Scan using idx on public.t (actual rows=8048576.00 loops=1)
   Output: a, b
   Index Cond: ((t.a >= 28031) AND (t.a <= 4052318))
   Index Searches: 1
   Buffers: shared hit=7895597
 Settings: enable_bitmapscan = 'off', enable_seqscan = 'off', max_parallel_workers_per_gather = '0'
 Planning:
   Buffers: shared hit=113
 Planning Time: 0.237 ms
 Execution Time: 1135.974 ms
(10 rows)

