SET
SET
SET
SET
SET
                                                                    QUERY PLAN                                                                    
--------------------------------------------------------------------------------------------------------------------------------------------------
 Index Scan using idx on public.t (actual rows=4096.00 loops=1)
   Output: a, b
   Index Cond: ((t.a >= 13296) AND (t.a <= 15343))
   Index Searches: 1
   Prefetch: distance=243.920 count=3895 stalls=449 skipped=83 resets=0 ungets=346 forwarded=8
             histogram [2,4) => 22, [4,8) => 11, [8,16) => 15, [16,32) => 29, [32,64) => 58, [64,128) => 66, [128,256) => 1289, [256,512) => 2405
   Buffers: shared hit=3592 read=438
 Settings: enable_bitmapscan = 'off', enable_seqscan = 'off', max_parallel_workers_per_gather = '0'
 Planning:
   Buffers: shared hit=85 read=27
 Planning Time: 2.108 ms
 Execution Time: 6.406 ms
(12 rows)

SET
SET
SET
SET
SET
                                             QUERY PLAN                                             
----------------------------------------------------------------------------------------------------
 Index Scan using idx on public.t (actual rows=4096.00 loops=1)
   Output: a, b
   Index Cond: ((t.a >= 13296) AND (t.a <= 15343))
   Index Searches: 1
   Buffers: shared hit=4030
 Settings: enable_bitmapscan = 'off', enable_seqscan = 'off', max_parallel_workers_per_gather = '0'
 Planning:
   Buffers: shared hit=117
 Planning Time: 0.156 ms
 Execution Time: 0.542 ms
(10 rows)

