SET
SET
SET
SET
SET
                                                                QUERY PLAN                                                                 
-------------------------------------------------------------------------------------------------------------------------------------------
 Index Scan using idx on public.t (actual rows=1024.00 loops=1)
   Output: a, b
   Index Cond: ((t.a >= 11189) AND (t.a <= 11700))
   Index Searches: 1
   Prefetch: distance=263.411 count=1271 stalls=2 skipped=16 resets=0 ungets=302 forwarded=3
             histogram [2,4) => 2, [4,8) => 6, [8,16) => 5, [16,32) => 10, [32,64) => 3, [64,128) => 2, [128,256) => 44, [256,512) => 1199
   Buffers: shared hit=655 read=362
 Settings: enable_bitmapscan = 'off', enable_seqscan = 'off', max_parallel_workers_per_gather = '0'
 Planning:
   Buffers: shared hit=85 read=27
 Planning Time: 2.051 ms
 Execution Time: 5.538 ms
(12 rows)

SET
SET
SET
SET
SET
                                             QUERY PLAN                                             
----------------------------------------------------------------------------------------------------
 Index Scan using idx on public.t (actual rows=1024.00 loops=1)
   Output: a, b
   Index Cond: ((t.a >= 11189) AND (t.a <= 11700))
   Index Searches: 1
   Buffers: shared hit=1017
 Settings: enable_bitmapscan = 'off', enable_seqscan = 'off', max_parallel_workers_per_gather = '0'
 Planning:
   Buffers: shared hit=117
 Planning Time: 0.192 ms
 Execution Time: 0.480 ms
(10 rows)

