SET
SET
SET
SET
SET
                                                                     QUERY PLAN                                                                     
----------------------------------------------------------------------------------------------------------------------------------------------------
 Index Scan using idx on public.t (actual rows=16384.00 loops=1)
   Output: a, b
   Index Cond: ((t.a >= 22708) AND (t.a <= 30899))
   Index Searches: 1
   Prefetch: distance=223.911 count=8833 stalls=7113 skipped=350 resets=0 ungets=183 forwarded=15
             histogram [2,4) => 196, [4,8) => 30, [8,16) => 14, [16,32) => 27, [32,64) => 47, [64,128) => 148, [128,256) => 5273, [256,512) => 3098
   Buffers: shared hit=15454 read=621
 Settings: enable_bitmapscan = 'off', enable_seqscan = 'off', max_parallel_workers_per_gather = '0'
 Planning:
   Buffers: shared hit=85 read=27
 Planning Time: 2.042 ms
 Execution Time: 23.477 ms
(12 rows)

SET
SET
SET
SET
SET
                                             QUERY PLAN                                             
----------------------------------------------------------------------------------------------------
 Index Scan using idx on public.t (actual rows=16384.00 loops=1)
   Output: a, b
   Index Cond: ((t.a >= 22708) AND (t.a <= 30899))
   Index Searches: 1
   Buffers: shared hit=16075
 Settings: enable_bitmapscan = 'off', enable_seqscan = 'off', max_parallel_workers_per_gather = '0'
 Planning:
   Buffers: shared hit=117
 Planning Time: 0.187 ms
 Execution Time: 2.906 ms
(10 rows)

