SET
SET
SET
SET
SET
                                                                  QUERY PLAN                                                                   
-----------------------------------------------------------------------------------------------------------------------------------------------
 Index Scan using idx on public.t (actual rows=2048.00 loops=1)
   Output: a, b
   Index Cond: ((t.a >= 10230) AND (t.a <= 11253))
   Index Searches: 1
   Prefetch: distance=251.083 count=1741 stalls=9 skipped=42 resets=0 ungets=105 forwarded=7
             histogram [2,4) => 18, [4,8) => 5, [8,16) => 10, [16,32) => 10, [32,64) => 23, [64,128) => 2, [128,256) => 440, [256,512) => 1233
   Buffers: shared hit=1622 read=387
 Settings: enable_bitmapscan = 'off', enable_seqscan = 'off', max_parallel_workers_per_gather = '0'
 Planning:
   Buffers: shared hit=85 read=27
 Planning Time: 2.045 ms
 Execution Time: 14.885 ms
(12 rows)

SET
SET
SET
SET
SET
                                             QUERY PLAN                                             
----------------------------------------------------------------------------------------------------
 Index Scan using idx on public.t (actual rows=2048.00 loops=1)
   Output: a, b
   Index Cond: ((t.a >= 10230) AND (t.a <= 11253))
   Index Searches: 1
   Buffers: shared hit=2009
 Settings: enable_bitmapscan = 'off', enable_seqscan = 'off', max_parallel_workers_per_gather = '0'
 Planning:
   Buffers: shared hit=117
 Planning Time: 0.194 ms
 Execution Time: 0.659 ms
(10 rows)

