SET
SET
SET
SET
SET
                                                                       QUERY PLAN                                                                       
--------------------------------------------------------------------------------------------------------------------------------------------------------
 Index Scan using idx on public.t (actual rows=2048576.00 loops=1)
   Output: a, b
   Index Cond: ((t.a >= 17671) AND (t.a <= 1041958))
   Index Searches: 1
   Prefetch: distance=44.017 count=63418 stalls=1941251 skipped=44075 resets=0 ungets=271 forwarded=30
             histogram [2,4) => 47417, [4,8) => 4428, [8,16) => 52, [16,32) => 43, [32,64) => 34, [64,128) => 200, [128,256) => 7091, [256,512) => 4153
   Buffers: shared hit=1980013 read=29535
 Settings: enable_bitmapscan = 'off', enable_seqscan = 'off', max_parallel_workers_per_gather = '0'
 Planning:
   Buffers: shared hit=81 read=27
 Planning Time: 2.052 ms
 Execution Time: 1700.849 ms
(12 rows)

SET
SET
SET
SET
SET
                                             QUERY PLAN                                             
----------------------------------------------------------------------------------------------------
 Index Scan using idx on public.t (actual rows=2048576.00 loops=1)
   Output: a, b
   Index Cond: ((t.a >= 17671) AND (t.a <= 1041958))
   Index Searches: 1
   Buffers: shared hit=2009548
 Settings: enable_bitmapscan = 'off', enable_seqscan = 'off', max_parallel_workers_per_gather = '0'
 Planning:
   Buffers: shared hit=113
 Planning Time: 0.213 ms
 Execution Time: 290.677 ms
(10 rows)

