SET
SET
SET
SET
SET
                                                                        QUERY PLAN                                                                        
----------------------------------------------------------------------------------------------------------------------------------------------------------
 Index Scan using idx on public.t (actual rows=5048576.00 loops=1)
   Output: a, b
   Index Cond: ((t.a >= 4934) AND (t.a <= 2529221))
   Index Searches: 1
   Prefetch: distance=16.998 count=137158 stalls=4802701 skipped=108610 resets=0 ungets=166 forwarded=32
             histogram [2,4) => 117140, [4,8) => 10988, [8,16) => 80, [16,32) => 29, [32,64) => 58, [64,128) => 361, [128,256) => 5371, [256,512) => 3131
   Buffers: shared hit=4880277 read=72128
 Settings: enable_bitmapscan = 'off', enable_seqscan = 'off', max_parallel_workers_per_gather = '0'
 Planning:
   Buffers: shared hit=81 read=27
 Planning Time: 2.069 ms
 Execution Time: 4138.155 ms
(12 rows)

SET
SET
SET
SET
SET
                                             QUERY PLAN                                             
----------------------------------------------------------------------------------------------------
 Index Scan using idx on public.t (actual rows=5048576.00 loops=1)
   Output: a, b
   Index Cond: ((t.a >= 4934) AND (t.a <= 2529221))
   Index Searches: 1
   Buffers: shared hit=4952405
 Settings: enable_bitmapscan = 'off', enable_seqscan = 'off', max_parallel_workers_per_gather = '0'
 Planning:
   Buffers: shared hit=113
 Planning Time: 0.355 ms
 Execution Time: 711.378 ms
(10 rows)

