SET
SET
SET
SET
SET
                                                                  QUERY PLAN                                                                   
-----------------------------------------------------------------------------------------------------------------------------------------------
 Index Scan using idx on public.t (actual rows=8192.00 loops=1)
   Output: a, b
   Index Cond: ((t.a >= 28113) AND (t.a <= 32208))
   Index Searches: 1
   Prefetch: distance=232.366 count=8289 stalls=1 skipped=175 resets=0 ungets=320 forwarded=9
             histogram [2,4) => 2, [4,8) => 3, [8,16) => 12, [16,32) => 8, [32,64) => 2, [64,128) => 148, [128,256) => 4874, [256,512) => 3240
   Buffers: shared hit=7540 read=504
 Settings: enable_bitmapscan = 'off', enable_seqscan = 'off', max_parallel_workers_per_gather = '0'
 Planning:
   Buffers: shared hit=85 read=27
 Planning Time: 2.103 ms
 Execution Time: 9.849 ms
(12 rows)

SET
SET
SET
SET
SET
                                             QUERY PLAN                                             
----------------------------------------------------------------------------------------------------
 Index Scan using idx on public.t (actual rows=8192.00 loops=1)
   Output: a, b
   Index Cond: ((t.a >= 28113) AND (t.a <= 32208))
   Index Searches: 1
   Buffers: shared hit=8044
 Settings: enable_bitmapscan = 'off', enable_seqscan = 'off', max_parallel_workers_per_gather = '0'
 Planning:
   Buffers: shared hit=117
 Planning Time: 0.189 ms
 Execution Time: 1.674 ms
(10 rows)

