SET
SET
SET
SET
SET
                                                                    QUERY PLAN                                                                    
--------------------------------------------------------------------------------------------------------------------------------------------------
 Index Scan using idx on public.t (actual rows=4096.00 loops=1)
   Output: a, b
   Index Cond: ((t.a >= 10173) AND (t.a <= 12220))
   Index Searches: 1
   Prefetch: distance=230.170 count=3783 stalls=136 skipped=90 resets=0 ungets=178 forwarded=6
             histogram [2,4) => 12, [4,8) => 11, [8,16) => 14, [16,32) => 33, [32,64) => 36, [64,128) => 79, [128,256) => 1893, [256,512) => 1705
   Buffers: shared hit=3599 read=419
 Settings: enable_bitmapscan = 'off', enable_seqscan = 'off', max_parallel_workers_per_gather = '0'
 Planning:
   Buffers: shared hit=85 read=27
 Planning Time: 2.065 ms
 Execution Time: 14.810 ms
(12 rows)

SET
SET
SET
SET
SET
                                             QUERY PLAN                                             
----------------------------------------------------------------------------------------------------
 Index Scan using idx on public.t (actual rows=4096.00 loops=1)
   Output: a, b
   Index Cond: ((t.a >= 10173) AND (t.a <= 12220))
   Index Searches: 1
   Buffers: shared hit=4018
 Settings: enable_bitmapscan = 'off', enable_seqscan = 'off', max_parallel_workers_per_gather = '0'
 Planning:
   Buffers: shared hit=117
 Planning Time: 0.199 ms
 Execution Time: 1.031 ms
(10 rows)

