SET
SET
SET
SET
SET
                                                               QUERY PLAN                                                               
----------------------------------------------------------------------------------------------------------------------------------------
 Index Scan using idx on public.t (actual rows=256.00 loops=1)
   Output: a, b
   Index Cond: ((t.a >= 28445) AND (t.a <= 28572))
   Index Searches: 1
   Prefetch: distance=240.579 count=259 stalls=1 skipped=3 resets=0 ungets=90 forwarded=4
             histogram [2,4) => 2, [4,8) => 5, [8,16) => 6, [16,32) => 9, [32,64) => 6, [64,128) => 3, [128,256) => 4, [256,512) => 224
   Buffers: shared hit=71 read=187
 Settings: enable_bitmapscan = 'off', enable_seqscan = 'off', max_parallel_workers_per_gather = '0'
 Planning:
   Buffers: shared hit=85 read=27
 Planning Time: 1.011 ms
 Execution Time: 6.727 ms
(12 rows)

SET
SET
SET
SET
SET
                                             QUERY PLAN                                             
----------------------------------------------------------------------------------------------------
 Index Scan using idx on public.t (actual rows=256.00 loops=1)
   Output: a, b
   Index Cond: ((t.a >= 28445) AND (t.a <= 28572))
   Index Searches: 1
   Buffers: shared hit=258
 Settings: enable_bitmapscan = 'off', enable_seqscan = 'off', max_parallel_workers_per_gather = '0'
 Planning:
   Buffers: shared hit=117
 Planning Time: 0.196 ms
 Execution Time: 0.235 ms
(10 rows)

