SET
SET
SET
SET
SET
                                                                   QUERY PLAN                                                                   
------------------------------------------------------------------------------------------------------------------------------------------------
 Index Scan using idx on public.t (actual rows=2048.00 loops=1)
   Output: a, b
   Index Cond: ((t.a >= 9844) AND (t.a <= 10867))
   Index Searches: 1
   Prefetch: distance=246.961 count=1691 stalls=6 skipped=46 resets=0 ungets=96 forwarded=3
             histogram [2,4) => 4, [4,8) => 13, [8,16) => 19, [16,32) => 12, [32,64) => 29, [64,128) => 33, [128,256) => 389, [256,512) => 1192
   Buffers: shared hit=1612 read=387
 Settings: enable_bitmapscan = 'off', enable_seqscan = 'off', max_parallel_workers_per_gather = '0'
 Planning:
   Buffers: shared hit=85 read=27
 Planning Time: 2.080 ms
 Execution Time: 14.967 ms
(12 rows)

SET
SET
SET
SET
SET
                                             QUERY PLAN                                             
----------------------------------------------------------------------------------------------------
 Index Scan using idx on public.t (actual rows=2048.00 loops=1)
   Output: a, b
   Index Cond: ((t.a >= 9844) AND (t.a <= 10867))
   Index Searches: 1
   Buffers: shared hit=1999
 Settings: enable_bitmapscan = 'off', enable_seqscan = 'off', max_parallel_workers_per_gather = '0'
 Planning:
   Buffers: shared hit=117
 Planning Time: 0.181 ms
 Execution Time: 0.613 ms
(10 rows)

