SET
SET
SET
SET
SET
                                                                        QUERY PLAN                                                                        
----------------------------------------------------------------------------------------------------------------------------------------------------------
 Index Scan using idx on public.t (actual rows=5048576.00 loops=1)
   Output: a, b
   Index Cond: ((t.a >= 24792) AND (t.a <= 2549079))
   Index Searches: 1
   Prefetch: distance=17.458 count=137686 stalls=4802388 skipped=108523 resets=0 ungets=222 forwarded=28
             histogram [2,4) => 117295, [4,8) => 11028, [8,16) => 74, [16,32) => 33, [32,64) => 38, [64,128) => 514, [128,256) => 5258, [256,512) => 3446
   Buffers: shared hit=4880274 read=72215
 Settings: enable_bitmapscan = 'off', enable_seqscan = 'off', max_parallel_workers_per_gather = '0'
 Planning:
   Buffers: shared hit=81 read=27
 Planning Time: 2.076 ms
 Execution Time: 4189.926 ms
(12 rows)

SET
SET
SET
SET
SET
                                             QUERY PLAN                                             
----------------------------------------------------------------------------------------------------
 Index Scan using idx on public.t (actual rows=5048576.00 loops=1)
   Output: a, b
   Index Cond: ((t.a >= 24792) AND (t.a <= 2549079))
   Index Searches: 1
   Buffers: shared hit=4952489
 Settings: enable_bitmapscan = 'off', enable_seqscan = 'off', max_parallel_workers_per_gather = '0'
 Planning:
   Buffers: shared hit=113
 Planning Time: 0.225 ms
 Execution Time: 710.366 ms
(10 rows)

