SET
SET
SET
SET
SET
                                                                 QUERY PLAN                                                                 
--------------------------------------------------------------------------------------------------------------------------------------------
 Index Scan using idx on public.t (actual rows=1024.00 loops=1)
   Output: a, b
   Index Cond: ((t.a >= 15838) AND (t.a <= 16349))
   Index Searches: 1
   Prefetch: distance=246.990 count=714 stalls=1 skipped=10 resets=0 ungets=104 forwarded=4
             histogram [2,4) => 2, [4,8) => 9, [8,16) => 12, [16,32) => 11, [32,64) => 22, [64,128) => 3, [128,256) => 63, [256,512) => 592
   Buffers: shared hit=639 read=372
 Settings: enable_bitmapscan = 'off', enable_seqscan = 'off', max_parallel_workers_per_gather = '0'
 Planning:
   Buffers: shared hit=85 read=27
 Planning Time: 2.051 ms
 Execution Time: 15.111 ms
(12 rows)

SET
SET
SET
SET
SET
                                             QUERY PLAN                                             
----------------------------------------------------------------------------------------------------
 Index Scan using idx on public.t (actual rows=1024.00 loops=1)
   Output: a, b
   Index Cond: ((t.a >= 15838) AND (t.a <= 16349))
   Index Searches: 1
   Buffers: shared hit=1012
 Settings: enable_bitmapscan = 'off', enable_seqscan = 'off', max_parallel_workers_per_gather = '0'
 Planning:
   Buffers: shared hit=117
 Planning Time: 0.193 ms
 Execution Time: 0.599 ms
(10 rows)

