SET
SET
SET
SET
SET
                                                                   QUERY PLAN                                                                   
------------------------------------------------------------------------------------------------------------------------------------------------
 Index Scan using idx on public.t (actual rows=4096.00 loops=1)
   Output: a, b
   Index Cond: ((t.a >= 8287) AND (t.a <= 10334))
   Index Searches: 1
   Prefetch: distance=232.244 count=3364 stalls=714 skipped=97 resets=0 ungets=226 forwarded=9
             histogram [2,4) => 6, [4,8) => 9, [8,16) => 14, [16,32) => 34, [32,64) => 82, [64,128) => 97, [128,256) => 1380, [256,512) => 1742
   Buffers: shared hit=3615 read=398
 Settings: enable_bitmapscan = 'off', enable_seqscan = 'off', max_parallel_workers_per_gather = '0'
 Planning:
   Buffers: shared hit=85 read=27
 Planning Time: 2.043 ms
 Execution Time: 9.586 ms
(12 rows)

SET
SET
SET
SET
SET
                                             QUERY PLAN                                             
----------------------------------------------------------------------------------------------------
 Index Scan using idx on public.t (actual rows=4096.00 loops=1)
   Output: a, b
   Index Cond: ((t.a >= 8287) AND (t.a <= 10334))
   Index Searches: 1
   Buffers: shared hit=4013
 Settings: enable_bitmapscan = 'off', enable_seqscan = 'off', max_parallel_workers_per_gather = '0'
 Planning:
   Buffers: shared hit=117
 Planning Time: 0.224 ms
 Execution Time: 1.011 ms
(10 rows)

