SET
SET
SET
SET
SET
                                                                 QUERY PLAN                                                                  
---------------------------------------------------------------------------------------------------------------------------------------------
 Index Scan using idx on public.t (actual rows=2048.00 loops=1)
   Output: a, b
   Index Cond: ((t.a >= 10566) AND (t.a <= 11589))
   Index Searches: 1
   Prefetch: distance=254.040 count=1955 stalls=1 skipped=44 resets=0 ungets=173 forwarded=6
             histogram [2,4) => 4, [4,8) => 5, [8,16) => 7, [16,32) => 13, [32,64) => 14, [64,128) => 4, [128,256) => 448, [256,512) => 1460
   Buffers: shared hit=1625 read=389
 Settings: enable_bitmapscan = 'off', enable_seqscan = 'off', max_parallel_workers_per_gather = '0'
 Planning:
   Buffers: shared hit=85 read=27
 Planning Time: 2.100 ms
 Execution Time: 13.542 ms
(12 rows)

SET
SET
SET
SET
SET
                                             QUERY PLAN                                             
----------------------------------------------------------------------------------------------------
 Index Scan using idx on public.t (actual rows=2048.00 loops=1)
   Output: a, b
   Index Cond: ((t.a >= 10566) AND (t.a <= 11589))
   Index Searches: 1
   Buffers: shared hit=2014
 Settings: enable_bitmapscan = 'off', enable_seqscan = 'off', max_parallel_workers_per_gather = '0'
 Planning:
   Buffers: shared hit=117
 Planning Time: 0.131 ms
 Execution Time: 0.333 ms
(10 rows)

