SET
SET
SET
SET
SET
                                                                     QUERY PLAN                                                                     
----------------------------------------------------------------------------------------------------------------------------------------------------
 Index Scan using idx on public.t (actual rows=16384.00 loops=1)
   Output: a, b
   Index Cond: ((t.a >= 9965) AND (t.a <= 18156))
   Index Searches: 1
   Prefetch: distance=223.463 count=8912 stalls=6870 skipped=350 resets=0 ungets=111 forwarded=8
             histogram [2,4) => 144, [4,8) => 23, [8,16) => 23, [16,32) => 39, [32,64) => 81, [64,128) => 156, [128,256) => 5495, [256,512) => 2951
   Buffers: shared hit=15477 read=593
 Settings: enable_bitmapscan = 'off', enable_seqscan = 'off', max_parallel_workers_per_gather = '0'
 Planning:
   Buffers: shared hit=85 read=27
 Planning Time: 2.066 ms
 Execution Time: 23.500 ms
(12 rows)

SET
SET
SET
SET
SET
                                             QUERY PLAN                                             
----------------------------------------------------------------------------------------------------
 Index Scan using idx on public.t (actual rows=16384.00 loops=1)
   Output: a, b
   Index Cond: ((t.a >= 9965) AND (t.a <= 18156))
   Index Searches: 1
   Buffers: shared hit=16070
 Settings: enable_bitmapscan = 'off', enable_seqscan = 'off', max_parallel_workers_per_gather = '0'
 Planning:
   Buffers: shared hit=117
 Planning Time: 0.165 ms
 Execution Time: 1.590 ms
(10 rows)

