SET
SET
SET
SET
SET
                                                                 QUERY PLAN                                                                 
--------------------------------------------------------------------------------------------------------------------------------------------
 Index Scan using idx on public.t (actual rows=512.00 loops=1)
   Output: a, b
   Index Cond: ((t.a >= 26395) AND (t.a <= 26650))
   Index Searches: 1
   Prefetch: distance=207.112 count=258 stalls=5 skipped=3 resets=0 ungets=53 forwarded=1
             histogram [2,4) => 10, [4,8) => 9, [8,16) => 11, [16,32) => 14, [32,64) => 20, [64,128) => 2, [128,256) => 2, [256,512) => 190
   Buffers: shared hit=230 read=277
 Settings: enable_bitmapscan = 'off', enable_seqscan = 'off', max_parallel_workers_per_gather = '0'
 Planning:
   Buffers: shared hit=85 read=27
 Planning Time: 2.085 ms
 Execution Time: 15.205 ms
(12 rows)

SET
SET
SET
SET
SET
                                             QUERY PLAN                                             
----------------------------------------------------------------------------------------------------
 Index Scan using idx on public.t (actual rows=512.00 loops=1)
   Output: a, b
   Index Cond: ((t.a >= 26395) AND (t.a <= 26650))
   Index Searches: 1
   Buffers: shared hit=507
 Settings: enable_bitmapscan = 'off', enable_seqscan = 'off', max_parallel_workers_per_gather = '0'
 Planning:
   Buffers: shared hit=117
 Planning Time: 0.191 ms
 Execution Time: 0.334 ms
(10 rows)

