SET
SET
SET
SET
SET
                                                                 QUERY PLAN                                                                  
---------------------------------------------------------------------------------------------------------------------------------------------
 Index Scan using idx on public.t (actual rows=2048.00 loops=1)
   Output: a, b
   Index Cond: ((t.a >= 21877) AND (t.a <= 22900))
   Index Searches: 1
   Prefetch: distance=260.233 count=2155 stalls=1 skipped=51 resets=0 ungets=266 forwarded=7
             histogram [2,4) => 2, [4,8) => 6, [8,16) => 12, [16,32) => 10, [32,64) => 6, [64,128) => 2, [128,256) => 299, [256,512) => 1818
   Buffers: shared hit=1592 read=414
 Settings: enable_bitmapscan = 'off', enable_seqscan = 'off', max_parallel_workers_per_gather = '0'
 Planning:
   Buffers: shared hit=85 read=27
 Planning Time: 2.068 ms
 Execution Time: 9.909 ms
(12 rows)

SET
SET
SET
SET
SET
                                             QUERY PLAN                                             
----------------------------------------------------------------------------------------------------
 Index Scan using idx on public.t (actual rows=2048.00 loops=1)
   Output: a, b
   Index Cond: ((t.a >= 21877) AND (t.a <= 22900))
   Index Searches: 1
   Buffers: shared hit=2006
 Settings: enable_bitmapscan = 'off', enable_seqscan = 'off', max_parallel_workers_per_gather = '0'
 Planning:
   Buffers: shared hit=117
 Planning Time: 0.158 ms
 Execution Time: 0.370 ms
(10 rows)

