SET
SET
SET
SET
SET
                                                                QUERY PLAN                                                                 
-------------------------------------------------------------------------------------------------------------------------------------------
 Index Scan using idx on public.t (actual rows=1024.00 loops=1)
   Output: a, b
   Index Cond: ((t.a >= 8988) AND (t.a <= 9499))
   Index Searches: 1
   Prefetch: distance=261.569 count=1134 stalls=1 skipped=22 resets=0 ungets=234 forwarded=10
             histogram [2,4) => 2, [4,8) => 5, [8,16) => 8, [16,32) => 11, [32,64) => 3, [64,128) => 2, [128,256) => 46, [256,512) => 1057
   Buffers: shared hit=667 read=343
 Settings: enable_bitmapscan = 'off', enable_seqscan = 'off', max_parallel_workers_per_gather = '0'
 Planning:
   Buffers: shared hit=85 read=27
 Planning Time: 2.051 ms
 Execution Time: 8.871 ms
(12 rows)

SET
SET
SET
SET
SET
                                             QUERY PLAN                                             
----------------------------------------------------------------------------------------------------
 Index Scan using idx on public.t (actual rows=1024.00 loops=1)
   Output: a, b
   Index Cond: ((t.a >= 8988) AND (t.a <= 9499))
   Index Searches: 1
   Buffers: shared hit=1010
 Settings: enable_bitmapscan = 'off', enable_seqscan = 'off', max_parallel_workers_per_gather = '0'
 Planning:
   Buffers: shared hit=117
 Planning Time: 0.207 ms
 Execution Time: 0.492 ms
(10 rows)

