SET
SET
SET
SET
SET
                                                                   QUERY PLAN                                                                    
-------------------------------------------------------------------------------------------------------------------------------------------------
 Index Scan using idx on public.t (actual rows=4096.00 loops=1)
   Output: a, b
   Index Cond: ((t.a >= 6826) AND (t.a <= 8873))
   Index Searches: 1
   Prefetch: distance=229.729 count=4068 stalls=132 skipped=97 resets=0 ungets=268 forwarded=6
             histogram [2,4) => 6, [4,8) => 7, [8,16) => 13, [16,32) => 28, [32,64) => 42, [64,128) => 213, [128,256) => 1791, [256,512) => 1968
   Buffers: shared hit=3627 read=388
 Settings: enable_bitmapscan = 'off', enable_seqscan = 'off', max_parallel_workers_per_gather = '0'
 Planning:
   Buffers: shared hit=85 read=27
 Planning Time: 2.048 ms
 Execution Time: 8.308 ms
(12 rows)

SET
SET
SET
SET
SET
                                             QUERY PLAN                                             
----------------------------------------------------------------------------------------------------
 Index Scan using idx on public.t (actual rows=4096.00 loops=1)
   Output: a, b
   Index Cond: ((t.a >= 6826) AND (t.a <= 8873))
   Index Searches: 1
   Buffers: shared hit=4015
 Settings: enable_bitmapscan = 'off', enable_seqscan = 'off', max_parallel_workers_per_gather = '0'
 Planning:
   Buffers: shared hit=117
 Planning Time: 0.173 ms
 Execution Time: 0.544 ms
(10 rows)

