SET
SET
SET
SET
SET
                                             QUERY PLAN                                             
----------------------------------------------------------------------------------------------------
 Index Scan Backward using idx on public.t (actual rows=2.00 loops=1)
   Output: a, b
   Index Cond: ((t.a >= 650) AND (t.a <= 650))
   Index Searches: 1
   Buffers: shared hit=5 read=3
 Settings: enable_bitmapscan = 'off', enable_seqscan = 'off', max_parallel_workers_per_gather = '0'
 Planning:
   Buffers: shared hit=81 read=27
 Planning Time: 2.057 ms
 Execution Time: 0.391 ms
(10 rows)

SET
SET
SET
SET
SET
                                             QUERY PLAN                                             
----------------------------------------------------------------------------------------------------
 Index Scan Backward using idx on public.t (actual rows=2.00 loops=1)
   Output: a, b
   Index Cond: ((t.a >= 650) AND (t.a <= 650))
   Index Searches: 1
   Buffers: shared hit=8
 Settings: enable_bitmapscan = 'off', enable_seqscan = 'off', max_parallel_workers_per_gather = '0'
 Planning:
   Buffers: shared hit=113
 Planning Time: 0.224 ms
 Execution Time: 0.028 ms
(10 rows)

