SET
SET
SET
SET
SET
                                                                  QUERY PLAN                                                                  
----------------------------------------------------------------------------------------------------------------------------------------------
 Index Scan Backward using idx on public.t (actual rows=1024.00 loops=1)
   Output: a, b
   Index Cond: ((t.a >= 31205) AND (t.a <= 31716))
   Index Searches: 1
   Prefetch: distance=238.078 count=783 stalls=14 skipped=10 resets=0 ungets=118 forwarded=0
             histogram [2,4) => 22, [4,8) => 13, [8,16) => 23, [16,32) => 16, [32,64) => 17, [64,128) => 2, [128,256) => 40, [256,512) => 650
   Buffers: shared hit=640 read=375
 Settings: enable_bitmapscan = 'off', enable_seqscan = 'off', max_parallel_workers_per_gather = '0'
 Planning:
   Buffers: shared hit=81 read=27
 Planning Time: 1.500 ms
 Execution Time: 16.492 ms
(12 rows)

SET
SET
SET
SET
SET
                                             QUERY PLAN                                             
----------------------------------------------------------------------------------------------------
 Index Scan Backward using idx on public.t (actual rows=1024.00 loops=1)
   Output: a, b
   Index Cond: ((t.a >= 31205) AND (t.a <= 31716))
   Index Searches: 1
   Buffers: shared hit=1015
 Settings: enable_bitmapscan = 'off', enable_seqscan = 'off', max_parallel_workers_per_gather = '0'
 Planning:
   Buffers: shared hit=113
 Planning Time: 0.212 ms
 Execution Time: 0.521 ms
(10 rows)

