SET
SET
SET
SET
SET
                                                              QUERY PLAN                                                               
---------------------------------------------------------------------------------------------------------------------------------------
 Index Scan Backward using idx on public.t (actual rows=128.00 loops=1)
   Output: a, b
   Index Cond: ((t.a >= 24232) AND (t.a <= 24295))
   Index Searches: 1
   Prefetch: distance=176.253 count=79 stalls=2 skipped=0 resets=0 ungets=24 forwarded=0
             histogram [2,4) => 2, [4,8) => 7, [8,16) => 6, [16,32) => 9, [32,64) => 3, [64,128) => 2, [128,256) => 2, [256,512) => 48
   Buffers: shared hit=26 read=107
 Settings: enable_bitmapscan = 'off', enable_seqscan = 'off', max_parallel_workers_per_gather = '0'
 Planning:
   Buffers: shared hit=81 read=27
 Planning Time: 1.026 ms
 Execution Time: 5.781 ms
(12 rows)

SET
SET
SET
SET
SET
                                             QUERY PLAN                                             
----------------------------------------------------------------------------------------------------
 Index Scan Backward using idx on public.t (actual rows=128.00 loops=1)
   Output: a, b
   Index Cond: ((t.a >= 24232) AND (t.a <= 24295))
   Index Searches: 1
   Buffers: shared hit=133
 Settings: enable_bitmapscan = 'off', enable_seqscan = 'off', max_parallel_workers_per_gather = '0'
 Planning:
   Buffers: shared hit=113
 Planning Time: 0.190 ms
 Execution Time: 0.154 ms
(10 rows)

