SET
SET
SET
SET
SET
                                                                 QUERY PLAN                                                                  
---------------------------------------------------------------------------------------------------------------------------------------------
 Index Scan Backward using idx on public.t (actual rows=4096.00 loops=1)
   Output: a, b
   Index Cond: ((t.a >= 21801) AND (t.a <= 23848))
   Index Searches: 1
   Prefetch: distance=250.928 count=4266 stalls=1 skipped=107 resets=0 ungets=339 forwarded=0
             histogram [2,4) => 4, [4,8) => 3, [8,16) => 11, [16,32) => 9, [32,64) => 2, [64,128) => 2, [128,256) => 1615, [256,512) => 2620
   Buffers: shared hit=3557 read=448
 Settings: enable_bitmapscan = 'off', enable_seqscan = 'off', max_parallel_workers_per_gather = '0'
 Planning:
   Buffers: shared hit=81 read=27
 Planning Time: 2.080 ms
 Execution Time: 9.366 ms
(12 rows)

SET
SET
SET
SET
SET
                                             QUERY PLAN                                             
----------------------------------------------------------------------------------------------------
 Index Scan Backward using idx on public.t (actual rows=4096.00 loops=1)
   Output: a, b
   Index Cond: ((t.a >= 21801) AND (t.a <= 23848))
   Index Searches: 1
   Buffers: shared hit=4005
 Settings: enable_bitmapscan = 'off', enable_seqscan = 'off', max_parallel_workers_per_gather = '0'
 Planning:
   Buffers: shared hit=113
 Planning Time: 0.183 ms
 Execution Time: 0.960 ms
(10 rows)

