SET
SET
SET
SET
SET
                                                                    QUERY PLAN                                                                     
---------------------------------------------------------------------------------------------------------------------------------------------------
 Index Scan Backward using idx on public.t (actual rows=8192.00 loops=1)
   Output: a, b
   Index Cond: ((t.a >= 2180) AND (t.a <= 6275))
   Index Searches: 1
   Prefetch: distance=215.421 count=5638 stalls=2101 skipped=180 resets=0 ungets=54 forwarded=0
             histogram [2,4) => 86, [4,8) => 36, [8,16) => 22, [16,32) => 30, [32,64) => 62, [64,128) => 377, [128,256) => 3222, [256,512) => 1803
   Buffers: shared hit=7668 read=361
 Settings: enable_bitmapscan = 'off', enable_seqscan = 'off', max_parallel_workers_per_gather = '0'
 Planning:
   Buffers: shared hit=81 read=27
 Planning Time: 2.089 ms
 Execution Time: 13.611 ms
(12 rows)

SET
SET
SET
SET
SET
                                             QUERY PLAN                                             
----------------------------------------------------------------------------------------------------
 Index Scan Backward using idx on public.t (actual rows=8192.00 loops=1)
   Output: a, b
   Index Cond: ((t.a >= 2180) AND (t.a <= 6275))
   Index Searches: 1
   Buffers: shared hit=8029
 Settings: enable_bitmapscan = 'off', enable_seqscan = 'off', max_parallel_workers_per_gather = '0'
 Planning:
   Buffers: shared hit=113
 Planning Time: 0.168 ms
 Execution Time: 0.886 ms
(10 rows)

