SET
SET
SET
SET
SET
                                             QUERY PLAN                                             
----------------------------------------------------------------------------------------------------
 Index Scan using idx on public.t (actual rows=8192.00 loops=1)
   Output: a, b
   Index Cond: ((t.a >= '-24975'::integer) AND (t.a <= '-22928'::integer))
   Index Searches: 1
   Prefetch: distance=2.092 count=770 stalls=6960 skipped=135 resets=0 ungets=0 forwarded=0
             histogram [2,4) => 746, [4,8) => 24
   Buffers: shared hit=7578 read=491
 Settings: enable_bitmapscan = 'off', enable_seqscan = 'off', max_parallel_workers_per_gather = '0'
 Planning:
   Buffers: shared hit=81 read=28
 Planning Time: 2.046 ms
 Execution Time: 29.119 ms
(12 rows)

SET
SET
SET
SET
SET
                                             QUERY PLAN                                             
----------------------------------------------------------------------------------------------------
 Index Scan using idx on public.t (actual rows=8192.00 loops=1)
   Output: a, b
   Index Cond: ((t.a >= '-24975'::integer) AND (t.a <= '-22928'::integer))
   Index Searches: 1
   Buffers: shared hit=8069
 Settings: enable_bitmapscan = 'off', enable_seqscan = 'off', max_parallel_workers_per_gather = '0'
 Planning:
   Buffers: shared hit=114
 Planning Time: 0.194 ms
 Execution Time: 1.470 ms
(10 rows)

