SET
SET
SET
SET
SET
                                                                    QUERY PLAN                                                                    
--------------------------------------------------------------------------------------------------------------------------------------------------
 Index Scan using idx on public.t (actual rows=16384.00 loops=1)
   Output: a, b
   Index Cond: ((t.a >= '-23743'::integer) AND (t.a <= '-19648'::integer))
   Index Searches: 1
   Prefetch: distance=262.985 count=17665 stalls=6 skipped=247 resets=0 ungets=1609 forwarded=41
             histogram [2,4) => 6, [4,8) => 13, [8,16) => 13, [16,32) => 12, [32,64) => 24, [64,128) => 11, [128,256) => 2524, [256,512) => 15062
   Buffers: shared hit=15266 read=897
 Settings: enable_bitmapscan = 'off', enable_seqscan = 'off', max_parallel_workers_per_gather = '0'
 Planning:
   Buffers: shared hit=81 read=28
 Planning Time: 2.072 ms
 Execution Time: 20.843 ms
(12 rows)

SET
SET
SET
SET
SET
                                             QUERY PLAN                                             
----------------------------------------------------------------------------------------------------
 Index Scan using idx on public.t (actual rows=16384.00 loops=1)
   Output: a, b
   Index Cond: ((t.a >= '-23743'::integer) AND (t.a <= '-19648'::integer))
   Index Searches: 1
   Buffers: shared hit=16165
 Settings: enable_bitmapscan = 'off', enable_seqscan = 'off', max_parallel_workers_per_gather = '0'
 Planning:
   Buffers: shared hit=114
 Planning Time: 0.147 ms
 Execution Time: 1.649 ms
(10 rows)

