SET
SET
SET
SET
SET
                                                                QUERY PLAN                                                                 
-------------------------------------------------------------------------------------------------------------------------------------------
 Index Scan Backward using idx on public.t (actual rows=512.00 loops=1)
   Output: a, b
   Index Cond: ((t.a >= 5843) AND (t.a <= 6098))
   Index Searches: 1
   Prefetch: distance=206.512 count=244 stalls=2 skipped=4 resets=0 ungets=47 forwarded=0
             histogram [2,4) => 4, [4,8) => 11, [8,16) => 8, [16,32) => 15, [32,64) => 23, [64,128) => 2, [128,256) => 6, [256,512) => 175
   Buffers: shared hit=248 read=261
 Settings: enable_bitmapscan = 'off', enable_seqscan = 'off', max_parallel_workers_per_gather = '0'
 Planning:
   Buffers: shared hit=81 read=27
 Planning Time: 1.841 ms
 Execution Time: 9.945 ms
(12 rows)

SET
SET
SET
SET
SET
                                             QUERY PLAN                                             
----------------------------------------------------------------------------------------------------
 Index Scan Backward using idx on public.t (actual rows=512.00 loops=1)
   Output: a, b
   Index Cond: ((t.a >= 5843) AND (t.a <= 6098))
   Index Searches: 1
   Buffers: shared hit=509
 Settings: enable_bitmapscan = 'off', enable_seqscan = 'off', max_parallel_workers_per_gather = '0'
 Planning:
   Buffers: shared hit=113
 Planning Time: 0.178 ms
 Execution Time: 0.306 ms
(10 rows)

