SET
SET
SET
SET
SET
                                                QUERY PLAN                                                
----------------------------------------------------------------------------------------------------------
 Index Scan Backward using idx on public.t (actual rows=256.00 loops=1)
   Output: a, b
   Index Cond: ((t.a >= 224) AND (t.a <= 351))
   Index Searches: 1
   Prefetch: distance=36.534 count=73 stalls=2 skipped=2 resets=0 ungets=0 forwarded=0
             histogram [2,4) => 8, [4,8) => 5, [8,16) => 10, [16,32) => 13, [32,64) => 23, [64,128) => 14
   Buffers: shared hit=124 read=129
 Settings: enable_bitmapscan = 'off', enable_seqscan = 'off', max_parallel_workers_per_gather = '0'
 Planning:
   Buffers: shared hit=81 read=27
 Planning Time: 1.030 ms
 Execution Time: 5.348 ms
(12 rows)

SET
SET
SET
SET
SET
                                             QUERY PLAN                                             
----------------------------------------------------------------------------------------------------
 Index Scan Backward using idx on public.t (actual rows=256.00 loops=1)
   Output: a, b
   Index Cond: ((t.a >= 224) AND (t.a <= 351))
   Index Searches: 1
   Buffers: shared hit=253
 Settings: enable_bitmapscan = 'off', enable_seqscan = 'off', max_parallel_workers_per_gather = '0'
 Planning:
   Buffers: shared hit=113
 Planning Time: 0.201 ms
 Execution Time: 0.208 ms
(10 rows)

