SET
SET
SET
SET
SET
                                                                   QUERY PLAN                                                                    
-------------------------------------------------------------------------------------------------------------------------------------------------
 Index Scan using idx on public.t (actual rows=524288.00 loops=1)
   Output: a, b
   Index Cond: ((t.a >= '-151998'::integer) AND (t.a <= '-20927'::integer))
   Index Searches: 1
   Prefetch: distance=264.217 count=568994 stalls=3 skipped=7681 resets=0 ungets=52461 forwarded=1264
             histogram [2,4) => 2, [4,8) => 6, [8,16) => 6, [16,32) => 14, [32,64) => 18, [64,128) => 9, [128,256) => 79407, [256,512) => 489532
   Buffers: shared hit=491505 read=25843
 Settings: enable_bitmapscan = 'off', enable_seqscan = 'off', max_parallel_workers_per_gather = '0'
 Planning:
   Buffers: shared hit=77 read=28
 Planning Time: 2.064 ms
 Execution Time: 566.616 ms
(12 rows)

SET
SET
SET
SET
SET
                                             QUERY PLAN                                             
----------------------------------------------------------------------------------------------------
 Index Scan using idx on public.t (actual rows=524288.00 loops=1)
   Output: a, b
   Index Cond: ((t.a >= '-151998'::integer) AND (t.a <= '-20927'::integer))
   Index Searches: 1
   Buffers: shared hit=517397
 Settings: enable_bitmapscan = 'off', enable_seqscan = 'off', max_parallel_workers_per_gather = '0'
 Planning:
   Buffers: shared hit=110
 Planning Time: 0.215 ms
 Execution Time: 84.552 ms
(10 rows)

