SET
SET
SET
SET
SET
                                                                 QUERY PLAN                                                                  
---------------------------------------------------------------------------------------------------------------------------------------------
 Index Scan Backward using idx on public.t (actual rows=4096.00 loops=1)
   Output: a, b
   Index Cond: ((t.a >= 27199) AND (t.a <= 29246))
   Index Searches: 1
   Prefetch: distance=245.310 count=4019 stalls=2 skipped=80 resets=0 ungets=232 forwarded=0
             histogram [2,4) => 2, [4,8) => 4, [8,16) => 10, [16,32) => 9, [32,64) => 3, [64,128) => 4, [128,256) => 1820, [256,512) => 2167
   Buffers: shared hit=3585 read=443
 Settings: enable_bitmapscan = 'off', enable_seqscan = 'off', max_parallel_workers_per_gather = '0'
 Planning:
   Buffers: shared hit=81 read=27
 Planning Time: 2.088 ms
 Execution Time: 16.193 ms
(12 rows)

SET
SET
SET
SET
SET
                                             QUERY PLAN                                             
----------------------------------------------------------------------------------------------------
 Index Scan Backward using idx on public.t (actual rows=4096.00 loops=1)
   Output: a, b
   Index Cond: ((t.a >= 27199) AND (t.a <= 29246))
   Index Searches: 1
   Buffers: shared hit=4028
 Settings: enable_bitmapscan = 'off', enable_seqscan = 'off', max_parallel_workers_per_gather = '0'
 Planning:
   Buffers: shared hit=113
 Planning Time: 0.151 ms
 Execution Time: 0.536 ms
(10 rows)

