SET
SET
SET
SET
SET
                                                                  QUERY PLAN                                                                   
-----------------------------------------------------------------------------------------------------------------------------------------------
 Index Scan Backward using idx on public.t (actual rows=2048.00 loops=1)
   Output: a, b
   Index Cond: ((t.a >= 28186) AND (t.a <= 29209))
   Index Searches: 1
   Prefetch: distance=250.989 count=1891 stalls=5 skipped=43 resets=0 ungets=174 forwarded=1
             histogram [2,4) => 16, [4,8) => 9, [8,16) => 17, [16,32) => 14, [32,64) => 34, [64,128) => 5, [128,256) => 334, [256,512) => 1462
   Buffers: shared hit=1604 read=408
 Settings: enable_bitmapscan = 'off', enable_seqscan = 'off', max_parallel_workers_per_gather = '0'
 Planning:
   Buffers: shared hit=81 read=27
 Planning Time: 2.058 ms
 Execution Time: 16.914 ms
(12 rows)

SET
SET
SET
SET
SET
                                             QUERY PLAN                                             
----------------------------------------------------------------------------------------------------
 Index Scan Backward using idx on public.t (actual rows=2048.00 loops=1)
   Output: a, b
   Index Cond: ((t.a >= 28186) AND (t.a <= 29209))
   Index Searches: 1
   Buffers: shared hit=2012
 Settings: enable_bitmapscan = 'off', enable_seqscan = 'off', max_parallel_workers_per_gather = '0'
 Planning:
   Buffers: shared hit=113
 Planning Time: 0.188 ms
 Execution Time: 0.668 ms
(10 rows)

