SET
SET
SET
SET
SET
                                                                   QUERY PLAN                                                                   
------------------------------------------------------------------------------------------------------------------------------------------------
 Index Scan Backward using idx on public.t (actual rows=4096.00 loops=1)
   Output: a, b
   Index Cond: ((t.a >= 17671) AND (t.a <= 19718))
   Index Searches: 1
   Prefetch: distance=231.655 count=4033 stalls=3 skipped=85 resets=0 ungets=226 forwarded=1
             histogram [2,4) => 8, [4,8) => 6, [8,16) => 5, [16,32) => 17, [32,64) => 27, [64,128) => 278, [128,256) => 1621, [256,512) => 2071
   Buffers: shared hit=3580 read=446
 Settings: enable_bitmapscan = 'off', enable_seqscan = 'off', max_parallel_workers_per_gather = '0'
 Planning:
   Buffers: shared hit=81 read=27
 Planning Time: 2.086 ms
 Execution Time: 14.274 ms
(12 rows)

SET
SET
SET
SET
SET
                                             QUERY PLAN                                             
----------------------------------------------------------------------------------------------------
 Index Scan Backward using idx on public.t (actual rows=4096.00 loops=1)
   Output: a, b
   Index Cond: ((t.a >= 17671) AND (t.a <= 19718))
   Index Searches: 1
   Buffers: shared hit=4026
 Settings: enable_bitmapscan = 'off', enable_seqscan = 'off', max_parallel_workers_per_gather = '0'
 Planning:
   Buffers: shared hit=113
 Planning Time: 0.197 ms
 Execution Time: 1.036 ms
(10 rows)

