SET
SET
SET
SET
SET
                                                                 QUERY PLAN                                                                  
---------------------------------------------------------------------------------------------------------------------------------------------
 Index Scan Backward using idx on public.t (actual rows=2048.00 loops=1)
   Output: a, b
   Index Cond: ((t.a >= 31287) AND (t.a <= 32310))
   Index Searches: 1
   Prefetch: distance=256.855 count=2069 stalls=6 skipped=37 resets=0 ungets=235 forwarded=0
             histogram [2,4) => 14, [4,8) => 6, [8,16) => 9, [16,32) => 12, [32,64) => 8, [64,128) => 2, [128,256) => 391, [256,512) => 1627
   Buffers: shared hit=1606 read=410
 Settings: enable_bitmapscan = 'off', enable_seqscan = 'off', max_parallel_workers_per_gather = '0'
 Planning:
   Buffers: shared hit=81 read=27
 Planning Time: 2.085 ms
 Execution Time: 13.434 ms
(12 rows)

SET
SET
SET
SET
SET
                                             QUERY PLAN                                             
----------------------------------------------------------------------------------------------------
 Index Scan Backward using idx on public.t (actual rows=2048.00 loops=1)
   Output: a, b
   Index Cond: ((t.a >= 31287) AND (t.a <= 32310))
   Index Searches: 1
   Buffers: shared hit=2016
 Settings: enable_bitmapscan = 'off', enable_seqscan = 'off', max_parallel_workers_per_gather = '0'
 Planning:
   Buffers: shared hit=113
 Planning Time: 0.204 ms
 Execution Time: 0.732 ms
(10 rows)

