SET
SET
SET
SET
SET
                                                                 QUERY PLAN                                                                 
--------------------------------------------------------------------------------------------------------------------------------------------
 Index Scan Backward using idx on public.t (actual rows=512.00 loops=1)
   Output: a, b
   Index Cond: ((t.a >= 2828) AND (t.a <= 3083))
   Index Searches: 1
   Prefetch: distance=187.753 count=279 stalls=15 skipped=6 resets=0 ungets=37 forwarded=0
             histogram [2,4) => 8, [4,8) => 9, [8,16) => 18, [16,32) => 15, [32,64) => 24, [64,128) => 21, [128,256) => 4, [256,512) => 180
   Buffers: shared hit=293 read=217
 Settings: enable_bitmapscan = 'off', enable_seqscan = 'off', max_parallel_workers_per_gather = '0'
 Planning:
   Buffers: shared hit=81 read=27
 Planning Time: 1.004 ms
 Execution Time: 8.030 ms
(12 rows)

SET
SET
SET
SET
SET
                                             QUERY PLAN                                             
----------------------------------------------------------------------------------------------------
 Index Scan Backward using idx on public.t (actual rows=512.00 loops=1)
   Output: a, b
   Index Cond: ((t.a >= 2828) AND (t.a <= 3083))
   Index Searches: 1
   Buffers: shared hit=510
 Settings: enable_bitmapscan = 'off', enable_seqscan = 'off', max_parallel_workers_per_gather = '0'
 Planning:
   Buffers: shared hit=113
 Planning Time: 0.195 ms
 Execution Time: 0.327 ms
(10 rows)

