SET
SET
SET
SET
SET
                                                                    QUERY PLAN                                                                    
--------------------------------------------------------------------------------------------------------------------------------------------------
 Index Scan using idx on public.t (actual rows=9048576.00 loops=1)
   Output: a, b
   Index Cond: ((t.a >= '-2263701'::integer) AND (t.a <= '-1558'::integer))
   Index Searches: 1
   Prefetch: distance=264.249 count=9819454 stalls=1 skipped=133356 resets=0 ungets=904258 forwarded=22553
             histogram [2,4) => 4, [4,8) => 7, [8,16) => 8, [16,32) => 8, [32,64) => 2, [64,128) => 3, [128,256) => 1363152, [256,512) => 8456270
   Buffers: shared hit=8483515 read=444521
 Settings: enable_bitmapscan = 'off', enable_seqscan = 'off', max_parallel_workers_per_gather = '0'
 Planning:
   Buffers: shared hit=77 read=28
 Planning Time: 2.036 ms
 Execution Time: 9514.180 ms
(12 rows)

SET
SET
SET
SET
SET
                                             QUERY PLAN                                             
----------------------------------------------------------------------------------------------------
 Index Scan using idx on public.t (actual rows=9048576.00 loops=1)
   Output: a, b
   Index Cond: ((t.a >= '-2263701'::integer) AND (t.a <= '-1558'::integer))
   Index Searches: 1
   Buffers: shared hit=8928772
 Settings: enable_bitmapscan = 'off', enable_seqscan = 'off', max_parallel_workers_per_gather = '0'
 Planning:
   Buffers: shared hit=110
 Planning Time: 0.350 ms
 Execution Time: 1461.929 ms
(10 rows)

