SET
SET
SET
SET
SET
                                                                  QUERY PLAN                                                                   
-----------------------------------------------------------------------------------------------------------------------------------------------
 Index Scan Backward using idx on public.t (actual rows=1024.00 loops=1)
   Output: a, b
   Index Cond: ((t.a >= 10060) AND (t.a <= 10571))
   Index Searches: 1
   Prefetch: distance=228.099 count=678 stalls=12 skipped=15 resets=0 ungets=82 forwarded=0
             histogram [2,4) => 26, [4,8) => 15, [8,16) => 19, [16,32) => 13, [32,64) => 23, [64,128) => 12, [128,256) => 33, [256,512) => 537
   Buffers: shared hit=654 read=349
 Settings: enable_bitmapscan = 'off', enable_seqscan = 'off', max_parallel_workers_per_gather = '0'
 Planning:
   Buffers: shared hit=81 read=27
 Planning Time: 1.791 ms
 Execution Time: 15.553 ms
(12 rows)

SET
SET
SET
SET
SET
                                             QUERY PLAN                                             
----------------------------------------------------------------------------------------------------
 Index Scan Backward using idx on public.t (actual rows=1024.00 loops=1)
   Output: a, b
   Index Cond: ((t.a >= 10060) AND (t.a <= 10571))
   Index Searches: 1
   Buffers: shared hit=1003
 Settings: enable_bitmapscan = 'off', enable_seqscan = 'off', max_parallel_workers_per_gather = '0'
 Planning:
   Buffers: shared hit=113
 Planning Time: 0.153 ms
 Execution Time: 0.246 ms
(10 rows)

