SET
SET
SET
SET
SET
                                                                    QUERY PLAN                                                                    
--------------------------------------------------------------------------------------------------------------------------------------------------
 Index Scan Backward using idx on public.t (actual rows=4096.00 loops=1)
   Output: a, b
   Index Cond: ((t.a >= 6241) AND (t.a <= 8288))
   Index Searches: 1
   Prefetch: distance=224.361 count=3362 stalls=434 skipped=82 resets=0 ungets=107 forwarded=1
             histogram [2,4) => 10, [4,8) => 8, [8,16) => 17, [16,32) => 28, [32,64) => 65, [64,128) => 254, [128,256) => 1373, [256,512) => 1607
   Buffers: shared hit=3656 read=371
 Settings: enable_bitmapscan = 'off', enable_seqscan = 'off', max_parallel_workers_per_gather = '0'
 Planning:
   Buffers: shared hit=81 read=27
 Planning Time: 2.059 ms
 Execution Time: 15.676 ms
(12 rows)

SET
SET
SET
SET
SET
                                             QUERY PLAN                                             
----------------------------------------------------------------------------------------------------
 Index Scan Backward using idx on public.t (actual rows=4096.00 loops=1)
   Output: a, b
   Index Cond: ((t.a >= 6241) AND (t.a <= 8288))
   Index Searches: 1
   Buffers: shared hit=4027
 Settings: enable_bitmapscan = 'off', enable_seqscan = 'off', max_parallel_workers_per_gather = '0'
 Planning:
   Buffers: shared hit=113
 Planning Time: 0.131 ms
 Execution Time: 0.504 ms
(10 rows)

