SET
SET
SET
SET
SET
                                                                    QUERY PLAN                                                                     
---------------------------------------------------------------------------------------------------------------------------------------------------
 Index Scan Backward using idx on public.t (actual rows=8192.00 loops=1)
   Output: a, b
   Index Cond: ((t.a >= 10306) AND (t.a <= 14401))
   Index Searches: 1
   Prefetch: distance=216.935 count=2544 stalls=5309 skipped=163 resets=0 ungets=139 forwarded=1
             histogram [2,4) => 138, [4,8) => 27, [8,16) => 17, [16,32) => 46, [32,64) => 149, [64,128) => 69, [128,256) => 650, [256,512) => 1448
   Buffers: shared hit=7573 read=473
 Settings: enable_bitmapscan = 'off', enable_seqscan = 'off', max_parallel_workers_per_gather = '0'
 Planning:
   Buffers: shared hit=81 read=27
 Planning Time: 2.094 ms
 Execution Time: 17.672 ms
(12 rows)

SET
SET
SET
SET
SET
                                             QUERY PLAN                                             
----------------------------------------------------------------------------------------------------
 Index Scan Backward using idx on public.t (actual rows=8192.00 loops=1)
   Output: a, b
   Index Cond: ((t.a >= 10306) AND (t.a <= 14401))
   Index Searches: 1
   Buffers: shared hit=8046
 Settings: enable_bitmapscan = 'off', enable_seqscan = 'off', max_parallel_workers_per_gather = '0'
 Planning:
   Buffers: shared hit=113
 Planning Time: 0.166 ms
 Execution Time: 0.893 ms
(10 rows)

