SET
SET
SET
SET
SET
                                                                  QUERY PLAN                                                                  
----------------------------------------------------------------------------------------------------------------------------------------------
 Index Scan Backward using idx on public.t (actual rows=1024.00 loops=1)
   Output: a, b
   Index Cond: ((t.a >= 830) AND (t.a <= 1341))
   Index Searches: 1
   Prefetch: distance=241.926 count=909 stalls=3 skipped=20 resets=0 ungets=93 forwarded=0
             histogram [2,4) => 4, [4,8) => 10, [8,16) => 18, [16,32) => 23, [32,64) => 30, [64,128) => 2, [128,256) => 108, [256,512) => 714
   Buffers: shared hit=789 read=218
 Settings: enable_bitmapscan = 'off', enable_seqscan = 'off', max_parallel_workers_per_gather = '0'
 Planning:
   Buffers: shared hit=81 read=27
 Planning Time: 2.085 ms
 Execution Time: 7.816 ms
(12 rows)

SET
SET
SET
SET
SET
                                             QUERY PLAN                                             
----------------------------------------------------------------------------------------------------
 Index Scan Backward using idx on public.t (actual rows=1024.00 loops=1)
   Output: a, b
   Index Cond: ((t.a >= 830) AND (t.a <= 1341))
   Index Searches: 1
   Buffers: shared hit=1007
 Settings: enable_bitmapscan = 'off', enable_seqscan = 'off', max_parallel_workers_per_gather = '0'
 Planning:
   Buffers: shared hit=113
 Planning Time: 0.220 ms
 Execution Time: 0.416 ms
(10 rows)

