SET
SET
SET
SET
SET
                                                               QUERY PLAN                                                                
-----------------------------------------------------------------------------------------------------------------------------------------
 Index Scan Backward using idx on public.t (actual rows=256.00 loops=1)
   Output: a, b
   Index Cond: ((t.a >= 28845) AND (t.a <= 28972))
   Index Searches: 1
   Prefetch: distance=124.025 count=79 stalls=4 skipped=3 resets=0 ungets=13 forwarded=0
             histogram [2,4) => 8, [4,8) => 7, [8,16) => 5, [16,32) => 14, [32,64) => 10, [64,128) => 2, [128,256) => 2, [256,512) => 31
   Buffers: shared hit=76 read=178
 Settings: enable_bitmapscan = 'off', enable_seqscan = 'off', max_parallel_workers_per_gather = '0'
 Planning:
   Buffers: shared hit=81 read=27
 Planning Time: 1.017 ms
 Execution Time: 9.212 ms
(12 rows)

SET
SET
SET
SET
SET
                                             QUERY PLAN                                             
----------------------------------------------------------------------------------------------------
 Index Scan Backward using idx on public.t (actual rows=256.00 loops=1)
   Output: a, b
   Index Cond: ((t.a >= 28845) AND (t.a <= 28972))
   Index Searches: 1
   Buffers: shared hit=254
 Settings: enable_bitmapscan = 'off', enable_seqscan = 'off', max_parallel_workers_per_gather = '0'
 Planning:
   Buffers: shared hit=113
 Planning Time: 0.190 ms
 Execution Time: 0.216 ms
(10 rows)

