SET
SET
SET
SET
SET
                                                                QUERY PLAN                                                                 
-------------------------------------------------------------------------------------------------------------------------------------------
 Index Scan using idx on public.t (actual rows=1024.00 loops=1)
   Output: a, b
   Index Cond: ((t.a >= 15007) AND (t.a <= 15518))
   Index Searches: 1
   Prefetch: distance=247.749 count=746 stalls=11 skipped=14 resets=0 ungets=112 forwarded=0
             histogram [2,4) => 9, [4,8) => 6, [8,16) => 8, [16,32) => 19, [32,64) => 16, [64,128) => 4, [128,256) => 19, [256,512) => 665
   Buffers: shared hit=644 read=364
 Settings: enable_bitmapscan = 'off', enable_seqscan = 'off', max_parallel_workers_per_gather = '0'
 Planning:
   Buffers: shared hit=85 read=27
 Planning Time: 2.141 ms
 Execution Time: 14.802 ms
(12 rows)

SET
SET
SET
SET
SET
                                             QUERY PLAN                                             
----------------------------------------------------------------------------------------------------
 Index Scan using idx on public.t (actual rows=1024.00 loops=1)
   Output: a, b
   Index Cond: ((t.a >= 15007) AND (t.a <= 15518))
   Index Searches: 1
   Buffers: shared hit=1008
 Settings: enable_bitmapscan = 'off', enable_seqscan = 'off', max_parallel_workers_per_gather = '0'
 Planning:
   Buffers: shared hit=117
 Planning Time: 0.205 ms
 Execution Time: 0.489 ms
(10 rows)

