SET
SET
SET
SET
SET
                                                                      QUERY PLAN                                                                      
------------------------------------------------------------------------------------------------------------------------------------------------------
 Index Scan using idx on public.t (actual rows=131072.00 loops=1)
   Output: a, b
   Index Cond: ((t.a >= 23702) AND (t.a <= 89237))
   Index Searches: 1
   Prefetch: distance=177.459 count=13450 stalls=115198 skipped=2759 resets=0 ungets=354 forwarded=17
             histogram [2,4) => 2838, [4,8) => 294, [8,16) => 18, [16,32) => 24, [32,64) => 34, [64,128) => 294, [128,256) => 6110, [256,512) => 3838
   Buffers: shared hit=126395 read=2247
 Settings: enable_bitmapscan = 'off', enable_seqscan = 'off', max_parallel_workers_per_gather = '0'
 Planning:
   Buffers: shared hit=81 read=27
 Planning Time: 2.051 ms
 Execution Time: 99.441 ms
(12 rows)

SET
SET
SET
SET
SET
                                             QUERY PLAN                                             
----------------------------------------------------------------------------------------------------
 Index Scan using idx on public.t (actual rows=131072.00 loops=1)
   Output: a, b
   Index Cond: ((t.a >= 23702) AND (t.a <= 89237))
   Index Searches: 1
   Buffers: shared hit=128642
 Settings: enable_bitmapscan = 'off', enable_seqscan = 'off', max_parallel_workers_per_gather = '0'
 Planning:
   Buffers: shared hit=113
 Planning Time: 0.177 ms
 Execution Time: 12.904 ms
(10 rows)

