SET
SET
SET
SET
SET
                                                                    QUERY PLAN                                                                     
---------------------------------------------------------------------------------------------------------------------------------------------------
 Index Scan using idx on public.t (actual rows=8192.00 loops=1)
   Output: a, b
   Index Cond: ((t.a >= 18129) AND (t.a <= 22224))
   Index Searches: 1
   Prefetch: distance=225.502 count=6433 stalls=1359 skipped=152 resets=0 ungets=131 forwarded=7
             histogram [2,4) => 41, [4,8) => 17, [8,16) => 26, [16,32) => 41, [32,64) => 64, [64,128) => 252, [128,256) => 3360, [256,512) => 2632
   Buffers: shared hit=7555 read=500
 Settings: enable_bitmapscan = 'off', enable_seqscan = 'off', max_parallel_workers_per_gather = '0'
 Planning:
   Buffers: shared hit=85 read=27
 Planning Time: 2.080 ms
 Execution Time: 21.342 ms
(12 rows)

SET
SET
SET
SET
SET
                                             QUERY PLAN                                             
----------------------------------------------------------------------------------------------------
 Index Scan using idx on public.t (actual rows=8192.00 loops=1)
   Output: a, b
   Index Cond: ((t.a >= 18129) AND (t.a <= 22224))
   Index Searches: 1
   Buffers: shared hit=8055
 Settings: enable_bitmapscan = 'off', enable_seqscan = 'off', max_parallel_workers_per_gather = '0'
 Planning:
   Buffers: shared hit=117
 Planning Time: 0.215 ms
 Execution Time: 1.740 ms
(10 rows)

