SET
SET
SET
SET
SET
                                                                       QUERY PLAN                                                                       
--------------------------------------------------------------------------------------------------------------------------------------------------------
 Index Scan using idx on public.t (actual rows=4048576.00 loops=1)
   Output: a, b
   Index Cond: ((t.a >= 10822) AND (t.a <= 2035109))
   Index Searches: 1
   Prefetch: distance=20.850 count=112120 stalls=3849355 skipped=87025 resets=0 ungets=177 forwarded=22
             histogram [2,4) => 94001, [4,8) => 8857, [8,16) => 70, [16,32) => 44, [32,64) => 40, [64,128) => 259, [128,256) => 5597, [256,512) => 3252
   Buffers: shared hit=3913557 read=57971
 Settings: enable_bitmapscan = 'off', enable_seqscan = 'off', max_parallel_workers_per_gather = '0'
 Planning:
   Buffers: shared hit=81 read=27
 Planning Time: 2.059 ms
 Execution Time: 3113.614 ms
(12 rows)

SET
SET
SET
SET
SET
                                             QUERY PLAN                                             
----------------------------------------------------------------------------------------------------
 Index Scan using idx on public.t (actual rows=4048576.00 loops=1)
   Output: a, b
   Index Cond: ((t.a >= 10822) AND (t.a <= 2035109))
   Index Searches: 1
   Buffers: shared hit=3971528
 Settings: enable_bitmapscan = 'off', enable_seqscan = 'off', max_parallel_workers_per_gather = '0'
 Planning:
   Buffers: shared hit=113
 Planning Time: 0.246 ms
 Execution Time: 573.339 ms
(10 rows)

