SET
SET
SET
SET
SET
                                                                 QUERY PLAN                                                                 
--------------------------------------------------------------------------------------------------------------------------------------------
 Index Scan using idx on public.t (actual rows=4096.00 loops=1)
   Output: a, b
   Index Cond: ((t.a >= 21256) AND (t.a <= 23303))
   Index Searches: 1
   Prefetch: distance=248.500 count=4198 stalls=1 skipped=90 resets=0 ungets=294 forwarded=8
             histogram [2,4) => 2, [4,8) => 4, [8,16) => 8, [16,32) => 9, [32,64) => 7, [64,128) => 2, [128,256) => 1837, [256,512) => 2329
   Buffers: shared hit=3575 read=443
 Settings: enable_bitmapscan = 'off', enable_seqscan = 'off', max_parallel_workers_per_gather = '0'
 Planning:
   Buffers: shared hit=85 read=27
 Planning Time: 2.064 ms
 Execution Time: 10.570 ms
(12 rows)

SET
SET
SET
SET
SET
                                             QUERY PLAN                                             
----------------------------------------------------------------------------------------------------
 Index Scan using idx on public.t (actual rows=4096.00 loops=1)
   Output: a, b
   Index Cond: ((t.a >= 21256) AND (t.a <= 23303))
   Index Searches: 1
   Buffers: shared hit=4018
 Settings: enable_bitmapscan = 'off', enable_seqscan = 'off', max_parallel_workers_per_gather = '0'
 Planning:
   Buffers: shared hit=117
 Planning Time: 0.212 ms
 Execution Time: 1.047 ms
(10 rows)

