SET
SET
SET
SET
SET
                                                               QUERY PLAN                                                               
----------------------------------------------------------------------------------------------------------------------------------------
 Index Scan using idx on public.t (actual rows=512.00 loops=1)
   Output: a, b
   Index Cond: ((t.a >= 7216) AND (t.a <= 7471))
   Index Searches: 1
   Prefetch: distance=254.833 count=538 stalls=1 skipped=8 resets=0 ungets=140 forwarded=5
             histogram [2,4) => 4, [4,8) => 5, [8,16) => 5, [16,32) => 9, [32,64) => 7, [64,128) => 2, [128,256) => 3, [256,512) => 503
   Buffers: shared hit=252 read=255
 Settings: enable_bitmapscan = 'off', enable_seqscan = 'off', max_parallel_workers_per_gather = '0'
 Planning:
   Buffers: shared hit=85 read=27
 Planning Time: 1.600 ms
 Execution Time: 7.963 ms
(12 rows)

SET
SET
SET
SET
SET
                                             QUERY PLAN                                             
----------------------------------------------------------------------------------------------------
 Index Scan using idx on public.t (actual rows=512.00 loops=1)
   Output: a, b
   Index Cond: ((t.a >= 7216) AND (t.a <= 7471))
   Index Searches: 1
   Buffers: shared hit=507
 Settings: enable_bitmapscan = 'off', enable_seqscan = 'off', max_parallel_workers_per_gather = '0'
 Planning:
   Buffers: shared hit=117
 Planning Time: 0.155 ms
 Execution Time: 0.177 ms
(10 rows)

