SET
SET
SET
SET
SET
                                                                 QUERY PLAN                                                                  
---------------------------------------------------------------------------------------------------------------------------------------------
 Index Scan using idx on public.t (actual rows=1024.00 loops=1)
   Output: a, b
   Index Cond: ((t.a >= 32472) AND (t.a <= 32983))
   Index Searches: 1
   Prefetch: distance=239.588 count=740 stalls=5 skipped=12 resets=0 ungets=112 forwarded=7
             histogram [2,4) => 6, [4,8) => 16, [8,16) => 14, [16,32) => 19, [32,64) => 25, [64,128) => 6, [128,256) => 24, [256,512) => 630
   Buffers: shared hit=639 read=370
 Settings: enable_bitmapscan = 'off', enable_seqscan = 'off', max_parallel_workers_per_gather = '0'
 Planning:
   Buffers: shared hit=85 read=27
 Planning Time: 2.054 ms
 Execution Time: 10.825 ms
(12 rows)

SET
SET
SET
SET
SET
                                             QUERY PLAN                                             
----------------------------------------------------------------------------------------------------
 Index Scan using idx on public.t (actual rows=1024.00 loops=1)
   Output: a, b
   Index Cond: ((t.a >= 32472) AND (t.a <= 32983))
   Index Searches: 1
   Buffers: shared hit=1009
 Settings: enable_bitmapscan = 'off', enable_seqscan = 'off', max_parallel_workers_per_gather = '0'
 Planning:
   Buffers: shared hit=117
 Planning Time: 0.191 ms
 Execution Time: 0.479 ms
(10 rows)

