SET
SET
SET
SET
SET
                                                                     QUERY PLAN                                                                     
----------------------------------------------------------------------------------------------------------------------------------------------------
 Index Scan using idx on public.t (actual rows=8192.00 loops=1)
   Output: a, b
   Index Cond: ((t.a >= 29065) AND (t.a <= 33160))
   Index Searches: 1
   Prefetch: distance=227.039 count=3718 stalls=4119 skipped=173 resets=0 ungets=145 forwarded=10
             histogram [2,4) => 120, [4,8) => 21, [8,16) => 22, [16,32) => 50, [32,64) => 53, [64,128) => 131, [128,256) => 1432, [256,512) => 1889
   Buffers: shared hit=7531 read=505
 Settings: enable_bitmapscan = 'off', enable_seqscan = 'off', max_parallel_workers_per_gather = '0'
 Planning:
   Buffers: shared hit=85 read=27
 Planning Time: 2.101 ms
 Execution Time: 20.902 ms
(12 rows)

SET
SET
SET
SET
SET
                                             QUERY PLAN                                             
----------------------------------------------------------------------------------------------------
 Index Scan using idx on public.t (actual rows=8192.00 loops=1)
   Output: a, b
   Index Cond: ((t.a >= 29065) AND (t.a <= 33160))
   Index Searches: 1
   Buffers: shared hit=8036
 Settings: enable_bitmapscan = 'off', enable_seqscan = 'off', max_parallel_workers_per_gather = '0'
 Planning:
   Buffers: shared hit=117
 Planning Time: 0.199 ms
 Execution Time: 1.883 ms
(10 rows)

