SET
SET
SET
SET
SET
                                                                       QUERY PLAN                                                                       
--------------------------------------------------------------------------------------------------------------------------------------------------------
 Index Scan using idx on public.t (actual rows=3048576.00 loops=1)
   Output: a, b
   Index Cond: ((t.a >= 5125) AND (t.a <= 1529412))
   Index Searches: 1
   Prefetch: distance=27.286 count=86605 stalls=2896229 skipped=65745 resets=0 ungets=208 forwarded=22
             histogram [2,4) => 70601, [4,8) => 6590, [8,16) => 62, [16,32) => 27, [32,64) => 54, [64,128) => 130, [128,256) => 5614, [256,512) => 3527
   Buffers: shared hit=2946665 read=43678
 Settings: enable_bitmapscan = 'off', enable_seqscan = 'off', max_parallel_workers_per_gather = '0'
 Planning:
   Buffers: shared hit=81 read=27
 Planning Time: 2.066 ms
 Execution Time: 2332.461 ms
(12 rows)

SET
SET
SET
SET
SET
                                             QUERY PLAN                                             
----------------------------------------------------------------------------------------------------
 Index Scan using idx on public.t (actual rows=3048576.00 loops=1)
   Output: a, b
   Index Cond: ((t.a >= 5125) AND (t.a <= 1529412))
   Index Searches: 1
   Buffers: shared hit=2990343
 Settings: enable_bitmapscan = 'off', enable_seqscan = 'off', max_parallel_workers_per_gather = '0'
 Planning:
   Buffers: shared hit=113
 Planning Time: 0.187 ms
 Execution Time: 431.567 ms
(10 rows)

