SET
SET
SET
SET
SET
                                                                    QUERY PLAN                                                                    
--------------------------------------------------------------------------------------------------------------------------------------------------
 Index Scan using idx on public.t (actual rows=8192.00 loops=1)
   Output: a, b
   Index Cond: ((t.a >= 11076) AND (t.a <= 15171))
   Index Searches: 1
   Prefetch: distance=238.124 count=3537 stalls=4720 skipped=163 resets=0 ungets=305 forwarded=7
             histogram [2,4) => 98, [4,8) => 14, [8,16) => 19, [16,32) => 28, [32,64) => 58, [64,128) => 66, [128,256) => 1055, [256,512) => 2199
   Buffers: shared hit=7572 read=480
 Settings: enable_bitmapscan = 'off', enable_seqscan = 'off', max_parallel_workers_per_gather = '0'
 Planning:
   Buffers: shared hit=85 read=27
 Planning Time: 2.076 ms
 Execution Time: 11.315 ms
(12 rows)

SET
SET
SET
SET
SET
                                             QUERY PLAN                                             
----------------------------------------------------------------------------------------------------
 Index Scan using idx on public.t (actual rows=8192.00 loops=1)
   Output: a, b
   Index Cond: ((t.a >= 11076) AND (t.a <= 15171))
   Index Searches: 1
   Buffers: shared hit=8052
 Settings: enable_bitmapscan = 'off', enable_seqscan = 'off', max_parallel_workers_per_gather = '0'
 Planning:
   Buffers: shared hit=117
 Planning Time: 0.208 ms
 Execution Time: 1.700 ms
(10 rows)

