SET
SET
SET
SET
SET
                                                                  QUERY PLAN                                                                   
-----------------------------------------------------------------------------------------------------------------------------------------------
 Index Scan using idx on public.t (actual rows=4096.00 loops=1)
   Output: a, b
   Index Cond: ((t.a >= 18309) AND (t.a <= 20356))
   Index Searches: 1
   Prefetch: distance=244.288 count=3899 stalls=5 skipped=76 resets=0 ungets=181 forwarded=11
             histogram [2,4) => 8, [4,8) => 5, [8,16) => 8, [16,32) => 13, [32,64) => 16, [64,128) => 25, [128,256) => 1663, [256,512) => 2161
   Buffers: shared hit=3587 read=445
 Settings: enable_bitmapscan = 'off', enable_seqscan = 'off', max_parallel_workers_per_gather = '0'
 Planning:
   Buffers: shared hit=85 read=27
 Planning Time: 2.110 ms
 Execution Time: 14.911 ms
(12 rows)

SET
SET
SET
SET
SET
                                             QUERY PLAN                                             
----------------------------------------------------------------------------------------------------
 Index Scan using idx on public.t (actual rows=4096.00 loops=1)
   Output: a, b
   Index Cond: ((t.a >= 18309) AND (t.a <= 20356))
   Index Searches: 1
   Buffers: shared hit=4032
 Settings: enable_bitmapscan = 'off', enable_seqscan = 'off', max_parallel_workers_per_gather = '0'
 Planning:
   Buffers: shared hit=117
 Planning Time: 0.178 ms
 Execution Time: 0.549 ms
(10 rows)

