SET
SET
SET
SET
SET
                                                                QUERY PLAN                                                                
------------------------------------------------------------------------------------------------------------------------------------------
 Index Scan using idx on public.t (actual rows=512.00 loops=1)
   Output: a, b
   Index Cond: ((t.a >= 8467) AND (t.a <= 8722))
   Index Searches: 1
   Prefetch: distance=246.842 count=438 stalls=1 skipped=11 resets=0 ungets=109 forwarded=5
             histogram [2,4) => 2, [4,8) => 7, [8,16) => 9, [16,32) => 10, [32,64) => 11, [64,128) => 2, [128,256) => 2, [256,512) => 395
   Buffers: shared hit=240 read=265
 Settings: enable_bitmapscan = 'off', enable_seqscan = 'off', max_parallel_workers_per_gather = '0'
 Planning:
   Buffers: shared hit=85 read=27
 Planning Time: 1.614 ms
 Execution Time: 9.990 ms
(12 rows)

SET
SET
SET
SET
SET
                                             QUERY PLAN                                             
----------------------------------------------------------------------------------------------------
 Index Scan using idx on public.t (actual rows=512.00 loops=1)
   Output: a, b
   Index Cond: ((t.a >= 8467) AND (t.a <= 8722))
   Index Searches: 1
   Buffers: shared hit=505
 Settings: enable_bitmapscan = 'off', enable_seqscan = 'off', max_parallel_workers_per_gather = '0'
 Planning:
   Buffers: shared hit=117
 Planning Time: 0.198 ms
 Execution Time: 0.342 ms
(10 rows)

