SET
SET
SET
SET
SET
                                                                QUERY PLAN                                                                
------------------------------------------------------------------------------------------------------------------------------------------
 Index Scan using idx on public.t (actual rows=512.00 loops=1)
   Output: a, b
   Index Cond: ((t.a >= 19129) AND (t.a <= 19384))
   Index Searches: 1
   Prefetch: distance=151.605 count=147 stalls=4 skipped=0 resets=0 ungets=22 forwarded=1
             histogram [2,4) => 4, [4,8) => 8, [8,16) => 16, [16,32) => 26, [32,64) => 12, [64,128) => 4, [128,256) => 2, [256,512) => 75
   Buffers: shared hit=225 read=285
 Settings: enable_bitmapscan = 'off', enable_seqscan = 'off', max_parallel_workers_per_gather = '0'
 Planning:
   Buffers: shared hit=85 read=27
 Planning Time: 1.310 ms
 Execution Time: 11.039 ms
(12 rows)

SET
SET
SET
SET
SET
                                             QUERY PLAN                                             
----------------------------------------------------------------------------------------------------
 Index Scan using idx on public.t (actual rows=512.00 loops=1)
   Output: a, b
   Index Cond: ((t.a >= 19129) AND (t.a <= 19384))
   Index Searches: 1
   Buffers: shared hit=510
 Settings: enable_bitmapscan = 'off', enable_seqscan = 'off', max_parallel_workers_per_gather = '0'
 Planning:
   Buffers: shared hit=117
 Planning Time: 0.210 ms
 Execution Time: 0.392 ms
(10 rows)

