SET
SET
SET
SET
SET
                                                                       QUERY PLAN                                                                        
---------------------------------------------------------------------------------------------------------------------------------------------------------
 Index Scan using idx on public.t (actual rows=524288.00 loops=1)
   Output: a, b
   Index Cond: ((t.a >= 16071) AND (t.a <= 278214))
   Index Searches: 1
   Prefetch: distance=100.718 count=24143 stalls=488789 skipped=11107 resets=0 ungets=144 forwarded=13
             histogram [2,4) => 11942, [4,8) => 1138, [8,16) => 23, [16,32) => 43, [32,64) => 137, [64,128) => 696, [128,256) => 6939, [256,512) => 3225
   Buffers: shared hit=506627 read=7843
 Settings: enable_bitmapscan = 'off', enable_seqscan = 'off', max_parallel_workers_per_gather = '0'
 Planning:
   Buffers: shared hit=81 read=27
 Planning Time: 2.047 ms
 Execution Time: 400.195 ms
(12 rows)

SET
SET
SET
SET
SET
                                             QUERY PLAN                                             
----------------------------------------------------------------------------------------------------
 Index Scan using idx on public.t (actual rows=524288.00 loops=1)
   Output: a, b
   Index Cond: ((t.a >= 16071) AND (t.a <= 278214))
   Index Searches: 1
   Buffers: shared hit=514470
 Settings: enable_bitmapscan = 'off', enable_seqscan = 'off', max_parallel_workers_per_gather = '0'
 Planning:
   Buffers: shared hit=113
 Planning Time: 0.187 ms
 Execution Time: 74.162 ms
(10 rows)

