SET
SET
SET
SET
SET
                                                                    QUERY PLAN                                                                     
---------------------------------------------------------------------------------------------------------------------------------------------------
 Index Scan using idx on public.t (actual rows=8192.00 loops=1)
   Output: a, b
   Index Cond: ((t.a >= 29319) AND (t.a <= 33414))
   Index Searches: 1
   Prefetch: distance=234.262 count=4729 stalls=3629 skipped=171 resets=0 ungets=360 forwarded=11
             histogram [2,4) => 91, [4,8) => 19, [8,16) => 18, [16,32) => 31, [32,64) => 48, [64,128) => 152, [128,256) => 1748, [256,512) => 2622
   Buffers: shared hit=7549 read=497
 Settings: enable_bitmapscan = 'off', enable_seqscan = 'off', max_parallel_workers_per_gather = '0'
 Planning:
   Buffers: shared hit=85 read=27
 Planning Time: 2.101 ms
 Execution Time: 10.529 ms
(12 rows)

SET
SET
SET
SET
SET
                                             QUERY PLAN                                             
----------------------------------------------------------------------------------------------------
 Index Scan using idx on public.t (actual rows=8192.00 loops=1)
   Output: a, b
   Index Cond: ((t.a >= 29319) AND (t.a <= 33414))
   Index Searches: 1
   Buffers: shared hit=8047
 Settings: enable_bitmapscan = 'off', enable_seqscan = 'off', max_parallel_workers_per_gather = '0'
 Planning:
   Buffers: shared hit=117
 Planning Time: 0.167 ms
 Execution Time: 1.713 ms
(10 rows)

