SET
SET
SET
SET
SET
                                                                    QUERY PLAN                                                                    
--------------------------------------------------------------------------------------------------------------------------------------------------
 Index Scan using idx on public.t (actual rows=4096.00 loops=1)
   Output: a, b
   Index Cond: ((t.a >= 25623) AND (t.a <= 27670))
   Index Searches: 1
   Prefetch: distance=235.093 count=3888 stalls=8 skipped=71 resets=0 ungets=180 forwarded=12
             histogram [2,4) => 18, [4,8) => 11, [8,16) => 8, [16,32) => 19, [32,64) => 14, [64,128) => 150, [128,256) => 1678, [256,512) => 1990
   Buffers: shared hit=3589 read=445
 Settings: enable_bitmapscan = 'off', enable_seqscan = 'off', max_parallel_workers_per_gather = '0'
 Planning:
   Buffers: shared hit=85 read=27
 Planning Time: 2.077 ms
 Execution Time: 17.875 ms
(12 rows)

SET
SET
SET
SET
SET
                                             QUERY PLAN                                             
----------------------------------------------------------------------------------------------------
 Index Scan using idx on public.t (actual rows=4096.00 loops=1)
   Output: a, b
   Index Cond: ((t.a >= 25623) AND (t.a <= 27670))
   Index Searches: 1
   Buffers: shared hit=4034
 Settings: enable_bitmapscan = 'off', enable_seqscan = 'off', max_parallel_workers_per_gather = '0'
 Planning:
   Buffers: shared hit=117
 Planning Time: 0.207 ms
 Execution Time: 1.045 ms
(10 rows)

