SET
SET
SET
SET
SET
                                                                     QUERY PLAN                                                                      
-----------------------------------------------------------------------------------------------------------------------------------------------------
 Index Scan using idx on public.t (actual rows=65536.00 loops=1)
   Output: a, b
   Index Cond: ((t.a >= 4107) AND (t.a <= 36874))
   Index Searches: 1
   Prefetch: distance=209.622 count=12529 stalls=51884 skipped=1433 resets=0 ungets=351 forwarded=14
             histogram [2,4) => 1075, [4,8) => 92, [8,16) => 16, [16,32) => 34, [32,64) => 48, [64,128) => 276, [128,256) => 6844, [256,512) => 4144
   Buffers: shared hit=63049 read=1221
 Settings: enable_bitmapscan = 'off', enable_seqscan = 'off', max_parallel_workers_per_gather = '0'
 Planning:
   Buffers: shared hit=85 read=27
 Planning Time: 2.172 ms
 Execution Time: 47.675 ms
(12 rows)

SET
SET
SET
SET
SET
                                             QUERY PLAN                                             
----------------------------------------------------------------------------------------------------
 Index Scan using idx on public.t (actual rows=65536.00 loops=1)
   Output: a, b
   Index Cond: ((t.a >= 4107) AND (t.a <= 36874))
   Index Searches: 1
   Buffers: shared hit=64270
 Settings: enable_bitmapscan = 'off', enable_seqscan = 'off', max_parallel_workers_per_gather = '0'
 Planning:
   Buffers: shared hit=117
 Planning Time: 0.183 ms
 Execution Time: 6.491 ms
(10 rows)

