SET
SET
SET
SET
SET
                                                                 QUERY PLAN                                                                 
--------------------------------------------------------------------------------------------------------------------------------------------
 Index Scan using idx on public.t (actual rows=2048.00 loops=1)
   Output: a, b
   Index Cond: ((t.a >= 29301) AND (t.a <= 30324))
   Index Searches: 1
   Prefetch: distance=254.636 count=1829 stalls=3 skipped=37 resets=0 ungets=160 forwarded=5
             histogram [2,4) => 4, [4,8) => 4, [8,16) => 9, [16,32) => 9, [32,64) => 24, [64,128) => 4, [128,256) => 430, [256,512) => 1345
   Buffers: shared hit=1612 read=402
 Settings: enable_bitmapscan = 'off', enable_seqscan = 'off', max_parallel_workers_per_gather = '0'
 Planning:
   Buffers: shared hit=85 read=27
 Planning Time: 2.078 ms
 Execution Time: 10.949 ms
(12 rows)

SET
SET
SET
SET
SET
                                             QUERY PLAN                                             
----------------------------------------------------------------------------------------------------
 Index Scan using idx on public.t (actual rows=2048.00 loops=1)
   Output: a, b
   Index Cond: ((t.a >= 29301) AND (t.a <= 30324))
   Index Searches: 1
   Buffers: shared hit=2014
 Settings: enable_bitmapscan = 'off', enable_seqscan = 'off', max_parallel_workers_per_gather = '0'
 Planning:
   Buffers: shared hit=117
 Planning Time: 0.200 ms
 Execution Time: 0.681 ms
(10 rows)

