SET
SET
SET
SET
SET
                                                                QUERY PLAN                                                                 
-------------------------------------------------------------------------------------------------------------------------------------------
 Index Scan using idx on public.t (actual rows=512.00 loops=1)
   Output: a, b
   Index Cond: ((t.a >= 24359) AND (t.a <= 24614))
   Index Searches: 1
   Prefetch: distance=214.776 count=290 stalls=1 skipped=2 resets=0 ungets=68 forwarded=6
             histogram [2,4) => 6, [4,8) => 8, [8,16) => 14, [16,32) => 14, [32,64) => 18, [64,128) => 7, [128,256) => 2, [256,512) => 221
   Buffers: shared hit=212 read=296
 Settings: enable_bitmapscan = 'off', enable_seqscan = 'off', max_parallel_workers_per_gather = '0'
 Planning:
   Buffers: shared hit=85 read=27
 Planning Time: 2.065 ms
 Execution Time: 14.058 ms
(12 rows)

SET
SET
SET
SET
SET
                                             QUERY PLAN                                             
----------------------------------------------------------------------------------------------------
 Index Scan using idx on public.t (actual rows=512.00 loops=1)
   Output: a, b
   Index Cond: ((t.a >= 24359) AND (t.a <= 24614))
   Index Searches: 1
   Buffers: shared hit=508
 Settings: enable_bitmapscan = 'off', enable_seqscan = 'off', max_parallel_workers_per_gather = '0'
 Planning:
   Buffers: shared hit=117
 Planning Time: 0.193 ms
 Execution Time: 0.362 ms
(10 rows)

