SET
SET
SET
SET
SET
                                                                     QUERY PLAN                                                                     
----------------------------------------------------------------------------------------------------------------------------------------------------
 Index Scan using idx on public.t (actual rows=16384.00 loops=1)
   Output: a, b
   Index Cond: ((t.a >= 10440) AND (t.a <= 18631))
   Index Searches: 1
   Prefetch: distance=228.879 count=10302 stalls=5939 skipped=350 resets=0 ungets=302 forwarded=10
             histogram [2,4) => 120, [4,8) => 11, [8,16) => 16, [16,32) => 31, [32,64) => 59, [64,128) => 144, [128,256) => 6122, [256,512) => 3799
   Buffers: shared hit=15479 read=600
 Settings: enable_bitmapscan = 'off', enable_seqscan = 'off', max_parallel_workers_per_gather = '0'
 Planning:
   Buffers: shared hit=85 read=27
 Planning Time: 2.084 ms
 Execution Time: 16.060 ms
(12 rows)

SET
SET
SET
SET
SET
                                             QUERY PLAN                                             
----------------------------------------------------------------------------------------------------
 Index Scan using idx on public.t (actual rows=16384.00 loops=1)
   Output: a, b
   Index Cond: ((t.a >= 10440) AND (t.a <= 18631))
   Index Searches: 1
   Buffers: shared hit=16079
 Settings: enable_bitmapscan = 'off', enable_seqscan = 'off', max_parallel_workers_per_gather = '0'
 Planning:
   Buffers: shared hit=117
 Planning Time: 0.154 ms
 Execution Time: 1.614 ms
(10 rows)

