SET
SET
SET
SET
SET
                                                                   QUERY PLAN                                                                    
-------------------------------------------------------------------------------------------------------------------------------------------------
 Index Scan using idx on public.t (actual rows=4096.00 loops=1)
   Output: a, b
   Index Cond: ((t.a >= 11278) AND (t.a <= 13325))
   Index Searches: 1
   Prefetch: distance=221.433 count=4123 stalls=195 skipped=82 resets=0 ungets=343 forwarded=12
             histogram [2,4) => 8, [4,8) => 9, [8,16) => 18, [16,32) => 21, [32,64) => 56, [64,128) => 367, [128,256) => 1520, [256,512) => 2124
   Buffers: shared hit=3601 read=429
 Settings: enable_bitmapscan = 'off', enable_seqscan = 'off', max_parallel_workers_per_gather = '0'
 Planning:
   Buffers: shared hit=85 read=27
 Planning Time: 2.220 ms
 Execution Time: 6.586 ms
(12 rows)

SET
SET
SET
SET
SET
                                             QUERY PLAN                                             
----------------------------------------------------------------------------------------------------
 Index Scan using idx on public.t (actual rows=4096.00 loops=1)
   Output: a, b
   Index Cond: ((t.a >= 11278) AND (t.a <= 13325))
   Index Searches: 1
   Buffers: shared hit=4030
 Settings: enable_bitmapscan = 'off', enable_seqscan = 'off', max_parallel_workers_per_gather = '0'
 Planning:
   Buffers: shared hit=117
 Planning Time: 0.163 ms
 Execution Time: 0.572 ms
(10 rows)

