SET
SET
SET
SET
SET
                                                                QUERY PLAN                                                                
------------------------------------------------------------------------------------------------------------------------------------------
 Index Scan using idx on public.t (actual rows=128.00 loops=1)
   Output: a, b
   Index Cond: ((t.a >= '-29417'::integer) AND (t.a <= '-29386'::integer))
   Index Searches: 1
   Prefetch: distance=52.338 count=71 stalls=1 skipped=1 resets=0 ungets=4 forwarded=0
             histogram [2,4) => 9, [4,8) => 10, [8,16) => 11, [16,32) => 13, [32,64) => 17, [64,128) => 2, [128,256) => 3, [256,512) => 6
   Buffers: shared hit=57 read=75
 Settings: enable_bitmapscan = 'off', enable_seqscan = 'off', max_parallel_workers_per_gather = '0'
 Planning:
   Buffers: shared hit=81 read=28
 Planning Time: 1.009 ms
 Execution Time: 4.253 ms
(12 rows)

SET
SET
SET
SET
SET
                                             QUERY PLAN                                             
----------------------------------------------------------------------------------------------------
 Index Scan using idx on public.t (actual rows=128.00 loops=1)
   Output: a, b
   Index Cond: ((t.a >= '-29417'::integer) AND (t.a <= '-29386'::integer))
   Index Searches: 1
   Buffers: shared hit=132
 Settings: enable_bitmapscan = 'off', enable_seqscan = 'off', max_parallel_workers_per_gather = '0'
 Planning:
   Buffers: shared hit=114
 Planning Time: 0.200 ms
 Execution Time: 0.126 ms
(10 rows)

