SET
SET
SET
SET
SET
                                             QUERY PLAN                                             
----------------------------------------------------------------------------------------------------
 Index Scan using idx on public.t (actual rows=1024.00 loops=1)
   Output: a, b
   Index Cond: ((t.a >= '-4394'::integer) AND (t.a <= '-4139'::integer))
   Index Searches: 1
   Prefetch: distance=2.107 count=112 stalls=733 skipped=12 resets=0 ungets=0 forwarded=0
             histogram [2,4) => 108, [4,8) => 4
   Buffers: shared hit=878 read=141
 Settings: enable_bitmapscan = 'off', enable_seqscan = 'off', max_parallel_workers_per_gather = '0'
 Planning:
   Buffers: shared hit=81 read=28
 Planning Time: 2.139 ms
 Execution Time: 9.144 ms
(12 rows)

SET
SET
SET
SET
SET
                                             QUERY PLAN                                             
----------------------------------------------------------------------------------------------------
 Index Scan using idx on public.t (actual rows=1024.00 loops=1)
   Output: a, b
   Index Cond: ((t.a >= '-4394'::integer) AND (t.a <= '-4139'::integer))
   Index Searches: 1
   Buffers: shared hit=1019
 Settings: enable_bitmapscan = 'off', enable_seqscan = 'off', max_parallel_workers_per_gather = '0'
 Planning:
   Buffers: shared hit=114
 Planning Time: 0.136 ms
 Execution Time: 0.175 ms
(10 rows)

