SET
SET
SET
SET
SET
                                             QUERY PLAN                                             
----------------------------------------------------------------------------------------------------
 Index Scan using idx on public.t (actual rows=2048.00 loops=1)
   Output: a, b
   Index Cond: ((t.a >= '-3980'::integer) AND (t.a <= '-3469'::integer))
   Index Searches: 1
   Prefetch: distance=2.039 count=152 stalls=1362 skipped=19 resets=0 ungets=0 forwarded=0
             histogram [2,4) => 150, [4,8) => 2
   Buffers: shared hit=1843 read=191
 Settings: enable_bitmapscan = 'off', enable_seqscan = 'off', max_parallel_workers_per_gather = '0'
 Planning:
   Buffers: shared hit=81 read=28
 Planning Time: 1.953 ms
 Execution Time: 12.296 ms
(12 rows)

SET
SET
SET
SET
SET
                                             QUERY PLAN                                             
----------------------------------------------------------------------------------------------------
 Index Scan using idx on public.t (actual rows=2048.00 loops=1)
   Output: a, b
   Index Cond: ((t.a >= '-3980'::integer) AND (t.a <= '-3469'::integer))
   Index Searches: 1
   Buffers: shared hit=2034
 Settings: enable_bitmapscan = 'off', enable_seqscan = 'off', max_parallel_workers_per_gather = '0'
 Planning:
   Buffers: shared hit=114
 Planning Time: 0.212 ms
 Execution Time: 0.491 ms
(10 rows)

