SET
SET
SET
SET
SET
                                                                QUERY PLAN                                                                 
-------------------------------------------------------------------------------------------------------------------------------------------
 Index Scan using idx on public.t (actual rows=512.00 loops=1)
   Output: a, b
   Index Cond: ((t.a >= '-17712'::integer) AND (t.a <= '-17457'::integer))
   Index Searches: 1
   Prefetch: distance=216.713 count=272 stalls=7 skipped=6 resets=0 ungets=60 forwarded=1
             histogram [2,4) => 12, [4,8) => 9, [8,16) => 10, [16,32) => 15, [32,64) => 7, [64,128) => 7, [128,256) => 2, [256,512) => 210
   Buffers: shared hit=216 read=289
 Settings: enable_bitmapscan = 'off', enable_seqscan = 'off', max_parallel_workers_per_gather = '0'
 Planning:
   Buffers: shared hit=82 read=27
 Planning Time: 2.190 ms
 Execution Time: 12.081 ms
(12 rows)

SET
SET
SET
SET
SET
                                             QUERY PLAN                                             
----------------------------------------------------------------------------------------------------
 Index Scan using idx on public.t (actual rows=512.00 loops=1)
   Output: a, b
   Index Cond: ((t.a >= '-17712'::integer) AND (t.a <= '-17457'::integer))
   Index Searches: 1
   Buffers: shared hit=505
 Settings: enable_bitmapscan = 'off', enable_seqscan = 'off', max_parallel_workers_per_gather = '0'
 Planning:
   Buffers: shared hit=114
 Planning Time: 0.151 ms
 Execution Time: 0.187 ms
(10 rows)

