SET
SET
SET
SET
SET
                                             QUERY PLAN                                             
----------------------------------------------------------------------------------------------------
 Index Scan using idx on public.t (actual rows=8192.00 loops=1)
   Output: a, b
   Index Cond: ((t.a >= '-24543'::integer) AND (t.a <= '-22496'::integer))
   Index Searches: 1
   Prefetch: distance=2.086 count=746 stalls=6712 skipped=131 resets=0 ungets=0 forwarded=2
             histogram [2,4) => 724, [4,8) => 22
   Buffers: shared hit=7580 read=491
 Settings: enable_bitmapscan = 'off', enable_seqscan = 'off', max_parallel_workers_per_gather = '0'
 Planning:
   Buffers: shared hit=81 read=28
 Planning Time: 2.066 ms
 Execution Time: 29.501 ms
(12 rows)

SET
SET
SET
SET
SET
                                             QUERY PLAN                                             
----------------------------------------------------------------------------------------------------
 Index Scan using idx on public.t (actual rows=8192.00 loops=1)
   Output: a, b
   Index Cond: ((t.a >= '-24543'::integer) AND (t.a <= '-22496'::integer))
   Index Searches: 1
   Buffers: shared hit=8071
 Settings: enable_bitmapscan = 'off', enable_seqscan = 'off', max_parallel_workers_per_gather = '0'
 Planning:
   Buffers: shared hit=114
 Planning Time: 0.198 ms
 Execution Time: 1.529 ms
(10 rows)

