SET
SET
SET
SET
SET
                                                                       QUERY PLAN                                                                       
--------------------------------------------------------------------------------------------------------------------------------------------------------
 Index Scan using idx on public.t (actual rows=1048576.00 loops=1)
   Output: a, b
   Index Cond: ((t.a >= '-525607'::integer) AND (t.a <= '-1320'::integer))
   Index Searches: 1
   Prefetch: distance=64.928 count=36098 stalls=989869 skipped=22517 resets=0 ungets=173 forwarded=22
             histogram [2,4) => 23872, [4,8) => 2266, [8,16) => 47, [16,32) => 61, [32,64) => 93, [64,128) => 176, [128,256) => 6159, [256,512) => 3424
   Buffers: shared hit=1013501 read=15142
 Settings: enable_bitmapscan = 'off', enable_seqscan = 'off', max_parallel_workers_per_gather = '0'
 Planning:
   Buffers: shared hit=78 read=27
 Planning Time: 2.156 ms
 Execution Time: 892.689 ms
(12 rows)

SET
SET
SET
SET
SET
                                             QUERY PLAN                                             
----------------------------------------------------------------------------------------------------
 Index Scan using idx on public.t (actual rows=1048576.00 loops=1)
   Output: a, b
   Index Cond: ((t.a >= '-525607'::integer) AND (t.a <= '-1320'::integer))
   Index Searches: 1
   Buffers: shared hit=1028643
 Settings: enable_bitmapscan = 'off', enable_seqscan = 'off', max_parallel_workers_per_gather = '0'
 Planning:
   Buffers: shared hit=110
 Planning Time: 0.184 ms
 Execution Time: 149.141 ms
(10 rows)

