SET
SET
SET
SET
SET
                                                                  QUERY PLAN                                                                   
-----------------------------------------------------------------------------------------------------------------------------------------------
 Index Scan using idx on public.t (actual rows=262144.00 loops=1)
   Output: a, b
   Index Cond: ((t.a >= '-70991'::integer) AND (t.a <= '-5456'::integer))
   Index Searches: 1
   Prefetch: distance=264.225 count=284528 stalls=1 skipped=3864 resets=0 ungets=26272 forwarded=639
             histogram [2,4) => 2, [4,8) => 6, [8,16) => 8, [16,32) => 9, [32,64) => 2, [64,128) => 2, [128,256) => 39726, [256,512) => 244773
   Buffers: shared hit=245685 read=12968
 Settings: enable_bitmapscan = 'off', enable_seqscan = 'off', max_parallel_workers_per_gather = '0'
 Planning:
   Buffers: shared hit=77 read=28
 Planning Time: 2.058 ms
 Execution Time: 283.753 ms
(12 rows)

SET
SET
SET
SET
SET
                                             QUERY PLAN                                             
----------------------------------------------------------------------------------------------------
 Index Scan using idx on public.t (actual rows=262144.00 loops=1)
   Output: a, b
   Index Cond: ((t.a >= '-70991'::integer) AND (t.a <= '-5456'::integer))
   Index Searches: 1
   Buffers: shared hit=258678
 Settings: enable_bitmapscan = 'off', enable_seqscan = 'off', max_parallel_workers_per_gather = '0'
 Planning:
   Buffers: shared hit=110
 Planning Time: 0.188 ms
 Execution Time: 43.838 ms
(10 rows)

