SET
SET
SET
SET
SET
                                                                    QUERY PLAN                                                                     
---------------------------------------------------------------------------------------------------------------------------------------------------
 Index Scan using idx on public.t (actual rows=8192.00 loops=1)
   Output: a, b
   Index Cond: ((t.a >= '-27967'::integer) AND (t.a <= '-23872'::integer))
   Index Searches: 1
   Prefetch: distance=224.320 count=3171 stalls=5044 skipped=186 resets=0 ungets=300 forwarded=9
             histogram [2,4) => 120, [4,8) => 21, [8,16) => 26, [16,32) => 27, [32,64) => 52, [64,128) => 266, [128,256) => 709, [256,512) => 1950
   Buffers: shared hit=7531 read=500
 Settings: enable_bitmapscan = 'off', enable_seqscan = 'off', max_parallel_workers_per_gather = '0'
 Planning:
   Buffers: shared hit=82 read=27
 Planning Time: 2.171 ms
 Execution Time: 14.805 ms
(12 rows)

SET
SET
SET
SET
SET
                                             QUERY PLAN                                             
----------------------------------------------------------------------------------------------------
 Index Scan using idx on public.t (actual rows=8192.00 loops=1)
   Output: a, b
   Index Cond: ((t.a >= '-27967'::integer) AND (t.a <= '-23872'::integer))
   Index Searches: 1
   Buffers: shared hit=8031
 Settings: enable_bitmapscan = 'off', enable_seqscan = 'off', max_parallel_workers_per_gather = '0'
 Planning:
   Buffers: shared hit=114
 Planning Time: 0.197 ms
 Execution Time: 1.688 ms
(10 rows)

