SET
SET
SET
SET
SET
                                                                   QUERY PLAN                                                                   
------------------------------------------------------------------------------------------------------------------------------------------------
 Index Scan using idx on public.t (actual rows=4096.00 loops=1)
   Output: a, b
   Index Cond: ((t.a >= '-29490'::integer) AND (t.a <= '-27443'::integer))
   Index Searches: 1
   Prefetch: distance=242.606 count=3873 stalls=5 skipped=76 resets=0 ungets=153 forwarded=8
             histogram [2,4) => 8, [4,8) => 10, [8,16) => 14, [16,32) => 11, [32,64) => 11, [64,128) => 7, [128,256) => 1911, [256,512) => 1901
   Buffers: shared hit=3586 read=444
 Settings: enable_bitmapscan = 'off', enable_seqscan = 'off', max_parallel_workers_per_gather = '0'
 Planning:
   Buffers: shared hit=82 read=27
 Planning Time: 2.119 ms
 Execution Time: 18.424 ms
(12 rows)

SET
SET
SET
SET
SET
                                             QUERY PLAN                                             
----------------------------------------------------------------------------------------------------
 Index Scan using idx on public.t (actual rows=4096.00 loops=1)
   Output: a, b
   Index Cond: ((t.a >= '-29490'::integer) AND (t.a <= '-27443'::integer))
   Index Searches: 1
   Buffers: shared hit=4030
 Settings: enable_bitmapscan = 'off', enable_seqscan = 'off', max_parallel_workers_per_gather = '0'
 Planning:
   Buffers: shared hit=114
 Planning Time: 0.193 ms
 Execution Time: 1.046 ms
(10 rows)

