SET
SET
SET
SET
SET
                                                               QUERY PLAN                                                                
-----------------------------------------------------------------------------------------------------------------------------------------
 Index Scan using idx on public.t (actual rows=512.00 loops=1)
   Output: a, b
   Index Cond: ((t.a >= '-7898'::integer) AND (t.a <= '-7643'::integer))
   Index Searches: 1
   Prefetch: distance=248.952 count=483 stalls=1 skipped=9 resets=0 ungets=128 forwarded=5
             histogram [2,4) => 4, [4,8) => 5, [8,16) => 9, [16,32) => 16, [32,64) => 6, [64,128) => 2, [128,256) => 2, [256,512) => 439
   Buffers: shared hit=231 read=274
 Settings: enable_bitmapscan = 'off', enable_seqscan = 'off', max_parallel_workers_per_gather = '0'
 Planning:
   Buffers: shared hit=82 read=27
 Planning Time: 1.923 ms
 Execution Time: 10.248 ms
(12 rows)

SET
SET
SET
SET
SET
                                             QUERY PLAN                                             
----------------------------------------------------------------------------------------------------
 Index Scan using idx on public.t (actual rows=512.00 loops=1)
   Output: a, b
   Index Cond: ((t.a >= '-7898'::integer) AND (t.a <= '-7643'::integer))
   Index Searches: 1
   Buffers: shared hit=505
 Settings: enable_bitmapscan = 'off', enable_seqscan = 'off', max_parallel_workers_per_gather = '0'
 Planning:
   Buffers: shared hit=114
 Planning Time: 0.185 ms
 Execution Time: 0.324 ms
(10 rows)

