SET
SET
SET
SET
SET
                                                                 QUERY PLAN                                                                 
--------------------------------------------------------------------------------------------------------------------------------------------
 Index Scan using idx on public.t (actual rows=2048.00 loops=1)
   Output: a, b
   Index Cond: ((t.a >= '-30822'::integer) AND (t.a <= '-29799'::integer))
   Index Searches: 1
   Prefetch: distance=260.154 count=2155 stalls=1 skipped=37 resets=0 ungets=262 forwarded=6
             histogram [2,4) => 2, [4,8) => 5, [8,16) => 7, [16,32) => 11, [32,64) => 4, [64,128) => 2, [128,256) => 369, [256,512) => 1755
   Buffers: shared hit=1609 read=411
 Settings: enable_bitmapscan = 'off', enable_seqscan = 'off', max_parallel_workers_per_gather = '0'
 Planning:
   Buffers: shared hit=82 read=27
 Planning Time: 2.204 ms
 Execution Time: 10.875 ms
(12 rows)

SET
SET
SET
SET
SET
                                             QUERY PLAN                                             
----------------------------------------------------------------------------------------------------
 Index Scan using idx on public.t (actual rows=2048.00 loops=1)
   Output: a, b
   Index Cond: ((t.a >= '-30822'::integer) AND (t.a <= '-29799'::integer))
   Index Searches: 1
   Buffers: shared hit=2020
 Settings: enable_bitmapscan = 'off', enable_seqscan = 'off', max_parallel_workers_per_gather = '0'
 Planning:
   Buffers: shared hit=114
 Planning Time: 0.231 ms
 Execution Time: 0.731 ms
(10 rows)

