SET
SET
SET
SET
SET
                                                                        QUERY PLAN                                                                         
-----------------------------------------------------------------------------------------------------------------------------------------------------------
 Index Scan using idx on public.t (actual rows=6048576.00 loops=1)
   Output: a, b
   Index Cond: ((t.a >= '-3053160'::integer) AND (t.a <= '-28873'::integer))
   Index Searches: 1
   Prefetch: distance=16.422 count=164219 stalls=5754168 skipped=130100 resets=0 ungets=176 forwarded=36
             histogram [2,4) => 140642, [4,8) => 13088, [8,16) => 146, [16,32) => 64, [32,64) => 44, [64,128) => 339, [128,256) => 6519, [256,512) => 3377
   Buffers: shared hit=5846931 read=86442
 Settings: enable_bitmapscan = 'off', enable_seqscan = 'off', max_parallel_workers_per_gather = '0'
 Planning:
   Buffers: shared hit=78 read=27
 Planning Time: 2.146 ms
 Execution Time: 5069.802 ms
(12 rows)

SET
SET
SET
SET
SET
                                             QUERY PLAN                                             
----------------------------------------------------------------------------------------------------
 Index Scan using idx on public.t (actual rows=6048576.00 loops=1)
   Output: a, b
   Index Cond: ((t.a >= '-3053160'::integer) AND (t.a <= '-28873'::integer))
   Index Searches: 1
   Buffers: shared hit=5933373
 Settings: enable_bitmapscan = 'off', enable_seqscan = 'off', max_parallel_workers_per_gather = '0'
 Planning:
   Buffers: shared hit=110
 Planning Time: 0.231 ms
 Execution Time: 861.378 ms
(10 rows)

