SET
SET
SET
SET
SET
                                                                    QUERY PLAN                                                                     
---------------------------------------------------------------------------------------------------------------------------------------------------
 Index Scan using idx on public.t (actual rows=8192.00 loops=1)
   Output: a, b
   Index Cond: ((t.a >= '-27386'::integer) AND (t.a <= '-23291'::integer))
   Index Searches: 1
   Prefetch: distance=237.416 count=3601 stalls=4516 skipped=179 resets=0 ungets=251 forwarded=10
             histogram [2,4) => 106, [4,8) => 21, [8,16) => 14, [16,32) => 26, [32,64) => 38, [64,128) => 66, [128,256) => 1184, [256,512) => 2146
   Buffers: shared hit=7533 read=499
 Settings: enable_bitmapscan = 'off', enable_seqscan = 'off', max_parallel_workers_per_gather = '0'
 Planning:
   Buffers: shared hit=82 read=27
 Planning Time: 2.144 ms
 Execution Time: 16.285 ms
(12 rows)

SET
SET
SET
SET
SET
                                             QUERY PLAN                                             
----------------------------------------------------------------------------------------------------
 Index Scan using idx on public.t (actual rows=8192.00 loops=1)
   Output: a, b
   Index Cond: ((t.a >= '-27386'::integer) AND (t.a <= '-23291'::integer))
   Index Searches: 1
   Buffers: shared hit=8032
 Settings: enable_bitmapscan = 'off', enable_seqscan = 'off', max_parallel_workers_per_gather = '0'
 Planning:
   Buffers: shared hit=114
 Planning Time: 0.201 ms
 Execution Time: 1.673 ms
(10 rows)

