SET
SET
SET
SET
SET
                                                                   QUERY PLAN                                                                   
------------------------------------------------------------------------------------------------------------------------------------------------
 Index Scan using idx on public.t (actual rows=4096.00 loops=1)
   Output: a, b
   Index Cond: ((t.a >= '-23234'::integer) AND (t.a <= '-21187'::integer))
   Index Searches: 1
   Prefetch: distance=241.446 count=3777 stalls=4 skipped=83 resets=0 ungets=137 forwarded=6
             histogram [2,4) => 12, [4,8) => 6, [8,16) => 9, [16,32) => 16, [32,64) => 16, [64,128) => 11, [128,256) => 1866, [256,512) => 1841
   Buffers: shared hit=3580 read=444
 Settings: enable_bitmapscan = 'off', enable_seqscan = 'off', max_parallel_workers_per_gather = '0'
 Planning:
   Buffers: shared hit=82 read=27
 Planning Time: 2.122 ms
 Execution Time: 18.111 ms
(12 rows)

SET
SET
SET
SET
SET
                                             QUERY PLAN                                             
----------------------------------------------------------------------------------------------------
 Index Scan using idx on public.t (actual rows=4096.00 loops=1)
   Output: a, b
   Index Cond: ((t.a >= '-23234'::integer) AND (t.a <= '-21187'::integer))
   Index Searches: 1
   Buffers: shared hit=4024
 Settings: enable_bitmapscan = 'off', enable_seqscan = 'off', max_parallel_workers_per_gather = '0'
 Planning:
   Buffers: shared hit=114
 Planning Time: 0.126 ms
 Execution Time: 0.517 ms
(10 rows)

