SET
SET
SET
SET
SET
                                                               QUERY PLAN                                                               
----------------------------------------------------------------------------------------------------------------------------------------
 Index Scan using idx on public.t (actual rows=512.00 loops=1)
   Output: a, b
   Index Cond: ((t.a >= '-21120'::integer) AND (t.a <= '-20865'::integer))
   Index Searches: 1
   Prefetch: distance=246.626 count=406 stalls=4 skipped=6 resets=0 ungets=105 forwarded=2
             histogram [2,4) => 2, [4,8) => 8, [8,16) => 9, [16,32) => 8, [32,64) => 8, [64,128) => 3, [128,256) => 2, [256,512) => 366
   Buffers: shared hit=218 read=289
 Settings: enable_bitmapscan = 'off', enable_seqscan = 'off', max_parallel_workers_per_gather = '0'
 Planning:
   Buffers: shared hit=82 read=27
 Planning Time: 1.415 ms
 Execution Time: 10.334 ms
(12 rows)

SET
SET
SET
SET
SET
                                             QUERY PLAN                                             
----------------------------------------------------------------------------------------------------
 Index Scan using idx on public.t (actual rows=512.00 loops=1)
   Output: a, b
   Index Cond: ((t.a >= '-21120'::integer) AND (t.a <= '-20865'::integer))
   Index Searches: 1
   Buffers: shared hit=507
 Settings: enable_bitmapscan = 'off', enable_seqscan = 'off', max_parallel_workers_per_gather = '0'
 Planning:
   Buffers: shared hit=114
 Planning Time: 0.190 ms
 Execution Time: 0.344 ms
(10 rows)

