SET
SET
SET
SET
SET
                                                                  QUERY PLAN                                                                  
----------------------------------------------------------------------------------------------------------------------------------------------
 Index Scan using idx on public.t (actual rows=2048.00 loops=1)
   Output: a, b
   Index Cond: ((t.a >= '-28713'::integer) AND (t.a <= '-27690'::integer))
   Index Searches: 1
   Prefetch: distance=253.863 count=1785 stalls=5 skipped=28 resets=0 ungets=135 forwarded=2
             histogram [2,4) => 10, [4,8) => 5, [8,16) => 7, [16,32) => 17, [32,64) => 16, [64,128) => 4, [128,256) => 388, [256,512) => 1338
   Buffers: shared hit=1605 read=413
 Settings: enable_bitmapscan = 'off', enable_seqscan = 'off', max_parallel_workers_per_gather = '0'
 Planning:
   Buffers: shared hit=82 read=27
 Planning Time: 2.169 ms
 Execution Time: 17.781 ms
(12 rows)

SET
SET
SET
SET
SET
                                             QUERY PLAN                                             
----------------------------------------------------------------------------------------------------
 Index Scan using idx on public.t (actual rows=2048.00 loops=1)
   Output: a, b
   Index Cond: ((t.a >= '-28713'::integer) AND (t.a <= '-27690'::integer))
   Index Searches: 1
   Buffers: shared hit=2018
 Settings: enable_bitmapscan = 'off', enable_seqscan = 'off', max_parallel_workers_per_gather = '0'
 Planning:
   Buffers: shared hit=114
 Planning Time: 0.196 ms
 Execution Time: 0.714 ms
(10 rows)

