SET
SET
SET
SET
SET
                                                                 QUERY PLAN                                                                 
--------------------------------------------------------------------------------------------------------------------------------------------
 Index Scan using idx on public.t (actual rows=1024.00 loops=1)
   Output: a, b
   Index Cond: ((t.a >= '-14228'::integer) AND (t.a <= '-13717'::integer))
   Index Searches: 1
   Prefetch: distance=255.114 count=953 stalls=2 skipped=25 resets=0 ungets=177 forwarded=7
             histogram [2,4) => 2, [4,8) => 10, [8,16) => 7, [16,32) => 17, [32,64) => 13, [64,128) => 3, [128,256) => 35, [256,512) => 866
   Buffers: shared hit=630 read=373
 Settings: enable_bitmapscan = 'off', enable_seqscan = 'off', max_parallel_workers_per_gather = '0'
 Planning:
   Buffers: shared hit=82 read=27
 Planning Time: 2.133 ms
 Execution Time: 14.702 ms
(12 rows)

SET
SET
SET
SET
SET
                                             QUERY PLAN                                             
----------------------------------------------------------------------------------------------------
 Index Scan using idx on public.t (actual rows=1024.00 loops=1)
   Output: a, b
   Index Cond: ((t.a >= '-14228'::integer) AND (t.a <= '-13717'::integer))
   Index Searches: 1
   Buffers: shared hit=1003
 Settings: enable_bitmapscan = 'off', enable_seqscan = 'off', max_parallel_workers_per_gather = '0'
 Planning:
   Buffers: shared hit=114
 Planning Time: 0.179 ms
 Execution Time: 0.292 ms
(10 rows)

