SET
SET
SET
SET
SET
                                                                      QUERY PLAN                                                                      
------------------------------------------------------------------------------------------------------------------------------------------------------
 Index Scan using idx on public.t (actual rows=65536.00 loops=1)
   Output: a, b
   Index Cond: ((t.a >= '-54156'::integer) AND (t.a <= '-21389'::integer))
   Index Searches: 1
   Prefetch: distance=208.053 count=15483 stalls=48844 skipped=1399 resets=0 ungets=285 forwarded=15
             histogram [2,4) => 1204, [4,8) => 119, [8,16) => 20, [16,32) => 22, [32,64) => 59, [64,128) => 354, [128,256) => 9049, [256,512) => 4656
   Buffers: shared hit=62982 read=1322
 Settings: enable_bitmapscan = 'off', enable_seqscan = 'off', max_parallel_workers_per_gather = '0'
 Planning:
   Buffers: shared hit=82 read=27
 Planning Time: 2.124 ms
 Execution Time: 59.282 ms
(12 rows)

SET
SET
SET
SET
SET
                                             QUERY PLAN                                             
----------------------------------------------------------------------------------------------------
 Index Scan using idx on public.t (actual rows=65536.00 loops=1)
   Output: a, b
   Index Cond: ((t.a >= '-54156'::integer) AND (t.a <= '-21389'::integer))
   Index Searches: 1
   Buffers: shared hit=64304
 Settings: enable_bitmapscan = 'off', enable_seqscan = 'off', max_parallel_workers_per_gather = '0'
 Planning:
   Buffers: shared hit=114
 Planning Time: 0.170 ms
 Execution Time: 6.295 ms
(10 rows)

