SET
SET
SET
SET
SET
                                                                        QUERY PLAN                                                                         
-----------------------------------------------------------------------------------------------------------------------------------------------------------
 Index Scan using idx on public.t (actual rows=6048576.00 loops=1)
   Output: a, b
   Index Cond: ((t.a >= '-3052292'::integer) AND (t.a <= '-28005'::integer))
   Index Searches: 1
   Prefetch: distance=14.534 count=162758 stalls=5755821 skipped=130092 resets=0 ungets=248 forwarded=38
             histogram [2,4) => 140674, [4,8) => 13092, [8,16) => 146, [16,32) => 59, [32,64) => 37, [64,128) => 336, [128,256) => 5207, [256,512) => 3207
   Buffers: shared hit=5846942 read=86442
 Settings: enable_bitmapscan = 'off', enable_seqscan = 'off', max_parallel_workers_per_gather = '0'
 Planning:
   Buffers: shared hit=78 read=27
 Planning Time: 2.186 ms
 Execution Time: 5034.759 ms
(12 rows)

SET
SET
SET
SET
SET
                                             QUERY PLAN                                             
----------------------------------------------------------------------------------------------------
 Index Scan using idx on public.t (actual rows=6048576.00 loops=1)
   Output: a, b
   Index Cond: ((t.a >= '-3052292'::integer) AND (t.a <= '-28005'::integer))
   Index Searches: 1
   Buffers: shared hit=5933384
 Settings: enable_bitmapscan = 'off', enable_seqscan = 'off', max_parallel_workers_per_gather = '0'
 Planning:
   Buffers: shared hit=110
 Planning Time: 0.188 ms
 Execution Time: 871.040 ms
(10 rows)

