SET
SET
SET
SET
SET
                                                                 QUERY PLAN                                                                 
--------------------------------------------------------------------------------------------------------------------------------------------
 Index Scan using idx on public.t (actual rows=512.00 loops=1)
   Output: a, b
   Index Cond: ((t.a >= '-17936'::integer) AND (t.a <= '-17681'::integer))
   Index Searches: 1
   Prefetch: distance=174.872 count=203 stalls=5 skipped=4 resets=0 ungets=29 forwarded=0
             histogram [2,4) => 10, [4,8) => 9, [8,16) => 17, [16,32) => 22, [32,64) => 14, [64,128) => 3, [128,256) => 6, [256,512) => 122
   Buffers: shared hit=232 read=278
 Settings: enable_bitmapscan = 'off', enable_seqscan = 'off', max_parallel_workers_per_gather = '0'
 Planning:
   Buffers: shared hit=82 read=27
 Planning Time: 2.150 ms
 Execution Time: 7.670 ms
(12 rows)

SET
SET
SET
SET
SET
                                             QUERY PLAN                                             
----------------------------------------------------------------------------------------------------
 Index Scan using idx on public.t (actual rows=512.00 loops=1)
   Output: a, b
   Index Cond: ((t.a >= '-17936'::integer) AND (t.a <= '-17681'::integer))
   Index Searches: 1
   Buffers: shared hit=510
 Settings: enable_bitmapscan = 'off', enable_seqscan = 'off', max_parallel_workers_per_gather = '0'
 Planning:
   Buffers: shared hit=114
 Planning Time: 0.181 ms
 Execution Time: 0.309 ms
(10 rows)

