SET
SET
SET
SET
SET
                                             QUERY PLAN                                             
----------------------------------------------------------------------------------------------------
 Index Scan using idx on public.t (actual rows=256.00 loops=1)
   Output: a, b
   Index Cond: ((t.a >= '-2442'::integer) AND (t.a <= '-2315'::integer))
   Index Searches: 1
   Prefetch: distance=19.627 count=51 stalls=7 skipped=1 resets=0 ungets=0 forwarded=0
             histogram [2,4) => 6, [4,8) => 7, [8,16) => 8, [16,32) => 18, [32,64) => 12
   Buffers: shared hit=109 read=147
 Settings: enable_bitmapscan = 'off', enable_seqscan = 'off', max_parallel_workers_per_gather = '0'
 Planning:
   Buffers: shared hit=82 read=27
 Planning Time: 1.051 ms
 Execution Time: 8.445 ms
(12 rows)

SET
SET
SET
SET
SET
                                             QUERY PLAN                                             
----------------------------------------------------------------------------------------------------
 Index Scan using idx on public.t (actual rows=256.00 loops=1)
   Output: a, b
   Index Cond: ((t.a >= '-2442'::integer) AND (t.a <= '-2315'::integer))
   Index Searches: 1
   Buffers: shared hit=256
 Settings: enable_bitmapscan = 'off', enable_seqscan = 'off', max_parallel_workers_per_gather = '0'
 Planning:
   Buffers: shared hit=114
 Planning Time: 0.158 ms
 Execution Time: 0.189 ms
(10 rows)

