SET
SET
SET
SET
SET
                                                                     QUERY PLAN                                                                     
----------------------------------------------------------------------------------------------------------------------------------------------------
 Index Scan using idx on public.t (actual rows=32768.00 loops=1)
   Output: a, b
   Index Cond: ((t.a >= '-33969'::integer) AND (t.a <= '-17586'::integer))
   Index Searches: 1
   Prefetch: distance=216.123 count=13729 stalls=18168 skipped=706 resets=0 ungets=156 forwarded=10
             histogram [2,4) => 443, [4,8) => 68, [8,16) => 20, [16,32) => 28, [32,64) => 90, [64,128) => 437, [128,256) => 8677, [256,512) => 3966
   Buffers: shared hit=31294 read=849
 Settings: enable_bitmapscan = 'off', enable_seqscan = 'off', max_parallel_workers_per_gather = '0'
 Planning:
   Buffers: shared hit=82 read=27
 Planning Time: 2.144 ms
 Execution Time: 38.556 ms
(12 rows)

SET
SET
SET
SET
SET
                                             QUERY PLAN                                             
----------------------------------------------------------------------------------------------------
 Index Scan using idx on public.t (actual rows=32768.00 loops=1)
   Output: a, b
   Index Cond: ((t.a >= '-33969'::integer) AND (t.a <= '-17586'::integer))
   Index Searches: 1
   Buffers: shared hit=32143
 Settings: enable_bitmapscan = 'off', enable_seqscan = 'off', max_parallel_workers_per_gather = '0'
 Planning:
   Buffers: shared hit=114
 Planning Time: 0.204 ms
 Execution Time: 5.113 ms
(10 rows)

