SET
SET
SET
SET
SET
                                                                QUERY PLAN                                                                
------------------------------------------------------------------------------------------------------------------------------------------
 Index Scan using idx on public.t (actual rows=1024.00 loops=1)
   Output: a, b
   Index Cond: ((t.a >= '-27800'::integer) AND (t.a <= '-27289'::integer))
   Index Searches: 1
   Prefetch: distance=260.356 count=1046 stalls=3 skipped=27 resets=0 ungets=215 forwarded=1
             histogram [2,4) => 4, [4,8) => 3, [8,16) => 10, [16,32) => 9, [32,64) => 9, [64,128) => 2, [128,256) => 12, [256,512) => 997
   Buffers: shared hit=624 read=381
 Settings: enable_bitmapscan = 'off', enable_seqscan = 'off', max_parallel_workers_per_gather = '0'
 Planning:
   Buffers: shared hit=82 read=27
 Planning Time: 2.149 ms
 Execution Time: 13.392 ms
(12 rows)

SET
SET
SET
SET
SET
                                             QUERY PLAN                                             
----------------------------------------------------------------------------------------------------
 Index Scan using idx on public.t (actual rows=1024.00 loops=1)
   Output: a, b
   Index Cond: ((t.a >= '-27800'::integer) AND (t.a <= '-27289'::integer))
   Index Searches: 1
   Buffers: shared hit=1005
 Settings: enable_bitmapscan = 'off', enable_seqscan = 'off', max_parallel_workers_per_gather = '0'
 Planning:
   Buffers: shared hit=114
 Planning Time: 0.199 ms
 Execution Time: 0.500 ms
(10 rows)

