SET
SET
SET
SET
SET
                                                                      QUERY PLAN                                                                       
-------------------------------------------------------------------------------------------------------------------------------------------------------
 Index Scan using idx on public.t (actual rows=131072.00 loops=1)
   Output: a, b
   Index Cond: ((t.a >= '-94938'::integer) AND (t.a <= '-29403'::integer))
   Index Searches: 1
   Prefetch: distance=191.281 count=19685 stalls=108815 skipped=2855 resets=0 ungets=336 forwarded=14
             histogram [2,4) => 2680, [4,8) => 231, [8,16) => 20, [16,32) => 22, [32,64) => 34, [64,128) => 571, [128,256) => 11056, [256,512) => 5071
   Buffers: shared hit=126290 read=2255
 Settings: enable_bitmapscan = 'off', enable_seqscan = 'off', max_parallel_workers_per_gather = '0'
 Planning:
   Buffers: shared hit=82 read=27
 Planning Time: 2.147 ms
 Execution Time: 121.367 ms
(12 rows)

SET
SET
SET
SET
SET
                                             QUERY PLAN                                             
----------------------------------------------------------------------------------------------------
 Index Scan using idx on public.t (actual rows=131072.00 loops=1)
   Output: a, b
   Index Cond: ((t.a >= '-94938'::integer) AND (t.a <= '-29403'::integer))
   Index Searches: 1
   Buffers: shared hit=128545
 Settings: enable_bitmapscan = 'off', enable_seqscan = 'off', max_parallel_workers_per_gather = '0'
 Planning:
   Buffers: shared hit=114
 Planning Time: 0.204 ms
 Execution Time: 18.649 ms
(10 rows)

