SET
SET
SET
SET
SET
                                                                 QUERY PLAN                                                                 
--------------------------------------------------------------------------------------------------------------------------------------------
 Index Scan using idx on public.t (actual rows=512.00 loops=1)
   Output: a, b
   Index Cond: ((t.a >= '-15085'::integer) AND (t.a <= '-14830'::integer))
   Index Searches: 1
   Prefetch: distance=209.441 count=236 stalls=5 skipped=3 resets=0 ungets=43 forwarded=1
             histogram [2,4) => 10, [4,8) => 5, [8,16) => 12, [16,32) => 16, [32,64) => 11, [64,128) => 4, [128,256) => 3, [256,512) => 175
   Buffers: shared hit=230 read=277
 Settings: enable_bitmapscan = 'off', enable_seqscan = 'off', max_parallel_workers_per_gather = '0'
 Planning:
   Buffers: shared hit=82 read=27
 Planning Time: 1.418 ms
 Execution Time: 13.994 ms
(12 rows)

SET
SET
SET
SET
SET
                                             QUERY PLAN                                             
----------------------------------------------------------------------------------------------------
 Index Scan using idx on public.t (actual rows=512.00 loops=1)
   Output: a, b
   Index Cond: ((t.a >= '-15085'::integer) AND (t.a <= '-14830'::integer))
   Index Searches: 1
   Buffers: shared hit=507
 Settings: enable_bitmapscan = 'off', enable_seqscan = 'off', max_parallel_workers_per_gather = '0'
 Planning:
   Buffers: shared hit=114
 Planning Time: 0.189 ms
 Execution Time: 0.338 ms
(10 rows)

