SET
SET
SET
SET
SET
                                             QUERY PLAN                                             
----------------------------------------------------------------------------------------------------
 Index Scan using idx on public.t (actual rows=1024.00 loops=1)
   Output: a, b
   Index Cond: ((t.a >= '-2525'::integer) AND (t.a <= '-2014'::integer))
   Index Searches: 1
   Prefetch: distance=2.446 count=112 stalls=533 skipped=16 resets=0 ungets=0 forwarded=0
             histogram [2,4) => 97, [4,8) => 14, [8,16) => 1
   Buffers: shared hit=760 read=249
 Settings: enable_bitmapscan = 'off', enable_seqscan = 'off', max_parallel_workers_per_gather = '0'
 Planning:
   Buffers: shared hit=82 read=27
 Planning Time: 1.700 ms
 Execution Time: 5.975 ms
(12 rows)

SET
SET
SET
SET
SET
                                             QUERY PLAN                                             
----------------------------------------------------------------------------------------------------
 Index Scan using idx on public.t (actual rows=1024.00 loops=1)
   Output: a, b
   Index Cond: ((t.a >= '-2525'::integer) AND (t.a <= '-2014'::integer))
   Index Searches: 1
   Buffers: shared hit=1009
 Settings: enable_bitmapscan = 'off', enable_seqscan = 'off', max_parallel_workers_per_gather = '0'
 Planning:
   Buffers: shared hit=114
 Planning Time: 0.211 ms
 Execution Time: 0.455 ms
(10 rows)

