SET
SET
SET
SET
SET
                                                                 QUERY PLAN                                                                 
--------------------------------------------------------------------------------------------------------------------------------------------
 Index Scan using idx on public.t (actual rows=256.00 loops=1)
   Output: a, b
   Index Cond: ((t.a >= '-2222'::integer) AND (t.a <= '-2095'::integer))
   Index Searches: 1
   Prefetch: distance=72.340 count=94 stalls=3 skipped=2 resets=0 ungets=6 forwarded=0
             histogram [2,4) => 15, [4,8) => 10, [8,16) => 7, [16,32) => 15, [32,64) => 12, [64,128) => 16, [128,256) => 6, [256,512) => 13
   Buffers: shared hit=97 read=159
 Settings: enable_bitmapscan = 'off', enable_seqscan = 'off', max_parallel_workers_per_gather = '0'
 Planning:
   Buffers: shared hit=82 read=27
 Planning Time: 1.399 ms
 Execution Time: 7.492 ms
(12 rows)

SET
SET
SET
SET
SET
                                             QUERY PLAN                                             
----------------------------------------------------------------------------------------------------
 Index Scan using idx on public.t (actual rows=256.00 loops=1)
   Output: a, b
   Index Cond: ((t.a >= '-2222'::integer) AND (t.a <= '-2095'::integer))
   Index Searches: 1
   Buffers: shared hit=256
 Settings: enable_bitmapscan = 'off', enable_seqscan = 'off', max_parallel_workers_per_gather = '0'
 Planning:
   Buffers: shared hit=114
 Planning Time: 0.222 ms
 Execution Time: 0.228 ms
(10 rows)

