SET
SET
SET
SET
SET
                                                                    QUERY PLAN                                                                     
---------------------------------------------------------------------------------------------------------------------------------------------------
 Index Scan using idx on public.t (actual rows=8192.00 loops=1)
   Output: a, b
   Index Cond: ((t.a >= '-8601'::integer) AND (t.a <= '-4506'::integer))
   Index Searches: 1
   Prefetch: distance=220.697 count=2601 stalls=5182 skipped=172 resets=0 ungets=98 forwarded=2
             histogram [2,4) => 60, [4,8) => 14, [8,16) => 19, [16,32) => 42, [32,64) => 62, [64,128) => 131, [128,256) => 1015, [256,512) => 1258
   Buffers: shared hit=7635 read=404
 Settings: enable_bitmapscan = 'off', enable_seqscan = 'off', max_parallel_workers_per_gather = '0'
 Planning:
   Buffers: shared hit=82 read=27
 Planning Time: 2.135 ms
 Execution Time: 16.446 ms
(12 rows)

SET
SET
SET
SET
SET
                                             QUERY PLAN                                             
----------------------------------------------------------------------------------------------------
 Index Scan using idx on public.t (actual rows=8192.00 loops=1)
   Output: a, b
   Index Cond: ((t.a >= '-8601'::integer) AND (t.a <= '-4506'::integer))
   Index Searches: 1
   Buffers: shared hit=8039
 Settings: enable_bitmapscan = 'off', enable_seqscan = 'off', max_parallel_workers_per_gather = '0'
 Planning:
   Buffers: shared hit=114
 Planning Time: 0.188 ms
 Execution Time: 1.662 ms
(10 rows)

