SET
SET
SET
SET
SET
                                                                   QUERY PLAN                                                                    
-------------------------------------------------------------------------------------------------------------------------------------------------
 Index Scan using idx on public.t (actual rows=2048.00 loops=1)
   Output: a, b
   Index Cond: ((t.a >= '-14285'::integer) AND (t.a <= '-13262'::integer))
   Index Searches: 1
   Prefetch: distance=242.366 count=1774 stalls=14 skipped=41 resets=0 ungets=116 forwarded=6
             histogram [2,4) => 32, [4,8) => 32, [8,16) => 10, [16,32) => 14, [32,64) => 24, [64,128) => 19, [128,256) => 428, [256,512) => 1215
   Buffers: shared hit=1611 read=401
 Settings: enable_bitmapscan = 'off', enable_seqscan = 'off', max_parallel_workers_per_gather = '0'
 Planning:
   Buffers: shared hit=82 read=27
 Planning Time: 1.877 ms
 Execution Time: 18.541 ms
(12 rows)

SET
SET
SET
SET
SET
                                             QUERY PLAN                                             
----------------------------------------------------------------------------------------------------
 Index Scan using idx on public.t (actual rows=2048.00 loops=1)
   Output: a, b
   Index Cond: ((t.a >= '-14285'::integer) AND (t.a <= '-13262'::integer))
   Index Searches: 1
   Buffers: shared hit=2012
 Settings: enable_bitmapscan = 'off', enable_seqscan = 'off', max_parallel_workers_per_gather = '0'
 Planning:
   Buffers: shared hit=114
 Planning Time: 0.158 ms
 Execution Time: 0.371 ms
(10 rows)

