SET
SET
SET
SET
SET
                                                                       QUERY PLAN                                                                       
--------------------------------------------------------------------------------------------------------------------------------------------------------
 Index Scan using idx on public.t (actual rows=1048576.00 loops=1)
   Output: a, b
   Index Cond: ((t.a >= '-554807'::integer) AND (t.a <= '-30520'::integer))
   Index Searches: 1
   Prefetch: distance=60.586 count=35701 stalls=990369 skipped=22525 resets=0 ungets=220 forwarded=19
             histogram [2,4) => 24217, [4,8) => 2273, [8,16) => 43, [16,32) => 61, [32,64) => 63, [64,128) => 226, [128,256) => 5471, [256,512) => 3347
   Buffers: shared hit=1013326 read=15306
 Settings: enable_bitmapscan = 'off', enable_seqscan = 'off', max_parallel_workers_per_gather = '0'
 Planning:
   Buffers: shared hit=78 read=27
 Planning Time: 2.192 ms
 Execution Time: 886.170 ms
(12 rows)

SET
SET
SET
SET
SET
                                             QUERY PLAN                                             
----------------------------------------------------------------------------------------------------
 Index Scan using idx on public.t (actual rows=1048576.00 loops=1)
   Output: a, b
   Index Cond: ((t.a >= '-554807'::integer) AND (t.a <= '-30520'::integer))
   Index Searches: 1
   Buffers: shared hit=1028632
 Settings: enable_bitmapscan = 'off', enable_seqscan = 'off', max_parallel_workers_per_gather = '0'
 Planning:
   Buffers: shared hit=110
 Planning Time: 0.186 ms
 Execution Time: 148.498 ms
(10 rows)

