SET
SET
SET
SET
SET
                                                                 QUERY PLAN                                                                  
---------------------------------------------------------------------------------------------------------------------------------------------
 Index Scan Backward using idx on public.t (actual rows=2048.00 loops=1)
   Output: a, b
   Index Cond: ((t.a >= '-13601'::integer) AND (t.a <= '-12578'::integer))
   Index Searches: 1
   Prefetch: distance=257.073 count=1964 stalls=2 skipped=30 resets=0 ungets=185 forwarded=0
             histogram [2,4) => 6, [4,8) => 6, [8,16) => 7, [16,32) => 15, [32,64) => 10, [64,128) => 5, [128,256) => 375, [256,512) => 1540
   Buffers: shared hit=1624 read=401
 Settings: enable_bitmapscan = 'off', enable_seqscan = 'off', max_parallel_workers_per_gather = '0'
 Planning:
   Buffers: shared hit=86 read=27
 Planning Time: 2.166 ms
 Execution Time: 15.223 ms
(12 rows)

SET
SET
SET
SET
SET
                                             QUERY PLAN                                             
----------------------------------------------------------------------------------------------------
 Index Scan Backward using idx on public.t (actual rows=2048.00 loops=1)
   Output: a, b
   Index Cond: ((t.a >= '-13601'::integer) AND (t.a <= '-12578'::integer))
   Index Searches: 1
   Buffers: shared hit=2025
 Settings: enable_bitmapscan = 'off', enable_seqscan = 'off', max_parallel_workers_per_gather = '0'
 Planning:
   Buffers: shared hit=118
 Planning Time: 0.190 ms
 Execution Time: 0.681 ms
(10 rows)

