SET
SET
SET
SET
SET
                                                                    QUERY PLAN                                                                     
---------------------------------------------------------------------------------------------------------------------------------------------------
 Index Scan Backward using idx on public.t (actual rows=8192.00 loops=1)
   Output: a, b
   Index Cond: ((t.a >= '-7847'::integer) AND (t.a <= '-3752'::integer))
   Index Searches: 1
   Prefetch: distance=227.898 count=5348 stalls=2897 skipped=173 resets=0 ungets=251 forwarded=1
             histogram [2,4) => 76, [4,8) => 10, [8,16) => 13, [16,32) => 25, [32,64) => 63, [64,128) => 117, [128,256) => 2819, [256,512) => 2225
   Buffers: shared hit=7654 read=392
 Settings: enable_bitmapscan = 'off', enable_seqscan = 'off', max_parallel_workers_per_gather = '0'
 Planning:
   Buffers: shared hit=86 read=27
 Planning Time: 2.135 ms
 Execution Time: 7.998 ms
(12 rows)

SET
SET
SET
SET
SET
                                             QUERY PLAN                                             
----------------------------------------------------------------------------------------------------
 Index Scan Backward using idx on public.t (actual rows=8192.00 loops=1)
   Output: a, b
   Index Cond: ((t.a >= '-7847'::integer) AND (t.a <= '-3752'::integer))
   Index Searches: 1
   Buffers: shared hit=8046
 Settings: enable_bitmapscan = 'off', enable_seqscan = 'off', max_parallel_workers_per_gather = '0'
 Planning:
   Buffers: shared hit=118
 Planning Time: 0.189 ms
 Execution Time: 1.592 ms
(10 rows)

