SET
SET
SET
SET
SET
                                                                     QUERY PLAN                                                                     
----------------------------------------------------------------------------------------------------------------------------------------------------
 Index Scan Backward using idx on public.t (actual rows=8192.00 loops=1)
   Output: a, b
   Index Cond: ((t.a >= '-35777'::integer) AND (t.a <= '-31682'::integer))
   Index Searches: 1
   Prefetch: distance=228.108 count=3440 stalls=4596 skipped=172 resets=0 ungets=209 forwarded=0
             histogram [2,4) => 120, [4,8) => 25, [8,16) => 35, [16,32) => 52, [32,64) => 35, [64,128) => 110, [128,256) => 1102, [256,512) => 1961
   Buffers: shared hit=7544 read=498
 Settings: enable_bitmapscan = 'off', enable_seqscan = 'off', max_parallel_workers_per_gather = '0'
 Planning:
   Buffers: shared hit=86 read=27
 Planning Time: 2.207 ms
 Execution Time: 16.654 ms
(12 rows)

SET
SET
SET
SET
SET
                                             QUERY PLAN                                             
----------------------------------------------------------------------------------------------------
 Index Scan Backward using idx on public.t (actual rows=8192.00 loops=1)
   Output: a, b
   Index Cond: ((t.a >= '-35777'::integer) AND (t.a <= '-31682'::integer))
   Index Searches: 1
   Buffers: shared hit=8042
 Settings: enable_bitmapscan = 'off', enable_seqscan = 'off', max_parallel_workers_per_gather = '0'
 Planning:
   Buffers: shared hit=118
 Planning Time: 0.194 ms
 Execution Time: 1.691 ms
(10 rows)

