SET
SET
SET
SET
SET
                                             QUERY PLAN                                             
----------------------------------------------------------------------------------------------------
 Index Scan Backward using idx on public.t (actual rows=512.00 loops=1)
   Output: a, b
   Index Cond: ((t.a >= '-15813'::integer) AND (t.a <= '-15558'::integer))
   Index Searches: 1
   Prefetch: distance=15.675 count=126 stalls=17 skipped=2 resets=0 ungets=0 forwarded=0
             histogram [2,4) => 30, [4,8) => 25, [8,16) => 26, [16,32) => 23, [32,64) => 22
   Buffers: shared hit=218 read=296
 Settings: enable_bitmapscan = 'off', enable_seqscan = 'off', max_parallel_workers_per_gather = '0'
 Planning:
   Buffers: shared hit=86 read=27
 Planning Time: 1.440 ms
 Execution Time: 17.798 ms
(12 rows)

SET
SET
SET
SET
SET
                                             QUERY PLAN                                             
----------------------------------------------------------------------------------------------------
 Index Scan Backward using idx on public.t (actual rows=512.00 loops=1)
   Output: a, b
   Index Cond: ((t.a >= '-15813'::integer) AND (t.a <= '-15558'::integer))
   Index Searches: 1
   Buffers: shared hit=514
 Settings: enable_bitmapscan = 'off', enable_seqscan = 'off', max_parallel_workers_per_gather = '0'
 Planning:
   Buffers: shared hit=118
 Planning Time: 0.198 ms
 Execution Time: 0.371 ms
(10 rows)

