SET
SET
SET
SET
SET
                                                                QUERY PLAN                                                                 
-------------------------------------------------------------------------------------------------------------------------------------------
 Index Scan Backward using idx on public.t (actual rows=1024.00 loops=1)
   Output: a, b
   Index Cond: ((t.a >= '-14940'::integer) AND (t.a <= '-14429'::integer))
   Index Searches: 1
   Prefetch: distance=255.119 count=1019 stalls=3 skipped=11 resets=0 ungets=198 forwarded=0
             histogram [2,4) => 8, [4,8) => 4, [8,16) => 10, [16,32) => 8, [32,64) => 16, [64,128) => 4, [128,256) => 95, [256,512) => 874
   Buffers: shared hit=649 read=370
 Settings: enable_bitmapscan = 'off', enable_seqscan = 'off', max_parallel_workers_per_gather = '0'
 Planning:
   Buffers: shared hit=86 read=27
 Planning Time: 1.436 ms
 Execution Time: 11.597 ms
(12 rows)

SET
SET
SET
SET
SET
                                             QUERY PLAN                                             
----------------------------------------------------------------------------------------------------
 Index Scan Backward using idx on public.t (actual rows=1024.00 loops=1)
   Output: a, b
   Index Cond: ((t.a >= '-14940'::integer) AND (t.a <= '-14429'::integer))
   Index Searches: 1
   Buffers: shared hit=1019
 Settings: enable_bitmapscan = 'off', enable_seqscan = 'off', max_parallel_workers_per_gather = '0'
 Planning:
   Buffers: shared hit=118
 Planning Time: 0.201 ms
 Execution Time: 0.498 ms
(10 rows)

