SET
SET
SET
SET
SET
                                                                 QUERY PLAN                                                                 
--------------------------------------------------------------------------------------------------------------------------------------------
 Index Scan Backward using idx on public.t (actual rows=2048.00 loops=1)
   Output: a, b
   Index Cond: ((t.a >= '-9374'::integer) AND (t.a <= '-8351'::integer))
   Index Searches: 1
   Prefetch: distance=255.950 count=2032 stalls=3 skipped=49 resets=0 ungets=201 forwarded=0
             histogram [2,4) => 6, [4,8) => 6, [8,16) => 9, [16,32) => 20, [32,64) => 9, [64,128) => 6, [128,256) => 423, [256,512) => 1553
   Buffers: shared hit=1635 read=372
 Settings: enable_bitmapscan = 'off', enable_seqscan = 'off', max_parallel_workers_per_gather = '0'
 Planning:
   Buffers: shared hit=86 read=27
 Planning Time: 2.149 ms
 Execution Time: 11.722 ms
(12 rows)

SET
SET
SET
SET
SET
                                             QUERY PLAN                                             
----------------------------------------------------------------------------------------------------
 Index Scan Backward using idx on public.t (actual rows=2048.00 loops=1)
   Output: a, b
   Index Cond: ((t.a >= '-9374'::integer) AND (t.a <= '-8351'::integer))
   Index Searches: 1
   Buffers: shared hit=2007
 Settings: enable_bitmapscan = 'off', enable_seqscan = 'off', max_parallel_workers_per_gather = '0'
 Planning:
   Buffers: shared hit=118
 Planning Time: 0.152 ms
 Execution Time: 0.577 ms
(10 rows)

