SET
SET
SET
SET
SET
                                                                   QUERY PLAN                                                                    
-------------------------------------------------------------------------------------------------------------------------------------------------
 Index Scan Backward using idx on public.t (actual rows=4096.00 loops=1)
   Output: a, b
   Index Cond: ((t.a >= '-6094'::integer) AND (t.a <= '-4047'::integer))
   Index Searches: 1
   Prefetch: distance=240.063 count=3846 stalls=5 skipped=72 resets=0 ungets=74 forwarded=0
             histogram [2,4) => 10, [4,8) => 18, [8,16) => 7, [16,32) => 16, [32,64) => 29, [64,128) => 12, [128,256) => 2009, [256,512) => 1745
   Buffers: shared hit=3691 read=343
 Settings: enable_bitmapscan = 'off', enable_seqscan = 'off', max_parallel_workers_per_gather = '0'
 Planning:
   Buffers: shared hit=86 read=27
 Planning Time: 2.128 ms
 Execution Time: 12.342 ms
(12 rows)

SET
SET
SET
SET
SET
                                             QUERY PLAN                                             
----------------------------------------------------------------------------------------------------
 Index Scan Backward using idx on public.t (actual rows=4096.00 loops=1)
   Output: a, b
   Index Cond: ((t.a >= '-6094'::integer) AND (t.a <= '-4047'::integer))
   Index Searches: 1
   Buffers: shared hit=4034
 Settings: enable_bitmapscan = 'off', enable_seqscan = 'off', max_parallel_workers_per_gather = '0'
 Planning:
   Buffers: shared hit=118
 Planning Time: 0.195 ms
 Execution Time: 0.942 ms
(10 rows)

