SET
SET
SET
SET
SET
                                                                  QUERY PLAN                                                                   
-----------------------------------------------------------------------------------------------------------------------------------------------
 Index Scan Backward using idx on public.t (actual rows=2048.00 loops=1)
   Output: a, b
   Index Cond: ((t.a >= '-29228'::integer) AND (t.a <= '-28205'::integer))
   Index Searches: 1
   Prefetch: distance=254.487 count=1958 stalls=1 skipped=40 resets=0 ungets=196 forwarded=0
             histogram [2,4) => 4, [4,8) => 12, [8,16) => 17, [16,32) => 15, [32,64) => 14, [64,128) => 2, [128,256) => 386, [256,512) => 1508
   Buffers: shared hit=1602 read=414
 Settings: enable_bitmapscan = 'off', enable_seqscan = 'off', max_parallel_workers_per_gather = '0'
 Planning:
   Buffers: shared hit=86 read=27
 Planning Time: 2.153 ms
 Execution Time: 16.453 ms
(12 rows)

SET
SET
SET
SET
SET
                                             QUERY PLAN                                             
----------------------------------------------------------------------------------------------------
 Index Scan Backward using idx on public.t (actual rows=2048.00 loops=1)
   Output: a, b
   Index Cond: ((t.a >= '-29228'::integer) AND (t.a <= '-28205'::integer))
   Index Searches: 1
   Buffers: shared hit=2016
 Settings: enable_bitmapscan = 'off', enable_seqscan = 'off', max_parallel_workers_per_gather = '0'
 Planning:
   Buffers: shared hit=118
 Planning Time: 0.203 ms
 Execution Time: 0.713 ms
(10 rows)

