SET
SET
SET
SET
SET
                                                               QUERY PLAN                                                               
----------------------------------------------------------------------------------------------------------------------------------------
 Index Scan Backward using idx on public.t (actual rows=512.00 loops=1)
   Output: a, b
   Index Cond: ((t.a >= '-16366'::integer) AND (t.a <= '-16111'::integer))
   Index Searches: 1
   Prefetch: distance=258.497 count=638 stalls=1 skipped=11 resets=0 ungets=211 forwarded=0
             histogram [2,4) => 4, [4,8) => 7, [8,16) => 7, [16,32) => 8, [32,64) => 3, [64,128) => 2, [128,256) => 3, [256,512) => 604
   Buffers: shared hit=215 read=293
 Settings: enable_bitmapscan = 'off', enable_seqscan = 'off', max_parallel_workers_per_gather = '0'
 Planning:
   Buffers: shared hit=86 read=27
 Planning Time: 1.418 ms
 Execution Time: 7.665 ms
(12 rows)

SET
SET
SET
SET
SET
                                             QUERY PLAN                                             
----------------------------------------------------------------------------------------------------
 Index Scan Backward using idx on public.t (actual rows=512.00 loops=1)
   Output: a, b
   Index Cond: ((t.a >= '-16366'::integer) AND (t.a <= '-16111'::integer))
   Index Searches: 1
   Buffers: shared hit=508
 Settings: enable_bitmapscan = 'off', enable_seqscan = 'off', max_parallel_workers_per_gather = '0'
 Planning:
   Buffers: shared hit=118
 Planning Time: 0.131 ms
 Execution Time: 0.173 ms
(10 rows)

