SET
SET
SET
SET
SET
                                                                    QUERY PLAN                                                                     
---------------------------------------------------------------------------------------------------------------------------------------------------
 Index Scan Backward using idx on public.t (actual rows=8192.00 loops=1)
   Output: a, b
   Index Cond: ((t.a >= '-26186'::integer) AND (t.a <= '-22091'::integer))
   Index Searches: 1
   Prefetch: distance=225.664 count=4246 stalls=3643 skipped=173 resets=0 ungets=163 forwarded=0
             histogram [2,4) => 96, [4,8) => 16, [8,16) => 26, [16,32) => 38, [32,64) => 87, [64,128) => 164, [128,256) => 1816, [256,512) => 2003
   Buffers: shared hit=7541 read=501
 Settings: enable_bitmapscan = 'off', enable_seqscan = 'off', max_parallel_workers_per_gather = '0'
 Planning:
   Buffers: shared hit=86 read=27
 Planning Time: 2.145 ms
 Execution Time: 20.313 ms
(12 rows)

SET
SET
SET
SET
SET
                                             QUERY PLAN                                             
----------------------------------------------------------------------------------------------------
 Index Scan Backward using idx on public.t (actual rows=8192.00 loops=1)
   Output: a, b
   Index Cond: ((t.a >= '-26186'::integer) AND (t.a <= '-22091'::integer))
   Index Searches: 1
   Buffers: shared hit=8042
 Settings: enable_bitmapscan = 'off', enable_seqscan = 'off', max_parallel_workers_per_gather = '0'
 Planning:
   Buffers: shared hit=118
 Planning Time: 0.197 ms
 Execution Time: 1.618 ms
(10 rows)

