SET
SET
SET
SET
SET
                                                                 QUERY PLAN                                                                 
--------------------------------------------------------------------------------------------------------------------------------------------
 Index Scan Backward using idx on public.t (actual rows=1024.00 loops=1)
   Output: a, b
   Index Cond: ((t.a >= '-23408'::integer) AND (t.a <= '-22897'::integer))
   Index Searches: 1
   Prefetch: distance=252.981 count=850 stalls=3 skipped=11 resets=0 ungets=145 forwarded=0
             histogram [2,4) => 2, [4,8) => 7, [8,16) => 10, [16,32) => 16, [32,64) => 13, [64,128) => 6, [128,256) => 24, [256,512) => 772
   Buffers: shared hit=645 read=368
 Settings: enable_bitmapscan = 'off', enable_seqscan = 'off', max_parallel_workers_per_gather = '0'
 Planning:
   Buffers: shared hit=86 read=27
 Planning Time: 2.136 ms
 Execution Time: 17.501 ms
(12 rows)

SET
SET
SET
SET
SET
                                             QUERY PLAN                                             
----------------------------------------------------------------------------------------------------
 Index Scan Backward using idx on public.t (actual rows=1024.00 loops=1)
   Output: a, b
   Index Cond: ((t.a >= '-23408'::integer) AND (t.a <= '-22897'::integer))
   Index Searches: 1
   Buffers: shared hit=1013
 Settings: enable_bitmapscan = 'off', enable_seqscan = 'off', max_parallel_workers_per_gather = '0'
 Planning:
   Buffers: shared hit=118
 Planning Time: 0.153 ms
 Execution Time: 0.247 ms
(10 rows)

