SET
SET
SET
SET
SET
                                                               QUERY PLAN                                                               
----------------------------------------------------------------------------------------------------------------------------------------
 Index Scan Backward using idx on public.t (actual rows=128.00 loops=1)
   Output: a, b
   Index Cond: ((t.a >= '-3384'::integer) AND (t.a <= '-3321'::integer))
   Index Searches: 1
   Prefetch: distance=157.426 count=68 stalls=1 skipped=2 resets=0 ungets=18 forwarded=0
             histogram [2,4) => 4, [4,8) => 3, [8,16) => 12, [16,32) => 7, [32,64) => 2, [64,128) => 3, [128,256) => 3, [256,512) => 34
   Buffers: shared hit=31 read=102
 Settings: enable_bitmapscan = 'off', enable_seqscan = 'off', max_parallel_workers_per_gather = '0'
 Planning:
   Buffers: shared hit=86 read=27
 Planning Time: 1.017 ms
 Execution Time: 4.730 ms
(12 rows)

SET
SET
SET
SET
SET
                                             QUERY PLAN                                             
----------------------------------------------------------------------------------------------------
 Index Scan Backward using idx on public.t (actual rows=128.00 loops=1)
   Output: a, b
   Index Cond: ((t.a >= '-3384'::integer) AND (t.a <= '-3321'::integer))
   Index Searches: 1
   Buffers: shared hit=133
 Settings: enable_bitmapscan = 'off', enable_seqscan = 'off', max_parallel_workers_per_gather = '0'
 Planning:
   Buffers: shared hit=118
 Planning Time: 0.182 ms
 Execution Time: 0.136 ms
(10 rows)

