SET
SET
SET
SET
SET
                                                                QUERY PLAN                                                                 
-------------------------------------------------------------------------------------------------------------------------------------------
 Index Scan Backward using idx on public.t (actual rows=512.00 loops=1)
   Output: a, b
   Index Cond: ((t.a >= '-21744'::integer) AND (t.a <= '-21489'::integer))
   Index Searches: 1
   Prefetch: distance=219.757 count=284 stalls=6 skipped=5 resets=0 ungets=62 forwarded=0
             histogram [2,4) => 6, [4,8) => 11, [8,16) => 9, [16,32) => 14, [32,64) => 16, [64,128) => 2, [128,256) => 2, [256,512) => 224
   Buffers: shared hit=220 read=291
 Settings: enable_bitmapscan = 'off', enable_seqscan = 'off', max_parallel_workers_per_gather = '0'
 Planning:
   Buffers: shared hit=86 read=27
 Planning Time: 1.284 ms
 Execution Time: 16.546 ms
(12 rows)

SET
SET
SET
SET
SET
                                             QUERY PLAN                                             
----------------------------------------------------------------------------------------------------
 Index Scan Backward using idx on public.t (actual rows=512.00 loops=1)
   Output: a, b
   Index Cond: ((t.a >= '-21744'::integer) AND (t.a <= '-21489'::integer))
   Index Searches: 1
   Buffers: shared hit=511
 Settings: enable_bitmapscan = 'off', enable_seqscan = 'off', max_parallel_workers_per_gather = '0'
 Planning:
   Buffers: shared hit=118
 Planning Time: 0.131 ms
 Execution Time: 0.175 ms
(10 rows)

