SET
SET
SET
SET
SET
                                                                    QUERY PLAN                                                                    
--------------------------------------------------------------------------------------------------------------------------------------------------
 Index Scan Backward using idx on public.t (actual rows=4096.00 loops=1)
   Output: a, b
   Index Cond: ((t.a >= '-9015'::integer) AND (t.a <= '-6968'::integer))
   Index Searches: 1
   Prefetch: distance=237.862 count=2988 stalls=1185 skipped=89 resets=0 ungets=255 forwarded=2
             histogram [2,4) => 38, [4,8) => 11, [8,16) => 15, [16,32) => 26, [32,64) => 36, [64,128) => 110, [128,256) => 934, [256,512) => 1818
   Buffers: shared hit=3635 read=386
 Settings: enable_bitmapscan = 'off', enable_seqscan = 'off', max_parallel_workers_per_gather = '0'
 Planning:
   Buffers: shared hit=86 read=27
 Planning Time: 2.148 ms
 Execution Time: 9.650 ms
(12 rows)

SET
SET
SET
SET
SET
                                             QUERY PLAN                                             
----------------------------------------------------------------------------------------------------
 Index Scan Backward using idx on public.t (actual rows=4096.00 loops=1)
   Output: a, b
   Index Cond: ((t.a >= '-9015'::integer) AND (t.a <= '-6968'::integer))
   Index Searches: 1
   Buffers: shared hit=4021
 Settings: enable_bitmapscan = 'off', enable_seqscan = 'off', max_parallel_workers_per_gather = '0'
 Planning:
   Buffers: shared hit=118
 Planning Time: 0.159 ms
 Execution Time: 0.555 ms
(10 rows)

