SET
SET
SET
SET
SET
                                                                QUERY PLAN                                                                 
-------------------------------------------------------------------------------------------------------------------------------------------
 Index Scan Backward using idx on public.t (actual rows=1024.00 loops=1)
   Output: a, b
   Index Cond: ((t.a >= '-19169'::integer) AND (t.a <= '-18658'::integer))
   Index Searches: 1
   Prefetch: distance=255.701 count=910 stalls=4 skipped=14 resets=0 ungets=161 forwarded=0
             histogram [2,4) => 6, [4,8) => 6, [8,16) => 10, [16,32) => 12, [32,64) => 8, [64,128) => 6, [128,256) => 26, [256,512) => 836
   Buffers: shared hit=639 read=373
 Settings: enable_bitmapscan = 'off', enable_seqscan = 'off', max_parallel_workers_per_gather = '0'
 Planning:
   Buffers: shared hit=86 read=27
 Planning Time: 1.812 ms
 Execution Time: 14.198 ms
(12 rows)

SET
SET
SET
SET
SET
                                             QUERY PLAN                                             
----------------------------------------------------------------------------------------------------
 Index Scan Backward using idx on public.t (actual rows=1024.00 loops=1)
   Output: a, b
   Index Cond: ((t.a >= '-19169'::integer) AND (t.a <= '-18658'::integer))
   Index Searches: 1
   Buffers: shared hit=1012
 Settings: enable_bitmapscan = 'off', enable_seqscan = 'off', max_parallel_workers_per_gather = '0'
 Planning:
   Buffers: shared hit=118
 Planning Time: 0.192 ms
 Execution Time: 0.478 ms
(10 rows)

