SET
SET
SET
SET
SET
                                                                QUERY PLAN                                                                
------------------------------------------------------------------------------------------------------------------------------------------
 Index Scan Backward using idx on public.t (actual rows=256.00 loops=1)
   Output: a, b
   Index Cond: ((t.a >= '-2180'::integer) AND (t.a <= '-2053'::integer))
   Index Searches: 1
   Prefetch: distance=128.280 count=93 stalls=1 skipped=2 resets=0 ungets=15 forwarded=0
             histogram [2,4) => 2, [4,8) => 11, [8,16) => 7, [16,32) => 13, [32,64) => 15, [64,128) => 4, [128,256) => 3, [256,512) => 38
   Buffers: shared hit=105 read=149
 Settings: enable_bitmapscan = 'off', enable_seqscan = 'off', max_parallel_workers_per_gather = '0'
 Planning:
   Buffers: shared hit=86 read=27
 Planning Time: 1.392 ms
 Execution Time: 7.145 ms
(12 rows)

SET
SET
SET
SET
SET
                                             QUERY PLAN                                             
----------------------------------------------------------------------------------------------------
 Index Scan Backward using idx on public.t (actual rows=256.00 loops=1)
   Output: a, b
   Index Cond: ((t.a >= '-2180'::integer) AND (t.a <= '-2053'::integer))
   Index Searches: 1
   Buffers: shared hit=254
 Settings: enable_bitmapscan = 'off', enable_seqscan = 'off', max_parallel_workers_per_gather = '0'
 Planning:
   Buffers: shared hit=118
 Planning Time: 0.194 ms
 Execution Time: 0.226 ms
(10 rows)

