SET
SET
SET
SET
SET
                                                               QUERY PLAN                                                                
-----------------------------------------------------------------------------------------------------------------------------------------
 Index Scan using idx on public.t (actual rows=256.00 loops=1)
   Output: a, b
   Index Cond: ((t.a >= '-8029'::integer) AND (t.a <= '-7966'::integer))
   Index Searches: 1
   Prefetch: distance=247.881 count=327 stalls=1 skipped=1 resets=0 ungets=84 forwarded=3
             histogram [2,4) => 2, [4,8) => 5, [8,16) => 7, [16,32) => 11, [32,64) => 2, [64,128) => 2, [128,256) => 2, [256,512) => 296
   Buffers: shared hit=164 read=98
 Settings: enable_bitmapscan = 'off', enable_seqscan = 'off', max_parallel_workers_per_gather = '0'
 Planning:
   Buffers: shared hit=81 read=28
 Planning Time: 1.065 ms
 Execution Time: 2.682 ms
(12 rows)

SET
SET
SET
SET
SET
                                             QUERY PLAN                                             
----------------------------------------------------------------------------------------------------
 Index Scan using idx on public.t (actual rows=256.00 loops=1)
   Output: a, b
   Index Cond: ((t.a >= '-8029'::integer) AND (t.a <= '-7966'::integer))
   Index Searches: 1
   Buffers: shared hit=262
 Settings: enable_bitmapscan = 'off', enable_seqscan = 'off', max_parallel_workers_per_gather = '0'
 Planning:
   Buffers: shared hit=114
 Planning Time: 0.135 ms
 Execution Time: 0.095 ms
(10 rows)

