SET
SET
SET
SET
SET
                                                                    QUERY PLAN                                                                     
---------------------------------------------------------------------------------------------------------------------------------------------------
 Index Scan Backward using idx on public.t (actual rows=8192.00 loops=1)
   Output: a, b
   Index Cond: ((t.a >= '-35902'::integer) AND (t.a <= '-31807'::integer))
   Index Searches: 1
   Prefetch: distance=220.644 count=2953 stalls=4844 skipped=169 resets=0 ungets=123 forwarded=0
             histogram [2,4) => 124, [4,8) => 25, [8,16) => 34, [16,32) => 58, [32,64) => 49, [64,128) => 109, [128,256) => 991, [256,512) => 1563
   Buffers: shared hit=7543 read=497
 Settings: enable_bitmapscan = 'off', enable_seqscan = 'off', max_parallel_workers_per_gather = '0'
 Planning:
   Buffers: shared hit=86 read=27
 Planning Time: 2.170 ms
 Execution Time: 18.683 ms
(12 rows)

SET
SET
SET
SET
SET
                                             QUERY PLAN                                             
----------------------------------------------------------------------------------------------------
 Index Scan Backward using idx on public.t (actual rows=8192.00 loops=1)
   Output: a, b
   Index Cond: ((t.a >= '-35902'::integer) AND (t.a <= '-31807'::integer))
   Index Searches: 1
   Buffers: shared hit=8040
 Settings: enable_bitmapscan = 'off', enable_seqscan = 'off', max_parallel_workers_per_gather = '0'
 Planning:
   Buffers: shared hit=118
 Planning Time: 0.186 ms
 Execution Time: 1.634 ms
(10 rows)

