SET
SET
SET
SET
SET
                                             QUERY PLAN                                             
----------------------------------------------------------------------------------------------------
 Index Scan using idx on public.t (actual rows=2048.00 loops=1)
   Output: a, b
   Index Cond: ((t.a >= '-16464'::integer) AND (t.a <= '-15953'::integer))
   Index Searches: 1
   Prefetch: distance=2.072 count=166 stalls=1505 skipped=26 resets=0 ungets=0 forwarded=2
             histogram [2,4) => 162, [4,8) => 4
   Buffers: shared hit=1843 read=187
 Settings: enable_bitmapscan = 'off', enable_seqscan = 'off', max_parallel_workers_per_gather = '0'
 Planning:
   Buffers: shared hit=81 read=28
 Planning Time: 2.049 ms
 Execution Time: 11.515 ms
(12 rows)

SET
SET
SET
SET
SET
                                             QUERY PLAN                                             
----------------------------------------------------------------------------------------------------
 Index Scan using idx on public.t (actual rows=2048.00 loops=1)
   Output: a, b
   Index Cond: ((t.a >= '-16464'::integer) AND (t.a <= '-15953'::integer))
   Index Searches: 1
   Buffers: shared hit=2030
 Settings: enable_bitmapscan = 'off', enable_seqscan = 'off', max_parallel_workers_per_gather = '0'
 Planning:
   Buffers: shared hit=114
 Planning Time: 0.197 ms
 Execution Time: 0.485 ms
(10 rows)

