SET
SET
SET
SET
SET
                                             QUERY PLAN                                             
----------------------------------------------------------------------------------------------------
 Index Scan using idx on public.t (actual rows=8192.00 loops=1)
   Output: a, b
   Index Cond: ((t.a >= '-28389'::integer) AND (t.a <= '-26342'::integer))
   Index Searches: 1
   Prefetch: distance=2.108 count=752 stalls=6690 skipped=127 resets=0 ungets=0 forwarded=0
             histogram [2,4) => 726, [4,8) => 26
   Buffers: shared hit=7579 read=492
 Settings: enable_bitmapscan = 'off', enable_seqscan = 'off', max_parallel_workers_per_gather = '0'
 Planning:
   Buffers: shared hit=81 read=28
 Planning Time: 2.065 ms
 Execution Time: 29.433 ms
(12 rows)

SET
SET
SET
SET
SET
                                             QUERY PLAN                                             
----------------------------------------------------------------------------------------------------
 Index Scan using idx on public.t (actual rows=8192.00 loops=1)
   Output: a, b
   Index Cond: ((t.a >= '-28389'::integer) AND (t.a <= '-26342'::integer))
   Index Searches: 1
   Buffers: shared hit=8071
 Settings: enable_bitmapscan = 'off', enable_seqscan = 'off', max_parallel_workers_per_gather = '0'
 Planning:
   Buffers: shared hit=114
 Planning Time: 0.213 ms
 Execution Time: 1.523 ms
(10 rows)

