SET
SET
SET
SET
SET
                                                               QUERY PLAN                                                               
----------------------------------------------------------------------------------------------------------------------------------------
 Index Scan using idx on public.t (actual rows=512.00 loops=1)
   Output: a, b
   Index Cond: ((t.a >= '-30441'::integer) AND (t.a <= '-30186'::integer))
   Index Searches: 1
   Prefetch: distance=253.966 count=469 stalls=4 skipped=5 resets=0 ungets=133 forwarded=2
             histogram [2,4) => 4, [4,8) => 5, [8,16) => 8, [16,32) => 9, [32,64) => 3, [64,128) => 2, [128,256) => 2, [256,512) => 436
   Buffers: shared hit=225 read=286
 Settings: enable_bitmapscan = 'off', enable_seqscan = 'off', max_parallel_workers_per_gather = '0'
 Planning:
   Buffers: shared hit=82 read=27
 Planning Time: 1.817 ms
 Execution Time: 11.867 ms
(12 rows)

SET
SET
SET
SET
SET
                                             QUERY PLAN                                             
----------------------------------------------------------------------------------------------------
 Index Scan using idx on public.t (actual rows=512.00 loops=1)
   Output: a, b
   Index Cond: ((t.a >= '-30441'::integer) AND (t.a <= '-30186'::integer))
   Index Searches: 1
   Buffers: shared hit=511
 Settings: enable_bitmapscan = 'off', enable_seqscan = 'off', max_parallel_workers_per_gather = '0'
 Planning:
   Buffers: shared hit=114
 Planning Time: 0.206 ms
 Execution Time: 0.405 ms
(10 rows)

