SET
SET
SET
SET
SET
                                                                QUERY PLAN                                                                 
-------------------------------------------------------------------------------------------------------------------------------------------
 Index Scan using idx on public.t (actual rows=1024.00 loops=1)
   Output: a, b
   Index Cond: ((t.a >= '-8779'::integer) AND (t.a <= '-8268'::integer))
   Index Searches: 1
   Prefetch: distance=251.026 count=845 stalls=7 skipped=12 resets=0 ungets=125 forwarded=4
             histogram [2,4) => 6, [4,8) => 3, [8,16) => 9, [16,32) => 15, [32,64) => 17, [64,128) => 6, [128,256) => 74, [256,512) => 715
   Buffers: shared hit=675 read=337
 Settings: enable_bitmapscan = 'off', enable_seqscan = 'off', max_parallel_workers_per_gather = '0'
 Planning:
   Buffers: shared hit=82 read=27
 Planning Time: 2.196 ms
 Execution Time: 14.100 ms
(12 rows)

SET
SET
SET
SET
SET
                                             QUERY PLAN                                             
----------------------------------------------------------------------------------------------------
 Index Scan using idx on public.t (actual rows=1024.00 loops=1)
   Output: a, b
   Index Cond: ((t.a >= '-8779'::integer) AND (t.a <= '-8268'::integer))
   Index Searches: 1
   Buffers: shared hit=1012
 Settings: enable_bitmapscan = 'off', enable_seqscan = 'off', max_parallel_workers_per_gather = '0'
 Planning:
   Buffers: shared hit=114
 Planning Time: 0.195 ms
 Execution Time: 0.453 ms
(10 rows)

