SET
SET
SET
SET
SET
                                                                    QUERY PLAN                                                                     
---------------------------------------------------------------------------------------------------------------------------------------------------
 Index Scan using idx on public.t (actual rows=4096.00 loops=1)
   Output: a, b
   Index Cond: ((t.a >= '-28864'::integer) AND (t.a <= '-26817'::integer))
   Index Searches: 1
   Prefetch: distance=224.499 count=3371 stalls=585 skipped=77 resets=0 ungets=198 forwarded=8
             histogram [2,4) => 36, [4,8) => 18, [8,16) => 26, [16,32) => 26, [32,64) => 72, [64,128) => 213, [128,256) => 1302, [256,512) => 1678
   Buffers: shared hit=3590 read=443
 Settings: enable_bitmapscan = 'off', enable_seqscan = 'off', max_parallel_workers_per_gather = '0'
 Planning:
   Buffers: shared hit=82 read=27
 Planning Time: 2.276 ms
 Execution Time: 17.914 ms
(12 rows)

SET
SET
SET
SET
SET
                                             QUERY PLAN                                             
----------------------------------------------------------------------------------------------------
 Index Scan using idx on public.t (actual rows=4096.00 loops=1)
   Output: a, b
   Index Cond: ((t.a >= '-28864'::integer) AND (t.a <= '-26817'::integer))
   Index Searches: 1
   Buffers: shared hit=4033
 Settings: enable_bitmapscan = 'off', enable_seqscan = 'off', max_parallel_workers_per_gather = '0'
 Planning:
   Buffers: shared hit=114
 Planning Time: 0.183 ms
 Execution Time: 0.987 ms
(10 rows)

