SET
SET
SET
SET
SET
                                                                       QUERY PLAN                                                                        
---------------------------------------------------------------------------------------------------------------------------------------------------------
 Index Scan using idx on public.t (actual rows=1048576.00 loops=1)
   Output: a, b
   Index Cond: ((t.a >= '-533795'::integer) AND (t.a <= '-9508'::integer))
   Index Searches: 1
   Prefetch: distance=85.907 count=42409 stalls=983330 skipped=22520 resets=0 ungets=84 forwarded=19
             histogram [2,4) => 23998, [4,8) => 2290, [8,16) => 46, [16,32) => 41, [32,64) => 63, [64,128) => 570, [128,256) => 11014, [256,512) => 4387
   Buffers: shared hit=1013366 read=15274
 Settings: enable_bitmapscan = 'off', enable_seqscan = 'off', max_parallel_workers_per_gather = '0'
 Planning:
   Buffers: shared hit=78 read=27
 Planning Time: 2.206 ms
 Execution Time: 814.602 ms
(12 rows)

SET
SET
SET
SET
SET
                                             QUERY PLAN                                             
----------------------------------------------------------------------------------------------------
 Index Scan using idx on public.t (actual rows=1048576.00 loops=1)
   Output: a, b
   Index Cond: ((t.a >= '-533795'::integer) AND (t.a <= '-9508'::integer))
   Index Searches: 1
   Buffers: shared hit=1028640
 Settings: enable_bitmapscan = 'off', enable_seqscan = 'off', max_parallel_workers_per_gather = '0'
 Planning:
   Buffers: shared hit=110
 Planning Time: 0.188 ms
 Execution Time: 153.230 ms
(10 rows)

