SET
SET
SET
SET
SET
                                                                      QUERY PLAN                                                                      
------------------------------------------------------------------------------------------------------------------------------------------------------
 Index Scan using idx on public.t (actual rows=131072.00 loops=1)
   Output: a, b
   Index Cond: ((t.a >= '-92885'::integer) AND (t.a <= '-27350'::integer))
   Index Searches: 1
   Prefetch: distance=184.773 count=15861 stalls=112736 skipped=2859 resets=0 ungets=391 forwarded=16
             histogram [2,4) => 2774, [4,8) => 240, [8,16) => 18, [16,32) => 22, [32,64) => 34, [64,128) => 444, [128,256) => 7793, [256,512) => 4536
   Buffers: shared hit=126293 read=2249
 Settings: enable_bitmapscan = 'off', enable_seqscan = 'off', max_parallel_workers_per_gather = '0'
 Planning:
   Buffers: shared hit=82 read=27
 Planning Time: 2.179 ms
 Execution Time: 103.238 ms
(12 rows)

SET
SET
SET
SET
SET
                                             QUERY PLAN                                             
----------------------------------------------------------------------------------------------------
 Index Scan using idx on public.t (actual rows=131072.00 loops=1)
   Output: a, b
   Index Cond: ((t.a >= '-92885'::integer) AND (t.a <= '-27350'::integer))
   Index Searches: 1
   Buffers: shared hit=128542
 Settings: enable_bitmapscan = 'off', enable_seqscan = 'off', max_parallel_workers_per_gather = '0'
 Planning:
   Buffers: shared hit=114
 Planning Time: 0.212 ms
 Execution Time: 18.426 ms
(10 rows)

