SET
SET
SET
SET
SET
                                                                    QUERY PLAN                                                                    
--------------------------------------------------------------------------------------------------------------------------------------------------
 Index Scan using idx on public.t (actual rows=8192.00 loops=1)
   Output: a, b
   Index Cond: ((t.a >= '-12144'::integer) AND (t.a <= '-8049'::integer))
   Index Searches: 1
   Prefetch: distance=218.258 count=4159 stalls=4036 skipped=162 resets=0 ungets=278 forwarded=14
             histogram [2,4) => 70, [4,8) => 9, [8,16) => 13, [16,32) => 32, [32,64) => 41, [64,128) => 371, [128,256) => 1624, [256,512) => 1999
   Buffers: shared hit=7601 read=455
 Settings: enable_bitmapscan = 'off', enable_seqscan = 'off', max_parallel_workers_per_gather = '0'
 Planning:
   Buffers: shared hit=82 read=27
 Planning Time: 2.198 ms
 Execution Time: 12.565 ms
(12 rows)

SET
SET
SET
SET
SET
                                             QUERY PLAN                                             
----------------------------------------------------------------------------------------------------
 Index Scan using idx on public.t (actual rows=8192.00 loops=1)
   Output: a, b
   Index Cond: ((t.a >= '-12144'::integer) AND (t.a <= '-8049'::integer))
   Index Searches: 1
   Buffers: shared hit=8056
 Settings: enable_bitmapscan = 'off', enable_seqscan = 'off', max_parallel_workers_per_gather = '0'
 Planning:
   Buffers: shared hit=114
 Planning Time: 0.169 ms
 Execution Time: 1.524 ms
(10 rows)

