SET
SET
SET
SET
SET
                                                                   QUERY PLAN                                                                    
-------------------------------------------------------------------------------------------------------------------------------------------------
 Index Scan using idx on public.t (actual rows=262144.00 loops=1)
   Output: a, b
   Index Cond: ((t.a >= '-71509'::integer) AND (t.a <= '-5974'::integer))
   Index Searches: 1
   Prefetch: distance=264.186 count=284333 stalls=1 skipped=3874 resets=0 ungets=26155 forwarded=637
             histogram [2,4) => 2, [4,8) => 6, [8,16) => 9, [16,32) => 21, [32,64) => 16, [64,128) => 4, [128,256) => 39754, [256,512) => 244521
   Buffers: shared hit=245675 read=12963
 Settings: enable_bitmapscan = 'off', enable_seqscan = 'off', max_parallel_workers_per_gather = '0'
 Planning:
   Buffers: shared hit=77 read=28
 Planning Time: 2.095 ms
 Execution Time: 284.883 ms
(12 rows)

SET
SET
SET
SET
SET
                                             QUERY PLAN                                             
----------------------------------------------------------------------------------------------------
 Index Scan using idx on public.t (actual rows=262144.00 loops=1)
   Output: a, b
   Index Cond: ((t.a >= '-71509'::integer) AND (t.a <= '-5974'::integer))
   Index Searches: 1
   Buffers: shared hit=258668
 Settings: enable_bitmapscan = 'off', enable_seqscan = 'off', max_parallel_workers_per_gather = '0'
 Planning:
   Buffers: shared hit=110
 Planning Time: 0.222 ms
 Execution Time: 43.918 ms
(10 rows)

