SET
SET
SET
SET
SET
                                                                    QUERY PLAN                                                                    
--------------------------------------------------------------------------------------------------------------------------------------------------
 Index Scan using idx on public.t (actual rows=524288.00 loops=1)
   Output: a, b
   Index Cond: ((t.a >= '-162023'::integer) AND (t.a <= '-30952'::integer))
   Index Searches: 1
   Prefetch: distance=264.237 count=569089 stalls=3 skipped=7632 resets=0 ungets=52527 forwarded=1261
             histogram [2,4) => 4, [4,8) => 7, [8,16) => 12, [16,32) => 21, [32,64) => 15, [64,128) => 2, [128,256) => 78988, [256,512) => 490040
   Buffers: shared hit=491565 read=25835
 Settings: enable_bitmapscan = 'off', enable_seqscan = 'off', max_parallel_workers_per_gather = '0'
 Planning:
   Buffers: shared hit=77 read=28
 Planning Time: 2.055 ms
 Execution Time: 567.493 ms
(12 rows)

SET
SET
SET
SET
SET
                                             QUERY PLAN                                             
----------------------------------------------------------------------------------------------------
 Index Scan using idx on public.t (actual rows=524288.00 loops=1)
   Output: a, b
   Index Cond: ((t.a >= '-162023'::integer) AND (t.a <= '-30952'::integer))
   Index Searches: 1
   Buffers: shared hit=517447
 Settings: enable_bitmapscan = 'off', enable_seqscan = 'off', max_parallel_workers_per_gather = '0'
 Planning:
   Buffers: shared hit=110
 Planning Time: 0.218 ms
 Execution Time: 86.165 ms
(10 rows)

