SET
SET
SET
SET
SET
                                                                    QUERY PLAN                                                                     
---------------------------------------------------------------------------------------------------------------------------------------------------
 Index Scan using idx on public.t (actual rows=8192.00 loops=1)
   Output: a, b
   Index Cond: ((t.a >= '-17021'::integer) AND (t.a <= '-12926'::integer))
   Index Searches: 1
   Prefetch: distance=220.564 count=5952 stalls=2228 skipped=167 resets=0 ungets=278 forwarded=5
             histogram [2,4) => 55, [4,8) => 11, [8,16) => 26, [16,32) => 29, [32,64) => 92, [64,128) => 432, [128,256) => 2924, [256,512) => 2383
   Buffers: shared hit=7557 read=493
 Settings: enable_bitmapscan = 'off', enable_seqscan = 'off', max_parallel_workers_per_gather = '0'
 Planning:
   Buffers: shared hit=82 read=27
 Planning Time: 2.170 ms
 Execution Time: 14.749 ms
(12 rows)

SET
SET
SET
SET
SET
                                             QUERY PLAN                                             
----------------------------------------------------------------------------------------------------
 Index Scan using idx on public.t (actual rows=8192.00 loops=1)
   Output: a, b
   Index Cond: ((t.a >= '-17021'::integer) AND (t.a <= '-12926'::integer))
   Index Searches: 1
   Buffers: shared hit=8050
 Settings: enable_bitmapscan = 'off', enable_seqscan = 'off', max_parallel_workers_per_gather = '0'
 Planning:
   Buffers: shared hit=114
 Planning Time: 0.197 ms
 Execution Time: 1.669 ms
(10 rows)

