SET
SET
SET
SET
SET
                                                                    QUERY PLAN                                                                    
--------------------------------------------------------------------------------------------------------------------------------------------------
 Index Scan using idx on public.t (actual rows=4096.00 loops=1)
   Output: a, b
   Index Cond: ((t.a >= '-9730'::integer) AND (t.a <= '-7683'::integer))
   Index Searches: 1
   Prefetch: distance=230.683 count=3858 stalls=194 skipped=94 resets=0 ungets=207 forwarded=6
             histogram [2,4) => 12, [4,8) => 13, [8,16) => 15, [16,32) => 28, [32,64) => 34, [64,128) => 88, [128,256) => 1755, [256,512) => 1913
   Buffers: shared hit=3625 read=392
 Settings: enable_bitmapscan = 'off', enable_seqscan = 'off', max_parallel_workers_per_gather = '0'
 Planning:
   Buffers: shared hit=82 read=27
 Planning Time: 2.169 ms
 Execution Time: 12.092 ms
(12 rows)

SET
SET
SET
SET
SET
                                             QUERY PLAN                                             
----------------------------------------------------------------------------------------------------
 Index Scan using idx on public.t (actual rows=4096.00 loops=1)
   Output: a, b
   Index Cond: ((t.a >= '-9730'::integer) AND (t.a <= '-7683'::integer))
   Index Searches: 1
   Buffers: shared hit=4017
 Settings: enable_bitmapscan = 'off', enable_seqscan = 'off', max_parallel_workers_per_gather = '0'
 Planning:
   Buffers: shared hit=114
 Planning Time: 0.196 ms
 Execution Time: 1.029 ms
(10 rows)

