SET
SET
SET
SET
SET
                                                                     QUERY PLAN                                                                     
----------------------------------------------------------------------------------------------------------------------------------------------------
 Index Scan using idx on public.t (actual rows=16384.00 loops=1)
   Output: a, b
   Index Cond: ((t.a >= '-34935'::integer) AND (t.a <= '-26744'::integer))
   Index Searches: 1
   Prefetch: distance=225.850 count=15308 stalls=732 skipped=331 resets=0 ungets=210 forwarded=9
             histogram [2,4) => 22, [4,8) => 20, [8,16) => 19, [16,32) => 25, [32,64) => 82, [64,128) => 363, [128,256) => 10048, [256,512) => 4729
   Buffers: shared hit=15472 read=620
 Settings: enable_bitmapscan = 'off', enable_seqscan = 'off', max_parallel_workers_per_gather = '0'
 Planning:
   Buffers: shared hit=82 read=27
 Planning Time: 2.160 ms
 Execution Time: 20.012 ms
(12 rows)

SET
SET
SET
SET
SET
                                             QUERY PLAN                                             
----------------------------------------------------------------------------------------------------
 Index Scan using idx on public.t (actual rows=16384.00 loops=1)
   Output: a, b
   Index Cond: ((t.a >= '-34935'::integer) AND (t.a <= '-26744'::integer))
   Index Searches: 1
   Buffers: shared hit=16093
 Settings: enable_bitmapscan = 'off', enable_seqscan = 'off', max_parallel_workers_per_gather = '0'
 Planning:
   Buffers: shared hit=114
 Planning Time: 0.197 ms
 Execution Time: 3.108 ms
(10 rows)

