SET
SET
SET
SET
SET
                                                                      QUERY PLAN                                                                       
-------------------------------------------------------------------------------------------------------------------------------------------------------
 Index Scan using idx on public.t (actual rows=131072.00 loops=1)
   Output: a, b
   Index Cond: ((t.a >= '-95056'::integer) AND (t.a <= '-29521'::integer))
   Index Searches: 1
   Prefetch: distance=192.545 count=19528 stalls=108590 skipped=2852 resets=0 ungets=187 forwarded=14
             histogram [2,4) => 2684, [4,8) => 233, [8,16) => 16, [16,32) => 30, [32,64) => 43, [64,128) => 478, [128,256) => 11005, [256,512) => 5039
   Buffers: shared hit=126289 read=2256
 Settings: enable_bitmapscan = 'off', enable_seqscan = 'off', max_parallel_workers_per_gather = '0'
 Planning:
   Buffers: shared hit=82 read=27
 Planning Time: 2.183 ms
 Execution Time: 112.420 ms
(12 rows)

SET
SET
SET
SET
SET
                                             QUERY PLAN                                             
----------------------------------------------------------------------------------------------------
 Index Scan using idx on public.t (actual rows=131072.00 loops=1)
   Output: a, b
   Index Cond: ((t.a >= '-95056'::integer) AND (t.a <= '-29521'::integer))
   Index Searches: 1
   Buffers: shared hit=128545
 Settings: enable_bitmapscan = 'off', enable_seqscan = 'off', max_parallel_workers_per_gather = '0'
 Planning:
   Buffers: shared hit=114
 Planning Time: 0.185 ms
 Execution Time: 17.835 ms
(10 rows)

