SET
SET
SET
SET
SET
                                                                       QUERY PLAN                                                                       
--------------------------------------------------------------------------------------------------------------------------------------------------------
 Index Scan using idx on public.t (actual rows=524288.00 loops=1)
   Output: a, b
   Index Cond: ((t.a >= '-262186'::integer) AND (t.a <= '-43'::integer))
   Index Searches: 1
   Prefetch: distance=112.658 count=25063 stalls=488342 skipped=11259 resets=0 ungets=381 forwarded=14
             histogram [2,4) => 11553, [4,8) => 1088, [8,16) => 16, [16,32) => 34, [32,64) => 81, [64,128) => 564, [128,256) => 7629, [256,512) => 4098
   Buffers: shared hit=506670 read=7657
 Settings: enable_bitmapscan = 'off', enable_seqscan = 'off', max_parallel_workers_per_gather = '0'
 Planning:
   Buffers: shared hit=78 read=27
 Planning Time: 2.160 ms
 Execution Time: 392.941 ms
(12 rows)

SET
SET
SET
SET
SET
                                             QUERY PLAN                                             
----------------------------------------------------------------------------------------------------
 Index Scan using idx on public.t (actual rows=524288.00 loops=1)
   Output: a, b
   Index Cond: ((t.a >= '-262186'::integer) AND (t.a <= '-43'::integer))
   Index Searches: 1
   Buffers: shared hit=514327
 Settings: enable_bitmapscan = 'off', enable_seqscan = 'off', max_parallel_workers_per_gather = '0'
 Planning:
   Buffers: shared hit=110
 Planning Time: 0.193 ms
 Execution Time: 74.244 ms
(10 rows)

