SET
SET
SET
SET
SET
                                                               QUERY PLAN                                                               
----------------------------------------------------------------------------------------------------------------------------------------
 Index Scan using idx on public.t (actual rows=256.00 loops=1)
   Output: a, b
   Index Cond: ((t.a >= '-6298'::integer) AND (t.a <= '-6171'::integer))
   Index Searches: 1
   Prefetch: distance=100.156 count=64 stalls=2 skipped=5 resets=0 ungets=10 forwarded=1
             histogram [2,4) => 8, [4,8) => 4, [8,16) => 9, [16,32) => 9, [32,64) => 10, [64,128) => 2, [128,256) => 2, [256,512) => 20
   Buffers: shared hit=67 read=185
 Settings: enable_bitmapscan = 'off', enable_seqscan = 'off', max_parallel_workers_per_gather = '0'
 Planning:
   Buffers: shared hit=82 read=27
 Planning Time: 1.479 ms
 Execution Time: 8.385 ms
(12 rows)

SET
SET
SET
SET
SET
                                             QUERY PLAN                                             
----------------------------------------------------------------------------------------------------
 Index Scan using idx on public.t (actual rows=256.00 loops=1)
   Output: a, b
   Index Cond: ((t.a >= '-6298'::integer) AND (t.a <= '-6171'::integer))
   Index Searches: 1
   Buffers: shared hit=252
 Settings: enable_bitmapscan = 'off', enable_seqscan = 'off', max_parallel_workers_per_gather = '0'
 Planning:
   Buffers: shared hit=114
 Planning Time: 0.197 ms
 Execution Time: 0.259 ms
(10 rows)

