SET
SET
SET
SET
SET
                                                                   QUERY PLAN                                                                    
-------------------------------------------------------------------------------------------------------------------------------------------------
 Index Scan using idx on public.t (actual rows=4096.00 loops=1)
   Output: a, b
   Index Cond: ((t.a >= '-8236'::integer) AND (t.a <= '-6189'::integer))
   Index Searches: 1
   Prefetch: distance=222.376 count=2905 stalls=1419 skipped=100 resets=0 ungets=339 forwarded=8
             histogram [2,4) => 20, [4,8) => 8, [8,16) => 13, [16,32) => 39, [32,64) => 47, [64,128) => 344, [128,256) => 718, [256,512) => 1716
   Buffers: shared hit=3635 read=378
 Settings: enable_bitmapscan = 'off', enable_seqscan = 'off', max_parallel_workers_per_gather = '0'
 Planning:
   Buffers: shared hit=82 read=27
 Planning Time: 2.192 ms
 Execution Time: 6.180 ms
(12 rows)

SET
SET
SET
SET
SET
                                             QUERY PLAN                                             
----------------------------------------------------------------------------------------------------
 Index Scan using idx on public.t (actual rows=4096.00 loops=1)
   Output: a, b
   Index Cond: ((t.a >= '-8236'::integer) AND (t.a <= '-6189'::integer))
   Index Searches: 1
   Buffers: shared hit=4013
 Settings: enable_bitmapscan = 'off', enable_seqscan = 'off', max_parallel_workers_per_gather = '0'
 Planning:
   Buffers: shared hit=114
 Planning Time: 0.173 ms
 Execution Time: 0.916 ms
(10 rows)

