SET
SET
SET
SET
SET
                                                                 QUERY PLAN                                                                  
---------------------------------------------------------------------------------------------------------------------------------------------
 Index Scan using idx on public.t (actual rows=2048.00 loops=1)
   Output: a, b
   Index Cond: ((t.a >= '-19519'::integer) AND (t.a <= '-18496'::integer))
   Index Searches: 1
   Prefetch: distance=254.120 count=1959 stalls=1 skipped=42 resets=0 ungets=201 forwarded=5
             histogram [2,4) => 6, [4,8) => 4, [8,16) => 7, [16,32) => 14, [32,64) => 14, [64,128) => 5, [128,256) => 467, [256,512) => 1442
   Buffers: shared hit=1600 read=405
 Settings: enable_bitmapscan = 'off', enable_seqscan = 'off', max_parallel_workers_per_gather = '0'
 Planning:
   Buffers: shared hit=82 read=27
 Planning Time: 2.200 ms
 Execution Time: 16.521 ms
(12 rows)

SET
SET
SET
SET
SET
                                             QUERY PLAN                                             
----------------------------------------------------------------------------------------------------
 Index Scan using idx on public.t (actual rows=2048.00 loops=1)
   Output: a, b
   Index Cond: ((t.a >= '-19519'::integer) AND (t.a <= '-18496'::integer))
   Index Searches: 1
   Buffers: shared hit=2005
 Settings: enable_bitmapscan = 'off', enable_seqscan = 'off', max_parallel_workers_per_gather = '0'
 Planning:
   Buffers: shared hit=114
 Planning Time: 0.188 ms
 Execution Time: 0.684 ms
(10 rows)

