SET
SET
SET
SET
SET
                                                                    QUERY PLAN                                                                     
---------------------------------------------------------------------------------------------------------------------------------------------------
 Index Scan using idx on public.t (actual rows=8192.00 loops=1)
   Output: a, b
   Index Cond: ((t.a >= '-8172'::integer) AND (t.a <= '-4077'::integer))
   Index Searches: 1
   Prefetch: distance=219.256 count=2906 stalls=4959 skipped=170 resets=0 ungets=132 forwarded=5
             histogram [2,4) => 78, [4,8) => 19, [8,16) => 17, [16,32) => 27, [32,64) => 46, [64,128) => 180, [128,256) => 1256, [256,512) => 1283
   Buffers: shared hit=7636 read=403
 Settings: enable_bitmapscan = 'off', enable_seqscan = 'off', max_parallel_workers_per_gather = '0'
 Planning:
   Buffers: shared hit=82 read=27
 Planning Time: 2.166 ms
 Execution Time: 15.901 ms
(12 rows)

SET
SET
SET
SET
SET
                                             QUERY PLAN                                             
----------------------------------------------------------------------------------------------------
 Index Scan using idx on public.t (actual rows=8192.00 loops=1)
   Output: a, b
   Index Cond: ((t.a >= '-8172'::integer) AND (t.a <= '-4077'::integer))
   Index Searches: 1
   Buffers: shared hit=8039
 Settings: enable_bitmapscan = 'off', enable_seqscan = 'off', max_parallel_workers_per_gather = '0'
 Planning:
   Buffers: shared hit=114
 Planning Time: 0.184 ms
 Execution Time: 1.543 ms
(10 rows)

