SET
SET
SET
SET
SET
                                                                QUERY PLAN                                                                
------------------------------------------------------------------------------------------------------------------------------------------
 Index Scan using idx on public.t (actual rows=512.00 loops=1)
   Output: a, b
   Index Cond: ((t.a >= '-14598'::integer) AND (t.a <= '-14343'::integer))
   Index Searches: 1
   Prefetch: distance=247.669 count=486 stalls=3 skipped=7 resets=0 ungets=133 forwarded=5
             histogram [2,4) => 4, [4,8) => 12, [8,16) => 7, [16,32) => 18, [32,64) => 2, [64,128) => 2, [128,256) => 3, [256,512) => 438
   Buffers: shared hit=229 read=280
 Settings: enable_bitmapscan = 'off', enable_seqscan = 'off', max_parallel_workers_per_gather = '0'
 Planning:
   Buffers: shared hit=82 read=27
 Planning Time: 1.304 ms
 Execution Time: 9.714 ms
(12 rows)

SET
SET
SET
SET
SET
                                             QUERY PLAN                                             
----------------------------------------------------------------------------------------------------
 Index Scan using idx on public.t (actual rows=512.00 loops=1)
   Output: a, b
   Index Cond: ((t.a >= '-14598'::integer) AND (t.a <= '-14343'::integer))
   Index Searches: 1
   Buffers: shared hit=509
 Settings: enable_bitmapscan = 'off', enable_seqscan = 'off', max_parallel_workers_per_gather = '0'
 Planning:
   Buffers: shared hit=114
 Planning Time: 0.192 ms
 Execution Time: 0.352 ms
(10 rows)

