SET
SET
SET
SET
SET
                                                                 QUERY PLAN                                                                  
---------------------------------------------------------------------------------------------------------------------------------------------
 Index Scan using idx on public.t (actual rows=2048.00 loops=1)
   Output: a, b
   Index Cond: ((t.a >= '-7675'::integer) AND (t.a <= '-6652'::integer))
   Index Searches: 1
   Prefetch: distance=254.611 count=2134 stalls=1 skipped=42 resets=0 ungets=236 forwarded=6
             histogram [2,4) => 8, [4,8) => 4, [8,16) => 10, [16,32) => 9, [32,64) => 16, [64,128) => 2, [128,256) => 534, [256,512) => 1551
   Buffers: shared hit=1659 read=353
 Settings: enable_bitmapscan = 'off', enable_seqscan = 'off', max_parallel_workers_per_gather = '0'
 Planning:
   Buffers: shared hit=82 read=27
 Planning Time: 2.174 ms
 Execution Time: 9.299 ms
(12 rows)

SET
SET
SET
SET
SET
                                             QUERY PLAN                                             
----------------------------------------------------------------------------------------------------
 Index Scan using idx on public.t (actual rows=2048.00 loops=1)
   Output: a, b
   Index Cond: ((t.a >= '-7675'::integer) AND (t.a <= '-6652'::integer))
   Index Searches: 1
   Buffers: shared hit=2012
 Settings: enable_bitmapscan = 'off', enable_seqscan = 'off', max_parallel_workers_per_gather = '0'
 Planning:
   Buffers: shared hit=114
 Planning Time: 0.189 ms
 Execution Time: 0.650 ms
(10 rows)

