SET
SET
SET
SET
SET
                                                                   QUERY PLAN                                                                    
-------------------------------------------------------------------------------------------------------------------------------------------------
 Index Scan using idx on public.t (actual rows=8192.00 loops=1)
   Output: a, b
   Index Cond: ((t.a >= '-33345'::integer) AND (t.a <= '-29250'::integer))
   Index Searches: 1
   Prefetch: distance=236.209 count=7891 stalls=2 skipped=173 resets=0 ungets=165 forwarded=10
             histogram [2,4) => 4, [4,8) => 16, [8,16) => 10, [16,32) => 10, [32,64) => 20, [64,128) => 60, [128,256) => 4647, [256,512) => 3124
   Buffers: shared hit=7547 read=494
 Settings: enable_bitmapscan = 'off', enable_seqscan = 'off', max_parallel_workers_per_gather = '0'
 Planning:
   Buffers: shared hit=82 read=27
 Planning Time: 2.208 ms
 Execution Time: 16.663 ms
(12 rows)

SET
SET
SET
SET
SET
                                             QUERY PLAN                                             
----------------------------------------------------------------------------------------------------
 Index Scan using idx on public.t (actual rows=8192.00 loops=1)
   Output: a, b
   Index Cond: ((t.a >= '-33345'::integer) AND (t.a <= '-29250'::integer))
   Index Searches: 1
   Buffers: shared hit=8041
 Settings: enable_bitmapscan = 'off', enable_seqscan = 'off', max_parallel_workers_per_gather = '0'
 Planning:
   Buffers: shared hit=114
 Planning Time: 0.177 ms
 Execution Time: 0.930 ms
(10 rows)

