SET
SET
SET
SET
SET
                                                                   QUERY PLAN                                                                    
-------------------------------------------------------------------------------------------------------------------------------------------------
 Index Scan using idx on public.t (actual rows=4096.00 loops=1)
   Output: a, b
   Index Cond: ((t.a >= '-11346'::integer) AND (t.a <= '-9299'::integer))
   Index Searches: 1
   Prefetch: distance=228.853 count=4121 stalls=1 skipped=80 resets=0 ungets=247 forwarded=8
             histogram [2,4) => 4, [4,8) => 6, [8,16) => 12, [16,32) => 11, [32,64) => 48, [64,128) => 262, [128,256) => 1754, [256,512) => 2024
   Buffers: shared hit=3618 read=413
 Settings: enable_bitmapscan = 'off', enable_seqscan = 'off', max_parallel_workers_per_gather = '0'
 Planning:
   Buffers: shared hit=82 read=27
 Planning Time: 2.203 ms
 Execution Time: 11.991 ms
(12 rows)

SET
SET
SET
SET
SET
                                             QUERY PLAN                                             
----------------------------------------------------------------------------------------------------
 Index Scan using idx on public.t (actual rows=4096.00 loops=1)
   Output: a, b
   Index Cond: ((t.a >= '-11346'::integer) AND (t.a <= '-9299'::integer))
   Index Searches: 1
   Buffers: shared hit=4031
 Settings: enable_bitmapscan = 'off', enable_seqscan = 'off', max_parallel_workers_per_gather = '0'
 Planning:
   Buffers: shared hit=114
 Planning Time: 0.177 ms
 Execution Time: 1.015 ms
(10 rows)

