SET
SET
SET
SET
SET
                                                               QUERY PLAN                                                                
-----------------------------------------------------------------------------------------------------------------------------------------
 Index Scan using idx on public.t (actual rows=512.00 loops=1)
   Output: a, b
   Index Cond: ((t.a >= '-13007'::integer) AND (t.a <= '-12752'::integer))
   Index Searches: 1
   Prefetch: distance=248.476 count=393 stalls=1 skipped=5 resets=0 ungets=102 forwarded=1
             histogram [2,4) => 4, [4,8) => 4, [8,16) => 6, [16,32) => 17, [32,64) => 2, [64,128) => 2, [128,256) => 2, [256,512) => 356
   Buffers: shared hit=224 read=286
 Settings: enable_bitmapscan = 'off', enable_seqscan = 'off', max_parallel_workers_per_gather = '0'
 Planning:
   Buffers: shared hit=82 read=27
 Planning Time: 1.911 ms
 Execution Time: 10.481 ms
(12 rows)

SET
SET
SET
SET
SET
                                             QUERY PLAN                                             
----------------------------------------------------------------------------------------------------
 Index Scan using idx on public.t (actual rows=512.00 loops=1)
   Output: a, b
   Index Cond: ((t.a >= '-13007'::integer) AND (t.a <= '-12752'::integer))
   Index Searches: 1
   Buffers: shared hit=510
 Settings: enable_bitmapscan = 'off', enable_seqscan = 'off', max_parallel_workers_per_gather = '0'
 Planning:
   Buffers: shared hit=114
 Planning Time: 0.171 ms
 Execution Time: 0.272 ms
(10 rows)

