SET
SET
SET
SET
SET
                                                                QUERY PLAN                                                                
------------------------------------------------------------------------------------------------------------------------------------------
 Index Scan using idx on public.t (actual rows=256.00 loops=1)
   Output: a, b
   Index Cond: ((t.a >= '-5851'::integer) AND (t.a <= '-5724'::integer))
   Index Searches: 1
   Prefetch: distance=215.454 count=194 stalls=2 skipped=5 resets=0 ungets=58 forwarded=1
             histogram [2,4) => 2, [4,8) => 5, [8,16) => 10, [16,32) => 14, [32,64) => 9, [64,128) => 3, [128,256) => 2, [256,512) => 149
   Buffers: shared hit=81 read=172
 Settings: enable_bitmapscan = 'off', enable_seqscan = 'off', max_parallel_workers_per_gather = '0'
 Planning:
   Buffers: shared hit=82 read=27
 Planning Time: 1.042 ms
 Execution Time: 6.492 ms
(12 rows)

SET
SET
SET
SET
SET
                                             QUERY PLAN                                             
----------------------------------------------------------------------------------------------------
 Index Scan using idx on public.t (actual rows=256.00 loops=1)
   Output: a, b
   Index Cond: ((t.a >= '-5851'::integer) AND (t.a <= '-5724'::integer))
   Index Searches: 1
   Buffers: shared hit=253
 Settings: enable_bitmapscan = 'off', enable_seqscan = 'off', max_parallel_workers_per_gather = '0'
 Planning:
   Buffers: shared hit=114
 Planning Time: 0.122 ms
 Execution Time: 0.119 ms
(10 rows)

