SET
SET
SET
SET
SET
                                                                   QUERY PLAN                                                                   
------------------------------------------------------------------------------------------------------------------------------------------------
 Index Scan using idx on public.t (actual rows=16384.00 loops=1)
   Output: a, b
   Index Cond: ((t.a >= '-36134'::integer) AND (t.a <= '-27943'::integer))
   Index Searches: 1
   Prefetch: distance=227.049 count=16079 stalls=2 skipped=341 resets=0 ungets=223 forwarded=10
             histogram [2,4) => 4, [4,8) => 5, [8,16) => 9, [16,32) => 8, [32,64) => 16, [64,128) => 417, [128,256) => 10762, [256,512) => 4858
   Buffers: shared hit=15469 read=615
 Settings: enable_bitmapscan = 'off', enable_seqscan = 'off', max_parallel_workers_per_gather = '0'
 Planning:
   Buffers: shared hit=82 read=27
 Planning Time: 2.199 ms
 Execution Time: 19.944 ms
(12 rows)

SET
SET
SET
SET
SET
                                             QUERY PLAN                                             
----------------------------------------------------------------------------------------------------
 Index Scan using idx on public.t (actual rows=16384.00 loops=1)
   Output: a, b
   Index Cond: ((t.a >= '-36134'::integer) AND (t.a <= '-27943'::integer))
   Index Searches: 1
   Buffers: shared hit=16084
 Settings: enable_bitmapscan = 'off', enable_seqscan = 'off', max_parallel_workers_per_gather = '0'
 Planning:
   Buffers: shared hit=114
 Planning Time: 0.188 ms
 Execution Time: 2.890 ms
(10 rows)

