SET
SET
SET
SET
SET
                                                               QUERY PLAN                                                                
-----------------------------------------------------------------------------------------------------------------------------------------
 Index Scan using idx on public.t (actual rows=128.00 loops=1)
   Output: a, b
   Index Cond: ((t.a >= '-26915'::integer) AND (t.a <= '-26852'::integer))
   Index Searches: 1
   Prefetch: distance=230.814 count=177 stalls=1 skipped=0 resets=0 ungets=67 forwarded=1
             histogram [2,4) => 2, [4,8) => 3, [8,16) => 7, [16,32) => 13, [32,64) => 2, [64,128) => 2, [128,256) => 3, [256,512) => 145
   Buffers: shared hit=25 read=110
 Settings: enable_bitmapscan = 'off', enable_seqscan = 'off', max_parallel_workers_per_gather = '0'
 Planning:
   Buffers: shared hit=82 read=27
 Planning Time: 1.029 ms
 Execution Time: 2.525 ms
(12 rows)

SET
SET
SET
SET
SET
                                             QUERY PLAN                                             
----------------------------------------------------------------------------------------------------
 Index Scan using idx on public.t (actual rows=128.00 loops=1)
   Output: a, b
   Index Cond: ((t.a >= '-26915'::integer) AND (t.a <= '-26852'::integer))
   Index Searches: 1
   Buffers: shared hit=135
 Settings: enable_bitmapscan = 'off', enable_seqscan = 'off', max_parallel_workers_per_gather = '0'
 Planning:
   Buffers: shared hit=114
 Planning Time: 0.218 ms
 Execution Time: 0.138 ms
(10 rows)

