SET
SET
SET
SET
SET
                                                                QUERY PLAN                                                                
------------------------------------------------------------------------------------------------------------------------------------------
 Index Scan using idx on public.t (actual rows=1024.00 loops=1)
   Output: a, b
   Index Cond: ((t.a >= '-16225'::integer) AND (t.a <= '-15714'::integer))
   Index Searches: 1
   Prefetch: distance=260.190 count=1067 stalls=1 skipped=18 resets=0 ungets=217 forwarded=7
             histogram [2,4) => 2, [4,8) => 6, [8,16) => 9, [16,32) => 13, [32,64) => 2, [64,128) => 2, [128,256) => 54, [256,512) => 979
   Buffers: shared hit=644 read=367
 Settings: enable_bitmapscan = 'off', enable_seqscan = 'off', max_parallel_workers_per_gather = '0'
 Planning:
   Buffers: shared hit=82 read=27
 Planning Time: 2.176 ms
 Execution Time: 11.908 ms
(12 rows)

SET
SET
SET
SET
SET
                                             QUERY PLAN                                             
----------------------------------------------------------------------------------------------------
 Index Scan using idx on public.t (actual rows=1024.00 loops=1)
   Output: a, b
   Index Cond: ((t.a >= '-16225'::integer) AND (t.a <= '-15714'::integer))
   Index Searches: 1
   Buffers: shared hit=1011
 Settings: enable_bitmapscan = 'off', enable_seqscan = 'off', max_parallel_workers_per_gather = '0'
 Planning:
   Buffers: shared hit=114
 Planning Time: 0.169 ms
 Execution Time: 0.340 ms
(10 rows)

