SET
SET
SET
SET
SET
                                                                 QUERY PLAN                                                                  
---------------------------------------------------------------------------------------------------------------------------------------------
 Index Scan using idx on public.t (actual rows=2048.00 loops=1)
   Output: a, b
   Index Cond: ((t.a >= '-28272'::integer) AND (t.a <= '-27249'::integer))
   Index Searches: 1
   Prefetch: distance=255.575 count=1892 stalls=1 skipped=38 resets=0 ungets=178 forwarded=8
             histogram [2,4) => 2, [4,8) => 5, [8,16) => 9, [16,32) => 15, [32,64) => 24, [64,128) => 2, [128,256) => 368, [256,512) => 1467
   Buffers: shared hit=1604 read=411
 Settings: enable_bitmapscan = 'off', enable_seqscan = 'off', max_parallel_workers_per_gather = '0'
 Planning:
   Buffers: shared hit=82 read=27
 Planning Time: 2.197 ms
 Execution Time: 16.833 ms
(12 rows)

SET
SET
SET
SET
SET
                                             QUERY PLAN                                             
----------------------------------------------------------------------------------------------------
 Index Scan using idx on public.t (actual rows=2048.00 loops=1)
   Output: a, b
   Index Cond: ((t.a >= '-28272'::integer) AND (t.a <= '-27249'::integer))
   Index Searches: 1
   Buffers: shared hit=2015
 Settings: enable_bitmapscan = 'off', enable_seqscan = 'off', max_parallel_workers_per_gather = '0'
 Planning:
   Buffers: shared hit=114
 Planning Time: 0.151 ms
 Execution Time: 0.358 ms
(10 rows)

