SET
SET
SET
SET
SET
                                                                       QUERY PLAN                                                                       
--------------------------------------------------------------------------------------------------------------------------------------------------------
 Index Scan using idx on public.t (actual rows=3048576.00 loops=1)
   Output: a, b
   Index Cond: ((t.a >= '-1528952'::integer) AND (t.a <= '-4665'::integer))
   Index Searches: 1
   Prefetch: distance=27.391 count=86885 stalls=2896207 skipped=65685 resets=0 ungets=298 forwarded=24
             histogram [2,4) => 70599, [4,8) => 6659, [8,16) => 85, [16,32) => 35, [32,64) => 77, [64,128) => 318, [128,256) => 5366, [256,512) => 3746
   Buffers: shared hit=2946734 read=43670
 Settings: enable_bitmapscan = 'off', enable_seqscan = 'off', max_parallel_workers_per_gather = '0'
 Planning:
   Buffers: shared hit=78 read=27
 Planning Time: 2.178 ms
 Execution Time: 2351.672 ms
(12 rows)

SET
SET
SET
SET
SET
                                             QUERY PLAN                                             
----------------------------------------------------------------------------------------------------
 Index Scan using idx on public.t (actual rows=3048576.00 loops=1)
   Output: a, b
   Index Cond: ((t.a >= '-1528952'::integer) AND (t.a <= '-4665'::integer))
   Index Searches: 1
   Buffers: shared hit=2990404
 Settings: enable_bitmapscan = 'off', enable_seqscan = 'off', max_parallel_workers_per_gather = '0'
 Planning:
   Buffers: shared hit=110
 Planning Time: 0.214 ms
 Execution Time: 436.787 ms
(10 rows)

