SET
SET
SET
SET
SET
                                                                      QUERY PLAN                                                                       
-------------------------------------------------------------------------------------------------------------------------------------------------------
 Index Scan using idx on public.t (actual rows=65536.00 loops=1)
   Output: a, b
   Index Cond: ((t.a >= '-62106'::integer) AND (t.a <= '-29339'::integer))
   Index Searches: 1
   Prefetch: distance=207.402 count=16755 stalls=47470 skipped=1402 resets=0 ungets=252 forwarded=11
             histogram [2,4) => 1174, [4,8) => 103, [8,16) => 15, [16,32) => 30, [32,64) => 65, [64,128) => 573, [128,256) => 10017, [256,512) => 4778
   Buffers: shared hit=62980 read=1320
 Settings: enable_bitmapscan = 'off', enable_seqscan = 'off', max_parallel_workers_per_gather = '0'
 Planning:
   Buffers: shared hit=82 read=27
 Planning Time: 2.211 ms
 Execution Time: 57.326 ms
(12 rows)

SET
SET
SET
SET
SET
                                             QUERY PLAN                                             
----------------------------------------------------------------------------------------------------
 Index Scan using idx on public.t (actual rows=65536.00 loops=1)
   Output: a, b
   Index Cond: ((t.a >= '-62106'::integer) AND (t.a <= '-29339'::integer))
   Index Searches: 1
   Buffers: shared hit=64300
 Settings: enable_bitmapscan = 'off', enable_seqscan = 'off', max_parallel_workers_per_gather = '0'
 Planning:
   Buffers: shared hit=114
 Planning Time: 0.183 ms
 Execution Time: 6.339 ms
(10 rows)

