SET
SET
SET
SET
SET
                                                                        QUERY PLAN                                                                         
-----------------------------------------------------------------------------------------------------------------------------------------------------------
 Index Scan using idx on public.t (actual rows=5048576.00 loops=1)
   Output: a, b
   Index Cond: ((t.a >= '-2556348'::integer) AND (t.a <= '-32061'::integer))
   Index Searches: 1
   Prefetch: distance=18.012 count=138290 stalls=4801600 skipped=108833 resets=0 ungets=270 forwarded=28
             histogram [2,4) => 117367, [4,8) => 10968, [8,16) => 117, [16,32) => 35, [32,64) => 84, [64,128) => 533, [128,256) => 5853, [256,512) => 3333
   Buffers: shared hit=4879964 read=72216
 Settings: enable_bitmapscan = 'off', enable_seqscan = 'off', max_parallel_workers_per_gather = '0'
 Planning:
   Buffers: shared hit=78 read=27
 Planning Time: 2.204 ms
 Execution Time: 3908.997 ms
(12 rows)

SET
SET
SET
SET
SET
                                             QUERY PLAN                                             
----------------------------------------------------------------------------------------------------
 Index Scan using idx on public.t (actual rows=5048576.00 loops=1)
   Output: a, b
   Index Cond: ((t.a >= '-2556348'::integer) AND (t.a <= '-32061'::integer))
   Index Searches: 1
   Buffers: shared hit=4952180
 Settings: enable_bitmapscan = 'off', enable_seqscan = 'off', max_parallel_workers_per_gather = '0'
 Planning:
   Buffers: shared hit=110
 Planning Time: 0.236 ms
 Execution Time: 715.562 ms
(10 rows)

