SET
SET
SET
SET
SET
                                                                   QUERY PLAN                                                                    
-------------------------------------------------------------------------------------------------------------------------------------------------
 Index Scan Backward using idx on public.t (actual rows=2048.00 loops=1)
   Output: a, b
   Index Cond: ((t.a >= '-6834'::integer) AND (t.a <= '-5811'::integer))
   Index Searches: 1
   Prefetch: distance=244.104 count=1708 stalls=4 skipped=47 resets=0 ungets=84 forwarded=0
             histogram [2,4) => 16, [4,8) => 17, [8,16) => 11, [16,32) => 18, [32,64) => 30, [64,128) => 20, [128,256) => 470, [256,512) => 1126
   Buffers: shared hit=1662 read=339
 Settings: enable_bitmapscan = 'off', enable_seqscan = 'off', max_parallel_workers_per_gather = '0'
 Planning:
   Buffers: shared hit=86 read=27
 Planning Time: 2.209 ms
 Execution Time: 14.747 ms
(12 rows)

SET
SET
SET
SET
SET
                                             QUERY PLAN                                             
----------------------------------------------------------------------------------------------------
 Index Scan Backward using idx on public.t (actual rows=2048.00 loops=1)
   Output: a, b
   Index Cond: ((t.a >= '-6834'::integer) AND (t.a <= '-5811'::integer))
   Index Searches: 1
   Buffers: shared hit=2001
 Settings: enable_bitmapscan = 'off', enable_seqscan = 'off', max_parallel_workers_per_gather = '0'
 Planning:
   Buffers: shared hit=118
 Planning Time: 0.239 ms
 Execution Time: 0.685 ms
(10 rows)

