SET
SET
SET
SET
SET
                                                                    QUERY PLAN                                                                    
--------------------------------------------------------------------------------------------------------------------------------------------------
 Index Scan Backward using idx on public.t (actual rows=4096.00 loops=1)
   Output: a, b
   Index Cond: ((t.a >= '-19800'::integer) AND (t.a <= '-17753'::integer))
   Index Searches: 1
   Prefetch: distance=227.244 count=4140 stalls=172 skipped=92 resets=0 ungets=345 forwarded=0
             histogram [2,4) => 4, [4,8) => 11, [8,16) => 14, [16,32) => 25, [32,64) => 34, [64,128) => 379, [128,256) => 1361, [256,512) => 2312
   Buffers: shared hit=3583 read=436
 Settings: enable_bitmapscan = 'off', enable_seqscan = 'off', max_parallel_workers_per_gather = '0'
 Planning:
   Buffers: shared hit=86 read=27
 Planning Time: 2.182 ms
 Execution Time: 7.541 ms
(12 rows)

SET
SET
SET
SET
SET
                                             QUERY PLAN                                             
----------------------------------------------------------------------------------------------------
 Index Scan Backward using idx on public.t (actual rows=4096.00 loops=1)
   Output: a, b
   Index Cond: ((t.a >= '-19800'::integer) AND (t.a <= '-17753'::integer))
   Index Searches: 1
   Buffers: shared hit=4019
 Settings: enable_bitmapscan = 'off', enable_seqscan = 'off', max_parallel_workers_per_gather = '0'
 Planning:
   Buffers: shared hit=118
 Planning Time: 0.156 ms
 Execution Time: 0.579 ms
(10 rows)

