SET
SET
SET
SET
SET
                                                                  QUERY PLAN                                                                   
-----------------------------------------------------------------------------------------------------------------------------------------------
 Index Scan Backward using idx on public.t (actual rows=8192.00 loops=1)
   Output: a, b
   Index Cond: ((t.a >= '-35060'::integer) AND (t.a <= '-30965'::integer))
   Index Searches: 1
   Prefetch: distance=236.094 count=8394 stalls=1 skipped=177 resets=0 ungets=383 forwarded=1
             histogram [2,4) => 2, [4,8) => 3, [8,16) => 5, [16,32) => 9, [32,64) => 10, [64,128) => 196, [128,256) => 4745, [256,512) => 3424
   Buffers: shared hit=7540 read=502
 Settings: enable_bitmapscan = 'off', enable_seqscan = 'off', max_parallel_workers_per_gather = '0'
 Planning:
   Buffers: shared hit=86 read=27
 Planning Time: 2.209 ms
 Execution Time: 8.170 ms
(12 rows)

SET
SET
SET
SET
SET
                                             QUERY PLAN                                             
----------------------------------------------------------------------------------------------------
 Index Scan Backward using idx on public.t (actual rows=8192.00 loops=1)
   Output: a, b
   Index Cond: ((t.a >= '-35060'::integer) AND (t.a <= '-30965'::integer))
   Index Searches: 1
   Buffers: shared hit=8042
 Settings: enable_bitmapscan = 'off', enable_seqscan = 'off', max_parallel_workers_per_gather = '0'
 Planning:
   Buffers: shared hit=118
 Planning Time: 0.235 ms
 Execution Time: 1.576 ms
(10 rows)

