SET
SET
SET
SET
SET
                                                                       QUERY PLAN                                                                        
---------------------------------------------------------------------------------------------------------------------------------------------------------
 Index Scan Backward using idx on public.t (actual rows=2048576.00 loops=1)
   Output: a, b
   Index Cond: ((t.a >= '-1043303'::integer) AND (t.a <= '-19016'::integer))
   Index Searches: 1
   Prefetch: distance=37.700 count=62024 stalls=1942316 skipped=44007 resets=0 ungets=124 forwarded=6
             histogram [2,4) => 47811, [4,8) => 4159, [8,16) => 39, [16,32) => 35, [32,64) => 109, [64,128) => 632, [128,256) => 5971, [256,512) => 3268
   Buffers: shared hit=1980083 read=29530
 Settings: enable_bitmapscan = 'off', enable_seqscan = 'off', max_parallel_workers_per_gather = '0'
 Planning:
   Buffers: shared hit=82 read=27
 Planning Time: 2.202 ms
 Execution Time: 636.209 ms
(12 rows)

SET
SET
SET
SET
SET
                                             QUERY PLAN                                             
----------------------------------------------------------------------------------------------------
 Index Scan Backward using idx on public.t (actual rows=2048576.00 loops=1)
   Output: a, b
   Index Cond: ((t.a >= '-1043303'::integer) AND (t.a <= '-19016'::integer))
   Index Searches: 1
   Buffers: shared hit=2009613
 Settings: enable_bitmapscan = 'off', enable_seqscan = 'off', max_parallel_workers_per_gather = '0'
 Planning:
   Buffers: shared hit=114
 Planning Time: 0.188 ms
 Execution Time: 288.041 ms
(10 rows)

