SET
SET
SET
SET
SET
                                                                 QUERY PLAN                                                                  
---------------------------------------------------------------------------------------------------------------------------------------------
 Index Scan Backward using idx on public.t (actual rows=512.00 loops=1)
   Output: a, b
   Index Cond: ((t.a >= '-31278'::integer) AND (t.a <= '-31023'::integer))
   Index Searches: 1
   Prefetch: distance=202.142 count=268 stalls=5 skipped=3 resets=0 ungets=57 forwarded=0
             histogram [2,4) => 14, [4,8) => 11, [8,16) => 12, [16,32) => 18, [32,64) => 15, [64,128) => 2, [128,256) => 2, [256,512) => 194
   Buffers: shared hit=217 read=287
 Settings: enable_bitmapscan = 'off', enable_seqscan = 'off', max_parallel_workers_per_gather = '0'
 Planning:
   Buffers: shared hit=86 read=27
 Planning Time: 1.742 ms
 Execution Time: 16.519 ms
(12 rows)

SET
SET
SET
SET
SET
                                             QUERY PLAN                                             
----------------------------------------------------------------------------------------------------
 Index Scan Backward using idx on public.t (actual rows=512.00 loops=1)
   Output: a, b
   Index Cond: ((t.a >= '-31278'::integer) AND (t.a <= '-31023'::integer))
   Index Searches: 1
   Buffers: shared hit=504
 Settings: enable_bitmapscan = 'off', enable_seqscan = 'off', max_parallel_workers_per_gather = '0'
 Planning:
   Buffers: shared hit=118
 Planning Time: 0.183 ms
 Execution Time: 0.329 ms
(10 rows)

