SET
SET
SET
SET
SET
                                                                  QUERY PLAN                                                                  
----------------------------------------------------------------------------------------------------------------------------------------------
 Index Scan Backward using idx on public.t (actual rows=4096.00 loops=1)
   Output: a, b
   Index Cond: ((t.a >= '-28407'::integer) AND (t.a <= '-26360'::integer))
   Index Searches: 1
   Prefetch: distance=240.866 count=3936 stalls=1 skipped=71 resets=0 ungets=193 forwarded=1
             histogram [2,4) => 4, [4,8) => 8, [8,16) => 9, [16,32) => 9, [32,64) => 10, [64,128) => 53, [128,256) => 1690, [256,512) => 2153
   Buffers: shared hit=3584 read=445
 Settings: enable_bitmapscan = 'off', enable_seqscan = 'off', max_parallel_workers_per_gather = '0'
 Planning:
   Buffers: shared hit=86 read=27
 Planning Time: 2.210 ms
 Execution Time: 18.834 ms
(12 rows)

SET
SET
SET
SET
SET
                                             QUERY PLAN                                             
----------------------------------------------------------------------------------------------------
 Index Scan Backward using idx on public.t (actual rows=4096.00 loops=1)
   Output: a, b
   Index Cond: ((t.a >= '-28407'::integer) AND (t.a <= '-26360'::integer))
   Index Searches: 1
   Buffers: shared hit=4029
 Settings: enable_bitmapscan = 'off', enable_seqscan = 'off', max_parallel_workers_per_gather = '0'
 Planning:
   Buffers: shared hit=118
 Planning Time: 0.139 ms
 Execution Time: 0.553 ms
(10 rows)

