SET
SET
SET
SET
SET
                                                                 QUERY PLAN                                                                  
---------------------------------------------------------------------------------------------------------------------------------------------
 Index Scan Backward using idx on public.t (actual rows=1024.00 loops=1)
   Output: a, b
   Index Cond: ((t.a >= '-27678'::integer) AND (t.a <= '-27167'::integer))
   Index Searches: 1
   Prefetch: distance=249.552 count=866 stalls=5 skipped=21 resets=0 ungets=159 forwarded=0
             histogram [2,4) => 10, [4,8) => 11, [8,16) => 12, [16,32) => 14, [32,64) => 14, [64,128) => 9, [128,256) => 7, [256,512) => 789
   Buffers: shared hit=624 read=381
 Settings: enable_bitmapscan = 'off', enable_seqscan = 'off', max_parallel_workers_per_gather = '0'
 Planning:
   Buffers: shared hit=86 read=27
 Planning Time: 2.186 ms
 Execution Time: 16.957 ms
(12 rows)

SET
SET
SET
SET
SET
                                             QUERY PLAN                                             
----------------------------------------------------------------------------------------------------
 Index Scan Backward using idx on public.t (actual rows=1024.00 loops=1)
   Output: a, b
   Index Cond: ((t.a >= '-27678'::integer) AND (t.a <= '-27167'::integer))
   Index Searches: 1
   Buffers: shared hit=1005
 Settings: enable_bitmapscan = 'off', enable_seqscan = 'off', max_parallel_workers_per_gather = '0'
 Planning:
   Buffers: shared hit=118
 Planning Time: 0.194 ms
 Execution Time: 0.497 ms
(10 rows)

