SET
SET
SET
SET
SET
                                                                  QUERY PLAN                                                                  
----------------------------------------------------------------------------------------------------------------------------------------------
 Index Scan Backward using idx on public.t (actual rows=4096.00 loops=1)
   Output: a, b
   Index Cond: ((t.a >= '-32064'::integer) AND (t.a <= '-30017'::integer))
   Index Searches: 1
   Prefetch: distance=244.333 count=3921 stalls=1 skipped=84 resets=0 ungets=185 forwarded=0
             histogram [2,4) => 6, [4,8) => 9, [8,16) => 12, [16,32) => 13, [32,64) => 7, [64,128) => 6, [128,256) => 1854, [256,512) => 2014
   Buffers: shared hit=3580 read=443
 Settings: enable_bitmapscan = 'off', enable_seqscan = 'off', max_parallel_workers_per_gather = '0'
 Planning:
   Buffers: shared hit=86 read=27
 Planning Time: 2.160 ms
 Execution Time: 16.425 ms
(12 rows)

SET
SET
SET
SET
SET
                                             QUERY PLAN                                             
----------------------------------------------------------------------------------------------------
 Index Scan Backward using idx on public.t (actual rows=4096.00 loops=1)
   Output: a, b
   Index Cond: ((t.a >= '-32064'::integer) AND (t.a <= '-30017'::integer))
   Index Searches: 1
   Buffers: shared hit=4023
 Settings: enable_bitmapscan = 'off', enable_seqscan = 'off', max_parallel_workers_per_gather = '0'
 Planning:
   Buffers: shared hit=118
 Planning Time: 0.191 ms
 Execution Time: 1.070 ms
(10 rows)

