SET
SET
SET
SET
SET
                                                                  QUERY PLAN                                                                  
----------------------------------------------------------------------------------------------------------------------------------------------
 Index Scan Backward using idx on public.t (actual rows=2048.00 loops=1)
   Output: a, b
   Index Cond: ((t.a >= '-26536'::integer) AND (t.a <= '-25513'::integer))
   Index Searches: 1
   Prefetch: distance=254.968 count=1780 stalls=3 skipped=45 resets=0 ungets=131 forwarded=0
             histogram [2,4) => 16, [4,8) => 9, [8,16) => 8, [16,32) => 14, [32,64) => 14, [64,128) => 3, [128,256) => 237, [256,512) => 1479
   Buffers: shared hit=1592 read=414
 Settings: enable_bitmapscan = 'off', enable_seqscan = 'off', max_parallel_workers_per_gather = '0'
 Planning:
   Buffers: shared hit=86 read=27
 Planning Time: 2.179 ms
 Execution Time: 16.647 ms
(12 rows)

SET
SET
SET
SET
SET
                                             QUERY PLAN                                             
----------------------------------------------------------------------------------------------------
 Index Scan Backward using idx on public.t (actual rows=2048.00 loops=1)
   Output: a, b
   Index Cond: ((t.a >= '-26536'::integer) AND (t.a <= '-25513'::integer))
   Index Searches: 1
   Buffers: shared hit=2006
 Settings: enable_bitmapscan = 'off', enable_seqscan = 'off', max_parallel_workers_per_gather = '0'
 Planning:
   Buffers: shared hit=118
 Planning Time: 0.152 ms
 Execution Time: 0.352 ms
(10 rows)

