SET
SET
SET
SET
SET
                                                                QUERY PLAN                                                                
------------------------------------------------------------------------------------------------------------------------------------------
 Index Scan Backward using idx on public.t (actual rows=512.00 loops=1)
   Output: a, b
   Index Cond: ((t.a >= '-8402'::integer) AND (t.a <= '-8147'::integer))
   Index Searches: 1
   Prefetch: distance=244.400 count=440 stalls=6 skipped=4 resets=0 ungets=105 forwarded=0
             histogram [2,4) => 10, [4,8) => 5, [8,16) => 7, [16,32) => 8, [32,64) => 11, [64,128) => 6, [128,256) => 4, [256,512) => 389
   Buffers: shared hit=249 read=261
 Settings: enable_bitmapscan = 'off', enable_seqscan = 'off', max_parallel_workers_per_gather = '0'
 Planning:
   Buffers: shared hit=86 read=27
 Planning Time: 1.719 ms
 Execution Time: 10.628 ms
(12 rows)

SET
SET
SET
SET
SET
                                             QUERY PLAN                                             
----------------------------------------------------------------------------------------------------
 Index Scan Backward using idx on public.t (actual rows=512.00 loops=1)
   Output: a, b
   Index Cond: ((t.a >= '-8402'::integer) AND (t.a <= '-8147'::integer))
   Index Searches: 1
   Buffers: shared hit=510
 Settings: enable_bitmapscan = 'off', enable_seqscan = 'off', max_parallel_workers_per_gather = '0'
 Planning:
   Buffers: shared hit=118
 Planning Time: 0.178 ms
 Execution Time: 0.281 ms
(10 rows)

