SET
SET
SET
SET
SET
                                                                    QUERY PLAN                                                                     
---------------------------------------------------------------------------------------------------------------------------------------------------
 Index Scan Backward using idx on public.t (actual rows=8192.00 loops=1)
   Output: a, b
   Index Cond: ((t.a >= '-9184'::integer) AND (t.a <= '-5089'::integer))
   Index Searches: 1
   Prefetch: distance=225.131 count=6539 stalls=1450 skipped=183 resets=0 ungets=173 forwarded=1
             histogram [2,4) => 48, [4,8) => 10, [8,16) => 17, [16,32) => 27, [32,64) => 46, [64,128) => 242, [128,256) => 3700, [256,512) => 2449
   Buffers: shared hit=7609 read=419
 Settings: enable_bitmapscan = 'off', enable_seqscan = 'off', max_parallel_workers_per_gather = '0'
 Planning:
   Buffers: shared hit=86 read=27
 Planning Time: 2.194 ms
 Execution Time: 14.966 ms
(12 rows)

SET
SET
SET
SET
SET
                                             QUERY PLAN                                             
----------------------------------------------------------------------------------------------------
 Index Scan Backward using idx on public.t (actual rows=8192.00 loops=1)
   Output: a, b
   Index Cond: ((t.a >= '-9184'::integer) AND (t.a <= '-5089'::integer))
   Index Searches: 1
   Buffers: shared hit=8028
 Settings: enable_bitmapscan = 'off', enable_seqscan = 'off', max_parallel_workers_per_gather = '0'
 Planning:
   Buffers: shared hit=118
 Planning Time: 0.197 ms
 Execution Time: 1.686 ms
(10 rows)

