SET
SET
SET
SET
SET
                                                                      QUERY PLAN                                                                      
------------------------------------------------------------------------------------------------------------------------------------------------------
 Index Scan Backward using idx on public.t (actual rows=131072.00 loops=1)
   Output: a, b
   Index Cond: ((t.a >= '-84491'::integer) AND (t.a <= '-18956'::integer))
   Index Searches: 1
   Prefetch: distance=174.004 count=13784 stalls=114637 skipped=2902 resets=0 ungets=318 forwarded=0
             histogram [2,4) => 2832, [4,8) => 271, [8,16) => 13, [16,32) => 33, [32,64) => 95, [64,128) => 633, [128,256) => 6148, [256,512) => 3759
   Buffers: shared hit=126247 read=2250
 Settings: enable_bitmapscan = 'off', enable_seqscan = 'off', max_parallel_workers_per_gather = '0'
 Planning:
   Buffers: shared hit=86 read=27
 Planning Time: 2.180 ms
 Execution Time: 50.586 ms
(12 rows)

SET
SET
SET
SET
SET
                                             QUERY PLAN                                             
----------------------------------------------------------------------------------------------------
 Index Scan Backward using idx on public.t (actual rows=131072.00 loops=1)
   Output: a, b
   Index Cond: ((t.a >= '-84491'::integer) AND (t.a <= '-18956'::integer))
   Index Searches: 1
   Buffers: shared hit=128497
 Settings: enable_bitmapscan = 'off', enable_seqscan = 'off', max_parallel_workers_per_gather = '0'
 Planning:
   Buffers: shared hit=118
 Planning Time: 0.200 ms
 Execution Time: 18.518 ms
(10 rows)

