SET
SET
SET
SET
SET
                                                                QUERY PLAN                                                                 
-------------------------------------------------------------------------------------------------------------------------------------------
 Index Scan Backward using idx on public.t (actual rows=1024.00 loops=1)
   Output: a, b
   Index Cond: ((t.a >= '-7799'::integer) AND (t.a <= '-7288'::integer))
   Index Searches: 1
   Prefetch: distance=247.770 count=873 stalls=3 skipped=22 resets=0 ungets=135 forwarded=0
             histogram [2,4) => 6, [4,8) => 7, [8,16) => 8, [16,32) => 25, [32,64) => 21, [64,128) => 5, [128,256) => 38, [256,512) => 763
   Buffers: shared hit=676 read=329
 Settings: enable_bitmapscan = 'off', enable_seqscan = 'off', max_parallel_workers_per_gather = '0'
 Planning:
   Buffers: shared hit=86 read=27
 Planning Time: 2.216 ms
 Execution Time: 13.628 ms
(12 rows)

SET
SET
SET
SET
SET
                                             QUERY PLAN                                             
----------------------------------------------------------------------------------------------------
 Index Scan Backward using idx on public.t (actual rows=1024.00 loops=1)
   Output: a, b
   Index Cond: ((t.a >= '-7799'::integer) AND (t.a <= '-7288'::integer))
   Index Searches: 1
   Buffers: shared hit=1005
 Settings: enable_bitmapscan = 'off', enable_seqscan = 'off', max_parallel_workers_per_gather = '0'
 Planning:
   Buffers: shared hit=118
 Planning Time: 0.200 ms
 Execution Time: 0.493 ms
(10 rows)

