SET
SET
SET
SET
SET
                                                                    QUERY PLAN                                                                    
--------------------------------------------------------------------------------------------------------------------------------------------------
 Index Scan Backward using idx on public.t (actual rows=4096.00 loops=1)
   Output: a, b
   Index Cond: ((t.a >= '-6930'::integer) AND (t.a <= '-4883'::integer))
   Index Searches: 1
   Prefetch: distance=234.150 count=2808 stalls=1151 skipped=94 resets=0 ungets=156 forwarded=0
             histogram [2,4) => 30, [4,8) => 11, [8,16) => 14, [16,32) => 30, [32,64) => 69, [64,128) => 104, [128,256) => 902, [256,512) => 1648
   Buffers: shared hit=3664 read=352
 Settings: enable_bitmapscan = 'off', enable_seqscan = 'off', max_parallel_workers_per_gather = '0'
 Planning:
   Buffers: shared hit=86 read=27
 Planning Time: 2.194 ms
 Execution Time: 13.271 ms
(12 rows)

SET
SET
SET
SET
SET
                                             QUERY PLAN                                             
----------------------------------------------------------------------------------------------------
 Index Scan Backward using idx on public.t (actual rows=4096.00 loops=1)
   Output: a, b
   Index Cond: ((t.a >= '-6930'::integer) AND (t.a <= '-4883'::integer))
   Index Searches: 1
   Buffers: shared hit=4016
 Settings: enable_bitmapscan = 'off', enable_seqscan = 'off', max_parallel_workers_per_gather = '0'
 Planning:
   Buffers: shared hit=118
 Planning Time: 0.198 ms
 Execution Time: 1.147 ms
(10 rows)

