SET
SET
SET
SET
SET
                                                                        QUERY PLAN                                                                        
----------------------------------------------------------------------------------------------------------------------------------------------------------
 Index Scan Backward using idx on public.t (actual rows=8048576.00 loops=1)
   Output: a, b
   Index Cond: ((t.a >= '-4043863'::integer) AND (t.a <= '-19576'::integer))
   Index Searches: 1
   Prefetch: distance=12.065 count=214335 stalls=7661559 skipped=172990 resets=0 ungets=353 forwarded=20
             histogram [2,4) => 188386, [4,8) => 16333, [8,16) => 96, [16,32) => 34, [32,64) => 94, [64,128) => 655, [128,256) => 5202, [256,512) => 3535
   Buffers: shared hit=7780519 read=114897
 Settings: enable_bitmapscan = 'off', enable_seqscan = 'off', max_parallel_workers_per_gather = '0'
 Planning:
   Buffers: shared hit=82 read=27
 Planning Time: 2.189 ms
 Execution Time: 2441.237 ms
(12 rows)

SET
SET
SET
SET
SET
                                             QUERY PLAN                                             
----------------------------------------------------------------------------------------------------
 Index Scan Backward using idx on public.t (actual rows=8048576.00 loops=1)
   Output: a, b
   Index Cond: ((t.a >= '-4043863'::integer) AND (t.a <= '-19576'::integer))
   Index Searches: 1
   Buffers: shared hit=7895416
 Settings: enable_bitmapscan = 'off', enable_seqscan = 'off', max_parallel_workers_per_gather = '0'
 Planning:
   Buffers: shared hit=114
 Planning Time: 0.224 ms
 Execution Time: 1144.752 ms
(10 rows)

