SET
SET
SET
SET
SET
                                                                 QUERY PLAN                                                                 
--------------------------------------------------------------------------------------------------------------------------------------------
 Index Scan using idx on public.t (actual rows=256.00 loops=1)
   Output: a, b
   Index Cond: ((t.a >= '-21233'::integer) AND (t.a <= '-21170'::integer))
   Index Searches: 1
   Prefetch: distance=183.096 count=230 stalls=3 skipped=2 resets=0 ungets=34 forwarded=3
             histogram [2,4) => 18, [4,8) => 9, [8,16) => 11, [16,32) => 14, [32,64) => 25, [64,128) => 5, [128,256) => 2, [256,512) => 146
   Buffers: shared hit=160 read=101
 Settings: enable_bitmapscan = 'off', enable_seqscan = 'off', max_parallel_workers_per_gather = '0'
 Planning:
   Buffers: shared hit=81 read=28
 Planning Time: 1.108 ms
 Execution Time: 4.939 ms
(12 rows)

SET
SET
SET
SET
SET
                                             QUERY PLAN                                             
----------------------------------------------------------------------------------------------------
 Index Scan using idx on public.t (actual rows=256.00 loops=1)
   Output: a, b
   Index Cond: ((t.a >= '-21233'::integer) AND (t.a <= '-21170'::integer))
   Index Searches: 1
   Buffers: shared hit=261
 Settings: enable_bitmapscan = 'off', enable_seqscan = 'off', max_parallel_workers_per_gather = '0'
 Planning:
   Buffers: shared hit=114
 Planning Time: 0.150 ms
 Execution Time: 0.140 ms
(10 rows)

