SET
SET
SET
SET
SET
                                                                  QUERY PLAN                                                                  
----------------------------------------------------------------------------------------------------------------------------------------------
 Index Scan using idx on public.t (actual rows=1024.00 loops=1)
   Output: a, b
   Index Cond: ((t.a >= '-31428'::integer) AND (t.a <= '-31173'::integer))
   Index Searches: 1
   Prefetch: distance=249.428 count=1012 stalls=6 skipped=18 resets=0 ungets=99 forwarded=2
             histogram [2,4) => 12, [4,8) => 10, [8,16) => 10, [16,32) => 14, [32,64) => 22, [64,128) => 3, [128,256) => 72, [256,512) => 869
   Buffers: shared hit=872 read=140
 Settings: enable_bitmapscan = 'off', enable_seqscan = 'off', max_parallel_workers_per_gather = '0'
 Planning:
   Buffers: shared hit=81 read=28
 Planning Time: 1.721 ms
 Execution Time: 6.654 ms
(12 rows)

SET
SET
SET
SET
SET
                                             QUERY PLAN                                             
----------------------------------------------------------------------------------------------------
 Index Scan using idx on public.t (actual rows=1024.00 loops=1)
   Output: a, b
   Index Cond: ((t.a >= '-31428'::integer) AND (t.a <= '-31173'::integer))
   Index Searches: 1
   Buffers: shared hit=1012
 Settings: enable_bitmapscan = 'off', enable_seqscan = 'off', max_parallel_workers_per_gather = '0'
 Planning:
   Buffers: shared hit=114
 Planning Time: 0.189 ms
 Execution Time: 0.322 ms
(10 rows)

