SET
SET
SET
SET
SET
                                                                     QUERY PLAN                                                                     
----------------------------------------------------------------------------------------------------------------------------------------------------
 Index Scan Backward using idx on public.t (actual rows=8192.00 loops=1)
   Output: a, b
   Index Cond: ((t.a >= '-14020'::integer) AND (t.a <= '-9925'::integer))
   Index Searches: 1
   Prefetch: distance=226.272 count=4445 stalls=3491 skipped=140 resets=0 ungets=149 forwarded=0
             histogram [2,4) => 110, [4,8) => 22, [8,16) => 22, [16,32) => 31, [32,64) => 52, [64,128) => 133, [128,256) => 1964, [256,512) => 2111
   Buffers: shared hit=7598 read=475
 Settings: enable_bitmapscan = 'off', enable_seqscan = 'off', max_parallel_workers_per_gather = '0'
 Planning:
   Buffers: shared hit=86 read=27
 Planning Time: 2.199 ms
 Execution Time: 18.004 ms
(12 rows)

SET
SET
SET
SET
SET
                                             QUERY PLAN                                             
----------------------------------------------------------------------------------------------------
 Index Scan Backward using idx on public.t (actual rows=8192.00 loops=1)
   Output: a, b
   Index Cond: ((t.a >= '-14020'::integer) AND (t.a <= '-9925'::integer))
   Index Searches: 1
   Buffers: shared hit=8073
 Settings: enable_bitmapscan = 'off', enable_seqscan = 'off', max_parallel_workers_per_gather = '0'
 Planning:
   Buffers: shared hit=118
 Planning Time: 0.199 ms
 Execution Time: 1.768 ms
(10 rows)

