SET
SET
SET
SET
SET
                                                                 QUERY PLAN                                                                 
--------------------------------------------------------------------------------------------------------------------------------------------
 Index Scan Backward using idx on public.t (actual rows=4096.00 loops=1)
   Output: a, b
   Index Cond: ((t.a >= '-25670'::integer) AND (t.a <= '-23623'::integer))
   Index Searches: 1
   Prefetch: distance=246.729 count=4274 stalls=1 skipped=90 resets=0 ungets=340 forwarded=0
             histogram [2,4) => 2, [4,8) => 6, [8,16) => 8, [16,32) => 9, [32,64) => 3, [64,128) => 2, [128,256) => 1794, [256,512) => 2450
   Buffers: shared hit=3584 read=438
 Settings: enable_bitmapscan = 'off', enable_seqscan = 'off', max_parallel_workers_per_gather = '0'
 Planning:
   Buffers: shared hit=86 read=27
 Planning Time: 2.208 ms
 Execution Time: 9.203 ms
(12 rows)

SET
SET
SET
SET
SET
                                             QUERY PLAN                                             
----------------------------------------------------------------------------------------------------
 Index Scan Backward using idx on public.t (actual rows=4096.00 loops=1)
   Output: a, b
   Index Cond: ((t.a >= '-25670'::integer) AND (t.a <= '-23623'::integer))
   Index Searches: 1
   Buffers: shared hit=4022
 Settings: enable_bitmapscan = 'off', enable_seqscan = 'off', max_parallel_workers_per_gather = '0'
 Planning:
   Buffers: shared hit=118
 Planning Time: 0.189 ms
 Execution Time: 0.989 ms
(10 rows)

