SET
SET
SET
SET
SET
                                                               QUERY PLAN                                                                
-----------------------------------------------------------------------------------------------------------------------------------------
 Index Scan Backward using idx on public.t (actual rows=512.00 loops=1)
   Output: a, b
   Index Cond: ((t.a >= '-31101'::integer) AND (t.a <= '-30846'::integer))
   Index Searches: 1
   Prefetch: distance=239.436 count=346 stalls=3 skipped=7 resets=0 ungets=85 forwarded=1
             histogram [2,4) => 6, [4,8) => 5, [8,16) => 5, [16,32) => 16, [32,64) => 8, [64,128) => 3, [128,256) => 3, [256,512) => 300
   Buffers: shared hit=224 read=284
 Settings: enable_bitmapscan = 'off', enable_seqscan = 'off', max_parallel_workers_per_gather = '0'
 Planning:
   Buffers: shared hit=86 read=27
 Planning Time: 1.418 ms
 Execution Time: 14.258 ms
(12 rows)

SET
SET
SET
SET
SET
                                             QUERY PLAN                                             
----------------------------------------------------------------------------------------------------
 Index Scan Backward using idx on public.t (actual rows=512.00 loops=1)
   Output: a, b
   Index Cond: ((t.a >= '-31101'::integer) AND (t.a <= '-30846'::integer))
   Index Searches: 1
   Buffers: shared hit=508
 Settings: enable_bitmapscan = 'off', enable_seqscan = 'off', max_parallel_workers_per_gather = '0'
 Planning:
   Buffers: shared hit=118
 Planning Time: 0.170 ms
 Execution Time: 0.230 ms
(10 rows)

