SET
SET
SET
SET
SET
                                                                       QUERY PLAN                                                                       
--------------------------------------------------------------------------------------------------------------------------------------------------------
 Index Scan Backward using idx on public.t (actual rows=524288.00 loops=1)
   Output: a, b
   Index Cond: ((t.a >= '-281909'::integer) AND (t.a <= '-19766'::integer))
   Index Searches: 1
   Prefetch: distance=92.183 count=22274 stalls=491053 skipped=11218 resets=0 ungets=328 forwarded=3
             histogram [2,4) => 12080, [4,8) => 1078, [8,16) => 19, [16,32) => 34, [32,64) => 96, [64,128) => 625, [128,256) => 5041, [256,512) => 3301
   Buffers: shared hit=506519 read=7848
 Settings: enable_bitmapscan = 'off', enable_seqscan = 'off', max_parallel_workers_per_gather = '0'
 Planning:
   Buffers: shared hit=82 read=27
 Planning Time: 2.214 ms
 Execution Time: 167.225 ms
(12 rows)

SET
SET
SET
SET
SET
                                             QUERY PLAN                                             
----------------------------------------------------------------------------------------------------
 Index Scan Backward using idx on public.t (actual rows=524288.00 loops=1)
   Output: a, b
   Index Cond: ((t.a >= '-281909'::integer) AND (t.a <= '-19766'::integer))
   Index Searches: 1
   Buffers: shared hit=514367
 Settings: enable_bitmapscan = 'off', enable_seqscan = 'off', max_parallel_workers_per_gather = '0'
 Planning:
   Buffers: shared hit=114
 Planning Time: 0.182 ms
 Execution Time: 73.751 ms
(10 rows)

