SET
SET
SET
SET
SET
                                             QUERY PLAN                                             
----------------------------------------------------------------------------------------------------
 Index Scan using idx on public.t (actual rows=8192.00 loops=1)
   Output: a, b
   Index Cond: ((t.a >= '-22983'::integer) AND (t.a <= '-20936'::integer))
   Index Searches: 1
   Prefetch: distance=2.166 count=779 stalls=6937 skipped=101 resets=0 ungets=0 forwarded=3
             histogram [2,4) => 737, [4,8) => 41, [8,16) => 1
   Buffers: shared hit=7614 read=490
 Settings: enable_bitmapscan = 'off', enable_seqscan = 'off', max_parallel_workers_per_gather = '0'
 Planning:
   Buffers: shared hit=81 read=28
 Planning Time: 2.080 ms
 Execution Time: 30.953 ms
(12 rows)

SET
SET
SET
SET
SET
                                             QUERY PLAN                                             
----------------------------------------------------------------------------------------------------
 Index Scan using idx on public.t (actual rows=8192.00 loops=1)
   Output: a, b
   Index Cond: ((t.a >= '-22983'::integer) AND (t.a <= '-20936'::integer))
   Index Searches: 1
   Buffers: shared hit=8104
 Settings: enable_bitmapscan = 'off', enable_seqscan = 'off', max_parallel_workers_per_gather = '0'
 Planning:
   Buffers: shared hit=114
 Planning Time: 0.221 ms
 Execution Time: 1.527 ms
(10 rows)

