SET
SET
SET
SET
SET
                                                                  QUERY PLAN                                                                   
-----------------------------------------------------------------------------------------------------------------------------------------------
 Index Scan using idx on public.t (actual rows=65536.00 loops=1)
   Output: a, b
   Index Cond: ((t.a >= '-32081'::integer) AND (t.a <= '-15698'::integer))
   Index Searches: 1
   Prefetch: distance=264.135 count=71079 stalls=3 skipped=1018 resets=0 ungets=6591 forwarded=166
             histogram [2,4) => 6, [4,8) => 3, [8,16) => 10, [16,32) => 11, [32,64) => 3, [64,128) => 2, [128,256) => 9827, [256,512) => 61217
   Buffers: shared hit=61306 read=3313
 Settings: enable_bitmapscan = 'off', enable_seqscan = 'off', max_parallel_workers_per_gather = '0'
 Planning:
   Buffers: shared hit=81 read=28
 Planning Time: 2.042 ms
 Execution Time: 73.627 ms
(12 rows)

SET
SET
SET
SET
SET
                                             QUERY PLAN                                             
----------------------------------------------------------------------------------------------------
 Index Scan using idx on public.t (actual rows=65536.00 loops=1)
   Output: a, b
   Index Cond: ((t.a >= '-32081'::integer) AND (t.a <= '-15698'::integer))
   Index Searches: 1
   Buffers: shared hit=64622
 Settings: enable_bitmapscan = 'off', enable_seqscan = 'off', max_parallel_workers_per_gather = '0'
 Planning:
   Buffers: shared hit=114
 Planning Time: 0.172 ms
 Execution Time: 7.364 ms
(10 rows)

