SET
SET
SET
SET
SET
                                                                   QUERY PLAN                                                                   
------------------------------------------------------------------------------------------------------------------------------------------------
 Index Scan Backward using idx on public.t (actual rows=2048.00 loops=1)
   Output: a, b
   Index Cond: ((t.a >= '-12584'::integer) AND (t.a <= '-11561'::integer))
   Index Searches: 1
   Prefetch: distance=245.703 count=1659 stalls=26 skipped=41 resets=0 ungets=79 forwarded=0
             histogram [2,4) => 28, [4,8) => 28, [8,16) => 11, [16,32) => 18, [32,64) => 16, [64,128) => 2, [128,256) => 349, [256,512) => 1207
   Buffers: shared hit=1616 read=391
 Settings: enable_bitmapscan = 'off', enable_seqscan = 'off', max_parallel_workers_per_gather = '0'
 Planning:
   Buffers: shared hit=82 read=26
 Planning Time: 1.927 ms
 Execution Time: 18.893 ms
(12 rows)

SET
SET
SET
SET
SET
                                             QUERY PLAN                                             
----------------------------------------------------------------------------------------------------
 Index Scan Backward using idx on public.t (actual rows=2048.00 loops=1)
   Output: a, b
   Index Cond: ((t.a >= '-12584'::integer) AND (t.a <= '-11561'::integer))
   Index Searches: 1
   Buffers: shared hit=2007
 Settings: enable_bitmapscan = 'off', enable_seqscan = 'off', max_parallel_workers_per_gather = '0'
 Planning:
   Buffers: shared hit=113
 Planning Time: 0.155 ms
 Execution Time: 0.361 ms
(10 rows)

