SET
SET
SET
SET
SET
                                                               QUERY PLAN                                                                
-----------------------------------------------------------------------------------------------------------------------------------------
 Index Scan Backward using idx on public.t (actual rows=256.00 loops=1)
   Output: a, b
   Index Cond: ((t.a >= '-13649'::integer) AND (t.a <= '-13522'::integer))
   Index Searches: 1
   Prefetch: distance=228.573 count=232 stalls=2 skipped=3 resets=0 ungets=76 forwarded=0
             histogram [2,4) => 6, [4,8) => 4, [8,16) => 9, [16,32) => 15, [32,64) => 3, [64,128) => 2, [128,256) => 2, [256,512) => 191
   Buffers: shared hit=69 read=189
 Settings: enable_bitmapscan = 'off', enable_seqscan = 'off', max_parallel_workers_per_gather = '0'
 Planning:
   Buffers: shared hit=82 read=26
 Planning Time: 1.346 ms
 Execution Time: 6.182 ms
(12 rows)

SET
SET
SET
SET
SET
                                             QUERY PLAN                                             
----------------------------------------------------------------------------------------------------
 Index Scan Backward using idx on public.t (actual rows=256.00 loops=1)
   Output: a, b
   Index Cond: ((t.a >= '-13649'::integer) AND (t.a <= '-13522'::integer))
   Index Searches: 1
   Buffers: shared hit=258
 Settings: enable_bitmapscan = 'off', enable_seqscan = 'off', max_parallel_workers_per_gather = '0'
 Planning:
   Buffers: shared hit=113
 Planning Time: 0.148 ms
 Execution Time: 0.136 ms
(10 rows)

