SET
SET
SET
SET
SET
                                                                QUERY PLAN                                                                 
-------------------------------------------------------------------------------------------------------------------------------------------
 Index Scan Backward using idx on public.t (actual rows=1024.00 loops=1)
   Output: a, b
   Index Cond: ((t.a >= '-4532'::integer) AND (t.a <= '-4021'::integer))
   Index Searches: 1
   Prefetch: distance=256.802 count=1054 stalls=5 skipped=13 resets=0 ungets=179 forwarded=0
             histogram [2,4) => 4, [4,8) => 7, [8,16) => 9, [16,32) => 13, [32,64) => 5, [64,128) => 3, [128,256) => 107, [256,512) => 906
   Buffers: shared hit=729 read=289
 Settings: enable_bitmapscan = 'off', enable_seqscan = 'off', max_parallel_workers_per_gather = '0'
 Planning:
   Buffers: shared hit=82 read=26
 Planning Time: 1.931 ms
 Execution Time: 9.369 ms
(12 rows)

SET
SET
SET
SET
SET
                                             QUERY PLAN                                             
----------------------------------------------------------------------------------------------------
 Index Scan Backward using idx on public.t (actual rows=1024.00 loops=1)
   Output: a, b
   Index Cond: ((t.a >= '-4532'::integer) AND (t.a <= '-4021'::integer))
   Index Searches: 1
   Buffers: shared hit=1018
 Settings: enable_bitmapscan = 'off', enable_seqscan = 'off', max_parallel_workers_per_gather = '0'
 Planning:
   Buffers: shared hit=113
 Planning Time: 0.187 ms
 Execution Time: 0.450 ms
(10 rows)

