SET
SET
SET
SET
SET
                                                              QUERY PLAN                                                               
---------------------------------------------------------------------------------------------------------------------------------------
 Index Scan Backward using idx on public.t (actual rows=128.00 loops=1)
   Output: a, b
   Index Cond: ((t.a >= '-17490'::integer) AND (t.a <= '-17427'::integer))
   Index Searches: 1
   Prefetch: distance=187.120 count=92 stalls=1 skipped=3 resets=0 ungets=31 forwarded=0
             histogram [2,4) => 4, [4,8) => 6, [8,16) => 7, [16,32) => 9, [32,64) => 2, [64,128) => 2, [128,256) => 2, [256,512) => 60
   Buffers: shared hit=26 read=105
 Settings: enable_bitmapscan = 'off', enable_seqscan = 'off', max_parallel_workers_per_gather = '0'
 Planning:
   Buffers: shared hit=82 read=26
 Planning Time: 1.328 ms
 Execution Time: 4.199 ms
(12 rows)

SET
SET
SET
SET
SET
                                             QUERY PLAN                                             
----------------------------------------------------------------------------------------------------
 Index Scan Backward using idx on public.t (actual rows=128.00 loops=1)
   Output: a, b
   Index Cond: ((t.a >= '-17490'::integer) AND (t.a <= '-17427'::integer))
   Index Searches: 1
   Buffers: shared hit=131
 Settings: enable_bitmapscan = 'off', enable_seqscan = 'off', max_parallel_workers_per_gather = '0'
 Planning:
   Buffers: shared hit=113
 Planning Time: 0.173 ms
 Execution Time: 0.137 ms
(10 rows)

