SET
SET
SET
SET
SET
                                                                       QUERY PLAN                                                                        
---------------------------------------------------------------------------------------------------------------------------------------------------------
 Index Scan Backward using idx on public.t (actual rows=1048576.00 loops=1)
   Output: a, b
   Index Cond: ((t.a >= '-551682'::integer) AND (t.a <= '-27395'::integer))
   Index Searches: 1
   Prefetch: distance=57.826 count=36101 stalls=989972 skipped=22437 resets=0 ungets=195 forwarded=0
             histogram [2,4) => 24381, [4,8) => 2110, [8,16) => 24, [16,32) => 31, [32,64) => 182, [64,128) => 979, [128,256) => 5457, [256,512) => 2937
   Buffers: shared hit=1013408 read=15309
 Settings: enable_bitmapscan = 'off', enable_seqscan = 'off', max_parallel_workers_per_gather = '0'
 Planning:
   Buffers: shared hit=78 read=26
 Planning Time: 2.044 ms
 Execution Time: 1146.172 ms
(12 rows)

SET
SET
SET
SET
SET
                                             QUERY PLAN                                             
----------------------------------------------------------------------------------------------------
 Index Scan Backward using idx on public.t (actual rows=1048576.00 loops=1)
   Output: a, b
   Index Cond: ((t.a >= '-551682'::integer) AND (t.a <= '-27395'::integer))
   Index Searches: 1
   Buffers: shared hit=1028717
 Settings: enable_bitmapscan = 'off', enable_seqscan = 'off', max_parallel_workers_per_gather = '0'
 Planning:
   Buffers: shared hit=109
 Planning Time: 0.186 ms
 Execution Time: 155.520 ms
(10 rows)

