SET
SET
SET
SET
SET
                                                                   QUERY PLAN                                                                    
-------------------------------------------------------------------------------------------------------------------------------------------------
 Index Scan Backward using idx on public.t (actual rows=4096.00 loops=1)
   Output: a, b
   Index Cond: ((t.a >= '-29772'::integer) AND (t.a <= '-27725'::integer))
   Index Searches: 1
   Prefetch: distance=237.395 count=2905 stalls=992 skipped=99 resets=0 ungets=167 forwarded=1
             histogram [2,4) => 42, [4,8) => 19, [8,16) => 18, [16,32) => 27, [32,64) => 46, [64,128) => 66, [128,256) => 872, [256,512) => 1815
   Buffers: shared hit=3559 read=447
 Settings: enable_bitmapscan = 'off', enable_seqscan = 'off', max_parallel_workers_per_gather = '0'
 Planning:
   Buffers: shared hit=82 read=26
 Planning Time: 2.003 ms
 Execution Time: 19.667 ms
(12 rows)

SET
SET
SET
SET
SET
                                             QUERY PLAN                                             
----------------------------------------------------------------------------------------------------
 Index Scan Backward using idx on public.t (actual rows=4096.00 loops=1)
   Output: a, b
   Index Cond: ((t.a >= '-29772'::integer) AND (t.a <= '-27725'::integer))
   Index Searches: 1
   Buffers: shared hit=4006
 Settings: enable_bitmapscan = 'off', enable_seqscan = 'off', max_parallel_workers_per_gather = '0'
 Planning:
   Buffers: shared hit=113
 Planning Time: 0.200 ms
 Execution Time: 1.065 ms
(10 rows)

