SET
SET
SET
SET
SET
                                                                    QUERY PLAN                                                                     
---------------------------------------------------------------------------------------------------------------------------------------------------
 Index Scan Backward using idx on public.t (actual rows=8192.00 loops=1)
   Output: a, b
   Index Cond: ((t.a >= '-35386'::integer) AND (t.a <= '-31291'::integer))
   Index Searches: 1
   Prefetch: distance=228.708 count=6851 stalls=1309 skipped=181 resets=0 ungets=276 forwarded=0
             histogram [2,4) => 32, [4,8) => 10, [8,16) => 16, [16,32) => 27, [32,64) => 64, [64,128) => 228, [128,256) => 3712, [256,512) => 2762
   Buffers: shared hit=7539 read=494
 Settings: enable_bitmapscan = 'off', enable_seqscan = 'off', max_parallel_workers_per_gather = '0'
 Planning:
   Buffers: shared hit=82 read=26
 Planning Time: 1.952 ms
 Execution Time: 15.528 ms
(12 rows)

SET
SET
SET
SET
SET
                                             QUERY PLAN                                             
----------------------------------------------------------------------------------------------------
 Index Scan Backward using idx on public.t (actual rows=8192.00 loops=1)
   Output: a, b
   Index Cond: ((t.a >= '-35386'::integer) AND (t.a <= '-31291'::integer))
   Index Searches: 1
   Buffers: shared hit=8033
 Settings: enable_bitmapscan = 'off', enable_seqscan = 'off', max_parallel_workers_per_gather = '0'
 Planning:
   Buffers: shared hit=113
 Planning Time: 0.259 ms
 Execution Time: 1.752 ms
(10 rows)

