SET
SET
SET
SET
SET
                                                                    QUERY PLAN                                                                     
---------------------------------------------------------------------------------------------------------------------------------------------------
 Index Scan Backward using idx on public.t (actual rows=8192.00 loops=1)
   Output: a, b
   Index Cond: ((t.a >= '-34453'::integer) AND (t.a <= '-30358'::integer))
   Index Searches: 1
   Prefetch: distance=228.339 count=4812 stalls=3078 skipped=174 resets=0 ungets=163 forwarded=0
             histogram [2,4) => 78, [4,8) => 33, [8,16) => 22, [16,32) => 29, [32,64) => 81, [64,128) => 124, [128,256) => 2308, [256,512) => 2137
   Buffers: shared hit=7537 read=504
 Settings: enable_bitmapscan = 'off', enable_seqscan = 'off', max_parallel_workers_per_gather = '0'
 Planning:
   Buffers: shared hit=82 read=26
 Planning Time: 1.997 ms
 Execution Time: 23.755 ms
(12 rows)

SET
SET
SET
SET
SET
                                             QUERY PLAN                                             
----------------------------------------------------------------------------------------------------
 Index Scan Backward using idx on public.t (actual rows=8192.00 loops=1)
   Output: a, b
   Index Cond: ((t.a >= '-34453'::integer) AND (t.a <= '-30358'::integer))
   Index Searches: 1
   Buffers: shared hit=8041
 Settings: enable_bitmapscan = 'off', enable_seqscan = 'off', max_parallel_workers_per_gather = '0'
 Planning:
   Buffers: shared hit=113
 Planning Time: 0.140 ms
 Execution Time: 0.919 ms
(10 rows)

