SET
SET
SET
SET
SET
                                                                  QUERY PLAN                                                                   
-----------------------------------------------------------------------------------------------------------------------------------------------
 Index Scan Backward using idx on public.t (actual rows=2048.00 loops=1)
   Output: a, b
   Index Cond: ((t.a >= '-20441'::integer) AND (t.a <= '-19418'::integer))
   Index Searches: 1
   Prefetch: distance=255.919 count=1921 stalls=1 skipped=34 resets=0 ungets=189 forwarded=0
             histogram [2,4) => 4, [4,8) => 5, [8,16) => 11, [16,32) => 16, [32,64) => 17, [64,128) => 11, [128,256) => 342, [256,512) => 1515
   Buffers: shared hit=1603 read=416
 Settings: enable_bitmapscan = 'off', enable_seqscan = 'off', max_parallel_workers_per_gather = '0'
 Planning:
   Buffers: shared hit=82 read=26
 Planning Time: 1.970 ms
 Execution Time: 17.875 ms
(12 rows)

SET
SET
SET
SET
SET
                                             QUERY PLAN                                             
----------------------------------------------------------------------------------------------------
 Index Scan Backward using idx on public.t (actual rows=2048.00 loops=1)
   Output: a, b
   Index Cond: ((t.a >= '-20441'::integer) AND (t.a <= '-19418'::integer))
   Index Searches: 1
   Buffers: shared hit=2019
 Settings: enable_bitmapscan = 'off', enable_seqscan = 'off', max_parallel_workers_per_gather = '0'
 Planning:
   Buffers: shared hit=113
 Planning Time: 0.201 ms
 Execution Time: 0.734 ms
(10 rows)

