SET
SET
SET
SET
SET
                                                                QUERY PLAN                                                                
------------------------------------------------------------------------------------------------------------------------------------------
 Index Scan Backward using idx on public.t (actual rows=512.00 loops=1)
   Output: a, b
   Index Cond: ((t.a >= '-29601'::integer) AND (t.a <= '-29346'::integer))
   Index Searches: 1
   Prefetch: distance=193.205 count=205 stalls=6 skipped=8 resets=0 ungets=38 forwarded=1
             histogram [2,4) => 6, [4,8) => 7, [8,16) => 7, [16,32) => 14, [32,64) => 29, [64,128) => 3, [128,256) => 2, [256,512) => 137
   Buffers: shared hit=211 read=294
 Settings: enable_bitmapscan = 'off', enable_seqscan = 'off', max_parallel_workers_per_gather = '0'
 Planning:
   Buffers: shared hit=82 read=26
 Planning Time: 1.561 ms
 Execution Time: 13.164 ms
(12 rows)

SET
SET
SET
SET
SET
                                             QUERY PLAN                                             
----------------------------------------------------------------------------------------------------
 Index Scan Backward using idx on public.t (actual rows=512.00 loops=1)
   Output: a, b
   Index Cond: ((t.a >= '-29601'::integer) AND (t.a <= '-29346'::integer))
   Index Searches: 1
   Buffers: shared hit=505
 Settings: enable_bitmapscan = 'off', enable_seqscan = 'off', max_parallel_workers_per_gather = '0'
 Planning:
   Buffers: shared hit=113
 Planning Time: 0.177 ms
 Execution Time: 0.267 ms
(10 rows)

