SET
SET
SET
SET
SET
                                                                       QUERY PLAN                                                                       
--------------------------------------------------------------------------------------------------------------------------------------------------------
 Index Scan Backward using idx on public.t (actual rows=1048576.00 loops=1)
   Output: a, b
   Index Cond: ((t.a >= '-525580'::integer) AND (t.a <= '-1293'::integer))
   Index Searches: 1
   Prefetch: distance=61.302 count=35510 stalls=990971 skipped=22431 resets=0 ungets=361 forwarded=0
             histogram [2,4) => 24063, [4,8) => 2068, [8,16) => 19, [16,32) => 27, [32,64) => 66, [64,128) => 450, [128,256) => 5364, [256,512) => 3453
   Buffers: shared hit=1013592 read=15142
 Settings: enable_bitmapscan = 'off', enable_seqscan = 'off', max_parallel_workers_per_gather = '0'
 Planning:
   Buffers: shared hit=78 read=26
 Planning Time: 1.951 ms
 Execution Time: 1062.170 ms
(12 rows)

SET
SET
SET
SET
SET
                                             QUERY PLAN                                             
----------------------------------------------------------------------------------------------------
 Index Scan Backward using idx on public.t (actual rows=1048576.00 loops=1)
   Output: a, b
   Index Cond: ((t.a >= '-525580'::integer) AND (t.a <= '-1293'::integer))
   Index Searches: 1
   Buffers: shared hit=1028734
 Settings: enable_bitmapscan = 'off', enable_seqscan = 'off', max_parallel_workers_per_gather = '0'
 Planning:
   Buffers: shared hit=109
 Planning Time: 0.215 ms
 Execution Time: 147.613 ms
(10 rows)

