SET
SET
SET
SET
SET
                                             QUERY PLAN                                             
----------------------------------------------------------------------------------------------------
 Index Scan Backward using idx on public.t (actual rows=4096.00 loops=1)
   Output: a, b
   Index Cond: ((t.a >= 4315) AND (t.a <= 5338))
   Index Searches: 1
   Prefetch: distance=2.120 count=342 stalls=3062 skipped=49 resets=0 ungets=0 forwarded=0
             histogram [2,4) => 328, [4,8) => 14
   Buffers: shared hit=3759 read=293
 Settings: enable_bitmapscan = 'off', enable_seqscan = 'off', max_parallel_workers_per_gather = '0'
 Planning:
   Buffers: shared hit=86 read=27
 Planning Time: 2.061 ms
 Execution Time: 19.222 ms
(12 rows)

SET
SET
SET
SET
SET
                                             QUERY PLAN                                             
----------------------------------------------------------------------------------------------------
 Index Scan Backward using idx on public.t (actual rows=4096.00 loops=1)
   Output: a, b
   Index Cond: ((t.a >= 4315) AND (t.a <= 5338))
   Index Searches: 1
   Buffers: shared hit=4052
 Settings: enable_bitmapscan = 'off', enable_seqscan = 'off', max_parallel_workers_per_gather = '0'
 Planning:
   Buffers: shared hit=118
 Planning Time: 0.204 ms
 Execution Time: 0.816 ms
(10 rows)

