SET
SET
SET
SET
SET
                                                                 QUERY PLAN                                                                 
--------------------------------------------------------------------------------------------------------------------------------------------
 Index Scan Backward using idx on public.t (actual rows=512.00 loops=1)
   Output: a, b
   Index Cond: ((t.a >= '-3166'::integer) AND (t.a <= '-2911'::integer))
   Index Searches: 1
   Prefetch: distance=216.304 count=309 stalls=9 skipped=4 resets=0 ungets=51 forwarded=0
             histogram [2,4) => 10, [4,8) => 6, [8,16) => 14, [16,32) => 18, [32,64) => 13, [64,128) => 4, [128,256) => 3, [256,512) => 241
   Buffers: shared hit=283 read=225
 Settings: enable_bitmapscan = 'off', enable_seqscan = 'off', max_parallel_workers_per_gather = '0'
 Planning:
   Buffers: shared hit=82 read=26
 Planning Time: 1.561 ms
 Execution Time: 10.497 ms
(12 rows)

SET
SET
SET
SET
SET
                                             QUERY PLAN                                             
----------------------------------------------------------------------------------------------------
 Index Scan Backward using idx on public.t (actual rows=512.00 loops=1)
   Output: a, b
   Index Cond: ((t.a >= '-3166'::integer) AND (t.a <= '-2911'::integer))
   Index Searches: 1
   Buffers: shared hit=508
 Settings: enable_bitmapscan = 'off', enable_seqscan = 'off', max_parallel_workers_per_gather = '0'
 Planning:
   Buffers: shared hit=113
 Planning Time: 0.161 ms
 Execution Time: 0.186 ms
(10 rows)

