SET
SET
SET
SET
SET
                                                                   QUERY PLAN                                                                    
-------------------------------------------------------------------------------------------------------------------------------------------------
 Index Scan Backward using idx on public.t (actual rows=4096.00 loops=1)
   Output: a, b
   Index Cond: ((t.a >= '-20549'::integer) AND (t.a <= '-18502'::integer))
   Index Searches: 1
   Prefetch: distance=243.378 count=3705 stalls=532 skipped=75 resets=0 ungets=307 forwarded=0
             histogram [2,4) => 8, [4,8) => 10, [8,16) => 17, [16,32) => 42, [32,64) => 34, [64,128) => 66, [128,256) => 1317, [256,512) => 2211
   Buffers: shared hit=3596 read=441
 Settings: enable_bitmapscan = 'off', enable_seqscan = 'off', max_parallel_workers_per_gather = '0'
 Planning:
   Buffers: shared hit=82 read=26
 Planning Time: 1.926 ms
 Execution Time: 10.698 ms
(12 rows)

SET
SET
SET
SET
SET
                                             QUERY PLAN                                             
----------------------------------------------------------------------------------------------------
 Index Scan Backward using idx on public.t (actual rows=4096.00 loops=1)
   Output: a, b
   Index Cond: ((t.a >= '-20549'::integer) AND (t.a <= '-18502'::integer))
   Index Searches: 1
   Buffers: shared hit=4037
 Settings: enable_bitmapscan = 'off', enable_seqscan = 'off', max_parallel_workers_per_gather = '0'
 Planning:
   Buffers: shared hit=113
 Planning Time: 0.172 ms
 Execution Time: 1.062 ms
(10 rows)

