SET
SET
SET
SET
SET
                                                               QUERY PLAN                                                                
-----------------------------------------------------------------------------------------------------------------------------------------
 Index Scan Backward using idx on public.t (actual rows=256.00 loops=1)
   Output: a, b
   Index Cond: ((t.a >= '-18908'::integer) AND (t.a <= '-18781'::integer))
   Index Searches: 1
   Prefetch: distance=246.721 count=308 stalls=1 skipped=3 resets=0 ungets=113 forwarded=1
             histogram [2,4) => 2, [4,8) => 5, [8,16) => 8, [16,32) => 11, [32,64) => 2, [64,128) => 2, [128,256) => 2, [256,512) => 276
   Buffers: shared hit=73 read=186
 Settings: enable_bitmapscan = 'off', enable_seqscan = 'off', max_parallel_workers_per_gather = '0'
 Planning:
   Buffers: shared hit=82 read=26
 Planning Time: 1.356 ms
 Execution Time: 5.722 ms
(12 rows)

SET
SET
SET
SET
SET
                                             QUERY PLAN                                             
----------------------------------------------------------------------------------------------------
 Index Scan Backward using idx on public.t (actual rows=256.00 loops=1)
   Output: a, b
   Index Cond: ((t.a >= '-18908'::integer) AND (t.a <= '-18781'::integer))
   Index Searches: 1
   Buffers: shared hit=259
 Settings: enable_bitmapscan = 'off', enable_seqscan = 'off', max_parallel_workers_per_gather = '0'
 Planning:
   Buffers: shared hit=113
 Planning Time: 0.136 ms
 Execution Time: 0.127 ms
(10 rows)

