SET
SET
SET
SET
SET
                                                                  QUERY PLAN                                                                   
-----------------------------------------------------------------------------------------------------------------------------------------------
 Index Scan Backward using idx on public.t (actual rows=4096.00 loops=1)
   Output: a, b
   Index Cond: ((t.a >= '-18985'::integer) AND (t.a <= '-16938'::integer))
   Index Searches: 1
   Prefetch: distance=243.209 count=4015 stalls=1 skipped=82 resets=0 ungets=213 forwarded=1
             histogram [2,4) => 2, [4,8) => 8, [8,16) => 14, [16,32) => 14, [32,64) => 25, [64,128) => 4, [128,256) => 1909, [256,512) => 2039
   Buffers: shared hit=3590 read=438
 Settings: enable_bitmapscan = 'off', enable_seqscan = 'off', max_parallel_workers_per_gather = '0'
 Planning:
   Buffers: shared hit=82 read=26
 Planning Time: 1.933 ms
 Execution Time: 16.509 ms
(12 rows)

SET
SET
SET
SET
SET
                                             QUERY PLAN                                             
----------------------------------------------------------------------------------------------------
 Index Scan Backward using idx on public.t (actual rows=4096.00 loops=1)
   Output: a, b
   Index Cond: ((t.a >= '-18985'::integer) AND (t.a <= '-16938'::integer))
   Index Searches: 1
   Buffers: shared hit=4028
 Settings: enable_bitmapscan = 'off', enable_seqscan = 'off', max_parallel_workers_per_gather = '0'
 Planning:
   Buffers: shared hit=113
 Planning Time: 0.154 ms
 Execution Time: 0.555 ms
(10 rows)

