SET
SET
SET
SET
SET
                                                                 QUERY PLAN                                                                  
---------------------------------------------------------------------------------------------------------------------------------------------
 Index Scan Backward using idx on public.t (actual rows=2048.00 loops=1)
   Output: a, b
   Index Cond: ((t.a >= '-12657'::integer) AND (t.a <= '-11634'::integer))
   Index Searches: 1
   Prefetch: distance=258.525 count=2089 stalls=2 skipped=49 resets=0 ungets=233 forwarded=1
             histogram [2,4) => 6, [4,8) => 5, [8,16) => 12, [16,32) => 10, [32,64) => 2, [64,128) => 4, [128,256) => 409, [256,512) => 1641
   Buffers: shared hit=1616 read=391
 Settings: enable_bitmapscan = 'off', enable_seqscan = 'off', max_parallel_workers_per_gather = '0'
 Planning:
   Buffers: shared hit=82 read=26
 Planning Time: 1.936 ms
 Execution Time: 11.492 ms
(12 rows)

SET
SET
SET
SET
SET
                                             QUERY PLAN                                             
----------------------------------------------------------------------------------------------------
 Index Scan Backward using idx on public.t (actual rows=2048.00 loops=1)
   Output: a, b
   Index Cond: ((t.a >= '-12657'::integer) AND (t.a <= '-11634'::integer))
   Index Searches: 1
   Buffers: shared hit=2007
 Settings: enable_bitmapscan = 'off', enable_seqscan = 'off', max_parallel_workers_per_gather = '0'
 Planning:
   Buffers: shared hit=113
 Planning Time: 0.224 ms
 Execution Time: 0.714 ms
(10 rows)

