SET
SET
SET
SET
SET
                                                                 QUERY PLAN                                                                  
---------------------------------------------------------------------------------------------------------------------------------------------
 Index Scan Backward using idx on public.t (actual rows=1024.00 loops=1)
   Output: a, b
   Index Cond: ((t.a >= '-8087'::integer) AND (t.a <= '-7576'::integer))
   Index Searches: 1
   Prefetch: distance=246.225 count=770 stalls=4 skipped=13 resets=0 ungets=102 forwarded=0
             histogram [2,4) => 4, [4,8) => 11, [8,16) => 13, [16,32) => 14, [32,64) => 22, [64,128) => 4, [128,256) => 38, [256,512) => 664
   Buffers: shared hit=675 read=338
 Settings: enable_bitmapscan = 'off', enable_seqscan = 'off', max_parallel_workers_per_gather = '0'
 Planning:
   Buffers: shared hit=82 read=26
 Planning Time: 1.440 ms
 Execution Time: 13.506 ms
(12 rows)

SET
SET
SET
SET
SET
                                             QUERY PLAN                                             
----------------------------------------------------------------------------------------------------
 Index Scan Backward using idx on public.t (actual rows=1024.00 loops=1)
   Output: a, b
   Index Cond: ((t.a >= '-8087'::integer) AND (t.a <= '-7576'::integer))
   Index Searches: 1
   Buffers: shared hit=1013
 Settings: enable_bitmapscan = 'off', enable_seqscan = 'off', max_parallel_workers_per_gather = '0'
 Planning:
   Buffers: shared hit=113
 Planning Time: 0.203 ms
 Execution Time: 0.475 ms
(10 rows)

