SET
SET
SET
SET
SET
                                                                    QUERY PLAN                                                                    
--------------------------------------------------------------------------------------------------------------------------------------------------
 Index Scan Backward using idx on public.t (actual rows=4096.00 loops=1)
   Output: a, b
   Index Cond: ((t.a >= '-13722'::integer) AND (t.a <= '-11675'::integer))
   Index Searches: 1
   Prefetch: distance=232.554 count=3232 stalls=709 skipped=86 resets=0 ungets=172 forwarded=0
             histogram [2,4) => 24, [4,8) => 9, [8,16) => 17, [16,32) => 34, [32,64) => 42, [64,128) => 166, [128,256) => 1151, [256,512) => 1789
   Buffers: shared hit=3591 read=427
 Settings: enable_bitmapscan = 'off', enable_seqscan = 'off', max_parallel_workers_per_gather = '0'
 Planning:
   Buffers: shared hit=82 read=26
 Planning Time: 2.032 ms
 Execution Time: 16.335 ms
(12 rows)

SET
SET
SET
SET
SET
                                             QUERY PLAN                                             
----------------------------------------------------------------------------------------------------
 Index Scan Backward using idx on public.t (actual rows=4096.00 loops=1)
   Output: a, b
   Index Cond: ((t.a >= '-13722'::integer) AND (t.a <= '-11675'::integer))
   Index Searches: 1
   Buffers: shared hit=4018
 Settings: enable_bitmapscan = 'off', enable_seqscan = 'off', max_parallel_workers_per_gather = '0'
 Planning:
   Buffers: shared hit=113
 Planning Time: 0.156 ms
 Execution Time: 0.570 ms
(10 rows)

