SET
SET
SET
SET
SET
                                                                 QUERY PLAN                                                                  
---------------------------------------------------------------------------------------------------------------------------------------------
 Index Scan using idx on public.t (actual rows=512.00 loops=1)
   Output: a, b
   Index Cond: ((t.a >= '-23009'::integer) AND (t.a <= '-22754'::integer))
   Index Searches: 1
   Prefetch: distance=120.629 count=151 stalls=1 skipped=2 resets=0 ungets=13 forwarded=0
             histogram [2,4) => 6, [4,8) => 14, [8,16) => 15, [16,32) => 12, [32,64) => 34, [64,128) => 11, [128,256) => 10, [256,512) => 49
   Buffers: shared hit=236 read=271
 Settings: enable_bitmapscan = 'off', enable_seqscan = 'off', max_parallel_workers_per_gather = '0'
 Planning:
   Buffers: shared hit=86 read=26
 Planning Time: 1.539 ms
 Execution Time: 14.936 ms
(12 rows)

SET
SET
SET
SET
SET
                                             QUERY PLAN                                             
----------------------------------------------------------------------------------------------------
 Index Scan using idx on public.t (actual rows=512.00 loops=1)
   Output: a, b
   Index Cond: ((t.a >= '-23009'::integer) AND (t.a <= '-22754'::integer))
   Index Searches: 1
   Buffers: shared hit=507
 Settings: enable_bitmapscan = 'off', enable_seqscan = 'off', max_parallel_workers_per_gather = '0'
 Planning:
   Buffers: shared hit=117
 Planning Time: 0.193 ms
 Execution Time: 0.331 ms
(10 rows)

