SET
SET
SET
SET
SET
                                                                QUERY PLAN                                                                
------------------------------------------------------------------------------------------------------------------------------------------
 Index Scan using idx on public.t (actual rows=256.00 loops=1)
   Output: a, b
   Index Cond: ((t.a >= '-10833'::integer) AND (t.a <= '-10706'::integer))
   Index Searches: 1
   Prefetch: distance=227.758 count=219 stalls=1 skipped=2 resets=0 ungets=73 forwarded=2
             histogram [2,4) => 2, [4,8) => 6, [8,16) => 13, [16,32) => 10, [32,64) => 3, [64,128) => 4, [128,256) => 2, [256,512) => 179
   Buffers: shared hit=65 read=191
 Settings: enable_bitmapscan = 'off', enable_seqscan = 'off', max_parallel_workers_per_gather = '0'
 Planning:
   Buffers: shared hit=86 read=26
 Planning Time: 1.297 ms
 Execution Time: 7.639 ms
(12 rows)

SET
SET
SET
SET
SET
                                             QUERY PLAN                                             
----------------------------------------------------------------------------------------------------
 Index Scan using idx on public.t (actual rows=256.00 loops=1)
   Output: a, b
   Index Cond: ((t.a >= '-10833'::integer) AND (t.a <= '-10706'::integer))
   Index Searches: 1
   Buffers: shared hit=256
 Settings: enable_bitmapscan = 'off', enable_seqscan = 'off', max_parallel_workers_per_gather = '0'
 Planning:
   Buffers: shared hit=117
 Planning Time: 0.202 ms
 Execution Time: 0.250 ms
(10 rows)

