SET
SET
SET
SET
SET
                                                                  QUERY PLAN                                                                  
----------------------------------------------------------------------------------------------------------------------------------------------
 Index Scan using idx on public.t (actual rows=1024.00 loops=1)
   Output: a, b
   Index Cond: ((t.a >= '-5634'::integer) AND (t.a <= '-5123'::integer))
   Index Searches: 1
   Prefetch: distance=229.113 count=754 stalls=10 skipped=19 resets=0 ungets=70 forwarded=1
             histogram [2,4) => 25, [4,8) => 17, [8,16) => 6, [16,32) => 13, [32,64) => 30, [64,128) => 22, [128,256) => 91, [256,512) => 550
   Buffers: shared hit=706 read=303
 Settings: enable_bitmapscan = 'off', enable_seqscan = 'off', max_parallel_workers_per_gather = '0'
 Planning:
   Buffers: shared hit=86 read=26
 Planning Time: 1.910 ms
 Execution Time: 9.778 ms
(12 rows)

SET
SET
SET
SET
SET
                                             QUERY PLAN                                             
----------------------------------------------------------------------------------------------------
 Index Scan using idx on public.t (actual rows=1024.00 loops=1)
   Output: a, b
   Index Cond: ((t.a >= '-5634'::integer) AND (t.a <= '-5123'::integer))
   Index Searches: 1
   Buffers: shared hit=1009
 Settings: enable_bitmapscan = 'off', enable_seqscan = 'off', max_parallel_workers_per_gather = '0'
 Planning:
   Buffers: shared hit=117
 Planning Time: 0.190 ms
 Execution Time: 0.441 ms
(10 rows)

