SET
SET
SET
SET
SET
                                                                     QUERY PLAN                                                                     
----------------------------------------------------------------------------------------------------------------------------------------------------
 Index Scan using idx on public.t (actual rows=8192.00 loops=1)
   Output: a, b
   Index Cond: ((t.a >= '-4199'::integer) AND (t.a <= '-104'::integer))
   Index Searches: 1
   Prefetch: distance=217.119 count=4577 stalls=3297 skipped=192 resets=0 ungets=73 forwarded=4
             histogram [2,4) => 103, [4,8) => 35, [8,16) => 19, [16,32) => 40, [32,64) => 59, [64,128) => 142, [128,256) => 2648, [256,512) => 1531
   Buffers: shared hit=7708 read=309
 Settings: enable_bitmapscan = 'off', enable_seqscan = 'off', max_parallel_workers_per_gather = '0'
 Planning:
   Buffers: shared hit=86 read=26
 Planning Time: 1.938 ms
 Execution Time: 7.824 ms
(12 rows)

SET
SET
SET
SET
SET
                                             QUERY PLAN                                             
----------------------------------------------------------------------------------------------------
 Index Scan using idx on public.t (actual rows=8192.00 loops=1)
   Output: a, b
   Index Cond: ((t.a >= '-4199'::integer) AND (t.a <= '-104'::integer))
   Index Searches: 1
   Buffers: shared hit=8017
 Settings: enable_bitmapscan = 'off', enable_seqscan = 'off', max_parallel_workers_per_gather = '0'
 Planning:
   Buffers: shared hit=117
 Planning Time: 0.203 ms
 Execution Time: 1.543 ms
(10 rows)

