SET
SET
SET
SET
SET
                                                                    QUERY PLAN                                                                     
---------------------------------------------------------------------------------------------------------------------------------------------------
 Index Scan using idx on public.t (actual rows=4096.00 loops=1)
   Output: a, b
   Index Cond: ((t.a >= '-20478'::integer) AND (t.a <= '-18431'::integer))
   Index Searches: 1
   Prefetch: distance=226.920 count=3168 stalls=1055 skipped=79 resets=0 ungets=291 forwarded=3
             histogram [2,4) => 43, [4,8) => 14, [8,16) => 18, [16,32) => 29, [32,64) => 115, [64,128) => 163, [128,256) => 939, [256,512) => 1847
   Buffers: shared hit=3591 read=441
 Settings: enable_bitmapscan = 'off', enable_seqscan = 'off', max_parallel_workers_per_gather = '0'
 Planning:
   Buffers: shared hit=86 read=26
 Planning Time: 1.919 ms
 Execution Time: 9.643 ms
(12 rows)

SET
SET
SET
SET
SET
                                             QUERY PLAN                                             
----------------------------------------------------------------------------------------------------
 Index Scan using idx on public.t (actual rows=4096.00 loops=1)
   Output: a, b
   Index Cond: ((t.a >= '-20478'::integer) AND (t.a <= '-18431'::integer))
   Index Searches: 1
   Buffers: shared hit=4032
 Settings: enable_bitmapscan = 'off', enable_seqscan = 'off', max_parallel_workers_per_gather = '0'
 Planning:
   Buffers: shared hit=117
 Planning Time: 0.150 ms
 Execution Time: 0.544 ms
(10 rows)

