SET
SET
SET
SET
SET
                                                                     QUERY PLAN                                                                     
----------------------------------------------------------------------------------------------------------------------------------------------------
 Index Scan using idx on public.t (actual rows=8192.00 loops=1)
   Output: a, b
   Index Cond: ((t.a >= '-19332'::integer) AND (t.a <= '-15237'::integer))
   Index Searches: 1
   Prefetch: distance=217.546 count=3230 stalls=4514 skipped=175 resets=0 ungets=110 forwarded=7
             histogram [2,4) => 126, [4,8) => 22, [8,16) => 23, [16,32) => 53, [32,64) => 122, [64,128) => 90, [128,256) => 1307, [256,512) => 1487
   Buffers: shared hit=7536 read=497
 Settings: enable_bitmapscan = 'off', enable_seqscan = 'off', max_parallel_workers_per_gather = '0'
 Planning:
   Buffers: shared hit=86 read=26
 Planning Time: 1.956 ms
 Execution Time: 18.915 ms
(12 rows)

SET
SET
SET
SET
SET
                                             QUERY PLAN                                             
----------------------------------------------------------------------------------------------------
 Index Scan using idx on public.t (actual rows=8192.00 loops=1)
   Output: a, b
   Index Cond: ((t.a >= '-19332'::integer) AND (t.a <= '-15237'::integer))
   Index Searches: 1
   Buffers: shared hit=8033
 Settings: enable_bitmapscan = 'off', enable_seqscan = 'off', max_parallel_workers_per_gather = '0'
 Planning:
   Buffers: shared hit=117
 Planning Time: 0.141 ms
 Execution Time: 0.936 ms
(10 rows)

