SET
SET
SET
SET
SET
                                                                  QUERY PLAN                                                                   
-----------------------------------------------------------------------------------------------------------------------------------------------
 Index Scan using idx on public.t (actual rows=2048.00 loops=1)
   Output: a, b
   Index Cond: ((t.a >= '-27081'::integer) AND (t.a <= '-26058'::integer))
   Index Searches: 1
   Prefetch: distance=250.230 count=1921 stalls=1 skipped=37 resets=0 ungets=170 forwarded=3
             histogram [2,4) => 6, [4,8) => 12, [8,16) => 7, [16,32) => 17, [32,64) => 14, [64,128) => 13, [128,256) => 460, [256,512) => 1392
   Buffers: shared hit=1608 read=409
 Settings: enable_bitmapscan = 'off', enable_seqscan = 'off', max_parallel_workers_per_gather = '0'
 Planning:
   Buffers: shared hit=86 read=26
 Planning Time: 1.951 ms
 Execution Time: 15.460 ms
(12 rows)

SET
SET
SET
SET
SET
                                             QUERY PLAN                                             
----------------------------------------------------------------------------------------------------
 Index Scan using idx on public.t (actual rows=2048.00 loops=1)
   Output: a, b
   Index Cond: ((t.a >= '-27081'::integer) AND (t.a <= '-26058'::integer))
   Index Searches: 1
   Buffers: shared hit=2017
 Settings: enable_bitmapscan = 'off', enable_seqscan = 'off', max_parallel_workers_per_gather = '0'
 Planning:
   Buffers: shared hit=117
 Planning Time: 0.195 ms
 Execution Time: 0.688 ms
(10 rows)

