SET
SET
SET
SET
SET
                                                                 QUERY PLAN                                                                 
--------------------------------------------------------------------------------------------------------------------------------------------
 Index Scan using idx on public.t (actual rows=1024.00 loops=1)
   Output: a, b
   Index Cond: ((t.a >= '-9905'::integer) AND (t.a <= '-9394'::integer))
   Index Searches: 1
   Prefetch: distance=249.779 count=837 stalls=1 skipped=11 resets=0 ungets=120 forwarded=3
             histogram [2,4) => 4, [4,8) => 5, [8,16) => 13, [16,32) => 18, [32,64) => 16, [64,128) => 2, [128,256) => 69, [256,512) => 710
   Buffers: shared hit=671 read=348
 Settings: enable_bitmapscan = 'off', enable_seqscan = 'off', max_parallel_workers_per_gather = '0'
 Planning:
   Buffers: shared hit=86 read=26
 Planning Time: 1.682 ms
 Execution Time: 11.844 ms
(12 rows)

SET
SET
SET
SET
SET
                                             QUERY PLAN                                             
----------------------------------------------------------------------------------------------------
 Index Scan using idx on public.t (actual rows=1024.00 loops=1)
   Output: a, b
   Index Cond: ((t.a >= '-9905'::integer) AND (t.a <= '-9394'::integer))
   Index Searches: 1
   Buffers: shared hit=1019
 Settings: enable_bitmapscan = 'off', enable_seqscan = 'off', max_parallel_workers_per_gather = '0'
 Planning:
   Buffers: shared hit=117
 Planning Time: 0.199 ms
 Execution Time: 0.510 ms
(10 rows)

