SET
SET
SET
SET
SET
                                                                 QUERY PLAN                                                                  
---------------------------------------------------------------------------------------------------------------------------------------------
 Index Scan using idx on public.t (actual rows=2048.00 loops=1)
   Output: a, b
   Index Cond: ((t.a >= '-12072'::integer) AND (t.a <= '-11049'::integer))
   Index Searches: 1
   Prefetch: distance=255.226 count=1935 stalls=7 skipped=40 resets=0 ungets=167 forwarded=8
             histogram [2,4) => 6, [4,8) => 5, [8,16) => 8, [16,32) => 10, [32,64) => 16, [64,128) => 4, [128,256) => 449, [256,512) => 1437
   Buffers: shared hit=1630 read=386
 Settings: enable_bitmapscan = 'off', enable_seqscan = 'off', max_parallel_workers_per_gather = '0'
 Planning:
   Buffers: shared hit=86 read=26
 Planning Time: 1.937 ms
 Execution Time: 14.548 ms
(12 rows)

SET
SET
SET
SET
SET
                                             QUERY PLAN                                             
----------------------------------------------------------------------------------------------------
 Index Scan using idx on public.t (actual rows=2048.00 loops=1)
   Output: a, b
   Index Cond: ((t.a >= '-12072'::integer) AND (t.a <= '-11049'::integer))
   Index Searches: 1
   Buffers: shared hit=2016
 Settings: enable_bitmapscan = 'off', enable_seqscan = 'off', max_parallel_workers_per_gather = '0'
 Planning:
   Buffers: shared hit=117
 Planning Time: 0.191 ms
 Execution Time: 0.661 ms
(10 rows)

