SET
SET
SET
SET
SET
                                                                 QUERY PLAN                                                                  
---------------------------------------------------------------------------------------------------------------------------------------------
 Index Scan using idx on public.t (actual rows=2048.00 loops=1)
   Output: a, b
   Index Cond: ((t.a >= '-25465'::integer) AND (t.a <= '-24442'::integer))
   Index Searches: 1
   Prefetch: distance=256.963 count=1964 stalls=2 skipped=32 resets=0 ungets=193 forwarded=8
             histogram [2,4) => 2, [4,8) => 5, [8,16) => 7, [16,32) => 14, [32,64) => 13, [64,128) => 3, [128,256) => 401, [256,512) => 1519
   Buffers: shared hit=1604 read=414
 Settings: enable_bitmapscan = 'off', enable_seqscan = 'off', max_parallel_workers_per_gather = '0'
 Planning:
   Buffers: shared hit=86 read=26
 Planning Time: 1.933 ms
 Execution Time: 14.459 ms
(12 rows)

SET
SET
SET
SET
SET
                                             QUERY PLAN                                             
----------------------------------------------------------------------------------------------------
 Index Scan using idx on public.t (actual rows=2048.00 loops=1)
   Output: a, b
   Index Cond: ((t.a >= '-25465'::integer) AND (t.a <= '-24442'::integer))
   Index Searches: 1
   Buffers: shared hit=2018
 Settings: enable_bitmapscan = 'off', enable_seqscan = 'off', max_parallel_workers_per_gather = '0'
 Planning:
   Buffers: shared hit=117
 Planning Time: 0.128 ms
 Execution Time: 0.340 ms
(10 rows)

