SET
SET
SET
SET
SET
                                                               QUERY PLAN                                                                
-----------------------------------------------------------------------------------------------------------------------------------------
 Index Scan Backward using idx on public.t (actual rows=128.00 loops=1)
   Output: a, b
   Index Cond: ((t.a >= '-11215'::integer) AND (t.a <= '-11184'::integer))
   Index Searches: 1
   Prefetch: distance=104.329 count=70 stalls=2 skipped=1 resets=0 ungets=8 forwarded=0
             histogram [2,4) => 4, [4,8) => 6, [8,16) => 9, [16,32) => 13, [32,64) => 11, [64,128) => 2, [128,256) => 4, [256,512) => 21
   Buffers: shared hit=52 read=80
 Settings: enable_bitmapscan = 'off', enable_seqscan = 'off', max_parallel_workers_per_gather = '0'
 Planning:
   Buffers: shared hit=85 read=28
 Planning Time: 1.012 ms
 Execution Time: 4.493 ms
(12 rows)

SET
SET
SET
SET
SET
                                             QUERY PLAN                                             
----------------------------------------------------------------------------------------------------
 Index Scan Backward using idx on public.t (actual rows=128.00 loops=1)
   Output: a, b
   Index Cond: ((t.a >= '-11215'::integer) AND (t.a <= '-11184'::integer))
   Index Searches: 1
   Buffers: shared hit=132
 Settings: enable_bitmapscan = 'off', enable_seqscan = 'off', max_parallel_workers_per_gather = '0'
 Planning:
   Buffers: shared hit=118
 Planning Time: 0.198 ms
 Execution Time: 0.137 ms
(10 rows)

