SET
SET
SET
SET
SET
                                             QUERY PLAN                                             
----------------------------------------------------------------------------------------------------
 Index Scan Backward using idx on public.t (actual rows=4096.00 loops=1)
   Output: a, b
   Index Cond: ((t.a >= '-27283'::integer) AND (t.a <= '-26260'::integer))
   Index Searches: 1
   Prefetch: distance=2.103 count=348 stalls=3135 skipped=66 resets=0 ungets=0 forwarded=0
             histogram [2,4) => 336, [4,8) => 12
   Buffers: shared hit=3747 read=290
 Settings: enable_bitmapscan = 'off', enable_seqscan = 'off', max_parallel_workers_per_gather = '0'
 Planning:
   Buffers: shared hit=85 read=28
 Planning Time: 2.057 ms
 Execution Time: 7.087 ms
(12 rows)

SET
SET
SET
SET
SET
                                             QUERY PLAN                                             
----------------------------------------------------------------------------------------------------
 Index Scan Backward using idx on public.t (actual rows=4096.00 loops=1)
   Output: a, b
   Index Cond: ((t.a >= '-27283'::integer) AND (t.a <= '-26260'::integer))
   Index Searches: 1
   Buffers: shared hit=4037
 Settings: enable_bitmapscan = 'off', enable_seqscan = 'off', max_parallel_workers_per_gather = '0'
 Planning:
   Buffers: shared hit=118
 Planning Time: 0.193 ms
 Execution Time: 0.808 ms
(10 rows)

