SET
SET
SET
SET
SET
                                                                QUERY PLAN                                                                
------------------------------------------------------------------------------------------------------------------------------------------
 Index Scan using idx on public.t (actual rows=1024.00 loops=1)
   Output: a, b
   Index Cond: ((t.a >= '-19030'::integer) AND (t.a <= '-18519'::integer))
   Index Searches: 1
   Prefetch: distance=254.333 count=832 stalls=1 skipped=7 resets=0 ungets=131 forwarded=2
             histogram [2,4) => 6, [4,8) => 6, [8,16) => 4, [16,32) => 18, [32,64) => 8, [64,128) => 4, [128,256) => 38, [256,512) => 748
   Buffers: shared hit=649 read=371
 Settings: enable_bitmapscan = 'off', enable_seqscan = 'off', max_parallel_workers_per_gather = '0'
 Planning:
   Buffers: shared hit=86 read=26
 Planning Time: 1.899 ms
 Execution Time: 12.146 ms
(12 rows)

SET
SET
SET
SET
SET
                                             QUERY PLAN                                             
----------------------------------------------------------------------------------------------------
 Index Scan using idx on public.t (actual rows=1024.00 loops=1)
   Output: a, b
   Index Cond: ((t.a >= '-19030'::integer) AND (t.a <= '-18519'::integer))
   Index Searches: 1
   Buffers: shared hit=1020
 Settings: enable_bitmapscan = 'off', enable_seqscan = 'off', max_parallel_workers_per_gather = '0'
 Planning:
   Buffers: shared hit=117
 Planning Time: 0.186 ms
 Execution Time: 0.492 ms
(10 rows)

