SET
SET
SET
SET
SET
                                                                  QUERY PLAN                                                                  
----------------------------------------------------------------------------------------------------------------------------------------------
 Index Scan using idx on public.t (actual rows=4096.00 loops=1)
   Output: a, b
   Index Cond: ((t.a >= '-24936'::integer) AND (t.a <= '-22889'::integer))
   Index Searches: 1
   Prefetch: distance=237.064 count=4189 stalls=1 skipped=88 resets=0 ungets=283 forwarded=12
             histogram [2,4) => 6, [4,8) => 3, [8,16) => 9, [16,32) => 9, [32,64) => 2, [64,128) => 102, [128,256) => 1905, [256,512) => 2153
   Buffers: shared hit=3583 read=438
 Settings: enable_bitmapscan = 'off', enable_seqscan = 'off', max_parallel_workers_per_gather = '0'
 Planning:
   Buffers: shared hit=86 read=26
 Planning Time: 1.961 ms
 Execution Time: 10.069 ms
(12 rows)

SET
SET
SET
SET
SET
                                             QUERY PLAN                                             
----------------------------------------------------------------------------------------------------
 Index Scan using idx on public.t (actual rows=4096.00 loops=1)
   Output: a, b
   Index Cond: ((t.a >= '-24936'::integer) AND (t.a <= '-22889'::integer))
   Index Searches: 1
   Buffers: shared hit=4021
 Settings: enable_bitmapscan = 'off', enable_seqscan = 'off', max_parallel_workers_per_gather = '0'
 Planning:
   Buffers: shared hit=117
 Planning Time: 0.185 ms
 Execution Time: 1.013 ms
(10 rows)

