SET
SET
SET
SET
SET
                                                                QUERY PLAN                                                                 
-------------------------------------------------------------------------------------------------------------------------------------------
 Index Scan using idx on public.t (actual rows=512.00 loops=1)
   Output: a, b
   Index Cond: ((t.a >= '-12676'::integer) AND (t.a <= '-12421'::integer))
   Index Searches: 1
   Prefetch: distance=186.590 count=205 stalls=4 skipped=4 resets=0 ungets=32 forwarded=2
             histogram [2,4) => 8, [4,8) => 9, [8,16) => 10, [16,32) => 10, [32,64) => 28, [64,128) => 5, [128,256) => 4, [256,512) => 131
   Buffers: shared hit=231 read=275
 Settings: enable_bitmapscan = 'off', enable_seqscan = 'off', max_parallel_workers_per_gather = '0'
 Planning:
   Buffers: shared hit=86 read=26
 Planning Time: 1.372 ms
 Execution Time: 10.289 ms
(12 rows)

SET
SET
SET
SET
SET
                                             QUERY PLAN                                             
----------------------------------------------------------------------------------------------------
 Index Scan using idx on public.t (actual rows=512.00 loops=1)
   Output: a, b
   Index Cond: ((t.a >= '-12676'::integer) AND (t.a <= '-12421'::integer))
   Index Searches: 1
   Buffers: shared hit=506
 Settings: enable_bitmapscan = 'off', enable_seqscan = 'off', max_parallel_workers_per_gather = '0'
 Planning:
   Buffers: shared hit=117
 Planning Time: 0.196 ms
 Execution Time: 0.212 ms
(10 rows)

