SET
SET
SET
SET
SET
                                                               QUERY PLAN                                                               
----------------------------------------------------------------------------------------------------------------------------------------
 Index Scan using idx on public.t (actual rows=256.00 loops=1)
   Output: a, b
   Index Cond: ((t.a >= '-16554'::integer) AND (t.a <= '-16427'::integer))
   Index Searches: 1
   Prefetch: distance=246.686 count=334 stalls=1 skipped=10 resets=0 ungets=122 forwarded=3
             histogram [2,4) => 4, [4,8) => 7, [8,16) => 8, [16,32) => 8, [32,64) => 2, [64,128) => 3, [128,256) => 3, [256,512) => 299
   Buffers: shared hit=72 read=181
 Settings: enable_bitmapscan = 'off', enable_seqscan = 'off', max_parallel_workers_per_gather = '0'
 Planning:
   Buffers: shared hit=86 read=26
 Planning Time: 1.402 ms
 Execution Time: 3.847 ms
(12 rows)

SET
SET
SET
SET
SET
                                             QUERY PLAN                                             
----------------------------------------------------------------------------------------------------
 Index Scan using idx on public.t (actual rows=256.00 loops=1)
   Output: a, b
   Index Cond: ((t.a >= '-16554'::integer) AND (t.a <= '-16427'::integer))
   Index Searches: 1
   Buffers: shared hit=253
 Settings: enable_bitmapscan = 'off', enable_seqscan = 'off', max_parallel_workers_per_gather = '0'
 Planning:
   Buffers: shared hit=117
 Planning Time: 0.195 ms
 Execution Time: 0.232 ms
(10 rows)

