SET
SET
SET
SET
SET
                                                                 QUERY PLAN                                                                  
---------------------------------------------------------------------------------------------------------------------------------------------
 Index Scan using idx on public.t (actual rows=2048.00 loops=1)
   Output: a, b
   Index Cond: ((t.a >= '-24650'::integer) AND (t.a <= '-23627'::integer))
   Index Searches: 1
   Prefetch: distance=256.521 count=1937 stalls=7 skipped=45 resets=0 ungets=190 forwarded=7
             histogram [2,4) => 16, [4,8) => 5, [8,16) => 7, [16,32) => 18, [32,64) => 9, [64,128) => 2, [128,256) => 287, [256,512) => 1593
   Buffers: shared hit=1598 read=413
 Settings: enable_bitmapscan = 'off', enable_seqscan = 'off', max_parallel_workers_per_gather = '0'
 Planning:
   Buffers: shared hit=86 read=26
 Planning Time: 1.936 ms
 Execution Time: 15.376 ms
(12 rows)

SET
SET
SET
SET
SET
                                             QUERY PLAN                                             
----------------------------------------------------------------------------------------------------
 Index Scan using idx on public.t (actual rows=2048.00 loops=1)
   Output: a, b
   Index Cond: ((t.a >= '-24650'::integer) AND (t.a <= '-23627'::integer))
   Index Searches: 1
   Buffers: shared hit=2011
 Settings: enable_bitmapscan = 'off', enable_seqscan = 'off', max_parallel_workers_per_gather = '0'
 Planning:
   Buffers: shared hit=117
 Planning Time: 0.201 ms
 Execution Time: 0.714 ms
(10 rows)

