SET
SET
SET
SET
SET
                                                                      QUERY PLAN                                                                       
-------------------------------------------------------------------------------------------------------------------------------------------------------
 Index Scan Backward using idx on public.t (actual rows=3048576.00 loops=1)
   Output: a, b
   Index Cond: ((t.a >= '-782500'::integer) AND (t.a <= '-20357'::integer))
   Index Searches: 1
   Prefetch: distance=262.794 count=3271773 stalls=19 skipped=45083 resets=0 ungets=268410 forwarded=4
             histogram [2,4) => 14, [4,8) => 10, [8,16) => 29, [16,32) => 47, [32,64) => 53, [64,128) => 62, [128,256) => 602432, [256,512) => 2669126
   Buffers: shared hit=2858241 read=149822
 Settings: enable_bitmapscan = 'off', enable_seqscan = 'off', max_parallel_workers_per_gather = '0'
 Planning:
   Buffers: shared hit=81 read=28
 Planning Time: 2.055 ms
 Execution Time: 1370.528 ms
(12 rows)

SET
SET
SET
SET
SET
                                             QUERY PLAN                                             
----------------------------------------------------------------------------------------------------
 Index Scan Backward using idx on public.t (actual rows=3048576.00 loops=1)
   Output: a, b
   Index Cond: ((t.a >= '-782500'::integer) AND (t.a <= '-20357'::integer))
   Index Searches: 1
   Buffers: shared hit=3008063
 Settings: enable_bitmapscan = 'off', enable_seqscan = 'off', max_parallel_workers_per_gather = '0'
 Planning:
   Buffers: shared hit=114
 Planning Time: 0.223 ms
 Execution Time: 482.538 ms
(10 rows)

