SET
SET
SET
SET
SET
                                                                QUERY PLAN                                                                 
-------------------------------------------------------------------------------------------------------------------------------------------
 Index Scan Backward using idx on public.t (actual rows=256.00 loops=1)
   Output: a, b
   Index Cond: ((t.a >= '-3107'::integer) AND (t.a <= '-2980'::integer))
   Index Searches: 1
   Prefetch: distance=199.688 count=170 stalls=2 skipped=2 resets=0 ungets=41 forwarded=0
             histogram [2,4) => 8, [4,8) => 11, [8,16) => 10, [16,32) => 13, [32,64) => 3, [64,128) => 2, [128,256) => 3, [256,512) => 120
   Buffers: shared hit=97 read=159
 Settings: enable_bitmapscan = 'off', enable_seqscan = 'off', max_parallel_workers_per_gather = '0'
 Planning:
   Buffers: shared hit=82 read=26
 Planning Time: 1.347 ms
 Execution Time: 6.705 ms
(12 rows)

SET
SET
SET
SET
SET
                                             QUERY PLAN                                             
----------------------------------------------------------------------------------------------------
 Index Scan Backward using idx on public.t (actual rows=256.00 loops=1)
   Output: a, b
   Index Cond: ((t.a >= '-3107'::integer) AND (t.a <= '-2980'::integer))
   Index Searches: 1
   Buffers: shared hit=256
 Settings: enable_bitmapscan = 'off', enable_seqscan = 'off', max_parallel_workers_per_gather = '0'
 Planning:
   Buffers: shared hit=113
 Planning Time: 0.154 ms
 Execution Time: 0.124 ms
(10 rows)

