SET
SET
SET
SET
SET
                                                                QUERY PLAN                                                                 
-------------------------------------------------------------------------------------------------------------------------------------------
 Index Scan Backward using idx on public.t (actual rows=512.00 loops=1)
   Output: a, b
   Index Cond: ((t.a >= '-7636'::integer) AND (t.a <= '-7381'::integer))
   Index Searches: 1
   Prefetch: distance=222.920 count=323 stalls=5 skipped=3 resets=0 ungets=68 forwarded=0
             histogram [2,4) => 8, [4,8) => 7, [8,16) => 13, [16,32) => 19, [32,64) => 12, [64,128) => 3, [128,256) => 2, [256,512) => 259
   Buffers: shared hit=249 read=262
 Settings: enable_bitmapscan = 'off', enable_seqscan = 'off', max_parallel_workers_per_gather = '0'
 Planning:
   Buffers: shared hit=82 read=26
 Planning Time: 1.379 ms
 Execution Time: 9.915 ms
(12 rows)

SET
SET
SET
SET
SET
                                             QUERY PLAN                                             
----------------------------------------------------------------------------------------------------
 Index Scan Backward using idx on public.t (actual rows=512.00 loops=1)
   Output: a, b
   Index Cond: ((t.a >= '-7636'::integer) AND (t.a <= '-7381'::integer))
   Index Searches: 1
   Buffers: shared hit=511
 Settings: enable_bitmapscan = 'off', enable_seqscan = 'off', max_parallel_workers_per_gather = '0'
 Planning:
   Buffers: shared hit=113
 Planning Time: 0.189 ms
 Execution Time: 0.338 ms
(10 rows)

