SET
SET
SET
SET
SET
                                                                  QUERY PLAN                                                                  
----------------------------------------------------------------------------------------------------------------------------------------------
 Index Scan Backward using idx on public.t (actual rows=4096.00 loops=1)
   Output: a, b
   Index Cond: ((t.a >= '-31078'::integer) AND (t.a <= '-29031'::integer))
   Index Searches: 1
   Prefetch: distance=243.089 count=4310 stalls=2 skipped=106 resets=0 ungets=359 forwarded=0
             histogram [2,4) => 2, [4,8) => 3, [8,16) => 12, [16,32) => 6, [32,64) => 2, [64,128) => 29, [128,256) => 1941, [256,512) => 2315
   Buffers: shared hit=3565 read=440
 Settings: enable_bitmapscan = 'off', enable_seqscan = 'off', max_parallel_workers_per_gather = '0'
 Planning:
   Buffers: shared hit=82 read=26
 Planning Time: 1.967 ms
 Execution Time: 8.155 ms
(12 rows)

SET
SET
SET
SET
SET
                                             QUERY PLAN                                             
----------------------------------------------------------------------------------------------------
 Index Scan Backward using idx on public.t (actual rows=4096.00 loops=1)
   Output: a, b
   Index Cond: ((t.a >= '-31078'::integer) AND (t.a <= '-29031'::integer))
   Index Searches: 1
   Buffers: shared hit=4005
 Settings: enable_bitmapscan = 'off', enable_seqscan = 'off', max_parallel_workers_per_gather = '0'
 Planning:
   Buffers: shared hit=113
 Planning Time: 0.202 ms
 Execution Time: 1.092 ms
(10 rows)

