SET
SET
SET
SET
SET
                                                                    QUERY PLAN                                                                     
---------------------------------------------------------------------------------------------------------------------------------------------------
 Index Scan Backward using idx on public.t (actual rows=8192.00 loops=1)
   Output: a, b
   Index Cond: ((t.a >= '-18872'::integer) AND (t.a <= '-14777'::integer))
   Index Searches: 1
   Prefetch: distance=225.160 count=6318 stalls=1441 skipped=180 resets=0 ungets=138 forwarded=0
             histogram [2,4) => 50, [4,8) => 15, [8,16) => 18, [16,32) => 34, [32,64) => 68, [64,128) => 368, [128,256) => 3297, [256,512) => 2468
   Buffers: shared hit=7536 read=500
 Settings: enable_bitmapscan = 'off', enable_seqscan = 'off', max_parallel_workers_per_gather = '0'
 Planning:
   Buffers: shared hit=82 read=26
 Planning Time: 1.966 ms
 Execution Time: 19.635 ms
(12 rows)

SET
SET
SET
SET
SET
                                             QUERY PLAN                                             
----------------------------------------------------------------------------------------------------
 Index Scan Backward using idx on public.t (actual rows=8192.00 loops=1)
   Output: a, b
   Index Cond: ((t.a >= '-18872'::integer) AND (t.a <= '-14777'::integer))
   Index Searches: 1
   Buffers: shared hit=8036
 Settings: enable_bitmapscan = 'off', enable_seqscan = 'off', max_parallel_workers_per_gather = '0'
 Planning:
   Buffers: shared hit=113
 Planning Time: 0.156 ms
 Execution Time: 0.944 ms
(10 rows)

