SET
SET
SET
SET
SET
                                                                      QUERY PLAN                                                                      
------------------------------------------------------------------------------------------------------------------------------------------------------
 Index Scan Backward using idx on public.t (actual rows=131072.00 loops=1)
   Output: a, b
   Index Cond: ((t.a >= '-85676'::integer) AND (t.a <= '-20141'::integer))
   Index Searches: 1
   Prefetch: distance=180.582 count=15957 stalls=112650 skipped=2825 resets=0 ungets=379 forwarded=0
             histogram [2,4) => 2780, [4,8) => 272, [8,16) => 14, [16,32) => 25, [32,64) => 50, [64,128) => 665, [128,256) => 8057, [256,512) => 4094
   Buffers: shared hit=126323 read=2253
 Settings: enable_bitmapscan = 'off', enable_seqscan = 'off', max_parallel_workers_per_gather = '0'
 Planning:
   Buffers: shared hit=82 read=26
 Planning Time: 1.924 ms
 Execution Time: 128.636 ms
(12 rows)

SET
SET
SET
SET
SET
                                             QUERY PLAN                                             
----------------------------------------------------------------------------------------------------
 Index Scan Backward using idx on public.t (actual rows=131072.00 loops=1)
   Output: a, b
   Index Cond: ((t.a >= '-85676'::integer) AND (t.a <= '-20141'::integer))
   Index Searches: 1
   Buffers: shared hit=128576
 Settings: enable_bitmapscan = 'off', enable_seqscan = 'off', max_parallel_workers_per_gather = '0'
 Planning:
   Buffers: shared hit=113
 Planning Time: 0.177 ms
 Execution Time: 15.683 ms
(10 rows)

