SET
SET
SET
SET
SET
                                                                    QUERY PLAN                                                                     
---------------------------------------------------------------------------------------------------------------------------------------------------
 Index Scan Backward using idx on public.t (actual rows=6048576.00 loops=1)
   Output: a, b
   Index Cond: ((t.a >= '-1525002'::integer) AND (t.a <= '-12859'::integer))
   Index Searches: 1
   Prefetch: distance=262.840 count=6492442 stalls=5 skipped=89309 resets=0 ungets=533223 forwarded=8
             histogram [2,4) => 4, [4,8) => 5, [8,16) => 9, [16,32) => 9, [32,64) => 14, [64,128) => 5, [128,256) => 1188365, [256,512) => 5304031
   Buffers: shared hit=5671158 read=297169
 Settings: enable_bitmapscan = 'off', enable_seqscan = 'off', max_parallel_workers_per_gather = '0'
 Planning:
   Buffers: shared hit=81 read=28
 Planning Time: 2.159 ms
 Execution Time: 2668.262 ms
(12 rows)

SET
SET
SET
SET
SET
                                             QUERY PLAN                                             
----------------------------------------------------------------------------------------------------
 Index Scan Backward using idx on public.t (actual rows=6048576.00 loops=1)
   Output: a, b
   Index Cond: ((t.a >= '-1525002'::integer) AND (t.a <= '-12859'::integer))
   Index Searches: 1
   Buffers: shared hit=5968327
 Settings: enable_bitmapscan = 'off', enable_seqscan = 'off', max_parallel_workers_per_gather = '0'
 Planning:
   Buffers: shared hit=114
 Planning Time: 0.232 ms
 Execution Time: 954.857 ms
(10 rows)

