SET
SET
SET
SET
SET
                                                               QUERY PLAN                                                                
-----------------------------------------------------------------------------------------------------------------------------------------
 Index Scan Backward using idx on public.t (actual rows=256.00 loops=1)
   Output: a, b
   Index Cond: ((t.a >= '-15707'::integer) AND (t.a <= '-15580'::integer))
   Index Searches: 1
   Prefetch: distance=197.503 count=143 stalls=1 skipped=1 resets=0 ungets=40 forwarded=0
             histogram [2,4) => 6, [4,8) => 4, [8,16) => 10, [16,32) => 12, [32,64) => 6, [64,128) => 4, [128,256) => 2, [256,512) => 99
   Buffers: shared hit=76 read=184
 Settings: enable_bitmapscan = 'off', enable_seqscan = 'off', max_parallel_workers_per_gather = '0'
 Planning:
   Buffers: shared hit=82 read=26
 Planning Time: 1.225 ms
 Execution Time: 8.670 ms
(12 rows)

SET
SET
SET
SET
SET
                                             QUERY PLAN                                             
----------------------------------------------------------------------------------------------------
 Index Scan Backward using idx on public.t (actual rows=256.00 loops=1)
   Output: a, b
   Index Cond: ((t.a >= '-15707'::integer) AND (t.a <= '-15580'::integer))
   Index Searches: 1
   Buffers: shared hit=260
 Settings: enable_bitmapscan = 'off', enable_seqscan = 'off', max_parallel_workers_per_gather = '0'
 Planning:
   Buffers: shared hit=113
 Planning Time: 0.149 ms
 Execution Time: 0.129 ms
(10 rows)

