SET
SET
SET
SET
SET
                                                                 QUERY PLAN                                                                  
---------------------------------------------------------------------------------------------------------------------------------------------
 Index Scan Backward using idx on public.t (actual rows=512.00 loops=1)
   Output: a, b
   Index Cond: ((t.a >= '-21888'::integer) AND (t.a <= '-21633'::integer))
   Index Searches: 1
   Prefetch: distance=139.441 count=202 stalls=2 skipped=5 resets=0 ungets=30 forwarded=0
             histogram [2,4) => 14, [4,8) => 10, [8,16) => 10, [16,32) => 23, [32,64) => 40, [64,128) => 15, [128,256) => 3, [256,512) => 87
   Buffers: shared hit=214 read=291
 Settings: enable_bitmapscan = 'off', enable_seqscan = 'off', max_parallel_workers_per_gather = '0'
 Planning:
   Buffers: shared hit=82 read=26
 Planning Time: 1.211 ms
 Execution Time: 13.961 ms
(12 rows)

SET
SET
SET
SET
SET
                                             QUERY PLAN                                             
----------------------------------------------------------------------------------------------------
 Index Scan Backward using idx on public.t (actual rows=512.00 loops=1)
   Output: a, b
   Index Cond: ((t.a >= '-21888'::integer) AND (t.a <= '-21633'::integer))
   Index Searches: 1
   Buffers: shared hit=505
 Settings: enable_bitmapscan = 'off', enable_seqscan = 'off', max_parallel_workers_per_gather = '0'
 Planning:
   Buffers: shared hit=113
 Planning Time: 0.201 ms
 Execution Time: 0.378 ms
(10 rows)

