SET
SET
SET
SET
SET
                                                                    QUERY PLAN                                                                    
--------------------------------------------------------------------------------------------------------------------------------------------------
 Index Scan Backward using idx on public.t (actual rows=4096.00 loops=1)
   Output: a, b
   Index Cond: ((t.a >= '-26019'::integer) AND (t.a <= '-23972'::integer))
   Index Searches: 1
   Prefetch: distance=237.524 count=3055 stalls=1215 skipped=82 resets=0 ungets=325 forwarded=2
             histogram [2,4) => 50, [4,8) => 12, [8,16) => 15, [16,32) => 27, [32,64) => 34, [64,128) => 125, [128,256) => 721, [256,512) => 2071
   Buffers: shared hit=3588 read=442
 Settings: enable_bitmapscan = 'off', enable_seqscan = 'off', max_parallel_workers_per_gather = '0'
 Planning:
   Buffers: shared hit=82 read=26
 Planning Time: 1.931 ms
 Execution Time: 10.350 ms
(12 rows)

SET
SET
SET
SET
SET
                                             QUERY PLAN                                             
----------------------------------------------------------------------------------------------------
 Index Scan Backward using idx on public.t (actual rows=4096.00 loops=1)
   Output: a, b
   Index Cond: ((t.a >= '-26019'::integer) AND (t.a <= '-23972'::integer))
   Index Searches: 1
   Buffers: shared hit=4030
 Settings: enable_bitmapscan = 'off', enable_seqscan = 'off', max_parallel_workers_per_gather = '0'
 Planning:
   Buffers: shared hit=113
 Planning Time: 0.191 ms
 Execution Time: 1.149 ms
(10 rows)

