SET
SET
SET
SET
SET
                                                                     QUERY PLAN                                                                     
----------------------------------------------------------------------------------------------------------------------------------------------------
 Index Scan Backward using idx on public.t (actual rows=8192.00 loops=1)
   Output: a, b
   Index Cond: ((t.a >= '-22726'::integer) AND (t.a <= '-18631'::integer))
   Index Searches: 1
   Prefetch: distance=208.151 count=4542 stalls=3224 skipped=164 resets=0 ungets=123 forwarded=0
             histogram [2,4) => 84, [4,8) => 15, [8,16) => 16, [16,32) => 34, [32,64) => 219, [64,128) => 470, [128,256) => 1854, [256,512) => 1850
   Buffers: shared hit=7553 read=492
 Settings: enable_bitmapscan = 'off', enable_seqscan = 'off', max_parallel_workers_per_gather = '0'
 Planning:
   Buffers: shared hit=82 read=26
 Planning Time: 1.974 ms
 Execution Time: 22.350 ms
(12 rows)

SET
SET
SET
SET
SET
                                             QUERY PLAN                                             
----------------------------------------------------------------------------------------------------
 Index Scan Backward using idx on public.t (actual rows=8192.00 loops=1)
   Output: a, b
   Index Cond: ((t.a >= '-22726'::integer) AND (t.a <= '-18631'::integer))
   Index Searches: 1
   Buffers: shared hit=8045
 Settings: enable_bitmapscan = 'off', enable_seqscan = 'off', max_parallel_workers_per_gather = '0'
 Planning:
   Buffers: shared hit=113
 Planning Time: 0.191 ms
 Execution Time: 1.672 ms
(10 rows)

