SET
SET
SET
SET
SET
                                                                QUERY PLAN                                                                 
-------------------------------------------------------------------------------------------------------------------------------------------
 Index Scan Backward using idx on public.t (actual rows=1024.00 loops=1)
   Output: a, b
   Index Cond: ((t.a >= '-9513'::integer) AND (t.a <= '-9002'::integer))
   Index Searches: 1
   Prefetch: distance=249.519 count=765 stalls=4 skipped=12 resets=0 ungets=106 forwarded=0
             histogram [2,4) => 8, [4,8) => 10, [8,16) => 7, [16,32) => 14, [32,64) => 7, [64,128) => 8, [128,256) => 61, [256,512) => 650
   Buffers: shared hit=668 read=348
 Settings: enable_bitmapscan = 'off', enable_seqscan = 'off', max_parallel_workers_per_gather = '0'
 Planning:
   Buffers: shared hit=82 read=26
 Planning Time: 1.798 ms
 Execution Time: 14.930 ms
(12 rows)

SET
SET
SET
SET
SET
                                             QUERY PLAN                                             
----------------------------------------------------------------------------------------------------
 Index Scan Backward using idx on public.t (actual rows=1024.00 loops=1)
   Output: a, b
   Index Cond: ((t.a >= '-9513'::integer) AND (t.a <= '-9002'::integer))
   Index Searches: 1
   Buffers: shared hit=1016
 Settings: enable_bitmapscan = 'off', enable_seqscan = 'off', max_parallel_workers_per_gather = '0'
 Planning:
   Buffers: shared hit=113
 Planning Time: 0.204 ms
 Execution Time: 0.514 ms
(10 rows)

