SET
SET
SET
SET
SET
                                                                        QUERY PLAN                                                                         
-----------------------------------------------------------------------------------------------------------------------------------------------------------
 Index Scan Backward using idx on public.t (actual rows=9048576.00 loops=1)
   Output: a, b
   Index Cond: ((t.a >= '-4553418'::integer) AND (t.a <= '-29131'::integer))
   Index Searches: 1
   Prefetch: distance=10.915 count=239652 stalls=8614240 skipped=194619 resets=0 ungets=190 forwarded=3
             histogram [2,4) => 211868, [4,8) => 18413, [8,16) => 88, [16,32) => 40, [32,64) => 114, [64,128) => 384, [128,256) => 5503, [256,512) => 3242
   Buffers: shared hit=8747128 read=129120
 Settings: enable_bitmapscan = 'off', enable_seqscan = 'off', max_parallel_workers_per_gather = '0'
 Planning:
   Buffers: shared hit=78 read=26
 Planning Time: 1.926 ms
 Execution Time: 8617.049 ms
(12 rows)

SET
SET
SET
SET
SET
                                             QUERY PLAN                                             
----------------------------------------------------------------------------------------------------
 Index Scan Backward using idx on public.t (actual rows=9048576.00 loops=1)
   Output: a, b
   Index Cond: ((t.a >= '-4553418'::integer) AND (t.a <= '-29131'::integer))
   Index Searches: 1
   Buffers: shared hit=8876248
 Settings: enable_bitmapscan = 'off', enable_seqscan = 'off', max_parallel_workers_per_gather = '0'
 Planning:
   Buffers: shared hit=109
 Planning Time: 0.218 ms
 Execution Time: 1274.414 ms
(10 rows)

