SET
SET
SET
SET
SET
                                                                 QUERY PLAN                                                                  
---------------------------------------------------------------------------------------------------------------------------------------------
 Index Scan Backward using idx on public.t (actual rows=2048.00 loops=1)
   Output: a, b
   Index Cond: ((t.a >= '-23719'::integer) AND (t.a <= '-22696'::integer))
   Index Searches: 1
   Prefetch: distance=253.012 count=1821 stalls=10 skipped=40 resets=0 ungets=164 forwarded=0
             histogram [2,4) => 12, [4,8) => 9, [8,16) => 16, [16,32) => 8, [32,64) => 9, [64,128) => 2, [128,256) => 386, [256,512) => 1379
   Buffers: shared hit=1603 read=408
 Settings: enable_bitmapscan = 'off', enable_seqscan = 'off', max_parallel_workers_per_gather = '0'
 Planning:
   Buffers: shared hit=82 read=26
 Planning Time: 1.942 ms
 Execution Time: 19.235 ms
(12 rows)

SET
SET
SET
SET
SET
                                             QUERY PLAN                                             
----------------------------------------------------------------------------------------------------
 Index Scan Backward using idx on public.t (actual rows=2048.00 loops=1)
   Output: a, b
   Index Cond: ((t.a >= '-23719'::integer) AND (t.a <= '-22696'::integer))
   Index Searches: 1
   Buffers: shared hit=2011
 Settings: enable_bitmapscan = 'off', enable_seqscan = 'off', max_parallel_workers_per_gather = '0'
 Planning:
   Buffers: shared hit=113
 Planning Time: 0.179 ms
 Execution Time: 0.637 ms
(10 rows)

