SET
SET
SET
SET
SET
                                                                        QUERY PLAN                                                                        
----------------------------------------------------------------------------------------------------------------------------------------------------------
 Index Scan Backward using idx on public.t (actual rows=7048576.00 loops=1)
   Output: a, b
   Index Cond: ((t.a >= '-3533556'::integer) AND (t.a <= '-9269'::integer))
   Index Searches: 1
   Prefetch: distance=15.747 count=190915 stalls=6706067 skipped=151502 resets=0 ungets=183 forwarded=2
             histogram [2,4) => 164885, [4,8) => 14310, [8,16) => 64, [16,32) => 36, [32,64) => 66, [64,128) => 614, [128,256) => 7044, [256,512) => 3896
   Buffers: shared hit=6813793 read=100640
 Settings: enable_bitmapscan = 'off', enable_seqscan = 'off', max_parallel_workers_per_gather = '0'
 Planning:
   Buffers: shared hit=78 read=26
 Planning Time: 1.917 ms
 Execution Time: 6722.004 ms
(12 rows)

SET
SET
SET
SET
SET
                                             QUERY PLAN                                             
----------------------------------------------------------------------------------------------------
 Index Scan Backward using idx on public.t (actual rows=7048576.00 loops=1)
   Output: a, b
   Index Cond: ((t.a >= '-3533556'::integer) AND (t.a <= '-9269'::integer))
   Index Searches: 1
   Buffers: shared hit=6914433
 Settings: enable_bitmapscan = 'off', enable_seqscan = 'off', max_parallel_workers_per_gather = '0'
 Planning:
   Buffers: shared hit=109
 Planning Time: 0.224 ms
 Execution Time: 988.469 ms
(10 rows)

