SET
SET
SET
SET
SET
                                                                    QUERY PLAN                                                                     
---------------------------------------------------------------------------------------------------------------------------------------------------
 Index Scan Backward using idx on public.t (actual rows=8192.00 loops=1)
   Output: a, b
   Index Cond: ((t.a >= '-18269'::integer) AND (t.a <= '-14174'::integer))
   Index Searches: 1
   Prefetch: distance=222.098 count=5138 stalls=2597 skipped=181 resets=0 ungets=127 forwarded=0
             histogram [2,4) => 74, [4,8) => 15, [8,16) => 21, [16,32) => 29, [32,64) => 83, [64,128) => 378, [128,256) => 2321, [256,512) => 2217
   Buffers: shared hit=7534 read=496
 Settings: enable_bitmapscan = 'off', enable_seqscan = 'off', max_parallel_workers_per_gather = '0'
 Planning:
   Buffers: shared hit=82 read=26
 Planning Time: 1.941 ms
 Execution Time: 23.525 ms
(12 rows)

SET
SET
SET
SET
SET
                                             QUERY PLAN                                             
----------------------------------------------------------------------------------------------------
 Index Scan Backward using idx on public.t (actual rows=8192.00 loops=1)
   Output: a, b
   Index Cond: ((t.a >= '-18269'::integer) AND (t.a <= '-14174'::integer))
   Index Searches: 1
   Buffers: shared hit=8030
 Settings: enable_bitmapscan = 'off', enable_seqscan = 'off', max_parallel_workers_per_gather = '0'
 Planning:
   Buffers: shared hit=113
 Planning Time: 0.151 ms
 Execution Time: 0.919 ms
(10 rows)

