SET
SET
SET
SET
SET
                                                                QUERY PLAN                                                                 
-------------------------------------------------------------------------------------------------------------------------------------------
 Index Scan Backward using idx on public.t (actual rows=1024.00 loops=1)
   Output: a, b
   Index Cond: ((t.a >= '-5936'::integer) AND (t.a <= '-5425'::integer))
   Index Searches: 1
   Prefetch: distance=260.689 count=1126 stalls=1 skipped=23 resets=0 ungets=223 forwarded=1
             histogram [2,4) => 4, [4,8) => 5, [8,16) => 5, [16,32) => 10, [32,64) => 9, [64,128) => 2, [128,256) => 62, [256,512) => 1029
   Buffers: shared hit=698 read=310
 Settings: enable_bitmapscan = 'off', enable_seqscan = 'off', max_parallel_workers_per_gather = '0'
 Planning:
   Buffers: shared hit=82 read=26
 Planning Time: 1.940 ms
 Execution Time: 8.588 ms
(12 rows)

SET
SET
SET
SET
SET
                                             QUERY PLAN                                             
----------------------------------------------------------------------------------------------------
 Index Scan Backward using idx on public.t (actual rows=1024.00 loops=1)
   Output: a, b
   Index Cond: ((t.a >= '-5936'::integer) AND (t.a <= '-5425'::integer))
   Index Searches: 1
   Buffers: shared hit=1008
 Settings: enable_bitmapscan = 'off', enable_seqscan = 'off', max_parallel_workers_per_gather = '0'
 Planning:
   Buffers: shared hit=113
 Planning Time: 0.171 ms
 Execution Time: 0.269 ms
(10 rows)

