SET
SET
SET
SET
SET
                                                                        QUERY PLAN                                                                        
----------------------------------------------------------------------------------------------------------------------------------------------------------
 Index Scan Backward using idx on public.t (actual rows=6048576.00 loops=1)
   Output: a, b
   Index Cond: ((t.a >= '-3053232'::integer) AND (t.a <= '-28945'::integer))
   Index Searches: 1
   Prefetch: distance=14.628 count=162893 stalls=5755621 skipped=130055 resets=0 ungets=216 forwarded=1
             histogram [2,4) => 141551, [4,8) => 12353, [8,16) => 55, [16,32) => 36, [32,64) => 42, [64,128) => 359, [128,256) => 5337, [256,512) => 3160
   Buffers: shared hit=5846977 read=86445
 Settings: enable_bitmapscan = 'off', enable_seqscan = 'off', max_parallel_workers_per_gather = '0'
 Planning:
   Buffers: shared hit=78 read=26
 Planning Time: 1.939 ms
 Execution Time: 5793.408 ms
(12 rows)

SET
SET
SET
SET
SET
                                             QUERY PLAN                                             
----------------------------------------------------------------------------------------------------
 Index Scan Backward using idx on public.t (actual rows=6048576.00 loops=1)
   Output: a, b
   Index Cond: ((t.a >= '-3053232'::integer) AND (t.a <= '-28945'::integer))
   Index Searches: 1
   Buffers: shared hit=5933422
 Settings: enable_bitmapscan = 'off', enable_seqscan = 'off', max_parallel_workers_per_gather = '0'
 Planning:
   Buffers: shared hit=109
 Planning Time: 0.218 ms
 Execution Time: 851.998 ms
(10 rows)

