SET
SET
SET
SET
SET
                                                                    QUERY PLAN                                                                    
--------------------------------------------------------------------------------------------------------------------------------------------------
 Index Scan Backward using idx on public.t (actual rows=8192.00 loops=1)
   Output: a, b
   Index Cond: ((t.a >= '-25681'::integer) AND (t.a <= '-21586'::integer))
   Index Searches: 1
   Prefetch: distance=234.433 count=5358 stalls=2669 skipped=176 resets=0 ungets=216 forwarded=0
             histogram [2,4) => 78, [4,8) => 19, [8,16) => 18, [16,32) => 45, [32,64) => 36, [64,128) => 74, [128,256) => 2513, [256,512) => 2575
   Buffers: shared hit=7535 read=502
 Settings: enable_bitmapscan = 'off', enable_seqscan = 'off', max_parallel_workers_per_gather = '0'
 Planning:
   Buffers: shared hit=82 read=26
 Planning Time: 1.950 ms
 Execution Time: 19.936 ms
(12 rows)

SET
SET
SET
SET
SET
                                             QUERY PLAN                                             
----------------------------------------------------------------------------------------------------
 Index Scan Backward using idx on public.t (actual rows=8192.00 loops=1)
   Output: a, b
   Index Cond: ((t.a >= '-25681'::integer) AND (t.a <= '-21586'::integer))
   Index Searches: 1
   Buffers: shared hit=8037
 Settings: enable_bitmapscan = 'off', enable_seqscan = 'off', max_parallel_workers_per_gather = '0'
 Planning:
   Buffers: shared hit=113
 Planning Time: 0.205 ms
 Execution Time: 1.714 ms
(10 rows)

