SET
SET
SET
SET
SET
                                                                 QUERY PLAN                                                                  
---------------------------------------------------------------------------------------------------------------------------------------------
 Index Scan Backward using idx on public.t (actual rows=2048.00 loops=1)
   Output: a, b
   Index Cond: ((t.a >= '-16725'::integer) AND (t.a <= '-15702'::integer))
   Index Searches: 1
   Prefetch: distance=258.187 count=2093 stalls=1 skipped=50 resets=0 ungets=253 forwarded=0
             histogram [2,4) => 2, [4,8) => 5, [8,16) => 12, [16,32) => 11, [32,64) => 2, [64,128) => 4, [128,256) => 394, [256,512) => 1663
   Buffers: shared hit=1594 read=410
 Settings: enable_bitmapscan = 'off', enable_seqscan = 'off', max_parallel_workers_per_gather = '0'
 Planning:
   Buffers: shared hit=82 read=26
 Planning Time: 1.943 ms
 Execution Time: 13.157 ms
(12 rows)

SET
SET
SET
SET
SET
                                             QUERY PLAN                                             
----------------------------------------------------------------------------------------------------
 Index Scan Backward using idx on public.t (actual rows=2048.00 loops=1)
   Output: a, b
   Index Cond: ((t.a >= '-16725'::integer) AND (t.a <= '-15702'::integer))
   Index Searches: 1
   Buffers: shared hit=2004
 Settings: enable_bitmapscan = 'off', enable_seqscan = 'off', max_parallel_workers_per_gather = '0'
 Planning:
   Buffers: shared hit=113
 Planning Time: 0.236 ms
 Execution Time: 0.694 ms
(10 rows)

