SET
SET
SET
SET
SET
                                                                QUERY PLAN                                                                
------------------------------------------------------------------------------------------------------------------------------------------
 Index Scan using idx on public.t (actual rows=512.00 loops=1)
   Output: a, b
   Index Cond: ((t.a >= '-32258'::integer) AND (t.a <= '-32003'::integer))
   Index Searches: 1
   Prefetch: distance=251.568 count=509 stalls=1 skipped=6 resets=0 ungets=147 forwarded=3
             histogram [2,4) => 6, [4,8) => 4, [8,16) => 10, [16,32) => 12, [32,64) => 5, [64,128) => 2, [128,256) => 2, [256,512) => 468
   Buffers: shared hit=226 read=285
 Settings: enable_bitmapscan = 'off', enable_seqscan = 'off', max_parallel_workers_per_gather = '0'
 Planning:
   Buffers: shared hit=86 read=26
 Planning Time: 1.951 ms
 Execution Time: 10.567 ms
(12 rows)

SET
SET
SET
SET
SET
                                             QUERY PLAN                                             
----------------------------------------------------------------------------------------------------
 Index Scan using idx on public.t (actual rows=512.00 loops=1)
   Output: a, b
   Index Cond: ((t.a >= '-32258'::integer) AND (t.a <= '-32003'::integer))
   Index Searches: 1
   Buffers: shared hit=511
 Settings: enable_bitmapscan = 'off', enable_seqscan = 'off', max_parallel_workers_per_gather = '0'
 Planning:
   Buffers: shared hit=117
 Planning Time: 0.172 ms
 Execution Time: 0.264 ms
(10 rows)

