SET
SET
SET
SET
SET
                                                                  QUERY PLAN                                                                  
----------------------------------------------------------------------------------------------------------------------------------------------
 Index Scan using idx on public.t (actual rows=2048.00 loops=1)
   Output: a, b
   Index Cond: ((t.a >= '-12877'::integer) AND (t.a <= '-11854'::integer))
   Index Searches: 1
   Prefetch: distance=258.326 count=1931 stalls=8 skipped=44 resets=0 ungets=182 forwarded=4
             histogram [2,4) => 4, [4,8) => 10, [8,16) => 10, [16,32) => 14, [32,64) => 6, [64,128) => 2, [128,256) => 285, [256,512) => 1600
   Buffers: shared hit=1616 read=392
 Settings: enable_bitmapscan = 'off', enable_seqscan = 'off', max_parallel_workers_per_gather = '0'
 Planning:
   Buffers: shared hit=86 read=26
 Planning Time: 1.912 ms
 Execution Time: 14.239 ms
(12 rows)

SET
SET
SET
SET
SET
                                             QUERY PLAN                                             
----------------------------------------------------------------------------------------------------
 Index Scan using idx on public.t (actual rows=2048.00 loops=1)
   Output: a, b
   Index Cond: ((t.a >= '-12877'::integer) AND (t.a <= '-11854'::integer))
   Index Searches: 1
   Buffers: shared hit=2008
 Settings: enable_bitmapscan = 'off', enable_seqscan = 'off', max_parallel_workers_per_gather = '0'
 Planning:
   Buffers: shared hit=117
 Planning Time: 0.191 ms
 Execution Time: 0.688 ms
(10 rows)

