SET
SET
SET
SET
SET
                                                                    QUERY PLAN                                                                     
---------------------------------------------------------------------------------------------------------------------------------------------------
 Index Scan using idx on public.t (actual rows=8192.00 loops=1)
   Output: a, b
   Index Cond: ((t.a >= '-11611'::integer) AND (t.a <= '-7516'::integer))
   Index Searches: 1
   Prefetch: distance=203.971 count=2093 stalls=5652 skipped=141 resets=0 ungets=91 forwarded=7
             histogram [2,4) => 154, [4,8) => 45, [8,16) => 32, [16,32) => 39, [32,64) => 64, [64,128) => 160, [128,256) => 454, [256,512) => 1145
   Buffers: shared hit=7619 read=451
 Settings: enable_bitmapscan = 'off', enable_seqscan = 'off', max_parallel_workers_per_gather = '0'
 Planning:
   Buffers: shared hit=86 read=26
 Planning Time: 1.962 ms
 Execution Time: 14.785 ms
(12 rows)

SET
SET
SET
SET
SET
                                             QUERY PLAN                                             
----------------------------------------------------------------------------------------------------
 Index Scan using idx on public.t (actual rows=8192.00 loops=1)
   Output: a, b
   Index Cond: ((t.a >= '-11611'::integer) AND (t.a <= '-7516'::integer))
   Index Searches: 1
   Buffers: shared hit=8070
 Settings: enable_bitmapscan = 'off', enable_seqscan = 'off', max_parallel_workers_per_gather = '0'
 Planning:
   Buffers: shared hit=117
 Planning Time: 0.169 ms
 Execution Time: 1.557 ms
(10 rows)

