SET
SET
SET
SET
SET
                                                                    QUERY PLAN                                                                     
---------------------------------------------------------------------------------------------------------------------------------------------------
 Index Scan using idx on public.t (actual rows=4096.00 loops=1)
   Output: a, b
   Index Cond: ((t.a >= '-8199'::integer) AND (t.a <= '-6152'::integer))
   Index Searches: 1
   Prefetch: distance=230.758 count=3863 stalls=3 skipped=67 resets=0 ungets=120 forwarded=5
             histogram [2,4) => 20, [4,8) => 11, [8,16) => 20, [16,32) => 22, [32,64) => 19, [64,128) => 107, [128,256) => 1986, [256,512) => 1678
   Buffers: shared hit=3661 read=377
 Settings: enable_bitmapscan = 'off', enable_seqscan = 'off', max_parallel_workers_per_gather = '0'
 Planning:
   Buffers: shared hit=86 read=26
 Planning Time: 1.959 ms
 Execution Time: 12.900 ms
(12 rows)

SET
SET
SET
SET
SET
                                             QUERY PLAN                                             
----------------------------------------------------------------------------------------------------
 Index Scan using idx on public.t (actual rows=4096.00 loops=1)
   Output: a, b
   Index Cond: ((t.a >= '-8199'::integer) AND (t.a <= '-6152'::integer))
   Index Searches: 1
   Buffers: shared hit=4038
 Settings: enable_bitmapscan = 'off', enable_seqscan = 'off', max_parallel_workers_per_gather = '0'
 Planning:
   Buffers: shared hit=117
 Planning Time: 0.135 ms
 Execution Time: 0.517 ms
(10 rows)

