SET
SET
SET
SET
SET
                                             QUERY PLAN                                             
----------------------------------------------------------------------------------------------------
 Index Scan using idx on public.t (actual rows=256.00 loops=1)
   Output: a, b
   Index Cond: ((t.a >= '-10576'::integer) AND (t.a <= '-10449'::integer))
   Index Searches: 1
   Prefetch: distance=17.395 count=38 stalls=1 skipped=2 resets=0 ungets=0 forwarded=0
             histogram [2,4) => 2, [4,8) => 9, [8,16) => 7, [16,32) => 16, [32,64) => 4
   Buffers: shared hit=81 read=180
 Settings: enable_bitmapscan = 'off', enable_seqscan = 'off', max_parallel_workers_per_gather = '0'
 Planning:
   Buffers: shared hit=86 read=26
 Planning Time: 1.353 ms
 Execution Time: 10.168 ms
(12 rows)

SET
SET
SET
SET
SET
                                             QUERY PLAN                                             
----------------------------------------------------------------------------------------------------
 Index Scan using idx on public.t (actual rows=256.00 loops=1)
   Output: a, b
   Index Cond: ((t.a >= '-10576'::integer) AND (t.a <= '-10449'::integer))
   Index Searches: 1
   Buffers: shared hit=261
 Settings: enable_bitmapscan = 'off', enable_seqscan = 'off', max_parallel_workers_per_gather = '0'
 Planning:
   Buffers: shared hit=117
 Planning Time: 0.223 ms
 Execution Time: 0.250 ms
(10 rows)

