SET
SET
SET
SET
SET
                                                                  QUERY PLAN                                                                  
----------------------------------------------------------------------------------------------------------------------------------------------
 Index Scan using idx on public.t (actual rows=4096.00 loops=1)
   Output: a, b
   Index Cond: ((t.a >= '-28800'::integer) AND (t.a <= '-26753'::integer))
   Index Searches: 1
   Prefetch: distance=247.182 count=4244 stalls=1 skipped=87 resets=0 ungets=323 forwarded=9
             histogram [2,4) => 2, [4,8) => 7, [8,16) => 11, [16,32) => 9, [32,64) => 2, [64,128) => 32, [128,256) => 1699, [256,512) => 2482
   Buffers: shared hit=3581 read=442
 Settings: enable_bitmapscan = 'off', enable_seqscan = 'off', max_parallel_workers_per_gather = '0'
 Planning:
   Buffers: shared hit=86 read=26
 Planning Time: 1.957 ms
 Execution Time: 10.206 ms
(12 rows)

SET
SET
SET
SET
SET
                                             QUERY PLAN                                             
----------------------------------------------------------------------------------------------------
 Index Scan using idx on public.t (actual rows=4096.00 loops=1)
   Output: a, b
   Index Cond: ((t.a >= '-28800'::integer) AND (t.a <= '-26753'::integer))
   Index Searches: 1
   Buffers: shared hit=4023
 Settings: enable_bitmapscan = 'off', enable_seqscan = 'off', max_parallel_workers_per_gather = '0'
 Planning:
   Buffers: shared hit=117
 Planning Time: 0.197 ms
 Execution Time: 1.046 ms
(10 rows)

