SET
SET
SET
SET
SET
                                                                 QUERY PLAN                                                                  
---------------------------------------------------------------------------------------------------------------------------------------------
 Index Scan using idx on public.t (actual rows=1024.00 loops=1)
   Output: a, b
   Index Cond: ((t.a >= '-6689'::integer) AND (t.a <= '-6178'::integer))
   Index Searches: 1
   Prefetch: distance=245.293 count=905 stalls=3 skipped=15 resets=0 ungets=130 forwarded=4
             histogram [2,4) => 16, [4,8) => 6, [8,16) => 10, [16,32) => 14, [32,64) => 26, [64,128) => 4, [128,256) => 86, [256,512) => 743
   Buffers: shared hit=692 read=321
 Settings: enable_bitmapscan = 'off', enable_seqscan = 'off', max_parallel_workers_per_gather = '0'
 Planning:
   Buffers: shared hit=86 read=26
 Planning Time: 2.000 ms
 Execution Time: 12.385 ms
(12 rows)

SET
SET
SET
SET
SET
                                             QUERY PLAN                                             
----------------------------------------------------------------------------------------------------
 Index Scan using idx on public.t (actual rows=1024.00 loops=1)
   Output: a, b
   Index Cond: ((t.a >= '-6689'::integer) AND (t.a <= '-6178'::integer))
   Index Searches: 1
   Buffers: shared hit=1013
 Settings: enable_bitmapscan = 'off', enable_seqscan = 'off', max_parallel_workers_per_gather = '0'
 Planning:
   Buffers: shared hit=117
 Planning Time: 0.189 ms
 Execution Time: 0.472 ms
(10 rows)

