SET
SET
SET
SET
SET
                                                                QUERY PLAN                                                                
------------------------------------------------------------------------------------------------------------------------------------------
 Index Scan using idx on public.t (actual rows=512.00 loops=1)
   Output: a, b
   Index Cond: ((t.a >= '-13159'::integer) AND (t.a <= '-12904'::integer))
   Index Searches: 1
   Prefetch: distance=245.153 count=445 stalls=1 skipped=9 resets=0 ungets=120 forwarded=2
             histogram [2,4) => 2, [4,8) => 5, [8,16) => 7, [16,32) => 13, [32,64) => 16, [64,128) => 5, [128,256) => 3, [256,512) => 394
   Buffers: shared hit=219 read=289
 Settings: enable_bitmapscan = 'off', enable_seqscan = 'off', max_parallel_workers_per_gather = '0'
 Planning:
   Buffers: shared hit=86 read=26
 Planning Time: 1.602 ms
 Execution Time: 10.664 ms
(12 rows)

SET
SET
SET
SET
SET
                                             QUERY PLAN                                             
----------------------------------------------------------------------------------------------------
 Index Scan using idx on public.t (actual rows=512.00 loops=1)
   Output: a, b
   Index Cond: ((t.a >= '-13159'::integer) AND (t.a <= '-12904'::integer))
   Index Searches: 1
   Buffers: shared hit=508
 Settings: enable_bitmapscan = 'off', enable_seqscan = 'off', max_parallel_workers_per_gather = '0'
 Planning:
   Buffers: shared hit=117
 Planning Time: 0.148 ms
 Execution Time: 0.190 ms
(10 rows)

