SET
SET
SET
SET
SET
                                                                        QUERY PLAN                                                                         
-----------------------------------------------------------------------------------------------------------------------------------------------------------
 Index Scan using idx on public.t (actual rows=9048576.00 loops=1)
   Output: a, b
   Index Cond: ((t.a >= '-4534426'::integer) AND (t.a <= '-10139'::integer))
   Index Searches: 1
   Prefetch: distance=14.687 count=243663 stalls=8610592 skipped=194629 resets=0 ungets=331 forwarded=65
             histogram [2,4) => 210473, [4,8) => 19488, [8,16) => 100, [16,32) => 64, [32,64) => 67, [64,128) => 535, [128,256) => 8594, [256,512) => 4342
   Buffers: shared hit=8747140 read=129099
 Settings: enable_bitmapscan = 'off', enable_seqscan = 'off', max_parallel_workers_per_gather = '0'
 Planning:
   Buffers: shared hit=82 read=26
 Planning Time: 1.912 ms
 Execution Time: 1244.031 ms
(12 rows)

SET
SET
SET
SET
SET
                                             QUERY PLAN                                             
----------------------------------------------------------------------------------------------------
 Index Scan using idx on public.t (actual rows=9048576.00 loops=1)
   Output: a, b
   Index Cond: ((t.a >= '-4534426'::integer) AND (t.a <= '-10139'::integer))
   Index Searches: 1
   Buffers: shared hit=8876239
 Settings: enable_bitmapscan = 'off', enable_seqscan = 'off', max_parallel_workers_per_gather = '0'
 Planning:
   Buffers: shared hit=113
 Planning Time: 0.225 ms
 Execution Time: 1267.141 ms
(10 rows)

