SET
SET
SET
SET
SET
                                                                   QUERY PLAN                                                                    
-------------------------------------------------------------------------------------------------------------------------------------------------
 Index Scan using idx on public.t (actual rows=4096.00 loops=1)
   Output: a, b
   Index Cond: ((t.a >= '-33235'::integer) AND (t.a <= '-31188'::integer))
   Index Searches: 1
   Prefetch: distance=236.493 count=4130 stalls=11 skipped=83 resets=0 ungets=277 forwarded=9
             histogram [2,4) => 4, [4,8) => 7, [8,16) => 21, [16,32) => 27, [32,64) => 35, [64,128) => 221, [128,256) => 1448, [256,512) => 2367
   Buffers: shared hit=3587 read=441
 Settings: enable_bitmapscan = 'off', enable_seqscan = 'off', max_parallel_workers_per_gather = '0'
 Planning:
   Buffers: shared hit=86 read=26
 Planning Time: 1.934 ms
 Execution Time: 11.843 ms
(12 rows)

SET
SET
SET
SET
SET
                                             QUERY PLAN                                             
----------------------------------------------------------------------------------------------------
 Index Scan using idx on public.t (actual rows=4096.00 loops=1)
   Output: a, b
   Index Cond: ((t.a >= '-33235'::integer) AND (t.a <= '-31188'::integer))
   Index Searches: 1
   Buffers: shared hit=4028
 Settings: enable_bitmapscan = 'off', enable_seqscan = 'off', max_parallel_workers_per_gather = '0'
 Planning:
   Buffers: shared hit=117
 Planning Time: 0.202 ms
 Execution Time: 1.052 ms
(10 rows)

