SET
SET
SET
SET
SET
                                                                    QUERY PLAN                                                                     
---------------------------------------------------------------------------------------------------------------------------------------------------
 Index Scan using idx on public.t (actual rows=8192.00 loops=1)
   Output: a, b
   Index Cond: ((t.a >= '-24235'::integer) AND (t.a <= '-20140'::integer))
   Index Searches: 1
   Prefetch: distance=221.375 count=4909 stalls=2956 skipped=181 resets=0 ungets=175 forwarded=5
             histogram [2,4) => 83, [4,8) => 16, [8,16) => 15, [16,32) => 35, [32,64) => 76, [64,128) => 138, [128,256) => 2556, [256,512) => 1990
   Buffers: shared hit=7533 read=500
 Settings: enable_bitmapscan = 'off', enable_seqscan = 'off', max_parallel_workers_per_gather = '0'
 Planning:
   Buffers: shared hit=86 read=26
 Planning Time: 1.952 ms
 Execution Time: 18.925 ms
(12 rows)

SET
SET
SET
SET
SET
                                             QUERY PLAN                                             
----------------------------------------------------------------------------------------------------
 Index Scan using idx on public.t (actual rows=8192.00 loops=1)
   Output: a, b
   Index Cond: ((t.a >= '-24235'::integer) AND (t.a <= '-20140'::integer))
   Index Searches: 1
   Buffers: shared hit=8033
 Settings: enable_bitmapscan = 'off', enable_seqscan = 'off', max_parallel_workers_per_gather = '0'
 Planning:
   Buffers: shared hit=117
 Planning Time: 0.193 ms
 Execution Time: 1.664 ms
(10 rows)

