SET
SET
SET
SET
SET
                                                                  QUERY PLAN                                                                  
----------------------------------------------------------------------------------------------------------------------------------------------
 Index Scan using idx on public.t (actual rows=2048.00 loops=1)
   Output: a, b
   Index Cond: ((t.a >= '-21382'::integer) AND (t.a <= '-20359'::integer))
   Index Searches: 1
   Prefetch: distance=255.852 count=1897 stalls=8 skipped=34 resets=0 ungets=180 forwarded=9
             histogram [2,4) => 14, [4,8) => 5, [8,16) => 10, [16,32) => 11, [32,64) => 6, [64,128) => 4, [128,256) => 367, [256,512) => 1480
   Buffers: shared hit=1602 read=418
 Settings: enable_bitmapscan = 'off', enable_seqscan = 'off', max_parallel_workers_per_gather = '0'
 Planning:
   Buffers: shared hit=86 read=26
 Planning Time: 1.936 ms
 Execution Time: 16.604 ms
(12 rows)

SET
SET
SET
SET
SET
                                             QUERY PLAN                                             
----------------------------------------------------------------------------------------------------
 Index Scan using idx on public.t (actual rows=2048.00 loops=1)
   Output: a, b
   Index Cond: ((t.a >= '-21382'::integer) AND (t.a <= '-20359'::integer))
   Index Searches: 1
   Buffers: shared hit=2020
 Settings: enable_bitmapscan = 'off', enable_seqscan = 'off', max_parallel_workers_per_gather = '0'
 Planning:
   Buffers: shared hit=117
 Planning Time: 0.170 ms
 Execution Time: 0.385 ms
(10 rows)

