SET
SET
SET
SET
SET
                                                               QUERY PLAN                                                                
-----------------------------------------------------------------------------------------------------------------------------------------
 Index Scan using idx on public.t (actual rows=256.00 loops=1)
   Output: a, b
   Index Cond: ((t.a >= '-25844'::integer) AND (t.a <= '-25717'::integer))
   Index Searches: 1
   Prefetch: distance=225.530 count=183 stalls=1 skipped=1 resets=0 ungets=58 forwarded=5
             histogram [2,4) => 2, [4,8) => 6, [8,16) => 5, [16,32) => 15, [32,64) => 4, [64,128) => 2, [128,256) => 2, [256,512) => 147
   Buffers: shared hit=66 read=188
 Settings: enable_bitmapscan = 'off', enable_seqscan = 'off', max_parallel_workers_per_gather = '0'
 Planning:
   Buffers: shared hit=86 read=26
 Planning Time: 1.382 ms
 Execution Time: 8.298 ms
(12 rows)

SET
SET
SET
SET
SET
                                             QUERY PLAN                                             
----------------------------------------------------------------------------------------------------
 Index Scan using idx on public.t (actual rows=256.00 loops=1)
   Output: a, b
   Index Cond: ((t.a >= '-25844'::integer) AND (t.a <= '-25717'::integer))
   Index Searches: 1
   Buffers: shared hit=254
 Settings: enable_bitmapscan = 'off', enable_seqscan = 'off', max_parallel_workers_per_gather = '0'
 Planning:
   Buffers: shared hit=117
 Planning Time: 0.224 ms
 Execution Time: 0.199 ms
(10 rows)

