SET
SET
SET
SET
SET
                                                                  QUERY PLAN                                                                   
-----------------------------------------------------------------------------------------------------------------------------------------------
 Index Scan using idx on public.t (actual rows=2048.00 loops=1)
   Output: a, b
   Index Cond: ((t.a >= '-5755'::integer) AND (t.a <= '-4732'::integer))
   Index Searches: 1
   Prefetch: distance=247.444 count=1821 stalls=15 skipped=35 resets=0 ungets=104 forwarded=2
             histogram [2,4) => 16, [4,8) => 8, [8,16) => 6, [16,32) => 14, [32,64) => 31, [64,128) => 12, [128,256) => 483, [256,512) => 1251
   Buffers: shared hit=1696 read=323
 Settings: enable_bitmapscan = 'off', enable_seqscan = 'off', max_parallel_workers_per_gather = '0'
 Planning:
   Buffers: shared hit=86 read=26
 Planning Time: 1.937 ms
 Execution Time: 8.177 ms
(12 rows)

SET
SET
SET
SET
SET
                                             QUERY PLAN                                             
----------------------------------------------------------------------------------------------------
 Index Scan using idx on public.t (actual rows=2048.00 loops=1)
   Output: a, b
   Index Cond: ((t.a >= '-5755'::integer) AND (t.a <= '-4732'::integer))
   Index Searches: 1
   Buffers: shared hit=2019
 Settings: enable_bitmapscan = 'off', enable_seqscan = 'off', max_parallel_workers_per_gather = '0'
 Planning:
   Buffers: shared hit=117
 Planning Time: 0.185 ms
 Execution Time: 0.343 ms
(10 rows)

