SET
SET
SET
SET
SET
                                                                QUERY PLAN                                                                 
-------------------------------------------------------------------------------------------------------------------------------------------
 Index Scan using idx on public.t (actual rows=1024.00 loops=1)
   Output: a, b
   Index Cond: ((t.a >= '-25764'::integer) AND (t.a <= '-25253'::integer))
   Index Searches: 1
   Prefetch: distance=252.927 count=930 stalls=1 skipped=20 resets=0 ungets=172 forwarded=6
             histogram [2,4) => 2, [4,8) => 7, [8,16) => 8, [16,32) => 17, [32,64) => 15, [64,128) => 6, [128,256) => 69, [256,512) => 806
   Buffers: shared hit=644 read=367
 Settings: enable_bitmapscan = 'off', enable_seqscan = 'off', max_parallel_workers_per_gather = '0'
 Planning:
   Buffers: shared hit=86 read=26
 Planning Time: 1.542 ms
 Execution Time: 13.559 ms
(12 rows)

SET
SET
SET
SET
SET
                                             QUERY PLAN                                             
----------------------------------------------------------------------------------------------------
 Index Scan using idx on public.t (actual rows=1024.00 loops=1)
   Output: a, b
   Index Cond: ((t.a >= '-25764'::integer) AND (t.a <= '-25253'::integer))
   Index Searches: 1
   Buffers: shared hit=1011
 Settings: enable_bitmapscan = 'off', enable_seqscan = 'off', max_parallel_workers_per_gather = '0'
 Planning:
   Buffers: shared hit=117
 Planning Time: 0.176 ms
 Execution Time: 0.462 ms
(10 rows)

