SET
SET
SET
SET
SET
                                             QUERY PLAN                                             
----------------------------------------------------------------------------------------------------
 Index Scan Backward using idx on public.t (actual rows=4096.00 loops=1)
   Output: a, b
   Index Cond: ((t.a >= '-23814'::integer) AND (t.a <= '-22791'::integer))
   Index Searches: 1
   Prefetch: distance=2.108 count=361 stalls=3276 skipped=64 resets=0 ungets=0 forwarded=0
             histogram [2,4) => 348, [4,8) => 13
   Buffers: shared hit=3751 read=288
 Settings: enable_bitmapscan = 'off', enable_seqscan = 'off', max_parallel_workers_per_gather = '0'
 Planning:
   Buffers: shared hit=85 read=28
 Planning Time: 2.094 ms
 Execution Time: 6.985 ms
(12 rows)

SET
SET
SET
SET
SET
                                             QUERY PLAN                                             
----------------------------------------------------------------------------------------------------
 Index Scan Backward using idx on public.t (actual rows=4096.00 loops=1)
   Output: a, b
   Index Cond: ((t.a >= '-23814'::integer) AND (t.a <= '-22791'::integer))
   Index Searches: 1
   Buffers: shared hit=4039
 Settings: enable_bitmapscan = 'off', enable_seqscan = 'off', max_parallel_workers_per_gather = '0'
 Planning:
   Buffers: shared hit=118
 Planning Time: 0.198 ms
 Execution Time: 0.805 ms
(10 rows)

