SET
SET
SET
SET
SET
                                             QUERY PLAN                                             
----------------------------------------------------------------------------------------------------
 Index Scan Backward using idx on public.t (actual rows=8192.00 loops=1)
   Output: a, b
   Index Cond: ((t.a >= '-20796'::integer) AND (t.a <= '-18749'::integer))
   Index Searches: 1
   Prefetch: distance=2.107 count=759 stalls=6788 skipped=114 resets=0 ungets=0 forwarded=0
             histogram [2,4) => 732, [4,8) => 27
   Buffers: shared hit=7596 read=493
 Settings: enable_bitmapscan = 'off', enable_seqscan = 'off', max_parallel_workers_per_gather = '0'
 Planning:
   Buffers: shared hit=85 read=28
 Planning Time: 2.094 ms
 Execution Time: 8.551 ms
(12 rows)

SET
SET
SET
SET
SET
                                             QUERY PLAN                                             
----------------------------------------------------------------------------------------------------
 Index Scan Backward using idx on public.t (actual rows=8192.00 loops=1)
   Output: a, b
   Index Cond: ((t.a >= '-20796'::integer) AND (t.a <= '-18749'::integer))
   Index Searches: 1
   Buffers: shared hit=8089
 Settings: enable_bitmapscan = 'off', enable_seqscan = 'off', max_parallel_workers_per_gather = '0'
 Planning:
   Buffers: shared hit=118
 Planning Time: 0.233 ms
 Execution Time: 1.518 ms
(10 rows)

