SET
SET
SET
SET
SET
                                             QUERY PLAN                                             
----------------------------------------------------------------------------------------------------
 Index Scan using idx on public.t (actual rows=1024.00 loops=1)
   Output: a, b
   Index Cond: ((t.a >= '-920'::integer) AND (t.a <= '-409'::integer))
   Index Searches: 1
   Prefetch: distance=2.535 count=101 stalls=505 skipped=17 resets=0 ungets=0 forwarded=1
             histogram [2,4) => 86, [4,8) => 14, [8,16) => 1
   Buffers: shared hit=795 read=212
 Settings: enable_bitmapscan = 'off', enable_seqscan = 'off', max_parallel_workers_per_gather = '0'
 Planning:
   Buffers: shared hit=86 read=26
 Planning Time: 1.938 ms
 Execution Time: 4.897 ms
(12 rows)

SET
SET
SET
SET
SET
                                             QUERY PLAN                                             
----------------------------------------------------------------------------------------------------
 Index Scan using idx on public.t (actual rows=1024.00 loops=1)
   Output: a, b
   Index Cond: ((t.a >= '-920'::integer) AND (t.a <= '-409'::integer))
   Index Searches: 1
   Buffers: shared hit=1007
 Settings: enable_bitmapscan = 'off', enable_seqscan = 'off', max_parallel_workers_per_gather = '0'
 Planning:
   Buffers: shared hit=117
 Planning Time: 0.217 ms
 Execution Time: 0.376 ms
(10 rows)

