SET
SET
SET
SET
SET
                                                                    QUERY PLAN                                                                     
---------------------------------------------------------------------------------------------------------------------------------------------------
 Index Scan using idx on public.t (actual rows=16384.00 loops=1)
   Output: a, b
   Index Cond: ((t.a >= '-18466'::integer) AND (t.a <= '-10275'::integer))
   Index Searches: 1
   Prefetch: distance=222.035 count=13220 stalls=2879 skipped=364 resets=0 ungets=236 forwarded=16
             histogram [2,4) => 73, [4,8) => 20, [8,16) => 18, [16,32) => 72, [32,64) => 68, [64,128) => 535, [128,256) => 8457, [256,512) => 3977
   Buffers: shared hit=15469 read=591
 Settings: enable_bitmapscan = 'off', enable_seqscan = 'off', max_parallel_workers_per_gather = '0'
 Planning:
   Buffers: shared hit=86 read=26
 Planning Time: 1.965 ms
 Execution Time: 14.880 ms
(12 rows)

SET
SET
SET
SET
SET
                                             QUERY PLAN                                             
----------------------------------------------------------------------------------------------------
 Index Scan using idx on public.t (actual rows=16384.00 loops=1)
   Output: a, b
   Index Cond: ((t.a >= '-18466'::integer) AND (t.a <= '-10275'::integer))
   Index Searches: 1
   Buffers: shared hit=16060
 Settings: enable_bitmapscan = 'off', enable_seqscan = 'off', max_parallel_workers_per_gather = '0'
 Planning:
   Buffers: shared hit=117
 Planning Time: 0.198 ms
 Execution Time: 2.819 ms
(10 rows)

