SET
SET
SET
SET
SET
                                                               QUERY PLAN                                                                
-----------------------------------------------------------------------------------------------------------------------------------------
 Index Scan using idx on public.t (actual rows=512.00 loops=1)
   Output: a, b
   Index Cond: ((t.a >= '-17864'::integer) AND (t.a <= '-17609'::integer))
   Index Searches: 1
   Prefetch: distance=257.516 count=580 stalls=1 skipped=6 resets=0 ungets=180 forwarded=4
             histogram [2,4) => 4, [4,8) => 4, [8,16) => 5, [16,32) => 11, [32,64) => 6, [64,128) => 2, [128,256) => 2, [256,512) => 546
   Buffers: shared hit=215 read=297
 Settings: enable_bitmapscan = 'off', enable_seqscan = 'off', max_parallel_workers_per_gather = '0'
 Planning:
   Buffers: shared hit=86 read=26
 Planning Time: 1.569 ms
 Execution Time: 8.674 ms
(12 rows)

SET
SET
SET
SET
SET
                                             QUERY PLAN                                             
----------------------------------------------------------------------------------------------------
 Index Scan using idx on public.t (actual rows=512.00 loops=1)
   Output: a, b
   Index Cond: ((t.a >= '-17864'::integer) AND (t.a <= '-17609'::integer))
   Index Searches: 1
   Buffers: shared hit=512
 Settings: enable_bitmapscan = 'off', enable_seqscan = 'off', max_parallel_workers_per_gather = '0'
 Planning:
   Buffers: shared hit=117
 Planning Time: 0.290 ms
 Execution Time: 0.407 ms
(10 rows)

