SET
SET
SET
SET
SET
                                                                   QUERY PLAN                                                                    
-------------------------------------------------------------------------------------------------------------------------------------------------
 Index Scan Backward using idx on public.t (actual rows=131072.00 loops=1)
   Output: a, b
   Index Cond: ((t.a >= '-33597'::integer) AND (t.a <= '-830'::integer))
   Index Searches: 1
   Prefetch: distance=262.837 count=140701 stalls=1 skipped=1953 resets=0 ungets=11646 forwarded=0
             histogram [2,4) => 2, [4,8) => 8, [8,16) => 8, [16,32) => 14, [32,64) => 14, [64,128) => 2, [128,256) => 25439, [256,512) => 115214
   Buffers: shared hit=122792 read=6528
 Settings: enable_bitmapscan = 'off', enable_seqscan = 'off', max_parallel_workers_per_gather = '0'
 Planning:
   Buffers: shared hit=85 read=28
 Planning Time: 2.108 ms
 Execution Time: 64.186 ms
(12 rows)

SET
SET
SET
SET
SET
                                             QUERY PLAN                                             
----------------------------------------------------------------------------------------------------
 Index Scan Backward using idx on public.t (actual rows=131072.00 loops=1)
   Output: a, b
   Index Cond: ((t.a >= '-33597'::integer) AND (t.a <= '-830'::integer))
   Index Searches: 1
   Buffers: shared hit=129320
 Settings: enable_bitmapscan = 'off', enable_seqscan = 'off', max_parallel_workers_per_gather = '0'
 Planning:
   Buffers: shared hit=118
 Planning Time: 0.200 ms
 Execution Time: 16.740 ms
(10 rows)

