SET
SET
SET
SET
SET
                                                                    QUERY PLAN                                                                     
---------------------------------------------------------------------------------------------------------------------------------------------------
 Index Scan using idx on public.t (actual rows=8192.00 loops=1)
   Output: a, b
   Index Cond: ((t.a >= '-5915'::integer) AND (t.a <= '-1820'::integer))
   Index Searches: 1
   Prefetch: distance=224.328 count=4634 stalls=3592 skipped=177 resets=0 ungets=226 forwarded=4
             histogram [2,4) => 97, [4,8) => 16, [8,16) => 14, [16,32) => 42, [32,64) => 64, [64,128) => 143, [128,256) => 2200, [256,512) => 2058
   Buffers: shared hit=7687 read=355
 Settings: enable_bitmapscan = 'off', enable_seqscan = 'off', max_parallel_workers_per_gather = '0'
 Planning:
   Buffers: shared hit=86 read=26
 Planning Time: 1.915 ms
 Execution Time: 5.310 ms
(12 rows)

SET
SET
SET
SET
SET
                                             QUERY PLAN                                             
----------------------------------------------------------------------------------------------------
 Index Scan using idx on public.t (actual rows=8192.00 loops=1)
   Output: a, b
   Index Cond: ((t.a >= '-5915'::integer) AND (t.a <= '-1820'::integer))
   Index Searches: 1
   Buffers: shared hit=8042
 Settings: enable_bitmapscan = 'off', enable_seqscan = 'off', max_parallel_workers_per_gather = '0'
 Planning:
   Buffers: shared hit=117
 Planning Time: 0.190 ms
 Execution Time: 1.586 ms
(10 rows)

