SET
SET
SET
SET
SET
                                                                  QUERY PLAN                                                                   
-----------------------------------------------------------------------------------------------------------------------------------------------
 Index Scan using idx on public.t (actual rows=4096.00 loops=1)
   Output: a, b
   Index Cond: ((t.a >= '-20767'::integer) AND (t.a <= '-18720'::integer))
   Index Searches: 1
   Prefetch: distance=240.648 count=3865 stalls=3 skipped=71 resets=0 ungets=162 forwarded=10
             histogram [2,4) => 2, [4,8) => 5, [8,16) => 7, [16,32) => 18, [32,64) => 14, [64,128) => 32, [128,256) => 1841, [256,512) => 1946
   Buffers: shared hit=3593 read=445
 Settings: enable_bitmapscan = 'off', enable_seqscan = 'off', max_parallel_workers_per_gather = '0'
 Planning:
   Buffers: shared hit=86 read=26
 Planning Time: 1.940 ms
 Execution Time: 17.662 ms
(12 rows)

SET
SET
SET
SET
SET
                                             QUERY PLAN                                             
----------------------------------------------------------------------------------------------------
 Index Scan using idx on public.t (actual rows=4096.00 loops=1)
   Output: a, b
   Index Cond: ((t.a >= '-20767'::integer) AND (t.a <= '-18720'::integer))
   Index Searches: 1
   Buffers: shared hit=4038
 Settings: enable_bitmapscan = 'off', enable_seqscan = 'off', max_parallel_workers_per_gather = '0'
 Planning:
   Buffers: shared hit=117
 Planning Time: 0.202 ms
 Execution Time: 1.087 ms
(10 rows)

