SET
SET
SET
SET
SET
                                                                QUERY PLAN                                                                
------------------------------------------------------------------------------------------------------------------------------------------
 Index Scan using idx on public.t (actual rows=4096.00 loops=1)
   Output: a, b
   Index Cond: ((t.a >= 846) AND (t.a <= 1869))
   Index Searches: 1
   Prefetch: distance=266.485 count=1577 stalls=1 skipped=2463 resets=0 ungets=572 forwarded=19
             histogram [2,4) => 2, [4,8) => 5, [8,16) => 8, [16,32) => 12, [32,64) => 2, [64,128) => 2, [128,256) => 4, [256,512) => 1542
   Buffers: shared hit=366 read=824
 Settings: enable_bitmapscan = 'off', enable_seqscan = 'off', max_parallel_workers_per_gather = '0'
 Planning:
   Buffers: shared hit=82 read=27
 Planning Time: 1.585 ms
 Execution Time: 15.606 ms
(12 rows)

SET
SET
SET
SET
SET
                                             QUERY PLAN                                             
----------------------------------------------------------------------------------------------------
 Index Scan using idx on public.t (actual rows=4096.00 loops=1)
   Output: a, b
   Index Cond: ((t.a >= 846) AND (t.a <= 1869))
   Index Searches: 1
   Buffers: shared hit=1190
 Settings: enable_bitmapscan = 'off', enable_seqscan = 'off', max_parallel_workers_per_gather = '0'
 Planning:
   Buffers: shared hit=114
 Planning Time: 0.185 ms
 Execution Time: 0.789 ms
(10 rows)

