SET
SET
SET
SET
SET
                                                                   QUERY PLAN                                                                   
------------------------------------------------------------------------------------------------------------------------------------------------
 Index Scan using idx on public.t (actual rows=5048576.00 loops=1)
   Output: a, b
   Index Cond: ((t.a >= 31661) AND (t.a <= 1293804))
   Index Searches: 1
   Prefetch: distance=267.359 count=1682568 stalls=1 skipped=3591198 resets=0 ungets=225470 forwarded=14652
             histogram [2,4) => 4, [4,8) => 5, [8,16) => 7, [16,32) => 7, [32,64) => 2, [64,128) => 2, [128,256) => 80748, [256,512) => 1601793
   Buffers: shared hit=1214519 read=250203
 Settings: enable_bitmapscan = 'off', enable_seqscan = 'off', max_parallel_workers_per_gather = '0'
 Planning:
   Buffers: shared hit=78 read=23
 Planning Time: 1.856 ms
 Execution Time: 1034.252 ms
(12 rows)

SET
SET
SET
SET
SET
                                             QUERY PLAN                                             
----------------------------------------------------------------------------------------------------
 Index Scan using idx on public.t (actual rows=5048576.00 loops=1)
   Output: a, b
   Index Cond: ((t.a >= 31661) AND (t.a <= 1293804))
   Index Searches: 1
   Buffers: shared hit=1464746
 Settings: enable_bitmapscan = 'off', enable_seqscan = 'off', max_parallel_workers_per_gather = '0'
 Planning:
   Buffers: shared hit=106
 Planning Time: 0.202 ms
 Execution Time: 483.274 ms
(10 rows)

