SET
SET
SET
SET
SET
                                                                     QUERY PLAN                                                                     
----------------------------------------------------------------------------------------------------------------------------------------------------
 Index Scan Backward using idx on public.t (actual rows=8048576.00 loops=1)
   Output: a, b
   Index Cond: ((t.a >= '-2016988'::integer) AND (t.a <= '-4845'::integer))
   Index Searches: 1
   Prefetch: distance=262.820 count=8639370 stalls=1 skipped=118580 resets=0 ungets=709410 forwarded=10
             histogram [2,4) => 8, [4,8) => 4, [8,16) => 11, [16,32) => 8, [32,64) => 12, [64,128) => 2, [128,256) => 1584833, [256,512) => 7054492
   Buffers: shared hit=7546646 read=395404
 Settings: enable_bitmapscan = 'off', enable_seqscan = 'off', max_parallel_workers_per_gather = '0'
 Planning:
   Buffers: shared hit=81 read=28
 Planning Time: 2.217 ms
 Execution Time: 3564.267 ms
(12 rows)

SET
SET
SET
SET
SET
                                             QUERY PLAN                                             
----------------------------------------------------------------------------------------------------
 Index Scan Backward using idx on public.t (actual rows=8048576.00 loops=1)
   Output: a, b
   Index Cond: ((t.a >= '-2016988'::integer) AND (t.a <= '-4845'::integer))
   Index Searches: 1
   Buffers: shared hit=7942051
 Settings: enable_bitmapscan = 'off', enable_seqscan = 'off', max_parallel_workers_per_gather = '0'
 Planning:
   Buffers: shared hit=114
 Planning Time: 0.236 ms
 Execution Time: 1266.067 ms
(10 rows)

