SET
SET
SET
SET
SET
                                                               QUERY PLAN                                                                
-----------------------------------------------------------------------------------------------------------------------------------------
 Index Scan using idx on public.t (actual rows=1024.00 loops=1)
   Output: a, b
   Index Cond: ((t.a >= 6576) AND (t.a <= 6831))
   Index Searches: 1
   Prefetch: distance=244.128 count=304 stalls=1 skipped=423 resets=0 ungets=123 forwarded=4
             histogram [2,4) => 2, [4,8) => 5, [8,16) => 8, [16,32) => 13, [32,64) => 3, [64,128) => 2, [128,256) => 3, [256,512) => 268
   Buffers: shared hit=21 read=292
 Settings: enable_bitmapscan = 'off', enable_seqscan = 'off', max_parallel_workers_per_gather = '0'
 Planning:
   Buffers: shared hit=82 read=27
 Planning Time: 1.369 ms
 Execution Time: 10.777 ms
(12 rows)

SET
SET
SET
SET
SET
                                             QUERY PLAN                                             
----------------------------------------------------------------------------------------------------
 Index Scan using idx on public.t (actual rows=1024.00 loops=1)
   Output: a, b
   Index Cond: ((t.a >= 6576) AND (t.a <= 6831))
   Index Searches: 1
   Buffers: shared hit=313
 Settings: enable_bitmapscan = 'off', enable_seqscan = 'off', max_parallel_workers_per_gather = '0'
 Planning:
   Buffers: shared hit=114
 Planning Time: 0.182 ms
 Execution Time: 0.253 ms
(10 rows)

