SET
SET
SET
SET
SET
                                                                  QUERY PLAN                                                                   
-----------------------------------------------------------------------------------------------------------------------------------------------
 Index Scan using idx on public.t (actual rows=2048576.00 loops=1)
   Output: a, b
   Index Cond: ((t.a >= 24959) AND (t.a <= 537102))
   Index Searches: 1
   Prefetch: distance=267.388 count=683881 stalls=1 skipped=1457038 resets=0 ungets=92711 forwarded=6013
             histogram [2,4) => 2, [4,8) => 3, [8,16) => 5, [16,32) => 9, [32,64) => 5, [64,128) => 2, [128,256) => 32400, [256,512) => 651455
   Buffers: shared hit=491484 read=102856
 Settings: enable_bitmapscan = 'off', enable_seqscan = 'off', max_parallel_workers_per_gather = '0'
 Planning:
   Buffers: shared hit=78 read=27
 Planning Time: 2.029 ms
 Execution Time: 465.370 ms
(12 rows)

SET
SET
SET
SET
SET
                                             QUERY PLAN                                             
----------------------------------------------------------------------------------------------------
 Index Scan using idx on public.t (actual rows=2048576.00 loops=1)
   Output: a, b
   Index Cond: ((t.a >= 24959) AND (t.a <= 537102))
   Index Searches: 1
   Buffers: shared hit=594350
 Settings: enable_bitmapscan = 'off', enable_seqscan = 'off', max_parallel_workers_per_gather = '0'
 Planning:
   Buffers: shared hit=110
 Planning Time: 0.216 ms
 Execution Time: 200.940 ms
(10 rows)

