SET
SET
SET
SET
SET
                                                               QUERY PLAN                                                                
-----------------------------------------------------------------------------------------------------------------------------------------
 Index Scan using idx on public.t (actual rows=2048.00 loops=1)
   Output: a, b
   Index Cond: ((t.a >= 13225) AND (t.a <= 13736))
   Index Searches: 1
   Prefetch: distance=261.846 count=754 stalls=1 skipped=1077 resets=0 ungets=327 forwarded=6
             histogram [2,4) => 2, [4,8) => 6, [8,16) => 8, [16,32) => 10, [32,64) => 2, [64,128) => 2, [128,256) => 2, [256,512) => 722
   Buffers: shared hit=44 read=545
 Settings: enable_bitmapscan = 'off', enable_seqscan = 'off', max_parallel_workers_per_gather = '0'
 Planning:
   Buffers: shared hit=82 read=27
 Planning Time: 1.444 ms
 Execution Time: 14.270 ms
(12 rows)

SET
SET
SET
SET
SET
                                             QUERY PLAN                                             
----------------------------------------------------------------------------------------------------
 Index Scan using idx on public.t (actual rows=2048.00 loops=1)
   Output: a, b
   Index Cond: ((t.a >= 13225) AND (t.a <= 13736))
   Index Searches: 1
   Buffers: shared hit=589
 Settings: enable_bitmapscan = 'off', enable_seqscan = 'off', max_parallel_workers_per_gather = '0'
 Planning:
   Buffers: shared hit=114
 Planning Time: 0.159 ms
 Execution Time: 0.333 ms
(10 rows)

