SET
SET
SET
SET
SET
                                                                  QUERY PLAN                                                                   
-----------------------------------------------------------------------------------------------------------------------------------------------
 Index Scan using idx on public.t (actual rows=524288.00 loops=1)
   Output: a, b
   Index Cond: ((t.a >= 29612) AND (t.a <= 160683))
   Index Searches: 1
   Prefetch: distance=267.501 count=176340 stalls=1 skipped=372647 resets=0 ungets=25159 forwarded=1649
             histogram [2,4) => 2, [4,8) => 3, [8,16) => 8, [16,32) => 13, [32,64) => 2, [64,128) => 2, [128,256) => 8061, [256,512) => 168249
   Buffers: shared hit=124106 read=28003
 Settings: enable_bitmapscan = 'off', enable_seqscan = 'off', max_parallel_workers_per_gather = '0'
 Planning:
   Buffers: shared hit=78 read=23
 Planning Time: 1.874 ms
 Execution Time: 141.097 ms
(12 rows)

SET
SET
SET
SET
SET
                                             QUERY PLAN                                             
----------------------------------------------------------------------------------------------------
 Index Scan using idx on public.t (actual rows=524288.00 loops=1)
   Output: a, b
   Index Cond: ((t.a >= 29612) AND (t.a <= 160683))
   Index Searches: 1
   Buffers: shared hit=152110
 Settings: enable_bitmapscan = 'off', enable_seqscan = 'off', max_parallel_workers_per_gather = '0'
 Planning:
   Buffers: shared hit=106
 Planning Time: 0.196 ms
 Execution Time: 53.431 ms
(10 rows)

