SET
SET
SET
SET
SET
                                                                  QUERY PLAN                                                                  
----------------------------------------------------------------------------------------------------------------------------------------------
 Index Scan using idx on public.t (actual rows=131072.00 loops=1)
   Output: a, b
   Index Cond: ((t.a >= 246) AND (t.a <= 33013))
   Index Searches: 1
   Prefetch: distance=267.725 count=44496 stalls=1 skipped=92999 resets=0 ungets=6779 forwarded=462
             histogram [2,4) => 3, [4,8) => 5, [8,16) => 8, [16,32) => 12, [32,64) => 2, [64,128) => 2, [128,256) => 1686, [256,512) => 42778
   Buffers: shared hit=30405 read=7618
 Settings: enable_bitmapscan = 'off', enable_seqscan = 'off', max_parallel_workers_per_gather = '0'
 Planning:
   Buffers: shared hit=78 read=27
 Planning Time: 2.057 ms
 Execution Time: 45.400 ms
(12 rows)

SET
SET
SET
SET
SET
                                             QUERY PLAN                                             
----------------------------------------------------------------------------------------------------
 Index Scan using idx on public.t (actual rows=131072.00 loops=1)
   Output: a, b
   Index Cond: ((t.a >= 246) AND (t.a <= 33013))
   Index Searches: 1
   Buffers: shared hit=38023
 Settings: enable_bitmapscan = 'off', enable_seqscan = 'off', max_parallel_workers_per_gather = '0'
 Planning:
   Buffers: shared hit=110
 Planning Time: 0.223 ms
 Execution Time: 11.981 ms
(10 rows)

