SET
SET
SET
SET
SET
                                                                QUERY PLAN                                                                
------------------------------------------------------------------------------------------------------------------------------------------
 Index Scan using idx on public.t (actual rows=16384.00 loops=1)
   Output: a, b
   Index Cond: ((t.a >= 25442) AND (t.a <= 29537))
   Index Searches: 1
   Prefetch: distance=270.229 count=6956 stalls=1 skipped=11369 resets=0 ungets=2381 forwarded=125
             histogram [2,4) => 2, [4,8) => 4, [8,16) => 5, [16,32) => 15, [32,64) => 4, [64,128) => 2, [128,256) => 3, [256,512) => 6921
   Buffers: shared hit=1991 read=2741
 Settings: enable_bitmapscan = 'off', enable_seqscan = 'off', max_parallel_workers_per_gather = '0'
 Planning:
   Buffers: shared hit=78 read=23
 Planning Time: 1.854 ms
 Execution Time: 25.052 ms
(12 rows)

SET
SET
SET
SET
SET
                                             QUERY PLAN                                             
----------------------------------------------------------------------------------------------------
 Index Scan using idx on public.t (actual rows=16384.00 loops=1)
   Output: a, b
   Index Cond: ((t.a >= 25442) AND (t.a <= 29537))
   Index Searches: 1
   Buffers: shared hit=4732
 Settings: enable_bitmapscan = 'off', enable_seqscan = 'off', max_parallel_workers_per_gather = '0'
 Planning:
   Buffers: shared hit=106
 Planning Time: 0.196 ms
 Execution Time: 2.634 ms
(10 rows)

