SET
SET
SET
SET
SET
                                                                   QUERY PLAN                                                                    
-------------------------------------------------------------------------------------------------------------------------------------------------
 Index Scan using idx on public.t (actual rows=6048576.00 loops=1)
   Output: a, b
   Index Cond: ((t.a >= 30429) AND (t.a <= 1542572))
   Index Searches: 1
   Prefetch: distance=267.355 count=2015238 stalls=1 skipped=4302519 resets=0 ungets=269713 forwarded=17659
             histogram [2,4) => 2, [4,8) => 6, [8,16) => 10, [16,32) => 8, [32,64) => 2, [64,128) => 2, [128,256) => 96795, [256,512) => 1918413
   Buffers: shared hit=1455363 read=299342
 Settings: enable_bitmapscan = 'off', enable_seqscan = 'off', max_parallel_workers_per_gather = '0'
 Planning:
   Buffers: shared hit=78 read=23
 Planning Time: 1.834 ms
 Execution Time: 1247.161 ms
(12 rows)

SET
SET
SET
SET
SET
                                             QUERY PLAN                                             
----------------------------------------------------------------------------------------------------
 Index Scan using idx on public.t (actual rows=6048576.00 loops=1)
   Output: a, b
   Index Cond: ((t.a >= 30429) AND (t.a <= 1542572))
   Index Searches: 1
   Buffers: shared hit=1754734
 Settings: enable_bitmapscan = 'off', enable_seqscan = 'off', max_parallel_workers_per_gather = '0'
 Planning:
   Buffers: shared hit=106
 Planning Time: 0.223 ms
 Execution Time: 585.512 ms
(10 rows)

