SET
SET
SET
SET
SET
                                                                   QUERY PLAN                                                                    
-------------------------------------------------------------------------------------------------------------------------------------------------
 Index Scan using idx on public.t (actual rows=9048576.00 loops=1)
   Output: a, b
   Index Cond: ((t.a >= 25996) AND (t.a <= 2288139))
   Index Searches: 1
   Prefetch: distance=267.353 count=3014184 stalls=1 skipped=6436744 resets=0 ungets=402580 forwarded=26366
             histogram [2,4) => 2, [4,8) => 4, [8,16) => 5, [16,32) => 9, [32,64) => 4, [64,128) => 2, [128,256) => 144640, [256,512) => 2869518
   Buffers: shared hit=2178540 read=446643
 Settings: enable_bitmapscan = 'off', enable_seqscan = 'off', max_parallel_workers_per_gather = '0'
 Planning:
   Buffers: shared hit=78 read=23
 Planning Time: 1.854 ms
 Execution Time: 1849.437 ms
(12 rows)

SET
SET
SET
SET
SET
                                             QUERY PLAN                                             
----------------------------------------------------------------------------------------------------
 Index Scan using idx on public.t (actual rows=9048576.00 loops=1)
   Output: a, b
   Index Cond: ((t.a >= 25996) AND (t.a <= 2288139))
   Index Searches: 1
   Buffers: shared hit=2625221
 Settings: enable_bitmapscan = 'off', enable_seqscan = 'off', max_parallel_workers_per_gather = '0'
 Planning:
   Buffers: shared hit=106
 Planning Time: 0.220 ms
 Execution Time: 875.459 ms
(10 rows)

