SET
SET
SET
SET
SET
                                                                   QUERY PLAN                                                                   
------------------------------------------------------------------------------------------------------------------------------------------------
 Index Scan using idx on public.t (actual rows=5048576.00 loops=1)
   Output: a, b
   Index Cond: ((t.a >= 11575) AND (t.a <= 1273718))
   Index Searches: 1
   Prefetch: distance=267.362 count=1682640 stalls=1 skipped=3591042 resets=0 ungets=225570 forwarded=14665
             histogram [2,4) => 2, [4,8) => 3, [8,16) => 6, [16,32) => 9, [32,64) => 7, [64,128) => 4, [128,256) => 80677, [256,512) => 1601932
   Buffers: shared hit=1214551 read=250196
 Settings: enable_bitmapscan = 'off', enable_seqscan = 'off', max_parallel_workers_per_gather = '0'
 Planning:
   Buffers: shared hit=78 read=27
 Planning Time: 2.058 ms
 Execution Time: 1080.688 ms
(12 rows)

SET
SET
SET
SET
SET
                                             QUERY PLAN                                             
----------------------------------------------------------------------------------------------------
 Index Scan using idx on public.t (actual rows=5048576.00 loops=1)
   Output: a, b
   Index Cond: ((t.a >= 11575) AND (t.a <= 1273718))
   Index Searches: 1
   Buffers: shared hit=1464764
 Settings: enable_bitmapscan = 'off', enable_seqscan = 'off', max_parallel_workers_per_gather = '0'
 Planning:
   Buffers: shared hit=110
 Planning Time: 0.235 ms
 Execution Time: 497.596 ms
(10 rows)

