SET
SET
SET
SET
SET
                                                                QUERY PLAN                                                                
------------------------------------------------------------------------------------------------------------------------------------------
 Index Scan using idx on public.t (actual rows=4096.00 loops=1)
   Output: a, b
   Index Cond: ((t.a >= 6894) AND (t.a <= 7917))
   Index Searches: 1
   Prefetch: distance=267.541 count=1767 stalls=1 skipped=2561 resets=0 ungets=716 forwarded=23
             histogram [2,4) => 2, [4,8) => 5, [8,16) => 10, [16,32) => 8, [32,64) => 3, [64,128) => 2, [128,256) => 2, [256,512) => 1735
   Buffers: shared hit=227 read=971
 Settings: enable_bitmapscan = 'off', enable_seqscan = 'off', max_parallel_workers_per_gather = '0'
 Planning:
   Buffers: shared hit=82 read=27
 Planning Time: 1.687 ms
 Execution Time: 15.755 ms
(12 rows)

SET
SET
SET
SET
SET
                                             QUERY PLAN                                             
----------------------------------------------------------------------------------------------------
 Index Scan using idx on public.t (actual rows=4096.00 loops=1)
   Output: a, b
   Index Cond: ((t.a >= 6894) AND (t.a <= 7917))
   Index Searches: 1
   Buffers: shared hit=1198
 Settings: enable_bitmapscan = 'off', enable_seqscan = 'off', max_parallel_workers_per_gather = '0'
 Planning:
   Buffers: shared hit=114
 Planning Time: 0.167 ms
 Execution Time: 0.849 ms
(10 rows)

