SET
SET
SET
SET
SET
                                                               QUERY PLAN                                                                
-----------------------------------------------------------------------------------------------------------------------------------------
 Index Scan using idx on public.t (actual rows=2048.00 loops=1)
   Output: a, b
   Index Cond: ((t.a >= 3095) AND (t.a <= 3606))
   Index Searches: 1
   Prefetch: distance=263.094 count=873 stalls=1 skipped=1227 resets=0 ungets=368 forwarded=7
             histogram [2,4) => 2, [4,8) => 3, [8,16) => 6, [16,32) => 16, [32,64) => 2, [64,128) => 2, [128,256) => 2, [256,512) => 840
   Buffers: shared hit=71 read=529
 Settings: enable_bitmapscan = 'off', enable_seqscan = 'off', max_parallel_workers_per_gather = '0'
 Planning:
   Buffers: shared hit=82 read=27
 Planning Time: 1.585 ms
 Execution Time: 9.428 ms
(12 rows)

SET
SET
SET
SET
SET
                                             QUERY PLAN                                             
----------------------------------------------------------------------------------------------------
 Index Scan using idx on public.t (actual rows=2048.00 loops=1)
   Output: a, b
   Index Cond: ((t.a >= 3095) AND (t.a <= 3606))
   Index Searches: 1
   Buffers: shared hit=600
 Settings: enable_bitmapscan = 'off', enable_seqscan = 'off', max_parallel_workers_per_gather = '0'
 Planning:
   Buffers: shared hit=114
 Planning Time: 0.198 ms
 Execution Time: 0.580 ms
(10 rows)

