SET
SET
SET
SET
SET
                                                                 QUERY PLAN                                                                 
--------------------------------------------------------------------------------------------------------------------------------------------
 Index Scan using idx on public.t (actual rows=32768.00 loops=1)
   Output: a, b
   Index Cond: ((t.a >= 15900) AND (t.a <= 24091))
   Index Searches: 1
   Prefetch: distance=269.616 count=12664 stalls=1 skipped=22882 resets=0 ungets=3310 forwarded=196
             histogram [2,4) => 2, [4,8) => 7, [8,16) => 7, [16,32) => 11, [32,64) => 2, [64,128) => 2, [128,256) => 97, [256,512) => 12536
   Buffers: shared hit=5730 read=3828
 Settings: enable_bitmapscan = 'off', enable_seqscan = 'off', max_parallel_workers_per_gather = '0'
 Planning:
   Buffers: shared hit=82 read=27
 Planning Time: 2.089 ms
 Execution Time: 30.969 ms
(12 rows)

SET
SET
SET
SET
SET
                                             QUERY PLAN                                             
----------------------------------------------------------------------------------------------------
 Index Scan using idx on public.t (actual rows=32768.00 loops=1)
   Output: a, b
   Index Cond: ((t.a >= 15900) AND (t.a <= 24091))
   Index Searches: 1
   Buffers: shared hit=9558
 Settings: enable_bitmapscan = 'off', enable_seqscan = 'off', max_parallel_workers_per_gather = '0'
 Planning:
   Buffers: shared hit=114
 Planning Time: 0.184 ms
 Execution Time: 2.947 ms
(10 rows)

