SET
SET
SET
SET
SET
                                                                   QUERY PLAN                                                                    
-------------------------------------------------------------------------------------------------------------------------------------------------
 Index Scan using idx on public.t (actual rows=6048576.00 loops=1)
   Output: a, b
   Index Cond: ((t.a >= 10975) AND (t.a <= 1523118))
   Index Searches: 1
   Prefetch: distance=267.358 count=2015447 stalls=1 skipped=4302707 resets=0 ungets=269770 forwarded=17644
             histogram [2,4) => 2, [4,8) => 3, [8,16) => 5, [16,32) => 15, [32,64) => 2, [64,128) => 3, [128,256) => 96631, [256,512) => 1918786
   Buffers: shared hit=1455450 read=299311
 Settings: enable_bitmapscan = 'off', enable_seqscan = 'off', max_parallel_workers_per_gather = '0'
 Planning:
   Buffers: shared hit=78 read=27
 Planning Time: 2.087 ms
 Execution Time: 1242.455 ms
(12 rows)

SET
SET
SET
SET
SET
                                             QUERY PLAN                                             
----------------------------------------------------------------------------------------------------
 Index Scan using idx on public.t (actual rows=6048576.00 loops=1)
   Output: a, b
   Index Cond: ((t.a >= 10975) AND (t.a <= 1523118))
   Index Searches: 1
   Buffers: shared hit=1754790
 Settings: enable_bitmapscan = 'off', enable_seqscan = 'off', max_parallel_workers_per_gather = '0'
 Planning:
   Buffers: shared hit=110
 Planning Time: 0.246 ms
 Execution Time: 591.458 ms
(10 rows)

