SET
SET
SET
SET
SET
                                                                    QUERY PLAN                                                                    
--------------------------------------------------------------------------------------------------------------------------------------------------
 Index Scan using idx on public.t (actual rows=8048576.00 loops=1)
   Output: a, b
   Index Cond: ((t.a >= 20759) AND (t.a <= 2032902))
   Index Searches: 1
   Prefetch: distance=267.352 count=2681029 stalls=1 skipped=5725294 resets=0 ungets=358215 forwarded=23465
             histogram [2,4) => 2, [4,8) => 3, [8,16) => 8, [16,32) => 13, [32,64) => 2, [64,128) => 2, [128,256) => 128942, [256,512) => 2552057
   Buffers: shared hit=1937394 read=397572
 Settings: enable_bitmapscan = 'off', enable_seqscan = 'off', max_parallel_workers_per_gather = '0'
 Planning:
   Buffers: shared hit=78 read=27
 Planning Time: 2.054 ms
 Execution Time: 1663.830 ms
(12 rows)

SET
SET
SET
SET
SET
                                             QUERY PLAN                                             
----------------------------------------------------------------------------------------------------
 Index Scan using idx on public.t (actual rows=8048576.00 loops=1)
   Output: a, b
   Index Cond: ((t.a >= 20759) AND (t.a <= 2032902))
   Index Searches: 1
   Buffers: shared hit=2335004
 Settings: enable_bitmapscan = 'off', enable_seqscan = 'off', max_parallel_workers_per_gather = '0'
 Planning:
   Buffers: shared hit=110
 Planning Time: 0.238 ms
 Execution Time: 800.514 ms
(10 rows)

