SET
SET
SET
SET
SET
                                                                   QUERY PLAN                                                                   
------------------------------------------------------------------------------------------------------------------------------------------------
 Index Scan using idx on public.t (actual rows=3048576.00 loops=1)
   Output: a, b
   Index Cond: ((t.a >= 30867) AND (t.a <= 793010))
   Index Searches: 1
   Prefetch: distance=267.378 count=1016979 stalls=1 skipped=2168575 resets=0 ungets=137094 forwarded=8894
             histogram [2,4) => 2, [4,8) => 5, [8,16) => 11, [16,32) => 8, [32,64) => 2, [64,128) => 2, [128,256) => 48170, [256,512) => 968779
   Buffers: shared hit=732478 read=152000
 Settings: enable_bitmapscan = 'off', enable_seqscan = 'off', max_parallel_workers_per_gather = '0'
 Planning:
   Buffers: shared hit=78 read=23
 Planning Time: 1.840 ms
 Execution Time: 663.293 ms
(12 rows)

SET
SET
SET
SET
SET
                                             QUERY PLAN                                             
----------------------------------------------------------------------------------------------------
 Index Scan using idx on public.t (actual rows=3048576.00 loops=1)
   Output: a, b
   Index Cond: ((t.a >= 30867) AND (t.a <= 793010))
   Index Searches: 1
   Buffers: shared hit=884488
 Settings: enable_bitmapscan = 'off', enable_seqscan = 'off', max_parallel_workers_per_gather = '0'
 Planning:
   Buffers: shared hit=106
 Planning Time: 0.211 ms
 Execution Time: 299.498 ms
(10 rows)

