SET
SET
SET
SET
SET
                                                                   QUERY PLAN                                                                    
-------------------------------------------------------------------------------------------------------------------------------------------------
 Index Scan using idx on public.t (actual rows=7048576.00 loops=1)
   Output: a, b
   Index Cond: ((t.a >= 30145) AND (t.a <= 1792288))
   Index Searches: 1
   Prefetch: distance=267.356 count=2348218 stalls=1 skipped=5014047 resets=0 ungets=314021 forwarded=20564
             histogram [2,4) => 3, [4,8) => 6, [8,16) => 7, [16,32) => 8, [32,64) => 2, [64,128) => 3, [128,256) => 112470, [256,512) => 2235719
   Buffers: shared hit=1696379 read=348444
 Settings: enable_bitmapscan = 'off', enable_seqscan = 'off', max_parallel_workers_per_gather = '0'
 Planning:
   Buffers: shared hit=78 read=23
 Planning Time: 1.848 ms
 Execution Time: 1444.388 ms
(12 rows)

SET
SET
SET
SET
SET
                                             QUERY PLAN                                             
----------------------------------------------------------------------------------------------------
 Index Scan using idx on public.t (actual rows=7048576.00 loops=1)
   Output: a, b
   Index Cond: ((t.a >= 30145) AND (t.a <= 1792288))
   Index Searches: 1
   Buffers: shared hit=2044852
 Settings: enable_bitmapscan = 'off', enable_seqscan = 'off', max_parallel_workers_per_gather = '0'
 Planning:
   Buffers: shared hit=106
 Planning Time: 0.212 ms
 Execution Time: 671.573 ms
(10 rows)

