SET
SET
SET
SET
SET
                                                                 QUERY PLAN                                                                 
--------------------------------------------------------------------------------------------------------------------------------------------
 Index Scan using idx on public.t (actual rows=32768.00 loops=1)
   Output: a, b
   Index Cond: ((t.a >= 15937) AND (t.a <= 24128))
   Index Searches: 1
   Prefetch: distance=269.636 count=12737 stalls=1 skipped=22988 resets=0 ungets=3341 forwarded=194
             histogram [2,4) => 2, [4,8) => 7, [8,16) => 7, [16,32) => 11, [32,64) => 2, [64,128) => 2, [128,256) => 97, [256,512) => 12609
   Buffers: shared hit=5731 read=3825
 Settings: enable_bitmapscan = 'off', enable_seqscan = 'off', max_parallel_workers_per_gather = '0'
 Planning:
   Buffers: shared hit=82 read=27
 Planning Time: 2.141 ms
 Execution Time: 27.986 ms
(12 rows)

SET
SET
SET
SET
SET
                                             QUERY PLAN                                             
----------------------------------------------------------------------------------------------------
 Index Scan using idx on public.t (actual rows=32768.00 loops=1)
   Output: a, b
   Index Cond: ((t.a >= 15937) AND (t.a <= 24128))
   Index Searches: 1
   Buffers: shared hit=9556
 Settings: enable_bitmapscan = 'off', enable_seqscan = 'off', max_parallel_workers_per_gather = '0'
 Planning:
   Buffers: shared hit=114
 Planning Time: 0.215 ms
 Execution Time: 4.570 ms
(10 rows)

