SET
SET
SET
SET
SET
                                                                  QUERY PLAN                                                                   
-----------------------------------------------------------------------------------------------------------------------------------------------
 Index Scan using idx on public.t (actual rows=3048576.00 loops=1)
   Output: a, b
   Index Cond: ((t.a >= 31544) AND (t.a <= 793687))
   Index Searches: 1
   Prefetch: distance=267.381 count=1017006 stalls=1 skipped=2168607 resets=0 ungets=137117 forwarded=8919
             histogram [2,4) => 2, [4,8) => 4, [8,16) => 6, [16,32) => 9, [32,64) => 3, [64,128) => 2, [128,256) => 48088, [256,512) => 968892
   Buffers: shared hit=732479 read=151992
 Settings: enable_bitmapscan = 'off', enable_seqscan = 'off', max_parallel_workers_per_gather = '0'
 Planning:
   Buffers: shared hit=78 read=23
 Planning Time: 1.864 ms
 Execution Time: 651.067 ms
(12 rows)

SET
SET
SET
SET
SET
                                             QUERY PLAN                                             
----------------------------------------------------------------------------------------------------
 Index Scan using idx on public.t (actual rows=3048576.00 loops=1)
   Output: a, b
   Index Cond: ((t.a >= 31544) AND (t.a <= 793687))
   Index Searches: 1
   Buffers: shared hit=884485
 Settings: enable_bitmapscan = 'off', enable_seqscan = 'off', max_parallel_workers_per_gather = '0'
 Planning:
   Buffers: shared hit=106
 Planning Time: 0.210 ms
 Execution Time: 294.527 ms
(10 rows)

