SET
SET
SET
SET
SET
                                                               QUERY PLAN                                                               
----------------------------------------------------------------------------------------------------------------------------------------
 Index Scan Backward using idx on public.t (actual rows=1024.00 loops=1)
   Output: a, b
   Index Cond: ((t.a >= 127) AND (t.a <= 382))
   Index Searches: 1
   Prefetch: distance=256.078 count=422 stalls=1 skipped=592 resets=0 ungets=182 forwarded=0
             histogram [2,4) => 2, [4,8) => 6, [8,16) => 8, [16,32) => 6, [32,64) => 2, [64,128) => 2, [128,256) => 2, [256,512) => 394
   Buffers: shared hit=46 read=257
 Settings: enable_bitmapscan = 'off', enable_seqscan = 'off', max_parallel_workers_per_gather = '0'
 Planning:
   Buffers: shared hit=86 read=27
 Planning Time: 1.037 ms
 Execution Time: 5.773 ms
(12 rows)

SET
SET
SET
SET
SET
                                             QUERY PLAN                                             
----------------------------------------------------------------------------------------------------
 Index Scan Backward using idx on public.t (actual rows=1024.00 loops=1)
   Output: a, b
   Index Cond: ((t.a >= 127) AND (t.a <= 382))
   Index Searches: 1
   Buffers: shared hit=303
 Settings: enable_bitmapscan = 'off', enable_seqscan = 'off', max_parallel_workers_per_gather = '0'
 Planning:
   Buffers: shared hit=118
 Planning Time: 0.182 ms
 Execution Time: 0.232 ms
(10 rows)

