SET
SET
SET
SET
SET
                                                                    QUERY PLAN                                                                    
--------------------------------------------------------------------------------------------------------------------------------------------------
 Index Scan Backward using idx on public.t (actual rows=7048576.00 loops=1)
   Output: a, b
   Index Cond: ((t.a >= 4655) AND (t.a <= 1766798))
   Index Searches: 1
   Prefetch: distance=267.427 count=2375133 stalls=1 skipped=5013969 resets=0 ungets=340946 forwarded=51
             histogram [2,4) => 2, [4,8) => 5, [8,16) => 10, [16,32) => 7, [32,64) => 2, [64,128) => 2, [128,256) => 113058, [256,512) => 2262047
   Buffers: shared hit=1696851 read=348010
 Settings: enable_bitmapscan = 'off', enable_seqscan = 'off', max_parallel_workers_per_gather = '0'
 Planning:
   Buffers: shared hit=82 read=27
 Planning Time: 2.073 ms
 Execution Time: 2758.737 ms
(12 rows)

SET
SET
SET
SET
SET
                                             QUERY PLAN                                             
----------------------------------------------------------------------------------------------------
 Index Scan Backward using idx on public.t (actual rows=7048576.00 loops=1)
   Output: a, b
   Index Cond: ((t.a >= 4655) AND (t.a <= 1766798))
   Index Searches: 1
   Buffers: shared hit=2044862
 Settings: enable_bitmapscan = 'off', enable_seqscan = 'off', max_parallel_workers_per_gather = '0'
 Planning:
   Buffers: shared hit=114
 Planning Time: 0.236 ms
 Execution Time: 694.733 ms
(10 rows)

