SET
SET
SET
SET
SET
                                                               QUERY PLAN                                                                
-----------------------------------------------------------------------------------------------------------------------------------------
 Index Scan Backward using idx on public.t (actual rows=2048.00 loops=1)
   Output: a, b
   Index Cond: ((t.a >= 29881) AND (t.a <= 30392))
   Index Searches: 1
   Prefetch: distance=262.994 count=724 stalls=1 skipped=995 resets=0 ungets=331 forwarded=0
             histogram [2,4) => 2, [4,8) => 3, [8,16) => 10, [16,32) => 7, [32,64) => 2, [64,128) => 2, [128,256) => 2, [256,512) => 696
   Buffers: shared hit=51 read=550
 Settings: enable_bitmapscan = 'off', enable_seqscan = 'off', max_parallel_workers_per_gather = '0'
 Planning:
   Buffers: shared hit=82 read=23
 Planning Time: 1.302 ms
 Execution Time: 18.088 ms
(12 rows)

SET
SET
SET
SET
SET
                                             QUERY PLAN                                             
----------------------------------------------------------------------------------------------------
 Index Scan Backward using idx on public.t (actual rows=2048.00 loops=1)
   Output: a, b
   Index Cond: ((t.a >= 29881) AND (t.a <= 30392))
   Index Searches: 1
   Buffers: shared hit=601
 Settings: enable_bitmapscan = 'off', enable_seqscan = 'off', max_parallel_workers_per_gather = '0'
 Planning:
   Buffers: shared hit=110
 Planning Time: 0.132 ms
 Execution Time: 0.315 ms
(10 rows)

