SET
SET
SET
SET
SET
                                                                  QUERY PLAN                                                                  
----------------------------------------------------------------------------------------------------------------------------------------------
 Index Scan Backward using idx on public.t (actual rows=524288.00 loops=1)
   Output: a, b
   Index Cond: ((t.a >= 1837) AND (t.a <= 132908))
   Index Searches: 1
   Prefetch: distance=267.342 count=177586 stalls=1 skipped=372543 resets=0 ungets=26413 forwarded=2
             histogram [2,4) => 2, [4,8) => 5, [8,16) => 8, [16,32) => 8, [32,64) => 2, [64,128) => 2, [128,256) => 9259, [256,512) => 168300
   Buffers: shared hit=124942 read=27177
 Settings: enable_bitmapscan = 'off', enable_seqscan = 'off', max_parallel_workers_per_gather = '0'
 Planning:
   Buffers: shared hit=82 read=27
 Planning Time: 2.245 ms
 Execution Time: 224.707 ms
(12 rows)

SET
SET
SET
SET
SET
                                             QUERY PLAN                                             
----------------------------------------------------------------------------------------------------
 Index Scan Backward using idx on public.t (actual rows=524288.00 loops=1)
   Output: a, b
   Index Cond: ((t.a >= 1837) AND (t.a <= 132908))
   Index Searches: 1
   Buffers: shared hit=152119
 Settings: enable_bitmapscan = 'off', enable_seqscan = 'off', max_parallel_workers_per_gather = '0'
 Planning:
   Buffers: shared hit=114
 Planning Time: 0.195 ms
 Execution Time: 55.176 ms
(10 rows)

