SET
SET
SET
SET
SET
                                                                    QUERY PLAN                                                                    
--------------------------------------------------------------------------------------------------------------------------------------------------
 Index Scan Backward using idx on public.t (actual rows=7048576.00 loops=1)
   Output: a, b
   Index Cond: ((t.a >= 27929) AND (t.a <= 1790072))
   Index Searches: 1
   Prefetch: distance=267.437 count=2375358 stalls=1 skipped=5013854 resets=0 ungets=341300 forwarded=49
             histogram [2,4) => 2, [4,8) => 3, [8,16) => 12, [16,32) => 7, [32,64) => 2, [64,128) => 2, [128,256) => 112465, [256,512) => 2262865
   Buffers: shared hit=1696375 read=348434
 Settings: enable_bitmapscan = 'off', enable_seqscan = 'off', max_parallel_workers_per_gather = '0'
 Planning:
   Buffers: shared hit=82 read=23
 Planning Time: 1.862 ms
 Execution Time: 2752.605 ms
(12 rows)

SET
SET
SET
SET
SET
                                             QUERY PLAN                                             
----------------------------------------------------------------------------------------------------
 Index Scan Backward using idx on public.t (actual rows=7048576.00 loops=1)
   Output: a, b
   Index Cond: ((t.a >= 27929) AND (t.a <= 1790072))
   Index Searches: 1
   Buffers: shared hit=2044811
 Settings: enable_bitmapscan = 'off', enable_seqscan = 'off', max_parallel_workers_per_gather = '0'
 Planning:
   Buffers: shared hit=110
 Planning Time: 0.213 ms
 Execution Time: 686.431 ms
(10 rows)

