SET
SET
SET
SET
SET
                                                                   QUERY PLAN                                                                    
-------------------------------------------------------------------------------------------------------------------------------------------------
 Index Scan Backward using idx on public.t (actual rows=8048576.00 loops=1)
   Output: a, b
   Index Cond: ((t.a >= 26587) AND (t.a <= 2038730))
   Index Searches: 1
   Prefetch: distance=267.437 count=2712119 stalls=1 skipped=5725215 resets=0 ungets=389402 forwarded=56
             histogram [2,4) => 2, [4,8) => 6, [8,16) => 8, [16,32) => 6, [32,64) => 2, [64,128) => 2, [128,256) => 128221, [256,512) => 2583872
   Buffers: shared hit=1937452 read=397506
 Settings: enable_bitmapscan = 'off', enable_seqscan = 'off', max_parallel_workers_per_gather = '0'
 Planning:
   Buffers: shared hit=82 read=23
 Planning Time: 1.857 ms
 Execution Time: 3142.705 ms
(12 rows)

SET
SET
SET
SET
SET
                                             QUERY PLAN                                             
----------------------------------------------------------------------------------------------------
 Index Scan Backward using idx on public.t (actual rows=8048576.00 loops=1)
   Output: a, b
   Index Cond: ((t.a >= 26587) AND (t.a <= 2038730))
   Index Searches: 1
   Buffers: shared hit=2334960
 Settings: enable_bitmapscan = 'off', enable_seqscan = 'off', max_parallel_workers_per_gather = '0'
 Planning:
   Buffers: shared hit=110
 Planning Time: 0.225 ms
 Execution Time: 790.191 ms
(10 rows)

