SET
SET
SET
SET
SET
                                                                 QUERY PLAN                                                                  
---------------------------------------------------------------------------------------------------------------------------------------------
 Index Scan Backward using idx on public.t (actual rows=512.00 loops=1)
   Output: a, b
   Index Cond: ((t.a >= '-20989'::integer) AND (t.a <= '-20862'::integer))
   Index Searches: 1
   Prefetch: distance=224.904 count=450 stalls=1 skipped=6 resets=0 ungets=40 forwarded=0
             histogram [2,4) => 6, [4,8) => 5, [8,16) => 10, [16,32) => 14, [32,64) => 29, [64,128) => 12, [128,256) => 64, [256,512) => 310
   Buffers: shared hit=396 read=115
 Settings: enable_bitmapscan = 'off', enable_seqscan = 'off', max_parallel_workers_per_gather = '0'
 Planning:
   Buffers: shared hit=85 read=28
 Planning Time: 2.106 ms
 Execution Time: 5.218 ms
(12 rows)

SET
SET
SET
SET
SET
                                             QUERY PLAN                                             
----------------------------------------------------------------------------------------------------
 Index Scan Backward using idx on public.t (actual rows=512.00 loops=1)
   Output: a, b
   Index Cond: ((t.a >= '-20989'::integer) AND (t.a <= '-20862'::integer))
   Index Searches: 1
   Buffers: shared hit=511
 Settings: enable_bitmapscan = 'off', enable_seqscan = 'off', max_parallel_workers_per_gather = '0'
 Planning:
   Buffers: shared hit=118
 Planning Time: 0.201 ms
 Execution Time: 0.215 ms
(10 rows)

