SET
SET
SET
SET
SET
                                                                 QUERY PLAN                                                                  
---------------------------------------------------------------------------------------------------------------------------------------------
 Index Scan Backward using idx on public.t (actual rows=32768.00 loops=1)
   Output: a, b
   Index Cond: ((t.a >= 2095) AND (t.a <= 10286))
   Index Searches: 1
   Prefetch: distance=267.928 count=12253 stalls=1 skipped=23045 resets=0 ungets=2926 forwarded=0
             histogram [2,4) => 2, [4,8) => 3, [8,16) => 11, [16,32) => 7, [32,64) => 2, [64,128) => 2, [128,256) => 666, [256,512) => 11560
   Buffers: shared hit=6401 read=3104
 Settings: enable_bitmapscan = 'off', enable_seqscan = 'off', max_parallel_workers_per_gather = '0'
 Planning:
   Buffers: shared hit=86 read=27
 Planning Time: 2.180 ms
 Execution Time: 32.645 ms
(12 rows)

SET
SET
SET
SET
SET
                                             QUERY PLAN                                             
----------------------------------------------------------------------------------------------------
 Index Scan Backward using idx on public.t (actual rows=32768.00 loops=1)
   Output: a, b
   Index Cond: ((t.a >= 2095) AND (t.a <= 10286))
   Index Searches: 1
   Buffers: shared hit=9505
 Settings: enable_bitmapscan = 'off', enable_seqscan = 'off', max_parallel_workers_per_gather = '0'
 Planning:
   Buffers: shared hit=118
 Planning Time: 0.169 ms
 Execution Time: 2.564 ms
(10 rows)

