SET
SET
SET
SET
SET
                                                                   QUERY PLAN                                                                   
------------------------------------------------------------------------------------------------------------------------------------------------
 Index Scan Backward using idx on public.t (actual rows=4048576.00 loops=1)
   Output: a, b
   Index Cond: ((t.a >= 31515) AND (t.a <= 1043658))
   Index Searches: 1
   Prefetch: distance=267.447 count=1365474 stalls=1 skipped=2879829 resets=0 ungets=197027 forwarded=23
             histogram [2,4) => 2, [4,8) => 7, [8,16) => 7, [16,32) => 6, [32,64) => 2, [64,128) => 2, [128,256) => 64390, [256,512) => 1301058
   Buffers: shared hit=973492 read=201113
 Settings: enable_bitmapscan = 'off', enable_seqscan = 'off', max_parallel_workers_per_gather = '0'
 Planning:
   Buffers: shared hit=82 read=23
 Planning Time: 1.869 ms
 Execution Time: 1598.957 ms
(12 rows)

SET
SET
SET
SET
SET
                                             QUERY PLAN                                             
----------------------------------------------------------------------------------------------------
 Index Scan Backward using idx on public.t (actual rows=4048576.00 loops=1)
   Output: a, b
   Index Cond: ((t.a >= 31515) AND (t.a <= 1043658))
   Index Searches: 1
   Buffers: shared hit=1174605
 Settings: enable_bitmapscan = 'off', enable_seqscan = 'off', max_parallel_workers_per_gather = '0'
 Planning:
   Buffers: shared hit=110
 Planning Time: 0.220 ms
 Execution Time: 399.065 ms
(10 rows)

