SET
SET
SET
SET
SET
                                             QUERY PLAN                                             
----------------------------------------------------------------------------------------------------
 Index Scan Backward using idx on public.t (actual rows=4096.00 loops=1)
   Output: a, b
   Index Cond: ((t.a >= '-11976'::integer) AND (t.a <= '-10953'::integer))
   Index Searches: 1
   Prefetch: distance=2.111 count=378 stalls=3348 skipped=51 resets=0 ungets=0 forwarded=0
             histogram [2,4) => 364, [4,8) => 14
   Buffers: shared hit=3763 read=290
 Settings: enable_bitmapscan = 'off', enable_seqscan = 'off', max_parallel_workers_per_gather = '0'
 Planning:
   Buffers: shared hit=85 read=28
 Planning Time: 2.123 ms
 Execution Time: 8.150 ms
(12 rows)

SET
SET
SET
SET
SET
                                             QUERY PLAN                                             
----------------------------------------------------------------------------------------------------
 Index Scan Backward using idx on public.t (actual rows=4096.00 loops=1)
   Output: a, b
   Index Cond: ((t.a >= '-11976'::integer) AND (t.a <= '-10953'::integer))
   Index Searches: 1
   Buffers: shared hit=4053
 Settings: enable_bitmapscan = 'off', enable_seqscan = 'off', max_parallel_workers_per_gather = '0'
 Planning:
   Buffers: shared hit=118
 Planning Time: 0.139 ms
 Execution Time: 0.493 ms
(10 rows)

