SET
SET
SET
SET
SET
                                                                   QUERY PLAN                                                                    
-------------------------------------------------------------------------------------------------------------------------------------------------
 Index Scan Backward using idx on public.t (actual rows=16384.00 loops=1)
   Output: a, b
   Index Cond: ((t.a >= '-4256'::integer) AND (t.a <= '-161'::integer))
   Index Searches: 1
   Prefetch: distance=261.767 count=17499 stalls=1 skipped=244 resets=0 ungets=1427 forwarded=0
             histogram [2,4) => 6, [4,8) => 7, [8,16) => 17, [16,32) => 13, [32,64) => 21, [64,128) => 12, [128,256) => 3285, [256,512) => 14138
   Buffers: shared hit=15291 read=876
 Settings: enable_bitmapscan = 'off', enable_seqscan = 'off', max_parallel_workers_per_gather = '0'
 Planning:
   Buffers: shared hit=85 read=28
 Planning Time: 2.119 ms
 Execution Time: 11.762 ms
(12 rows)

SET
SET
SET
SET
SET
                                             QUERY PLAN                                             
----------------------------------------------------------------------------------------------------
 Index Scan Backward using idx on public.t (actual rows=16384.00 loops=1)
   Output: a, b
   Index Cond: ((t.a >= '-4256'::integer) AND (t.a <= '-161'::integer))
   Index Searches: 1
   Buffers: shared hit=16167
 Settings: enable_bitmapscan = 'off', enable_seqscan = 'off', max_parallel_workers_per_gather = '0'
 Planning:
   Buffers: shared hit=118
 Planning Time: 0.210 ms
 Execution Time: 2.763 ms
(10 rows)

