SET
SET
SET
SET
SET
                                                               QUERY PLAN                                                                
-----------------------------------------------------------------------------------------------------------------------------------------
 Index Scan Backward using idx on public.t (actual rows=1024.00 loops=1)
   Output: a, b
   Index Cond: ((t.a >= 19900) AND (t.a <= 20155))
   Index Searches: 1
   Prefetch: distance=249.669 count=293 stalls=1 skipped=402 resets=0 ungets=131 forwarded=0
             histogram [2,4) => 2, [4,8) => 5, [8,16) => 10, [16,32) => 5, [32,64) => 2, [64,128) => 2, [128,256) => 2, [256,512) => 265
   Buffers: shared hit=21 read=282
 Settings: enable_bitmapscan = 'off', enable_seqscan = 'off', max_parallel_workers_per_gather = '0'
 Planning:
   Buffers: shared hit=86 read=27
 Planning Time: 1.048 ms
 Execution Time: 10.451 ms
(12 rows)

SET
SET
SET
SET
SET
                                             QUERY PLAN                                             
----------------------------------------------------------------------------------------------------
 Index Scan Backward using idx on public.t (actual rows=1024.00 loops=1)
   Output: a, b
   Index Cond: ((t.a >= 19900) AND (t.a <= 20155))
   Index Searches: 1
   Buffers: shared hit=303
 Settings: enable_bitmapscan = 'off', enable_seqscan = 'off', max_parallel_workers_per_gather = '0'
 Planning:
   Buffers: shared hit=118
 Planning Time: 0.199 ms
 Execution Time: 0.390 ms
(10 rows)

