SET
SET
SET
SET
SET
                                                                 QUERY PLAN                                                                  
---------------------------------------------------------------------------------------------------------------------------------------------
 Index Scan Backward using idx on public.t (actual rows=65536.00 loops=1)
   Output: a, b
   Index Cond: ((t.a >= 7139) AND (t.a <= 23522))
   Index Searches: 1
   Prefetch: distance=268.343 count=23808 stalls=1 skipped=46175 resets=0 ungets=5015 forwarded=1
             histogram [2,4) => 2, [4,8) => 3, [8,16) => 8, [16,32) => 10, [32,64) => 2, [64,128) => 2, [128,256) => 891, [256,512) => 22890
   Buffers: shared hit=13810 read=5254
 Settings: enable_bitmapscan = 'off', enable_seqscan = 'off', max_parallel_workers_per_gather = '0'
 Planning:
   Buffers: shared hit=86 read=27
 Planning Time: 2.103 ms
 Execution Time: 52.030 ms
(12 rows)

SET
SET
SET
SET
SET
                                             QUERY PLAN                                             
----------------------------------------------------------------------------------------------------
 Index Scan Backward using idx on public.t (actual rows=65536.00 loops=1)
   Output: a, b
   Index Cond: ((t.a >= 7139) AND (t.a <= 23522))
   Index Searches: 1
   Buffers: shared hit=19064
 Settings: enable_bitmapscan = 'off', enable_seqscan = 'off', max_parallel_workers_per_gather = '0'
 Planning:
   Buffers: shared hit=118
 Planning Time: 0.184 ms
 Execution Time: 5.346 ms
(10 rows)

