SET
SET
SET
SET
SET
                                                                   QUERY PLAN                                                                    
-------------------------------------------------------------------------------------------------------------------------------------------------
 Index Scan Backward using idx on public.t (actual rows=262144.00 loops=1)
   Output: a, b
   Index Cond: ((t.a >= '-73380'::integer) AND (t.a <= '-7845'::integer))
   Index Searches: 1
   Prefetch: distance=262.868 count=281398 stalls=1 skipped=3862 resets=0 ungets=23176 forwarded=1
             histogram [2,4) => 4, [4,8) => 4, [8,16) => 8, [16,32) => 16, [32,64) => 18, [64,128) => 6, [128,256) => 50954, [256,512) => 230388
   Buffers: shared hit=245716 read=12964
 Settings: enable_bitmapscan = 'off', enable_seqscan = 'off', max_parallel_workers_per_gather = '0'
 Planning:
   Buffers: shared hit=81 read=28
 Planning Time: 2.206 ms
 Execution Time: 121.188 ms
(12 rows)

SET
SET
SET
SET
SET
                                             QUERY PLAN                                             
----------------------------------------------------------------------------------------------------
 Index Scan Backward using idx on public.t (actual rows=262144.00 loops=1)
   Output: a, b
   Index Cond: ((t.a >= '-73380'::integer) AND (t.a <= '-7845'::integer))
   Index Searches: 1
   Buffers: shared hit=258680
 Settings: enable_bitmapscan = 'off', enable_seqscan = 'off', max_parallel_workers_per_gather = '0'
 Planning:
   Buffers: shared hit=114
 Planning Time: 0.197 ms
 Execution Time: 39.573 ms
(10 rows)

