SET
SET
SET
SET
SET
                                                                     QUERY PLAN                                                                     
----------------------------------------------------------------------------------------------------------------------------------------------------
 Index Scan Backward using idx on public.t (actual rows=6048576.00 loops=1)
   Output: a, b
   Index Cond: ((t.a >= '-1532171'::integer) AND (t.a <= '-20028'::integer))
   Index Searches: 1
   Prefetch: distance=262.812 count=6492244 stalls=3 skipped=89295 resets=0 ungets=533057 forwarded=10
             histogram [2,4) => 2, [4,8) => 6, [8,16) => 9, [16,32) => 12, [32,64) => 14, [64,128) => 5, [128,256) => 1193129, [256,512) => 5299067
   Buffers: shared hit=5671171 read=297169
 Settings: enable_bitmapscan = 'off', enable_seqscan = 'off', max_parallel_workers_per_gather = '0'
 Planning:
   Buffers: shared hit=81 read=28
 Planning Time: 2.104 ms
 Execution Time: 2682.458 ms
(12 rows)

SET
SET
SET
SET
SET
                                             QUERY PLAN                                             
----------------------------------------------------------------------------------------------------
 Index Scan Backward using idx on public.t (actual rows=6048576.00 loops=1)
   Output: a, b
   Index Cond: ((t.a >= '-1532171'::integer) AND (t.a <= '-20028'::integer))
   Index Searches: 1
   Buffers: shared hit=5968340
 Settings: enable_bitmapscan = 'off', enable_seqscan = 'off', max_parallel_workers_per_gather = '0'
 Planning:
   Buffers: shared hit=114
 Planning Time: 0.240 ms
 Execution Time: 954.806 ms
(10 rows)

