SET
SET
SET
SET
SET
                                                                  QUERY PLAN                                                                  
----------------------------------------------------------------------------------------------------------------------------------------------
 Index Scan using idx on public.t (actual rows=262144.00 loops=1)
   Output: a, b
   Index Cond: ((t.a >= 11180) AND (t.a <= 76715))
   Index Searches: 1
   Prefetch: distance=267.739 count=89422 stalls=1 skipped=186463 resets=0 ungets=13781 forwarded=940
             histogram [2,4) => 2, [4,8) => 3, [8,16) => 5, [16,32) => 14, [32,64) => 5, [64,128) => 2, [128,256) => 3731, [256,512) => 85660
   Buffers: shared hit=60973 read=15079
 Settings: enable_bitmapscan = 'off', enable_seqscan = 'off', max_parallel_workers_per_gather = '0'
 Planning:
   Buffers: shared hit=78 read=27
 Planning Time: 2.026 ms
 Execution Time: 76.239 ms
(12 rows)

SET
SET
SET
SET
SET
                                             QUERY PLAN                                             
----------------------------------------------------------------------------------------------------
 Index Scan using idx on public.t (actual rows=262144.00 loops=1)
   Output: a, b
   Index Cond: ((t.a >= 11180) AND (t.a <= 76715))
   Index Searches: 1
   Buffers: shared hit=76053
 Settings: enable_bitmapscan = 'off', enable_seqscan = 'off', max_parallel_workers_per_gather = '0'
 Planning:
   Buffers: shared hit=110
 Planning Time: 0.187 ms
 Execution Time: 28.879 ms
(10 rows)

