SET
SET
SET
SET
SET
                                                                   QUERY PLAN                                                                    
-------------------------------------------------------------------------------------------------------------------------------------------------
 Index Scan using idx on public.t (actual rows=3048576.00 loops=1)
   Output: a, b
   Index Cond: ((t.a >= 7031) AND (t.a <= 769174))
   Index Searches: 1
   Prefetch: distance=267.452 count=1018573 stalls=1 skipped=2168133 resets=0 ungets=138734 forwarded=9223
             histogram [2,4) => 2, [4,8) => 3, [8,16) => 11, [16,32) => 14, [32,64) => 3, [64,128) => 3, [128,256) => 46210, [256,512) => 972327
   Buffers: shared hit=732808 read=151757
 Settings: enable_bitmapscan = 'off', enable_seqscan = 'off', max_parallel_workers_per_gather = '0'
 Planning:
   Buffers: shared hit=78 read=27
 Planning Time: 2.055 ms
 Execution Time: 750.312 ms
(12 rows)

SET
SET
SET
SET
SET
                                             QUERY PLAN                                             
----------------------------------------------------------------------------------------------------
 Index Scan using idx on public.t (actual rows=3048576.00 loops=1)
   Output: a, b
   Index Cond: ((t.a >= 7031) AND (t.a <= 769174))
   Index Searches: 1
   Buffers: shared hit=884584
 Settings: enable_bitmapscan = 'off', enable_seqscan = 'off', max_parallel_workers_per_gather = '0'
 Planning:
   Buffers: shared hit=110
 Planning Time: 0.235 ms
 Execution Time: 312.690 ms
(10 rows)

