SET
SET
SET
SET
SET
                                                                  QUERY PLAN                                                                  
----------------------------------------------------------------------------------------------------------------------------------------------
 Index Scan using idx on public.t (actual rows=131072.00 loops=1)
   Output: a, b
   Index Cond: ((t.a >= 2972) AND (t.a <= 35739))
   Index Searches: 1
   Prefetch: distance=267.938 count=45133 stalls=1 skipped=93131 resets=0 ungets=7332 forwarded=493
             histogram [2,4) => 2, [4,8) => 6, [8,16) => 10, [16,32) => 7, [32,64) => 2, [64,128) => 2, [128,256) => 1650, [256,512) => 43454
   Buffers: shared hit=29987 read=8055
 Settings: enable_bitmapscan = 'off', enable_seqscan = 'off', max_parallel_workers_per_gather = '0'
 Planning:
   Buffers: shared hit=78 read=27
 Planning Time: 2.037 ms
 Execution Time: 42.910 ms
(12 rows)

SET
SET
SET
SET
SET
                                             QUERY PLAN                                             
----------------------------------------------------------------------------------------------------
 Index Scan using idx on public.t (actual rows=131072.00 loops=1)
   Output: a, b
   Index Cond: ((t.a >= 2972) AND (t.a <= 35739))
   Index Searches: 1
   Buffers: shared hit=38043
 Settings: enable_bitmapscan = 'off', enable_seqscan = 'off', max_parallel_workers_per_gather = '0'
 Planning:
   Buffers: shared hit=110
 Planning Time: 0.196 ms
 Execution Time: 12.007 ms
(10 rows)

