SET
SET
SET
SET
SET
                                                                   QUERY PLAN                                                                   
------------------------------------------------------------------------------------------------------------------------------------------------
 Index Scan using idx on public.t (actual rows=1048576.00 loops=1)
   Output: a, b
   Index Cond: ((t.a >= 24225) AND (t.a <= 286368))
   Index Searches: 1
   Prefetch: distance=267.499 count=351518 stalls=1 skipped=745471 resets=0 ungets=49045 forwarded=3320
             histogram [2,4) => 2, [4,8) => 7, [8,16) => 10, [16,32) => 6, [32,64) => 2, [64,128) => 2, [128,256) => 15833, [256,512) => 335656
   Buffers: shared hit=250473 read=53752
 Settings: enable_bitmapscan = 'off', enable_seqscan = 'off', max_parallel_workers_per_gather = '0'
 Planning:
   Buffers: shared hit=78 read=27
 Planning Time: 2.038 ms
 Execution Time: 279.994 ms
(12 rows)

SET
SET
SET
SET
SET
                                             QUERY PLAN                                             
----------------------------------------------------------------------------------------------------
 Index Scan using idx on public.t (actual rows=1048576.00 loops=1)
   Output: a, b
   Index Cond: ((t.a >= 24225) AND (t.a <= 286368))
   Index Searches: 1
   Buffers: shared hit=304230
 Settings: enable_bitmapscan = 'off', enable_seqscan = 'off', max_parallel_workers_per_gather = '0'
 Planning:
   Buffers: shared hit=110
 Planning Time: 0.219 ms
 Execution Time: 110.536 ms
(10 rows)

