SET
SET
SET
SET
SET
                                                                  QUERY PLAN                                                                  
----------------------------------------------------------------------------------------------------------------------------------------------
 Index Scan using idx on public.t (actual rows=524288.00 loops=1)
   Output: a, b
   Index Cond: ((t.a >= 13703) AND (t.a <= 144774))
   Index Searches: 1
   Prefetch: distance=267.575 count=176600 stalls=1 skipped=372507 resets=0 ungets=25455 forwarded=1743
             histogram [2,4) => 2, [4,8) => 3, [8,16) => 5, [16,32) => 9, [32,64) => 6, [64,128) => 5, [128,256) => 7815, [256,512) => 168755
   Buffers: shared hit=124145 read=27976
 Settings: enable_bitmapscan = 'off', enable_seqscan = 'off', max_parallel_workers_per_gather = '0'
 Planning:
   Buffers: shared hit=78 read=27
 Planning Time: 2.054 ms
 Execution Time: 151.410 ms
(12 rows)

SET
SET
SET
SET
SET
                                             QUERY PLAN                                             
----------------------------------------------------------------------------------------------------
 Index Scan using idx on public.t (actual rows=524288.00 loops=1)
   Output: a, b
   Index Cond: ((t.a >= 13703) AND (t.a <= 144774))
   Index Searches: 1
   Buffers: shared hit=152122
 Settings: enable_bitmapscan = 'off', enable_seqscan = 'off', max_parallel_workers_per_gather = '0'
 Planning:
   Buffers: shared hit=110
 Planning Time: 0.218 ms
 Execution Time: 56.109 ms
(10 rows)

