SET
SET
SET
SET
SET
                                                                   QUERY PLAN                                                                    
-------------------------------------------------------------------------------------------------------------------------------------------------
 Index Scan using idx on public.t (actual rows=6048576.00 loops=1)
   Output: a, b
   Index Cond: ((t.a >= 1263) AND (t.a <= 1513406))
   Index Searches: 1
   Prefetch: distance=267.434 count=2018572 stalls=1 skipped=4302568 resets=0 ungets=272860 forwarded=18147
             histogram [2,4) => 2, [4,8) => 4, [8,16) => 12, [16,32) => 6, [32,64) => 2, [64,128) => 2, [128,256) => 92715, [256,512) => 1925829
   Buffers: shared hit=1456398 read=298426
 Settings: enable_bitmapscan = 'off', enable_seqscan = 'off', max_parallel_workers_per_gather = '0'
 Planning:
   Buffers: shared hit=78 read=27
 Planning Time: 2.027 ms
 Execution Time: 1426.188 ms
(12 rows)

SET
SET
SET
SET
SET
                                             QUERY PLAN                                             
----------------------------------------------------------------------------------------------------
 Index Scan using idx on public.t (actual rows=6048576.00 loops=1)
   Output: a, b
   Index Cond: ((t.a >= 1263) AND (t.a <= 1513406))
   Index Searches: 1
   Buffers: shared hit=1754857
 Settings: enable_bitmapscan = 'off', enable_seqscan = 'off', max_parallel_workers_per_gather = '0'
 Planning:
   Buffers: shared hit=110
 Planning Time: 0.225 ms
 Execution Time: 603.018 ms
(10 rows)

