SET
SET
SET
SET
SET
                                                                    QUERY PLAN                                                                    
--------------------------------------------------------------------------------------------------------------------------------------------------
 Index Scan using idx on public.t (actual rows=9048576.00 loops=1)
   Output: a, b
   Index Cond: ((t.a >= 25338) AND (t.a <= 2287481))
   Index Searches: 1
   Prefetch: distance=267.434 count=3020035 stalls=1 skipped=6436778 resets=0 ungets=408425 forwarded=27128
             histogram [2,4) => 2, [4,8) => 3, [8,16) => 5, [16,32) => 10, [32,64) => 7, [64,128) => 2, [128,256) => 138693, [256,512) => 2881313
   Buffers: shared hit=2178489 read=446667
 Settings: enable_bitmapscan = 'off', enable_seqscan = 'off', max_parallel_workers_per_gather = '0'
 Planning:
   Buffers: shared hit=78 read=23
 Planning Time: 1.954 ms
 Execution Time: 2122.883 ms
(12 rows)

SET
SET
SET
SET
SET
                                             QUERY PLAN                                             
----------------------------------------------------------------------------------------------------
 Index Scan using idx on public.t (actual rows=9048576.00 loops=1)
   Output: a, b
   Index Cond: ((t.a >= 25338) AND (t.a <= 2287481))
   Index Searches: 1
   Buffers: shared hit=2625216
 Settings: enable_bitmapscan = 'off', enable_seqscan = 'off', max_parallel_workers_per_gather = '0'
 Planning:
   Buffers: shared hit=106
 Planning Time: 0.207 ms
 Execution Time: 865.539 ms
(10 rows)

