SET
SET
SET
SET
SET
                                                                QUERY PLAN                                                                
------------------------------------------------------------------------------------------------------------------------------------------
 Index Scan using idx on public.t (actual rows=16384.00 loops=1)
   Output: a, b
   Index Cond: ((t.a >= 26597) AND (t.a <= 30692))
   Index Searches: 1
   Prefetch: distance=270.318 count=6914 stalls=1 skipped=11310 resets=0 ungets=2336 forwarded=124
             histogram [2,4) => 2, [4,8) => 3, [8,16) => 5, [16,32) => 15, [32,64) => 2, [64,128) => 2, [128,256) => 3, [256,512) => 6882
   Buffers: shared hit=2039 read=2707
 Settings: enable_bitmapscan = 'off', enable_seqscan = 'off', max_parallel_workers_per_gather = '0'
 Planning:
   Buffers: shared hit=78 read=23
 Planning Time: 1.867 ms
 Execution Time: 25.540 ms
(12 rows)

SET
SET
SET
SET
SET
                                             QUERY PLAN                                             
----------------------------------------------------------------------------------------------------
 Index Scan using idx on public.t (actual rows=16384.00 loops=1)
   Output: a, b
   Index Cond: ((t.a >= 26597) AND (t.a <= 30692))
   Index Searches: 1
   Buffers: shared hit=4746
 Settings: enable_bitmapscan = 'off', enable_seqscan = 'off', max_parallel_workers_per_gather = '0'
 Planning:
   Buffers: shared hit=106
 Planning Time: 0.195 ms
 Execution Time: 2.761 ms
(10 rows)

