SET
SET
SET
SET
SET
                                                                   QUERY PLAN                                                                    
-------------------------------------------------------------------------------------------------------------------------------------------------
 Index Scan using idx on public.t (actual rows=4048576.00 loops=1)
   Output: a, b
   Index Cond: ((t.a >= 19548) AND (t.a <= 1031691))
   Index Searches: 1
   Prefetch: distance=267.454 count=1352196 stalls=3 skipped=2879550 resets=0 ungets=183808 forwarded=12153
             histogram [2,4) => 2, [4,8) => 5, [8,16) => 10, [16,32) => 9, [32,64) => 2, [64,128) => 3, [128,256) => 61471, [256,512) => 1290694
   Buffers: shared hit=973542 read=201077
 Settings: enable_bitmapscan = 'off', enable_seqscan = 'off', max_parallel_workers_per_gather = '0'
 Planning:
   Buffers: shared hit=78 read=27
 Planning Time: 2.077 ms
 Execution Time: 976.887 ms
(12 rows)

SET
SET
SET
SET
SET
                                             QUERY PLAN                                             
----------------------------------------------------------------------------------------------------
 Index Scan using idx on public.t (actual rows=4048576.00 loops=1)
   Output: a, b
   Index Cond: ((t.a >= 19548) AND (t.a <= 1031691))
   Index Searches: 1
   Buffers: shared hit=1174637
 Settings: enable_bitmapscan = 'off', enable_seqscan = 'off', max_parallel_workers_per_gather = '0'
 Planning:
   Buffers: shared hit=110
 Planning Time: 0.231 ms
 Execution Time: 403.344 ms
(10 rows)

