SET
SET
SET
SET
SET
                                                                    QUERY PLAN                                                                    
--------------------------------------------------------------------------------------------------------------------------------------------------
 Index Scan using idx on public.t (actual rows=8048576.00 loops=1)
   Output: a, b
   Index Cond: ((t.a >= 19970) AND (t.a <= 2032113))
   Index Searches: 1
   Prefetch: distance=267.435 count=2686386 stalls=1 skipped=5725425 resets=0 ungets=363519 forwarded=24169
             histogram [2,4) => 2, [4,8) => 3, [8,16) => 5, [16,32) => 11, [32,64) => 4, [64,128) => 2, [128,256) => 123639, [256,512) => 2562720
   Buffers: shared hit=1937407 read=397548
 Settings: enable_bitmapscan = 'off', enable_seqscan = 'off', max_parallel_workers_per_gather = '0'
 Planning:
   Buffers: shared hit=78 read=27
 Planning Time: 2.038 ms
 Execution Time: 1899.298 ms
(12 rows)

SET
SET
SET
SET
SET
                                             QUERY PLAN                                             
----------------------------------------------------------------------------------------------------
 Index Scan using idx on public.t (actual rows=8048576.00 loops=1)
   Output: a, b
   Index Cond: ((t.a >= 19970) AND (t.a <= 2032113))
   Index Searches: 1
   Buffers: shared hit=2335003
 Settings: enable_bitmapscan = 'off', enable_seqscan = 'off', max_parallel_workers_per_gather = '0'
 Planning:
   Buffers: shared hit=110
 Planning Time: 0.280 ms
 Execution Time: 782.315 ms
(10 rows)

