SET
SET
SET
SET
SET
                                                                QUERY PLAN                                                                
------------------------------------------------------------------------------------------------------------------------------------------
 Index Scan using idx on public.t (actual rows=2048.00 loops=1)
   Output: a, b
   Index Cond: ((t.a >= 82) AND (t.a <= 593))
   Index Searches: 1
   Prefetch: distance=261.584 count=803 stalls=1 skipped=1208 resets=0 ungets=307 forwarded=11
             histogram [2,4) => 2, [4,8) => 3, [8,16) => 11, [16,32) => 12, [32,64) => 2, [64,128) => 3, [128,256) => 2, [256,512) => 768
   Buffers: shared hit=141 read=464
 Settings: enable_bitmapscan = 'off', enable_seqscan = 'off', max_parallel_workers_per_gather = '0'
 Planning:
   Buffers: shared hit=82 read=27
 Planning Time: 1.494 ms
 Execution Time: 9.414 ms
(12 rows)

SET
SET
SET
SET
SET
                                             QUERY PLAN                                             
----------------------------------------------------------------------------------------------------
 Index Scan using idx on public.t (actual rows=2048.00 loops=1)
   Output: a, b
   Index Cond: ((t.a >= 82) AND (t.a <= 593))
   Index Searches: 1
   Buffers: shared hit=605
 Settings: enable_bitmapscan = 'off', enable_seqscan = 'off', max_parallel_workers_per_gather = '0'
 Planning:
   Buffers: shared hit=114
 Planning Time: 0.184 ms
 Execution Time: 0.528 ms
(10 rows)

