SET
SET
SET
SET
SET
                                                               QUERY PLAN                                                               
----------------------------------------------------------------------------------------------------------------------------------------
 Index Scan using idx on public.t (actual rows=512.00 loops=1)
   Output: a, b
   Index Cond: ((t.a >= 20354) AND (t.a <= 20481))
   Index Searches: 1
   Prefetch: distance=235.293 count=215 stalls=1 skipped=299 resets=0 ungets=86 forwarded=0
             histogram [2,4) => 2, [4,8) => 4, [8,16) => 5, [16,32) => 9, [32,64) => 8, [64,128) => 2, [128,256) => 2, [256,512) => 183
   Buffers: shared hit=5 read=154
 Settings: enable_bitmapscan = 'off', enable_seqscan = 'off', max_parallel_workers_per_gather = '0'
 Planning:
   Buffers: shared hit=82 read=27
 Planning Time: 1.369 ms
 Execution Time: 3.292 ms
(12 rows)

SET
SET
SET
SET
SET
                                             QUERY PLAN                                             
----------------------------------------------------------------------------------------------------
 Index Scan using idx on public.t (actual rows=512.00 loops=1)
   Output: a, b
   Index Cond: ((t.a >= 20354) AND (t.a <= 20481))
   Index Searches: 1
   Buffers: shared hit=159
 Settings: enable_bitmapscan = 'off', enable_seqscan = 'off', max_parallel_workers_per_gather = '0'
 Planning:
   Buffers: shared hit=114
 Planning Time: 0.177 ms
 Execution Time: 0.185 ms
(10 rows)

