SET
SET
SET
SET
SET
                                                                 QUERY PLAN                                                                  
---------------------------------------------------------------------------------------------------------------------------------------------
 Index Scan using idx on public.t (actual rows=65536.00 loops=1)
   Output: a, b
   Index Cond: ((t.a >= 13371) AND (t.a <= 29754))
   Index Searches: 1
   Prefetch: distance=268.662 count=23587 stalls=1 skipped=46158 resets=0 ungets=4837 forwarded=328
             histogram [2,4) => 2, [4,8) => 3, [8,16) => 5, [16,32) => 18, [32,64) => 2, [64,128) => 2, [128,256) => 555, [256,512) => 23000
   Buffers: shared hit=13555 read=5474
 Settings: enable_bitmapscan = 'off', enable_seqscan = 'off', max_parallel_workers_per_gather = '0'
 Planning:
   Buffers: shared hit=78 read=27
 Planning Time: 2.040 ms
 Execution Time: 40.282 ms
(12 rows)

SET
SET
SET
SET
SET
                                             QUERY PLAN                                             
----------------------------------------------------------------------------------------------------
 Index Scan using idx on public.t (actual rows=65536.00 loops=1)
   Output: a, b
   Index Cond: ((t.a >= 13371) AND (t.a <= 29754))
   Index Searches: 1
   Buffers: shared hit=19029
 Settings: enable_bitmapscan = 'off', enable_seqscan = 'off', max_parallel_workers_per_gather = '0'
 Planning:
   Buffers: shared hit=110
 Planning Time: 0.184 ms
 Execution Time: 5.774 ms
(10 rows)

