SET
SET
SET
SET
SET
                                                                  QUERY PLAN                                                                  
----------------------------------------------------------------------------------------------------------------------------------------------
 Index Scan using idx on public.t (actual rows=131072.00 loops=1)
   Output: a, b
   Index Cond: ((t.a >= 6721) AND (t.a <= 39488))
   Index Searches: 1
   Prefetch: distance=268.007 count=45320 stalls=1 skipped=92836 resets=0 ungets=7592 forwarded=521
             histogram [2,4) => 2, [4,8) => 3, [8,16) => 12, [16,32) => 7, [32,64) => 2, [64,128) => 2, [128,256) => 1663, [256,512) => 43629
   Buffers: shared hit=29622 read=8453
 Settings: enable_bitmapscan = 'off', enable_seqscan = 'off', max_parallel_workers_per_gather = '0'
 Planning:
   Buffers: shared hit=78 read=27
 Planning Time: 2.045 ms
 Execution Time: 50.513 ms
(12 rows)

SET
SET
SET
SET
SET
                                             QUERY PLAN                                             
----------------------------------------------------------------------------------------------------
 Index Scan using idx on public.t (actual rows=131072.00 loops=1)
   Output: a, b
   Index Cond: ((t.a >= 6721) AND (t.a <= 39488))
   Index Searches: 1
   Buffers: shared hit=38076
 Settings: enable_bitmapscan = 'off', enable_seqscan = 'off', max_parallel_workers_per_gather = '0'
 Planning:
   Buffers: shared hit=110
 Planning Time: 0.212 ms
 Execution Time: 13.089 ms
(10 rows)

