SET
SET
SET
SET
SET
                                                                   QUERY PLAN                                                                    
-------------------------------------------------------------------------------------------------------------------------------------------------
 Index Scan using idx on public.t (actual rows=5048576.00 loops=1)
   Output: a, b
   Index Cond: ((t.a >= 11075) AND (t.a <= 1273218))
   Index Searches: 1
   Prefetch: distance=267.443 count=1685757 stalls=1 skipped=3591058 resets=0 ungets=228699 forwarded=15074
             histogram [2,4) => 2, [4,8) => 3, [8,16) => 5, [16,32) => 14, [32,64) => 5, [64,128) => 2, [128,256) => 77329, [256,512) => 1608397
   Buffers: shared hit=1214554 read=250176
 Settings: enable_bitmapscan = 'off', enable_seqscan = 'off', max_parallel_workers_per_gather = '0'
 Planning:
   Buffers: shared hit=78 read=27
 Planning Time: 2.042 ms
 Execution Time: 1223.606 ms
(12 rows)

SET
SET
SET
SET
SET
                                             QUERY PLAN                                             
----------------------------------------------------------------------------------------------------
 Index Scan using idx on public.t (actual rows=5048576.00 loops=1)
   Output: a, b
   Index Cond: ((t.a >= 11075) AND (t.a <= 1273218))
   Index Searches: 1
   Buffers: shared hit=1464758
 Settings: enable_bitmapscan = 'off', enable_seqscan = 'off', max_parallel_workers_per_gather = '0'
 Planning:
   Buffers: shared hit=110
 Planning Time: 0.223 ms
 Execution Time: 512.241 ms
(10 rows)

