SET
SET
SET
SET
SET
                                                                   QUERY PLAN                                                                    
-------------------------------------------------------------------------------------------------------------------------------------------------
 Index Scan using idx on public.t (actual rows=7048576.00 loops=1)
   Output: a, b
   Index Cond: ((t.a >= 8348) AND (t.a <= 1770491))
   Index Searches: 1
   Prefetch: distance=267.437 count=2352841 stalls=1 skipped=5014259 resets=0 ungets=318536 forwarded=21200
             histogram [2,4) => 2, [4,8) => 3, [8,16) => 6, [16,32) => 9, [32,64) => 6, [64,128) => 3, [128,256) => 107866, [256,512) => 2244946
   Buffers: shared hit=1696514 read=348298
 Settings: enable_bitmapscan = 'off', enable_seqscan = 'off', max_parallel_workers_per_gather = '0'
 Planning:
   Buffers: shared hit=78 read=27
 Planning Time: 2.028 ms
 Execution Time: 1648.289 ms
(12 rows)

SET
SET
SET
SET
SET
                                             QUERY PLAN                                             
----------------------------------------------------------------------------------------------------
 Index Scan using idx on public.t (actual rows=7048576.00 loops=1)
   Output: a, b
   Index Cond: ((t.a >= 8348) AND (t.a <= 1770491))
   Index Searches: 1
   Buffers: shared hit=2044866
 Settings: enable_bitmapscan = 'off', enable_seqscan = 'off', max_parallel_workers_per_gather = '0'
 Planning:
   Buffers: shared hit=110
 Planning Time: 0.235 ms
 Execution Time: 699.588 ms
(10 rows)

