SET
SET
SET
SET
SET
                                                                   QUERY PLAN                                                                    
-------------------------------------------------------------------------------------------------------------------------------------------------
 Index Scan using idx on public.t (actual rows=6048576.00 loops=1)
   Output: a, b
   Index Cond: ((t.a >= 18570) AND (t.a <= 1530713))
   Index Searches: 1
   Prefetch: distance=267.441 count=2019163 stalls=1 skipped=4302458 resets=0 ungets=273585 forwarded=18221
             histogram [2,4) => 2, [4,8) => 3, [8,16) => 5, [16,32) => 14, [32,64) => 2, [64,128) => 2, [128,256) => 92422, [256,512) => 1926713
   Buffers: shared hit=1455448 read=299305
 Settings: enable_bitmapscan = 'off', enable_seqscan = 'off', max_parallel_workers_per_gather = '0'
 Planning:
   Buffers: shared hit=78 read=27
 Planning Time: 2.034 ms
 Execution Time: 1419.684 ms
(12 rows)

SET
SET
SET
SET
SET
                                             QUERY PLAN                                             
----------------------------------------------------------------------------------------------------
 Index Scan using idx on public.t (actual rows=6048576.00 loops=1)
   Output: a, b
   Index Cond: ((t.a >= 18570) AND (t.a <= 1530713))
   Index Searches: 1
   Buffers: shared hit=1754788
 Settings: enable_bitmapscan = 'off', enable_seqscan = 'off', max_parallel_workers_per_gather = '0'
 Planning:
   Buffers: shared hit=110
 Planning Time: 0.234 ms
 Execution Time: 611.458 ms
(10 rows)

