SET
SET
SET
SET
SET
                                                               QUERY PLAN                                                               
----------------------------------------------------------------------------------------------------------------------------------------
 Index Scan using idx on public.t (actual rows=2048.00 loops=1)
   Output: a, b
   Index Cond: ((t.a >= 30192) AND (t.a <= 30703))
   Index Searches: 1
   Prefetch: distance=264.403 count=974 stalls=1 skipped=1347 resets=0 ungets=417 forwarded=4
             histogram [2,4) => 3, [4,8) => 6, [8,16) => 7, [16,32) => 8, [32,64) => 2, [64,128) => 3, [128,256) => 2, [256,512) => 943
   Buffers: shared hit=53 read=552
 Settings: enable_bitmapscan = 'off', enable_seqscan = 'off', max_parallel_workers_per_gather = '0'
 Planning:
   Buffers: shared hit=78 read=23
 Planning Time: 1.490 ms
 Execution Time: 6.494 ms
(12 rows)

SET
SET
SET
SET
SET
                                             QUERY PLAN                                             
----------------------------------------------------------------------------------------------------
 Index Scan using idx on public.t (actual rows=2048.00 loops=1)
   Output: a, b
   Index Cond: ((t.a >= 30192) AND (t.a <= 30703))
   Index Searches: 1
   Buffers: shared hit=605
 Settings: enable_bitmapscan = 'off', enable_seqscan = 'off', max_parallel_workers_per_gather = '0'
 Planning:
   Buffers: shared hit=106
 Planning Time: 0.177 ms
 Execution Time: 0.582 ms
(10 rows)

