SET
SET
SET
SET
SET
                                                                QUERY PLAN                                                                
------------------------------------------------------------------------------------------------------------------------------------------
 Index Scan using idx on public.t (actual rows=16384.00 loops=1)
   Output: a, b
   Index Cond: ((t.a >= 22988) AND (t.a <= 27083))
   Index Searches: 1
   Prefetch: distance=270.331 count=7127 stalls=1 skipped=11476 resets=0 ungets=2455 forwarded=136
             histogram [2,4) => 2, [4,8) => 3, [8,16) => 14, [16,32) => 8, [32,64) => 2, [64,128) => 2, [128,256) => 3, [256,512) => 7093
   Buffers: shared hit=1987 read=2783
 Settings: enable_bitmapscan = 'off', enable_seqscan = 'off', max_parallel_workers_per_gather = '0'
 Planning:
   Buffers: shared hit=78 read=27
 Planning Time: 2.063 ms
 Execution Time: 21.129 ms
(12 rows)

SET
SET
SET
SET
SET
                                             QUERY PLAN                                             
----------------------------------------------------------------------------------------------------
 Index Scan using idx on public.t (actual rows=16384.00 loops=1)
   Output: a, b
   Index Cond: ((t.a >= 22988) AND (t.a <= 27083))
   Index Searches: 1
   Buffers: shared hit=4770
 Settings: enable_bitmapscan = 'off', enable_seqscan = 'off', max_parallel_workers_per_gather = '0'
 Planning:
   Buffers: shared hit=110
 Planning Time: 0.167 ms
 Execution Time: 1.793 ms
(10 rows)

