SET
SET
SET
SET
SET
                                                               QUERY PLAN                                                                
-----------------------------------------------------------------------------------------------------------------------------------------
 Index Scan using idx on public.t (actual rows=2048.00 loops=1)
   Output: a, b
   Index Cond: ((t.a >= 31771) AND (t.a <= 32282))
   Index Searches: 1
   Prefetch: distance=262.484 count=774 stalls=1 skipped=1101 resets=0 ungets=335 forwarded=4
             histogram [2,4) => 2, [4,8) => 5, [8,16) => 11, [16,32) => 7, [32,64) => 2, [64,128) => 2, [128,256) => 2, [256,512) => 743
   Buffers: shared hit=46 read=553
 Settings: enable_bitmapscan = 'off', enable_seqscan = 'off', max_parallel_workers_per_gather = '0'
 Planning:
   Buffers: shared hit=78 read=23
 Planning Time: 1.339 ms
 Execution Time: 14.170 ms
(12 rows)

SET
SET
SET
SET
SET
                                             QUERY PLAN                                             
----------------------------------------------------------------------------------------------------
 Index Scan using idx on public.t (actual rows=2048.00 loops=1)
   Output: a, b
   Index Cond: ((t.a >= 31771) AND (t.a <= 32282))
   Index Searches: 1
   Buffers: shared hit=599
 Settings: enable_bitmapscan = 'off', enable_seqscan = 'off', max_parallel_workers_per_gather = '0'
 Planning:
   Buffers: shared hit=106
 Planning Time: 0.154 ms
 Execution Time: 0.369 ms
(10 rows)

