SET
SET
SET
SET
SET
                                                                QUERY PLAN                                                                
------------------------------------------------------------------------------------------------------------------------------------------
 Index Scan using idx on public.t (actual rows=16384.00 loops=1)
   Output: a, b
   Index Cond: ((t.a >= 7808) AND (t.a <= 11903))
   Index Searches: 1
   Prefetch: distance=270.291 count=7047 stalls=1 skipped=11503 resets=0 ungets=2334 forwarded=155
             histogram [2,4) => 2, [4,8) => 3, [8,16) => 5, [16,32) => 10, [32,64) => 3, [64,128) => 3, [128,256) => 3, [256,512) => 7018
   Buffers: shared hit=2162 read=2630
 Settings: enable_bitmapscan = 'off', enable_seqscan = 'off', max_parallel_workers_per_gather = '0'
 Planning:
   Buffers: shared hit=82 read=27
 Planning Time: 2.161 ms
 Execution Time: 18.178 ms
(12 rows)

SET
SET
SET
SET
SET
                                             QUERY PLAN                                             
----------------------------------------------------------------------------------------------------
 Index Scan using idx on public.t (actual rows=16384.00 loops=1)
   Output: a, b
   Index Cond: ((t.a >= 7808) AND (t.a <= 11903))
   Index Searches: 1
   Buffers: shared hit=4792
 Settings: enable_bitmapscan = 'off', enable_seqscan = 'off', max_parallel_workers_per_gather = '0'
 Planning:
   Buffers: shared hit=114
 Planning Time: 0.174 ms
 Execution Time: 2.743 ms
(10 rows)

