SET
SET
SET
SET
SET
                                                                    QUERY PLAN                                                                     
---------------------------------------------------------------------------------------------------------------------------------------------------
 Index Scan using idx on public.t (actual rows=9048576.00 loops=1)
   Output: a, b
   Index Cond: ((t.a >= 2304) AND (t.a <= 2264447))
   Index Searches: 1
   Prefetch: distance=267.431 count=3019403 stalls=1 skipped=6436781 resets=0 ungets=407748 forwarded=27096
             histogram [2,4) => 2, [4,8) => 3, [8,16) => 10, [16,32) => 12, [32,64) => 2, [64,128) => 2, [128,256) => 138728, [256,512) => 2880644
   Buffers: shared hit=2179250 read=445928
 Settings: enable_bitmapscan = 'off', enable_seqscan = 'off', max_parallel_workers_per_gather = '0'
 Planning:
   Buffers: shared hit=78 read=27
 Planning Time: 2.142 ms
 Execution Time: 2095.121 ms
(12 rows)

SET
SET
SET
SET
SET
                                             QUERY PLAN                                             
----------------------------------------------------------------------------------------------------
 Index Scan using idx on public.t (actual rows=9048576.00 loops=1)
   Output: a, b
   Index Cond: ((t.a >= 2304) AND (t.a <= 2264447))
   Index Searches: 1
   Buffers: shared hit=2625246
 Settings: enable_bitmapscan = 'off', enable_seqscan = 'off', max_parallel_workers_per_gather = '0'
 Planning:
   Buffers: shared hit=110
 Planning Time: 0.275 ms
 Execution Time: 904.593 ms
(10 rows)

