SET
SET
SET
SET
SET
                                                                    QUERY PLAN                                                                    
--------------------------------------------------------------------------------------------------------------------------------------------------
 Index Scan using idx on public.t (actual rows=6048576.00 loops=1)
   Output: a, b
   Index Cond: ((t.a >= 6019) AND (t.a <= 1518162))
   Index Searches: 1
   Prefetch: distance=267.440 count=2018900 stalls=1 skipped=4302350 resets=0 ungets=273318 forwarded=18166
             histogram [2,4) => 2, [4,8) => 4, [8,16) => 11, [16,32) => 10, [32,64) => 2, [64,128) => 2, [128,256) => 92450, [256,512) => 1926419
   Buffers: shared hit=1455761 read=299026
 Settings: enable_bitmapscan = 'off', enable_seqscan = 'off', max_parallel_workers_per_gather = '0'
 Planning:
   Buffers: shared hit=78 read=27
 Planning Time: 2.037 ms
 Execution Time: 1415.313 ms
(12 rows)

SET
SET
SET
SET
SET
                                             QUERY PLAN                                             
----------------------------------------------------------------------------------------------------
 Index Scan using idx on public.t (actual rows=6048576.00 loops=1)
   Output: a, b
   Index Cond: ((t.a >= 6019) AND (t.a <= 1518162))
   Index Searches: 1
   Buffers: shared hit=1754824
 Settings: enable_bitmapscan = 'off', enable_seqscan = 'off', max_parallel_workers_per_gather = '0'
 Planning:
   Buffers: shared hit=110
 Planning Time: 0.235 ms
 Execution Time: 601.094 ms
(10 rows)

