SET
SET
SET
SET
SET
                                                                    QUERY PLAN                                                                    
--------------------------------------------------------------------------------------------------------------------------------------------------
 Index Scan using idx on public.t (actual rows=4048576.00 loops=1)
   Output: a, b
   Index Cond: ((t.a >= 359) AND (t.a <= 1012502))
   Index Searches: 1
   Prefetch: distance=267.436 count=1351189 stalls=1 skipped=2879601 resets=0 ungets=182786 forwarded=12055
             histogram [2,4) => 2, [4,8) => 6, [8,16) => 10, [16,32) => 12, [32,64) => 2, [64,128) => 2, [128,256) => 61838, [256,512) => 1289317
   Buffers: shared hit=974593 read=200021
 Settings: enable_bitmapscan = 'off', enable_seqscan = 'off', max_parallel_workers_per_gather = '0'
 Planning:
   Buffers: shared hit=78 read=27
 Planning Time: 2.060 ms
 Execution Time: 1020.988 ms
(12 rows)

SET
SET
SET
SET
SET
                                             QUERY PLAN                                             
----------------------------------------------------------------------------------------------------
 Index Scan using idx on public.t (actual rows=4048576.00 loops=1)
   Output: a, b
   Index Cond: ((t.a >= 359) AND (t.a <= 1012502))
   Index Searches: 1
   Buffers: shared hit=1174636
 Settings: enable_bitmapscan = 'off', enable_seqscan = 'off', max_parallel_workers_per_gather = '0'
 Planning:
   Buffers: shared hit=110
 Planning Time: 0.229 ms
 Execution Time: 463.117 ms
(10 rows)

