SET
SET
SET
SET
SET
                                                                  QUERY PLAN                                                                   
-----------------------------------------------------------------------------------------------------------------------------------------------
 Index Scan using idx on public.t (actual rows=3048576.00 loops=1)
   Output: a, b
   Index Cond: ((t.a >= 31997) AND (t.a <= 794140))
   Index Searches: 1
   Prefetch: distance=267.460 count=1018883 stalls=1 skipped=2168472 resets=0 ungets=139051 forwarded=9168
             histogram [2,4) => 2, [4,8) => 3, [8,16) => 5, [16,32) => 9, [32,64) => 2, [64,128) => 4, [128,256) => 46217, [256,512) => 972641
   Buffers: shared hit=732435 read=152014
 Settings: enable_bitmapscan = 'off', enable_seqscan = 'off', max_parallel_workers_per_gather = '0'
 Planning:
   Buffers: shared hit=78 read=23
 Planning Time: 1.849 ms
 Execution Time: 727.050 ms
(12 rows)

SET
SET
SET
SET
SET
                                             QUERY PLAN                                             
----------------------------------------------------------------------------------------------------
 Index Scan using idx on public.t (actual rows=3048576.00 loops=1)
   Output: a, b
   Index Cond: ((t.a >= 31997) AND (t.a <= 794140))
   Index Searches: 1
   Buffers: shared hit=884480
 Settings: enable_bitmapscan = 'off', enable_seqscan = 'off', max_parallel_workers_per_gather = '0'
 Planning:
   Buffers: shared hit=106
 Planning Time: 0.218 ms
 Execution Time: 294.785 ms
(10 rows)

