SET
SET
SET
SET
SET
                                                                   QUERY PLAN                                                                   
------------------------------------------------------------------------------------------------------------------------------------------------
 Index Scan using idx on public.t (actual rows=5048576.00 loops=1)
   Output: a, b
   Index Cond: ((t.a >= 14463) AND (t.a <= 1276606))
   Index Searches: 1
   Prefetch: distance=267.443 count=1685866 stalls=1 skipped=3591193 resets=0 ungets=228751 forwarded=15117
             histogram [2,4) => 2, [4,8) => 3, [8,16) => 6, [16,32) => 9, [32,64) => 6, [64,128) => 2, [128,256) => 77381, [256,512) => 1608457
   Buffers: shared hit=1214519 read=250203
 Settings: enable_bitmapscan = 'off', enable_seqscan = 'off', max_parallel_workers_per_gather = '0'
 Planning:
   Buffers: shared hit=78 read=27
 Planning Time: 2.129 ms
 Execution Time: 1201.779 ms
(12 rows)

SET
SET
SET
SET
SET
                                             QUERY PLAN                                             
----------------------------------------------------------------------------------------------------
 Index Scan using idx on public.t (actual rows=5048576.00 loops=1)
   Output: a, b
   Index Cond: ((t.a >= 14463) AND (t.a <= 1276606))
   Index Searches: 1
   Buffers: shared hit=1464753
 Settings: enable_bitmapscan = 'off', enable_seqscan = 'off', max_parallel_workers_per_gather = '0'
 Planning:
   Buffers: shared hit=110
 Planning Time: 0.228 ms
 Execution Time: 497.253 ms
(10 rows)

