SET
SET
SET
SET
SET
                                                                 QUERY PLAN                                                                  
---------------------------------------------------------------------------------------------------------------------------------------------
 Index Scan Backward using idx on public.t (actual rows=65536.00 loops=1)
   Output: a, b
   Index Cond: ((t.a >= 10983) AND (t.a <= 27366))
   Index Searches: 1
   Prefetch: distance=268.694 count=23947 stalls=1 skipped=46201 resets=0 ungets=5192 forwarded=1
             histogram [2,4) => 2, [4,8) => 4, [8,16) => 11, [16,32) => 6, [32,64) => 2, [64,128) => 2, [128,256) => 598, [256,512) => 23322
   Buffers: shared hit=13606 read=5423
 Settings: enable_bitmapscan = 'off', enable_seqscan = 'off', max_parallel_workers_per_gather = '0'
 Planning:
   Buffers: shared hit=82 read=27
 Planning Time: 2.031 ms
 Execution Time: 54.112 ms
(12 rows)

SET
SET
SET
SET
SET
                                             QUERY PLAN                                             
----------------------------------------------------------------------------------------------------
 Index Scan Backward using idx on public.t (actual rows=65536.00 loops=1)
   Output: a, b
   Index Cond: ((t.a >= 10983) AND (t.a <= 27366))
   Index Searches: 1
   Buffers: shared hit=19029
 Settings: enable_bitmapscan = 'off', enable_seqscan = 'off', max_parallel_workers_per_gather = '0'
 Planning:
   Buffers: shared hit=114
 Planning Time: 0.186 ms
 Execution Time: 5.560 ms
(10 rows)

