SET
SET
SET
SET
SET
                                                                   QUERY PLAN                                                                   
------------------------------------------------------------------------------------------------------------------------------------------------
 Index Scan Backward using idx on public.t (actual rows=1048576.00 loops=1)
   Output: a, b
   Index Cond: ((t.a >= 8951) AND (t.a <= 271094))
   Index Searches: 1
   Prefetch: distance=267.552 count=355413 stalls=1 skipped=745703 resets=0 ungets=52752 forwarded=8
             histogram [2,4) => 2, [4,8) => 4, [8,16) => 5, [16,32) => 13, [32,64) => 2, [64,128) => 2, [128,256) => 15851, [256,512) => 339534
   Buffers: shared hit=250671 read=53622
 Settings: enable_bitmapscan = 'off', enable_seqscan = 'off', max_parallel_workers_per_gather = '0'
 Planning:
   Buffers: shared hit=82 read=27
 Planning Time: 2.018 ms
 Execution Time: 463.321 ms
(12 rows)

SET
SET
SET
SET
SET
                                             QUERY PLAN                                             
----------------------------------------------------------------------------------------------------
 Index Scan Backward using idx on public.t (actual rows=1048576.00 loops=1)
   Output: a, b
   Index Cond: ((t.a >= 8951) AND (t.a <= 271094))
   Index Searches: 1
   Buffers: shared hit=304293
 Settings: enable_bitmapscan = 'off', enable_seqscan = 'off', max_parallel_workers_per_gather = '0'
 Planning:
   Buffers: shared hit=114
 Planning Time: 0.218 ms
 Execution Time: 113.157 ms
(10 rows)

