SET
SET
SET
SET
SET
                                                                 QUERY PLAN                                                                  
---------------------------------------------------------------------------------------------------------------------------------------------
 Index Scan Backward using idx on public.t (actual rows=131072.00 loops=1)
   Output: a, b
   Index Cond: ((t.a >= 25627) AND (t.a <= 58394))
   Index Searches: 1
   Prefetch: distance=268.051 count=46127 stalls=1 skipped=92938 resets=0 ungets=8437 forwarded=1
             histogram [2,4) => 2, [4,8) => 6, [8,16) => 7, [16,32) => 9, [32,64) => 2, [64,128) => 2, [128,256) => 1764, [256,512) => 44335
   Buffers: shared hit=29339 read=8675
 Settings: enable_bitmapscan = 'off', enable_seqscan = 'off', max_parallel_workers_per_gather = '0'
 Planning:
   Buffers: shared hit=82 read=23
 Planning Time: 1.936 ms
 Execution Time: 78.157 ms
(12 rows)

SET
SET
SET
SET
SET
                                             QUERY PLAN                                             
----------------------------------------------------------------------------------------------------
 Index Scan Backward using idx on public.t (actual rows=131072.00 loops=1)
   Output: a, b
   Index Cond: ((t.a >= 25627) AND (t.a <= 58394))
   Index Searches: 1
   Buffers: shared hit=38014
 Settings: enable_bitmapscan = 'off', enable_seqscan = 'off', max_parallel_workers_per_gather = '0'
 Planning:
   Buffers: shared hit=110
 Planning Time: 0.180 ms
 Execution Time: 11.958 ms
(10 rows)

