SET
SET
SET
SET
SET
                                                                   QUERY PLAN                                                                    
-------------------------------------------------------------------------------------------------------------------------------------------------
 Index Scan Backward using idx on public.t (actual rows=5048576.00 loops=1)
   Output: a, b
   Index Cond: ((t.a >= 29350) AND (t.a <= 1291493))
   Index Searches: 1
   Prefetch: distance=267.466 count=1703412 stalls=2 skipped=3591139 resets=0 ungets=246304 forwarded=36
             histogram [2,4) => 2, [4,8) => 4, [8,16) => 10, [16,32) => 8, [32,64) => 2, [64,128) => 2, [128,256) => 79270, [256,512) => 1624114
   Buffers: shared hit=1214565 read=250200
 Settings: enable_bitmapscan = 'off', enable_seqscan = 'off', max_parallel_workers_per_gather = '0'
 Planning:
   Buffers: shared hit=82 read=23
 Planning Time: 1.862 ms
 Execution Time: 2152.696 ms
(12 rows)

SET
SET
SET
SET
SET
                                             QUERY PLAN                                             
----------------------------------------------------------------------------------------------------
 Index Scan Backward using idx on public.t (actual rows=5048576.00 loops=1)
   Output: a, b
   Index Cond: ((t.a >= 29350) AND (t.a <= 1291493))
   Index Searches: 1
   Buffers: shared hit=1464765
 Settings: enable_bitmapscan = 'off', enable_seqscan = 'off', max_parallel_workers_per_gather = '0'
 Planning:
   Buffers: shared hit=110
 Planning Time: 0.324 ms
 Execution Time: 514.214 ms
(10 rows)

