SET
SET
SET
SET
SET
                                                                  QUERY PLAN                                                                   
-----------------------------------------------------------------------------------------------------------------------------------------------
 Index Scan Backward using idx on public.t (actual rows=2048576.00 loops=1)
   Output: a, b
   Index Cond: ((t.a >= 541) AND (t.a <= 512684))
   Index Searches: 1
   Prefetch: distance=267.424 count=691134 stalls=1 skipped=1456792 resets=0 ungets=99994 forwarded=15
             histogram [2,4) => 2, [4,8) => 3, [8,16) => 5, [16,32) => 9, [32,64) => 2, [64,128) => 2, [128,256) => 33071, [256,512) => 658040
   Buffers: shared hit=492552 read=101846
 Settings: enable_bitmapscan = 'off', enable_seqscan = 'off', max_parallel_workers_per_gather = '0'
 Planning:
   Buffers: shared hit=82 read=27
 Planning Time: 2.027 ms
 Execution Time: 892.712 ms
(12 rows)

SET
SET
SET
SET
SET
                                             QUERY PLAN                                             
----------------------------------------------------------------------------------------------------
 Index Scan Backward using idx on public.t (actual rows=2048576.00 loops=1)
   Output: a, b
   Index Cond: ((t.a >= 541) AND (t.a <= 512684))
   Index Searches: 1
   Buffers: shared hit=594398
 Settings: enable_bitmapscan = 'off', enable_seqscan = 'off', max_parallel_workers_per_gather = '0'
 Planning:
   Buffers: shared hit=114
 Planning Time: 0.226 ms
 Execution Time: 212.315 ms
(10 rows)

