SET
SET
SET
SET
SET
                                                                    QUERY PLAN                                                                    
--------------------------------------------------------------------------------------------------------------------------------------------------
 Index Scan Backward using idx on public.t (actual rows=8048576.00 loops=1)
   Output: a, b
   Index Cond: ((t.a >= 15012) AND (t.a <= 2027155))
   Index Searches: 1
   Prefetch: distance=267.467 count=2714157 stalls=1 skipped=5725333 resets=0 ungets=391350 forwarded=59
             histogram [2,4) => 4, [4,8) => 3, [8,16) => 7, [16,32) => 11, [32,64) => 2, [64,128) => 2, [128,256) => 126115, [256,512) => 2588013
   Buffers: shared hit=1937439 read=397551
 Settings: enable_bitmapscan = 'off', enable_seqscan = 'off', max_parallel_workers_per_gather = '0'
 Planning:
   Buffers: shared hit=82 read=27
 Planning Time: 2.053 ms
 Execution Time: 3431.148 ms
(12 rows)

SET
SET
SET
SET
SET
                                             QUERY PLAN                                             
----------------------------------------------------------------------------------------------------
 Index Scan Backward using idx on public.t (actual rows=8048576.00 loops=1)
   Output: a, b
   Index Cond: ((t.a >= 15012) AND (t.a <= 2027155))
   Index Searches: 1
   Buffers: shared hit=2334990
 Settings: enable_bitmapscan = 'off', enable_seqscan = 'off', max_parallel_workers_per_gather = '0'
 Planning:
   Buffers: shared hit=114
 Planning Time: 0.246 ms
 Execution Time: 830.396 ms
(10 rows)

