SET
SET
SET
SET
SET
                                             QUERY PLAN                                             
----------------------------------------------------------------------------------------------------
 Index Scan Backward using idx on public.t (actual rows=8192.00 loops=1)
   Output: a, b
   Index Cond: ((t.a >= '-3940'::integer) AND (t.a <= '-1893'::integer))
   Index Searches: 1
   Prefetch: distance=2.117 count=770 stalls=6825 skipped=110 resets=0 ungets=0 forwarded=0
             histogram [2,4) => 740, [4,8) => 30
   Buffers: shared hit=7600 read=492
 Settings: enable_bitmapscan = 'off', enable_seqscan = 'off', max_parallel_workers_per_gather = '0'
 Planning:
   Buffers: shared hit=85 read=28
 Planning Time: 2.084 ms
 Execution Time: 8.936 ms
(12 rows)

SET
SET
SET
SET
SET
                                             QUERY PLAN                                             
----------------------------------------------------------------------------------------------------
 Index Scan Backward using idx on public.t (actual rows=8192.00 loops=1)
   Output: a, b
   Index Cond: ((t.a >= '-3940'::integer) AND (t.a <= '-1893'::integer))
   Index Searches: 1
   Buffers: shared hit=8092
 Settings: enable_bitmapscan = 'off', enable_seqscan = 'off', max_parallel_workers_per_gather = '0'
 Planning:
   Buffers: shared hit=118
 Planning Time: 0.205 ms
 Execution Time: 1.467 ms
(10 rows)

