SET
SET
SET
SET
SET
                                                                   QUERY PLAN                                                                    
-------------------------------------------------------------------------------------------------------------------------------------------------
 Index Scan Backward using idx on public.t (actual rows=9048576.00 loops=1)
   Output: a, b
   Index Cond: ((t.a >= 293) AND (t.a <= 2262436))
   Index Searches: 1
   Prefetch: distance=267.391 count=3044676 stalls=1 skipped=6436517 resets=0 ungets=432825 forwarded=65
             histogram [2,4) => 2, [4,8) => 3, [8,16) => 8, [16,32) => 9, [32,64) => 2, [64,128) => 2, [128,256) => 146734, [256,512) => 2897916
   Buffers: shared hit=2179839 read=445615
 Settings: enable_bitmapscan = 'off', enable_seqscan = 'off', max_parallel_workers_per_gather = '0'
 Planning:
   Buffers: shared hit=78 read=26
 Planning Time: 2.090 ms
 Execution Time: 2797.805 ms
(12 rows)

SET
SET
SET
SET
SET
                                             QUERY PLAN                                             
----------------------------------------------------------------------------------------------------
 Index Scan Backward using idx on public.t (actual rows=9048576.00 loops=1)
   Output: a, b
   Index Cond: ((t.a >= 293) AND (t.a <= 2262436))
   Index Searches: 1
   Buffers: shared hit=2625460
 Settings: enable_bitmapscan = 'off', enable_seqscan = 'off', max_parallel_workers_per_gather = '0'
 Planning:
   Buffers: shared hit=109
 Planning Time: 0.236 ms
 Execution Time: 883.705 ms
(10 rows)

