SET
SET
SET
SET
SET
                                                                   QUERY PLAN                                                                    
-------------------------------------------------------------------------------------------------------------------------------------------------
 Index Scan Backward using idx on public.t (actual rows=6048576.00 loops=1)
   Output: a, b
   Index Cond: ((t.a >= 23999) AND (t.a <= 1536142))
   Index Searches: 1
   Prefetch: distance=267.402 count=2036889 stalls=1 skipped=4302192 resets=0 ungets=290745 forwarded=40
             histogram [2,4) => 2, [4,8) => 4, [8,16) => 11, [16,32) => 5, [32,64) => 2, [64,128) => 2, [128,256) => 97739, [256,512) => 1939124
   Buffers: shared hit=1455933 read=299333
 Settings: enable_bitmapscan = 'off', enable_seqscan = 'off', max_parallel_workers_per_gather = '0'
 Planning:
   Buffers: shared hit=78 read=26
 Planning Time: 2.123 ms
 Execution Time: 1915.040 ms
(12 rows)

SET
SET
SET
SET
SET
                                             QUERY PLAN                                             
----------------------------------------------------------------------------------------------------
 Index Scan Backward using idx on public.t (actual rows=6048576.00 loops=1)
   Output: a, b
   Index Cond: ((t.a >= 23999) AND (t.a <= 1536142))
   Index Searches: 1
   Buffers: shared hit=1755270
 Settings: enable_bitmapscan = 'off', enable_seqscan = 'off', max_parallel_workers_per_gather = '0'
 Planning:
   Buffers: shared hit=109
 Planning Time: 0.243 ms
 Execution Time: 593.632 ms
(10 rows)

