SET
SET
SET
SET
SET
                                                                    QUERY PLAN                                                                     
---------------------------------------------------------------------------------------------------------------------------------------------------
 Index Scan Backward using idx on public.t (actual rows=8048576.00 loops=1)
   Output: a, b
   Index Cond: ((t.a >= '-2040543'::integer) AND (t.a <= '-28400'::integer))
   Index Searches: 1
   Prefetch: distance=262.812 count=8639235 stalls=1 skipped=118565 resets=0 ungets=709228 forwarded=10
             histogram [2,4) => 2, [4,8) => 3, [8,16) => 11, [16,32) => 8, [32,64) => 2, [64,128) => 3, [128,256) => 1587951, [256,512) => 7051255
   Buffers: shared hit=7546663 read=395403
 Settings: enable_bitmapscan = 'off', enable_seqscan = 'off', max_parallel_workers_per_gather = '0'
 Planning:
   Buffers: shared hit=81 read=28
 Planning Time: 2.097 ms
 Execution Time: 3583.770 ms
(12 rows)

SET
SET
SET
SET
SET
                                             QUERY PLAN                                             
----------------------------------------------------------------------------------------------------
 Index Scan Backward using idx on public.t (actual rows=8048576.00 loops=1)
   Output: a, b
   Index Cond: ((t.a >= '-2040543'::integer) AND (t.a <= '-28400'::integer))
   Index Searches: 1
   Buffers: shared hit=7942066
 Settings: enable_bitmapscan = 'off', enable_seqscan = 'off', max_parallel_workers_per_gather = '0'
 Planning:
   Buffers: shared hit=114
 Planning Time: 0.244 ms
 Execution Time: 1270.116 ms
(10 rows)

