SET
SET
SET
SET
SET
                                                               QUERY PLAN                                                               
----------------------------------------------------------------------------------------------------------------------------------------
 Index Scan Backward using idx on public.t (actual rows=512.00 loops=1)
   Output: a, b
   Index Cond: ((t.a >= 32328) AND (t.a <= 32455))
   Index Searches: 1
   Prefetch: distance=185.383 count=81 stalls=1 skipped=135 resets=0 ungets=28 forwarded=0
             histogram [2,4) => 2, [4,8) => 3, [8,16) => 5, [16,32) => 14, [32,64) => 2, [64,128) => 2, [128,256) => 2, [256,512) => 51
   Buffers: shared hit=8 read=146
 Settings: enable_bitmapscan = 'off', enable_seqscan = 'off', max_parallel_workers_per_gather = '0'
 Planning:
   Buffers: shared hit=78 read=22
 Planning Time: 1.004 ms
 Execution Time: 7.685 ms
(12 rows)

SET
SET
SET
SET
SET
                                             QUERY PLAN                                             
----------------------------------------------------------------------------------------------------
 Index Scan Backward using idx on public.t (actual rows=512.00 loops=1)
   Output: a, b
   Index Cond: ((t.a >= 32328) AND (t.a <= 32455))
   Index Searches: 1
   Buffers: shared hit=154
 Settings: enable_bitmapscan = 'off', enable_seqscan = 'off', max_parallel_workers_per_gather = '0'
 Planning:
   Buffers: shared hit=105
 Planning Time: 0.140 ms
 Execution Time: 0.180 ms
(10 rows)

