SET
SET
SET
SET
SET
                                                                QUERY PLAN                                                                
------------------------------------------------------------------------------------------------------------------------------------------
 Index Scan Backward using idx on public.t (actual rows=8192.00 loops=1)
   Output: a, b
   Index Cond: ((t.a >= 10707) AND (t.a <= 12754))
   Index Searches: 1
   Prefetch: distance=270.018 count=3740 stalls=1 skipped=5378 resets=0 ungets=1562 forwarded=0
             histogram [2,4) => 2, [4,8) => 3, [8,16) => 10, [16,32) => 7, [32,64) => 2, [64,128) => 2, [128,256) => 2, [256,512) => 3712
   Buffers: shared hit=611 read=1766
 Settings: enable_bitmapscan = 'off', enable_seqscan = 'off', max_parallel_workers_per_gather = '0'
 Planning:
   Buffers: shared hit=82 read=26
 Planning Time: 2.080 ms
 Execution Time: 25.651 ms
(12 rows)

SET
SET
SET
SET
SET
                                             QUERY PLAN                                             
----------------------------------------------------------------------------------------------------
 Index Scan Backward using idx on public.t (actual rows=8192.00 loops=1)
   Output: a, b
   Index Cond: ((t.a >= 10707) AND (t.a <= 12754))
   Index Searches: 1
   Buffers: shared hit=2377
 Settings: enable_bitmapscan = 'off', enable_seqscan = 'off', max_parallel_workers_per_gather = '0'
 Planning:
   Buffers: shared hit=113
 Planning Time: 0.196 ms
 Execution Time: 1.478 ms
(10 rows)

