SET
SET
SET
SET
SET
                                                                  QUERY PLAN                                                                   
-----------------------------------------------------------------------------------------------------------------------------------------------
 Index Scan Backward using idx on public.t (actual rows=2048576.00 loops=1)
   Output: a, b
   Index Cond: ((t.a >= 7527) AND (t.a <= 519670))
   Index Searches: 1
   Prefetch: distance=267.437 count=690780 stalls=1 skipped=1456752 resets=0 ungets=99620 forwarded=13
             histogram [2,4) => 2, [4,8) => 6, [8,16) => 5, [16,32) => 9, [32,64) => 4, [64,128) => 2, [128,256) => 32612, [256,512) => 658140
   Buffers: shared hit=491738 read=102685
 Settings: enable_bitmapscan = 'off', enable_seqscan = 'off', max_parallel_workers_per_gather = '0'
 Planning:
   Buffers: shared hit=78 read=26
 Planning Time: 2.196 ms
 Execution Time: 656.830 ms
(12 rows)

SET
SET
SET
SET
SET
                                             QUERY PLAN                                             
----------------------------------------------------------------------------------------------------
 Index Scan Backward using idx on public.t (actual rows=2048576.00 loops=1)
   Output: a, b
   Index Cond: ((t.a >= 7527) AND (t.a <= 519670))
   Index Searches: 1
   Buffers: shared hit=594423
 Settings: enable_bitmapscan = 'off', enable_seqscan = 'off', max_parallel_workers_per_gather = '0'
 Planning:
   Buffers: shared hit=109
 Planning Time: 0.217 ms
 Execution Time: 202.144 ms
(10 rows)

