SET
SET
SET
SET
SET
                                                                 QUERY PLAN                                                                  
---------------------------------------------------------------------------------------------------------------------------------------------
 Index Scan Backward using idx on public.t (actual rows=262144.00 loops=1)
   Output: a, b
   Index Cond: ((t.a >= 27753) AND (t.a <= 93288))
   Index Searches: 1
   Prefetch: distance=267.731 count=90099 stalls=2 skipped=186042 resets=0 ungets=14586 forwarded=1
             histogram [2,4) => 2, [4,8) => 6, [8,16) => 8, [16,32) => 6, [32,64) => 2, [64,128) => 2, [128,256) => 3765, [256,512) => 86308
   Buffers: shared hit=60946 read=15136
 Settings: enable_bitmapscan = 'off', enable_seqscan = 'off', max_parallel_workers_per_gather = '0'
 Planning:
   Buffers: shared hit=78 read=22
 Planning Time: 1.860 ms
 Execution Time: 113.455 ms
(12 rows)

SET
SET
SET
SET
SET
                                             QUERY PLAN                                             
----------------------------------------------------------------------------------------------------
 Index Scan Backward using idx on public.t (actual rows=262144.00 loops=1)
   Output: a, b
   Index Cond: ((t.a >= 27753) AND (t.a <= 93288))
   Index Searches: 1
   Buffers: shared hit=76082
 Settings: enable_bitmapscan = 'off', enable_seqscan = 'off', max_parallel_workers_per_gather = '0'
 Planning:
   Buffers: shared hit=105
 Planning Time: 0.176 ms
 Execution Time: 25.815 ms
(10 rows)

