SET
SET
SET
SET
SET
                                                                   QUERY PLAN                                                                    
-------------------------------------------------------------------------------------------------------------------------------------------------
 Index Scan Backward using idx on public.t (actual rows=9048576.00 loops=1)
   Output: a, b
   Index Cond: ((t.a >= 2227) AND (t.a <= 2264370))
   Index Searches: 1
   Prefetch: distance=267.392 count=3044830 stalls=1 skipped=6436321 resets=0 ungets=433063 forwarded=65
             histogram [2,4) => 2, [4,8) => 7, [8,16) => 7, [16,32) => 7, [32,64) => 3, [64,128) => 2, [128,256) => 146748, [256,512) => 2898054
   Buffers: shared hit=2179513 read=445939
 Settings: enable_bitmapscan = 'off', enable_seqscan = 'off', max_parallel_workers_per_gather = '0'
 Planning:
   Buffers: shared hit=78 read=26
 Planning Time: 2.167 ms
 Execution Time: 2842.979 ms
(12 rows)

SET
SET
SET
SET
SET
                                             QUERY PLAN                                             
----------------------------------------------------------------------------------------------------
 Index Scan Backward using idx on public.t (actual rows=9048576.00 loops=1)
   Output: a, b
   Index Cond: ((t.a >= 2227) AND (t.a <= 2264370))
   Index Searches: 1
   Buffers: shared hit=2625457
 Settings: enable_bitmapscan = 'off', enable_seqscan = 'off', max_parallel_workers_per_gather = '0'
 Planning:
   Buffers: shared hit=109
 Planning Time: 0.232 ms
 Execution Time: 879.635 ms
(10 rows)

