SET
SET
SET
SET
SET
                                                                  QUERY PLAN                                                                   
-----------------------------------------------------------------------------------------------------------------------------------------------
 Index Scan using idx on public.t (actual rows=3048576.00 loops=1)
   Output: a, b
   Index Cond: ((t.a >= 24944) AND (t.a <= 787087))
   Index Searches: 1
   Prefetch: distance=267.427 count=1018706 stalls=1 skipped=2168422 resets=0 ungets=138576 forwarded=9018
             histogram [2,4) => 2, [4,8) => 3, [8,16) => 5, [16,32) => 9, [32,64) => 4, [64,128) => 2, [128,256) => 47314, [256,512) => 971367
   Buffers: shared hit=732707 read=151983
 Settings: enable_bitmapscan = 'off', enable_seqscan = 'off', max_parallel_workers_per_gather = '0'
 Planning:
   Buffers: shared hit=82 read=26
 Planning Time: 2.180 ms
 Execution Time: 857.247 ms
(12 rows)

SET
SET
SET
SET
SET
                                             QUERY PLAN                                             
----------------------------------------------------------------------------------------------------
 Index Scan using idx on public.t (actual rows=3048576.00 loops=1)
   Output: a, b
   Index Cond: ((t.a >= 24944) AND (t.a <= 787087))
   Index Searches: 1
   Buffers: shared hit=884708
 Settings: enable_bitmapscan = 'off', enable_seqscan = 'off', max_parallel_workers_per_gather = '0'
 Planning:
   Buffers: shared hit=113
 Planning Time: 0.232 ms
 Execution Time: 304.293 ms
(10 rows)

