SET
SET
SET
SET
SET
                                                                    QUERY PLAN                                                                    
--------------------------------------------------------------------------------------------------------------------------------------------------
 Index Scan using idx on public.t (actual rows=7048576.00 loops=1)
   Output: a, b
   Index Cond: ((t.a >= 17238) AND (t.a <= 1779381))
   Index Searches: 1
   Prefetch: distance=267.411 count=2352171 stalls=1 skipped=5013428 resets=0 ungets=317635 forwarded=20828
             histogram [2,4) => 2, [4,8) => 5, [8,16) => 10, [16,32) => 9, [32,64) => 3, [64,128) => 2, [128,256) => 110016, [256,512) => 2242124
   Buffers: shared hit=1696801 read=348435
 Settings: enable_bitmapscan = 'off', enable_seqscan = 'off', max_parallel_workers_per_gather = '0'
 Planning:
   Buffers: shared hit=82 read=26
 Planning Time: 2.270 ms
 Execution Time: 1980.110 ms
(12 rows)

SET
SET
SET
SET
SET
                                             QUERY PLAN                                             
----------------------------------------------------------------------------------------------------
 Index Scan using idx on public.t (actual rows=7048576.00 loops=1)
   Output: a, b
   Index Cond: ((t.a >= 17238) AND (t.a <= 1779381))
   Index Searches: 1
   Buffers: shared hit=2045271
 Settings: enable_bitmapscan = 'off', enable_seqscan = 'off', max_parallel_workers_per_gather = '0'
 Planning:
   Buffers: shared hit=113
 Planning Time: 0.241 ms
 Execution Time: 701.842 ms
(10 rows)

