SET
SET
SET
SET
SET
                                                               QUERY PLAN                                                               
----------------------------------------------------------------------------------------------------------------------------------------
 Index Scan using idx on public.t (actual rows=2048.00 loops=1)
   Output: a, b
   Index Cond: ((t.a >= 26256) AND (t.a <= 26767))
   Index Searches: 1
   Prefetch: distance=264.025 count=992 stalls=1 skipped=1335 resets=0 ungets=427 forwarded=9
             histogram [2,4) => 2, [4,8) => 3, [8,16) => 5, [16,32) => 9, [32,64) => 9, [64,128) => 2, [128,256) => 2, [256,512) => 960
   Buffers: shared hit=51 read=565
 Settings: enable_bitmapscan = 'off', enable_seqscan = 'off', max_parallel_workers_per_gather = '0'
 Planning:
   Buffers: shared hit=82 read=22
 Planning Time: 1.212 ms
 Execution Time: 6.664 ms
(12 rows)

SET
SET
SET
SET
SET
                                             QUERY PLAN                                             
----------------------------------------------------------------------------------------------------
 Index Scan using idx on public.t (actual rows=2048.00 loops=1)
   Output: a, b
   Index Cond: ((t.a >= 26256) AND (t.a <= 26767))
   Index Searches: 1
   Buffers: shared hit=616
 Settings: enable_bitmapscan = 'off', enable_seqscan = 'off', max_parallel_workers_per_gather = '0'
 Planning:
   Buffers: shared hit=109
 Planning Time: 0.184 ms
 Execution Time: 0.572 ms
(10 rows)

