SET
SET
SET
SET
SET
                                                                  QUERY PLAN                                                                   
-----------------------------------------------------------------------------------------------------------------------------------------------
 Index Scan using idx on public.t (actual rows=3048576.00 loops=1)
   Output: a, b
   Index Cond: ((t.a >= 906) AND (t.a <= 763049))
   Index Searches: 1
   Prefetch: distance=267.362 count=1017710 stalls=1 skipped=2168478 resets=0 ungets=137676 forwarded=8992
             histogram [2,4) => 2, [4,8) => 3, [8,16) => 5, [16,32) => 9, [32,64) => 4, [64,128) => 2, [128,256) => 49063, [256,512) => 968622
   Buffers: shared hit=733574 read=151032
 Settings: enable_bitmapscan = 'off', enable_seqscan = 'off', max_parallel_workers_per_gather = '0'
 Planning:
   Buffers: shared hit=82 read=26
 Planning Time: 2.180 ms
 Execution Time: 860.599 ms
(12 rows)

SET
SET
SET
SET
SET
                                             QUERY PLAN                                             
----------------------------------------------------------------------------------------------------
 Index Scan using idx on public.t (actual rows=3048576.00 loops=1)
   Output: a, b
   Index Cond: ((t.a >= 906) AND (t.a <= 763049))
   Index Searches: 1
   Buffers: shared hit=884622
 Settings: enable_bitmapscan = 'off', enable_seqscan = 'off', max_parallel_workers_per_gather = '0'
 Planning:
   Buffers: shared hit=113
 Planning Time: 0.230 ms
 Execution Time: 302.541 ms
(10 rows)

