SET
SET
SET
SET
SET
                                                                   QUERY PLAN                                                                    
-------------------------------------------------------------------------------------------------------------------------------------------------
 Index Scan using idx on public.t (actual rows=6048576.00 loops=1)
   Output: a, b
   Index Cond: ((t.a >= 13481) AND (t.a <= 1525624))
   Index Searches: 1
   Prefetch: distance=267.416 count=2018985 stalls=1 skipped=4302253 resets=0 ungets=272938 forwarded=17887
             histogram [2,4) => 4, [4,8) => 7, [8,16) => 7, [16,32) => 11, [32,64) => 4, [64,128) => 2, [128,256) => 94096, [256,512) => 1924854
   Buffers: shared hit=1455854 read=299300
 Settings: enable_bitmapscan = 'off', enable_seqscan = 'off', max_parallel_workers_per_gather = '0'
 Planning:
   Buffers: shared hit=82 read=26
 Planning Time: 2.158 ms
 Execution Time: 1681.125 ms
(12 rows)

SET
SET
SET
SET
SET
                                             QUERY PLAN                                             
----------------------------------------------------------------------------------------------------
 Index Scan using idx on public.t (actual rows=6048576.00 loops=1)
   Output: a, b
   Index Cond: ((t.a >= 13481) AND (t.a <= 1525624))
   Index Searches: 1
   Buffers: shared hit=1755188
 Settings: enable_bitmapscan = 'off', enable_seqscan = 'off', max_parallel_workers_per_gather = '0'
 Planning:
   Buffers: shared hit=113
 Planning Time: 0.224 ms
 Execution Time: 612.591 ms
(10 rows)

