SET
SET
SET
SET
SET
                                                                   QUERY PLAN                                                                    
-------------------------------------------------------------------------------------------------------------------------------------------------
 Index Scan using idx on public.t (actual rows=9048576.00 loops=1)
   Output: a, b
   Index Cond: ((t.a >= 27673) AND (t.a <= 2289816))
   Index Searches: 1
   Prefetch: distance=267.410 count=3019081 stalls=1 skipped=6436501 resets=0 ungets=407282 forwarded=26672
             histogram [2,4) => 2, [4,8) => 3, [8,16) => 6, [16,32) => 9, [32,64) => 5, [64,128) => 2, [128,256) => 141310, [256,512) => 2877744
   Buffers: shared hit=2178736 read=446651
 Settings: enable_bitmapscan = 'off', enable_seqscan = 'off', max_parallel_workers_per_gather = '0'
 Planning:
   Buffers: shared hit=82 read=22
 Planning Time: 1.872 ms
 Execution Time: 2505.705 ms
(12 rows)

SET
SET
SET
SET
SET
                                             QUERY PLAN                                             
----------------------------------------------------------------------------------------------------
 Index Scan using idx on public.t (actual rows=9048576.00 loops=1)
   Output: a, b
   Index Cond: ((t.a >= 27673) AND (t.a <= 2289816))
   Index Searches: 1
   Buffers: shared hit=2625428
 Settings: enable_bitmapscan = 'off', enable_seqscan = 'off', max_parallel_workers_per_gather = '0'
 Planning:
   Buffers: shared hit=109
 Planning Time: 0.214 ms
 Execution Time: 903.333 ms
(10 rows)

