SET
SET
SET
SET
SET
                                                                QUERY PLAN                                                                 
-------------------------------------------------------------------------------------------------------------------------------------------
 Index Scan using idx on public.t (actual rows=16384.00 loops=1)
   Output: a, b
   Index Cond: ((t.a >= 1129) AND (t.a <= 5224))
   Index Searches: 1
   Prefetch: distance=269.065 count=6460 stalls=1 skipped=11554 resets=0 ungets=1778 forwarded=88
             histogram [2,4) => 2, [4,8) => 3, [8,16) => 11, [16,32) => 7, [32,64) => 2, [64,128) => 2, [128,256) => 87, [256,512) => 6346
   Buffers: shared hit=2756 read=1999
 Settings: enable_bitmapscan = 'off', enable_seqscan = 'off', max_parallel_workers_per_gather = '0'
 Planning:
   Buffers: shared hit=86 read=26
 Planning Time: 2.194 ms
 Execution Time: 16.103 ms
(12 rows)

SET
SET
SET
SET
SET
                                             QUERY PLAN                                             
----------------------------------------------------------------------------------------------------
 Index Scan using idx on public.t (actual rows=16384.00 loops=1)
   Output: a, b
   Index Cond: ((t.a >= 1129) AND (t.a <= 5224))
   Index Searches: 1
   Buffers: shared hit=4755
 Settings: enable_bitmapscan = 'off', enable_seqscan = 'off', max_parallel_workers_per_gather = '0'
 Planning:
   Buffers: shared hit=117
 Planning Time: 0.214 ms
 Execution Time: 2.353 ms
(10 rows)

