SET
SET
SET
SET
SET
                                                                   QUERY PLAN                                                                   
------------------------------------------------------------------------------------------------------------------------------------------------
 Index Scan using idx on public.t (actual rows=5048576.00 loops=1)
   Output: a, b
   Index Cond: ((t.a >= 1936) AND (t.a <= 1264079))
   Index Searches: 1
   Prefetch: distance=267.380 count=1684799 stalls=1 skipped=3590933 resets=0 ungets=227340 forwarded=14933
             histogram [2,4) => 2, [4,8) => 4, [8,16) => 5, [16,32) => 9, [32,64) => 8, [64,128) => 3, [128,256) => 80430, [256,512) => 1604338
   Buffers: shared hit=1215626 read=249424
 Settings: enable_bitmapscan = 'off', enable_seqscan = 'off', max_parallel_workers_per_gather = '0'
 Planning:
   Buffers: shared hit=82 read=26
 Planning Time: 2.154 ms
 Execution Time: 1414.143 ms
(12 rows)

SET
SET
SET
SET
SET
                                             QUERY PLAN                                             
----------------------------------------------------------------------------------------------------
 Index Scan using idx on public.t (actual rows=5048576.00 loops=1)
   Output: a, b
   Index Cond: ((t.a >= 1936) AND (t.a <= 1264079))
   Index Searches: 1
   Buffers: shared hit=1465074
 Settings: enable_bitmapscan = 'off', enable_seqscan = 'off', max_parallel_workers_per_gather = '0'
 Planning:
   Buffers: shared hit=113
 Planning Time: 0.255 ms
 Execution Time: 501.631 ms
(10 rows)

