SET
SET
SET
SET
SET
                                                                   QUERY PLAN                                                                   
------------------------------------------------------------------------------------------------------------------------------------------------
 Index Scan using idx on public.t (actual rows=6048576.00 loops=1)
   Output: a, b
   Index Cond: ((t.a >= 13593) AND (t.a <= 1525736))
   Index Searches: 1
   Prefetch: distance=267.416 count=2019085 stalls=1 skipped=4302403 resets=0 ungets=272968 forwarded=17887
             histogram [2,4) => 2, [4,8) => 4, [8,16) => 6, [16,32) => 9, [32,64) => 4, [64,128) => 2, [128,256) => 94104, [256,512) => 1924954
   Buffers: shared hit=1455866 read=299301
 Settings: enable_bitmapscan = 'off', enable_seqscan = 'off', max_parallel_workers_per_gather = '0'
 Planning:
   Buffers: shared hit=82 read=26
 Planning Time: 2.264 ms
 Execution Time: 1686.309 ms
(12 rows)

SET
SET
SET
SET
SET
                                             QUERY PLAN                                             
----------------------------------------------------------------------------------------------------
 Index Scan using idx on public.t (actual rows=6048576.00 loops=1)
   Output: a, b
   Index Cond: ((t.a >= 13593) AND (t.a <= 1525736))
   Index Searches: 1
   Buffers: shared hit=1755197
 Settings: enable_bitmapscan = 'off', enable_seqscan = 'off', max_parallel_workers_per_gather = '0'
 Planning:
   Buffers: shared hit=113
 Planning Time: 0.240 ms
 Execution Time: 596.625 ms
(10 rows)

