SET
SET
SET
SET
SET
                                                                QUERY PLAN                                                                 
-------------------------------------------------------------------------------------------------------------------------------------------
 Index Scan Backward using idx on public.t (actual rows=512.00 loops=1)
   Output: a, b
   Index Cond: ((t.a >= '-10148'::integer) AND (t.a <= '-10021'::integer))
   Index Searches: 1
   Prefetch: distance=247.486 count=547 stalls=2 skipped=9 resets=0 ungets=85 forwarded=0
             histogram [2,4) => 4, [4,8) => 6, [8,16) => 6, [16,32) => 15, [32,64) => 12, [64,128) => 2, [128,256) => 17, [256,512) => 485
   Buffers: shared hit=393 read=115
 Settings: enable_bitmapscan = 'off', enable_seqscan = 'off', max_parallel_workers_per_gather = '0'
 Planning:
   Buffers: shared hit=85 read=28
 Planning Time: 2.125 ms
 Execution Time: 4.085 ms
(12 rows)

SET
SET
SET
SET
SET
                                             QUERY PLAN                                             
----------------------------------------------------------------------------------------------------
 Index Scan Backward using idx on public.t (actual rows=512.00 loops=1)
   Output: a, b
   Index Cond: ((t.a >= '-10148'::integer) AND (t.a <= '-10021'::integer))
   Index Searches: 1
   Buffers: shared hit=508
 Settings: enable_bitmapscan = 'off', enable_seqscan = 'off', max_parallel_workers_per_gather = '0'
 Planning:
   Buffers: shared hit=118
 Planning Time: 0.166 ms
 Execution Time: 0.134 ms
(10 rows)

