SET
SET
SET
SET
SET
                                                                 QUERY PLAN                                                                 
--------------------------------------------------------------------------------------------------------------------------------------------
 Index Scan using idx on public.t (actual rows=32768.00 loops=1)
   Output: a, b
   Index Cond: ((t.a >= 1736) AND (t.a <= 9927))
   Index Searches: 1
   Prefetch: distance=267.387 count=12040 stalls=1 skipped=23128 resets=0 ungets=2656 forwarded=163
             histogram [2,4) => 2, [4,8) => 3, [8,16) => 5, [16,32) => 9, [32,64) => 5, [64,128) => 2, [128,256) => 818, [256,512) => 11196
   Buffers: shared hit=6496 read=3017
 Settings: enable_bitmapscan = 'off', enable_seqscan = 'off', max_parallel_workers_per_gather = '0'
 Planning:
   Buffers: shared hit=86 read=26
 Planning Time: 2.165 ms
 Execution Time: 23.844 ms
(12 rows)

SET
SET
SET
SET
SET
                                             QUERY PLAN                                             
----------------------------------------------------------------------------------------------------
 Index Scan using idx on public.t (actual rows=32768.00 loops=1)
   Output: a, b
   Index Cond: ((t.a >= 1736) AND (t.a <= 9927))
   Index Searches: 1
   Buffers: shared hit=9513
 Settings: enable_bitmapscan = 'off', enable_seqscan = 'off', max_parallel_workers_per_gather = '0'
 Planning:
   Buffers: shared hit=117
 Planning Time: 0.200 ms
 Execution Time: 4.090 ms
(10 rows)

