SET
SET
SET
SET
SET
                                                                  QUERY PLAN                                                                   
-----------------------------------------------------------------------------------------------------------------------------------------------
 Index Scan Backward using idx on public.t (actual rows=1024.00 loops=1)
   Output: a, b
   Index Cond: ((t.a >= '-16430'::integer) AND (t.a <= '-16175'::integer))
   Index Searches: 1
   Prefetch: distance=221.570 count=923 stalls=7 skipped=15 resets=0 ungets=60 forwarded=0
             histogram [2,4) => 2, [4,8) => 22, [8,16) => 27, [16,32) => 39, [32,64) => 31, [64,128) => 36, [128,256) => 212, [256,512) => 554
   Buffers: shared hit=879 read=138
 Settings: enable_bitmapscan = 'off', enable_seqscan = 'off', max_parallel_workers_per_gather = '0'
 Planning:
   Buffers: shared hit=85 read=28
 Planning Time: 2.108 ms
 Execution Time: 6.273 ms
(12 rows)

SET
SET
SET
SET
SET
                                             QUERY PLAN                                             
----------------------------------------------------------------------------------------------------
 Index Scan Backward using idx on public.t (actual rows=1024.00 loops=1)
   Output: a, b
   Index Cond: ((t.a >= '-16430'::integer) AND (t.a <= '-16175'::integer))
   Index Searches: 1
   Buffers: shared hit=1017
 Settings: enable_bitmapscan = 'off', enable_seqscan = 'off', max_parallel_workers_per_gather = '0'
 Planning:
   Buffers: shared hit=118
 Planning Time: 0.201 ms
 Execution Time: 0.309 ms
(10 rows)

