SET
SET
SET
SET
SET
                                                                  QUERY PLAN                                                                  
----------------------------------------------------------------------------------------------------------------------------------------------
 Index Scan using idx on public.t (actual rows=131072.00 loops=1)
   Output: a, b
   Index Cond: ((t.a >= 28282) AND (t.a <= 61049))
   Index Searches: 1
   Prefetch: distance=268.058 count=45480 stalls=1 skipped=93039 resets=0 ungets=7783 forwarded=470
             histogram [2,4) => 2, [4,8) => 5, [8,16) => 11, [16,32) => 9, [32,64) => 2, [64,128) => 2, [128,256) => 1658, [256,512) => 43791
   Buffers: shared hit=29318 read=8676
 Settings: enable_bitmapscan = 'off', enable_seqscan = 'off', max_parallel_workers_per_gather = '0'
 Planning:
   Buffers: shared hit=82 read=22
 Planning Time: 1.886 ms
 Execution Time: 57.191 ms
(12 rows)

SET
SET
SET
SET
SET
                                             QUERY PLAN                                             
----------------------------------------------------------------------------------------------------
 Index Scan using idx on public.t (actual rows=131072.00 loops=1)
   Output: a, b
   Index Cond: ((t.a >= 28282) AND (t.a <= 61049))
   Index Searches: 1
   Buffers: shared hit=37995
 Settings: enable_bitmapscan = 'off', enable_seqscan = 'off', max_parallel_workers_per_gather = '0'
 Planning:
   Buffers: shared hit=109
 Planning Time: 0.183 ms
 Execution Time: 13.874 ms
(10 rows)

