SET
SET
SET
SET
SET
                                                                  QUERY PLAN                                                                   
-----------------------------------------------------------------------------------------------------------------------------------------------
 Index Scan using idx on public.t (actual rows=2048576.00 loops=1)
   Output: a, b
   Index Cond: ((t.a >= 18291) AND (t.a <= 530434))
   Index Searches: 1
   Prefetch: distance=267.462 count=685147 stalls=1 skipped=1457115 resets=0 ungets=93814 forwarded=6072
             histogram [2,4) => 2, [4,8) => 3, [8,16) => 5, [16,32) => 9, [32,64) => 6, [64,128) => 2, [128,256) => 31070, [256,512) => 654050
   Buffers: shared hit=491562 read=102877
 Settings: enable_bitmapscan = 'off', enable_seqscan = 'off', max_parallel_workers_per_gather = '0'
 Planning:
   Buffers: shared hit=82 read=26
 Planning Time: 2.178 ms
 Execution Time: 580.377 ms
(12 rows)

SET
SET
SET
SET
SET
                                             QUERY PLAN                                             
----------------------------------------------------------------------------------------------------
 Index Scan using idx on public.t (actual rows=2048576.00 loops=1)
   Output: a, b
   Index Cond: ((t.a >= 18291) AND (t.a <= 530434))
   Index Searches: 1
   Buffers: shared hit=594445
 Settings: enable_bitmapscan = 'off', enable_seqscan = 'off', max_parallel_workers_per_gather = '0'
 Planning:
   Buffers: shared hit=113
 Planning Time: 0.218 ms
 Execution Time: 209.197 ms
(10 rows)

