SET
SET
SET
SET
SET
                                                                 QUERY PLAN                                                                  
---------------------------------------------------------------------------------------------------------------------------------------------
 Index Scan Backward using idx on public.t (actual rows=2048.00 loops=1)
   Output: a, b
   Index Cond: ((t.a >= '-17207'::integer) AND (t.a <= '-16696'::integer))
   Index Searches: 1
   Prefetch: distance=258.373 count=2159 stalls=2 skipped=33 resets=0 ungets=205 forwarded=0
             histogram [2,4) => 4, [4,8) => 8, [8,16) => 5, [16,32) => 15, [32,64) => 11, [64,128) => 5, [128,256) => 332, [256,512) => 1779
   Buffers: shared hit=1833 read=190
 Settings: enable_bitmapscan = 'off', enable_seqscan = 'off', max_parallel_workers_per_gather = '0'
 Planning:
   Buffers: shared hit=85 read=28
 Planning Time: 2.168 ms
 Execution Time: 5.724 ms
(12 rows)

SET
SET
SET
SET
SET
                                             QUERY PLAN                                             
----------------------------------------------------------------------------------------------------
 Index Scan Backward using idx on public.t (actual rows=2048.00 loops=1)
   Output: a, b
   Index Cond: ((t.a >= '-17207'::integer) AND (t.a <= '-16696'::integer))
   Index Searches: 1
   Buffers: shared hit=2023
 Settings: enable_bitmapscan = 'off', enable_seqscan = 'off', max_parallel_workers_per_gather = '0'
 Planning:
   Buffers: shared hit=118
 Planning Time: 0.204 ms
 Execution Time: 0.485 ms
(10 rows)

