SET
SET
SET
SET
SET
                                                                   QUERY PLAN                                                                    
-------------------------------------------------------------------------------------------------------------------------------------------------
 Index Scan using idx on public.t (actual rows=9048576.00 loops=1)
   Output: a, b
   Index Cond: ((t.a >= 9687) AND (t.a <= 2271830))
   Index Searches: 1
   Prefetch: distance=267.410 count=3018939 stalls=1 skipped=6436362 resets=0 ungets=407201 forwarded=26730
             histogram [2,4) => 2, [4,8) => 3, [8,16) => 9, [16,32) => 9, [32,64) => 2, [64,128) => 2, [128,256) => 141174, [256,512) => 2877738
   Buffers: shared hit=2178780 read=446600
 Settings: enable_bitmapscan = 'off', enable_seqscan = 'off', max_parallel_workers_per_gather = '0'
 Planning:
   Buffers: shared hit=82 read=26
 Planning Time: 2.194 ms
 Execution Time: 2508.778 ms
(12 rows)

SET
SET
SET
SET
SET
                                             QUERY PLAN                                             
----------------------------------------------------------------------------------------------------
 Index Scan using idx on public.t (actual rows=9048576.00 loops=1)
   Output: a, b
   Index Cond: ((t.a >= 9687) AND (t.a <= 2271830))
   Index Searches: 1
   Buffers: shared hit=2625428
 Settings: enable_bitmapscan = 'off', enable_seqscan = 'off', max_parallel_workers_per_gather = '0'
 Planning:
   Buffers: shared hit=113
 Planning Time: 0.217 ms
 Execution Time: 898.303 ms
(10 rows)

