SET
SET
SET
SET
SET
                                                                   QUERY PLAN                                                                   
------------------------------------------------------------------------------------------------------------------------------------------------
 Index Scan Backward using idx on public.t (actual rows=4096.00 loops=1)
   Output: a, b
   Index Cond: ((t.a >= '-22055'::integer) AND (t.a <= '-21032'::integer))
   Index Searches: 1
   Prefetch: distance=257.138 count=4310 stalls=4 skipped=42 resets=0 ungets=343 forwarded=0
             histogram [2,4) => 16, [4,8) => 14, [8,16) => 10, [16,32) => 22, [32,64) => 34, [64,128) => 9, [128,256) => 733, [256,512) => 3472
   Buffers: shared hit=3771 read=295
 Settings: enable_bitmapscan = 'off', enable_seqscan = 'off', max_parallel_workers_per_gather = '0'
 Planning:
   Buffers: shared hit=85 read=28
 Planning Time: 2.091 ms
 Execution Time: 5.692 ms
(12 rows)

SET
SET
SET
SET
SET
                                             QUERY PLAN                                             
----------------------------------------------------------------------------------------------------
 Index Scan Backward using idx on public.t (actual rows=4096.00 loops=1)
   Output: a, b
   Index Cond: ((t.a >= '-22055'::integer) AND (t.a <= '-21032'::integer))
   Index Searches: 1
   Buffers: shared hit=4066
 Settings: enable_bitmapscan = 'off', enable_seqscan = 'off', max_parallel_workers_per_gather = '0'
 Planning:
   Buffers: shared hit=118
 Planning Time: 0.138 ms
 Execution Time: 0.470 ms
(10 rows)

