SET
SET
SET
SET
SET
                                             QUERY PLAN                                             
----------------------------------------------------------------------------------------------------
 Index Scan Backward using idx on public.t (actual rows=8192.00 loops=1)
   Output: a, b
   Index Cond: ((t.a >= '-4416'::integer) AND (t.a <= '-2369'::integer))
   Index Searches: 1
   Prefetch: distance=2.100 count=751 stalls=6746 skipped=108 resets=0 ungets=0 forwarded=0
             histogram [2,4) => 726, [4,8) => 25
   Buffers: shared hit=7599 read=494
 Settings: enable_bitmapscan = 'off', enable_seqscan = 'off', max_parallel_workers_per_gather = '0'
 Planning:
   Buffers: shared hit=85 read=28
 Planning Time: 2.094 ms
 Execution Time: 9.063 ms
(12 rows)

SET
SET
SET
SET
SET
                                             QUERY PLAN                                             
----------------------------------------------------------------------------------------------------
 Index Scan Backward using idx on public.t (actual rows=8192.00 loops=1)
   Output: a, b
   Index Cond: ((t.a >= '-4416'::integer) AND (t.a <= '-2369'::integer))
   Index Searches: 1
   Buffers: shared hit=8093
 Settings: enable_bitmapscan = 'off', enable_seqscan = 'off', max_parallel_workers_per_gather = '0'
 Planning:
   Buffers: shared hit=118
 Planning Time: 0.156 ms
 Execution Time: 0.875 ms
(10 rows)

