SET
SET
SET
SET
SET
                                                                    QUERY PLAN                                                                     
---------------------------------------------------------------------------------------------------------------------------------------------------
 Index Scan Backward using idx on public.t (actual rows=65536.00 loops=1)
   Output: a, b
   Index Cond: ((t.a >= '-43428'::integer) AND (t.a <= '-27045'::integer))
   Index Searches: 1
   Prefetch: distance=262.599 count=70292 stalls=4 skipped=1010 resets=0 ungets=5849 forwarded=1
             histogram [2,4) => 6, [4,8) => 13, [8,16) => 14, [16,32) => 18, [32,64) => 16, [64,128) => 24, [128,256) => 12694, [256,512) => 57507
   Buffers: shared hit=61321 read=3308
 Settings: enable_bitmapscan = 'off', enable_seqscan = 'off', max_parallel_workers_per_gather = '0'
 Planning:
   Buffers: shared hit=85 read=28
 Planning Time: 2.107 ms
 Execution Time: 35.653 ms
(12 rows)

SET
SET
SET
SET
SET
                                             QUERY PLAN                                             
----------------------------------------------------------------------------------------------------
 Index Scan Backward using idx on public.t (actual rows=65536.00 loops=1)
   Output: a, b
   Index Cond: ((t.a >= '-43428'::integer) AND (t.a <= '-27045'::integer))
   Index Searches: 1
   Buffers: shared hit=64629
 Settings: enable_bitmapscan = 'off', enable_seqscan = 'off', max_parallel_workers_per_gather = '0'
 Planning:
   Buffers: shared hit=118
 Planning Time: 0.213 ms
 Execution Time: 10.147 ms
(10 rows)

