SET
SET
SET
SET
SET
                                                               QUERY PLAN                                                                
-----------------------------------------------------------------------------------------------------------------------------------------
 Index Scan using idx on public.t (actual rows=2048.00 loops=1)
   Output: a, b
   Index Cond: ((t.a >= 7804) AND (t.a <= 8315))
   Index Searches: 1
   Prefetch: distance=261.822 count=785 stalls=1 skipped=1109 resets=0 ungets=334 forwarded=3
             histogram [2,4) => 2, [4,8) => 7, [8,16) => 7, [16,32) => 11, [32,64) => 2, [64,128) => 2, [128,256) => 2, [256,512) => 752
   Buffers: shared hit=54 read=559
 Settings: enable_bitmapscan = 'off', enable_seqscan = 'off', max_parallel_workers_per_gather = '0'
 Planning:
   Buffers: shared hit=86 read=26
 Planning Time: 1.464 ms
 Execution Time: 14.022 ms
(12 rows)

SET
SET
SET
SET
SET
                                             QUERY PLAN                                             
----------------------------------------------------------------------------------------------------
 Index Scan using idx on public.t (actual rows=2048.00 loops=1)
   Output: a, b
   Index Cond: ((t.a >= 7804) AND (t.a <= 8315))
   Index Searches: 1
   Buffers: shared hit=613
 Settings: enable_bitmapscan = 'off', enable_seqscan = 'off', max_parallel_workers_per_gather = '0'
 Planning:
   Buffers: shared hit=117
 Planning Time: 0.197 ms
 Execution Time: 0.579 ms
(10 rows)

