SET
SET
SET
SET
SET
                                                                   QUERY PLAN                                                                   
------------------------------------------------------------------------------------------------------------------------------------------------
 Index Scan using idx on public.t (actual rows=5048576.00 loops=1)
   Output: a, b
   Index Cond: ((t.a >= 1946) AND (t.a <= 1264089))
   Index Searches: 1
   Prefetch: distance=267.381 count=1684795 stalls=1 skipped=3590905 resets=0 ungets=227348 forwarded=14935
             histogram [2,4) => 2, [4,8) => 4, [8,16) => 5, [16,32) => 9, [32,64) => 8, [64,128) => 3, [128,256) => 80347, [256,512) => 1604417
   Buffers: shared hit=1215618 read=249426
 Settings: enable_bitmapscan = 'off', enable_seqscan = 'off', max_parallel_workers_per_gather = '0'
 Planning:
   Buffers: shared hit=82 read=26
 Planning Time: 2.187 ms
 Execution Time: 1416.513 ms
(12 rows)

SET
SET
SET
SET
SET
                                             QUERY PLAN                                             
----------------------------------------------------------------------------------------------------
 Index Scan using idx on public.t (actual rows=5048576.00 loops=1)
   Output: a, b
   Index Cond: ((t.a >= 1946) AND (t.a <= 1264089))
   Index Searches: 1
   Buffers: shared hit=1465074
 Settings: enable_bitmapscan = 'off', enable_seqscan = 'off', max_parallel_workers_per_gather = '0'
 Planning:
   Buffers: shared hit=113
 Planning Time: 0.236 ms
 Execution Time: 513.463 ms
(10 rows)

