SET
SET
SET
SET
SET
                                                                   QUERY PLAN                                                                   
------------------------------------------------------------------------------------------------------------------------------------------------
 Index Scan using idx on public.t (actual rows=4048576.00 loops=1)
   Output: a, b
   Index Cond: ((t.a >= 2403) AND (t.a <= 1014546))
   Index Searches: 1
   Prefetch: distance=267.394 count=1351504 stalls=1 skipped=2879732 resets=0 ungets=182704 forwarded=11960
             histogram [2,4) => 2, [4,8) => 3, [8,16) => 5, [16,32) => 9, [32,64) => 8, [64,128) => 2, [128,256) => 63780, [256,512) => 1287695
   Buffers: shared hit=974488 read=200370
 Settings: enable_bitmapscan = 'off', enable_seqscan = 'off', max_parallel_workers_per_gather = '0'
 Planning:
   Buffers: shared hit=82 read=26
 Planning Time: 2.177 ms
 Execution Time: 1135.628 ms
(12 rows)

SET
SET
SET
SET
SET
                                             QUERY PLAN                                             
----------------------------------------------------------------------------------------------------
 Index Scan using idx on public.t (actual rows=4048576.00 loops=1)
   Output: a, b
   Index Cond: ((t.a >= 2403) AND (t.a <= 1014546))
   Index Searches: 1
   Buffers: shared hit=1174880
 Settings: enable_bitmapscan = 'off', enable_seqscan = 'off', max_parallel_workers_per_gather = '0'
 Planning:
   Buffers: shared hit=113
 Planning Time: 0.250 ms
 Execution Time: 442.947 ms
(10 rows)

