SET
SET
SET
SET
SET
                                                                   QUERY PLAN                                                                   
------------------------------------------------------------------------------------------------------------------------------------------------
 Index Scan using idx on public.t (actual rows=1048576.00 loops=1)
   Output: a, b
   Index Cond: ((t.a >= 12899) AND (t.a <= 275042))
   Index Searches: 1
   Prefetch: distance=267.493 count=351238 stalls=1 skipped=745554 resets=0 ungets=48816 forwarded=3154
             histogram [2,4) => 2, [4,8) => 3, [8,16) => 8, [16,32) => 12, [32,64) => 2, [64,128) => 2, [128,256) => 15707, [256,512) => 335502
   Buffers: shared hit=250443 read=53720
 Settings: enable_bitmapscan = 'off', enable_seqscan = 'off', max_parallel_workers_per_gather = '0'
 Planning:
   Buffers: shared hit=82 read=26
 Planning Time: 2.173 ms
 Execution Time: 313.561 ms
(12 rows)

SET
SET
SET
SET
SET
                                             QUERY PLAN                                             
----------------------------------------------------------------------------------------------------
 Index Scan using idx on public.t (actual rows=1048576.00 loops=1)
   Output: a, b
   Index Cond: ((t.a >= 12899) AND (t.a <= 275042))
   Index Searches: 1
   Buffers: shared hit=304169
 Settings: enable_bitmapscan = 'off', enable_seqscan = 'off', max_parallel_workers_per_gather = '0'
 Planning:
   Buffers: shared hit=113
 Planning Time: 0.191 ms
 Execution Time: 105.485 ms
(10 rows)

