SET
SET
SET
SET
SET
                                                                    QUERY PLAN                                                                    
--------------------------------------------------------------------------------------------------------------------------------------------------
 Index Scan using idx on public.t (actual rows=8048576.00 loops=1)
   Output: a, b
   Index Cond: ((t.a >= 9512) AND (t.a <= 2021655))
   Index Searches: 1
   Prefetch: distance=267.408 count=2685426 stalls=1 skipped=5725079 resets=0 ungets=362369 forwarded=23767
             histogram [2,4) => 2, [4,8) => 6, [8,16) => 8, [16,32) => 13, [32,64) => 2, [64,128) => 2, [128,256) => 125696, [256,512) => 2559697
   Buffers: shared hit=1937702 read=397501
 Settings: enable_bitmapscan = 'off', enable_seqscan = 'off', max_parallel_workers_per_gather = '0'
 Planning:
   Buffers: shared hit=82 read=26
 Planning Time: 2.184 ms
 Execution Time: 2244.238 ms
(12 rows)

SET
SET
SET
SET
SET
                                             QUERY PLAN                                             
----------------------------------------------------------------------------------------------------
 Index Scan using idx on public.t (actual rows=8048576.00 loops=1)
   Output: a, b
   Index Cond: ((t.a >= 9512) AND (t.a <= 2021655))
   Index Searches: 1
   Buffers: shared hit=2335241
 Settings: enable_bitmapscan = 'off', enable_seqscan = 'off', max_parallel_workers_per_gather = '0'
 Planning:
   Buffers: shared hit=113
 Planning Time: 0.227 ms
 Execution Time: 813.237 ms
(10 rows)

