SET
SET
SET
SET
SET
                                                                   QUERY PLAN                                                                    
-------------------------------------------------------------------------------------------------------------------------------------------------
 Index Scan using idx on public.t (actual rows=7048576.00 loops=1)
   Output: a, b
   Index Cond: ((t.a >= 31377) AND (t.a <= 1793520))
   Index Searches: 1
   Prefetch: distance=267.410 count=2352255 stalls=1 skipped=5013631 resets=0 ungets=317698 forwarded=20806
             histogram [2,4) => 2, [4,8) => 4, [8,16) => 5, [16,32) => 9, [32,64) => 6, [64,128) => 2, [128,256) => 110141, [256,512) => 2242086
   Buffers: shared hit=1696738 read=348450
 Settings: enable_bitmapscan = 'off', enable_seqscan = 'off', max_parallel_workers_per_gather = '0'
 Planning:
   Buffers: shared hit=82 read=22
 Planning Time: 1.849 ms
 Execution Time: 1961.910 ms
(12 rows)

SET
SET
SET
SET
SET
                                             QUERY PLAN                                             
----------------------------------------------------------------------------------------------------
 Index Scan using idx on public.t (actual rows=7048576.00 loops=1)
   Output: a, b
   Index Cond: ((t.a >= 31377) AND (t.a <= 1793520))
   Index Searches: 1
   Buffers: shared hit=2045225
 Settings: enable_bitmapscan = 'off', enable_seqscan = 'off', max_parallel_workers_per_gather = '0'
 Planning:
   Buffers: shared hit=109
 Planning Time: 0.219 ms
 Execution Time: 689.602 ms
(10 rows)

