SET
SET
SET
SET
SET
                                                                   QUERY PLAN                                                                    
-------------------------------------------------------------------------------------------------------------------------------------------------
 Index Scan using idx on public.t (actual rows=6048576.00 loops=1)
   Output: a, b
   Index Cond: ((t.a >= 5488) AND (t.a <= 1517631))
   Index Searches: 1
   Prefetch: distance=267.407 count=2018665 stalls=1 skipped=4302214 resets=0 ungets=272671 forwarded=17916
             histogram [2,4) => 2, [4,8) => 3, [8,16) => 13, [16,32) => 8, [32,64) => 2, [64,128) => 2, [128,256) => 94606, [256,512) => 1924029
   Buffers: shared hit=1456154 read=298974
 Settings: enable_bitmapscan = 'off', enable_seqscan = 'off', max_parallel_workers_per_gather = '0'
 Planning:
   Buffers: shared hit=82 read=26
 Planning Time: 2.173 ms
 Execution Time: 1693.123 ms
(12 rows)

SET
SET
SET
SET
SET
                                             QUERY PLAN                                             
----------------------------------------------------------------------------------------------------
 Index Scan using idx on public.t (actual rows=6048576.00 loops=1)
   Output: a, b
   Index Cond: ((t.a >= 5488) AND (t.a <= 1517631))
   Index Searches: 1
   Buffers: shared hit=1755161
 Settings: enable_bitmapscan = 'off', enable_seqscan = 'off', max_parallel_workers_per_gather = '0'
 Planning:
   Buffers: shared hit=113
 Planning Time: 0.286 ms
 Execution Time: 601.335 ms
(10 rows)

