SET
SET
SET
SET
SET
                                                              QUERY PLAN                                                              
--------------------------------------------------------------------------------------------------------------------------------------
 Index Scan Backward using idx on public.t (actual rows=256.00 loops=1)
   Output: a, b
   Index Cond: ((t.a >= 1639) AND (t.a <= 1702))
   Index Searches: 1
   Prefetch: distance=81.529 count=34 stalls=1 skipped=60 resets=0 ungets=6 forwarded=0
             histogram [2,4) => 2, [4,8) => 3, [8,16) => 9, [16,32) => 8, [32,64) => 2, [64,128) => 2, [128,256) => 2, [256,512) => 6
   Buffers: shared hit=6 read=76
 Settings: enable_bitmapscan = 'off', enable_seqscan = 'off', max_parallel_workers_per_gather = '0'
 Planning:
   Buffers: shared hit=82 read=26
 Planning Time: 1.048 ms
 Execution Time: 4.090 ms
(12 rows)

SET
SET
SET
SET
SET
                                             QUERY PLAN                                             
----------------------------------------------------------------------------------------------------
 Index Scan Backward using idx on public.t (actual rows=256.00 loops=1)
   Output: a, b
   Index Cond: ((t.a >= 1639) AND (t.a <= 1702))
   Index Searches: 1
   Buffers: shared hit=82
 Settings: enable_bitmapscan = 'off', enable_seqscan = 'off', max_parallel_workers_per_gather = '0'
 Planning:
   Buffers: shared hit=113
 Planning Time: 0.202 ms
 Execution Time: 0.137 ms
(10 rows)

