SET
SET
SET
SET
SET
                                                               QUERY PLAN                                                               
----------------------------------------------------------------------------------------------------------------------------------------
 Index Scan Backward using idx on public.t (actual rows=2048.00 loops=1)
   Output: a, b
   Index Cond: ((t.a >= 1579) AND (t.a <= 2090))
   Index Searches: 1
   Prefetch: distance=264.019 count=824 stalls=1 skipped=1175 resets=0 ungets=359 forwarded=0
             histogram [2,4) => 2, [4,8) => 3, [8,16) => 9, [16,32) => 8, [32,64) => 2, [64,128) => 2, [128,256) => 2, [256,512) => 796
   Buffers: shared hit=102 read=490
 Settings: enable_bitmapscan = 'off', enable_seqscan = 'off', max_parallel_workers_per_gather = '0'
 Planning:
   Buffers: shared hit=82 read=26
 Planning Time: 1.026 ms
 Execution Time: 11.223 ms
(12 rows)

SET
SET
SET
SET
SET
                                             QUERY PLAN                                             
----------------------------------------------------------------------------------------------------
 Index Scan Backward using idx on public.t (actual rows=2048.00 loops=1)
   Output: a, b
   Index Cond: ((t.a >= 1579) AND (t.a <= 2090))
   Index Searches: 1
   Buffers: shared hit=592
 Settings: enable_bitmapscan = 'off', enable_seqscan = 'off', max_parallel_workers_per_gather = '0'
 Planning:
   Buffers: shared hit=113
 Planning Time: 0.183 ms
 Execution Time: 0.358 ms
(10 rows)

