SET
SET
SET
SET
SET
                                                                     QUERY PLAN                                                                     
----------------------------------------------------------------------------------------------------------------------------------------------------
 Index Scan Backward using idx on public.t (actual rows=8048576.00 loops=1)
   Output: a, b
   Index Cond: ((t.a >= '-2031010'::integer) AND (t.a <= '-18867'::integer))
   Index Searches: 1
   Prefetch: distance=262.825 count=8639260 stalls=2 skipped=118576 resets=0 ungets=709321 forwarded=13
             histogram [2,4) => 6, [4,8) => 4, [8,16) => 5, [16,32) => 17, [32,64) => 14, [64,128) => 4, [128,256) => 1584386, [256,512) => 7054824
   Buffers: shared hit=7546651 read=395404
 Settings: enable_bitmapscan = 'off', enable_seqscan = 'off', max_parallel_workers_per_gather = '0'
 Planning:
   Buffers: shared hit=81 read=28
 Planning Time: 2.088 ms
 Execution Time: 3566.738 ms
(12 rows)

SET
SET
SET
SET
SET
                                             QUERY PLAN                                             
----------------------------------------------------------------------------------------------------
 Index Scan Backward using idx on public.t (actual rows=8048576.00 loops=1)
   Output: a, b
   Index Cond: ((t.a >= '-2031010'::integer) AND (t.a <= '-18867'::integer))
   Index Searches: 1
   Buffers: shared hit=7942055
 Settings: enable_bitmapscan = 'off', enable_seqscan = 'off', max_parallel_workers_per_gather = '0'
 Planning:
   Buffers: shared hit=114
 Planning Time: 0.211 ms
 Execution Time: 1266.849 ms
(10 rows)

