SET
SET
SET
SET
SET
                                                                   QUERY PLAN                                                                   
------------------------------------------------------------------------------------------------------------------------------------------------
 Index Scan Backward using idx on public.t (actual rows=1048576.00 loops=1)
   Output: a, b
   Index Cond: ((t.a >= 2863) AND (t.a <= 265006))
   Index Searches: 1
   Prefetch: distance=267.536 count=354525 stalls=1 skipped=745506 resets=0 ungets=52071 forwarded=9
             histogram [2,4) => 2, [4,8) => 3, [8,16) => 11, [16,32) => 8, [32,64) => 3, [64,128) => 2, [128,256) => 15759, [256,512) => 338737
   Buffers: shared hit=251118 read=53092
 Settings: enable_bitmapscan = 'off', enable_seqscan = 'off', max_parallel_workers_per_gather = '0'
 Planning:
   Buffers: shared hit=78 read=26
 Planning Time: 2.182 ms
 Execution Time: 379.724 ms
(12 rows)

SET
SET
SET
SET
SET
                                             QUERY PLAN                                             
----------------------------------------------------------------------------------------------------
 Index Scan Backward using idx on public.t (actual rows=1048576.00 loops=1)
   Output: a, b
   Index Cond: ((t.a >= 2863) AND (t.a <= 265006))
   Index Searches: 1
   Buffers: shared hit=304210
 Settings: enable_bitmapscan = 'off', enable_seqscan = 'off', max_parallel_workers_per_gather = '0'
 Planning:
   Buffers: shared hit=109
 Planning Time: 0.218 ms
 Execution Time: 108.286 ms
(10 rows)

