SET
SET
SET
SET
SET
                                                                    QUERY PLAN                                                                    
--------------------------------------------------------------------------------------------------------------------------------------------------
 Index Scan Backward using idx on public.t (actual rows=8048576.00 loops=1)
   Output: a, b
   Index Cond: ((t.a >= 27543) AND (t.a <= 2039686))
   Index Searches: 1
   Prefetch: distance=267.474 count=2714296 stalls=1 skipped=5725310 resets=0 ungets=391122 forwarded=55
             histogram [2,4) => 2, [4,8) => 3, [8,16) => 6, [16,32) => 11, [32,64) => 2, [64,128) => 2, [128,256) => 125139, [256,512) => 2589131
   Buffers: shared hit=1937733 read=397522
 Settings: enable_bitmapscan = 'off', enable_seqscan = 'off', max_parallel_workers_per_gather = '0'
 Planning:
   Buffers: shared hit=78 read=22
 Planning Time: 1.851 ms
 Execution Time: 2716.871 ms
(12 rows)

SET
SET
SET
SET
SET
                                             QUERY PLAN                                             
----------------------------------------------------------------------------------------------------
 Index Scan Backward using idx on public.t (actual rows=8048576.00 loops=1)
   Output: a, b
   Index Cond: ((t.a >= 27543) AND (t.a <= 2039686))
   Index Searches: 1
   Buffers: shared hit=2335255
 Settings: enable_bitmapscan = 'off', enable_seqscan = 'off', max_parallel_workers_per_gather = '0'
 Planning:
   Buffers: shared hit=105
 Planning Time: 0.214 ms
 Execution Time: 774.588 ms
(10 rows)

