SET
SET
SET
SET
SET
                                                                  QUERY PLAN                                                                  
----------------------------------------------------------------------------------------------------------------------------------------------
 Index Scan Backward using idx on public.t (actual rows=262144.00 loops=1)
   Output: a, b
   Index Cond: ((t.a >= 14727) AND (t.a <= 80262))
   Index Searches: 1
   Prefetch: distance=267.808 count=90199 stalls=1 skipped=186085 resets=0 ungets=14728 forwarded=2
             histogram [2,4) => 2, [4,8) => 4, [8,16) => 11, [16,32) => 5, [32,64) => 2, [64,128) => 2, [128,256) => 3658, [256,512) => 86515
   Buffers: shared hit=60921 read=15111
 Settings: enable_bitmapscan = 'off', enable_seqscan = 'off', max_parallel_workers_per_gather = '0'
 Planning:
   Buffers: shared hit=78 read=26
 Planning Time: 2.186 ms
 Execution Time: 116.627 ms
(12 rows)

SET
SET
SET
SET
SET
                                             QUERY PLAN                                             
----------------------------------------------------------------------------------------------------
 Index Scan Backward using idx on public.t (actual rows=262144.00 loops=1)
   Output: a, b
   Index Cond: ((t.a >= 14727) AND (t.a <= 80262))
   Index Searches: 1
   Buffers: shared hit=76032
 Settings: enable_bitmapscan = 'off', enable_seqscan = 'off', max_parallel_workers_per_gather = '0'
 Planning:
   Buffers: shared hit=109
 Planning Time: 0.265 ms
 Execution Time: 27.007 ms
(10 rows)

