SET
SET
SET
SET
SET
                                                                 QUERY PLAN                                                                  
---------------------------------------------------------------------------------------------------------------------------------------------
 Index Scan Backward using idx on public.t (actual rows=65536.00 loops=1)
   Output: a, b
   Index Cond: ((t.a >= 16992) AND (t.a <= 33375))
   Index Searches: 1
   Prefetch: distance=268.725 count=24186 stalls=1 skipped=46470 resets=0 ungets=5332 forwarded=1
             histogram [2,4) => 2, [4,8) => 3, [8,16) => 10, [16,32) => 7, [32,64) => 2, [64,128) => 2, [128,256) => 682, [256,512) => 23478
   Buffers: shared hit=13563 read=5451
 Settings: enable_bitmapscan = 'off', enable_seqscan = 'off', max_parallel_workers_per_gather = '0'
 Planning:
   Buffers: shared hit=78 read=26
 Planning Time: 2.202 ms
 Execution Time: 43.252 ms
(12 rows)

SET
SET
SET
SET
SET
                                             QUERY PLAN                                             
----------------------------------------------------------------------------------------------------
 Index Scan Backward using idx on public.t (actual rows=65536.00 loops=1)
   Output: a, b
   Index Cond: ((t.a >= 16992) AND (t.a <= 33375))
   Index Searches: 1
   Buffers: shared hit=19014
 Settings: enable_bitmapscan = 'off', enable_seqscan = 'off', max_parallel_workers_per_gather = '0'
 Planning:
   Buffers: shared hit=109
 Planning Time: 0.183 ms
 Execution Time: 5.655 ms
(10 rows)

