SET
SET
SET
SET
SET
                                                                    QUERY PLAN                                                                    
--------------------------------------------------------------------------------------------------------------------------------------------------
 Index Scan Backward using idx on public.t (actual rows=7048576.00 loops=1)
   Output: a, b
   Index Cond: ((t.a >= 1371) AND (t.a <= 1763514))
   Index Searches: 1
   Prefetch: distance=267.472 count=2376392 stalls=1 skipped=5013456 resets=0 ungets=341844 forwarded=50
             histogram [2,4) => 2, [4,8) => 3, [8,16) => 10, [16,32) => 9, [32,64) => 2, [64,128) => 2, [128,256) => 109549, [256,512) => 2266815
   Buffers: shared hit=1697705 read=347562
 Settings: enable_bitmapscan = 'off', enable_seqscan = 'off', max_parallel_workers_per_gather = '0'
 Planning:
   Buffers: shared hit=78 read=26
 Planning Time: 2.176 ms
 Execution Time: 2360.330 ms
(12 rows)

SET
SET
SET
SET
SET
                                             QUERY PLAN                                             
----------------------------------------------------------------------------------------------------
 Index Scan Backward using idx on public.t (actual rows=7048576.00 loops=1)
   Output: a, b
   Index Cond: ((t.a >= 1371) AND (t.a <= 1763514))
   Index Searches: 1
   Buffers: shared hit=2045267
 Settings: enable_bitmapscan = 'off', enable_seqscan = 'off', max_parallel_workers_per_gather = '0'
 Planning:
   Buffers: shared hit=109
 Planning Time: 0.228 ms
 Execution Time: 705.286 ms
(10 rows)

