SET
SET
SET
SET
SET
                                                                    QUERY PLAN                                                                    
--------------------------------------------------------------------------------------------------------------------------------------------------
 Index Scan Backward using idx on public.t (actual rows=8048576.00 loops=1)
   Output: a, b
   Index Cond: ((t.a >= 27253) AND (t.a <= 2039396))
   Index Searches: 1
   Prefetch: distance=267.474 count=2714028 stalls=1 skipped=5724956 resets=0 ungets=390992 forwarded=53
             histogram [2,4) => 2, [4,8) => 3, [8,16) => 10, [16,32) => 8, [32,64) => 2, [64,128) => 2, [128,256) => 125040, [256,512) => 2588961
   Buffers: shared hit=1937738 read=397522
 Settings: enable_bitmapscan = 'off', enable_seqscan = 'off', max_parallel_workers_per_gather = '0'
 Planning:
   Buffers: shared hit=78 read=22
 Planning Time: 1.917 ms
 Execution Time: 2706.158 ms
(12 rows)

SET
SET
SET
SET
SET
                                             QUERY PLAN                                             
----------------------------------------------------------------------------------------------------
 Index Scan Backward using idx on public.t (actual rows=8048576.00 loops=1)
   Output: a, b
   Index Cond: ((t.a >= 27253) AND (t.a <= 2039396))
   Index Searches: 1
   Buffers: shared hit=2335260
 Settings: enable_bitmapscan = 'off', enable_seqscan = 'off', max_parallel_workers_per_gather = '0'
 Planning:
   Buffers: shared hit=105
 Planning Time: 0.222 ms
 Execution Time: 783.201 ms
(10 rows)

