SET
SET
SET
SET
SET
                                                                   QUERY PLAN                                                                    
-------------------------------------------------------------------------------------------------------------------------------------------------
 Index Scan Backward using idx on public.t (actual rows=5048576.00 loops=1)
   Output: a, b
   Index Cond: ((t.a >= 10398) AND (t.a <= 1272541))
   Index Searches: 1
   Prefetch: distance=267.476 count=1703420 stalls=1 skipped=3590648 resets=0 ungets=246028 forwarded=31
             histogram [2,4) => 2, [4,8) => 3, [8,16) => 5, [16,32) => 12, [32,64) => 2, [64,128) => 2, [128,256) => 78878, [256,512) => 1624516
   Buffers: shared hit=1214953 read=250152
 Settings: enable_bitmapscan = 'off', enable_seqscan = 'off', max_parallel_workers_per_gather = '0'
 Planning:
   Buffers: shared hit=78 read=26
 Planning Time: 2.182 ms
 Execution Time: 1751.856 ms
(12 rows)

SET
SET
SET
SET
SET
                                             QUERY PLAN                                             
----------------------------------------------------------------------------------------------------
 Index Scan Backward using idx on public.t (actual rows=5048576.00 loops=1)
   Output: a, b
   Index Cond: ((t.a >= 10398) AND (t.a <= 1272541))
   Index Searches: 1
   Buffers: shared hit=1465105
 Settings: enable_bitmapscan = 'off', enable_seqscan = 'off', max_parallel_workers_per_gather = '0'
 Planning:
   Buffers: shared hit=109
 Planning Time: 0.227 ms
 Execution Time: 501.923 ms
(10 rows)

