SET
SET
SET
SET
SET
                                                                   QUERY PLAN                                                                    
-------------------------------------------------------------------------------------------------------------------------------------------------
 Index Scan Backward using idx on public.t (actual rows=9048576.00 loops=1)
   Output: a, b
   Index Cond: ((t.a >= 862) AND (t.a <= 2263005))
   Index Searches: 1
   Prefetch: distance=267.466 count=3050088 stalls=1 skipped=6436234 resets=0 ungets=438350 forwarded=66
             histogram [2,4) => 2, [4,8) => 6, [8,16) => 7, [16,32) => 8, [32,64) => 2, [64,128) => 2, [128,256) => 141306, [256,512) => 2908755
   Buffers: shared hit=2179738 read=445723
 Settings: enable_bitmapscan = 'off', enable_seqscan = 'off', max_parallel_workers_per_gather = '0'
 Planning:
   Buffers: shared hit=78 read=26
 Planning Time: 2.192 ms
 Execution Time: 3109.259 ms
(12 rows)

SET
SET
SET
SET
SET
                                             QUERY PLAN                                             
----------------------------------------------------------------------------------------------------
 Index Scan Backward using idx on public.t (actual rows=9048576.00 loops=1)
   Output: a, b
   Index Cond: ((t.a >= 862) AND (t.a <= 2263005))
   Index Searches: 1
   Buffers: shared hit=2625462
 Settings: enable_bitmapscan = 'off', enable_seqscan = 'off', max_parallel_workers_per_gather = '0'
 Planning:
   Buffers: shared hit=109
 Planning Time: 0.226 ms
 Execution Time: 916.233 ms
(10 rows)

