SET
SET
SET
SET
SET
                                                               QUERY PLAN                                                                
-----------------------------------------------------------------------------------------------------------------------------------------
 Index Scan using idx on public.t (actual rows=1024.00 loops=1)
   Output: a, b
   Index Cond: ((t.a >= 130) AND (t.a <= 385))
   Index Searches: 1
   Prefetch: distance=255.778 count=418 stalls=1 skipped=612 resets=0 ungets=170 forwarded=5
             histogram [2,4) => 2, [4,8) => 4, [8,16) => 5, [16,32) => 10, [32,64) => 4, [64,128) => 2, [128,256) => 3, [256,512) => 388
   Buffers: shared hit=45 read=259
 Settings: enable_bitmapscan = 'off', enable_seqscan = 'off', max_parallel_workers_per_gather = '0'
 Planning:
   Buffers: shared hit=86 read=26
 Planning Time: 1.347 ms
 Execution Time: 5.184 ms
(12 rows)

SET
SET
SET
SET
SET
                                             QUERY PLAN                                             
----------------------------------------------------------------------------------------------------
 Index Scan using idx on public.t (actual rows=1024.00 loops=1)
   Output: a, b
   Index Cond: ((t.a >= 130) AND (t.a <= 385))
   Index Searches: 1
   Buffers: shared hit=304
 Settings: enable_bitmapscan = 'off', enable_seqscan = 'off', max_parallel_workers_per_gather = '0'
 Planning:
   Buffers: shared hit=117
 Planning Time: 0.167 ms
 Execution Time: 0.298 ms
(10 rows)

