SET
SET
SET
SET
SET
                                                                QUERY PLAN                                                                
------------------------------------------------------------------------------------------------------------------------------------------
 Index Scan using idx on public.t (actual rows=512.00 loops=1)
   Output: a, b
   Index Cond: ((t.a >= 2270) AND (t.a <= 2397))
   Index Searches: 1
   Prefetch: distance=216.269 count=145 stalls=1 skipped=223 resets=0 ungets=52 forwarded=1
             histogram [2,4) => 2, [4,8) => 5, [8,16) => 11, [16,32) => 10, [32,64) => 2, [64,128) => 2, [128,256) => 2, [256,512) => 111
   Buffers: shared hit=14 read=141
 Settings: enable_bitmapscan = 'off', enable_seqscan = 'off', max_parallel_workers_per_gather = '0'
 Planning:
   Buffers: shared hit=86 read=26
 Planning Time: 1.152 ms
 Execution Time: 5.244 ms
(12 rows)

SET
SET
SET
SET
SET
                                             QUERY PLAN                                             
----------------------------------------------------------------------------------------------------
 Index Scan using idx on public.t (actual rows=512.00 loops=1)
   Output: a, b
   Index Cond: ((t.a >= 2270) AND (t.a <= 2397))
   Index Searches: 1
   Buffers: shared hit=155
 Settings: enable_bitmapscan = 'off', enable_seqscan = 'off', max_parallel_workers_per_gather = '0'
 Planning:
   Buffers: shared hit=117
 Planning Time: 0.227 ms
 Execution Time: 0.224 ms
(10 rows)

