SET
SET
SET
SET
SET
                                                                    QUERY PLAN                                                                    
--------------------------------------------------------------------------------------------------------------------------------------------------
 Index Scan using idx on public.t (actual rows=9048576.00 loops=1)
   Output: a, b
   Index Cond: ((t.a >= 12503) AND (t.a <= 2274646))
   Index Searches: 1
   Prefetch: distance=267.431 count=3020453 stalls=1 skipped=6436431 resets=0 ungets=408692 forwarded=26924
             histogram [2,4) => 6, [4,8) => 3, [8,16) => 8, [16,32) => 13, [32,64) => 3, [64,128) => 2, [128,256) => 139602, [256,512) => 2880816
   Buffers: shared hit=2178698 read=446663
 Settings: enable_bitmapscan = 'off', enable_seqscan = 'off', max_parallel_workers_per_gather = '0'
 Planning:
   Buffers: shared hit=82 read=26
 Planning Time: 2.184 ms
 Execution Time: 2720.589 ms
(12 rows)

SET
SET
SET
SET
SET
                                             QUERY PLAN                                             
----------------------------------------------------------------------------------------------------
 Index Scan using idx on public.t (actual rows=9048576.00 loops=1)
   Output: a, b
   Index Cond: ((t.a >= 12503) AND (t.a <= 2274646))
   Index Searches: 1
   Buffers: shared hit=2625424
 Settings: enable_bitmapscan = 'off', enable_seqscan = 'off', max_parallel_workers_per_gather = '0'
 Planning:
   Buffers: shared hit=113
 Planning Time: 0.235 ms
 Execution Time: 916.773 ms
(10 rows)

