SET
SET
SET
SET
SET
                                                                   QUERY PLAN                                                                   
------------------------------------------------------------------------------------------------------------------------------------------------
 Index Scan using idx on public.t (actual rows=1048576.00 loops=1)
   Output: a, b
   Index Cond: ((t.a >= 25929) AND (t.a <= 288072))
   Index Searches: 1
   Prefetch: distance=267.522 count=351366 stalls=1 skipped=745558 resets=0 ungets=48964 forwarded=3177
             histogram [2,4) => 2, [4,8) => 4, [8,16) => 12, [16,32) => 7, [32,64) => 3, [64,128) => 2, [128,256) => 15457, [256,512) => 335879
   Buffers: shared hit=250410 read=53736
 Settings: enable_bitmapscan = 'off', enable_seqscan = 'off', max_parallel_workers_per_gather = '0'
 Planning:
   Buffers: shared hit=82 read=22
 Planning Time: 1.867 ms
 Execution Time: 339.467 ms
(12 rows)

SET
SET
SET
SET
SET
                                             QUERY PLAN                                             
----------------------------------------------------------------------------------------------------
 Index Scan using idx on public.t (actual rows=1048576.00 loops=1)
   Output: a, b
   Index Cond: ((t.a >= 25929) AND (t.a <= 288072))
   Index Searches: 1
   Buffers: shared hit=304156
 Settings: enable_bitmapscan = 'off', enable_seqscan = 'off', max_parallel_workers_per_gather = '0'
 Planning:
   Buffers: shared hit=109
 Planning Time: 0.220 ms
 Execution Time: 108.668 ms
(10 rows)

