SET
SET
SET
SET
SET
                                                                    QUERY PLAN                                                                    
--------------------------------------------------------------------------------------------------------------------------------------------------
 Index Scan using idx on public.t (actual rows=4048576.00 loops=1)
   Output: a, b
   Index Cond: ((t.a >= 17366) AND (t.a <= 1029509))
   Index Searches: 1
   Prefetch: distance=267.444 count=1352579 stalls=1 skipped=2879403 resets=0 ungets=183850 forwarded=12079
             histogram [2,4) => 2, [4,8) => 3, [8,16) => 12, [16,32) => 13, [32,64) => 2, [64,128) => 2, [128,256) => 61962, [256,512) => 1290583
   Buffers: shared hit=973814 read=201080
 Settings: enable_bitmapscan = 'off', enable_seqscan = 'off', max_parallel_workers_per_gather = '0'
 Planning:
   Buffers: shared hit=82 read=26
 Planning Time: 2.190 ms
 Execution Time: 1221.388 ms
(12 rows)

SET
SET
SET
SET
SET
                                             QUERY PLAN                                             
----------------------------------------------------------------------------------------------------
 Index Scan using idx on public.t (actual rows=4048576.00 loops=1)
   Output: a, b
   Index Cond: ((t.a >= 17366) AND (t.a <= 1029509))
   Index Searches: 1
   Buffers: shared hit=1174926
 Settings: enable_bitmapscan = 'off', enable_seqscan = 'off', max_parallel_workers_per_gather = '0'
 Planning:
   Buffers: shared hit=113
 Planning Time: 0.243 ms
 Execution Time: 418.402 ms
(10 rows)

