SET
SET
SET
SET
SET
                                                                   QUERY PLAN                                                                    
-------------------------------------------------------------------------------------------------------------------------------------------------
 Index Scan using idx on public.t (actual rows=6048576.00 loops=1)
   Output: a, b
   Index Cond: ((t.a >= 1691) AND (t.a <= 1513834))
   Index Searches: 1
   Prefetch: distance=267.408 count=2018937 stalls=1 skipped=4302077 resets=0 ungets=272982 forwarded=18018
             histogram [2,4) => 2, [4,8) => 3, [8,16) => 13, [16,32) => 7, [32,64) => 3, [64,128) => 2, [128,256) => 94631, [256,512) => 1924276
   Buffers: shared hit=1456630 read=298491
 Settings: enable_bitmapscan = 'off', enable_seqscan = 'off', max_parallel_workers_per_gather = '0'
 Planning:
   Buffers: shared hit=82 read=26
 Planning Time: 2.158 ms
 Execution Time: 1821.483 ms
(12 rows)

SET
SET
SET
SET
SET
                                             QUERY PLAN                                             
----------------------------------------------------------------------------------------------------
 Index Scan using idx on public.t (actual rows=6048576.00 loops=1)
   Output: a, b
   Index Cond: ((t.a >= 1691) AND (t.a <= 1513834))
   Index Searches: 1
   Buffers: shared hit=1755162
 Settings: enable_bitmapscan = 'off', enable_seqscan = 'off', max_parallel_workers_per_gather = '0'
 Planning:
   Buffers: shared hit=113
 Planning Time: 0.288 ms
 Execution Time: 608.895 ms
(10 rows)

