SET
SET
SET
SET
SET
                                                                  QUERY PLAN                                                                   
-----------------------------------------------------------------------------------------------------------------------------------------------
 Index Scan using idx on public.t (actual rows=1048576.00 loops=1)
   Output: a, b
   Index Cond: ((t.a >= 20932) AND (t.a <= 283075))
   Index Searches: 1
   Prefetch: distance=267.517 count=351354 stalls=1 skipped=745500 resets=0 ungets=48946 forwarded=3171
             histogram [2,4) => 8, [4,8) => 5, [8,16) => 7, [16,32) => 7, [32,64) => 3, [64,128) => 2, [128,256) => 15425, [256,512) => 335897
   Buffers: shared hit=250445 read=53726
 Settings: enable_bitmapscan = 'off', enable_seqscan = 'off', max_parallel_workers_per_gather = '0'
 Planning:
   Buffers: shared hit=82 read=26
 Planning Time: 2.195 ms
 Execution Time: 341.512 ms
(12 rows)

SET
SET
SET
SET
SET
                                             QUERY PLAN                                             
----------------------------------------------------------------------------------------------------
 Index Scan using idx on public.t (actual rows=1048576.00 loops=1)
   Output: a, b
   Index Cond: ((t.a >= 20932) AND (t.a <= 283075))
   Index Searches: 1
   Buffers: shared hit=304180
 Settings: enable_bitmapscan = 'off', enable_seqscan = 'off', max_parallel_workers_per_gather = '0'
 Planning:
   Buffers: shared hit=113
 Planning Time: 0.223 ms
 Execution Time: 115.076 ms
(10 rows)

