SET
SET
SET
SET
SET
                                                                   QUERY PLAN                                                                   
------------------------------------------------------------------------------------------------------------------------------------------------
 Index Scan using idx on public.t (actual rows=5048576.00 loops=1)
   Output: a, b
   Index Cond: ((t.a >= 8476) AND (t.a <= 1270619))
   Index Searches: 1
   Prefetch: distance=267.427 count=1686183 stalls=1 skipped=3590845 resets=0 ungets=228744 forwarded=15111
             histogram [2,4) => 2, [4,8) => 3, [8,16) => 5, [16,32) => 9, [32,64) => 6, [64,128) => 2, [128,256) => 78275, [256,512) => 1607881
   Buffers: shared hit=1214969 read=250088
 Settings: enable_bitmapscan = 'off', enable_seqscan = 'off', max_parallel_workers_per_gather = '0'
 Planning:
   Buffers: shared hit=82 read=26
 Planning Time: 2.196 ms
 Execution Time: 1522.969 ms
(12 rows)

SET
SET
SET
SET
SET
                                             QUERY PLAN                                             
----------------------------------------------------------------------------------------------------
 Index Scan using idx on public.t (actual rows=5048576.00 loops=1)
   Output: a, b
   Index Cond: ((t.a >= 8476) AND (t.a <= 1270619))
   Index Searches: 1
   Buffers: shared hit=1465093
 Settings: enable_bitmapscan = 'off', enable_seqscan = 'off', max_parallel_workers_per_gather = '0'
 Planning:
   Buffers: shared hit=113
 Planning Time: 0.271 ms
 Execution Time: 520.723 ms
(10 rows)

