SET
SET
SET
SET
SET
                                                               QUERY PLAN                                                                
-----------------------------------------------------------------------------------------------------------------------------------------
 Index Scan using idx on public.t (actual rows=1024.00 loops=1)
   Output: a, b
   Index Cond: ((t.a >= 15234) AND (t.a <= 15489))
   Index Searches: 1
   Prefetch: distance=244.165 count=284 stalls=1 skipped=395 resets=0 ungets=115 forwarded=2
             histogram [2,4) => 4, [4,8) => 5, [8,16) => 6, [16,32) => 10, [32,64) => 3, [64,128) => 3, [128,256) => 2, [256,512) => 251
   Buffers: shared hit=14 read=296
 Settings: enable_bitmapscan = 'off', enable_seqscan = 'off', max_parallel_workers_per_gather = '0'
 Planning:
   Buffers: shared hit=86 read=26
 Planning Time: 1.010 ms
 Execution Time: 10.959 ms
(12 rows)

SET
SET
SET
SET
SET
                                             QUERY PLAN                                             
----------------------------------------------------------------------------------------------------
 Index Scan using idx on public.t (actual rows=1024.00 loops=1)
   Output: a, b
   Index Cond: ((t.a >= 15234) AND (t.a <= 15489))
   Index Searches: 1
   Buffers: shared hit=310
 Settings: enable_bitmapscan = 'off', enable_seqscan = 'off', max_parallel_workers_per_gather = '0'
 Planning:
   Buffers: shared hit=117
 Planning Time: 0.140 ms
 Execution Time: 0.286 ms
(10 rows)

