SET
SET
SET
SET
SET
                                                               QUERY PLAN                                                                
-----------------------------------------------------------------------------------------------------------------------------------------
 Index Scan using idx on public.t (actual rows=8192.00 loops=1)
   Output: a, b
   Index Cond: ((t.a >= 11115) AND (t.a <= 13162))
   Index Searches: 1
   Prefetch: distance=269.861 count=3647 stalls=1 skipped=5480 resets=0 ungets=1439 forwarded=65
             histogram [2,4) => 2, [4,8) => 7, [8,16) => 7, [16,32) => 7, [32,64) => 2, [64,128) => 2, [128,256) => 2, [256,512) => 3618
   Buffers: shared hit=606 read=1765
 Settings: enable_bitmapscan = 'off', enable_seqscan = 'off', max_parallel_workers_per_gather = '0'
 Planning:
   Buffers: shared hit=86 read=26
 Planning Time: 2.187 ms
 Execution Time: 20.759 ms
(12 rows)

SET
SET
SET
SET
SET
                                             QUERY PLAN                                             
----------------------------------------------------------------------------------------------------
 Index Scan using idx on public.t (actual rows=8192.00 loops=1)
   Output: a, b
   Index Cond: ((t.a >= 11115) AND (t.a <= 13162))
   Index Searches: 1
   Buffers: shared hit=2371
 Settings: enable_bitmapscan = 'off', enable_seqscan = 'off', max_parallel_workers_per_gather = '0'
 Planning:
   Buffers: shared hit=117
 Planning Time: 0.202 ms
 Execution Time: 1.698 ms
(10 rows)

