SET
SET
SET
SET
SET
                                                                 QUERY PLAN                                                                  
---------------------------------------------------------------------------------------------------------------------------------------------
 Index Scan using idx on public.t (actual rows=32768.00 loops=1)
   Output: a, b
   Index Cond: ((t.a >= 6966) AND (t.a <= 15157))
   Index Searches: 1
   Prefetch: distance=269.232 count=12482 stalls=1 skipped=23001 resets=0 ungets=3183 forwarded=211
             histogram [2,4) => 4, [4,8) => 4, [8,16) => 9, [16,32) => 11, [32,64) => 2, [64,128) => 2, [128,256) => 170, [256,512) => 12280
   Buffers: shared hit=5897 read=3586
 Settings: enable_bitmapscan = 'off', enable_seqscan = 'off', max_parallel_workers_per_gather = '0'
 Planning:
   Buffers: shared hit=86 read=26
 Planning Time: 2.170 ms
 Execution Time: 30.158 ms
(12 rows)

SET
SET
SET
SET
SET
                                             QUERY PLAN                                             
----------------------------------------------------------------------------------------------------
 Index Scan using idx on public.t (actual rows=32768.00 loops=1)
   Output: a, b
   Index Cond: ((t.a >= 6966) AND (t.a <= 15157))
   Index Searches: 1
   Buffers: shared hit=9483
 Settings: enable_bitmapscan = 'off', enable_seqscan = 'off', max_parallel_workers_per_gather = '0'
 Planning:
   Buffers: shared hit=117
 Planning Time: 0.208 ms
 Execution Time: 4.738 ms
(10 rows)

