SET
SET
SET
SET
SET
                                                                QUERY PLAN                                                                
------------------------------------------------------------------------------------------------------------------------------------------
 Index Scan using idx on public.t (actual rows=4096.00 loops=1)
   Output: a, b
   Index Cond: ((t.a >= 1557) AND (t.a <= 2580))
   Index Searches: 1
   Prefetch: distance=267.445 count=1798 stalls=1 skipped=2730 resets=0 ungets=692 forwarded=24
             histogram [2,4) => 2, [4,8) => 6, [8,16) => 11, [16,32) => 7, [32,64) => 2, [64,128) => 3, [128,256) => 2, [256,512) => 1765
   Buffers: shared hit=324 read=867
 Settings: enable_bitmapscan = 'off', enable_seqscan = 'off', max_parallel_workers_per_gather = '0'
 Planning:
   Buffers: shared hit=86 read=26
 Planning Time: 1.725 ms
 Execution Time: 11.208 ms
(12 rows)

SET
SET
SET
SET
SET
                                             QUERY PLAN                                             
----------------------------------------------------------------------------------------------------
 Index Scan using idx on public.t (actual rows=4096.00 loops=1)
   Output: a, b
   Index Cond: ((t.a >= 1557) AND (t.a <= 2580))
   Index Searches: 1
   Buffers: shared hit=1191
 Settings: enable_bitmapscan = 'off', enable_seqscan = 'off', max_parallel_workers_per_gather = '0'
 Planning:
   Buffers: shared hit=117
 Planning Time: 0.203 ms
 Execution Time: 0.976 ms
(10 rows)

