SET
SET
SET
SET
SET
                                                                  QUERY PLAN                                                                  
----------------------------------------------------------------------------------------------------------------------------------------------
 Index Scan using idx on public.t (actual rows=131072.00 loops=1)
   Output: a, b
   Index Cond: ((t.a >= 12723) AND (t.a <= 45490))
   Index Searches: 1
   Prefetch: distance=268.077 count=45575 stalls=1 skipped=93113 resets=0 ungets=7840 forwarded=501
             histogram [2,4) => 2, [4,8) => 4, [8,16) => 5, [16,32) => 14, [32,64) => 3, [64,128) => 2, [128,256) => 1582, [256,512) => 43963
   Buffers: shared hit=29307 read=8691
 Settings: enable_bitmapscan = 'off', enable_seqscan = 'off', max_parallel_workers_per_gather = '0'
 Planning:
   Buffers: shared hit=82 read=26
 Planning Time: 2.202 ms
 Execution Time: 57.148 ms
(12 rows)

SET
SET
SET
SET
SET
                                             QUERY PLAN                                             
----------------------------------------------------------------------------------------------------
 Index Scan using idx on public.t (actual rows=131072.00 loops=1)
   Output: a, b
   Index Cond: ((t.a >= 12723) AND (t.a <= 45490))
   Index Searches: 1
   Buffers: shared hit=37999
 Settings: enable_bitmapscan = 'off', enable_seqscan = 'off', max_parallel_workers_per_gather = '0'
 Planning:
   Buffers: shared hit=113
 Planning Time: 0.188 ms
 Execution Time: 12.822 ms
(10 rows)

