SET
SET
SET
SET
SET
                                                                   QUERY PLAN                                                                    
-------------------------------------------------------------------------------------------------------------------------------------------------
 Index Scan using idx on public.t (actual rows=7048576.00 loops=1)
   Output: a, b
   Index Cond: ((t.a >= 26278) AND (t.a <= 1788421))
   Index Searches: 1
   Prefetch: distance=267.430 count=2353529 stalls=1 skipped=5013882 resets=0 ungets=318867 forwarded=20959
             histogram [2,4) => 2, [4,8) => 4, [8,16) => 6, [16,32) => 9, [32,64) => 4, [64,128) => 2, [128,256) => 108984, [256,512) => 2244518
   Buffers: shared hit=1696750 read=348437
 Settings: enable_bitmapscan = 'off', enable_seqscan = 'off', max_parallel_workers_per_gather = '0'
 Planning:
   Buffers: shared hit=82 read=22
 Planning Time: 1.870 ms
 Execution Time: 2092.443 ms
(12 rows)

SET
SET
SET
SET
SET
                                             QUERY PLAN                                             
----------------------------------------------------------------------------------------------------
 Index Scan using idx on public.t (actual rows=7048576.00 loops=1)
   Output: a, b
   Index Cond: ((t.a >= 26278) AND (t.a <= 1788421))
   Index Searches: 1
   Buffers: shared hit=2045229
 Settings: enable_bitmapscan = 'off', enable_seqscan = 'off', max_parallel_workers_per_gather = '0'
 Planning:
   Buffers: shared hit=109
 Planning Time: 0.241 ms
 Execution Time: 717.992 ms
(10 rows)

