SET
SET
SET
SET
SET
                                                               QUERY PLAN                                                                
-----------------------------------------------------------------------------------------------------------------------------------------
 Index Scan using idx on public.t (actual rows=2048.00 loops=1)
   Output: a, b
   Index Cond: ((t.a >= 21488) AND (t.a <= 21999))
   Index Searches: 1
   Prefetch: distance=262.244 count=809 stalls=1 skipped=1137 resets=0 ungets=346 forwarded=5
             histogram [2,4) => 2, [4,8) => 6, [8,16) => 10, [16,32) => 9, [32,64) => 2, [64,128) => 2, [128,256) => 2, [256,512) => 776
   Buffers: shared hit=55 read=546
 Settings: enable_bitmapscan = 'off', enable_seqscan = 'off', max_parallel_workers_per_gather = '0'
 Planning:
   Buffers: shared hit=86 read=26
 Planning Time: 1.024 ms
 Execution Time: 12.314 ms
(12 rows)

SET
SET
SET
SET
SET
                                             QUERY PLAN                                             
----------------------------------------------------------------------------------------------------
 Index Scan using idx on public.t (actual rows=2048.00 loops=1)
   Output: a, b
   Index Cond: ((t.a >= 21488) AND (t.a <= 21999))
   Index Searches: 1
   Buffers: shared hit=601
 Settings: enable_bitmapscan = 'off', enable_seqscan = 'off', max_parallel_workers_per_gather = '0'
 Planning:
   Buffers: shared hit=117
 Planning Time: 0.153 ms
 Execution Time: 0.630 ms
(10 rows)

