SET
SET
SET
SET
SET
                                                                  QUERY PLAN                                                                   
-----------------------------------------------------------------------------------------------------------------------------------------------
 Index Scan using idx on public.t (actual rows=262144.00 loops=1)
   Output: a, b
   Index Cond: ((t.a >= 6447) AND (t.a <= 71982))
   Index Searches: 1
   Prefetch: distance=267.579 count=88837 stalls=1 skipped=186056 resets=0 ungets=13397 forwarded=871
             histogram [2,4) => 2, [4,8) => 3, [8,16) => 11, [16,32) => 13, [32,64) => 2, [64,128) => 3, [128,256) => 3989, [256,512) => 84814
   Buffers: shared hit=61163 read=14857
 Settings: enable_bitmapscan = 'off', enable_seqscan = 'off', max_parallel_workers_per_gather = '0'
 Planning:
   Buffers: shared hit=82 read=26
 Planning Time: 2.177 ms
 Execution Time: 100.310 ms
(12 rows)

SET
SET
SET
SET
SET
                                             QUERY PLAN                                             
----------------------------------------------------------------------------------------------------
 Index Scan using idx on public.t (actual rows=262144.00 loops=1)
   Output: a, b
   Index Cond: ((t.a >= 6447) AND (t.a <= 71982))
   Index Searches: 1
   Buffers: shared hit=76023
 Settings: enable_bitmapscan = 'off', enable_seqscan = 'off', max_parallel_workers_per_gather = '0'
 Planning:
   Buffers: shared hit=113
 Planning Time: 0.220 ms
 Execution Time: 27.477 ms
(10 rows)

