SET
SET
SET
SET
SET
                                                                   QUERY PLAN                                                                   
------------------------------------------------------------------------------------------------------------------------------------------------
 Index Scan using idx on public.t (actual rows=5048576.00 loops=1)
   Output: a, b
   Index Cond: ((t.a >= 20277) AND (t.a <= 1282420))
   Index Searches: 1
   Prefetch: distance=267.432 count=1686395 stalls=1 skipped=3591007 resets=0 ungets=228894 forwarded=15076
             histogram [2,4) => 2, [4,8) => 3, [8,16) => 5, [16,32) => 9, [32,64) => 3, [64,128) => 2, [128,256) => 78066, [256,512) => 1608305
   Buffers: shared hit=1214832 read=250214
 Settings: enable_bitmapscan = 'off', enable_seqscan = 'off', max_parallel_workers_per_gather = '0'
 Planning:
   Buffers: shared hit=82 read=26
 Planning Time: 2.171 ms
 Execution Time: 1519.733 ms
(12 rows)

SET
SET
SET
SET
SET
                                             QUERY PLAN                                             
----------------------------------------------------------------------------------------------------
 Index Scan using idx on public.t (actual rows=5048576.00 loops=1)
   Output: a, b
   Index Cond: ((t.a >= 20277) AND (t.a <= 1282420))
   Index Searches: 1
   Buffers: shared hit=1465083
 Settings: enable_bitmapscan = 'off', enable_seqscan = 'off', max_parallel_workers_per_gather = '0'
 Planning:
   Buffers: shared hit=113
 Planning Time: 0.222 ms
 Execution Time: 526.561 ms
(10 rows)

