SET
SET
SET
SET
SET
                                                                   QUERY PLAN                                                                   
------------------------------------------------------------------------------------------------------------------------------------------------
 Index Scan using idx on public.t (actual rows=6048576.00 loops=1)
   Output: a, b
   Index Cond: ((t.a >= 23747) AND (t.a <= 1535890))
   Index Searches: 1
   Prefetch: distance=267.435 count=2019777 stalls=1 skipped=4301945 resets=0 ungets=273738 forwarded=17994
             histogram [2,4) => 2, [4,8) => 8, [8,16) => 9, [16,32) => 9, [32,64) => 3, [64,128) => 2, [128,256) => 93124, [256,512) => 1926620
   Buffers: shared hit=1455905 read=299323
 Settings: enable_bitmapscan = 'off', enable_seqscan = 'off', max_parallel_workers_per_gather = '0'
 Planning:
   Buffers: shared hit=82 read=26
 Planning Time: 2.170 ms
 Execution Time: 1821.328 ms
(12 rows)

SET
SET
SET
SET
SET
                                             QUERY PLAN                                             
----------------------------------------------------------------------------------------------------
 Index Scan using idx on public.t (actual rows=6048576.00 loops=1)
   Output: a, b
   Index Cond: ((t.a >= 23747) AND (t.a <= 1535890))
   Index Searches: 1
   Buffers: shared hit=1755272
 Settings: enable_bitmapscan = 'off', enable_seqscan = 'off', max_parallel_workers_per_gather = '0'
 Planning:
   Buffers: shared hit=113
 Planning Time: 0.221 ms
 Execution Time: 625.452 ms
(10 rows)

