SET
SET
SET
SET
SET
                                                                   QUERY PLAN                                                                   
------------------------------------------------------------------------------------------------------------------------------------------------
 Index Scan using idx on public.t (actual rows=3048576.00 loops=1)
   Output: a, b
   Index Cond: ((t.a >= 29780) AND (t.a <= 791923))
   Index Searches: 1
   Prefetch: distance=267.446 count=1018791 stalls=1 skipped=2167977 resets=0 ungets=138856 forwarded=9084
             histogram [2,4) => 2, [4,8) => 3, [8,16) => 5, [16,32) => 13, [32,64) => 6, [64,128) => 2, [128,256) => 46742, [256,512) => 972018
   Buffers: shared hit=732716 read=151959
 Settings: enable_bitmapscan = 'off', enable_seqscan = 'off', max_parallel_workers_per_gather = '0'
 Planning:
   Buffers: shared hit=82 read=22
 Planning Time: 1.895 ms
 Execution Time: 938.566 ms
(12 rows)

SET
SET
SET
SET
SET
                                             QUERY PLAN                                             
----------------------------------------------------------------------------------------------------
 Index Scan using idx on public.t (actual rows=3048576.00 loops=1)
   Output: a, b
   Index Cond: ((t.a >= 29780) AND (t.a <= 791923))
   Index Searches: 1
   Buffers: shared hit=884696
 Settings: enable_bitmapscan = 'off', enable_seqscan = 'off', max_parallel_workers_per_gather = '0'
 Planning:
   Buffers: shared hit=109
 Planning Time: 0.217 ms
 Execution Time: 303.644 ms
(10 rows)

