SET
SET
SET
SET
SET
                                                                   QUERY PLAN                                                                    
-------------------------------------------------------------------------------------------------------------------------------------------------
 Index Scan using idx on public.t (actual rows=9048576.00 loops=1)
   Output: a, b
   Index Cond: ((t.a >= 2943) AND (t.a <= 2265086))
   Index Searches: 1
   Prefetch: distance=267.420 count=3019931 stalls=1 skipped=6436516 resets=0 ungets=408091 forwarded=26868
             histogram [2,4) => 2, [4,8) => 7, [8,16) => 7, [16,32) => 8, [32,64) => 2, [64,128) => 3, [128,256) => 140530, [256,512) => 2879372
   Buffers: shared hit=2179368 read=446044
 Settings: enable_bitmapscan = 'off', enable_seqscan = 'off', max_parallel_workers_per_gather = '0'
 Planning:
   Buffers: shared hit=82 read=26
 Planning Time: 2.225 ms
 Execution Time: 2708.233 ms
(12 rows)

SET
SET
SET
SET
SET
                                             QUERY PLAN                                             
----------------------------------------------------------------------------------------------------
 Index Scan using idx on public.t (actual rows=9048576.00 loops=1)
   Output: a, b
   Index Cond: ((t.a >= 2943) AND (t.a <= 2265086))
   Index Searches: 1
   Buffers: shared hit=2625459
 Settings: enable_bitmapscan = 'off', enable_seqscan = 'off', max_parallel_workers_per_gather = '0'
 Planning:
   Buffers: shared hit=113
 Planning Time: 0.214 ms
 Execution Time: 914.161 ms
(10 rows)

