SET
SET
SET
SET
SET
                                             QUERY PLAN                                             
----------------------------------------------------------------------------------------------------
 Index Scan Backward using idx on public.t (actual rows=2048.00 loops=1)
   Output: a, b
   Index Cond: ((t.a >= '-27620'::integer) AND (t.a <= '-27109'::integer))
   Index Searches: 1
   Prefetch: distance=2.097 count=186 stalls=1577 skipped=26 resets=0 ungets=0 forwarded=0
             histogram [2,4) => 180, [4,8) => 6
   Buffers: shared hit=1839 read=189
 Settings: enable_bitmapscan = 'off', enable_seqscan = 'off', max_parallel_workers_per_gather = '0'
 Planning:
   Buffers: shared hit=82 read=26
 Planning Time: 1.897 ms
 Execution Time: 12.946 ms
(12 rows)

SET
SET
SET
SET
SET
                                             QUERY PLAN                                             
----------------------------------------------------------------------------------------------------
 Index Scan Backward using idx on public.t (actual rows=2048.00 loops=1)
   Output: a, b
   Index Cond: ((t.a >= '-27620'::integer) AND (t.a <= '-27109'::integer))
   Index Searches: 1
   Buffers: shared hit=2028
 Settings: enable_bitmapscan = 'off', enable_seqscan = 'off', max_parallel_workers_per_gather = '0'
 Planning:
   Buffers: shared hit=113
 Planning Time: 0.192 ms
 Execution Time: 0.469 ms
(10 rows)

