SET
SET
SET
SET
SET
                                                                QUERY PLAN                                                                 
-------------------------------------------------------------------------------------------------------------------------------------------
 Index Scan Backward using idx on public.t (actual rows=4096.00 loops=1)
   Output: a, b
   Index Cond: ((t.a >= '-20048'::integer) AND (t.a <= '-19025'::integer))
   Index Searches: 1
   Prefetch: distance=263.010 count=4458 stalls=1 skipped=55 resets=0 ungets=449 forwarded=1
             histogram [2,4) => 4, [4,8) => 4, [8,16) => 6, [16,32) => 9, [32,64) => 5, [64,128) => 4, [128,256) => 550, [256,512) => 3876
   Buffers: shared hit=3758 read=295
 Settings: enable_bitmapscan = 'off', enable_seqscan = 'off', max_parallel_workers_per_gather = '0'
 Planning:
   Buffers: shared hit=82 read=26
 Planning Time: 1.858 ms
 Execution Time: 8.263 ms
(12 rows)

SET
SET
SET
SET
SET
                                             QUERY PLAN                                             
----------------------------------------------------------------------------------------------------
 Index Scan Backward using idx on public.t (actual rows=4096.00 loops=1)
   Output: a, b
   Index Cond: ((t.a >= '-20048'::integer) AND (t.a <= '-19025'::integer))
   Index Searches: 1
   Buffers: shared hit=4053
 Settings: enable_bitmapscan = 'off', enable_seqscan = 'off', max_parallel_workers_per_gather = '0'
 Planning:
   Buffers: shared hit=113
 Planning Time: 0.185 ms
 Execution Time: 0.760 ms
(10 rows)

