SET
SET
SET
SET
SET
                                                                   QUERY PLAN                                                                   
------------------------------------------------------------------------------------------------------------------------------------------------
 Index Scan Backward using idx on public.t (actual rows=65536.00 loops=1)
   Output: a, b
   Index Cond: ((t.a >= '-29409'::integer) AND (t.a <= '-13026'::integer))
   Index Searches: 1
   Prefetch: distance=263.910 count=70959 stalls=2 skipped=960 resets=0 ungets=6452 forwarded=0
             histogram [2,4) => 2, [4,8) => 6, [8,16) => 6, [16,32) => 13, [32,64) => 10, [64,128) => 2, [128,256) => 10319, [256,512) => 60601
   Buffers: shared hit=61372 read=3309
 Settings: enable_bitmapscan = 'off', enable_seqscan = 'off', max_parallel_workers_per_gather = '0'
 Planning:
   Buffers: shared hit=82 read=26
 Planning Time: 1.910 ms
 Execution Time: 75.858 ms
(12 rows)

SET
SET
SET
SET
SET
                                             QUERY PLAN                                             
----------------------------------------------------------------------------------------------------
 Index Scan Backward using idx on public.t (actual rows=65536.00 loops=1)
   Output: a, b
   Index Cond: ((t.a >= '-29409'::integer) AND (t.a <= '-13026'::integer))
   Index Searches: 1
   Buffers: shared hit=64681
 Settings: enable_bitmapscan = 'off', enable_seqscan = 'off', max_parallel_workers_per_gather = '0'
 Planning:
   Buffers: shared hit=113
 Planning Time: 0.199 ms
 Execution Time: 6.881 ms
(10 rows)

