SET
SET
SET
SET
SET
                                                              QUERY PLAN                                                               
---------------------------------------------------------------------------------------------------------------------------------------
 Index Scan using idx on public.t (actual rows=512.00 loops=1)
   Output: a, b
   Index Cond: ((t.a >= 10336) AND (t.a <= 10463))
   Index Searches: 1
   Prefetch: distance=77.256 count=39 stalls=1 skipped=83 resets=0 ungets=6 forwarded=0
             histogram [2,4) => 2, [4,8) => 7, [8,16) => 10, [16,32) => 7, [32,64) => 2, [64,128) => 2, [128,256) => 3, [256,512) => 6
   Buffers: shared hit=8 read=143
 Settings: enable_bitmapscan = 'off', enable_seqscan = 'off', max_parallel_workers_per_gather = '0'
 Planning:
   Buffers: shared hit=86 read=26
 Planning Time: 1.031 ms
 Execution Time: 8.556 ms
(12 rows)

SET
SET
SET
SET
SET
                                             QUERY PLAN                                             
----------------------------------------------------------------------------------------------------
 Index Scan using idx on public.t (actual rows=512.00 loops=1)
   Output: a, b
   Index Cond: ((t.a >= 10336) AND (t.a <= 10463))
   Index Searches: 1
   Buffers: shared hit=151
 Settings: enable_bitmapscan = 'off', enable_seqscan = 'off', max_parallel_workers_per_gather = '0'
 Planning:
   Buffers: shared hit=117
 Planning Time: 0.188 ms
 Execution Time: 0.216 ms
(10 rows)

