SET
SET
SET
SET
SET
                                                                   QUERY PLAN                                                                    
-------------------------------------------------------------------------------------------------------------------------------------------------
 Index Scan using idx on public.t (actual rows=4048576.00 loops=1)
   Output: a, b
   Index Cond: ((t.a >= 32676) AND (t.a <= 1044819))
   Index Searches: 1
   Prefetch: distance=267.445 count=1352705 stalls=1 skipped=2879572 resets=0 ungets=183929 forwarded=12067
             histogram [2,4) => 2, [4,8) => 3, [8,16) => 5, [16,32) => 11, [32,64) => 7, [64,128) => 2, [128,256) => 61907, [256,512) => 1290768
   Buffers: shared hit=973796 read=201083
 Settings: enable_bitmapscan = 'off', enable_seqscan = 'off', max_parallel_workers_per_gather = '0'
 Planning:
   Buffers: shared hit=82 read=22
 Planning Time: 1.888 ms
 Execution Time: 1222.856 ms
(12 rows)

SET
SET
SET
SET
SET
                                             QUERY PLAN                                             
----------------------------------------------------------------------------------------------------
 Index Scan using idx on public.t (actual rows=4048576.00 loops=1)
   Output: a, b
   Index Cond: ((t.a >= 32676) AND (t.a <= 1044819))
   Index Searches: 1
   Buffers: shared hit=1174908
 Settings: enable_bitmapscan = 'off', enable_seqscan = 'off', max_parallel_workers_per_gather = '0'
 Planning:
   Buffers: shared hit=109
 Planning Time: 0.208 ms
 Execution Time: 412.156 ms
(10 rows)

