SET
SET
SET
SET
SET
                                                                  QUERY PLAN                                                                   
-----------------------------------------------------------------------------------------------------------------------------------------------
 Index Scan using idx on public.t (actual rows=3048576.00 loops=1)
   Output: a, b
   Index Cond: ((t.a >= 10727) AND (t.a <= 772870))
   Index Searches: 1
   Prefetch: distance=267.449 count=1018720 stalls=1 skipped=2168103 resets=0 ungets=138851 forwarded=9082
             histogram [2,4) => 2, [4,8) => 3, [8,16) => 6, [16,32) => 9, [32,64) => 5, [64,128) => 2, [128,256) => 46602, [256,512) => 972091
   Buffers: shared hit=732674 read=151928
 Settings: enable_bitmapscan = 'off', enable_seqscan = 'off', max_parallel_workers_per_gather = '0'
 Planning:
   Buffers: shared hit=82 read=26
 Planning Time: 2.192 ms
 Execution Time: 937.039 ms
(12 rows)

SET
SET
SET
SET
SET
                                             QUERY PLAN                                             
----------------------------------------------------------------------------------------------------
 Index Scan using idx on public.t (actual rows=3048576.00 loops=1)
   Output: a, b
   Index Cond: ((t.a >= 10727) AND (t.a <= 772870))
   Index Searches: 1
   Buffers: shared hit=884620
 Settings: enable_bitmapscan = 'off', enable_seqscan = 'off', max_parallel_workers_per_gather = '0'
 Planning:
   Buffers: shared hit=113
 Planning Time: 0.219 ms
 Execution Time: 309.640 ms
(10 rows)

