SET
SET
SET
SET
SET
                                                                   QUERY PLAN                                                                    
-------------------------------------------------------------------------------------------------------------------------------------------------
 Index Scan using idx on public.t (actual rows=7048576.00 loops=1)
   Output: a, b
   Index Cond: ((t.a >= 21741) AND (t.a <= 1783884))
   Index Searches: 1
   Prefetch: distance=267.428 count=2353222 stalls=1 skipped=5013466 resets=0 ungets=318700 forwarded=20962
             histogram [2,4) => 2, [4,8) => 3, [8,16) => 5, [16,32) => 9, [32,64) => 6, [64,128) => 2, [128,256) => 109150, [256,512) => 2244045
   Buffers: shared hit=1696765 read=348442
 Settings: enable_bitmapscan = 'off', enable_seqscan = 'off', max_parallel_workers_per_gather = '0'
 Planning:
   Buffers: shared hit=82 read=26
 Planning Time: 2.194 ms
 Execution Time: 2129.488 ms
(12 rows)

SET
SET
SET
SET
SET
                                             QUERY PLAN                                             
----------------------------------------------------------------------------------------------------
 Index Scan using idx on public.t (actual rows=7048576.00 loops=1)
   Output: a, b
   Index Cond: ((t.a >= 21741) AND (t.a <= 1783884))
   Index Searches: 1
   Buffers: shared hit=2045252
 Settings: enable_bitmapscan = 'off', enable_seqscan = 'off', max_parallel_workers_per_gather = '0'
 Planning:
   Buffers: shared hit=113
 Planning Time: 0.237 ms
 Execution Time: 731.785 ms
(10 rows)

