SET
SET
SET
SET
SET
                                                                   QUERY PLAN                                                                    
-------------------------------------------------------------------------------------------------------------------------------------------------
 Index Scan using idx on public.t (actual rows=8048576.00 loops=1)
   Output: a, b
   Index Cond: ((t.a >= 30059) AND (t.a <= 2042202))
   Index Searches: 1
   Prefetch: distance=267.430 count=2686631 stalls=1 skipped=5725051 resets=0 ungets=363570 forwarded=23912
             histogram [2,4) => 2, [4,8) => 3, [8,16) => 5, [16,32) => 9, [32,64) => 4, [64,128) => 3, [128,256) => 124290, [256,512) => 2562315
   Buffers: shared hit=1937707 read=397503
 Settings: enable_bitmapscan = 'off', enable_seqscan = 'off', max_parallel_workers_per_gather = '0'
 Planning:
   Buffers: shared hit=82 read=22
 Planning Time: 1.862 ms
 Execution Time: 2416.117 ms
(12 rows)

SET
SET
SET
SET
SET
                                             QUERY PLAN                                             
----------------------------------------------------------------------------------------------------
 Index Scan using idx on public.t (actual rows=8048576.00 loops=1)
   Output: a, b
   Index Cond: ((t.a >= 30059) AND (t.a <= 2042202))
   Index Searches: 1
   Buffers: shared hit=2335255
 Settings: enable_bitmapscan = 'off', enable_seqscan = 'off', max_parallel_workers_per_gather = '0'
 Planning:
   Buffers: shared hit=109
 Planning Time: 0.403 ms
 Execution Time: 792.678 ms
(10 rows)

