SET
SET
SET
SET
SET
                                                                    QUERY PLAN                                                                    
--------------------------------------------------------------------------------------------------------------------------------------------------
 Index Scan using idx on public.t (actual rows=9048576.00 loops=1)
   Output: a, b
   Index Cond: ((t.a >= 4631) AND (t.a <= 2266774))
   Index Searches: 1
   Prefetch: distance=267.423 count=3020137 stalls=1 skipped=6436462 resets=0 ungets=408315 forwarded=26883
             histogram [2,4) => 2, [4,8) => 6, [8,16) => 10, [16,32) => 8, [32,64) => 2, [64,128) => 2, [128,256) => 140261, [256,512) => 2879846
   Buffers: shared hit=2179175 read=446238
 Settings: enable_bitmapscan = 'off', enable_seqscan = 'off', max_parallel_workers_per_gather = '0'
 Planning:
   Buffers: shared hit=82 read=26
 Planning Time: 2.177 ms
 Execution Time: 2700.944 ms
(12 rows)

SET
SET
SET
SET
SET
                                             QUERY PLAN                                             
----------------------------------------------------------------------------------------------------
 Index Scan using idx on public.t (actual rows=9048576.00 loops=1)
   Output: a, b
   Index Cond: ((t.a >= 4631) AND (t.a <= 2266774))
   Index Searches: 1
   Buffers: shared hit=2625460
 Settings: enable_bitmapscan = 'off', enable_seqscan = 'off', max_parallel_workers_per_gather = '0'
 Planning:
   Buffers: shared hit=113
 Planning Time: 0.247 ms
 Execution Time: 910.362 ms
(10 rows)

