SET
SET
SET
SET
SET
                                                                    QUERY PLAN                                                                    
--------------------------------------------------------------------------------------------------------------------------------------------------
 Index Scan Backward using idx on public.t (actual rows=2048576.00 loops=1)
   Output: a, b
   Index Cond: ((t.a >= '-535085'::integer) AND (t.a <= '-22942'::integer))
   Index Searches: 1
   Prefetch: distance=263.919 count=2218895 stalls=2 skipped=30094 resets=0 ungets=200482 forwarded=6
             histogram [2,4) => 6, [4,8) => 6, [8,16) => 5, [16,32) => 22, [32,64) => 6, [64,128) => 2, [128,256) => 330677, [256,512) => 1888171
   Buffers: shared hit=1920848 read=100707
 Settings: enable_bitmapscan = 'off', enable_seqscan = 'off', max_parallel_workers_per_gather = '0'
 Planning:
   Buffers: shared hit=78 read=26
 Planning Time: 1.885 ms
 Execution Time: 2259.118 ms
(12 rows)

SET
SET
SET
SET
SET
                                             QUERY PLAN                                             
----------------------------------------------------------------------------------------------------
 Index Scan Backward using idx on public.t (actual rows=2048576.00 loops=1)
   Output: a, b
   Index Cond: ((t.a >= '-535085'::integer) AND (t.a <= '-22942'::integer))
   Index Searches: 1
   Buffers: shared hit=2021555
 Settings: enable_bitmapscan = 'off', enable_seqscan = 'off', max_parallel_workers_per_gather = '0'
 Planning:
   Buffers: shared hit=109
 Planning Time: 0.234 ms
 Execution Time: 325.991 ms
(10 rows)

