SET
SET
SET
SET
SET
                                                               QUERY PLAN                                                                
-----------------------------------------------------------------------------------------------------------------------------------------
 Index Scan using idx on public.t (actual rows=2048.00 loops=1)
   Output: a, b
   Index Cond: ((t.a >= '-24210'::integer) AND (t.a <= '-23699'::integer))
   Index Searches: 1
   Prefetch: distance=261.627 count=727 stalls=1 skipped=1024 resets=0 ungets=311 forwarded=7
             histogram [2,4) => 2, [4,8) => 3, [8,16) => 13, [16,32) => 8, [32,64) => 2, [64,128) => 2, [128,256) => 2, [256,512) => 695
   Buffers: shared hit=55 read=543
 Settings: enable_bitmapscan = 'off', enable_seqscan = 'off', max_parallel_workers_per_gather = '0'
 Planning:
   Buffers: shared hit=82 read=27
 Planning Time: 1.444 ms
 Execution Time: 15.025 ms
(12 rows)

SET
SET
SET
SET
SET
                                             QUERY PLAN                                             
----------------------------------------------------------------------------------------------------
 Index Scan using idx on public.t (actual rows=2048.00 loops=1)
   Output: a, b
   Index Cond: ((t.a >= '-24210'::integer) AND (t.a <= '-23699'::integer))
   Index Searches: 1
   Buffers: shared hit=598
 Settings: enable_bitmapscan = 'off', enable_seqscan = 'off', max_parallel_workers_per_gather = '0'
 Planning:
   Buffers: shared hit=114
 Planning Time: 0.181 ms
 Execution Time: 0.560 ms
(10 rows)

