SET
SET
SET
SET
SET
                                                                QUERY PLAN                                                                
------------------------------------------------------------------------------------------------------------------------------------------
 Index Scan using idx on public.t (actual rows=16384.00 loops=1)
   Output: a, b
   Index Cond: ((t.a >= '-12490'::integer) AND (t.a <= '-8395'::integer))
   Index Searches: 1
   Prefetch: distance=270.161 count=6844 stalls=1 skipped=11315 resets=0 ungets=2263 forwarded=123
             histogram [2,4) => 2, [4,8) => 4, [8,16) => 5, [16,32) => 15, [32,64) => 2, [64,128) => 2, [128,256) => 3, [256,512) => 6811
   Buffers: shared hit=2115 read=2635
 Settings: enable_bitmapscan = 'off', enable_seqscan = 'off', max_parallel_workers_per_gather = '0'
 Planning:
   Buffers: shared hit=82 read=27
 Planning Time: 2.107 ms
 Execution Time: 25.417 ms
(12 rows)

SET
SET
SET
SET
SET
                                             QUERY PLAN                                             
----------------------------------------------------------------------------------------------------
 Index Scan using idx on public.t (actual rows=16384.00 loops=1)
   Output: a, b
   Index Cond: ((t.a >= '-12490'::integer) AND (t.a <= '-8395'::integer))
   Index Searches: 1
   Buffers: shared hit=4750
 Settings: enable_bitmapscan = 'off', enable_seqscan = 'off', max_parallel_workers_per_gather = '0'
 Planning:
   Buffers: shared hit=114
 Planning Time: 0.191 ms
 Execution Time: 2.502 ms
(10 rows)

