SET
SET
SET
SET
SET
                                                                  QUERY PLAN                                                                  
----------------------------------------------------------------------------------------------------------------------------------------------
 Index Scan using idx on public.t (actual rows=131072.00 loops=1)
   Output: a, b
   Index Cond: ((t.a >= '-43106'::integer) AND (t.a <= '-10339'::integer))
   Index Searches: 1
   Prefetch: distance=268.000 count=45622 stalls=1 skipped=93201 resets=0 ungets=7791 forwarded=517
             histogram [2,4) => 2, [4,8) => 3, [8,16) => 6, [16,32) => 10, [32,64) => 3, [64,128) => 2, [128,256) => 1737, [256,512) => 43859
   Buffers: shared hit=29413 read=8630
 Settings: enable_bitmapscan = 'off', enable_seqscan = 'off', max_parallel_workers_per_gather = '0'
 Planning:
   Buffers: shared hit=82 read=27
 Planning Time: 2.237 ms
 Execution Time: 52.422 ms
(12 rows)

SET
SET
SET
SET
SET
                                             QUERY PLAN                                             
----------------------------------------------------------------------------------------------------
 Index Scan using idx on public.t (actual rows=131072.00 loops=1)
   Output: a, b
   Index Cond: ((t.a >= '-43106'::integer) AND (t.a <= '-10339'::integer))
   Index Searches: 1
   Buffers: shared hit=38046
 Settings: enable_bitmapscan = 'off', enable_seqscan = 'off', max_parallel_workers_per_gather = '0'
 Planning:
   Buffers: shared hit=114
 Planning Time: 0.190 ms
 Execution Time: 11.846 ms
(10 rows)

