SET
SET
SET
SET
SET
                                                                   QUERY PLAN                                                                    
-------------------------------------------------------------------------------------------------------------------------------------------------
 Index Scan using idx on public.t (actual rows=8048576.00 loops=1)
   Output: a, b
   Index Cond: ((t.a >= '-2037610'::integer) AND (t.a <= '-25467'::integer))
   Index Searches: 1
   Prefetch: distance=267.421 count=2685609 stalls=1 skipped=5725504 resets=0 ungets=362669 forwarded=23997
             histogram [2,4) => 2, [4,8) => 3, [8,16) => 5, [16,32) => 9, [32,64) => 4, [64,128) => 2, [128,256) => 125043, [256,512) => 2560541
   Buffers: shared hit=1937418 read=397573
 Settings: enable_bitmapscan = 'off', enable_seqscan = 'off', max_parallel_workers_per_gather = '0'
 Planning:
   Buffers: shared hit=78 read=27
 Planning Time: 2.234 ms
 Execution Time: 2243.478 ms
(12 rows)

SET
SET
SET
SET
SET
                                             QUERY PLAN                                             
----------------------------------------------------------------------------------------------------
 Index Scan using idx on public.t (actual rows=8048576.00 loops=1)
   Output: a, b
   Index Cond: ((t.a >= '-2037610'::integer) AND (t.a <= '-25467'::integer))
   Index Searches: 1
   Buffers: shared hit=2335033
 Settings: enable_bitmapscan = 'off', enable_seqscan = 'off', max_parallel_workers_per_gather = '0'
 Planning:
   Buffers: shared hit=110
 Planning Time: 0.245 ms
 Execution Time: 815.737 ms
(10 rows)

