SET
SET
SET
SET
SET
                                                                      QUERY PLAN                                                                      
------------------------------------------------------------------------------------------------------------------------------------------------------
 Index Scan Backward using idx on public.t (actual rows=8048576.00 loops=1)
   Output: a, b
   Index Cond: ((t.a >= '-2042100'::integer) AND (t.a <= '-29957'::integer))
   Index Searches: 1
   Prefetch: distance=263.931 count=8717034 stalls=2 skipped=119119 resets=0 ungets=787674 forwarded=19
             histogram [2,4) => 6, [4,8) => 8, [8,16) => 14, [16,32) => 17, [32,64) => 16, [64,128) => 21, [128,256) => 1298151, [256,512) => 7418801
   Buffers: shared hit=7546104 read=395405
 Settings: enable_bitmapscan = 'off', enable_seqscan = 'off', max_parallel_workers_per_gather = '0'
 Planning:
   Buffers: shared hit=78 read=26
 Planning Time: 1.896 ms
 Execution Time: 8789.862 ms
(12 rows)

SET
SET
SET
SET
SET
                                             QUERY PLAN                                             
----------------------------------------------------------------------------------------------------
 Index Scan Backward using idx on public.t (actual rows=8048576.00 loops=1)
   Output: a, b
   Index Cond: ((t.a >= '-2042100'::integer) AND (t.a <= '-29957'::integer))
   Index Searches: 1
   Buffers: shared hit=7941510
 Settings: enable_bitmapscan = 'off', enable_seqscan = 'off', max_parallel_workers_per_gather = '0'
 Planning:
   Buffers: shared hit=109
 Planning Time: 0.237 ms
 Execution Time: 1294.788 ms
(10 rows)

