SET
SET
SET
SET
SET
                                                                    QUERY PLAN                                                                    
--------------------------------------------------------------------------------------------------------------------------------------------------
 Index Scan using idx on public.t (actual rows=7048576.00 loops=1)
   Output: a, b
   Index Cond: ((t.a >= '-1788379'::integer) AND (t.a <= '-26236'::integer))
   Index Searches: 1
   Prefetch: distance=267.420 count=2351890 stalls=1 skipped=5013921 resets=0 ungets=317767 forwarded=21095
             histogram [2,4) => 2, [4,8) => 5, [8,16) => 8, [16,32) => 12, [32,64) => 3, [64,128) => 2, [128,256) => 109755, [256,512) => 2242103
   Buffers: shared hit=1696308 read=348482
 Settings: enable_bitmapscan = 'off', enable_seqscan = 'off', max_parallel_workers_per_gather = '0'
 Planning:
   Buffers: shared hit=78 read=27
 Planning Time: 2.133 ms
 Execution Time: 1970.348 ms
(12 rows)

SET
SET
SET
SET
SET
                                             QUERY PLAN                                             
----------------------------------------------------------------------------------------------------
 Index Scan using idx on public.t (actual rows=7048576.00 loops=1)
   Output: a, b
   Index Cond: ((t.a >= '-1788379'::integer) AND (t.a <= '-26236'::integer))
   Index Searches: 1
   Buffers: shared hit=2044833
 Settings: enable_bitmapscan = 'off', enable_seqscan = 'off', max_parallel_workers_per_gather = '0'
 Planning:
   Buffers: shared hit=110
 Planning Time: 0.233 ms
 Execution Time: 706.430 ms
(10 rows)

