SET
SET
SET
SET
SET
                                                                   QUERY PLAN                                                                    
-------------------------------------------------------------------------------------------------------------------------------------------------
 Index Scan using idx on public.t (actual rows=6048576.00 loops=1)
   Output: a, b
   Index Cond: ((t.a >= '-1521529'::integer) AND (t.a <= '-9386'::integer))
   Index Searches: 1
   Prefetch: distance=267.416 count=2018484 stalls=1 skipped=4302374 resets=0 ungets=272878 forwarded=18183
             histogram [2,4) => 2, [4,8) => 3, [8,16) => 6, [16,32) => 15, [32,64) => 2, [64,128) => 2, [128,256) => 94711, [256,512) => 1923743
   Buffers: shared hit=1455562 read=299254
 Settings: enable_bitmapscan = 'off', enable_seqscan = 'off', max_parallel_workers_per_gather = '0'
 Planning:
   Buffers: shared hit=78 read=27
 Planning Time: 2.124 ms
 Execution Time: 1695.056 ms
(12 rows)

SET
SET
SET
SET
SET
                                             QUERY PLAN                                             
----------------------------------------------------------------------------------------------------
 Index Scan using idx on public.t (actual rows=6048576.00 loops=1)
   Output: a, b
   Index Cond: ((t.a >= '-1521529'::integer) AND (t.a <= '-9386'::integer))
   Index Searches: 1
   Buffers: shared hit=1754843
 Settings: enable_bitmapscan = 'off', enable_seqscan = 'off', max_parallel_workers_per_gather = '0'
 Planning:
   Buffers: shared hit=110
 Planning Time: 0.255 ms
 Execution Time: 602.631 ms
(10 rows)

