SET
SET
SET
SET
SET
                                                                QUERY PLAN                                                                 
-------------------------------------------------------------------------------------------------------------------------------------------
 Index Scan using idx on public.t (actual rows=32768.00 loops=1)
   Output: a, b
   Index Cond: ((t.a >= '-40263'::integer) AND (t.a <= '-32072'::integer))
   Index Searches: 1
   Prefetch: distance=269.772 count=12912 stalls=1 skipped=23280 resets=0 ungets=3448 forwarded=183
             histogram [2,4) => 2, [4,8) => 3, [8,16) => 6, [16,32) => 9, [32,64) => 6, [64,128) => 2, [128,256) => 83, [256,512) => 12801
   Buffers: shared hit=5690 read=3836
 Settings: enable_bitmapscan = 'off', enable_seqscan = 'off', max_parallel_workers_per_gather = '0'
 Planning:
   Buffers: shared hit=82 read=27
 Planning Time: 2.269 ms
 Execution Time: 25.130 ms
(12 rows)

SET
SET
SET
SET
SET
                                             QUERY PLAN                                             
----------------------------------------------------------------------------------------------------
 Index Scan using idx on public.t (actual rows=32768.00 loops=1)
   Output: a, b
   Index Cond: ((t.a >= '-40263'::integer) AND (t.a <= '-32072'::integer))
   Index Searches: 1
   Buffers: shared hit=9526
 Settings: enable_bitmapscan = 'off', enable_seqscan = 'off', max_parallel_workers_per_gather = '0'
 Planning:
   Buffers: shared hit=114
 Planning Time: 0.176 ms
 Execution Time: 2.860 ms
(10 rows)

