SET
SET
SET
SET
SET
                                                                    QUERY PLAN                                                                    
--------------------------------------------------------------------------------------------------------------------------------------------------
 Index Scan using idx on public.t (actual rows=7048576.00 loops=1)
   Output: a, b
   Index Cond: ((t.a >= '-1776244'::integer) AND (t.a <= '-14101'::integer))
   Index Searches: 1
   Prefetch: distance=267.420 count=2352022 stalls=1 skipped=5014250 resets=0 ungets=317784 forwarded=21076
             histogram [2,4) => 2, [4,8) => 6, [8,16) => 10, [16,32) => 8, [32,64) => 2, [64,128) => 2, [128,256) => 109840, [256,512) => 2242152
   Buffers: shared hit=1696348 read=348441
 Settings: enable_bitmapscan = 'off', enable_seqscan = 'off', max_parallel_workers_per_gather = '0'
 Planning:
   Buffers: shared hit=78 read=27
 Planning Time: 2.133 ms
 Execution Time: 2001.378 ms
(12 rows)

SET
SET
SET
SET
SET
                                             QUERY PLAN                                             
----------------------------------------------------------------------------------------------------
 Index Scan using idx on public.t (actual rows=7048576.00 loops=1)
   Output: a, b
   Index Cond: ((t.a >= '-1776244'::integer) AND (t.a <= '-14101'::integer))
   Index Searches: 1
   Buffers: shared hit=2044824
 Settings: enable_bitmapscan = 'off', enable_seqscan = 'off', max_parallel_workers_per_gather = '0'
 Planning:
   Buffers: shared hit=110
 Planning Time: 0.238 ms
 Execution Time: 691.189 ms
(10 rows)

