SET
SET
SET
SET
SET
                                                                   QUERY PLAN                                                                   
------------------------------------------------------------------------------------------------------------------------------------------------
 Index Scan using idx on public.t (actual rows=5048576.00 loops=1)
   Output: a, b
   Index Cond: ((t.a >= '-1269540'::integer) AND (t.a <= '-7397'::integer))
   Index Searches: 1
   Prefetch: distance=267.414 count=1684863 stalls=1 skipped=3590924 resets=0 ungets=227863 forwarded=15145
             histogram [2,4) => 2, [4,8) => 3, [8,16) => 5, [16,32) => 9, [32,64) => 4, [64,128) => 4, [128,256) => 79215, [256,512) => 1605621
   Buffers: shared hit=1214722 read=250010
 Settings: enable_bitmapscan = 'off', enable_seqscan = 'off', max_parallel_workers_per_gather = '0'
 Planning:
   Buffers: shared hit=78 read=27
 Planning Time: 2.137 ms
 Execution Time: 1446.716 ms
(12 rows)

SET
SET
SET
SET
SET
                                             QUERY PLAN                                             
----------------------------------------------------------------------------------------------------
 Index Scan using idx on public.t (actual rows=5048576.00 loops=1)
   Output: a, b
   Index Cond: ((t.a >= '-1269540'::integer) AND (t.a <= '-7397'::integer))
   Index Searches: 1
   Buffers: shared hit=1464754
 Settings: enable_bitmapscan = 'off', enable_seqscan = 'off', max_parallel_workers_per_gather = '0'
 Planning:
   Buffers: shared hit=110
 Planning Time: 0.235 ms
 Execution Time: 500.673 ms
(10 rows)

