SET
SET
SET
SET
SET
                                                                  QUERY PLAN                                                                   
-----------------------------------------------------------------------------------------------------------------------------------------------
 Index Scan using idx on public.t (actual rows=524288.00 loops=1)
   Output: a, b
   Index Cond: ((t.a >= '-140360'::integer) AND (t.a <= '-9289'::integer))
   Index Searches: 1
   Prefetch: distance=267.576 count=176556 stalls=1 skipped=372748 resets=0 ungets=25296 forwarded=1681
             histogram [2,4) => 2, [4,8) => 3, [8,16) => 6, [16,32) => 12, [32,64) => 3, [64,128) => 3, [128,256) => 7667, [256,512) => 168860
   Buffers: shared hit=124226 read=27901
 Settings: enable_bitmapscan = 'off', enable_seqscan = 'off', max_parallel_workers_per_gather = '0'
 Planning:
   Buffers: shared hit=78 read=27
 Planning Time: 2.238 ms
 Execution Time: 174.749 ms
(12 rows)

SET
SET
SET
SET
SET
                                             QUERY PLAN                                             
----------------------------------------------------------------------------------------------------
 Index Scan using idx on public.t (actual rows=524288.00 loops=1)
   Output: a, b
   Index Cond: ((t.a >= '-140360'::integer) AND (t.a <= '-9289'::integer))
   Index Searches: 1
   Buffers: shared hit=152132
 Settings: enable_bitmapscan = 'off', enable_seqscan = 'off', max_parallel_workers_per_gather = '0'
 Planning:
   Buffers: shared hit=110
 Planning Time: 0.199 ms
 Execution Time: 54.114 ms
(10 rows)

