SET
SET
SET
SET
SET
                                                                    QUERY PLAN                                                                    
--------------------------------------------------------------------------------------------------------------------------------------------------
 Index Scan using idx on public.t (actual rows=9048576.00 loops=1)
   Output: a, b
   Index Cond: ((t.a >= '-2278025'::integer) AND (t.a <= '-15882'::integer))
   Index Searches: 1
   Prefetch: distance=267.420 count=3018920 stalls=1 skipped=6436502 resets=0 ungets=407386 forwarded=26996
             histogram [2,4) => 2, [4,8) => 3, [8,16) => 13, [16,32) => 8, [32,64) => 2, [64,128) => 2, [128,256) => 140415, [256,512) => 2878475
   Buffers: shared hit=2178533 read=446660
 Settings: enable_bitmapscan = 'off', enable_seqscan = 'off', max_parallel_workers_per_gather = '0'
 Planning:
   Buffers: shared hit=78 read=27
 Planning Time: 2.132 ms
 Execution Time: 2560.431 ms
(12 rows)

SET
SET
SET
SET
SET
                                             QUERY PLAN                                             
----------------------------------------------------------------------------------------------------
 Index Scan using idx on public.t (actual rows=9048576.00 loops=1)
   Output: a, b
   Index Cond: ((t.a >= '-2278025'::integer) AND (t.a <= '-15882'::integer))
   Index Searches: 1
   Buffers: shared hit=2625235
 Settings: enable_bitmapscan = 'off', enable_seqscan = 'off', max_parallel_workers_per_gather = '0'
 Planning:
   Buffers: shared hit=110
 Planning Time: 0.234 ms
 Execution Time: 913.134 ms
(10 rows)

