SET
SET
SET
SET
SET
                                                              QUERY PLAN                                                               
---------------------------------------------------------------------------------------------------------------------------------------
 Index Scan using idx on public.t (actual rows=512.00 loops=1)
   Output: a, b
   Index Cond: ((t.a >= '-14773'::integer) AND (t.a <= '-14646'::integer))
   Index Searches: 1
   Prefetch: distance=207.234 count=107 stalls=1 skipped=176 resets=0 ungets=39 forwarded=0
             histogram [2,4) => 2, [4,8) => 3, [8,16) => 6, [16,32) => 9, [32,64) => 4, [64,128) => 2, [128,256) => 2, [256,512) => 79
   Buffers: shared hit=6 read=147
 Settings: enable_bitmapscan = 'off', enable_seqscan = 'off', max_parallel_workers_per_gather = '0'
 Planning:
   Buffers: shared hit=82 read=27
 Planning Time: 1.323 ms
 Execution Time: 6.947 ms
(12 rows)

SET
SET
SET
SET
SET
                                             QUERY PLAN                                             
----------------------------------------------------------------------------------------------------
 Index Scan using idx on public.t (actual rows=512.00 loops=1)
   Output: a, b
   Index Cond: ((t.a >= '-14773'::integer) AND (t.a <= '-14646'::integer))
   Index Searches: 1
   Buffers: shared hit=153
 Settings: enable_bitmapscan = 'off', enable_seqscan = 'off', max_parallel_workers_per_gather = '0'
 Planning:
   Buffers: shared hit=114
 Planning Time: 0.232 ms
 Execution Time: 0.231 ms
(10 rows)

