SET
SET
SET
SET
SET
                                                                QUERY PLAN                                                                
------------------------------------------------------------------------------------------------------------------------------------------
 Index Scan using idx on public.t (actual rows=4096.00 loops=1)
   Output: a, b
   Index Cond: ((t.a >= '-30023'::integer) AND (t.a <= '-29000'::integer))
   Index Searches: 1
   Prefetch: distance=267.684 count=1820 stalls=1 skipped=2561 resets=0 ungets=765 forwarded=17
             histogram [2,4) => 2, [4,8) => 3, [8,16) => 5, [16,32) => 15, [32,64) => 4, [64,128) => 2, [128,256) => 2, [256,512) => 1787
   Buffers: shared hit=166 read=1040
 Settings: enable_bitmapscan = 'off', enable_seqscan = 'off', max_parallel_workers_per_gather = '0'
 Planning:
   Buffers: shared hit=82 read=27
 Planning Time: 2.199 ms
 Execution Time: 16.761 ms
(12 rows)

SET
SET
SET
SET
SET
                                             QUERY PLAN                                             
----------------------------------------------------------------------------------------------------
 Index Scan using idx on public.t (actual rows=4096.00 loops=1)
   Output: a, b
   Index Cond: ((t.a >= '-30023'::integer) AND (t.a <= '-29000'::integer))
   Index Searches: 1
   Buffers: shared hit=1206
 Settings: enable_bitmapscan = 'off', enable_seqscan = 'off', max_parallel_workers_per_gather = '0'
 Planning:
   Buffers: shared hit=114
 Planning Time: 0.201 ms
 Execution Time: 1.095 ms
(10 rows)

