SET
SET
SET
SET
SET
                                                               QUERY PLAN                                                               
----------------------------------------------------------------------------------------------------------------------------------------
 Index Scan using idx on public.t (actual rows=1024.00 loops=1)
   Output: a, b
   Index Cond: ((t.a >= '-27050'::integer) AND (t.a <= '-26795'::integer))
   Index Searches: 1
   Prefetch: distance=237.423 count=194 stalls=1 skipped=297 resets=0 ungets=79 forwarded=0
             histogram [2,4) => 2, [4,8) => 3, [8,16) => 6, [16,32) => 9, [32,64) => 3, [64,128) => 2, [128,256) => 2, [256,512) => 167
   Buffers: shared hit=10 read=291
 Settings: enable_bitmapscan = 'off', enable_seqscan = 'off', max_parallel_workers_per_gather = '0'
 Planning:
   Buffers: shared hit=82 read=27
 Planning Time: 1.332 ms
 Execution Time: 14.223 ms
(12 rows)

SET
SET
SET
SET
SET
                                             QUERY PLAN                                             
----------------------------------------------------------------------------------------------------
 Index Scan using idx on public.t (actual rows=1024.00 loops=1)
   Output: a, b
   Index Cond: ((t.a >= '-27050'::integer) AND (t.a <= '-26795'::integer))
   Index Searches: 1
   Buffers: shared hit=301
 Settings: enable_bitmapscan = 'off', enable_seqscan = 'off', max_parallel_workers_per_gather = '0'
 Planning:
   Buffers: shared hit=114
 Planning Time: 0.204 ms
 Execution Time: 0.369 ms
(10 rows)

