SET
SET
SET
SET
SET
                                                               QUERY PLAN                                                               
----------------------------------------------------------------------------------------------------------------------------------------
 Index Scan using idx on public.t (actual rows=2048.00 loops=1)
   Output: a, b
   Index Cond: ((t.a >= '-2203'::integer) AND (t.a <= '-1692'::integer))
   Index Searches: 1
   Prefetch: distance=264.244 count=972 stalls=1 skipped=1390 resets=0 ungets=402 forwarded=7
             histogram [2,4) => 2, [4,8) => 7, [8,16) => 7, [16,32) => 8, [32,64) => 2, [64,128) => 3, [128,256) => 3, [256,512) => 940
   Buffers: shared hit=96 read=508
 Settings: enable_bitmapscan = 'off', enable_seqscan = 'off', max_parallel_workers_per_gather = '0'
 Planning:
   Buffers: shared hit=82 read=27
 Planning Time: 1.467 ms
 Execution Time: 5.424 ms
(12 rows)

SET
SET
SET
SET
SET
                                             QUERY PLAN                                             
----------------------------------------------------------------------------------------------------
 Index Scan using idx on public.t (actual rows=2048.00 loops=1)
   Output: a, b
   Index Cond: ((t.a >= '-2203'::integer) AND (t.a <= '-1692'::integer))
   Index Searches: 1
   Buffers: shared hit=604
 Settings: enable_bitmapscan = 'off', enable_seqscan = 'off', max_parallel_workers_per_gather = '0'
 Planning:
   Buffers: shared hit=114
 Planning Time: 0.218 ms
 Execution Time: 0.631 ms
(10 rows)

