SET
SET
SET
SET
SET
                                                                QUERY PLAN                                                                 
-------------------------------------------------------------------------------------------------------------------------------------------
 Index Scan using idx on public.t (actual rows=16384.00 loops=1)
   Output: a, b
   Index Cond: ((t.a >= '-5345'::integer) AND (t.a <= '-1250'::integer))
   Index Searches: 1
   Prefetch: distance=268.962 count=6267 stalls=1 skipped=11196 resets=0 ungets=1711 forwarded=103
             histogram [2,4) => 2, [4,8) => 3, [8,16) => 6, [16,32) => 12, [32,64) => 5, [64,128) => 2, [128,256) => 92, [256,512) => 6145
   Buffers: shared hit=2702 read=2069
 Settings: enable_bitmapscan = 'off', enable_seqscan = 'off', max_parallel_workers_per_gather = '0'
 Planning:
   Buffers: shared hit=82 read=27
 Planning Time: 2.148 ms
 Execution Time: 24.241 ms
(12 rows)

SET
SET
SET
SET
SET
                                             QUERY PLAN                                             
----------------------------------------------------------------------------------------------------
 Index Scan using idx on public.t (actual rows=16384.00 loops=1)
   Output: a, b
   Index Cond: ((t.a >= '-5345'::integer) AND (t.a <= '-1250'::integer))
   Index Searches: 1
   Buffers: shared hit=4771
 Settings: enable_bitmapscan = 'off', enable_seqscan = 'off', max_parallel_workers_per_gather = '0'
 Planning:
   Buffers: shared hit=114
 Planning Time: 0.198 ms
 Execution Time: 2.233 ms
(10 rows)

