SET
SET
SET
SET
SET
                                                                  QUERY PLAN                                                                   
-----------------------------------------------------------------------------------------------------------------------------------------------
 Index Scan using idx on public.t (actual rows=524288.00 loops=1)
   Output: a, b
   Index Cond: ((t.a >= '-156573'::integer) AND (t.a <= '-25502'::integer))
   Index Searches: 1
   Prefetch: distance=267.579 count=176617 stalls=1 skipped=372749 resets=0 ungets=25414 forwarded=1665
             histogram [2,4) => 2, [4,8) => 3, [8,16) => 13, [16,32) => 6, [32,64) => 2, [64,128) => 2, [128,256) => 7730, [256,512) => 168859
   Buffers: shared hit=124088 read=28003
 Settings: enable_bitmapscan = 'off', enable_seqscan = 'off', max_parallel_workers_per_gather = '0'
 Planning:
   Buffers: shared hit=78 read=27
 Planning Time: 2.121 ms
 Execution Time: 176.216 ms
(12 rows)

SET
SET
SET
SET
SET
                                             QUERY PLAN                                             
----------------------------------------------------------------------------------------------------
 Index Scan using idx on public.t (actual rows=524288.00 loops=1)
   Output: a, b
   Index Cond: ((t.a >= '-156573'::integer) AND (t.a <= '-25502'::integer))
   Index Searches: 1
   Buffers: shared hit=152092
 Settings: enable_bitmapscan = 'off', enable_seqscan = 'off', max_parallel_workers_per_gather = '0'
 Planning:
   Buffers: shared hit=110
 Planning Time: 0.199 ms
 Execution Time: 54.308 ms
(10 rows)

