SET
SET
SET
SET
SET
                                                                QUERY PLAN                                                                 
-------------------------------------------------------------------------------------------------------------------------------------------
 Index Scan using idx on public.t (actual rows=8192.00 loops=1)
   Output: a, b
   Index Cond: ((t.a >= '-19082'::integer) AND (t.a <= '-17035'::integer))
   Index Searches: 1
   Prefetch: distance=269.716 count=3876 stalls=1 skipped=5716 resets=0 ungets=1536 forwarded=52
             histogram [2,4) => 2, [4,8) => 3, [8,16) => 13, [16,32) => 10, [32,64) => 2, [64,128) => 2, [128,256) => 2, [256,512) => 3842
   Buffers: shared hit=607 read=1795
 Settings: enable_bitmapscan = 'off', enable_seqscan = 'off', max_parallel_workers_per_gather = '0'
 Planning:
   Buffers: shared hit=82 read=27
 Planning Time: 2.130 ms
 Execution Time: 16.097 ms
(12 rows)

SET
SET
SET
SET
SET
                                             QUERY PLAN                                             
----------------------------------------------------------------------------------------------------
 Index Scan using idx on public.t (actual rows=8192.00 loops=1)
   Output: a, b
   Index Cond: ((t.a >= '-19082'::integer) AND (t.a <= '-17035'::integer))
   Index Searches: 1
   Buffers: shared hit=2402
 Settings: enable_bitmapscan = 'off', enable_seqscan = 'off', max_parallel_workers_per_gather = '0'
 Planning:
   Buffers: shared hit=114
 Planning Time: 0.213 ms
 Execution Time: 1.705 ms
(10 rows)

