SET
SET
SET
SET
SET
                                                                 QUERY PLAN                                                                  
---------------------------------------------------------------------------------------------------------------------------------------------
 Index Scan using idx on public.t (actual rows=65536.00 loops=1)
   Output: a, b
   Index Cond: ((t.a >= '-48368'::integer) AND (t.a <= '-31985'::integer))
   Index Searches: 1
   Prefetch: distance=268.675 count=23643 stalls=1 skipped=46347 resets=0 ungets=4834 forwarded=301
             histogram [2,4) => 2, [4,8) => 3, [8,16) => 6, [16,32) => 14, [32,64) => 2, [64,128) => 3, [128,256) => 617, [256,512) => 22996
   Buffers: shared hit=13573 read=5447
 Settings: enable_bitmapscan = 'off', enable_seqscan = 'off', max_parallel_workers_per_gather = '0'
 Planning:
   Buffers: shared hit=82 read=27
 Planning Time: 2.126 ms
 Execution Time: 41.527 ms
(12 rows)

SET
SET
SET
SET
SET
                                             QUERY PLAN                                             
----------------------------------------------------------------------------------------------------
 Index Scan using idx on public.t (actual rows=65536.00 loops=1)
   Output: a, b
   Index Cond: ((t.a >= '-48368'::integer) AND (t.a <= '-31985'::integer))
   Index Searches: 1
   Buffers: shared hit=19021
 Settings: enable_bitmapscan = 'off', enable_seqscan = 'off', max_parallel_workers_per_gather = '0'
 Planning:
   Buffers: shared hit=114
 Planning Time: 0.186 ms
 Execution Time: 5.424 ms
(10 rows)

