SET
SET
SET
SET
SET
                                                                   QUERY PLAN                                                                    
-------------------------------------------------------------------------------------------------------------------------------------------------
 Index Scan using idx on public.t (actual rows=4048576.00 loops=1)
   Output: a, b
   Index Cond: ((t.a >= '-1025287'::integer) AND (t.a <= '-13144'::integer))
   Index Searches: 1
   Prefetch: distance=267.427 count=1351882 stalls=1 skipped=2879750 resets=0 ungets=183312 forwarded=12104
             histogram [2,4) => 2, [4,8) => 3, [8,16) => 7, [16,32) => 12, [32,64) => 2, [64,128) => 2, [128,256) => 62848, [256,512) => 1289006
   Buffers: shared hit=973589 read=201109
 Settings: enable_bitmapscan = 'off', enable_seqscan = 'off', max_parallel_workers_per_gather = '0'
 Planning:
   Buffers: shared hit=78 read=27
 Planning Time: 2.162 ms
 Execution Time: 1169.696 ms
(12 rows)

SET
SET
SET
SET
SET
                                             QUERY PLAN                                             
----------------------------------------------------------------------------------------------------
 Index Scan using idx on public.t (actual rows=4048576.00 loops=1)
   Output: a, b
   Index Cond: ((t.a >= '-1025287'::integer) AND (t.a <= '-13144'::integer))
   Index Searches: 1
   Buffers: shared hit=1174712
 Settings: enable_bitmapscan = 'off', enable_seqscan = 'off', max_parallel_workers_per_gather = '0'
 Planning:
   Buffers: shared hit=110
 Planning Time: 0.230 ms
 Execution Time: 403.246 ms
(10 rows)

