SET
SET
SET
SET
SET
                                                                   QUERY PLAN                                                                    
-------------------------------------------------------------------------------------------------------------------------------------------------
 Index Scan using idx on public.t (actual rows=5048576.00 loops=1)
   Output: a, b
   Index Cond: ((t.a >= '-1267053'::integer) AND (t.a <= '-4910'::integer))
   Index Searches: 1
   Prefetch: distance=267.408 count=1685084 stalls=1 skipped=3591315 resets=0 ungets=227879 forwarded=15166
             histogram [2,4) => 2, [4,8) => 3, [8,16) => 5, [16,32) => 10, [32,64) => 4, [64,128) => 2, [128,256) => 79536, [256,512) => 1605522
   Buffers: shared hit=1214928 read=249832
 Settings: enable_bitmapscan = 'off', enable_seqscan = 'off', max_parallel_workers_per_gather = '0'
 Planning:
   Buffers: shared hit=78 read=27
 Planning Time: 2.140 ms
 Execution Time: 1425.264 ms
(12 rows)

SET
SET
SET
SET
SET
                                             QUERY PLAN                                             
----------------------------------------------------------------------------------------------------
 Index Scan using idx on public.t (actual rows=5048576.00 loops=1)
   Output: a, b
   Index Cond: ((t.a >= '-1267053'::integer) AND (t.a <= '-4910'::integer))
   Index Searches: 1
   Buffers: shared hit=1464786
 Settings: enable_bitmapscan = 'off', enable_seqscan = 'off', max_parallel_workers_per_gather = '0'
 Planning:
   Buffers: shared hit=110
 Planning Time: 0.243 ms
 Execution Time: 493.472 ms
(10 rows)

