SET
SET
SET
SET
SET
                                                                 QUERY PLAN                                                                  
---------------------------------------------------------------------------------------------------------------------------------------------
 Index Scan Backward using idx on public.t (actual rows=65536.00 loops=1)
   Output: a, b
   Index Cond: ((t.a >= '-16582'::integer) AND (t.a <= '-199'::integer))
   Index Searches: 1
   Prefetch: distance=268.094 count=22861 stalls=1 skipped=46226 resets=0 ungets=4135 forwarded=0
             histogram [2,4) => 2, [4,8) => 3, [8,16) => 12, [16,32) => 6, [32,64) => 2, [64,128) => 2, [128,256) => 736, [256,512) => 22098
   Buffers: shared hit=14593 read=4398
 Settings: enable_bitmapscan = 'off', enable_seqscan = 'off', max_parallel_workers_per_gather = '0'
 Planning:
   Buffers: shared hit=86 read=27
 Planning Time: 2.144 ms
 Execution Time: 39.990 ms
(12 rows)

SET
SET
SET
SET
SET
                                             QUERY PLAN                                             
----------------------------------------------------------------------------------------------------
 Index Scan Backward using idx on public.t (actual rows=65536.00 loops=1)
   Output: a, b
   Index Cond: ((t.a >= '-16582'::integer) AND (t.a <= '-199'::integer))
   Index Searches: 1
   Buffers: shared hit=18991
 Settings: enable_bitmapscan = 'off', enable_seqscan = 'off', max_parallel_workers_per_gather = '0'
 Planning:
   Buffers: shared hit=118
 Planning Time: 0.175 ms
 Execution Time: 4.858 ms
(10 rows)

