SET
SET
SET
SET
SET
                                                                   QUERY PLAN                                                                    
-------------------------------------------------------------------------------------------------------------------------------------------------
 Index Scan Backward using idx on public.t (actual rows=9048576.00 loops=1)
   Output: a, b
   Index Cond: ((t.a >= '-2287481'::integer) AND (t.a <= '-25338'::integer))
   Index Searches: 1
   Prefetch: distance=267.401 count=3045449 stalls=1 skipped=6436736 resets=0 ungets=433837 forwarded=43
             histogram [2,4) => 4, [4,8) => 3, [8,16) => 5, [16,32) => 9, [32,64) => 2, [64,128) => 2, [128,256) => 145675, [256,512) => 2899749
   Buffers: shared hit=2178541 read=446685
 Settings: enable_bitmapscan = 'off', enable_seqscan = 'off', max_parallel_workers_per_gather = '0'
 Planning:
   Buffers: shared hit=82 read=27
 Planning Time: 2.225 ms
 Execution Time: 2836.650 ms
(12 rows)

SET
SET
SET
SET
SET
                                             QUERY PLAN                                             
----------------------------------------------------------------------------------------------------
 Index Scan Backward using idx on public.t (actual rows=9048576.00 loops=1)
   Output: a, b
   Index Cond: ((t.a >= '-2287481'::integer) AND (t.a <= '-25338'::integer))
   Index Searches: 1
   Buffers: shared hit=2625229
 Settings: enable_bitmapscan = 'off', enable_seqscan = 'off', max_parallel_workers_per_gather = '0'
 Planning:
   Buffers: shared hit=114
 Planning Time: 0.262 ms
 Execution Time: 877.317 ms
(10 rows)

