SET
SET
SET
SET
SET
                                                                  QUERY PLAN                                                                  
----------------------------------------------------------------------------------------------------------------------------------------------
 Index Scan Backward using idx on public.t (actual rows=524288.00 loops=1)
   Output: a, b
   Index Cond: ((t.a >= '-151796'::integer) AND (t.a <= '-20725'::integer))
   Index Searches: 1
   Prefetch: distance=267.598 count=178248 stalls=1 skipped=372468 resets=0 ungets=27072 forwarded=4
             histogram [2,4) => 2, [4,8) => 3, [8,16) => 5, [16,32) => 9, [32,64) => 2, [64,128) => 2, [128,256) => 7816, [256,512) => 170409
   Buffers: shared hit=124158 read=27990
 Settings: enable_bitmapscan = 'off', enable_seqscan = 'off', max_parallel_workers_per_gather = '0'
 Planning:
   Buffers: shared hit=82 read=27
 Planning Time: 2.133 ms
 Execution Time: 187.627 ms
(12 rows)

SET
SET
SET
SET
SET
                                             QUERY PLAN                                             
----------------------------------------------------------------------------------------------------
 Index Scan Backward using idx on public.t (actual rows=524288.00 loops=1)
   Output: a, b
   Index Cond: ((t.a >= '-151796'::integer) AND (t.a <= '-20725'::integer))
   Index Searches: 1
   Buffers: shared hit=152148
 Settings: enable_bitmapscan = 'off', enable_seqscan = 'off', max_parallel_workers_per_gather = '0'
 Planning:
   Buffers: shared hit=114
 Planning Time: 0.222 ms
 Execution Time: 54.506 ms
(10 rows)

