SET
SET
SET
SET
SET
                                                                   QUERY PLAN                                                                   
------------------------------------------------------------------------------------------------------------------------------------------------
 Index Scan Backward using idx on public.t (actual rows=5048576.00 loops=1)
   Output: a, b
   Index Cond: ((t.a >= '-1269696'::integer) AND (t.a <= '-7553'::integer))
   Index Searches: 1
   Prefetch: distance=267.407 count=1699730 stalls=1 skipped=3590994 resets=0 ungets=242708 forwarded=24
             histogram [2,4) => 2, [4,8) => 3, [8,16) => 5, [16,32) => 9, [32,64) => 2, [64,128) => 2, [128,256) => 81130, [256,512) => 1618577
   Buffers: shared hit=1214723 read=250021
 Settings: enable_bitmapscan = 'off', enable_seqscan = 'off', max_parallel_workers_per_gather = '0'
 Planning:
   Buffers: shared hit=82 read=27
 Planning Time: 2.135 ms
 Execution Time: 1568.920 ms
(12 rows)

SET
SET
SET
SET
SET
                                             QUERY PLAN                                             
----------------------------------------------------------------------------------------------------
 Index Scan Backward using idx on public.t (actual rows=5048576.00 loops=1)
   Output: a, b
   Index Cond: ((t.a >= '-1269696'::integer) AND (t.a <= '-7553'::integer))
   Index Searches: 1
   Buffers: shared hit=1464745
 Settings: enable_bitmapscan = 'off', enable_seqscan = 'off', max_parallel_workers_per_gather = '0'
 Planning:
   Buffers: shared hit=114
 Planning Time: 0.239 ms
 Execution Time: 491.795 ms
(10 rows)

