SET
SET
SET
SET
SET
                                                                QUERY PLAN                                                                 
-------------------------------------------------------------------------------------------------------------------------------------------
 Index Scan Backward using idx on public.t (actual rows=32768.00 loops=1)
   Output: a, b
   Index Cond: ((t.a >= '-33379'::integer) AND (t.a <= '-25188'::integer))
   Index Searches: 1
   Prefetch: distance=269.864 count=13175 stalls=1 skipped=23171 resets=0 ungets=3738 forwarded=0
             histogram [2,4) => 2, [4,8) => 6, [8,16) => 9, [16,32) => 5, [32,64) => 2, [64,128) => 2, [128,256) => 82, [256,512) => 13067
   Buffers: shared hit=5691 read=3850
 Settings: enable_bitmapscan = 'off', enable_seqscan = 'off', max_parallel_workers_per_gather = '0'
 Planning:
   Buffers: shared hit=86 read=27
 Planning Time: 2.155 ms
 Execution Time: 28.123 ms
(12 rows)

SET
SET
SET
SET
SET
                                             QUERY PLAN                                             
----------------------------------------------------------------------------------------------------
 Index Scan Backward using idx on public.t (actual rows=32768.00 loops=1)
   Output: a, b
   Index Cond: ((t.a >= '-33379'::integer) AND (t.a <= '-25188'::integer))
   Index Searches: 1
   Buffers: shared hit=9541
 Settings: enable_bitmapscan = 'off', enable_seqscan = 'off', max_parallel_workers_per_gather = '0'
 Planning:
   Buffers: shared hit=118
 Planning Time: 0.208 ms
 Execution Time: 4.321 ms
(10 rows)

