SET
SET
SET
SET
SET
                                                                QUERY PLAN                                                                
------------------------------------------------------------------------------------------------------------------------------------------
 Index Scan Backward using idx on public.t (actual rows=512.00 loops=1)
   Output: a, b
   Index Cond: ((t.a >= '-28734'::integer) AND (t.a <= '-28607'::integer))
   Index Searches: 1
   Prefetch: distance=245.796 count=545 stalls=2 skipped=4 resets=0 ungets=78 forwarded=0
             histogram [2,4) => 4, [4,8) => 5, [8,16) => 5, [16,32) => 17, [32,64) => 5, [64,128) => 2, [128,256) => 95, [256,512) => 412
   Buffers: shared hit=398 read=117
 Settings: enable_bitmapscan = 'off', enable_seqscan = 'off', max_parallel_workers_per_gather = '0'
 Planning:
   Buffers: shared hit=82 read=26
 Planning Time: 1.904 ms
 Execution Time: 3.708 ms
(12 rows)

SET
SET
SET
SET
SET
                                             QUERY PLAN                                             
----------------------------------------------------------------------------------------------------
 Index Scan Backward using idx on public.t (actual rows=512.00 loops=1)
   Output: a, b
   Index Cond: ((t.a >= '-28734'::integer) AND (t.a <= '-28607'::integer))
   Index Searches: 1
   Buffers: shared hit=515
 Settings: enable_bitmapscan = 'off', enable_seqscan = 'off', max_parallel_workers_per_gather = '0'
 Planning:
   Buffers: shared hit=113
 Planning Time: 0.161 ms
 Execution Time: 0.131 ms
(10 rows)

