SET
SET
SET
SET
SET
                                                                   QUERY PLAN                                                                   
------------------------------------------------------------------------------------------------------------------------------------------------
 Index Scan Backward using idx on public.t (actual rows=4048576.00 loops=1)
   Output: a, b
   Index Cond: ((t.a >= '-1016187'::integer) AND (t.a <= '-4044'::integer))
   Index Searches: 1
   Prefetch: distance=267.404 count=1363156 stalls=1 skipped=2879548 resets=0 ungets=194696 forwarded=20
             histogram [2,4) => 4, [4,8) => 5, [8,16) => 7, [16,32) => 8, [32,64) => 2, [64,128) => 2, [128,256) => 65082, [256,512) => 1298046
   Buffers: shared hit=974098 read=200587
 Settings: enable_bitmapscan = 'off', enable_seqscan = 'off', max_parallel_workers_per_gather = '0'
 Planning:
   Buffers: shared hit=82 read=27
 Planning Time: 2.171 ms
 Execution Time: 1277.454 ms
(12 rows)

SET
SET
SET
SET
SET
                                             QUERY PLAN                                             
----------------------------------------------------------------------------------------------------
 Index Scan Backward using idx on public.t (actual rows=4048576.00 loops=1)
   Output: a, b
   Index Cond: ((t.a >= '-1016187'::integer) AND (t.a <= '-4044'::integer))
   Index Searches: 1
   Buffers: shared hit=1174686
 Settings: enable_bitmapscan = 'off', enable_seqscan = 'off', max_parallel_workers_per_gather = '0'
 Planning:
   Buffers: shared hit=114
 Planning Time: 0.238 ms
 Execution Time: 399.394 ms
(10 rows)

