SET
SET
SET
SET
SET
                                                                   QUERY PLAN                                                                   
------------------------------------------------------------------------------------------------------------------------------------------------
 Index Scan Backward using idx on public.t (actual rows=8192.00 loops=1)
   Output: a, b
   Index Cond: ((t.a >= '-29911'::integer) AND (t.a <= '-27864'::integer))
   Index Searches: 1
   Prefetch: distance=262.169 count=8802 stalls=5 skipped=127 resets=0 ungets=813 forwarded=0
             histogram [2,4) => 2, [4,8) => 10, [8,16) => 10, [16,32) => 10, [32,64) => 22, [64,128) => 4, [128,256) => 1349, [256,512) => 7395
   Buffers: shared hit=7589 read=494
 Settings: enable_bitmapscan = 'off', enable_seqscan = 'off', max_parallel_workers_per_gather = '0'
 Planning:
   Buffers: shared hit=82 read=26
 Planning Time: 1.868 ms
 Execution Time: 14.122 ms
(12 rows)

SET
SET
SET
SET
SET
                                             QUERY PLAN                                             
----------------------------------------------------------------------------------------------------
 Index Scan Backward using idx on public.t (actual rows=8192.00 loops=1)
   Output: a, b
   Index Cond: ((t.a >= '-29911'::integer) AND (t.a <= '-27864'::integer))
   Index Searches: 1
   Buffers: shared hit=8083
 Settings: enable_bitmapscan = 'off', enable_seqscan = 'off', max_parallel_workers_per_gather = '0'
 Planning:
   Buffers: shared hit=113
 Planning Time: 0.161 ms
 Execution Time: 1.383 ms
(10 rows)

