SET
SET
SET
SET
SET
                                                               QUERY PLAN                                                               
----------------------------------------------------------------------------------------------------------------------------------------
 Index Scan using idx on public.t (actual rows=2048.00 loops=1)
   Output: a, b
   Index Cond: ((t.a >= '-1076'::integer) AND (t.a <= '-565'::integer))
   Index Searches: 1
   Prefetch: distance=263.358 count=866 stalls=1 skipped=1279 resets=0 ungets=353 forwarded=9
             histogram [2,4) => 2, [4,8) => 4, [8,16) => 5, [16,32) => 9, [32,64) => 5, [64,128) => 2, [128,256) => 6, [256,512) => 833
   Buffers: shared hit=112 read=483
 Settings: enable_bitmapscan = 'off', enable_seqscan = 'off', max_parallel_workers_per_gather = '0'
 Planning:
   Buffers: shared hit=82 read=27
 Planning Time: 1.361 ms
 Execution Time: 9.108 ms
(12 rows)

SET
SET
SET
SET
SET
                                             QUERY PLAN                                             
----------------------------------------------------------------------------------------------------
 Index Scan using idx on public.t (actual rows=2048.00 loops=1)
   Output: a, b
   Index Cond: ((t.a >= '-1076'::integer) AND (t.a <= '-565'::integer))
   Index Searches: 1
   Buffers: shared hit=595
 Settings: enable_bitmapscan = 'off', enable_seqscan = 'off', max_parallel_workers_per_gather = '0'
 Planning:
   Buffers: shared hit=114
 Planning Time: 0.158 ms
 Execution Time: 0.513 ms
(10 rows)

