SET
SET
SET
SET
SET
                                                                   QUERY PLAN                                                                   
------------------------------------------------------------------------------------------------------------------------------------------------
 Index Scan using idx on public.t (actual rows=4048576.00 loops=1)
   Output: a, b
   Index Cond: ((t.a >= '-1043147'::integer) AND (t.a <= '-31004'::integer))
   Index Searches: 1
   Prefetch: distance=267.448 count=1352532 stalls=1 skipped=2879817 resets=0 ungets=183993 forwarded=12171
             histogram [2,4) => 2, [4,8) => 6, [8,16) => 9, [16,32) => 8, [32,64) => 2, [64,128) => 2, [128,256) => 62177, [256,512) => 1290326
   Buffers: shared hit=973560 read=201080
 Settings: enable_bitmapscan = 'off', enable_seqscan = 'off', max_parallel_workers_per_gather = '0'
 Planning:
   Buffers: shared hit=78 read=27
 Planning Time: 2.153 ms
 Execution Time: 1234.068 ms
(12 rows)

SET
SET
SET
SET
SET
                                             QUERY PLAN                                             
----------------------------------------------------------------------------------------------------
 Index Scan using idx on public.t (actual rows=4048576.00 loops=1)
   Output: a, b
   Index Cond: ((t.a >= '-1043147'::integer) AND (t.a <= '-31004'::integer))
   Index Searches: 1
   Buffers: shared hit=1174666
 Settings: enable_bitmapscan = 'off', enable_seqscan = 'off', max_parallel_workers_per_gather = '0'
 Planning:
   Buffers: shared hit=110
 Planning Time: 0.223 ms
 Execution Time: 419.020 ms
(10 rows)

