SET
SET
SET
SET
SET
                                                                  QUERY PLAN                                                                   
-----------------------------------------------------------------------------------------------------------------------------------------------
 Index Scan using idx on public.t (actual rows=524288.00 loops=1)
   Output: a, b
   Index Cond: ((t.a >= '-157859'::integer) AND (t.a <= '-26788'::integer))
   Index Searches: 1
   Prefetch: distance=267.611 count=176843 stalls=1 skipped=372843 resets=0 ungets=25534 forwarded=1683
             histogram [2,4) => 2, [4,8) => 3, [8,16) => 5, [16,32) => 14, [32,64) => 4, [64,128) => 2, [128,256) => 7577, [256,512) => 169236
   Buffers: shared hit=124110 read=28019
 Settings: enable_bitmapscan = 'off', enable_seqscan = 'off', max_parallel_workers_per_gather = '0'
 Planning:
   Buffers: shared hit=78 read=27
 Planning Time: 2.164 ms
 Execution Time: 177.042 ms
(12 rows)

SET
SET
SET
SET
SET
                                             QUERY PLAN                                             
----------------------------------------------------------------------------------------------------
 Index Scan using idx on public.t (actual rows=524288.00 loops=1)
   Output: a, b
   Index Cond: ((t.a >= '-157859'::integer) AND (t.a <= '-26788'::integer))
   Index Searches: 1
   Buffers: shared hit=152137
 Settings: enable_bitmapscan = 'off', enable_seqscan = 'off', max_parallel_workers_per_gather = '0'
 Planning:
   Buffers: shared hit=110
 Planning Time: 0.259 ms
 Execution Time: 60.653 ms
(10 rows)

