SET
SET
SET
SET
SET
                                                                   QUERY PLAN                                                                    
-------------------------------------------------------------------------------------------------------------------------------------------------
 Index Scan using idx on public.t (actual rows=8048576.00 loops=1)
   Output: a, b
   Index Cond: ((t.a >= '-2038847'::integer) AND (t.a <= '-26704'::integer))
   Index Searches: 1
   Prefetch: distance=267.443 count=2686814 stalls=1 skipped=5725276 resets=0 ungets=363918 forwarded=24192
             histogram [2,4) => 2, [4,8) => 3, [8,16) => 9, [16,32) => 9, [32,64) => 2, [64,128) => 2, [128,256) => 123566, [256,512) => 2563221
   Buffers: shared hit=1937423 read=397596
 Settings: enable_bitmapscan = 'off', enable_seqscan = 'off', max_parallel_workers_per_gather = '0'
 Planning:
   Buffers: shared hit=78 read=27
 Planning Time: 2.160 ms
 Execution Time: 2447.896 ms
(12 rows)

SET
SET
SET
SET
SET
                                             QUERY PLAN                                             
----------------------------------------------------------------------------------------------------
 Index Scan using idx on public.t (actual rows=8048576.00 loops=1)
   Output: a, b
   Index Cond: ((t.a >= '-2038847'::integer) AND (t.a <= '-26704'::integer))
   Index Searches: 1
   Buffers: shared hit=2335063
 Settings: enable_bitmapscan = 'off', enable_seqscan = 'off', max_parallel_workers_per_gather = '0'
 Planning:
   Buffers: shared hit=110
 Planning Time: 0.224 ms
 Execution Time: 813.152 ms
(10 rows)

