SET
SET
SET
SET
SET
                                                                   QUERY PLAN                                                                   
------------------------------------------------------------------------------------------------------------------------------------------------
 Index Scan using idx on public.t (actual rows=4048576.00 loops=1)
   Output: a, b
   Index Cond: ((t.a >= '-1041015'::integer) AND (t.a <= '-28872'::integer))
   Index Searches: 1
   Prefetch: distance=267.446 count=1352401 stalls=1 skipped=2879672 resets=0 ungets=183873 forwarded=12171
             histogram [2,4) => 2, [4,8) => 4, [8,16) => 5, [16,32) => 9, [32,64) => 4, [64,128) => 2, [128,256) => 62274, [256,512) => 1290101
   Buffers: shared hit=973572 read=201107
 Settings: enable_bitmapscan = 'off', enable_seqscan = 'off', max_parallel_workers_per_gather = '0'
 Planning:
   Buffers: shared hit=78 read=27
 Planning Time: 2.146 ms
 Execution Time: 1234.383 ms
(12 rows)

SET
SET
SET
SET
SET
                                             QUERY PLAN                                             
----------------------------------------------------------------------------------------------------
 Index Scan using idx on public.t (actual rows=4048576.00 loops=1)
   Output: a, b
   Index Cond: ((t.a >= '-1041015'::integer) AND (t.a <= '-28872'::integer))
   Index Searches: 1
   Buffers: shared hit=1174701
 Settings: enable_bitmapscan = 'off', enable_seqscan = 'off', max_parallel_workers_per_gather = '0'
 Planning:
   Buffers: shared hit=110
 Planning Time: 0.221 ms
 Execution Time: 421.322 ms
(10 rows)

