SET
SET
SET
SET
SET
                                                                QUERY PLAN                                                                
------------------------------------------------------------------------------------------------------------------------------------------
 Index Scan using idx on public.t (actual rows=4096.00 loops=1)
   Output: a, b
   Index Cond: ((t.a >= '-32039'::integer) AND (t.a <= '-31016'::integer))
   Index Searches: 1
   Prefetch: distance=268.009 count=1795 stalls=1 skipped=2526 resets=0 ungets=753 forwarded=28
             histogram [2,4) => 2, [4,8) => 3, [8,16) => 7, [16,32) => 12, [32,64) => 2, [64,128) => 2, [128,256) => 2, [256,512) => 1765
   Buffers: shared hit=187 read=1020
 Settings: enable_bitmapscan = 'off', enable_seqscan = 'off', max_parallel_workers_per_gather = '0'
 Planning:
   Buffers: shared hit=82 read=27
 Planning Time: 2.150 ms
 Execution Time: 16.879 ms
(12 rows)

SET
SET
SET
SET
SET
                                             QUERY PLAN                                             
----------------------------------------------------------------------------------------------------
 Index Scan using idx on public.t (actual rows=4096.00 loops=1)
   Output: a, b
   Index Cond: ((t.a >= '-32039'::integer) AND (t.a <= '-31016'::integer))
   Index Searches: 1
   Buffers: shared hit=1207
 Settings: enable_bitmapscan = 'off', enable_seqscan = 'off', max_parallel_workers_per_gather = '0'
 Planning:
   Buffers: shared hit=114
 Planning Time: 0.201 ms
 Execution Time: 1.042 ms
(10 rows)

