SET
SET
SET
SET
SET
                                                                  QUERY PLAN                                                                  
----------------------------------------------------------------------------------------------------------------------------------------------
 Index Scan using idx on public.t (actual rows=262144.00 loops=1)
   Output: a, b
   Index Cond: ((t.a >= '-70805'::integer) AND (t.a <= '-5270'::integer))
   Index Searches: 1
   Prefetch: distance=267.557 count=88808 stalls=1 skipped=186043 resets=0 ungets=13323 forwarded=868
             histogram [2,4) => 2, [4,8) => 3, [8,16) => 5, [16,32) => 10, [32,64) => 5, [64,128) => 3, [128,256) => 4068, [256,512) => 84712
   Buffers: shared hit=61281 read=14768
 Settings: enable_bitmapscan = 'off', enable_seqscan = 'off', max_parallel_workers_per_gather = '0'
 Planning:
   Buffers: shared hit=78 read=27
 Planning Time: 2.190 ms
 Execution Time: 103.818 ms
(12 rows)

SET
SET
SET
SET
SET
                                             QUERY PLAN                                             
----------------------------------------------------------------------------------------------------
 Index Scan using idx on public.t (actual rows=262144.00 loops=1)
   Output: a, b
   Index Cond: ((t.a >= '-70805'::integer) AND (t.a <= '-5270'::integer))
   Index Searches: 1
   Buffers: shared hit=76054
 Settings: enable_bitmapscan = 'off', enable_seqscan = 'off', max_parallel_workers_per_gather = '0'
 Planning:
   Buffers: shared hit=110
 Planning Time: 0.188 ms
 Execution Time: 28.301 ms
(10 rows)

