SET
SET
SET
SET
SET
                                                                QUERY PLAN                                                                 
-------------------------------------------------------------------------------------------------------------------------------------------
 Index Scan using idx on public.t (actual rows=16384.00 loops=1)
   Output: a, b
   Index Cond: ((t.a >= '-28695'::integer) AND (t.a <= '-24600'::integer))
   Index Searches: 1
   Prefetch: distance=270.191 count=6947 stalls=1 skipped=11282 resets=0 ungets=2357 forwarded=116
             histogram [2,4) => 2, [4,8) => 3, [8,16) => 10, [16,32) => 15, [32,64) => 2, [64,128) => 2, [128,256) => 2, [256,512) => 6911
   Buffers: shared hit=1988 read=2785
 Settings: enable_bitmapscan = 'off', enable_seqscan = 'off', max_parallel_workers_per_gather = '0'
 Planning:
   Buffers: shared hit=82 read=27
 Planning Time: 2.182 ms
 Execution Time: 27.360 ms
(12 rows)

SET
SET
SET
SET
SET
                                             QUERY PLAN                                             
----------------------------------------------------------------------------------------------------
 Index Scan using idx on public.t (actual rows=16384.00 loops=1)
   Output: a, b
   Index Cond: ((t.a >= '-28695'::integer) AND (t.a <= '-24600'::integer))
   Index Searches: 1
   Buffers: shared hit=4773
 Settings: enable_bitmapscan = 'off', enable_seqscan = 'off', max_parallel_workers_per_gather = '0'
 Planning:
   Buffers: shared hit=114
 Planning Time: 0.185 ms
 Execution Time: 2.785 ms
(10 rows)

