SET
SET
SET
SET
SET
                                                                    QUERY PLAN                                                                    
--------------------------------------------------------------------------------------------------------------------------------------------------
 Index Scan using idx on public.t (actual rows=8048576.00 loops=1)
   Output: a, b
   Index Cond: ((t.a >= '-2028179'::integer) AND (t.a <= '-16036'::integer))
   Index Searches: 1
   Prefetch: distance=267.442 count=2686619 stalls=1 skipped=5725299 resets=0 ungets=363826 forwarded=24166
             histogram [2,4) => 2, [4,8) => 3, [8,16) => 5, [16,32) => 15, [32,64) => 2, [64,128) => 4, [128,256) => 123697, [256,512) => 2562891
   Buffers: shared hit=1937379 read=397560
 Settings: enable_bitmapscan = 'off', enable_seqscan = 'off', max_parallel_workers_per_gather = '0'
 Planning:
   Buffers: shared hit=78 read=27
 Planning Time: 2.140 ms
 Execution Time: 2450.598 ms
(12 rows)

SET
SET
SET
SET
SET
                                             QUERY PLAN                                             
----------------------------------------------------------------------------------------------------
 Index Scan using idx on public.t (actual rows=8048576.00 loops=1)
   Output: a, b
   Index Cond: ((t.a >= '-2028179'::integer) AND (t.a <= '-16036'::integer))
   Index Searches: 1
   Buffers: shared hit=2334986
 Settings: enable_bitmapscan = 'off', enable_seqscan = 'off', max_parallel_workers_per_gather = '0'
 Planning:
   Buffers: shared hit=110
 Planning Time: 0.290 ms
 Execution Time: 805.555 ms
(10 rows)

