SET
SET
SET
SET
SET
                                                                   QUERY PLAN                                                                    
-------------------------------------------------------------------------------------------------------------------------------------------------
 Index Scan using idx on public.t (actual rows=5048576.00 loops=1)
   Output: a, b
   Index Cond: ((t.a >= '-1275046'::integer) AND (t.a <= '-12903'::integer))
   Index Searches: 1
   Prefetch: distance=267.441 count=1685811 stalls=1 skipped=3590933 resets=0 ungets=228800 forwarded=15246
             histogram [2,4) => 2, [4,8) => 3, [8,16) => 5, [16,32) => 13, [32,64) => 4, [64,128) => 2, [128,256) => 78084, [256,512) => 1607698
   Buffers: shared hit=1214526 read=250206
 Settings: enable_bitmapscan = 'off', enable_seqscan = 'off', max_parallel_workers_per_gather = '0'
 Planning:
   Buffers: shared hit=78 read=27
 Planning Time: 2.156 ms
 Execution Time: 1558.695 ms
(12 rows)

SET
SET
SET
SET
SET
                                             QUERY PLAN                                             
----------------------------------------------------------------------------------------------------
 Index Scan using idx on public.t (actual rows=5048576.00 loops=1)
   Output: a, b
   Index Cond: ((t.a >= '-1275046'::integer) AND (t.a <= '-12903'::integer))
   Index Searches: 1
   Buffers: shared hit=1464762
 Settings: enable_bitmapscan = 'off', enable_seqscan = 'off', max_parallel_workers_per_gather = '0'
 Planning:
   Buffers: shared hit=110
 Planning Time: 0.275 ms
 Execution Time: 511.073 ms
(10 rows)

