SET
SET
SET
SET
SET
                                                                QUERY PLAN                                                                
------------------------------------------------------------------------------------------------------------------------------------------
 Index Scan using idx on public.t (actual rows=4096.00 loops=1)
   Output: a, b
   Index Cond: ((t.a >= '-1426'::integer) AND (t.a <= '-403'::integer))
   Index Searches: 1
   Prefetch: distance=267.039 count=1730 stalls=1 skipped=2685 resets=0 ungets=639 forwarded=26
             histogram [2,4) => 2, [4,8) => 3, [8,16) => 6, [16,32) => 17, [32,64) => 2, [64,128) => 2, [128,256) => 2, [256,512) => 1696
   Buffers: shared hit=370 read=829
 Settings: enable_bitmapscan = 'off', enable_seqscan = 'off', max_parallel_workers_per_gather = '0'
 Planning:
   Buffers: shared hit=82 read=27
 Planning Time: 1.796 ms
 Execution Time: 12.205 ms
(12 rows)

SET
SET
SET
SET
SET
                                             QUERY PLAN                                             
----------------------------------------------------------------------------------------------------
 Index Scan using idx on public.t (actual rows=4096.00 loops=1)
   Output: a, b
   Index Cond: ((t.a >= '-1426'::integer) AND (t.a <= '-403'::integer))
   Index Searches: 1
   Buffers: shared hit=1199
 Settings: enable_bitmapscan = 'off', enable_seqscan = 'off', max_parallel_workers_per_gather = '0'
 Planning:
   Buffers: shared hit=114
 Planning Time: 0.161 ms
 Execution Time: 0.586 ms
(10 rows)

