SET
SET
SET
SET
SET
                                                                  QUERY PLAN                                                                  
----------------------------------------------------------------------------------------------------------------------------------------------
 Index Scan using idx on public.t (actual rows=524288.00 loops=1)
   Output: a, b
   Index Cond: ((t.a >= '-148621'::integer) AND (t.a <= '-17550'::integer))
   Index Searches: 1
   Prefetch: distance=267.603 count=176601 stalls=1 skipped=372500 resets=0 ungets=25405 forwarded=1694
             histogram [2,4) => 4, [4,8) => 6, [8,16) => 8, [16,32) => 8, [32,64) => 2, [64,128) => 3, [128,256) => 7592, [256,512) => 168978
   Buffers: shared hit=124158 read=27991
 Settings: enable_bitmapscan = 'off', enable_seqscan = 'off', max_parallel_workers_per_gather = '0'
 Planning:
   Buffers: shared hit=78 read=27
 Planning Time: 2.134 ms
 Execution Time: 184.877 ms
(12 rows)

SET
SET
SET
SET
SET
                                             QUERY PLAN                                             
----------------------------------------------------------------------------------------------------
 Index Scan using idx on public.t (actual rows=524288.00 loops=1)
   Output: a, b
   Index Cond: ((t.a >= '-148621'::integer) AND (t.a <= '-17550'::integer))
   Index Searches: 1
   Buffers: shared hit=152153
 Settings: enable_bitmapscan = 'off', enable_seqscan = 'off', max_parallel_workers_per_gather = '0'
 Planning:
   Buffers: shared hit=110
 Planning Time: 0.193 ms
 Execution Time: 54.757 ms
(10 rows)

