SET
SET
SET
SET
SET
                                                                   QUERY PLAN                                                                   
------------------------------------------------------------------------------------------------------------------------------------------------
 Index Scan using idx on public.t (actual rows=2048576.00 loops=1)
   Output: a, b
   Index Cond: ((t.a >= '-526638'::integer) AND (t.a <= '-14495'::integer))
   Index Searches: 1
   Prefetch: distance=267.449 count=685069 stalls=1 skipped=1457028 resets=0 ungets=93829 forwarded=6144
             histogram [2,4) => 2, [4,8) => 3, [8,16) => 5, [16,32) => 10, [32,64) => 3, [64,128) => 2, [128,256) => 31650, [256,512) => 653394
   Buffers: shared hit=491536 read=102854
 Settings: enable_bitmapscan = 'off', enable_seqscan = 'off', max_parallel_workers_per_gather = '0'
 Planning:
   Buffers: shared hit=78 read=27
 Planning Time: 2.141 ms
 Execution Time: 639.237 ms
(12 rows)

SET
SET
SET
SET
SET
                                             QUERY PLAN                                             
----------------------------------------------------------------------------------------------------
 Index Scan using idx on public.t (actual rows=2048576.00 loops=1)
   Output: a, b
   Index Cond: ((t.a >= '-526638'::integer) AND (t.a <= '-14495'::integer))
   Index Searches: 1
   Buffers: shared hit=594402
 Settings: enable_bitmapscan = 'off', enable_seqscan = 'off', max_parallel_workers_per_gather = '0'
 Planning:
   Buffers: shared hit=110
 Planning Time: 0.257 ms
 Execution Time: 213.490 ms
(10 rows)

