SET
SET
SET
SET
SET
                                                                   QUERY PLAN                                                                   
------------------------------------------------------------------------------------------------------------------------------------------------
 Index Scan using idx on public.t (actual rows=6048576.00 loops=1)
   Output: a, b
   Index Cond: ((t.a >= '-1532968'::integer) AND (t.a <= '-20825'::integer))
   Index Searches: 1
   Prefetch: distance=267.437 count=2019622 stalls=1 skipped=4302570 resets=0 ungets=273876 forwarded=18272
             histogram [2,4) => 4, [4,8) => 5, [8,16) => 7, [16,32) => 8, [32,64) => 3, [64,128) => 2, [128,256) => 93657, [256,512) => 1925936
   Buffers: shared hit=1455511 read=299330
 Settings: enable_bitmapscan = 'off', enable_seqscan = 'off', max_parallel_workers_per_gather = '0'
 Planning:
   Buffers: shared hit=78 read=27
 Planning Time: 2.144 ms
 Execution Time: 1850.526 ms
(12 rows)

SET
SET
SET
SET
SET
                                             QUERY PLAN                                             
----------------------------------------------------------------------------------------------------
 Index Scan using idx on public.t (actual rows=6048576.00 loops=1)
   Output: a, b
   Index Cond: ((t.a >= '-1532968'::integer) AND (t.a <= '-20825'::integer))
   Index Searches: 1
   Buffers: shared hit=1754879
 Settings: enable_bitmapscan = 'off', enable_seqscan = 'off', max_parallel_workers_per_gather = '0'
 Planning:
   Buffers: shared hit=110
 Planning Time: 0.275 ms
 Execution Time: 609.513 ms
(10 rows)

