SET
SET
SET
SET
SET
                                                                   QUERY PLAN                                                                    
-------------------------------------------------------------------------------------------------------------------------------------------------
 Index Scan using idx on public.t (actual rows=9048576.00 loops=1)
   Output: a, b
   Index Cond: ((t.a >= '-2277643'::integer) AND (t.a <= '-15500'::integer))
   Index Searches: 1
   Prefetch: distance=267.441 count=3020410 stalls=1 skipped=6436640 resets=0 ungets=408822 forwarded=27179
             histogram [2,4) => 2, [4,8) => 3, [8,16) => 5, [16,32) => 9, [32,64) => 6, [64,128) => 2, [128,256) => 138858, [256,512) => 2881525
   Buffers: shared hit=2178519 read=446670
 Settings: enable_bitmapscan = 'off', enable_seqscan = 'off', max_parallel_workers_per_gather = '0'
 Planning:
   Buffers: shared hit=78 read=27
 Planning Time: 2.163 ms
 Execution Time: 2754.514 ms
(12 rows)

SET
SET
SET
SET
SET
                                             QUERY PLAN                                             
----------------------------------------------------------------------------------------------------
 Index Scan using idx on public.t (actual rows=9048576.00 loops=1)
   Output: a, b
   Index Cond: ((t.a >= '-2277643'::integer) AND (t.a <= '-15500'::integer))
   Index Searches: 1
   Buffers: shared hit=2625243
 Settings: enable_bitmapscan = 'off', enable_seqscan = 'off', max_parallel_workers_per_gather = '0'
 Planning:
   Buffers: shared hit=110
 Planning Time: 0.240 ms
 Execution Time: 933.774 ms
(10 rows)

