SET
SET
SET
SET
SET
                                                                   QUERY PLAN                                                                   
------------------------------------------------------------------------------------------------------------------------------------------------
 Index Scan using idx on public.t (actual rows=5048576.00 loops=1)
   Output: a, b
   Index Cond: ((t.a >= '-1275930'::integer) AND (t.a <= '-13787'::integer))
   Index Searches: 1
   Prefetch: distance=267.441 count=1686080 stalls=1 skipped=3591261 resets=0 ungets=228925 forwarded=15247
             histogram [2,4) => 2, [4,8) => 4, [8,16) => 5, [16,32) => 9, [32,64) => 3, [64,128) => 2, [128,256) => 78122, [256,512) => 1607933
   Buffers: shared hit=1214530 read=250207
 Settings: enable_bitmapscan = 'off', enable_seqscan = 'off', max_parallel_workers_per_gather = '0'
 Planning:
   Buffers: shared hit=78 read=27
 Planning Time: 2.165 ms
 Execution Time: 1540.841 ms
(12 rows)

SET
SET
SET
SET
SET
                                             QUERY PLAN                                             
----------------------------------------------------------------------------------------------------
 Index Scan using idx on public.t (actual rows=5048576.00 loops=1)
   Output: a, b
   Index Cond: ((t.a >= '-1275930'::integer) AND (t.a <= '-13787'::integer))
   Index Searches: 1
   Buffers: shared hit=1464766
 Settings: enable_bitmapscan = 'off', enable_seqscan = 'off', max_parallel_workers_per_gather = '0'
 Planning:
   Buffers: shared hit=110
 Planning Time: 0.313 ms
 Execution Time: 509.918 ms
(10 rows)

