SET
SET
SET
SET
SET
                                                                  QUERY PLAN                                                                   
-----------------------------------------------------------------------------------------------------------------------------------------------
 Index Scan using idx on public.t (actual rows=3048576.00 loops=1)
   Output: a, b
   Index Cond: ((t.a >= '-780070'::integer) AND (t.a <= '-17927'::integer))
   Index Searches: 1
   Prefetch: distance=267.449 count=1018951 stalls=1 skipped=2168568 resets=0 ungets=138955 forwarded=9177
             histogram [2,4) => 2, [4,8) => 3, [8,16) => 5, [16,32) => 9, [32,64) => 6, [64,128) => 2, [128,256) => 46834, [256,512) => 972090
   Buffers: shared hit=732604 read=151945
 Settings: enable_bitmapscan = 'off', enable_seqscan = 'off', max_parallel_workers_per_gather = '0'
 Planning:
   Buffers: shared hit=78 read=27
 Planning Time: 2.164 ms
 Execution Time: 941.319 ms
(12 rows)

SET
SET
SET
SET
SET
                                             QUERY PLAN                                             
----------------------------------------------------------------------------------------------------
 Index Scan using idx on public.t (actual rows=3048576.00 loops=1)
   Output: a, b
   Index Cond: ((t.a >= '-780070'::integer) AND (t.a <= '-17927'::integer))
   Index Searches: 1
   Buffers: shared hit=884570
 Settings: enable_bitmapscan = 'off', enable_seqscan = 'off', max_parallel_workers_per_gather = '0'
 Planning:
   Buffers: shared hit=110
 Planning Time: 0.246 ms
 Execution Time: 311.329 ms
(10 rows)

