SET
SET
SET
SET
SET
                                                               QUERY PLAN                                                                
-----------------------------------------------------------------------------------------------------------------------------------------
 Index Scan using idx on public.t (actual rows=8192.00 loops=1)
   Output: a, b
   Index Cond: ((t.a >= '-22362'::integer) AND (t.a <= '-20315'::integer))
   Index Searches: 1
   Prefetch: distance=269.843 count=3621 stalls=1 skipped=5434 resets=0 ungets=1427 forwarded=52
             histogram [2,4) => 2, [4,8) => 3, [8,16) => 9, [16,32) => 9, [32,64) => 3, [64,128) => 2, [128,256) => 2, [256,512) => 3591
   Buffers: shared hit=605 read=1772
 Settings: enable_bitmapscan = 'off', enable_seqscan = 'off', max_parallel_workers_per_gather = '0'
 Planning:
   Buffers: shared hit=82 read=27
 Planning Time: 2.181 ms
 Execution Time: 23.553 ms
(12 rows)

SET
SET
SET
SET
SET
                                             QUERY PLAN                                             
----------------------------------------------------------------------------------------------------
 Index Scan using idx on public.t (actual rows=8192.00 loops=1)
   Output: a, b
   Index Cond: ((t.a >= '-22362'::integer) AND (t.a <= '-20315'::integer))
   Index Searches: 1
   Buffers: shared hit=2377
 Settings: enable_bitmapscan = 'off', enable_seqscan = 'off', max_parallel_workers_per_gather = '0'
 Planning:
   Buffers: shared hit=114
 Planning Time: 0.189 ms
 Execution Time: 1.608 ms
(10 rows)

