SET
SET
SET
SET
SET
                                                               QUERY PLAN                                                               
----------------------------------------------------------------------------------------------------------------------------------------
 Index Scan using idx on public.t (actual rows=2048.00 loops=1)
   Output: a, b
   Index Cond: ((t.a >= '-31037'::integer) AND (t.a <= '-30526'::integer))
   Index Searches: 1
   Prefetch: distance=262.112 count=759 stalls=1 skipped=1092 resets=0 ungets=331 forwarded=4
             histogram [2,4) => 4, [4,8) => 3, [8,16) => 6, [16,32) => 9, [32,64) => 4, [64,128) => 2, [128,256) => 2, [256,512) => 729
   Buffers: shared hit=43 read=549
 Settings: enable_bitmapscan = 'off', enable_seqscan = 'off', max_parallel_workers_per_gather = '0'
 Planning:
   Buffers: shared hit=82 read=27
 Planning Time: 1.339 ms
 Execution Time: 14.192 ms
(12 rows)

SET
SET
SET
SET
SET
                                             QUERY PLAN                                             
----------------------------------------------------------------------------------------------------
 Index Scan using idx on public.t (actual rows=2048.00 loops=1)
   Output: a, b
   Index Cond: ((t.a >= '-31037'::integer) AND (t.a <= '-30526'::integer))
   Index Searches: 1
   Buffers: shared hit=592
 Settings: enable_bitmapscan = 'off', enable_seqscan = 'off', max_parallel_workers_per_gather = '0'
 Planning:
   Buffers: shared hit=114
 Planning Time: 0.159 ms
 Execution Time: 0.449 ms
(10 rows)

