SET
SET
SET
SET
SET
                                                                  QUERY PLAN                                                                  
----------------------------------------------------------------------------------------------------------------------------------------------
 Index Scan using idx on public.t (actual rows=131072.00 loops=1)
   Output: a, b
   Index Cond: ((t.a >= '-41590'::integer) AND (t.a <= '-8823'::integer))
   Index Searches: 1
   Prefetch: distance=267.955 count=45292 stalls=1 skipped=92730 resets=0 ungets=7606 forwarded=516
             histogram [2,4) => 2, [4,8) => 3, [8,16) => 5, [16,32) => 11, [32,64) => 5, [64,128) => 3, [128,256) => 1718, [256,512) => 43545
   Buffers: shared hit=29498 read=8574
 Settings: enable_bitmapscan = 'off', enable_seqscan = 'off', max_parallel_workers_per_gather = '0'
 Planning:
   Buffers: shared hit=82 read=27
 Planning Time: 2.257 ms
 Execution Time: 65.120 ms
(12 rows)

SET
SET
SET
SET
SET
                                             QUERY PLAN                                             
----------------------------------------------------------------------------------------------------
 Index Scan using idx on public.t (actual rows=131072.00 loops=1)
   Output: a, b
   Index Cond: ((t.a >= '-41590'::integer) AND (t.a <= '-8823'::integer))
   Index Searches: 1
   Buffers: shared hit=38073
 Settings: enable_bitmapscan = 'off', enable_seqscan = 'off', max_parallel_workers_per_gather = '0'
 Planning:
   Buffers: shared hit=114
 Planning Time: 0.195 ms
 Execution Time: 12.774 ms
(10 rows)

