SET
SET
SET
SET
SET
                                                               QUERY PLAN                                                               
----------------------------------------------------------------------------------------------------------------------------------------
 Index Scan using idx on public.t (actual rows=1024.00 loops=1)
   Output: a, b
   Index Cond: ((t.a >= '-20681'::integer) AND (t.a <= '-20426'::integer))
   Index Searches: 1
   Prefetch: distance=242.241 count=249 stalls=1 skipped=358 resets=0 ungets=103 forwarded=0
             histogram [2,4) => 2, [4,8) => 3, [8,16) => 6, [16,32) => 9, [32,64) => 6, [64,128) => 2, [128,256) => 2, [256,512) => 219
   Buffers: shared hit=12 read=285
 Settings: enable_bitmapscan = 'off', enable_seqscan = 'off', max_parallel_workers_per_gather = '0'
 Planning:
   Buffers: shared hit=82 read=27
 Planning Time: 1.334 ms
 Execution Time: 11.732 ms
(12 rows)

SET
SET
SET
SET
SET
                                             QUERY PLAN                                             
----------------------------------------------------------------------------------------------------
 Index Scan using idx on public.t (actual rows=1024.00 loops=1)
   Output: a, b
   Index Cond: ((t.a >= '-20681'::integer) AND (t.a <= '-20426'::integer))
   Index Searches: 1
   Buffers: shared hit=297
 Settings: enable_bitmapscan = 'off', enable_seqscan = 'off', max_parallel_workers_per_gather = '0'
 Planning:
   Buffers: shared hit=114
 Planning Time: 0.174 ms
 Execution Time: 0.320 ms
(10 rows)

