SET
SET
SET
SET
SET
                                                                  QUERY PLAN                                                                   
-----------------------------------------------------------------------------------------------------------------------------------------------
 Index Scan using idx on public.t (actual rows=524288.00 loops=1)
   Output: a, b
   Index Cond: ((t.a >= '-143572'::integer) AND (t.a <= '-12501'::integer))
   Index Searches: 1
   Prefetch: distance=267.609 count=176617 stalls=1 skipped=372658 resets=0 ungets=25423 forwarded=1684
             histogram [2,4) => 2, [4,8) => 3, [8,16) => 5, [16,32) => 11, [32,64) => 6, [64,128) => 2, [128,256) => 7561, [256,512) => 169027
   Buffers: shared hit=124105 read=28004
 Settings: enable_bitmapscan = 'off', enable_seqscan = 'off', max_parallel_workers_per_gather = '0'
 Planning:
   Buffers: shared hit=78 read=27
 Planning Time: 2.163 ms
 Execution Time: 181.391 ms
(12 rows)

SET
SET
SET
SET
SET
                                             QUERY PLAN                                             
----------------------------------------------------------------------------------------------------
 Index Scan using idx on public.t (actual rows=524288.00 loops=1)
   Output: a, b
   Index Cond: ((t.a >= '-143572'::integer) AND (t.a <= '-12501'::integer))
   Index Searches: 1
   Buffers: shared hit=152116
 Settings: enable_bitmapscan = 'off', enable_seqscan = 'off', max_parallel_workers_per_gather = '0'
 Planning:
   Buffers: shared hit=110
 Planning Time: 0.223 ms
 Execution Time: 57.721 ms
(10 rows)

