SET
SET
SET
SET
SET
                                                                   QUERY PLAN                                                                   
------------------------------------------------------------------------------------------------------------------------------------------------
 Index Scan using idx on public.t (actual rows=5048576.00 loops=1)
   Output: a, b
   Index Cond: ((t.a >= '-1275711'::integer) AND (t.a <= '-13568'::integer))
   Index Searches: 1
   Prefetch: distance=267.440 count=1685853 stalls=1 skipped=3590921 resets=0 ungets=228818 forwarded=15266
             histogram [2,4) => 2, [4,8) => 3, [8,16) => 5, [16,32) => 9, [32,64) => 5, [64,128) => 2, [128,256) => 78194, [256,512) => 1607633
   Buffers: shared hit=1214550 read=250198
 Settings: enable_bitmapscan = 'off', enable_seqscan = 'off', max_parallel_workers_per_gather = '0'
 Planning:
   Buffers: shared hit=78 read=27
 Planning Time: 2.280 ms
 Execution Time: 1549.677 ms
(12 rows)

SET
SET
SET
SET
SET
                                             QUERY PLAN                                             
----------------------------------------------------------------------------------------------------
 Index Scan using idx on public.t (actual rows=5048576.00 loops=1)
   Output: a, b
   Index Cond: ((t.a >= '-1275711'::integer) AND (t.a <= '-13568'::integer))
   Index Searches: 1
   Buffers: shared hit=1464773
 Settings: enable_bitmapscan = 'off', enable_seqscan = 'off', max_parallel_workers_per_gather = '0'
 Planning:
   Buffers: shared hit=110
 Planning Time: 0.235 ms
 Execution Time: 510.197 ms
(10 rows)

