SET
SET
SET
SET
SET
                                                                   QUERY PLAN                                                                   
------------------------------------------------------------------------------------------------------------------------------------------------
 Index Scan using idx on public.t (actual rows=3048576.00 loops=1)
   Output: a, b
   Index Cond: ((t.a >= '-770103'::integer) AND (t.a <= '-7960'::integer))
   Index Searches: 1
   Prefetch: distance=267.446 count=1018751 stalls=1 skipped=2168442 resets=0 ungets=138841 forwarded=9216
             histogram [2,4) => 2, [4,8) => 4, [8,16) => 11, [16,32) => 9, [32,64) => 3, [64,128) => 2, [128,256) => 46811, [256,512) => 971909
   Buffers: shared hit=732669 read=151855
 Settings: enable_bitmapscan = 'off', enable_seqscan = 'off', max_parallel_workers_per_gather = '0'
 Planning:
   Buffers: shared hit=78 read=27
 Planning Time: 2.147 ms
 Execution Time: 940.109 ms
(12 rows)

SET
SET
SET
SET
SET
                                             QUERY PLAN                                             
----------------------------------------------------------------------------------------------------
 Index Scan using idx on public.t (actual rows=3048576.00 loops=1)
   Output: a, b
   Index Cond: ((t.a >= '-770103'::integer) AND (t.a <= '-7960'::integer))
   Index Searches: 1
   Buffers: shared hit=884544
 Settings: enable_bitmapscan = 'off', enable_seqscan = 'off', max_parallel_workers_per_gather = '0'
 Planning:
   Buffers: shared hit=110
 Planning Time: 0.228 ms
 Execution Time: 320.306 ms
(10 rows)

