SET
SET
SET
SET
SET
                                                               QUERY PLAN                                                                
-----------------------------------------------------------------------------------------------------------------------------------------
 Index Scan Backward using idx on public.t (actual rows=16384.00 loops=1)
   Output: a, b
   Index Cond: ((t.a >= '-32394'::integer) AND (t.a <= '-28299'::integer))
   Index Searches: 1
   Prefetch: distance=270.402 count=7267 stalls=1 skipped=11321 resets=0 ungets=2612 forwarded=0
             histogram [2,4) => 2, [4,8) => 5, [8,16) => 9, [16,32) => 7, [32,64) => 2, [64,128) => 2, [128,256) => 6, [256,512) => 7234
   Buffers: shared hit=2037 read=2765
 Settings: enable_bitmapscan = 'off', enable_seqscan = 'off', max_parallel_workers_per_gather = '0'
 Planning:
   Buffers: shared hit=86 read=27
 Planning Time: 2.197 ms
 Execution Time: 27.373 ms
(12 rows)

SET
SET
SET
SET
SET
                                             QUERY PLAN                                             
----------------------------------------------------------------------------------------------------
 Index Scan Backward using idx on public.t (actual rows=16384.00 loops=1)
   Output: a, b
   Index Cond: ((t.a >= '-32394'::integer) AND (t.a <= '-28299'::integer))
   Index Searches: 1
   Buffers: shared hit=4802
 Settings: enable_bitmapscan = 'off', enable_seqscan = 'off', max_parallel_workers_per_gather = '0'
 Planning:
   Buffers: shared hit=118
 Planning Time: 0.188 ms
 Execution Time: 2.723 ms
(10 rows)

