SET
SET
SET
SET
SET
                                                                   QUERY PLAN                                                                   
------------------------------------------------------------------------------------------------------------------------------------------------
 Index Scan Backward using idx on public.t (actual rows=5048576.00 loops=1)
   Output: a, b
   Index Cond: ((t.a >= '-1283793'::integer) AND (t.a <= '-21650'::integer))
   Index Searches: 1
   Prefetch: distance=267.486 count=1703169 stalls=2 skipped=3591133 resets=0 ungets=246011 forwarded=25
             histogram [2,4) => 6, [4,8) => 3, [8,16) => 5, [16,32) => 9, [32,64) => 2, [64,128) => 2, [128,256) => 77886, [256,512) => 1625256
   Buffers: shared hit=1214619 read=250193
 Settings: enable_bitmapscan = 'off', enable_seqscan = 'off', max_parallel_workers_per_gather = '0'
 Planning:
   Buffers: shared hit=82 read=27
 Planning Time: 2.203 ms
 Execution Time: 1734.509 ms
(12 rows)

SET
SET
SET
SET
SET
                                             QUERY PLAN                                             
----------------------------------------------------------------------------------------------------
 Index Scan Backward using idx on public.t (actual rows=5048576.00 loops=1)
   Output: a, b
   Index Cond: ((t.a >= '-1283793'::integer) AND (t.a <= '-21650'::integer))
   Index Searches: 1
   Buffers: shared hit=1464812
 Settings: enable_bitmapscan = 'off', enable_seqscan = 'off', max_parallel_workers_per_gather = '0'
 Planning:
   Buffers: shared hit=114
 Planning Time: 0.234 ms
 Execution Time: 498.796 ms
(10 rows)

