SET
SET
SET
SET
SET
                                                               QUERY PLAN                                                                
-----------------------------------------------------------------------------------------------------------------------------------------
 Index Scan Backward using idx on public.t (actual rows=512.00 loops=1)
   Output: a, b
   Index Cond: ((t.a >= '-3767'::integer) AND (t.a <= '-3640'::integer))
   Index Searches: 1
   Prefetch: distance=231.654 count=162 stalls=1 skipped=239 resets=0 ungets=69 forwarded=0
             histogram [2,4) => 2, [4,8) => 5, [8,16) => 10, [16,32) => 5, [32,64) => 2, [64,128) => 2, [128,256) => 2, [256,512) => 134
   Buffers: shared hit=8 read=145
 Settings: enable_bitmapscan = 'off', enable_seqscan = 'off', max_parallel_workers_per_gather = '0'
 Planning:
   Buffers: shared hit=86 read=27
 Planning Time: 1.349 ms
 Execution Time: 4.627 ms
(12 rows)

SET
SET
SET
SET
SET
                                             QUERY PLAN                                             
----------------------------------------------------------------------------------------------------
 Index Scan Backward using idx on public.t (actual rows=512.00 loops=1)
   Output: a, b
   Index Cond: ((t.a >= '-3767'::integer) AND (t.a <= '-3640'::integer))
   Index Searches: 1
   Buffers: shared hit=153
 Settings: enable_bitmapscan = 'off', enable_seqscan = 'off', max_parallel_workers_per_gather = '0'
 Planning:
   Buffers: shared hit=118
 Planning Time: 0.154 ms
 Execution Time: 0.125 ms
(10 rows)

