SET
SET
SET
SET
SET
                                                                   QUERY PLAN                                                                   
------------------------------------------------------------------------------------------------------------------------------------------------
 Index Scan Backward using idx on public.t (actual rows=3048576.00 loops=1)
   Output: a, b
   Index Cond: ((t.a >= '-771085'::integer) AND (t.a <= '-8942'::integer))
   Index Searches: 1
   Prefetch: distance=267.502 count=1029199 stalls=1 skipped=2168331 resets=0 ungets=149302 forwarded=14
             histogram [2,4) => 4, [4,8) => 4, [8,16) => 11, [16,32) => 5, [32,64) => 2, [64,128) => 2, [128,256) => 46662, [256,512) => 982509
   Buffers: shared hit=732663 read=151906
 Settings: enable_bitmapscan = 'off', enable_seqscan = 'off', max_parallel_workers_per_gather = '0'
 Planning:
   Buffers: shared hit=82 read=27
 Planning Time: 2.149 ms
 Execution Time: 1094.399 ms
(12 rows)

SET
SET
SET
SET
SET
                                             QUERY PLAN                                             
----------------------------------------------------------------------------------------------------
 Index Scan Backward using idx on public.t (actual rows=3048576.00 loops=1)
   Output: a, b
   Index Cond: ((t.a >= '-771085'::integer) AND (t.a <= '-8942'::integer))
   Index Searches: 1
   Buffers: shared hit=884569
 Settings: enable_bitmapscan = 'off', enable_seqscan = 'off', max_parallel_workers_per_gather = '0'
 Planning:
   Buffers: shared hit=114
 Planning Time: 0.234 ms
 Execution Time: 353.923 ms
(10 rows)

