SET
SET
SET
SET
SET
                                                                   QUERY PLAN                                                                   
------------------------------------------------------------------------------------------------------------------------------------------------
 Index Scan Backward using idx on public.t (actual rows=6048576.00 loops=1)
   Output: a, b
   Index Cond: ((t.a >= '-1526646'::integer) AND (t.a <= '-14503'::integer))
   Index Searches: 1
   Prefetch: distance=267.477 count=2040072 stalls=1 skipped=4302690 resets=0 ungets=294334 forwarded=27
             histogram [2,4) => 2, [4,8) => 3, [8,16) => 9, [16,32) => 8, [32,64) => 2, [64,128) => 2, [128,256) => 93854, [256,512) => 1946192
   Buffers: shared hit=1455548 read=299298
 Settings: enable_bitmapscan = 'off', enable_seqscan = 'off', max_parallel_workers_per_gather = '0'
 Planning:
   Buffers: shared hit=82 read=27
 Planning Time: 2.165 ms
 Execution Time: 2066.876 ms
(12 rows)

SET
SET
SET
SET
SET
                                             QUERY PLAN                                             
----------------------------------------------------------------------------------------------------
 Index Scan Backward using idx on public.t (actual rows=6048576.00 loops=1)
   Output: a, b
   Index Cond: ((t.a >= '-1526646'::integer) AND (t.a <= '-14503'::integer))
   Index Searches: 1
   Buffers: shared hit=1754846
 Settings: enable_bitmapscan = 'off', enable_seqscan = 'off', max_parallel_workers_per_gather = '0'
 Planning:
   Buffers: shared hit=114
 Planning Time: 0.246 ms
 Execution Time: 600.736 ms
(10 rows)

