SET
SET
SET
SET
SET
                                                                   QUERY PLAN                                                                   
------------------------------------------------------------------------------------------------------------------------------------------------
 Index Scan Backward using idx on public.t (actual rows=5048576.00 loops=1)
   Output: a, b
   Index Cond: ((t.a >= '-1265632'::integer) AND (t.a <= '-3489'::integer))
   Index Searches: 1
   Prefetch: distance=267.484 count=1702706 stalls=1 skipped=3591300 resets=0 ungets=245546 forwarded=24
             histogram [2,4) => 2, [4,8) => 3, [8,16) => 8, [16,32) => 9, [32,64) => 2, [64,128) => 2, [128,256) => 77879, [256,512) => 1624801
   Buffers: shared hit=1215108 read=249647
 Settings: enable_bitmapscan = 'off', enable_seqscan = 'off', max_parallel_workers_per_gather = '0'
 Planning:
   Buffers: shared hit=82 read=27
 Planning Time: 2.365 ms
 Execution Time: 1742.512 ms
(12 rows)

SET
SET
SET
SET
SET
                                             QUERY PLAN                                             
----------------------------------------------------------------------------------------------------
 Index Scan Backward using idx on public.t (actual rows=5048576.00 loops=1)
   Output: a, b
   Index Cond: ((t.a >= '-1265632'::integer) AND (t.a <= '-3489'::integer))
   Index Searches: 1
   Buffers: shared hit=1464756
 Settings: enable_bitmapscan = 'off', enable_seqscan = 'off', max_parallel_workers_per_gather = '0'
 Planning:
   Buffers: shared hit=114
 Planning Time: 0.298 ms
 Execution Time: 499.306 ms
(10 rows)

