SET
SET
SET
SET
SET
                                                                   QUERY PLAN                                                                    
-------------------------------------------------------------------------------------------------------------------------------------------------
 Index Scan Backward using idx on public.t (actual rows=7048576.00 loops=1)
   Output: a, b
   Index Cond: ((t.a >= '-1790909'::integer) AND (t.a <= '-28766'::integer))
   Index Searches: 1
   Prefetch: distance=267.478 count=2376643 stalls=1 skipped=5013957 resets=0 ungets=342568 forwarded=36
             histogram [2,4) => 2, [4,8) => 3, [8,16) => 5, [16,32) => 9, [32,64) => 2, [64,128) => 2, [128,256) => 109107, [256,512) => 2267513
   Buffers: shared hit=1696325 read=348465
 Settings: enable_bitmapscan = 'off', enable_seqscan = 'off', max_parallel_workers_per_gather = '0'
 Planning:
   Buffers: shared hit=82 read=27
 Planning Time: 2.213 ms
 Execution Time: 2400.052 ms
(12 rows)

SET
SET
SET
SET
SET
                                             QUERY PLAN                                             
----------------------------------------------------------------------------------------------------
 Index Scan Backward using idx on public.t (actual rows=7048576.00 loops=1)
   Output: a, b
   Index Cond: ((t.a >= '-1790909'::integer) AND (t.a <= '-28766'::integer))
   Index Searches: 1
   Buffers: shared hit=2044790
 Settings: enable_bitmapscan = 'off', enable_seqscan = 'off', max_parallel_workers_per_gather = '0'
 Planning:
   Buffers: shared hit=114
 Planning Time: 0.254 ms
 Execution Time: 695.619 ms
(10 rows)

