SET
SET
SET
SET
SET
                                             QUERY PLAN                                             
----------------------------------------------------------------------------------------------------
 Index Scan Backward using idx on public.t (actual rows=4096.00 loops=1)
   Output: a, b
   Index Cond: ((t.a >= '-31814'::integer) AND (t.a <= '-30791'::integer))
   Index Searches: 1
   Prefetch: distance=2.145 count=379 stalls=3332 skipped=50 resets=0 ungets=0 forwarded=0
             histogram [2,4) => 360, [4,8) => 19
   Buffers: shared hit=3762 read=287
 Settings: enable_bitmapscan = 'off', enable_seqscan = 'off', max_parallel_workers_per_gather = '0'
 Planning:
   Buffers: shared hit=82 read=26
 Planning Time: 1.895 ms
 Execution Time: 18.463 ms
(12 rows)

SET
SET
SET
SET
SET
                                             QUERY PLAN                                             
----------------------------------------------------------------------------------------------------
 Index Scan Backward using idx on public.t (actual rows=4096.00 loops=1)
   Output: a, b
   Index Cond: ((t.a >= '-31814'::integer) AND (t.a <= '-30791'::integer))
   Index Searches: 1
   Buffers: shared hit=4049
 Settings: enable_bitmapscan = 'off', enable_seqscan = 'off', max_parallel_workers_per_gather = '0'
 Planning:
   Buffers: shared hit=113
 Planning Time: 0.163 ms
 Execution Time: 0.498 ms
(10 rows)

