SET
SET
SET
SET
SET
                                                                QUERY PLAN                                                                
------------------------------------------------------------------------------------------------------------------------------------------
 Index Scan Backward using idx on public.t (actual rows=8192.00 loops=1)
   Output: a, b
   Index Cond: ((t.a >= '-2590'::integer) AND (t.a <= '-543'::integer))
   Index Searches: 1
   Prefetch: distance=269.297 count=3408 stalls=2 skipped=5419 resets=0 ungets=1180 forwarded=0
             histogram [2,4) => 2, [4,8) => 3, [8,16) => 11, [16,32) => 8, [32,64) => 2, [64,128) => 2, [128,256) => 2, [256,512) => 3378
   Buffers: shared hit=1051 read=1351
 Settings: enable_bitmapscan = 'off', enable_seqscan = 'off', max_parallel_workers_per_gather = '0'
 Planning:
   Buffers: shared hit=86 read=27
 Planning Time: 2.166 ms
 Execution Time: 18.676 ms
(12 rows)

SET
SET
SET
SET
SET
                                             QUERY PLAN                                             
----------------------------------------------------------------------------------------------------
 Index Scan Backward using idx on public.t (actual rows=8192.00 loops=1)
   Output: a, b
   Index Cond: ((t.a >= '-2590'::integer) AND (t.a <= '-543'::integer))
   Index Searches: 1
   Buffers: shared hit=2402
 Settings: enable_bitmapscan = 'off', enable_seqscan = 'off', max_parallel_workers_per_gather = '0'
 Planning:
   Buffers: shared hit=118
 Planning Time: 0.212 ms
 Execution Time: 1.442 ms
(10 rows)

