SET
SET
SET
SET
SET
                                                                   QUERY PLAN                                                                   
------------------------------------------------------------------------------------------------------------------------------------------------
 Index Scan Backward using idx on public.t (actual rows=4048576.00 loops=1)
   Output: a, b
   Index Cond: ((t.a >= '-1032007'::integer) AND (t.a <= '-19864'::integer))
   Index Searches: 1
   Prefetch: distance=267.487 count=1366389 stalls=1 skipped=2879853 resets=0 ungets=197746 forwarded=21
             histogram [2,4) => 2, [4,8) => 3, [8,16) => 5, [16,32) => 9, [32,64) => 2, [64,128) => 2, [128,256) => 62482, [256,512) => 1303884
   Buffers: shared hit=973636 read=201095
 Settings: enable_bitmapscan = 'off', enable_seqscan = 'off', max_parallel_workers_per_gather = '0'
 Planning:
   Buffers: shared hit=82 read=27
 Planning Time: 2.171 ms
 Execution Time: 1410.739 ms
(12 rows)

SET
SET
SET
SET
SET
                                             QUERY PLAN                                             
----------------------------------------------------------------------------------------------------
 Index Scan Backward using idx on public.t (actual rows=4048576.00 loops=1)
   Output: a, b
   Index Cond: ((t.a >= '-1032007'::integer) AND (t.a <= '-19864'::integer))
   Index Searches: 1
   Buffers: shared hit=1174731
 Settings: enable_bitmapscan = 'off', enable_seqscan = 'off', max_parallel_workers_per_gather = '0'
 Planning:
   Buffers: shared hit=114
 Planning Time: 0.238 ms
 Execution Time: 404.173 ms
(10 rows)

