SET
SET
SET
SET
SET
                                                                    QUERY PLAN                                                                    
--------------------------------------------------------------------------------------------------------------------------------------------------
 Index Scan Backward using idx on public.t (actual rows=5048576.00 loops=1)
   Output: a, b
   Index Cond: ((t.a >= '-1286574'::integer) AND (t.a <= '-24431'::integer))
   Index Searches: 1
   Prefetch: distance=263.935 count=5468555 stalls=1 skipped=74524 resets=0 ungets=494527 forwarded=10
             histogram [2,4) => 4, [4,8) => 4, [8,16) => 11, [16,32) => 9, [32,64) => 5, [64,128) => 2, [128,256) => 813678, [256,512) => 4654842
   Buffers: shared hit=4733557 read=248057
 Settings: enable_bitmapscan = 'off', enable_seqscan = 'off', max_parallel_workers_per_gather = '0'
 Planning:
   Buffers: shared hit=78 read=26
 Planning Time: 1.955 ms
 Execution Time: 5551.109 ms
(12 rows)

SET
SET
SET
SET
SET
                                             QUERY PLAN                                             
----------------------------------------------------------------------------------------------------
 Index Scan Backward using idx on public.t (actual rows=5048576.00 loops=1)
   Output: a, b
   Index Cond: ((t.a >= '-1286574'::integer) AND (t.a <= '-24431'::integer))
   Index Searches: 1
   Buffers: shared hit=4981615
 Settings: enable_bitmapscan = 'off', enable_seqscan = 'off', max_parallel_workers_per_gather = '0'
 Planning:
   Buffers: shared hit=109
 Planning Time: 0.242 ms
 Execution Time: 814.021 ms
(10 rows)

