SET
SET
SET
SET
SET
                                                                  QUERY PLAN                                                                  
----------------------------------------------------------------------------------------------------------------------------------------------
 Index Scan Backward using idx on public.t (actual rows=131072.00 loops=1)
   Output: a, b
   Index Cond: ((t.a >= '-48746'::integer) AND (t.a <= '-15979'::integer))
   Index Searches: 1
   Prefetch: distance=268.055 count=46023 stalls=1 skipped=92826 resets=0 ungets=8373 forwarded=0
             histogram [2,4) => 2, [4,8) => 5, [8,16) => 10, [16,32) => 6, [32,64) => 2, [64,128) => 2, [128,256) => 1735, [256,512) => 44261
   Buffers: shared hit=29329 read=8699
 Settings: enable_bitmapscan = 'off', enable_seqscan = 'off', max_parallel_workers_per_gather = '0'
 Planning:
   Buffers: shared hit=82 read=26
 Planning Time: 2.092 ms
 Execution Time: 76.928 ms
(12 rows)

SET
SET
SET
SET
SET
                                             QUERY PLAN                                             
----------------------------------------------------------------------------------------------------
 Index Scan Backward using idx on public.t (actual rows=131072.00 loops=1)
   Output: a, b
   Index Cond: ((t.a >= '-48746'::integer) AND (t.a <= '-15979'::integer))
   Index Searches: 1
   Buffers: shared hit=38028
 Settings: enable_bitmapscan = 'off', enable_seqscan = 'off', max_parallel_workers_per_gather = '0'
 Planning:
   Buffers: shared hit=113
 Planning Time: 0.193 ms
 Execution Time: 11.530 ms
(10 rows)

