SET
SET
SET
SET
SET
                                                                  QUERY PLAN                                                                   
-----------------------------------------------------------------------------------------------------------------------------------------------
 Index Scan Backward using idx on public.t (actual rows=1048576.00 loops=1)
   Output: a, b
   Index Cond: ((t.a >= '-278040'::integer) AND (t.a <= '-15897'::integer))
   Index Searches: 1
   Prefetch: distance=267.526 count=354853 stalls=1 skipped=745567 resets=0 ungets=52452 forwarded=6
             histogram [2,4) => 2, [4,8) => 6, [8,16) => 8, [16,32) => 7, [32,64) => 3, [64,128) => 2, [128,256) => 15871, [256,512) => 338954
   Buffers: shared hit=250431 read=53719
 Settings: enable_bitmapscan = 'off', enable_seqscan = 'off', max_parallel_workers_per_gather = '0'
 Planning:
   Buffers: shared hit=78 read=26
 Planning Time: 2.025 ms
 Execution Time: 431.128 ms
(12 rows)

SET
SET
SET
SET
SET
                                             QUERY PLAN                                             
----------------------------------------------------------------------------------------------------
 Index Scan Backward using idx on public.t (actual rows=1048576.00 loops=1)
   Output: a, b
   Index Cond: ((t.a >= '-278040'::integer) AND (t.a <= '-15897'::integer))
   Index Searches: 1
   Buffers: shared hit=304150
 Settings: enable_bitmapscan = 'off', enable_seqscan = 'off', max_parallel_workers_per_gather = '0'
 Planning:
   Buffers: shared hit=109
 Planning Time: 0.196 ms
 Execution Time: 108.821 ms
(10 rows)

