SET
SET
SET
SET
SET
                                                                  QUERY PLAN                                                                  
----------------------------------------------------------------------------------------------------------------------------------------------
 Index Scan Backward using idx on public.t (actual rows=524288.00 loops=1)
   Output: a, b
   Index Cond: ((t.a >= '-139834'::integer) AND (t.a <= '-8763'::integer))
   Index Searches: 1
   Prefetch: distance=267.555 count=178479 stalls=1 skipped=372863 resets=0 ungets=27274 forwarded=6
             histogram [2,4) => 2, [4,8) => 3, [8,16) => 5, [16,32) => 9, [32,64) => 2, [64,128) => 2, [128,256) => 8207, [256,512) => 170249
   Buffers: shared hit=124180 read=27877
 Settings: enable_bitmapscan = 'off', enable_seqscan = 'off', max_parallel_workers_per_gather = '0'
 Planning:
   Buffers: shared hit=78 read=26
 Planning Time: 2.002 ms
 Execution Time: 222.205 ms
(12 rows)

SET
SET
SET
SET
SET
                                             QUERY PLAN                                             
----------------------------------------------------------------------------------------------------
 Index Scan Backward using idx on public.t (actual rows=524288.00 loops=1)
   Output: a, b
   Index Cond: ((t.a >= '-139834'::integer) AND (t.a <= '-8763'::integer))
   Index Searches: 1
   Buffers: shared hit=152057
 Settings: enable_bitmapscan = 'off', enable_seqscan = 'off', max_parallel_workers_per_gather = '0'
 Planning:
   Buffers: shared hit=109
 Planning Time: 0.218 ms
 Execution Time: 55.294 ms
(10 rows)

