SET
SET
SET
SET
SET
                                                                   QUERY PLAN                                                                    
-------------------------------------------------------------------------------------------------------------------------------------------------
 Index Scan Backward using idx on public.t (actual rows=7048576.00 loops=1)
   Output: a, b
   Index Cond: ((t.a >= '-1785226'::integer) AND (t.a <= '-23083'::integer))
   Index Searches: 1
   Prefetch: distance=267.445 count=2375245 stalls=1 skipped=5013858 resets=0 ungets=341179 forwarded=51
             histogram [2,4) => 4, [4,8) => 7, [8,16) => 7, [16,32) => 9, [32,64) => 3, [64,128) => 2, [128,256) => 111187, [256,512) => 2264026
   Buffers: shared hit=1696363 read=348444
 Settings: enable_bitmapscan = 'off', enable_seqscan = 'off', max_parallel_workers_per_gather = '0'
 Planning:
   Buffers: shared hit=78 read=26
 Planning Time: 1.976 ms
 Execution Time: 2727.112 ms
(12 rows)

SET
SET
SET
SET
SET
                                             QUERY PLAN                                             
----------------------------------------------------------------------------------------------------
 Index Scan Backward using idx on public.t (actual rows=7048576.00 loops=1)
   Output: a, b
   Index Cond: ((t.a >= '-1785226'::integer) AND (t.a <= '-23083'::integer))
   Index Searches: 1
   Buffers: shared hit=2044808
 Settings: enable_bitmapscan = 'off', enable_seqscan = 'off', max_parallel_workers_per_gather = '0'
 Planning:
   Buffers: shared hit=109
 Planning Time: 0.230 ms
 Execution Time: 706.052 ms
(10 rows)

