SET
SET
SET
SET
SET
                                                                    QUERY PLAN                                                                    
--------------------------------------------------------------------------------------------------------------------------------------------------
 Index Scan Backward using idx on public.t (actual rows=8048576.00 loops=1)
   Output: a, b
   Index Cond: ((t.a >= '-2035328'::integer) AND (t.a <= '-23185'::integer))
   Index Searches: 1
   Prefetch: distance=267.445 count=2712159 stalls=1 skipped=5725377 resets=0 ungets=389356 forwarded=60
             histogram [2,4) => 2, [4,8) => 5, [8,16) => 10, [16,32) => 5, [32,64) => 2, [64,128) => 2, [128,256) => 126917, [256,512) => 2585216
   Buffers: shared hit=1937397 read=397573
 Settings: enable_bitmapscan = 'off', enable_seqscan = 'off', max_parallel_workers_per_gather = '0'
 Planning:
   Buffers: shared hit=78 read=26
 Planning Time: 1.959 ms
 Execution Time: 3155.680 ms
(12 rows)

SET
SET
SET
SET
SET
                                             QUERY PLAN                                             
----------------------------------------------------------------------------------------------------
 Index Scan Backward using idx on public.t (actual rows=8048576.00 loops=1)
   Output: a, b
   Index Cond: ((t.a >= '-2035328'::integer) AND (t.a <= '-23185'::integer))
   Index Searches: 1
   Buffers: shared hit=2334971
 Settings: enable_bitmapscan = 'off', enable_seqscan = 'off', max_parallel_workers_per_gather = '0'
 Planning:
   Buffers: shared hit=109
 Planning Time: 0.282 ms
 Execution Time: 809.987 ms
(10 rows)

