SET
SET
SET
SET
SET
                                                                QUERY PLAN                                                                
------------------------------------------------------------------------------------------------------------------------------------------
 Index Scan using idx on public.t (actual rows=8192.00 loops=1)
   Output: a, b
   Index Cond: ((t.a >= '-4526'::integer) AND (t.a <= '-2479'::integer))
   Index Searches: 1
   Prefetch: distance=269.284 count=3645 stalls=2 skipped=5730 resets=0 ungets=1292 forwarded=51
             histogram [2,4) => 4, [4,8) => 6, [8,16) => 7, [16,32) => 10, [32,64) => 2, [64,128) => 3, [128,256) => 2, [256,512) => 3611
   Buffers: shared hit=895 read=1510
 Settings: enable_bitmapscan = 'off', enable_seqscan = 'off', max_parallel_workers_per_gather = '0'
 Planning:
   Buffers: shared hit=86 read=26
 Planning Time: 1.971 ms
 Execution Time: 11.544 ms
(12 rows)

SET
SET
SET
SET
SET
                                             QUERY PLAN                                             
----------------------------------------------------------------------------------------------------
 Index Scan using idx on public.t (actual rows=8192.00 loops=1)
   Output: a, b
   Index Cond: ((t.a >= '-4526'::integer) AND (t.a <= '-2479'::integer))
   Index Searches: 1
   Buffers: shared hit=2405
 Settings: enable_bitmapscan = 'off', enable_seqscan = 'off', max_parallel_workers_per_gather = '0'
 Planning:
   Buffers: shared hit=117
 Planning Time: 0.213 ms
 Execution Time: 1.424 ms
(10 rows)

