SET
SET
SET
SET
SET
                                                                QUERY PLAN                                                                
------------------------------------------------------------------------------------------------------------------------------------------
 Index Scan using idx on public.t (actual rows=16384.00 loops=1)
   Output: a, b
   Index Cond: ((t.a >= '-21373'::integer) AND (t.a <= '-17278'::integer))
   Index Searches: 1
   Prefetch: distance=270.417 count=7001 stalls=1 skipped=11390 resets=0 ungets=2371 forwarded=128
             histogram [2,4) => 2, [4,8) => 3, [8,16) => 5, [16,32) => 11, [32,64) => 4, [64,128) => 2, [128,256) => 2, [256,512) => 6972
   Buffers: shared hit=2014 read=2747
 Settings: enable_bitmapscan = 'off', enable_seqscan = 'off', max_parallel_workers_per_gather = '0'
 Planning:
   Buffers: shared hit=86 read=26
 Planning Time: 2.001 ms
 Execution Time: 22.324 ms
(12 rows)

SET
SET
SET
SET
SET
                                             QUERY PLAN                                             
----------------------------------------------------------------------------------------------------
 Index Scan using idx on public.t (actual rows=16384.00 loops=1)
   Output: a, b
   Index Cond: ((t.a >= '-21373'::integer) AND (t.a <= '-17278'::integer))
   Index Searches: 1
   Buffers: shared hit=4761
 Settings: enable_bitmapscan = 'off', enable_seqscan = 'off', max_parallel_workers_per_gather = '0'
 Planning:
   Buffers: shared hit=117
 Planning Time: 0.204 ms
 Execution Time: 2.576 ms
(10 rows)

