SET
SET
SET
SET
SET
                                                                 QUERY PLAN                                                                  
---------------------------------------------------------------------------------------------------------------------------------------------
 Index Scan using idx on public.t (actual rows=32768.00 loops=1)
   Output: a, b
   Index Cond: ((t.a >= '-39241'::integer) AND (t.a <= '-31050'::integer))
   Index Searches: 1
   Prefetch: distance=269.735 count=12903 stalls=1 skipped=23249 resets=0 ungets=3436 forwarded=200
             histogram [2,4) => 2, [4,8) => 3, [8,16) => 6, [16,32) => 10, [32,64) => 4, [64,128) => 2, [128,256) => 111, [256,512) => 12765
   Buffers: shared hit=5716 read=3822
 Settings: enable_bitmapscan = 'off', enable_seqscan = 'off', max_parallel_workers_per_gather = '0'
 Planning:
   Buffers: shared hit=86 read=26
 Planning Time: 1.949 ms
 Execution Time: 21.543 ms
(12 rows)

SET
SET
SET
SET
SET
                                             QUERY PLAN                                             
----------------------------------------------------------------------------------------------------
 Index Scan using idx on public.t (actual rows=32768.00 loops=1)
   Output: a, b
   Index Cond: ((t.a >= '-39241'::integer) AND (t.a <= '-31050'::integer))
   Index Searches: 1
   Buffers: shared hit=9538
 Settings: enable_bitmapscan = 'off', enable_seqscan = 'off', max_parallel_workers_per_gather = '0'
 Planning:
   Buffers: shared hit=117
 Planning Time: 0.170 ms
 Execution Time: 2.922 ms
(10 rows)

