SET
SET
SET
SET
SET
                                                               QUERY PLAN                                                                
-----------------------------------------------------------------------------------------------------------------------------------------
 Index Scan using idx on public.t (actual rows=1024.00 loops=1)
   Output: a, b
   Index Cond: ((t.a >= '-16697'::integer) AND (t.a <= '-16442'::integer))
   Index Searches: 1
   Prefetch: distance=248.403 count=325 stalls=1 skipped=466 resets=0 ungets=135 forwarded=1
             histogram [2,4) => 2, [4,8) => 3, [8,16) => 5, [16,32) => 15, [32,64) => 4, [64,128) => 2, [128,256) => 2, [256,512) => 292
   Buffers: shared hit=19 read=282
 Settings: enable_bitmapscan = 'off', enable_seqscan = 'off', max_parallel_workers_per_gather = '0'
 Planning:
   Buffers: shared hit=86 read=26
 Planning Time: 1.352 ms
 Execution Time: 8.835 ms
(12 rows)

SET
SET
SET
SET
SET
                                             QUERY PLAN                                             
----------------------------------------------------------------------------------------------------
 Index Scan using idx on public.t (actual rows=1024.00 loops=1)
   Output: a, b
   Index Cond: ((t.a >= '-16697'::integer) AND (t.a <= '-16442'::integer))
   Index Searches: 1
   Buffers: shared hit=301
 Settings: enable_bitmapscan = 'off', enable_seqscan = 'off', max_parallel_workers_per_gather = '0'
 Planning:
   Buffers: shared hit=117
 Planning Time: 0.191 ms
 Execution Time: 0.320 ms
(10 rows)

