SET
SET
SET
SET
SET
                                                                 QUERY PLAN                                                                  
---------------------------------------------------------------------------------------------------------------------------------------------
 Index Scan using idx on public.t (actual rows=65536.00 loops=1)
   Output: a, b
   Index Cond: ((t.a >= '-20895'::integer) AND (t.a <= '-4512'::integer))
   Index Searches: 1
   Prefetch: distance=268.348 count=23104 stalls=1 skipped=46180 resets=0 ungets=4408 forwarded=285
             histogram [2,4) => 2, [4,8) => 3, [8,16) => 6, [16,32) => 15, [32,64) => 2, [64,128) => 2, [128,256) => 671, [256,512) => 22403
   Buffers: shared hit=13978 read=5010
 Settings: enable_bitmapscan = 'off', enable_seqscan = 'off', max_parallel_workers_per_gather = '0'
 Planning:
   Buffers: shared hit=86 read=26
 Planning Time: 1.998 ms
 Execution Time: 37.018 ms
(12 rows)

SET
SET
SET
SET
SET
                                             QUERY PLAN                                             
----------------------------------------------------------------------------------------------------
 Index Scan using idx on public.t (actual rows=65536.00 loops=1)
   Output: a, b
   Index Cond: ((t.a >= '-20895'::integer) AND (t.a <= '-4512'::integer))
   Index Searches: 1
   Buffers: shared hit=18988
 Settings: enable_bitmapscan = 'off', enable_seqscan = 'off', max_parallel_workers_per_gather = '0'
 Planning:
   Buffers: shared hit=117
 Planning Time: 0.236 ms
 Execution Time: 7.289 ms
(10 rows)

