SET
SET
SET
SET
SET
                                                                   QUERY PLAN                                                                   
------------------------------------------------------------------------------------------------------------------------------------------------
 Index Scan using idx on public.t (actual rows=2048576.00 loops=1)
   Output: a, b
   Index Cond: ((t.a >= '-521184'::integer) AND (t.a <= '-9041'::integer))
   Index Searches: 1
   Prefetch: distance=267.377 count=683529 stalls=1 skipped=1456921 resets=0 ungets=92454 forwarded=6004
             histogram [2,4) => 2, [4,8) => 6, [8,16) => 11, [16,32) => 6, [32,64) => 2, [64,128) => 2, [128,256) => 32843, [256,512) => 650657
   Buffers: shared hit=491570 read=102740
 Settings: enable_bitmapscan = 'off', enable_seqscan = 'off', max_parallel_workers_per_gather = '0'
 Planning:
   Buffers: shared hit=82 read=26
 Planning Time: 1.955 ms
 Execution Time: 425.810 ms
(12 rows)

SET
SET
SET
SET
SET
                                             QUERY PLAN                                             
----------------------------------------------------------------------------------------------------
 Index Scan using idx on public.t (actual rows=2048576.00 loops=1)
   Output: a, b
   Index Cond: ((t.a >= '-521184'::integer) AND (t.a <= '-9041'::integer))
   Index Searches: 1
   Buffers: shared hit=594318
 Settings: enable_bitmapscan = 'off', enable_seqscan = 'off', max_parallel_workers_per_gather = '0'
 Planning:
   Buffers: shared hit=113
 Planning Time: 0.230 ms
 Execution Time: 204.118 ms
(10 rows)

