SET
SET
SET
SET
SET
                                                                   QUERY PLAN                                                                   
------------------------------------------------------------------------------------------------------------------------------------------------
 Index Scan using idx on public.t (actual rows=1048576.00 loops=1)
   Output: a, b
   Index Cond: ((t.a >= '-285109'::integer) AND (t.a <= '-22966'::integer))
   Index Searches: 1
   Prefetch: distance=267.435 count=350824 stalls=1 skipped=745805 resets=0 ungets=48377 forwarded=3154
             histogram [2,4) => 2, [4,8) => 3, [8,16) => 6, [16,32) => 14, [32,64) => 2, [64,128) => 2, [128,256) => 16408, [256,512) => 334387
   Buffers: shared hit=250347 read=53762
 Settings: enable_bitmapscan = 'off', enable_seqscan = 'off', max_parallel_workers_per_gather = '0'
 Planning:
   Buffers: shared hit=82 read=26
 Planning Time: 1.937 ms
 Execution Time: 234.947 ms
(12 rows)

SET
SET
SET
SET
SET
                                             QUERY PLAN                                             
----------------------------------------------------------------------------------------------------
 Index Scan using idx on public.t (actual rows=1048576.00 loops=1)
   Output: a, b
   Index Cond: ((t.a >= '-285109'::integer) AND (t.a <= '-22966'::integer))
   Index Searches: 1
   Buffers: shared hit=304112
 Settings: enable_bitmapscan = 'off', enable_seqscan = 'off', max_parallel_workers_per_gather = '0'
 Planning:
   Buffers: shared hit=113
 Planning Time: 0.255 ms
 Execution Time: 105.669 ms
(10 rows)

