SET
SET
SET
SET
SET
                                                                QUERY PLAN                                                                
------------------------------------------------------------------------------------------------------------------------------------------
 Index Scan using idx on public.t (actual rows=8192.00 loops=1)
   Output: a, b
   Index Cond: ((t.a >= '-8416'::integer) AND (t.a <= '-6369'::integer))
   Index Searches: 1
   Prefetch: distance=269.434 count=3482 stalls=1 skipped=5434 resets=0 ungets=1304 forwarded=42
             histogram [2,4) => 2, [4,8) => 4, [8,16) => 12, [16,32) => 8, [32,64) => 3, [64,128) => 2, [128,256) => 2, [256,512) => 3449
   Buffers: shared hit=735 read=1624
 Settings: enable_bitmapscan = 'off', enable_seqscan = 'off', max_parallel_workers_per_gather = '0'
 Planning:
   Buffers: shared hit=86 read=26
 Planning Time: 1.956 ms
 Execution Time: 20.892 ms
(12 rows)

SET
SET
SET
SET
SET
                                             QUERY PLAN                                             
----------------------------------------------------------------------------------------------------
 Index Scan using idx on public.t (actual rows=8192.00 loops=1)
   Output: a, b
   Index Cond: ((t.a >= '-8416'::integer) AND (t.a <= '-6369'::integer))
   Index Searches: 1
   Buffers: shared hit=2359
 Settings: enable_bitmapscan = 'off', enable_seqscan = 'off', max_parallel_workers_per_gather = '0'
 Planning:
   Buffers: shared hit=117
 Planning Time: 0.209 ms
 Execution Time: 1.496 ms
(10 rows)

