SET
SET
SET
SET
SET
                                                                 QUERY PLAN                                                                  
---------------------------------------------------------------------------------------------------------------------------------------------
 Index Scan using idx on public.t (actual rows=262144.00 loops=1)
   Output: a, b
   Index Cond: ((t.a >= '-86864'::integer) AND (t.a <= '-21329'::integer))
   Index Searches: 1
   Prefetch: distance=267.771 count=89169 stalls=2 skipped=186398 resets=0 ungets=13616 forwarded=872
             histogram [2,4) => 2, [4,8) => 3, [8,16) => 5, [16,32) => 9, [32,64) => 5, [64,128) => 2, [128,256) => 3519, [256,512) => 85624
   Buffers: shared hit=60864 read=15144
 Settings: enable_bitmapscan = 'off', enable_seqscan = 'off', max_parallel_workers_per_gather = '0'
 Planning:
   Buffers: shared hit=82 read=26
 Planning Time: 1.968 ms
 Execution Time: 82.699 ms
(12 rows)

SET
SET
SET
SET
SET
                                             QUERY PLAN                                             
----------------------------------------------------------------------------------------------------
 Index Scan using idx on public.t (actual rows=262144.00 loops=1)
   Output: a, b
   Index Cond: ((t.a >= '-86864'::integer) AND (t.a <= '-21329'::integer))
   Index Searches: 1
   Buffers: shared hit=76008
 Settings: enable_bitmapscan = 'off', enable_seqscan = 'off', max_parallel_workers_per_gather = '0'
 Planning:
   Buffers: shared hit=113
 Planning Time: 0.207 ms
 Execution Time: 26.859 ms
(10 rows)

