SET
SET
SET
SET
SET
                                                                   QUERY PLAN                                                                    
-------------------------------------------------------------------------------------------------------------------------------------------------
 Index Scan using idx on public.t (actual rows=8048576.00 loops=1)
   Output: a, b
   Index Cond: ((t.a >= '-2030806'::integer) AND (t.a <= '-18663'::integer))
   Index Searches: 1
   Prefetch: distance=267.351 count=2681086 stalls=1 skipped=5725555 resets=0 ungets=358233 forwarded=23308
             histogram [2,4) => 2, [4,8) => 4, [8,16) => 5, [16,32) => 9, [32,64) => 6, [64,128) => 2, [128,256) => 129698, [256,512) => 2551360
   Buffers: shared hit=1937404 read=397532
 Settings: enable_bitmapscan = 'off', enable_seqscan = 'off', max_parallel_workers_per_gather = '0'
 Planning:
   Buffers: shared hit=82 read=26
 Planning Time: 1.996 ms
 Execution Time: 1683.801 ms
(12 rows)

SET
SET
SET
SET
SET
                                             QUERY PLAN                                             
----------------------------------------------------------------------------------------------------
 Index Scan using idx on public.t (actual rows=8048576.00 loops=1)
   Output: a, b
   Index Cond: ((t.a >= '-2030806'::integer) AND (t.a <= '-18663'::integer))
   Index Searches: 1
   Buffers: shared hit=2334955
 Settings: enable_bitmapscan = 'off', enable_seqscan = 'off', max_parallel_workers_per_gather = '0'
 Planning:
   Buffers: shared hit=113
 Planning Time: 0.244 ms
 Execution Time: 802.472 ms
(10 rows)

