SET
SET
SET
SET
SET
                                                                QUERY PLAN                                                                
------------------------------------------------------------------------------------------------------------------------------------------
 Index Scan using idx on public.t (actual rows=16384.00 loops=1)
   Output: a, b
   Index Cond: ((t.a >= '-36780'::integer) AND (t.a <= '-32685'::integer))
   Index Searches: 1
   Prefetch: distance=270.270 count=7105 stalls=1 skipped=11502 resets=0 ungets=2415 forwarded=127
             histogram [2,4) => 2, [4,8) => 3, [8,16) => 6, [16,32) => 15, [32,64) => 2, [64,128) => 3, [128,256) => 7, [256,512) => 7067
   Buffers: shared hit=2021 read=2755
 Settings: enable_bitmapscan = 'off', enable_seqscan = 'off', max_parallel_workers_per_gather = '0'
 Planning:
   Buffers: shared hit=86 read=26
 Planning Time: 2.022 ms
 Execution Time: 20.377 ms
(12 rows)

SET
SET
SET
SET
SET
                                             QUERY PLAN                                             
----------------------------------------------------------------------------------------------------
 Index Scan using idx on public.t (actual rows=16384.00 loops=1)
   Output: a, b
   Index Cond: ((t.a >= '-36780'::integer) AND (t.a <= '-32685'::integer))
   Index Searches: 1
   Buffers: shared hit=4776
 Settings: enable_bitmapscan = 'off', enable_seqscan = 'off', max_parallel_workers_per_gather = '0'
 Planning:
   Buffers: shared hit=117
 Planning Time: 0.190 ms
 Execution Time: 1.632 ms
(10 rows)

