SET
SET
SET
SET
SET
                                                              QUERY PLAN                                                               
---------------------------------------------------------------------------------------------------------------------------------------
 Index Scan using idx on public.t (actual rows=256.00 loops=1)
   Output: a, b
   Index Cond: ((t.a >= '-17411'::integer) AND (t.a <= '-17348'::integer))
   Index Searches: 1
   Prefetch: distance=179.444 count=72 stalls=1 skipped=122 resets=0 ungets=22 forwarded=0
             histogram [2,4) => 2, [4,8) => 3, [8,16) => 5, [16,32) => 9, [32,64) => 4, [64,128) => 2, [128,256) => 2, [256,512) => 45
   Buffers: shared hit=5 read=76
 Settings: enable_bitmapscan = 'off', enable_seqscan = 'off', max_parallel_workers_per_gather = '0'
 Planning:
   Buffers: shared hit=86 read=26
 Planning Time: 1.328 ms
 Execution Time: 2.650 ms
(12 rows)

SET
SET
SET
SET
SET
                                             QUERY PLAN                                             
----------------------------------------------------------------------------------------------------
 Index Scan using idx on public.t (actual rows=256.00 loops=1)
   Output: a, b
   Index Cond: ((t.a >= '-17411'::integer) AND (t.a <= '-17348'::integer))
   Index Searches: 1
   Buffers: shared hit=81
 Settings: enable_bitmapscan = 'off', enable_seqscan = 'off', max_parallel_workers_per_gather = '0'
 Planning:
   Buffers: shared hit=117
 Planning Time: 0.196 ms
 Execution Time: 0.122 ms
(10 rows)

