SET
SET
SET
SET
SET
                                                                 QUERY PLAN                                                                  
---------------------------------------------------------------------------------------------------------------------------------------------
 Index Scan using idx on public.t (actual rows=65536.00 loops=1)
   Output: a, b
   Index Cond: ((t.a >= '-33558'::integer) AND (t.a <= '-17175'::integer))
   Index Searches: 1
   Prefetch: distance=268.701 count=23780 stalls=1 skipped=46528 resets=0 ungets=4880 forwarded=304
             histogram [2,4) => 2, [4,8) => 3, [8,16) => 5, [16,32) => 10, [32,64) => 6, [64,128) => 3, [128,256) => 556, [256,512) => 23195
   Buffers: shared hit=13583 read=5454
 Settings: enable_bitmapscan = 'off', enable_seqscan = 'off', max_parallel_workers_per_gather = '0'
 Planning:
   Buffers: shared hit=86 read=26
 Planning Time: 2.013 ms
 Execution Time: 30.922 ms
(12 rows)

SET
SET
SET
SET
SET
                                             QUERY PLAN                                             
----------------------------------------------------------------------------------------------------
 Index Scan using idx on public.t (actual rows=65536.00 loops=1)
   Output: a, b
   Index Cond: ((t.a >= '-33558'::integer) AND (t.a <= '-17175'::integer))
   Index Searches: 1
   Buffers: shared hit=19037
 Settings: enable_bitmapscan = 'off', enable_seqscan = 'off', max_parallel_workers_per_gather = '0'
 Planning:
   Buffers: shared hit=117
 Planning Time: 0.195 ms
 Execution Time: 6.411 ms
(10 rows)

