SET
SET
SET
SET
SET
                                                                QUERY PLAN                                                                
------------------------------------------------------------------------------------------------------------------------------------------
 Index Scan using idx on public.t (actual rows=4096.00 loops=1)
   Output: a, b
   Index Cond: ((t.a >= '-9590'::integer) AND (t.a <= '-8567'::integer))
   Index Searches: 1
   Prefetch: distance=267.319 count=1808 stalls=1 skipped=2561 resets=0 ungets=745 forwarded=25
             histogram [2,4) => 4, [4,8) => 6, [8,16) => 7, [16,32) => 11, [32,64) => 2, [64,128) => 2, [128,256) => 2, [256,512) => 1774
   Buffers: shared hit=194 read=1018
 Settings: enable_bitmapscan = 'off', enable_seqscan = 'off', max_parallel_workers_per_gather = '0'
 Planning:
   Buffers: shared hit=86 read=26
 Planning Time: 1.570 ms
 Execution Time: 16.071 ms
(12 rows)

SET
SET
SET
SET
SET
                                             QUERY PLAN                                             
----------------------------------------------------------------------------------------------------
 Index Scan using idx on public.t (actual rows=4096.00 loops=1)
   Output: a, b
   Index Cond: ((t.a >= '-9590'::integer) AND (t.a <= '-8567'::integer))
   Index Searches: 1
   Buffers: shared hit=1212
 Settings: enable_bitmapscan = 'off', enable_seqscan = 'off', max_parallel_workers_per_gather = '0'
 Planning:
   Buffers: shared hit=117
 Planning Time: 0.199 ms
 Execution Time: 0.925 ms
(10 rows)

