SET
SET
SET
SET
SET
                                                               QUERY PLAN                                                                
-----------------------------------------------------------------------------------------------------------------------------------------
 Index Scan using idx on public.t (actual rows=2048.00 loops=1)
   Output: a, b
   Index Cond: ((t.a >= '-29548'::integer) AND (t.a <= '-29037'::integer))
   Index Searches: 1
   Prefetch: distance=265.064 count=1008 stalls=1 skipped=1400 resets=0 ungets=448 forwarded=7
             histogram [2,4) => 2, [4,8) => 3, [8,16) => 5, [16,32) => 14, [32,64) => 2, [64,128) => 2, [128,256) => 2, [256,512) => 978
   Buffers: shared hit=42 read=551
 Settings: enable_bitmapscan = 'off', enable_seqscan = 'off', max_parallel_workers_per_gather = '0'
 Planning:
   Buffers: shared hit=86 read=26
 Planning Time: 1.353 ms
 Execution Time: 5.827 ms
(12 rows)

SET
SET
SET
SET
SET
                                             QUERY PLAN                                             
----------------------------------------------------------------------------------------------------
 Index Scan using idx on public.t (actual rows=2048.00 loops=1)
   Output: a, b
   Index Cond: ((t.a >= '-29548'::integer) AND (t.a <= '-29037'::integer))
   Index Searches: 1
   Buffers: shared hit=593
 Settings: enable_bitmapscan = 'off', enable_seqscan = 'off', max_parallel_workers_per_gather = '0'
 Planning:
   Buffers: shared hit=117
 Planning Time: 0.202 ms
 Execution Time: 0.555 ms
(10 rows)

