SET
SET
SET
SET
SET
                                                               QUERY PLAN                                                                
-----------------------------------------------------------------------------------------------------------------------------------------
 Index Scan using idx on public.t (actual rows=8192.00 loops=1)
   Output: a, b
   Index Cond: ((t.a >= '-30907'::integer) AND (t.a <= '-28860'::integer))
   Index Searches: 1
   Prefetch: distance=269.954 count=3853 stalls=1 skipped=5763 resets=0 ungets=1552 forwarded=53
             histogram [2,4) => 2, [4,8) => 6, [8,16) => 9, [16,32) => 7, [32,64) => 2, [64,128) => 2, [128,256) => 2, [256,512) => 3823
   Buffers: shared hit=589 read=1768
 Settings: enable_bitmapscan = 'off', enable_seqscan = 'off', max_parallel_workers_per_gather = '0'
 Planning:
   Buffers: shared hit=86 read=26
 Planning Time: 1.935 ms
 Execution Time: 14.920 ms
(12 rows)

SET
SET
SET
SET
SET
                                             QUERY PLAN                                             
----------------------------------------------------------------------------------------------------
 Index Scan using idx on public.t (actual rows=8192.00 loops=1)
   Output: a, b
   Index Cond: ((t.a >= '-30907'::integer) AND (t.a <= '-28860'::integer))
   Index Searches: 1
   Buffers: shared hit=2357
 Settings: enable_bitmapscan = 'off', enable_seqscan = 'off', max_parallel_workers_per_gather = '0'
 Planning:
   Buffers: shared hit=117
 Planning Time: 0.188 ms
 Execution Time: 1.485 ms
(10 rows)

