SET
SET
SET
SET
SET
                                                                   QUERY PLAN                                                                    
-------------------------------------------------------------------------------------------------------------------------------------------------
 Index Scan using idx on public.t (actual rows=6048576.00 loops=1)
   Output: a, b
   Index Cond: ((t.a >= '-1524221'::integer) AND (t.a <= '-12078'::integer))
   Index Searches: 1
   Prefetch: distance=267.354 count=2015224 stalls=1 skipped=4302530 resets=0 ungets=269634 forwarded=17544
             histogram [2,4) => 4, [4,8) => 3, [8,16) => 12, [16,32) => 8, [32,64) => 3, [64,128) => 3, [128,256) => 97236, [256,512) => 1917955
   Buffers: shared hit=1455473 read=299294
 Settings: enable_bitmapscan = 'off', enable_seqscan = 'off', max_parallel_workers_per_gather = '0'
 Planning:
   Buffers: shared hit=82 read=26
 Planning Time: 1.949 ms
 Execution Time: 1266.437 ms
(12 rows)

SET
SET
SET
SET
SET
                                             QUERY PLAN                                             
----------------------------------------------------------------------------------------------------
 Index Scan using idx on public.t (actual rows=6048576.00 loops=1)
   Output: a, b
   Index Cond: ((t.a >= '-1524221'::integer) AND (t.a <= '-12078'::integer))
   Index Searches: 1
   Buffers: shared hit=1754786
 Settings: enable_bitmapscan = 'off', enable_seqscan = 'off', max_parallel_workers_per_gather = '0'
 Planning:
   Buffers: shared hit=113
 Planning Time: 0.243 ms
 Execution Time: 588.016 ms
(10 rows)

