SET
SET
SET
SET
SET
                                                                   QUERY PLAN                                                                   
------------------------------------------------------------------------------------------------------------------------------------------------
 Index Scan using idx on public.t (actual rows=4048576.00 loops=1)
   Output: a, b
   Index Cond: ((t.a >= '-1021088'::integer) AND (t.a <= '-8945'::integer))
   Index Searches: 1
   Prefetch: distance=267.360 count=1349276 stalls=2 skipped=2880026 resets=0 ungets=181023 forwarded=11682
             histogram [2,4) => 2, [4,8) => 3, [8,16) => 5, [16,32) => 9, [32,64) => 7, [64,128) => 2, [128,256) => 65089, [256,512) => 1284159
   Buffers: shared hit=973404 read=200989
 Settings: enable_bitmapscan = 'off', enable_seqscan = 'off', max_parallel_workers_per_gather = '0'
 Planning:
   Buffers: shared hit=82 read=26
 Planning Time: 1.956 ms
 Execution Time: 849.885 ms
(12 rows)

SET
SET
SET
SET
SET
                                             QUERY PLAN                                             
----------------------------------------------------------------------------------------------------
 Index Scan using idx on public.t (actual rows=4048576.00 loops=1)
   Output: a, b
   Index Cond: ((t.a >= '-1021088'::integer) AND (t.a <= '-8945'::integer))
   Index Searches: 1
   Buffers: shared hit=1174407
 Settings: enable_bitmapscan = 'off', enable_seqscan = 'off', max_parallel_workers_per_gather = '0'
 Planning:
   Buffers: shared hit=113
 Planning Time: 0.237 ms
 Execution Time: 406.228 ms
(10 rows)

