SET
SET
SET
SET
SET
                                                                  QUERY PLAN                                                                  
----------------------------------------------------------------------------------------------------------------------------------------------
 Index Scan using idx on public.t (actual rows=524288.00 loops=1)
   Output: a, b
   Index Cond: ((t.a >= '-154588'::integer) AND (t.a <= '-23517'::integer))
   Index Searches: 1
   Prefetch: distance=267.546 count=176421 stalls=1 skipped=372966 resets=0 ungets=25223 forwarded=1633
             histogram [2,4) => 2, [4,8) => 3, [8,16) => 5, [16,32) => 9, [32,64) => 9, [64,128) => 2, [128,256) => 7876, [256,512) => 168515
   Buffers: shared hit=124017 read=28008
 Settings: enable_bitmapscan = 'off', enable_seqscan = 'off', max_parallel_workers_per_gather = '0'
 Planning:
   Buffers: shared hit=82 read=26
 Planning Time: 1.991 ms
 Execution Time: 123.419 ms
(12 rows)

SET
SET
SET
SET
SET
                                             QUERY PLAN                                             
----------------------------------------------------------------------------------------------------
 Index Scan using idx on public.t (actual rows=524288.00 loops=1)
   Output: a, b
   Index Cond: ((t.a >= '-154588'::integer) AND (t.a <= '-23517'::integer))
   Index Searches: 1
   Buffers: shared hit=152027
 Settings: enable_bitmapscan = 'off', enable_seqscan = 'off', max_parallel_workers_per_gather = '0'
 Planning:
   Buffers: shared hit=113
 Planning Time: 0.212 ms
 Execution Time: 54.622 ms
(10 rows)

