SET
SET
SET
SET
SET
                                                                    QUERY PLAN                                                                    
--------------------------------------------------------------------------------------------------------------------------------------------------
 Index Scan using idx on public.t (actual rows=9048576.00 loops=1)
   Output: a, b
   Index Cond: ((t.a >= '-2279258'::integer) AND (t.a <= '-17115'::integer))
   Index Searches: 1
   Prefetch: distance=267.350 count=3014016 stalls=1 skipped=6436797 resets=0 ungets=402585 forwarded=26283
             histogram [2,4) => 2, [4,8) => 3, [8,16) => 5, [16,32) => 18, [32,64) => 2, [64,128) => 2, [128,256) => 145822, [256,512) => 2868162
   Buffers: shared hit=2178393 read=446667
 Settings: enable_bitmapscan = 'off', enable_seqscan = 'off', max_parallel_workers_per_gather = '0'
 Planning:
   Buffers: shared hit=82 read=26
 Planning Time: 2.014 ms
 Execution Time: 1834.677 ms
(12 rows)

SET
SET
SET
SET
SET
                                             QUERY PLAN                                             
----------------------------------------------------------------------------------------------------
 Index Scan using idx on public.t (actual rows=9048576.00 loops=1)
   Output: a, b
   Index Cond: ((t.a >= '-2279258'::integer) AND (t.a <= '-17115'::integer))
   Index Searches: 1
   Buffers: shared hit=2625089
 Settings: enable_bitmapscan = 'off', enable_seqscan = 'off', max_parallel_workers_per_gather = '0'
 Planning:
   Buffers: shared hit=113
 Planning Time: 0.247 ms
 Execution Time: 881.831 ms
(10 rows)

