SET
SET
SET
SET
SET
                                             QUERY PLAN                                             
----------------------------------------------------------------------------------------------------
 Index Scan using idx on public.t (actual rows=16.00 loops=1)
   Output: a, b
   Index Cond: ((t.a >= '-12360'::integer) AND (t.a <= '-12357'::integer))
   Index Searches: 1
   Prefetch: distance=2.000 count=2 stalls=1 skipped=6 resets=0 ungets=0 forwarded=0
             histogram [2,4) => 2
   Buffers: shared hit=5 read=6
 Settings: enable_bitmapscan = 'off', enable_seqscan = 'off', max_parallel_workers_per_gather = '0'
 Planning:
   Buffers: shared hit=86 read=26
 Planning Time: 1.339 ms
 Execution Time: 0.601 ms
(12 rows)

SET
SET
SET
SET
SET
                                             QUERY PLAN                                             
----------------------------------------------------------------------------------------------------
 Index Scan using idx on public.t (actual rows=16.00 loops=1)
   Output: a, b
   Index Cond: ((t.a >= '-12360'::integer) AND (t.a <= '-12357'::integer))
   Index Searches: 1
   Buffers: shared hit=11
 Settings: enable_bitmapscan = 'off', enable_seqscan = 'off', max_parallel_workers_per_gather = '0'
 Planning:
   Buffers: shared hit=117
 Planning Time: 0.196 ms
 Execution Time: 0.035 ms
(10 rows)

