SET
SET
SET
SET
SET
                                                                   QUERY PLAN                                                                   
------------------------------------------------------------------------------------------------------------------------------------------------
 Index Scan using idx on public.t (actual rows=1048576.00 loops=1)
   Output: a, b
   Index Cond: ((t.a >= '-270021'::integer) AND (t.a <= '-7878'::integer))
   Index Searches: 1
   Prefetch: distance=267.438 count=350568 stalls=1 skipped=745611 resets=0 ungets=48159 forwarded=3150
             histogram [2,4) => 2, [4,8) => 4, [8,16) => 11, [16,32) => 8, [32,64) => 2, [64,128) => 3, [128,256) => 16264, [256,512) => 334274
   Buffers: shared hit=250543 read=53598
 Settings: enable_bitmapscan = 'off', enable_seqscan = 'off', max_parallel_workers_per_gather = '0'
 Planning:
   Buffers: shared hit=82 read=26
 Planning Time: 1.978 ms
 Execution Time: 229.076 ms
(12 rows)

SET
SET
SET
SET
SET
                                             QUERY PLAN                                             
----------------------------------------------------------------------------------------------------
 Index Scan using idx on public.t (actual rows=1048576.00 loops=1)
   Output: a, b
   Index Cond: ((t.a >= '-270021'::integer) AND (t.a <= '-7878'::integer))
   Index Searches: 1
   Buffers: shared hit=304144
 Settings: enable_bitmapscan = 'off', enable_seqscan = 'off', max_parallel_workers_per_gather = '0'
 Planning:
   Buffers: shared hit=113
 Planning Time: 0.225 ms
 Execution Time: 107.766 ms
(10 rows)

