SET
SET
SET
SET
SET
                                                                   QUERY PLAN                                                                    
-------------------------------------------------------------------------------------------------------------------------------------------------
 Index Scan using idx on public.t (actual rows=7048576.00 loops=1)
   Output: a, b
   Index Cond: ((t.a >= '-1780805'::integer) AND (t.a <= '-18662'::integer))
   Index Searches: 1
   Prefetch: distance=267.357 count=2348248 stalls=1 skipped=5014230 resets=0 ungets=314074 forwarded=20436
             histogram [2,4) => 2, [4,8) => 4, [8,16) => 5, [16,32) => 9, [32,64) => 6, [64,128) => 2, [128,256) => 113089, [256,512) => 2235131
   Buffers: shared hit=1696308 read=348446
 Settings: enable_bitmapscan = 'off', enable_seqscan = 'off', max_parallel_workers_per_gather = '0'
 Planning:
   Buffers: shared hit=82 read=26
 Planning Time: 2.007 ms
 Execution Time: 1469.385 ms
(12 rows)

SET
SET
SET
SET
SET
                                             QUERY PLAN                                             
----------------------------------------------------------------------------------------------------
 Index Scan using idx on public.t (actual rows=7048576.00 loops=1)
   Output: a, b
   Index Cond: ((t.a >= '-1780805'::integer) AND (t.a <= '-18662'::integer))
   Index Searches: 1
   Buffers: shared hit=2044780
 Settings: enable_bitmapscan = 'off', enable_seqscan = 'off', max_parallel_workers_per_gather = '0'
 Planning:
   Buffers: shared hit=113
 Planning Time: 0.266 ms
 Execution Time: 683.604 ms
(10 rows)

