SET
SET
SET
SET
SET
                                             QUERY PLAN                                             
----------------------------------------------------------------------------------------------------
 Index Scan Backward using idx on public.t (actual rows=2048.00 loops=1)
   Output: a, b
   Index Cond: ((t.a >= '-11965'::integer) AND (t.a <= '-11454'::integer))
   Index Searches: 1
   Prefetch: distance=2.090 count=166 stalls=1423 skipped=28 resets=0 ungets=0 forwarded=0
             histogram [2,4) => 161, [4,8) => 5
   Buffers: shared hit=1832 read=192
 Settings: enable_bitmapscan = 'off', enable_seqscan = 'off', max_parallel_workers_per_gather = '0'
 Planning:
   Buffers: shared hit=82 read=26
 Planning Time: 1.619 ms
 Execution Time: 13.558 ms
(12 rows)

SET
SET
SET
SET
SET
                                             QUERY PLAN                                             
----------------------------------------------------------------------------------------------------
 Index Scan Backward using idx on public.t (actual rows=2048.00 loops=1)
   Output: a, b
   Index Cond: ((t.a >= '-11965'::integer) AND (t.a <= '-11454'::integer))
   Index Searches: 1
   Buffers: shared hit=2024
 Settings: enable_bitmapscan = 'off', enable_seqscan = 'off', max_parallel_workers_per_gather = '0'
 Planning:
   Buffers: shared hit=113
 Planning Time: 0.132 ms
 Execution Time: 0.274 ms
(10 rows)

