SET
SET
SET
SET
SET
                                                               QUERY PLAN                                                                
-----------------------------------------------------------------------------------------------------------------------------------------
 Index Scan using idx on public.t (actual rows=8192.00 loops=1)
   Output: a, b
   Index Cond: ((t.a >= '-25484'::integer) AND (t.a <= '-23437'::integer))
   Index Searches: 1
   Prefetch: distance=269.663 count=3714 stalls=1 skipped=5498 resets=0 ungets=1464 forwarded=52
             histogram [2,4) => 2, [4,8) => 3, [8,16) => 5, [16,32) => 9, [32,64) => 9, [64,128) => 2, [128,256) => 2, [256,512) => 3682
   Buffers: shared hit=606 read=1793
 Settings: enable_bitmapscan = 'off', enable_seqscan = 'off', max_parallel_workers_per_gather = '0'
 Planning:
   Buffers: shared hit=86 read=26
 Planning Time: 1.982 ms
 Execution Time: 21.240 ms
(12 rows)

SET
SET
SET
SET
SET
                                             QUERY PLAN                                             
----------------------------------------------------------------------------------------------------
 Index Scan using idx on public.t (actual rows=8192.00 loops=1)
   Output: a, b
   Index Cond: ((t.a >= '-25484'::integer) AND (t.a <= '-23437'::integer))
   Index Searches: 1
   Buffers: shared hit=2399
 Settings: enable_bitmapscan = 'off', enable_seqscan = 'off', max_parallel_workers_per_gather = '0'
 Planning:
   Buffers: shared hit=117
 Planning Time: 0.194 ms
 Execution Time: 1.539 ms
(10 rows)

