SET
SET
SET
SET
SET
                                                               QUERY PLAN                                                                
-----------------------------------------------------------------------------------------------------------------------------------------
 Index Scan using idx on public.t (actual rows=16384.00 loops=1)
   Output: a, b
   Index Cond: ((t.a >= '-30409'::integer) AND (t.a <= '-26314'::integer))
   Index Searches: 1
   Prefetch: distance=270.439 count=7018 stalls=1 skipped=11466 resets=0 ungets=2392 forwarded=129
             histogram [2,4) => 2, [4,8) => 3, [8,16) => 5, [16,32) => 9, [32,64) => 3, [64,128) => 2, [128,256) => 2, [256,512) => 6992
   Buffers: shared hit=1997 read=2746
 Settings: enable_bitmapscan = 'off', enable_seqscan = 'off', max_parallel_workers_per_gather = '0'
 Planning:
   Buffers: shared hit=86 read=26
 Planning Time: 1.978 ms
 Execution Time: 20.680 ms
(12 rows)

SET
SET
SET
SET
SET
                                             QUERY PLAN                                             
----------------------------------------------------------------------------------------------------
 Index Scan using idx on public.t (actual rows=16384.00 loops=1)
   Output: a, b
   Index Cond: ((t.a >= '-30409'::integer) AND (t.a <= '-26314'::integer))
   Index Searches: 1
   Buffers: shared hit=4743
 Settings: enable_bitmapscan = 'off', enable_seqscan = 'off', max_parallel_workers_per_gather = '0'
 Planning:
   Buffers: shared hit=117
 Planning Time: 0.181 ms
 Execution Time: 1.763 ms
(10 rows)

