SET
SET
SET
SET
SET
                                                               QUERY PLAN                                                               
----------------------------------------------------------------------------------------------------------------------------------------
 Index Scan using idx on public.t (actual rows=1024.00 loops=1)
   Output: a, b
   Index Cond: ((t.a >= '-3564'::integer) AND (t.a <= '-3309'::integer))
   Index Searches: 1
   Prefetch: distance=255.620 count=447 stalls=1 skipped=645 resets=0 ungets=196 forwarded=1
             histogram [2,4) => 2, [4,8) => 3, [8,16) => 6, [16,32) => 9, [32,64) => 5, [64,128) => 2, [128,256) => 3, [256,512) => 417
   Buffers: shared hit=15 read=284
 Settings: enable_bitmapscan = 'off', enable_seqscan = 'off', max_parallel_workers_per_gather = '0'
 Planning:
   Buffers: shared hit=86 read=26
 Planning Time: 1.387 ms
 Execution Time: 5.500 ms
(12 rows)

SET
SET
SET
SET
SET
                                             QUERY PLAN                                             
----------------------------------------------------------------------------------------------------
 Index Scan using idx on public.t (actual rows=1024.00 loops=1)
   Output: a, b
   Index Cond: ((t.a >= '-3564'::integer) AND (t.a <= '-3309'::integer))
   Index Searches: 1
   Buffers: shared hit=299
 Settings: enable_bitmapscan = 'off', enable_seqscan = 'off', max_parallel_workers_per_gather = '0'
 Planning:
   Buffers: shared hit=117
 Planning Time: 0.198 ms
 Execution Time: 0.353 ms
(10 rows)

