SET
SET
SET
SET
SET
                                                               QUERY PLAN                                                               
----------------------------------------------------------------------------------------------------------------------------------------
 Index Scan using idx on public.t (actual rows=512.00 loops=1)
   Output: a, b
   Index Cond: ((t.a >= '-22744'::integer) AND (t.a <= '-22617'::integer))
   Index Searches: 1
   Prefetch: distance=109.304 count=46 stalls=1 skipped=91 resets=0 ungets=9 forwarded=0
             histogram [2,4) => 4, [4,8) => 3, [8,16) => 6, [16,32) => 10, [32,64) => 3, [64,128) => 2, [128,256) => 2, [256,512) => 16
   Buffers: shared hit=6 read=150
 Settings: enable_bitmapscan = 'off', enable_seqscan = 'off', max_parallel_workers_per_gather = '0'
 Planning:
   Buffers: shared hit=86 read=26
 Planning Time: 1.333 ms
 Execution Time: 9.227 ms
(12 rows)

SET
SET
SET
SET
SET
                                             QUERY PLAN                                             
----------------------------------------------------------------------------------------------------
 Index Scan using idx on public.t (actual rows=512.00 loops=1)
   Output: a, b
   Index Cond: ((t.a >= '-22744'::integer) AND (t.a <= '-22617'::integer))
   Index Searches: 1
   Buffers: shared hit=156
 Settings: enable_bitmapscan = 'off', enable_seqscan = 'off', max_parallel_workers_per_gather = '0'
 Planning:
   Buffers: shared hit=117
 Planning Time: 0.193 ms
 Execution Time: 0.194 ms
(10 rows)

