SET
SET
SET
SET
SET
                                                                 QUERY PLAN                                                                 
--------------------------------------------------------------------------------------------------------------------------------------------
 Index Scan using idx on public.t (actual rows=65536.00 loops=1)
   Output: a, b
   Index Cond: ((t.a >= '-29306'::integer) AND (t.a <= '-12923'::integer))
   Index Searches: 1
   Prefetch: distance=268.670 count=23636 stalls=1 skipped=46329 resets=0 ungets=4845 forwarded=290
             histogram [2,4) => 2, [4,8) => 3, [8,16) => 8, [16,32) => 9, [32,64) => 2, [64,128) => 2, [128,256) => 601, [256,512) => 23009
   Buffers: shared hit=13561 read=5455
 Settings: enable_bitmapscan = 'off', enable_seqscan = 'off', max_parallel_workers_per_gather = '0'
 Planning:
   Buffers: shared hit=86 read=26
 Planning Time: 1.991 ms
 Execution Time: 33.917 ms
(12 rows)

SET
SET
SET
SET
SET
                                             QUERY PLAN                                             
----------------------------------------------------------------------------------------------------
 Index Scan using idx on public.t (actual rows=65536.00 loops=1)
   Output: a, b
   Index Cond: ((t.a >= '-29306'::integer) AND (t.a <= '-12923'::integer))
   Index Searches: 1
   Buffers: shared hit=19016
 Settings: enable_bitmapscan = 'off', enable_seqscan = 'off', max_parallel_workers_per_gather = '0'
 Planning:
   Buffers: shared hit=117
 Planning Time: 0.225 ms
 Execution Time: 7.955 ms
(10 rows)

