SET
SET
SET
SET
SET
                                                                   QUERY PLAN                                                                   
------------------------------------------------------------------------------------------------------------------------------------------------
 Index Scan using idx on public.t (actual rows=1048576.00 loops=1)
   Output: a, b
   Index Cond: ((t.a >= '-272465'::integer) AND (t.a <= '-10322'::integer))
   Index Searches: 1
   Prefetch: distance=267.444 count=350920 stalls=1 skipped=745890 resets=0 ungets=48366 forwarded=3152
             histogram [2,4) => 2, [4,8) => 4, [8,16) => 11, [16,32) => 7, [32,64) => 2, [64,128) => 2, [128,256) => 16315, [256,512) => 334577
   Buffers: shared hit=250429 read=53735
 Settings: enable_bitmapscan = 'off', enable_seqscan = 'off', max_parallel_workers_per_gather = '0'
 Planning:
   Buffers: shared hit=82 read=26
 Planning Time: 1.941 ms
 Execution Time: 238.856 ms
(12 rows)

SET
SET
SET
SET
SET
                                             QUERY PLAN                                             
----------------------------------------------------------------------------------------------------
 Index Scan using idx on public.t (actual rows=1048576.00 loops=1)
   Output: a, b
   Index Cond: ((t.a >= '-272465'::integer) AND (t.a <= '-10322'::integer))
   Index Searches: 1
   Buffers: shared hit=304168
 Settings: enable_bitmapscan = 'off', enable_seqscan = 'off', max_parallel_workers_per_gather = '0'
 Planning:
   Buffers: shared hit=113
 Planning Time: 0.217 ms
 Execution Time: 109.201 ms
(10 rows)

