SET
SET
SET
SET
SET
                                                                   QUERY PLAN                                                                   
------------------------------------------------------------------------------------------------------------------------------------------------
 Index Scan using idx on public.t (actual rows=2048576.00 loops=1)
   Output: a, b
   Index Cond: ((t.a >= '-517840'::integer) AND (t.a <= '-5697'::integer))
   Index Searches: 1
   Prefetch: distance=267.373 count=683330 stalls=1 skipped=1456975 resets=0 ungets=92325 forwarded=6001
             histogram [2,4) => 8, [4,8) => 7, [8,16) => 6, [16,32) => 11, [32,64) => 4, [64,128) => 2, [128,256) => 32775, [256,512) => 650517
   Buffers: shared hit=491697 read=102542
 Settings: enable_bitmapscan = 'off', enable_seqscan = 'off', max_parallel_workers_per_gather = '0'
 Planning:
   Buffers: shared hit=82 read=26
 Planning Time: 1.956 ms
 Execution Time: 442.120 ms
(12 rows)

SET
SET
SET
SET
SET
                                             QUERY PLAN                                             
----------------------------------------------------------------------------------------------------
 Index Scan using idx on public.t (actual rows=2048576.00 loops=1)
   Output: a, b
   Index Cond: ((t.a >= '-517840'::integer) AND (t.a <= '-5697'::integer))
   Index Searches: 1
   Buffers: shared hit=594247
 Settings: enable_bitmapscan = 'off', enable_seqscan = 'off', max_parallel_workers_per_gather = '0'
 Planning:
   Buffers: shared hit=113
 Planning Time: 0.225 ms
 Execution Time: 202.454 ms
(10 rows)

