SET
SET
SET
SET
SET
                                                                   QUERY PLAN                                                                    
-------------------------------------------------------------------------------------------------------------------------------------------------
 Index Scan using idx on public.t (actual rows=6048576.00 loops=1)
   Output: a, b
   Index Cond: ((t.a >= '-1516278'::integer) AND (t.a <= '-4135'::integer))
   Index Searches: 1
   Prefetch: distance=267.350 count=2014912 stalls=1 skipped=4302753 resets=0 ungets=269253 forwarded=17530
             histogram [2,4) => 2, [4,8) => 3, [8,16) => 12, [16,32) => 5, [32,64) => 2, [64,128) => 2, [128,256) => 97442, [256,512) => 1917444
   Buffers: shared hit=1455910 read=298831
 Settings: enable_bitmapscan = 'off', enable_seqscan = 'off', max_parallel_workers_per_gather = '0'
 Planning:
   Buffers: shared hit=82 read=26
 Planning Time: 1.955 ms
 Execution Time: 1219.683 ms
(12 rows)

SET
SET
SET
SET
SET
                                             QUERY PLAN                                             
----------------------------------------------------------------------------------------------------
 Index Scan using idx on public.t (actual rows=6048576.00 loops=1)
   Output: a, b
   Index Cond: ((t.a >= '-1516278'::integer) AND (t.a <= '-4135'::integer))
   Index Searches: 1
   Buffers: shared hit=1754769
 Settings: enable_bitmapscan = 'off', enable_seqscan = 'off', max_parallel_workers_per_gather = '0'
 Planning:
   Buffers: shared hit=113
 Planning Time: 0.234 ms
 Execution Time: 584.089 ms
(10 rows)

