SET
SET
SET
SET
SET
                                                                   QUERY PLAN                                                                    
-------------------------------------------------------------------------------------------------------------------------------------------------
 Index Scan using idx on public.t (actual rows=8048576.00 loops=1)
   Output: a, b
   Index Cond: ((t.a >= '-2032205'::integer) AND (t.a <= '-20062'::integer))
   Index Searches: 1
   Prefetch: distance=267.353 count=2681021 stalls=1 skipped=5725251 resets=0 ungets=358280 forwarded=23316
             histogram [2,4) => 2, [4,8) => 3, [8,16) => 5, [16,32) => 9, [32,64) => 8, [64,128) => 2, [128,256) => 129561, [256,512) => 2551431
   Buffers: shared hit=1937401 read=397544
 Settings: enable_bitmapscan = 'off', enable_seqscan = 'off', max_parallel_workers_per_gather = '0'
 Planning:
   Buffers: shared hit=82 read=26
 Planning Time: 2.061 ms
 Execution Time: 1668.901 ms
(12 rows)

SET
SET
SET
SET
SET
                                             QUERY PLAN                                             
----------------------------------------------------------------------------------------------------
 Index Scan using idx on public.t (actual rows=8048576.00 loops=1)
   Output: a, b
   Index Cond: ((t.a >= '-2032205'::integer) AND (t.a <= '-20062'::integer))
   Index Searches: 1
   Buffers: shared hit=2334973
 Settings: enable_bitmapscan = 'off', enable_seqscan = 'off', max_parallel_workers_per_gather = '0'
 Planning:
   Buffers: shared hit=113
 Planning Time: 0.233 ms
 Execution Time: 796.894 ms
(10 rows)

