SET
SET
SET
SET
SET
                                                                    QUERY PLAN                                                                    
--------------------------------------------------------------------------------------------------------------------------------------------------
 Index Scan using idx on public.t (actual rows=9048576.00 loops=1)
   Output: a, b
   Index Cond: ((t.a >= '-2289719'::integer) AND (t.a <= '-27576'::integer))
   Index Searches: 1
   Prefetch: distance=267.350 count=3013857 stalls=1 skipped=6436669 resets=0 ungets=402538 forwarded=26272
             histogram [2,4) => 2, [4,8) => 3, [8,16) => 7, [16,32) => 14, [32,64) => 2, [64,128) => 3, [128,256) => 145759, [256,512) => 2868067
   Buffers: shared hit=2178369 read=446644
 Settings: enable_bitmapscan = 'off', enable_seqscan = 'off', max_parallel_workers_per_gather = '0'
 Planning:
   Buffers: shared hit=82 read=26
 Planning Time: 1.952 ms
 Execution Time: 1854.058 ms
(12 rows)

SET
SET
SET
SET
SET
                                             QUERY PLAN                                             
----------------------------------------------------------------------------------------------------
 Index Scan using idx on public.t (actual rows=9048576.00 loops=1)
   Output: a, b
   Index Cond: ((t.a >= '-2289719'::integer) AND (t.a <= '-27576'::integer))
   Index Searches: 1
   Buffers: shared hit=2625045
 Settings: enable_bitmapscan = 'off', enable_seqscan = 'off', max_parallel_workers_per_gather = '0'
 Planning:
   Buffers: shared hit=113
 Planning Time: 0.235 ms
 Execution Time: 907.920 ms
(10 rows)

