SET
SET
SET
SET
SET
                                                                  QUERY PLAN                                                                  
----------------------------------------------------------------------------------------------------------------------------------------------
 Index Scan Backward using idx on public.t (actual rows=262144.00 loops=1)
   Output: a, b
   Index Cond: ((t.a >= '-92446'::integer) AND (t.a <= '-26911'::integer))
   Index Searches: 1
   Prefetch: distance=267.806 count=90296 stalls=1 skipped=186258 resets=0 ungets=14790 forwarded=4
             histogram [2,4) => 2, [4,8) => 3, [8,16) => 5, [16,32) => 12, [32,64) => 2, [64,128) => 2, [128,256) => 3716, [256,512) => 86554
   Buffers: shared hit=60894 read=15118
 Settings: enable_bitmapscan = 'off', enable_seqscan = 'off', max_parallel_workers_per_gather = '0'
 Planning:
   Buffers: shared hit=78 read=26
 Planning Time: 1.980 ms
 Execution Time: 130.774 ms
(12 rows)

SET
SET
SET
SET
SET
                                             QUERY PLAN                                             
----------------------------------------------------------------------------------------------------
 Index Scan Backward using idx on public.t (actual rows=262144.00 loops=1)
   Output: a, b
   Index Cond: ((t.a >= '-92446'::integer) AND (t.a <= '-26911'::integer))
   Index Searches: 1
   Buffers: shared hit=76012
 Settings: enable_bitmapscan = 'off', enable_seqscan = 'off', max_parallel_workers_per_gather = '0'
 Planning:
   Buffers: shared hit=109
 Planning Time: 0.212 ms
 Execution Time: 28.357 ms
(10 rows)

