SET
SET
SET
SET
SET
                                                               QUERY PLAN                                                               
----------------------------------------------------------------------------------------------------------------------------------------
 Index Scan Backward using idx on public.t (actual rows=1024.00 loops=1)
   Output: a, b
   Index Cond: ((t.a >= '-23495'::integer) AND (t.a <= '-23240'::integer))
   Index Searches: 1
   Prefetch: distance=249.353 count=295 stalls=1 skipped=404 resets=0 ungets=135 forwarded=0
             histogram [2,4) => 4, [4,8) => 5, [8,16) => 7, [16,32) => 6, [32,64) => 2, [64,128) => 2, [128,256) => 2, [256,512) => 267
   Buffers: shared hit=10 read=291
 Settings: enable_bitmapscan = 'off', enable_seqscan = 'off', max_parallel_workers_per_gather = '0'
 Planning:
   Buffers: shared hit=82 read=26
 Planning Time: 1.280 ms
 Execution Time: 10.791 ms
(12 rows)

SET
SET
SET
SET
SET
                                             QUERY PLAN                                             
----------------------------------------------------------------------------------------------------
 Index Scan Backward using idx on public.t (actual rows=1024.00 loops=1)
   Output: a, b
   Index Cond: ((t.a >= '-23495'::integer) AND (t.a <= '-23240'::integer))
   Index Searches: 1
   Buffers: shared hit=301
 Settings: enable_bitmapscan = 'off', enable_seqscan = 'off', max_parallel_workers_per_gather = '0'
 Planning:
   Buffers: shared hit=113
 Planning Time: 0.181 ms
 Execution Time: 0.280 ms
(10 rows)

