SET
SET
SET
SET
SET
                                                                   QUERY PLAN                                                                   
------------------------------------------------------------------------------------------------------------------------------------------------
 Index Scan Backward using idx on public.t (actual rows=2048576.00 loops=1)
   Output: a, b
   Index Cond: ((t.a >= '-543981'::integer) AND (t.a <= '-31838'::integer))
   Index Searches: 1
   Prefetch: distance=267.518 count=692305 stalls=1 skipped=1457181 resets=0 ungets=101158 forwarded=14
             histogram [2,4) => 2, [4,8) => 3, [8,16) => 7, [16,32) => 10, [32,64) => 2, [64,128) => 2, [128,256) => 31129, [256,512) => 661150
   Buffers: shared hit=491451 read=102838
 Settings: enable_bitmapscan = 'off', enable_seqscan = 'off', max_parallel_workers_per_gather = '0'
 Planning:
   Buffers: shared hit=78 read=26
 Planning Time: 1.974 ms
 Execution Time: 878.959 ms
(12 rows)

SET
SET
SET
SET
SET
                                             QUERY PLAN                                             
----------------------------------------------------------------------------------------------------
 Index Scan Backward using idx on public.t (actual rows=2048576.00 loops=1)
   Output: a, b
   Index Cond: ((t.a >= '-543981'::integer) AND (t.a <= '-31838'::integer))
   Index Searches: 1
   Buffers: shared hit=594289
 Settings: enable_bitmapscan = 'off', enable_seqscan = 'off', max_parallel_workers_per_gather = '0'
 Planning:
   Buffers: shared hit=109
 Planning Time: 0.243 ms
 Execution Time: 218.472 ms
(10 rows)

