SET
SET
SET
SET
SET
                                                                    QUERY PLAN                                                                    
--------------------------------------------------------------------------------------------------------------------------------------------------
 Index Scan Backward using idx on public.t (actual rows=8048576.00 loops=1)
   Output: a, b
   Index Cond: ((t.a >= '-2022368'::integer) AND (t.a <= '-10225'::integer))
   Index Searches: 1
   Prefetch: distance=267.476 count=2713814 stalls=1 skipped=5725196 resets=0 ungets=391094 forwarded=60
             histogram [2,4) => 2, [4,8) => 3, [8,16) => 6, [16,32) => 11, [32,64) => 2, [64,128) => 2, [128,256) => 124838, [256,512) => 2588950
   Buffers: shared hit=1937469 read=397501
 Settings: enable_bitmapscan = 'off', enable_seqscan = 'off', max_parallel_workers_per_gather = '0'
 Planning:
   Buffers: shared hit=78 read=26
 Planning Time: 1.959 ms
 Execution Time: 3414.639 ms
(12 rows)

SET
SET
SET
SET
SET
                                             QUERY PLAN                                             
----------------------------------------------------------------------------------------------------
 Index Scan Backward using idx on public.t (actual rows=8048576.00 loops=1)
   Output: a, b
   Index Cond: ((t.a >= '-2022368'::integer) AND (t.a <= '-10225'::integer))
   Index Searches: 1
   Buffers: shared hit=2334970
 Settings: enable_bitmapscan = 'off', enable_seqscan = 'off', max_parallel_workers_per_gather = '0'
 Planning:
   Buffers: shared hit=109
 Planning Time: 0.275 ms
 Execution Time: 815.298 ms
(10 rows)

