SET
SET
SET
SET
SET
                                                                   QUERY PLAN                                                                   
------------------------------------------------------------------------------------------------------------------------------------------------
 Index Scan Backward using idx on public.t (actual rows=6048576.00 loops=1)
   Output: a, b
   Index Cond: ((t.a >= '-1535924'::integer) AND (t.a <= '-23781'::integer))
   Index Searches: 1
   Prefetch: distance=267.486 count=2040357 stalls=1 skipped=4302780 resets=0 ungets=294661 forwarded=42
             histogram [2,4) => 2, [4,8) => 3, [8,16) => 5, [16,32) => 9, [32,64) => 2, [64,128) => 2, [128,256) => 93442, [256,512) => 1946892
   Buffers: shared hit=1455445 read=299341
 Settings: enable_bitmapscan = 'off', enable_seqscan = 'off', max_parallel_workers_per_gather = '0'
 Planning:
   Buffers: shared hit=78 read=26
 Planning Time: 1.963 ms
 Execution Time: 2563.248 ms
(12 rows)

SET
SET
SET
SET
SET
                                             QUERY PLAN                                             
----------------------------------------------------------------------------------------------------
 Index Scan Backward using idx on public.t (actual rows=6048576.00 loops=1)
   Output: a, b
   Index Cond: ((t.a >= '-1535924'::integer) AND (t.a <= '-23781'::integer))
   Index Searches: 1
   Buffers: shared hit=1754787
 Settings: enable_bitmapscan = 'off', enable_seqscan = 'off', max_parallel_workers_per_gather = '0'
 Planning:
   Buffers: shared hit=109
 Planning Time: 0.219 ms
 Execution Time: 612.545 ms
(10 rows)

