SET
SET
SET
SET
SET
                                                               QUERY PLAN                                                                
-----------------------------------------------------------------------------------------------------------------------------------------
 Index Scan using idx on public.t (actual rows=2048.00 loops=1)
   Output: a, b
   Index Cond: ((t.a >= '-19014'::integer) AND (t.a <= '-18503'::integer))
   Index Searches: 1
   Prefetch: distance=264.271 count=980 stalls=1 skipped=1356 resets=0 ungets=428 forwarded=9
             histogram [2,4) => 2, [4,8) => 6, [8,16) => 10, [16,32) => 8, [32,64) => 2, [64,128) => 2, [128,256) => 2, [256,512) => 948
   Buffers: shared hit=50 read=550
 Settings: enable_bitmapscan = 'off', enable_seqscan = 'off', max_parallel_workers_per_gather = '0'
 Planning:
   Buffers: shared hit=86 read=26
 Planning Time: 1.458 ms
 Execution Time: 6.665 ms
(12 rows)

SET
SET
SET
SET
SET
                                             QUERY PLAN                                             
----------------------------------------------------------------------------------------------------
 Index Scan using idx on public.t (actual rows=2048.00 loops=1)
   Output: a, b
   Index Cond: ((t.a >= '-19014'::integer) AND (t.a <= '-18503'::integer))
   Index Searches: 1
   Buffers: shared hit=600
 Settings: enable_bitmapscan = 'off', enable_seqscan = 'off', max_parallel_workers_per_gather = '0'
 Planning:
   Buffers: shared hit=117
 Planning Time: 0.157 ms
 Execution Time: 0.342 ms
(10 rows)

