SET
SET
SET
SET
SET
                                                                 QUERY PLAN                                                                  
---------------------------------------------------------------------------------------------------------------------------------------------
 Index Scan using idx on public.t (actual rows=65536.00 loops=1)
   Output: a, b
   Index Cond: ((t.a >= '-46625'::integer) AND (t.a <= '-30242'::integer))
   Index Searches: 1
   Prefetch: distance=268.817 count=23536 stalls=1 skipped=46221 resets=0 ungets=4833 forwarded=309
             histogram [2,4) => 2, [4,8) => 4, [8,16) => 5, [16,32) => 13, [32,64) => 4, [64,128) => 2, [128,256) => 494, [256,512) => 23012
   Buffers: shared hit=13501 read=5473
 Settings: enable_bitmapscan = 'off', enable_seqscan = 'off', max_parallel_workers_per_gather = '0'
 Planning:
   Buffers: shared hit=86 read=26
 Planning Time: 1.977 ms
 Execution Time: 41.763 ms
(12 rows)

SET
SET
SET
SET
SET
                                             QUERY PLAN                                             
----------------------------------------------------------------------------------------------------
 Index Scan using idx on public.t (actual rows=65536.00 loops=1)
   Output: a, b
   Index Cond: ((t.a >= '-46625'::integer) AND (t.a <= '-30242'::integer))
   Index Searches: 1
   Buffers: shared hit=18974
 Settings: enable_bitmapscan = 'off', enable_seqscan = 'off', max_parallel_workers_per_gather = '0'
 Planning:
   Buffers: shared hit=117
 Planning Time: 0.188 ms
 Execution Time: 5.690 ms
(10 rows)

