SET
SET
SET
SET
SET
                                                                 QUERY PLAN                                                                 
--------------------------------------------------------------------------------------------------------------------------------------------
 Index Scan using idx on public.t (actual rows=32768.00 loops=1)
   Output: a, b
   Index Cond: ((t.a >= '-19104'::integer) AND (t.a <= '-10913'::integer))
   Index Searches: 1
   Prefetch: distance=269.625 count=12683 stalls=1 skipped=22988 resets=0 ungets=3343 forwarded=216
             histogram [2,4) => 2, [4,8) => 3, [8,16) => 6, [16,32) => 9, [32,64) => 7, [64,128) => 2, [128,256) => 102, [256,512) => 12552
   Buffers: shared hit=5717 read=3805
 Settings: enable_bitmapscan = 'off', enable_seqscan = 'off', max_parallel_workers_per_gather = '0'
 Planning:
   Buffers: shared hit=86 read=26
 Planning Time: 1.956 ms
 Execution Time: 28.629 ms
(12 rows)

SET
SET
SET
SET
SET
                                             QUERY PLAN                                             
----------------------------------------------------------------------------------------------------
 Index Scan using idx on public.t (actual rows=32768.00 loops=1)
   Output: a, b
   Index Cond: ((t.a >= '-19104'::integer) AND (t.a <= '-10913'::integer))
   Index Searches: 1
   Buffers: shared hit=9522
 Settings: enable_bitmapscan = 'off', enable_seqscan = 'off', max_parallel_workers_per_gather = '0'
 Planning:
   Buffers: shared hit=117
 Planning Time: 0.218 ms
 Execution Time: 4.626 ms
(10 rows)

