SET
SET
SET
SET
SET
                                                                  QUERY PLAN                                                                  
----------------------------------------------------------------------------------------------------------------------------------------------
 Index Scan using idx on public.t (actual rows=131072.00 loops=1)
   Output: a, b
   Index Cond: ((t.a >= '-49267'::integer) AND (t.a <= '-16500'::integer))
   Index Searches: 1
   Prefetch: distance=268.179 count=45673 stalls=1 skipped=93123 resets=0 ungets=7860 forwarded=506
             histogram [2,4) => 2, [4,8) => 3, [8,16) => 5, [16,32) => 15, [32,64) => 4, [64,128) => 2, [128,256) => 1436, [256,512) => 44206
   Buffers: shared hit=29357 read=8697
 Settings: enable_bitmapscan = 'off', enable_seqscan = 'off', max_parallel_workers_per_gather = '0'
 Planning:
   Buffers: shared hit=86 read=26
 Planning Time: 2.052 ms
 Execution Time: 46.240 ms
(12 rows)

SET
SET
SET
SET
SET
                                             QUERY PLAN                                             
----------------------------------------------------------------------------------------------------
 Index Scan using idx on public.t (actual rows=131072.00 loops=1)
   Output: a, b
   Index Cond: ((t.a >= '-49267'::integer) AND (t.a <= '-16500'::integer))
   Index Searches: 1
   Buffers: shared hit=38055
 Settings: enable_bitmapscan = 'off', enable_seqscan = 'off', max_parallel_workers_per_gather = '0'
 Planning:
   Buffers: shared hit=117
 Planning Time: 0.195 ms
 Execution Time: 12.088 ms
(10 rows)

