SET
SET
SET
SET
SET
                                                                QUERY PLAN                                                                
------------------------------------------------------------------------------------------------------------------------------------------
 Index Scan using idx on public.t (actual rows=4096.00 loops=1)
   Output: a, b
   Index Cond: ((t.a >= '-13119'::integer) AND (t.a <= '-12096'::integer))
   Index Searches: 1
   Prefetch: distance=267.337 count=1821 stalls=1 skipped=2639 resets=0 ungets=748 forwarded=29
             histogram [2,4) => 4, [4,8) => 3, [8,16) => 12, [16,32) => 8, [32,64) => 3, [64,128) => 3, [128,256) => 3, [256,512) => 1785
   Buffers: shared hit=211 read=987
 Settings: enable_bitmapscan = 'off', enable_seqscan = 'off', max_parallel_workers_per_gather = '0'
 Planning:
   Buffers: shared hit=86 read=26
 Planning Time: 1.689 ms
 Execution Time: 14.219 ms
(12 rows)

SET
SET
SET
SET
SET
                                             QUERY PLAN                                             
----------------------------------------------------------------------------------------------------
 Index Scan using idx on public.t (actual rows=4096.00 loops=1)
   Output: a, b
   Index Cond: ((t.a >= '-13119'::integer) AND (t.a <= '-12096'::integer))
   Index Searches: 1
   Buffers: shared hit=1198
 Settings: enable_bitmapscan = 'off', enable_seqscan = 'off', max_parallel_workers_per_gather = '0'
 Planning:
   Buffers: shared hit=117
 Planning Time: 0.179 ms
 Execution Time: 0.725 ms
(10 rows)

