SET
SET
SET
SET
SET
                                                                   QUERY PLAN                                                                   
------------------------------------------------------------------------------------------------------------------------------------------------
 Index Scan using idx on public.t (actual rows=2048576.00 loops=1)
   Output: a, b
   Index Cond: ((t.a >= '-526103'::integer) AND (t.a <= '-13960'::integer))
   Index Searches: 1
   Prefetch: distance=267.462 count=685132 stalls=1 skipped=1457150 resets=0 ungets=93982 forwarded=6185
             histogram [2,4) => 2, [4,8) => 3, [8,16) => 12, [16,32) => 9, [32,64) => 3, [64,128) => 3, [128,256) => 31409, [256,512) => 653691
   Buffers: shared hit=491443 read=102840
 Settings: enable_bitmapscan = 'off', enable_seqscan = 'off', max_parallel_workers_per_gather = '0'
 Planning:
   Buffers: shared hit=82 read=26
 Planning Time: 1.948 ms
 Execution Time: 502.275 ms
(12 rows)

SET
SET
SET
SET
SET
                                             QUERY PLAN                                             
----------------------------------------------------------------------------------------------------
 Index Scan using idx on public.t (actual rows=2048576.00 loops=1)
   Output: a, b
   Index Cond: ((t.a >= '-526103'::integer) AND (t.a <= '-13960'::integer))
   Index Searches: 1
   Buffers: shared hit=594296
 Settings: enable_bitmapscan = 'off', enable_seqscan = 'off', max_parallel_workers_per_gather = '0'
 Planning:
   Buffers: shared hit=113
 Planning Time: 0.228 ms
 Execution Time: 212.330 ms
(10 rows)

