SET
SET
SET
SET
SET
                                                                    QUERY PLAN                                                                    
--------------------------------------------------------------------------------------------------------------------------------------------------
 Index Scan using idx on public.t (actual rows=5048576.00 loops=1)
   Output: a, b
   Index Cond: ((t.a >= '-1263996'::integer) AND (t.a <= '-1853'::integer))
   Index Searches: 1
   Prefetch: distance=267.431 count=1684756 stalls=1 skipped=3591061 resets=0 ungets=227849 forwarded=15053
             histogram [2,4) => 2, [4,8) => 3, [8,16) => 12, [16,32) => 13, [32,64) => 2, [64,128) => 2, [128,256) => 77917, [256,512) => 1606805
   Buffers: shared hit=1215204 read=249406
 Settings: enable_bitmapscan = 'off', enable_seqscan = 'off', max_parallel_workers_per_gather = '0'
 Planning:
   Buffers: shared hit=82 read=26
 Planning Time: 1.948 ms
 Execution Time: 1187.796 ms
(12 rows)

SET
SET
SET
SET
SET
                                             QUERY PLAN                                             
----------------------------------------------------------------------------------------------------
 Index Scan using idx on public.t (actual rows=5048576.00 loops=1)
   Output: a, b
   Index Cond: ((t.a >= '-1263996'::integer) AND (t.a <= '-1853'::integer))
   Index Searches: 1
   Buffers: shared hit=1464646
 Settings: enable_bitmapscan = 'off', enable_seqscan = 'off', max_parallel_workers_per_gather = '0'
 Planning:
   Buffers: shared hit=113
 Planning Time: 0.225 ms
 Execution Time: 503.869 ms
(10 rows)

