SET
SET
SET
SET
SET
                                                                   QUERY PLAN                                                                    
-------------------------------------------------------------------------------------------------------------------------------------------------
 Index Scan using idx on public.t (actual rows=9048576.00 loops=1)
   Output: a, b
   Index Cond: ((t.a >= '-2290165'::integer) AND (t.a <= '-28022'::integer))
   Index Searches: 1
   Prefetch: distance=267.432 count=3019898 stalls=1 skipped=6436979 resets=0 ungets=408441 forwarded=27003
             histogram [2,4) => 2, [4,8) => 3, [8,16) => 6, [16,32) => 9, [32,64) => 2, [64,128) => 2, [128,256) => 139703, [256,512) => 2880171
   Buffers: shared hit=2178326 read=446666
 Settings: enable_bitmapscan = 'off', enable_seqscan = 'off', max_parallel_workers_per_gather = '0'
 Planning:
   Buffers: shared hit=82 read=26
 Planning Time: 1.965 ms
 Execution Time: 2073.517 ms
(12 rows)

SET
SET
SET
SET
SET
                                             QUERY PLAN                                             
----------------------------------------------------------------------------------------------------
 Index Scan using idx on public.t (actual rows=9048576.00 loops=1)
   Output: a, b
   Index Cond: ((t.a >= '-2290165'::integer) AND (t.a <= '-28022'::integer))
   Index Searches: 1
   Buffers: shared hit=2625048
 Settings: enable_bitmapscan = 'off', enable_seqscan = 'off', max_parallel_workers_per_gather = '0'
 Planning:
   Buffers: shared hit=113
 Planning Time: 0.240 ms
 Execution Time: 904.159 ms
(10 rows)

