SET
SET
SET
SET
SET
                                                                QUERY PLAN                                                                
------------------------------------------------------------------------------------------------------------------------------------------
 Index Scan using idx on public.t (actual rows=8192.00 loops=1)
   Output: a, b
   Index Cond: ((t.a >= '-8954'::integer) AND (t.a <= '-6907'::integer))
   Index Searches: 1
   Prefetch: distance=269.488 count=3579 stalls=1 skipped=5522 resets=0 ungets=1341 forwarded=50
             histogram [2,4) => 2, [4,8) => 6, [8,16) => 9, [16,32) => 10, [32,64) => 2, [64,128) => 2, [128,256) => 2, [256,512) => 3546
   Buffers: shared hit=740 read=1639
 Settings: enable_bitmapscan = 'off', enable_seqscan = 'off', max_parallel_workers_per_gather = '0'
 Planning:
   Buffers: shared hit=86 read=26
 Planning Time: 1.976 ms
 Execution Time: 19.271 ms
(12 rows)

SET
SET
SET
SET
SET
                                             QUERY PLAN                                             
----------------------------------------------------------------------------------------------------
 Index Scan using idx on public.t (actual rows=8192.00 loops=1)
   Output: a, b
   Index Cond: ((t.a >= '-8954'::integer) AND (t.a <= '-6907'::integer))
   Index Searches: 1
   Buffers: shared hit=2379
 Settings: enable_bitmapscan = 'off', enable_seqscan = 'off', max_parallel_workers_per_gather = '0'
 Planning:
   Buffers: shared hit=117
 Planning Time: 0.198 ms
 Execution Time: 1.732 ms
(10 rows)

