SET
SET
SET
SET
SET
                                                                QUERY PLAN                                                                
------------------------------------------------------------------------------------------------------------------------------------------
 Index Scan using idx on public.t (actual rows=2048.00 loops=1)
   Output: a, b
   Index Cond: ((t.a >= '-2753'::integer) AND (t.a <= '-2242'::integer))
   Index Searches: 1
   Prefetch: distance=261.229 count=811 stalls=1 skipped=1176 resets=0 ungets=327 forwarded=5
             histogram [2,4) => 4, [4,8) => 5, [8,16) => 11, [16,32) => 10, [32,64) => 2, [64,128) => 2, [128,256) => 2, [256,512) => 775
   Buffers: shared hit=96 read=511
 Settings: enable_bitmapscan = 'off', enable_seqscan = 'off', max_parallel_workers_per_gather = '0'
 Planning:
   Buffers: shared hit=86 read=26
 Planning Time: 1.331 ms
 Execution Time: 10.682 ms
(12 rows)

SET
SET
SET
SET
SET
                                             QUERY PLAN                                             
----------------------------------------------------------------------------------------------------
 Index Scan using idx on public.t (actual rows=2048.00 loops=1)
   Output: a, b
   Index Cond: ((t.a >= '-2753'::integer) AND (t.a <= '-2242'::integer))
   Index Searches: 1
   Buffers: shared hit=608
 Settings: enable_bitmapscan = 'off', enable_seqscan = 'off', max_parallel_workers_per_gather = '0'
 Planning:
   Buffers: shared hit=117
 Planning Time: 0.184 ms
 Execution Time: 0.424 ms
(10 rows)

