SET
SET
SET
SET
SET
                                                                QUERY PLAN                                                                
------------------------------------------------------------------------------------------------------------------------------------------
 Index Scan using idx on public.t (actual rows=512.00 loops=1)
   Output: a, b
   Index Cond: ((t.a >= '-17133'::integer) AND (t.a <= '-17006'::integer))
   Index Searches: 1
   Prefetch: distance=230.952 count=189 stalls=1 skipped=280 resets=0 ungets=73 forwarded=1
             histogram [2,4) => 2, [4,8) => 3, [8,16) => 11, [16,32) => 11, [32,64) => 2, [64,128) => 2, [128,256) => 2, [256,512) => 156
   Buffers: shared hit=12 read=143
 Settings: enable_bitmapscan = 'off', enable_seqscan = 'off', max_parallel_workers_per_gather = '0'
 Planning:
   Buffers: shared hit=86 read=26
 Planning Time: 1.317 ms
 Execution Time: 3.433 ms
(12 rows)

SET
SET
SET
SET
SET
                                             QUERY PLAN                                             
----------------------------------------------------------------------------------------------------
 Index Scan using idx on public.t (actual rows=512.00 loops=1)
   Output: a, b
   Index Cond: ((t.a >= '-17133'::integer) AND (t.a <= '-17006'::integer))
   Index Searches: 1
   Buffers: shared hit=155
 Settings: enable_bitmapscan = 'off', enable_seqscan = 'off', max_parallel_workers_per_gather = '0'
 Planning:
   Buffers: shared hit=117
 Planning Time: 0.274 ms
 Execution Time: 0.191 ms
(10 rows)

