SET
SET
SET
SET
SET
                                                                 QUERY PLAN                                                                  
---------------------------------------------------------------------------------------------------------------------------------------------
 Index Scan using idx on public.t (actual rows=32768.00 loops=1)
   Output: a, b
   Index Cond: ((t.a >= '-20272'::integer) AND (t.a <= '-12081'::integer))
   Index Searches: 1
   Prefetch: distance=269.466 count=12660 stalls=1 skipped=22991 resets=0 ungets=3327 forwarded=214
             histogram [2,4) => 4, [4,8) => 3, [8,16) => 12, [16,32) => 8, [32,64) => 3, [64,128) => 3, [128,256) => 144, [256,512) => 12483
   Buffers: shared hit=5731 read=3789
 Settings: enable_bitmapscan = 'off', enable_seqscan = 'off', max_parallel_workers_per_gather = '0'
 Planning:
   Buffers: shared hit=86 read=26
 Planning Time: 1.962 ms
 Execution Time: 29.264 ms
(12 rows)

SET
SET
SET
SET
SET
                                             QUERY PLAN                                             
----------------------------------------------------------------------------------------------------
 Index Scan using idx on public.t (actual rows=32768.00 loops=1)
   Output: a, b
   Index Cond: ((t.a >= '-20272'::integer) AND (t.a <= '-12081'::integer))
   Index Searches: 1
   Buffers: shared hit=9520
 Settings: enable_bitmapscan = 'off', enable_seqscan = 'off', max_parallel_workers_per_gather = '0'
 Planning:
   Buffers: shared hit=117
 Planning Time: 0.179 ms
 Execution Time: 3.010 ms
(10 rows)

