SET
SET
SET
SET
SET
                                                                    QUERY PLAN                                                                    
--------------------------------------------------------------------------------------------------------------------------------------------------
 Index Scan using idx on public.t (actual rows=7048576.00 loops=1)
   Output: a, b
   Index Cond: ((t.a >= '-1763926'::integer) AND (t.a <= '-1783'::integer))
   Index Searches: 1
   Prefetch: distance=267.431 count=2351894 stalls=1 skipped=5014147 resets=0 ungets=317685 forwarded=20929
             histogram [2,4) => 2, [4,8) => 3, [8,16) => 6, [16,32) => 10, [32,64) => 5, [64,128) => 2, [128,256) => 108563, [256,512) => 2243303
   Buffers: shared hit=1697163 read=347616
 Settings: enable_bitmapscan = 'off', enable_seqscan = 'off', max_parallel_workers_per_gather = '0'
 Planning:
   Buffers: shared hit=82 read=26
 Planning Time: 1.925 ms
 Execution Time: 1661.576 ms
(12 rows)

SET
SET
SET
SET
SET
                                             QUERY PLAN                                             
----------------------------------------------------------------------------------------------------
 Index Scan using idx on public.t (actual rows=7048576.00 loops=1)
   Output: a, b
   Index Cond: ((t.a >= '-1763926'::integer) AND (t.a <= '-1783'::integer))
   Index Searches: 1
   Buffers: shared hit=2044830
 Settings: enable_bitmapscan = 'off', enable_seqscan = 'off', max_parallel_workers_per_gather = '0'
 Planning:
   Buffers: shared hit=113
 Planning Time: 0.211 ms
 Execution Time: 716.108 ms
(10 rows)

