SET
SET
SET
SET
SET
                                                                   QUERY PLAN                                                                    
-------------------------------------------------------------------------------------------------------------------------------------------------
 Index Scan using idx on public.t (actual rows=4048576.00 loops=1)
   Output: a, b
   Index Cond: ((t.a >= '-1026576'::integer) AND (t.a <= '-14433'::integer))
   Index Searches: 1
   Prefetch: distance=267.442 count=1351904 stalls=1 skipped=2879961 resets=0 ungets=183677 forwarded=12026
             histogram [2,4) => 2, [4,8) => 4, [8,16) => 13, [16,32) => 8, [32,64) => 2, [64,128) => 2, [128,256) => 62375, [256,512) => 1289498
   Buffers: shared hit=973320 read=201058
 Settings: enable_bitmapscan = 'off', enable_seqscan = 'off', max_parallel_workers_per_gather = '0'
 Planning:
   Buffers: shared hit=82 read=26
 Planning Time: 1.968 ms
 Execution Time: 995.766 ms
(12 rows)

SET
SET
SET
SET
SET
                                             QUERY PLAN                                             
----------------------------------------------------------------------------------------------------
 Index Scan using idx on public.t (actual rows=4048576.00 loops=1)
   Output: a, b
   Index Cond: ((t.a >= '-1026576'::integer) AND (t.a <= '-14433'::integer))
   Index Searches: 1
   Buffers: shared hit=1174405
 Settings: enable_bitmapscan = 'off', enable_seqscan = 'off', max_parallel_workers_per_gather = '0'
 Planning:
   Buffers: shared hit=113
 Planning Time: 0.231 ms
 Execution Time: 406.781 ms
(10 rows)

