SET
SET
SET
SET
SET
                                                                    QUERY PLAN                                                                    
--------------------------------------------------------------------------------------------------------------------------------------------------
 Index Scan using idx on public.t (actual rows=8048576.00 loops=1)
   Output: a, b
   Index Cond: ((t.a >= '-2030681'::integer) AND (t.a <= '-18538'::integer))
   Index Searches: 1
   Prefetch: distance=267.436 count=2686057 stalls=1 skipped=5725192 resets=0 ungets=363341 forwarded=24003
             histogram [2,4) => 2, [4,8) => 4, [8,16) => 5, [16,32) => 15, [32,64) => 2, [64,128) => 2, [128,256) => 123943, [256,512) => 2562084
   Buffers: shared hit=1937358 read=397542
 Settings: enable_bitmapscan = 'off', enable_seqscan = 'off', max_parallel_workers_per_gather = '0'
 Planning:
   Buffers: shared hit=82 read=26
 Planning Time: 2.008 ms
 Execution Time: 1858.779 ms
(12 rows)

SET
SET
SET
SET
SET
                                             QUERY PLAN                                             
----------------------------------------------------------------------------------------------------
 Index Scan using idx on public.t (actual rows=8048576.00 loops=1)
   Output: a, b
   Index Cond: ((t.a >= '-2030681'::integer) AND (t.a <= '-18538'::integer))
   Index Searches: 1
   Buffers: shared hit=2334958
 Settings: enable_bitmapscan = 'off', enable_seqscan = 'off', max_parallel_workers_per_gather = '0'
 Planning:
   Buffers: shared hit=113
 Planning Time: 0.238 ms
 Execution Time: 787.010 ms
(10 rows)

