SET
SET
SET
SET
                                             QUERY PLAN                                             
----------------------------------------------------------------------------------------------------
 Index Scan using idx on public.t (actual rows=16.00 loops=1)
   Output: a, b
   Index Cond: ((t.a >= '-7991'::integer) AND (t.a <= '-7988'::integer))
   Index Searches: 1
   Buffers: shared hit=5 read=5
 Settings: enable_bitmapscan = 'off', enable_seqscan = 'off', max_parallel_workers_per_gather = '0'
 Planning:
   Buffers: shared hit=86 read=26
 Planning Time: 1.371 ms
 Execution Time: 0.484 ms
(10 rows)

SET
SET
SET
SET
                                             QUERY PLAN                                             
----------------------------------------------------------------------------------------------------
 Index Scan using idx on public.t (actual rows=16.00 loops=1)
   Output: a, b
   Index Cond: ((t.a >= '-7991'::integer) AND (t.a <= '-7988'::integer))
   Index Searches: 1
   Buffers: shared hit=10
 Settings: enable_bitmapscan = 'off', enable_seqscan = 'off', max_parallel_workers_per_gather = '0'
 Planning:
   Buffers: shared hit=117
 Planning Time: 0.159 ms
 Execution Time: 0.027 ms
(10 rows)

