SET
SET
SET
SET
SET
                                                               QUERY PLAN                                                               
----------------------------------------------------------------------------------------------------------------------------------------
 Index Scan using idx on public.t (actual rows=1024.00 loops=1)
   Output: a, b
   Index Cond: ((t.a >= '-7434'::integer) AND (t.a <= '-7179'::integer))
   Index Searches: 1
   Prefetch: distance=258.294 count=524 stalls=1 skipped=712 resets=0 ungets=224 forwarded=2
             histogram [2,4) => 2, [4,8) => 3, [8,16) => 6, [16,32) => 9, [32,64) => 5, [64,128) => 2, [128,256) => 2, [256,512) => 495
   Buffers: shared hit=19 read=292
 Settings: enable_bitmapscan = 'off', enable_seqscan = 'off', max_parallel_workers_per_gather = '0'
 Planning:
   Buffers: shared hit=86 read=26
 Planning Time: 1.338 ms
 Execution Time: 2.586 ms
(12 rows)

SET
SET
SET
SET
SET
                                             QUERY PLAN                                             
----------------------------------------------------------------------------------------------------
 Index Scan using idx on public.t (actual rows=1024.00 loops=1)
   Output: a, b
   Index Cond: ((t.a >= '-7434'::integer) AND (t.a <= '-7179'::integer))
   Index Searches: 1
   Buffers: shared hit=311
 Settings: enable_bitmapscan = 'off', enable_seqscan = 'off', max_parallel_workers_per_gather = '0'
 Planning:
   Buffers: shared hit=117
 Planning Time: 0.184 ms
 Execution Time: 0.349 ms
(10 rows)

