SET
SET
SET
SET
SET
                                                                QUERY PLAN                                                                
------------------------------------------------------------------------------------------------------------------------------------------
 Index Scan using idx on public.t (actual rows=8192.00 loops=1)
   Output: a, b
   Index Cond: ((t.a >= '-6661'::integer) AND (t.a <= '-4614'::integer))
   Index Searches: 1
   Prefetch: distance=269.672 count=3625 stalls=1 skipped=5688 resets=0 ungets=1373 forwarded=50
             histogram [2,4) => 2, [4,8) => 3, [8,16) => 6, [16,32) => 11, [32,64) => 5, [64,128) => 2, [128,256) => 2, [256,512) => 3594
   Buffers: shared hit=740 read=1599
 Settings: enable_bitmapscan = 'off', enable_seqscan = 'off', max_parallel_workers_per_gather = '0'
 Planning:
   Buffers: shared hit=86 read=26
 Planning Time: 2.026 ms
 Execution Time: 15.699 ms
(12 rows)

SET
SET
SET
SET
SET
                                             QUERY PLAN                                             
----------------------------------------------------------------------------------------------------
 Index Scan using idx on public.t (actual rows=8192.00 loops=1)
   Output: a, b
   Index Cond: ((t.a >= '-6661'::integer) AND (t.a <= '-4614'::integer))
   Index Searches: 1
   Buffers: shared hit=2339
 Settings: enable_bitmapscan = 'off', enable_seqscan = 'off', max_parallel_workers_per_gather = '0'
 Planning:
   Buffers: shared hit=117
 Planning Time: 0.215 ms
 Execution Time: 1.642 ms
(10 rows)

