SET
SET
SET
SET
SET
                                                                   QUERY PLAN                                                                    
-------------------------------------------------------------------------------------------------------------------------------------------------
 Index Scan using idx on public.t (actual rows=7048576.00 loops=1)
   Output: a, b
   Index Cond: ((t.a >= '-1785794'::integer) AND (t.a <= '-23651'::integer))
   Index Searches: 1
   Prefetch: distance=267.435 count=2352738 stalls=1 skipped=5014127 resets=0 ungets=318545 forwarded=21016
             histogram [2,4) => 2, [4,8) => 7, [8,16) => 7, [16,32) => 9, [32,64) => 2, [64,128) => 2, [128,256) => 108643, [256,512) => 2244066
   Buffers: shared hit=1696332 read=348447
 Settings: enable_bitmapscan = 'off', enable_seqscan = 'off', max_parallel_workers_per_gather = '0'
 Planning:
   Buffers: shared hit=82 read=26
 Planning Time: 1.942 ms
 Execution Time: 1659.493 ms
(12 rows)

SET
SET
SET
SET
SET
                                             QUERY PLAN                                             
----------------------------------------------------------------------------------------------------
 Index Scan using idx on public.t (actual rows=7048576.00 loops=1)
   Output: a, b
   Index Cond: ((t.a >= '-1785794'::integer) AND (t.a <= '-23651'::integer))
   Index Searches: 1
   Buffers: shared hit=2044822
 Settings: enable_bitmapscan = 'off', enable_seqscan = 'off', max_parallel_workers_per_gather = '0'
 Planning:
   Buffers: shared hit=113
 Planning Time: 0.264 ms
 Execution Time: 697.447 ms
(10 rows)

