SET
SET
SET
SET
SET
                                                                  QUERY PLAN                                                                  
----------------------------------------------------------------------------------------------------------------------------------------------
 Index Scan using idx on public.t (actual rows=32768.00 loops=1)
   Output: a, b
   Index Cond: ((t.a >= '-13925'::integer) AND (t.a <= '-5734'::integer))
   Index Searches: 1
   Prefetch: distance=269.236 count=12392 stalls=1 skipped=23007 resets=0 ungets=3079 forwarded=196
             histogram [2,4) => 6, [4,8) => 5, [8,16) => 11, [16,32) => 10, [32,64) => 3, [64,128) => 3, [128,256) => 144, [256,512) => 12210
   Buffers: shared hit=6010 read=3486
 Settings: enable_bitmapscan = 'off', enable_seqscan = 'off', max_parallel_workers_per_gather = '0'
 Planning:
   Buffers: shared hit=86 read=26
 Planning Time: 1.972 ms
 Execution Time: 26.468 ms
(12 rows)

SET
SET
SET
SET
SET
                                             QUERY PLAN                                             
----------------------------------------------------------------------------------------------------
 Index Scan using idx on public.t (actual rows=32768.00 loops=1)
   Output: a, b
   Index Cond: ((t.a >= '-13925'::integer) AND (t.a <= '-5734'::integer))
   Index Searches: 1
   Buffers: shared hit=9496
 Settings: enable_bitmapscan = 'off', enable_seqscan = 'off', max_parallel_workers_per_gather = '0'
 Planning:
   Buffers: shared hit=117
 Planning Time: 0.327 ms
 Execution Time: 2.935 ms
(10 rows)

