SET
SET
SET
SET
SET
                                                                   QUERY PLAN                                                                    
-------------------------------------------------------------------------------------------------------------------------------------------------
 Index Scan using idx on public.t (actual rows=6048576.00 loops=1)
   Output: a, b
   Index Cond: ((t.a >= '-1519463'::integer) AND (t.a <= '-7320'::integer))
   Index Searches: 1
   Prefetch: distance=267.437 count=2019146 stalls=1 skipped=4302770 resets=0 ungets=273456 forwarded=18021
             histogram [2,4) => 2, [4,8) => 4, [8,16) => 7, [16,32) => 14, [32,64) => 2, [64,128) => 2, [128,256) => 93162, [256,512) => 1925953
   Buffers: shared hit=1455590 read=299157
 Settings: enable_bitmapscan = 'off', enable_seqscan = 'off', max_parallel_workers_per_gather = '0'
 Planning:
   Buffers: shared hit=82 read=26
 Planning Time: 2.048 ms
 Execution Time: 1430.408 ms
(12 rows)

SET
SET
SET
SET
SET
                                             QUERY PLAN                                             
----------------------------------------------------------------------------------------------------
 Index Scan using idx on public.t (actual rows=6048576.00 loops=1)
   Output: a, b
   Index Cond: ((t.a >= '-1519463'::integer) AND (t.a <= '-7320'::integer))
   Index Searches: 1
   Buffers: shared hit=1754786
 Settings: enable_bitmapscan = 'off', enable_seqscan = 'off', max_parallel_workers_per_gather = '0'
 Planning:
   Buffers: shared hit=113
 Planning Time: 0.243 ms
 Execution Time: 586.848 ms
(10 rows)

