SET
SET
SET
SET
SET
                                                                   QUERY PLAN                                                                   
------------------------------------------------------------------------------------------------------------------------------------------------
 Index Scan using idx on public.t (actual rows=5048576.00 loops=1)
   Output: a, b
   Index Cond: ((t.a >= '-1290093'::integer) AND (t.a <= '-27950'::integer))
   Index Searches: 1
   Prefetch: distance=267.440 count=1685482 stalls=1 skipped=3591275 resets=0 ungets=228609 forwarded=15078
             histogram [2,4) => 2, [4,8) => 3, [8,16) => 6, [16,32) => 9, [32,64) => 2, [64,128) => 2, [128,256) => 77749, [256,512) => 1607709
   Buffers: shared hit=1214321 read=250190
 Settings: enable_bitmapscan = 'off', enable_seqscan = 'off', max_parallel_workers_per_gather = '0'
 Planning:
   Buffers: shared hit=82 read=26
 Planning Time: 1.943 ms
 Execution Time: 1209.317 ms
(12 rows)

SET
SET
SET
SET
SET
                                             QUERY PLAN                                             
----------------------------------------------------------------------------------------------------
 Index Scan using idx on public.t (actual rows=5048576.00 loops=1)
   Output: a, b
   Index Cond: ((t.a >= '-1290093'::integer) AND (t.a <= '-27950'::integer))
   Index Searches: 1
   Buffers: shared hit=1464556
 Settings: enable_bitmapscan = 'off', enable_seqscan = 'off', max_parallel_workers_per_gather = '0'
 Planning:
   Buffers: shared hit=113
 Planning Time: 0.215 ms
 Execution Time: 496.778 ms
(10 rows)

