SET
SET
SET
SET
SET
                                                                    QUERY PLAN                                                                    
--------------------------------------------------------------------------------------------------------------------------------------------------
 Index Scan using idx on public.t (actual rows=8048576.00 loops=1)
   Output: a, b
   Index Cond: ((t.a >= '-2014100'::integer) AND (t.a <= '-1957'::integer))
   Index Searches: 1
   Prefetch: distance=267.431 count=2685468 stalls=1 skipped=5725607 resets=0 ungets=362691 forwarded=23945
             histogram [2,4) => 2, [4,8) => 3, [8,16) => 13, [16,32) => 9, [32,64) => 3, [64,128) => 2, [128,256) => 124217, [256,512) => 2561219
   Buffers: shared hit=1938058 read=396777
 Settings: enable_bitmapscan = 'off', enable_seqscan = 'off', max_parallel_workers_per_gather = '0'
 Planning:
   Buffers: shared hit=82 read=26
 Planning Time: 1.935 ms
 Execution Time: 1922.583 ms
(12 rows)

SET
SET
SET
SET
SET
                                             QUERY PLAN                                             
----------------------------------------------------------------------------------------------------
 Index Scan using idx on public.t (actual rows=8048576.00 loops=1)
   Output: a, b
   Index Cond: ((t.a >= '-2014100'::integer) AND (t.a <= '-1957'::integer))
   Index Searches: 1
   Buffers: shared hit=2334889
 Settings: enable_bitmapscan = 'off', enable_seqscan = 'off', max_parallel_workers_per_gather = '0'
 Planning:
   Buffers: shared hit=113
 Planning Time: 0.233 ms
 Execution Time: 792.837 ms
(10 rows)

