SET
SET
SET
SET
SET
                                                                 QUERY PLAN                                                                 
--------------------------------------------------------------------------------------------------------------------------------------------
 Index Scan Backward using idx on public.t (actual rows=4096.00 loops=1)
   Output: a, b
   Index Cond: ((t.a >= '-28225'::integer) AND (t.a <= '-27202'::integer))
   Index Searches: 1
   Prefetch: distance=263.071 count=4485 stalls=1 skipped=61 resets=0 ungets=458 forwarded=0
             histogram [2,4) => 2, [4,8) => 3, [8,16) => 12, [16,32) => 6, [32,64) => 2, [64,128) => 4, [128,256) => 584, [256,512) => 3872
   Buffers: shared hit=3755 read=293
 Settings: enable_bitmapscan = 'off', enable_seqscan = 'off', max_parallel_workers_per_gather = '0'
 Planning:
   Buffers: shared hit=82 read=26
 Planning Time: 1.892 ms
 Execution Time: 6.941 ms
(12 rows)

SET
SET
SET
SET
SET
                                             QUERY PLAN                                             
----------------------------------------------------------------------------------------------------
 Index Scan Backward using idx on public.t (actual rows=4096.00 loops=1)
   Output: a, b
   Index Cond: ((t.a >= '-28225'::integer) AND (t.a <= '-27202'::integer))
   Index Searches: 1
   Buffers: shared hit=4048
 Settings: enable_bitmapscan = 'off', enable_seqscan = 'off', max_parallel_workers_per_gather = '0'
 Planning:
   Buffers: shared hit=113
 Planning Time: 0.206 ms
 Execution Time: 0.818 ms
(10 rows)

