SET
SET
SET
SET
SET
                                                                   QUERY PLAN                                                                    
-------------------------------------------------------------------------------------------------------------------------------------------------
 Index Scan Backward using idx on public.t (actual rows=8192.00 loops=1)
   Output: a, b
   Index Cond: ((t.a >= '-17728'::integer) AND (t.a <= '-15681'::integer))
   Index Searches: 1
   Prefetch: distance=261.289 count=8737 stalls=5 skipped=138 resets=0 ungets=791 forwarded=0
             histogram [2,4) => 8, [4,8) => 11, [8,16) => 16, [16,32) => 19, [32,64) => 34, [64,128) => 27, [128,256) => 1211, [256,512) => 7411
   Buffers: shared hit=7578 read=494
 Settings: enable_bitmapscan = 'off', enable_seqscan = 'off', max_parallel_workers_per_gather = '0'
 Planning:
   Buffers: shared hit=82 read=26
 Planning Time: 1.872 ms
 Execution Time: 14.284 ms
(12 rows)

SET
SET
SET
SET
SET
                                             QUERY PLAN                                             
----------------------------------------------------------------------------------------------------
 Index Scan Backward using idx on public.t (actual rows=8192.00 loops=1)
   Output: a, b
   Index Cond: ((t.a >= '-17728'::integer) AND (t.a <= '-15681'::integer))
   Index Searches: 1
   Buffers: shared hit=8072
 Settings: enable_bitmapscan = 'off', enable_seqscan = 'off', max_parallel_workers_per_gather = '0'
 Planning:
   Buffers: shared hit=113
 Planning Time: 0.181 ms
 Execution Time: 1.088 ms
(10 rows)

