SET
SET
SET
SET
SET
                                                                 QUERY PLAN                                                                  
---------------------------------------------------------------------------------------------------------------------------------------------
 Index Scan Backward using idx on public.t (actual rows=16384.00 loops=1)
   Output: a, b
   Index Cond: ((t.a >= '-11529'::integer) AND (t.a <= '-7434'::integer))
   Index Searches: 1
   Prefetch: distance=263.466 count=17761 stalls=1 skipped=258 resets=0 ungets=1659 forwarded=0
             histogram [2,4) => 4, [4,8) => 4, [8,16) => 9, [16,32) => 9, [32,64) => 8, [64,128) => 3, [128,256) => 2578, [256,512) => 15146
   Buffers: shared hit=15261 read=894
 Settings: enable_bitmapscan = 'off', enable_seqscan = 'off', max_parallel_workers_per_gather = '0'
 Planning:
   Buffers: shared hit=82 read=26
 Planning Time: 1.867 ms
 Execution Time: 20.789 ms
(12 rows)

SET
SET
SET
SET
SET
                                             QUERY PLAN                                             
----------------------------------------------------------------------------------------------------
 Index Scan Backward using idx on public.t (actual rows=16384.00 loops=1)
   Output: a, b
   Index Cond: ((t.a >= '-11529'::integer) AND (t.a <= '-7434'::integer))
   Index Searches: 1
   Buffers: shared hit=16155
 Settings: enable_bitmapscan = 'off', enable_seqscan = 'off', max_parallel_workers_per_gather = '0'
 Planning:
   Buffers: shared hit=113
 Planning Time: 0.161 ms
 Execution Time: 1.868 ms
(10 rows)

