SET
SET
SET
SET
SET
                                                               QUERY PLAN                                                                
-----------------------------------------------------------------------------------------------------------------------------------------
 Index Scan using idx on public.t (actual rows=2048.00 loops=1)
   Output: a, b
   Index Cond: ((t.a >= '-24619'::integer) AND (t.a <= '-24108'::integer))
   Index Searches: 1
   Prefetch: distance=263.192 count=826 stalls=1 skipped=1146 resets=0 ungets=356 forwarded=7
             histogram [2,4) => 2, [4,8) => 3, [8,16) => 12, [16,32) => 7, [32,64) => 3, [64,128) => 2, [128,256) => 2, [256,512) => 795
   Buffers: shared hit=46 read=548
 Settings: enable_bitmapscan = 'off', enable_seqscan = 'off', max_parallel_workers_per_gather = '0'
 Planning:
   Buffers: shared hit=86 read=26
 Planning Time: 1.470 ms
 Execution Time: 10.942 ms
(12 rows)

SET
SET
SET
SET
SET
                                             QUERY PLAN                                             
----------------------------------------------------------------------------------------------------
 Index Scan using idx on public.t (actual rows=2048.00 loops=1)
   Output: a, b
   Index Cond: ((t.a >= '-24619'::integer) AND (t.a <= '-24108'::integer))
   Index Searches: 1
   Buffers: shared hit=594
 Settings: enable_bitmapscan = 'off', enable_seqscan = 'off', max_parallel_workers_per_gather = '0'
 Planning:
   Buffers: shared hit=117
 Planning Time: 0.167 ms
 Execution Time: 0.334 ms
(10 rows)

