SET
SET
SET
SET
SET
                                                                 QUERY PLAN                                                                  
---------------------------------------------------------------------------------------------------------------------------------------------
 Index Scan using idx on public.t (actual rows=131072.00 loops=1)
   Output: a, b
   Index Cond: ((t.a >= '-52043'::integer) AND (t.a <= '-19276'::integer))
   Index Searches: 1
   Prefetch: distance=268.143 count=45519 stalls=1 skipped=93006 resets=0 ungets=7841 forwarded=483
             histogram [2,4) => 2, [4,8) => 7, [8,16) => 7, [16,32) => 8, [32,64) => 2, [64,128) => 3, [128,256) => 1505, [256,512) => 43985
   Buffers: shared hit=29291 read=8693
 Settings: enable_bitmapscan = 'off', enable_seqscan = 'off', max_parallel_workers_per_gather = '0'
 Planning:
   Buffers: shared hit=86 read=26
 Planning Time: 1.953 ms
 Execution Time: 48.249 ms
(12 rows)

SET
SET
SET
SET
SET
                                             QUERY PLAN                                             
----------------------------------------------------------------------------------------------------
 Index Scan using idx on public.t (actual rows=131072.00 loops=1)
   Output: a, b
   Index Cond: ((t.a >= '-52043'::integer) AND (t.a <= '-19276'::integer))
   Index Searches: 1
   Buffers: shared hit=37984
 Settings: enable_bitmapscan = 'off', enable_seqscan = 'off', max_parallel_workers_per_gather = '0'
 Planning:
   Buffers: shared hit=117
 Planning Time: 0.200 ms
 Execution Time: 12.635 ms
(10 rows)

