SET
SET
SET
SET
SET
                                                                   QUERY PLAN                                                                   
------------------------------------------------------------------------------------------------------------------------------------------------
 Index Scan using idx on public.t (actual rows=6048576.00 loops=1)
   Output: a, b
   Index Cond: ((t.a >= '-1533258'::integer) AND (t.a <= '-21115'::integer))
   Index Searches: 1
   Prefetch: distance=267.436 count=2019155 stalls=1 skipped=4302590 resets=0 ungets=273549 forwarded=18029
             histogram [2,4) => 2, [4,8) => 3, [8,16) => 5, [16,32) => 9, [32,64) => 4, [64,128) => 2, [128,256) => 93174, [256,512) => 1925956
   Buffers: shared hit=1455427 read=299319
 Settings: enable_bitmapscan = 'off', enable_seqscan = 'off', max_parallel_workers_per_gather = '0'
 Planning:
   Buffers: shared hit=82 read=26
 Planning Time: 1.972 ms
 Execution Time: 1432.392 ms
(12 rows)

SET
SET
SET
SET
SET
                                             QUERY PLAN                                             
----------------------------------------------------------------------------------------------------
 Index Scan using idx on public.t (actual rows=6048576.00 loops=1)
   Output: a, b
   Index Cond: ((t.a >= '-1533258'::integer) AND (t.a <= '-21115'::integer))
   Index Searches: 1
   Buffers: shared hit=1754778
 Settings: enable_bitmapscan = 'off', enable_seqscan = 'off', max_parallel_workers_per_gather = '0'
 Planning:
   Buffers: shared hit=113
 Planning Time: 0.374 ms
 Execution Time: 591.462 ms
(10 rows)

