SET
SET
SET
SET
SET
                                             QUERY PLAN                                             
----------------------------------------------------------------------------------------------------
 Index Scan Backward using idx on public.t (actual rows=2048.00 loops=1)
   Output: a, b
   Index Cond: ((t.a >= 27354) AND (t.a <= 27865))
   Index Searches: 1
   Prefetch: distance=2.082 count=146 stalls=1317 skipped=14 resets=0 ungets=0 forwarded=0
             histogram [2,4) => 142, [4,8) => 4
   Buffers: shared hit=1845 read=192
 Settings: enable_bitmapscan = 'off', enable_seqscan = 'off', max_parallel_workers_per_gather = '0'
 Planning:
   Buffers: shared hit=82 read=27
 Planning Time: 2.062 ms
 Execution Time: 11.392 ms
(12 rows)

SET
SET
SET
SET
SET
                                             QUERY PLAN                                             
----------------------------------------------------------------------------------------------------
 Index Scan Backward using idx on public.t (actual rows=2048.00 loops=1)
   Output: a, b
   Index Cond: ((t.a >= 27354) AND (t.a <= 27865))
   Index Searches: 1
   Buffers: shared hit=2037
 Settings: enable_bitmapscan = 'off', enable_seqscan = 'off', max_parallel_workers_per_gather = '0'
 Planning:
   Buffers: shared hit=114
 Planning Time: 0.187 ms
 Execution Time: 0.457 ms
(10 rows)

