SET
SET
SET
SET
SET
                                             QUERY PLAN                                             
----------------------------------------------------------------------------------------------------
 Index Scan using idx on public.t (actual rows=2048.00 loops=1)
   Output: a, b
   Index Cond: ((t.a >= 14683) AND (t.a <= 15706))
   Index Searches: 1
   Prefetch: distance=2.117 count=179 stalls=1545 skipped=43 resets=0 ungets=0 forwarded=0
             histogram [2,4) => 172, [4,8) => 7
   Buffers: shared hit=1868 read=140
 Settings: enable_bitmapscan = 'off', enable_seqscan = 'off', max_parallel_workers_per_gather = '0'
 Planning:
   Buffers: shared hit=81 read=28
 Planning Time: 2.054 ms
 Execution Time: 3.698 ms
(12 rows)

SET
SET
SET
SET
SET
                                             QUERY PLAN                                             
----------------------------------------------------------------------------------------------------
 Index Scan using idx on public.t (actual rows=2048.00 loops=1)
   Output: a, b
   Index Cond: ((t.a >= 14683) AND (t.a <= 15706))
   Index Searches: 1
   Buffers: shared hit=2008
 Settings: enable_bitmapscan = 'off', enable_seqscan = 'off', max_parallel_workers_per_gather = '0'
 Planning:
   Buffers: shared hit=114
 Planning Time: 0.215 ms
 Execution Time: 0.448 ms
(10 rows)

