SET
SET
SET
SET
SET
                                                                     QUERY PLAN                                                                     
----------------------------------------------------------------------------------------------------------------------------------------------------
 Index Scan Backward using idx on public.t (actual rows=9048576.00 loops=1)
   Output: a, b
   Index Cond: ((t.a >= '-2288424'::integer) AND (t.a <= '-26281'::integer))
   Index Searches: 1
   Prefetch: distance=263.929 count=9799887 stalls=1 skipped=134028 resets=0 ungets=885431 forwarded=23
             histogram [2,4) => 4, [4,8) => 4, [8,16) => 9, [16,32) => 11, [32,64) => 18, [64,128) => 5, [128,256) => 1460230, [256,512) => 8339606
   Buffers: shared hit=8483576 read=444520
 Settings: enable_bitmapscan = 'off', enable_seqscan = 'off', max_parallel_workers_per_gather = '0'
 Planning:
   Buffers: shared hit=78 read=26
 Planning Time: 1.866 ms
 Execution Time: 9873.802 ms
(12 rows)

SET
SET
SET
SET
SET
                                             QUERY PLAN                                             
----------------------------------------------------------------------------------------------------
 Index Scan Backward using idx on public.t (actual rows=9048576.00 loops=1)
   Output: a, b
   Index Cond: ((t.a >= '-2288424'::integer) AND (t.a <= '-26281'::integer))
   Index Searches: 1
   Buffers: shared hit=8928097
 Settings: enable_bitmapscan = 'off', enable_seqscan = 'off', max_parallel_workers_per_gather = '0'
 Planning:
   Buffers: shared hit=109
 Planning Time: 0.240 ms
 Execution Time: 1461.155 ms
(10 rows)

