SET
SET
SET
SET
SET
                                             QUERY PLAN                                             
----------------------------------------------------------------------------------------------------
 Index Scan Backward using idx on public.t (actual rows=4096.00 loops=1)
   Output: a, b
   Index Cond: ((t.a >= 30292) AND (t.a <= 31315))
   Index Searches: 1
   Prefetch: distance=2.232 count=383 stalls=3311 skipped=59 resets=0 ungets=0 forwarded=0
             histogram [2,4) => 352, [4,8) => 31
   Buffers: shared hit=3753 read=290
 Settings: enable_bitmapscan = 'off', enable_seqscan = 'off', max_parallel_workers_per_gather = '0'
 Planning:
   Buffers: shared hit=82 read=23
 Planning Time: 1.794 ms
 Execution Time: 19.057 ms
(12 rows)

SET
SET
SET
SET
SET
                                             QUERY PLAN                                             
----------------------------------------------------------------------------------------------------
 Index Scan Backward using idx on public.t (actual rows=4096.00 loops=1)
   Output: a, b
   Index Cond: ((t.a >= 30292) AND (t.a <= 31315))
   Index Searches: 1
   Buffers: shared hit=4043
 Settings: enable_bitmapscan = 'off', enable_seqscan = 'off', max_parallel_workers_per_gather = '0'
 Planning:
   Buffers: shared hit=110
 Planning Time: 0.179 ms
 Execution Time: 0.799 ms
(10 rows)

