SET
SET
SET
SET
SET
                                             QUERY PLAN                                             
----------------------------------------------------------------------------------------------------
 Index Scan using idx on public.t (actual rows=16.00 loops=1)
   Output: a, b
   Index Cond: ((t.a >= 6241) AND (t.a <= 6248))
   Index Searches: 1
   Buffers: shared hit=9 read=13
 Settings: enable_bitmapscan = 'off', enable_seqscan = 'off', max_parallel_workers_per_gather = '0'
 Planning:
   Buffers: shared hit=81 read=28
 Planning Time: 1.381 ms
 Execution Time: 1.161 ms
(10 rows)

SET
SET
SET
SET
SET
                                             QUERY PLAN                                             
----------------------------------------------------------------------------------------------------
 Index Scan using idx on public.t (actual rows=16.00 loops=1)
   Output: a, b
   Index Cond: ((t.a >= 6241) AND (t.a <= 6248))
   Index Searches: 1
   Buffers: shared hit=22
 Settings: enable_bitmapscan = 'off', enable_seqscan = 'off', max_parallel_workers_per_gather = '0'
 Planning:
   Buffers: shared hit=114
 Planning Time: 0.164 ms
 Execution Time: 0.032 ms
(10 rows)

