SET
SET
SET
SET
SET
                                                                   QUERY PLAN                                                                   
------------------------------------------------------------------------------------------------------------------------------------------------
 Index Scan using idx on public.t (actual rows=8192.00 loops=1)
   Output: a, b
   Index Cond: ((t.a >= 17744) AND (t.a <= 21839))
   Index Searches: 1
   Prefetch: distance=257.846 count=8031 stalls=1 skipped=248 resets=0 ungets=103 forwarded=5
             histogram [2,4) => 6, [4,8) => 6, [8,16) => 12, [16,32) => 12, [32,64) => 30, [64,128) => 41, [128,256) => 1905, [256,512) => 6019
   Buffers: shared hit=7529 read=443
 Settings: enable_bitmapscan = 'off', enable_seqscan = 'off', max_parallel_workers_per_gather = '0'
 Planning:
   Buffers: shared hit=81 read=28
 Planning Time: 2.122 ms
 Execution Time: 5.568 ms
(12 rows)

SET
SET
SET
SET
SET
                                             QUERY PLAN                                             
----------------------------------------------------------------------------------------------------
 Index Scan using idx on public.t (actual rows=8192.00 loops=1)
   Output: a, b
   Index Cond: ((t.a >= 17744) AND (t.a <= 21839))
   Index Searches: 1
   Buffers: shared hit=7972
 Settings: enable_bitmapscan = 'off', enable_seqscan = 'off', max_parallel_workers_per_gather = '0'
 Planning:
   Buffers: shared hit=114
 Planning Time: 0.144 ms
 Execution Time: 0.888 ms
(10 rows)

