SET
SET
SET
SET
SET
                                                                QUERY PLAN                                                                
------------------------------------------------------------------------------------------------------------------------------------------
 Index Scan using idx on public.t (actual rows=256.00 loops=1)
   Output: a, b
   Index Cond: ((t.a >= 6392) AND (t.a <= 6519))
   Index Searches: 1
   Prefetch: distance=207.369 count=244 stalls=1 skipped=6 resets=0 ungets=22 forwarded=0
             histogram [2,4) => 4, [4,8) => 5, [8,16) => 9, [16,32) => 15, [32,64) => 22, [64,128) => 7, [128,256) => 6, [256,512) => 176
   Buffers: shared hit=204 read=52
 Settings: enable_bitmapscan = 'off', enable_seqscan = 'off', max_parallel_workers_per_gather = '0'
 Planning:
   Buffers: shared hit=81 read=28
 Planning Time: 1.454 ms
 Execution Time: 2.942 ms
(12 rows)

SET
SET
SET
SET
SET
                                             QUERY PLAN                                             
----------------------------------------------------------------------------------------------------
 Index Scan using idx on public.t (actual rows=256.00 loops=1)
   Output: a, b
   Index Cond: ((t.a >= 6392) AND (t.a <= 6519))
   Index Searches: 1
   Buffers: shared hit=256
 Settings: enable_bitmapscan = 'off', enable_seqscan = 'off', max_parallel_workers_per_gather = '0'
 Planning:
   Buffers: shared hit=114
 Planning Time: 0.143 ms
 Execution Time: 0.070 ms
(10 rows)

