SET
SET
SET
SET
SET
                                                                   QUERY PLAN                                                                   
------------------------------------------------------------------------------------------------------------------------------------------------
 Index Scan using idx on public.t (actual rows=16384.00 loops=1)
   Output: a, b
   Index Cond: ((t.a >= 4016) AND (t.a <= 12207))
   Index Searches: 1
   Prefetch: distance=260.051 count=16212 stalls=5 skipped=519 resets=0 ungets=373 forwarded=20
             histogram [2,4) => 8, [4,8) => 4, [8,16) => 11, [16,32) => 13, [32,64) => 16, [64,128) => 8, [128,256) => 3836, [256,512) => 12316
   Buffers: shared hit=15049 read=863
 Settings: enable_bitmapscan = 'off', enable_seqscan = 'off', max_parallel_workers_per_gather = '0'
 Planning:
   Buffers: shared hit=81 read=28
 Planning Time: 2.164 ms
 Execution Time: 8.931 ms
(12 rows)

SET
SET
SET
SET
SET
                                             QUERY PLAN                                             
----------------------------------------------------------------------------------------------------
 Index Scan using idx on public.t (actual rows=16384.00 loops=1)
   Output: a, b
   Index Cond: ((t.a >= 4016) AND (t.a <= 12207))
   Index Searches: 1
   Buffers: shared hit=15913
 Settings: enable_bitmapscan = 'off', enable_seqscan = 'off', max_parallel_workers_per_gather = '0'
 Planning:
   Buffers: shared hit=114
 Planning Time: 0.199 ms
 Execution Time: 2.711 ms
(10 rows)

