SET
SET
SET
SET
SET
                                             QUERY PLAN                                             
----------------------------------------------------------------------------------------------------
 Index Scan using idx on public.t (actual rows=4096.00 loops=1)
   Output: a, b
   Index Cond: ((t.a >= 29627) AND (t.a <= 31674))
   Index Searches: 1
   Prefetch: distance=2.174 count=431 stalls=3501 skipped=125 resets=0 ungets=0 forwarded=1
             histogram [2,4) => 406, [4,8) => 25
   Buffers: shared hit=3744 read=242
 Settings: enable_bitmapscan = 'off', enable_seqscan = 'off', max_parallel_workers_per_gather = '0'
 Planning:
   Buffers: shared hit=81 read=28
 Planning Time: 2.147 ms
 Execution Time: 5.893 ms
(12 rows)

SET
SET
SET
SET
SET
                                             QUERY PLAN                                             
----------------------------------------------------------------------------------------------------
 Index Scan using idx on public.t (actual rows=4096.00 loops=1)
   Output: a, b
   Index Cond: ((t.a >= 29627) AND (t.a <= 31674))
   Index Searches: 1
   Buffers: shared hit=3986
 Settings: enable_bitmapscan = 'off', enable_seqscan = 'off', max_parallel_workers_per_gather = '0'
 Planning:
   Buffers: shared hit=114
 Planning Time: 0.135 ms
 Execution Time: 0.467 ms
(10 rows)

