SET
SET
SET
SET
SET
                                             QUERY PLAN                                             
----------------------------------------------------------------------------------------------------
 Index Scan Backward using idx on public.t (actual rows=8192.00 loops=1)
   Output: a, b
   Index Cond: ((t.a >= 24913) AND (t.a <= 26960))
   Index Searches: 1
   Prefetch: distance=2.127 count=795 stalls=6990 skipped=116 resets=0 ungets=0 forwarded=0
             histogram [2,4) => 764, [4,8) => 30, [8,16) => 1
   Buffers: shared hit=7592 read=495
 Settings: enable_bitmapscan = 'off', enable_seqscan = 'off', max_parallel_workers_per_gather = '0'
 Planning:
   Buffers: shared hit=86 read=27
 Planning Time: 2.067 ms
 Execution Time: 33.971 ms
(12 rows)

SET
SET
SET
SET
SET
                                             QUERY PLAN                                             
----------------------------------------------------------------------------------------------------
 Index Scan Backward using idx on public.t (actual rows=8192.00 loops=1)
   Output: a, b
   Index Cond: ((t.a >= 24913) AND (t.a <= 26960))
   Index Searches: 1
   Buffers: shared hit=8087
 Settings: enable_bitmapscan = 'off', enable_seqscan = 'off', max_parallel_workers_per_gather = '0'
 Planning:
   Buffers: shared hit=118
 Planning Time: 0.198 ms
 Execution Time: 1.436 ms
(10 rows)

