SET
SET
SET
SET
SET
                                             QUERY PLAN                                             
----------------------------------------------------------------------------------------------------
 Index Scan using idx on public.t (actual rows=4096.00 loops=1)
   Output: a, b
   Index Cond: ((t.a >= 3545) AND (t.a <= 5592))
   Index Searches: 1
   Prefetch: distance=2.176 count=393 stalls=3353 skipped=119 resets=0 ungets=0 forwarded=0
             histogram [2,4) => 367, [4,8) => 26
   Buffers: shared hit=3742 read=245
 Settings: enable_bitmapscan = 'off', enable_seqscan = 'off', max_parallel_workers_per_gather = '0'
 Planning:
   Buffers: shared hit=81 read=28
 Planning Time: 1.860 ms
 Execution Time: 5.457 ms
(12 rows)

SET
SET
SET
SET
SET
                                             QUERY PLAN                                             
----------------------------------------------------------------------------------------------------
 Index Scan using idx on public.t (actual rows=4096.00 loops=1)
   Output: a, b
   Index Cond: ((t.a >= 3545) AND (t.a <= 5592))
   Index Searches: 1
   Buffers: shared hit=3987
 Settings: enable_bitmapscan = 'off', enable_seqscan = 'off', max_parallel_workers_per_gather = '0'
 Planning:
   Buffers: shared hit=114
 Planning Time: 0.220 ms
 Execution Time: 0.828 ms
(10 rows)

