SET
SET
SET
SET
SET
                                                                 QUERY PLAN                                                                  
---------------------------------------------------------------------------------------------------------------------------------------------
 Index Scan using idx on public.t (actual rows=8192.00 loops=1)
   Output: a, b
   Index Cond: ((t.a >= 31837) AND (t.a <= 35932))
   Index Searches: 1
   Prefetch: distance=260.014 count=8121 stalls=1 skipped=260 resets=0 ungets=201 forwarded=11
             histogram [2,4) => 2, [4,8) => 7, [8,16) => 4, [16,32) => 17, [32,64) => 5, [64,128) => 2, [128,256) => 1839, [256,512) => 6245
   Buffers: shared hit=7510 read=450
 Settings: enable_bitmapscan = 'off', enable_seqscan = 'off', max_parallel_workers_per_gather = '0'
 Planning:
   Buffers: shared hit=81 read=28
 Planning Time: 1.915 ms
 Execution Time: 6.011 ms
(12 rows)

SET
SET
SET
SET
SET
                                             QUERY PLAN                                             
----------------------------------------------------------------------------------------------------
 Index Scan using idx on public.t (actual rows=8192.00 loops=1)
   Output: a, b
   Index Cond: ((t.a >= 31837) AND (t.a <= 35932))
   Index Searches: 1
   Buffers: shared hit=7961
 Settings: enable_bitmapscan = 'off', enable_seqscan = 'off', max_parallel_workers_per_gather = '0'
 Planning:
   Buffers: shared hit=114
 Planning Time: 0.210 ms
 Execution Time: 1.468 ms
(10 rows)

