SET
SET
SET
SET
SET
                                                                QUERY PLAN                                                                
------------------------------------------------------------------------------------------------------------------------------------------
 Index Scan using idx on public.t (actual rows=128.00 loops=1)
   Output: a, b
   Index Cond: ((t.a >= 723) AND (t.a <= 786))
   Index Searches: 1
   Prefetch: distance=105.891 count=110 stalls=3 skipped=5 resets=0 ungets=9 forwarded=1
             histogram [2,4) => 6, [4,8) => 8, [8,16) => 18, [16,32) => 25, [32,64) => 10, [64,128) => 6, [128,256) => 4, [256,512) => 33
   Buffers: shared hit=83 read=47
 Settings: enable_bitmapscan = 'off', enable_seqscan = 'off', max_parallel_workers_per_gather = '0'
 Planning:
   Buffers: shared hit=81 read=28
 Planning Time: 1.362 ms
 Execution Time: 2.351 ms
(12 rows)

SET
SET
SET
SET
SET
                                             QUERY PLAN                                             
----------------------------------------------------------------------------------------------------
 Index Scan using idx on public.t (actual rows=128.00 loops=1)
   Output: a, b
   Index Cond: ((t.a >= 723) AND (t.a <= 786))
   Index Searches: 1
   Buffers: shared hit=130
 Settings: enable_bitmapscan = 'off', enable_seqscan = 'off', max_parallel_workers_per_gather = '0'
 Planning:
   Buffers: shared hit=114
 Planning Time: 0.202 ms
 Execution Time: 0.091 ms
(10 rows)

