SET
SET
SET
SET
SET
                                             QUERY PLAN                                             
----------------------------------------------------------------------------------------------------
 Index Scan using idx on public.t (actual rows=1024.00 loops=1)
   Output: a, b
   Index Cond: ((t.a >= 2268) AND (t.a <= 2779))
   Index Searches: 1
   Prefetch: distance=2.077 count=78 stalls=702 skipped=21 resets=0 ungets=0 forwarded=0
             histogram [2,4) => 76, [4,8) => 2
   Buffers: shared hit=917 read=89
 Settings: enable_bitmapscan = 'off', enable_seqscan = 'off', max_parallel_workers_per_gather = '0'
 Planning:
   Buffers: shared hit=81 read=28
 Planning Time: 1.570 ms
 Execution Time: 3.690 ms
(12 rows)

SET
SET
SET
SET
SET
                                             QUERY PLAN                                             
----------------------------------------------------------------------------------------------------
 Index Scan using idx on public.t (actual rows=1024.00 loops=1)
   Output: a, b
   Index Cond: ((t.a >= 2268) AND (t.a <= 2779))
   Index Searches: 1
   Buffers: shared hit=1006
 Settings: enable_bitmapscan = 'off', enable_seqscan = 'off', max_parallel_workers_per_gather = '0'
 Planning:
   Buffers: shared hit=114
 Planning Time: 0.201 ms
 Execution Time: 0.261 ms
(10 rows)

