SET
SET
SET
SET
SET
                                                                   QUERY PLAN                                                                    
-------------------------------------------------------------------------------------------------------------------------------------------------
 Index Scan using idx on public.t (actual rows=262144.00 loops=1)
   Output: a, b
   Index Cond: ((t.a >= 22138) AND (t.a <= 153209))
   Index Searches: 1
   Prefetch: distance=260.646 count=257627 stalls=1 skipped=8108 resets=0 ungets=3603 forwarded=264
             histogram [2,4) => 6, [4,8) => 4, [8,16) => 9, [16,32) => 10, [32,64) => 17, [64,128) => 9, [128,256) => 62916, [256,512) => 194656
   Buffers: shared hit=241515 read=13237
 Settings: enable_bitmapscan = 'off', enable_seqscan = 'off', max_parallel_workers_per_gather = '0'
 Planning:
   Buffers: shared hit=77 read=28
 Planning Time: 2.156 ms
 Execution Time: 84.523 ms
(12 rows)

SET
SET
SET
SET
SET
                                             QUERY PLAN                                             
----------------------------------------------------------------------------------------------------
 Index Scan using idx on public.t (actual rows=262144.00 loops=1)
   Output: a, b
   Index Cond: ((t.a >= 22138) AND (t.a <= 153209))
   Index Searches: 1
   Buffers: shared hit=254758
 Settings: enable_bitmapscan = 'off', enable_seqscan = 'off', max_parallel_workers_per_gather = '0'
 Planning:
   Buffers: shared hit=110
 Planning Time: 0.200 ms
 Execution Time: 43.486 ms
(10 rows)

