SET
SET
SET
SET
SET
                                                                    QUERY PLAN                                                                     
---------------------------------------------------------------------------------------------------------------------------------------------------
 Index Scan using idx on public.t (actual rows=5048576.00 loops=1)
   Output: a, b
   Index Cond: ((t.a >= 3290) AND (t.a <= 2527577))
   Index Searches: 1
   Prefetch: distance=260.696 count=4963258 stalls=1 skipped=157630 resets=0 ungets=72322 forwarded=5074
             histogram [2,4) => 4, [4,8) => 5, [8,16) => 5, [16,32) => 16, [32,64) => 4, [64,128) => 2, [128,256) => 1215042, [256,512) => 3748180
   Buffers: shared hit=4650358 read=254241
 Settings: enable_bitmapscan = 'off', enable_seqscan = 'off', max_parallel_workers_per_gather = '0'
 Planning:
   Buffers: shared hit=77 read=28
 Planning Time: 2.148 ms
 Execution Time: 1422.757 ms
(12 rows)

SET
SET
SET
SET
SET
                                             QUERY PLAN                                             
----------------------------------------------------------------------------------------------------
 Index Scan using idx on public.t (actual rows=5048576.00 loops=1)
   Output: a, b
   Index Cond: ((t.a >= 3290) AND (t.a <= 2527577))
   Index Searches: 1
   Buffers: shared hit=4904746
 Settings: enable_bitmapscan = 'off', enable_seqscan = 'off', max_parallel_workers_per_gather = '0'
 Planning:
   Buffers: shared hit=110
 Planning Time: 0.225 ms
 Execution Time: 835.927 ms
(10 rows)

