SET
SET
SET
SET
SET
                                             QUERY PLAN                                             
----------------------------------------------------------------------------------------------------
 Index Scan using idx on public.t (actual rows=4096.00 loops=1)
   Output: a, b
   Index Cond: ((t.a >= 21306) AND (t.a <= 23353))
   Index Searches: 1
   Prefetch: distance=2.169 count=384 stalls=3381 skipped=120 resets=0 ungets=0 forwarded=0
             histogram [2,4) => 362, [4,8) => 22
   Buffers: shared hit=3743 read=241
 Settings: enable_bitmapscan = 'off', enable_seqscan = 'off', max_parallel_workers_per_gather = '0'
 Planning:
   Buffers: shared hit=81 read=28
 Planning Time: 2.118 ms
 Execution Time: 5.846 ms
(12 rows)

SET
SET
SET
SET
SET
                                             QUERY PLAN                                             
----------------------------------------------------------------------------------------------------
 Index Scan using idx on public.t (actual rows=4096.00 loops=1)
   Output: a, b
   Index Cond: ((t.a >= 21306) AND (t.a <= 23353))
   Index Searches: 1
   Buffers: shared hit=3984
 Settings: enable_bitmapscan = 'off', enable_seqscan = 'off', max_parallel_workers_per_gather = '0'
 Planning:
   Buffers: shared hit=114
 Planning Time: 0.196 ms
 Execution Time: 0.796 ms
(10 rows)

