SET
SET
SET
SET
SET
                                             QUERY PLAN                                             
----------------------------------------------------------------------------------------------------
 Index Scan using idx on public.t (actual rows=2048.00 loops=1)
   Output: a, b
   Index Cond: ((t.a >= 31786) AND (t.a <= 32809))
   Index Searches: 1
   Prefetch: distance=2.130 count=192 stalls=1676 skipped=67 resets=0 ungets=0 forwarded=0
             histogram [2,4) => 183, [4,8) => 9
   Buffers: shared hit=1849 read=142
 Settings: enable_bitmapscan = 'off', enable_seqscan = 'off', max_parallel_workers_per_gather = '0'
 Planning:
   Buffers: shared hit=81 read=28
 Planning Time: 1.534 ms
 Execution Time: 4.655 ms
(12 rows)

SET
SET
SET
SET
SET
                                             QUERY PLAN                                             
----------------------------------------------------------------------------------------------------
 Index Scan using idx on public.t (actual rows=2048.00 loops=1)
   Output: a, b
   Index Cond: ((t.a >= 31786) AND (t.a <= 32809))
   Index Searches: 1
   Buffers: shared hit=1991
 Settings: enable_bitmapscan = 'off', enable_seqscan = 'off', max_parallel_workers_per_gather = '0'
 Planning:
   Buffers: shared hit=114
 Planning Time: 0.137 ms
 Execution Time: 0.251 ms
(10 rows)

