SET
SET
SET
SET
SET
                                                                     QUERY PLAN                                                                     
----------------------------------------------------------------------------------------------------------------------------------------------------
 Index Scan using idx on public.t (actual rows=5048576.00 loops=1)
   Output: a, b
   Index Cond: ((t.a >= 8778) AND (t.a <= 2533065))
   Index Searches: 1
   Prefetch: distance=260.691 count=4962642 stalls=2 skipped=157617 resets=0 ungets=71698 forwarded=5085
             histogram [2,4) => 2, [4,8) => 4, [8,16) => 8, [16,32) => 10, [32,64) => 14, [64,128) => 2, [128,256) => 1215449, [256,512) => 3747153
   Buffers: shared hit=4650387 read=254242
 Settings: enable_bitmapscan = 'off', enable_seqscan = 'off', max_parallel_workers_per_gather = '0'
 Planning:
   Buffers: shared hit=77 read=28
 Planning Time: 2.148 ms
 Execution Time: 1478.975 ms
(12 rows)

SET
SET
SET
SET
SET
                                             QUERY PLAN                                             
----------------------------------------------------------------------------------------------------
 Index Scan using idx on public.t (actual rows=5048576.00 loops=1)
   Output: a, b
   Index Cond: ((t.a >= 8778) AND (t.a <= 2533065))
   Index Searches: 1
   Buffers: shared hit=4904758
 Settings: enable_bitmapscan = 'off', enable_seqscan = 'off', max_parallel_workers_per_gather = '0'
 Planning:
   Buffers: shared hit=110
 Planning Time: 0.249 ms
 Execution Time: 835.185 ms
(10 rows)

