SET
SET
SET
SET
SET
                                             QUERY PLAN                                             
----------------------------------------------------------------------------------------------------
 Index Scan using idx on public.t (actual rows=2048.00 loops=1)
   Output: a, b
   Index Cond: ((t.a >= 28581) AND (t.a <= 29604))
   Index Searches: 1
   Prefetch: distance=2.193 count=171 stalls=1529 skipped=47 resets=0 ungets=0 forwarded=0
             histogram [2,4) => 160, [4,8) => 11
   Buffers: shared hit=1866 read=140
 Settings: enable_bitmapscan = 'off', enable_seqscan = 'off', max_parallel_workers_per_gather = '0'
 Planning:
   Buffers: shared hit=81 read=28
 Planning Time: 2.153 ms
 Execution Time: 2.974 ms
(12 rows)

SET
SET
SET
SET
SET
                                             QUERY PLAN                                             
----------------------------------------------------------------------------------------------------
 Index Scan using idx on public.t (actual rows=2048.00 loops=1)
   Output: a, b
   Index Cond: ((t.a >= 28581) AND (t.a <= 29604))
   Index Searches: 1
   Buffers: shared hit=2006
 Settings: enable_bitmapscan = 'off', enable_seqscan = 'off', max_parallel_workers_per_gather = '0'
 Planning:
   Buffers: shared hit=114
 Planning Time: 0.143 ms
 Execution Time: 0.271 ms
(10 rows)

