SET
SET
SET
SET
SET
                                                                QUERY PLAN                                                                
------------------------------------------------------------------------------------------------------------------------------------------
 Index Scan Backward using idx on public.t (actual rows=512.00 loops=1)
   Output: a, b
   Index Cond: ((t.a >= 16038) AND (t.a <= 16293))
   Index Searches: 1
   Prefetch: distance=244.624 count=545 stalls=2 skipped=10 resets=0 ungets=56 forwarded=1
             histogram [2,4) => 4, [4,8) => 6, [8,16) => 5, [16,32) => 18, [32,64) => 7, [64,128) => 2, [128,256) => 84, [256,512) => 419
   Buffers: shared hit=449 read=61
 Settings: enable_bitmapscan = 'off', enable_seqscan = 'off', max_parallel_workers_per_gather = '0'
 Planning:
   Buffers: shared hit=85 read=28
 Planning Time: 2.149 ms
 Execution Time: 2.984 ms
(12 rows)

SET
SET
SET
SET
SET
                                             QUERY PLAN                                             
----------------------------------------------------------------------------------------------------
 Index Scan Backward using idx on public.t (actual rows=512.00 loops=1)
   Output: a, b
   Index Cond: ((t.a >= 16038) AND (t.a <= 16293))
   Index Searches: 1
   Buffers: shared hit=510
 Settings: enable_bitmapscan = 'off', enable_seqscan = 'off', max_parallel_workers_per_gather = '0'
 Planning:
   Buffers: shared hit=118
 Planning Time: 0.143 ms
 Execution Time: 0.096 ms
(10 rows)

