SET
SET
SET
SET
SET
                                                                QUERY PLAN                                                                 
-------------------------------------------------------------------------------------------------------------------------------------------
 Index Scan Backward using idx on public.t (actual rows=256.00 loops=1)
   Output: a, b
   Index Cond: ((t.a >= 5375) AND (t.a <= 5502))
   Index Searches: 1
   Prefetch: distance=205.273 count=249 stalls=8 skipped=5 resets=0 ungets=29 forwarded=0
             histogram [2,4) => 2, [4,8) => 6, [8,16) => 9, [16,32) => 18, [32,64) => 17, [64,128) => 13, [128,256) => 3, [256,512) => 181
   Buffers: shared hit=206 read=51
 Settings: enable_bitmapscan = 'off', enable_seqscan = 'off', max_parallel_workers_per_gather = '0'
 Planning:
   Buffers: shared hit=85 read=28
 Planning Time: 1.260 ms
 Execution Time: 2.589 ms
(12 rows)

SET
SET
SET
SET
SET
                                             QUERY PLAN                                             
----------------------------------------------------------------------------------------------------
 Index Scan Backward using idx on public.t (actual rows=256.00 loops=1)
   Output: a, b
   Index Cond: ((t.a >= 5375) AND (t.a <= 5502))
   Index Searches: 1
   Buffers: shared hit=257
 Settings: enable_bitmapscan = 'off', enable_seqscan = 'off', max_parallel_workers_per_gather = '0'
 Planning:
   Buffers: shared hit=118
 Planning Time: 0.202 ms
 Execution Time: 0.112 ms
(10 rows)

