SET
SET
SET
SET
SET
                                                                     QUERY PLAN                                                                     
----------------------------------------------------------------------------------------------------------------------------------------------------
 Index Scan Backward using idx on public.t (actual rows=6048576.00 loops=1)
   Output: a, b
   Index Cond: ((t.a >= 32557) AND (t.a <= 3056844))
   Index Searches: 1
   Prefetch: distance=264.583 count=6552693 stalls=1 skipped=188457 resets=0 ungets=692598 forwarded=4160
             histogram [2,4) => 4, [4,8) => 9, [8,16) => 8, [16,32) => 14, [32,64) => 18, [64,128) => 12, [128,256) => 854406, [256,512) => 5698222
   Buffers: shared hit=5571963 read=304595
 Settings: enable_bitmapscan = 'off', enable_seqscan = 'off', max_parallel_workers_per_gather = '0'
 Planning:
   Buffers: shared hit=81 read=28
 Planning Time: 2.280 ms
 Execution Time: 7466.982 ms
(12 rows)

SET
SET
SET
SET
SET
                                             QUERY PLAN                                             
----------------------------------------------------------------------------------------------------
 Index Scan Backward using idx on public.t (actual rows=6048576.00 loops=1)
   Output: a, b
   Index Cond: ((t.a >= 32557) AND (t.a <= 3056844))
   Index Searches: 1
   Buffers: shared hit=5876652
 Settings: enable_bitmapscan = 'off', enable_seqscan = 'off', max_parallel_workers_per_gather = '0'
 Planning:
   Buffers: shared hit=114
 Planning Time: 0.308 ms
 Execution Time: 1033.953 ms
(10 rows)

