SET
SET
SET
SET
SET
                                             QUERY PLAN                                             
----------------------------------------------------------------------------------------------------
 Index Scan Backward using idx on public.t (actual rows=2048.00 loops=1)
   Output: a, b
   Index Cond: ((t.a >= 8325) AND (t.a <= 9348))
   Index Searches: 1
   Prefetch: distance=2.319 count=238 stalls=1727 skipped=54 resets=0 ungets=0 forwarded=0
             histogram [2,4) => 215, [4,8) => 22, [8,16) => 1
   Buffers: shared hit=1866 read=137
 Settings: enable_bitmapscan = 'off', enable_seqscan = 'off', max_parallel_workers_per_gather = '0'
 Planning:
   Buffers: shared hit=85 read=28
 Planning Time: 1.509 ms
 Execution Time: 10.433 ms
(12 rows)

SET
SET
SET
SET
SET
                                             QUERY PLAN                                             
----------------------------------------------------------------------------------------------------
 Index Scan Backward using idx on public.t (actual rows=2048.00 loops=1)
   Output: a, b
   Index Cond: ((t.a >= 8325) AND (t.a <= 9348))
   Index Searches: 1
   Buffers: shared hit=2003
 Settings: enable_bitmapscan = 'off', enable_seqscan = 'off', max_parallel_workers_per_gather = '0'
 Planning:
   Buffers: shared hit=118
 Planning Time: 0.223 ms
 Execution Time: 0.435 ms
(10 rows)

