SET
SET
SET
SET
SET
                                                                 QUERY PLAN                                                                 
--------------------------------------------------------------------------------------------------------------------------------------------
 Index Scan using idx on public.t (actual rows=1024.00 loops=1)
   Output: a, b
   Index Cond: ((t.a >= '-11261'::integer) AND (t.a <= '-11006'::integer))
   Index Searches: 1
   Prefetch: distance=252.194 count=1005 stalls=2 skipped=17 resets=0 ungets=67 forwarded=3
             histogram [2,4) => 6, [4,8) => 6, [8,16) => 6, [16,32) => 14, [32,64) => 13, [64,128) => 2, [128,256) => 165, [256,512) => 793
   Buffers: shared hit=870 read=144
 Settings: enable_bitmapscan = 'off', enable_seqscan = 'off', max_parallel_workers_per_gather = '0'
 Planning:
   Buffers: shared hit=86 read=26
 Planning Time: 1.890 ms
 Execution Time: 4.340 ms
(12 rows)

SET
SET
SET
SET
SET
                                             QUERY PLAN                                             
----------------------------------------------------------------------------------------------------
 Index Scan using idx on public.t (actual rows=1024.00 loops=1)
   Output: a, b
   Index Cond: ((t.a >= '-11261'::integer) AND (t.a <= '-11006'::integer))
   Index Searches: 1
   Buffers: shared hit=1014
 Settings: enable_bitmapscan = 'off', enable_seqscan = 'off', max_parallel_workers_per_gather = '0'
 Planning:
   Buffers: shared hit=117
 Planning Time: 0.213 ms
 Execution Time: 0.320 ms
(10 rows)

