SET
SET
SET
SET
SET
                                                                 QUERY PLAN                                                                  
---------------------------------------------------------------------------------------------------------------------------------------------
 Index Scan Backward using idx on public.t (actual rows=512.00 loops=1)
   Output: a, b
   Index Cond: ((t.a >= 10745) AND (t.a <= 11000))
   Index Searches: 1
   Prefetch: distance=177.973 count=477 stalls=5 skipped=15 resets=0 ungets=24 forwarded=0
             histogram [2,4) => 14, [4,8) => 6, [8,16) => 8, [16,32) => 19, [32,64) => 40, [64,128) => 86, [128,256) => 89, [256,512) => 215
   Buffers: shared hit=444 read=60
 Settings: enable_bitmapscan = 'off', enable_seqscan = 'off', max_parallel_workers_per_gather = '0'
 Planning:
   Buffers: shared hit=85 read=28
 Planning Time: 1.359 ms
 Execution Time: 3.077 ms
(12 rows)

SET
SET
SET
SET
SET
                                             QUERY PLAN                                             
----------------------------------------------------------------------------------------------------
 Index Scan Backward using idx on public.t (actual rows=512.00 loops=1)
   Output: a, b
   Index Cond: ((t.a >= 10745) AND (t.a <= 11000))
   Index Searches: 1
   Buffers: shared hit=504
 Settings: enable_bitmapscan = 'off', enable_seqscan = 'off', max_parallel_workers_per_gather = '0'
 Planning:
   Buffers: shared hit=118
 Planning Time: 0.297 ms
 Execution Time: 0.123 ms
(10 rows)

