SET
SET
SET
SET
SET
                                                                  QUERY PLAN                                                                   
-----------------------------------------------------------------------------------------------------------------------------------------------
 Index Scan Backward using idx on public.t (actual rows=1024.00 loops=1)
   Output: a, b
   Index Cond: ((t.a >= 26596) AND (t.a <= 27107))
   Index Searches: 1
   Prefetch: distance=215.550 count=1028 stalls=7 skipped=21 resets=0 ungets=77 forwarded=0
             histogram [2,4) => 16, [4,8) => 6, [8,16) => 10, [16,32) => 29, [32,64) => 57, [64,128) => 88, [128,256) => 167, [256,512) => 655
   Buffers: shared hit=923 read=87
 Settings: enable_bitmapscan = 'off', enable_seqscan = 'off', max_parallel_workers_per_gather = '0'
 Planning:
   Buffers: shared hit=85 read=28
 Planning Time: 1.498 ms
 Execution Time: 4.005 ms
(12 rows)

SET
SET
SET
SET
SET
                                             QUERY PLAN                                             
----------------------------------------------------------------------------------------------------
 Index Scan Backward using idx on public.t (actual rows=1024.00 loops=1)
   Output: a, b
   Index Cond: ((t.a >= 26596) AND (t.a <= 27107))
   Index Searches: 1
   Buffers: shared hit=1010
 Settings: enable_bitmapscan = 'off', enable_seqscan = 'off', max_parallel_workers_per_gather = '0'
 Planning:
   Buffers: shared hit=118
 Planning Time: 0.209 ms
 Execution Time: 0.252 ms
(10 rows)

