SET
SET
SET
SET
SET
                                             QUERY PLAN                                             
----------------------------------------------------------------------------------------------------
 Index Scan using idx on public.t (actual rows=4096.00 loops=1)
   Output: a, b
   Index Cond: ((t.a >= '-14807'::integer) AND (t.a <= '-13784'::integer))
   Index Searches: 1
   Prefetch: distance=2.101 count=376 stalls=3359 skipped=50 resets=0 ungets=0 forwarded=0
             histogram [2,4) => 363, [4,8) => 13
   Buffers: shared hit=3763 read=290
 Settings: enable_bitmapscan = 'off', enable_seqscan = 'off', max_parallel_workers_per_gather = '0'
 Planning:
   Buffers: shared hit=86 read=26
 Planning Time: 1.888 ms
 Execution Time: 8.589 ms
(12 rows)

SET
SET
SET
SET
SET
                                             QUERY PLAN                                             
----------------------------------------------------------------------------------------------------
 Index Scan using idx on public.t (actual rows=4096.00 loops=1)
   Output: a, b
   Index Cond: ((t.a >= '-14807'::integer) AND (t.a <= '-13784'::integer))
   Index Searches: 1
   Buffers: shared hit=4053
 Settings: enable_bitmapscan = 'off', enable_seqscan = 'off', max_parallel_workers_per_gather = '0'
 Planning:
   Buffers: shared hit=117
 Planning Time: 0.204 ms
 Execution Time: 0.838 ms
(10 rows)

