SET
SET
SET
SET
SET
                                             QUERY PLAN                                             
----------------------------------------------------------------------------------------------------
 Index Scan Backward using idx on public.t (actual rows=4096.00 loops=1)
   Output: a, b
   Index Cond: ((t.a >= 23161) AND (t.a <= 25208))
   Index Searches: 1
   Prefetch: distance=2.117 count=385 stalls=3336 skipped=102 resets=0 ungets=0 forwarded=0
             histogram [2,4) => 370, [4,8) => 15
   Buffers: shared hit=3750 read=247
 Settings: enable_bitmapscan = 'off', enable_seqscan = 'off', max_parallel_workers_per_gather = '0'
 Planning:
   Buffers: shared hit=85 read=28
 Planning Time: 1.821 ms
 Execution Time: 17.487 ms
(12 rows)

SET
SET
SET
SET
SET
                                             QUERY PLAN                                             
----------------------------------------------------------------------------------------------------
 Index Scan Backward using idx on public.t (actual rows=4096.00 loops=1)
   Output: a, b
   Index Cond: ((t.a >= 23161) AND (t.a <= 25208))
   Index Searches: 1
   Buffers: shared hit=3997
 Settings: enable_bitmapscan = 'off', enable_seqscan = 'off', max_parallel_workers_per_gather = '0'
 Planning:
   Buffers: shared hit=118
 Planning Time: 0.161 ms
 Execution Time: 0.491 ms
(10 rows)

