SET
SET
SET
SET
SET
                                                                 QUERY PLAN                                                                  
---------------------------------------------------------------------------------------------------------------------------------------------
 Index Scan Backward using idx on public.t (actual rows=8192.00 loops=1)
   Output: a, b
   Index Cond: ((t.a >= 20063) AND (t.a <= 24158))
   Index Searches: 1
   Prefetch: distance=263.318 count=8880 stalls=1 skipped=241 resets=0 ungets=933 forwarded=7
             histogram [2,4) => 2, [4,8) => 7, [8,16) => 7, [16,32) => 15, [32,64) => 2, [64,128) => 2, [128,256) => 1253, [256,512) => 7592
   Buffers: shared hit=7525 read=454
 Settings: enable_bitmapscan = 'off', enable_seqscan = 'off', max_parallel_workers_per_gather = '0'
 Planning:
   Buffers: shared hit=85 read=28
 Planning Time: 2.168 ms
 Execution Time: 12.056 ms
(12 rows)

SET
SET
SET
SET
SET
                                             QUERY PLAN                                             
----------------------------------------------------------------------------------------------------
 Index Scan Backward using idx on public.t (actual rows=8192.00 loops=1)
   Output: a, b
   Index Cond: ((t.a >= 20063) AND (t.a <= 24158))
   Index Searches: 1
   Buffers: shared hit=7980
 Settings: enable_bitmapscan = 'off', enable_seqscan = 'off', max_parallel_workers_per_gather = '0'
 Planning:
   Buffers: shared hit=118
 Planning Time: 0.201 ms
 Execution Time: 1.451 ms
(10 rows)

