SET
SET
SET
SET
SET
                                                                     QUERY PLAN                                                                     
----------------------------------------------------------------------------------------------------------------------------------------------------
 Index Scan Backward using idx on public.t (actual rows=2048576.00 loops=1)
   Output: a, b
   Index Cond: ((t.a >= 21756) AND (t.a <= 1046043))
   Index Searches: 1
   Prefetch: distance=264.575 count=2219110 stalls=4 skipped=63923 resets=0 ungets=234490 forwarded=1405
             histogram [2,4) => 4, [4,8) => 8, [8,16) => 8, [16,32) => 15, [32,64) => 20, [64,128) => 10, [128,256) => 289655, [256,512) => 1929390
   Buffers: shared hit=1887039 read=103185
 Settings: enable_bitmapscan = 'off', enable_seqscan = 'off', max_parallel_workers_per_gather = '0'
 Planning:
   Buffers: shared hit=81 read=28
 Planning Time: 2.162 ms
 Execution Time: 2536.678 ms
(12 rows)

SET
SET
SET
SET
SET
                                             QUERY PLAN                                             
----------------------------------------------------------------------------------------------------
 Index Scan Backward using idx on public.t (actual rows=2048576.00 loops=1)
   Output: a, b
   Index Cond: ((t.a >= 21756) AND (t.a <= 1046043))
   Index Searches: 1
   Buffers: shared hit=1990255
 Settings: enable_bitmapscan = 'off', enable_seqscan = 'off', max_parallel_workers_per_gather = '0'
 Planning:
   Buffers: shared hit=114
 Planning Time: 0.252 ms
 Execution Time: 343.993 ms
(10 rows)

