SET
SET
SET
SET
SET
                                                                   QUERY PLAN                                                                    
-------------------------------------------------------------------------------------------------------------------------------------------------
 Index Scan using idx on public.t (actual rows=262144.00 loops=1)
   Output: a, b
   Index Cond: ((t.a >= '-93249'::integer) AND (t.a <= '-27714'::integer))
   Index Searches: 1
   Prefetch: distance=260.962 count=261375 stalls=2 skipped=3949 resets=0 ungets=3217 forwarded=191
             histogram [2,4) => 2, [4,8) => 6, [8,16) => 10, [16,32) => 12, [32,64) => 2, [64,128) => 3, [128,256) => 61152, [256,512) => 200188
   Buffers: shared hit=245617 read=12964
 Settings: enable_bitmapscan = 'off', enable_seqscan = 'off', max_parallel_workers_per_gather = '0'
 Planning:
   Buffers: shared hit=82 read=26
 Planning Time: 1.891 ms
 Execution Time: 105.605 ms
(12 rows)

SET
SET
SET
SET
SET
                                             QUERY PLAN                                             
----------------------------------------------------------------------------------------------------
 Index Scan using idx on public.t (actual rows=262144.00 loops=1)
   Output: a, b
   Index Cond: ((t.a >= '-93249'::integer) AND (t.a <= '-27714'::integer))
   Index Searches: 1
   Buffers: shared hit=258593
 Settings: enable_bitmapscan = 'off', enable_seqscan = 'off', max_parallel_workers_per_gather = '0'
 Planning:
   Buffers: shared hit=113
 Planning Time: 0.189 ms
 Execution Time: 39.901 ms
(10 rows)

