SET
SET
SET
SET
SET
                                             QUERY PLAN                                             
----------------------------------------------------------------------------------------------------
 Index Scan Backward using idx on public.t (actual rows=4096.00 loops=1)
   Output: a, b
   Index Cond: ((t.a >= 6142) AND (t.a <= 8189))
   Index Searches: 1
   Prefetch: distance=2.174 count=386 stalls=3316 skipped=121 resets=0 ungets=0 forwarded=0
             histogram [2,4) => 364, [4,8) => 22
   Buffers: shared hit=3742 read=243
 Settings: enable_bitmapscan = 'off', enable_seqscan = 'off', max_parallel_workers_per_gather = '0'
 Planning:
   Buffers: shared hit=85 read=28
 Planning Time: 2.149 ms
 Execution Time: 17.921 ms
(12 rows)

SET
SET
SET
SET
SET
                                             QUERY PLAN                                             
----------------------------------------------------------------------------------------------------
 Index Scan Backward using idx on public.t (actual rows=4096.00 loops=1)
   Output: a, b
   Index Cond: ((t.a >= 6142) AND (t.a <= 8189))
   Index Searches: 1
   Buffers: shared hit=3985
 Settings: enable_bitmapscan = 'off', enable_seqscan = 'off', max_parallel_workers_per_gather = '0'
 Planning:
   Buffers: shared hit=118
 Planning Time: 0.222 ms
 Execution Time: 0.531 ms
(10 rows)

