SET
SET
SET
SET
SET
                                                                    QUERY PLAN                                                                     
---------------------------------------------------------------------------------------------------------------------------------------------------
 Index Scan using idx on public.t (actual rows=8048576.00 loops=1)
   Output: a, b
   Index Cond: ((t.a >= '-2028336'::integer) AND (t.a <= '-16193'::integer))
   Index Searches: 1
   Prefetch: distance=260.819 count=8010269 stalls=1 skipped=119129 resets=0 ungets=80850 forwarded=5537
             histogram [2,4) => 2, [4,8) => 3, [8,16) => 11, [16,32) => 7, [32,64) => 3, [64,128) => 2, [128,256) => 1913647, [256,512) => 6096594
   Buffers: shared hit=7545933 read=395402
 Settings: enable_bitmapscan = 'off', enable_seqscan = 'off', max_parallel_workers_per_gather = '0'
 Planning:
   Buffers: shared hit=82 read=26
 Planning Time: 1.896 ms
 Execution Time: 2409.277 ms
(12 rows)

SET
SET
SET
SET
SET
                                             QUERY PLAN                                             
----------------------------------------------------------------------------------------------------
 Index Scan using idx on public.t (actual rows=8048576.00 loops=1)
   Output: a, b
   Index Cond: ((t.a >= '-2028336'::integer) AND (t.a <= '-16193'::integer))
   Index Searches: 1
   Buffers: shared hit=7941502
 Settings: enable_bitmapscan = 'off', enable_seqscan = 'off', max_parallel_workers_per_gather = '0'
 Planning:
   Buffers: shared hit=113
 Planning Time: 0.249 ms
 Execution Time: 1277.567 ms
(10 rows)

