SET
SET
SET
SET
SET
                                             QUERY PLAN                                             
----------------------------------------------------------------------------------------------------
 Index Scan using idx on public.t (actual rows=4096.00 loops=1)
   Output: a, b
   Index Cond: ((t.a >= 9999) AND (t.a <= 12046))
   Index Searches: 1
   Prefetch: distance=2.100 count=390 stalls=3433 skipped=140 resets=0 ungets=0 forwarded=0
             histogram [2,4) => 378, [4,8) => 12
   Buffers: shared hit=3724 read=244
 Settings: enable_bitmapscan = 'off', enable_seqscan = 'off', max_parallel_workers_per_gather = '0'
 Planning:
   Buffers: shared hit=81 read=28
 Planning Time: 1.770 ms
 Execution Time: 3.991 ms
(12 rows)

SET
SET
SET
SET
SET
                                             QUERY PLAN                                             
----------------------------------------------------------------------------------------------------
 Index Scan using idx on public.t (actual rows=4096.00 loops=1)
   Output: a, b
   Index Cond: ((t.a >= 9999) AND (t.a <= 12046))
   Index Searches: 1
   Buffers: shared hit=3968
 Settings: enable_bitmapscan = 'off', enable_seqscan = 'off', max_parallel_workers_per_gather = '0'
 Planning:
   Buffers: shared hit=114
 Planning Time: 0.303 ms
 Execution Time: 0.576 ms
(10 rows)

