SET
SET
SET
SET
SET
                                                                  QUERY PLAN                                                                   
-----------------------------------------------------------------------------------------------------------------------------------------------
 Index Scan using idx on public.t (actual rows=8192.00 loops=1)
   Output: a, b
   Index Cond: ((t.a >= 27623) AND (t.a <= 31718))
   Index Searches: 1
   Prefetch: distance=261.372 count=8745 stalls=6 skipped=246 resets=0 ungets=826 forwarded=34
             histogram [2,4) => 2, [4,8) => 10, [8,16) => 9, [16,32) => 17, [32,64) => 24, [64,128) => 2, [128,256) => 1442, [256,512) => 7239
   Buffers: shared hit=7525 read=449
 Settings: enable_bitmapscan = 'off', enable_seqscan = 'off', max_parallel_workers_per_gather = '0'
 Planning:
   Buffers: shared hit=81 read=28
 Planning Time: 2.133 ms
 Execution Time: 5.696 ms
(12 rows)

SET
SET
SET
SET
SET
                                             QUERY PLAN                                             
----------------------------------------------------------------------------------------------------
 Index Scan using idx on public.t (actual rows=8192.00 loops=1)
   Output: a, b
   Index Cond: ((t.a >= 27623) AND (t.a <= 31718))
   Index Searches: 1
   Buffers: shared hit=7975
 Settings: enable_bitmapscan = 'off', enable_seqscan = 'off', max_parallel_workers_per_gather = '0'
 Planning:
   Buffers: shared hit=114
 Planning Time: 0.162 ms
 Execution Time: 0.928 ms
(10 rows)

