SET
SET
SET
SET
SET
                                                                   QUERY PLAN                                                                   
------------------------------------------------------------------------------------------------------------------------------------------------
 Index Scan using idx on public.t (actual rows=4096.00 loops=1)
   Output: a, b
   Index Cond: ((t.a >= 12252) AND (t.a <= 14299))
   Index Searches: 1
   Prefetch: distance=256.098 count=4316 stalls=10 skipped=143 resets=0 ungets=392 forwarded=11
             histogram [2,4) => 22, [4,8) => 6, [8,16) => 17, [16,32) => 21, [32,64) => 28, [64,128) => 35, [128,256) => 677, [256,512) => 3510
   Buffers: shared hit=3727 read=243
 Settings: enable_bitmapscan = 'off', enable_seqscan = 'off', max_parallel_workers_per_gather = '0'
 Planning:
   Buffers: shared hit=81 read=28
 Planning Time: 2.067 ms
 Execution Time: 4.452 ms
(12 rows)

SET
SET
SET
SET
SET
                                             QUERY PLAN                                             
----------------------------------------------------------------------------------------------------
 Index Scan using idx on public.t (actual rows=4096.00 loops=1)
   Output: a, b
   Index Cond: ((t.a >= 12252) AND (t.a <= 14299))
   Index Searches: 1
   Buffers: shared hit=3971
 Settings: enable_bitmapscan = 'off', enable_seqscan = 'off', max_parallel_workers_per_gather = '0'
 Planning:
   Buffers: shared hit=114
 Planning Time: 0.213 ms
 Execution Time: 0.896 ms
(10 rows)

