SET
SET
SET
SET
SET
                                             QUERY PLAN                                             
----------------------------------------------------------------------------------------------------
 Index Scan using idx on public.t (actual rows=2048.00 loops=1)
   Output: a, b
   Index Cond: ((t.a >= 5716) AND (t.a <= 6739))
   Index Searches: 1
   Prefetch: distance=2.138 count=174 stalls=1534 skipped=59 resets=0 ungets=0 forwarded=0
             histogram [2,4) => 166, [4,8) => 8
   Buffers: shared hit=1857 read=138
 Settings: enable_bitmapscan = 'off', enable_seqscan = 'off', max_parallel_workers_per_gather = '0'
 Planning:
   Buffers: shared hit=81 read=28
 Planning Time: 2.177 ms
 Execution Time: 4.017 ms
(12 rows)

SET
SET
SET
SET
SET
                                             QUERY PLAN                                             
----------------------------------------------------------------------------------------------------
 Index Scan using idx on public.t (actual rows=2048.00 loops=1)
   Output: a, b
   Index Cond: ((t.a >= 5716) AND (t.a <= 6739))
   Index Searches: 1
   Buffers: shared hit=1995
 Settings: enable_bitmapscan = 'off', enable_seqscan = 'off', max_parallel_workers_per_gather = '0'
 Planning:
   Buffers: shared hit=114
 Planning Time: 0.158 ms
 Execution Time: 0.274 ms
(10 rows)

