SET
SET
SET
SET
SET
                                                                QUERY PLAN                                                                 
-------------------------------------------------------------------------------------------------------------------------------------------
 Index Scan using idx on public.t (actual rows=1024.00 loops=1)
   Output: a, b
   Index Cond: ((t.a >= 7866) AND (t.a <= 8377))
   Index Searches: 1
   Prefetch: distance=257.627 count=1114 stalls=1 skipped=29 resets=0 ungets=127 forwarded=5
             histogram [2,4) => 4, [4,8) => 4, [8,16) => 5, [16,32) => 18, [32,64) => 2, [64,128) => 2, [128,256) => 107, [256,512) => 972
   Buffers: shared hit=915 read=88
 Settings: enable_bitmapscan = 'off', enable_seqscan = 'off', max_parallel_workers_per_gather = '0'
 Planning:
   Buffers: shared hit=81 read=28
 Planning Time: 2.135 ms
 Execution Time: 2.424 ms
(12 rows)

SET
SET
SET
SET
SET
                                             QUERY PLAN                                             
----------------------------------------------------------------------------------------------------
 Index Scan using idx on public.t (actual rows=1024.00 loops=1)
   Output: a, b
   Index Cond: ((t.a >= 7866) AND (t.a <= 8377))
   Index Searches: 1
   Buffers: shared hit=1003
 Settings: enable_bitmapscan = 'off', enable_seqscan = 'off', max_parallel_workers_per_gather = '0'
 Planning:
   Buffers: shared hit=114
 Planning Time: 0.214 ms
 Execution Time: 0.266 ms
(10 rows)

