SET
SET
SET
SET
SET
                                             QUERY PLAN                                             
----------------------------------------------------------------------------------------------------
 Index Scan using idx on public.t (actual rows=4096.00 loops=1)
   Output: a, b
   Index Cond: ((t.a >= 14287) AND (t.a <= 16334))
   Index Searches: 1
   Prefetch: distance=2.118 count=365 stalls=3294 skipped=96 resets=0 ungets=0 forwarded=0
             histogram [2,4) => 350, [4,8) => 15
   Buffers: shared hit=3762 read=244
 Settings: enable_bitmapscan = 'off', enable_seqscan = 'off', max_parallel_workers_per_gather = '0'
 Planning:
   Buffers: shared hit=81 read=28
 Planning Time: 1.528 ms
 Execution Time: 4.315 ms
(12 rows)

SET
SET
SET
SET
SET
                                             QUERY PLAN                                             
----------------------------------------------------------------------------------------------------
 Index Scan using idx on public.t (actual rows=4096.00 loops=1)
   Output: a, b
   Index Cond: ((t.a >= 14287) AND (t.a <= 16334))
   Index Searches: 1
   Buffers: shared hit=4006
 Settings: enable_bitmapscan = 'off', enable_seqscan = 'off', max_parallel_workers_per_gather = '0'
 Planning:
   Buffers: shared hit=114
 Planning Time: 0.137 ms
 Execution Time: 0.470 ms
(10 rows)

