SET
SET
SET
SET
SET
                                             QUERY PLAN                                             
----------------------------------------------------------------------------------------------------
 Index Scan using idx on public.t (actual rows=2048.00 loops=1)
   Output: a, b
   Index Cond: ((t.a >= 6671) AND (t.a <= 7694))
   Index Searches: 1
   Prefetch: distance=2.096 count=188 stalls=1596 skipped=63 resets=0 ungets=0 forwarded=0
             histogram [2,4) => 182, [4,8) => 6
   Buffers: shared hit=1847 read=143
 Settings: enable_bitmapscan = 'off', enable_seqscan = 'off', max_parallel_workers_per_gather = '0'
 Planning:
   Buffers: shared hit=81 read=28
 Planning Time: 1.488 ms
 Execution Time: 3.830 ms
(12 rows)

SET
SET
SET
SET
SET
                                             QUERY PLAN                                             
----------------------------------------------------------------------------------------------------
 Index Scan using idx on public.t (actual rows=2048.00 loops=1)
   Output: a, b
   Index Cond: ((t.a >= 6671) AND (t.a <= 7694))
   Index Searches: 1
   Buffers: shared hit=1990
 Settings: enable_bitmapscan = 'off', enable_seqscan = 'off', max_parallel_workers_per_gather = '0'
 Planning:
   Buffers: shared hit=114
 Planning Time: 0.219 ms
 Execution Time: 0.479 ms
(10 rows)

