SET
SET
SET
SET
SET
                                                                  QUERY PLAN                                                                   
-----------------------------------------------------------------------------------------------------------------------------------------------
 Index Scan using idx on public.t (actual rows=65536.00 loops=1)
   Output: a, b
   Index Cond: ((t.a >= 1463) AND (t.a <= 34230))
   Index Searches: 1
   Prefetch: distance=263.164 count=70280 stalls=1 skipped=1994 resets=0 ungets=6742 forwarded=217
             histogram [2,4) => 2, [4,8) => 6, [8,16) => 6, [16,32) => 11, [32,64) => 3, [64,128) => 2, [128,256) => 11956, [256,512) => 58294
   Buffers: shared hit=60379 read=3340
 Settings: enable_bitmapscan = 'off', enable_seqscan = 'off', max_parallel_workers_per_gather = '0'
 Planning:
   Buffers: shared hit=81 read=28
 Planning Time: 2.127 ms
 Execution Time: 24.334 ms
(12 rows)

SET
SET
SET
SET
SET
                                             QUERY PLAN                                             
----------------------------------------------------------------------------------------------------
 Index Scan using idx on public.t (actual rows=65536.00 loops=1)
   Output: a, b
   Index Cond: ((t.a >= 1463) AND (t.a <= 34230))
   Index Searches: 1
   Buffers: shared hit=63728
 Settings: enable_bitmapscan = 'off', enable_seqscan = 'off', max_parallel_workers_per_gather = '0'
 Planning:
   Buffers: shared hit=114
 Planning Time: 0.216 ms
 Execution Time: 11.043 ms
(10 rows)

