SET
SET
SET
SET
SET
                                                                     QUERY PLAN                                                                     
----------------------------------------------------------------------------------------------------------------------------------------------------
 Index Scan Backward using idx on public.t (actual rows=4048576.00 loops=1)
   Output: a, b
   Index Cond: ((t.a >= 24459) AND (t.a <= 1036602))
   Index Searches: 1
   Prefetch: distance=263.969 count=4384978 stalls=4 skipped=60143 resets=0 ungets=396680 forwarded=9
             histogram [2,4) => 2, [4,8) => 6, [8,16) => 9, [16,32) => 11, [32,64) => 28, [64,128) => 26, [128,256) => 649390, [256,512) => 3735506
   Buffers: shared hit=3795553 read=198943
 Settings: enable_bitmapscan = 'off', enable_seqscan = 'off', max_parallel_workers_per_gather = '0'
 Planning:
   Buffers: shared hit=82 read=27
 Planning Time: 2.152 ms
 Execution Time: 4457.834 ms
(12 rows)

SET
SET
SET
SET
SET
                                             QUERY PLAN                                             
----------------------------------------------------------------------------------------------------
 Index Scan Backward using idx on public.t (actual rows=4048576.00 loops=1)
   Output: a, b
   Index Cond: ((t.a >= 24459) AND (t.a <= 1036602))
   Index Searches: 1
   Buffers: shared hit=3994497
 Settings: enable_bitmapscan = 'off', enable_seqscan = 'off', max_parallel_workers_per_gather = '0'
 Planning:
   Buffers: shared hit=114
 Planning Time: 0.243 ms
 Execution Time: 646.039 ms
(10 rows)

