SET
SET
SET
SET
SET
                                                                  QUERY PLAN                                                                   
-----------------------------------------------------------------------------------------------------------------------------------------------
 Index Scan using idx on public.t (actual rows=8192.00 loops=1)
   Output: a, b
   Index Cond: ((t.a >= 20676) AND (t.a <= 24771))
   Index Searches: 1
   Prefetch: distance=261.891 count=8784 stalls=1 skipped=240 resets=0 ungets=840 forwarded=24
             histogram [2,4) => 2, [4,8) => 6, [8,16) => 10, [16,32) => 12, [32,64) => 12, [64,128) => 3, [128,256) => 1525, [256,512) => 7214
   Buffers: shared hit=7528 read=452
 Settings: enable_bitmapscan = 'off', enable_seqscan = 'off', max_parallel_workers_per_gather = '0'
 Planning:
   Buffers: shared hit=81 read=28
 Planning Time: 2.136 ms
 Execution Time: 5.100 ms
(12 rows)

SET
SET
SET
SET
SET
                                             QUERY PLAN                                             
----------------------------------------------------------------------------------------------------
 Index Scan using idx on public.t (actual rows=8192.00 loops=1)
   Output: a, b
   Index Cond: ((t.a >= 20676) AND (t.a <= 24771))
   Index Searches: 1
   Buffers: shared hit=7981
 Settings: enable_bitmapscan = 'off', enable_seqscan = 'off', max_parallel_workers_per_gather = '0'
 Planning:
   Buffers: shared hit=114
 Planning Time: 0.219 ms
 Execution Time: 1.547 ms
(10 rows)

