SET
SET
SET
SET
SET
                                                                 QUERY PLAN                                                                 
--------------------------------------------------------------------------------------------------------------------------------------------
 Index Scan using idx on public.t (actual rows=256.00 loops=1)
   Output: a, b
   Index Cond: ((t.a >= 23594) AND (t.a <= 23721))
   Index Searches: 1
   Prefetch: distance=165.966 count=238 stalls=1 skipped=6 resets=0 ungets=16 forwarded=3
             histogram [2,4) => 4, [4,8) => 11, [8,16) => 9, [16,32) => 11, [32,64) => 28, [64,128) => 40, [128,256) => 38, [256,512) => 97
   Buffers: shared hit=204 read=51
 Settings: enable_bitmapscan = 'off', enable_seqscan = 'off', max_parallel_workers_per_gather = '0'
 Planning:
   Buffers: shared hit=81 read=28
 Planning Time: 1.577 ms
 Execution Time: 2.459 ms
(12 rows)

SET
SET
SET
SET
SET
                                             QUERY PLAN                                             
----------------------------------------------------------------------------------------------------
 Index Scan using idx on public.t (actual rows=256.00 loops=1)
   Output: a, b
   Index Cond: ((t.a >= 23594) AND (t.a <= 23721))
   Index Searches: 1
   Buffers: shared hit=255
 Settings: enable_bitmapscan = 'off', enable_seqscan = 'off', max_parallel_workers_per_gather = '0'
 Planning:
   Buffers: shared hit=114
 Planning Time: 0.206 ms
 Execution Time: 0.120 ms
(10 rows)

