SET
SET
SET
SET
SET
                                                                      QUERY PLAN                                                                      
------------------------------------------------------------------------------------------------------------------------------------------------------
 Index Scan Backward using idx on public.t (actual rows=5048576.00 loops=1)
   Output: a, b
   Index Cond: ((t.a >= 23615) AND (t.a <= 1285758))
   Index Searches: 1
   Prefetch: distance=263.957 count=5468181 stalls=16 skipped=74867 resets=0 ungets=494587 forwarded=11
             histogram [2,4) => 20, [4,8) => 7, [8,16) => 11, [16,32) => 18, [32,64) => 26, [64,128) => 15, [128,256) => 810406, [256,512) => 4657678
   Buffers: shared hit=4733213 read=248059
 Settings: enable_bitmapscan = 'off', enable_seqscan = 'off', max_parallel_workers_per_gather = '0'
 Planning:
   Buffers: shared hit=82 read=27
 Planning Time: 2.064 ms
 Execution Time: 5567.144 ms
(12 rows)

SET
SET
SET
SET
SET
                                             QUERY PLAN                                             
----------------------------------------------------------------------------------------------------
 Index Scan Backward using idx on public.t (actual rows=5048576.00 loops=1)
   Output: a, b
   Index Cond: ((t.a >= 23615) AND (t.a <= 1285758))
   Index Searches: 1
   Buffers: shared hit=4981272
 Settings: enable_bitmapscan = 'off', enable_seqscan = 'off', max_parallel_workers_per_gather = '0'
 Planning:
   Buffers: shared hit=114
 Planning Time: 0.226 ms
 Execution Time: 801.990 ms
(10 rows)

