SET
SET
SET
SET
SET
                                                                QUERY PLAN                                                                 
-------------------------------------------------------------------------------------------------------------------------------------------
 Index Scan Backward using idx on public.t (actual rows=512.00 loops=1)
   Output: a, b
   Index Cond: ((t.a >= 10916) AND (t.a <= 11171))
   Index Searches: 1
   Prefetch: distance=245.600 count=550 stalls=2 skipped=19 resets=0 ungets=74 forwarded=0
             histogram [2,4) => 6, [4,8) => 6, [8,16) => 7, [16,32) => 16, [32,64) => 11, [64,128) => 3, [128,256) => 19, [256,512) => 482
   Buffers: shared hit=435 read=65
 Settings: enable_bitmapscan = 'off', enable_seqscan = 'off', max_parallel_workers_per_gather = '0'
 Planning:
   Buffers: shared hit=85 read=28
 Planning Time: 1.407 ms
 Execution Time: 2.149 ms
(12 rows)

SET
SET
SET
SET
SET
                                             QUERY PLAN                                             
----------------------------------------------------------------------------------------------------
 Index Scan Backward using idx on public.t (actual rows=512.00 loops=1)
   Output: a, b
   Index Cond: ((t.a >= 10916) AND (t.a <= 11171))
   Index Searches: 1
   Buffers: shared hit=500
 Settings: enable_bitmapscan = 'off', enable_seqscan = 'off', max_parallel_workers_per_gather = '0'
 Planning:
   Buffers: shared hit=118
 Planning Time: 0.211 ms
 Execution Time: 0.174 ms
(10 rows)

