SET
SET
SET
SET
SET
                                                                    QUERY PLAN                                                                     
---------------------------------------------------------------------------------------------------------------------------------------------------
 Index Scan Backward using idx on public.t (actual rows=6048576.00 loops=1)
   Output: a, b
   Index Cond: ((t.a >= 19740) AND (t.a <= 3044027))
   Index Searches: 1
   Prefetch: distance=265.038 count=6579388 stalls=4 skipped=188446 resets=0 ungets=719271 forwarded=4380
             histogram [2,4) => 8, [4,8) => 5, [8,16) => 11, [16,32) => 9, [32,64) => 20, [64,128) => 2, [128,256) => 768968, [256,512) => 5810365
   Buffers: shared hit=5571965 read=304591
 Settings: enable_bitmapscan = 'off', enable_seqscan = 'off', max_parallel_workers_per_gather = '0'
 Planning:
   Buffers: shared hit=81 read=28
 Planning Time: 2.124 ms
 Execution Time: 7647.841 ms
(12 rows)

SET
SET
SET
SET
SET
                                             QUERY PLAN                                             
----------------------------------------------------------------------------------------------------
 Index Scan Backward using idx on public.t (actual rows=6048576.00 loops=1)
   Output: a, b
   Index Cond: ((t.a >= 19740) AND (t.a <= 3044027))
   Index Searches: 1
   Buffers: shared hit=5876662
 Settings: enable_bitmapscan = 'off', enable_seqscan = 'off', max_parallel_workers_per_gather = '0'
 Planning:
   Buffers: shared hit=114
 Planning Time: 0.316 ms
 Execution Time: 1034.647 ms
(10 rows)

