SET
SET
SET
SET
SET
                                                                QUERY PLAN                                                                 
-------------------------------------------------------------------------------------------------------------------------------------------
 Index Scan Backward using idx on public.t (actual rows=128.00 loops=1)
   Output: a, b
   Index Cond: ((t.a >= 16601) AND (t.a <= 16664))
   Index Searches: 1
   Prefetch: distance=58.680 count=103 stalls=3 skipped=5 resets=0 ungets=4 forwarded=1
             histogram [2,4) => 8, [4,8) => 16, [8,16) => 10, [16,32) => 23, [32,64) => 29, [64,128) => 2, [128,256) => 4, [256,512) => 11
   Buffers: shared hit=84 read=45
 Settings: enable_bitmapscan = 'off', enable_seqscan = 'off', max_parallel_workers_per_gather = '0'
 Planning:
   Buffers: shared hit=85 read=28
 Planning Time: 1.367 ms
 Execution Time: 2.571 ms
(12 rows)

SET
SET
SET
SET
SET
                                             QUERY PLAN                                             
----------------------------------------------------------------------------------------------------
 Index Scan Backward using idx on public.t (actual rows=128.00 loops=1)
   Output: a, b
   Index Cond: ((t.a >= 16601) AND (t.a <= 16664))
   Index Searches: 1
   Buffers: shared hit=129
 Settings: enable_bitmapscan = 'off', enable_seqscan = 'off', max_parallel_workers_per_gather = '0'
 Planning:
   Buffers: shared hit=118
 Planning Time: 0.206 ms
 Execution Time: 0.094 ms
(10 rows)

