SET
SET
SET
SET
SET
                                                                QUERY PLAN                                                                 
-------------------------------------------------------------------------------------------------------------------------------------------
 Index Scan Backward using idx on public.t (actual rows=256.00 loops=1)
   Output: a, b
   Index Cond: ((t.a >= 6286) AND (t.a <= 6413))
   Index Searches: 1
   Prefetch: distance=228.801 count=267 stalls=2 skipped=6 resets=0 ungets=34 forwarded=1
             histogram [2,4) => 6, [4,8) => 5, [8,16) => 5, [16,32) => 11, [32,64) => 10, [64,128) => 6, [128,256) => 13, [256,512) => 211
   Buffers: shared hit=206 read=49
 Settings: enable_bitmapscan = 'off', enable_seqscan = 'off', max_parallel_workers_per_gather = '0'
 Planning:
   Buffers: shared hit=85 read=28
 Planning Time: 1.294 ms
 Execution Time: 2.049 ms
(12 rows)

SET
SET
SET
SET
SET
                                             QUERY PLAN                                             
----------------------------------------------------------------------------------------------------
 Index Scan Backward using idx on public.t (actual rows=256.00 loops=1)
   Output: a, b
   Index Cond: ((t.a >= 6286) AND (t.a <= 6413))
   Index Searches: 1
   Buffers: shared hit=255
 Settings: enable_bitmapscan = 'off', enable_seqscan = 'off', max_parallel_workers_per_gather = '0'
 Planning:
   Buffers: shared hit=118
 Planning Time: 0.196 ms
 Execution Time: 0.123 ms
(10 rows)

