SET
SET
SET
SET
SET
                                             QUERY PLAN                                             
----------------------------------------------------------------------------------------------------
 Index Scan Backward using idx on public.t (actual rows=512.00 loops=1)
   Output: a, b
   Index Cond: ((t.a >= 18985) AND (t.a <= 19240))
   Index Searches: 1
   Prefetch: distance=2.197 count=76 stalls=375 skipped=12 resets=0 ungets=0 forwarded=0
             histogram [2,4) => 71, [4,8) => 5
   Buffers: shared hit=444 read=64
 Settings: enable_bitmapscan = 'off', enable_seqscan = 'off', max_parallel_workers_per_gather = '0'
 Planning:
   Buffers: shared hit=85 read=28
 Planning Time: 1.282 ms
 Execution Time: 4.494 ms
(12 rows)

SET
SET
SET
SET
SET
                                             QUERY PLAN                                             
----------------------------------------------------------------------------------------------------
 Index Scan Backward using idx on public.t (actual rows=512.00 loops=1)
   Output: a, b
   Index Cond: ((t.a >= 18985) AND (t.a <= 19240))
   Index Searches: 1
   Buffers: shared hit=508
 Settings: enable_bitmapscan = 'off', enable_seqscan = 'off', max_parallel_workers_per_gather = '0'
 Planning:
   Buffers: shared hit=118
 Planning Time: 0.219 ms
 Execution Time: 0.182 ms
(10 rows)

