SET
SET
SET
SET
SET
                                                                  QUERY PLAN                                                                  
----------------------------------------------------------------------------------------------------------------------------------------------
 Index Scan Backward using idx on public.t (actual rows=4096.00 loops=1)
   Output: a, b
   Index Cond: ((t.a >= 23951) AND (t.a <= 25998))
   Index Searches: 1
   Prefetch: distance=262.560 count=4430 stalls=4 skipped=121 resets=0 ungets=482 forwarded=1
             histogram [2,4) => 8, [4,8) => 8, [8,16) => 11, [16,32) => 10, [32,64) => 15, [64,128) => 3, [128,256) => 440, [256,512) => 3935
   Buffers: shared hit=3749 read=243
 Settings: enable_bitmapscan = 'off', enable_seqscan = 'off', max_parallel_workers_per_gather = '0'
 Planning:
   Buffers: shared hit=85 read=28
 Planning Time: 1.559 ms
 Execution Time: 7.208 ms
(12 rows)

SET
SET
SET
SET
SET
                                             QUERY PLAN                                             
----------------------------------------------------------------------------------------------------
 Index Scan Backward using idx on public.t (actual rows=4096.00 loops=1)
   Output: a, b
   Index Cond: ((t.a >= 23951) AND (t.a <= 25998))
   Index Searches: 1
   Buffers: shared hit=3992
 Settings: enable_bitmapscan = 'off', enable_seqscan = 'off', max_parallel_workers_per_gather = '0'
 Planning:
   Buffers: shared hit=118
 Planning Time: 0.181 ms
 Execution Time: 0.578 ms
(10 rows)

