SET
SET
SET
SET
SET
                                             QUERY PLAN                                             
----------------------------------------------------------------------------------------------------
 Index Scan Backward using idx on public.t (actual rows=1024.00 loops=1)
   Output: a, b
   Index Cond: ((t.a >= 18392) AND (t.a <= 18903))
   Index Searches: 1
   Prefetch: distance=2.165 count=91 stalls=800 skipped=26 resets=0 ungets=0 forwarded=0
             histogram [2,4) => 86, [4,8) => 5
   Buffers: shared hit=920 read=87
 Settings: enable_bitmapscan = 'off', enable_seqscan = 'off', max_parallel_workers_per_gather = '0'
 Planning:
   Buffers: shared hit=85 read=28
 Planning Time: 1.355 ms
 Execution Time: 5.912 ms
(12 rows)

SET
SET
SET
SET
SET
                                             QUERY PLAN                                             
----------------------------------------------------------------------------------------------------
 Index Scan Backward using idx on public.t (actual rows=1024.00 loops=1)
   Output: a, b
   Index Cond: ((t.a >= 18392) AND (t.a <= 18903))
   Index Searches: 1
   Buffers: shared hit=1007
 Settings: enable_bitmapscan = 'off', enable_seqscan = 'off', max_parallel_workers_per_gather = '0'
 Planning:
   Buffers: shared hit=118
 Planning Time: 0.234 ms
 Execution Time: 0.222 ms
(10 rows)

