SET
SET
SET
SET
SET
                                                                  QUERY PLAN                                                                   
-----------------------------------------------------------------------------------------------------------------------------------------------
 Index Scan using idx on public.t (actual rows=2048.00 loops=1)
   Output: a, b
   Index Cond: ((t.a >= '-3157'::integer) AND (t.a <= '-2646'::integer))
   Index Searches: 1
   Prefetch: distance=250.998 count=1958 stalls=6 skipped=26 resets=0 ungets=49 forwarded=0
             histogram [2,4) => 6, [4,8) => 6, [8,16) => 11, [16,32) => 16, [32,64) => 41, [64,128) => 14, [128,256) => 383, [256,512) => 1481
   Buffers: shared hit=1841 read=190
 Settings: enable_bitmapscan = 'off', enable_seqscan = 'off', max_parallel_workers_per_gather = '0'
 Planning:
   Buffers: shared hit=86 read=26
 Planning Time: 1.911 ms
 Execution Time: 5.725 ms
(12 rows)

SET
SET
SET
SET
SET
                                             QUERY PLAN                                             
----------------------------------------------------------------------------------------------------
 Index Scan using idx on public.t (actual rows=2048.00 loops=1)
   Output: a, b
   Index Cond: ((t.a >= '-3157'::integer) AND (t.a <= '-2646'::integer))
   Index Searches: 1
   Buffers: shared hit=2031
 Settings: enable_bitmapscan = 'off', enable_seqscan = 'off', max_parallel_workers_per_gather = '0'
 Planning:
   Buffers: shared hit=117
 Planning Time: 0.191 ms
 Execution Time: 0.450 ms
(10 rows)

