SET
SET
SET
SET
SET
                                                                  QUERY PLAN                                                                   
-----------------------------------------------------------------------------------------------------------------------------------------------
 Index Scan Backward using idx on public.t (actual rows=524288.00 loops=1)
   Output: a, b
   Index Cond: ((t.a >= 8152) AND (t.a <= 270295))
   Index Searches: 1
   Prefetch: distance=264.978 count=570191 stalls=1 skipped=16247 resets=0 ungets=62158 forwarded=373
             histogram [2,4) => 4, [4,8) => 5, [8,16) => 7, [16,32) => 9, [32,64) => 4, [64,128) => 2, [128,256) => 67390, [256,512) => 502770
   Buffers: shared hit=483031 read=26436
 Settings: enable_bitmapscan = 'off', enable_seqscan = 'off', max_parallel_workers_per_gather = '0'
 Planning:
   Buffers: shared hit=81 read=28
 Planning Time: 2.157 ms
 Execution Time: 667.359 ms
(12 rows)

SET
SET
SET
SET
SET
                                             QUERY PLAN                                             
----------------------------------------------------------------------------------------------------
 Index Scan Backward using idx on public.t (actual rows=524288.00 loops=1)
   Output: a, b
   Index Cond: ((t.a >= 8152) AND (t.a <= 270295))
   Index Searches: 1
   Buffers: shared hit=509480
 Settings: enable_bitmapscan = 'off', enable_seqscan = 'off', max_parallel_workers_per_gather = '0'
 Planning:
   Buffers: shared hit=114
 Planning Time: 0.202 ms
 Execution Time: 91.064 ms
(10 rows)

