SET
SET
SET
SET
SET
                                                                    QUERY PLAN                                                                     
---------------------------------------------------------------------------------------------------------------------------------------------------
 Index Scan Backward using idx on public.t (actual rows=262144.00 loops=1)
   Output: a, b
   Index Cond: ((t.a >= 8023) AND (t.a <= 139094))
   Index Searches: 1
   Prefetch: distance=264.940 count=285035 stalls=2 skipped=8099 resets=0 ungets=31019 forwarded=171
             histogram [2,4) => 4, [4,8) => 6, [8,16) => 13, [16,32) => 21, [32,64) => 17, [64,128) => 12, [128,256) => 33592, [256,512) => 251370
   Buffers: shared hit=241524 read=13237
 Settings: enable_bitmapscan = 'off', enable_seqscan = 'off', max_parallel_workers_per_gather = '0'
 Planning:
   Buffers: shared hit=81 read=28
 Planning Time: 2.186 ms
 Execution Time: 333.260 ms
(12 rows)

SET
SET
SET
SET
SET
                                             QUERY PLAN                                             
----------------------------------------------------------------------------------------------------
 Index Scan Backward using idx on public.t (actual rows=262144.00 loops=1)
   Output: a, b
   Index Cond: ((t.a >= 8023) AND (t.a <= 139094))
   Index Searches: 1
   Buffers: shared hit=254768
 Settings: enable_bitmapscan = 'off', enable_seqscan = 'off', max_parallel_workers_per_gather = '0'
 Planning:
   Buffers: shared hit=114
 Planning Time: 0.190 ms
 Execution Time: 43.944 ms
(10 rows)

