SET
SET
SET
SET
SET
                                                                    QUERY PLAN                                                                     
---------------------------------------------------------------------------------------------------------------------------------------------------
 Index Scan Backward using idx on public.t (actual rows=8048576.00 loops=1)
   Output: a, b
   Index Cond: ((t.a >= 20565) AND (t.a <= 4044852))
   Index Searches: 1
   Prefetch: distance=265.026 count=8754848 stalls=1 skipped=250525 resets=0 ungets=956803 forwarded=5842
             histogram [2,4) => 4, [4,8) => 7, [8,16) => 10, [16,32) => 8, [32,64) => 7, [64,128) => 2, [128,256) => 1025297, [256,512) => 7729513
   Buffers: shared hit=7414600 read=405291
 Settings: enable_bitmapscan = 'off', enable_seqscan = 'off', max_parallel_workers_per_gather = '0'
 Planning:
   Buffers: shared hit=81 read=28
 Planning Time: 2.129 ms
 Execution Time: 10151.269 ms
(12 rows)

SET
SET
SET
SET
SET
                                             QUERY PLAN                                             
----------------------------------------------------------------------------------------------------
 Index Scan Backward using idx on public.t (actual rows=8048576.00 loops=1)
   Output: a, b
   Index Cond: ((t.a >= 20565) AND (t.a <= 4044852))
   Index Searches: 1
   Buffers: shared hit=7820048
 Settings: enable_bitmapscan = 'off', enable_seqscan = 'off', max_parallel_workers_per_gather = '0'
 Planning:
   Buffers: shared hit=114
 Planning Time: 0.283 ms
 Execution Time: 1365.187 ms
(10 rows)

