SET
SET
SET
SET
SET
                                                                     QUERY PLAN                                                                     
----------------------------------------------------------------------------------------------------------------------------------------------------
 Index Scan Backward using idx on public.t (actual rows=4048576.00 loops=1)
   Output: a, b
   Index Cond: ((t.a >= 26613) AND (t.a <= 2050900))
   Index Searches: 1
   Prefetch: distance=265.038 count=4403487 stalls=1 skipped=126333 resets=0 ungets=481282 forwarded=2923
             histogram [2,4) => 2, [4,8) => 9, [8,16) => 9, [16,32) => 19, [32,64) => 27, [64,128) => 50, [128,256) => 513483, [256,512) => 3889888
   Buffers: shared hit=3729335 read=203890
 Settings: enable_bitmapscan = 'off', enable_seqscan = 'off', max_parallel_workers_per_gather = '0'
 Planning:
   Buffers: shared hit=81 read=28
 Planning Time: 2.132 ms
 Execution Time: 5116.126 ms
(12 rows)

SET
SET
SET
SET
SET
                                             QUERY PLAN                                             
----------------------------------------------------------------------------------------------------
 Index Scan Backward using idx on public.t (actual rows=4048576.00 loops=1)
   Output: a, b
   Index Cond: ((t.a >= 26613) AND (t.a <= 2050900))
   Index Searches: 1
   Buffers: shared hit=3933311
 Settings: enable_bitmapscan = 'off', enable_seqscan = 'off', max_parallel_workers_per_gather = '0'
 Planning:
   Buffers: shared hit=114
 Planning Time: 0.324 ms
 Execution Time: 688.250 ms
(10 rows)

