SET
SET
SET
SET
SET
                                                                     QUERY PLAN                                                                      
-----------------------------------------------------------------------------------------------------------------------------------------------------
 Index Scan using idx on public.t (actual rows=3048576.00 loops=1)
   Output: a, b
   Index Cond: ((t.a >= '-771139'::integer) AND (t.a <= '-8996'::integer))
   Index Searches: 1
   Prefetch: distance=260.856 count=3036432 stalls=1 skipped=44897 resets=0 ungets=32845 forwarded=2104
             histogram [2,4) => 2, [4,8) => 8, [8,16) => 15, [16,32) => 20, [32,64) => 21, [64,128) => 18, [128,256) => 720837, [256,512) => 2315511
   Buffers: shared hit=2858363 read=149824
 Settings: enable_bitmapscan = 'off', enable_seqscan = 'off', max_parallel_workers_per_gather = '0'
 Planning:
   Buffers: shared hit=82 read=26
 Planning Time: 1.888 ms
 Execution Time: 915.018 ms
(12 rows)

SET
SET
SET
SET
SET
                                             QUERY PLAN                                             
----------------------------------------------------------------------------------------------------
 Index Scan using idx on public.t (actual rows=3048576.00 loops=1)
   Output: a, b
   Index Cond: ((t.a >= '-771139'::integer) AND (t.a <= '-8996'::integer))
   Index Searches: 1
   Buffers: shared hit=3008247
 Settings: enable_bitmapscan = 'off', enable_seqscan = 'off', max_parallel_workers_per_gather = '0'
 Planning:
   Buffers: shared hit=113
 Planning Time: 0.245 ms
 Execution Time: 478.533 ms
(10 rows)

