SET
SET
SET
SET
SET
                                             QUERY PLAN                                             
----------------------------------------------------------------------------------------------------
 Index Scan Backward using idx on public.t (actual rows=2048.00 loops=1)
   Output: a, b
   Index Cond: ((t.a >= 31291) AND (t.a <= 32314))
   Index Searches: 1
   Prefetch: distance=2.097 count=186 stalls=1582 skipped=69 resets=0 ungets=0 forwarded=0
             histogram [2,4) => 180, [4,8) => 6
   Buffers: shared hit=1846 read=140
 Settings: enable_bitmapscan = 'off', enable_seqscan = 'off', max_parallel_workers_per_gather = '0'
 Planning:
   Buffers: shared hit=85 read=28
 Planning Time: 1.497 ms
 Execution Time: 10.511 ms
(12 rows)

SET
SET
SET
SET
SET
                                             QUERY PLAN                                             
----------------------------------------------------------------------------------------------------
 Index Scan Backward using idx on public.t (actual rows=2048.00 loops=1)
   Output: a, b
   Index Cond: ((t.a >= 31291) AND (t.a <= 32314))
   Index Searches: 1
   Buffers: shared hit=1986
 Settings: enable_bitmapscan = 'off', enable_seqscan = 'off', max_parallel_workers_per_gather = '0'
 Planning:
   Buffers: shared hit=118
 Planning Time: 0.217 ms
 Execution Time: 0.453 ms
(10 rows)

