SET
SET
SET
SET
SET
                                                                  QUERY PLAN                                                                   
-----------------------------------------------------------------------------------------------------------------------------------------------
 Index Scan Backward using idx on public.t (actual rows=4096.00 loops=1)
   Output: a, b
   Index Cond: ((t.a >= 250) AND (t.a <= 2297))
   Index Searches: 1
   Prefetch: distance=257.048 count=4074 stalls=1 skipped=121 resets=0 ungets=115 forwarded=0
             histogram [2,4) => 4, [4,8) => 6, [8,16) => 11, [16,32) => 13, [32,64) => 22, [64,128) => 25, [128,256) => 879, [256,512) => 3114
   Buffers: shared hit=3750 read=243
 Settings: enable_bitmapscan = 'off', enable_seqscan = 'off', max_parallel_workers_per_gather = '0'
 Planning:
   Buffers: shared hit=82 read=26
 Planning Time: 2.090 ms
 Execution Time: 4.835 ms
(12 rows)

SET
SET
SET
SET
SET
                                             QUERY PLAN                                             
----------------------------------------------------------------------------------------------------
 Index Scan Backward using idx on public.t (actual rows=4096.00 loops=1)
   Output: a, b
   Index Cond: ((t.a >= 250) AND (t.a <= 2297))
   Index Searches: 1
   Buffers: shared hit=3993
 Settings: enable_bitmapscan = 'off', enable_seqscan = 'off', max_parallel_workers_per_gather = '0'
 Planning:
   Buffers: shared hit=113
 Planning Time: 0.200 ms
 Execution Time: 0.903 ms
(10 rows)

