SET
SET
SET
SET
SET
                                             QUERY PLAN                                             
----------------------------------------------------------------------------------------------------
 Index Scan Backward using idx on public.t (actual rows=2048.00 loops=1)
   Output: a, b
   Index Cond: ((t.a >= 12674) AND (t.a <= 13697))
   Index Searches: 1
   Prefetch: distance=2.153 count=215 stalls=1719 skipped=59 resets=0 ungets=0 forwarded=1
             histogram [2,4) => 204, [4,8) => 11
   Buffers: shared hit=1857 read=139
 Settings: enable_bitmapscan = 'off', enable_seqscan = 'off', max_parallel_workers_per_gather = '0'
 Planning:
   Buffers: shared hit=82 read=26
 Planning Time: 1.501 ms
 Execution Time: 4.595 ms
(12 rows)

SET
SET
SET
SET
SET
                                             QUERY PLAN                                             
----------------------------------------------------------------------------------------------------
 Index Scan Backward using idx on public.t (actual rows=2048.00 loops=1)
   Output: a, b
   Index Cond: ((t.a >= 12674) AND (t.a <= 13697))
   Index Searches: 1
   Buffers: shared hit=1996
 Settings: enable_bitmapscan = 'off', enable_seqscan = 'off', max_parallel_workers_per_gather = '0'
 Planning:
   Buffers: shared hit=113
 Planning Time: 0.219 ms
 Execution Time: 0.431 ms
(10 rows)

