SET
SET
SET
SET
SET
                                             QUERY PLAN                                             
----------------------------------------------------------------------------------------------------
 Index Scan Backward using idx on public.t (actual rows=4096.00 loops=1)
   Output: a, b
   Index Cond: ((t.a >= 26194) AND (t.a <= 28241))
   Index Searches: 1
   Prefetch: distance=2.236 count=423 stalls=3447 skipped=127 resets=0 ungets=0 forwarded=2
             histogram [2,4) => 390, [4,8) => 33
   Buffers: shared hit=3738 read=246
 Settings: enable_bitmapscan = 'off', enable_seqscan = 'off', max_parallel_workers_per_gather = '0'
 Planning:
   Buffers: shared hit=82 read=26
 Planning Time: 2.100 ms
 Execution Time: 7.503 ms
(12 rows)

SET
SET
SET
SET
SET
                                             QUERY PLAN                                             
----------------------------------------------------------------------------------------------------
 Index Scan Backward using idx on public.t (actual rows=4096.00 loops=1)
   Output: a, b
   Index Cond: ((t.a >= 26194) AND (t.a <= 28241))
   Index Searches: 1
   Buffers: shared hit=3984
 Settings: enable_bitmapscan = 'off', enable_seqscan = 'off', max_parallel_workers_per_gather = '0'
 Planning:
   Buffers: shared hit=113
 Planning Time: 0.177 ms
 Execution Time: 0.579 ms
(10 rows)

