SET
SET
SET
SET
SET
                                                                  QUERY PLAN                                                                  
----------------------------------------------------------------------------------------------------------------------------------------------
 Index Scan Backward using idx on public.t (actual rows=1024.00 loops=1)
   Output: a, b
   Index Cond: ((t.a >= 15800) AND (t.a <= 16311))
   Index Searches: 1
   Prefetch: distance=231.309 count=979 stalls=2 skipped=37 resets=0 ungets=19 forwarded=1
             histogram [2,4) => 6, [4,8) => 6, [8,16) => 14, [16,32) => 13, [32,64) => 27, [64,128) => 51, [128,256) => 258, [256,512) => 604
   Buffers: shared hit=906 read=90
 Settings: enable_bitmapscan = 'off', enable_seqscan = 'off', max_parallel_workers_per_gather = '0'
 Planning:
   Buffers: shared hit=82 read=26
 Planning Time: 1.681 ms
 Execution Time: 1.446 ms
(12 rows)

SET
SET
SET
SET
SET
                                             QUERY PLAN                                             
----------------------------------------------------------------------------------------------------
 Index Scan Backward using idx on public.t (actual rows=1024.00 loops=1)
   Output: a, b
   Index Cond: ((t.a >= 15800) AND (t.a <= 16311))
   Index Searches: 1
   Buffers: shared hit=996
 Settings: enable_bitmapscan = 'off', enable_seqscan = 'off', max_parallel_workers_per_gather = '0'
 Planning:
   Buffers: shared hit=113
 Planning Time: 0.137 ms
 Execution Time: 0.156 ms
(10 rows)

