SET
SET
SET
SET
SET
                                             QUERY PLAN                                             
----------------------------------------------------------------------------------------------------
 Index Scan Backward using idx on public.t (actual rows=1024.00 loops=1)
   Output: a, b
   Index Cond: ((t.a >= 9922) AND (t.a <= 10433))
   Index Searches: 1
   Prefetch: distance=2.870 count=115 stalls=814 skipped=26 resets=0 ungets=0 forwarded=0
             histogram [2,4) => 92, [4,8) => 19, [8,16) => 4
   Buffers: shared hit=917 read=87
 Settings: enable_bitmapscan = 'off', enable_seqscan = 'off', max_parallel_workers_per_gather = '0'
 Planning:
   Buffers: shared hit=82 read=26
 Planning Time: 2.078 ms
 Execution Time: 3.725 ms
(12 rows)

SET
SET
SET
SET
SET
                                             QUERY PLAN                                             
----------------------------------------------------------------------------------------------------
 Index Scan Backward using idx on public.t (actual rows=1024.00 loops=1)
   Output: a, b
   Index Cond: ((t.a >= 9922) AND (t.a <= 10433))
   Index Searches: 1
   Buffers: shared hit=1004
 Settings: enable_bitmapscan = 'off', enable_seqscan = 'off', max_parallel_workers_per_gather = '0'
 Planning:
   Buffers: shared hit=113
 Planning Time: 0.158 ms
 Execution Time: 0.167 ms
(10 rows)

