SET
SET
SET
SET
SET
                                                                    QUERY PLAN                                                                    
--------------------------------------------------------------------------------------------------------------------------------------------------
 Index Scan Backward using idx on public.t (actual rows=4048576.00 loops=1)
   Output: a, b
   Index Cond: ((t.a >= 9945) AND (t.a <= 2034232))
   Index Searches: 1
   Prefetch: distance=260.691 count=3986440 stalls=1 skipped=125164 resets=0 ungets=63052 forwarded=494
             histogram [2,4) => 2, [4,8) => 6, [8,16) => 9, [16,32) => 15, [32,64) => 2, [64,128) => 6, [128,256) => 976867, [256,512) => 3009533
   Buffers: shared hit=3730570 read=203891
 Settings: enable_bitmapscan = 'off', enable_seqscan = 'off', max_parallel_workers_per_gather = '0'
 Planning:
   Buffers: shared hit=78 read=26
 Planning Time: 2.139 ms
 Execution Time: 2024.289 ms
(12 rows)

SET
SET
SET
SET
SET
                                             QUERY PLAN                                             
----------------------------------------------------------------------------------------------------
 Index Scan Backward using idx on public.t (actual rows=4048576.00 loops=1)
   Output: a, b
   Index Cond: ((t.a >= 9945) AND (t.a <= 2034232))
   Index Searches: 1
   Buffers: shared hit=3934479
 Settings: enable_bitmapscan = 'off', enable_seqscan = 'off', max_parallel_workers_per_gather = '0'
 Planning:
   Buffers: shared hit=109
 Planning Time: 0.243 ms
 Execution Time: 677.784 ms
(10 rows)

