SET
SET
SET
SET
SET
                                             QUERY PLAN                                             
----------------------------------------------------------------------------------------------------
 Index Scan Backward using idx on public.t (actual rows=4096.00 loops=1)
   Output: a, b
   Index Cond: ((t.a >= 10034) AND (t.a <= 12081))
   Index Searches: 1
   Prefetch: distance=2.106 count=385 stalls=3371 skipped=129 resets=0 ungets=0 forwarded=0
             histogram [2,4) => 372, [4,8) => 13
   Buffers: shared hit=3733 read=247
 Settings: enable_bitmapscan = 'off', enable_seqscan = 'off', max_parallel_workers_per_gather = '0'
 Planning:
   Buffers: shared hit=82 read=26
 Planning Time: 1.481 ms
 Execution Time: 7.257 ms
(12 rows)

SET
SET
SET
SET
SET
                                             QUERY PLAN                                             
----------------------------------------------------------------------------------------------------
 Index Scan Backward using idx on public.t (actual rows=4096.00 loops=1)
   Output: a, b
   Index Cond: ((t.a >= 10034) AND (t.a <= 12081))
   Index Searches: 1
   Buffers: shared hit=3980
 Settings: enable_bitmapscan = 'off', enable_seqscan = 'off', max_parallel_workers_per_gather = '0'
 Planning:
   Buffers: shared hit=113
 Planning Time: 0.132 ms
 Execution Time: 0.469 ms
(10 rows)

