SET
SET
SET
SET
SET
                                                                      QUERY PLAN                                                                      
------------------------------------------------------------------------------------------------------------------------------------------------------
 Index Scan Backward using idx on public.t (actual rows=9048576.00 loops=1)
   Output: a, b
   Index Cond: ((t.a >= 794) AND (t.a <= 4525081))
   Index Searches: 1
   Prefetch: distance=260.710 count=8918099 stalls=2 skipped=279885 resets=0 ungets=149435 forwarded=1071
             histogram [2,4) => 2, [4,8) => 5, [8,16) => 12, [16,32) => 15, [32,64) => 33, [64,128) => 29, [128,256) => 2181292, [256,512) => 6736711
   Buffers: shared hit=8337742 read=455645
 Settings: enable_bitmapscan = 'off', enable_seqscan = 'off', max_parallel_workers_per_gather = '0'
 Planning:
   Buffers: shared hit=78 read=26
 Planning Time: 2.082 ms
 Execution Time: 4314.011 ms
(12 rows)

SET
SET
SET
SET
SET
                                             QUERY PLAN                                             
----------------------------------------------------------------------------------------------------
 Index Scan Backward using idx on public.t (actual rows=9048576.00 loops=1)
   Output: a, b
   Index Cond: ((t.a >= 794) AND (t.a <= 4525081))
   Index Searches: 1
   Buffers: shared hit=8793420
 Settings: enable_bitmapscan = 'off', enable_seqscan = 'off', max_parallel_workers_per_gather = '0'
 Planning:
   Buffers: shared hit=109
 Planning Time: 0.236 ms
 Execution Time: 1456.115 ms
(10 rows)

