SET
SET
SET
SET
SET
                                                               QUERY PLAN                                                                
-----------------------------------------------------------------------------------------------------------------------------------------
 Index Scan using idx on public.t (actual rows=256.00 loops=1)
   Output: a, b
   Index Cond: ((t.a >= 26488) AND (t.a <= 26615))
   Index Searches: 1
   Prefetch: distance=235.502 count=283 stalls=1 skipped=6 resets=0 ungets=45 forwarded=3
             histogram [2,4) => 3, [4,8) => 6, [8,16) => 5, [16,32) => 17, [32,64) => 5, [64,128) => 2, [128,256) => 8, [256,512) => 237
   Buffers: shared hit=206 read=49
 Settings: enable_bitmapscan = 'off', enable_seqscan = 'off', max_parallel_workers_per_gather = '0'
 Planning:
   Buffers: shared hit=86 read=26
 Planning Time: 1.036 ms
 Execution Time: 1.924 ms
(12 rows)

SET
SET
SET
SET
SET
                                             QUERY PLAN                                             
----------------------------------------------------------------------------------------------------
 Index Scan using idx on public.t (actual rows=256.00 loops=1)
   Output: a, b
   Index Cond: ((t.a >= 26488) AND (t.a <= 26615))
   Index Searches: 1
   Buffers: shared hit=256
 Settings: enable_bitmapscan = 'off', enable_seqscan = 'off', max_parallel_workers_per_gather = '0'
 Planning:
   Buffers: shared hit=117
 Planning Time: 0.128 ms
 Execution Time: 0.071 ms
(10 rows)

