SET
SET
SET
SET
SET
                                             QUERY PLAN                                             
----------------------------------------------------------------------------------------------------
 Index Scan using idx on public.t (actual rows=512.00 loops=1)
   Output: a, b
   Index Cond: ((t.a >= 25222) AND (t.a <= 25477))
   Index Searches: 1
   Prefetch: distance=2.130 count=23 stalls=186 skipped=6 resets=0 ungets=0 forwarded=0
             histogram [2,4) => 22, [4,8) => 1
   Buffers: shared hit=439 read=65
 Settings: enable_bitmapscan = 'off', enable_seqscan = 'off', max_parallel_workers_per_gather = '0'
 Planning:
   Buffers: shared hit=86 read=26
 Planning Time: 1.011 ms
 Execution Time: 3.086 ms
(12 rows)

SET
SET
SET
SET
SET
                                             QUERY PLAN                                             
----------------------------------------------------------------------------------------------------
 Index Scan using idx on public.t (actual rows=512.00 loops=1)
   Output: a, b
   Index Cond: ((t.a >= 25222) AND (t.a <= 25477))
   Index Searches: 1
   Buffers: shared hit=504
 Settings: enable_bitmapscan = 'off', enable_seqscan = 'off', max_parallel_workers_per_gather = '0'
 Planning:
   Buffers: shared hit=117
 Planning Time: 0.184 ms
 Execution Time: 0.160 ms
(10 rows)

