SET
SET
SET
SET
SET
                                             QUERY PLAN                                             
----------------------------------------------------------------------------------------------------
 Index Scan using idx on public.t (actual rows=1024.00 loops=1)
   Output: a, b
   Index Cond: ((t.a >= 5213) AND (t.a <= 5724))
   Index Searches: 1
   Prefetch: distance=2.043 count=69 stalls=604 skipped=32 resets=0 ungets=0 forwarded=0
             histogram [2,4) => 68, [4,8) => 1
   Buffers: shared hit=903 read=88
 Settings: enable_bitmapscan = 'off', enable_seqscan = 'off', max_parallel_workers_per_gather = '0'
 Planning:
   Buffers: shared hit=86 read=26
 Planning Time: 1.502 ms
 Execution Time: 6.598 ms
(12 rows)

SET
SET
SET
SET
SET
                                             QUERY PLAN                                             
----------------------------------------------------------------------------------------------------
 Index Scan using idx on public.t (actual rows=1024.00 loops=1)
   Output: a, b
   Index Cond: ((t.a >= 5213) AND (t.a <= 5724))
   Index Searches: 1
   Buffers: shared hit=991
 Settings: enable_bitmapscan = 'off', enable_seqscan = 'off', max_parallel_workers_per_gather = '0'
 Planning:
   Buffers: shared hit=117
 Planning Time: 0.157 ms
 Execution Time: 0.169 ms
(10 rows)

