SET
SET
SET
SET
SET
                                             QUERY PLAN                                             
----------------------------------------------------------------------------------------------------
 Index Scan using idx on public.t (actual rows=2048.00 loops=1)
   Output: a, b
   Index Cond: ((t.a >= 16141) AND (t.a <= 17164))
   Index Searches: 1
   Prefetch: distance=2.138 count=181 stalls=1671 skipped=55 resets=0 ungets=0 forwarded=0
             histogram [2,4) => 172, [4,8) => 9
   Buffers: shared hit=1865 read=138
 Settings: enable_bitmapscan = 'off', enable_seqscan = 'off', max_parallel_workers_per_gather = '0'
 Planning:
   Buffers: shared hit=86 read=26
 Planning Time: 2.112 ms
 Execution Time: 10.126 ms
(12 rows)

SET
SET
SET
SET
SET
                                             QUERY PLAN                                             
----------------------------------------------------------------------------------------------------
 Index Scan using idx on public.t (actual rows=2048.00 loops=1)
   Output: a, b
   Index Cond: ((t.a >= 16141) AND (t.a <= 17164))
   Index Searches: 1
   Buffers: shared hit=2003
 Settings: enable_bitmapscan = 'off', enable_seqscan = 'off', max_parallel_workers_per_gather = '0'
 Planning:
   Buffers: shared hit=117
 Planning Time: 0.205 ms
 Execution Time: 0.459 ms
(10 rows)

