SET
SET
SET
SET
SET
                                             QUERY PLAN                                             
----------------------------------------------------------------------------------------------------
 Index Scan using idx on public.t (actual rows=4096.00 loops=1)
   Output: a, b
   Index Cond: ((t.a >= 17440) AND (t.a <= 19487))
   Index Searches: 1
   Prefetch: distance=2.128 count=438 stalls=3511 skipped=118 resets=0 ungets=0 forwarded=0
             histogram [2,4) => 418, [4,8) => 20
   Buffers: shared hit=3749 read=247
 Settings: enable_bitmapscan = 'off', enable_seqscan = 'off', max_parallel_workers_per_gather = '0'
 Planning:
   Buffers: shared hit=86 read=26
 Planning Time: 2.134 ms
 Execution Time: 19.756 ms
(12 rows)

SET
SET
SET
SET
SET
                                             QUERY PLAN                                             
----------------------------------------------------------------------------------------------------
 Index Scan using idx on public.t (actual rows=4096.00 loops=1)
   Output: a, b
   Index Cond: ((t.a >= 17440) AND (t.a <= 19487))
   Index Searches: 1
   Buffers: shared hit=3996
 Settings: enable_bitmapscan = 'off', enable_seqscan = 'off', max_parallel_workers_per_gather = '0'
 Planning:
   Buffers: shared hit=117
 Planning Time: 0.208 ms
 Execution Time: 0.847 ms
(10 rows)

