SET
SET
SET
SET
SET
                                                                QUERY PLAN                                                                
------------------------------------------------------------------------------------------------------------------------------------------
 Index Scan using idx on public.t (actual rows=256.00 loops=1)
   Output: a, b
   Index Cond: ((t.a >= '-22428'::integer) AND (t.a <= '-22365'::integer))
   Index Searches: 1
   Prefetch: distance=216.417 count=230 stalls=1 skipped=3 resets=0 ungets=33 forwarded=1
             histogram [2,4) => 2, [4,8) => 10, [8,16) => 6, [16,32) => 19, [32,64) => 9, [64,128) => 3, [128,256) => 2, [256,512) => 179
   Buffers: shared hit=159 read=100
 Settings: enable_bitmapscan = 'off', enable_seqscan = 'off', max_parallel_workers_per_gather = '0'
 Planning:
   Buffers: shared hit=86 read=26
 Planning Time: 1.912 ms
 Execution Time: 4.112 ms
(12 rows)

SET
SET
SET
SET
SET
                                             QUERY PLAN                                             
----------------------------------------------------------------------------------------------------
 Index Scan using idx on public.t (actual rows=256.00 loops=1)
   Output: a, b
   Index Cond: ((t.a >= '-22428'::integer) AND (t.a <= '-22365'::integer))
   Index Searches: 1
   Buffers: shared hit=259
 Settings: enable_bitmapscan = 'off', enable_seqscan = 'off', max_parallel_workers_per_gather = '0'
 Planning:
   Buffers: shared hit=117
 Planning Time: 0.213 ms
 Execution Time: 0.163 ms
(10 rows)

