SET
SET
SET
SET
SET
                                             QUERY PLAN                                             
----------------------------------------------------------------------------------------------------
 Index Scan using idx on public.t (actual rows=512.00 loops=1)
   Output: a, b
   Index Cond: ((t.a >= '-13762'::integer) AND (t.a <= '-13635'::integer))
   Index Searches: 1
   Prefetch: distance=2.152 count=46 stalls=225 skipped=2 resets=0 ungets=0 forwarded=0
             histogram [2,4) => 44, [4,8) => 2
   Buffers: shared hit=402 read=115
 Settings: enable_bitmapscan = 'off', enable_seqscan = 'off', max_parallel_workers_per_gather = '0'
 Planning:
   Buffers: shared hit=86 read=26
 Planning Time: 1.870 ms
 Execution Time: 4.307 ms
(12 rows)

SET
SET
SET
SET
SET
                                             QUERY PLAN                                             
----------------------------------------------------------------------------------------------------
 Index Scan using idx on public.t (actual rows=512.00 loops=1)
   Output: a, b
   Index Cond: ((t.a >= '-13762'::integer) AND (t.a <= '-13635'::integer))
   Index Searches: 1
   Buffers: shared hit=517
 Settings: enable_bitmapscan = 'off', enable_seqscan = 'off', max_parallel_workers_per_gather = '0'
 Planning:
   Buffers: shared hit=117
 Planning Time: 0.257 ms
 Execution Time: 0.207 ms
(10 rows)

