SET
SET
SET
SET
SET
                                                                 QUERY PLAN                                                                  
---------------------------------------------------------------------------------------------------------------------------------------------
 Index Scan using idx on public.t (actual rows=4096.00 loops=1)
   Output: a, b
   Index Cond: ((t.a >= 1327) AND (t.a <= 3374))
   Index Searches: 1
   Prefetch: distance=262.637 count=4458 stalls=5 skipped=120 resets=0 ungets=498 forwarded=19
             histogram [2,4) => 2, [4,8) => 6, [8,16) => 6, [16,32) => 14, [32,64) => 14, [64,128) => 3, [128,256) => 516, [256,512) => 3897
   Buffers: shared hit=3752 read=242
 Settings: enable_bitmapscan = 'off', enable_seqscan = 'off', max_parallel_workers_per_gather = '0'
 Planning:
   Buffers: shared hit=86 read=26
 Planning Time: 2.082 ms
 Execution Time: 7.423 ms
(12 rows)

SET
SET
SET
SET
SET
                                             QUERY PLAN                                             
----------------------------------------------------------------------------------------------------
 Index Scan using idx on public.t (actual rows=4096.00 loops=1)
   Output: a, b
   Index Cond: ((t.a >= 1327) AND (t.a <= 3374))
   Index Searches: 1
   Buffers: shared hit=3994
 Settings: enable_bitmapscan = 'off', enable_seqscan = 'off', max_parallel_workers_per_gather = '0'
 Planning:
   Buffers: shared hit=117
 Planning Time: 0.203 ms
 Execution Time: 0.918 ms
(10 rows)

