SET
SET
SET
SET
SET
                                             QUERY PLAN                                             
----------------------------------------------------------------------------------------------------
 Index Scan using idx on public.t (actual rows=16.00 loops=1)
   Output: a, b
   Index Cond: ((t.a >= 5590) AND (t.a <= 5597))
   Index Searches: 1
   Buffers: shared hit=6 read=15
 Settings: enable_bitmapscan = 'off', enable_seqscan = 'off', max_parallel_workers_per_gather = '0'
 Planning:
   Buffers: shared hit=86 read=26
 Planning Time: 1.059 ms
 Execution Time: 1.238 ms
(10 rows)

SET
SET
SET
SET
SET
                                             QUERY PLAN                                             
----------------------------------------------------------------------------------------------------
 Index Scan using idx on public.t (actual rows=16.00 loops=1)
   Output: a, b
   Index Cond: ((t.a >= 5590) AND (t.a <= 5597))
   Index Searches: 1
   Buffers: shared hit=21
 Settings: enable_bitmapscan = 'off', enable_seqscan = 'off', max_parallel_workers_per_gather = '0'
 Planning:
   Buffers: shared hit=117
 Planning Time: 0.154 ms
 Execution Time: 0.031 ms
(10 rows)

