SET
SET
SET
SET
SET
                                                                QUERY PLAN                                                                
------------------------------------------------------------------------------------------------------------------------------------------
 Index Scan using idx on public.t (actual rows=1024.00 loops=1)
   Output: a, b
   Index Cond: ((t.a >= '-16119'::integer) AND (t.a <= '-15864'::integer))
   Index Searches: 1
   Prefetch: distance=257.023 count=1100 stalls=1 skipped=20 resets=0 ungets=104 forwarded=6
             histogram [2,4) => 2, [4,8) => 4, [8,16) => 9, [16,32) => 8, [32,64) => 5, [64,128) => 2, [128,256) => 167, [256,512) => 903
   Buffers: shared hit=876 read=136
 Settings: enable_bitmapscan = 'off', enable_seqscan = 'off', max_parallel_workers_per_gather = '0'
 Planning:
   Buffers: shared hit=86 read=26
 Planning Time: 1.894 ms
 Execution Time: 2.120 ms
(12 rows)

SET
SET
SET
SET
SET
                                             QUERY PLAN                                             
----------------------------------------------------------------------------------------------------
 Index Scan using idx on public.t (actual rows=1024.00 loops=1)
   Output: a, b
   Index Cond: ((t.a >= '-16119'::integer) AND (t.a <= '-15864'::integer))
   Index Searches: 1
   Buffers: shared hit=1012
 Settings: enable_bitmapscan = 'off', enable_seqscan = 'off', max_parallel_workers_per_gather = '0'
 Planning:
   Buffers: shared hit=117
 Planning Time: 0.206 ms
 Execution Time: 0.299 ms
(10 rows)

