SET
SET
SET
SET
SET
                                                                     QUERY PLAN                                                                      
-----------------------------------------------------------------------------------------------------------------------------------------------------
 Index Scan using idx on public.t (actual rows=9048576.00 loops=1)
   Output: a, b
   Index Cond: ((t.a >= 23168) AND (t.a <= 4547455))
   Index Searches: 1
   Prefetch: distance=264.952 count=9826442 stalls=2 skipped=279896 resets=0 ungets=1057791 forwarded=43736
             histogram [2,4) => 6, [4,8) => 7, [8,16) => 9, [16,32) => 18, [32,64) => 24, [64,128) => 28, [128,256) => 1169700, [256,512) => 8656650
   Buffers: shared hit=8336489 read=455646
 Settings: enable_bitmapscan = 'off', enable_seqscan = 'off', max_parallel_workers_per_gather = '0'
 Planning:
   Buffers: shared hit=82 read=26
 Planning Time: 2.540 ms
 Execution Time: 10317.236 ms
(12 rows)

SET
SET
SET
SET
SET
                                             QUERY PLAN                                             
----------------------------------------------------------------------------------------------------
 Index Scan using idx on public.t (actual rows=9048576.00 loops=1)
   Output: a, b
   Index Cond: ((t.a >= 23168) AND (t.a <= 4547455))
   Index Searches: 1
   Buffers: shared hit=8793408
 Settings: enable_bitmapscan = 'off', enable_seqscan = 'off', max_parallel_workers_per_gather = '0'
 Planning:
   Buffers: shared hit=113
 Planning Time: 0.224 ms
 Execution Time: 1517.561 ms
(10 rows)

