SET
SET
SET
SET
SET
                                                                    QUERY PLAN                                                                    
--------------------------------------------------------------------------------------------------------------------------------------------------
 Index Scan using idx on public.t (actual rows=7048576.00 loops=1)
   Output: a, b
   Index Cond: ((t.a >= 9518) AND (t.a <= 3533805))
   Index Searches: 1
   Prefetch: distance=264.946 count=7654373 stalls=1 skipped=218040 resets=0 ungets=823839 forwarded=33974
             histogram [2,4) => 2, [4,8) => 4, [8,16) => 9, [16,32) => 10, [32,64) => 2, [64,128) => 3, [128,256) => 912641, [256,512) => 6741702
   Buffers: shared hit=6493841 read=354944
 Settings: enable_bitmapscan = 'off', enable_seqscan = 'off', max_parallel_workers_per_gather = '0'
 Planning:
   Buffers: shared hit=82 read=26
 Planning Time: 2.086 ms
 Execution Time: 8088.754 ms
(12 rows)

SET
SET
SET
SET
SET
                                             QUERY PLAN                                             
----------------------------------------------------------------------------------------------------
 Index Scan using idx on public.t (actual rows=7048576.00 loops=1)
   Output: a, b
   Index Cond: ((t.a >= 9518) AND (t.a <= 3533805))
   Index Searches: 1
   Buffers: shared hit=6849801
 Settings: enable_bitmapscan = 'off', enable_seqscan = 'off', max_parallel_workers_per_gather = '0'
 Planning:
   Buffers: shared hit=113
 Planning Time: 0.237 ms
 Execution Time: 1184.995 ms
(10 rows)

