SET
SET
SET
SET
SET
                                                                  QUERY PLAN                                                                   
-----------------------------------------------------------------------------------------------------------------------------------------------
 Index Scan using idx on public.t (actual rows=16384.00 loops=1)
   Output: a, b
   Index Cond: ((t.a >= '-30476'::integer) AND (t.a <= '-26381'::integer))
   Index Searches: 1
   Prefetch: distance=260.851 count=16418 stalls=1 skipped=255 resets=0 ungets=313 forwarded=18
             histogram [2,4) => 2, [4,8) => 3, [8,16) => 10, [16,32) => 11, [32,64) => 4, [64,128) => 4, [128,256) => 3671, [256,512) => 12713
   Buffers: shared hit=15267 read=893
 Settings: enable_bitmapscan = 'off', enable_seqscan = 'off', max_parallel_workers_per_gather = '0'
 Planning:
   Buffers: shared hit=86 read=26
 Planning Time: 1.863 ms
 Execution Time: 9.306 ms
(12 rows)

SET
SET
SET
SET
SET
                                             QUERY PLAN                                             
----------------------------------------------------------------------------------------------------
 Index Scan using idx on public.t (actual rows=16384.00 loops=1)
   Output: a, b
   Index Cond: ((t.a >= '-30476'::integer) AND (t.a <= '-26381'::integer))
   Index Searches: 1
   Buffers: shared hit=16160
 Settings: enable_bitmapscan = 'off', enable_seqscan = 'off', max_parallel_workers_per_gather = '0'
 Planning:
   Buffers: shared hit=117
 Planning Time: 0.140 ms
 Execution Time: 1.612 ms
(10 rows)

