SET
SET
SET
SET
SET
                                             QUERY PLAN                                             
----------------------------------------------------------------------------------------------------
 Index Scan using idx on public.t (actual rows=4096.00 loops=1)
   Output: a, b
   Index Cond: ((t.a >= 15647) AND (t.a <= 17694))
   Index Searches: 1
   Prefetch: distance=2.143 count=399 stalls=3460 skipped=134 resets=0 ungets=0 forwarded=0
             histogram [2,4) => 379, [4,8) => 20
   Buffers: shared hit=3732 read=241
 Settings: enable_bitmapscan = 'off', enable_seqscan = 'off', max_parallel_workers_per_gather = '0'
 Planning:
   Buffers: shared hit=86 read=26
 Planning Time: 1.663 ms
 Execution Time: 18.062 ms
(12 rows)

SET
SET
SET
SET
SET
                                             QUERY PLAN                                             
----------------------------------------------------------------------------------------------------
 Index Scan using idx on public.t (actual rows=4096.00 loops=1)
   Output: a, b
   Index Cond: ((t.a >= 15647) AND (t.a <= 17694))
   Index Searches: 1
   Buffers: shared hit=3973
 Settings: enable_bitmapscan = 'off', enable_seqscan = 'off', max_parallel_workers_per_gather = '0'
 Planning:
   Buffers: shared hit=117
 Planning Time: 0.196 ms
 Execution Time: 0.806 ms
(10 rows)

