SET
SET
SET
SET
SET
                                             QUERY PLAN                                             
----------------------------------------------------------------------------------------------------
 Index Scan using idx on public.t (actual rows=2048.00 loops=1)
   Output: a, b
   Index Cond: ((t.a >= 25488) AND (t.a <= 26511))
   Index Searches: 1
   Prefetch: distance=2.137 count=190 stalls=1644 skipped=45 resets=0 ungets=0 forwarded=0
             histogram [2,4) => 180, [4,8) => 10
   Buffers: shared hit=1867 read=146
 Settings: enable_bitmapscan = 'off', enable_seqscan = 'off', max_parallel_workers_per_gather = '0'
 Planning:
   Buffers: shared hit=86 read=26
 Planning Time: 1.694 ms
 Execution Time: 9.374 ms
(12 rows)

SET
SET
SET
SET
SET
                                             QUERY PLAN                                             
----------------------------------------------------------------------------------------------------
 Index Scan using idx on public.t (actual rows=2048.00 loops=1)
   Output: a, b
   Index Cond: ((t.a >= 25488) AND (t.a <= 26511))
   Index Searches: 1
   Buffers: shared hit=2013
 Settings: enable_bitmapscan = 'off', enable_seqscan = 'off', max_parallel_workers_per_gather = '0'
 Planning:
   Buffers: shared hit=117
 Planning Time: 0.184 ms
 Execution Time: 0.291 ms
(10 rows)

