SET
SET
SET
SET
SET
                                             QUERY PLAN                                             
----------------------------------------------------------------------------------------------------
 Index Scan using idx on public.t (actual rows=256.00 loops=1)
   Output: a, b
   Index Cond: ((t.a >= 26331) AND (t.a <= 26458))
   Index Searches: 1
   Prefetch: distance=2.786 count=28 stalls=159 skipped=6 resets=0 ungets=0 forwarded=0
             histogram [2,4) => 22, [4,8) => 6
   Buffers: shared hit=210 read=46
 Settings: enable_bitmapscan = 'off', enable_seqscan = 'off', max_parallel_workers_per_gather = '0'
 Planning:
   Buffers: shared hit=86 read=26
 Planning Time: 1.030 ms
 Execution Time: 3.183 ms
(12 rows)

SET
SET
SET
SET
SET
                                             QUERY PLAN                                             
----------------------------------------------------------------------------------------------------
 Index Scan using idx on public.t (actual rows=256.00 loops=1)
   Output: a, b
   Index Cond: ((t.a >= 26331) AND (t.a <= 26458))
   Index Searches: 1
   Buffers: shared hit=256
 Settings: enable_bitmapscan = 'off', enable_seqscan = 'off', max_parallel_workers_per_gather = '0'
 Planning:
   Buffers: shared hit=117
 Planning Time: 0.196 ms
 Execution Time: 0.122 ms
(10 rows)

