SET
SET
SET
SET
SET
                                             QUERY PLAN                                             
----------------------------------------------------------------------------------------------------
 Index Scan using idx on public.t (actual rows=4096.00 loops=1)
   Output: a, b
   Index Cond: ((t.a >= 13277) AND (t.a <= 15324))
   Index Searches: 1
   Prefetch: distance=2.197 count=402 stalls=3442 skipped=131 resets=0 ungets=0 forwarded=0
             histogram [2,4) => 375, [4,8) => 27
   Buffers: shared hit=3732 read=245
 Settings: enable_bitmapscan = 'off', enable_seqscan = 'off', max_parallel_workers_per_gather = '0'
 Planning:
   Buffers: shared hit=86 read=26
 Planning Time: 1.810 ms
 Execution Time: 18.107 ms
(12 rows)

SET
SET
SET
SET
SET
                                             QUERY PLAN                                             
----------------------------------------------------------------------------------------------------
 Index Scan using idx on public.t (actual rows=4096.00 loops=1)
   Output: a, b
   Index Cond: ((t.a >= 13277) AND (t.a <= 15324))
   Index Searches: 1
   Buffers: shared hit=3977
 Settings: enable_bitmapscan = 'off', enable_seqscan = 'off', max_parallel_workers_per_gather = '0'
 Planning:
   Buffers: shared hit=117
 Planning Time: 0.152 ms
 Execution Time: 0.495 ms
(10 rows)

