SET
SET
SET
SET
SET
                                             QUERY PLAN                                             
----------------------------------------------------------------------------------------------------
 Index Scan Backward using idx on public.t (actual rows=2048.00 loops=1)
   Output: a, b
   Index Cond: ((t.a >= 851) AND (t.a <= 1874))
   Index Searches: 1
   Prefetch: distance=2.174 count=172 stalls=1551 skipped=48 resets=0 ungets=0 forwarded=0
             histogram [2,4) => 162, [4,8) => 10
   Buffers: shared hit=1866 read=140
 Settings: enable_bitmapscan = 'off', enable_seqscan = 'off', max_parallel_workers_per_gather = '0'
 Planning:
   Buffers: shared hit=82 read=26
 Planning Time: 2.168 ms
 Execution Time: 3.330 ms
(12 rows)

SET
SET
SET
SET
SET
                                             QUERY PLAN                                             
----------------------------------------------------------------------------------------------------
 Index Scan Backward using idx on public.t (actual rows=2048.00 loops=1)
   Output: a, b
   Index Cond: ((t.a >= 851) AND (t.a <= 1874))
   Index Searches: 1
   Buffers: shared hit=2006
 Settings: enable_bitmapscan = 'off', enable_seqscan = 'off', max_parallel_workers_per_gather = '0'
 Planning:
   Buffers: shared hit=113
 Planning Time: 0.252 ms
 Execution Time: 0.508 ms
(10 rows)

