SET
SET
SET
SET
SET
                                                         QUERY PLAN                                                         
----------------------------------------------------------------------------------------------------------------------------
 Index Scan Backward using idx on public.t (actual rows=256.00 loops=1)
   Output: a, b
   Index Cond: ((t.a >= 25672) AND (t.a <= 25799))
   Index Searches: 1
   Prefetch: distance=54.667 count=198 stalls=6 skipped=7 resets=0 ungets=0 forwarded=1
             histogram [2,4) => 2, [4,8) => 14, [8,16) => 23, [16,32) => 53, [32,64) => 36, [64,128) => 53, [128,256) => 17
   Buffers: shared hit=204 read=52
 Settings: enable_bitmapscan = 'off', enable_seqscan = 'off', max_parallel_workers_per_gather = '0'
 Planning:
   Buffers: shared hit=82 read=26
 Planning Time: 1.426 ms
 Execution Time: 2.131 ms
(12 rows)

SET
SET
SET
SET
SET
                                             QUERY PLAN                                             
----------------------------------------------------------------------------------------------------
 Index Scan Backward using idx on public.t (actual rows=256.00 loops=1)
   Output: a, b
   Index Cond: ((t.a >= 25672) AND (t.a <= 25799))
   Index Searches: 1
   Buffers: shared hit=256
 Settings: enable_bitmapscan = 'off', enable_seqscan = 'off', max_parallel_workers_per_gather = '0'
 Planning:
   Buffers: shared hit=113
 Planning Time: 0.195 ms
 Execution Time: 0.118 ms
(10 rows)

