SET
SET
SET
SET
SET
                                             QUERY PLAN                                             
----------------------------------------------------------------------------------------------------
 Index Scan Backward using idx on public.t (actual rows=4096.00 loops=1)
   Output: a, b
   Index Cond: ((t.a >= 8549) AND (t.a <= 10596))
   Index Searches: 1
   Prefetch: distance=2.115 count=381 stalls=3348 skipped=114 resets=0 ungets=0 forwarded=0
             histogram [2,4) => 366, [4,8) => 15
   Buffers: shared hit=3754 read=241
 Settings: enable_bitmapscan = 'off', enable_seqscan = 'off', max_parallel_workers_per_gather = '0'
 Planning:
   Buffers: shared hit=82 read=26
 Planning Time: 2.164 ms
 Execution Time: 4.962 ms
(12 rows)

SET
SET
SET
SET
SET
                                             QUERY PLAN                                             
----------------------------------------------------------------------------------------------------
 Index Scan Backward using idx on public.t (actual rows=4096.00 loops=1)
   Output: a, b
   Index Cond: ((t.a >= 8549) AND (t.a <= 10596))
   Index Searches: 1
   Buffers: shared hit=3995
 Settings: enable_bitmapscan = 'off', enable_seqscan = 'off', max_parallel_workers_per_gather = '0'
 Planning:
   Buffers: shared hit=113
 Planning Time: 0.223 ms
 Execution Time: 0.822 ms
(10 rows)

