SET
SET
SET
SET
SET
                                                                  QUERY PLAN                                                                  
----------------------------------------------------------------------------------------------------------------------------------------------
 Index Scan Backward using idx on public.t (actual rows=8192.00 loops=1)
   Output: a, b
   Index Cond: ((t.a >= 5197) AND (t.a <= 9292))
   Index Searches: 1
   Prefetch: distance=262.180 count=8745 stalls=1 skipped=285 resets=0 ungets=842 forwarded=3
             histogram [2,4) => 2, [4,8) => 5, [8,16) => 14, [16,32) => 10, [32,64) => 4, [64,128) => 2, [128,256) => 1498, [256,512) => 7210
   Buffers: shared hit=7488 read=448
 Settings: enable_bitmapscan = 'off', enable_seqscan = 'off', max_parallel_workers_per_gather = '0'
 Planning:
   Buffers: shared hit=82 read=26
 Planning Time: 2.136 ms
 Execution Time: 6.415 ms
(12 rows)

SET
SET
SET
SET
SET
                                             QUERY PLAN                                             
----------------------------------------------------------------------------------------------------
 Index Scan Backward using idx on public.t (actual rows=8192.00 loops=1)
   Output: a, b
   Index Cond: ((t.a >= 5197) AND (t.a <= 9292))
   Index Searches: 1
   Buffers: shared hit=7936
 Settings: enable_bitmapscan = 'off', enable_seqscan = 'off', max_parallel_workers_per_gather = '0'
 Planning:
   Buffers: shared hit=113
 Planning Time: 0.208 ms
 Execution Time: 1.572 ms
(10 rows)

