SET
SET
SET
SET
SET
                                             QUERY PLAN                                             
----------------------------------------------------------------------------------------------------
 Index Scan Backward using idx on public.t (actual rows=1024.00 loops=1)
   Output: a, b
   Index Cond: ((t.a >= 10854) AND (t.a <= 11365))
   Index Searches: 1
   Prefetch: distance=2.146 count=130 stalls=819 skipped=40 resets=0 ungets=0 forwarded=0
             histogram [2,4) => 124, [4,8) => 6
   Buffers: shared hit=904 read=88
 Settings: enable_bitmapscan = 'off', enable_seqscan = 'off', max_parallel_workers_per_gather = '0'
 Planning:
   Buffers: shared hit=82 read=26
 Planning Time: 1.416 ms
 Execution Time: 3.323 ms
(12 rows)

SET
SET
SET
SET
SET
                                             QUERY PLAN                                             
----------------------------------------------------------------------------------------------------
 Index Scan Backward using idx on public.t (actual rows=1024.00 loops=1)
   Output: a, b
   Index Cond: ((t.a >= 10854) AND (t.a <= 11365))
   Index Searches: 1
   Buffers: shared hit=992
 Settings: enable_bitmapscan = 'off', enable_seqscan = 'off', max_parallel_workers_per_gather = '0'
 Planning:
   Buffers: shared hit=113
 Planning Time: 0.181 ms
 Execution Time: 0.220 ms
(10 rows)

