SET
SET
SET
SET
SET
                                                                  QUERY PLAN                                                                  
----------------------------------------------------------------------------------------------------------------------------------------------
 Index Scan using idx on public.t (actual rows=256.00 loops=1)
   Output: a, b
   Index Cond: ((t.a >= 23563) AND (t.a <= 23690))
   Index Searches: 1
   Prefetch: distance=171.057 count=245 stalls=3 skipped=8 resets=0 ungets=17 forwarded=1
             histogram [2,4) => 10, [4,8) => 18, [8,16) => 15, [16,32) => 14, [32,64) => 34, [64,128) => 5, [128,256) => 17, [256,512) => 132
   Buffers: shared hit=202 read=53
 Settings: enable_bitmapscan = 'off', enable_seqscan = 'off', max_parallel_workers_per_gather = '0'
 Planning:
   Buffers: shared hit=86 read=26
 Planning Time: 1.437 ms
 Execution Time: 2.568 ms
(12 rows)

SET
SET
SET
SET
SET
                                             QUERY PLAN                                             
----------------------------------------------------------------------------------------------------
 Index Scan using idx on public.t (actual rows=256.00 loops=1)
   Output: a, b
   Index Cond: ((t.a >= 23563) AND (t.a <= 23690))
   Index Searches: 1
   Buffers: shared hit=255
 Settings: enable_bitmapscan = 'off', enable_seqscan = 'off', max_parallel_workers_per_gather = '0'
 Planning:
   Buffers: shared hit=117
 Planning Time: 0.175 ms
 Execution Time: 0.081 ms
(10 rows)

