SET
SET
SET
SET
SET
                                                                  QUERY PLAN                                                                   
-----------------------------------------------------------------------------------------------------------------------------------------------
 Index Scan using idx on public.t (actual rows=1024.00 loops=1)
   Output: a, b
   Index Cond: ((t.a >= 7632) AND (t.a <= 8143))
   Index Searches: 1
   Prefetch: distance=233.060 count=1049 stalls=4 skipped=34 resets=0 ungets=96 forwarded=4
             histogram [2,4) => 22, [4,8) => 11, [8,16) => 8, [16,32) => 18, [32,64) => 30, [64,128) => 51, [128,256) => 100, [256,512) => 809
   Buffers: shared hit=909 read=88
 Settings: enable_bitmapscan = 'off', enable_seqscan = 'off', max_parallel_workers_per_gather = '0'
 Planning:
   Buffers: shared hit=86 read=26
 Planning Time: 1.833 ms
 Execution Time: 3.787 ms
(12 rows)

SET
SET
SET
SET
SET
                                             QUERY PLAN                                             
----------------------------------------------------------------------------------------------------
 Index Scan using idx on public.t (actual rows=1024.00 loops=1)
   Output: a, b
   Index Cond: ((t.a >= 7632) AND (t.a <= 8143))
   Index Searches: 1
   Buffers: shared hit=997
 Settings: enable_bitmapscan = 'off', enable_seqscan = 'off', max_parallel_workers_per_gather = '0'
 Planning:
   Buffers: shared hit=117
 Planning Time: 0.192 ms
 Execution Time: 0.271 ms
(10 rows)

