SET
SET
SET
SET
SET
                                             QUERY PLAN                                             
----------------------------------------------------------------------------------------------------
 Index Scan using idx on public.t (actual rows=2048.00 loops=1)
   Output: a, b
   Index Cond: ((t.a >= 12685) AND (t.a <= 13708))
   Index Searches: 1
   Prefetch: distance=2.238 count=193 stalls=1613 skipped=59 resets=0 ungets=0 forwarded=0
             histogram [2,4) => 177, [4,8) => 16
   Buffers: shared hit=1856 read=139
 Settings: enable_bitmapscan = 'off', enable_seqscan = 'off', max_parallel_workers_per_gather = '0'
 Planning:
   Buffers: shared hit=86 read=26
 Planning Time: 1.830 ms
 Execution Time: 8.986 ms
(12 rows)

SET
SET
SET
SET
SET
                                             QUERY PLAN                                             
----------------------------------------------------------------------------------------------------
 Index Scan using idx on public.t (actual rows=2048.00 loops=1)
   Output: a, b
   Index Cond: ((t.a >= 12685) AND (t.a <= 13708))
   Index Searches: 1
   Buffers: shared hit=1995
 Settings: enable_bitmapscan = 'off', enable_seqscan = 'off', max_parallel_workers_per_gather = '0'
 Planning:
   Buffers: shared hit=117
 Planning Time: 0.190 ms
 Execution Time: 0.506 ms
(10 rows)

