SET
SET
SET
SET
SET
                                                                    QUERY PLAN                                                                     
---------------------------------------------------------------------------------------------------------------------------------------------------
 Index Scan using idx on public.t (actual rows=65536.00 loops=1)
   Output: a, b
   Index Cond: ((t.a >= 28260) AND (t.a <= 61027))
   Index Searches: 1
   Prefetch: distance=264.609 count=71264 stalls=3 skipped=1946 resets=0 ungets=7704 forwarded=334
             histogram [2,4) => 12, [4,8) => 10, [8,16) => 15, [16,32) => 15, [32,64) => 35, [64,128) => 42, [128,256) => 8172, [256,512) => 62963
   Buffers: shared hit=60432 read=3336
 Settings: enable_bitmapscan = 'off', enable_seqscan = 'off', max_parallel_workers_per_gather = '0'
 Planning:
   Buffers: shared hit=82 read=26
 Planning Time: 2.156 ms
 Execution Time: 77.345 ms
(12 rows)

SET
SET
SET
SET
SET
                                             QUERY PLAN                                             
----------------------------------------------------------------------------------------------------
 Index Scan using idx on public.t (actual rows=65536.00 loops=1)
   Output: a, b
   Index Cond: ((t.a >= 28260) AND (t.a <= 61027))
   Index Searches: 1
   Buffers: shared hit=63775
 Settings: enable_bitmapscan = 'off', enable_seqscan = 'off', max_parallel_workers_per_gather = '0'
 Planning:
   Buffers: shared hit=113
 Planning Time: 0.219 ms
 Execution Time: 11.030 ms
(10 rows)

