SET
SET
SET
SET
SET
                                                                   QUERY PLAN                                                                   
------------------------------------------------------------------------------------------------------------------------------------------------
 Index Scan using idx on public.t (actual rows=4096.00 loops=1)
   Output: a, b
   Index Cond: ((t.a >= 16530) AND (t.a <= 18577))
   Index Searches: 1
   Prefetch: distance=255.099 count=4360 stalls=5 skipped=128 resets=0 ungets=436 forwarded=17
             histogram [2,4) => 10, [4,8) => 5, [8,16) => 18, [16,32) => 45, [32,64) => 36, [64,128) => 55, [128,256) => 556, [256,512) => 3635
   Buffers: shared hit=3738 read=246
 Settings: enable_bitmapscan = 'off', enable_seqscan = 'off', max_parallel_workers_per_gather = '0'
 Planning:
   Buffers: shared hit=86 read=26
 Planning Time: 1.923 ms
 Execution Time: 8.672 ms
(12 rows)

SET
SET
SET
SET
SET
                                             QUERY PLAN                                             
----------------------------------------------------------------------------------------------------
 Index Scan using idx on public.t (actual rows=4096.00 loops=1)
   Output: a, b
   Index Cond: ((t.a >= 16530) AND (t.a <= 18577))
   Index Searches: 1
   Buffers: shared hit=3985
 Settings: enable_bitmapscan = 'off', enable_seqscan = 'off', max_parallel_workers_per_gather = '0'
 Planning:
   Buffers: shared hit=117
 Planning Time: 0.182 ms
 Execution Time: 0.880 ms
(10 rows)

