SET
SET
SET
SET
SET
                                                                    QUERY PLAN                                                                     
---------------------------------------------------------------------------------------------------------------------------------------------------
 Index Scan using idx on public.t (actual rows=4048576.00 loops=1)
   Output: a, b
   Index Cond: ((t.a >= 23196) AND (t.a <= 2047483))
   Index Searches: 1
   Prefetch: distance=265.055 count=4402338 stalls=1 skipped=125168 resets=0 ungets=478940 forwarded=19752
             histogram [2,4) => 4, [4,8) => 8, [8,16) => 6, [16,32) => 16, [32,64) => 10, [64,128) => 3, [128,256) => 510229, [256,512) => 3892062
   Buffers: shared hit=3729993 read=203890
 Settings: enable_bitmapscan = 'off', enable_seqscan = 'off', max_parallel_workers_per_gather = '0'
 Planning:
   Buffers: shared hit=82 read=26
 Planning Time: 2.143 ms
 Execution Time: 4665.922 ms
(12 rows)

SET
SET
SET
SET
SET
                                             QUERY PLAN                                             
----------------------------------------------------------------------------------------------------
 Index Scan using idx on public.t (actual rows=4048576.00 loops=1)
   Output: a, b
   Index Cond: ((t.a >= 23196) AND (t.a <= 2047483))
   Index Searches: 1
   Buffers: shared hit=3934475
 Settings: enable_bitmapscan = 'off', enable_seqscan = 'off', max_parallel_workers_per_gather = '0'
 Planning:
   Buffers: shared hit=113
 Planning Time: 0.302 ms
 Execution Time: 687.755 ms
(10 rows)

