SET
SET
SET
SET
SET
                                                               QUERY PLAN                                                               
----------------------------------------------------------------------------------------------------------------------------------------
 Index Scan using idx on public.t (actual rows=64.00 loops=1)
   Output: a, b
   Index Cond: ((t.a >= 18350) AND (t.a <= 18381))
   Index Searches: 1
   Prefetch: distance=54.780 count=50 stalls=1 skipped=3 resets=0 ungets=3 forwarded=3
             histogram [2,4) => 2, [4,8) => 4, [8,16) => 14, [16,32) => 14, [32,64) => 3, [64,128) => 5, [128,256) => 5, [256,512) => 3
   Buffers: shared hit=34 read=34
 Settings: enable_bitmapscan = 'off', enable_seqscan = 'off', max_parallel_workers_per_gather = '0'
 Planning:
   Buffers: shared hit=86 read=26
 Planning Time: 1.028 ms
 Execution Time: 1.003 ms
(12 rows)

SET
SET
SET
SET
SET
                                             QUERY PLAN                                             
----------------------------------------------------------------------------------------------------
 Index Scan using idx on public.t (actual rows=64.00 loops=1)
   Output: a, b
   Index Cond: ((t.a >= 18350) AND (t.a <= 18381))
   Index Searches: 1
   Buffers: shared hit=68
 Settings: enable_bitmapscan = 'off', enable_seqscan = 'off', max_parallel_workers_per_gather = '0'
 Planning:
   Buffers: shared hit=117
 Planning Time: 0.134 ms
 Execution Time: 0.044 ms
(10 rows)

