SET
SET
SET
SET
SET
                                             QUERY PLAN                                             
----------------------------------------------------------------------------------------------------
 Index Scan using idx on public.t (actual rows=4096.00 loops=1)
   Output: a, b
   Index Cond: ((t.a >= 22615) AND (t.a <= 24662))
   Index Searches: 1
   Prefetch: distance=2.182 count=402 stalls=3444 skipped=119 resets=0 ungets=0 forwarded=0
             histogram [2,4) => 378, [4,8) => 24
   Buffers: shared hit=3744 read=244
 Settings: enable_bitmapscan = 'off', enable_seqscan = 'off', max_parallel_workers_per_gather = '0'
 Planning:
   Buffers: shared hit=86 read=26
 Planning Time: 2.159 ms
 Execution Time: 13.880 ms
(12 rows)

SET
SET
SET
SET
SET
                                             QUERY PLAN                                             
----------------------------------------------------------------------------------------------------
 Index Scan using idx on public.t (actual rows=4096.00 loops=1)
   Output: a, b
   Index Cond: ((t.a >= 22615) AND (t.a <= 24662))
   Index Searches: 1
   Buffers: shared hit=3988
 Settings: enable_bitmapscan = 'off', enable_seqscan = 'off', max_parallel_workers_per_gather = '0'
 Planning:
   Buffers: shared hit=117
 Planning Time: 0.210 ms
 Execution Time: 0.916 ms
(10 rows)

