SET
SET
SET
SET
SET
                                                                      QUERY PLAN                                                                       
-------------------------------------------------------------------------------------------------------------------------------------------------------
 Index Scan using idx on public.t (actual rows=2048576.00 loops=1)
   Output: a, b
   Index Cond: ((t.a >= 15424) AND (t.a <= 1039711))
   Index Searches: 1
   Prefetch: distance=265.076 count=2228101 stalls=27 skipped=63136 resets=0 ungets=242715 forwarded=9941
             histogram [2,4) => 24, [4,8) => 12, [8,16) => 13, [16,32) => 20, [32,64) => 24, [64,128) => 60, [128,256) => 255703, [256,512) => 1972245
   Buffers: shared hit=1887558 read=103188
 Settings: enable_bitmapscan = 'off', enable_seqscan = 'off', max_parallel_workers_per_gather = '0'
 Planning:
   Buffers: shared hit=82 read=26
 Planning Time: 2.148 ms
 Execution Time: 2368.963 ms
(12 rows)

SET
SET
SET
SET
SET
                                             QUERY PLAN                                             
----------------------------------------------------------------------------------------------------
 Index Scan using idx on public.t (actual rows=2048576.00 loops=1)
   Output: a, b
   Index Cond: ((t.a >= 15424) AND (t.a <= 1039711))
   Index Searches: 1
   Buffers: shared hit=1991043
 Settings: enable_bitmapscan = 'off', enable_seqscan = 'off', max_parallel_workers_per_gather = '0'
 Planning:
   Buffers: shared hit=113
 Planning Time: 0.222 ms
 Execution Time: 353.364 ms
(10 rows)

