SET
SET
SET
SET
SET
                                                                    QUERY PLAN                                                                    
--------------------------------------------------------------------------------------------------------------------------------------------------
 Index Scan using idx on public.t (actual rows=4048576.00 loops=1)
   Output: a, b
   Index Cond: ((t.a >= 17702) AND (t.a <= 2041989))
   Index Searches: 1
   Prefetch: distance=265.049 count=4402274 stalls=1 skipped=125125 resets=0 ungets=478825 forwarded=19801
             histogram [2,4) => 2, [4,8) => 6, [8,16) => 9, [16,32) => 13, [32,64) => 3, [64,128) => 2, [128,256) => 510965, [256,512) => 3891274
   Buffers: shared hit=3730027 read=203887
 Settings: enable_bitmapscan = 'off', enable_seqscan = 'off', max_parallel_workers_per_gather = '0'
 Planning:
   Buffers: shared hit=82 read=26
 Planning Time: 2.143 ms
 Execution Time: 4669.531 ms
(12 rows)

SET
SET
SET
SET
SET
                                             QUERY PLAN                                             
----------------------------------------------------------------------------------------------------
 Index Scan using idx on public.t (actual rows=4048576.00 loops=1)
   Output: a, b
   Index Cond: ((t.a >= 17702) AND (t.a <= 2041989))
   Index Searches: 1
   Buffers: shared hit=3934519
 Settings: enable_bitmapscan = 'off', enable_seqscan = 'off', max_parallel_workers_per_gather = '0'
 Planning:
   Buffers: shared hit=113
 Planning Time: 0.296 ms
 Execution Time: 693.558 ms
(10 rows)

