SET
SET
SET
SET
SET
                                                                QUERY PLAN                                                                
------------------------------------------------------------------------------------------------------------------------------------------
 Index Scan using idx on public.t (actual rows=1024.00 loops=1)
   Output: a, b
   Index Cond: ((t.a >= '-18448'::integer) AND (t.a <= '-18193'::integer))
   Index Searches: 1
   Prefetch: distance=255.673 count=1060 stalls=3 skipped=10 resets=0 ungets=92 forwarded=1
             histogram [2,4) => 4, [4,8) => 4, [8,16) => 7, [16,32) => 9, [32,64) => 7, [64,128) => 2, [128,256) => 175, [256,512) => 852
   Buffers: shared hit=877 read=145
 Settings: enable_bitmapscan = 'off', enable_seqscan = 'off', max_parallel_workers_per_gather = '0'
 Planning:
   Buffers: shared hit=86 read=26
 Planning Time: 1.898 ms
 Execution Time: 5.332 ms
(12 rows)

SET
SET
SET
SET
SET
                                             QUERY PLAN                                             
----------------------------------------------------------------------------------------------------
 Index Scan using idx on public.t (actual rows=1024.00 loops=1)
   Output: a, b
   Index Cond: ((t.a >= '-18448'::integer) AND (t.a <= '-18193'::integer))
   Index Searches: 1
   Buffers: shared hit=1022
 Settings: enable_bitmapscan = 'off', enable_seqscan = 'off', max_parallel_workers_per_gather = '0'
 Planning:
   Buffers: shared hit=117
 Planning Time: 0.183 ms
 Execution Time: 0.181 ms
(10 rows)

