SET
SET
SET
SET
SET
                                             QUERY PLAN                                             
----------------------------------------------------------------------------------------------------
 Index Scan using idx on public.t (actual rows=2048.00 loops=1)
   Output: a, b
   Index Cond: ((t.a >= '-30315'::integer) AND (t.a <= '-29804'::integer))
   Index Searches: 1
   Prefetch: distance=2.091 count=165 stalls=1497 skipped=27 resets=0 ungets=0 forwarded=1
             histogram [2,4) => 160, [4,8) => 5
   Buffers: shared hit=1830 read=192
 Settings: enable_bitmapscan = 'off', enable_seqscan = 'off', max_parallel_workers_per_gather = '0'
 Planning:
   Buffers: shared hit=86 read=26
 Planning Time: 1.920 ms
 Execution Time: 7.703 ms
(12 rows)

SET
SET
SET
SET
SET
                                             QUERY PLAN                                             
----------------------------------------------------------------------------------------------------
 Index Scan using idx on public.t (actual rows=2048.00 loops=1)
   Output: a, b
   Index Cond: ((t.a >= '-30315'::integer) AND (t.a <= '-29804'::integer))
   Index Searches: 1
   Buffers: shared hit=2022
 Settings: enable_bitmapscan = 'off', enable_seqscan = 'off', max_parallel_workers_per_gather = '0'
 Planning:
   Buffers: shared hit=117
 Planning Time: 0.177 ms
 Execution Time: 0.310 ms
(10 rows)

