SET
SET
SET
SET
SET
                                             QUERY PLAN                                             
----------------------------------------------------------------------------------------------------
 Index Scan using idx on public.t (actual rows=2048.00 loops=1)
   Output: a, b
   Index Cond: ((t.a >= 30242) AND (t.a <= 31265))
   Index Searches: 1
   Prefetch: distance=2.241 count=191 stalls=1626 skipped=70 resets=0 ungets=0 forwarded=0
             histogram [2,4) => 175, [4,8) => 16
   Buffers: shared hit=1844 read=139
 Settings: enable_bitmapscan = 'off', enable_seqscan = 'off', max_parallel_workers_per_gather = '0'
 Planning:
   Buffers: shared hit=86 read=26
 Planning Time: 2.148 ms
 Execution Time: 9.900 ms
(12 rows)

SET
SET
SET
SET
SET
                                             QUERY PLAN                                             
----------------------------------------------------------------------------------------------------
 Index Scan using idx on public.t (actual rows=2048.00 loops=1)
   Output: a, b
   Index Cond: ((t.a >= 30242) AND (t.a <= 31265))
   Index Searches: 1
   Buffers: shared hit=1983
 Settings: enable_bitmapscan = 'off', enable_seqscan = 'off', max_parallel_workers_per_gather = '0'
 Planning:
   Buffers: shared hit=117
 Planning Time: 0.197 ms
 Execution Time: 0.465 ms
(10 rows)

