SET
SET
SET
SET
SET
                                             QUERY PLAN                                             
----------------------------------------------------------------------------------------------------
 Index Scan using idx on public.t (actual rows=4096.00 loops=1)
   Output: a, b
   Index Cond: ((t.a >= 18946) AND (t.a <= 20993))
   Index Searches: 1
   Prefetch: distance=2.147 count=395 stalls=3484 skipped=104 resets=0 ungets=0 forwarded=0
             histogram [2,4) => 374, [4,8) => 21
   Buffers: shared hit=3759 read=245
 Settings: enable_bitmapscan = 'off', enable_seqscan = 'off', max_parallel_workers_per_gather = '0'
 Planning:
   Buffers: shared hit=86 read=26
 Planning Time: 2.133 ms
 Execution Time: 15.803 ms
(12 rows)

SET
SET
SET
SET
SET
                                             QUERY PLAN                                             
----------------------------------------------------------------------------------------------------
 Index Scan using idx on public.t (actual rows=4096.00 loops=1)
   Output: a, b
   Index Cond: ((t.a >= 18946) AND (t.a <= 20993))
   Index Searches: 1
   Buffers: shared hit=4004
 Settings: enable_bitmapscan = 'off', enable_seqscan = 'off', max_parallel_workers_per_gather = '0'
 Planning:
   Buffers: shared hit=117
 Planning Time: 0.185 ms
 Execution Time: 0.940 ms
(10 rows)

