SET
SET
SET
SET
SET
                                                                     QUERY PLAN                                                                      
-----------------------------------------------------------------------------------------------------------------------------------------------------
 Index Scan using idx on public.t (actual rows=1048576.00 loops=1)
   Output: a, b
   Index Cond: ((t.a >= 13822) AND (t.a <= 538109))
   Index Searches: 1
   Prefetch: distance=265.059 count=1140748 stalls=6 skipped=32158 resets=0 ungets=124365 forwarded=5079
             histogram [2,4) => 6, [4,8) => 9, [8,16) => 24, [16,32) => 27, [32,64) => 32, [64,128) => 60, [128,256) => 131079, [256,512) => 1009511
   Buffers: shared hit=966309 read=52834
 Settings: enable_bitmapscan = 'off', enable_seqscan = 'off', max_parallel_workers_per_gather = '0'
 Planning:
   Buffers: shared hit=82 read=26
 Planning Time: 2.127 ms
 Execution Time: 1237.993 ms
(12 rows)

SET
SET
SET
SET
SET
                                             QUERY PLAN                                             
----------------------------------------------------------------------------------------------------
 Index Scan using idx on public.t (actual rows=1048576.00 loops=1)
   Output: a, b
   Index Cond: ((t.a >= 13822) AND (t.a <= 538109))
   Index Searches: 1
   Buffers: shared hit=1019287
 Settings: enable_bitmapscan = 'off', enable_seqscan = 'off', max_parallel_workers_per_gather = '0'
 Planning:
   Buffers: shared hit=113
 Planning Time: 0.226 ms
 Execution Time: 178.156 ms
(10 rows)

