SET
SET
SET
SET
SET
                                                                  QUERY PLAN                                                                  
----------------------------------------------------------------------------------------------------------------------------------------------
 Index Scan using idx on public.t (actual rows=32768.00 loops=1)
   Output: a, b
   Index Cond: ((t.a >= 4923) AND (t.a <= 21306))
   Index Searches: 1
   Prefetch: distance=264.961 count=35627 stalls=1 skipped=1056 resets=0 ungets=3923 forwarded=164
             histogram [2,4) => 4, [4,8) => 4, [8,16) => 7, [16,32) => 12, [32,64) => 2, [64,128) => 2, [128,256) => 4012, [256,512) => 31584
   Buffers: shared hit=30117 read=1687
 Settings: enable_bitmapscan = 'off', enable_seqscan = 'off', max_parallel_workers_per_gather = '0'
 Planning:
   Buffers: shared hit=86 read=26
 Planning Time: 2.142 ms
 Execution Time: 40.368 ms
(12 rows)

SET
SET
SET
SET
SET
                                             QUERY PLAN                                             
----------------------------------------------------------------------------------------------------
 Index Scan using idx on public.t (actual rows=32768.00 loops=1)
   Output: a, b
   Index Cond: ((t.a >= 4923) AND (t.a <= 21306))
   Index Searches: 1
   Buffers: shared hit=31808
 Settings: enable_bitmapscan = 'off', enable_seqscan = 'off', max_parallel_workers_per_gather = '0'
 Planning:
   Buffers: shared hit=117
 Planning Time: 0.210 ms
 Execution Time: 5.503 ms
(10 rows)

