SET
SET
SET
SET
SET
                                                                   QUERY PLAN                                                                   
------------------------------------------------------------------------------------------------------------------------------------------------
 Index Scan using idx on public.t (actual rows=16384.00 loops=1)
   Output: a, b
   Index Cond: ((t.a >= '-26622'::integer) AND (t.a <= '-22527'::integer))
   Index Searches: 1
   Prefetch: distance=260.207 count=16318 stalls=2 skipped=226 resets=0 ungets=237 forwarded=12
             histogram [2,4) => 2, [4,8) => 5, [8,16) => 12, [16,32) => 12, [32,64) => 14, [64,128) => 2, [128,256) => 3899, [256,512) => 12372
   Buffers: shared hit=15292 read=893
 Settings: enable_bitmapscan = 'off', enable_seqscan = 'off', max_parallel_workers_per_gather = '0'
 Planning:
   Buffers: shared hit=86 read=26
 Planning Time: 1.875 ms
 Execution Time: 9.586 ms
(12 rows)

SET
SET
SET
SET
SET
                                             QUERY PLAN                                             
----------------------------------------------------------------------------------------------------
 Index Scan using idx on public.t (actual rows=16384.00 loops=1)
   Output: a, b
   Index Cond: ((t.a >= '-26622'::integer) AND (t.a <= '-22527'::integer))
   Index Searches: 1
   Buffers: shared hit=16185
 Settings: enable_bitmapscan = 'off', enable_seqscan = 'off', max_parallel_workers_per_gather = '0'
 Planning:
   Buffers: shared hit=117
 Planning Time: 0.201 ms
 Execution Time: 2.766 ms
(10 rows)

