SET
SET
SET
SET
SET
                                             QUERY PLAN                                             
----------------------------------------------------------------------------------------------------
 Index Scan using idx on public.t (actual rows=1024.00 loops=1)
   Output: a, b
   Index Cond: ((t.a >= 28162) AND (t.a <= 28673))
   Index Searches: 1
   Prefetch: distance=2.034 count=89 stalls=802 skipped=32 resets=0 ungets=0 forwarded=0
             histogram [2,4) => 88, [4,8) => 1
   Buffers: shared hit=910 read=88
 Settings: enable_bitmapscan = 'off', enable_seqscan = 'off', max_parallel_workers_per_gather = '0'
 Planning:
   Buffers: shared hit=86 read=26
 Planning Time: 1.395 ms
 Execution Time: 7.364 ms
(12 rows)

SET
SET
SET
SET
SET
                                             QUERY PLAN                                             
----------------------------------------------------------------------------------------------------
 Index Scan using idx on public.t (actual rows=1024.00 loops=1)
   Output: a, b
   Index Cond: ((t.a >= 28162) AND (t.a <= 28673))
   Index Searches: 1
   Buffers: shared hit=998
 Settings: enable_bitmapscan = 'off', enable_seqscan = 'off', max_parallel_workers_per_gather = '0'
 Planning:
   Buffers: shared hit=117
 Planning Time: 0.197 ms
 Execution Time: 0.265 ms
(10 rows)

