SET
SET
SET
SET
SET
                                             QUERY PLAN                                             
----------------------------------------------------------------------------------------------------
 Index Scan using idx on public.t (actual rows=4096.00 loops=1)
   Output: a, b
   Index Cond: ((t.a >= 27989) AND (t.a <= 30036))
   Index Searches: 1
   Prefetch: distance=2.088 count=373 stalls=3346 skipped=112 resets=0 ungets=0 forwarded=1
             histogram [2,4) => 362, [4,8) => 11
   Buffers: shared hit=3752 read=244
 Settings: enable_bitmapscan = 'off', enable_seqscan = 'off', max_parallel_workers_per_gather = '0'
 Planning:
   Buffers: shared hit=86 read=26
 Planning Time: 2.121 ms
 Execution Time: 17.128 ms
(12 rows)

SET
SET
SET
SET
SET
                                             QUERY PLAN                                             
----------------------------------------------------------------------------------------------------
 Index Scan using idx on public.t (actual rows=4096.00 loops=1)
   Output: a, b
   Index Cond: ((t.a >= 27989) AND (t.a <= 30036))
   Index Searches: 1
   Buffers: shared hit=3996
 Settings: enable_bitmapscan = 'off', enable_seqscan = 'off', max_parallel_workers_per_gather = '0'
 Planning:
   Buffers: shared hit=117
 Planning Time: 0.184 ms
 Execution Time: 0.744 ms
(10 rows)

