SET
SET
SET
SET
SET
                                                                 QUERY PLAN                                                                  
---------------------------------------------------------------------------------------------------------------------------------------------
 Index Scan using idx on public.t (actual rows=512.00 loops=1)
   Output: a, b
   Index Cond: ((t.a >= '-14184'::integer) AND (t.a <= '-13929'::integer))
   Index Searches: 1
   Prefetch: distance=229.919 count=507 stalls=4 skipped=12 resets=0 ungets=48 forwarded=3
             histogram [2,4) => 4, [4,8) => 6, [8,16) => 11, [16,32) => 16, [32,64) => 27, [64,128) => 17, [128,256) => 41, [256,512) => 385
   Buffers: shared hit=440 read=66
 Settings: enable_bitmapscan = 'off', enable_seqscan = 'off', max_parallel_workers_per_gather = '0'
 Planning:
   Buffers: shared hit=82 read=27
 Planning Time: 1.039 ms
 Execution Time: 2.878 ms
(12 rows)

SET
SET
SET
SET
SET
                                             QUERY PLAN                                             
----------------------------------------------------------------------------------------------------
 Index Scan using idx on public.t (actual rows=512.00 loops=1)
   Output: a, b
   Index Cond: ((t.a >= '-14184'::integer) AND (t.a <= '-13929'::integer))
   Index Searches: 1
   Buffers: shared hit=506
 Settings: enable_bitmapscan = 'off', enable_seqscan = 'off', max_parallel_workers_per_gather = '0'
 Planning:
   Buffers: shared hit=114
 Planning Time: 0.214 ms
 Execution Time: 0.178 ms
(10 rows)

