SET
SET
SET
SET
SET
                                             QUERY PLAN                                             
----------------------------------------------------------------------------------------------------
 Index Scan using idx on public.t (actual rows=2048.00 loops=1)
   Output: a, b
   Index Cond: ((t.a >= '-20965'::integer) AND (t.a <= '-19942'::integer))
   Index Searches: 1
   Prefetch: distance=2.085 count=212 stalls=1712 skipped=67 resets=0 ungets=0 forwarded=0
             histogram [2,4) => 206, [4,8) => 6
   Buffers: shared hit=1849 read=143
 Settings: enable_bitmapscan = 'off', enable_seqscan = 'off', max_parallel_workers_per_gather = '0'
 Planning:
   Buffers: shared hit=82 read=27
 Planning Time: 2.178 ms
 Execution Time: 10.836 ms
(12 rows)

SET
SET
SET
SET
SET
                                             QUERY PLAN                                             
----------------------------------------------------------------------------------------------------
 Index Scan using idx on public.t (actual rows=2048.00 loops=1)
   Output: a, b
   Index Cond: ((t.a >= '-20965'::integer) AND (t.a <= '-19942'::integer))
   Index Searches: 1
   Buffers: shared hit=1992
 Settings: enable_bitmapscan = 'off', enable_seqscan = 'off', max_parallel_workers_per_gather = '0'
 Planning:
   Buffers: shared hit=114
 Planning Time: 0.243 ms
 Execution Time: 0.502 ms
(10 rows)

