SET
SET
SET
SET
SET
                                             QUERY PLAN                                             
----------------------------------------------------------------------------------------------------
 Index Scan using idx on public.t (actual rows=4096.00 loops=1)
   Output: a, b
   Index Cond: ((t.a >= '-32059'::integer) AND (t.a <= '-30012'::integer))
   Index Searches: 1
   Prefetch: distance=2.174 count=384 stalls=3307 skipped=120 resets=0 ungets=0 forwarded=1
             histogram [2,4) => 361, [4,8) => 23
   Buffers: shared hit=3739 read=243
 Settings: enable_bitmapscan = 'off', enable_seqscan = 'off', max_parallel_workers_per_gather = '0'
 Planning:
   Buffers: shared hit=82 read=27
 Planning Time: 2.191 ms
 Execution Time: 17.005 ms
(12 rows)

SET
SET
SET
SET
SET
                                             QUERY PLAN                                             
----------------------------------------------------------------------------------------------------
 Index Scan using idx on public.t (actual rows=4096.00 loops=1)
   Output: a, b
   Index Cond: ((t.a >= '-32059'::integer) AND (t.a <= '-30012'::integer))
   Index Searches: 1
   Buffers: shared hit=3982
 Settings: enable_bitmapscan = 'off', enable_seqscan = 'off', max_parallel_workers_per_gather = '0'
 Planning:
   Buffers: shared hit=114
 Planning Time: 0.157 ms
 Execution Time: 0.561 ms
(10 rows)

