SET
SET
SET
SET
SET
                                                                    QUERY PLAN                                                                     
---------------------------------------------------------------------------------------------------------------------------------------------------
 Index Scan using idx on public.t (actual rows=8048576.00 loops=1)
   Output: a, b
   Index Cond: ((t.a >= '-4048221'::integer) AND (t.a <= '-23934'::integer))
   Index Searches: 1
   Prefetch: distance=264.943 count=8739963 stalls=1 skipped=248631 resets=0 ungets=940026 forwarded=38291
             histogram [2,4) => 2, [4,8) => 6, [8,16) => 9, [16,32) => 12, [32,64) => 2, [64,128) => 3, [128,256) => 1044232, [256,512) => 7695697
   Buffers: shared hit=7415545 read=405293
 Settings: enable_bitmapscan = 'off', enable_seqscan = 'off', max_parallel_workers_per_gather = '0'
 Planning:
   Buffers: shared hit=78 read=27
 Planning Time: 2.173 ms
 Execution Time: 9258.385 ms
(12 rows)

SET
SET
SET
SET
SET
                                             QUERY PLAN                                             
----------------------------------------------------------------------------------------------------
 Index Scan using idx on public.t (actual rows=8048576.00 loops=1)
   Output: a, b
   Index Cond: ((t.a >= '-4048221'::integer) AND (t.a <= '-23934'::integer))
   Index Searches: 1
   Buffers: shared hit=7821942
 Settings: enable_bitmapscan = 'off', enable_seqscan = 'off', max_parallel_workers_per_gather = '0'
 Planning:
   Buffers: shared hit=110
 Planning Time: 0.240 ms
 Execution Time: 1347.038 ms
(10 rows)

