SET
SET
SET
SET
SET
                                                               QUERY PLAN                                                               
----------------------------------------------------------------------------------------------------------------------------------------
 Index Scan using idx on public.t (actual rows=128.00 loops=1)
   Output: a, b
   Index Cond: ((t.a >= '-3191'::integer) AND (t.a <= '-3128'::integer))
   Index Searches: 1
   Prefetch: distance=190.566 count=129 stalls=2 skipped=4 resets=0 ungets=18 forwarded=1
             histogram [2,4) => 4, [4,8) => 4, [8,16) => 15, [16,32) => 9, [32,64) => 5, [64,128) => 3, [128,256) => 2, [256,512) => 87
   Buffers: shared hit=89 read=42
 Settings: enable_bitmapscan = 'off', enable_seqscan = 'off', max_parallel_workers_per_gather = '0'
 Planning:
   Buffers: shared hit=82 read=27
 Planning Time: 1.023 ms
 Execution Time: 1.902 ms
(12 rows)

SET
SET
SET
SET
SET
                                             QUERY PLAN                                             
----------------------------------------------------------------------------------------------------
 Index Scan using idx on public.t (actual rows=128.00 loops=1)
   Output: a, b
   Index Cond: ((t.a >= '-3191'::integer) AND (t.a <= '-3128'::integer))
   Index Searches: 1
   Buffers: shared hit=131
 Settings: enable_bitmapscan = 'off', enable_seqscan = 'off', max_parallel_workers_per_gather = '0'
 Planning:
   Buffers: shared hit=114
 Planning Time: 0.198 ms
 Execution Time: 0.089 ms
(10 rows)

