SET
SET
SET
SET
SET
                                             QUERY PLAN                                             
----------------------------------------------------------------------------------------------------
 Index Scan using idx on public.t (actual rows=4096.00 loops=1)
   Output: a, b
   Index Cond: ((t.a >= '-18500'::integer) AND (t.a <= '-16453'::integer))
   Index Searches: 1
   Prefetch: distance=2.065 count=368 stalls=3349 skipped=128 resets=0 ungets=0 forwarded=0
             histogram [2,4) => 360, [4,8) => 8
   Buffers: shared hit=3736 read=244
 Settings: enable_bitmapscan = 'off', enable_seqscan = 'off', max_parallel_workers_per_gather = '0'
 Planning:
   Buffers: shared hit=82 read=27
 Planning Time: 2.252 ms
 Execution Time: 17.382 ms
(12 rows)

SET
SET
SET
SET
SET
                                             QUERY PLAN                                             
----------------------------------------------------------------------------------------------------
 Index Scan using idx on public.t (actual rows=4096.00 loops=1)
   Output: a, b
   Index Cond: ((t.a >= '-18500'::integer) AND (t.a <= '-16453'::integer))
   Index Searches: 1
   Buffers: shared hit=3980
 Settings: enable_bitmapscan = 'off', enable_seqscan = 'off', max_parallel_workers_per_gather = '0'
 Planning:
   Buffers: shared hit=114
 Planning Time: 0.184 ms
 Execution Time: 0.598 ms
(10 rows)

