SET
SET
SET
SET
SET
                                             QUERY PLAN                                             
----------------------------------------------------------------------------------------------------
 Index Scan using idx on public.t (actual rows=4096.00 loops=1)
   Output: a, b
   Index Cond: ((t.a >= '-11295'::integer) AND (t.a <= '-9248'::integer))
   Index Searches: 1
   Prefetch: distance=2.246 count=402 stalls=3436 skipped=143 resets=0 ungets=0 forwarded=1
             histogram [2,4) => 371, [4,8) => 30, [8,16) => 1
   Buffers: shared hit=3725 read=243
 Settings: enable_bitmapscan = 'off', enable_seqscan = 'off', max_parallel_workers_per_gather = '0'
 Planning:
   Buffers: shared hit=82 read=27
 Planning Time: 2.125 ms
 Execution Time: 17.634 ms
(12 rows)

SET
SET
SET
SET
SET
                                             QUERY PLAN                                             
----------------------------------------------------------------------------------------------------
 Index Scan using idx on public.t (actual rows=4096.00 loops=1)
   Output: a, b
   Index Cond: ((t.a >= '-11295'::integer) AND (t.a <= '-9248'::integer))
   Index Searches: 1
   Buffers: shared hit=3968
 Settings: enable_bitmapscan = 'off', enable_seqscan = 'off', max_parallel_workers_per_gather = '0'
 Planning:
   Buffers: shared hit=114
 Planning Time: 0.209 ms
 Execution Time: 0.823 ms
(10 rows)

