SET
SET
SET
SET
SET
                                                                 QUERY PLAN                                                                  
---------------------------------------------------------------------------------------------------------------------------------------------
 Index Scan using idx on public.t (actual rows=1024.00 loops=1)
   Output: a, b
   Index Cond: ((t.a >= '-14911'::integer) AND (t.a <= '-14400'::integer))
   Index Searches: 1
   Prefetch: distance=251.034 count=1070 stalls=4 skipped=30 resets=0 ungets=107 forwarded=2
             histogram [2,4) => 6, [4,8) => 5, [8,16) => 5, [16,32) => 15, [32,64) => 18, [64,128) => 10, [128,256) => 156, [256,512) => 855
   Buffers: shared hit=911 read=90
 Settings: enable_bitmapscan = 'off', enable_seqscan = 'off', max_parallel_workers_per_gather = '0'
 Planning:
   Buffers: shared hit=82 read=27
 Planning Time: 1.500 ms
 Execution Time: 3.266 ms
(12 rows)

SET
SET
SET
SET
SET
                                             QUERY PLAN                                             
----------------------------------------------------------------------------------------------------
 Index Scan using idx on public.t (actual rows=1024.00 loops=1)
   Output: a, b
   Index Cond: ((t.a >= '-14911'::integer) AND (t.a <= '-14400'::integer))
   Index Searches: 1
   Buffers: shared hit=1001
 Settings: enable_bitmapscan = 'off', enable_seqscan = 'off', max_parallel_workers_per_gather = '0'
 Planning:
   Buffers: shared hit=114
 Planning Time: 0.197 ms
 Execution Time: 0.252 ms
(10 rows)

