SET
SET
SET
SET
SET
                                                                      QUERY PLAN                                                                       
-------------------------------------------------------------------------------------------------------------------------------------------------------
 Index Scan using idx on public.t (actual rows=4048576.00 loops=1)
   Output: a, b
   Index Cond: ((t.a >= '-2039618'::integer) AND (t.a <= '-15331'::integer))
   Index Searches: 1
   Prefetch: distance=264.960 count=4396099 stalls=26 skipped=125262 resets=0 ungets=472828 forwarded=19235
             histogram [2,4) => 24, [4,8) => 17, [8,16) => 14, [16,32) => 28, [32,64) => 29, [64,128) => 59, [128,256) => 521440, [256,512) => 3874488
   Buffers: shared hit=3729919 read=203888
 Settings: enable_bitmapscan = 'off', enable_seqscan = 'off', max_parallel_workers_per_gather = '0'
 Planning:
   Buffers: shared hit=78 read=27
 Planning Time: 2.137 ms
 Execution Time: 4660.834 ms
(12 rows)

SET
SET
SET
SET
SET
                                             QUERY PLAN                                             
----------------------------------------------------------------------------------------------------
 Index Scan using idx on public.t (actual rows=4048576.00 loops=1)
   Output: a, b
   Index Cond: ((t.a >= '-2039618'::integer) AND (t.a <= '-15331'::integer))
   Index Searches: 1
   Buffers: shared hit=3934380
 Settings: enable_bitmapscan = 'off', enable_seqscan = 'off', max_parallel_workers_per_gather = '0'
 Planning:
   Buffers: shared hit=110
 Planning Time: 0.239 ms
 Execution Time: 679.887 ms
(10 rows)

