SET
SET
SET
SET
SET
                                                                     QUERY PLAN                                                                     
----------------------------------------------------------------------------------------------------------------------------------------------------
 Index Scan using idx on public.t (actual rows=9048576.00 loops=1)
   Output: a, b
   Index Cond: ((t.a >= '-4533362'::integer) AND (t.a <= '-9075'::integer))
   Index Searches: 1
   Prefetch: distance=264.939 count=9825680 stalls=1 skipped=279771 resets=0 ungets=1056899 forwarded=43092
             histogram [2,4) => 6, [4,8) => 5, [8,16) => 8, [16,32) => 14, [32,64) => 21, [64,128) => 9, [128,256) => 1174469, [256,512) => 8651148
   Buffers: shared hit=8336621 read=455647
 Settings: enable_bitmapscan = 'off', enable_seqscan = 'off', max_parallel_workers_per_gather = '0'
 Planning:
   Buffers: shared hit=78 read=27
 Planning Time: 2.187 ms
 Execution Time: 10376.024 ms
(12 rows)

SET
SET
SET
SET
SET
                                             QUERY PLAN                                             
----------------------------------------------------------------------------------------------------
 Index Scan using idx on public.t (actual rows=9048576.00 loops=1)
   Output: a, b
   Index Cond: ((t.a >= '-4533362'::integer) AND (t.a <= '-9075'::integer))
   Index Searches: 1
   Buffers: shared hit=8793534
 Settings: enable_bitmapscan = 'off', enable_seqscan = 'off', max_parallel_workers_per_gather = '0'
 Planning:
   Buffers: shared hit=110
 Planning Time: 0.245 ms
 Execution Time: 1519.970 ms
(10 rows)

