SET
SET
SET
SET
SET
                                                                QUERY PLAN                                                                 
-------------------------------------------------------------------------------------------------------------------------------------------
 Index Scan using idx on public.t (actual rows=256.00 loops=1)
   Output: a, b
   Index Cond: ((t.a >= '-28448'::integer) AND (t.a <= '-28321'::integer))
   Index Searches: 1
   Prefetch: distance=226.642 count=260 stalls=4 skipped=8 resets=0 ungets=33 forwarded=1
             histogram [2,4) => 4, [4,8) => 6, [8,16) => 6, [16,32) => 10, [32,64) => 15, [64,128) => 2, [128,256) => 25, [256,512) => 192
   Buffers: shared hit=206 read=49
 Settings: enable_bitmapscan = 'off', enable_seqscan = 'off', max_parallel_workers_per_gather = '0'
 Planning:
   Buffers: shared hit=82 read=27
 Planning Time: 1.794 ms
 Execution Time: 2.155 ms
(12 rows)

SET
SET
SET
SET
SET
                                             QUERY PLAN                                             
----------------------------------------------------------------------------------------------------
 Index Scan using idx on public.t (actual rows=256.00 loops=1)
   Output: a, b
   Index Cond: ((t.a >= '-28448'::integer) AND (t.a <= '-28321'::integer))
   Index Searches: 1
   Buffers: shared hit=255
 Settings: enable_bitmapscan = 'off', enable_seqscan = 'off', max_parallel_workers_per_gather = '0'
 Planning:
   Buffers: shared hit=114
 Planning Time: 0.138 ms
 Execution Time: 0.070 ms
(10 rows)

