SET
SET
SET
SET
SET
                                                                  QUERY PLAN                                                                   
-----------------------------------------------------------------------------------------------------------------------------------------------
 Index Scan using idx on public.t (actual rows=16384.00 loops=1)
   Output: a, b
   Index Cond: ((t.a >= '-20576'::integer) AND (t.a <= '-12385'::integer))
   Index Searches: 1
   Prefetch: distance=263.855 count=17793 stalls=1 skipped=513 resets=0 ungets=1934 forwarded=89
             histogram [2,4) => 4, [4,8) => 4, [8,16) => 9, [16,32) => 11, [32,64) => 22, [64,128) => 2, [128,256) => 2208, [256,512) => 15533
   Buffers: shared hit=15059 read=862
 Settings: enable_bitmapscan = 'off', enable_seqscan = 'off', max_parallel_workers_per_gather = '0'
 Planning:
   Buffers: shared hit=82 read=27
 Planning Time: 2.140 ms
 Execution Time: 21.397 ms
(12 rows)

SET
SET
SET
SET
SET
                                             QUERY PLAN                                             
----------------------------------------------------------------------------------------------------
 Index Scan using idx on public.t (actual rows=16384.00 loops=1)
   Output: a, b
   Index Cond: ((t.a >= '-20576'::integer) AND (t.a <= '-12385'::integer))
   Index Searches: 1
   Buffers: shared hit=15921
 Settings: enable_bitmapscan = 'off', enable_seqscan = 'off', max_parallel_workers_per_gather = '0'
 Planning:
   Buffers: shared hit=114
 Planning Time: 0.244 ms
 Execution Time: 2.830 ms
(10 rows)

