SET
SET
SET
SET
SET
                                             QUERY PLAN                                             
----------------------------------------------------------------------------------------------------
 Index Scan using idx on public.t (actual rows=2048.00 loops=1)
   Output: a, b
   Index Cond: ((t.a >= '-23788'::integer) AND (t.a <= '-22765'::integer))
   Index Searches: 1
   Prefetch: distance=2.067 count=178 stalls=1588 skipped=69 resets=0 ungets=0 forwarded=0
             histogram [2,4) => 174, [4,8) => 4
   Buffers: shared hit=1844 read=138
 Settings: enable_bitmapscan = 'off', enable_seqscan = 'off', max_parallel_workers_per_gather = '0'
 Planning:
   Buffers: shared hit=82 read=27
 Planning Time: 1.181 ms
 Execution Time: 10.978 ms
(12 rows)

SET
SET
SET
SET
SET
                                             QUERY PLAN                                             
----------------------------------------------------------------------------------------------------
 Index Scan using idx on public.t (actual rows=2048.00 loops=1)
   Output: a, b
   Index Cond: ((t.a >= '-23788'::integer) AND (t.a <= '-22765'::integer))
   Index Searches: 1
   Buffers: shared hit=1982
 Settings: enable_bitmapscan = 'off', enable_seqscan = 'off', max_parallel_workers_per_gather = '0'
 Planning:
   Buffers: shared hit=114
 Planning Time: 0.155 ms
 Execution Time: 0.272 ms
(10 rows)

