SET
SET
SET
SET
SET
                                             QUERY PLAN                                             
----------------------------------------------------------------------------------------------------
 Index Scan using idx on public.t (actual rows=4096.00 loops=1)
   Output: a, b
   Index Cond: ((t.a >= '-8041'::integer) AND (t.a <= '-5994'::integer))
   Index Searches: 1
   Prefetch: distance=2.161 count=391 stalls=3400 skipped=110 resets=0 ungets=0 forwarded=0
             histogram [2,4) => 370, [4,8) => 21
   Buffers: shared hit=3757 read=242
 Settings: enable_bitmapscan = 'off', enable_seqscan = 'off', max_parallel_workers_per_gather = '0'
 Planning:
   Buffers: shared hit=82 read=27
 Planning Time: 2.178 ms
 Execution Time: 19.252 ms
(12 rows)

SET
SET
SET
SET
SET
                                             QUERY PLAN                                             
----------------------------------------------------------------------------------------------------
 Index Scan using idx on public.t (actual rows=4096.00 loops=1)
   Output: a, b
   Index Cond: ((t.a >= '-8041'::integer) AND (t.a <= '-5994'::integer))
   Index Searches: 1
   Buffers: shared hit=3999
 Settings: enable_bitmapscan = 'off', enable_seqscan = 'off', max_parallel_workers_per_gather = '0'
 Planning:
   Buffers: shared hit=114
 Planning Time: 0.198 ms
 Execution Time: 0.818 ms
(10 rows)

