SET
SET
SET
SET
SET
                                             QUERY PLAN                                             
----------------------------------------------------------------------------------------------------
 Index Scan Backward using idx on public.t (actual rows=512.00 loops=1)
   Output: a, b
   Index Cond: ((t.a >= '-16140'::integer) AND (t.a <= '-15885'::integer))
   Index Searches: 1
   Prefetch: distance=2.000 count=26 stalls=254 skipped=11 resets=0 ungets=0 forwarded=0
             histogram [2,4) => 26
   Buffers: shared hit=437 read=65
 Settings: enable_bitmapscan = 'off', enable_seqscan = 'off', max_parallel_workers_per_gather = '0'
 Planning:
   Buffers: shared hit=86 read=27
 Planning Time: 1.416 ms
 Execution Time: 3.301 ms
(12 rows)

SET
SET
SET
SET
SET
                                             QUERY PLAN                                             
----------------------------------------------------------------------------------------------------
 Index Scan Backward using idx on public.t (actual rows=512.00 loops=1)
   Output: a, b
   Index Cond: ((t.a >= '-16140'::integer) AND (t.a <= '-15885'::integer))
   Index Searches: 1
   Buffers: shared hit=502
 Settings: enable_bitmapscan = 'off', enable_seqscan = 'off', max_parallel_workers_per_gather = '0'
 Planning:
   Buffers: shared hit=118
 Planning Time: 0.162 ms
 Execution Time: 0.098 ms
(10 rows)

