SET
SET
SET
SET
SET
                                             QUERY PLAN                                             
----------------------------------------------------------------------------------------------------
 Index Scan Backward using idx on public.t (actual rows=2048.00 loops=1)
   Output: a, b
   Index Cond: ((t.a >= '-10101'::integer) AND (t.a <= '-9078'::integer))
   Index Searches: 1
   Prefetch: distance=2.162 count=173 stalls=1522 skipped=60 resets=0 ungets=0 forwarded=0
             histogram [2,4) => 164, [4,8) => 9
   Buffers: shared hit=1854 read=137
 Settings: enable_bitmapscan = 'off', enable_seqscan = 'off', max_parallel_workers_per_gather = '0'
 Planning:
   Buffers: shared hit=86 read=27
 Planning Time: 1.372 ms
 Execution Time: 4.424 ms
(12 rows)

SET
SET
SET
SET
SET
                                             QUERY PLAN                                             
----------------------------------------------------------------------------------------------------
 Index Scan Backward using idx on public.t (actual rows=2048.00 loops=1)
   Output: a, b
   Index Cond: ((t.a >= '-10101'::integer) AND (t.a <= '-9078'::integer))
   Index Searches: 1
   Buffers: shared hit=1991
 Settings: enable_bitmapscan = 'off', enable_seqscan = 'off', max_parallel_workers_per_gather = '0'
 Planning:
   Buffers: shared hit=118
 Planning Time: 0.197 ms
 Execution Time: 0.436 ms
(10 rows)

