SET
SET
SET
SET
SET
                                             QUERY PLAN                                             
----------------------------------------------------------------------------------------------------
 Index Scan Backward using idx on public.t (actual rows=1024.00 loops=1)
   Output: a, b
   Index Cond: ((t.a >= '-25824'::integer) AND (t.a <= '-25313'::integer))
   Index Searches: 1
   Prefetch: distance=3.351 count=151 stalls=812 skipped=30 resets=0 ungets=0 forwarded=0
             histogram [2,4) => 102, [4,8) => 39, [8,16) => 10
   Buffers: shared hit=911 read=90
 Settings: enable_bitmapscan = 'off', enable_seqscan = 'off', max_parallel_workers_per_gather = '0'
 Planning:
   Buffers: shared hit=86 read=27
 Planning Time: 1.369 ms
 Execution Time: 3.286 ms
(12 rows)

SET
SET
SET
SET
SET
                                             QUERY PLAN                                             
----------------------------------------------------------------------------------------------------
 Index Scan Backward using idx on public.t (actual rows=1024.00 loops=1)
   Output: a, b
   Index Cond: ((t.a >= '-25824'::integer) AND (t.a <= '-25313'::integer))
   Index Searches: 1
   Buffers: shared hit=1001
 Settings: enable_bitmapscan = 'off', enable_seqscan = 'off', max_parallel_workers_per_gather = '0'
 Planning:
   Buffers: shared hit=118
 Planning Time: 0.223 ms
 Execution Time: 0.274 ms
(10 rows)

