SET
SET
SET
SET
SET
                                                                QUERY PLAN                                                                
------------------------------------------------------------------------------------------------------------------------------------------
 Index Scan Backward using idx on public.t (actual rows=128.00 loops=1)
   Output: a, b
   Index Cond: ((t.a >= '-32521'::integer) AND (t.a <= '-32458'::integer))
   Index Searches: 1
   Prefetch: distance=171.273 count=121 stalls=2 skipped=6 resets=0 ungets=16 forwarded=0
             histogram [2,4) => 10, [4,8) => 4, [8,16) => 11, [16,32) => 10, [32,64) => 9, [64,128) => 2, [128,256) => 3, [256,512) => 72
   Buffers: shared hit=83 read=46
 Settings: enable_bitmapscan = 'off', enable_seqscan = 'off', max_parallel_workers_per_gather = '0'
 Planning:
   Buffers: shared hit=86 read=27
 Planning Time: 1.402 ms
 Execution Time: 2.611 ms
(12 rows)

SET
SET
SET
SET
SET
                                             QUERY PLAN                                             
----------------------------------------------------------------------------------------------------
 Index Scan Backward using idx on public.t (actual rows=128.00 loops=1)
   Output: a, b
   Index Cond: ((t.a >= '-32521'::integer) AND (t.a <= '-32458'::integer))
   Index Searches: 1
   Buffers: shared hit=129
 Settings: enable_bitmapscan = 'off', enable_seqscan = 'off', max_parallel_workers_per_gather = '0'
 Planning:
   Buffers: shared hit=118
 Planning Time: 0.202 ms
 Execution Time: 0.093 ms
(10 rows)

