SET
SET
SET
SET
SET
                                             QUERY PLAN                                             
----------------------------------------------------------------------------------------------------
 Index Scan Backward using idx on public.t (actual rows=512.00 loops=1)
   Output: a, b
   Index Cond: ((t.a >= '-2174'::integer) AND (t.a <= '-1919'::integer))
   Index Searches: 1
   Prefetch: distance=2.000 count=18 stalls=149 skipped=8 resets=0 ungets=0 forwarded=0
             histogram [2,4) => 18
   Buffers: shared hit=438 read=63
 Settings: enable_bitmapscan = 'off', enable_seqscan = 'off', max_parallel_workers_per_gather = '0'
 Planning:
   Buffers: shared hit=86 read=27
 Planning Time: 1.926 ms
 Execution Time: 2.703 ms
(12 rows)

SET
SET
SET
SET
SET
                                             QUERY PLAN                                             
----------------------------------------------------------------------------------------------------
 Index Scan Backward using idx on public.t (actual rows=512.00 loops=1)
   Output: a, b
   Index Cond: ((t.a >= '-2174'::integer) AND (t.a <= '-1919'::integer))
   Index Searches: 1
   Buffers: shared hit=501
 Settings: enable_bitmapscan = 'off', enable_seqscan = 'off', max_parallel_workers_per_gather = '0'
 Planning:
   Buffers: shared hit=118
 Planning Time: 0.208 ms
 Execution Time: 0.175 ms
(10 rows)

