SET
SET
SET
SET
SET
                                                                  QUERY PLAN                                                                  
----------------------------------------------------------------------------------------------------------------------------------------------
 Index Scan Backward using idx on public.t (actual rows=2048.00 loops=1)
   Output: a, b
   Index Cond: ((t.a >= '-29632'::integer) AND (t.a <= '-28609'::integer))
   Index Searches: 1
   Prefetch: distance=247.498 count=1997 stalls=5 skipped=80 resets=0 ungets=61 forwarded=0
             histogram [2,4) => 6, [4,8) => 6, [8,16) => 9, [16,32) => 18, [32,64) => 32, [64,128) => 44, [128,256) => 410, [256,512) => 1472
   Buffers: shared hit=1841 read=139
 Settings: enable_bitmapscan = 'off', enable_seqscan = 'off', max_parallel_workers_per_gather = '0'
 Planning:
   Buffers: shared hit=86 read=27
 Planning Time: 1.779 ms
 Execution Time: 3.518 ms
(12 rows)

SET
SET
SET
SET
SET
                                             QUERY PLAN                                             
----------------------------------------------------------------------------------------------------
 Index Scan Backward using idx on public.t (actual rows=2048.00 loops=1)
   Output: a, b
   Index Cond: ((t.a >= '-29632'::integer) AND (t.a <= '-28609'::integer))
   Index Searches: 1
   Buffers: shared hit=1980
 Settings: enable_bitmapscan = 'off', enable_seqscan = 'off', max_parallel_workers_per_gather = '0'
 Planning:
   Buffers: shared hit=118
 Planning Time: 0.135 ms
 Execution Time: 0.261 ms
(10 rows)

