SET
SET
SET
SET
SET
                                                                     QUERY PLAN                                                                      
-----------------------------------------------------------------------------------------------------------------------------------------------------
 Index Scan Backward using idx on public.t (actual rows=8048576.00 loops=1)
   Output: a, b
   Index Cond: ((t.a >= '-4056743'::integer) AND (t.a <= '-32456'::integer))
   Index Searches: 1
   Prefetch: distance=260.690 count=7927449 stalls=2 skipped=248583 resets=0 ungets=127477 forwarded=934
             histogram [2,4) => 12, [4,8) => 8, [8,16) => 6, [16,32) => 16, [32,64) => 17, [64,128) => 9, [128,256) => 1941456, [256,512) => 5985925
   Buffers: shared hit=7416666 read=405295
 Settings: enable_bitmapscan = 'off', enable_seqscan = 'off', max_parallel_workers_per_gather = '0'
 Planning:
   Buffers: shared hit=82 read=27
 Planning Time: 2.146 ms
 Execution Time: 3842.750 ms
(12 rows)

SET
SET
SET
SET
SET
                                             QUERY PLAN                                             
----------------------------------------------------------------------------------------------------
 Index Scan Backward using idx on public.t (actual rows=8048576.00 loops=1)
   Output: a, b
   Index Cond: ((t.a >= '-4056743'::integer) AND (t.a <= '-32456'::integer))
   Index Searches: 1
   Buffers: shared hit=7821989
 Settings: enable_bitmapscan = 'off', enable_seqscan = 'off', max_parallel_workers_per_gather = '0'
 Planning:
   Buffers: shared hit=114
 Planning Time: 0.248 ms
 Execution Time: 1333.860 ms
(10 rows)

