SET
SET
SET
SET
                                             QUERY PLAN                                             
----------------------------------------------------------------------------------------------------
 Index Scan Backward using idx on public.t (actual rows=16.00 loops=1)
   Output: a, b
   Index Cond: ((t.a >= '-21009'::integer) AND (t.a <= '-21002'::integer))
   Index Searches: 1
   Buffers: shared hit=6 read=15
 Settings: enable_bitmapscan = 'off', enable_seqscan = 'off', max_parallel_workers_per_gather = '0'
 Planning:
   Buffers: shared hit=86 read=27
 Planning Time: 1.451 ms
 Execution Time: 1.192 ms
(10 rows)

SET
SET
SET
SET
                                             QUERY PLAN                                             
----------------------------------------------------------------------------------------------------
 Index Scan Backward using idx on public.t (actual rows=16.00 loops=1)
   Output: a, b
   Index Cond: ((t.a >= '-21009'::integer) AND (t.a <= '-21002'::integer))
   Index Searches: 1
   Buffers: shared hit=21
 Settings: enable_bitmapscan = 'off', enable_seqscan = 'off', max_parallel_workers_per_gather = '0'
 Planning:
   Buffers: shared hit=118
 Planning Time: 0.149 ms
 Execution Time: 0.031 ms
(10 rows)

