SET
SET
SET
SET
SET
                                             QUERY PLAN                                             
----------------------------------------------------------------------------------------------------
 Index Scan using idx on public.t (actual rows=8192.00 loops=1)
   Output: a, b
   Index Cond: ((t.a >= '-23267'::integer) AND (t.a <= '-21220'::integer))
   Index Searches: 1
   Prefetch: distance=2.090 count=742 stalls=6723 skipped=100 resets=0 ungets=0 forwarded=0
             histogram [2,4) => 719, [4,8) => 23
   Buffers: shared hit=7603 read=492
 Settings: enable_bitmapscan = 'off', enable_seqscan = 'off', max_parallel_workers_per_gather = '0'
 Planning:
   Buffers: shared hit=86 read=26
 Planning Time: 1.924 ms
 Execution Time: 12.723 ms
(12 rows)

SET
SET
SET
SET
SET
                                             QUERY PLAN                                             
----------------------------------------------------------------------------------------------------
 Index Scan using idx on public.t (actual rows=8192.00 loops=1)
   Output: a, b
   Index Cond: ((t.a >= '-23267'::integer) AND (t.a <= '-21220'::integer))
   Index Searches: 1
   Buffers: shared hit=8095
 Settings: enable_bitmapscan = 'off', enable_seqscan = 'off', max_parallel_workers_per_gather = '0'
 Planning:
   Buffers: shared hit=117
 Planning Time: 0.134 ms
 Execution Time: 0.843 ms
(10 rows)

