SET
SET
SET
SET
SET
                                             QUERY PLAN                                             
----------------------------------------------------------------------------------------------------
 Index Scan Backward using idx on public.t (actual rows=2048.00 loops=1)
   Output: a, b
   Index Cond: ((t.a >= '-30432'::integer) AND (t.a <= '-29409'::integer))
   Index Searches: 1
   Prefetch: distance=2.100 count=180 stalls=1533 skipped=78 resets=0 ungets=0 forwarded=0
             histogram [2,4) => 174, [4,8) => 6
   Buffers: shared hit=1833 read=141
 Settings: enable_bitmapscan = 'off', enable_seqscan = 'off', max_parallel_workers_per_gather = '0'
 Planning:
   Buffers: shared hit=86 read=27
 Planning Time: 1.686 ms
 Execution Time: 3.863 ms
(12 rows)

SET
SET
SET
SET
SET
                                             QUERY PLAN                                             
----------------------------------------------------------------------------------------------------
 Index Scan Backward using idx on public.t (actual rows=2048.00 loops=1)
   Output: a, b
   Index Cond: ((t.a >= '-30432'::integer) AND (t.a <= '-29409'::integer))
   Index Searches: 1
   Buffers: shared hit=1974
 Settings: enable_bitmapscan = 'off', enable_seqscan = 'off', max_parallel_workers_per_gather = '0'
 Planning:
   Buffers: shared hit=118
 Planning Time: 0.208 ms
 Execution Time: 0.462 ms
(10 rows)

