SET
SET
SET
SET
SET
                                                                 QUERY PLAN                                                                  
---------------------------------------------------------------------------------------------------------------------------------------------
 Index Scan Backward using idx on public.t (actual rows=1024.00 loops=1)
   Output: a, b
   Index Cond: ((t.a >= '-17945'::integer) AND (t.a <= '-17434'::integer))
   Index Searches: 1
   Prefetch: distance=245.176 count=1012 stalls=1 skipped=31 resets=0 ungets=71 forwarded=1
             histogram [2,4) => 6, [4,8) => 5, [8,16) => 11, [16,32) => 15, [32,64) => 32, [64,128) => 5, [128,256) => 201, [256,512) => 737
   Buffers: shared hit=911 read=90
 Settings: enable_bitmapscan = 'off', enable_seqscan = 'off', max_parallel_workers_per_gather = '0'
 Planning:
   Buffers: shared hit=86 read=27
 Planning Time: 2.133 ms
 Execution Time: 2.962 ms
(12 rows)

SET
SET
SET
SET
SET
                                             QUERY PLAN                                             
----------------------------------------------------------------------------------------------------
 Index Scan Backward using idx on public.t (actual rows=1024.00 loops=1)
   Output: a, b
   Index Cond: ((t.a >= '-17945'::integer) AND (t.a <= '-17434'::integer))
   Index Searches: 1
   Buffers: shared hit=1001
 Settings: enable_bitmapscan = 'off', enable_seqscan = 'off', max_parallel_workers_per_gather = '0'
 Planning:
   Buffers: shared hit=118
 Planning Time: 0.223 ms
 Execution Time: 0.273 ms
(10 rows)

