SET
SET
SET
SET
SET
                                                                  QUERY PLAN                                                                   
-----------------------------------------------------------------------------------------------------------------------------------------------
 Index Scan Backward using idx on public.t (actual rows=16384.00 loops=1)
   Output: a, b
   Index Cond: ((t.a >= '-27841'::integer) AND (t.a <= '-19650'::integer))
   Index Searches: 1
   Prefetch: distance=260.241 count=16121 stalls=1 skipped=552 resets=0 ungets=301 forwarded=5
             histogram [2,4) => 4, [4,8) => 6, [8,16) => 10, [16,32) => 12, [32,64) => 9, [64,128) => 5, [128,256) => 3801, [256,512) => 12274
   Buffers: shared hit=15023 read=858
 Settings: enable_bitmapscan = 'off', enable_seqscan = 'off', max_parallel_workers_per_gather = '0'
 Planning:
   Buffers: shared hit=86 read=27
 Planning Time: 2.141 ms
 Execution Time: 11.541 ms
(12 rows)

SET
SET
SET
SET
SET
                                             QUERY PLAN                                             
----------------------------------------------------------------------------------------------------
 Index Scan Backward using idx on public.t (actual rows=16384.00 loops=1)
   Output: a, b
   Index Cond: ((t.a >= '-27841'::integer) AND (t.a <= '-19650'::integer))
   Index Searches: 1
   Buffers: shared hit=15882
 Settings: enable_bitmapscan = 'off', enable_seqscan = 'off', max_parallel_workers_per_gather = '0'
 Planning:
   Buffers: shared hit=118
 Planning Time: 0.186 ms
 Execution Time: 2.083 ms
(10 rows)

