SET
SET
SET
SET
SET
                                             QUERY PLAN                                             
----------------------------------------------------------------------------------------------------
 Index Scan Backward using idx on public.t (actual rows=256.00 loops=1)
   Output: a, b
   Index Cond: ((t.a >= '-10149'::integer) AND (t.a <= '-10022'::integer))
   Index Searches: 1
   Prefetch: distance=2.000 count=2 stalls=19 skipped=0 resets=0 ungets=0 forwarded=0
             histogram [2,4) => 2
   Buffers: shared hit=203 read=52
 Settings: enable_bitmapscan = 'off', enable_seqscan = 'off', max_parallel_workers_per_gather = '0'
 Planning:
   Buffers: shared hit=86 read=27
 Planning Time: 1.522 ms
 Execution Time: 2.726 ms
(12 rows)

SET
SET
SET
SET
SET
                                             QUERY PLAN                                             
----------------------------------------------------------------------------------------------------
 Index Scan Backward using idx on public.t (actual rows=256.00 loops=1)
   Output: a, b
   Index Cond: ((t.a >= '-10149'::integer) AND (t.a <= '-10022'::integer))
   Index Searches: 1
   Buffers: shared hit=255
 Settings: enable_bitmapscan = 'off', enable_seqscan = 'off', max_parallel_workers_per_gather = '0'
 Planning:
   Buffers: shared hit=118
 Planning Time: 0.140 ms
 Execution Time: 0.073 ms
(10 rows)

