SET
SET
SET
SET
SET
                                             QUERY PLAN                                             
----------------------------------------------------------------------------------------------------
 Index Scan Backward using idx on public.t (actual rows=4096.00 loops=1)
   Output: a, b
   Index Cond: ((t.a >= '-16601'::integer) AND (t.a <= '-14554'::integer))
   Index Searches: 1
   Prefetch: distance=2.240 count=383 stalls=3291 skipped=101 resets=0 ungets=0 forwarded=0
             histogram [2,4) => 354, [4,8) => 28, [8,16) => 1
   Buffers: shared hit=3755 read=245
 Settings: enable_bitmapscan = 'off', enable_seqscan = 'off', max_parallel_workers_per_gather = '0'
 Planning:
   Buffers: shared hit=86 read=27
 Planning Time: 2.138 ms
 Execution Time: 6.850 ms
(12 rows)

SET
SET
SET
SET
SET
                                             QUERY PLAN                                             
----------------------------------------------------------------------------------------------------
 Index Scan Backward using idx on public.t (actual rows=4096.00 loops=1)
   Output: a, b
   Index Cond: ((t.a >= '-16601'::integer) AND (t.a <= '-14554'::integer))
   Index Searches: 1
   Buffers: shared hit=4000
 Settings: enable_bitmapscan = 'off', enable_seqscan = 'off', max_parallel_workers_per_gather = '0'
 Planning:
   Buffers: shared hit=118
 Planning Time: 0.240 ms
 Execution Time: 0.898 ms
(10 rows)

