SET
SET
SET
SET
SET
                                             QUERY PLAN                                             
----------------------------------------------------------------------------------------------------
 Index Scan Backward using idx on public.t (actual rows=1024.00 loops=1)
   Output: a, b
   Index Cond: ((t.a >= '-19106'::integer) AND (t.a <= '-18595'::integer))
   Index Searches: 1
   Prefetch: distance=2.120 count=75 stalls=627 skipped=31 resets=0 ungets=0 forwarded=0
             histogram [2,4) => 72, [4,8) => 3
   Buffers: shared hit=905 read=88
 Settings: enable_bitmapscan = 'off', enable_seqscan = 'off', max_parallel_workers_per_gather = '0'
 Planning:
   Buffers: shared hit=86 read=27
 Planning Time: 2.197 ms
 Execution Time: 4.207 ms
(12 rows)

SET
SET
SET
SET
SET
                                             QUERY PLAN                                             
----------------------------------------------------------------------------------------------------
 Index Scan Backward using idx on public.t (actual rows=1024.00 loops=1)
   Output: a, b
   Index Cond: ((t.a >= '-19106'::integer) AND (t.a <= '-18595'::integer))
   Index Searches: 1
   Buffers: shared hit=993
 Settings: enable_bitmapscan = 'off', enable_seqscan = 'off', max_parallel_workers_per_gather = '0'
 Planning:
   Buffers: shared hit=118
 Planning Time: 0.146 ms
 Execution Time: 0.219 ms
(10 rows)

