SET
SET
SET
SET
SET
                                                                 QUERY PLAN                                                                 
--------------------------------------------------------------------------------------------------------------------------------------------
 Index Scan Backward using idx on public.t (actual rows=2048.00 loops=1)
   Output: a, b
   Index Cond: ((t.a >= '-33301'::integer) AND (t.a <= '-32278'::integer))
   Index Searches: 1
   Prefetch: distance=256.943 count=2033 stalls=2 skipped=79 resets=0 ungets=75 forwarded=1
             histogram [2,4) => 2, [4,8) => 4, [8,16) => 9, [16,32) => 10, [32,64) => 8, [64,128) => 2, [128,256) => 488, [256,512) => 1510
   Buffers: shared hit=1837 read=144
 Settings: enable_bitmapscan = 'off', enable_seqscan = 'off', max_parallel_workers_per_gather = '0'
 Planning:
   Buffers: shared hit=86 read=27
 Planning Time: 2.154 ms
 Execution Time: 2.972 ms
(12 rows)

SET
SET
SET
SET
SET
                                             QUERY PLAN                                             
----------------------------------------------------------------------------------------------------
 Index Scan Backward using idx on public.t (actual rows=2048.00 loops=1)
   Output: a, b
   Index Cond: ((t.a >= '-33301'::integer) AND (t.a <= '-32278'::integer))
   Index Searches: 1
   Buffers: shared hit=1981
 Settings: enable_bitmapscan = 'off', enable_seqscan = 'off', max_parallel_workers_per_gather = '0'
 Planning:
   Buffers: shared hit=118
 Planning Time: 0.214 ms
 Execution Time: 0.454 ms
(10 rows)

