SET
SET
SET
SET
SET
                                             QUERY PLAN                                             
----------------------------------------------------------------------------------------------------
 Index Scan Backward using idx on public.t (actual rows=512.00 loops=1)
   Output: a, b
   Index Cond: ((t.a >= '-789'::integer) AND (t.a <= '-534'::integer))
   Index Searches: 1
   Prefetch: distance=2.136 count=44 stalls=278 skipped=11 resets=0 ungets=0 forwarded=0
             histogram [2,4) => 42, [4,8) => 2
   Buffers: shared hit=439 read=64
 Settings: enable_bitmapscan = 'off', enable_seqscan = 'off', max_parallel_workers_per_gather = '0'
 Planning:
   Buffers: shared hit=86 read=27
 Planning Time: 2.154 ms
 Execution Time: 3.394 ms
(12 rows)

SET
SET
SET
SET
SET
                                             QUERY PLAN                                             
----------------------------------------------------------------------------------------------------
 Index Scan Backward using idx on public.t (actual rows=512.00 loops=1)
   Output: a, b
   Index Cond: ((t.a >= '-789'::integer) AND (t.a <= '-534'::integer))
   Index Searches: 1
   Buffers: shared hit=503
 Settings: enable_bitmapscan = 'off', enable_seqscan = 'off', max_parallel_workers_per_gather = '0'
 Planning:
   Buffers: shared hit=118
 Planning Time: 0.207 ms
 Execution Time: 0.165 ms
(10 rows)

