SET
SET
SET
SET
SET
                                                                    QUERY PLAN                                                                     
---------------------------------------------------------------------------------------------------------------------------------------------------
 Index Scan Backward using idx on public.t (actual rows=32768.00 loops=1)
   Output: a, b
   Index Cond: ((t.a >= '-25053'::integer) AND (t.a <= '-8670'::integer))
   Index Searches: 1
   Prefetch: distance=259.454 count=32349 stalls=9 skipped=1081 resets=0 ungets=682 forwarded=6
             histogram [2,4) => 26, [4,8) => 12, [8,16) => 15, [16,32) => 17, [32,64) => 43, [64,128) => 62, [128,256) => 7790, [256,512) => 24384
   Buffers: shared hit=30099 read=1684
 Settings: enable_bitmapscan = 'off', enable_seqscan = 'off', max_parallel_workers_per_gather = '0'
 Planning:
   Buffers: shared hit=86 read=27
 Planning Time: 2.128 ms
 Execution Time: 20.951 ms
(12 rows)

SET
SET
SET
SET
SET
                                             QUERY PLAN                                             
----------------------------------------------------------------------------------------------------
 Index Scan Backward using idx on public.t (actual rows=32768.00 loops=1)
   Output: a, b
   Index Cond: ((t.a >= '-25053'::integer) AND (t.a <= '-8670'::integer))
   Index Searches: 1
   Buffers: shared hit=31783
 Settings: enable_bitmapscan = 'off', enable_seqscan = 'off', max_parallel_workers_per_gather = '0'
 Planning:
   Buffers: shared hit=118
 Planning Time: 0.204 ms
 Execution Time: 5.187 ms
(10 rows)

