SET
SET
SET
SET
SET
                                                                     QUERY PLAN                                                                     
----------------------------------------------------------------------------------------------------------------------------------------------------
 Index Scan Backward using idx on public.t (actual rows=524288.00 loops=1)
   Output: a, b
   Index Cond: ((t.a >= '-286717'::integer) AND (t.a <= '-24574'::integer))
   Index Searches: 1
   Prefetch: distance=260.741 count=517985 stalls=7 skipped=16249 resets=0 ungets=9998 forwarded=70
             histogram [2,4) => 8, [4,8) => 5, [8,16) => 12, [16,32) => 14, [32,64) => 22, [64,128) => 52, [128,256) => 125542, [256,512) => 392330
   Buffers: shared hit=483034 read=26438
 Settings: enable_bitmapscan = 'off', enable_seqscan = 'off', max_parallel_workers_per_gather = '0'
 Planning:
   Buffers: shared hit=82 read=27
 Planning Time: 2.131 ms
 Execution Time: 280.867 ms
(12 rows)

SET
SET
SET
SET
SET
                                             QUERY PLAN                                             
----------------------------------------------------------------------------------------------------
 Index Scan Backward using idx on public.t (actual rows=524288.00 loops=1)
   Output: a, b
   Index Cond: ((t.a >= '-286717'::integer) AND (t.a <= '-24574'::integer))
   Index Searches: 1
   Buffers: shared hit=509476
 Settings: enable_bitmapscan = 'off', enable_seqscan = 'off', max_parallel_workers_per_gather = '0'
 Planning:
   Buffers: shared hit=114
 Planning Time: 0.214 ms
 Execution Time: 87.071 ms
(10 rows)

