SET
SET
SET
SET
SET
                                                                    QUERY PLAN                                                                    
--------------------------------------------------------------------------------------------------------------------------------------------------
 Index Scan Backward using idx on public.t (actual rows=6048576.00 loops=1)
   Output: a, b
   Index Cond: ((t.a >= '-3031314'::integer) AND (t.a <= '-7027'::integer))
   Index Searches: 1
   Prefetch: distance=260.714 count=5957655 stalls=1 skipped=187143 resets=0 ungets=96226 forwarded=700
             histogram [2,4) => 2, [4,8) => 6, [8,16) => 6, [16,32) => 9, [32,64) => 5, [64,128) => 2, [128,256) => 1453807, [256,512) => 4503818
   Buffers: shared hit=5573355 read=304594
 Settings: enable_bitmapscan = 'off', enable_seqscan = 'off', max_parallel_workers_per_gather = '0'
 Planning:
   Buffers: shared hit=82 read=27
 Planning Time: 2.198 ms
 Execution Time: 2885.662 ms
(12 rows)

SET
SET
SET
SET
SET
                                             QUERY PLAN                                             
----------------------------------------------------------------------------------------------------
 Index Scan Backward using idx on public.t (actual rows=6048576.00 loops=1)
   Output: a, b
   Index Cond: ((t.a >= '-3031314'::integer) AND (t.a <= '-7027'::integer))
   Index Searches: 1
   Buffers: shared hit=5877966
 Settings: enable_bitmapscan = 'off', enable_seqscan = 'off', max_parallel_workers_per_gather = '0'
 Planning:
   Buffers: shared hit=114
 Planning Time: 0.229 ms
 Execution Time: 1000.406 ms
(10 rows)

