SET
SET
SET
SET
SET
                                                                   QUERY PLAN                                                                   
------------------------------------------------------------------------------------------------------------------------------------------------
 Index Scan Backward using idx on public.t (actual rows=1048576.00 loops=1)
   Output: a, b
   Index Cond: ((t.a >= '-537353'::integer) AND (t.a <= '-13066'::integer))
   Index Searches: 1
   Prefetch: distance=260.673 count=1032215 stalls=2 skipped=32576 resets=0 ungets=16220 forwarded=126
             histogram [2,4) => 4, [4,8) => 5, [8,16) => 9, [16,32) => 9, [32,64) => 2, [64,128) => 4, [128,256) => 253045, [256,512) => 779137
   Buffers: shared hit=966031 read=52836
 Settings: enable_bitmapscan = 'off', enable_seqscan = 'off', max_parallel_workers_per_gather = '0'
 Planning:
   Buffers: shared hit=82 read=27
 Planning Time: 2.120 ms
 Execution Time: 516.950 ms
(12 rows)

SET
SET
SET
SET
SET
                                             QUERY PLAN                                             
----------------------------------------------------------------------------------------------------
 Index Scan Backward using idx on public.t (actual rows=1048576.00 loops=1)
   Output: a, b
   Index Cond: ((t.a >= '-537353'::integer) AND (t.a <= '-13066'::integer))
   Index Searches: 1
   Buffers: shared hit=1018871
 Settings: enable_bitmapscan = 'off', enable_seqscan = 'off', max_parallel_workers_per_gather = '0'
 Planning:
   Buffers: shared hit=114
 Planning Time: 0.199 ms
 Execution Time: 173.071 ms
(10 rows)

