SET
SET
SET
SET
SET
                                             QUERY PLAN                                             
----------------------------------------------------------------------------------------------------
 Index Scan using idx on public.t (actual rows=2048.00 loops=1)
   Output: a, b
   Index Cond: ((t.a >= '-9065'::integer) AND (t.a <= '-8042'::integer))
   Index Searches: 1
   Prefetch: distance=2.249 count=229 stalls=1713 skipped=59 resets=0 ungets=0 forwarded=0
             histogram [2,4) => 209, [4,8) => 20
   Buffers: shared hit=1860 read=140
 Settings: enable_bitmapscan = 'off', enable_seqscan = 'off', max_parallel_workers_per_gather = '0'
 Planning:
   Buffers: shared hit=82 read=27
 Planning Time: 2.168 ms
 Execution Time: 8.384 ms
(12 rows)

SET
SET
SET
SET
SET
                                             QUERY PLAN                                             
----------------------------------------------------------------------------------------------------
 Index Scan using idx on public.t (actual rows=2048.00 loops=1)
   Output: a, b
   Index Cond: ((t.a >= '-9065'::integer) AND (t.a <= '-8042'::integer))
   Index Searches: 1
   Buffers: shared hit=2000
 Settings: enable_bitmapscan = 'off', enable_seqscan = 'off', max_parallel_workers_per_gather = '0'
 Planning:
   Buffers: shared hit=114
 Planning Time: 0.191 ms
 Execution Time: 0.453 ms
(10 rows)

