SET
SET
SET
SET
SET
                                                                   QUERY PLAN                                                                   
------------------------------------------------------------------------------------------------------------------------------------------------
 Index Scan using idx on public.t (actual rows=131072.00 loops=1)
   Output: a, b
   Index Cond: ((t.a >= '-88102'::integer) AND (t.a <= '-22567'::integer))
   Index Searches: 1
   Prefetch: distance=264.969 count=142391 stalls=2 skipped=4125 resets=0 ungets=15455 forwarded=659
             histogram [2,4) => 6, [4,8) => 5, [8,16) => 9, [16,32) => 18, [32,64) => 5, [64,128) => 6, [128,256) => 16426, [256,512) => 125916
   Buffers: shared hit=120644 read=6640
 Settings: enable_bitmapscan = 'off', enable_seqscan = 'off', max_parallel_workers_per_gather = '0'
 Planning:
   Buffers: shared hit=82 read=27
 Planning Time: 2.167 ms
 Execution Time: 159.076 ms
(12 rows)

SET
SET
SET
SET
SET
                                             QUERY PLAN                                             
----------------------------------------------------------------------------------------------------
 Index Scan using idx on public.t (actual rows=131072.00 loops=1)
   Output: a, b
   Index Cond: ((t.a >= '-88102'::integer) AND (t.a <= '-22567'::integer))
   Index Searches: 1
   Buffers: shared hit=127311
 Settings: enable_bitmapscan = 'off', enable_seqscan = 'off', max_parallel_workers_per_gather = '0'
 Planning:
   Buffers: shared hit=114
 Planning Time: 0.190 ms
 Execution Time: 20.066 ms
(10 rows)

