SET
SET
SET
SET
SET
                                                                  QUERY PLAN                                                                  
----------------------------------------------------------------------------------------------------------------------------------------------
 Index Scan using idx on public.t (actual rows=8192.00 loops=1)
   Output: a, b
   Index Cond: ((t.a >= '-23877'::integer) AND (t.a <= '-19782'::integer))
   Index Searches: 1
   Prefetch: distance=263.301 count=8851 stalls=1 skipped=263 resets=0 ungets=948 forwarded=51
             histogram [2,4) => 2, [4,8) => 5, [8,16) => 11, [16,32) => 20, [32,64) => 19, [64,128) => 6, [128,256) => 992, [256,512) => 7796
   Buffers: shared hit=7507 read=449
 Settings: enable_bitmapscan = 'off', enable_seqscan = 'off', max_parallel_workers_per_gather = '0'
 Planning:
   Buffers: shared hit=82 read=27
 Planning Time: 1.789 ms
 Execution Time: 13.845 ms
(12 rows)

SET
SET
SET
SET
SET
                                             QUERY PLAN                                             
----------------------------------------------------------------------------------------------------
 Index Scan using idx on public.t (actual rows=8192.00 loops=1)
   Output: a, b
   Index Cond: ((t.a >= '-23877'::integer) AND (t.a <= '-19782'::integer))
   Index Searches: 1
   Buffers: shared hit=7958
 Settings: enable_bitmapscan = 'off', enable_seqscan = 'off', max_parallel_workers_per_gather = '0'
 Planning:
   Buffers: shared hit=114
 Planning Time: 0.157 ms
 Execution Time: 0.959 ms
(10 rows)

