SET
SET
SET
SET
SET
                                             QUERY PLAN                                             
----------------------------------------------------------------------------------------------------
 Index Scan using idx on public.t (actual rows=2048.00 loops=1)
   Output: a, b
   Index Cond: ((t.a >= '-31037'::integer) AND (t.a <= '-30014'::integer))
   Index Searches: 1
   Prefetch: distance=2.080 count=201 stalls=1707 skipped=69 resets=0 ungets=0 forwarded=0
             histogram [2,4) => 196, [4,8) => 5
   Buffers: shared hit=1847 read=143
 Settings: enable_bitmapscan = 'off', enable_seqscan = 'off', max_parallel_workers_per_gather = '0'
 Planning:
   Buffers: shared hit=82 read=27
 Planning Time: 1.391 ms
 Execution Time: 9.446 ms
(12 rows)

SET
SET
SET
SET
SET
                                             QUERY PLAN                                             
----------------------------------------------------------------------------------------------------
 Index Scan using idx on public.t (actual rows=2048.00 loops=1)
   Output: a, b
   Index Cond: ((t.a >= '-31037'::integer) AND (t.a <= '-30014'::integer))
   Index Searches: 1
   Buffers: shared hit=1990
 Settings: enable_bitmapscan = 'off', enable_seqscan = 'off', max_parallel_workers_per_gather = '0'
 Planning:
   Buffers: shared hit=114
 Planning Time: 0.205 ms
 Execution Time: 0.452 ms
(10 rows)

