SET
SET
SET
SET
SET
                                                                     QUERY PLAN                                                                      
-----------------------------------------------------------------------------------------------------------------------------------------------------
 Index Scan using idx on public.t (actual rows=2048576.00 loops=1)
   Output: a, b
   Index Cond: ((t.a >= '-1047209'::integer) AND (t.a <= '-22922'::integer))
   Index Searches: 1
   Prefetch: distance=265.093 count=2227664 stalls=8 skipped=63475 resets=0 ungets=242588 forwarded=9882
             histogram [2,4) => 10, [4,8) => 8, [8,16) => 10, [16,32) => 13, [32,64) => 33, [64,128) => 6, [128,256) => 255261, [256,512) => 1972323
   Buffers: shared hit=1887226 read=103185
 Settings: enable_bitmapscan = 'off', enable_seqscan = 'off', max_parallel_workers_per_gather = '0'
 Planning:
   Buffers: shared hit=78 read=27
 Planning Time: 2.168 ms
 Execution Time: 2430.314 ms
(12 rows)

SET
SET
SET
SET
SET
                                             QUERY PLAN                                             
----------------------------------------------------------------------------------------------------
 Index Scan using idx on public.t (actual rows=2048576.00 loops=1)
   Output: a, b
   Index Cond: ((t.a >= '-1047209'::integer) AND (t.a <= '-22922'::integer))
   Index Searches: 1
   Buffers: shared hit=1990705
 Settings: enable_bitmapscan = 'off', enable_seqscan = 'off', max_parallel_workers_per_gather = '0'
 Planning:
   Buffers: shared hit=110
 Planning Time: 0.231 ms
 Execution Time: 356.165 ms
(10 rows)

