SET
SET
SET
SET
SET
                                             QUERY PLAN                                             
----------------------------------------------------------------------------------------------------
 Index Scan using idx on public.t (actual rows=1024.00 loops=1)
   Output: a, b
   Index Cond: ((t.a >= '-16218'::integer) AND (t.a <= '-15707'::integer))
   Index Searches: 1
   Prefetch: distance=2.111 count=99 stalls=814 skipped=32 resets=0 ungets=0 forwarded=0
             histogram [2,4) => 95, [4,8) => 4
   Buffers: shared hit=910 read=88
 Settings: enable_bitmapscan = 'off', enable_seqscan = 'off', max_parallel_workers_per_gather = '0'
 Planning:
   Buffers: shared hit=82 read=27
 Planning Time: 1.516 ms
 Execution Time: 6.609 ms
(12 rows)

SET
SET
SET
SET
SET
                                             QUERY PLAN                                             
----------------------------------------------------------------------------------------------------
 Index Scan using idx on public.t (actual rows=1024.00 loops=1)
   Output: a, b
   Index Cond: ((t.a >= '-16218'::integer) AND (t.a <= '-15707'::integer))
   Index Searches: 1
   Buffers: shared hit=998
 Settings: enable_bitmapscan = 'off', enable_seqscan = 'off', max_parallel_workers_per_gather = '0'
 Planning:
   Buffers: shared hit=114
 Planning Time: 0.204 ms
 Execution Time: 0.273 ms
(10 rows)

