SET
SET
SET
SET
SET
                                             QUERY PLAN                                             
----------------------------------------------------------------------------------------------------
 Index Scan using idx on public.t (actual rows=2048.00 loops=1)
   Output: a, b
   Index Cond: ((t.a >= '-10499'::integer) AND (t.a <= '-9476'::integer))
   Index Searches: 1
   Prefetch: distance=2.220 count=168 stalls=1469 skipped=57 resets=0 ungets=0 forwarded=0
             histogram [2,4) => 155, [4,8) => 13
   Buffers: shared hit=1848 read=138
 Settings: enable_bitmapscan = 'off', enable_seqscan = 'off', max_parallel_workers_per_gather = '0'
 Planning:
   Buffers: shared hit=82 read=27
 Planning Time: 2.169 ms
 Execution Time: 9.050 ms
(12 rows)

SET
SET
SET
SET
SET
                                             QUERY PLAN                                             
----------------------------------------------------------------------------------------------------
 Index Scan using idx on public.t (actual rows=2048.00 loops=1)
   Output: a, b
   Index Cond: ((t.a >= '-10499'::integer) AND (t.a <= '-9476'::integer))
   Index Searches: 1
   Buffers: shared hit=1986
 Settings: enable_bitmapscan = 'off', enable_seqscan = 'off', max_parallel_workers_per_gather = '0'
 Planning:
   Buffers: shared hit=114
 Planning Time: 0.219 ms
 Execution Time: 0.460 ms
(10 rows)

