SET
SET
SET
SET
SET
                                                                     QUERY PLAN                                                                      
-----------------------------------------------------------------------------------------------------------------------------------------------------
 Index Scan using idx on public.t (actual rows=524288.00 loops=1)
   Output: a, b
   Index Cond: ((t.a >= '-293068'::integer) AND (t.a <= '-30925'::integer))
   Index Searches: 1
   Prefetch: distance=264.951 count=569990 stalls=16 skipped=16188 resets=0 ungets=61927 forwarded=2494
             histogram [2,4) => 26, [4,8) => 11, [8,16) => 22, [16,32) => 29, [32,64) => 31, [64,128) => 56, [128,256) => 66268, [256,512) => 503547
   Buffers: shared hit=483027 read=26438
 Settings: enable_bitmapscan = 'off', enable_seqscan = 'off', max_parallel_workers_per_gather = '0'
 Planning:
   Buffers: shared hit=78 read=27
 Planning Time: 2.148 ms
 Execution Time: 623.185 ms
(12 rows)

SET
SET
SET
SET
SET
                                             QUERY PLAN                                             
----------------------------------------------------------------------------------------------------
 Index Scan using idx on public.t (actual rows=524288.00 loops=1)
   Output: a, b
   Index Cond: ((t.a >= '-293068'::integer) AND (t.a <= '-30925'::integer))
   Index Searches: 1
   Buffers: shared hit=509537
 Settings: enable_bitmapscan = 'off', enable_seqscan = 'off', max_parallel_workers_per_gather = '0'
 Planning:
   Buffers: shared hit=110
 Planning Time: 0.217 ms
 Execution Time: 90.492 ms
(10 rows)

