SET
SET
SET
SET
SET
                                             QUERY PLAN                                             
----------------------------------------------------------------------------------------------------
 Index Scan using idx on public.t (actual rows=2048.00 loops=1)
   Output: a, b
   Index Cond: ((t.a >= '-7264'::integer) AND (t.a <= '-6241'::integer))
   Index Searches: 1
   Prefetch: distance=2.146 count=206 stalls=1684 skipped=53 resets=0 ungets=0 forwarded=0
             histogram [2,4) => 196, [4,8) => 10
   Buffers: shared hit=1861 read=142
 Settings: enable_bitmapscan = 'off', enable_seqscan = 'off', max_parallel_workers_per_gather = '0'
 Planning:
   Buffers: shared hit=82 read=27
 Planning Time: 1.049 ms
 Execution Time: 10.315 ms
(12 rows)

SET
SET
SET
SET
SET
                                             QUERY PLAN                                             
----------------------------------------------------------------------------------------------------
 Index Scan using idx on public.t (actual rows=2048.00 loops=1)
   Output: a, b
   Index Cond: ((t.a >= '-7264'::integer) AND (t.a <= '-6241'::integer))
   Index Searches: 1
   Buffers: shared hit=2003
 Settings: enable_bitmapscan = 'off', enable_seqscan = 'off', max_parallel_workers_per_gather = '0'
 Planning:
   Buffers: shared hit=114
 Planning Time: 0.182 ms
 Execution Time: 0.269 ms
(10 rows)

