SET
SET
SET
SET
                                             QUERY PLAN                                             
----------------------------------------------------------------------------------------------------
 Index Scan Backward using idx on public.t (actual rows=16.00 loops=1)
   Output: a, b
   Index Cond: ((t.a >= '-2787'::integer) AND (t.a <= '-2780'::integer))
   Index Searches: 1
   Buffers: shared hit=8 read=13
 Settings: enable_bitmapscan = 'off', enable_seqscan = 'off', max_parallel_workers_per_gather = '0'
 Planning:
   Buffers: shared hit=86 read=27
 Planning Time: 1.077 ms
 Execution Time: 1.107 ms
(10 rows)

SET
SET
SET
SET
                                             QUERY PLAN                                             
----------------------------------------------------------------------------------------------------
 Index Scan Backward using idx on public.t (actual rows=16.00 loops=1)
   Output: a, b
   Index Cond: ((t.a >= '-2787'::integer) AND (t.a <= '-2780'::integer))
   Index Searches: 1
   Buffers: shared hit=21
 Settings: enable_bitmapscan = 'off', enable_seqscan = 'off', max_parallel_workers_per_gather = '0'
 Planning:
   Buffers: shared hit=118
 Planning Time: 0.196 ms
 Execution Time: 0.048 ms
(10 rows)

