SET
SET
SET
SET
SET
                                                                 QUERY PLAN                                                                 
--------------------------------------------------------------------------------------------------------------------------------------------
 Index Scan Backward using idx on public.t (actual rows=2048.00 loops=1)
   Output: a, b
   Index Cond: ((t.a >= '-16286'::integer) AND (t.a <= '-15263'::integer))
   Index Searches: 1
   Prefetch: distance=259.001 count=2220 stalls=1 skipped=55 resets=0 ungets=229 forwarded=0
             histogram [2,4) => 2, [4,8) => 7, [8,16) => 6, [16,32) => 10, [32,64) => 3, [64,128) => 2, [128,256) => 402, [256,512) => 1788
   Buffers: shared hit=1863 read=142
 Settings: enable_bitmapscan = 'off', enable_seqscan = 'off', max_parallel_workers_per_gather = '0'
 Planning:
   Buffers: shared hit=86 read=27
 Planning Time: 2.181 ms
 Execution Time: 3.155 ms
(12 rows)

SET
SET
SET
SET
SET
                                             QUERY PLAN                                             
----------------------------------------------------------------------------------------------------
 Index Scan Backward using idx on public.t (actual rows=2048.00 loops=1)
   Output: a, b
   Index Cond: ((t.a >= '-16286'::integer) AND (t.a <= '-15263'::integer))
   Index Searches: 1
   Buffers: shared hit=2005
 Settings: enable_bitmapscan = 'off', enable_seqscan = 'off', max_parallel_workers_per_gather = '0'
 Planning:
   Buffers: shared hit=118
 Planning Time: 0.176 ms
 Execution Time: 0.271 ms
(10 rows)

