SET
SET
SET
SET
SET
                                             QUERY PLAN                                             
----------------------------------------------------------------------------------------------------
 Index Scan Backward using idx on public.t (actual rows=4096.00 loops=1)
   Output: a, b
   Index Cond: ((t.a >= '-20660'::integer) AND (t.a <= '-18613'::integer))
   Index Searches: 1
   Prefetch: distance=2.193 count=394 stalls=3310 skipped=137 resets=0 ungets=0 forwarded=0
             histogram [2,4) => 368, [4,8) => 26
   Buffers: shared hit=3722 read=246
 Settings: enable_bitmapscan = 'off', enable_seqscan = 'off', max_parallel_workers_per_gather = '0'
 Planning:
   Buffers: shared hit=86 read=27
 Planning Time: 2.150 ms
 Execution Time: 4.476 ms
(12 rows)

SET
SET
SET
SET
SET
                                             QUERY PLAN                                             
----------------------------------------------------------------------------------------------------
 Index Scan Backward using idx on public.t (actual rows=4096.00 loops=1)
   Output: a, b
   Index Cond: ((t.a >= '-20660'::integer) AND (t.a <= '-18613'::integer))
   Index Searches: 1
   Buffers: shared hit=3968
 Settings: enable_bitmapscan = 'off', enable_seqscan = 'off', max_parallel_workers_per_gather = '0'
 Planning:
   Buffers: shared hit=118
 Planning Time: 0.231 ms
 Execution Time: 0.803 ms
(10 rows)

