SET
SET
SET
SET
SET
                                             QUERY PLAN                                             
----------------------------------------------------------------------------------------------------
 Index Scan Backward using idx on public.t (actual rows=512.00 loops=1)
   Output: a, b
   Index Cond: ((t.a >= '-2906'::integer) AND (t.a <= '-2651'::integer))
   Index Searches: 1
   Prefetch: distance=3.103 count=29 stalls=139 skipped=7 resets=0 ungets=0 forwarded=0
             histogram [2,4) => 18, [4,8) => 11
   Buffers: shared hit=432 read=64
 Settings: enable_bitmapscan = 'off', enable_seqscan = 'off', max_parallel_workers_per_gather = '0'
 Planning:
   Buffers: shared hit=86 read=27
 Planning Time: 1.414 ms
 Execution Time: 3.140 ms
(12 rows)

SET
SET
SET
SET
SET
                                             QUERY PLAN                                             
----------------------------------------------------------------------------------------------------
 Index Scan Backward using idx on public.t (actual rows=512.00 loops=1)
   Output: a, b
   Index Cond: ((t.a >= '-2906'::integer) AND (t.a <= '-2651'::integer))
   Index Searches: 1
   Buffers: shared hit=496
 Settings: enable_bitmapscan = 'off', enable_seqscan = 'off', max_parallel_workers_per_gather = '0'
 Planning:
   Buffers: shared hit=118
 Planning Time: 0.194 ms
 Execution Time: 0.169 ms
(10 rows)

