SET
SET
SET
SET
SET
                                             QUERY PLAN                                             
----------------------------------------------------------------------------------------------------
 Index Scan Backward using idx on public.t (actual rows=1024.00 loops=1)
   Output: a, b
   Index Cond: ((t.a >= '-795'::integer) AND (t.a <= '-284'::integer))
   Index Searches: 1
   Prefetch: distance=2.081 count=74 stalls=614 skipped=23 resets=0 ungets=0 forwarded=0
             histogram [2,4) => 72, [4,8) => 2
   Buffers: shared hit=908 read=89
 Settings: enable_bitmapscan = 'off', enable_seqscan = 'off', max_parallel_workers_per_gather = '0'
 Planning:
   Buffers: shared hit=86 read=27
 Planning Time: 2.197 ms
 Execution Time: 3.503 ms
(12 rows)

SET
SET
SET
SET
SET
                                             QUERY PLAN                                             
----------------------------------------------------------------------------------------------------
 Index Scan Backward using idx on public.t (actual rows=1024.00 loops=1)
   Output: a, b
   Index Cond: ((t.a >= '-795'::integer) AND (t.a <= '-284'::integer))
   Index Searches: 1
   Buffers: shared hit=997
 Settings: enable_bitmapscan = 'off', enable_seqscan = 'off', max_parallel_workers_per_gather = '0'
 Planning:
   Buffers: shared hit=118
 Planning Time: 0.188 ms
 Execution Time: 0.243 ms
(10 rows)

