SET
SET
SET
SET
SET
                                             QUERY PLAN                                             
----------------------------------------------------------------------------------------------------
 Index Scan Backward using idx on public.t (actual rows=2048.00 loops=1)
   Output: a, b
   Index Cond: ((t.a >= '-25716'::integer) AND (t.a <= '-25205'::integer))
   Index Searches: 1
   Prefetch: distance=2.023 count=131 stalls=1242 skipped=16 resets=0 ungets=0 forwarded=0
             histogram [2,4) => 130, [4,8) => 1
   Buffers: shared hit=1845 read=188
 Settings: enable_bitmapscan = 'off', enable_seqscan = 'off', max_parallel_workers_per_gather = '0'
 Planning:
   Buffers: shared hit=82 read=26
 Planning Time: 1.905 ms
 Execution Time: 11.773 ms
(12 rows)

SET
SET
SET
SET
SET
                                             QUERY PLAN                                             
----------------------------------------------------------------------------------------------------
 Index Scan Backward using idx on public.t (actual rows=2048.00 loops=1)
   Output: a, b
   Index Cond: ((t.a >= '-25716'::integer) AND (t.a <= '-25205'::integer))
   Index Searches: 1
   Buffers: shared hit=2033
 Settings: enable_bitmapscan = 'off', enable_seqscan = 'off', max_parallel_workers_per_gather = '0'
 Planning:
   Buffers: shared hit=113
 Planning Time: 0.196 ms
 Execution Time: 0.488 ms
(10 rows)

