SET
SET
SET
SET
SET
                                                                     QUERY PLAN                                                                     
----------------------------------------------------------------------------------------------------------------------------------------------------
 Index Scan Backward using idx on public.t (actual rows=8048576.00 loops=1)
   Output: a, b
   Index Cond: ((t.a >= '-4034421'::integer) AND (t.a <= '-10134'::integer))
   Index Searches: 1
   Prefetch: distance=263.096 count=8620284 stalls=1 skipped=248687 resets=0 ungets=820407 forwarded=3415
             histogram [2,4) => 2, [4,8) => 7, [8,16) => 9, [16,32) => 10, [32,64) => 12, [64,128) => 2, [128,256) => 1506292, [256,512) => 7113950
   Buffers: shared hit=7416439 read=405291
 Settings: enable_bitmapscan = 'off', enable_seqscan = 'off', max_parallel_workers_per_gather = '0'
 Planning:
   Buffers: shared hit=82 read=27
 Planning Time: 2.151 ms
 Execution Time: 4174.526 ms
(12 rows)

SET
SET
SET
SET
SET
                                             QUERY PLAN                                             
----------------------------------------------------------------------------------------------------
 Index Scan Backward using idx on public.t (actual rows=8048576.00 loops=1)
   Output: a, b
   Index Cond: ((t.a >= '-4034421'::integer) AND (t.a <= '-10134'::integer))
   Index Searches: 1
   Buffers: shared hit=7821885
 Settings: enable_bitmapscan = 'off', enable_seqscan = 'off', max_parallel_workers_per_gather = '0'
 Planning:
   Buffers: shared hit=114
 Planning Time: 0.242 ms
 Execution Time: 1324.307 ms
(10 rows)

