SET
SET
SET
SET
SET
                                                                 QUERY PLAN                                                                  
---------------------------------------------------------------------------------------------------------------------------------------------
 Index Scan Backward using idx on public.t (actual rows=4096.00 loops=1)
   Output: a, b
   Index Cond: ((t.a >= '-3183'::integer) AND (t.a <= '-2160'::integer))
   Index Searches: 1
   Prefetch: distance=263.012 count=4443 stalls=4 skipped=52 resets=0 ungets=442 forwarded=0
             histogram [2,4) => 4, [4,8) => 4, [8,16) => 10, [16,32) => 10, [32,64) => 7, [64,128) => 2, [128,256) => 506, [256,512) => 3900
   Buffers: shared hit=3764 read=293
 Settings: enable_bitmapscan = 'off', enable_seqscan = 'off', max_parallel_workers_per_gather = '0'
 Planning:
   Buffers: shared hit=82 read=26
 Planning Time: 1.922 ms
 Execution Time: 8.049 ms
(12 rows)

SET
SET
SET
SET
SET
                                             QUERY PLAN                                             
----------------------------------------------------------------------------------------------------
 Index Scan Backward using idx on public.t (actual rows=4096.00 loops=1)
   Output: a, b
   Index Cond: ((t.a >= '-3183'::integer) AND (t.a <= '-2160'::integer))
   Index Searches: 1
   Buffers: shared hit=4057
 Settings: enable_bitmapscan = 'off', enable_seqscan = 'off', max_parallel_workers_per_gather = '0'
 Planning:
   Buffers: shared hit=113
 Planning Time: 0.195 ms
 Execution Time: 0.837 ms
(10 rows)

