SET
SET
SET
SET
SET
                                             QUERY PLAN                                             
----------------------------------------------------------------------------------------------------
 Index Scan Backward using idx on public.t (actual rows=8192.00 loops=1)
   Output: a, b
   Index Cond: ((t.a >= '-30208'::integer) AND (t.a <= '-28161'::integer))
   Index Searches: 1
   Prefetch: distance=2.122 count=747 stalls=6732 skipped=122 resets=0 ungets=0 forwarded=0
             histogram [2,4) => 716, [4,8) => 31
   Buffers: shared hit=7588 read=491
 Settings: enable_bitmapscan = 'off', enable_seqscan = 'off', max_parallel_workers_per_gather = '0'
 Planning:
   Buffers: shared hit=82 read=26
 Planning Time: 1.842 ms
 Execution Time: 29.090 ms
(12 rows)

SET
SET
SET
SET
SET
                                             QUERY PLAN                                             
----------------------------------------------------------------------------------------------------
 Index Scan Backward using idx on public.t (actual rows=8192.00 loops=1)
   Output: a, b
   Index Cond: ((t.a >= '-30208'::integer) AND (t.a <= '-28161'::integer))
   Index Searches: 1
   Buffers: shared hit=8079
 Settings: enable_bitmapscan = 'off', enable_seqscan = 'off', max_parallel_workers_per_gather = '0'
 Planning:
   Buffers: shared hit=113
 Planning Time: 0.203 ms
 Execution Time: 1.530 ms
(10 rows)

