SET
SET
SET
SET
SET
                                                                    QUERY PLAN                                                                    
--------------------------------------------------------------------------------------------------------------------------------------------------
 Index Scan Backward using idx on public.t (actual rows=16384.00 loops=1)
   Output: a, b
   Index Cond: ((t.a >= '-34436'::integer) AND (t.a <= '-30341'::integer))
   Index Searches: 1
   Prefetch: distance=262.446 count=17627 stalls=18 skipped=259 resets=0 ungets=1655 forwarded=0
             histogram [2,4) => 10, [4,8) => 5, [8,16) => 12, [16,32) => 16, [32,64) => 37, [64,128) => 55, [128,256) => 2443, [256,512) => 15049
   Buffers: shared hit=15259 read=895
 Settings: enable_bitmapscan = 'off', enable_seqscan = 'off', max_parallel_workers_per_gather = '0'
 Planning:
   Buffers: shared hit=82 read=26
 Planning Time: 1.909 ms
 Execution Time: 23.824 ms
(12 rows)

SET
SET
SET
SET
SET
                                             QUERY PLAN                                             
----------------------------------------------------------------------------------------------------
 Index Scan Backward using idx on public.t (actual rows=16384.00 loops=1)
   Output: a, b
   Index Cond: ((t.a >= '-34436'::integer) AND (t.a <= '-30341'::integer))
   Index Searches: 1
   Buffers: shared hit=16154
 Settings: enable_bitmapscan = 'off', enable_seqscan = 'off', max_parallel_workers_per_gather = '0'
 Planning:
   Buffers: shared hit=113
 Planning Time: 0.200 ms
 Execution Time: 2.057 ms
(10 rows)

