SET
SET
SET
SET
SET
                                                                  QUERY PLAN                                                                   
-----------------------------------------------------------------------------------------------------------------------------------------------
 Index Scan Backward using idx on public.t (actual rows=32768.00 loops=1)
   Output: a, b
   Index Cond: ((t.a >= '-16549'::integer) AND (t.a <= '-8358'::integer))
   Index Searches: 1
   Prefetch: distance=264.036 count=35542 stalls=3 skipped=484 resets=0 ungets=3324 forwarded=0
             histogram [2,4) => 6, [4,8) => 8, [8,16) => 7, [16,32) => 19, [32,64) => 11, [64,128) => 6, [128,256) => 4801, [256,512) => 30684
   Buffers: shared hit=30638 read=1701
 Settings: enable_bitmapscan = 'off', enable_seqscan = 'off', max_parallel_workers_per_gather = '0'
 Planning:
   Buffers: shared hit=82 read=26
 Planning Time: 1.872 ms
 Execution Time: 39.726 ms
(12 rows)

SET
SET
SET
SET
SET
                                             QUERY PLAN                                             
----------------------------------------------------------------------------------------------------
 Index Scan Backward using idx on public.t (actual rows=32768.00 loops=1)
   Output: a, b
   Index Cond: ((t.a >= '-16549'::integer) AND (t.a <= '-8358'::integer))
   Index Searches: 1
   Buffers: shared hit=32339
 Settings: enable_bitmapscan = 'off', enable_seqscan = 'off', max_parallel_workers_per_gather = '0'
 Planning:
   Buffers: shared hit=113
 Planning Time: 0.229 ms
 Execution Time: 5.234 ms
(10 rows)

