SET
SET
SET
SET
SET
                                             QUERY PLAN                                             
----------------------------------------------------------------------------------------------------
 Index Scan Backward using idx on public.t (actual rows=2048.00 loops=1)
   Output: a, b
   Index Cond: ((t.a >= '-33501'::integer) AND (t.a <= '-32478'::integer))
   Index Searches: 1
   Prefetch: distance=2.164 count=171 stalls=1472 skipped=64 resets=0 ungets=0 forwarded=0
             histogram [2,4) => 161, [4,8) => 10
   Buffers: shared hit=1842 read=139
 Settings: enable_bitmapscan = 'off', enable_seqscan = 'off', max_parallel_workers_per_gather = '0'
 Planning:
   Buffers: shared hit=86 read=27
 Planning Time: 2.165 ms
 Execution Time: 3.619 ms
(12 rows)

SET
SET
SET
SET
SET
                                             QUERY PLAN                                             
----------------------------------------------------------------------------------------------------
 Index Scan Backward using idx on public.t (actual rows=2048.00 loops=1)
   Output: a, b
   Index Cond: ((t.a >= '-33501'::integer) AND (t.a <= '-32478'::integer))
   Index Searches: 1
   Buffers: shared hit=1981
 Settings: enable_bitmapscan = 'off', enable_seqscan = 'off', max_parallel_workers_per_gather = '0'
 Planning:
   Buffers: shared hit=118
 Planning Time: 0.209 ms
 Execution Time: 0.444 ms
(10 rows)

