SET
SET
SET
SET
SET
                                             QUERY PLAN                                             
----------------------------------------------------------------------------------------------------
 Index Scan Backward using idx on public.t (actual rows=4096.00 loops=1)
   Output: a, b
   Index Cond: ((t.a >= '-32278'::integer) AND (t.a <= '-30231'::integer))
   Index Searches: 1
   Prefetch: distance=2.253 count=419 stalls=3479 skipped=121 resets=0 ungets=0 forwarded=1
             histogram [2,4) => 382, [4,8) => 37
   Buffers: shared hit=3744 read=242
 Settings: enable_bitmapscan = 'off', enable_seqscan = 'off', max_parallel_workers_per_gather = '0'
 Planning:
   Buffers: shared hit=86 read=27
 Planning Time: 2.171 ms
 Execution Time: 5.002 ms
(12 rows)

SET
SET
SET
SET
SET
                                             QUERY PLAN                                             
----------------------------------------------------------------------------------------------------
 Index Scan Backward using idx on public.t (actual rows=4096.00 loops=1)
   Output: a, b
   Index Cond: ((t.a >= '-32278'::integer) AND (t.a <= '-30231'::integer))
   Index Searches: 1
   Buffers: shared hit=3986
 Settings: enable_bitmapscan = 'off', enable_seqscan = 'off', max_parallel_workers_per_gather = '0'
 Planning:
   Buffers: shared hit=118
 Planning Time: 0.199 ms
 Execution Time: 0.812 ms
(10 rows)

