SET
SET
SET
SET
SET
                                                                   QUERY PLAN                                                                   
------------------------------------------------------------------------------------------------------------------------------------------------
 Index Scan Backward using idx on public.t (actual rows=524288.00 loops=1)
   Output: a, b
   Index Cond: ((t.a >= '-153153'::integer) AND (t.a <= '-22082'::integer))
   Index Searches: 1
   Prefetch: distance=264.164 count=569125 stalls=4 skipped=7894 resets=0 ungets=52790 forwarded=1
             histogram [2,4) => 4, [4,8) => 12, [8,16) => 9, [16,32) => 9, [32,64) => 7, [64,128) => 7, [128,256) => 79823, [256,512) => 489254
   Buffers: shared hit=491337 read=25846
 Settings: enable_bitmapscan = 'off', enable_seqscan = 'off', max_parallel_workers_per_gather = '0'
 Planning:
   Buffers: shared hit=78 read=26
 Planning Time: 1.946 ms
 Execution Time: 582.813 ms
(12 rows)

SET
SET
SET
SET
SET
                                             QUERY PLAN                                             
----------------------------------------------------------------------------------------------------
 Index Scan Backward using idx on public.t (actual rows=524288.00 loops=1)
   Output: a, b
   Index Cond: ((t.a >= '-153153'::integer) AND (t.a <= '-22082'::integer))
   Index Searches: 1
   Buffers: shared hit=517183
 Settings: enable_bitmapscan = 'off', enable_seqscan = 'off', max_parallel_workers_per_gather = '0'
 Planning:
   Buffers: shared hit=109
 Planning Time: 0.202 ms
 Execution Time: 84.610 ms
(10 rows)

