SET
SET
SET
SET
SET
                                                                     QUERY PLAN                                                                     
----------------------------------------------------------------------------------------------------------------------------------------------------
 Index Scan Backward using idx on public.t (actual rows=1048576.00 loops=1)
   Output: a, b
   Index Cond: ((t.a >= '-294109'::integer) AND (t.a <= '-31966'::integer))
   Index Searches: 1
   Prefetch: distance=264.169 count=1138565 stalls=9 skipped=15494 resets=0 ungets=105579 forwarded=4
             histogram [2,4) => 18, [4,8) => 7, [8,16) => 9, [16,32) => 16, [32,64) => 38, [64,128) => 22, [128,256) => 159823, [256,512) => 978632
   Buffers: shared hit=983064 read=51591
 Settings: enable_bitmapscan = 'off', enable_seqscan = 'off', max_parallel_workers_per_gather = '0'
 Planning:
   Buffers: shared hit=78 read=26
 Planning Time: 1.856 ms
 Execution Time: 1168.334 ms
(12 rows)

SET
SET
SET
SET
SET
                                             QUERY PLAN                                             
----------------------------------------------------------------------------------------------------
 Index Scan Backward using idx on public.t (actual rows=1048576.00 loops=1)
   Output: a, b
   Index Cond: ((t.a >= '-294109'::integer) AND (t.a <= '-31966'::integer))
   Index Searches: 1
   Buffers: shared hit=1034656
 Settings: enable_bitmapscan = 'off', enable_seqscan = 'off', max_parallel_workers_per_gather = '0'
 Planning:
   Buffers: shared hit=109
 Planning Time: 0.224 ms
 Execution Time: 170.634 ms
(10 rows)

