SET
SET
SET
SET
SET
                                             QUERY PLAN                                             
----------------------------------------------------------------------------------------------------
 Index Scan Backward using idx on public.t (actual rows=1024.00 loops=1)
   Output: a, b
   Index Cond: ((t.a >= '-21959'::integer) AND (t.a <= '-21448'::integer))
   Index Searches: 1
   Prefetch: distance=2.277 count=119 stalls=799 skipped=31 resets=0 ungets=0 forwarded=0
             histogram [2,4) => 108, [4,8) => 11
   Buffers: shared hit=909 read=91
 Settings: enable_bitmapscan = 'off', enable_seqscan = 'off', max_parallel_workers_per_gather = '0'
 Planning:
   Buffers: shared hit=86 read=27
 Planning Time: 2.222 ms
 Execution Time: 3.215 ms
(12 rows)

SET
SET
SET
SET
SET
                                             QUERY PLAN                                             
----------------------------------------------------------------------------------------------------
 Index Scan Backward using idx on public.t (actual rows=1024.00 loops=1)
   Output: a, b
   Index Cond: ((t.a >= '-21959'::integer) AND (t.a <= '-21448'::integer))
   Index Searches: 1
   Buffers: shared hit=1000
 Settings: enable_bitmapscan = 'off', enable_seqscan = 'off', max_parallel_workers_per_gather = '0'
 Planning:
   Buffers: shared hit=118
 Planning Time: 0.197 ms
 Execution Time: 0.254 ms
(10 rows)

