SET
SET
SET
SET
SET
                                                                     QUERY PLAN                                                                     
----------------------------------------------------------------------------------------------------------------------------------------------------
 Index Scan Backward using idx on public.t (actual rows=65536.00 loops=1)
   Output: a, b
   Index Cond: ((t.a >= '-62115'::integer) AND (t.a <= '-29348'::integer))
   Index Searches: 1
   Prefetch: distance=262.824 count=70191 stalls=1 skipped=2038 resets=0 ungets=6707 forwarded=22
             histogram [2,4) => 16, [4,8) => 12, [8,16) => 17, [16,32) => 15, [32,64) => 30, [64,128) => 44, [128,256) => 11835, [256,512) => 58222
   Buffers: shared hit=60345 read=3338
 Settings: enable_bitmapscan = 'off', enable_seqscan = 'off', max_parallel_workers_per_gather = '0'
 Planning:
   Buffers: shared hit=86 read=27
 Planning Time: 2.178 ms
 Execution Time: 38.658 ms
(12 rows)

SET
SET
SET
SET
SET
                                             QUERY PLAN                                             
----------------------------------------------------------------------------------------------------
 Index Scan Backward using idx on public.t (actual rows=65536.00 loops=1)
   Output: a, b
   Index Cond: ((t.a >= '-62115'::integer) AND (t.a <= '-29348'::integer))
   Index Searches: 1
   Buffers: shared hit=63684
 Settings: enable_bitmapscan = 'off', enable_seqscan = 'off', max_parallel_workers_per_gather = '0'
 Planning:
   Buffers: shared hit=118
 Planning Time: 0.206 ms
 Execution Time: 10.948 ms
(10 rows)

