SET
SET
SET
SET
SET
                                                                   QUERY PLAN                                                                   
------------------------------------------------------------------------------------------------------------------------------------------------
 Index Scan Backward using idx on public.t (actual rows=262144.00 loops=1)
   Output: a, b
   Index Cond: ((t.a >= '-161153'::integer) AND (t.a <= '-30082'::integer))
   Index Searches: 1
   Prefetch: distance=263.168 count=280630 stalls=1 skipped=8218 resets=0 ungets=26714 forwarded=106
             histogram [2,4) => 2, [4,8) => 6, [8,16) => 5, [16,32) => 19, [32,64) => 5, [64,128) => 2, [128,256) => 48495, [256,512) => 232096
   Buffers: shared hit=241403 read=13237
 Settings: enable_bitmapscan = 'off', enable_seqscan = 'off', max_parallel_workers_per_gather = '0'
 Planning:
   Buffers: shared hit=82 read=27
 Planning Time: 2.173 ms
 Execution Time: 137.713 ms
(12 rows)

SET
SET
SET
SET
SET
                                             QUERY PLAN                                             
----------------------------------------------------------------------------------------------------
 Index Scan Backward using idx on public.t (actual rows=262144.00 loops=1)
   Output: a, b
   Index Cond: ((t.a >= '-161153'::integer) AND (t.a <= '-30082'::integer))
   Index Searches: 1
   Buffers: shared hit=254649
 Settings: enable_bitmapscan = 'off', enable_seqscan = 'off', max_parallel_workers_per_gather = '0'
 Planning:
   Buffers: shared hit=114
 Planning Time: 0.192 ms
 Execution Time: 42.784 ms
(10 rows)

