SET
SET
SET
SET
SET
                                                                    QUERY PLAN                                                                    
--------------------------------------------------------------------------------------------------------------------------------------------------
 Index Scan Backward using idx on public.t (actual rows=9048576.00 loops=1)
   Output: a, b
   Index Cond: ((t.a >= '-2269538'::integer) AND (t.a <= '-7395'::integer))
   Index Searches: 1
   Prefetch: distance=264.222 count=9825930 stalls=2 skipped=134045 resets=0 ungets=911432 forwarded=21
             histogram [2,4) => 6, [4,8) => 6, [8,16) => 7, [16,32) => 8, [32,64) => 2, [64,128) => 2, [128,256) => 1375156, [256,512) => 8450743
   Buffers: shared hit=8483562 read=444517
 Settings: enable_bitmapscan = 'off', enable_seqscan = 'off', max_parallel_workers_per_gather = '0'
 Planning:
   Buffers: shared hit=78 read=26
 Planning Time: 1.887 ms
 Execution Time: 10017.048 ms
(12 rows)

SET
SET
SET
SET
SET
                                             QUERY PLAN                                             
----------------------------------------------------------------------------------------------------
 Index Scan Backward using idx on public.t (actual rows=9048576.00 loops=1)
   Output: a, b
   Index Cond: ((t.a >= '-2269538'::integer) AND (t.a <= '-7395'::integer))
   Index Searches: 1
   Buffers: shared hit=8928081
 Settings: enable_bitmapscan = 'off', enable_seqscan = 'off', max_parallel_workers_per_gather = '0'
 Planning:
   Buffers: shared hit=109
 Planning Time: 0.215 ms
 Execution Time: 1471.874 ms
(10 rows)

