SET
SET
SET
SET
SET
                                             QUERY PLAN                                             
----------------------------------------------------------------------------------------------------
 Index Scan Backward using idx on public.t (actual rows=2048.00 loops=1)
   Output: a, b
   Index Cond: ((t.a >= '-25999'::integer) AND (t.a <= '-24976'::integer))
   Index Searches: 1
   Prefetch: distance=2.194 count=180 stalls=1484 skipped=45 resets=0 ungets=0 forwarded=0
             histogram [2,4) => 168, [4,8) => 12
   Buffers: shared hit=1859 read=141
 Settings: enable_bitmapscan = 'off', enable_seqscan = 'off', max_parallel_workers_per_gather = '0'
 Planning:
   Buffers: shared hit=86 read=27
 Planning Time: 2.175 ms
 Execution Time: 4.095 ms
(12 rows)

SET
SET
SET
SET
SET
                                             QUERY PLAN                                             
----------------------------------------------------------------------------------------------------
 Index Scan Backward using idx on public.t (actual rows=2048.00 loops=1)
   Output: a, b
   Index Cond: ((t.a >= '-25999'::integer) AND (t.a <= '-24976'::integer))
   Index Searches: 1
   Buffers: shared hit=2000
 Settings: enable_bitmapscan = 'off', enable_seqscan = 'off', max_parallel_workers_per_gather = '0'
 Planning:
   Buffers: shared hit=118
 Planning Time: 0.203 ms
 Execution Time: 0.437 ms
(10 rows)

