SET
SET
SET
SET
SET
                                             QUERY PLAN                                             
----------------------------------------------------------------------------------------------------
 Index Scan Backward using idx on public.t (actual rows=512.00 loops=1)
   Output: a, b
   Index Cond: ((t.a >= '-29031'::integer) AND (t.a <= '-28776'::integer))
   Index Searches: 1
   Prefetch: distance=2.414 count=70 stalls=364 skipped=19 resets=0 ungets=0 forwarded=0
             histogram [2,4) => 60, [4,8) => 10
   Buffers: shared hit=436 read=62
 Settings: enable_bitmapscan = 'off', enable_seqscan = 'off', max_parallel_workers_per_gather = '0'
 Planning:
   Buffers: shared hit=86 read=27
 Planning Time: 1.412 ms
 Execution Time: 3.133 ms
(12 rows)

SET
SET
SET
SET
SET
                                             QUERY PLAN                                             
----------------------------------------------------------------------------------------------------
 Index Scan Backward using idx on public.t (actual rows=512.00 loops=1)
   Output: a, b
   Index Cond: ((t.a >= '-29031'::integer) AND (t.a <= '-28776'::integer))
   Index Searches: 1
   Buffers: shared hit=498
 Settings: enable_bitmapscan = 'off', enable_seqscan = 'off', max_parallel_workers_per_gather = '0'
 Planning:
   Buffers: shared hit=118
 Planning Time: 0.204 ms
 Execution Time: 0.169 ms
(10 rows)

