SET
SET
SET
SET
SET
                                             QUERY PLAN                                             
----------------------------------------------------------------------------------------------------
 Index Scan Backward using idx on public.t (actual rows=512.00 loops=1)
   Output: a, b
   Index Cond: ((t.a >= '-18632'::integer) AND (t.a <= '-18377'::integer))
   Index Searches: 1
   Prefetch: distance=2.667 count=21 stalls=189 skipped=5 resets=0 ungets=0 forwarded=0
             histogram [2,4) => 16, [4,8) => 5
   Buffers: shared hit=439 read=63
 Settings: enable_bitmapscan = 'off', enable_seqscan = 'off', max_parallel_workers_per_gather = '0'
 Planning:
   Buffers: shared hit=82 read=26
 Planning Time: 1.323 ms
 Execution Time: 4.181 ms
(12 rows)

SET
SET
SET
SET
SET
                                             QUERY PLAN                                             
----------------------------------------------------------------------------------------------------
 Index Scan Backward using idx on public.t (actual rows=512.00 loops=1)
   Output: a, b
   Index Cond: ((t.a >= '-18632'::integer) AND (t.a <= '-18377'::integer))
   Index Searches: 1
   Buffers: shared hit=502
 Settings: enable_bitmapscan = 'off', enable_seqscan = 'off', max_parallel_workers_per_gather = '0'
 Planning:
   Buffers: shared hit=113
 Planning Time: 0.207 ms
 Execution Time: 0.186 ms
(10 rows)

