SET
SET
SET
SET
SET
                                             QUERY PLAN                                             
----------------------------------------------------------------------------------------------------
 Index Scan Backward using idx on public.t (actual rows=256.00 loops=1)
   Output: a, b
   Index Cond: ((t.a >= '-9586'::integer) AND (t.a <= '-9459'::integer))
   Index Searches: 1
   Prefetch: distance=2.000 count=14 stalls=100 skipped=3 resets=0 ungets=0 forwarded=0
             histogram [2,4) => 14
   Buffers: shared hit=201 read=52
 Settings: enable_bitmapscan = 'off', enable_seqscan = 'off', max_parallel_workers_per_gather = '0'
 Planning:
   Buffers: shared hit=82 read=26
 Planning Time: 1.316 ms
 Execution Time: 3.333 ms
(12 rows)

SET
SET
SET
SET
SET
                                             QUERY PLAN                                             
----------------------------------------------------------------------------------------------------
 Index Scan Backward using idx on public.t (actual rows=256.00 loops=1)
   Output: a, b
   Index Cond: ((t.a >= '-9586'::integer) AND (t.a <= '-9459'::integer))
   Index Searches: 1
   Buffers: shared hit=253
 Settings: enable_bitmapscan = 'off', enable_seqscan = 'off', max_parallel_workers_per_gather = '0'
 Planning:
   Buffers: shared hit=113
 Planning Time: 0.160 ms
 Execution Time: 0.078 ms
(10 rows)

