SET
SET
SET
SET
SET
                                                                  QUERY PLAN                                                                  
----------------------------------------------------------------------------------------------------------------------------------------------
 Index Scan Backward using idx on public.t (actual rows=65536.00 loops=1)
   Output: a, b
   Index Cond: ((t.a >= '-59110'::integer) AND (t.a <= '-26343'::integer))
   Index Searches: 1
   Prefetch: distance=264.454 count=71059 stalls=1 skipped=2009 resets=0 ungets=7534 forwarded=44
             histogram [2,4) => 2, [4,8) => 3, [8,16) => 7, [16,32) => 13, [32,64) => 2, [64,128) => 2, [128,256) => 9207, [256,512) => 61823
   Buffers: shared hit=60373 read=3339
 Settings: enable_bitmapscan = 'off', enable_seqscan = 'off', max_parallel_workers_per_gather = '0'
 Planning:
   Buffers: shared hit=82 read=26
 Planning Time: 2.007 ms
 Execution Time: 84.278 ms
(12 rows)

SET
SET
SET
SET
SET
                                             QUERY PLAN                                             
----------------------------------------------------------------------------------------------------
 Index Scan Backward using idx on public.t (actual rows=65536.00 loops=1)
   Output: a, b
   Index Cond: ((t.a >= '-59110'::integer) AND (t.a <= '-26343'::integer))
   Index Searches: 1
   Buffers: shared hit=63712
 Settings: enable_bitmapscan = 'off', enable_seqscan = 'off', max_parallel_workers_per_gather = '0'
 Planning:
   Buffers: shared hit=113
 Planning Time: 0.233 ms
 Execution Time: 7.189 ms
(10 rows)

