SET
SET
SET
SET
SET
                                             QUERY PLAN                                             
----------------------------------------------------------------------------------------------------
 Index Scan Backward using idx on public.t (actual rows=4096.00 loops=1)
   Output: a, b
   Index Cond: ((t.a >= '-32014'::integer) AND (t.a <= '-29967'::integer))
   Index Searches: 1
   Prefetch: distance=2.077 count=365 stalls=3276 skipped=112 resets=0 ungets=0 forwarded=0
             histogram [2,4) => 356, [4,8) => 9
   Buffers: shared hit=3747 read=242
 Settings: enable_bitmapscan = 'off', enable_seqscan = 'off', max_parallel_workers_per_gather = '0'
 Planning:
   Buffers: shared hit=82 read=26
 Planning Time: 1.711 ms
 Execution Time: 16.995 ms
(12 rows)

SET
SET
SET
SET
SET
                                             QUERY PLAN                                             
----------------------------------------------------------------------------------------------------
 Index Scan Backward using idx on public.t (actual rows=4096.00 loops=1)
   Output: a, b
   Index Cond: ((t.a >= '-32014'::integer) AND (t.a <= '-29967'::integer))
   Index Searches: 1
   Buffers: shared hit=3989
 Settings: enable_bitmapscan = 'off', enable_seqscan = 'off', max_parallel_workers_per_gather = '0'
 Planning:
   Buffers: shared hit=113
 Planning Time: 0.187 ms
 Execution Time: 0.755 ms
(10 rows)

