SET
SET
SET
SET
SET
                                                                    QUERY PLAN                                                                     
---------------------------------------------------------------------------------------------------------------------------------------------------
 Index Scan Backward using idx on public.t (actual rows=9048576.00 loops=1)
   Output: a, b
   Index Cond: ((t.a >= '-4556710'::integer) AND (t.a <= '-32423'::integer))
   Index Searches: 1
   Prefetch: distance=264.574 count=9804562 stalls=1 skipped=281169 resets=0 ungets=1037175 forwarded=6139
             histogram [2,4) => 4, [4,8) => 6, [8,16) => 7, [16,32) => 18, [32,64) => 4, [64,128) => 5, [128,256) => 1283054, [256,512) => 8521464
   Buffers: shared hit=8336325 read=455647
 Settings: enable_bitmapscan = 'off', enable_seqscan = 'off', max_parallel_workers_per_gather = '0'
 Planning:
   Buffers: shared hit=78 read=26
 Planning Time: 1.949 ms
 Execution Time: 11121.557 ms
(12 rows)

SET
SET
SET
SET
SET
                                             QUERY PLAN                                             
----------------------------------------------------------------------------------------------------
 Index Scan Backward using idx on public.t (actual rows=9048576.00 loops=1)
   Output: a, b
   Index Cond: ((t.a >= '-4556710'::integer) AND (t.a <= '-32423'::integer))
   Index Searches: 1
   Buffers: shared hit=8792135
 Settings: enable_bitmapscan = 'off', enable_seqscan = 'off', max_parallel_workers_per_gather = '0'
 Planning:
   Buffers: shared hit=109
 Planning Time: 0.240 ms
 Execution Time: 1555.936 ms
(10 rows)

