SET
SET
SET
SET
SET
                                             QUERY PLAN                                             
----------------------------------------------------------------------------------------------------
 Index Scan Backward using idx on public.t (actual rows=512.00 loops=1)
   Output: a, b
   Index Cond: ((t.a >= '-23840'::integer) AND (t.a <= '-23585'::integer))
   Index Searches: 1
   Prefetch: distance=2.073 count=41 stalls=366 skipped=6 resets=0 ungets=0 forwarded=0
             histogram [2,4) => 40, [4,8) => 1
   Buffers: shared hit=453 read=60
 Settings: enable_bitmapscan = 'off', enable_seqscan = 'off', max_parallel_workers_per_gather = '0'
 Planning:
   Buffers: shared hit=82 read=26
 Planning Time: 1.264 ms
 Execution Time: 4.395 ms
(12 rows)

SET
SET
SET
SET
SET
                                             QUERY PLAN                                             
----------------------------------------------------------------------------------------------------
 Index Scan Backward using idx on public.t (actual rows=512.00 loops=1)
   Output: a, b
   Index Cond: ((t.a >= '-23840'::integer) AND (t.a <= '-23585'::integer))
   Index Searches: 1
   Buffers: shared hit=513
 Settings: enable_bitmapscan = 'off', enable_seqscan = 'off', max_parallel_workers_per_gather = '0'
 Planning:
   Buffers: shared hit=113
 Planning Time: 0.201 ms
 Execution Time: 0.171 ms
(10 rows)

