SET
SET
SET
SET
SET
                                             QUERY PLAN                                             
----------------------------------------------------------------------------------------------------
 Index Scan Backward using idx on public.t (actual rows=4096.00 loops=1)
   Output: a, b
   Index Cond: ((t.a >= '-25869'::integer) AND (t.a <= '-23822'::integer))
   Index Searches: 1
   Prefetch: distance=2.142 count=388 stalls=3431 skipped=146 resets=0 ungets=0 forwarded=0
             histogram [2,4) => 370, [4,8) => 18
   Buffers: shared hit=3724 read=239
 Settings: enable_bitmapscan = 'off', enable_seqscan = 'off', max_parallel_workers_per_gather = '0'
 Planning:
   Buffers: shared hit=82 read=26
 Planning Time: 1.967 ms
 Execution Time: 18.621 ms
(12 rows)

SET
SET
SET
SET
SET
                                             QUERY PLAN                                             
----------------------------------------------------------------------------------------------------
 Index Scan Backward using idx on public.t (actual rows=4096.00 loops=1)
   Output: a, b
   Index Cond: ((t.a >= '-25869'::integer) AND (t.a <= '-23822'::integer))
   Index Searches: 1
   Buffers: shared hit=3963
 Settings: enable_bitmapscan = 'off', enable_seqscan = 'off', max_parallel_workers_per_gather = '0'
 Planning:
   Buffers: shared hit=113
 Planning Time: 0.139 ms
 Execution Time: 0.498 ms
(10 rows)

