SET
SET
SET
SET
SET
                                                                     QUERY PLAN                                                                     
----------------------------------------------------------------------------------------------------------------------------------------------------
 Index Scan Backward using idx on public.t (actual rows=5048576.00 loops=1)
   Output: a, b
   Index Cond: ((t.a >= '-2539864'::integer) AND (t.a <= '-15577'::integer))
   Index Searches: 1
   Prefetch: distance=264.587 count=5470260 stalls=2 skipped=157001 resets=0 ungets=578700 forwarded=3394
             histogram [2,4) => 2, [4,8) => 6, [8,16) => 11, [16,32) => 14, [32,64) => 15, [64,128) => 3, [128,256) => 713721, [256,512) => 4756488
   Buffers: shared hit=4651045 read=254239
 Settings: enable_bitmapscan = 'off', enable_seqscan = 'off', max_parallel_workers_per_gather = '0'
 Planning:
   Buffers: shared hit=78 read=26
 Planning Time: 1.949 ms
 Execution Time: 6195.954 ms
(12 rows)

SET
SET
SET
SET
SET
                                             QUERY PLAN                                             
----------------------------------------------------------------------------------------------------
 Index Scan Backward using idx on public.t (actual rows=5048576.00 loops=1)
   Output: a, b
   Index Cond: ((t.a >= '-2539864'::integer) AND (t.a <= '-15577'::integer))
   Index Searches: 1
   Buffers: shared hit=4905374
 Settings: enable_bitmapscan = 'off', enable_seqscan = 'off', max_parallel_workers_per_gather = '0'
 Planning:
   Buffers: shared hit=109
 Planning Time: 0.265 ms
 Execution Time: 847.177 ms
(10 rows)

