SET
SET
SET
SET
SET
                                                                    QUERY PLAN                                                                     
---------------------------------------------------------------------------------------------------------------------------------------------------
 Index Scan Backward using idx on public.t (actual rows=7048576.00 loops=1)
   Output: a, b
   Index Cond: ((t.a >= '-3551852'::integer) AND (t.a <= '-27565'::integer))
   Index Searches: 1
   Prefetch: distance=264.576 count=7637148 stalls=1 skipped=219065 resets=0 ungets=807647 forwarded=4735
             histogram [2,4) => 2, [4,8) => 3, [8,16) => 9, [16,32) => 10, [32,64) => 16, [64,128) => 2, [128,256) => 998247, [256,512) => 6638859
   Buffers: shared hit=6493693 read=354944
 Settings: enable_bitmapscan = 'off', enable_seqscan = 'off', max_parallel_workers_per_gather = '0'
 Planning:
   Buffers: shared hit=78 read=26
 Planning Time: 2.132 ms
 Execution Time: 8679.625 ms
(12 rows)

SET
SET
SET
SET
SET
                                             QUERY PLAN                                             
----------------------------------------------------------------------------------------------------
 Index Scan Backward using idx on public.t (actual rows=7048576.00 loops=1)
   Output: a, b
   Index Cond: ((t.a >= '-3551852'::integer) AND (t.a <= '-27565'::integer))
   Index Searches: 1
   Buffers: shared hit=6848776
 Settings: enable_bitmapscan = 'off', enable_seqscan = 'off', max_parallel_workers_per_gather = '0'
 Planning:
   Buffers: shared hit=109
 Planning Time: 0.241 ms
 Execution Time: 1178.560 ms
(10 rows)

