SET
SET
SET
SET
SET
                                                                 QUERY PLAN                                                                  
---------------------------------------------------------------------------------------------------------------------------------------------
 Index Scan Backward using idx on public.t (actual rows=512.00 loops=1)
   Output: a, b
   Index Cond: ((t.a >= '-8803'::integer) AND (t.a <= '-8548'::integer))
   Index Searches: 1
   Prefetch: distance=216.657 count=492 stalls=1 skipped=16 resets=0 ungets=34 forwarded=0
             histogram [2,4) => 4, [4,8) => 6, [8,16) => 12, [16,32) => 35, [32,64) => 27, [64,128) => 13, [128,256) => 85, [256,512) => 310
   Buffers: shared hit=439 read=64
 Settings: enable_bitmapscan = 'off', enable_seqscan = 'off', max_parallel_workers_per_gather = '0'
 Planning:
   Buffers: shared hit=82 read=26
 Planning Time: 1.311 ms
 Execution Time: 3.410 ms
(12 rows)

SET
SET
SET
SET
SET
                                             QUERY PLAN                                             
----------------------------------------------------------------------------------------------------
 Index Scan Backward using idx on public.t (actual rows=512.00 loops=1)
   Output: a, b
   Index Cond: ((t.a >= '-8803'::integer) AND (t.a <= '-8548'::integer))
   Index Searches: 1
   Buffers: shared hit=503
 Settings: enable_bitmapscan = 'off', enable_seqscan = 'off', max_parallel_workers_per_gather = '0'
 Planning:
   Buffers: shared hit=113
 Planning Time: 0.148 ms
 Execution Time: 0.096 ms
(10 rows)

