SET
SET
SET
SET
SET
                                                                QUERY PLAN                                                                 
-------------------------------------------------------------------------------------------------------------------------------------------
 Index Scan Backward using idx on public.t (actual rows=1024.00 loops=1)
   Output: a, b
   Index Cond: ((t.a >= '-2019'::integer) AND (t.a <= '-1508'::integer))
   Index Searches: 1
   Prefetch: distance=258.668 count=1116 stalls=1 skipped=23 resets=0 ungets=127 forwarded=2
             histogram [2,4) => 2, [4,8) => 6, [8,16) => 5, [16,32) => 11, [32,64) => 4, [64,128) => 3, [128,256) => 116, [256,512) => 969
   Buffers: shared hit=918 read=91
 Settings: enable_bitmapscan = 'off', enable_seqscan = 'off', max_parallel_workers_per_gather = '0'
 Planning:
   Buffers: shared hit=82 read=26
 Planning Time: 1.964 ms
 Execution Time: 3.136 ms
(12 rows)

SET
SET
SET
SET
SET
                                             QUERY PLAN                                             
----------------------------------------------------------------------------------------------------
 Index Scan Backward using idx on public.t (actual rows=1024.00 loops=1)
   Output: a, b
   Index Cond: ((t.a >= '-2019'::integer) AND (t.a <= '-1508'::integer))
   Index Searches: 1
   Buffers: shared hit=1009
 Settings: enable_bitmapscan = 'off', enable_seqscan = 'off', max_parallel_workers_per_gather = '0'
 Planning:
   Buffers: shared hit=113
 Planning Time: 0.223 ms
 Execution Time: 0.265 ms
(10 rows)

