SET
SET
SET
SET
SET
                                             QUERY PLAN                                             
----------------------------------------------------------------------------------------------------
 Index Scan Backward using idx on public.t (actual rows=4096.00 loops=1)
   Output: a, b
   Index Cond: ((t.a >= '-4107'::integer) AND (t.a <= '-2060'::integer))
   Index Searches: 1
   Prefetch: distance=2.079 count=390 stalls=3413 skipped=132 resets=0 ungets=0 forwarded=0
             histogram [2,4) => 380, [4,8) => 10
   Buffers: shared hit=3736 read=242
 Settings: enable_bitmapscan = 'off', enable_seqscan = 'off', max_parallel_workers_per_gather = '0'
 Planning:
   Buffers: shared hit=82 read=26
 Planning Time: 1.619 ms
 Execution Time: 17.249 ms
(12 rows)

SET
SET
SET
SET
SET
                                             QUERY PLAN                                             
----------------------------------------------------------------------------------------------------
 Index Scan Backward using idx on public.t (actual rows=4096.00 loops=1)
   Output: a, b
   Index Cond: ((t.a >= '-4107'::integer) AND (t.a <= '-2060'::integer))
   Index Searches: 1
   Buffers: shared hit=3978
 Settings: enable_bitmapscan = 'off', enable_seqscan = 'off', max_parallel_workers_per_gather = '0'
 Planning:
   Buffers: shared hit=113
 Planning Time: 0.201 ms
 Execution Time: 0.787 ms
(10 rows)

