SET
SET
SET
SET
SET
                                             QUERY PLAN                                             
----------------------------------------------------------------------------------------------------
 Index Scan Backward using idx on public.t (actual rows=2048.00 loops=1)
   Output: a, b
   Index Cond: ((t.a >= '-2352'::integer) AND (t.a <= '-1329'::integer))
   Index Searches: 1
   Prefetch: distance=2.025 count=163 stalls=1533 skipped=41 resets=0 ungets=0 forwarded=0
             histogram [2,4) => 162, [4,8) => 1
   Buffers: shared hit=1873 read=136
 Settings: enable_bitmapscan = 'off', enable_seqscan = 'off', max_parallel_workers_per_gather = '0'
 Planning:
   Buffers: shared hit=82 read=26
 Planning Time: 1.939 ms
 Execution Time: 8.105 ms
(12 rows)

SET
SET
SET
SET
SET
                                             QUERY PLAN                                             
----------------------------------------------------------------------------------------------------
 Index Scan Backward using idx on public.t (actual rows=2048.00 loops=1)
   Output: a, b
   Index Cond: ((t.a >= '-2352'::integer) AND (t.a <= '-1329'::integer))
   Index Searches: 1
   Buffers: shared hit=2009
 Settings: enable_bitmapscan = 'off', enable_seqscan = 'off', max_parallel_workers_per_gather = '0'
 Planning:
   Buffers: shared hit=113
 Planning Time: 0.194 ms
 Execution Time: 0.416 ms
(10 rows)

