SET
SET
SET
SET
SET
                                                                    QUERY PLAN                                                                    
--------------------------------------------------------------------------------------------------------------------------------------------------
 Index Scan Backward using idx on public.t (actual rows=7048576.00 loops=1)
   Output: a, b
   Index Cond: ((t.a >= '-3530989'::integer) AND (t.a <= '-6702'::integer))
   Index Searches: 1
   Prefetch: distance=264.580 count=7636934 stalls=2 skipped=219051 resets=0 ungets=807418 forwarded=4718
             histogram [2,4) => 4, [4,8) => 3, [8,16) => 12, [16,32) => 8, [32,64) => 9, [64,128) => 2, [128,256) => 997686, [256,512) => 6639210
   Buffers: shared hit=6493720 read=354944
 Settings: enable_bitmapscan = 'off', enable_seqscan = 'off', max_parallel_workers_per_gather = '0'
 Planning:
   Buffers: shared hit=78 read=26
 Planning Time: 1.938 ms
 Execution Time: 8681.307 ms
(12 rows)

SET
SET
SET
SET
SET
                                             QUERY PLAN                                             
----------------------------------------------------------------------------------------------------
 Index Scan Backward using idx on public.t (actual rows=7048576.00 loops=1)
   Output: a, b
   Index Cond: ((t.a >= '-3530989'::integer) AND (t.a <= '-6702'::integer))
   Index Searches: 1
   Buffers: shared hit=6848790
 Settings: enable_bitmapscan = 'off', enable_seqscan = 'off', max_parallel_workers_per_gather = '0'
 Planning:
   Buffers: shared hit=109
 Planning Time: 0.220 ms
 Execution Time: 1177.694 ms
(10 rows)

