SET
SET
SET
SET
SET
                                             QUERY PLAN                                             
----------------------------------------------------------------------------------------------------
 Index Scan Backward using idx on public.t (actual rows=4096.00 loops=1)
   Output: a, b
   Index Cond: ((t.a >= '-31340'::integer) AND (t.a <= '-29293'::integer))
   Index Searches: 1
   Prefetch: distance=2.110 count=400 stalls=3471 skipped=132 resets=0 ungets=0 forwarded=0
             histogram [2,4) => 386, [4,8) => 14
   Buffers: shared hit=3736 read=241
 Settings: enable_bitmapscan = 'off', enable_seqscan = 'off', max_parallel_workers_per_gather = '0'
 Planning:
   Buffers: shared hit=82 read=26
 Planning Time: 1.722 ms
 Execution Time: 17.044 ms
(12 rows)

SET
SET
SET
SET
SET
                                             QUERY PLAN                                             
----------------------------------------------------------------------------------------------------
 Index Scan Backward using idx on public.t (actual rows=4096.00 loops=1)
   Output: a, b
   Index Cond: ((t.a >= '-31340'::integer) AND (t.a <= '-29293'::integer))
   Index Searches: 1
   Buffers: shared hit=3977
 Settings: enable_bitmapscan = 'off', enable_seqscan = 'off', max_parallel_workers_per_gather = '0'
 Planning:
   Buffers: shared hit=113
 Planning Time: 0.168 ms
 Execution Time: 0.512 ms
(10 rows)

