SET
SET
SET
SET
SET
                                                                QUERY PLAN                                                                
------------------------------------------------------------------------------------------------------------------------------------------
 Index Scan using idx on public.t (actual rows=128.00 loops=1)
   Output: a, b
   Index Cond: ((t.a >= '-30429'::integer) AND (t.a <= '-30366'::integer))
   Index Searches: 1
   Prefetch: distance=110.202 count=104 stalls=3 skipped=3 resets=0 ungets=7 forwarded=1
             histogram [2,4) => 12, [4,8) => 5, [8,16) => 8, [16,32) => 17, [32,64) => 18, [64,128) => 5, [128,256) => 6, [256,512) => 33
   Buffers: shared hit=88 read=42
 Settings: enable_bitmapscan = 'off', enable_seqscan = 'off', max_parallel_workers_per_gather = '0'
 Planning:
   Buffers: shared hit=86 read=26
 Planning Time: 1.317 ms
 Execution Time: 2.186 ms
(12 rows)

SET
SET
SET
SET
SET
                                             QUERY PLAN                                             
----------------------------------------------------------------------------------------------------
 Index Scan using idx on public.t (actual rows=128.00 loops=1)
   Output: a, b
   Index Cond: ((t.a >= '-30429'::integer) AND (t.a <= '-30366'::integer))
   Index Searches: 1
   Buffers: shared hit=130
 Settings: enable_bitmapscan = 'off', enable_seqscan = 'off', max_parallel_workers_per_gather = '0'
 Planning:
   Buffers: shared hit=117
 Planning Time: 0.207 ms
 Execution Time: 0.099 ms
(10 rows)

