SET
SET
SET
SET
SET
                                                                   QUERY PLAN                                                                    
-------------------------------------------------------------------------------------------------------------------------------------------------
 Index Scan using idx on public.t (actual rows=16384.00 loops=1)
   Output: a, b
   Index Cond: ((t.a >= '-30688'::integer) AND (t.a <= '-22497'::integer))
   Index Searches: 1
   Prefetch: distance=258.935 count=16214 stalls=1 skipped=513 resets=0 ungets=369 forwarded=25
             histogram [2,4) => 4, [4,8) => 9, [8,16) => 13, [16,32) => 17, [32,64) => 25, [64,128) => 42, [128,256) => 4062, [256,512) => 12042
   Buffers: shared hit=15061 read=860
 Settings: enable_bitmapscan = 'off', enable_seqscan = 'off', max_parallel_workers_per_gather = '0'
 Planning:
   Buffers: shared hit=86 read=26
 Planning Time: 1.952 ms
 Execution Time: 9.593 ms
(12 rows)

SET
SET
SET
SET
SET
                                             QUERY PLAN                                             
----------------------------------------------------------------------------------------------------
 Index Scan using idx on public.t (actual rows=16384.00 loops=1)
   Output: a, b
   Index Cond: ((t.a >= '-30688'::integer) AND (t.a <= '-22497'::integer))
   Index Searches: 1
   Buffers: shared hit=15921
 Settings: enable_bitmapscan = 'off', enable_seqscan = 'off', max_parallel_workers_per_gather = '0'
 Planning:
   Buffers: shared hit=117
 Planning Time: 0.161 ms
 Execution Time: 1.649 ms
(10 rows)

