SET
SET
SET
SET
SET
                                                                   QUERY PLAN                                                                   
------------------------------------------------------------------------------------------------------------------------------------------------
 Index Scan using idx on public.t (actual rows=8192.00 loops=1)
   Output: a, b
   Index Cond: ((t.a >= '-9754'::integer) AND (t.a <= '-5659'::integer))
   Index Searches: 1
   Prefetch: distance=258.029 count=8088 stalls=5 skipped=255 resets=0 ungets=185 forwarded=10
             histogram [2,4) => 6, [4,8) => 6, [8,16) => 11, [16,32) => 12, [32,64) => 30, [64,128) => 34, [128,256) => 1880, [256,512) => 6109
   Buffers: shared hit=7517 read=449
 Settings: enable_bitmapscan = 'off', enable_seqscan = 'off', max_parallel_workers_per_gather = '0'
 Planning:
   Buffers: shared hit=86 read=26
 Planning Time: 2.002 ms
 Execution Time: 6.034 ms
(12 rows)

SET
SET
SET
SET
SET
                                             QUERY PLAN                                             
----------------------------------------------------------------------------------------------------
 Index Scan using idx on public.t (actual rows=8192.00 loops=1)
   Output: a, b
   Index Cond: ((t.a >= '-9754'::integer) AND (t.a <= '-5659'::integer))
   Index Searches: 1
   Buffers: shared hit=7966
 Settings: enable_bitmapscan = 'off', enable_seqscan = 'off', max_parallel_workers_per_gather = '0'
 Planning:
   Buffers: shared hit=117
 Planning Time: 0.169 ms
 Execution Time: 0.943 ms
(10 rows)

