SET
SET
SET
SET
SET
                                                                    QUERY PLAN                                                                    
--------------------------------------------------------------------------------------------------------------------------------------------------
 Index Scan using idx on public.t (actual rows=1048576.00 loops=1)
   Output: a, b
   Index Cond: ((t.a >= '-550632'::integer) AND (t.a <= '-26345'::integer))
   Index Searches: 1
   Prefetch: distance=260.691 count=1031514 stalls=1 skipped=32721 resets=0 ungets=15675 forwarded=1085
             histogram [2,4) => 2, [4,8) => 5, [8,16) => 10, [16,32) => 11, [32,64) => 8, [64,128) => 4, [128,256) => 251777, [256,512) => 779697
   Buffers: shared hit=965843 read=52835
 Settings: enable_bitmapscan = 'off', enable_seqscan = 'off', max_parallel_workers_per_gather = '0'
 Planning:
   Buffers: shared hit=82 read=26
 Planning Time: 1.937 ms
 Execution Time: 312.203 ms
(12 rows)

SET
SET
SET
SET
SET
                                             QUERY PLAN                                             
----------------------------------------------------------------------------------------------------
 Index Scan using idx on public.t (actual rows=1048576.00 loops=1)
   Output: a, b
   Index Cond: ((t.a >= '-550632'::integer) AND (t.a <= '-26345'::integer))
   Index Searches: 1
   Buffers: shared hit=1018726
 Settings: enable_bitmapscan = 'off', enable_seqscan = 'off', max_parallel_workers_per_gather = '0'
 Planning:
   Buffers: shared hit=113
 Planning Time: 0.224 ms
 Execution Time: 175.660 ms
(10 rows)

