SET
SET
SET
SET
SET
                                                                   QUERY PLAN                                                                    
-------------------------------------------------------------------------------------------------------------------------------------------------
 Index Scan using idx on public.t (actual rows=32768.00 loops=1)
   Output: a, b
   Index Cond: ((t.a >= '-22760'::integer) AND (t.a <= '-6377'::integer))
   Index Searches: 1
   Prefetch: distance=259.328 count=32296 stalls=2 skipped=1002 resets=0 ungets=589 forwarded=40
             histogram [2,4) => 4, [4,8) => 7, [8,16) => 24, [16,32) => 29, [32,64) => 42, [64,128) => 65, [128,256) => 7939, [256,512) => 24186
   Buffers: shared hit=30170 read=1690
 Settings: enable_bitmapscan = 'off', enable_seqscan = 'off', max_parallel_workers_per_gather = '0'
 Planning:
   Buffers: shared hit=86 read=26
 Planning Time: 1.966 ms
 Execution Time: 16.081 ms
(12 rows)

SET
SET
SET
SET
SET
                                             QUERY PLAN                                             
----------------------------------------------------------------------------------------------------
 Index Scan using idx on public.t (actual rows=32768.00 loops=1)
   Output: a, b
   Index Cond: ((t.a >= '-22760'::integer) AND (t.a <= '-6377'::integer))
   Index Searches: 1
   Buffers: shared hit=31861
 Settings: enable_bitmapscan = 'off', enable_seqscan = 'off', max_parallel_workers_per_gather = '0'
 Planning:
   Buffers: shared hit=117
 Planning Time: 0.209 ms
 Execution Time: 5.212 ms
(10 rows)

