SET
SET
SET
SET
SET
                                             QUERY PLAN                                             
----------------------------------------------------------------------------------------------------
 Index Scan Backward using idx on public.t (actual rows=64.00 loops=1)
   Output: a, b
   Index Cond: ((t.a >= '-31577'::integer) AND (t.a <= '-31562'::integer))
   Index Searches: 1
   Prefetch: distance=4.875 count=8 stalls=1 skipped=0 resets=0 ungets=0 forwarded=0
             histogram [2,4) => 2, [4,8) => 4, [8,16) => 2
   Buffers: shared hit=22 read=49
 Settings: enable_bitmapscan = 'off', enable_seqscan = 'off', max_parallel_workers_per_gather = '0'
 Planning:
   Buffers: shared hit=82 read=26
 Planning Time: 1.020 ms
 Execution Time: 3.134 ms
(12 rows)

SET
SET
SET
SET
SET
                                             QUERY PLAN                                             
----------------------------------------------------------------------------------------------------
 Index Scan Backward using idx on public.t (actual rows=64.00 loops=1)
   Output: a, b
   Index Cond: ((t.a >= '-31577'::integer) AND (t.a <= '-31562'::integer))
   Index Searches: 1
   Buffers: shared hit=71
 Settings: enable_bitmapscan = 'off', enable_seqscan = 'off', max_parallel_workers_per_gather = '0'
 Planning:
   Buffers: shared hit=113
 Planning Time: 0.197 ms
 Execution Time: 0.090 ms
(10 rows)

