SET
SET
SET
SET
SET
                                             QUERY PLAN                                             
----------------------------------------------------------------------------------------------------
 Index Scan Backward using idx on public.t (actual rows=512.00 loops=1)
   Output: a, b
   Index Cond: ((t.a >= '-8074'::integer) AND (t.a <= '-7947'::integer))
   Index Searches: 1
   Prefetch: distance=2.077 count=39 stalls=240 skipped=2 resets=0 ungets=0 forwarded=0
             histogram [2,4) => 38, [4,8) => 1
   Buffers: shared hit=398 read=115
 Settings: enable_bitmapscan = 'off', enable_seqscan = 'off', max_parallel_workers_per_gather = '0'
 Planning:
   Buffers: shared hit=82 read=26
 Planning Time: 1.270 ms
 Execution Time: 6.933 ms
(12 rows)

SET
SET
SET
SET
SET
                                             QUERY PLAN                                             
----------------------------------------------------------------------------------------------------
 Index Scan Backward using idx on public.t (actual rows=512.00 loops=1)
   Output: a, b
   Index Cond: ((t.a >= '-8074'::integer) AND (t.a <= '-7947'::integer))
   Index Searches: 1
   Buffers: shared hit=513
 Settings: enable_bitmapscan = 'off', enable_seqscan = 'off', max_parallel_workers_per_gather = '0'
 Planning:
   Buffers: shared hit=113
 Planning Time: 0.122 ms
 Execution Time: 0.115 ms
(10 rows)

