SET
SET
SET
SET
SET
                                             QUERY PLAN                                             
----------------------------------------------------------------------------------------------------
 Index Scan Backward using idx on public.t (actual rows=4096.00 loops=1)
   Output: a, b
   Index Cond: ((t.a >= '-5250'::integer) AND (t.a <= '-4227'::integer))
   Index Searches: 1
   Prefetch: distance=2.079 count=380 stalls=3365 skipped=60 resets=0 ungets=0 forwarded=0
             histogram [2,4) => 370, [4,8) => 10
   Buffers: shared hit=3758 read=288
 Settings: enable_bitmapscan = 'off', enable_seqscan = 'off', max_parallel_workers_per_gather = '0'
 Planning:
   Buffers: shared hit=82 read=26
 Planning Time: 1.861 ms
 Execution Time: 18.720 ms
(12 rows)

SET
SET
SET
SET
SET
                                             QUERY PLAN                                             
----------------------------------------------------------------------------------------------------
 Index Scan Backward using idx on public.t (actual rows=4096.00 loops=1)
   Output: a, b
   Index Cond: ((t.a >= '-5250'::integer) AND (t.a <= '-4227'::integer))
   Index Searches: 1
   Buffers: shared hit=4046
 Settings: enable_bitmapscan = 'off', enable_seqscan = 'off', max_parallel_workers_per_gather = '0'
 Planning:
   Buffers: shared hit=113
 Planning Time: 0.198 ms
 Execution Time: 0.799 ms
(10 rows)

