SET
SET
SET
SET
SET
                                             QUERY PLAN                                             
----------------------------------------------------------------------------------------------------
 Index Scan Backward using idx on public.t (actual rows=8192.00 loops=1)
   Output: a, b
   Index Cond: ((t.a >= '-26811'::integer) AND (t.a <= '-24764'::integer))
   Index Searches: 1
   Prefetch: distance=2.127 count=774 stalls=6948 skipped=107 resets=0 ungets=0 forwarded=0
             histogram [2,4) => 741, [4,8) => 33
   Buffers: shared hit=7610 read=487
 Settings: enable_bitmapscan = 'off', enable_seqscan = 'off', max_parallel_workers_per_gather = '0'
 Planning:
   Buffers: shared hit=82 read=26
 Planning Time: 1.907 ms
 Execution Time: 31.143 ms
(12 rows)

SET
SET
SET
SET
SET
                                             QUERY PLAN                                             
----------------------------------------------------------------------------------------------------
 Index Scan Backward using idx on public.t (actual rows=8192.00 loops=1)
   Output: a, b
   Index Cond: ((t.a >= '-26811'::integer) AND (t.a <= '-24764'::integer))
   Index Searches: 1
   Buffers: shared hit=8097
 Settings: enable_bitmapscan = 'off', enable_seqscan = 'off', max_parallel_workers_per_gather = '0'
 Planning:
   Buffers: shared hit=113
 Planning Time: 0.207 ms
 Execution Time: 1.613 ms
(10 rows)

