SET
SET
SET
SET
SET
                                                                     QUERY PLAN                                                                     
----------------------------------------------------------------------------------------------------------------------------------------------------
 Index Scan using idx on public.t (actual rows=3048576.00 loops=1)
   Output: a, b
   Index Cond: ((t.a >= '-1554107'::integer) AND (t.a <= '-29820'::integer))
   Index Searches: 1
   Prefetch: distance=260.693 count=2998651 stalls=9 skipped=94872 resets=0 ungets=44975 forwarded=3097
             histogram [2,4) => 6, [4,8) => 6, [8,16) => 6, [16,32) => 16, [32,64) => 24, [64,128) => 25, [128,256) => 733182, [256,512) => 2265386
   Buffers: shared hit=2808404 read=153537
 Settings: enable_bitmapscan = 'off', enable_seqscan = 'off', max_parallel_workers_per_gather = '0'
 Planning:
   Buffers: shared hit=82 read=26
 Planning Time: 1.937 ms
 Execution Time: 901.825 ms
(12 rows)

SET
SET
SET
SET
SET
                                             QUERY PLAN                                             
----------------------------------------------------------------------------------------------------
 Index Scan using idx on public.t (actual rows=3048576.00 loops=1)
   Output: a, b
   Index Cond: ((t.a >= '-1554107'::integer) AND (t.a <= '-29820'::integer))
   Index Searches: 1
   Buffers: shared hit=2962039
 Settings: enable_bitmapscan = 'off', enable_seqscan = 'off', max_parallel_workers_per_gather = '0'
 Planning:
   Buffers: shared hit=113
 Planning Time: 0.237 ms
 Execution Time: 506.209 ms
(10 rows)

