SET
SET
SET
SET
SET
                                             QUERY PLAN                                             
----------------------------------------------------------------------------------------------------
 Index Scan using idx on public.t (actual rows=4096.00 loops=1)
   Output: a, b
   Index Cond: ((t.a >= '-20764'::integer) AND (t.a <= '-18717'::integer))
   Index Searches: 1
   Prefetch: distance=2.192 count=386 stalls=3342 skipped=103 resets=0 ungets=0 forwarded=1
             histogram [2,4) => 362, [4,8) => 24
   Buffers: shared hit=3758 read=242
 Settings: enable_bitmapscan = 'off', enable_seqscan = 'off', max_parallel_workers_per_gather = '0'
 Planning:
   Buffers: shared hit=86 read=26
 Planning Time: 1.939 ms
 Execution Time: 4.855 ms
(12 rows)

SET
SET
SET
SET
SET
                                             QUERY PLAN                                             
----------------------------------------------------------------------------------------------------
 Index Scan using idx on public.t (actual rows=4096.00 loops=1)
   Output: a, b
   Index Cond: ((t.a >= '-20764'::integer) AND (t.a <= '-18717'::integer))
   Index Searches: 1
   Buffers: shared hit=4000
 Settings: enable_bitmapscan = 'off', enable_seqscan = 'off', max_parallel_workers_per_gather = '0'
 Planning:
   Buffers: shared hit=117
 Planning Time: 0.160 ms
 Execution Time: 0.490 ms
(10 rows)

