SET
SET
SET
SET
SET
                                                                QUERY PLAN                                                                 
-------------------------------------------------------------------------------------------------------------------------------------------
 Index Scan using idx on public.t (actual rows=512.00 loops=1)
   Output: a, b
   Index Cond: ((t.a >= '-22396'::integer) AND (t.a <= '-22141'::integer))
   Index Searches: 1
   Prefetch: distance=246.886 count=544 stalls=1 skipped=14 resets=0 ungets=52 forwarded=2
             histogram [2,4) => 2, [4,8) => 4, [8,16) => 11, [16,32) => 9, [32,64) => 2, [64,128) => 4, [128,256) => 126, [256,512) => 386
   Buffers: shared hit=442 read=63
 Settings: enable_bitmapscan = 'off', enable_seqscan = 'off', max_parallel_workers_per_gather = '0'
 Planning:
   Buffers: shared hit=86 read=26
 Planning Time: 1.950 ms
 Execution Time: 1.837 ms
(12 rows)

SET
SET
SET
SET
SET
                                             QUERY PLAN                                             
----------------------------------------------------------------------------------------------------
 Index Scan using idx on public.t (actual rows=512.00 loops=1)
   Output: a, b
   Index Cond: ((t.a >= '-22396'::integer) AND (t.a <= '-22141'::integer))
   Index Searches: 1
   Buffers: shared hit=506
 Settings: enable_bitmapscan = 'off', enable_seqscan = 'off', max_parallel_workers_per_gather = '0'
 Planning:
   Buffers: shared hit=117
 Planning Time: 0.135 ms
 Execution Time: 0.099 ms
(10 rows)

