SET
SET
SET
SET
SET
                                                                    QUERY PLAN                                                                     
---------------------------------------------------------------------------------------------------------------------------------------------------
 Index Scan using idx on public.t (actual rows=7048576.00 loops=1)
   Output: a, b
   Index Cond: ((t.a >= '-3547344'::integer) AND (t.a <= '-23057'::integer))
   Index Searches: 1
   Prefetch: distance=260.686 count=6930204 stalls=1 skipped=219092 resets=0 ungets=100724 forwarded=7220
             histogram [2,4) => 2, [4,8) => 5, [8,16) => 9, [16,32) => 14, [32,64) => 8, [64,128) => 2, [128,256) => 1696587, [256,512) => 5233577
   Buffers: shared hit=6493596 read=354939
 Settings: enable_bitmapscan = 'off', enable_seqscan = 'off', max_parallel_workers_per_gather = '0'
 Planning:
   Buffers: shared hit=82 read=26
 Planning Time: 1.973 ms
 Execution Time: 2003.755 ms
(12 rows)

SET
SET
SET
SET
SET
                                             QUERY PLAN                                             
----------------------------------------------------------------------------------------------------
 Index Scan using idx on public.t (actual rows=7048576.00 loops=1)
   Output: a, b
   Index Cond: ((t.a >= '-3547344'::integer) AND (t.a <= '-23057'::integer))
   Index Searches: 1
   Buffers: shared hit=6848749
 Settings: enable_bitmapscan = 'off', enable_seqscan = 'off', max_parallel_workers_per_gather = '0'
 Planning:
   Buffers: shared hit=113
 Planning Time: 0.241 ms
 Execution Time: 1159.955 ms
(10 rows)

