SET
SET
SET
SET
SET
                                                                    QUERY PLAN                                                                     
---------------------------------------------------------------------------------------------------------------------------------------------------
 Index Scan using idx on public.t (actual rows=8048576.00 loops=1)
   Output: a, b
   Index Cond: ((t.a >= '-4041848'::integer) AND (t.a <= '-17561'::integer))
   Index Searches: 1
   Prefetch: distance=260.686 count=7915361 stalls=2 skipped=250065 resets=0 ungets=116867 forwarded=8201
             histogram [2,4) => 8, [4,8) => 7, [8,16) => 7, [16,32) => 15, [32,64) => 9, [64,128) => 3, [128,256) => 1938212, [256,512) => 5977100
   Buffers: shared hit=7414984 read=405293
 Settings: enable_bitmapscan = 'off', enable_seqscan = 'off', max_parallel_workers_per_gather = '0'
 Planning:
   Buffers: shared hit=82 read=26
 Planning Time: 1.964 ms
 Execution Time: 2299.093 ms
(12 rows)

SET
SET
SET
SET
SET
                                             QUERY PLAN                                             
----------------------------------------------------------------------------------------------------
 Index Scan using idx on public.t (actual rows=8048576.00 loops=1)
   Output: a, b
   Index Cond: ((t.a >= '-4041848'::integer) AND (t.a <= '-17561'::integer))
   Index Searches: 1
   Buffers: shared hit=7820507
 Settings: enable_bitmapscan = 'off', enable_seqscan = 'off', max_parallel_workers_per_gather = '0'
 Planning:
   Buffers: shared hit=113
 Planning Time: 0.222 ms
 Execution Time: 1362.275 ms
(10 rows)

