SET
SET
SET
SET
SET
                                             QUERY PLAN                                             
----------------------------------------------------------------------------------------------------
 Index Scan using idx on public.t (actual rows=64.00 loops=1)
   Output: a, b
   Index Cond: ((t.a >= '-11913'::integer) AND (t.a <= '-11882'::integer))
   Index Searches: 1
   Prefetch: distance=11.192 count=26 stalls=10 skipped=1 resets=0 ungets=0 forwarded=0
             histogram [2,4) => 6, [4,8) => 4, [8,16) => 8, [16,32) => 7, [32,64) => 1
   Buffers: shared hit=37 read=32
 Settings: enable_bitmapscan = 'off', enable_seqscan = 'off', max_parallel_workers_per_gather = '0'
 Planning:
   Buffers: shared hit=86 read=26
 Planning Time: 1.343 ms
 Execution Time: 1.847 ms
(12 rows)

SET
SET
SET
SET
SET
                                             QUERY PLAN                                             
----------------------------------------------------------------------------------------------------
 Index Scan using idx on public.t (actual rows=64.00 loops=1)
   Output: a, b
   Index Cond: ((t.a >= '-11913'::integer) AND (t.a <= '-11882'::integer))
   Index Searches: 1
   Buffers: shared hit=69
 Settings: enable_bitmapscan = 'off', enable_seqscan = 'off', max_parallel_workers_per_gather = '0'
 Planning:
   Buffers: shared hit=117
 Planning Time: 0.205 ms
 Execution Time: 0.069 ms
(10 rows)

