SET
SET
SET
SET
SET
                                             QUERY PLAN                                             
----------------------------------------------------------------------------------------------------
 Index Scan using idx on public.t (actual rows=1024.00 loops=1)
   Output: a, b
   Index Cond: ((t.a >= '-9825'::integer) AND (t.a <= '-9314'::integer))
   Index Searches: 1
   Prefetch: distance=2.313 count=131 stalls=823 skipped=31 resets=0 ungets=0 forwarded=0
             histogram [2,4) => 116, [4,8) => 15
   Buffers: shared hit=911 read=90
 Settings: enable_bitmapscan = 'off', enable_seqscan = 'off', max_parallel_workers_per_gather = '0'
 Planning:
   Buffers: shared hit=86 read=26
 Planning Time: 1.957 ms
 Execution Time: 3.948 ms
(12 rows)

SET
SET
SET
SET
SET
                                             QUERY PLAN                                             
----------------------------------------------------------------------------------------------------
 Index Scan using idx on public.t (actual rows=1024.00 loops=1)
   Output: a, b
   Index Cond: ((t.a >= '-9825'::integer) AND (t.a <= '-9314'::integer))
   Index Searches: 1
   Buffers: shared hit=1001
 Settings: enable_bitmapscan = 'off', enable_seqscan = 'off', max_parallel_workers_per_gather = '0'
 Planning:
   Buffers: shared hit=117
 Planning Time: 0.215 ms
 Execution Time: 0.274 ms
(10 rows)

