SET
SET
SET
SET
SET
                                             QUERY PLAN                                             
----------------------------------------------------------------------------------------------------
 Index Scan using idx on public.t (actual rows=2048.00 loops=1)
   Output: a, b
   Index Cond: ((t.a >= '-26502'::integer) AND (t.a <= '-25479'::integer))
   Index Searches: 1
   Prefetch: distance=2.130 count=169 stalls=1539 skipped=57 resets=0 ungets=0 forwarded=0
             histogram [2,4) => 162, [4,8) => 7
   Buffers: shared hit=1864 read=137
 Settings: enable_bitmapscan = 'off', enable_seqscan = 'off', max_parallel_workers_per_gather = '0'
 Planning:
   Buffers: shared hit=86 read=26
 Planning Time: 1.950 ms
 Execution Time: 3.999 ms
(12 rows)

SET
SET
SET
SET
SET
                                             QUERY PLAN                                             
----------------------------------------------------------------------------------------------------
 Index Scan using idx on public.t (actual rows=2048.00 loops=1)
   Output: a, b
   Index Cond: ((t.a >= '-26502'::integer) AND (t.a <= '-25479'::integer))
   Index Searches: 1
   Buffers: shared hit=2001
 Settings: enable_bitmapscan = 'off', enable_seqscan = 'off', max_parallel_workers_per_gather = '0'
 Planning:
   Buffers: shared hit=117
 Planning Time: 0.159 ms
 Execution Time: 0.255 ms
(10 rows)

