SET
SET
SET
SET
SET
                                             QUERY PLAN                                             
----------------------------------------------------------------------------------------------------
 Index Scan using idx on public.t (actual rows=4096.00 loops=1)
   Output: a, b
   Index Cond: ((t.a >= '-13805'::integer) AND (t.a <= '-11758'::integer))
   Index Searches: 1
   Prefetch: distance=2.113 count=382 stalls=3308 skipped=131 resets=0 ungets=0 forwarded=0
             histogram [2,4) => 367, [4,8) => 15
   Buffers: shared hit=3726 read=245
 Settings: enable_bitmapscan = 'off', enable_seqscan = 'off', max_parallel_workers_per_gather = '0'
 Planning:
   Buffers: shared hit=86 read=26
 Planning Time: 1.950 ms
 Execution Time: 5.562 ms
(12 rows)

SET
SET
SET
SET
SET
                                             QUERY PLAN                                             
----------------------------------------------------------------------------------------------------
 Index Scan using idx on public.t (actual rows=4096.00 loops=1)
   Output: a, b
   Index Cond: ((t.a >= '-13805'::integer) AND (t.a <= '-11758'::integer))
   Index Searches: 1
   Buffers: shared hit=3971
 Settings: enable_bitmapscan = 'off', enable_seqscan = 'off', max_parallel_workers_per_gather = '0'
 Planning:
   Buffers: shared hit=117
 Planning Time: 0.132 ms
 Execution Time: 0.461 ms
(10 rows)

