SET
SET
SET
SET
SET
                                                                    QUERY PLAN                                                                     
---------------------------------------------------------------------------------------------------------------------------------------------------
 Index Scan using idx on public.t (actual rows=5048576.00 loops=1)
   Output: a, b
   Index Cond: ((t.a >= '-2534712'::integer) AND (t.a <= '-10425'::integer))
   Index Searches: 1
   Prefetch: distance=260.693 count=4966782 stalls=2 skipped=157000 resets=0 ungets=75221 forwarded=5236
             histogram [2,4) => 2, [4,8) => 5, [8,16) => 7, [16,32) => 16, [32,64) => 4, [64,128) => 6, [128,256) => 1215115, [256,512) => 3751627
   Buffers: shared hit=4650994 read=254238
 Settings: enable_bitmapscan = 'off', enable_seqscan = 'off', max_parallel_workers_per_gather = '0'
 Planning:
   Buffers: shared hit=82 read=26
 Planning Time: 1.952 ms
 Execution Time: 1463.909 ms
(12 rows)

SET
SET
SET
SET
SET
                                             QUERY PLAN                                             
----------------------------------------------------------------------------------------------------
 Index Scan using idx on public.t (actual rows=5048576.00 loops=1)
   Output: a, b
   Index Cond: ((t.a >= '-2534712'::integer) AND (t.a <= '-10425'::integer))
   Index Searches: 1
   Buffers: shared hit=4905375
 Settings: enable_bitmapscan = 'off', enable_seqscan = 'off', max_parallel_workers_per_gather = '0'
 Planning:
   Buffers: shared hit=113
 Planning Time: 0.230 ms
 Execution Time: 843.799 ms
(10 rows)

