SET
SET
SET
SET
SET
                                             QUERY PLAN                                             
----------------------------------------------------------------------------------------------------
 Index Scan Backward using idx on public.t (actual rows=1024.00 loops=1)
   Output: a, b
   Index Cond: ((t.a >= '-20857'::integer) AND (t.a <= '-20346'::integer))
   Index Searches: 1
   Prefetch: distance=2.091 count=66 stalls=584 skipped=19 resets=0 ungets=0 forwarded=0
             histogram [2,4) => 64, [4,8) => 2
   Buffers: shared hit=916 read=85
 Settings: enable_bitmapscan = 'off', enable_seqscan = 'off', max_parallel_workers_per_gather = '0'
 Planning:
   Buffers: shared hit=82 read=26
 Planning Time: 1.683 ms
 Execution Time: 5.412 ms
(12 rows)

SET
SET
SET
SET
SET
                                             QUERY PLAN                                             
----------------------------------------------------------------------------------------------------
 Index Scan Backward using idx on public.t (actual rows=1024.00 loops=1)
   Output: a, b
   Index Cond: ((t.a >= '-20857'::integer) AND (t.a <= '-20346'::integer))
   Index Searches: 1
   Buffers: shared hit=1001
 Settings: enable_bitmapscan = 'off', enable_seqscan = 'off', max_parallel_workers_per_gather = '0'
 Planning:
   Buffers: shared hit=113
 Planning Time: 0.135 ms
 Execution Time: 0.314 ms
(10 rows)

