SET
SET
SET
SET
SET
                                             QUERY PLAN                                             
----------------------------------------------------------------------------------------------------
 Index Scan Backward using idx on public.t (actual rows=4096.00 loops=1)
   Output: a, b
   Index Cond: ((t.a >= '-6381'::integer) AND (t.a <= '-4334'::integer))
   Index Searches: 1
   Prefetch: distance=2.138 count=377 stalls=3295 skipped=107 resets=0 ungets=0 forwarded=0
             histogram [2,4) => 360, [4,8) => 17
   Buffers: shared hit=3757 read=242
 Settings: enable_bitmapscan = 'off', enable_seqscan = 'off', max_parallel_workers_per_gather = '0'
 Planning:
   Buffers: shared hit=82 read=26
 Planning Time: 1.948 ms
 Execution Time: 16.033 ms
(12 rows)

SET
SET
SET
SET
SET
                                             QUERY PLAN                                             
----------------------------------------------------------------------------------------------------
 Index Scan Backward using idx on public.t (actual rows=4096.00 loops=1)
   Output: a, b
   Index Cond: ((t.a >= '-6381'::integer) AND (t.a <= '-4334'::integer))
   Index Searches: 1
   Buffers: shared hit=3999
 Settings: enable_bitmapscan = 'off', enable_seqscan = 'off', max_parallel_workers_per_gather = '0'
 Planning:
   Buffers: shared hit=113
 Planning Time: 0.202 ms
 Execution Time: 0.818 ms
(10 rows)

