SET
SET
SET
SET
SET
                                                              QUERY PLAN                                                               
---------------------------------------------------------------------------------------------------------------------------------------
 Index Scan Backward using idx on public.t (actual rows=64.00 loops=1)
   Output: a, b
   Index Cond: ((t.a >= '-8606'::integer) AND (t.a <= '-8575'::integer))
   Index Searches: 1
   Prefetch: distance=48.873 count=55 stalls=1 skipped=3 resets=0 ungets=4 forwarded=0
             histogram [2,4) => 8, [4,8) => 6, [8,16) => 6, [16,32) => 17, [32,64) => 9, [64,128) => 2, [128,256) => 2, [256,512) => 5
   Buffers: shared hit=32 read=35
 Settings: enable_bitmapscan = 'off', enable_seqscan = 'off', max_parallel_workers_per_gather = '0'
 Planning:
   Buffers: shared hit=82 read=26
 Planning Time: 1.318 ms
 Execution Time: 1.774 ms
(12 rows)

SET
SET
SET
SET
SET
                                             QUERY PLAN                                             
----------------------------------------------------------------------------------------------------
 Index Scan Backward using idx on public.t (actual rows=64.00 loops=1)
   Output: a, b
   Index Cond: ((t.a >= '-8606'::integer) AND (t.a <= '-8575'::integer))
   Index Searches: 1
   Buffers: shared hit=67
 Settings: enable_bitmapscan = 'off', enable_seqscan = 'off', max_parallel_workers_per_gather = '0'
 Planning:
   Buffers: shared hit=113
 Planning Time: 0.196 ms
 Execution Time: 0.075 ms
(10 rows)

