SET
SET
SET
SET
SET
                                                                 QUERY PLAN                                                                 
--------------------------------------------------------------------------------------------------------------------------------------------
 Index Scan Backward using idx on public.t (actual rows=2048.00 loops=1)
   Output: a, b
   Index Cond: ((t.a >= '-27275'::integer) AND (t.a <= '-26252'::integer))
   Index Searches: 1
   Prefetch: distance=261.076 count=2225 stalls=1 skipped=52 resets=0 ungets=245 forwarded=1
             histogram [2,4) => 2, [4,8) => 7, [8,16) => 8, [16,32) => 13, [32,64) => 3, [64,128) => 2, [128,256) => 271, [256,512) => 1919
   Buffers: shared hit=1866 read=141
 Settings: enable_bitmapscan = 'off', enable_seqscan = 'off', max_parallel_workers_per_gather = '0'
 Planning:
   Buffers: shared hit=82 read=26
 Planning Time: 1.956 ms
 Execution Time: 4.948 ms
(12 rows)

SET
SET
SET
SET
SET
                                             QUERY PLAN                                             
----------------------------------------------------------------------------------------------------
 Index Scan Backward using idx on public.t (actual rows=2048.00 loops=1)
   Output: a, b
   Index Cond: ((t.a >= '-27275'::integer) AND (t.a <= '-26252'::integer))
   Index Searches: 1
   Buffers: shared hit=2007
 Settings: enable_bitmapscan = 'off', enable_seqscan = 'off', max_parallel_workers_per_gather = '0'
 Planning:
   Buffers: shared hit=113
 Planning Time: 0.190 ms
 Execution Time: 0.434 ms
(10 rows)

