SET
SET
SET
SET
SET
                                             QUERY PLAN                                             
----------------------------------------------------------------------------------------------------
 Index Scan Backward using idx on public.t (actual rows=256.00 loops=1)
   Output: a, b
   Index Cond: ((t.a >= '-20554'::integer) AND (t.a <= '-20427'::integer))
   Index Searches: 1
   Prefetch: distance=2.158 count=19 stalls=115 skipped=7 resets=0 ungets=0 forwarded=0
             histogram [2,4) => 18, [4,8) => 1
   Buffers: shared hit=205 read=50
 Settings: enable_bitmapscan = 'off', enable_seqscan = 'off', max_parallel_workers_per_gather = '0'
 Planning:
   Buffers: shared hit=82 read=26
 Planning Time: 1.451 ms
 Execution Time: 3.235 ms
(12 rows)

SET
SET
SET
SET
SET
                                             QUERY PLAN                                             
----------------------------------------------------------------------------------------------------
 Index Scan Backward using idx on public.t (actual rows=256.00 loops=1)
   Output: a, b
   Index Cond: ((t.a >= '-20554'::integer) AND (t.a <= '-20427'::integer))
   Index Searches: 1
   Buffers: shared hit=255
 Settings: enable_bitmapscan = 'off', enable_seqscan = 'off', max_parallel_workers_per_gather = '0'
 Planning:
   Buffers: shared hit=113
 Planning Time: 0.202 ms
 Execution Time: 0.123 ms
(10 rows)

