SET
SET
SET
SET
SET
                                             QUERY PLAN                                             
----------------------------------------------------------------------------------------------------
 Index Scan Backward using idx on public.t (actual rows=2048.00 loops=1)
   Output: a, b
   Index Cond: ((t.a >= '-26865'::integer) AND (t.a <= '-25842'::integer))
   Index Searches: 1
   Prefetch: distance=2.057 count=157 stalls=1547 skipped=51 resets=0 ungets=0 forwarded=0
             histogram [2,4) => 154, [4,8) => 3
   Buffers: shared hit=1861 read=137
 Settings: enable_bitmapscan = 'off', enable_seqscan = 'off', max_parallel_workers_per_gather = '0'
 Planning:
   Buffers: shared hit=82 read=26
 Planning Time: 1.435 ms
 Execution Time: 10.000 ms
(12 rows)

SET
SET
SET
SET
SET
                                             QUERY PLAN                                             
----------------------------------------------------------------------------------------------------
 Index Scan Backward using idx on public.t (actual rows=2048.00 loops=1)
   Output: a, b
   Index Cond: ((t.a >= '-26865'::integer) AND (t.a <= '-25842'::integer))
   Index Searches: 1
   Buffers: shared hit=1998
 Settings: enable_bitmapscan = 'off', enable_seqscan = 'off', max_parallel_workers_per_gather = '0'
 Planning:
   Buffers: shared hit=113
 Planning Time: 0.302 ms
 Execution Time: 0.536 ms
(10 rows)

