SET
SET
SET
SET
SET
                                             QUERY PLAN                                             
----------------------------------------------------------------------------------------------------
 Index Scan Backward using idx on public.t (actual rows=4096.00 loops=1)
   Output: a, b
   Index Cond: ((t.a >= '-4706'::integer) AND (t.a <= '-2659'::integer))
   Index Searches: 1
   Prefetch: distance=2.089 count=383 stalls=3323 skipped=129 resets=0 ungets=0 forwarded=0
             histogram [2,4) => 372, [4,8) => 11
   Buffers: shared hit=3732 read=244
 Settings: enable_bitmapscan = 'off', enable_seqscan = 'off', max_parallel_workers_per_gather = '0'
 Planning:
   Buffers: shared hit=82 read=26
 Planning Time: 1.644 ms
 Execution Time: 16.378 ms
(12 rows)

SET
SET
SET
SET
SET
                                             QUERY PLAN                                             
----------------------------------------------------------------------------------------------------
 Index Scan Backward using idx on public.t (actual rows=4096.00 loops=1)
   Output: a, b
   Index Cond: ((t.a >= '-4706'::integer) AND (t.a <= '-2659'::integer))
   Index Searches: 1
   Buffers: shared hit=3976
 Settings: enable_bitmapscan = 'off', enable_seqscan = 'off', max_parallel_workers_per_gather = '0'
 Planning:
   Buffers: shared hit=113
 Planning Time: 0.231 ms
 Execution Time: 0.898 ms
(10 rows)

