SET
SET
SET
SET
SET
                                                                     QUERY PLAN                                                                     
----------------------------------------------------------------------------------------------------------------------------------------------------
 Index Scan Backward using idx on public.t (actual rows=5048576.00 loops=1)
   Output: a, b
   Index Cond: ((t.a >= '-2531644'::integer) AND (t.a <= '-7357'::integer))
   Index Searches: 1
   Prefetch: distance=265.001 count=5490872 stalls=3 skipped=157000 resets=0 ungets=599342 forwarded=3554
             histogram [2,4) => 2, [4,8) => 8, [8,16) => 8, [16,32) => 16, [32,64) => 28, [64,128) => 48, [128,256) => 647520, [256,512) => 4843242
   Buffers: shared hit=4651023 read=254240
 Settings: enable_bitmapscan = 'off', enable_seqscan = 'off', max_parallel_workers_per_gather = '0'
 Planning:
   Buffers: shared hit=78 read=26
 Planning Time: 1.952 ms
 Execution Time: 6259.520 ms
(12 rows)

SET
SET
SET
SET
SET
                                             QUERY PLAN                                             
----------------------------------------------------------------------------------------------------
 Index Scan Backward using idx on public.t (actual rows=5048576.00 loops=1)
   Output: a, b
   Index Cond: ((t.a >= '-2531644'::integer) AND (t.a <= '-7357'::integer))
   Index Searches: 1
   Buffers: shared hit=4905375
 Settings: enable_bitmapscan = 'off', enable_seqscan = 'off', max_parallel_workers_per_gather = '0'
 Planning:
   Buffers: shared hit=109
 Planning Time: 0.288 ms
 Execution Time: 860.546 ms
(10 rows)

