SET
SET
SET
SET
SET
                                             QUERY PLAN                                             
----------------------------------------------------------------------------------------------------
 Index Scan using idx on public.t (actual rows=2048.00 loops=1)
   Output: a, b
   Index Cond: ((t.a >= '-15345'::integer) AND (t.a <= '-14322'::integer))
   Index Searches: 1
   Prefetch: distance=2.127 count=173 stalls=1543 skipped=61 resets=0 ungets=0 forwarded=0
             histogram [2,4) => 166, [4,8) => 7
   Buffers: shared hit=1848 read=137
 Settings: enable_bitmapscan = 'off', enable_seqscan = 'off', max_parallel_workers_per_gather = '0'
 Planning:
   Buffers: shared hit=86 read=26
 Planning Time: 1.414 ms
 Execution Time: 3.386 ms
(12 rows)

SET
SET
SET
SET
SET
                                             QUERY PLAN                                             
----------------------------------------------------------------------------------------------------
 Index Scan using idx on public.t (actual rows=2048.00 loops=1)
   Output: a, b
   Index Cond: ((t.a >= '-15345'::integer) AND (t.a <= '-14322'::integer))
   Index Searches: 1
   Buffers: shared hit=1985
 Settings: enable_bitmapscan = 'off', enable_seqscan = 'off', max_parallel_workers_per_gather = '0'
 Planning:
   Buffers: shared hit=117
 Planning Time: 0.208 ms
 Execution Time: 0.462 ms
(10 rows)

