SET
SET
SET
SET
SET
                                                               QUERY PLAN                                                               
----------------------------------------------------------------------------------------------------------------------------------------
 Index Scan using idx on public.t (actual rows=64.00 loops=1)
   Output: a, b
   Index Cond: ((t.a >= '-5887'::integer) AND (t.a <= '-5856'::integer))
   Index Searches: 1
   Prefetch: distance=160.162 count=74 stalls=1 skipped=3 resets=0 ungets=15 forwarded=0
             histogram [2,4) => 2, [4,8) => 7, [8,16) => 9, [16,32) => 10, [32,64) => 2, [64,128) => 2, [128,256) => 2, [256,512) => 40
   Buffers: shared hit=35 read=33
 Settings: enable_bitmapscan = 'off', enable_seqscan = 'off', max_parallel_workers_per_gather = '0'
 Planning:
   Buffers: shared hit=86 read=26
 Planning Time: 1.504 ms
 Execution Time: 1.233 ms
(12 rows)

SET
SET
SET
SET
SET
                                             QUERY PLAN                                             
----------------------------------------------------------------------------------------------------
 Index Scan using idx on public.t (actual rows=64.00 loops=1)
   Output: a, b
   Index Cond: ((t.a >= '-5887'::integer) AND (t.a <= '-5856'::integer))
   Index Searches: 1
   Buffers: shared hit=68
 Settings: enable_bitmapscan = 'off', enable_seqscan = 'off', max_parallel_workers_per_gather = '0'
 Planning:
   Buffers: shared hit=117
 Planning Time: 0.207 ms
 Execution Time: 0.077 ms
(10 rows)

