SET
SET
SET
SET
SET
                                                                  QUERY PLAN                                                                   
-----------------------------------------------------------------------------------------------------------------------------------------------
 Index Scan using idx on public.t (actual rows=16384.00 loops=1)
   Output: a, b
   Index Cond: ((t.a >= '-36550'::integer) AND (t.a <= '-28359'::integer))
   Index Searches: 1
   Prefetch: distance=262.640 count=17559 stalls=1 skipped=508 resets=0 ungets=1697 forwarded=62
             histogram [2,4) => 4, [4,8) => 7, [8,16) => 6, [16,32) => 11, [32,64) => 33, [64,128) => 8, [128,256) => 2796, [256,512) => 14694
   Buffers: shared hit=15065 read=860
 Settings: enable_bitmapscan = 'off', enable_seqscan = 'off', max_parallel_workers_per_gather = '0'
 Planning:
   Buffers: shared hit=86 read=26
 Planning Time: 1.975 ms
 Execution Time: 8.592 ms
(12 rows)

SET
SET
SET
SET
SET
                                             QUERY PLAN                                             
----------------------------------------------------------------------------------------------------
 Index Scan using idx on public.t (actual rows=16384.00 loops=1)
   Output: a, b
   Index Cond: ((t.a >= '-36550'::integer) AND (t.a <= '-28359'::integer))
   Index Searches: 1
   Buffers: shared hit=15927
 Settings: enable_bitmapscan = 'off', enable_seqscan = 'off', max_parallel_workers_per_gather = '0'
 Planning:
   Buffers: shared hit=117
 Planning Time: 0.164 ms
 Execution Time: 1.766 ms
(10 rows)

