SET
SET
SET
SET
SET
                                             QUERY PLAN                                             
----------------------------------------------------------------------------------------------------
 Index Scan Backward using idx on public.t (actual rows=4096.00 loops=1)
   Output: a, b
   Index Cond: ((t.a >= '-8674'::integer) AND (t.a <= '-7651'::integer))
   Index Searches: 1
   Prefetch: distance=2.105 count=344 stalls=3070 skipped=55 resets=0 ungets=0 forwarded=0
             histogram [2,4) => 332, [4,8) => 12
   Buffers: shared hit=3750 read=288
 Settings: enable_bitmapscan = 'off', enable_seqscan = 'off', max_parallel_workers_per_gather = '0'
 Planning:
   Buffers: shared hit=82 read=26
 Planning Time: 1.906 ms
 Execution Time: 16.884 ms
(12 rows)

SET
SET
SET
SET
SET
                                             QUERY PLAN                                             
----------------------------------------------------------------------------------------------------
 Index Scan Backward using idx on public.t (actual rows=4096.00 loops=1)
   Output: a, b
   Index Cond: ((t.a >= '-8674'::integer) AND (t.a <= '-7651'::integer))
   Index Searches: 1
   Buffers: shared hit=4038
 Settings: enable_bitmapscan = 'off', enable_seqscan = 'off', max_parallel_workers_per_gather = '0'
 Planning:
   Buffers: shared hit=113
 Planning Time: 0.195 ms
 Execution Time: 0.757 ms
(10 rows)

