SET
SET
SET
SET
SET
                                             QUERY PLAN                                             
----------------------------------------------------------------------------------------------------
 Index Scan Backward using idx on public.t (actual rows=8192.00 loops=1)
   Output: a, b
   Index Cond: ((t.a >= '-11468'::integer) AND (t.a <= '-9421'::integer))
   Index Searches: 1
   Prefetch: distance=2.052 count=753 stalls=6869 skipped=123 resets=0 ungets=0 forwarded=0
             histogram [2,4) => 740, [4,8) => 13
   Buffers: shared hit=7583 read=495
 Settings: enable_bitmapscan = 'off', enable_seqscan = 'off', max_parallel_workers_per_gather = '0'
 Planning:
   Buffers: shared hit=82 read=26
 Planning Time: 1.901 ms
 Execution Time: 30.979 ms
(12 rows)

SET
SET
SET
SET
SET
                                             QUERY PLAN                                             
----------------------------------------------------------------------------------------------------
 Index Scan Backward using idx on public.t (actual rows=8192.00 loops=1)
   Output: a, b
   Index Cond: ((t.a >= '-11468'::integer) AND (t.a <= '-9421'::integer))
   Index Searches: 1
   Buffers: shared hit=8078
 Settings: enable_bitmapscan = 'off', enable_seqscan = 'off', max_parallel_workers_per_gather = '0'
 Planning:
   Buffers: shared hit=113
 Planning Time: 0.177 ms
 Execution Time: 1.374 ms
(10 rows)

