SET
SET
SET
SET
SET
                                             QUERY PLAN                                             
----------------------------------------------------------------------------------------------------
 Index Scan using idx on public.t (actual rows=2048.00 loops=1)
   Output: a, b
   Index Cond: ((t.a >= '-12580'::integer) AND (t.a <= '-11557'::integer))
   Index Searches: 1
   Prefetch: distance=2.158 count=171 stalls=1500 skipped=66 resets=0 ungets=0 forwarded=0
             histogram [2,4) => 162, [4,8) => 9
   Buffers: shared hit=1850 read=137
 Settings: enable_bitmapscan = 'off', enable_seqscan = 'off', max_parallel_workers_per_gather = '0'
 Planning:
   Buffers: shared hit=86 read=26
 Planning Time: 1.709 ms
 Execution Time: 3.345 ms
(12 rows)

SET
SET
SET
SET
SET
                                             QUERY PLAN                                             
----------------------------------------------------------------------------------------------------
 Index Scan using idx on public.t (actual rows=2048.00 loops=1)
   Output: a, b
   Index Cond: ((t.a >= '-12580'::integer) AND (t.a <= '-11557'::integer))
   Index Searches: 1
   Buffers: shared hit=1987
 Settings: enable_bitmapscan = 'off', enable_seqscan = 'off', max_parallel_workers_per_gather = '0'
 Planning:
   Buffers: shared hit=117
 Planning Time: 0.132 ms
 Execution Time: 0.252 ms
(10 rows)

