SET
SET
SET
SET
SET
                                             QUERY PLAN                                             
----------------------------------------------------------------------------------------------------
 Index Scan using idx on public.t (actual rows=4096.00 loops=1)
   Output: a, b
   Index Cond: ((t.a >= '-34740'::integer) AND (t.a <= '-32693'::integer))
   Index Searches: 1
   Prefetch: distance=2.165 count=399 stalls=3439 skipped=129 resets=0 ungets=0 forwarded=0
             histogram [2,4) => 378, [4,8) => 21
   Buffers: shared hit=3738 read=241
 Settings: enable_bitmapscan = 'off', enable_seqscan = 'off', max_parallel_workers_per_gather = '0'
 Planning:
   Buffers: shared hit=86 read=26
 Planning Time: 1.994 ms
 Execution Time: 3.586 ms
(12 rows)

SET
SET
SET
SET
SET
                                             QUERY PLAN                                             
----------------------------------------------------------------------------------------------------
 Index Scan using idx on public.t (actual rows=4096.00 loops=1)
   Output: a, b
   Index Cond: ((t.a >= '-34740'::integer) AND (t.a <= '-32693'::integer))
   Index Searches: 1
   Buffers: shared hit=3979
 Settings: enable_bitmapscan = 'off', enable_seqscan = 'off', max_parallel_workers_per_gather = '0'
 Planning:
   Buffers: shared hit=117
 Planning Time: 0.188 ms
 Execution Time: 0.829 ms
(10 rows)

