SET
SET
SET
SET
SET
                                                                      QUERY PLAN                                                                      
------------------------------------------------------------------------------------------------------------------------------------------------------
 Index Scan using idx on public.t (actual rows=2048576.00 loops=1)
   Output: a, b
   Index Cond: ((t.a >= '-1028671'::integer) AND (t.a <= '-4384'::integer))
   Index Searches: 1
   Prefetch: distance=263.072 count=2192973 stalls=1 skipped=63795 resets=0 ungets=208210 forwarded=6559
             histogram [2,4) => 8, [4,8) => 11, [8,16) => 12, [16,32) => 20, [32,64) => 27, [64,128) => 30, [128,256) => 383931, [256,512) => 1808934
   Buffers: shared hit=1886907 read=103185
 Settings: enable_bitmapscan = 'off', enable_seqscan = 'off', max_parallel_workers_per_gather = '0'
 Planning:
   Buffers: shared hit=82 read=26
 Planning Time: 1.968 ms
 Execution Time: 707.416 ms
(12 rows)

SET
SET
SET
SET
SET
                                             QUERY PLAN                                             
----------------------------------------------------------------------------------------------------
 Index Scan using idx on public.t (actual rows=2048576.00 loops=1)
   Output: a, b
   Index Cond: ((t.a >= '-1028671'::integer) AND (t.a <= '-4384'::integer))
   Index Searches: 1
   Buffers: shared hit=1990384
 Settings: enable_bitmapscan = 'off', enable_seqscan = 'off', max_parallel_workers_per_gather = '0'
 Planning:
   Buffers: shared hit=113
 Planning Time: 0.240 ms
 Execution Time: 353.995 ms
(10 rows)

