SET
SET
SET
SET
SET
                                             QUERY PLAN                                             
----------------------------------------------------------------------------------------------------
 Index Scan using idx on public.t (actual rows=2048.00 loops=1)
   Output: a, b
   Index Cond: ((t.a >= '-3198'::integer) AND (t.a <= '-2175'::integer))
   Index Searches: 1
   Prefetch: distance=2.121 count=223 stalls=1718 skipped=64 resets=0 ungets=0 forwarded=0
             histogram [2,4) => 214, [4,8) => 9
   Buffers: shared hit=1857 read=138
 Settings: enable_bitmapscan = 'off', enable_seqscan = 'off', max_parallel_workers_per_gather = '0'
 Planning:
   Buffers: shared hit=86 read=26
 Planning Time: 1.742 ms
 Execution Time: 3.650 ms
(12 rows)

SET
SET
SET
SET
SET
                                             QUERY PLAN                                             
----------------------------------------------------------------------------------------------------
 Index Scan using idx on public.t (actual rows=2048.00 loops=1)
   Output: a, b
   Index Cond: ((t.a >= '-3198'::integer) AND (t.a <= '-2175'::integer))
   Index Searches: 1
   Buffers: shared hit=1995
 Settings: enable_bitmapscan = 'off', enable_seqscan = 'off', max_parallel_workers_per_gather = '0'
 Planning:
   Buffers: shared hit=117
 Planning Time: 0.223 ms
 Execution Time: 0.469 ms
(10 rows)

