SET
SET
SET
SET
SET
                                                                  QUERY PLAN                                                                   
-----------------------------------------------------------------------------------------------------------------------------------------------
 Index Scan using idx on public.t (actual rows=65536.00 loops=1)
   Output: a, b
   Index Cond: ((t.a >= '-51426'::integer) AND (t.a <= '-18659'::integer))
   Index Searches: 1
   Prefetch: distance=262.877 count=70179 stalls=2 skipped=1981 resets=0 ungets=6641 forwarded=211
             histogram [2,4) => 2, [4,8) => 7, [8,16) => 5, [16,32) => 14, [32,64) => 9, [64,128) => 2, [128,256) => 12418, [256,512) => 57722
   Buffers: shared hit=60386 read=3340
 Settings: enable_bitmapscan = 'off', enable_seqscan = 'off', max_parallel_workers_per_gather = '0'
 Planning:
   Buffers: shared hit=86 read=26
 Planning Time: 1.936 ms
 Execution Time: 24.146 ms
(12 rows)

SET
SET
SET
SET
SET
                                             QUERY PLAN                                             
----------------------------------------------------------------------------------------------------
 Index Scan using idx on public.t (actual rows=65536.00 loops=1)
   Output: a, b
   Index Cond: ((t.a >= '-51426'::integer) AND (t.a <= '-18659'::integer))
   Index Searches: 1
   Buffers: shared hit=63738
 Settings: enable_bitmapscan = 'off', enable_seqscan = 'off', max_parallel_workers_per_gather = '0'
 Planning:
   Buffers: shared hit=117
 Planning Time: 0.213 ms
 Execution Time: 10.988 ms
(10 rows)

