SET
SET
SET
SET
SET
                                                                  QUERY PLAN                                                                   
-----------------------------------------------------------------------------------------------------------------------------------------------
 Index Scan using idx on public.t (actual rows=131072.00 loops=1)
   Output: a, b
   Index Cond: ((t.a >= '-97558'::integer) AND (t.a <= '-32023'::integer))
   Index Searches: 1
   Prefetch: distance=262.914 count=140216 stalls=3 skipped=4061 resets=0 ungets=13213 forwarded=378
             histogram [2,4) => 6, [4,8) => 5, [8,16) => 6, [16,32) => 9, [32,64) => 4, [64,128) => 4, [128,256) => 25259, [256,512) => 114923
   Buffers: shared hit=120721 read=6639
 Settings: enable_bitmapscan = 'off', enable_seqscan = 'off', max_parallel_workers_per_gather = '0'
 Planning:
   Buffers: shared hit=86 read=26
 Planning Time: 1.961 ms
 Execution Time: 43.993 ms
(12 rows)

SET
SET
SET
SET
SET
                                             QUERY PLAN                                             
----------------------------------------------------------------------------------------------------
 Index Scan using idx on public.t (actual rows=131072.00 loops=1)
   Output: a, b
   Index Cond: ((t.a >= '-97558'::integer) AND (t.a <= '-32023'::integer))
   Index Searches: 1
   Buffers: shared hit=127376
 Settings: enable_bitmapscan = 'off', enable_seqscan = 'off', max_parallel_workers_per_gather = '0'
 Planning:
   Buffers: shared hit=117
 Planning Time: 0.229 ms
 Execution Time: 21.941 ms
(10 rows)

