SET
SET
SET
SET
SET
                                             QUERY PLAN                                             
----------------------------------------------------------------------------------------------------
 Index Scan using idx on public.t (actual rows=4096.00 loops=1)
   Output: a, b
   Index Cond: ((t.a >= '-26148'::integer) AND (t.a <= '-24101'::integer))
   Index Searches: 1
   Prefetch: distance=2.212 count=400 stalls=3438 skipped=147 resets=0 ungets=0 forwarded=0
             histogram [2,4) => 370, [4,8) => 30
   Buffers: shared hit=3720 read=240
 Settings: enable_bitmapscan = 'off', enable_seqscan = 'off', max_parallel_workers_per_gather = '0'
 Planning:
   Buffers: shared hit=86 read=26
 Planning Time: 1.968 ms
 Execution Time: 4.244 ms
(12 rows)

SET
SET
SET
SET
SET
                                             QUERY PLAN                                             
----------------------------------------------------------------------------------------------------
 Index Scan using idx on public.t (actual rows=4096.00 loops=1)
   Output: a, b
   Index Cond: ((t.a >= '-26148'::integer) AND (t.a <= '-24101'::integer))
   Index Searches: 1
   Buffers: shared hit=3960
 Settings: enable_bitmapscan = 'off', enable_seqscan = 'off', max_parallel_workers_per_gather = '0'
 Planning:
   Buffers: shared hit=117
 Planning Time: 0.155 ms
 Execution Time: 0.483 ms
(10 rows)

