SET
SET
SET
SET
SET
                                             QUERY PLAN                                             
----------------------------------------------------------------------------------------------------
 Index Scan using idx on public.t (actual rows=2048.00 loops=1)
   Output: a, b
   Index Cond: ((t.a >= '-10582'::integer) AND (t.a <= '-9559'::integer))
   Index Searches: 1
   Prefetch: distance=2.154 count=175 stalls=1537 skipped=55 resets=0 ungets=0 forwarded=0
             histogram [2,4) => 165, [4,8) => 10
   Buffers: shared hit=1855 read=141
 Settings: enable_bitmapscan = 'off', enable_seqscan = 'off', max_parallel_workers_per_gather = '0'
 Planning:
   Buffers: shared hit=86 read=26
 Planning Time: 1.988 ms
 Execution Time: 3.826 ms
(12 rows)

SET
SET
SET
SET
SET
                                             QUERY PLAN                                             
----------------------------------------------------------------------------------------------------
 Index Scan using idx on public.t (actual rows=2048.00 loops=1)
   Output: a, b
   Index Cond: ((t.a >= '-10582'::integer) AND (t.a <= '-9559'::integer))
   Index Searches: 1
   Buffers: shared hit=1996
 Settings: enable_bitmapscan = 'off', enable_seqscan = 'off', max_parallel_workers_per_gather = '0'
 Planning:
   Buffers: shared hit=117
 Planning Time: 0.169 ms
 Execution Time: 0.269 ms
(10 rows)

