SET
SET
SET
SET
SET
                                                                  QUERY PLAN                                                                   
-----------------------------------------------------------------------------------------------------------------------------------------------
 Index Scan using idx on public.t (actual rows=8192.00 loops=1)
   Output: a, b
   Index Cond: ((t.a >= '-24945'::integer) AND (t.a <= '-20850'::integer))
   Index Searches: 1
   Prefetch: distance=260.569 count=8691 stalls=9 skipped=260 resets=0 ungets=793 forwarded=27
             histogram [2,4) => 4, [4,8) => 6, [8,16) => 9, [16,32) => 21, [32,64) => 25, [64,128) => 26, [128,256) => 1546, [256,512) => 7054
   Buffers: shared hit=7513 read=447
 Settings: enable_bitmapscan = 'off', enable_seqscan = 'off', max_parallel_workers_per_gather = '0'
 Planning:
   Buffers: shared hit=86 read=26
 Planning Time: 1.957 ms
 Execution Time: 4.524 ms
(12 rows)

SET
SET
SET
SET
SET
                                             QUERY PLAN                                             
----------------------------------------------------------------------------------------------------
 Index Scan using idx on public.t (actual rows=8192.00 loops=1)
   Output: a, b
   Index Cond: ((t.a >= '-24945'::integer) AND (t.a <= '-20850'::integer))
   Index Searches: 1
   Buffers: shared hit=7961
 Settings: enable_bitmapscan = 'off', enable_seqscan = 'off', max_parallel_workers_per_gather = '0'
 Planning:
   Buffers: shared hit=117
 Planning Time: 0.155 ms
 Execution Time: 0.911 ms
(10 rows)

