SET
SET
SET
SET
SET
                                             QUERY PLAN                                             
----------------------------------------------------------------------------------------------------
 Index Scan using idx on public.t (actual rows=4096.00 loops=1)
   Output: a, b
   Index Cond: ((t.a >= '-16340'::integer) AND (t.a <= '-14293'::integer))
   Index Searches: 1
   Prefetch: distance=2.093 count=367 stalls=3283 skipped=117 resets=0 ungets=0 forwarded=0
             histogram [2,4) => 356, [4,8) => 11
   Buffers: shared hit=3740 read=243
 Settings: enable_bitmapscan = 'off', enable_seqscan = 'off', max_parallel_workers_per_gather = '0'
 Planning:
   Buffers: shared hit=86 read=26
 Planning Time: 1.960 ms
 Execution Time: 4.079 ms
(12 rows)

SET
SET
SET
SET
SET
                                             QUERY PLAN                                             
----------------------------------------------------------------------------------------------------
 Index Scan using idx on public.t (actual rows=4096.00 loops=1)
   Output: a, b
   Index Cond: ((t.a >= '-16340'::integer) AND (t.a <= '-14293'::integer))
   Index Searches: 1
   Buffers: shared hit=3983
 Settings: enable_bitmapscan = 'off', enable_seqscan = 'off', max_parallel_workers_per_gather = '0'
 Planning:
   Buffers: shared hit=117
 Planning Time: 0.196 ms
 Execution Time: 0.798 ms
(10 rows)

