SET
SET
SET
SET
SET
                                                                 QUERY PLAN                                                                  
---------------------------------------------------------------------------------------------------------------------------------------------
 Index Scan using idx on public.t (actual rows=4096.00 loops=1)
   Output: a, b
   Index Cond: ((t.a >= 1226) AND (t.a <= 5321))
   Index Searches: 1
   Prefetch: distance=257.452 count=4159 stalls=1 skipped=14 resets=0 ungets=316 forwarded=0
             histogram [2,4) => 4, [4,8) => 4, [8,16) => 8, [16,32) => 15, [32,64) => 3, [64,128) => 2, [128,256) => 1063, [256,512) => 3060
   Buffers: shared hit=3507 read=589
 Settings: enable_bitmapscan = 'off', enable_seqscan = 'off', max_parallel_workers_per_gather = '0'
 Planning:
   Buffers: shared hit=82 read=27
 Planning Time: 1.955 ms
 Execution Time: 15.893 ms
(12 rows)

SET
SET
SET
SET
SET
                                             QUERY PLAN                                             
----------------------------------------------------------------------------------------------------
 Index Scan using idx on public.t (actual rows=4096.00 loops=1)
   Output: a, b
   Index Cond: ((t.a >= 1226) AND (t.a <= 5321))
   Index Searches: 1
   Buffers: shared hit=4096
 Settings: enable_bitmapscan = 'off', enable_seqscan = 'off', max_parallel_workers_per_gather = '0'
 Planning:
   Buffers: shared hit=114
 Planning Time: 0.259 ms
 Execution Time: 1.061 ms
(10 rows)

