SET
SET
SET
SET
SET
                                                                     QUERY PLAN                                                                     
----------------------------------------------------------------------------------------------------------------------------------------------------
 Index Scan using idx on public.t (actual rows=32768.00 loops=1)
   Output: a, b
   Index Cond: ((t.a >= 19151) AND (t.a <= 51918))
   Index Searches: 1
   Prefetch: distance=223.719 count=10016 stalls=22986 skipped=42 resets=0 ungets=523 forwarded=0
             histogram [2,4) => 756, [4,8) => 15, [8,16) => 22, [16,32) => 37, [32,64) => 84, [64,128) => 177, [128,256) => 3992, [256,512) => 4933
   Buffers: shared hit=31466 read=1355
 Settings: enable_bitmapscan = 'off', enable_seqscan = 'off', max_parallel_workers_per_gather = '0'
 Planning:
   Buffers: shared hit=82 read=27
 Planning Time: 1.968 ms
 Execution Time: 27.462 ms
(12 rows)

SET
SET
SET
SET
SET
                                             QUERY PLAN                                             
----------------------------------------------------------------------------------------------------
 Index Scan using idx on public.t (actual rows=32768.00 loops=1)
   Output: a, b
   Index Cond: ((t.a >= 19151) AND (t.a <= 51918))
   Index Searches: 1
   Buffers: shared hit=32821
 Settings: enable_bitmapscan = 'off', enable_seqscan = 'off', max_parallel_workers_per_gather = '0'
 Planning:
   Buffers: shared hit=114
 Planning Time: 0.165 ms
 Execution Time: 3.346 ms
(10 rows)

