SET
SET
SET
SET
SET
                                                                 QUERY PLAN                                                                 
--------------------------------------------------------------------------------------------------------------------------------------------
 Index Scan using idx on public.t (actual rows=2048.00 loops=1)
   Output: a, b
   Index Cond: ((t.a >= 3240) AND (t.a <= 5287))
   Index Searches: 1
   Prefetch: distance=264.379 count=2465 stalls=1 skipped=8 resets=0 ungets=480 forwarded=1
             histogram [2,4) => 2, [4,8) => 4, [8,16) => 11, [16,32) => 7, [32,64) => 2, [64,128) => 2, [128,256) => 212, [256,512) => 2225
   Buffers: shared hit=1503 read=549
 Settings: enable_bitmapscan = 'off', enable_seqscan = 'off', max_parallel_workers_per_gather = '0'
 Planning:
   Buffers: shared hit=82 read=27
 Planning Time: 1.961 ms
 Execution Time: 6.916 ms
(12 rows)

SET
SET
SET
SET
SET
                                             QUERY PLAN                                             
----------------------------------------------------------------------------------------------------
 Index Scan using idx on public.t (actual rows=2048.00 loops=1)
   Output: a, b
   Index Cond: ((t.a >= 3240) AND (t.a <= 5287))
   Index Searches: 1
   Buffers: shared hit=2052
 Settings: enable_bitmapscan = 'off', enable_seqscan = 'off', max_parallel_workers_per_gather = '0'
 Planning:
   Buffers: shared hit=114
 Planning Time: 0.207 ms
 Execution Time: 0.743 ms
(10 rows)

