SET
SET
SET
SET
SET
                                                                     QUERY PLAN                                                                      
-----------------------------------------------------------------------------------------------------------------------------------------------------
 Index Scan using idx on public.t (actual rows=65536.00 loops=1)
   Output: a, b
   Index Cond: ((t.a >= 12803) AND (t.a <= 78338))
   Index Searches: 1
   Prefetch: distance=216.228 count=17574 stalls=48567 skipped=72 resets=0 ungets=684 forwarded=2
             histogram [2,4) => 1574, [4,8) => 17, [8,16) => 21, [16,32) => 36, [32,64) => 81, [64,128) => 235, [128,256) => 8881, [256,512) => 6729
   Buffers: shared hit=63768 read=1882
 Settings: enable_bitmapscan = 'off', enable_seqscan = 'off', max_parallel_workers_per_gather = '0'
 Planning:
   Buffers: shared hit=82 read=27
 Planning Time: 2.003 ms
 Execution Time: 23.014 ms
(12 rows)

SET
SET
SET
SET
SET
                                             QUERY PLAN                                             
----------------------------------------------------------------------------------------------------
 Index Scan using idx on public.t (actual rows=65536.00 loops=1)
   Output: a, b
   Index Cond: ((t.a >= 12803) AND (t.a <= 78338))
   Index Searches: 1
   Buffers: shared hit=65650
 Settings: enable_bitmapscan = 'off', enable_seqscan = 'off', max_parallel_workers_per_gather = '0'
 Planning:
   Buffers: shared hit=114
 Planning Time: 0.205 ms
 Execution Time: 7.302 ms
(10 rows)

