SET
SET
SET
SET
SET
                                                                  QUERY PLAN                                                                   
-----------------------------------------------------------------------------------------------------------------------------------------------
 Index Scan using idx on public.t (actual rows=8192.00 loops=1)
   Output: a, b
   Index Cond: ((t.a >= 27474) AND (t.a <= 35665))
   Index Searches: 1
   Prefetch: distance=246.365 count=8413 stalls=1 skipped=5 resets=0 ungets=569 forwarded=1
             histogram [2,4) => 2, [4,8) => 5, [8,16) => 7, [16,32) => 18, [32,64) => 5, [64,128) => 103, [128,256) => 3637, [256,512) => 4636
   Buffers: shared hit=7230 read=985
 Settings: enable_bitmapscan = 'off', enable_seqscan = 'off', max_parallel_workers_per_gather = '0'
 Planning:
   Buffers: shared hit=82 read=27
 Planning Time: 1.941 ms
 Execution Time: 25.671 ms
(12 rows)

SET
SET
SET
SET
SET
                                             QUERY PLAN                                             
----------------------------------------------------------------------------------------------------
 Index Scan using idx on public.t (actual rows=8192.00 loops=1)
   Output: a, b
   Index Cond: ((t.a >= 27474) AND (t.a <= 35665))
   Index Searches: 1
   Buffers: shared hit=8215
 Settings: enable_bitmapscan = 'off', enable_seqscan = 'off', max_parallel_workers_per_gather = '0'
 Planning:
   Buffers: shared hit=114
 Planning Time: 0.212 ms
 Execution Time: 1.989 ms
(10 rows)

