SET
SET
SET
SET
SET
                                                                      QUERY PLAN                                                                       
-------------------------------------------------------------------------------------------------------------------------------------------------------
 Index Scan using idx on public.t (actual rows=131072.00 loops=1)
   Output: a, b
   Index Cond: ((t.a >= 143) AND (t.a <= 131214))
   Index Searches: 1
   Prefetch: distance=207.738 count=31282 stalls=99727 skipped=159 resets=0 ungets=319 forwarded=1
             histogram [2,4) => 3224, [4,8) => 38, [8,16) => 25, [16,32) => 45, [32,64) => 117, [64,128) => 584, [128,256) => 18133, [256,512) => 9116
   Buffers: shared hit=128375 read=2901
 Settings: enable_bitmapscan = 'off', enable_seqscan = 'off', max_parallel_workers_per_gather = '0'
 Planning:
   Buffers: shared hit=78 read=27
 Planning Time: 1.937 ms
 Execution Time: 54.559 ms
(12 rows)

SET
SET
SET
SET
SET
                                             QUERY PLAN                                             
----------------------------------------------------------------------------------------------------
 Index Scan using idx on public.t (actual rows=131072.00 loops=1)
   Output: a, b
   Index Cond: ((t.a >= 143) AND (t.a <= 131214))
   Index Searches: 1
   Buffers: shared hit=131276
 Settings: enable_bitmapscan = 'off', enable_seqscan = 'off', max_parallel_workers_per_gather = '0'
 Planning:
   Buffers: shared hit=110
 Planning Time: 0.201 ms
 Execution Time: 19.180 ms
(10 rows)

