SET
SET
SET
SET
SET
                                                                        QUERY PLAN                                                                        
----------------------------------------------------------------------------------------------------------------------------------------------------------
 Index Scan using idx on public.t (actual rows=4048576.00 loops=1)
   Output: a, b
   Index Cond: ((t.a >= 10223) AND (t.a <= 4058798))
   Index Searches: 1
   Prefetch: distance=31.915 count=145471 stalls=3899829 skipped=3874 resets=0 ungets=623 forwarded=1
             histogram [2,4) => 125937, [4,8) => 1058, [8,16) => 21, [16,32) => 36, [32,64) => 81, [64,128) => 235, [128,256) => 10741, [256,512) => 7362
   Buffers: shared hit=3980807 read=74963
 Settings: enable_bitmapscan = 'off', enable_seqscan = 'off', max_parallel_workers_per_gather = '0'
 Planning:
   Buffers: shared hit=78 read=27
 Planning Time: 2.016 ms
 Execution Time: 900.891 ms
(12 rows)

SET
SET
SET
SET
SET
                                             QUERY PLAN                                             
----------------------------------------------------------------------------------------------------
 Index Scan using idx on public.t (actual rows=4048576.00 loops=1)
   Output: a, b
   Index Cond: ((t.a >= 10223) AND (t.a <= 4058798))
   Index Searches: 1
   Buffers: shared hit=4055770
 Settings: enable_bitmapscan = 'off', enable_seqscan = 'off', max_parallel_workers_per_gather = '0'
 Planning:
   Buffers: shared hit=110
 Planning Time: 0.188 ms
 Execution Time: 599.539 ms
(10 rows)

