SET
SET
SET
SET
SET
                                                                        QUERY PLAN                                                                        
----------------------------------------------------------------------------------------------------------------------------------------------------------
 Index Scan using idx on public.t (actual rows=6048576.00 loops=1)
   Output: a, b
   Index Cond: ((t.a >= 9318) AND (t.a <= 6057893))
   Index Searches: 1
   Prefetch: distance=23.304 count=208968 stalls=5834037 skipped=5811 resets=0 ungets=438 forwarded=0
             histogram [2,4) => 188403, [4,8) => 1551, [8,16) => 24, [16,32) => 38, [32,64) => 81, [64,128) => 235, [128,256) => 11300, [256,512) => 7336
   Buffers: shared hit=5947629 read=111667
 Settings: enable_bitmapscan = 'off', enable_seqscan = 'off', max_parallel_workers_per_gather = '0'
 Planning:
   Buffers: shared hit=78 read=27
 Planning Time: 2.008 ms
 Execution Time: 1358.206 ms
(12 rows)

SET
SET
SET
SET
SET
                                             QUERY PLAN                                             
----------------------------------------------------------------------------------------------------
 Index Scan using idx on public.t (actual rows=6048576.00 loops=1)
   Output: a, b
   Index Cond: ((t.a >= 9318) AND (t.a <= 6057893))
   Index Searches: 1
   Buffers: shared hit=6059296
 Settings: enable_bitmapscan = 'off', enable_seqscan = 'off', max_parallel_workers_per_gather = '0'
 Planning:
   Buffers: shared hit=110
 Planning Time: 0.216 ms
 Execution Time: 894.478 ms
(10 rows)

