SET
SET
SET
SET
SET
                                                                        QUERY PLAN                                                                         
-----------------------------------------------------------------------------------------------------------------------------------------------------------
 Index Scan using idx on public.t (actual rows=8048576.00 loops=1)
   Output: a, b
   Index Cond: ((t.a >= 41) AND (t.a <= 8048616))
   Index Searches: 1
   Prefetch: distance=24.847 count=280560 stalls=7760197 skipped=7742 resets=0 ungets=248 forwarded=1
             histogram [2,4) => 250600, [4,8) => 2011, [8,16) => 29, [16,32) => 41, [32,64) => 130, [64,128) => 583, [128,256) => 18277, [256,512) => 8889
   Buffers: shared hit=7914586 read=148242
 Settings: enable_bitmapscan = 'off', enable_seqscan = 'off', max_parallel_workers_per_gather = '0'
 Planning:
   Buffers: shared hit=78 read=27
 Planning Time: 2.084 ms
 Execution Time: 1768.426 ms
(12 rows)

SET
SET
SET
SET
SET
                                             QUERY PLAN                                             
----------------------------------------------------------------------------------------------------
 Index Scan using idx on public.t (actual rows=8048576.00 loops=1)
   Output: a, b
   Index Cond: ((t.a >= 41) AND (t.a <= 8048616))
   Index Searches: 1
   Buffers: shared hit=8062828
 Settings: enable_bitmapscan = 'off', enable_seqscan = 'off', max_parallel_workers_per_gather = '0'
 Planning:
   Buffers: shared hit=110
 Planning Time: 0.223 ms
 Execution Time: 1182.265 ms
(10 rows)

