SET
SET
SET
SET
SET
                                                                        QUERY PLAN                                                                        
----------------------------------------------------------------------------------------------------------------------------------------------------------
 Index Scan using idx on public.t (actual rows=7048576.00 loops=1)
   Output: a, b
   Index Cond: ((t.a >= 29331) AND (t.a <= 7077906))
   Index Searches: 1
   Prefetch: distance=18.230 count=237767 stalls=6804299 skipped=6770 resets=0 ungets=575 forwarded=0
             histogram [2,4) => 219741, [4,8) => 1794, [8,16) => 17, [16,32) => 42, [32,64) => 151, [64,128) => 153, [128,256) => 8828, [256,512) => 7041
   Buffers: shared hit=6930825 read=130245
 Settings: enable_bitmapscan = 'off', enable_seqscan = 'off', max_parallel_workers_per_gather = '0'
 Planning:
   Buffers: shared hit=78 read=27
 Planning Time: 2.009 ms
 Execution Time: 1583.251 ms
(12 rows)

SET
SET
SET
SET
SET
                                             QUERY PLAN                                             
----------------------------------------------------------------------------------------------------
 Index Scan using idx on public.t (actual rows=7048576.00 loops=1)
   Output: a, b
   Index Cond: ((t.a >= 29331) AND (t.a <= 7077906))
   Index Searches: 1
   Buffers: shared hit=7061070
 Settings: enable_bitmapscan = 'off', enable_seqscan = 'off', max_parallel_workers_per_gather = '0'
 Planning:
   Buffers: shared hit=110
 Planning Time: 0.227 ms
 Execution Time: 1050.139 ms
(10 rows)

