SET
SET
SET
SET
SET
                                                                QUERY PLAN                                                                
------------------------------------------------------------------------------------------------------------------------------------------
 Index Scan using idx on public.t (actual rows=1024.00 loops=1)
   Output: a, b
   Index Cond: ((t.a >= 11574) AND (t.a <= 12597))
   Index Searches: 1
   Prefetch: distance=264.648 count=1246 stalls=2 skipped=1 resets=0 ungets=363 forwarded=1
             histogram [2,4) => 4, [4,8) => 5, [8,16) => 10, [16,32) => 8, [32,64) => 2, [64,128) => 2, [128,256) => 2, [256,512) => 1213
   Buffers: shared hit=522 read=510
 Settings: enable_bitmapscan = 'off', enable_seqscan = 'off', max_parallel_workers_per_gather = '0'
 Planning:
   Buffers: shared hit=82 read=27
 Planning Time: 1.340 ms
 Execution Time: 10.918 ms
(12 rows)

SET
SET
SET
SET
SET
                                             QUERY PLAN                                             
----------------------------------------------------------------------------------------------------
 Index Scan using idx on public.t (actual rows=1024.00 loops=1)
   Output: a, b
   Index Cond: ((t.a >= 11574) AND (t.a <= 12597))
   Index Searches: 1
   Buffers: shared hit=1032
 Settings: enable_bitmapscan = 'off', enable_seqscan = 'off', max_parallel_workers_per_gather = '0'
 Planning:
   Buffers: shared hit=114
 Planning Time: 0.203 ms
 Execution Time: 0.538 ms
(10 rows)

