SET
SET
SET
SET
SET
                                                                QUERY PLAN                                                                 
-------------------------------------------------------------------------------------------------------------------------------------------
 Index Scan using idx on public.t (actual rows=2048.00 loops=1)
   Output: a, b
   Index Cond: ((t.a >= 29471) AND (t.a <= 31518))
   Index Searches: 1
   Prefetch: distance=266.239 count=2487 stalls=1 skipped=2 resets=0 ungets=617 forwarded=0
             histogram [2,4) => 4, [4,8) => 7, [8,16) => 5, [16,32) => 10, [32,64) => 7, [64,128) => 2, [128,256) => 35, [256,512) => 2417
   Buffers: shared hit=1254 read=804
 Settings: enable_bitmapscan = 'off', enable_seqscan = 'off', max_parallel_workers_per_gather = '0'
 Planning:
   Buffers: shared hit=82 read=27
 Planning Time: 2.011 ms
 Execution Time: 15.855 ms
(12 rows)

SET
SET
SET
SET
SET
                                             QUERY PLAN                                             
----------------------------------------------------------------------------------------------------
 Index Scan using idx on public.t (actual rows=2048.00 loops=1)
   Output: a, b
   Index Cond: ((t.a >= 29471) AND (t.a <= 31518))
   Index Searches: 1
   Buffers: shared hit=2058
 Settings: enable_bitmapscan = 'off', enable_seqscan = 'off', max_parallel_workers_per_gather = '0'
 Planning:
   Buffers: shared hit=114
 Planning Time: 0.140 ms
 Execution Time: 0.454 ms
(10 rows)

