SET
SET
SET
SET
SET
                                                                 QUERY PLAN                                                                 
--------------------------------------------------------------------------------------------------------------------------------------------
 Index Scan using idx on public.t (actual rows=4096.00 loops=1)
   Output: a, b
   Index Cond: ((t.a >= 28188) AND (t.a <= 32283))
   Index Searches: 1
   Prefetch: distance=261.962 count=4268 stalls=1 skipped=3 resets=0 ungets=536 forwarded=1
             histogram [2,4) => 2, [4,8) => 9, [8,16) => 6, [16,32) => 12, [32,64) => 3, [64,128) => 4, [128,256) => 694, [256,512) => 3538
   Buffers: shared hit=3201 read=909
 Settings: enable_bitmapscan = 'off', enable_seqscan = 'off', max_parallel_workers_per_gather = '0'
 Planning:
   Buffers: shared hit=82 read=27
 Planning Time: 2.010 ms
 Execution Time: 24.822 ms
(12 rows)

SET
SET
SET
SET
SET
                                             QUERY PLAN                                             
----------------------------------------------------------------------------------------------------
 Index Scan using idx on public.t (actual rows=4096.00 loops=1)
   Output: a, b
   Index Cond: ((t.a >= 28188) AND (t.a <= 32283))
   Index Searches: 1
   Buffers: shared hit=4110
 Settings: enable_bitmapscan = 'off', enable_seqscan = 'off', max_parallel_workers_per_gather = '0'
 Planning:
   Buffers: shared hit=114
 Planning Time: 0.162 ms
 Execution Time: 0.637 ms
(10 rows)

