SET
SET
SET
SET
SET
                                                                       QUERY PLAN                                                                       
--------------------------------------------------------------------------------------------------------------------------------------------------------
 Index Scan using idx on public.t (actual rows=3048576.00 loops=1)
   Output: a, b
   Index Cond: ((t.a >= 8486) AND (t.a <= 3057061))
   Index Searches: 1
   Prefetch: distance=41.844 count=115121 stalls=2930593 skipped=2942 resets=0 ungets=378 forwarded=0
             histogram [2,4) => 94645, [4,8) => 786, [8,16) => 28, [16,32) => 39, [32,64) => 86, [64,128) => 244, [128,256) => 12093, [256,512) => 7200
   Buffers: shared hit=2997380 read=56588
 Settings: enable_bitmapscan = 'off', enable_seqscan = 'off', max_parallel_workers_per_gather = '0'
 Planning:
   Buffers: shared hit=78 read=27
 Planning Time: 2.118 ms
 Execution Time: 722.756 ms
(12 rows)

SET
SET
SET
SET
SET
                                             QUERY PLAN                                             
----------------------------------------------------------------------------------------------------
 Index Scan using idx on public.t (actual rows=3048576.00 loops=1)
   Output: a, b
   Index Cond: ((t.a >= 8486) AND (t.a <= 3057061))
   Index Searches: 1
   Buffers: shared hit=3053968
 Settings: enable_bitmapscan = 'off', enable_seqscan = 'off', max_parallel_workers_per_gather = '0'
 Planning:
   Buffers: shared hit=110
 Planning Time: 0.219 ms
 Execution Time: 449.714 ms
(10 rows)

