SET
SET
SET
SET
SET
                                                                      QUERY PLAN                                                                       
-------------------------------------------------------------------------------------------------------------------------------------------------------
 Index Scan using idx on public.t (actual rows=131072.00 loops=1)
   Output: a, b
   Index Cond: ((t.a >= 3748) AND (t.a <= 134819))
   Index Searches: 1
   Prefetch: distance=204.233 count=27753 stalls=103216 skipped=143 resets=0 ungets=318 forwarded=0
             histogram [2,4) => 3340, [4,8) => 41, [8,16) => 22, [16,32) => 44, [32,64) => 127, [64,128) => 526, [128,256) => 15296, [256,512) => 8357
   Buffers: shared hit=128335 read=2958
 Settings: enable_bitmapscan = 'off', enable_seqscan = 'off', max_parallel_workers_per_gather = '0'
 Planning:
   Buffers: shared hit=78 read=27
 Planning Time: 2.044 ms
 Execution Time: 47.496 ms
(12 rows)

SET
SET
SET
SET
SET
                                             QUERY PLAN                                             
----------------------------------------------------------------------------------------------------
 Index Scan using idx on public.t (actual rows=131072.00 loops=1)
   Output: a, b
   Index Cond: ((t.a >= 3748) AND (t.a <= 134819))
   Index Searches: 1
   Buffers: shared hit=131293
 Settings: enable_bitmapscan = 'off', enable_seqscan = 'off', max_parallel_workers_per_gather = '0'
 Planning:
   Buffers: shared hit=110
 Planning Time: 0.177 ms
 Execution Time: 14.147 ms
(10 rows)

