SET
SET
SET
SET
SET
                                                                     QUERY PLAN                                                                      
-----------------------------------------------------------------------------------------------------------------------------------------------------
 Index Scan using idx on public.t (actual rows=262144.00 loops=1)
   Output: a, b
   Index Cond: ((t.a >= 17797) AND (t.a <= 279940))
   Index Searches: 1
   Prefetch: distance=138.539 count=18759 stalls=243593 skipped=269 resets=0 ungets=614 forwarded=0
             histogram [2,4) => 7884, [4,8) => 82, [8,16) => 21, [16,32) => 40, [32,64) => 84, [64,128) => 235, [128,256) => 5080, [256,512) => 5333
   Buffers: shared hit=257045 read=5551
 Settings: enable_bitmapscan = 'off', enable_seqscan = 'off', max_parallel_workers_per_gather = '0'
 Planning:
   Buffers: shared hit=78 read=27
 Planning Time: 2.035 ms
 Execution Time: 91.873 ms
(12 rows)

SET
SET
SET
SET
SET
                                             QUERY PLAN                                             
----------------------------------------------------------------------------------------------------
 Index Scan using idx on public.t (actual rows=262144.00 loops=1)
   Output: a, b
   Index Cond: ((t.a >= 17797) AND (t.a <= 279940))
   Index Searches: 1
   Buffers: shared hit=262596
 Settings: enable_bitmapscan = 'off', enable_seqscan = 'off', max_parallel_workers_per_gather = '0'
 Planning:
   Buffers: shared hit=110
 Planning Time: 0.209 ms
 Execution Time: 35.144 ms
(10 rows)

