SET
SET
SET
SET
SET
                                                                     QUERY PLAN                                                                      
-----------------------------------------------------------------------------------------------------------------------------------------------------
 Index Scan using idx on public.t (actual rows=32768.00 loops=1)
   Output: a, b
   Index Cond: ((t.a >= 30343) AND (t.a <= 63110))
   Index Searches: 1
   Prefetch: distance=233.146 count=16331 stalls=17199 skipped=35 resets=0 ungets=832 forwarded=1
             histogram [2,4) => 552, [4,8) => 13, [8,16) => 13, [16,32) => 46, [32,64) => 144, [64,128) => 143, [128,256) => 8072, [256,512) => 7348
   Buffers: shared hit=31367 read=1462
 Settings: enable_bitmapscan = 'off', enable_seqscan = 'off', max_parallel_workers_per_gather = '0'
 Planning:
   Buffers: shared hit=82 read=27
 Planning Time: 2.013 ms
 Execution Time: 18.382 ms
(12 rows)

SET
SET
SET
SET
SET
                                             QUERY PLAN                                             
----------------------------------------------------------------------------------------------------
 Index Scan using idx on public.t (actual rows=32768.00 loops=1)
   Output: a, b
   Index Cond: ((t.a >= 30343) AND (t.a <= 63110))
   Index Searches: 1
   Buffers: shared hit=32829
 Settings: enable_bitmapscan = 'off', enable_seqscan = 'off', max_parallel_workers_per_gather = '0'
 Planning:
   Buffers: shared hit=114
 Planning Time: 0.207 ms
 Execution Time: 5.944 ms
(10 rows)

