SET
SET
SET
SET
SET
                                                                      QUERY PLAN                                                                       
-------------------------------------------------------------------------------------------------------------------------------------------------------
 Index Scan using idx on public.t (actual rows=2048576.00 loops=1)
   Output: a, b
   Index Cond: ((t.a >= 12214) AND (t.a <= 2060789))
   Index Searches: 1
   Prefetch: distance=49.166 count=80178 stalls=1966644 skipped=2000 resets=0 ungets=476 forwarded=1
             histogram [2,4) => 63517, [4,8) => 530, [8,16) => 23, [16,32) => 46, [32,64) => 83, [64,128) => 236, [128,256) => 9234, [256,512) => 6509
   Buffers: shared hit=2013901 read=38278
 Settings: enable_bitmapscan = 'off', enable_seqscan = 'off', max_parallel_workers_per_gather = '0'
 Planning:
   Buffers: shared hit=78 read=27
 Planning Time: 2.010 ms
 Execution Time: 453.472 ms
(12 rows)

SET
SET
SET
SET
SET
                                             QUERY PLAN                                             
----------------------------------------------------------------------------------------------------
 Index Scan using idx on public.t (actual rows=2048576.00 loops=1)
   Output: a, b
   Index Cond: ((t.a >= 12214) AND (t.a <= 2060789))
   Index Searches: 1
   Buffers: shared hit=2052179
 Settings: enable_bitmapscan = 'off', enable_seqscan = 'off', max_parallel_workers_per_gather = '0'
 Planning:
   Buffers: shared hit=110
 Planning Time: 0.199 ms
 Execution Time: 307.025 ms
(10 rows)

