SET
SET
SET
SET
SET
                                                                        QUERY PLAN                                                                         
-----------------------------------------------------------------------------------------------------------------------------------------------------------
 Index Scan using idx on public.t (actual rows=6048576.00 loops=1)
   Output: a, b
   Index Cond: ((t.a >= 5467) AND (t.a <= 6054042))
   Index Searches: 1
   Prefetch: distance=27.195 count=212969 stalls=5830299 skipped=5820 resets=0 ungets=535 forwarded=0
             histogram [2,4) => 188287, [4,8) => 1551, [8,16) => 21, [16,32) => 36, [32,64) => 116, [64,128) => 525, [128,256) => 13975, [256,512) => 8458
   Buffers: shared hit=5947670 read=111619
 Settings: enable_bitmapscan = 'off', enable_seqscan = 'off', max_parallel_workers_per_gather = '0'
 Planning:
   Buffers: shared hit=78 read=27
 Planning Time: 2.012 ms
 Execution Time: 1297.341 ms
(12 rows)

SET
SET
SET
SET
SET
                                             QUERY PLAN                                             
----------------------------------------------------------------------------------------------------
 Index Scan using idx on public.t (actual rows=6048576.00 loops=1)
   Output: a, b
   Index Cond: ((t.a >= 5467) AND (t.a <= 6054042))
   Index Searches: 1
   Buffers: shared hit=6059289
 Settings: enable_bitmapscan = 'off', enable_seqscan = 'off', max_parallel_workers_per_gather = '0'
 Planning:
   Buffers: shared hit=110
 Planning Time: 0.202 ms
 Execution Time: 888.321 ms
(10 rows)

