SET
SET
SET
SET
SET
                                                                        QUERY PLAN                                                                         
-----------------------------------------------------------------------------------------------------------------------------------------------------------
 Index Scan using idx on public.t (actual rows=4048576.00 loops=1)
   Output: a, b
   Index Cond: ((t.a >= 806) AND (t.a <= 4049381))
   Index Searches: 1
   Prefetch: distance=42.822 count=153979 stalls=3890714 skipped=3892 resets=0 ungets=301 forwarded=0
             histogram [2,4) => 125649, [4,8) => 1056, [8,16) => 26, [16,32) => 41, [32,64) => 134, [64,128) => 529, [128,256) => 17521, [256,512) => 9023
   Buffers: shared hit=3980921 read=74829
 Settings: enable_bitmapscan = 'off', enable_seqscan = 'off', max_parallel_workers_per_gather = '0'
 Planning:
   Buffers: shared hit=78 read=27
 Planning Time: 2.036 ms
 Execution Time: 975.587 ms
(12 rows)

SET
SET
SET
SET
SET
                                             QUERY PLAN                                             
----------------------------------------------------------------------------------------------------
 Index Scan using idx on public.t (actual rows=4048576.00 loops=1)
   Output: a, b
   Index Cond: ((t.a >= 806) AND (t.a <= 4049381))
   Index Searches: 1
   Buffers: shared hit=4055750
 Settings: enable_bitmapscan = 'off', enable_seqscan = 'off', max_parallel_workers_per_gather = '0'
 Planning:
   Buffers: shared hit=110
 Planning Time: 0.193 ms
 Execution Time: 597.032 ms
(10 rows)

