SET
SET
SET
SET
SET
                                                                       QUERY PLAN                                                                        
---------------------------------------------------------------------------------------------------------------------------------------------------------
 Index Scan using idx on public.t (actual rows=7048576.00 loops=1)
   Output: a, b
   Index Cond: ((t.a >= 17779) AND (t.a <= 7066354))
   Index Searches: 1
   Prefetch: distance=13.018 count=232492 stalls=6809744 skipped=6782 resets=0 ungets=597 forwarded=0
             histogram [2,4) => 219921, [4,8) => 1795, [8,16) => 21, [16,32) => 40, [32,64) => 84, [64,128) => 235, [128,256) => 5088, [256,512) => 5308
   Buffers: shared hit=6930928 read=130129
 Settings: enable_bitmapscan = 'off', enable_seqscan = 'off', max_parallel_workers_per_gather = '0'
 Planning:
   Buffers: shared hit=78 read=27
 Planning Time: 2.026 ms
 Execution Time: 1534.273 ms
(12 rows)

SET
SET
SET
SET
SET
                                             QUERY PLAN                                             
----------------------------------------------------------------------------------------------------
 Index Scan using idx on public.t (actual rows=7048576.00 loops=1)
   Output: a, b
   Index Cond: ((t.a >= 17779) AND (t.a <= 7066354))
   Index Searches: 1
   Buffers: shared hit=7061057
 Settings: enable_bitmapscan = 'off', enable_seqscan = 'off', max_parallel_workers_per_gather = '0'
 Planning:
   Buffers: shared hit=110
 Planning Time: 0.208 ms
 Execution Time: 1045.664 ms
(10 rows)

