SET
SET
SET
SET
SET
                                                                        QUERY PLAN                                                                         
-----------------------------------------------------------------------------------------------------------------------------------------------------------
 Index Scan using idx on public.t (actual rows=8048576.00 loops=1)
   Output: a, b
   Index Cond: ((t.a >= 2594) AND (t.a <= 8051169))
   Index Searches: 1
   Prefetch: distance=23.052 count=278109 stalls=7762667 skipped=7734 resets=0 ungets=268 forwarded=0
             histogram [2,4) => 250680, [4,8) => 2012, [8,16) => 22, [16,32) => 42, [32,64) => 133, [64,128) => 525, [128,256) => 16245, [256,512) => 8450
   Buffers: shared hit=7914554 read=148283
 Settings: enable_bitmapscan = 'off', enable_seqscan = 'off', max_parallel_workers_per_gather = '0'
 Planning:
   Buffers: shared hit=78 read=27
 Planning Time: 2.019 ms
 Execution Time: 1822.033 ms
(12 rows)

SET
SET
SET
SET
SET
                                             QUERY PLAN                                             
----------------------------------------------------------------------------------------------------
 Index Scan using idx on public.t (actual rows=8048576.00 loops=1)
   Output: a, b
   Index Cond: ((t.a >= 2594) AND (t.a <= 8051169))
   Index Searches: 1
   Buffers: shared hit=8062837
 Settings: enable_bitmapscan = 'off', enable_seqscan = 'off', max_parallel_workers_per_gather = '0'
 Planning:
   Buffers: shared hit=110
 Planning Time: 0.226 ms
 Execution Time: 1206.702 ms
(10 rows)

