SET
SET
SET
SET
SET
                                                               QUERY PLAN                                                               
----------------------------------------------------------------------------------------------------------------------------------------
 Index Scan using idx on public.t (actual rows=512.00 loops=1)
   Output: a, b
   Index Cond: ((t.a >= 28976) AND (t.a <= 29487))
   Index Searches: 1
   Prefetch: distance=238.308 count=312 stalls=3 skipped=0 resets=0 ungets=107 forwarded=0
             histogram [2,4) => 6, [4,8) => 7, [8,16) => 7, [16,32) => 9, [32,64) => 8, [64,128) => 3, [128,256) => 2, [256,512) => 270
   Buffers: shared hit=139 read=379
 Settings: enable_bitmapscan = 'off', enable_seqscan = 'off', max_parallel_workers_per_gather = '0'
 Planning:
   Buffers: shared hit=82 read=27
 Planning Time: 1.353 ms
 Execution Time: 17.762 ms
(12 rows)

SET
SET
SET
SET
SET
                                             QUERY PLAN                                             
----------------------------------------------------------------------------------------------------
 Index Scan using idx on public.t (actual rows=512.00 loops=1)
   Output: a, b
   Index Cond: ((t.a >= 28976) AND (t.a <= 29487))
   Index Searches: 1
   Buffers: shared hit=518
 Settings: enable_bitmapscan = 'off', enable_seqscan = 'off', max_parallel_workers_per_gather = '0'
 Planning:
   Buffers: shared hit=114
 Planning Time: 0.189 ms
 Execution Time: 0.402 ms
(10 rows)

