SET
SET
SET
SET
SET
                                                                      QUERY PLAN                                                                       
-------------------------------------------------------------------------------------------------------------------------------------------------------
 Index Scan using idx on public.t (actual rows=131072.00 loops=1)
   Output: a, b
   Index Cond: ((t.a >= 5915) AND (t.a <= 136986))
   Index Searches: 1
   Prefetch: distance=201.303 count=25658 stalls=105305 skipped=140 resets=0 ungets=338 forwarded=0
             histogram [2,4) => 3424, [4,8) => 43, [8,16) => 29, [16,32) => 40, [32,64) => 123, [64,128) => 526, [128,256) => 13702, [256,512) => 7771
   Buffers: shared hit=128299 read=2995
 Settings: enable_bitmapscan = 'off', enable_seqscan = 'off', max_parallel_workers_per_gather = '0'
 Planning:
   Buffers: shared hit=78 read=27
 Planning Time: 2.035 ms
 Execution Time: 48.740 ms
(12 rows)

SET
SET
SET
SET
SET
                                             QUERY PLAN                                             
----------------------------------------------------------------------------------------------------
 Index Scan using idx on public.t (actual rows=131072.00 loops=1)
   Output: a, b
   Index Cond: ((t.a >= 5915) AND (t.a <= 136986))
   Index Searches: 1
   Buffers: shared hit=131294
 Settings: enable_bitmapscan = 'off', enable_seqscan = 'off', max_parallel_workers_per_gather = '0'
 Planning:
   Buffers: shared hit=110
 Planning Time: 0.246 ms
 Execution Time: 19.107 ms
(10 rows)

