SET
SET
SET
SET
SET
                                                                      QUERY PLAN                                                                       
-------------------------------------------------------------------------------------------------------------------------------------------------------
 Index Scan using idx on public.t (actual rows=65536.00 loops=1)
   Output: a, b
   Index Cond: ((t.a >= 388) AND (t.a <= 65923))
   Index Searches: 1
   Prefetch: distance=222.098 count=28792 stalls=36549 skipped=103 resets=0 ungets=252 forwarded=0
             histogram [2,4) => 1214, [4,8) => 26, [8,16) => 24, [16,32) => 42, [32,64) => 124, [64,128) => 529, [128,256) => 17925, [256,512) => 8908
   Buffers: shared hit=63908 read=1708
 Settings: enable_bitmapscan = 'off', enable_seqscan = 'off', max_parallel_workers_per_gather = '0'
 Planning:
   Buffers: shared hit=82 read=27
 Planning Time: 2.085 ms
 Execution Time: 28.612 ms
(12 rows)

SET
SET
SET
SET
SET
                                             QUERY PLAN                                             
----------------------------------------------------------------------------------------------------
 Index Scan using idx on public.t (actual rows=65536.00 loops=1)
   Output: a, b
   Index Cond: ((t.a >= 388) AND (t.a <= 65923))
   Index Searches: 1
   Buffers: shared hit=65616
 Settings: enable_bitmapscan = 'off', enable_seqscan = 'off', max_parallel_workers_per_gather = '0'
 Planning:
   Buffers: shared hit=114
 Planning Time: 0.167 ms
 Execution Time: 7.447 ms
(10 rows)

