SET
SET
SET
SET
SET
                                                                      QUERY PLAN                                                                       
-------------------------------------------------------------------------------------------------------------------------------------------------------
 Index Scan using idx on public.t (actual rows=262144.00 loops=1)
   Output: a, b
   Index Cond: ((t.a >= 1141) AND (t.a <= 263284))
   Index Searches: 1
   Prefetch: distance=182.365 count=34307 stalls=227484 skipped=294 resets=0 ungets=264 forwarded=0
             histogram [2,4) => 7360, [4,8) => 74, [8,16) => 25, [16,32) => 39, [32,64) => 120, [64,128) => 526, [128,256) => 17298, [256,512) => 8865
   Buffers: shared hit=257242 read=5327
 Settings: enable_bitmapscan = 'off', enable_seqscan = 'off', max_parallel_workers_per_gather = '0'
 Planning:
   Buffers: shared hit=78 read=27
 Planning Time: 2.037 ms
 Execution Time: 86.318 ms
(12 rows)

SET
SET
SET
SET
SET
                                             QUERY PLAN                                             
----------------------------------------------------------------------------------------------------
 Index Scan using idx on public.t (actual rows=262144.00 loops=1)
   Output: a, b
   Index Cond: ((t.a >= 1141) AND (t.a <= 263284))
   Index Searches: 1
   Buffers: shared hit=262569
 Settings: enable_bitmapscan = 'off', enable_seqscan = 'off', max_parallel_workers_per_gather = '0'
 Planning:
   Buffers: shared hit=110
 Planning Time: 0.187 ms
 Execution Time: 35.504 ms
(10 rows)

