SET
SET
SET
SET
SET
                                                                       QUERY PLAN                                                                        
---------------------------------------------------------------------------------------------------------------------------------------------------------
 Index Scan using idx on public.t (actual rows=5048576.00 loops=1)
   Output: a, b
   Index Cond: ((t.a >= 16191) AND (t.a <= 5064766))
   Index Searches: 1
   Prefetch: distance=18.762 count=170779 stalls=4873149 skipped=4846 resets=0 ungets=477 forwarded=0
             histogram [2,4) => 157387, [4,8) => 1284, [8,16) => 28, [16,32) => 39, [32,64) => 81, [64,128) => 235, [128,256) => 6200, [256,512) => 5525
   Buffers: shared hit=4964130 read=93398
 Settings: enable_bitmapscan = 'off', enable_seqscan = 'off', max_parallel_workers_per_gather = '0'
 Planning:
   Buffers: shared hit=78 read=27
 Planning Time: 2.042 ms
 Execution Time: 1192.591 ms
(12 rows)

SET
SET
SET
SET
SET
                                             QUERY PLAN                                             
----------------------------------------------------------------------------------------------------
 Index Scan using idx on public.t (actual rows=5048576.00 loops=1)
   Output: a, b
   Index Cond: ((t.a >= 16191) AND (t.a <= 5064766))
   Index Searches: 1
   Buffers: shared hit=5057528
 Settings: enable_bitmapscan = 'off', enable_seqscan = 'off', max_parallel_workers_per_gather = '0'
 Planning:
   Buffers: shared hit=110
 Planning Time: 0.191 ms
 Execution Time: 751.852 ms
(10 rows)

