SET
SET
SET
SET
SET
                                                                       QUERY PLAN                                                                       
--------------------------------------------------------------------------------------------------------------------------------------------------------
 Index Scan using idx on public.t (actual rows=1048576.00 loops=1)
   Output: a, b
   Index Cond: ((t.a >= 10043) AND (t.a <= 1058618))
   Index Searches: 1
   Prefetch: distance=86.517 count=50767 stalls=997032 skipped=1028 resets=0 ungets=456 forwarded=1
             histogram [2,4) => 32202, [4,8) => 260, [8,16) => 25, [16,32) => 39, [32,64) => 90, [64,128) => 235, [128,256) => 10844, [256,512) => 7072
   Buffers: shared hit=1030532 read=19887
 Settings: enable_bitmapscan = 'off', enable_seqscan = 'off', max_parallel_workers_per_gather = '0'
 Planning:
   Buffers: shared hit=78 read=27
 Planning Time: 2.022 ms
 Execution Time: 240.688 ms
(12 rows)

SET
SET
SET
SET
SET
                                             QUERY PLAN                                             
----------------------------------------------------------------------------------------------------
 Index Scan using idx on public.t (actual rows=1048576.00 loops=1)
   Output: a, b
   Index Cond: ((t.a >= 10043) AND (t.a <= 1058618))
   Index Searches: 1
   Buffers: shared hit=1050419
 Settings: enable_bitmapscan = 'off', enable_seqscan = 'off', max_parallel_workers_per_gather = '0'
 Planning:
   Buffers: shared hit=110
 Planning Time: 0.194 ms
 Execution Time: 157.203 ms
(10 rows)

