SET
SET
SET
SET
SET
                                                                        QUERY PLAN                                                                         
-----------------------------------------------------------------------------------------------------------------------------------------------------------
 Index Scan using idx on public.t (actual rows=7048576.00 loops=1)
   Output: a, b
   Index Cond: ((t.a >= 3003) AND (t.a <= 7051578))
   Index Searches: 1
   Prefetch: distance=25.513 count=246344 stalls=6795449 skipped=6809 resets=0 ungets=317 forwarded=0
             histogram [2,4) => 219461, [4,8) => 1793, [8,16) => 22, [16,32) => 45, [32,64) => 119, [64,128) => 525, [128,256) => 15892, [256,512) => 8487
   Buffers: shared hit=6931096 read=129934
 Settings: enable_bitmapscan = 'off', enable_seqscan = 'off', max_parallel_workers_per_gather = '0'
 Planning:
   Buffers: shared hit=78 read=27
 Planning Time: 2.010 ms
 Execution Time: 1604.561 ms
(12 rows)

SET
SET
SET
SET
SET
                                             QUERY PLAN                                             
----------------------------------------------------------------------------------------------------
 Index Scan using idx on public.t (actual rows=7048576.00 loops=1)
   Output: a, b
   Index Cond: ((t.a >= 3003) AND (t.a <= 7051578))
   Index Searches: 1
   Buffers: shared hit=7061030
 Settings: enable_bitmapscan = 'off', enable_seqscan = 'off', max_parallel_workers_per_gather = '0'
 Planning:
   Buffers: shared hit=110
 Planning Time: 0.220 ms
 Execution Time: 1031.594 ms
(10 rows)

