SET
SET
SET
SET
SET
                                                                       QUERY PLAN                                                                        
---------------------------------------------------------------------------------------------------------------------------------------------------------
 Index Scan using idx on public.t (actual rows=8048576.00 loops=1)
   Output: a, b
   Index Cond: ((t.a >= 17876) AND (t.a <= 8066451))
   Index Searches: 1
   Prefetch: distance=11.806 count=264041 stalls=7777450 skipped=7709 resets=0 ungets=682 forwarded=0
             histogram [2,4) => 251166, [4,8) => 2012, [8,16) => 23, [16,32) => 34, [32,64) => 81, [64,128) => 235, [128,256) => 5042, [256,512) => 5448
   Buffers: shared hit=7914377 read=148487
 Settings: enable_bitmapscan = 'off', enable_seqscan = 'off', max_parallel_workers_per_gather = '0'
 Planning:
   Buffers: shared hit=78 read=27
 Planning Time: 2.010 ms
 Execution Time: 1702.341 ms
(12 rows)

SET
SET
SET
SET
SET
                                             QUERY PLAN                                             
----------------------------------------------------------------------------------------------------
 Index Scan using idx on public.t (actual rows=8048576.00 loops=1)
   Output: a, b
   Index Cond: ((t.a >= 17876) AND (t.a <= 8066451))
   Index Searches: 1
   Buffers: shared hit=8062864
 Settings: enable_bitmapscan = 'off', enable_seqscan = 'off', max_parallel_workers_per_gather = '0'
 Planning:
   Buffers: shared hit=110
 Planning Time: 0.209 ms
 Execution Time: 1196.493 ms
(10 rows)

