SET
SET
SET
SET
SET
                                                                       QUERY PLAN                                                                        
---------------------------------------------------------------------------------------------------------------------------------------------------------
 Index Scan using idx on public.t (actual rows=9048576.00 loops=1)
   Output: a, b
   Index Cond: ((t.a >= 19627) AND (t.a <= 9068202))
   Index Searches: 1
   Prefetch: distance=9.396 count=293709 stalls=8746713 skipped=8619 resets=0 ungets=602 forwarded=1
             histogram [2,4) => 282470, [4,8) => 2282, [8,16) => 22, [16,32) => 36, [32,64) => 85, [64,128) => 175, [128,256) => 3588, [256,512) => 5051
   Buffers: shared hit=8897818 read=166868
 Settings: enable_bitmapscan = 'off', enable_seqscan = 'off', max_parallel_workers_per_gather = '0'
 Planning:
   Buffers: shared hit=78 read=27
 Planning Time: 2.000 ms
 Execution Time: 1968.108 ms
(12 rows)

SET
SET
SET
SET
SET
                                             QUERY PLAN                                             
----------------------------------------------------------------------------------------------------
 Index Scan using idx on public.t (actual rows=9048576.00 loops=1)
   Output: a, b
   Index Cond: ((t.a >= 19627) AND (t.a <= 9068202))
   Index Searches: 1
   Buffers: shared hit=9064686
 Settings: enable_bitmapscan = 'off', enable_seqscan = 'off', max_parallel_workers_per_gather = '0'
 Planning:
   Buffers: shared hit=110
 Planning Time: 0.243 ms
 Execution Time: 1343.767 ms
(10 rows)

