SET
SET
SET
SET
SET
                                                                     QUERY PLAN                                                                     
----------------------------------------------------------------------------------------------------------------------------------------------------
 Index Scan using idx on public.t (actual rows=32768.00 loops=1)
   Output: a, b
   Index Cond: ((t.a >= 15289) AND (t.a <= 48056))
   Index Searches: 1
   Prefetch: distance=227.518 count=14014 stalls=19258 skipped=50 resets=0 ungets=637 forwarded=1
             histogram [2,4) => 626, [4,8) => 11, [8,16) => 27, [16,32) => 35, [32,64) => 81, [64,128) => 235, [128,256) => 6942, [256,512) => 6057
   Buffers: shared hit=31508 read=1306
 Settings: enable_bitmapscan = 'off', enable_seqscan = 'off', max_parallel_workers_per_gather = '0'
 Planning:
   Buffers: shared hit=82 read=27
 Planning Time: 2.039 ms
 Execution Time: 21.675 ms
(12 rows)

SET
SET
SET
SET
SET
                                             QUERY PLAN                                             
----------------------------------------------------------------------------------------------------
 Index Scan using idx on public.t (actual rows=32768.00 loops=1)
   Output: a, b
   Index Cond: ((t.a >= 15289) AND (t.a <= 48056))
   Index Searches: 1
   Buffers: shared hit=32814
 Settings: enable_bitmapscan = 'off', enable_seqscan = 'off', max_parallel_workers_per_gather = '0'
 Planning:
   Buffers: shared hit=114
 Planning Time: 0.213 ms
 Execution Time: 5.650 ms
(10 rows)

