SET
SET
SET
SET
SET
                                                                    QUERY PLAN                                                                     
---------------------------------------------------------------------------------------------------------------------------------------------------
 Index Scan using idx on public.t (actual rows=16384.00 loops=1)
   Output: a, b
   Index Cond: ((t.a >= 13070) AND (t.a <= 29453))
   Index Searches: 1
   Prefetch: distance=236.293 count=15590 stalls=1253 skipped=28 resets=0 ungets=593 forwarded=1
             histogram [2,4) => 56, [4,8) => 12, [8,16) => 22, [16,32) => 35, [32,64) => 84, [64,128) => 235, [128,256) => 8629, [256,512) => 6517
   Buffers: shared hit=15420 read=987
 Settings: enable_bitmapscan = 'off', enable_seqscan = 'off', max_parallel_workers_per_gather = '0'
 Planning:
   Buffers: shared hit=82 read=27
 Planning Time: 2.043 ms
 Execution Time: 15.525 ms
(12 rows)

SET
SET
SET
SET
SET
                                             QUERY PLAN                                             
----------------------------------------------------------------------------------------------------
 Index Scan using idx on public.t (actual rows=16384.00 loops=1)
   Output: a, b
   Index Cond: ((t.a >= 13070) AND (t.a <= 29453))
   Index Searches: 1
   Buffers: shared hit=16407
 Settings: enable_bitmapscan = 'off', enable_seqscan = 'off', max_parallel_workers_per_gather = '0'
 Planning:
   Buffers: shared hit=114
 Planning Time: 0.216 ms
 Execution Time: 3.164 ms
(10 rows)

