SET
SET
SET
SET
SET
                                                                QUERY PLAN                                                                
------------------------------------------------------------------------------------------------------------------------------------------
 Index Scan using idx on public.t (actual rows=1024.00 loops=1)
   Output: a, b
   Index Cond: ((t.a >= 23275) AND (t.a <= 24298))
   Index Searches: 1
   Prefetch: distance=264.372 count=1269 stalls=1 skipped=1 resets=0 ungets=396 forwarded=0
             histogram [2,4) => 4, [4,8) => 4, [8,16) => 11, [16,32) => 9, [32,64) => 3, [64,128) => 2, [128,256) => 2, [256,512) => 1234
   Buffers: shared hit=481 read=550
 Settings: enable_bitmapscan = 'off', enable_seqscan = 'off', max_parallel_workers_per_gather = '0'
 Planning:
   Buffers: shared hit=82 read=27
 Planning Time: 1.501 ms
 Execution Time: 12.126 ms
(12 rows)

SET
SET
SET
SET
SET
                                             QUERY PLAN                                             
----------------------------------------------------------------------------------------------------
 Index Scan using idx on public.t (actual rows=1024.00 loops=1)
   Output: a, b
   Index Cond: ((t.a >= 23275) AND (t.a <= 24298))
   Index Searches: 1
   Buffers: shared hit=1031
 Settings: enable_bitmapscan = 'off', enable_seqscan = 'off', max_parallel_workers_per_gather = '0'
 Planning:
   Buffers: shared hit=114
 Planning Time: 0.137 ms
 Execution Time: 0.281 ms
(10 rows)

