SET
SET
SET
SET
SET
                                                                  QUERY PLAN                                                                  
----------------------------------------------------------------------------------------------------------------------------------------------
 Index Scan using idx on public.t (actual rows=2048.00 loops=1)
   Output: a, b
   Index Cond: ((t.a >= 42) AND (t.a <= 2089))
   Index Searches: 1
   Prefetch: distance=259.162 count=1958 stalls=2 skipped=7 resets=0 ungets=243 forwarded=1
             histogram [2,4) => 2, [4,8) => 5, [8,16) => 13, [16,32) => 14, [32,64) => 16, [64,128) => 2, [128,256) => 198, [256,512) => 1708
   Buffers: shared hit=1537 read=513
 Settings: enable_bitmapscan = 'off', enable_seqscan = 'off', max_parallel_workers_per_gather = '0'
 Planning:
   Buffers: shared hit=82 read=27
 Planning Time: 2.023 ms
 Execution Time: 17.813 ms
(12 rows)

SET
SET
SET
SET
SET
                                             QUERY PLAN                                             
----------------------------------------------------------------------------------------------------
 Index Scan using idx on public.t (actual rows=2048.00 loops=1)
   Output: a, b
   Index Cond: ((t.a >= 42) AND (t.a <= 2089))
   Index Searches: 1
   Buffers: shared hit=2050
 Settings: enable_bitmapscan = 'off', enable_seqscan = 'off', max_parallel_workers_per_gather = '0'
 Planning:
   Buffers: shared hit=114
 Planning Time: 0.185 ms
 Execution Time: 0.692 ms
(10 rows)

