SET
SET
SET
SET
SET
                                                               QUERY PLAN                                                               
----------------------------------------------------------------------------------------------------------------------------------------
 Index Scan using idx on public.t (actual rows=512.00 loops=1)
   Output: a, b
   Index Cond: ((t.a >= 9784) AND (t.a <= 10295))
   Index Searches: 1
   Prefetch: distance=258.511 count=644 stalls=1 skipped=1 resets=0 ungets=232 forwarded=0
             histogram [2,4) => 2, [4,8) => 4, [8,16) => 7, [16,32) => 9, [32,64) => 8, [64,128) => 2, [128,256) => 3, [256,512) => 609
   Buffers: shared hit=184 read=335
 Settings: enable_bitmapscan = 'off', enable_seqscan = 'off', max_parallel_workers_per_gather = '0'
 Planning:
   Buffers: shared hit=82 read=27
 Planning Time: 1.334 ms
 Execution Time: 8.806 ms
(12 rows)

SET
SET
SET
SET
SET
                                             QUERY PLAN                                             
----------------------------------------------------------------------------------------------------
 Index Scan using idx on public.t (actual rows=512.00 loops=1)
   Output: a, b
   Index Cond: ((t.a >= 9784) AND (t.a <= 10295))
   Index Searches: 1
   Buffers: shared hit=519
 Settings: enable_bitmapscan = 'off', enable_seqscan = 'off', max_parallel_workers_per_gather = '0'
 Planning:
   Buffers: shared hit=114
 Planning Time: 0.186 ms
 Execution Time: 0.351 ms
(10 rows)

