SET
SET
SET
SET
SET
                                                                       QUERY PLAN                                                                        
---------------------------------------------------------------------------------------------------------------------------------------------------------
 Index Scan using idx on public.t (actual rows=6048576.00 loops=1)
   Output: a, b
   Index Cond: ((t.a >= 15230) AND (t.a <= 6063805))
   Index Searches: 1
   Prefetch: distance=17.471 count=203458 stalls=5839755 skipped=5805 resets=0 ungets=584 forwarded=1
             histogram [2,4) => 188585, [4,8) => 1549, [8,16) => 26, [16,32) => 37, [32,64) => 81, [64,128) => 235, [128,256) => 6998, [256,512) => 5947
   Buffers: shared hit=5947564 read=111739
 Settings: enable_bitmapscan = 'off', enable_seqscan = 'off', max_parallel_workers_per_gather = '0'
 Planning:
   Buffers: shared hit=78 read=27
 Planning Time: 2.053 ms
 Execution Time: 1331.461 ms
(12 rows)

SET
SET
SET
SET
SET
                                             QUERY PLAN                                             
----------------------------------------------------------------------------------------------------
 Index Scan using idx on public.t (actual rows=6048576.00 loops=1)
   Output: a, b
   Index Cond: ((t.a >= 15230) AND (t.a <= 6063805))
   Index Searches: 1
   Buffers: shared hit=6059303
 Settings: enable_bitmapscan = 'off', enable_seqscan = 'off', max_parallel_workers_per_gather = '0'
 Planning:
   Buffers: shared hit=110
 Planning Time: 0.216 ms
 Execution Time: 894.739 ms
(10 rows)

