SET
SET
SET
SET
SET
                                                                      QUERY PLAN                                                                       
-------------------------------------------------------------------------------------------------------------------------------------------------------
 Index Scan using idx on public.t (actual rows=524288.00 loops=1)
   Output: a, b
   Index Cond: ((t.a >= 17779) AND (t.a <= 542066))
   Index Searches: 1
   Prefetch: distance=96.748 count=26983 stalls=497230 skipped=517 resets=0 ungets=597 forwarded=0
             histogram [2,4) => 16066, [4,8) => 141, [8,16) => 21, [16,32) => 40, [32,64) => 84, [64,128) => 235, [128,256) => 5088, [256,512) => 5308
   Buffers: shared hit=514849 read=10360
 Settings: enable_bitmapscan = 'off', enable_seqscan = 'off', max_parallel_workers_per_gather = '0'
 Planning:
   Buffers: shared hit=78 read=27
 Planning Time: 2.025 ms
 Execution Time: 149.761 ms
(12 rows)

SET
SET
SET
SET
SET
                                             QUERY PLAN                                             
----------------------------------------------------------------------------------------------------
 Index Scan using idx on public.t (actual rows=524288.00 loops=1)
   Output: a, b
   Index Cond: ((t.a >= 17779) AND (t.a <= 542066))
   Index Searches: 1
   Buffers: shared hit=525209
 Settings: enable_bitmapscan = 'off', enable_seqscan = 'off', max_parallel_workers_per_gather = '0'
 Planning:
   Buffers: shared hit=110
 Planning Time: 0.196 ms
 Execution Time: 77.839 ms
(10 rows)

