SET
SET
SET
SET
SET
                                                                       QUERY PLAN                                                                        
---------------------------------------------------------------------------------------------------------------------------------------------------------
 Index Scan using idx on public.t (actual rows=2048576.00 loops=1)
   Output: a, b
   Index Cond: ((t.a >= 5266) AND (t.a <= 2053841))
   Index Searches: 1
   Prefetch: distance=63.228 count=86775 stalls=1959935 skipped=2009 resets=0 ungets=367 forwarded=0
             histogram [2,4) => 63285, [4,8) => 529, [8,16) => 23, [16,32) => 36, [32,64) => 121, [64,128) => 526, [128,256) => 14057, [256,512) => 8198
   Buffers: shared hit=2013990 read=38179
 Settings: enable_bitmapscan = 'off', enable_seqscan = 'off', max_parallel_workers_per_gather = '0'
 Planning:
   Buffers: shared hit=78 read=27
 Planning Time: 1.995 ms
 Execution Time: 454.956 ms
(12 rows)

SET
SET
SET
SET
SET
                                             QUERY PLAN                                             
----------------------------------------------------------------------------------------------------
 Index Scan using idx on public.t (actual rows=2048576.00 loops=1)
   Output: a, b
   Index Cond: ((t.a >= 5266) AND (t.a <= 2053841))
   Index Searches: 1
   Buffers: shared hit=2052169
 Settings: enable_bitmapscan = 'off', enable_seqscan = 'off', max_parallel_workers_per_gather = '0'
 Planning:
   Buffers: shared hit=110
 Planning Time: 0.186 ms
 Execution Time: 312.704 ms
(10 rows)

