SET
SET
SET
SET
SET
                                                               QUERY PLAN                                                               
----------------------------------------------------------------------------------------------------------------------------------------
 Index Scan using idx on public.t (actual rows=256.00 loops=1)
   Output: a, b
   Index Cond: ((t.a >= 13000) AND (t.a <= 13255))
   Index Searches: 1
   Prefetch: distance=195.635 count=115 stalls=1 skipped=0 resets=0 ungets=36 forwarded=0
             histogram [2,4) => 2, [4,8) => 6, [8,16) => 6, [16,32) => 16, [32,64) => 3, [64,128) => 2, [128,256) => 2, [256,512) => 78
   Buffers: shared hit=52 read=211
 Settings: enable_bitmapscan = 'off', enable_seqscan = 'off', max_parallel_workers_per_gather = '0'
 Planning:
   Buffers: shared hit=82 read=27
 Planning Time: 1.343 ms
 Execution Time: 10.763 ms
(12 rows)

SET
SET
SET
SET
SET
                                             QUERY PLAN                                             
----------------------------------------------------------------------------------------------------
 Index Scan using idx on public.t (actual rows=256.00 loops=1)
   Output: a, b
   Index Cond: ((t.a >= 13000) AND (t.a <= 13255))
   Index Searches: 1
   Buffers: shared hit=263
 Settings: enable_bitmapscan = 'off', enable_seqscan = 'off', max_parallel_workers_per_gather = '0'
 Planning:
   Buffers: shared hit=114
 Planning Time: 0.171 ms
 Execution Time: 0.141 ms
(10 rows)

