SET
SET
SET
SET
SET
                                                                 QUERY PLAN                                                                 
--------------------------------------------------------------------------------------------------------------------------------------------
 Index Scan using idx on public.t (actual rows=2048.00 loops=1)
   Output: a, b
   Index Cond: ((t.a >= 1676) AND (t.a <= 3723))
   Index Searches: 1
   Prefetch: distance=262.996 count=2259 stalls=1 skipped=10 resets=0 ungets=376 forwarded=0
             histogram [2,4) => 2, [4,8) => 8, [8,16) => 8, [16,32) => 9, [32,64) => 11, [64,128) => 2, [128,256) => 142, [256,512) => 2077
   Buffers: shared hit=1520 read=530
 Settings: enable_bitmapscan = 'off', enable_seqscan = 'off', max_parallel_workers_per_gather = '0'
 Planning:
   Buffers: shared hit=82 read=27
 Planning Time: 2.013 ms
 Execution Time: 11.742 ms
(12 rows)

SET
SET
SET
SET
SET
                                             QUERY PLAN                                             
----------------------------------------------------------------------------------------------------
 Index Scan using idx on public.t (actual rows=2048.00 loops=1)
   Output: a, b
   Index Cond: ((t.a >= 1676) AND (t.a <= 3723))
   Index Searches: 1
   Buffers: shared hit=2050
 Settings: enable_bitmapscan = 'off', enable_seqscan = 'off', max_parallel_workers_per_gather = '0'
 Planning:
   Buffers: shared hit=114
 Planning Time: 0.135 ms
 Execution Time: 0.362 ms
(10 rows)

