SET
SET
SET
SET
SET
                                                                QUERY PLAN                                                                
------------------------------------------------------------------------------------------------------------------------------------------
 Index Scan using idx on public.t (actual rows=512.00 loops=1)
   Output: a, b
   Index Cond: ((t.a >= 2999) AND (t.a <= 3510))
   Index Searches: 1
   Prefetch: distance=227.961 count=281 stalls=3 skipped=5 resets=0 ungets=72 forwarded=0
             histogram [2,4) => 10, [4,8) => 7, [8,16) => 6, [16,32) => 18, [32,64) => 5, [64,128) => 2, [128,256) => 2, [256,512) => 231
   Buffers: shared hit=207 read=306
 Settings: enable_bitmapscan = 'off', enable_seqscan = 'off', max_parallel_workers_per_gather = '0'
 Planning:
   Buffers: shared hit=82 read=27
 Planning Time: 1.356 ms
 Execution Time: 9.242 ms
(12 rows)

SET
SET
SET
SET
SET
                                             QUERY PLAN                                             
----------------------------------------------------------------------------------------------------
 Index Scan using idx on public.t (actual rows=512.00 loops=1)
   Output: a, b
   Index Cond: ((t.a >= 2999) AND (t.a <= 3510))
   Index Searches: 1
   Buffers: shared hit=513
 Settings: enable_bitmapscan = 'off', enable_seqscan = 'off', max_parallel_workers_per_gather = '0'
 Planning:
   Buffers: shared hit=114
 Planning Time: 0.137 ms
 Execution Time: 0.188 ms
(10 rows)

