SET
SET
SET
SET
SET
                                                               QUERY PLAN                                                                
-----------------------------------------------------------------------------------------------------------------------------------------
 Index Scan using idx on public.t (actual rows=1024.00 loops=1)
   Output: a, b
   Index Cond: ((t.a >= 15660) AND (t.a <= 16683))
   Index Searches: 1
   Prefetch: distance=265.859 count=1387 stalls=1 skipped=2 resets=0 ungets=444 forwarded=1
             histogram [2,4) => 2, [4,8) => 6, [8,16) => 7, [16,32) => 8, [32,64) => 2, [64,128) => 2, [128,256) => 4, [256,512) => 1356
   Buffers: shared hit=493 read=538
 Settings: enable_bitmapscan = 'off', enable_seqscan = 'off', max_parallel_workers_per_gather = '0'
 Planning:
   Buffers: shared hit=82 read=27
 Planning Time: 2.053 ms
 Execution Time: 9.159 ms
(12 rows)

SET
SET
SET
SET
SET
                                             QUERY PLAN                                             
----------------------------------------------------------------------------------------------------
 Index Scan using idx on public.t (actual rows=1024.00 loops=1)
   Output: a, b
   Index Cond: ((t.a >= 15660) AND (t.a <= 16683))
   Index Searches: 1
   Buffers: shared hit=1031
 Settings: enable_bitmapscan = 'off', enable_seqscan = 'off', max_parallel_workers_per_gather = '0'
 Planning:
   Buffers: shared hit=114
 Planning Time: 0.203 ms
 Execution Time: 0.586 ms
(10 rows)

