SET
SET
SET
SET
SET
                                                                       QUERY PLAN                                                                       
--------------------------------------------------------------------------------------------------------------------------------------------------------
 Index Scan using idx on public.t (actual rows=1048576.00 loops=1)
   Output: a, b
   Index Cond: ((t.a >= 32171) AND (t.a <= 1080746))
   Index Searches: 1
   Prefetch: distance=73.866 count=46525 stalls=1001808 skipped=1014 resets=0 ungets=808 forwarded=1
             histogram [2,4) => 32356, [4,8) => 260, [8,16) => 13, [16,32) => 44, [32,64) => 143, [64,128) => 139, [128,256) => 6653, [256,512) => 6917
   Buffers: shared hit=1030309 read=20124
 Settings: enable_bitmapscan = 'off', enable_seqscan = 'off', max_parallel_workers_per_gather = '0'
 Planning:
   Buffers: shared hit=78 read=27
 Planning Time: 2.013 ms
 Execution Time: 327.166 ms
(12 rows)

SET
SET
SET
SET
SET
                                             QUERY PLAN                                             
----------------------------------------------------------------------------------------------------
 Index Scan using idx on public.t (actual rows=1048576.00 loops=1)
   Output: a, b
   Index Cond: ((t.a >= 32171) AND (t.a <= 1080746))
   Index Searches: 1
   Buffers: shared hit=1050433
 Settings: enable_bitmapscan = 'off', enable_seqscan = 'off', max_parallel_workers_per_gather = '0'
 Planning:
   Buffers: shared hit=110
 Planning Time: 0.189 ms
 Execution Time: 155.755 ms
(10 rows)

