SET
SET
SET
SET
SET
                                                                      QUERY PLAN                                                                       
-------------------------------------------------------------------------------------------------------------------------------------------------------
 Index Scan using idx on public.t (actual rows=65536.00 loops=1)
   Output: a, b
   Index Cond: ((t.a >= 26063) AND (t.a <= 91598))
   Index Searches: 1
   Prefetch: distance=220.725 count=21002 stalls=44770 skipped=54 resets=0 ungets=579 forwarded=1
             histogram [2,4) => 1448, [4,8) => 21, [8,16) => 16, [16,32) => 47, [32,64) => 151, [64,128) => 245, [128,256) => 11278, [256,512) => 7796
   Buffers: shared hit=63639 read=2028
 Settings: enable_bitmapscan = 'off', enable_seqscan = 'off', max_parallel_workers_per_gather = '0'
 Planning:
   Buffers: shared hit=82 read=27
 Planning Time: 2.028 ms
 Execution Time: 41.280 ms
(12 rows)

SET
SET
SET
SET
SET
                                             QUERY PLAN                                             
----------------------------------------------------------------------------------------------------
 Index Scan using idx on public.t (actual rows=65536.00 loops=1)
   Output: a, b
   Index Cond: ((t.a >= 26063) AND (t.a <= 91598))
   Index Searches: 1
   Buffers: shared hit=65667
 Settings: enable_bitmapscan = 'off', enable_seqscan = 'off', max_parallel_workers_per_gather = '0'
 Planning:
   Buffers: shared hit=114
 Planning Time: 0.186 ms
 Execution Time: 6.469 ms
(10 rows)

