SET
SET
SET
SET
SET
                                                                        QUERY PLAN                                                                        
----------------------------------------------------------------------------------------------------------------------------------------------------------
 Index Scan using idx on public.t (actual rows=8048576.00 loops=1)
   Output: a, b
   Index Cond: ((t.a >= 32710) AND (t.a <= 8081285))
   Index Searches: 1
   Prefetch: distance=13.774 count=266136 stalls=7775178 skipped=7699 resets=0 ungets=667 forwarded=1
             histogram [2,4) => 251086, [4,8) => 2011, [8,16) => 18, [16,32) => 44, [32,64) => 144, [64,128) => 136, [128,256) => 6213, [256,512) => 6484
   Buffers: shared hit=7914245 read=148629
 Settings: enable_bitmapscan = 'off', enable_seqscan = 'off', max_parallel_workers_per_gather = '0'
 Planning:
   Buffers: shared hit=78 read=27
 Planning Time: 2.027 ms
 Execution Time: 1737.234 ms
(12 rows)

SET
SET
SET
SET
SET
                                             QUERY PLAN                                             
----------------------------------------------------------------------------------------------------
 Index Scan using idx on public.t (actual rows=8048576.00 loops=1)
   Output: a, b
   Index Cond: ((t.a >= 32710) AND (t.a <= 8081285))
   Index Searches: 1
   Buffers: shared hit=8062874
 Settings: enable_bitmapscan = 'off', enable_seqscan = 'off', max_parallel_workers_per_gather = '0'
 Planning:
   Buffers: shared hit=110
 Planning Time: 0.214 ms
 Execution Time: 1191.653 ms
(10 rows)

