SET
SET
SET
SET
SET
                                                                 QUERY PLAN                                                                 
--------------------------------------------------------------------------------------------------------------------------------------------
 Index Scan Backward using idx on public.t (actual rows=256.00 loops=1)
   Output: a, b
   Index Cond: ((t.a >= '-25746'::integer) AND (t.a <= '-25683'::integer))
   Index Searches: 1
   Prefetch: distance=60.562 count=130 stalls=18 skipped=1 resets=0 ungets=4 forwarded=0
             histogram [2,4) => 28, [4,8) => 8, [8,16) => 11, [16,32) => 21, [32,64) => 28, [64,128) => 16, [128,256) => 7, [256,512) => 11
   Buffers: shared hit=160 read=101
 Settings: enable_bitmapscan = 'off', enable_seqscan = 'off', max_parallel_workers_per_gather = '0'
 Planning:
   Buffers: shared hit=82 read=26
 Planning Time: 1.304 ms
 Execution Time: 6.050 ms
(12 rows)

SET
SET
SET
SET
SET
                                             QUERY PLAN                                             
----------------------------------------------------------------------------------------------------
 Index Scan Backward using idx on public.t (actual rows=256.00 loops=1)
   Output: a, b
   Index Cond: ((t.a >= '-25746'::integer) AND (t.a <= '-25683'::integer))
   Index Searches: 1
   Buffers: shared hit=261
 Settings: enable_bitmapscan = 'off', enable_seqscan = 'off', max_parallel_workers_per_gather = '0'
 Planning:
   Buffers: shared hit=113
 Planning Time: 0.199 ms
 Execution Time: 0.171 ms
(10 rows)

