SET
SET
SET
SET
SET
                                             QUERY PLAN                                             
----------------------------------------------------------------------------------------------------
 Index Scan Backward using idx on public.t (actual rows=512.00 loops=1)
   Output: a, b
   Index Cond: ((t.a >= '-6712'::integer) AND (t.a <= '-6585'::integer))
   Index Searches: 1
   Prefetch: distance=12.472 count=159 stalls=223 skipped=3 resets=0 ungets=0 forwarded=0
             histogram [2,4) => 38, [4,8) => 25, [8,16) => 36, [16,32) => 57, [32,64) => 3
   Buffers: shared hit=401 read=112
 Settings: enable_bitmapscan = 'off', enable_seqscan = 'off', max_parallel_workers_per_gather = '0'
 Planning:
   Buffers: shared hit=82 read=26
 Planning Time: 1.662 ms
 Execution Time: 6.880 ms
(12 rows)

SET
SET
SET
SET
SET
                                             QUERY PLAN                                             
----------------------------------------------------------------------------------------------------
 Index Scan Backward using idx on public.t (actual rows=512.00 loops=1)
   Output: a, b
   Index Cond: ((t.a >= '-6712'::integer) AND (t.a <= '-6585'::integer))
   Index Searches: 1
   Buffers: shared hit=513
 Settings: enable_bitmapscan = 'off', enable_seqscan = 'off', max_parallel_workers_per_gather = '0'
 Planning:
   Buffers: shared hit=113
 Planning Time: 0.231 ms
 Execution Time: 0.242 ms
(10 rows)

