SET
SET
SET
SET
SET
                                                                 QUERY PLAN                                                                  
---------------------------------------------------------------------------------------------------------------------------------------------
 Index Scan Backward using idx on public.t (actual rows=2048.00 loops=1)
   Output: a, b
   Index Cond: ((t.a >= '-14373'::integer) AND (t.a <= '-13862'::integer))
   Index Searches: 1
   Prefetch: distance=259.220 count=2217 stalls=1 skipped=20 resets=0 ungets=233 forwarded=0
             histogram [2,4) => 4, [4,8) => 7, [8,16) => 7, [16,32) => 12, [32,64) => 15, [64,128) => 2, [128,256) => 318, [256,512) => 1852
   Buffers: shared hit=1849 read=189
 Settings: enable_bitmapscan = 'off', enable_seqscan = 'off', max_parallel_workers_per_gather = '0'
 Planning:
   Buffers: shared hit=82 read=26
 Planning Time: 1.921 ms
 Execution Time: 6.747 ms
(12 rows)

SET
SET
SET
SET
SET
                                             QUERY PLAN                                             
----------------------------------------------------------------------------------------------------
 Index Scan Backward using idx on public.t (actual rows=2048.00 loops=1)
   Output: a, b
   Index Cond: ((t.a >= '-14373'::integer) AND (t.a <= '-13862'::integer))
   Index Searches: 1
   Buffers: shared hit=2038
 Settings: enable_bitmapscan = 'off', enable_seqscan = 'off', max_parallel_workers_per_gather = '0'
 Planning:
   Buffers: shared hit=113
 Planning Time: 0.177 ms
 Execution Time: 0.290 ms
(10 rows)

