SET
SET
SET
SET
SET
                                                                QUERY PLAN                                                                 
-------------------------------------------------------------------------------------------------------------------------------------------
 Index Scan Backward using idx on public.t (actual rows=512.00 loops=1)
   Output: a, b
   Index Cond: ((t.a >= 21447) AND (t.a <= 21958))
   Index Searches: 1
   Prefetch: distance=216.010 count=207 stalls=1 skipped=1 resets=0 ungets=60 forwarded=0
             histogram [2,4) => 4, [4,8) => 4, [8,16) => 10, [16,32) => 10, [32,64) => 13, [64,128) => 3, [128,256) => 5, [256,512) => 158
   Buffers: shared hit=142 read=376
 Settings: enable_bitmapscan = 'off', enable_seqscan = 'off', max_parallel_workers_per_gather = '0'
 Planning:
   Buffers: shared hit=86 read=27
 Planning Time: 1.353 ms
 Execution Time: 20.200 ms
(12 rows)

SET
SET
SET
SET
SET
                                             QUERY PLAN                                             
----------------------------------------------------------------------------------------------------
 Index Scan Backward using idx on public.t (actual rows=512.00 loops=1)
   Output: a, b
   Index Cond: ((t.a >= 21447) AND (t.a <= 21958))
   Index Searches: 1
   Buffers: shared hit=518
 Settings: enable_bitmapscan = 'off', enable_seqscan = 'off', max_parallel_workers_per_gather = '0'
 Planning:
   Buffers: shared hit=118
 Planning Time: 0.200 ms
 Execution Time: 0.408 ms
(10 rows)

