SET
SET
SET
SET
SET
                                                                QUERY PLAN                                                                 
-------------------------------------------------------------------------------------------------------------------------------------------
 Index Scan Backward using idx on public.t (actual rows=4096.00 loops=1)
   Output: a, b
   Index Cond: ((t.a >= 32006) AND (t.a <= 36101))
   Index Searches: 1
   Prefetch: distance=263.486 count=4510 stalls=1 skipped=2 resets=0 ungets=649 forwarded=0
             histogram [2,4) => 2, [4,8) => 5, [8,16) => 9, [16,32) => 9, [32,64) => 3, [64,128) => 2, [128,256) => 619, [256,512) => 3861
   Buffers: shared hit=3172 read=939
 Settings: enable_bitmapscan = 'off', enable_seqscan = 'off', max_parallel_workers_per_gather = '0'
 Planning:
   Buffers: shared hit=86 read=27
 Planning Time: 2.044 ms
 Execution Time: 20.415 ms
(12 rows)

SET
SET
SET
SET
SET
                                             QUERY PLAN                                             
----------------------------------------------------------------------------------------------------
 Index Scan Backward using idx on public.t (actual rows=4096.00 loops=1)
   Output: a, b
   Index Cond: ((t.a >= 32006) AND (t.a <= 36101))
   Index Searches: 1
   Buffers: shared hit=4111
 Settings: enable_bitmapscan = 'off', enable_seqscan = 'off', max_parallel_workers_per_gather = '0'
 Planning:
   Buffers: shared hit=118
 Planning Time: 0.210 ms
 Execution Time: 1.292 ms
(10 rows)

