SET
SET
SET
SET
SET
                                             QUERY PLAN                                             
----------------------------------------------------------------------------------------------------
 Index Scan Backward using idx on public.t (actual rows=8192.00 loops=1)
   Output: a, b
   Index Cond: ((t.a >= '-21504'::integer) AND (t.a <= '-19457'::integer))
   Index Searches: 1
   Prefetch: distance=2.084 count=749 stalls=6822 skipped=110 resets=0 ungets=0 forwarded=0
             histogram [2,4) => 728, [4,8) => 21
   Buffers: shared hit=7602 read=492
 Settings: enable_bitmapscan = 'off', enable_seqscan = 'off', max_parallel_workers_per_gather = '0'
 Planning:
   Buffers: shared hit=82 read=26
 Planning Time: 1.885 ms
 Execution Time: 34.296 ms
(12 rows)

SET
SET
SET
SET
SET
                                             QUERY PLAN                                             
----------------------------------------------------------------------------------------------------
 Index Scan Backward using idx on public.t (actual rows=8192.00 loops=1)
   Output: a, b
   Index Cond: ((t.a >= '-21504'::integer) AND (t.a <= '-19457'::integer))
   Index Searches: 1
   Buffers: shared hit=8094
 Settings: enable_bitmapscan = 'off', enable_seqscan = 'off', max_parallel_workers_per_gather = '0'
 Planning:
   Buffers: shared hit=113
 Planning Time: 0.204 ms
 Execution Time: 1.517 ms
(10 rows)

