SET
SET
SET
SET
SET
                                                                        QUERY PLAN                                                                         
-----------------------------------------------------------------------------------------------------------------------------------------------------------
 Index Scan Backward using idx on public.t (actual rows=5048576.00 loops=1)
   Output: a, b
   Index Cond: ((t.a >= 14784) AND (t.a <= 5063359))
   Index Searches: 1
   Prefetch: distance=34.584 count=182875 stalls=4861629 skipped=4845 resets=0 ungets=887 forwarded=2
             histogram [2,4) => 156397, [4,8) => 1317, [8,16) => 15, [16,32) => 26, [32,64) => 60, [64,128) => 276, [128,256) => 14467, [256,512) => 10317
   Buffers: shared hit=4964149 read=93382
 Settings: enable_bitmapscan = 'off', enable_seqscan = 'off', max_parallel_workers_per_gather = '0'
 Planning:
   Buffers: shared hit=82 read=27
 Planning Time: 2.067 ms
 Execution Time: 6218.697 ms
(12 rows)

SET
SET
SET
SET
SET
                                             QUERY PLAN                                             
----------------------------------------------------------------------------------------------------
 Index Scan Backward using idx on public.t (actual rows=5048576.00 loops=1)
   Output: a, b
   Index Cond: ((t.a >= 14784) AND (t.a <= 5063359))
   Index Searches: 1
   Buffers: shared hit=5057531
 Settings: enable_bitmapscan = 'off', enable_seqscan = 'off', max_parallel_workers_per_gather = '0'
 Planning:
   Buffers: shared hit=114
 Planning Time: 0.221 ms
 Execution Time: 742.850 ms
(10 rows)

