SET
SET
SET
SET
SET
                                                                     QUERY PLAN                                                                     
----------------------------------------------------------------------------------------------------------------------------------------------------
 Index Scan Backward using idx on public.t (actual rows=32768.00 loops=1)
   Output: a, b
   Index Cond: ((t.a >= 21023) AND (t.a <= 53790))
   Index Searches: 1
   Prefetch: distance=235.094 count=11316 stalls=21727 skipped=38 resets=0 ungets=666 forwarded=2
             histogram [2,4) => 362, [4,8) => 12, [8,16) => 15, [16,32) => 27, [32,64) => 53, [64,128) => 129, [128,256) => 5114, [256,512) => 5604
   Buffers: shared hit=31448 read=1377
 Settings: enable_bitmapscan = 'off', enable_seqscan = 'off', max_parallel_workers_per_gather = '0'
 Planning:
   Buffers: shared hit=86 read=27
 Planning Time: 2.042 ms
 Execution Time: 48.967 ms
(12 rows)

SET
SET
SET
SET
SET
                                             QUERY PLAN                                             
----------------------------------------------------------------------------------------------------
 Index Scan Backward using idx on public.t (actual rows=32768.00 loops=1)
   Output: a, b
   Index Cond: ((t.a >= 21023) AND (t.a <= 53790))
   Index Searches: 1
   Buffers: shared hit=32825
 Settings: enable_bitmapscan = 'off', enable_seqscan = 'off', max_parallel_workers_per_gather = '0'
 Planning:
   Buffers: shared hit=118
 Planning Time: 0.201 ms
 Execution Time: 5.633 ms
(10 rows)

