SET
SET
SET
SET
SET
                                                                      QUERY PLAN                                                                       
-------------------------------------------------------------------------------------------------------------------------------------------------------
 Index Scan Backward using idx on public.t (actual rows=262144.00 loops=1)
   Output: a, b
   Index Cond: ((t.a >= 22679) AND (t.a <= 284822))
   Index Searches: 1
   Prefetch: distance=189.604 count=32921 stalls=229829 skipped=261 resets=0 ungets=940 forwarded=0
             histogram [2,4) => 7008, [4,8) => 61, [8,16) => 17, [16,32) => 21, [32,64) => 36, [64,128) => 258, [128,256) => 14621, [256,512) => 10899
   Buffers: shared hit=256997 read=5609
 Settings: enable_bitmapscan = 'off', enable_seqscan = 'off', max_parallel_workers_per_gather = '0'
 Planning:
   Buffers: shared hit=82 read=27
 Planning Time: 2.013 ms
 Execution Time: 302.629 ms
(12 rows)

SET
SET
SET
SET
SET
                                             QUERY PLAN                                             
----------------------------------------------------------------------------------------------------
 Index Scan Backward using idx on public.t (actual rows=262144.00 loops=1)
   Output: a, b
   Index Cond: ((t.a >= 22679) AND (t.a <= 284822))
   Index Searches: 1
   Buffers: shared hit=262606
 Settings: enable_bitmapscan = 'off', enable_seqscan = 'off', max_parallel_workers_per_gather = '0'
 Planning:
   Buffers: shared hit=114
 Planning Time: 0.181 ms
 Execution Time: 36.588 ms
(10 rows)

