SET
SET
SET
SET
SET
                                                                     QUERY PLAN                                                                     
----------------------------------------------------------------------------------------------------------------------------------------------------
 Index Scan Backward using idx on public.t (actual rows=131072.00 loops=1)
   Output: a, b
   Index Cond: ((t.a >= 10127) AND (t.a <= 141198))
   Index Searches: 1
   Prefetch: distance=188.389 count=12857 stalls=118533 skipped=136 resets=0 ungets=741 forwarded=1
             histogram [2,4) => 3120, [4,8) => 31, [8,16) => 19, [16,32) => 24, [32,64) => 34, [64,128) => 81, [128,256) => 3679, [256,512) => 5869
   Buffers: shared hit=128252 read=3048
 Settings: enable_bitmapscan = 'off', enable_seqscan = 'off', max_parallel_workers_per_gather = '0'
 Planning:
   Buffers: shared hit=82 read=27
 Planning Time: 2.045 ms
 Execution Time: 170.404 ms
(12 rows)

SET
SET
SET
SET
SET
                                             QUERY PLAN                                             
----------------------------------------------------------------------------------------------------
 Index Scan Backward using idx on public.t (actual rows=131072.00 loops=1)
   Output: a, b
   Index Cond: ((t.a >= 10127) AND (t.a <= 141198))
   Index Searches: 1
   Buffers: shared hit=131300
 Settings: enable_bitmapscan = 'off', enable_seqscan = 'off', max_parallel_workers_per_gather = '0'
 Planning:
   Buffers: shared hit=114
 Planning Time: 0.213 ms
 Execution Time: 19.718 ms
(10 rows)

