SET
SET
SET
SET
SET
                                                                       QUERY PLAN                                                                       
--------------------------------------------------------------------------------------------------------------------------------------------------------
 Index Scan Backward using idx on public.t (actual rows=6048576.00 loops=1)
   Output: a, b
   Index Cond: ((t.a >= 17066) AND (t.a <= 6065641))
   Index Searches: 1
   Prefetch: distance=16.767 count=201842 stalls=5841380 skipped=5802 resets=0 ungets=736 forwarded=3
             histogram [2,4) => 188091, [4,8) => 1588, [8,16) => 32, [16,32) => 25, [32,64) => 39, [64,128) => 85, [128,256) => 5420, [256,512) => 6562
   Buffers: shared hit=5947542 read=111764
 Settings: enable_bitmapscan = 'off', enable_seqscan = 'off', max_parallel_workers_per_gather = '0'
 Planning:
   Buffers: shared hit=82 read=27
 Planning Time: 2.032 ms
 Execution Time: 7441.063 ms
(12 rows)

SET
SET
SET
SET
SET
                                             QUERY PLAN                                             
----------------------------------------------------------------------------------------------------
 Index Scan Backward using idx on public.t (actual rows=6048576.00 loops=1)
   Output: a, b
   Index Cond: ((t.a >= 17066) AND (t.a <= 6065641))
   Index Searches: 1
   Buffers: shared hit=6059306
 Settings: enable_bitmapscan = 'off', enable_seqscan = 'off', max_parallel_workers_per_gather = '0'
 Planning:
   Buffers: shared hit=114
 Planning Time: 0.237 ms
 Execution Time: 892.406 ms
(10 rows)

