SET
SET
SET
SET
SET
                                                                         QUERY PLAN                                                                          
-------------------------------------------------------------------------------------------------------------------------------------------------------------
 Index Scan Backward using idx on public.t (actual rows=9048576.00 loops=1)
   Output: a, b
   Index Cond: ((t.a >= 23535) AND (t.a <= 9072110))
   Index Searches: 1
   Prefetch: distance=52.162 count=360190 stalls=8680641 skipped=8616 resets=0 ungets=938 forwarded=5
             histogram [2,4) => 279908, [4,8) => 2352, [8,16) => 19, [16,32) => 25, [32,64) => 112, [64,128) => 1217, [128,256) => 51237, [256,512) => 25320
   Buffers: shared hit=8897789 read=166900
 Settings: enable_bitmapscan = 'off', enable_seqscan = 'off', max_parallel_workers_per_gather = '0'
 Planning:
   Buffers: shared hit=82 read=27
 Planning Time: 2.050 ms
 Execution Time: 11003.179 ms
(12 rows)

SET
SET
SET
SET
SET
                                             QUERY PLAN                                             
----------------------------------------------------------------------------------------------------
 Index Scan Backward using idx on public.t (actual rows=9048576.00 loops=1)
   Output: a, b
   Index Cond: ((t.a >= 23535) AND (t.a <= 9072110))
   Index Searches: 1
   Buffers: shared hit=9064689
 Settings: enable_bitmapscan = 'off', enable_seqscan = 'off', max_parallel_workers_per_gather = '0'
 Planning:
   Buffers: shared hit=114
 Planning Time: 0.243 ms
 Execution Time: 1332.794 ms
(10 rows)

