SET
SET
SET
SET
SET
                                                                         QUERY PLAN                                                                          
-------------------------------------------------------------------------------------------------------------------------------------------------------------
 Index Scan Backward using idx on public.t (actual rows=8048576.00 loops=1)
   Output: a, b
   Index Cond: ((t.a >= 22498) AND (t.a <= 8071073))
   Index Searches: 1
   Prefetch: distance=38.759 count=299020 stalls=7742778 skipped=7704 resets=0 ungets=966 forwarded=3
             histogram [2,4) => 249608, [4,8) => 2116, [8,16) => 15, [16,32) => 25, [32,64) => 192, [64,128) => 1175, [128,256) => 29021, [256,512) => 16868
   Buffers: shared hit=7914329 read=148540
 Settings: enable_bitmapscan = 'off', enable_seqscan = 'off', max_parallel_workers_per_gather = '0'
 Planning:
   Buffers: shared hit=82 read=27
 Planning Time: 2.195 ms
 Execution Time: 9810.904 ms
(12 rows)

SET
SET
SET
SET
SET
                                             QUERY PLAN                                             
----------------------------------------------------------------------------------------------------
 Index Scan Backward using idx on public.t (actual rows=8048576.00 loops=1)
   Output: a, b
   Index Cond: ((t.a >= 22498) AND (t.a <= 8071073))
   Index Searches: 1
   Buffers: shared hit=8062869
 Settings: enable_bitmapscan = 'off', enable_seqscan = 'off', max_parallel_workers_per_gather = '0'
 Planning:
   Buffers: shared hit=114
 Planning Time: 0.224 ms
 Execution Time: 1187.617 ms
(10 rows)

