SET
SET
SET
SET
SET
                                                                      QUERY PLAN                                                                       
-------------------------------------------------------------------------------------------------------------------------------------------------------
 Index Scan Backward using idx on public.t (actual rows=131072.00 loops=1)
   Output: a, b
   Index Cond: ((t.a >= 28677) AND (t.a <= 159748))
   Index Searches: 1
   Prefetch: distance=216.342 count=31426 stalls=100194 skipped=118 resets=0 ungets=837 forwarded=0
             histogram [2,4) => 2938, [4,8) => 30, [8,16) => 15, [16,32) => 27, [32,64) => 34, [64,128) => 336, [128,256) => 16526, [256,512) => 11520
   Buffers: shared hit=128066 read=3251
 Settings: enable_bitmapscan = 'off', enable_seqscan = 'off', max_parallel_workers_per_gather = '0'
 Planning:
   Buffers: shared hit=82 read=27
 Planning Time: 2.022 ms
 Execution Time: 159.414 ms
(12 rows)

SET
SET
SET
SET
SET
                                             QUERY PLAN                                             
----------------------------------------------------------------------------------------------------
 Index Scan Backward using idx on public.t (actual rows=131072.00 loops=1)
   Output: a, b
   Index Cond: ((t.a >= 28677) AND (t.a <= 159748))
   Index Searches: 1
   Buffers: shared hit=131317
 Settings: enable_bitmapscan = 'off', enable_seqscan = 'off', max_parallel_workers_per_gather = '0'
 Planning:
   Buffers: shared hit=114
 Planning Time: 0.192 ms
 Execution Time: 17.851 ms
(10 rows)

