SET
SET
SET
SET
SET
                                                                 QUERY PLAN                                                                  
---------------------------------------------------------------------------------------------------------------------------------------------
 Index Scan Backward using idx on public.t (actual rows=2048.00 loops=1)
   Output: a, b
   Index Cond: ((t.a >= 6) AND (t.a <= 2053))
   Index Searches: 1
   Prefetch: distance=261.062 count=2134 stalls=1 skipped=10 resets=0 ungets=319 forwarded=0
             histogram [2,4) => 2, [4,8) => 5, [8,16) => 12, [16,32) => 11, [32,64) => 9, [64,128) => 2, [128,256) => 242, [256,512) => 1851
   Buffers: shared hit=1537 read=512
 Settings: enable_bitmapscan = 'off', enable_seqscan = 'off', max_parallel_workers_per_gather = '0'
 Planning:
   Buffers: shared hit=86 read=27
 Planning Time: 2.061 ms
 Execution Time: 14.046 ms
(12 rows)

SET
SET
SET
SET
SET
                                             QUERY PLAN                                             
----------------------------------------------------------------------------------------------------
 Index Scan Backward using idx on public.t (actual rows=2048.00 loops=1)
   Output: a, b
   Index Cond: ((t.a >= 6) AND (t.a <= 2053))
   Index Searches: 1
   Buffers: shared hit=2049
 Settings: enable_bitmapscan = 'off', enable_seqscan = 'off', max_parallel_workers_per_gather = '0'
 Planning:
   Buffers: shared hit=118
 Planning Time: 0.166 ms
 Execution Time: 0.392 ms
(10 rows)

