SET
SET
SET
SET
SET
                                                                     QUERY PLAN                                                                      
-----------------------------------------------------------------------------------------------------------------------------------------------------
 Index Scan Backward using idx on public.t (actual rows=32768.00 loops=1)
   Output: a, b
   Index Cond: ((t.a >= 28443) AND (t.a <= 61210))
   Index Searches: 1
   Prefetch: distance=231.297 count=19164 stalls=14404 skipped=37 resets=0 ungets=924 forwarded=2
             histogram [2,4) => 272, [4,8) => 10, [8,16) => 18, [16,32) => 23, [32,64) => 51, [64,128) => 429, [128,256) => 10470, [256,512) => 7891
   Buffers: shared hit=31383 read=1444
 Settings: enable_bitmapscan = 'off', enable_seqscan = 'off', max_parallel_workers_per_gather = '0'
 Planning:
   Buffers: shared hit=86 read=27
 Planning Time: 2.043 ms
 Execution Time: 35.400 ms
(12 rows)

SET
SET
SET
SET
SET
                                             QUERY PLAN                                             
----------------------------------------------------------------------------------------------------
 Index Scan Backward using idx on public.t (actual rows=32768.00 loops=1)
   Output: a, b
   Index Cond: ((t.a >= 28443) AND (t.a <= 61210))
   Index Searches: 1
   Buffers: shared hit=32827
 Settings: enable_bitmapscan = 'off', enable_seqscan = 'off', max_parallel_workers_per_gather = '0'
 Planning:
   Buffers: shared hit=118
 Planning Time: 0.207 ms
 Execution Time: 6.004 ms
(10 rows)

