SET
SET
SET
SET
SET
                                                                       QUERY PLAN                                                                        
---------------------------------------------------------------------------------------------------------------------------------------------------------
 Index Scan Backward using idx on public.t (actual rows=1048576.00 loops=1)
   Output: a, b
   Index Cond: ((t.a >= 10077) AND (t.a <= 1058652))
   Index Searches: 1
   Prefetch: distance=130.544 count=69174 stalls=979008 skipped=1028 resets=0 ungets=813 forwarded=0
             histogram [2,4) => 30901, [4,8) => 270, [8,16) => 17, [16,32) => 35, [32,64) => 79, [64,128) => 666, [128,256) => 23032, [256,512) => 14174
   Buffers: shared hit=1030531 read=19888
 Settings: enable_bitmapscan = 'off', enable_seqscan = 'off', max_parallel_workers_per_gather = '0'
 Planning:
   Buffers: shared hit=82 read=27
 Planning Time: 2.119 ms
 Execution Time: 1252.174 ms
(12 rows)

SET
SET
SET
SET
SET
                                             QUERY PLAN                                             
----------------------------------------------------------------------------------------------------
 Index Scan Backward using idx on public.t (actual rows=1048576.00 loops=1)
   Output: a, b
   Index Cond: ((t.a >= 10077) AND (t.a <= 1058652))
   Index Searches: 1
   Buffers: shared hit=1050419
 Settings: enable_bitmapscan = 'off', enable_seqscan = 'off', max_parallel_workers_per_gather = '0'
 Planning:
   Buffers: shared hit=114
 Planning Time: 0.190 ms
 Execution Time: 155.790 ms
(10 rows)

