SET
SET
SET
SET
SET
                                                                      QUERY PLAN                                                                      
------------------------------------------------------------------------------------------------------------------------------------------------------
 Index Scan Backward using idx on public.t (actual rows=262144.00 loops=1)
   Output: a, b
   Index Cond: ((t.a >= 16665) AND (t.a <= 278808))
   Index Searches: 1
   Prefetch: distance=177.530 count=26586 stalls=235750 skipped=272 resets=0 ungets=745 forwarded=1
             histogram [2,4) => 7070, [4,8) => 60, [8,16) => 16, [16,32) => 30, [32,64) => 35, [64,128) => 229, [128,256) => 10479, [256,512) => 8667
   Buffers: shared hit=257056 read=5537
 Settings: enable_bitmapscan = 'off', enable_seqscan = 'off', max_parallel_workers_per_gather = '0'
 Planning:
   Buffers: shared hit=82 read=27
 Planning Time: 2.066 ms
 Execution Time: 311.556 ms
(12 rows)

SET
SET
SET
SET
SET
                                             QUERY PLAN                                             
----------------------------------------------------------------------------------------------------
 Index Scan Backward using idx on public.t (actual rows=262144.00 loops=1)
   Output: a, b
   Index Cond: ((t.a >= 16665) AND (t.a <= 278808))
   Index Searches: 1
   Buffers: shared hit=262593
 Settings: enable_bitmapscan = 'off', enable_seqscan = 'off', max_parallel_workers_per_gather = '0'
 Planning:
   Buffers: shared hit=114
 Planning Time: 0.184 ms
 Execution Time: 35.552 ms
(10 rows)

