SET
SET
SET
SET
SET
                                                                        QUERY PLAN                                                                         
-----------------------------------------------------------------------------------------------------------------------------------------------------------
 Index Scan Backward using idx on public.t (actual rows=524288.00 loops=1)
   Output: a, b
   Index Cond: ((t.a >= 12068) AND (t.a <= 536355))
   Index Searches: 1
   Prefetch: distance=192.278 count=76921 stalls=447516 skipped=526 resets=0 ungets=839 forwarded=1
             histogram [2,4) => 13786, [4,8) => 112, [8,16) => 13, [16,32) => 26, [32,64) => 156, [64,128) => 1225, [128,256) => 40392, [256,512) => 21211
   Buffers: shared hit=514906 read=10295
 Settings: enable_bitmapscan = 'off', enable_seqscan = 'off', max_parallel_workers_per_gather = '0'
 Planning:
   Buffers: shared hit=82 read=27
 Planning Time: 2.036 ms
 Execution Time: 594.011 ms
(12 rows)

SET
SET
SET
SET
SET
                                             QUERY PLAN                                             
----------------------------------------------------------------------------------------------------
 Index Scan Backward using idx on public.t (actual rows=524288.00 loops=1)
   Output: a, b
   Index Cond: ((t.a >= 12068) AND (t.a <= 536355))
   Index Searches: 1
   Buffers: shared hit=525201
 Settings: enable_bitmapscan = 'off', enable_seqscan = 'off', max_parallel_workers_per_gather = '0'
 Planning:
   Buffers: shared hit=114
 Planning Time: 0.229 ms
 Execution Time: 78.464 ms
(10 rows)

