SET
SET
SET
SET
SET
                                                                        QUERY PLAN                                                                         
-----------------------------------------------------------------------------------------------------------------------------------------------------------
 Index Scan Backward using idx on public.t (actual rows=7048576.00 loops=1)
   Output: a, b
   Index Cond: ((t.a >= 9626) AND (t.a <= 7058201))
   Index Searches: 1
   Prefetch: distance=27.940 count=247533 stalls=6794766 skipped=6794 resets=0 ungets=773 forwarded=1
             histogram [2,4) => 218678, [4,8) => 1858, [8,16) => 22, [16,32) => 40, [32,64) => 55, [64,128) => 265, [128,256) => 15705, [256,512) => 10910
   Buffers: shared hit=6931018 read=130028
 Settings: enable_bitmapscan = 'off', enable_seqscan = 'off', max_parallel_workers_per_gather = '0'
 Planning:
   Buffers: shared hit=82 read=27
 Planning Time: 1.997 ms
 Execution Time: 8652.669 ms
(12 rows)

SET
SET
SET
SET
SET
                                             QUERY PLAN                                             
----------------------------------------------------------------------------------------------------
 Index Scan Backward using idx on public.t (actual rows=7048576.00 loops=1)
   Output: a, b
   Index Cond: ((t.a >= 9626) AND (t.a <= 7058201))
   Index Searches: 1
   Buffers: shared hit=7061046
 Settings: enable_bitmapscan = 'off', enable_seqscan = 'off', max_parallel_workers_per_gather = '0'
 Planning:
   Buffers: shared hit=114
 Planning Time: 0.222 ms
 Execution Time: 1042.845 ms
(10 rows)

