SET
SET
SET
SET
SET
                                                                       QUERY PLAN                                                                        
---------------------------------------------------------------------------------------------------------------------------------------------------------
 Index Scan Backward using idx on public.t (actual rows=4048576.00 loops=1)
   Output: a, b
   Index Cond: ((t.a >= 6134) AND (t.a <= 4054709))
   Index Searches: 1
   Prefetch: distance=21.560 count=137351 stalls=3908048 skipped=3875 resets=0 ungets=858 forwarded=2
             histogram [2,4) => 125361, [4,8) => 1063, [8,16) => 30, [16,32) => 44, [32,64) => 75, [64,128) => 112, [128,256) => 4340, [256,512) => 6326
   Buffers: shared hit=3980855 read=74914
 Settings: enable_bitmapscan = 'off', enable_seqscan = 'off', max_parallel_workers_per_gather = '0'
 Planning:
   Buffers: shared hit=82 read=27
 Planning Time: 2.020 ms
 Execution Time: 5032.831 ms
(12 rows)

SET
SET
SET
SET
SET
                                             QUERY PLAN                                             
----------------------------------------------------------------------------------------------------
 Index Scan Backward using idx on public.t (actual rows=4048576.00 loops=1)
   Output: a, b
   Index Cond: ((t.a >= 6134) AND (t.a <= 4054709))
   Index Searches: 1
   Buffers: shared hit=4055769
 Settings: enable_bitmapscan = 'off', enable_seqscan = 'off', max_parallel_workers_per_gather = '0'
 Planning:
   Buffers: shared hit=114
 Planning Time: 0.222 ms
 Execution Time: 612.276 ms
(10 rows)

