SET
SET
SET
SET
SET
                                                               QUERY PLAN                                                                
-----------------------------------------------------------------------------------------------------------------------------------------
 Index Scan Backward using idx on public.t (actual rows=512.00 loops=1)
   Output: a, b
   Index Cond: ((t.a >= 25285) AND (t.a <= 25796))
   Index Searches: 1
   Prefetch: distance=256.875 count=535 stalls=1 skipped=1 resets=0 ungets=200 forwarded=0
             histogram [2,4) => 4, [4,8) => 4, [8,16) => 12, [16,32) => 7, [32,64) => 2, [64,128) => 2, [128,256) => 2, [256,512) => 502
   Buffers: shared hit=140 read=378
 Settings: enable_bitmapscan = 'off', enable_seqscan = 'off', max_parallel_workers_per_gather = '0'
 Planning:
   Buffers: shared hit=86 read=27
 Planning Time: 1.375 ms
 Execution Time: 12.589 ms
(12 rows)

SET
SET
SET
SET
SET
                                             QUERY PLAN                                             
----------------------------------------------------------------------------------------------------
 Index Scan Backward using idx on public.t (actual rows=512.00 loops=1)
   Output: a, b
   Index Cond: ((t.a >= 25285) AND (t.a <= 25796))
   Index Searches: 1
   Buffers: shared hit=518
 Settings: enable_bitmapscan = 'off', enable_seqscan = 'off', max_parallel_workers_per_gather = '0'
 Planning:
   Buffers: shared hit=118
 Planning Time: 0.209 ms
 Execution Time: 0.418 ms
(10 rows)

