SET
SET
SET
SET
SET
                                                               QUERY PLAN                                                                
-----------------------------------------------------------------------------------------------------------------------------------------
 Index Scan Backward using idx on public.t (actual rows=256.00 loops=1)
   Output: a, b
   Index Cond: ((t.a >= 22220) AND (t.a <= 22475))
   Index Searches: 1
   Prefetch: distance=216.293 count=164 stalls=1 skipped=0 resets=0 ungets=57 forwarded=0
             histogram [2,4) => 4, [4,8) => 9, [8,16) => 6, [16,32) => 11, [32,64) => 2, [64,128) => 2, [128,256) => 3, [256,512) => 127
   Buffers: shared hit=48 read=215
 Settings: enable_bitmapscan = 'off', enable_seqscan = 'off', max_parallel_workers_per_gather = '0'
 Planning:
   Buffers: shared hit=86 read=27
 Planning Time: 1.337 ms
 Execution Time: 9.731 ms
(12 rows)

SET
SET
SET
SET
SET
                                             QUERY PLAN                                             
----------------------------------------------------------------------------------------------------
 Index Scan Backward using idx on public.t (actual rows=256.00 loops=1)
   Output: a, b
   Index Cond: ((t.a >= 22220) AND (t.a <= 22475))
   Index Searches: 1
   Buffers: shared hit=263
 Settings: enable_bitmapscan = 'off', enable_seqscan = 'off', max_parallel_workers_per_gather = '0'
 Planning:
   Buffers: shared hit=118
 Planning Time: 0.160 ms
 Execution Time: 0.154 ms
(10 rows)

