SET
SET
SET
SET
SET
                                                                QUERY PLAN                                                                 
-------------------------------------------------------------------------------------------------------------------------------------------
 Index Scan Backward using idx on public.t (actual rows=2048.00 loops=1)
   Output: a, b
   Index Cond: ((t.a >= 24022) AND (t.a <= 26069))
   Index Searches: 1
   Prefetch: distance=266.891 count=2625 stalls=1 skipped=4 resets=0 ungets=664 forwarded=0
             histogram [2,4) => 2, [4,8) => 7, [8,16) => 6, [16,32) => 10, [32,64) => 2, [64,128) => 2, [128,256) => 54, [256,512) => 2542
   Buffers: shared hit=1291 read=765
 Settings: enable_bitmapscan = 'off', enable_seqscan = 'off', max_parallel_workers_per_gather = '0'
 Planning:
   Buffers: shared hit=86 read=27
 Planning Time: 2.025 ms
 Execution Time: 11.974 ms
(12 rows)

SET
SET
SET
SET
SET
                                             QUERY PLAN                                             
----------------------------------------------------------------------------------------------------
 Index Scan Backward using idx on public.t (actual rows=2048.00 loops=1)
   Output: a, b
   Index Cond: ((t.a >= 24022) AND (t.a <= 26069))
   Index Searches: 1
   Buffers: shared hit=2056
 Settings: enable_bitmapscan = 'off', enable_seqscan = 'off', max_parallel_workers_per_gather = '0'
 Planning:
   Buffers: shared hit=118
 Planning Time: 0.201 ms
 Execution Time: 0.848 ms
(10 rows)

