SET
SET
SET
SET
SET
                                                                     QUERY PLAN                                                                      
-----------------------------------------------------------------------------------------------------------------------------------------------------
 Index Scan Backward using idx on public.t (actual rows=65536.00 loops=1)
   Output: a, b
   Index Cond: ((t.a >= 17545) AND (t.a <= 83080))
   Index Searches: 1
   Prefetch: distance=230.161 count=40621 stalls=25163 skipped=68 resets=0 ungets=679 forwarded=1
             histogram [2,4) => 392, [4,8) => 9, [8,16) => 17, [16,32) => 28, [32,64) => 73, [64,128) => 851, [128,256) => 25567, [256,512) => 13684
   Buffers: shared hit=63715 read=1937
 Settings: enable_bitmapscan = 'off', enable_seqscan = 'off', max_parallel_workers_per_gather = '0'
 Planning:
   Buffers: shared hit=86 read=27
 Planning Time: 2.399 ms
 Execution Time: 68.355 ms
(12 rows)

SET
SET
SET
SET
SET
                                             QUERY PLAN                                             
----------------------------------------------------------------------------------------------------
 Index Scan Backward using idx on public.t (actual rows=65536.00 loops=1)
   Output: a, b
   Index Cond: ((t.a >= 17545) AND (t.a <= 83080))
   Index Searches: 1
   Buffers: shared hit=65652
 Settings: enable_bitmapscan = 'off', enable_seqscan = 'off', max_parallel_workers_per_gather = '0'
 Planning:
   Buffers: shared hit=118
 Planning Time: 0.180 ms
 Execution Time: 6.905 ms
(10 rows)

