SET
SET
SET
SET
SET
                                                                      QUERY PLAN                                                                       
-------------------------------------------------------------------------------------------------------------------------------------------------------
 Index Scan Backward using idx on public.t (actual rows=1048576.00 loops=1)
   Output: a, b
   Index Cond: ((t.a >= 28575) AND (t.a <= 1077150))
   Index Searches: 1
   Prefetch: distance=68.616 count=44539 stalls=1004002 skipped=1007 resets=0 ungets=983 forwarded=1
             histogram [2,4) => 32115, [4,8) => 281, [8,16) => 15, [16,32) => 26, [32,64) => 92, [64,128) => 195, [128,256) => 4927, [256,512) => 6888
   Buffers: shared hit=1030351 read=20089
 Settings: enable_bitmapscan = 'off', enable_seqscan = 'off', max_parallel_workers_per_gather = '0'
 Planning:
   Buffers: shared hit=82 read=27
 Planning Time: 2.019 ms
 Execution Time: 1281.797 ms
(12 rows)

SET
SET
SET
SET
SET
                                             QUERY PLAN                                             
----------------------------------------------------------------------------------------------------
 Index Scan Backward using idx on public.t (actual rows=1048576.00 loops=1)
   Output: a, b
   Index Cond: ((t.a >= 28575) AND (t.a <= 1077150))
   Index Searches: 1
   Buffers: shared hit=1050440
 Settings: enable_bitmapscan = 'off', enable_seqscan = 'off', max_parallel_workers_per_gather = '0'
 Planning:
   Buffers: shared hit=114
 Planning Time: 0.190 ms
 Execution Time: 156.749 ms
(10 rows)

