SET
SET
SET
SET
SET
                                                                     QUERY PLAN                                                                     
----------------------------------------------------------------------------------------------------------------------------------------------------
 Index Scan Backward using idx on public.t (actual rows=32768.00 loops=1)
   Output: a, b
   Index Cond: ((t.a >= 25985) AND (t.a <= 58752))
   Index Searches: 1
   Prefetch: distance=235.353 count=16525 stalls=16832 skipped=34 resets=0 ungets=814 forwarded=2
             histogram [2,4) => 304, [4,8) => 10, [8,16) => 18, [16,32) => 26, [32,64) => 52, [64,128) => 193, [128,256) => 8559, [256,512) => 7363
   Buffers: shared hit=31410 read=1419
 Settings: enable_bitmapscan = 'off', enable_seqscan = 'off', max_parallel_workers_per_gather = '0'
 Planning:
   Buffers: shared hit=86 read=27
 Planning Time: 2.035 ms
 Execution Time: 41.786 ms
(12 rows)

SET
SET
SET
SET
SET
                                             QUERY PLAN                                             
----------------------------------------------------------------------------------------------------
 Index Scan Backward using idx on public.t (actual rows=32768.00 loops=1)
   Output: a, b
   Index Cond: ((t.a >= 25985) AND (t.a <= 58752))
   Index Searches: 1
   Buffers: shared hit=32829
 Settings: enable_bitmapscan = 'off', enable_seqscan = 'off', max_parallel_workers_per_gather = '0'
 Planning:
   Buffers: shared hit=118
 Planning Time: 0.215 ms
 Execution Time: 5.776 ms
(10 rows)

