SET
SET
SET
SET
SET
                                                                     QUERY PLAN                                                                      
-----------------------------------------------------------------------------------------------------------------------------------------------------
 Index Scan Backward using idx on public.t (actual rows=262144.00 loops=1)
   Output: a, b
   Index Cond: ((t.a >= 15388) AND (t.a <= 277531))
   Index Searches: 1
   Prefetch: distance=175.847 count=25665 stalls=237022 skipped=274 resets=0 ungets=919 forwarded=0
             histogram [2,4) => 7074, [4,8) => 58, [8,16) => 20, [16,32) => 21, [32,64) => 34, [64,128) => 229, [128,256) => 9491, [256,512) => 8738
   Buffers: shared hit=257068 read=5524
 Settings: enable_bitmapscan = 'off', enable_seqscan = 'off', max_parallel_workers_per_gather = '0'
 Planning:
   Buffers: shared hit=82 read=27
 Planning Time: 2.036 ms
 Execution Time: 328.761 ms
(12 rows)

SET
SET
SET
SET
SET
                                             QUERY PLAN                                             
----------------------------------------------------------------------------------------------------
 Index Scan Backward using idx on public.t (actual rows=262144.00 loops=1)
   Output: a, b
   Index Cond: ((t.a >= 15388) AND (t.a <= 277531))
   Index Searches: 1
   Buffers: shared hit=262592
 Settings: enable_bitmapscan = 'off', enable_seqscan = 'off', max_parallel_workers_per_gather = '0'
 Planning:
   Buffers: shared hit=114
 Planning Time: 0.215 ms
 Execution Time: 34.282 ms
(10 rows)

