SET
SET
SET
SET
SET
                                                                        QUERY PLAN                                                                        
----------------------------------------------------------------------------------------------------------------------------------------------------------
 Index Scan Backward using idx on public.t (actual rows=524288.00 loops=1)
   Output: a, b
   Index Cond: ((t.a >= 29451) AND (t.a <= 553738))
   Index Searches: 1
   Prefetch: distance=200.580 count=93793 stalls=430343 skipped=508 resets=0 ungets=701 forwarded=2
             histogram [2,4) => 13606, [4,8) => 119, [8,16) => 20, [16,32) => 25, [32,64) => 92, [64,128) => 1298, [128,256) => 52441, [256,512) => 26192
   Buffers: shared hit=514740 read=10478
 Settings: enable_bitmapscan = 'off', enable_seqscan = 'off', max_parallel_workers_per_gather = '0'
 Planning:
   Buffers: shared hit=82 read=27
 Planning Time: 2.001 ms
 Execution Time: 627.523 ms
(12 rows)

SET
SET
SET
SET
SET
                                             QUERY PLAN                                             
----------------------------------------------------------------------------------------------------
 Index Scan Backward using idx on public.t (actual rows=524288.00 loops=1)
   Output: a, b
   Index Cond: ((t.a >= 29451) AND (t.a <= 553738))
   Index Searches: 1
   Buffers: shared hit=525218
 Settings: enable_bitmapscan = 'off', enable_seqscan = 'off', max_parallel_workers_per_gather = '0'
 Planning:
   Buffers: shared hit=114
 Planning Time: 0.187 ms
 Execution Time: 79.173 ms
(10 rows)

