SET
SET
SET
SET
SET
                                                                        QUERY PLAN                                                                        
----------------------------------------------------------------------------------------------------------------------------------------------------------
 Index Scan Backward using idx on public.t (actual rows=7048576.00 loops=1)
   Output: a, b
   Index Cond: ((t.a >= 32283) AND (t.a <= 7080858))
   Index Searches: 1
   Prefetch: distance=19.090 count=238342 stalls=6804049 skipped=6770 resets=0 ungets=806 forwarded=1
             histogram [2,4) => 219456, [4,8) => 1855, [8,16) => 14, [16,32) => 32, [32,64) => 189, [64,128) => 333, [128,256) => 8296, [256,512) => 8167
   Buffers: shared hit=6930806 read=130264
 Settings: enable_bitmapscan = 'off', enable_seqscan = 'off', max_parallel_workers_per_gather = '0'
 Planning:
   Buffers: shared hit=82 read=27
 Planning Time: 2.022 ms
 Execution Time: 8622.458 ms
(12 rows)

SET
SET
SET
SET
SET
                                             QUERY PLAN                                             
----------------------------------------------------------------------------------------------------
 Index Scan Backward using idx on public.t (actual rows=7048576.00 loops=1)
   Output: a, b
   Index Cond: ((t.a >= 32283) AND (t.a <= 7080858))
   Index Searches: 1
   Buffers: shared hit=7061070
 Settings: enable_bitmapscan = 'off', enable_seqscan = 'off', max_parallel_workers_per_gather = '0'
 Planning:
   Buffers: shared hit=114
 Planning Time: 0.220 ms
 Execution Time: 1045.737 ms
(10 rows)

