SET
SET
SET
SET
SET
                                                                         QUERY PLAN                                                                          
-------------------------------------------------------------------------------------------------------------------------------------------------------------
 Index Scan Backward using idx on public.t (actual rows=9048576.00 loops=1)
   Output: a, b
   Index Cond: ((t.a >= 17329) AND (t.a <= 9065904))
   Index Searches: 1
   Prefetch: distance=49.108 count=354019 stalls=8686767 skipped=8623 resets=0 ungets=916 forwarded=4
             histogram [2,4) => 279974, [4,8) => 2350, [8,16) => 15, [16,32) => 27, [32,64) => 112, [64,128) => 1039, [128,256) => 46590, [256,512) => 23912
   Buffers: shared hit=8897837 read=166845
 Settings: enable_bitmapscan = 'off', enable_seqscan = 'off', max_parallel_workers_per_gather = '0'
 Planning:
   Buffers: shared hit=82 read=27
 Planning Time: 2.047 ms
 Execution Time: 11081.650 ms
(12 rows)

SET
SET
SET
SET
SET
                                             QUERY PLAN                                             
----------------------------------------------------------------------------------------------------
 Index Scan Backward using idx on public.t (actual rows=9048576.00 loops=1)
   Output: a, b
   Index Cond: ((t.a >= 17329) AND (t.a <= 9065904))
   Index Searches: 1
   Buffers: shared hit=9064682
 Settings: enable_bitmapscan = 'off', enable_seqscan = 'off', max_parallel_workers_per_gather = '0'
 Planning:
   Buffers: shared hit=114
 Planning Time: 0.278 ms
 Execution Time: 1334.767 ms
(10 rows)

