SET
SET
SET
SET
SET
                                                                       QUERY PLAN                                                                        
---------------------------------------------------------------------------------------------------------------------------------------------------------
 Index Scan Backward using idx on public.t (actual rows=6048576.00 loops=1)
   Output: a, b
   Index Cond: ((t.a >= 23790) AND (t.a <= 6072365))
   Index Searches: 1
   Prefetch: distance=24.330 count=208931 stalls=5834740 skipped=5794 resets=0 ungets=947 forwarded=1
             histogram [2,4) => 188019, [4,8) => 1586, [8,16) => 25, [16,32) => 25, [32,64) => 34, [64,128) => 164, [128,256) => 9975, [256,512) => 9103
   Buffers: shared hit=5947479 read=111836
 Settings: enable_bitmapscan = 'off', enable_seqscan = 'off', max_parallel_workers_per_gather = '0'
 Planning:
   Buffers: shared hit=82 read=27
 Planning Time: 2.016 ms
 Execution Time: 7450.461 ms
(12 rows)

SET
SET
SET
SET
SET
                                             QUERY PLAN                                             
----------------------------------------------------------------------------------------------------
 Index Scan Backward using idx on public.t (actual rows=6048576.00 loops=1)
   Output: a, b
   Index Cond: ((t.a >= 23790) AND (t.a <= 6072365))
   Index Searches: 1
   Buffers: shared hit=6059315
 Settings: enable_bitmapscan = 'off', enable_seqscan = 'off', max_parallel_workers_per_gather = '0'
 Planning:
   Buffers: shared hit=114
 Planning Time: 0.235 ms
 Execution Time: 897.837 ms
(10 rows)

