SET
SET
SET
SET
SET
                                                                     QUERY PLAN                                                                      
-----------------------------------------------------------------------------------------------------------------------------------------------------
 Index Scan Backward using idx on public.t (actual rows=65536.00 loops=1)
   Output: a, b
   Index Cond: ((t.a >= 1085) AND (t.a <= 66620))
   Index Searches: 1
   Prefetch: distance=228.884 count=24910 stalls=41507 skipped=102 resets=0 ungets=990 forwarded=1
             histogram [2,4) => 466, [4,8) => 11, [8,16) => 18, [16,32) => 21, [32,64) => 51, [64,128) => 540, [128,256) => 14239, [256,512) => 9564
   Buffers: shared hit=63900 read=1720
 Settings: enable_bitmapscan = 'off', enable_seqscan = 'off', max_parallel_workers_per_gather = '0'
 Planning:
   Buffers: shared hit=86 read=27
 Planning Time: 2.036 ms
 Execution Time: 44.637 ms
(12 rows)

SET
SET
SET
SET
SET
                                             QUERY PLAN                                             
----------------------------------------------------------------------------------------------------
 Index Scan Backward using idx on public.t (actual rows=65536.00 loops=1)
   Output: a, b
   Index Cond: ((t.a >= 1085) AND (t.a <= 66620))
   Index Searches: 1
   Buffers: shared hit=65620
 Settings: enable_bitmapscan = 'off', enable_seqscan = 'off', max_parallel_workers_per_gather = '0'
 Planning:
   Buffers: shared hit=118
 Planning Time: 0.206 ms
 Execution Time: 9.701 ms
(10 rows)

