SET
SET
SET
SET
SET
                                                                    QUERY PLAN                                                                     
---------------------------------------------------------------------------------------------------------------------------------------------------
 Index Scan Backward using idx on public.t (actual rows=32768.00 loops=1)
   Output: a, b
   Index Cond: ((t.a >= 27275) AND (t.a <= 60042))
   Index Searches: 1
   Prefetch: distance=232.546 count=18122 stalls=15556 skipped=35 resets=0 ungets=962 forwarded=1
             histogram [2,4) => 290, [4,8) => 9, [8,16) => 13, [16,32) => 25, [32,64) => 51, [64,128) => 352, [128,256) => 9643, [256,512) => 7739
   Buffers: shared hit=31393 read=1436
 Settings: enable_bitmapscan = 'off', enable_seqscan = 'off', max_parallel_workers_per_gather = '0'
 Planning:
   Buffers: shared hit=86 read=27
 Planning Time: 1.999 ms
 Execution Time: 31.396 ms
(12 rows)

SET
SET
SET
SET
SET
                                             QUERY PLAN                                             
----------------------------------------------------------------------------------------------------
 Index Scan Backward using idx on public.t (actual rows=32768.00 loops=1)
   Output: a, b
   Index Cond: ((t.a >= 27275) AND (t.a <= 60042))
   Index Searches: 1
   Buffers: shared hit=32829
 Settings: enable_bitmapscan = 'off', enable_seqscan = 'off', max_parallel_workers_per_gather = '0'
 Planning:
   Buffers: shared hit=118
 Planning Time: 0.212 ms
 Execution Time: 5.916 ms
(10 rows)

