SET
SET
SET
SET
SET
                                                                      QUERY PLAN                                                                       
-------------------------------------------------------------------------------------------------------------------------------------------------------
 Index Scan Backward using idx on public.t (actual rows=262144.00 loops=1)
   Output: a, b
   Index Cond: ((t.a >= 21648) AND (t.a <= 283791))
   Index Searches: 1
   Prefetch: distance=187.948 count=31782 stalls=230828 skipped=261 resets=0 ungets=867 forwarded=0
             histogram [2,4) => 7024, [4,8) => 62, [8,16) => 12, [16,32) => 25, [32,64) => 39, [64,128) => 257, [128,256) => 13664, [256,512) => 10699
   Buffers: shared hit=257006 read=5599
 Settings: enable_bitmapscan = 'off', enable_seqscan = 'off', max_parallel_workers_per_gather = '0'
 Planning:
   Buffers: shared hit=82 read=27
 Planning Time: 2.042 ms
 Execution Time: 328.219 ms
(12 rows)

SET
SET
SET
SET
SET
                                             QUERY PLAN                                             
----------------------------------------------------------------------------------------------------
 Index Scan Backward using idx on public.t (actual rows=262144.00 loops=1)
   Output: a, b
   Index Cond: ((t.a >= 21648) AND (t.a <= 283791))
   Index Searches: 1
   Buffers: shared hit=262605
 Settings: enable_bitmapscan = 'off', enable_seqscan = 'off', max_parallel_workers_per_gather = '0'
 Planning:
   Buffers: shared hit=114
 Planning Time: 0.215 ms
 Execution Time: 35.901 ms
(10 rows)

