SET
SET
SET
SET
SET
                                                                        QUERY PLAN                                                                         
-----------------------------------------------------------------------------------------------------------------------------------------------------------
 Index Scan Backward using idx on public.t (actual rows=4048576.00 loops=1)
   Output: a, b
   Index Cond: ((t.a >= 1499) AND (t.a <= 4050074))
   Index Searches: 1
   Prefetch: distance=46.472 count=154938 stalls=3890205 skipped=3889 resets=0 ungets=739 forwarded=1
             histogram [2,4) => 124667, [4,8) => 1056, [8,16) => 17, [16,32) => 33, [32,64) => 70, [64,128) => 257, [128,256) => 17607, [256,512) => 11231
   Buffers: shared hit=3980913 read=74841
 Settings: enable_bitmapscan = 'off', enable_seqscan = 'off', max_parallel_workers_per_gather = '0'
 Planning:
   Buffers: shared hit=82 read=27
 Planning Time: 2.026 ms
 Execution Time: 4895.192 ms
(12 rows)

SET
SET
SET
SET
SET
                                             QUERY PLAN                                             
----------------------------------------------------------------------------------------------------
 Index Scan Backward using idx on public.t (actual rows=4048576.00 loops=1)
   Output: a, b
   Index Cond: ((t.a >= 1499) AND (t.a <= 4050074))
   Index Searches: 1
   Buffers: shared hit=4055754
 Settings: enable_bitmapscan = 'off', enable_seqscan = 'off', max_parallel_workers_per_gather = '0'
 Planning:
   Buffers: shared hit=114
 Planning Time: 0.198 ms
 Execution Time: 593.321 ms
(10 rows)

