SET
SET
SET
SET
SET
                                                                        QUERY PLAN                                                                         
-----------------------------------------------------------------------------------------------------------------------------------------------------------
 Index Scan Backward using idx on public.t (actual rows=5048576.00 loops=1)
   Output: a, b
   Index Cond: ((t.a >= 19917) AND (t.a <= 5068492))
   Index Searches: 1
   Prefetch: distance=39.968 count=187930 stalls=4856550 skipped=4843 resets=0 ungets=870 forwarded=3
             histogram [2,4) => 156353, [4,8) => 1317, [8,16) => 14, [16,32) => 27, [32,64) => 60, [64,128) => 303, [128,256) => 18121, [256,512) => 11735
   Buffers: shared hit=4964097 read=93436
 Settings: enable_bitmapscan = 'off', enable_seqscan = 'off', max_parallel_workers_per_gather = '0'
 Planning:
   Buffers: shared hit=82 read=27
 Planning Time: 2.035 ms
 Execution Time: 6169.357 ms
(12 rows)

SET
SET
SET
SET
SET
                                             QUERY PLAN                                             
----------------------------------------------------------------------------------------------------
 Index Scan Backward using idx on public.t (actual rows=5048576.00 loops=1)
   Output: a, b
   Index Cond: ((t.a >= 19917) AND (t.a <= 5068492))
   Index Searches: 1
   Buffers: shared hit=5057533
 Settings: enable_bitmapscan = 'off', enable_seqscan = 'off', max_parallel_workers_per_gather = '0'
 Planning:
   Buffers: shared hit=114
 Planning Time: 0.239 ms
 Execution Time: 744.866 ms
(10 rows)

