SET
SET
SET
SET
SET
                                                                         QUERY PLAN                                                                          
-------------------------------------------------------------------------------------------------------------------------------------------------------------
 Index Scan Backward using idx on public.t (actual rows=8048576.00 loops=1)
   Output: a, b
   Index Cond: ((t.a >= 31517) AND (t.a <= 8080092))
   Index Searches: 1
   Prefetch: distance=43.854 count=307469 stalls=7733888 skipped=7698 resets=0 ungets=754 forwarded=3
             histogram [2,4) => 249492, [4,8) => 2118, [8,16) => 17, [16,32) => 32, [32,64) => 231, [64,128) => 1509, [128,256) => 35084, [256,512) => 18986
   Buffers: shared hit=7914253 read=148621
 Settings: enable_bitmapscan = 'off', enable_seqscan = 'off', max_parallel_workers_per_gather = '0'
 Planning:
   Buffers: shared hit=82 read=27
 Planning Time: 2.040 ms
 Execution Time: 9840.699 ms
(12 rows)

SET
SET
SET
SET
SET
                                             QUERY PLAN                                             
----------------------------------------------------------------------------------------------------
 Index Scan Backward using idx on public.t (actual rows=8048576.00 loops=1)
   Output: a, b
   Index Cond: ((t.a >= 31517) AND (t.a <= 8080092))
   Index Searches: 1
   Buffers: shared hit=8062874
 Settings: enable_bitmapscan = 'off', enable_seqscan = 'off', max_parallel_workers_per_gather = '0'
 Planning:
   Buffers: shared hit=114
 Planning Time: 0.222 ms
 Execution Time: 1247.851 ms
(10 rows)

