SET
SET
SET
SET
SET
                                                                        QUERY PLAN                                                                         
-----------------------------------------------------------------------------------------------------------------------------------------------------------
 Index Scan Backward using idx on public.t (actual rows=7048576.00 loops=1)
   Output: a, b
   Index Cond: ((t.a >= 9003) AND (t.a <= 7057578))
   Index Searches: 1
   Prefetch: distance=27.221 count=246699 stalls=6795384 skipped=6793 resets=0 ungets=665 forwarded=1
             histogram [2,4) => 218684, [4,8) => 1851, [8,16) => 22, [16,32) => 39, [32,64) => 61, [64,128) => 265, [128,256) => 15187, [256,512) => 10590
   Buffers: shared hit=6931021 read=130024
 Settings: enable_bitmapscan = 'off', enable_seqscan = 'off', max_parallel_workers_per_gather = '0'
 Planning:
   Buffers: shared hit=82 read=27
 Planning Time: 2.008 ms
 Execution Time: 8640.744 ms
(12 rows)

SET
SET
SET
SET
SET
                                             QUERY PLAN                                             
----------------------------------------------------------------------------------------------------
 Index Scan Backward using idx on public.t (actual rows=7048576.00 loops=1)
   Output: a, b
   Index Cond: ((t.a >= 9003) AND (t.a <= 7057578))
   Index Searches: 1
   Buffers: shared hit=7061045
 Settings: enable_bitmapscan = 'off', enable_seqscan = 'off', max_parallel_workers_per_gather = '0'
 Planning:
   Buffers: shared hit=114
 Planning Time: 0.231 ms
 Execution Time: 1033.658 ms
(10 rows)

