SET
SET
SET
SET
SET
                                                                QUERY PLAN                                                                
------------------------------------------------------------------------------------------------------------------------------------------
 Index Scan Backward using idx on public.t (actual rows=2048.00 loops=1)
   Output: a, b
   Index Cond: ((t.a >= 25111) AND (t.a <= 27158))
   Index Searches: 1
   Prefetch: distance=266.836 count=2646 stalls=2 skipped=2 resets=0 ungets=675 forwarded=0
             histogram [2,4) => 4, [4,8) => 3, [8,16) => 8, [16,32) => 9, [32,64) => 2, [64,128) => 3, [128,256) => 72, [256,512) => 2545
   Buffers: shared hit=1289 read=769
 Settings: enable_bitmapscan = 'off', enable_seqscan = 'off', max_parallel_workers_per_gather = '0'
 Planning:
   Buffers: shared hit=86 read=27
 Planning Time: 2.034 ms
 Execution Time: 10.801 ms
(12 rows)

SET
SET
SET
SET
SET
                                             QUERY PLAN                                             
----------------------------------------------------------------------------------------------------
 Index Scan Backward using idx on public.t (actual rows=2048.00 loops=1)
   Output: a, b
   Index Cond: ((t.a >= 25111) AND (t.a <= 27158))
   Index Searches: 1
   Buffers: shared hit=2058
 Settings: enable_bitmapscan = 'off', enable_seqscan = 'off', max_parallel_workers_per_gather = '0'
 Planning:
   Buffers: shared hit=118
 Planning Time: 0.210 ms
 Execution Time: 0.892 ms
(10 rows)

