SET
SET
SET
SET
SET
                                                                   QUERY PLAN                                                                    
-------------------------------------------------------------------------------------------------------------------------------------------------
 Index Scan Backward using idx on public.t (actual rows=4096.00 loops=1)
   Output: a, b
   Index Cond: ((t.a >= 12246) AND (t.a <= 16341))
   Index Searches: 1
   Prefetch: distance=249.389 count=4278 stalls=64 skipped=5 resets=0 ungets=487 forwarded=2
             histogram [2,4) => 4, [4,8) => 10, [8,16) => 18, [16,32) => 30, [32,64) => 35, [64,128) => 127, [128,256) => 965, [256,512) => 3089
   Buffers: shared hit=3366 read=742
 Settings: enable_bitmapscan = 'off', enable_seqscan = 'off', max_parallel_workers_per_gather = '0'
 Planning:
   Buffers: shared hit=86 read=27
 Planning Time: 2.015 ms
 Execution Time: 19.263 ms
(12 rows)

SET
SET
SET
SET
SET
                                             QUERY PLAN                                             
----------------------------------------------------------------------------------------------------
 Index Scan Backward using idx on public.t (actual rows=4096.00 loops=1)
   Output: a, b
   Index Cond: ((t.a >= 12246) AND (t.a <= 16341))
   Index Searches: 1
   Buffers: shared hit=4108
 Settings: enable_bitmapscan = 'off', enable_seqscan = 'off', max_parallel_workers_per_gather = '0'
 Planning:
   Buffers: shared hit=118
 Planning Time: 0.196 ms
 Execution Time: 1.141 ms
(10 rows)

