SET
SET
SET
SET
SET
                                                                       QUERY PLAN                                                                        
---------------------------------------------------------------------------------------------------------------------------------------------------------
 Index Scan Backward using idx on public.t (actual rows=5048576.00 loops=1)
   Output: a, b
   Index Cond: ((t.a >= 30081) AND (t.a <= 5078656))
   Index Searches: 1
   Prefetch: distance=23.148 count=173421 stalls=4871235 skipped=4836 resets=0 ungets=955 forwarded=2
             histogram [2,4) => 157029, [4,8) => 1322, [8,16) => 15, [16,32) => 22, [32,64) => 46, [64,128) => 206, [128,256) => 6798, [256,512) => 7983
   Buffers: shared hit=4964007 read=93533
 Settings: enable_bitmapscan = 'off', enable_seqscan = 'off', max_parallel_workers_per_gather = '0'
 Planning:
   Buffers: shared hit=82 read=27
 Planning Time: 2.037 ms
 Execution Time: 6224.378 ms
(12 rows)

SET
SET
SET
SET
SET
                                             QUERY PLAN                                             
----------------------------------------------------------------------------------------------------
 Index Scan Backward using idx on public.t (actual rows=5048576.00 loops=1)
   Output: a, b
   Index Cond: ((t.a >= 30081) AND (t.a <= 5078656))
   Index Searches: 1
   Buffers: shared hit=5057540
 Settings: enable_bitmapscan = 'off', enable_seqscan = 'off', max_parallel_workers_per_gather = '0'
 Planning:
   Buffers: shared hit=114
 Planning Time: 0.290 ms
 Execution Time: 742.566 ms
(10 rows)

