SET
SET
SET
SET
SET
                                                                         QUERY PLAN                                                                         
------------------------------------------------------------------------------------------------------------------------------------------------------------
 Index Scan Backward using idx on public.t (actual rows=6048576.00 loops=1)
   Output: a, b
   Index Cond: ((t.a >= 1669) AND (t.a <= 6050244))
   Index Searches: 1
   Prefetch: distance=42.610 count=228131 stalls=5815103 skipped=5829 resets=0 ungets=750 forwarded=1
             histogram [2,4) => 186819, [4,8) => 1574, [8,16) => 19, [16,32) => 35, [32,64) => 119, [64,128) => 938, [128,256) => 24168, [256,512) => 14459
   Buffers: shared hit=5947717 read=111562
 Settings: enable_bitmapscan = 'off', enable_seqscan = 'off', max_parallel_workers_per_gather = '0'
 Planning:
   Buffers: shared hit=82 read=27
 Planning Time: 1.992 ms
 Execution Time: 7450.251 ms
(12 rows)

SET
SET
SET
SET
SET
                                             QUERY PLAN                                             
----------------------------------------------------------------------------------------------------
 Index Scan Backward using idx on public.t (actual rows=6048576.00 loops=1)
   Output: a, b
   Index Cond: ((t.a >= 1669) AND (t.a <= 6050244))
   Index Searches: 1
   Buffers: shared hit=6059279
 Settings: enable_bitmapscan = 'off', enable_seqscan = 'off', max_parallel_workers_per_gather = '0'
 Planning:
   Buffers: shared hit=114
 Planning Time: 0.229 ms
 Execution Time: 895.572 ms
(10 rows)

