SET
SET
SET
SET
SET
                                                                        QUERY PLAN                                                                         
-----------------------------------------------------------------------------------------------------------------------------------------------------------
 Index Scan Backward using idx on public.t (actual rows=7048576.00 loops=1)
   Output: a, b
   Index Cond: ((t.a >= 19665) AND (t.a <= 7068240))
   Index Searches: 1
   Prefetch: distance=36.278 count=257885 stalls=6784816 skipped=6780 resets=0 ungets=952 forwarded=1
             histogram [2,4) => 218608, [4,8) => 1851, [8,16) => 16, [16,32) => 39, [32,64) => 58, [64,128) => 540, [128,256) => 22497, [256,512) => 14276
   Buffers: shared hit=6930911 read=130150
 Settings: enable_bitmapscan = 'off', enable_seqscan = 'off', max_parallel_workers_per_gather = '0'
 Planning:
   Buffers: shared hit=82 read=27
 Planning Time: 2.036 ms
 Execution Time: 8674.528 ms
(12 rows)

SET
SET
SET
SET
SET
                                             QUERY PLAN                                             
----------------------------------------------------------------------------------------------------
 Index Scan Backward using idx on public.t (actual rows=7048576.00 loops=1)
   Output: a, b
   Index Cond: ((t.a >= 19665) AND (t.a <= 7068240))
   Index Searches: 1
   Buffers: shared hit=7061061
 Settings: enable_bitmapscan = 'off', enable_seqscan = 'off', max_parallel_workers_per_gather = '0'
 Planning:
   Buffers: shared hit=114
 Planning Time: 0.241 ms
 Execution Time: 1053.163 ms
(10 rows)

