SET
SET
SET
SET
SET
                                                                        QUERY PLAN                                                                         
-----------------------------------------------------------------------------------------------------------------------------------------------------------
 Index Scan Backward using idx on public.t (actual rows=4048576.00 loops=1)
   Output: a, b
   Index Cond: ((t.a >= 27000) AND (t.a <= 4075575))
   Index Searches: 1
   Prefetch: distance=49.556 count=158038 stalls=3887397 skipped=3851 resets=0 ungets=874 forwarded=2
             histogram [2,4) => 125189, [4,8) => 1064, [8,16) => 30, [16,32) => 40, [32,64) => 75, [64,128) => 286, [128,256) => 19006, [256,512) => 12348
   Buffers: shared hit=3980635 read=75158
 Settings: enable_bitmapscan = 'off', enable_seqscan = 'off', max_parallel_workers_per_gather = '0'
 Planning:
   Buffers: shared hit=82 read=27
 Planning Time: 2.011 ms
 Execution Time: 4912.212 ms
(12 rows)

SET
SET
SET
SET
SET
                                             QUERY PLAN                                             
----------------------------------------------------------------------------------------------------
 Index Scan Backward using idx on public.t (actual rows=4048576.00 loops=1)
   Output: a, b
   Index Cond: ((t.a >= 27000) AND (t.a <= 4075575))
   Index Searches: 1
   Buffers: shared hit=4055793
 Settings: enable_bitmapscan = 'off', enable_seqscan = 'off', max_parallel_workers_per_gather = '0'
 Planning:
   Buffers: shared hit=114
 Planning Time: 0.229 ms
 Execution Time: 598.524 ms
(10 rows)

