SET
SET
SET
SET
SET
                                                                QUERY PLAN                                                                
------------------------------------------------------------------------------------------------------------------------------------------
 Index Scan using idx on public.t (actual rows=1024.00 loops=1)
   Output: a, b
   Index Cond: ((t.a >= 12448) AND (t.a <= 13471))
   Index Searches: 1
   Prefetch: distance=259.437 count=886 stalls=3 skipped=0 resets=0 ungets=227 forwarded=1
             histogram [2,4) => 4, [4,8) => 4, [8,16) => 8, [16,32) => 11, [32,64) => 9, [64,128) => 2, [128,256) => 11, [256,512) => 837
   Buffers: shared hit=507 read=523
 Settings: enable_bitmapscan = 'off', enable_seqscan = 'off', max_parallel_workers_per_gather = '0'
 Planning:
   Buffers: shared hit=82 read=27
 Planning Time: 2.035 ms
 Execution Time: 19.894 ms
(12 rows)

SET
SET
SET
SET
SET
                                             QUERY PLAN                                             
----------------------------------------------------------------------------------------------------
 Index Scan using idx on public.t (actual rows=1024.00 loops=1)
   Output: a, b
   Index Cond: ((t.a >= 12448) AND (t.a <= 13471))
   Index Searches: 1
   Buffers: shared hit=1030
 Settings: enable_bitmapscan = 'off', enable_seqscan = 'off', max_parallel_workers_per_gather = '0'
 Planning:
   Buffers: shared hit=114
 Planning Time: 0.199 ms
 Execution Time: 0.585 ms
(10 rows)

