SET
SET
SET
SET
SET
                                                                 QUERY PLAN                                                                 
--------------------------------------------------------------------------------------------------------------------------------------------
 Index Scan using idx on public.t (actual rows=4096.00 loops=1)
   Output: a, b
   Index Cond: ((t.a >= 22504) AND (t.a <= 26599))
   Index Searches: 1
   Prefetch: distance=263.518 count=4537 stalls=2 skipped=7 resets=0 ungets=638 forwarded=1
             histogram [2,4) => 4, [4,8) => 7, [8,16) => 6, [16,32) => 10, [32,64) => 2, [64,128) => 3, [128,256) => 572, [256,512) => 3933
   Buffers: shared hit=3250 read=856
 Settings: enable_bitmapscan = 'off', enable_seqscan = 'off', max_parallel_workers_per_gather = '0'
 Planning:
   Buffers: shared hit=82 read=27
 Planning Time: 2.019 ms
 Execution Time: 16.757 ms
(12 rows)

SET
SET
SET
SET
SET
                                             QUERY PLAN                                             
----------------------------------------------------------------------------------------------------
 Index Scan using idx on public.t (actual rows=4096.00 loops=1)
   Output: a, b
   Index Cond: ((t.a >= 22504) AND (t.a <= 26599))
   Index Searches: 1
   Buffers: shared hit=4106
 Settings: enable_bitmapscan = 'off', enable_seqscan = 'off', max_parallel_workers_per_gather = '0'
 Planning:
   Buffers: shared hit=114
 Planning Time: 0.192 ms
 Execution Time: 1.228 ms
(10 rows)

