SET
SET
SET
SET
SET
                                                                 QUERY PLAN                                                                 
--------------------------------------------------------------------------------------------------------------------------------------------
 Index Scan using idx on public.t (actual rows=8192.00 loops=1)
   Output: a, b
   Index Cond: ((t.a >= 13819) AND (t.a <= 22010))
   Index Searches: 1
   Prefetch: distance=251.077 count=8728 stalls=1 skipped=20 resets=0 ungets=646 forwarded=1
             histogram [2,4) => 2, [4,8) => 4, [8,16) => 9, [16,32) => 8, [32,64) => 2, [64,128) => 2, [128,256) => 3625, [256,512) => 5076
   Buffers: shared hit=7359 read=842
 Settings: enable_bitmapscan = 'off', enable_seqscan = 'off', max_parallel_workers_per_gather = '0'
 Planning:
   Buffers: shared hit=82 read=27
 Planning Time: 2.025 ms
 Execution Time: 12.279 ms
(12 rows)

SET
SET
SET
SET
SET
                                             QUERY PLAN                                             
----------------------------------------------------------------------------------------------------
 Index Scan using idx on public.t (actual rows=8192.00 loops=1)
   Output: a, b
   Index Cond: ((t.a >= 13819) AND (t.a <= 22010))
   Index Searches: 1
   Buffers: shared hit=8201
 Settings: enable_bitmapscan = 'off', enable_seqscan = 'off', max_parallel_workers_per_gather = '0'
 Planning:
   Buffers: shared hit=114
 Planning Time: 0.176 ms
 Execution Time: 1.836 ms
(10 rows)

