SET
SET
SET
SET
SET
                                                                       QUERY PLAN                                                                       
--------------------------------------------------------------------------------------------------------------------------------------------------------
 Index Scan using idx on public.t (actual rows=524288.00 loops=1)
   Output: a, b
   Index Cond: ((t.a >= 23433) AND (t.a <= 547720))
   Index Searches: 1
   Prefetch: distance=94.452 count=27384 stalls=496565 skipped=511 resets=0 ungets=529 forwarded=0
             histogram [2,4) => 16034, [4,8) => 138, [8,16) => 22, [16,32) => 52, [32,64) => 257, [64,128) => 883, [128,256) => 4599, [256,512) => 5399
   Buffers: shared hit=514797 read=10418
 Settings: enable_bitmapscan = 'off', enable_seqscan = 'off', max_parallel_workers_per_gather = '0'
 Planning:
   Buffers: shared hit=78 read=27
 Planning Time: 2.045 ms
 Execution Time: 110.301 ms
(12 rows)

SET
SET
SET
SET
SET
                                             QUERY PLAN                                             
----------------------------------------------------------------------------------------------------
 Index Scan using idx on public.t (actual rows=524288.00 loops=1)
   Output: a, b
   Index Cond: ((t.a >= 23433) AND (t.a <= 547720))
   Index Searches: 1
   Buffers: shared hit=525215
 Settings: enable_bitmapscan = 'off', enable_seqscan = 'off', max_parallel_workers_per_gather = '0'
 Planning:
   Buffers: shared hit=110
 Planning Time: 0.184 ms
 Execution Time: 81.698 ms
(10 rows)

