SET
SET
SET
SET
SET
                                                                QUERY PLAN                                                                
------------------------------------------------------------------------------------------------------------------------------------------
 Index Scan using idx on public.t (actual rows=2048.00 loops=1)
   Output: a, b
   Index Cond: ((t.a >= 25889) AND (t.a <= 27936))
   Index Searches: 1
   Prefetch: distance=267.166 count=2632 stalls=1 skipped=0 resets=0 ungets=682 forwarded=1
             histogram [2,4) => 2, [4,8) => 6, [8,16) => 7, [16,32) => 8, [32,64) => 2, [64,128) => 2, [128,256) => 42, [256,512) => 2563
   Buffers: shared hit=1284 read=776
 Settings: enable_bitmapscan = 'off', enable_seqscan = 'off', max_parallel_workers_per_gather = '0'
 Planning:
   Buffers: shared hit=82 read=27
 Planning Time: 2.025 ms
 Execution Time: 11.428 ms
(12 rows)

SET
SET
SET
SET
SET
                                             QUERY PLAN                                             
----------------------------------------------------------------------------------------------------
 Index Scan using idx on public.t (actual rows=2048.00 loops=1)
   Output: a, b
   Index Cond: ((t.a >= 25889) AND (t.a <= 27936))
   Index Searches: 1
   Buffers: shared hit=2060
 Settings: enable_bitmapscan = 'off', enable_seqscan = 'off', max_parallel_workers_per_gather = '0'
 Planning:
   Buffers: shared hit=114
 Planning Time: 0.166 ms
 Execution Time: 0.745 ms
(10 rows)

