SET
SET
SET
SET
SET
                                                                       QUERY PLAN                                                                        
---------------------------------------------------------------------------------------------------------------------------------------------------------
 Index Scan using idx on public.t (actual rows=9048576.00 loops=1)
   Output: a, b
   Index Cond: ((t.a >= 11918) AND (t.a <= 9060493))
   Index Searches: 1
   Prefetch: distance=15.076 count=301078 stalls=8739261 skipped=8625 resets=0 ungets=548 forwarded=1
             histogram [2,4) => 282222, [4,8) => 2279, [8,16) => 18, [16,32) => 45, [32,64) => 83, [64,128) => 217, [128,256) => 9017, [256,512) => 7197
   Buffers: shared hit=8897907 read=166772
 Settings: enable_bitmapscan = 'off', enable_seqscan = 'off', max_parallel_workers_per_gather = '0'
 Planning:
   Buffers: shared hit=78 read=27
 Planning Time: 2.043 ms
 Execution Time: 1501.203 ms
(12 rows)

SET
SET
SET
SET
SET
                                             QUERY PLAN                                             
----------------------------------------------------------------------------------------------------
 Index Scan using idx on public.t (actual rows=9048576.00 loops=1)
   Output: a, b
   Index Cond: ((t.a >= 11918) AND (t.a <= 9060493))
   Index Searches: 1
   Buffers: shared hit=9064679
 Settings: enable_bitmapscan = 'off', enable_seqscan = 'off', max_parallel_workers_per_gather = '0'
 Planning:
   Buffers: shared hit=110
 Planning Time: 0.199 ms
 Execution Time: 1342.691 ms
(10 rows)

