SET
SET
SET
SET
SET
                                                                       QUERY PLAN                                                                        
---------------------------------------------------------------------------------------------------------------------------------------------------------
 Index Scan using idx on public.t (actual rows=4048576.00 loops=1)
   Output: a, b
   Index Cond: ((t.a >= 18823) AND (t.a <= 4067398))
   Index Searches: 1
   Prefetch: distance=19.079 count=136970 stalls=3908129 skipped=3860 resets=0 ungets=592 forwarded=0
             histogram [2,4) => 126223, [4,8) => 1063, [8,16) => 22, [16,32) => 46, [32,64) => 81, [64,128) => 158, [128,256) => 4113, [256,512) => 5264
   Buffers: shared hit=3980710 read=75074
 Settings: enable_bitmapscan = 'off', enable_seqscan = 'off', max_parallel_workers_per_gather = '0'
 Planning:
   Buffers: shared hit=78 read=27
 Planning Time: 2.018 ms
 Execution Time: 697.735 ms
(12 rows)

SET
SET
SET
SET
SET
                                             QUERY PLAN                                             
----------------------------------------------------------------------------------------------------
 Index Scan using idx on public.t (actual rows=4048576.00 loops=1)
   Output: a, b
   Index Cond: ((t.a >= 18823) AND (t.a <= 4067398))
   Index Searches: 1
   Buffers: shared hit=4055784
 Settings: enable_bitmapscan = 'off', enable_seqscan = 'off', max_parallel_workers_per_gather = '0'
 Planning:
   Buffers: shared hit=110
 Planning Time: 0.219 ms
 Execution Time: 606.976 ms
(10 rows)

