SET
SET
SET
SET
SET
                                                                QUERY PLAN                                                                 
-------------------------------------------------------------------------------------------------------------------------------------------
 Index Scan using idx on public.t (actual rows=2048.00 loops=1)
   Output: a, b
   Index Cond: ((t.a >= 16522) AND (t.a <= 18569))
   Index Searches: 1
   Prefetch: distance=264.137 count=2173 stalls=3 skipped=6 resets=0 ungets=448 forwarded=1
             histogram [2,4) => 6, [4,8) => 6, [8,16) => 7, [16,32) => 17, [32,64) => 3, [64,128) => 2, [128,256) => 70, [256,512) => 2062
   Buffers: shared hit=1346 read=707
 Settings: enable_bitmapscan = 'off', enable_seqscan = 'off', max_parallel_workers_per_gather = '0'
 Planning:
   Buffers: shared hit=82 read=27
 Planning Time: 2.042 ms
 Execution Time: 21.490 ms
(12 rows)

SET
SET
SET
SET
SET
                                             QUERY PLAN                                             
----------------------------------------------------------------------------------------------------
 Index Scan using idx on public.t (actual rows=2048.00 loops=1)
   Output: a, b
   Index Cond: ((t.a >= 16522) AND (t.a <= 18569))
   Index Searches: 1
   Buffers: shared hit=2053
 Settings: enable_bitmapscan = 'off', enable_seqscan = 'off', max_parallel_workers_per_gather = '0'
 Planning:
   Buffers: shared hit=114
 Planning Time: 0.206 ms
 Execution Time: 0.904 ms
(10 rows)

