SET
SET
SET
SET
SET
                                                                     QUERY PLAN                                                                      
-----------------------------------------------------------------------------------------------------------------------------------------------------
 Index Scan using idx on public.t (actual rows=131072.00 loops=1)
   Output: a, b
   Index Cond: ((t.a >= 13196) AND (t.a <= 144267))
   Index Searches: 1
   Prefetch: distance=191.608 count=18684 stalls=112355 skipped=129 resets=0 ungets=442 forwarded=0
             histogram [2,4) => 3634, [4,8) => 43, [8,16) => 19, [16,32) => 50, [32,64) => 81, [64,128) => 217, [128,256) => 8259, [256,512) => 6381
   Buffers: shared hit=128221 read=3086
 Settings: enable_bitmapscan = 'off', enable_seqscan = 'off', max_parallel_workers_per_gather = '0'
 Planning:
   Buffers: shared hit=78 read=27
 Planning Time: 2.065 ms
 Execution Time: 46.913 ms
(12 rows)

SET
SET
SET
SET
SET
                                             QUERY PLAN                                             
----------------------------------------------------------------------------------------------------
 Index Scan using idx on public.t (actual rows=131072.00 loops=1)
   Output: a, b
   Index Cond: ((t.a >= 13196) AND (t.a <= 144267))
   Index Searches: 1
   Buffers: shared hit=131307
 Settings: enable_bitmapscan = 'off', enable_seqscan = 'off', max_parallel_workers_per_gather = '0'
 Planning:
   Buffers: shared hit=110
 Planning Time: 0.202 ms
 Execution Time: 20.774 ms
(10 rows)

