SET
SET
SET
SET
SET
                                                                    QUERY PLAN                                                                    
--------------------------------------------------------------------------------------------------------------------------------------------------
 Index Scan using idx on public.t (actual rows=32768.00 loops=1)
   Output: a, b
   Index Cond: ((t.a >= 31584) AND (t.a <= 64351))
   Index Searches: 1
   Prefetch: distance=238.081 count=33122 stalls=8 skipped=36 resets=0 ungets=656 forwarded=1
             histogram [2,4) => 6, [4,8) => 3, [8,16) => 11, [16,32) => 7, [32,64) => 11, [64,128) => 463, [128,256) => 20128, [256,512) => 12493
   Buffers: shared hit=31355 read=1472
 Settings: enable_bitmapscan = 'off', enable_seqscan = 'off', max_parallel_workers_per_gather = '0'
 Planning:
   Buffers: shared hit=82 read=27
 Planning Time: 2.010 ms
 Execution Time: 29.300 ms
(12 rows)

SET
SET
SET
SET
SET
                                             QUERY PLAN                                             
----------------------------------------------------------------------------------------------------
 Index Scan using idx on public.t (actual rows=32768.00 loops=1)
   Output: a, b
   Index Cond: ((t.a >= 31584) AND (t.a <= 64351))
   Index Searches: 1
   Buffers: shared hit=32827
 Settings: enable_bitmapscan = 'off', enable_seqscan = 'off', max_parallel_workers_per_gather = '0'
 Planning:
   Buffers: shared hit=114
 Planning Time: 0.194 ms
 Execution Time: 3.538 ms
(10 rows)

