SET
SET
SET
SET
SET
                                                                  QUERY PLAN                                                                  
----------------------------------------------------------------------------------------------------------------------------------------------
 Index Scan using idx on public.t (actual rows=16384.00 loops=1)
   Output: a, b
   Index Cond: ((t.a >= 26473) AND (t.a <= 42856))
   Index Searches: 1
   Prefetch: distance=242.251 count=16745 stalls=1 skipped=16 resets=0 ungets=623 forwarded=0
             histogram [2,4) => 6, [4,8) => 6, [8,16) => 8, [16,32) => 9, [32,64) => 6, [64,128) => 152, [128,256) => 8977, [256,512) => 7581
   Buffers: shared hit=15282 read=1137
 Settings: enable_bitmapscan = 'off', enable_seqscan = 'off', max_parallel_workers_per_gather = '0'
 Planning:
   Buffers: shared hit=82 read=27
 Planning Time: 2.033 ms
 Execution Time: 25.154 ms
(12 rows)

SET
SET
SET
SET
SET
                                             QUERY PLAN                                             
----------------------------------------------------------------------------------------------------
 Index Scan using idx on public.t (actual rows=16384.00 loops=1)
   Output: a, b
   Index Cond: ((t.a >= 26473) AND (t.a <= 42856))
   Index Searches: 1
   Buffers: shared hit=16419
 Settings: enable_bitmapscan = 'off', enable_seqscan = 'off', max_parallel_workers_per_gather = '0'
 Planning:
   Buffers: shared hit=114
 Planning Time: 0.166 ms
 Execution Time: 1.920 ms
(10 rows)

