SET
SET
SET
SET
SET
                                                                      QUERY PLAN                                                                       
-------------------------------------------------------------------------------------------------------------------------------------------------------
 Index Scan using idx on public.t (actual rows=262144.00 loops=1)
   Output: a, b
   Index Cond: ((t.a >= 3654) AND (t.a <= 265797))
   Index Searches: 1
   Prefetch: distance=181.778 count=32498 stalls=229905 skipped=286 resets=0 ungets=551 forwarded=0
             histogram [2,4) => 7442, [4,8) => 73, [8,16) => 19, [16,32) => 39, [32,64) => 116, [64,128) => 507, [128,256) => 14746, [256,512) => 9556
   Buffers: shared hit=257211 read=5370
 Settings: enable_bitmapscan = 'off', enable_seqscan = 'off', max_parallel_workers_per_gather = '0'
 Planning:
   Buffers: shared hit=78 read=27
 Planning Time: 2.053 ms
 Execution Time: 52.369 ms
(12 rows)

SET
SET
SET
SET
SET
                                             QUERY PLAN                                             
----------------------------------------------------------------------------------------------------
 Index Scan using idx on public.t (actual rows=262144.00 loops=1)
   Output: a, b
   Index Cond: ((t.a >= 3654) AND (t.a <= 265797))
   Index Searches: 1
   Buffers: shared hit=262581
 Settings: enable_bitmapscan = 'off', enable_seqscan = 'off', max_parallel_workers_per_gather = '0'
 Planning:
   Buffers: shared hit=110
 Planning Time: 0.208 ms
 Execution Time: 34.691 ms
(10 rows)

