SET
SET
SET
SET
SET
                                                                       QUERY PLAN                                                                        
---------------------------------------------------------------------------------------------------------------------------------------------------------
 Index Scan using idx on public.t (actual rows=3048576.00 loops=1)
   Output: a, b
   Index Cond: ((t.a >= 2538) AND (t.a <= 3051113))
   Index Searches: 1
   Prefetch: distance=52.209 count=121282 stalls=2924831 skipped=2957 resets=0 ungets=518 forwarded=0
             histogram [2,4) => 94459, [4,8) => 782, [8,16) => 19, [16,32) => 42, [32,64) => 116, [64,128) => 507, [128,256) => 15610, [256,512) => 9747
   Buffers: shared hit=2997452 read=56502
 Settings: enable_bitmapscan = 'off', enable_seqscan = 'off', max_parallel_workers_per_gather = '0'
 Planning:
   Buffers: shared hit=78 read=27
 Planning Time: 2.038 ms
 Execution Time: 513.325 ms
(12 rows)

SET
SET
SET
SET
SET
                                             QUERY PLAN                                             
----------------------------------------------------------------------------------------------------
 Index Scan using idx on public.t (actual rows=3048576.00 loops=1)
   Output: a, b
   Index Cond: ((t.a >= 2538) AND (t.a <= 3051113))
   Index Searches: 1
   Buffers: shared hit=3053954
 Settings: enable_bitmapscan = 'off', enable_seqscan = 'off', max_parallel_workers_per_gather = '0'
 Planning:
   Buffers: shared hit=110
 Planning Time: 0.189 ms
 Execution Time: 456.209 ms
(10 rows)

