SET
SET
SET
SET
SET
                                                                 QUERY PLAN                                                                  
---------------------------------------------------------------------------------------------------------------------------------------------
 Index Scan using idx on public.t (actual rows=8192.00 loops=1)
   Output: a, b
   Index Cond: ((t.a >= 601) AND (t.a <= 8792))
   Index Searches: 1
   Prefetch: distance=250.205 count=8430 stalls=2 skipped=27 resets=0 ungets=398 forwarded=0
             histogram [2,4) => 4, [4,8) => 8, [8,16) => 9, [16,32) => 8, [32,64) => 13, [64,128) => 4, [128,256) => 3713, [256,512) => 4671
   Buffers: shared hit=7537 read=656
 Settings: enable_bitmapscan = 'off', enable_seqscan = 'off', max_parallel_workers_per_gather = '0'
 Planning:
   Buffers: shared hit=82 read=27
 Planning Time: 2.013 ms
 Execution Time: 12.775 ms
(12 rows)

SET
SET
SET
SET
SET
                                             QUERY PLAN                                             
----------------------------------------------------------------------------------------------------
 Index Scan using idx on public.t (actual rows=8192.00 loops=1)
   Output: a, b
   Index Cond: ((t.a >= 601) AND (t.a <= 8792))
   Index Searches: 1
   Buffers: shared hit=8193
 Settings: enable_bitmapscan = 'off', enable_seqscan = 'off', max_parallel_workers_per_gather = '0'
 Planning:
   Buffers: shared hit=114
 Planning Time: 0.188 ms
 Execution Time: 1.705 ms
(10 rows)

