SET
SET
SET
SET
SET
                                                                        QUERY PLAN                                                                         
-----------------------------------------------------------------------------------------------------------------------------------------------------------
 Index Scan using idx on public.t (actual rows=1048576.00 loops=1)
   Output: a, b
   Index Cond: ((t.a >= 32368) AND (t.a <= 1080943))
   Index Searches: 1
   Prefetch: distance=164.821 count=103319 stalls=944735 skipped=1013 resets=0 ungets=697 forwarded=2
             histogram [2,4) => 30526, [4,8) => 253, [8,16) => 21, [16,32) => 24, [32,64) => 125, [64,128) => 1477, [128,256) => 46922, [256,512) => 23971
   Buffers: shared hit=1030310 read=20123
 Settings: enable_bitmapscan = 'off', enable_seqscan = 'off', max_parallel_workers_per_gather = '0'
 Planning:
   Buffers: shared hit=78 read=27
 Planning Time: 2.054 ms
 Execution Time: 197.736 ms
(12 rows)

SET
SET
SET
SET
SET
                                             QUERY PLAN                                             
----------------------------------------------------------------------------------------------------
 Index Scan using idx on public.t (actual rows=1048576.00 loops=1)
   Output: a, b
   Index Cond: ((t.a >= 32368) AND (t.a <= 1080943))
   Index Searches: 1
   Buffers: shared hit=1050433
 Settings: enable_bitmapscan = 'off', enable_seqscan = 'off', max_parallel_workers_per_gather = '0'
 Planning:
   Buffers: shared hit=110
 Planning Time: 0.214 ms
 Execution Time: 152.279 ms
(10 rows)

