SET
SET
SET
SET
SET
                                                                        QUERY PLAN                                                                         
-----------------------------------------------------------------------------------------------------------------------------------------------------------
 Index Scan using idx on public.t (actual rows=7048576.00 loops=1)
   Output: a, b
   Index Cond: ((t.a >= 1110) AND (t.a <= 7049685))
   Index Searches: 1
   Prefetch: distance=27.298 count=248068 stalls=6793618 skipped=6814 resets=0 ungets=278 forwarded=1
             histogram [2,4) => 219385, [4,8) => 1790, [8,16) => 23, [16,32) => 43, [32,64) => 120, [64,128) => 510, [128,256) => 16481, [256,512) => 9716
   Buffers: shared hit=6931124 read=129899
 Settings: enable_bitmapscan = 'off', enable_seqscan = 'off', max_parallel_workers_per_gather = '0'
 Planning:
   Buffers: shared hit=78 read=27
 Planning Time: 2.026 ms
 Execution Time: 1231.829 ms
(12 rows)

SET
SET
SET
SET
SET
                                             QUERY PLAN                                             
----------------------------------------------------------------------------------------------------
 Index Scan using idx on public.t (actual rows=7048576.00 loops=1)
   Output: a, b
   Index Cond: ((t.a >= 1110) AND (t.a <= 7049685))
   Index Searches: 1
   Buffers: shared hit=7061023
 Settings: enable_bitmapscan = 'off', enable_seqscan = 'off', max_parallel_workers_per_gather = '0'
 Planning:
   Buffers: shared hit=110
 Planning Time: 0.223 ms
 Execution Time: 1037.856 ms
(10 rows)

