SET
SET
SET
SET
SET
                                                                         QUERY PLAN                                                                          
-------------------------------------------------------------------------------------------------------------------------------------------------------------
 Index Scan using idx on public.t (actual rows=8048576.00 loops=1)
   Output: a, b
   Index Cond: ((t.a >= 31943) AND (t.a <= 8080518))
   Index Searches: 1
   Prefetch: distance=54.139 count=324072 stalls=7717177 skipped=7698 resets=0 ungets=636 forwarded=2
             histogram [2,4) => 249224, [4,8) => 2003, [8,16) => 24, [16,32) => 27, [32,64) => 119, [64,128) => 1476, [128,256) => 47190, [256,512) => 24009
   Buffers: shared hit=7914251 read=148623
 Settings: enable_bitmapscan = 'off', enable_seqscan = 'off', max_parallel_workers_per_gather = '0'
 Planning:
   Buffers: shared hit=78 read=27
 Planning Time: 2.024 ms
 Execution Time: 1375.763 ms
(12 rows)

SET
SET
SET
SET
SET
                                             QUERY PLAN                                             
----------------------------------------------------------------------------------------------------
 Index Scan using idx on public.t (actual rows=8048576.00 loops=1)
   Output: a, b
   Index Cond: ((t.a >= 31943) AND (t.a <= 8080518))
   Index Searches: 1
   Buffers: shared hit=8062874
 Settings: enable_bitmapscan = 'off', enable_seqscan = 'off', max_parallel_workers_per_gather = '0'
 Planning:
   Buffers: shared hit=110
 Planning Time: 0.191 ms
 Execution Time: 1195.754 ms
(10 rows)

