SET
SET
SET
SET
SET
                                                                     QUERY PLAN                                                                     
----------------------------------------------------------------------------------------------------------------------------------------------------
 Index Scan using idx on public.t (actual rows=16384.00 loops=1)
   Output: a, b
   Index Cond: ((t.a >= 24635) AND (t.a <= 41018))
   Index Searches: 1
   Prefetch: distance=224.338 count=10420 stalls=6301 skipped=13 resets=0 ungets=603 forwarded=1
             histogram [2,4) => 222, [4,8) => 8, [8,16) => 16, [16,32) => 57, [32,64) => 244, [64,128) => 704, [128,256) => 3861, [256,512) => 5308
   Buffers: shared hit=15305 read=1116
 Settings: enable_bitmapscan = 'off', enable_seqscan = 'off', max_parallel_workers_per_gather = '0'
 Planning:
   Buffers: shared hit=82 read=27
 Planning Time: 2.036 ms
 Execution Time: 23.092 ms
(12 rows)

SET
SET
SET
SET
SET
                                             QUERY PLAN                                             
----------------------------------------------------------------------------------------------------
 Index Scan using idx on public.t (actual rows=16384.00 loops=1)
   Output: a, b
   Index Cond: ((t.a >= 24635) AND (t.a <= 41018))
   Index Searches: 1
   Buffers: shared hit=16421
 Settings: enable_bitmapscan = 'off', enable_seqscan = 'off', max_parallel_workers_per_gather = '0'
 Planning:
   Buffers: shared hit=114
 Planning Time: 0.206 ms
 Execution Time: 3.271 ms
(10 rows)

