SET
SET
SET
SET
SET
                                                                QUERY PLAN                                                                
------------------------------------------------------------------------------------------------------------------------------------------
 Index Scan using idx on public.t (actual rows=512.00 loops=1)
   Output: a, b
   Index Cond: ((t.a >= 9999) AND (t.a <= 10510))
   Index Searches: 1
   Prefetch: distance=243.207 count=376 stalls=2 skipped=2 resets=0 ungets=117 forwarded=0
             histogram [2,4) => 4, [4,8) => 4, [8,16) => 9, [16,32) => 12, [32,64) => 12, [64,128) => 2, [128,256) => 2, [256,512) => 331
   Buffers: shared hit=173 read=344
 Settings: enable_bitmapscan = 'off', enable_seqscan = 'off', max_parallel_workers_per_gather = '0'
 Planning:
   Buffers: shared hit=82 read=27
 Planning Time: 1.349 ms
 Execution Time: 14.520 ms
(12 rows)

SET
SET
SET
SET
SET
                                             QUERY PLAN                                             
----------------------------------------------------------------------------------------------------
 Index Scan using idx on public.t (actual rows=512.00 loops=1)
   Output: a, b
   Index Cond: ((t.a >= 9999) AND (t.a <= 10510))
   Index Searches: 1
   Buffers: shared hit=517
 Settings: enable_bitmapscan = 'off', enable_seqscan = 'off', max_parallel_workers_per_gather = '0'
 Planning:
   Buffers: shared hit=114
 Planning Time: 0.198 ms
 Execution Time: 0.391 ms
(10 rows)

