SET
SET
SET
SET
SET
                                                                        QUERY PLAN                                                                        
----------------------------------------------------------------------------------------------------------------------------------------------------------
 Index Scan using idx on public.t (actual rows=4048576.00 loops=1)
   Output: a, b
   Index Cond: ((t.a >= 10079) AND (t.a <= 4058654))
   Index Searches: 1
   Prefetch: distance=31.979 count=145353 stalls=3899686 skipped=3874 resets=0 ungets=506 forwarded=1
             histogram [2,4) => 125933, [4,8) => 1059, [8,16) => 23, [16,32) => 39, [32,64) => 88, [64,128) => 218, [128,256) => 10429, [256,512) => 7564
   Buffers: shared hit=3980810 read=74960
 Settings: enable_bitmapscan = 'off', enable_seqscan = 'off', max_parallel_workers_per_gather = '0'
 Planning:
   Buffers: shared hit=78 read=27
 Planning Time: 2.023 ms
 Execution Time: 679.761 ms
(12 rows)

SET
SET
SET
SET
SET
                                             QUERY PLAN                                             
----------------------------------------------------------------------------------------------------
 Index Scan using idx on public.t (actual rows=4048576.00 loops=1)
   Output: a, b
   Index Cond: ((t.a >= 10079) AND (t.a <= 4058654))
   Index Searches: 1
   Buffers: shared hit=4055770
 Settings: enable_bitmapscan = 'off', enable_seqscan = 'off', max_parallel_workers_per_gather = '0'
 Planning:
   Buffers: shared hit=110
 Planning Time: 0.194 ms
 Execution Time: 610.443 ms
(10 rows)

