SET
SET
SET
SET
SET
                                                                      QUERY PLAN                                                                      
------------------------------------------------------------------------------------------------------------------------------------------------------
 Index Scan using idx on public.t (actual rows=65536.00 loops=1)
   Output: a, b
   Index Cond: ((t.a >= 9101) AND (t.a <= 74636))
   Index Searches: 1
   Prefetch: distance=222.231 count=21020 stalls=44982 skipped=81 resets=0 ungets=596 forwarded=0
             histogram [2,4) => 1452, [4,8) => 17, [8,16) => 25, [16,32) => 37, [32,64) => 82, [64,128) => 217, [128,256) => 11100, [256,512) => 8090
   Buffers: shared hit=63812 read=1828
 Settings: enable_bitmapscan = 'off', enable_seqscan = 'off', max_parallel_workers_per_gather = '0'
 Planning:
   Buffers: shared hit=82 read=27
 Planning Time: 2.029 ms
 Execution Time: 21.282 ms
(12 rows)

SET
SET
SET
SET
SET
                                             QUERY PLAN                                             
----------------------------------------------------------------------------------------------------
 Index Scan using idx on public.t (actual rows=65536.00 loops=1)
   Output: a, b
   Index Cond: ((t.a >= 9101) AND (t.a <= 74636))
   Index Searches: 1
   Buffers: shared hit=65640
 Settings: enable_bitmapscan = 'off', enable_seqscan = 'off', max_parallel_workers_per_gather = '0'
 Planning:
   Buffers: shared hit=114
 Planning Time: 0.180 ms
 Execution Time: 6.434 ms
(10 rows)

