SET
SET
SET
SET
SET
                                                                      QUERY PLAN                                                                       
-------------------------------------------------------------------------------------------------------------------------------------------------------
 Index Scan using idx on public.t (actual rows=524288.00 loops=1)
   Output: a, b
   Index Cond: ((t.a >= 18042) AND (t.a <= 542329))
   Index Searches: 1
   Prefetch: distance=95.239 count=26590 stalls=497474 skipped=517 resets=0 ungets=551 forwarded=0
             histogram [2,4) => 16076, [4,8) => 139, [8,16) => 22, [16,32) => 47, [32,64) => 82, [64,128) => 217, [128,256) => 4720, [256,512) => 5287
   Buffers: shared hit=514844 read=10364
 Settings: enable_bitmapscan = 'off', enable_seqscan = 'off', max_parallel_workers_per_gather = '0'
 Planning:
   Buffers: shared hit=78 read=27
 Planning Time: 2.043 ms
 Execution Time: 106.720 ms
(12 rows)

SET
SET
SET
SET
SET
                                             QUERY PLAN                                             
----------------------------------------------------------------------------------------------------
 Index Scan using idx on public.t (actual rows=524288.00 loops=1)
   Output: a, b
   Index Cond: ((t.a >= 18042) AND (t.a <= 542329))
   Index Searches: 1
   Buffers: shared hit=525208
 Settings: enable_bitmapscan = 'off', enable_seqscan = 'off', max_parallel_workers_per_gather = '0'
 Planning:
   Buffers: shared hit=110
 Planning Time: 0.215 ms
 Execution Time: 81.125 ms
(10 rows)

