SET
SET
SET
SET
SET
                                                                         QUERY PLAN                                                                         
------------------------------------------------------------------------------------------------------------------------------------------------------------
 Index Scan using idx on public.t (actual rows=9048576.00 loops=1)
   Output: a, b
   Index Cond: ((t.a >= 1083) AND (t.a <= 9049658))
   Index Searches: 1
   Prefetch: distance=22.659 count=311631 stalls=8728779 skipped=8648 resets=0 ungets=497 forwarded=1
             histogram [2,4) => 281880, [4,8) => 2275, [8,16) => 24, [16,32) => 36, [32,64) => 116, [64,128) => 507, [128,256) => 16472, [256,512) => 10321
   Buffers: shared hit=8898039 read=166618
 Settings: enable_bitmapscan = 'off', enable_seqscan = 'off', max_parallel_workers_per_gather = '0'
 Planning:
   Buffers: shared hit=78 read=27
 Planning Time: 2.014 ms
 Execution Time: 1568.945 ms
(12 rows)

SET
SET
SET
SET
SET
                                             QUERY PLAN                                             
----------------------------------------------------------------------------------------------------
 Index Scan using idx on public.t (actual rows=9048576.00 loops=1)
   Output: a, b
   Index Cond: ((t.a >= 1083) AND (t.a <= 9049658))
   Index Searches: 1
   Buffers: shared hit=9064657
 Settings: enable_bitmapscan = 'off', enable_seqscan = 'off', max_parallel_workers_per_gather = '0'
 Planning:
   Buffers: shared hit=110
 Planning Time: 0.213 ms
 Execution Time: 1411.454 ms
(10 rows)

