SET
SET
SET
SET
SET
                                                                        QUERY PLAN                                                                         
-----------------------------------------------------------------------------------------------------------------------------------------------------------
 Index Scan using idx on public.t (actual rows=8048576.00 loops=1)
   Output: a, b
   Index Cond: ((t.a >= 6056) AND (t.a <= 8054631))
   Index Searches: 1
   Prefetch: distance=20.979 count=275130 stalls=7766005 skipped=7726 resets=0 ungets=451 forwarded=0
             histogram [2,4) => 250800, [4,8) => 2011, [8,16) => 20, [16,32) => 39, [32,64) => 121, [64,128) => 507, [128,256) => 13000, [256,512) => 8632
   Buffers: shared hit=7914507 read=148340
 Settings: enable_bitmapscan = 'off', enable_seqscan = 'off', max_parallel_workers_per_gather = '0'
 Planning:
   Buffers: shared hit=78 read=27
 Planning Time: 2.043 ms
 Execution Time: 1321.129 ms
(12 rows)

SET
SET
SET
SET
SET
                                             QUERY PLAN                                             
----------------------------------------------------------------------------------------------------
 Index Scan using idx on public.t (actual rows=8048576.00 loops=1)
   Output: a, b
   Index Cond: ((t.a >= 6056) AND (t.a <= 8054631))
   Index Searches: 1
   Buffers: shared hit=8062847
 Settings: enable_bitmapscan = 'off', enable_seqscan = 'off', max_parallel_workers_per_gather = '0'
 Planning:
   Buffers: shared hit=110
 Planning Time: 0.239 ms
 Execution Time: 1197.252 ms
(10 rows)

