SET
SET
SET
SET
SET
                                                                 QUERY PLAN                                                                 
--------------------------------------------------------------------------------------------------------------------------------------------
 Index Scan using idx on public.t (actual rows=1024.00 loops=1)
   Output: a, b
   Index Cond: ((t.a >= 405) AND (t.a <= 1428))
   Index Searches: 1
   Prefetch: distance=248.245 count=858 stalls=8 skipped=4 resets=0 ungets=173 forwarded=0
             histogram [2,4) => 22, [4,8) => 16, [8,16) => 8, [16,32) => 15, [32,64) => 10, [64,128) => 2, [128,256) => 2, [256,512) => 783
   Buffers: shared hit=614 read=412
 Settings: enable_bitmapscan = 'off', enable_seqscan = 'off', max_parallel_workers_per_gather = '0'
 Planning:
   Buffers: shared hit=82 read=27
 Planning Time: 1.723 ms
 Execution Time: 10.145 ms
(12 rows)

SET
SET
SET
SET
SET
                                             QUERY PLAN                                             
----------------------------------------------------------------------------------------------------
 Index Scan using idx on public.t (actual rows=1024.00 loops=1)
   Output: a, b
   Index Cond: ((t.a >= 405) AND (t.a <= 1428))
   Index Searches: 1
   Buffers: shared hit=1026
 Settings: enable_bitmapscan = 'off', enable_seqscan = 'off', max_parallel_workers_per_gather = '0'
 Planning:
   Buffers: shared hit=114
 Planning Time: 0.212 ms
 Execution Time: 0.541 ms
(10 rows)

