SET
SET
SET
SET
SET
                                                                 QUERY PLAN                                                                 
--------------------------------------------------------------------------------------------------------------------------------------------
 Index Scan using idx on public.t (actual rows=2048.00 loops=1)
   Output: a, b
   Index Cond: ((t.a >= 8842) AND (t.a <= 10889))
   Index Searches: 1
   Prefetch: distance=263.288 count=2118 stalls=2 skipped=4 resets=0 ungets=384 forwarded=0
             histogram [2,4) => 4, [4,8) => 4, [8,16) => 9, [16,32) => 10, [32,64) => 9, [64,128) => 5, [128,256) => 111, [256,512) => 1966
   Buffers: shared hit=1424 read=631
 Settings: enable_bitmapscan = 'off', enable_seqscan = 'off', max_parallel_workers_per_gather = '0'
 Planning:
   Buffers: shared hit=82 read=27
 Planning Time: 2.007 ms
 Execution Time: 16.746 ms
(12 rows)

SET
SET
SET
SET
SET
                                             QUERY PLAN                                             
----------------------------------------------------------------------------------------------------
 Index Scan using idx on public.t (actual rows=2048.00 loops=1)
   Output: a, b
   Index Cond: ((t.a >= 8842) AND (t.a <= 10889))
   Index Searches: 1
   Buffers: shared hit=2055
 Settings: enable_bitmapscan = 'off', enable_seqscan = 'off', max_parallel_workers_per_gather = '0'
 Planning:
   Buffers: shared hit=114
 Planning Time: 0.197 ms
 Execution Time: 0.792 ms
(10 rows)

