SET
SET
SET
SET
SET
                                                                      QUERY PLAN                                                                      
------------------------------------------------------------------------------------------------------------------------------------------------------
 Index Scan using idx on public.t (actual rows=65536.00 loops=1)
   Output: a, b
   Index Cond: ((t.a >= 24405) AND (t.a <= 89940))
   Index Searches: 1
   Prefetch: distance=197.629 count=12434 stalls=53647 skipped=57 resets=0 ungets=719 forwarded=1
             histogram [2,4) => 1742, [4,8) => 19, [8,16) => 19, [16,32) => 54, [32,64) => 246, [64,128) => 748, [128,256) => 4001, [256,512) => 5605
   Buffers: shared hit=63650 read=2014
 Settings: enable_bitmapscan = 'off', enable_seqscan = 'off', max_parallel_workers_per_gather = '0'
 Planning:
   Buffers: shared hit=82 read=27
 Planning Time: 2.039 ms
 Execution Time: 25.423 ms
(12 rows)

SET
SET
SET
SET
SET
                                             QUERY PLAN                                             
----------------------------------------------------------------------------------------------------
 Index Scan using idx on public.t (actual rows=65536.00 loops=1)
   Output: a, b
   Index Cond: ((t.a >= 24405) AND (t.a <= 89940))
   Index Searches: 1
   Buffers: shared hit=65664
 Settings: enable_bitmapscan = 'off', enable_seqscan = 'off', max_parallel_workers_per_gather = '0'
 Planning:
   Buffers: shared hit=114
 Planning Time: 0.180 ms
 Execution Time: 10.698 ms
(10 rows)

