SET
SET
SET
SET
SET
                                                                      QUERY PLAN                                                                       
-------------------------------------------------------------------------------------------------------------------------------------------------------
 Index Scan using idx on public.t (actual rows=131072.00 loops=1)
   Output: a, b
   Index Cond: ((t.a >= 2352) AND (t.a <= 133423))
   Index Searches: 1
   Prefetch: distance=208.659 count=29227 stalls=101849 skipped=150 resets=0 ungets=364 forwarded=0
             histogram [2,4) => 3304, [4,8) => 40, [8,16) => 25, [16,32) => 43, [32,64) => 118, [64,128) => 508, [128,256) => 15645, [256,512) => 9544
   Buffers: shared hit=128342 read=2942
 Settings: enable_bitmapscan = 'off', enable_seqscan = 'off', max_parallel_workers_per_gather = '0'
 Planning:
   Buffers: shared hit=78 read=27
 Planning Time: 2.028 ms
 Execution Time: 38.502 ms
(12 rows)

SET
SET
SET
SET
SET
                                             QUERY PLAN                                             
----------------------------------------------------------------------------------------------------
 Index Scan using idx on public.t (actual rows=131072.00 loops=1)
   Output: a, b
   Index Cond: ((t.a >= 2352) AND (t.a <= 133423))
   Index Searches: 1
   Buffers: shared hit=131284
 Settings: enable_bitmapscan = 'off', enable_seqscan = 'off', max_parallel_workers_per_gather = '0'
 Planning:
   Buffers: shared hit=110
 Planning Time: 0.211 ms
 Execution Time: 18.094 ms
(10 rows)

