SET
SET
SET
SET
SET
                                                                        QUERY PLAN                                                                         
-----------------------------------------------------------------------------------------------------------------------------------------------------------
 Index Scan using idx on public.t (actual rows=8048576.00 loops=1)
   Output: a, b
   Index Cond: ((t.a >= 4068) AND (t.a <= 8052643))
   Index Searches: 1
   Prefetch: distance=22.207 count=276767 stalls=7764085 skipped=7727 resets=0 ungets=327 forwarded=0
             histogram [2,4) => 250734, [4,8) => 2014, [8,16) => 22, [16,32) => 41, [32,64) => 125, [64,128) => 507, [128,256) => 14548, [256,512) => 8776
   Buffers: shared hit=7914535 read=148308
 Settings: enable_bitmapscan = 'off', enable_seqscan = 'off', max_parallel_workers_per_gather = '0'
 Planning:
   Buffers: shared hit=78 read=27
 Planning Time: 2.047 ms
 Execution Time: 1325.715 ms
(12 rows)

SET
SET
SET
SET
SET
                                             QUERY PLAN                                             
----------------------------------------------------------------------------------------------------
 Index Scan using idx on public.t (actual rows=8048576.00 loops=1)
   Output: a, b
   Index Cond: ((t.a >= 4068) AND (t.a <= 8052643))
   Index Searches: 1
   Buffers: shared hit=8062843
 Settings: enable_bitmapscan = 'off', enable_seqscan = 'off', max_parallel_workers_per_gather = '0'
 Planning:
   Buffers: shared hit=110
 Planning Time: 0.225 ms
 Execution Time: 1175.771 ms
(10 rows)

