SET
SET
SET
SET
SET
                                                                        QUERY PLAN                                                                         
-----------------------------------------------------------------------------------------------------------------------------------------------------------
 Index Scan using idx on public.t (actual rows=9048576.00 loops=1)
   Output: a, b
   Index Cond: ((t.a >= 4036) AND (t.a <= 9052611))
   Index Searches: 1
   Prefetch: distance=20.142 count=308262 stalls=8731629 skipped=8638 resets=0 ungets=309 forwarded=0
             histogram [2,4) => 281980, [4,8) => 2281, [8,16) => 21, [16,32) => 41, [32,64) => 128, [64,128) => 509, [128,256) => 14506, [256,512) => 8796
   Buffers: shared hit=8897999 read=166665
 Settings: enable_bitmapscan = 'off', enable_seqscan = 'off', max_parallel_workers_per_gather = '0'
 Planning:
   Buffers: shared hit=78 read=27
 Planning Time: 2.011 ms
 Execution Time: 1497.562 ms
(12 rows)

SET
SET
SET
SET
SET
                                             QUERY PLAN                                             
----------------------------------------------------------------------------------------------------
 Index Scan using idx on public.t (actual rows=9048576.00 loops=1)
   Output: a, b
   Index Cond: ((t.a >= 4036) AND (t.a <= 9052611))
   Index Searches: 1
   Buffers: shared hit=9064664
 Settings: enable_bitmapscan = 'off', enable_seqscan = 'off', max_parallel_workers_per_gather = '0'
 Planning:
   Buffers: shared hit=110
 Planning Time: 0.231 ms
 Execution Time: 1340.685 ms
(10 rows)

