SET
SET
SET
SET
SET
                                                                      QUERY PLAN                                                                       
-------------------------------------------------------------------------------------------------------------------------------------------------------
 Index Scan using idx on public.t (actual rows=524288.00 loops=1)
   Output: a, b
   Index Cond: ((t.a >= 15299) AND (t.a <= 539586))
   Index Searches: 1
   Prefetch: distance=110.280 count=29546 stalls=494823 skipped=523 resets=0 ungets=677 forwarded=1
             histogram [2,4) => 15986, [4,8) => 137, [8,16) => 25, [16,32) => 38, [32,64) => 81, [64,128) => 217, [128,256) => 6686, [256,512) => 6376
   Buffers: shared hit=514874 read=10330
 Settings: enable_bitmapscan = 'off', enable_seqscan = 'off', max_parallel_workers_per_gather = '0'
 Planning:
   Buffers: shared hit=78 read=27
 Planning Time: 2.038 ms
 Execution Time: 98.356 ms
(12 rows)

SET
SET
SET
SET
SET
                                             QUERY PLAN                                             
----------------------------------------------------------------------------------------------------
 Index Scan using idx on public.t (actual rows=524288.00 loops=1)
   Output: a, b
   Index Cond: ((t.a >= 15299) AND (t.a <= 539586))
   Index Searches: 1
   Buffers: shared hit=525204
 Settings: enable_bitmapscan = 'off', enable_seqscan = 'off', max_parallel_workers_per_gather = '0'
 Planning:
   Buffers: shared hit=110
 Planning Time: 0.190 ms
 Execution Time: 79.928 ms
(10 rows)

