SET
SET
SET
SET
SET
                                                                       QUERY PLAN                                                                        
---------------------------------------------------------------------------------------------------------------------------------------------------------
 Index Scan using idx on public.t (actual rows=4048576.00 loops=1)
   Output: a, b
   Index Cond: ((t.a >= 19007) AND (t.a <= 4067582))
   Index Searches: 1
   Prefetch: distance=19.482 count=137123 stalls=3908311 skipped=3860 resets=0 ungets=743 forwarded=0
             histogram [2,4) => 126225, [4,8) => 1060, [8,16) => 20, [16,32) => 41, [32,64) => 81, [64,128) => 157, [128,256) => 3890, [256,512) => 5649
   Buffers: shared hit=3980709 read=75075
 Settings: enable_bitmapscan = 'off', enable_seqscan = 'off', max_parallel_workers_per_gather = '0'
 Planning:
   Buffers: shared hit=78 read=27
 Planning Time: 2.043 ms
 Execution Time: 667.591 ms
(12 rows)

SET
SET
SET
SET
SET
                                             QUERY PLAN                                             
----------------------------------------------------------------------------------------------------
 Index Scan using idx on public.t (actual rows=4048576.00 loops=1)
   Output: a, b
   Index Cond: ((t.a >= 19007) AND (t.a <= 4067582))
   Index Searches: 1
   Buffers: shared hit=4055784
 Settings: enable_bitmapscan = 'off', enable_seqscan = 'off', max_parallel_workers_per_gather = '0'
 Planning:
   Buffers: shared hit=110
 Planning Time: 0.225 ms
 Execution Time: 604.963 ms
(10 rows)

