SET
SET
SET
SET
SET
                                                                         QUERY PLAN                                                                          
-------------------------------------------------------------------------------------------------------------------------------------------------------------
 Index Scan using idx on public.t (actual rows=5048576.00 loops=1)
   Output: a, b
   Index Cond: ((t.a >= 31435) AND (t.a <= 5080010))
   Index Searches: 1
   Prefetch: distance=76.292 count=230527 stalls=4814018 skipped=4837 resets=0 ungets=847 forwarded=2
             histogram [2,4) => 155461, [4,8) => 1272, [8,16) => 25, [16,32) => 22, [32,64) => 119, [64,128) => 1479, [128,256) => 47771, [256,512) => 24378
   Buffers: shared hit=4963996 read=93543
 Settings: enable_bitmapscan = 'off', enable_seqscan = 'off', max_parallel_workers_per_gather = '0'
 Planning:
   Buffers: shared hit=78 read=27
 Planning Time: 2.010 ms
 Execution Time: 842.118 ms
(12 rows)

SET
SET
SET
SET
SET
                                             QUERY PLAN                                             
----------------------------------------------------------------------------------------------------
 Index Scan using idx on public.t (actual rows=5048576.00 loops=1)
   Output: a, b
   Index Cond: ((t.a >= 31435) AND (t.a <= 5080010))
   Index Searches: 1
   Buffers: shared hit=5057539
 Settings: enable_bitmapscan = 'off', enable_seqscan = 'off', max_parallel_workers_per_gather = '0'
 Planning:
   Buffers: shared hit=110
 Planning Time: 0.231 ms
 Execution Time: 741.765 ms
(10 rows)

