SET
SET
SET
SET
SET
                                                                        QUERY PLAN                                                                        
----------------------------------------------------------------------------------------------------------------------------------------------------------
 Index Scan using idx on public.t (actual rows=7048576.00 loops=1)
   Output: a, b
   Index Cond: ((t.a >= 24657) AND (t.a <= 7073232))
   Index Searches: 1
   Prefetch: distance=12.113 count=231936 stalls=6810262 skipped=6769 resets=0 ungets=622 forwarded=1
             histogram [2,4) => 219937, [4,8) => 1790, [8,16) => 16, [16,32) => 57, [32,64) => 244, [64,128) => 607, [128,256) => 3906, [256,512) => 5379
   Buffers: shared hit=6930867 read=130204
 Settings: enable_bitmapscan = 'off', enable_seqscan = 'off', max_parallel_workers_per_gather = '0'
 Planning:
   Buffers: shared hit=78 read=27
 Planning Time: 2.017 ms
 Execution Time: 1196.292 ms
(12 rows)

SET
SET
SET
SET
SET
                                             QUERY PLAN                                             
----------------------------------------------------------------------------------------------------
 Index Scan using idx on public.t (actual rows=7048576.00 loops=1)
   Output: a, b
   Index Cond: ((t.a >= 24657) AND (t.a <= 7073232))
   Index Searches: 1
   Buffers: shared hit=7061071
 Settings: enable_bitmapscan = 'off', enable_seqscan = 'off', max_parallel_workers_per_gather = '0'
 Planning:
   Buffers: shared hit=110
 Planning Time: 0.205 ms
 Execution Time: 1022.919 ms
(10 rows)

