SET
SET
SET
SET
SET
                                                               QUERY PLAN                                                                
-----------------------------------------------------------------------------------------------------------------------------------------
 Index Scan Backward using idx on public.t (actual rows=256.00 loops=1)
   Output: a, b
   Index Cond: ((t.a >= '-14878'::integer) AND (t.a <= '-14815'::integer))
   Index Searches: 1
   Prefetch: distance=223.951 count=243 stalls=1 skipped=3 resets=0 ungets=50 forwarded=0
             histogram [2,4) => 6, [4,8) => 5, [8,16) => 7, [16,32) => 17, [32,64) => 8, [64,128) => 2, [128,256) => 2, [256,512) => 196
   Buffers: shared hit=157 read=101
 Settings: enable_bitmapscan = 'off', enable_seqscan = 'off', max_parallel_workers_per_gather = '0'
 Planning:
   Buffers: shared hit=82 read=26
 Planning Time: 1.052 ms
 Execution Time: 3.982 ms
(12 rows)

SET
SET
SET
SET
SET
                                             QUERY PLAN                                             
----------------------------------------------------------------------------------------------------
 Index Scan Backward using idx on public.t (actual rows=256.00 loops=1)
   Output: a, b
   Index Cond: ((t.a >= '-14878'::integer) AND (t.a <= '-14815'::integer))
   Index Searches: 1
   Buffers: shared hit=258
 Settings: enable_bitmapscan = 'off', enable_seqscan = 'off', max_parallel_workers_per_gather = '0'
 Planning:
   Buffers: shared hit=113
 Planning Time: 0.196 ms
 Execution Time: 0.174 ms
(10 rows)

