SET
SET
SET
SET
SET
                                                                QUERY PLAN                                                                 
-------------------------------------------------------------------------------------------------------------------------------------------
 Index Scan using idx on public.t (actual rows=2048.00 loops=1)
   Output: a, b
   Index Cond: ((t.a >= 1977) AND (t.a <= 4024))
   Index Searches: 1
   Prefetch: distance=262.600 count=2159 stalls=2 skipped=10 resets=0 ungets=342 forwarded=0
             histogram [2,4) => 2, [4,8) => 9, [8,16) => 8, [16,32) => 9, [32,64) => 9, [64,128) => 2, [128,256) => 132, [256,512) => 1988
   Buffers: shared hit=1516 read=533
 Settings: enable_bitmapscan = 'off', enable_seqscan = 'off', max_parallel_workers_per_gather = '0'
 Planning:
   Buffers: shared hit=82 read=27
 Planning Time: 2.024 ms
 Execution Time: 14.240 ms
(12 rows)

SET
SET
SET
SET
SET
                                             QUERY PLAN                                             
----------------------------------------------------------------------------------------------------
 Index Scan using idx on public.t (actual rows=2048.00 loops=1)
   Output: a, b
   Index Cond: ((t.a >= 1977) AND (t.a <= 4024))
   Index Searches: 1
   Buffers: shared hit=2049
 Settings: enable_bitmapscan = 'off', enable_seqscan = 'off', max_parallel_workers_per_gather = '0'
 Planning:
   Buffers: shared hit=114
 Planning Time: 0.201 ms
 Execution Time: 0.787 ms
(10 rows)

