SET
SET
SET
SET
SET
                                                                   QUERY PLAN                                                                    
-------------------------------------------------------------------------------------------------------------------------------------------------
 Index Scan using idx on public.t (actual rows=32768.00 loops=1)
   Output: a, b
   Index Cond: ((t.a >= 26423) AND (t.a <= 59190))
   Index Searches: 1
   Prefetch: distance=236.926 count=33021 stalls=1 skipped=35 resets=0 ungets=584 forwarded=0
             histogram [2,4) => 6, [4,8) => 6, [8,16) => 8, [16,32) => 9, [32,64) => 14, [64,128) => 430, [128,256) => 20486, [256,512) => 12062
   Buffers: shared hit=31400 read=1428
 Settings: enable_bitmapscan = 'off', enable_seqscan = 'off', max_parallel_workers_per_gather = '0'
 Planning:
   Buffers: shared hit=82 read=27
 Planning Time: 2.035 ms
 Execution Time: 30.991 ms
(12 rows)

SET
SET
SET
SET
SET
                                             QUERY PLAN                                             
----------------------------------------------------------------------------------------------------
 Index Scan using idx on public.t (actual rows=32768.00 loops=1)
   Output: a, b
   Index Cond: ((t.a >= 26423) AND (t.a <= 59190))
   Index Searches: 1
   Buffers: shared hit=32828
 Settings: enable_bitmapscan = 'off', enable_seqscan = 'off', max_parallel_workers_per_gather = '0'
 Planning:
   Buffers: shared hit=114
 Planning Time: 0.164 ms
 Execution Time: 3.436 ms
(10 rows)

