SET
SET
SET
SET
SET
                                                                     QUERY PLAN                                                                      
-----------------------------------------------------------------------------------------------------------------------------------------------------
 Index Scan using idx on public.t (actual rows=131072.00 loops=1)
   Output: a, b
   Index Cond: ((t.a >= 14426) AND (t.a <= 145497))
   Index Searches: 1
   Prefetch: distance=189.132 count=17726 stalls=113529 skipped=130 resets=0 ungets=527 forwarded=1
             histogram [2,4) => 3680, [4,8) => 50, [8,16) => 22, [16,32) => 39, [32,64) => 84, [64,128) => 217, [128,256) => 7212, [256,512) => 6422
   Buffers: shared hit=128198 read=3106
 Settings: enable_bitmapscan = 'off', enable_seqscan = 'off', max_parallel_workers_per_gather = '0'
 Planning:
   Buffers: shared hit=78 read=27
 Planning Time: 2.014 ms
 Execution Time: 39.531 ms
(12 rows)

SET
SET
SET
SET
SET
                                             QUERY PLAN                                             
----------------------------------------------------------------------------------------------------
 Index Scan using idx on public.t (actual rows=131072.00 loops=1)
   Output: a, b
   Index Cond: ((t.a >= 14426) AND (t.a <= 145497))
   Index Searches: 1
   Buffers: shared hit=131304
 Settings: enable_bitmapscan = 'off', enable_seqscan = 'off', max_parallel_workers_per_gather = '0'
 Planning:
   Buffers: shared hit=110
 Planning Time: 0.215 ms
 Execution Time: 18.424 ms
(10 rows)

