SET
SET
SET
SET
SET
                                                                     QUERY PLAN                                                                      
-----------------------------------------------------------------------------------------------------------------------------------------------------
 Index Scan using idx on public.t (actual rows=262144.00 loops=1)
   Output: a, b
   Index Cond: ((t.a >= 18655) AND (t.a <= 280798))
   Index Searches: 1
   Prefetch: distance=137.915 count=18208 stalls=244422 skipped=268 resets=0 ungets=765 forwarded=0
             histogram [2,4) => 7904, [4,8) => 80, [8,16) => 24, [16,32) => 36, [32,64) => 81, [64,128) => 158, [128,256) => 4321, [256,512) => 5604
   Buffers: shared hit=257039 read=5559
 Settings: enable_bitmapscan = 'off', enable_seqscan = 'off', max_parallel_workers_per_gather = '0'
 Planning:
   Buffers: shared hit=78 read=27
 Planning Time: 2.034 ms
 Execution Time: 52.069 ms
(12 rows)

SET
SET
SET
SET
SET
                                             QUERY PLAN                                             
----------------------------------------------------------------------------------------------------
 Index Scan using idx on public.t (actual rows=262144.00 loops=1)
   Output: a, b
   Index Cond: ((t.a >= 18655) AND (t.a <= 280798))
   Index Searches: 1
   Buffers: shared hit=262598
 Settings: enable_bitmapscan = 'off', enable_seqscan = 'off', max_parallel_workers_per_gather = '0'
 Planning:
   Buffers: shared hit=110
 Planning Time: 0.209 ms
 Execution Time: 37.352 ms
(10 rows)

