SET
SET
SET
SET
SET
                                                                       QUERY PLAN                                                                        
---------------------------------------------------------------------------------------------------------------------------------------------------------
 Index Scan using idx on public.t (actual rows=2048576.00 loops=1)
   Output: a, b
   Index Cond: ((t.a >= 2074) AND (t.a <= 2050649))
   Index Searches: 1
   Prefetch: distance=70.285 count=90029 stalls=1956826 skipped=2019 resets=0 ungets=420 forwarded=1
             histogram [2,4) => 63201, [4,8) => 524, [8,16) => 21, [16,32) => 45, [32,64) => 116, [64,128) => 509, [128,256) => 15785, [256,512) => 9828
   Buffers: shared hit=2014022 read=38138
 Settings: enable_bitmapscan = 'off', enable_seqscan = 'off', max_parallel_workers_per_gather = '0'
 Planning:
   Buffers: shared hit=78 read=27
 Planning Time: 2.022 ms
 Execution Time: 353.933 ms
(12 rows)

SET
SET
SET
SET
SET
                                             QUERY PLAN                                             
----------------------------------------------------------------------------------------------------
 Index Scan using idx on public.t (actual rows=2048576.00 loops=1)
   Output: a, b
   Index Cond: ((t.a >= 2074) AND (t.a <= 2050649))
   Index Searches: 1
   Buffers: shared hit=2052160
 Settings: enable_bitmapscan = 'off', enable_seqscan = 'off', max_parallel_workers_per_gather = '0'
 Planning:
   Buffers: shared hit=110
 Planning Time: 0.227 ms
 Execution Time: 309.224 ms
(10 rows)

