SET
SET
SET
SET
SET
                                                                      QUERY PLAN                                                                       
-------------------------------------------------------------------------------------------------------------------------------------------------------
 Index Scan using idx on public.t (actual rows=1048576.00 loops=1)
   Output: a, b
   Index Cond: ((t.a >= 11993) AND (t.a <= 1060568))
   Index Searches: 1
   Prefetch: distance=82.358 count=49179 stalls=998897 skipped=1024 resets=0 ungets=609 forwarded=1
             histogram [2,4) => 32280, [4,8) => 261, [8,16) => 18, [16,32) => 40, [32,64) => 81, [64,128) => 217, [128,256) => 8967, [256,512) => 7315
   Buffers: shared hit=1030503 read=19920
 Settings: enable_bitmapscan = 'off', enable_seqscan = 'off', max_parallel_workers_per_gather = '0'
 Planning:
   Buffers: shared hit=78 read=27
 Planning Time: 2.024 ms
 Execution Time: 183.871 ms
(12 rows)

SET
SET
SET
SET
SET
                                             QUERY PLAN                                             
----------------------------------------------------------------------------------------------------
 Index Scan using idx on public.t (actual rows=1048576.00 loops=1)
   Output: a, b
   Index Cond: ((t.a >= 11993) AND (t.a <= 1060568))
   Index Searches: 1
   Buffers: shared hit=1050423
 Settings: enable_bitmapscan = 'off', enable_seqscan = 'off', max_parallel_workers_per_gather = '0'
 Planning:
   Buffers: shared hit=110
 Planning Time: 0.193 ms
 Execution Time: 156.762 ms
(10 rows)

