SET
SET
SET
SET
SET
                                                                    QUERY PLAN                                                                    
--------------------------------------------------------------------------------------------------------------------------------------------------
 Index Scan using idx on public.t (actual rows=16384.00 loops=1)
   Output: a, b
   Index Cond: ((t.a >= 13181) AND (t.a <= 29564))
   Index Searches: 1
   Prefetch: distance=236.823 count=15067 stalls=1359 skipped=28 resets=0 ungets=431 forwarded=0
             histogram [2,4) => 62, [4,8) => 9, [8,16) => 19, [16,32) => 50, [32,64) => 82, [64,128) => 220, [128,256) => 8280, [256,512) => 6345
   Buffers: shared hit=15420 read=986
 Settings: enable_bitmapscan = 'off', enable_seqscan = 'off', max_parallel_workers_per_gather = '0'
 Planning:
   Buffers: shared hit=82 read=27
 Planning Time: 2.129 ms
 Execution Time: 27.528 ms
(12 rows)

SET
SET
SET
SET
SET
                                             QUERY PLAN                                             
----------------------------------------------------------------------------------------------------
 Index Scan using idx on public.t (actual rows=16384.00 loops=1)
   Output: a, b
   Index Cond: ((t.a >= 13181) AND (t.a <= 29564))
   Index Searches: 1
   Buffers: shared hit=16406
 Settings: enable_bitmapscan = 'off', enable_seqscan = 'off', max_parallel_workers_per_gather = '0'
 Planning:
   Buffers: shared hit=114
 Planning Time: 0.195 ms
 Execution Time: 1.950 ms
(10 rows)

