SET
SET
SET
SET
SET
                                                                       QUERY PLAN                                                                        
---------------------------------------------------------------------------------------------------------------------------------------------------------
 Index Scan using idx on public.t (actual rows=6048576.00 loops=1)
   Output: a, b
   Index Cond: ((t.a >= 15140) AND (t.a <= 6063715))
   Index Searches: 1
   Prefetch: distance=17.513 count=203415 stalls=5839661 skipped=5805 resets=0 ungets=537 forwarded=1
             histogram [2,4) => 188583, [4,8) => 1549, [8,16) => 23, [16,32) => 40, [32,64) => 84, [64,128) => 217, [128,256) => 6859, [256,512) => 6060
   Buffers: shared hit=5947565 read=111738
 Settings: enable_bitmapscan = 'off', enable_seqscan = 'off', max_parallel_workers_per_gather = '0'
 Planning:
   Buffers: shared hit=78 read=27
 Planning Time: 2.030 ms
 Execution Time: 1002.890 ms
(12 rows)

SET
SET
SET
SET
SET
                                             QUERY PLAN                                             
----------------------------------------------------------------------------------------------------
 Index Scan using idx on public.t (actual rows=6048576.00 loops=1)
   Output: a, b
   Index Cond: ((t.a >= 15140) AND (t.a <= 6063715))
   Index Searches: 1
   Buffers: shared hit=6059303
 Settings: enable_bitmapscan = 'off', enable_seqscan = 'off', max_parallel_workers_per_gather = '0'
 Planning:
   Buffers: shared hit=110
 Planning Time: 0.219 ms
 Execution Time: 897.429 ms
(10 rows)

