SET
SET
SET
SET
SET
                                                                        QUERY PLAN                                                                         
-----------------------------------------------------------------------------------------------------------------------------------------------------------
 Index Scan using idx on public.t (actual rows=9048576.00 loops=1)
   Output: a, b
   Index Cond: ((t.a >= 6857) AND (t.a <= 9055432))
   Index Searches: 1
   Prefetch: distance=18.559 count=306022 stalls=8734357 skipped=8635 resets=0 ungets=535 forwarded=0
             histogram [2,4) => 282066, [4,8) => 2277, [8,16) => 23, [16,32) => 39, [32,64) => 118, [64,128) => 508, [128,256) => 12491, [256,512) => 8500
   Buffers: shared hit=8897962 read=166708
 Settings: enable_bitmapscan = 'off', enable_seqscan = 'off', max_parallel_workers_per_gather = '0'
 Planning:
   Buffers: shared hit=78 read=27
 Planning Time: 2.012 ms
 Execution Time: 1481.770 ms
(12 rows)

SET
SET
SET
SET
SET
                                             QUERY PLAN                                             
----------------------------------------------------------------------------------------------------
 Index Scan using idx on public.t (actual rows=9048576.00 loops=1)
   Output: a, b
   Index Cond: ((t.a >= 6857) AND (t.a <= 9055432))
   Index Searches: 1
   Buffers: shared hit=9064670
 Settings: enable_bitmapscan = 'off', enable_seqscan = 'off', max_parallel_workers_per_gather = '0'
 Planning:
   Buffers: shared hit=110
 Planning Time: 0.223 ms
 Execution Time: 1322.049 ms
(10 rows)

