SET
SET
SET
SET
SET
                                                                  QUERY PLAN                                                                   
-----------------------------------------------------------------------------------------------------------------------------------------------
 Index Scan Backward using idx on public.t (actual rows=4096.00 loops=1)
   Output: a, b
   Index Cond: ((t.a >= '-27081'::integer) AND (t.a <= '-26058'::integer))
   Index Searches: 1
   Prefetch: distance=259.246 count=4333 stalls=7 skipped=54 resets=0 ungets=405 forwarded=0
             histogram [2,4) => 10, [4,8) => 4, [8,16) => 9, [16,32) => 14, [32,64) => 24, [64,128) => 36, [128,256) => 618, [256,512) => 3618
   Buffers: shared hit=3761 read=291
 Settings: enable_bitmapscan = 'off', enable_seqscan = 'off', max_parallel_workers_per_gather = '0'
 Planning:
   Buffers: shared hit=82 read=26
 Planning Time: 1.894 ms
 Execution Time: 9.777 ms
(12 rows)

SET
SET
SET
SET
SET
                                             QUERY PLAN                                             
----------------------------------------------------------------------------------------------------
 Index Scan Backward using idx on public.t (actual rows=4096.00 loops=1)
   Output: a, b
   Index Cond: ((t.a >= '-27081'::integer) AND (t.a <= '-26058'::integer))
   Index Searches: 1
   Buffers: shared hit=4052
 Settings: enable_bitmapscan = 'off', enable_seqscan = 'off', max_parallel_workers_per_gather = '0'
 Planning:
   Buffers: shared hit=113
 Planning Time: 0.151 ms
 Execution Time: 0.511 ms
(10 rows)

