SET
SET
SET
SET
SET
                                             QUERY PLAN                                             
----------------------------------------------------------------------------------------------------
 Index Scan Backward using idx on public.t (actual rows=8192.00 loops=1)
   Output: a, b
   Index Cond: ((t.a >= '-18956'::integer) AND (t.a <= '-16909'::integer))
   Index Searches: 1
   Prefetch: distance=2.070 count=766 stalls=6954 skipped=133 resets=0 ungets=0 forwarded=0
             histogram [2,4) => 748, [4,8) => 18
   Buffers: shared hit=7584 read=490
 Settings: enable_bitmapscan = 'off', enable_seqscan = 'off', max_parallel_workers_per_gather = '0'
 Planning:
   Buffers: shared hit=82 read=26
 Planning Time: 1.900 ms
 Execution Time: 30.160 ms
(12 rows)

SET
SET
SET
SET
SET
                                             QUERY PLAN                                             
----------------------------------------------------------------------------------------------------
 Index Scan Backward using idx on public.t (actual rows=8192.00 loops=1)
   Output: a, b
   Index Cond: ((t.a >= '-18956'::integer) AND (t.a <= '-16909'::integer))
   Index Searches: 1
   Buffers: shared hit=8074
 Settings: enable_bitmapscan = 'off', enable_seqscan = 'off', max_parallel_workers_per_gather = '0'
 Planning:
   Buffers: shared hit=113
 Planning Time: 0.203 ms
 Execution Time: 1.551 ms
(10 rows)

