SET
SET
SET
SET
SET
                                                                       QUERY PLAN                                                                        
---------------------------------------------------------------------------------------------------------------------------------------------------------
 Index Scan Backward using idx on public.t (actual rows=262144.00 loops=1)
   Output: a, b
   Index Cond: ((t.a >= 3528) AND (t.a <= 265671))
   Index Searches: 1
   Prefetch: distance=227.048 count=109255 stalls=153021 skipped=286 resets=0 ungets=738 forwarded=2
             histogram [2,4) => 4048, [4,8) => 43, [8,16) => 13, [16,32) => 26, [32,64) => 158, [64,128) => 1124, [128,256) => 69208, [256,512) => 34635
   Buffers: shared hit=257213 read=5367
 Settings: enable_bitmapscan = 'off', enable_seqscan = 'off', max_parallel_workers_per_gather = '0'
 Planning:
   Buffers: shared hit=82 read=27
 Planning Time: 2.055 ms
 Execution Time: 240.736 ms
(12 rows)

SET
SET
SET
SET
SET
                                             QUERY PLAN                                             
----------------------------------------------------------------------------------------------------
 Index Scan Backward using idx on public.t (actual rows=262144.00 loops=1)
   Output: a, b
   Index Cond: ((t.a >= 3528) AND (t.a <= 265671))
   Index Searches: 1
   Buffers: shared hit=262580
 Settings: enable_bitmapscan = 'off', enable_seqscan = 'off', max_parallel_workers_per_gather = '0'
 Planning:
   Buffers: shared hit=114
 Planning Time: 0.180 ms
 Execution Time: 39.659 ms
(10 rows)

