SET
SET
SET
SET
SET
                                                                        QUERY PLAN                                                                         
-----------------------------------------------------------------------------------------------------------------------------------------------------------
 Index Scan Backward using idx on public.t (actual rows=524288.00 loops=1)
   Output: a, b
   Index Cond: ((t.a >= 7502) AND (t.a <= 531789))
   Index Searches: 1
   Prefetch: distance=210.894 count=121662 stalls=402438 skipped=534 resets=0 ungets=702 forwarded=2
             histogram [2,4) => 12210, [4,8) => 101, [8,16) => 25, [16,32) => 76, [32,64) => 117, [64,128) => 1471, [128,256) => 72588, [256,512) => 35074
   Buffers: shared hit=514963 read=10229
 Settings: enable_bitmapscan = 'off', enable_seqscan = 'off', max_parallel_workers_per_gather = '0'
 Planning:
   Buffers: shared hit=82 read=27
 Planning Time: 2.021 ms
 Execution Time: 545.949 ms
(12 rows)

SET
SET
SET
SET
SET
                                             QUERY PLAN                                             
----------------------------------------------------------------------------------------------------
 Index Scan Backward using idx on public.t (actual rows=524288.00 loops=1)
   Output: a, b
   Index Cond: ((t.a >= 7502) AND (t.a <= 531789))
   Index Searches: 1
   Buffers: shared hit=525192
 Settings: enable_bitmapscan = 'off', enable_seqscan = 'off', max_parallel_workers_per_gather = '0'
 Planning:
   Buffers: shared hit=114
 Planning Time: 0.195 ms
 Execution Time: 77.993 ms
(10 rows)

