SET
SET
SET
SET
SET
                                                                       QUERY PLAN                                                                        
---------------------------------------------------------------------------------------------------------------------------------------------------------
 Index Scan Backward using idx on public.t (actual rows=5048576.00 loops=1)
   Output: a, b
   Index Cond: ((t.a >= 32324) AND (t.a <= 5080899))
   Index Searches: 1
   Prefetch: distance=25.835 count=175545 stalls=4869030 skipped=4839 resets=0 ungets=924 forwarded=1
             histogram [2,4) => 156991, [4,8) => 1321, [8,16) => 13, [16,32) => 26, [32,64) => 46, [64,128) => 205, [128,256) => 8438, [256,512) => 8505
   Buffers: shared hit=4963984 read=93553
 Settings: enable_bitmapscan = 'off', enable_seqscan = 'off', max_parallel_workers_per_gather = '0'
 Planning:
   Buffers: shared hit=82 read=27
 Planning Time: 2.061 ms
 Execution Time: 5822.835 ms
(12 rows)

SET
SET
SET
SET
SET
                                             QUERY PLAN                                             
----------------------------------------------------------------------------------------------------
 Index Scan Backward using idx on public.t (actual rows=5048576.00 loops=1)
   Output: a, b
   Index Cond: ((t.a >= 32324) AND (t.a <= 5080899))
   Index Searches: 1
   Buffers: shared hit=5057537
 Settings: enable_bitmapscan = 'off', enable_seqscan = 'off', max_parallel_workers_per_gather = '0'
 Planning:
   Buffers: shared hit=114
 Planning Time: 0.205 ms
 Execution Time: 754.003 ms
(10 rows)

