SET
SET
SET
SET
SET
                                                                     QUERY PLAN                                                                     
----------------------------------------------------------------------------------------------------------------------------------------------------
 Index Scan Backward using idx on public.t (actual rows=32768.00 loops=1)
   Output: a, b
   Index Cond: ((t.a >= 26883) AND (t.a <= 59650))
   Index Searches: 1
   Prefetch: distance=233.426 count=17118 stalls=15948 skipped=35 resets=0 ungets=690 forwarded=1
             histogram [2,4) => 290, [4,8) => 14, [8,16) => 14, [16,32) => 25, [32,64) => 59, [64,128) => 207, [128,256) => 9201, [256,512) => 7308
   Buffers: shared hit=31400 read=1428
 Settings: enable_bitmapscan = 'off', enable_seqscan = 'off', max_parallel_workers_per_gather = '0'
 Planning:
   Buffers: shared hit=86 read=27
 Planning Time: 2.029 ms
 Execution Time: 46.478 ms
(12 rows)

SET
SET
SET
SET
SET
                                             QUERY PLAN                                             
----------------------------------------------------------------------------------------------------
 Index Scan Backward using idx on public.t (actual rows=32768.00 loops=1)
   Output: a, b
   Index Cond: ((t.a >= 26883) AND (t.a <= 59650))
   Index Searches: 1
   Buffers: shared hit=32828
 Settings: enable_bitmapscan = 'off', enable_seqscan = 'off', max_parallel_workers_per_gather = '0'
 Planning:
   Buffers: shared hit=118
 Planning Time: 0.249 ms
 Execution Time: 3.414 ms
(10 rows)

