SET
SET
SET
SET
SET
                                                                       QUERY PLAN                                                                       
--------------------------------------------------------------------------------------------------------------------------------------------------------
 Index Scan Backward using idx on public.t (actual rows=2048576.00 loops=1)
   Output: a, b
   Index Cond: ((t.a >= 25144) AND (t.a <= 2073719))
   Index Searches: 1
   Prefetch: distance=60.102 count=83790 stalls=1963201 skipped=1988 resets=0 ungets=731 forwarded=2
             histogram [2,4) => 63033, [4,8) => 554, [8,16) => 14, [16,32) => 33, [32,64) => 34, [64,128) => 120, [128,256) => 11033, [256,512) => 8969
   Buffers: shared hit=2013770 read=38421
 Settings: enable_bitmapscan = 'off', enable_seqscan = 'off', max_parallel_workers_per_gather = '0'
 Planning:
   Buffers: shared hit=82 read=27
 Planning Time: 2.010 ms
 Execution Time: 2374.594 ms
(12 rows)

SET
SET
SET
SET
SET
                                             QUERY PLAN                                             
----------------------------------------------------------------------------------------------------
 Index Scan Backward using idx on public.t (actual rows=2048576.00 loops=1)
   Output: a, b
   Index Cond: ((t.a >= 25144) AND (t.a <= 2073719))
   Index Searches: 1
   Buffers: shared hit=2052191
 Settings: enable_bitmapscan = 'off', enable_seqscan = 'off', max_parallel_workers_per_gather = '0'
 Planning:
   Buffers: shared hit=114
 Planning Time: 0.221 ms
 Execution Time: 305.484 ms
(10 rows)

