SET
SET
SET
SET
SET
                                                                       QUERY PLAN                                                                        
---------------------------------------------------------------------------------------------------------------------------------------------------------
 Index Scan Backward using idx on public.t (actual rows=1048576.00 loops=1)
   Output: a, b
   Index Cond: ((t.a >= 8102) AND (t.a <= 1056677))
   Index Searches: 1
   Prefetch: distance=129.004 count=67527 stalls=980968 skipped=1032 resets=0 ungets=985 forwarded=0
             histogram [2,4) => 30909, [4,8) => 267, [8,16) => 13, [16,32) => 36, [32,64) => 79, [64,128) => 564, [128,256) => 21335, [256,512) => 14324
   Buffers: shared hit=1030548 read=19867
 Settings: enable_bitmapscan = 'off', enable_seqscan = 'off', max_parallel_workers_per_gather = '0'
 Planning:
   Buffers: shared hit=82 read=27
 Planning Time: 2.018 ms
 Execution Time: 1171.652 ms
(12 rows)

SET
SET
SET
SET
SET
                                             QUERY PLAN                                             
----------------------------------------------------------------------------------------------------
 Index Scan Backward using idx on public.t (actual rows=1048576.00 loops=1)
   Output: a, b
   Index Cond: ((t.a >= 8102) AND (t.a <= 1056677))
   Index Searches: 1
   Buffers: shared hit=1050415
 Settings: enable_bitmapscan = 'off', enable_seqscan = 'off', max_parallel_workers_per_gather = '0'
 Planning:
   Buffers: shared hit=114
 Planning Time: 0.195 ms
 Execution Time: 156.708 ms
(10 rows)

