SET
SET
SET
SET
SET
                                                                       QUERY PLAN                                                                        
---------------------------------------------------------------------------------------------------------------------------------------------------------
 Index Scan Backward using idx on public.t (actual rows=7048576.00 loops=1)
   Output: a, b
   Index Cond: ((t.a >= 25601) AND (t.a <= 7074176))
   Index Searches: 1
   Prefetch: distance=13.623 count=232387 stalls=6810192 skipped=6770 resets=0 ungets=900 forwarded=1
             histogram [2,4) => 219548, [4,8) => 1857, [8,16) => 19, [16,32) => 24, [32,64) => 91, [64,128) => 149, [128,256) => 4187, [256,512) => 6512
   Buffers: shared hit=6930860 read=130211
 Settings: enable_bitmapscan = 'off', enable_seqscan = 'off', max_parallel_workers_per_gather = '0'
 Planning:
   Buffers: shared hit=82 read=27
 Planning Time: 2.040 ms
 Execution Time: 8115.524 ms
(12 rows)

SET
SET
SET
SET
SET
                                             QUERY PLAN                                             
----------------------------------------------------------------------------------------------------
 Index Scan Backward using idx on public.t (actual rows=7048576.00 loops=1)
   Output: a, b
   Index Cond: ((t.a >= 25601) AND (t.a <= 7074176))
   Index Searches: 1
   Buffers: shared hit=7061071
 Settings: enable_bitmapscan = 'off', enable_seqscan = 'off', max_parallel_workers_per_gather = '0'
 Planning:
   Buffers: shared hit=114
 Planning Time: 0.231 ms
 Execution Time: 1049.207 ms
(10 rows)

