SET
SET
SET
SET
SET
                                                                         QUERY PLAN                                                                          
-------------------------------------------------------------------------------------------------------------------------------------------------------------
 Index Scan Backward using idx on public.t (actual rows=9048576.00 loops=1)
   Output: a, b
   Index Cond: ((t.a >= 21052) AND (t.a <= 9069627))
   Index Searches: 1
   Prefetch: distance=68.778 count=393968 stalls=8646721 skipped=8615 resets=0 ungets=874 forwarded=5
             histogram [2,4) => 278764, [4,8) => 2342, [8,16) => 21, [16,32) => 40, [32,64) => 151, [64,128) => 1423, [128,256) => 74407, [256,512) => 36820
   Buffers: shared hit=8897806 read=166884
 Settings: enable_bitmapscan = 'off', enable_seqscan = 'off', max_parallel_workers_per_gather = '0'
 Planning:
   Buffers: shared hit=82 read=27
 Planning Time: 2.030 ms
 Execution Time: 10327.349 ms
(12 rows)

SET
SET
SET
SET
SET
                                             QUERY PLAN                                             
----------------------------------------------------------------------------------------------------
 Index Scan Backward using idx on public.t (actual rows=9048576.00 loops=1)
   Output: a, b
   Index Cond: ((t.a >= 21052) AND (t.a <= 9069627))
   Index Searches: 1
   Buffers: shared hit=9064690
 Settings: enable_bitmapscan = 'off', enable_seqscan = 'off', max_parallel_workers_per_gather = '0'
 Planning:
   Buffers: shared hit=114
 Planning Time: 0.194 ms
 Execution Time: 1351.734 ms
(10 rows)

