SET
SET
SET
SET
SET
                                                                        QUERY PLAN                                                                         
-----------------------------------------------------------------------------------------------------------------------------------------------------------
 Index Scan Backward using idx on public.t (actual rows=8048576.00 loops=1)
   Output: a, b
   Index Cond: ((t.a >= 4641) AND (t.a <= 8053216))
   Index Searches: 1
   Prefetch: distance=26.726 count=281167 stalls=7760475 skipped=7728 resets=0 ungets=911 forwarded=3
             histogram [2,4) => 249728, [4,8) => 2119, [8,16) => 16, [16,32) => 26, [32,64) => 41, [64,128) => 432, [128,256) => 16795, [256,512) => 12010
   Buffers: shared hit=7914528 read=148317
 Settings: enable_bitmapscan = 'off', enable_seqscan = 'off', max_parallel_workers_per_gather = '0'
 Planning:
   Buffers: shared hit=82 read=27
 Planning Time: 2.038 ms
 Execution Time: 9208.464 ms
(12 rows)

SET
SET
SET
SET
SET
                                             QUERY PLAN                                             
----------------------------------------------------------------------------------------------------
 Index Scan Backward using idx on public.t (actual rows=8048576.00 loops=1)
   Output: a, b
   Index Cond: ((t.a >= 4641) AND (t.a <= 8053216))
   Index Searches: 1
   Buffers: shared hit=8062845
 Settings: enable_bitmapscan = 'off', enable_seqscan = 'off', max_parallel_workers_per_gather = '0'
 Planning:
   Buffers: shared hit=114
 Planning Time: 0.230 ms
 Execution Time: 1193.793 ms
(10 rows)

