SET
SET
SET
SET
SET
                                                                         QUERY PLAN                                                                         
------------------------------------------------------------------------------------------------------------------------------------------------------------
 Index Scan Backward using idx on public.t (actual rows=6048576.00 loops=1)
   Output: a, b
   Index Cond: ((t.a >= 7629) AND (t.a <= 6056204))
   Index Searches: 1
   Prefetch: distance=48.160 count=234594 stalls=5809169 skipped=5816 resets=0 ungets=1004 forwarded=1
             histogram [2,4) => 186811, [4,8) => 1573, [8,16) => 13, [16,32) => 38, [32,64) => 119, [64,128) => 992, [128,256) => 27934, [256,512) => 17114
   Buffers: shared hit=5947644 read=111649
 Settings: enable_bitmapscan = 'off', enable_seqscan = 'off', max_parallel_workers_per_gather = '0'
 Planning:
   Buffers: shared hit=82 read=27
 Planning Time: 1.991 ms
 Execution Time: 6908.295 ms
(12 rows)

SET
SET
SET
SET
SET
                                             QUERY PLAN                                             
----------------------------------------------------------------------------------------------------
 Index Scan Backward using idx on public.t (actual rows=6048576.00 loops=1)
   Output: a, b
   Index Cond: ((t.a >= 7629) AND (t.a <= 6056204))
   Index Searches: 1
   Buffers: shared hit=6059293
 Settings: enable_bitmapscan = 'off', enable_seqscan = 'off', max_parallel_workers_per_gather = '0'
 Planning:
   Buffers: shared hit=114
 Planning Time: 0.220 ms
 Execution Time: 898.159 ms
(10 rows)

