SET
SET
SET
SET
SET
                                                                    QUERY PLAN                                                                    
--------------------------------------------------------------------------------------------------------------------------------------------------
 Index Scan Backward using idx on public.t (actual rows=3048576.00 loops=1)
   Output: a, b
   Index Cond: ((t.a >= '-765702'::integer) AND (t.a <= '-3559'::integer))
   Index Searches: 1
   Prefetch: distance=264.215 count=3310805 stalls=1 skipped=44922 resets=0 ungets=307179 forwarded=8
             histogram [2,4) => 4, [4,8) => 5, [8,16) => 6, [16,32) => 16, [32,64) => 3, [64,128) => 2, [128,256) => 463467, [256,512) => 2847302
   Buffers: shared hit=2858401 read=149822
 Settings: enable_bitmapscan = 'off', enable_seqscan = 'off', max_parallel_workers_per_gather = '0'
 Planning:
   Buffers: shared hit=78 read=26
 Planning Time: 1.924 ms
 Execution Time: 3395.896 ms
(12 rows)

SET
SET
SET
SET
SET
                                             QUERY PLAN                                             
----------------------------------------------------------------------------------------------------
 Index Scan Backward using idx on public.t (actual rows=3048576.00 loops=1)
   Output: a, b
   Index Cond: ((t.a >= '-765702'::integer) AND (t.a <= '-3559'::integer))
   Index Searches: 1
   Buffers: shared hit=3008224
 Settings: enable_bitmapscan = 'off', enable_seqscan = 'off', max_parallel_workers_per_gather = '0'
 Planning:
   Buffers: shared hit=109
 Planning Time: 0.223 ms
 Execution Time: 494.594 ms
(10 rows)

