SET
SET
SET
SET
SET
                                                                      QUERY PLAN                                                                      
------------------------------------------------------------------------------------------------------------------------------------------------------
 Index Scan Backward using idx on public.t (actual rows=65536.00 loops=1)
   Output: a, b
   Index Cond: ((t.a >= 28046) AND (t.a <= 93581))
   Index Searches: 1
   Prefetch: distance=232.459 count=51228 stalls=14797 skipped=55 resets=0 ungets=794 forwarded=2
             histogram [2,4) => 278, [4,8) => 11, [8,16) => 17, [16,32) => 26, [32,64) => 69, [64,128) => 779, [128,256) => 32994, [256,512) => 17054
   Buffers: shared hit=63621 read=2045
 Settings: enable_bitmapscan = 'off', enable_seqscan = 'off', max_parallel_workers_per_gather = '0'
 Planning:
   Buffers: shared hit=86 read=27
 Planning Time: 2.051 ms
 Execution Time: 62.055 ms
(12 rows)

SET
SET
SET
SET
SET
                                             QUERY PLAN                                             
----------------------------------------------------------------------------------------------------
 Index Scan Backward using idx on public.t (actual rows=65536.00 loops=1)
   Output: a, b
   Index Cond: ((t.a >= 28046) AND (t.a <= 93581))
   Index Searches: 1
   Buffers: shared hit=65666
 Settings: enable_bitmapscan = 'off', enable_seqscan = 'off', max_parallel_workers_per_gather = '0'
 Planning:
   Buffers: shared hit=118
 Planning Time: 0.181 ms
 Execution Time: 10.681 ms
(10 rows)

