SET
SET
SET
SET
SET
                                                                QUERY PLAN                                                                 
-------------------------------------------------------------------------------------------------------------------------------------------
 Index Scan Backward using idx on public.t (actual rows=2048.00 loops=1)
   Output: a, b
   Index Cond: ((t.a >= 8539) AND (t.a <= 10586))
   Index Searches: 1
   Prefetch: distance=263.958 count=2083 stalls=2 skipped=2 resets=0 ungets=376 forwarded=1
             histogram [2,4) => 2, [4,8) => 5, [8,16) => 7, [16,32) => 11, [32,64) => 6, [64,128) => 2, [128,256) => 94, [256,512) => 1956
   Buffers: shared hit=1433 read=622
 Settings: enable_bitmapscan = 'off', enable_seqscan = 'off', max_parallel_workers_per_gather = '0'
 Planning:
   Buffers: shared hit=86 read=27
 Planning Time: 2.062 ms
 Execution Time: 19.587 ms
(12 rows)

SET
SET
SET
SET
SET
                                             QUERY PLAN                                             
----------------------------------------------------------------------------------------------------
 Index Scan Backward using idx on public.t (actual rows=2048.00 loops=1)
   Output: a, b
   Index Cond: ((t.a >= 8539) AND (t.a <= 10586))
   Index Searches: 1
   Buffers: shared hit=2055
 Settings: enable_bitmapscan = 'off', enable_seqscan = 'off', max_parallel_workers_per_gather = '0'
 Planning:
   Buffers: shared hit=118
 Planning Time: 0.202 ms
 Execution Time: 0.570 ms
(10 rows)

