SET
SET
SET
SET
SET
                                                                     QUERY PLAN                                                                     
----------------------------------------------------------------------------------------------------------------------------------------------------
 Index Scan Backward using idx on public.t (actual rows=32768.00 loops=1)
   Output: a, b
   Index Cond: ((t.a >= 11763) AND (t.a <= 44530))
   Index Searches: 1
   Prefetch: distance=235.460 count=10590 stalls=22626 skipped=51 resets=0 ungets=742 forwarded=0
             histogram [2,4) => 268, [4,8) => 10, [8,16) => 19, [16,32) => 37, [32,64) => 42, [64,128) => 112, [128,256) => 4640, [256,512) => 5462
   Buffers: shared hit=31537 read=1275
 Settings: enable_bitmapscan = 'off', enable_seqscan = 'off', max_parallel_workers_per_gather = '0'
 Planning:
   Buffers: shared hit=86 read=27
 Planning Time: 2.039 ms
 Execution Time: 41.456 ms
(12 rows)

SET
SET
SET
SET
SET
                                             QUERY PLAN                                             
----------------------------------------------------------------------------------------------------
 Index Scan Backward using idx on public.t (actual rows=32768.00 loops=1)
   Output: a, b
   Index Cond: ((t.a >= 11763) AND (t.a <= 44530))
   Index Searches: 1
   Buffers: shared hit=32812
 Settings: enable_bitmapscan = 'off', enable_seqscan = 'off', max_parallel_workers_per_gather = '0'
 Planning:
   Buffers: shared hit=118
 Planning Time: 0.207 ms
 Execution Time: 3.815 ms
(10 rows)

