SET
SET
SET
SET
SET
                                                                        QUERY PLAN                                                                         
-----------------------------------------------------------------------------------------------------------------------------------------------------------
 Index Scan Backward using idx on public.t (actual rows=4048576.00 loops=1)
   Output: a, b
   Index Cond: ((t.a >= 8522) AND (t.a <= 4057097))
   Index Searches: 1
   Prefetch: distance=54.826 count=161845 stalls=3883216 skipped=3873 resets=0 ungets=710 forwarded=1
             histogram [2,4) => 124653, [4,8) => 1055, [8,16) => 13, [16,32) => 43, [32,64) => 72, [64,128) => 292, [128,256) => 22104, [256,512) => 13613
   Buffers: shared hit=3980824 read=74946
 Settings: enable_bitmapscan = 'off', enable_seqscan = 'off', max_parallel_workers_per_gather = '0'
 Planning:
   Buffers: shared hit=82 read=27
 Planning Time: 2.050 ms
 Execution Time: 4635.692 ms
(12 rows)

SET
SET
SET
SET
SET
                                             QUERY PLAN                                             
----------------------------------------------------------------------------------------------------
 Index Scan Backward using idx on public.t (actual rows=4048576.00 loops=1)
   Output: a, b
   Index Cond: ((t.a >= 8522) AND (t.a <= 4057097))
   Index Searches: 1
   Buffers: shared hit=4055770
 Settings: enable_bitmapscan = 'off', enable_seqscan = 'off', max_parallel_workers_per_gather = '0'
 Planning:
   Buffers: shared hit=114
 Planning Time: 0.236 ms
 Execution Time: 602.089 ms
(10 rows)

