SET
SET
SET
SET
SET
                                                                      QUERY PLAN                                                                      
------------------------------------------------------------------------------------------------------------------------------------------------------
 Index Scan Backward using idx on public.t (actual rows=2048576.00 loops=1)
   Output: a, b
   Index Cond: ((t.a >= 16402) AND (t.a <= 2064977))
   Index Searches: 1
   Prefetch: distance=41.462 count=75734 stalls=1971833 skipped=2003 resets=0 ungets=998 forwarded=1
             histogram [2,4) => 63115, [4,8) => 551, [8,16) => 13, [16,32) => 25, [32,64) => 34, [64,128) => 66, [128,256) => 4904, [256,512) => 7026
   Buffers: shared hit=2013850 read=38327
 Settings: enable_bitmapscan = 'off', enable_seqscan = 'off', max_parallel_workers_per_gather = '0'
 Planning:
   Buffers: shared hit=82 read=27
 Planning Time: 2.002 ms
 Execution Time: 2335.734 ms
(12 rows)

SET
SET
SET
SET
SET
                                             QUERY PLAN                                             
----------------------------------------------------------------------------------------------------
 Index Scan Backward using idx on public.t (actual rows=2048576.00 loops=1)
   Output: a, b
   Index Cond: ((t.a >= 16402) AND (t.a <= 2064977))
   Index Searches: 1
   Buffers: shared hit=2052177
 Settings: enable_bitmapscan = 'off', enable_seqscan = 'off', max_parallel_workers_per_gather = '0'
 Planning:
   Buffers: shared hit=114
 Planning Time: 0.189 ms
 Execution Time: 303.899 ms
(10 rows)

