SET
SET
SET
SET
SET
                                                                        QUERY PLAN                                                                        
----------------------------------------------------------------------------------------------------------------------------------------------------------
 Index Scan Backward using idx on public.t (actual rows=7048576.00 loops=1)
   Output: a, b
   Index Cond: ((t.a >= 29550) AND (t.a <= 7078125))
   Index Searches: 1
   Prefetch: distance=17.221 count=236043 stalls=6806688 skipped=6770 resets=0 ungets=975 forwarded=1
             histogram [2,4) => 219494, [4,8) => 1854, [8,16) => 22, [16,32) => 21, [32,64) => 128, [64,128) => 264, [128,256) => 6135, [256,512) => 8125
   Buffers: shared hit=6930824 read=130247
 Settings: enable_bitmapscan = 'off', enable_seqscan = 'off', max_parallel_workers_per_gather = '0'
 Planning:
   Buffers: shared hit=82 read=27
 Planning Time: 2.126 ms
 Execution Time: 8103.149 ms
(12 rows)

SET
SET
SET
SET
SET
                                             QUERY PLAN                                             
----------------------------------------------------------------------------------------------------
 Index Scan Backward using idx on public.t (actual rows=7048576.00 loops=1)
   Output: a, b
   Index Cond: ((t.a >= 29550) AND (t.a <= 7078125))
   Index Searches: 1
   Buffers: shared hit=7061071
 Settings: enable_bitmapscan = 'off', enable_seqscan = 'off', max_parallel_workers_per_gather = '0'
 Planning:
   Buffers: shared hit=114
 Planning Time: 0.219 ms
 Execution Time: 1040.110 ms
(10 rows)

