SET
SET
SET
SET
SET
                                                                       QUERY PLAN                                                                        
---------------------------------------------------------------------------------------------------------------------------------------------------------
 Index Scan Backward using idx on public.t (actual rows=1048576.00 loops=1)
   Output: a, b
   Index Cond: ((t.a >= 16129) AND (t.a <= 1064704))
   Index Searches: 1
   Prefetch: distance=140.348 count=75536 stalls=973005 skipped=1022 resets=0 ungets=996 forwarded=0
             histogram [2,4) => 30861, [4,8) => 267, [8,16) => 13, [16,32) => 36, [32,64) => 79, [64,128) => 533, [128,256) => 27037, [256,512) => 16710
   Buffers: shared hit=1030461 read=19964
 Settings: enable_bitmapscan = 'off', enable_seqscan = 'off', max_parallel_workers_per_gather = '0'
 Planning:
   Buffers: shared hit=82 read=27
 Planning Time: 2.030 ms
 Execution Time: 1169.722 ms
(12 rows)

SET
SET
SET
SET
SET
                                             QUERY PLAN                                             
----------------------------------------------------------------------------------------------------
 Index Scan Backward using idx on public.t (actual rows=1048576.00 loops=1)
   Output: a, b
   Index Cond: ((t.a >= 16129) AND (t.a <= 1064704))
   Index Searches: 1
   Buffers: shared hit=1050425
 Settings: enable_bitmapscan = 'off', enable_seqscan = 'off', max_parallel_workers_per_gather = '0'
 Planning:
   Buffers: shared hit=114
 Planning Time: 0.197 ms
 Execution Time: 154.862 ms
(10 rows)

