SET
SET
SET
SET
SET
                                                                      QUERY PLAN                                                                       
-------------------------------------------------------------------------------------------------------------------------------------------------------
 Index Scan Backward using idx on public.t (actual rows=262144.00 loops=1)
   Output: a, b
   Index Cond: ((t.a >= 24057) AND (t.a <= 286200))
   Index Searches: 1
   Prefetch: distance=190.617 count=33796 stalls=228455 skipped=261 resets=0 ungets=721 forwarded=0
             histogram [2,4) => 6994, [4,8) => 61, [8,16) => 16, [16,32) => 31, [32,64) => 36, [64,128) => 257, [128,256) => 15516, [256,512) => 10885
   Buffers: shared hit=256988 read=5616
 Settings: enable_bitmapscan = 'off', enable_seqscan = 'off', max_parallel_workers_per_gather = '0'
 Planning:
   Buffers: shared hit=82 read=27
 Planning Time: 2.027 ms
 Execution Time: 303.737 ms
(12 rows)

SET
SET
SET
SET
SET
                                             QUERY PLAN                                             
----------------------------------------------------------------------------------------------------
 Index Scan Backward using idx on public.t (actual rows=262144.00 loops=1)
   Output: a, b
   Index Cond: ((t.a >= 24057) AND (t.a <= 286200))
   Index Searches: 1
   Buffers: shared hit=262604
 Settings: enable_bitmapscan = 'off', enable_seqscan = 'off', max_parallel_workers_per_gather = '0'
 Planning:
   Buffers: shared hit=114
 Planning Time: 0.212 ms
 Execution Time: 39.902 ms
(10 rows)

