SET
SET
SET
SET
SET
                                                                         QUERY PLAN                                                                          
-------------------------------------------------------------------------------------------------------------------------------------------------------------
 Index Scan Backward using idx on public.t (actual rows=9048576.00 loops=1)
   Output: a, b
   Index Cond: ((t.a >= 996) AND (t.a <= 9049571))
   Index Searches: 1
   Prefetch: distance=59.921 count=373900 stalls=8666619 skipped=8647 resets=0 ungets=810 forwarded=5
             histogram [2,4) => 278868, [4,8) => 2342, [8,16) => 20, [16,32) => 42, [32,64) => 153, [64,128) => 1165, [128,256) => 60473, [256,512) => 30837
   Buffers: shared hit=8898038 read=166619
 Settings: enable_bitmapscan = 'off', enable_seqscan = 'off', max_parallel_workers_per_gather = '0'
 Planning:
   Buffers: shared hit=82 read=27
 Planning Time: 2.105 ms
 Execution Time: 10326.676 ms
(12 rows)

SET
SET
SET
SET
SET
                                             QUERY PLAN                                             
----------------------------------------------------------------------------------------------------
 Index Scan Backward using idx on public.t (actual rows=9048576.00 loops=1)
   Output: a, b
   Index Cond: ((t.a >= 996) AND (t.a <= 9049571))
   Index Searches: 1
   Buffers: shared hit=9064657
 Settings: enable_bitmapscan = 'off', enable_seqscan = 'off', max_parallel_workers_per_gather = '0'
 Planning:
   Buffers: shared hit=114
 Planning Time: 0.225 ms
 Execution Time: 1338.648 ms
(10 rows)

