SET
SET
SET
SET
SET
                                                                 QUERY PLAN                                                                 
--------------------------------------------------------------------------------------------------------------------------------------------
 Index Scan Backward using idx on public.t (actual rows=2048.00 loops=1)
   Output: a, b
   Index Cond: ((t.a >= 18746) AND (t.a <= 20793))
   Index Searches: 1
   Prefetch: distance=264.585 count=2214 stalls=1 skipped=3 resets=0 ungets=466 forwarded=0
             histogram [2,4) => 2, [4,8) => 5, [8,16) => 12, [16,32) => 11, [32,64) => 4, [64,128) => 3, [128,256) => 86, [256,512) => 2091
   Buffers: shared hit=1327 read=726
 Settings: enable_bitmapscan = 'off', enable_seqscan = 'off', max_parallel_workers_per_gather = '0'
 Planning:
   Buffers: shared hit=86 read=27
 Planning Time: 2.078 ms
 Execution Time: 21.412 ms
(12 rows)

SET
SET
SET
SET
SET
                                             QUERY PLAN                                             
----------------------------------------------------------------------------------------------------
 Index Scan Backward using idx on public.t (actual rows=2048.00 loops=1)
   Output: a, b
   Index Cond: ((t.a >= 18746) AND (t.a <= 20793))
   Index Searches: 1
   Buffers: shared hit=2053
 Settings: enable_bitmapscan = 'off', enable_seqscan = 'off', max_parallel_workers_per_gather = '0'
 Planning:
   Buffers: shared hit=118
 Planning Time: 0.170 ms
 Execution Time: 0.453 ms
(10 rows)

