SET
SET
SET
SET
SET
                                                                      QUERY PLAN                                                                       
-------------------------------------------------------------------------------------------------------------------------------------------------------
 Index Scan Backward using idx on public.t (actual rows=1048576.00 loops=1)
   Output: a, b
   Index Cond: ((t.a >= 26870) AND (t.a <= 1075445))
   Index Searches: 1
   Prefetch: distance=61.353 count=42654 stalls=1005688 skipped=1006 resets=0 ungets=908 forwarded=0
             histogram [2,4) => 32137, [4,8) => 283, [8,16) => 13, [16,32) => 24, [32,64) => 94, [64,128) => 185, [128,256) => 3564, [256,512) => 6354
   Buffers: shared hit=1030365 read=20076
 Settings: enable_bitmapscan = 'off', enable_seqscan = 'off', max_parallel_workers_per_gather = '0'
 Planning:
   Buffers: shared hit=82 read=27
 Planning Time: 2.055 ms
 Execution Time: 1223.078 ms
(12 rows)

SET
SET
SET
SET
SET
                                             QUERY PLAN                                             
----------------------------------------------------------------------------------------------------
 Index Scan Backward using idx on public.t (actual rows=1048576.00 loops=1)
   Output: a, b
   Index Cond: ((t.a >= 26870) AND (t.a <= 1075445))
   Index Searches: 1
   Buffers: shared hit=1050441
 Settings: enable_bitmapscan = 'off', enable_seqscan = 'off', max_parallel_workers_per_gather = '0'
 Planning:
   Buffers: shared hit=114
 Planning Time: 0.205 ms
 Execution Time: 158.266 ms
(10 rows)

