SET
SET
SET
SET
SET
                                                                     QUERY PLAN                                                                      
-----------------------------------------------------------------------------------------------------------------------------------------------------
 Index Scan Backward using idx on public.t (actual rows=262144.00 loops=1)
   Output: a, b
   Index Cond: ((t.a >= 9833) AND (t.a <= 271976))
   Index Searches: 1
   Prefetch: distance=160.922 count=20286 stalls=242529 skipped=281 resets=0 ungets=989 forwarded=0
             histogram [2,4) => 7110, [4,8) => 62, [8,16) => 12, [16,32) => 24, [32,64) => 37, [64,128) => 163, [128,256) => 5578, [256,512) => 7300
   Buffers: shared hit=257130 read=5456
 Settings: enable_bitmapscan = 'off', enable_seqscan = 'off', max_parallel_workers_per_gather = '0'
 Planning:
   Buffers: shared hit=82 read=27
 Planning Time: 2.015 ms
 Execution Time: 283.515 ms
(12 rows)

SET
SET
SET
SET
SET
                                             QUERY PLAN                                             
----------------------------------------------------------------------------------------------------
 Index Scan Backward using idx on public.t (actual rows=262144.00 loops=1)
   Output: a, b
   Index Cond: ((t.a >= 9833) AND (t.a <= 271976))
   Index Searches: 1
   Buffers: shared hit=262586
 Settings: enable_bitmapscan = 'off', enable_seqscan = 'off', max_parallel_workers_per_gather = '0'
 Planning:
   Buffers: shared hit=114
 Planning Time: 0.193 ms
 Execution Time: 37.434 ms
(10 rows)

