SET
SET
SET
SET
SET
                                                                 QUERY PLAN                                                                  
---------------------------------------------------------------------------------------------------------------------------------------------
 Index Scan Backward using idx on public.t (actual rows=4096.00 loops=1)
   Output: a, b
   Index Cond: ((t.a >= 15556) AND (t.a <= 19651))
   Index Searches: 1
   Prefetch: distance=258.901 count=4351 stalls=2 skipped=10 resets=0 ungets=519 forwarded=1
             histogram [2,4) => 4, [4,8) => 10, [8,16) => 8, [16,32) => 14, [32,64) => 2, [64,128) => 3, [128,256) => 943, [256,512) => 3367
   Buffers: shared hit=3322 read=781
 Settings: enable_bitmapscan = 'off', enable_seqscan = 'off', max_parallel_workers_per_gather = '0'
 Planning:
   Buffers: shared hit=86 read=27
 Planning Time: 2.032 ms
 Execution Time: 20.501 ms
(12 rows)

SET
SET
SET
SET
SET
                                             QUERY PLAN                                             
----------------------------------------------------------------------------------------------------
 Index Scan Backward using idx on public.t (actual rows=4096.00 loops=1)
   Output: a, b
   Index Cond: ((t.a >= 15556) AND (t.a <= 19651))
   Index Searches: 1
   Buffers: shared hit=4103
 Settings: enable_bitmapscan = 'off', enable_seqscan = 'off', max_parallel_workers_per_gather = '0'
 Planning:
   Buffers: shared hit=118
 Planning Time: 0.209 ms
 Execution Time: 1.431 ms
(10 rows)

