SET
SET
SET
SET
SET
                                                                     QUERY PLAN                                                                     
----------------------------------------------------------------------------------------------------------------------------------------------------
 Index Scan Backward using idx on public.t (actual rows=32768.00 loops=1)
   Output: a, b
   Index Cond: ((t.a >= 19034) AND (t.a <= 51801))
   Index Searches: 1
   Prefetch: distance=237.877 count=9636 stalls=23695 skipped=42 resets=0 ungets=799 forwarded=0
             histogram [2,4) => 380, [4,8) => 11, [8,16) => 14, [16,32) => 24, [32,64) => 53, [64,128) => 128, [128,256) => 3442, [256,512) => 5584
   Buffers: shared hit=31467 read=1354
 Settings: enable_bitmapscan = 'off', enable_seqscan = 'off', max_parallel_workers_per_gather = '0'
 Planning:
   Buffers: shared hit=86 read=27
 Planning Time: 2.074 ms
 Execution Time: 41.143 ms
(12 rows)

SET
SET
SET
SET
SET
                                             QUERY PLAN                                             
----------------------------------------------------------------------------------------------------
 Index Scan Backward using idx on public.t (actual rows=32768.00 loops=1)
   Output: a, b
   Index Cond: ((t.a >= 19034) AND (t.a <= 51801))
   Index Searches: 1
   Buffers: shared hit=32821
 Settings: enable_bitmapscan = 'off', enable_seqscan = 'off', max_parallel_workers_per_gather = '0'
 Planning:
   Buffers: shared hit=118
 Planning Time: 0.168 ms
 Execution Time: 5.881 ms
(10 rows)

