SET
SET
SET
SET
SET
                                                                        QUERY PLAN                                                                        
----------------------------------------------------------------------------------------------------------------------------------------------------------
 Index Scan Backward using idx on public.t (actual rows=7048576.00 loops=1)
   Output: a, b
   Index Cond: ((t.a >= 32416) AND (t.a <= 7080991))
   Index Searches: 1
   Prefetch: distance=19.090 count=238307 stalls=6803869 skipped=6770 resets=0 ungets=724 forwarded=1
             histogram [2,4) => 219452, [4,8) => 1855, [8,16) => 21, [16,32) => 29, [32,64) => 140, [64,128) => 425, [128,256) => 8161, [256,512) => 8224
   Buffers: shared hit=6930806 read=130264
 Settings: enable_bitmapscan = 'off', enable_seqscan = 'off', max_parallel_workers_per_gather = '0'
 Planning:
   Buffers: shared hit=82 read=27
 Planning Time: 2.037 ms
 Execution Time: 8107.402 ms
(12 rows)

SET
SET
SET
SET
SET
                                             QUERY PLAN                                             
----------------------------------------------------------------------------------------------------
 Index Scan Backward using idx on public.t (actual rows=7048576.00 loops=1)
   Output: a, b
   Index Cond: ((t.a >= 32416) AND (t.a <= 7080991))
   Index Searches: 1
   Buffers: shared hit=7061070
 Settings: enable_bitmapscan = 'off', enable_seqscan = 'off', max_parallel_workers_per_gather = '0'
 Planning:
   Buffers: shared hit=114
 Planning Time: 0.198 ms
 Execution Time: 1038.868 ms
(10 rows)

