SET
SET
SET
SET
SET
                                                                         QUERY PLAN                                                                         
------------------------------------------------------------------------------------------------------------------------------------------------------------
 Index Scan Backward using idx on public.t (actual rows=6048576.00 loops=1)
   Output: a, b
   Index Cond: ((t.a >= 6923) AND (t.a <= 6055498))
   Index Searches: 1
   Prefetch: distance=47.527 count=233837 stalls=5809871 skipped=5818 resets=0 ungets=977 forwarded=1
             histogram [2,4) => 186813, [4,8) => 1573, [8,16) => 13, [16,32) => 38, [32,64) => 119, [64,128) => 992, [128,256) => 27454, [256,512) => 16835
   Buffers: shared hit=5947653 read=111638
 Settings: enable_bitmapscan = 'off', enable_seqscan = 'off', max_parallel_workers_per_gather = '0'
 Planning:
   Buffers: shared hit=82 read=27
 Planning Time: 2.042 ms
 Execution Time: 6925.102 ms
(12 rows)

SET
SET
SET
SET
SET
                                             QUERY PLAN                                             
----------------------------------------------------------------------------------------------------
 Index Scan Backward using idx on public.t (actual rows=6048576.00 loops=1)
   Output: a, b
   Index Cond: ((t.a >= 6923) AND (t.a <= 6055498))
   Index Searches: 1
   Buffers: shared hit=6059291
 Settings: enable_bitmapscan = 'off', enable_seqscan = 'off', max_parallel_workers_per_gather = '0'
 Planning:
   Buffers: shared hit=114
 Planning Time: 0.226 ms
 Execution Time: 896.156 ms
(10 rows)

