SET
SET
SET
SET
SET
                                                               QUERY PLAN                                                                
-----------------------------------------------------------------------------------------------------------------------------------------
 Index Scan Backward using idx on public.t (actual rows=512.00 loops=1)
   Output: a, b
   Index Cond: ((t.a >= 1881) AND (t.a <= 2392))
   Index Searches: 1
   Prefetch: distance=248.247 count=441 stalls=2 skipped=0 resets=0 ungets=126 forwarded=0
             histogram [2,4) => 6, [4,8) => 7, [8,16) => 9, [16,32) => 14, [32,64) => 2, [64,128) => 2, [128,256) => 2, [256,512) => 399
   Buffers: shared hit=217 read=302
 Settings: enable_bitmapscan = 'off', enable_seqscan = 'off', max_parallel_workers_per_gather = '0'
 Planning:
   Buffers: shared hit=86 read=27
 Planning Time: 1.329 ms
 Execution Time: 10.029 ms
(12 rows)

SET
SET
SET
SET
SET
                                             QUERY PLAN                                             
----------------------------------------------------------------------------------------------------
 Index Scan Backward using idx on public.t (actual rows=512.00 loops=1)
   Output: a, b
   Index Cond: ((t.a >= 1881) AND (t.a <= 2392))
   Index Searches: 1
   Buffers: shared hit=519
 Settings: enable_bitmapscan = 'off', enable_seqscan = 'off', max_parallel_workers_per_gather = '0'
 Planning:
   Buffers: shared hit=118
 Planning Time: 0.197 ms
 Execution Time: 0.413 ms
(10 rows)

