SET
SET
SET
SET
SET
                                                                       QUERY PLAN                                                                        
---------------------------------------------------------------------------------------------------------------------------------------------------------
 Index Scan Backward using idx on public.t (actual rows=2048576.00 loops=1)
   Output: a, b
   Index Cond: ((t.a >= 3972) AND (t.a <= 2052547))
   Index Searches: 1
   Prefetch: distance=66.495 count=85988 stalls=1961544 skipped=2009 resets=0 ungets=983 forwarded=1
             histogram [2,4) => 62449, [4,8) => 542, [8,16) => 17, [16,32) => 33, [32,64) => 66, [64,128) => 123, [128,256) => 12450, [256,512) => 10308
   Buffers: shared hit=2014006 read=38165
 Settings: enable_bitmapscan = 'off', enable_seqscan = 'off', max_parallel_workers_per_gather = '0'
 Planning:
   Buffers: shared hit=82 read=27
 Planning Time: 2.051 ms
 Execution Time: 2315.884 ms
(12 rows)

SET
SET
SET
SET
SET
                                             QUERY PLAN                                             
----------------------------------------------------------------------------------------------------
 Index Scan Backward using idx on public.t (actual rows=2048576.00 loops=1)
   Output: a, b
   Index Cond: ((t.a >= 3972) AND (t.a <= 2052547))
   Index Searches: 1
   Buffers: shared hit=2052171
 Settings: enable_bitmapscan = 'off', enable_seqscan = 'off', max_parallel_workers_per_gather = '0'
 Planning:
   Buffers: shared hit=114
 Planning Time: 0.193 ms
 Execution Time: 302.653 ms
(10 rows)

