SET
SET
SET
SET
SET
                                                                     QUERY PLAN                                                                      
-----------------------------------------------------------------------------------------------------------------------------------------------------
 Index Scan Backward using idx on public.t (actual rows=131072.00 loops=1)
   Output: a, b
   Index Cond: ((t.a >= 13082) AND (t.a <= 144153))
   Index Searches: 1
   Prefetch: distance=197.616 count=15759 stalls=115600 skipped=129 resets=0 ungets=730 forwarded=0
             histogram [2,4) => 3098, [4,8) => 33, [8,16) => 16, [16,32) => 25, [32,64) => 35, [64,128) => 145, [128,256) => 5654, [256,512) => 6753
   Buffers: shared hit=128220 read=3087
 Settings: enable_bitmapscan = 'off', enable_seqscan = 'off', max_parallel_workers_per_gather = '0'
 Planning:
   Buffers: shared hit=82 read=27
 Planning Time: 2.030 ms
 Execution Time: 155.004 ms
(12 rows)

SET
SET
SET
SET
SET
                                             QUERY PLAN                                             
----------------------------------------------------------------------------------------------------
 Index Scan Backward using idx on public.t (actual rows=131072.00 loops=1)
   Output: a, b
   Index Cond: ((t.a >= 13082) AND (t.a <= 144153))
   Index Searches: 1
   Buffers: shared hit=131307
 Settings: enable_bitmapscan = 'off', enable_seqscan = 'off', max_parallel_workers_per_gather = '0'
 Planning:
   Buffers: shared hit=114
 Planning Time: 0.211 ms
 Execution Time: 19.541 ms
(10 rows)

