SET
SET
SET
SET
SET
                                                                       QUERY PLAN                                                                        
---------------------------------------------------------------------------------------------------------------------------------------------------------
 Index Scan Backward using idx on public.t (actual rows=262144.00 loops=1)
   Output: a, b
   Index Cond: ((t.a >= 277) AND (t.a <= 262420))
   Index Searches: 1
   Prefetch: distance=226.620 count=105921 stalls=156254 skipped=301 resets=0 ungets=695 forwarded=2
             histogram [2,4) => 4050, [4,8) => 44, [8,16) => 15, [16,32) => 28, [32,64) => 157, [64,128) => 1155, [128,256) => 66768, [256,512) => 33704
   Buffers: shared hit=257251 read=5314
 Settings: enable_bitmapscan = 'off', enable_seqscan = 'off', max_parallel_workers_per_gather = '0'
 Planning:
   Buffers: shared hit=82 read=27
 Planning Time: 2.010 ms
 Execution Time: 240.626 ms
(12 rows)

SET
SET
SET
SET
SET
                                             QUERY PLAN                                             
----------------------------------------------------------------------------------------------------
 Index Scan Backward using idx on public.t (actual rows=262144.00 loops=1)
   Output: a, b
   Index Cond: ((t.a >= 277) AND (t.a <= 262420))
   Index Searches: 1
   Buffers: shared hit=262565
 Settings: enable_bitmapscan = 'off', enable_seqscan = 'off', max_parallel_workers_per_gather = '0'
 Planning:
   Buffers: shared hit=114
 Planning Time: 0.201 ms
 Execution Time: 36.079 ms
(10 rows)

