SET
SET
SET
SET
SET
                                                                     QUERY PLAN                                                                      
-----------------------------------------------------------------------------------------------------------------------------------------------------
 Index Scan Backward using idx on public.t (actual rows=65536.00 loops=1)
   Output: a, b
   Index Cond: ((t.a >= 13557) AND (t.a <= 79092))
   Index Searches: 1
   Prefetch: distance=231.632 count=37290 stalls=29111 skipped=72 resets=0 ungets=972 forwarded=1
             histogram [2,4) => 424, [4,8) => 9, [8,16) => 13, [16,32) => 25, [32,64) => 69, [64,128) => 707, [128,256) => 22551, [256,512) => 13492
   Buffers: shared hit=63755 read=1894
 Settings: enable_bitmapscan = 'off', enable_seqscan = 'off', max_parallel_workers_per_gather = '0'
 Planning:
   Buffers: shared hit=86 read=27
 Planning Time: 2.045 ms
 Execution Time: 50.380 ms
(12 rows)

SET
SET
SET
SET
SET
                                             QUERY PLAN                                             
----------------------------------------------------------------------------------------------------
 Index Scan Backward using idx on public.t (actual rows=65536.00 loops=1)
   Output: a, b
   Index Cond: ((t.a >= 13557) AND (t.a <= 79092))
   Index Searches: 1
   Buffers: shared hit=65649
 Settings: enable_bitmapscan = 'off', enable_seqscan = 'off', max_parallel_workers_per_gather = '0'
 Planning:
   Buffers: shared hit=118
 Planning Time: 0.173 ms
 Execution Time: 6.691 ms
(10 rows)

