SET
SET
SET
SET
SET
                                                                       QUERY PLAN                                                                        
---------------------------------------------------------------------------------------------------------------------------------------------------------
 Index Scan Backward using idx on public.t (actual rows=3048576.00 loops=1)
   Output: a, b
   Index Cond: ((t.a >= 24515) AND (t.a <= 3073090))
   Index Searches: 1
   Prefetch: distance=44.034 count=115638 stalls=2930744 skipped=2929 resets=0 ungets=888 forwarded=1
             histogram [2,4) => 94263, [4,8) => 812, [8,16) => 13, [16,32) => 40, [32,64) => 145, [64,128) => 526, [128,256) => 10724, [256,512) => 9115
   Buffers: shared hit=2997208 read=56775
 Settings: enable_bitmapscan = 'off', enable_seqscan = 'off', max_parallel_workers_per_gather = '0'
 Planning:
   Buffers: shared hit=82 read=27
 Planning Time: 2.130 ms
 Execution Time: 3497.947 ms
(12 rows)

SET
SET
SET
SET
SET
                                             QUERY PLAN                                             
----------------------------------------------------------------------------------------------------
 Index Scan Backward using idx on public.t (actual rows=3048576.00 loops=1)
   Output: a, b
   Index Cond: ((t.a >= 24515) AND (t.a <= 3073090))
   Index Searches: 1
   Buffers: shared hit=3053983
 Settings: enable_bitmapscan = 'off', enable_seqscan = 'off', max_parallel_workers_per_gather = '0'
 Planning:
   Buffers: shared hit=114
 Planning Time: 0.234 ms
 Execution Time: 452.880 ms
(10 rows)

