SET
SET
SET
SET
SET
                                                                     QUERY PLAN                                                                     
----------------------------------------------------------------------------------------------------------------------------------------------------
 Index Scan Backward using idx on public.t (actual rows=32768.00 loops=1)
   Output: a, b
   Index Cond: ((t.a >= 18974) AND (t.a <= 51741))
   Index Searches: 1
   Prefetch: distance=238.228 count=9693 stalls=23753 skipped=42 resets=0 ungets=854 forwarded=0
             histogram [2,4) => 382, [4,8) => 11, [8,16) => 14, [16,32) => 25, [32,64) => 51, [64,128) => 127, [128,256) => 3402, [256,512) => 5681
   Buffers: shared hit=31466 read=1356
 Settings: enable_bitmapscan = 'off', enable_seqscan = 'off', max_parallel_workers_per_gather = '0'
 Planning:
   Buffers: shared hit=86 read=27
 Planning Time: 2.050 ms
 Execution Time: 38.597 ms
(12 rows)

SET
SET
SET
SET
SET
                                             QUERY PLAN                                             
----------------------------------------------------------------------------------------------------
 Index Scan Backward using idx on public.t (actual rows=32768.00 loops=1)
   Output: a, b
   Index Cond: ((t.a >= 18974) AND (t.a <= 51741))
   Index Searches: 1
   Buffers: shared hit=32822
 Settings: enable_bitmapscan = 'off', enable_seqscan = 'off', max_parallel_workers_per_gather = '0'
 Planning:
   Buffers: shared hit=118
 Planning Time: 0.210 ms
 Execution Time: 5.787 ms
(10 rows)

