SET
SET
SET
SET
SET
                                                                       QUERY PLAN                                                                        
---------------------------------------------------------------------------------------------------------------------------------------------------------
 Index Scan Backward using idx on public.t (actual rows=5048576.00 loops=1)
   Output: a, b
   Index Cond: ((t.a >= 8752) AND (t.a <= 5057327))
   Index Searches: 1
   Prefetch: distance=27.415 count=176533 stalls=4867608 skipped=4854 resets=0 ungets=723 forwarded=3
             histogram [2,4) => 156439, [4,8) => 1314, [8,16) => 14, [16,32) => 29, [32,64) => 60, [64,128) => 197, [128,256) => 9958, [256,512) => 8522
   Buffers: shared hit=4964216 read=93306
 Settings: enable_bitmapscan = 'off', enable_seqscan = 'off', max_parallel_workers_per_gather = '0'
 Planning:
   Buffers: shared hit=82 read=27
 Planning Time: 2.233 ms
 Execution Time: 5805.843 ms
(12 rows)

SET
SET
SET
SET
SET
                                             QUERY PLAN                                             
----------------------------------------------------------------------------------------------------
 Index Scan Backward using idx on public.t (actual rows=5048576.00 loops=1)
   Output: a, b
   Index Cond: ((t.a >= 8752) AND (t.a <= 5057327))
   Index Searches: 1
   Buffers: shared hit=5057522
 Settings: enable_bitmapscan = 'off', enable_seqscan = 'off', max_parallel_workers_per_gather = '0'
 Planning:
   Buffers: shared hit=114
 Planning Time: 0.229 ms
 Execution Time: 748.857 ms
(10 rows)

