SET
SET
SET
SET
SET
                                                                        QUERY PLAN                                                                         
-----------------------------------------------------------------------------------------------------------------------------------------------------------
 Index Scan Backward using idx on public.t (actual rows=6048576.00 loops=1)
   Output: a, b
   Index Cond: ((t.a >= 31519) AND (t.a <= 6080094))
   Index Searches: 1
   Prefetch: distance=31.886 count=216476 stalls=5827121 skipped=5796 resets=0 ungets=918 forwarded=1
             histogram [2,4) => 187917, [4,8) => 1589, [8,16) => 28, [16,32) => 24, [32,64) => 34, [64,128) => 188, [128,256) => 15098, [256,512) => 11598
   Buffers: shared hit=5947404 read=111908
 Settings: enable_bitmapscan = 'off', enable_seqscan = 'off', max_parallel_workers_per_gather = '0'
 Planning:
   Buffers: shared hit=82 read=27
 Planning Time: 2.016 ms
 Execution Time: 6968.559 ms
(12 rows)

SET
SET
SET
SET
SET
                                             QUERY PLAN                                             
----------------------------------------------------------------------------------------------------
 Index Scan Backward using idx on public.t (actual rows=6048576.00 loops=1)
   Output: a, b
   Index Cond: ((t.a >= 31519) AND (t.a <= 6080094))
   Index Searches: 1
   Buffers: shared hit=6059312
 Settings: enable_bitmapscan = 'off', enable_seqscan = 'off', max_parallel_workers_per_gather = '0'
 Planning:
   Buffers: shared hit=114
 Planning Time: 0.219 ms
 Execution Time: 901.966 ms
(10 rows)

