SET
SET
SET
SET
SET
                                                                        QUERY PLAN                                                                         
-----------------------------------------------------------------------------------------------------------------------------------------------------------
 Index Scan Backward using idx on public.t (actual rows=7048576.00 loops=1)
   Output: a, b
   Index Cond: ((t.a >= 6355) AND (t.a <= 7054930))
   Index Searches: 1
   Prefetch: distance=25.307 count=244262 stalls=6798012 skipped=6799 resets=0 ungets=776 forwarded=1
             histogram [2,4) => 218694, [4,8) => 1851, [8,16) => 19, [16,32) => 39, [32,64) => 55, [64,128) => 174, [128,256) => 13252, [256,512) => 10178
   Buffers: shared hit=6931056 read=129985
 Settings: enable_bitmapscan = 'off', enable_seqscan = 'off', max_parallel_workers_per_gather = '0'
 Planning:
   Buffers: shared hit=82 read=27
 Planning Time: 2.029 ms
 Execution Time: 8102.431 ms
(12 rows)

SET
SET
SET
SET
SET
                                             QUERY PLAN                                             
----------------------------------------------------------------------------------------------------
 Index Scan Backward using idx on public.t (actual rows=7048576.00 loops=1)
   Output: a, b
   Index Cond: ((t.a >= 6355) AND (t.a <= 7054930))
   Index Searches: 1
   Buffers: shared hit=7061041
 Settings: enable_bitmapscan = 'off', enable_seqscan = 'off', max_parallel_workers_per_gather = '0'
 Planning:
   Buffers: shared hit=114
 Planning Time: 0.233 ms
 Execution Time: 1040.127 ms
(10 rows)

