SET
SET
SET
SET
SET
                                                                        QUERY PLAN                                                                         
-----------------------------------------------------------------------------------------------------------------------------------------------------------
 Index Scan Backward using idx on public.t (actual rows=8048576.00 loops=1)
   Output: a, b
   Index Cond: ((t.a >= 21087) AND (t.a <= 8069662))
   Index Searches: 1
   Prefetch: distance=38.149 count=297511 stalls=7744169 skipped=7706 resets=0 ungets=903 forwarded=5
             histogram [2,4) => 249626, [4,8) => 2116, [8,16) => 15, [16,32) => 26, [32,64) => 50, [64,128) => 866, [128,256) => 27859, [256,512) => 16953
   Buffers: shared hit=7914345 read=148522
 Settings: enable_bitmapscan = 'off', enable_seqscan = 'off', max_parallel_workers_per_gather = '0'
 Planning:
   Buffers: shared hit=82 read=27
 Planning Time: 2.043 ms
 Execution Time: 9225.401 ms
(12 rows)

SET
SET
SET
SET
SET
                                             QUERY PLAN                                             
----------------------------------------------------------------------------------------------------
 Index Scan Backward using idx on public.t (actual rows=8048576.00 loops=1)
   Output: a, b
   Index Cond: ((t.a >= 21087) AND (t.a <= 8069662))
   Index Searches: 1
   Buffers: shared hit=8062867
 Settings: enable_bitmapscan = 'off', enable_seqscan = 'off', max_parallel_workers_per_gather = '0'
 Planning:
   Buffers: shared hit=114
 Planning Time: 0.256 ms
 Execution Time: 1190.909 ms
(10 rows)

