SET
SET
SET
SET
SET
                                                              QUERY PLAN                                                              
--------------------------------------------------------------------------------------------------------------------------------------
 Index Scan Backward using idx on public.t (actual rows=64.00 loops=1)
   Output: a, b
   Index Cond: ((t.a >= 8391) AND (t.a <= 8454))
   Index Searches: 1
   Prefetch: distance=64.818 count=33 stalls=1 skipped=0 resets=0 ungets=5 forwarded=0
             histogram [2,4) => 2, [4,8) => 5, [8,16) => 9, [16,32) => 7, [32,64) => 2, [64,128) => 2, [128,256) => 2, [256,512) => 4
   Buffers: shared hit=8 read=63
 Settings: enable_bitmapscan = 'off', enable_seqscan = 'off', max_parallel_workers_per_gather = '0'
 Planning:
   Buffers: shared hit=86 read=27
 Planning Time: 1.361 ms
 Execution Time: 3.015 ms
(12 rows)

SET
SET
SET
SET
SET
                                             QUERY PLAN                                             
----------------------------------------------------------------------------------------------------
 Index Scan Backward using idx on public.t (actual rows=64.00 loops=1)
   Output: a, b
   Index Cond: ((t.a >= 8391) AND (t.a <= 8454))
   Index Searches: 1
   Buffers: shared hit=71
 Settings: enable_bitmapscan = 'off', enable_seqscan = 'off', max_parallel_workers_per_gather = '0'
 Planning:
   Buffers: shared hit=118
 Planning Time: 0.210 ms
 Execution Time: 0.115 ms
(10 rows)

