SET
SET
SET
SET
SET
                                                                      QUERY PLAN                                                                      
------------------------------------------------------------------------------------------------------------------------------------------------------
 Index Scan Backward using idx on public.t (actual rows=65536.00 loops=1)
   Output: a, b
   Index Cond: ((t.a >= 32475) AND (t.a <= 98010))
   Index Searches: 1
   Prefetch: distance=232.620 count=55514 stalls=10439 skipped=54 resets=0 ungets=758 forwarded=1
             histogram [2,4) => 210, [4,8) => 14, [8,16) => 18, [16,32) => 28, [32,64) => 81, [64,128) => 966, [128,256) => 35677, [256,512) => 18520
   Buffers: shared hit=63587 read=2080
 Settings: enable_bitmapscan = 'off', enable_seqscan = 'off', max_parallel_workers_per_gather = '0'
 Planning:
   Buffers: shared hit=86 read=27
 Planning Time: 2.048 ms
 Execution Time: 61.350 ms
(12 rows)

SET
SET
SET
SET
SET
                                             QUERY PLAN                                             
----------------------------------------------------------------------------------------------------
 Index Scan Backward using idx on public.t (actual rows=65536.00 loops=1)
   Output: a, b
   Index Cond: ((t.a >= 32475) AND (t.a <= 98010))
   Index Searches: 1
   Buffers: shared hit=65667
 Settings: enable_bitmapscan = 'off', enable_seqscan = 'off', max_parallel_workers_per_gather = '0'
 Planning:
   Buffers: shared hit=118
 Planning Time: 0.222 ms
 Execution Time: 7.859 ms
(10 rows)

