SET
SET
SET
SET
SET
                                                                    QUERY PLAN                                                                     
---------------------------------------------------------------------------------------------------------------------------------------------------
 Index Scan Backward using idx on public.t (actual rows=32768.00 loops=1)
   Output: a, b
   Index Cond: ((t.a >= 20084) AND (t.a <= 52851))
   Index Searches: 1
   Prefetch: distance=238.886 count=10777 stalls=22657 skipped=43 resets=0 ungets=855 forwarded=1
             histogram [2,4) => 364, [4,8) => 9, [8,16) => 20, [16,32) => 21, [32,64) => 51, [64,128) => 127, [128,256) => 4139, [256,512) => 6046
   Buffers: shared hit=31452 read=1369
 Settings: enable_bitmapscan = 'off', enable_seqscan = 'off', max_parallel_workers_per_gather = '0'
 Planning:
   Buffers: shared hit=86 read=27
 Planning Time: 2.032 ms
 Execution Time: 38.234 ms
(12 rows)

SET
SET
SET
SET
SET
                                             QUERY PLAN                                             
----------------------------------------------------------------------------------------------------
 Index Scan Backward using idx on public.t (actual rows=32768.00 loops=1)
   Output: a, b
   Index Cond: ((t.a >= 20084) AND (t.a <= 52851))
   Index Searches: 1
   Buffers: shared hit=32821
 Settings: enable_bitmapscan = 'off', enable_seqscan = 'off', max_parallel_workers_per_gather = '0'
 Planning:
   Buffers: shared hit=118
 Planning Time: 0.203 ms
 Execution Time: 5.647 ms
(10 rows)

