SET
SET
SET
SET
SET
                                                                        QUERY PLAN                                                                         
-----------------------------------------------------------------------------------------------------------------------------------------------------------
 Index Scan Backward using idx on public.t (actual rows=6048576.00 loops=1)
   Output: a, b
   Index Cond: ((t.a >= 31167) AND (t.a <= 6079742))
   Index Searches: 1
   Prefetch: distance=31.517 count=216104 stalls=5827466 skipped=5796 resets=0 ungets=905 forwarded=1
             histogram [2,4) => 187925, [4,8) => 1586, [8,16) => 27, [16,32) => 27, [32,64) => 34, [64,128) => 188, [128,256) => 14797, [256,512) => 11520
   Buffers: shared hit=5947406 read=111906
 Settings: enable_bitmapscan = 'off', enable_seqscan = 'off', max_parallel_workers_per_gather = '0'
 Planning:
   Buffers: shared hit=82 read=27
 Planning Time: 2.030 ms
 Execution Time: 6949.203 ms
(12 rows)

SET
SET
SET
SET
SET
                                             QUERY PLAN                                             
----------------------------------------------------------------------------------------------------
 Index Scan Backward using idx on public.t (actual rows=6048576.00 loops=1)
   Output: a, b
   Index Cond: ((t.a >= 31167) AND (t.a <= 6079742))
   Index Searches: 1
   Buffers: shared hit=6059312
 Settings: enable_bitmapscan = 'off', enable_seqscan = 'off', max_parallel_workers_per_gather = '0'
 Planning:
   Buffers: shared hit=114
 Planning Time: 0.251 ms
 Execution Time: 895.527 ms
(10 rows)

