SET
SET
SET
SET
SET
                                                                       QUERY PLAN                                                                        
---------------------------------------------------------------------------------------------------------------------------------------------------------
 Index Scan Backward using idx on public.t (actual rows=5048576.00 loops=1)
   Output: a, b
   Index Cond: ((t.a >= 7471) AND (t.a <= 5056046))
   Index Searches: 1
   Prefetch: distance=26.408 count=175600 stalls=4868875 skipped=4860 resets=0 ungets=880 forwarded=3
             histogram [2,4) => 156445, [4,8) => 1313, [8,16) => 20, [16,32) => 24, [32,64) => 60, [64,128) => 151, [128,256) => 9070, [256,512) => 8517
   Buffers: shared hit=4964228 read=93288
 Settings: enable_bitmapscan = 'off', enable_seqscan = 'off', max_parallel_workers_per_gather = '0'
 Planning:
   Buffers: shared hit=82 read=27
 Planning Time: 2.038 ms
 Execution Time: 5806.437 ms
(12 rows)

SET
SET
SET
SET
SET
                                             QUERY PLAN                                             
----------------------------------------------------------------------------------------------------
 Index Scan Backward using idx on public.t (actual rows=5048576.00 loops=1)
   Output: a, b
   Index Cond: ((t.a >= 7471) AND (t.a <= 5056046))
   Index Searches: 1
   Buffers: shared hit=5057516
 Settings: enable_bitmapscan = 'off', enable_seqscan = 'off', max_parallel_workers_per_gather = '0'
 Planning:
   Buffers: shared hit=114
 Planning Time: 0.222 ms
 Execution Time: 751.544 ms
(10 rows)

