SET
SET
SET
SET
SET
                                                                      QUERY PLAN                                                                       
-------------------------------------------------------------------------------------------------------------------------------------------------------
 Index Scan Backward using idx on public.t (actual rows=3048576.00 loops=1)
   Output: a, b
   Index Cond: ((t.a >= 14487) AND (t.a <= 3063062))
   Index Searches: 1
   Prefetch: distance=27.184 count=105986 stalls=2940655 skipped=2937 resets=0 ungets=1009 forwarded=1
             histogram [2,4) => 94357, [4,8) => 808, [8,16) => 13, [16,32) => 39, [32,64) => 74, [64,128) => 161, [128,256) => 3987, [256,512) => 6547
   Buffers: shared hit=2997308 read=56667
 Settings: enable_bitmapscan = 'off', enable_seqscan = 'off', max_parallel_workers_per_gather = '0'
 Planning:
   Buffers: shared hit=82 read=27
 Planning Time: 2.109 ms
 Execution Time: 3495.391 ms
(12 rows)

SET
SET
SET
SET
SET
                                             QUERY PLAN                                             
----------------------------------------------------------------------------------------------------
 Index Scan Backward using idx on public.t (actual rows=3048576.00 loops=1)
   Output: a, b
   Index Cond: ((t.a >= 14487) AND (t.a <= 3063062))
   Index Searches: 1
   Buffers: shared hit=3053975
 Settings: enable_bitmapscan = 'off', enable_seqscan = 'off', max_parallel_workers_per_gather = '0'
 Planning:
   Buffers: shared hit=114
 Planning Time: 0.224 ms
 Execution Time: 450.779 ms
(10 rows)

