SET
SET
SET
SET
SET
                                                                        QUERY PLAN                                                                         
-----------------------------------------------------------------------------------------------------------------------------------------------------------
 Index Scan Backward using idx on public.t (actual rows=8048576.00 loops=1)
   Output: a, b
   Index Cond: ((t.a >= 3167) AND (t.a <= 8051742))
   Index Searches: 1
   Prefetch: distance=25.695 count=279699 stalls=7761938 skipped=7734 resets=0 ungets=902 forwarded=4
             histogram [2,4) => 249730, [4,8) => 2116, [8,16) => 22, [16,32) => 21, [32,64) => 42, [64,128) => 386, [128,256) => 15789, [256,512) => 11593
   Buffers: shared hit=7914546 read=148293
 Settings: enable_bitmapscan = 'off', enable_seqscan = 'off', max_parallel_workers_per_gather = '0'
 Planning:
   Buffers: shared hit=82 read=27
 Planning Time: 2.010 ms
 Execution Time: 9209.207 ms
(12 rows)

SET
SET
SET
SET
SET
                                             QUERY PLAN                                             
----------------------------------------------------------------------------------------------------
 Index Scan Backward using idx on public.t (actual rows=8048576.00 loops=1)
   Output: a, b
   Index Cond: ((t.a >= 3167) AND (t.a <= 8051742))
   Index Searches: 1
   Buffers: shared hit=8062839
 Settings: enable_bitmapscan = 'off', enable_seqscan = 'off', max_parallel_workers_per_gather = '0'
 Planning:
   Buffers: shared hit=114
 Planning Time: 0.225 ms
 Execution Time: 1191.870 ms
(10 rows)

