SET
SET
SET
SET
SET
                                                                 QUERY PLAN                                                                 
--------------------------------------------------------------------------------------------------------------------------------------------
 Index Scan Backward using idx on public.t (actual rows=4096.00 loops=1)
   Output: a, b
   Index Cond: ((t.a >= 18205) AND (t.a <= 22300))
   Index Searches: 1
   Prefetch: distance=260.559 count=4356 stalls=2 skipped=1 resets=0 ungets=506 forwarded=0
             histogram [2,4) => 4, [4,8) => 6, [8,16) => 7, [16,32) => 10, [32,64) => 5, [64,128) => 2, [128,256) => 900, [256,512) => 3422
   Buffers: shared hit=3298 read=814
 Settings: enable_bitmapscan = 'off', enable_seqscan = 'off', max_parallel_workers_per_gather = '0'
 Planning:
   Buffers: shared hit=82 read=26
 Planning Time: 2.117 ms
 Execution Time: 20.348 ms
(12 rows)

SET
SET
SET
SET
SET
                                             QUERY PLAN                                             
----------------------------------------------------------------------------------------------------
 Index Scan Backward using idx on public.t (actual rows=4096.00 loops=1)
   Output: a, b
   Index Cond: ((t.a >= 18205) AND (t.a <= 22300))
   Index Searches: 1
   Buffers: shared hit=4112
 Settings: enable_bitmapscan = 'off', enable_seqscan = 'off', max_parallel_workers_per_gather = '0'
 Planning:
   Buffers: shared hit=113
 Planning Time: 0.158 ms
 Execution Time: 0.630 ms
(10 rows)

