SET
SET
SET
SET
SET
                                                                      QUERY PLAN                                                                       
-------------------------------------------------------------------------------------------------------------------------------------------------------
 Index Scan Backward using idx on public.t (actual rows=131072.00 loops=1)
   Output: a, b
   Index Cond: ((t.a >= 16957) AND (t.a <= 148028))
   Index Searches: 1
   Prefetch: distance=200.771 count=25424 stalls=106180 skipped=129 resets=0 ungets=688 forwarded=0
             histogram [2,4) => 3424, [4,8) => 39, [8,16) => 13, [16,32) => 60, [32,64) => 245, [64,128) => 736, [128,256) => 12594, [256,512) => 8313
   Buffers: shared hit=128180 read=3128
 Settings: enable_bitmapscan = 'off', enable_seqscan = 'off', max_parallel_workers_per_gather = '0'
 Planning:
   Buffers: shared hit=78 read=26
 Planning Time: 2.117 ms
 Execution Time: 72.294 ms
(12 rows)

SET
SET
SET
SET
SET
                                             QUERY PLAN                                             
----------------------------------------------------------------------------------------------------
 Index Scan Backward using idx on public.t (actual rows=131072.00 loops=1)
   Output: a, b
   Index Cond: ((t.a >= 16957) AND (t.a <= 148028))
   Index Searches: 1
   Buffers: shared hit=131308
 Settings: enable_bitmapscan = 'off', enable_seqscan = 'off', max_parallel_workers_per_gather = '0'
 Planning:
   Buffers: shared hit=109
 Planning Time: 0.218 ms
 Execution Time: 19.734 ms
(10 rows)

