SET
SET
SET
SET
SET
                                                                        QUERY PLAN                                                                         
-----------------------------------------------------------------------------------------------------------------------------------------------------------
 Index Scan Backward using idx on public.t (actual rows=6048576.00 loops=1)
   Output: a, b
   Index Cond: ((t.a >= 19066) AND (t.a <= 6067641))
   Index Searches: 1
   Prefetch: distance=23.589 count=209682 stalls=5833510 skipped=5908 resets=0 ungets=638 forwarded=1
             histogram [2,4) => 188373, [4,8) => 1580, [8,16) => 30, [16,32) => 59, [32,64) => 246, [64,128) => 726, [128,256) => 10966, [256,512) => 7702
   Buffers: shared hit=5947413 read=111787
 Settings: enable_bitmapscan = 'off', enable_seqscan = 'off', max_parallel_workers_per_gather = '0'
 Planning:
   Buffers: shared hit=78 read=26
 Planning Time: 2.115 ms
 Execution Time: 2460.073 ms
(12 rows)

SET
SET
SET
SET
SET
                                             QUERY PLAN                                             
----------------------------------------------------------------------------------------------------
 Index Scan Backward using idx on public.t (actual rows=6048576.00 loops=1)
   Output: a, b
   Index Cond: ((t.a >= 19066) AND (t.a <= 6067641))
   Index Searches: 1
   Buffers: shared hit=6059200
 Settings: enable_bitmapscan = 'off', enable_seqscan = 'off', max_parallel_workers_per_gather = '0'
 Planning:
   Buffers: shared hit=109
 Planning Time: 0.230 ms
 Execution Time: 885.285 ms
(10 rows)

