SET
SET
SET
SET
SET
                                                                       QUERY PLAN                                                                        
---------------------------------------------------------------------------------------------------------------------------------------------------------
 Index Scan Backward using idx on public.t (actual rows=3048576.00 loops=1)
   Output: a, b
   Index Cond: ((t.a >= 17488) AND (t.a <= 3066063))
   Index Searches: 1
   Prefetch: distance=43.437 count=116485 stalls=2929401 skipped=2997 resets=0 ungets=535 forwarded=0
             histogram [2,4) => 94583, [4,8) => 816, [8,16) => 26, [16,32) => 65, [32,64) => 250, [64,128) => 736, [128,256) => 12268, [256,512) => 7741
   Buffers: shared hit=2997219 read=56695
 Settings: enable_bitmapscan = 'off', enable_seqscan = 'off', max_parallel_workers_per_gather = '0'
 Planning:
   Buffers: shared hit=78 read=26
 Planning Time: 2.139 ms
 Execution Time: 1285.366 ms
(12 rows)

SET
SET
SET
SET
SET
                                             QUERY PLAN                                             
----------------------------------------------------------------------------------------------------
 Index Scan Backward using idx on public.t (actual rows=3048576.00 loops=1)
   Output: a, b
   Index Cond: ((t.a >= 17488) AND (t.a <= 3066063))
   Index Searches: 1
   Buffers: shared hit=3053914
 Settings: enable_bitmapscan = 'off', enable_seqscan = 'off', max_parallel_workers_per_gather = '0'
 Planning:
   Buffers: shared hit=109
 Planning Time: 0.188 ms
 Execution Time: 445.607 ms
(10 rows)

