SET
SET
SET
SET
SET
                                                                        QUERY PLAN                                                                        
----------------------------------------------------------------------------------------------------------------------------------------------------------
 Index Scan Backward using idx on public.t (actual rows=7048576.00 loops=1)
   Output: a, b
   Index Cond: ((t.a >= 25283) AND (t.a <= 7073858))
   Index Searches: 1
   Prefetch: distance=15.597 count=235214 stalls=6807032 skipped=6909 resets=0 ungets=698 forwarded=0
             histogram [2,4) => 219809, [4,8) => 1840, [8,16) => 26, [16,32) => 61, [32,64) => 177, [64,128) => 326, [128,256) => 6682, [256,512) => 6293
   Buffers: shared hit=6930723 read=130209
 Settings: enable_bitmapscan = 'off', enable_seqscan = 'off', max_parallel_workers_per_gather = '0'
 Planning:
   Buffers: shared hit=78 read=26
 Planning Time: 2.107 ms
 Execution Time: 2893.799 ms
(12 rows)

SET
SET
SET
SET
SET
                                             QUERY PLAN                                             
----------------------------------------------------------------------------------------------------
 Index Scan Backward using idx on public.t (actual rows=7048576.00 loops=1)
   Output: a, b
   Index Cond: ((t.a >= 25283) AND (t.a <= 7073858))
   Index Searches: 1
   Buffers: shared hit=7060932
 Settings: enable_bitmapscan = 'off', enable_seqscan = 'off', max_parallel_workers_per_gather = '0'
 Planning:
   Buffers: shared hit=109
 Planning Time: 0.256 ms
 Execution Time: 1046.743 ms
(10 rows)

