SET
SET
SET
SET
SET
                                                                       QUERY PLAN                                                                        
---------------------------------------------------------------------------------------------------------------------------------------------------------
 Index Scan Backward using idx on public.t (actual rows=2048576.00 loops=1)
   Output: a, b
   Index Cond: ((t.a >= 12625) AND (t.a <= 2061200))
   Index Searches: 1
   Prefetch: distance=67.818 count=89425 stalls=1957248 skipped=1967 resets=0 ungets=397 forwarded=0
             histogram [2,4) => 63186, [4,8) => 544, [8,16) => 33, [16,32) => 64, [32,64) => 251, [64,128) => 741, [128,256) => 15930, [256,512) => 8676
   Buffers: shared hit=2013936 read=38276
 Settings: enable_bitmapscan = 'off', enable_seqscan = 'off', max_parallel_workers_per_gather = '0'
 Planning:
   Buffers: shared hit=78 read=26
 Planning Time: 2.219 ms
 Execution Time: 855.175 ms
(12 rows)

SET
SET
SET
SET
SET
                                             QUERY PLAN                                             
----------------------------------------------------------------------------------------------------
 Index Scan Backward using idx on public.t (actual rows=2048576.00 loops=1)
   Output: a, b
   Index Cond: ((t.a >= 12625) AND (t.a <= 2061200))
   Index Searches: 1
   Buffers: shared hit=2052212
 Settings: enable_bitmapscan = 'off', enable_seqscan = 'off', max_parallel_workers_per_gather = '0'
 Planning:
   Buffers: shared hit=109
 Planning Time: 0.186 ms
 Execution Time: 301.354 ms
(10 rows)

