SET
SET
SET
SET
SET
                                                                       QUERY PLAN                                                                        
---------------------------------------------------------------------------------------------------------------------------------------------------------
 Index Scan Backward using idx on public.t (actual rows=1048576.00 loops=1)
   Output: a, b
   Index Cond: ((t.a >= 18557) AND (t.a <= 1067132))
   Index Searches: 1
   Prefetch: distance=89.161 count=52409 stalls=995421 skipped=1014 resets=0 ungets=525 forwarded=0
             histogram [2,4) => 32146, [4,8) => 296, [8,16) => 13, [16,32) => 62, [32,64) => 248, [64,128) => 731, [128,256) => 11495, [256,512) => 7418
   Buffers: shared hit=1030441 read=19992
 Settings: enable_bitmapscan = 'off', enable_seqscan = 'off', max_parallel_workers_per_gather = '0'
 Planning:
   Buffers: shared hit=78 read=26
 Planning Time: 2.140 ms
 Execution Time: 466.238 ms
(12 rows)

SET
SET
SET
SET
SET
                                             QUERY PLAN                                             
----------------------------------------------------------------------------------------------------
 Index Scan Backward using idx on public.t (actual rows=1048576.00 loops=1)
   Output: a, b
   Index Cond: ((t.a >= 18557) AND (t.a <= 1067132))
   Index Searches: 1
   Buffers: shared hit=1050433
 Settings: enable_bitmapscan = 'off', enable_seqscan = 'off', max_parallel_workers_per_gather = '0'
 Planning:
   Buffers: shared hit=109
 Planning Time: 0.194 ms
 Execution Time: 161.116 ms
(10 rows)

