SET
SET
SET
SET
SET
                                                                        QUERY PLAN                                                                        
----------------------------------------------------------------------------------------------------------------------------------------------------------
 Index Scan Backward using idx on public.t (actual rows=4048576.00 loops=1)
   Output: a, b
   Index Cond: ((t.a >= 25071) AND (t.a <= 4073646))
   Index Searches: 1
   Prefetch: distance=24.380 count=140535 stalls=3904251 skipped=3991 resets=0 ungets=532 forwarded=0
             histogram [2,4) => 126067, [4,8) => 1068, [8,16) => 25, [16,32) => 69, [32,64) => 179, [64,128) => 324, [128,256) => 6812, [256,512) => 5991
   Buffers: shared hit=3980520 read=75132
 Settings: enable_bitmapscan = 'off', enable_seqscan = 'off', max_parallel_workers_per_gather = '0'
 Planning:
   Buffers: shared hit=78 read=26
 Planning Time: 2.118 ms
 Execution Time: 1689.611 ms
(12 rows)

SET
SET
SET
SET
SET
                                             QUERY PLAN                                             
----------------------------------------------------------------------------------------------------
 Index Scan Backward using idx on public.t (actual rows=4048576.00 loops=1)
   Output: a, b
   Index Cond: ((t.a >= 25071) AND (t.a <= 4073646))
   Index Searches: 1
   Buffers: shared hit=4055652
 Settings: enable_bitmapscan = 'off', enable_seqscan = 'off', max_parallel_workers_per_gather = '0'
 Planning:
   Buffers: shared hit=109
 Planning Time: 0.200 ms
 Execution Time: 599.775 ms
(10 rows)

