SET
SET
SET
SET
SET
                                                                         QUERY PLAN                                                                          
-------------------------------------------------------------------------------------------------------------------------------------------------------------
 Index Scan Backward using idx on public.t (actual rows=9048576.00 loops=1)
   Output: a, b
   Index Cond: ((t.a >= 2658) AND (t.a <= 9051233))
   Index Searches: 1
   Prefetch: distance=27.596 count=319954 stalls=8720222 skipped=8830 resets=0 ungets=482 forwarded=0
             histogram [2,4) => 281585, [4,8) => 2364, [8,16) => 30, [16,32) => 61, [32,64) => 264, [64,128) => 1118, [128,256) => 23269, [256,512) => 11263
   Buffers: shared hit=8897825 read=166650
 Settings: enable_bitmapscan = 'off', enable_seqscan = 'off', max_parallel_workers_per_gather = '0'
 Planning:
   Buffers: shared hit=78 read=26
 Planning Time: 2.122 ms
 Execution Time: 3662.455 ms
(12 rows)

SET
SET
SET
SET
SET
                                             QUERY PLAN                                             
----------------------------------------------------------------------------------------------------
 Index Scan Backward using idx on public.t (actual rows=9048576.00 loops=1)
   Output: a, b
   Index Cond: ((t.a >= 2658) AND (t.a <= 9051233))
   Index Searches: 1
   Buffers: shared hit=9064475
 Settings: enable_bitmapscan = 'off', enable_seqscan = 'off', max_parallel_workers_per_gather = '0'
 Planning:
   Buffers: shared hit=109
 Planning Time: 0.220 ms
 Execution Time: 1344.858 ms
(10 rows)

