SET
SET
SET
SET
SET
                                                               QUERY PLAN                                                                
-----------------------------------------------------------------------------------------------------------------------------------------
 Index Scan Backward using idx on public.t (actual rows=512.00 loops=1)
   Output: a, b
   Index Cond: ((t.a >= 28769) AND (t.a <= 29280))
   Index Searches: 1
   Prefetch: distance=244.177 count=339 stalls=1 skipped=0 resets=0 ungets=121 forwarded=0
             histogram [2,4) => 2, [4,8) => 8, [8,16) => 10, [16,32) => 8, [32,64) => 6, [64,128) => 2, [128,256) => 2, [256,512) => 301
   Buffers: shared hit=121 read=398
 Settings: enable_bitmapscan = 'off', enable_seqscan = 'off', max_parallel_workers_per_gather = '0'
 Planning:
   Buffers: shared hit=82 read=26
 Planning Time: 1.457 ms
 Execution Time: 17.591 ms
(12 rows)

SET
SET
SET
SET
SET
                                             QUERY PLAN                                             
----------------------------------------------------------------------------------------------------
 Index Scan Backward using idx on public.t (actual rows=512.00 loops=1)
   Output: a, b
   Index Cond: ((t.a >= 28769) AND (t.a <= 29280))
   Index Searches: 1
   Buffers: shared hit=519
 Settings: enable_bitmapscan = 'off', enable_seqscan = 'off', max_parallel_workers_per_gather = '0'
 Planning:
   Buffers: shared hit=113
 Planning Time: 0.201 ms
 Execution Time: 0.425 ms
(10 rows)

