SET
SET
SET
SET
SET
                                                                QUERY PLAN                                                                 
-------------------------------------------------------------------------------------------------------------------------------------------
 Index Scan Backward using idx on public.t (actual rows=4096.00 loops=1)
   Output: a, b
   Index Cond: ((t.a >= 8538) AND (t.a <= 12633))
   Index Searches: 1
   Prefetch: distance=261.438 count=4621 stalls=1 skipped=9 resets=0 ungets=563 forwarded=0
             histogram [2,4) => 2, [4,8) => 5, [8,16) => 7, [16,32) => 9, [32,64) => 3, [64,128) => 2, [128,256) => 857, [256,512) => 3736
   Buffers: shared hit=3415 read=690
 Settings: enable_bitmapscan = 'off', enable_seqscan = 'off', max_parallel_workers_per_gather = '0'
 Planning:
   Buffers: shared hit=82 read=26
 Planning Time: 2.127 ms
 Execution Time: 8.057 ms
(12 rows)

SET
SET
SET
SET
SET
                                             QUERY PLAN                                             
----------------------------------------------------------------------------------------------------
 Index Scan Backward using idx on public.t (actual rows=4096.00 loops=1)
   Output: a, b
   Index Cond: ((t.a >= 8538) AND (t.a <= 12633))
   Index Searches: 1
   Buffers: shared hit=4105
 Settings: enable_bitmapscan = 'off', enable_seqscan = 'off', max_parallel_workers_per_gather = '0'
 Planning:
   Buffers: shared hit=113
 Planning Time: 0.178 ms
 Execution Time: 0.631 ms
(10 rows)

