SET
SET
SET
SET
SET
                                                                   QUERY PLAN                                                                   
------------------------------------------------------------------------------------------------------------------------------------------------
 Index Scan Backward using idx on public.t (actual rows=16384.00 loops=1)
   Output: a, b
   Index Cond: ((t.a >= 7562) AND (t.a <= 23945))
   Index Searches: 1
   Prefetch: distance=239.826 count=16467 stalls=1 skipped=22 resets=0 ungets=378 forwarded=0
             histogram [2,4) => 6, [4,8) => 8, [8,16) => 12, [16,32) => 10, [32,64) => 14, [64,128) => 37, [128,256) => 9921, [256,512) => 6459
   Buffers: shared hit=15500 read=913
 Settings: enable_bitmapscan = 'off', enable_seqscan = 'off', max_parallel_workers_per_gather = '0'
 Planning:
   Buffers: shared hit=82 read=26
 Planning Time: 2.090 ms
 Execution Time: 23.573 ms
(12 rows)

SET
SET
SET
SET
SET
                                             QUERY PLAN                                             
----------------------------------------------------------------------------------------------------
 Index Scan Backward using idx on public.t (actual rows=16384.00 loops=1)
   Output: a, b
   Index Cond: ((t.a >= 7562) AND (t.a <= 23945))
   Index Searches: 1
   Buffers: shared hit=16413
 Settings: enable_bitmapscan = 'off', enable_seqscan = 'off', max_parallel_workers_per_gather = '0'
 Planning:
   Buffers: shared hit=113
 Planning Time: 0.176 ms
 Execution Time: 1.740 ms
(10 rows)

