SET
SET
SET
SET
SET
                                                                       QUERY PLAN                                                                       
--------------------------------------------------------------------------------------------------------------------------------------------------------
 Index Scan Backward using idx on public.t (actual rows=262144.00 loops=1)
   Output: a, b
   Index Cond: ((t.a >= 8777) AND (t.a <= 270920))
   Index Searches: 1
   Prefetch: distance=186.475 count=37122 stalls=225075 skipped=264 resets=0 ungets=472 forwarded=0
             histogram [2,4) => 7274, [4,8) => 68, [8,16) => 14, [16,32) => 65, [32,64) => 251, [64,128) => 742, [128,256) => 18546, [256,512) => 10162
   Buffers: shared hit=257163 read=5438
 Settings: enable_bitmapscan = 'off', enable_seqscan = 'off', max_parallel_workers_per_gather = '0'
 Planning:
   Buffers: shared hit=78 read=26
 Planning Time: 2.110 ms
 Execution Time: 123.380 ms
(12 rows)

SET
SET
SET
SET
SET
                                             QUERY PLAN                                             
----------------------------------------------------------------------------------------------------
 Index Scan Backward using idx on public.t (actual rows=262144.00 loops=1)
   Output: a, b
   Index Cond: ((t.a >= 8777) AND (t.a <= 270920))
   Index Searches: 1
   Buffers: shared hit=262601
 Settings: enable_bitmapscan = 'off', enable_seqscan = 'off', max_parallel_workers_per_gather = '0'
 Planning:
   Buffers: shared hit=109
 Planning Time: 0.212 ms
 Execution Time: 34.740 ms
(10 rows)

