SET
SET
SET
SET
SET
                                                                       QUERY PLAN                                                                        
---------------------------------------------------------------------------------------------------------------------------------------------------------
 Index Scan Backward using idx on public.t (actual rows=131072.00 loops=1)
   Output: a, b
   Index Cond: ((t.a >= 1827) AND (t.a <= 132898))
   Index Searches: 1
   Prefetch: distance=212.000 count=39623 stalls=91522 skipped=163 resets=0 ungets=387 forwarded=0
             histogram [2,4) => 2966, [4,8) => 36, [8,16) => 16, [16,32) => 61, [32,64) => 264, [64,128) => 1153, [128,256) => 23746, [256,512) => 11381
   Buffers: shared hit=128339 read=2934
 Settings: enable_bitmapscan = 'off', enable_seqscan = 'off', max_parallel_workers_per_gather = '0'
 Planning:
   Buffers: shared hit=78 read=26
 Planning Time: 2.128 ms
 Execution Time: 77.106 ms
(12 rows)

SET
SET
SET
SET
SET
                                             QUERY PLAN                                             
----------------------------------------------------------------------------------------------------
 Index Scan Backward using idx on public.t (actual rows=131072.00 loops=1)
   Output: a, b
   Index Cond: ((t.a >= 1827) AND (t.a <= 132898))
   Index Searches: 1
   Buffers: shared hit=131273
 Settings: enable_bitmapscan = 'off', enable_seqscan = 'off', max_parallel_workers_per_gather = '0'
 Planning:
   Buffers: shared hit=109
 Planning Time: 0.170 ms
 Execution Time: 13.932 ms
(10 rows)

