SET
SET
SET
SET
SET
                                                                        QUERY PLAN                                                                         
-----------------------------------------------------------------------------------------------------------------------------------------------------------
 Index Scan Backward using idx on public.t (actual rows=8048576.00 loops=1)
   Output: a, b
   Index Cond: ((t.a >= 20473) AND (t.a <= 8069048))
   Index Searches: 1
   Prefetch: distance=17.629 count=271214 stalls=7769951 skipped=7855 resets=0 ungets=615 forwarded=1
             histogram [2,4) => 250897, [4,8) => 2078, [8,16) => 25, [16,32) => 60, [32,64) => 177, [64,128) => 479, [128,256) => 10175, [256,512) => 7323
   Buffers: shared hit=7914201 read=148517
 Settings: enable_bitmapscan = 'off', enable_seqscan = 'off', max_parallel_workers_per_gather = '0'
 Planning:
   Buffers: shared hit=78 read=26
 Planning Time: 2.126 ms
 Execution Time: 3349.099 ms
(12 rows)

SET
SET
SET
SET
SET
                                             QUERY PLAN                                             
----------------------------------------------------------------------------------------------------
 Index Scan Backward using idx on public.t (actual rows=8048576.00 loops=1)
   Output: a, b
   Index Cond: ((t.a >= 20473) AND (t.a <= 8069048))
   Index Searches: 1
   Buffers: shared hit=8062718
 Settings: enable_bitmapscan = 'off', enable_seqscan = 'off', max_parallel_workers_per_gather = '0'
 Planning:
   Buffers: shared hit=109
 Planning Time: 0.219 ms
 Execution Time: 1187.754 ms
(10 rows)

