SET
SET
SET
SET
SET
                                                                         QUERY PLAN                                                                          
-------------------------------------------------------------------------------------------------------------------------------------------------------------
 Index Scan Backward using idx on public.t (actual rows=5048576.00 loops=1)
   Output: a, b
   Index Cond: ((t.a >= 2844) AND (t.a <= 5051419))
   Index Searches: 1
   Prefetch: distance=43.669 count=193453 stalls=4850264 skipped=4974 resets=0 ungets=347 forwarded=0
             histogram [2,4) => 156615, [4,8) => 1341, [8,16) => 32, [16,32) => 62, [32,64) => 275, [64,128) => 1108, [128,256) => 23154, [256,512) => 10866
   Buffers: shared hit=4964180 read=93220
 Settings: enable_bitmapscan = 'off', enable_seqscan = 'off', max_parallel_workers_per_gather = '0'
 Planning:
   Buffers: shared hit=78 read=26
 Planning Time: 2.126 ms
 Execution Time: 2031.284 ms
(12 rows)

SET
SET
SET
SET
SET
                                             QUERY PLAN                                             
----------------------------------------------------------------------------------------------------
 Index Scan Backward using idx on public.t (actual rows=5048576.00 loops=1)
   Output: a, b
   Index Cond: ((t.a >= 2844) AND (t.a <= 5051419))
   Index Searches: 1
   Buffers: shared hit=5057400
 Settings: enable_bitmapscan = 'off', enable_seqscan = 'off', max_parallel_workers_per_gather = '0'
 Planning:
   Buffers: shared hit=109
 Planning Time: 0.219 ms
 Execution Time: 746.156 ms
(10 rows)

