SET
SET
SET
SET
SET
                                                                        QUERY PLAN                                                                         
-----------------------------------------------------------------------------------------------------------------------------------------------------------
 Index Scan Backward using idx on public.t (actual rows=9048576.00 loops=1)
   Output: a, b
   Index Cond: ((t.a >= 32045) AND (t.a <= 9080620))
   Index Searches: 1
   Prefetch: distance=18.587 count=306579 stalls=8733487 skipped=8815 resets=0 ungets=616 forwarded=0
             histogram [2,4) => 282011, [4,8) => 2367, [8,16) => 31, [16,32) => 26, [32,64) => 308, [64,128) => 815, [128,256) => 12741, [256,512) => 8280
   Buffers: shared hit=8897512 read=166978
 Settings: enable_bitmapscan = 'off', enable_seqscan = 'off', max_parallel_workers_per_gather = '0'
 Planning:
   Buffers: shared hit=78 read=26
 Planning Time: 2.129 ms
 Execution Time: 3758.556 ms
(12 rows)

SET
SET
SET
SET
SET
                                             QUERY PLAN                                             
----------------------------------------------------------------------------------------------------
 Index Scan Backward using idx on public.t (actual rows=9048576.00 loops=1)
   Output: a, b
   Index Cond: ((t.a >= 32045) AND (t.a <= 9080620))
   Index Searches: 1
   Buffers: shared hit=9064490
 Settings: enable_bitmapscan = 'off', enable_seqscan = 'off', max_parallel_workers_per_gather = '0'
 Planning:
   Buffers: shared hit=109
 Planning Time: 0.233 ms
 Execution Time: 1325.406 ms
(10 rows)

