SET
SET
SET
SET
SET
                                                                        QUERY PLAN                                                                         
-----------------------------------------------------------------------------------------------------------------------------------------------------------
 Index Scan Backward using idx on public.t (actual rows=4048576.00 loops=1)
   Output: a, b
   Index Cond: ((t.a >= 17038) AND (t.a <= 4065613))
   Index Searches: 1
   Prefetch: distance=34.980 count=148249 stalls=3896483 skipped=3985 resets=0 ungets=453 forwarded=0
             histogram [2,4) => 125823, [4,8) => 1068, [8,16) => 25, [16,32) => 67, [32,64) => 256, [64,128) => 738, [128,256) => 12524, [256,512) => 7748
   Buffers: shared hit=3980611 read=75047
 Settings: enable_bitmapscan = 'off', enable_seqscan = 'off', max_parallel_workers_per_gather = '0'
 Planning:
   Buffers: shared hit=78 read=26
 Planning Time: 2.112 ms
 Execution Time: 1889.380 ms
(12 rows)

SET
SET
SET
SET
SET
                                             QUERY PLAN                                             
----------------------------------------------------------------------------------------------------
 Index Scan Backward using idx on public.t (actual rows=4048576.00 loops=1)
   Output: a, b
   Index Cond: ((t.a >= 17038) AND (t.a <= 4065613))
   Index Searches: 1
   Buffers: shared hit=4055658
 Settings: enable_bitmapscan = 'off', enable_seqscan = 'off', max_parallel_workers_per_gather = '0'
 Planning:
   Buffers: shared hit=109
 Planning Time: 0.192 ms
 Execution Time: 595.112 ms
(10 rows)

