SET
SET
SET
SET
SET
                                                                        QUERY PLAN                                                                        
----------------------------------------------------------------------------------------------------------------------------------------------------------
 Index Scan Backward using idx on public.t (actual rows=6048576.00 loops=1)
   Output: a, b
   Index Cond: ((t.a >= 28159) AND (t.a <= 6076734))
   Index Searches: 1
   Prefetch: distance=14.651 count=200873 stalls=5842302 skipped=5914 resets=0 ungets=684 forwarded=0
             histogram [2,4) => 188657, [4,8) => 1584, [8,16) => 28, [16,32) => 61, [32,64) => 177, [64,128) => 298, [128,256) => 4435, [256,512) => 5633
   Buffers: shared hit=5947316 read=111877
 Settings: enable_bitmapscan = 'off', enable_seqscan = 'off', max_parallel_workers_per_gather = '0'
 Planning:
   Buffers: shared hit=78 read=26
 Planning Time: 2.193 ms
 Execution Time: 2675.282 ms
(12 rows)

SET
SET
SET
SET
SET
                                             QUERY PLAN                                             
----------------------------------------------------------------------------------------------------
 Index Scan Backward using idx on public.t (actual rows=6048576.00 loops=1)
   Output: a, b
   Index Cond: ((t.a >= 28159) AND (t.a <= 6076734))
   Index Searches: 1
   Buffers: shared hit=6059193
 Settings: enable_bitmapscan = 'off', enable_seqscan = 'off', max_parallel_workers_per_gather = '0'
 Planning:
   Buffers: shared hit=109
 Planning Time: 0.213 ms
 Execution Time: 887.245 ms
(10 rows)

