SET
SET
SET
SET
SET
                                                                  QUERY PLAN                                                                   
-----------------------------------------------------------------------------------------------------------------------------------------------
 Index Scan Backward using idx on public.t (actual rows=16384.00 loops=1)
   Output: a, b
   Index Cond: ((t.a >= 9430) AND (t.a <= 25813))
   Index Searches: 1
   Prefetch: distance=241.375 count=16572 stalls=1 skipped=15 resets=0 ungets=438 forwarded=2
             histogram [2,4) => 6, [4,8) => 4, [8,16) => 12, [16,32) => 10, [32,64) => 4, [64,128) => 37, [128,256) => 9716, [256,512) => 6783
   Buffers: shared hit=15481 read=938
 Settings: enable_bitmapscan = 'off', enable_seqscan = 'off', max_parallel_workers_per_gather = '0'
 Planning:
   Buffers: shared hit=82 read=26
 Planning Time: 2.096 ms
 Execution Time: 22.616 ms
(12 rows)

SET
SET
SET
SET
SET
                                             QUERY PLAN                                             
----------------------------------------------------------------------------------------------------
 Index Scan Backward using idx on public.t (actual rows=16384.00 loops=1)
   Output: a, b
   Index Cond: ((t.a >= 9430) AND (t.a <= 25813))
   Index Searches: 1
   Buffers: shared hit=16419
 Settings: enable_bitmapscan = 'off', enable_seqscan = 'off', max_parallel_workers_per_gather = '0'
 Planning:
   Buffers: shared hit=113
 Planning Time: 0.202 ms
 Execution Time: 2.839 ms
(10 rows)

