SET
SET
SET
SET
SET
                                                                  QUERY PLAN                                                                  
----------------------------------------------------------------------------------------------------------------------------------------------
 Index Scan Backward using idx on public.t (actual rows=8192.00 loops=1)
   Output: a, b
   Index Cond: ((t.a >= 25713) AND (t.a <= 33904))
   Index Searches: 1
   Prefetch: distance=250.634 count=8879 stalls=1 skipped=14 resets=0 ungets=757 forwarded=1
             histogram [2,4) => 2, [4,8) => 3, [8,16) => 6, [16,32) => 12, [32,64) => 2, [64,128) => 10, [128,256) => 3490, [256,512) => 5354
   Buffers: shared hit=7239 read=968
 Settings: enable_bitmapscan = 'off', enable_seqscan = 'off', max_parallel_workers_per_gather = '0'
 Planning:
   Buffers: shared hit=82 read=26
 Planning Time: 2.130 ms
 Execution Time: 12.989 ms
(12 rows)

SET
SET
SET
SET
SET
                                             QUERY PLAN                                             
----------------------------------------------------------------------------------------------------
 Index Scan Backward using idx on public.t (actual rows=8192.00 loops=1)
   Output: a, b
   Index Cond: ((t.a >= 25713) AND (t.a <= 33904))
   Index Searches: 1
   Buffers: shared hit=8207
 Settings: enable_bitmapscan = 'off', enable_seqscan = 'off', max_parallel_workers_per_gather = '0'
 Planning:
   Buffers: shared hit=113
 Planning Time: 0.196 ms
 Execution Time: 1.866 ms
(10 rows)

