SET
SET
SET
SET
SET
                                                                     QUERY PLAN                                                                      
-----------------------------------------------------------------------------------------------------------------------------------------------------
 Index Scan Backward using idx on public.t (actual rows=32768.00 loops=1)
   Output: a, b
   Index Cond: ((t.a >= 5332) AND (t.a <= 38099))
   Index Searches: 1
   Prefetch: distance=230.104 count=32747 stalls=2 skipped=47 resets=0 ungets=334 forwarded=1
             histogram [2,4) => 4, [4,8) => 4, [8,16) => 10, [16,32) => 19, [32,64) => 207, [64,128) => 1043, [128,256) => 20924, [256,512) => 10536
   Buffers: shared hit=31633 read=1181
 Settings: enable_bitmapscan = 'off', enable_seqscan = 'off', max_parallel_workers_per_gather = '0'
 Planning:
   Buffers: shared hit=82 read=26
 Planning Time: 2.105 ms
 Execution Time: 29.070 ms
(12 rows)

SET
SET
SET
SET
SET
                                             QUERY PLAN                                             
----------------------------------------------------------------------------------------------------
 Index Scan Backward using idx on public.t (actual rows=32768.00 loops=1)
   Output: a, b
   Index Cond: ((t.a >= 5332) AND (t.a <= 38099))
   Index Searches: 1
   Buffers: shared hit=32814
 Settings: enable_bitmapscan = 'off', enable_seqscan = 'off', max_parallel_workers_per_gather = '0'
 Planning:
   Buffers: shared hit=113
 Planning Time: 0.225 ms
 Execution Time: 5.148 ms
(10 rows)

