SET
SET
SET
SET
SET
                                                                        QUERY PLAN                                                                        
----------------------------------------------------------------------------------------------------------------------------------------------------------
 Index Scan Backward using idx on public.t (actual rows=5048576.00 loops=1)
   Output: a, b
   Index Cond: ((t.a >= 27646) AND (t.a <= 5076221))
   Index Searches: 1
   Prefetch: distance=17.251 count=169598 stalls=4874264 skipped=4950 resets=0 ungets=554 forwarded=0
             histogram [2,4) => 157393, [4,8) => 1336, [8,16) => 27, [16,32) => 65, [32,64) => 177, [64,128) => 297, [128,256) => 4769, [256,512) => 5534
   Buffers: shared hit=4963910 read=93515
 Settings: enable_bitmapscan = 'off', enable_seqscan = 'off', max_parallel_workers_per_gather = '0'
 Planning:
   Buffers: shared hit=78 read=26
 Planning Time: 2.097 ms
 Execution Time: 2098.622 ms
(12 rows)

SET
SET
SET
SET
SET
                                             QUERY PLAN                                             
----------------------------------------------------------------------------------------------------
 Index Scan Backward using idx on public.t (actual rows=5048576.00 loops=1)
   Output: a, b
   Index Cond: ((t.a >= 27646) AND (t.a <= 5076221))
   Index Searches: 1
   Buffers: shared hit=5057425
 Settings: enable_bitmapscan = 'off', enable_seqscan = 'off', max_parallel_workers_per_gather = '0'
 Planning:
   Buffers: shared hit=109
 Planning Time: 0.232 ms
 Execution Time: 736.548 ms
(10 rows)

