SET
SET
SET
SET
SET
                                                                      QUERY PLAN                                                                       
-------------------------------------------------------------------------------------------------------------------------------------------------------
 Index Scan Backward using idx on public.t (actual rows=65536.00 loops=1)
   Output: a, b
   Index Cond: ((t.a >= 17801) AND (t.a <= 83336))
   Index Searches: 1
   Prefetch: distance=215.824 count=22085 stalls=43582 skipped=79 resets=0 ungets=491 forwarded=0
             histogram [2,4) => 1410, [4,8) => 24, [8,16) => 16, [16,32) => 60, [32,64) => 245, [64,128) => 737, [128,256) => 12027, [256,512) => 7566
   Buffers: shared hit=63703 read=1938
 Settings: enable_bitmapscan = 'off', enable_seqscan = 'off', max_parallel_workers_per_gather = '0'
 Planning:
   Buffers: shared hit=82 read=26
 Planning Time: 2.132 ms
 Execution Time: 47.344 ms
(12 rows)

SET
SET
SET
SET
SET
                                             QUERY PLAN                                             
----------------------------------------------------------------------------------------------------
 Index Scan Backward using idx on public.t (actual rows=65536.00 loops=1)
   Output: a, b
   Index Cond: ((t.a >= 17801) AND (t.a <= 83336))
   Index Searches: 1
   Buffers: shared hit=65641
 Settings: enable_bitmapscan = 'off', enable_seqscan = 'off', max_parallel_workers_per_gather = '0'
 Planning:
   Buffers: shared hit=113
 Planning Time: 0.202 ms
 Execution Time: 9.903 ms
(10 rows)

