SET
SET
SET
SET
SET
                                                                       QUERY PLAN                                                                        
---------------------------------------------------------------------------------------------------------------------------------------------------------
 Index Scan Backward using idx on public.t (actual rows=1048576.00 loops=1)
   Output: a, b
   Index Cond: ((t.a >= 10667) AND (t.a <= 1059242))
   Index Searches: 1
   Prefetch: distance=109.095 count=60233 stalls=987780 skipped=1020 resets=0 ungets=552 forwarded=0
             histogram [2,4) => 31904, [4,8) => 297, [8,16) => 16, [16,32) => 60, [32,64) => 245, [64,128) => 741, [128,256) => 17257, [256,512) => 9713
   Buffers: shared hit=1030524 read=19903
 Settings: enable_bitmapscan = 'off', enable_seqscan = 'off', max_parallel_workers_per_gather = '0'
 Planning:
   Buffers: shared hit=78 read=26
 Planning Time: 2.110 ms
 Execution Time: 499.270 ms
(12 rows)

SET
SET
SET
SET
SET
                                             QUERY PLAN                                             
----------------------------------------------------------------------------------------------------
 Index Scan Backward using idx on public.t (actual rows=1048576.00 loops=1)
   Output: a, b
   Index Cond: ((t.a >= 10667) AND (t.a <= 1059242))
   Index Searches: 1
   Buffers: shared hit=1050427
 Settings: enable_bitmapscan = 'off', enable_seqscan = 'off', max_parallel_workers_per_gather = '0'
 Planning:
   Buffers: shared hit=109
 Planning Time: 0.194 ms
 Execution Time: 155.338 ms
(10 rows)

