SET
SET
SET
SET
SET
                                                                      QUERY PLAN                                                                      
------------------------------------------------------------------------------------------------------------------------------------------------------
 Index Scan Backward using idx on public.t (actual rows=262144.00 loops=1)
   Output: a, b
   Index Cond: ((t.a >= 23735) AND (t.a <= 285878))
   Index Searches: 1
   Prefetch: distance=155.589 count=22733 stalls=239547 skipped=263 resets=0 ungets=602 forwarded=0
             histogram [2,4) => 7738, [4,8) => 72, [8,16) => 19, [16,32) => 60, [32,64) => 178, [64,128) => 374, [128,256) => 7789, [256,512) => 6503
   Buffers: shared hit=256992 read=5611
 Settings: enable_bitmapscan = 'off', enable_seqscan = 'off', max_parallel_workers_per_gather = '0'
 Planning:
   Buffers: shared hit=78 read=26
 Planning Time: 2.160 ms
 Execution Time: 128.229 ms
(12 rows)

SET
SET
SET
SET
SET
                                             QUERY PLAN                                             
----------------------------------------------------------------------------------------------------
 Index Scan Backward using idx on public.t (actual rows=262144.00 loops=1)
   Output: a, b
   Index Cond: ((t.a >= 23735) AND (t.a <= 285878))
   Index Searches: 1
   Buffers: shared hit=262603
 Settings: enable_bitmapscan = 'off', enable_seqscan = 'off', max_parallel_workers_per_gather = '0'
 Planning:
   Buffers: shared hit=109
 Planning Time: 0.214 ms
 Execution Time: 36.567 ms
(10 rows)

