SET
SET
SET
SET
SET
                                                                        QUERY PLAN                                                                         
-----------------------------------------------------------------------------------------------------------------------------------------------------------
 Index Scan Backward using idx on public.t (actual rows=6048576.00 loops=1)
   Output: a, b
   Index Cond: ((t.a >= 20421) AND (t.a <= 6068996))
   Index Searches: 1
   Prefetch: distance=22.290 count=208176 stalls=5834840 skipped=5908 resets=0 ungets=571 forwarded=1
             histogram [2,4) => 188401, [4,8) => 1582, [8,16) => 29, [16,32) => 59, [32,64) => 177, [64,128) => 479, [128,256) => 10184, [256,512) => 7265
   Buffers: shared hit=5947405 read=111795
 Settings: enable_bitmapscan = 'off', enable_seqscan = 'off', max_parallel_workers_per_gather = '0'
 Planning:
   Buffers: shared hit=78 read=26
 Planning Time: 2.110 ms
 Execution Time: 2522.353 ms
(12 rows)

SET
SET
SET
SET
SET
                                             QUERY PLAN                                             
----------------------------------------------------------------------------------------------------
 Index Scan Backward using idx on public.t (actual rows=6048576.00 loops=1)
   Output: a, b
   Index Cond: ((t.a >= 20421) AND (t.a <= 6068996))
   Index Searches: 1
   Buffers: shared hit=6059200
 Settings: enable_bitmapscan = 'off', enable_seqscan = 'off', max_parallel_workers_per_gather = '0'
 Planning:
   Buffers: shared hit=109
 Planning Time: 0.216 ms
 Execution Time: 886.107 ms
(10 rows)

