SET
SET
SET
SET
SET
                                                                        QUERY PLAN                                                                        
----------------------------------------------------------------------------------------------------------------------------------------------------------
 Index Scan Backward using idx on public.t (actual rows=524288.00 loops=1)
   Output: a, b
   Index Cond: ((t.a >= 7211) AND (t.a <= 531498))
   Index Searches: 1
   Prefetch: distance=154.732 count=46730 stalls=477194 skipped=521 resets=0 ungets=414 forwarded=0
             histogram [2,4) => 15414, [4,8) => 141, [8,16) => 14, [16,32) => 71, [32,64) => 249, [64,128) => 741, [128,256) => 20061, [256,512) => 10039
   Buffers: shared hit=514975 read=10229
 Settings: enable_bitmapscan = 'off', enable_seqscan = 'off', max_parallel_workers_per_gather = '0'
 Planning:
   Buffers: shared hit=78 read=26
 Planning Time: 2.093 ms
 Execution Time: 252.349 ms
(12 rows)

SET
SET
SET
SET
SET
                                             QUERY PLAN                                             
----------------------------------------------------------------------------------------------------
 Index Scan Backward using idx on public.t (actual rows=524288.00 loops=1)
   Output: a, b
   Index Cond: ((t.a >= 7211) AND (t.a <= 531498))
   Index Searches: 1
   Buffers: shared hit=525204
 Settings: enable_bitmapscan = 'off', enable_seqscan = 'off', max_parallel_workers_per_gather = '0'
 Planning:
   Buffers: shared hit=109
 Planning Time: 0.203 ms
 Execution Time: 79.410 ms
(10 rows)

