SET
SET
SET
SET
SET
                                                                         QUERY PLAN                                                                          
-------------------------------------------------------------------------------------------------------------------------------------------------------------
 Index Scan Backward using idx on public.t (actual rows=4048576.00 loops=1)
   Output: a, b
   Index Cond: ((t.a >= 995) AND (t.a <= 4049570))
   Index Searches: 1
   Prefetch: distance=53.755 count=163656 stalls=3880958 skipped=4012 resets=0 ungets=301 forwarded=1
             histogram [2,4) => 125309, [4,8) => 1065, [8,16) => 29, [16,32) => 66, [32,64) => 277, [64,128) => 1162, [128,256) => 24232, [256,512) => 11516
   Buffers: shared hit=3980798 read=74830
 Settings: enable_bitmapscan = 'off', enable_seqscan = 'off', max_parallel_workers_per_gather = '0'
 Planning:
   Buffers: shared hit=78 read=26
 Planning Time: 2.193 ms
 Execution Time: 1675.752 ms
(12 rows)

SET
SET
SET
SET
SET
                                             QUERY PLAN                                             
----------------------------------------------------------------------------------------------------
 Index Scan Backward using idx on public.t (actual rows=4048576.00 loops=1)
   Output: a, b
   Index Cond: ((t.a >= 995) AND (t.a <= 4049570))
   Index Searches: 1
   Buffers: shared hit=4055628
 Settings: enable_bitmapscan = 'off', enable_seqscan = 'off', max_parallel_workers_per_gather = '0'
 Planning:
   Buffers: shared hit=109
 Planning Time: 0.191 ms
 Execution Time: 593.166 ms
(10 rows)

