SET
SET
SET
SET
SET
                                                                        QUERY PLAN                                                                         
-----------------------------------------------------------------------------------------------------------------------------------------------------------
 Index Scan Backward using idx on public.t (actual rows=2048576.00 loops=1)
   Output: a, b
   Index Cond: ((t.a >= 632) AND (t.a <= 2049207))
   Index Searches: 1
   Prefetch: distance=86.693 count=100976 stalls=1945636 skipped=1994 resets=0 ungets=278 forwarded=1
             histogram [2,4) => 62812, [4,8) => 544, [8,16) => 27, [16,32) => 61, [32,64) => 263, [64,128) => 1171, [128,256) => 24488, [256,512) => 11610
   Buffers: shared hit=2014076 read=38109
 Settings: enable_bitmapscan = 'off', enable_seqscan = 'off', max_parallel_workers_per_gather = '0'
 Planning:
   Buffers: shared hit=78 read=26
 Planning Time: 2.116 ms
 Execution Time: 938.821 ms
(12 rows)

SET
SET
SET
SET
SET
                                             QUERY PLAN                                             
----------------------------------------------------------------------------------------------------
 Index Scan Backward using idx on public.t (actual rows=2048576.00 loops=1)
   Output: a, b
   Index Cond: ((t.a >= 632) AND (t.a <= 2049207))
   Index Searches: 1
   Buffers: shared hit=2052185
 Settings: enable_bitmapscan = 'off', enable_seqscan = 'off', max_parallel_workers_per_gather = '0'
 Planning:
   Buffers: shared hit=109
 Planning Time: 0.218 ms
 Execution Time: 305.662 ms
(10 rows)

