SET
SET
SET
SET
SET
                                                               QUERY PLAN                                                                
-----------------------------------------------------------------------------------------------------------------------------------------
 Index Scan using idx on public.t (actual rows=128.00 loops=1)
   Output: a, b
   Index Cond: ((t.a >= '-26904'::integer) AND (t.a <= '-26873'::integer))
   Index Searches: 1
   Prefetch: distance=122.316 count=79 stalls=1 skipped=1 resets=0 ungets=12 forwarded=1
             histogram [2,4) => 2, [4,8) => 8, [8,16) => 7, [16,32) => 18, [32,64) => 10, [64,128) => 2, [128,256) => 2, [256,512) => 30
   Buffers: shared hit=55 read=79
 Settings: enable_bitmapscan = 'off', enable_seqscan = 'off', max_parallel_workers_per_gather = '0'
 Planning:
   Buffers: shared hit=86 read=26
 Planning Time: 1.115 ms
 Execution Time: 3.930 ms
(12 rows)

SET
SET
SET
SET
SET
                                             QUERY PLAN                                             
----------------------------------------------------------------------------------------------------
 Index Scan using idx on public.t (actual rows=128.00 loops=1)
   Output: a, b
   Index Cond: ((t.a >= '-26904'::integer) AND (t.a <= '-26873'::integer))
   Index Searches: 1
   Buffers: shared hit=134
 Settings: enable_bitmapscan = 'off', enable_seqscan = 'off', max_parallel_workers_per_gather = '0'
 Planning:
   Buffers: shared hit=117
 Planning Time: 0.195 ms
 Execution Time: 0.135 ms
(10 rows)

