SET
SET
SET
SET
SET
                                                                      QUERY PLAN                                                                       
-------------------------------------------------------------------------------------------------------------------------------------------------------
 Index Scan Backward using idx on public.t (actual rows=65536.00 loops=1)
   Output: a, b
   Index Cond: ((t.a >= 20444) AND (t.a <= 85979))
   Index Searches: 1
   Prefetch: distance=216.325 count=19716 stalls=46130 skipped=81 resets=0 ungets=591 forwarded=1
             histogram [2,4) => 1492, [4,8) => 21, [8,16) => 13, [16,32) => 60, [32,64) => 177, [64,128) => 479, [128,256) => 10183, [256,512) => 7291
   Buffers: shared hit=63673 read=1967
 Settings: enable_bitmapscan = 'off', enable_seqscan = 'off', max_parallel_workers_per_gather = '0'
 Planning:
   Buffers: shared hit=82 read=26
 Planning Time: 2.133 ms
 Execution Time: 48.701 ms
(12 rows)

SET
SET
SET
SET
SET
                                             QUERY PLAN                                             
----------------------------------------------------------------------------------------------------
 Index Scan Backward using idx on public.t (actual rows=65536.00 loops=1)
   Output: a, b
   Index Cond: ((t.a >= 20444) AND (t.a <= 85979))
   Index Searches: 1
   Buffers: shared hit=65640
 Settings: enable_bitmapscan = 'off', enable_seqscan = 'off', max_parallel_workers_per_gather = '0'
 Planning:
   Buffers: shared hit=113
 Planning Time: 0.209 ms
 Execution Time: 10.701 ms
(10 rows)

