SET
SET
SET
SET
SET
                                                                  QUERY PLAN                                                                  
----------------------------------------------------------------------------------------------------------------------------------------------
 Index Scan Backward using idx on public.t (actual rows=8192.00 loops=1)
   Output: a, b
   Index Cond: ((t.a >= 20401) AND (t.a <= 28592))
   Index Searches: 1
   Prefetch: distance=246.551 count=8494 stalls=2 skipped=9 resets=0 ungets=556 forwarded=1
             histogram [2,4) => 4, [4,8) => 6, [8,16) => 9, [16,32) => 8, [32,64) => 2, [64,128) => 108, [128,256) => 3585, [256,512) => 4772
   Buffers: shared hit=7295 read=916
 Settings: enable_bitmapscan = 'off', enable_seqscan = 'off', max_parallel_workers_per_gather = '0'
 Planning:
   Buffers: shared hit=82 read=26
 Planning Time: 2.211 ms
 Execution Time: 23.044 ms
(12 rows)

SET
SET
SET
SET
SET
                                             QUERY PLAN                                             
----------------------------------------------------------------------------------------------------
 Index Scan Backward using idx on public.t (actual rows=8192.00 loops=1)
   Output: a, b
   Index Cond: ((t.a >= 20401) AND (t.a <= 28592))
   Index Searches: 1
   Buffers: shared hit=8211
 Settings: enable_bitmapscan = 'off', enable_seqscan = 'off', max_parallel_workers_per_gather = '0'
 Planning:
   Buffers: shared hit=113
 Planning Time: 0.143 ms
 Execution Time: 1.044 ms
(10 rows)

