SET
SET
SET
SET
SET
                                                                      QUERY PLAN                                                                      
------------------------------------------------------------------------------------------------------------------------------------------------------
 Index Scan Backward using idx on public.t (actual rows=262144.00 loops=1)
   Output: a, b
   Index Cond: ((t.a >= 25729) AND (t.a <= 287872))
   Index Searches: 1
   Prefetch: distance=150.757 count=21137 stalls=241476 skipped=264 resets=0 ungets=772 forwarded=1
             histogram [2,4) => 7800, [4,8) => 72, [8,16) => 14, [16,32) => 63, [32,64) => 177, [64,128) => 305, [128,256) => 6262, [256,512) => 6444
   Buffers: shared hit=256972 read=5631
 Settings: enable_bitmapscan = 'off', enable_seqscan = 'off', max_parallel_workers_per_gather = '0'
 Planning:
   Buffers: shared hit=78 read=26
 Planning Time: 2.183 ms
 Execution Time: 134.560 ms
(12 rows)

SET
SET
SET
SET
SET
                                             QUERY PLAN                                             
----------------------------------------------------------------------------------------------------
 Index Scan Backward using idx on public.t (actual rows=262144.00 loops=1)
   Output: a, b
   Index Cond: ((t.a >= 25729) AND (t.a <= 287872))
   Index Searches: 1
   Buffers: shared hit=262603
 Settings: enable_bitmapscan = 'off', enable_seqscan = 'off', max_parallel_workers_per_gather = '0'
 Planning:
   Buffers: shared hit=109
 Planning Time: 0.185 ms
 Execution Time: 37.207 ms
(10 rows)

