SET
SET
SET
SET
SET
                                                                 QUERY PLAN                                                                  
---------------------------------------------------------------------------------------------------------------------------------------------
 Index Scan Backward using idx on public.t (actual rows=4096.00 loops=1)
   Output: a, b
   Index Cond: ((t.a >= 10411) AND (t.a <= 14506))
   Index Searches: 1
   Prefetch: distance=258.555 count=4098 stalls=1 skipped=8 resets=0 ungets=362 forwarded=0
             histogram [2,4) => 4, [4,8) => 8, [8,16) => 9, [16,32) => 11, [32,64) => 13, [64,128) => 2, [128,256) => 902, [256,512) => 3149
   Buffers: shared hit=3388 read=717
 Settings: enable_bitmapscan = 'off', enable_seqscan = 'off', max_parallel_workers_per_gather = '0'
 Planning:
   Buffers: shared hit=82 read=26
 Planning Time: 2.170 ms
 Execution Time: 17.244 ms
(12 rows)

SET
SET
SET
SET
SET
                                             QUERY PLAN                                             
----------------------------------------------------------------------------------------------------
 Index Scan Backward using idx on public.t (actual rows=4096.00 loops=1)
   Output: a, b
   Index Cond: ((t.a >= 10411) AND (t.a <= 14506))
   Index Searches: 1
   Buffers: shared hit=4105
 Settings: enable_bitmapscan = 'off', enable_seqscan = 'off', max_parallel_workers_per_gather = '0'
 Planning:
   Buffers: shared hit=113
 Planning Time: 0.205 ms
 Execution Time: 1.203 ms
(10 rows)

