SET
SET
SET
SET
SET
                                                                   QUERY PLAN                                                                    
-------------------------------------------------------------------------------------------------------------------------------------------------
 Index Scan Backward using idx on public.t (actual rows=16384.00 loops=1)
   Output: a, b
   Index Cond: ((t.a >= 1368) AND (t.a <= 17751))
   Index Searches: 1
   Prefetch: distance=234.759 count=16404 stalls=10 skipped=39 resets=0 ungets=313 forwarded=0
             histogram [2,4) => 10, [4,8) => 8, [8,16) => 7, [16,32) => 12, [32,64) => 28, [64,128) => 422, [128,256) => 9736, [256,512) => 6181
   Buffers: shared hit=15577 read=818
 Settings: enable_bitmapscan = 'off', enable_seqscan = 'off', max_parallel_workers_per_gather = '0'
 Planning:
   Buffers: shared hit=82 read=26
 Planning Time: 2.124 ms
 Execution Time: 21.145 ms
(12 rows)

SET
SET
SET
SET
SET
                                             QUERY PLAN                                             
----------------------------------------------------------------------------------------------------
 Index Scan Backward using idx on public.t (actual rows=16384.00 loops=1)
   Output: a, b
   Index Cond: ((t.a >= 1368) AND (t.a <= 17751))
   Index Searches: 1
   Buffers: shared hit=16395
 Settings: enable_bitmapscan = 'off', enable_seqscan = 'off', max_parallel_workers_per_gather = '0'
 Planning:
   Buffers: shared hit=113
 Planning Time: 0.208 ms
 Execution Time: 3.002 ms
(10 rows)

