SET
SET
SET
SET
SET
                                                               QUERY PLAN                                                                
-----------------------------------------------------------------------------------------------------------------------------------------
 Index Scan Backward using idx on public.t (actual rows=512.00 loops=1)
   Output: a, b
   Index Cond: ((t.a >= 23575) AND (t.a <= 24086))
   Index Searches: 1
   Prefetch: distance=224.117 count=205 stalls=3 skipped=0 resets=0 ungets=59 forwarded=0
             histogram [2,4) => 4, [4,8) => 5, [8,16) => 8, [16,32) => 15, [32,64) => 4, [64,128) => 3, [128,256) => 2, [256,512) => 164
   Buffers: shared hit=138 read=381
 Settings: enable_bitmapscan = 'off', enable_seqscan = 'off', max_parallel_workers_per_gather = '0'
 Planning:
   Buffers: shared hit=82 read=26
 Planning Time: 1.473 ms
 Execution Time: 20.080 ms
(12 rows)

SET
SET
SET
SET
SET
                                             QUERY PLAN                                             
----------------------------------------------------------------------------------------------------
 Index Scan Backward using idx on public.t (actual rows=512.00 loops=1)
   Output: a, b
   Index Cond: ((t.a >= 23575) AND (t.a <= 24086))
   Index Searches: 1
   Buffers: shared hit=519
 Settings: enable_bitmapscan = 'off', enable_seqscan = 'off', max_parallel_workers_per_gather = '0'
 Planning:
   Buffers: shared hit=113
 Planning Time: 0.194 ms
 Execution Time: 0.411 ms
(10 rows)

