SET
SET
SET
SET
SET
                                                                        QUERY PLAN                                                                        
----------------------------------------------------------------------------------------------------------------------------------------------------------
 Index Scan Backward using idx on public.t (actual rows=3048576.00 loops=1)
   Output: a, b
   Index Cond: ((t.a >= 9148) AND (t.a <= 3057723))
   Index Searches: 1
   Prefetch: distance=56.363 count=124577 stalls=2921346 skipped=2993 resets=0 ungets=490 forwarded=0
             histogram [2,4) => 94319, [4,8) => 812, [8,16) => 26, [16,32) => 65, [32,64) => 247, [64,128) => 741, [128,256) => 18286, [256,512) => 10081
   Buffers: shared hit=2997327 read=56591
 Settings: enable_bitmapscan = 'off', enable_seqscan = 'off', max_parallel_workers_per_gather = '0'
 Planning:
   Buffers: shared hit=78 read=26
 Planning Time: 2.149 ms
 Execution Time: 1267.575 ms
(12 rows)

SET
SET
SET
SET
SET
                                             QUERY PLAN                                             
----------------------------------------------------------------------------------------------------
 Index Scan Backward using idx on public.t (actual rows=3048576.00 loops=1)
   Output: a, b
   Index Cond: ((t.a >= 9148) AND (t.a <= 3057723))
   Index Searches: 1
   Buffers: shared hit=3053918
 Settings: enable_bitmapscan = 'off', enable_seqscan = 'off', max_parallel_workers_per_gather = '0'
 Planning:
   Buffers: shared hit=109
 Planning Time: 0.188 ms
 Execution Time: 444.374 ms
(10 rows)

