SET
SET
SET
SET
SET
                                                                        QUERY PLAN                                                                         
-----------------------------------------------------------------------------------------------------------------------------------------------------------
 Index Scan Backward using idx on public.t (actual rows=6048576.00 loops=1)
   Output: a, b
   Index Cond: ((t.a >= 9060) AND (t.a <= 6057635))
   Index Searches: 1
   Prefetch: distance=32.825 count=219022 stalls=5823827 skipped=5912 resets=0 ungets=423 forwarded=0
             histogram [2,4) => 188067, [4,8) => 1576, [8,16) => 26, [16,32) => 69, [32,64) => 245, [64,128) => 741, [128,256) => 18345, [256,512) => 9953
   Buffers: shared hit=5947526 read=111669
 Settings: enable_bitmapscan = 'off', enable_seqscan = 'off', max_parallel_workers_per_gather = '0'
 Planning:
   Buffers: shared hit=78 read=26
 Planning Time: 2.166 ms
 Execution Time: 2481.320 ms
(12 rows)

SET
SET
SET
SET
SET
                                             QUERY PLAN                                             
----------------------------------------------------------------------------------------------------
 Index Scan Backward using idx on public.t (actual rows=6048576.00 loops=1)
   Output: a, b
   Index Cond: ((t.a >= 9060) AND (t.a <= 6057635))
   Index Searches: 1
   Buffers: shared hit=6059195
 Settings: enable_bitmapscan = 'off', enable_seqscan = 'off', max_parallel_workers_per_gather = '0'
 Planning:
   Buffers: shared hit=109
 Planning Time: 0.269 ms
 Execution Time: 888.323 ms
(10 rows)

