SET
SET
SET
SET
SET
                                                                        QUERY PLAN                                                                        
----------------------------------------------------------------------------------------------------------------------------------------------------------
 Index Scan Backward using idx on public.t (actual rows=2048576.00 loops=1)
   Output: a, b
   Index Cond: ((t.a >= 6913) AND (t.a <= 2055488))
   Index Searches: 1
   Prefetch: distance=77.988 count=95117 stalls=1951720 skipped=1975 resets=0 ungets=425 forwarded=0
             histogram [2,4) => 63004, [4,8) => 544, [8,16) => 29, [16,32) => 65, [32,64) => 246, [64,128) => 750, [128,256) => 20217, [256,512) => 10262
   Buffers: shared hit=2014000 read=38203
 Settings: enable_bitmapscan = 'off', enable_seqscan = 'off', max_parallel_workers_per_gather = '0'
 Planning:
   Buffers: shared hit=78 read=26
 Planning Time: 2.164 ms
 Execution Time: 856.932 ms
(12 rows)

SET
SET
SET
SET
SET
                                             QUERY PLAN                                             
----------------------------------------------------------------------------------------------------
 Index Scan Backward using idx on public.t (actual rows=2048576.00 loops=1)
   Output: a, b
   Index Cond: ((t.a >= 6913) AND (t.a <= 2055488))
   Index Searches: 1
   Buffers: shared hit=2052203
 Settings: enable_bitmapscan = 'off', enable_seqscan = 'off', max_parallel_workers_per_gather = '0'
 Planning:
   Buffers: shared hit=109
 Planning Time: 0.195 ms
 Execution Time: 302.365 ms
(10 rows)

