SET
SET
SET
SET
SET
                                                                        QUERY PLAN                                                                        
----------------------------------------------------------------------------------------------------------------------------------------------------------
 Index Scan Backward using idx on public.t (actual rows=9048576.00 loops=1)
   Output: a, b
   Index Cond: ((t.a >= 27425) AND (t.a <= 9076000))
   Index Searches: 1
   Prefetch: distance=11.137 count=296079 stalls=8744177 skipped=8820 resets=0 ungets=673 forwarded=1
             histogram [2,4) => 282359, [4,8) => 2371, [8,16) => 27, [16,32) => 61, [32,64) => 178, [64,128) => 299, [128,256) => 5022, [256,512) => 5762
   Buffers: shared hit=8897542 read=166942
 Settings: enable_bitmapscan = 'off', enable_seqscan = 'off', max_parallel_workers_per_gather = '0'
 Planning:
   Buffers: shared hit=78 read=26
 Planning Time: 2.149 ms
 Execution Time: 3685.366 ms
(12 rows)

SET
SET
SET
SET
SET
                                             QUERY PLAN                                             
----------------------------------------------------------------------------------------------------
 Index Scan Backward using idx on public.t (actual rows=9048576.00 loops=1)
   Output: a, b
   Index Cond: ((t.a >= 27425) AND (t.a <= 9076000))
   Index Searches: 1
   Buffers: shared hit=9064484
 Settings: enable_bitmapscan = 'off', enable_seqscan = 'off', max_parallel_workers_per_gather = '0'
 Planning:
   Buffers: shared hit=109
 Planning Time: 0.235 ms
 Execution Time: 1327.600 ms
(10 rows)

