SET
SET
SET
SET
SET
                                                                        QUERY PLAN                                                                        
----------------------------------------------------------------------------------------------------------------------------------------------------------
 Index Scan Backward using idx on public.t (actual rows=8048576.00 loops=1)
   Output: a, b
   Index Cond: ((t.a >= 24258) AND (t.a <= 8072833))
   Index Searches: 1
   Prefetch: distance=14.929 count=267808 stalls=7773612 skipped=7857 resets=0 ungets=747 forwarded=0
             histogram [2,4) => 251017, [4,8) => 2079, [8,16) => 28, [16,32) => 61, [32,64) => 177, [64,128) => 354, [128,256) => 7410, [256,512) => 6682
   Buffers: shared hit=7914160 read=148556
 Settings: enable_bitmapscan = 'off', enable_seqscan = 'off', max_parallel_workers_per_gather = '0'
 Planning:
   Buffers: shared hit=78 read=26
 Planning Time: 2.209 ms
 Execution Time: 3401.923 ms
(12 rows)

SET
SET
SET
SET
SET
                                             QUERY PLAN                                             
----------------------------------------------------------------------------------------------------
 Index Scan Backward using idx on public.t (actual rows=8048576.00 loops=1)
   Output: a, b
   Index Cond: ((t.a >= 24258) AND (t.a <= 8072833))
   Index Searches: 1
   Buffers: shared hit=8062716
 Settings: enable_bitmapscan = 'off', enable_seqscan = 'off', max_parallel_workers_per_gather = '0'
 Planning:
   Buffers: shared hit=109
 Planning Time: 0.233 ms
 Execution Time: 1184.878 ms
(10 rows)

