SET
SET
SET
SET
SET
                                                                        QUERY PLAN                                                                         
-----------------------------------------------------------------------------------------------------------------------------------------------------------
 Index Scan Backward using idx on public.t (actual rows=7048576.00 loops=1)
   Output: a, b
   Index Cond: ((t.a >= 12807) AND (t.a <= 7061382))
   Index Searches: 1
   Prefetch: distance=26.034 count=247090 stalls=6794973 skipped=6900 resets=0 ungets=538 forwarded=0
             histogram [2,4) => 219415, [4,8) => 1837, [8,16) => 25, [16,32) => 61, [32,64) => 250, [64,128) => 743, [128,256) => 15789, [256,512) => 8970
   Buffers: shared hit=6930870 read=130070
 Settings: enable_bitmapscan = 'off', enable_seqscan = 'off', max_parallel_workers_per_gather = '0'
 Planning:
   Buffers: shared hit=78 read=26
 Planning Time: 2.165 ms
 Execution Time: 2904.257 ms
(12 rows)

SET
SET
SET
SET
SET
                                             QUERY PLAN                                             
----------------------------------------------------------------------------------------------------
 Index Scan Backward using idx on public.t (actual rows=7048576.00 loops=1)
   Output: a, b
   Index Cond: ((t.a >= 12807) AND (t.a <= 7061382))
   Index Searches: 1
   Buffers: shared hit=7060940
 Settings: enable_bitmapscan = 'off', enable_seqscan = 'off', max_parallel_workers_per_gather = '0'
 Planning:
   Buffers: shared hit=109
 Planning Time: 0.215 ms
 Execution Time: 1032.689 ms
(10 rows)

