SET
SET
SET
SET
SET
                                                                       QUERY PLAN                                                                        
---------------------------------------------------------------------------------------------------------------------------------------------------------
 Index Scan Backward using idx on public.t (actual rows=524288.00 loops=1)
   Output: a, b
   Index Cond: ((t.a >= 15323) AND (t.a <= 539610))
   Index Searches: 1
   Prefetch: distance=138.565 count=39049 stalls=485047 skipped=512 resets=0 ungets=517 forwarded=1
             histogram [2,4) => 15660, [4,8) => 143, [8,16) => 17, [16,32) => 61, [32,64) => 245, [64,128) => 741, [128,256) => 13830, [256,512) => 8352
   Buffers: shared hit=514885 read=10329
 Settings: enable_bitmapscan = 'off', enable_seqscan = 'off', max_parallel_workers_per_gather = '0'
 Planning:
   Buffers: shared hit=78 read=26
 Planning Time: 2.143 ms
 Execution Time: 288.809 ms
(12 rows)

SET
SET
SET
SET
SET
                                             QUERY PLAN                                             
----------------------------------------------------------------------------------------------------
 Index Scan Backward using idx on public.t (actual rows=524288.00 loops=1)
   Output: a, b
   Index Cond: ((t.a >= 15323) AND (t.a <= 539610))
   Index Searches: 1
   Buffers: shared hit=525214
 Settings: enable_bitmapscan = 'off', enable_seqscan = 'off', max_parallel_workers_per_gather = '0'
 Planning:
   Buffers: shared hit=109
 Planning Time: 0.198 ms
 Execution Time: 78.245 ms
(10 rows)

