SET
SET
SET
SET
SET
                                             QUERY PLAN                                             
----------------------------------------------------------------------------------------------------
 Index Scan using idx on public.t (actual rows=4096.00 loops=1)
   Output: a, b
   Index Cond: ((t.a >= '-3761'::integer) AND (t.a <= '-2738'::integer))
   Index Searches: 1
   Prefetch: distance=2.097 count=359 stalls=3277 skipped=53 resets=0 ungets=0 forwarded=0
             histogram [2,4) => 347, [4,8) => 12
   Buffers: shared hit=3759 read=290
 Settings: enable_bitmapscan = 'off', enable_seqscan = 'off', max_parallel_workers_per_gather = '0'
 Planning:
   Buffers: shared hit=86 read=26
 Planning Time: 1.940 ms
 Execution Time: 7.821 ms
(12 rows)

SET
SET
SET
SET
SET
                                             QUERY PLAN                                             
----------------------------------------------------------------------------------------------------
 Index Scan using idx on public.t (actual rows=4096.00 loops=1)
   Output: a, b
   Index Cond: ((t.a >= '-3761'::integer) AND (t.a <= '-2738'::integer))
   Index Searches: 1
   Buffers: shared hit=4049
 Settings: enable_bitmapscan = 'off', enable_seqscan = 'off', max_parallel_workers_per_gather = '0'
 Planning:
   Buffers: shared hit=117
 Planning Time: 0.201 ms
 Execution Time: 0.824 ms
(10 rows)

