SET
SET
SET
SET
SET
                                                                QUERY PLAN                                                                 
-------------------------------------------------------------------------------------------------------------------------------------------
 Index Scan Backward using idx on public.t (actual rows=512.00 loops=1)
   Output: a, b
   Index Cond: ((t.a >= 7511) AND (t.a <= 8022))
   Index Searches: 1
   Prefetch: distance=217.320 count=247 stalls=1 skipped=1 resets=0 ungets=60 forwarded=0
             histogram [2,4) => 6, [4,8) => 8, [8,16) => 12, [16,32) => 10, [32,64) => 15, [64,128) => 2, [128,256) => 4, [256,512) => 190
   Buffers: shared hit=188 read=329
 Settings: enable_bitmapscan = 'off', enable_seqscan = 'off', max_parallel_workers_per_gather = '0'
 Planning:
   Buffers: shared hit=82 read=26
 Planning Time: 1.448 ms
 Execution Time: 14.899 ms
(12 rows)

SET
SET
SET
SET
SET
                                             QUERY PLAN                                             
----------------------------------------------------------------------------------------------------
 Index Scan Backward using idx on public.t (actual rows=512.00 loops=1)
   Output: a, b
   Index Cond: ((t.a >= 7511) AND (t.a <= 8022))
   Index Searches: 1
   Buffers: shared hit=517
 Settings: enable_bitmapscan = 'off', enable_seqscan = 'off', max_parallel_workers_per_gather = '0'
 Planning:
   Buffers: shared hit=113
 Planning Time: 0.201 ms
 Execution Time: 0.402 ms
(10 rows)

