SET
SET
SET
SET
SET
                                                                       QUERY PLAN                                                                       
--------------------------------------------------------------------------------------------------------------------------------------------------------
 Index Scan Backward using idx on public.t (actual rows=65536.00 loops=1)
   Output: a, b
   Index Cond: ((t.a >= 7210) AND (t.a <= 72745))
   Index Searches: 1
   Prefetch: distance=223.131 count=32268 stalls=33331 skipped=90 resets=0 ungets=411 forwarded=0
             histogram [2,4) => 1080, [4,8) => 16, [8,16) => 14, [16,32) => 71, [32,64) => 249, [64,128) => 741, [128,256) => 20077, [256,512) => 10020
   Buffers: shared hit=63823 read=1807
 Settings: enable_bitmapscan = 'off', enable_seqscan = 'off', max_parallel_workers_per_gather = '0'
 Planning:
   Buffers: shared hit=82 read=26
 Planning Time: 2.155 ms
 Execution Time: 47.927 ms
(12 rows)

SET
SET
SET
SET
SET
                                             QUERY PLAN                                             
----------------------------------------------------------------------------------------------------
 Index Scan Backward using idx on public.t (actual rows=65536.00 loops=1)
   Output: a, b
   Index Cond: ((t.a >= 7210) AND (t.a <= 72745))
   Index Searches: 1
   Buffers: shared hit=65630
 Settings: enable_bitmapscan = 'off', enable_seqscan = 'off', max_parallel_workers_per_gather = '0'
 Planning:
   Buffers: shared hit=113
 Planning Time: 0.180 ms
 Execution Time: 8.404 ms
(10 rows)

