SET
SET
SET
SET
SET
                                                                 QUERY PLAN                                                                 
--------------------------------------------------------------------------------------------------------------------------------------------
 Index Scan Backward using idx on public.t (actual rows=4096.00 loops=1)
   Output: a, b
   Index Cond: ((t.a >= 4710) AND (t.a <= 8805))
   Index Searches: 1
   Prefetch: distance=260.113 count=4283 stalls=3 skipped=13 resets=0 ungets=399 forwarded=0
             histogram [2,4) => 4, [4,8) => 4, [8,16) => 5, [16,32) => 14, [32,64) => 3, [64,128) => 2, [128,256) => 971, [256,512) => 3280
   Buffers: shared hit=3459 read=640
 Settings: enable_bitmapscan = 'off', enable_seqscan = 'off', max_parallel_workers_per_gather = '0'
 Planning:
   Buffers: shared hit=82 read=26
 Planning Time: 2.176 ms
 Execution Time: 15.166 ms
(12 rows)

SET
SET
SET
SET
SET
                                             QUERY PLAN                                             
----------------------------------------------------------------------------------------------------
 Index Scan Backward using idx on public.t (actual rows=4096.00 loops=1)
   Output: a, b
   Index Cond: ((t.a >= 4710) AND (t.a <= 8805))
   Index Searches: 1
   Buffers: shared hit=4099
 Settings: enable_bitmapscan = 'off', enable_seqscan = 'off', max_parallel_workers_per_gather = '0'
 Planning:
   Buffers: shared hit=113
 Planning Time: 0.196 ms
 Execution Time: 1.107 ms
(10 rows)

