SET
SET
SET
SET
SET
                                                                       QUERY PLAN                                                                        
---------------------------------------------------------------------------------------------------------------------------------------------------------
 Index Scan Backward using idx on public.t (actual rows=131072.00 loops=1)
   Output: a, b
   Index Cond: ((t.a >= 5026) AND (t.a <= 136097))
   Index Searches: 1
   Prefetch: distance=209.897 count=36391 stalls=94634 skipped=152 resets=0 ungets=351 forwarded=0
             histogram [2,4) => 3052, [4,8) => 39, [8,16) => 17, [16,32) => 67, [32,64) => 270, [64,128) => 1104, [128,256) => 21230, [256,512) => 10612
   Buffers: shared hit=128307 read=2976
 Settings: enable_bitmapscan = 'off', enable_seqscan = 'off', max_parallel_workers_per_gather = '0'
 Planning:
   Buffers: shared hit=78 read=26
 Planning Time: 2.166 ms
 Execution Time: 70.504 ms
(12 rows)

SET
SET
SET
SET
SET
                                             QUERY PLAN                                             
----------------------------------------------------------------------------------------------------
 Index Scan Backward using idx on public.t (actual rows=131072.00 loops=1)
   Output: a, b
   Index Cond: ((t.a >= 5026) AND (t.a <= 136097))
   Index Searches: 1
   Buffers: shared hit=131283
 Settings: enable_bitmapscan = 'off', enable_seqscan = 'off', max_parallel_workers_per_gather = '0'
 Planning:
   Buffers: shared hit=109
 Planning Time: 0.205 ms
 Execution Time: 18.570 ms
(10 rows)

