SET
SET
SET
SET
SET
                                                                      QUERY PLAN                                                                       
-------------------------------------------------------------------------------------------------------------------------------------------------------
 Index Scan Backward using idx on public.t (actual rows=262144.00 loops=1)
   Output: a, b
   Index Cond: ((t.a >= 17055) AND (t.a <= 279198))
   Index Searches: 1
   Prefetch: distance=170.974 count=28969 stalls=233087 skipped=261 resets=0 ungets=468 forwarded=0
             histogram [2,4) => 7538, [4,8) => 70, [8,16) => 13, [16,32) => 67, [32,64) => 255, [64,128) => 736, [128,256) => 12443, [256,512) => 7847
   Buffers: shared hit=257066 read=5539
 Settings: enable_bitmapscan = 'off', enable_seqscan = 'off', max_parallel_workers_per_gather = '0'
 Planning:
   Buffers: shared hit=78 read=26
 Planning Time: 2.163 ms
 Execution Time: 157.934 ms
(12 rows)

SET
SET
SET
SET
SET
                                             QUERY PLAN                                             
----------------------------------------------------------------------------------------------------
 Index Scan Backward using idx on public.t (actual rows=262144.00 loops=1)
   Output: a, b
   Index Cond: ((t.a >= 17055) AND (t.a <= 279198))
   Index Searches: 1
   Buffers: shared hit=262605
 Settings: enable_bitmapscan = 'off', enable_seqscan = 'off', max_parallel_workers_per_gather = '0'
 Planning:
   Buffers: shared hit=109
 Planning Time: 0.185 ms
 Execution Time: 34.656 ms
(10 rows)

