SET
SET
SET
SET
SET
                                                                     QUERY PLAN                                                                      
-----------------------------------------------------------------------------------------------------------------------------------------------------
 Index Scan Backward using idx on public.t (actual rows=32768.00 loops=1)
   Output: a, b
   Index Cond: ((t.a >= 24571) AND (t.a <= 57338))
   Index Searches: 1
   Prefetch: distance=227.900 count=14887 stalls=18438 skipped=45 resets=0 ungets=701 forwarded=0
             histogram [2,4) => 588, [4,8) => 11, [8,16) => 15, [16,32) => 58, [32,64) => 177, [64,128) => 340, [128,256) => 7219, [256,512) => 6479
   Buffers: shared hit=31418 read=1401
 Settings: enable_bitmapscan = 'off', enable_seqscan = 'off', max_parallel_workers_per_gather = '0'
 Planning:
   Buffers: shared hit=82 read=26
 Planning Time: 2.132 ms
 Execution Time: 25.986 ms
(12 rows)

SET
SET
SET
SET
SET
                                             QUERY PLAN                                             
----------------------------------------------------------------------------------------------------
 Index Scan Backward using idx on public.t (actual rows=32768.00 loops=1)
   Output: a, b
   Index Cond: ((t.a >= 24571) AND (t.a <= 57338))
   Index Searches: 1
   Buffers: shared hit=32819
 Settings: enable_bitmapscan = 'off', enable_seqscan = 'off', max_parallel_workers_per_gather = '0'
 Planning:
   Buffers: shared hit=113
 Planning Time: 0.161 ms
 Execution Time: 5.800 ms
(10 rows)

