SET
SET
SET
SET
SET
                                                                       QUERY PLAN                                                                       
--------------------------------------------------------------------------------------------------------------------------------------------------------
 Index Scan Backward using idx on public.t (actual rows=524288.00 loops=1)
   Output: a, b
   Index Cond: ((t.a >= 22621) AND (t.a <= 546908))
   Index Searches: 1
   Prefetch: distance=118.794 count=32051 stalls=492102 skipped=516 resets=0 ungets=600 forwarded=1
             histogram [2,4) => 15894, [4,8) => 146, [8,16) => 14, [16,32) => 59, [32,64) => 181, [64,128) => 373, [128,256) => 8623, [256,512) => 6761
   Buffers: shared hit=514800 read=10410
 Settings: enable_bitmapscan = 'off', enable_seqscan = 'off', max_parallel_workers_per_gather = '0'
 Planning:
   Buffers: shared hit=78 read=26
 Planning Time: 2.149 ms
 Execution Time: 229.886 ms
(12 rows)

SET
SET
SET
SET
SET
                                             QUERY PLAN                                             
----------------------------------------------------------------------------------------------------
 Index Scan Backward using idx on public.t (actual rows=524288.00 loops=1)
   Output: a, b
   Index Cond: ((t.a >= 22621) AND (t.a <= 546908))
   Index Searches: 1
   Buffers: shared hit=525210
 Settings: enable_bitmapscan = 'off', enable_seqscan = 'off', max_parallel_workers_per_gather = '0'
 Planning:
   Buffers: shared hit=109
 Planning Time: 0.216 ms
 Execution Time: 80.959 ms
(10 rows)

