SET
SET
SET
SET
SET
                                                                    QUERY PLAN                                                                     
---------------------------------------------------------------------------------------------------------------------------------------------------
 Index Scan Backward using idx on public.t (actual rows=16384.00 loops=1)
   Output: a, b
   Index Cond: ((t.a >= 23885) AND (t.a <= 40268))
   Index Searches: 1
   Prefetch: distance=235.524 count=15138 stalls=1902 skipped=26 resets=0 ungets=735 forwarded=0
             histogram [2,4) => 72, [4,8) => 8, [8,16) => 18, [16,32) => 58, [32,64) => 177, [64,128) => 373, [128,256) => 7646, [256,512) => 6786
   Buffers: shared hit=15304 read=1105
 Settings: enable_bitmapscan = 'off', enable_seqscan = 'off', max_parallel_workers_per_gather = '0'
 Planning:
   Buffers: shared hit=82 read=26
 Planning Time: 2.156 ms
 Execution Time: 15.909 ms
(12 rows)

SET
SET
SET
SET
SET
                                             QUERY PLAN                                             
----------------------------------------------------------------------------------------------------
 Index Scan Backward using idx on public.t (actual rows=16384.00 loops=1)
   Output: a, b
   Index Cond: ((t.a >= 23885) AND (t.a <= 40268))
   Index Searches: 1
   Buffers: shared hit=16409
 Settings: enable_bitmapscan = 'off', enable_seqscan = 'off', max_parallel_workers_per_gather = '0'
 Planning:
   Buffers: shared hit=113
 Planning Time: 0.152 ms
 Execution Time: 1.805 ms
(10 rows)

