SET
SET
SET
SET
SET
                                                                        QUERY PLAN                                                                         
-----------------------------------------------------------------------------------------------------------------------------------------------------------
 Index Scan Backward using idx on public.t (actual rows=9048576.00 loops=1)
   Output: a, b
   Index Cond: ((t.a >= 10889) AND (t.a <= 9059464))
   Index Searches: 1
   Prefetch: distance=22.321 count=311766 stalls=8728184 skipped=8821 resets=0 ungets=434 forwarded=0
             histogram [2,4) => 281837, [4,8) => 2366, [8,16) => 27, [16,32) => 61, [32,64) => 245, [64,128) => 741, [128,256) => 17114, [256,512) => 9375
   Buffers: shared hit=8897721 read=166763
 Settings: enable_bitmapscan = 'off', enable_seqscan = 'off', max_parallel_workers_per_gather = '0'
 Planning:
   Buffers: shared hit=78 read=26
 Planning Time: 2.237 ms
 Execution Time: 3878.095 ms
(12 rows)

SET
SET
SET
SET
SET
                                             QUERY PLAN                                             
----------------------------------------------------------------------------------------------------
 Index Scan Backward using idx on public.t (actual rows=9048576.00 loops=1)
   Output: a, b
   Index Cond: ((t.a >= 10889) AND (t.a <= 9059464))
   Index Searches: 1
   Buffers: shared hit=9064484
 Settings: enable_bitmapscan = 'off', enable_seqscan = 'off', max_parallel_workers_per_gather = '0'
 Planning:
   Buffers: shared hit=109
 Planning Time: 0.263 ms
 Execution Time: 1327.519 ms
(10 rows)

