SET
SET
SET
SET
SET
                                                                        QUERY PLAN                                                                        
----------------------------------------------------------------------------------------------------------------------------------------------------------
 Index Scan Backward using idx on public.t (actual rows=4048576.00 loops=1)
   Output: a, b
   Index Cond: ((t.a >= 28353) AND (t.a <= 4076928))
   Index Searches: 1
   Prefetch: distance=19.565 count=137404 stalls=3907410 skipped=3989 resets=0 ungets=570 forwarded=0
             histogram [2,4) => 126181, [4,8) => 1070, [8,16) => 30, [16,32) => 62, [32,64) => 186, [64,128) => 297, [128,256) => 4286, [256,512) => 5292
   Buffers: shared hit=3980486 read=75167
 Settings: enable_bitmapscan = 'off', enable_seqscan = 'off', max_parallel_workers_per_gather = '0'
 Planning:
   Buffers: shared hit=78 read=26
 Planning Time: 2.157 ms
 Execution Time: 1701.998 ms
(12 rows)

SET
SET
SET
SET
SET
                                             QUERY PLAN                                             
----------------------------------------------------------------------------------------------------
 Index Scan Backward using idx on public.t (actual rows=4048576.00 loops=1)
   Output: a, b
   Index Cond: ((t.a >= 28353) AND (t.a <= 4076928))
   Index Searches: 1
   Buffers: shared hit=4055653
 Settings: enable_bitmapscan = 'off', enable_seqscan = 'off', max_parallel_workers_per_gather = '0'
 Planning:
   Buffers: shared hit=109
 Planning Time: 0.188 ms
 Execution Time: 599.064 ms
(10 rows)

