SET
SET
SET
SET
SET
                                                                     QUERY PLAN                                                                     
----------------------------------------------------------------------------------------------------------------------------------------------------
 Index Scan using idx on public.t (actual rows=131072.00 loops=1)
   Output: a, b
   Index Cond: ((t.a >= '-54451'::integer) AND (t.a <= '-21684'::integer))
   Index Searches: 1
   Prefetch: distance=262.809 count=140584 stalls=1 skipped=1939 resets=0 ungets=11559 forwarded=246
             histogram [2,4) => 6, [4,8) => 15, [8,16) => 14, [16,32) => 18, [32,64) => 27, [64,128) => 27, [128,256) => 25018, [256,512) => 115459
   Buffers: shared hit=122796 read=6529
 Settings: enable_bitmapscan = 'off', enable_seqscan = 'off', max_parallel_workers_per_gather = '0'
 Planning:
   Buffers: shared hit=82 read=26
 Planning Time: 1.877 ms
 Execution Time: 49.126 ms
(12 rows)

SET
SET
SET
SET
SET
                                             QUERY PLAN                                             
----------------------------------------------------------------------------------------------------
 Index Scan using idx on public.t (actual rows=131072.00 loops=1)
   Output: a, b
   Index Cond: ((t.a >= '-54451'::integer) AND (t.a <= '-21684'::integer))
   Index Searches: 1
   Buffers: shared hit=129335
 Settings: enable_bitmapscan = 'off', enable_seqscan = 'off', max_parallel_workers_per_gather = '0'
 Planning:
   Buffers: shared hit=113
 Planning Time: 0.208 ms
 Execution Time: 20.623 ms
(10 rows)

