SET
SET
SET
SET
SET
                                                                        QUERY PLAN                                                                        
----------------------------------------------------------------------------------------------------------------------------------------------------------
 Index Scan Backward using idx on public.t (actual rows=8048576.00 loops=1)
   Output: a, b
   Index Cond: ((t.a >= 21227) AND (t.a <= 8069802))
   Index Searches: 1
   Prefetch: distance=17.082 count=270530 stalls=7770685 skipped=7856 resets=0 ungets=644 forwarded=1
             histogram [2,4) => 250915, [4,8) => 2079, [8,16) => 28, [16,32) => 61, [32,64) => 178, [64,128) => 451, [128,256) => 9638, [256,512) => 7180
   Buffers: shared hit=7914195 read=148522
 Settings: enable_bitmapscan = 'off', enable_seqscan = 'off', max_parallel_workers_per_gather = '0'
 Planning:
   Buffers: shared hit=78 read=26
 Planning Time: 2.165 ms
 Execution Time: 3311.280 ms
(12 rows)

SET
SET
SET
SET
SET
                                             QUERY PLAN                                             
----------------------------------------------------------------------------------------------------
 Index Scan Backward using idx on public.t (actual rows=8048576.00 loops=1)
   Output: a, b
   Index Cond: ((t.a >= 21227) AND (t.a <= 8069802))
   Index Searches: 1
   Buffers: shared hit=8062717
 Settings: enable_bitmapscan = 'off', enable_seqscan = 'off', max_parallel_workers_per_gather = '0'
 Planning:
   Buffers: shared hit=109
 Planning Time: 0.261 ms
 Execution Time: 1190.386 ms
(10 rows)

