SET
SET
SET
SET
SET
                                                                        QUERY PLAN                                                                         
-----------------------------------------------------------------------------------------------------------------------------------------------------------
 Index Scan Backward using idx on public.t (actual rows=6048576.00 loops=1)
   Output: a, b
   Index Cond: ((t.a >= 11143) AND (t.a <= 6059718))
   Index Searches: 1
   Prefetch: distance=30.659 count=216809 stalls=5825858 skipped=5912 resets=0 ungets=354 forwarded=0
             histogram [2,4) => 188125, [4,8) => 1584, [8,16) => 27, [16,32) => 65, [32,64) => 257, [64,128) => 741, [128,256) => 16965, [256,512) => 9045
   Buffers: shared hit=5947505 read=111690
 Settings: enable_bitmapscan = 'off', enable_seqscan = 'off', max_parallel_workers_per_gather = '0'
 Planning:
   Buffers: shared hit=78 read=26
 Planning Time: 2.153 ms
 Execution Time: 2476.357 ms
(12 rows)

SET
SET
SET
SET
SET
                                             QUERY PLAN                                             
----------------------------------------------------------------------------------------------------
 Index Scan Backward using idx on public.t (actual rows=6048576.00 loops=1)
   Output: a, b
   Index Cond: ((t.a >= 11143) AND (t.a <= 6059718))
   Index Searches: 1
   Buffers: shared hit=6059195
 Settings: enable_bitmapscan = 'off', enable_seqscan = 'off', max_parallel_workers_per_gather = '0'
 Planning:
   Buffers: shared hit=109
 Planning Time: 0.225 ms
 Execution Time: 890.392 ms
(10 rows)

