SET
SET
SET
SET
SET
                                                                        QUERY PLAN                                                                        
----------------------------------------------------------------------------------------------------------------------------------------------------------
 Index Scan Backward using idx on public.t (actual rows=7048576.00 loops=1)
   Output: a, b
   Index Cond: ((t.a >= 29618) AND (t.a <= 7078193))
   Index Searches: 1
   Prefetch: distance=11.526 count=230959 stalls=6811225 skipped=6904 resets=0 ungets=688 forwarded=0
             histogram [2,4) => 219943, [4,8) => 1842, [8,16) => 26, [16,32) => 61, [32,64) => 178, [64,128) => 297, [128,256) => 3329, [256,512) => 5283
   Buffers: shared hit=6930689 read=130246
 Settings: enable_bitmapscan = 'off', enable_seqscan = 'off', max_parallel_workers_per_gather = '0'
 Planning:
   Buffers: shared hit=78 read=26
 Planning Time: 2.158 ms
 Execution Time: 2936.126 ms
(12 rows)

SET
SET
SET
SET
SET
                                             QUERY PLAN                                             
----------------------------------------------------------------------------------------------------
 Index Scan Backward using idx on public.t (actual rows=7048576.00 loops=1)
   Output: a, b
   Index Cond: ((t.a >= 29618) AND (t.a <= 7078193))
   Index Searches: 1
   Buffers: shared hit=7060935
 Settings: enable_bitmapscan = 'off', enable_seqscan = 'off', max_parallel_workers_per_gather = '0'
 Planning:
   Buffers: shared hit=109
 Planning Time: 0.223 ms
 Execution Time: 1032.800 ms
(10 rows)

