SET
SET
SET
SET
SET
                                                                    QUERY PLAN                                                                    
--------------------------------------------------------------------------------------------------------------------------------------------------
 Index Scan using idx on public.t (actual rows=2048576.00 loops=1)
   Output: a, b
   Index Cond: ((t.a >= '-541528'::integer) AND (t.a <= '-29385'::integer))
   Index Searches: 1
   Prefetch: distance=262.861 count=2199144 stalls=1 skipped=30113 resets=0 ungets=180713 forwarded=3741
             histogram [2,4) => 2, [4,8) => 4, [8,16) => 10, [16,32) => 8, [32,64) => 2, [64,128) => 2, [128,256) => 400499, [256,512) => 1798617
   Buffers: shared hit=1920671 read=100703
 Settings: enable_bitmapscan = 'off', enable_seqscan = 'off', max_parallel_workers_per_gather = '0'
 Planning:
   Buffers: shared hit=82 read=26
 Planning Time: 1.907 ms
 Execution Time: 694.201 ms
(12 rows)

SET
SET
SET
SET
SET
                                             QUERY PLAN                                             
----------------------------------------------------------------------------------------------------
 Index Scan using idx on public.t (actual rows=2048576.00 loops=1)
   Output: a, b
   Index Cond: ((t.a >= '-541528'::integer) AND (t.a <= '-29385'::integer))
   Index Searches: 1
   Buffers: shared hit=2021534
 Settings: enable_bitmapscan = 'off', enable_seqscan = 'off', max_parallel_workers_per_gather = '0'
 Planning:
   Buffers: shared hit=113
 Planning Time: 0.247 ms
 Execution Time: 331.694 ms
(10 rows)

