SET
SET
SET
SET
SET
                                                                    QUERY PLAN                                                                     
---------------------------------------------------------------------------------------------------------------------------------------------------
 Index Scan using idx on public.t (actual rows=3048576.00 loops=1)
   Output: a, b
   Index Cond: ((t.a >= '-794349'::integer) AND (t.a <= '-32206'::integer))
   Index Searches: 1
   Prefetch: distance=262.873 count=3272687 stalls=4 skipped=44921 resets=0 ungets=269139 forwarded=5660
             histogram [2,4) => 6, [4,8) => 7, [8,16) => 9, [16,32) => 14, [32,64) => 31, [64,128) => 2, [128,256) => 594539, [256,512) => 2678079
   Buffers: shared hit=2858177 read=149822
 Settings: enable_bitmapscan = 'off', enable_seqscan = 'off', max_parallel_workers_per_gather = '0'
 Planning:
   Buffers: shared hit=82 read=26
 Planning Time: 1.885 ms
 Execution Time: 1025.053 ms
(12 rows)

SET
SET
SET
SET
SET
                                             QUERY PLAN                                             
----------------------------------------------------------------------------------------------------
 Index Scan using idx on public.t (actual rows=3048576.00 loops=1)
   Output: a, b
   Index Cond: ((t.a >= '-794349'::integer) AND (t.a <= '-32206'::integer))
   Index Searches: 1
   Buffers: shared hit=3008223
 Settings: enable_bitmapscan = 'off', enable_seqscan = 'off', max_parallel_workers_per_gather = '0'
 Planning:
   Buffers: shared hit=113
 Planning Time: 0.226 ms
 Execution Time: 486.878 ms
(10 rows)

