SET
SET
SET
SET
SET
                                                                QUERY PLAN                                                                 
-------------------------------------------------------------------------------------------------------------------------------------------
 Index Scan using idx on public.t (actual rows=2048.00 loops=1)
   Output: a, b
   Index Cond: ((t.a >= 30418) AND (t.a <= 32465))
   Index Searches: 1
   Prefetch: distance=266.782 count=2633 stalls=1 skipped=3 resets=0 ungets=697 forwarded=1
             histogram [2,4) => 2, [4,8) => 6, [8,16) => 5, [16,32) => 13, [32,64) => 4, [64,128) => 2, [128,256) => 52, [256,512) => 2549
   Buffers: shared hit=1241 read=816
 Settings: enable_bitmapscan = 'off', enable_seqscan = 'off', max_parallel_workers_per_gather = '0'
 Planning:
   Buffers: shared hit=86 read=26
 Planning Time: 2.133 ms
 Execution Time: 13.391 ms
(12 rows)

SET
SET
SET
SET
SET
                                             QUERY PLAN                                             
----------------------------------------------------------------------------------------------------
 Index Scan using idx on public.t (actual rows=2048.00 loops=1)
   Output: a, b
   Index Cond: ((t.a >= 30418) AND (t.a <= 32465))
   Index Searches: 1
   Buffers: shared hit=2057
 Settings: enable_bitmapscan = 'off', enable_seqscan = 'off', max_parallel_workers_per_gather = '0'
 Planning:
   Buffers: shared hit=117
 Planning Time: 0.208 ms
 Execution Time: 0.874 ms
(10 rows)

