SET
SET
SET
SET
SET
                                                                      QUERY PLAN                                                                       
-------------------------------------------------------------------------------------------------------------------------------------------------------
 Index Scan using idx on public.t (actual rows=3048576.00 loops=1)
   Output: a, b
   Index Cond: ((t.a >= 27669) AND (t.a <= 3076244))
   Index Searches: 1
   Prefetch: distance=26.878 count=106251 stalls=2939888 skipped=3000 resets=0 ungets=794 forwarded=0
             histogram [2,4) => 94626, [4,8) => 775, [8,16) => 20, [16,32) => 35, [32,64) => 63, [64,128) => 151, [128,256) => 4354, [256,512) => 6227
   Buffers: shared hit=2997117 read=56794
 Settings: enable_bitmapscan = 'off', enable_seqscan = 'off', max_parallel_workers_per_gather = '0'
 Planning:
   Buffers: shared hit=82 read=26
 Planning Time: 2.144 ms
 Execution Time: 3172.773 ms
(12 rows)

SET
SET
SET
SET
SET
                                             QUERY PLAN                                             
----------------------------------------------------------------------------------------------------
 Index Scan using idx on public.t (actual rows=3048576.00 loops=1)
   Output: a, b
   Index Cond: ((t.a >= 27669) AND (t.a <= 3076244))
   Index Searches: 1
   Buffers: shared hit=3053911
 Settings: enable_bitmapscan = 'off', enable_seqscan = 'off', max_parallel_workers_per_gather = '0'
 Planning:
   Buffers: shared hit=113
 Planning Time: 0.194 ms
 Execution Time: 453.157 ms
(10 rows)

