SET
SET
SET
SET
SET
                                                                       QUERY PLAN                                                                       
--------------------------------------------------------------------------------------------------------------------------------------------------------
 Index Scan using idx on public.t (actual rows=2048576.00 loops=1)
   Output: a, b
   Index Cond: ((t.a >= 25413) AND (t.a <= 2073988))
   Index Searches: 1
   Prefetch: distance=51.156 count=79981 stalls=1967465 skipped=1970 resets=0 ungets=923 forwarded=2
             histogram [2,4) => 63174, [4,8) => 492, [8,16) => 18, [16,32) => 23, [32,64) => 131, [64,128) => 308, [128,256) => 7710, [256,512) => 8125
   Buffers: shared hit=2013788 read=38421
 Settings: enable_bitmapscan = 'off', enable_seqscan = 'off', max_parallel_workers_per_gather = '0'
 Planning:
   Buffers: shared hit=82 read=26
 Planning Time: 2.167 ms
 Execution Time: 2211.457 ms
(12 rows)

SET
SET
SET
SET
SET
                                             QUERY PLAN                                             
----------------------------------------------------------------------------------------------------
 Index Scan using idx on public.t (actual rows=2048576.00 loops=1)
   Output: a, b
   Index Cond: ((t.a >= 25413) AND (t.a <= 2073988))
   Index Searches: 1
   Buffers: shared hit=2052209
 Settings: enable_bitmapscan = 'off', enable_seqscan = 'off', max_parallel_workers_per_gather = '0'
 Planning:
   Buffers: shared hit=113
 Planning Time: 0.194 ms
 Execution Time: 304.810 ms
(10 rows)

