SET
SET
SET
SET
SET
                                                                      QUERY PLAN                                                                      
------------------------------------------------------------------------------------------------------------------------------------------------------
 Index Scan using idx on public.t (actual rows=262144.00 loops=1)
   Output: a, b
   Index Cond: ((t.a >= 10187) AND (t.a <= 272330))
   Index Searches: 1
   Prefetch: distance=145.995 count=18060 stalls=244358 skipped=260 resets=0 ungets=777 forwarded=0
             histogram [2,4) => 7188, [4,8) => 64, [8,16) => 16, [16,32) => 25, [32,64) => 171, [64,128) => 432, [128,256) => 3958, [256,512) => 6206
   Buffers: shared hit=257145 read=5460
 Settings: enable_bitmapscan = 'off', enable_seqscan = 'off', max_parallel_workers_per_gather = '0'
 Planning:
   Buffers: shared hit=82 read=26
 Planning Time: 2.346 ms
 Execution Time: 285.122 ms
(12 rows)

SET
SET
SET
SET
SET
                                             QUERY PLAN                                             
----------------------------------------------------------------------------------------------------
 Index Scan using idx on public.t (actual rows=262144.00 loops=1)
   Output: a, b
   Index Cond: ((t.a >= 10187) AND (t.a <= 272330))
   Index Searches: 1
   Buffers: shared hit=262605
 Settings: enable_bitmapscan = 'off', enable_seqscan = 'off', max_parallel_workers_per_gather = '0'
 Planning:
   Buffers: shared hit=113
 Planning Time: 0.180 ms
 Execution Time: 37.139 ms
(10 rows)

