SET
SET
SET
SET
SET
                                                                         QUERY PLAN                                                                         
------------------------------------------------------------------------------------------------------------------------------------------------------------
 Index Scan using idx on public.t (actual rows=5048576.00 loops=1)
   Output: a, b
   Index Cond: ((t.a >= 17927) AND (t.a <= 5066502))
   Index Searches: 1
   Prefetch: distance=77.751 count=230538 stalls=4813733 skipped=4954 resets=0 ungets=830 forwarded=1
             histogram [2,4) => 154929, [4,8) => 1254, [8,16) => 18, [16,32) => 43, [32,64) => 149, [64,128) => 742, [128,256) => 47948, [256,512) => 25455
   Buffers: shared hit=4963999 read=93423
 Settings: enable_bitmapscan = 'off', enable_seqscan = 'off', max_parallel_workers_per_gather = '0'
 Planning:
   Buffers: shared hit=82 read=26
 Planning Time: 2.236 ms
 Execution Time: 5182.003 ms
(12 rows)

SET
SET
SET
SET
SET
                                             QUERY PLAN                                             
----------------------------------------------------------------------------------------------------
 Index Scan using idx on public.t (actual rows=5048576.00 loops=1)
   Output: a, b
   Index Cond: ((t.a >= 17927) AND (t.a <= 5066502))
   Index Searches: 1
   Buffers: shared hit=5057422
 Settings: enable_bitmapscan = 'off', enable_seqscan = 'off', max_parallel_workers_per_gather = '0'
 Planning:
   Buffers: shared hit=113
 Planning Time: 0.227 ms
 Execution Time: 751.038 ms
(10 rows)

