SET
SET
SET
SET
SET
                                                                      QUERY PLAN                                                                       
-------------------------------------------------------------------------------------------------------------------------------------------------------
 Index Scan using idx on public.t (actual rows=131072.00 loops=1)
   Output: a, b
   Index Cond: ((t.a >= 5879) AND (t.a <= 136950))
   Index Searches: 1
   Prefetch: distance=228.746 count=49288 stalls=82107 skipped=149 resets=0 ungets=755 forwarded=1
             histogram [2,4) => 1836, [4,8) => 16, [8,16) => 12, [16,32) => 35, [32,64) => 74, [64,128) => 287, [128,256) => 30001, [256,512) => 17027
   Buffers: shared hit=128297 read=2990
 Settings: enable_bitmapscan = 'off', enable_seqscan = 'off', max_parallel_workers_per_gather = '0'
 Planning:
   Buffers: shared hit=82 read=26
 Planning Time: 2.204 ms
 Execution Time: 115.096 ms
(12 rows)

SET
SET
SET
SET
SET
                                             QUERY PLAN                                             
----------------------------------------------------------------------------------------------------
 Index Scan using idx on public.t (actual rows=131072.00 loops=1)
   Output: a, b
   Index Cond: ((t.a >= 5879) AND (t.a <= 136950))
   Index Searches: 1
   Buffers: shared hit=131287
 Settings: enable_bitmapscan = 'off', enable_seqscan = 'off', max_parallel_workers_per_gather = '0'
 Planning:
   Buffers: shared hit=113
 Planning Time: 0.182 ms
 Execution Time: 13.540 ms
(10 rows)

