SET
SET
SET
SET
SET
                                                                         QUERY PLAN                                                                         
------------------------------------------------------------------------------------------------------------------------------------------------------------
 Index Scan using idx on public.t (actual rows=6048576.00 loops=1)
   Output: a, b
   Index Cond: ((t.a >= 3353) AND (t.a <= 6051928))
   Index Searches: 1
   Prefetch: distance=32.374 count=216809 stalls=5826218 skipped=5927 resets=0 ungets=713 forwarded=0
             histogram [2,4) => 187236, [4,8) => 1537, [8,16) => 15, [16,32) => 34, [32,64) => 109, [64,128) => 596, [128,256) => 16070, [256,512) => 11212
   Buffers: shared hit=5947595 read=111586
 Settings: enable_bitmapscan = 'off', enable_seqscan = 'off', max_parallel_workers_per_gather = '0'
 Planning:
   Buffers: shared hit=82 read=26
 Planning Time: 2.153 ms
 Execution Time: 6287.516 ms
(12 rows)

SET
SET
SET
SET
SET
                                             QUERY PLAN                                             
----------------------------------------------------------------------------------------------------
 Index Scan using idx on public.t (actual rows=6048576.00 loops=1)
   Output: a, b
   Index Cond: ((t.a >= 3353) AND (t.a <= 6051928))
   Index Searches: 1
   Buffers: shared hit=6059181
 Settings: enable_bitmapscan = 'off', enable_seqscan = 'off', max_parallel_workers_per_gather = '0'
 Planning:
   Buffers: shared hit=113
 Planning Time: 0.244 ms
 Execution Time: 898.203 ms
(10 rows)

