SET
SET
SET
SET
SET
                                                                         QUERY PLAN                                                                          
-------------------------------------------------------------------------------------------------------------------------------------------------------------
 Index Scan using idx on public.t (actual rows=7048576.00 loops=1)
   Output: a, b
   Index Cond: ((t.a >= 30065) AND (t.a <= 7078640))
   Index Searches: 1
   Prefetch: distance=80.012 count=328722 stalls=6713850 skipped=6904 resets=0 ungets=951 forwarded=3
             histogram [2,4) => 216534, [4,8) => 1808, [8,16) => 25, [16,32) => 40, [32,64) => 203, [64,128) => 2157, [128,256) => 72073, [256,512) => 35882
   Buffers: shared hit=6930687 read=130250
 Settings: enable_bitmapscan = 'off', enable_seqscan = 'off', max_parallel_workers_per_gather = '0'
 Planning:
   Buffers: shared hit=82 read=26
 Planning Time: 2.139 ms
 Execution Time: 7223.741 ms
(12 rows)

SET
SET
SET
SET
SET
                                             QUERY PLAN                                             
----------------------------------------------------------------------------------------------------
 Index Scan using idx on public.t (actual rows=7048576.00 loops=1)
   Output: a, b
   Index Cond: ((t.a >= 30065) AND (t.a <= 7078640))
   Index Searches: 1
   Buffers: shared hit=7060937
 Settings: enable_bitmapscan = 'off', enable_seqscan = 'off', max_parallel_workers_per_gather = '0'
 Planning:
   Buffers: shared hit=113
 Planning Time: 0.245 ms
 Execution Time: 1068.301 ms
(10 rows)

