SET
SET
SET
SET
SET
                                                                         QUERY PLAN                                                                         
------------------------------------------------------------------------------------------------------------------------------------------------------------
 Index Scan using idx on public.t (actual rows=8048576.00 loops=1)
   Output: a, b
   Index Cond: ((t.a >= 17227) AND (t.a <= 8065802))
   Index Searches: 1
   Prefetch: distance=24.036 count=278267 stalls=7763259 skipped=7856 resets=0 ungets=917 forwarded=1
             histogram [2,4) => 250160, [4,8) => 2087, [8,16) => 14, [16,32) => 61, [32,64) => 380, [64,128) => 291, [128,256) => 14716, [256,512) => 10558
   Buffers: shared hit=7914242 read=148475
 Settings: enable_bitmapscan = 'off', enable_seqscan = 'off', max_parallel_workers_per_gather = '0'
 Planning:
   Buffers: shared hit=82 read=26
 Planning Time: 2.143 ms
 Execution Time: 8442.427 ms
(12 rows)

SET
SET
SET
SET
SET
                                             QUERY PLAN                                             
----------------------------------------------------------------------------------------------------
 Index Scan using idx on public.t (actual rows=8048576.00 loops=1)
   Output: a, b
   Index Cond: ((t.a >= 17227) AND (t.a <= 8065802))
   Index Searches: 1
   Buffers: shared hit=8062717
 Settings: enable_bitmapscan = 'off', enable_seqscan = 'off', max_parallel_workers_per_gather = '0'
 Planning:
   Buffers: shared hit=113
 Planning Time: 0.240 ms
 Execution Time: 1194.891 ms
(10 rows)

