SET
SET
SET
SET
SET
                                                                      QUERY PLAN                                                                       
-------------------------------------------------------------------------------------------------------------------------------------------------------
 Index Scan using idx on public.t (actual rows=131072.00 loops=1)
   Output: a, b
   Index Cond: ((t.a >= 16034) AND (t.a <= 147105))
   Index Searches: 1
   Prefetch: distance=230.236 count=59558 stalls=72032 skipped=128 resets=0 ungets=836 forwarded=1
             histogram [2,4) => 1774, [4,8) => 17, [8,16) => 15, [16,32) => 24, [32,64) => 75, [64,128) => 415, [128,256) => 37077, [256,512) => 20161
   Buffers: shared hit=128183 read=3124
 Settings: enable_bitmapscan = 'off', enable_seqscan = 'off', max_parallel_workers_per_gather = '0'
 Planning:
   Buffers: shared hit=82 read=26
 Planning Time: 2.133 ms
 Execution Time: 104.113 ms
(12 rows)

SET
SET
SET
SET
SET
                                             QUERY PLAN                                             
----------------------------------------------------------------------------------------------------
 Index Scan using idx on public.t (actual rows=131072.00 loops=1)
   Output: a, b
   Index Cond: ((t.a >= 16034) AND (t.a <= 147105))
   Index Searches: 1
   Buffers: shared hit=131307
 Settings: enable_bitmapscan = 'off', enable_seqscan = 'off', max_parallel_workers_per_gather = '0'
 Planning:
   Buffers: shared hit=113
 Planning Time: 0.194 ms
 Execution Time: 19.187 ms
(10 rows)

