SET
SET
SET
SET
SET
                                                                QUERY PLAN                                                                 
-------------------------------------------------------------------------------------------------------------------------------------------
 Index Scan using idx on public.t (actual rows=1024.00 loops=1)
   Output: a, b
   Index Cond: ((t.a >= 16222) AND (t.a <= 17245))
   Index Searches: 1
   Prefetch: distance=262.707 count=1080 stalls=1 skipped=1 resets=0 ungets=318 forwarded=1
             histogram [2,4) => 2, [4,8) => 6, [8,16) => 11, [16,32) => 10, [32,64) => 4, [64,128) => 2, [128,256) => 2, [256,512) => 1043
   Buffers: shared hit=477 read=555
 Settings: enable_bitmapscan = 'off', enable_seqscan = 'off', max_parallel_workers_per_gather = '0'
 Planning:
   Buffers: shared hit=86 read=26
 Planning Time: 2.150 ms
 Execution Time: 17.387 ms
(12 rows)

SET
SET
SET
SET
SET
                                             QUERY PLAN                                             
----------------------------------------------------------------------------------------------------
 Index Scan using idx on public.t (actual rows=1024.00 loops=1)
   Output: a, b
   Index Cond: ((t.a >= 16222) AND (t.a <= 17245))
   Index Searches: 1
   Buffers: shared hit=1032
 Settings: enable_bitmapscan = 'off', enable_seqscan = 'off', max_parallel_workers_per_gather = '0'
 Planning:
   Buffers: shared hit=117
 Planning Time: 0.177 ms
 Execution Time: 0.370 ms
(10 rows)

