SET
SET
SET
SET
SET
                                                                 QUERY PLAN                                                                 
--------------------------------------------------------------------------------------------------------------------------------------------
 Index Scan using idx on public.t (actual rows=4096.00 loops=1)
   Output: a, b
   Index Cond: ((t.a >= 23567) AND (t.a <= 27662))
   Index Searches: 1
   Prefetch: distance=262.151 count=4759 stalls=1 skipped=5 resets=0 ungets=732 forwarded=0
             histogram [2,4) => 2, [4,8) => 4, [8,16) => 10, [16,32) => 8, [32,64) => 2, [64,128) => 2, [128,256) => 900, [256,512) => 3831
   Buffers: shared hit=3246 read=863
 Settings: enable_bitmapscan = 'off', enable_seqscan = 'off', max_parallel_workers_per_gather = '0'
 Planning:
   Buffers: shared hit=86 read=26
 Planning Time: 2.333 ms
 Execution Time: 10.562 ms
(12 rows)

SET
SET
SET
SET
SET
                                             QUERY PLAN                                             
----------------------------------------------------------------------------------------------------
 Index Scan using idx on public.t (actual rows=4096.00 loops=1)
   Output: a, b
   Index Cond: ((t.a >= 23567) AND (t.a <= 27662))
   Index Searches: 1
   Buffers: shared hit=4109
 Settings: enable_bitmapscan = 'off', enable_seqscan = 'off', max_parallel_workers_per_gather = '0'
 Planning:
   Buffers: shared hit=117
 Planning Time: 0.188 ms
 Execution Time: 1.185 ms
(10 rows)

