SET
SET
SET
SET
SET
                                                                         QUERY PLAN                                                                         
------------------------------------------------------------------------------------------------------------------------------------------------------------
 Index Scan using idx on public.t (actual rows=5048576.00 loops=1)
   Output: a, b
   Index Cond: ((t.a >= 26097) AND (t.a <= 5074672))
   Index Searches: 1
   Prefetch: distance=83.018 count=238400 stalls=4805663 skipped=4955 resets=0 ungets=741 forwarded=1
             histogram [2,4) => 154833, [4,8) => 1254, [8,16) => 20, [16,32) => 44, [32,64) => 151, [64,128) => 810, [128,256) => 53404, [256,512) => 27884
   Buffers: shared hit=4963918 read=93503
 Settings: enable_bitmapscan = 'off', enable_seqscan = 'off', max_parallel_workers_per_gather = '0'
 Planning:
   Buffers: shared hit=82 read=26
 Planning Time: 2.239 ms
 Execution Time: 5266.051 ms
(12 rows)

SET
SET
SET
SET
SET
                                             QUERY PLAN                                             
----------------------------------------------------------------------------------------------------
 Index Scan using idx on public.t (actual rows=5048576.00 loops=1)
   Output: a, b
   Index Cond: ((t.a >= 26097) AND (t.a <= 5074672))
   Index Searches: 1
   Buffers: shared hit=5057421
 Settings: enable_bitmapscan = 'off', enable_seqscan = 'off', max_parallel_workers_per_gather = '0'
 Planning:
   Buffers: shared hit=113
 Planning Time: 0.312 ms
 Execution Time: 745.994 ms
(10 rows)

