SET
SET
SET
SET
SET
                                                                      QUERY PLAN                                                                       
-------------------------------------------------------------------------------------------------------------------------------------------------------
 Index Scan using idx on public.t (actual rows=1048576.00 loops=1)
   Output: a, b
   Index Cond: ((t.a >= 11775) AND (t.a <= 1060350))
   Index Searches: 1
   Prefetch: distance=58.946 count=41664 stalls=1006367 skipped=1019 resets=0 ungets=739 forwarded=2
             histogram [2,4) => 31842, [4,8) => 251, [8,16) => 14, [16,32) => 41, [32,64) => 40, [64,128) => 130, [128,256) => 3486, [256,512) => 5860
   Buffers: shared hit=1030511 read=19917
 Settings: enable_bitmapscan = 'off', enable_seqscan = 'off', max_parallel_workers_per_gather = '0'
 Planning:
   Buffers: shared hit=82 read=26
 Planning Time: 2.162 ms
 Execution Time: 1231.302 ms
(12 rows)

SET
SET
SET
SET
SET
                                             QUERY PLAN                                             
----------------------------------------------------------------------------------------------------
 Index Scan using idx on public.t (actual rows=1048576.00 loops=1)
   Output: a, b
   Index Cond: ((t.a >= 11775) AND (t.a <= 1060350))
   Index Searches: 1
   Buffers: shared hit=1050428
 Settings: enable_bitmapscan = 'off', enable_seqscan = 'off', max_parallel_workers_per_gather = '0'
 Planning:
   Buffers: shared hit=113
 Planning Time: 0.193 ms
 Execution Time: 159.148 ms
(10 rows)

