SET
SET
SET
SET
SET
                                                                        QUERY PLAN                                                                         
-----------------------------------------------------------------------------------------------------------------------------------------------------------
 Index Scan using idx on public.t (actual rows=8048576.00 loops=1)
   Output: a, b
   Index Cond: ((t.a >= 15514) AND (t.a <= 8064089))
   Index Searches: 1
   Prefetch: distance=22.520 count=276318 stalls=7764953 skipped=7855 resets=0 ungets=778 forwarded=0
             histogram [2,4) => 250178, [4,8) => 2087, [8,16) => 19, [16,32) => 59, [32,64) => 380, [64,128) => 289, [128,256) => 13353, [256,512) => 9953
   Buffers: shared hit=7914258 read=148460
 Settings: enable_bitmapscan = 'off', enable_seqscan = 'off', max_parallel_workers_per_gather = '0'
 Planning:
   Buffers: shared hit=82 read=26
 Planning Time: 2.174 ms
 Execution Time: 8389.224 ms
(12 rows)

SET
SET
SET
SET
SET
                                             QUERY PLAN                                             
----------------------------------------------------------------------------------------------------
 Index Scan using idx on public.t (actual rows=8048576.00 loops=1)
   Output: a, b
   Index Cond: ((t.a >= 15514) AND (t.a <= 8064089))
   Index Searches: 1
   Buffers: shared hit=8062718
 Settings: enable_bitmapscan = 'off', enable_seqscan = 'off', max_parallel_workers_per_gather = '0'
 Planning:
   Buffers: shared hit=113
 Planning Time: 0.240 ms
 Execution Time: 1200.926 ms
(10 rows)

