SET
SET
SET
SET
SET
                                                                        QUERY PLAN                                                                        
----------------------------------------------------------------------------------------------------------------------------------------------------------
 Index Scan using idx on public.t (actual rows=6048576.00 loops=1)
   Output: a, b
   Index Cond: ((t.a >= 25424) AND (t.a <= 6073999))
   Index Searches: 1
   Prefetch: distance=24.754 count=209476 stalls=5834024 skipped=5920 resets=0 ungets=924 forwarded=0
             histogram [2,4) => 188038, [4,8) => 1546, [8,16) => 15, [16,32) => 55, [32,64) => 58, [64,128) => 179, [128,256) => 10472, [256,512) => 9113
   Buffers: shared hit=5947336 read=111852
 Settings: enable_bitmapscan = 'off', enable_seqscan = 'off', max_parallel_workers_per_gather = '0'
 Planning:
   Buffers: shared hit=82 read=26
 Planning Time: 2.153 ms
 Execution Time: 6233.229 ms
(12 rows)

SET
SET
SET
SET
SET
                                             QUERY PLAN                                             
----------------------------------------------------------------------------------------------------
 Index Scan using idx on public.t (actual rows=6048576.00 loops=1)
   Output: a, b
   Index Cond: ((t.a >= 25424) AND (t.a <= 6073999))
   Index Searches: 1
   Buffers: shared hit=6059188
 Settings: enable_bitmapscan = 'off', enable_seqscan = 'off', max_parallel_workers_per_gather = '0'
 Planning:
   Buffers: shared hit=113
 Planning Time: 0.238 ms
 Execution Time: 920.864 ms
(10 rows)

