SET
SET
SET
SET
SET
                                                                         QUERY PLAN                                                                         
------------------------------------------------------------------------------------------------------------------------------------------------------------
 Index Scan using idx on public.t (actual rows=4048576.00 loops=1)
   Output: a, b
   Index Cond: ((t.a >= 9383) AND (t.a <= 4057958))
   Index Searches: 1
   Prefetch: distance=108.532 count=227479 stalls=3817477 skipped=3992 resets=0 ungets=705 forwarded=2
             histogram [2,4) => 122554, [4,8) => 990, [8,16) => 14, [16,32) => 26, [32,64) => 136, [64,128) => 1589, [128,256) => 68462, [256,512) => 33708
   Buffers: shared hit=3980696 read=74955
 Settings: enable_bitmapscan = 'off', enable_seqscan = 'off', max_parallel_workers_per_gather = '0'
 Planning:
   Buffers: shared hit=82 read=26
 Planning Time: 2.111 ms
 Execution Time: 4120.053 ms
(12 rows)

SET
SET
SET
SET
SET
                                             QUERY PLAN                                             
----------------------------------------------------------------------------------------------------
 Index Scan using idx on public.t (actual rows=4048576.00 loops=1)
   Output: a, b
   Index Cond: ((t.a >= 9383) AND (t.a <= 4057958))
   Index Searches: 1
   Buffers: shared hit=4055651
 Settings: enable_bitmapscan = 'off', enable_seqscan = 'off', max_parallel_workers_per_gather = '0'
 Planning:
   Buffers: shared hit=113
 Planning Time: 0.221 ms
 Execution Time: 626.192 ms
(10 rows)

