SET
SET
SET
SET
SET
                                                                       QUERY PLAN                                                                       
--------------------------------------------------------------------------------------------------------------------------------------------------------
 Index Scan using idx on public.t (actual rows=2048576.00 loops=1)
   Output: a, b
   Index Cond: ((t.a >= 27053) AND (t.a <= 2075628))
   Index Searches: 1
   Prefetch: distance=53.898 count=81281 stalls=1965850 skipped=1970 resets=0 ungets=784 forwarded=0
             histogram [2,4) => 63150, [4,8) => 491, [8,16) => 17, [16,32) => 29, [32,64) => 131, [64,128) => 310, [128,256) => 8929, [256,512) => 8224
   Buffers: shared hit=2013767 read=38442
 Settings: enable_bitmapscan = 'off', enable_seqscan = 'off', max_parallel_workers_per_gather = '0'
 Planning:
   Buffers: shared hit=82 read=26
 Planning Time: 2.160 ms
 Execution Time: 2230.788 ms
(12 rows)

SET
SET
SET
SET
SET
                                             QUERY PLAN                                             
----------------------------------------------------------------------------------------------------
 Index Scan using idx on public.t (actual rows=2048576.00 loops=1)
   Output: a, b
   Index Cond: ((t.a >= 27053) AND (t.a <= 2075628))
   Index Searches: 1
   Buffers: shared hit=2052209
 Settings: enable_bitmapscan = 'off', enable_seqscan = 'off', max_parallel_workers_per_gather = '0'
 Planning:
   Buffers: shared hit=113
 Planning Time: 0.211 ms
 Execution Time: 305.773 ms
(10 rows)

