SET
SET
SET
SET
SET
                                                                       QUERY PLAN                                                                        
---------------------------------------------------------------------------------------------------------------------------------------------------------
 Index Scan using idx on public.t (actual rows=3048576.00 loops=1)
   Output: a, b
   Index Cond: ((t.a >= 3522) AND (t.a <= 3052097))
   Index Searches: 1
   Prefetch: distance=88.524 count=147488 stalls=2898619 skipped=3010 resets=0 ungets=781 forwarded=0
             histogram [2,4) => 92708, [4,8) => 751, [8,16) => 20, [16,32) => 21, [32,64) => 34, [64,128) => 410, [128,256) => 34203, [256,512) => 19341
   Buffers: shared hit=2997378 read=56522
 Settings: enable_bitmapscan = 'off', enable_seqscan = 'off', max_parallel_workers_per_gather = '0'
 Planning:
   Buffers: shared hit=82 read=26
 Planning Time: 2.178 ms
 Execution Time: 3120.742 ms
(12 rows)

SET
SET
SET
SET
SET
                                             QUERY PLAN                                             
----------------------------------------------------------------------------------------------------
 Index Scan using idx on public.t (actual rows=3048576.00 loops=1)
   Output: a, b
   Index Cond: ((t.a >= 3522) AND (t.a <= 3052097))
   Index Searches: 1
   Buffers: shared hit=3053900
 Settings: enable_bitmapscan = 'off', enable_seqscan = 'off', max_parallel_workers_per_gather = '0'
 Planning:
   Buffers: shared hit=113
 Planning Time: 0.225 ms
 Execution Time: 452.603 ms
(10 rows)

