SET
SET
SET
SET
SET
                                                                      QUERY PLAN                                                                      
------------------------------------------------------------------------------------------------------------------------------------------------------
 Index Scan using idx on public.t (actual rows=262144.00 loops=1)
   Output: a, b
   Index Cond: ((t.a >= 18107) AND (t.a <= 280250))
   Index Searches: 1
   Prefetch: distance=173.812 count=26163 stalls=236501 skipped=261 resets=0 ungets=892 forwarded=0
             histogram [2,4) => 7134, [4,8) => 65, [8,16) => 18, [16,32) => 23, [32,64) => 175, [64,128) => 643, [128,256) => 9288, [256,512) => 8817
   Buffers: shared hit=257046 read=5559
 Settings: enable_bitmapscan = 'off', enable_seqscan = 'off', max_parallel_workers_per_gather = '0'
 Planning:
   Buffers: shared hit=82 read=26
 Planning Time: 2.189 ms
 Execution Time: 284.826 ms
(12 rows)

SET
SET
SET
SET
SET
                                             QUERY PLAN                                             
----------------------------------------------------------------------------------------------------
 Index Scan using idx on public.t (actual rows=262144.00 loops=1)
   Output: a, b
   Index Cond: ((t.a >= 18107) AND (t.a <= 280250))
   Index Searches: 1
   Buffers: shared hit=262605
 Settings: enable_bitmapscan = 'off', enable_seqscan = 'off', max_parallel_workers_per_gather = '0'
 Planning:
   Buffers: shared hit=113
 Planning Time: 0.212 ms
 Execution Time: 36.857 ms
(10 rows)

