SET
SET
SET
SET
SET
                                                                 QUERY PLAN                                                                 
--------------------------------------------------------------------------------------------------------------------------------------------
 Index Scan using idx on public.t (actual rows=1024.00 loops=1)
   Output: a, b
   Index Cond: ((t.a >= 37) AND (t.a <= 1060))
   Index Searches: 1
   Prefetch: distance=261.495 count=1094 stalls=2 skipped=3 resets=0 ungets=254 forwarded=1
             histogram [2,4) => 2, [4,8) => 6, [8,16) => 11, [16,32) => 11, [32,64) => 2, [64,128) => 3, [128,256) => 16, [256,512) => 1043
   Buffers: shared hit=606 read=424
 Settings: enable_bitmapscan = 'off', enable_seqscan = 'off', max_parallel_workers_per_gather = '0'
 Planning:
   Buffers: shared hit=86 read=26
 Planning Time: 1.729 ms
 Execution Time: 10.445 ms
(12 rows)

SET
SET
SET
SET
SET
                                             QUERY PLAN                                             
----------------------------------------------------------------------------------------------------
 Index Scan using idx on public.t (actual rows=1024.00 loops=1)
   Output: a, b
   Index Cond: ((t.a >= 37) AND (t.a <= 1060))
   Index Searches: 1
   Buffers: shared hit=1030
 Settings: enable_bitmapscan = 'off', enable_seqscan = 'off', max_parallel_workers_per_gather = '0'
 Planning:
   Buffers: shared hit=117
 Planning Time: 0.192 ms
 Execution Time: 0.496 ms
(10 rows)

