SET
SET
SET
SET
SET
                                                                     QUERY PLAN                                                                      
-----------------------------------------------------------------------------------------------------------------------------------------------------
 Index Scan using idx on public.t (actual rows=65536.00 loops=1)
   Output: a, b
   Index Cond: ((t.a >= 9855) AND (t.a <= 75390))
   Index Searches: 1
   Prefetch: distance=230.683 count=19789 stalls=46236 skipped=81 resets=0 ungets=781 forwarded=1
             histogram [2,4) => 786, [4,8) => 11, [8,16) => 13, [16,32) => 33, [32,64) => 90, [64,128) => 243, [128,256) => 10022, [256,512) => 8591
   Buffers: shared hit=63797 read=1843
 Settings: enable_bitmapscan = 'off', enable_seqscan = 'off', max_parallel_workers_per_gather = '0'
 Planning:
   Buffers: shared hit=86 read=26
 Planning Time: 2.197 ms
 Execution Time: 55.768 ms
(12 rows)

SET
SET
SET
SET
SET
                                             QUERY PLAN                                             
----------------------------------------------------------------------------------------------------
 Index Scan using idx on public.t (actual rows=65536.00 loops=1)
   Output: a, b
   Index Cond: ((t.a >= 9855) AND (t.a <= 75390))
   Index Searches: 1
   Buffers: shared hit=65640
 Settings: enable_bitmapscan = 'off', enable_seqscan = 'off', max_parallel_workers_per_gather = '0'
 Planning:
   Buffers: shared hit=117
 Planning Time: 0.186 ms
 Execution Time: 9.387 ms
(10 rows)

