SET
SET
SET
SET
SET
                                                                      QUERY PLAN                                                                       
-------------------------------------------------------------------------------------------------------------------------------------------------------
 Index Scan using idx on public.t (actual rows=131072.00 loops=1)
   Output: a, b
   Index Cond: ((t.a >= 13296) AND (t.a <= 144367))
   Index Searches: 1
   Prefetch: distance=230.865 count=57156 stalls=74744 skipped=133 resets=0 ungets=975 forwarded=3
             histogram [2,4) => 1794, [4,8) => 14, [8,16) => 13, [16,32) => 25, [32,64) => 71, [64,128) => 321, [128,256) => 34959, [256,512) => 19959
   Buffers: shared hit=128217 read=3087
 Settings: enable_bitmapscan = 'off', enable_seqscan = 'off', max_parallel_workers_per_gather = '0'
 Planning:
   Buffers: shared hit=82 read=26
 Planning Time: 2.156 ms
 Execution Time: 99.445 ms
(12 rows)

SET
SET
SET
SET
SET
                                             QUERY PLAN                                             
----------------------------------------------------------------------------------------------------
 Index Scan using idx on public.t (actual rows=131072.00 loops=1)
   Output: a, b
   Index Cond: ((t.a >= 13296) AND (t.a <= 144367))
   Index Searches: 1
   Buffers: shared hit=131304
 Settings: enable_bitmapscan = 'off', enable_seqscan = 'off', max_parallel_workers_per_gather = '0'
 Planning:
   Buffers: shared hit=113
 Planning Time: 0.179 ms
 Execution Time: 14.120 ms
(10 rows)

