SET
SET
SET
SET
SET
                                                                         QUERY PLAN                                                                         
------------------------------------------------------------------------------------------------------------------------------------------------------------
 Index Scan using idx on public.t (actual rows=4048576.00 loops=1)
   Output: a, b
   Index Cond: ((t.a >= 10209) AND (t.a <= 4058784))
   Index Searches: 1
   Prefetch: distance=109.143 count=229005 stalls=3816475 skipped=3990 resets=0 ungets=955 forwarded=2
             histogram [2,4) => 122554, [4,8) => 992, [8,16) => 15, [16,32) => 26, [32,64) => 187, [64,128) => 1746, [128,256) => 69241, [256,512) => 34244
   Buffers: shared hit=3980683 read=74971
 Settings: enable_bitmapscan = 'off', enable_seqscan = 'off', max_parallel_workers_per_gather = '0'
 Planning:
   Buffers: shared hit=82 read=26
 Planning Time: 2.154 ms
 Execution Time: 4136.578 ms
(12 rows)

SET
SET
SET
SET
SET
                                             QUERY PLAN                                             
----------------------------------------------------------------------------------------------------
 Index Scan using idx on public.t (actual rows=4048576.00 loops=1)
   Output: a, b
   Index Cond: ((t.a >= 10209) AND (t.a <= 4058784))
   Index Searches: 1
   Buffers: shared hit=4055654
 Settings: enable_bitmapscan = 'off', enable_seqscan = 'off', max_parallel_workers_per_gather = '0'
 Planning:
   Buffers: shared hit=113
 Planning Time: 0.233 ms
 Execution Time: 602.094 ms
(10 rows)

