SET
SET
SET
SET
SET
                                                                       QUERY PLAN                                                                        
---------------------------------------------------------------------------------------------------------------------------------------------------------
 Index Scan using idx on public.t (actual rows=6048576.00 loops=1)
   Output: a, b
   Index Cond: ((t.a >= 11161) AND (t.a <= 6059736))
   Index Searches: 1
   Prefetch: distance=22.230 count=206655 stalls=5836830 skipped=5913 resets=0 ungets=913 forwarded=0
             histogram [2,4) => 187808, [4,8) => 1539, [8,16) => 20, [16,32) => 21, [32,64) => 88, [64,128) => 256, [128,256) => 8258, [256,512) => 8665
   Buffers: shared hit=5947504 read=111691
 Settings: enable_bitmapscan = 'off', enable_seqscan = 'off', max_parallel_workers_per_gather = '0'
 Planning:
   Buffers: shared hit=82 read=26
 Planning Time: 2.151 ms
 Execution Time: 6262.186 ms
(12 rows)

SET
SET
SET
SET
SET
                                             QUERY PLAN                                             
----------------------------------------------------------------------------------------------------
 Index Scan using idx on public.t (actual rows=6048576.00 loops=1)
   Output: a, b
   Index Cond: ((t.a >= 11161) AND (t.a <= 6059736))
   Index Searches: 1
   Buffers: shared hit=6059195
 Settings: enable_bitmapscan = 'off', enable_seqscan = 'off', max_parallel_workers_per_gather = '0'
 Planning:
   Buffers: shared hit=113
 Planning Time: 0.240 ms
 Execution Time: 916.154 ms
(10 rows)

