SET
SET
SET
SET
SET
                                                                         QUERY PLAN                                                                         
------------------------------------------------------------------------------------------------------------------------------------------------------------
 Index Scan using idx on public.t (actual rows=5048576.00 loops=1)
   Output: a, b
   Index Cond: ((t.a >= 19033) AND (t.a <= 5067608))
   Index Searches: 1
   Prefetch: distance=78.499 count=231610 stalls=4812643 skipped=4953 resets=0 ungets=819 forwarded=2
             histogram [2,4) => 154915, [4,8) => 1255, [8,16) => 16, [16,32) => 40, [32,64) => 150, [64,128) => 744, [128,256) => 48620, [256,512) => 25870
   Buffers: shared hit=4963987 read=93436
 Settings: enable_bitmapscan = 'off', enable_seqscan = 'off', max_parallel_workers_per_gather = '0'
 Planning:
   Buffers: shared hit=82 read=26
 Planning Time: 2.145 ms
 Execution Time: 5197.854 ms
(12 rows)

SET
SET
SET
SET
SET
                                             QUERY PLAN                                             
----------------------------------------------------------------------------------------------------
 Index Scan using idx on public.t (actual rows=5048576.00 loops=1)
   Output: a, b
   Index Cond: ((t.a >= 19033) AND (t.a <= 5067608))
   Index Searches: 1
   Buffers: shared hit=5057423
 Settings: enable_bitmapscan = 'off', enable_seqscan = 'off', max_parallel_workers_per_gather = '0'
 Planning:
   Buffers: shared hit=113
 Planning Time: 0.225 ms
 Execution Time: 752.600 ms
(10 rows)

