SET
SET
SET
SET
SET
                                                                         QUERY PLAN                                                                          
-------------------------------------------------------------------------------------------------------------------------------------------------------------
 Index Scan using idx on public.t (actual rows=7048576.00 loops=1)
   Output: a, b
   Index Cond: ((t.a >= 25819) AND (t.a <= 7074394))
   Index Searches: 1
   Prefetch: distance=77.858 count=324267 stalls=6718030 skipped=6910 resets=0 ungets=828 forwarded=2
             histogram [2,4) => 216590, [4,8) => 1811, [8,16) => 24, [16,32) => 40, [32,64) => 203, [64,128) => 1954, [128,256) => 69311, [256,512) => 34334
   Buffers: shared hit=6930720 read=130210
 Settings: enable_bitmapscan = 'off', enable_seqscan = 'off', max_parallel_workers_per_gather = '0'
 Planning:
   Buffers: shared hit=82 read=26
 Planning Time: 2.204 ms
 Execution Time: 7203.939 ms
(12 rows)

SET
SET
SET
SET
SET
                                             QUERY PLAN                                             
----------------------------------------------------------------------------------------------------
 Index Scan using idx on public.t (actual rows=7048576.00 loops=1)
   Output: a, b
   Index Cond: ((t.a >= 25819) AND (t.a <= 7074394))
   Index Searches: 1
   Buffers: shared hit=7060930
 Settings: enable_bitmapscan = 'off', enable_seqscan = 'off', max_parallel_workers_per_gather = '0'
 Planning:
   Buffers: shared hit=113
 Planning Time: 0.239 ms
 Execution Time: 1052.476 ms
(10 rows)

