SET
SET
SET
SET
SET
                                                                    QUERY PLAN                                                                    
--------------------------------------------------------------------------------------------------------------------------------------------------
 Index Scan Backward using idx on public.t (actual rows=3048576.00 loops=1)
   Output: a, b
   Index Cond: ((t.a >= 14083) AND (t.a <= 776226))
   Index Searches: 1
   Prefetch: distance=263.961 count=3301902 stalls=5 skipped=45204 resets=0 ungets=298574 forwarded=7
             histogram [2,4) => 4, [4,8) => 7, [8,16) => 10, [16,32) => 8, [32,64) => 8, [64,128) => 2, [128,256) => 489534, [256,512) => 2812329
   Buffers: shared hit=2858118 read=149823
 Settings: enable_bitmapscan = 'off', enable_seqscan = 'off', max_parallel_workers_per_gather = '0'
 Planning:
   Buffers: shared hit=82 read=27
 Planning Time: 2.057 ms
 Execution Time: 3346.865 ms
(12 rows)

SET
SET
SET
SET
SET
                                             QUERY PLAN                                             
----------------------------------------------------------------------------------------------------
 Index Scan Backward using idx on public.t (actual rows=3048576.00 loops=1)
   Output: a, b
   Index Cond: ((t.a >= 14083) AND (t.a <= 776226))
   Index Searches: 1
   Buffers: shared hit=3007941
 Settings: enable_bitmapscan = 'off', enable_seqscan = 'off', max_parallel_workers_per_gather = '0'
 Planning:
   Buffers: shared hit=114
 Planning Time: 0.239 ms
 Execution Time: 488.325 ms
(10 rows)

