SET
SET
SET
SET
SET
                                                               QUERY PLAN                                                                
-----------------------------------------------------------------------------------------------------------------------------------------
 Index Scan using idx on public.t (actual rows=256.00 loops=1)
   Output: a, b
   Index Cond: ((t.a >= 2222) AND (t.a <= 2477))
   Index Searches: 1
   Prefetch: distance=223.977 count=177 stalls=3 skipped=0 resets=0 ungets=56 forwarded=0
             histogram [2,4) => 4, [4,8) => 3, [8,16) => 6, [16,32) => 16, [32,64) => 2, [64,128) => 2, [128,256) => 2, [256,512) => 142
   Buffers: shared hit=76 read=186
 Settings: enable_bitmapscan = 'off', enable_seqscan = 'off', max_parallel_workers_per_gather = '0'
 Planning:
   Buffers: shared hit=86 read=26
 Planning Time: 1.464 ms
 Execution Time: 7.130 ms
(12 rows)

SET
SET
SET
SET
SET
                                             QUERY PLAN                                             
----------------------------------------------------------------------------------------------------
 Index Scan using idx on public.t (actual rows=256.00 loops=1)
   Output: a, b
   Index Cond: ((t.a >= 2222) AND (t.a <= 2477))
   Index Searches: 1
   Buffers: shared hit=262
 Settings: enable_bitmapscan = 'off', enable_seqscan = 'off', max_parallel_workers_per_gather = '0'
 Planning:
   Buffers: shared hit=117
 Planning Time: 0.194 ms
 Execution Time: 0.228 ms
(10 rows)

