SET
SET
SET
SET
SET
                                                                QUERY PLAN                                                                 
-------------------------------------------------------------------------------------------------------------------------------------------
 Index Scan using idx on public.t (actual rows=4096.00 loops=1)
   Output: a, b
   Index Cond: ((t.a >= 19386) AND (t.a <= 23481))
   Index Searches: 1
   Prefetch: distance=258.708 count=4343 stalls=1 skipped=1 resets=0 ungets=523 forwarded=0
             histogram [2,4) => 2, [4,8) => 6, [8,16) => 6, [16,32) => 9, [32,64) => 6, [64,128) => 3, [128,256) => 976, [256,512) => 3335
   Buffers: shared hit=3290 read=822
 Settings: enable_bitmapscan = 'off', enable_seqscan = 'off', max_parallel_workers_per_gather = '0'
 Planning:
   Buffers: shared hit=86 read=26
 Planning Time: 2.160 ms
 Execution Time: 22.234 ms
(12 rows)

SET
SET
SET
SET
SET
                                             QUERY PLAN                                             
----------------------------------------------------------------------------------------------------
 Index Scan using idx on public.t (actual rows=4096.00 loops=1)
   Output: a, b
   Index Cond: ((t.a >= 19386) AND (t.a <= 23481))
   Index Searches: 1
   Buffers: shared hit=4112
 Settings: enable_bitmapscan = 'off', enable_seqscan = 'off', max_parallel_workers_per_gather = '0'
 Planning:
   Buffers: shared hit=117
 Planning Time: 0.214 ms
 Execution Time: 1.293 ms
(10 rows)

