SET
SET
SET
SET
SET
                                                                       QUERY PLAN                                                                       
--------------------------------------------------------------------------------------------------------------------------------------------------------
 Index Scan using idx on public.t (actual rows=262144.00 loops=1)
   Output: a, b
   Index Cond: ((t.a >= 32683) AND (t.a <= 294826))
   Index Searches: 1
   Prefetch: distance=198.135 count=40646 stalls=222132 skipped=258 resets=0 ungets=939 forwarded=0
             histogram [2,4) => 6942, [4,8) => 62, [8,16) => 13, [16,32) => 28, [32,64) => 176, [64,128) => 676, [128,256) => 19216, [256,512) => 13533
   Buffers: shared hit=256927 read=5682
 Settings: enable_bitmapscan = 'off', enable_seqscan = 'off', max_parallel_workers_per_gather = '0'
 Planning:
   Buffers: shared hit=82 read=26
 Planning Time: 2.152 ms
 Execution Time: 271.684 ms
(12 rows)

SET
SET
SET
SET
SET
                                             QUERY PLAN                                             
----------------------------------------------------------------------------------------------------
 Index Scan using idx on public.t (actual rows=262144.00 loops=1)
   Output: a, b
   Index Cond: ((t.a >= 32683) AND (t.a <= 294826))
   Index Searches: 1
   Buffers: shared hit=262609
 Settings: enable_bitmapscan = 'off', enable_seqscan = 'off', max_parallel_workers_per_gather = '0'
 Planning:
   Buffers: shared hit=113
 Planning Time: 0.191 ms
 Execution Time: 41.261 ms
(10 rows)

