SET
SET
SET
SET
SET
                                                                         QUERY PLAN                                                                         
------------------------------------------------------------------------------------------------------------------------------------------------------------
 Index Scan using idx on public.t (actual rows=4048576.00 loops=1)
   Output: a, b
   Index Cond: ((t.a >= 507) AND (t.a <= 4049082))
   Index Searches: 1
   Prefetch: distance=103.484 count=218793 stalls=3826300 skipped=4015 resets=0 ungets=773 forwarded=1
             histogram [2,4) => 122572, [4,8) => 987, [8,16) => 18, [16,32) => 26, [32,64) => 135, [64,128) => 1430, [128,256) => 62450, [256,512) => 31175
   Buffers: shared hit=3980798 read=74829
 Settings: enable_bitmapscan = 'off', enable_seqscan = 'off', max_parallel_workers_per_gather = '0'
 Planning:
   Buffers: shared hit=82 read=26
 Planning Time: 2.153 ms
 Execution Time: 4124.767 ms
(12 rows)

SET
SET
SET
SET
SET
                                             QUERY PLAN                                             
----------------------------------------------------------------------------------------------------
 Index Scan using idx on public.t (actual rows=4048576.00 loops=1)
   Output: a, b
   Index Cond: ((t.a >= 507) AND (t.a <= 4049082))
   Index Searches: 1
   Buffers: shared hit=4055627
 Settings: enable_bitmapscan = 'off', enable_seqscan = 'off', max_parallel_workers_per_gather = '0'
 Planning:
   Buffers: shared hit=113
 Planning Time: 0.405 ms
 Execution Time: 599.139 ms
(10 rows)

