SET
SET
SET
SET
SET
                                                                       QUERY PLAN                                                                       
--------------------------------------------------------------------------------------------------------------------------------------------------------
 Index Scan using idx on public.t (actual rows=2048576.00 loops=1)
   Output: a, b
   Index Cond: ((t.a >= 26997) AND (t.a <= 2075572))
   Index Searches: 1
   Prefetch: distance=54.167 count=81334 stalls=1965904 skipped=1970 resets=0 ungets=835 forwarded=0
             histogram [2,4) => 63152, [4,8) => 491, [8,16) => 17, [16,32) => 28, [32,64) => 131, [64,128) => 308, [128,256) => 8837, [256,512) => 8370
   Buffers: shared hit=2013767 read=38442
 Settings: enable_bitmapscan = 'off', enable_seqscan = 'off', max_parallel_workers_per_gather = '0'
 Planning:
   Buffers: shared hit=82 read=26
 Planning Time: 2.149 ms
 Execution Time: 2108.981 ms
(12 rows)

SET
SET
SET
SET
SET
                                             QUERY PLAN                                             
----------------------------------------------------------------------------------------------------
 Index Scan using idx on public.t (actual rows=2048576.00 loops=1)
   Output: a, b
   Index Cond: ((t.a >= 26997) AND (t.a <= 2075572))
   Index Searches: 1
   Buffers: shared hit=2052209
 Settings: enable_bitmapscan = 'off', enable_seqscan = 'off', max_parallel_workers_per_gather = '0'
 Planning:
   Buffers: shared hit=113
 Planning Time: 0.234 ms
 Execution Time: 306.686 ms
(10 rows)

