SET
SET
SET
SET
SET
                                                                       QUERY PLAN                                                                       
--------------------------------------------------------------------------------------------------------------------------------------------------------
 Index Scan using idx on public.t (actual rows=524288.00 loops=1)
   Output: a, b
   Index Cond: ((t.a >= 29245) AND (t.a <= 553532))
   Index Searches: 1
   Prefetch: distance=134.799 count=35937 stalls=488169 skipped=514 resets=0 ungets=689 forwarded=1
             histogram [2,4) => 15474, [4,8) => 129, [8,16) => 19, [16,32) => 25, [32,64) => 69, [64,128) => 701, [128,256) => 10648, [256,512) => 8872
   Buffers: shared hit=514743 read=10469
 Settings: enable_bitmapscan = 'off', enable_seqscan = 'off', max_parallel_workers_per_gather = '0'
 Planning:
   Buffers: shared hit=82 read=26
 Planning Time: 2.148 ms
 Execution Time: 559.840 ms
(12 rows)

SET
SET
SET
SET
SET
                                             QUERY PLAN                                             
----------------------------------------------------------------------------------------------------
 Index Scan using idx on public.t (actual rows=524288.00 loops=1)
   Output: a, b
   Index Cond: ((t.a >= 29245) AND (t.a <= 553532))
   Index Searches: 1
   Buffers: shared hit=525212
 Settings: enable_bitmapscan = 'off', enable_seqscan = 'off', max_parallel_workers_per_gather = '0'
 Planning:
   Buffers: shared hit=113
 Planning Time: 0.187 ms
 Execution Time: 79.372 ms
(10 rows)

