SET
SET
SET
SET
SET
                                                                    QUERY PLAN                                                                     
---------------------------------------------------------------------------------------------------------------------------------------------------
 Index Scan using idx on public.t (actual rows=32768.00 loops=1)
   Output: a, b
   Index Cond: ((t.a >= 27353) AND (t.a <= 60120))
   Index Searches: 1
   Prefetch: distance=234.451 count=15544 stalls=17590 skipped=42 resets=0 ungets=721 forwarded=0
             histogram [2,4) => 328, [4,8) => 8, [8,16) => 14, [16,32) => 25, [32,64) => 56, [64,128) => 252, [128,256) => 7732, [256,512) => 7129
   Buffers: shared hit=31385 read=1436
 Settings: enable_bitmapscan = 'off', enable_seqscan = 'off', max_parallel_workers_per_gather = '0'
 Planning:
   Buffers: shared hit=86 read=26
 Planning Time: 2.142 ms
 Execution Time: 41.837 ms
(12 rows)

SET
SET
SET
SET
SET
                                             QUERY PLAN                                             
----------------------------------------------------------------------------------------------------
 Index Scan using idx on public.t (actual rows=32768.00 loops=1)
   Output: a, b
   Index Cond: ((t.a >= 27353) AND (t.a <= 60120))
   Index Searches: 1
   Buffers: shared hit=32821
 Settings: enable_bitmapscan = 'off', enable_seqscan = 'off', max_parallel_workers_per_gather = '0'
 Planning:
   Buffers: shared hit=117
 Planning Time: 0.207 ms
 Execution Time: 5.054 ms
(10 rows)

