SET
SET
SET
SET
SET
                                                                        QUERY PLAN                                                                         
-----------------------------------------------------------------------------------------------------------------------------------------------------------
 Index Scan using idx on public.t (actual rows=9048576.00 loops=1)
   Output: a, b
   Index Cond: ((t.a >= 10794) AND (t.a <= 9059369))
   Index Searches: 1
   Prefetch: distance=28.899 count=319517 stalls=8720602 skipped=8818 resets=0 ungets=715 forwarded=0
             histogram [2,4) => 280916, [4,8) => 2340, [8,16) => 18, [16,32) => 34, [32,64) => 85, [64,128) => 287, [128,256) => 22122, [256,512) => 13715
   Buffers: shared hit=8897722 read=166763
 Settings: enable_bitmapscan = 'off', enable_seqscan = 'off', max_parallel_workers_per_gather = '0'
 Planning:
   Buffers: shared hit=82 read=26
 Planning Time: 2.155 ms
 Execution Time: 9289.107 ms
(12 rows)

SET
SET
SET
SET
SET
                                             QUERY PLAN                                             
----------------------------------------------------------------------------------------------------
 Index Scan using idx on public.t (actual rows=9048576.00 loops=1)
   Output: a, b
   Index Cond: ((t.a >= 10794) AND (t.a <= 9059369))
   Index Searches: 1
   Buffers: shared hit=9064485
 Settings: enable_bitmapscan = 'off', enable_seqscan = 'off', max_parallel_workers_per_gather = '0'
 Planning:
   Buffers: shared hit=113
 Planning Time: 0.250 ms
 Execution Time: 1347.303 ms
(10 rows)

