SET
SET
SET
SET
SET
                                                                QUERY PLAN                                                                 
-------------------------------------------------------------------------------------------------------------------------------------------
 Index Scan using idx on public.t (actual rows=4096.00 loops=1)
   Output: a, b
   Index Cond: ((t.a >= 30688) AND (t.a <= 34783))
   Index Searches: 1
   Prefetch: distance=262.991 count=4539 stalls=1 skipped=5 resets=0 ungets=679 forwarded=0
             histogram [2,4) => 4, [4,8) => 4, [8,16) => 7, [16,32) => 9, [32,64) => 3, [64,128) => 2, [128,256) => 655, [256,512) => 3855
   Buffers: shared hit=3174 read=934
 Settings: enable_bitmapscan = 'off', enable_seqscan = 'off', max_parallel_workers_per_gather = '0'
 Planning:
   Buffers: shared hit=86 read=26
 Planning Time: 2.175 ms
 Execution Time: 20.105 ms
(12 rows)

SET
SET
SET
SET
SET
                                             QUERY PLAN                                             
----------------------------------------------------------------------------------------------------
 Index Scan using idx on public.t (actual rows=4096.00 loops=1)
   Output: a, b
   Index Cond: ((t.a >= 30688) AND (t.a <= 34783))
   Index Searches: 1
   Buffers: shared hit=4108
 Settings: enable_bitmapscan = 'off', enable_seqscan = 'off', max_parallel_workers_per_gather = '0'
 Planning:
   Buffers: shared hit=117
 Planning Time: 0.203 ms
 Execution Time: 1.229 ms
(10 rows)

