SET
SET
SET
SET
SET
                                                                 QUERY PLAN                                                                 
--------------------------------------------------------------------------------------------------------------------------------------------
 Index Scan using idx on public.t (actual rows=2048.00 loops=1)
   Output: a, b
   Index Cond: ((t.a >= 13067) AND (t.a <= 15114))
   Index Searches: 1
   Prefetch: distance=263.834 count=2100 stalls=1 skipped=6 resets=0 ungets=384 forwarded=1
             histogram [2,4) => 2, [4,8) => 7, [8,16) => 8, [16,32) => 14, [32,64) => 2, [64,128) => 2, [128,256) => 104, [256,512) => 1961
   Buffers: shared hit=1390 read=663
 Settings: enable_bitmapscan = 'off', enable_seqscan = 'off', max_parallel_workers_per_gather = '0'
 Planning:
   Buffers: shared hit=86 read=26
 Planning Time: 2.151 ms
 Execution Time: 20.787 ms
(12 rows)

SET
SET
SET
SET
SET
                                             QUERY PLAN                                             
----------------------------------------------------------------------------------------------------
 Index Scan using idx on public.t (actual rows=2048.00 loops=1)
   Output: a, b
   Index Cond: ((t.a >= 13067) AND (t.a <= 15114))
   Index Searches: 1
   Buffers: shared hit=2053
 Settings: enable_bitmapscan = 'off', enable_seqscan = 'off', max_parallel_workers_per_gather = '0'
 Planning:
   Buffers: shared hit=117
 Planning Time: 0.226 ms
 Execution Time: 0.776 ms
(10 rows)

