SET
SET
SET
SET
SET
                                                                       QUERY PLAN                                                                        
---------------------------------------------------------------------------------------------------------------------------------------------------------
 Index Scan using idx on public.t (actual rows=6048576.00 loops=1)
   Output: a, b
   Index Cond: ((t.a >= 8315) AND (t.a <= 6056890))
   Index Searches: 1
   Prefetch: distance=18.997 count=203683 stalls=5839657 skipped=5914 resets=0 ungets=851 forwarded=0
             histogram [2,4) => 187818, [4,8) => 1541, [8,16) => 22, [16,32) => 21, [32,64) => 88, [64,128) => 256, [128,256) => 6600, [256,512) => 7337
   Buffers: shared hit=5947532 read=111662
 Settings: enable_bitmapscan = 'off', enable_seqscan = 'off', max_parallel_workers_per_gather = '0'
 Planning:
   Buffers: shared hit=82 read=26
 Planning Time: 2.126 ms
 Execution Time: 6294.259 ms
(12 rows)

SET
SET
SET
SET
SET
                                             QUERY PLAN                                             
----------------------------------------------------------------------------------------------------
 Index Scan using idx on public.t (actual rows=6048576.00 loops=1)
   Output: a, b
   Index Cond: ((t.a >= 8315) AND (t.a <= 6056890))
   Index Searches: 1
   Buffers: shared hit=6059194
 Settings: enable_bitmapscan = 'off', enable_seqscan = 'off', max_parallel_workers_per_gather = '0'
 Planning:
   Buffers: shared hit=113
 Planning Time: 0.236 ms
 Execution Time: 893.668 ms
(10 rows)

