SET
SET
SET
SET
SET
                                                                         QUERY PLAN                                                                          
-------------------------------------------------------------------------------------------------------------------------------------------------------------
 Index Scan using idx on public.t (actual rows=7048576.00 loops=1)
   Output: a, b
   Index Cond: ((t.a >= 18002) AND (t.a <= 7066577))
   Index Searches: 1
   Prefetch: distance=74.256 count=316784 stalls=6725754 skipped=6901 resets=0 ungets=929 forwarded=2
             histogram [2,4) => 216680, [4,8) => 1811, [8,16) => 25, [16,32) => 37, [32,64) => 230, [64,128) => 1639, [128,256) => 63888, [256,512) => 32474
   Buffers: shared hit=6930807 read=130133
 Settings: enable_bitmapscan = 'off', enable_seqscan = 'off', max_parallel_workers_per_gather = '0'
 Planning:
   Buffers: shared hit=82 read=26
 Planning Time: 2.147 ms
 Execution Time: 7249.403 ms
(12 rows)

SET
SET
SET
SET
SET
                                             QUERY PLAN                                             
----------------------------------------------------------------------------------------------------
 Index Scan using idx on public.t (actual rows=7048576.00 loops=1)
   Output: a, b
   Index Cond: ((t.a >= 18002) AND (t.a <= 7066577))
   Index Searches: 1
   Buffers: shared hit=7060940
 Settings: enable_bitmapscan = 'off', enable_seqscan = 'off', max_parallel_workers_per_gather = '0'
 Planning:
   Buffers: shared hit=113
 Planning Time: 0.236 ms
 Execution Time: 1051.342 ms
(10 rows)

