SET
SET
SET
SET
SET
                                                                       QUERY PLAN                                                                       
--------------------------------------------------------------------------------------------------------------------------------------------------------
 Index Scan using idx on public.t (actual rows=262144.00 loops=1)
   Output: a, b
   Index Cond: ((t.a >= 31331) AND (t.a <= 293474))
   Index Searches: 1
   Prefetch: distance=196.032 count=39101 stalls=223457 skipped=257 resets=0 ungets=830 forwarded=0
             histogram [2,4) => 6968, [4,8) => 63, [8,16) => 19, [16,32) => 24, [32,64) => 176, [64,128) => 694, [128,256) => 18166, [256,512) => 12991
   Buffers: shared hit=256941 read=5668
 Settings: enable_bitmapscan = 'off', enable_seqscan = 'off', max_parallel_workers_per_gather = '0'
 Planning:
   Buffers: shared hit=82 read=26
 Planning Time: 2.171 ms
 Execution Time: 267.504 ms
(12 rows)

SET
SET
SET
SET
SET
                                             QUERY PLAN                                             
----------------------------------------------------------------------------------------------------
 Index Scan using idx on public.t (actual rows=262144.00 loops=1)
   Output: a, b
   Index Cond: ((t.a >= 31331) AND (t.a <= 293474))
   Index Searches: 1
   Buffers: shared hit=262609
 Settings: enable_bitmapscan = 'off', enable_seqscan = 'off', max_parallel_workers_per_gather = '0'
 Planning:
   Buffers: shared hit=113
 Planning Time: 0.182 ms
 Execution Time: 36.090 ms
(10 rows)

