SET
SET
SET
SET
SET
                                                                      QUERY PLAN                                                                       
-------------------------------------------------------------------------------------------------------------------------------------------------------
 Index Scan using idx on public.t (actual rows=131072.00 loops=1)
   Output: a, b
   Index Cond: ((t.a >= 16145) AND (t.a <= 147216))
   Index Searches: 1
   Prefetch: distance=229.840 count=59465 stalls=71921 skipped=128 resets=0 ungets=743 forwarded=1
             histogram [2,4) => 1774, [4,8) => 18, [8,16) => 13, [16,32) => 34, [32,64) => 71, [64,128) => 422, [128,256) => 37229, [256,512) => 19904
   Buffers: shared hit=128182 read=3125
 Settings: enable_bitmapscan = 'off', enable_seqscan = 'off', max_parallel_workers_per_gather = '0'
 Planning:
   Buffers: shared hit=82 read=26
 Planning Time: 2.126 ms
 Execution Time: 106.621 ms
(12 rows)

SET
SET
SET
SET
SET
                                             QUERY PLAN                                             
----------------------------------------------------------------------------------------------------
 Index Scan using idx on public.t (actual rows=131072.00 loops=1)
   Output: a, b
   Index Cond: ((t.a >= 16145) AND (t.a <= 147216))
   Index Searches: 1
   Buffers: shared hit=131307
 Settings: enable_bitmapscan = 'off', enable_seqscan = 'off', max_parallel_workers_per_gather = '0'
 Planning:
   Buffers: shared hit=113
 Planning Time: 0.209 ms
 Execution Time: 20.027 ms
(10 rows)

