SET
SET
SET
SET
SET
                                                                       QUERY PLAN                                                                       
--------------------------------------------------------------------------------------------------------------------------------------------------------
 Index Scan using idx on public.t (actual rows=1048576.00 loops=1)
   Output: a, b
   Index Cond: ((t.a >= 22259) AND (t.a <= 1070834))
   Index Searches: 1
   Prefetch: distance=94.913 count=52303 stalls=995986 skipped=1017 resets=0 ungets=865 forwarded=0
             histogram [2,4) => 31750, [4,8) => 248, [8,16) => 20, [16,32) => 39, [32,64) => 34, [64,128) => 262, [128,256) => 10704, [256,512) => 9246
   Buffers: shared hit=1030396 read=20034
 Settings: enable_bitmapscan = 'off', enable_seqscan = 'off', max_parallel_workers_per_gather = '0'
 Planning:
   Buffers: shared hit=82 read=26
 Planning Time: 2.156 ms
 Execution Time: 1185.278 ms
(12 rows)

SET
SET
SET
SET
SET
                                             QUERY PLAN                                             
----------------------------------------------------------------------------------------------------
 Index Scan using idx on public.t (actual rows=1048576.00 loops=1)
   Output: a, b
   Index Cond: ((t.a >= 22259) AND (t.a <= 1070834))
   Index Searches: 1
   Buffers: shared hit=1050430
 Settings: enable_bitmapscan = 'off', enable_seqscan = 'off', max_parallel_workers_per_gather = '0'
 Planning:
   Buffers: shared hit=113
 Planning Time: 0.187 ms
 Execution Time: 157.668 ms
(10 rows)

