SET
SET
SET
SET
SET
                                                                         QUERY PLAN                                                                         
------------------------------------------------------------------------------------------------------------------------------------------------------------
 Index Scan using idx on public.t (actual rows=5048576.00 loops=1)
   Output: a, b
   Index Cond: ((t.a >= 3438) AND (t.a <= 5052013))
   Index Searches: 1
   Prefetch: distance=66.903 count=215864 stalls=4828113 skipped=4975 resets=0 ungets=708 forwarded=2
             histogram [2,4) => 155005, [4,8) => 1254, [8,16) => 23, [16,32) => 41, [32,64) => 150, [64,128) => 525, [128,256) => 37998, [256,512) => 20868
   Buffers: shared hit=4964172 read=93229
 Settings: enable_bitmapscan = 'off', enable_seqscan = 'off', max_parallel_workers_per_gather = '0'
 Planning:
   Buffers: shared hit=82 read=26
 Planning Time: 2.157 ms
 Execution Time: 5225.593 ms
(12 rows)

SET
SET
SET
SET
SET
                                             QUERY PLAN                                             
----------------------------------------------------------------------------------------------------
 Index Scan using idx on public.t (actual rows=5048576.00 loops=1)
   Output: a, b
   Index Cond: ((t.a >= 3438) AND (t.a <= 5052013))
   Index Searches: 1
   Buffers: shared hit=5057401
 Settings: enable_bitmapscan = 'off', enable_seqscan = 'off', max_parallel_workers_per_gather = '0'
 Planning:
   Buffers: shared hit=113
 Planning Time: 0.240 ms
 Execution Time: 752.421 ms
(10 rows)

