SET
SET
SET
SET
SET
                                                                       QUERY PLAN                                                                       
--------------------------------------------------------------------------------------------------------------------------------------------------------
 Index Scan using idx on public.t (actual rows=524288.00 loops=1)
   Output: a, b
   Index Cond: ((t.a >= 29012) AND (t.a <= 553299))
   Index Searches: 1
   Prefetch: distance=135.764 count=36139 stalls=488398 skipped=514 resets=0 ungets=887 forwarded=2
             histogram [2,4) => 15478, [4,8) => 129, [8,16) => 20, [16,32) => 25, [32,64) => 68, [64,128) => 701, [128,256) => 10432, [256,512) => 9286
   Buffers: shared hit=514744 read=10469
 Settings: enable_bitmapscan = 'off', enable_seqscan = 'off', max_parallel_workers_per_gather = '0'
 Planning:
   Buffers: shared hit=82 read=26
 Planning Time: 2.140 ms
 Execution Time: 539.014 ms
(12 rows)

SET
SET
SET
SET
SET
                                             QUERY PLAN                                             
----------------------------------------------------------------------------------------------------
 Index Scan using idx on public.t (actual rows=524288.00 loops=1)
   Output: a, b
   Index Cond: ((t.a >= 29012) AND (t.a <= 553299))
   Index Searches: 1
   Buffers: shared hit=525213
 Settings: enable_bitmapscan = 'off', enable_seqscan = 'off', max_parallel_workers_per_gather = '0'
 Planning:
   Buffers: shared hit=113
 Planning Time: 0.176 ms
 Execution Time: 79.262 ms
(10 rows)

