SET
SET
SET
SET
SET
                                                                         QUERY PLAN                                                                         
------------------------------------------------------------------------------------------------------------------------------------------------------------
 Index Scan using idx on public.t (actual rows=8048576.00 loops=1)
   Output: a, b
   Index Cond: ((t.a >= 23060) AND (t.a <= 8071635))
   Index Searches: 1
   Prefetch: distance=28.283 count=284084 stalls=7757488 skipped=7855 resets=0 ungets=939 forwarded=0
             histogram [2,4) => 250102, [4,8) => 2087, [8,16) => 20, [16,32) => 55, [32,64) => 380, [64,128) => 419, [128,256) => 18860, [256,512) => 12161
   Buffers: shared hit=7914177 read=148541
 Settings: enable_bitmapscan = 'off', enable_seqscan = 'off', max_parallel_workers_per_gather = '0'
 Planning:
   Buffers: shared hit=82 read=26
 Planning Time: 2.169 ms
 Execution Time: 8348.436 ms
(12 rows)

SET
SET
SET
SET
SET
                                             QUERY PLAN                                             
----------------------------------------------------------------------------------------------------
 Index Scan using idx on public.t (actual rows=8048576.00 loops=1)
   Output: a, b
   Index Cond: ((t.a >= 23060) AND (t.a <= 8071635))
   Index Searches: 1
   Buffers: shared hit=8062718
 Settings: enable_bitmapscan = 'off', enable_seqscan = 'off', max_parallel_workers_per_gather = '0'
 Planning:
   Buffers: shared hit=113
 Planning Time: 0.240 ms
 Execution Time: 1205.940 ms
(10 rows)

