SET
SET
SET
SET
SET
                                                                        QUERY PLAN                                                                         
-----------------------------------------------------------------------------------------------------------------------------------------------------------
 Index Scan using idx on public.t (actual rows=9048576.00 loops=1)
   Output: a, b
   Index Cond: ((t.a >= 947) AND (t.a <= 9049522))
   Index Searches: 1
   Prefetch: distance=22.839 count=310299 stalls=8730393 skipped=8835 resets=0 ungets=974 forwarded=0
             histogram [2,4) => 280940, [4,8) => 2342, [8,16) => 15, [16,32) => 29, [32,64) => 84, [64,128) => 256, [128,256) => 15180, [256,512) => 11453
   Buffers: shared hit=8897851 read=166619
 Settings: enable_bitmapscan = 'off', enable_seqscan = 'off', max_parallel_workers_per_gather = '0'
 Planning:
   Buffers: shared hit=82 read=26
 Planning Time: 2.116 ms
 Execution Time: 9404.461 ms
(12 rows)

SET
SET
SET
SET
SET
                                             QUERY PLAN                                             
----------------------------------------------------------------------------------------------------
 Index Scan using idx on public.t (actual rows=9048576.00 loops=1)
   Output: a, b
   Index Cond: ((t.a >= 947) AND (t.a <= 9049522))
   Index Searches: 1
   Buffers: shared hit=9064470
 Settings: enable_bitmapscan = 'off', enable_seqscan = 'off', max_parallel_workers_per_gather = '0'
 Planning:
   Buffers: shared hit=113
 Planning Time: 0.231 ms
 Execution Time: 1405.061 ms
(10 rows)

