SET
SET
SET
SET
SET
                                                                QUERY PLAN                                                                
------------------------------------------------------------------------------------------------------------------------------------------
 Index Scan Backward using idx on public.t (actual rows=512.00 loops=1)
   Output: a, b
   Index Cond: ((t.a >= 12647) AND (t.a <= 13158))
   Index Searches: 1
   Prefetch: distance=230.776 count=277 stalls=2 skipped=1 resets=0 ungets=79 forwarded=0
             histogram [2,4) => 4, [4,8) => 6, [8,16) => 13, [16,32) => 13, [32,64) => 6, [64,128) => 2, [128,256) => 2, [256,512) => 231
   Buffers: shared hit=168 read=350
 Settings: enable_bitmapscan = 'off', enable_seqscan = 'off', max_parallel_workers_per_gather = '0'
 Planning:
   Buffers: shared hit=82 read=26
 Planning Time: 1.508 ms
 Execution Time: 15.848 ms
(12 rows)

SET
SET
SET
SET
SET
                                             QUERY PLAN                                             
----------------------------------------------------------------------------------------------------
 Index Scan Backward using idx on public.t (actual rows=512.00 loops=1)
   Output: a, b
   Index Cond: ((t.a >= 12647) AND (t.a <= 13158))
   Index Searches: 1
   Buffers: shared hit=518
 Settings: enable_bitmapscan = 'off', enable_seqscan = 'off', max_parallel_workers_per_gather = '0'
 Planning:
   Buffers: shared hit=113
 Planning Time: 0.183 ms
 Execution Time: 0.330 ms
(10 rows)

