SET
SET
SET
SET
SET
                                                                        QUERY PLAN                                                                        
----------------------------------------------------------------------------------------------------------------------------------------------------------
 Index Scan Backward using idx on public.t (actual rows=524288.00 loops=1)
   Output: a, b
   Index Cond: ((t.a >= 6398) AND (t.a <= 530685))
   Index Searches: 1
   Prefetch: distance=157.091 count=47358 stalls=476413 skipped=521 resets=0 ungets=342 forwarded=0
             histogram [2,4) => 15392, [4,8) => 140, [8,16) => 14, [16,32) => 67, [32,64) => 252, [64,128) => 737, [128,256) => 19800, [256,512) => 10956
   Buffers: shared hit=514986 read=10216
 Settings: enable_bitmapscan = 'off', enable_seqscan = 'off', max_parallel_workers_per_gather = '0'
 Planning:
   Buffers: shared hit=78 read=26
 Planning Time: 2.183 ms
 Execution Time: 200.321 ms
(12 rows)

SET
SET
SET
SET
SET
                                             QUERY PLAN                                             
----------------------------------------------------------------------------------------------------
 Index Scan Backward using idx on public.t (actual rows=524288.00 loops=1)
   Output: a, b
   Index Cond: ((t.a >= 6398) AND (t.a <= 530685))
   Index Searches: 1
   Buffers: shared hit=525202
 Settings: enable_bitmapscan = 'off', enable_seqscan = 'off', max_parallel_workers_per_gather = '0'
 Planning:
   Buffers: shared hit=109
 Planning Time: 0.197 ms
 Execution Time: 79.133 ms
(10 rows)

