SET
SET
SET
SET
SET
                                                                  QUERY PLAN                                                                  
----------------------------------------------------------------------------------------------------------------------------------------------
 Index Scan Backward using idx on public.t (actual rows=4096.00 loops=1)
   Output: a, b
   Index Cond: ((t.a >= 7323) AND (t.a <= 11418))
   Index Searches: 1
   Prefetch: distance=255.012 count=4443 stalls=2 skipped=10 resets=0 ungets=504 forwarded=0
             histogram [2,4) => 2, [4,8) => 6, [8,16) => 12, [16,32) => 11, [32,64) => 3, [64,128) => 3, [128,256) => 1152, [256,512) => 3254
   Buffers: shared hit=3427 read=675
 Settings: enable_bitmapscan = 'off', enable_seqscan = 'off', max_parallel_workers_per_gather = '0'
 Planning:
   Buffers: shared hit=82 read=26
 Planning Time: 2.205 ms
 Execution Time: 13.707 ms
(12 rows)

SET
SET
SET
SET
SET
                                             QUERY PLAN                                             
----------------------------------------------------------------------------------------------------
 Index Scan Backward using idx on public.t (actual rows=4096.00 loops=1)
   Output: a, b
   Index Cond: ((t.a >= 7323) AND (t.a <= 11418))
   Index Searches: 1
   Buffers: shared hit=4102
 Settings: enable_bitmapscan = 'off', enable_seqscan = 'off', max_parallel_workers_per_gather = '0'
 Planning:
   Buffers: shared hit=113
 Planning Time: 0.173 ms
 Execution Time: 0.643 ms
(10 rows)

