SET
SET
SET
SET
SET
                                                                    QUERY PLAN                                                                    
--------------------------------------------------------------------------------------------------------------------------------------------------
 Index Scan Backward using idx on public.t (actual rows=32768.00 loops=1)
   Output: a, b
   Index Cond: ((t.a >= 60) AND (t.a <= 32827))
   Index Searches: 1
   Prefetch: distance=233.430 count=33035 stalls=1 skipped=64 resets=0 ungets=420 forwarded=2
             histogram [2,4) => 4, [4,8) => 4, [8,16) => 5, [16,32) => 14, [32,64) => 89, [64,128) => 861, [128,256) => 20808, [256,512) => 11250
   Buffers: shared hit=31701 read=1099
 Settings: enable_bitmapscan = 'off', enable_seqscan = 'off', max_parallel_workers_per_gather = '0'
 Planning:
   Buffers: shared hit=82 read=26
 Planning Time: 2.146 ms
 Execution Time: 23.583 ms
(12 rows)

SET
SET
SET
SET
SET
                                             QUERY PLAN                                             
----------------------------------------------------------------------------------------------------
 Index Scan Backward using idx on public.t (actual rows=32768.00 loops=1)
   Output: a, b
   Index Cond: ((t.a >= 60) AND (t.a <= 32827))
   Index Searches: 1
   Buffers: shared hit=32800
 Settings: enable_bitmapscan = 'off', enable_seqscan = 'off', max_parallel_workers_per_gather = '0'
 Planning:
   Buffers: shared hit=113
 Planning Time: 0.257 ms
 Execution Time: 3.520 ms
(10 rows)

