SET
SET
SET
SET
SET
                                                                   QUERY PLAN                                                                   
------------------------------------------------------------------------------------------------------------------------------------------------
 Index Scan Backward using idx on public.t (actual rows=16384.00 loops=1)
   Output: a, b
   Index Cond: ((t.a >= 988) AND (t.a <= 17371))
   Index Searches: 1
   Prefetch: distance=236.751 count=16408 stalls=1 skipped=40 resets=0 ungets=323 forwarded=1
             histogram [2,4) => 2, [4,8) => 5, [8,16) => 9, [16,32) => 15, [32,64) => 33, [64,128) => 407, [128,256) => 9382, [256,512) => 6555
   Buffers: shared hit=15579 read=813
 Settings: enable_bitmapscan = 'off', enable_seqscan = 'off', max_parallel_workers_per_gather = '0'
 Planning:
   Buffers: shared hit=82 read=26
 Planning Time: 2.198 ms
 Execution Time: 20.480 ms
(12 rows)

SET
SET
SET
SET
SET
                                             QUERY PLAN                                             
----------------------------------------------------------------------------------------------------
 Index Scan Backward using idx on public.t (actual rows=16384.00 loops=1)
   Output: a, b
   Index Cond: ((t.a >= 988) AND (t.a <= 17371))
   Index Searches: 1
   Buffers: shared hit=16392
 Settings: enable_bitmapscan = 'off', enable_seqscan = 'off', max_parallel_workers_per_gather = '0'
 Planning:
   Buffers: shared hit=113
 Planning Time: 0.205 ms
 Execution Time: 2.728 ms
(10 rows)

