SET
SET
SET
SET
SET
                                                                      QUERY PLAN                                                                       
-------------------------------------------------------------------------------------------------------------------------------------------------------
 Index Scan Backward using idx on public.t (actual rows=131072.00 loops=1)
   Output: a, b
   Index Cond: ((t.a >= 14226) AND (t.a <= 145297))
   Index Searches: 1
   Prefetch: distance=204.604 count=27763 stalls=103537 skipped=128 resets=0 ungets=552 forwarded=0
             histogram [2,4) => 3338, [4,8) => 41, [8,16) => 15, [16,32) => 68, [32,64) => 252, [64,128) => 728, [128,256) => 14267, [256,512) => 9054
   Buffers: shared hit=128210 read=3098
 Settings: enable_bitmapscan = 'off', enable_seqscan = 'off', max_parallel_workers_per_gather = '0'
 Planning:
   Buffers: shared hit=78 read=26
 Planning Time: 2.142 ms
 Execution Time: 62.722 ms
(12 rows)

SET
SET
SET
SET
SET
                                             QUERY PLAN                                             
----------------------------------------------------------------------------------------------------
 Index Scan Backward using idx on public.t (actual rows=131072.00 loops=1)
   Output: a, b
   Index Cond: ((t.a >= 14226) AND (t.a <= 145297))
   Index Searches: 1
   Buffers: shared hit=131308
 Settings: enable_bitmapscan = 'off', enable_seqscan = 'off', max_parallel_workers_per_gather = '0'
 Planning:
   Buffers: shared hit=109
 Planning Time: 0.180 ms
 Execution Time: 14.665 ms
(10 rows)

