SET
SET
SET
SET
SET
                                                                       QUERY PLAN                                                                       
--------------------------------------------------------------------------------------------------------------------------------------------------------
 Index Scan Backward using idx on public.t (actual rows=262144.00 loops=1)
   Output: a, b
   Index Cond: ((t.a >= 9113) AND (t.a <= 271256))
   Index Searches: 1
   Prefetch: distance=187.105 count=36780 stalls=225404 skipped=262 resets=0 ungets=487 forwarded=0
             histogram [2,4) => 7282, [4,8) => 67, [8,16) => 14, [16,32) => 69, [32,64) => 245, [64,128) => 728, [128,256) => 17868, [256,512) => 10507
   Buffers: shared hit=257162 read=5441
 Settings: enable_bitmapscan = 'off', enable_seqscan = 'off', max_parallel_workers_per_gather = '0'
 Planning:
   Buffers: shared hit=78 read=26
 Planning Time: 2.166 ms
 Execution Time: 112.534 ms
(12 rows)

SET
SET
SET
SET
SET
                                             QUERY PLAN                                             
----------------------------------------------------------------------------------------------------
 Index Scan Backward using idx on public.t (actual rows=262144.00 loops=1)
   Output: a, b
   Index Cond: ((t.a >= 9113) AND (t.a <= 271256))
   Index Searches: 1
   Buffers: shared hit=262603
 Settings: enable_bitmapscan = 'off', enable_seqscan = 'off', max_parallel_workers_per_gather = '0'
 Planning:
   Buffers: shared hit=109
 Planning Time: 0.183 ms
 Execution Time: 36.680 ms
(10 rows)

