SET
SET
SET
SET
SET
                                                                         QUERY PLAN                                                                         
------------------------------------------------------------------------------------------------------------------------------------------------------------
 Index Scan Backward using idx on public.t (actual rows=7048576.00 loops=1)
   Output: a, b
   Index Cond: ((t.a >= 7728) AND (t.a <= 7056303))
   Index Searches: 1
   Prefetch: distance=30.420 count=252042 stalls=6790055 skipped=6904 resets=0 ungets=531 forwarded=0
             histogram [2,4) => 219263, [4,8) => 1836, [8,16) => 28, [16,32) => 62, [32,64) => 246, [64,128) => 729, [128,256) => 19066, [256,512) => 10812
   Buffers: shared hit=6930928 read=130009
 Settings: enable_bitmapscan = 'off', enable_seqscan = 'off', max_parallel_workers_per_gather = '0'
 Planning:
   Buffers: shared hit=78 read=26
 Planning Time: 2.142 ms
 Execution Time: 2456.089 ms
(12 rows)

SET
SET
SET
SET
SET
                                             QUERY PLAN                                             
----------------------------------------------------------------------------------------------------
 Index Scan Backward using idx on public.t (actual rows=7048576.00 loops=1)
   Output: a, b
   Index Cond: ((t.a >= 7728) AND (t.a <= 7056303))
   Index Searches: 1
   Buffers: shared hit=7060937
 Settings: enable_bitmapscan = 'off', enable_seqscan = 'off', max_parallel_workers_per_gather = '0'
 Planning:
   Buffers: shared hit=109
 Planning Time: 0.232 ms
 Execution Time: 1041.665 ms
(10 rows)

