SET
SET
SET
SET
SET
                                                                         QUERY PLAN                                                                          
-------------------------------------------------------------------------------------------------------------------------------------------------------------
 Index Scan Backward using idx on public.t (actual rows=5048576.00 loops=1)
   Output: a, b
   Index Cond: ((t.a >= 4229) AND (t.a <= 5052804))
   Index Searches: 1
   Prefetch: distance=42.592 count=192047 stalls=4851602 skipped=4971 resets=0 ungets=355 forwarded=0
             histogram [2,4) => 156663, [4,8) => 1341, [8,16) => 26, [16,32) => 69, [32,64) => 266, [64,128) => 1094, [128,256) => 21287, [256,512) => 11301
   Buffers: shared hit=4964159 read=93243
 Settings: enable_bitmapscan = 'off', enable_seqscan = 'off', max_parallel_workers_per_gather = '0'
 Planning:
   Buffers: shared hit=78 read=26
 Planning Time: 2.146 ms
 Execution Time: 1790.043 ms
(12 rows)

SET
SET
SET
SET
SET
                                             QUERY PLAN                                             
----------------------------------------------------------------------------------------------------
 Index Scan Backward using idx on public.t (actual rows=5048576.00 loops=1)
   Output: a, b
   Index Cond: ((t.a >= 4229) AND (t.a <= 5052804))
   Index Searches: 1
   Buffers: shared hit=5057402
 Settings: enable_bitmapscan = 'off', enable_seqscan = 'off', max_parallel_workers_per_gather = '0'
 Planning:
   Buffers: shared hit=109
 Planning Time: 0.205 ms
 Execution Time: 739.522 ms
(10 rows)

