SET
SET
SET
SET
SET
                                                                        QUERY PLAN                                                                        
----------------------------------------------------------------------------------------------------------------------------------------------------------
 Index Scan Backward using idx on public.t (actual rows=1048576.00 loops=1)
   Output: a, b
   Index Cond: ((t.a >= 7006) AND (t.a <= 1055581))
   Index Searches: 1
   Prefetch: distance=116.805 count=63753 stalls=984240 skipped=1029 resets=0 ungets=542 forwarded=0
             histogram [2,4) => 31786, [4,8) => 291, [8,16) => 17, [16,32) => 61, [32,64) => 246, [64,128) => 736, [128,256) => 19548, [256,512) => 11068
   Buffers: shared hit=1030566 read=19852
 Settings: enable_bitmapscan = 'off', enable_seqscan = 'off', max_parallel_workers_per_gather = '0'
 Planning:
   Buffers: shared hit=78 read=26
 Planning Time: 2.141 ms
 Execution Time: 377.416 ms
(12 rows)

SET
SET
SET
SET
SET
                                             QUERY PLAN                                             
----------------------------------------------------------------------------------------------------
 Index Scan Backward using idx on public.t (actual rows=1048576.00 loops=1)
   Output: a, b
   Index Cond: ((t.a >= 7006) AND (t.a <= 1055581))
   Index Searches: 1
   Buffers: shared hit=1050418
 Settings: enable_bitmapscan = 'off', enable_seqscan = 'off', max_parallel_workers_per_gather = '0'
 Planning:
   Buffers: shared hit=109
 Planning Time: 0.195 ms
 Execution Time: 154.757 ms
(10 rows)

