SET
SET
SET
SET
SET
                                                                         QUERY PLAN                                                                          
-------------------------------------------------------------------------------------------------------------------------------------------------------------
 Index Scan Backward using idx on public.t (actual rows=4048576.00 loops=1)
   Output: a, b
   Index Cond: ((t.a >= 4496) AND (t.a <= 4053071))
   Index Searches: 1
   Prefetch: distance=50.886 count=160734 stalls=3884326 skipped=4005 resets=0 ungets=533 forwarded=0
             histogram [2,4) => 125437, [4,8) => 1064, [8,16) => 31, [16,32) => 57, [32,64) => 263, [64,128) => 1090, [128,256) => 21156, [256,512) => 11636
   Buffers: shared hit=3980744 read=74895
 Settings: enable_bitmapscan = 'off', enable_seqscan = 'off', max_parallel_workers_per_gather = '0'
 Planning:
   Buffers: shared hit=78 read=26
 Planning Time: 2.139 ms
 Execution Time: 1433.588 ms
(12 rows)

SET
SET
SET
SET
SET
                                             QUERY PLAN                                             
----------------------------------------------------------------------------------------------------
 Index Scan Backward using idx on public.t (actual rows=4048576.00 loops=1)
   Output: a, b
   Index Cond: ((t.a >= 4496) AND (t.a <= 4053071))
   Index Searches: 1
   Buffers: shared hit=4055639
 Settings: enable_bitmapscan = 'off', enable_seqscan = 'off', max_parallel_workers_per_gather = '0'
 Planning:
   Buffers: shared hit=109
 Planning Time: 0.216 ms
 Execution Time: 594.886 ms
(10 rows)

