SET
SET
SET
SET
SET
                                                                        QUERY PLAN                                                                         
-----------------------------------------------------------------------------------------------------------------------------------------------------------
 Index Scan Backward using idx on public.t (actual rows=6048576.00 loops=1)
   Output: a, b
   Index Cond: ((t.a >= 19240) AND (t.a <= 6067815))
   Index Searches: 1
   Prefetch: distance=23.187 count=209201 stalls=5833688 skipped=5908 resets=0 ungets=527 forwarded=1
             histogram [2,4) => 188375, [4,8) => 1580, [8,16) => 29, [16,32) => 61, [32,64) => 247, [64,128) => 699, [128,256) => 10517, [256,512) => 7693
   Buffers: shared hit=5947413 read=111787
 Settings: enable_bitmapscan = 'off', enable_seqscan = 'off', max_parallel_workers_per_gather = '0'
 Planning:
   Buffers: shared hit=78 read=26
 Planning Time: 2.206 ms
 Execution Time: 2151.490 ms
(12 rows)

SET
SET
SET
SET
SET
                                             QUERY PLAN                                             
----------------------------------------------------------------------------------------------------
 Index Scan Backward using idx on public.t (actual rows=6048576.00 loops=1)
   Output: a, b
   Index Cond: ((t.a >= 19240) AND (t.a <= 6067815))
   Index Searches: 1
   Buffers: shared hit=6059200
 Settings: enable_bitmapscan = 'off', enable_seqscan = 'off', max_parallel_workers_per_gather = '0'
 Planning:
   Buffers: shared hit=109
 Planning Time: 0.245 ms
 Execution Time: 890.565 ms
(10 rows)

