SET
SET
SET
SET
SET
                                                                       QUERY PLAN                                                                       
--------------------------------------------------------------------------------------------------------------------------------------------------------
 Index Scan Backward using idx on public.t (actual rows=1048576.00 loops=1)
   Output: a, b
   Index Cond: ((t.a >= 21068) AND (t.a <= 1069643))
   Index Searches: 1
   Prefetch: distance=83.137 count=49939 stalls=997850 skipped=1015 resets=0 ungets=536 forwarded=1
             histogram [2,4) => 32226, [4,8) => 298, [8,16) => 19, [16,32) => 70, [32,64) => 180, [64,128) => 471, [128,256) => 9427, [256,512) => 7248
   Buffers: shared hit=1030412 read=20020
 Settings: enable_bitmapscan = 'off', enable_seqscan = 'off', max_parallel_workers_per_gather = '0'
 Planning:
   Buffers: shared hit=78 read=26
 Planning Time: 2.164 ms
 Execution Time: 387.210 ms
(12 rows)

SET
SET
SET
SET
SET
                                             QUERY PLAN                                             
----------------------------------------------------------------------------------------------------
 Index Scan Backward using idx on public.t (actual rows=1048576.00 loops=1)
   Output: a, b
   Index Cond: ((t.a >= 21068) AND (t.a <= 1069643))
   Index Searches: 1
   Buffers: shared hit=1050432
 Settings: enable_bitmapscan = 'off', enable_seqscan = 'off', max_parallel_workers_per_gather = '0'
 Planning:
   Buffers: shared hit=109
 Planning Time: 0.195 ms
 Execution Time: 156.669 ms
(10 rows)

