SET
SET
SET
SET
SET
                                                                  QUERY PLAN                                                                  
----------------------------------------------------------------------------------------------------------------------------------------------
 Index Scan Backward using idx on public.t (actual rows=8192.00 loops=1)
   Output: a, b
   Index Cond: ((t.a >= 28603) AND (t.a <= 36794))
   Index Searches: 1
   Prefetch: distance=253.183 count=8854 stalls=1 skipped=10 resets=0 ungets=766 forwarded=0
             histogram [2,4) => 2, [4,8) => 5, [8,16) => 10, [16,32) => 6, [32,64) => 2, [64,128) => 13, [128,256) => 3208, [256,512) => 5608
   Buffers: shared hit=7216 read=995
 Settings: enable_bitmapscan = 'off', enable_seqscan = 'off', max_parallel_workers_per_gather = '0'
 Planning:
   Buffers: shared hit=82 read=26
 Planning Time: 2.189 ms
 Execution Time: 14.752 ms
(12 rows)

SET
SET
SET
SET
SET
                                             QUERY PLAN                                             
----------------------------------------------------------------------------------------------------
 Index Scan Backward using idx on public.t (actual rows=8192.00 loops=1)
   Output: a, b
   Index Cond: ((t.a >= 28603) AND (t.a <= 36794))
   Index Searches: 1
   Buffers: shared hit=8211
 Settings: enable_bitmapscan = 'off', enable_seqscan = 'off', max_parallel_workers_per_gather = '0'
 Planning:
   Buffers: shared hit=113
 Planning Time: 0.178 ms
 Execution Time: 1.281 ms
(10 rows)

