SET
SET
SET
SET
SET
                                                                        QUERY PLAN                                                                         
-----------------------------------------------------------------------------------------------------------------------------------------------------------
 Index Scan Backward using idx on public.t (actual rows=524288.00 loops=1)
   Output: a, b
   Index Cond: ((t.a >= 1499) AND (t.a <= 525786))
   Index Searches: 1
   Prefetch: distance=163.936 count=52405 stalls=471671 skipped=534 resets=0 ungets=435 forwarded=0
             histogram [2,4) => 15234, [4,8) => 144, [8,16) => 17, [16,32) => 61, [32,64) => 263, [64,128) => 1133, [128,256) => 23348, [256,512) => 12205
   Buffers: shared hit=515049 read=10143
 Settings: enable_bitmapscan = 'off', enable_seqscan = 'off', max_parallel_workers_per_gather = '0'
 Planning:
   Buffers: shared hit=78 read=26
 Planning Time: 2.146 ms
 Execution Time: 202.167 ms
(12 rows)

SET
SET
SET
SET
SET
                                             QUERY PLAN                                             
----------------------------------------------------------------------------------------------------
 Index Scan Backward using idx on public.t (actual rows=524288.00 loops=1)
   Output: a, b
   Index Cond: ((t.a >= 1499) AND (t.a <= 525786))
   Index Searches: 1
   Buffers: shared hit=525192
 Settings: enable_bitmapscan = 'off', enable_seqscan = 'off', max_parallel_workers_per_gather = '0'
 Planning:
   Buffers: shared hit=109
 Planning Time: 0.181 ms
 Execution Time: 76.666 ms
(10 rows)

