SET
SET
SET
SET
SET
                                                                      QUERY PLAN                                                                      
------------------------------------------------------------------------------------------------------------------------------------------------------
 Index Scan Backward using idx on public.t (actual rows=32768.00 loops=1)
   Output: a, b
   Index Cond: ((t.a >= 6096) AND (t.a <= 38863))
   Index Searches: 1
   Prefetch: distance=232.744 count=32271 stalls=550 skipped=49 resets=0 ungets=376 forwarded=0
             histogram [2,4) => 28, [4,8) => 13, [8,16) => 17, [16,32) => 68, [32,64) => 251, [64,128) => 737, [128,256) => 20013, [256,512) => 11144
   Buffers: shared hit=31620 read=1194
 Settings: enable_bitmapscan = 'off', enable_seqscan = 'off', max_parallel_workers_per_gather = '0'
 Planning:
   Buffers: shared hit=82 read=26
 Planning Time: 2.157 ms
 Execution Time: 28.022 ms
(12 rows)

SET
SET
SET
SET
SET
                                             QUERY PLAN                                             
----------------------------------------------------------------------------------------------------
 Index Scan Backward using idx on public.t (actual rows=32768.00 loops=1)
   Output: a, b
   Index Cond: ((t.a >= 6096) AND (t.a <= 38863))
   Index Searches: 1
   Buffers: shared hit=32814
 Settings: enable_bitmapscan = 'off', enable_seqscan = 'off', max_parallel_workers_per_gather = '0'
 Planning:
   Buffers: shared hit=113
 Planning Time: 0.191 ms
 Execution Time: 5.527 ms
(10 rows)

