SET
SET
SET
SET
SET
                                                                       QUERY PLAN                                                                        
---------------------------------------------------------------------------------------------------------------------------------------------------------
 Index Scan Backward using idx on public.t (actual rows=262144.00 loops=1)
   Output: a, b
   Index Cond: ((t.a >= 2382) AND (t.a <= 264525))
   Index Searches: 1
   Prefetch: distance=192.493 count=42985 stalls=218878 skipped=280 resets=0 ungets=327 forwarded=0
             histogram [2,4) => 7082, [4,8) => 70, [8,16) => 19, [16,32) => 63, [32,64) => 290, [64,128) => 1121, [128,256) => 22746, [256,512) => 11594
   Buffers: shared hit=257234 read=5351
 Settings: enable_bitmapscan = 'off', enable_seqscan = 'off', max_parallel_workers_per_gather = '0'
 Planning:
   Buffers: shared hit=78 read=26
 Planning Time: 2.142 ms
 Execution Time: 108.397 ms
(12 rows)

SET
SET
SET
SET
SET
                                             QUERY PLAN                                             
----------------------------------------------------------------------------------------------------
 Index Scan Backward using idx on public.t (actual rows=262144.00 loops=1)
   Output: a, b
   Index Cond: ((t.a >= 2382) AND (t.a <= 264525))
   Index Searches: 1
   Buffers: shared hit=262585
 Settings: enable_bitmapscan = 'off', enable_seqscan = 'off', max_parallel_workers_per_gather = '0'
 Planning:
   Buffers: shared hit=109
 Planning Time: 0.192 ms
 Execution Time: 36.009 ms
(10 rows)

