SET
SET
SET
SET
SET
                                                                        QUERY PLAN                                                                         
-----------------------------------------------------------------------------------------------------------------------------------------------------------
 Index Scan Backward using idx on public.t (actual rows=2048576.00 loops=1)
   Output: a, b
   Index Cond: ((t.a >= 4417) AND (t.a <= 2052992))
   Index Searches: 1
   Prefetch: distance=82.251 count=97647 stalls=1949295 skipped=1983 resets=0 ungets=472 forwarded=0
             histogram [2,4) => 62934, [4,8) => 541, [8,16) => 31, [16,32) => 59, [32,64) => 263, [64,128) => 1090, [128,256) => 21162, [256,512) => 11567
   Buffers: shared hit=2014025 read=38170
 Settings: enable_bitmapscan = 'off', enable_seqscan = 'off', max_parallel_workers_per_gather = '0'
 Planning:
   Buffers: shared hit=78 read=26
 Planning Time: 2.147 ms
 Execution Time: 737.195 ms
(12 rows)

SET
SET
SET
SET
SET
                                             QUERY PLAN                                             
----------------------------------------------------------------------------------------------------
 Index Scan Backward using idx on public.t (actual rows=2048576.00 loops=1)
   Output: a, b
   Index Cond: ((t.a >= 4417) AND (t.a <= 2052992))
   Index Searches: 1
   Buffers: shared hit=2052195
 Settings: enable_bitmapscan = 'off', enable_seqscan = 'off', max_parallel_workers_per_gather = '0'
 Planning:
   Buffers: shared hit=109
 Planning Time: 0.212 ms
 Execution Time: 307.110 ms
(10 rows)

