SET
SET
SET
SET
SET
                                                                   QUERY PLAN                                                                   
------------------------------------------------------------------------------------------------------------------------------------------------
 Index Scan Backward using idx on public.t (actual rows=16384.00 loops=1)
   Output: a, b
   Index Cond: ((t.a >= 21536) AND (t.a <= 37919))
   Index Searches: 1
   Prefetch: distance=240.426 count=16784 stalls=1 skipped=20 resets=0 ungets=627 forwarded=1
             histogram [2,4) => 2, [4,8) => 7, [8,16) => 6, [16,32) => 10, [32,64) => 67, [64,128) => 188, [128,256) => 9083, [256,512) => 7421
   Buffers: shared hit=15337 read=1078
 Settings: enable_bitmapscan = 'off', enable_seqscan = 'off', max_parallel_workers_per_gather = '0'
 Planning:
   Buffers: shared hit=82 read=26
 Planning Time: 2.175 ms
 Execution Time: 23.832 ms
(12 rows)

SET
SET
SET
SET
SET
                                             QUERY PLAN                                             
----------------------------------------------------------------------------------------------------
 Index Scan Backward using idx on public.t (actual rows=16384.00 loops=1)
   Output: a, b
   Index Cond: ((t.a >= 21536) AND (t.a <= 37919))
   Index Searches: 1
   Buffers: shared hit=16415
 Settings: enable_bitmapscan = 'off', enable_seqscan = 'off', max_parallel_workers_per_gather = '0'
 Planning:
   Buffers: shared hit=113
 Planning Time: 0.207 ms
 Execution Time: 3.310 ms
(10 rows)

