SET
SET
SET
SET
SET
                                                                        QUERY PLAN                                                                        
----------------------------------------------------------------------------------------------------------------------------------------------------------
 Index Scan Backward using idx on public.t (actual rows=7048576.00 loops=1)
   Output: a, b
   Index Cond: ((t.a >= 21560) AND (t.a <= 7070135))
   Index Searches: 1
   Prefetch: distance=18.883 count=238697 stalls=6803423 skipped=6907 resets=0 ungets=633 forwarded=1
             histogram [2,4) => 219697, [4,8) => 1841, [8,16) => 26, [16,32) => 61, [32,64) => 177, [64,128) => 384, [128,256) => 9104, [256,512) => 7407
   Buffers: shared hit=6930759 read=130174
 Settings: enable_bitmapscan = 'off', enable_seqscan = 'off', max_parallel_workers_per_gather = '0'
 Planning:
   Buffers: shared hit=78 read=26
 Planning Time: 2.293 ms
 Execution Time: 2487.997 ms
(12 rows)

SET
SET
SET
SET
SET
                                             QUERY PLAN                                             
----------------------------------------------------------------------------------------------------
 Index Scan Backward using idx on public.t (actual rows=7048576.00 loops=1)
   Output: a, b
   Index Cond: ((t.a >= 21560) AND (t.a <= 7070135))
   Index Searches: 1
   Buffers: shared hit=7060933
 Settings: enable_bitmapscan = 'off', enable_seqscan = 'off', max_parallel_workers_per_gather = '0'
 Planning:
   Buffers: shared hit=109
 Planning Time: 0.221 ms
 Execution Time: 1030.662 ms
(10 rows)

