SET
SET
SET
SET
SET
                                                                        QUERY PLAN                                                                         
-----------------------------------------------------------------------------------------------------------------------------------------------------------
 Index Scan Backward using idx on public.t (actual rows=4048576.00 loops=1)
   Output: a, b
   Index Cond: ((t.a >= 32231) AND (t.a <= 4080806))
   Index Searches: 1
   Prefetch: distance=37.451 count=149259 stalls=3895980 skipped=3986 resets=0 ungets=774 forwarded=0
             histogram [2,4) => 125823, [4,8) => 1066, [8,16) => 30, [16,32) => 26, [32,64) => 110, [64,128) => 390, [128,256) => 12319, [256,512) => 9495
   Buffers: shared hit=3980456 read=75202
 Settings: enable_bitmapscan = 'off', enable_seqscan = 'off', max_parallel_workers_per_gather = '0'
 Planning:
   Buffers: shared hit=78 read=26
 Planning Time: 2.137 ms
 Execution Time: 1428.553 ms
(12 rows)

SET
SET
SET
SET
SET
                                             QUERY PLAN                                             
----------------------------------------------------------------------------------------------------
 Index Scan Backward using idx on public.t (actual rows=4048576.00 loops=1)
   Output: a, b
   Index Cond: ((t.a >= 32231) AND (t.a <= 4080806))
   Index Searches: 1
   Buffers: shared hit=4055658
 Settings: enable_bitmapscan = 'off', enable_seqscan = 'off', max_parallel_workers_per_gather = '0'
 Planning:
   Buffers: shared hit=109
 Planning Time: 0.214 ms
 Execution Time: 596.805 ms
(10 rows)

