SET
SET
SET
SET
SET
                                                                        QUERY PLAN                                                                         
-----------------------------------------------------------------------------------------------------------------------------------------------------------
 Index Scan Backward using idx on public.t (actual rows=6048576.00 loops=1)
   Output: a, b
   Index Cond: ((t.a >= 11734) AND (t.a <= 6060309))
   Index Searches: 1
   Prefetch: distance=30.786 count=216662 stalls=5826422 skipped=5913 resets=0 ungets=547 forwarded=1
             histogram [2,4) => 188137, [4,8) => 1580, [8,16) => 25, [16,32) => 67, [32,64) => 247, [64,128) => 728, [128,256) => 15972, [256,512) => 9906
   Buffers: shared hit=5947497 read=111698
 Settings: enable_bitmapscan = 'off', enable_seqscan = 'off', max_parallel_workers_per_gather = '0'
 Planning:
   Buffers: shared hit=78 read=26
 Planning Time: 2.190 ms
 Execution Time: 2173.217 ms
(12 rows)

SET
SET
SET
SET
SET
                                             QUERY PLAN                                             
----------------------------------------------------------------------------------------------------
 Index Scan Backward using idx on public.t (actual rows=6048576.00 loops=1)
   Output: a, b
   Index Cond: ((t.a >= 11734) AND (t.a <= 6060309))
   Index Searches: 1
   Buffers: shared hit=6059195
 Settings: enable_bitmapscan = 'off', enable_seqscan = 'off', max_parallel_workers_per_gather = '0'
 Planning:
   Buffers: shared hit=109
 Planning Time: 0.239 ms
 Execution Time: 881.200 ms
(10 rows)

