SET
SET
SET
SET
SET
                                                                         QUERY PLAN                                                                          
-------------------------------------------------------------------------------------------------------------------------------------------------------------
 Index Scan Backward using idx on public.t (actual rows=8048576.00 loops=1)
   Output: a, b
   Index Cond: ((t.a >= 2184) AND (t.a <= 8050759))
   Index Searches: 1
   Prefetch: distance=30.795 count=288710 stalls=7752254 skipped=7877 resets=0 ungets=425 forwarded=0
             histogram [2,4) => 250327, [4,8) => 2077, [8,16) => 27, [16,32) => 65, [32,64) => 272, [64,128) => 1127, [128,256) => 22903, [256,512) => 11912
   Buffers: shared hit=7914414 read=148282
 Settings: enable_bitmapscan = 'off', enable_seqscan = 'off', max_parallel_workers_per_gather = '0'
 Planning:
   Buffers: shared hit=78 read=26
 Planning Time: 2.160 ms
 Execution Time: 2860.886 ms
(12 rows)

SET
SET
SET
SET
SET
                                             QUERY PLAN                                             
----------------------------------------------------------------------------------------------------
 Index Scan Backward using idx on public.t (actual rows=8048576.00 loops=1)
   Output: a, b
   Index Cond: ((t.a >= 2184) AND (t.a <= 8050759))
   Index Searches: 1
   Buffers: shared hit=8062696
 Settings: enable_bitmapscan = 'off', enable_seqscan = 'off', max_parallel_workers_per_gather = '0'
 Planning:
   Buffers: shared hit=109
 Planning Time: 0.228 ms
 Execution Time: 1197.383 ms
(10 rows)

