SET
SET
SET
SET
SET
                                                                  QUERY PLAN                                                                  
----------------------------------------------------------------------------------------------------------------------------------------------
 Index Scan Backward using idx on public.t (actual rows=4096.00 loops=1)
   Output: a, b
   Index Cond: ((t.a >= 1876) AND (t.a <= 5971))
   Index Searches: 1
   Prefetch: distance=255.961 count=4414 stalls=4 skipped=15 resets=0 ungets=439 forwarded=0
             histogram [2,4) => 4, [4,8) => 3, [8,16) => 10, [16,32) => 8, [32,64) => 3, [64,128) => 41, [128,256) => 1053, [256,512) => 3292
   Buffers: shared hit=3499 read=599
 Settings: enable_bitmapscan = 'off', enable_seqscan = 'off', max_parallel_workers_per_gather = '0'
 Planning:
   Buffers: shared hit=82 read=26
 Planning Time: 2.164 ms
 Execution Time: 10.836 ms
(12 rows)

SET
SET
SET
SET
SET
                                             QUERY PLAN                                             
----------------------------------------------------------------------------------------------------
 Index Scan Backward using idx on public.t (actual rows=4096.00 loops=1)
   Output: a, b
   Index Cond: ((t.a >= 1876) AND (t.a <= 5971))
   Index Searches: 1
   Buffers: shared hit=4098
 Settings: enable_bitmapscan = 'off', enable_seqscan = 'off', max_parallel_workers_per_gather = '0'
 Planning:
   Buffers: shared hit=113
 Planning Time: 0.174 ms
 Execution Time: 0.602 ms
(10 rows)

