SET
SET
SET
SET
SET
                                                                     QUERY PLAN                                                                      
-----------------------------------------------------------------------------------------------------------------------------------------------------
 Index Scan Backward using idx on public.t (actual rows=32768.00 loops=1)
   Output: a, b
   Index Cond: ((t.a >= 17224) AND (t.a <= 49991))
   Index Searches: 1
   Prefetch: distance=228.998 count=21916 stalls=11320 skipped=37 resets=0 ungets=631 forwarded=0
             histogram [2,4) => 378, [4,8) => 9, [8,16) => 15, [16,32) => 63, [32,64) => 245, [64,128) => 727, [128,256) => 11985, [256,512) => 8494
   Buffers: shared hit=31496 read=1331
 Settings: enable_bitmapscan = 'off', enable_seqscan = 'off', max_parallel_workers_per_gather = '0'
 Planning:
   Buffers: shared hit=82 read=26
 Planning Time: 2.134 ms
 Execution Time: 25.290 ms
(12 rows)

SET
SET
SET
SET
SET
                                             QUERY PLAN                                             
----------------------------------------------------------------------------------------------------
 Index Scan Backward using idx on public.t (actual rows=32768.00 loops=1)
   Output: a, b
   Index Cond: ((t.a >= 17224) AND (t.a <= 49991))
   Index Searches: 1
   Buffers: shared hit=32827
 Settings: enable_bitmapscan = 'off', enable_seqscan = 'off', max_parallel_workers_per_gather = '0'
 Planning:
   Buffers: shared hit=113
 Planning Time: 0.187 ms
 Execution Time: 5.460 ms
(10 rows)

