SET
SET
SET
SET
SET
                                                               QUERY PLAN                                                                
-----------------------------------------------------------------------------------------------------------------------------------------
 Index Scan Backward using idx on public.t (actual rows=1024.00 loops=1)
   Output: a, b
   Index Cond: ((t.a >= 15215) AND (t.a <= 16238))
   Index Searches: 1
   Prefetch: distance=259.395 count=985 stalls=2 skipped=0 resets=0 ungets=268 forwarded=0
             histogram [2,4) => 4, [4,8) => 6, [8,16) => 9, [16,32) => 16, [32,64) => 5, [64,128) => 6, [128,256) => 2, [256,512) => 937
   Buffers: shared hit=500 read=532
 Settings: enable_bitmapscan = 'off', enable_seqscan = 'off', max_parallel_workers_per_gather = '0'
 Planning:
   Buffers: shared hit=82 read=26
 Planning Time: 2.177 ms
 Execution Time: 19.302 ms
(12 rows)

SET
SET
SET
SET
SET
                                             QUERY PLAN                                             
----------------------------------------------------------------------------------------------------
 Index Scan Backward using idx on public.t (actual rows=1024.00 loops=1)
   Output: a, b
   Index Cond: ((t.a >= 15215) AND (t.a <= 16238))
   Index Searches: 1
   Buffers: shared hit=1032
 Settings: enable_bitmapscan = 'off', enable_seqscan = 'off', max_parallel_workers_per_gather = '0'
 Planning:
   Buffers: shared hit=113
 Planning Time: 0.177 ms
 Execution Time: 0.343 ms
(10 rows)

