SET
SET
SET
SET
SET
                                                                 QUERY PLAN                                                                 
--------------------------------------------------------------------------------------------------------------------------------------------
 Index Scan Backward using idx on public.t (actual rows=8192.00 loops=1)
   Output: a, b
   Index Cond: ((t.a >= 8443) AND (t.a <= 16634))
   Index Searches: 1
   Prefetch: distance=251.442 count=8548 stalls=1 skipped=16 resets=0 ungets=496 forwarded=0
             histogram [2,4) => 6, [4,8) => 6, [8,16) => 6, [16,32) => 9, [32,64) => 5, [64,128) => 2, [128,256) => 3466, [256,512) => 5048
   Buffers: shared hit=7432 read=772
 Settings: enable_bitmapscan = 'off', enable_seqscan = 'off', max_parallel_workers_per_gather = '0'
 Planning:
   Buffers: shared hit=82 read=26
 Planning Time: 2.165 ms
 Execution Time: 14.924 ms
(12 rows)

SET
SET
SET
SET
SET
                                             QUERY PLAN                                             
----------------------------------------------------------------------------------------------------
 Index Scan Backward using idx on public.t (actual rows=8192.00 loops=1)
   Output: a, b
   Index Cond: ((t.a >= 8443) AND (t.a <= 16634))
   Index Searches: 1
   Buffers: shared hit=8204
 Settings: enable_bitmapscan = 'off', enable_seqscan = 'off', max_parallel_workers_per_gather = '0'
 Planning:
   Buffers: shared hit=113
 Planning Time: 0.182 ms
 Execution Time: 1.822 ms
(10 rows)

