SET
SET
SET
SET
SET
                                                                       QUERY PLAN                                                                        
---------------------------------------------------------------------------------------------------------------------------------------------------------
 Index Scan Backward using idx on public.t (actual rows=1048576.00 loops=1)
   Output: a, b
   Index Cond: ((t.a >= 15787) AND (t.a <= 1064362))
   Index Searches: 1
   Prefetch: distance=98.206 count=55338 stalls=992748 skipped=1015 resets=0 ungets=624 forwarded=1
             histogram [2,4) => 32052, [4,8) => 292, [8,16) => 18, [16,32) => 59, [32,64) => 245, [64,128) => 728, [128,256) => 12974, [256,512) => 8970
   Buffers: shared hit=1030472 read=19960
 Settings: enable_bitmapscan = 'off', enable_seqscan = 'off', max_parallel_workers_per_gather = '0'
 Planning:
   Buffers: shared hit=78 read=26
 Planning Time: 2.180 ms
 Execution Time: 384.628 ms
(12 rows)

SET
SET
SET
SET
SET
                                             QUERY PLAN                                             
----------------------------------------------------------------------------------------------------
 Index Scan Backward using idx on public.t (actual rows=1048576.00 loops=1)
   Output: a, b
   Index Cond: ((t.a >= 15787) AND (t.a <= 1064362))
   Index Searches: 1
   Buffers: shared hit=1050432
 Settings: enable_bitmapscan = 'off', enable_seqscan = 'off', max_parallel_workers_per_gather = '0'
 Planning:
   Buffers: shared hit=109
 Planning Time: 0.194 ms
 Execution Time: 161.935 ms
(10 rows)

