SET
SET
SET
SET
SET
                                                                       QUERY PLAN                                                                       
--------------------------------------------------------------------------------------------------------------------------------------------------------
 Index Scan Backward using idx on public.t (actual rows=262144.00 loops=1)
   Output: a, b
   Index Cond: ((t.a >= 6528) AND (t.a <= 268671))
   Index Searches: 1
   Prefetch: distance=190.244 count=39205 stalls=222895 skipped=271 resets=0 ungets=435 forwarded=0
             histogram [2,4) => 7206, [4,8) => 69, [8,16) => 17, [16,32) => 60, [32,64) => 245, [64,128) => 738, [128,256) => 19712, [256,512) => 11158
   Buffers: shared hit=257184 read=5410
 Settings: enable_bitmapscan = 'off', enable_seqscan = 'off', max_parallel_workers_per_gather = '0'
 Planning:
   Buffers: shared hit=78 read=26
 Planning Time: 2.155 ms
 Execution Time: 106.202 ms
(12 rows)

SET
SET
SET
SET
SET
                                             QUERY PLAN                                             
----------------------------------------------------------------------------------------------------
 Index Scan Backward using idx on public.t (actual rows=262144.00 loops=1)
   Output: a, b
   Index Cond: ((t.a >= 6528) AND (t.a <= 268671))
   Index Searches: 1
   Buffers: shared hit=262594
 Settings: enable_bitmapscan = 'off', enable_seqscan = 'off', max_parallel_workers_per_gather = '0'
 Planning:
   Buffers: shared hit=109
 Planning Time: 0.183 ms
 Execution Time: 36.038 ms
(10 rows)

