SET
SET
SET
SET
SET
                                                                         QUERY PLAN                                                                          
-------------------------------------------------------------------------------------------------------------------------------------------------------------
 Index Scan Backward using idx on public.t (actual rows=4048576.00 loops=1)
   Output: a, b
   Index Cond: ((t.a >= 5216) AND (t.a <= 4053791))
   Index Searches: 1
   Prefetch: distance=50.040 count=160044 stalls=3885029 skipped=4003 resets=0 ungets=556 forwarded=1
             histogram [2,4) => 125455, [4,8) => 1067, [8,16) => 28, [16,32) => 58, [32,64) => 263, [64,128) => 1090, [128,256) => 20551, [256,512) => 11532
   Buffers: shared hit=3980737 read=74904
 Settings: enable_bitmapscan = 'off', enable_seqscan = 'off', max_parallel_workers_per_gather = '0'
 Planning:
   Buffers: shared hit=78 read=26
 Planning Time: 2.175 ms
 Execution Time: 1430.922 ms
(12 rows)

SET
SET
SET
SET
SET
                                             QUERY PLAN                                             
----------------------------------------------------------------------------------------------------
 Index Scan Backward using idx on public.t (actual rows=4048576.00 loops=1)
   Output: a, b
   Index Cond: ((t.a >= 5216) AND (t.a <= 4053791))
   Index Searches: 1
   Buffers: shared hit=4055641
 Settings: enable_bitmapscan = 'off', enable_seqscan = 'off', max_parallel_workers_per_gather = '0'
 Planning:
   Buffers: shared hit=109
 Planning Time: 0.214 ms
 Execution Time: 594.425 ms
(10 rows)

