SET
SET
SET
SET
SET
                                                                       QUERY PLAN                                                                       
--------------------------------------------------------------------------------------------------------------------------------------------------------
 Index Scan Backward using idx on public.t (actual rows=65536.00 loops=1)
   Output: a, b
   Index Cond: ((t.a >= 8724) AND (t.a <= 74259))
   Index Searches: 1
   Prefetch: distance=224.961 count=30897 stalls=34801 skipped=85 resets=0 ungets=455 forwarded=0
             histogram [2,4) => 1118, [4,8) => 16, [8,16) => 18, [16,32) => 61, [32,64) => 254, [64,128) => 729, [128,256) => 18059, [256,512) => 10642
   Buffers: shared hit=63813 read=1822
 Settings: enable_bitmapscan = 'off', enable_seqscan = 'off', max_parallel_workers_per_gather = '0'
 Planning:
   Buffers: shared hit=82 read=26
 Planning Time: 2.148 ms
 Execution Time: 41.183 ms
(12 rows)

SET
SET
SET
SET
SET
                                             QUERY PLAN                                             
----------------------------------------------------------------------------------------------------
 Index Scan Backward using idx on public.t (actual rows=65536.00 loops=1)
   Output: a, b
   Index Cond: ((t.a >= 8724) AND (t.a <= 74259))
   Index Searches: 1
   Buffers: shared hit=65635
 Settings: enable_bitmapscan = 'off', enable_seqscan = 'off', max_parallel_workers_per_gather = '0'
 Planning:
   Buffers: shared hit=113
 Planning Time: 0.186 ms
 Execution Time: 6.715 ms
(10 rows)

