SET
SET
SET
SET
SET
                                                                       QUERY PLAN                                                                        
---------------------------------------------------------------------------------------------------------------------------------------------------------
 Index Scan Backward using idx on public.t (actual rows=3048576.00 loops=1)
   Output: a, b
   Index Cond: ((t.a >= 19753) AND (t.a <= 3068328))
   Index Searches: 1
   Prefetch: distance=40.288 count=114471 stalls=2931594 skipped=2998 resets=0 ungets=646 forwarded=1
             histogram [2,4) => 94653, [4,8) => 817, [8,16) => 25, [16,32) => 63, [32,64) => 210, [64,128) => 735, [128,256) => 10210, [256,512) => 7758
   Buffers: shared hit=2997194 read=56720
 Settings: enable_bitmapscan = 'off', enable_seqscan = 'off', max_parallel_workers_per_gather = '0'
 Planning:
   Buffers: shared hit=78 read=26
 Planning Time: 2.143 ms
 Execution Time: 1088.615 ms
(12 rows)

SET
SET
SET
SET
SET
                                             QUERY PLAN                                             
----------------------------------------------------------------------------------------------------
 Index Scan Backward using idx on public.t (actual rows=3048576.00 loops=1)
   Output: a, b
   Index Cond: ((t.a >= 19753) AND (t.a <= 3068328))
   Index Searches: 1
   Buffers: shared hit=3053914
 Settings: enable_bitmapscan = 'off', enable_seqscan = 'off', max_parallel_workers_per_gather = '0'
 Planning:
   Buffers: shared hit=109
 Planning Time: 0.207 ms
 Execution Time: 447.350 ms
(10 rows)

