SET
SET
SET
SET
SET
                                                                         QUERY PLAN                                                                         
------------------------------------------------------------------------------------------------------------------------------------------------------------
 Index Scan Backward using idx on public.t (actual rows=6048576.00 loops=1)
   Output: a, b
   Index Cond: ((t.a >= 5421) AND (t.a <= 6053996))
   Index Searches: 1
   Prefetch: distance=36.317 count=222555 stalls=5820305 skipped=5919 resets=0 ungets=420 forwarded=1
             histogram [2,4) => 187957, [4,8) => 1576, [8,16) => 25, [16,32) => 66, [32,64) => 248, [64,128) => 738, [128,256) => 20534, [256,512) => 11411
   Buffers: shared hit=5947565 read=111622
 Settings: enable_bitmapscan = 'off', enable_seqscan = 'off', max_parallel_workers_per_gather = '0'
 Planning:
   Buffers: shared hit=78 read=26
 Planning Time: 2.139 ms
 Execution Time: 2140.932 ms
(12 rows)

SET
SET
SET
SET
SET
                                             QUERY PLAN                                             
----------------------------------------------------------------------------------------------------
 Index Scan Backward using idx on public.t (actual rows=6048576.00 loops=1)
   Output: a, b
   Index Cond: ((t.a >= 5421) AND (t.a <= 6053996))
   Index Searches: 1
   Buffers: shared hit=6059187
 Settings: enable_bitmapscan = 'off', enable_seqscan = 'off', max_parallel_workers_per_gather = '0'
 Planning:
   Buffers: shared hit=109
 Planning Time: 0.226 ms
 Execution Time: 880.929 ms
(10 rows)

