SET
SET
SET
SET
SET
                                                                      QUERY PLAN                                                                       
-------------------------------------------------------------------------------------------------------------------------------------------------------
 Index Scan Backward using idx on public.t (actual rows=131072.00 loops=1)
   Output: a, b
   Index Cond: ((t.a >= 12819) AND (t.a <= 143890))
   Index Searches: 1
   Prefetch: distance=206.837 count=29197 stalls=102173 skipped=134 resets=0 ungets=571 forwarded=0
             histogram [2,4) => 3296, [4,8) => 42, [8,16) => 13, [16,32) => 61, [32,64) => 249, [64,128) => 728, [128,256) => 15325, [256,512) => 9483
   Buffers: shared hit=128221 read=3081
 Settings: enable_bitmapscan = 'off', enable_seqscan = 'off', max_parallel_workers_per_gather = '0'
 Planning:
   Buffers: shared hit=78 read=26
 Planning Time: 2.171 ms
 Execution Time: 61.989 ms
(12 rows)

SET
SET
SET
SET
SET
                                             QUERY PLAN                                             
----------------------------------------------------------------------------------------------------
 Index Scan Backward using idx on public.t (actual rows=131072.00 loops=1)
   Output: a, b
   Index Cond: ((t.a >= 12819) AND (t.a <= 143890))
   Index Searches: 1
   Buffers: shared hit=131302
 Settings: enable_bitmapscan = 'off', enable_seqscan = 'off', max_parallel_workers_per_gather = '0'
 Planning:
   Buffers: shared hit=109
 Planning Time: 0.177 ms
 Execution Time: 14.621 ms
(10 rows)

