SET
SET
SET
SET
SET
                                                                         QUERY PLAN                                                                          
-------------------------------------------------------------------------------------------------------------------------------------------------------------
 Index Scan Backward using idx on public.t (actual rows=5048576.00 loops=1)
   Output: a, b
   Index Cond: ((t.a >= 3985) AND (t.a <= 5052560))
   Index Searches: 1
   Prefetch: distance=43.039 count=192465 stalls=4851362 skipped=4974 resets=0 ungets=414 forwarded=0
             histogram [2,4) => 156655, [4,8) => 1338, [8,16) => 28, [16,32) => 68, [32,64) => 272, [64,128) => 1090, [128,256) => 21479, [256,512) => 11535
   Buffers: shared hit=4964161 read=93240
 Settings: enable_bitmapscan = 'off', enable_seqscan = 'off', max_parallel_workers_per_gather = '0'
 Planning:
   Buffers: shared hit=78 read=26
 Planning Time: 2.130 ms
 Execution Time: 1791.724 ms
(12 rows)

SET
SET
SET
SET
SET
                                             QUERY PLAN                                             
----------------------------------------------------------------------------------------------------
 Index Scan Backward using idx on public.t (actual rows=5048576.00 loops=1)
   Output: a, b
   Index Cond: ((t.a >= 3985) AND (t.a <= 5052560))
   Index Searches: 1
   Buffers: shared hit=5057401
 Settings: enable_bitmapscan = 'off', enable_seqscan = 'off', max_parallel_workers_per_gather = '0'
 Planning:
   Buffers: shared hit=109
 Planning Time: 0.214 ms
 Execution Time: 736.324 ms
(10 rows)

