SET
SET
SET
SET
SET
                                                                       QUERY PLAN                                                                       
--------------------------------------------------------------------------------------------------------------------------------------------------------
 Index Scan Backward using idx on public.t (actual rows=524288.00 loops=1)
   Output: a, b
   Index Cond: ((t.a >= 27403) AND (t.a <= 551690))
   Index Searches: 1
   Prefetch: distance=100.368 count=27532 stalls=496719 skipped=516 resets=0 ungets=674 forwarded=1
             histogram [2,4) => 16050, [4,8) => 146, [8,16) => 13, [16,32) => 61, [32,64) => 178, [64,128) => 299, [128,256) => 4880, [256,512) => 5905
   Buffers: shared hit=514751 read=10458
 Settings: enable_bitmapscan = 'off', enable_seqscan = 'off', max_parallel_workers_per_gather = '0'
 Planning:
   Buffers: shared hit=78 read=26
 Planning Time: 2.149 ms
 Execution Time: 201.910 ms
(12 rows)

SET
SET
SET
SET
SET
                                             QUERY PLAN                                             
----------------------------------------------------------------------------------------------------
 Index Scan Backward using idx on public.t (actual rows=524288.00 loops=1)
   Output: a, b
   Index Cond: ((t.a >= 27403) AND (t.a <= 551690))
   Index Searches: 1
   Buffers: shared hit=525209
 Settings: enable_bitmapscan = 'off', enable_seqscan = 'off', max_parallel_workers_per_gather = '0'
 Planning:
   Buffers: shared hit=109
 Planning Time: 0.228 ms
 Execution Time: 83.205 ms
(10 rows)

