SET
SET
SET
SET
SET
                                                                        QUERY PLAN                                                                        
----------------------------------------------------------------------------------------------------------------------------------------------------------
 Index Scan Backward using idx on public.t (actual rows=9048576.00 loops=1)
   Output: a, b
   Index Cond: ((t.a >= 22099) AND (t.a <= 9070674))
   Index Searches: 1
   Prefetch: distance=15.254 count=301506 stalls=8739032 skipped=8819 resets=0 ungets=790 forwarded=2
             histogram [2,4) => 282183, [4,8) => 2367, [8,16) => 27, [16,32) => 61, [32,64) => 179, [64,128) => 389, [128,256) => 8724, [256,512) => 7576
   Buffers: shared hit=8897598 read=166888
 Settings: enable_bitmapscan = 'off', enable_seqscan = 'off', max_parallel_workers_per_gather = '0'
 Planning:
   Buffers: shared hit=78 read=26
 Planning Time: 2.145 ms
 Execution Time: 3179.757 ms
(12 rows)

SET
SET
SET
SET
SET
                                             QUERY PLAN                                             
----------------------------------------------------------------------------------------------------
 Index Scan Backward using idx on public.t (actual rows=9048576.00 loops=1)
   Output: a, b
   Index Cond: ((t.a >= 22099) AND (t.a <= 9070674))
   Index Searches: 1
   Buffers: shared hit=9064486
 Settings: enable_bitmapscan = 'off', enable_seqscan = 'off', max_parallel_workers_per_gather = '0'
 Planning:
   Buffers: shared hit=109
 Planning Time: 0.241 ms
 Execution Time: 1321.839 ms
(10 rows)

