SET
SET
SET
SET
SET
                                                                        QUERY PLAN                                                                        
----------------------------------------------------------------------------------------------------------------------------------------------------------
 Index Scan Backward using idx on public.t (actual rows=7048576.00 loops=1)
   Output: a, b
   Index Cond: ((t.a >= 20559) AND (t.a <= 7069134))
   Index Searches: 1
   Prefetch: distance=19.859 count=239824 stalls=6802462 skipped=6903 resets=0 ungets=698 forwarded=1
             histogram [2,4) => 219665, [4,8) => 1837, [8,16) => 25, [16,32) => 60, [32,64) => 177, [64,128) => 471, [128,256) => 9796, [256,512) => 7793
   Buffers: shared hit=6930775 read=130163
 Settings: enable_bitmapscan = 'off', enable_seqscan = 'off', max_parallel_workers_per_gather = '0'
 Planning:
   Buffers: shared hit=78 read=26
 Planning Time: 2.134 ms
 Execution Time: 2465.086 ms
(12 rows)

SET
SET
SET
SET
SET
                                             QUERY PLAN                                             
----------------------------------------------------------------------------------------------------
 Index Scan Backward using idx on public.t (actual rows=7048576.00 loops=1)
   Output: a, b
   Index Cond: ((t.a >= 20559) AND (t.a <= 7069134))
   Index Searches: 1
   Buffers: shared hit=7060938
 Settings: enable_bitmapscan = 'off', enable_seqscan = 'off', max_parallel_workers_per_gather = '0'
 Planning:
   Buffers: shared hit=109
 Planning Time: 0.232 ms
 Execution Time: 1026.420 ms
(10 rows)

