SET
SET
SET
SET
SET
                                             QUERY PLAN                                             
----------------------------------------------------------------------------------------------------
 Index Scan using idx on public.t (actual rows=2048.00 loops=1)
   Output: a, b
   Index Cond: ((t.a >= '-17564'::integer) AND (t.a <= '-17053'::integer))
   Index Searches: 1
   Prefetch: distance=2.115 count=139 stalls=1285 skipped=29 resets=0 ungets=0 forwarded=0
             histogram [2,4) => 134, [4,8) => 5
   Buffers: shared hit=1825 read=188
 Settings: enable_bitmapscan = 'off', enable_seqscan = 'off', max_parallel_workers_per_gather = '0'
 Planning:
   Buffers: shared hit=86 read=26
 Planning Time: 1.910 ms
 Execution Time: 6.772 ms
(12 rows)

SET
SET
SET
SET
SET
                                             QUERY PLAN                                             
----------------------------------------------------------------------------------------------------
 Index Scan using idx on public.t (actual rows=2048.00 loops=1)
   Output: a, b
   Index Cond: ((t.a >= '-17564'::integer) AND (t.a <= '-17053'::integer))
   Index Searches: 1
   Buffers: shared hit=2013
 Settings: enable_bitmapscan = 'off', enable_seqscan = 'off', max_parallel_workers_per_gather = '0'
 Planning:
   Buffers: shared hit=117
 Planning Time: 0.191 ms
 Execution Time: 0.489 ms
(10 rows)

