SET
SET
SET
SET
SET
                                             QUERY PLAN                                             
----------------------------------------------------------------------------------------------------
 Index Scan using idx on public.t (actual rows=4096.00 loops=1)
   Output: a, b
   Index Cond: ((t.a >= '-31875'::integer) AND (t.a <= '-30852'::integer))
   Index Searches: 1
   Prefetch: distance=2.085 count=401 stalls=3465 skipped=55 resets=0 ungets=0 forwarded=0
             histogram [2,4) => 390, [4,8) => 11
   Buffers: shared hit=3761 read=289
 Settings: enable_bitmapscan = 'off', enable_seqscan = 'off', max_parallel_workers_per_gather = '0'
 Planning:
   Buffers: shared hit=86 read=26
 Planning Time: 1.995 ms
 Execution Time: 6.389 ms
(12 rows)

SET
SET
SET
SET
SET
                                             QUERY PLAN                                             
----------------------------------------------------------------------------------------------------
 Index Scan using idx on public.t (actual rows=4096.00 loops=1)
   Output: a, b
   Index Cond: ((t.a >= '-31875'::integer) AND (t.a <= '-30852'::integer))
   Index Searches: 1
   Buffers: shared hit=4050
 Settings: enable_bitmapscan = 'off', enable_seqscan = 'off', max_parallel_workers_per_gather = '0'
 Planning:
   Buffers: shared hit=117
 Planning Time: 0.139 ms
 Execution Time: 0.498 ms
(10 rows)

