SET
SET
SET
SET
SET
                                                                   QUERY PLAN                                                                   
------------------------------------------------------------------------------------------------------------------------------------------------
 Index Scan Backward using idx on public.t (actual rows=8192.00 loops=1)
   Output: a, b
   Index Cond: ((t.a >= 2114) AND (t.a <= 10305))
   Index Searches: 1
   Prefetch: distance=245.534 count=8315 stalls=4 skipped=29 resets=0 ungets=386 forwarded=0
             histogram [2,4) => 10, [4,8) => 7, [8,16) => 6, [16,32) => 17, [32,64) => 13, [64,128) => 40, [128,256) => 3954, [256,512) => 4268
   Buffers: shared hit=7513 read=677
 Settings: enable_bitmapscan = 'off', enable_seqscan = 'off', max_parallel_workers_per_gather = '0'
 Planning:
   Buffers: shared hit=82 read=26
 Planning Time: 2.193 ms
 Execution Time: 17.328 ms
(12 rows)

SET
SET
SET
SET
SET
                                             QUERY PLAN                                             
----------------------------------------------------------------------------------------------------
 Index Scan Backward using idx on public.t (actual rows=8192.00 loops=1)
   Output: a, b
   Index Cond: ((t.a >= 2114) AND (t.a <= 10305))
   Index Searches: 1
   Buffers: shared hit=8190
 Settings: enable_bitmapscan = 'off', enable_seqscan = 'off', max_parallel_workers_per_gather = '0'
 Planning:
   Buffers: shared hit=113
 Planning Time: 0.198 ms
 Execution Time: 1.803 ms
(10 rows)

