SET
SET
SET
SET
SET
                                                                 QUERY PLAN                                                                 
--------------------------------------------------------------------------------------------------------------------------------------------
 Index Scan Backward using idx on public.t (actual rows=2048.00 loops=1)
   Output: a, b
   Index Cond: ((t.a >= 5381) AND (t.a <= 7428))
   Index Searches: 1
   Prefetch: distance=263.368 count=2149 stalls=2 skipped=5 resets=0 ungets=365 forwarded=1
             histogram [2,4) => 4, [4,8) => 4, [8,16) => 8, [16,32) => 15, [32,64) => 4, [64,128) => 2, [128,256) => 128, [256,512) => 1984
   Buffers: shared hit=1484 read=568
 Settings: enable_bitmapscan = 'off', enable_seqscan = 'off', max_parallel_workers_per_gather = '0'
 Planning:
   Buffers: shared hit=82 read=26
 Planning Time: 2.139 ms
 Execution Time: 16.211 ms
(12 rows)

SET
SET
SET
SET
SET
                                             QUERY PLAN                                             
----------------------------------------------------------------------------------------------------
 Index Scan Backward using idx on public.t (actual rows=2048.00 loops=1)
   Output: a, b
   Index Cond: ((t.a >= 5381) AND (t.a <= 7428))
   Index Searches: 1
   Buffers: shared hit=2052
 Settings: enable_bitmapscan = 'off', enable_seqscan = 'off', max_parallel_workers_per_gather = '0'
 Planning:
   Buffers: shared hit=113
 Planning Time: 0.195 ms
 Execution Time: 0.762 ms
(10 rows)

