SET
SET
SET
SET
SET
                                                                     QUERY PLAN                                                                      
-----------------------------------------------------------------------------------------------------------------------------------------------------
 Index Scan Backward using idx on public.t (actual rows=16384.00 loops=1)
   Output: a, b
   Index Cond: ((t.a >= 28471) AND (t.a <= 44854))
   Index Searches: 1
   Prefetch: distance=236.954 count=10465 stalls=6344 skipped=21 resets=0 ungets=671 forwarded=0
             histogram [2,4) => 212, [4,8) => 11, [8,16) => 19, [16,32) => 62, [32,64) => 180, [64,128) => 297, [128,256) => 3922, [256,512) => 5762
   Buffers: shared hit=15269 read=1145
 Settings: enable_bitmapscan = 'off', enable_seqscan = 'off', max_parallel_workers_per_gather = '0'
 Planning:
   Buffers: shared hit=82 read=26
 Planning Time: 2.165 ms
 Execution Time: 23.948 ms
(12 rows)

SET
SET
SET
SET
SET
                                             QUERY PLAN                                             
----------------------------------------------------------------------------------------------------
 Index Scan Backward using idx on public.t (actual rows=16384.00 loops=1)
   Output: a, b
   Index Cond: ((t.a >= 28471) AND (t.a <= 44854))
   Index Searches: 1
   Buffers: shared hit=16414
 Settings: enable_bitmapscan = 'off', enable_seqscan = 'off', max_parallel_workers_per_gather = '0'
 Planning:
   Buffers: shared hit=113
 Planning Time: 0.155 ms
 Execution Time: 3.204 ms
(10 rows)

