SET
SET
SET
SET
SET
                                                                      QUERY PLAN                                                                       
-------------------------------------------------------------------------------------------------------------------------------------------------------
 Index Scan Backward using idx on public.t (actual rows=131072.00 loops=1)
   Output: a, b
   Index Cond: ((t.a >= 17151) AND (t.a <= 148222))
   Index Searches: 1
   Prefetch: distance=200.583 count=24941 stalls=106372 skipped=129 resets=0 ungets=569 forwarded=0
             histogram [2,4) => 3436, [4,8) => 39, [8,16) => 16, [16,32) => 64, [32,64) => 250, [64,128) => 728, [128,256) => 12019, [256,512) => 8389
   Buffers: shared hit=128177 read=3130
 Settings: enable_bitmapscan = 'off', enable_seqscan = 'off', max_parallel_workers_per_gather = '0'
 Planning:
   Buffers: shared hit=78 read=26
 Planning Time: 2.153 ms
 Execution Time: 64.086 ms
(12 rows)

SET
SET
SET
SET
SET
                                             QUERY PLAN                                             
----------------------------------------------------------------------------------------------------
 Index Scan Backward using idx on public.t (actual rows=131072.00 loops=1)
   Output: a, b
   Index Cond: ((t.a >= 17151) AND (t.a <= 148222))
   Index Searches: 1
   Buffers: shared hit=131307
 Settings: enable_bitmapscan = 'off', enable_seqscan = 'off', max_parallel_workers_per_gather = '0'
 Planning:
   Buffers: shared hit=109
 Planning Time: 0.194 ms
 Execution Time: 14.271 ms
(10 rows)

