SET
SET
SET
SET
SET
                                             QUERY PLAN                                             
----------------------------------------------------------------------------------------------------
 Index Scan using idx on public.t (actual rows=8192.00 loops=1)
   Output: a, b
   Index Cond: ((t.a >= '-27694'::integer) AND (t.a <= '-25647'::integer))
   Index Searches: 1
   Prefetch: distance=2.113 count=788 stalls=7002 skipped=115 resets=0 ungets=0 forwarded=0
             histogram [2,4) => 757, [4,8) => 31
   Buffers: shared hit=7597 read=494
 Settings: enable_bitmapscan = 'off', enable_seqscan = 'off', max_parallel_workers_per_gather = '0'
 Planning:
   Buffers: shared hit=86 read=26
 Planning Time: 1.883 ms
 Execution Time: 8.208 ms
(12 rows)

SET
SET
SET
SET
SET
                                             QUERY PLAN                                             
----------------------------------------------------------------------------------------------------
 Index Scan using idx on public.t (actual rows=8192.00 loops=1)
   Output: a, b
   Index Cond: ((t.a >= '-27694'::integer) AND (t.a <= '-25647'::integer))
   Index Searches: 1
   Buffers: shared hit=8091
 Settings: enable_bitmapscan = 'off', enable_seqscan = 'off', max_parallel_workers_per_gather = '0'
 Planning:
   Buffers: shared hit=117
 Planning Time: 0.194 ms
 Execution Time: 1.506 ms
(10 rows)

