SET
SET
SET
SET
SET
                                                               QUERY PLAN                                                               
----------------------------------------------------------------------------------------------------------------------------------------
 Index Scan Backward using idx on public.t (actual rows=512.00 loops=1)
   Output: a, b
   Index Cond: ((t.a >= 24145) AND (t.a <= 24656))
   Index Searches: 1
   Prefetch: distance=256.335 count=562 stalls=2 skipped=0 resets=0 ungets=211 forwarded=0
             histogram [2,4) => 2, [4,8) => 5, [8,16) => 7, [16,32) => 8, [32,64) => 9, [64,128) => 2, [128,256) => 2, [256,512) => 527
   Buffers: shared hit=140 read=379
 Settings: enable_bitmapscan = 'off', enable_seqscan = 'off', max_parallel_workers_per_gather = '0'
 Planning:
   Buffers: shared hit=82 read=26
 Planning Time: 1.669 ms
 Execution Time: 11.271 ms
(12 rows)

SET
SET
SET
SET
SET
                                             QUERY PLAN                                             
----------------------------------------------------------------------------------------------------
 Index Scan Backward using idx on public.t (actual rows=512.00 loops=1)
   Output: a, b
   Index Cond: ((t.a >= 24145) AND (t.a <= 24656))
   Index Searches: 1
   Buffers: shared hit=519
 Settings: enable_bitmapscan = 'off', enable_seqscan = 'off', max_parallel_workers_per_gather = '0'
 Planning:
   Buffers: shared hit=113
 Planning Time: 0.195 ms
 Execution Time: 0.436 ms
(10 rows)

