SET
SET
SET
SET
SET
                                                                       QUERY PLAN                                                                        
---------------------------------------------------------------------------------------------------------------------------------------------------------
 Index Scan Backward using idx on public.t (actual rows=3048576.00 loops=1)
   Output: a, b
   Index Cond: ((t.a >= 16008) AND (t.a <= 3064583))
   Index Searches: 1
   Prefetch: distance=46.020 count=117873 stalls=2927973 skipped=2994 resets=0 ungets=508 forwarded=1
             histogram [2,4) => 94541, [4,8) => 816, [8,16) => 29, [16,32) => 65, [32,64) => 246, [64,128) => 734, [128,256) => 12812, [256,512) => 8630
   Buffers: shared hit=2997238 read=56679
 Settings: enable_bitmapscan = 'off', enable_seqscan = 'off', max_parallel_workers_per_gather = '0'
 Planning:
   Buffers: shared hit=78 read=26
 Planning Time: 2.144 ms
 Execution Time: 1081.379 ms
(12 rows)

SET
SET
SET
SET
SET
                                             QUERY PLAN                                             
----------------------------------------------------------------------------------------------------
 Index Scan Backward using idx on public.t (actual rows=3048576.00 loops=1)
   Output: a, b
   Index Cond: ((t.a >= 16008) AND (t.a <= 3064583))
   Index Searches: 1
   Buffers: shared hit=3053917
 Settings: enable_bitmapscan = 'off', enable_seqscan = 'off', max_parallel_workers_per_gather = '0'
 Planning:
   Buffers: shared hit=109
 Planning Time: 0.185 ms
 Execution Time: 445.265 ms
(10 rows)

