SET
SET
SET
SET
SET
                                                                        QUERY PLAN                                                                        
----------------------------------------------------------------------------------------------------------------------------------------------------------
 Index Scan Backward using idx on public.t (actual rows=4048576.00 loops=1)
   Output: a, b
   Index Cond: ((t.a >= 22782) AND (t.a <= 4071357))
   Index Searches: 1
   Prefetch: distance=28.650 count=143255 stalls=3902027 skipped=3988 resets=0 ungets=752 forwarded=1
             histogram [2,4) => 126003, [4,8) => 1067, [8,16) => 25, [16,32) => 60, [32,64) => 177, [64,128) => 373, [128,256) => 8283, [256,512) => 7267
   Buffers: shared hit=3980542 read=75114
 Settings: enable_bitmapscan = 'off', enable_seqscan = 'off', max_parallel_workers_per_gather = '0'
 Planning:
   Buffers: shared hit=78 read=26
 Planning Time: 2.147 ms
 Execution Time: 1426.642 ms
(12 rows)

SET
SET
SET
SET
SET
                                             QUERY PLAN                                             
----------------------------------------------------------------------------------------------------
 Index Scan Backward using idx on public.t (actual rows=4048576.00 loops=1)
   Output: a, b
   Index Cond: ((t.a >= 22782) AND (t.a <= 4071357))
   Index Searches: 1
   Buffers: shared hit=4055656
 Settings: enable_bitmapscan = 'off', enable_seqscan = 'off', max_parallel_workers_per_gather = '0'
 Planning:
   Buffers: shared hit=109
 Planning Time: 0.242 ms
 Execution Time: 592.157 ms
(10 rows)

