SET
SET
SET
SET
SET
                                                                       QUERY PLAN                                                                       
--------------------------------------------------------------------------------------------------------------------------------------------------------
 Index Scan Backward using idx on public.t (actual rows=1048576.00 loops=1)
   Output: a, b
   Index Cond: ((t.a >= 24108) AND (t.a <= 1072683))
   Index Searches: 1
   Prefetch: distance=74.594 count=47197 stalls=1000783 skipped=1021 resets=0 ungets=621 forwarded=0
             histogram [2,4) => 32324, [4,8) => 298, [8,16) => 15, [16,32) => 70, [32,64) => 177, [64,128) => 373, [128,256) => 7244, [256,512) => 6696
   Buffers: shared hit=1030373 read=20053
 Settings: enable_bitmapscan = 'off', enable_seqscan = 'off', max_parallel_workers_per_gather = '0'
 Planning:
   Buffers: shared hit=78 read=26
 Planning Time: 2.125 ms
 Execution Time: 386.222 ms
(12 rows)

SET
SET
SET
SET
SET
                                             QUERY PLAN                                             
----------------------------------------------------------------------------------------------------
 Index Scan Backward using idx on public.t (actual rows=1048576.00 loops=1)
   Output: a, b
   Index Cond: ((t.a >= 24108) AND (t.a <= 1072683))
   Index Searches: 1
   Buffers: shared hit=1050426
 Settings: enable_bitmapscan = 'off', enable_seqscan = 'off', max_parallel_workers_per_gather = '0'
 Planning:
   Buffers: shared hit=109
 Planning Time: 0.187 ms
 Execution Time: 158.818 ms
(10 rows)

