SET
SET
SET
SET
SET
                                                                        QUERY PLAN                                                                        
----------------------------------------------------------------------------------------------------------------------------------------------------------
 Index Scan Backward using idx on public.t (actual rows=9048576.00 loops=1)
   Output: a, b
   Index Cond: ((t.a >= 29863) AND (t.a <= 9078438))
   Index Searches: 1
   Prefetch: distance=9.140 count=293531 stalls=8746534 skipped=8815 resets=0 ungets=601 forwarded=0
             histogram [2,4) => 282437, [4,8) => 2374, [8,16) => 28, [16,32) => 60, [32,64) => 183, [64,128) => 298, [128,256) => 2971, [256,512) => 5180
   Buffers: shared hit=8897523 read=166966
 Settings: enable_bitmapscan = 'off', enable_seqscan = 'off', max_parallel_workers_per_gather = '0'
 Planning:
   Buffers: shared hit=78 read=26
 Planning Time: 2.142 ms
 Execution Time: 3202.457 ms
(12 rows)

SET
SET
SET
SET
SET
                                             QUERY PLAN                                             
----------------------------------------------------------------------------------------------------
 Index Scan Backward using idx on public.t (actual rows=9048576.00 loops=1)
   Output: a, b
   Index Cond: ((t.a >= 29863) AND (t.a <= 9078438))
   Index Searches: 1
   Buffers: shared hit=9064489
 Settings: enable_bitmapscan = 'off', enable_seqscan = 'off', max_parallel_workers_per_gather = '0'
 Planning:
   Buffers: shared hit=109
 Planning Time: 0.207 ms
 Execution Time: 1338.537 ms
(10 rows)

