SET
SET
SET
SET
SET
                                                                         QUERY PLAN                                                                         
------------------------------------------------------------------------------------------------------------------------------------------------------------
 Index Scan Backward using idx on public.t (actual rows=8048576.00 loops=1)
   Output: a, b
   Index Cond: ((t.a >= 8224) AND (t.a <= 8056799))
   Index Searches: 1
   Prefetch: distance=26.586 count=282623 stalls=7758098 skipped=7862 resets=0 ungets=349 forwarded=0
             histogram [2,4) => 250521, [4,8) => 2079, [8,16) => 30, [16,32) => 62, [32,64) => 254, [64,128) => 728, [128,256) => 18524, [256,512) => 10425
   Buffers: shared hit=7914340 read=148369
 Settings: enable_bitmapscan = 'off', enable_seqscan = 'off', max_parallel_workers_per_gather = '0'
 Planning:
   Buffers: shared hit=78 read=26
 Planning Time: 2.160 ms
 Execution Time: 2852.863 ms
(12 rows)

SET
SET
SET
SET
SET
                                             QUERY PLAN                                             
----------------------------------------------------------------------------------------------------
 Index Scan Backward using idx on public.t (actual rows=8048576.00 loops=1)
   Output: a, b
   Index Cond: ((t.a >= 8224) AND (t.a <= 8056799))
   Index Searches: 1
   Buffers: shared hit=8062709
 Settings: enable_bitmapscan = 'off', enable_seqscan = 'off', max_parallel_workers_per_gather = '0'
 Planning:
   Buffers: shared hit=109
 Planning Time: 0.218 ms
 Execution Time: 1184.823 ms
(10 rows)

