SET
SET
SET
SET
SET
                                                              QUERY PLAN                                                               
---------------------------------------------------------------------------------------------------------------------------------------
 Index Scan Backward using idx on public.t (actual rows=256.00 loops=1)
   Output: a, b
   Index Cond: ((t.a >= 24448) AND (t.a <= 24703))
   Index Searches: 1
   Prefetch: distance=94.634 count=41 stalls=1 skipped=0 resets=0 ungets=8 forwarded=0
             histogram [2,4) => 4, [4,8) => 5, [8,16) => 6, [16,32) => 9, [32,64) => 2, [64,128) => 2, [128,256) => 2, [256,512) => 11
   Buffers: shared hit=37 read=226
 Settings: enable_bitmapscan = 'off', enable_seqscan = 'off', max_parallel_workers_per_gather = '0'
 Planning:
   Buffers: shared hit=82 read=26
 Planning Time: 1.469 ms
 Execution Time: 13.031 ms
(12 rows)

SET
SET
SET
SET
SET
                                             QUERY PLAN                                             
----------------------------------------------------------------------------------------------------
 Index Scan Backward using idx on public.t (actual rows=256.00 loops=1)
   Output: a, b
   Index Cond: ((t.a >= 24448) AND (t.a <= 24703))
   Index Searches: 1
   Buffers: shared hit=263
 Settings: enable_bitmapscan = 'off', enable_seqscan = 'off', max_parallel_workers_per_gather = '0'
 Planning:
   Buffers: shared hit=113
 Planning Time: 0.190 ms
 Execution Time: 0.273 ms
(10 rows)

