SET
SET
SET
SET
SET
                                                                      QUERY PLAN                                                                      
------------------------------------------------------------------------------------------------------------------------------------------------------
 Index Scan Backward using idx on public.t (actual rows=32768.00 loops=1)
   Output: a, b
   Index Cond: ((t.a >= 18667) AND (t.a <= 51434))
   Index Searches: 1
   Prefetch: distance=227.512 count=20509 stalls=12706 skipped=37 resets=0 ungets=631 forwarded=0
             histogram [2,4) => 424, [4,8) => 12, [8,16) => 14, [16,32) => 62, [32,64) => 246, [64,128) => 723, [128,256) => 11077, [256,512) => 7951
   Buffers: shared hit=31475 read=1352
 Settings: enable_bitmapscan = 'off', enable_seqscan = 'off', max_parallel_workers_per_gather = '0'
 Planning:
   Buffers: shared hit=82 read=26
 Planning Time: 2.155 ms
 Execution Time: 27.830 ms
(12 rows)

SET
SET
SET
SET
SET
                                             QUERY PLAN                                             
----------------------------------------------------------------------------------------------------
 Index Scan Backward using idx on public.t (actual rows=32768.00 loops=1)
   Output: a, b
   Index Cond: ((t.a >= 18667) AND (t.a <= 51434))
   Index Searches: 1
   Buffers: shared hit=32827
 Settings: enable_bitmapscan = 'off', enable_seqscan = 'off', max_parallel_workers_per_gather = '0'
 Planning:
   Buffers: shared hit=113
 Planning Time: 0.167 ms
 Execution Time: 3.681 ms
(10 rows)

