SET
SET
SET
SET
SET
                                                                      QUERY PLAN                                                                       
-------------------------------------------------------------------------------------------------------------------------------------------------------
 Index Scan Backward using idx on public.t (actual rows=131072.00 loops=1)
   Output: a, b
   Index Cond: ((t.a >= 32254) AND (t.a <= 163325))
   Index Searches: 1
   Prefetch: distance=206.220 count=25839 stalls=105794 skipped=129 resets=0 ungets=792 forwarded=0
             histogram [2,4) => 3422, [4,8) => 41, [8,16) => 18, [16,32) => 27, [32,64) => 108, [64,128) => 460, [128,256) => 12335, [256,512) => 9428
   Buffers: shared hit=128030 read=3277
 Settings: enable_bitmapscan = 'off', enable_seqscan = 'off', max_parallel_workers_per_gather = '0'
 Planning:
   Buffers: shared hit=78 read=26
 Planning Time: 2.155 ms
 Execution Time: 61.076 ms
(12 rows)

SET
SET
SET
SET
SET
                                             QUERY PLAN                                             
----------------------------------------------------------------------------------------------------
 Index Scan Backward using idx on public.t (actual rows=131072.00 loops=1)
   Output: a, b
   Index Cond: ((t.a >= 32254) AND (t.a <= 163325))
   Index Searches: 1
   Buffers: shared hit=131307
 Settings: enable_bitmapscan = 'off', enable_seqscan = 'off', max_parallel_workers_per_gather = '0'
 Planning:
   Buffers: shared hit=109
 Planning Time: 0.207 ms
 Execution Time: 20.015 ms
(10 rows)

