SET
SET
SET
SET
SET
                                                                 QUERY PLAN                                                                  
---------------------------------------------------------------------------------------------------------------------------------------------
 Index Scan Backward using idx on public.t (actual rows=8192.00 loops=1)
   Output: a, b
   Index Cond: ((t.a >= 15463) AND (t.a <= 23654))
   Index Searches: 1
   Prefetch: distance=252.438 count=8781 stalls=2 skipped=5 resets=0 ungets=653 forwarded=1
             histogram [2,4) => 2, [4,8) => 6, [8,16) => 8, [16,32) => 8, [32,64) => 2, [64,128) => 32, [128,256) => 3317, [256,512) => 5406
   Buffers: shared hit=7354 read=862
 Settings: enable_bitmapscan = 'off', enable_seqscan = 'off', max_parallel_workers_per_gather = '0'
 Planning:
   Buffers: shared hit=82 read=26
 Planning Time: 2.121 ms
 Execution Time: 11.962 ms
(12 rows)

SET
SET
SET
SET
SET
                                             QUERY PLAN                                             
----------------------------------------------------------------------------------------------------
 Index Scan Backward using idx on public.t (actual rows=8192.00 loops=1)
   Output: a, b
   Index Cond: ((t.a >= 15463) AND (t.a <= 23654))
   Index Searches: 1
   Buffers: shared hit=8216
 Settings: enable_bitmapscan = 'off', enable_seqscan = 'off', max_parallel_workers_per_gather = '0'
 Planning:
   Buffers: shared hit=113
 Planning Time: 0.185 ms
 Execution Time: 1.817 ms
(10 rows)

