SET
SET
SET
SET
SET
                                                                         QUERY PLAN                                                                         
------------------------------------------------------------------------------------------------------------------------------------------------------------
 Index Scan Backward using idx on public.t (actual rows=9048576.00 loops=1)
   Output: a, b
   Index Cond: ((t.a >= 7705) AND (t.a <= 9056280))
   Index Searches: 1
   Prefetch: distance=24.729 count=315039 stalls=8725102 skipped=8823 resets=0 ungets=517 forwarded=0
             histogram [2,4) => 281743, [4,8) => 2365, [8,16) => 30, [16,32) => 62, [32,64) => 246, [64,128) => 729, [128,256) => 19052, [256,512) => 10812
   Buffers: shared hit=8897758 read=166724
 Settings: enable_bitmapscan = 'off', enable_seqscan = 'off', max_parallel_workers_per_gather = '0'
 Planning:
   Buffers: shared hit=78 read=26
 Planning Time: 2.161 ms
 Execution Time: 3184.361 ms
(12 rows)

SET
SET
SET
SET
SET
                                             QUERY PLAN                                             
----------------------------------------------------------------------------------------------------
 Index Scan Backward using idx on public.t (actual rows=9048576.00 loops=1)
   Output: a, b
   Index Cond: ((t.a >= 7705) AND (t.a <= 9056280))
   Index Searches: 1
   Buffers: shared hit=9064482
 Settings: enable_bitmapscan = 'off', enable_seqscan = 'off', max_parallel_workers_per_gather = '0'
 Planning:
   Buffers: shared hit=109
 Planning Time: 0.225 ms
 Execution Time: 1319.884 ms
(10 rows)

