SET
SET
SET
SET
SET
                                                                       QUERY PLAN                                                                       
--------------------------------------------------------------------------------------------------------------------------------------------------------
 Index Scan Backward using idx on public.t (actual rows=3048576.00 loops=1)
   Output: a, b
   Index Cond: ((t.a >= 23458) AND (t.a <= 3072033))
   Index Searches: 1
   Prefetch: distance=34.746 count=110986 stalls=2935180 skipped=3002 resets=0 ungets=706 forwarded=1
             histogram [2,4) => 94765, [4,8) => 814, [8,16) => 28, [16,32) => 62, [32,64) => 177, [64,128) => 375, [128,256) => 7659, [256,512) => 7106
   Buffers: shared hit=2997152 read=56758
 Settings: enable_bitmapscan = 'off', enable_seqscan = 'off', max_parallel_workers_per_gather = '0'
 Planning:
   Buffers: shared hit=78 read=26
 Planning Time: 2.157 ms
 Execution Time: 1091.922 ms
(12 rows)

SET
SET
SET
SET
SET
                                             QUERY PLAN                                             
----------------------------------------------------------------------------------------------------
 Index Scan Backward using idx on public.t (actual rows=3048576.00 loops=1)
   Output: a, b
   Index Cond: ((t.a >= 23458) AND (t.a <= 3072033))
   Index Searches: 1
   Buffers: shared hit=3053910
 Settings: enable_bitmapscan = 'off', enable_seqscan = 'off', max_parallel_workers_per_gather = '0'
 Planning:
   Buffers: shared hit=109
 Planning Time: 0.217 ms
 Execution Time: 453.290 ms
(10 rows)

