SET
SET
SET
SET
SET
                                                                        QUERY PLAN                                                                         
-----------------------------------------------------------------------------------------------------------------------------------------------------------
 Index Scan Backward using idx on public.t (actual rows=5048576.00 loops=1)
   Output: a, b
   Index Cond: ((t.a >= 15699) AND (t.a <= 5064274))
   Index Searches: 1
   Prefetch: distance=31.223 count=181298 stalls=4862698 skipped=4954 resets=0 ungets=561 forwarded=1
             histogram [2,4) => 157021, [4,8) => 1334, [8,16) => 30, [16,32) => 61, [32,64) => 245, [64,128) => 728, [128,256) => 13169, [256,512) => 8710
   Buffers: shared hit=4964027 read=93395
 Settings: enable_bitmapscan = 'off', enable_seqscan = 'off', max_parallel_workers_per_gather = '0'
 Planning:
   Buffers: shared hit=78 read=26
 Planning Time: 2.125 ms
 Execution Time: 1788.547 ms
(12 rows)

SET
SET
SET
SET
SET
                                             QUERY PLAN                                             
----------------------------------------------------------------------------------------------------
 Index Scan Backward using idx on public.t (actual rows=5048576.00 loops=1)
   Output: a, b
   Index Cond: ((t.a >= 15699) AND (t.a <= 5064274))
   Index Searches: 1
   Buffers: shared hit=5057422
 Settings: enable_bitmapscan = 'off', enable_seqscan = 'off', max_parallel_workers_per_gather = '0'
 Planning:
   Buffers: shared hit=109
 Planning Time: 0.229 ms
 Execution Time: 746.817 ms
(10 rows)

