SET
SET
SET
SET
SET
                                                                         QUERY PLAN                                                                          
-------------------------------------------------------------------------------------------------------------------------------------------------------------
 Index Scan Backward using idx on public.t (actual rows=6048576.00 loops=1)
   Output: a, b
   Index Cond: ((t.a >= 4684) AND (t.a <= 6053259))
   Index Searches: 1
   Prefetch: distance=36.648 count=223237 stalls=5819595 skipped=5921 resets=0 ungets=399 forwarded=0
             histogram [2,4) => 187933, [4,8) => 1575, [8,16) => 25, [16,32) => 65, [32,64) => 264, [64,128) => 1090, [128,256) => 20888, [256,512) => 11397
   Buffers: shared hit=5947575 read=111611
 Settings: enable_bitmapscan = 'off', enable_seqscan = 'off', max_parallel_workers_per_gather = '0'
 Planning:
   Buffers: shared hit=78 read=26
 Planning Time: 2.147 ms
 Execution Time: 2145.254 ms
(12 rows)

SET
SET
SET
SET
SET
                                             QUERY PLAN                                             
----------------------------------------------------------------------------------------------------
 Index Scan Backward using idx on public.t (actual rows=6048576.00 loops=1)
   Output: a, b
   Index Cond: ((t.a >= 4684) AND (t.a <= 6053259))
   Index Searches: 1
   Buffers: shared hit=6059186
 Settings: enable_bitmapscan = 'off', enable_seqscan = 'off', max_parallel_workers_per_gather = '0'
 Planning:
   Buffers: shared hit=109
 Planning Time: 0.232 ms
 Execution Time: 884.373 ms
(10 rows)

