SET
SET
SET
SET
SET
                                                                         QUERY PLAN                                                                          
-------------------------------------------------------------------------------------------------------------------------------------------------------------
 Index Scan Backward using idx on public.t (actual rows=4048576.00 loops=1)
   Output: a, b
   Index Cond: ((t.a >= 3602) AND (t.a <= 4052177))
   Index Searches: 1
   Prefetch: distance=51.424 count=161277 stalls=3883479 skipped=4009 resets=0 ungets=395 forwarded=0
             histogram [2,4) => 125391, [4,8) => 1064, [8,16) => 28, [16,32) => 60, [32,64) => 273, [64,128) => 1093, [128,256) => 21874, [256,512) => 11494
   Buffers: shared hit=3980762 read=74872
 Settings: enable_bitmapscan = 'off', enable_seqscan = 'off', max_parallel_workers_per_gather = '0'
 Planning:
   Buffers: shared hit=78 read=26
 Planning Time: 2.151 ms
 Execution Time: 1411.585 ms
(12 rows)

SET
SET
SET
SET
SET
                                             QUERY PLAN                                             
----------------------------------------------------------------------------------------------------
 Index Scan Backward using idx on public.t (actual rows=4048576.00 loops=1)
   Output: a, b
   Index Cond: ((t.a >= 3602) AND (t.a <= 4052177))
   Index Searches: 1
   Buffers: shared hit=4055634
 Settings: enable_bitmapscan = 'off', enable_seqscan = 'off', max_parallel_workers_per_gather = '0'
 Planning:
   Buffers: shared hit=109
 Planning Time: 0.288 ms
 Execution Time: 599.248 ms
(10 rows)

