SET
SET
SET
SET
SET
                                                                QUERY PLAN                                                                
------------------------------------------------------------------------------------------------------------------------------------------
 Index Scan using idx on public.t (actual rows=1024.00 loops=1)
   Output: a, b
   Index Cond: ((t.a >= 19221) AND (t.a <= 20244))
   Index Searches: 1
   Prefetch: distance=259.547 count=955 stalls=2 skipped=0 resets=0 ungets=264 forwarded=0
             histogram [2,4) => 4, [4,8) => 5, [8,16) => 8, [16,32) => 12, [32,64) => 12, [64,128) => 2, [128,256) => 3, [256,512) => 909
   Buffers: shared hit=486 read=546
 Settings: enable_bitmapscan = 'off', enable_seqscan = 'off', max_parallel_workers_per_gather = '0'
 Planning:
   Buffers: shared hit=86 read=26
 Planning Time: 1.870 ms
 Execution Time: 19.266 ms
(12 rows)

SET
SET
SET
SET
SET
                                             QUERY PLAN                                             
----------------------------------------------------------------------------------------------------
 Index Scan using idx on public.t (actual rows=1024.00 loops=1)
   Output: a, b
   Index Cond: ((t.a >= 19221) AND (t.a <= 20244))
   Index Searches: 1
   Buffers: shared hit=1032
 Settings: enable_bitmapscan = 'off', enable_seqscan = 'off', max_parallel_workers_per_gather = '0'
 Planning:
   Buffers: shared hit=117
 Planning Time: 0.177 ms
 Execution Time: 0.358 ms
(10 rows)

