SET
SET
SET
SET
SET
                                                               QUERY PLAN                                                                
-----------------------------------------------------------------------------------------------------------------------------------------
 Index Scan using idx on public.t (actual rows=512.00 loops=1)
   Output: a, b
   Index Cond: ((t.a >= 27550) AND (t.a <= 28061))
   Index Searches: 1
   Prefetch: distance=259.855 count=698 stalls=1 skipped=1 resets=0 ungets=284 forwarded=1
             histogram [2,4) => 4, [4,8) => 6, [8,16) => 5, [16,32) => 11, [32,64) => 4, [64,128) => 2, [128,256) => 2, [256,512) => 664
   Buffers: shared hit=123 read=396
 Settings: enable_bitmapscan = 'off', enable_seqscan = 'off', max_parallel_workers_per_gather = '0'
 Planning:
   Buffers: shared hit=86 read=26
 Planning Time: 1.486 ms
 Execution Time: 8.148 ms
(12 rows)

SET
SET
SET
SET
SET
                                             QUERY PLAN                                             
----------------------------------------------------------------------------------------------------
 Index Scan using idx on public.t (actual rows=512.00 loops=1)
   Output: a, b
   Index Cond: ((t.a >= 27550) AND (t.a <= 28061))
   Index Searches: 1
   Buffers: shared hit=519
 Settings: enable_bitmapscan = 'off', enable_seqscan = 'off', max_parallel_workers_per_gather = '0'
 Planning:
   Buffers: shared hit=117
 Planning Time: 0.196 ms
 Execution Time: 0.424 ms
(10 rows)

