SET
SET
SET
SET
SET
                                                                       QUERY PLAN                                                                        
---------------------------------------------------------------------------------------------------------------------------------------------------------
 Index Scan using idx on public.t (actual rows=1048576.00 loops=1)
   Output: a, b
   Index Cond: ((t.a >= 2915) AND (t.a <= 1051490))
   Index Searches: 1
   Prefetch: distance=113.259 count=58844 stalls=989336 skipped=1043 resets=0 ungets=836 forwarded=0
             histogram [2,4) => 31024, [4,8) => 246, [8,16) => 13, [16,32) => 25, [32,64) => 59, [64,128) => 581, [128,256) => 15387, [256,512) => 11509
   Buffers: shared hit=1030607 read=19797
 Settings: enable_bitmapscan = 'off', enable_seqscan = 'off', max_parallel_workers_per_gather = '0'
 Planning:
   Buffers: shared hit=82 read=26
 Planning Time: 2.122 ms
 Execution Time: 998.717 ms
(12 rows)

SET
SET
SET
SET
SET
                                             QUERY PLAN                                             
----------------------------------------------------------------------------------------------------
 Index Scan using idx on public.t (actual rows=1048576.00 loops=1)
   Output: a, b
   Index Cond: ((t.a >= 2915) AND (t.a <= 1051490))
   Index Searches: 1
   Buffers: shared hit=1050404
 Settings: enable_bitmapscan = 'off', enable_seqscan = 'off', max_parallel_workers_per_gather = '0'
 Planning:
   Buffers: shared hit=113
 Planning Time: 0.211 ms
 Execution Time: 159.541 ms
(10 rows)

