SET
SET
SET
SET
SET
                                                                         QUERY PLAN                                                                         
------------------------------------------------------------------------------------------------------------------------------------------------------------
 Index Scan using idx on public.t (actual rows=4048576.00 loops=1)
   Output: a, b
   Index Cond: ((t.a >= 5581) AND (t.a <= 4054156))
   Index Searches: 1
   Prefetch: distance=107.050 count=224158 stalls=3821070 skipped=4000 resets=0 ungets=843 forwarded=4
             histogram [2,4) => 122568, [4,8) => 994, [8,16) => 14, [16,32) => 29, [32,64) => 135, [64,128) => 1329, [128,256) => 65641, [256,512) => 33448
   Buffers: shared hit=3980735 read=74909
 Settings: enable_bitmapscan = 'off', enable_seqscan = 'off', max_parallel_workers_per_gather = '0'
 Planning:
   Buffers: shared hit=82 read=26
 Planning Time: 2.156 ms
 Execution Time: 3874.603 ms
(12 rows)

SET
SET
SET
SET
SET
                                             QUERY PLAN                                             
----------------------------------------------------------------------------------------------------
 Index Scan using idx on public.t (actual rows=4048576.00 loops=1)
   Output: a, b
   Index Cond: ((t.a >= 5581) AND (t.a <= 4054156))
   Index Searches: 1
   Buffers: shared hit=4055644
 Settings: enable_bitmapscan = 'off', enable_seqscan = 'off', max_parallel_workers_per_gather = '0'
 Planning:
   Buffers: shared hit=113
 Planning Time: 0.237 ms
 Execution Time: 607.496 ms
(10 rows)

