SET
SET
SET
SET
SET
                                                                     QUERY PLAN                                                                     
----------------------------------------------------------------------------------------------------------------------------------------------------
 Index Scan using idx on public.t (actual rows=65536.00 loops=1)
   Output: a, b
   Index Cond: ((t.a >= 13200) AND (t.a <= 78735))
   Index Searches: 1
   Prefetch: distance=232.081 count=23046 stalls=42915 skipped=82 resets=0 ungets=769 forwarded=1
             histogram [2,4) => 764, [4,8) => 9, [8,16) => 19, [16,32) => 25, [32,64) => 90, [64,128) => 242, [128,256) => 12168, [256,512) => 9729
   Buffers: shared hit=63753 read=1886
 Settings: enable_bitmapscan = 'off', enable_seqscan = 'off', max_parallel_workers_per_gather = '0'
 Planning:
   Buffers: shared hit=86 read=26
 Planning Time: 2.168 ms
 Execution Time: 56.750 ms
(12 rows)

SET
SET
SET
SET
SET
                                             QUERY PLAN                                             
----------------------------------------------------------------------------------------------------
 Index Scan using idx on public.t (actual rows=65536.00 loops=1)
   Output: a, b
   Index Cond: ((t.a >= 13200) AND (t.a <= 78735))
   Index Searches: 1
   Buffers: shared hit=65639
 Settings: enable_bitmapscan = 'off', enable_seqscan = 'off', max_parallel_workers_per_gather = '0'
 Planning:
   Buffers: shared hit=117
 Planning Time: 0.184 ms
 Execution Time: 9.654 ms
(10 rows)

