SET
SET
SET
SET
SET
                                                                      QUERY PLAN                                                                       
-------------------------------------------------------------------------------------------------------------------------------------------------------
 Index Scan using idx on public.t (actual rows=131072.00 loops=1)
   Output: a, b
   Index Cond: ((t.a >= 26507) AND (t.a <= 157578))
   Index Searches: 1
   Prefetch: distance=231.622 count=70168 stalls=61678 skipped=133 resets=0 ungets=956 forwarded=2
             histogram [2,4) => 1660, [4,8) => 14, [8,16) => 18, [16,32) => 24, [32,64) => 71, [64,128) => 489, [128,256) => 44085, [256,512) => 23807
   Buffers: shared hit=128075 read=3228
 Settings: enable_bitmapscan = 'off', enable_seqscan = 'off', max_parallel_workers_per_gather = '0'
 Planning:
   Buffers: shared hit=82 read=26
 Planning Time: 2.167 ms
 Execution Time: 89.630 ms
(12 rows)

SET
SET
SET
SET
SET
                                             QUERY PLAN                                             
----------------------------------------------------------------------------------------------------
 Index Scan using idx on public.t (actual rows=131072.00 loops=1)
   Output: a, b
   Index Cond: ((t.a >= 26507) AND (t.a <= 157578))
   Index Searches: 1
   Buffers: shared hit=131303
 Settings: enable_bitmapscan = 'off', enable_seqscan = 'off', max_parallel_workers_per_gather = '0'
 Planning:
   Buffers: shared hit=113
 Planning Time: 0.178 ms
 Execution Time: 16.474 ms
(10 rows)

