SET
SET
SET
SET
SET
                                                                       QUERY PLAN                                                                       
--------------------------------------------------------------------------------------------------------------------------------------------------------
 Index Scan using idx on public.t (actual rows=262144.00 loops=1)
   Output: a, b
   Index Cond: ((t.a >= 28684) AND (t.a <= 290827))
   Index Searches: 1
   Prefetch: distance=193.518 count=36692 stalls=226066 skipped=259 resets=0 ungets=947 forwarded=1
             histogram [2,4) => 7002, [4,8) => 62, [8,16) => 13, [16,32) => 26, [32,64) => 168, [64,128) => 655, [128,256) => 16341, [256,512) => 12425
   Buffers: shared hit=256957 read=5651
 Settings: enable_bitmapscan = 'off', enable_seqscan = 'off', max_parallel_workers_per_gather = '0'
 Planning:
   Buffers: shared hit=82 read=26
 Planning Time: 2.141 ms
 Execution Time: 238.377 ms
(12 rows)

SET
SET
SET
SET
SET
                                             QUERY PLAN                                             
----------------------------------------------------------------------------------------------------
 Index Scan using idx on public.t (actual rows=262144.00 loops=1)
   Output: a, b
   Index Cond: ((t.a >= 28684) AND (t.a <= 290827))
   Index Searches: 1
   Buffers: shared hit=262608
 Settings: enable_bitmapscan = 'off', enable_seqscan = 'off', max_parallel_workers_per_gather = '0'
 Planning:
   Buffers: shared hit=113
 Planning Time: 0.187 ms
 Execution Time: 37.032 ms
(10 rows)

