SET
SET
SET
SET
SET
                                                                        QUERY PLAN                                                                         
-----------------------------------------------------------------------------------------------------------------------------------------------------------
 Index Scan using idx on public.t (actual rows=8048576.00 loops=1)
   Output: a, b
   Index Cond: ((t.a >= 11940) AND (t.a <= 8060515))
   Index Searches: 1
   Prefetch: distance=19.600 count=272637 stalls=7768496 skipped=7856 resets=0 ungets=727 forwarded=0
             histogram [2,4) => 250202, [4,8) => 2091, [8,16) => 17, [16,32) => 60, [32,64) => 385, [64,128) => 287, [128,256) => 10790, [256,512) => 8805
   Buffers: shared hit=7914298 read=148418
 Settings: enable_bitmapscan = 'off', enable_seqscan = 'off', max_parallel_workers_per_gather = '0'
 Planning:
   Buffers: shared hit=82 read=26
 Planning Time: 2.163 ms
 Execution Time: 7729.851 ms
(12 rows)

SET
SET
SET
SET
SET
                                             QUERY PLAN                                             
----------------------------------------------------------------------------------------------------
 Index Scan using idx on public.t (actual rows=8048576.00 loops=1)
   Output: a, b
   Index Cond: ((t.a >= 11940) AND (t.a <= 8060515))
   Index Searches: 1
   Buffers: shared hit=8062716
 Settings: enable_bitmapscan = 'off', enable_seqscan = 'off', max_parallel_workers_per_gather = '0'
 Planning:
   Buffers: shared hit=113
 Planning Time: 0.185 ms
 Execution Time: 1200.303 ms
(10 rows)

