SET
SET
SET
SET
SET
                                                                      QUERY PLAN                                                                       
-------------------------------------------------------------------------------------------------------------------------------------------------------
 Index Scan using idx on public.t (actual rows=131072.00 loops=1)
   Output: a, b
   Index Cond: ((t.a >= 21833) AND (t.a <= 152904))
   Index Searches: 1
   Prefetch: distance=231.287 count=65401 stalls=66294 skipped=129 resets=0 ungets=885 forwarded=2
             histogram [2,4) => 1716, [4,8) => 17, [8,16) => 17, [16,32) => 21, [32,64) => 71, [64,128) => 425, [128,256) => 40951, [256,512) => 22183
   Buffers: shared hit=128118 read=3188
 Settings: enable_bitmapscan = 'off', enable_seqscan = 'off', max_parallel_workers_per_gather = '0'
 Planning:
   Buffers: shared hit=82 read=26
 Planning Time: 2.201 ms
 Execution Time: 95.246 ms
(12 rows)

SET
SET
SET
SET
SET
                                             QUERY PLAN                                             
----------------------------------------------------------------------------------------------------
 Index Scan using idx on public.t (actual rows=131072.00 loops=1)
   Output: a, b
   Index Cond: ((t.a >= 21833) AND (t.a <= 152904))
   Index Searches: 1
   Buffers: shared hit=131306
 Settings: enable_bitmapscan = 'off', enable_seqscan = 'off', max_parallel_workers_per_gather = '0'
 Planning:
   Buffers: shared hit=113
 Planning Time: 0.187 ms
 Execution Time: 14.710 ms
(10 rows)

