SET
SET
SET
SET
SET
                                                                     QUERY PLAN                                                                     
----------------------------------------------------------------------------------------------------------------------------------------------------
 Index Scan using idx on public.t (actual rows=32768.00 loops=1)
   Output: a, b
   Index Cond: ((t.a >= 22289) AND (t.a <= 55056))
   Index Searches: 1
   Prefetch: distance=235.997 count=11187 stalls=22507 skipped=42 resets=0 ungets=975 forwarded=0
             histogram [2,4) => 382, [4,8) => 11, [8,16) => 14, [16,32) => 55, [32,64) => 42, [64,128) => 228, [128,256) => 4190, [256,512) => 6265
   Buffers: shared hit=31438 read=1384
 Settings: enable_bitmapscan = 'off', enable_seqscan = 'off', max_parallel_workers_per_gather = '0'
 Planning:
   Buffers: shared hit=86 read=26
 Planning Time: 2.155 ms
 Execution Time: 24.294 ms
(12 rows)

SET
SET
SET
SET
SET
                                             QUERY PLAN                                             
----------------------------------------------------------------------------------------------------
 Index Scan using idx on public.t (actual rows=32768.00 loops=1)
   Output: a, b
   Index Cond: ((t.a >= 22289) AND (t.a <= 55056))
   Index Searches: 1
   Buffers: shared hit=32822
 Settings: enable_bitmapscan = 'off', enable_seqscan = 'off', max_parallel_workers_per_gather = '0'
 Planning:
   Buffers: shared hit=117
 Planning Time: 0.201 ms
 Execution Time: 5.654 ms
(10 rows)

