SET
SET
SET
SET
SET
                                                                     QUERY PLAN                                                                      
-----------------------------------------------------------------------------------------------------------------------------------------------------
 Index Scan using idx on public.t (actual rows=65536.00 loops=1)
   Output: a, b
   Index Cond: ((t.a >= 13909) AND (t.a <= 79444))
   Index Searches: 1
   Prefetch: distance=232.136 count=23792 stalls=42214 skipped=79 resets=0 ungets=788 forwarded=2
             histogram [2,4) => 758, [4,8) => 12, [8,16) => 16, [16,32) => 24, [32,64) => 90, [64,128) => 241, [128,256) => 12797, [256,512) => 9854
   Buffers: shared hit=63750 read=1892
 Settings: enable_bitmapscan = 'off', enable_seqscan = 'off', max_parallel_workers_per_gather = '0'
 Planning:
   Buffers: shared hit=86 read=26
 Planning Time: 2.170 ms
 Execution Time: 55.245 ms
(12 rows)

SET
SET
SET
SET
SET
                                             QUERY PLAN                                             
----------------------------------------------------------------------------------------------------
 Index Scan using idx on public.t (actual rows=65536.00 loops=1)
   Output: a, b
   Index Cond: ((t.a >= 13909) AND (t.a <= 79444))
   Index Searches: 1
   Buffers: shared hit=65642
 Settings: enable_bitmapscan = 'off', enable_seqscan = 'off', max_parallel_workers_per_gather = '0'
 Planning:
   Buffers: shared hit=117
 Planning Time: 0.207 ms
 Execution Time: 10.305 ms
(10 rows)

