SET
SET
SET
SET
SET
                                                                         QUERY PLAN                                                                          
-------------------------------------------------------------------------------------------------------------------------------------------------------------
 Index Scan using idx on public.t (actual rows=7048576.00 loops=1)
   Output: a, b
   Index Cond: ((t.a >= 21395) AND (t.a <= 7069970))
   Index Searches: 1
   Prefetch: distance=75.893 count=319982 stalls=6722403 skipped=6906 resets=0 ungets=880 forwarded=2
             histogram [2,4) => 216640, [4,8) => 1810, [8,16) => 25, [16,32) => 40, [32,64) => 203, [64,128) => 1814, [128,256) => 65852, [256,512) => 33598
   Buffers: shared hit=6930765 read=130169
 Settings: enable_bitmapscan = 'off', enable_seqscan = 'off', max_parallel_workers_per_gather = '0'
 Planning:
   Buffers: shared hit=82 read=26
 Planning Time: 2.138 ms
 Execution Time: 6748.539 ms
(12 rows)

SET
SET
SET
SET
SET
                                             QUERY PLAN                                             
----------------------------------------------------------------------------------------------------
 Index Scan using idx on public.t (actual rows=7048576.00 loops=1)
   Output: a, b
   Index Cond: ((t.a >= 21395) AND (t.a <= 7069970))
   Index Searches: 1
   Buffers: shared hit=7060934
 Settings: enable_bitmapscan = 'off', enable_seqscan = 'off', max_parallel_workers_per_gather = '0'
 Planning:
   Buffers: shared hit=113
 Planning Time: 0.239 ms
 Execution Time: 1037.577 ms
(10 rows)

