SET
SET
SET
SET
SET
                                                                       QUERY PLAN                                                                       
--------------------------------------------------------------------------------------------------------------------------------------------------------
 Index Scan using idx on public.t (actual rows=262144.00 loops=1)
   Output: a, b
   Index Cond: ((t.a >= 25404) AND (t.a <= 287547))
   Index Searches: 1
   Prefetch: distance=188.619 count=33429 stalls=229293 skipped=264 resets=0 ungets=930 forwarded=1
             histogram [2,4) => 7046, [4,8) => 62, [8,16) => 20, [16,32) => 22, [32,64) => 168, [64,128) => 633, [128,256) => 14308, [256,512) => 11170
   Buffers: shared hit=256978 read=5624
 Settings: enable_bitmapscan = 'off', enable_seqscan = 'off', max_parallel_workers_per_gather = '0'
 Planning:
   Buffers: shared hit=82 read=26
 Planning Time: 2.144 ms
 Execution Time: 240.315 ms
(12 rows)

SET
SET
SET
SET
SET
                                             QUERY PLAN                                             
----------------------------------------------------------------------------------------------------
 Index Scan using idx on public.t (actual rows=262144.00 loops=1)
   Output: a, b
   Index Cond: ((t.a >= 25404) AND (t.a <= 287547))
   Index Searches: 1
   Buffers: shared hit=262602
 Settings: enable_bitmapscan = 'off', enable_seqscan = 'off', max_parallel_workers_per_gather = '0'
 Planning:
   Buffers: shared hit=113
 Planning Time: 0.186 ms
 Execution Time: 36.771 ms
(10 rows)

