SET
SET
SET
SET
SET
                                                                       QUERY PLAN                                                                        
---------------------------------------------------------------------------------------------------------------------------------------------------------
 Index Scan using idx on public.t (actual rows=3048576.00 loops=1)
   Output: a, b
   Index Cond: ((t.a >= 162) AND (t.a <= 3048737))
   Index Searches: 1
   Prefetch: distance=85.498 count=144292 stalls=2901954 skipped=3016 resets=0 ungets=860 forwarded=1
             histogram [2,4) => 92706, [4,8) => 752, [8,16) => 19, [16,32) => 25, [32,64) => 34, [64,128) => 321, [128,256) => 31612, [256,512) => 18823
   Buffers: shared hit=2997435 read=56460
 Settings: enable_bitmapscan = 'off', enable_seqscan = 'off', max_parallel_workers_per_gather = '0'
 Planning:
   Buffers: shared hit=82 read=26
 Planning Time: 2.136 ms
 Execution Time: 2904.292 ms
(12 rows)

SET
SET
SET
SET
SET
                                             QUERY PLAN                                             
----------------------------------------------------------------------------------------------------
 Index Scan using idx on public.t (actual rows=3048576.00 loops=1)
   Output: a, b
   Index Cond: ((t.a >= 162) AND (t.a <= 3048737))
   Index Searches: 1
   Buffers: shared hit=3053895
 Settings: enable_bitmapscan = 'off', enable_seqscan = 'off', max_parallel_workers_per_gather = '0'
 Planning:
   Buffers: shared hit=113
 Planning Time: 0.215 ms
 Execution Time: 453.748 ms
(10 rows)

