SET
SET
SET
SET
SET
                                                                       QUERY PLAN                                                                        
---------------------------------------------------------------------------------------------------------------------------------------------------------
 Index Scan using idx on public.t (actual rows=6048576.00 loops=1)
   Output: a, b
   Index Cond: ((t.a >= 6272) AND (t.a <= 6054847))
   Index Searches: 1
   Prefetch: distance=16.507 count=201398 stalls=5841681 skipped=5920 resets=0 ungets=749 forwarded=2
             histogram [2,4) => 187830, [4,8) => 1540, [8,16) => 16, [16,32) => 25, [32,64) => 93, [64,128) => 256, [128,256) => 4958, [256,512) => 6680
   Buffers: shared hit=5947554 read=111633
 Settings: enable_bitmapscan = 'off', enable_seqscan = 'off', max_parallel_workers_per_gather = '0'
 Planning:
   Buffers: shared hit=82 read=26
 Planning Time: 2.179 ms
 Execution Time: 5857.242 ms
(12 rows)

SET
SET
SET
SET
SET
                                             QUERY PLAN                                             
----------------------------------------------------------------------------------------------------
 Index Scan using idx on public.t (actual rows=6048576.00 loops=1)
   Output: a, b
   Index Cond: ((t.a >= 6272) AND (t.a <= 6054847))
   Index Searches: 1
   Buffers: shared hit=6059187
 Settings: enable_bitmapscan = 'off', enable_seqscan = 'off', max_parallel_workers_per_gather = '0'
 Planning:
   Buffers: shared hit=113
 Planning Time: 0.226 ms
 Execution Time: 912.518 ms
(10 rows)

