SET
SET
SET
SET
SET
                                                                      QUERY PLAN                                                                      
------------------------------------------------------------------------------------------------------------------------------------------------------
 Index Scan using idx on public.t (actual rows=524288.00 loops=1)
   Output: a, b
   Index Cond: ((t.a >= 24972) AND (t.a <= 549259))
   Index Searches: 1
   Prefetch: distance=126.492 count=32186 stalls=492376 skipped=519 resets=0 ungets=903 forwarded=0
             histogram [2,4) => 15536, [4,8) => 129, [8,16) => 18, [16,32) => 25, [32,64) => 34, [64,128) => 92, [128,256) => 8062, [256,512) => 8290
   Buffers: shared hit=514771 read=10437
 Settings: enable_bitmapscan = 'off', enable_seqscan = 'off', max_parallel_workers_per_gather = '0'
 Planning:
   Buffers: shared hit=82 read=26
 Planning Time: 2.154 ms
 Execution Time: 502.454 ms
(12 rows)

SET
SET
SET
SET
SET
                                             QUERY PLAN                                             
----------------------------------------------------------------------------------------------------
 Index Scan using idx on public.t (actual rows=524288.00 loops=1)
   Output: a, b
   Index Cond: ((t.a >= 24972) AND (t.a <= 549259))
   Index Searches: 1
   Buffers: shared hit=525208
 Settings: enable_bitmapscan = 'off', enable_seqscan = 'off', max_parallel_workers_per_gather = '0'
 Planning:
   Buffers: shared hit=113
 Planning Time: 0.189 ms
 Execution Time: 79.598 ms
(10 rows)

