SET
SET
SET
SET
SET
                                                                         QUERY PLAN                                                                          
-------------------------------------------------------------------------------------------------------------------------------------------------------------
 Index Scan using idx on public.t (actual rows=5048576.00 loops=1)
   Output: a, b
   Index Cond: ((t.a >= 21241) AND (t.a <= 5069816))
   Index Searches: 1
   Prefetch: distance=94.051 count=256840 stalls=4787400 skipped=4955 resets=0 ungets=820 forwarded=3
             histogram [2,4) => 154155, [4,8) => 1250, [8,16) => 21, [16,32) => 38, [32,64) => 287, [64,128) => 1530, [128,256) => 65639, [256,512) => 33920
   Buffers: shared hit=4963970 read=93451
 Settings: enable_bitmapscan = 'off', enable_seqscan = 'off', max_parallel_workers_per_gather = '0'
 Planning:
   Buffers: shared hit=82 read=26
 Planning Time: 2.162 ms
 Execution Time: 4811.777 ms
(12 rows)

SET
SET
SET
SET
SET
                                             QUERY PLAN                                             
----------------------------------------------------------------------------------------------------
 Index Scan using idx on public.t (actual rows=5048576.00 loops=1)
   Output: a, b
   Index Cond: ((t.a >= 21241) AND (t.a <= 5069816))
   Index Searches: 1
   Buffers: shared hit=5057421
 Settings: enable_bitmapscan = 'off', enable_seqscan = 'off', max_parallel_workers_per_gather = '0'
 Planning:
   Buffers: shared hit=113
 Planning Time: 0.229 ms
 Execution Time: 756.542 ms
(10 rows)

