SET
SET
SET
SET
SET
                                                               QUERY PLAN                                                                
-----------------------------------------------------------------------------------------------------------------------------------------
 Index Scan using idx on public.t (actual rows=256.00 loops=1)
   Output: a, b
   Index Cond: ((t.a >= 2973) AND (t.a <= 3228))
   Index Searches: 1
   Prefetch: distance=200.700 count=140 stalls=2 skipped=2 resets=0 ungets=39 forwarded=0
             histogram [2,4) => 2, [4,8) => 7, [8,16) => 10, [16,32) => 11, [32,64) => 7, [64,128) => 2, [128,256) => 2, [256,512) => 99
   Buffers: shared hit=65 read=196
 Settings: enable_bitmapscan = 'off', enable_seqscan = 'off', max_parallel_workers_per_gather = '0'
 Planning:
   Buffers: shared hit=86 read=26
 Planning Time: 1.471 ms
 Execution Time: 9.385 ms
(12 rows)

SET
SET
SET
SET
SET
                                             QUERY PLAN                                             
----------------------------------------------------------------------------------------------------
 Index Scan using idx on public.t (actual rows=256.00 loops=1)
   Output: a, b
   Index Cond: ((t.a >= 2973) AND (t.a <= 3228))
   Index Searches: 1
   Buffers: shared hit=261
 Settings: enable_bitmapscan = 'off', enable_seqscan = 'off', max_parallel_workers_per_gather = '0'
 Planning:
   Buffers: shared hit=117
 Planning Time: 0.170 ms
 Execution Time: 0.182 ms
(10 rows)

