SET
SET
SET
SET
SET
                                                                      QUERY PLAN                                                                      
------------------------------------------------------------------------------------------------------------------------------------------------------
 Index Scan using idx on public.t (actual rows=524288.00 loops=1)
   Output: a, b
   Index Cond: ((t.a >= 18518) AND (t.a <= 542805))
   Index Searches: 1
   Prefetch: distance=97.498 count=25567 stalls=498759 skipped=512 resets=0 ungets=794 forwarded=0
             histogram [2,4) => 15602, [4,8) => 127, [8,16) => 22, [16,32) => 27, [32,64) => 35, [64,128) => 66, [128,256) => 3576, [256,512) => 6112
   Buffers: shared hit=514844 read=10369
 Settings: enable_bitmapscan = 'off', enable_seqscan = 'off', max_parallel_workers_per_gather = '0'
 Planning:
   Buffers: shared hit=82 read=26
 Planning Time: 2.134 ms
 Execution Time: 507.233 ms
(12 rows)

SET
SET
SET
SET
SET
                                             QUERY PLAN                                             
----------------------------------------------------------------------------------------------------
 Index Scan using idx on public.t (actual rows=524288.00 loops=1)
   Output: a, b
   Index Cond: ((t.a >= 18518) AND (t.a <= 542805))
   Index Searches: 1
   Buffers: shared hit=525213
 Settings: enable_bitmapscan = 'off', enable_seqscan = 'off', max_parallel_workers_per_gather = '0'
 Planning:
   Buffers: shared hit=113
 Planning Time: 0.205 ms
 Execution Time: 79.342 ms
(10 rows)

