SET
SET
SET
SET
SET
                                                                     QUERY PLAN                                                                     
----------------------------------------------------------------------------------------------------------------------------------------------------
 Index Scan using idx on public.t (actual rows=65536.00 loops=1)
   Output: a, b
   Index Cond: ((t.a >= 9121) AND (t.a <= 74656))
   Index Searches: 1
   Prefetch: distance=228.343 count=19118 stalls=46964 skipped=84 resets=0 ungets=839 forwarded=1
             histogram [2,4) => 786, [4,8) => 9, [8,16) => 17, [16,32) => 25, [32,64) => 148, [64,128) => 464, [128,256) => 9351, [256,512) => 8318
   Buffers: shared hit=63805 read=1832
 Settings: enable_bitmapscan = 'off', enable_seqscan = 'off', max_parallel_workers_per_gather = '0'
 Planning:
   Buffers: shared hit=86 read=26
 Planning Time: 2.142 ms
 Execution Time: 52.316 ms
(12 rows)

SET
SET
SET
SET
SET
                                             QUERY PLAN                                             
----------------------------------------------------------------------------------------------------
 Index Scan using idx on public.t (actual rows=65536.00 loops=1)
   Output: a, b
   Index Cond: ((t.a >= 9121) AND (t.a <= 74656))
   Index Searches: 1
   Buffers: shared hit=65637
 Settings: enable_bitmapscan = 'off', enable_seqscan = 'off', max_parallel_workers_per_gather = '0'
 Planning:
   Buffers: shared hit=117
 Planning Time: 0.209 ms
 Execution Time: 10.502 ms
(10 rows)

