SET
SET
SET
SET
SET
                                                                QUERY PLAN                                                                 
-------------------------------------------------------------------------------------------------------------------------------------------
 Index Scan using idx on public.t (actual rows=2048.00 loops=1)
   Output: a, b
   Index Cond: ((t.a >= 32435) AND (t.a <= 34482))
   Index Searches: 1
   Prefetch: distance=266.089 count=2303 stalls=1 skipped=1 resets=0 ungets=552 forwarded=0
             histogram [2,4) => 4, [4,8) => 6, [8,16) => 7, [16,32) => 11, [32,64) => 2, [64,128) => 2, [128,256) => 41, [256,512) => 2230
   Buffers: shared hit=1240 read=817
 Settings: enable_bitmapscan = 'off', enable_seqscan = 'off', max_parallel_workers_per_gather = '0'
 Planning:
   Buffers: shared hit=86 read=26
 Planning Time: 2.238 ms
 Execution Time: 21.356 ms
(12 rows)

SET
SET
SET
SET
SET
                                             QUERY PLAN                                             
----------------------------------------------------------------------------------------------------
 Index Scan using idx on public.t (actual rows=2048.00 loops=1)
   Output: a, b
   Index Cond: ((t.a >= 32435) AND (t.a <= 34482))
   Index Searches: 1
   Buffers: shared hit=2057
 Settings: enable_bitmapscan = 'off', enable_seqscan = 'off', max_parallel_workers_per_gather = '0'
 Planning:
   Buffers: shared hit=117
 Planning Time: 0.159 ms
 Execution Time: 0.471 ms
(10 rows)

