SET
SET
SET
SET
SET
                                                                      QUERY PLAN                                                                       
-------------------------------------------------------------------------------------------------------------------------------------------------------
 Index Scan using idx on public.t (actual rows=262144.00 loops=1)
   Output: a, b
   Index Cond: ((t.a >= 6574) AND (t.a <= 268717))
   Index Searches: 1
   Prefetch: distance=191.715 count=32451 stalls=229889 skipped=272 resets=0 ungets=758 forwarded=1
             histogram [2,4) => 6622, [4,8) => 65, [8,16) => 19, [16,32) => 26, [32,64) => 40, [64,128) => 305, [128,256) => 14576, [256,512) => 10798
   Buffers: shared hit=257181 read=5413
 Settings: enable_bitmapscan = 'off', enable_seqscan = 'off', max_parallel_workers_per_gather = '0'
 Planning:
   Buffers: shared hit=82 read=26
 Planning Time: 2.142 ms
 Execution Time: 241.634 ms
(12 rows)

SET
SET
SET
SET
SET
                                             QUERY PLAN                                             
----------------------------------------------------------------------------------------------------
 Index Scan using idx on public.t (actual rows=262144.00 loops=1)
   Output: a, b
   Index Cond: ((t.a >= 6574) AND (t.a <= 268717))
   Index Searches: 1
   Buffers: shared hit=262594
 Settings: enable_bitmapscan = 'off', enable_seqscan = 'off', max_parallel_workers_per_gather = '0'
 Planning:
   Buffers: shared hit=113
 Planning Time: 0.208 ms
 Execution Time: 34.595 ms
(10 rows)

