SET
SET
SET
SET
SET
                                                                    QUERY PLAN                                                                    
--------------------------------------------------------------------------------------------------------------------------------------------------
 Index Scan using idx on public.t (actual rows=16384.00 loops=1)
   Output: a, b
   Index Cond: ((t.a >= 31079) AND (t.a <= 47462))
   Index Searches: 1
   Prefetch: distance=245.115 count=8782 stalls=8352 skipped=21 resets=0 ungets=870 forwarded=0
             histogram [2,4) => 152, [4,8) => 9, [8,16) => 23, [16,32) => 40, [32,64) => 35, [64,128) => 66, [128,256) => 2923, [256,512) => 5534
   Buffers: shared hit=15244 read=1170
 Settings: enable_bitmapscan = 'off', enable_seqscan = 'off', max_parallel_workers_per_gather = '0'
 Planning:
   Buffers: shared hit=86 read=26
 Planning Time: 2.199 ms
 Execution Time: 20.365 ms
(12 rows)

SET
SET
SET
SET
SET
                                             QUERY PLAN                                             
----------------------------------------------------------------------------------------------------
 Index Scan using idx on public.t (actual rows=16384.00 loops=1)
   Output: a, b
   Index Cond: ((t.a >= 31079) AND (t.a <= 47462))
   Index Searches: 1
   Buffers: shared hit=16414
 Settings: enable_bitmapscan = 'off', enable_seqscan = 'off', max_parallel_workers_per_gather = '0'
 Planning:
   Buffers: shared hit=117
 Planning Time: 0.169 ms
 Execution Time: 1.808 ms
(10 rows)

