SET
SET
SET
SET
SET
                                                                       QUERY PLAN                                                                        
---------------------------------------------------------------------------------------------------------------------------------------------------------
 Index Scan using idx on public.t (actual rows=3048576.00 loops=1)
   Output: a, b
   Index Cond: ((t.a >= 6965) AND (t.a <= 3055540))
   Index Searches: 1
   Prefetch: distance=92.594 count=151376 stalls=2895181 skipped=2999 resets=0 ungets=1003 forwarded=0
             histogram [2,4) => 92702, [4,8) => 752, [8,16) => 13, [16,32) => 25, [32,64) => 34, [64,128) => 413, [128,256) => 36214, [256,512) => 21223
   Buffers: shared hit=2997347 read=56566
 Settings: enable_bitmapscan = 'off', enable_seqscan = 'off', max_parallel_workers_per_gather = '0'
 Planning:
   Buffers: shared hit=82 read=26
 Planning Time: 2.129 ms
 Execution Time: 2903.360 ms
(12 rows)

SET
SET
SET
SET
SET
                                             QUERY PLAN                                             
----------------------------------------------------------------------------------------------------
 Index Scan using idx on public.t (actual rows=3048576.00 loops=1)
   Output: a, b
   Index Cond: ((t.a >= 6965) AND (t.a <= 3055540))
   Index Searches: 1
   Buffers: shared hit=3053913
 Settings: enable_bitmapscan = 'off', enable_seqscan = 'off', max_parallel_workers_per_gather = '0'
 Planning:
   Buffers: shared hit=113
 Planning Time: 0.250 ms
 Execution Time: 464.943 ms
(10 rows)

