SET
SET
SET
SET
SET
                                                                         QUERY PLAN                                                                          
-------------------------------------------------------------------------------------------------------------------------------------------------------------
 Index Scan using idx on public.t (actual rows=5048576.00 loops=1)
   Output: a, b
   Index Cond: ((t.a >= 29986) AND (t.a <= 5078561))
   Index Searches: 1
   Prefetch: distance=98.790 count=265563 stalls=4778774 skipped=4947 resets=0 ungets=870 forwarded=2
             histogram [2,4) => 154047, [4,8) => 1249, [8,16) => 20, [16,32) => 40, [32,64) => 286, [64,128) => 1676, [128,256) => 71621, [256,512) => 36624
   Buffers: shared hit=4963893 read=93536
 Settings: enable_bitmapscan = 'off', enable_seqscan = 'off', max_parallel_workers_per_gather = '0'
 Planning:
   Buffers: shared hit=82 read=26
 Planning Time: 2.145 ms
 Execution Time: 4827.037 ms
(12 rows)

SET
SET
SET
SET
SET
                                             QUERY PLAN                                             
----------------------------------------------------------------------------------------------------
 Index Scan using idx on public.t (actual rows=5048576.00 loops=1)
   Output: a, b
   Index Cond: ((t.a >= 29986) AND (t.a <= 5078561))
   Index Searches: 1
   Buffers: shared hit=5057429
 Settings: enable_bitmapscan = 'off', enable_seqscan = 'off', max_parallel_workers_per_gather = '0'
 Planning:
   Buffers: shared hit=113
 Planning Time: 0.228 ms
 Execution Time: 753.332 ms
(10 rows)

