SET
SET
SET
SET
SET
                                                                        QUERY PLAN                                                                         
-----------------------------------------------------------------------------------------------------------------------------------------------------------
 Index Scan using idx on public.t (actual rows=6048576.00 loops=1)
   Output: a, b
   Index Cond: ((t.a >= 32172) AND (t.a <= 6080747))
   Index Searches: 1
   Prefetch: distance=30.996 count=215816 stalls=5827387 skipped=5910 resets=0 ungets=777 forwarded=2
             histogram [2,4) => 187940, [4,8) => 1544, [8,16) => 13, [16,32) => 59, [32,64) => 59, [64,128) => 258, [128,256) => 14996, [256,512) => 10947
   Buffers: shared hit=5947291 read=111907
 Settings: enable_bitmapscan = 'off', enable_seqscan = 'off', max_parallel_workers_per_gather = '0'
 Planning:
   Buffers: shared hit=82 read=26
 Planning Time: 2.132 ms
 Execution Time: 5853.763 ms
(12 rows)

SET
SET
SET
SET
SET
                                             QUERY PLAN                                             
----------------------------------------------------------------------------------------------------
 Index Scan using idx on public.t (actual rows=6048576.00 loops=1)
   Output: a, b
   Index Cond: ((t.a >= 32172) AND (t.a <= 6080747))
   Index Searches: 1
   Buffers: shared hit=6059198
 Settings: enable_bitmapscan = 'off', enable_seqscan = 'off', max_parallel_workers_per_gather = '0'
 Planning:
   Buffers: shared hit=113
 Planning Time: 0.224 ms
 Execution Time: 895.595 ms
(10 rows)

