SET
SET
SET
SET
SET
                                                                        QUERY PLAN                                                                         
-----------------------------------------------------------------------------------------------------------------------------------------------------------
 Index Scan using idx on public.t (actual rows=9048576.00 loops=1)
   Output: a, b
   Index Cond: ((t.a >= 11420) AND (t.a <= 9059995))
   Index Searches: 1
   Prefetch: distance=29.485 count=320328 stalls=8719982 skipped=8821 resets=0 ungets=803 forwarded=0
             histogram [2,4) => 280912, [4,8) => 2342, [8,16) => 13, [16,32) => 39, [32,64) => 86, [64,128) => 295, [128,256) => 22404, [256,512) => 14237
   Buffers: shared hit=8897711 read=166773
 Settings: enable_bitmapscan = 'off', enable_seqscan = 'off', max_parallel_workers_per_gather = '0'
 Planning:
   Buffers: shared hit=82 read=26
 Planning Time: 2.142 ms
 Execution Time: 8671.716 ms
(12 rows)

SET
SET
SET
SET
SET
                                             QUERY PLAN                                             
----------------------------------------------------------------------------------------------------
 Index Scan using idx on public.t (actual rows=9048576.00 loops=1)
   Output: a, b
   Index Cond: ((t.a >= 11420) AND (t.a <= 9059995))
   Index Searches: 1
   Buffers: shared hit=9064484
 Settings: enable_bitmapscan = 'off', enable_seqscan = 'off', max_parallel_workers_per_gather = '0'
 Planning:
   Buffers: shared hit=113
 Planning Time: 0.230 ms
 Execution Time: 1343.273 ms
(10 rows)

