SET
SET
SET
SET
SET
                                                               QUERY PLAN                                                                
-----------------------------------------------------------------------------------------------------------------------------------------
 Index Scan using idx on public.t (actual rows=512.00 loops=1)
   Output: a, b
   Index Cond: ((t.a >= 28891) AND (t.a <= 29402))
   Index Searches: 1
   Prefetch: distance=238.598 count=256 stalls=2 skipped=0 resets=0 ungets=85 forwarded=0
             histogram [2,4) => 4, [4,8) => 5, [8,16) => 5, [16,32) => 10, [32,64) => 5, [64,128) => 3, [128,256) => 3, [256,512) => 221
   Buffers: shared hit=132 read=387
 Settings: enable_bitmapscan = 'off', enable_seqscan = 'off', max_parallel_workers_per_gather = '0'
 Planning:
   Buffers: shared hit=86 read=26
 Planning Time: 1.516 ms
 Execution Time: 18.927 ms
(12 rows)

SET
SET
SET
SET
SET
                                             QUERY PLAN                                             
----------------------------------------------------------------------------------------------------
 Index Scan using idx on public.t (actual rows=512.00 loops=1)
   Output: a, b
   Index Cond: ((t.a >= 28891) AND (t.a <= 29402))
   Index Searches: 1
   Buffers: shared hit=519
 Settings: enable_bitmapscan = 'off', enable_seqscan = 'off', max_parallel_workers_per_gather = '0'
 Planning:
   Buffers: shared hit=117
 Planning Time: 0.151 ms
 Execution Time: 0.215 ms
(10 rows)

