SET
SET
SET
SET
SET
                                                                    QUERY PLAN                                                                     
---------------------------------------------------------------------------------------------------------------------------------------------------
 Index Scan using idx on public.t (actual rows=16384.00 loops=1)
   Output: a, b
   Index Cond: ((t.a >= 24783) AND (t.a <= 41166))
   Index Searches: 1
   Prefetch: distance=237.064 count=8729 stalls=8525 skipped=26 resets=0 ungets=921 forwarded=0
             histogram [2,4) => 130, [4,8) => 7, [8,16) => 13, [16,32) => 25, [32,64) => 55, [64,128) => 340, [128,256) => 3035, [256,512) => 5124
   Buffers: shared hit=15296 read=1113
 Settings: enable_bitmapscan = 'off', enable_seqscan = 'off', max_parallel_workers_per_gather = '0'
 Planning:
   Buffers: shared hit=86 read=26
 Planning Time: 2.160 ms
 Execution Time: 15.130 ms
(12 rows)

SET
SET
SET
SET
SET
                                             QUERY PLAN                                             
----------------------------------------------------------------------------------------------------
 Index Scan using idx on public.t (actual rows=16384.00 loops=1)
   Output: a, b
   Index Cond: ((t.a >= 24783) AND (t.a <= 41166))
   Index Searches: 1
   Buffers: shared hit=16409
 Settings: enable_bitmapscan = 'off', enable_seqscan = 'off', max_parallel_workers_per_gather = '0'
 Planning:
   Buffers: shared hit=117
 Planning Time: 0.185 ms
 Execution Time: 2.090 ms
(10 rows)

