SET
SET
SET
SET
SET
                                                                       QUERY PLAN                                                                        
---------------------------------------------------------------------------------------------------------------------------------------------------------
 Index Scan using idx on public.t (actual rows=1048576.00 loops=1)
   Output: a, b
   Index Cond: ((t.a >= 3268) AND (t.a <= 1051843))
   Index Searches: 1
   Prefetch: distance=114.656 count=59239 stalls=988985 skipped=1041 resets=0 ungets=865 forwarded=0
             histogram [2,4) => 31024, [4,8) => 248, [8,16) => 18, [16,32) => 23, [32,64) => 55, [64,128) => 446, [128,256) => 15681, [256,512) => 11744
   Buffers: shared hit=1030607 read=19799
 Settings: enable_bitmapscan = 'off', enable_seqscan = 'off', max_parallel_workers_per_gather = '0'
 Planning:
   Buffers: shared hit=82 read=26
 Planning Time: 2.160 ms
 Execution Time: 991.747 ms
(12 rows)

SET
SET
SET
SET
SET
                                             QUERY PLAN                                             
----------------------------------------------------------------------------------------------------
 Index Scan using idx on public.t (actual rows=1048576.00 loops=1)
   Output: a, b
   Index Cond: ((t.a >= 3268) AND (t.a <= 1051843))
   Index Searches: 1
   Buffers: shared hit=1050406
 Settings: enable_bitmapscan = 'off', enable_seqscan = 'off', max_parallel_workers_per_gather = '0'
 Planning:
   Buffers: shared hit=113
 Planning Time: 0.182 ms
 Execution Time: 157.447 ms
(10 rows)

