SET
SET
SET
SET
SET
                                                                         QUERY PLAN                                                                         
------------------------------------------------------------------------------------------------------------------------------------------------------------
 Index Scan using idx on public.t (actual rows=4048576.00 loops=1)
   Output: a, b
   Index Cond: ((t.a >= 15189) AND (t.a <= 4063764))
   Index Searches: 1
   Prefetch: distance=112.048 count=233539 stalls=3811535 skipped=3985 resets=0 ungets=766 forwarded=2
             histogram [2,4) => 122518, [4,8) => 991, [8,16) => 16, [16,32) => 27, [32,64) => 187, [64,128) => 1503, [128,256) => 72218, [256,512) => 36079
   Buffers: shared hit=3980624 read=75034
 Settings: enable_bitmapscan = 'off', enable_seqscan = 'off', max_parallel_workers_per_gather = '0'
 Planning:
   Buffers: shared hit=82 read=26
 Planning Time: 2.267 ms
 Execution Time: 3885.717 ms
(12 rows)

SET
SET
SET
SET
SET
                                             QUERY PLAN                                             
----------------------------------------------------------------------------------------------------
 Index Scan using idx on public.t (actual rows=4048576.00 loops=1)
   Output: a, b
   Index Cond: ((t.a >= 15189) AND (t.a <= 4063764))
   Index Searches: 1
   Buffers: shared hit=4055658
 Settings: enable_bitmapscan = 'off', enable_seqscan = 'off', max_parallel_workers_per_gather = '0'
 Planning:
   Buffers: shared hit=113
 Planning Time: 0.230 ms
 Execution Time: 609.175 ms
(10 rows)

