SET
SET
SET
SET
SET
                                                                      QUERY PLAN                                                                       
-------------------------------------------------------------------------------------------------------------------------------------------------------
 Index Scan using idx on public.t (actual rows=131072.00 loops=1)
   Output: a, b
   Index Cond: ((t.a >= 14178) AND (t.a <= 145249))
   Index Searches: 1
   Prefetch: distance=230.811 count=57782 stalls=73872 skipped=129 resets=0 ungets=875 forwarded=2
             histogram [2,4) => 1788, [4,8) => 14, [8,16) => 20, [16,32) => 21, [32,64) => 73, [64,128) => 331, [128,256) => 35458, [256,512) => 20077
   Buffers: shared hit=128209 read=3098
 Settings: enable_bitmapscan = 'off', enable_seqscan = 'off', max_parallel_workers_per_gather = '0'
 Planning:
   Buffers: shared hit=82 read=26
 Planning Time: 2.160 ms
 Execution Time: 95.658 ms
(12 rows)

SET
SET
SET
SET
SET
                                             QUERY PLAN                                             
----------------------------------------------------------------------------------------------------
 Index Scan using idx on public.t (actual rows=131072.00 loops=1)
   Output: a, b
   Index Cond: ((t.a >= 14178) AND (t.a <= 145249))
   Index Searches: 1
   Buffers: shared hit=131307
 Settings: enable_bitmapscan = 'off', enable_seqscan = 'off', max_parallel_workers_per_gather = '0'
 Planning:
   Buffers: shared hit=113
 Planning Time: 0.179 ms
 Execution Time: 14.314 ms
(10 rows)

