SET
SET
SET
SET
SET
                                                                      QUERY PLAN                                                                      
------------------------------------------------------------------------------------------------------------------------------------------------------
 Index Scan using idx on public.t (actual rows=262144.00 loops=1)
   Output: a, b
   Index Cond: ((t.a >= 9287) AND (t.a <= 271430))
   Index Searches: 1
   Prefetch: distance=143.973 count=17641 stalls=245114 skipped=262 resets=0 ungets=948 forwarded=0
             histogram [2,4) => 7186, [4,8) => 63, [8,16) => 19, [16,32) => 21, [32,64) => 157, [64,128) => 462, [128,256) => 3458, [256,512) => 6275
   Buffers: shared hit=257160 read=5445
 Settings: enable_bitmapscan = 'off', enable_seqscan = 'off', max_parallel_workers_per_gather = '0'
 Planning:
   Buffers: shared hit=82 read=26
 Planning Time: 2.176 ms
 Execution Time: 241.862 ms
(12 rows)

SET
SET
SET
SET
SET
                                             QUERY PLAN                                             
----------------------------------------------------------------------------------------------------
 Index Scan using idx on public.t (actual rows=262144.00 loops=1)
   Output: a, b
   Index Cond: ((t.a >= 9287) AND (t.a <= 271430))
   Index Searches: 1
   Buffers: shared hit=262605
 Settings: enable_bitmapscan = 'off', enable_seqscan = 'off', max_parallel_workers_per_gather = '0'
 Planning:
   Buffers: shared hit=113
 Planning Time: 0.181 ms
 Execution Time: 37.307 ms
(10 rows)

