SET
SET
SET
SET
SET
                                                                     QUERY PLAN                                                                     
----------------------------------------------------------------------------------------------------------------------------------------------------
 Index Scan using idx on public.t (actual rows=32768.00 loops=1)
   Output: a, b
   Index Cond: ((t.a >= 26905) AND (t.a <= 59672))
   Index Searches: 1
   Prefetch: distance=234.803 count=15341 stalls=17949 skipped=45 resets=0 ungets=798 forwarded=0
             histogram [2,4) => 326, [4,8) => 13, [8,16) => 17, [16,32) => 56, [32,64) => 42, [64,128) => 269, [128,256) => 7419, [256,512) => 7199
   Buffers: shared hit=31387 read=1431
 Settings: enable_bitmapscan = 'off', enable_seqscan = 'off', max_parallel_workers_per_gather = '0'
 Planning:
   Buffers: shared hit=86 read=26
 Planning Time: 2.140 ms
 Execution Time: 37.185 ms
(12 rows)

SET
SET
SET
SET
SET
                                             QUERY PLAN                                             
----------------------------------------------------------------------------------------------------
 Index Scan using idx on public.t (actual rows=32768.00 loops=1)
   Output: a, b
   Index Cond: ((t.a >= 26905) AND (t.a <= 59672))
   Index Searches: 1
   Buffers: shared hit=32818
 Settings: enable_bitmapscan = 'off', enable_seqscan = 'off', max_parallel_workers_per_gather = '0'
 Planning:
   Buffers: shared hit=117
 Planning Time: 0.206 ms
 Execution Time: 5.847 ms
(10 rows)

