SET
SET
SET
SET
SET
                                                                       QUERY PLAN                                                                        
---------------------------------------------------------------------------------------------------------------------------------------------------------
 Index Scan using idx on public.t (actual rows=524288.00 loops=1)
   Output: a, b
   Index Cond: ((t.a >= 7259) AND (t.a <= 531546))
   Index Searches: 1
   Prefetch: distance=187.757 count=66215 stalls=457942 skipped=520 resets=0 ungets=720 forwarded=2
             histogram [2,4) => 14014, [4,8) => 117, [8,16) => 15, [16,32) => 25, [32,64) => 67, [64,128) => 329, [128,256) => 33036, [256,512) => 18612
   Buffers: shared hit=514974 read=10230
 Settings: enable_bitmapscan = 'off', enable_seqscan = 'off', max_parallel_workers_per_gather = '0'
 Planning:
   Buffers: shared hit=82 read=26
 Planning Time: 2.187 ms
 Execution Time: 484.839 ms
(12 rows)

SET
SET
SET
SET
SET
                                             QUERY PLAN                                             
----------------------------------------------------------------------------------------------------
 Index Scan using idx on public.t (actual rows=524288.00 loops=1)
   Output: a, b
   Index Cond: ((t.a >= 7259) AND (t.a <= 531546))
   Index Searches: 1
   Buffers: shared hit=525204
 Settings: enable_bitmapscan = 'off', enable_seqscan = 'off', max_parallel_workers_per_gather = '0'
 Planning:
   Buffers: shared hit=113
 Planning Time: 0.192 ms
 Execution Time: 80.009 ms
(10 rows)

