SET
SET
SET
SET
SET
                                                                       QUERY PLAN                                                                        
---------------------------------------------------------------------------------------------------------------------------------------------------------
 Index Scan using idx on public.t (actual rows=3048576.00 loops=1)
   Output: a, b
   Index Cond: ((t.a >= 20421) AND (t.a <= 3068996))
   Index Searches: 1
   Prefetch: distance=103.399 count=164183 stalls=2881847 skipped=2998 resets=0 ungets=755 forwarded=0
             histogram [2,4) => 92606, [4,8) => 755, [8,16) => 14, [16,32) => 25, [32,64) => 41, [64,128) => 538, [128,256) => 45921, [256,512) => 24283
   Buffers: shared hit=2997186 read=56727
 Settings: enable_bitmapscan = 'off', enable_seqscan = 'off', max_parallel_workers_per_gather = '0'
 Planning:
   Buffers: shared hit=82 read=26
 Planning Time: 2.140 ms
 Execution Time: 2917.997 ms
(12 rows)

SET
SET
SET
SET
SET
                                             QUERY PLAN                                             
----------------------------------------------------------------------------------------------------
 Index Scan using idx on public.t (actual rows=3048576.00 loops=1)
   Output: a, b
   Index Cond: ((t.a >= 20421) AND (t.a <= 3068996))
   Index Searches: 1
   Buffers: shared hit=3053913
 Settings: enable_bitmapscan = 'off', enable_seqscan = 'off', max_parallel_workers_per_gather = '0'
 Planning:
   Buffers: shared hit=113
 Planning Time: 0.233 ms
 Execution Time: 454.131 ms
(10 rows)

