SET
SET
SET
SET
SET
                                                                        QUERY PLAN                                                                        
----------------------------------------------------------------------------------------------------------------------------------------------------------
 Index Scan using idx on public.t (actual rows=2048576.00 loops=1)
   Output: a, b
   Index Cond: ((t.a >= 16399) AND (t.a <= 2064974))
   Index Searches: 1
   Prefetch: distance=94.375 count=103780 stalls=1943418 skipped=1964 resets=0 ungets=805 forwarded=2
             histogram [2,4) => 62212, [4,8) => 480, [8,16) => 19, [16,32) => 24, [32,64) => 155, [64,128) => 936, [128,256) => 24805, [256,512) => 15149
   Buffers: shared hit=2013888 read=38327
 Settings: enable_bitmapscan = 'off', enable_seqscan = 'off', max_parallel_workers_per_gather = '0'
 Planning:
   Buffers: shared hit=82 read=26
 Planning Time: 2.128 ms
 Execution Time: 1964.721 ms
(12 rows)

SET
SET
SET
SET
SET
                                             QUERY PLAN                                             
----------------------------------------------------------------------------------------------------
 Index Scan using idx on public.t (actual rows=2048576.00 loops=1)
   Output: a, b
   Index Cond: ((t.a >= 16399) AND (t.a <= 2064974))
   Index Searches: 1
   Buffers: shared hit=2052215
 Settings: enable_bitmapscan = 'off', enable_seqscan = 'off', max_parallel_workers_per_gather = '0'
 Planning:
   Buffers: shared hit=113
 Planning Time: 0.191 ms
 Execution Time: 314.251 ms
(10 rows)

