SET
SET
SET
SET
SET
                                                                     QUERY PLAN                                                                      
-----------------------------------------------------------------------------------------------------------------------------------------------------
 Index Scan using idx on public.t (actual rows=65536.00 loops=1)
   Output: a, b
   Index Cond: ((t.a >= 23303) AND (t.a <= 88838))
   Index Searches: 1
   Prefetch: distance=234.892 count=33328 stalls=32913 skipped=81 resets=0 ungets=903 forwarded=2
             histogram [2,4) => 672, [4,8) => 9, [8,16) => 19, [16,32) => 24, [32,64) => 89, [64,128) => 249, [128,256) => 19088, [256,512) => 13178
   Buffers: shared hit=63644 read=1996
 Settings: enable_bitmapscan = 'off', enable_seqscan = 'off', max_parallel_workers_per_gather = '0'
 Planning:
   Buffers: shared hit=86 read=26
 Planning Time: 2.160 ms
 Execution Time: 48.831 ms
(12 rows)

SET
SET
SET
SET
SET
                                             QUERY PLAN                                             
----------------------------------------------------------------------------------------------------
 Index Scan using idx on public.t (actual rows=65536.00 loops=1)
   Output: a, b
   Index Cond: ((t.a >= 23303) AND (t.a <= 88838))
   Index Searches: 1
   Buffers: shared hit=65640
 Settings: enable_bitmapscan = 'off', enable_seqscan = 'off', max_parallel_workers_per_gather = '0'
 Planning:
   Buffers: shared hit=117
 Planning Time: 0.168 ms
 Execution Time: 6.652 ms
(10 rows)

