SET
SET
SET
SET
SET
                                                                         QUERY PLAN                                                                         
------------------------------------------------------------------------------------------------------------------------------------------------------------
 Index Scan using idx on public.t (actual rows=8048576.00 loops=1)
   Output: a, b
   Index Cond: ((t.a >= 19581) AND (t.a <= 8068156))
   Index Searches: 1
   Prefetch: distance=25.514 count=280291 stalls=7760926 skipped=7854 resets=0 ungets=764 forwarded=0
             histogram [2,4) => 250144, [4,8) => 2089, [8,16) => 13, [16,32) => 60, [32,64) => 380, [64,128) => 341, [128,256) => 16210, [256,512) => 11054
   Buffers: shared hit=7914210 read=148508
 Settings: enable_bitmapscan = 'off', enable_seqscan = 'off', max_parallel_workers_per_gather = '0'
 Planning:
   Buffers: shared hit=82 read=26
 Planning Time: 2.133 ms
 Execution Time: 7781.485 ms
(12 rows)

SET
SET
SET
SET
SET
                                             QUERY PLAN                                             
----------------------------------------------------------------------------------------------------
 Index Scan using idx on public.t (actual rows=8048576.00 loops=1)
   Output: a, b
   Index Cond: ((t.a >= 19581) AND (t.a <= 8068156))
   Index Searches: 1
   Buffers: shared hit=8062718
 Settings: enable_bitmapscan = 'off', enable_seqscan = 'off', max_parallel_workers_per_gather = '0'
 Planning:
   Buffers: shared hit=113
 Planning Time: 0.230 ms
 Execution Time: 1200.380 ms
(10 rows)

