SET
SET
SET
SET
SET
                                                                       QUERY PLAN                                                                        
---------------------------------------------------------------------------------------------------------------------------------------------------------
 Index Scan using idx on public.t (actual rows=6048576.00 loops=1)
   Output: a, b
   Index Cond: ((t.a >= 6844) AND (t.a <= 6055419))
   Index Searches: 1
   Prefetch: distance=17.488 count=202236 stalls=5841112 skipped=5918 resets=0 ungets=856 forwarded=1
             histogram [2,4) => 187830, [4,8) => 1539, [8,16) => 20, [16,32) => 21, [32,64) => 88, [64,128) => 257, [128,256) => 5382, [256,512) => 7099
   Buffers: shared hit=5947548 read=111642
 Settings: enable_bitmapscan = 'off', enable_seqscan = 'off', max_parallel_workers_per_gather = '0'
 Planning:
   Buffers: shared hit=82 read=26
 Planning Time: 2.154 ms
 Execution Time: 5830.214 ms
(12 rows)

SET
SET
SET
SET
SET
                                             QUERY PLAN                                             
----------------------------------------------------------------------------------------------------
 Index Scan using idx on public.t (actual rows=6048576.00 loops=1)
   Output: a, b
   Index Cond: ((t.a >= 6844) AND (t.a <= 6055419))
   Index Searches: 1
   Buffers: shared hit=6059190
 Settings: enable_bitmapscan = 'off', enable_seqscan = 'off', max_parallel_workers_per_gather = '0'
 Planning:
   Buffers: shared hit=113
 Planning Time: 0.223 ms
 Execution Time: 919.738 ms
(10 rows)

