SET
SET
SET
SET
SET
                                                               QUERY PLAN                                                                
-----------------------------------------------------------------------------------------------------------------------------------------
 Index Scan using idx on public.t (actual rows=512.00 loops=1)
   Output: a, b
   Index Cond: ((t.a >= 17233) AND (t.a <= 17744))
   Index Searches: 1
   Prefetch: distance=262.809 count=800 stalls=1 skipped=0 resets=0 ungets=316 forwarded=0
             histogram [2,4) => 2, [4,8) => 7, [8,16) => 4, [16,32) => 10, [32,64) => 2, [64,128) => 2, [128,256) => 2, [256,512) => 771
   Buffers: shared hit=160 read=360
 Settings: enable_bitmapscan = 'off', enable_seqscan = 'off', max_parallel_workers_per_gather = '0'
 Planning:
   Buffers: shared hit=86 read=26
 Planning Time: 1.474 ms
 Execution Time: 4.447 ms
(12 rows)

SET
SET
SET
SET
SET
                                             QUERY PLAN                                             
----------------------------------------------------------------------------------------------------
 Index Scan using idx on public.t (actual rows=512.00 loops=1)
   Output: a, b
   Index Cond: ((t.a >= 17233) AND (t.a <= 17744))
   Index Searches: 1
   Buffers: shared hit=520
 Settings: enable_bitmapscan = 'off', enable_seqscan = 'off', max_parallel_workers_per_gather = '0'
 Planning:
   Buffers: shared hit=117
 Planning Time: 0.204 ms
 Execution Time: 0.428 ms
(10 rows)

