SET
SET
SET
SET
SET
                                                                  QUERY PLAN                                                                  
----------------------------------------------------------------------------------------------------------------------------------------------
 Index Scan using idx on public.t (actual rows=4096.00 loops=1)
   Output: a, b
   Index Cond: ((t.a >= 9524) AND (t.a <= 13619))
   Index Searches: 1
   Prefetch: distance=255.636 count=4212 stalls=1 skipped=5 resets=0 ungets=416 forwarded=1
             histogram [2,4) => 4, [4,8) => 5, [8,16) => 9, [16,32) => 14, [32,64) => 10, [64,128) => 2, [128,256) => 1088, [256,512) => 3080
   Buffers: shared hit=3403 read=703
 Settings: enable_bitmapscan = 'off', enable_seqscan = 'off', max_parallel_workers_per_gather = '0'
 Planning:
   Buffers: shared hit=86 read=26
 Planning Time: 2.147 ms
 Execution Time: 19.614 ms
(12 rows)

SET
SET
SET
SET
SET
                                             QUERY PLAN                                             
----------------------------------------------------------------------------------------------------
 Index Scan using idx on public.t (actual rows=4096.00 loops=1)
   Output: a, b
   Index Cond: ((t.a >= 9524) AND (t.a <= 13619))
   Index Searches: 1
   Buffers: shared hit=4106
 Settings: enable_bitmapscan = 'off', enable_seqscan = 'off', max_parallel_workers_per_gather = '0'
 Planning:
   Buffers: shared hit=117
 Planning Time: 0.193 ms
 Execution Time: 1.298 ms
(10 rows)

