SET
SET
SET
SET
SET
                                                                QUERY PLAN                                                                
------------------------------------------------------------------------------------------------------------------------------------------
 Index Scan using idx on public.t (actual rows=1024.00 loops=1)
   Output: a, b
   Index Cond: ((t.a >= 23889) AND (t.a <= 24912))
   Index Searches: 1
   Prefetch: distance=264.668 count=1148 stalls=1 skipped=0 resets=0 ungets=366 forwarded=1
             histogram [2,4) => 2, [4,8) => 5, [8,16) => 10, [16,32) => 6, [32,64) => 5, [64,128) => 2, [128,256) => 2, [256,512) => 1116
   Buffers: shared hit=443 read=590
 Settings: enable_bitmapscan = 'off', enable_seqscan = 'off', max_parallel_workers_per_gather = '0'
 Planning:
   Buffers: shared hit=86 read=26
 Planning Time: 1.668 ms
 Execution Time: 16.493 ms
(12 rows)

SET
SET
SET
SET
SET
                                             QUERY PLAN                                             
----------------------------------------------------------------------------------------------------
 Index Scan using idx on public.t (actual rows=1024.00 loops=1)
   Output: a, b
   Index Cond: ((t.a >= 23889) AND (t.a <= 24912))
   Index Searches: 1
   Buffers: shared hit=1033
 Settings: enable_bitmapscan = 'off', enable_seqscan = 'off', max_parallel_workers_per_gather = '0'
 Planning:
   Buffers: shared hit=117
 Planning Time: 0.166 ms
 Execution Time: 0.350 ms
(10 rows)

