SET
SET
SET
SET
SET
                                                                         QUERY PLAN                                                                         
------------------------------------------------------------------------------------------------------------------------------------------------------------
 Index Scan using idx on public.t (actual rows=4048576.00 loops=1)
   Output: a, b
   Index Cond: ((t.a >= 3752) AND (t.a <= 4052327))
   Index Searches: 1
   Prefetch: distance=105.923 count=222324 stalls=3822888 skipped=4009 resets=0 ungets=837 forwarded=1
             histogram [2,4) => 122570, [4,8) => 991, [8,16) => 21, [16,32) => 25, [32,64) => 135, [64,128) => 1331, [128,256) => 64448, [256,512) => 32803
   Buffers: shared hit=3980759 read=74876
 Settings: enable_bitmapscan = 'off', enable_seqscan = 'off', max_parallel_workers_per_gather = '0'
 Planning:
   Buffers: shared hit=82 read=26
 Planning Time: 2.240 ms
 Execution Time: 3863.109 ms
(12 rows)

SET
SET
SET
SET
SET
                                             QUERY PLAN                                             
----------------------------------------------------------------------------------------------------
 Index Scan using idx on public.t (actual rows=4048576.00 loops=1)
   Output: a, b
   Index Cond: ((t.a >= 3752) AND (t.a <= 4052327))
   Index Searches: 1
   Buffers: shared hit=4055635
 Settings: enable_bitmapscan = 'off', enable_seqscan = 'off', max_parallel_workers_per_gather = '0'
 Planning:
   Buffers: shared hit=113
 Planning Time: 0.239 ms
 Execution Time: 603.889 ms
(10 rows)

