SET
SET
SET
SET
SET
                                                                       QUERY PLAN                                                                        
---------------------------------------------------------------------------------------------------------------------------------------------------------
 Index Scan using idx on public.t (actual rows=524288.00 loops=1)
   Output: a, b
   Index Cond: ((t.a >= 604) AND (t.a <= 524891))
   Index Searches: 1
   Prefetch: distance=182.414 count=59712 stalls=464564 skipped=537 resets=0 ungets=789 forwarded=1
             histogram [2,4) => 14020, [4,8) => 120, [8,16) => 14, [16,32) => 24, [32,64) => 63, [64,128) => 326, [128,256) => 28462, [256,512) => 16683
   Buffers: shared hit=515058 read=10131
 Settings: enable_bitmapscan = 'off', enable_seqscan = 'off', max_parallel_workers_per_gather = '0'
 Planning:
   Buffers: shared hit=82 read=26
 Planning Time: 2.135 ms
 Execution Time: 478.433 ms
(12 rows)

SET
SET
SET
SET
SET
                                             QUERY PLAN                                             
----------------------------------------------------------------------------------------------------
 Index Scan using idx on public.t (actual rows=524288.00 loops=1)
   Output: a, b
   Index Cond: ((t.a >= 604) AND (t.a <= 524891))
   Index Searches: 1
   Buffers: shared hit=525189
 Settings: enable_bitmapscan = 'off', enable_seqscan = 'off', max_parallel_workers_per_gather = '0'
 Planning:
   Buffers: shared hit=113
 Planning Time: 0.193 ms
 Execution Time: 78.524 ms
(10 rows)

