SET
SET
SET
SET
SET
                                                                         QUERY PLAN                                                                          
-------------------------------------------------------------------------------------------------------------------------------------------------------------
 Index Scan using idx on public.t (actual rows=5048576.00 loops=1)
   Output: a, b
   Index Cond: ((t.a >= 28597) AND (t.a <= 5077172))
   Index Searches: 1
   Prefetch: distance=97.981 count=264055 stalls=4780143 skipped=4948 resets=0 ungets=807 forwarded=3
             histogram [2,4) => 154071, [4,8) => 1250, [8,16) => 19, [16,32) => 39, [32,64) => 287, [64,128) => 1598, [128,256) => 70841, [256,512) => 35950
   Buffers: shared hit=4963905 read=93523
 Settings: enable_bitmapscan = 'off', enable_seqscan = 'off', max_parallel_workers_per_gather = '0'
 Planning:
   Buffers: shared hit=82 read=26
 Planning Time: 2.210 ms
 Execution Time: 4842.861 ms
(12 rows)

SET
SET
SET
SET
SET
                                             QUERY PLAN                                             
----------------------------------------------------------------------------------------------------
 Index Scan using idx on public.t (actual rows=5048576.00 loops=1)
   Output: a, b
   Index Cond: ((t.a >= 28597) AND (t.a <= 5077172))
   Index Searches: 1
   Buffers: shared hit=5057428
 Settings: enable_bitmapscan = 'off', enable_seqscan = 'off', max_parallel_workers_per_gather = '0'
 Planning:
   Buffers: shared hit=113
 Planning Time: 0.193 ms
 Execution Time: 751.859 ms
(10 rows)

