SET
SET
SET
SET
SET
                                                                        QUERY PLAN                                                                         
-----------------------------------------------------------------------------------------------------------------------------------------------------------
 Index Scan using idx on public.t (actual rows=6048576.00 loops=1)
   Output: a, b
   Index Cond: ((t.a >= 30043) AND (t.a <= 6078618))
   Index Searches: 1
   Prefetch: distance=28.938 count=213648 stalls=5829475 skipped=5913 resets=0 ungets=767 forwarded=1
             histogram [2,4) => 187976, [4,8) => 1547, [8,16) => 16, [16,32) => 55, [32,64) => 58, [64,128) => 195, [128,256) => 13532, [256,512) => 10269
   Buffers: shared hit=5947297 read=111898
 Settings: enable_bitmapscan = 'off', enable_seqscan = 'off', max_parallel_workers_per_gather = '0'
 Planning:
   Buffers: shared hit=82 read=26
 Planning Time: 2.136 ms
 Execution Time: 5860.238 ms
(12 rows)

SET
SET
SET
SET
SET
                                             QUERY PLAN                                             
----------------------------------------------------------------------------------------------------
 Index Scan using idx on public.t (actual rows=6048576.00 loops=1)
   Output: a, b
   Index Cond: ((t.a >= 30043) AND (t.a <= 6078618))
   Index Searches: 1
   Buffers: shared hit=6059195
 Settings: enable_bitmapscan = 'off', enable_seqscan = 'off', max_parallel_workers_per_gather = '0'
 Planning:
   Buffers: shared hit=113
 Planning Time: 0.228 ms
 Execution Time: 893.346 ms
(10 rows)

