SET
SET
SET
SET
SET
                                                                       QUERY PLAN                                                                       
--------------------------------------------------------------------------------------------------------------------------------------------------------
 Index Scan using idx on public.t (actual rows=262144.00 loops=1)
   Output: a, b
   Index Cond: ((t.a >= 27150) AND (t.a <= 289293))
   Index Searches: 1
   Prefetch: distance=191.544 count=35310 stalls=227575 skipped=263 resets=0 ungets=1008 forwarded=1
             histogram [2,4) => 7020, [4,8) => 62, [8,16) => 13, [16,32) => 27, [32,64) => 173, [64,128) => 641, [128,256) => 15455, [256,512) => 11919
   Buffers: shared hit=256967 read=5637
 Settings: enable_bitmapscan = 'off', enable_seqscan = 'off', max_parallel_workers_per_gather = '0'
 Planning:
   Buffers: shared hit=82 read=26
 Planning Time: 2.145 ms
 Execution Time: 237.041 ms
(12 rows)

SET
SET
SET
SET
SET
                                             QUERY PLAN                                             
----------------------------------------------------------------------------------------------------
 Index Scan using idx on public.t (actual rows=262144.00 loops=1)
   Output: a, b
   Index Cond: ((t.a >= 27150) AND (t.a <= 289293))
   Index Searches: 1
   Buffers: shared hit=262604
 Settings: enable_bitmapscan = 'off', enable_seqscan = 'off', max_parallel_workers_per_gather = '0'
 Planning:
   Buffers: shared hit=113
 Planning Time: 0.190 ms
 Execution Time: 37.401 ms
(10 rows)

