SET
SET
SET
SET
SET
                                                                        QUERY PLAN                                                                         
-----------------------------------------------------------------------------------------------------------------------------------------------------------
 Index Scan using idx on public.t (actual rows=9048576.00 loops=1)
   Output: a, b
   Index Cond: ((t.a >= 25199) AND (t.a <= 9073774))
   Index Searches: 1
   Prefetch: distance=38.334 count=334204 stalls=8706344 skipped=8823 resets=0 ungets=914 forwarded=2
             histogram [2,4) => 280782, [4,8) => 2340, [8,16) => 14, [16,32) => 36, [32,64) => 84, [64,128) => 303, [128,256) => 31675, [256,512) => 18970
   Buffers: shared hit=8897558 read=166924
 Settings: enable_bitmapscan = 'off', enable_seqscan = 'off', max_parallel_workers_per_gather = '0'
 Planning:
   Buffers: shared hit=82 read=26
 Planning Time: 2.188 ms
 Execution Time: 8673.205 ms
(12 rows)

SET
SET
SET
SET
SET
                                             QUERY PLAN                                             
----------------------------------------------------------------------------------------------------
 Index Scan using idx on public.t (actual rows=9048576.00 loops=1)
   Output: a, b
   Index Cond: ((t.a >= 25199) AND (t.a <= 9073774))
   Index Searches: 1
   Buffers: shared hit=9064482
 Settings: enable_bitmapscan = 'off', enable_seqscan = 'off', max_parallel_workers_per_gather = '0'
 Planning:
   Buffers: shared hit=113
 Planning Time: 0.230 ms
 Execution Time: 1344.849 ms
(10 rows)

