SET
SET
SET
SET
SET
                                                                     QUERY PLAN                                                                      
-----------------------------------------------------------------------------------------------------------------------------------------------------
 Index Scan using idx on public.t (actual rows=65536.00 loops=1)
   Output: a, b
   Index Cond: ((t.a >= '-69081'::integer) AND (t.a <= '-3546'::integer))
   Index Searches: 1
   Prefetch: distance=230.857 count=15575 stalls=50609 skipped=87 resets=0 ungets=859 forwarded=1
             histogram [2,4) => 746, [4,8) => 10, [8,16) => 18, [16,32) => 33, [32,64) => 132, [64,128) => 238, [128,256) => 6949, [256,512) => 7449
   Buffers: shared hit=63875 read=1758
 Settings: enable_bitmapscan = 'off', enable_seqscan = 'off', max_parallel_workers_per_gather = '0'
 Planning:
   Buffers: shared hit=82 read=27
 Planning Time: 2.133 ms
 Execution Time: 49.476 ms
(12 rows)

SET
SET
SET
SET
SET
                                             QUERY PLAN                                             
----------------------------------------------------------------------------------------------------
 Index Scan using idx on public.t (actual rows=65536.00 loops=1)
   Output: a, b
   Index Cond: ((t.a >= '-69081'::integer) AND (t.a <= '-3546'::integer))
   Index Searches: 1
   Buffers: shared hit=65633
 Settings: enable_bitmapscan = 'off', enable_seqscan = 'off', max_parallel_workers_per_gather = '0'
 Planning:
   Buffers: shared hit=114
 Planning Time: 0.169 ms
 Execution Time: 6.588 ms
(10 rows)

