SET
SET
SET
SET
SET
                                                                      QUERY PLAN                                                                       
-------------------------------------------------------------------------------------------------------------------------------------------------------
 Index Scan using idx on public.t (actual rows=262144.00 loops=1)
   Output: a, b
   Index Cond: ((t.a >= '-271857'::integer) AND (t.a <= '-9714'::integer))
   Index Searches: 1
   Prefetch: distance=209.187 count=49360 stalls=213223 skipped=277 resets=0 ungets=852 forwarded=1
             histogram [2,4) => 6166, [4,8) => 66, [8,16) => 20, [16,32) => 31, [32,64) => 54, [64,128) => 215, [128,256) => 26611, [256,512) => 16197
   Buffers: shared hit=257142 read=5447
 Settings: enable_bitmapscan = 'off', enable_seqscan = 'off', max_parallel_workers_per_gather = '0'
 Planning:
   Buffers: shared hit=78 read=27
 Planning Time: 2.141 ms
 Execution Time: 242.657 ms
(12 rows)

SET
SET
SET
SET
SET
                                             QUERY PLAN                                             
----------------------------------------------------------------------------------------------------
 Index Scan using idx on public.t (actual rows=262144.00 loops=1)
   Output: a, b
   Index Cond: ((t.a >= '-271857'::integer) AND (t.a <= '-9714'::integer))
   Index Searches: 1
   Buffers: shared hit=262589
 Settings: enable_bitmapscan = 'off', enable_seqscan = 'off', max_parallel_workers_per_gather = '0'
 Planning:
   Buffers: shared hit=110
 Planning Time: 0.182 ms
 Execution Time: 35.857 ms
(10 rows)

