SET
SET
SET
SET
SET
                                                                     QUERY PLAN                                                                      
-----------------------------------------------------------------------------------------------------------------------------------------------------
 Index Scan using idx on public.t (actual rows=32768.00 loops=1)
   Output: a, b
   Index Cond: ((t.a >= '-45398'::integer) AND (t.a <= '-12631'::integer))
   Index Searches: 1
   Prefetch: distance=229.433 count=9018 stalls=24215 skipped=32 resets=0 ungets=728 forwarded=1
             histogram [2,4) => 304, [4,8) => 11, [8,16) => 19, [16,32) => 30, [32,64) => 102, [64,128) => 420, [128,256) => 3196, [256,512) => 4936
   Buffers: shared hit=31548 read=1281
 Settings: enable_bitmapscan = 'off', enable_seqscan = 'off', max_parallel_workers_per_gather = '0'
 Planning:
   Buffers: shared hit=82 read=27
 Planning Time: 2.121 ms
 Execution Time: 36.296 ms
(12 rows)

SET
SET
SET
SET
SET
                                             QUERY PLAN                                             
----------------------------------------------------------------------------------------------------
 Index Scan using idx on public.t (actual rows=32768.00 loops=1)
   Output: a, b
   Index Cond: ((t.a >= '-45398'::integer) AND (t.a <= '-12631'::integer))
   Index Searches: 1
   Buffers: shared hit=32829
 Settings: enable_bitmapscan = 'off', enable_seqscan = 'off', max_parallel_workers_per_gather = '0'
 Planning:
   Buffers: shared hit=114
 Planning Time: 0.210 ms
 Execution Time: 5.572 ms
(10 rows)

