SET
SET
SET
SET
SET
                                                                QUERY PLAN                                                                
------------------------------------------------------------------------------------------------------------------------------------------
 Index Scan using idx on public.t (actual rows=1024.00 loops=1)
   Output: a, b
   Index Cond: ((t.a >= '-7179'::integer) AND (t.a <= '-6156'::integer))
   Index Searches: 1
   Prefetch: distance=265.613 count=1321 stalls=1 skipped=1 resets=0 ungets=375 forwarded=0
             histogram [2,4) => 2, [4,8) => 5, [8,16) => 10, [16,32) => 6, [32,64) => 2, [64,128) => 2, [128,256) => 2, [256,512) => 1292
   Buffers: shared hit=566 read=466
 Settings: enable_bitmapscan = 'off', enable_seqscan = 'off', max_parallel_workers_per_gather = '0'
 Planning:
   Buffers: shared hit=82 read=27
 Planning Time: 1.586 ms
 Execution Time: 7.982 ms
(12 rows)

SET
SET
SET
SET
SET
                                             QUERY PLAN                                             
----------------------------------------------------------------------------------------------------
 Index Scan using idx on public.t (actual rows=1024.00 loops=1)
   Output: a, b
   Index Cond: ((t.a >= '-7179'::integer) AND (t.a <= '-6156'::integer))
   Index Searches: 1
   Buffers: shared hit=1032
 Settings: enable_bitmapscan = 'off', enable_seqscan = 'off', max_parallel_workers_per_gather = '0'
 Planning:
   Buffers: shared hit=114
 Planning Time: 0.147 ms
 Execution Time: 0.274 ms
(10 rows)

