SET
SET
SET
SET
SET
                                                                       QUERY PLAN                                                                        
---------------------------------------------------------------------------------------------------------------------------------------------------------
 Index Scan using idx on public.t (actual rows=3048576.00 loops=1)
   Output: a, b
   Index Cond: ((t.a >= '-3058901'::integer) AND (t.a <= '-10326'::integer))
   Index Searches: 1
   Prefetch: distance=52.794 count=120264 stalls=2926232 skipped=2918 resets=0 ungets=928 forwarded=0
             histogram [2,4) => 93770, [4,8) => 827, [8,16) => 24, [16,32) => 23, [32,64) => 59, [64,128) => 217, [128,256) => 14520, [256,512) => 10824
   Buffers: shared hit=2997379 read=56615
 Settings: enable_bitmapscan = 'off', enable_seqscan = 'off', max_parallel_workers_per_gather = '0'
 Planning:
   Buffers: shared hit=78 read=27
 Planning Time: 2.116 ms
 Execution Time: 3152.740 ms
(12 rows)

SET
SET
SET
SET
SET
                                             QUERY PLAN                                             
----------------------------------------------------------------------------------------------------
 Index Scan using idx on public.t (actual rows=3048576.00 loops=1)
   Output: a, b
   Index Cond: ((t.a >= '-3058901'::integer) AND (t.a <= '-10326'::integer))
   Index Searches: 1
   Buffers: shared hit=3053994
 Settings: enable_bitmapscan = 'off', enable_seqscan = 'off', max_parallel_workers_per_gather = '0'
 Planning:
   Buffers: shared hit=110
 Planning Time: 0.182 ms
 Execution Time: 455.971 ms
(10 rows)

