SET
SET
SET
SET
SET
                                                                        QUERY PLAN                                                                        
----------------------------------------------------------------------------------------------------------------------------------------------------------
 Index Scan using idx on public.t (actual rows=7048576.00 loops=1)
   Output: a, b
   Index Cond: ((t.a >= '-7074102'::integer) AND (t.a <= '-25527'::integer))
   Index Searches: 1
   Prefetch: distance=16.560 count=235646 stalls=6806726 skipped=6681 resets=0 ungets=748 forwarded=1
             histogram [2,4) => 219437, [4,8) => 1812, [8,16) => 14, [16,32) => 42, [32,64) => 238, [64,128) => 126, [128,256) => 6959, [256,512) => 7018
   Buffers: shared hit=6930950 read=130209
 Settings: enable_bitmapscan = 'off', enable_seqscan = 'off', max_parallel_workers_per_gather = '0'
 Planning:
   Buffers: shared hit=78 read=27
 Planning Time: 2.266 ms
 Execution Time: 7317.440 ms
(12 rows)

SET
SET
SET
SET
SET
                                             QUERY PLAN                                             
----------------------------------------------------------------------------------------------------
 Index Scan using idx on public.t (actual rows=7048576.00 loops=1)
   Output: a, b
   Index Cond: ((t.a >= '-7074102'::integer) AND (t.a <= '-25527'::integer))
   Index Searches: 1
   Buffers: shared hit=7061159
 Settings: enable_bitmapscan = 'off', enable_seqscan = 'off', max_parallel_workers_per_gather = '0'
 Planning:
   Buffers: shared hit=110
 Planning Time: 0.268 ms
 Execution Time: 1061.608 ms
(10 rows)

