SET
SET
SET
SET
SET
                                                                         QUERY PLAN                                                                          
-------------------------------------------------------------------------------------------------------------------------------------------------------------
 Index Scan using idx on public.t (actual rows=6048576.00 loops=1)
   Output: a, b
   Index Cond: ((t.a >= '-6052231'::integer) AND (t.a <= '-3656'::integer))
   Index Searches: 1
   Prefetch: distance=76.389 count=274899 stalls=5768437 skipped=5748 resets=0 ungets=780 forwarded=1
             histogram [2,4) => 185370, [4,8) => 1568, [8,16) => 18, [16,32) => 40, [32,64) => 155, [64,128) => 1445, [128,256) => 57584, [256,512) => 28719
   Buffers: shared hit=5947764 read=111596
 Settings: enable_bitmapscan = 'off', enable_seqscan = 'off', max_parallel_workers_per_gather = '0'
 Planning:
   Buffers: shared hit=78 read=27
 Planning Time: 2.136 ms
 Execution Time: 6297.488 ms
(12 rows)

SET
SET
SET
SET
SET
                                             QUERY PLAN                                             
----------------------------------------------------------------------------------------------------
 Index Scan using idx on public.t (actual rows=6048576.00 loops=1)
   Output: a, b
   Index Cond: ((t.a >= '-6052231'::integer) AND (t.a <= '-3656'::integer))
   Index Searches: 1
   Buffers: shared hit=6059360
 Settings: enable_bitmapscan = 'off', enable_seqscan = 'off', max_parallel_workers_per_gather = '0'
 Planning:
   Buffers: shared hit=110
 Planning Time: 0.230 ms
 Execution Time: 911.121 ms
(10 rows)

