SET
SET
SET
SET
SET
                                                                       QUERY PLAN                                                                       
--------------------------------------------------------------------------------------------------------------------------------------------------------
 Index Scan using idx on public.t (actual rows=1048576.00 loops=1)
   Output: a, b
   Index Cond: ((t.a >= '-1066233'::integer) AND (t.a <= '-17658'::integer))
   Index Searches: 1
   Prefetch: distance=144.720 count=77484 stalls=970567 skipped=973 resets=0 ungets=740 forwarded=1
             histogram [2,4) => 30818, [4,8) => 252, [8,16) => 18, [16,32) => 25, [32,64) => 34, [64,128) => 92, [128,256) => 29066, [256,512) => 17179
   Buffers: shared hit=1030490 read=19984
 Settings: enable_bitmapscan = 'off', enable_seqscan = 'off', max_parallel_workers_per_gather = '0'
 Planning:
   Buffers: shared hit=78 read=27
 Planning Time: 2.108 ms
 Execution Time: 1061.745 ms
(12 rows)

SET
SET
SET
SET
SET
                                             QUERY PLAN                                             
----------------------------------------------------------------------------------------------------
 Index Scan using idx on public.t (actual rows=1048576.00 loops=1)
   Output: a, b
   Index Cond: ((t.a >= '-1066233'::integer) AND (t.a <= '-17658'::integer))
   Index Searches: 1
   Buffers: shared hit=1050474
 Settings: enable_bitmapscan = 'off', enable_seqscan = 'off', max_parallel_workers_per_gather = '0'
 Planning:
   Buffers: shared hit=110
 Planning Time: 0.188 ms
 Execution Time: 159.196 ms
(10 rows)

