SET
SET
SET
SET
SET
                                                                        QUERY PLAN                                                                         
-----------------------------------------------------------------------------------------------------------------------------------------------------------
 Index Scan using idx on public.t (actual rows=9048576.00 loops=1)
   Output: a, b
   Index Cond: ((t.a >= '-9070636'::integer) AND (t.a <= '-22061'::integer))
   Index Searches: 1
   Prefetch: distance=21.737 count=309527 stalls=8731027 skipped=8496 resets=0 ungets=749 forwarded=4
             histogram [2,4) => 281496, [4,8) => 2282, [8,16) => 12, [16,32) => 29, [32,64) => 62, [64,128) => 595, [128,256) => 14318, [256,512) => 10733
   Buffers: shared hit=8897921 read=166887
 Settings: enable_bitmapscan = 'off', enable_seqscan = 'off', max_parallel_workers_per_gather = '0'
 Planning:
   Buffers: shared hit=78 read=27
 Planning Time: 2.118 ms
 Execution Time: 9338.281 ms
(12 rows)

SET
SET
SET
SET
SET
                                             QUERY PLAN                                             
----------------------------------------------------------------------------------------------------
 Index Scan using idx on public.t (actual rows=9048576.00 loops=1)
   Output: a, b
   Index Cond: ((t.a >= '-9070636'::integer) AND (t.a <= '-22061'::integer))
   Index Searches: 1
   Buffers: shared hit=9064808
 Settings: enable_bitmapscan = 'off', enable_seqscan = 'off', max_parallel_workers_per_gather = '0'
 Planning:
   Buffers: shared hit=110
 Planning Time: 0.241 ms
 Execution Time: 1346.848 ms
(10 rows)

