SET
SET
SET
SET
SET
                                                               QUERY PLAN                                                                
-----------------------------------------------------------------------------------------------------------------------------------------
 Index Scan using idx on public.t (actual rows=512.00 loops=1)
   Output: a, b
   Index Cond: ((t.a >= '-20758'::integer) AND (t.a <= '-20247'::integer))
   Index Searches: 1
   Prefetch: distance=260.143 count=643 stalls=2 skipped=0 resets=0 ungets=246 forwarded=0
             histogram [2,4) => 2, [4,8) => 5, [8,16) => 6, [16,32) => 11, [32,64) => 2, [64,128) => 2, [128,256) => 2, [256,512) => 613
   Buffers: shared hit=145 read=375
 Settings: enable_bitmapscan = 'off', enable_seqscan = 'off', max_parallel_workers_per_gather = '0'
 Planning:
   Buffers: shared hit=82 read=27
 Planning Time: 1.503 ms
 Execution Time: 9.448 ms
(12 rows)

SET
SET
SET
SET
SET
                                             QUERY PLAN                                             
----------------------------------------------------------------------------------------------------
 Index Scan using idx on public.t (actual rows=512.00 loops=1)
   Output: a, b
   Index Cond: ((t.a >= '-20758'::integer) AND (t.a <= '-20247'::integer))
   Index Searches: 1
   Buffers: shared hit=520
 Settings: enable_bitmapscan = 'off', enable_seqscan = 'off', max_parallel_workers_per_gather = '0'
 Planning:
   Buffers: shared hit=114
 Planning Time: 0.193 ms
 Execution Time: 0.378 ms
(10 rows)

