SET
SET
SET
SET
SET
                                                               QUERY PLAN                                                                
-----------------------------------------------------------------------------------------------------------------------------------------
 Index Scan using idx on public.t (actual rows=1024.00 loops=1)
   Output: a, b
   Index Cond: ((t.a >= '-30619'::integer) AND (t.a <= '-29596'::integer))
   Index Searches: 1
   Prefetch: distance=266.106 count=1434 stalls=1 skipped=3 resets=0 ungets=506 forwarded=0
             histogram [2,4) => 4, [4,8) => 4, [8,16) => 6, [16,32) => 9, [32,64) => 4, [64,128) => 2, [128,256) => 2, [256,512) => 1403
   Buffers: shared hit=415 read=615
 Settings: enable_bitmapscan = 'off', enable_seqscan = 'off', max_parallel_workers_per_gather = '0'
 Planning:
   Buffers: shared hit=82 read=27
 Planning Time: 1.568 ms
 Execution Time: 10.860 ms
(12 rows)

SET
SET
SET
SET
SET
                                             QUERY PLAN                                             
----------------------------------------------------------------------------------------------------
 Index Scan using idx on public.t (actual rows=1024.00 loops=1)
   Output: a, b
   Index Cond: ((t.a >= '-30619'::integer) AND (t.a <= '-29596'::integer))
   Index Searches: 1
   Buffers: shared hit=1030
 Settings: enable_bitmapscan = 'off', enable_seqscan = 'off', max_parallel_workers_per_gather = '0'
 Planning:
   Buffers: shared hit=114
 Planning Time: 0.193 ms
 Execution Time: 0.587 ms
(10 rows)

