SET
SET
SET
SET
SET
                                                                   QUERY PLAN                                                                    
-------------------------------------------------------------------------------------------------------------------------------------------------
 Index Scan using idx on public.t (actual rows=4096.00 loops=1)
   Output: a, b
   Index Cond: ((t.a >= '-7224'::integer) AND (t.a <= '-3129'::integer))
   Index Searches: 1
   Prefetch: distance=244.125 count=4368 stalls=29 skipped=8 resets=0 ungets=430 forwarded=0
             histogram [2,4) => 4, [4,8) => 9, [8,16) => 18, [16,32) => 23, [32,64) => 34, [64,128) => 115, [128,256) => 1302, [256,512) => 2863
   Buffers: shared hit=3491 read=614
 Settings: enable_bitmapscan = 'off', enable_seqscan = 'off', max_parallel_workers_per_gather = '0'
 Planning:
   Buffers: shared hit=82 read=27
 Planning Time: 2.150 ms
 Execution Time: 12.468 ms
(12 rows)

SET
SET
SET
SET
SET
                                             QUERY PLAN                                             
----------------------------------------------------------------------------------------------------
 Index Scan using idx on public.t (actual rows=4096.00 loops=1)
   Output: a, b
   Index Cond: ((t.a >= '-7224'::integer) AND (t.a <= '-3129'::integer))
   Index Searches: 1
   Buffers: shared hit=4105
 Settings: enable_bitmapscan = 'off', enable_seqscan = 'off', max_parallel_workers_per_gather = '0'
 Planning:
   Buffers: shared hit=114
 Planning Time: 0.214 ms
 Execution Time: 1.087 ms
(10 rows)

