SET
SET
SET
SET
SET
                                                                       QUERY PLAN                                                                        
---------------------------------------------------------------------------------------------------------------------------------------------------------
 Index Scan using idx on public.t (actual rows=2048576.00 loops=1)
   Output: a, b
   Index Cond: ((t.a >= '-2067040'::integer) AND (t.a <= '-18465'::integer))
   Index Searches: 1
   Prefetch: distance=94.351 count=103317 stalls=1944130 skipped=1937 resets=0 ungets=897 forwarded=1
             histogram [2,4) => 62266, [4,8) => 547, [8,16) => 25, [16,32) => 36, [32,64) => 58, [64,128) => 626, [128,256) => 24623, [256,512) => 15136
   Buffers: shared hit=2013895 read=38347
 Settings: enable_bitmapscan = 'off', enable_seqscan = 'off', max_parallel_workers_per_gather = '0'
 Planning:
   Buffers: shared hit=78 read=27
 Planning Time: 2.124 ms
 Execution Time: 2192.494 ms
(12 rows)

SET
SET
SET
SET
SET
                                             QUERY PLAN                                             
----------------------------------------------------------------------------------------------------
 Index Scan using idx on public.t (actual rows=2048576.00 loops=1)
   Output: a, b
   Index Cond: ((t.a >= '-2067040'::integer) AND (t.a <= '-18465'::integer))
   Index Searches: 1
   Buffers: shared hit=2052242
 Settings: enable_bitmapscan = 'off', enable_seqscan = 'off', max_parallel_workers_per_gather = '0'
 Planning:
   Buffers: shared hit=110
 Planning Time: 0.197 ms
 Execution Time: 305.029 ms
(10 rows)

