SET
SET
SET
SET
SET
                                                                      QUERY PLAN                                                                       
-------------------------------------------------------------------------------------------------------------------------------------------------------
 Index Scan using idx on public.t (actual rows=131072.00 loops=1)
   Output: a, b
   Index Cond: ((t.a >= '-143422'::integer) AND (t.a <= '-12351'::integer))
   Index Searches: 1
   Prefetch: distance=230.413 count=60962 stalls=70640 skipped=144 resets=0 ungets=841 forwarded=2
             histogram [2,4) => 1640, [4,8) => 23, [8,16) => 20, [16,32) => 21, [32,64) => 38, [64,128) => 543, [128,256) => 37846, [256,512) => 20831
   Buffers: shared hit=128209 read=3083
 Settings: enable_bitmapscan = 'off', enable_seqscan = 'off', max_parallel_workers_per_gather = '0'
 Planning:
   Buffers: shared hit=82 read=27
 Planning Time: 2.113 ms
 Execution Time: 99.162 ms
(12 rows)

SET
SET
SET
SET
SET
                                             QUERY PLAN                                             
----------------------------------------------------------------------------------------------------
 Index Scan using idx on public.t (actual rows=131072.00 loops=1)
   Output: a, b
   Index Cond: ((t.a >= '-143422'::integer) AND (t.a <= '-12351'::integer))
   Index Searches: 1
   Buffers: shared hit=131292
 Settings: enable_bitmapscan = 'off', enable_seqscan = 'off', max_parallel_workers_per_gather = '0'
 Planning:
   Buffers: shared hit=114
 Planning Time: 0.180 ms
 Execution Time: 13.728 ms
(10 rows)

