SET
SET
SET
SET
SET
                                                                       QUERY PLAN                                                                       
--------------------------------------------------------------------------------------------------------------------------------------------------------
 Index Scan using idx on public.t (actual rows=1048576.00 loops=1)
   Output: a, b
   Index Cond: ((t.a >= '-1062326'::integer) AND (t.a <= '-13751'::integer))
   Index Searches: 1
   Prefetch: distance=140.759 count=74061 stalls=974439 skipped=975 resets=0 ungets=944 forwarded=1
             histogram [2,4) => 30848, [4,8) => 252, [8,16) => 20, [16,32) => 22, [32,64) => 34, [64,128) => 96, [128,256) => 26200, [256,512) => 16589
   Buffers: shared hit=1030533 read=19939
 Settings: enable_bitmapscan = 'off', enable_seqscan = 'off', max_parallel_workers_per_gather = '0'
 Planning:
   Buffers: shared hit=78 read=27
 Planning Time: 2.121 ms
 Execution Time: 1047.593 ms
(12 rows)

SET
SET
SET
SET
SET
                                             QUERY PLAN                                             
----------------------------------------------------------------------------------------------------
 Index Scan using idx on public.t (actual rows=1048576.00 loops=1)
   Output: a, b
   Index Cond: ((t.a >= '-1062326'::integer) AND (t.a <= '-13751'::integer))
   Index Searches: 1
   Buffers: shared hit=1050472
 Settings: enable_bitmapscan = 'off', enable_seqscan = 'off', max_parallel_workers_per_gather = '0'
 Planning:
   Buffers: shared hit=110
 Planning Time: 0.213 ms
 Execution Time: 160.255 ms
(10 rows)

