SET
SET
SET
SET
SET
                                                                         QUERY PLAN                                                                          
-------------------------------------------------------------------------------------------------------------------------------------------------------------
 Index Scan using idx on public.t (actual rows=6048576.00 loops=1)
   Output: a, b
   Index Cond: ((t.a >= '-6078748'::integer) AND (t.a <= '-30173'::integer))
   Index Searches: 1
   Prefetch: distance=90.447 count=301532 stalls=5742193 skipped=5723 resets=0 ungets=943 forwarded=0
             histogram [2,4) => 185144, [4,8) => 1565, [8,16) => 13, [16,32) => 37, [32,64) => 159, [64,128) => 1885, [128,256) => 75792, [256,512) => 36937
   Buffers: shared hit=5947491 read=111894
 Settings: enable_bitmapscan = 'off', enable_seqscan = 'off', max_parallel_workers_per_gather = '0'
 Planning:
   Buffers: shared hit=78 read=27
 Planning Time: 2.151 ms
 Execution Time: 6199.421 ms
(12 rows)

SET
SET
SET
SET
SET
                                             QUERY PLAN                                             
----------------------------------------------------------------------------------------------------
 Index Scan using idx on public.t (actual rows=6048576.00 loops=1)
   Output: a, b
   Index Cond: ((t.a >= '-6078748'::integer) AND (t.a <= '-30173'::integer))
   Index Searches: 1
   Buffers: shared hit=6059385
 Settings: enable_bitmapscan = 'off', enable_seqscan = 'off', max_parallel_workers_per_gather = '0'
 Planning:
   Buffers: shared hit=110
 Planning Time: 0.241 ms
 Execution Time: 910.196 ms
(10 rows)

