SET
SET
SET
SET
SET
                                                                       QUERY PLAN                                                                        
---------------------------------------------------------------------------------------------------------------------------------------------------------
 Index Scan using idx on public.t (actual rows=4048576.00 loops=1)
   Output: a, b
   Index Cond: ((t.a >= '-4073350'::integer) AND (t.a <= '-24775'::integer))
   Index Searches: 1
   Prefetch: distance=28.642 count=142324 stalls=3902682 skipped=3925 resets=0 ungets=708 forwarded=1
             histogram [2,4) => 125652, [4,8) => 1061, [8,16) => 15, [16,32) => 42, [32,64) => 42, [64,128) => 105, [128,256) => 7846, [256,512) => 7561
   Buffers: shared hit=3980588 read=75130
 Settings: enable_bitmapscan = 'off', enable_seqscan = 'off', max_parallel_workers_per_gather = '0'
 Planning:
   Buffers: shared hit=78 read=27
 Planning Time: 2.142 ms
 Execution Time: 4209.878 ms
(12 rows)

SET
SET
SET
SET
SET
                                             QUERY PLAN                                             
----------------------------------------------------------------------------------------------------
 Index Scan using idx on public.t (actual rows=4048576.00 loops=1)
   Output: a, b
   Index Cond: ((t.a >= '-4073350'::integer) AND (t.a <= '-24775'::integer))
   Index Searches: 1
   Buffers: shared hit=4055718
 Settings: enable_bitmapscan = 'off', enable_seqscan = 'off', max_parallel_workers_per_gather = '0'
 Planning:
   Buffers: shared hit=110
 Planning Time: 0.214 ms
 Execution Time: 606.065 ms
(10 rows)

