SET
SET
SET
SET
SET
                                                                        QUERY PLAN                                                                         
-----------------------------------------------------------------------------------------------------------------------------------------------------------
 Index Scan using idx on public.t (actual rows=8048576.00 loops=1)
   Output: a, b
   Index Cond: ((t.a >= '-8068609'::integer) AND (t.a <= '-20034'::integer))
   Index Searches: 1
   Prefetch: distance=41.808 count=302786 stalls=7738554 skipped=7568 resets=0 ungets=688 forwarded=1
             histogram [2,4) => 249400, [4,8) => 2063, [8,16) => 23, [16,32) => 33, [32,64) => 81, [64,128) => 420, [128,256) => 32639, [256,512) => 18127
   Buffers: shared hit=7914491 read=148512
 Settings: enable_bitmapscan = 'off', enable_seqscan = 'off', max_parallel_workers_per_gather = '0'
 Planning:
   Buffers: shared hit=78 read=27
 Planning Time: 2.138 ms
 Execution Time: 8487.299 ms
(12 rows)

SET
SET
SET
SET
SET
                                             QUERY PLAN                                             
----------------------------------------------------------------------------------------------------
 Index Scan using idx on public.t (actual rows=8048576.00 loops=1)
   Output: a, b
   Index Cond: ((t.a >= '-8068609'::integer) AND (t.a <= '-20034'::integer))
   Index Searches: 1
   Buffers: shared hit=8063003
 Settings: enable_bitmapscan = 'off', enable_seqscan = 'off', max_parallel_workers_per_gather = '0'
 Planning:
   Buffers: shared hit=110
 Planning Time: 0.245 ms
 Execution Time: 1208.454 ms
(10 rows)

