SET
SET
SET
SET
SET
                                                                    QUERY PLAN                                                                     
---------------------------------------------------------------------------------------------------------------------------------------------------
 Index Scan using idx on public.t (actual rows=32768.00 loops=1)
   Output: a, b
   Index Cond: ((t.a >= '-51452'::integer) AND (t.a <= '-18685'::integer))
   Index Searches: 1
   Prefetch: distance=236.270 count=10206 stalls=23380 skipped=34 resets=0 ungets=915 forwarded=3
             histogram [2,4) => 364, [4,8) => 7, [8,16) => 15, [16,32) => 26, [32,64) => 44, [64,128) => 273, [128,256) => 3675, [256,512) => 5802
   Buffers: shared hit=31479 read=1351
 Settings: enable_bitmapscan = 'off', enable_seqscan = 'off', max_parallel_workers_per_gather = '0'
 Planning:
   Buffers: shared hit=82 read=27
 Planning Time: 2.128 ms
 Execution Time: 28.880 ms
(12 rows)

SET
SET
SET
SET
SET
                                             QUERY PLAN                                             
----------------------------------------------------------------------------------------------------
 Index Scan using idx on public.t (actual rows=32768.00 loops=1)
   Output: a, b
   Index Cond: ((t.a >= '-51452'::integer) AND (t.a <= '-18685'::integer))
   Index Searches: 1
   Buffers: shared hit=32830
 Settings: enable_bitmapscan = 'off', enable_seqscan = 'off', max_parallel_workers_per_gather = '0'
 Planning:
   Buffers: shared hit=114
 Planning Time: 0.217 ms
 Execution Time: 5.869 ms
(10 rows)

