SET
SET
SET
SET
SET
                                                                 QUERY PLAN                                                                 
--------------------------------------------------------------------------------------------------------------------------------------------
 Index Scan using idx on public.t (actual rows=4096.00 loops=1)
   Output: a, b
   Index Cond: ((t.a >= '-23468'::integer) AND (t.a <= '-19373'::integer))
   Index Searches: 1
   Prefetch: distance=260.282 count=4375 stalls=1 skipped=3 resets=0 ungets=544 forwarded=0
             histogram [2,4) => 2, [4,8) => 6, [8,16) => 6, [16,32) => 10, [32,64) => 5, [64,128) => 2, [128,256) => 846, [256,512) => 3498
   Buffers: shared hit=3284 read=826
 Settings: enable_bitmapscan = 'off', enable_seqscan = 'off', max_parallel_workers_per_gather = '0'
 Planning:
   Buffers: shared hit=82 read=27
 Planning Time: 2.144 ms
 Execution Time: 20.943 ms
(12 rows)

SET
SET
SET
SET
SET
                                             QUERY PLAN                                             
----------------------------------------------------------------------------------------------------
 Index Scan using idx on public.t (actual rows=4096.00 loops=1)
   Output: a, b
   Index Cond: ((t.a >= '-23468'::integer) AND (t.a <= '-19373'::integer))
   Index Searches: 1
   Buffers: shared hit=4110
 Settings: enable_bitmapscan = 'off', enable_seqscan = 'off', max_parallel_workers_per_gather = '0'
 Planning:
   Buffers: shared hit=114
 Planning Time: 0.202 ms
 Execution Time: 1.252 ms
(10 rows)

