SET
SET
SET
SET
SET
                                                                      QUERY PLAN                                                                       
-------------------------------------------------------------------------------------------------------------------------------------------------------
 Index Scan using idx on public.t (actual rows=131072.00 loops=1)
   Output: a, b
   Index Cond: ((t.a >= '-151177'::integer) AND (t.a <= '-20106'::integer))
   Index Searches: 1
   Prefetch: distance=231.162 count=68512 stalls=62961 skipped=141 resets=0 ungets=778 forwarded=0
             histogram [2,4) => 1574, [4,8) => 18, [8,16) => 20, [16,32) => 21, [32,64) => 38, [64,128) => 607, [128,256) => 43126, [256,512) => 23108
   Buffers: shared hit=128121 read=3174
 Settings: enable_bitmapscan = 'off', enable_seqscan = 'off', max_parallel_workers_per_gather = '0'
 Planning:
   Buffers: shared hit=82 read=27
 Planning Time: 2.143 ms
 Execution Time: 110.873 ms
(12 rows)

SET
SET
SET
SET
SET
                                             QUERY PLAN                                             
----------------------------------------------------------------------------------------------------
 Index Scan using idx on public.t (actual rows=131072.00 loops=1)
   Output: a, b
   Index Cond: ((t.a >= '-151177'::integer) AND (t.a <= '-20106'::integer))
   Index Searches: 1
   Buffers: shared hit=131295
 Settings: enable_bitmapscan = 'off', enable_seqscan = 'off', max_parallel_workers_per_gather = '0'
 Planning:
   Buffers: shared hit=114
 Planning Time: 0.207 ms
 Execution Time: 14.631 ms
(10 rows)

