SET
SET
SET
SET
SET
                                                                         QUERY PLAN                                                                          
-------------------------------------------------------------------------------------------------------------------------------------------------------------
 Index Scan using idx on public.t (actual rows=6048576.00 loops=1)
   Output: a, b
   Index Cond: ((t.a >= '-6072864'::integer) AND (t.a <= '-24289'::integer))
   Index Searches: 1
   Prefetch: distance=87.793 count=295770 stalls=5747984 skipped=5728 resets=0 ungets=949 forwarded=0
             histogram [2,4) => 185230, [4,8) => 1566, [8,16) => 15, [16,32) => 36, [32,64) => 155, [64,128) => 1593, [128,256) => 71789, [256,512) => 35386
   Buffers: shared hit=5947540 read=111841
 Settings: enable_bitmapscan = 'off', enable_seqscan = 'off', max_parallel_workers_per_gather = '0'
 Planning:
   Buffers: shared hit=78 read=27
 Planning Time: 2.144 ms
 Execution Time: 6235.412 ms
(12 rows)

SET
SET
SET
SET
SET
                                             QUERY PLAN                                             
----------------------------------------------------------------------------------------------------
 Index Scan using idx on public.t (actual rows=6048576.00 loops=1)
   Output: a, b
   Index Cond: ((t.a >= '-6072864'::integer) AND (t.a <= '-24289'::integer))
   Index Searches: 1
   Buffers: shared hit=6059381
 Settings: enable_bitmapscan = 'off', enable_seqscan = 'off', max_parallel_workers_per_gather = '0'
 Planning:
   Buffers: shared hit=110
 Planning Time: 0.233 ms
 Execution Time: 905.706 ms
(10 rows)

