SET
SET
SET
SET
SET
                                                                      QUERY PLAN                                                                       
-------------------------------------------------------------------------------------------------------------------------------------------------------
 Index Scan using idx on public.t (actual rows=524288.00 loops=1)
   Output: a, b
   Index Cond: ((t.a >= '-528103'::integer) AND (t.a <= '-3816'::integer))
   Index Searches: 1
   Prefetch: distance=103.715 count=26241 stalls=498178 skipped=528 resets=0 ungets=841 forwarded=0
             histogram [2,4) => 15198, [4,8) => 145, [8,16) => 15, [16,32) => 25, [32,64) => 34, [64,128) => 186, [128,256) => 4250, [256,512) => 6388
   Buffers: shared hit=515018 read=10180
 Settings: enable_bitmapscan = 'off', enable_seqscan = 'off', max_parallel_workers_per_gather = '0'
 Planning:
   Buffers: shared hit=78 read=27
 Planning Time: 2.120 ms
 Execution Time: 527.200 ms
(12 rows)

SET
SET
SET
SET
SET
                                             QUERY PLAN                                             
----------------------------------------------------------------------------------------------------
 Index Scan using idx on public.t (actual rows=524288.00 loops=1)
   Output: a, b
   Index Cond: ((t.a >= '-528103'::integer) AND (t.a <= '-3816'::integer))
   Index Searches: 1
   Buffers: shared hit=525198
 Settings: enable_bitmapscan = 'off', enable_seqscan = 'off', max_parallel_workers_per_gather = '0'
 Planning:
   Buffers: shared hit=110
 Planning Time: 0.253 ms
 Execution Time: 78.623 ms
(10 rows)

