SET
SET
SET
SET
SET
                                                                        QUERY PLAN                                                                         
-----------------------------------------------------------------------------------------------------------------------------------------------------------
 Index Scan using idx on public.t (actual rows=8048576.00 loops=1)
   Output: a, b
   Index Cond: ((t.a >= '-8069208'::integer) AND (t.a <= '-20633'::integer))
   Index Searches: 1
   Prefetch: distance=42.382 count=303611 stalls=7737965 skipped=7569 resets=0 ungets=792 forwarded=2
             histogram [2,4) => 249390, [4,8) => 2063, [8,16) => 17, [16,32) => 29, [32,64) => 79, [64,128) => 420, [128,256) => 33141, [256,512) => 18472
   Buffers: shared hit=7914487 read=148517
 Settings: enable_bitmapscan = 'off', enable_seqscan = 'off', max_parallel_workers_per_gather = '0'
 Planning:
   Buffers: shared hit=78 read=27
 Planning Time: 2.164 ms
 Execution Time: 8279.088 ms
(12 rows)

SET
SET
SET
SET
SET
                                             QUERY PLAN                                             
----------------------------------------------------------------------------------------------------
 Index Scan using idx on public.t (actual rows=8048576.00 loops=1)
   Output: a, b
   Index Cond: ((t.a >= '-8069208'::integer) AND (t.a <= '-20633'::integer))
   Index Searches: 1
   Buffers: shared hit=8063004
 Settings: enable_bitmapscan = 'off', enable_seqscan = 'off', max_parallel_workers_per_gather = '0'
 Planning:
   Buffers: shared hit=110
 Planning Time: 0.249 ms
 Execution Time: 1210.412 ms
(10 rows)

