SET
SET
SET
SET
SET
                                             QUERY PLAN                                             
----------------------------------------------------------------------------------------------------
 Index Scan using idx on public.t (actual rows=4096.00 loops=1)
   Output: a, b
   Index Cond: ((t.a >= '-30313'::integer) AND (t.a <= '-29290'::integer))
   Index Searches: 1
   Prefetch: distance=2.101 count=366 stalls=3250 skipped=69 resets=0 ungets=0 forwarded=1
             histogram [2,4) => 354, [4,8) => 12
   Buffers: shared hit=3741 read=291
 Settings: enable_bitmapscan = 'off', enable_seqscan = 'off', max_parallel_workers_per_gather = '0'
 Planning:
   Buffers: shared hit=86 read=26
 Planning Time: 1.882 ms
 Execution Time: 6.143 ms
(12 rows)

SET
SET
SET
SET
SET
                                             QUERY PLAN                                             
----------------------------------------------------------------------------------------------------
 Index Scan using idx on public.t (actual rows=4096.00 loops=1)
   Output: a, b
   Index Cond: ((t.a >= '-30313'::integer) AND (t.a <= '-29290'::integer))
   Index Searches: 1
   Buffers: shared hit=4032
 Settings: enable_bitmapscan = 'off', enable_seqscan = 'off', max_parallel_workers_per_gather = '0'
 Planning:
   Buffers: shared hit=117
 Planning Time: 0.207 ms
 Execution Time: 0.916 ms
(10 rows)

