SET
SET
SET
SET
SET
                                             QUERY PLAN                                             
----------------------------------------------------------------------------------------------------
 Index Scan using idx on public.t (actual rows=8192.00 loops=1)
   Output: a, b
   Index Cond: ((t.a >= '-27519'::integer) AND (t.a <= '-25472'::integer))
   Index Searches: 1
   Prefetch: distance=2.113 count=785 stalls=6981 skipped=107 resets=0 ungets=0 forwarded=0
             histogram [2,4) => 754, [4,8) => 31
   Buffers: shared hit=7606 read=492
 Settings: enable_bitmapscan = 'off', enable_seqscan = 'off', max_parallel_workers_per_gather = '0'
 Planning:
   Buffers: shared hit=86 read=26
 Planning Time: 1.895 ms
 Execution Time: 7.731 ms
(12 rows)

SET
SET
SET
SET
SET
                                             QUERY PLAN                                             
----------------------------------------------------------------------------------------------------
 Index Scan using idx on public.t (actual rows=8192.00 loops=1)
   Output: a, b
   Index Cond: ((t.a >= '-27519'::integer) AND (t.a <= '-25472'::integer))
   Index Searches: 1
   Buffers: shared hit=8098
 Settings: enable_bitmapscan = 'off', enable_seqscan = 'off', max_parallel_workers_per_gather = '0'
 Planning:
   Buffers: shared hit=117
 Planning Time: 0.218 ms
 Execution Time: 1.459 ms
(10 rows)

