SET
SET
SET
SET
SET
                                                                QUERY PLAN                                                                
------------------------------------------------------------------------------------------------------------------------------------------
 Index Scan using idx on public.t (actual rows=1024.00 loops=1)
   Output: a, b
   Index Cond: ((t.a >= '-6625'::integer) AND (t.a <= '-5602'::integer))
   Index Searches: 1
   Prefetch: distance=260.545 count=1017 stalls=1 skipped=2 resets=0 ungets=250 forwarded=0
             histogram [2,4) => 2, [4,8) => 10, [8,16) => 8, [16,32) => 14, [32,64) => 2, [64,128) => 4, [128,256) => 4, [256,512) => 973
   Buffers: shared hit=555 read=476
 Settings: enable_bitmapscan = 'off', enable_seqscan = 'off', max_parallel_workers_per_gather = '0'
 Planning:
   Buffers: shared hit=82 read=27
 Planning Time: 1.569 ms
 Execution Time: 14.501 ms
(12 rows)

SET
SET
SET
SET
SET
                                             QUERY PLAN                                             
----------------------------------------------------------------------------------------------------
 Index Scan using idx on public.t (actual rows=1024.00 loops=1)
   Output: a, b
   Index Cond: ((t.a >= '-6625'::integer) AND (t.a <= '-5602'::integer))
   Index Searches: 1
   Buffers: shared hit=1031
 Settings: enable_bitmapscan = 'off', enable_seqscan = 'off', max_parallel_workers_per_gather = '0'
 Planning:
   Buffers: shared hit=114
 Planning Time: 0.153 ms
 Execution Time: 0.285 ms
(10 rows)

