SET
SET
SET
SET
SET
                                                                      QUERY PLAN                                                                       
-------------------------------------------------------------------------------------------------------------------------------------------------------
 Index Scan using idx on public.t (actual rows=131072.00 loops=1)
   Output: a, b
   Index Cond: ((t.a >= '-142666'::integer) AND (t.a <= '-11595'::integer))
   Index Searches: 1
   Prefetch: distance=230.338 count=60264 stalls=71377 skipped=144 resets=0 ungets=856 forwarded=2
             histogram [2,4) => 1642, [4,8) => 21, [8,16) => 14, [16,32) => 26, [32,64) => 34, [64,128) => 576, [128,256) => 37210, [256,512) => 20741
   Buffers: shared hit=128219 read=3073
 Settings: enable_bitmapscan = 'off', enable_seqscan = 'off', max_parallel_workers_per_gather = '0'
 Planning:
   Buffers: shared hit=82 read=27
 Planning Time: 2.176 ms
 Execution Time: 107.202 ms
(12 rows)

SET
SET
SET
SET
SET
                                             QUERY PLAN                                             
----------------------------------------------------------------------------------------------------
 Index Scan using idx on public.t (actual rows=131072.00 loops=1)
   Output: a, b
   Index Cond: ((t.a >= '-142666'::integer) AND (t.a <= '-11595'::integer))
   Index Searches: 1
   Buffers: shared hit=131292
 Settings: enable_bitmapscan = 'off', enable_seqscan = 'off', max_parallel_workers_per_gather = '0'
 Planning:
   Buffers: shared hit=114
 Planning Time: 0.224 ms
 Execution Time: 19.859 ms
(10 rows)

