SET
SET
SET
SET
SET
                                                                      QUERY PLAN                                                                      
------------------------------------------------------------------------------------------------------------------------------------------------------
 Index Scan using idx on public.t (actual rows=524288.00 loops=1)
   Output: a, b
   Index Cond: ((t.a >= '-141401'::integer) AND (t.a <= '-10330'::integer))
   Index Searches: 1
   Prefetch: distance=262.843 count=562569 stalls=9 skipped=7848 resets=0 ungets=46237 forwarded=1053
             histogram [2,4) => 14, [4,8) => 11, [8,16) => 10, [16,32) => 18, [32,64) => 35, [64,128) => 54, [128,256) => 101850, [256,512) => 460577
   Buffers: shared hit=491348 read=25841
 Settings: enable_bitmapscan = 'off', enable_seqscan = 'off', max_parallel_workers_per_gather = '0'
 Planning:
   Buffers: shared hit=82 read=26
 Planning Time: 1.906 ms
 Execution Time: 184.149 ms
(12 rows)

SET
SET
SET
SET
SET
                                             QUERY PLAN                                             
----------------------------------------------------------------------------------------------------
 Index Scan using idx on public.t (actual rows=524288.00 loops=1)
   Output: a, b
   Index Cond: ((t.a >= '-141401'::integer) AND (t.a <= '-10330'::integer))
   Index Searches: 1
   Buffers: shared hit=517229
 Settings: enable_bitmapscan = 'off', enable_seqscan = 'off', max_parallel_workers_per_gather = '0'
 Planning:
   Buffers: shared hit=113
 Planning Time: 0.213 ms
 Execution Time: 82.871 ms
(10 rows)

