SET
SET
SET
SET
SET
                                                                        QUERY PLAN                                                                         
-----------------------------------------------------------------------------------------------------------------------------------------------------------
 Index Scan using idx on public.t (actual rows=4048576.00 loops=1)
   Output: a, b
   Index Cond: ((t.a >= '-4052661'::integer) AND (t.a <= '-4086'::integer))
   Index Searches: 1
   Prefetch: distance=84.562 count=192049 stalls=3853285 skipped=3936 resets=0 ungets=854 forwarded=2
             histogram [2,4) => 123528, [4,8) => 1049, [8,16) => 22, [16,32) => 33, [32,64) => 80, [64,128) => 633, [128,256) => 43597, [256,512) => 23107
   Buffers: shared hit=3980830 read=74878
 Settings: enable_bitmapscan = 'off', enable_seqscan = 'off', max_parallel_workers_per_gather = '0'
 Planning:
   Buffers: shared hit=78 read=27
 Planning Time: 2.129 ms
 Execution Time: 4497.079 ms
(12 rows)

SET
SET
SET
SET
SET
                                             QUERY PLAN                                             
----------------------------------------------------------------------------------------------------
 Index Scan using idx on public.t (actual rows=4048576.00 loops=1)
   Output: a, b
   Index Cond: ((t.a >= '-4052661'::integer) AND (t.a <= '-4086'::integer))
   Index Searches: 1
   Buffers: shared hit=4055708
 Settings: enable_bitmapscan = 'off', enable_seqscan = 'off', max_parallel_workers_per_gather = '0'
 Planning:
   Buffers: shared hit=110
 Planning Time: 0.222 ms
 Execution Time: 599.194 ms
(10 rows)

