SET
SET
SET
SET
SET
                                                                        QUERY PLAN                                                                         
-----------------------------------------------------------------------------------------------------------------------------------------------------------
 Index Scan using idx on public.t (actual rows=8048576.00 loops=1)
   Output: a, b
   Index Cond: ((t.a >= '-8048695'::integer) AND (t.a <= '-120'::integer))
   Index Searches: 1
   Prefetch: distance=28.637 count=283252 stalls=7758328 skipped=7595 resets=0 ungets=805 forwarded=1
             histogram [2,4) => 249496, [4,8) => 2060, [8,16) => 20, [16,32) => 26, [32,64) => 79, [64,128) => 200, [128,256) => 18709, [256,512) => 12662
   Buffers: shared hit=7914729 read=148249
 Settings: enable_bitmapscan = 'off', enable_seqscan = 'off', max_parallel_workers_per_gather = '0'
 Planning:
   Buffers: shared hit=78 read=27
 Planning Time: 2.146 ms
 Execution Time: 8273.162 ms
(12 rows)

SET
SET
SET
SET
SET
                                             QUERY PLAN                                             
----------------------------------------------------------------------------------------------------
 Index Scan using idx on public.t (actual rows=8048576.00 loops=1)
   Output: a, b
   Index Cond: ((t.a >= '-8048695'::integer) AND (t.a <= '-120'::integer))
   Index Searches: 1
   Buffers: shared hit=8062978
 Settings: enable_bitmapscan = 'off', enable_seqscan = 'off', max_parallel_workers_per_gather = '0'
 Planning:
   Buffers: shared hit=110
 Planning Time: 0.214 ms
 Execution Time: 1193.270 ms
(10 rows)

