SET
SET
SET
SET
SET
                                                                       QUERY PLAN                                                                        
---------------------------------------------------------------------------------------------------------------------------------------------------------
 Index Scan using idx on public.t (actual rows=2048576.00 loops=1)
   Output: a, b
   Index Cond: ((t.a >= '-2078712'::integer) AND (t.a <= '-30137'::integer))
   Index Searches: 1
   Prefetch: distance=109.332 count=114942 stalls=1932613 skipped=1937 resets=0 ungets=965 forwarded=3
             histogram [2,4) => 62124, [4,8) => 546, [8,16) => 28, [16,32) => 34, [32,64) => 58, [64,128) => 645, [128,256) => 32479, [256,512) => 19028
   Buffers: shared hit=2013781 read=38462
 Settings: enable_bitmapscan = 'off', enable_seqscan = 'off', max_parallel_workers_per_gather = '0'
 Planning:
   Buffers: shared hit=78 read=27
 Planning Time: 2.126 ms
 Execution Time: 2089.502 ms
(12 rows)

SET
SET
SET
SET
SET
                                             QUERY PLAN                                             
----------------------------------------------------------------------------------------------------
 Index Scan using idx on public.t (actual rows=2048576.00 loops=1)
   Output: a, b
   Index Cond: ((t.a >= '-2078712'::integer) AND (t.a <= '-30137'::integer))
   Index Searches: 1
   Buffers: shared hit=2052243
 Settings: enable_bitmapscan = 'off', enable_seqscan = 'off', max_parallel_workers_per_gather = '0'
 Planning:
   Buffers: shared hit=110
 Planning Time: 0.192 ms
 Execution Time: 309.092 ms
(10 rows)

