SET
SET
SET
SET
SET
                                                                         QUERY PLAN                                                                          
-------------------------------------------------------------------------------------------------------------------------------------------------------------
 Index Scan using idx on public.t (actual rows=6048576.00 loops=1)
   Output: a, b
   Index Cond: ((t.a >= '-6065436'::integer) AND (t.a <= '-16861'::integer))
   Index Searches: 1
   Prefetch: distance=83.607 count=287964 stalls=5755333 skipped=5728 resets=0 ungets=750 forwarded=0
             histogram [2,4) => 185302, [4,8) => 1568, [8,16) => 14, [16,32) => 37, [32,64) => 158, [64,128) => 1555, [128,256) => 66807, [256,512) => 32523
   Buffers: shared hit=5947618 read=111762
 Settings: enable_bitmapscan = 'off', enable_seqscan = 'off', max_parallel_workers_per_gather = '0'
 Planning:
   Buffers: shared hit=78 read=27
 Planning Time: 2.127 ms
 Execution Time: 6340.078 ms
(12 rows)

SET
SET
SET
SET
SET
                                             QUERY PLAN                                             
----------------------------------------------------------------------------------------------------
 Index Scan using idx on public.t (actual rows=6048576.00 loops=1)
   Output: a, b
   Index Cond: ((t.a >= '-6065436'::integer) AND (t.a <= '-16861'::integer))
   Index Searches: 1
   Buffers: shared hit=6059380
 Settings: enable_bitmapscan = 'off', enable_seqscan = 'off', max_parallel_workers_per_gather = '0'
 Planning:
   Buffers: shared hit=110
 Planning Time: 0.222 ms
 Execution Time: 915.464 ms
(10 rows)

