SET
SET
SET
SET
SET
                                                                      QUERY PLAN                                                                       
-------------------------------------------------------------------------------------------------------------------------------------------------------
 Index Scan using idx on public.t (actual rows=3048576.00 loops=1)
   Output: a, b
   Index Cond: ((t.a >= '-3078292'::integer) AND (t.a <= '-29717'::integer))
   Index Searches: 1
   Prefetch: distance=36.043 count=110647 stalls=2935838 skipped=2915 resets=0 ungets=907 forwarded=3
             histogram [2,4) => 94514, [4,8) => 836, [8,16) => 12, [16,32) => 25, [32,64) => 47, [64,128) => 108, [128,256) => 6832, [256,512) => 8273
   Buffers: shared hit=2997181 read=56816
 Settings: enable_bitmapscan = 'off', enable_seqscan = 'off', max_parallel_workers_per_gather = '0'
 Planning:
   Buffers: shared hit=78 read=27
 Planning Time: 2.105 ms
 Execution Time: 3178.372 ms
(12 rows)

SET
SET
SET
SET
SET
                                             QUERY PLAN                                             
----------------------------------------------------------------------------------------------------
 Index Scan using idx on public.t (actual rows=3048576.00 loops=1)
   Output: a, b
   Index Cond: ((t.a >= '-3078292'::integer) AND (t.a <= '-29717'::integer))
   Index Searches: 1
   Buffers: shared hit=3053997
 Settings: enable_bitmapscan = 'off', enable_seqscan = 'off', max_parallel_workers_per_gather = '0'
 Planning:
   Buffers: shared hit=110
 Planning Time: 0.191 ms
 Execution Time: 452.610 ms
(10 rows)

