SET
SET
SET
SET
SET
                                                                 QUERY PLAN                                                                 
--------------------------------------------------------------------------------------------------------------------------------------------
 Index Scan using idx on public.t (actual rows=512.00 loops=1)
   Output: a, b
   Index Cond: ((t.a >= '-9640'::integer) AND (t.a <= '-9129'::integer))
   Index Searches: 1
   Prefetch: distance=199.000 count=223 stalls=2 skipped=1 resets=0 ungets=55 forwarded=0
             histogram [2,4) => 12, [4,8) => 12, [8,16) => 8, [16,32) => 17, [32,64) => 11, [64,128) => 2, [128,256) => 4, [256,512) => 157
   Buffers: shared hit=182 read=336
 Settings: enable_bitmapscan = 'off', enable_seqscan = 'off', max_parallel_workers_per_gather = '0'
 Planning:
   Buffers: shared hit=82 read=27
 Planning Time: 1.501 ms
 Execution Time: 17.773 ms
(12 rows)

SET
SET
SET
SET
SET
                                             QUERY PLAN                                             
----------------------------------------------------------------------------------------------------
 Index Scan using idx on public.t (actual rows=512.00 loops=1)
   Output: a, b
   Index Cond: ((t.a >= '-9640'::integer) AND (t.a <= '-9129'::integer))
   Index Searches: 1
   Buffers: shared hit=518
 Settings: enable_bitmapscan = 'off', enable_seqscan = 'off', max_parallel_workers_per_gather = '0'
 Planning:
   Buffers: shared hit=114
 Planning Time: 0.199 ms
 Execution Time: 0.384 ms
(10 rows)

