SET
SET
SET
SET
SET
                                                                QUERY PLAN                                                                 
-------------------------------------------------------------------------------------------------------------------------------------------
 Index Scan using idx on public.t (actual rows=1024.00 loops=1)
   Output: a, b
   Index Cond: ((t.a >= '-18540'::integer) AND (t.a <= '-17517'::integer))
   Index Searches: 1
   Prefetch: distance=265.092 count=1377 stalls=1 skipped=0 resets=0 ungets=445 forwarded=1
             histogram [2,4) => 6, [4,8) => 3, [8,16) => 10, [16,32) => 8, [32,64) => 3, [64,128) => 2, [128,256) => 17, [256,512) => 1328
   Buffers: shared hit=484 read=549
 Settings: enable_bitmapscan = 'off', enable_seqscan = 'off', max_parallel_workers_per_gather = '0'
 Planning:
   Buffers: shared hit=82 read=27
 Planning Time: 1.654 ms
 Execution Time: 9.831 ms
(12 rows)

SET
SET
SET
SET
SET
                                             QUERY PLAN                                             
----------------------------------------------------------------------------------------------------
 Index Scan using idx on public.t (actual rows=1024.00 loops=1)
   Output: a, b
   Index Cond: ((t.a >= '-18540'::integer) AND (t.a <= '-17517'::integer))
   Index Searches: 1
   Buffers: shared hit=1033
 Settings: enable_bitmapscan = 'off', enable_seqscan = 'off', max_parallel_workers_per_gather = '0'
 Planning:
   Buffers: shared hit=114
 Planning Time: 0.149 ms
 Execution Time: 0.277 ms
(10 rows)

