SET
SET
SET
SET
SET
                                                                     QUERY PLAN                                                                      
-----------------------------------------------------------------------------------------------------------------------------------------------------
 Index Scan using idx on public.t (actual rows=65536.00 loops=1)
   Output: a, b
   Index Cond: ((t.a >= '-97718'::integer) AND (t.a <= '-32183'::integer))
   Index Searches: 1
   Prefetch: distance=223.495 count=15012 stalls=51041 skipped=64 resets=0 ungets=794 forwarded=0
             histogram [2,4) => 1414, [4,8) => 21, [8,16) => 17, [16,32) => 28, [32,64) => 35, [64,128) => 132, [128,256) => 6017, [256,512) => 7348
   Buffers: shared hit=63579 read=2076
 Settings: enable_bitmapscan = 'off', enable_seqscan = 'off', max_parallel_workers_per_gather = '0'
 Planning:
   Buffers: shared hit=82 read=27
 Planning Time: 2.150 ms
 Execution Time: 78.580 ms
(12 rows)

SET
SET
SET
SET
SET
                                             QUERY PLAN                                             
----------------------------------------------------------------------------------------------------
 Index Scan using idx on public.t (actual rows=65536.00 loops=1)
   Output: a, b
   Index Cond: ((t.a >= '-97718'::integer) AND (t.a <= '-32183'::integer))
   Index Searches: 1
   Buffers: shared hit=65655
 Settings: enable_bitmapscan = 'off', enable_seqscan = 'off', max_parallel_workers_per_gather = '0'
 Planning:
   Buffers: shared hit=114
 Planning Time: 0.217 ms
 Execution Time: 10.937 ms
(10 rows)

