SET
SET
SET
SET
SET
                                                                       QUERY PLAN                                                                        
---------------------------------------------------------------------------------------------------------------------------------------------------------
 Index Scan using idx on public.t (actual rows=2048576.00 loops=1)
   Output: a, b
   Index Cond: ((t.a >= '-2079996'::integer) AND (t.a <= '-31421'::integer))
   Index Searches: 1
   Prefetch: distance=110.146 count=115851 stalls=1931342 skipped=1937 resets=0 ungets=789 forwarded=2
             histogram [2,4) => 62112, [4,8) => 549, [8,16) => 23, [16,32) => 37, [32,64) => 59, [64,128) => 671, [128,256) => 33473, [256,512) => 18927
   Buffers: shared hit=2013761 read=38481
 Settings: enable_bitmapscan = 'off', enable_seqscan = 'off', max_parallel_workers_per_gather = '0'
 Planning:
   Buffers: shared hit=78 read=27
 Planning Time: 2.126 ms
 Execution Time: 2114.373 ms
(12 rows)

SET
SET
SET
SET
SET
                                             QUERY PLAN                                             
----------------------------------------------------------------------------------------------------
 Index Scan using idx on public.t (actual rows=2048576.00 loops=1)
   Output: a, b
   Index Cond: ((t.a >= '-2079996'::integer) AND (t.a <= '-31421'::integer))
   Index Searches: 1
   Buffers: shared hit=2052242
 Settings: enable_bitmapscan = 'off', enable_seqscan = 'off', max_parallel_workers_per_gather = '0'
 Planning:
   Buffers: shared hit=110
 Planning Time: 0.189 ms
 Execution Time: 311.379 ms
(10 rows)

