SET
SET
SET
SET
SET
                                                                 QUERY PLAN                                                                 
--------------------------------------------------------------------------------------------------------------------------------------------
 Index Scan using idx on public.t (actual rows=4096.00 loops=1)
   Output: a, b
   Index Cond: ((t.a >= '-16436'::integer) AND (t.a <= '-12341'::integer))
   Index Searches: 1
   Prefetch: distance=259.667 count=4419 stalls=1 skipped=4 resets=0 ungets=511 forwarded=1
             histogram [2,4) => 2, [4,8) => 5, [8,16) => 6, [16,32) => 18, [32,64) => 5, [64,128) => 3, [128,256) => 960, [256,512) => 3420
   Buffers: shared hit=3366 read=743
 Settings: enable_bitmapscan = 'off', enable_seqscan = 'off', max_parallel_workers_per_gather = '0'
 Planning:
   Buffers: shared hit=82 read=27
 Planning Time: 2.166 ms
 Execution Time: 16.383 ms
(12 rows)

SET
SET
SET
SET
SET
                                             QUERY PLAN                                             
----------------------------------------------------------------------------------------------------
 Index Scan using idx on public.t (actual rows=4096.00 loops=1)
   Output: a, b
   Index Cond: ((t.a >= '-16436'::integer) AND (t.a <= '-12341'::integer))
   Index Searches: 1
   Buffers: shared hit=4109
 Settings: enable_bitmapscan = 'off', enable_seqscan = 'off', max_parallel_workers_per_gather = '0'
 Planning:
   Buffers: shared hit=114
 Planning Time: 0.131 ms
 Execution Time: 0.584 ms
(10 rows)

