SET
SET
SET
SET
SET
                                                                      QUERY PLAN                                                                       
-------------------------------------------------------------------------------------------------------------------------------------------------------
 Index Scan using idx on public.t (actual rows=262144.00 loops=1)
   Output: a, b
   Index Cond: ((t.a >= '-264572'::integer) AND (t.a <= '-2429'::integer))
   Index Searches: 1
   Prefetch: distance=204.760 count=42052 stalls=220470 skipped=292 resets=0 ungets=841 forwarded=0
             histogram [2,4) => 6186, [4,8) => 66, [8,16) => 18, [16,32) => 30, [32,64) => 55, [64,128) => 159, [128,256) => 21558, [256,512) => 13980
   Buffers: shared hit=257227 read=5347
 Settings: enable_bitmapscan = 'off', enable_seqscan = 'off', max_parallel_workers_per_gather = '0'
 Planning:
   Buffers: shared hit=78 read=27
 Planning Time: 2.146 ms
 Execution Time: 241.925 ms
(12 rows)

SET
SET
SET
SET
SET
                                             QUERY PLAN                                             
----------------------------------------------------------------------------------------------------
 Index Scan using idx on public.t (actual rows=262144.00 loops=1)
   Output: a, b
   Index Cond: ((t.a >= '-264572'::integer) AND (t.a <= '-2429'::integer))
   Index Searches: 1
   Buffers: shared hit=262574
 Settings: enable_bitmapscan = 'off', enable_seqscan = 'off', max_parallel_workers_per_gather = '0'
 Planning:
   Buffers: shared hit=110
 Planning Time: 0.216 ms
 Execution Time: 35.352 ms
(10 rows)

