SET
SET
SET
SET
SET
                                                                        QUERY PLAN                                                                         
-----------------------------------------------------------------------------------------------------------------------------------------------------------
 Index Scan using idx on public.t (actual rows=8048576.00 loops=1)
   Output: a, b
   Index Cond: ((t.a >= '-8066478'::integer) AND (t.a <= '-17903'::integer))
   Index Searches: 1
   Prefetch: distance=40.874 count=301235 stalls=7740665 skipped=7569 resets=0 ungets=948 forwarded=1
             histogram [2,4) => 249418, [4,8) => 2060, [8,16) => 13, [16,32) => 30, [32,64) => 79, [64,128) => 420, [128,256) => 31309, [256,512) => 17906
   Buffers: shared hit=7914514 read=148490
 Settings: enable_bitmapscan = 'off', enable_seqscan = 'off', max_parallel_workers_per_gather = '0'
 Planning:
   Buffers: shared hit=78 read=27
 Planning Time: 2.092 ms
 Execution Time: 8269.611 ms
(12 rows)

SET
SET
SET
SET
SET
                                             QUERY PLAN                                             
----------------------------------------------------------------------------------------------------
 Index Scan using idx on public.t (actual rows=8048576.00 loops=1)
   Output: a, b
   Index Cond: ((t.a >= '-8066478'::integer) AND (t.a <= '-17903'::integer))
   Index Searches: 1
   Buffers: shared hit=8063004
 Settings: enable_bitmapscan = 'off', enable_seqscan = 'off', max_parallel_workers_per_gather = '0'
 Planning:
   Buffers: shared hit=110
 Planning Time: 0.236 ms
 Execution Time: 1192.896 ms
(10 rows)

