SET
SET
SET
SET
SET
                                                                       QUERY PLAN                                                                        
---------------------------------------------------------------------------------------------------------------------------------------------------------
 Index Scan using idx on public.t (actual rows=9048576.00 loops=1)
   Output: a, b
   Index Cond: ((t.a >= '-9061856'::integer) AND (t.a <= '-13281'::integer))
   Index Searches: 1
   Prefetch: distance=15.672 count=300824 stalls=8739724 skipped=8496 resets=0 ungets=747 forwarded=2
             histogram [2,4) => 281572, [4,8) => 2282, [8,16) => 15, [16,32) => 24, [32,64) => 37, [64,128) => 187, [128,256) => 8511, [256,512) => 8196
   Buffers: shared hit=8898022 read=166787
 Settings: enable_bitmapscan = 'off', enable_seqscan = 'off', max_parallel_workers_per_gather = '0'
 Planning:
   Buffers: shared hit=78 read=27
 Planning Time: 2.152 ms
 Execution Time: 9317.828 ms
(12 rows)

SET
SET
SET
SET
SET
                                             QUERY PLAN                                             
----------------------------------------------------------------------------------------------------
 Index Scan using idx on public.t (actual rows=9048576.00 loops=1)
   Output: a, b
   Index Cond: ((t.a >= '-9061856'::integer) AND (t.a <= '-13281'::integer))
   Index Searches: 1
   Buffers: shared hit=9064809
 Settings: enable_bitmapscan = 'off', enable_seqscan = 'off', max_parallel_workers_per_gather = '0'
 Planning:
   Buffers: shared hit=110
 Planning Time: 0.242 ms
 Execution Time: 1349.834 ms
(10 rows)

