SET
SET
SET
SET
SET
                                                                      QUERY PLAN                                                                       
-------------------------------------------------------------------------------------------------------------------------------------------------------
 Index Scan using idx on public.t (actual rows=3048576.00 loops=1)
   Output: a, b
   Index Cond: ((t.a >= '-3064527'::integer) AND (t.a <= '-15952'::integer))
   Index Searches: 1
   Prefetch: distance=26.112 count=105686 stalls=2940535 skipped=2914 resets=0 ungets=785 forwarded=0
             histogram [2,4) => 94384, [4,8) => 832, [8,16) => 14, [16,32) => 45, [32,64) => 90, [64,128) => 190, [128,256) => 4076, [256,512) => 6055
   Buffers: shared hit=2997318 read=56679
 Settings: enable_bitmapscan = 'off', enable_seqscan = 'off', max_parallel_workers_per_gather = '0'
 Planning:
   Buffers: shared hit=78 read=27
 Planning Time: 2.142 ms
 Execution Time: 3150.539 ms
(12 rows)

SET
SET
SET
SET
SET
                                             QUERY PLAN                                             
----------------------------------------------------------------------------------------------------
 Index Scan using idx on public.t (actual rows=3048576.00 loops=1)
   Output: a, b
   Index Cond: ((t.a >= '-3064527'::integer) AND (t.a <= '-15952'::integer))
   Index Searches: 1
   Buffers: shared hit=3053997
 Settings: enable_bitmapscan = 'off', enable_seqscan = 'off', max_parallel_workers_per_gather = '0'
 Planning:
   Buffers: shared hit=110
 Planning Time: 0.190 ms
 Execution Time: 455.337 ms
(10 rows)

