SET
SET
SET
SET
SET
                                                                        QUERY PLAN                                                                         
-----------------------------------------------------------------------------------------------------------------------------------------------------------
 Index Scan using idx on public.t (actual rows=5048576.00 loops=1)
   Output: a, b
   Index Cond: ((t.a >= '-5067281'::integer) AND (t.a <= '-18706'::integer))
   Index Searches: 1
   Prefetch: distance=72.981 count=224515 stalls=4819847 skipped=4773 resets=0 ungets=788 forwarded=0
             histogram [2,4) => 155124, [4,8) => 1308, [8,16) => 31, [16,32) => 28, [32,64) => 50, [64,128) => 781, [128,256) => 44012, [256,512) => 23181
   Buffers: shared hit=4964182 read=93420
 Settings: enable_bitmapscan = 'off', enable_seqscan = 'off', max_parallel_workers_per_gather = '0'
 Planning:
   Buffers: shared hit=78 read=27
 Planning Time: 2.314 ms
 Execution Time: 5199.345 ms
(12 rows)

SET
SET
SET
SET
SET
                                             QUERY PLAN                                             
----------------------------------------------------------------------------------------------------
 Index Scan using idx on public.t (actual rows=5048576.00 loops=1)
   Output: a, b
   Index Cond: ((t.a >= '-5067281'::integer) AND (t.a <= '-18706'::integer))
   Index Searches: 1
   Buffers: shared hit=5057602
 Settings: enable_bitmapscan = 'off', enable_seqscan = 'off', max_parallel_workers_per_gather = '0'
 Planning:
   Buffers: shared hit=110
 Planning Time: 0.228 ms
 Execution Time: 759.585 ms
(10 rows)

