SET
SET
SET
SET
SET
                                                                       QUERY PLAN                                                                       
--------------------------------------------------------------------------------------------------------------------------------------------------------
 Index Scan using idx on public.t (actual rows=4048576.00 loops=1)
   Output: a, b
   Index Cond: ((t.a >= '-4068320'::integer) AND (t.a <= '-19745'::integer))
   Index Searches: 1
   Prefetch: distance=22.006 count=137831 stalls=3907656 skipped=3921 resets=0 ungets=913 forwarded=0
             histogram [2,4) => 125706, [4,8) => 1059, [8,16) => 16, [16,32) => 42, [32,64) => 35, [64,128) => 66, [128,256) => 4321, [256,512) => 6586
   Buffers: shared hit=3980645 read=75078
 Settings: enable_bitmapscan = 'off', enable_seqscan = 'off', max_parallel_workers_per_gather = '0'
 Planning:
   Buffers: shared hit=78 read=27
 Planning Time: 2.129 ms
 Execution Time: 4194.818 ms
(12 rows)

SET
SET
SET
SET
SET
                                             QUERY PLAN                                             
----------------------------------------------------------------------------------------------------
 Index Scan using idx on public.t (actual rows=4048576.00 loops=1)
   Output: a, b
   Index Cond: ((t.a >= '-4068320'::integer) AND (t.a <= '-19745'::integer))
   Index Searches: 1
   Buffers: shared hit=4055723
 Settings: enable_bitmapscan = 'off', enable_seqscan = 'off', max_parallel_workers_per_gather = '0'
 Planning:
   Buffers: shared hit=110
 Planning Time: 0.218 ms
 Execution Time: 606.670 ms
(10 rows)

