SET
SET
SET
SET
SET
                                                                         QUERY PLAN                                                                          
-------------------------------------------------------------------------------------------------------------------------------------------------------------
 Index Scan using idx on public.t (actual rows=6048576.00 loops=1)
   Output: a, b
   Index Cond: ((t.a >= '-6073179'::integer) AND (t.a <= '-24604'::integer))
   Index Searches: 1
   Prefetch: distance=87.618 count=295499 stalls=5747672 skipped=5727 resets=0 ungets=680 forwarded=0
             histogram [2,4) => 185228, [4,8) => 1566, [8,16) => 15, [16,32) => 37, [32,64) => 155, [64,128) => 1592, [128,256) => 71855, [256,512) => 35051
   Buffers: shared hit=5947536 read=111845
 Settings: enable_bitmapscan = 'off', enable_seqscan = 'off', max_parallel_workers_per_gather = '0'
 Planning:
   Buffers: shared hit=78 read=27
 Planning Time: 2.132 ms
 Execution Time: 6210.252 ms
(12 rows)

SET
SET
SET
SET
SET
                                             QUERY PLAN                                             
----------------------------------------------------------------------------------------------------
 Index Scan using idx on public.t (actual rows=6048576.00 loops=1)
   Output: a, b
   Index Cond: ((t.a >= '-6073179'::integer) AND (t.a <= '-24604'::integer))
   Index Searches: 1
   Buffers: shared hit=6059381
 Settings: enable_bitmapscan = 'off', enable_seqscan = 'off', max_parallel_workers_per_gather = '0'
 Planning:
   Buffers: shared hit=110
 Planning Time: 0.243 ms
 Execution Time: 910.055 ms
(10 rows)

