SET
SET
SET
SET
SET
                                                                  QUERY PLAN                                                                   
-----------------------------------------------------------------------------------------------------------------------------------------------
 Index Scan Backward using idx on public.t (actual rows=16384.00 loops=1)
   Output: a, b
   Index Cond: ((t.a >= '-43782'::integer) AND (t.a <= '-27399'::integer))
   Index Searches: 1
   Prefetch: distance=240.720 count=16822 stalls=1 skipped=18 resets=0 ungets=656 forwarded=0
             histogram [2,4) => 4, [4,8) => 4, [8,16) => 8, [16,32) => 10, [32,64) => 5, [64,128) => 128, [128,256) => 9566, [256,512) => 7097
   Buffers: shared hit=15281 read=1136
 Settings: enable_bitmapscan = 'off', enable_seqscan = 'off', max_parallel_workers_per_gather = '0'
 Planning:
   Buffers: shared hit=86 read=27
 Planning Time: 2.163 ms
 Execution Time: 25.612 ms
(12 rows)

SET
SET
SET
SET
SET
                                             QUERY PLAN                                             
----------------------------------------------------------------------------------------------------
 Index Scan Backward using idx on public.t (actual rows=16384.00 loops=1)
   Output: a, b
   Index Cond: ((t.a >= '-43782'::integer) AND (t.a <= '-27399'::integer))
   Index Searches: 1
   Buffers: shared hit=16417
 Settings: enable_bitmapscan = 'off', enable_seqscan = 'off', max_parallel_workers_per_gather = '0'
 Planning:
   Buffers: shared hit=118
 Planning Time: 0.172 ms
 Execution Time: 2.139 ms
(10 rows)

