SET
SET
SET
SET
SET
                                                                QUERY PLAN                                                                
------------------------------------------------------------------------------------------------------------------------------------------
 Index Scan Backward using idx on public.t (actual rows=1024.00 loops=1)
   Output: a, b
   Index Cond: ((t.a >= '-4036'::integer) AND (t.a <= '-3013'::integer))
   Index Searches: 1
   Prefetch: distance=263.900 count=1310 stalls=1 skipped=4 resets=0 ungets=354 forwarded=2
             histogram [2,4) => 4, [4,8) => 8, [8,16) => 6, [16,32) => 10, [32,64) => 2, [64,128) => 2, [128,256) => 9, [256,512) => 1269
   Buffers: shared hit=598 read=431
 Settings: enable_bitmapscan = 'off', enable_seqscan = 'off', max_parallel_workers_per_gather = '0'
 Planning:
   Buffers: shared hit=86 read=27
 Planning Time: 1.536 ms
 Execution Time: 7.304 ms
(12 rows)

SET
SET
SET
SET
SET
                                             QUERY PLAN                                             
----------------------------------------------------------------------------------------------------
 Index Scan Backward using idx on public.t (actual rows=1024.00 loops=1)
   Output: a, b
   Index Cond: ((t.a >= '-4036'::integer) AND (t.a <= '-3013'::integer))
   Index Searches: 1
   Buffers: shared hit=1029
 Settings: enable_bitmapscan = 'off', enable_seqscan = 'off', max_parallel_workers_per_gather = '0'
 Planning:
   Buffers: shared hit=118
 Planning Time: 0.205 ms
 Execution Time: 0.521 ms
(10 rows)

