SET
SET
SET
SET
SET
                                                                QUERY PLAN                                                                 
-------------------------------------------------------------------------------------------------------------------------------------------
 Index Scan Backward using idx on public.t (actual rows=512.00 loops=1)
   Output: a, b
   Index Cond: ((t.a >= '-11692'::integer) AND (t.a <= '-11181'::integer))
   Index Searches: 1
   Prefetch: distance=207.892 count=260 stalls=2 skipped=1 resets=0 ungets=64 forwarded=0
             histogram [2,4) => 14, [4,8) => 17, [8,16) => 13, [16,32) => 9, [32,64) => 7, [64,128) => 2, [128,256) => 5, [256,512) => 193
   Buffers: shared hit=170 read=346
 Settings: enable_bitmapscan = 'off', enable_seqscan = 'off', max_parallel_workers_per_gather = '0'
 Planning:
   Buffers: shared hit=86 read=27
 Planning Time: 1.442 ms
 Execution Time: 17.332 ms
(12 rows)

SET
SET
SET
SET
SET
                                             QUERY PLAN                                             
----------------------------------------------------------------------------------------------------
 Index Scan Backward using idx on public.t (actual rows=512.00 loops=1)
   Output: a, b
   Index Cond: ((t.a >= '-11692'::integer) AND (t.a <= '-11181'::integer))
   Index Searches: 1
   Buffers: shared hit=516
 Settings: enable_bitmapscan = 'off', enable_seqscan = 'off', max_parallel_workers_per_gather = '0'
 Planning:
   Buffers: shared hit=118
 Planning Time: 0.208 ms
 Execution Time: 0.372 ms
(10 rows)

