SET
SET
SET
SET
SET
                                                                       QUERY PLAN                                                                        
---------------------------------------------------------------------------------------------------------------------------------------------------------
 Index Scan Backward using idx on public.t (actual rows=524288.00 loops=1)
   Output: a, b
   Index Cond: ((t.a >= '-527971'::integer) AND (t.a <= '-3684'::integer))
   Index Searches: 1
   Prefetch: distance=187.782 count=75223 stalls=448839 skipped=528 resets=0 ungets=426 forwarded=0
             histogram [2,4) => 14498, [4,8) => 142, [8,16) => 13, [16,32) => 30, [32,64) => 35, [64,128) => 727, [128,256) => 41689, [256,512) => 18089
   Buffers: shared hit=515021 read=10176
 Settings: enable_bitmapscan = 'off', enable_seqscan = 'off', max_parallel_workers_per_gather = '0'
 Planning:
   Buffers: shared hit=82 read=27
 Planning Time: 2.111 ms
 Execution Time: 239.036 ms
(12 rows)

SET
SET
SET
SET
SET
                                             QUERY PLAN                                             
----------------------------------------------------------------------------------------------------
 Index Scan Backward using idx on public.t (actual rows=524288.00 loops=1)
   Output: a, b
   Index Cond: ((t.a >= '-527971'::integer) AND (t.a <= '-3684'::integer))
   Index Searches: 1
   Buffers: shared hit=525197
 Settings: enable_bitmapscan = 'off', enable_seqscan = 'off', max_parallel_workers_per_gather = '0'
 Planning:
   Buffers: shared hit=114
 Planning Time: 0.200 ms
 Execution Time: 76.270 ms
(10 rows)

