SET
SET
SET
SET
SET
                                                                      QUERY PLAN                                                                      
------------------------------------------------------------------------------------------------------------------------------------------------------
 Index Scan Backward using idx on public.t (actual rows=65536.00 loops=1)
   Output: a, b
   Index Cond: ((t.a >= '-78630'::integer) AND (t.a <= '-13095'::integer))
   Index Searches: 1
   Prefetch: distance=231.216 count=51606 stalls=14096 skipped=65 resets=0 ungets=460 forwarded=0
             histogram [2,4) => 468, [4,8) => 12, [8,16) => 15, [16,32) => 24, [32,64) => 43, [64,128) => 651, [128,256) => 34601, [256,512) => 15792
   Buffers: shared hit=63770 read=1886
 Settings: enable_bitmapscan = 'off', enable_seqscan = 'off', max_parallel_workers_per_gather = '0'
 Planning:
   Buffers: shared hit=86 read=27
 Planning Time: 2.119 ms
 Execution Time: 47.492 ms
(12 rows)

SET
SET
SET
SET
SET
                                             QUERY PLAN                                             
----------------------------------------------------------------------------------------------------
 Index Scan Backward using idx on public.t (actual rows=65536.00 loops=1)
   Output: a, b
   Index Cond: ((t.a >= '-78630'::integer) AND (t.a <= '-13095'::integer))
   Index Searches: 1
   Buffers: shared hit=65656
 Settings: enable_bitmapscan = 'off', enable_seqscan = 'off', max_parallel_workers_per_gather = '0'
 Planning:
   Buffers: shared hit=118
 Planning Time: 0.203 ms
 Execution Time: 10.934 ms
(10 rows)

