SET
SET
SET
SET
SET
                                                                        QUERY PLAN                                                                         
-----------------------------------------------------------------------------------------------------------------------------------------------------------
 Index Scan Backward using idx on public.t (actual rows=4048576.00 loops=1)
   Output: a, b
   Index Cond: ((t.a >= '-4068073'::integer) AND (t.a <= '-19498'::integer))
   Index Searches: 1
   Prefetch: distance=63.475 count=171318 stalls=3874002 skipped=3922 resets=0 ungets=714 forwarded=1
             histogram [2,4) => 125094, [4,8) => 1059, [8,16) => 16, [16,32) => 22, [32,64) => 35, [64,128) => 437, [128,256) => 29861, [256,512) => 14794
   Buffers: shared hit=3980646 read=75076
 Settings: enable_bitmapscan = 'off', enable_seqscan = 'off', max_parallel_workers_per_gather = '0'
 Planning:
   Buffers: shared hit=82 read=27
 Planning Time: 2.152 ms
 Execution Time: 1721.393 ms
(12 rows)

SET
SET
SET
SET
SET
                                             QUERY PLAN                                             
----------------------------------------------------------------------------------------------------
 Index Scan Backward using idx on public.t (actual rows=4048576.00 loops=1)
   Output: a, b
   Index Cond: ((t.a >= '-4068073'::integer) AND (t.a <= '-19498'::integer))
   Index Searches: 1
   Buffers: shared hit=4055722
 Settings: enable_bitmapscan = 'off', enable_seqscan = 'off', max_parallel_workers_per_gather = '0'
 Planning:
   Buffers: shared hit=114
 Planning Time: 0.192 ms
 Execution Time: 596.596 ms
(10 rows)

