SET
SET
SET
SET
SET
                                                                      QUERY PLAN                                                                       
-------------------------------------------------------------------------------------------------------------------------------------------------------
 Index Scan Backward using idx on public.t (actual rows=262144.00 loops=1)
   Output: a, b
   Index Cond: ((t.a >= '-280415'::integer) AND (t.a <= '-18272'::integer))
   Index Searches: 1
   Prefetch: distance=204.587 count=52947 stalls=209314 skipped=271 resets=0 ungets=564 forwarded=0
             histogram [2,4) => 6764, [4,8) => 72, [8,16) => 14, [16,32) => 24, [32,64) => 37, [64,128) => 449, [128,256) => 30770, [256,512) => 14817
   Buffers: shared hit=257045 read=5550
 Settings: enable_bitmapscan = 'off', enable_seqscan = 'off', max_parallel_workers_per_gather = '0'
 Planning:
   Buffers: shared hit=82 read=27
 Planning Time: 2.146 ms
 Execution Time: 151.048 ms
(12 rows)

SET
SET
SET
SET
SET
                                             QUERY PLAN                                             
----------------------------------------------------------------------------------------------------
 Index Scan Backward using idx on public.t (actual rows=262144.00 loops=1)
   Output: a, b
   Index Cond: ((t.a >= '-280415'::integer) AND (t.a <= '-18272'::integer))
   Index Searches: 1
   Buffers: shared hit=262595
 Settings: enable_bitmapscan = 'off', enable_seqscan = 'off', max_parallel_workers_per_gather = '0'
 Planning:
   Buffers: shared hit=114
 Planning Time: 0.199 ms
 Execution Time: 34.747 ms
(10 rows)

