SET
SET
SET
SET
SET
                                                                       QUERY PLAN                                                                        
---------------------------------------------------------------------------------------------------------------------------------------------------------
 Index Scan Backward using idx on public.t (actual rows=1048576.00 loops=1)
   Output: a, b
   Index Cond: ((t.a >= '-1080535'::integer) AND (t.a <= '-31960'::integer))
   Index Searches: 1
   Prefetch: distance=120.359 count=64917 stalls=983512 skipped=970 resets=0 ungets=853 forwarded=2
             histogram [2,4) => 31760, [4,8) => 278, [8,16) => 13, [16,32) => 25, [32,64) => 34, [64,128) => 395, [128,256) => 20875, [256,512) => 11537
   Buffers: shared hit=1030356 read=20121
 Settings: enable_bitmapscan = 'off', enable_seqscan = 'off', max_parallel_workers_per_gather = '0'
 Planning:
   Buffers: shared hit=82 read=27
 Planning Time: 2.230 ms
 Execution Time: 447.297 ms
(12 rows)

SET
SET
SET
SET
SET
                                             QUERY PLAN                                             
----------------------------------------------------------------------------------------------------
 Index Scan Backward using idx on public.t (actual rows=1048576.00 loops=1)
   Output: a, b
   Index Cond: ((t.a >= '-1080535'::integer) AND (t.a <= '-31960'::integer))
   Index Searches: 1
   Buffers: shared hit=1050477
 Settings: enable_bitmapscan = 'off', enable_seqscan = 'off', max_parallel_workers_per_gather = '0'
 Planning:
   Buffers: shared hit=114
 Planning Time: 0.215 ms
 Execution Time: 156.054 ms
(10 rows)

