SET
SET
SET
SET
SET
                                                                        QUERY PLAN                                                                         
-----------------------------------------------------------------------------------------------------------------------------------------------------------
 Index Scan Backward using idx on public.t (actual rows=5048576.00 loops=1)
   Output: a, b
   Index Cond: ((t.a >= '-5055699'::integer) AND (t.a <= '-7124'::integer))
   Index Searches: 1
   Prefetch: distance=63.176 count=214104 stalls=4829668 skipped=4791 resets=0 ungets=331 forwarded=1
             histogram [2,4) => 155966, [4,8) => 1312, [8,16) => 18, [16,32) => 24, [32,64) => 44, [64,128) => 728, [128,256) => 39122, [256,512) => 16890
   Buffers: shared hit=4964295 read=93288
 Settings: enable_bitmapscan = 'off', enable_seqscan = 'off', max_parallel_workers_per_gather = '0'
 Planning:
   Buffers: shared hit=82 read=27
 Planning Time: 2.103 ms
 Execution Time: 2065.519 ms
(12 rows)

SET
SET
SET
SET
SET
                                             QUERY PLAN                                             
----------------------------------------------------------------------------------------------------
 Index Scan Backward using idx on public.t (actual rows=5048576.00 loops=1)
   Output: a, b
   Index Cond: ((t.a >= '-5055699'::integer) AND (t.a <= '-7124'::integer))
   Index Searches: 1
   Buffers: shared hit=5057583
 Settings: enable_bitmapscan = 'off', enable_seqscan = 'off', max_parallel_workers_per_gather = '0'
 Planning:
   Buffers: shared hit=114
 Planning Time: 0.227 ms
 Execution Time: 743.207 ms
(10 rows)

