SET
SET
SET
SET
SET
                                                                        QUERY PLAN                                                                         
-----------------------------------------------------------------------------------------------------------------------------------------------------------
 Index Scan Backward using idx on public.t (actual rows=8048576.00 loops=1)
   Output: a, b
   Index Cond: ((t.a >= '-8069247'::integer) AND (t.a <= '-20672'::integer))
   Index Searches: 1
   Prefetch: distance=36.254 count=295659 stalls=7745502 skipped=7569 resets=0 ungets=492 forwarded=1
             histogram [2,4) => 250092, [4,8) => 2085, [8,16) => 16, [16,32) => 24, [32,64) => 41, [64,128) => 389, [128,256) => 29093, [256,512) => 13919
   Buffers: shared hit=7914485 read=148518
 Settings: enable_bitmapscan = 'off', enable_seqscan = 'off', max_parallel_workers_per_gather = '0'
 Planning:
   Buffers: shared hit=82 read=27
 Planning Time: 2.110 ms
 Execution Time: 3437.429 ms
(12 rows)

SET
SET
SET
SET
SET
                                             QUERY PLAN                                             
----------------------------------------------------------------------------------------------------
 Index Scan Backward using idx on public.t (actual rows=8048576.00 loops=1)
   Output: a, b
   Index Cond: ((t.a >= '-8069247'::integer) AND (t.a <= '-20672'::integer))
   Index Searches: 1
   Buffers: shared hit=8063003
 Settings: enable_bitmapscan = 'off', enable_seqscan = 'off', max_parallel_workers_per_gather = '0'
 Planning:
   Buffers: shared hit=114
 Planning Time: 0.241 ms
 Execution Time: 1175.553 ms
(10 rows)

