SET
SET
SET
SET
SET
                                                                      QUERY PLAN                                                                       
-------------------------------------------------------------------------------------------------------------------------------------------------------
 Index Scan Backward using idx on public.t (actual rows=131072.00 loops=1)
   Output: a, b
   Index Cond: ((t.a >= '-145669'::integer) AND (t.a <= '-14598'::integer))
   Index Searches: 1
   Prefetch: distance=222.268 count=52324 stalls=78941 skipped=143 resets=0 ungets=526 forwarded=0
             histogram [2,4) => 2562, [4,8) => 27, [8,16) => 19, [16,32) => 24, [32,64) => 39, [64,128) => 623, [128,256) => 33391, [256,512) => 15639
   Buffers: shared hit=128184 read=3109
 Settings: enable_bitmapscan = 'off', enable_seqscan = 'off', max_parallel_workers_per_gather = '0'
 Planning:
   Buffers: shared hit=86 read=27
 Planning Time: 2.121 ms
 Execution Time: 81.527 ms
(12 rows)

SET
SET
SET
SET
SET
                                             QUERY PLAN                                             
----------------------------------------------------------------------------------------------------
 Index Scan Backward using idx on public.t (actual rows=131072.00 loops=1)
   Output: a, b
   Index Cond: ((t.a >= '-145669'::integer) AND (t.a <= '-14598'::integer))
   Index Searches: 1
   Buffers: shared hit=131293
 Settings: enable_bitmapscan = 'off', enable_seqscan = 'off', max_parallel_workers_per_gather = '0'
 Planning:
   Buffers: shared hit=118
 Planning Time: 0.203 ms
 Execution Time: 14.747 ms
(10 rows)

