SET
SET
SET
SET
SET
                                                                    QUERY PLAN                                                                    
--------------------------------------------------------------------------------------------------------------------------------------------------
 Index Scan Backward using idx on public.t (actual rows=32768.00 loops=1)
   Output: a, b
   Index Cond: ((t.a >= '-61524'::integer) AND (t.a <= '-28757'::integer))
   Index Searches: 1
   Prefetch: distance=236.180 count=33011 stalls=2 skipped=33 resets=0 ungets=583 forwarded=1
             histogram [2,4) => 4, [4,8) => 5, [8,16) => 10, [16,32) => 10, [32,64) => 6, [64,128) => 270, [128,256) => 21373, [256,512) => 11333
   Buffers: shared hit=31379 read=1451
 Settings: enable_bitmapscan = 'off', enable_seqscan = 'off', max_parallel_workers_per_gather = '0'
 Planning:
   Buffers: shared hit=86 read=27
 Planning Time: 2.154 ms
 Execution Time: 38.498 ms
(12 rows)

SET
SET
SET
SET
SET
                                             QUERY PLAN                                             
----------------------------------------------------------------------------------------------------
 Index Scan Backward using idx on public.t (actual rows=32768.00 loops=1)
   Output: a, b
   Index Cond: ((t.a >= '-61524'::integer) AND (t.a <= '-28757'::integer))
   Index Searches: 1
   Buffers: shared hit=32830
 Settings: enable_bitmapscan = 'off', enable_seqscan = 'off', max_parallel_workers_per_gather = '0'
 Planning:
   Buffers: shared hit=118
 Planning Time: 0.180 ms
 Execution Time: 5.249 ms
(10 rows)

