SET
SET
SET
SET
SET
                                                                 QUERY PLAN                                                                  
---------------------------------------------------------------------------------------------------------------------------------------------
 Index Scan Backward using idx on public.t (actual rows=4096.00 loops=1)
   Output: a, b
   Index Cond: ((t.a >= '-22202'::integer) AND (t.a <= '-18107'::integer))
   Index Searches: 1
   Prefetch: distance=260.304 count=4214 stalls=2 skipped=4 resets=0 ungets=465 forwarded=0
             histogram [2,4) => 4, [4,8) => 6, [8,16) => 11, [16,32) => 9, [32,64) => 11, [64,128) => 2, [128,256) => 784, [256,512) => 3387
   Buffers: shared hit=3296 read=813
 Settings: enable_bitmapscan = 'off', enable_seqscan = 'off', max_parallel_workers_per_gather = '0'
 Planning:
   Buffers: shared hit=86 read=27
 Planning Time: 2.114 ms
 Execution Time: 23.698 ms
(12 rows)

SET
SET
SET
SET
SET
                                             QUERY PLAN                                             
----------------------------------------------------------------------------------------------------
 Index Scan Backward using idx on public.t (actual rows=4096.00 loops=1)
   Output: a, b
   Index Cond: ((t.a >= '-22202'::integer) AND (t.a <= '-18107'::integer))
   Index Searches: 1
   Buffers: shared hit=4109
 Settings: enable_bitmapscan = 'off', enable_seqscan = 'off', max_parallel_workers_per_gather = '0'
 Planning:
   Buffers: shared hit=118
 Planning Time: 0.245 ms
 Execution Time: 1.189 ms
(10 rows)

