SET
SET
SET
SET
SET
                                                               QUERY PLAN                                                               
----------------------------------------------------------------------------------------------------------------------------------------
 Index Scan Backward using idx on public.t (actual rows=256.00 loops=1)
   Output: a, b
   Index Cond: ((t.a >= '-6141'::integer) AND (t.a <= '-5886'::integer))
   Index Searches: 1
   Prefetch: distance=231.966 count=206 stalls=1 skipped=0 resets=0 ungets=69 forwarded=0
             histogram [2,4) => 6, [4,8) => 4, [8,16) => 5, [16,32) => 9, [32,64) => 5, [64,128) => 2, [128,256) => 2, [256,512) => 173
   Buffers: shared hit=67 read=196
 Settings: enable_bitmapscan = 'off', enable_seqscan = 'off', max_parallel_workers_per_gather = '0'
 Planning:
   Buffers: shared hit=86 read=27
 Planning Time: 1.450 ms
 Execution Time: 8.090 ms
(12 rows)

SET
SET
SET
SET
SET
                                             QUERY PLAN                                             
----------------------------------------------------------------------------------------------------
 Index Scan Backward using idx on public.t (actual rows=256.00 loops=1)
   Output: a, b
   Index Cond: ((t.a >= '-6141'::integer) AND (t.a <= '-5886'::integer))
   Index Searches: 1
   Buffers: shared hit=263
 Settings: enable_bitmapscan = 'off', enable_seqscan = 'off', max_parallel_workers_per_gather = '0'
 Planning:
   Buffers: shared hit=118
 Planning Time: 0.174 ms
 Execution Time: 0.190 ms
(10 rows)

