SET
SET
SET
SET
SET
                                                                QUERY PLAN                                                                
------------------------------------------------------------------------------------------------------------------------------------------
 Index Scan Backward using idx on public.t (actual rows=2048.00 loops=1)
   Output: a, b
   Index Cond: ((t.a >= '-33497'::integer) AND (t.a <= '-31450'::integer))
   Index Searches: 1
   Prefetch: distance=266.603 count=2518 stalls=1 skipped=1 resets=0 ungets=646 forwarded=1
             histogram [2,4) => 2, [4,8) => 7, [8,16) => 6, [16,32) => 9, [32,64) => 3, [64,128) => 4, [128,256) => 46, [256,512) => 2441
   Buffers: shared hit=1235 read=823
 Settings: enable_bitmapscan = 'off', enable_seqscan = 'off', max_parallel_workers_per_gather = '0'
 Planning:
   Buffers: shared hit=86 read=27
 Planning Time: 2.122 ms
 Execution Time: 16.451 ms
(12 rows)

SET
SET
SET
SET
SET
                                             QUERY PLAN                                             
----------------------------------------------------------------------------------------------------
 Index Scan Backward using idx on public.t (actual rows=2048.00 loops=1)
   Output: a, b
   Index Cond: ((t.a >= '-33497'::integer) AND (t.a <= '-31450'::integer))
   Index Searches: 1
   Buffers: shared hit=2058
 Settings: enable_bitmapscan = 'off', enable_seqscan = 'off', max_parallel_workers_per_gather = '0'
 Planning:
   Buffers: shared hit=118
 Planning Time: 0.155 ms
 Execution Time: 0.845 ms
(10 rows)

