SET
SET
SET
SET
SET
                                                                      QUERY PLAN                                                                       
-------------------------------------------------------------------------------------------------------------------------------------------------------
 Index Scan Backward using idx on public.t (actual rows=65536.00 loops=1)
   Output: a, b
   Index Cond: ((t.a >= '-96341'::integer) AND (t.a <= '-30806'::integer))
   Index Searches: 1
   Prefetch: distance=228.856 count=34946 stalls=31228 skipped=65 resets=0 ungets=789 forwarded=1
             histogram [2,4) => 1022, [4,8) => 13, [8,16) => 13, [16,32) => 25, [32,64) => 34, [64,128) => 395, [128,256) => 21516, [256,512) => 11928
   Buffers: shared hit=63587 read=2069
 Settings: enable_bitmapscan = 'off', enable_seqscan = 'off', max_parallel_workers_per_gather = '0'
 Planning:
   Buffers: shared hit=86 read=27
 Planning Time: 2.139 ms
 Execution Time: 42.306 ms
(12 rows)

SET
SET
SET
SET
SET
                                             QUERY PLAN                                             
----------------------------------------------------------------------------------------------------
 Index Scan Backward using idx on public.t (actual rows=65536.00 loops=1)
   Output: a, b
   Index Cond: ((t.a >= '-96341'::integer) AND (t.a <= '-30806'::integer))
   Index Searches: 1
   Buffers: shared hit=65656
 Settings: enable_bitmapscan = 'off', enable_seqscan = 'off', max_parallel_workers_per_gather = '0'
 Planning:
   Buffers: shared hit=118
 Planning Time: 0.181 ms
 Execution Time: 6.797 ms
(10 rows)

