SET
SET
SET
SET
SET
                                                                   QUERY PLAN                                                                   
------------------------------------------------------------------------------------------------------------------------------------------------
 Index Scan Backward using idx on public.t (actual rows=16384.00 loops=1)
   Output: a, b
   Index Cond: ((t.a >= '-25335'::integer) AND (t.a <= '-8952'::integer))
   Index Searches: 1
   Prefetch: distance=236.556 count=16388 stalls=3 skipped=22 resets=0 ungets=375 forwarded=1
             histogram [2,4) => 4, [4,8) => 5, [8,16) => 7, [16,32) => 18, [32,64) => 15, [64,128) => 261, [128,256) => 9687, [256,512) => 6391
   Buffers: shared hit=15477 read=932
 Settings: enable_bitmapscan = 'off', enable_seqscan = 'off', max_parallel_workers_per_gather = '0'
 Planning:
   Buffers: shared hit=86 read=27
 Planning Time: 2.123 ms
 Execution Time: 27.781 ms
(12 rows)

SET
SET
SET
SET
SET
                                             QUERY PLAN                                             
----------------------------------------------------------------------------------------------------
 Index Scan Backward using idx on public.t (actual rows=16384.00 loops=1)
   Output: a, b
   Index Cond: ((t.a >= '-25335'::integer) AND (t.a <= '-8952'::integer))
   Index Searches: 1
   Buffers: shared hit=16409
 Settings: enable_bitmapscan = 'off', enable_seqscan = 'off', max_parallel_workers_per_gather = '0'
 Planning:
   Buffers: shared hit=118
 Planning Time: 0.206 ms
 Execution Time: 3.086 ms
(10 rows)

