SET
SET
SET
SET
SET
                                                                       QUERY PLAN                                                                        
---------------------------------------------------------------------------------------------------------------------------------------------------------
 Index Scan Backward using idx on public.t (actual rows=3048576.00 loops=1)
   Output: a, b
   Index Cond: ((t.a >= '-3062142'::integer) AND (t.a <= '-13567'::integer))
   Index Searches: 1
   Prefetch: distance=83.021 count=145288 stalls=2900800 skipped=2914 resets=0 ungets=549 forwarded=1
             histogram [2,4) => 93662, [4,8) => 771, [8,16) => 18, [16,32) => 25, [32,64) => 34, [64,128) => 728, [128,256) => 34048, [256,512) => 16002
   Buffers: shared hit=2997349 read=56649
 Settings: enable_bitmapscan = 'off', enable_seqscan = 'off', max_parallel_workers_per_gather = '0'
 Planning:
   Buffers: shared hit=82 read=27
 Planning Time: 2.130 ms
 Execution Time: 1459.371 ms
(12 rows)

SET
SET
SET
SET
SET
                                             QUERY PLAN                                             
----------------------------------------------------------------------------------------------------
 Index Scan Backward using idx on public.t (actual rows=3048576.00 loops=1)
   Output: a, b
   Index Cond: ((t.a >= '-3062142'::integer) AND (t.a <= '-13567'::integer))
   Index Searches: 1
   Buffers: shared hit=3053998
 Settings: enable_bitmapscan = 'off', enable_seqscan = 'off', max_parallel_workers_per_gather = '0'
 Planning:
   Buffers: shared hit=114
 Planning Time: 0.211 ms
 Execution Time: 452.369 ms
(10 rows)

