SET
SET
SET
SET
SET
                                                                       QUERY PLAN                                                                        
---------------------------------------------------------------------------------------------------------------------------------------------------------
 Index Scan Backward using idx on public.t (actual rows=524288.00 loops=1)
   Output: a, b
   Index Cond: ((t.a >= '-545103'::integer) AND (t.a <= '-20816'::integer))
   Index Searches: 1
   Prefetch: distance=174.605 count=58776 stalls=465406 skipped=509 resets=0 ungets=597 forwarded=0
             histogram [2,4) => 15042, [4,8) => 143, [8,16) => 18, [16,32) => 23, [32,64) => 34, [64,128) => 439, [128,256) => 29043, [256,512) => 14034
   Buffers: shared hit=514823 read=10394
 Settings: enable_bitmapscan = 'off', enable_seqscan = 'off', max_parallel_workers_per_gather = '0'
 Planning:
   Buffers: shared hit=82 read=27
 Planning Time: 2.111 ms
 Execution Time: 239.784 ms
(12 rows)

SET
SET
SET
SET
SET
                                             QUERY PLAN                                             
----------------------------------------------------------------------------------------------------
 Index Scan Backward using idx on public.t (actual rows=524288.00 loops=1)
   Output: a, b
   Index Cond: ((t.a >= '-545103'::integer) AND (t.a <= '-20816'::integer))
   Index Searches: 1
   Buffers: shared hit=525217
 Settings: enable_bitmapscan = 'off', enable_seqscan = 'off', max_parallel_workers_per_gather = '0'
 Planning:
   Buffers: shared hit=114
 Planning Time: 0.241 ms
 Execution Time: 79.423 ms
(10 rows)

