SET
SET
SET
SET
SET
                                                                      QUERY PLAN                                                                       
-------------------------------------------------------------------------------------------------------------------------------------------------------
 Index Scan Backward using idx on public.t (actual rows=262144.00 loops=1)
   Output: a, b
   Index Cond: ((t.a >= '-268242'::integer) AND (t.a <= '-6099'::integer))
   Index Searches: 1
   Prefetch: distance=209.348 count=64406 stalls=197534 skipped=286 resets=0 ungets=353 forwarded=0
             histogram [2,4) => 6382, [4,8) => 68, [8,16) => 17, [16,32) => 25, [32,64) => 38, [64,128) => 727, [128,256) => 40022, [256,512) => 17127
   Buffers: shared hit=257180 read=5399
 Settings: enable_bitmapscan = 'off', enable_seqscan = 'off', max_parallel_workers_per_gather = '0'
 Planning:
   Buffers: shared hit=82 read=27
 Planning Time: 2.147 ms
 Execution Time: 128.531 ms
(12 rows)

SET
SET
SET
SET
SET
                                             QUERY PLAN                                             
----------------------------------------------------------------------------------------------------
 Index Scan Backward using idx on public.t (actual rows=262144.00 loops=1)
   Output: a, b
   Index Cond: ((t.a >= '-268242'::integer) AND (t.a <= '-6099'::integer))
   Index Searches: 1
   Buffers: shared hit=262579
 Settings: enable_bitmapscan = 'off', enable_seqscan = 'off', max_parallel_workers_per_gather = '0'
 Planning:
   Buffers: shared hit=114
 Planning Time: 0.231 ms
 Execution Time: 35.830 ms
(10 rows)

