SET
SET
SET
SET
SET
                                                                       QUERY PLAN                                                                        
---------------------------------------------------------------------------------------------------------------------------------------------------------
 Index Scan Backward using idx on public.t (actual rows=2048576.00 loops=1)
   Output: a, b
   Index Cond: ((t.a >= '-2067582'::integer) AND (t.a <= '-19007'::integer))
   Index Searches: 1
   Prefetch: distance=99.467 count=108530 stalls=1938517 skipped=1937 resets=0 ungets=581 forwarded=1
             histogram [2,4) => 62590, [4,8) => 540, [8,16) => 19, [16,32) => 27, [32,64) => 34, [64,128) => 390, [128,256) => 30286, [256,512) => 14644
   Buffers: shared hit=2013887 read=38355
 Settings: enable_bitmapscan = 'off', enable_seqscan = 'off', max_parallel_workers_per_gather = '0'
 Planning:
   Buffers: shared hit=82 read=27
 Planning Time: 2.120 ms
 Execution Time: 848.023 ms
(12 rows)

SET
SET
SET
SET
SET
                                             QUERY PLAN                                             
----------------------------------------------------------------------------------------------------
 Index Scan Backward using idx on public.t (actual rows=2048576.00 loops=1)
   Output: a, b
   Index Cond: ((t.a >= '-2067582'::integer) AND (t.a <= '-19007'::integer))
   Index Searches: 1
   Buffers: shared hit=2052242
 Settings: enable_bitmapscan = 'off', enable_seqscan = 'off', max_parallel_workers_per_gather = '0'
 Planning:
   Buffers: shared hit=114
 Planning Time: 0.195 ms
 Execution Time: 302.422 ms
(10 rows)

