SET
SET
SET
SET
SET
                                                                       QUERY PLAN                                                                        
---------------------------------------------------------------------------------------------------------------------------------------------------------
 Index Scan Backward using idx on public.t (actual rows=1048576.00 loops=1)
   Output: a, b
   Index Cond: ((t.a >= '-1050200'::integer) AND (t.a <= '-1625'::integer))
   Index Searches: 1
   Prefetch: distance=155.410 count=93328 stalls=954168 skipped=989 resets=0 ungets=262 forwarded=2
             histogram [2,4) => 30830, [4,8) => 271, [8,16) => 17, [16,32) => 30, [32,64) => 35, [64,128) => 737, [128,256) => 43430, [256,512) => 17978
   Buffers: shared hit=1030686 read=19771
 Settings: enable_bitmapscan = 'off', enable_seqscan = 'off', max_parallel_workers_per_gather = '0'
 Planning:
   Buffers: shared hit=82 read=27
 Planning Time: 2.185 ms
 Execution Time: 496.348 ms
(12 rows)

SET
SET
SET
SET
SET
                                             QUERY PLAN                                             
----------------------------------------------------------------------------------------------------
 Index Scan Backward using idx on public.t (actual rows=1048576.00 loops=1)
   Output: a, b
   Index Cond: ((t.a >= '-1050200'::integer) AND (t.a <= '-1625'::integer))
   Index Searches: 1
   Buffers: shared hit=1050457
 Settings: enable_bitmapscan = 'off', enable_seqscan = 'off', max_parallel_workers_per_gather = '0'
 Planning:
   Buffers: shared hit=114
 Planning Time: 0.191 ms
 Execution Time: 160.506 ms
(10 rows)

