SET
SET
SET
SET
SET
                                                               QUERY PLAN                                                               
----------------------------------------------------------------------------------------------------------------------------------------
 Index Scan Backward using idx on public.t (actual rows=512.00 loops=1)
   Output: a, b
   Index Cond: ((t.a >= '-25775'::integer) AND (t.a <= '-25264'::integer))
   Index Searches: 1
   Prefetch: distance=258.787 count=602 stalls=2 skipped=0 resets=0 ungets=230 forwarded=0
             histogram [2,4) => 2, [4,8) => 6, [8,16) => 7, [16,32) => 9, [32,64) => 2, [64,128) => 4, [128,256) => 3, [256,512) => 569
   Buffers: shared hit=140 read=380
 Settings: enable_bitmapscan = 'off', enable_seqscan = 'off', max_parallel_workers_per_gather = '0'
 Planning:
   Buffers: shared hit=86 read=27
 Planning Time: 1.462 ms
 Execution Time: 10.844 ms
(12 rows)

SET
SET
SET
SET
SET
                                             QUERY PLAN                                             
----------------------------------------------------------------------------------------------------
 Index Scan Backward using idx on public.t (actual rows=512.00 loops=1)
   Output: a, b
   Index Cond: ((t.a >= '-25775'::integer) AND (t.a <= '-25264'::integer))
   Index Searches: 1
   Buffers: shared hit=520
 Settings: enable_bitmapscan = 'off', enable_seqscan = 'off', max_parallel_workers_per_gather = '0'
 Planning:
   Buffers: shared hit=118
 Planning Time: 0.199 ms
 Execution Time: 0.408 ms
(10 rows)

