SET
SET
SET
SET
SET
                                                                       QUERY PLAN                                                                        
---------------------------------------------------------------------------------------------------------------------------------------------------------
 Index Scan Backward using idx on public.t (actual rows=1048576.00 loops=1)
   Output: a, b
   Index Cond: ((t.a >= '-1060478'::integer) AND (t.a <= '-11903'::integer))
   Index Searches: 1
   Prefetch: distance=146.387 count=83580 stalls=964097 skipped=974 resets=0 ungets=398 forwarded=1
             histogram [2,4) => 31140, [4,8) => 280, [8,16) => 14, [16,32) => 32, [32,64) => 40, [64,128) => 649, [128,256) => 35454, [256,512) => 15971
   Buffers: shared hit=1030552 read=19919
 Settings: enable_bitmapscan = 'off', enable_seqscan = 'off', max_parallel_workers_per_gather = '0'
 Planning:
   Buffers: shared hit=82 read=27
 Planning Time: 2.228 ms
 Execution Time: 461.802 ms
(12 rows)

SET
SET
SET
SET
SET
                                             QUERY PLAN                                             
----------------------------------------------------------------------------------------------------
 Index Scan Backward using idx on public.t (actual rows=1048576.00 loops=1)
   Output: a, b
   Index Cond: ((t.a >= '-1060478'::integer) AND (t.a <= '-11903'::integer))
   Index Searches: 1
   Buffers: shared hit=1050471
 Settings: enable_bitmapscan = 'off', enable_seqscan = 'off', max_parallel_workers_per_gather = '0'
 Planning:
   Buffers: shared hit=114
 Planning Time: 0.221 ms
 Execution Time: 158.122 ms
(10 rows)

