SET
SET
SET
SET
SET
                                                                  QUERY PLAN                                                                   
-----------------------------------------------------------------------------------------------------------------------------------------------
 Index Scan Backward using idx on public.t (actual rows=16384.00 loops=1)
   Output: a, b
   Index Cond: ((t.a >= '-41989'::integer) AND (t.a <= '-25606'::integer))
   Index Searches: 1
   Prefetch: distance=242.094 count=16880 stalls=2 skipped=18 resets=0 ungets=678 forwarded=0
             histogram [2,4) => 2, [4,8) => 6, [8,16) => 9, [16,32) => 12, [32,64) => 2, [64,128) => 105, [128,256) => 9421, [256,512) => 7323
   Buffers: shared hit=15296 read=1121
 Settings: enable_bitmapscan = 'off', enable_seqscan = 'off', max_parallel_workers_per_gather = '0'
 Planning:
   Buffers: shared hit=86 read=27
 Planning Time: 2.203 ms
 Execution Time: 22.154 ms
(12 rows)

SET
SET
SET
SET
SET
                                             QUERY PLAN                                             
----------------------------------------------------------------------------------------------------
 Index Scan Backward using idx on public.t (actual rows=16384.00 loops=1)
   Output: a, b
   Index Cond: ((t.a >= '-41989'::integer) AND (t.a <= '-25606'::integer))
   Index Searches: 1
   Buffers: shared hit=16417
 Settings: enable_bitmapscan = 'off', enable_seqscan = 'off', max_parallel_workers_per_gather = '0'
 Planning:
   Buffers: shared hit=118
 Planning Time: 0.217 ms
 Execution Time: 3.277 ms
(10 rows)

