SET
SET
SET
SET
SET
                                                                   QUERY PLAN                                                                   
------------------------------------------------------------------------------------------------------------------------------------------------
 Index Scan Backward using idx on public.t (actual rows=8192.00 loops=1)
   Output: a, b
   Index Cond: ((t.a >= '-20436'::integer) AND (t.a <= '-12245'::integer))
   Index Searches: 1
   Prefetch: distance=245.603 count=8235 stalls=6 skipped=9 resets=0 ungets=405 forwarded=0
             histogram [2,4) => 12, [4,8) => 9, [8,16) => 10, [16,32) => 9, [32,64) => 15, [64,128) => 31, [128,256) => 3853, [256,512) => 4296
   Buffers: shared hit=7385 read=826
 Settings: enable_bitmapscan = 'off', enable_seqscan = 'off', max_parallel_workers_per_gather = '0'
 Planning:
   Buffers: shared hit=86 read=27
 Planning Time: 2.122 ms
 Execution Time: 24.885 ms
(12 rows)

SET
SET
SET
SET
SET
                                             QUERY PLAN                                             
----------------------------------------------------------------------------------------------------
 Index Scan Backward using idx on public.t (actual rows=8192.00 loops=1)
   Output: a, b
   Index Cond: ((t.a >= '-20436'::integer) AND (t.a <= '-12245'::integer))
   Index Searches: 1
   Buffers: shared hit=8211
 Settings: enable_bitmapscan = 'off', enable_seqscan = 'off', max_parallel_workers_per_gather = '0'
 Planning:
   Buffers: shared hit=118
 Planning Time: 0.191 ms
 Execution Time: 1.800 ms
(10 rows)

