SET
SET
SET
SET
SET
                                                                      QUERY PLAN                                                                      
------------------------------------------------------------------------------------------------------------------------------------------------------
 Index Scan Backward using idx on public.t (actual rows=65536.00 loops=1)
   Output: a, b
   Index Cond: ((t.a >= '-86614'::integer) AND (t.a <= '-21079'::integer))
   Index Searches: 1
   Prefetch: distance=230.744 count=43884 stalls=21826 skipped=66 resets=0 ungets=537 forwarded=0
             histogram [2,4) => 708, [4,8) => 13, [8,16) => 15, [16,32) => 33, [32,64) => 38, [64,128) => 437, [128,256) => 28805, [256,512) => 13835
   Buffers: shared hit=63681 read=1974
 Settings: enable_bitmapscan = 'off', enable_seqscan = 'off', max_parallel_workers_per_gather = '0'
 Planning:
   Buffers: shared hit=86 read=27
 Planning Time: 2.152 ms
 Execution Time: 51.810 ms
(12 rows)

SET
SET
SET
SET
SET
                                             QUERY PLAN                                             
----------------------------------------------------------------------------------------------------
 Index Scan Backward using idx on public.t (actual rows=65536.00 loops=1)
   Output: a, b
   Index Cond: ((t.a >= '-86614'::integer) AND (t.a <= '-21079'::integer))
   Index Searches: 1
   Buffers: shared hit=65655
 Settings: enable_bitmapscan = 'off', enable_seqscan = 'off', max_parallel_workers_per_gather = '0'
 Planning:
   Buffers: shared hit=118
 Planning Time: 0.214 ms
 Execution Time: 10.311 ms
(10 rows)

