SET
SET
SET
SET
SET
                                                                  QUERY PLAN                                                                   
-----------------------------------------------------------------------------------------------------------------------------------------------
 Index Scan Backward using idx on public.t (actual rows=2048.00 loops=1)
   Output: a, b
   Index Cond: ((t.a >= '-2976'::integer) AND (t.a <= '-929'::integer))
   Index Searches: 1
   Prefetch: distance=258.135 count=1984 stalls=4 skipped=3 resets=0 ungets=260 forwarded=0
             histogram [2,4) => 10, [4,8) => 11, [8,16) => 12, [16,32) => 9, [32,64) => 14, [64,128) => 6, [128,256) => 205, [256,512) => 1717
   Buffers: shared hit=1537 read=519
 Settings: enable_bitmapscan = 'off', enable_seqscan = 'off', max_parallel_workers_per_gather = '0'
 Planning:
   Buffers: shared hit=86 read=27
 Planning Time: 2.122 ms
 Execution Time: 17.270 ms
(12 rows)

SET
SET
SET
SET
SET
                                             QUERY PLAN                                             
----------------------------------------------------------------------------------------------------
 Index Scan Backward using idx on public.t (actual rows=2048.00 loops=1)
   Output: a, b
   Index Cond: ((t.a >= '-2976'::integer) AND (t.a <= '-929'::integer))
   Index Searches: 1
   Buffers: shared hit=2056
 Settings: enable_bitmapscan = 'off', enable_seqscan = 'off', max_parallel_workers_per_gather = '0'
 Planning:
   Buffers: shared hit=118
 Planning Time: 0.195 ms
 Execution Time: 0.717 ms
(10 rows)

