SET
SET
SET
SET
SET
                                                                      QUERY PLAN                                                                       
-------------------------------------------------------------------------------------------------------------------------------------------------------
 Index Scan Backward using idx on public.t (actual rows=262144.00 loops=1)
   Output: a, b
   Index Cond: ((t.a >= '-276552'::integer) AND (t.a <= '-14409'::integer))
   Index Searches: 1
   Prefetch: distance=206.522 count=56966 stalls=205574 skipped=270 resets=0 ungets=679 forwarded=0
             histogram [2,4) => 6644, [4,8) => 68, [8,16) => 20, [16,32) => 21, [32,64) => 34, [64,128) => 623, [128,256) => 33640, [256,512) => 15916
   Buffers: shared hit=257088 read=5509
 Settings: enable_bitmapscan = 'off', enable_seqscan = 'off', max_parallel_workers_per_gather = '0'
 Planning:
   Buffers: shared hit=82 read=27
 Planning Time: 2.117 ms
 Execution Time: 114.558 ms
(12 rows)

SET
SET
SET
SET
SET
                                             QUERY PLAN                                             
----------------------------------------------------------------------------------------------------
 Index Scan Backward using idx on public.t (actual rows=262144.00 loops=1)
   Output: a, b
   Index Cond: ((t.a >= '-276552'::integer) AND (t.a <= '-14409'::integer))
   Index Searches: 1
   Buffers: shared hit=262597
 Settings: enable_bitmapscan = 'off', enable_seqscan = 'off', max_parallel_workers_per_gather = '0'
 Planning:
   Buffers: shared hit=114
 Planning Time: 0.199 ms
 Execution Time: 36.450 ms
(10 rows)

