SET
SET
SET
SET
SET
                                                                        QUERY PLAN                                                                         
-----------------------------------------------------------------------------------------------------------------------------------------------------------
 Index Scan Backward using idx on public.t (actual rows=7048576.00 loops=1)
   Output: a, b
   Index Cond: ((t.a >= '-7053595'::integer) AND (t.a <= '-5020'::integer))
   Index Searches: 1
   Prefetch: distance=50.786 count=279224 stalls=6762756 skipped=6697 resets=0 ungets=353 forwarded=1
             histogram [2,4) => 218366, [4,8) => 1810, [8,16) => 18, [16,32) => 25, [32,64) => 35, [64,128) => 724, [128,256) => 40665, [256,512) => 17581
   Buffers: shared hit=6931173 read=129970
 Settings: enable_bitmapscan = 'off', enable_seqscan = 'off', max_parallel_workers_per_gather = '0'
 Planning:
   Buffers: shared hit=82 read=27
 Planning Time: 2.137 ms
 Execution Time: 2905.161 ms
(12 rows)

SET
SET
SET
SET
SET
                                             QUERY PLAN                                             
----------------------------------------------------------------------------------------------------
 Index Scan Backward using idx on public.t (actual rows=7048576.00 loops=1)
   Output: a, b
   Index Cond: ((t.a >= '-7053595'::integer) AND (t.a <= '-5020'::integer))
   Index Searches: 1
   Buffers: shared hit=7061143
 Settings: enable_bitmapscan = 'off', enable_seqscan = 'off', max_parallel_workers_per_gather = '0'
 Planning:
   Buffers: shared hit=114
 Planning Time: 0.251 ms
 Execution Time: 1045.249 ms
(10 rows)

