SET
SET
SET
SET
SET
                                                                        QUERY PLAN                                                                         
-----------------------------------------------------------------------------------------------------------------------------------------------------------
 Index Scan Backward using idx on public.t (actual rows=9048576.00 loops=1)
   Output: a, b
   Index Cond: ((t.a >= '-9077961'::integer) AND (t.a <= '-29386'::integer))
   Index Searches: 1
   Prefetch: distance=28.015 count=319345 stalls=8721491 skipped=8501 resets=0 ungets=803 forwarded=2
             histogram [2,4) => 281602, [4,8) => 2356, [8,16) => 20, [16,32) => 22, [32,64) => 34, [64,128) => 343, [128,256) => 22386, [256,512) => 12582
   Buffers: shared hit=8897847 read=166957
 Settings: enable_bitmapscan = 'off', enable_seqscan = 'off', max_parallel_workers_per_gather = '0'
 Planning:
   Buffers: shared hit=82 read=27
 Planning Time: 2.171 ms
 Execution Time: 3702.179 ms
(12 rows)

SET
SET
SET
SET
SET
                                             QUERY PLAN                                             
----------------------------------------------------------------------------------------------------
 Index Scan Backward using idx on public.t (actual rows=9048576.00 loops=1)
   Output: a, b
   Index Cond: ((t.a >= '-9077961'::integer) AND (t.a <= '-29386'::integer))
   Index Searches: 1
   Buffers: shared hit=9064804
 Settings: enable_bitmapscan = 'off', enable_seqscan = 'off', max_parallel_workers_per_gather = '0'
 Planning:
   Buffers: shared hit=114
 Planning Time: 0.241 ms
 Execution Time: 1337.840 ms
(10 rows)

