SET
SET
SET
SET
SET
                                                                       QUERY PLAN                                                                        
---------------------------------------------------------------------------------------------------------------------------------------------------------
 Index Scan Backward using idx on public.t (actual rows=2048576.00 loops=1)
   Output: a, b
   Index Cond: ((t.a >= '-2049745'::integer) AND (t.a <= '-1170'::integer))
   Index Searches: 1
   Prefetch: distance=117.828 count=125716 stalls=1921256 skipped=1960 resets=0 ungets=432 forwarded=1
             histogram [2,4) => 62036, [4,8) => 534, [8,16) => 19, [16,32) => 26, [32,64) => 35, [64,128) => 736, [128,256) => 43550, [256,512) => 18780
   Buffers: shared hit=2014098 read=38121
 Settings: enable_bitmapscan = 'off', enable_seqscan = 'off', max_parallel_workers_per_gather = '0'
 Planning:
   Buffers: shared hit=82 read=27
 Planning Time: 2.124 ms
 Execution Time: 934.432 ms
(12 rows)

SET
SET
SET
SET
SET
                                             QUERY PLAN                                             
----------------------------------------------------------------------------------------------------
 Index Scan Backward using idx on public.t (actual rows=2048576.00 loops=1)
   Output: a, b
   Index Cond: ((t.a >= '-2049745'::integer) AND (t.a <= '-1170'::integer))
   Index Searches: 1
   Buffers: shared hit=2052219
 Settings: enable_bitmapscan = 'off', enable_seqscan = 'off', max_parallel_workers_per_gather = '0'
 Planning:
   Buffers: shared hit=114
 Planning Time: 0.193 ms
 Execution Time: 300.855 ms
(10 rows)

