SET
SET
SET
SET
SET
                                                                        QUERY PLAN                                                                         
-----------------------------------------------------------------------------------------------------------------------------------------------------------
 Index Scan Backward using idx on public.t (actual rows=4048576.00 loops=1)
   Output: a, b
   Index Cond: ((t.a >= '-4068882'::integer) AND (t.a <= '-20307'::integer))
   Index Searches: 1
   Prefetch: distance=62.020 count=170026 stalls=3874786 skipped=3923 resets=0 ungets=496 forwarded=1
             histogram [2,4) => 125114, [4,8) => 1058, [8,16) => 15, [16,32) => 24, [32,64) => 40, [64,128) => 437, [128,256) => 29318, [256,512) => 14020
   Buffers: shared hit=3980639 read=75081
 Settings: enable_bitmapscan = 'off', enable_seqscan = 'off', max_parallel_workers_per_gather = '0'
 Planning:
   Buffers: shared hit=82 read=27
 Planning Time: 2.149 ms
 Execution Time: 1699.260 ms
(12 rows)

SET
SET
SET
SET
SET
                                             QUERY PLAN                                             
----------------------------------------------------------------------------------------------------
 Index Scan Backward using idx on public.t (actual rows=4048576.00 loops=1)
   Output: a, b
   Index Cond: ((t.a >= '-4068882'::integer) AND (t.a <= '-20307'::integer))
   Index Searches: 1
   Buffers: shared hit=4055720
 Settings: enable_bitmapscan = 'off', enable_seqscan = 'off', max_parallel_workers_per_gather = '0'
 Planning:
   Buffers: shared hit=114
 Planning Time: 0.197 ms
 Execution Time: 598.541 ms
(10 rows)

