SET
SET
SET
SET
SET
                                                                 QUERY PLAN                                                                 
--------------------------------------------------------------------------------------------------------------------------------------------
 Index Scan Backward using idx on public.t (actual rows=4096.00 loops=1)
   Output: a, b
   Index Cond: ((t.a >= '-12108'::integer) AND (t.a <= '-8013'::integer))
   Index Searches: 1
   Prefetch: distance=261.535 count=4327 stalls=1 skipped=16 resets=0 ungets=435 forwarded=0
             histogram [2,4) => 2, [4,8) => 6, [8,16) => 9, [16,32) => 13, [32,64) => 3, [64,128) => 2, [128,256) => 713, [256,512) => 3579
   Buffers: shared hit=3404 read=691
 Settings: enable_bitmapscan = 'off', enable_seqscan = 'off', max_parallel_workers_per_gather = '0'
 Planning:
   Buffers: shared hit=86 read=27
 Planning Time: 2.133 ms
 Execution Time: 16.550 ms
(12 rows)

SET
SET
SET
SET
SET
                                             QUERY PLAN                                             
----------------------------------------------------------------------------------------------------
 Index Scan Backward using idx on public.t (actual rows=4096.00 loops=1)
   Output: a, b
   Index Cond: ((t.a >= '-12108'::integer) AND (t.a <= '-8013'::integer))
   Index Searches: 1
   Buffers: shared hit=4095
 Settings: enable_bitmapscan = 'off', enable_seqscan = 'off', max_parallel_workers_per_gather = '0'
 Planning:
   Buffers: shared hit=118
 Planning Time: 0.190 ms
 Execution Time: 1.145 ms
(10 rows)

