SET
SET
SET
SET
SET
                                                                QUERY PLAN                                                                
------------------------------------------------------------------------------------------------------------------------------------------
 Index Scan Backward using idx on public.t (actual rows=512.00 loops=1)
   Output: a, b
   Index Cond: ((t.a >= '-2621'::integer) AND (t.a <= '-2110'::integer))
   Index Searches: 1
   Prefetch: distance=245.718 count=390 stalls=1 skipped=1 resets=0 ungets=114 forwarded=1
             histogram [2,4) => 2, [4,8) => 5, [8,16) => 7, [16,32) => 12, [32,64) => 11, [64,128) => 4, [128,256) => 4, [256,512) => 345
   Buffers: shared hit=205 read=313
 Settings: enable_bitmapscan = 'off', enable_seqscan = 'off', max_parallel_workers_per_gather = '0'
 Planning:
   Buffers: shared hit=86 read=27
 Planning Time: 1.451 ms
 Execution Time: 11.927 ms
(12 rows)

SET
SET
SET
SET
SET
                                             QUERY PLAN                                             
----------------------------------------------------------------------------------------------------
 Index Scan Backward using idx on public.t (actual rows=512.00 loops=1)
   Output: a, b
   Index Cond: ((t.a >= '-2621'::integer) AND (t.a <= '-2110'::integer))
   Index Searches: 1
   Buffers: shared hit=518
 Settings: enable_bitmapscan = 'off', enable_seqscan = 'off', max_parallel_workers_per_gather = '0'
 Planning:
   Buffers: shared hit=118
 Planning Time: 0.134 ms
 Execution Time: 0.187 ms
(10 rows)

