SET
SET
SET
SET
SET
                                                                QUERY PLAN                                                                 
-------------------------------------------------------------------------------------------------------------------------------------------
 Index Scan Backward using idx on public.t (actual rows=2048.00 loops=1)
   Output: a, b
   Index Cond: ((t.a >= '-24664'::integer) AND (t.a <= '-22617'::integer))
   Index Searches: 1
   Prefetch: distance=265.811 count=2369 stalls=1 skipped=1 resets=0 ungets=546 forwarded=0
             histogram [2,4) => 4, [4,8) => 4, [8,16) => 4, [16,32) => 13, [32,64) => 5, [64,128) => 2, [128,256) => 66, [256,512) => 2271
   Buffers: shared hit=1297 read=761
 Settings: enable_bitmapscan = 'off', enable_seqscan = 'off', max_parallel_workers_per_gather = '0'
 Planning:
   Buffers: shared hit=86 read=27
 Planning Time: 2.149 ms
 Execution Time: 18.808 ms
(12 rows)

SET
SET
SET
SET
SET
                                             QUERY PLAN                                             
----------------------------------------------------------------------------------------------------
 Index Scan Backward using idx on public.t (actual rows=2048.00 loops=1)
   Output: a, b
   Index Cond: ((t.a >= '-24664'::integer) AND (t.a <= '-22617'::integer))
   Index Searches: 1
   Buffers: shared hit=2058
 Settings: enable_bitmapscan = 'off', enable_seqscan = 'off', max_parallel_workers_per_gather = '0'
 Planning:
   Buffers: shared hit=118
 Planning Time: 0.229 ms
 Execution Time: 0.884 ms
(10 rows)

