SET
SET
SET
SET
SET
                                                                  QUERY PLAN                                                                  
----------------------------------------------------------------------------------------------------------------------------------------------
 Index Scan Backward using idx on public.t (actual rows=8192.00 loops=1)
   Output: a, b
   Index Cond: ((t.a >= '-35174'::integer) AND (t.a <= '-26983'::integer))
   Index Searches: 1
   Prefetch: distance=249.963 count=8541 stalls=1 skipped=10 resets=0 ungets=609 forwarded=0
             histogram [2,4) => 4, [4,8) => 4, [8,16) => 6, [16,32) => 14, [32,64) => 4, [64,128) => 22, [128,256) => 3508, [256,512) => 4979
   Buffers: shared hit=7228 read=982
 Settings: enable_bitmapscan = 'off', enable_seqscan = 'off', max_parallel_workers_per_gather = '0'
 Planning:
   Buffers: shared hit=86 read=27
 Planning Time: 2.125 ms
 Execution Time: 22.801 ms
(12 rows)

SET
SET
SET
SET
SET
                                             QUERY PLAN                                             
----------------------------------------------------------------------------------------------------
 Index Scan Backward using idx on public.t (actual rows=8192.00 loops=1)
   Output: a, b
   Index Cond: ((t.a >= '-35174'::integer) AND (t.a <= '-26983'::integer))
   Index Searches: 1
   Buffers: shared hit=8210
 Settings: enable_bitmapscan = 'off', enable_seqscan = 'off', max_parallel_workers_per_gather = '0'
 Planning:
   Buffers: shared hit=118
 Planning Time: 0.199 ms
 Execution Time: 2.106 ms
(10 rows)

