SET
SET
SET
SET
SET
                                                                       QUERY PLAN                                                                        
---------------------------------------------------------------------------------------------------------------------------------------------------------
 Index Scan Backward using idx on public.t (actual rows=1048576.00 loops=1)
   Output: a, b
   Index Cond: ((t.a >= '-1076277'::integer) AND (t.a <= '-27702'::integer))
   Index Searches: 1
   Prefetch: distance=126.843 count=68572 stalls=979382 skipped=974 resets=0 ungets=614 forwarded=2
             histogram [2,4) => 31640, [4,8) => 278, [8,16) => 16, [16,32) => 26, [32,64) => 34, [64,128) => 391, [128,256) => 23818, [256,512) => 12369
   Buffers: shared hit=1030381 read=20091
 Settings: enable_bitmapscan = 'off', enable_seqscan = 'off', max_parallel_workers_per_gather = '0'
 Planning:
   Buffers: shared hit=82 read=27
 Planning Time: 2.135 ms
 Execution Time: 467.787 ms
(12 rows)

SET
SET
SET
SET
SET
                                             QUERY PLAN                                             
----------------------------------------------------------------------------------------------------
 Index Scan Backward using idx on public.t (actual rows=1048576.00 loops=1)
   Output: a, b
   Index Cond: ((t.a >= '-1076277'::integer) AND (t.a <= '-27702'::integer))
   Index Searches: 1
   Buffers: shared hit=1050472
 Settings: enable_bitmapscan = 'off', enable_seqscan = 'off', max_parallel_workers_per_gather = '0'
 Planning:
   Buffers: shared hit=114
 Planning Time: 0.190 ms
 Execution Time: 155.486 ms
(10 rows)

