SET
SET
SET
SET
SET
                                                                      QUERY PLAN                                                                       
-------------------------------------------------------------------------------------------------------------------------------------------------------
 Index Scan Backward using idx on public.t (actual rows=262144.00 loops=1)
   Output: a, b
   Index Cond: ((t.a >= '-291510'::integer) AND (t.a <= '-29367'::integer))
   Index Searches: 1
   Prefetch: distance=196.641 count=42548 stalls=220052 skipped=270 resets=0 ungets=787 forwarded=1
             histogram [2,4) => 7108, [4,8) => 70, [8,16) => 19, [16,32) => 22, [32,64) => 34, [64,128) => 391, [128,256) => 22453, [256,512) => 12451
   Buffers: shared hit=256937 read=5660
 Settings: enable_bitmapscan = 'off', enable_seqscan = 'off', max_parallel_workers_per_gather = '0'
 Planning:
   Buffers: shared hit=82 read=27
 Planning Time: 2.329 ms
 Execution Time: 123.585 ms
(12 rows)

SET
SET
SET
SET
SET
                                             QUERY PLAN                                             
----------------------------------------------------------------------------------------------------
 Index Scan Backward using idx on public.t (actual rows=262144.00 loops=1)
   Output: a, b
   Index Cond: ((t.a >= '-291510'::integer) AND (t.a <= '-29367'::integer))
   Index Searches: 1
   Buffers: shared hit=262597
 Settings: enable_bitmapscan = 'off', enable_seqscan = 'off', max_parallel_workers_per_gather = '0'
 Planning:
   Buffers: shared hit=114
 Planning Time: 0.225 ms
 Execution Time: 37.656 ms
(10 rows)

