SET
SET
SET
SET
SET
                                                                   QUERY PLAN                                                                    
-------------------------------------------------------------------------------------------------------------------------------------------------
 Index Scan Backward using idx on public.t (actual rows=16384.00 loops=1)
   Output: a, b
   Index Cond: ((t.a >= '-21290'::integer) AND (t.a <= '-4907'::integer))
   Index Searches: 1
   Prefetch: distance=235.231 count=16270 stalls=2 skipped=33 resets=0 ungets=286 forwarded=0
             histogram [2,4) => 4, [4,8) => 10, [8,16) => 9, [16,32) => 15, [32,64) => 13, [64,128) => 269, [128,256) => 9766, [256,512) => 6184
   Buffers: shared hit=15525 read=876
 Settings: enable_bitmapscan = 'off', enable_seqscan = 'off', max_parallel_workers_per_gather = '0'
 Planning:
   Buffers: shared hit=86 read=27
 Planning Time: 2.146 ms
 Execution Time: 26.235 ms
(12 rows)

SET
SET
SET
SET
SET
                                             QUERY PLAN                                             
----------------------------------------------------------------------------------------------------
 Index Scan Backward using idx on public.t (actual rows=16384.00 loops=1)
   Output: a, b
   Index Cond: ((t.a >= '-21290'::integer) AND (t.a <= '-4907'::integer))
   Index Searches: 1
   Buffers: shared hit=16401
 Settings: enable_bitmapscan = 'off', enable_seqscan = 'off', max_parallel_workers_per_gather = '0'
 Planning:
   Buffers: shared hit=118
 Planning Time: 0.206 ms
 Execution Time: 3.186 ms
(10 rows)

