SET
SET
SET
SET
SET
                                                                     QUERY PLAN                                                                     
----------------------------------------------------------------------------------------------------------------------------------------------------
 Index Scan Backward using idx on public.t (actual rows=32768.00 loops=1)
   Output: a, b
   Index Cond: ((t.a >= '-45049'::integer) AND (t.a <= '-12282'::integer))
   Index Searches: 1
   Prefetch: distance=234.776 count=32841 stalls=6 skipped=32 resets=0 ungets=421 forwarded=0
             histogram [2,4) => 12, [4,8) => 7, [8,16) => 12, [16,32) => 10, [32,64) => 10, [64,128) => 367, [128,256) => 21692, [256,512) => 10731
   Buffers: shared hit=31556 read=1275
 Settings: enable_bitmapscan = 'off', enable_seqscan = 'off', max_parallel_workers_per_gather = '0'
 Planning:
   Buffers: shared hit=86 read=27
 Planning Time: 2.142 ms
 Execution Time: 33.507 ms
(12 rows)

SET
SET
SET
SET
SET
                                             QUERY PLAN                                             
----------------------------------------------------------------------------------------------------
 Index Scan Backward using idx on public.t (actual rows=32768.00 loops=1)
   Output: a, b
   Index Cond: ((t.a >= '-45049'::integer) AND (t.a <= '-12282'::integer))
   Index Searches: 1
   Buffers: shared hit=32831
 Settings: enable_bitmapscan = 'off', enable_seqscan = 'off', max_parallel_workers_per_gather = '0'
 Planning:
   Buffers: shared hit=118
 Planning Time: 0.194 ms
 Execution Time: 5.538 ms
(10 rows)

