SET
SET
SET
SET
SET
                                                                        QUERY PLAN                                                                         
-----------------------------------------------------------------------------------------------------------------------------------------------------------
 Index Scan Backward using idx on public.t (actual rows=4048576.00 loops=1)
   Output: a, b
   Index Cond: ((t.a >= '-4065926'::integer) AND (t.a <= '-17351'::integer))
   Index Searches: 1
   Prefetch: distance=64.791 count=172823 stalls=3871933 skipped=3918 resets=0 ungets=463 forwarded=1
             histogram [2,4) => 125024, [4,8) => 1059, [8,16) => 16, [16,32) => 27, [32,64) => 42, [64,128) => 456, [128,256) => 31518, [256,512) => 14681
   Buffers: shared hit=3980675 read=75050
 Settings: enable_bitmapscan = 'off', enable_seqscan = 'off', max_parallel_workers_per_gather = '0'
 Planning:
   Buffers: shared hit=82 read=27
 Planning Time: 2.119 ms
 Execution Time: 1674.992 ms
(12 rows)

SET
SET
SET
SET
SET
                                             QUERY PLAN                                             
----------------------------------------------------------------------------------------------------
 Index Scan Backward using idx on public.t (actual rows=4048576.00 loops=1)
   Output: a, b
   Index Cond: ((t.a >= '-4065926'::integer) AND (t.a <= '-17351'::integer))
   Index Searches: 1
   Buffers: shared hit=4055725
 Settings: enable_bitmapscan = 'off', enable_seqscan = 'off', max_parallel_workers_per_gather = '0'
 Planning:
   Buffers: shared hit=114
 Planning Time: 0.229 ms
 Execution Time: 594.344 ms
(10 rows)

