SET
SET
SET
SET
SET
                                                                      QUERY PLAN                                                                      
------------------------------------------------------------------------------------------------------------------------------------------------------
 Index Scan Backward using idx on public.t (actual rows=65536.00 loops=1)
   Output: a, b
   Index Cond: ((t.a >= '-70867'::integer) AND (t.a <= '-5332'::integer))
   Index Searches: 1
   Prefetch: distance=231.403 count=58910 stalls=6581 skipped=83 resets=0 ungets=344 forwarded=0
             histogram [2,4) => 230, [4,8) => 10, [8,16) => 17, [16,32) => 30, [32,64) => 43, [64,128) => 727, [128,256) => 40605, [256,512) => 17248
   Buffers: shared hit=63850 read=1787
 Settings: enable_bitmapscan = 'off', enable_seqscan = 'off', max_parallel_workers_per_gather = '0'
 Planning:
   Buffers: shared hit=86 read=27
 Planning Time: 2.137 ms
 Execution Time: 46.591 ms
(12 rows)

SET
SET
SET
SET
SET
                                             QUERY PLAN                                             
----------------------------------------------------------------------------------------------------
 Index Scan Backward using idx on public.t (actual rows=65536.00 loops=1)
   Output: a, b
   Index Cond: ((t.a >= '-70867'::integer) AND (t.a <= '-5332'::integer))
   Index Searches: 1
   Buffers: shared hit=65637
 Settings: enable_bitmapscan = 'off', enable_seqscan = 'off', max_parallel_workers_per_gather = '0'
 Planning:
   Buffers: shared hit=118
 Planning Time: 0.181 ms
 Execution Time: 7.990 ms
(10 rows)

