SET
SET
SET
SET
SET
                                                                        QUERY PLAN                                                                         
-----------------------------------------------------------------------------------------------------------------------------------------------------------
 Index Scan Backward using idx on public.t (actual rows=7048576.00 loops=1)
   Output: a, b
   Index Cond: ((t.a >= '-7072188'::integer) AND (t.a <= '-23613'::integer))
   Index Searches: 1
   Prefetch: distance=38.159 count=261340 stalls=6780758 skipped=6680 resets=0 ungets=527 forwarded=1
             histogram [2,4) => 218940, [4,8) => 1815, [8,16) => 13, [16,32) => 24, [32,64) => 38, [64,128) => 420, [128,256) => 26883, [256,512) => 13207
   Buffers: shared hit=6930970 read=130190
 Settings: enable_bitmapscan = 'off', enable_seqscan = 'off', max_parallel_workers_per_gather = '0'
 Planning:
   Buffers: shared hit=82 read=27
 Planning Time: 2.143 ms
 Execution Time: 2933.958 ms
(12 rows)

SET
SET
SET
SET
SET
                                             QUERY PLAN                                             
----------------------------------------------------------------------------------------------------
 Index Scan Backward using idx on public.t (actual rows=7048576.00 loops=1)
   Output: a, b
   Index Cond: ((t.a >= '-7072188'::integer) AND (t.a <= '-23613'::integer))
   Index Searches: 1
   Buffers: shared hit=7061160
 Settings: enable_bitmapscan = 'off', enable_seqscan = 'off', max_parallel_workers_per_gather = '0'
 Planning:
   Buffers: shared hit=114
 Planning Time: 0.234 ms
 Execution Time: 1038.752 ms
(10 rows)

