SET
SET
SET
SET
SET
                                                                        QUERY PLAN                                                                         
-----------------------------------------------------------------------------------------------------------------------------------------------------------
 Index Scan Backward using idx on public.t (actual rows=6048576.00 loops=1)
   Output: a, b
   Index Cond: ((t.a >= '-6054952'::integer) AND (t.a <= '-6377'::integer))
   Index Searches: 1
   Prefetch: distance=55.940 count=246266 stalls=5796521 skipped=5741 resets=0 ungets=311 forwarded=1
             histogram [2,4) => 187182, [4,8) => 1543, [8,16) => 16, [16,32) => 34, [32,64) => 48, [64,128) => 689, [128,256) => 39622, [256,512) => 17132
   Buffers: shared hit=5947734 read=111633
 Settings: enable_bitmapscan = 'off', enable_seqscan = 'off', max_parallel_workers_per_gather = '0'
 Planning:
   Buffers: shared hit=82 read=27
 Planning Time: 2.238 ms
 Execution Time: 2492.398 ms
(12 rows)

SET
SET
SET
SET
SET
                                             QUERY PLAN                                             
----------------------------------------------------------------------------------------------------
 Index Scan Backward using idx on public.t (actual rows=6048576.00 loops=1)
   Output: a, b
   Index Cond: ((t.a >= '-6054952'::integer) AND (t.a <= '-6377'::integer))
   Index Searches: 1
   Buffers: shared hit=6059367
 Settings: enable_bitmapscan = 'off', enable_seqscan = 'off', max_parallel_workers_per_gather = '0'
 Planning:
   Buffers: shared hit=114
 Planning Time: 0.214 ms
 Execution Time: 892.901 ms
(10 rows)

