SET
SET
SET
SET
SET
                                                                 QUERY PLAN                                                                 
--------------------------------------------------------------------------------------------------------------------------------------------
 Index Scan Backward using idx on public.t (actual rows=8192.00 loops=1)
   Output: a, b
   Index Cond: ((t.a >= '-31845'::integer) AND (t.a <= '-23654'::integer))
   Index Searches: 1
   Prefetch: distance=250.246 count=8458 stalls=2 skipped=11 resets=0 ungets=563 forwarded=0
             histogram [2,4) => 6, [4,8) => 7, [8,16) => 5, [16,32) => 8, [32,64) => 6, [64,128) => 7, [128,256) => 3544, [256,512) => 4875
   Buffers: shared hit=7258 read=951
 Settings: enable_bitmapscan = 'off', enable_seqscan = 'off', max_parallel_workers_per_gather = '0'
 Planning:
   Buffers: shared hit=86 read=27
 Planning Time: 2.129 ms
 Execution Time: 24.817 ms
(12 rows)

SET
SET
SET
SET
SET
                                             QUERY PLAN                                             
----------------------------------------------------------------------------------------------------
 Index Scan Backward using idx on public.t (actual rows=8192.00 loops=1)
   Output: a, b
   Index Cond: ((t.a >= '-31845'::integer) AND (t.a <= '-23654'::integer))
   Index Searches: 1
   Buffers: shared hit=8209
 Settings: enable_bitmapscan = 'off', enable_seqscan = 'off', max_parallel_workers_per_gather = '0'
 Planning:
   Buffers: shared hit=118
 Planning Time: 0.184 ms
 Execution Time: 1.114 ms
(10 rows)

