SET
SET
SET
SET
SET
                                                                     QUERY PLAN                                                                      
-----------------------------------------------------------------------------------------------------------------------------------------------------
 Index Scan Backward using idx on public.t (actual rows=65536.00 loops=1)
   Output: a, b
   Index Cond: ((t.a >= '-72554'::integer) AND (t.a <= '-7019'::integer))
   Index Searches: 1
   Prefetch: distance=231.566 count=57668 stalls=8205 skipped=83 resets=0 ungets=503 forwarded=0
             histogram [2,4) => 286, [4,8) => 8, [8,16) => 16, [16,32) => 27, [32,64) => 34, [64,128) => 727, [128,256) => 39223, [256,512) => 17347
   Buffers: shared hit=63825 read=1813
 Settings: enable_bitmapscan = 'off', enable_seqscan = 'off', max_parallel_workers_per_gather = '0'
 Planning:
   Buffers: shared hit=86 read=27
 Planning Time: 2.141 ms
 Execution Time: 36.444 ms
(12 rows)

SET
SET
SET
SET
SET
                                             QUERY PLAN                                             
----------------------------------------------------------------------------------------------------
 Index Scan Backward using idx on public.t (actual rows=65536.00 loops=1)
   Output: a, b
   Index Cond: ((t.a >= '-72554'::integer) AND (t.a <= '-7019'::integer))
   Index Searches: 1
   Buffers: shared hit=65638
 Settings: enable_bitmapscan = 'off', enable_seqscan = 'off', max_parallel_workers_per_gather = '0'
 Planning:
   Buffers: shared hit=118
 Planning Time: 0.175 ms
 Execution Time: 6.599 ms
(10 rows)

