SET
SET
SET
SET
SET
                                                                 QUERY PLAN                                                                  
---------------------------------------------------------------------------------------------------------------------------------------------
 Index Scan Backward using idx on public.t (actual rows=4096.00 loops=1)
   Output: a, b
   Index Cond: ((t.a >= '-7150'::integer) AND (t.a <= '-3055'::integer))
   Index Searches: 1
   Prefetch: distance=257.395 count=4584 stalls=1 skipped=8 resets=0 ungets=518 forwarded=3
             histogram [2,4) => 4, [4,8) => 4, [8,16) => 7, [16,32) => 10, [32,64) => 3, [64,128) => 2, [128,256) => 1153, [256,512) => 3401
   Buffers: shared hit=3491 read=615
 Settings: enable_bitmapscan = 'off', enable_seqscan = 'off', max_parallel_workers_per_gather = '0'
 Planning:
   Buffers: shared hit=86 read=27
 Planning Time: 2.163 ms
 Execution Time: 6.914 ms
(12 rows)

SET
SET
SET
SET
SET
                                             QUERY PLAN                                             
----------------------------------------------------------------------------------------------------
 Index Scan Backward using idx on public.t (actual rows=4096.00 loops=1)
   Output: a, b
   Index Cond: ((t.a >= '-7150'::integer) AND (t.a <= '-3055'::integer))
   Index Searches: 1
   Buffers: shared hit=4106
 Settings: enable_bitmapscan = 'off', enable_seqscan = 'off', max_parallel_workers_per_gather = '0'
 Planning:
   Buffers: shared hit=118
 Planning Time: 0.166 ms
 Execution Time: 0.609 ms
(10 rows)

