SET
SET
SET
SET
SET
                                                               QUERY PLAN                                                                
-----------------------------------------------------------------------------------------------------------------------------------------
 Index Scan Backward using idx on public.t (actual rows=1024.00 loops=1)
   Output: a, b
   Index Cond: ((t.a >= '-12900'::integer) AND (t.a <= '-11877'::integer))
   Index Searches: 1
   Prefetch: distance=258.495 count=901 stalls=2 skipped=0 resets=0 ungets=228 forwarded=0
             histogram [2,4) => 2, [4,8) => 9, [8,16) => 6, [16,32) => 16, [32,64) => 8, [64,128) => 3, [128,256) => 3, [256,512) => 854
   Buffers: shared hit=512 read=518
 Settings: enable_bitmapscan = 'off', enable_seqscan = 'off', max_parallel_workers_per_gather = '0'
 Planning:
   Buffers: shared hit=86 read=27
 Planning Time: 1.621 ms
 Execution Time: 19.759 ms
(12 rows)

SET
SET
SET
SET
SET
                                             QUERY PLAN                                             
----------------------------------------------------------------------------------------------------
 Index Scan Backward using idx on public.t (actual rows=1024.00 loops=1)
   Output: a, b
   Index Cond: ((t.a >= '-12900'::integer) AND (t.a <= '-11877'::integer))
   Index Searches: 1
   Buffers: shared hit=1030
 Settings: enable_bitmapscan = 'off', enable_seqscan = 'off', max_parallel_workers_per_gather = '0'
 Planning:
   Buffers: shared hit=118
 Planning Time: 0.158 ms
 Execution Time: 0.302 ms
(10 rows)

