SET
SET
SET
SET
SET
                                                                       QUERY PLAN                                                                        
---------------------------------------------------------------------------------------------------------------------------------------------------------
 Index Scan Backward using idx on public.t (actual rows=2048576.00 loops=1)
   Output: a, b
   Index Cond: ((t.a >= '-2072814'::integer) AND (t.a <= '-24239'::integer))
   Index Searches: 1
   Prefetch: distance=93.084 count=103740 stalls=1943568 skipped=1942 resets=0 ungets=739 forwarded=1
             histogram [2,4) => 62760, [4,8) => 544, [8,16) => 14, [16,32) => 25, [32,64) => 34, [64,128) => 416, [128,256) => 26330, [256,512) => 13617
   Buffers: shared hit=2013823 read=38415
 Settings: enable_bitmapscan = 'off', enable_seqscan = 'off', max_parallel_workers_per_gather = '0'
 Planning:
   Buffers: shared hit=82 read=27
 Planning Time: 2.169 ms
 Execution Time: 915.308 ms
(12 rows)

SET
SET
SET
SET
SET
                                             QUERY PLAN                                             
----------------------------------------------------------------------------------------------------
 Index Scan Backward using idx on public.t (actual rows=2048576.00 loops=1)
   Output: a, b
   Index Cond: ((t.a >= '-2072814'::integer) AND (t.a <= '-24239'::integer))
   Index Searches: 1
   Buffers: shared hit=2052238
 Settings: enable_bitmapscan = 'off', enable_seqscan = 'off', max_parallel_workers_per_gather = '0'
 Planning:
   Buffers: shared hit=114
 Planning Time: 0.200 ms
 Execution Time: 307.274 ms
(10 rows)

