SET
SET
SET
SET
SET
                                                                       QUERY PLAN                                                                        
---------------------------------------------------------------------------------------------------------------------------------------------------------
 Index Scan Backward using idx on public.t (actual rows=1048576.00 loops=1)
   Output: a, b
   Index Cond: ((t.a >= '-1058437'::integer) AND (t.a <= '-9862'::integer))
   Index Searches: 1
   Prefetch: distance=148.644 count=85783 stalls=962127 skipped=979 resets=0 ungets=481 forwarded=3
             histogram [2,4) => 31074, [4,8) => 277, [8,16) => 16, [16,32) => 27, [32,64) => 36, [64,128) => 696, [128,256) => 37083, [256,512) => 16574
   Buffers: shared hit=1030577 read=19890
 Settings: enable_bitmapscan = 'off', enable_seqscan = 'off', max_parallel_workers_per_gather = '0'
 Planning:
   Buffers: shared hit=82 read=27
 Planning Time: 2.137 ms
 Execution Time: 451.920 ms
(12 rows)

SET
SET
SET
SET
SET
                                             QUERY PLAN                                             
----------------------------------------------------------------------------------------------------
 Index Scan Backward using idx on public.t (actual rows=1048576.00 loops=1)
   Output: a, b
   Index Cond: ((t.a >= '-1058437'::integer) AND (t.a <= '-9862'::integer))
   Index Searches: 1
   Buffers: shared hit=1050467
 Settings: enable_bitmapscan = 'off', enable_seqscan = 'off', max_parallel_workers_per_gather = '0'
 Planning:
   Buffers: shared hit=114
 Planning Time: 0.192 ms
 Execution Time: 153.515 ms
(10 rows)

