SET
SET
SET
SET
SET
                                                                      QUERY PLAN                                                                       
-------------------------------------------------------------------------------------------------------------------------------------------------------
 Index Scan Backward using idx on public.t (actual rows=262144.00 loops=1)
   Output: a, b
   Index Cond: ((t.a >= '-265889'::integer) AND (t.a <= '-3746'::integer))
   Index Searches: 1
   Prefetch: distance=210.794 count=67019 stalls=195253 skipped=290 resets=0 ungets=480 forwarded=0
             histogram [2,4) => 6312, [4,8) => 70, [8,16) => 12, [16,32) => 26, [32,64) => 35, [64,128) => 727, [128,256) => 41617, [256,512) => 18220
   Buffers: shared hit=257209 read=5367
 Settings: enable_bitmapscan = 'off', enable_seqscan = 'off', max_parallel_workers_per_gather = '0'
 Planning:
   Buffers: shared hit=82 read=27
 Planning Time: 2.121 ms
 Execution Time: 114.607 ms
(12 rows)

SET
SET
SET
SET
SET
                                             QUERY PLAN                                             
----------------------------------------------------------------------------------------------------
 Index Scan Backward using idx on public.t (actual rows=262144.00 loops=1)
   Output: a, b
   Index Cond: ((t.a >= '-265889'::integer) AND (t.a <= '-3746'::integer))
   Index Searches: 1
   Buffers: shared hit=262576
 Settings: enable_bitmapscan = 'off', enable_seqscan = 'off', max_parallel_workers_per_gather = '0'
 Planning:
   Buffers: shared hit=114
 Planning Time: 0.222 ms
 Execution Time: 34.868 ms
(10 rows)

