SET
SET
SET
SET
SET
                                                                       QUERY PLAN                                                                        
---------------------------------------------------------------------------------------------------------------------------------------------------------
 Index Scan Backward using idx on public.t (actual rows=3048576.00 loops=1)
   Output: a, b
   Index Cond: ((t.a >= '-3080262'::integer) AND (t.a <= '-31687'::integer))
   Index Searches: 1
   Prefetch: distance=61.739 count=127670 stalls=2918316 skipped=2914 resets=0 ungets=627 forwarded=2
             histogram [2,4) => 94236, [4,8) => 781, [8,16) => 19, [16,32) => 25, [32,64) => 37, [64,128) => 391, [128,256) => 20849, [256,512) => 11332
   Buffers: shared hit=2997158 read=56839
 Settings: enable_bitmapscan = 'off', enable_seqscan = 'off', max_parallel_workers_per_gather = '0'
 Planning:
   Buffers: shared hit=82 read=27
 Planning Time: 2.222 ms
 Execution Time: 1298.605 ms
(12 rows)

SET
SET
SET
SET
SET
                                             QUERY PLAN                                             
----------------------------------------------------------------------------------------------------
 Index Scan Backward using idx on public.t (actual rows=3048576.00 loops=1)
   Output: a, b
   Index Cond: ((t.a >= '-3080262'::integer) AND (t.a <= '-31687'::integer))
   Index Searches: 1
   Buffers: shared hit=3053997
 Settings: enable_bitmapscan = 'off', enable_seqscan = 'off', max_parallel_workers_per_gather = '0'
 Planning:
   Buffers: shared hit=114
 Planning Time: 0.192 ms
 Execution Time: 452.016 ms
(10 rows)

