SET
SET
SET
SET
SET
                                                                       QUERY PLAN                                                                        
---------------------------------------------------------------------------------------------------------------------------------------------------------
 Index Scan Backward using idx on public.t (actual rows=524288.00 loops=1)
   Output: a, b
   Index Cond: ((t.a >= '-550768'::integer) AND (t.a <= '-26481'::integer))
   Index Searches: 1
   Prefetch: distance=168.687 count=53669 stalls=470889 skipped=514 resets=0 ungets=803 forwarded=0
             histogram [2,4) => 15214, [4,8) => 146, [8,16) => 13, [16,32) => 25, [32,64) => 34, [64,128) => 415, [128,256) => 24731, [256,512) => 13091
   Buffers: shared hit=514763 read=10450
 Settings: enable_bitmapscan = 'off', enable_seqscan = 'off', max_parallel_workers_per_gather = '0'
 Planning:
   Buffers: shared hit=82 read=27
 Planning Time: 2.157 ms
 Execution Time: 228.164 ms
(12 rows)

SET
SET
SET
SET
SET
                                             QUERY PLAN                                             
----------------------------------------------------------------------------------------------------
 Index Scan Backward using idx on public.t (actual rows=524288.00 loops=1)
   Output: a, b
   Index Cond: ((t.a >= '-550768'::integer) AND (t.a <= '-26481'::integer))
   Index Searches: 1
   Buffers: shared hit=525213
 Settings: enable_bitmapscan = 'off', enable_seqscan = 'off', max_parallel_workers_per_gather = '0'
 Planning:
   Buffers: shared hit=114
 Planning Time: 0.224 ms
 Execution Time: 81.561 ms
(10 rows)

