SET
SET
SET
SET
SET
                                                                        QUERY PLAN                                                                         
-----------------------------------------------------------------------------------------------------------------------------------------------------------
 Index Scan Backward using idx on public.t (actual rows=8048576.00 loops=1)
   Output: a, b
   Index Cond: ((t.a >= '-8075955'::integer) AND (t.a <= '-27380'::integer))
   Index Searches: 1
   Prefetch: distance=31.854 count=289428 stalls=7751999 skipped=7570 resets=0 ungets=639 forwarded=1
             histogram [2,4) => 250296, [4,8) => 2085, [8,16) => 17, [16,32) => 26, [32,64) => 37, [64,128) => 414, [128,256) => 24156, [256,512) => 12397
   Buffers: shared hit=7914419 read=148584
 Settings: enable_bitmapscan = 'off', enable_seqscan = 'off', max_parallel_workers_per_gather = '0'
 Planning:
   Buffers: shared hit=82 read=27
 Planning Time: 2.164 ms
 Execution Time: 3276.394 ms
(12 rows)

SET
SET
SET
SET
SET
                                             QUERY PLAN                                             
----------------------------------------------------------------------------------------------------
 Index Scan Backward using idx on public.t (actual rows=8048576.00 loops=1)
   Output: a, b
   Index Cond: ((t.a >= '-8075955'::integer) AND (t.a <= '-27380'::integer))
   Index Searches: 1
   Buffers: shared hit=8063003
 Settings: enable_bitmapscan = 'off', enable_seqscan = 'off', max_parallel_workers_per_gather = '0'
 Planning:
   Buffers: shared hit=114
 Planning Time: 0.230 ms
 Execution Time: 1189.561 ms
(10 rows)

