SET
SET
SET
SET
SET
                                                                 QUERY PLAN                                                                 
--------------------------------------------------------------------------------------------------------------------------------------------
 Index Scan using idx on public.t (actual rows=512.00 loops=1)
   Output: a, b
   Index Cond: ((t.a >= '-1831'::integer) AND (t.a <= '-1320'::integer))
   Index Searches: 1
   Prefetch: distance=236.846 count=403 stalls=1 skipped=1 resets=0 ungets=111 forwarded=0
             histogram [2,4) => 2, [4,8) => 11, [8,16) => 13, [16,32) => 15, [32,64) => 11, [64,128) => 2, [128,256) => 2, [256,512) => 347
   Buffers: shared hit=222 read=296
 Settings: enable_bitmapscan = 'off', enable_seqscan = 'off', max_parallel_workers_per_gather = '0'
 Planning:
   Buffers: shared hit=82 read=27
 Planning Time: 1.467 ms
 Execution Time: 11.482 ms
(12 rows)

SET
SET
SET
SET
SET
                                             QUERY PLAN                                             
----------------------------------------------------------------------------------------------------
 Index Scan using idx on public.t (actual rows=512.00 loops=1)
   Output: a, b
   Index Cond: ((t.a >= '-1831'::integer) AND (t.a <= '-1320'::integer))
   Index Searches: 1
   Buffers: shared hit=518
 Settings: enable_bitmapscan = 'off', enable_seqscan = 'off', max_parallel_workers_per_gather = '0'
 Planning:
   Buffers: shared hit=114
 Planning Time: 0.196 ms
 Execution Time: 0.358 ms
(10 rows)

