SET
SET
SET
SET
SET
                                                                 QUERY PLAN                                                                 
--------------------------------------------------------------------------------------------------------------------------------------------
 Index Scan using idx on public.t (actual rows=2048.00 loops=1)
   Output: a, b
   Index Cond: ((t.a >= '-14528'::integer) AND (t.a <= '-12481'::integer))
   Index Searches: 1
   Prefetch: distance=265.671 count=2501 stalls=1 skipped=2 resets=0 ungets=561 forwarded=0
             histogram [2,4) => 2, [4,8) => 6, [8,16) => 10, [16,32) => 12, [32,64) => 2, [64,128) => 2, [128,256) => 82, [256,512) => 2385
   Buffers: shared hit=1388 read=670
 Settings: enable_bitmapscan = 'off', enable_seqscan = 'off', max_parallel_workers_per_gather = '0'
 Planning:
   Buffers: shared hit=82 read=27
 Planning Time: 2.119 ms
 Execution Time: 11.312 ms
(12 rows)

SET
SET
SET
SET
SET
                                             QUERY PLAN                                             
----------------------------------------------------------------------------------------------------
 Index Scan using idx on public.t (actual rows=2048.00 loops=1)
   Output: a, b
   Index Cond: ((t.a >= '-14528'::integer) AND (t.a <= '-12481'::integer))
   Index Searches: 1
   Buffers: shared hit=2058
 Settings: enable_bitmapscan = 'off', enable_seqscan = 'off', max_parallel_workers_per_gather = '0'
 Planning:
   Buffers: shared hit=114
 Planning Time: 0.195 ms
 Execution Time: 0.845 ms
(10 rows)

