SET
SET
SET
SET
SET
                                                                     QUERY PLAN                                                                     
----------------------------------------------------------------------------------------------------------------------------------------------------
 Index Scan using idx on public.t (actual rows=32768.00 loops=1)
   Output: a, b
   Index Cond: ((t.a >= '-65196'::integer) AND (t.a <= '-32429'::integer))
   Index Searches: 1
   Prefetch: distance=232.069 count=11231 stalls=22033 skipped=30 resets=0 ungets=791 forwarded=1
             histogram [2,4) => 490, [4,8) => 9, [8,16) => 18, [16,32) => 34, [32,64) => 135, [64,128) => 236, [128,256) => 4399, [256,512) => 5910
   Buffers: shared hit=31354 read=1479
 Settings: enable_bitmapscan = 'off', enable_seqscan = 'off', max_parallel_workers_per_gather = '0'
 Planning:
   Buffers: shared hit=82 read=27
 Planning Time: 2.146 ms
 Execution Time: 42.180 ms
(12 rows)

SET
SET
SET
SET
SET
                                             QUERY PLAN                                             
----------------------------------------------------------------------------------------------------
 Index Scan using idx on public.t (actual rows=32768.00 loops=1)
   Output: a, b
   Index Cond: ((t.a >= '-65196'::integer) AND (t.a <= '-32429'::integer))
   Index Searches: 1
   Buffers: shared hit=32833
 Settings: enable_bitmapscan = 'off', enable_seqscan = 'off', max_parallel_workers_per_gather = '0'
 Planning:
   Buffers: shared hit=114
 Planning Time: 0.182 ms
 Execution Time: 5.995 ms
(10 rows)

