SET
SET
SET
SET
SET
                                                                      QUERY PLAN                                                                       
-------------------------------------------------------------------------------------------------------------------------------------------------------
 Index Scan using idx on public.t (actual rows=131072.00 loops=1)
   Output: a, b
   Index Cond: ((t.a >= '-146506'::integer) AND (t.a <= '-15435'::integer))
   Index Searches: 1
   Prefetch: distance=230.786 count=63784 stalls=67571 skipped=142 resets=0 ungets=748 forwarded=1
             histogram [2,4) => 1622, [4,8) => 22, [8,16) => 15, [16,32) => 32, [32,64) => 34, [64,128) => 604, [128,256) => 39823, [256,512) => 21632
   Buffers: shared hit=128171 read=3123
 Settings: enable_bitmapscan = 'off', enable_seqscan = 'off', max_parallel_workers_per_gather = '0'
 Planning:
   Buffers: shared hit=82 read=27
 Planning Time: 2.130 ms
 Execution Time: 106.295 ms
(12 rows)

SET
SET
SET
SET
SET
                                             QUERY PLAN                                             
----------------------------------------------------------------------------------------------------
 Index Scan using idx on public.t (actual rows=131072.00 loops=1)
   Output: a, b
   Index Cond: ((t.a >= '-146506'::integer) AND (t.a <= '-15435'::integer))
   Index Searches: 1
   Buffers: shared hit=131294
 Settings: enable_bitmapscan = 'off', enable_seqscan = 'off', max_parallel_workers_per_gather = '0'
 Planning:
   Buffers: shared hit=114
 Planning Time: 0.211 ms
 Execution Time: 19.687 ms
(10 rows)

