SET
SET
SET
SET
SET
                                                                   QUERY PLAN                                                                   
------------------------------------------------------------------------------------------------------------------------------------------------
 Index Scan using idx on public.t (actual rows=4096.00 loops=1)
   Output: a, b
   Index Cond: ((t.a >= '-14215'::integer) AND (t.a <= '-10120'::integer))
   Index Searches: 1
   Prefetch: distance=246.585 count=4386 stalls=75 skipped=9 resets=0 ungets=532 forwarded=0
             histogram [2,4) => 6, [4,8) => 8, [8,16) => 17, [16,32) => 37, [32,64) => 61, [64,128) => 144, [128,256) => 981, [256,512) => 3132
   Buffers: shared hit=3389 read=715
 Settings: enable_bitmapscan = 'off', enable_seqscan = 'off', max_parallel_workers_per_gather = '0'
 Planning:
   Buffers: shared hit=82 read=27
 Planning Time: 2.129 ms
 Execution Time: 14.964 ms
(12 rows)

SET
SET
SET
SET
SET
                                             QUERY PLAN                                             
----------------------------------------------------------------------------------------------------
 Index Scan using idx on public.t (actual rows=4096.00 loops=1)
   Output: a, b
   Index Cond: ((t.a >= '-14215'::integer) AND (t.a <= '-10120'::integer))
   Index Searches: 1
   Buffers: shared hit=4104
 Settings: enable_bitmapscan = 'off', enable_seqscan = 'off', max_parallel_workers_per_gather = '0'
 Planning:
   Buffers: shared hit=114
 Planning Time: 0.205 ms
 Execution Time: 1.199 ms
(10 rows)

