SET
SET
SET
SET
SET
                                                                       QUERY PLAN                                                                        
---------------------------------------------------------------------------------------------------------------------------------------------------------
 Index Scan using idx on public.t (actual rows=2048576.00 loops=1)
   Output: a, b
   Index Cond: ((t.a >= '-2079020'::integer) AND (t.a <= '-30445'::integer))
   Index Searches: 1
   Prefetch: distance=108.925 count=114680 stalls=1932309 skipped=1937 resets=0 ungets=707 forwarded=3
             histogram [2,4) => 62120, [4,8) => 546, [8,16) => 27, [16,32) => 38, [32,64) => 61, [64,128) => 645, [128,256) => 32510, [256,512) => 18733
   Buffers: shared hit=2013779 read=38463
 Settings: enable_bitmapscan = 'off', enable_seqscan = 'off', max_parallel_workers_per_gather = '0'
 Planning:
   Buffers: shared hit=78 read=27
 Planning Time: 2.107 ms
 Execution Time: 1980.268 ms
(12 rows)

SET
SET
SET
SET
SET
                                             QUERY PLAN                                             
----------------------------------------------------------------------------------------------------
 Index Scan using idx on public.t (actual rows=2048576.00 loops=1)
   Output: a, b
   Index Cond: ((t.a >= '-2079020'::integer) AND (t.a <= '-30445'::integer))
   Index Searches: 1
   Buffers: shared hit=2052242
 Settings: enable_bitmapscan = 'off', enable_seqscan = 'off', max_parallel_workers_per_gather = '0'
 Planning:
   Buffers: shared hit=110
 Planning Time: 0.183 ms
 Execution Time: 308.612 ms
(10 rows)

