SET
SET
SET
SET
SET
                                                                         QUERY PLAN                                                                          
-------------------------------------------------------------------------------------------------------------------------------------------------------------
 Index Scan using idx on public.t (actual rows=6048576.00 loops=1)
   Output: a, b
   Index Cond: ((t.a >= '-6070466'::integer) AND (t.a <= '-21891'::integer))
   Index Searches: 1
   Prefetch: distance=86.549 count=293111 stalls=5750355 skipped=5726 resets=0 ungets=823 forwarded=0
             histogram [2,4) => 185254, [4,8) => 1565, [8,16) => 13, [16,32) => 41, [32,64) => 155, [64,128) => 1583, [128,256) => 69692, [256,512) => 34808
   Buffers: shared hit=5947564 read=111818
 Settings: enable_bitmapscan = 'off', enable_seqscan = 'off', max_parallel_workers_per_gather = '0'
 Planning:
   Buffers: shared hit=78 read=27
 Planning Time: 2.135 ms
 Execution Time: 5849.838 ms
(12 rows)

SET
SET
SET
SET
SET
                                             QUERY PLAN                                             
----------------------------------------------------------------------------------------------------
 Index Scan using idx on public.t (actual rows=6048576.00 loops=1)
   Output: a, b
   Index Cond: ((t.a >= '-6070466'::integer) AND (t.a <= '-21891'::integer))
   Index Searches: 1
   Buffers: shared hit=6059382
 Settings: enable_bitmapscan = 'off', enable_seqscan = 'off', max_parallel_workers_per_gather = '0'
 Planning:
   Buffers: shared hit=110
 Planning Time: 0.231 ms
 Execution Time: 909.551 ms
(10 rows)

