SET
SET
SET
SET
SET
                                                                        QUERY PLAN                                                                         
-----------------------------------------------------------------------------------------------------------------------------------------------------------
 Index Scan using idx on public.t (actual rows=8048576.00 loops=1)
   Output: a, b
   Index Cond: ((t.a >= '-8064090'::integer) AND (t.a <= '-15515'::integer))
   Index Searches: 1
   Prefetch: distance=39.119 count=298561 stalls=7743026 skipped=7571 resets=0 ungets=811 forwarded=1
             histogram [2,4) => 249442, [4,8) => 2060, [8,16) => 20, [16,32) => 29, [32,64) => 79, [64,128) => 421, [128,256) => 29379, [256,512) => 17131
   Buffers: shared hit=7914540 read=148462
 Settings: enable_bitmapscan = 'off', enable_seqscan = 'off', max_parallel_workers_per_gather = '0'
 Planning:
   Buffers: shared hit=78 read=27
 Planning Time: 2.133 ms
 Execution Time: 7844.999 ms
(12 rows)

SET
SET
SET
SET
SET
                                             QUERY PLAN                                             
----------------------------------------------------------------------------------------------------
 Index Scan using idx on public.t (actual rows=8048576.00 loops=1)
   Output: a, b
   Index Cond: ((t.a >= '-8064090'::integer) AND (t.a <= '-15515'::integer))
   Index Searches: 1
   Buffers: shared hit=8063002
 Settings: enable_bitmapscan = 'off', enable_seqscan = 'off', max_parallel_workers_per_gather = '0'
 Planning:
   Buffers: shared hit=110
 Planning Time: 0.222 ms
 Execution Time: 1207.853 ms
(10 rows)

