SET
SET
SET
SET
SET
                                                                        QUERY PLAN                                                                         
-----------------------------------------------------------------------------------------------------------------------------------------------------------
 Index Scan using idx on public.t (actual rows=5048576.00 loops=1)
   Output: a, b
   Index Cond: ((t.a >= '-5068721'::integer) AND (t.a <= '-20146'::integer))
   Index Searches: 1
   Prefetch: distance=74.434 count=226004 stalls=4818419 skipped=4774 resets=0 ungets=825 forwarded=1
             histogram [2,4) => 155114, [4,8) => 1310, [8,16) => 28, [16,32) => 27, [32,64) => 49, [64,128) => 604, [128,256) => 44524, [256,512) => 24348
   Buffers: shared hit=4964168 read=93433
 Settings: enable_bitmapscan = 'off', enable_seqscan = 'off', max_parallel_workers_per_gather = '0'
 Planning:
   Buffers: shared hit=78 read=27
 Planning Time: 2.137 ms
 Execution Time: 4929.670 ms
(12 rows)

SET
SET
SET
SET
SET
                                             QUERY PLAN                                             
----------------------------------------------------------------------------------------------------
 Index Scan using idx on public.t (actual rows=5048576.00 loops=1)
   Output: a, b
   Index Cond: ((t.a >= '-5068721'::integer) AND (t.a <= '-20146'::integer))
   Index Searches: 1
   Buffers: shared hit=5057601
 Settings: enable_bitmapscan = 'off', enable_seqscan = 'off', max_parallel_workers_per_gather = '0'
 Planning:
   Buffers: shared hit=110
 Planning Time: 0.223 ms
 Execution Time: 756.389 ms
(10 rows)

