SET
SET
SET
SET
SET
                                                                QUERY PLAN                                                                 
-------------------------------------------------------------------------------------------------------------------------------------------
 Index Scan using idx on public.t (actual rows=1024.00 loops=1)
   Output: a, b
   Index Cond: ((t.a >= '-11358'::integer) AND (t.a <= '-10335'::integer))
   Index Searches: 1
   Prefetch: distance=259.633 count=1073 stalls=2 skipped=0 resets=0 ungets=280 forwarded=0
             histogram [2,4) => 4, [4,8) => 8, [8,16) => 10, [16,32) => 8, [32,64) => 13, [64,128) => 2, [128,256) => 4, [256,512) => 1024
   Buffers: shared hit=536 read=495
 Settings: enable_bitmapscan = 'off', enable_seqscan = 'off', max_parallel_workers_per_gather = '0'
 Planning:
   Buffers: shared hit=82 read=27
 Planning Time: 1.511 ms
 Execution Time: 14.730 ms
(12 rows)

SET
SET
SET
SET
SET
                                             QUERY PLAN                                             
----------------------------------------------------------------------------------------------------
 Index Scan using idx on public.t (actual rows=1024.00 loops=1)
   Output: a, b
   Index Cond: ((t.a >= '-11358'::integer) AND (t.a <= '-10335'::integer))
   Index Searches: 1
   Buffers: shared hit=1031
 Settings: enable_bitmapscan = 'off', enable_seqscan = 'off', max_parallel_workers_per_gather = '0'
 Planning:
   Buffers: shared hit=114
 Planning Time: 0.182 ms
 Execution Time: 0.489 ms
(10 rows)

