SET
SET
SET
SET
SET
                                                               QUERY PLAN                                                               
----------------------------------------------------------------------------------------------------------------------------------------
 Index Scan using idx on public.t (actual rows=512.00 loops=1)
   Output: a, b
   Index Cond: ((t.a >= '-6236'::integer) AND (t.a <= '-5725'::integer))
   Index Searches: 1
   Prefetch: distance=251.020 count=410 stalls=3 skipped=1 resets=0 ungets=133 forwarded=0
             histogram [2,4) => 2, [4,8) => 5, [8,16) => 9, [16,32) => 9, [32,64) => 2, [64,128) => 7, [128,256) => 3, [256,512) => 373
   Buffers: shared hit=182 read=335
 Settings: enable_bitmapscan = 'off', enable_seqscan = 'off', max_parallel_workers_per_gather = '0'
 Planning:
   Buffers: shared hit=82 read=27
 Planning Time: 1.481 ms
 Execution Time: 12.998 ms
(12 rows)

SET
SET
SET
SET
SET
                                             QUERY PLAN                                             
----------------------------------------------------------------------------------------------------
 Index Scan using idx on public.t (actual rows=512.00 loops=1)
   Output: a, b
   Index Cond: ((t.a >= '-6236'::integer) AND (t.a <= '-5725'::integer))
   Index Searches: 1
   Buffers: shared hit=517
 Settings: enable_bitmapscan = 'off', enable_seqscan = 'off', max_parallel_workers_per_gather = '0'
 Planning:
   Buffers: shared hit=114
 Planning Time: 0.179 ms
 Execution Time: 0.320 ms
(10 rows)

