SET
SET
SET
SET
SET
                                             QUERY PLAN                                             
----------------------------------------------------------------------------------------------------
 Index Scan using idx on public.t (actual rows=128.00 loops=1)
   Output: a, b
   Index Cond: ((t.a >= '-9025'::integer) AND (t.a <= '-8994'::integer))
   Index Searches: 1
   Prefetch: distance=2.913 count=23 stalls=5 skipped=1 resets=0 ungets=0 forwarded=1
             histogram [2,4) => 17, [4,8) => 6
   Buffers: shared hit=59 read=72
 Settings: enable_bitmapscan = 'off', enable_seqscan = 'off', max_parallel_workers_per_gather = '0'
 Planning:
   Buffers: shared hit=86 read=26
 Planning Time: 1.168 ms
 Execution Time: 4.261 ms
(12 rows)

SET
SET
SET
SET
SET
                                             QUERY PLAN                                             
----------------------------------------------------------------------------------------------------
 Index Scan using idx on public.t (actual rows=128.00 loops=1)
   Output: a, b
   Index Cond: ((t.a >= '-9025'::integer) AND (t.a <= '-8994'::integer))
   Index Searches: 1
   Buffers: shared hit=131
 Settings: enable_bitmapscan = 'off', enable_seqscan = 'off', max_parallel_workers_per_gather = '0'
 Planning:
   Buffers: shared hit=117
 Planning Time: 0.212 ms
 Execution Time: 0.131 ms
(10 rows)

