SET
SET
SET
SET
SET
                                                                  QUERY PLAN                                                                  
----------------------------------------------------------------------------------------------------------------------------------------------
 Index Scan using idx on public.t (actual rows=2048.00 loops=1)
   Output: a, b
   Index Cond: ((t.a >= '-4494'::integer) AND (t.a <= '-2447'::integer))
   Index Searches: 1
   Prefetch: distance=260.186 count=2019 stalls=3 skipped=4 resets=0 ungets=297 forwarded=0
             histogram [2,4) => 10, [4,8) => 13, [8,16) => 8, [16,32) => 10, [32,64) => 7, [64,128) => 2, [128,256) => 163, [256,512) => 1806
   Buffers: shared hit=1511 read=543
 Settings: enable_bitmapscan = 'off', enable_seqscan = 'off', max_parallel_workers_per_gather = '0'
 Planning:
   Buffers: shared hit=82 read=27
 Planning Time: 2.263 ms
 Execution Time: 17.217 ms
(12 rows)

SET
SET
SET
SET
SET
                                             QUERY PLAN                                             
----------------------------------------------------------------------------------------------------
 Index Scan using idx on public.t (actual rows=2048.00 loops=1)
   Output: a, b
   Index Cond: ((t.a >= '-4494'::integer) AND (t.a <= '-2447'::integer))
   Index Searches: 1
   Buffers: shared hit=2054
 Settings: enable_bitmapscan = 'off', enable_seqscan = 'off', max_parallel_workers_per_gather = '0'
 Planning:
   Buffers: shared hit=114
 Planning Time: 0.191 ms
 Execution Time: 0.760 ms
(10 rows)

