SET
SET
SET
SET
SET
                                                                       QUERY PLAN                                                                        
---------------------------------------------------------------------------------------------------------------------------------------------------------
 Index Scan using idx on public.t (actual rows=2048576.00 loops=1)
   Output: a, b
   Index Cond: ((t.a >= '-2072477'::integer) AND (t.a <= '-23902'::integer))
   Index Searches: 1
   Prefetch: distance=102.042 count=108807 stalls=1938753 skipped=1941 resets=0 ungets=961 forwarded=2
             histogram [2,4) => 62210, [4,8) => 546, [8,16) => 25, [16,32) => 37, [32,64) => 58, [64,128) => 604, [128,256) => 28024, [256,512) => 17303
   Buffers: shared hit=2013824 read=38414
 Settings: enable_bitmapscan = 'off', enable_seqscan = 'off', max_parallel_workers_per_gather = '0'
 Planning:
   Buffers: shared hit=78 read=27
 Planning Time: 2.243 ms
 Execution Time: 2008.197 ms
(12 rows)

SET
SET
SET
SET
SET
                                             QUERY PLAN                                             
----------------------------------------------------------------------------------------------------
 Index Scan using idx on public.t (actual rows=2048576.00 loops=1)
   Output: a, b
   Index Cond: ((t.a >= '-2072477'::integer) AND (t.a <= '-23902'::integer))
   Index Searches: 1
   Buffers: shared hit=2052238
 Settings: enable_bitmapscan = 'off', enable_seqscan = 'off', max_parallel_workers_per_gather = '0'
 Planning:
   Buffers: shared hit=110
 Planning Time: 0.210 ms
 Execution Time: 325.540 ms
(10 rows)

