SET
SET
SET
SET
SET
                                                                      QUERY PLAN                                                                      
------------------------------------------------------------------------------------------------------------------------------------------------------
 Index Scan using idx on public.t (actual rows=65536.00 loops=1)
   Output: a, b
   Index Cond: ((t.a >= '-83088'::integer) AND (t.a <= '-17553'::integer))
   Index Searches: 1
   Prefetch: distance=234.126 count=29123 stalls=36946 skipped=66 resets=0 ungets=822 forwarded=1
             histogram [2,4) => 680, [4,8) => 11, [8,16) => 15, [16,32) => 36, [32,64) => 49, [64,128) => 261, [128,256) => 16578, [256,512) => 11493
   Buffers: shared hit=63714 read=1941
 Settings: enable_bitmapscan = 'off', enable_seqscan = 'off', max_parallel_workers_per_gather = '0'
 Planning:
   Buffers: shared hit=82 read=27
 Planning Time: 2.135 ms
 Execution Time: 57.110 ms
(12 rows)

SET
SET
SET
SET
SET
                                             QUERY PLAN                                             
----------------------------------------------------------------------------------------------------
 Index Scan using idx on public.t (actual rows=65536.00 loops=1)
   Output: a, b
   Index Cond: ((t.a >= '-83088'::integer) AND (t.a <= '-17553'::integer))
   Index Searches: 1
   Buffers: shared hit=65655
 Settings: enable_bitmapscan = 'off', enable_seqscan = 'off', max_parallel_workers_per_gather = '0'
 Planning:
   Buffers: shared hit=114
 Planning Time: 0.185 ms
 Execution Time: 8.209 ms
(10 rows)

