SET
SET
SET
SET
SET
                                                                      QUERY PLAN                                                                       
-------------------------------------------------------------------------------------------------------------------------------------------------------
 Index Scan using idx on public.t (actual rows=524288.00 loops=1)
   Output: a, b
   Index Cond: ((t.a >= '-556767'::integer) AND (t.a <= '-32480'::integer))
   Index Searches: 1
   Prefetch: distance=113.747 count=29251 stalls=494978 skipped=507 resets=0 ungets=746 forwarded=0
             histogram [2,4) => 15742, [4,8) => 147, [8,16) => 19, [16,32) => 47, [32,64) => 79, [64,128) => 139, [128,256) => 5780, [256,512) => 7298
   Buffers: shared hit=514714 read=10505
 Settings: enable_bitmapscan = 'off', enable_seqscan = 'off', max_parallel_workers_per_gather = '0'
 Planning:
   Buffers: shared hit=78 read=27
 Planning Time: 2.149 ms
 Execution Time: 524.952 ms
(12 rows)

SET
SET
SET
SET
SET
                                             QUERY PLAN                                             
----------------------------------------------------------------------------------------------------
 Index Scan using idx on public.t (actual rows=524288.00 loops=1)
   Output: a, b
   Index Cond: ((t.a >= '-556767'::integer) AND (t.a <= '-32480'::integer))
   Index Searches: 1
   Buffers: shared hit=525219
 Settings: enable_bitmapscan = 'off', enable_seqscan = 'off', max_parallel_workers_per_gather = '0'
 Planning:
   Buffers: shared hit=110
 Planning Time: 0.236 ms
 Execution Time: 79.173 ms
(10 rows)

