SET
SET
SET
SET
SET
                                                                       QUERY PLAN                                                                        
---------------------------------------------------------------------------------------------------------------------------------------------------------
 Index Scan using idx on public.t (actual rows=1048576.00 loops=1)
   Output: a, b
   Index Cond: ((t.a >= '-1072296'::integer) AND (t.a <= '-23721'::integer))
   Index Searches: 1
   Prefetch: distance=152.202 count=83801 stalls=964571 skipped=974 resets=0 ungets=903 forwarded=1
             histogram [2,4) => 30756, [4,8) => 255, [8,16) => 15, [16,32) => 25, [32,64) => 34, [64,128) => 103, [128,256) => 33182, [256,512) => 19431
   Buffers: shared hit=1030425 read=20048
 Settings: enable_bitmapscan = 'off', enable_seqscan = 'off', max_parallel_workers_per_gather = '0'
 Planning:
   Buffers: shared hit=78 read=27
 Planning Time: 2.158 ms
 Execution Time: 1007.445 ms
(12 rows)

SET
SET
SET
SET
SET
                                             QUERY PLAN                                             
----------------------------------------------------------------------------------------------------
 Index Scan using idx on public.t (actual rows=1048576.00 loops=1)
   Output: a, b
   Index Cond: ((t.a >= '-1072296'::integer) AND (t.a <= '-23721'::integer))
   Index Searches: 1
   Buffers: shared hit=1050473
 Settings: enable_bitmapscan = 'off', enable_seqscan = 'off', max_parallel_workers_per_gather = '0'
 Planning:
   Buffers: shared hit=110
 Planning Time: 0.213 ms
 Execution Time: 162.463 ms
(10 rows)

