SET
SET
SET
SET
SET
                                                                        QUERY PLAN                                                                         
-----------------------------------------------------------------------------------------------------------------------------------------------------------
 Index Scan using idx on public.t (actual rows=5048576.00 loops=1)
   Output: a, b
   Index Cond: ((t.a >= '-5054570'::integer) AND (t.a <= '-5995'::integer))
   Index Searches: 1
   Prefetch: distance=63.502 count=211738 stalls=4832448 skipped=4790 resets=0 ungets=727 forwarded=1
             histogram [2,4) => 155206, [4,8) => 1307, [8,16) => 34, [16,32) => 24, [32,64) => 48, [64,128) => 543, [128,256) => 34596, [256,512) => 19980
   Buffers: shared hit=4964315 read=93271
 Settings: enable_bitmapscan = 'off', enable_seqscan = 'off', max_parallel_workers_per_gather = '0'
 Planning:
   Buffers: shared hit=78 read=27
 Planning Time: 2.155 ms
 Execution Time: 4931.930 ms
(12 rows)

SET
SET
SET
SET
SET
                                             QUERY PLAN                                             
----------------------------------------------------------------------------------------------------
 Index Scan using idx on public.t (actual rows=5048576.00 loops=1)
   Output: a, b
   Index Cond: ((t.a >= '-5054570'::integer) AND (t.a <= '-5995'::integer))
   Index Searches: 1
   Buffers: shared hit=5057586
 Settings: enable_bitmapscan = 'off', enable_seqscan = 'off', max_parallel_workers_per_gather = '0'
 Planning:
   Buffers: shared hit=110
 Planning Time: 0.215 ms
 Execution Time: 750.581 ms
(10 rows)

