SET
SET
SET
SET
SET
                                                                        QUERY PLAN                                                                        
----------------------------------------------------------------------------------------------------------------------------------------------------------
 Index Scan using idx on public.t (actual rows=9048576.00 loops=1)
   Output: a, b
   Index Cond: ((t.a >= '-9066893'::integer) AND (t.a <= '-18318'::integer))
   Index Searches: 1
   Prefetch: distance=19.235 count=305984 stalls=8734732 skipped=8495 resets=0 ungets=827 forwarded=2
             histogram [2,4) => 281530, [4,8) => 2282, [8,16) => 14, [16,32) => 25, [32,64) => 37, [64,128) => 448, [128,256) => 12153, [256,512) => 9495
   Buffers: shared hit=8897961 read=166849
 Settings: enable_bitmapscan = 'off', enable_seqscan = 'off', max_parallel_workers_per_gather = '0'
 Planning:
   Buffers: shared hit=78 read=27
 Planning Time: 2.160 ms
 Execution Time: 8770.483 ms
(12 rows)

SET
SET
SET
SET
SET
                                             QUERY PLAN                                             
----------------------------------------------------------------------------------------------------
 Index Scan using idx on public.t (actual rows=9048576.00 loops=1)
   Output: a, b
   Index Cond: ((t.a >= '-9066893'::integer) AND (t.a <= '-18318'::integer))
   Index Searches: 1
   Buffers: shared hit=9064810
 Settings: enable_bitmapscan = 'off', enable_seqscan = 'off', max_parallel_workers_per_gather = '0'
 Planning:
   Buffers: shared hit=110
 Planning Time: 0.194 ms
 Execution Time: 1361.972 ms
(10 rows)

