SET
SET
SET
SET
SET
                                                                        QUERY PLAN                                                                         
-----------------------------------------------------------------------------------------------------------------------------------------------------------
 Index Scan using idx on public.t (actual rows=8048576.00 loops=1)
   Output: a, b
   Index Cond: ((t.a >= '-8059897'::integer) AND (t.a <= '-11322'::integer))
   Index Searches: 1
   Prefetch: distance=36.562 count=294722 stalls=7747182 skipped=7576 resets=0 ungets=966 forwarded=1
             histogram [2,4) => 249472, [4,8) => 2060, [8,16) => 13, [16,32) => 30, [32,64) => 79, [64,128) => 404, [128,256) => 26576, [256,512) => 16088
   Buffers: shared hit=7914583 read=148414
 Settings: enable_bitmapscan = 'off', enable_seqscan = 'off', max_parallel_workers_per_gather = '0'
 Planning:
   Buffers: shared hit=78 read=27
 Planning Time: 2.147 ms
 Execution Time: 7808.949 ms
(12 rows)

SET
SET
SET
SET
SET
                                             QUERY PLAN                                             
----------------------------------------------------------------------------------------------------
 Index Scan using idx on public.t (actual rows=8048576.00 loops=1)
   Output: a, b
   Index Cond: ((t.a >= '-8059897'::integer) AND (t.a <= '-11322'::integer))
   Index Searches: 1
   Buffers: shared hit=8062997
 Settings: enable_bitmapscan = 'off', enable_seqscan = 'off', max_parallel_workers_per_gather = '0'
 Planning:
   Buffers: shared hit=110
 Planning Time: 0.255 ms
 Execution Time: 1205.291 ms
(10 rows)

