SET
SET
SET
SET
SET
                                             QUERY PLAN                                             
----------------------------------------------------------------------------------------------------
 Index Scan using idx on public.t (actual rows=8192.00 loops=1)
   Output: a, b
   Index Cond: ((t.a >= '-8277'::integer) AND (t.a <= '-6230'::integer))
   Index Searches: 1
   Prefetch: distance=2.089 count=763 stalls=6848 skipped=114 resets=0 ungets=0 forwarded=1
             histogram [2,4) => 740, [4,8) => 23
   Buffers: shared hit=7595 read=493
 Settings: enable_bitmapscan = 'off', enable_seqscan = 'off', max_parallel_workers_per_gather = '0'
 Planning:
   Buffers: shared hit=86 read=26
 Planning Time: 1.915 ms
 Execution Time: 7.650 ms
(12 rows)

SET
SET
SET
SET
SET
                                             QUERY PLAN                                             
----------------------------------------------------------------------------------------------------
 Index Scan using idx on public.t (actual rows=8192.00 loops=1)
   Output: a, b
   Index Cond: ((t.a >= '-8277'::integer) AND (t.a <= '-6230'::integer))
   Index Searches: 1
   Buffers: shared hit=8088
 Settings: enable_bitmapscan = 'off', enable_seqscan = 'off', max_parallel_workers_per_gather = '0'
 Planning:
   Buffers: shared hit=117
 Planning Time: 0.184 ms
 Execution Time: 0.944 ms
(10 rows)

