SET
SET
SET
SET
SET
                                                               QUERY PLAN                                                               
----------------------------------------------------------------------------------------------------------------------------------------
 Index Scan using idx on public.t (actual rows=256.00 loops=1)
   Output: a, b
   Index Cond: ((t.a >= '-30988'::integer) AND (t.a <= '-30733'::integer))
   Index Searches: 1
   Prefetch: distance=243.387 count=274 stalls=1 skipped=0 resets=0 ungets=114 forwarded=0
             histogram [2,4) => 2, [4,8) => 6, [8,16) => 5, [16,32) => 8, [32,64) => 6, [64,128) => 3, [128,256) => 4, [256,512) => 240
   Buffers: shared hit=36 read=227
 Settings: enable_bitmapscan = 'off', enable_seqscan = 'off', max_parallel_workers_per_gather = '0'
 Planning:
   Buffers: shared hit=82 read=27
 Planning Time: 1.524 ms
 Execution Time: 7.609 ms
(12 rows)

SET
SET
SET
SET
SET
                                             QUERY PLAN                                             
----------------------------------------------------------------------------------------------------
 Index Scan using idx on public.t (actual rows=256.00 loops=1)
   Output: a, b
   Index Cond: ((t.a >= '-30988'::integer) AND (t.a <= '-30733'::integer))
   Index Searches: 1
   Buffers: shared hit=263
 Settings: enable_bitmapscan = 'off', enable_seqscan = 'off', max_parallel_workers_per_gather = '0'
 Planning:
   Buffers: shared hit=114
 Planning Time: 0.150 ms
 Execution Time: 0.155 ms
(10 rows)

