SET
SET
SET
SET
SET
                                                                    QUERY PLAN                                                                     
---------------------------------------------------------------------------------------------------------------------------------------------------
 Index Scan using idx on public.t (actual rows=32768.00 loops=1)
   Output: a, b
   Index Cond: ((t.a >= '-51733'::integer) AND (t.a <= '-18966'::integer))
   Index Searches: 1
   Prefetch: distance=233.601 count=9981 stalls=23103 skipped=34 resets=0 ungets=694 forwarded=1
             histogram [2,4) => 362, [4,8) => 9, [8,16) => 16, [16,32) => 26, [32,64) => 44, [64,128) => 283, [128,256) => 3815, [256,512) => 5426
   Buffers: shared hit=31480 read=1349
 Settings: enable_bitmapscan = 'off', enable_seqscan = 'off', max_parallel_workers_per_gather = '0'
 Planning:
   Buffers: shared hit=82 read=27
 Planning Time: 2.141 ms
 Execution Time: 43.836 ms
(12 rows)

SET
SET
SET
SET
SET
                                             QUERY PLAN                                             
----------------------------------------------------------------------------------------------------
 Index Scan using idx on public.t (actual rows=32768.00 loops=1)
   Output: a, b
   Index Cond: ((t.a >= '-51733'::integer) AND (t.a <= '-18966'::integer))
   Index Searches: 1
   Buffers: shared hit=32829
 Settings: enable_bitmapscan = 'off', enable_seqscan = 'off', max_parallel_workers_per_gather = '0'
 Planning:
   Buffers: shared hit=114
 Planning Time: 0.160 ms
 Execution Time: 4.654 ms
(10 rows)

