SET
SET
SET
SET
SET
                                                                        QUERY PLAN                                                                         
-----------------------------------------------------------------------------------------------------------------------------------------------------------
 Index Scan using idx on public.t (actual rows=4048576.00 loops=1)
   Output: a, b
   Index Cond: ((t.a >= '-4049903'::integer) AND (t.a <= '-1328'::integer))
   Index Searches: 1
   Prefetch: distance=82.293 count=188993 stalls=3856036 skipped=3938 resets=0 ungets=721 forwarded=1
             histogram [2,4) => 123528, [4,8) => 1051, [8,16) => 20, [16,32) => 32, [32,64) => 80, [64,128) => 588, [128,256) => 41211, [256,512) => 22483
   Buffers: shared hit=3980868 read=74837
 Settings: enable_bitmapscan = 'off', enable_seqscan = 'off', max_parallel_workers_per_gather = '0'
 Planning:
   Buffers: shared hit=78 read=27
 Planning Time: 2.174 ms
 Execution Time: 3944.983 ms
(12 rows)

SET
SET
SET
SET
SET
                                             QUERY PLAN                                             
----------------------------------------------------------------------------------------------------
 Index Scan using idx on public.t (actual rows=4048576.00 loops=1)
   Output: a, b
   Index Cond: ((t.a >= '-4049903'::integer) AND (t.a <= '-1328'::integer))
   Index Searches: 1
   Buffers: shared hit=4055705
 Settings: enable_bitmapscan = 'off', enable_seqscan = 'off', max_parallel_workers_per_gather = '0'
 Planning:
   Buffers: shared hit=110
 Planning Time: 0.192 ms
 Execution Time: 608.672 ms
(10 rows)

