SET
SET
SET
SET
SET
                                                                       QUERY PLAN                                                                        
---------------------------------------------------------------------------------------------------------------------------------------------------------
 Index Scan using idx on public.t (actual rows=3048576.00 loops=1)
   Output: a, b
   Index Cond: ((t.a >= '-3066160'::integer) AND (t.a <= '-17585'::integer))
   Index Searches: 1
   Prefetch: distance=63.231 count=127587 stalls=2919036 skipped=2912 resets=0 ungets=988 forwarded=2
             histogram [2,4) => 93718, [4,8) => 827, [8,16) => 18, [16,32) => 25, [32,64) => 70, [64,128) => 483, [128,256) => 19082, [256,512) => 13364
   Buffers: shared hit=2997295 read=56705
 Settings: enable_bitmapscan = 'off', enable_seqscan = 'off', max_parallel_workers_per_gather = '0'
 Planning:
   Buffers: shared hit=78 read=27
 Planning Time: 2.166 ms
 Execution Time: 2967.925 ms
(12 rows)

SET
SET
SET
SET
SET
                                             QUERY PLAN                                             
----------------------------------------------------------------------------------------------------
 Index Scan using idx on public.t (actual rows=3048576.00 loops=1)
   Output: a, b
   Index Cond: ((t.a >= '-3066160'::integer) AND (t.a <= '-17585'::integer))
   Index Searches: 1
   Buffers: shared hit=3054000
 Settings: enable_bitmapscan = 'off', enable_seqscan = 'off', max_parallel_workers_per_gather = '0'
 Planning:
   Buffers: shared hit=110
 Planning Time: 0.225 ms
 Execution Time: 463.397 ms
(10 rows)

