SET
SET
SET
SET
SET
                                                                       QUERY PLAN                                                                        
---------------------------------------------------------------------------------------------------------------------------------------------------------
 Index Scan using idx on public.t (actual rows=2048576.00 loops=1)
   Output: a, b
   Index Cond: ((t.a >= '-2068996'::integer) AND (t.a <= '-20421'::integer))
   Index Searches: 1
   Prefetch: distance=96.861 count=105054 stalls=1942193 skipped=1937 resets=0 ungets=823 forwarded=2
             histogram [2,4) => 62250, [4,8) => 546, [8,16) => 27, [16,32) => 37, [32,64) => 58, [64,128) => 604, [128,256) => 25855, [256,512) => 15677
   Buffers: shared hit=2013865 read=38377
 Settings: enable_bitmapscan = 'off', enable_seqscan = 'off', max_parallel_workers_per_gather = '0'
 Planning:
   Buffers: shared hit=78 read=27
 Planning Time: 2.157 ms
 Execution Time: 1999.910 ms
(12 rows)

SET
SET
SET
SET
SET
                                             QUERY PLAN                                             
----------------------------------------------------------------------------------------------------
 Index Scan using idx on public.t (actual rows=2048576.00 loops=1)
   Output: a, b
   Index Cond: ((t.a >= '-2068996'::integer) AND (t.a <= '-20421'::integer))
   Index Searches: 1
   Buffers: shared hit=2052242
 Settings: enable_bitmapscan = 'off', enable_seqscan = 'off', max_parallel_workers_per_gather = '0'
 Planning:
   Buffers: shared hit=110
 Planning Time: 0.184 ms
 Execution Time: 307.884 ms
(10 rows)

