SET
SET
SET
SET
SET
                                                                        QUERY PLAN                                                                         
-----------------------------------------------------------------------------------------------------------------------------------------------------------
 Index Scan using idx on public.t (actual rows=5048576.00 loops=1)
   Output: a, b
   Index Cond: ((t.a >= '-5053023'::integer) AND (t.a <= '-4448'::integer))
   Index Searches: 1
   Prefetch: distance=62.301 count=210337 stalls=4833988 skipped=4791 resets=0 ungets=784 forwarded=1
             histogram [2,4) => 155210, [4,8) => 1313, [8,16) => 32, [16,32) => 22, [32,64) => 48, [64,128) => 535, [128,256) => 33681, [256,512) => 19496
   Buffers: shared hit=4964342 read=93243
 Settings: enable_bitmapscan = 'off', enable_seqscan = 'off', max_parallel_workers_per_gather = '0'
 Planning:
   Buffers: shared hit=78 read=27
 Planning Time: 2.179 ms
 Execution Time: 4935.948 ms
(12 rows)

SET
SET
SET
SET
SET
                                             QUERY PLAN                                             
----------------------------------------------------------------------------------------------------
 Index Scan using idx on public.t (actual rows=5048576.00 loops=1)
   Output: a, b
   Index Cond: ((t.a >= '-5053023'::integer) AND (t.a <= '-4448'::integer))
   Index Searches: 1
   Buffers: shared hit=5057585
 Settings: enable_bitmapscan = 'off', enable_seqscan = 'off', max_parallel_workers_per_gather = '0'
 Planning:
   Buffers: shared hit=110
 Planning Time: 0.224 ms
 Execution Time: 745.232 ms
(10 rows)

