SET
SET
SET
SET
SET
                                                                        QUERY PLAN                                                                         
-----------------------------------------------------------------------------------------------------------------------------------------------------------
 Index Scan using idx on public.t (actual rows=8048576.00 loops=1)
   Output: a, b
   Index Cond: ((t.a >= '-8061774'::integer) AND (t.a <= '-13199'::integer))
   Index Searches: 1
   Prefetch: distance=37.730 count=296480 stalls=7745325 skipped=7573 resets=0 ungets=911 forwarded=1
             histogram [2,4) => 249456, [4,8) => 2063, [8,16) => 16, [16,32) => 28, [32,64) => 79, [64,128) => 418, [128,256) => 27811, [256,512) => 16609
   Buffers: shared hit=7914564 read=148436
 Settings: enable_bitmapscan = 'off', enable_seqscan = 'off', max_parallel_workers_per_gather = '0'
 Planning:
   Buffers: shared hit=78 read=27
 Planning Time: 2.142 ms
 Execution Time: 7791.817 ms
(12 rows)

SET
SET
SET
SET
SET
                                             QUERY PLAN                                             
----------------------------------------------------------------------------------------------------
 Index Scan using idx on public.t (actual rows=8048576.00 loops=1)
   Output: a, b
   Index Cond: ((t.a >= '-8061774'::integer) AND (t.a <= '-13199'::integer))
   Index Searches: 1
   Buffers: shared hit=8063000
 Settings: enable_bitmapscan = 'off', enable_seqscan = 'off', max_parallel_workers_per_gather = '0'
 Planning:
   Buffers: shared hit=110
 Planning Time: 0.216 ms
 Execution Time: 1208.484 ms
(10 rows)

