SET
SET
SET
SET
SET
                                                                        QUERY PLAN                                                                         
-----------------------------------------------------------------------------------------------------------------------------------------------------------
 Index Scan using idx on public.t (actual rows=9048576.00 loops=1)
   Output: a, b
   Index Cond: ((t.a >= '-9076133'::integer) AND (t.a <= '-27558'::integer))
   Index Searches: 1
   Prefetch: distance=25.548 count=314941 stalls=8725600 skipped=8503 resets=0 ungets=750 forwarded=2
             histogram [2,4) => 281438, [4,8) => 2281, [8,16) => 14, [16,32) => 23, [32,64) => 45, [64,128) => 510, [128,256) => 18203, [256,512) => 12427
   Buffers: shared hit=8897862 read=166940
 Settings: enable_bitmapscan = 'off', enable_seqscan = 'off', max_parallel_workers_per_gather = '0'
 Planning:
   Buffers: shared hit=78 read=27
 Planning Time: 2.348 ms
 Execution Time: 8794.875 ms
(12 rows)

SET
SET
SET
SET
SET
                                             QUERY PLAN                                             
----------------------------------------------------------------------------------------------------
 Index Scan using idx on public.t (actual rows=9048576.00 loops=1)
   Output: a, b
   Index Cond: ((t.a >= '-9076133'::integer) AND (t.a <= '-27558'::integer))
   Index Searches: 1
   Buffers: shared hit=9064802
 Settings: enable_bitmapscan = 'off', enable_seqscan = 'off', max_parallel_workers_per_gather = '0'
 Planning:
   Buffers: shared hit=110
 Planning Time: 0.181 ms
 Execution Time: 1367.084 ms
(10 rows)

