SET
SET
SET
SET
SET
                                                                      QUERY PLAN                                                                       
-------------------------------------------------------------------------------------------------------------------------------------------------------
 Index Scan using idx on public.t (actual rows=131072.00 loops=1)
   Output: a, b
   Index Cond: ((t.a >= '-147084'::integer) AND (t.a <= '-16013'::integer))
   Index Searches: 1
   Prefetch: distance=231.088 count=64611 stalls=66996 skipped=143 resets=0 ungets=847 forwarded=0
             histogram [2,4) => 1614, [4,8) => 18, [8,16) => 19, [16,32) => 23, [32,64) => 34, [64,128) => 579, [128,256) => 40196, [256,512) => 22128
   Buffers: shared hit=128162 read=3131
 Settings: enable_bitmapscan = 'off', enable_seqscan = 'off', max_parallel_workers_per_gather = '0'
 Planning:
   Buffers: shared hit=82 read=27
 Planning Time: 2.232 ms
 Execution Time: 97.433 ms
(12 rows)

SET
SET
SET
SET
SET
                                             QUERY PLAN                                             
----------------------------------------------------------------------------------------------------
 Index Scan using idx on public.t (actual rows=131072.00 loops=1)
   Output: a, b
   Index Cond: ((t.a >= '-147084'::integer) AND (t.a <= '-16013'::integer))
   Index Searches: 1
   Buffers: shared hit=131293
 Settings: enable_bitmapscan = 'off', enable_seqscan = 'off', max_parallel_workers_per_gather = '0'
 Planning:
   Buffers: shared hit=114
 Planning Time: 0.210 ms
 Execution Time: 18.518 ms
(10 rows)

