SET
SET
SET
SET
SET
                                                                     QUERY PLAN                                                                     
----------------------------------------------------------------------------------------------------------------------------------------------------
 Index Scan using idx on public.t (actual rows=32768.00 loops=1)
   Output: a, b
   Index Cond: ((t.a >= '-60958'::integer) AND (t.a <= '-28191'::integer))
   Index Searches: 1
   Prefetch: distance=234.429 count=12861 stalls=20778 skipped=34 resets=0 ungets=958 forwarded=2
             histogram [2,4) => 416, [4,8) => 12, [8,16) => 24, [16,32) => 28, [32,64) => 50, [64,128) => 269, [128,256) => 5338, [256,512) => 6724
   Buffers: shared hit=31382 read=1448
 Settings: enable_bitmapscan = 'off', enable_seqscan = 'off', max_parallel_workers_per_gather = '0'
 Planning:
   Buffers: shared hit=82 read=27
 Planning Time: 2.160 ms
 Execution Time: 30.142 ms
(12 rows)

SET
SET
SET
SET
SET
                                             QUERY PLAN                                             
----------------------------------------------------------------------------------------------------
 Index Scan using idx on public.t (actual rows=32768.00 loops=1)
   Output: a, b
   Index Cond: ((t.a >= '-60958'::integer) AND (t.a <= '-28191'::integer))
   Index Searches: 1
   Buffers: shared hit=32830
 Settings: enable_bitmapscan = 'off', enable_seqscan = 'off', max_parallel_workers_per_gather = '0'
 Planning:
   Buffers: shared hit=114
 Planning Time: 0.158 ms
 Execution Time: 3.346 ms
(10 rows)

