SET
SET
SET
SET
SET
                                                                       QUERY PLAN                                                                       
--------------------------------------------------------------------------------------------------------------------------------------------------------
 Index Scan using idx on public.t (actual rows=1048576.00 loops=1)
   Output: a, b
   Index Cond: ((t.a >= '-1054857'::integer) AND (t.a <= '-6282'::integer))
   Index Searches: 1
   Prefetch: distance=129.520 count=66265 stalls=981844 skipped=989 resets=0 ungets=784 forwarded=0
             histogram [2,4) => 30890, [4,8) => 256, [8,16) => 13, [16,32) => 25, [32,64) => 38, [64,128) => 71, [128,256) => 20859, [256,512) => 14113
   Buffers: shared hit=1030607 read=19851
 Settings: enable_bitmapscan = 'off', enable_seqscan = 'off', max_parallel_workers_per_gather = '0'
 Planning:
   Buffers: shared hit=78 read=27
 Planning Time: 2.156 ms
 Execution Time: 1009.475 ms
(12 rows)

SET
SET
SET
SET
SET
                                             QUERY PLAN                                             
----------------------------------------------------------------------------------------------------
 Index Scan using idx on public.t (actual rows=1048576.00 loops=1)
   Output: a, b
   Index Cond: ((t.a >= '-1054857'::integer) AND (t.a <= '-6282'::integer))
   Index Searches: 1
   Buffers: shared hit=1050458
 Settings: enable_bitmapscan = 'off', enable_seqscan = 'off', max_parallel_workers_per_gather = '0'
 Planning:
   Buffers: shared hit=110
 Planning Time: 0.187 ms
 Execution Time: 161.370 ms
(10 rows)

