SET
SET
SET
SET
SET
                                                                        QUERY PLAN                                                                         
-----------------------------------------------------------------------------------------------------------------------------------------------------------
 Index Scan using idx on public.t (actual rows=4048576.00 loops=1)
   Output: a, b
   Index Cond: ((t.a >= '-4060998'::integer) AND (t.a <= '-12423'::integer))
   Index Searches: 1
   Prefetch: distance=91.030 count=200533 stalls=3845004 skipped=3918 resets=0 ungets=958 forwarded=1
             histogram [2,4) => 123496, [4,8) => 1048, [8,16) => 17, [16,32) => 34, [32,64) => 82, [64,128) => 705, [128,256) => 49095, [256,512) => 26056
   Buffers: shared hit=3980731 read=74994
 Settings: enable_bitmapscan = 'off', enable_seqscan = 'off', max_parallel_workers_per_gather = '0'
 Planning:
   Buffers: shared hit=78 read=27
 Planning Time: 2.152 ms
 Execution Time: 3939.258 ms
(12 rows)

SET
SET
SET
SET
SET
                                             QUERY PLAN                                             
----------------------------------------------------------------------------------------------------
 Index Scan using idx on public.t (actual rows=4048576.00 loops=1)
   Output: a, b
   Index Cond: ((t.a >= '-4060998'::integer) AND (t.a <= '-12423'::integer))
   Index Searches: 1
   Buffers: shared hit=4055725
 Settings: enable_bitmapscan = 'off', enable_seqscan = 'off', max_parallel_workers_per_gather = '0'
 Planning:
   Buffers: shared hit=110
 Planning Time: 0.222 ms
 Execution Time: 618.788 ms
(10 rows)

