SET
SET
SET
SET
SET
                                                                         QUERY PLAN                                                                          
-------------------------------------------------------------------------------------------------------------------------------------------------------------
 Index Scan using idx on public.t (actual rows=6048576.00 loops=1)
   Output: a, b
   Index Cond: ((t.a >= '-6056934'::integer) AND (t.a <= '-8359'::integer))
   Index Searches: 1
   Prefetch: distance=79.341 count=279691 stalls=5763755 skipped=5739 resets=0 ungets=826 forwarded=2
             histogram [2,4) => 185360, [4,8) => 1567, [8,16) => 16, [16,32) => 37, [32,64) => 158, [64,128) => 1423, [128,256) => 60426, [256,512) => 30704
   Buffers: shared hit=5947704 read=111665
 Settings: enable_bitmapscan = 'off', enable_seqscan = 'off', max_parallel_workers_per_gather = '0'
 Planning:
   Buffers: shared hit=78 read=27
 Planning Time: 2.147 ms
 Execution Time: 5858.000 ms
(12 rows)

SET
SET
SET
SET
SET
                                             QUERY PLAN                                             
----------------------------------------------------------------------------------------------------
 Index Scan using idx on public.t (actual rows=6048576.00 loops=1)
   Output: a, b
   Index Cond: ((t.a >= '-6056934'::integer) AND (t.a <= '-8359'::integer))
   Index Searches: 1
   Buffers: shared hit=6059369
 Settings: enable_bitmapscan = 'off', enable_seqscan = 'off', max_parallel_workers_per_gather = '0'
 Planning:
   Buffers: shared hit=110
 Planning Time: 0.224 ms
 Execution Time: 912.494 ms
(10 rows)

