SET
SET
SET
SET
SET
                                                                      QUERY PLAN                                                                       
-------------------------------------------------------------------------------------------------------------------------------------------------------
 Index Scan using idx on public.t (actual rows=3048576.00 loops=1)
   Output: a, b
   Index Cond: ((t.a >= '-3078832'::integer) AND (t.a <= '-30257'::integer))
   Index Searches: 1
   Prefetch: distance=36.262 count=110861 stalls=2935314 skipped=2913 resets=0 ungets=769 forwarded=2
             histogram [2,4) => 94500, [4,8) => 835, [8,16) => 14, [16,32) => 31, [32,64) => 45, [64,128) => 127, [128,256) => 7219, [256,512) => 8090
   Buffers: shared hit=2997175 read=56823
 Settings: enable_bitmapscan = 'off', enable_seqscan = 'off', max_parallel_workers_per_gather = '0'
 Planning:
   Buffers: shared hit=78 read=27
 Planning Time: 2.162 ms
 Execution Time: 3003.474 ms
(12 rows)

SET
SET
SET
SET
SET
                                             QUERY PLAN                                             
----------------------------------------------------------------------------------------------------
 Index Scan using idx on public.t (actual rows=3048576.00 loops=1)
   Output: a, b
   Index Cond: ((t.a >= '-3078832'::integer) AND (t.a <= '-30257'::integer))
   Index Searches: 1
   Buffers: shared hit=3053998
 Settings: enable_bitmapscan = 'off', enable_seqscan = 'off', max_parallel_workers_per_gather = '0'
 Planning:
   Buffers: shared hit=110
 Planning Time: 0.220 ms
 Execution Time: 453.451 ms
(10 rows)

