SET
SET
SET
SET
SET
                                                                        QUERY PLAN                                                                         
-----------------------------------------------------------------------------------------------------------------------------------------------------------
 Index Scan using idx on public.t (actual rows=8048576.00 loops=1)
   Output: a, b
   Index Cond: ((t.a >= '-8055034'::integer) AND (t.a <= '-6459'::integer))
   Index Searches: 1
   Prefetch: distance=32.859 count=289385 stalls=7752008 skipped=7593 resets=0 ungets=733 forwarded=2
             histogram [2,4) => 249494, [4,8) => 2061, [8,16) => 19, [16,32) => 32, [32,64) => 79, [64,128) => 274, [128,256) => 23249, [256,512) => 14177
   Buffers: shared hit=7914634 read=148345
 Settings: enable_bitmapscan = 'off', enable_seqscan = 'off', max_parallel_workers_per_gather = '0'
 Planning:
   Buffers: shared hit=78 read=27
 Planning Time: 2.130 ms
 Execution Time: 7785.964 ms
(12 rows)

SET
SET
SET
SET
SET
                                             QUERY PLAN                                             
----------------------------------------------------------------------------------------------------
 Index Scan using idx on public.t (actual rows=8048576.00 loops=1)
   Output: a, b
   Index Cond: ((t.a >= '-8055034'::integer) AND (t.a <= '-6459'::integer))
   Index Searches: 1
   Buffers: shared hit=8062979
 Settings: enable_bitmapscan = 'off', enable_seqscan = 'off', max_parallel_workers_per_gather = '0'
 Planning:
   Buffers: shared hit=110
 Planning Time: 0.231 ms
 Execution Time: 1203.748 ms
(10 rows)

