SET
SET
SET
SET
SET
                                                                       QUERY PLAN                                                                        
---------------------------------------------------------------------------------------------------------------------------------------------------------
 Index Scan using idx on public.t (actual rows=2048576.00 loops=1)
   Output: a, b
   Index Cond: ((t.a >= '-2068947'::integer) AND (t.a <= '-20372'::integer))
   Index Searches: 1
   Prefetch: distance=96.857 count=105098 stalls=1942242 skipped=1937 resets=0 ungets=867 forwarded=2
             histogram [2,4) => 62250, [4,8) => 546, [8,16) => 27, [16,32) => 36, [32,64) => 58, [64,128) => 629, [128,256) => 25790, [256,512) => 15762
   Buffers: shared hit=2013867 read=38375
 Settings: enable_bitmapscan = 'off', enable_seqscan = 'off', max_parallel_workers_per_gather = '0'
 Planning:
   Buffers: shared hit=78 read=27
 Planning Time: 2.143 ms
 Execution Time: 1999.220 ms
(12 rows)

SET
SET
SET
SET
SET
                                             QUERY PLAN                                             
----------------------------------------------------------------------------------------------------
 Index Scan using idx on public.t (actual rows=2048576.00 loops=1)
   Output: a, b
   Index Cond: ((t.a >= '-2068947'::integer) AND (t.a <= '-20372'::integer))
   Index Searches: 1
   Buffers: shared hit=2052242
 Settings: enable_bitmapscan = 'off', enable_seqscan = 'off', max_parallel_workers_per_gather = '0'
 Planning:
   Buffers: shared hit=110
 Planning Time: 0.216 ms
 Execution Time: 313.740 ms
(10 rows)

