SET
SET
SET
SET
SET
                                                                       QUERY PLAN                                                                       
--------------------------------------------------------------------------------------------------------------------------------------------------------
 Index Scan using idx on public.t (actual rows=1048576.00 loops=1)
   Output: a, b
   Index Cond: ((t.a >= '-1049350'::integer) AND (t.a <= '-775'::integer))
   Index Searches: 1
   Prefetch: distance=119.790 count=60805 stalls=987335 skipped=991 resets=0 ungets=800 forwarded=0
             histogram [2,4) => 30896, [4,8) => 254, [8,16) => 18, [16,32) => 25, [32,64) => 34, [64,128) => 74, [128,256) => 17119, [256,512) => 12385
   Buffers: shared hit=1030690 read=19766
 Settings: enable_bitmapscan = 'off', enable_seqscan = 'off', max_parallel_workers_per_gather = '0'
 Planning:
   Buffers: shared hit=78 read=27
 Planning Time: 2.146 ms
 Execution Time: 1009.312 ms
(12 rows)

SET
SET
SET
SET
SET
                                             QUERY PLAN                                             
----------------------------------------------------------------------------------------------------
 Index Scan using idx on public.t (actual rows=1048576.00 loops=1)
   Output: a, b
   Index Cond: ((t.a >= '-1049350'::integer) AND (t.a <= '-775'::integer))
   Index Searches: 1
   Buffers: shared hit=1050456
 Settings: enable_bitmapscan = 'off', enable_seqscan = 'off', max_parallel_workers_per_gather = '0'
 Planning:
   Buffers: shared hit=110
 Planning Time: 0.186 ms
 Execution Time: 158.888 ms
(10 rows)

