SET
SET
SET
SET
SET
                                                                     QUERY PLAN                                                                      
-----------------------------------------------------------------------------------------------------------------------------------------------------
 Index Scan using idx on public.t (actual rows=32768.00 loops=1)
   Output: a, b
   Index Cond: ((t.a >= '-63314'::integer) AND (t.a <= '-30547'::integer))
   Index Searches: 1
   Prefetch: distance=230.679 count=9472 stalls=23886 skipped=31 resets=0 ungets=834 forwarded=0
             histogram [2,4) => 516, [4,8) => 11, [8,16) => 18, [16,32) => 32, [32,64) => 132, [64,128) => 237, [128,256) => 3080, [256,512) => 5446
   Buffers: shared hit=31366 read=1465
 Settings: enable_bitmapscan = 'off', enable_seqscan = 'off', max_parallel_workers_per_gather = '0'
 Planning:
   Buffers: shared hit=82 read=27
 Planning Time: 2.150 ms
 Execution Time: 40.408 ms
(12 rows)

SET
SET
SET
SET
SET
                                             QUERY PLAN                                             
----------------------------------------------------------------------------------------------------
 Index Scan using idx on public.t (actual rows=32768.00 loops=1)
   Output: a, b
   Index Cond: ((t.a >= '-63314'::integer) AND (t.a <= '-30547'::integer))
   Index Searches: 1
   Buffers: shared hit=32831
 Settings: enable_bitmapscan = 'off', enable_seqscan = 'off', max_parallel_workers_per_gather = '0'
 Planning:
   Buffers: shared hit=114
 Planning Time: 0.180 ms
 Execution Time: 5.945 ms
(10 rows)

