SET
SET
SET
SET
SET
                                                                       QUERY PLAN                                                                        
---------------------------------------------------------------------------------------------------------------------------------------------------------
 Index Scan using idx on public.t (actual rows=2048576.00 loops=1)
   Output: a, b
   Index Cond: ((t.a >= '-2067073'::integer) AND (t.a <= '-18498'::integer))
   Index Searches: 1
   Prefetch: distance=94.535 count=103304 stalls=1944097 skipped=1937 resets=0 ungets=884 forwarded=1
             histogram [2,4) => 62266, [4,8) => 547, [8,16) => 25, [16,32) => 36, [32,64) => 58, [64,128) => 601, [128,256) => 24524, [256,512) => 15247
   Buffers: shared hit=2013895 read=38347
 Settings: enable_bitmapscan = 'off', enable_seqscan = 'off', max_parallel_workers_per_gather = '0'
 Planning:
   Buffers: shared hit=78 read=27
 Planning Time: 2.327 ms
 Execution Time: 1994.411 ms
(12 rows)

SET
SET
SET
SET
SET
                                             QUERY PLAN                                             
----------------------------------------------------------------------------------------------------
 Index Scan using idx on public.t (actual rows=2048576.00 loops=1)
   Output: a, b
   Index Cond: ((t.a >= '-2067073'::integer) AND (t.a <= '-18498'::integer))
   Index Searches: 1
   Buffers: shared hit=2052242
 Settings: enable_bitmapscan = 'off', enable_seqscan = 'off', max_parallel_workers_per_gather = '0'
 Planning:
   Buffers: shared hit=110
 Planning Time: 0.199 ms
 Execution Time: 305.600 ms
(10 rows)

