SET
SET
SET
SET
SET
                                                                    QUERY PLAN                                                                     
---------------------------------------------------------------------------------------------------------------------------------------------------
 Index Scan using idx on public.t (actual rows=16384.00 loops=1)
   Output: a, b
   Index Cond: ((t.a >= '-44260'::integer) AND (t.a <= '-27877'::integer))
   Index Searches: 1
   Prefetch: distance=232.071 count=8713 stalls=8223 skipped=18 resets=0 ungets=761 forwarded=1
             histogram [2,4) => 140, [4,8) => 8, [8,16) => 20, [16,32) => 38, [32,64) => 50, [64,128) => 517, [128,256) => 2997, [256,512) => 4943
   Buffers: shared hit=15278 read=1139
 Settings: enable_bitmapscan = 'off', enable_seqscan = 'off', max_parallel_workers_per_gather = '0'
 Planning:
   Buffers: shared hit=82 read=27
 Planning Time: 2.163 ms
 Execution Time: 26.248 ms
(12 rows)

SET
SET
SET
SET
SET
                                             QUERY PLAN                                             
----------------------------------------------------------------------------------------------------
 Index Scan using idx on public.t (actual rows=16384.00 loops=1)
   Output: a, b
   Index Cond: ((t.a >= '-44260'::integer) AND (t.a <= '-27877'::integer))
   Index Searches: 1
   Buffers: shared hit=16417
 Settings: enable_bitmapscan = 'off', enable_seqscan = 'off', max_parallel_workers_per_gather = '0'
 Planning:
   Buffers: shared hit=114
 Planning Time: 0.173 ms
 Execution Time: 2.804 ms
(10 rows)

