SET
SET
SET
SET
SET
                                                                        QUERY PLAN                                                                         
-----------------------------------------------------------------------------------------------------------------------------------------------------------
 Index Scan using idx on public.t (actual rows=8048576.00 loops=1)
   Output: a, b
   Index Cond: ((t.a >= '-8067369'::integer) AND (t.a <= '-18794'::integer))
   Index Searches: 1
   Prefetch: distance=41.221 count=301838 stalls=7739782 skipped=7569 resets=0 ungets=827 forwarded=3
             histogram [2,4) => 249410, [4,8) => 2062, [8,16) => 17, [16,32) => 29, [32,64) => 80, [64,128) => 420, [128,256) => 31780, [256,512) => 18040
   Buffers: shared hit=7914503 read=148501
 Settings: enable_bitmapscan = 'off', enable_seqscan = 'off', max_parallel_workers_per_gather = '0'
 Planning:
   Buffers: shared hit=78 read=27
 Planning Time: 2.138 ms
 Execution Time: 7804.399 ms
(12 rows)

SET
SET
SET
SET
SET
                                             QUERY PLAN                                             
----------------------------------------------------------------------------------------------------
 Index Scan using idx on public.t (actual rows=8048576.00 loops=1)
   Output: a, b
   Index Cond: ((t.a >= '-8067369'::integer) AND (t.a <= '-18794'::integer))
   Index Searches: 1
   Buffers: shared hit=8063004
 Settings: enable_bitmapscan = 'off', enable_seqscan = 'off', max_parallel_workers_per_gather = '0'
 Planning:
   Buffers: shared hit=110
 Planning Time: 0.225 ms
 Execution Time: 1204.438 ms
(10 rows)

