SET
SET
SET
SET
SET
                                                                       QUERY PLAN                                                                        
---------------------------------------------------------------------------------------------------------------------------------------------------------
 Index Scan using idx on public.t (actual rows=9048576.00 loops=1)
   Output: a, b
   Index Cond: ((t.a >= '-9063922'::integer) AND (t.a <= '-15347'::integer))
   Index Searches: 1
   Prefetch: distance=17.386 count=303107 stalls=8737673 skipped=8497 resets=0 ungets=850 forwarded=2
             histogram [2,4) => 281558, [4,8) => 2278, [8,16) => 19, [16,32) => 25, [32,64) => 36, [64,128) => 187, [128,256) => 9940, [256,512) => 9064
   Buffers: shared hit=8897998 read=166810
 Settings: enable_bitmapscan = 'off', enable_seqscan = 'off', max_parallel_workers_per_gather = '0'
 Planning:
   Buffers: shared hit=78 read=27
 Planning Time: 2.138 ms
 Execution Time: 8852.548 ms
(12 rows)

SET
SET
SET
SET
SET
                                             QUERY PLAN                                             
----------------------------------------------------------------------------------------------------
 Index Scan using idx on public.t (actual rows=9048576.00 loops=1)
   Output: a, b
   Index Cond: ((t.a >= '-9063922'::integer) AND (t.a <= '-15347'::integer))
   Index Searches: 1
   Buffers: shared hit=9064808
 Settings: enable_bitmapscan = 'off', enable_seqscan = 'off', max_parallel_workers_per_gather = '0'
 Planning:
   Buffers: shared hit=110
 Planning Time: 0.218 ms
 Execution Time: 1422.950 ms
(10 rows)

