SET
SET
SET
SET
SET
                                                                       QUERY PLAN                                                                        
---------------------------------------------------------------------------------------------------------------------------------------------------------
 Index Scan using idx on public.t (actual rows=3048576.00 loops=1)
   Output: a, b
   Index Cond: ((t.a >= '-3065834'::integer) AND (t.a <= '-17259'::integer))
   Index Searches: 1
   Prefetch: distance=62.629 count=127184 stalls=2919356 skipped=2912 resets=0 ungets=945 forwarded=1
             histogram [2,4) => 93724, [4,8) => 827, [8,16) => 20, [16,32) => 26, [32,64) => 70, [64,128) => 482, [128,256) => 18880, [256,512) => 13155
   Buffers: shared hit=2997297 read=56703
 Settings: enable_bitmapscan = 'off', enable_seqscan = 'off', max_parallel_workers_per_gather = '0'
 Planning:
   Buffers: shared hit=78 read=27
 Planning Time: 2.144 ms
 Execution Time: 2980.586 ms
(12 rows)

SET
SET
SET
SET
SET
                                             QUERY PLAN                                             
----------------------------------------------------------------------------------------------------
 Index Scan using idx on public.t (actual rows=3048576.00 loops=1)
   Output: a, b
   Index Cond: ((t.a >= '-3065834'::integer) AND (t.a <= '-17259'::integer))
   Index Searches: 1
   Buffers: shared hit=3054000
 Settings: enable_bitmapscan = 'off', enable_seqscan = 'off', max_parallel_workers_per_gather = '0'
 Planning:
   Buffers: shared hit=110
 Planning Time: 0.226 ms
 Execution Time: 462.873 ms
(10 rows)

