SET
SET
SET
SET
SET
                                                                        QUERY PLAN                                                                         
-----------------------------------------------------------------------------------------------------------------------------------------------------------
 Index Scan using idx on public.t (actual rows=7048576.00 loops=1)
   Output: a, b
   Index Cond: ((t.a >= '-7048996'::integer) AND (t.a <= '-421'::integer))
   Index Searches: 1
   Prefetch: distance=45.834 count=269439 stalls=6773344 skipped=6705 resets=0 ungets=965 forwarded=1
             histogram [2,4) => 217701, [4,8) => 1794, [8,16) => 13, [16,32) => 25, [32,64) => 52, [64,128) => 422, [128,256) => 30988, [256,512) => 18444
   Buffers: shared hit=6931238 read=129898
 Settings: enable_bitmapscan = 'off', enable_seqscan = 'off', max_parallel_workers_per_gather = '0'
 Planning:
   Buffers: shared hit=78 read=27
 Planning Time: 2.165 ms
 Execution Time: 6829.203 ms
(12 rows)

SET
SET
SET
SET
SET
                                             QUERY PLAN                                             
----------------------------------------------------------------------------------------------------
 Index Scan using idx on public.t (actual rows=7048576.00 loops=1)
   Output: a, b
   Index Cond: ((t.a >= '-7048996'::integer) AND (t.a <= '-421'::integer))
   Index Searches: 1
   Buffers: shared hit=7061136
 Settings: enable_bitmapscan = 'off', enable_seqscan = 'off', max_parallel_workers_per_gather = '0'
 Planning:
   Buffers: shared hit=110
 Planning Time: 0.221 ms
 Execution Time: 1048.744 ms
(10 rows)

