SET
SET
SET
SET
SET
                                                                QUERY PLAN                                                                
------------------------------------------------------------------------------------------------------------------------------------------
 Index Scan Backward using idx on public.t (actual rows=1024.00 loops=1)
   Output: a, b
   Index Cond: ((t.a >= '-16676'::integer) AND (t.a <= '-15653'::integer))
   Index Searches: 1
   Prefetch: distance=262.978 count=1111 stalls=4 skipped=0 resets=0 ungets=324 forwarded=0
             histogram [2,4) => 2, [4,8) => 5, [8,16) => 6, [16,32) => 14, [32,64) => 6, [64,128) => 2, [128,256) => 4, [256,512) => 1072
   Buffers: shared hit=490 read=543
 Settings: enable_bitmapscan = 'off', enable_seqscan = 'off', max_parallel_workers_per_gather = '0'
 Planning:
   Buffers: shared hit=86 read=27
 Planning Time: 1.584 ms
 Execution Time: 16.051 ms
(12 rows)

SET
SET
SET
SET
SET
                                             QUERY PLAN                                             
----------------------------------------------------------------------------------------------------
 Index Scan Backward using idx on public.t (actual rows=1024.00 loops=1)
   Output: a, b
   Index Cond: ((t.a >= '-16676'::integer) AND (t.a <= '-15653'::integer))
   Index Searches: 1
   Buffers: shared hit=1033
 Settings: enable_bitmapscan = 'off', enable_seqscan = 'off', max_parallel_workers_per_gather = '0'
 Planning:
   Buffers: shared hit=118
 Planning Time: 0.203 ms
 Execution Time: 0.621 ms
(10 rows)

