SET
SET
SET
SET
SET
                                                                 QUERY PLAN                                                                 
--------------------------------------------------------------------------------------------------------------------------------------------
 Index Scan Backward using idx on public.t (actual rows=2048.00 loops=1)
   Output: a, b
   Index Cond: ((t.a >= '-4613'::integer) AND (t.a <= '-2566'::integer))
   Index Searches: 1
   Prefetch: distance=263.613 count=2304 stalls=1 skipped=5 resets=0 ungets=406 forwarded=1
             histogram [2,4) => 2, [4,8) => 4, [8,16) => 9, [16,32) => 10, [32,64) => 4, [64,128) => 2, [128,256) => 201, [256,512) => 2072
   Buffers: shared hit=1512 read=543
 Settings: enable_bitmapscan = 'off', enable_seqscan = 'off', max_parallel_workers_per_gather = '0'
 Planning:
   Buffers: shared hit=86 read=27
 Planning Time: 2.156 ms
 Execution Time: 12.890 ms
(12 rows)

SET
SET
SET
SET
SET
                                             QUERY PLAN                                             
----------------------------------------------------------------------------------------------------
 Index Scan Backward using idx on public.t (actual rows=2048.00 loops=1)
   Output: a, b
   Index Cond: ((t.a >= '-4613'::integer) AND (t.a <= '-2566'::integer))
   Index Searches: 1
   Buffers: shared hit=2055
 Settings: enable_bitmapscan = 'off', enable_seqscan = 'off', max_parallel_workers_per_gather = '0'
 Planning:
   Buffers: shared hit=118
 Planning Time: 0.185 ms
 Execution Time: 0.774 ms
(10 rows)

