SET
SET
SET
SET
SET
                                                                 QUERY PLAN                                                                  
---------------------------------------------------------------------------------------------------------------------------------------------
 Index Scan Backward using idx on public.t (actual rows=8192.00 loops=1)
   Output: a, b
   Index Cond: ((t.a >= '-26652'::integer) AND (t.a <= '-18461'::integer))
   Index Searches: 1
   Prefetch: distance=249.393 count=8313 stalls=1 skipped=4 resets=0 ungets=479 forwarded=0
             histogram [2,4) => 4, [4,8) => 6, [8,16) => 8, [16,32) => 8, [32,64) => 12, [64,128) => 8, [128,256) => 3411, [256,512) => 4856
   Buffers: shared hit=7323 read=892
 Settings: enable_bitmapscan = 'off', enable_seqscan = 'off', max_parallel_workers_per_gather = '0'
 Planning:
   Buffers: shared hit=86 read=27
 Planning Time: 2.161 ms
 Execution Time: 25.894 ms
(12 rows)

SET
SET
SET
SET
SET
                                             QUERY PLAN                                             
----------------------------------------------------------------------------------------------------
 Index Scan Backward using idx on public.t (actual rows=8192.00 loops=1)
   Output: a, b
   Index Cond: ((t.a >= '-26652'::integer) AND (t.a <= '-18461'::integer))
   Index Searches: 1
   Buffers: shared hit=8215
 Settings: enable_bitmapscan = 'off', enable_seqscan = 'off', max_parallel_workers_per_gather = '0'
 Planning:
   Buffers: shared hit=118
 Planning Time: 0.203 ms
 Execution Time: 1.937 ms
(10 rows)

