SET
SET
SET
SET
SET
                                                                 QUERY PLAN                                                                  
---------------------------------------------------------------------------------------------------------------------------------------------
 Index Scan Backward using idx on public.t (actual rows=4096.00 loops=1)
   Output: a, b
   Index Cond: ((t.a >= '-21449'::integer) AND (t.a <= '-17354'::integer))
   Index Searches: 1
   Prefetch: distance=259.444 count=4212 stalls=3 skipped=3 resets=0 ungets=484 forwarded=0
             histogram [2,4) => 4, [4,8) => 7, [8,16) => 8, [16,32) => 11, [32,64) => 10, [64,128) => 5, [128,256) => 719, [256,512) => 3448
   Buffers: shared hit=3308 read=802
 Settings: enable_bitmapscan = 'off', enable_seqscan = 'off', max_parallel_workers_per_gather = '0'
 Planning:
   Buffers: shared hit=86 read=27
 Planning Time: 2.170 ms
 Execution Time: 24.238 ms
(12 rows)

SET
SET
SET
SET
SET
                                             QUERY PLAN                                             
----------------------------------------------------------------------------------------------------
 Index Scan Backward using idx on public.t (actual rows=4096.00 loops=1)
   Output: a, b
   Index Cond: ((t.a >= '-21449'::integer) AND (t.a <= '-17354'::integer))
   Index Searches: 1
   Buffers: shared hit=4110
 Settings: enable_bitmapscan = 'off', enable_seqscan = 'off', max_parallel_workers_per_gather = '0'
 Planning:
   Buffers: shared hit=118
 Planning Time: 0.207 ms
 Execution Time: 1.259 ms
(10 rows)

