SET
SET
SET
SET
SET
                                                                        QUERY PLAN                                                                         
-----------------------------------------------------------------------------------------------------------------------------------------------------------
 Index Scan Backward using idx on public.t (actual rows=5048576.00 loops=1)
   Output: a, b
   Index Cond: ((t.a >= '-5077590'::integer) AND (t.a <= '-29015'::integer))
   Index Searches: 1
   Prefetch: distance=45.609 count=193712 stalls=4850866 skipped=4777 resets=0 ungets=826 forwarded=2
             histogram [2,4) => 156622, [4,8) => 1316, [8,16) => 13, [16,32) => 26, [32,64) => 36, [64,128) => 331, [128,256) => 22063, [256,512) => 13305
   Buffers: shared hit=4964080 read=93519
 Settings: enable_bitmapscan = 'off', enable_seqscan = 'off', max_parallel_workers_per_gather = '0'
 Planning:
   Buffers: shared hit=82 read=27
 Planning Time: 2.162 ms
 Execution Time: 1787.822 ms
(12 rows)

SET
SET
SET
SET
SET
                                             QUERY PLAN                                             
----------------------------------------------------------------------------------------------------
 Index Scan Backward using idx on public.t (actual rows=5048576.00 loops=1)
   Output: a, b
   Index Cond: ((t.a >= '-5077590'::integer) AND (t.a <= '-29015'::integer))
   Index Searches: 1
   Buffers: shared hit=5057599
 Settings: enable_bitmapscan = 'off', enable_seqscan = 'off', max_parallel_workers_per_gather = '0'
 Planning:
   Buffers: shared hit=114
 Planning Time: 0.247 ms
 Execution Time: 750.726 ms
(10 rows)

