SET
SET
SET
SET
SET
                                                                      QUERY PLAN                                                                      
------------------------------------------------------------------------------------------------------------------------------------------------------
 Index Scan Backward using idx on public.t (actual rows=65536.00 loops=1)
   Output: a, b
   Index Cond: ((t.a >= '-80567'::integer) AND (t.a <= '-15032'::integer))
   Index Searches: 1
   Prefetch: distance=234.383 count=49975 stalls=15979 skipped=66 resets=0 ungets=606 forwarded=0
             histogram [2,4) => 516, [4,8) => 10, [8,16) => 16, [16,32) => 29, [32,64) => 34, [64,128) => 497, [128,256) => 31736, [256,512) => 17137
   Buffers: shared hit=63748 read=1907
 Settings: enable_bitmapscan = 'off', enable_seqscan = 'off', max_parallel_workers_per_gather = '0'
 Planning:
   Buffers: shared hit=86 read=27
 Planning Time: 2.128 ms
 Execution Time: 40.506 ms
(12 rows)

SET
SET
SET
SET
SET
                                             QUERY PLAN                                             
----------------------------------------------------------------------------------------------------
 Index Scan Backward using idx on public.t (actual rows=65536.00 loops=1)
   Output: a, b
   Index Cond: ((t.a >= '-80567'::integer) AND (t.a <= '-15032'::integer))
   Index Searches: 1
   Buffers: shared hit=65655
 Settings: enable_bitmapscan = 'off', enable_seqscan = 'off', max_parallel_workers_per_gather = '0'
 Planning:
   Buffers: shared hit=118
 Planning Time: 0.259 ms
 Execution Time: 7.020 ms
(10 rows)

