SET
SET
SET
SET
SET
                                                                      QUERY PLAN                                                                       
-------------------------------------------------------------------------------------------------------------------------------------------------------
 Index Scan Backward using idx on public.t (actual rows=131072.00 loops=1)
   Output: a, b
   Index Cond: ((t.a >= '-136254'::integer) AND (t.a <= '-5183'::integer))
   Index Searches: 1
   Prefetch: distance=227.254 count=61592 stalls=69742 skipped=162 resets=0 ungets=513 forwarded=0
             histogram [2,4) => 2260, [4,8) => 37, [8,16) => 14, [16,32) => 25, [32,64) => 35, [64,128) => 514, [128,256) => 39192, [256,512) => 19515
   Buffers: shared hit=128291 read=2983
 Settings: enable_bitmapscan = 'off', enable_seqscan = 'off', max_parallel_workers_per_gather = '0'
 Planning:
   Buffers: shared hit=86 read=27
 Planning Time: 2.251 ms
 Execution Time: 62.264 ms
(12 rows)

SET
SET
SET
SET
SET
                                             QUERY PLAN                                             
----------------------------------------------------------------------------------------------------
 Index Scan Backward using idx on public.t (actual rows=131072.00 loops=1)
   Output: a, b
   Index Cond: ((t.a >= '-136254'::integer) AND (t.a <= '-5183'::integer))
   Index Searches: 1
   Buffers: shared hit=131274
 Settings: enable_bitmapscan = 'off', enable_seqscan = 'off', max_parallel_workers_per_gather = '0'
 Planning:
   Buffers: shared hit=118
 Planning Time: 0.185 ms
 Execution Time: 14.447 ms
(10 rows)

