SET
SET
SET
SET
SET
                                                                       QUERY PLAN                                                                        
---------------------------------------------------------------------------------------------------------------------------------------------------------
 Index Scan Backward using idx on public.t (actual rows=3048576.00 loops=1)
   Output: a, b
   Index Cond: ((t.a >= '-3059050'::integer) AND (t.a <= '-10475'::integer))
   Index Searches: 1
   Prefetch: distance=86.932 count=148093 stalls=2897702 skipped=2919 resets=0 ungets=425 forwarded=3
             histogram [2,4) => 93578, [4,8) => 791, [8,16) => 12, [16,32) => 34, [32,64) => 34, [64,128) => 500, [128,256) => 35231, [256,512) => 17913
   Buffers: shared hit=2997376 read=56616
 Settings: enable_bitmapscan = 'off', enable_seqscan = 'off', max_parallel_workers_per_gather = '0'
 Planning:
   Buffers: shared hit=82 read=27
 Planning Time: 2.167 ms
 Execution Time: 1100.758 ms
(12 rows)

SET
SET
SET
SET
SET
                                             QUERY PLAN                                             
----------------------------------------------------------------------------------------------------
 Index Scan Backward using idx on public.t (actual rows=3048576.00 loops=1)
   Output: a, b
   Index Cond: ((t.a >= '-3059050'::integer) AND (t.a <= '-10475'::integer))
   Index Searches: 1
   Buffers: shared hit=3053992
 Settings: enable_bitmapscan = 'off', enable_seqscan = 'off', max_parallel_workers_per_gather = '0'
 Planning:
   Buffers: shared hit=114
 Planning Time: 0.223 ms
 Execution Time: 450.321 ms
(10 rows)

