SET
SET
SET
SET
SET
                                                                       QUERY PLAN                                                                        
---------------------------------------------------------------------------------------------------------------------------------------------------------
 Index Scan Backward using idx on public.t (actual rows=1048576.00 loops=1)
   Output: a, b
   Index Cond: ((t.a >= '-1059194'::integer) AND (t.a <= '-10619'::integer))
   Index Searches: 1
   Prefetch: distance=149.970 count=85237 stalls=962763 skipped=976 resets=0 ungets=543 forwarded=3
             histogram [2,4) => 31102, [4,8) => 286, [8,16) => 18, [16,32) => 26, [32,64) => 36, [64,128) => 500, [128,256) => 35187, [256,512) => 18082
   Buffers: shared hit=1030568 read=19903
 Settings: enable_bitmapscan = 'off', enable_seqscan = 'off', max_parallel_workers_per_gather = '0'
 Planning:
   Buffers: shared hit=82 read=27
 Planning Time: 2.151 ms
 Execution Time: 392.248 ms
(12 rows)

SET
SET
SET
SET
SET
                                             QUERY PLAN                                             
----------------------------------------------------------------------------------------------------
 Index Scan Backward using idx on public.t (actual rows=1048576.00 loops=1)
   Output: a, b
   Index Cond: ((t.a >= '-1059194'::integer) AND (t.a <= '-10619'::integer))
   Index Searches: 1
   Buffers: shared hit=1050471
 Settings: enable_bitmapscan = 'off', enable_seqscan = 'off', max_parallel_workers_per_gather = '0'
 Planning:
   Buffers: shared hit=114
 Planning Time: 0.216 ms
 Execution Time: 157.188 ms
(10 rows)

