SET
SET
SET
SET
SET
                                                                       QUERY PLAN                                                                        
---------------------------------------------------------------------------------------------------------------------------------------------------------
 Index Scan Backward using idx on public.t (actual rows=2048576.00 loops=1)
   Output: a, b
   Index Cond: ((t.a >= '-2061935'::integer) AND (t.a <= '-13360'::integer))
   Index Searches: 1
   Prefetch: distance=106.608 count=113751 stalls=1932963 skipped=1938 resets=0 ungets=406 forwarded=1
             histogram [2,4) => 62412, [4,8) => 545, [8,16) => 16, [16,32) => 24, [32,64) => 45, [64,128) => 499, [128,256) => 33114, [256,512) => 17096
   Buffers: shared hit=2013951 read=38290
 Settings: enable_bitmapscan = 'off', enable_seqscan = 'off', max_parallel_workers_per_gather = '0'
 Planning:
   Buffers: shared hit=82 read=27
 Planning Time: 2.139 ms
 Execution Time: 743.577 ms
(12 rows)

SET
SET
SET
SET
SET
                                             QUERY PLAN                                             
----------------------------------------------------------------------------------------------------
 Index Scan Backward using idx on public.t (actual rows=2048576.00 loops=1)
   Output: a, b
   Index Cond: ((t.a >= '-2061935'::integer) AND (t.a <= '-13360'::integer))
   Index Searches: 1
   Buffers: shared hit=2052241
 Settings: enable_bitmapscan = 'off', enable_seqscan = 'off', max_parallel_workers_per_gather = '0'
 Planning:
   Buffers: shared hit=114
 Planning Time: 0.216 ms
 Execution Time: 301.740 ms
(10 rows)

