SET
SET
SET
SET
SET
                                                                        QUERY PLAN                                                                         
-----------------------------------------------------------------------------------------------------------------------------------------------------------
 Index Scan Backward using idx on public.t (actual rows=9048576.00 loops=1)
   Output: a, b
   Index Cond: ((t.a >= '-9055672'::integer) AND (t.a <= '-7097'::integer))
   Index Searches: 1
   Prefetch: distance=41.545 count=340728 stalls=8699941 skipped=8512 resets=0 ungets=610 forwarded=1
             histogram [2,4) => 280894, [4,8) => 2351, [8,16) => 14, [16,32) => 25, [32,64) => 34, [64,128) => 550, [128,256) => 37652, [256,512) => 19208
   Buffers: shared hit=8898088 read=166705
 Settings: enable_bitmapscan = 'off', enable_seqscan = 'off', max_parallel_workers_per_gather = '0'
 Planning:
   Buffers: shared hit=82 read=27
 Planning Time: 2.164 ms
 Execution Time: 3181.740 ms
(12 rows)

SET
SET
SET
SET
SET
                                             QUERY PLAN                                             
----------------------------------------------------------------------------------------------------
 Index Scan Backward using idx on public.t (actual rows=9048576.00 loops=1)
   Output: a, b
   Index Cond: ((t.a >= '-9055672'::integer) AND (t.a <= '-7097'::integer))
   Index Searches: 1
   Buffers: shared hit=9064793
 Settings: enable_bitmapscan = 'off', enable_seqscan = 'off', max_parallel_workers_per_gather = '0'
 Planning:
   Buffers: shared hit=114
 Planning Time: 0.270 ms
 Execution Time: 1341.784 ms
(10 rows)

