SET
SET
SET
SET
SET
                                                                        QUERY PLAN                                                                         
-----------------------------------------------------------------------------------------------------------------------------------------------------------
 Index Scan Backward using idx on public.t (actual rows=6048576.00 loops=1)
   Output: a, b
   Index Cond: ((t.a >= '-6052498'::integer) AND (t.a <= '-3923'::integer))
   Index Searches: 1
   Prefetch: distance=58.545 count=248885 stalls=5794051 skipped=5745 resets=0 ungets=356 forwarded=1
             histogram [2,4) => 187110, [4,8) => 1548, [8,16) => 18, [16,32) => 28, [32,64) => 35, [64,128) => 514, [128,256) => 40221, [256,512) => 19411
   Buffers: shared hit=5947764 read=111599
 Settings: enable_bitmapscan = 'off', enable_seqscan = 'off', max_parallel_workers_per_gather = '0'
 Planning:
   Buffers: shared hit=82 read=27
 Planning Time: 2.149 ms
 Execution Time: 2154.600 ms
(12 rows)

SET
SET
SET
SET
SET
                                             QUERY PLAN                                             
----------------------------------------------------------------------------------------------------
 Index Scan Backward using idx on public.t (actual rows=6048576.00 loops=1)
   Output: a, b
   Index Cond: ((t.a >= '-6052498'::integer) AND (t.a <= '-3923'::integer))
   Index Searches: 1
   Buffers: shared hit=6059363
 Settings: enable_bitmapscan = 'off', enable_seqscan = 'off', max_parallel_workers_per_gather = '0'
 Planning:
   Buffers: shared hit=114
 Planning Time: 0.218 ms
 Execution Time: 898.708 ms
(10 rows)

