SET
SET
SET
SET
SET
                                                                        QUERY PLAN                                                                         
-----------------------------------------------------------------------------------------------------------------------------------------------------------
 Index Scan Backward using idx on public.t (actual rows=7048576.00 loops=1)
   Output: a, b
   Index Cond: ((t.a >= '-7069130'::integer) AND (t.a <= '-20555'::integer))
   Index Searches: 1
   Prefetch: distance=41.298 count=264823 stalls=6777703 skipped=6676 resets=0 ungets=715 forwarded=1
             histogram [2,4) => 218842, [4,8) => 1820, [8,16) => 19, [16,32) => 25, [32,64) => 34, [64,128) => 341, [128,256) => 28159, [256,512) => 15583
   Buffers: shared hit=6931005 read=130160
 Settings: enable_bitmapscan = 'off', enable_seqscan = 'off', max_parallel_workers_per_gather = '0'
 Planning:
   Buffers: shared hit=82 read=27
 Planning Time: 2.239 ms
 Execution Time: 2513.520 ms
(12 rows)

SET
SET
SET
SET
SET
                                             QUERY PLAN                                             
----------------------------------------------------------------------------------------------------
 Index Scan Backward using idx on public.t (actual rows=7048576.00 loops=1)
   Output: a, b
   Index Cond: ((t.a >= '-7069130'::integer) AND (t.a <= '-20555'::integer))
   Index Searches: 1
   Buffers: shared hit=7061165
 Settings: enable_bitmapscan = 'off', enable_seqscan = 'off', max_parallel_workers_per_gather = '0'
 Planning:
   Buffers: shared hit=114
 Planning Time: 0.227 ms
 Execution Time: 1045.785 ms
(10 rows)

