SET
SET
SET
SET
SET
                                                               QUERY PLAN                                                                
-----------------------------------------------------------------------------------------------------------------------------------------
 Index Scan Backward using idx on public.t (actual rows=1024.00 loops=1)
   Output: a, b
   Index Cond: ((t.a >= '-30828'::integer) AND (t.a <= '-29805'::integer))
   Index Searches: 1
   Prefetch: distance=261.919 count=958 stalls=1 skipped=0 resets=0 ungets=290 forwarded=0
             histogram [2,4) => 2, [4,8) => 5, [8,16) => 7, [16,32) => 16, [32,64) => 2, [64,128) => 3, [128,256) => 4, [256,512) => 919
   Buffers: shared hit=423 read=607
 Settings: enable_bitmapscan = 'off', enable_seqscan = 'off', max_parallel_workers_per_gather = '0'
 Planning:
   Buffers: shared hit=86 read=27
 Planning Time: 1.605 ms
 Execution Time: 22.844 ms
(12 rows)

SET
SET
SET
SET
SET
                                             QUERY PLAN                                             
----------------------------------------------------------------------------------------------------
 Index Scan Backward using idx on public.t (actual rows=1024.00 loops=1)
   Output: a, b
   Index Cond: ((t.a >= '-30828'::integer) AND (t.a <= '-29805'::integer))
   Index Searches: 1
   Buffers: shared hit=1030
 Settings: enable_bitmapscan = 'off', enable_seqscan = 'off', max_parallel_workers_per_gather = '0'
 Planning:
   Buffers: shared hit=118
 Planning Time: 0.198 ms
 Execution Time: 0.661 ms
(10 rows)

