SET
SET
SET
SET
SET
                                                                      QUERY PLAN                                                                      
------------------------------------------------------------------------------------------------------------------------------------------------------
 Index Scan Backward using idx on public.t (actual rows=65536.00 loops=1)
   Output: a, b
   Index Cond: ((t.a >= '-73450'::integer) AND (t.a <= '-7915'::integer))
   Index Searches: 1
   Prefetch: distance=234.634 count=56582 stalls=8990 skipped=79 resets=0 ungets=400 forwarded=0
             histogram [2,4) => 302, [4,8) => 18, [8,16) => 18, [16,32) => 25, [32,64) => 41, [64,128) => 507, [128,256) => 36979, [256,512) => 18692
   Buffers: shared hit=63817 read=1822
 Settings: enable_bitmapscan = 'off', enable_seqscan = 'off', max_parallel_workers_per_gather = '0'
 Planning:
   Buffers: shared hit=86 read=27
 Planning Time: 2.169 ms
 Execution Time: 46.555 ms
(12 rows)

SET
SET
SET
SET
SET
                                             QUERY PLAN                                             
----------------------------------------------------------------------------------------------------
 Index Scan Backward using idx on public.t (actual rows=65536.00 loops=1)
   Output: a, b
   Index Cond: ((t.a >= '-73450'::integer) AND (t.a <= '-7915'::integer))
   Index Searches: 1
   Buffers: shared hit=65639
 Settings: enable_bitmapscan = 'off', enable_seqscan = 'off', max_parallel_workers_per_gather = '0'
 Planning:
   Buffers: shared hit=118
 Planning Time: 0.203 ms
 Execution Time: 10.470 ms
(10 rows)

