SET
SET
SET
SET
SET
                                                                QUERY PLAN                                                                 
-------------------------------------------------------------------------------------------------------------------------------------------
 Index Scan Backward using idx on public.t (actual rows=4096.00 loops=1)
   Output: a, b
   Index Cond: ((t.a >= '-27684'::integer) AND (t.a <= '-23589'::integer))
   Index Searches: 1
   Prefetch: distance=261.810 count=4280 stalls=2 skipped=3 resets=0 ungets=538 forwarded=0
             histogram [2,4) => 6, [4,8) => 7, [8,16) => 5, [16,32) => 8, [32,64) => 6, [64,128) => 2, [128,256) => 694, [256,512) => 3552
   Buffers: shared hit=3242 read=868
 Settings: enable_bitmapscan = 'off', enable_seqscan = 'off', max_parallel_workers_per_gather = '0'
 Planning:
   Buffers: shared hit=86 read=27
 Planning Time: 2.138 ms
 Execution Time: 26.133 ms
(12 rows)

SET
SET
SET
SET
SET
                                             QUERY PLAN                                             
----------------------------------------------------------------------------------------------------
 Index Scan Backward using idx on public.t (actual rows=4096.00 loops=1)
   Output: a, b
   Index Cond: ((t.a >= '-27684'::integer) AND (t.a <= '-23589'::integer))
   Index Searches: 1
   Buffers: shared hit=4110
 Settings: enable_bitmapscan = 'off', enable_seqscan = 'off', max_parallel_workers_per_gather = '0'
 Planning:
   Buffers: shared hit=118
 Planning Time: 0.178 ms
 Execution Time: 0.682 ms
(10 rows)

