SET
SET
SET
SET
SET
                                                                  QUERY PLAN                                                                   
-----------------------------------------------------------------------------------------------------------------------------------------------
 Index Scan Backward using idx on public.t (actual rows=16384.00 loops=1)
   Output: a, b
   Index Cond: ((t.a >= '-34832'::integer) AND (t.a <= '-18449'::integer))
   Index Searches: 1
   Prefetch: distance=242.794 count=16466 stalls=1 skipped=15 resets=0 ungets=463 forwarded=0
             histogram [2,4) => 4, [4,8) => 6, [8,16) => 8, [16,32) => 12, [32,64) => 12, [64,128) => 45, [128,256) => 9135, [256,512) => 7244
   Buffers: shared hit=15373 read=1045
 Settings: enable_bitmapscan = 'off', enable_seqscan = 'off', max_parallel_workers_per_gather = '0'
 Planning:
   Buffers: shared hit=86 read=27
 Planning Time: 2.150 ms
 Execution Time: 27.065 ms
(12 rows)

SET
SET
SET
SET
SET
                                             QUERY PLAN                                             
----------------------------------------------------------------------------------------------------
 Index Scan Backward using idx on public.t (actual rows=16384.00 loops=1)
   Output: a, b
   Index Cond: ((t.a >= '-34832'::integer) AND (t.a <= '-18449'::integer))
   Index Searches: 1
   Buffers: shared hit=16418
 Settings: enable_bitmapscan = 'off', enable_seqscan = 'off', max_parallel_workers_per_gather = '0'
 Planning:
   Buffers: shared hit=118
 Planning Time: 0.187 ms
 Execution Time: 3.307 ms
(10 rows)

