SET
SET
SET
SET
SET
                                                                    QUERY PLAN                                                                    
--------------------------------------------------------------------------------------------------------------------------------------------------
 Index Scan Backward using idx on public.t (actual rows=32768.00 loops=1)
   Output: a, b
   Index Cond: ((t.a >= '-37350'::integer) AND (t.a <= '-4583'::integer))
   Index Searches: 1
   Prefetch: distance=237.732 count=32758 stalls=1 skipped=49 resets=0 ungets=363 forwarded=0
             histogram [2,4) => 6, [4,8) => 5, [8,16) => 9, [16,32) => 13, [32,64) => 18, [64,128) => 203, [128,256) => 20958, [256,512) => 11546
   Buffers: shared hit=31641 read=1173
 Settings: enable_bitmapscan = 'off', enable_seqscan = 'off', max_parallel_workers_per_gather = '0'
 Planning:
   Buffers: shared hit=86 read=27
 Planning Time: 2.149 ms
 Execution Time: 27.043 ms
(12 rows)

SET
SET
SET
SET
SET
                                             QUERY PLAN                                             
----------------------------------------------------------------------------------------------------
 Index Scan Backward using idx on public.t (actual rows=32768.00 loops=1)
   Output: a, b
   Index Cond: ((t.a >= '-37350'::integer) AND (t.a <= '-4583'::integer))
   Index Searches: 1
   Buffers: shared hit=32814
 Settings: enable_bitmapscan = 'off', enable_seqscan = 'off', max_parallel_workers_per_gather = '0'
 Planning:
   Buffers: shared hit=118
 Planning Time: 0.207 ms
 Execution Time: 5.478 ms
(10 rows)

