SET
SET
SET
SET
SET
                                                                       QUERY PLAN                                                                        
---------------------------------------------------------------------------------------------------------------------------------------------------------
 Index Scan Backward using idx on public.t (actual rows=3048576.00 loops=1)
   Output: a, b
   Index Cond: ((t.a >= '-3052226'::integer) AND (t.a <= '-3651'::integer))
   Index Searches: 1
   Prefetch: distance=93.577 count=154729 stalls=2891192 skipped=2931 resets=0 ungets=433 forwarded=1
             histogram [2,4) => 93364, [4,8) => 775, [8,16) => 13, [16,32) => 30, [32,64) => 35, [64,128) => 543, [128,256) => 40247, [256,512) => 19722
   Buffers: shared hit=2997457 read=56522
 Settings: enable_bitmapscan = 'off', enable_seqscan = 'off', max_parallel_workers_per_gather = '0'
 Planning:
   Buffers: shared hit=82 read=27
 Planning Time: 2.166 ms
 Execution Time: 1114.322 ms
(12 rows)

SET
SET
SET
SET
SET
                                             QUERY PLAN                                             
----------------------------------------------------------------------------------------------------
 Index Scan Backward using idx on public.t (actual rows=3048576.00 loops=1)
   Output: a, b
   Index Cond: ((t.a >= '-3052226'::integer) AND (t.a <= '-3651'::integer))
   Index Searches: 1
   Buffers: shared hit=3053979
 Settings: enable_bitmapscan = 'off', enable_seqscan = 'off', max_parallel_workers_per_gather = '0'
 Planning:
   Buffers: shared hit=114
 Planning Time: 0.202 ms
 Execution Time: 453.813 ms
(10 rows)

