SET
SET
SET
SET
SET
                                                                       QUERY PLAN                                                                        
---------------------------------------------------------------------------------------------------------------------------------------------------------
 Index Scan Backward using idx on public.t (actual rows=524288.00 loops=1)
   Output: a, b
   Index Cond: ((t.a >= '-542923'::integer) AND (t.a <= '-18636'::integer))
   Index Searches: 1
   Prefetch: distance=178.870 count=60978 stalls=463210 skipped=509 resets=0 ungets=587 forwarded=0
             histogram [2,4) => 14968, [4,8) => 153, [8,16) => 17, [16,32) => 24, [32,64) => 34, [64,128) => 345, [128,256) => 29536, [256,512) => 15901
   Buffers: shared hit=514848 read=10369
 Settings: enable_bitmapscan = 'off', enable_seqscan = 'off', max_parallel_workers_per_gather = '0'
 Planning:
   Buffers: shared hit=82 read=27
 Planning Time: 2.149 ms
 Execution Time: 203.762 ms
(12 rows)

SET
SET
SET
SET
SET
                                             QUERY PLAN                                             
----------------------------------------------------------------------------------------------------
 Index Scan Backward using idx on public.t (actual rows=524288.00 loops=1)
   Output: a, b
   Index Cond: ((t.a >= '-542923'::integer) AND (t.a <= '-18636'::integer))
   Index Searches: 1
   Buffers: shared hit=525217
 Settings: enable_bitmapscan = 'off', enable_seqscan = 'off', max_parallel_workers_per_gather = '0'
 Planning:
   Buffers: shared hit=114
 Planning Time: 0.182 ms
 Execution Time: 81.618 ms
(10 rows)

