SET
SET
SET
SET
SET
                                                                       QUERY PLAN                                                                        
---------------------------------------------------------------------------------------------------------------------------------------------------------
 Index Scan Backward using idx on public.t (actual rows=2048576.00 loops=1)
   Output: a, b
   Index Cond: ((t.a >= '-2049923'::integer) AND (t.a <= '-1348'::integer))
   Index Searches: 1
   Prefetch: distance=118.732 count=125334 stalls=1921344 skipped=1958 resets=0 ungets=324 forwarded=1
             histogram [2,4) => 62044, [4,8) => 548, [8,16) => 16, [16,32) => 25, [32,64) => 40, [64,128) => 525, [128,256) => 42278, [256,512) => 19858
   Buffers: shared hit=2014097 read=38123
 Settings: enable_bitmapscan = 'off', enable_seqscan = 'off', max_parallel_workers_per_gather = '0'
 Planning:
   Buffers: shared hit=82 read=27
 Planning Time: 2.131 ms
 Execution Time: 750.951 ms
(12 rows)

SET
SET
SET
SET
SET
                                             QUERY PLAN                                             
----------------------------------------------------------------------------------------------------
 Index Scan Backward using idx on public.t (actual rows=2048576.00 loops=1)
   Output: a, b
   Index Cond: ((t.a >= '-2049923'::integer) AND (t.a <= '-1348'::integer))
   Index Searches: 1
   Buffers: shared hit=2052220
 Settings: enable_bitmapscan = 'off', enable_seqscan = 'off', max_parallel_workers_per_gather = '0'
 Planning:
   Buffers: shared hit=114
 Planning Time: 0.220 ms
 Execution Time: 305.621 ms
(10 rows)

