SET
SET
SET
SET
SET
                                                                        QUERY PLAN                                                                         
-----------------------------------------------------------------------------------------------------------------------------------------------------------
 Index Scan Backward using idx on public.t (actual rows=7048576.00 loops=1)
   Output: a, b
   Index Cond: ((t.a >= '-7072135'::integer) AND (t.a <= '-23560'::integer))
   Index Searches: 1
   Prefetch: distance=39.263 count=262090 stalls=6780617 skipped=6680 resets=0 ungets=823 forwarded=2
             histogram [2,4) => 218928, [4,8) => 1819, [8,16) => 14, [16,32) => 25, [32,64) => 34, [64,128) => 279, [128,256) => 25993, [256,512) => 14998
   Buffers: shared hit=6930971 read=130190
 Settings: enable_bitmapscan = 'off', enable_seqscan = 'off', max_parallel_workers_per_gather = '0'
 Planning:
   Buffers: shared hit=82 read=27
 Planning Time: 2.139 ms
 Execution Time: 2501.036 ms
(12 rows)

SET
SET
SET
SET
SET
                                             QUERY PLAN                                             
----------------------------------------------------------------------------------------------------
 Index Scan Backward using idx on public.t (actual rows=7048576.00 loops=1)
   Output: a, b
   Index Cond: ((t.a >= '-7072135'::integer) AND (t.a <= '-23560'::integer))
   Index Searches: 1
   Buffers: shared hit=7061161
 Settings: enable_bitmapscan = 'off', enable_seqscan = 'off', max_parallel_workers_per_gather = '0'
 Planning:
   Buffers: shared hit=114
 Planning Time: 0.234 ms
 Execution Time: 1041.122 ms
(10 rows)

