SET
SET
SET
SET
SET
                                                                        QUERY PLAN                                                                         
-----------------------------------------------------------------------------------------------------------------------------------------------------------
 Index Scan Backward using idx on public.t (actual rows=9048576.00 loops=1)
   Output: a, b
   Index Cond: ((t.a >= '-9061495'::integer) AND (t.a <= '-12920'::integer))
   Index Searches: 1
   Prefetch: distance=38.224 count=335123 stalls=8705568 skipped=8497 resets=0 ungets=650 forwarded=1
             histogram [2,4) => 281084, [4,8) => 2351, [8,16) => 14, [16,32) => 28, [32,64) => 34, [64,128) => 524, [128,256) => 33311, [256,512) => 17777
   Buffers: shared hit=8898024 read=166784
 Settings: enable_bitmapscan = 'off', enable_seqscan = 'off', max_parallel_workers_per_gather = '0'
 Planning:
   Buffers: shared hit=82 read=27
 Planning Time: 2.165 ms
 Execution Time: 3204.824 ms
(12 rows)

SET
SET
SET
SET
SET
                                             QUERY PLAN                                             
----------------------------------------------------------------------------------------------------
 Index Scan Backward using idx on public.t (actual rows=9048576.00 loops=1)
   Output: a, b
   Index Cond: ((t.a >= '-9061495'::integer) AND (t.a <= '-12920'::integer))
   Index Searches: 1
   Buffers: shared hit=9064808
 Settings: enable_bitmapscan = 'off', enable_seqscan = 'off', max_parallel_workers_per_gather = '0'
 Planning:
   Buffers: shared hit=114
 Planning Time: 0.220 ms
 Execution Time: 1376.241 ms
(10 rows)

