SET
SET
SET
SET
SET
                                                                QUERY PLAN                                                                
------------------------------------------------------------------------------------------------------------------------------------------
 Index Scan Backward using idx on public.t (actual rows=1024.00 loops=1)
   Output: a, b
   Index Cond: ((t.a >= '-4440'::integer) AND (t.a <= '-3417'::integer))
   Index Searches: 1
   Prefetch: distance=265.909 count=1396 stalls=1 skipped=5 resets=0 ungets=403 forwarded=1
             histogram [2,4) => 2, [4,8) => 4, [8,16) => 10, [16,32) => 7, [32,64) => 2, [64,128) => 2, [128,256) => 3, [256,512) => 1366
   Buffers: shared hit=587 read=441
 Settings: enable_bitmapscan = 'off', enable_seqscan = 'off', max_parallel_workers_per_gather = '0'
 Planning:
   Buffers: shared hit=86 read=27
 Planning Time: 1.679 ms
 Execution Time: 4.893 ms
(12 rows)

SET
SET
SET
SET
SET
                                             QUERY PLAN                                             
----------------------------------------------------------------------------------------------------
 Index Scan Backward using idx on public.t (actual rows=1024.00 loops=1)
   Output: a, b
   Index Cond: ((t.a >= '-4440'::integer) AND (t.a <= '-3417'::integer))
   Index Searches: 1
   Buffers: shared hit=1028
 Settings: enable_bitmapscan = 'off', enable_seqscan = 'off', max_parallel_workers_per_gather = '0'
 Planning:
   Buffers: shared hit=118
 Planning Time: 0.136 ms
 Execution Time: 0.271 ms
(10 rows)

