SET
SET
SET
SET
SET
                                                                   QUERY PLAN                                                                   
------------------------------------------------------------------------------------------------------------------------------------------------
 Index Scan Backward using idx on public.t (actual rows=32768.00 loops=1)
   Output: a, b
   Index Cond: ((t.a >= '-51094'::integer) AND (t.a <= '-18327'::integer))
   Index Searches: 1
   Prefetch: distance=239.664 count=33245 stalls=2 skipped=35 resets=0 ungets=635 forwarded=0
             histogram [2,4) => 4, [4,8) => 6, [8,16) => 6, [16,32) => 8, [32,64) => 5, [64,128) => 167, [128,256) => 20513, [256,512) => 12536
   Buffers: shared hit=31483 read=1346
 Settings: enable_bitmapscan = 'off', enable_seqscan = 'off', max_parallel_workers_per_gather = '0'
 Planning:
   Buffers: shared hit=86 read=27
 Planning Time: 2.267 ms
 Execution Time: 27.777 ms
(12 rows)

SET
SET
SET
SET
SET
                                             QUERY PLAN                                             
----------------------------------------------------------------------------------------------------
 Index Scan Backward using idx on public.t (actual rows=32768.00 loops=1)
   Output: a, b
   Index Cond: ((t.a >= '-51094'::integer) AND (t.a <= '-18327'::integer))
   Index Searches: 1
   Buffers: shared hit=32829
 Settings: enable_bitmapscan = 'off', enable_seqscan = 'off', max_parallel_workers_per_gather = '0'
 Planning:
   Buffers: shared hit=118
 Planning Time: 0.184 ms
 Execution Time: 3.334 ms
(10 rows)

