SET
SET
SET
SET
SET
                                                                      QUERY PLAN                                                                       
-------------------------------------------------------------------------------------------------------------------------------------------------------
 Index Scan Backward using idx on public.t (actual rows=131072.00 loops=1)
   Output: a, b
   Index Cond: ((t.a >= '-136869'::integer) AND (t.a <= '-5798'::integer))
   Index Searches: 1
   Prefetch: distance=226.998 count=60696 stalls=70425 skipped=161 resets=0 ungets=416 forwarded=0
             histogram [2,4) => 2290, [4,8) => 26, [8,16) => 14, [16,32) => 30, [32,64) => 34, [64,128) => 544, [128,256) => 38682, [256,512) => 19076
   Buffers: shared hit=128281 read=2993
 Settings: enable_bitmapscan = 'off', enable_seqscan = 'off', max_parallel_workers_per_gather = '0'
 Planning:
   Buffers: shared hit=86 read=27
 Planning Time: 2.158 ms
 Execution Time: 70.920 ms
(12 rows)

SET
SET
SET
SET
SET
                                             QUERY PLAN                                             
----------------------------------------------------------------------------------------------------
 Index Scan Backward using idx on public.t (actual rows=131072.00 loops=1)
   Output: a, b
   Index Cond: ((t.a >= '-136869'::integer) AND (t.a <= '-5798'::integer))
   Index Searches: 1
   Buffers: shared hit=131274
 Settings: enable_bitmapscan = 'off', enable_seqscan = 'off', max_parallel_workers_per_gather = '0'
 Planning:
   Buffers: shared hit=118
 Planning Time: 0.236 ms
 Execution Time: 14.297 ms
(10 rows)

