SET
SET
SET
SET
SET
                                                                 QUERY PLAN                                                                 
--------------------------------------------------------------------------------------------------------------------------------------------
 Index Scan Backward using idx on public.t (actual rows=2048.00 loops=1)
   Output: a, b
   Index Cond: ((t.a >= '-11844'::integer) AND (t.a <= '-9797'::integer))
   Index Searches: 1
   Prefetch: distance=264.060 count=2244 stalls=1 skipped=6 resets=0 ungets=436 forwarded=1
             histogram [2,4) => 4, [4,8) => 7, [8,16) => 8, [16,32) => 11, [32,64) => 5, [64,128) => 2, [128,256) => 106, [256,512) => 2101
   Buffers: shared hit=1416 read=636
 Settings: enable_bitmapscan = 'off', enable_seqscan = 'off', max_parallel_workers_per_gather = '0'
 Planning:
   Buffers: shared hit=86 read=27
 Planning Time: 2.160 ms
 Execution Time: 17.278 ms
(12 rows)

SET
SET
SET
SET
SET
                                             QUERY PLAN                                             
----------------------------------------------------------------------------------------------------
 Index Scan Backward using idx on public.t (actual rows=2048.00 loops=1)
   Output: a, b
   Index Cond: ((t.a >= '-11844'::integer) AND (t.a <= '-9797'::integer))
   Index Searches: 1
   Buffers: shared hit=2052
 Settings: enable_bitmapscan = 'off', enable_seqscan = 'off', max_parallel_workers_per_gather = '0'
 Planning:
   Buffers: shared hit=118
 Planning Time: 0.198 ms
 Execution Time: 0.831 ms
(10 rows)

