SET
SET
SET
SET
SET
                                                                      QUERY PLAN                                                                       
-------------------------------------------------------------------------------------------------------------------------------------------------------
 Index Scan Backward using idx on public.t (actual rows=262144.00 loops=1)
   Output: a, b
   Index Cond: ((t.a >= '-281433'::integer) AND (t.a <= '-19290'::integer))
   Index Searches: 1
   Prefetch: distance=206.123 count=51960 stalls=210207 skipped=272 resets=0 ungets=551 forwarded=0
             histogram [2,4) => 6796, [4,8) => 80, [8,16) => 16, [16,32) => 26, [32,64) => 37, [64,128) => 341, [128,256) => 29114, [256,512) => 15550
   Buffers: shared hit=257031 read=5563
 Settings: enable_bitmapscan = 'off', enable_seqscan = 'off', max_parallel_workers_per_gather = '0'
 Planning:
   Buffers: shared hit=82 read=27
 Planning Time: 2.182 ms
 Execution Time: 121.736 ms
(12 rows)

SET
SET
SET
SET
SET
                                             QUERY PLAN                                             
----------------------------------------------------------------------------------------------------
 Index Scan Backward using idx on public.t (actual rows=262144.00 loops=1)
   Output: a, b
   Index Cond: ((t.a >= '-281433'::integer) AND (t.a <= '-19290'::integer))
   Index Searches: 1
   Buffers: shared hit=262594
 Settings: enable_bitmapscan = 'off', enable_seqscan = 'off', max_parallel_workers_per_gather = '0'
 Planning:
   Buffers: shared hit=114
 Planning Time: 0.213 ms
 Execution Time: 39.409 ms
(10 rows)

