SET
SET
SET
SET
SET
                                                                       QUERY PLAN                                                                        
---------------------------------------------------------------------------------------------------------------------------------------------------------
 Index Scan Backward using idx on public.t (actual rows=524288.00 loops=1)
   Output: a, b
   Index Cond: ((t.a >= '-537612'::integer) AND (t.a <= '-13325'::integer))
   Index Searches: 1
   Prefetch: distance=182.856 count=65737 stalls=458070 skipped=511 resets=0 ungets=395 forwarded=0
             histogram [2,4) => 14804, [4,8) => 150, [8,16) => 16, [16,32) => 24, [32,64) => 49, [64,128) => 496, [128,256) => 33174, [256,512) => 17024
   Buffers: shared hit=514907 read=10308
 Settings: enable_bitmapscan = 'off', enable_seqscan = 'off', max_parallel_workers_per_gather = '0'
 Planning:
   Buffers: shared hit=82 read=27
 Planning Time: 2.158 ms
 Execution Time: 212.586 ms
(12 rows)

SET
SET
SET
SET
SET
                                             QUERY PLAN                                             
----------------------------------------------------------------------------------------------------
 Index Scan Backward using idx on public.t (actual rows=524288.00 loops=1)
   Output: a, b
   Index Cond: ((t.a >= '-537612'::integer) AND (t.a <= '-13325'::integer))
   Index Searches: 1
   Buffers: shared hit=525215
 Settings: enable_bitmapscan = 'off', enable_seqscan = 'off', max_parallel_workers_per_gather = '0'
 Planning:
   Buffers: shared hit=114
 Planning Time: 0.184 ms
 Execution Time: 79.837 ms
(10 rows)

