SET
SET
SET
SET
SET
                                                                  QUERY PLAN                                                                   
-----------------------------------------------------------------------------------------------------------------------------------------------
 Index Scan Backward using idx on public.t (actual rows=16384.00 loops=1)
   Output: a, b
   Index Cond: ((t.a >= '-25547'::integer) AND (t.a <= '-9164'::integer))
   Index Searches: 1
   Prefetch: distance=241.300 count=16775 stalls=3 skipped=22 resets=0 ungets=550 forwarded=3
             histogram [2,4) => 2, [4,8) => 7, [8,16) => 5, [16,32) => 9, [32,64) => 11, [64,128) => 162, [128,256) => 9277, [256,512) => 7302
   Buffers: shared hit=15478 read=934
 Settings: enable_bitmapscan = 'off', enable_seqscan = 'off', max_parallel_workers_per_gather = '0'
 Planning:
   Buffers: shared hit=86 read=27
 Planning Time: 2.159 ms
 Execution Time: 19.531 ms
(12 rows)

SET
SET
SET
SET
SET
                                             QUERY PLAN                                             
----------------------------------------------------------------------------------------------------
 Index Scan Backward using idx on public.t (actual rows=16384.00 loops=1)
   Output: a, b
   Index Cond: ((t.a >= '-25547'::integer) AND (t.a <= '-9164'::integer))
   Index Searches: 1
   Buffers: shared hit=16412
 Settings: enable_bitmapscan = 'off', enable_seqscan = 'off', max_parallel_workers_per_gather = '0'
 Planning:
   Buffers: shared hit=118
 Planning Time: 0.182 ms
 Execution Time: 3.058 ms
(10 rows)

