SET
SET
SET
SET
SET
                                                                        QUERY PLAN                                                                         
-----------------------------------------------------------------------------------------------------------------------------------------------------------
 Index Scan Backward using idx on public.t (actual rows=5048576.00 loops=1)
   Output: a, b
   Index Cond: ((t.a >= '-5057250'::integer) AND (t.a <= '-8675'::integer))
   Index Searches: 1
   Prefetch: distance=63.025 count=212813 stalls=4831165 skipped=4788 resets=0 ungets=447 forwarded=1
             histogram [2,4) => 156008, [4,8) => 1318, [8,16) => 20, [16,32) => 30, [32,64) => 35, [64,128) => 537, [128,256) => 36574, [256,512) => 18291
   Buffers: shared hit=4964278 read=93310
 Settings: enable_bitmapscan = 'off', enable_seqscan = 'off', max_parallel_workers_per_gather = '0'
 Planning:
   Buffers: shared hit=82 read=27
 Planning Time: 2.150 ms
 Execution Time: 1806.689 ms
(12 rows)

SET
SET
SET
SET
SET
                                             QUERY PLAN                                             
----------------------------------------------------------------------------------------------------
 Index Scan Backward using idx on public.t (actual rows=5048576.00 loops=1)
   Output: a, b
   Index Cond: ((t.a >= '-5057250'::integer) AND (t.a <= '-8675'::integer))
   Index Searches: 1
   Buffers: shared hit=5057588
 Settings: enable_bitmapscan = 'off', enable_seqscan = 'off', max_parallel_workers_per_gather = '0'
 Planning:
   Buffers: shared hit=114
 Planning Time: 0.231 ms
 Execution Time: 750.950 ms
(10 rows)

