SET
SET
SET
SET
SET
                                                                       QUERY PLAN                                                                        
---------------------------------------------------------------------------------------------------------------------------------------------------------
 Index Scan Backward using idx on public.t (actual rows=3048576.00 loops=1)
   Output: a, b
   Index Cond: ((t.a >= '-3075005'::integer) AND (t.a <= '-26430'::integer))
   Index Searches: 1
   Prefetch: distance=70.002 count=133223 stalls=2913135 skipped=2919 resets=0 ungets=771 forwarded=1
             histogram [2,4) => 94072, [4,8) => 787, [8,16) => 14, [16,32) => 25, [32,64) => 34, [64,128) => 326, [128,256) => 23880, [256,512) => 14085
   Buffers: shared hit=2997198 read=56795
 Settings: enable_bitmapscan = 'off', enable_seqscan = 'off', max_parallel_workers_per_gather = '0'
 Planning:
   Buffers: shared hit=82 read=27
 Planning Time: 2.146 ms
 Execution Time: 1091.335 ms
(12 rows)

SET
SET
SET
SET
SET
                                             QUERY PLAN                                             
----------------------------------------------------------------------------------------------------
 Index Scan Backward using idx on public.t (actual rows=3048576.00 loops=1)
   Output: a, b
   Index Cond: ((t.a >= '-3075005'::integer) AND (t.a <= '-26430'::integer))
   Index Searches: 1
   Buffers: shared hit=3053993
 Settings: enable_bitmapscan = 'off', enable_seqscan = 'off', max_parallel_workers_per_gather = '0'
 Planning:
   Buffers: shared hit=114
 Planning Time: 0.190 ms
 Execution Time: 451.073 ms
(10 rows)

