SET
SET
SET
SET
SET
                                                                        QUERY PLAN                                                                         
-----------------------------------------------------------------------------------------------------------------------------------------------------------
 Index Scan Backward using idx on public.t (actual rows=6048576.00 loops=1)
   Output: a, b
   Index Cond: ((t.a >= '-6061370'::integer) AND (t.a <= '-12795'::integer))
   Index Searches: 1
   Prefetch: distance=52.261 count=240495 stalls=5802732 skipped=5723 resets=0 ungets=537 forwarded=1
             histogram [2,4) => 187380, [4,8) => 1546, [8,16) => 14, [16,32) => 24, [32,64) => 38, [64,128) => 526, [128,256) => 33594, [256,512) => 17373
   Buffers: shared hit=5947668 read=111717
 Settings: enable_bitmapscan = 'off', enable_seqscan = 'off', max_parallel_workers_per_gather = '0'
 Planning:
   Buffers: shared hit=82 read=27
 Planning Time: 2.164 ms
 Execution Time: 2146.964 ms
(12 rows)

SET
SET
SET
SET
SET
                                             QUERY PLAN                                             
----------------------------------------------------------------------------------------------------
 Index Scan Backward using idx on public.t (actual rows=6048576.00 loops=1)
   Output: a, b
   Index Cond: ((t.a >= '-6061370'::integer) AND (t.a <= '-12795'::integer))
   Index Searches: 1
   Buffers: shared hit=6059385
 Settings: enable_bitmapscan = 'off', enable_seqscan = 'off', max_parallel_workers_per_gather = '0'
 Planning:
   Buffers: shared hit=114
 Planning Time: 0.231 ms
 Execution Time: 887.881 ms
(10 rows)

