SET
SET
SET
SET
SET
                                                                        QUERY PLAN                                                                         
-----------------------------------------------------------------------------------------------------------------------------------------------------------
 Index Scan Backward using idx on public.t (actual rows=8048576.00 loops=1)
   Output: a, b
   Index Cond: ((t.a >= '-8070893'::integer) AND (t.a <= '-22318'::integer))
   Index Searches: 1
   Prefetch: distance=35.812 count=294412 stalls=7747096 skipped=7570 resets=0 ungets=658 forwarded=1
             histogram [2,4) => 250142, [4,8) => 2083, [8,16) => 18, [16,32) => 25, [32,64) => 34, [64,128) => 363, [128,256) => 26701, [256,512) => 15046
   Buffers: shared hit=7914465 read=148538
 Settings: enable_bitmapscan = 'off', enable_seqscan = 'off', max_parallel_workers_per_gather = '0'
 Planning:
   Buffers: shared hit=82 read=27
 Planning Time: 2.175 ms
 Execution Time: 2855.162 ms
(12 rows)

SET
SET
SET
SET
SET
                                             QUERY PLAN                                             
----------------------------------------------------------------------------------------------------
 Index Scan Backward using idx on public.t (actual rows=8048576.00 loops=1)
   Output: a, b
   Index Cond: ((t.a >= '-8070893'::integer) AND (t.a <= '-22318'::integer))
   Index Searches: 1
   Buffers: shared hit=8063003
 Settings: enable_bitmapscan = 'off', enable_seqscan = 'off', max_parallel_workers_per_gather = '0'
 Planning:
   Buffers: shared hit=114
 Planning Time: 0.206 ms
 Execution Time: 1175.503 ms
(10 rows)

