SET
SET
SET
SET
SET
                                                                 QUERY PLAN                                                                 
--------------------------------------------------------------------------------------------------------------------------------------------
 Index Scan Backward using idx on public.t (actual rows=2048.00 loops=1)
   Output: a, b
   Index Cond: ((t.a >= '-3212'::integer) AND (t.a <= '-1165'::integer))
   Index Searches: 1
   Prefetch: distance=263.258 count=2395 stalls=1 skipped=3 resets=0 ungets=432 forwarded=0
             histogram [2,4) => 6, [4,8) => 5, [8,16) => 9, [16,32) => 12, [32,64) => 2, [64,128) => 2, [128,256) => 201, [256,512) => 2158
   Buffers: shared hit=1538 read=519
 Settings: enable_bitmapscan = 'off', enable_seqscan = 'off', max_parallel_workers_per_gather = '0'
 Planning:
   Buffers: shared hit=86 read=27
 Planning Time: 2.167 ms
 Execution Time: 8.911 ms
(12 rows)

SET
SET
SET
SET
SET
                                             QUERY PLAN                                             
----------------------------------------------------------------------------------------------------
 Index Scan Backward using idx on public.t (actual rows=2048.00 loops=1)
   Output: a, b
   Index Cond: ((t.a >= '-3212'::integer) AND (t.a <= '-1165'::integer))
   Index Searches: 1
   Buffers: shared hit=2057
 Settings: enable_bitmapscan = 'off', enable_seqscan = 'off', max_parallel_workers_per_gather = '0'
 Planning:
   Buffers: shared hit=118
 Planning Time: 0.191 ms
 Execution Time: 0.388 ms
(10 rows)

