SET
SET
SET
SET
SET
                                                                      QUERY PLAN                                                                       
-------------------------------------------------------------------------------------------------------------------------------------------------------
 Index Scan Backward using idx on public.t (actual rows=65536.00 loops=1)
   Output: a, b
   Index Cond: ((t.a >= '-97688'::integer) AND (t.a <= '-32153'::integer))
   Index Searches: 1
   Prefetch: distance=230.727 count=33533 stalls=32443 skipped=65 resets=0 ungets=708 forwarded=1
             histogram [2,4) => 1056, [4,8) => 25, [8,16) => 15, [16,32) => 26, [32,64) => 37, [64,128) => 301, [128,256) => 19851, [256,512) => 12222
   Buffers: shared hit=63578 read=2077
 Settings: enable_bitmapscan = 'off', enable_seqscan = 'off', max_parallel_workers_per_gather = '0'
 Planning:
   Buffers: shared hit=86 read=27
 Planning Time: 2.148 ms
 Execution Time: 44.712 ms
(12 rows)

SET
SET
SET
SET
SET
                                             QUERY PLAN                                             
----------------------------------------------------------------------------------------------------
 Index Scan Backward using idx on public.t (actual rows=65536.00 loops=1)
   Output: a, b
   Index Cond: ((t.a >= '-97688'::integer) AND (t.a <= '-32153'::integer))
   Index Searches: 1
   Buffers: shared hit=65655
 Settings: enable_bitmapscan = 'off', enable_seqscan = 'off', max_parallel_workers_per_gather = '0'
 Planning:
   Buffers: shared hit=118
 Planning Time: 0.170 ms
 Execution Time: 7.126 ms
(10 rows)

