SET
SET
SET
SET
SET
                                                                    QUERY PLAN                                                                    
--------------------------------------------------------------------------------------------------------------------------------------------------
 Index Scan Backward using idx on public.t (actual rows=32768.00 loops=1)
   Output: a, b
   Index Cond: ((t.a >= '-35622'::integer) AND (t.a <= '-2855'::integer))
   Index Searches: 1
   Prefetch: distance=236.969 count=32869 stalls=5 skipped=51 resets=0 ungets=378 forwarded=2
             histogram [2,4) => 16, [4,8) => 8, [8,16) => 11, [16,32) => 9, [32,64) => 8, [64,128) => 216, [128,256) => 21155, [256,512) => 11446
   Buffers: shared hit=31668 read=1144
 Settings: enable_bitmapscan = 'off', enable_seqscan = 'off', max_parallel_workers_per_gather = '0'
 Planning:
   Buffers: shared hit=86 read=27
 Planning Time: 2.152 ms
 Execution Time: 30.485 ms
(12 rows)

SET
SET
SET
SET
SET
                                             QUERY PLAN                                             
----------------------------------------------------------------------------------------------------
 Index Scan Backward using idx on public.t (actual rows=32768.00 loops=1)
   Output: a, b
   Index Cond: ((t.a >= '-35622'::integer) AND (t.a <= '-2855'::integer))
   Index Searches: 1
   Buffers: shared hit=32812
 Settings: enable_bitmapscan = 'off', enable_seqscan = 'off', max_parallel_workers_per_gather = '0'
 Planning:
   Buffers: shared hit=118
 Planning Time: 0.184 ms
 Execution Time: 5.156 ms
(10 rows)

