SET
SET
SET
SET
SET
                                                                       QUERY PLAN                                                                        
---------------------------------------------------------------------------------------------------------------------------------------------------------
 Index Scan Backward using idx on public.t (actual rows=3048576.00 loops=1)
   Output: a, b
   Index Cond: ((t.a >= '-3066806'::integer) AND (t.a <= '-18231'::integer))
   Index Searches: 1
   Prefetch: distance=79.184 count=140781 stalls=2905218 skipped=2912 resets=0 ungets=552 forwarded=1
             histogram [2,4) => 93808, [4,8) => 787, [8,16) => 15, [16,32) => 29, [32,64) => 40, [64,128) => 346, [128,256) => 29778, [256,512) => 15978
   Buffers: shared hit=2997294 read=56705
 Settings: enable_bitmapscan = 'off', enable_seqscan = 'off', max_parallel_workers_per_gather = '0'
 Planning:
   Buffers: shared hit=82 read=27
 Planning Time: 2.166 ms
 Execution Time: 1108.566 ms
(12 rows)

SET
SET
SET
SET
SET
                                             QUERY PLAN                                             
----------------------------------------------------------------------------------------------------
 Index Scan Backward using idx on public.t (actual rows=3048576.00 loops=1)
   Output: a, b
   Index Cond: ((t.a >= '-3066806'::integer) AND (t.a <= '-18231'::integer))
   Index Searches: 1
   Buffers: shared hit=3053999
 Settings: enable_bitmapscan = 'off', enable_seqscan = 'off', max_parallel_workers_per_gather = '0'
 Planning:
   Buffers: shared hit=114
 Planning Time: 0.209 ms
 Execution Time: 455.670 ms
(10 rows)

