SET
SET
SET
SET
SET
                                                                       QUERY PLAN                                                                        
---------------------------------------------------------------------------------------------------------------------------------------------------------
 Index Scan Backward using idx on public.t (actual rows=2048576.00 loops=1)
   Output: a, b
   Index Cond: ((t.a >= '-2062861'::integer) AND (t.a <= '-14286'::integer))
   Index Searches: 1
   Prefetch: distance=106.033 count=113130 stalls=1933963 skipped=1938 resets=0 ungets=591 forwarded=1
             histogram [2,4) => 62430, [4,8) => 536, [8,16) => 19, [16,32) => 21, [32,64) => 34, [64,128) => 497, [128,256) => 32485, [256,512) => 17108
   Buffers: shared hit=2013946 read=38295
 Settings: enable_bitmapscan = 'off', enable_seqscan = 'off', max_parallel_workers_per_gather = '0'
 Planning:
   Buffers: shared hit=82 read=27
 Planning Time: 2.153 ms
 Execution Time: 732.040 ms
(12 rows)

SET
SET
SET
SET
SET
                                             QUERY PLAN                                             
----------------------------------------------------------------------------------------------------
 Index Scan Backward using idx on public.t (actual rows=2048576.00 loops=1)
   Output: a, b
   Index Cond: ((t.a >= '-2062861'::integer) AND (t.a <= '-14286'::integer))
   Index Searches: 1
   Buffers: shared hit=2052241
 Settings: enable_bitmapscan = 'off', enable_seqscan = 'off', max_parallel_workers_per_gather = '0'
 Planning:
   Buffers: shared hit=114
 Planning Time: 0.198 ms
 Execution Time: 310.736 ms
(10 rows)

