SET
SET
SET
SET
SET
                                                                      QUERY PLAN                                                                       
-------------------------------------------------------------------------------------------------------------------------------------------------------
 Index Scan Backward using idx on public.t (actual rows=262144.00 loops=1)
   Output: a, b
   Index Cond: ((t.a >= '-272365'::integer) AND (t.a <= '-10222'::integer))
   Index Searches: 1
   Prefetch: distance=210.822 count=60767 stalls=201435 skipped=273 resets=0 ungets=505 forwarded=1
             histogram [2,4) => 6512, [4,8) => 79, [8,16) => 15, [16,32) => 30, [32,64) => 37, [64,128) => 501, [128,256) => 35425, [256,512) => 18168
   Buffers: shared hit=257138 read=5454
 Settings: enable_bitmapscan = 'off', enable_seqscan = 'off', max_parallel_workers_per_gather = '0'
 Planning:
   Buffers: shared hit=82 read=27
 Planning Time: 2.148 ms
 Execution Time: 117.292 ms
(12 rows)

SET
SET
SET
SET
SET
                                             QUERY PLAN                                             
----------------------------------------------------------------------------------------------------
 Index Scan Backward using idx on public.t (actual rows=262144.00 loops=1)
   Output: a, b
   Index Cond: ((t.a >= '-272365'::integer) AND (t.a <= '-10222'::integer))
   Index Searches: 1
   Buffers: shared hit=262592
 Settings: enable_bitmapscan = 'off', enable_seqscan = 'off', max_parallel_workers_per_gather = '0'
 Planning:
   Buffers: shared hit=114
 Planning Time: 0.182 ms
 Execution Time: 36.921 ms
(10 rows)

