SET
SET
SET
SET
SET
                                                                        QUERY PLAN                                                                         
-----------------------------------------------------------------------------------------------------------------------------------------------------------
 Index Scan Backward using idx on public.t (actual rows=4048576.00 loops=1)
   Output: a, b
   Index Cond: ((t.a >= '-4074518'::integer) AND (t.a <= '-25943'::integer))
   Index Searches: 1
   Prefetch: distance=57.223 count=164976 stalls=3880147 skipped=3925 resets=0 ungets=663 forwarded=1
             histogram [2,4) => 125290, [4,8) => 1065, [8,16) => 15, [16,32) => 28, [32,64) => 34, [64,128) => 327, [128,256) => 24279, [256,512) => 13938
   Buffers: shared hit=3980577 read=75142
 Settings: enable_bitmapscan = 'off', enable_seqscan = 'off', max_parallel_workers_per_gather = '0'
 Planning:
   Buffers: shared hit=82 read=27
 Planning Time: 2.149 ms
 Execution Time: 1440.477 ms
(12 rows)

SET
SET
SET
SET
SET
                                             QUERY PLAN                                             
----------------------------------------------------------------------------------------------------
 Index Scan Backward using idx on public.t (actual rows=4048576.00 loops=1)
   Output: a, b
   Index Cond: ((t.a >= '-4074518'::integer) AND (t.a <= '-25943'::integer))
   Index Searches: 1
   Buffers: shared hit=4055719
 Settings: enable_bitmapscan = 'off', enable_seqscan = 'off', max_parallel_workers_per_gather = '0'
 Planning:
   Buffers: shared hit=114
 Planning Time: 0.212 ms
 Execution Time: 603.164 ms
(10 rows)

