SET
SET
SET
SET
SET
                                                                       QUERY PLAN                                                                        
---------------------------------------------------------------------------------------------------------------------------------------------------------
 Index Scan Backward using idx on public.t (actual rows=1048576.00 loops=1)
   Output: a, b
   Index Cond: ((t.a >= '-1051501'::integer) AND (t.a <= '-2926'::integer))
   Index Searches: 1
   Prefetch: distance=156.792 count=92456 stalls=955412 skipped=993 resets=0 ungets=435 forwarded=4
             histogram [2,4) => 30862, [4,8) => 276, [8,16) => 15, [16,32) => 36, [32,64) => 38, [64,128) => 546, [128,256) => 40963, [256,512) => 19720
   Buffers: shared hit=1030660 read=19794
 Settings: enable_bitmapscan = 'off', enable_seqscan = 'off', max_parallel_workers_per_gather = '0'
 Planning:
   Buffers: shared hit=82 read=27
 Planning Time: 2.221 ms
 Execution Time: 386.627 ms
(12 rows)

SET
SET
SET
SET
SET
                                             QUERY PLAN                                             
----------------------------------------------------------------------------------------------------
 Index Scan Backward using idx on public.t (actual rows=1048576.00 loops=1)
   Output: a, b
   Index Cond: ((t.a >= '-1051501'::integer) AND (t.a <= '-2926'::integer))
   Index Searches: 1
   Buffers: shared hit=1050454
 Settings: enable_bitmapscan = 'off', enable_seqscan = 'off', max_parallel_workers_per_gather = '0'
 Planning:
   Buffers: shared hit=114
 Planning Time: 0.194 ms
 Execution Time: 154.396 ms
(10 rows)

