SET
SET
SET
SET
SET
                                                                      QUERY PLAN                                                                       
-------------------------------------------------------------------------------------------------------------------------------------------------------
 Index Scan Backward using idx on public.t (actual rows=131072.00 loops=1)
   Output: a, b
   Index Cond: ((t.a >= '-161525'::integer) AND (t.a <= '-30454'::integer))
   Index Searches: 1
   Prefetch: distance=218.986 count=37487 stalls=94184 skipped=146 resets=0 ungets=817 forwarded=1
             histogram [2,4) => 3054, [4,8) => 44, [8,16) => 17, [16,32) => 23, [32,64) => 34, [64,128) => 301, [128,256) => 21070, [256,512) => 12944
   Buffers: shared hit=128023 read=3267
 Settings: enable_bitmapscan = 'off', enable_seqscan = 'off', max_parallel_workers_per_gather = '0'
 Planning:
   Buffers: shared hit=86 read=27
 Planning Time: 2.143 ms
 Execution Time: 63.324 ms
(12 rows)

SET
SET
SET
SET
SET
                                             QUERY PLAN                                             
----------------------------------------------------------------------------------------------------
 Index Scan Backward using idx on public.t (actual rows=131072.00 loops=1)
   Output: a, b
   Index Cond: ((t.a >= '-161525'::integer) AND (t.a <= '-30454'::integer))
   Index Searches: 1
   Buffers: shared hit=131290
 Settings: enable_bitmapscan = 'off', enable_seqscan = 'off', max_parallel_workers_per_gather = '0'
 Planning:
   Buffers: shared hit=118
 Planning Time: 0.185 ms
 Execution Time: 14.583 ms
(10 rows)

