SET
SET
SET
SET
SET
                                                                        QUERY PLAN                                                                         
-----------------------------------------------------------------------------------------------------------------------------------------------------------
 Index Scan Backward using idx on public.t (actual rows=5048576.00 loops=1)
   Output: a, b
   Index Cond: ((t.a >= '-5053899'::integer) AND (t.a <= '-5324'::integer))
   Index Searches: 1
   Prefetch: distance=65.584 count=215972 stalls=4827858 skipped=4790 resets=0 ungets=358 forwarded=1
             histogram [2,4) => 155880, [4,8) => 1321, [8,16) => 18, [16,32) => 30, [32,64) => 44, [64,128) => 517, [128,256) => 39170, [256,512) => 18992
   Buffers: shared hit=4964332 read=93253
 Settings: enable_bitmapscan = 'off', enable_seqscan = 'off', max_parallel_workers_per_gather = '0'
 Planning:
   Buffers: shared hit=82 read=27
 Planning Time: 2.239 ms
 Execution Time: 1814.634 ms
(12 rows)

SET
SET
SET
SET
SET
                                             QUERY PLAN                                             
----------------------------------------------------------------------------------------------------
 Index Scan Backward using idx on public.t (actual rows=5048576.00 loops=1)
   Output: a, b
   Index Cond: ((t.a >= '-5053899'::integer) AND (t.a <= '-5324'::integer))
   Index Searches: 1
   Buffers: shared hit=5057585
 Settings: enable_bitmapscan = 'off', enable_seqscan = 'off', max_parallel_workers_per_gather = '0'
 Planning:
   Buffers: shared hit=114
 Planning Time: 0.225 ms
 Execution Time: 738.521 ms
(10 rows)

