SET
SET
SET
SET
SET
                                                                        QUERY PLAN                                                                         
-----------------------------------------------------------------------------------------------------------------------------------------------------------
 Index Scan Backward using idx on public.t (actual rows=7048576.00 loops=1)
   Output: a, b
   Index Cond: ((t.a >= '-7059670'::integer) AND (t.a <= '-11095'::integer))
   Index Searches: 1
   Prefetch: distance=47.852 count=273947 stalls=6768550 skipped=6684 resets=0 ungets=638 forwarded=2
             histogram [2,4) => 218544, [4,8) => 1816, [8,16) => 20, [16,32) => 26, [32,64) => 34, [64,128) => 500, [128,256) => 34887, [256,512) => 18120
   Buffers: shared hit=6931106 read=130051
 Settings: enable_bitmapscan = 'off', enable_seqscan = 'off', max_parallel_workers_per_gather = '0'
 Planning:
   Buffers: shared hit=82 read=27
 Planning Time: 2.143 ms
 Execution Time: 2511.842 ms
(12 rows)

SET
SET
SET
SET
SET
                                             QUERY PLAN                                             
----------------------------------------------------------------------------------------------------
 Index Scan Backward using idx on public.t (actual rows=7048576.00 loops=1)
   Output: a, b
   Index Cond: ((t.a >= '-7059670'::integer) AND (t.a <= '-11095'::integer))
   Index Searches: 1
   Buffers: shared hit=7061157
 Settings: enable_bitmapscan = 'off', enable_seqscan = 'off', max_parallel_workers_per_gather = '0'
 Planning:
   Buffers: shared hit=114
 Planning Time: 0.210 ms
 Execution Time: 1044.818 ms
(10 rows)

