SET
SET
SET
SET
SET
                                                                        QUERY PLAN                                                                         
-----------------------------------------------------------------------------------------------------------------------------------------------------------
 Index Scan Backward using idx on public.t (actual rows=8048576.00 loops=1)
   Output: a, b
   Index Cond: ((t.a >= '-8066486'::integer) AND (t.a <= '-17911'::integer))
   Index Searches: 1
   Prefetch: distance=38.735 count=298703 stalls=7742743 skipped=7569 resets=0 ungets=610 forwarded=1
             histogram [2,4) => 249998, [4,8) => 2091, [8,16) => 17, [16,32) => 27, [32,64) => 34, [64,128) => 347, [128,256) => 30051, [256,512) => 16138
   Buffers: shared hit=7914515 read=148489
 Settings: enable_bitmapscan = 'off', enable_seqscan = 'off', max_parallel_workers_per_gather = '0'
 Planning:
   Buffers: shared hit=82 read=27
 Planning Time: 2.158 ms
 Execution Time: 2852.867 ms
(12 rows)

SET
SET
SET
SET
SET
                                             QUERY PLAN                                             
----------------------------------------------------------------------------------------------------
 Index Scan Backward using idx on public.t (actual rows=8048576.00 loops=1)
   Output: a, b
   Index Cond: ((t.a >= '-8066486'::integer) AND (t.a <= '-17911'::integer))
   Index Searches: 1
   Buffers: shared hit=8063004
 Settings: enable_bitmapscan = 'off', enable_seqscan = 'off', max_parallel_workers_per_gather = '0'
 Planning:
   Buffers: shared hit=114
 Planning Time: 0.235 ms
 Execution Time: 1184.116 ms
(10 rows)

