SET
SET
SET
SET
SET
                                                                        QUERY PLAN                                                                         
-----------------------------------------------------------------------------------------------------------------------------------------------------------
 Index Scan Backward using idx on public.t (actual rows=9048576.00 loops=1)
   Output: a, b
   Index Cond: ((t.a >= '-9054502'::integer) AND (t.a <= '-5927'::integer))
   Index Searches: 1
   Prefetch: distance=42.058 count=341715 stalls=8698803 skipped=8513 resets=0 ungets=532 forwarded=1
             histogram [2,4) => 280862, [4,8) => 2354, [8,16) => 16, [16,32) => 25, [32,64) => 34, [64,128) => 553, [128,256) => 38662, [256,512) => 19209
   Buffers: shared hit=8898102 read=166690
 Settings: enable_bitmapscan = 'off', enable_seqscan = 'off', max_parallel_workers_per_gather = '0'
 Planning:
   Buffers: shared hit=82 read=27
 Planning Time: 2.158 ms
 Execution Time: 3214.824 ms
(12 rows)

SET
SET
SET
SET
SET
                                             QUERY PLAN                                             
----------------------------------------------------------------------------------------------------
 Index Scan Backward using idx on public.t (actual rows=9048576.00 loops=1)
   Output: a, b
   Index Cond: ((t.a >= '-9054502'::integer) AND (t.a <= '-5927'::integer))
   Index Searches: 1
   Buffers: shared hit=9064792
 Settings: enable_bitmapscan = 'off', enable_seqscan = 'off', max_parallel_workers_per_gather = '0'
 Planning:
   Buffers: shared hit=114
 Planning Time: 0.270 ms
 Execution Time: 1341.999 ms
(10 rows)

