SET
SET
SET
SET
SET
                                                                QUERY PLAN                                                                 
-------------------------------------------------------------------------------------------------------------------------------------------
 Index Scan Backward using idx on public.t (actual rows=1024.00 loops=1)
   Output: a, b
   Index Cond: ((t.a >= '-11923'::integer) AND (t.a <= '-10900'::integer))
   Index Searches: 1
   Prefetch: distance=262.413 count=1097 stalls=1 skipped=3 resets=0 ungets=305 forwarded=0
             histogram [2,4) => 4, [4,8) => 3, [8,16) => 10, [16,32) => 10, [32,64) => 6, [64,128) => 2, [128,256) => 4, [256,512) => 1058
   Buffers: shared hit=521 read=509
 Settings: enable_bitmapscan = 'off', enable_seqscan = 'off', max_parallel_workers_per_gather = '0'
 Planning:
   Buffers: shared hit=86 read=27
 Planning Time: 1.834 ms
 Execution Time: 14.578 ms
(12 rows)

SET
SET
SET
SET
SET
                                             QUERY PLAN                                             
----------------------------------------------------------------------------------------------------
 Index Scan Backward using idx on public.t (actual rows=1024.00 loops=1)
   Output: a, b
   Index Cond: ((t.a >= '-11923'::integer) AND (t.a <= '-10900'::integer))
   Index Searches: 1
   Buffers: shared hit=1030
 Settings: enable_bitmapscan = 'off', enable_seqscan = 'off', max_parallel_workers_per_gather = '0'
 Planning:
   Buffers: shared hit=118
 Planning Time: 0.157 ms
 Execution Time: 0.292 ms
(10 rows)

