SET
SET
SET
SET
SET
                                                                      QUERY PLAN                                                                      
------------------------------------------------------------------------------------------------------------------------------------------------------
 Index Scan Backward using idx on public.t (actual rows=65536.00 loops=1)
   Output: a, b
   Index Cond: ((t.a >= '-69178'::integer) AND (t.a <= '-3643'::integer))
   Index Searches: 1
   Prefetch: distance=235.030 count=60855 stalls=4855 skipped=85 resets=0 ungets=424 forwarded=0
             histogram [2,4) => 168, [4,8) => 19, [8,16) => 14, [16,32) => 30, [32,64) => 35, [64,128) => 522, [128,256) => 40409, [256,512) => 19658
   Buffers: shared hit=63875 read=1759
 Settings: enable_bitmapscan = 'off', enable_seqscan = 'off', max_parallel_workers_per_gather = '0'
 Planning:
   Buffers: shared hit=86 read=27
 Planning Time: 2.160 ms
 Execution Time: 43.800 ms
(12 rows)

SET
SET
SET
SET
SET
                                             QUERY PLAN                                             
----------------------------------------------------------------------------------------------------
 Index Scan Backward using idx on public.t (actual rows=65536.00 loops=1)
   Output: a, b
   Index Cond: ((t.a >= '-69178'::integer) AND (t.a <= '-3643'::integer))
   Index Searches: 1
   Buffers: shared hit=65634
 Settings: enable_bitmapscan = 'off', enable_seqscan = 'off', max_parallel_workers_per_gather = '0'
 Planning:
   Buffers: shared hit=118
 Planning Time: 0.197 ms
 Execution Time: 7.123 ms
(10 rows)

