SET
SET
SET
SET
SET
                                                                  QUERY PLAN                                                                   
-----------------------------------------------------------------------------------------------------------------------------------------------
 Index Scan Backward using idx on public.t (actual rows=4096.00 loops=1)
   Output: a, b
   Index Cond: ((t.a >= '-4253'::integer) AND (t.a <= '-158'::integer))
   Index Searches: 1
   Prefetch: distance=256.401 count=3977 stalls=6 skipped=8 resets=0 ungets=251 forwarded=1
             histogram [2,4) => 6, [4,8) => 5, [8,16) => 6, [16,32) => 17, [32,64) => 17, [64,128) => 16, [128,256) => 1012, [256,512) => 2898
   Buffers: shared hit=3531 read=573
 Settings: enable_bitmapscan = 'off', enable_seqscan = 'off', max_parallel_workers_per_gather = '0'
 Planning:
   Buffers: shared hit=86 read=27
 Planning Time: 2.146 ms
 Execution Time: 18.693 ms
(12 rows)

SET
SET
SET
SET
SET
                                             QUERY PLAN                                             
----------------------------------------------------------------------------------------------------
 Index Scan Backward using idx on public.t (actual rows=4096.00 loops=1)
   Output: a, b
   Index Cond: ((t.a >= '-4253'::integer) AND (t.a <= '-158'::integer))
   Index Searches: 1
   Buffers: shared hit=4104
 Settings: enable_bitmapscan = 'off', enable_seqscan = 'off', max_parallel_workers_per_gather = '0'
 Planning:
   Buffers: shared hit=118
 Planning Time: 0.206 ms
 Execution Time: 1.143 ms
(10 rows)

