SET
SET
SET
SET
SET
                                                                   QUERY PLAN                                                                    
-------------------------------------------------------------------------------------------------------------------------------------------------
 Index Scan Backward using idx on public.t (actual rows=32768.00 loops=1)
   Output: a, b
   Index Cond: ((t.a >= '-42206'::integer) AND (t.a <= '-9439'::integer))
   Index Searches: 1
   Prefetch: distance=237.705 count=32982 stalls=1 skipped=39 resets=0 ungets=479 forwarded=3
             histogram [2,4) => 2, [4,8) => 5, [8,16) => 9, [16,32) => 16, [32,64) => 3, [64,128) => 304, [128,256) => 20861, [256,512) => 11782
   Buffers: shared hit=31586 read=1237
 Settings: enable_bitmapscan = 'off', enable_seqscan = 'off', max_parallel_workers_per_gather = '0'
 Planning:
   Buffers: shared hit=86 read=27
 Planning Time: 2.165 ms
 Execution Time: 31.911 ms
(12 rows)

SET
SET
SET
SET
SET
                                             QUERY PLAN                                             
----------------------------------------------------------------------------------------------------
 Index Scan Backward using idx on public.t (actual rows=32768.00 loops=1)
   Output: a, b
   Index Cond: ((t.a >= '-42206'::integer) AND (t.a <= '-9439'::integer))
   Index Searches: 1
   Buffers: shared hit=32823
 Settings: enable_bitmapscan = 'off', enable_seqscan = 'off', max_parallel_workers_per_gather = '0'
 Planning:
   Buffers: shared hit=118
 Planning Time: 0.192 ms
 Execution Time: 3.472 ms
(10 rows)

