SET
SET
SET
SET
SET
                                                                 QUERY PLAN                                                                  
---------------------------------------------------------------------------------------------------------------------------------------------
 Index Scan Backward using idx on public.t (actual rows=8192.00 loops=1)
   Output: a, b
   Index Cond: ((t.a >= '-30547'::integer) AND (t.a <= '-22356'::integer))
   Index Searches: 1
   Prefetch: distance=253.709 count=8744 stalls=1 skipped=9 resets=0 ungets=680 forwarded=0
             histogram [2,4) => 4, [4,8) => 4, [8,16) => 11, [16,32) => 6, [32,64) => 2, [64,128) => 5, [128,256) => 3283, [256,512) => 5429
   Buffers: shared hit=7270 read=942
 Settings: enable_bitmapscan = 'off', enable_seqscan = 'off', max_parallel_workers_per_gather = '0'
 Planning:
   Buffers: shared hit=86 read=27
 Planning Time: 2.164 ms
 Execution Time: 16.988 ms
(12 rows)

SET
SET
SET
SET
SET
                                             QUERY PLAN                                             
----------------------------------------------------------------------------------------------------
 Index Scan Backward using idx on public.t (actual rows=8192.00 loops=1)
   Output: a, b
   Index Cond: ((t.a >= '-30547'::integer) AND (t.a <= '-22356'::integer))
   Index Searches: 1
   Buffers: shared hit=8212
 Settings: enable_bitmapscan = 'off', enable_seqscan = 'off', max_parallel_workers_per_gather = '0'
 Planning:
   Buffers: shared hit=118
 Planning Time: 0.164 ms
 Execution Time: 1.123 ms
(10 rows)

