SET
SET
SET
SET
SET
                                                                      QUERY PLAN                                                                       
-------------------------------------------------------------------------------------------------------------------------------------------------------
 Index Scan Backward using idx on public.t (actual rows=131072.00 loops=1)
   Output: a, b
   Index Cond: ((t.a >= '-161717'::integer) AND (t.a <= '-30646'::integer))
   Index Searches: 1
   Prefetch: distance=218.418 count=36981 stalls=94372 skipped=146 resets=0 ungets=673 forwarded=1
             histogram [2,4) => 3058, [4,8) => 45, [8,16) => 15, [16,32) => 24, [32,64) => 38, [64,128) => 301, [128,256) => 20875, [256,512) => 12625
   Buffers: shared hit=128022 read=3268
 Settings: enable_bitmapscan = 'off', enable_seqscan = 'off', max_parallel_workers_per_gather = '0'
 Planning:
   Buffers: shared hit=86 read=27
 Planning Time: 2.135 ms
 Execution Time: 71.752 ms
(12 rows)

SET
SET
SET
SET
SET
                                             QUERY PLAN                                             
----------------------------------------------------------------------------------------------------
 Index Scan Backward using idx on public.t (actual rows=131072.00 loops=1)
   Output: a, b
   Index Cond: ((t.a >= '-161717'::integer) AND (t.a <= '-30646'::integer))
   Index Searches: 1
   Buffers: shared hit=131290
 Settings: enable_bitmapscan = 'off', enable_seqscan = 'off', max_parallel_workers_per_gather = '0'
 Planning:
   Buffers: shared hit=118
 Planning Time: 0.204 ms
 Execution Time: 16.392 ms
(10 rows)

