SET
SET
SET
SET
SET
                                                                       QUERY PLAN                                                                        
---------------------------------------------------------------------------------------------------------------------------------------------------------
 Index Scan Backward using idx on public.t (actual rows=1048576.00 loops=1)
   Output: a, b
   Index Cond: ((t.a >= '-1070272'::integer) AND (t.a <= '-21697'::integer))
   Index Searches: 1
   Prefetch: distance=137.830 count=74861 stalls=973476 skipped=973 resets=0 ungets=779 forwarded=1
             histogram [2,4) => 31450, [4,8) => 283, [8,16) => 21, [16,32) => 21, [32,64) => 34, [64,128) => 322, [128,256) => 27443, [256,512) => 15287
   Buffers: shared hit=1030438 read=20036
 Settings: enable_bitmapscan = 'off', enable_seqscan = 'off', max_parallel_workers_per_gather = '0'
 Planning:
   Buffers: shared hit=82 read=27
 Planning Time: 2.160 ms
 Execution Time: 388.821 ms
(12 rows)

SET
SET
SET
SET
SET
                                             QUERY PLAN                                             
----------------------------------------------------------------------------------------------------
 Index Scan Backward using idx on public.t (actual rows=1048576.00 loops=1)
   Output: a, b
   Index Cond: ((t.a >= '-1070272'::integer) AND (t.a <= '-21697'::integer))
   Index Searches: 1
   Buffers: shared hit=1050474
 Settings: enable_bitmapscan = 'off', enable_seqscan = 'off', max_parallel_workers_per_gather = '0'
 Planning:
   Buffers: shared hit=114
 Planning Time: 0.193 ms
 Execution Time: 160.519 ms
(10 rows)

