SET
SET
SET
SET
SET
                                                                        QUERY PLAN                                                                         
-----------------------------------------------------------------------------------------------------------------------------------------------------------
 Index Scan Backward using idx on public.t (actual rows=4048576.00 loops=1)
   Output: a, b
   Index Cond: ((t.a >= '-4080101'::integer) AND (t.a <= '-31526'::integer))
   Index Searches: 1
   Prefetch: distance=51.249 count=159818 stalls=3885545 skipped=3925 resets=0 ungets=810 forwarded=2
             histogram [2,4) => 125464, [4,8) => 1065, [8,16) => 14, [16,32) => 25, [32,64) => 34, [64,128) => 303, [128,256) => 20312, [256,512) => 12601
   Buffers: shared hit=3980527 read=75191
 Settings: enable_bitmapscan = 'off', enable_seqscan = 'off', max_parallel_workers_per_gather = '0'
 Planning:
   Buffers: shared hit=82 read=27
 Planning Time: 2.154 ms
 Execution Time: 1440.290 ms
(12 rows)

SET
SET
SET
SET
SET
                                             QUERY PLAN                                             
----------------------------------------------------------------------------------------------------
 Index Scan Backward using idx on public.t (actual rows=4048576.00 loops=1)
   Output: a, b
   Index Cond: ((t.a >= '-4080101'::integer) AND (t.a <= '-31526'::integer))
   Index Searches: 1
   Buffers: shared hit=4055718
 Settings: enable_bitmapscan = 'off', enable_seqscan = 'off', max_parallel_workers_per_gather = '0'
 Planning:
   Buffers: shared hit=114
 Planning Time: 0.216 ms
 Execution Time: 594.745 ms
(10 rows)

