SET
SET
SET
SET
SET
                                                                        QUERY PLAN                                                                         
-----------------------------------------------------------------------------------------------------------------------------------------------------------
 Index Scan Backward using idx on public.t (actual rows=7048576.00 loops=1)
   Output: a, b
   Index Cond: ((t.a >= '-7070601'::integer) AND (t.a <= '-22026'::integer))
   Index Searches: 1
   Prefetch: distance=40.253 count=263425 stalls=6779125 skipped=6676 resets=0 ungets=732 forwarded=1
             histogram [2,4) => 218890, [4,8) => 1822, [8,16) => 16, [16,32) => 27, [32,64) => 36, [64,128) => 322, [128,256) => 27147, [256,512) => 15165
   Buffers: shared hit=6930986 read=130179
 Settings: enable_bitmapscan = 'off', enable_seqscan = 'off', max_parallel_workers_per_gather = '0'
 Planning:
   Buffers: shared hit=82 read=27
 Planning Time: 2.146 ms
 Execution Time: 2504.488 ms
(12 rows)

SET
SET
SET
SET
SET
                                             QUERY PLAN                                             
----------------------------------------------------------------------------------------------------
 Index Scan Backward using idx on public.t (actual rows=7048576.00 loops=1)
   Output: a, b
   Index Cond: ((t.a >= '-7070601'::integer) AND (t.a <= '-22026'::integer))
   Index Searches: 1
   Buffers: shared hit=7061165
 Settings: enable_bitmapscan = 'off', enable_seqscan = 'off', max_parallel_workers_per_gather = '0'
 Planning:
   Buffers: shared hit=114
 Planning Time: 0.210 ms
 Execution Time: 1032.126 ms
(10 rows)

