SET
SET
SET
SET
SET
                                                                       QUERY PLAN                                                                        
---------------------------------------------------------------------------------------------------------------------------------------------------------
 Index Scan Backward using idx on public.t (actual rows=2048576.00 loops=1)
   Output: a, b
   Index Cond: ((t.a >= '-2062472'::integer) AND (t.a <= '-13897'::integer))
   Index Searches: 1
   Prefetch: distance=106.517 count=113545 stalls=1933491 skipped=1938 resets=0 ungets=557 forwarded=1
             histogram [2,4) => 62420, [4,8) => 543, [8,16) => 20, [16,32) => 23, [32,64) => 35, [64,128) => 476, [128,256) => 32860, [256,512) => 17168
   Buffers: shared hit=2013949 read=38292
 Settings: enable_bitmapscan = 'off', enable_seqscan = 'off', max_parallel_workers_per_gather = '0'
 Planning:
   Buffers: shared hit=82 read=27
 Planning Time: 2.159 ms
 Execution Time: 742.925 ms
(12 rows)

SET
SET
SET
SET
SET
                                             QUERY PLAN                                             
----------------------------------------------------------------------------------------------------
 Index Scan Backward using idx on public.t (actual rows=2048576.00 loops=1)
   Output: a, b
   Index Cond: ((t.a >= '-2062472'::integer) AND (t.a <= '-13897'::integer))
   Index Searches: 1
   Buffers: shared hit=2052241
 Settings: enable_bitmapscan = 'off', enable_seqscan = 'off', max_parallel_workers_per_gather = '0'
 Planning:
   Buffers: shared hit=114
 Planning Time: 0.225 ms
 Execution Time: 303.033 ms
(10 rows)

