SET
SET
SET
SET
SET
                                                                        QUERY PLAN                                                                         
-----------------------------------------------------------------------------------------------------------------------------------------------------------
 Index Scan Backward using idx on public.t (actual rows=8048576.00 loops=1)
   Output: a, b
   Index Cond: ((t.a >= '-8066824'::integer) AND (t.a <= '-18249'::integer))
   Index Searches: 1
   Prefetch: distance=38.460 count=298309 stalls=7743070 skipped=7569 resets=0 ungets=571 forwarded=1
             histogram [2,4) => 250012, [4,8) => 2091, [8,16) => 16, [16,32) => 24, [32,64) => 42, [64,128) => 347, [128,256) => 29734, [256,512) => 16043
   Buffers: shared hit=7914510 read=148494
 Settings: enable_bitmapscan = 'off', enable_seqscan = 'off', max_parallel_workers_per_gather = '0'
 Planning:
   Buffers: shared hit=82 read=27
 Planning Time: 2.153 ms
 Execution Time: 2873.318 ms
(12 rows)

SET
SET
SET
SET
SET
                                             QUERY PLAN                                             
----------------------------------------------------------------------------------------------------
 Index Scan Backward using idx on public.t (actual rows=8048576.00 loops=1)
   Output: a, b
   Index Cond: ((t.a >= '-8066824'::integer) AND (t.a <= '-18249'::integer))
   Index Searches: 1
   Buffers: shared hit=8063004
 Settings: enable_bitmapscan = 'off', enable_seqscan = 'off', max_parallel_workers_per_gather = '0'
 Planning:
   Buffers: shared hit=114
 Planning Time: 0.231 ms
 Execution Time: 1202.074 ms
(10 rows)

