SET
SET
SET
SET
SET
                                                                      QUERY PLAN                                                                       
-------------------------------------------------------------------------------------------------------------------------------------------------------
 Index Scan Backward using idx on public.t (actual rows=131072.00 loops=1)
   Output: a, b
   Index Cond: ((t.a >= '-131477'::integer) AND (t.a <= '-406'::integer))
   Index Searches: 1
   Prefetch: distance=220.856 count=28403 stalls=103346 skipped=156 resets=0 ungets=915 forwarded=1
             histogram [2,4) => 2336, [4,8) => 23, [8,16) => 19, [16,32) => 22, [32,64) => 34, [64,128) => 239, [128,256) => 14832, [256,512) => 10898
   Buffers: shared hit=128372 read=2907
 Settings: enable_bitmapscan = 'off', enable_seqscan = 'off', max_parallel_workers_per_gather = '0'
 Planning:
   Buffers: shared hit=81 read=27
 Planning Time: 2.001 ms
 Execution Time: 124.639 ms
(12 rows)

SET
SET
SET
SET
SET
                                             QUERY PLAN                                             
----------------------------------------------------------------------------------------------------
 Index Scan Backward using idx on public.t (actual rows=131072.00 loops=1)
   Output: a, b
   Index Cond: ((t.a >= '-131477'::integer) AND (t.a <= '-406'::integer))
   Index Searches: 1
   Buffers: shared hit=131279
 Settings: enable_bitmapscan = 'off', enable_seqscan = 'off', max_parallel_workers_per_gather = '0'
 Planning:
   Buffers: shared hit=113
 Planning Time: 0.213 ms
 Execution Time: 16.185 ms
(10 rows)

