SET
SET
SET
SET
SET
                                                                      QUERY PLAN                                                                       
-------------------------------------------------------------------------------------------------------------------------------------------------------
 Index Scan Backward using idx on public.t (actual rows=524288.00 loops=1)
   Output: a, b
   Index Cond: ((t.a >= '-532785'::integer) AND (t.a <= '-8498'::integer))
   Index Searches: 1
   Prefetch: distance=94.296 count=24748 stalls=499508 skipped=547 resets=0 ungets=769 forwarded=0
             histogram [2,4) => 15374, [4,8) => 149, [8,16) => 16, [16,32) => 26, [32,64) => 35, [64,128) => 123, [128,256) => 3387, [256,512) => 5638
   Buffers: shared hit=514928 read=10250
 Settings: enable_bitmapscan = 'off', enable_seqscan = 'off', max_parallel_workers_per_gather = '0'
 Planning:
   Buffers: shared hit=77 read=27
 Planning Time: 2.012 ms
 Execution Time: 632.479 ms
(12 rows)

SET
SET
SET
SET
SET
                                             QUERY PLAN                                             
----------------------------------------------------------------------------------------------------
 Index Scan Backward using idx on public.t (actual rows=524288.00 loops=1)
   Output: a, b
   Index Cond: ((t.a >= '-532785'::integer) AND (t.a <= '-8498'::integer))
   Index Searches: 1
   Buffers: shared hit=525178
 Settings: enable_bitmapscan = 'off', enable_seqscan = 'off', max_parallel_workers_per_gather = '0'
 Planning:
   Buffers: shared hit=109
 Planning Time: 0.195 ms
 Execution Time: 78.007 ms
(10 rows)

