SET
SET
SET
SET
SET
                                                                      QUERY PLAN                                                                       
-------------------------------------------------------------------------------------------------------------------------------------------------------
 Index Scan Backward using idx on public.t (actual rows=262144.00 loops=1)
   Output: a, b
   Index Cond: ((t.a >= '-264457'::integer) AND (t.a <= '-2314'::integer))
   Index Searches: 1
   Prefetch: distance=214.500 count=61818 stalls=200647 skipped=292 resets=0 ungets=817 forwarded=1
             histogram [2,4) => 5542, [4,8) => 41, [8,16) => 19, [16,32) => 39, [32,64) => 72, [64,128) => 682, [128,256) => 36115, [256,512) => 19308
   Buffers: shared hit=257232 read=5342
 Settings: enable_bitmapscan = 'off', enable_seqscan = 'off', max_parallel_workers_per_gather = '0'
 Planning:
   Buffers: shared hit=77 read=27
 Planning Time: 2.007 ms
 Execution Time: 285.668 ms
(12 rows)

SET
SET
SET
SET
SET
                                             QUERY PLAN                                             
----------------------------------------------------------------------------------------------------
 Index Scan Backward using idx on public.t (actual rows=262144.00 loops=1)
   Output: a, b
   Index Cond: ((t.a >= '-264457'::integer) AND (t.a <= '-2314'::integer))
   Index Searches: 1
   Buffers: shared hit=262574
 Settings: enable_bitmapscan = 'off', enable_seqscan = 'off', max_parallel_workers_per_gather = '0'
 Planning:
   Buffers: shared hit=109
 Planning Time: 0.216 ms
 Execution Time: 38.424 ms
(10 rows)

