SET
SET
SET
SET
SET
                                                                      QUERY PLAN                                                                       
-------------------------------------------------------------------------------------------------------------------------------------------------------
 Index Scan Backward using idx on public.t (actual rows=3048576.00 loops=1)
   Output: a, b
   Index Cond: ((t.a >= '-3075672'::integer) AND (t.a <= '-27097'::integer))
   Index Searches: 1
   Prefetch: distance=46.356 count=116608 stalls=2929697 skipped=2941 resets=0 ungets=843 forwarded=0
             histogram [2,4) => 94266, [4,8) => 768, [8,16) => 23, [16,32) => 35, [32,64) => 52, [64,128) => 97, [128,256) => 12073, [256,512) => 9294
   Buffers: shared hit=2997176 read=56794
 Settings: enable_bitmapscan = 'off', enable_seqscan = 'off', max_parallel_workers_per_gather = '0'
 Planning:
   Buffers: shared hit=77 read=27
 Planning Time: 2.002 ms
 Execution Time: 3753.570 ms
(12 rows)

SET
SET
SET
SET
SET
                                             QUERY PLAN                                             
----------------------------------------------------------------------------------------------------
 Index Scan Backward using idx on public.t (actual rows=3048576.00 loops=1)
   Output: a, b
   Index Cond: ((t.a >= '-3075672'::integer) AND (t.a <= '-27097'::integer))
   Index Searches: 1
   Buffers: shared hit=3053970
 Settings: enable_bitmapscan = 'off', enable_seqscan = 'off', max_parallel_workers_per_gather = '0'
 Planning:
   Buffers: shared hit=109
 Planning Time: 0.196 ms
 Execution Time: 452.898 ms
(10 rows)

