SET
SET
SET
SET
SET
                                                                       QUERY PLAN                                                                       
--------------------------------------------------------------------------------------------------------------------------------------------------------
 Index Scan Backward using idx on public.t (actual rows=5048576.00 loops=1)
   Output: a, b
   Index Cond: ((t.a >= '-5071682'::integer) AND (t.a <= '-23107'::integer))
   Index Searches: 1
   Prefetch: distance=17.315 count=168606 stalls=4876006 skipped=4950 resets=0 ungets=1005 forwarded=1
             histogram [2,4) => 157035, [4,8) => 1290, [8,16) => 15, [16,32) => 27, [32,64) => 34, [64,128) => 66, [128,256) => 3562, [256,512) => 6577
   Buffers: shared hit=4963951 read=93475
 Settings: enable_bitmapscan = 'off', enable_seqscan = 'off', max_parallel_workers_per_gather = '0'
 Planning:
   Buffers: shared hit=77 read=27
 Planning Time: 2.036 ms
 Execution Time: 6112.086 ms
(12 rows)

SET
SET
SET
SET
SET
                                             QUERY PLAN                                             
----------------------------------------------------------------------------------------------------
 Index Scan Backward using idx on public.t (actual rows=5048576.00 loops=1)
   Output: a, b
   Index Cond: ((t.a >= '-5071682'::integer) AND (t.a <= '-23107'::integer))
   Index Searches: 1
   Buffers: shared hit=5057426
 Settings: enable_bitmapscan = 'off', enable_seqscan = 'off', max_parallel_workers_per_gather = '0'
 Planning:
   Buffers: shared hit=109
 Planning Time: 0.239 ms
 Execution Time: 760.797 ms
(10 rows)

