SET
SET
SET
SET
SET
                                                                        QUERY PLAN                                                                         
-----------------------------------------------------------------------------------------------------------------------------------------------------------
 Index Scan Backward using idx on public.t (actual rows=2048576.00 loops=1)
   Output: a, b
   Index Cond: ((t.a >= '-2075076'::integer) AND (t.a <= '-26501'::integer))
   Index Searches: 1
   Prefetch: distance=152.180 count=172596 stalls=1874569 skipped=1989 resets=0 ungets=799 forwarded=1
             histogram [2,4) => 60186, [4,8) => 497, [8,16) => 20, [16,32) => 49, [32,64) => 463, [64,128) => 1563, [128,256) => 74825, [256,512) => 34993
   Buffers: shared hit=2013758 read=38432
 Settings: enable_bitmapscan = 'off', enable_seqscan = 'off', max_parallel_workers_per_gather = '0'
 Planning:
   Buffers: shared hit=77 read=27
 Planning Time: 1.982 ms
 Execution Time: 2428.753 ms
(12 rows)

SET
SET
SET
SET
SET
                                             QUERY PLAN                                             
----------------------------------------------------------------------------------------------------
 Index Scan Backward using idx on public.t (actual rows=2048576.00 loops=1)
   Output: a, b
   Index Cond: ((t.a >= '-2075076'::integer) AND (t.a <= '-26501'::integer))
   Index Searches: 1
   Buffers: shared hit=2052190
 Settings: enable_bitmapscan = 'off', enable_seqscan = 'off', max_parallel_workers_per_gather = '0'
 Planning:
   Buffers: shared hit=109
 Planning Time: 0.216 ms
 Execution Time: 306.998 ms
(10 rows)

