SET
SET
SET
SET
SET
                                             QUERY PLAN                                             
----------------------------------------------------------------------------------------------------
 Index Scan using idx on public.t (actual rows=4096.00 loops=1)
   Output: a, b
   Index Cond: ((t.a >= '-5638'::integer) AND (t.a <= '-4615'::integer))
   Index Searches: 1
   Prefetch: distance=2.075 count=375 stalls=3414 skipped=60 resets=0 ungets=0 forwarded=0
             histogram [2,4) => 365, [4,8) => 10
   Buffers: shared hit=3752 read=291
 Settings: enable_bitmapscan = 'off', enable_seqscan = 'off', max_parallel_workers_per_gather = '0'
 Planning:
   Buffers: shared hit=86 read=26
 Planning Time: 1.879 ms
 Execution Time: 7.185 ms
(12 rows)

SET
SET
SET
SET
SET
                                             QUERY PLAN                                             
----------------------------------------------------------------------------------------------------
 Index Scan using idx on public.t (actual rows=4096.00 loops=1)
   Output: a, b
   Index Cond: ((t.a >= '-5638'::integer) AND (t.a <= '-4615'::integer))
   Index Searches: 1
   Buffers: shared hit=4043
 Settings: enable_bitmapscan = 'off', enable_seqscan = 'off', max_parallel_workers_per_gather = '0'
 Planning:
   Buffers: shared hit=117
 Planning Time: 0.306 ms
 Execution Time: 0.590 ms
(10 rows)

