SET
SET
SET
SET
SET
                                                                       QUERY PLAN                                                                       
--------------------------------------------------------------------------------------------------------------------------------------------------------
 Index Scan Backward using idx on public.t (actual rows=131072.00 loops=1)
   Output: a, b
   Index Cond: ((t.a >= '-142040'::integer) AND (t.a <= '-10969'::integer))
   Index Searches: 1
   Prefetch: distance=222.780 count=39047 stalls=92831 skipped=147 resets=0 ungets=984 forwarded=2
             histogram [2,4) => 2312, [4,8) => 23, [8,16) => 15, [16,32) => 29, [32,64) => 171, [64,128) => 594, [128,256) => 21847, [256,512) => 14056
   Buffers: shared hit=128218 read=3072
 Settings: enable_bitmapscan = 'off', enable_seqscan = 'off', max_parallel_workers_per_gather = '0'
 Planning:
   Buffers: shared hit=81 read=27
 Planning Time: 2.034 ms
 Execution Time: 122.119 ms
(12 rows)

SET
SET
SET
SET
SET
                                             QUERY PLAN                                             
----------------------------------------------------------------------------------------------------
 Index Scan Backward using idx on public.t (actual rows=131072.00 loops=1)
   Output: a, b
   Index Cond: ((t.a >= '-142040'::integer) AND (t.a <= '-10969'::integer))
   Index Searches: 1
   Buffers: shared hit=131290
 Settings: enable_bitmapscan = 'off', enable_seqscan = 'off', max_parallel_workers_per_gather = '0'
 Planning:
   Buffers: shared hit=113
 Planning Time: 0.187 ms
 Execution Time: 14.532 ms
(10 rows)

