SET
SET
SET
SET
SET
                                                                    QUERY PLAN                                                                     
---------------------------------------------------------------------------------------------------------------------------------------------------
 Index Scan Backward using idx on public.t (actual rows=32768.00 loops=1)
   Output: a, b
   Index Cond: ((t.a >= '-59766'::integer) AND (t.a <= '-26999'::integer))
   Index Searches: 1
   Prefetch: distance=235.935 count=12923 stalls=20589 skipped=32 resets=0 ungets=883 forwarded=1
             histogram [2,4) => 398, [4,8) => 8, [8,16) => 17, [16,32) => 25, [32,64) => 36, [64,128) => 237, [128,256) => 5572, [256,512) => 6630
   Buffers: shared hit=31400 read=1432
 Settings: enable_bitmapscan = 'off', enable_seqscan = 'off', max_parallel_workers_per_gather = '0'
 Planning:
   Buffers: shared hit=81 read=27
 Planning Time: 1.997 ms
 Execution Time: 39.070 ms
(12 rows)

SET
SET
SET
SET
SET
                                             QUERY PLAN                                             
----------------------------------------------------------------------------------------------------
 Index Scan Backward using idx on public.t (actual rows=32768.00 loops=1)
   Output: a, b
   Index Cond: ((t.a >= '-59766'::integer) AND (t.a <= '-26999'::integer))
   Index Searches: 1
   Buffers: shared hit=32832
 Settings: enable_bitmapscan = 'off', enable_seqscan = 'off', max_parallel_workers_per_gather = '0'
 Planning:
   Buffers: shared hit=113
 Planning Time: 0.149 ms
 Execution Time: 3.260 ms
(10 rows)

