SET
SET
SET
SET
SET
                                                                        QUERY PLAN                                                                         
-----------------------------------------------------------------------------------------------------------------------------------------------------------
 Index Scan Backward using idx on public.t (actual rows=2048576.00 loops=1)
   Output: a, b
   Index Cond: ((t.a >= '-2060590'::integer) AND (t.a <= '-12015'::integer))
   Index Searches: 1
   Prefetch: distance=145.036 count=158686 stalls=1888890 skipped=2000 resets=0 ungets=1009 forwarded=1
             histogram [2,4) => 60324, [4,8) => 498, [8,16) => 13, [16,32) => 53, [32,64) => 422, [64,128) => 1284, [128,256) => 64918, [256,512) => 31174
   Buffers: shared hit=2013901 read=38279
 Settings: enable_bitmapscan = 'off', enable_seqscan = 'off', max_parallel_workers_per_gather = '0'
 Planning:
   Buffers: shared hit=77 read=27
 Planning Time: 2.149 ms
 Execution Time: 2412.222 ms
(12 rows)

SET
SET
SET
SET
SET
                                             QUERY PLAN                                             
----------------------------------------------------------------------------------------------------
 Index Scan Backward using idx on public.t (actual rows=2048576.00 loops=1)
   Output: a, b
   Index Cond: ((t.a >= '-2060590'::integer) AND (t.a <= '-12015'::integer))
   Index Searches: 1
   Buffers: shared hit=2052180
 Settings: enable_bitmapscan = 'off', enable_seqscan = 'off', max_parallel_workers_per_gather = '0'
 Planning:
   Buffers: shared hit=109
 Planning Time: 0.219 ms
 Execution Time: 307.833 ms
(10 rows)

