SET
SET
SET
SET
SET
                                                                      QUERY PLAN                                                                      
------------------------------------------------------------------------------------------------------------------------------------------------------
 Index Scan Backward using idx on public.t (actual rows=65536.00 loops=1)
   Output: a, b
   Index Cond: ((t.a >= '-87320'::integer) AND (t.a <= '-21785'::integer))
   Index Searches: 1
   Prefetch: distance=226.469 count=20675 stalls=45399 skipped=70 resets=0 ungets=819 forwarded=0
             histogram [2,4) => 1038, [4,8) => 16, [8,16) => 14, [16,32) => 25, [32,64) => 36, [64,128) => 293, [128,256) => 10591, [256,512) => 8662
   Buffers: shared hit=63664 read=1987
 Settings: enable_bitmapscan = 'off', enable_seqscan = 'off', max_parallel_workers_per_gather = '0'
 Planning:
   Buffers: shared hit=81 read=27
 Planning Time: 2.012 ms
 Execution Time: 72.480 ms
(12 rows)

SET
SET
SET
SET
SET
                                             QUERY PLAN                                             
----------------------------------------------------------------------------------------------------
 Index Scan Backward using idx on public.t (actual rows=65536.00 loops=1)
   Output: a, b
   Index Cond: ((t.a >= '-87320'::integer) AND (t.a <= '-21785'::integer))
   Index Searches: 1
   Buffers: shared hit=65651
 Settings: enable_bitmapscan = 'off', enable_seqscan = 'off', max_parallel_workers_per_gather = '0'
 Planning:
   Buffers: shared hit=113
 Planning Time: 0.177 ms
 Execution Time: 6.502 ms
(10 rows)

