SET
SET
SET
SET
SET
                                                                        QUERY PLAN                                                                        
----------------------------------------------------------------------------------------------------------------------------------------------------------
 Index Scan Backward using idx on public.t (actual rows=4048576.00 loops=1)
   Output: a, b
   Index Cond: ((t.a >= '-4080135'::integer) AND (t.a <= '-31560'::integer))
   Index Searches: 1
   Prefetch: distance=34.614 count=146611 stalls=3898425 skipped=3912 resets=0 ungets=704 forwarded=0
             histogram [2,4) => 125640, [4,8) => 1028, [8,16) => 20, [16,32) => 43, [32,64) => 34, [64,128) => 109, [128,256) => 10950, [256,512) => 8787
   Buffers: shared hit=3980543 read=75188
 Settings: enable_bitmapscan = 'off', enable_seqscan = 'off', max_parallel_workers_per_gather = '0'
 Planning:
   Buffers: shared hit=77 read=27
 Planning Time: 2.021 ms
 Execution Time: 4926.418 ms
(12 rows)

SET
SET
SET
SET
SET
                                             QUERY PLAN                                             
----------------------------------------------------------------------------------------------------
 Index Scan Backward using idx on public.t (actual rows=4048576.00 loops=1)
   Output: a, b
   Index Cond: ((t.a >= '-4080135'::integer) AND (t.a <= '-31560'::integer))
   Index Searches: 1
   Buffers: shared hit=4055731
 Settings: enable_bitmapscan = 'off', enable_seqscan = 'off', max_parallel_workers_per_gather = '0'
 Planning:
   Buffers: shared hit=109
 Planning Time: 0.220 ms
 Execution Time: 603.460 ms
(10 rows)

