SET
SET
SET
SET
SET
                                                                        QUERY PLAN                                                                         
-----------------------------------------------------------------------------------------------------------------------------------------------------------
 Index Scan Backward using idx on public.t (actual rows=9048576.00 loops=1)
   Output: a, b
   Index Cond: ((t.a >= '-9049417'::integer) AND (t.a <= '-842'::integer))
   Index Searches: 1
   Prefetch: distance=17.871 count=303932 stalls=8736695 skipped=8812 resets=0 ungets=929 forwarded=1
             histogram [2,4) => 281131, [4,8) => 2278, [8,16) => 16, [16,32) => 40, [32,64) => 155, [64,128) => 489, [128,256) => 10937, [256,512) => 8886
   Buffers: shared hit=8897876 read=166617
 Settings: enable_bitmapscan = 'off', enable_seqscan = 'off', max_parallel_workers_per_gather = '0'
 Planning:
   Buffers: shared hit=77 read=27
 Planning Time: 1.999 ms
 Execution Time: 10981.812 ms
(12 rows)

SET
SET
SET
SET
SET
                                             QUERY PLAN                                             
----------------------------------------------------------------------------------------------------
 Index Scan Backward using idx on public.t (actual rows=9048576.00 loops=1)
   Output: a, b
   Index Cond: ((t.a >= '-9049417'::integer) AND (t.a <= '-842'::integer))
   Index Searches: 1
   Buffers: shared hit=9064493
 Settings: enable_bitmapscan = 'off', enable_seqscan = 'off', max_parallel_workers_per_gather = '0'
 Planning:
   Buffers: shared hit=109
 Planning Time: 0.227 ms
 Execution Time: 1355.378 ms
(10 rows)

