SET
SET
SET
SET
SET
                                                                       QUERY PLAN                                                                        
---------------------------------------------------------------------------------------------------------------------------------------------------------
 Index Scan Backward using idx on public.t (actual rows=6048576.00 loops=1)
   Output: a, b
   Index Cond: ((t.a >= '-6071246'::integer) AND (t.a <= '-22671'::integer))
   Index Searches: 1
   Prefetch: distance=18.931 count=203906 stalls=5839669 skipped=5923 resets=0 ungets=959 forwarded=0
             histogram [2,4) => 188153, [4,8) => 1533, [8,16) => 14, [16,32) => 28, [32,64) => 62, [64,128) => 261, [128,256) => 6379, [256,512) => 7476
   Buffers: shared hit=5947363 read=111823
 Settings: enable_bitmapscan = 'off', enable_seqscan = 'off', max_parallel_workers_per_gather = '0'
 Planning:
   Buffers: shared hit=77 read=27
 Planning Time: 1.986 ms
 Execution Time: 7314.770 ms
(12 rows)

SET
SET
SET
SET
SET
                                             QUERY PLAN                                             
----------------------------------------------------------------------------------------------------
 Index Scan Backward using idx on public.t (actual rows=6048576.00 loops=1)
   Output: a, b
   Index Cond: ((t.a >= '-6071246'::integer) AND (t.a <= '-22671'::integer))
   Index Searches: 1
   Buffers: shared hit=6059186
 Settings: enable_bitmapscan = 'off', enable_seqscan = 'off', max_parallel_workers_per_gather = '0'
 Planning:
   Buffers: shared hit=109
 Planning Time: 0.243 ms
 Execution Time: 897.141 ms
(10 rows)

