SET
SET
SET
SET
SET
                                                                QUERY PLAN                                                                 
-------------------------------------------------------------------------------------------------------------------------------------------
 Index Scan Backward using idx on public.t (actual rows=2048.00 loops=1)
   Output: a, b
   Index Cond: ((t.a >= '-13012'::integer) AND (t.a <= '-10965'::integer))
   Index Searches: 1
   Prefetch: distance=263.381 count=2298 stalls=1 skipped=2 resets=0 ungets=454 forwarded=0
             histogram [2,4) => 8, [4,8) => 7, [8,16) => 6, [16,32) => 19, [32,64) => 4, [64,128) => 2, [128,256) => 92, [256,512) => 2160
   Buffers: shared hit=1409 read=648
 Settings: enable_bitmapscan = 'off', enable_seqscan = 'off', max_parallel_workers_per_gather = '0'
 Planning:
   Buffers: shared hit=81 read=27
 Planning Time: 1.993 ms
 Execution Time: 17.169 ms
(12 rows)

SET
SET
SET
SET
SET
                                             QUERY PLAN                                             
----------------------------------------------------------------------------------------------------
 Index Scan Backward using idx on public.t (actual rows=2048.00 loops=1)
   Output: a, b
   Index Cond: ((t.a >= '-13012'::integer) AND (t.a <= '-10965'::integer))
   Index Searches: 1
   Buffers: shared hit=2057
 Settings: enable_bitmapscan = 'off', enable_seqscan = 'off', max_parallel_workers_per_gather = '0'
 Planning:
   Buffers: shared hit=113
 Planning Time: 0.206 ms
 Execution Time: 0.818 ms
(10 rows)

