SET
SET
SET
SET
SET
                                                                     QUERY PLAN                                                                     
----------------------------------------------------------------------------------------------------------------------------------------------------
 Index Scan using idx on public.t (actual rows=3048576.00 loops=1)
   Output: a, b
   Index Cond: ((t.a >= '-770464'::integer) AND (t.a <= '-8321'::integer))
   Index Searches: 1
   Prefetch: distance=262.860 count=3272315 stalls=1 skipped=44904 resets=0 ungets=268763 forwarded=5657
             histogram [2,4) => 2, [4,8) => 5, [8,16) => 17, [16,32) => 13, [32,64) => 30, [64,128) => 3, [128,256) => 596357, [256,512) => 2675888
   Buffers: shared hit=2858166 read=149824
 Settings: enable_bitmapscan = 'off', enable_seqscan = 'off', max_parallel_workers_per_gather = '0'
 Planning:
   Buffers: shared hit=82 read=26
 Planning Time: 2.107 ms
 Execution Time: 1027.435 ms
(12 rows)

SET
SET
SET
SET
SET
                                             QUERY PLAN                                             
----------------------------------------------------------------------------------------------------
 Index Scan using idx on public.t (actual rows=3048576.00 loops=1)
   Output: a, b
   Index Cond: ((t.a >= '-770464'::integer) AND (t.a <= '-8321'::integer))
   Index Searches: 1
   Buffers: shared hit=3008239
 Settings: enable_bitmapscan = 'off', enable_seqscan = 'off', max_parallel_workers_per_gather = '0'
 Planning:
   Buffers: shared hit=113
 Planning Time: 0.234 ms
 Execution Time: 481.466 ms
(10 rows)

