SET
SET
SET
SET
SET
                                                                QUERY PLAN                                                                
------------------------------------------------------------------------------------------------------------------------------------------
 Index Scan Backward using idx on public.t (actual rows=512.00 loops=1)
   Output: a, b
   Index Cond: ((t.a >= '-32398'::integer) AND (t.a <= '-31887'::integer))
   Index Searches: 1
   Prefetch: distance=250.052 count=504 stalls=1 skipped=0 resets=0 ungets=182 forwarded=0
             histogram [2,4) => 10, [4,8) => 4, [8,16) => 6, [16,32) => 17, [32,64) => 4, [64,128) => 2, [128,256) => 2, [256,512) => 459
   Buffers: shared hit=141 read=378
 Settings: enable_bitmapscan = 'off', enable_seqscan = 'off', max_parallel_workers_per_gather = '0'
 Planning:
   Buffers: shared hit=81 read=27
 Planning Time: 1.395 ms
 Execution Time: 13.536 ms
(12 rows)

SET
SET
SET
SET
SET
                                             QUERY PLAN                                             
----------------------------------------------------------------------------------------------------
 Index Scan Backward using idx on public.t (actual rows=512.00 loops=1)
   Output: a, b
   Index Cond: ((t.a >= '-32398'::integer) AND (t.a <= '-31887'::integer))
   Index Searches: 1
   Buffers: shared hit=519
 Settings: enable_bitmapscan = 'off', enable_seqscan = 'off', max_parallel_workers_per_gather = '0'
 Planning:
   Buffers: shared hit=113
 Planning Time: 0.156 ms
 Execution Time: 0.223 ms
(10 rows)

