SET
SET
SET
SET
SET
                                                                     QUERY PLAN                                                                      
-----------------------------------------------------------------------------------------------------------------------------------------------------
 Index Scan Backward using idx on public.t (actual rows=131072.00 loops=1)
   Output: a, b
   Index Cond: ((t.a >= '-152837'::integer) AND (t.a <= '-21766'::integer))
   Index Searches: 1
   Prefetch: distance=201.084 count=17992 stalls=113535 skipped=142 resets=0 ungets=811 forwarded=0
             histogram [2,4) => 3236, [4,8) => 27, [8,16) => 18, [16,32) => 26, [32,64) => 36, [64,128) => 187, [128,256) => 6907, [256,512) => 7555
   Buffers: shared hit=128106 read=3187
 Settings: enable_bitmapscan = 'off', enable_seqscan = 'off', max_parallel_workers_per_gather = '0'
 Planning:
   Buffers: shared hit=81 read=27
 Planning Time: 2.002 ms
 Execution Time: 166.711 ms
(12 rows)

SET
SET
SET
SET
SET
                                             QUERY PLAN                                             
----------------------------------------------------------------------------------------------------
 Index Scan Backward using idx on public.t (actual rows=131072.00 loops=1)
   Output: a, b
   Index Cond: ((t.a >= '-152837'::integer) AND (t.a <= '-21766'::integer))
   Index Searches: 1
   Buffers: shared hit=131293
 Settings: enable_bitmapscan = 'off', enable_seqscan = 'off', max_parallel_workers_per_gather = '0'
 Planning:
   Buffers: shared hit=113
 Planning Time: 0.179 ms
 Execution Time: 14.709 ms
(10 rows)

