SET
SET
SET
SET
SET
                                                                       QUERY PLAN                                                                        
---------------------------------------------------------------------------------------------------------------------------------------------------------
 Index Scan Backward using idx on public.t (actual rows=5048576.00 loops=1)
   Output: a, b
   Index Cond: ((t.a >= '-5080254'::integer) AND (t.a <= '-31679'::integer))
   Index Searches: 1
   Prefetch: distance=27.272 count=176740 stalls=4867562 skipped=4944 resets=0 ungets=843 forwarded=1
             histogram [2,4) => 156923, [4,8) => 1293, [8,16) => 15, [16,32) => 25, [32,64) => 37, [64,128) => 117, [128,256) => 9774, [256,512) => 8556
   Buffers: shared hit=4963882 read=93550
 Settings: enable_bitmapscan = 'off', enable_seqscan = 'off', max_parallel_workers_per_gather = '0'
 Planning:
   Buffers: shared hit=77 read=27
 Planning Time: 2.052 ms
 Execution Time: 6242.572 ms
(12 rows)

SET
SET
SET
SET
SET
                                             QUERY PLAN                                             
----------------------------------------------------------------------------------------------------
 Index Scan Backward using idx on public.t (actual rows=5048576.00 loops=1)
   Output: a, b
   Index Cond: ((t.a >= '-5080254'::integer) AND (t.a <= '-31679'::integer))
   Index Searches: 1
   Buffers: shared hit=5057432
 Settings: enable_bitmapscan = 'off', enable_seqscan = 'off', max_parallel_workers_per_gather = '0'
 Planning:
   Buffers: shared hit=109
 Planning Time: 0.243 ms
 Execution Time: 752.311 ms
(10 rows)

