SET
SET
SET
SET
SET
                                                                      QUERY PLAN                                                                       
-------------------------------------------------------------------------------------------------------------------------------------------------------
 Index Scan Backward using idx on public.t (actual rows=262144.00 loops=1)
   Output: a, b
   Index Cond: ((t.a >= '-294278'::integer) AND (t.a <= '-32135'::integer))
   Index Searches: 1
   Prefetch: distance=196.596 count=40062 stalls=222787 skipped=270 resets=0 ungets=988 forwarded=1
             histogram [2,4) => 6952, [4,8) => 57, [8,16) => 19, [16,32) => 25, [32,64) => 87, [64,128) => 734, [128,256) => 18969, [256,512) => 13219
   Buffers: shared hit=256910 read=5687
 Settings: enable_bitmapscan = 'off', enable_seqscan = 'off', max_parallel_workers_per_gather = '0'
 Planning:
   Buffers: shared hit=77 read=27
 Planning Time: 1.973 ms
 Execution Time: 323.582 ms
(12 rows)

SET
SET
SET
SET
SET
                                             QUERY PLAN                                             
----------------------------------------------------------------------------------------------------
 Index Scan Backward using idx on public.t (actual rows=262144.00 loops=1)
   Output: a, b
   Index Cond: ((t.a >= '-294278'::integer) AND (t.a <= '-32135'::integer))
   Index Searches: 1
   Buffers: shared hit=262597
 Settings: enable_bitmapscan = 'off', enable_seqscan = 'off', max_parallel_workers_per_gather = '0'
 Planning:
   Buffers: shared hit=109
 Planning Time: 0.211 ms
 Execution Time: 35.171 ms
(10 rows)

