SET
SET
SET
SET
SET
                                                                      QUERY PLAN                                                                      
------------------------------------------------------------------------------------------------------------------------------------------------------
 Index Scan Backward using idx on public.t (actual rows=3048576.00 loops=1)
   Output: a, b
   Index Cond: ((t.a >= '-3050159'::integer) AND (t.a <= '-1584'::integer))
   Index Searches: 1
   Prefetch: distance=22.502 count=103291 stalls=2942780 skipped=2972 resets=0 ungets=747 forwarded=4
             histogram [2,4) => 94060, [4,8) => 770, [8,16) => 22, [16,32) => 51, [32,64) => 70, [64,128) => 66, [128,256) => 2638, [256,512) => 5614
   Buffers: shared hit=2997452 read=56487
 Settings: enable_bitmapscan = 'off', enable_seqscan = 'off', max_parallel_workers_per_gather = '0'
 Planning:
   Buffers: shared hit=77 read=27
 Planning Time: 2.028 ms
 Execution Time: 3691.835 ms
(12 rows)

SET
SET
SET
SET
SET
                                             QUERY PLAN                                             
----------------------------------------------------------------------------------------------------
 Index Scan Backward using idx on public.t (actual rows=3048576.00 loops=1)
   Output: a, b
   Index Cond: ((t.a >= '-3050159'::integer) AND (t.a <= '-1584'::integer))
   Index Searches: 1
   Buffers: shared hit=3053939
 Settings: enable_bitmapscan = 'off', enable_seqscan = 'off', max_parallel_workers_per_gather = '0'
 Planning:
   Buffers: shared hit=109
 Planning Time: 0.190 ms
 Execution Time: 449.254 ms
(10 rows)

