SET
SET
SET
SET
SET
                                                                      QUERY PLAN                                                                       
-------------------------------------------------------------------------------------------------------------------------------------------------------
 Index Scan Backward using idx on public.t (actual rows=1048576.00 loops=1)
   Output: a, b
   Index Cond: ((t.a >= '-1069042'::integer) AND (t.a <= '-20467'::integer))
   Index Searches: 1
   Prefetch: distance=79.465 count=47422 stalls=1000531 skipped=1032 resets=0 ungets=730 forwarded=1
             histogram [2,4) => 31842, [4,8) => 299, [8,16) => 14, [16,32) => 31, [32,64) => 60, [64,128) => 283, [128,256) => 7398, [256,512) => 7495
   Buffers: shared hit=1030396 read=20018
 Settings: enable_bitmapscan = 'off', enable_seqscan = 'off', max_parallel_workers_per_gather = '0'
 Planning:
   Buffers: shared hit=77 read=27
 Planning Time: 2.002 ms
 Execution Time: 1274.487 ms
(12 rows)

SET
SET
SET
SET
SET
                                             QUERY PLAN                                             
----------------------------------------------------------------------------------------------------
 Index Scan Backward using idx on public.t (actual rows=1048576.00 loops=1)
   Output: a, b
   Index Cond: ((t.a >= '-1069042'::integer) AND (t.a <= '-20467'::integer))
   Index Searches: 1
   Buffers: shared hit=1050414
 Settings: enable_bitmapscan = 'off', enable_seqscan = 'off', max_parallel_workers_per_gather = '0'
 Planning:
   Buffers: shared hit=109
 Planning Time: 0.201 ms
 Execution Time: 164.994 ms
(10 rows)

