SET
SET
SET
SET
SET
                                                                      QUERY PLAN                                                                       
-------------------------------------------------------------------------------------------------------------------------------------------------------
 Index Scan Backward using idx on public.t (actual rows=524288.00 loops=1)
   Output: a, b
   Index Cond: ((t.a >= '-533224'::integer) AND (t.a <= '-8937'::integer))
   Index Searches: 1
   Prefetch: distance=95.217 count=25056 stalls=499069 skipped=549 resets=0 ungets=713 forwarded=0
             histogram [2,4) => 15374, [4,8) => 148, [8,16) => 18, [16,32) => 26, [32,64) => 35, [64,128) => 147, [128,256) => 3730, [256,512) => 5578
   Buffers: shared hit=514921 read=10256
 Settings: enable_bitmapscan = 'off', enable_seqscan = 'off', max_parallel_workers_per_gather = '0'
 Planning:
   Buffers: shared hit=77 read=27
 Planning Time: 2.049 ms
 Execution Time: 645.469 ms
(12 rows)

SET
SET
SET
SET
SET
                                             QUERY PLAN                                             
----------------------------------------------------------------------------------------------------
 Index Scan Backward using idx on public.t (actual rows=524288.00 loops=1)
   Output: a, b
   Index Cond: ((t.a >= '-533224'::integer) AND (t.a <= '-8937'::integer))
   Index Searches: 1
   Buffers: shared hit=525177
 Settings: enable_bitmapscan = 'off', enable_seqscan = 'off', max_parallel_workers_per_gather = '0'
 Planning:
   Buffers: shared hit=109
 Planning Time: 0.216 ms
 Execution Time: 81.037 ms
(10 rows)

