SET
SET
SET
SET
SET
                                                                         QUERY PLAN                                                                         
------------------------------------------------------------------------------------------------------------------------------------------------------------
 Index Scan Backward using idx on public.t (actual rows=6048576.00 loops=1)
   Output: a, b
   Index Cond: ((t.a >= '-6065861'::integer) AND (t.a <= '-17286'::integer))
   Index Searches: 1
   Prefetch: distance=30.205 count=214942 stalls=5828417 skipped=5927 resets=0 ungets=852 forwarded=2
             histogram [2,4) => 187665, [4,8) => 1529, [8,16) => 16, [16,32) => 39, [32,64) => 175, [64,128) => 521, [128,256) => 14271, [256,512) => 10726
   Buffers: shared hit=5947416 read=111765
 Settings: enable_bitmapscan = 'off', enable_seqscan = 'off', max_parallel_workers_per_gather = '0'
 Planning:
   Buffers: shared hit=77 read=27
 Planning Time: 1.995 ms
 Execution Time: 7283.027 ms
(12 rows)

SET
SET
SET
SET
SET
                                             QUERY PLAN                                             
----------------------------------------------------------------------------------------------------
 Index Scan Backward using idx on public.t (actual rows=6048576.00 loops=1)
   Output: a, b
   Index Cond: ((t.a >= '-6065861'::integer) AND (t.a <= '-17286'::integer))
   Index Searches: 1
   Buffers: shared hit=6059181
 Settings: enable_bitmapscan = 'off', enable_seqscan = 'off', max_parallel_workers_per_gather = '0'
 Planning:
   Buffers: shared hit=109
 Planning Time: 0.240 ms
 Execution Time: 907.900 ms
(10 rows)

