SET
SET
SET
SET
SET
                                                                        QUERY PLAN                                                                         
-----------------------------------------------------------------------------------------------------------------------------------------------------------
 Index Scan Backward using idx on public.t (actual rows=2048576.00 loops=1)
   Output: a, b
   Index Cond: ((t.a >= '-2059868'::integer) AND (t.a <= '-11293'::integer))
   Index Searches: 1
   Prefetch: distance=144.990 count=157949 stalls=1889603 skipped=2001 resets=0 ungets=996 forwarded=1
             histogram [2,4) => 60332, [4,8) => 498, [8,16) => 13, [16,32) => 50, [32,64) => 350, [64,128) => 1040, [128,256) => 64518, [256,512) => 31148
   Buffers: shared hit=2013905 read=38274
 Settings: enable_bitmapscan = 'off', enable_seqscan = 'off', max_parallel_workers_per_gather = '0'
 Planning:
   Buffers: shared hit=77 read=27
 Planning Time: 2.014 ms
 Execution Time: 2449.157 ms
(12 rows)

SET
SET
SET
SET
SET
                                             QUERY PLAN                                             
----------------------------------------------------------------------------------------------------
 Index Scan Backward using idx on public.t (actual rows=2048576.00 loops=1)
   Output: a, b
   Index Cond: ((t.a >= '-2059868'::integer) AND (t.a <= '-11293'::integer))
   Index Searches: 1
   Buffers: shared hit=2052179
 Settings: enable_bitmapscan = 'off', enable_seqscan = 'off', max_parallel_workers_per_gather = '0'
 Planning:
   Buffers: shared hit=109
 Planning Time: 0.225 ms
 Execution Time: 308.840 ms
(10 rows)

