SET
SET
SET
SET
SET
                                                                        QUERY PLAN                                                                         
-----------------------------------------------------------------------------------------------------------------------------------------------------------
 Index Scan Backward using idx on public.t (actual rows=7048576.00 loops=1)
   Output: a, b
   Index Cond: ((t.a >= '-7073643'::integer) AND (t.a <= '-25068'::integer))
   Index Searches: 1
   Prefetch: distance=22.601 count=242686 stalls=6799391 skipped=6891 resets=0 ungets=718 forwarded=0
             histogram [2,4) => 219193, [4,8) => 1804, [8,16) => 20, [16,32) => 65, [32,64) => 475, [64,128) => 694, [128,256) => 11598, [256,512) => 8837
   Buffers: shared hit=6930750 read=130199
 Settings: enable_bitmapscan = 'off', enable_seqscan = 'off', max_parallel_workers_per_gather = '0'
 Planning:
   Buffers: shared hit=77 read=27
 Planning Time: 2.056 ms
 Execution Time: 8616.934 ms
(12 rows)

SET
SET
SET
SET
SET
                                             QUERY PLAN                                             
----------------------------------------------------------------------------------------------------
 Index Scan Backward using idx on public.t (actual rows=7048576.00 loops=1)
   Output: a, b
   Index Cond: ((t.a >= '-7073643'::integer) AND (t.a <= '-25068'::integer))
   Index Searches: 1
   Buffers: shared hit=7060949
 Settings: enable_bitmapscan = 'off', enable_seqscan = 'off', max_parallel_workers_per_gather = '0'
 Planning:
   Buffers: shared hit=109
 Planning Time: 0.234 ms
 Execution Time: 1054.066 ms
(10 rows)

