SET
SET
SET
SET
SET
                                                                         QUERY PLAN                                                                         
------------------------------------------------------------------------------------------------------------------------------------------------------------
 Index Scan Backward using idx on public.t (actual rows=8048576.00 loops=1)
   Output: a, b
   Index Cond: ((t.a >= '-8061009'::integer) AND (t.a <= '-12434'::integer))
   Index Searches: 1
   Prefetch: distance=50.456 count=317074 stalls=7724214 skipped=7859 resets=0 ungets=795 forwarded=1
             histogram [2,4) => 248781, [4,8) => 2044, [8,16) => 17, [16,32) => 26, [32,64) => 59, [64,128) => 1365, [128,256) => 42656, [256,512) => 22126
   Buffers: shared hit=7914286 read=148428
 Settings: enable_bitmapscan = 'off', enable_seqscan = 'off', max_parallel_workers_per_gather = '0'
 Planning:
   Buffers: shared hit=77 read=27
 Planning Time: 1.990 ms
 Execution Time: 9703.171 ms
(12 rows)

SET
SET
SET
SET
SET
                                             QUERY PLAN                                             
----------------------------------------------------------------------------------------------------
 Index Scan Backward using idx on public.t (actual rows=8048576.00 loops=1)
   Output: a, b
   Index Cond: ((t.a >= '-8061009'::integer) AND (t.a <= '-12434'::integer))
   Index Searches: 1
   Buffers: shared hit=8062714
 Settings: enable_bitmapscan = 'off', enable_seqscan = 'off', max_parallel_workers_per_gather = '0'
 Planning:
   Buffers: shared hit=109
 Planning Time: 0.234 ms
 Execution Time: 1196.091 ms
(10 rows)

