SET
SET
SET
SET
SET
                                                                     QUERY PLAN                                                                      
-----------------------------------------------------------------------------------------------------------------------------------------------------
 Index Scan Backward using idx on public.t (actual rows=131072.00 loops=1)
   Output: a, b
   Index Cond: ((t.a >= '-161124'::integer) AND (t.a <= '-30053'::integer))
   Index Searches: 1
   Prefetch: distance=183.624 count=13408 stalls=118369 skipped=136 resets=0 ungets=924 forwarded=0
             histogram [2,4) => 3544, [4,8) => 34, [8,16) => 17, [16,32) => 48, [32,64) => 81, [64,128) => 108, [128,256) => 3347, [256,512) => 6229
   Buffers: shared hit=128036 read=3264
 Settings: enable_bitmapscan = 'off', enable_seqscan = 'off', max_parallel_workers_per_gather = '0'
 Planning:
   Buffers: shared hit=81 read=27
 Planning Time: 2.044 ms
 Execution Time: 163.885 ms
(12 rows)

SET
SET
SET
SET
SET
                                             QUERY PLAN                                             
----------------------------------------------------------------------------------------------------
 Index Scan Backward using idx on public.t (actual rows=131072.00 loops=1)
   Output: a, b
   Index Cond: ((t.a >= '-161124'::integer) AND (t.a <= '-30053'::integer))
   Index Searches: 1
   Buffers: shared hit=131300
 Settings: enable_bitmapscan = 'off', enable_seqscan = 'off', max_parallel_workers_per_gather = '0'
 Planning:
   Buffers: shared hit=113
 Planning Time: 0.223 ms
 Execution Time: 20.142 ms
(10 rows)

