SET
SET
SET
SET
SET
                                                                 QUERY PLAN                                                                 
--------------------------------------------------------------------------------------------------------------------------------------------
 Index Scan Backward using idx on public.t (actual rows=1024.00 loops=1)
   Output: a, b
   Index Cond: ((t.a >= '-23354'::integer) AND (t.a <= '-22331'::integer))
   Index Searches: 1
   Prefetch: distance=259.108 count=1028 stalls=1 skipped=1 resets=0 ungets=301 forwarded=0
             histogram [2,4) => 10, [4,8) => 4, [8,16) => 11, [16,32) => 11, [32,64) => 10, [64,128) => 2, [128,256) => 3, [256,512) => 977
   Buffers: shared hit=468 read=563
 Settings: enable_bitmapscan = 'off', enable_seqscan = 'off', max_parallel_workers_per_gather = '0'
 Planning:
   Buffers: shared hit=81 read=27
 Planning Time: 1.548 ms
 Execution Time: 18.430 ms
(12 rows)

SET
SET
SET
SET
SET
                                             QUERY PLAN                                             
----------------------------------------------------------------------------------------------------
 Index Scan Backward using idx on public.t (actual rows=1024.00 loops=1)
   Output: a, b
   Index Cond: ((t.a >= '-23354'::integer) AND (t.a <= '-22331'::integer))
   Index Searches: 1
   Buffers: shared hit=1031
 Settings: enable_bitmapscan = 'off', enable_seqscan = 'off', max_parallel_workers_per_gather = '0'
 Planning:
   Buffers: shared hit=113
 Planning Time: 0.160 ms
 Execution Time: 0.314 ms
(10 rows)

