SET
SET
SET
SET
SET
                                                                 QUERY PLAN                                                                  
---------------------------------------------------------------------------------------------------------------------------------------------
 Index Scan Backward using idx on public.t (actual rows=4096.00 loops=1)
   Output: a, b
   Index Cond: ((t.a >= '-32500'::integer) AND (t.a <= '-28405'::integer))
   Index Searches: 1
   Prefetch: distance=260.404 count=4393 stalls=1 skipped=3 resets=0 ungets=592 forwarded=1
             histogram [2,4) => 12, [4,8) => 5, [8,16) => 7, [16,32) => 16, [32,64) => 3, [64,128) => 2, [128,256) => 874, [256,512) => 3474
   Buffers: shared hit=3211 read=899
 Settings: enable_bitmapscan = 'off', enable_seqscan = 'off', max_parallel_workers_per_gather = '0'
 Planning:
   Buffers: shared hit=81 read=27
 Planning Time: 2.021 ms
 Execution Time: 23.365 ms
(12 rows)

SET
SET
SET
SET
SET
                                             QUERY PLAN                                             
----------------------------------------------------------------------------------------------------
 Index Scan Backward using idx on public.t (actual rows=4096.00 loops=1)
   Output: a, b
   Index Cond: ((t.a >= '-32500'::integer) AND (t.a <= '-28405'::integer))
   Index Searches: 1
   Buffers: shared hit=4110
 Settings: enable_bitmapscan = 'off', enable_seqscan = 'off', max_parallel_workers_per_gather = '0'
 Planning:
   Buffers: shared hit=113
 Planning Time: 0.202 ms
 Execution Time: 1.398 ms
(10 rows)

