SET
SET
SET
SET
SET
                                                                     QUERY PLAN                                                                      
-----------------------------------------------------------------------------------------------------------------------------------------------------
 Index Scan Backward using idx on public.t (actual rows=262144.00 loops=1)
   Output: a, b
   Index Cond: ((t.a >= '-273718'::integer) AND (t.a <= '-11575'::integer))
   Index Searches: 1
   Prefetch: distance=151.671 count=19187 stalls=243085 skipped=277 resets=0 ungets=720 forwarded=0
             histogram [2,4) => 7182, [4,8) => 59, [8,16) => 23, [16,32) => 28, [32,64) => 69, [64,128) => 391, [128,256) => 5030, [256,512) => 6405
   Buffers: shared hit=257111 read=5478
 Settings: enable_bitmapscan = 'off', enable_seqscan = 'off', max_parallel_workers_per_gather = '0'
 Planning:
   Buffers: shared hit=77 read=27
 Planning Time: 2.061 ms
 Execution Time: 348.909 ms
(12 rows)

SET
SET
SET
SET
SET
                                             QUERY PLAN                                             
----------------------------------------------------------------------------------------------------
 Index Scan Backward using idx on public.t (actual rows=262144.00 loops=1)
   Output: a, b
   Index Cond: ((t.a >= '-273718'::integer) AND (t.a <= '-11575'::integer))
   Index Searches: 1
   Buffers: shared hit=262589
 Settings: enable_bitmapscan = 'off', enable_seqscan = 'off', max_parallel_workers_per_gather = '0'
 Planning:
   Buffers: shared hit=109
 Planning Time: 0.206 ms
 Execution Time: 38.027 ms
(10 rows)

