SET
SET
SET
SET
SET
                                                                         QUERY PLAN                                                                         
------------------------------------------------------------------------------------------------------------------------------------------------------------
 Index Scan Backward using idx on public.t (actual rows=4048576.00 loops=1)
   Output: a, b
   Index Cond: ((t.a >= '-4051393'::integer) AND (t.a <= '-2818'::integer))
   Index Searches: 1
   Prefetch: distance=90.019 count=199456 stalls=3845930 skipped=3941 resets=0 ungets=889 forwarded=2
             histogram [2,4) => 123260, [4,8) => 1005, [8,16) => 14, [16,32) => 50, [32,64) => 218, [64,128) => 741, [128,256) => 49233, [256,512) => 24935
   Buffers: shared hit=3980840 read=74863
 Settings: enable_bitmapscan = 'off', enable_seqscan = 'off', max_parallel_workers_per_gather = '0'
 Planning:
   Buffers: shared hit=77 read=27
 Planning Time: 2.056 ms
 Execution Time: 4923.880 ms
(12 rows)

SET
SET
SET
SET
SET
                                             QUERY PLAN                                             
----------------------------------------------------------------------------------------------------
 Index Scan Backward using idx on public.t (actual rows=4048576.00 loops=1)
   Output: a, b
   Index Cond: ((t.a >= '-4051393'::integer) AND (t.a <= '-2818'::integer))
   Index Searches: 1
   Buffers: shared hit=4055703
 Settings: enable_bitmapscan = 'off', enable_seqscan = 'off', max_parallel_workers_per_gather = '0'
 Planning:
   Buffers: shared hit=109
 Planning Time: 0.273 ms
 Execution Time: 598.089 ms
(10 rows)

