SET
SET
SET
SET
SET
                                                                      QUERY PLAN                                                                       
-------------------------------------------------------------------------------------------------------------------------------------------------------
 Index Scan Backward using idx on public.t (actual rows=1048576.00 loops=1)
   Output: a, b
   Index Cond: ((t.a >= '-1065327'::integer) AND (t.a <= '-16752'::integer))
   Index Searches: 1
   Prefetch: distance=66.411 count=43848 stalls=1004204 skipped=1033 resets=0 ungets=775 forwarded=2
             histogram [2,4) => 31880, [4,8) => 296, [8,16) => 14, [16,32) => 33, [32,64) => 58, [64,128) => 272, [128,256) => 4935, [256,512) => 6360
   Buffers: shared hit=1030435 read=19979
 Settings: enable_bitmapscan = 'off', enable_seqscan = 'off', max_parallel_workers_per_gather = '0'
 Planning:
   Buffers: shared hit=77 read=27
 Planning Time: 2.016 ms
 Execution Time: 1285.732 ms
(12 rows)

SET
SET
SET
SET
SET
                                             QUERY PLAN                                             
----------------------------------------------------------------------------------------------------
 Index Scan Backward using idx on public.t (actual rows=1048576.00 loops=1)
   Output: a, b
   Index Cond: ((t.a >= '-1065327'::integer) AND (t.a <= '-16752'::integer))
   Index Searches: 1
   Buffers: shared hit=1050414
 Settings: enable_bitmapscan = 'off', enable_seqscan = 'off', max_parallel_workers_per_gather = '0'
 Planning:
   Buffers: shared hit=109
 Planning Time: 0.201 ms
 Execution Time: 157.505 ms
(10 rows)

