SET
SET
SET
SET
SET
                                                                       QUERY PLAN                                                                        
---------------------------------------------------------------------------------------------------------------------------------------------------------
 Index Scan Backward using idx on public.t (actual rows=7048576.00 loops=1)
   Output: a, b
   Index Cond: ((t.a >= '-7049314'::integer) AND (t.a <= '-739'::integer))
   Index Searches: 1
   Prefetch: distance=14.365 count=232544 stalls=6809837 skipped=6921 resets=0 ungets=879 forwarded=1
             histogram [2,4) => 218921, [4,8) => 1804, [8,16) => 15, [16,32) => 41, [32,64) => 38, [64,128) => 170, [128,256) => 5048, [256,512) => 6507
   Buffers: shared hit=6931022 read=129897
 Settings: enable_bitmapscan = 'off', enable_seqscan = 'off', max_parallel_workers_per_gather = '0'
 Planning:
   Buffers: shared hit=77 read=27
 Planning Time: 2.022 ms
 Execution Time: 8712.938 ms
(12 rows)

SET
SET
SET
SET
SET
                                             QUERY PLAN                                             
----------------------------------------------------------------------------------------------------
 Index Scan Backward using idx on public.t (actual rows=7048576.00 loops=1)
   Output: a, b
   Index Cond: ((t.a >= '-7049314'::integer) AND (t.a <= '-739'::integer))
   Index Searches: 1
   Buffers: shared hit=7060919
 Settings: enable_bitmapscan = 'off', enable_seqscan = 'off', max_parallel_workers_per_gather = '0'
 Planning:
   Buffers: shared hit=109
 Planning Time: 0.240 ms
 Execution Time: 1036.525 ms
(10 rows)

