SET
SET
SET
SET
SET
                                                                        QUERY PLAN                                                                        
----------------------------------------------------------------------------------------------------------------------------------------------------------
 Index Scan Backward using idx on public.t (actual rows=6048576.00 loops=1)
   Output: a, b
   Index Cond: ((t.a >= '-6051004'::integer) AND (t.a <= '-2429'::integer))
   Index Searches: 1
   Prefetch: distance=14.965 count=199927 stalls=5843169 skipped=5948 resets=0 ungets=759 forwarded=0
             histogram [2,4) => 187737, [4,8) => 1532, [8,16) => 19, [16,32) => 39, [32,64) => 175, [64,128) => 252, [128,256) => 3908, [256,512) => 6265
   Buffers: shared hit=5947589 read=111571
 Settings: enable_bitmapscan = 'off', enable_seqscan = 'off', max_parallel_workers_per_gather = '0'
 Planning:
   Buffers: shared hit=77 read=27
 Planning Time: 2.050 ms
 Execution Time: 7449.517 ms
(12 rows)

SET
SET
SET
SET
SET
                                             QUERY PLAN                                             
----------------------------------------------------------------------------------------------------
 Index Scan Backward using idx on public.t (actual rows=6048576.00 loops=1)
   Output: a, b
   Index Cond: ((t.a >= '-6051004'::integer) AND (t.a <= '-2429'::integer))
   Index Searches: 1
   Buffers: shared hit=6059160
 Settings: enable_bitmapscan = 'off', enable_seqscan = 'off', max_parallel_workers_per_gather = '0'
 Planning:
   Buffers: shared hit=109
 Planning Time: 0.232 ms
 Execution Time: 885.052 ms
(10 rows)

