SET
SET
SET
SET
SET
                                                                 QUERY PLAN                                                                 
--------------------------------------------------------------------------------------------------------------------------------------------
 Index Scan Backward using idx on public.t (actual rows=2048.00 loops=1)
   Output: a, b
   Index Cond: ((t.a >= '-4501'::integer) AND (t.a <= '-2454'::integer))
   Index Searches: 1
   Prefetch: distance=262.965 count=2337 stalls=1 skipped=7 resets=0 ungets=405 forwarded=0
             histogram [2,4) => 2, [4,8) => 7, [8,16) => 9, [16,32) => 12, [32,64) => 2, [64,128) => 3, [128,256) => 233, [256,512) => 2069
   Buffers: shared hit=1517 read=536
 Settings: enable_bitmapscan = 'off', enable_seqscan = 'off', max_parallel_workers_per_gather = '0'
 Planning:
   Buffers: shared hit=81 read=27
 Planning Time: 2.020 ms
 Execution Time: 9.677 ms
(12 rows)

SET
SET
SET
SET
SET
                                             QUERY PLAN                                             
----------------------------------------------------------------------------------------------------
 Index Scan Backward using idx on public.t (actual rows=2048.00 loops=1)
   Output: a, b
   Index Cond: ((t.a >= '-4501'::integer) AND (t.a <= '-2454'::integer))
   Index Searches: 1
   Buffers: shared hit=2053
 Settings: enable_bitmapscan = 'off', enable_seqscan = 'off', max_parallel_workers_per_gather = '0'
 Planning:
   Buffers: shared hit=113
 Planning Time: 0.212 ms
 Execution Time: 0.754 ms
(10 rows)

