SET
SET
SET
SET
SET
                                                               QUERY PLAN                                                                
-----------------------------------------------------------------------------------------------------------------------------------------
 Index Scan Backward using idx on public.t (actual rows=512.00 loops=1)
   Output: a, b
   Index Cond: ((t.a >= '-7440'::integer) AND (t.a <= '-6929'::integer))
   Index Searches: 1
   Prefetch: distance=259.797 count=597 stalls=1 skipped=2 resets=0 ungets=207 forwarded=1
             histogram [2,4) => 2, [4,8) => 3, [8,16) => 10, [16,32) => 8, [32,64) => 3, [64,128) => 2, [128,256) => 2, [256,512) => 567
   Buffers: shared hit=179 read=339
 Settings: enable_bitmapscan = 'off', enable_seqscan = 'off', max_parallel_workers_per_gather = '0'
 Planning:
   Buffers: shared hit=81 read=27
 Planning Time: 1.406 ms
 Execution Time: 9.556 ms
(12 rows)

SET
SET
SET
SET
SET
                                             QUERY PLAN                                             
----------------------------------------------------------------------------------------------------
 Index Scan Backward using idx on public.t (actual rows=512.00 loops=1)
   Output: a, b
   Index Cond: ((t.a >= '-7440'::integer) AND (t.a <= '-6929'::integer))
   Index Searches: 1
   Buffers: shared hit=518
 Settings: enable_bitmapscan = 'off', enable_seqscan = 'off', max_parallel_workers_per_gather = '0'
 Planning:
   Buffers: shared hit=113
 Planning Time: 0.203 ms
 Execution Time: 0.382 ms
(10 rows)

