SET
SET
SET
SET
SET
                                                                     QUERY PLAN                                                                     
----------------------------------------------------------------------------------------------------------------------------------------------------
 Index Scan Backward using idx on public.t (actual rows=32768.00 loops=1)
   Output: a, b
   Index Cond: ((t.a >= '-59952'::integer) AND (t.a <= '-27185'::integer))
   Index Searches: 1
   Prefetch: distance=235.102 count=12772 stalls=20407 skipped=32 resets=0 ungets=736 forwarded=1
             histogram [2,4) => 394, [4,8) => 12, [8,16) => 14, [16,32) => 25, [32,64) => 39, [64,128) => 237, [128,256) => 5677, [256,512) => 6374
   Buffers: shared hit=31401 read=1430
 Settings: enable_bitmapscan = 'off', enable_seqscan = 'off', max_parallel_workers_per_gather = '0'
 Planning:
   Buffers: shared hit=81 read=27
 Planning Time: 2.023 ms
 Execution Time: 48.080 ms
(12 rows)

SET
SET
SET
SET
SET
                                             QUERY PLAN                                             
----------------------------------------------------------------------------------------------------
 Index Scan Backward using idx on public.t (actual rows=32768.00 loops=1)
   Output: a, b
   Index Cond: ((t.a >= '-59952'::integer) AND (t.a <= '-27185'::integer))
   Index Searches: 1
   Buffers: shared hit=32831
 Settings: enable_bitmapscan = 'off', enable_seqscan = 'off', max_parallel_workers_per_gather = '0'
 Planning:
   Buffers: shared hit=113
 Planning Time: 0.202 ms
 Execution Time: 6.035 ms
(10 rows)

