SET
SET
SET
SET
SET
                                                                      QUERY PLAN                                                                       
-------------------------------------------------------------------------------------------------------------------------------------------------------
 Index Scan Backward using idx on public.t (actual rows=131072.00 loops=1)
   Output: a, b
   Index Cond: ((t.a >= '-136882'::integer) AND (t.a <= '-5811'::integer))
   Index Searches: 1
   Prefetch: distance=222.482 count=33265 stalls=97967 skipped=148 resets=0 ungets=671 forwarded=0
             histogram [2,4) => 2338, [4,8) => 24, [8,16) => 18, [16,32) => 27, [32,64) => 35, [64,128) => 240, [128,256) => 18561, [256,512) => 12022
   Buffers: shared hit=128296 read=2992
 Settings: enable_bitmapscan = 'off', enable_seqscan = 'off', max_parallel_workers_per_gather = '0'
 Planning:
   Buffers: shared hit=81 read=27
 Planning Time: 2.047 ms
 Execution Time: 142.158 ms
(12 rows)

SET
SET
SET
SET
SET
                                             QUERY PLAN                                             
----------------------------------------------------------------------------------------------------
 Index Scan Backward using idx on public.t (actual rows=131072.00 loops=1)
   Output: a, b
   Index Cond: ((t.a >= '-136882'::integer) AND (t.a <= '-5811'::integer))
   Index Searches: 1
   Buffers: shared hit=131288
 Settings: enable_bitmapscan = 'off', enable_seqscan = 'off', max_parallel_workers_per_gather = '0'
 Planning:
   Buffers: shared hit=113
 Planning Time: 0.186 ms
 Execution Time: 14.117 ms
(10 rows)

