SET
SET
SET
SET
SET
                                                                     QUERY PLAN                                                                      
-----------------------------------------------------------------------------------------------------------------------------------------------------
 Index Scan Backward using idx on public.t (actual rows=65536.00 loops=1)
   Output: a, b
   Index Cond: ((t.a >= '-66959'::integer) AND (t.a <= '-1424'::integer))
   Index Searches: 1
   Prefetch: distance=226.686 count=19888 stalls=45932 skipped=87 resets=0 ungets=717 forwarded=0
             histogram [2,4) => 582, [4,8) => 10, [8,16) => 18, [16,32) => 27, [32,64) => 37, [64,128) => 546, [128,256) => 10892, [256,512) => 7776
   Buffers: shared hit=63910 read=1723
 Settings: enable_bitmapscan = 'off', enable_seqscan = 'off', max_parallel_workers_per_gather = '0'
 Planning:
   Buffers: shared hit=81 read=27
 Planning Time: 2.015 ms
 Execution Time: 67.500 ms
(12 rows)

SET
SET
SET
SET
SET
                                             QUERY PLAN                                             
----------------------------------------------------------------------------------------------------
 Index Scan Backward using idx on public.t (actual rows=65536.00 loops=1)
   Output: a, b
   Index Cond: ((t.a >= '-66959'::integer) AND (t.a <= '-1424'::integer))
   Index Searches: 1
   Buffers: shared hit=65633
 Settings: enable_bitmapscan = 'off', enable_seqscan = 'off', max_parallel_workers_per_gather = '0'
 Planning:
   Buffers: shared hit=113
 Planning Time: 0.219 ms
 Execution Time: 9.872 ms
(10 rows)

