SET
SET
SET
SET
SET
                                                                         QUERY PLAN                                                                         
------------------------------------------------------------------------------------------------------------------------------------------------------------
 Index Scan Backward using idx on public.t (actual rows=4048576.00 loops=1)
   Output: a, b
   Index Cond: ((t.a >= '-4051260'::integer) AND (t.a <= '-2685'::integer))
   Index Searches: 1
   Prefetch: distance=90.138 count=199584 stalls=3846061 skipped=3943 resets=0 ungets=1017 forwarded=2
             histogram [2,4) => 123260, [4,8) => 1005, [8,16) => 14, [16,32) => 50, [32,64) => 217, [64,128) => 757, [128,256) => 49163, [256,512) => 25118
   Buffers: shared hit=3980839 read=74862
 Settings: enable_bitmapscan = 'off', enable_seqscan = 'off', max_parallel_workers_per_gather = '0'
 Planning:
   Buffers: shared hit=77 read=27
 Planning Time: 2.023 ms
 Execution Time: 4960.645 ms
(12 rows)

SET
SET
SET
SET
SET
                                             QUERY PLAN                                             
----------------------------------------------------------------------------------------------------
 Index Scan Backward using idx on public.t (actual rows=4048576.00 loops=1)
   Output: a, b
   Index Cond: ((t.a >= '-4051260'::integer) AND (t.a <= '-2685'::integer))
   Index Searches: 1
   Buffers: shared hit=4055701
 Settings: enable_bitmapscan = 'off', enable_seqscan = 'off', max_parallel_workers_per_gather = '0'
 Planning:
   Buffers: shared hit=109
 Planning Time: 0.228 ms
 Execution Time: 601.759 ms
(10 rows)

