SET
SET
SET
SET
SET
                                                                      QUERY PLAN                                                                      
------------------------------------------------------------------------------------------------------------------------------------------------------
 Index Scan Backward using idx on public.t (actual rows=3048576.00 loops=1)
   Output: a, b
   Index Cond: ((t.a >= '-3069997'::integer) AND (t.a <= '-21422'::integer))
   Index Searches: 1
   Prefetch: distance=35.941 count=110674 stalls=2935293 skipped=2945 resets=0 ungets=690 forwarded=0
             histogram [2,4) => 94334, [4,8) => 772, [8,16) => 23, [16,32) => 39, [32,64) => 52, [64,128) => 81, [128,256) => 8065, [256,512) => 7308
   Buffers: shared hit=2997232 read=56733
 Settings: enable_bitmapscan = 'off', enable_seqscan = 'off', max_parallel_workers_per_gather = '0'
 Planning:
   Buffers: shared hit=77 read=27
 Planning Time: 2.031 ms
 Execution Time: 3732.143 ms
(12 rows)

SET
SET
SET
SET
SET
                                             QUERY PLAN                                             
----------------------------------------------------------------------------------------------------
 Index Scan Backward using idx on public.t (actual rows=3048576.00 loops=1)
   Output: a, b
   Index Cond: ((t.a >= '-3069997'::integer) AND (t.a <= '-21422'::integer))
   Index Searches: 1
   Buffers: shared hit=3053965
 Settings: enable_bitmapscan = 'off', enable_seqscan = 'off', max_parallel_workers_per_gather = '0'
 Planning:
   Buffers: shared hit=109
 Planning Time: 0.195 ms
 Execution Time: 456.119 ms
(10 rows)

