SET
SET
SET
SET
SET
                                                                        QUERY PLAN                                                                        
----------------------------------------------------------------------------------------------------------------------------------------------------------
 Index Scan Backward using idx on public.t (actual rows=6048576.00 loops=1)
   Output: a, b
   Index Cond: ((t.a >= '-6055044'::integer) AND (t.a <= '-6469'::integer))
   Index Searches: 1
   Prefetch: distance=19.230 count=203918 stalls=5839149 skipped=5936 resets=0 ungets=732 forwarded=0
             histogram [2,4) => 187731, [4,8) => 1528, [8,16) => 17, [16,32) => 40, [32,64) => 177, [64,128) => 273, [128,256) => 6693, [256,512) => 7459
   Buffers: shared hit=5947549 read=111622
 Settings: enable_bitmapscan = 'off', enable_seqscan = 'off', max_parallel_workers_per_gather = '0'
 Planning:
   Buffers: shared hit=77 read=27
 Planning Time: 2.035 ms
 Execution Time: 7380.416 ms
(12 rows)

SET
SET
SET
SET
SET
                                             QUERY PLAN                                             
----------------------------------------------------------------------------------------------------
 Index Scan Backward using idx on public.t (actual rows=6048576.00 loops=1)
   Output: a, b
   Index Cond: ((t.a >= '-6055044'::integer) AND (t.a <= '-6469'::integer))
   Index Searches: 1
   Buffers: shared hit=6059171
 Settings: enable_bitmapscan = 'off', enable_seqscan = 'off', max_parallel_workers_per_gather = '0'
 Planning:
   Buffers: shared hit=109
 Planning Time: 0.233 ms
 Execution Time: 890.394 ms
(10 rows)

