SET
SET
SET
SET
SET
                                                                  QUERY PLAN                                                                   
-----------------------------------------------------------------------------------------------------------------------------------------------
 Index Scan using idx on public.t (actual rows=8192.00 loops=1)
   Output: a, b
   Index Cond: ((t.a >= '-12067'::integer) AND (t.a <= '-3876'::integer))
   Index Searches: 1
   Prefetch: distance=244.196 count=8443 stalls=2 skipped=15 resets=0 ungets=418 forwarded=0
             histogram [2,4) => 2, [4,8) => 7, [8,16) => 8, [16,32) => 13, [32,64) => 2, [64,128) => 133, [128,256) => 4006, [256,512) => 4272
   Buffers: shared hit=7495 read=709
 Settings: enable_bitmapscan = 'off', enable_seqscan = 'off', max_parallel_workers_per_gather = '0'
 Planning:
   Buffers: shared hit=85 read=27
 Planning Time: 2.037 ms
 Execution Time: 14.242 ms
(12 rows)

SET
SET
SET
SET
SET
                                             QUERY PLAN                                             
----------------------------------------------------------------------------------------------------
 Index Scan using idx on public.t (actual rows=8192.00 loops=1)
   Output: a, b
   Index Cond: ((t.a >= '-12067'::integer) AND (t.a <= '-3876'::integer))
   Index Searches: 1
   Buffers: shared hit=8204
 Settings: enable_bitmapscan = 'off', enable_seqscan = 'off', max_parallel_workers_per_gather = '0'
 Planning:
   Buffers: shared hit=117
 Planning Time: 0.139 ms
 Execution Time: 0.992 ms
(10 rows)

