SET
SET
SET
SET
SET
                                                               QUERY PLAN                                                                
-----------------------------------------------------------------------------------------------------------------------------------------
 Index Scan using idx on public.t (actual rows=1024.00 loops=1)
   Output: a, b
   Index Cond: ((t.a >= '-27022'::integer) AND (t.a <= '-25999'::integer))
   Index Searches: 1
   Prefetch: distance=262.023 count=933 stalls=2 skipped=2 resets=0 ungets=266 forwarded=0
             histogram [2,4) => 4, [4,8) => 4, [8,16) => 6, [16,32) => 12, [32,64) => 6, [64,128) => 2, [128,256) => 3, [256,512) => 896
   Buffers: shared hit=444 read=585
 Settings: enable_bitmapscan = 'off', enable_seqscan = 'off', max_parallel_workers_per_gather = '0'
 Planning:
   Buffers: shared hit=85 read=27
 Planning Time: 1.549 ms
 Execution Time: 22.030 ms
(12 rows)

SET
SET
SET
SET
SET
                                             QUERY PLAN                                             
----------------------------------------------------------------------------------------------------
 Index Scan using idx on public.t (actual rows=1024.00 loops=1)
   Output: a, b
   Index Cond: ((t.a >= '-27022'::integer) AND (t.a <= '-25999'::integer))
   Index Searches: 1
   Buffers: shared hit=1029
 Settings: enable_bitmapscan = 'off', enable_seqscan = 'off', max_parallel_workers_per_gather = '0'
 Planning:
   Buffers: shared hit=117
 Planning Time: 0.210 ms
 Execution Time: 0.619 ms
(10 rows)

