SET
SET
SET
SET
SET
                                                                         QUERY PLAN                                                                          
-------------------------------------------------------------------------------------------------------------------------------------------------------------
 Index Scan using idx on public.t (actual rows=5048576.00 loops=1)
   Output: a, b
   Index Cond: ((t.a >= '-5078017'::integer) AND (t.a <= '-29442'::integer))
   Index Searches: 1
   Prefetch: distance=47.394 count=196786 stalls=4847313 skipped=4943 resets=0 ungets=670 forwarded=2
             histogram [2,4) => 156546, [4,8) => 1190, [8,16) => 16, [16,32) => 25, [32,64) => 165, [64,128) => 1063, [128,256) => 24858, [256,512) => 12923
   Buffers: shared hit=4963904 read=93529
 Settings: enable_bitmapscan = 'off', enable_seqscan = 'off', max_parallel_workers_per_gather = '0'
 Planning:
   Buffers: shared hit=81 read=27
 Planning Time: 2.027 ms
 Execution Time: 1114.142 ms
(12 rows)

SET
SET
SET
SET
SET
                                             QUERY PLAN                                             
----------------------------------------------------------------------------------------------------
 Index Scan using idx on public.t (actual rows=5048576.00 loops=1)
   Output: a, b
   Index Cond: ((t.a >= '-5078017'::integer) AND (t.a <= '-29442'::integer))
   Index Searches: 1
   Buffers: shared hit=5057433
 Settings: enable_bitmapscan = 'off', enable_seqscan = 'off', max_parallel_workers_per_gather = '0'
 Planning:
   Buffers: shared hit=113
 Planning Time: 0.235 ms
 Execution Time: 746.934 ms
(10 rows)

