SET
SET
SET
SET
SET
                                                                     QUERY PLAN                                                                      
-----------------------------------------------------------------------------------------------------------------------------------------------------
 Index Scan using idx on public.t (actual rows=262144.00 loops=1)
   Output: a, b
   Index Cond: ((t.a >= '-262546'::integer) AND (t.a <= '-403'::integer))
   Index Searches: 1
   Prefetch: distance=146.302 count=20830 stalls=240920 skipped=295 resets=0 ungets=230 forwarded=0
             histogram [2,4) => 7851, [4,8) => 89, [8,16) => 24, [16,32) => 38, [32,64) => 56, [64,128) => 224, [128,256) => 7585, [256,512) => 4963
   Buffers: shared hit=257253 read=5318
 Settings: enable_bitmapscan = 'off', enable_seqscan = 'off', max_parallel_workers_per_gather = '0'
 Planning:
   Buffers: shared hit=81 read=27
 Planning Time: 2.019 ms
 Execution Time: 72.914 ms
(12 rows)

SET
SET
SET
SET
SET
                                             QUERY PLAN                                             
----------------------------------------------------------------------------------------------------
 Index Scan using idx on public.t (actual rows=262144.00 loops=1)
   Output: a, b
   Index Cond: ((t.a >= '-262546'::integer) AND (t.a <= '-403'::integer))
   Index Searches: 1
   Buffers: shared hit=262571
 Settings: enable_bitmapscan = 'off', enable_seqscan = 'off', max_parallel_workers_per_gather = '0'
 Planning:
   Buffers: shared hit=113
 Planning Time: 0.193 ms
 Execution Time: 40.555 ms
(10 rows)

