SET
SET
SET
SET
SET
                                                                         QUERY PLAN                                                                         
------------------------------------------------------------------------------------------------------------------------------------------------------------
 Index Scan using idx on public.t (actual rows=4048576.00 loops=1)
   Output: a, b
   Index Cond: ((t.a >= '-4061126'::integer) AND (t.a <= '-12551'::integer))
   Index Searches: 1
   Prefetch: distance=71.885 count=181375 stalls=3863465 skipped=3929 resets=0 ungets=452 forwarded=2
             histogram [2,4) => 124774, [4,8) => 962, [8,16) => 18, [16,32) => 29, [32,64) => 166, [64,128) => 1370, [128,256) => 37342, [256,512) => 16714
   Buffers: shared hit=3980717 read=74997
 Settings: enable_bitmapscan = 'off', enable_seqscan = 'off', max_parallel_workers_per_gather = '0'
 Planning:
   Buffers: shared hit=81 read=27
 Planning Time: 2.022 ms
 Execution Time: 956.557 ms
(12 rows)

SET
SET
SET
SET
SET
                                             QUERY PLAN                                             
----------------------------------------------------------------------------------------------------
 Index Scan using idx on public.t (actual rows=4048576.00 loops=1)
   Output: a, b
   Index Cond: ((t.a >= '-4061126'::integer) AND (t.a <= '-12551'::integer))
   Index Searches: 1
   Buffers: shared hit=4055714
 Settings: enable_bitmapscan = 'off', enable_seqscan = 'off', max_parallel_workers_per_gather = '0'
 Planning:
   Buffers: shared hit=113
 Planning Time: 0.197 ms
 Execution Time: 600.941 ms
(10 rows)

