SET
SET
SET
SET
SET
                                                                       QUERY PLAN                                                                        
---------------------------------------------------------------------------------------------------------------------------------------------------------
 Index Scan using idx on public.t (actual rows=131072.00 loops=1)
   Output: a, b
   Index Cond: ((t.a >= '-156266'::integer) AND (t.a <= '-25195'::integer))
   Index Searches: 1
   Prefetch: distance=216.688 count=46310 stalls=85307 skipped=139 resets=0 ungets=743 forwarded=1
             histogram [2,4) => 2766, [4,8) => 31, [8,16) => 13, [16,32) => 28, [32,64) => 165, [64,128) => 1113, [128,256) => 28223, [256,512) => 13971
   Buffers: shared hit=128077 read=3220
 Settings: enable_bitmapscan = 'off', enable_seqscan = 'off', max_parallel_workers_per_gather = '0'
 Planning:
   Buffers: shared hit=85 read=27
 Planning Time: 2.022 ms
 Execution Time: 46.167 ms
(12 rows)

SET
SET
SET
SET
SET
                                             QUERY PLAN                                             
----------------------------------------------------------------------------------------------------
 Index Scan using idx on public.t (actual rows=131072.00 loops=1)
   Output: a, b
   Index Cond: ((t.a >= '-156266'::integer) AND (t.a <= '-25195'::integer))
   Index Searches: 1
   Buffers: shared hit=131297
 Settings: enable_bitmapscan = 'off', enable_seqscan = 'off', max_parallel_workers_per_gather = '0'
 Planning:
   Buffers: shared hit=117
 Planning Time: 0.202 ms
 Execution Time: 16.588 ms
(10 rows)

