SET
SET
SET
SET
SET
                                                                         QUERY PLAN                                                                          
-------------------------------------------------------------------------------------------------------------------------------------------------------------
 Index Scan using idx on public.t (actual rows=9048576.00 loops=1)
   Output: a, b
   Index Cond: ((t.a >= '-9080900'::integer) AND (t.a <= '-32325'::integer))
   Index Searches: 1
   Prefetch: distance=27.855 count=319980 stalls=8720208 skipped=8787 resets=0 ungets=648 forwarded=1
             histogram [2,4) => 281609, [4,8) => 2266, [8,16) => 15, [16,32) => 26, [32,64) => 165, [64,128) => 1016, [128,256) => 22760, [256,512) => 12123
   Buffers: shared hit=8897534 read=166984
 Settings: enable_bitmapscan = 'off', enable_seqscan = 'off', max_parallel_workers_per_gather = '0'
 Planning:
   Buffers: shared hit=81 read=27
 Planning Time: 2.009 ms
 Execution Time: 2003.826 ms
(12 rows)

SET
SET
SET
SET
SET
                                             QUERY PLAN                                             
----------------------------------------------------------------------------------------------------
 Index Scan using idx on public.t (actual rows=9048576.00 loops=1)
   Output: a, b
   Index Cond: ((t.a >= '-9080900'::integer) AND (t.a <= '-32325'::integer))
   Index Searches: 1
   Buffers: shared hit=9064518
 Settings: enable_bitmapscan = 'off', enable_seqscan = 'off', max_parallel_workers_per_gather = '0'
 Planning:
   Buffers: shared hit=113
 Planning Time: 0.234 ms
 Execution Time: 1344.898 ms
(10 rows)

