SET
SET
SET
SET
SET
                                                                       QUERY PLAN                                                                       
--------------------------------------------------------------------------------------------------------------------------------------------------------
 Index Scan using idx on public.t (actual rows=6048576.00 loops=1)
   Output: a, b
   Index Cond: ((t.a >= '-6053978'::integer) AND (t.a <= '-5403'::integer))
   Index Searches: 1
   Prefetch: distance=12.495 count=198699 stalls=5844345 skipped=5937 resets=0 ungets=492 forwarded=2
             histogram [2,4) => 188734, [4,8) => 1458, [8,16) => 19, [16,32) => 33, [32,64) => 34, [64,128) => 66, [128,256) => 3773, [256,512) => 4582
   Buffers: shared hit=5947562 read=111608
 Settings: enable_bitmapscan = 'off', enable_seqscan = 'off', max_parallel_workers_per_gather = '0'
 Planning:
   Buffers: shared hit=81 read=27
 Planning Time: 2.041 ms
 Execution Time: 1368.421 ms
(12 rows)

SET
SET
SET
SET
SET
                                             QUERY PLAN                                             
----------------------------------------------------------------------------------------------------
 Index Scan using idx on public.t (actual rows=6048576.00 loops=1)
   Output: a, b
   Index Cond: ((t.a >= '-6053978'::integer) AND (t.a <= '-5403'::integer))
   Index Searches: 1
   Buffers: shared hit=6059170
 Settings: enable_bitmapscan = 'off', enable_seqscan = 'off', max_parallel_workers_per_gather = '0'
 Planning:
   Buffers: shared hit=113
 Planning Time: 0.222 ms
 Execution Time: 896.623 ms
(10 rows)

