SET
SET
SET
SET
SET
                                                                         QUERY PLAN                                                                          
-------------------------------------------------------------------------------------------------------------------------------------------------------------
 Index Scan using idx on public.t (actual rows=8048576.00 loops=1)
   Output: a, b
   Index Cond: ((t.a >= '-8075589'::integer) AND (t.a <= '-27014'::integer))
   Index Searches: 1
   Prefetch: distance=34.505 count=293873 stalls=7747536 skipped=7844 resets=0 ungets=747 forwarded=2
             histogram [2,4) => 250203, [4,8) => 1979, [8,16) => 13, [16,32) => 25, [32,64) => 165, [64,128) => 1085, [128,256) => 26631, [256,512) => 13772
   Buffers: shared hit=7914146 read=148583
 Settings: enable_bitmapscan = 'off', enable_seqscan = 'off', max_parallel_workers_per_gather = '0'
 Planning:
   Buffers: shared hit=81 read=27
 Planning Time: 1.995 ms
 Execution Time: 1677.774 ms
(12 rows)

SET
SET
SET
SET
SET
                                             QUERY PLAN                                             
----------------------------------------------------------------------------------------------------
 Index Scan using idx on public.t (actual rows=8048576.00 loops=1)
   Output: a, b
   Index Cond: ((t.a >= '-8075589'::integer) AND (t.a <= '-27014'::integer))
   Index Searches: 1
   Buffers: shared hit=8062729
 Settings: enable_bitmapscan = 'off', enable_seqscan = 'off', max_parallel_workers_per_gather = '0'
 Planning:
   Buffers: shared hit=113
 Planning Time: 0.210 ms
 Execution Time: 1196.411 ms
(10 rows)

