SET
SET
SET
SET
SET
                                                                QUERY PLAN                                                                
------------------------------------------------------------------------------------------------------------------------------------------
 Index Scan using idx on public.t (actual rows=1024.00 loops=1)
   Output: a, b
   Index Cond: ((t.a >= '-7486'::integer) AND (t.a <= '-6463'::integer))
   Index Searches: 1
   Prefetch: distance=264.570 count=1245 stalls=1 skipped=2 resets=0 ungets=349 forwarded=1
             histogram [2,4) => 4, [4,8) => 5, [8,16) => 6, [16,32) => 10, [32,64) => 2, [64,128) => 2, [128,256) => 6, [256,512) => 1210
   Buffers: shared hit=551 read=479
 Settings: enable_bitmapscan = 'off', enable_seqscan = 'off', max_parallel_workers_per_gather = '0'
 Planning:
   Buffers: shared hit=85 read=27
 Planning Time: 1.614 ms
 Execution Time: 9.674 ms
(12 rows)

SET
SET
SET
SET
SET
                                             QUERY PLAN                                             
----------------------------------------------------------------------------------------------------
 Index Scan using idx on public.t (actual rows=1024.00 loops=1)
   Output: a, b
   Index Cond: ((t.a >= '-7486'::integer) AND (t.a <= '-6463'::integer))
   Index Searches: 1
   Buffers: shared hit=1030
 Settings: enable_bitmapscan = 'off', enable_seqscan = 'off', max_parallel_workers_per_gather = '0'
 Planning:
   Buffers: shared hit=117
 Planning Time: 0.211 ms
 Execution Time: 0.564 ms
(10 rows)

