SET
SET
SET
SET
SET
                                                                     QUERY PLAN                                                                      
-----------------------------------------------------------------------------------------------------------------------------------------------------
 Index Scan using idx on public.t (actual rows=65536.00 loops=1)
   Output: a, b
   Index Cond: ((t.a >= '-69438'::integer) AND (t.a <= '-3903'::integer))
   Index Searches: 1
   Prefetch: distance=203.624 count=11695 stalls=54066 skipped=84 resets=0 ungets=432 forwarded=0
             histogram [2,4) => 1760, [4,8) => 28, [8,16) => 17, [16,32) => 32, [32,64) => 39, [64,128) => 217, [128,256) => 4975, [256,512) => 4627
   Buffers: shared hit=63874 read=1762
 Settings: enable_bitmapscan = 'off', enable_seqscan = 'off', max_parallel_workers_per_gather = '0'
 Planning:
   Buffers: shared hit=85 read=27
 Planning Time: 2.074 ms
 Execution Time: 25.921 ms
(12 rows)

SET
SET
SET
SET
SET
                                             QUERY PLAN                                             
----------------------------------------------------------------------------------------------------
 Index Scan using idx on public.t (actual rows=65536.00 loops=1)
   Output: a, b
   Index Cond: ((t.a >= '-69438'::integer) AND (t.a <= '-3903'::integer))
   Index Searches: 1
   Buffers: shared hit=65636
 Settings: enable_bitmapscan = 'off', enable_seqscan = 'off', max_parallel_workers_per_gather = '0'
 Planning:
   Buffers: shared hit=117
 Planning Time: 0.212 ms
 Execution Time: 9.890 ms
(10 rows)

