SET
SET
SET
SET
SET
                                                                   QUERY PLAN                                                                    
-------------------------------------------------------------------------------------------------------------------------------------------------
 Index Scan using idx on public.t (actual rows=32768.00 loops=1)
   Output: a, b
   Index Cond: ((t.a >= '-45295'::integer) AND (t.a <= '-12528'::integer))
   Index Searches: 1
   Prefetch: distance=234.651 count=32873 stalls=1 skipped=46 resets=0 ungets=434 forwarded=1
             histogram [2,4) => 4, [4,8) => 9, [8,16) => 8, [16,32) => 10, [32,64) => 7, [64,128) => 375, [128,256) => 21495, [256,512) => 10965
   Buffers: shared hit=31541 read=1276
 Settings: enable_bitmapscan = 'off', enable_seqscan = 'off', max_parallel_workers_per_gather = '0'
 Planning:
   Buffers: shared hit=85 read=27
 Planning Time: 2.043 ms
 Execution Time: 28.070 ms
(12 rows)

SET
SET
SET
SET
SET
                                             QUERY PLAN                                             
----------------------------------------------------------------------------------------------------
 Index Scan using idx on public.t (actual rows=32768.00 loops=1)
   Output: a, b
   Index Cond: ((t.a >= '-45295'::integer) AND (t.a <= '-12528'::integer))
   Index Searches: 1
   Buffers: shared hit=32817
 Settings: enable_bitmapscan = 'off', enable_seqscan = 'off', max_parallel_workers_per_gather = '0'
 Planning:
   Buffers: shared hit=117
 Planning Time: 0.207 ms
 Execution Time: 5.749 ms
(10 rows)

