SET
SET
SET
SET
SET
                                                                       QUERY PLAN                                                                        
---------------------------------------------------------------------------------------------------------------------------------------------------------
 Index Scan using idx on public.t (actual rows=262144.00 loops=1)
   Output: a, b
   Index Cond: ((t.a >= '-282193'::integer) AND (t.a <= '-20050'::integer))
   Index Searches: 1
   Prefetch: distance=201.875 count=55328 stalls=207138 skipped=279 resets=0 ungets=681 forwarded=3
             histogram [2,4) => 6703, [4,8) => 58, [8,16) => 19, [16,32) => 23, [32,64) => 165, [64,128) => 1242, [128,256) => 32004, [256,512) => 15114
   Buffers: shared hit=257013 read=5575
 Settings: enable_bitmapscan = 'off', enable_seqscan = 'off', max_parallel_workers_per_gather = '0'
 Planning:
   Buffers: shared hit=81 read=27
 Planning Time: 2.023 ms
 Execution Time: 75.602 ms
(12 rows)

SET
SET
SET
SET
SET
                                             QUERY PLAN                                             
----------------------------------------------------------------------------------------------------
 Index Scan using idx on public.t (actual rows=262144.00 loops=1)
   Output: a, b
   Index Cond: ((t.a >= '-282193'::integer) AND (t.a <= '-20050'::integer))
   Index Searches: 1
   Buffers: shared hit=262588
 Settings: enable_bitmapscan = 'off', enable_seqscan = 'off', max_parallel_workers_per_gather = '0'
 Planning:
   Buffers: shared hit=113
 Planning Time: 0.212 ms
 Execution Time: 37.518 ms
(10 rows)

