SET
SET
SET
SET
SET
                                                                         QUERY PLAN                                                                          
-------------------------------------------------------------------------------------------------------------------------------------------------------------
 Index Scan using idx on public.t (actual rows=9048576.00 loops=1)
   Output: a, b
   Index Cond: ((t.a >= '-9081179'::integer) AND (t.a <= '-32604'::integer))
   Index Searches: 1
   Prefetch: distance=27.553 count=319559 stalls=8720479 skipped=8786 resets=0 ungets=584 forwarded=1
             histogram [2,4) => 281619, [4,8) => 2267, [8,16) => 17, [16,32) => 27, [32,64) => 166, [64,128) => 1016, [128,256) => 22552, [256,512) => 11895
   Buffers: shared hit=8897532 read=166985
 Settings: enable_bitmapscan = 'off', enable_seqscan = 'off', max_parallel_workers_per_gather = '0'
 Planning:
   Buffers: shared hit=81 read=27
 Planning Time: 1.991 ms
 Execution Time: 2031.512 ms
(12 rows)

SET
SET
SET
SET
SET
                                             QUERY PLAN                                             
----------------------------------------------------------------------------------------------------
 Index Scan using idx on public.t (actual rows=9048576.00 loops=1)
   Output: a, b
   Index Cond: ((t.a >= '-9081179'::integer) AND (t.a <= '-32604'::integer))
   Index Searches: 1
   Buffers: shared hit=9064517
 Settings: enable_bitmapscan = 'off', enable_seqscan = 'off', max_parallel_workers_per_gather = '0'
 Planning:
   Buffers: shared hit=113
 Planning Time: 0.244 ms
 Execution Time: 1341.951 ms
(10 rows)

