SET
SET
SET
SET
SET
                                                               QUERY PLAN                                                               
----------------------------------------------------------------------------------------------------------------------------------------
 Index Scan using idx on public.t (actual rows=512.00 loops=1)
   Output: a, b
   Index Cond: ((t.a >= '-25113'::integer) AND (t.a <= '-24602'::integer))
   Index Searches: 1
   Prefetch: distance=246.588 count=340 stalls=2 skipped=1 resets=0 ungets=117 forwarded=0
             histogram [2,4) => 6, [4,8) => 4, [8,16) => 7, [16,32) => 9, [32,64) => 2, [64,128) => 3, [128,256) => 5, [256,512) => 304
   Buffers: shared hit=135 read=383
 Settings: enable_bitmapscan = 'off', enable_seqscan = 'off', max_parallel_workers_per_gather = '0'
 Planning:
   Buffers: shared hit=85 read=27
 Planning Time: 1.412 ms
 Execution Time: 17.828 ms
(12 rows)

SET
SET
SET
SET
SET
                                             QUERY PLAN                                             
----------------------------------------------------------------------------------------------------
 Index Scan using idx on public.t (actual rows=512.00 loops=1)
   Output: a, b
   Index Cond: ((t.a >= '-25113'::integer) AND (t.a <= '-24602'::integer))
   Index Searches: 1
   Buffers: shared hit=518
 Settings: enable_bitmapscan = 'off', enable_seqscan = 'off', max_parallel_workers_per_gather = '0'
 Planning:
   Buffers: shared hit=117
 Planning Time: 0.161 ms
 Execution Time: 0.214 ms
(10 rows)

