SET
SET
SET
SET
SET
                                                                QUERY PLAN                                                                 
-------------------------------------------------------------------------------------------------------------------------------------------
 Index Scan using idx on public.t (actual rows=2048.00 loops=1)
   Output: a, b
   Index Cond: ((t.a >= '-33740'::integer) AND (t.a <= '-31693'::integer))
   Index Searches: 1
   Prefetch: distance=266.497 count=2563 stalls=1 skipped=1 resets=0 ungets=666 forwarded=0
             histogram [2,4) => 2, [4,8) => 6, [8,16) => 6, [16,32) => 13, [32,64) => 3, [64,128) => 3, [128,256) => 65, [256,512) => 2465
   Buffers: shared hit=1241 read=818
 Settings: enable_bitmapscan = 'off', enable_seqscan = 'off', max_parallel_workers_per_gather = '0'
 Planning:
   Buffers: shared hit=85 read=27
 Planning Time: 2.063 ms
 Execution Time: 14.558 ms
(12 rows)

SET
SET
SET
SET
SET
                                             QUERY PLAN                                             
----------------------------------------------------------------------------------------------------
 Index Scan using idx on public.t (actual rows=2048.00 loops=1)
   Output: a, b
   Index Cond: ((t.a >= '-33740'::integer) AND (t.a <= '-31693'::integer))
   Index Searches: 1
   Buffers: shared hit=2059
 Settings: enable_bitmapscan = 'off', enable_seqscan = 'off', max_parallel_workers_per_gather = '0'
 Planning:
   Buffers: shared hit=117
 Planning Time: 0.185 ms
 Execution Time: 0.798 ms
(10 rows)

