SET
SET
SET
SET
SET
                                                                 QUERY PLAN                                                                 
--------------------------------------------------------------------------------------------------------------------------------------------
 Index Scan using idx on public.t (actual rows=4096.00 loops=1)
   Output: a, b
   Index Cond: ((t.a >= '-22800'::integer) AND (t.a <= '-18705'::integer))
   Index Searches: 1
   Prefetch: distance=260.377 count=4229 stalls=1 skipped=4 resets=0 ungets=465 forwarded=1
             histogram [2,4) => 4, [4,8) => 7, [8,16) => 10, [16,32) => 8, [32,64) => 8, [64,128) => 2, [128,256) => 836, [256,512) => 3354
   Buffers: shared hit=3293 read=816
 Settings: enable_bitmapscan = 'off', enable_seqscan = 'off', max_parallel_workers_per_gather = '0'
 Planning:
   Buffers: shared hit=85 read=27
 Planning Time: 2.016 ms
 Execution Time: 22.391 ms
(12 rows)

SET
SET
SET
SET
SET
                                             QUERY PLAN                                             
----------------------------------------------------------------------------------------------------
 Index Scan using idx on public.t (actual rows=4096.00 loops=1)
   Output: a, b
   Index Cond: ((t.a >= '-22800'::integer) AND (t.a <= '-18705'::integer))
   Index Searches: 1
   Buffers: shared hit=4109
 Settings: enable_bitmapscan = 'off', enable_seqscan = 'off', max_parallel_workers_per_gather = '0'
 Planning:
   Buffers: shared hit=117
 Planning Time: 0.133 ms
 Execution Time: 0.590 ms
(10 rows)

