SET
SET
SET
SET
SET
                                                                       QUERY PLAN                                                                        
---------------------------------------------------------------------------------------------------------------------------------------------------------
 Index Scan using idx on public.t (actual rows=262144.00 loops=1)
   Output: a, b
   Index Cond: ((t.a >= '-294591'::integer) AND (t.a <= '-32448'::integer))
   Index Searches: 1
   Prefetch: distance=193.520 count=43343 stalls=219145 skipped=270 resets=0 ungets=740 forwarded=0
             histogram [2,4) => 7081, [4,8) => 62, [8,16) => 20, [16,32) => 21, [32,64) => 165, [64,128) => 1016, [128,256) => 22625, [256,512) => 12353
   Buffers: shared hit=256910 read=5686
 Settings: enable_bitmapscan = 'off', enable_seqscan = 'off', max_parallel_workers_per_gather = '0'
 Planning:
   Buffers: shared hit=81 read=27
 Planning Time: 2.030 ms
 Execution Time: 78.254 ms
(12 rows)

SET
SET
SET
SET
SET
                                             QUERY PLAN                                             
----------------------------------------------------------------------------------------------------
 Index Scan using idx on public.t (actual rows=262144.00 loops=1)
   Output: a, b
   Index Cond: ((t.a >= '-294591'::integer) AND (t.a <= '-32448'::integer))
   Index Searches: 1
   Buffers: shared hit=262596
 Settings: enable_bitmapscan = 'off', enable_seqscan = 'off', max_parallel_workers_per_gather = '0'
 Planning:
   Buffers: shared hit=113
 Planning Time: 0.212 ms
 Execution Time: 36.120 ms
(10 rows)

