SET
SET
SET
SET
SET
                                                                  QUERY PLAN                                                                  
----------------------------------------------------------------------------------------------------------------------------------------------
 Index Scan using idx on public.t (actual rows=16384.00 loops=1)
   Output: a, b
   Index Cond: ((t.a >= '-41850'::integer) AND (t.a <= '-25467'::integer))
   Index Searches: 1
   Prefetch: distance=240.994 count=16891 stalls=2 skipped=19 resets=0 ungets=681 forwarded=0
             histogram [2,4) => 2, [4,8) => 3, [8,16) => 9, [16,32) => 13, [32,64) => 2, [64,128) => 83, [128,256) => 9527, [256,512) => 7252
   Buffers: shared hit=15303 read=1113
 Settings: enable_bitmapscan = 'off', enable_seqscan = 'off', max_parallel_workers_per_gather = '0'
 Planning:
   Buffers: shared hit=85 read=27
 Planning Time: 2.036 ms
 Execution Time: 18.847 ms
(12 rows)

SET
SET
SET
SET
SET
                                             QUERY PLAN                                             
----------------------------------------------------------------------------------------------------
 Index Scan using idx on public.t (actual rows=16384.00 loops=1)
   Output: a, b
   Index Cond: ((t.a >= '-41850'::integer) AND (t.a <= '-25467'::integer))
   Index Searches: 1
   Buffers: shared hit=16416
 Settings: enable_bitmapscan = 'off', enable_seqscan = 'off', max_parallel_workers_per_gather = '0'
 Planning:
   Buffers: shared hit=117
 Planning Time: 0.161 ms
 Execution Time: 1.773 ms
(10 rows)

