SET
SET
SET
SET
SET
                                                                       QUERY PLAN                                                                       
--------------------------------------------------------------------------------------------------------------------------------------------------------
 Index Scan using idx on public.t (actual rows=65536.00 loops=1)
   Output: a, b
   Index Cond: ((t.a >= '-90817'::integer) AND (t.a <= '-25282'::integer))
   Index Searches: 1
   Prefetch: distance=226.200 count=43658 stalls=21992 skipped=66 resets=0 ungets=518 forwarded=0
             histogram [2,4) => 718, [4,8) => 19, [8,16) => 17, [16,32) => 28, [32,64) => 168, [64,128) => 1114, [128,256) => 28104, [256,512) => 13490
   Buffers: shared hit=63639 read=2016
 Settings: enable_bitmapscan = 'off', enable_seqscan = 'off', max_parallel_workers_per_gather = '0'
 Planning:
   Buffers: shared hit=85 read=27
 Planning Time: 2.011 ms
 Execution Time: 39.469 ms
(12 rows)

SET
SET
SET
SET
SET
                                             QUERY PLAN                                             
----------------------------------------------------------------------------------------------------
 Index Scan using idx on public.t (actual rows=65536.00 loops=1)
   Output: a, b
   Index Cond: ((t.a >= '-90817'::integer) AND (t.a <= '-25282'::integer))
   Index Searches: 1
   Buffers: shared hit=65655
 Settings: enable_bitmapscan = 'off', enable_seqscan = 'off', max_parallel_workers_per_gather = '0'
 Planning:
   Buffers: shared hit=117
 Planning Time: 0.167 ms
 Execution Time: 10.072 ms
(10 rows)

