SET
SET
SET
SET
SET
                                                                    QUERY PLAN                                                                    
--------------------------------------------------------------------------------------------------------------------------------------------------
 Index Scan using idx on public.t (actual rows=32768.00 loops=1)
   Output: a, b
   Index Cond: ((t.a >= '-65042'::integer) AND (t.a <= '-32275'::integer))
   Index Searches: 1
   Prefetch: distance=231.898 count=33049 stalls=1 skipped=31 resets=0 ungets=612 forwarded=0
             histogram [2,4) => 2, [4,8) => 6, [8,16) => 7, [16,32) => 9, [32,64) => 131, [64,128) => 822, [128,256) => 20792, [256,512) => 11280
   Buffers: shared hit=31353 read=1479
 Settings: enable_bitmapscan = 'off', enable_seqscan = 'off', max_parallel_workers_per_gather = '0'
 Planning:
   Buffers: shared hit=85 read=27
 Planning Time: 2.057 ms
 Execution Time: 30.676 ms
(12 rows)

SET
SET
SET
SET
SET
                                             QUERY PLAN                                             
----------------------------------------------------------------------------------------------------
 Index Scan using idx on public.t (actual rows=32768.00 loops=1)
   Output: a, b
   Index Cond: ((t.a >= '-65042'::integer) AND (t.a <= '-32275'::integer))
   Index Searches: 1
   Buffers: shared hit=32832
 Settings: enable_bitmapscan = 'off', enable_seqscan = 'off', max_parallel_workers_per_gather = '0'
 Planning:
   Buffers: shared hit=117
 Planning Time: 0.208 ms
 Execution Time: 5.854 ms
(10 rows)

