SET
SET
SET
SET
SET
                                                                         QUERY PLAN                                                                         
------------------------------------------------------------------------------------------------------------------------------------------------------------
 Index Scan using idx on public.t (actual rows=4048576.00 loops=1)
   Output: a, b
   Index Cond: ((t.a >= '-4065626'::integer) AND (t.a <= '-17051'::integer))
   Index Searches: 1
   Prefetch: distance=68.116 count=177277 stalls=3867822 skipped=3921 resets=0 ungets=595 forwarded=1
             histogram [2,4) => 124914, [4,8) => 960, [8,16) => 18, [16,32) => 27, [32,64) => 171, [64,128) => 1242, [128,256) => 34087, [256,512) => 15858
   Buffers: shared hit=3980674 read=75049
 Settings: enable_bitmapscan = 'off', enable_seqscan = 'off', max_parallel_workers_per_gather = '0'
 Planning:
   Buffers: shared hit=81 read=27
 Planning Time: 2.030 ms
 Execution Time: 921.804 ms
(12 rows)

SET
SET
SET
SET
SET
                                             QUERY PLAN                                             
----------------------------------------------------------------------------------------------------
 Index Scan using idx on public.t (actual rows=4048576.00 loops=1)
   Output: a, b
   Index Cond: ((t.a >= '-4065626'::integer) AND (t.a <= '-17051'::integer))
   Index Searches: 1
   Buffers: shared hit=4055723
 Settings: enable_bitmapscan = 'off', enable_seqscan = 'off', max_parallel_workers_per_gather = '0'
 Planning:
   Buffers: shared hit=113
 Planning Time: 0.257 ms
 Execution Time: 603.640 ms
(10 rows)

