SET
SET
SET
SET
SET
                                                                         QUERY PLAN                                                                          
-------------------------------------------------------------------------------------------------------------------------------------------------------------
 Index Scan using idx on public.t (actual rows=5048576.00 loops=1)
   Output: a, b
   Index Cond: ((t.a >= '-5066312'::integer) AND (t.a <= '-17737'::integer))
   Index Searches: 1
   Prefetch: distance=57.472 count=207994 stalls=4835992 skipped=4951 resets=0 ungets=558 forwarded=2
             histogram [2,4) => 156174, [4,8) => 1185, [8,16) => 14, [16,32) => 33, [32,64) => 165, [64,128) => 1243, [128,256) => 33711, [256,512) => 15469
   Buffers: shared hit=4964014 read=93411
 Settings: enable_bitmapscan = 'off', enable_seqscan = 'off', max_parallel_workers_per_gather = '0'
 Planning:
   Buffers: shared hit=81 read=27
 Planning Time: 2.004 ms
 Execution Time: 1153.093 ms
(12 rows)

SET
SET
SET
SET
SET
                                             QUERY PLAN                                             
----------------------------------------------------------------------------------------------------
 Index Scan using idx on public.t (actual rows=5048576.00 loops=1)
   Output: a, b
   Index Cond: ((t.a >= '-5066312'::integer) AND (t.a <= '-17737'::integer))
   Index Searches: 1
   Buffers: shared hit=5057425
 Settings: enable_bitmapscan = 'off', enable_seqscan = 'off', max_parallel_workers_per_gather = '0'
 Planning:
   Buffers: shared hit=113
 Planning Time: 0.193 ms
 Execution Time: 750.526 ms
(10 rows)

