SET
SET
SET
SET
SET
                                                                       QUERY PLAN                                                                        
---------------------------------------------------------------------------------------------------------------------------------------------------------
 Index Scan using idx on public.t (actual rows=9048576.00 loops=1)
   Output: a, b
   Index Cond: ((t.a >= '-9049543'::integer) AND (t.a <= '-968'::integer))
   Index Searches: 1
   Prefetch: distance=12.150 count=297398 stalls=8742636 skipped=8811 resets=0 ungets=399 forwarded=1
             histogram [2,4) => 282331, [4,8) => 2272, [8,16) => 21, [16,32) => 36, [32,64) => 34, [64,128) => 221, [128,256) => 7140, [256,512) => 5343
   Buffers: shared hit=8897876 read=166617
 Settings: enable_bitmapscan = 'off', enable_seqscan = 'off', max_parallel_workers_per_gather = '0'
 Planning:
   Buffers: shared hit=81 read=27
 Planning Time: 2.121 ms
 Execution Time: 1982.827 ms
(12 rows)

SET
SET
SET
SET
SET
                                             QUERY PLAN                                             
----------------------------------------------------------------------------------------------------
 Index Scan using idx on public.t (actual rows=9048576.00 loops=1)
   Output: a, b
   Index Cond: ((t.a >= '-9049543'::integer) AND (t.a <= '-968'::integer))
   Index Searches: 1
   Buffers: shared hit=9064493
 Settings: enable_bitmapscan = 'off', enable_seqscan = 'off', max_parallel_workers_per_gather = '0'
 Planning:
   Buffers: shared hit=113
 Planning Time: 0.281 ms
 Execution Time: 1348.334 ms
(10 rows)

