SET
SET
SET
SET
SET
                                                                       QUERY PLAN                                                                        
---------------------------------------------------------------------------------------------------------------------------------------------------------
 Index Scan using idx on public.t (actual rows=7048576.00 loops=1)
   Output: a, b
   Index Cond: ((t.a >= '-7050617'::integer) AND (t.a <= '-2042'::integer))
   Index Searches: 1
   Prefetch: distance=13.826 count=233315 stalls=6808575 skipped=6917 resets=0 ungets=385 forwarded=2
             histogram [2,4) => 219899, [4,8) => 1728, [8,16) => 22, [16,32) => 33, [32,64) => 36, [64,128) => 221, [128,256) => 6331, [256,512) => 5045
   Buffers: shared hit=6930994 read=129929
 Settings: enable_bitmapscan = 'off', enable_seqscan = 'off', max_parallel_workers_per_gather = '0'
 Planning:
   Buffers: shared hit=81 read=27
 Planning Time: 2.026 ms
 Execution Time: 1549.667 ms
(12 rows)

SET
SET
SET
SET
SET
                                             QUERY PLAN                                             
----------------------------------------------------------------------------------------------------
 Index Scan using idx on public.t (actual rows=7048576.00 loops=1)
   Output: a, b
   Index Cond: ((t.a >= '-7050617'::integer) AND (t.a <= '-2042'::integer))
   Index Searches: 1
   Buffers: shared hit=7060923
 Settings: enable_bitmapscan = 'off', enable_seqscan = 'off', max_parallel_workers_per_gather = '0'
 Planning:
   Buffers: shared hit=113
 Planning Time: 0.192 ms
 Execution Time: 1048.099 ms
(10 rows)

