SET
SET
SET
SET
SET
                                                                 QUERY PLAN                                                                 
--------------------------------------------------------------------------------------------------------------------------------------------
 Index Scan using idx on public.t (actual rows=4096.00 loops=1)
   Output: a, b
   Index Cond: ((t.a >= '-25359'::integer) AND (t.a <= '-21264'::integer))
   Index Searches: 1
   Prefetch: distance=261.575 count=4253 stalls=1 skipped=7 resets=0 ungets=495 forwarded=2
             histogram [2,4) => 4, [4,8) => 7, [8,16) => 8, [16,32) => 13, [32,64) => 8, [64,128) => 2, [128,256) => 688, [256,512) => 3523
   Buffers: shared hit=3264 read=842
 Settings: enable_bitmapscan = 'off', enable_seqscan = 'off', max_parallel_workers_per_gather = '0'
 Planning:
   Buffers: shared hit=85 read=27
 Planning Time: 2.042 ms
 Execution Time: 23.699 ms
(12 rows)

SET
SET
SET
SET
SET
                                             QUERY PLAN                                             
----------------------------------------------------------------------------------------------------
 Index Scan using idx on public.t (actual rows=4096.00 loops=1)
   Output: a, b
   Index Cond: ((t.a >= '-25359'::integer) AND (t.a <= '-21264'::integer))
   Index Searches: 1
   Buffers: shared hit=4106
 Settings: enable_bitmapscan = 'off', enable_seqscan = 'off', max_parallel_workers_per_gather = '0'
 Planning:
   Buffers: shared hit=117
 Planning Time: 0.199 ms
 Execution Time: 1.225 ms
(10 rows)

