SET
SET
SET
SET
SET
                                                                QUERY PLAN                                                                 
-------------------------------------------------------------------------------------------------------------------------------------------
 Index Scan using idx on public.t (actual rows=2048.00 loops=1)
   Output: a, b
   Index Cond: ((t.a >= '-32798'::integer) AND (t.a <= '-30751'::integer))
   Index Searches: 1
   Prefetch: distance=265.887 count=2194 stalls=1 skipped=0 resets=0 ungets=506 forwarded=2
             histogram [2,4) => 4, [4,8) => 4, [8,16) => 8, [16,32) => 10, [32,64) => 4, [64,128) => 2, [128,256) => 41, [256,512) => 2121
   Buffers: shared hit=1245 read=814
 Settings: enable_bitmapscan = 'off', enable_seqscan = 'off', max_parallel_workers_per_gather = '0'
 Planning:
   Buffers: shared hit=85 read=27
 Planning Time: 2.077 ms
 Execution Time: 24.126 ms
(12 rows)

SET
SET
SET
SET
SET
                                             QUERY PLAN                                             
----------------------------------------------------------------------------------------------------
 Index Scan using idx on public.t (actual rows=2048.00 loops=1)
   Output: a, b
   Index Cond: ((t.a >= '-32798'::integer) AND (t.a <= '-30751'::integer))
   Index Searches: 1
   Buffers: shared hit=2059
 Settings: enable_bitmapscan = 'off', enable_seqscan = 'off', max_parallel_workers_per_gather = '0'
 Planning:
   Buffers: shared hit=117
 Planning Time: 0.188 ms
 Execution Time: 0.656 ms
(10 rows)

