SET
SET
SET
SET
SET
                                                                  QUERY PLAN                                                                  
----------------------------------------------------------------------------------------------------------------------------------------------
 Index Scan using idx on public.t (actual rows=8192.00 loops=1)
   Output: a, b
   Index Cond: ((t.a >= '-35341'::integer) AND (t.a <= '-27150'::integer))
   Index Searches: 1
   Prefetch: distance=251.224 count=8432 stalls=1 skipped=6 resets=0 ungets=547 forwarded=0
             histogram [2,4) => 4, [4,8) => 5, [8,16) => 6, [16,32) => 16, [32,64) => 2, [64,128) => 23, [128,256) => 3306, [256,512) => 5070
   Buffers: shared hit=7235 read=978
 Settings: enable_bitmapscan = 'off', enable_seqscan = 'off', max_parallel_workers_per_gather = '0'
 Planning:
   Buffers: shared hit=85 read=27
 Planning Time: 2.037 ms
 Execution Time: 24.349 ms
(12 rows)

SET
SET
SET
SET
SET
                                             QUERY PLAN                                             
----------------------------------------------------------------------------------------------------
 Index Scan using idx on public.t (actual rows=8192.00 loops=1)
   Output: a, b
   Index Cond: ((t.a >= '-35341'::integer) AND (t.a <= '-27150'::integer))
   Index Searches: 1
   Buffers: shared hit=8213
 Settings: enable_bitmapscan = 'off', enable_seqscan = 'off', max_parallel_workers_per_gather = '0'
 Planning:
   Buffers: shared hit=117
 Planning Time: 0.206 ms
 Execution Time: 1.962 ms
(10 rows)

