SET
SET
SET
SET
SET
                                                                        QUERY PLAN                                                                         
-----------------------------------------------------------------------------------------------------------------------------------------------------------
 Index Scan using idx on public.t (actual rows=1048576.00 loops=1)
   Output: a, b
   Index Cond: ((t.a >= '-1072722'::integer) AND (t.a <= '-24147'::integer))
   Index Searches: 1
   Prefetch: distance=135.853 count=76306 stalls=972027 skipped=1030 resets=0 ungets=796 forwarded=0
             histogram [2,4) => 31407, [4,8) => 237, [8,16) => 13, [16,32) => 25, [32,64) => 165, [64,128) => 1117, [128,256) => 28876, [256,512) => 14466
   Buffers: shared hit=1030360 read=20057
 Settings: enable_bitmapscan = 'off', enable_seqscan = 'off', max_parallel_workers_per_gather = '0'
 Planning:
   Buffers: shared hit=81 read=27
 Planning Time: 2.021 ms
 Execution Time: 268.182 ms
(12 rows)

SET
SET
SET
SET
SET
                                             QUERY PLAN                                             
----------------------------------------------------------------------------------------------------
 Index Scan using idx on public.t (actual rows=1048576.00 loops=1)
   Output: a, b
   Index Cond: ((t.a >= '-1072722'::integer) AND (t.a <= '-24147'::integer))
   Index Searches: 1
   Buffers: shared hit=1050417
 Settings: enable_bitmapscan = 'off', enable_seqscan = 'off', max_parallel_workers_per_gather = '0'
 Planning:
   Buffers: shared hit=113
 Planning Time: 0.220 ms
 Execution Time: 159.264 ms
(10 rows)

