SET
SET
SET
SET
SET
                                                                    QUERY PLAN                                                                    
--------------------------------------------------------------------------------------------------------------------------------------------------
 Index Scan using idx on public.t (actual rows=32768.00 loops=1)
   Output: a, b
   Index Cond: ((t.a >= '-44851'::integer) AND (t.a <= '-12084'::integer))
   Index Searches: 1
   Prefetch: distance=234.314 count=32742 stalls=2 skipped=46 resets=0 ungets=382 forwarded=0
             histogram [2,4) => 2, [4,8) => 5, [8,16) => 8, [16,32) => 16, [32,64) => 39, [64,128) => 377, [128,256) => 21388, [256,512) => 10907
   Buffers: shared hit=31550 read=1267
 Settings: enable_bitmapscan = 'off', enable_seqscan = 'off', max_parallel_workers_per_gather = '0'
 Planning:
   Buffers: shared hit=85 read=27
 Planning Time: 2.039 ms
 Execution Time: 33.063 ms
(12 rows)

SET
SET
SET
SET
SET
                                             QUERY PLAN                                             
----------------------------------------------------------------------------------------------------
 Index Scan using idx on public.t (actual rows=32768.00 loops=1)
   Output: a, b
   Index Cond: ((t.a >= '-44851'::integer) AND (t.a <= '-12084'::integer))
   Index Searches: 1
   Buffers: shared hit=32817
 Settings: enable_bitmapscan = 'off', enable_seqscan = 'off', max_parallel_workers_per_gather = '0'
 Planning:
   Buffers: shared hit=117
 Planning Time: 0.183 ms
 Execution Time: 3.776 ms
(10 rows)

