SET
SET
SET
SET
SET
                                                                      QUERY PLAN                                                                       
-------------------------------------------------------------------------------------------------------------------------------------------------------
 Index Scan using idx on public.t (actual rows=524288.00 loops=1)
   Output: a, b
   Index Cond: ((t.a >= '-525815'::integer) AND (t.a <= '-1528'::integer))
   Index Searches: 1
   Prefetch: distance=102.004 count=28101 stalls=495618 skipped=561 resets=0 ungets=294 forwarded=0
             histogram [2,4) => 16011, [4,8) => 134, [8,16) => 17, [16,32) => 41, [32,64) => 38, [64,128) => 223, [128,256) => 6687, [256,512) => 4950
   Buffers: shared hit=515023 read=10140
 Settings: enable_bitmapscan = 'off', enable_seqscan = 'off', max_parallel_workers_per_gather = '0'
 Planning:
   Buffers: shared hit=81 read=27
 Planning Time: 2.009 ms
 Execution Time: 128.368 ms
(12 rows)

SET
SET
SET
SET
SET
                                             QUERY PLAN                                             
----------------------------------------------------------------------------------------------------
 Index Scan using idx on public.t (actual rows=524288.00 loops=1)
   Output: a, b
   Index Cond: ((t.a >= '-525815'::integer) AND (t.a <= '-1528'::integer))
   Index Searches: 1
   Buffers: shared hit=525163
 Settings: enable_bitmapscan = 'off', enable_seqscan = 'off', max_parallel_workers_per_gather = '0'
 Planning:
   Buffers: shared hit=113
 Planning Time: 0.189 ms
 Execution Time: 79.106 ms
(10 rows)

