SET
SET
SET
SET
SET
                                                                        QUERY PLAN                                                                         
-----------------------------------------------------------------------------------------------------------------------------------------------------------
 Index Scan using idx on public.t (actual rows=3048576.00 loops=1)
   Output: a, b
   Index Cond: ((t.a >= '-3060018'::integer) AND (t.a <= '-11443'::integer))
   Index Searches: 1
   Prefetch: distance=87.610 count=150887 stalls=2894881 skipped=2956 resets=0 ungets=417 forwarded=0
             histogram [2,4) => 93480, [4,8) => 702, [8,16) => 18, [16,32) => 26, [32,64) => 195, [64,128) => 1372, [128,256) => 38186, [256,512) => 16908
   Buffers: shared hit=2997334 read=56620
 Settings: enable_bitmapscan = 'off', enable_seqscan = 'off', max_parallel_workers_per_gather = '0'
 Planning:
   Buffers: shared hit=81 read=27
 Planning Time: 2.022 ms
 Execution Time: 665.052 ms
(12 rows)

SET
SET
SET
SET
SET
                                             QUERY PLAN                                             
----------------------------------------------------------------------------------------------------
 Index Scan using idx on public.t (actual rows=3048576.00 loops=1)
   Output: a, b
   Index Cond: ((t.a >= '-3060018'::integer) AND (t.a <= '-11443'::integer))
   Index Searches: 1
   Buffers: shared hit=3053954
 Settings: enable_bitmapscan = 'off', enable_seqscan = 'off', max_parallel_workers_per_gather = '0'
 Planning:
   Buffers: shared hit=113
 Planning Time: 0.189 ms
 Execution Time: 452.754 ms
(10 rows)

