SET
SET
SET
SET
SET
                                                                         QUERY PLAN                                                                         
------------------------------------------------------------------------------------------------------------------------------------------------------------
 Index Scan using idx on public.t (actual rows=9048576.00 loops=1)
   Output: a, b
   Index Cond: ((t.a >= '-9064928'::integer) AND (t.a <= '-16353'::integer))
   Index Searches: 1
   Prefetch: distance=37.622 count=335541 stalls=8704751 skipped=8792 resets=0 ungets=625 forwarded=1
             histogram [2,4) => 281113, [4,8) => 2260, [8,16) => 19, [16,32) => 23, [32,64) => 88, [64,128) => 1121, [128,256) => 34687, [256,512) => 16230
   Buffers: shared hit=8897682 read=166830
 Settings: enable_bitmapscan = 'off', enable_seqscan = 'off', max_parallel_workers_per_gather = '0'
 Planning:
   Buffers: shared hit=81 read=27
 Planning Time: 2.031 ms
 Execution Time: 1932.992 ms
(12 rows)

SET
SET
SET
SET
SET
                                             QUERY PLAN                                             
----------------------------------------------------------------------------------------------------
 Index Scan using idx on public.t (actual rows=9048576.00 loops=1)
   Output: a, b
   Index Cond: ((t.a >= '-9064928'::integer) AND (t.a <= '-16353'::integer))
   Index Searches: 1
   Buffers: shared hit=9064512
 Settings: enable_bitmapscan = 'off', enable_seqscan = 'off', max_parallel_workers_per_gather = '0'
 Planning:
   Buffers: shared hit=113
 Planning Time: 0.244 ms
 Execution Time: 1337.736 ms
(10 rows)

