SET
SET
SET
SET
SET
                                                                         QUERY PLAN                                                                          
-------------------------------------------------------------------------------------------------------------------------------------------------------------
 Index Scan using idx on public.t (actual rows=7048576.00 loops=1)
   Output: a, b
   Index Cond: ((t.a >= '-7073567'::integer) AND (t.a <= '-24992'::integer))
   Index Searches: 1
   Prefetch: distance=39.491 count=263950 stalls=6778054 skipped=6891 resets=0 ungets=581 forwarded=1
             histogram [2,4) => 218881, [4,8) => 1723, [8,16) => 12, [16,32) => 24, [32,64) => 170, [64,128) => 1115, [128,256) => 28333, [256,512) => 13692
   Buffers: shared hit=6930751 read=130197
 Settings: enable_bitmapscan = 'off', enable_seqscan = 'off', max_parallel_workers_per_gather = '0'
 Planning:
   Buffers: shared hit=81 read=27
 Planning Time: 2.037 ms
 Execution Time: 1610.630 ms
(12 rows)

SET
SET
SET
SET
SET
                                             QUERY PLAN                                             
----------------------------------------------------------------------------------------------------
 Index Scan using idx on public.t (actual rows=7048576.00 loops=1)
   Output: a, b
   Index Cond: ((t.a >= '-7073567'::integer) AND (t.a <= '-24992'::integer))
   Index Searches: 1
   Buffers: shared hit=7060948
 Settings: enable_bitmapscan = 'off', enable_seqscan = 'off', max_parallel_workers_per_gather = '0'
 Planning:
   Buffers: shared hit=113
 Planning Time: 0.223 ms
 Execution Time: 1049.749 ms
(10 rows)

