SET
SET
SET
SET
SET
                                                                         QUERY PLAN                                                                          
-------------------------------------------------------------------------------------------------------------------------------------------------------------
 Index Scan using idx on public.t (actual rows=6048576.00 loops=1)
   Output: a, b
   Index Cond: ((t.a >= '-6069747'::integer) AND (t.a <= '-21172'::integer))
   Index Searches: 1
   Prefetch: distance=47.797 count=236467 stalls=5806842 skipped=5924 resets=0 ungets=713 forwarded=3
             histogram [2,4) => 187520, [4,8) => 1446, [8,16) => 18, [16,32) => 23, [32,64) => 165, [64,128) => 1242, [128,256) => 31031, [256,512) => 15022
   Buffers: shared hit=5947381 read=111804
 Settings: enable_bitmapscan = 'off', enable_seqscan = 'off', max_parallel_workers_per_gather = '0'
 Planning:
   Buffers: shared hit=81 read=27
 Planning Time: 2.001 ms
 Execution Time: 1343.178 ms
(12 rows)

SET
SET
SET
SET
SET
                                             QUERY PLAN                                             
----------------------------------------------------------------------------------------------------
 Index Scan using idx on public.t (actual rows=6048576.00 loops=1)
   Output: a, b
   Index Cond: ((t.a >= '-6069747'::integer) AND (t.a <= '-21172'::integer))
   Index Searches: 1
   Buffers: shared hit=6059185
 Settings: enable_bitmapscan = 'off', enable_seqscan = 'off', max_parallel_workers_per_gather = '0'
 Planning:
   Buffers: shared hit=113
 Planning Time: 0.215 ms
 Execution Time: 894.673 ms
(10 rows)

