SET
SET
SET
SET
SET
                                                               QUERY PLAN                                                                
-----------------------------------------------------------------------------------------------------------------------------------------
 Index Scan using idx on public.t (actual rows=256.00 loops=1)
   Output: a, b
   Index Cond: ((t.a >= '-1974'::integer) AND (t.a <= '-1719'::integer))
   Index Searches: 1
   Prefetch: distance=225.939 count=212 stalls=2 skipped=0 resets=0 ungets=69 forwarded=0
             histogram [2,4) => 6, [4,8) => 6, [8,16) => 6, [16,32) => 11, [32,64) => 5, [64,128) => 3, [128,256) => 3, [256,512) => 172
   Buffers: shared hit=81 read=182
 Settings: enable_bitmapscan = 'off', enable_seqscan = 'off', max_parallel_workers_per_gather = '0'
 Planning:
   Buffers: shared hit=85 read=27
 Planning Time: 1.396 ms
 Execution Time: 7.446 ms
(12 rows)

SET
SET
SET
SET
SET
                                             QUERY PLAN                                             
----------------------------------------------------------------------------------------------------
 Index Scan using idx on public.t (actual rows=256.00 loops=1)
   Output: a, b
   Index Cond: ((t.a >= '-1974'::integer) AND (t.a <= '-1719'::integer))
   Index Searches: 1
   Buffers: shared hit=263
 Settings: enable_bitmapscan = 'off', enable_seqscan = 'off', max_parallel_workers_per_gather = '0'
 Planning:
   Buffers: shared hit=117
 Planning Time: 0.224 ms
 Execution Time: 0.237 ms
(10 rows)

