SET
SET
SET
SET
SET
                                                               QUERY PLAN                                                                
-----------------------------------------------------------------------------------------------------------------------------------------
 Index Scan using idx on public.t (actual rows=1024.00 loops=1)
   Output: a, b
   Index Cond: ((t.a >= '-11370'::integer) AND (t.a <= '-10347'::integer))
   Index Searches: 1
   Prefetch: distance=259.775 count=1018 stalls=1 skipped=2 resets=0 ungets=264 forwarded=0
             histogram [2,4) => 2, [4,8) => 6, [8,16) => 9, [16,32) => 19, [32,64) => 6, [64,128) => 3, [128,256) => 2, [256,512) => 971
   Buffers: shared hit=526 read=505
 Settings: enable_bitmapscan = 'off', enable_seqscan = 'off', max_parallel_workers_per_gather = '0'
 Planning:
   Buffers: shared hit=85 read=27
 Planning Time: 1.521 ms
 Execution Time: 16.691 ms
(12 rows)

SET
SET
SET
SET
SET
                                             QUERY PLAN                                             
----------------------------------------------------------------------------------------------------
 Index Scan using idx on public.t (actual rows=1024.00 loops=1)
   Output: a, b
   Index Cond: ((t.a >= '-11370'::integer) AND (t.a <= '-10347'::integer))
   Index Searches: 1
   Buffers: shared hit=1031
 Settings: enable_bitmapscan = 'off', enable_seqscan = 'off', max_parallel_workers_per_gather = '0'
 Planning:
   Buffers: shared hit=117
 Planning Time: 0.163 ms
 Execution Time: 0.277 ms
(10 rows)

