SET
SET
SET
SET
SET
                                                                       QUERY PLAN                                                                       
--------------------------------------------------------------------------------------------------------------------------------------------------------
 Index Scan using idx on public.t (actual rows=65536.00 loops=1)
   Output: a, b
   Index Cond: ((t.a >= '-91186'::integer) AND (t.a <= '-25651'::integer))
   Index Searches: 1
   Prefetch: distance=226.353 count=43332 stalls=22348 skipped=65 resets=0 ungets=544 forwarded=0
             histogram [2,4) => 736, [4,8) => 22, [8,16) => 13, [16,32) => 33, [32,64) => 166, [64,128) => 1085, [128,256) => 27830, [256,512) => 13447
   Buffers: shared hit=63633 read=2022
 Settings: enable_bitmapscan = 'off', enable_seqscan = 'off', max_parallel_workers_per_gather = '0'
 Planning:
   Buffers: shared hit=85 read=27
 Planning Time: 2.009 ms
 Execution Time: 42.329 ms
(12 rows)

SET
SET
SET
SET
SET
                                             QUERY PLAN                                             
----------------------------------------------------------------------------------------------------
 Index Scan using idx on public.t (actual rows=65536.00 loops=1)
   Output: a, b
   Index Cond: ((t.a >= '-91186'::integer) AND (t.a <= '-25651'::integer))
   Index Searches: 1
   Buffers: shared hit=65655
 Settings: enable_bitmapscan = 'off', enable_seqscan = 'off', max_parallel_workers_per_gather = '0'
 Planning:
   Buffers: shared hit=117
 Planning Time: 0.178 ms
 Execution Time: 7.018 ms
(10 rows)

