SET
SET
SET
SET
SET
                                                                        QUERY PLAN                                                                         
-----------------------------------------------------------------------------------------------------------------------------------------------------------
 Index Scan using idx on public.t (actual rows=1048576.00 loops=1)
   Output: a, b
   Index Cond: ((t.a >= '-1070664'::integer) AND (t.a <= '-22089'::integer))
   Index Searches: 1
   Prefetch: distance=137.594 count=77853 stalls=970045 skipped=1031 resets=0 ungets=590 forwarded=1
             histogram [2,4) => 31341, [4,8) => 241, [8,16) => 14, [16,32) => 29, [32,64) => 171, [64,128) => 1131, [128,256) => 30391, [256,512) => 14535
   Buffers: shared hit=1030384 read=20031
 Settings: enable_bitmapscan = 'off', enable_seqscan = 'off', max_parallel_workers_per_gather = '0'
 Planning:
   Buffers: shared hit=81 read=27
 Planning Time: 2.133 ms
 Execution Time: 255.882 ms
(12 rows)

SET
SET
SET
SET
SET
                                             QUERY PLAN                                             
----------------------------------------------------------------------------------------------------
 Index Scan using idx on public.t (actual rows=1048576.00 loops=1)
   Output: a, b
   Index Cond: ((t.a >= '-1070664'::integer) AND (t.a <= '-22089'::integer))
   Index Searches: 1
   Buffers: shared hit=1050415
 Settings: enable_bitmapscan = 'off', enable_seqscan = 'off', max_parallel_workers_per_gather = '0'
 Planning:
   Buffers: shared hit=113
 Planning Time: 0.215 ms
 Execution Time: 159.446 ms
(10 rows)

