SET
SET
SET
SET
SET
                                                                         QUERY PLAN                                                                          
-------------------------------------------------------------------------------------------------------------------------------------------------------------
 Index Scan using idx on public.t (actual rows=5048576.00 loops=1)
   Output: a, b
   Index Cond: ((t.a >= '-5070868'::integer) AND (t.a <= '-22293'::integer))
   Index Searches: 1
   Prefetch: distance=54.092 count=203958 stalls=4840392 skipped=4951 resets=0 ungets=758 forwarded=2
             histogram [2,4) => 156324, [4,8) => 1185, [8,16) => 18, [16,32) => 23, [32,64) => 165, [64,128) => 1118, [128,256) => 30189, [256,512) => 14936
   Buffers: shared hit=4963963 read=93462
 Settings: enable_bitmapscan = 'off', enable_seqscan = 'off', max_parallel_workers_per_gather = '0'
 Planning:
   Buffers: shared hit=81 read=27
 Planning Time: 2.129 ms
 Execution Time: 1107.485 ms
(12 rows)

SET
SET
SET
SET
SET
                                             QUERY PLAN                                             
----------------------------------------------------------------------------------------------------
 Index Scan using idx on public.t (actual rows=5048576.00 loops=1)
   Output: a, b
   Index Cond: ((t.a >= '-5070868'::integer) AND (t.a <= '-22293'::integer))
   Index Searches: 1
   Buffers: shared hit=5057425
 Settings: enable_bitmapscan = 'off', enable_seqscan = 'off', max_parallel_workers_per_gather = '0'
 Planning:
   Buffers: shared hit=113
 Planning Time: 0.220 ms
 Execution Time: 756.377 ms
(10 rows)

