SET
SET
SET
SET
SET
                                                                       QUERY PLAN                                                                        
---------------------------------------------------------------------------------------------------------------------------------------------------------
 Index Scan using idx on public.t (actual rows=262144.00 loops=1)
   Output: a, b
   Index Cond: ((t.a >= '-288339'::integer) AND (t.a <= '-26196'::integer))
   Index Searches: 1
   Prefetch: distance=198.453 count=49292 stalls=213095 skipped=273 resets=0 ungets=672 forwarded=0
             histogram [2,4) => 6887, [4,8) => 59, [8,16) => 15, [16,32) => 28, [32,64) => 166, [64,128) => 1084, [128,256) => 27446, [256,512) => 13607
   Buffers: shared hit=256959 read=5633
 Settings: enable_bitmapscan = 'off', enable_seqscan = 'off', max_parallel_workers_per_gather = '0'
 Planning:
   Buffers: shared hit=81 read=27
 Planning Time: 2.016 ms
 Execution Time: 97.283 ms
(12 rows)

SET
SET
SET
SET
SET
                                             QUERY PLAN                                             
----------------------------------------------------------------------------------------------------
 Index Scan using idx on public.t (actual rows=262144.00 loops=1)
   Output: a, b
   Index Cond: ((t.a >= '-288339'::integer) AND (t.a <= '-26196'::integer))
   Index Searches: 1
   Buffers: shared hit=262592
 Settings: enable_bitmapscan = 'off', enable_seqscan = 'off', max_parallel_workers_per_gather = '0'
 Planning:
   Buffers: shared hit=113
 Planning Time: 0.188 ms
 Execution Time: 35.473 ms
(10 rows)

