SET
SET
SET
SET
SET
                                                                         QUERY PLAN                                                                         
------------------------------------------------------------------------------------------------------------------------------------------------------------
 Index Scan using idx on public.t (actual rows=4048576.00 loops=1)
   Output: a, b
   Index Cond: ((t.a >= '-4074297'::integer) AND (t.a <= '-25722'::integer))
   Index Searches: 1
   Prefetch: distance=59.709 count=168756 stalls=3876236 skipped=3915 resets=0 ungets=595 forwarded=1
             histogram [2,4) => 125168, [4,8) => 963, [8,16) => 13, [16,32) => 33, [32,64) => 166, [64,128) => 1085, [128,256) => 27813, [256,512) => 13515
   Buffers: shared hit=3980599 read=75128
 Settings: enable_bitmapscan = 'off', enable_seqscan = 'off', max_parallel_workers_per_gather = '0'
 Planning:
   Buffers: shared hit=81 read=27
 Planning Time: 2.030 ms
 Execution Time: 876.871 ms
(12 rows)

SET
SET
SET
SET
SET
                                             QUERY PLAN                                             
----------------------------------------------------------------------------------------------------
 Index Scan using idx on public.t (actual rows=4048576.00 loops=1)
   Output: a, b
   Index Cond: ((t.a >= '-4074297'::integer) AND (t.a <= '-25722'::integer))
   Index Searches: 1
   Buffers: shared hit=4055727
 Settings: enable_bitmapscan = 'off', enable_seqscan = 'off', max_parallel_workers_per_gather = '0'
 Planning:
   Buffers: shared hit=113
 Planning Time: 0.186 ms
 Execution Time: 604.496 ms
(10 rows)

