SET
SET
SET
SET
SET
                                                                         QUERY PLAN                                                                          
-------------------------------------------------------------------------------------------------------------------------------------------------------------
 Index Scan using idx on public.t (actual rows=6048576.00 loops=1)
   Output: a, b
   Index Cond: ((t.a >= '-6078495'::integer) AND (t.a <= '-29920'::integer))
   Index Searches: 1
   Prefetch: distance=40.950 count=228058 stalls=5815289 skipped=5918 resets=0 ungets=781 forwarded=2
             histogram [2,4) => 187810, [4,8) => 1450, [8,16) => 15, [16,32) => 24, [32,64) => 165, [64,128) => 1063, [128,256) => 24529, [256,512) => 13002
   Buffers: shared hit=5947298 read=111892
 Settings: enable_bitmapscan = 'off', enable_seqscan = 'off', max_parallel_workers_per_gather = '0'
 Planning:
   Buffers: shared hit=81 read=27
 Planning Time: 2.022 ms
 Execution Time: 1343.135 ms
(12 rows)

SET
SET
SET
SET
SET
                                             QUERY PLAN                                             
----------------------------------------------------------------------------------------------------
 Index Scan using idx on public.t (actual rows=6048576.00 loops=1)
   Output: a, b
   Index Cond: ((t.a >= '-6078495'::integer) AND (t.a <= '-29920'::integer))
   Index Searches: 1
   Buffers: shared hit=6059190
 Settings: enable_bitmapscan = 'off', enable_seqscan = 'off', max_parallel_workers_per_gather = '0'
 Planning:
   Buffers: shared hit=113
 Planning Time: 0.208 ms
 Execution Time: 902.648 ms
(10 rows)

