SET
SET
SET
SET
SET
                                                                        QUERY PLAN                                                                         
-----------------------------------------------------------------------------------------------------------------------------------------------------------
 Index Scan using idx on public.t (actual rows=524288.00 loops=1)
   Output: a, b
   Index Cond: ((t.a >= '-555703'::integer) AND (t.a <= '-31416'::integer))
   Index Searches: 1
   Prefetch: distance=164.534 count=52743 stalls=471772 skipped=530 resets=0 ungets=817 forwarded=1
             histogram [2,4) => 15243, [4,8) => 128, [8,16) => 16, [16,32) => 22, [32,64) => 165, [64,128) => 1016, [128,256) => 23515, [256,512) => 12638
   Buffers: shared hit=514704 read=10493
 Settings: enable_bitmapscan = 'off', enable_seqscan = 'off', max_parallel_workers_per_gather = '0'
 Planning:
   Buffers: shared hit=81 read=27
 Planning Time: 2.029 ms
 Execution Time: 126.044 ms
(12 rows)

SET
SET
SET
SET
SET
                                             QUERY PLAN                                             
----------------------------------------------------------------------------------------------------
 Index Scan using idx on public.t (actual rows=524288.00 loops=1)
   Output: a, b
   Index Cond: ((t.a >= '-555703'::integer) AND (t.a <= '-31416'::integer))
   Index Searches: 1
   Buffers: shared hit=525197
 Settings: enable_bitmapscan = 'off', enable_seqscan = 'off', max_parallel_workers_per_gather = '0'
 Planning:
   Buffers: shared hit=113
 Planning Time: 0.217 ms
 Execution Time: 81.012 ms
(10 rows)

