SET
SET
SET
SET
SET
                                                                         QUERY PLAN                                                                          
-------------------------------------------------------------------------------------------------------------------------------------------------------------
 Index Scan using idx on public.t (actual rows=9048576.00 loops=1)
   Output: a, b
   Index Cond: ((t.a >= '-9081023'::integer) AND (t.a <= '-32448'::integer))
   Index Searches: 1
   Prefetch: distance=27.947 count=320073 stalls=8720329 skipped=8787 resets=0 ungets=739 forwarded=1
             histogram [2,4) => 281611, [4,8) => 2263, [8,16) => 20, [16,32) => 21, [32,64) => 165, [64,128) => 1016, [128,256) => 22661, [256,512) => 12316
   Buffers: shared hit=8897534 read=166984
 Settings: enable_bitmapscan = 'off', enable_seqscan = 'off', max_parallel_workers_per_gather = '0'
 Planning:
   Buffers: shared hit=81 read=27
 Planning Time: 2.014 ms
 Execution Time: 1972.345 ms
(12 rows)

SET
SET
SET
SET
SET
                                             QUERY PLAN                                             
----------------------------------------------------------------------------------------------------
 Index Scan using idx on public.t (actual rows=9048576.00 loops=1)
   Output: a, b
   Index Cond: ((t.a >= '-9081023'::integer) AND (t.a <= '-32448'::integer))
   Index Searches: 1
   Buffers: shared hit=9064518
 Settings: enable_bitmapscan = 'off', enable_seqscan = 'off', max_parallel_workers_per_gather = '0'
 Planning:
   Buffers: shared hit=113
 Planning Time: 0.245 ms
 Execution Time: 1338.903 ms
(10 rows)

