SET
SET
SET
SET
SET
                                                                QUERY PLAN                                                                
------------------------------------------------------------------------------------------------------------------------------------------
 Index Scan using idx on public.t (actual rows=4096.00 loops=1)
   Output: a, b
   Index Cond: ((t.a >= 6138) AND (t.a <= 6265))
   Index Searches: 1
   Prefetch: distance=84.346 count=78 stalls=6 skipped=3268 resets=0 ungets=8 forwarded=35
             histogram [2,4) => 9, [4,8) => 14, [8,16) => 11, [16,32) => 13, [32,64) => 8, [64,128) => 1, [128,256) => 4, [256,512) => 18
   Buffers: shared hit=51 read=46
 Settings: enable_bitmapscan = 'off', enable_seqscan = 'off', max_parallel_workers_per_gather = '0'
 Planning:
   Buffers: shared hit=78 read=23
 Planning Time: 1.164 ms
 Execution Time: 1.205 ms
(12 rows)

SET
SET
SET
SET
SET
                                             QUERY PLAN                                             
----------------------------------------------------------------------------------------------------
 Index Scan using idx on public.t (actual rows=4096.00 loops=1)
   Output: a, b
   Index Cond: ((t.a >= 6138) AND (t.a <= 6265))
   Index Searches: 1
   Buffers: shared hit=101
 Settings: enable_bitmapscan = 'off', enable_seqscan = 'off', max_parallel_workers_per_gather = '0'
 Planning:
   Buffers: shared hit=106
 Planning Time: 0.122 ms
 Execution Time: 0.179 ms
(10 rows)

