SET
SET
SET
SET
SET
                                                                 QUERY PLAN                                                                 
--------------------------------------------------------------------------------------------------------------------------------------------
 Index Scan using idx on public.t (actual rows=8192.00 loops=1)
   Output: a, b
   Index Cond: ((t.a >= 32172) AND (t.a <= 32427))
   Index Searches: 1
   Prefetch: distance=214.085 count=211 stalls=3 skipped=7108 resets=0 ungets=57 forwarded=78
             histogram [2,4) => 2, [4,8) => 11, [8,16) => 10, [16,32) => 11, [32,64) => 10, [64,128) => 4, [128,256) => 1, [256,512) => 162
   Buffers: shared hit=100 read=89
 Settings: enable_bitmapscan = 'off', enable_seqscan = 'off', max_parallel_workers_per_gather = '0'
 Planning:
   Buffers: shared hit=78 read=23
 Planning Time: 1.123 ms
 Execution Time: 1.578 ms
(12 rows)

SET
SET
SET
SET
SET
                                             QUERY PLAN                                             
----------------------------------------------------------------------------------------------------
 Index Scan using idx on public.t (actual rows=8192.00 loops=1)
   Output: a, b
   Index Cond: ((t.a >= 32172) AND (t.a <= 32427))
   Index Searches: 1
   Buffers: shared hit=190
 Settings: enable_bitmapscan = 'off', enable_seqscan = 'off', max_parallel_workers_per_gather = '0'
 Planning:
   Buffers: shared hit=106
 Planning Time: 0.116 ms
 Execution Time: 0.323 ms
(10 rows)

