SET
SET
SET
SET
SET
                                                                QUERY PLAN                                                                
------------------------------------------------------------------------------------------------------------------------------------------
 Index Scan using idx on public.t (actual rows=16384.00 loops=1)
   Output: a, b
   Index Cond: ((t.a >= 21589) AND (t.a <= 22100))
   Index Searches: 1
   Prefetch: distance=250.801 count=507 stalls=2 skipped=15748 resets=0 ungets=160 forwarded=194
             histogram [2,4) => 4, [4,8) => 11, [8,16) => 8, [16,32) => 14, [32,64) => 2, [64,128) => 1, [128,256) => 4, [256,512) => 463
   Buffers: shared hit=194 read=173
 Settings: enable_bitmapscan = 'off', enable_seqscan = 'off', max_parallel_workers_per_gather = '0'
 Planning:
   Buffers: shared hit=78 read=23
 Planning Time: 1.390 ms
 Execution Time: 2.198 ms
(12 rows)

SET
SET
SET
SET
SET
                                             QUERY PLAN                                             
----------------------------------------------------------------------------------------------------
 Index Scan using idx on public.t (actual rows=16384.00 loops=1)
   Output: a, b
   Index Cond: ((t.a >= 21589) AND (t.a <= 22100))
   Index Searches: 1
   Buffers: shared hit=375
 Settings: enable_bitmapscan = 'off', enable_seqscan = 'off', max_parallel_workers_per_gather = '0'
 Planning:
   Buffers: shared hit=106
 Planning Time: 0.183 ms
 Execution Time: 0.740 ms
(10 rows)

