SET
SET
SET
SET
SET
                                                                QUERY PLAN                                                                 
-------------------------------------------------------------------------------------------------------------------------------------------
 Index Scan Backward using idx on public.t (actual rows=1024.00 loops=1)
   Output: a, b
   Index Cond: ((t.a >= '-15273'::integer) AND (t.a <= '-14250'::integer))
   Index Searches: 1
   Prefetch: distance=260.748 count=1050 stalls=2 skipped=2 resets=0 ungets=296 forwarded=0
             histogram [2,4) => 6, [4,8) => 5, [8,16) => 10, [16,32) => 13, [32,64) => 6, [64,128) => 2, [128,256) => 2, [256,512) => 1006
   Buffers: shared hit=498 read=532
 Settings: enable_bitmapscan = 'off', enable_seqscan = 'off', max_parallel_workers_per_gather = '0'
 Planning:
   Buffers: shared hit=81 read=27
 Planning Time: 1.521 ms
 Execution Time: 17.536 ms
(12 rows)

SET
SET
SET
SET
SET
                                             QUERY PLAN                                             
----------------------------------------------------------------------------------------------------
 Index Scan Backward using idx on public.t (actual rows=1024.00 loops=1)
   Output: a, b
   Index Cond: ((t.a >= '-15273'::integer) AND (t.a <= '-14250'::integer))
   Index Searches: 1
   Buffers: shared hit=1030
 Settings: enable_bitmapscan = 'off', enable_seqscan = 'off', max_parallel_workers_per_gather = '0'
 Planning:
   Buffers: shared hit=113
 Planning Time: 0.202 ms
 Execution Time: 0.616 ms
(10 rows)

