SET
SET
SET
SET
SET
                                                                 QUERY PLAN                                                                 
--------------------------------------------------------------------------------------------------------------------------------------------
 Index Scan Backward using idx on public.t (actual rows=2048.00 loops=1)
   Output: a, b
   Index Cond: ((t.a >= '-21526'::integer) AND (t.a <= '-19479'::integer))
   Index Searches: 1
   Prefetch: distance=264.187 count=2218 stalls=1 skipped=2 resets=0 ungets=470 forwarded=1
             histogram [2,4) => 2, [4,8) => 6, [8,16) => 10, [16,32) => 10, [32,64) => 9, [64,128) => 2, [128,256) => 91, [256,512) => 2088
   Buffers: shared hit=1330 read=727
 Settings: enable_bitmapscan = 'off', enable_seqscan = 'off', max_parallel_workers_per_gather = '0'
 Planning:
   Buffers: shared hit=81 read=27
 Planning Time: 2.005 ms
 Execution Time: 21.671 ms
(12 rows)

SET
SET
SET
SET
SET
                                             QUERY PLAN                                             
----------------------------------------------------------------------------------------------------
 Index Scan Backward using idx on public.t (actual rows=2048.00 loops=1)
   Output: a, b
   Index Cond: ((t.a >= '-21526'::integer) AND (t.a <= '-19479'::integer))
   Index Searches: 1
   Buffers: shared hit=2057
 Settings: enable_bitmapscan = 'off', enable_seqscan = 'off', max_parallel_workers_per_gather = '0'
 Planning:
   Buffers: shared hit=113
 Planning Time: 0.183 ms
 Execution Time: 0.844 ms
(10 rows)

