SET
SET
SET
SET
SET
                                                                QUERY PLAN                                                                 
-------------------------------------------------------------------------------------------------------------------------------------------
 Index Scan using idx on public.t (actual rows=131072.00 loops=1)
   Output: a, b
   Index Cond: ((t.a >= 2138) AND (t.a <= 6233))
   Index Searches: 1
   Prefetch: distance=268.770 count=3957 stalls=3 skipped=127222 resets=0 ungets=1165 forwarded=1174
             histogram [2,4) => 4, [4,8) => 9, [8,16) => 19, [16,32) => 12, [32,64) => 3, [64,128) => 1, [128,256) => 4, [256,512) => 3905
   Buffers: shared hit=1446 read=1344
 Settings: enable_bitmapscan = 'off', enable_seqscan = 'off', max_parallel_workers_per_gather = '0'
 Planning:
   Buffers: shared hit=78 read=27
 Planning Time: 1.919 ms
 Execution Time: 9.800 ms
(12 rows)

SET
SET
SET
SET
SET
                                             QUERY PLAN                                             
----------------------------------------------------------------------------------------------------
 Index Scan using idx on public.t (actual rows=131072.00 loops=1)
   Output: a, b
   Index Cond: ((t.a >= 2138) AND (t.a <= 6233))
   Index Searches: 1
   Buffers: shared hit=2936
 Settings: enable_bitmapscan = 'off', enable_seqscan = 'off', max_parallel_workers_per_gather = '0'
 Planning:
   Buffers: shared hit=110
 Planning Time: 0.192 ms
 Execution Time: 5.577 ms
(10 rows)

