SET
SET
SET
SET
SET
                                                                    QUERY PLAN                                                                     
---------------------------------------------------------------------------------------------------------------------------------------------------
 Index Scan Backward using idx on public.t (actual rows=32768.00 loops=1)
   Output: a, b
   Index Cond: ((t.a >= '-59396'::integer) AND (t.a <= '-26629'::integer))
   Index Searches: 1
   Prefetch: distance=236.963 count=12597 stalls=20950 skipped=33 resets=0 ungets=915 forwarded=1
             histogram [2,4) => 408, [4,8) => 9, [8,16) => 13, [16,32) => 25, [32,64) => 37, [64,128) => 194, [128,256) => 5228, [256,512) => 6683
   Buffers: shared hit=31402 read=1429
 Settings: enable_bitmapscan = 'off', enable_seqscan = 'off', max_parallel_workers_per_gather = '0'
 Planning:
   Buffers: shared hit=81 read=27
 Planning Time: 2.028 ms
 Execution Time: 37.483 ms
(12 rows)

SET
SET
SET
SET
SET
                                             QUERY PLAN                                             
----------------------------------------------------------------------------------------------------
 Index Scan Backward using idx on public.t (actual rows=32768.00 loops=1)
   Output: a, b
   Index Cond: ((t.a >= '-59396'::integer) AND (t.a <= '-26629'::integer))
   Index Searches: 1
   Buffers: shared hit=32831
 Settings: enable_bitmapscan = 'off', enable_seqscan = 'off', max_parallel_workers_per_gather = '0'
 Planning:
   Buffers: shared hit=113
 Planning Time: 0.167 ms
 Execution Time: 3.442 ms
(10 rows)

