SET
SET
SET
SET
SET
                                                                        QUERY PLAN                                                                         
-----------------------------------------------------------------------------------------------------------------------------------------------------------
 Index Scan Backward using idx on public.t (actual rows=4048576.00 loops=1)
   Output: a, b
   Index Cond: ((t.a >= '-4076370'::integer) AND (t.a <= '-27795'::integer))
   Index Searches: 1
   Prefetch: distance=46.890 count=156072 stalls=3889144 skipped=3916 resets=0 ungets=783 forwarded=1
             histogram [2,4) => 125264, [4,8) => 1023, [8,16) => 17, [16,32) => 26, [32,64) => 92, [64,128) => 679, [128,256) => 17034, [256,512) => 11937
   Buffers: shared hit=3980569 read=75159
 Settings: enable_bitmapscan = 'off', enable_seqscan = 'off', max_parallel_workers_per_gather = '0'
 Planning:
   Buffers: shared hit=77 read=27
 Planning Time: 2.025 ms
 Execution Time: 4696.098 ms
(12 rows)

SET
SET
SET
SET
SET
                                             QUERY PLAN                                             
----------------------------------------------------------------------------------------------------
 Index Scan Backward using idx on public.t (actual rows=4048576.00 loops=1)
   Output: a, b
   Index Cond: ((t.a >= '-4076370'::integer) AND (t.a <= '-27795'::integer))
   Index Searches: 1
   Buffers: shared hit=4055728
 Settings: enable_bitmapscan = 'off', enable_seqscan = 'off', max_parallel_workers_per_gather = '0'
 Planning:
   Buffers: shared hit=109
 Planning Time: 0.252 ms
 Execution Time: 606.085 ms
(10 rows)

