SET
SET
SET
SET
SET
                                                                        QUERY PLAN                                                                        
----------------------------------------------------------------------------------------------------------------------------------------------------------
 Index Scan Backward using idx on public.t (actual rows=7048576.00 loops=1)
   Output: a, b
   Index Cond: ((t.a >= '-7056662'::integer) AND (t.a <= '-8087'::integer))
   Index Searches: 1
   Prefetch: distance=21.090 count=239812 stalls=6802523 skipped=6902 resets=0 ungets=842 forwarded=0
             histogram [2,4) => 218909, [4,8) => 1804, [8,16) => 16, [16,32) => 38, [32,64) => 38, [64,128) => 191, [128,256) => 10252, [256,512) => 8564
   Buffers: shared hit=6930925 read=130013
 Settings: enable_bitmapscan = 'off', enable_seqscan = 'off', max_parallel_workers_per_gather = '0'
 Planning:
   Buffers: shared hit=77 read=27
 Planning Time: 2.030 ms
 Execution Time: 8190.458 ms
(12 rows)

SET
SET
SET
SET
SET
                                             QUERY PLAN                                             
----------------------------------------------------------------------------------------------------
 Index Scan Backward using idx on public.t (actual rows=7048576.00 loops=1)
   Output: a, b
   Index Cond: ((t.a >= '-7056662'::integer) AND (t.a <= '-8087'::integer))
   Index Searches: 1
   Buffers: shared hit=7060938
 Settings: enable_bitmapscan = 'off', enable_seqscan = 'off', max_parallel_workers_per_gather = '0'
 Planning:
   Buffers: shared hit=109
 Planning Time: 0.222 ms
 Execution Time: 1044.506 ms
(10 rows)

