SET
SET
SET
SET
SET
                                                                        QUERY PLAN                                                                        
----------------------------------------------------------------------------------------------------------------------------------------------------------
 Index Scan Backward using idx on public.t (actual rows=6048576.00 loops=1)
   Output: a, b
   Index Cond: ((t.a >= '-6076626'::integer) AND (t.a <= '-28051'::integer))
   Index Searches: 1
   Prefetch: distance=23.412 count=208780 stalls=5834368 skipped=5919 resets=0 ungets=784 forwarded=2
             histogram [2,4) => 188085, [4,8) => 1533, [8,16) => 19, [16,32) => 26, [32,64) => 150, [64,128) => 695, [128,256) => 9782, [256,512) => 8490
   Buffers: shared hit=5947312 read=111877
 Settings: enable_bitmapscan = 'off', enable_seqscan = 'off', max_parallel_workers_per_gather = '0'
 Planning:
   Buffers: shared hit=77 read=27
 Planning Time: 2.150 ms
 Execution Time: 7044.501 ms
(12 rows)

SET
SET
SET
SET
SET
                                             QUERY PLAN                                             
----------------------------------------------------------------------------------------------------
 Index Scan Backward using idx on public.t (actual rows=6048576.00 loops=1)
   Output: a, b
   Index Cond: ((t.a >= '-6076626'::integer) AND (t.a <= '-28051'::integer))
   Index Searches: 1
   Buffers: shared hit=6059189
 Settings: enable_bitmapscan = 'off', enable_seqscan = 'off', max_parallel_workers_per_gather = '0'
 Planning:
   Buffers: shared hit=109
 Planning Time: 0.224 ms
 Execution Time: 900.743 ms
(10 rows)

