SET
SET
SET
SET
SET
                                                                 QUERY PLAN                                                                 
--------------------------------------------------------------------------------------------------------------------------------------------
 Index Scan using idx on public.t (actual rows=262144.00 loops=1)
   Output: a, b
   Index Cond: ((t.a >= 14838) AND (t.a <= 23029))
   Index Searches: 1
   Prefetch: distance=270.034 count=8051 stalls=1 skipped=256270 resets=0 ungets=2366 forwarded=2214
             histogram [2,4) => 2, [4,8) => 26, [8,16) => 12, [16,32) => 12, [32,64) => 7, [64,128) => 1, [128,256) => 1, [256,512) => 7990
   Buffers: shared hit=2948 read=2688
 Settings: enable_bitmapscan = 'off', enable_seqscan = 'off', max_parallel_workers_per_gather = '0'
 Planning:
   Buffers: shared hit=78 read=23
 Planning Time: 1.763 ms
 Execution Time: 18.721 ms
(12 rows)

SET
SET
SET
SET
SET
                                             QUERY PLAN                                             
----------------------------------------------------------------------------------------------------
 Index Scan using idx on public.t (actual rows=262144.00 loops=1)
   Output: a, b
   Index Cond: ((t.a >= 14838) AND (t.a <= 23029))
   Index Searches: 1
   Buffers: shared hit=5927
 Settings: enable_bitmapscan = 'off', enable_seqscan = 'off', max_parallel_workers_per_gather = '0'
 Planning:
   Buffers: shared hit=106
 Planning Time: 0.176 ms
 Execution Time: 10.509 ms
(10 rows)

