SET
SET
SET
SET
SET
                                                                        QUERY PLAN                                                                        
----------------------------------------------------------------------------------------------------------------------------------------------------------
 Index Scan Backward using idx on public.t (actual rows=2048576.00 loops=1)
   Output: a, b
   Index Cond: ((t.a >= '-2058121'::integer) AND (t.a <= '-9546'::integer))
   Index Searches: 1
   Prefetch: distance=144.597 count=156059 stalls=1891340 skipped=2001 resets=0 ungets=926 forwarded=2
             histogram [2,4) => 60340, [4,8) => 499, [8,16) => 19, [16,32) => 47, [32,64) => 350, [64,128) => 937, [128,256) => 62295, [256,512) => 31572
   Buffers: shared hit=2013935 read=38243
 Settings: enable_bitmapscan = 'off', enable_seqscan = 'off', max_parallel_workers_per_gather = '0'
 Planning:
   Buffers: shared hit=77 read=27
 Planning Time: 2.041 ms
 Execution Time: 2324.292 ms
(12 rows)

SET
SET
SET
SET
SET
                                             QUERY PLAN                                             
----------------------------------------------------------------------------------------------------
 Index Scan Backward using idx on public.t (actual rows=2048576.00 loops=1)
   Output: a, b
   Index Cond: ((t.a >= '-2058121'::integer) AND (t.a <= '-9546'::integer))
   Index Searches: 1
   Buffers: shared hit=2052178
 Settings: enable_bitmapscan = 'off', enable_seqscan = 'off', max_parallel_workers_per_gather = '0'
 Planning:
   Buffers: shared hit=109
 Planning Time: 0.192 ms
 Execution Time: 302.359 ms
(10 rows)

