SET
SET
SET
SET
SET
                                                                  QUERY PLAN                                                                  
----------------------------------------------------------------------------------------------------------------------------------------------
 Index Scan using idx on public.t (actual rows=524288.00 loops=1)
   Output: a, b
   Index Cond: ((t.a >= 1661) AND (t.a <= 18044))
   Index Searches: 1
   Prefetch: distance=270.706 count=15726 stalls=8 skipped=512114 resets=0 ungets=4228 forwarded=3369
             histogram [2,4) => 21, [4,8) => 21, [8,16) => 12, [16,32) => 13, [32,64) => 6, [64,128) => 1, [128,256) => 1, [256,512) => 15651
   Buffers: shared hit=6117 read=5370
 Settings: enable_bitmapscan = 'off', enable_seqscan = 'off', max_parallel_workers_per_gather = '0'
 Planning:
   Buffers: shared hit=78 read=27
 Planning Time: 1.907 ms
 Execution Time: 29.077 ms
(12 rows)

SET
SET
SET
SET
SET
                                             QUERY PLAN                                             
----------------------------------------------------------------------------------------------------
 Index Scan using idx on public.t (actual rows=524288.00 loops=1)
   Output: a, b
   Index Cond: ((t.a >= 1661) AND (t.a <= 18044))
   Index Searches: 1
   Buffers: shared hit=11993
 Settings: enable_bitmapscan = 'off', enable_seqscan = 'off', max_parallel_workers_per_gather = '0'
 Planning:
   Buffers: shared hit=110
 Planning Time: 0.194 ms
 Execution Time: 22.118 ms
(10 rows)

