SET
SET
SET
SET
SET
                                                                 QUERY PLAN                                                                  
---------------------------------------------------------------------------------------------------------------------------------------------
 Index Scan using idx on public.t (actual rows=1048576.00 loops=1)
   Output: a, b
   Index Cond: ((t.a >= 31106) AND (t.a <= 63873))
   Index Searches: 1
   Prefetch: distance=271.495 count=31677 stalls=1 skipped=1025010 resets=0 ungets=8493 forwarded=6431
             histogram [2,4) => 2, [4,8) => 21, [8,16) => 13, [16,32) => 13, [32,64) => 1, [64,128) => 4, [128,256) => 1, [256,512) => 31622
   Buffers: shared hit=12377 read=10740
 Settings: enable_bitmapscan = 'off', enable_seqscan = 'off', max_parallel_workers_per_gather = '0'
 Planning:
   Buffers: shared hit=78 read=23
 Planning Time: 1.719 ms
 Execution Time: 54.888 ms
(12 rows)

SET
SET
SET
SET
SET
                                             QUERY PLAN                                             
----------------------------------------------------------------------------------------------------
 Index Scan using idx on public.t (actual rows=1048576.00 loops=1)
   Output: a, b
   Index Cond: ((t.a >= 31106) AND (t.a <= 63873))
   Index Searches: 1
   Buffers: shared hit=24134
 Settings: enable_bitmapscan = 'off', enable_seqscan = 'off', max_parallel_workers_per_gather = '0'
 Planning:
   Buffers: shared hit=106
 Planning Time: 0.198 ms
 Execution Time: 42.665 ms
(10 rows)

