SET
SET
SET
SET
SET
                                                                  QUERY PLAN                                                                  
----------------------------------------------------------------------------------------------------------------------------------------------
 Index Scan using idx on public.t (actual rows=2048576.00 loops=1)
   Output: a, b
   Index Cond: ((t.a >= 26986) AND (t.a <= 91003))
   Index Searches: 1
   Prefetch: distance=271.584 count=61674 stalls=9 skipped=2002103 resets=0 ungets=16329 forwarded=12423
             histogram [2,4) => 19, [4,8) => 28, [8,16) => 8, [16,32) => 11, [32,64) => 10, [64,128) => 4, [128,256) => 1, [256,512) => 61593
   Buffers: shared hit=24117 read=20978
 Settings: enable_bitmapscan = 'off', enable_seqscan = 'off', max_parallel_workers_per_gather = '0'
 Planning:
   Buffers: shared hit=78 read=23
 Planning Time: 1.715 ms
 Execution Time: 107.114 ms
(12 rows)

SET
SET
SET
SET
SET
                                             QUERY PLAN                                             
----------------------------------------------------------------------------------------------------
 Index Scan using idx on public.t (actual rows=2048576.00 loops=1)
   Output: a, b
   Index Cond: ((t.a >= 26986) AND (t.a <= 91003))
   Index Searches: 1
   Buffers: shared hit=47219
 Settings: enable_bitmapscan = 'off', enable_seqscan = 'off', max_parallel_workers_per_gather = '0'
 Planning:
   Buffers: shared hit=106
 Planning Time: 0.175 ms
 Execution Time: 80.538 ms
(10 rows)

