SET
SET
SET
SET
SET
                                                                  QUERY PLAN                                                                   
-----------------------------------------------------------------------------------------------------------------------------------------------
 Index Scan using idx on public.t (actual rows=3048576.00 loops=1)
   Output: a, b
   Index Cond: ((t.a >= 27746) AND (t.a <= 123013))
   Index Searches: 1
   Prefetch: distance=271.703 count=94594 stalls=15 skipped=2980833 resets=0 ungets=27185 forwarded=22917
             histogram [2,4) => 23, [4,8) => 15, [8,16) => 17, [16,32) => 10, [32,64) => 20, [64,128) => 4, [128,256) => 1, [256,512) => 94504
   Buffers: shared hit=36033 read=31217
 Settings: enable_bitmapscan = 'off', enable_seqscan = 'off', max_parallel_workers_per_gather = '0'
 Planning:
   Buffers: shared hit=78 read=23
 Planning Time: 1.726 ms
 Execution Time: 172.247 ms
(12 rows)

SET
SET
SET
SET
SET
                                             QUERY PLAN                                             
----------------------------------------------------------------------------------------------------
 Index Scan using idx on public.t (actual rows=3048576.00 loops=1)
   Output: a, b
   Index Cond: ((t.a >= 27746) AND (t.a <= 123013))
   Index Searches: 1
   Buffers: shared hit=70161
 Settings: enable_bitmapscan = 'off', enable_seqscan = 'off', max_parallel_workers_per_gather = '0'
 Planning:
   Buffers: shared hit=106
 Planning Time: 0.198 ms
 Execution Time: 124.433 ms
(10 rows)

