SET
SET
SET
SET
SET
                                                                  QUERY PLAN                                                                  
----------------------------------------------------------------------------------------------------------------------------------------------
 Index Scan using idx on public.t (actual rows=6048576.00 loops=1)
   Output: a, b
   Index Cond: ((t.a >= 22525) AND (t.a <= 211542))
   Index Searches: 1
   Prefetch: distance=271.852 count=184056 stalls=2 skipped=5914412 resets=0 ungets=50412 forwarded=38876
             histogram [2,4) => 5, [4,8) => 14, [8,16) => 15, [16,32) => 10, [32,64) => 9, [64,128) => 5, [128,256) => 1, [256,512) => 183997
   Buffers: shared hit=71535 read=61934
 Settings: enable_bitmapscan = 'off', enable_seqscan = 'off', max_parallel_workers_per_gather = '0'
 Planning:
   Buffers: shared hit=78 read=23
 Planning Time: 1.715 ms
 Execution Time: 325.213 ms
(12 rows)

SET
SET
SET
SET
SET
                                             QUERY PLAN                                             
----------------------------------------------------------------------------------------------------
 Index Scan using idx on public.t (actual rows=6048576.00 loops=1)
   Output: a, b
   Index Cond: ((t.a >= 22525) AND (t.a <= 211542))
   Index Searches: 1
   Buffers: shared hit=139059
 Settings: enable_bitmapscan = 'off', enable_seqscan = 'off', max_parallel_workers_per_gather = '0'
 Planning:
   Buffers: shared hit=106
 Planning Time: 0.206 ms
 Execution Time: 241.128 ms
(10 rows)

