SET
SET
SET
SET
SET
                                                                QUERY PLAN                                                                
------------------------------------------------------------------------------------------------------------------------------------------
 Index Scan Backward using idx on public.t (actual rows=1024.00 loops=1)
   Output: a, b
   Index Cond: ((t.a >= '-22512'::integer) AND (t.a <= '-21489'::integer))
   Index Searches: 1
   Prefetch: distance=264.572 count=1223 stalls=1 skipped=1 resets=0 ungets=386 forwarded=0
             histogram [2,4) => 4, [4,8) => 5, [8,16) => 4, [16,32) => 13, [32,64) => 4, [64,128) => 3, [128,256) => 2, [256,512) => 1188
   Buffers: shared hit=466 read=566
 Settings: enable_bitmapscan = 'off', enable_seqscan = 'off', max_parallel_workers_per_gather = '0'
 Planning:
   Buffers: shared hit=81 read=27
 Planning Time: 1.544 ms
 Execution Time: 13.910 ms
(12 rows)

SET
SET
SET
SET
SET
                                             QUERY PLAN                                             
----------------------------------------------------------------------------------------------------
 Index Scan Backward using idx on public.t (actual rows=1024.00 loops=1)
   Output: a, b
   Index Cond: ((t.a >= '-22512'::integer) AND (t.a <= '-21489'::integer))
   Index Searches: 1
   Buffers: shared hit=1032
 Settings: enable_bitmapscan = 'off', enable_seqscan = 'off', max_parallel_workers_per_gather = '0'
 Planning:
   Buffers: shared hit=113
 Planning Time: 0.196 ms
 Execution Time: 0.538 ms
(10 rows)

