SET
SET
SET
SET
SET
                                                                      QUERY PLAN                                                                       
-------------------------------------------------------------------------------------------------------------------------------------------------------
 Index Scan Backward using idx on public.t (actual rows=1048576.00 loops=1)
   Output: a, b
   Index Cond: ((t.a >= '-1063170'::integer) AND (t.a <= '-14595'::integer))
   Index Searches: 1
   Prefetch: distance=57.217 count=41659 stalls=1006340 skipped=1038 resets=0 ungets=766 forwarded=1
             histogram [2,4) => 31896, [4,8) => 296, [8,16) => 18, [16,32) => 29, [32,64) => 61, [64,128) => 272, [128,256) => 3444, [256,512) => 5643
   Buffers: shared hit=1030458 read=19951
 Settings: enable_bitmapscan = 'off', enable_seqscan = 'off', max_parallel_workers_per_gather = '0'
 Planning:
   Buffers: shared hit=77 read=27
 Planning Time: 2.013 ms
 Execution Time: 1220.697 ms
(12 rows)

SET
SET
SET
SET
SET
                                             QUERY PLAN                                             
----------------------------------------------------------------------------------------------------
 Index Scan Backward using idx on public.t (actual rows=1048576.00 loops=1)
   Output: a, b
   Index Cond: ((t.a >= '-1063170'::integer) AND (t.a <= '-14595'::integer))
   Index Searches: 1
   Buffers: shared hit=1050409
 Settings: enable_bitmapscan = 'off', enable_seqscan = 'off', max_parallel_workers_per_gather = '0'
 Planning:
   Buffers: shared hit=109
 Planning Time: 0.192 ms
 Execution Time: 157.797 ms
(10 rows)

