SET
SET
SET
SET
SET
                                                                      QUERY PLAN                                                                       
-------------------------------------------------------------------------------------------------------------------------------------------------------
 Index Scan Backward using idx on public.t (actual rows=131072.00 loops=1)
   Output: a, b
   Index Cond: ((t.a >= '-139380'::integer) AND (t.a <= '-8309'::integer))
   Index Searches: 1
   Prefetch: distance=224.395 count=36054 stalls=95328 skipped=146 resets=0 ungets=755 forwarded=2
             histogram [2,4) => 2320, [4,8) => 23, [8,16) => 18, [16,32) => 34, [32,64) => 50, [64,128) => 242, [128,256) => 20158, [256,512) => 13209
   Buffers: shared hit=128260 read=3030
 Settings: enable_bitmapscan = 'off', enable_seqscan = 'off', max_parallel_workers_per_gather = '0'
 Planning:
   Buffers: shared hit=81 read=27
 Planning Time: 2.015 ms
 Execution Time: 135.439 ms
(12 rows)

SET
SET
SET
SET
SET
                                             QUERY PLAN                                             
----------------------------------------------------------------------------------------------------
 Index Scan Backward using idx on public.t (actual rows=131072.00 loops=1)
   Output: a, b
   Index Cond: ((t.a >= '-139380'::integer) AND (t.a <= '-8309'::integer))
   Index Searches: 1
   Buffers: shared hit=131290
 Settings: enable_bitmapscan = 'off', enable_seqscan = 'off', max_parallel_workers_per_gather = '0'
 Planning:
   Buffers: shared hit=113
 Planning Time: 0.178 ms
 Execution Time: 17.648 ms
(10 rows)

