SET
SET
SET
SET
SET
                                                                       QUERY PLAN                                                                       
--------------------------------------------------------------------------------------------------------------------------------------------------------
 Index Scan Backward using idx on public.t (actual rows=3048576.00 loops=1)
   Output: a, b
   Index Cond: ((t.a >= '-3076866'::integer) AND (t.a <= '-28291'::integer))
   Index Searches: 1
   Prefetch: distance=47.980 count=117614 stalls=2928526 skipped=2939 resets=0 ungets=772 forwarded=0
             histogram [2,4) => 94246, [4,8) => 768, [8,16) => 20, [16,32) => 39, [32,64) => 52, [64,128) => 100, [128,256) => 12714, [256,512) => 9675
   Buffers: shared hit=2997167 read=56804
 Settings: enable_bitmapscan = 'off', enable_seqscan = 'off', max_parallel_workers_per_gather = '0'
 Planning:
   Buffers: shared hit=77 read=27
 Planning Time: 2.061 ms
 Execution Time: 3552.968 ms
(12 rows)

SET
SET
SET
SET
SET
                                             QUERY PLAN                                             
----------------------------------------------------------------------------------------------------
 Index Scan Backward using idx on public.t (actual rows=3048576.00 loops=1)
   Output: a, b
   Index Cond: ((t.a >= '-3076866'::integer) AND (t.a <= '-28291'::integer))
   Index Searches: 1
   Buffers: shared hit=3053971
 Settings: enable_bitmapscan = 'off', enable_seqscan = 'off', max_parallel_workers_per_gather = '0'
 Planning:
   Buffers: shared hit=109
 Planning Time: 0.220 ms
 Execution Time: 454.976 ms
(10 rows)

