SET
SET
SET
SET
SET
                                                                        QUERY PLAN                                                                         
-----------------------------------------------------------------------------------------------------------------------------------------------------------
 Index Scan Backward using idx on public.t (actual rows=2048576.00 loops=1)
   Output: a, b
   Index Cond: ((t.a >= '-2077886'::integer) AND (t.a <= '-29311'::integer))
   Index Searches: 1
   Prefetch: distance=154.509 count=175607 stalls=1871804 skipped=1985 resets=0 ungets=923 forwarded=2
             histogram [2,4) => 60146, [4,8) => 497, [8,16) => 18, [16,32) => 48, [32,64) => 464, [64,128) => 1450, [128,256) => 75725, [256,512) => 37259
   Buffers: shared hit=2013735 read=38459
 Settings: enable_bitmapscan = 'off', enable_seqscan = 'off', max_parallel_workers_per_gather = '0'
 Planning:
   Buffers: shared hit=77 read=27
 Planning Time: 2.011 ms
 Execution Time: 2336.500 ms
(12 rows)

SET
SET
SET
SET
SET
                                             QUERY PLAN                                             
----------------------------------------------------------------------------------------------------
 Index Scan Backward using idx on public.t (actual rows=2048576.00 loops=1)
   Output: a, b
   Index Cond: ((t.a >= '-2077886'::integer) AND (t.a <= '-29311'::integer))
   Index Searches: 1
   Buffers: shared hit=2052194
 Settings: enable_bitmapscan = 'off', enable_seqscan = 'off', max_parallel_workers_per_gather = '0'
 Planning:
   Buffers: shared hit=109
 Planning Time: 0.192 ms
 Execution Time: 310.224 ms
(10 rows)

