SET
SET
SET
SET
SET
                                                                  QUERY PLAN                                                                  
----------------------------------------------------------------------------------------------------------------------------------------------
 Index Scan using idx on public.t (actual rows=7048576.00 loops=1)
   Output: a, b
   Index Cond: ((t.a >= 16122) AND (t.a <= 236389))
   Index Searches: 1
   Prefetch: distance=271.863 count=214182 stalls=2 skipped=6892455 resets=0 ungets=58542 forwarded=44983
             histogram [2,4) => 6, [4,8) => 13, [8,16) => 18, [16,32) => 11, [32,64) => 5, [64,128) => 3, [128,256) => 4, [256,512) => 214122
   Buffers: shared hit=83271 read=72172
 Settings: enable_bitmapscan = 'off', enable_seqscan = 'off', max_parallel_workers_per_gather = '0'
 Planning:
   Buffers: shared hit=78 read=23
 Planning Time: 1.731 ms
 Execution Time: 378.165 ms
(12 rows)

SET
SET
SET
SET
SET
                                             QUERY PLAN                                             
----------------------------------------------------------------------------------------------------
 Index Scan using idx on public.t (actual rows=7048576.00 loops=1)
   Output: a, b
   Index Cond: ((t.a >= 16122) AND (t.a <= 236389))
   Index Searches: 1
   Buffers: shared hit=161949
 Settings: enable_bitmapscan = 'off', enable_seqscan = 'off', max_parallel_workers_per_gather = '0'
 Planning:
   Buffers: shared hit=106
 Planning Time: 0.171 ms
 Execution Time: 283.829 ms
(10 rows)

