SET
SET
SET
SET
SET
                                                                     QUERY PLAN                                                                     
----------------------------------------------------------------------------------------------------------------------------------------------------
 Index Scan Backward using idx on public.t (actual rows=65536.00 loops=1)
   Output: a, b
   Index Cond: ((t.a >= '-91655'::integer) AND (t.a <= '-26120'::integer))
   Index Searches: 1
   Prefetch: distance=220.577 count=11230 stalls=54948 skipped=65 resets=0 ungets=861 forwarded=0
             histogram [2,4) => 1424, [4,8) => 17, [8,16) => 20, [16,32) => 22, [32,64) => 34, [64,128) => 66, [128,256) => 3457, [256,512) => 6190
   Buffers: shared hit=63631 read=2025
 Settings: enable_bitmapscan = 'off', enable_seqscan = 'off', max_parallel_workers_per_gather = '0'
 Planning:
   Buffers: shared hit=81 read=27
 Planning Time: 2.071 ms
 Execution Time: 77.310 ms
(12 rows)

SET
SET
SET
SET
SET
                                             QUERY PLAN                                             
----------------------------------------------------------------------------------------------------
 Index Scan Backward using idx on public.t (actual rows=65536.00 loops=1)
   Output: a, b
   Index Cond: ((t.a >= '-91655'::integer) AND (t.a <= '-26120'::integer))
   Index Searches: 1
   Buffers: shared hit=65656
 Settings: enable_bitmapscan = 'off', enable_seqscan = 'off', max_parallel_workers_per_gather = '0'
 Planning:
   Buffers: shared hit=113
 Planning Time: 0.169 ms
 Execution Time: 10.581 ms
(10 rows)

