SET
SET
SET
SET
SET
                                                                       QUERY PLAN                                                                       
--------------------------------------------------------------------------------------------------------------------------------------------------------
 Index Scan Backward using idx on public.t (actual rows=524288.00 loops=1)
   Output: a, b
   Index Cond: ((t.a >= '-540070'::integer) AND (t.a <= '-15783'::integer))
   Index Searches: 1
   Prefetch: distance=115.887 count=30243 stalls=494100 skipped=540 resets=0 ungets=814 forwarded=0
             histogram [2,4) => 15380, [4,8) => 152, [8,16) => 15, [16,32) => 52, [32,64) => 312, [64,128) => 491, [128,256) => 6617, [256,512) => 7224
   Buffers: shared hit=514845 read=10341
 Settings: enable_bitmapscan = 'off', enable_seqscan = 'off', max_parallel_workers_per_gather = '0'
 Planning:
   Buffers: shared hit=77 read=27
 Planning Time: 2.064 ms
 Execution Time: 611.356 ms
(12 rows)

SET
SET
SET
SET
SET
                                             QUERY PLAN                                             
----------------------------------------------------------------------------------------------------
 Index Scan Backward using idx on public.t (actual rows=524288.00 loops=1)
   Output: a, b
   Index Cond: ((t.a >= '-540070'::integer) AND (t.a <= '-15783'::integer))
   Index Searches: 1
   Buffers: shared hit=525186
 Settings: enable_bitmapscan = 'off', enable_seqscan = 'off', max_parallel_workers_per_gather = '0'
 Planning:
   Buffers: shared hit=109
 Planning Time: 0.195 ms
 Execution Time: 80.600 ms
(10 rows)

