SET
SET
SET
SET
SET
                                                                       QUERY PLAN                                                                        
---------------------------------------------------------------------------------------------------------------------------------------------------------
 Index Scan Backward using idx on public.t (actual rows=9048576.00 loops=1)
   Output: a, b
   Index Cond: ((t.a >= '-9071573'::integer) AND (t.a <= '-22998'::integer))
   Index Searches: 1
   Prefetch: distance=11.357 count=295516 stalls=8744812 skipped=8791 resets=0 ungets=805 forwarded=1
             histogram [2,4) => 281973, [4,8) => 2286, [8,16) => 14, [16,32) => 30, [32,64) => 45, [64,128) => 219, [128,256) => 4442, [256,512) => 6507
   Buffers: shared hit=8897613 read=166901
 Settings: enable_bitmapscan = 'off', enable_seqscan = 'off', max_parallel_workers_per_gather = '0'
 Planning:
   Buffers: shared hit=77 read=27
 Planning Time: 2.043 ms
 Execution Time: 10476.213 ms
(12 rows)

SET
SET
SET
SET
SET
                                             QUERY PLAN                                             
----------------------------------------------------------------------------------------------------
 Index Scan Backward using idx on public.t (actual rows=9048576.00 loops=1)
   Output: a, b
   Index Cond: ((t.a >= '-9071573'::integer) AND (t.a <= '-22998'::integer))
   Index Searches: 1
   Buffers: shared hit=9064514
 Settings: enable_bitmapscan = 'off', enable_seqscan = 'off', max_parallel_workers_per_gather = '0'
 Planning:
   Buffers: shared hit=109
 Planning Time: 0.214 ms
 Execution Time: 1333.469 ms
(10 rows)

