SET
SET
SET
SET
SET
                                                                       QUERY PLAN                                                                        
---------------------------------------------------------------------------------------------------------------------------------------------------------
 Index Scan Backward using idx on public.t (actual rows=6048576.00 loops=1)
   Output: a, b
   Index Cond: ((t.a >= '-6067202'::integer) AND (t.a <= '-18627'::integer))
   Index Searches: 1
   Prefetch: distance=14.710 count=199975 stalls=5843664 skipped=5927 resets=0 ungets=1009 forwarded=0
             histogram [2,4) => 188197, [4,8) => 1533, [8,16) => 14, [16,32) => 25, [32,64) => 61, [64,128) => 214, [128,256) => 3402, [256,512) => 6529
   Buffers: shared hit=5947401 read=111781
 Settings: enable_bitmapscan = 'off', enable_seqscan = 'off', max_parallel_workers_per_gather = '0'
 Planning:
   Buffers: shared hit=77 read=27
 Planning Time: 2.029 ms
 Execution Time: 7019.808 ms
(12 rows)

SET
SET
SET
SET
SET
                                             QUERY PLAN                                             
----------------------------------------------------------------------------------------------------
 Index Scan Backward using idx on public.t (actual rows=6048576.00 loops=1)
   Output: a, b
   Index Cond: ((t.a >= '-6067202'::integer) AND (t.a <= '-18627'::integer))
   Index Searches: 1
   Buffers: shared hit=6059182
 Settings: enable_bitmapscan = 'off', enable_seqscan = 'off', max_parallel_workers_per_gather = '0'
 Planning:
   Buffers: shared hit=109
 Planning Time: 0.194 ms
 Execution Time: 904.527 ms
(10 rows)

