SET
SET
SET
SET
SET
                                                                        QUERY PLAN                                                                        
----------------------------------------------------------------------------------------------------------------------------------------------------------
 Index Scan Backward using idx on public.t (actual rows=4048576.00 loops=1)
   Output: a, b
   Index Cond: ((t.a >= '-4068061'::integer) AND (t.a <= '-19486'::integer))
   Index Searches: 1
   Prefetch: distance=36.467 count=147716 stalls=3897347 skipped=3920 resets=0 ungets=743 forwarded=0
             histogram [2,4) => 125360, [4,8) => 1026, [8,16) => 14, [16,32) => 26, [32,64) => 40, [64,128) => 281, [128,256) => 11479, [256,512) => 9490
   Buffers: shared hit=3980652 read=75071
 Settings: enable_bitmapscan = 'off', enable_seqscan = 'off', max_parallel_workers_per_gather = '0'
 Planning:
   Buffers: shared hit=77 read=27
 Planning Time: 2.060 ms
 Execution Time: 4693.907 ms
(12 rows)

SET
SET
SET
SET
SET
                                             QUERY PLAN                                             
----------------------------------------------------------------------------------------------------
 Index Scan Backward using idx on public.t (actual rows=4048576.00 loops=1)
   Output: a, b
   Index Cond: ((t.a >= '-4068061'::integer) AND (t.a <= '-19486'::integer))
   Index Searches: 1
   Buffers: shared hit=4055723
 Settings: enable_bitmapscan = 'off', enable_seqscan = 'off', max_parallel_workers_per_gather = '0'
 Planning:
   Buffers: shared hit=109
 Planning Time: 0.225 ms
 Execution Time: 609.197 ms
(10 rows)

