SET
SET
SET
SET
SET
                                                                         QUERY PLAN                                                                         
------------------------------------------------------------------------------------------------------------------------------------------------------------
 Index Scan Backward using idx on public.t (actual rows=7048576.00 loops=1)
   Output: a, b
   Index Cond: ((t.a >= '-7064670'::integer) AND (t.a <= '-16095'::integer))
   Index Searches: 1
   Prefetch: distance=27.755 count=247846 stalls=6794582 skipped=6895 resets=0 ungets=884 forwarded=0
             histogram [2,4) => 218855, [4,8) => 1802, [8,16) => 19, [16,32) => 35, [32,64) => 202, [64,128) => 579, [128,256) => 15265, [256,512) => 11089
   Buffers: shared hit=6930830 read=130116
 Settings: enable_bitmapscan = 'off', enable_seqscan = 'off', max_parallel_workers_per_gather = '0'
 Planning:
   Buffers: shared hit=77 read=27
 Planning Time: 2.021 ms
 Execution Time: 8159.946 ms
(12 rows)

SET
SET
SET
SET
SET
                                             QUERY PLAN                                             
----------------------------------------------------------------------------------------------------
 Index Scan Backward using idx on public.t (actual rows=7048576.00 loops=1)
   Output: a, b
   Index Cond: ((t.a >= '-7064670'::integer) AND (t.a <= '-16095'::integer))
   Index Searches: 1
   Buffers: shared hit=7060946
 Settings: enable_bitmapscan = 'off', enable_seqscan = 'off', max_parallel_workers_per_gather = '0'
 Planning:
   Buffers: shared hit=109
 Planning Time: 0.203 ms
 Execution Time: 1048.631 ms
(10 rows)

