SET
SET
SET
SET
SET
                                                                  QUERY PLAN                                                                  
----------------------------------------------------------------------------------------------------------------------------------------------
 Index Scan using idx on public.t (actual rows=8048576.00 loops=1)
   Output: a, b
   Index Cond: ((t.a >= 4391) AND (t.a <= 255908))
   Index Searches: 1
   Prefetch: distance=271.842 count=238202 stalls=5 skipped=7870228 resets=0 ungets=60498 forwarded=39986
             histogram [2,4) => 11, [4,8) => 24, [8,16) => 8, [16,32) => 21, [32,64) => 2, [64,128) => 5, [128,256) => 1, [256,512) => 238130
   Buffers: shared hit=95242 read=82411
 Settings: enable_bitmapscan = 'off', enable_seqscan = 'off', max_parallel_workers_per_gather = '0'
 Planning:
   Buffers: shared hit=78 read=23
 Planning Time: 1.707 ms
 Execution Time: 396.340 ms
(12 rows)

SET
SET
SET
SET
SET
                                             QUERY PLAN                                             
----------------------------------------------------------------------------------------------------
 Index Scan using idx on public.t (actual rows=8048576.00 loops=1)
   Output: a, b
   Index Cond: ((t.a >= 4391) AND (t.a <= 255908))
   Index Searches: 1
   Buffers: shared hit=184911
 Settings: enable_bitmapscan = 'off', enable_seqscan = 'off', max_parallel_workers_per_gather = '0'
 Planning:
   Buffers: shared hit=106
 Planning Time: 0.195 ms
 Execution Time: 317.488 ms
(10 rows)

