SET
SET
SET
SET
SET
                                                                  QUERY PLAN                                                                  
----------------------------------------------------------------------------------------------------------------------------------------------
 Index Scan using idx on public.t (actual rows=9048576.00 loops=1)
   Output: a, b
   Index Cond: ((t.a >= 29242) AND (t.a <= 312009))
   Index Searches: 1
   Prefetch: distance=271.886 count=270384 stalls=1 skipped=8848401 resets=0 ungets=70854 forwarded=50985
             histogram [2,4) => 2, [4,8) => 7, [8,16) => 10, [16,32) => 10, [32,64) => 11, [64,128) => 1, [128,256) => 1, [256,512) => 270342
   Buffers: shared hit=106325 read=92649
 Settings: enable_bitmapscan = 'off', enable_seqscan = 'off', max_parallel_workers_per_gather = '0'
 Planning:
   Buffers: shared hit=78 read=27
 Planning Time: 1.991 ms
 Execution Time: 448.204 ms
(12 rows)

SET
SET
SET
SET
SET
                                             QUERY PLAN                                             
----------------------------------------------------------------------------------------------------
 Index Scan using idx on public.t (actual rows=9048576.00 loops=1)
   Output: a, b
   Index Cond: ((t.a >= 29242) AND (t.a <= 312009))
   Index Searches: 1
   Buffers: shared hit=207630
 Settings: enable_bitmapscan = 'off', enable_seqscan = 'off', max_parallel_workers_per_gather = '0'
 Planning:
   Buffers: shared hit=110
 Planning Time: 0.219 ms
 Execution Time: 390.335 ms
(10 rows)

