SET
SET
SET
SET
SET
                                                                 QUERY PLAN                                                                 
--------------------------------------------------------------------------------------------------------------------------------------------
 Index Scan Backward using idx on public.t (actual rows=2048.00 loops=1)
   Output: a, b
   Index Cond: ((t.a >= '-8769'::integer) AND (t.a <= '-6722'::integer))
   Index Searches: 1
   Prefetch: distance=262.111 count=2018 stalls=1 skipped=2 resets=0 ungets=323 forwarded=0
             histogram [2,4) => 4, [4,8) => 6, [8,16) => 12, [16,32) => 8, [32,64) => 7, [64,128) => 2, [128,256) => 146, [256,512) => 1833
   Buffers: shared hit=1457 read=600
 Settings: enable_bitmapscan = 'off', enable_seqscan = 'off', max_parallel_workers_per_gather = '0'
 Planning:
   Buffers: shared hit=81 read=27
 Planning Time: 2.051 ms
 Execution Time: 20.052 ms
(12 rows)

SET
SET
SET
SET
SET
                                             QUERY PLAN                                             
----------------------------------------------------------------------------------------------------
 Index Scan Backward using idx on public.t (actual rows=2048.00 loops=1)
   Output: a, b
   Index Cond: ((t.a >= '-8769'::integer) AND (t.a <= '-6722'::integer))
   Index Searches: 1
   Buffers: shared hit=2057
 Settings: enable_bitmapscan = 'off', enable_seqscan = 'off', max_parallel_workers_per_gather = '0'
 Planning:
   Buffers: shared hit=113
 Planning Time: 0.212 ms
 Execution Time: 0.848 ms
(10 rows)

