SET
SET
SET
SET
SET
                                                               QUERY PLAN                                                                
-----------------------------------------------------------------------------------------------------------------------------------------
 Index Scan Backward using idx on public.t (actual rows=512.00 loops=1)
   Output: a, b
   Index Cond: ((t.a >= '-27598'::integer) AND (t.a <= '-27087'::integer))
   Index Searches: 1
   Prefetch: distance=259.948 count=600 stalls=1 skipped=1 resets=0 ungets=237 forwarded=1
             histogram [2,4) => 2, [4,8) => 3, [8,16) => 12, [16,32) => 7, [32,64) => 2, [64,128) => 2, [128,256) => 2, [256,512) => 570
   Buffers: shared hit=121 read=397
 Settings: enable_bitmapscan = 'off', enable_seqscan = 'off', max_parallel_workers_per_gather = '0'
 Planning:
   Buffers: shared hit=81 read=27
 Planning Time: 1.388 ms
 Execution Time: 11.737 ms
(12 rows)

SET
SET
SET
SET
SET
                                             QUERY PLAN                                             
----------------------------------------------------------------------------------------------------
 Index Scan Backward using idx on public.t (actual rows=512.00 loops=1)
   Output: a, b
   Index Cond: ((t.a >= '-27598'::integer) AND (t.a <= '-27087'::integer))
   Index Searches: 1
   Buffers: shared hit=518
 Settings: enable_bitmapscan = 'off', enable_seqscan = 'off', max_parallel_workers_per_gather = '0'
 Planning:
   Buffers: shared hit=113
 Planning Time: 0.200 ms
 Execution Time: 0.381 ms
(10 rows)

