SET
SET
SET
SET
SET
                                                                      QUERY PLAN                                                                       
-------------------------------------------------------------------------------------------------------------------------------------------------------
 Index Scan Backward using idx on public.t (actual rows=1048576.00 loops=1)
   Output: a, b
   Index Cond: ((t.a >= '-1066727'::integer) AND (t.a <= '-18152'::integer))
   Index Searches: 1
   Prefetch: distance=72.337 count=45349 stalls=1002817 skipped=1032 resets=0 ungets=824 forwarded=1
             histogram [2,4) => 31868, [4,8) => 299, [8,16) => 16, [16,32) => 27, [32,64) => 58, [64,128) => 283, [128,256) => 5698, [256,512) => 7100
   Buffers: shared hit=1030419 read=19996
 Settings: enable_bitmapscan = 'off', enable_seqscan = 'off', max_parallel_workers_per_gather = '0'
 Planning:
   Buffers: shared hit=77 read=27
 Planning Time: 2.016 ms
 Execution Time: 1227.624 ms
(12 rows)

SET
SET
SET
SET
SET
                                             QUERY PLAN                                             
----------------------------------------------------------------------------------------------------
 Index Scan Backward using idx on public.t (actual rows=1048576.00 loops=1)
   Output: a, b
   Index Cond: ((t.a >= '-1066727'::integer) AND (t.a <= '-18152'::integer))
   Index Searches: 1
   Buffers: shared hit=1050415
 Settings: enable_bitmapscan = 'off', enable_seqscan = 'off', max_parallel_workers_per_gather = '0'
 Planning:
   Buffers: shared hit=109
 Planning Time: 0.188 ms
 Execution Time: 159.590 ms
(10 rows)

