SET
SET
SET
SET
SET
                                                                     QUERY PLAN                                                                      
-----------------------------------------------------------------------------------------------------------------------------------------------------
 Index Scan Backward using idx on public.t (actual rows=65536.00 loops=1)
   Output: a, b
   Index Cond: ((t.a >= '-94011'::integer) AND (t.a <= '-28476'::integer))
   Index Searches: 1
   Prefetch: distance=220.472 count=13278 stalls=52635 skipped=62 resets=0 ungets=753 forwarded=3
             histogram [2,4) => 1396, [4,8) => 18, [8,16) => 16, [16,32) => 30, [32,64) => 34, [64,128) => 164, [128,256) => 4968, [256,512) => 6652
   Buffers: shared hit=63620 read=2039
 Settings: enable_bitmapscan = 'off', enable_seqscan = 'off', max_parallel_workers_per_gather = '0'
 Planning:
   Buffers: shared hit=81 read=27
 Planning Time: 2.040 ms
 Execution Time: 83.372 ms
(12 rows)

SET
SET
SET
SET
SET
                                             QUERY PLAN                                             
----------------------------------------------------------------------------------------------------
 Index Scan Backward using idx on public.t (actual rows=65536.00 loops=1)
   Output: a, b
   Index Cond: ((t.a >= '-94011'::integer) AND (t.a <= '-28476'::integer))
   Index Searches: 1
   Buffers: shared hit=65659
 Settings: enable_bitmapscan = 'off', enable_seqscan = 'off', max_parallel_workers_per_gather = '0'
 Planning:
   Buffers: shared hit=113
 Planning Time: 0.185 ms
 Execution Time: 10.393 ms
(10 rows)

