SET
SET
SET
SET
SET
                                                                      QUERY PLAN                                                                       
-------------------------------------------------------------------------------------------------------------------------------------------------------
 Index Scan Backward using idx on public.t (actual rows=262144.00 loops=1)
   Output: a, b
   Index Cond: ((t.a >= '-278328'::integer) AND (t.a <= '-16185'::integer))
   Index Searches: 1
   Prefetch: distance=219.321 count=75698 stalls=186873 skipped=277 resets=0 ungets=871 forwarded=1
             histogram [2,4) => 5478, [4,8) => 40, [8,16) => 18, [16,32) => 36, [32,64) => 70, [64,128) => 740, [128,256) => 45238, [256,512) => 24078
   Buffers: shared hit=257063 read=5526
 Settings: enable_bitmapscan = 'off', enable_seqscan = 'off', max_parallel_workers_per_gather = '0'
 Planning:
   Buffers: shared hit=77 read=27
 Planning Time: 2.003 ms
 Execution Time: 266.262 ms
(12 rows)

SET
SET
SET
SET
SET
                                             QUERY PLAN                                             
----------------------------------------------------------------------------------------------------
 Index Scan Backward using idx on public.t (actual rows=262144.00 loops=1)
   Output: a, b
   Index Cond: ((t.a >= '-278328'::integer) AND (t.a <= '-16185'::integer))
   Index Searches: 1
   Buffers: shared hit=262589
 Settings: enable_bitmapscan = 'off', enable_seqscan = 'off', max_parallel_workers_per_gather = '0'
 Planning:
   Buffers: shared hit=109
 Planning Time: 0.183 ms
 Execution Time: 40.424 ms
(10 rows)

