SET
SET
SET
SET
SET
                                                                       QUERY PLAN                                                                        
---------------------------------------------------------------------------------------------------------------------------------------------------------
 Index Scan Backward using idx on public.t (actual rows=524288.00 loops=1)
   Output: a, b
   Index Cond: ((t.a >= '-529708'::integer) AND (t.a <= '-5421'::integer))
   Index Searches: 1
   Prefetch: distance=145.186 count=37562 stalls=486995 skipped=552 resets=0 ungets=926 forwarded=1
             histogram [2,4) => 14884, [4,8) => 142, [8,16) => 14, [16,32) => 27, [32,64) => 69, [64,128) => 411, [128,256) => 11975, [256,512) => 10040
   Buffers: shared hit=514965 read=10210
 Settings: enable_bitmapscan = 'off', enable_seqscan = 'off', max_parallel_workers_per_gather = '0'
 Planning:
   Buffers: shared hit=77 read=27
 Planning Time: 2.028 ms
 Execution Time: 596.696 ms
(12 rows)

SET
SET
SET
SET
SET
                                             QUERY PLAN                                             
----------------------------------------------------------------------------------------------------
 Index Scan Backward using idx on public.t (actual rows=524288.00 loops=1)
   Output: a, b
   Index Cond: ((t.a >= '-529708'::integer) AND (t.a <= '-5421'::integer))
   Index Searches: 1
   Buffers: shared hit=525175
 Settings: enable_bitmapscan = 'off', enable_seqscan = 'off', max_parallel_workers_per_gather = '0'
 Planning:
   Buffers: shared hit=109
 Planning Time: 0.209 ms
 Execution Time: 74.036 ms
(10 rows)

