SET
SET
SET
SET
SET
                                                                         QUERY PLAN                                                                         
------------------------------------------------------------------------------------------------------------------------------------------------------------
 Index Scan Backward using idx on public.t (actual rows=4048576.00 loops=1)
   Output: a, b
   Index Cond: ((t.a >= '-4051644'::integer) AND (t.a <= '-3069'::integer))
   Index Searches: 1
   Prefetch: distance=90.781 count=199940 stalls=3845680 skipped=3940 resets=0 ungets=1007 forwarded=2
             histogram [2,4) => 123260, [4,8) => 1005, [8,16) => 14, [16,32) => 50, [32,64) => 217, [64,128) => 704, [128,256) => 48694, [256,512) => 25996
   Buffers: shared hit=3980838 read=74866
 Settings: enable_bitmapscan = 'off', enable_seqscan = 'off', max_parallel_workers_per_gather = '0'
 Planning:
   Buffers: shared hit=77 read=27
 Planning Time: 2.040 ms
 Execution Time: 4658.618 ms
(12 rows)

SET
SET
SET
SET
SET
                                             QUERY PLAN                                             
----------------------------------------------------------------------------------------------------
 Index Scan Backward using idx on public.t (actual rows=4048576.00 loops=1)
   Output: a, b
   Index Cond: ((t.a >= '-4051644'::integer) AND (t.a <= '-3069'::integer))
   Index Searches: 1
   Buffers: shared hit=4055704
 Settings: enable_bitmapscan = 'off', enable_seqscan = 'off', max_parallel_workers_per_gather = '0'
 Planning:
   Buffers: shared hit=109
 Planning Time: 0.231 ms
 Execution Time: 600.280 ms
(10 rows)

