SET
SET
SET
SET
SET
                                                                         QUERY PLAN                                                                         
------------------------------------------------------------------------------------------------------------------------------------------------------------
 Index Scan Backward using idx on public.t (actual rows=9048576.00 loops=1)
   Output: a, b
   Index Cond: ((t.a >= '-9062183'::integer) AND (t.a <= '-13608'::integer))
   Index Searches: 1
   Prefetch: distance=26.646 count=316746 stalls=8723997 skipped=8796 resets=0 ungets=985 forwarded=1
             histogram [2,4) => 281089, [4,8) => 2282, [8,16) => 16, [16,32) => 35, [32,64) => 246, [64,128) => 678, [128,256) => 19385, [256,512) => 13015
   Buffers: shared hit=8897710 read=166799
 Settings: enable_bitmapscan = 'off', enable_seqscan = 'off', max_parallel_workers_per_gather = '0'
 Planning:
   Buffers: shared hit=77 read=27
 Planning Time: 2.025 ms
 Execution Time: 10452.124 ms
(12 rows)

SET
SET
SET
SET
SET
                                             QUERY PLAN                                             
----------------------------------------------------------------------------------------------------
 Index Scan Backward using idx on public.t (actual rows=9048576.00 loops=1)
   Output: a, b
   Index Cond: ((t.a >= '-9062183'::integer) AND (t.a <= '-13608'::integer))
   Index Searches: 1
   Buffers: shared hit=9064509
 Settings: enable_bitmapscan = 'off', enable_seqscan = 'off', max_parallel_workers_per_gather = '0'
 Planning:
   Buffers: shared hit=109
 Planning Time: 0.229 ms
 Execution Time: 1357.487 ms
(10 rows)

