SET
SET
SET
SET
SET
                                                                        QUERY PLAN                                                                         
-----------------------------------------------------------------------------------------------------------------------------------------------------------
 Index Scan Backward using idx on public.t (actual rows=7048576.00 loops=1)
   Output: a, b
   Index Cond: ((t.a >= '-7067575'::integer) AND (t.a <= '-19000'::integer))
   Index Searches: 1
   Prefetch: distance=30.461 count=250761 stalls=6791708 skipped=6893 resets=0 ungets=900 forwarded=0
             histogram [2,4) => 218827, [4,8) => 1804, [8,16) => 16, [16,32) => 38, [32,64) => 38, [64,128) => 378, [128,256) => 17289, [256,512) => 12371
   Buffers: shared hit=6930806 read=130142
 Settings: enable_bitmapscan = 'off', enable_seqscan = 'off', max_parallel_workers_per_gather = '0'
 Planning:
   Buffers: shared hit=77 read=27
 Planning Time: 2.037 ms
 Execution Time: 8158.234 ms
(12 rows)

SET
SET
SET
SET
SET
                                             QUERY PLAN                                             
----------------------------------------------------------------------------------------------------
 Index Scan Backward using idx on public.t (actual rows=7048576.00 loops=1)
   Output: a, b
   Index Cond: ((t.a >= '-7067575'::integer) AND (t.a <= '-19000'::integer))
   Index Searches: 1
   Buffers: shared hit=7060948
 Settings: enable_bitmapscan = 'off', enable_seqscan = 'off', max_parallel_workers_per_gather = '0'
 Planning:
   Buffers: shared hit=109
 Planning Time: 0.220 ms
 Execution Time: 1047.402 ms
(10 rows)

