SET
SET
SET
SET
SET
                                                                      QUERY PLAN                                                                       
-------------------------------------------------------------------------------------------------------------------------------------------------------
 Index Scan Backward using idx on public.t (actual rows=131072.00 loops=1)
   Output: a, b
   Index Cond: ((t.a >= '-135191'::integer) AND (t.a <= '-4120'::integer))
   Index Searches: 1
   Prefetch: distance=222.836 count=32168 stalls=99493 skipped=154 resets=0 ungets=879 forwarded=0
             histogram [2,4) => 2338, [4,8) => 25, [8,16) => 15, [16,32) => 33, [32,64) => 50, [64,128) => 235, [128,256) => 17303, [256,512) => 12169
   Buffers: shared hit=128314 read=2968
 Settings: enable_bitmapscan = 'off', enable_seqscan = 'off', max_parallel_workers_per_gather = '0'
 Planning:
   Buffers: shared hit=81 read=27
 Planning Time: 2.030 ms
 Execution Time: 126.459 ms
(12 rows)

SET
SET
SET
SET
SET
                                             QUERY PLAN                                             
----------------------------------------------------------------------------------------------------
 Index Scan Backward using idx on public.t (actual rows=131072.00 loops=1)
   Output: a, b
   Index Cond: ((t.a >= '-135191'::integer) AND (t.a <= '-4120'::integer))
   Index Searches: 1
   Buffers: shared hit=131282
 Settings: enable_bitmapscan = 'off', enable_seqscan = 'off', max_parallel_workers_per_gather = '0'
 Planning:
   Buffers: shared hit=113
 Planning Time: 0.220 ms
 Execution Time: 19.488 ms
(10 rows)

