SET
SET
SET
SET
SET
                                                                     QUERY PLAN                                                                     
----------------------------------------------------------------------------------------------------------------------------------------------------
 Index Scan Backward using idx on public.t (actual rows=65536.00 loops=1)
   Output: a, b
   Index Cond: ((t.a >= '-75378'::integer) AND (t.a <= '-9843'::integer))
   Index Searches: 1
   Prefetch: distance=221.312 count=16488 stalls=49326 skipped=76 resets=0 ungets=701 forwarded=0
             histogram [2,4) => 896, [4,8) => 17, [8,16) => 17, [16,32) => 33, [32,64) => 95, [64,128) => 746, [128,256) => 7577, [256,512) => 7107
   Buffers: shared hit=63800 read=1845
 Settings: enable_bitmapscan = 'off', enable_seqscan = 'off', max_parallel_workers_per_gather = '0'
 Planning:
   Buffers: shared hit=81 read=27
 Planning Time: 2.058 ms
 Execution Time: 74.226 ms
(12 rows)

SET
SET
SET
SET
SET
                                             QUERY PLAN                                             
----------------------------------------------------------------------------------------------------
 Index Scan Backward using idx on public.t (actual rows=65536.00 loops=1)
   Output: a, b
   Index Cond: ((t.a >= '-75378'::integer) AND (t.a <= '-9843'::integer))
   Index Searches: 1
   Buffers: shared hit=65645
 Settings: enable_bitmapscan = 'off', enable_seqscan = 'off', max_parallel_workers_per_gather = '0'
 Planning:
   Buffers: shared hit=113
 Planning Time: 0.173 ms
 Execution Time: 6.553 ms
(10 rows)

