SET
SET
SET
SET
SET
                                                                      QUERY PLAN                                                                       
-------------------------------------------------------------------------------------------------------------------------------------------------------
 Index Scan Backward using idx on public.t (actual rows=262144.00 loops=1)
   Output: a, b
   Index Cond: ((t.a >= '-269631'::integer) AND (t.a <= '-7488'::integer))
   Index Searches: 1
   Prefetch: distance=216.755 count=66918 stalls=195499 skipped=276 resets=0 ungets=803 forwarded=0
             histogram [2,4) => 5532, [4,8) => 43, [8,16) => 16, [16,32) => 43, [32,64) => 70, [64,128) => 645, [128,256) => 39431, [256,512) => 21138
   Buffers: shared hit=257167 read=5423
 Settings: enable_bitmapscan = 'off', enable_seqscan = 'off', max_parallel_workers_per_gather = '0'
 Planning:
   Buffers: shared hit=77 read=27
 Planning Time: 2.012 ms
 Execution Time: 270.799 ms
(12 rows)

SET
SET
SET
SET
SET
                                             QUERY PLAN                                             
----------------------------------------------------------------------------------------------------
 Index Scan Backward using idx on public.t (actual rows=262144.00 loops=1)
   Output: a, b
   Index Cond: ((t.a >= '-269631'::integer) AND (t.a <= '-7488'::integer))
   Index Searches: 1
   Buffers: shared hit=262590
 Settings: enable_bitmapscan = 'off', enable_seqscan = 'off', max_parallel_workers_per_gather = '0'
 Planning:
   Buffers: shared hit=109
 Planning Time: 0.198 ms
 Execution Time: 36.009 ms
(10 rows)

