SET
SET
SET
SET
SET
                                                                       QUERY PLAN                                                                       
--------------------------------------------------------------------------------------------------------------------------------------------------------
 Index Scan Backward using idx on public.t (actual rows=8048576.00 loops=1)
   Output: a, b
   Index Cond: ((t.a >= '-8070224'::integer) AND (t.a <= '-21649'::integer))
   Index Searches: 1
   Prefetch: distance=10.821 count=262107 stalls=7779084 skipped=7851 resets=0 ungets=755 forwarded=0
             histogram [2,4) => 250759, [4,8) => 2057, [8,16) => 19, [16,32) => 26, [32,64) => 71, [64,128) => 67, [128,256) => 3315, [256,512) => 5793
   Buffers: shared hit=7914200 read=148521
 Settings: enable_bitmapscan = 'off', enable_seqscan = 'off', max_parallel_workers_per_gather = '0'
 Planning:
   Buffers: shared hit=77 read=27
 Planning Time: 2.067 ms
 Execution Time: 9338.004 ms
(12 rows)

SET
SET
SET
SET
SET
                                             QUERY PLAN                                             
----------------------------------------------------------------------------------------------------
 Index Scan Backward using idx on public.t (actual rows=8048576.00 loops=1)
   Output: a, b
   Index Cond: ((t.a >= '-8070224'::integer) AND (t.a <= '-21649'::integer))
   Index Searches: 1
   Buffers: shared hit=8062721
 Settings: enable_bitmapscan = 'off', enable_seqscan = 'off', max_parallel_workers_per_gather = '0'
 Planning:
   Buffers: shared hit=109
 Planning Time: 0.223 ms
 Execution Time: 1198.311 ms
(10 rows)

