SET
SET
SET
SET
SET
                                                                      QUERY PLAN                                                                       
-------------------------------------------------------------------------------------------------------------------------------------------------------
 Index Scan Backward using idx on public.t (actual rows=1048576.00 loops=1)
   Output: a, b
   Index Cond: ((t.a >= '-1052800'::integer) AND (t.a <= '-4225'::integer))
   Index Searches: 1
   Prefetch: distance=56.962 count=40997 stalls=1007202 skipped=1051 resets=0 ungets=857 forwarded=2
             histogram [2,4) => 31644, [4,8) => 300, [8,16) => 14, [16,32) => 28, [32,64) => 34, [64,128) => 126, [128,256) => 2869, [256,512) => 5982
   Buffers: shared hit=1030586 read=19810
 Settings: enable_bitmapscan = 'off', enable_seqscan = 'off', max_parallel_workers_per_gather = '0'
 Planning:
   Buffers: shared hit=77 read=27
 Planning Time: 1.999 ms
 Execution Time: 1213.272 ms
(12 rows)

SET
SET
SET
SET
SET
                                             QUERY PLAN                                             
----------------------------------------------------------------------------------------------------
 Index Scan Backward using idx on public.t (actual rows=1048576.00 loops=1)
   Output: a, b
   Index Cond: ((t.a >= '-1052800'::integer) AND (t.a <= '-4225'::integer))
   Index Searches: 1
   Buffers: shared hit=1050396
 Settings: enable_bitmapscan = 'off', enable_seqscan = 'off', max_parallel_workers_per_gather = '0'
 Planning:
   Buffers: shared hit=109
 Planning Time: 0.188 ms
 Execution Time: 155.986 ms
(10 rows)

