SET
SET
SET
SET
SET
                                                                         QUERY PLAN                                                                         
------------------------------------------------------------------------------------------------------------------------------------------------------------
 Index Scan Backward using idx on public.t (actual rows=4048576.00 loops=1)
   Output: a, b
   Index Cond: ((t.a >= '-4050270'::integer) AND (t.a <= '-1695'::integer))
   Index Searches: 1
   Prefetch: distance=89.839 count=198370 stalls=3847049 skipped=3945 resets=0 ungets=901 forwarded=2
             histogram [2,4) => 123260, [4,8) => 1005, [8,16) => 20, [16,32) => 49, [32,64) => 188, [64,128) => 495, [128,256) => 47814, [256,512) => 25539
   Buffers: shared hit=3980856 read=74843
 Settings: enable_bitmapscan = 'off', enable_seqscan = 'off', max_parallel_workers_per_gather = '0'
 Planning:
   Buffers: shared hit=77 read=27
 Planning Time: 2.037 ms
 Execution Time: 4669.231 ms
(12 rows)

SET
SET
SET
SET
SET
                                             QUERY PLAN                                             
----------------------------------------------------------------------------------------------------
 Index Scan Backward using idx on public.t (actual rows=4048576.00 loops=1)
   Output: a, b
   Index Cond: ((t.a >= '-4050270'::integer) AND (t.a <= '-1695'::integer))
   Index Searches: 1
   Buffers: shared hit=4055699
 Settings: enable_bitmapscan = 'off', enable_seqscan = 'off', max_parallel_workers_per_gather = '0'
 Planning:
   Buffers: shared hit=109
 Planning Time: 0.231 ms
 Execution Time: 607.188 ms
(10 rows)

