SET
SET
SET
SET
SET
                                                                        QUERY PLAN                                                                        
----------------------------------------------------------------------------------------------------------------------------------------------------------
 Index Scan Backward using idx on public.t (actual rows=7048576.00 loops=1)
   Output: a, b
   Index Cond: ((t.a >= '-7059847'::integer) AND (t.a <= '-11272'::integer))
   Index Searches: 1
   Prefetch: distance=23.992 count=243210 stalls=6799355 skipped=6900 resets=0 ungets=961 forwarded=0
             histogram [2,4) => 218895, [4,8) => 1801, [8,16) => 21, [16,32) => 35, [32,64) => 38, [64,128) => 369, [128,256) => 12254, [256,512) => 9797
   Buffers: shared hit=6930885 read=130056
 Settings: enable_bitmapscan = 'off', enable_seqscan = 'off', max_parallel_workers_per_gather = '0'
 Planning:
   Buffers: shared hit=77 read=27
 Planning Time: 2.036 ms
 Execution Time: 8165.648 ms
(12 rows)

SET
SET
SET
SET
SET
                                             QUERY PLAN                                             
----------------------------------------------------------------------------------------------------
 Index Scan Backward using idx on public.t (actual rows=7048576.00 loops=1)
   Output: a, b
   Index Cond: ((t.a >= '-7059847'::integer) AND (t.a <= '-11272'::integer))
   Index Searches: 1
   Buffers: shared hit=7060941
 Settings: enable_bitmapscan = 'off', enable_seqscan = 'off', max_parallel_workers_per_gather = '0'
 Planning:
   Buffers: shared hit=109
 Planning Time: 0.212 ms
 Execution Time: 1060.856 ms
(10 rows)

