SET
SET
SET
SET
SET
                                                                QUERY PLAN                                                                
------------------------------------------------------------------------------------------------------------------------------------------
 Index Scan Backward using idx on public.t (actual rows=512.00 loops=1)
   Output: a, b
   Index Cond: ((t.a >= '-11955'::integer) AND (t.a <= '-11444'::integer))
   Index Searches: 1
   Prefetch: distance=240.633 count=390 stalls=2 skipped=1 resets=0 ungets=123 forwarded=1
             histogram [2,4) => 8, [4,8) => 11, [8,16) => 5, [16,32) => 18, [32,64) => 3, [64,128) => 2, [128,256) => 3, [256,512) => 340
   Buffers: shared hit=174 read=344
 Settings: enable_bitmapscan = 'off', enable_seqscan = 'off', max_parallel_workers_per_gather = '0'
 Planning:
   Buffers: shared hit=81 read=27
 Planning Time: 1.410 ms
 Execution Time: 14.028 ms
(12 rows)

SET
SET
SET
SET
SET
                                             QUERY PLAN                                             
----------------------------------------------------------------------------------------------------
 Index Scan Backward using idx on public.t (actual rows=512.00 loops=1)
   Output: a, b
   Index Cond: ((t.a >= '-11955'::integer) AND (t.a <= '-11444'::integer))
   Index Searches: 1
   Buffers: shared hit=518
 Settings: enable_bitmapscan = 'off', enable_seqscan = 'off', max_parallel_workers_per_gather = '0'
 Planning:
   Buffers: shared hit=113
 Planning Time: 0.190 ms
 Execution Time: 0.384 ms
(10 rows)

