SET
SET
SET
SET
SET
                                                                     QUERY PLAN                                                                     
----------------------------------------------------------------------------------------------------------------------------------------------------
 Index Scan Backward using idx on public.t (actual rows=65536.00 loops=1)
   Output: a, b
   Index Cond: ((t.a >= '-76064'::integer) AND (t.a <= '-10529'::integer))
   Index Searches: 1
   Prefetch: distance=222.443 count=17269 stalls=48645 skipped=76 resets=0 ungets=755 forwarded=0
             histogram [2,4) => 888, [4,8) => 16, [8,16) => 17, [16,32) => 24, [32,64) => 97, [64,128) => 744, [128,256) => 8102, [256,512) => 7381
   Buffers: shared hit=63788 read=1856
 Settings: enable_bitmapscan = 'off', enable_seqscan = 'off', max_parallel_workers_per_gather = '0'
 Planning:
   Buffers: shared hit=81 read=27
 Planning Time: 2.121 ms
 Execution Time: 72.148 ms
(12 rows)

SET
SET
SET
SET
SET
                                             QUERY PLAN                                             
----------------------------------------------------------------------------------------------------
 Index Scan Backward using idx on public.t (actual rows=65536.00 loops=1)
   Output: a, b
   Index Cond: ((t.a >= '-76064'::integer) AND (t.a <= '-10529'::integer))
   Index Searches: 1
   Buffers: shared hit=65644
 Settings: enable_bitmapscan = 'off', enable_seqscan = 'off', max_parallel_workers_per_gather = '0'
 Planning:
   Buffers: shared hit=113
 Planning Time: 0.210 ms
 Execution Time: 10.189 ms
(10 rows)

