SET
SET
SET
SET
SET
                                                                     QUERY PLAN                                                                      
-----------------------------------------------------------------------------------------------------------------------------------------------------
 Index Scan Backward using idx on public.t (actual rows=131072.00 loops=1)
   Output: a, b
   Index Cond: ((t.a >= '-152220'::integer) AND (t.a <= '-21149'::integer))
   Index Searches: 1
   Prefetch: distance=198.891 count=17173 stalls=114150 skipped=140 resets=0 ungets=720 forwarded=0
             histogram [2,4) => 3240, [4,8) => 29, [8,16) => 18, [16,32) => 30, [32,64) => 37, [64,128) => 188, [128,256) => 6369, [256,512) => 7262
   Buffers: shared hit=128116 read=3180
 Settings: enable_bitmapscan = 'off', enable_seqscan = 'off', max_parallel_workers_per_gather = '0'
 Planning:
   Buffers: shared hit=81 read=27
 Planning Time: 2.064 ms
 Execution Time: 158.407 ms
(12 rows)

SET
SET
SET
SET
SET
                                             QUERY PLAN                                             
----------------------------------------------------------------------------------------------------
 Index Scan Backward using idx on public.t (actual rows=131072.00 loops=1)
   Output: a, b
   Index Cond: ((t.a >= '-152220'::integer) AND (t.a <= '-21149'::integer))
   Index Searches: 1
   Buffers: shared hit=131296
 Settings: enable_bitmapscan = 'off', enable_seqscan = 'off', max_parallel_workers_per_gather = '0'
 Planning:
   Buffers: shared hit=113
 Planning Time: 0.184 ms
 Execution Time: 19.992 ms
(10 rows)

