SET
SET
SET
SET
SET
                                                                        QUERY PLAN                                                                        
----------------------------------------------------------------------------------------------------------------------------------------------------------
 Index Scan Backward using idx on public.t (actual rows=2048576.00 loops=1)
   Output: a, b
   Index Cond: ((t.a >= '-2055351'::integer) AND (t.a <= '-6776'::integer))
   Index Searches: 1
   Prefetch: distance=142.626 count=152997 stalls=1894100 skipped=2001 resets=0 ungets=782 forwarded=2
             histogram [2,4) => 60352, [4,8) => 499, [8,16) => 18, [16,32) => 50, [32,64) => 350, [64,128) => 920, [128,256) => 60522, [256,512) => 30286
   Buffers: shared hit=2013976 read=38202
 Settings: enable_bitmapscan = 'off', enable_seqscan = 'off', max_parallel_workers_per_gather = '0'
 Planning:
   Buffers: shared hit=77 read=27
 Planning Time: 2.112 ms
 Execution Time: 2326.600 ms
(12 rows)

SET
SET
SET
SET
SET
                                             QUERY PLAN                                             
----------------------------------------------------------------------------------------------------
 Index Scan Backward using idx on public.t (actual rows=2048576.00 loops=1)
   Output: a, b
   Index Cond: ((t.a >= '-2055351'::integer) AND (t.a <= '-6776'::integer))
   Index Searches: 1
   Buffers: shared hit=2052178
 Settings: enable_bitmapscan = 'off', enable_seqscan = 'off', max_parallel_workers_per_gather = '0'
 Planning:
   Buffers: shared hit=109
 Planning Time: 0.199 ms
 Execution Time: 306.843 ms
(10 rows)

