SET
SET
SET
SET
SET
                                                                        QUERY PLAN                                                                         
-----------------------------------------------------------------------------------------------------------------------------------------------------------
 Index Scan Backward using idx on public.t (actual rows=1048576.00 loops=1)
   Output: a, b
   Index Cond: ((t.a >= '-1052232'::integer) AND (t.a <= '-3657'::integer))
   Index Searches: 1
   Prefetch: distance=153.339 count=87287 stalls=960625 skipped=1052 resets=0 ungets=735 forwarded=2
             histogram [2,4) => 30122, [4,8) => 285, [8,16) => 18, [16,32) => 53, [32,64) => 185, [64,128) => 1166, [128,256) => 35905, [256,512) => 19553
   Buffers: shared hit=1030593 read=19802
 Settings: enable_bitmapscan = 'off', enable_seqscan = 'off', max_parallel_workers_per_gather = '0'
 Planning:
   Buffers: shared hit=77 read=27
 Planning Time: 2.013 ms
 Execution Time: 1190.540 ms
(12 rows)

SET
SET
SET
SET
SET
                                             QUERY PLAN                                             
----------------------------------------------------------------------------------------------------
 Index Scan Backward using idx on public.t (actual rows=1048576.00 loops=1)
   Output: a, b
   Index Cond: ((t.a >= '-1052232'::integer) AND (t.a <= '-3657'::integer))
   Index Searches: 1
   Buffers: shared hit=1050395
 Settings: enable_bitmapscan = 'off', enable_seqscan = 'off', max_parallel_workers_per_gather = '0'
 Planning:
   Buffers: shared hit=109
 Planning Time: 0.191 ms
 Execution Time: 157.355 ms
(10 rows)

