SET
SET
SET
SET
SET
                                                                      QUERY PLAN                                                                       
-------------------------------------------------------------------------------------------------------------------------------------------------------
 Index Scan Backward using idx on public.t (actual rows=262144.00 loops=1)
   Output: a, b
   Index Cond: ((t.a >= '-282826'::integer) AND (t.a <= '-20683'::integer))
   Index Searches: 1
   Prefetch: distance=220.288 count=79951 stalls=182419 skipped=279 resets=0 ungets=778 forwarded=1
             histogram [2,4) => 5436, [4,8) => 40, [8,16) => 20, [16,32) => 37, [32,64) => 70, [64,128) => 740, [128,256) => 48465, [256,512) => 25143
   Buffers: shared hit=257005 read=5582
 Settings: enable_bitmapscan = 'off', enable_seqscan = 'off', max_parallel_workers_per_gather = '0'
 Planning:
   Buffers: shared hit=77 read=27
 Planning Time: 2.031 ms
 Execution Time: 273.769 ms
(12 rows)

SET
SET
SET
SET
SET
                                             QUERY PLAN                                             
----------------------------------------------------------------------------------------------------
 Index Scan Backward using idx on public.t (actual rows=262144.00 loops=1)
   Output: a, b
   Index Cond: ((t.a >= '-282826'::integer) AND (t.a <= '-20683'::integer))
   Index Searches: 1
   Buffers: shared hit=262587
 Settings: enable_bitmapscan = 'off', enable_seqscan = 'off', max_parallel_workers_per_gather = '0'
 Planning:
   Buffers: shared hit=109
 Planning Time: 0.196 ms
 Execution Time: 38.484 ms
(10 rows)

