SET
SET
SET
SET
SET
                                                                     QUERY PLAN                                                                     
----------------------------------------------------------------------------------------------------------------------------------------------------
 Index Scan Backward using idx on public.t (actual rows=32768.00 loops=1)
   Output: a, b
   Index Cond: ((t.a >= '-47557'::integer) AND (t.a <= '-14790'::integer))
   Index Searches: 1
   Prefetch: distance=234.987 count=9498 stalls=23565 skipped=44 resets=0 ungets=681 forwarded=1
             histogram [2,4) => 322, [4,8) => 10, [8,16) => 14, [16,32) => 26, [32,64) => 90, [64,128) => 188, [128,256) => 3644, [256,512) => 5204
   Buffers: shared hit=31517 read=1301
 Settings: enable_bitmapscan = 'off', enable_seqscan = 'off', max_parallel_workers_per_gather = '0'
 Planning:
   Buffers: shared hit=81 read=27
 Planning Time: 2.108 ms
 Execution Time: 46.101 ms
(12 rows)

SET
SET
SET
SET
SET
                                             QUERY PLAN                                             
----------------------------------------------------------------------------------------------------
 Index Scan Backward using idx on public.t (actual rows=32768.00 loops=1)
   Output: a, b
   Index Cond: ((t.a >= '-47557'::integer) AND (t.a <= '-14790'::integer))
   Index Searches: 1
   Buffers: shared hit=32818
 Settings: enable_bitmapscan = 'off', enable_seqscan = 'off', max_parallel_workers_per_gather = '0'
 Planning:
   Buffers: shared hit=113
 Planning Time: 0.248 ms
 Execution Time: 5.642 ms
(10 rows)

