SET
SET
SET
SET
SET
                                                                        QUERY PLAN                                                                        
----------------------------------------------------------------------------------------------------------------------------------------------------------
 Index Scan Backward using idx on public.t (actual rows=5048576.00 loops=1)
   Output: a, b
   Index Cond: ((t.a >= '-5081326'::integer) AND (t.a <= '-32751'::integer))
   Index Searches: 1
   Prefetch: distance=28.669 count=177874 stalls=4866506 skipped=4947 resets=0 ungets=898 forwarded=1
             histogram [2,4) => 156909, [4,8) => 1290, [8,16) => 14, [16,32) => 25, [32,64) => 34, [64,128) => 122, [128,256) => 10441, [256,512) => 9039
   Buffers: shared hit=4963868 read=93561
 Settings: enable_bitmapscan = 'off', enable_seqscan = 'off', max_parallel_workers_per_gather = '0'
 Planning:
   Buffers: shared hit=77 read=27
 Planning Time: 2.048 ms
 Execution Time: 5868.813 ms
(12 rows)

SET
SET
SET
SET
SET
                                             QUERY PLAN                                             
----------------------------------------------------------------------------------------------------
 Index Scan Backward using idx on public.t (actual rows=5048576.00 loops=1)
   Output: a, b
   Index Cond: ((t.a >= '-5081326'::integer) AND (t.a <= '-32751'::integer))
   Index Searches: 1
   Buffers: shared hit=5057429
 Settings: enable_bitmapscan = 'off', enable_seqscan = 'off', max_parallel_workers_per_gather = '0'
 Planning:
   Buffers: shared hit=109
 Planning Time: 0.229 ms
 Execution Time: 751.549 ms
(10 rows)

