SET
SET
SET
SET
SET
                                                               QUERY PLAN                                                               
----------------------------------------------------------------------------------------------------------------------------------------
 Index Scan using idx on public.t (actual rows=512.00 loops=1)
   Output: a, b
   Index Cond: ((t.a >= '-15632'::integer) AND (t.a <= '-15121'::integer))
   Index Searches: 1
   Prefetch: distance=249.696 count=398 stalls=1 skipped=1 resets=0 ungets=139 forwarded=1
             histogram [2,4) => 6, [4,8) => 5, [8,16) => 7, [16,32) => 9, [32,64) => 4, [64,128) => 2, [128,256) => 2, [256,512) => 363
   Buffers: shared hit=154 read=363
 Settings: enable_bitmapscan = 'off', enable_seqscan = 'off', max_parallel_workers_per_gather = '0'
 Planning:
   Buffers: shared hit=85 read=27
 Planning Time: 1.401 ms
 Execution Time: 15.503 ms
(12 rows)

SET
SET
SET
SET
SET
                                             QUERY PLAN                                             
----------------------------------------------------------------------------------------------------
 Index Scan using idx on public.t (actual rows=512.00 loops=1)
   Output: a, b
   Index Cond: ((t.a >= '-15632'::integer) AND (t.a <= '-15121'::integer))
   Index Searches: 1
   Buffers: shared hit=517
 Settings: enable_bitmapscan = 'off', enable_seqscan = 'off', max_parallel_workers_per_gather = '0'
 Planning:
   Buffers: shared hit=117
 Planning Time: 0.175 ms
 Execution Time: 0.338 ms
(10 rows)

