SET
SET
SET
SET
SET
                                                                 QUERY PLAN                                                                  
---------------------------------------------------------------------------------------------------------------------------------------------
 Index Scan using idx on public.t (actual rows=8192.00 loops=1)
   Output: a, b
   Index Cond: ((t.a >= '-27609'::integer) AND (t.a <= '-19418'::integer))
   Index Searches: 1
   Prefetch: distance=250.746 count=8316 stalls=2 skipped=14 resets=0 ungets=486 forwarded=1
             histogram [2,4) => 2, [4,8) => 5, [8,16) => 7, [16,32) => 10, [32,64) => 7, [64,128) => 3, [128,256) => 3388, [256,512) => 4894
   Buffers: shared hit=7300 read=906
 Settings: enable_bitmapscan = 'off', enable_seqscan = 'off', max_parallel_workers_per_gather = '0'
 Planning:
   Buffers: shared hit=85 read=27
 Planning Time: 2.012 ms
 Execution Time: 25.406 ms
(12 rows)

SET
SET
SET
SET
SET
                                             QUERY PLAN                                             
----------------------------------------------------------------------------------------------------
 Index Scan using idx on public.t (actual rows=8192.00 loops=1)
   Output: a, b
   Index Cond: ((t.a >= '-27609'::integer) AND (t.a <= '-19418'::integer))
   Index Searches: 1
   Buffers: shared hit=8206
 Settings: enable_bitmapscan = 'off', enable_seqscan = 'off', max_parallel_workers_per_gather = '0'
 Planning:
   Buffers: shared hit=117
 Planning Time: 0.148 ms
 Execution Time: 1.871 ms
(10 rows)

