SET
SET
SET
SET
SET
                                                                QUERY PLAN                                                                 
-------------------------------------------------------------------------------------------------------------------------------------------
 Index Scan using idx on public.t (actual rows=4096.00 loops=1)
   Output: a, b
   Index Cond: ((t.a >= '-33117'::integer) AND (t.a <= '-29022'::integer))
   Index Searches: 1
   Prefetch: distance=263.356 count=4486 stalls=3 skipped=2 resets=0 ungets=653 forwarded=1
             histogram [2,4) => 4, [4,8) => 6, [8,16) => 8, [16,32) => 9, [32,64) => 2, [64,128) => 2, [128,256) => 600, [256,512) => 3855
   Buffers: shared hit=3207 read=904
 Settings: enable_bitmapscan = 'off', enable_seqscan = 'off', max_parallel_workers_per_gather = '0'
 Planning:
   Buffers: shared hit=85 read=27
 Planning Time: 2.048 ms
 Execution Time: 20.941 ms
(12 rows)

SET
SET
SET
SET
SET
                                             QUERY PLAN                                             
----------------------------------------------------------------------------------------------------
 Index Scan using idx on public.t (actual rows=4096.00 loops=1)
   Output: a, b
   Index Cond: ((t.a >= '-33117'::integer) AND (t.a <= '-29022'::integer))
   Index Searches: 1
   Buffers: shared hit=4111
 Settings: enable_bitmapscan = 'off', enable_seqscan = 'off', max_parallel_workers_per_gather = '0'
 Planning:
   Buffers: shared hit=117
 Planning Time: 0.211 ms
 Execution Time: 1.280 ms
(10 rows)

