SET
SET
SET
SET
SET
                                                                        QUERY PLAN                                                                         
-----------------------------------------------------------------------------------------------------------------------------------------------------------
 Index Scan using idx on public.t (actual rows=3048576.00 loops=1)
   Output: a, b
   Index Cond: ((t.a >= '-3060649'::integer) AND (t.a <= '-12074'::integer))
   Index Searches: 1
   Prefetch: distance=89.245 count=150893 stalls=2895404 skipped=2956 resets=0 ungets=681 forwarded=1
             histogram [2,4) => 93504, [4,8) => 698, [8,16) => 13, [16,32) => 47, [32,64) => 102, [64,128) => 1027, [128,256) => 36493, [256,512) => 19009
   Buffers: shared hit=2997325 read=56631
 Settings: enable_bitmapscan = 'off', enable_seqscan = 'off', max_parallel_workers_per_gather = '0'
 Planning:
   Buffers: shared hit=81 read=27
 Planning Time: 2.052 ms
 Execution Time: 513.567 ms
(12 rows)

SET
SET
SET
SET
SET
                                             QUERY PLAN                                             
----------------------------------------------------------------------------------------------------
 Index Scan using idx on public.t (actual rows=3048576.00 loops=1)
   Output: a, b
   Index Cond: ((t.a >= '-3060649'::integer) AND (t.a <= '-12074'::integer))
   Index Searches: 1
   Buffers: shared hit=3053956
 Settings: enable_bitmapscan = 'off', enable_seqscan = 'off', max_parallel_workers_per_gather = '0'
 Planning:
   Buffers: shared hit=113
 Planning Time: 0.223 ms
 Execution Time: 447.192 ms
(10 rows)

