SET
SET
SET
SET
SET
                                                                       QUERY PLAN                                                                        
---------------------------------------------------------------------------------------------------------------------------------------------------------
 Index Scan using idx on public.t (actual rows=2048576.00 loops=1)
   Output: a, b
   Index Cond: ((t.a >= '-2063673'::integer) AND (t.a <= '-15098'::integer))
   Index Searches: 1
   Prefetch: distance=108.545 count=116051 stalls=1930759 skipped=1994 resets=0 ungets=502 forwarded=3
             histogram [2,4) => 62367, [4,8) => 464, [8,16) => 14, [16,32) => 52, [32,64) => 78, [64,128) => 897, [128,256) => 34477, [256,512) => 17702
   Buffers: shared hit=2013870 read=38314
 Settings: enable_bitmapscan = 'off', enable_seqscan = 'off', max_parallel_workers_per_gather = '0'
 Planning:
   Buffers: shared hit=81 read=27
 Planning Time: 2.025 ms
 Execution Time: 363.682 ms
(12 rows)

SET
SET
SET
SET
SET
                                             QUERY PLAN                                             
----------------------------------------------------------------------------------------------------
 Index Scan using idx on public.t (actual rows=2048576.00 loops=1)
   Output: a, b
   Index Cond: ((t.a >= '-2063673'::integer) AND (t.a <= '-15098'::integer))
   Index Searches: 1
   Buffers: shared hit=2052184
 Settings: enable_bitmapscan = 'off', enable_seqscan = 'off', max_parallel_workers_per_gather = '0'
 Planning:
   Buffers: shared hit=113
 Planning Time: 0.213 ms
 Execution Time: 308.141 ms
(10 rows)

