SET
SET
SET
SET
SET
                                                                        QUERY PLAN                                                                        
----------------------------------------------------------------------------------------------------------------------------------------------------------
 Index Scan using idx on public.t (actual rows=4048576.00 loops=1)
   Output: a, b
   Index Cond: ((t.a >= '-4071034'::integer) AND (t.a <= '-22459'::integer))
   Index Searches: 1
   Prefetch: distance=64.300 count=172048 stalls=3872981 skipped=3917 resets=0 ungets=603 forwarded=1
             histogram [2,4) => 125076, [4,8) => 958, [8,16) => 17, [16,32) => 48, [32,64) => 77, [64,128) => 765, [128,256) => 29179, [256,512) => 15928
   Buffers: shared hit=3980622 read=75104
 Settings: enable_bitmapscan = 'off', enable_seqscan = 'off', max_parallel_workers_per_gather = '0'
 Planning:
   Buffers: shared hit=81 read=27
 Planning Time: 2.031 ms
 Execution Time: 691.934 ms
(12 rows)

SET
SET
SET
SET
SET
                                             QUERY PLAN                                             
----------------------------------------------------------------------------------------------------
 Index Scan using idx on public.t (actual rows=4048576.00 loops=1)
   Output: a, b
   Index Cond: ((t.a >= '-4071034'::integer) AND (t.a <= '-22459'::integer))
   Index Searches: 1
   Buffers: shared hit=4055726
 Settings: enable_bitmapscan = 'off', enable_seqscan = 'off', max_parallel_workers_per_gather = '0'
 Planning:
   Buffers: shared hit=113
 Planning Time: 0.193 ms
 Execution Time: 607.399 ms
(10 rows)

