SET
SET
SET
SET
SET
                                                                        QUERY PLAN                                                                         
-----------------------------------------------------------------------------------------------------------------------------------------------------------
 Index Scan using idx on public.t (actual rows=8048576.00 loops=1)
   Output: a, b
   Index Cond: ((t.a >= '-8066907'::integer) AND (t.a <= '-18332'::integer))
   Index Searches: 1
   Prefetch: distance=40.357 count=301820 stalls=7739069 skipped=7851 resets=0 ungets=498 forwarded=2
             histogram [2,4) => 249919, [4,8) => 1974, [8,16) => 14, [16,32) => 56, [32,64) => 77, [64,128) => 897, [128,256) => 32283, [256,512) => 16600
   Buffers: shared hit=7914232 read=148489
 Settings: enable_bitmapscan = 'off', enable_seqscan = 'off', max_parallel_workers_per_gather = '0'
 Planning:
   Buffers: shared hit=81 read=27
 Planning Time: 2.228 ms
 Execution Time: 1372.697 ms
(12 rows)

SET
SET
SET
SET
SET
                                             QUERY PLAN                                             
----------------------------------------------------------------------------------------------------
 Index Scan using idx on public.t (actual rows=8048576.00 loops=1)
   Output: a, b
   Index Cond: ((t.a >= '-8066907'::integer) AND (t.a <= '-18332'::integer))
   Index Searches: 1
   Buffers: shared hit=8062721
 Settings: enable_bitmapscan = 'off', enable_seqscan = 'off', max_parallel_workers_per_gather = '0'
 Planning:
   Buffers: shared hit=113
 Planning Time: 0.226 ms
 Execution Time: 1188.797 ms
(10 rows)

