SET
SET
SET
SET
SET
                                                                        QUERY PLAN                                                                         
-----------------------------------------------------------------------------------------------------------------------------------------------------------
 Index Scan using idx on public.t (actual rows=6048576.00 loops=1)
   Output: a, b
   Index Cond: ((t.a >= '-6062274'::integer) AND (t.a <= '-13699'::integer))
   Index Searches: 1
   Prefetch: distance=54.144 count=243431 stalls=5799527 skipped=5936 resets=0 ungets=527 forwarded=1
             histogram [2,4) => 187288, [4,8) => 1443, [8,16) => 18, [16,32) => 45, [32,64) => 77, [64,128) => 999, [128,256) => 35498, [256,512) => 18063
   Buffers: shared hit=5947451 read=111721
 Settings: enable_bitmapscan = 'off', enable_seqscan = 'off', max_parallel_workers_per_gather = '0'
 Planning:
   Buffers: shared hit=81 read=27
 Planning Time: 2.210 ms
 Execution Time: 1064.915 ms
(12 rows)

SET
SET
SET
SET
SET
                                             QUERY PLAN                                             
----------------------------------------------------------------------------------------------------
 Index Scan using idx on public.t (actual rows=6048576.00 loops=1)
   Output: a, b
   Index Cond: ((t.a >= '-6062274'::integer) AND (t.a <= '-13699'::integer))
   Index Searches: 1
   Buffers: shared hit=6059172
 Settings: enable_bitmapscan = 'off', enable_seqscan = 'off', max_parallel_workers_per_gather = '0'
 Planning:
   Buffers: shared hit=113
 Planning Time: 0.233 ms
 Execution Time: 942.755 ms
(10 rows)

