SET
SET
SET
SET
SET
                                                                     QUERY PLAN                                                                      
-----------------------------------------------------------------------------------------------------------------------------------------------------
 Index Scan using idx on public.t (actual rows=65536.00 loops=1)
   Output: a, b
   Index Cond: ((t.a >= '-67011'::integer) AND (t.a <= '-1476'::integer))
   Index Searches: 1
   Prefetch: distance=210.042 count=13680 stalls=51716 skipped=86 resets=0 ungets=300 forwarded=0
             histogram [2,4) => 1686, [4,8) => 27, [8,16) => 24, [16,32) => 39, [32,64) => 41, [64,128) => 196, [128,256) => 6378, [256,512) => 5289
   Buffers: shared hit=63910 read=1723
 Settings: enable_bitmapscan = 'off', enable_seqscan = 'off', max_parallel_workers_per_gather = '0'
 Planning:
   Buffers: shared hit=85 read=27
 Planning Time: 2.063 ms
 Execution Time: 29.741 ms
(12 rows)

SET
SET
SET
SET
SET
                                             QUERY PLAN                                             
----------------------------------------------------------------------------------------------------
 Index Scan using idx on public.t (actual rows=65536.00 loops=1)
   Output: a, b
   Index Cond: ((t.a >= '-67011'::integer) AND (t.a <= '-1476'::integer))
   Index Searches: 1
   Buffers: shared hit=65633
 Settings: enable_bitmapscan = 'off', enable_seqscan = 'off', max_parallel_workers_per_gather = '0'
 Planning:
   Buffers: shared hit=117
 Planning Time: 0.226 ms
 Execution Time: 9.998 ms
(10 rows)

