SET
SET
SET
SET
SET
                                                                      QUERY PLAN                                                                       
-------------------------------------------------------------------------------------------------------------------------------------------------------
 Index Scan using idx on public.t (actual rows=131072.00 loops=1)
   Output: a, b
   Index Cond: ((t.a >= '-160683'::integer) AND (t.a <= '-29612'::integer))
   Index Searches: 1
   Prefetch: distance=219.370 count=42242 stalls=89496 skipped=136 resets=0 ungets=836 forwarded=0
             histogram [2,4) => 2906, [4,8) => 27, [8,16) => 13, [16,32) => 47, [32,64) => 78, [64,128) => 728, [128,256) => 24079, [256,512) => 14364
   Buffers: shared hit=128038 read=3263
 Settings: enable_bitmapscan = 'off', enable_seqscan = 'off', max_parallel_workers_per_gather = '0'
 Planning:
   Buffers: shared hit=85 read=27
 Planning Time: 2.006 ms
 Execution Time: 34.594 ms
(12 rows)

SET
SET
SET
SET
SET
                                             QUERY PLAN                                             
----------------------------------------------------------------------------------------------------
 Index Scan using idx on public.t (actual rows=131072.00 loops=1)
   Output: a, b
   Index Cond: ((t.a >= '-160683'::integer) AND (t.a <= '-29612'::integer))
   Index Searches: 1
   Buffers: shared hit=131301
 Settings: enable_bitmapscan = 'off', enable_seqscan = 'off', max_parallel_workers_per_gather = '0'
 Planning:
   Buffers: shared hit=117
 Planning Time: 0.173 ms
 Execution Time: 17.078 ms
(10 rows)

