SET
SET
SET
SET
SET
                                                                QUERY PLAN                                                                
------------------------------------------------------------------------------------------------------------------------------------------
 Index Scan using idx on public.t (actual rows=512.00 loops=1)
   Output: a, b
   Index Cond: ((t.a >= '-21400'::integer) AND (t.a <= '-20889'::integer))
   Index Searches: 1
   Prefetch: distance=228.219 count=247 stalls=1 skipped=0 resets=0 ungets=75 forwarded=0
             histogram [2,4) => 8, [4,8) => 6, [8,16) => 10, [16,32) => 10, [32,64) => 4, [64,128) => 4, [128,256) => 2, [256,512) => 203
   Buffers: shared hit=155 read=363
 Settings: enable_bitmapscan = 'off', enable_seqscan = 'off', max_parallel_workers_per_gather = '0'
 Planning:
   Buffers: shared hit=85 read=27
 Planning Time: 1.385 ms
 Execution Time: 18.715 ms
(12 rows)

SET
SET
SET
SET
SET
                                             QUERY PLAN                                             
----------------------------------------------------------------------------------------------------
 Index Scan using idx on public.t (actual rows=512.00 loops=1)
   Output: a, b
   Index Cond: ((t.a >= '-21400'::integer) AND (t.a <= '-20889'::integer))
   Index Searches: 1
   Buffers: shared hit=518
 Settings: enable_bitmapscan = 'off', enable_seqscan = 'off', max_parallel_workers_per_gather = '0'
 Planning:
   Buffers: shared hit=117
 Planning Time: 0.236 ms
 Execution Time: 0.427 ms
(10 rows)

