SET
SET
SET
SET
SET
                                                                  QUERY PLAN                                                                  
----------------------------------------------------------------------------------------------------------------------------------------------
 Index Scan using idx on public.t (actual rows=16384.00 loops=1)
   Output: a, b
   Index Cond: ((t.a >= '-32943'::integer) AND (t.a <= '-16560'::integer))
   Index Searches: 1
   Prefetch: distance=240.760 count=16600 stalls=2 skipped=22 resets=0 ungets=516 forwarded=0
             histogram [2,4) => 4, [4,8) => 5, [8,16) => 5, [16,32) => 9, [32,64) => 5, [64,128) => 145, [128,256) => 9185, [256,512) => 7242
   Buffers: shared hit=15393 read=1020
 Settings: enable_bitmapscan = 'off', enable_seqscan = 'off', max_parallel_workers_per_gather = '0'
 Planning:
   Buffers: shared hit=85 read=27
 Planning Time: 2.047 ms
 Execution Time: 23.786 ms
(12 rows)

SET
SET
SET
SET
SET
                                             QUERY PLAN                                             
----------------------------------------------------------------------------------------------------
 Index Scan using idx on public.t (actual rows=16384.00 loops=1)
   Output: a, b
   Index Cond: ((t.a >= '-32943'::integer) AND (t.a <= '-16560'::integer))
   Index Searches: 1
   Buffers: shared hit=16413
 Settings: enable_bitmapscan = 'off', enable_seqscan = 'off', max_parallel_workers_per_gather = '0'
 Planning:
   Buffers: shared hit=117
 Planning Time: 0.154 ms
 Execution Time: 1.759 ms
(10 rows)

