SET
SET
SET
SET
SET
                                                               QUERY PLAN                                                               
----------------------------------------------------------------------------------------------------------------------------------------
 Index Scan using idx on public.t (actual rows=256.00 loops=1)
   Output: a, b
   Index Cond: ((t.a >= '-32256'::integer) AND (t.a <= '-32001'::integer))
   Index Searches: 1
   Prefetch: distance=113.850 count=60 stalls=1 skipped=0 resets=0 ungets=12 forwarded=0
             histogram [2,4) => 4, [4,8) => 6, [8,16) => 5, [16,32) => 17, [32,64) => 4, [64,128) => 2, [128,256) => 2, [256,512) => 20
   Buffers: shared hit=43 read=220
 Settings: enable_bitmapscan = 'off', enable_seqscan = 'off', max_parallel_workers_per_gather = '0'
 Planning:
   Buffers: shared hit=85 read=27
 Planning Time: 1.385 ms
 Execution Time: 12.968 ms
(12 rows)

SET
SET
SET
SET
SET
                                             QUERY PLAN                                             
----------------------------------------------------------------------------------------------------
 Index Scan using idx on public.t (actual rows=256.00 loops=1)
   Output: a, b
   Index Cond: ((t.a >= '-32256'::integer) AND (t.a <= '-32001'::integer))
   Index Searches: 1
   Buffers: shared hit=263
 Settings: enable_bitmapscan = 'off', enable_seqscan = 'off', max_parallel_workers_per_gather = '0'
 Planning:
   Buffers: shared hit=117
 Planning Time: 0.208 ms
 Execution Time: 0.291 ms
(10 rows)

