SET
SET
SET
SET
SET
                                                                        QUERY PLAN                                                                         
-----------------------------------------------------------------------------------------------------------------------------------------------------------
 Index Scan using idx on public.t (actual rows=1048576.00 loops=1)
   Output: a, b
   Index Cond: ((t.a >= '-1058472'::integer) AND (t.a <= '-9897'::integer))
   Index Searches: 1
   Prefetch: distance=152.511 count=89402 stalls=958166 skipped=1045 resets=0 ungets=388 forwarded=0
             histogram [2,4) => 30957, [4,8) => 236, [8,16) => 17, [16,32) => 56, [32,64) => 115, [64,128) => 1129, [128,256) => 38230, [256,512) => 18662
   Buffers: shared hit=1030511 read=19890
 Settings: enable_bitmapscan = 'off', enable_seqscan = 'off', max_parallel_workers_per_gather = '0'
 Planning:
   Buffers: shared hit=81 read=27
 Planning Time: 2.025 ms
 Execution Time: 194.896 ms
(12 rows)

SET
SET
SET
SET
SET
                                             QUERY PLAN                                             
----------------------------------------------------------------------------------------------------
 Index Scan using idx on public.t (actual rows=1048576.00 loops=1)
   Output: a, b
   Index Cond: ((t.a >= '-1058472'::integer) AND (t.a <= '-9897'::integer))
   Index Searches: 1
   Buffers: shared hit=1050401
 Settings: enable_bitmapscan = 'off', enable_seqscan = 'off', max_parallel_workers_per_gather = '0'
 Planning:
   Buffers: shared hit=113
 Planning Time: 0.209 ms
 Execution Time: 159.075 ms
(10 rows)

