SET
SET
SET
SET
SET
                                                                         QUERY PLAN                                                                         
------------------------------------------------------------------------------------------------------------------------------------------------------------
 Index Scan using idx on public.t (actual rows=5048576.00 loops=1)
   Output: a, b
   Index Cond: ((t.a >= '-5062080'::integer) AND (t.a <= '-13505'::integer))
   Index Searches: 1
   Prefetch: distance=62.386 count=212446 stalls=4831813 skipped=4957 resets=0 ungets=677 forwarded=1
             histogram [2,4) => 156042, [4,8) => 1179, [8,16) => 13, [16,32) => 50, [32,64) => 77, [64,128) => 1009, [128,256) => 35511, [256,512) => 18565
   Buffers: shared hit=4964054 read=93365
 Settings: enable_bitmapscan = 'off', enable_seqscan = 'off', max_parallel_workers_per_gather = '0'
 Planning:
   Buffers: shared hit=81 read=27
 Planning Time: 2.048 ms
 Execution Time: 854.065 ms
(12 rows)

SET
SET
SET
SET
SET
                                             QUERY PLAN                                             
----------------------------------------------------------------------------------------------------
 Index Scan using idx on public.t (actual rows=5048576.00 loops=1)
   Output: a, b
   Index Cond: ((t.a >= '-5062080'::integer) AND (t.a <= '-13505'::integer))
   Index Searches: 1
   Buffers: shared hit=5057419
 Settings: enable_bitmapscan = 'off', enable_seqscan = 'off', max_parallel_workers_per_gather = '0'
 Planning:
   Buffers: shared hit=113
 Planning Time: 0.230 ms
 Execution Time: 750.937 ms
(10 rows)

