SET
SET
SET
SET
SET
                                                                        QUERY PLAN                                                                         
-----------------------------------------------------------------------------------------------------------------------------------------------------------
 Index Scan using idx on public.t (actual rows=9048576.00 loops=1)
   Output: a, b
   Index Cond: ((t.a >= '-9070653'::integer) AND (t.a <= '-22078'::integer))
   Index Searches: 1
   Prefetch: distance=34.724 count=329913 stalls=8710223 skipped=8792 resets=0 ungets=600 forwarded=2
             histogram [2,4) => 281285, [4,8) => 2261, [8,16) => 14, [16,32) => 48, [32,64) => 82, [64,128) => 768, [128,256) => 29547, [256,512) => 15908
   Buffers: shared hit=8897625 read=166887
 Settings: enable_bitmapscan = 'off', enable_seqscan = 'off', max_parallel_workers_per_gather = '0'
 Planning:
   Buffers: shared hit=81 read=27
 Planning Time: 2.025 ms
 Execution Time: 1490.675 ms
(12 rows)

SET
SET
SET
SET
SET
                                             QUERY PLAN                                             
----------------------------------------------------------------------------------------------------
 Index Scan using idx on public.t (actual rows=9048576.00 loops=1)
   Output: a, b
   Index Cond: ((t.a >= '-9070653'::integer) AND (t.a <= '-22078'::integer))
   Index Searches: 1
   Buffers: shared hit=9064512
 Settings: enable_bitmapscan = 'off', enable_seqscan = 'off', max_parallel_workers_per_gather = '0'
 Planning:
   Buffers: shared hit=113
 Planning Time: 0.228 ms
 Execution Time: 1337.994 ms
(10 rows)

