SET
SET
SET
SET
SET
                                                                QUERY PLAN                                                                
------------------------------------------------------------------------------------------------------------------------------------------
 Index Scan using idx on public.t (actual rows=1024.00 loops=1)
   Output: a, b
   Index Cond: ((t.a >= '-29397'::integer) AND (t.a <= '-28374'::integer))
   Index Searches: 1
   Prefetch: distance=264.502 count=1272 stalls=1 skipped=1 resets=0 ungets=424 forwarded=0
             histogram [2,4) => 6, [4,8) => 4, [8,16) => 5, [16,32) => 12, [32,64) => 6, [64,128) => 2, [128,256) => 2, [256,512) => 1235
   Buffers: shared hit=433 read=598
 Settings: enable_bitmapscan = 'off', enable_seqscan = 'off', max_parallel_workers_per_gather = '0'
 Planning:
   Buffers: shared hit=85 read=27
 Planning Time: 1.544 ms
 Execution Time: 14.713 ms
(12 rows)

SET
SET
SET
SET
SET
                                             QUERY PLAN                                             
----------------------------------------------------------------------------------------------------
 Index Scan using idx on public.t (actual rows=1024.00 loops=1)
   Output: a, b
   Index Cond: ((t.a >= '-29397'::integer) AND (t.a <= '-28374'::integer))
   Index Searches: 1
   Buffers: shared hit=1031
 Settings: enable_bitmapscan = 'off', enable_seqscan = 'off', max_parallel_workers_per_gather = '0'
 Planning:
   Buffers: shared hit=117
 Planning Time: 0.207 ms
 Execution Time: 0.570 ms
(10 rows)

