SET
SET
SET
SET
SET
                                                                      QUERY PLAN                                                                      
------------------------------------------------------------------------------------------------------------------------------------------------------
 Index Scan using idx on public.t (actual rows=65536.00 loops=1)
   Output: a, b
   Index Cond: ((t.a >= '-97348'::integer) AND (t.a <= '-31813'::integer))
   Index Searches: 1
   Prefetch: distance=230.241 count=38085 stalls=28228 skipped=63 resets=0 ungets=869 forwarded=1
             histogram [2,4) => 922, [4,8) => 16, [8,16) => 13, [16,32) => 47, [32,64) => 77, [64,128) => 690, [128,256) => 22538, [256,512) => 13782
   Buffers: shared hit=63584 read=2074
 Settings: enable_bitmapscan = 'off', enable_seqscan = 'off', max_parallel_workers_per_gather = '0'
 Planning:
   Buffers: shared hit=85 read=27
 Planning Time: 2.034 ms
 Execution Time: 23.532 ms
(12 rows)

SET
SET
SET
SET
SET
                                             QUERY PLAN                                             
----------------------------------------------------------------------------------------------------
 Index Scan using idx on public.t (actual rows=65536.00 loops=1)
   Output: a, b
   Index Cond: ((t.a >= '-97348'::integer) AND (t.a <= '-31813'::integer))
   Index Searches: 1
   Buffers: shared hit=65658
 Settings: enable_bitmapscan = 'off', enable_seqscan = 'off', max_parallel_workers_per_gather = '0'
 Planning:
   Buffers: shared hit=117
 Planning Time: 0.207 ms
 Execution Time: 10.879 ms
(10 rows)

