SET
SET
SET
SET
SET
                                                                    QUERY PLAN                                                                    
--------------------------------------------------------------------------------------------------------------------------------------------------
 Index Scan using idx on public.t (actual rows=32768.00 loops=1)
   Output: a, b
   Index Cond: ((t.a >= '-55729'::integer) AND (t.a <= '-22962'::integer))
   Index Searches: 1
   Prefetch: distance=236.460 count=33342 stalls=2 skipped=39 resets=0 ungets=711 forwarded=1
             histogram [2,4) => 4, [4,8) => 5, [8,16) => 5, [16,32) => 11, [32,64) => 26, [64,128) => 586, [128,256) => 20212, [256,512) => 12493
   Buffers: shared hit=31428 read=1397
 Settings: enable_bitmapscan = 'off', enable_seqscan = 'off', max_parallel_workers_per_gather = '0'
 Planning:
   Buffers: shared hit=85 read=27
 Planning Time: 2.038 ms
 Execution Time: 21.463 ms
(12 rows)

SET
SET
SET
SET
SET
                                             QUERY PLAN                                             
----------------------------------------------------------------------------------------------------
 Index Scan using idx on public.t (actual rows=32768.00 loops=1)
   Output: a, b
   Index Cond: ((t.a >= '-55729'::integer) AND (t.a <= '-22962'::integer))
   Index Searches: 1
   Buffers: shared hit=32825
 Settings: enable_bitmapscan = 'off', enable_seqscan = 'off', max_parallel_workers_per_gather = '0'
 Planning:
   Buffers: shared hit=117
 Planning Time: 0.185 ms
 Execution Time: 3.520 ms
(10 rows)

