SET
SET
SET
SET
SET
                                                                     QUERY PLAN                                                                     
----------------------------------------------------------------------------------------------------------------------------------------------------
 Index Scan using idx on public.t (actual rows=16384.00 loops=1)
   Output: a, b
   Index Cond: ((t.a >= '-17665'::integer) AND (t.a <= '-1282'::integer))
   Index Searches: 1
   Prefetch: distance=237.188 count=12539 stalls=3986 skipped=35 resets=0 ungets=358 forwarded=0
             histogram [2,4) => 150, [4,8) => 10, [8,16) => 17, [16,32) => 45, [32,64) => 45, [64,128) => 199, [128,256) => 6526, [256,512) => 5547
   Buffers: shared hit=15582 read=818
 Settings: enable_bitmapscan = 'off', enable_seqscan = 'off', max_parallel_workers_per_gather = '0'
 Planning:
   Buffers: shared hit=85 read=27
 Planning Time: 2.045 ms
 Execution Time: 14.343 ms
(12 rows)

SET
SET
SET
SET
SET
                                             QUERY PLAN                                             
----------------------------------------------------------------------------------------------------
 Index Scan using idx on public.t (actual rows=16384.00 loops=1)
   Output: a, b
   Index Cond: ((t.a >= '-17665'::integer) AND (t.a <= '-1282'::integer))
   Index Searches: 1
   Buffers: shared hit=16400
 Settings: enable_bitmapscan = 'off', enable_seqscan = 'off', max_parallel_workers_per_gather = '0'
 Planning:
   Buffers: shared hit=117
 Planning Time: 0.203 ms
 Execution Time: 3.060 ms
(10 rows)

