SET
SET
SET
SET
SET
                                                                   QUERY PLAN                                                                   
------------------------------------------------------------------------------------------------------------------------------------------------
 Index Scan using idx on public.t (actual rows=4096.00 loops=1)
   Output: a, b
   Index Cond: ((t.a >= '-4174'::integer) AND (t.a <= '-79'::integer))
   Index Searches: 1
   Prefetch: distance=255.724 count=4108 stalls=4 skipped=12 resets=0 ungets=315 forwarded=0
             histogram [2,4) => 10, [4,8) => 7, [8,16) => 10, [16,32) => 12, [32,64) => 12, [64,128) => 5, [128,256) => 1048, [256,512) => 3004
   Buffers: shared hit=3529 read=571
 Settings: enable_bitmapscan = 'off', enable_seqscan = 'off', max_parallel_workers_per_gather = '0'
 Planning:
   Buffers: shared hit=85 read=27
 Planning Time: 2.077 ms
 Execution Time: 14.917 ms
(12 rows)

SET
SET
SET
SET
SET
                                             QUERY PLAN                                             
----------------------------------------------------------------------------------------------------
 Index Scan using idx on public.t (actual rows=4096.00 loops=1)
   Output: a, b
   Index Cond: ((t.a >= '-4174'::integer) AND (t.a <= '-79'::integer))
   Index Searches: 1
   Buffers: shared hit=4100
 Settings: enable_bitmapscan = 'off', enable_seqscan = 'off', max_parallel_workers_per_gather = '0'
 Planning:
   Buffers: shared hit=117
 Planning Time: 0.159 ms
 Execution Time: 0.601 ms
(10 rows)

