SET
SET
SET
SET
SET
                                                              QUERY PLAN                                                               
---------------------------------------------------------------------------------------------------------------------------------------
 Index Scan using idx on public.t (actual rows=1.00 loops=1)
   Output: a, b
   Index Cond: ((t.a >= '-25953'::integer) AND (t.a <= '-25953'::integer))
   Index Searches: 1
   Buffers: shared hit=5 read=2
 Settings: enable_bitmapscan = 'off', enable_seqscan = 'off', max_parallel_workers_per_gather = '0', enable_indexscan_prefetch = 'off'
 Planning:
   Buffers: shared hit=85 read=27
 Planning Time: 2.241 ms
 Execution Time: 0.327 ms
(10 rows)

SET
SET
SET
SET
SET
                                                              QUERY PLAN                                                               
---------------------------------------------------------------------------------------------------------------------------------------
 Index Scan using idx on public.t (actual rows=1.00 loops=1)
   Output: a, b
   Index Cond: ((t.a >= '-25953'::integer) AND (t.a <= '-25953'::integer))
   Index Searches: 1
   Buffers: shared hit=7
 Settings: enable_bitmapscan = 'off', enable_seqscan = 'off', max_parallel_workers_per_gather = '0', enable_indexscan_prefetch = 'off'
 Planning:
   Buffers: shared hit=117
 Planning Time: 0.185 ms
 Execution Time: 0.022 ms
(10 rows)

