SET
SET
SET
SET
SET
                                                                         QUERY PLAN                                                                          
-------------------------------------------------------------------------------------------------------------------------------------------------------------
 Index Scan using idx on public.t (actual rows=8048576.00 loops=1)
   Output: a, b
   Index Cond: ((t.a >= '-8058592'::integer) AND (t.a <= '-10017'::integer))
   Index Searches: 1
   Prefetch: distance=45.515 count=309938 stalls=7731019 skipped=7859 resets=0 ungets=471 forwarded=2
             histogram [2,4) => 249663, [4,8) => 1978, [8,16) => 16, [16,32) => 48, [32,64) => 114, [64,128) => 1131, [128,256) => 38216, [256,512) => 18772
   Buffers: shared hit=7914321 read=148393
 Settings: enable_bitmapscan = 'off', enable_seqscan = 'off', max_parallel_workers_per_gather = '0'
 Planning:
   Buffers: shared hit=81 read=27
 Planning Time: 2.027 ms
 Execution Time: 1404.974 ms
(12 rows)

SET
SET
SET
SET
SET
                                             QUERY PLAN                                             
----------------------------------------------------------------------------------------------------
 Index Scan using idx on public.t (actual rows=8048576.00 loops=1)
   Output: a, b
   Index Cond: ((t.a >= '-8058592'::integer) AND (t.a <= '-10017'::integer))
   Index Searches: 1
   Buffers: shared hit=8062714
 Settings: enable_bitmapscan = 'off', enable_seqscan = 'off', max_parallel_workers_per_gather = '0'
 Planning:
   Buffers: shared hit=113
 Planning Time: 0.217 ms
 Execution Time: 1205.681 ms
(10 rows)

