SET
SET
SET
SET
SET
                                                                         QUERY PLAN                                                                          
-------------------------------------------------------------------------------------------------------------------------------------------------------------
 Index Scan using idx on public.t (actual rows=5048576.00 loops=1)
   Output: a, b
   Index Cond: ((t.a >= '-5059860'::integer) AND (t.a <= '-11285'::integer))
   Index Searches: 1
   Prefetch: distance=64.089 count=214493 stalls=4829661 skipped=4960 resets=0 ungets=599 forwarded=1
             histogram [2,4) => 155974, [4,8) => 1179, [8,16) => 18, [16,32) => 45, [32,64) => 105, [64,128) => 1029, [128,256) => 37073, [256,512) => 19070
   Buffers: shared hit=4964077 read=93339
 Settings: enable_bitmapscan = 'off', enable_seqscan = 'off', max_parallel_workers_per_gather = '0'
 Planning:
   Buffers: shared hit=81 read=27
 Planning Time: 2.026 ms
 Execution Time: 854.029 ms
(12 rows)

SET
SET
SET
SET
SET
                                             QUERY PLAN                                             
----------------------------------------------------------------------------------------------------
 Index Scan using idx on public.t (actual rows=5048576.00 loops=1)
   Output: a, b
   Index Cond: ((t.a >= '-5059860'::integer) AND (t.a <= '-11285'::integer))
   Index Searches: 1
   Buffers: shared hit=5057416
 Settings: enable_bitmapscan = 'off', enable_seqscan = 'off', max_parallel_workers_per_gather = '0'
 Planning:
   Buffers: shared hit=113
 Planning Time: 0.229 ms
 Execution Time: 753.597 ms
(10 rows)

