SET
SET
SET
SET
SET
                                                                        QUERY PLAN                                                                         
-----------------------------------------------------------------------------------------------------------------------------------------------------------
 Index Scan using idx on public.t (actual rows=7048576.00 loops=1)
   Output: a, b
   Index Cond: ((t.a >= '-7064374'::integer) AND (t.a <= '-15799'::integer))
   Index Searches: 1
   Prefetch: distance=46.630 count=272801 stalls=6769054 skipped=6895 resets=0 ungets=479 forwarded=1
             histogram [2,4) => 218613, [4,8) => 1718, [8,16) => 18, [16,32) => 52, [32,64) => 77, [64,128) => 899, [128,256) => 33953, [256,512) => 17471
   Buffers: shared hit=6930832 read=130112
 Settings: enable_bitmapscan = 'off', enable_seqscan = 'off', max_parallel_workers_per_gather = '0'
 Planning:
   Buffers: shared hit=81 read=27
 Planning Time: 2.017 ms
 Execution Time: 1180.830 ms
(12 rows)

SET
SET
SET
SET
SET
                                             QUERY PLAN                                             
----------------------------------------------------------------------------------------------------
 Index Scan using idx on public.t (actual rows=7048576.00 loops=1)
   Output: a, b
   Index Cond: ((t.a >= '-7064374'::integer) AND (t.a <= '-15799'::integer))
   Index Searches: 1
   Buffers: shared hit=7060944
 Settings: enable_bitmapscan = 'off', enable_seqscan = 'off', max_parallel_workers_per_gather = '0'
 Planning:
   Buffers: shared hit=113
 Planning Time: 0.230 ms
 Execution Time: 1051.390 ms
(10 rows)

