SET
SET
SET
SET
SET
                                                                       QUERY PLAN                                                                        
---------------------------------------------------------------------------------------------------------------------------------------------------------
 Index Scan using idx on public.t (actual rows=2048576.00 loops=1)
   Output: a, b
   Index Cond: ((t.a >= '-2069874'::integer) AND (t.a <= '-21299'::integer))
   Index Searches: 1
   Prefetch: distance=101.108 count=110075 stalls=1936754 skipped=1992 resets=0 ungets=540 forwarded=2
             histogram [2,4) => 62563, [4,8) => 465, [8,16) => 16, [16,32) => 48, [32,64) => 83, [64,128) => 849, [128,256) => 30288, [256,512) => 15763
   Buffers: shared hit=2013802 read=38385
 Settings: enable_bitmapscan = 'off', enable_seqscan = 'off', max_parallel_workers_per_gather = '0'
 Planning:
   Buffers: shared hit=81 read=27
 Planning Time: 2.018 ms
 Execution Time: 368.071 ms
(12 rows)

SET
SET
SET
SET
SET
                                             QUERY PLAN                                             
----------------------------------------------------------------------------------------------------
 Index Scan using idx on public.t (actual rows=2048576.00 loops=1)
   Output: a, b
   Index Cond: ((t.a >= '-2069874'::integer) AND (t.a <= '-21299'::integer))
   Index Searches: 1
   Buffers: shared hit=2052187
 Settings: enable_bitmapscan = 'off', enable_seqscan = 'off', max_parallel_workers_per_gather = '0'
 Planning:
   Buffers: shared hit=113
 Planning Time: 0.193 ms
 Execution Time: 307.585 ms
(10 rows)

