SET
SET
SET
SET
SET
                                                                        QUERY PLAN                                                                         
-----------------------------------------------------------------------------------------------------------------------------------------------------------
 Index Scan using idx on public.t (actual rows=3048576.00 loops=1)
   Output: a, b
   Index Cond: ((t.a >= '-3059667'::integer) AND (t.a <= '-11092'::integer))
   Index Searches: 1
   Prefetch: distance=89.521 count=151350 stalls=2894454 skipped=2957 resets=0 ungets=439 forwarded=0
             histogram [2,4) => 93472, [4,8) => 698, [8,16) => 18, [16,32) => 48, [32,64) => 105, [64,128) => 1040, [128,256) => 37382, [256,512) => 18587
   Buffers: shared hit=2997334 read=56619
 Settings: enable_bitmapscan = 'off', enable_seqscan = 'off', max_parallel_workers_per_gather = '0'
 Planning:
   Buffers: shared hit=81 read=27
 Planning Time: 2.029 ms
 Execution Time: 527.236 ms
(12 rows)

SET
SET
SET
SET
SET
                                             QUERY PLAN                                             
----------------------------------------------------------------------------------------------------
 Index Scan using idx on public.t (actual rows=3048576.00 loops=1)
   Output: a, b
   Index Cond: ((t.a >= '-3059667'::integer) AND (t.a <= '-11092'::integer))
   Index Searches: 1
   Buffers: shared hit=3053953
 Settings: enable_bitmapscan = 'off', enable_seqscan = 'off', max_parallel_workers_per_gather = '0'
 Planning:
   Buffers: shared hit=113
 Planning Time: 0.214 ms
 Execution Time: 456.742 ms
(10 rows)

