SET
SET
SET
SET
SET
                                                                        QUERY PLAN                                                                         
-----------------------------------------------------------------------------------------------------------------------------------------------------------
 Index Scan using idx on public.t (actual rows=6048576.00 loops=1)
   Output: a, b
   Index Cond: ((t.a >= '-6065337'::integer) AND (t.a <= '-16762'::integer))
   Index Searches: 1
   Prefetch: distance=52.113 count=240755 stalls=5802491 skipped=5927 resets=0 ungets=671 forwarded=1
             histogram [2,4) => 187382, [4,8) => 1443, [8,16) => 14, [16,32) => 47, [32,64) => 79, [64,128) => 897, [128,256) => 33325, [256,512) => 17568
   Buffers: shared hit=5947424 read=111757
 Settings: enable_bitmapscan = 'off', enable_seqscan = 'off', max_parallel_workers_per_gather = '0'
 Planning:
   Buffers: shared hit=81 read=27
 Planning Time: 2.017 ms
 Execution Time: 1010.138 ms
(12 rows)

SET
SET
SET
SET
SET
                                             QUERY PLAN                                             
----------------------------------------------------------------------------------------------------
 Index Scan using idx on public.t (actual rows=6048576.00 loops=1)
   Output: a, b
   Index Cond: ((t.a >= '-6065337'::integer) AND (t.a <= '-16762'::integer))
   Index Searches: 1
   Buffers: shared hit=6059181
 Settings: enable_bitmapscan = 'off', enable_seqscan = 'off', max_parallel_workers_per_gather = '0'
 Planning:
   Buffers: shared hit=113
 Planning Time: 0.225 ms
 Execution Time: 885.478 ms
(10 rows)

