SET
SET
SET
SET
SET
                                                                        QUERY PLAN                                                                         
-----------------------------------------------------------------------------------------------------------------------------------------------------------
 Index Scan using idx on public.t (actual rows=9048576.00 loops=1)
   Output: a, b
   Index Cond: ((t.a >= '-9077460'::integer) AND (t.a <= '-28885'::integer))
   Index Searches: 1
   Prefetch: distance=30.888 count=323801 stalls=8716808 skipped=8782 resets=0 ungets=844 forwarded=2
             histogram [2,4) => 281493, [4,8) => 2263, [8,16) => 15, [16,32) => 44, [32,64) => 77, [64,128) => 735, [128,256) => 24666, [256,512) => 14508
   Buffers: shared hit=8897573 read=166950
 Settings: enable_bitmapscan = 'off', enable_seqscan = 'off', max_parallel_workers_per_gather = '0'
 Planning:
   Buffers: shared hit=81 read=27
 Planning Time: 2.054 ms
 Execution Time: 1494.517 ms
(12 rows)

SET
SET
SET
SET
SET
                                             QUERY PLAN                                             
----------------------------------------------------------------------------------------------------
 Index Scan using idx on public.t (actual rows=9048576.00 loops=1)
   Output: a, b
   Index Cond: ((t.a >= '-9077460'::integer) AND (t.a <= '-28885'::integer))
   Index Searches: 1
   Buffers: shared hit=9064523
 Settings: enable_bitmapscan = 'off', enable_seqscan = 'off', max_parallel_workers_per_gather = '0'
 Planning:
   Buffers: shared hit=113
 Planning Time: 0.232 ms
 Execution Time: 1347.771 ms
(10 rows)

