SET
SET
SET
SET
SET
                                                                QUERY PLAN                                                                 
-------------------------------------------------------------------------------------------------------------------------------------------
 Index Scan using idx on public.t (actual rows=8192.00 loops=1)
   Output: a, b
   Index Cond: ((t.a >= 31576) AND (t.a <= 31831))
   Index Searches: 1
   Prefetch: distance=133.945 count=183 stalls=15 skipped=7061 resets=0 ungets=30 forwarded=66
             histogram [2,4) => 35, [4,8) => 33, [8,16) => 10, [16,32) => 10, [32,64) => 4, [64,128) => 4, [128,256) => 1, [256,512) => 86
   Buffers: shared hit=111 read=88
 Settings: enable_bitmapscan = 'off', enable_seqscan = 'off', max_parallel_workers_per_gather = '0'
 Planning:
   Buffers: shared hit=78 read=23
 Planning Time: 1.171 ms
 Execution Time: 1.746 ms
(12 rows)

SET
SET
SET
SET
SET
                                             QUERY PLAN                                             
----------------------------------------------------------------------------------------------------
 Index Scan using idx on public.t (actual rows=8192.00 loops=1)
   Output: a, b
   Index Cond: ((t.a >= 31576) AND (t.a <= 31831))
   Index Searches: 1
   Buffers: shared hit=202
 Settings: enable_bitmapscan = 'off', enable_seqscan = 'off', max_parallel_workers_per_gather = '0'
 Planning:
   Buffers: shared hit=106
 Planning Time: 0.191 ms
 Execution Time: 0.434 ms
(10 rows)

