SET
SET
SET
SET
SET
                                                                   QUERY PLAN                                                                   
------------------------------------------------------------------------------------------------------------------------------------------------
 Index Scan using idx on public.t (actual rows=16384.00 loops=1)
   Output: a, b
   Index Cond: ((t.a >= '-27201'::integer) AND (t.a <= '-10818'::integer))
   Index Searches: 1
   Prefetch: distance=243.269 count=16697 stalls=2 skipped=28 resets=0 ungets=505 forwarded=0
             histogram [2,4) => 8, [4,8) => 4, [8,16) => 5, [16,32) => 11, [32,64) => 35, [64,128) => 132, [128,256) => 9182, [256,512) => 7320
   Buffers: shared hit=15452 read=955
 Settings: enable_bitmapscan = 'off', enable_seqscan = 'off', max_parallel_workers_per_gather = '0'
 Planning:
   Buffers: shared hit=85 read=27
 Planning Time: 2.003 ms
 Execution Time: 19.568 ms
(12 rows)

SET
SET
SET
SET
SET
                                             QUERY PLAN                                             
----------------------------------------------------------------------------------------------------
 Index Scan using idx on public.t (actual rows=16384.00 loops=1)
   Output: a, b
   Index Cond: ((t.a >= '-27201'::integer) AND (t.a <= '-10818'::integer))
   Index Searches: 1
   Buffers: shared hit=16407
 Settings: enable_bitmapscan = 'off', enable_seqscan = 'off', max_parallel_workers_per_gather = '0'
 Planning:
   Buffers: shared hit=117
 Planning Time: 0.211 ms
 Execution Time: 3.194 ms
(10 rows)

