SET
SET
SET
SET
SET
                                                                        QUERY PLAN                                                                         
-----------------------------------------------------------------------------------------------------------------------------------------------------------
 Index Scan using idx on public.t (actual rows=4048576.00 loops=1)
   Output: a, b
   Index Cond: ((t.a >= '-4061500'::integer) AND (t.a <= '-12925'::integer))
   Index Searches: 1
   Prefetch: distance=72.951 count=181128 stalls=3863752 skipped=3927 resets=0 ungets=482 forwarded=2
             histogram [2,4) => 124780, [4,8) => 959, [8,16) => 15, [16,32) => 53, [32,64) => 78, [64,128) => 1012, [128,256) => 35921, [256,512) => 18310
   Buffers: shared hit=3980715 read=74999
 Settings: enable_bitmapscan = 'off', enable_seqscan = 'off', max_parallel_workers_per_gather = '0'
 Planning:
   Buffers: shared hit=81 read=27
 Planning Time: 1.994 ms
 Execution Time: 680.886 ms
(12 rows)

SET
SET
SET
SET
SET
                                             QUERY PLAN                                             
----------------------------------------------------------------------------------------------------
 Index Scan using idx on public.t (actual rows=4048576.00 loops=1)
   Output: a, b
   Index Cond: ((t.a >= '-4061500'::integer) AND (t.a <= '-12925'::integer))
   Index Searches: 1
   Buffers: shared hit=4055714
 Settings: enable_bitmapscan = 'off', enable_seqscan = 'off', max_parallel_workers_per_gather = '0'
 Planning:
   Buffers: shared hit=113
 Planning Time: 0.221 ms
 Execution Time: 606.628 ms
(10 rows)

