SET
SET
SET
SET
SET
                                                                       QUERY PLAN                                                                        
---------------------------------------------------------------------------------------------------------------------------------------------------------
 Index Scan using idx on public.t (actual rows=524288.00 loops=1)
   Output: a, b
   Index Cond: ((t.a >= '-556929'::integer) AND (t.a <= '-32642'::integer))
   Index Searches: 1
   Prefetch: distance=165.313 count=51217 stalls=472877 skipped=531 resets=0 ungets=635 forwarded=0
             histogram [2,4) => 15281, [4,8) => 125, [8,16) => 13, [16,32) => 47, [32,64) => 83, [64,128) => 689, [128,256) => 21955, [256,512) => 13024
   Buffers: shared hit=514692 read=10502
 Settings: enable_bitmapscan = 'off', enable_seqscan = 'off', max_parallel_workers_per_gather = '0'
 Planning:
   Buffers: shared hit=81 read=27
 Planning Time: 2.231 ms
 Execution Time: 111.412 ms
(12 rows)

SET
SET
SET
SET
SET
                                             QUERY PLAN                                             
----------------------------------------------------------------------------------------------------
 Index Scan using idx on public.t (actual rows=524288.00 loops=1)
   Output: a, b
   Index Cond: ((t.a >= '-556929'::integer) AND (t.a <= '-32642'::integer))
   Index Searches: 1
   Buffers: shared hit=525194
 Settings: enable_bitmapscan = 'off', enable_seqscan = 'off', max_parallel_workers_per_gather = '0'
 Planning:
   Buffers: shared hit=113
 Planning Time: 0.193 ms
 Execution Time: 81.447 ms
(10 rows)

