SET
SET
SET
SET
SET
                                                                      QUERY PLAN                                                                       
-------------------------------------------------------------------------------------------------------------------------------------------------------
 Index Scan using idx on public.t (actual rows=131072.00 loops=1)
   Output: a, b
   Index Cond: ((t.a >= '-160766'::integer) AND (t.a <= '-29695'::integer))
   Index Searches: 1
   Prefetch: distance=218.458 count=41634 stalls=89579 skipped=136 resets=0 ungets=594 forwarded=0
             histogram [2,4) => 2906, [4,8) => 30, [8,16) => 13, [16,32) => 53, [32,64) => 78, [64,128) => 728, [128,256) => 24093, [256,512) => 13733
   Buffers: shared hit=128039 read=3261
 Settings: enable_bitmapscan = 'off', enable_seqscan = 'off', max_parallel_workers_per_gather = '0'
 Planning:
   Buffers: shared hit=85 read=27
 Planning Time: 2.193 ms
 Execution Time: 46.239 ms
(12 rows)

SET
SET
SET
SET
SET
                                             QUERY PLAN                                             
----------------------------------------------------------------------------------------------------
 Index Scan using idx on public.t (actual rows=131072.00 loops=1)
   Output: a, b
   Index Cond: ((t.a >= '-160766'::integer) AND (t.a <= '-29695'::integer))
   Index Searches: 1
   Buffers: shared hit=131300
 Settings: enable_bitmapscan = 'off', enable_seqscan = 'off', max_parallel_workers_per_gather = '0'
 Planning:
   Buffers: shared hit=117
 Planning Time: 0.189 ms
 Execution Time: 14.694 ms
(10 rows)

