SET
SET
SET
SET
SET
                                                                     QUERY PLAN                                                                      
-----------------------------------------------------------------------------------------------------------------------------------------------------
 Index Scan using idx on public.t (actual rows=262144.00 loops=1)
   Output: a, b
   Index Cond: ((t.a >= '-265372'::integer) AND (t.a <= '-3229'::integer))
   Index Searches: 1
   Prefetch: distance=140.114 count=18657 stalls=243637 skipped=288 resets=0 ungets=503 forwarded=1
             histogram [2,4) => 7873, [4,8) => 69, [8,16) => 17, [16,32) => 37, [32,64) => 34, [64,128) => 194, [128,256) => 5205, [256,512) => 5228
   Buffers: shared hit=257222 read=5357
 Settings: enable_bitmapscan = 'off', enable_seqscan = 'off', max_parallel_workers_per_gather = '0'
 Planning:
   Buffers: shared hit=81 read=27
 Planning Time: 1.978 ms
 Execution Time: 56.077 ms
(12 rows)

SET
SET
SET
SET
SET
                                             QUERY PLAN                                             
----------------------------------------------------------------------------------------------------
 Index Scan using idx on public.t (actual rows=262144.00 loops=1)
   Output: a, b
   Index Cond: ((t.a >= '-265372'::integer) AND (t.a <= '-3229'::integer))
   Index Searches: 1
   Buffers: shared hit=262579
 Settings: enable_bitmapscan = 'off', enable_seqscan = 'off', max_parallel_workers_per_gather = '0'
 Planning:
   Buffers: shared hit=113
 Planning Time: 0.207 ms
 Execution Time: 37.948 ms
(10 rows)

