SET
SET
SET
SET
SET
                                                                      QUERY PLAN                                                                      
------------------------------------------------------------------------------------------------------------------------------------------------------
 Index Scan using idx on public.t (actual rows=65536.00 loops=1)
   Output: a, b
   Index Cond: ((t.a >= '-98037'::integer) AND (t.a <= '-32502'::integer))
   Index Searches: 1
   Prefetch: distance=230.124 count=37335 stalls=28889 skipped=63 resets=0 ungets=823 forwarded=0
             histogram [2,4) => 950, [4,8) => 16, [8,16) => 20, [16,32) => 43, [32,64) => 77, [64,128) => 689, [128,256) => 21925, [256,512) => 13615
   Buffers: shared hit=63575 read=2083
 Settings: enable_bitmapscan = 'off', enable_seqscan = 'off', max_parallel_workers_per_gather = '0'
 Planning:
   Buffers: shared hit=85 read=27
 Planning Time: 1.996 ms
 Execution Time: 26.897 ms
(12 rows)

SET
SET
SET
SET
SET
                                             QUERY PLAN                                             
----------------------------------------------------------------------------------------------------
 Index Scan using idx on public.t (actual rows=65536.00 loops=1)
   Output: a, b
   Index Cond: ((t.a >= '-98037'::integer) AND (t.a <= '-32502'::integer))
   Index Searches: 1
   Buffers: shared hit=65658
 Settings: enable_bitmapscan = 'off', enable_seqscan = 'off', max_parallel_workers_per_gather = '0'
 Planning:
   Buffers: shared hit=117
 Planning Time: 0.211 ms
 Execution Time: 10.624 ms
(10 rows)

