SET
SET
SET
SET
SET
                                                                       QUERY PLAN                                                                        
---------------------------------------------------------------------------------------------------------------------------------------------------------
 Index Scan using idx on public.t (actual rows=2048576.00 loops=1)
   Output: a, b
   Index Cond: ((t.a >= '-2073686'::integer) AND (t.a <= '-25111'::integer))
   Index Searches: 1
   Prefetch: distance=97.128 count=106700 stalls=1940445 skipped=1990 resets=0 ungets=702 forwarded=1
             histogram [2,4) => 62677, [4,8) => 465, [8,16) => 13, [16,32) => 50, [32,64) => 77, [64,128) => 759, [128,256) => 27467, [256,512) => 15192
   Buffers: shared hit=2013768 read=38421
 Settings: enable_bitmapscan = 'off', enable_seqscan = 'off', max_parallel_workers_per_gather = '0'
 Planning:
   Buffers: shared hit=81 read=27
 Planning Time: 2.000 ms
 Execution Time: 359.260 ms
(12 rows)

SET
SET
SET
SET
SET
                                             QUERY PLAN                                             
----------------------------------------------------------------------------------------------------
 Index Scan using idx on public.t (actual rows=2048576.00 loops=1)
   Output: a, b
   Index Cond: ((t.a >= '-2073686'::integer) AND (t.a <= '-25111'::integer))
   Index Searches: 1
   Buffers: shared hit=2052189
 Settings: enable_bitmapscan = 'off', enable_seqscan = 'off', max_parallel_workers_per_gather = '0'
 Planning:
   Buffers: shared hit=113
 Planning Time: 0.218 ms
 Execution Time: 309.564 ms
(10 rows)

