SET
SET
SET
SET
SET
                                                                 QUERY PLAN                                                                  
---------------------------------------------------------------------------------------------------------------------------------------------
 Index Scan using idx on public.t (actual rows=65536.00 loops=1)
   Output: a, b
   Index Cond: ((t.a >= 12424) AND (t.a <= 14471))
   Index Searches: 1
   Prefetch: distance=264.479 count=1968 stalls=6 skipped=64006 resets=0 ungets=539 forwarded=477
             histogram [2,4) => 10, [4,8) => 14, [8,16) => 10, [16,32) => 17, [32,64) => 1, [64,128) => 7, [128,256) => 1, [256,512) => 1908
   Buffers: shared hit=776 read=675
 Settings: enable_bitmapscan = 'off', enable_seqscan = 'off', max_parallel_workers_per_gather = '0'
 Planning:
   Buffers: shared hit=78 read=23
 Planning Time: 1.734 ms
 Execution Time: 5.185 ms
(12 rows)

SET
SET
SET
SET
SET
                                             QUERY PLAN                                             
----------------------------------------------------------------------------------------------------
 Index Scan using idx on public.t (actual rows=65536.00 loops=1)
   Output: a, b
   Index Cond: ((t.a >= 12424) AND (t.a <= 14471))
   Index Searches: 1
   Buffers: shared hit=1502
 Settings: enable_bitmapscan = 'off', enable_seqscan = 'off', max_parallel_workers_per_gather = '0'
 Planning:
   Buffers: shared hit=106
 Planning Time: 0.149 ms
 Execution Time: 2.664 ms
(10 rows)

