SET
SET
SET
SET
SET
                                                                         QUERY PLAN                                                                          
-------------------------------------------------------------------------------------------------------------------------------------------------------------
 Index Scan using idx on public.t (actual rows=9048576.00 loops=1)
   Output: a, b
   Index Cond: ((t.a >= '-9060693'::integer) AND (t.a <= '-12118'::integer))
   Index Searches: 1
   Prefetch: distance=40.292 count=339309 stalls=8700581 skipped=8797 resets=0 ungets=437 forwarded=1
             histogram [2,4) => 280973, [4,8) => 2258, [8,16) => 14, [16,32) => 56, [32,64) => 110, [64,128) => 1029, [128,256) => 36477, [256,512) => 18392
   Buffers: shared hit=8897730 read=166777
 Settings: enable_bitmapscan = 'off', enable_seqscan = 'off', max_parallel_workers_per_gather = '0'
 Planning:
   Buffers: shared hit=81 read=27
 Planning Time: 1.987 ms
 Execution Time: 1470.685 ms
(12 rows)

SET
SET
SET
SET
SET
                                             QUERY PLAN                                             
----------------------------------------------------------------------------------------------------
 Index Scan using idx on public.t (actual rows=9048576.00 loops=1)
   Output: a, b
   Index Cond: ((t.a >= '-9060693'::integer) AND (t.a <= '-12118'::integer))
   Index Searches: 1
   Buffers: shared hit=9064507
 Settings: enable_bitmapscan = 'off', enable_seqscan = 'off', max_parallel_workers_per_gather = '0'
 Planning:
   Buffers: shared hit=113
 Planning Time: 0.238 ms
 Execution Time: 1317.811 ms
(10 rows)

