SET
SET
SET
SET
SET
                                                                         QUERY PLAN                                                                          
-------------------------------------------------------------------------------------------------------------------------------------------------------------
 Index Scan using idx on public.t (actual rows=7048576.00 loops=1)
   Output: a, b
   Index Cond: ((t.a >= '-7059196'::integer) AND (t.a <= '-10621'::integer))
   Index Searches: 1
   Prefetch: distance=49.968 count=277636 stalls=6764051 skipped=6901 resets=0 ungets=371 forwarded=1
             histogram [2,4) => 218453, [4,8) => 1717, [8,16) => 18, [16,32) => 47, [32,64) => 117, [64,128) => 1027, [128,256) => 37733, [256,512) => 18524
   Buffers: shared hit=6930891 read=130047
 Settings: enable_bitmapscan = 'off', enable_seqscan = 'off', max_parallel_workers_per_gather = '0'
 Planning:
   Buffers: shared hit=81 read=27
 Planning Time: 1.999 ms
 Execution Time: 1191.079 ms
(12 rows)

SET
SET
SET
SET
SET
                                             QUERY PLAN                                             
----------------------------------------------------------------------------------------------------
 Index Scan using idx on public.t (actual rows=7048576.00 loops=1)
   Output: a, b
   Index Cond: ((t.a >= '-7059196'::integer) AND (t.a <= '-10621'::integer))
   Index Searches: 1
   Buffers: shared hit=7060938
 Settings: enable_bitmapscan = 'off', enable_seqscan = 'off', max_parallel_workers_per_gather = '0'
 Planning:
   Buffers: shared hit=113
 Planning Time: 0.232 ms
 Execution Time: 1056.083 ms
(10 rows)

