SET
SET
SET
SET
SET
                                                                QUERY PLAN                                                                 
-------------------------------------------------------------------------------------------------------------------------------------------
 Index Scan using idx on public.t (actual rows=131072.00 loops=1)
   Output: a, b
   Index Cond: ((t.a >= 31144) AND (t.a <= 35239))
   Index Searches: 1
   Prefetch: distance=267.185 count=4144 stalls=3 skipped=127958 resets=0 ungets=1256 forwarded=1225
             histogram [2,4) => 7, [4,8) => 38, [8,16) => 7, [16,32) => 11, [32,64) => 6, [64,128) => 7, [128,256) => 3, [256,512) => 4065
   Buffers: shared hit=1551 read=1346
 Settings: enable_bitmapscan = 'off', enable_seqscan = 'off', max_parallel_workers_per_gather = '0'
 Planning:
   Buffers: shared hit=78 read=23
 Planning Time: 1.755 ms
 Execution Time: 10.143 ms
(12 rows)

SET
SET
SET
SET
SET
                                             QUERY PLAN                                             
----------------------------------------------------------------------------------------------------
 Index Scan using idx on public.t (actual rows=131072.00 loops=1)
   Output: a, b
   Index Cond: ((t.a >= 31144) AND (t.a <= 35239))
   Index Searches: 1
   Buffers: shared hit=3018
 Settings: enable_bitmapscan = 'off', enable_seqscan = 'off', max_parallel_workers_per_gather = '0'
 Planning:
   Buffers: shared hit=106
 Planning Time: 0.152 ms
 Execution Time: 5.093 ms
(10 rows)

