SET
SET
SET
SET
SET
                                                                QUERY PLAN                                                                 
-------------------------------------------------------------------------------------------------------------------------------------------
 Index Scan using idx on public.t (actual rows=262144.00 loops=1)
   Output: a, b
   Index Cond: ((t.a >= 23099) AND (t.a <= 31290))
   Index Searches: 1
   Prefetch: distance=270.326 count=8252 stalls=9 skipped=256236 resets=0 ungets=2416 forwarded=2171
             histogram [2,4) => 14, [4,8) => 7, [8,16) => 9, [16,32) => 19, [32,64) => 1, [64,128) => 1, [128,256) => 4, [256,512) => 8197
   Buffers: shared hit=3163 read=2688
 Settings: enable_bitmapscan = 'off', enable_seqscan = 'off', max_parallel_workers_per_gather = '0'
 Planning:
   Buffers: shared hit=78 read=23
 Planning Time: 1.740 ms
 Execution Time: 17.977 ms
(12 rows)

SET
SET
SET
SET
SET
                                             QUERY PLAN                                             
----------------------------------------------------------------------------------------------------
 Index Scan using idx on public.t (actual rows=262144.00 loops=1)
   Output: a, b
   Index Cond: ((t.a >= 23099) AND (t.a <= 31290))
   Index Searches: 1
   Buffers: shared hit=6087
 Settings: enable_bitmapscan = 'off', enable_seqscan = 'off', max_parallel_workers_per_gather = '0'
 Planning:
   Buffers: shared hit=106
 Planning Time: 0.162 ms
 Execution Time: 10.033 ms
(10 rows)

