SET
SET
SET
SET
SET
                                                                 QUERY PLAN                                                                  
---------------------------------------------------------------------------------------------------------------------------------------------
 Index Scan using idx on public.t (actual rows=524288.00 loops=1)
   Output: a, b
   Index Cond: ((t.a >= 4264) AND (t.a <= 20647))
   Index Searches: 1
   Prefetch: distance=270.289 count=16045 stalls=5 skipped=512517 resets=0 ungets=4533 forwarded=3827
             histogram [2,4) => 4, [4,8) => 57, [8,16) => 12, [16,32) => 22, [32,64) => 6, [64,128) => 1, [128,256) => 4, [256,512) => 15939
   Buffers: shared hit=6103 read=5372
 Settings: enable_bitmapscan = 'off', enable_seqscan = 'off', max_parallel_workers_per_gather = '0'
 Planning:
   Buffers: shared hit=78 read=23
 Planning Time: 1.732 ms
 Execution Time: 31.772 ms
(12 rows)

SET
SET
SET
SET
SET
                                             QUERY PLAN                                             
----------------------------------------------------------------------------------------------------
 Index Scan using idx on public.t (actual rows=524288.00 loops=1)
   Output: a, b
   Index Cond: ((t.a >= 4264) AND (t.a <= 20647))
   Index Searches: 1
   Buffers: shared hit=11995
 Settings: enable_bitmapscan = 'off', enable_seqscan = 'off', max_parallel_workers_per_gather = '0'
 Planning:
   Buffers: shared hit=106
 Planning Time: 0.188 ms
 Execution Time: 21.213 ms
(10 rows)

