SET
SET
SET
SET
SET
                                                                 QUERY PLAN                                                                  
---------------------------------------------------------------------------------------------------------------------------------------------
 Index Scan using idx on public.t (actual rows=3048576.00 loops=1)
   Output: a, b
   Index Cond: ((t.a >= 15574) AND (t.a <= 110841))
   Index Searches: 1
   Prefetch: distance=271.736 count=92263 stalls=2 skipped=2981200 resets=0 ungets=24958 forwarded=19192
             histogram [2,4) => 7, [4,8) => 30, [8,16) => 6, [16,32) => 9, [32,64) => 12, [64,128) => 1, [128,256) => 10, [256,512) => 92188
   Buffers: shared hit=35910 read=31217
 Settings: enable_bitmapscan = 'off', enable_seqscan = 'off', max_parallel_workers_per_gather = '0'
 Planning:
   Buffers: shared hit=78 read=23
 Planning Time: 1.774 ms
 Execution Time: 159.993 ms
(12 rows)

SET
SET
SET
SET
SET
                                             QUERY PLAN                                             
----------------------------------------------------------------------------------------------------
 Index Scan using idx on public.t (actual rows=3048576.00 loops=1)
   Output: a, b
   Index Cond: ((t.a >= 15574) AND (t.a <= 110841))
   Index Searches: 1
   Buffers: shared hit=70035
 Settings: enable_bitmapscan = 'off', enable_seqscan = 'off', max_parallel_workers_per_gather = '0'
 Planning:
   Buffers: shared hit=106
 Planning Time: 0.186 ms
 Execution Time: 121.731 ms
(10 rows)

