SET
SET
SET
SET
SET
                                                                  QUERY PLAN                                                                   
-----------------------------------------------------------------------------------------------------------------------------------------------
 Index Scan using idx on public.t (actual rows=4048576.00 loops=1)
   Output: a, b
   Index Cond: ((t.a >= 5188) AND (t.a <= 131705))
   Index Searches: 1
   Prefetch: distance=271.671 count=120782 stalls=3 skipped=3958238 resets=0 ungets=31350 forwarded=22473
             histogram [2,4) => 10, [4,8) => 71, [8,16) => 9, [16,32) => 13, [32,64) => 11, [64,128) => 1, [128,256) => 4, [256,512) => 120663
   Buffers: shared hit=47625 read=41455
 Settings: enable_bitmapscan = 'off', enable_seqscan = 'off', max_parallel_workers_per_gather = '0'
 Planning:
   Buffers: shared hit=78 read=23
 Planning Time: 1.712 ms
 Execution Time: 201.837 ms
(12 rows)

SET
SET
SET
SET
SET
                                             QUERY PLAN                                             
----------------------------------------------------------------------------------------------------
 Index Scan using idx on public.t (actual rows=4048576.00 loops=1)
   Output: a, b
   Index Cond: ((t.a >= 5188) AND (t.a <= 131705))
   Index Searches: 1
   Buffers: shared hit=93067
 Settings: enable_bitmapscan = 'off', enable_seqscan = 'off', max_parallel_workers_per_gather = '0'
 Planning:
   Buffers: shared hit=106
 Planning Time: 0.173 ms
 Execution Time: 150.793 ms
(10 rows)

