SET
SET
SET
SET
SET
                                                                 QUERY PLAN                                                                 
--------------------------------------------------------------------------------------------------------------------------------------------
 Index Scan using idx on public.t (actual rows=4096.00 loops=1)
   Output: a, b
   Index Cond: ((t.a >= '-31227'::integer) AND (t.a <= '-27132'::integer))
   Index Searches: 1
   Prefetch: distance=263.051 count=4329 stalls=1 skipped=5 resets=0 ungets=557 forwarded=0
             histogram [2,4) => 4, [4,8) => 5, [8,16) => 6, [16,32) => 15, [32,64) => 3, [64,128) => 2, [128,256) => 587, [256,512) => 3707
   Buffers: shared hit=3218 read=889
 Settings: enable_bitmapscan = 'off', enable_seqscan = 'off', max_parallel_workers_per_gather = '0'
 Planning:
   Buffers: shared hit=85 read=27
 Planning Time: 2.025 ms
 Execution Time: 23.982 ms
(12 rows)

SET
SET
SET
SET
SET
                                             QUERY PLAN                                             
----------------------------------------------------------------------------------------------------
 Index Scan using idx on public.t (actual rows=4096.00 loops=1)
   Output: a, b
   Index Cond: ((t.a >= '-31227'::integer) AND (t.a <= '-27132'::integer))
   Index Searches: 1
   Buffers: shared hit=4107
 Settings: enable_bitmapscan = 'off', enable_seqscan = 'off', max_parallel_workers_per_gather = '0'
 Planning:
   Buffers: shared hit=117
 Planning Time: 0.160 ms
 Execution Time: 1.384 ms
(10 rows)

