SET
SET
SET
SET
SET
                                                                QUERY PLAN                                                                 
-------------------------------------------------------------------------------------------------------------------------------------------
 Index Scan using idx on public.t (actual rows=2048.00 loops=1)
   Output: a, b
   Index Cond: ((t.a >= '-21917'::integer) AND (t.a <= '-19870'::integer))
   Index Searches: 1
   Prefetch: distance=265.377 count=2294 stalls=3 skipped=1 resets=0 ungets=510 forwarded=2
             histogram [2,4) => 4, [4,8) => 5, [8,16) => 6, [16,32) => 16, [32,64) => 2, [64,128) => 2, [128,256) => 68, [256,512) => 2191
   Buffers: shared hit=1325 read=732
 Settings: enable_bitmapscan = 'off', enable_seqscan = 'off', max_parallel_workers_per_gather = '0'
 Planning:
   Buffers: shared hit=85 read=27
 Planning Time: 2.001 ms
 Execution Time: 18.857 ms
(12 rows)

SET
SET
SET
SET
SET
                                             QUERY PLAN                                             
----------------------------------------------------------------------------------------------------
 Index Scan using idx on public.t (actual rows=2048.00 loops=1)
   Output: a, b
   Index Cond: ((t.a >= '-21917'::integer) AND (t.a <= '-19870'::integer))
   Index Searches: 1
   Buffers: shared hit=2057
 Settings: enable_bitmapscan = 'off', enable_seqscan = 'off', max_parallel_workers_per_gather = '0'
 Planning:
   Buffers: shared hit=117
 Planning Time: 0.184 ms
 Execution Time: 0.809 ms
(10 rows)

