SET
SET
SET
SET
SET
                                                                       QUERY PLAN                                                                        
---------------------------------------------------------------------------------------------------------------------------------------------------------
 Index Scan using idx on public.t (actual rows=524288.00 loops=1)
   Output: a, b
   Index Cond: ((t.a >= '-542867'::integer) AND (t.a <= '-18580'::integer))
   Index Searches: 1
   Prefetch: distance=180.837 count=65079 stalls=459265 skipped=541 resets=0 ungets=683 forwarded=1
             histogram [2,4) => 14845, [4,8) => 121, [8,16) => 16, [16,32) => 46, [32,64) => 77, [64,128) => 897, [128,256) => 32028, [256,512) => 17049
   Buffers: shared hit=514814 read=10372
 Settings: enable_bitmapscan = 'off', enable_seqscan = 'off', max_parallel_workers_per_gather = '0'
 Planning:
   Buffers: shared hit=81 read=27
 Planning Time: 1.993 ms
 Execution Time: 102.614 ms
(12 rows)

SET
SET
SET
SET
SET
                                             QUERY PLAN                                             
----------------------------------------------------------------------------------------------------
 Index Scan using idx on public.t (actual rows=524288.00 loops=1)
   Output: a, b
   Index Cond: ((t.a >= '-542867'::integer) AND (t.a <= '-18580'::integer))
   Index Searches: 1
   Buffers: shared hit=525186
 Settings: enable_bitmapscan = 'off', enable_seqscan = 'off', max_parallel_workers_per_gather = '0'
 Planning:
   Buffers: shared hit=113
 Planning Time: 0.212 ms
 Execution Time: 80.885 ms
(10 rows)

