SET
SET
SET
SET
SET
                                                                        QUERY PLAN                                                                         
-----------------------------------------------------------------------------------------------------------------------------------------------------------
 Index Scan using idx on public.t (actual rows=6048576.00 loops=1)
   Output: a, b
   Index Cond: ((t.a >= '-6078450'::integer) AND (t.a <= '-29875'::integer))
   Index Searches: 1
   Prefetch: distance=41.797 count=228116 stalls=5815164 skipped=5918 resets=0 ungets=759 forwarded=2
             histogram [2,4) => 187808, [4,8) => 1446, [8,16) => 15, [16,32) => 46, [32,64) => 77, [64,128) => 729, [128,256) => 23878, [256,512) => 14117
   Buffers: shared hit=5947298 read=111892
 Settings: enable_bitmapscan = 'off', enable_seqscan = 'off', max_parallel_workers_per_gather = '0'
 Planning:
   Buffers: shared hit=81 read=27
 Planning Time: 1.995 ms
 Execution Time: 1018.257 ms
(12 rows)

SET
SET
SET
SET
SET
                                             QUERY PLAN                                             
----------------------------------------------------------------------------------------------------
 Index Scan using idx on public.t (actual rows=6048576.00 loops=1)
   Output: a, b
   Index Cond: ((t.a >= '-6078450'::integer) AND (t.a <= '-29875'::integer))
   Index Searches: 1
   Buffers: shared hit=6059190
 Settings: enable_bitmapscan = 'off', enable_seqscan = 'off', max_parallel_workers_per_gather = '0'
 Planning:
   Buffers: shared hit=113
 Planning Time: 0.209 ms
 Execution Time: 887.796 ms
(10 rows)

