SET
SET
SET
SET
SET
                                                                       QUERY PLAN                                                                        
---------------------------------------------------------------------------------------------------------------------------------------------------------
 Index Scan using idx on public.t (actual rows=2048576.00 loops=1)
   Output: a, b
   Index Cond: ((t.a >= '-2065367'::integer) AND (t.a <= '-16792'::integer))
   Index Searches: 1
   Prefetch: distance=107.062 count=114854 stalls=1932393 skipped=1991 resets=0 ungets=706 forwarded=0
             histogram [2,4) => 62423, [4,8) => 462, [8,16) => 20, [16,32) => 43, [32,64) => 77, [64,128) => 899, [128,256) => 33395, [256,512) => 17535
   Buffers: shared hit=2013850 read=38339
 Settings: enable_bitmapscan = 'off', enable_seqscan = 'off', max_parallel_workers_per_gather = '0'
 Planning:
   Buffers: shared hit=81 read=27
 Planning Time: 1.995 ms
 Execution Time: 353.257 ms
(12 rows)

SET
SET
SET
SET
SET
                                             QUERY PLAN                                             
----------------------------------------------------------------------------------------------------
 Index Scan using idx on public.t (actual rows=2048576.00 loops=1)
   Output: a, b
   Index Cond: ((t.a >= '-2065367'::integer) AND (t.a <= '-16792'::integer))
   Index Searches: 1
   Buffers: shared hit=2052189
 Settings: enable_bitmapscan = 'off', enable_seqscan = 'off', max_parallel_workers_per_gather = '0'
 Planning:
   Buffers: shared hit=113
 Planning Time: 0.210 ms
 Execution Time: 301.407 ms
(10 rows)

