SET
SET
SET
SET
SET
                                                                      QUERY PLAN                                                                       
-------------------------------------------------------------------------------------------------------------------------------------------------------
 Index Scan using idx on public.t (actual rows=131072.00 loops=1)
   Output: a, b
   Index Cond: ((t.a >= '-152190'::integer) AND (t.a <= '-21119'::integer))
   Index Searches: 1
   Prefetch: distance=221.574 count=50224 stalls=81286 skipped=140 resets=0 ungets=687 forwarded=2
             histogram [2,4) => 2638, [4,8) => 27, [8,16) => 18, [16,32) => 47, [32,64) => 77, [64,128) => 899, [128,256) => 30296, [256,512) => 16222
   Buffers: shared hit=128117 read=3179
 Settings: enable_bitmapscan = 'off', enable_seqscan = 'off', max_parallel_workers_per_gather = '0'
 Planning:
   Buffers: shared hit=85 read=27
 Planning Time: 1.995 ms
 Execution Time: 38.117 ms
(12 rows)

SET
SET
SET
SET
SET
                                             QUERY PLAN                                             
----------------------------------------------------------------------------------------------------
 Index Scan using idx on public.t (actual rows=131072.00 loops=1)
   Output: a, b
   Index Cond: ((t.a >= '-152190'::integer) AND (t.a <= '-21119'::integer))
   Index Searches: 1
   Buffers: shared hit=131296
 Settings: enable_bitmapscan = 'off', enable_seqscan = 'off', max_parallel_workers_per_gather = '0'
 Planning:
   Buffers: shared hit=117
 Planning Time: 0.213 ms
 Execution Time: 19.192 ms
(10 rows)

