SET
SET
SET
SET
SET
                                                                  QUERY PLAN                                                                  
----------------------------------------------------------------------------------------------------------------------------------------------
 Index Scan using idx on public.t (actual rows=5048576.00 loops=1)
   Output: a, b
   Index Cond: ((t.a >= 15231) AND (t.a <= 172998))
   Index Searches: 1
   Prefetch: distance=271.812 count=151750 stalls=7 skipped=4936212 resets=0 ungets=40380 forwarded=30049
             histogram [2,4) => 11, [4,8) => 24, [8,16) => 7, [16,32) => 9, [32,64) => 15, [64,128) => 1, [128,256) => 1, [256,512) => 151682
   Buffers: shared hit=59311 read=51695
 Settings: enable_bitmapscan = 'off', enable_seqscan = 'off', max_parallel_workers_per_gather = '0'
 Planning:
   Buffers: shared hit=78 read=23
 Planning Time: 1.737 ms
 Execution Time: 255.405 ms
(12 rows)

SET
SET
SET
SET
SET
                                             QUERY PLAN                                             
----------------------------------------------------------------------------------------------------
 Index Scan using idx on public.t (actual rows=5048576.00 loops=1)
   Output: a, b
   Index Cond: ((t.a >= 15231) AND (t.a <= 172998))
   Index Searches: 1
   Buffers: shared hit=115912
 Settings: enable_bitmapscan = 'off', enable_seqscan = 'off', max_parallel_workers_per_gather = '0'
 Planning:
   Buffers: shared hit=106
 Planning Time: 0.180 ms
 Execution Time: 199.689 ms
(10 rows)

