SET
SET
SET
SET
SET
                                                                        QUERY PLAN                                                                        
----------------------------------------------------------------------------------------------------------------------------------------------------------
 Index Scan using idx on public.t (actual rows=4048576.00 loops=1)
   Output: a, b
   Index Cond: ((t.a >= '-4078728'::integer) AND (t.a <= '-30153'::integer))
   Index Searches: 1
   Prefetch: distance=56.431 count=164688 stalls=3880435 skipped=3911 resets=0 ungets=683 forwarded=3
             histogram [2,4) => 125310, [4,8) => 957, [8,16) => 19, [16,32) => 48, [32,64) => 77, [64,128) => 729, [128,256) => 23722, [256,512) => 13826
   Buffers: shared hit=3980561 read=75172
 Settings: enable_bitmapscan = 'off', enable_seqscan = 'off', max_parallel_workers_per_gather = '0'
 Planning:
   Buffers: shared hit=81 read=27
 Planning Time: 2.001 ms
 Execution Time: 689.281 ms
(12 rows)

SET
SET
SET
SET
SET
                                             QUERY PLAN                                             
----------------------------------------------------------------------------------------------------
 Index Scan using idx on public.t (actual rows=4048576.00 loops=1)
   Output: a, b
   Index Cond: ((t.a >= '-4078728'::integer) AND (t.a <= '-30153'::integer))
   Index Searches: 1
   Buffers: shared hit=4055733
 Settings: enable_bitmapscan = 'off', enable_seqscan = 'off', max_parallel_workers_per_gather = '0'
 Planning:
   Buffers: shared hit=113
 Planning Time: 0.216 ms
 Execution Time: 592.633 ms
(10 rows)

