SET
SET
SET
SET
SET
                                                                      QUERY PLAN                                                                       
-------------------------------------------------------------------------------------------------------------------------------------------------------
 Index Scan using idx on public.t (actual rows=1048576.00 loops=1)
   Output: a, b
   Index Cond: ((t.a >= '-1048889'::integer) AND (t.a <= '-314'::integer))
   Index Searches: 1
   Prefetch: distance=72.138 count=46209 stalls=1001727 skipped=1060 resets=0 ungets=472 forwarded=0
             histogram [2,4) => 32363, [4,8) => 244, [8,16) => 16, [16,32) => 38, [32,64) => 36, [64,128) => 196, [128,256) => 7315, [256,512) => 6001
   Buffers: shared hit=1030637 read=19749
 Settings: enable_bitmapscan = 'off', enable_seqscan = 'off', max_parallel_workers_per_gather = '0'
 Planning:
   Buffers: shared hit=81 read=27
 Planning Time: 2.004 ms
 Execution Time: 174.813 ms
(12 rows)

SET
SET
SET
SET
SET
                                             QUERY PLAN                                             
----------------------------------------------------------------------------------------------------
 Index Scan using idx on public.t (actual rows=1048576.00 loops=1)
   Output: a, b
   Index Cond: ((t.a >= '-1048889'::integer) AND (t.a <= '-314'::integer))
   Index Searches: 1
   Buffers: shared hit=1050386
 Settings: enable_bitmapscan = 'off', enable_seqscan = 'off', max_parallel_workers_per_gather = '0'
 Planning:
   Buffers: shared hit=113
 Planning Time: 0.198 ms
 Execution Time: 154.386 ms
(10 rows)

