SET
SET
SET
SET
SET
                                                                       QUERY PLAN                                                                        
---------------------------------------------------------------------------------------------------------------------------------------------------------
 Index Scan using idx on public.t (actual rows=9048576.00 loops=1)
   Output: a, b
   Index Cond: ((t.a >= '-9050102'::integer) AND (t.a <= '-1527'::integer))
   Index Searches: 1
   Prefetch: distance=11.647 count=296613 stalls=8743176 skipped=8809 resets=0 ungets=325 forwarded=1
             histogram [2,4) => 282347, [4,8) => 2274, [8,16) => 15, [16,32) => 45, [32,64) => 38, [64,128) => 198, [128,256) => 6374, [256,512) => 5322
   Buffers: shared hit=8897870 read=166624
 Settings: enable_bitmapscan = 'off', enable_seqscan = 'off', max_parallel_workers_per_gather = '0'
 Planning:
   Buffers: shared hit=81 read=27
 Planning Time: 2.053 ms
 Execution Time: 1505.846 ms
(12 rows)

SET
SET
SET
SET
SET
                                             QUERY PLAN                                             
----------------------------------------------------------------------------------------------------
 Index Scan using idx on public.t (actual rows=9048576.00 loops=1)
   Output: a, b
   Index Cond: ((t.a >= '-9050102'::integer) AND (t.a <= '-1527'::integer))
   Index Searches: 1
   Buffers: shared hit=9064494
 Settings: enable_bitmapscan = 'off', enable_seqscan = 'off', max_parallel_workers_per_gather = '0'
 Planning:
   Buffers: shared hit=113
 Planning Time: 0.235 ms
 Execution Time: 1348.931 ms
(10 rows)

