SET
SET
SET
SET
SET
                                                                  QUERY PLAN                                                                   
-----------------------------------------------------------------------------------------------------------------------------------------------
 Index Scan using idx on public.t (actual rows=6048576.00 loops=1)
   Output: a, b
   Index Cond: ((t.a >= 26952) AND (t.a <= 215969))
   Index Searches: 1
   Prefetch: distance=271.791 count=177970 stalls=7 skipped=5913762 resets=0 ungets=44327 forwarded=27594
             histogram [2,4) => 11, [4,8) => 39, [8,16) => 14, [16,32) => 12, [32,64) => 5, [64,128) => 1, [128,256) => 4, [256,512) => 177884
   Buffers: shared hit=71897 read=61933
 Settings: enable_bitmapscan = 'off', enable_seqscan = 'off', max_parallel_workers_per_gather = '0'
 Planning:
   Buffers: shared hit=78 read=23
 Planning Time: 1.719 ms
 Execution Time: 303.913 ms
(12 rows)

SET
SET
SET
SET
SET
                                             QUERY PLAN                                             
----------------------------------------------------------------------------------------------------
 Index Scan using idx on public.t (actual rows=6048576.00 loops=1)
   Output: a, b
   Index Cond: ((t.a >= 26952) AND (t.a <= 215969))
   Index Searches: 1
   Buffers: shared hit=139080
 Settings: enable_bitmapscan = 'off', enable_seqscan = 'off', max_parallel_workers_per_gather = '0'
 Planning:
   Buffers: shared hit=106
 Planning Time: 0.195 ms
 Execution Time: 239.440 ms
(10 rows)

