SET
SET
SET
SET
SET
                                                                 QUERY PLAN                                                                  
---------------------------------------------------------------------------------------------------------------------------------------------
 Index Scan using idx on public.t (actual rows=7048576.00 loops=1)
   Output: a, b
   Index Cond: ((t.a >= 358) AND (t.a <= 220625))
   Index Searches: 1
   Prefetch: distance=271.844 count=212712 stalls=2 skipped=6891950 resets=0 ungets=57047 forwarded=41958
             histogram [2,4) => 4, [4,8) => 30, [8,16) => 8, [16,32) => 18, [32,64) => 6, [64,128) => 4, [128,256) => 1, [256,512) => 212641
   Buffers: shared hit=83321 read=72170
 Settings: enable_bitmapscan = 'off', enable_seqscan = 'off', max_parallel_workers_per_gather = '0'
 Planning:
   Buffers: shared hit=78 read=27
 Planning Time: 2.087 ms
 Execution Time: 368.023 ms
(12 rows)

SET
SET
SET
SET
SET
                                             QUERY PLAN                                             
----------------------------------------------------------------------------------------------------
 Index Scan using idx on public.t (actual rows=7048576.00 loops=1)
   Output: a, b
   Index Cond: ((t.a >= 358) AND (t.a <= 220625))
   Index Searches: 1
   Buffers: shared hit=161983
 Settings: enable_bitmapscan = 'off', enable_seqscan = 'off', max_parallel_workers_per_gather = '0'
 Planning:
   Buffers: shared hit=110
 Planning Time: 0.193 ms
 Execution Time: 298.738 ms
(10 rows)

