SET
SET
SET
SET
SET
                                             QUERY PLAN                                             
----------------------------------------------------------------------------------------------------
 Index Scan using idx on public.t (actual rows=8192.00 loops=1)
   Output: a, b
   Index Cond: ((t.a >= 19280) AND (t.a <= 23375))
   Index Searches: 1
   Prefetch: distance=3.031 count=295 stalls=3304 skipped=4582 resets=0 ungets=0 forwarded=1
             histogram [2,4) => 259, [4,8) => 10, [8,16) => 21, [16,32) => 5
   Buffers: shared hit=3472 read=159
 Settings: enable_bitmapscan = 'off', enable_seqscan = 'off', max_parallel_workers_per_gather = '0'
 Planning:
   Buffers: shared hit=82 read=27
 Planning Time: 1.272 ms
 Execution Time: 3.946 ms
(12 rows)

SET
SET
SET
SET
SET
                                             QUERY PLAN                                             
----------------------------------------------------------------------------------------------------
 Index Scan using idx on public.t (actual rows=8192.00 loops=1)
   Output: a, b
   Index Cond: ((t.a >= 19280) AND (t.a <= 23375))
   Index Searches: 1
   Buffers: shared hit=3631
 Settings: enable_bitmapscan = 'off', enable_seqscan = 'off', max_parallel_workers_per_gather = '0'
 Planning:
   Buffers: shared hit=114
 Planning Time: 0.125 ms
 Execution Time: 0.576 ms
(10 rows)

