SET
SET
SET
SET
SET
                                              QUERY PLAN                                               
-------------------------------------------------------------------------------------------------------
 Index Scan using idx on public.t (actual rows=5048576.00 loops=1)
   Output: a, b
   Index Cond: ((t.a >= 30100) AND (t.a <= 2554387))
   Index Searches: 1
   Prefetch: distance=2.010 count=158242 stalls=2072785 skipped=2817254 resets=0 ungets=0 forwarded=13
             histogram [2,4) => 157690, [4,8) => 552
   Buffers: shared hit=2152274 read=91328
 Settings: enable_bitmapscan = 'off', enable_seqscan = 'off', max_parallel_workers_per_gather = '0'
 Planning:
   Buffers: shared hit=78 read=27
 Planning Time: 1.977 ms
 Execution Time: 893.727 ms
(12 rows)

SET
SET
SET
SET
SET
                                             QUERY PLAN                                             
----------------------------------------------------------------------------------------------------
 Index Scan using idx on public.t (actual rows=5048576.00 loops=1)
   Output: a, b
   Index Cond: ((t.a >= 30100) AND (t.a <= 2554387))
   Index Searches: 1
   Buffers: shared hit=2243602
 Settings: enable_bitmapscan = 'off', enable_seqscan = 'off', max_parallel_workers_per_gather = '0'
 Planning:
   Buffers: shared hit=110
 Planning Time: 0.217 ms
 Execution Time: 495.580 ms
(10 rows)

