SET
SET
SET
SET
SET
                                                                 QUERY PLAN                                                                  
---------------------------------------------------------------------------------------------------------------------------------------------
 Index Scan using idx on public.t (actual rows=1024.00 loops=1)
   Output: a, b
   Index Cond: ((t.a >= 609) AND (t.a <= 1120))
   Index Searches: 1
   Prefetch: distance=189.605 count=473 stalls=1 skipped=581 resets=0 ungets=32 forwarded=2
             histogram [2,4) => 2, [4,8) => 9, [8,16) => 13, [16,32) => 26, [32,64) => 47, [64,128) => 66, [128,256) => 52, [256,512) => 258
   Buffers: shared hit=423 read=28
 Settings: enable_bitmapscan = 'off', enable_seqscan = 'off', max_parallel_workers_per_gather = '0'
 Planning:
   Buffers: shared hit=82 read=27
 Planning Time: 1.261 ms
 Execution Time: 1.048 ms
(12 rows)

SET
SET
SET
SET
SET
                                             QUERY PLAN                                             
----------------------------------------------------------------------------------------------------
 Index Scan using idx on public.t (actual rows=1024.00 loops=1)
   Output: a, b
   Index Cond: ((t.a >= 609) AND (t.a <= 1120))
   Index Searches: 1
   Buffers: shared hit=451
 Settings: enable_bitmapscan = 'off', enable_seqscan = 'off', max_parallel_workers_per_gather = '0'
 Planning:
   Buffers: shared hit=114
 Planning Time: 0.181 ms
 Execution Time: 0.151 ms
(10 rows)

