SET
SET
SET
SET
SET
                                             QUERY PLAN                                             
----------------------------------------------------------------------------------------------------
 Index Scan using idx on public.t (actual rows=8192.00 loops=1)
   Output: a, b
   Index Cond: ((t.a >= 28672) AND (t.a <= 32767))
   Index Searches: 1
   Prefetch: distance=2.036 count=249 stalls=3243 skipped=4391 resets=0 ungets=0 forwarded=0
             histogram [2,4) => 246, [4,8) => 3
   Buffers: shared hit=3501 read=157
 Settings: enable_bitmapscan = 'off', enable_seqscan = 'off', max_parallel_workers_per_gather = '0'
 Planning:
   Buffers: shared hit=82 read=27
 Planning Time: 1.390 ms
 Execution Time: 3.612 ms
(12 rows)

SET
SET
SET
SET
SET
                                             QUERY PLAN                                             
----------------------------------------------------------------------------------------------------
 Index Scan using idx on public.t (actual rows=8192.00 loops=1)
   Output: a, b
   Index Cond: ((t.a >= 28672) AND (t.a <= 32767))
   Index Searches: 1
   Buffers: shared hit=3658
 Settings: enable_bitmapscan = 'off', enable_seqscan = 'off', max_parallel_workers_per_gather = '0'
 Planning:
   Buffers: shared hit=114
 Planning Time: 0.122 ms
 Execution Time: 0.556 ms
(10 rows)

