SET
SET
SET
SET
SET
                                             QUERY PLAN                                             
----------------------------------------------------------------------------------------------------
 Index Scan using idx on public.t (actual rows=8192.00 loops=1)
   Output: a, b
   Index Cond: ((t.a >= 5284) AND (t.a <= 9379))
   Index Searches: 1
   Prefetch: distance=2.012 count=245 stalls=3231 skipped=4321 resets=0 ungets=0 forwarded=0
             histogram [2,4) => 244, [4,8) => 1
   Buffers: shared hit=3528 read=157
 Settings: enable_bitmapscan = 'off', enable_seqscan = 'off', max_parallel_workers_per_gather = '0'
 Planning:
   Buffers: shared hit=82 read=27
 Planning Time: 1.569 ms
 Execution Time: 2.984 ms
(12 rows)

SET
SET
SET
SET
SET
                                             QUERY PLAN                                             
----------------------------------------------------------------------------------------------------
 Index Scan using idx on public.t (actual rows=8192.00 loops=1)
   Output: a, b
   Index Cond: ((t.a >= 5284) AND (t.a <= 9379))
   Index Searches: 1
   Buffers: shared hit=3685
 Settings: enable_bitmapscan = 'off', enable_seqscan = 'off', max_parallel_workers_per_gather = '0'
 Planning:
   Buffers: shared hit=114
 Planning Time: 0.155 ms
 Execution Time: 0.626 ms
(10 rows)

