SET
SET
SET
SET
SET
                                             QUERY PLAN                                             
----------------------------------------------------------------------------------------------------
 Index Scan using idx on public.t (actual rows=2048.00 loops=1)
   Output: a, b
   Index Cond: ((t.a >= 22070) AND (t.a <= 22133))
   Index Searches: 1
   Prefetch: distance=9.171 count=35 stalls=2 skipped=1500 resets=0 ungets=0 forwarded=8
             histogram [2,4) => 4, [4,8) => 11, [8,16) => 14, [16,32) => 6
   Buffers: shared hit=28 read=27
 Settings: enable_bitmapscan = 'off', enable_seqscan = 'off', max_parallel_workers_per_gather = '0'
 Planning:
   Buffers: shared hit=78 read=23
 Planning Time: 1.120 ms
 Execution Time: 1.205 ms
(12 rows)

SET
SET
SET
SET
SET
                                             QUERY PLAN                                             
----------------------------------------------------------------------------------------------------
 Index Scan using idx on public.t (actual rows=2048.00 loops=1)
   Output: a, b
   Index Cond: ((t.a >= 22070) AND (t.a <= 22133))
   Index Searches: 1
   Buffers: shared hit=55
 Settings: enable_bitmapscan = 'off', enable_seqscan = 'off', max_parallel_workers_per_gather = '0'
 Planning:
   Buffers: shared hit=106
 Planning Time: 0.175 ms
 Execution Time: 0.133 ms
(10 rows)

