SET
SET
SET
SET
SET
                                                               QUERY PLAN                                                               
----------------------------------------------------------------------------------------------------------------------------------------
 Index Scan using idx on public.t (actual rows=4096.00 loops=1)
   Output: a, b
   Index Cond: ((t.a >= 17318) AND (t.a <= 17445))
   Index Searches: 1
   Prefetch: distance=76.263 count=95 stalls=2 skipped=3691 resets=0 ungets=11 forwarded=24
             histogram [2,4) => 4, [4,8) => 41, [8,16) => 8, [16,32) => 8, [32,64) => 7, [64,128) => 1, [128,256) => 4, [256,512) => 22
   Buffers: shared hit=54 read=47
 Settings: enable_bitmapscan = 'off', enable_seqscan = 'off', max_parallel_workers_per_gather = '0'
 Planning:
   Buffers: shared hit=78 read=23
 Planning Time: 1.153 ms
 Execution Time: 1.317 ms
(12 rows)

SET
SET
SET
SET
SET
                                             QUERY PLAN                                             
----------------------------------------------------------------------------------------------------
 Index Scan using idx on public.t (actual rows=4096.00 loops=1)
   Output: a, b
   Index Cond: ((t.a >= 17318) AND (t.a <= 17445))
   Index Searches: 1
   Buffers: shared hit=101
 Settings: enable_bitmapscan = 'off', enable_seqscan = 'off', max_parallel_workers_per_gather = '0'
 Planning:
   Buffers: shared hit=106
 Planning Time: 0.170 ms
 Execution Time: 0.230 ms
(10 rows)

