SET
SET
SET
SET
SET
                                                                QUERY PLAN                                                                 
-------------------------------------------------------------------------------------------------------------------------------------------
 Index Scan using idx on public.t (actual rows=8192.00 loops=1)
   Output: a, b
   Index Cond: ((t.a >= 25723) AND (t.a <= 25978))
   Index Searches: 1
   Prefetch: distance=209.679 count=224 stalls=8 skipped=7892 resets=0 ungets=53 forwarded=89
             histogram [2,4) => 17, [4,8) => 10, [8,16) => 8, [16,32) => 10, [32,64) => 5, [64,128) => 4, [128,256) => 1, [256,512) => 169
   Buffers: shared hit=99 read=89
 Settings: enable_bitmapscan = 'off', enable_seqscan = 'off', max_parallel_workers_per_gather = '0'
 Planning:
   Buffers: shared hit=78 read=23
 Planning Time: 1.133 ms
 Execution Time: 1.467 ms
(12 rows)

SET
SET
SET
SET
SET
                                             QUERY PLAN                                             
----------------------------------------------------------------------------------------------------
 Index Scan using idx on public.t (actual rows=8192.00 loops=1)
   Output: a, b
   Index Cond: ((t.a >= 25723) AND (t.a <= 25978))
   Index Searches: 1
   Buffers: shared hit=194
 Settings: enable_bitmapscan = 'off', enable_seqscan = 'off', max_parallel_workers_per_gather = '0'
 Planning:
   Buffers: shared hit=106
 Planning Time: 0.141 ms
 Execution Time: 0.344 ms
(10 rows)

