SET
SET
SET
SET
SET
                                                                QUERY PLAN                                                                 
-------------------------------------------------------------------------------------------------------------------------------------------
 Index Scan using idx on public.t (actual rows=16384.00 loops=1)
   Output: a, b
   Index Cond: ((t.a >= 10803) AND (t.a <= 11314))
   Index Searches: 1
   Prefetch: distance=244.481 count=526 stalls=3 skipped=15521 resets=0 ungets=145 forwarded=163
             histogram [2,4) => 6, [4,8) => 20, [8,16) => 12, [16,32) => 14, [32,64) => 1, [64,128) => 4, [128,256) => 1, [256,512) => 468
   Buffers: shared hit=228 read=173
 Settings: enable_bitmapscan = 'off', enable_seqscan = 'off', max_parallel_workers_per_gather = '0'
 Planning:
   Buffers: shared hit=78 read=23
 Planning Time: 1.235 ms
 Execution Time: 2.055 ms
(12 rows)

SET
SET
SET
SET
SET
                                             QUERY PLAN                                             
----------------------------------------------------------------------------------------------------
 Index Scan using idx on public.t (actual rows=16384.00 loops=1)
   Output: a, b
   Index Cond: ((t.a >= 10803) AND (t.a <= 11314))
   Index Searches: 1
   Buffers: shared hit=415
 Settings: enable_bitmapscan = 'off', enable_seqscan = 'off', max_parallel_workers_per_gather = '0'
 Planning:
   Buffers: shared hit=106
 Planning Time: 0.164 ms
 Execution Time: 0.727 ms
(10 rows)

