SET
SET
SET
SET
SET
                                                                 QUERY PLAN                                                                 
--------------------------------------------------------------------------------------------------------------------------------------------
 Index Scan using idx on public.t (actual rows=32768.00 loops=1)
   Output: a, b
   Index Cond: ((t.a >= 30485) AND (t.a <= 31508))
   Index Searches: 1
   Prefetch: distance=255.993 count=993 stalls=8 skipped=32023 resets=0 ungets=287 forwarded=322
             histogram [2,4) => 14, [4,8) => 14, [8,16) => 12, [16,32) => 10, [32,64) => 8, [64,128) => 1, [128,256) => 5, [256,512) => 929
   Buffers: shared hit=382 read=341
 Settings: enable_bitmapscan = 'off', enable_seqscan = 'off', max_parallel_workers_per_gather = '0'
 Planning:
   Buffers: shared hit=78 read=23
 Planning Time: 1.234 ms
 Execution Time: 3.917 ms
(12 rows)

SET
SET
SET
SET
SET
                                             QUERY PLAN                                             
----------------------------------------------------------------------------------------------------
 Index Scan using idx on public.t (actual rows=32768.00 loops=1)
   Output: a, b
   Index Cond: ((t.a >= 30485) AND (t.a <= 31508))
   Index Searches: 1
   Buffers: shared hit=751
 Settings: enable_bitmapscan = 'off', enable_seqscan = 'off', max_parallel_workers_per_gather = '0'
 Planning:
   Buffers: shared hit=106
 Planning Time: 0.179 ms
 Execution Time: 1.468 ms
(10 rows)

