SET
SET
SET
SET
SET
                                                                 QUERY PLAN                                                                 
--------------------------------------------------------------------------------------------------------------------------------------------
 Index Scan using idx on public.t (actual rows=65536.00 loops=1)
   Output: a, b
   Index Cond: ((t.a >= 32134) AND (t.a <= 34181))
   Index Searches: 1
   Prefetch: distance=263.161 count=1946 stalls=4 skipped=63103 resets=0 ungets=540 forwarded=516
             histogram [2,4) => 4, [4,8) => 32, [8,16) => 10, [16,32) => 13, [32,64) => 3, [64,128) => 1, [128,256) => 6, [256,512) => 1877
   Buffers: shared hit=759 read=675
 Settings: enable_bitmapscan = 'off', enable_seqscan = 'off', max_parallel_workers_per_gather = '0'
 Planning:
   Buffers: shared hit=78 read=23
 Planning Time: 1.781 ms
 Execution Time: 6.209 ms
(12 rows)

SET
SET
SET
SET
SET
                                             QUERY PLAN                                             
----------------------------------------------------------------------------------------------------
 Index Scan using idx on public.t (actual rows=65536.00 loops=1)
   Output: a, b
   Index Cond: ((t.a >= 32134) AND (t.a <= 34181))
   Index Searches: 1
   Buffers: shared hit=1496
 Settings: enable_bitmapscan = 'off', enable_seqscan = 'off', max_parallel_workers_per_gather = '0'
 Planning:
   Buffers: shared hit=106
 Planning Time: 0.182 ms
 Execution Time: 2.818 ms
(10 rows)

