SET
SET
SET
SET
SET
                                             QUERY PLAN                                             
----------------------------------------------------------------------------------------------------
 Index Scan Backward using idx on public.t (actual rows=8192.00 loops=1)
   Output: a, b
   Index Cond: ((t.a >= 32671) AND (t.a <= 36766))
   Index Searches: 1
   Prefetch: distance=2.012 count=255 stalls=3336 skipped=4556 resets=0 ungets=0 forwarded=0
             histogram [2,4) => 254, [4,8) => 1
   Buffers: shared hit=3479 read=156
 Settings: enable_bitmapscan = 'off', enable_seqscan = 'off', max_parallel_workers_per_gather = '0'
 Planning:
   Buffers: shared hit=86 read=27
 Planning Time: 1.430 ms
 Execution Time: 12.166 ms
(12 rows)

SET
SET
SET
SET
SET
                                             QUERY PLAN                                             
----------------------------------------------------------------------------------------------------
 Index Scan Backward using idx on public.t (actual rows=8192.00 loops=1)
   Output: a, b
   Index Cond: ((t.a >= 32671) AND (t.a <= 36766))
   Index Searches: 1
   Buffers: shared hit=3635
 Settings: enable_bitmapscan = 'off', enable_seqscan = 'off', max_parallel_workers_per_gather = '0'
 Planning:
   Buffers: shared hit=118
 Planning Time: 0.207 ms
 Execution Time: 0.951 ms
(10 rows)

