SET
SET
SET
SET
SET
                                                                  QUERY PLAN                                                                  
----------------------------------------------------------------------------------------------------------------------------------------------
 Index Scan using idx on public.t (actual rows=524288.00 loops=1)
   Output: a, b
   Index Cond: ((t.a >= 6910) AND (t.a <= 23293))
   Index Searches: 1
   Prefetch: distance=270.868 count=15434 stalls=7 skipped=512056 resets=0 ungets=3912 forwarded=2614
             histogram [2,4) => 10, [4,8) => 11, [8,16) => 15, [16,32) => 17, [32,64) => 7, [64,128) => 5, [128,256) => 1, [256,512) => 15368
   Buffers: shared hit=6178 read=5373
 Settings: enable_bitmapscan = 'off', enable_seqscan = 'off', max_parallel_workers_per_gather = '0'
 Planning:
   Buffers: shared hit=78 read=23
 Planning Time: 1.699 ms
 Execution Time: 29.173 ms
(12 rows)

SET
SET
SET
SET
SET
                                             QUERY PLAN                                             
----------------------------------------------------------------------------------------------------
 Index Scan using idx on public.t (actual rows=524288.00 loops=1)
   Output: a, b
   Index Cond: ((t.a >= 6910) AND (t.a <= 23293))
   Index Searches: 1
   Buffers: shared hit=12018
 Settings: enable_bitmapscan = 'off', enable_seqscan = 'off', max_parallel_workers_per_gather = '0'
 Planning:
   Buffers: shared hit=106
 Planning Time: 0.193 ms
 Execution Time: 21.154 ms
(10 rows)

