SET
SET
SET
SET
SET
                                                                 QUERY PLAN                                                                  
---------------------------------------------------------------------------------------------------------------------------------------------
 Index Scan using idx on public.t (actual rows=1048576.00 loops=1)
   Output: a, b
   Index Cond: ((t.a >= 22308) AND (t.a <= 55075))
   Index Searches: 1
   Prefetch: distance=271.521 count=32848 stalls=2 skipped=1024556 resets=0 ungets=9583 forwarded=8169
             histogram [2,4) => 2, [4,8) => 23, [8,16) => 11, [16,32) => 13, [32,64) => 1, [64,128) => 4, [128,256) => 1, [256,512) => 32793
   Buffers: shared hit=12481 read=10740
 Settings: enable_bitmapscan = 'off', enable_seqscan = 'off', max_parallel_workers_per_gather = '0'
 Planning:
   Buffers: shared hit=78 read=23
 Planning Time: 1.708 ms
 Execution Time: 64.662 ms
(12 rows)

SET
SET
SET
SET
SET
                                             QUERY PLAN                                             
----------------------------------------------------------------------------------------------------
 Index Scan using idx on public.t (actual rows=1048576.00 loops=1)
   Output: a, b
   Index Cond: ((t.a >= 22308) AND (t.a <= 55075))
   Index Searches: 1
   Buffers: shared hit=24223
 Settings: enable_bitmapscan = 'off', enable_seqscan = 'off', max_parallel_workers_per_gather = '0'
 Planning:
   Buffers: shared hit=106
 Planning Time: 0.173 ms
 Execution Time: 42.671 ms
(10 rows)

