SET
SET
SET
SET
SET
                                                                 QUERY PLAN                                                                  
---------------------------------------------------------------------------------------------------------------------------------------------
 Index Scan using idx on public.t (actual rows=3048576.00 loops=1)
   Output: a, b
   Index Cond: ((t.a >= 32579) AND (t.a <= 127846))
   Index Searches: 1
   Prefetch: distance=271.791 count=91278 stalls=2 skipped=2980945 resets=0 ungets=23942 forwarded=17347
             histogram [2,4) => 4, [4,8) => 16, [8,16) => 10, [16,32) => 12, [32,64) => 2, [64,128) => 1, [128,256) => 4, [256,512) => 91229
   Buffers: shared hit=35921 read=31218
 Settings: enable_bitmapscan = 'off', enable_seqscan = 'off', max_parallel_workers_per_gather = '0'
 Planning:
   Buffers: shared hit=78 read=23
 Planning Time: 1.716 ms
 Execution Time: 151.783 ms
(12 rows)

SET
SET
SET
SET
SET
                                             QUERY PLAN                                             
----------------------------------------------------------------------------------------------------
 Index Scan using idx on public.t (actual rows=3048576.00 loops=1)
   Output: a, b
   Index Cond: ((t.a >= 32579) AND (t.a <= 127846))
   Index Searches: 1
   Buffers: shared hit=70071
 Settings: enable_bitmapscan = 'off', enable_seqscan = 'off', max_parallel_workers_per_gather = '0'
 Planning:
   Buffers: shared hit=106
 Planning Time: 0.203 ms
 Execution Time: 120.538 ms
(10 rows)

