SET
SET
SET
SET
SET
                                                                   QUERY PLAN                                                                   
------------------------------------------------------------------------------------------------------------------------------------------------
 Index Scan using idx on public.t (actual rows=4048576.00 loops=1)
   Output: a, b
   Index Cond: ((t.a >= 11248) AND (t.a <= 137765))
   Index Searches: 1
   Prefetch: distance=271.721 count=122069 stalls=8 skipped=3958377 resets=0 ungets=32638 forwarded=24409
             histogram [2,4) => 21, [4,8) => 35, [8,16) => 11, [16,32) => 12, [32,64) => 17, [64,128) => 1, [128,256) => 4, [256,512) => 121968
   Buffers: shared hit=47641 read=41456
 Settings: enable_bitmapscan = 'off', enable_seqscan = 'off', max_parallel_workers_per_gather = '0'
 Planning:
   Buffers: shared hit=78 read=23
 Planning Time: 1.739 ms
 Execution Time: 211.795 ms
(12 rows)

SET
SET
SET
SET
SET
                                             QUERY PLAN                                             
----------------------------------------------------------------------------------------------------
 Index Scan using idx on public.t (actual rows=4048576.00 loops=1)
   Output: a, b
   Index Cond: ((t.a >= 11248) AND (t.a <= 137765))
   Index Searches: 1
   Buffers: shared hit=93079
 Settings: enable_bitmapscan = 'off', enable_seqscan = 'off', max_parallel_workers_per_gather = '0'
 Planning:
   Buffers: shared hit=106
 Planning Time: 0.175 ms
 Execution Time: 160.156 ms
(10 rows)

