SET
SET
SET
SET
SET
                                                                 QUERY PLAN                                                                  
---------------------------------------------------------------------------------------------------------------------------------------------
 Index Scan using idx on public.t (actual rows=5048576.00 loops=1)
   Output: a, b
   Index Cond: ((t.a >= 24122) AND (t.a <= 181889))
   Index Searches: 1
   Prefetch: distance=271.802 count=149938 stalls=4 skipped=4936179 resets=0 ungets=38472 forwarded=26242
             histogram [2,4) => 7, [4,8) => 25, [8,16) => 9, [16,32) => 20, [32,64) => 4, [64,128) => 4, [128,256) => 4, [256,512) => 149865
   Buffers: shared hit=59629 read=51695
 Settings: enable_bitmapscan = 'off', enable_seqscan = 'off', max_parallel_workers_per_gather = '0'
 Planning:
   Buffers: shared hit=78 read=23
 Planning Time: 1.815 ms
 Execution Time: 250.315 ms
(12 rows)

SET
SET
SET
SET
SET
                                             QUERY PLAN                                             
----------------------------------------------------------------------------------------------------
 Index Scan using idx on public.t (actual rows=5048576.00 loops=1)
   Output: a, b
   Index Cond: ((t.a >= 24122) AND (t.a <= 181889))
   Index Searches: 1
   Buffers: shared hit=116003
 Settings: enable_bitmapscan = 'off', enable_seqscan = 'off', max_parallel_workers_per_gather = '0'
 Planning:
   Buffers: shared hit=106
 Planning Time: 0.177 ms
 Execution Time: 202.381 ms
(10 rows)

