SET
SET
SET
SET
SET
                                             QUERY PLAN                                             
----------------------------------------------------------------------------------------------------
 Index Scan Backward using idx on public.t (actual rows=1024.00 loops=1)
   Output: a, b
   Index Cond: ((t.a >= 13454) AND (t.a <= 13965))
   Index Searches: 1
   Prefetch: distance=2.000 count=22 stalls=290 skipped=391 resets=0 ungets=0 forwarded=0
             histogram [2,4) => 22
   Buffers: shared hit=436 read=27
 Settings: enable_bitmapscan = 'off', enable_seqscan = 'off', max_parallel_workers_per_gather = '0'
 Planning:
   Buffers: shared hit=86 read=27
 Planning Time: 1.291 ms
 Execution Time: 2.230 ms
(12 rows)

SET
SET
SET
SET
SET
                                             QUERY PLAN                                             
----------------------------------------------------------------------------------------------------
 Index Scan Backward using idx on public.t (actual rows=1024.00 loops=1)
   Output: a, b
   Index Cond: ((t.a >= 13454) AND (t.a <= 13965))
   Index Searches: 1
   Buffers: shared hit=463
 Settings: enable_bitmapscan = 'off', enable_seqscan = 'off', max_parallel_workers_per_gather = '0'
 Planning:
   Buffers: shared hit=118
 Planning Time: 0.195 ms
 Execution Time: 0.157 ms
(10 rows)

