SET
SET
SET
SET
SET
                                                                 QUERY PLAN                                                                 
--------------------------------------------------------------------------------------------------------------------------------------------
 Index Scan using idx on public.t (actual rows=9048576.00 loops=1)
   Output: a, b
   Index Cond: ((t.a >= 1862) AND (t.a <= 284629))
   Index Searches: 1
   Prefetch: distance=271.877 count=267599 stalls=3 skipped=8848050 resets=0 ungets=68010 forwarded=44851
             histogram [2,4) => 4, [4,8) => 11, [8,16) => 5, [16,32) => 9, [32,64) => 9, [64,128) => 5, [128,256) => 1, [256,512) => 267555
   Buffers: shared hit=106814 read=92647
 Settings: enable_bitmapscan = 'off', enable_seqscan = 'off', max_parallel_workers_per_gather = '0'
 Planning:
   Buffers: shared hit=78 read=27
 Planning Time: 1.904 ms
 Execution Time: 449.679 ms
(12 rows)

SET
SET
SET
SET
SET
                                             QUERY PLAN                                             
----------------------------------------------------------------------------------------------------
 Index Scan using idx on public.t (actual rows=9048576.00 loops=1)
   Output: a, b
   Index Cond: ((t.a >= 1862) AND (t.a <= 284629))
   Index Searches: 1
   Buffers: shared hit=207695
 Settings: enable_bitmapscan = 'off', enable_seqscan = 'off', max_parallel_workers_per_gather = '0'
 Planning:
   Buffers: shared hit=110
 Planning Time: 0.214 ms
 Execution Time: 382.745 ms
(10 rows)

