SET
SET
SET
SET
SET
                                                                    QUERY PLAN                                                                    
--------------------------------------------------------------------------------------------------------------------------------------------------
 Index Scan Backward using idx on public.t (actual rows=524288.00 loops=1)
   Output: a, b
   Index Cond: ((t.a >= 29164) AND (t.a <= 291307))
   Index Searches: 1
   Prefetch: distance=269.220 count=287334 stalls=1 skipped=292505 resets=0 ungets=55557 forwarded=8443
             histogram [2,4) => 2, [4,8) => 8, [8,16) => 11, [16,32) => 52, [32,64) => 73, [64,128) => 33, [128,256) => 4582, [256,512) => 282573
   Buffers: shared hit=223216 read=9495
 Settings: enable_bitmapscan = 'off', enable_seqscan = 'off', max_parallel_workers_per_gather = '0'
 Planning:
   Buffers: shared hit=82 read=27
 Planning Time: 2.056 ms
 Execution Time: 398.112 ms
(12 rows)

SET
SET
SET
SET
SET
                                             QUERY PLAN                                             
----------------------------------------------------------------------------------------------------
 Index Scan Backward using idx on public.t (actual rows=524288.00 loops=1)
   Output: a, b
   Index Cond: ((t.a >= 29164) AND (t.a <= 291307))
   Index Searches: 1
   Buffers: shared hit=233077
 Settings: enable_bitmapscan = 'off', enable_seqscan = 'off', max_parallel_workers_per_gather = '0'
 Planning:
   Buffers: shared hit=114
 Planning Time: 0.185 ms
 Execution Time: 53.658 ms
(10 rows)

