SET
SET
SET
SET
SET
                                             QUERY PLAN                                             
----------------------------------------------------------------------------------------------------
 Index Scan using idx on public.t (actual rows=4096.00 loops=1)
   Output: a, b
   Index Cond: ((t.a >= 30935) AND (t.a <= 32982))
   Index Searches: 1
   Prefetch: distance=2.024 count=123 stalls=1580 skipped=2144 resets=0 ungets=0 forwarded=0
             histogram [2,4) => 122, [4,8) => 1
   Buffers: shared hit=1745 read=83
 Settings: enable_bitmapscan = 'off', enable_seqscan = 'off', max_parallel_workers_per_gather = '0'
 Planning:
   Buffers: shared hit=82 read=27
 Planning Time: 1.652 ms
 Execution Time: 1.708 ms
(12 rows)

SET
SET
SET
SET
SET
                                             QUERY PLAN                                             
----------------------------------------------------------------------------------------------------
 Index Scan using idx on public.t (actual rows=4096.00 loops=1)
   Output: a, b
   Index Cond: ((t.a >= 30935) AND (t.a <= 32982))
   Index Searches: 1
   Buffers: shared hit=1828
 Settings: enable_bitmapscan = 'off', enable_seqscan = 'off', max_parallel_workers_per_gather = '0'
 Planning:
   Buffers: shared hit=114
 Planning Time: 0.126 ms
 Execution Time: 0.317 ms
(10 rows)

