SET
SET
SET
SET
SET
                                             QUERY PLAN                                             
----------------------------------------------------------------------------------------------------
 Index Scan using idx on public.t (actual rows=8192.00 loops=1)
   Output: a, b
   Index Cond: ((t.a >= 6143) AND (t.a <= 10238))
   Index Searches: 1
   Prefetch: distance=2.012 count=247 stalls=3247 skipped=4397 resets=0 ungets=0 forwarded=0
             histogram [2,4) => 246, [4,8) => 1
   Buffers: shared hit=3488 read=158
 Settings: enable_bitmapscan = 'off', enable_seqscan = 'off', max_parallel_workers_per_gather = '0'
 Planning:
   Buffers: shared hit=82 read=27
 Planning Time: 1.827 ms
 Execution Time: 3.035 ms
(12 rows)

SET
SET
SET
SET
SET
                                             QUERY PLAN                                             
----------------------------------------------------------------------------------------------------
 Index Scan using idx on public.t (actual rows=8192.00 loops=1)
   Output: a, b
   Index Cond: ((t.a >= 6143) AND (t.a <= 10238))
   Index Searches: 1
   Buffers: shared hit=3646
 Settings: enable_bitmapscan = 'off', enable_seqscan = 'off', max_parallel_workers_per_gather = '0'
 Planning:
   Buffers: shared hit=114
 Planning Time: 0.195 ms
 Execution Time: 0.913 ms
(10 rows)

