SET
SET
SET
SET
SET
                                                                     QUERY PLAN                                                                      
-----------------------------------------------------------------------------------------------------------------------------------------------------
 Index Scan using idx on public.t (actual rows=4048576.00 loops=1)
   Output: a, b
   Index Cond: ((t.a >= 7308) AND (t.a <= 2031595))
   Index Searches: 1
   Prefetch: distance=267.549 count=2132608 stalls=1 skipped=2259487 resets=0 ungets=343523 forwarded=24068
             histogram [2,4) => 2, [4,8) => 7, [8,16) => 13, [16,32) => 18, [32,64) => 36, [64,128) => 36, [128,256) => 139948, [256,512) => 1992548
   Buffers: shared hit=1723879 read=73240
 Settings: enable_bitmapscan = 'off', enable_seqscan = 'off', max_parallel_workers_per_gather = '0'
 Planning:
   Buffers: shared hit=78 read=27
 Planning Time: 2.047 ms
 Execution Time: 585.789 ms
(12 rows)

SET
SET
SET
SET
SET
                                             QUERY PLAN                                             
----------------------------------------------------------------------------------------------------
 Index Scan using idx on public.t (actual rows=4048576.00 loops=1)
   Output: a, b
   Index Cond: ((t.a >= 7308) AND (t.a <= 2031595))
   Index Searches: 1
   Buffers: shared hit=1799064
 Settings: enable_bitmapscan = 'off', enable_seqscan = 'off', max_parallel_workers_per_gather = '0'
 Planning:
   Buffers: shared hit=110
 Planning Time: 0.212 ms
 Execution Time: 406.873 ms
(10 rows)

