SET
SET
SET
SET
SET
                                             QUERY PLAN                                             
----------------------------------------------------------------------------------------------------
 Index Scan using idx on public.t (actual rows=2048.00 loops=1)
   Output: a, b
   Index Cond: ((t.a >= 731) AND (t.a <= 1754))
   Index Searches: 1
   Prefetch: distance=2.000 count=57 stalls=772 skipped=1056 resets=0 ungets=0 forwarded=0
             histogram [2,4) => 57
   Buffers: shared hit=862 read=46
 Settings: enable_bitmapscan = 'off', enable_seqscan = 'off', max_parallel_workers_per_gather = '0'
 Planning:
   Buffers: shared hit=82 read=27
 Planning Time: 1.484 ms
 Execution Time: 1.148 ms
(12 rows)

SET
SET
SET
SET
SET
                                             QUERY PLAN                                             
----------------------------------------------------------------------------------------------------
 Index Scan using idx on public.t (actual rows=2048.00 loops=1)
   Output: a, b
   Index Cond: ((t.a >= 731) AND (t.a <= 1754))
   Index Searches: 1
   Buffers: shared hit=908
 Settings: enable_bitmapscan = 'off', enable_seqscan = 'off', max_parallel_workers_per_gather = '0'
 Planning:
   Buffers: shared hit=114
 Planning Time: 0.148 ms
 Execution Time: 0.174 ms
(10 rows)

