SET
SET
SET
SET
SET
                                             QUERY PLAN                                             
----------------------------------------------------------------------------------------------------
 Index Scan using idx on public.t (actual rows=1024.00 loops=1)
   Output: a, b
   Index Cond: ((t.a >= 32074) AND (t.a <= 32585))
   Index Searches: 1
   Prefetch: distance=2.191 count=47 stalls=409 skipped=567 resets=0 ungets=0 forwarded=0
             histogram [2,4) => 44, [4,8) => 3
   Buffers: shared hit=438 read=27
 Settings: enable_bitmapscan = 'off', enable_seqscan = 'off', max_parallel_workers_per_gather = '0'
 Planning:
   Buffers: shared hit=82 read=27
 Planning Time: 1.416 ms
 Execution Time: 1.224 ms
(12 rows)

SET
SET
SET
SET
SET
                                             QUERY PLAN                                             
----------------------------------------------------------------------------------------------------
 Index Scan using idx on public.t (actual rows=1024.00 loops=1)
   Output: a, b
   Index Cond: ((t.a >= 32074) AND (t.a <= 32585))
   Index Searches: 1
   Buffers: shared hit=465
 Settings: enable_bitmapscan = 'off', enable_seqscan = 'off', max_parallel_workers_per_gather = '0'
 Planning:
   Buffers: shared hit=114
 Planning Time: 0.188 ms
 Execution Time: 0.151 ms
(10 rows)

