SET
SET
SET
SET
SET
                                             QUERY PLAN                                             
----------------------------------------------------------------------------------------------------
 Index Scan using idx on public.t (actual rows=4096.00 loops=1)
   Output: a, b
   Index Cond: ((t.a >= 26733) AND (t.a <= 28780))
   Index Searches: 1
   Prefetch: distance=2.033 count=123 stalls=1639 skipped=2207 resets=0 ungets=0 forwarded=0
             histogram [2,4) => 122, [4,8) => 1
   Buffers: shared hit=1750 read=83
 Settings: enable_bitmapscan = 'off', enable_seqscan = 'off', max_parallel_workers_per_gather = '0'
 Planning:
   Buffers: shared hit=82 read=27
 Planning Time: 1.745 ms
 Execution Time: 1.680 ms
(12 rows)

SET
SET
SET
SET
SET
                                             QUERY PLAN                                             
----------------------------------------------------------------------------------------------------
 Index Scan using idx on public.t (actual rows=4096.00 loops=1)
   Output: a, b
   Index Cond: ((t.a >= 26733) AND (t.a <= 28780))
   Index Searches: 1
   Buffers: shared hit=1833
 Settings: enable_bitmapscan = 'off', enable_seqscan = 'off', max_parallel_workers_per_gather = '0'
 Planning:
   Buffers: shared hit=114
 Planning Time: 0.146 ms
 Execution Time: 0.325 ms
(10 rows)

