SET
SET
SET
SET
SET
                                             QUERY PLAN                                             
----------------------------------------------------------------------------------------------------
 Index Scan using idx on public.t (actual rows=4096.00 loops=1)
   Output: a, b
   Index Cond: ((t.a >= 28770) AND (t.a <= 30817))
   Index Searches: 1
   Prefetch: distance=2.048 count=124 stalls=1643 skipped=2216 resets=0 ungets=0 forwarded=0
             histogram [2,4) => 122, [4,8) => 2
   Buffers: shared hit=1752 read=82
 Settings: enable_bitmapscan = 'off', enable_seqscan = 'off', max_parallel_workers_per_gather = '0'
 Planning:
   Buffers: shared hit=82 read=27
 Planning Time: 1.517 ms
 Execution Time: 1.693 ms
(12 rows)

SET
SET
SET
SET
SET
                                             QUERY PLAN                                             
----------------------------------------------------------------------------------------------------
 Index Scan using idx on public.t (actual rows=4096.00 loops=1)
   Output: a, b
   Index Cond: ((t.a >= 28770) AND (t.a <= 30817))
   Index Searches: 1
   Buffers: shared hit=1834
 Settings: enable_bitmapscan = 'off', enable_seqscan = 'off', max_parallel_workers_per_gather = '0'
 Planning:
   Buffers: shared hit=114
 Planning Time: 0.175 ms
 Execution Time: 0.408 ms
(10 rows)

