SET
SET
SET
SET
SET
                                             QUERY PLAN                                             
----------------------------------------------------------------------------------------------------
 Index Scan using idx on public.t (actual rows=2048.00 loops=1)
   Output: a, b
   Index Cond: ((t.a >= 9446) AND (t.a <= 10469))
   Index Searches: 1
   Prefetch: distance=2.049 count=61 stalls=731 skipped=1065 resets=0 ungets=0 forwarded=0
             histogram [2,4) => 60, [4,8) => 1
   Buffers: shared hit=844 read=46
 Settings: enable_bitmapscan = 'off', enable_seqscan = 'off', max_parallel_workers_per_gather = '0'
 Planning:
   Buffers: shared hit=82 read=27
 Planning Time: 1.564 ms
 Execution Time: 1.372 ms
(12 rows)

SET
SET
SET
SET
SET
                                             QUERY PLAN                                             
----------------------------------------------------------------------------------------------------
 Index Scan using idx on public.t (actual rows=2048.00 loops=1)
   Output: a, b
   Index Cond: ((t.a >= 9446) AND (t.a <= 10469))
   Index Searches: 1
   Buffers: shared hit=890
 Settings: enable_bitmapscan = 'off', enable_seqscan = 'off', max_parallel_workers_per_gather = '0'
 Planning:
   Buffers: shared hit=114
 Planning Time: 0.179 ms
 Execution Time: 0.250 ms
(10 rows)

