SET
SET
SET
SET
SET
                                                                QUERY PLAN                                                                
------------------------------------------------------------------------------------------------------------------------------------------
 Index Scan using idx on public.t (actual rows=8192.00 loops=1)
   Output: a, b
   Index Cond: ((t.a >= 21820) AND (t.a <= 22075))
   Index Searches: 1
   Prefetch: distance=199.755 count=241 stalls=2 skipped=7307 resets=0 ungets=61 forwarded=77
             histogram [2,4) => 6, [4,8) => 30, [8,16) => 9, [16,32) => 11, [32,64) => 6, [64,128) => 5, [128,256) => 1, [256,512) => 173
   Buffers: shared hit=115 read=87
 Settings: enable_bitmapscan = 'off', enable_seqscan = 'off', max_parallel_workers_per_gather = '0'
 Planning:
   Buffers: shared hit=78 read=23
 Planning Time: 1.159 ms
 Execution Time: 1.570 ms
(12 rows)

SET
SET
SET
SET
SET
                                             QUERY PLAN                                             
----------------------------------------------------------------------------------------------------
 Index Scan using idx on public.t (actual rows=8192.00 loops=1)
   Output: a, b
   Index Cond: ((t.a >= 21820) AND (t.a <= 22075))
   Index Searches: 1
   Buffers: shared hit=207
 Settings: enable_bitmapscan = 'off', enable_seqscan = 'off', max_parallel_workers_per_gather = '0'
 Planning:
   Buffers: shared hit=106
 Planning Time: 0.178 ms
 Execution Time: 0.418 ms
(10 rows)

