SET
SET
SET
SET
SET
                                             QUERY PLAN                                             
----------------------------------------------------------------------------------------------------
 Index Scan Backward using idx on public.t (actual rows=8192.00 loops=1)
   Output: a, b
   Index Cond: ((t.a >= 1429) AND (t.a <= 5524))
   Index Searches: 1
   Prefetch: distance=2.012 count=253 stalls=3313 skipped=4541 resets=0 ungets=0 forwarded=0
             histogram [2,4) => 252, [4,8) => 1
   Buffers: shared hit=3472 read=157
 Settings: enable_bitmapscan = 'off', enable_seqscan = 'off', max_parallel_workers_per_gather = '0'
 Planning:
   Buffers: shared hit=86 read=27
 Planning Time: 1.279 ms
 Execution Time: 9.575 ms
(12 rows)

SET
SET
SET
SET
SET
                                             QUERY PLAN                                             
----------------------------------------------------------------------------------------------------
 Index Scan Backward using idx on public.t (actual rows=8192.00 loops=1)
   Output: a, b
   Index Cond: ((t.a >= 1429) AND (t.a <= 5524))
   Index Searches: 1
   Buffers: shared hit=3629
 Settings: enable_bitmapscan = 'off', enable_seqscan = 'off', max_parallel_workers_per_gather = '0'
 Planning:
   Buffers: shared hit=118
 Planning Time: 0.192 ms
 Execution Time: 0.982 ms
(10 rows)

