SET
SET
SET
SET
SET
                                                                QUERY PLAN                                                                 
-------------------------------------------------------------------------------------------------------------------------------------------
 Index Scan using idx on public.t (actual rows=16384.00 loops=1)
   Output: a, b
   Index Cond: ((t.a >= 22632) AND (t.a <= 23143))
   Index Searches: 1
   Prefetch: distance=233.682 count=424 stalls=2 skipped=15572 resets=0 ungets=100 forwarded=127
             histogram [2,4) => 4, [4,8) => 19, [8,16) => 17, [16,32) => 13, [32,64) => 5, [64,128) => 6, [128,256) => 1, [256,512) => 359
   Buffers: shared hit=175 read=172
 Settings: enable_bitmapscan = 'off', enable_seqscan = 'off', max_parallel_workers_per_gather = '0'
 Planning:
   Buffers: shared hit=78 read=23
 Planning Time: 1.293 ms
 Execution Time: 1.929 ms
(12 rows)

SET
SET
SET
SET
SET
                                             QUERY PLAN                                             
----------------------------------------------------------------------------------------------------
 Index Scan using idx on public.t (actual rows=16384.00 loops=1)
   Output: a, b
   Index Cond: ((t.a >= 22632) AND (t.a <= 23143))
   Index Searches: 1
   Buffers: shared hit=357
 Settings: enable_bitmapscan = 'off', enable_seqscan = 'off', max_parallel_workers_per_gather = '0'
 Planning:
   Buffers: shared hit=106
 Planning Time: 0.174 ms
 Execution Time: 0.770 ms
(10 rows)

