SET
SET
SET
SET
SET
                                                                QUERY PLAN                                                                 
-------------------------------------------------------------------------------------------------------------------------------------------
 Index Scan using idx on public.t (actual rows=32768.00 loops=1)
   Output: a, b
   Index Cond: ((t.a >= 22758) AND (t.a <= 23781))
   Index Searches: 1
   Prefetch: distance=252.673 count=990 stalls=3 skipped=31173 resets=0 ungets=293 forwarded=284
             histogram [2,4) => 6, [4,8) => 37, [8,16) => 15, [16,32) => 10, [32,64) => 1, [64,128) => 5, [128,256) => 4, [256,512) => 912
   Buffers: shared hit=393 read=340
 Settings: enable_bitmapscan = 'off', enable_seqscan = 'off', max_parallel_workers_per_gather = '0'
 Planning:
   Buffers: shared hit=78 read=23
 Planning Time: 1.482 ms
 Execution Time: 3.630 ms
(12 rows)

SET
SET
SET
SET
SET
                                             QUERY PLAN                                             
----------------------------------------------------------------------------------------------------
 Index Scan using idx on public.t (actual rows=32768.00 loops=1)
   Output: a, b
   Index Cond: ((t.a >= 22758) AND (t.a <= 23781))
   Index Searches: 1
   Buffers: shared hit=752
 Settings: enable_bitmapscan = 'off', enable_seqscan = 'off', max_parallel_workers_per_gather = '0'
 Planning:
   Buffers: shared hit=106
 Planning Time: 0.143 ms
 Execution Time: 1.201 ms
(10 rows)

