SET
SET
SET
SET
SET
                                                                 QUERY PLAN                                                                 
--------------------------------------------------------------------------------------------------------------------------------------------
 Index Scan using idx on public.t (actual rows=131072.00 loops=1)
   Output: a, b
   Index Cond: ((t.a >= 6589) AND (t.a <= 10684))
   Index Searches: 1
   Prefetch: distance=267.294 count=4132 stalls=5 skipped=127275 resets=0 ungets=1235 forwarded=1118
             histogram [2,4) => 7, [4,8) => 30, [8,16) => 17, [16,32) => 16, [32,64) => 1, [64,128) => 4, [128,256) => 1, [256,512) => 4056
   Buffers: shared hit=1577 read=1347
 Settings: enable_bitmapscan = 'off', enable_seqscan = 'off', max_parallel_workers_per_gather = '0'
 Planning:
   Buffers: shared hit=78 read=23
 Planning Time: 1.768 ms
 Execution Time: 10.015 ms
(12 rows)

SET
SET
SET
SET
SET
                                             QUERY PLAN                                             
----------------------------------------------------------------------------------------------------
 Index Scan using idx on public.t (actual rows=131072.00 loops=1)
   Output: a, b
   Index Cond: ((t.a >= 6589) AND (t.a <= 10684))
   Index Searches: 1
   Buffers: shared hit=3049
 Settings: enable_bitmapscan = 'off', enable_seqscan = 'off', max_parallel_workers_per_gather = '0'
 Planning:
   Buffers: shared hit=106
 Planning Time: 0.163 ms
 Execution Time: 5.139 ms
(10 rows)

