SET
SET
SET
SET
SET
                                                                 QUERY PLAN                                                                 
--------------------------------------------------------------------------------------------------------------------------------------------
 Index Scan using idx on public.t (actual rows=262144.00 loops=1)
   Output: a, b
   Index Cond: ((t.a >= 32249) AND (t.a <= 40440))
   Index Searches: 1
   Prefetch: distance=269.532 count=8398 stalls=3 skipped=255554 resets=0 ungets=2514 forwarded=2239
             histogram [2,4) => 2, [4,8) => 44, [8,16) => 10, [16,32) => 17, [32,64) => 1, [64,128) => 5, [128,256) => 1, [256,512) => 8318
   Buffers: shared hit=3180 read=2688
 Settings: enable_bitmapscan = 'off', enable_seqscan = 'off', max_parallel_workers_per_gather = '0'
 Planning:
   Buffers: shared hit=78 read=23
 Planning Time: 1.753 ms
 Execution Time: 17.654 ms
(12 rows)

SET
SET
SET
SET
SET
                                             QUERY PLAN                                             
----------------------------------------------------------------------------------------------------
 Index Scan using idx on public.t (actual rows=262144.00 loops=1)
   Output: a, b
   Index Cond: ((t.a >= 32249) AND (t.a <= 40440))
   Index Searches: 1
   Buffers: shared hit=6140
 Settings: enable_bitmapscan = 'off', enable_seqscan = 'off', max_parallel_workers_per_gather = '0'
 Planning:
   Buffers: shared hit=106
 Planning Time: 0.196 ms
 Execution Time: 10.883 ms
(10 rows)

