SET
SET
SET
SET
SET
                                                                 QUERY PLAN                                                                 
--------------------------------------------------------------------------------------------------------------------------------------------
 Index Scan using idx on public.t (actual rows=1048576.00 loops=1)
   Output: a, b
   Index Cond: ((t.a >= 24100) AND (t.a <= 56867))
   Index Searches: 1
   Prefetch: distance=271.226 count=33056 stalls=4 skipped=1024714 resets=0 ungets=9745 forwarded=8567
             histogram [2,4) => 7, [4,8) => 49, [8,16) => 9, [16,32) => 19, [32,64) => 6, [64,128) => 1, [128,256) => 4, [256,512) => 32961
   Buffers: shared hit=12460 read=10739
 Settings: enable_bitmapscan = 'off', enable_seqscan = 'off', max_parallel_workers_per_gather = '0'
 Planning:
   Buffers: shared hit=78 read=23
 Planning Time: 1.735 ms
 Execution Time: 65.772 ms
(12 rows)

SET
SET
SET
SET
SET
                                             QUERY PLAN                                             
----------------------------------------------------------------------------------------------------
 Index Scan using idx on public.t (actual rows=1048576.00 loops=1)
   Output: a, b
   Index Cond: ((t.a >= 24100) AND (t.a <= 56867))
   Index Searches: 1
   Buffers: shared hit=24266
 Settings: enable_bitmapscan = 'off', enable_seqscan = 'off', max_parallel_workers_per_gather = '0'
 Planning:
   Buffers: shared hit=106
 Planning Time: 0.176 ms
 Execution Time: 42.900 ms
(10 rows)

