SET
SET
SET
SET
SET
                                                                 QUERY PLAN                                                                  
---------------------------------------------------------------------------------------------------------------------------------------------
 Index Scan using idx on public.t (actual rows=2048576.00 loops=1)
   Output: a, b
   Index Cond: ((t.a >= 30361) AND (t.a <= 94378))
   Index Searches: 1
   Prefetch: distance=271.575 count=61753 stalls=2 skipped=2002608 resets=0 ungets=16436 forwarded=12334
             histogram [2,4) => 4, [4,8) => 44, [8,16) => 11, [16,32) => 15, [32,64) => 6, [64,128) => 4, [128,256) => 1, [256,512) => 61668
   Buffers: shared hit=24208 read=20979
 Settings: enable_bitmapscan = 'off', enable_seqscan = 'off', max_parallel_workers_per_gather = '0'
 Planning:
   Buffers: shared hit=78 read=23
 Planning Time: 1.777 ms
 Execution Time: 106.696 ms
(12 rows)

SET
SET
SET
SET
SET
                                             QUERY PLAN                                             
----------------------------------------------------------------------------------------------------
 Index Scan using idx on public.t (actual rows=2048576.00 loops=1)
   Output: a, b
   Index Cond: ((t.a >= 30361) AND (t.a <= 94378))
   Index Searches: 1
   Buffers: shared hit=47174
 Settings: enable_bitmapscan = 'off', enable_seqscan = 'off', max_parallel_workers_per_gather = '0'
 Planning:
   Buffers: shared hit=106
 Planning Time: 0.178 ms
 Execution Time: 80.901 ms
(10 rows)

