SET
SET
SET
SET
SET
                                                                 QUERY PLAN                                                                 
--------------------------------------------------------------------------------------------------------------------------------------------
 Index Scan using idx on public.t (actual rows=5048576.00 loops=1)
   Output: a, b
   Index Cond: ((t.a >= 15113) AND (t.a <= 172880))
   Index Searches: 1
   Prefetch: distance=271.867 count=152834 stalls=1 skipped=4936922 resets=0 ungets=41450 forwarded=31581
             histogram [2,4) => 2, [4,8) => 11, [8,16) => 7, [16,32) => 9, [32,64) => 8, [64,128) => 1, [128,256) => 1, [256,512) => 152795
   Buffers: shared hit=59510 read=51695
 Settings: enable_bitmapscan = 'off', enable_seqscan = 'off', max_parallel_workers_per_gather = '0'
 Planning:
   Buffers: shared hit=78 read=23
 Planning Time: 1.732 ms
 Execution Time: 265.983 ms
(12 rows)

SET
SET
SET
SET
SET
                                             QUERY PLAN                                             
----------------------------------------------------------------------------------------------------
 Index Scan using idx on public.t (actual rows=5048576.00 loops=1)
   Output: a, b
   Index Cond: ((t.a >= 15113) AND (t.a <= 172880))
   Index Searches: 1
   Buffers: shared hit=115905
 Settings: enable_bitmapscan = 'off', enable_seqscan = 'off', max_parallel_workers_per_gather = '0'
 Planning:
   Buffers: shared hit=106
 Planning Time: 0.176 ms
 Execution Time: 198.810 ms
(10 rows)

