SET
SET
SET
SET
SET
                                                                 QUERY PLAN                                                                  
---------------------------------------------------------------------------------------------------------------------------------------------
 Index Scan using idx on public.t (actual rows=6048576.00 loops=1)
   Output: a, b
   Index Cond: ((t.a >= 20555) AND (t.a <= 209572))
   Index Searches: 1
   Prefetch: distance=271.833 count=179696 stalls=1 skipped=5914124 resets=0 ungets=46101 forwarded=31082
             histogram [2,4) => 4, [4,8) => 24, [8,16) => 9, [16,32) => 11, [32,64) => 9, [64,128) => 1, [128,256) => 5, [256,512) => 179633
   Buffers: shared hit=71542 read=61933
 Settings: enable_bitmapscan = 'off', enable_seqscan = 'off', max_parallel_workers_per_gather = '0'
 Planning:
   Buffers: shared hit=78 read=23
 Planning Time: 1.728 ms
 Execution Time: 300.707 ms
(12 rows)

SET
SET
SET
SET
SET
                                             QUERY PLAN                                             
----------------------------------------------------------------------------------------------------
 Index Scan using idx on public.t (actual rows=6048576.00 loops=1)
   Output: a, b
   Index Cond: ((t.a >= 20555) AND (t.a <= 209572))
   Index Searches: 1
   Buffers: shared hit=139020
 Settings: enable_bitmapscan = 'off', enable_seqscan = 'off', max_parallel_workers_per_gather = '0'
 Planning:
   Buffers: shared hit=106
 Planning Time: 0.196 ms
 Execution Time: 241.316 ms
(10 rows)

