SET
SET
SET
SET
SET
                                                                  QUERY PLAN                                                                   
-----------------------------------------------------------------------------------------------------------------------------------------------
 Index Scan using idx on public.t (actual rows=7048576.00 loops=1)
   Output: a, b
   Index Cond: ((t.a >= 21637) AND (t.a <= 241904))
   Index Searches: 1
   Prefetch: distance=271.842 count=210686 stalls=3 skipped=6891920 resets=0 ungets=54960 forwarded=38757
             histogram [2,4) => 5, [4,8) => 19, [8,16) => 14, [16,32) => 11, [32,64) => 17, [64,128) => 1, [128,256) => 1, [256,512) => 210618
   Buffers: shared hit=83358 read=72172
 Settings: enable_bitmapscan = 'off', enable_seqscan = 'off', max_parallel_workers_per_gather = '0'
 Planning:
   Buffers: shared hit=78 read=23
 Planning Time: 1.724 ms
 Execution Time: 357.253 ms
(12 rows)

SET
SET
SET
SET
SET
                                             QUERY PLAN                                             
----------------------------------------------------------------------------------------------------
 Index Scan using idx on public.t (actual rows=7048576.00 loops=1)
   Output: a, b
   Index Cond: ((t.a >= 21637) AND (t.a <= 241904))
   Index Searches: 1
   Buffers: shared hit=162049
 Settings: enable_bitmapscan = 'off', enable_seqscan = 'off', max_parallel_workers_per_gather = '0'
 Planning:
   Buffers: shared hit=106
 Planning Time: 0.190 ms
 Execution Time: 296.596 ms
(10 rows)

