SET
SET
SET
SET
SET
                                                                  QUERY PLAN                                                                  
----------------------------------------------------------------------------------------------------------------------------------------------
 Index Scan using idx on public.t (actual rows=8048576.00 loops=1)
   Output: a, b
   Index Cond: ((t.a >= 5113) AND (t.a <= 256630))
   Index Searches: 1
   Prefetch: distance=271.855 count=238632 stalls=1 skipped=7869756 resets=0 ungets=60901 forwarded=40093
             histogram [2,4) => 2, [4,8) => 22, [8,16) => 11, [16,32) => 21, [32,64) => 1, [64,128) => 1, [128,256) => 4, [256,512) => 238570
   Buffers: shared hit=95454 read=82411
 Settings: enable_bitmapscan = 'off', enable_seqscan = 'off', max_parallel_workers_per_gather = '0'
 Planning:
   Buffers: shared hit=78 read=23
 Planning Time: 1.732 ms
 Execution Time: 404.061 ms
(12 rows)

SET
SET
SET
SET
SET
                                             QUERY PLAN                                             
----------------------------------------------------------------------------------------------------
 Index Scan using idx on public.t (actual rows=8048576.00 loops=1)
   Output: a, b
   Index Cond: ((t.a >= 5113) AND (t.a <= 256630))
   Index Searches: 1
   Buffers: shared hit=184948
 Settings: enable_bitmapscan = 'off', enable_seqscan = 'off', max_parallel_workers_per_gather = '0'
 Planning:
   Buffers: shared hit=106
 Planning Time: 0.179 ms
 Execution Time: 321.604 ms
(10 rows)

