SET
SET
SET
SET
SET
                                                                  QUERY PLAN                                                                  
----------------------------------------------------------------------------------------------------------------------------------------------
 Index Scan using idx on public.t (actual rows=9048576.00 loops=1)
   Output: a, b
   Index Cond: ((t.a >= 27021) AND (t.a <= 309788))
   Index Searches: 1
   Prefetch: distance=271.866 count=268021 stalls=5 skipped=8847899 resets=0 ungets=68468 forwarded=46100
             histogram [2,4) => 7, [4,8) => 17, [8,16) => 8, [16,32) => 11, [32,64) => 10, [64,128) => 1, [128,256) => 1, [256,512) => 267966
   Buffers: shared hit=106737 read=92648
 Settings: enable_bitmapscan = 'off', enable_seqscan = 'off', max_parallel_workers_per_gather = '0'
 Planning:
   Buffers: shared hit=78 read=27
 Planning Time: 2.086 ms
 Execution Time: 451.802 ms
(12 rows)

SET
SET
SET
SET
SET
                                             QUERY PLAN                                             
----------------------------------------------------------------------------------------------------
 Index Scan using idx on public.t (actual rows=9048576.00 loops=1)
   Output: a, b
   Index Cond: ((t.a >= 27021) AND (t.a <= 309788))
   Index Searches: 1
   Buffers: shared hit=207669
 Settings: enable_bitmapscan = 'off', enable_seqscan = 'off', max_parallel_workers_per_gather = '0'
 Planning:
   Buffers: shared hit=110
 Planning Time: 0.220 ms
 Execution Time: 383.914 ms
(10 rows)

