SET
SET
SET
SET
SET
                                             QUERY PLAN                                             
----------------------------------------------------------------------------------------------------
 Index Scan Backward using idx on public.t (actual rows=8192.00 loops=1)
   Output: a, b
   Index Cond: ((t.a >= 19806) AND (t.a <= 23901))
   Index Searches: 1
   Prefetch: distance=2.012 count=249 stalls=3229 skipped=4415 resets=0 ungets=0 forwarded=1
             histogram [2,4) => 248, [4,8) => 1
   Buffers: shared hit=3479 read=157
 Settings: enable_bitmapscan = 'off', enable_seqscan = 'off', max_parallel_workers_per_gather = '0'
 Planning:
   Buffers: shared hit=86 read=27
 Planning Time: 1.277 ms
 Execution Time: 11.248 ms
(12 rows)

SET
SET
SET
SET
SET
                                             QUERY PLAN                                             
----------------------------------------------------------------------------------------------------
 Index Scan Backward using idx on public.t (actual rows=8192.00 loops=1)
   Output: a, b
   Index Cond: ((t.a >= 19806) AND (t.a <= 23901))
   Index Searches: 1
   Buffers: shared hit=3636
 Settings: enable_bitmapscan = 'off', enable_seqscan = 'off', max_parallel_workers_per_gather = '0'
 Planning:
   Buffers: shared hit=118
 Planning Time: 0.223 ms
 Execution Time: 0.680 ms
(10 rows)

