SET
SET
SET
SET
SET
                                             QUERY PLAN                                             
----------------------------------------------------------------------------------------------------
 Index Scan Backward using idx on public.t (actual rows=1024.00 loops=1)
   Output: a, b
   Index Cond: ((t.a >= 18796) AND (t.a <= 19307))
   Index Searches: 1
   Prefetch: distance=2.000 count=30 stalls=395 skipped=556 resets=0 ungets=0 forwarded=0
             histogram [2,4) => 30
   Buffers: shared hit=425 read=27
 Settings: enable_bitmapscan = 'off', enable_seqscan = 'off', max_parallel_workers_per_gather = '0'
 Planning:
   Buffers: shared hit=86 read=27
 Planning Time: 1.275 ms
 Execution Time: 2.039 ms
(12 rows)

SET
SET
SET
SET
SET
                                             QUERY PLAN                                             
----------------------------------------------------------------------------------------------------
 Index Scan Backward using idx on public.t (actual rows=1024.00 loops=1)
   Output: a, b
   Index Cond: ((t.a >= 18796) AND (t.a <= 19307))
   Index Searches: 1
   Buffers: shared hit=452
 Settings: enable_bitmapscan = 'off', enable_seqscan = 'off', max_parallel_workers_per_gather = '0'
 Planning:
   Buffers: shared hit=118
 Planning Time: 0.191 ms
 Execution Time: 0.156 ms
(10 rows)

