SET
SET
SET
SET
SET
                                             QUERY PLAN                                             
----------------------------------------------------------------------------------------------------
 Index Scan Backward using idx on public.t (actual rows=256.00 loops=1)
   Output: a, b
   Index Cond: ((t.a >= 3714) AND (t.a <= 3841))
   Index Searches: 1
   Prefetch: distance=2.000 count=4 stalls=63 skipped=88 resets=0 ungets=0 forwarded=0
             histogram [2,4) => 4
   Buffers: shared hit=104 read=13
 Settings: enable_bitmapscan = 'off', enable_seqscan = 'off', max_parallel_workers_per_gather = '0'
 Planning:
   Buffers: shared hit=82 read=26
 Planning Time: 1.019 ms
 Execution Time: 0.813 ms
(12 rows)

SET
SET
SET
SET
SET
                                             QUERY PLAN                                             
----------------------------------------------------------------------------------------------------
 Index Scan Backward using idx on public.t (actual rows=256.00 loops=1)
   Output: a, b
   Index Cond: ((t.a >= 3714) AND (t.a <= 3841))
   Index Searches: 1
   Buffers: shared hit=117
 Settings: enable_bitmapscan = 'off', enable_seqscan = 'off', max_parallel_workers_per_gather = '0'
 Planning:
   Buffers: shared hit=113
 Planning Time: 0.153 ms
 Execution Time: 0.052 ms
(10 rows)

