SET
SET
SET
SET
SET
                                             QUERY PLAN                                             
----------------------------------------------------------------------------------------------------
 Index Scan Backward using idx on public.t (actual rows=512.00 loops=1)
   Output: a, b
   Index Cond: ((t.a >= 19931) AND (t.a <= 20186))
   Index Searches: 1
   Prefetch: distance=2.000 count=12 stalls=145 skipped=206 resets=0 ungets=0 forwarded=0
             histogram [2,4) => 12
   Buffers: shared hit=209 read=18
 Settings: enable_bitmapscan = 'off', enable_seqscan = 'off', max_parallel_workers_per_gather = '0'
 Planning:
   Buffers: shared hit=82 read=26
 Planning Time: 0.999 ms
 Execution Time: 0.852 ms
(12 rows)

SET
SET
SET
SET
SET
                                             QUERY PLAN                                             
----------------------------------------------------------------------------------------------------
 Index Scan Backward using idx on public.t (actual rows=512.00 loops=1)
   Output: a, b
   Index Cond: ((t.a >= 19931) AND (t.a <= 20186))
   Index Searches: 1
   Buffers: shared hit=227
 Settings: enable_bitmapscan = 'off', enable_seqscan = 'off', max_parallel_workers_per_gather = '0'
 Planning:
   Buffers: shared hit=113
 Planning Time: 0.123 ms
 Execution Time: 0.060 ms
(10 rows)

