SET
SET
SET
SET
SET
                                             QUERY PLAN                                             
----------------------------------------------------------------------------------------------------
 Index Scan using idx on public.t (actual rows=2048.00 loops=1)
   Output: a, b
   Index Cond: ((t.a >= 13246) AND (t.a <= 13309))
   Index Searches: 1
   Prefetch: distance=6.750 count=28 stalls=2 skipped=1379 resets=0 ungets=0 forwarded=3
             histogram [2,4) => 2, [4,8) => 15, [8,16) => 11
   Buffers: shared hit=26 read=25
 Settings: enable_bitmapscan = 'off', enable_seqscan = 'off', max_parallel_workers_per_gather = '0'
 Planning:
   Buffers: shared hit=78 read=23
 Planning Time: 1.116 ms
 Execution Time: 0.893 ms
(12 rows)

SET
SET
SET
SET
SET
                                             QUERY PLAN                                             
----------------------------------------------------------------------------------------------------
 Index Scan using idx on public.t (actual rows=2048.00 loops=1)
   Output: a, b
   Index Cond: ((t.a >= 13246) AND (t.a <= 13309))
   Index Searches: 1
   Buffers: shared hit=51
 Settings: enable_bitmapscan = 'off', enable_seqscan = 'off', max_parallel_workers_per_gather = '0'
 Planning:
   Buffers: shared hit=106
 Planning Time: 0.175 ms
 Execution Time: 0.126 ms
(10 rows)

