SET
SET
SET
SET
SET
                                                               QUERY PLAN                                                                
-----------------------------------------------------------------------------------------------------------------------------------------
 Index Scan using idx on public.t (actual rows=4096.00 loops=1)
   Output: a, b
   Index Cond: ((t.a >= 5282) AND (t.a <= 5409))
   Index Searches: 1
   Prefetch: distance=132.214 count=98 stalls=7 skipped=3850 resets=0 ungets=18 forwarded=44
             histogram [2,4) => 14, [4,8) => 7, [8,16) => 8, [16,32) => 7, [32,64) => 14, [64,128) => 1, [128,256) => 4, [256,512) => 43
   Buffers: shared hit=52 read=46
 Settings: enable_bitmapscan = 'off', enable_seqscan = 'off', max_parallel_workers_per_gather = '0'
 Planning:
   Buffers: shared hit=78 read=23
 Planning Time: 1.128 ms
 Execution Time: 1.063 ms
(12 rows)

SET
SET
SET
SET
SET
                                             QUERY PLAN                                             
----------------------------------------------------------------------------------------------------
 Index Scan using idx on public.t (actual rows=4096.00 loops=1)
   Output: a, b
   Index Cond: ((t.a >= 5282) AND (t.a <= 5409))
   Index Searches: 1
   Buffers: shared hit=100
 Settings: enable_bitmapscan = 'off', enable_seqscan = 'off', max_parallel_workers_per_gather = '0'
 Planning:
   Buffers: shared hit=106
 Planning Time: 0.135 ms
 Execution Time: 0.179 ms
(10 rows)

