SET
SET
SET
SET
SET
                                                                 QUERY PLAN                                                                 
--------------------------------------------------------------------------------------------------------------------------------------------
 Index Scan using idx on public.t (actual rows=8192.00 loops=1)
   Output: a, b
   Index Cond: ((t.a >= 29534) AND (t.a <= 29789))
   Index Searches: 1
   Prefetch: distance=122.000 count=196 stalls=5 skipped=7763 resets=0 ungets=28 forwarded=54
             histogram [2,4) => 11, [4,8) => 66, [8,16) => 13, [16,32) => 10, [32,64) => 11, [64,128) => 1, [128,256) => 1, [256,512) => 83
   Buffers: shared hit=105 read=88
 Settings: enable_bitmapscan = 'off', enable_seqscan = 'off', max_parallel_workers_per_gather = '0'
 Planning:
   Buffers: shared hit=78 read=23
 Planning Time: 1.248 ms
 Execution Time: 1.598 ms
(12 rows)

SET
SET
SET
SET
SET
                                             QUERY PLAN                                             
----------------------------------------------------------------------------------------------------
 Index Scan using idx on public.t (actual rows=8192.00 loops=1)
   Output: a, b
   Index Cond: ((t.a >= 29534) AND (t.a <= 29789))
   Index Searches: 1
   Buffers: shared hit=195
 Settings: enable_bitmapscan = 'off', enable_seqscan = 'off', max_parallel_workers_per_gather = '0'
 Planning:
   Buffers: shared hit=106
 Planning Time: 0.142 ms
 Execution Time: 0.337 ms
(10 rows)

