SET
SET
SET
SET
SET
                                                                QUERY PLAN                                                                 
-------------------------------------------------------------------------------------------------------------------------------------------
 Index Scan using idx on public.t (actual rows=32768.00 loops=1)
   Output: a, b
   Index Cond: ((t.a >= 926) AND (t.a <= 1949))
   Index Searches: 1
   Prefetch: distance=234.528 count=963 stalls=5 skipped=31370 resets=0 ungets=241 forwarded=227
             histogram [2,4) => 10, [4,8) => 94, [8,16) => 8, [16,32) => 21, [32,64) => 1, [64,128) => 4, [128,256) => 1, [256,512) => 824
   Buffers: shared hit=410 read=337
 Settings: enable_bitmapscan = 'off', enable_seqscan = 'off', max_parallel_workers_per_gather = '0'
 Planning:
   Buffers: shared hit=82 read=27
 Planning Time: 1.657 ms
 Execution Time: 3.125 ms
(12 rows)

SET
SET
SET
SET
SET
                                             QUERY PLAN                                             
----------------------------------------------------------------------------------------------------
 Index Scan using idx on public.t (actual rows=32768.00 loops=1)
   Output: a, b
   Index Cond: ((t.a >= 926) AND (t.a <= 1949))
   Index Searches: 1
   Buffers: shared hit=773
 Settings: enable_bitmapscan = 'off', enable_seqscan = 'off', max_parallel_workers_per_gather = '0'
 Planning:
   Buffers: shared hit=114
 Planning Time: 0.193 ms
 Execution Time: 1.476 ms
(10 rows)

