SET
SET
SET
SET
SET
                                                                 QUERY PLAN                                                                 
--------------------------------------------------------------------------------------------------------------------------------------------
 Index Scan using idx on public.t (actual rows=131072.00 loops=1)
   Output: a, b
   Index Cond: ((t.a >= 10694) AND (t.a <= 14789))
   Index Searches: 1
   Prefetch: distance=268.755 count=3930 stalls=1 skipped=127614 resets=0 ungets=1017 forwarded=712
             histogram [2,4) => 2, [4,8) => 8, [8,16) => 11, [16,32) => 12, [32,64) => 13, [64,128) => 1, [128,256) => 5, [256,512) => 3878
   Buffers: shared hit=1602 read=1346
 Settings: enable_bitmapscan = 'off', enable_seqscan = 'off', max_parallel_workers_per_gather = '0'
 Planning:
   Buffers: shared hit=78 read=23
 Planning Time: 1.748 ms
 Execution Time: 8.727 ms
(12 rows)

SET
SET
SET
SET
SET
                                             QUERY PLAN                                             
----------------------------------------------------------------------------------------------------
 Index Scan using idx on public.t (actual rows=131072.00 loops=1)
   Output: a, b
   Index Cond: ((t.a >= 10694) AND (t.a <= 14789))
   Index Searches: 1
   Buffers: shared hit=3050
 Settings: enable_bitmapscan = 'off', enable_seqscan = 'off', max_parallel_workers_per_gather = '0'
 Planning:
   Buffers: shared hit=106
 Planning Time: 0.190 ms
 Execution Time: 5.346 ms
(10 rows)

