SET
SET
SET
SET
SET
                                             QUERY PLAN                                             
----------------------------------------------------------------------------------------------------
 Index Scan Backward using idx on public.t (actual rows=8192.00 loops=1)
   Output: a, b
   Index Cond: ((t.a >= 16935) AND (t.a <= 21030))
   Index Searches: 1
   Prefetch: distance=2.016 count=255 stalls=3317 skipped=4571 resets=0 ungets=0 forwarded=0
             histogram [2,4) => 253, [4,8) => 2
   Buffers: shared hit=3464 read=158
 Settings: enable_bitmapscan = 'off', enable_seqscan = 'off', max_parallel_workers_per_gather = '0'
 Planning:
   Buffers: shared hit=82 read=26
 Planning Time: 1.526 ms
 Execution Time: 4.283 ms
(12 rows)

SET
SET
SET
SET
SET
                                             QUERY PLAN                                             
----------------------------------------------------------------------------------------------------
 Index Scan Backward using idx on public.t (actual rows=8192.00 loops=1)
   Output: a, b
   Index Cond: ((t.a >= 16935) AND (t.a <= 21030))
   Index Searches: 1
   Buffers: shared hit=3622
 Settings: enable_bitmapscan = 'off', enable_seqscan = 'off', max_parallel_workers_per_gather = '0'
 Planning:
   Buffers: shared hit=113
 Planning Time: 0.212 ms
 Execution Time: 0.999 ms
(10 rows)

