SET
SET
SET
SET
SET
                                                                 QUERY PLAN                                                                 
--------------------------------------------------------------------------------------------------------------------------------------------
 Index Scan using idx on public.t (actual rows=262144.00 loops=1)
   Output: a, b
   Index Cond: ((t.a >= 12249) AND (t.a <= 20440))
   Index Searches: 1
   Prefetch: distance=268.427 count=8094 stalls=5 skipped=256343 resets=0 ungets=2377 forwarded=2211
             histogram [2,4) => 14, [4,8) => 56, [8,16) => 9, [16,32) => 18, [32,64) => 8, [64,128) => 6, [128,256) => 1, [256,512) => 7982
   Buffers: shared hit=3005 read=2688
 Settings: enable_bitmapscan = 'off', enable_seqscan = 'off', max_parallel_workers_per_gather = '0'
 Planning:
   Buffers: shared hit=78 read=23
 Planning Time: 1.725 ms
 Execution Time: 17.600 ms
(12 rows)

SET
SET
SET
SET
SET
                                             QUERY PLAN                                             
----------------------------------------------------------------------------------------------------
 Index Scan using idx on public.t (actual rows=262144.00 loops=1)
   Output: a, b
   Index Cond: ((t.a >= 12249) AND (t.a <= 20440))
   Index Searches: 1
   Buffers: shared hit=5963
 Settings: enable_bitmapscan = 'off', enable_seqscan = 'off', max_parallel_workers_per_gather = '0'
 Planning:
   Buffers: shared hit=106
 Planning Time: 0.149 ms
 Execution Time: 9.847 ms
(10 rows)

