SET
SET
SET
SET
SET
                                                                 QUERY PLAN                                                                  
---------------------------------------------------------------------------------------------------------------------------------------------
 Index Scan using idx on public.t (actual rows=524288.00 loops=1)
   Output: a, b
   Index Cond: ((t.a >= 7100) AND (t.a <= 23483))
   Index Searches: 1
   Prefetch: distance=270.551 count=16358 stalls=9 skipped=512545 resets=0 ungets=4815 forwarded=4365
             histogram [2,4) => 15, [4,8) => 41, [8,16) => 6, [16,32) => 19, [32,64) => 4, [64,128) => 4, [128,256) => 1, [256,512) => 16268
   Buffers: shared hit=6108 read=5372
 Settings: enable_bitmapscan = 'off', enable_seqscan = 'off', max_parallel_workers_per_gather = '0'
 Planning:
   Buffers: shared hit=78 read=23
 Planning Time: 1.705 ms
 Execution Time: 33.253 ms
(12 rows)

SET
SET
SET
SET
SET
                                             QUERY PLAN                                             
----------------------------------------------------------------------------------------------------
 Index Scan using idx on public.t (actual rows=524288.00 loops=1)
   Output: a, b
   Index Cond: ((t.a >= 7100) AND (t.a <= 23483))
   Index Searches: 1
   Buffers: shared hit=12027
 Settings: enable_bitmapscan = 'off', enable_seqscan = 'off', max_parallel_workers_per_gather = '0'
 Planning:
   Buffers: shared hit=106
 Planning Time: 0.185 ms
 Execution Time: 21.624 ms
(10 rows)

