SET
SET
SET
SET
SET
                                                                  QUERY PLAN                                                                  
----------------------------------------------------------------------------------------------------------------------------------------------
 Index Scan using idx on public.t (actual rows=2048576.00 loops=1)
   Output: a, b
   Index Cond: ((t.a >= 18972) AND (t.a <= 82989))
   Index Searches: 1
   Prefetch: distance=271.618 count=62225 stalls=10 skipped=2002114 resets=0 ungets=16892 forwarded=13660
             histogram [2,4) => 19, [4,8) => 20, [8,16) => 10, [16,32) => 18, [32,64) => 5, [64,128) => 1, [128,256) => 6, [256,512) => 62146
   Buffers: shared hit=24039 read=20979
 Settings: enable_bitmapscan = 'off', enable_seqscan = 'off', max_parallel_workers_per_gather = '0'
 Planning:
   Buffers: shared hit=78 read=23
 Planning Time: 1.753 ms
 Execution Time: 109.615 ms
(12 rows)

SET
SET
SET
SET
SET
                                             QUERY PLAN                                             
----------------------------------------------------------------------------------------------------
 Index Scan using idx on public.t (actual rows=2048576.00 loops=1)
   Output: a, b
   Index Cond: ((t.a >= 18972) AND (t.a <= 82989))
   Index Searches: 1
   Buffers: shared hit=47201
 Settings: enable_bitmapscan = 'off', enable_seqscan = 'off', max_parallel_workers_per_gather = '0'
 Planning:
   Buffers: shared hit=106
 Planning Time: 0.174 ms
 Execution Time: 84.643 ms
(10 rows)

