SET
SET
SET
SET
SET
                                                                  QUERY PLAN                                                                   
-----------------------------------------------------------------------------------------------------------------------------------------------
 Index Scan using idx on public.t (actual rows=4048576.00 loops=1)
   Output: a, b
   Index Cond: ((t.a >= 16031) AND (t.a <= 142548))
   Index Searches: 1
   Prefetch: distance=271.700 count=121060 stalls=12 skipped=3958016 resets=0 ungets=31654 forwarded=22022
             histogram [2,4) => 28, [4,8) => 37, [8,16) => 18, [16,32) => 11, [32,64) => 5, [64,128) => 3, [128,256) => 4, [256,512) => 120954
   Buffers: shared hit=47938 read=41455
 Settings: enable_bitmapscan = 'off', enable_seqscan = 'off', max_parallel_workers_per_gather = '0'
 Planning:
   Buffers: shared hit=78 read=23
 Planning Time: 1.711 ms
 Execution Time: 210.287 ms
(12 rows)

SET
SET
SET
SET
SET
                                             QUERY PLAN                                             
----------------------------------------------------------------------------------------------------
 Index Scan using idx on public.t (actual rows=4048576.00 loops=1)
   Output: a, b
   Index Cond: ((t.a >= 16031) AND (t.a <= 142548))
   Index Searches: 1
   Buffers: shared hit=93064
 Settings: enable_bitmapscan = 'off', enable_seqscan = 'off', max_parallel_workers_per_gather = '0'
 Planning:
   Buffers: shared hit=106
 Planning Time: 0.220 ms
 Execution Time: 160.247 ms
(10 rows)

