SET
SET
SET
SET
SET
                                                                 QUERY PLAN                                                                  
---------------------------------------------------------------------------------------------------------------------------------------------
 Index Scan using idx on public.t (actual rows=5048576.00 loops=1)
   Output: a, b
   Index Cond: ((t.a >= 18651) AND (t.a <= 176418))
   Index Searches: 1
   Prefetch: distance=271.849 count=150237 stalls=1 skipped=4936890 resets=0 ungets=38811 forwarded=26617
             histogram [2,4) => 2, [4,8) => 10, [8,16) => 8, [16,32) => 8, [32,64) => 10, [64,128) => 4, [128,256) => 7, [256,512) => 150188
   Buffers: shared hit=59597 read=51695
 Settings: enable_bitmapscan = 'off', enable_seqscan = 'off', max_parallel_workers_per_gather = '0'
 Planning:
   Buffers: shared hit=78 read=23
 Planning Time: 1.928 ms
 Execution Time: 254.059 ms
(12 rows)

SET
SET
SET
SET
SET
                                             QUERY PLAN                                             
----------------------------------------------------------------------------------------------------
 Index Scan using idx on public.t (actual rows=5048576.00 loops=1)
   Output: a, b
   Index Cond: ((t.a >= 18651) AND (t.a <= 176418))
   Index Searches: 1
   Buffers: shared hit=115945
 Settings: enable_bitmapscan = 'off', enable_seqscan = 'off', max_parallel_workers_per_gather = '0'
 Planning:
   Buffers: shared hit=106
 Planning Time: 0.211 ms
 Execution Time: 200.022 ms
(10 rows)

