SET
SET
SET
SET
SET
                                                                  QUERY PLAN                                                                   
-----------------------------------------------------------------------------------------------------------------------------------------------
 Index Scan using idx on public.t (actual rows=6048576.00 loops=1)
   Output: a, b
   Index Cond: ((t.a >= 31792) AND (t.a <= 220809))
   Index Searches: 1
   Prefetch: distance=271.744 count=183573 stalls=9 skipped=5914142 resets=0 ungets=49940 forwarded=38126
             histogram [2,4) => 25, [4,8) => 73, [8,16) => 12, [16,32) => 12, [32,64) => 4, [64,128) => 6, [128,256) => 3, [256,512) => 183438
   Buffers: shared hit=71445 read=61933
 Settings: enable_bitmapscan = 'off', enable_seqscan = 'off', max_parallel_workers_per_gather = '0'
 Planning:
   Buffers: shared hit=78 read=23
 Planning Time: 1.718 ms
 Execution Time: 320.506 ms
(12 rows)

SET
SET
SET
SET
SET
                                             QUERY PLAN                                             
----------------------------------------------------------------------------------------------------
 Index Scan using idx on public.t (actual rows=6048576.00 loops=1)
   Output: a, b
   Index Cond: ((t.a >= 31792) AND (t.a <= 220809))
   Index Searches: 1
   Buffers: shared hit=139059
 Settings: enable_bitmapscan = 'off', enable_seqscan = 'off', max_parallel_workers_per_gather = '0'
 Planning:
   Buffers: shared hit=106
 Planning Time: 0.183 ms
 Execution Time: 243.462 ms
(10 rows)

