SET
SET
SET
SET
SET
                                             QUERY PLAN                                             
----------------------------------------------------------------------------------------------------
 Index Scan using idx on public.t (actual rows=8192.00 loops=1)
   Output: a, b
   Index Cond: ((t.a >= 23239) AND (t.a <= 27334))
   Index Searches: 1
   Prefetch: distance=2.023 count=258 stalls=3324 skipped=4567 resets=0 ungets=0 forwarded=0
             histogram [2,4) => 256, [4,8) => 2
   Buffers: shared hit=3470 read=158
 Settings: enable_bitmapscan = 'off', enable_seqscan = 'off', max_parallel_workers_per_gather = '0'
 Planning:
   Buffers: shared hit=86 read=26
 Planning Time: 1.591 ms
 Execution Time: 11.316 ms
(12 rows)

SET
SET
SET
SET
SET
                                             QUERY PLAN                                             
----------------------------------------------------------------------------------------------------
 Index Scan using idx on public.t (actual rows=8192.00 loops=1)
   Output: a, b
   Index Cond: ((t.a >= 23239) AND (t.a <= 27334))
   Index Searches: 1
   Buffers: shared hit=3628
 Settings: enable_bitmapscan = 'off', enable_seqscan = 'off', max_parallel_workers_per_gather = '0'
 Planning:
   Buffers: shared hit=117
 Planning Time: 0.126 ms
 Execution Time: 0.586 ms
(10 rows)

