SET
SET
SET
SET
SET
                                                                  QUERY PLAN                                                                  
----------------------------------------------------------------------------------------------------------------------------------------------
 Index Scan using idx on public.t (actual rows=7048576.00 loops=1)
   Output: a, b
   Index Cond: ((t.a >= 7216) AND (t.a <= 227483))
   Index Searches: 1
   Prefetch: distance=271.830 count=209083 stalls=1 skipped=6891872 resets=0 ungets=53368 forwarded=35788
             histogram [2,4) => 2, [4,8) => 35, [8,16) => 14, [16,32) => 15, [32,64) => 4, [64,128) => 1, [128,256) => 1, [256,512) => 209011
   Buffers: shared hit=83414 read=72172
 Settings: enable_bitmapscan = 'off', enable_seqscan = 'off', max_parallel_workers_per_gather = '0'
 Planning:
   Buffers: shared hit=78 read=23
 Planning Time: 1.735 ms
 Execution Time: 343.112 ms
(12 rows)

SET
SET
SET
SET
SET
                                             QUERY PLAN                                             
----------------------------------------------------------------------------------------------------
 Index Scan using idx on public.t (actual rows=7048576.00 loops=1)
   Output: a, b
   Index Cond: ((t.a >= 7216) AND (t.a <= 227483))
   Index Searches: 1
   Buffers: shared hit=162034
 Settings: enable_bitmapscan = 'off', enable_seqscan = 'off', max_parallel_workers_per_gather = '0'
 Planning:
   Buffers: shared hit=106
 Planning Time: 0.178 ms
 Execution Time: 276.295 ms
(10 rows)

