SET
SET
SET
SET
SET
                                             QUERY PLAN                                             
----------------------------------------------------------------------------------------------------
 Index Scan using idx on public.t (actual rows=512.00 loops=1)
   Output: a, b
   Index Cond: ((t.a >= 22077) AND (t.a <= 22332))
   Index Searches: 1
   Prefetch: distance=2.000 count=10 stalls=126 skipped=185 resets=0 ungets=0 forwarded=0
             histogram [2,4) => 10
   Buffers: shared hit=205 read=17
 Settings: enable_bitmapscan = 'off', enable_seqscan = 'off', max_parallel_workers_per_gather = '0'
 Planning:
   Buffers: shared hit=86 read=26
 Planning Time: 1.025 ms
 Execution Time: 1.331 ms
(12 rows)

SET
SET
SET
SET
SET
                                             QUERY PLAN                                             
----------------------------------------------------------------------------------------------------
 Index Scan using idx on public.t (actual rows=512.00 loops=1)
   Output: a, b
   Index Cond: ((t.a >= 22077) AND (t.a <= 22332))
   Index Searches: 1
   Buffers: shared hit=222
 Settings: enable_bitmapscan = 'off', enable_seqscan = 'off', max_parallel_workers_per_gather = '0'
 Planning:
   Buffers: shared hit=117
 Planning Time: 0.274 ms
 Execution Time: 0.073 ms
(10 rows)

