SET
SET
SET
SET
SET
                                             QUERY PLAN                                             
----------------------------------------------------------------------------------------------------
 Index Scan using idx on public.t (actual rows=8192.00 loops=1)
   Output: a, b
   Index Cond: ((t.a >= 16536) AND (t.a <= 20631))
   Index Searches: 1
   Prefetch: distance=2.000 count=254 stalls=3324 skipped=4579 resets=0 ungets=0 forwarded=0
             histogram [2,4) => 254
   Buffers: shared hit=3461 read=158
 Settings: enable_bitmapscan = 'off', enable_seqscan = 'off', max_parallel_workers_per_gather = '0'
 Planning:
   Buffers: shared hit=86 read=26
 Planning Time: 1.511 ms
 Execution Time: 13.100 ms
(12 rows)

SET
SET
SET
SET
SET
                                             QUERY PLAN                                             
----------------------------------------------------------------------------------------------------
 Index Scan using idx on public.t (actual rows=8192.00 loops=1)
   Output: a, b
   Index Cond: ((t.a >= 16536) AND (t.a <= 20631))
   Index Searches: 1
   Buffers: shared hit=3619
 Settings: enable_bitmapscan = 'off', enable_seqscan = 'off', max_parallel_workers_per_gather = '0'
 Planning:
   Buffers: shared hit=117
 Planning Time: 0.203 ms
 Execution Time: 0.950 ms
(10 rows)

