SET
SET
SET
SET
SET
                                             QUERY PLAN                                             
----------------------------------------------------------------------------------------------------
 Index Scan using idx on public.t (actual rows=4096.00 loops=1)
   Output: a, b
   Index Cond: ((t.a >= 21084) AND (t.a <= 23131))
   Index Searches: 1
   Prefetch: distance=2.000 count=124 stalls=1603 skipped=2206 resets=0 ungets=0 forwarded=0
             histogram [2,4) => 124
   Buffers: shared hit=1733 read=83
 Settings: enable_bitmapscan = 'off', enable_seqscan = 'off', max_parallel_workers_per_gather = '0'
 Planning:
   Buffers: shared hit=86 read=26
 Planning Time: 1.303 ms
 Execution Time: 4.868 ms
(12 rows)

SET
SET
SET
SET
SET
                                             QUERY PLAN                                             
----------------------------------------------------------------------------------------------------
 Index Scan using idx on public.t (actual rows=4096.00 loops=1)
   Output: a, b
   Index Cond: ((t.a >= 21084) AND (t.a <= 23131))
   Index Searches: 1
   Buffers: shared hit=1816
 Settings: enable_bitmapscan = 'off', enable_seqscan = 'off', max_parallel_workers_per_gather = '0'
 Planning:
   Buffers: shared hit=117
 Planning Time: 0.197 ms
 Execution Time: 0.594 ms
(10 rows)

