SET
SET
SET
SET
SET
                                                                  QUERY PLAN                                                                  
----------------------------------------------------------------------------------------------------------------------------------------------
 Index Scan Backward using idx on public.t (actual rows=512.00 loops=1)
   Output: a, b
   Index Cond: ((t.a >= 32133) AND (t.a <= 32260))
   Index Searches: 1
   Prefetch: distance=200.249 count=405 stalls=16 skipped=5 resets=0 ungets=29 forwarded=0
             histogram [2,4) => 8, [4,8) => 21, [8,16) => 21, [16,32) => 18, [32,64) => 32, [64,128) => 11, [128,256) => 27, [256,512) => 267
   Buffers: shared hit=398 read=115
 Settings: enable_bitmapscan = 'off', enable_seqscan = 'off', max_parallel_workers_per_gather = '0'
 Planning:
   Buffers: shared hit=82 read=23
 Planning Time: 1.462 ms
 Execution Time: 5.113 ms
(12 rows)

SET
SET
SET
SET
SET
                                             QUERY PLAN                                             
----------------------------------------------------------------------------------------------------
 Index Scan Backward using idx on public.t (actual rows=512.00 loops=1)
   Output: a, b
   Index Cond: ((t.a >= 32133) AND (t.a <= 32260))
   Index Searches: 1
   Buffers: shared hit=513
 Settings: enable_bitmapscan = 'off', enable_seqscan = 'off', max_parallel_workers_per_gather = '0'
 Planning:
   Buffers: shared hit=110
 Planning Time: 0.183 ms
 Execution Time: 0.218 ms
(10 rows)

