SET
SET
SET
SET
SET
                                                                     QUERY PLAN                                                                     
----------------------------------------------------------------------------------------------------------------------------------------------------
 Index Scan using idx on public.t (actual rows=7048576.00 loops=1)
   Output: a, b
   Index Cond: ((t.a >= 2342) AND (t.a <= 3526629))
   Index Searches: 1
   Prefetch: distance=269.784 count=3906499 stalls=1 skipped=3934947 resets=0 ungets=792876 forwarded=121456
             histogram [2,4) => 4, [4,8) => 7, [8,16) => 12, [16,32) => 39, [32,64) => 43, [64,128) => 27, [128,256) => 23176, [256,512) => 3883191
   Buffers: shared hit=2997262 read=127506
 Settings: enable_bitmapscan = 'off', enable_seqscan = 'off', max_parallel_workers_per_gather = '0'
 Planning:
   Buffers: shared hit=82 read=26
 Planning Time: 2.063 ms
 Execution Time: 4951.573 ms
(12 rows)

SET
SET
SET
SET
SET
                                             QUERY PLAN                                             
----------------------------------------------------------------------------------------------------
 Index Scan using idx on public.t (actual rows=7048576.00 loops=1)
   Output: a, b
   Index Cond: ((t.a >= 2342) AND (t.a <= 3526629))
   Index Searches: 1
   Buffers: shared hit=3130994
 Settings: enable_bitmapscan = 'off', enable_seqscan = 'off', max_parallel_workers_per_gather = '0'
 Planning:
   Buffers: shared hit=113
 Planning Time: 0.229 ms
 Execution Time: 699.376 ms
(10 rows)

