SET
SET
SET
SET
SET
                                             QUERY PLAN                                             
----------------------------------------------------------------------------------------------------
 Index Scan using idx on public.t (actual rows=1024.00 loops=1)
   Output: a, b
   Index Cond: ((t.a >= 23635) AND (t.a <= 24146))
   Index Searches: 1
   Prefetch: distance=2.111 count=27 stalls=356 skipped=478 resets=0 ungets=0 forwarded=0
             histogram [2,4) => 26, [4,8) => 1
   Buffers: shared hit=431 read=27
 Settings: enable_bitmapscan = 'off', enable_seqscan = 'off', max_parallel_workers_per_gather = '0'
 Planning:
   Buffers: shared hit=86 read=26
 Planning Time: 1.012 ms
 Execution Time: 1.223 ms
(12 rows)

SET
SET
SET
SET
SET
                                             QUERY PLAN                                             
----------------------------------------------------------------------------------------------------
 Index Scan using idx on public.t (actual rows=1024.00 loops=1)
   Output: a, b
   Index Cond: ((t.a >= 23635) AND (t.a <= 24146))
   Index Searches: 1
   Buffers: shared hit=458
 Settings: enable_bitmapscan = 'off', enable_seqscan = 'off', max_parallel_workers_per_gather = '0'
 Planning:
   Buffers: shared hit=117
 Planning Time: 0.196 ms
 Execution Time: 0.155 ms
(10 rows)

