SET
SET
SET
SET
SET
                                             QUERY PLAN                                             
----------------------------------------------------------------------------------------------------
 Index Scan using idx on public.t (actual rows=4096.00 loops=1)
   Output: a, b
   Index Cond: ((t.a >= 9969) AND (t.a <= 12016))
   Index Searches: 1
   Prefetch: distance=2.000 count=119 stalls=1582 skipped=2132 resets=0 ungets=0 forwarded=0
             histogram [2,4) => 119
   Buffers: shared hit=1752 read=84
 Settings: enable_bitmapscan = 'off', enable_seqscan = 'off', max_parallel_workers_per_gather = '0'
 Planning:
   Buffers: shared hit=86 read=26
 Planning Time: 1.305 ms
 Execution Time: 6.235 ms
(12 rows)

SET
SET
SET
SET
SET
                                             QUERY PLAN                                             
----------------------------------------------------------------------------------------------------
 Index Scan using idx on public.t (actual rows=4096.00 loops=1)
   Output: a, b
   Index Cond: ((t.a >= 9969) AND (t.a <= 12016))
   Index Searches: 1
   Buffers: shared hit=1836
 Settings: enable_bitmapscan = 'off', enable_seqscan = 'off', max_parallel_workers_per_gather = '0'
 Planning:
   Buffers: shared hit=117
 Planning Time: 0.193 ms
 Execution Time: 0.481 ms
(10 rows)

