SET
SET
SET
SET
SET
                                             QUERY PLAN                                             
----------------------------------------------------------------------------------------------------
 Index Scan using idx on public.t (actual rows=4096.00 loops=1)
   Output: a, b
   Index Cond: ((t.a >= 17667) AND (t.a <= 19714))
   Index Searches: 1
   Prefetch: distance=2.000 count=121 stalls=1587 skipped=2157 resets=0 ungets=0 forwarded=0
             histogram [2,4) => 121
   Buffers: shared hit=1742 read=83
 Settings: enable_bitmapscan = 'off', enable_seqscan = 'off', max_parallel_workers_per_gather = '0'
 Planning:
   Buffers: shared hit=86 read=26
 Planning Time: 1.317 ms
 Execution Time: 6.398 ms
(12 rows)

SET
SET
SET
SET
SET
                                             QUERY PLAN                                             
----------------------------------------------------------------------------------------------------
 Index Scan using idx on public.t (actual rows=4096.00 loops=1)
   Output: a, b
   Index Cond: ((t.a >= 17667) AND (t.a <= 19714))
   Index Searches: 1
   Buffers: shared hit=1825
 Settings: enable_bitmapscan = 'off', enable_seqscan = 'off', max_parallel_workers_per_gather = '0'
 Planning:
   Buffers: shared hit=117
 Planning Time: 0.149 ms
 Execution Time: 0.343 ms
(10 rows)

