SET
SET
SET
SET
SET
                                             QUERY PLAN                                             
----------------------------------------------------------------------------------------------------
 Index Scan Backward using idx on public.t (actual rows=2048.00 loops=1)
   Output: a, b
   Index Cond: ((t.a >= 8758) AND (t.a <= 9781))
   Index Searches: 1
   Prefetch: distance=2.000 count=60 stalls=785 skipped=1040 resets=0 ungets=0 forwarded=0
             histogram [2,4) => 60
   Buffers: shared hit=882 read=46
 Settings: enable_bitmapscan = 'off', enable_seqscan = 'off', max_parallel_workers_per_gather = '0'
 Planning:
   Buffers: shared hit=82 read=26
 Planning Time: 1.478 ms
 Execution Time: 1.686 ms
(12 rows)

SET
SET
SET
SET
SET
                                             QUERY PLAN                                             
----------------------------------------------------------------------------------------------------
 Index Scan Backward using idx on public.t (actual rows=2048.00 loops=1)
   Output: a, b
   Index Cond: ((t.a >= 8758) AND (t.a <= 9781))
   Index Searches: 1
   Buffers: shared hit=928
 Settings: enable_bitmapscan = 'off', enable_seqscan = 'off', max_parallel_workers_per_gather = '0'
 Planning:
   Buffers: shared hit=113
 Planning Time: 0.121 ms
 Execution Time: 0.166 ms
(10 rows)

