SET
SET
SET
SET
SET
                                             QUERY PLAN                                             
----------------------------------------------------------------------------------------------------
 Index Scan Backward using idx on public.t (actual rows=8192.00 loops=1)
   Output: a, b
   Index Cond: ((t.a >= 22202) AND (t.a <= 26297))
   Index Searches: 1
   Prefetch: distance=2.012 count=255 stalls=3297 skipped=4567 resets=0 ungets=0 forwarded=0
             histogram [2,4) => 254, [4,8) => 1
   Buffers: shared hit=3451 read=158
 Settings: enable_bitmapscan = 'off', enable_seqscan = 'off', max_parallel_workers_per_gather = '0'
 Planning:
   Buffers: shared hit=82 read=26
 Planning Time: 1.470 ms
 Execution Time: 3.504 ms
(12 rows)

SET
SET
SET
SET
SET
                                             QUERY PLAN                                             
----------------------------------------------------------------------------------------------------
 Index Scan Backward using idx on public.t (actual rows=8192.00 loops=1)
   Output: a, b
   Index Cond: ((t.a >= 22202) AND (t.a <= 26297))
   Index Searches: 1
   Buffers: shared hit=3609
 Settings: enable_bitmapscan = 'off', enable_seqscan = 'off', max_parallel_workers_per_gather = '0'
 Planning:
   Buffers: shared hit=113
 Planning Time: 0.149 ms
 Execution Time: 0.597 ms
(10 rows)

