SET
SET
SET
SET
SET
                                             QUERY PLAN                                             
----------------------------------------------------------------------------------------------------
 Index Scan Backward using idx on public.t (actual rows=4096.00 loops=1)
   Output: a, b
   Index Cond: ((t.a >= 22749) AND (t.a <= 23772))
   Index Searches: 1
   Prefetch: distance=2.069 count=392 stalls=3416 skipped=57 resets=0 ungets=0 forwarded=0
             histogram [2,4) => 383, [4,8) => 9
   Buffers: shared hit=3759 read=288
 Settings: enable_bitmapscan = 'off', enable_seqscan = 'off', max_parallel_workers_per_gather = '0'
 Planning:
   Buffers: shared hit=86 read=27
 Planning Time: 1.953 ms
 Execution Time: 19.855 ms
(12 rows)

SET
SET
SET
SET
SET
                                             QUERY PLAN                                             
----------------------------------------------------------------------------------------------------
 Index Scan Backward using idx on public.t (actual rows=4096.00 loops=1)
   Output: a, b
   Index Cond: ((t.a >= 22749) AND (t.a <= 23772))
   Index Searches: 1
   Buffers: shared hit=4047
 Settings: enable_bitmapscan = 'off', enable_seqscan = 'off', max_parallel_workers_per_gather = '0'
 Planning:
   Buffers: shared hit=118
 Planning Time: 0.205 ms
 Execution Time: 0.822 ms
(10 rows)

