SET
SET
SET
SET
SET
                                                               QUERY PLAN                                                               
----------------------------------------------------------------------------------------------------------------------------------------
 Index Scan Backward using idx on public.t (actual rows=4096.00 loops=1)
   Output: a, b
   Index Cond: ((t.a >= 4892) AND (t.a <= 5019))
   Index Searches: 1
   Prefetch: distance=181.168 count=113 stalls=2 skipped=3514 resets=0 ungets=36 forwarded=21
             histogram [2,4) => 10, [4,8) => 9, [8,16) => 6, [16,32) => 9, [32,64) => 3, [64,128) => 1, [128,256) => 2, [256,512) => 73
   Buffers: shared hit=50 read=47
 Settings: enable_bitmapscan = 'off', enable_seqscan = 'off', max_parallel_workers_per_gather = '0'
 Planning:
   Buffers: shared hit=82 read=23
 Planning Time: 1.019 ms
 Execution Time: 2.234 ms
(12 rows)

SET
SET
SET
SET
SET
                                             QUERY PLAN                                             
----------------------------------------------------------------------------------------------------
 Index Scan Backward using idx on public.t (actual rows=4096.00 loops=1)
   Output: a, b
   Index Cond: ((t.a >= 4892) AND (t.a <= 5019))
   Index Searches: 1
   Buffers: shared hit=98
 Settings: enable_bitmapscan = 'off', enable_seqscan = 'off', max_parallel_workers_per_gather = '0'
 Planning:
   Buffers: shared hit=110
 Planning Time: 0.189 ms
 Execution Time: 0.228 ms
(10 rows)

