SET
SET
SET
SET
SET
                                                               QUERY PLAN                                                                
-----------------------------------------------------------------------------------------------------------------------------------------
 Index Scan Backward using idx on public.t (actual rows=16384.00 loops=1)
   Output: a, b
   Index Cond: ((t.a >= 9899) AND (t.a <= 10410))
   Index Searches: 1
   Prefetch: distance=256.364 count=662 stalls=5 skipped=15549 resets=0 ungets=311 forwarded=94
             histogram [2,4) => 12, [4,8) => 9, [8,16) => 6, [16,32) => 8, [32,64) => 3, [64,128) => 1, [128,256) => 2, [256,512) => 621
   Buffers: shared hit=216 read=172
 Settings: enable_bitmapscan = 'off', enable_seqscan = 'off', max_parallel_workers_per_gather = '0'
 Planning:
   Buffers: shared hit=82 read=23
 Planning Time: 1.084 ms
 Execution Time: 5.439 ms
(12 rows)

SET
SET
SET
SET
SET
                                             QUERY PLAN                                             
----------------------------------------------------------------------------------------------------
 Index Scan Backward using idx on public.t (actual rows=16384.00 loops=1)
   Output: a, b
   Index Cond: ((t.a >= 9899) AND (t.a <= 10410))
   Index Searches: 1
   Buffers: shared hit=388
 Settings: enable_bitmapscan = 'off', enable_seqscan = 'off', max_parallel_workers_per_gather = '0'
 Planning:
   Buffers: shared hit=110
 Planning Time: 0.197 ms
 Execution Time: 0.757 ms
(10 rows)

