SET
SET
SET
SET
SET
                                                                 QUERY PLAN                                                                 
--------------------------------------------------------------------------------------------------------------------------------------------
 Index Scan Backward using idx on public.t (actual rows=1048576.00 loops=1)
   Output: a, b
   Index Cond: ((t.a >= 20298) AND (t.a <= 53065))
   Index Searches: 1
   Prefetch: distance=271.739 count=46074 stalls=2 skipped=1025094 resets=0 ungets=22797 forwarded=6492
             histogram [2,4) => 6, [4,8) => 18, [8,16) => 11, [16,32) => 5, [32,64) => 2, [64,128) => 3, [128,256) => 1, [256,512) => 46028
   Buffers: shared hit=13393 read=10741
 Settings: enable_bitmapscan = 'off', enable_seqscan = 'off', max_parallel_workers_per_gather = '0'
 Planning:
   Buffers: shared hit=82 read=23
 Planning Time: 1.721 ms
 Execution Time: 289.718 ms
(12 rows)

SET
SET
SET
SET
SET
                                             QUERY PLAN                                             
----------------------------------------------------------------------------------------------------
 Index Scan Backward using idx on public.t (actual rows=1048576.00 loops=1)
   Output: a, b
   Index Cond: ((t.a >= 20298) AND (t.a <= 53065))
   Index Searches: 1
   Buffers: shared hit=24224
 Settings: enable_bitmapscan = 'off', enable_seqscan = 'off', max_parallel_workers_per_gather = '0'
 Planning:
   Buffers: shared hit=110
 Planning Time: 0.181 ms
 Execution Time: 41.233 ms
(10 rows)

