SET
SET
SET
SET
SET
                                                                QUERY PLAN                                                                 
-------------------------------------------------------------------------------------------------------------------------------------------
 Index Scan Backward using idx on public.t (actual rows=2048576.00 loops=1)
   Output: a, b
   Index Cond: ((t.a >= 7570) AND (t.a <= 71587))
   Index Searches: 1
   Prefetch: distance=271.891 count=89686 stalls=1 skipped=2002841 resets=0 ungets=44400 forwarded=12627
             histogram [2,4) => 4, [4,8) => 5, [8,16) => 9, [16,32) => 10, [32,64) => 2, [64,128) => 2, [128,256) => 3, [256,512) => 89651
   Buffers: shared hit=26003 read=20979
 Settings: enable_bitmapscan = 'off', enable_seqscan = 'off', max_parallel_workers_per_gather = '0'
 Planning:
   Buffers: shared hit=82 read=23
 Planning Time: 1.717 ms
 Execution Time: 561.463 ms
(12 rows)

SET
SET
SET
SET
SET
                                             QUERY PLAN                                             
----------------------------------------------------------------------------------------------------
 Index Scan Backward using idx on public.t (actual rows=2048576.00 loops=1)
   Output: a, b
   Index Cond: ((t.a >= 7570) AND (t.a <= 71587))
   Index Searches: 1
   Buffers: shared hit=47130
 Settings: enable_bitmapscan = 'off', enable_seqscan = 'off', max_parallel_workers_per_gather = '0'
 Planning:
   Buffers: shared hit=110
 Planning Time: 0.183 ms
 Execution Time: 80.763 ms
(10 rows)

