SET
SET
SET
SET
SET
                                                                 QUERY PLAN                                                                  
---------------------------------------------------------------------------------------------------------------------------------------------
 Index Scan Backward using idx on public.t (actual rows=4048576.00 loops=1)
   Output: a, b
   Index Cond: ((t.a >= 15988) AND (t.a <= 142505))
   Index Searches: 1
   Prefetch: distance=271.932 count=177077 stalls=2 skipped=3958472 resets=0 ungets=87646 forwarded=24944
             histogram [2,4) => 8, [4,8) => 11, [8,16) => 10, [16,32) => 5, [32,64) => 2, [64,128) => 2, [128,256) => 3, [256,512) => 177036
   Buffers: shared hit=51276 read=41456
 Settings: enable_bitmapscan = 'off', enable_seqscan = 'off', max_parallel_workers_per_gather = '0'
 Planning:
   Buffers: shared hit=82 read=23
 Planning Time: 1.759 ms
 Execution Time: 1109.060 ms
(12 rows)

SET
SET
SET
SET
SET
                                             QUERY PLAN                                             
----------------------------------------------------------------------------------------------------
 Index Scan Backward using idx on public.t (actual rows=4048576.00 loops=1)
   Output: a, b
   Index Cond: ((t.a >= 15988) AND (t.a <= 142505))
   Index Searches: 1
   Buffers: shared hit=93071
 Settings: enable_bitmapscan = 'off', enable_seqscan = 'off', max_parallel_workers_per_gather = '0'
 Planning:
   Buffers: shared hit=110
 Planning Time: 0.201 ms
 Execution Time: 156.238 ms
(10 rows)

