SET
SET
SET
SET
SET
                                                                 QUERY PLAN                                                                 
--------------------------------------------------------------------------------------------------------------------------------------------
 Index Scan Backward using idx on public.t (actual rows=6048576.00 loops=1)
   Output: a, b
   Index Cond: ((t.a >= 23912) AND (t.a <= 212929))
   Index Searches: 1
   Prefetch: distance=271.956 count=264639 stalls=2 skipped=5914129 resets=0 ungets=130993 forwarded=37250
             histogram [2,4) => 4, [4,8) => 9, [8,16) => 11, [16,32) => 5, [32,64) => 1, [64,128) => 2, [128,256) => 3, [256,512) => 264604
   Buffers: shared hit=76633 read=61933
 Settings: enable_bitmapscan = 'off', enable_seqscan = 'off', max_parallel_workers_per_gather = '0'
 Planning:
   Buffers: shared hit=82 read=23
 Planning Time: 1.816 ms
 Execution Time: 1657.780 ms
(12 rows)

SET
SET
SET
SET
SET
                                             QUERY PLAN                                             
----------------------------------------------------------------------------------------------------
 Index Scan Backward using idx on public.t (actual rows=6048576.00 loops=1)
   Output: a, b
   Index Cond: ((t.a >= 23912) AND (t.a <= 212929))
   Index Searches: 1
   Buffers: shared hit=139074
 Settings: enable_bitmapscan = 'off', enable_seqscan = 'off', max_parallel_workers_per_gather = '0'
 Planning:
   Buffers: shared hit=110
 Planning Time: 0.207 ms
 Execution Time: 236.117 ms
(10 rows)

