SET
SET
SET
SET
SET
                                                                 QUERY PLAN                                                                  
---------------------------------------------------------------------------------------------------------------------------------------------
 Index Scan Backward using idx on public.t (actual rows=8048576.00 loops=1)
   Output: a, b
   Index Cond: ((t.a >= 2552) AND (t.a <= 254069))
   Index Searches: 1
   Prefetch: distance=271.963 count=351936 stalls=1 skipped=7870716 resets=0 ungets=174210 forwarded=49510
             histogram [2,4) => 4, [4,8) => 10, [8,16) => 10, [16,32) => 5, [32,64) => 2, [64,128) => 2, [128,256) => 3, [256,512) => 351900
   Buffers: shared hit=101835 read=82411
 Settings: enable_bitmapscan = 'off', enable_seqscan = 'off', max_parallel_workers_per_gather = '0'
 Planning:
   Buffers: shared hit=82 read=27
 Planning Time: 1.929 ms
 Execution Time: 2187.204 ms
(12 rows)

SET
SET
SET
SET
SET
                                             QUERY PLAN                                             
----------------------------------------------------------------------------------------------------
 Index Scan Backward using idx on public.t (actual rows=8048576.00 loops=1)
   Output: a, b
   Index Cond: ((t.a >= 2552) AND (t.a <= 254069))
   Index Searches: 1
   Buffers: shared hit=184922
 Settings: enable_bitmapscan = 'off', enable_seqscan = 'off', max_parallel_workers_per_gather = '0'
 Planning:
   Buffers: shared hit=114
 Planning Time: 0.233 ms
 Execution Time: 335.782 ms
(10 rows)

