SET
SET
SET
SET
SET
                                             QUERY PLAN                                             
----------------------------------------------------------------------------------------------------
 Index Scan Backward using idx on public.t (actual rows=2048.00 loops=1)
   Output: a, b
   Index Cond: ((t.a >= 6165) AND (t.a <= 7188))
   Index Searches: 1
   Prefetch: distance=2.000 count=62 stalls=820 skipped=1095 resets=0 ungets=0 forwarded=0
             histogram [2,4) => 62
   Buffers: shared hit=879 read=45
 Settings: enable_bitmapscan = 'off', enable_seqscan = 'off', max_parallel_workers_per_gather = '0'
 Planning:
   Buffers: shared hit=82 read=26
 Planning Time: 1.306 ms
 Execution Time: 1.643 ms
(12 rows)

SET
SET
SET
SET
SET
                                             QUERY PLAN                                             
----------------------------------------------------------------------------------------------------
 Index Scan Backward using idx on public.t (actual rows=2048.00 loops=1)
   Output: a, b
   Index Cond: ((t.a >= 6165) AND (t.a <= 7188))
   Index Searches: 1
   Buffers: shared hit=924
 Settings: enable_bitmapscan = 'off', enable_seqscan = 'off', max_parallel_workers_per_gather = '0'
 Planning:
   Buffers: shared hit=113
 Planning Time: 0.196 ms
 Execution Time: 0.284 ms
(10 rows)

