SET
SET
SET
SET
SET
                                             QUERY PLAN                                             
----------------------------------------------------------------------------------------------------
 Index Scan using idx on public.t (actual rows=8192.00 loops=1)
   Output: a, b
   Index Cond: ((t.a >= 22168) AND (t.a <= 26263))
   Index Searches: 1
   Prefetch: distance=2.024 count=250 stalls=3180 skipped=4425 resets=0 ungets=0 forwarded=0
             histogram [2,4) => 248, [4,8) => 2
   Buffers: shared hit=3447 read=158
 Settings: enable_bitmapscan = 'off', enable_seqscan = 'off', max_parallel_workers_per_gather = '0'
 Planning:
   Buffers: shared hit=86 read=26
 Planning Time: 1.475 ms
 Execution Time: 7.667 ms
(12 rows)

SET
SET
SET
SET
SET
                                             QUERY PLAN                                             
----------------------------------------------------------------------------------------------------
 Index Scan using idx on public.t (actual rows=8192.00 loops=1)
   Output: a, b
   Index Cond: ((t.a >= 22168) AND (t.a <= 26263))
   Index Searches: 1
   Buffers: shared hit=3605
 Settings: enable_bitmapscan = 'off', enable_seqscan = 'off', max_parallel_workers_per_gather = '0'
 Planning:
   Buffers: shared hit=117
 Planning Time: 0.149 ms
 Execution Time: 0.642 ms
(10 rows)

