SET
SET
SET
SET
SET
                                             QUERY PLAN                                             
----------------------------------------------------------------------------------------------------
 Index Scan using idx on public.t (actual rows=4096.00 loops=1)
   Output: a, b
   Index Cond: ((t.a >= 23447) AND (t.a <= 25494))
   Index Searches: 1
   Prefetch: distance=2.046 count=130 stalls=1643 skipped=2306 resets=0 ungets=0 forwarded=0
             histogram [2,4) => 128, [4,8) => 2
   Buffers: shared hit=1714 read=83
 Settings: enable_bitmapscan = 'off', enable_seqscan = 'off', max_parallel_workers_per_gather = '0'
 Planning:
   Buffers: shared hit=86 read=26
 Planning Time: 1.298 ms
 Execution Time: 4.902 ms
(12 rows)

SET
SET
SET
SET
SET
                                             QUERY PLAN                                             
----------------------------------------------------------------------------------------------------
 Index Scan using idx on public.t (actual rows=4096.00 loops=1)
   Output: a, b
   Index Cond: ((t.a >= 23447) AND (t.a <= 25494))
   Index Searches: 1
   Buffers: shared hit=1797
 Settings: enable_bitmapscan = 'off', enable_seqscan = 'off', max_parallel_workers_per_gather = '0'
 Planning:
   Buffers: shared hit=117
 Planning Time: 0.179 ms
 Execution Time: 0.468 ms
(10 rows)

