SET
SET
SET
SET
                                             QUERY PLAN                                             
----------------------------------------------------------------------------------------------------
 Index Scan using idx on public.t (actual rows=8.00 loops=1)
   Output: a, b
   Index Cond: ((t.a >= 8472) AND (t.a <= 8475))
   Index Searches: 1
   Buffers: shared hit=6 read=4
 Settings: enable_bitmapscan = 'off', enable_seqscan = 'off', max_parallel_workers_per_gather = '0'
 Planning:
   Buffers: shared hit=86 read=26
 Planning Time: 1.016 ms
 Execution Time: 0.477 ms
(10 rows)

SET
SET
SET
SET
                                             QUERY PLAN                                             
----------------------------------------------------------------------------------------------------
 Index Scan using idx on public.t (actual rows=8.00 loops=1)
   Output: a, b
   Index Cond: ((t.a >= 8472) AND (t.a <= 8475))
   Index Searches: 1
   Buffers: shared hit=10
 Settings: enable_bitmapscan = 'off', enable_seqscan = 'off', max_parallel_workers_per_gather = '0'
 Planning:
   Buffers: shared hit=117
 Planning Time: 0.147 ms
 Execution Time: 0.025 ms
(10 rows)

