SET
SET
SET
SET
SET
                                             QUERY PLAN                                             
----------------------------------------------------------------------------------------------------
 Index Scan using idx on public.t (actual rows=256.00 loops=1)
   Output: a, b
   Index Cond: ((t.a >= 16665) AND (t.a <= 16792))
   Index Searches: 1
   Prefetch: distance=2.000 count=6 stalls=72 skipped=105 resets=0 ungets=0 forwarded=0
             histogram [2,4) => 6
   Buffers: shared hit=99 read=13
 Settings: enable_bitmapscan = 'off', enable_seqscan = 'off', max_parallel_workers_per_gather = '0'
 Planning:
   Buffers: shared hit=86 read=26
 Planning Time: 1.311 ms
 Execution Time: 1.009 ms
(12 rows)

SET
SET
SET
SET
SET
                                             QUERY PLAN                                             
----------------------------------------------------------------------------------------------------
 Index Scan using idx on public.t (actual rows=256.00 loops=1)
   Output: a, b
   Index Cond: ((t.a >= 16665) AND (t.a <= 16792))
   Index Searches: 1
   Buffers: shared hit=112
 Settings: enable_bitmapscan = 'off', enable_seqscan = 'off', max_parallel_workers_per_gather = '0'
 Planning:
   Buffers: shared hit=117
 Planning Time: 0.123 ms
 Execution Time: 0.045 ms
(10 rows)

