SET
SET
SET
SET
SET
                                             QUERY PLAN                                             
----------------------------------------------------------------------------------------------------
 Index Scan using idx on public.t (actual rows=8192.00 loops=1)
   Output: a, b
   Index Cond: ((t.a >= 27595) AND (t.a <= 31690))
   Index Searches: 1
   Prefetch: distance=2.000 count=248 stalls=3265 skipped=4448 resets=0 ungets=0 forwarded=0
             histogram [2,4) => 248
   Buffers: shared hit=3480 read=157
 Settings: enable_bitmapscan = 'off', enable_seqscan = 'off', max_parallel_workers_per_gather = '0'
 Planning:
   Buffers: shared hit=86 read=26
 Planning Time: 1.320 ms
 Execution Time: 9.581 ms
(12 rows)

SET
SET
SET
SET
SET
                                             QUERY PLAN                                             
----------------------------------------------------------------------------------------------------
 Index Scan using idx on public.t (actual rows=8192.00 loops=1)
   Output: a, b
   Index Cond: ((t.a >= 27595) AND (t.a <= 31690))
   Index Searches: 1
   Buffers: shared hit=3637
 Settings: enable_bitmapscan = 'off', enable_seqscan = 'off', max_parallel_workers_per_gather = '0'
 Planning:
   Buffers: shared hit=117
 Planning Time: 0.186 ms
 Execution Time: 0.941 ms
(10 rows)

