SET
SET
SET
SET
SET
                                                                  QUERY PLAN                                                                   
-----------------------------------------------------------------------------------------------------------------------------------------------
 Index Scan using idx on public.t (actual rows=131072.00 loops=1)
   Output: a, b
   Index Cond: ((t.a >= 19227) AND (t.a <= 84762))
   Index Searches: 1
   Prefetch: distance=269.554 count=72762 stalls=1 skipped=73191 resets=0 ungets=14883 forwarded=2366
             histogram [2,4) => 6, [4,8) => 5, [8,16) => 7, [16,32) => 15, [32,64) => 26, [64,128) => 32, [128,256) => 411, [256,512) => 72260
   Buffers: shared hit=55706 read=2381
 Settings: enable_bitmapscan = 'off', enable_seqscan = 'off', max_parallel_workers_per_gather = '0'
 Planning:
   Buffers: shared hit=82 read=26
 Planning Time: 2.069 ms
 Execution Time: 91.913 ms
(12 rows)

SET
SET
SET
SET
SET
                                             QUERY PLAN                                             
----------------------------------------------------------------------------------------------------
 Index Scan using idx on public.t (actual rows=131072.00 loops=1)
   Output: a, b
   Index Cond: ((t.a >= 19227) AND (t.a <= 84762))
   Index Searches: 1
   Buffers: shared hit=58209
 Settings: enable_bitmapscan = 'off', enable_seqscan = 'off', max_parallel_workers_per_gather = '0'
 Planning:
   Buffers: shared hit=113
 Planning Time: 0.159 ms
 Execution Time: 11.378 ms
(10 rows)

