SET
SET
SET
SET
SET
                                             QUERY PLAN                                             
----------------------------------------------------------------------------------------------------
 Index Scan using idx on public.t (actual rows=4096.00 loops=1)
   Output: a, b
   Index Cond: ((t.a >= 7828) AND (t.a <= 9875))
   Index Searches: 1
   Prefetch: distance=2.000 count=128 stalls=1678 skipped=2249 resets=0 ungets=0 forwarded=0
             histogram [2,4) => 128
   Buffers: shared hit=1758 read=82
 Settings: enable_bitmapscan = 'off', enable_seqscan = 'off', max_parallel_workers_per_gather = '0'
 Planning:
   Buffers: shared hit=86 read=26
 Planning Time: 1.310 ms
 Execution Time: 5.823 ms
(12 rows)

SET
SET
SET
SET
SET
                                             QUERY PLAN                                             
----------------------------------------------------------------------------------------------------
 Index Scan using idx on public.t (actual rows=4096.00 loops=1)
   Output: a, b
   Index Cond: ((t.a >= 7828) AND (t.a <= 9875))
   Index Searches: 1
   Buffers: shared hit=1840
 Settings: enable_bitmapscan = 'off', enable_seqscan = 'off', max_parallel_workers_per_gather = '0'
 Planning:
   Buffers: shared hit=117
 Planning Time: 0.238 ms
 Execution Time: 0.581 ms
(10 rows)

