SET
SET
SET
SET
SET
                                                                 QUERY PLAN                                                                 
--------------------------------------------------------------------------------------------------------------------------------------------
 Index Scan using idx on public.t (actual rows=512.00 loops=1)
   Output: a, b
   Index Cond: ((t.a >= 23204) AND (t.a <= 23459))
   Index Searches: 1
   Prefetch: distance=185.721 count=247 stalls=1 skipped=289 resets=0 ungets=32 forwarded=10
             histogram [2,4) => 4, [4,8) => 7, [8,16) => 11, [16,32) => 16, [32,64) => 27, [64,128) => 28, [128,256) => 1, [256,512) => 153
   Buffers: shared hit=206 read=19
 Settings: enable_bitmapscan = 'off', enable_seqscan = 'off', max_parallel_workers_per_gather = '0'
 Planning:
   Buffers: shared hit=86 read=26
 Planning Time: 1.013 ms
 Execution Time: 1.072 ms
(12 rows)

SET
SET
SET
SET
SET
                                             QUERY PLAN                                             
----------------------------------------------------------------------------------------------------
 Index Scan using idx on public.t (actual rows=512.00 loops=1)
   Output: a, b
   Index Cond: ((t.a >= 23204) AND (t.a <= 23459))
   Index Searches: 1
   Buffers: shared hit=226
 Settings: enable_bitmapscan = 'off', enable_seqscan = 'off', max_parallel_workers_per_gather = '0'
 Planning:
   Buffers: shared hit=117
 Planning Time: 0.188 ms
 Execution Time: 0.094 ms
(10 rows)

