SET
SET
SET
SET
SET
                                             QUERY PLAN                                             
----------------------------------------------------------------------------------------------------
 Index Scan using idx on public.t (actual rows=8192.00 loops=1)
   Output: a, b
   Index Cond: ((t.a >= 14803) AND (t.a <= 18898))
   Index Searches: 1
   Prefetch: distance=2.016 count=251 stalls=3231 skipped=4487 resets=0 ungets=0 forwarded=0
             histogram [2,4) => 249, [4,8) => 2
   Buffers: shared hit=3451 read=157
 Settings: enable_bitmapscan = 'off', enable_seqscan = 'off', max_parallel_workers_per_gather = '0'
 Planning:
   Buffers: shared hit=86 read=26
 Planning Time: 1.368 ms
 Execution Time: 11.130 ms
(12 rows)

SET
SET
SET
SET
SET
                                             QUERY PLAN                                             
----------------------------------------------------------------------------------------------------
 Index Scan using idx on public.t (actual rows=8192.00 loops=1)
   Output: a, b
   Index Cond: ((t.a >= 14803) AND (t.a <= 18898))
   Index Searches: 1
   Buffers: shared hit=3608
 Settings: enable_bitmapscan = 'off', enable_seqscan = 'off', max_parallel_workers_per_gather = '0'
 Planning:
   Buffers: shared hit=117
 Planning Time: 0.149 ms
 Execution Time: 0.617 ms
(10 rows)

