SET
SET
SET
SET
SET
                                             QUERY PLAN                                             
----------------------------------------------------------------------------------------------------
 Index Scan using idx on public.t (actual rows=2048.00 loops=1)
   Output: a, b
   Index Cond: ((t.a >= 11532) AND (t.a <= 12555))
   Index Searches: 1
   Prefetch: distance=2.000 count=58 stalls=799 skipped=1068 resets=0 ungets=0 forwarded=0
             histogram [2,4) => 58
   Buffers: shared hit=877 read=45
 Settings: enable_bitmapscan = 'off', enable_seqscan = 'off', max_parallel_workers_per_gather = '0'
 Planning:
   Buffers: shared hit=86 read=26
 Planning Time: 1.005 ms
 Execution Time: 3.021 ms
(12 rows)

SET
SET
SET
SET
SET
                                             QUERY PLAN                                             
----------------------------------------------------------------------------------------------------
 Index Scan using idx on public.t (actual rows=2048.00 loops=1)
   Output: a, b
   Index Cond: ((t.a >= 11532) AND (t.a <= 12555))
   Index Searches: 1
   Buffers: shared hit=922
 Settings: enable_bitmapscan = 'off', enable_seqscan = 'off', max_parallel_workers_per_gather = '0'
 Planning:
   Buffers: shared hit=117
 Planning Time: 0.189 ms
 Execution Time: 0.270 ms
(10 rows)

