SET
SET
SET
SET
SET
                                             QUERY PLAN                                             
----------------------------------------------------------------------------------------------------
 Index Scan using idx on public.t (actual rows=512.00 loops=1)
   Output: a, b
   Index Cond: ((t.a >= 30308) AND (t.a <= 30563))
   Index Searches: 1
   Prefetch: distance=3.382 count=34 stalls=188 skipped=285 resets=0 ungets=0 forwarded=0
             histogram [2,4) => 20, [4,8) => 13, [8,16) => 1
   Buffers: shared hit=213 read=19
 Settings: enable_bitmapscan = 'off', enable_seqscan = 'off', max_parallel_workers_per_gather = '0'
 Planning:
   Buffers: shared hit=86 read=26
 Planning Time: 1.002 ms
 Execution Time: 1.246 ms
(12 rows)

SET
SET
SET
SET
SET
                                             QUERY PLAN                                             
----------------------------------------------------------------------------------------------------
 Index Scan using idx on public.t (actual rows=512.00 loops=1)
   Output: a, b
   Index Cond: ((t.a >= 30308) AND (t.a <= 30563))
   Index Searches: 1
   Buffers: shared hit=232
 Settings: enable_bitmapscan = 'off', enable_seqscan = 'off', max_parallel_workers_per_gather = '0'
 Planning:
   Buffers: shared hit=117
 Planning Time: 0.184 ms
 Execution Time: 0.096 ms
(10 rows)

