SET
SET
SET
SET
SET
                                                               QUERY PLAN                                                               
----------------------------------------------------------------------------------------------------------------------------------------
 Index Scan Backward using idx on public.t (actual rows=4096.00 loops=1)
   Output: a, b
   Index Cond: ((t.a >= 26193) AND (t.a <= 26320))
   Index Searches: 1
   Prefetch: distance=187.446 count=101 stalls=4 skipped=2908 resets=0 ungets=36 forwarded=18
             histogram [2,4) => 6, [4,8) => 6, [8,16) => 6, [16,32) => 10, [32,64) => 2, [64,128) => 3, [128,256) => 1, [256,512) => 67
   Buffers: shared hit=62 read=45
 Settings: enable_bitmapscan = 'off', enable_seqscan = 'off', max_parallel_workers_per_gather = '0'
 Planning:
   Buffers: shared hit=82 read=23
 Planning Time: 0.926 ms
 Execution Time: 2.656 ms
(12 rows)

SET
SET
SET
SET
SET
                                             QUERY PLAN                                             
----------------------------------------------------------------------------------------------------
 Index Scan Backward using idx on public.t (actual rows=4096.00 loops=1)
   Output: a, b
   Index Cond: ((t.a >= 26193) AND (t.a <= 26320))
   Index Searches: 1
   Buffers: shared hit=108
 Settings: enable_bitmapscan = 'off', enable_seqscan = 'off', max_parallel_workers_per_gather = '0'
 Planning:
   Buffers: shared hit=110
 Planning Time: 0.139 ms
 Execution Time: 0.184 ms
(10 rows)

