SET
SET
SET
SET
SET
                                                               QUERY PLAN                                                                
-----------------------------------------------------------------------------------------------------------------------------------------
 Index Scan Backward using idx on public.t (actual rows=8192.00 loops=1)
   Output: a, b
   Index Cond: ((t.a >= 16122) AND (t.a <= 16377))
   Index Searches: 1
   Prefetch: distance=240.663 count=267 stalls=5 skipped=7015 resets=0 ungets=118 forwarded=40
             histogram [2,4) => 8, [4,8) => 4, [8,16) => 11, [16,32) => 6, [32,64) => 2, [64,128) => 2, [128,256) => 2, [256,512) => 232
   Buffers: shared hit=98 read=88
 Settings: enable_bitmapscan = 'off', enable_seqscan = 'off', max_parallel_workers_per_gather = '0'
 Planning:
   Buffers: shared hit=82 read=23
 Planning Time: 0.941 ms
 Execution Time: 3.675 ms
(12 rows)

SET
SET
SET
SET
SET
                                             QUERY PLAN                                             
----------------------------------------------------------------------------------------------------
 Index Scan Backward using idx on public.t (actual rows=8192.00 loops=1)
   Output: a, b
   Index Cond: ((t.a >= 16122) AND (t.a <= 16377))
   Index Searches: 1
   Buffers: shared hit=186
 Settings: enable_bitmapscan = 'off', enable_seqscan = 'off', max_parallel_workers_per_gather = '0'
 Planning:
   Buffers: shared hit=110
 Planning Time: 0.187 ms
 Execution Time: 0.409 ms
(10 rows)

