SET
SET
SET
SET
SET
                                                               QUERY PLAN                                                               
----------------------------------------------------------------------------------------------------------------------------------------
 Index Scan Backward using idx on public.t (actual rows=16384.00 loops=1)
   Output: a, b
   Index Cond: ((t.a >= 24997) AND (t.a <= 25508))
   Index Searches: 1
   Prefetch: distance=257.626 count=617 stalls=5 skipped=15158 resets=0 ungets=291 forwarded=84
             histogram [2,4) => 6, [4,8) => 6, [8,16) => 6, [16,32) => 9, [32,64) => 4, [64,128) => 3, [128,256) => 1, [256,512) => 582
   Buffers: shared hit=192 read=172
 Settings: enable_bitmapscan = 'off', enable_seqscan = 'off', max_parallel_workers_per_gather = '0'
 Planning:
   Buffers: shared hit=82 read=23
 Planning Time: 0.986 ms
 Execution Time: 5.595 ms
(12 rows)

SET
SET
SET
SET
SET
                                             QUERY PLAN                                             
----------------------------------------------------------------------------------------------------
 Index Scan Backward using idx on public.t (actual rows=16384.00 loops=1)
   Output: a, b
   Index Cond: ((t.a >= 24997) AND (t.a <= 25508))
   Index Searches: 1
   Buffers: shared hit=365
 Settings: enable_bitmapscan = 'off', enable_seqscan = 'off', max_parallel_workers_per_gather = '0'
 Planning:
   Buffers: shared hit=110
 Planning Time: 0.180 ms
 Execution Time: 0.757 ms
(10 rows)

