SET
SET
SET
SET
SET
                                             QUERY PLAN                                             
----------------------------------------------------------------------------------------------------
 Index Scan using idx on public.t (actual rows=2048.00 loops=1)
   Output: a, b
   Index Cond: ((t.a >= '-23654'::integer) AND (t.a <= '-22631'::integer))
   Index Searches: 1
   Prefetch: distance=2.000 count=52 stalls=687 skipped=912 resets=0 ungets=0 forwarded=0
             histogram [2,4) => 52
   Buffers: shared hit=885 read=46
 Settings: enable_bitmapscan = 'off', enable_seqscan = 'off', max_parallel_workers_per_gather = '0'
 Planning:
   Buffers: shared hit=82 read=27
 Planning Time: 1.040 ms
 Execution Time: 3.401 ms
(12 rows)

SET
SET
SET
SET
SET
                                             QUERY PLAN                                             
----------------------------------------------------------------------------------------------------
 Index Scan using idx on public.t (actual rows=2048.00 loops=1)
   Output: a, b
   Index Cond: ((t.a >= '-23654'::integer) AND (t.a <= '-22631'::integer))
   Index Searches: 1
   Buffers: shared hit=931
 Settings: enable_bitmapscan = 'off', enable_seqscan = 'off', max_parallel_workers_per_gather = '0'
 Planning:
   Buffers: shared hit=114
 Planning Time: 0.205 ms
 Execution Time: 0.254 ms
(10 rows)

