SET
SET
SET
SET
SET
                                             QUERY PLAN                                             
----------------------------------------------------------------------------------------------------
 Index Scan using idx on public.t (actual rows=4096.00 loops=1)
   Output: a, b
   Index Cond: ((t.a >= '-20246'::integer) AND (t.a <= '-18199'::integer))
   Index Searches: 1
   Prefetch: distance=2.000 count=128 stalls=1667 skipped=2224 resets=0 ungets=0 forwarded=0
             histogram [2,4) => 128
   Buffers: shared hit=1761 read=83
 Settings: enable_bitmapscan = 'off', enable_seqscan = 'off', max_parallel_workers_per_gather = '0'
 Planning:
   Buffers: shared hit=82 read=27
 Planning Time: 1.505 ms
 Execution Time: 6.774 ms
(12 rows)

SET
SET
SET
SET
SET
                                             QUERY PLAN                                             
----------------------------------------------------------------------------------------------------
 Index Scan using idx on public.t (actual rows=4096.00 loops=1)
   Output: a, b
   Index Cond: ((t.a >= '-20246'::integer) AND (t.a <= '-18199'::integer))
   Index Searches: 1
   Buffers: shared hit=1844
 Settings: enable_bitmapscan = 'off', enable_seqscan = 'off', max_parallel_workers_per_gather = '0'
 Planning:
   Buffers: shared hit=114
 Planning Time: 0.190 ms
 Execution Time: 0.481 ms
(10 rows)

