SET
SET
SET
SET
SET
                                             QUERY PLAN                                             
----------------------------------------------------------------------------------------------------
 Index Scan using idx on public.t (actual rows=8192.00 loops=1)
   Output: a, b
   Index Cond: ((t.a >= '-28943'::integer) AND (t.a <= '-24848'::integer))
   Index Searches: 1
   Prefetch: distance=2.030 count=266 stalls=3343 skipped=4570 resets=0 ungets=0 forwarded=0
             histogram [2,4) => 262, [4,8) => 4
   Buffers: shared hit=3483 read=159
 Settings: enable_bitmapscan = 'off', enable_seqscan = 'off', max_parallel_workers_per_gather = '0'
 Planning:
   Buffers: shared hit=82 read=27
 Planning Time: 1.503 ms
 Execution Time: 10.942 ms
(12 rows)

SET
SET
SET
SET
SET
                                             QUERY PLAN                                             
----------------------------------------------------------------------------------------------------
 Index Scan using idx on public.t (actual rows=8192.00 loops=1)
   Output: a, b
   Index Cond: ((t.a >= '-28943'::integer) AND (t.a <= '-24848'::integer))
   Index Searches: 1
   Buffers: shared hit=3642
 Settings: enable_bitmapscan = 'off', enable_seqscan = 'off', max_parallel_workers_per_gather = '0'
 Planning:
   Buffers: shared hit=114
 Planning Time: 0.153 ms
 Execution Time: 0.612 ms
(10 rows)

