SET
SET
SET
SET
SET
                                             QUERY PLAN                                             
----------------------------------------------------------------------------------------------------
 Index Scan using idx on public.t (actual rows=1024.00 loops=1)
   Output: a, b
   Index Cond: ((t.a >= '-5686'::integer) AND (t.a <= '-5175'::integer))
   Index Searches: 1
   Prefetch: distance=2.000 count=26 stalls=351 skipped=458 resets=0 ungets=0 forwarded=0
             histogram [2,4) => 26
   Buffers: shared hit=443 read=28
 Settings: enable_bitmapscan = 'off', enable_seqscan = 'off', max_parallel_workers_per_gather = '0'
 Planning:
   Buffers: shared hit=82 read=27
 Planning Time: 1.022 ms
 Execution Time: 1.176 ms
(12 rows)

SET
SET
SET
SET
SET
                                             QUERY PLAN                                             
----------------------------------------------------------------------------------------------------
 Index Scan using idx on public.t (actual rows=1024.00 loops=1)
   Output: a, b
   Index Cond: ((t.a >= '-5686'::integer) AND (t.a <= '-5175'::integer))
   Index Searches: 1
   Buffers: shared hit=471
 Settings: enable_bitmapscan = 'off', enable_seqscan = 'off', max_parallel_workers_per_gather = '0'
 Planning:
   Buffers: shared hit=114
 Planning Time: 0.187 ms
 Execution Time: 0.147 ms
(10 rows)

