SET
SET
SET
SET
SET
                                                                 QUERY PLAN                                                                 
--------------------------------------------------------------------------------------------------------------------------------------------
 Index Scan Backward using idx on public.t (actual rows=131072.00 loops=1)
   Output: a, b
   Index Cond: ((t.a >= 20471) AND (t.a <= 24566))
   Index Searches: 1
   Prefetch: distance=268.354 count=5540 stalls=9 skipped=127181 resets=0 ungets=2710 forwarded=771
             histogram [2,4) => 36, [4,8) => 21, [8,16) => 10, [16,32) => 5, [32,64) => 3, [64,128) => 1, [128,256) => 4, [256,512) => 5460
   Buffers: shared hit=1635 read=1346
 Settings: enable_bitmapscan = 'off', enable_seqscan = 'off', max_parallel_workers_per_gather = '0'
 Planning:
   Buffers: shared hit=82 read=23
 Planning Time: 1.474 ms
 Execution Time: 38.949 ms
(12 rows)

SET
SET
SET
SET
SET
                                             QUERY PLAN                                             
----------------------------------------------------------------------------------------------------
 Index Scan Backward using idx on public.t (actual rows=131072.00 loops=1)
   Output: a, b
   Index Cond: ((t.a >= 20471) AND (t.a <= 24566))
   Index Searches: 1
   Buffers: shared hit=2985
 Settings: enable_bitmapscan = 'off', enable_seqscan = 'off', max_parallel_workers_per_gather = '0'
 Planning:
   Buffers: shared hit=110
 Planning Time: 0.199 ms
 Execution Time: 5.240 ms
(10 rows)

