SET
SET
SET
SET
SET
                                                                QUERY PLAN                                                                
------------------------------------------------------------------------------------------------------------------------------------------
 Index Scan Backward using idx on public.t (actual rows=2048576.00 loops=1)
   Output: a, b
   Index Cond: ((t.a >= 17908) AND (t.a <= 81925))
   Index Searches: 1
   Prefetch: distance=271.888 count=89735 stalls=4 skipped=2002438 resets=0 ungets=44417 forwarded=12641
             histogram [2,4) => 8, [4,8) => 6, [8,16) => 6, [16,32) => 9, [32,64) => 3, [64,128) => 1, [128,256) => 2, [256,512) => 89700
   Buffers: shared hit=26042 read=20979
 Settings: enable_bitmapscan = 'off', enable_seqscan = 'off', max_parallel_workers_per_gather = '0'
 Planning:
   Buffers: shared hit=82 read=23
 Planning Time: 1.710 ms
 Execution Time: 565.217 ms
(12 rows)

SET
SET
SET
SET
SET
                                             QUERY PLAN                                             
----------------------------------------------------------------------------------------------------
 Index Scan Backward using idx on public.t (actual rows=2048576.00 loops=1)
   Output: a, b
   Index Cond: ((t.a >= 17908) AND (t.a <= 81925))
   Index Searches: 1
   Buffers: shared hit=47175
 Settings: enable_bitmapscan = 'off', enable_seqscan = 'off', max_parallel_workers_per_gather = '0'
 Planning:
   Buffers: shared hit=110
 Planning Time: 0.182 ms
 Execution Time: 79.523 ms
(10 rows)

