SET
SET
SET
SET
SET
                                                                 QUERY PLAN                                                                 
--------------------------------------------------------------------------------------------------------------------------------------------
 Index Scan Backward using idx on public.t (actual rows=3048576.00 loops=1)
   Output: a, b
   Index Cond: ((t.a >= 19752) AND (t.a <= 115019))
   Index Searches: 1
   Prefetch: distance=271.926 count=133372 stalls=2 skipped=2980914 resets=0 ungets=66022 forwarded=18749
             histogram [2,4) => 4, [4,8) => 9, [8,16) => 10, [16,32) => 6, [32,64) => 1, [64,128) => 2, [128,256) => 3, [256,512) => 133337
   Buffers: shared hit=38593 read=31218
 Settings: enable_bitmapscan = 'off', enable_seqscan = 'off', max_parallel_workers_per_gather = '0'
 Planning:
   Buffers: shared hit=82 read=23
 Planning Time: 1.725 ms
 Execution Time: 840.983 ms
(12 rows)

SET
SET
SET
SET
SET
                                             QUERY PLAN                                             
----------------------------------------------------------------------------------------------------
 Index Scan Backward using idx on public.t (actual rows=3048576.00 loops=1)
   Output: a, b
   Index Cond: ((t.a >= 19752) AND (t.a <= 115019))
   Index Searches: 1
   Buffers: shared hit=70088
 Settings: enable_bitmapscan = 'off', enable_seqscan = 'off', max_parallel_workers_per_gather = '0'
 Planning:
   Buffers: shared hit=110
 Planning Time: 0.185 ms
 Execution Time: 117.491 ms
(10 rows)

