SET
SET
SET
SET
SET
                                                                 QUERY PLAN                                                                 
--------------------------------------------------------------------------------------------------------------------------------------------
 Index Scan Backward using idx on public.t (actual rows=5048576.00 loops=1)
   Output: a, b
   Index Cond: ((t.a >= 7688) AND (t.a <= 165455))
   Index Searches: 1
   Prefetch: distance=271.943 count=220703 stalls=3 skipped=4936742 resets=0 ungets=109255 forwarded=31046
             histogram [2,4) => 12, [4,8) => 6, [8,16) => 5, [16,32) => 9, [32,64) => 2, [64,128) => 3, [128,256) => 1, [256,512) => 220665
   Buffers: shared hit=63849 read=51696
 Settings: enable_bitmapscan = 'off', enable_seqscan = 'off', max_parallel_workers_per_gather = '0'
 Planning:
   Buffers: shared hit=82 read=23
 Planning Time: 1.754 ms
 Execution Time: 1370.536 ms
(12 rows)

SET
SET
SET
SET
SET
                                             QUERY PLAN                                             
----------------------------------------------------------------------------------------------------
 Index Scan Backward using idx on public.t (actual rows=5048576.00 loops=1)
   Output: a, b
   Index Cond: ((t.a >= 7688) AND (t.a <= 165455))
   Index Searches: 1
   Buffers: shared hit=115973
 Settings: enable_bitmapscan = 'off', enable_seqscan = 'off', max_parallel_workers_per_gather = '0'
 Planning:
   Buffers: shared hit=110
 Planning Time: 0.183 ms
 Execution Time: 193.611 ms
(10 rows)

