SET
SET
SET
SET
SET
                                             QUERY PLAN                                             
----------------------------------------------------------------------------------------------------
 Index Scan using idx on public.t (actual rows=4096.00 loops=1)
   Output: a, b
   Index Cond: ((t.a >= '-10070'::integer) AND (t.a <= '-8023'::integer))
   Index Searches: 1
   Prefetch: distance=2.031 count=127 stalls=1683 skipped=2257 resets=0 ungets=0 forwarded=0
             histogram [2,4) => 125, [4,8) => 2
   Buffers: shared hit=1754 read=84
 Settings: enable_bitmapscan = 'off', enable_seqscan = 'off', max_parallel_workers_per_gather = '0'
 Planning:
   Buffers: shared hit=82 read=27
 Planning Time: 1.516 ms
 Execution Time: 6.625 ms
(12 rows)

SET
SET
SET
SET
SET
                                             QUERY PLAN                                             
----------------------------------------------------------------------------------------------------
 Index Scan using idx on public.t (actual rows=4096.00 loops=1)
   Output: a, b
   Index Cond: ((t.a >= '-10070'::integer) AND (t.a <= '-8023'::integer))
   Index Searches: 1
   Buffers: shared hit=1838
 Settings: enable_bitmapscan = 'off', enable_seqscan = 'off', max_parallel_workers_per_gather = '0'
 Planning:
   Buffers: shared hit=114
 Planning Time: 0.203 ms
 Execution Time: 0.510 ms
(10 rows)

