SET
SET
SET
SET
SET
                                             QUERY PLAN                                             
----------------------------------------------------------------------------------------------------
 Index Scan using idx on public.t (actual rows=8192.00 loops=1)
   Output: a, b
   Index Cond: ((t.a >= '-14709'::integer) AND (t.a <= '-10614'::integer))
   Index Searches: 1
   Prefetch: distance=2.000 count=244 stalls=3213 skipped=4364 resets=0 ungets=0 forwarded=0
             histogram [2,4) => 244
   Buffers: shared hit=3484 read=158
 Settings: enable_bitmapscan = 'off', enable_seqscan = 'off', max_parallel_workers_per_gather = '0'
 Planning:
   Buffers: shared hit=82 read=27
 Planning Time: 1.520 ms
 Execution Time: 11.007 ms
(12 rows)

SET
SET
SET
SET
SET
                                             QUERY PLAN                                             
----------------------------------------------------------------------------------------------------
 Index Scan using idx on public.t (actual rows=8192.00 loops=1)
   Output: a, b
   Index Cond: ((t.a >= '-14709'::integer) AND (t.a <= '-10614'::integer))
   Index Searches: 1
   Buffers: shared hit=3642
 Settings: enable_bitmapscan = 'off', enable_seqscan = 'off', max_parallel_workers_per_gather = '0'
 Planning:
   Buffers: shared hit=114
 Planning Time: 0.200 ms
 Execution Time: 0.894 ms
(10 rows)

