SET
SET
SET
SET
SET
                                             QUERY PLAN                                             
----------------------------------------------------------------------------------------------------
 Index Scan using idx on public.t (actual rows=2048.00 loops=1)
   Output: a, b
   Index Cond: ((t.a >= '-12108'::integer) AND (t.a <= '-11085'::integer))
   Index Searches: 1
   Prefetch: distance=2.000 count=60 stalls=818 skipped=1129 resets=0 ungets=0 forwarded=0
             histogram [2,4) => 60
   Buffers: shared hit=861 read=45
 Settings: enable_bitmapscan = 'off', enable_seqscan = 'off', max_parallel_workers_per_gather = '0'
 Planning:
   Buffers: shared hit=82 read=27
 Planning Time: 1.327 ms
 Execution Time: 3.707 ms
(12 rows)

SET
SET
SET
SET
SET
                                             QUERY PLAN                                             
----------------------------------------------------------------------------------------------------
 Index Scan using idx on public.t (actual rows=2048.00 loops=1)
   Output: a, b
   Index Cond: ((t.a >= '-12108'::integer) AND (t.a <= '-11085'::integer))
   Index Searches: 1
   Buffers: shared hit=906
 Settings: enable_bitmapscan = 'off', enable_seqscan = 'off', max_parallel_workers_per_gather = '0'
 Planning:
   Buffers: shared hit=114
 Planning Time: 0.192 ms
 Execution Time: 0.260 ms
(10 rows)

