SET
SET
SET
SET
SET
                                                                     QUERY PLAN                                                                     
----------------------------------------------------------------------------------------------------------------------------------------------------
 Index Scan using idx on public.t (actual rows=7048576.00 loops=1)
   Output: a, b
   Index Cond: ((t.a >= '-3556673'::integer) AND (t.a <= '-32386'::integer))
   Index Searches: 1
   Prefetch: distance=269.777 count=3906820 stalls=1 skipped=3934001 resets=0 ungets=792251 forwarded=120591
             histogram [2,4) => 2, [4,8) => 8, [8,16) => 12, [16,32) => 17, [32,64) => 35, [64,128) => 39, [128,256) => 24745, [256,512) => 3881962
   Buffers: shared hit=2998211 read=127505
 Settings: enable_bitmapscan = 'off', enable_seqscan = 'off', max_parallel_workers_per_gather = '0'
 Planning:
   Buffers: shared hit=78 read=27
 Planning Time: 2.130 ms
 Execution Time: 4935.296 ms
(12 rows)

SET
SET
SET
SET
SET
                                             QUERY PLAN                                             
----------------------------------------------------------------------------------------------------
 Index Scan using idx on public.t (actual rows=7048576.00 loops=1)
   Output: a, b
   Index Cond: ((t.a >= '-3556673'::integer) AND (t.a <= '-32386'::integer))
   Index Searches: 1
   Buffers: shared hit=3131939
 Settings: enable_bitmapscan = 'off', enable_seqscan = 'off', max_parallel_workers_per_gather = '0'
 Planning:
   Buffers: shared hit=110
 Planning Time: 0.222 ms
 Execution Time: 723.339 ms
(10 rows)

