SET
SET
SET
SET
SET
                                             QUERY PLAN                                             
----------------------------------------------------------------------------------------------------
 Index Scan Backward using idx on public.t (actual rows=2048.00 loops=1)
   Output: a, b
   Index Cond: ((t.a >= '-3247'::integer) AND (t.a <= '-2224'::integer))
   Index Searches: 1
   Prefetch: distance=2.000 count=56 stalls=751 skipped=1002 resets=0 ungets=0 forwarded=0
             histogram [2,4) => 56
   Buffers: shared hit=879 read=45
 Settings: enable_bitmapscan = 'off', enable_seqscan = 'off', max_parallel_workers_per_gather = '0'
 Planning:
   Buffers: shared hit=86 read=27
 Planning Time: 1.778 ms
 Execution Time: 2.080 ms
(12 rows)

SET
SET
SET
SET
SET
                                             QUERY PLAN                                             
----------------------------------------------------------------------------------------------------
 Index Scan Backward using idx on public.t (actual rows=2048.00 loops=1)
   Output: a, b
   Index Cond: ((t.a >= '-3247'::integer) AND (t.a <= '-2224'::integer))
   Index Searches: 1
   Buffers: shared hit=924
 Settings: enable_bitmapscan = 'off', enable_seqscan = 'off', max_parallel_workers_per_gather = '0'
 Planning:
   Buffers: shared hit=118
 Planning Time: 0.214 ms
 Execution Time: 0.276 ms
(10 rows)

