SET
SET
SET
SET
SET
                                             QUERY PLAN                                             
----------------------------------------------------------------------------------------------------
 Index Scan Backward using idx on public.t (actual rows=8192.00 loops=1)
   Output: a, b
   Index Cond: ((t.a >= '-16442'::integer) AND (t.a <= '-12347'::integer))
   Index Searches: 1
   Prefetch: distance=2.012 count=245 stalls=3246 skipped=4408 resets=0 ungets=0 forwarded=0
             histogram [2,4) => 244, [4,8) => 1
   Buffers: shared hit=3491 read=156
 Settings: enable_bitmapscan = 'off', enable_seqscan = 'off', max_parallel_workers_per_gather = '0'
 Planning:
   Buffers: shared hit=86 read=27
 Planning Time: 1.785 ms
 Execution Time: 4.010 ms
(12 rows)

SET
SET
SET
SET
SET
                                             QUERY PLAN                                             
----------------------------------------------------------------------------------------------------
 Index Scan Backward using idx on public.t (actual rows=8192.00 loops=1)
   Output: a, b
   Index Cond: ((t.a >= '-16442'::integer) AND (t.a <= '-12347'::integer))
   Index Searches: 1
   Buffers: shared hit=3647
 Settings: enable_bitmapscan = 'off', enable_seqscan = 'off', max_parallel_workers_per_gather = '0'
 Planning:
   Buffers: shared hit=118
 Planning Time: 0.194 ms
 Execution Time: 0.904 ms
(10 rows)

