SET
SET
SET
SET
SET
                                             QUERY PLAN                                             
----------------------------------------------------------------------------------------------------
 Index Scan Backward using idx on public.t (actual rows=4096.00 loops=1)
   Output: a, b
   Index Cond: ((t.a >= '-8514'::integer) AND (t.a <= '-6467'::integer))
   Index Searches: 1
   Prefetch: distance=2.000 count=120 stalls=1582 skipped=2115 resets=0 ungets=0 forwarded=0
             histogram [2,4) => 120
   Buffers: shared hit=1755 read=83
 Settings: enable_bitmapscan = 'off', enable_seqscan = 'off', max_parallel_workers_per_gather = '0'
 Planning:
   Buffers: shared hit=86 read=27
 Planning Time: 1.343 ms
 Execution Time: 2.282 ms
(12 rows)

SET
SET
SET
SET
SET
                                             QUERY PLAN                                             
----------------------------------------------------------------------------------------------------
 Index Scan Backward using idx on public.t (actual rows=4096.00 loops=1)
   Output: a, b
   Index Cond: ((t.a >= '-8514'::integer) AND (t.a <= '-6467'::integer))
   Index Searches: 1
   Buffers: shared hit=1838
 Settings: enable_bitmapscan = 'off', enable_seqscan = 'off', max_parallel_workers_per_gather = '0'
 Planning:
   Buffers: shared hit=118
 Planning Time: 0.189 ms
 Execution Time: 0.475 ms
(10 rows)

