SET
SET
SET
SET
SET
                                             QUERY PLAN                                             
----------------------------------------------------------------------------------------------------
 Index Scan Backward using idx on public.t (actual rows=8192.00 loops=1)
   Output: a, b
   Index Cond: ((t.a >= '-27686'::integer) AND (t.a <= '-23591'::integer))
   Index Searches: 1
   Prefetch: distance=2.012 count=251 stalls=3322 skipped=4484 resets=0 ungets=0 forwarded=0
             histogram [2,4) => 250, [4,8) => 1
   Buffers: shared hit=3504 read=157
 Settings: enable_bitmapscan = 'off', enable_seqscan = 'off', max_parallel_workers_per_gather = '0'
 Planning:
   Buffers: shared hit=86 read=27
 Planning Time: 1.526 ms
 Execution Time: 5.296 ms
(12 rows)

SET
SET
SET
SET
SET
                                             QUERY PLAN                                             
----------------------------------------------------------------------------------------------------
 Index Scan Backward using idx on public.t (actual rows=8192.00 loops=1)
   Output: a, b
   Index Cond: ((t.a >= '-27686'::integer) AND (t.a <= '-23591'::integer))
   Index Searches: 1
   Buffers: shared hit=3661
 Settings: enable_bitmapscan = 'off', enable_seqscan = 'off', max_parallel_workers_per_gather = '0'
 Planning:
   Buffers: shared hit=118
 Planning Time: 0.158 ms
 Execution Time: 0.725 ms
(10 rows)

