SET
SET
SET
SET
SET
                                             QUERY PLAN                                             
----------------------------------------------------------------------------------------------------
 Index Scan Backward using idx on public.t (actual rows=8192.00 loops=1)
   Output: a, b
   Index Cond: ((t.a >= '-6623'::integer) AND (t.a <= '-2528'::integer))
   Index Searches: 1
   Prefetch: distance=2.035 count=257 stalls=3339 skipped=4559 resets=0 ungets=0 forwarded=0
             histogram [2,4) => 254, [4,8) => 3
   Buffers: shared hit=3482 read=158
 Settings: enable_bitmapscan = 'off', enable_seqscan = 'off', max_parallel_workers_per_gather = '0'
 Planning:
   Buffers: shared hit=86 read=27
 Planning Time: 1.490 ms
 Execution Time: 4.923 ms
(12 rows)

SET
SET
SET
SET
SET
                                             QUERY PLAN                                             
----------------------------------------------------------------------------------------------------
 Index Scan Backward using idx on public.t (actual rows=8192.00 loops=1)
   Output: a, b
   Index Cond: ((t.a >= '-6623'::integer) AND (t.a <= '-2528'::integer))
   Index Searches: 1
   Buffers: shared hit=3640
 Settings: enable_bitmapscan = 'off', enable_seqscan = 'off', max_parallel_workers_per_gather = '0'
 Planning:
   Buffers: shared hit=118
 Planning Time: 0.130 ms
 Execution Time: 0.562 ms
(10 rows)

