SET
SET
SET
SET
SET
                                             QUERY PLAN                                             
----------------------------------------------------------------------------------------------------
 Index Scan Backward using idx on public.t (actual rows=1024.00 loops=1)
   Output: a, b
   Index Cond: ((t.a >= '-12674'::integer) AND (t.a <= '-12163'::integer))
   Index Searches: 1
   Prefetch: distance=2.000 count=24 stalls=323 skipped=422 resets=0 ungets=0 forwarded=0
             histogram [2,4) => 24
   Buffers: shared hit=441 read=27
 Settings: enable_bitmapscan = 'off', enable_seqscan = 'off', max_parallel_workers_per_gather = '0'
 Planning:
   Buffers: shared hit=86 read=27
 Planning Time: 1.022 ms
 Execution Time: 1.436 ms
(12 rows)

SET
SET
SET
SET
SET
                                             QUERY PLAN                                             
----------------------------------------------------------------------------------------------------
 Index Scan Backward using idx on public.t (actual rows=1024.00 loops=1)
   Output: a, b
   Index Cond: ((t.a >= '-12674'::integer) AND (t.a <= '-12163'::integer))
   Index Searches: 1
   Buffers: shared hit=468
 Settings: enable_bitmapscan = 'off', enable_seqscan = 'off', max_parallel_workers_per_gather = '0'
 Planning:
   Buffers: shared hit=118
 Planning Time: 0.205 ms
 Execution Time: 0.155 ms
(10 rows)

