SET
SET
SET
SET
SET
                                             QUERY PLAN                                             
----------------------------------------------------------------------------------------------------
 Index Scan Backward using idx on public.t (actual rows=1024.00 loops=1)
   Output: a, b
   Index Cond: ((t.a >= 13150) AND (t.a <= 13181))
   Index Searches: 1
   Prefetch: distance=2.000 count=6 stalls=3 skipped=301 resets=0 ungets=0 forwarded=0
             histogram [2,4) => 6
   Buffers: shared hit=17 read=15
 Settings: enable_bitmapscan = 'off', enable_seqscan = 'off', max_parallel_workers_per_gather = '0'
 Planning:
   Buffers: shared hit=82 read=23
 Planning Time: 1.014 ms
 Execution Time: 1.222 ms
(12 rows)

SET
SET
SET
SET
SET
                                             QUERY PLAN                                             
----------------------------------------------------------------------------------------------------
 Index Scan Backward using idx on public.t (actual rows=1024.00 loops=1)
   Output: a, b
   Index Cond: ((t.a >= 13150) AND (t.a <= 13181))
   Index Searches: 1
   Buffers: shared hit=32
 Settings: enable_bitmapscan = 'off', enable_seqscan = 'off', max_parallel_workers_per_gather = '0'
 Planning:
   Buffers: shared hit=110
 Planning Time: 0.188 ms
 Execution Time: 0.083 ms
(10 rows)

