SET
SET
SET
SET
SET
                                             QUERY PLAN                                             
----------------------------------------------------------------------------------------------------
 Index Scan Backward using idx on public.t (actual rows=8192.00 loops=1)
   Output: a, b
   Index Cond: ((t.a >= '-14077'::integer) AND (t.a <= '-9982'::integer))
   Index Searches: 1
   Prefetch: distance=2.012 count=253 stalls=3302 skipped=4482 resets=0 ungets=0 forwarded=0
             histogram [2,4) => 252, [4,8) => 1
   Buffers: shared hit=3489 read=157
 Settings: enable_bitmapscan = 'off', enable_seqscan = 'off', max_parallel_workers_per_gather = '0'
 Planning:
   Buffers: shared hit=86 read=27
 Planning Time: 1.794 ms
 Execution Time: 4.367 ms
(12 rows)

SET
SET
SET
SET
SET
                                             QUERY PLAN                                             
----------------------------------------------------------------------------------------------------
 Index Scan Backward using idx on public.t (actual rows=8192.00 loops=1)
   Output: a, b
   Index Cond: ((t.a >= '-14077'::integer) AND (t.a <= '-9982'::integer))
   Index Searches: 1
   Buffers: shared hit=3646
 Settings: enable_bitmapscan = 'off', enable_seqscan = 'off', max_parallel_workers_per_gather = '0'
 Planning:
   Buffers: shared hit=118
 Planning Time: 0.228 ms
 Execution Time: 0.951 ms
(10 rows)

