SET
SET
SET
SET
SET
                                              QUERY PLAN                                              
------------------------------------------------------------------------------------------------------
 Index Scan Backward using idx on public.t (actual rows=2048.00 loops=1)
   Output: a, b
   Index Cond: ((t.a >= 29807) AND (t.a <= 29870))
   Index Searches: 1
   Prefetch: distance=12.306 count=36 stalls=1 skipped=1469 resets=0 ungets=1 forwarded=10
             histogram [2,4) => 8, [4,8) => 9, [8,16) => 6, [16,32) => 9, [32,64) => 2, [64,128) => 2
   Buffers: shared hit=29 read=26
 Settings: enable_bitmapscan = 'off', enable_seqscan = 'off', max_parallel_workers_per_gather = '0'
 Planning:
   Buffers: shared hit=82 read=23
 Planning Time: 0.983 ms
 Execution Time: 1.725 ms
(12 rows)

SET
SET
SET
SET
SET
                                             QUERY PLAN                                             
----------------------------------------------------------------------------------------------------
 Index Scan Backward using idx on public.t (actual rows=2048.00 loops=1)
   Output: a, b
   Index Cond: ((t.a >= 29807) AND (t.a <= 29870))
   Index Searches: 1
   Buffers: shared hit=55
 Settings: enable_bitmapscan = 'off', enable_seqscan = 'off', max_parallel_workers_per_gather = '0'
 Planning:
   Buffers: shared hit=110
 Planning Time: 0.173 ms
 Execution Time: 0.121 ms
(10 rows)

