SET
SET
SET
SET
SET
                                             QUERY PLAN                                             
----------------------------------------------------------------------------------------------------
 Index Scan Backward using idx on public.t (actual rows=4096.00 loops=1)
   Output: a, b
   Index Cond: ((t.a >= '-21920'::integer) AND (t.a <= '-19873'::integer))
   Index Searches: 1
   Prefetch: distance=2.000 count=116 stalls=1577 skipped=2140 resets=0 ungets=0 forwarded=0
             histogram [2,4) => 116
   Buffers: shared hit=1749 read=82
 Settings: enable_bitmapscan = 'off', enable_seqscan = 'off', max_parallel_workers_per_gather = '0'
 Planning:
   Buffers: shared hit=86 read=27
 Planning Time: 1.784 ms
 Execution Time: 3.007 ms
(12 rows)

SET
SET
SET
SET
SET
                                             QUERY PLAN                                             
----------------------------------------------------------------------------------------------------
 Index Scan Backward using idx on public.t (actual rows=4096.00 loops=1)
   Output: a, b
   Index Cond: ((t.a >= '-21920'::integer) AND (t.a <= '-19873'::integer))
   Index Searches: 1
   Buffers: shared hit=1831
 Settings: enable_bitmapscan = 'off', enable_seqscan = 'off', max_parallel_workers_per_gather = '0'
 Planning:
   Buffers: shared hit=118
 Planning Time: 0.130 ms
 Execution Time: 0.301 ms
(10 rows)

