SET
SET
SET
SET
SET
                                             QUERY PLAN                                             
----------------------------------------------------------------------------------------------------
 Index Scan Backward using idx on public.t (actual rows=262144.00 loops=1)
   Output: a, b
   Index Cond: ((t.a >= '-146489'::integer) AND (t.a <= '-15418'::integer))
   Index Searches: 1
   Prefetch: distance=2.010 count=8208 stalls=107744 skipped=145951 resets=0 ungets=0 forwarded=0
             histogram [2,4) => 8182, [4,8) => 26
   Buffers: shared hit=111958 read=4751
 Settings: enable_bitmapscan = 'off', enable_seqscan = 'off', max_parallel_workers_per_gather = '0'
 Planning:
   Buffers: shared hit=82 read=27
 Planning Time: 2.172 ms
 Execution Time: 102.938 ms
(12 rows)

SET
SET
SET
SET
SET
                                             QUERY PLAN                                             
----------------------------------------------------------------------------------------------------
 Index Scan Backward using idx on public.t (actual rows=262144.00 loops=1)
   Output: a, b
   Index Cond: ((t.a >= '-146489'::integer) AND (t.a <= '-15418'::integer))
   Index Searches: 1
   Buffers: shared hit=116709
 Settings: enable_bitmapscan = 'off', enable_seqscan = 'off', max_parallel_workers_per_gather = '0'
 Planning:
   Buffers: shared hit=114
 Planning Time: 0.187 ms
 Execution Time: 24.487 ms
(10 rows)

