SET
SET
SET
SET
SET
                                                                     QUERY PLAN                                                                     
----------------------------------------------------------------------------------------------------------------------------------------------------
 Index Scan Backward using idx on public.t (actual rows=8048576.00 loops=1)
   Output: a, b
   Index Cond: ((t.a >= '-4045711'::integer) AND (t.a <= '-21424'::integer))
   Index Searches: 1
   Prefetch: distance=262.293 count=3693480 stalls=1 skipped=4492088 resets=0 ungets=136996 forwarded=2397
             histogram [2,4) => 3, [4,8) => 8, [8,16) => 8, [16,32) => 15, [32,64) => 24, [64,128) => 36, [128,256) => 733559, [256,512) => 2959827
   Buffers: shared hit=3430557 read=145593
 Settings: enable_bitmapscan = 'off', enable_seqscan = 'off', max_parallel_workers_per_gather = '0'
 Planning:
   Buffers: shared hit=82 read=27
 Planning Time: 2.152 ms
 Execution Time: 2529.610 ms
(12 rows)

SET
SET
SET
SET
SET
                                             QUERY PLAN                                             
----------------------------------------------------------------------------------------------------
 Index Scan Backward using idx on public.t (actual rows=8048576.00 loops=1)
   Output: a, b
   Index Cond: ((t.a >= '-4045711'::integer) AND (t.a <= '-21424'::integer))
   Index Searches: 1
   Buffers: shared hit=3576316
 Settings: enable_bitmapscan = 'off', enable_seqscan = 'off', max_parallel_workers_per_gather = '0'
 Planning:
   Buffers: shared hit=114
 Planning Time: 0.237 ms
 Execution Time: 880.583 ms
(10 rows)

