SET
SET
SET
SET
SET
                                                                QUERY PLAN                                                                
------------------------------------------------------------------------------------------------------------------------------------------
 Index Scan Backward using idx on public.t (actual rows=8192.00 loops=1)
   Output: a, b
   Index Cond: ((t.a >= 11490) AND (t.a <= 11745))
   Index Searches: 1
   Prefetch: distance=233.990 count=292 stalls=3 skipped=7381 resets=0 ungets=123 forwarded=48
             histogram [2,4) => 14, [4,8) => 7, [8,16) => 5, [16,32) => 12, [32,64) => 4, [64,128) => 1, [128,256) => 2, [256,512) => 247
   Buffers: shared hit=107 read=88
 Settings: enable_bitmapscan = 'off', enable_seqscan = 'off', max_parallel_workers_per_gather = '0'
 Planning:
   Buffers: shared hit=82 read=23
 Planning Time: 1.022 ms
 Execution Time: 3.435 ms
(12 rows)

SET
SET
SET
SET
SET
                                             QUERY PLAN                                             
----------------------------------------------------------------------------------------------------
 Index Scan Backward using idx on public.t (actual rows=8192.00 loops=1)
   Output: a, b
   Index Cond: ((t.a >= 11490) AND (t.a <= 11745))
   Index Searches: 1
   Buffers: shared hit=198
 Settings: enable_bitmapscan = 'off', enable_seqscan = 'off', max_parallel_workers_per_gather = '0'
 Planning:
   Buffers: shared hit=110
 Planning Time: 0.179 ms
 Execution Time: 0.386 ms
(10 rows)

