SET
SET
SET
SET
SET
                                             QUERY PLAN                                             
----------------------------------------------------------------------------------------------------
 Index Scan using idx on public.t (actual rows=1024.00 loops=1)
   Output: a, b
   Index Cond: ((t.a >= '-30854'::integer) AND (t.a <= '-30343'::integer))
   Index Searches: 1
   Prefetch: distance=2.000 count=26 stalls=350 skipped=467 resets=0 ungets=0 forwarded=0
             histogram [2,4) => 26
   Buffers: shared hit=442 read=28
 Settings: enable_bitmapscan = 'off', enable_seqscan = 'off', max_parallel_workers_per_gather = '0'
 Planning:
   Buffers: shared hit=82 read=27
 Planning Time: 1.078 ms
 Execution Time: 2.043 ms
(12 rows)

SET
SET
SET
SET
SET
                                             QUERY PLAN                                             
----------------------------------------------------------------------------------------------------
 Index Scan using idx on public.t (actual rows=1024.00 loops=1)
   Output: a, b
   Index Cond: ((t.a >= '-30854'::integer) AND (t.a <= '-30343'::integer))
   Index Searches: 1
   Buffers: shared hit=470
 Settings: enable_bitmapscan = 'off', enable_seqscan = 'off', max_parallel_workers_per_gather = '0'
 Planning:
   Buffers: shared hit=114
 Planning Time: 0.125 ms
 Execution Time: 0.099 ms
(10 rows)

