SET
SET
SET
SET
SET
                                             QUERY PLAN                                             
----------------------------------------------------------------------------------------------------
 Index Scan using idx on public.t (actual rows=512.00 loops=1)
   Output: a, b
   Index Cond: ((t.a >= '-12150'::integer) AND (t.a <= '-11895'::integer))
   Index Searches: 1
   Prefetch: distance=2.000 count=10 stalls=159 skipped=218 resets=0 ungets=0 forwarded=0
             histogram [2,4) => 10
   Buffers: shared hit=212 read=18
 Settings: enable_bitmapscan = 'off', enable_seqscan = 'off', max_parallel_workers_per_gather = '0'
 Planning:
   Buffers: shared hit=82 read=27
 Planning Time: 1.052 ms
 Execution Time: 1.367 ms
(12 rows)

SET
SET
SET
SET
SET
                                             QUERY PLAN                                             
----------------------------------------------------------------------------------------------------
 Index Scan using idx on public.t (actual rows=512.00 loops=1)
   Output: a, b
   Index Cond: ((t.a >= '-12150'::integer) AND (t.a <= '-11895'::integer))
   Index Searches: 1
   Buffers: shared hit=230
 Settings: enable_bitmapscan = 'off', enable_seqscan = 'off', max_parallel_workers_per_gather = '0'
 Planning:
   Buffers: shared hit=114
 Planning Time: 0.159 ms
 Execution Time: 0.067 ms
(10 rows)

