SET
SET
SET
SET
SET
                                             QUERY PLAN                                             
----------------------------------------------------------------------------------------------------
 Index Scan using idx on public.t (actual rows=8192.00 loops=1)
   Output: a, b
   Index Cond: ((t.a >= '-28925'::integer) AND (t.a <= '-24830'::integer))
   Index Searches: 1
   Prefetch: distance=2.000 count=248 stalls=3202 skipped=4359 resets=0 ungets=0 forwarded=0
             histogram [2,4) => 248
   Buffers: shared hit=3482 read=158
 Settings: enable_bitmapscan = 'off', enable_seqscan = 'off', max_parallel_workers_per_gather = '0'
 Planning:
   Buffers: shared hit=82 read=27
 Planning Time: 1.543 ms
 Execution Time: 10.136 ms
(12 rows)

SET
SET
SET
SET
SET
                                             QUERY PLAN                                             
----------------------------------------------------------------------------------------------------
 Index Scan using idx on public.t (actual rows=8192.00 loops=1)
   Output: a, b
   Index Cond: ((t.a >= '-28925'::integer) AND (t.a <= '-24830'::integer))
   Index Searches: 1
   Buffers: shared hit=3640
 Settings: enable_bitmapscan = 'off', enable_seqscan = 'off', max_parallel_workers_per_gather = '0'
 Planning:
   Buffers: shared hit=114
 Planning Time: 0.193 ms
 Execution Time: 0.901 ms
(10 rows)

