SET
SET
SET
SET
SET
                                                                 QUERY PLAN                                                                 
--------------------------------------------------------------------------------------------------------------------------------------------
 Index Scan Backward using idx on public.t (actual rows=7048576.00 loops=1)
   Output: a, b
   Index Cond: ((t.a >= 16363) AND (t.a <= 236630))
   Index Searches: 1
   Prefetch: distance=271.948 count=308195 stalls=8 skipped=6891978 resets=0 ungets=152564 forwarded=43350
             histogram [2,4) => 18, [4,8) => 8, [8,16) => 6, [16,32) => 9, [32,64) => 2, [64,128) => 3, [128,256) => 1, [256,512) => 308148
   Buffers: shared hit=89220 read=72171
 Settings: enable_bitmapscan = 'off', enable_seqscan = 'off', max_parallel_workers_per_gather = '0'
 Planning:
   Buffers: shared hit=82 read=23
 Planning Time: 1.811 ms
 Execution Time: 1926.906 ms
(12 rows)

SET
SET
SET
SET
SET
                                             QUERY PLAN                                             
----------------------------------------------------------------------------------------------------
 Index Scan Backward using idx on public.t (actual rows=7048576.00 loops=1)
   Output: a, b
   Index Cond: ((t.a >= 16363) AND (t.a <= 236630))
   Index Searches: 1
   Buffers: shared hit=161960
 Settings: enable_bitmapscan = 'off', enable_seqscan = 'off', max_parallel_workers_per_gather = '0'
 Planning:
   Buffers: shared hit=110
 Planning Time: 0.212 ms
 Execution Time: 272.588 ms
(10 rows)

