SET
SET
SET
SET
SET
                                             QUERY PLAN                                             
----------------------------------------------------------------------------------------------------
 Index Scan using idx on public.t (actual rows=512.00 loops=1)
   Output: a, b
   Index Cond: ((t.a >= '-11651'::integer) AND (t.a <= '-11396'::integer))
   Index Searches: 1
   Prefetch: distance=2.000 count=4 stalls=67 skipped=96 resets=0 ungets=0 forwarded=0
             histogram [2,4) => 4
   Buffers: shared hit=212 read=18
 Settings: enable_bitmapscan = 'off', enable_seqscan = 'off', max_parallel_workers_per_gather = '0'
 Planning:
   Buffers: shared hit=82 read=27
 Planning Time: 1.320 ms
 Execution Time: 1.522 ms
(12 rows)

SET
SET
SET
SET
SET
                                             QUERY PLAN                                             
----------------------------------------------------------------------------------------------------
 Index Scan using idx on public.t (actual rows=512.00 loops=1)
   Output: a, b
   Index Cond: ((t.a >= '-11651'::integer) AND (t.a <= '-11396'::integer))
   Index Searches: 1
   Buffers: shared hit=230
 Settings: enable_bitmapscan = 'off', enable_seqscan = 'off', max_parallel_workers_per_gather = '0'
 Planning:
   Buffers: shared hit=114
 Planning Time: 0.196 ms
 Execution Time: 0.101 ms
(10 rows)

