SET
SET
SET
SET
SET
                                             QUERY PLAN                                             
----------------------------------------------------------------------------------------------------
 Index Scan using idx on public.t (actual rows=8192.00 loops=1)
   Output: a, b
   Index Cond: ((t.a >= '-10367'::integer) AND (t.a <= '-6272'::integer))
   Index Searches: 1
   Prefetch: distance=2.032 count=250 stalls=3280 skipped=4449 resets=0 ungets=0 forwarded=0
             histogram [2,4) => 246, [4,8) => 4
   Buffers: shared hit=3488 read=156
 Settings: enable_bitmapscan = 'off', enable_seqscan = 'off', max_parallel_workers_per_gather = '0'
 Planning:
   Buffers: shared hit=82 read=27
 Planning Time: 1.521 ms
 Execution Time: 10.153 ms
(12 rows)

SET
SET
SET
SET
SET
                                             QUERY PLAN                                             
----------------------------------------------------------------------------------------------------
 Index Scan using idx on public.t (actual rows=8192.00 loops=1)
   Output: a, b
   Index Cond: ((t.a >= '-10367'::integer) AND (t.a <= '-6272'::integer))
   Index Searches: 1
   Buffers: shared hit=3644
 Settings: enable_bitmapscan = 'off', enable_seqscan = 'off', max_parallel_workers_per_gather = '0'
 Planning:
   Buffers: shared hit=114
 Planning Time: 0.130 ms
 Execution Time: 0.567 ms
(10 rows)

