SET
SET
SET
SET
SET
                                             QUERY PLAN                                             
----------------------------------------------------------------------------------------------------
 Index Scan using idx on public.t (actual rows=256.00 loops=1)
   Output: a, b
   Index Cond: ((t.a >= '-2431'::integer) AND (t.a <= '-2304'::integer))
   Index Searches: 1
   Prefetch: distance=2.000 count=2 stalls=36 skipped=43 resets=0 ungets=0 forwarded=0
             histogram [2,4) => 2
   Buffers: shared hit=110 read=13
 Settings: enable_bitmapscan = 'off', enable_seqscan = 'off', max_parallel_workers_per_gather = '0'
 Planning:
   Buffers: shared hit=82 read=27
 Planning Time: 1.016 ms
 Execution Time: 0.915 ms
(12 rows)

SET
SET
SET
SET
SET
                                             QUERY PLAN                                             
----------------------------------------------------------------------------------------------------
 Index Scan using idx on public.t (actual rows=256.00 loops=1)
   Output: a, b
   Index Cond: ((t.a >= '-2431'::integer) AND (t.a <= '-2304'::integer))
   Index Searches: 1
   Buffers: shared hit=123
 Settings: enable_bitmapscan = 'off', enable_seqscan = 'off', max_parallel_workers_per_gather = '0'
 Planning:
   Buffers: shared hit=114
 Planning Time: 0.188 ms
 Execution Time: 0.073 ms
(10 rows)

