SET
SET
SET
SET
SET
                                             QUERY PLAN                                             
----------------------------------------------------------------------------------------------------
 Index Scan using idx on public.t (actual rows=512.00 loops=1)
   Output: a, b
   Index Cond: ((t.a >= '-7067'::integer) AND (t.a <= '-6812'::integer))
   Index Searches: 1
   Prefetch: distance=2.000 count=10 stalls=169 skipped=224 resets=0 ungets=0 forwarded=0
             histogram [2,4) => 10
   Buffers: shared hit=219 read=17
 Settings: enable_bitmapscan = 'off', enable_seqscan = 'off', max_parallel_workers_per_gather = '0'
 Planning:
   Buffers: shared hit=82 read=27
 Planning Time: 1.020 ms
 Execution Time: 1.279 ms
(12 rows)

SET
SET
SET
SET
SET
                                             QUERY PLAN                                             
----------------------------------------------------------------------------------------------------
 Index Scan using idx on public.t (actual rows=512.00 loops=1)
   Output: a, b
   Index Cond: ((t.a >= '-7067'::integer) AND (t.a <= '-6812'::integer))
   Index Searches: 1
   Buffers: shared hit=236
 Settings: enable_bitmapscan = 'off', enable_seqscan = 'off', max_parallel_workers_per_gather = '0'
 Planning:
   Buffers: shared hit=114
 Planning Time: 0.187 ms
 Execution Time: 0.105 ms
(10 rows)

