SET
SET
SET
SET
SET
                                             QUERY PLAN                                             
----------------------------------------------------------------------------------------------------
 Index Scan using idx on public.t (actual rows=8192.00 loops=1)
   Output: a, b
   Index Cond: ((t.a >= '-28564'::integer) AND (t.a <= '-24469'::integer))
   Index Searches: 1
   Prefetch: distance=2.000 count=254 stalls=3335 skipped=4536 resets=0 ungets=0 forwarded=0
             histogram [2,4) => 254
   Buffers: shared hit=3488 read=157
 Settings: enable_bitmapscan = 'off', enable_seqscan = 'off', max_parallel_workers_per_gather = '0'
 Planning:
   Buffers: shared hit=82 read=27
 Planning Time: 1.064 ms
 Execution Time: 10.034 ms
(12 rows)

SET
SET
SET
SET
SET
                                             QUERY PLAN                                             
----------------------------------------------------------------------------------------------------
 Index Scan using idx on public.t (actual rows=8192.00 loops=1)
   Output: a, b
   Index Cond: ((t.a >= '-28564'::integer) AND (t.a <= '-24469'::integer))
   Index Searches: 1
   Buffers: shared hit=3645
 Settings: enable_bitmapscan = 'off', enable_seqscan = 'off', max_parallel_workers_per_gather = '0'
 Planning:
   Buffers: shared hit=114
 Planning Time: 0.207 ms
 Execution Time: 0.960 ms
(10 rows)

