SET
SET
SET
SET
SET
                                             QUERY PLAN                                             
----------------------------------------------------------------------------------------------------
 Index Scan using idx on public.t (actual rows=4096.00 loops=1)
   Output: a, b
   Index Cond: ((t.a >= '-6698'::integer) AND (t.a <= '-4651'::integer))
   Index Searches: 1
   Prefetch: distance=2.000 count=122 stalls=1601 skipped=2190 resets=0 ungets=0 forwarded=0
             histogram [2,4) => 122
   Buffers: shared hit=1740 read=82
 Settings: enable_bitmapscan = 'off', enable_seqscan = 'off', max_parallel_workers_per_gather = '0'
 Planning:
   Buffers: shared hit=82 read=27
 Planning Time: 1.488 ms
 Execution Time: 4.997 ms
(12 rows)

SET
SET
SET
SET
SET
                                             QUERY PLAN                                             
----------------------------------------------------------------------------------------------------
 Index Scan using idx on public.t (actual rows=4096.00 loops=1)
   Output: a, b
   Index Cond: ((t.a >= '-6698'::integer) AND (t.a <= '-4651'::integer))
   Index Searches: 1
   Buffers: shared hit=1822
 Settings: enable_bitmapscan = 'off', enable_seqscan = 'off', max_parallel_workers_per_gather = '0'
 Planning:
   Buffers: shared hit=114
 Planning Time: 0.197 ms
 Execution Time: 0.507 ms
(10 rows)

