SET
SET
SET
SET
SET
                                             QUERY PLAN                                             
----------------------------------------------------------------------------------------------------
 Index Scan using idx on public.t (actual rows=2048.00 loops=1)
   Output: a, b
   Index Cond: ((t.a >= '-23560'::integer) AND (t.a <= '-22537'::integer))
   Index Searches: 1
   Prefetch: distance=2.000 count=58 stalls=764 skipped=1017 resets=0 ungets=0 forwarded=0
             histogram [2,4) => 58
   Buffers: shared hit=880 read=46
 Settings: enable_bitmapscan = 'off', enable_seqscan = 'off', max_parallel_workers_per_gather = '0'
 Planning:
   Buffers: shared hit=82 read=27
 Planning Time: 1.312 ms
 Execution Time: 1.962 ms
(12 rows)

SET
SET
SET
SET
SET
                                             QUERY PLAN                                             
----------------------------------------------------------------------------------------------------
 Index Scan using idx on public.t (actual rows=2048.00 loops=1)
   Output: a, b
   Index Cond: ((t.a >= '-23560'::integer) AND (t.a <= '-22537'::integer))
   Index Searches: 1
   Buffers: shared hit=926
 Settings: enable_bitmapscan = 'off', enable_seqscan = 'off', max_parallel_workers_per_gather = '0'
 Planning:
   Buffers: shared hit=114
 Planning Time: 0.197 ms
 Execution Time: 0.260 ms
(10 rows)

