SET
SET
SET
SET
SET
                                             QUERY PLAN                                             
----------------------------------------------------------------------------------------------------
 Index Scan Backward using idx on public.t (actual rows=8192.00 loops=1)
   Output: a, b
   Index Cond: ((t.a >= '-12320'::integer) AND (t.a <= '-8225'::integer))
   Index Searches: 1
   Prefetch: distance=2.011 count=263 stalls=3345 skipped=4571 resets=0 ungets=0 forwarded=0
             histogram [2,4) => 262, [4,8) => 1
   Buffers: shared hit=3482 read=158
 Settings: enable_bitmapscan = 'off', enable_seqscan = 'off', max_parallel_workers_per_gather = '0'
 Planning:
   Buffers: shared hit=86 read=27
 Planning Time: 1.815 ms
 Execution Time: 3.912 ms
(12 rows)

SET
SET
SET
SET
SET
                                             QUERY PLAN                                             
----------------------------------------------------------------------------------------------------
 Index Scan Backward using idx on public.t (actual rows=8192.00 loops=1)
   Output: a, b
   Index Cond: ((t.a >= '-12320'::integer) AND (t.a <= '-8225'::integer))
   Index Searches: 1
   Buffers: shared hit=3640
 Settings: enable_bitmapscan = 'off', enable_seqscan = 'off', max_parallel_workers_per_gather = '0'
 Planning:
   Buffers: shared hit=118
 Planning Time: 0.195 ms
 Execution Time: 0.939 ms
(10 rows)

