SET
SET
SET
SET
SET
                                             QUERY PLAN                                             
----------------------------------------------------------------------------------------------------
 Index Scan Backward using idx on public.t (actual rows=1024.00 loops=1)
   Output: a, b
   Index Cond: ((t.a >= '-20139'::integer) AND (t.a <= '-19628'::integer))
   Index Searches: 1
   Prefetch: distance=2.000 count=20 stalls=288 skipped=369 resets=0 ungets=0 forwarded=0
             histogram [2,4) => 20
   Buffers: shared hit=445 read=27
 Settings: enable_bitmapscan = 'off', enable_seqscan = 'off', max_parallel_workers_per_gather = '0'
 Planning:
   Buffers: shared hit=86 read=27
 Planning Time: 1.317 ms
 Execution Time: 1.281 ms
(12 rows)

SET
SET
SET
SET
SET
                                             QUERY PLAN                                             
----------------------------------------------------------------------------------------------------
 Index Scan Backward using idx on public.t (actual rows=1024.00 loops=1)
   Output: a, b
   Index Cond: ((t.a >= '-20139'::integer) AND (t.a <= '-19628'::integer))
   Index Searches: 1
   Buffers: shared hit=472
 Settings: enable_bitmapscan = 'off', enable_seqscan = 'off', max_parallel_workers_per_gather = '0'
 Planning:
   Buffers: shared hit=118
 Planning Time: 0.211 ms
 Execution Time: 0.161 ms
(10 rows)

