SET
SET
SET
SET
SET
                                             QUERY PLAN                                             
----------------------------------------------------------------------------------------------------
 Index Scan Backward using idx on public.t (actual rows=256.00 loops=1)
   Output: a, b
   Index Cond: ((t.a >= '-26773'::integer) AND (t.a <= '-26646'::integer))
   Index Searches: 1
   Prefetch: distance=2.000 count=4 stalls=54 skipped=79 resets=0 ungets=0 forwarded=0
             histogram [2,4) => 4
   Buffers: shared hit=101 read=15
 Settings: enable_bitmapscan = 'off', enable_seqscan = 'off', max_parallel_workers_per_gather = '0'
 Planning:
   Buffers: shared hit=86 read=27
 Planning Time: 1.204 ms
 Execution Time: 1.086 ms
(12 rows)

SET
SET
SET
SET
SET
                                             QUERY PLAN                                             
----------------------------------------------------------------------------------------------------
 Index Scan Backward using idx on public.t (actual rows=256.00 loops=1)
   Output: a, b
   Index Cond: ((t.a >= '-26773'::integer) AND (t.a <= '-26646'::integer))
   Index Searches: 1
   Buffers: shared hit=116
 Settings: enable_bitmapscan = 'off', enable_seqscan = 'off', max_parallel_workers_per_gather = '0'
 Planning:
   Buffers: shared hit=118
 Planning Time: 0.194 ms
 Execution Time: 0.070 ms
(10 rows)

