SET
SET
SET
SET
SET
                                                              QUERY PLAN                                                               
---------------------------------------------------------------------------------------------------------------------------------------
 Index Scan Backward using idx on public.t (actual rows=8.00 loops=1)
   Output: a, b
   Index Cond: ((t.a >= '-16131'::integer) AND (t.a <= '-16128'::integer))
   Index Searches: 1
   Buffers: shared hit=6 read=4
 Settings: enable_bitmapscan = 'off', enable_seqscan = 'off', max_parallel_workers_per_gather = '0', enable_indexscan_prefetch = 'off'
 Planning:
   Buffers: shared hit=86 read=27
 Planning Time: 1.053 ms
 Execution Time: 0.431 ms
(10 rows)

SET
SET
SET
SET
SET
                                                              QUERY PLAN                                                               
---------------------------------------------------------------------------------------------------------------------------------------
 Index Scan Backward using idx on public.t (actual rows=8.00 loops=1)
   Output: a, b
   Index Cond: ((t.a >= '-16131'::integer) AND (t.a <= '-16128'::integer))
   Index Searches: 1
   Buffers: shared hit=10
 Settings: enable_bitmapscan = 'off', enable_seqscan = 'off', max_parallel_workers_per_gather = '0', enable_indexscan_prefetch = 'off'
 Planning:
   Buffers: shared hit=118
 Planning Time: 0.196 ms
 Execution Time: 0.026 ms
(10 rows)

