SET
SET
SET
SET
SET
                                             QUERY PLAN                                             
----------------------------------------------------------------------------------------------------
 Index Scan Backward using idx on public.t (actual rows=8192.00 loops=1)
   Output: a, b
   Index Cond: ((t.a >= '-20046'::integer) AND (t.a <= '-15951'::integer))
   Index Searches: 1
   Prefetch: distance=2.028 count=248 stalls=3191 skipped=4360 resets=0 ungets=0 forwarded=0
             histogram [2,4) => 246, [4,8) => 2
   Buffers: shared hit=3486 read=157
 Settings: enable_bitmapscan = 'off', enable_seqscan = 'off', max_parallel_workers_per_gather = '0'
 Planning:
   Buffers: shared hit=86 read=27
 Planning Time: 2.213 ms
 Execution Time: 3.509 ms
(12 rows)

SET
SET
SET
SET
SET
                                             QUERY PLAN                                             
----------------------------------------------------------------------------------------------------
 Index Scan Backward using idx on public.t (actual rows=8192.00 loops=1)
   Output: a, b
   Index Cond: ((t.a >= '-20046'::integer) AND (t.a <= '-15951'::integer))
   Index Searches: 1
   Buffers: shared hit=3643
 Settings: enable_bitmapscan = 'off', enable_seqscan = 'off', max_parallel_workers_per_gather = '0'
 Planning:
   Buffers: shared hit=118
 Planning Time: 0.221 ms
 Execution Time: 0.970 ms
(10 rows)

