SET
SET
SET
SET
SET
                                                                 QUERY PLAN                                                                 
--------------------------------------------------------------------------------------------------------------------------------------------
 Index Scan Backward using idx on public.t (actual rows=512.00 loops=1)
   Output: a, b
   Index Cond: ((t.a >= '-15184'::integer) AND (t.a <= '-14929'::integer))
   Index Searches: 1
   Prefetch: distance=183.544 count=248 stalls=1 skipped=285 resets=0 ungets=23 forwarded=5
             histogram [2,4) => 2, [4,8) => 3, [8,16) => 9, [16,32) => 14, [32,64) => 24, [64,128) => 39, [128,256) => 46, [256,512) => 111
   Buffers: shared hit=214 read=19
 Settings: enable_bitmapscan = 'off', enable_seqscan = 'off', max_parallel_workers_per_gather = '0'
 Planning:
   Buffers: shared hit=86 read=27
 Planning Time: 1.438 ms
 Execution Time: 0.642 ms
(12 rows)

SET
SET
SET
SET
SET
                                             QUERY PLAN                                             
----------------------------------------------------------------------------------------------------
 Index Scan Backward using idx on public.t (actual rows=512.00 loops=1)
   Output: a, b
   Index Cond: ((t.a >= '-15184'::integer) AND (t.a <= '-14929'::integer))
   Index Searches: 1
   Buffers: shared hit=234
 Settings: enable_bitmapscan = 'off', enable_seqscan = 'off', max_parallel_workers_per_gather = '0'
 Planning:
   Buffers: shared hit=118
 Planning Time: 0.153 ms
 Execution Time: 0.068 ms
(10 rows)

