SET
SET
SET
SET
SET
                                             QUERY PLAN                                             
----------------------------------------------------------------------------------------------------
 Index Scan Backward using idx on public.t (actual rows=4096.00 loops=1)
   Output: a, b
   Index Cond: ((t.a >= '-9979'::integer) AND (t.a <= '-7932'::integer))
   Index Searches: 1
   Prefetch: distance=2.000 count=124 stalls=1614 skipped=2167 resets=0 ungets=0 forwarded=0
             histogram [2,4) => 124
   Buffers: shared hit=1748 read=83
 Settings: enable_bitmapscan = 'off', enable_seqscan = 'off', max_parallel_workers_per_gather = '0'
 Planning:
   Buffers: shared hit=86 read=27
 Planning Time: 1.889 ms
 Execution Time: 2.694 ms
(12 rows)

SET
SET
SET
SET
SET
                                             QUERY PLAN                                             
----------------------------------------------------------------------------------------------------
 Index Scan Backward using idx on public.t (actual rows=4096.00 loops=1)
   Output: a, b
   Index Cond: ((t.a >= '-9979'::integer) AND (t.a <= '-7932'::integer))
   Index Searches: 1
   Buffers: shared hit=1831
 Settings: enable_bitmapscan = 'off', enable_seqscan = 'off', max_parallel_workers_per_gather = '0'
 Planning:
   Buffers: shared hit=118
 Planning Time: 0.226 ms
 Execution Time: 0.502 ms
(10 rows)

