SET
SET
SET
SET
SET
                                                              QUERY PLAN                                                               
---------------------------------------------------------------------------------------------------------------------------------------
 Index Scan Backward using idx on public.t (actual rows=2048.00 loops=1)
   Output: a, b
   Index Cond: ((t.a >= 26296) AND (t.a <= 26359))
   Index Searches: 1
   Prefetch: distance=47.404 count=47 stalls=3 skipped=1847 resets=0 ungets=5 forwarded=10
             histogram [2,4) => 8, [4,8) => 12, [8,16) => 7, [16,32) => 8, [32,64) => 3, [64,128) => 1, [128,256) => 4, [256,512) => 4
   Buffers: shared hit=29 read=26
 Settings: enable_bitmapscan = 'off', enable_seqscan = 'off', max_parallel_workers_per_gather = '0'
 Planning:
   Buffers: shared hit=82 read=23
 Planning Time: 1.130 ms
 Execution Time: 1.679 ms
(12 rows)

SET
SET
SET
SET
SET
                                             QUERY PLAN                                             
----------------------------------------------------------------------------------------------------
 Index Scan Backward using idx on public.t (actual rows=2048.00 loops=1)
   Output: a, b
   Index Cond: ((t.a >= 26296) AND (t.a <= 26359))
   Index Searches: 1
   Buffers: shared hit=55
 Settings: enable_bitmapscan = 'off', enable_seqscan = 'off', max_parallel_workers_per_gather = '0'
 Planning:
   Buffers: shared hit=110
 Planning Time: 0.186 ms
 Execution Time: 0.130 ms
(10 rows)

