SET
SET
SET
SET
SET
                                             QUERY PLAN                                             
----------------------------------------------------------------------------------------------------
 Index Scan Backward using idx on public.t (actual rows=512.00 loops=1)
   Output: a, b
   Index Cond: ((t.a >= '-12866'::integer) AND (t.a <= '-12611'::integer))
   Index Searches: 1
   Prefetch: distance=2.000 count=10 stalls=140 skipped=191 resets=0 ungets=0 forwarded=0
             histogram [2,4) => 10
   Buffers: shared hit=214 read=17
 Settings: enable_bitmapscan = 'off', enable_seqscan = 'off', max_parallel_workers_per_gather = '0'
 Planning:
   Buffers: shared hit=86 read=27
 Planning Time: 1.223 ms
 Execution Time: 0.808 ms
(12 rows)

SET
SET
SET
SET
SET
                                             QUERY PLAN                                             
----------------------------------------------------------------------------------------------------
 Index Scan Backward using idx on public.t (actual rows=512.00 loops=1)
   Output: a, b
   Index Cond: ((t.a >= '-12866'::integer) AND (t.a <= '-12611'::integer))
   Index Searches: 1
   Buffers: shared hit=231
 Settings: enable_bitmapscan = 'off', enable_seqscan = 'off', max_parallel_workers_per_gather = '0'
 Planning:
   Buffers: shared hit=118
 Planning Time: 0.187 ms
 Execution Time: 0.096 ms
(10 rows)

