SET
SET
SET
SET
SET
                                             QUERY PLAN                                             
----------------------------------------------------------------------------------------------------
 Index Scan Backward using idx on public.t (actual rows=64.00 loops=1)
   Output: a, b
   Index Cond: ((t.a >= '-29163'::integer) AND (t.a <= '-29132'::integer))
   Index Searches: 1
   Prefetch: distance=2.333 count=9 stalls=15 skipped=25 resets=0 ungets=0 forwarded=0
             histogram [2,4) => 8, [4,8) => 1
   Buffers: shared hit=28 read=9
 Settings: enable_bitmapscan = 'off', enable_seqscan = 'off', max_parallel_workers_per_gather = '0'
 Planning:
   Buffers: shared hit=86 read=27
 Planning Time: 1.040 ms
 Execution Time: 0.889 ms
(12 rows)

SET
SET
SET
SET
SET
                                             QUERY PLAN                                             
----------------------------------------------------------------------------------------------------
 Index Scan Backward using idx on public.t (actual rows=64.00 loops=1)
   Output: a, b
   Index Cond: ((t.a >= '-29163'::integer) AND (t.a <= '-29132'::integer))
   Index Searches: 1
   Buffers: shared hit=37
 Settings: enable_bitmapscan = 'off', enable_seqscan = 'off', max_parallel_workers_per_gather = '0'
 Planning:
   Buffers: shared hit=118
 Planning Time: 0.147 ms
 Execution Time: 0.028 ms
(10 rows)

