SET
SET
SET
SET
SET
                                             QUERY PLAN                                             
----------------------------------------------------------------------------------------------------
 Index Scan Backward using idx on public.t (actual rows=8192.00 loops=1)
   Output: a, b
   Index Cond: ((t.a >= '-29392'::integer) AND (t.a <= '-25297'::integer))
   Index Searches: 1
   Prefetch: distance=2.000 count=242 stalls=3209 skipped=4364 resets=0 ungets=0 forwarded=0
             histogram [2,4) => 242
   Buffers: shared hit=3480 read=157
 Settings: enable_bitmapscan = 'off', enable_seqscan = 'off', max_parallel_workers_per_gather = '0'
 Planning:
   Buffers: shared hit=86 read=27
 Planning Time: 1.883 ms
 Execution Time: 3.350 ms
(12 rows)

SET
SET
SET
SET
SET
                                             QUERY PLAN                                             
----------------------------------------------------------------------------------------------------
 Index Scan Backward using idx on public.t (actual rows=8192.00 loops=1)
   Output: a, b
   Index Cond: ((t.a >= '-29392'::integer) AND (t.a <= '-25297'::integer))
   Index Searches: 1
   Buffers: shared hit=3637
 Settings: enable_bitmapscan = 'off', enable_seqscan = 'off', max_parallel_workers_per_gather = '0'
 Planning:
   Buffers: shared hit=118
 Planning Time: 0.205 ms
 Execution Time: 0.969 ms
(10 rows)

