SET
SET
SET
SET
SET
                                             QUERY PLAN                                             
----------------------------------------------------------------------------------------------------
 Index Scan Backward using idx on public.t (actual rows=8192.00 loops=1)
   Output: a, b
   Index Cond: ((t.a >= '-9046'::integer) AND (t.a <= '-4951'::integer))
   Index Searches: 1
   Prefetch: distance=2.023 count=256 stalls=3345 skipped=4524 resets=0 ungets=0 forwarded=0
             histogram [2,4) => 254, [4,8) => 2
   Buffers: shared hit=3498 read=159
 Settings: enable_bitmapscan = 'off', enable_seqscan = 'off', max_parallel_workers_per_gather = '0'
 Planning:
   Buffers: shared hit=86 read=27
 Planning Time: 2.174 ms
 Execution Time: 3.584 ms
(12 rows)

SET
SET
SET
SET
SET
                                             QUERY PLAN                                             
----------------------------------------------------------------------------------------------------
 Index Scan Backward using idx on public.t (actual rows=8192.00 loops=1)
   Output: a, b
   Index Cond: ((t.a >= '-9046'::integer) AND (t.a <= '-4951'::integer))
   Index Searches: 1
   Buffers: shared hit=3657
 Settings: enable_bitmapscan = 'off', enable_seqscan = 'off', max_parallel_workers_per_gather = '0'
 Planning:
   Buffers: shared hit=118
 Planning Time: 0.185 ms
 Execution Time: 0.898 ms
(10 rows)

