SET
SET
SET
SET
SET
                                                                 QUERY PLAN                                                                 
--------------------------------------------------------------------------------------------------------------------------------------------
 Index Scan Backward using idx on public.t (actual rows=4048576.00 loops=1)
   Output: a, b
   Index Cond: ((t.a >= 6941) AND (t.a <= 133458))
   Index Searches: 1
   Prefetch: distance=271.933 count=177244 stalls=3 skipped=3958975 resets=0 ungets=87741 forwarded=24980
             histogram [2,4) => 6, [4,8) => 10, [8,16) => 9, [16,32) => 8, [32,64) => 2, [64,128) => 3, [128,256) => 1, [256,512) => 177205
   Buffers: shared hit=51325 read=41457
 Settings: enable_bitmapscan = 'off', enable_seqscan = 'off', max_parallel_workers_per_gather = '0'
 Planning:
   Buffers: shared hit=82 read=23
 Planning Time: 1.740 ms
 Execution Time: 1117.466 ms
(12 rows)

SET
SET
SET
SET
SET
                                             QUERY PLAN                                             
----------------------------------------------------------------------------------------------------
 Index Scan Backward using idx on public.t (actual rows=4048576.00 loops=1)
   Output: a, b
   Index Cond: ((t.a >= 6941) AND (t.a <= 133458))
   Index Searches: 1
   Buffers: shared hit=93128
 Settings: enable_bitmapscan = 'off', enable_seqscan = 'off', max_parallel_workers_per_gather = '0'
 Planning:
   Buffers: shared hit=110
 Planning Time: 0.219 ms
 Execution Time: 157.576 ms
(10 rows)

