SET
SET
SET
SET
SET
                                             QUERY PLAN                                             
----------------------------------------------------------------------------------------------------
 Index Scan Backward using idx on public.t (actual rows=4096.00 loops=1)
   Output: a, b
   Index Cond: ((t.a >= '-18473'::integer) AND (t.a <= '-16426'::integer))
   Index Searches: 1
   Prefetch: distance=2.000 count=120 stalls=1568 skipped=2153 resets=0 ungets=0 forwarded=0
             histogram [2,4) => 120
   Buffers: shared hit=1729 read=83
 Settings: enable_bitmapscan = 'off', enable_seqscan = 'off', max_parallel_workers_per_gather = '0'
 Planning:
   Buffers: shared hit=86 read=27
 Planning Time: 1.646 ms
 Execution Time: 3.166 ms
(12 rows)

SET
SET
SET
SET
SET
                                             QUERY PLAN                                             
----------------------------------------------------------------------------------------------------
 Index Scan Backward using idx on public.t (actual rows=4096.00 loops=1)
   Output: a, b
   Index Cond: ((t.a >= '-18473'::integer) AND (t.a <= '-16426'::integer))
   Index Searches: 1
   Buffers: shared hit=1812
 Settings: enable_bitmapscan = 'off', enable_seqscan = 'off', max_parallel_workers_per_gather = '0'
 Planning:
   Buffers: shared hit=118
 Planning Time: 0.207 ms
 Execution Time: 0.482 ms
(10 rows)

