SET
SET
SET
SET
SET
                                             QUERY PLAN                                             
----------------------------------------------------------------------------------------------------
 Index Scan Backward using idx on public.t (actual rows=2048.00 loops=1)
   Output: a, b
   Index Cond: ((t.a >= '-8659'::integer) AND (t.a <= '-7636'::integer))
   Index Searches: 1
   Prefetch: distance=2.000 count=54 stalls=697 skipped=920 resets=0 ungets=0 forwarded=0
             histogram [2,4) => 54
   Buffers: shared hit=878 read=47
 Settings: enable_bitmapscan = 'off', enable_seqscan = 'off', max_parallel_workers_per_gather = '0'
 Planning:
   Buffers: shared hit=86 read=27
 Planning Time: 1.786 ms
 Execution Time: 1.657 ms
(12 rows)

SET
SET
SET
SET
SET
                                             QUERY PLAN                                             
----------------------------------------------------------------------------------------------------
 Index Scan Backward using idx on public.t (actual rows=2048.00 loops=1)
   Output: a, b
   Index Cond: ((t.a >= '-8659'::integer) AND (t.a <= '-7636'::integer))
   Index Searches: 1
   Buffers: shared hit=925
 Settings: enable_bitmapscan = 'off', enable_seqscan = 'off', max_parallel_workers_per_gather = '0'
 Planning:
   Buffers: shared hit=118
 Planning Time: 0.188 ms
 Execution Time: 0.264 ms
(10 rows)

