SET
SET
SET
SET
SET
                                                                 QUERY PLAN                                                                 
--------------------------------------------------------------------------------------------------------------------------------------------
 Index Scan Backward using idx on public.t (actual rows=7048576.00 loops=1)
   Output: a, b
   Index Cond: ((t.a >= 5451) AND (t.a <= 225718))
   Index Searches: 1
   Prefetch: distance=271.956 count=308304 stalls=6 skipped=6892760 resets=0 ungets=152589 forwarded=43403
             histogram [2,4) => 10, [4,8) => 7, [8,16) => 6, [16,32) => 9, [32,64) => 2, [64,128) => 3, [128,256) => 1, [256,512) => 308266
   Buffers: shared hit=89254 read=72173
 Settings: enable_bitmapscan = 'off', enable_seqscan = 'off', max_parallel_workers_per_gather = '0'
 Planning:
   Buffers: shared hit=82 read=23
 Planning Time: 1.726 ms
 Execution Time: 1926.410 ms
(12 rows)

SET
SET
SET
SET
SET
                                             QUERY PLAN                                             
----------------------------------------------------------------------------------------------------
 Index Scan Backward using idx on public.t (actual rows=7048576.00 loops=1)
   Output: a, b
   Index Cond: ((t.a >= 5451) AND (t.a <= 225718))
   Index Searches: 1
   Buffers: shared hit=162022
 Settings: enable_bitmapscan = 'off', enable_seqscan = 'off', max_parallel_workers_per_gather = '0'
 Planning:
   Buffers: shared hit=110
 Planning Time: 0.212 ms
 Execution Time: 273.859 ms
(10 rows)

