SET
SET
SET
SET
SET
                                                                  QUERY PLAN                                                                  
----------------------------------------------------------------------------------------------------------------------------------------------
 Index Scan Backward using idx on public.t (actual rows=8048576.00 loops=1)
   Output: a, b
   Index Cond: ((t.a >= 30943) AND (t.a <= 282460))
   Index Searches: 1
   Prefetch: distance=271.959 count=351630 stalls=6 skipped=7870666 resets=0 ungets=174045 forwarded=49425
             histogram [2,4) => 10, [4,8) => 10, [8,16) => 10, [16,32) => 5, [32,64) => 2, [64,128) => 2, [128,256) => 3, [256,512) => 351588
   Buffers: shared hit=101692 read=82411
 Settings: enable_bitmapscan = 'off', enable_seqscan = 'off', max_parallel_workers_per_gather = '0'
 Planning:
   Buffers: shared hit=82 read=23
 Planning Time: 1.727 ms
 Execution Time: 2179.987 ms
(12 rows)

SET
SET
SET
SET
SET
                                             QUERY PLAN                                             
----------------------------------------------------------------------------------------------------
 Index Scan Backward using idx on public.t (actual rows=8048576.00 loops=1)
   Output: a, b
   Index Cond: ((t.a >= 30943) AND (t.a <= 282460))
   Index Searches: 1
   Buffers: shared hit=184788
 Settings: enable_bitmapscan = 'off', enable_seqscan = 'off', max_parallel_workers_per_gather = '0'
 Planning:
   Buffers: shared hit=110
 Planning Time: 0.220 ms
 Execution Time: 314.027 ms
(10 rows)

