SET
SET
SET
SET
SET
                                             QUERY PLAN                                             
----------------------------------------------------------------------------------------------------
 Index Scan Backward using idx on public.t (actual rows=2048.00 loops=1)
   Output: a, b
   Index Cond: ((t.a >= '-21153'::integer) AND (t.a <= '-20130'::integer))
   Index Searches: 1
   Prefetch: distance=2.000 count=62 stalls=810 skipped=1095 resets=0 ungets=0 forwarded=0
             histogram [2,4) => 62
   Buffers: shared hit=874 read=46
 Settings: enable_bitmapscan = 'off', enable_seqscan = 'off', max_parallel_workers_per_gather = '0'
 Planning:
   Buffers: shared hit=82 read=26
 Planning Time: 1.406 ms
 Execution Time: 3.660 ms
(12 rows)

SET
SET
SET
SET
SET
                                             QUERY PLAN                                             
----------------------------------------------------------------------------------------------------
 Index Scan Backward using idx on public.t (actual rows=2048.00 loops=1)
   Output: a, b
   Index Cond: ((t.a >= '-21153'::integer) AND (t.a <= '-20130'::integer))
   Index Searches: 1
   Buffers: shared hit=920
 Settings: enable_bitmapscan = 'off', enable_seqscan = 'off', max_parallel_workers_per_gather = '0'
 Planning:
   Buffers: shared hit=113
 Planning Time: 0.189 ms
 Execution Time: 0.264 ms
(10 rows)

