SET
SET
SET
SET
SET
                                             QUERY PLAN                                             
----------------------------------------------------------------------------------------------------
 Index Scan Backward using idx on public.t (actual rows=8192.00 loops=1)
   Output: a, b
   Index Cond: ((t.a >= '-15605'::integer) AND (t.a <= '-11510'::integer))
   Index Searches: 1
   Prefetch: distance=2.000 count=244 stalls=3231 skipped=4364 resets=0 ungets=0 forwarded=0
             histogram [2,4) => 244
   Buffers: shared hit=3492 read=156
 Settings: enable_bitmapscan = 'off', enable_seqscan = 'off', max_parallel_workers_per_gather = '0'
 Planning:
   Buffers: shared hit=82 read=26
 Planning Time: 1.434 ms
 Execution Time: 13.505 ms
(12 rows)

SET
SET
SET
SET
SET
                                             QUERY PLAN                                             
----------------------------------------------------------------------------------------------------
 Index Scan Backward using idx on public.t (actual rows=8192.00 loops=1)
   Output: a, b
   Index Cond: ((t.a >= '-15605'::integer) AND (t.a <= '-11510'::integer))
   Index Searches: 1
   Buffers: shared hit=3648
 Settings: enable_bitmapscan = 'off', enable_seqscan = 'off', max_parallel_workers_per_gather = '0'
 Planning:
   Buffers: shared hit=113
 Planning Time: 0.235 ms
 Execution Time: 0.992 ms
(10 rows)

