SET
SET
SET
SET
SET
                                             QUERY PLAN                                             
----------------------------------------------------------------------------------------------------
 Index Scan Backward using idx on public.t (actual rows=8192.00 loops=1)
   Output: a, b
   Index Cond: ((t.a >= '-18578'::integer) AND (t.a <= '-14483'::integer))
   Index Searches: 1
   Prefetch: distance=2.000 count=250 stalls=3241 skipped=4492 resets=0 ungets=0 forwarded=0
             histogram [2,4) => 250
   Buffers: shared hit=3456 read=156
 Settings: enable_bitmapscan = 'off', enable_seqscan = 'off', max_parallel_workers_per_gather = '0'
 Planning:
   Buffers: shared hit=82 read=26
 Planning Time: 1.271 ms
 Execution Time: 11.623 ms
(12 rows)

SET
SET
SET
SET
SET
                                             QUERY PLAN                                             
----------------------------------------------------------------------------------------------------
 Index Scan Backward using idx on public.t (actual rows=8192.00 loops=1)
   Output: a, b
   Index Cond: ((t.a >= '-18578'::integer) AND (t.a <= '-14483'::integer))
   Index Searches: 1
   Buffers: shared hit=3612
 Settings: enable_bitmapscan = 'off', enable_seqscan = 'off', max_parallel_workers_per_gather = '0'
 Planning:
   Buffers: shared hit=113
 Planning Time: 0.193 ms
 Execution Time: 0.910 ms
(10 rows)

