SET
SET
SET
SET
SET
                                             QUERY PLAN                                             
----------------------------------------------------------------------------------------------------
 Index Scan Backward using idx on public.t (actual rows=512.00 loops=1)
   Output: a, b
   Index Cond: ((t.a >= '-21558'::integer) AND (t.a <= '-21303'::integer))
   Index Searches: 1
   Prefetch: distance=2.000 count=14 stalls=173 skipped=246 resets=0 ungets=0 forwarded=0
             histogram [2,4) => 14
   Buffers: shared hit=208 read=19
 Settings: enable_bitmapscan = 'off', enable_seqscan = 'off', max_parallel_workers_per_gather = '0'
 Planning:
   Buffers: shared hit=82 read=26
 Planning Time: 1.259 ms
 Execution Time: 1.436 ms
(12 rows)

SET
SET
SET
SET
SET
                                             QUERY PLAN                                             
----------------------------------------------------------------------------------------------------
 Index Scan Backward using idx on public.t (actual rows=512.00 loops=1)
   Output: a, b
   Index Cond: ((t.a >= '-21558'::integer) AND (t.a <= '-21303'::integer))
   Index Searches: 1
   Buffers: shared hit=227
 Settings: enable_bitmapscan = 'off', enable_seqscan = 'off', max_parallel_workers_per_gather = '0'
 Planning:
   Buffers: shared hit=113
 Planning Time: 0.202 ms
 Execution Time: 0.106 ms
(10 rows)

