SET
SET
SET
SET
SET
                                             QUERY PLAN                                             
----------------------------------------------------------------------------------------------------
 Index Scan Backward using idx on public.t (actual rows=8192.00 loops=1)
   Output: a, b
   Index Cond: ((t.a >= '-10406'::integer) AND (t.a <= '-6311'::integer))
   Index Searches: 1
   Prefetch: distance=2.000 count=254 stalls=3298 skipped=4535 resets=0 ungets=0 forwarded=0
             histogram [2,4) => 254
   Buffers: shared hit=3467 read=157
 Settings: enable_bitmapscan = 'off', enable_seqscan = 'off', max_parallel_workers_per_gather = '0'
 Planning:
   Buffers: shared hit=82 read=26
 Planning Time: 1.275 ms
 Execution Time: 13.265 ms
(12 rows)

SET
SET
SET
SET
SET
                                             QUERY PLAN                                             
----------------------------------------------------------------------------------------------------
 Index Scan Backward using idx on public.t (actual rows=8192.00 loops=1)
   Output: a, b
   Index Cond: ((t.a >= '-10406'::integer) AND (t.a <= '-6311'::integer))
   Index Searches: 1
   Buffers: shared hit=3624
 Settings: enable_bitmapscan = 'off', enable_seqscan = 'off', max_parallel_workers_per_gather = '0'
 Planning:
   Buffers: shared hit=113
 Planning Time: 0.206 ms
 Execution Time: 0.942 ms
(10 rows)

