SET
SET
SET
SET
SET
                                             QUERY PLAN                                             
----------------------------------------------------------------------------------------------------
 Index Scan Backward using idx on public.t (actual rows=4096.00 loops=1)
   Output: a, b
   Index Cond: ((t.a >= '-34429'::integer) AND (t.a <= '-32382'::integer))
   Index Searches: 1
   Prefetch: distance=2.000 count=120 stalls=1593 skipped=2140 resets=0 ungets=0 forwarded=0
             histogram [2,4) => 120
   Buffers: shared hit=1748 read=83
 Settings: enable_bitmapscan = 'off', enable_seqscan = 'off', max_parallel_workers_per_gather = '0'
 Planning:
   Buffers: shared hit=82 read=26
 Planning Time: 1.269 ms
 Execution Time: 6.930 ms
(12 rows)

SET
SET
SET
SET
SET
                                             QUERY PLAN                                             
----------------------------------------------------------------------------------------------------
 Index Scan Backward using idx on public.t (actual rows=4096.00 loops=1)
   Output: a, b
   Index Cond: ((t.a >= '-34429'::integer) AND (t.a <= '-32382'::integer))
   Index Searches: 1
   Buffers: shared hit=1831
 Settings: enable_bitmapscan = 'off', enable_seqscan = 'off', max_parallel_workers_per_gather = '0'
 Planning:
   Buffers: shared hit=113
 Planning Time: 0.200 ms
 Execution Time: 0.487 ms
(10 rows)

