SET
SET
SET
SET
SET
                                             QUERY PLAN                                             
----------------------------------------------------------------------------------------------------
 Index Scan Backward using idx on public.t (actual rows=1024.00 loops=1)
   Output: a, b
   Index Cond: ((t.a >= '-13371'::integer) AND (t.a <= '-12860'::integer))
   Index Searches: 1
   Prefetch: distance=2.000 count=18 stalls=287 skipped=368 resets=0 ungets=0 forwarded=0
             histogram [2,4) => 18
   Buffers: shared hit=442 read=25
 Settings: enable_bitmapscan = 'off', enable_seqscan = 'off', max_parallel_workers_per_gather = '0'
 Planning:
   Buffers: shared hit=82 read=26
 Planning Time: 1.257 ms
 Execution Time: 2.239 ms
(12 rows)

SET
SET
SET
SET
SET
                                             QUERY PLAN                                             
----------------------------------------------------------------------------------------------------
 Index Scan Backward using idx on public.t (actual rows=1024.00 loops=1)
   Output: a, b
   Index Cond: ((t.a >= '-13371'::integer) AND (t.a <= '-12860'::integer))
   Index Searches: 1
   Buffers: shared hit=467
 Settings: enable_bitmapscan = 'off', enable_seqscan = 'off', max_parallel_workers_per_gather = '0'
 Planning:
   Buffers: shared hit=113
 Planning Time: 0.193 ms
 Execution Time: 0.150 ms
(10 rows)

