SET
SET
SET
SET
SET
                                             QUERY PLAN                                             
----------------------------------------------------------------------------------------------------
 Index Scan Backward using idx on public.t (actual rows=8192.00 loops=1)
   Output: a, b
   Index Cond: ((t.a >= '-24231'::integer) AND (t.a <= '-20136'::integer))
   Index Searches: 1
   Prefetch: distance=2.032 count=252 stalls=3288 skipped=4505 resets=0 ungets=0 forwarded=0
             histogram [2,4) => 248, [4,8) => 4
   Buffers: shared hit=3472 read=156
 Settings: enable_bitmapscan = 'off', enable_seqscan = 'off', max_parallel_workers_per_gather = '0'
 Planning:
   Buffers: shared hit=82 read=26
 Planning Time: 1.312 ms
 Execution Time: 10.184 ms
(12 rows)

SET
SET
SET
SET
SET
                                             QUERY PLAN                                             
----------------------------------------------------------------------------------------------------
 Index Scan Backward using idx on public.t (actual rows=8192.00 loops=1)
   Output: a, b
   Index Cond: ((t.a >= '-24231'::integer) AND (t.a <= '-20136'::integer))
   Index Searches: 1
   Buffers: shared hit=3628
 Settings: enable_bitmapscan = 'off', enable_seqscan = 'off', max_parallel_workers_per_gather = '0'
 Planning:
   Buffers: shared hit=113
 Planning Time: 0.188 ms
 Execution Time: 0.901 ms
(10 rows)

