SET
SET
SET
SET
SET
                                             QUERY PLAN                                             
----------------------------------------------------------------------------------------------------
 Index Scan using idx on public.t (actual rows=4096.00 loops=1)
   Output: a, b
   Index Cond: ((t.a >= '-9992'::integer) AND (t.a <= '-7945'::integer))
   Index Searches: 1
   Prefetch: distance=2.000 count=118 stalls=1537 skipped=2090 resets=0 ungets=0 forwarded=0
             histogram [2,4) => 118
   Buffers: shared hit=1738 read=83
 Settings: enable_bitmapscan = 'off', enable_seqscan = 'off', max_parallel_workers_per_gather = '0'
 Planning:
   Buffers: shared hit=86 read=26
 Planning Time: 1.532 ms
 Execution Time: 2.231 ms
(12 rows)

SET
SET
SET
SET
SET
                                             QUERY PLAN                                             
----------------------------------------------------------------------------------------------------
 Index Scan using idx on public.t (actual rows=4096.00 loops=1)
   Output: a, b
   Index Cond: ((t.a >= '-9992'::integer) AND (t.a <= '-7945'::integer))
   Index Searches: 1
   Buffers: shared hit=1821
 Settings: enable_bitmapscan = 'off', enable_seqscan = 'off', max_parallel_workers_per_gather = '0'
 Planning:
   Buffers: shared hit=117
 Planning Time: 0.192 ms
 Execution Time: 0.466 ms
(10 rows)

