SET
SET
SET
SET
SET
                                             QUERY PLAN                                             
----------------------------------------------------------------------------------------------------
 Index Scan using idx on public.t (actual rows=8192.00 loops=1)
   Output: a, b
   Index Cond: ((t.a >= '-22765'::integer) AND (t.a <= '-18670'::integer))
   Index Searches: 1
   Prefetch: distance=2.015 count=263 stalls=3337 skipped=4579 resets=0 ungets=0 forwarded=0
             histogram [2,4) => 262, [4,8) => 1
   Buffers: shared hit=3476 read=157
 Settings: enable_bitmapscan = 'off', enable_seqscan = 'off', max_parallel_workers_per_gather = '0'
 Planning:
   Buffers: shared hit=86 read=26
 Planning Time: 1.502 ms
 Execution Time: 4.085 ms
(12 rows)

SET
SET
SET
SET
SET
                                             QUERY PLAN                                             
----------------------------------------------------------------------------------------------------
 Index Scan using idx on public.t (actual rows=8192.00 loops=1)
   Output: a, b
   Index Cond: ((t.a >= '-22765'::integer) AND (t.a <= '-18670'::integer))
   Index Searches: 1
   Buffers: shared hit=3633
 Settings: enable_bitmapscan = 'off', enable_seqscan = 'off', max_parallel_workers_per_gather = '0'
 Planning:
   Buffers: shared hit=117
 Planning Time: 0.128 ms
 Execution Time: 0.573 ms
(10 rows)

