SET
SET
SET
SET
SET
                                             QUERY PLAN                                             
----------------------------------------------------------------------------------------------------
 Index Scan using idx on public.t (actual rows=256.00 loops=1)
   Output: a, b
   Index Cond: ((t.a >= '-10654'::integer) AND (t.a <= '-10527'::integer))
   Index Searches: 1
   Prefetch: distance=2.000 count=8 stalls=79 skipped=110 resets=0 ungets=0 forwarded=0
             histogram [2,4) => 8
   Buffers: shared hit=107 read=14
 Settings: enable_bitmapscan = 'off', enable_seqscan = 'off', max_parallel_workers_per_gather = '0'
 Planning:
   Buffers: shared hit=86 read=26
 Planning Time: 1.252 ms
 Execution Time: 0.779 ms
(12 rows)

SET
SET
SET
SET
SET
                                             QUERY PLAN                                             
----------------------------------------------------------------------------------------------------
 Index Scan using idx on public.t (actual rows=256.00 loops=1)
   Output: a, b
   Index Cond: ((t.a >= '-10654'::integer) AND (t.a <= '-10527'::integer))
   Index Searches: 1
   Buffers: shared hit=121
 Settings: enable_bitmapscan = 'off', enable_seqscan = 'off', max_parallel_workers_per_gather = '0'
 Planning:
   Buffers: shared hit=117
 Planning Time: 0.191 ms
 Execution Time: 0.069 ms
(10 rows)

