SET
SET
SET
SET
SET
                                             QUERY PLAN                                             
----------------------------------------------------------------------------------------------------
 Index Scan using idx on public.t (actual rows=4096.00 loops=1)
   Output: a, b
   Index Cond: ((t.a >= '-13165'::integer) AND (t.a <= '-11118'::integer))
   Index Searches: 1
   Prefetch: distance=2.000 count=126 stalls=1642 skipped=2233 resets=0 ungets=0 forwarded=0
             histogram [2,4) => 126
   Buffers: shared hit=1740 read=84
 Settings: enable_bitmapscan = 'off', enable_seqscan = 'off', max_parallel_workers_per_gather = '0'
 Planning:
   Buffers: shared hit=86 read=26
 Planning Time: 1.531 ms
 Execution Time: 1.879 ms
(12 rows)

SET
SET
SET
SET
SET
                                             QUERY PLAN                                             
----------------------------------------------------------------------------------------------------
 Index Scan using idx on public.t (actual rows=4096.00 loops=1)
   Output: a, b
   Index Cond: ((t.a >= '-13165'::integer) AND (t.a <= '-11118'::integer))
   Index Searches: 1
   Buffers: shared hit=1824
 Settings: enable_bitmapscan = 'off', enable_seqscan = 'off', max_parallel_workers_per_gather = '0'
 Planning:
   Buffers: shared hit=117
 Planning Time: 0.192 ms
 Execution Time: 0.394 ms
(10 rows)

