SET
SET
SET
SET
SET
                                             QUERY PLAN                                             
----------------------------------------------------------------------------------------------------
 Index Scan using idx on public.t (actual rows=2048.00 loops=1)
   Output: a, b
   Index Cond: ((t.a >= '-1185'::integer) AND (t.a <= '-162'::integer))
   Index Searches: 1
   Prefetch: distance=2.000 count=60 stalls=794 skipped=1111 resets=0 ungets=0 forwarded=0
             histogram [2,4) => 60
   Buffers: shared hit=855 read=45
 Settings: enable_bitmapscan = 'off', enable_seqscan = 'off', max_parallel_workers_per_gather = '0'
 Planning:
   Buffers: shared hit=86 read=26
 Planning Time: 1.425 ms
 Execution Time: 1.340 ms
(12 rows)

SET
SET
SET
SET
SET
                                             QUERY PLAN                                             
----------------------------------------------------------------------------------------------------
 Index Scan using idx on public.t (actual rows=2048.00 loops=1)
   Output: a, b
   Index Cond: ((t.a >= '-1185'::integer) AND (t.a <= '-162'::integer))
   Index Searches: 1
   Buffers: shared hit=900
 Settings: enable_bitmapscan = 'off', enable_seqscan = 'off', max_parallel_workers_per_gather = '0'
 Planning:
   Buffers: shared hit=117
 Planning Time: 0.158 ms
 Execution Time: 0.178 ms
(10 rows)

