SET
SET
SET
SET
SET
                                                                QUERY PLAN                                                                
------------------------------------------------------------------------------------------------------------------------------------------
 Index Scan Backward using idx on public.t (actual rows=16384.00 loops=1)
   Output: a, b
   Index Cond: ((t.a >= 18370) AND (t.a <= 18881))
   Index Searches: 1
   Prefetch: distance=248.808 count=626 stalls=8 skipped=15493 resets=0 ungets=283 forwarded=95
             histogram [2,4) => 24, [4,8) => 12, [8,16) => 6, [16,32) => 8, [32,64) => 3, [64,128) => 1, [128,256) => 3, [256,512) => 569
   Buffers: shared hit=206 read=172
 Settings: enable_bitmapscan = 'off', enable_seqscan = 'off', max_parallel_workers_per_gather = '0'
 Planning:
   Buffers: shared hit=82 read=23
 Planning Time: 0.997 ms
 Execution Time: 6.246 ms
(12 rows)

SET
SET
SET
SET
SET
                                             QUERY PLAN                                             
----------------------------------------------------------------------------------------------------
 Index Scan Backward using idx on public.t (actual rows=16384.00 loops=1)
   Output: a, b
   Index Cond: ((t.a >= 18370) AND (t.a <= 18881))
   Index Searches: 1
   Buffers: shared hit=381
 Settings: enable_bitmapscan = 'off', enable_seqscan = 'off', max_parallel_workers_per_gather = '0'
 Planning:
   Buffers: shared hit=110
 Planning Time: 0.185 ms
 Execution Time: 0.780 ms
(10 rows)

