SET
SET
SET
SET
SET
                                             QUERY PLAN                                             
----------------------------------------------------------------------------------------------------
 Index Scan using idx on public.t (actual rows=8192.00 loops=1)
   Output: a, b
   Index Cond: ((t.a >= '-12664'::integer) AND (t.a <= '-8569'::integer))
   Index Searches: 1
   Prefetch: distance=2.000 count=244 stalls=3223 skipped=4402 resets=0 ungets=0 forwarded=0
             histogram [2,4) => 244
   Buffers: shared hit=3475 read=156
 Settings: enable_bitmapscan = 'off', enable_seqscan = 'off', max_parallel_workers_per_gather = '0'
 Planning:
   Buffers: shared hit=86 read=26
 Planning Time: 1.756 ms
 Execution Time: 3.821 ms
(12 rows)

SET
SET
SET
SET
SET
                                             QUERY PLAN                                             
----------------------------------------------------------------------------------------------------
 Index Scan using idx on public.t (actual rows=8192.00 loops=1)
   Output: a, b
   Index Cond: ((t.a >= '-12664'::integer) AND (t.a <= '-8569'::integer))
   Index Searches: 1
   Buffers: shared hit=3631
 Settings: enable_bitmapscan = 'off', enable_seqscan = 'off', max_parallel_workers_per_gather = '0'
 Planning:
   Buffers: shared hit=117
 Planning Time: 0.134 ms
 Execution Time: 0.576 ms
(10 rows)

