SET
SET
SET
SET
SET
                                             QUERY PLAN                                             
----------------------------------------------------------------------------------------------------
 Index Scan using idx on public.t (actual rows=2048.00 loops=1)
   Output: a, b
   Index Cond: ((t.a >= '-4862'::integer) AND (t.a <= '-3839'::integer))
   Index Searches: 1
   Prefetch: distance=2.000 count=62 stalls=831 skipped=1116 resets=0 ungets=0 forwarded=0
             histogram [2,4) => 62
   Buffers: shared hit=873 read=46
 Settings: enable_bitmapscan = 'off', enable_seqscan = 'off', max_parallel_workers_per_gather = '0'
 Planning:
   Buffers: shared hit=86 read=26
 Planning Time: 1.532 ms
 Execution Time: 2.031 ms
(12 rows)

SET
SET
SET
SET
SET
                                             QUERY PLAN                                             
----------------------------------------------------------------------------------------------------
 Index Scan using idx on public.t (actual rows=2048.00 loops=1)
   Output: a, b
   Index Cond: ((t.a >= '-4862'::integer) AND (t.a <= '-3839'::integer))
   Index Searches: 1
   Buffers: shared hit=919
 Settings: enable_bitmapscan = 'off', enable_seqscan = 'off', max_parallel_workers_per_gather = '0'
 Planning:
   Buffers: shared hit=117
 Planning Time: 0.126 ms
 Execution Time: 0.168 ms
(10 rows)

