SET
SET
SET
SET
SET
                                                                QUERY PLAN                                                                 
-------------------------------------------------------------------------------------------------------------------------------------------
 Index Scan Backward using idx on public.t (actual rows=3048576.00 loops=1)
   Output: a, b
   Index Cond: ((t.a >= 21432) AND (t.a <= 116699))
   Index Searches: 1
   Prefetch: distance=271.924 count=133437 stalls=4 skipped=2980840 resets=0 ungets=66056 forwarded=18763
             histogram [2,4) => 6, [4,8) => 6, [8,16) => 8, [16,32) => 9, [32,64) => 1, [64,128) => 3, [128,256) => 1, [256,512) => 133403
   Buffers: shared hit=38636 read=31218
 Settings: enable_bitmapscan = 'off', enable_seqscan = 'off', max_parallel_workers_per_gather = '0'
 Planning:
   Buffers: shared hit=82 read=23
 Planning Time: 1.723 ms
 Execution Time: 844.011 ms
(12 rows)

SET
SET
SET
SET
SET
                                             QUERY PLAN                                             
----------------------------------------------------------------------------------------------------
 Index Scan Backward using idx on public.t (actual rows=3048576.00 loops=1)
   Output: a, b
   Index Cond: ((t.a >= 21432) AND (t.a <= 116699))
   Index Searches: 1
   Buffers: shared hit=70120
 Settings: enable_bitmapscan = 'off', enable_seqscan = 'off', max_parallel_workers_per_gather = '0'
 Planning:
   Buffers: shared hit=110
 Planning Time: 0.177 ms
 Execution Time: 119.231 ms
(10 rows)

