SET
SET
SET
SET
SET
                                                                  QUERY PLAN                                                                  
----------------------------------------------------------------------------------------------------------------------------------------------
 Index Scan Backward using idx on public.t (actual rows=4048576.00 loops=1)
   Output: a, b
   Index Cond: ((t.a >= 32149) AND (t.a <= 158666))
   Index Searches: 1
   Prefetch: distance=271.926 count=176853 stalls=6 skipped=3958902 resets=0 ungets=87536 forwarded=24876
             histogram [2,4) => 10, [4,8) => 11, [8,16) => 5, [16,32) => 10, [32,64) => 2, [64,128) => 2, [128,256) => 3, [256,512) => 176810
   Buffers: shared hit=51161 read=41456
 Settings: enable_bitmapscan = 'off', enable_seqscan = 'off', max_parallel_workers_per_gather = '0'
 Planning:
   Buffers: shared hit=82 read=23
 Planning Time: 1.787 ms
 Execution Time: 1105.747 ms
(12 rows)

SET
SET
SET
SET
SET
                                             QUERY PLAN                                             
----------------------------------------------------------------------------------------------------
 Index Scan Backward using idx on public.t (actual rows=4048576.00 loops=1)
   Output: a, b
   Index Cond: ((t.a >= 32149) AND (t.a <= 158666))
   Index Searches: 1
   Buffers: shared hit=92949
 Settings: enable_bitmapscan = 'off', enable_seqscan = 'off', max_parallel_workers_per_gather = '0'
 Planning:
   Buffers: shared hit=110
 Planning Time: 0.200 ms
 Execution Time: 158.915 ms
(10 rows)

