SET
SET
SET
SET
SET
                                                                 QUERY PLAN                                                                 
--------------------------------------------------------------------------------------------------------------------------------------------
 Index Scan Backward using idx on public.t (actual rows=7048576.00 loops=1)
   Output: a, b
   Index Cond: ((t.a >= 20523) AND (t.a <= 240790))
   Index Searches: 1
   Prefetch: distance=271.963 count=308324 stalls=1 skipped=6892018 resets=0 ungets=152618 forwarded=43378
             histogram [2,4) => 2, [4,8) => 7, [8,16) => 5, [16,32) => 10, [32,64) => 2, [64,128) => 3, [128,256) => 1, [256,512) => 308294
   Buffers: shared hit=89277 read=72172
 Settings: enable_bitmapscan = 'off', enable_seqscan = 'off', max_parallel_workers_per_gather = '0'
 Planning:
   Buffers: shared hit=82 read=23
 Planning Time: 1.732 ms
 Execution Time: 1916.055 ms
(12 rows)

SET
SET
SET
SET
SET
                                             QUERY PLAN                                             
----------------------------------------------------------------------------------------------------
 Index Scan Backward using idx on public.t (actual rows=7048576.00 loops=1)
   Output: a, b
   Index Cond: ((t.a >= 20523) AND (t.a <= 240790))
   Index Searches: 1
   Buffers: shared hit=162030
 Settings: enable_bitmapscan = 'off', enable_seqscan = 'off', max_parallel_workers_per_gather = '0'
 Planning:
   Buffers: shared hit=110
 Planning Time: 0.209 ms
 Execution Time: 294.876 ms
(10 rows)

