SET
SET
SET
SET
SET
                                             QUERY PLAN                                             
----------------------------------------------------------------------------------------------------
 Index Scan using idx on public.t (actual rows=4096.00 loops=1)
   Output: a, b
   Index Cond: ((t.a >= '-14648'::integer) AND (t.a <= '-12601'::integer))
   Index Searches: 1
   Prefetch: distance=2.000 count=116 stalls=1555 skipped=2048 resets=0 ungets=0 forwarded=0
             histogram [2,4) => 116
   Buffers: shared hit=1769 read=83
 Settings: enable_bitmapscan = 'off', enable_seqscan = 'off', max_parallel_workers_per_gather = '0'
 Planning:
   Buffers: shared hit=86 read=26
 Planning Time: 1.404 ms
 Execution Time: 2.274 ms
(12 rows)

SET
SET
SET
SET
SET
                                             QUERY PLAN                                             
----------------------------------------------------------------------------------------------------
 Index Scan using idx on public.t (actual rows=4096.00 loops=1)
   Output: a, b
   Index Cond: ((t.a >= '-14648'::integer) AND (t.a <= '-12601'::integer))
   Index Searches: 1
   Buffers: shared hit=1852
 Settings: enable_bitmapscan = 'off', enable_seqscan = 'off', max_parallel_workers_per_gather = '0'
 Planning:
   Buffers: shared hit=117
 Planning Time: 0.129 ms
 Execution Time: 0.300 ms
(10 rows)

