SET
SET
SET
SET
SET
                                             QUERY PLAN                                             
----------------------------------------------------------------------------------------------------
 Index Scan using idx on public.t (actual rows=8192.00 loops=1)
   Output: a, b
   Index Cond: ((t.a >= '-18191'::integer) AND (t.a <= '-14096'::integer))
   Index Searches: 1
   Prefetch: distance=2.012 count=251 stalls=3247 skipped=4465 resets=0 ungets=0 forwarded=0
             histogram [2,4) => 250, [4,8) => 1
   Buffers: shared hit=3465 read=158
 Settings: enable_bitmapscan = 'off', enable_seqscan = 'off', max_parallel_workers_per_gather = '0'
 Planning:
   Buffers: shared hit=86 read=26
 Planning Time: 1.582 ms
 Execution Time: 2.730 ms
(12 rows)

SET
SET
SET
SET
SET
                                             QUERY PLAN                                             
----------------------------------------------------------------------------------------------------
 Index Scan using idx on public.t (actual rows=8192.00 loops=1)
   Output: a, b
   Index Cond: ((t.a >= '-18191'::integer) AND (t.a <= '-14096'::integer))
   Index Searches: 1
   Buffers: shared hit=3623
 Settings: enable_bitmapscan = 'off', enable_seqscan = 'off', max_parallel_workers_per_gather = '0'
 Planning:
   Buffers: shared hit=117
 Planning Time: 0.220 ms
 Execution Time: 0.897 ms
(10 rows)

