SET
SET
SET
SET
SET
                                                                   QUERY PLAN                                                                    
-------------------------------------------------------------------------------------------------------------------------------------------------
 Index Scan using idx on public.t (actual rows=131072.00 loops=1)
   Output: a, b
   Index Cond: ((t.a >= '-76294'::integer) AND (t.a <= '-10759'::integer))
   Index Searches: 1
   Prefetch: distance=262.025 count=60361 stalls=1 skipped=73087 resets=0 ungets=2378 forwarded=38
             histogram [2,4) => 2, [4,8) => 6, [8,16) => 8, [16,32) => 12, [32,64) => 28, [64,128) => 23, [128,256) => 11925, [256,512) => 48357
   Buffers: shared hit=55928 read=2380
 Settings: enable_bitmapscan = 'off', enable_seqscan = 'off', max_parallel_workers_per_gather = '0'
 Planning:
   Buffers: shared hit=86 read=26
 Planning Time: 2.025 ms
 Execution Time: 22.184 ms
(12 rows)

SET
SET
SET
SET
SET
                                             QUERY PLAN                                             
----------------------------------------------------------------------------------------------------
 Index Scan using idx on public.t (actual rows=131072.00 loops=1)
   Output: a, b
   Index Cond: ((t.a >= '-76294'::integer) AND (t.a <= '-10759'::integer))
   Index Searches: 1
   Buffers: shared hit=58313
 Settings: enable_bitmapscan = 'off', enable_seqscan = 'off', max_parallel_workers_per_gather = '0'
 Planning:
   Buffers: shared hit=117
 Planning Time: 0.179 ms
 Execution Time: 9.063 ms
(10 rows)

