SET
SET
SET
SET
SET
                                                                 QUERY PLAN                                                                 
--------------------------------------------------------------------------------------------------------------------------------------------
 Index Scan using idx on public.t (actual rows=512.00 loops=1)
   Output: a, b
   Index Cond: ((t.a >= '-2892'::integer) AND (t.a <= '-2637'::integer))
   Index Searches: 1
   Prefetch: distance=94.469 count=228 stalls=2 skipped=280 resets=0 ungets=3 forwarded=2
             histogram [2,4) => 2, [4,8) => 9, [8,16) => 10, [16,32) => 26, [32,64) => 76, [64,128) => 43, [128,256) => 27, [256,512) => 35
   Buffers: shared hit=218 read=19
 Settings: enable_bitmapscan = 'off', enable_seqscan = 'off', max_parallel_workers_per_gather = '0'
 Planning:
   Buffers: shared hit=86 read=26
 Planning Time: 1.265 ms
 Execution Time: 1.080 ms
(12 rows)

SET
SET
SET
SET
SET
                                             QUERY PLAN                                             
----------------------------------------------------------------------------------------------------
 Index Scan using idx on public.t (actual rows=512.00 loops=1)
   Output: a, b
   Index Cond: ((t.a >= '-2892'::integer) AND (t.a <= '-2637'::integer))
   Index Searches: 1
   Buffers: shared hit=237
 Settings: enable_bitmapscan = 'off', enable_seqscan = 'off', max_parallel_workers_per_gather = '0'
 Planning:
   Buffers: shared hit=117
 Planning Time: 0.204 ms
 Execution Time: 0.103 ms
(10 rows)

