SET
SET
SET
SET
SET
                                             QUERY PLAN                                             
----------------------------------------------------------------------------------------------------
 Index Scan using idx on public.t (actual rows=8192.00 loops=1)
   Output: a, b
   Index Cond: ((t.a >= '-12629'::integer) AND (t.a <= '-8534'::integer))
   Index Searches: 1
   Prefetch: distance=2.000 count=242 stalls=3193 skipped=4364 resets=0 ungets=0 forwarded=0
             histogram [2,4) => 242
   Buffers: shared hit=3473 read=156
 Settings: enable_bitmapscan = 'off', enable_seqscan = 'off', max_parallel_workers_per_gather = '0'
 Planning:
   Buffers: shared hit=86 read=26
 Planning Time: 1.872 ms
 Execution Time: 3.973 ms
(12 rows)

SET
SET
SET
SET
SET
                                             QUERY PLAN                                             
----------------------------------------------------------------------------------------------------
 Index Scan using idx on public.t (actual rows=8192.00 loops=1)
   Output: a, b
   Index Cond: ((t.a >= '-12629'::integer) AND (t.a <= '-8534'::integer))
   Index Searches: 1
   Buffers: shared hit=3629
 Settings: enable_bitmapscan = 'off', enable_seqscan = 'off', max_parallel_workers_per_gather = '0'
 Planning:
   Buffers: shared hit=117
 Planning Time: 0.131 ms
 Execution Time: 0.569 ms
(10 rows)

