SET
SET
SET
SET
SET
                                             QUERY PLAN                                             
----------------------------------------------------------------------------------------------------
 Index Scan Backward using idx on public.t (actual rows=1024.00 loops=1)
   Output: a, b
   Index Cond: ((t.a >= '-11805'::integer) AND (t.a <= '-11294'::integer))
   Index Searches: 1
   Prefetch: distance=2.000 count=28 stalls=395 skipped=540 resets=0 ungets=0 forwarded=0
             histogram [2,4) => 28
   Buffers: shared hit=430 read=27
 Settings: enable_bitmapscan = 'off', enable_seqscan = 'off', max_parallel_workers_per_gather = '0'
 Planning:
   Buffers: shared hit=82 read=26
 Planning Time: 1.245 ms
 Execution Time: 2.336 ms
(12 rows)

SET
SET
SET
SET
SET
                                             QUERY PLAN                                             
----------------------------------------------------------------------------------------------------
 Index Scan Backward using idx on public.t (actual rows=1024.00 loops=1)
   Output: a, b
   Index Cond: ((t.a >= '-11805'::integer) AND (t.a <= '-11294'::integer))
   Index Searches: 1
   Buffers: shared hit=457
 Settings: enable_bitmapscan = 'off', enable_seqscan = 'off', max_parallel_workers_per_gather = '0'
 Planning:
   Buffers: shared hit=113
 Planning Time: 0.198 ms
 Execution Time: 0.156 ms
(10 rows)

