SET
SET
SET
SET
SET
                                             QUERY PLAN                                             
----------------------------------------------------------------------------------------------------
 Index Scan Backward using idx on public.t (actual rows=64.00 loops=1)
   Output: a, b
   Index Cond: ((t.a >= '-1436'::integer) AND (t.a <= '-1405'::integer))
   Index Searches: 1
   Prefetch: distance=2.000 count=2 stalls=12 skipped=19 resets=0 ungets=0 forwarded=0
             histogram [2,4) => 2
   Buffers: shared hit=20 read=11
 Settings: enable_bitmapscan = 'off', enable_seqscan = 'off', max_parallel_workers_per_gather = '0'
 Planning:
   Buffers: shared hit=82 read=26
 Planning Time: 1.242 ms
 Execution Time: 0.804 ms
(12 rows)

SET
SET
SET
SET
SET
                                             QUERY PLAN                                             
----------------------------------------------------------------------------------------------------
 Index Scan Backward using idx on public.t (actual rows=64.00 loops=1)
   Output: a, b
   Index Cond: ((t.a >= '-1436'::integer) AND (t.a <= '-1405'::integer))
   Index Searches: 1
   Buffers: shared hit=31
 Settings: enable_bitmapscan = 'off', enable_seqscan = 'off', max_parallel_workers_per_gather = '0'
 Planning:
   Buffers: shared hit=113
 Planning Time: 0.202 ms
 Execution Time: 0.041 ms
(10 rows)

