SET
SET
SET
SET
SET
                                             QUERY PLAN                                             
----------------------------------------------------------------------------------------------------
 Index Scan Backward using idx on public.t (actual rows=8192.00 loops=1)
   Output: a, b
   Index Cond: ((t.a >= '-17433'::integer) AND (t.a <= '-13338'::integer))
   Index Searches: 1
   Prefetch: distance=2.000 count=244 stalls=3207 skipped=4386 resets=0 ungets=0 forwarded=0
             histogram [2,4) => 244
   Buffers: shared hit=3482 read=156
 Settings: enable_bitmapscan = 'off', enable_seqscan = 'off', max_parallel_workers_per_gather = '0'
 Planning:
   Buffers: shared hit=82 read=26
 Planning Time: 1.299 ms
 Execution Time: 10.837 ms
(12 rows)

SET
SET
SET
SET
SET
                                             QUERY PLAN                                             
----------------------------------------------------------------------------------------------------
 Index Scan Backward using idx on public.t (actual rows=8192.00 loops=1)
   Output: a, b
   Index Cond: ((t.a >= '-17433'::integer) AND (t.a <= '-13338'::integer))
   Index Searches: 1
   Buffers: shared hit=3638
 Settings: enable_bitmapscan = 'off', enable_seqscan = 'off', max_parallel_workers_per_gather = '0'
 Planning:
   Buffers: shared hit=113
 Planning Time: 0.195 ms
 Execution Time: 0.933 ms
(10 rows)

