SET
SET
SET
SET
SET
                                             QUERY PLAN                                             
----------------------------------------------------------------------------------------------------
 Index Scan Backward using idx on public.t (actual rows=8192.00 loops=1)
   Output: a, b
   Index Cond: ((t.a >= '-31284'::integer) AND (t.a <= '-27189'::integer))
   Index Searches: 1
   Prefetch: distance=2.000 count=256 stalls=3353 skipped=4540 resets=0 ungets=0 forwarded=0
             histogram [2,4) => 256
   Buffers: shared hit=3498 read=158
 Settings: enable_bitmapscan = 'off', enable_seqscan = 'off', max_parallel_workers_per_gather = '0'
 Planning:
   Buffers: shared hit=82 read=26
 Planning Time: 1.366 ms
 Execution Time: 11.560 ms
(12 rows)

SET
SET
SET
SET
SET
                                             QUERY PLAN                                             
----------------------------------------------------------------------------------------------------
 Index Scan Backward using idx on public.t (actual rows=8192.00 loops=1)
   Output: a, b
   Index Cond: ((t.a >= '-31284'::integer) AND (t.a <= '-27189'::integer))
   Index Searches: 1
   Buffers: shared hit=3656
 Settings: enable_bitmapscan = 'off', enable_seqscan = 'off', max_parallel_workers_per_gather = '0'
 Planning:
   Buffers: shared hit=113
 Planning Time: 0.182 ms
 Execution Time: 0.793 ms
(10 rows)

