SET
SET
SET
SET
SET
                                             QUERY PLAN                                             
----------------------------------------------------------------------------------------------------
 Index Scan Backward using idx on public.t (actual rows=1024.00 loops=1)
   Output: a, b
   Index Cond: ((t.a >= '-22143'::integer) AND (t.a <= '-21632'::integer))
   Index Searches: 1
   Prefetch: distance=2.114 count=35 stalls=393 skipped=565 resets=0 ungets=0 forwarded=0
             histogram [2,4) => 33, [4,8) => 2
   Buffers: shared hit=421 read=28
 Settings: enable_bitmapscan = 'off', enable_seqscan = 'off', max_parallel_workers_per_gather = '0'
 Planning:
   Buffers: shared hit=82 read=26
 Planning Time: 1.304 ms
 Execution Time: 1.974 ms
(12 rows)

SET
SET
SET
SET
SET
                                             QUERY PLAN                                             
----------------------------------------------------------------------------------------------------
 Index Scan Backward using idx on public.t (actual rows=1024.00 loops=1)
   Output: a, b
   Index Cond: ((t.a >= '-22143'::integer) AND (t.a <= '-21632'::integer))
   Index Searches: 1
   Buffers: shared hit=449
 Settings: enable_bitmapscan = 'off', enable_seqscan = 'off', max_parallel_workers_per_gather = '0'
 Planning:
   Buffers: shared hit=113
 Planning Time: 0.189 ms
 Execution Time: 0.156 ms
(10 rows)

