SET
SET
SET
SET
                                             QUERY PLAN                                             
----------------------------------------------------------------------------------------------------
 Index Scan Backward using idx on public.t (actual rows=8.00 loops=1)
   Output: a, b
   Index Cond: ((t.a >= '-19488'::integer) AND (t.a <= '-19485'::integer))
   Index Searches: 1
   Buffers: shared hit=5 read=4
 Settings: enable_bitmapscan = 'off', enable_seqscan = 'off', max_parallel_workers_per_gather = '0'
 Planning:
   Buffers: shared hit=82 read=26
 Planning Time: 1.415 ms
 Execution Time: 0.452 ms
(10 rows)

SET
SET
SET
SET
                                             QUERY PLAN                                             
----------------------------------------------------------------------------------------------------
 Index Scan Backward using idx on public.t (actual rows=8.00 loops=1)
   Output: a, b
   Index Cond: ((t.a >= '-19488'::integer) AND (t.a <= '-19485'::integer))
   Index Searches: 1
   Buffers: shared hit=9
 Settings: enable_bitmapscan = 'off', enable_seqscan = 'off', max_parallel_workers_per_gather = '0'
 Planning:
   Buffers: shared hit=113
 Planning Time: 0.198 ms
 Execution Time: 0.030 ms
(10 rows)

