SET
SET
SET
SET
SET
                                             QUERY PLAN                                             
----------------------------------------------------------------------------------------------------
 Index Scan Backward using idx on public.t (actual rows=8192.00 loops=1)
   Output: a, b
   Index Cond: ((t.a >= '-12050'::integer) AND (t.a <= '-7955'::integer))
   Index Searches: 1
   Prefetch: distance=2.000 count=252 stalls=3288 skipped=4507 resets=0 ungets=0 forwarded=0
             histogram [2,4) => 252
   Buffers: shared hit=3477 read=157
 Settings: enable_bitmapscan = 'off', enable_seqscan = 'off', max_parallel_workers_per_gather = '0'
 Planning:
   Buffers: shared hit=82 read=26
 Planning Time: 1.482 ms
 Execution Time: 12.876 ms
(12 rows)

SET
SET
SET
SET
SET
                                             QUERY PLAN                                             
----------------------------------------------------------------------------------------------------
 Index Scan Backward using idx on public.t (actual rows=8192.00 loops=1)
   Output: a, b
   Index Cond: ((t.a >= '-12050'::integer) AND (t.a <= '-7955'::integer))
   Index Searches: 1
   Buffers: shared hit=3634
 Settings: enable_bitmapscan = 'off', enable_seqscan = 'off', max_parallel_workers_per_gather = '0'
 Planning:
   Buffers: shared hit=113
 Planning Time: 0.158 ms
 Execution Time: 0.618 ms
(10 rows)

