SET
SET
SET
SET
SET
                                             QUERY PLAN                                             
----------------------------------------------------------------------------------------------------
 Index Scan using idx on public.t (actual rows=1024.00 loops=1)
   Output: a, b
   Index Cond: ((t.a >= 16714) AND (t.a <= 16745))
   Index Searches: 1
   Prefetch: distance=2.000 count=8 stalls=7 skipped=402 resets=0 ungets=0 forwarded=0
             histogram [2,4) => 8
   Buffers: shared hit=19 read=15
 Settings: enable_bitmapscan = 'off', enable_seqscan = 'off', max_parallel_workers_per_gather = '0'
 Planning:
   Buffers: shared hit=78 read=23
 Planning Time: 0.952 ms
 Execution Time: 0.816 ms
(12 rows)

SET
SET
SET
SET
SET
                                             QUERY PLAN                                             
----------------------------------------------------------------------------------------------------
 Index Scan using idx on public.t (actual rows=1024.00 loops=1)
   Output: a, b
   Index Cond: ((t.a >= 16714) AND (t.a <= 16745))
   Index Searches: 1
   Buffers: shared hit=34
 Settings: enable_bitmapscan = 'off', enable_seqscan = 'off', max_parallel_workers_per_gather = '0'
 Planning:
   Buffers: shared hit=106
 Planning Time: 0.143 ms
 Execution Time: 0.065 ms
(10 rows)

