SET
SET
SET
SET
SET
                                             QUERY PLAN                                             
----------------------------------------------------------------------------------------------------
 Index Scan using idx on public.t (actual rows=2048.00 loops=1)
   Output: a, b
   Index Cond: ((t.a >= 16920) AND (t.a <= 16983))
   Index Searches: 1
   Prefetch: distance=2.889 count=27 stalls=6 skipped=1255 resets=0 ungets=0 forwarded=0
             histogram [2,4) => 15, [4,8) => 12
   Buffers: shared hit=34 read=26
 Settings: enable_bitmapscan = 'off', enable_seqscan = 'off', max_parallel_workers_per_gather = '0'
 Planning:
   Buffers: shared hit=78 read=23
 Planning Time: 0.933 ms
 Execution Time: 0.704 ms
(12 rows)

SET
SET
SET
SET
SET
                                             QUERY PLAN                                             
----------------------------------------------------------------------------------------------------
 Index Scan using idx on public.t (actual rows=2048.00 loops=1)
   Output: a, b
   Index Cond: ((t.a >= 16920) AND (t.a <= 16983))
   Index Searches: 1
   Buffers: shared hit=60
 Settings: enable_bitmapscan = 'off', enable_seqscan = 'off', max_parallel_workers_per_gather = '0'
 Planning:
   Buffers: shared hit=106
 Planning Time: 0.118 ms
 Execution Time: 0.101 ms
(10 rows)

