SET
SET
SET
SET
SET
                                             QUERY PLAN                                             
----------------------------------------------------------------------------------------------------
 Index Scan using idx on public.t (actual rows=8192.00 loops=1)
   Output: a, b
   Index Cond: ((t.a >= '-17165'::integer) AND (t.a <= '-13070'::integer))
   Index Searches: 1
   Prefetch: distance=2.012 count=247 stalls=3245 skipped=4449 resets=0 ungets=0 forwarded=0
             histogram [2,4) => 246, [4,8) => 1
   Buffers: shared hit=3474 read=156
 Settings: enable_bitmapscan = 'off', enable_seqscan = 'off', max_parallel_workers_per_gather = '0'
 Planning:
   Buffers: shared hit=86 read=26
 Planning Time: 1.789 ms
 Execution Time: 1.881 ms
(12 rows)

SET
SET
SET
SET
SET
                                             QUERY PLAN                                             
----------------------------------------------------------------------------------------------------
 Index Scan using idx on public.t (actual rows=8192.00 loops=1)
   Output: a, b
   Index Cond: ((t.a >= '-17165'::integer) AND (t.a <= '-13070'::integer))
   Index Searches: 1
   Buffers: shared hit=3630
 Settings: enable_bitmapscan = 'off', enable_seqscan = 'off', max_parallel_workers_per_gather = '0'
 Planning:
   Buffers: shared hit=117
 Planning Time: 0.208 ms
 Execution Time: 0.973 ms
(10 rows)

