SET
SET
SET
SET
SET
                                                                 QUERY PLAN                                                                 
--------------------------------------------------------------------------------------------------------------------------------------------
 Index Scan using idx on public.t (actual rows=16384.00 loops=1)
   Output: a, b
   Index Cond: ((t.a >= 31401) AND (t.a <= 31912))
   Index Searches: 1
   Prefetch: distance=218.298 count=547 stalls=7 skipped=15026 resets=0 ungets=195 forwarded=282
             histogram [2,4) => 12, [4,8) => 72, [8,16) => 13, [16,32) => 10, [32,64) => 4, [64,128) => 1, [128,256) => 1, [256,512) => 434
   Buffers: shared hit=217 read=172
 Settings: enable_bitmapscan = 'off', enable_seqscan = 'off', max_parallel_workers_per_gather = '0'
 Planning:
   Buffers: shared hit=78 read=23
 Planning Time: 1.137 ms
 Execution Time: 2.245 ms
(12 rows)

SET
SET
SET
SET
SET
                                             QUERY PLAN                                             
----------------------------------------------------------------------------------------------------
 Index Scan using idx on public.t (actual rows=16384.00 loops=1)
   Output: a, b
   Index Cond: ((t.a >= 31401) AND (t.a <= 31912))
   Index Searches: 1
   Buffers: shared hit=397
 Settings: enable_bitmapscan = 'off', enable_seqscan = 'off', max_parallel_workers_per_gather = '0'
 Planning:
   Buffers: shared hit=106
 Planning Time: 0.172 ms
 Execution Time: 0.783 ms
(10 rows)

