SET
SET
SET
SET
SET
                                                                QUERY PLAN                                                                 
-------------------------------------------------------------------------------------------------------------------------------------------
 Index Scan using idx on public.t (actual rows=32768.00 loops=1)
   Output: a, b
   Index Cond: ((t.a >= 27713) AND (t.a <= 28736))
   Index Searches: 1
   Prefetch: distance=263.699 count=1294 stalls=3 skipped=31770 resets=0 ungets=554 forwarded=759
             histogram [2,4) => 2, [4,8) => 7, [8,16) => 15, [16,32) => 12, [32,64) => 2, [64,128) => 3, [128,256) => 4, [256,512) => 1249
   Buffers: shared hit=431 read=340
 Settings: enable_bitmapscan = 'off', enable_seqscan = 'off', max_parallel_workers_per_gather = '0'
 Planning:
   Buffers: shared hit=78 read=23
 Planning Time: 1.484 ms
 Execution Time: 3.587 ms
(12 rows)

SET
SET
SET
SET
SET
                                             QUERY PLAN                                             
----------------------------------------------------------------------------------------------------
 Index Scan using idx on public.t (actual rows=32768.00 loops=1)
   Output: a, b
   Index Cond: ((t.a >= 27713) AND (t.a <= 28736))
   Index Searches: 1
   Buffers: shared hit=784
 Settings: enable_bitmapscan = 'off', enable_seqscan = 'off', max_parallel_workers_per_gather = '0'
 Planning:
   Buffers: shared hit=106
 Planning Time: 0.165 ms
 Execution Time: 1.423 ms
(10 rows)

