SET
SET
SET
SET
SET
                                                                QUERY PLAN                                                                 
-------------------------------------------------------------------------------------------------------------------------------------------
 Index Scan using idx on public.t (actual rows=65536.00 loops=1)
   Output: a, b
   Index Cond: ((t.a >= 23746) AND (t.a <= 25793))
   Index Searches: 1
   Prefetch: distance=265.262 count=2521 stalls=4 skipped=63426 resets=0 ungets=1086 forwarded=1502
             histogram [2,4) => 5, [4,8) => 30, [8,16) => 8, [16,32) => 13, [32,64) => 8, [64,128) => 1, [128,256) => 1, [256,512) => 2455
   Buffers: shared hit=820 read=675
 Settings: enable_bitmapscan = 'off', enable_seqscan = 'off', max_parallel_workers_per_gather = '0'
 Planning:
   Buffers: shared hit=78 read=23
 Planning Time: 1.713 ms
 Execution Time: 6.122 ms
(12 rows)

SET
SET
SET
SET
SET
                                             QUERY PLAN                                             
----------------------------------------------------------------------------------------------------
 Index Scan using idx on public.t (actual rows=65536.00 loops=1)
   Output: a, b
   Index Cond: ((t.a >= 23746) AND (t.a <= 25793))
   Index Searches: 1
   Buffers: shared hit=1515
 Settings: enable_bitmapscan = 'off', enable_seqscan = 'off', max_parallel_workers_per_gather = '0'
 Planning:
   Buffers: shared hit=106
 Planning Time: 0.173 ms
 Execution Time: 2.770 ms
(10 rows)

