SET
SET
SET
SET
SET
                                                                 QUERY PLAN                                                                 
--------------------------------------------------------------------------------------------------------------------------------------------
 Index Scan using idx on public.t (actual rows=131072.00 loops=1)
   Output: a, b
   Index Cond: ((t.a >= 23338) AND (t.a <= 27433))
   Index Searches: 1
   Prefetch: distance=269.228 count=5151 stalls=4 skipped=127908 resets=0 ungets=2248 forwarded=3051
             histogram [2,4) => 8, [4,8) => 19, [8,16) => 11, [16,32) => 15, [32,64) => 1, [64,128) => 1, [128,256) => 4, [256,512) => 5092
   Buffers: shared hit=1652 read=1346
 Settings: enable_bitmapscan = 'off', enable_seqscan = 'off', max_parallel_workers_per_gather = '0'
 Planning:
   Buffers: shared hit=78 read=23
 Planning Time: 1.714 ms
 Execution Time: 10.377 ms
(12 rows)

SET
SET
SET
SET
SET
                                             QUERY PLAN                                             
----------------------------------------------------------------------------------------------------
 Index Scan using idx on public.t (actual rows=131072.00 loops=1)
   Output: a, b
   Index Cond: ((t.a >= 23338) AND (t.a <= 27433))
   Index Searches: 1
   Buffers: shared hit=3036
 Settings: enable_bitmapscan = 'off', enable_seqscan = 'off', max_parallel_workers_per_gather = '0'
 Planning:
   Buffers: shared hit=106
 Planning Time: 0.160 ms
 Execution Time: 4.800 ms
(10 rows)

