SET
SET
SET
SET
SET
                                                                  QUERY PLAN                                                                  
----------------------------------------------------------------------------------------------------------------------------------------------
 Index Scan using idx on public.t (actual rows=524288.00 loops=1)
   Output: a, b
   Index Cond: ((t.a >= 3431) AND (t.a <= 19814))
   Index Searches: 1
   Prefetch: distance=270.655 count=20567 stalls=13 skipped=511658 resets=0 ungets=9069 forwarded=12225
             histogram [2,4) => 28, [4,8) => 48, [8,16) => 11, [16,32) => 10, [32,64) => 5, [64,128) => 1, [128,256) => 3, [256,512) => 20461
   Buffers: shared hit=6486 read=5372
 Settings: enable_bitmapscan = 'off', enable_seqscan = 'off', max_parallel_workers_per_gather = '0'
 Planning:
   Buffers: shared hit=78 read=23
 Planning Time: 1.756 ms
 Execution Time: 36.998 ms
(12 rows)

SET
SET
SET
SET
SET
                                             QUERY PLAN                                             
----------------------------------------------------------------------------------------------------
 Index Scan using idx on public.t (actual rows=524288.00 loops=1)
   Output: a, b
   Index Cond: ((t.a >= 3431) AND (t.a <= 19814))
   Index Searches: 1
   Buffers: shared hit=12006
 Settings: enable_bitmapscan = 'off', enable_seqscan = 'off', max_parallel_workers_per_gather = '0'
 Planning:
   Buffers: shared hit=106
 Planning Time: 0.176 ms
 Execution Time: 21.303 ms
(10 rows)

