SET
SET
SET
SET
SET
                                                                 QUERY PLAN                                                                  
---------------------------------------------------------------------------------------------------------------------------------------------
 Index Scan using idx on public.t (actual rows=1048576.00 loops=1)
   Output: a, b
   Index Cond: ((t.a >= 30346) AND (t.a <= 63113))
   Index Searches: 1
   Prefetch: distance=271.514 count=41329 stalls=2 skipped=1024267 resets=0 ungets=18151 forwarded=24444
             histogram [2,4) => 4, [4,8) => 44, [8,16) => 12, [16,32) => 12, [32,64) => 4, [64,128) => 1, [128,256) => 1, [256,512) => 41251
   Buffers: shared hit=13046 read=10739
 Settings: enable_bitmapscan = 'off', enable_seqscan = 'off', max_parallel_workers_per_gather = '0'
 Planning:
   Buffers: shared hit=78 read=23
 Planning Time: 1.737 ms
 Execution Time: 69.811 ms
(12 rows)

SET
SET
SET
SET
SET
                                             QUERY PLAN                                             
----------------------------------------------------------------------------------------------------
 Index Scan using idx on public.t (actual rows=1048576.00 loops=1)
   Output: a, b
   Index Cond: ((t.a >= 30346) AND (t.a <= 63113))
   Index Searches: 1
   Buffers: shared hit=24152
 Settings: enable_bitmapscan = 'off', enable_seqscan = 'off', max_parallel_workers_per_gather = '0'
 Planning:
   Buffers: shared hit=106
 Planning Time: 0.166 ms
 Execution Time: 42.664 ms
(10 rows)

