SET
SET
SET
SET
SET
                                                                 QUERY PLAN                                                                  
---------------------------------------------------------------------------------------------------------------------------------------------
 Index Scan using idx on public.t (actual rows=2048576.00 loops=1)
   Output: a, b
   Index Cond: ((t.a >= 28905) AND (t.a <= 92922))
   Index Searches: 1
   Prefetch: distance=271.755 count=81322 stalls=4 skipped=2003035 resets=0 ungets=35976 forwarded=48387
             histogram [2,4) => 8, [4,8) => 37, [8,16) => 12, [16,32) => 14, [32,64) => 2, [64,128) => 1, [128,256) => 4, [256,512) => 81244
   Buffers: shared hit=25628 read=20980
 Settings: enable_bitmapscan = 'off', enable_seqscan = 'off', max_parallel_workers_per_gather = '0'
 Planning:
   Buffers: shared hit=78 read=23
 Planning Time: 1.752 ms
 Execution Time: 135.069 ms
(12 rows)

SET
SET
SET
SET
SET
                                             QUERY PLAN                                             
----------------------------------------------------------------------------------------------------
 Index Scan using idx on public.t (actual rows=2048576.00 loops=1)
   Output: a, b
   Index Cond: ((t.a >= 28905) AND (t.a <= 92922))
   Index Searches: 1
   Buffers: shared hit=47188
 Settings: enable_bitmapscan = 'off', enable_seqscan = 'off', max_parallel_workers_per_gather = '0'
 Planning:
   Buffers: shared hit=106
 Planning Time: 0.172 ms
 Execution Time: 82.242 ms
(10 rows)

