SET
SET
SET
SET
SET
                                             QUERY PLAN                                             
----------------------------------------------------------------------------------------------------
 Index Scan using idx on public.t (actual rows=4096.00 loops=1)
   Output: a, b
   Index Cond: ((t.a >= '-31647'::integer) AND (t.a <= '-29600'::integer))
   Index Searches: 1
   Prefetch: distance=2.024 count=127 stalls=1662 skipped=2230 resets=0 ungets=0 forwarded=0
             histogram [2,4) => 126, [4,8) => 1
   Buffers: shared hit=1754 read=83
 Settings: enable_bitmapscan = 'off', enable_seqscan = 'off', max_parallel_workers_per_gather = '0'
 Planning:
   Buffers: shared hit=86 read=26
 Planning Time: 1.403 ms
 Execution Time: 1.940 ms
(12 rows)

SET
SET
SET
SET
SET
                                             QUERY PLAN                                             
----------------------------------------------------------------------------------------------------
 Index Scan using idx on public.t (actual rows=4096.00 loops=1)
   Output: a, b
   Index Cond: ((t.a >= '-31647'::integer) AND (t.a <= '-29600'::integer))
   Index Searches: 1
   Buffers: shared hit=1837
 Settings: enable_bitmapscan = 'off', enable_seqscan = 'off', max_parallel_workers_per_gather = '0'
 Planning:
   Buffers: shared hit=117
 Planning Time: 0.147 ms
 Execution Time: 0.315 ms
(10 rows)

