SET
SET
SET
SET
SET
                                             QUERY PLAN                                             
----------------------------------------------------------------------------------------------------
 Index Scan using idx on public.t (actual rows=8192.00 loops=1)
   Output: a, b
   Index Cond: ((t.a >= '-12536'::integer) AND (t.a <= '-8441'::integer))
   Index Searches: 1
   Prefetch: distance=2.000 count=248 stalls=3282 skipped=4489 resets=0 ungets=0 forwarded=0
             histogram [2,4) => 248
   Buffers: shared hit=3473 read=157
 Settings: enable_bitmapscan = 'off', enable_seqscan = 'off', max_parallel_workers_per_gather = '0'
 Planning:
   Buffers: shared hit=86 read=26
 Planning Time: 1.665 ms
 Execution Time: 2.744 ms
(12 rows)

SET
SET
SET
SET
SET
                                             QUERY PLAN                                             
----------------------------------------------------------------------------------------------------
 Index Scan using idx on public.t (actual rows=8192.00 loops=1)
   Output: a, b
   Index Cond: ((t.a >= '-12536'::integer) AND (t.a <= '-8441'::integer))
   Index Searches: 1
   Buffers: shared hit=3630
 Settings: enable_bitmapscan = 'off', enable_seqscan = 'off', max_parallel_workers_per_gather = '0'
 Planning:
   Buffers: shared hit=117
 Planning Time: 0.194 ms
 Execution Time: 0.911 ms
(10 rows)

