SET
SET
SET
SET
SET
                                                                 QUERY PLAN                                                                  
---------------------------------------------------------------------------------------------------------------------------------------------
 Index Scan using idx on public.t (actual rows=4048576.00 loops=1)
   Output: a, b
   Index Cond: ((t.a >= 24184) AND (t.a <= 150701))
   Index Searches: 1
   Prefetch: distance=271.907 count=160300 stalls=1 skipped=3959028 resets=0 ungets=70827 forwarded=95205
             histogram [2,4) => 2, [4,8) => 21, [8,16) => 9, [16,32) => 18, [32,64) => 5, [64,128) => 1, [128,256) => 3, [256,512) => 160241
   Buffers: shared hit=50354 read=41456
 Settings: enable_bitmapscan = 'off', enable_seqscan = 'off', max_parallel_workers_per_gather = '0'
 Planning:
   Buffers: shared hit=78 read=23
 Planning Time: 1.821 ms
 Execution Time: 255.057 ms
(12 rows)

SET
SET
SET
SET
SET
                                             QUERY PLAN                                             
----------------------------------------------------------------------------------------------------
 Index Scan using idx on public.t (actual rows=4048576.00 loops=1)
   Output: a, b
   Index Cond: ((t.a >= 24184) AND (t.a <= 150701))
   Index Searches: 1
   Buffers: shared hit=93095
 Settings: enable_bitmapscan = 'off', enable_seqscan = 'off', max_parallel_workers_per_gather = '0'
 Planning:
   Buffers: shared hit=106
 Planning Time: 0.175 ms
 Execution Time: 165.303 ms
(10 rows)

