SET
SET
SET
SET
SET
                                                                  QUERY PLAN                                                                  
----------------------------------------------------------------------------------------------------------------------------------------------
 Index Scan using idx on public.t (actual rows=5048576.00 loops=1)
   Output: a, b
   Index Cond: ((t.a >= 22308) AND (t.a <= 180075))
   Index Searches: 1
   Prefetch: distance=271.929 count=198944 stalls=2 skipped=4936383 resets=0 ungets=87506 forwarded=118002
             histogram [2,4) => 2, [4,8) => 23, [8,16) => 11, [16,32) => 13, [32,64) => 1, [64,128) => 1, [128,256) => 4, [256,512) => 198889
   Buffers: shared hit=62399 read=51694
 Settings: enable_bitmapscan = 'off', enable_seqscan = 'off', max_parallel_workers_per_gather = '0'
 Planning:
   Buffers: shared hit=78 read=23
 Planning Time: 1.726 ms
 Execution Time: 318.454 ms
(12 rows)

SET
SET
SET
SET
SET
                                             QUERY PLAN                                             
----------------------------------------------------------------------------------------------------
 Index Scan using idx on public.t (actual rows=5048576.00 loops=1)
   Output: a, b
   Index Cond: ((t.a >= 22308) AND (t.a <= 180075))
   Index Searches: 1
   Buffers: shared hit=115967
 Settings: enable_bitmapscan = 'off', enable_seqscan = 'off', max_parallel_workers_per_gather = '0'
 Planning:
   Buffers: shared hit=106
 Planning Time: 0.213 ms
 Execution Time: 201.591 ms
(10 rows)

