SET
SET
SET
SET
SET
                                                                 QUERY PLAN                                                                 
--------------------------------------------------------------------------------------------------------------------------------------------
 Index Scan using idx on public.t (actual rows=6048576.00 loops=1)
   Output: a, b
   Index Cond: ((t.a >= 2228) AND (t.a <= 191245))
   Index Searches: 1
   Prefetch: distance=271.958 count=239631 stalls=5 skipped=5914677 resets=0 ungets=106152 forwarded=142942
             histogram [2,4) => 6, [4,8) => 7, [8,16) => 8, [16,32) => 10, [32,64) => 3, [64,128) => 3, [128,256) => 1, [256,512) => 239593
   Buffers: shared hit=75297 read=61931
 Settings: enable_bitmapscan = 'off', enable_seqscan = 'off', max_parallel_workers_per_gather = '0'
 Planning:
   Buffers: shared hit=78 read=27
 Planning Time: 1.897 ms
 Execution Time: 382.489 ms
(12 rows)

SET
SET
SET
SET
SET
                                             QUERY PLAN                                             
----------------------------------------------------------------------------------------------------
 Index Scan using idx on public.t (actual rows=6048576.00 loops=1)
   Output: a, b
   Index Cond: ((t.a >= 2228) AND (t.a <= 191245))
   Index Searches: 1
   Buffers: shared hit=138897
 Settings: enable_bitmapscan = 'off', enable_seqscan = 'off', max_parallel_workers_per_gather = '0'
 Planning:
   Buffers: shared hit=110
 Planning Time: 0.204 ms
 Execution Time: 254.177 ms
(10 rows)

