SET
SET
SET
SET
SET
                                                                 QUERY PLAN                                                                  
---------------------------------------------------------------------------------------------------------------------------------------------
 Index Scan using idx on public.t (actual rows=7048576.00 loops=1)
   Output: a, b
   Index Cond: ((t.a >= 6395) AND (t.a <= 226662))
   Index Searches: 1
   Prefetch: distance=271.943 count=278791 stalls=3 skipped=6892502 resets=0 ungets=123071 forwarded=165546
             histogram [2,4) => 4, [4,8) => 25, [8,16) => 5, [16,32) => 9, [32,64) => 11, [64,128) => 6, [128,256) => 1, [256,512) => 278730
   Buffers: shared hit=87582 read=72174
 Settings: enable_bitmapscan = 'off', enable_seqscan = 'off', max_parallel_workers_per_gather = '0'
 Planning:
   Buffers: shared hit=78 read=23
 Planning Time: 1.725 ms
 Execution Time: 436.979 ms
(12 rows)

SET
SET
SET
SET
SET
                                             QUERY PLAN                                             
----------------------------------------------------------------------------------------------------
 Index Scan using idx on public.t (actual rows=7048576.00 loops=1)
   Output: a, b
   Index Cond: ((t.a >= 6395) AND (t.a <= 226662))
   Index Searches: 1
   Buffers: shared hit=162028
 Settings: enable_bitmapscan = 'off', enable_seqscan = 'off', max_parallel_workers_per_gather = '0'
 Planning:
   Buffers: shared hit=106
 Planning Time: 0.200 ms
 Execution Time: 281.341 ms
(10 rows)

