SET
SET
SET
SET
SET
                                                                 QUERY PLAN                                                                  
---------------------------------------------------------------------------------------------------------------------------------------------
 Index Scan using idx on public.t (actual rows=8048576.00 loops=1)
   Output: a, b
   Index Cond: ((t.a >= 11316) AND (t.a <= 262833))
   Index Searches: 1
   Prefetch: distance=271.958 count=316502 stalls=1 skipped=7870063 resets=0 ungets=138853 forwarded=187264
             histogram [2,4) => 2, [4,8) => 10, [8,16) => 7, [16,32) => 8, [32,64) => 15, [64,128) => 5, [128,256) => 1, [256,512) => 316454
   Buffers: shared hit=99250 read=82411
 Settings: enable_bitmapscan = 'off', enable_seqscan = 'off', max_parallel_workers_per_gather = '0'
 Planning:
   Buffers: shared hit=78 read=23
 Planning Time: 1.756 ms
 Execution Time: 500.728 ms
(12 rows)

SET
SET
SET
SET
SET
                                             QUERY PLAN                                             
----------------------------------------------------------------------------------------------------
 Index Scan using idx on public.t (actual rows=8048576.00 loops=1)
   Output: a, b
   Index Cond: ((t.a >= 11316) AND (t.a <= 262833))
   Index Searches: 1
   Buffers: shared hit=184860
 Settings: enable_bitmapscan = 'off', enable_seqscan = 'off', max_parallel_workers_per_gather = '0'
 Planning:
   Buffers: shared hit=106
 Planning Time: 0.202 ms
 Execution Time: 318.939 ms
(10 rows)

