SET
SET
SET
SET
SET
                                             QUERY PLAN                                             
----------------------------------------------------------------------------------------------------
 Index Scan using idx on public.t (actual rows=1024.00 loops=1)
   Output: a, b
   Index Cond: ((t.a >= '-13427'::integer) AND (t.a <= '-12916'::integer))
   Index Searches: 1
   Prefetch: distance=2.000 count=26 stalls=364 skipped=481 resets=0 ungets=0 forwarded=0
             histogram [2,4) => 26
   Buffers: shared hit=442 read=27
 Settings: enable_bitmapscan = 'off', enable_seqscan = 'off', max_parallel_workers_per_gather = '0'
 Planning:
   Buffers: shared hit=86 read=26
 Planning Time: 1.267 ms
 Execution Time: 1.349 ms
(12 rows)

SET
SET
SET
SET
SET
                                             QUERY PLAN                                             
----------------------------------------------------------------------------------------------------
 Index Scan using idx on public.t (actual rows=1024.00 loops=1)
   Output: a, b
   Index Cond: ((t.a >= '-13427'::integer) AND (t.a <= '-12916'::integer))
   Index Searches: 1
   Buffers: shared hit=469
 Settings: enable_bitmapscan = 'off', enable_seqscan = 'off', max_parallel_workers_per_gather = '0'
 Planning:
   Buffers: shared hit=117
 Planning Time: 0.159 ms
 Execution Time: 0.117 ms
(10 rows)

