SET
SET
SET
SET
SET
                                             QUERY PLAN                                             
----------------------------------------------------------------------------------------------------
 Index Scan using idx on public.t (actual rows=8192.00 loops=1)
   Output: a, b
   Index Cond: ((t.a >= '-34479'::integer) AND (t.a <= '-30384'::integer))
   Index Searches: 1
   Prefetch: distance=2.024 count=252 stalls=3317 skipped=4490 resets=0 ungets=0 forwarded=0
             histogram [2,4) => 250, [4,8) => 2
   Buffers: shared hit=3498 read=156
 Settings: enable_bitmapscan = 'off', enable_seqscan = 'off', max_parallel_workers_per_gather = '0'
 Planning:
   Buffers: shared hit=86 read=26
 Planning Time: 1.234 ms
 Execution Time: 2.496 ms
(12 rows)

SET
SET
SET
SET
SET
                                             QUERY PLAN                                             
----------------------------------------------------------------------------------------------------
 Index Scan using idx on public.t (actual rows=8192.00 loops=1)
   Output: a, b
   Index Cond: ((t.a >= '-34479'::integer) AND (t.a <= '-30384'::integer))
   Index Searches: 1
   Buffers: shared hit=3654
 Settings: enable_bitmapscan = 'off', enable_seqscan = 'off', max_parallel_workers_per_gather = '0'
 Planning:
   Buffers: shared hit=117
 Planning Time: 0.210 ms
 Execution Time: 1.044 ms
(10 rows)

