SET
SET
SET
SET
SET
                                             QUERY PLAN                                             
----------------------------------------------------------------------------------------------------
 Index Scan using idx on public.t (actual rows=8192.00 loops=1)
   Output: a, b
   Index Cond: ((t.a >= '-23267'::integer) AND (t.a <= '-19172'::integer))
   Index Searches: 1
   Prefetch: distance=2.000 count=248 stalls=3261 skipped=4456 resets=0 ungets=0 forwarded=0
             histogram [2,4) => 248
   Buffers: shared hit=3478 read=157
 Settings: enable_bitmapscan = 'off', enable_seqscan = 'off', max_parallel_workers_per_gather = '0'
 Planning:
   Buffers: shared hit=86 read=26
 Planning Time: 1.563 ms
 Execution Time: 2.289 ms
(12 rows)

SET
SET
SET
SET
SET
                                             QUERY PLAN                                             
----------------------------------------------------------------------------------------------------
 Index Scan using idx on public.t (actual rows=8192.00 loops=1)
   Output: a, b
   Index Cond: ((t.a >= '-23267'::integer) AND (t.a <= '-19172'::integer))
   Index Searches: 1
   Buffers: shared hit=3635
 Settings: enable_bitmapscan = 'off', enable_seqscan = 'off', max_parallel_workers_per_gather = '0'
 Planning:
   Buffers: shared hit=117
 Planning Time: 0.200 ms
 Execution Time: 0.921 ms
(10 rows)

