SET
SET
SET
SET
SET
                                             QUERY PLAN                                             
----------------------------------------------------------------------------------------------------
 Index Scan using idx on public.t (actual rows=4096.00 loops=1)
   Output: a, b
   Index Cond: ((t.a >= '-9122'::integer) AND (t.a <= '-7075'::integer))
   Index Searches: 1
   Prefetch: distance=2.000 count=124 stalls=1659 skipped=2252 resets=0 ungets=0 forwarded=0
             histogram [2,4) => 124
   Buffers: shared hit=1744 read=82
 Settings: enable_bitmapscan = 'off', enable_seqscan = 'off', max_parallel_workers_per_gather = '0'
 Planning:
   Buffers: shared hit=86 read=26
 Planning Time: 1.244 ms
 Execution Time: 1.197 ms
(12 rows)

SET
SET
SET
SET
SET
                                             QUERY PLAN                                             
----------------------------------------------------------------------------------------------------
 Index Scan using idx on public.t (actual rows=4096.00 loops=1)
   Output: a, b
   Index Cond: ((t.a >= '-9122'::integer) AND (t.a <= '-7075'::integer))
   Index Searches: 1
   Buffers: shared hit=1826
 Settings: enable_bitmapscan = 'off', enable_seqscan = 'off', max_parallel_workers_per_gather = '0'
 Planning:
   Buffers: shared hit=117
 Planning Time: 0.196 ms
 Execution Time: 0.481 ms
(10 rows)

