SET
SET
SET
SET
SET
                                             QUERY PLAN                                             
----------------------------------------------------------------------------------------------------
 Index Scan using idx on public.t (actual rows=256.00 loops=1)
   Output: a, b
   Index Cond: ((t.a >= '-4690'::integer) AND (t.a <= '-4563'::integer))
   Index Searches: 1
   Prefetch: distance=2.000 count=2 stalls=18 skipped=23 resets=0 ungets=0 forwarded=0
             histogram [2,4) => 2
   Buffers: shared hit=100 read=15
 Settings: enable_bitmapscan = 'off', enable_seqscan = 'off', max_parallel_workers_per_gather = '0'
 Planning:
   Buffers: shared hit=86 read=26
 Planning Time: 1.237 ms
 Execution Time: 0.907 ms
(12 rows)

SET
SET
SET
SET
SET
                                             QUERY PLAN                                             
----------------------------------------------------------------------------------------------------
 Index Scan using idx on public.t (actual rows=256.00 loops=1)
   Output: a, b
   Index Cond: ((t.a >= '-4690'::integer) AND (t.a <= '-4563'::integer))
   Index Searches: 1
   Buffers: shared hit=115
 Settings: enable_bitmapscan = 'off', enable_seqscan = 'off', max_parallel_workers_per_gather = '0'
 Planning:
   Buffers: shared hit=117
 Planning Time: 0.199 ms
 Execution Time: 0.070 ms
(10 rows)

