SET
SET
SET
SET
SET
                                             QUERY PLAN                                             
----------------------------------------------------------------------------------------------------
 Index Scan using idx on public.t (actual rows=512.00 loops=1)
   Output: a, b
   Index Cond: ((t.a >= 29847) AND (t.a <= 30102))
   Index Searches: 1
   Prefetch: distance=2.160 count=25 stalls=117 skipped=39 resets=0 ungets=0 forwarded=0
             histogram [2,4) => 24, [4,8) => 1
   Buffers: shared hit=273 read=132
 Settings: enable_bitmapscan = 'off', enable_seqscan = 'off', max_parallel_workers_per_gather = '0'
 Planning:
   Buffers: shared hit=82 read=27
 Planning Time: 1.907 ms
 Execution Time: 4.089 ms
(12 rows)

SET
SET
SET
SET
SET
                                             QUERY PLAN                                             
----------------------------------------------------------------------------------------------------
 Index Scan using idx on public.t (actual rows=512.00 loops=1)
   Output: a, b
   Index Cond: ((t.a >= 29847) AND (t.a <= 30102))
   Index Searches: 1
   Buffers: shared hit=405
 Settings: enable_bitmapscan = 'off', enable_seqscan = 'off', max_parallel_workers_per_gather = '0'
 Planning:
   Buffers: shared hit=114
 Planning Time: 0.193 ms
 Execution Time: 0.244 ms
(10 rows)

