SET
SET
SET
SET
SET
                                                               QUERY PLAN                                                                
-----------------------------------------------------------------------------------------------------------------------------------------
 Index Scan using idx on public.t (actual rows=128.00 loops=1)
   Output: a, b
   Index Cond: ((t.a >= 16819) AND (t.a <= 16882))
   Index Searches: 1
   Prefetch: distance=124.782 count=78 stalls=3 skipped=25 resets=0 ungets=13 forwarded=2
             histogram [2,4) => 6, [4,8) => 4, [8,16) => 9, [16,32) => 10, [32,64) => 13, [64,128) => 3, [128,256) => 2, [256,512) => 31
   Buffers: shared hit=28 read=70
 Settings: enable_bitmapscan = 'off', enable_seqscan = 'off', max_parallel_workers_per_gather = '0'
 Planning:
   Buffers: shared hit=82 read=27
 Planning Time: 1.376 ms
 Execution Time: 4.123 ms
(12 rows)

SET
SET
SET
SET
SET
                                             QUERY PLAN                                             
----------------------------------------------------------------------------------------------------
 Index Scan using idx on public.t (actual rows=128.00 loops=1)
   Output: a, b
   Index Cond: ((t.a >= 16819) AND (t.a <= 16882))
   Index Searches: 1
   Buffers: shared hit=98
 Settings: enable_bitmapscan = 'off', enable_seqscan = 'off', max_parallel_workers_per_gather = '0'
 Planning:
   Buffers: shared hit=114
 Planning Time: 0.195 ms
 Execution Time: 0.113 ms
(10 rows)

