SET
SET
SET
SET
SET
                                             QUERY PLAN                                             
----------------------------------------------------------------------------------------------------
 Index Scan using idx on public.t (actual rows=4096.00 loops=1)
   Output: a, b
   Index Cond: ((t.a >= 27919) AND (t.a <= 29966))
   Index Searches: 1
   Prefetch: distance=2.523 count=235 stalls=2890 skipped=810 resets=0 ungets=0 forwarded=0
             histogram [2,4) => 192, [4,8) => 41, [8,16) => 2
   Buffers: shared hit=3068 read=200
 Settings: enable_bitmapscan = 'off', enable_seqscan = 'off', max_parallel_workers_per_gather = '0'
 Planning:
   Buffers: shared hit=82 read=27
 Planning Time: 1.925 ms
 Execution Time: 5.686 ms
(12 rows)

SET
SET
SET
SET
SET
                                             QUERY PLAN                                             
----------------------------------------------------------------------------------------------------
 Index Scan using idx on public.t (actual rows=4096.00 loops=1)
   Output: a, b
   Index Cond: ((t.a >= 27919) AND (t.a <= 29966))
   Index Searches: 1
   Buffers: shared hit=3268
 Settings: enable_bitmapscan = 'off', enable_seqscan = 'off', max_parallel_workers_per_gather = '0'
 Planning:
   Buffers: shared hit=114
 Planning Time: 0.194 ms
 Execution Time: 0.783 ms
(10 rows)

