SET
SET
SET
SET
SET
                                                                   QUERY PLAN                                                                    
-------------------------------------------------------------------------------------------------------------------------------------------------
 Index Scan using idx on public.t (actual rows=8192.00 loops=1)
   Output: a, b
   Index Cond: ((t.a >= 2112) AND (t.a <= 6207))
   Index Searches: 1
   Prefetch: distance=237.229 count=6332 stalls=7 skipped=1691 resets=0 ungets=7 forwarded=23
             histogram [2,4) => 2, [4,8) => 12, [8,16) => 11, [16,32) => 31, [32,64) => 28, [64,128) => 60, [128,256) => 3945, [256,512) => 2243
   Buffers: shared hit=6234 read=261
 Settings: enable_bitmapscan = 'off', enable_seqscan = 'off', max_parallel_workers_per_gather = '0'
 Planning:
   Buffers: shared hit=82 read=27
 Planning Time: 1.934 ms
 Execution Time: 6.922 ms
(12 rows)

SET
SET
SET
SET
SET
                                             QUERY PLAN                                             
----------------------------------------------------------------------------------------------------
 Index Scan using idx on public.t (actual rows=8192.00 loops=1)
   Output: a, b
   Index Cond: ((t.a >= 2112) AND (t.a <= 6207))
   Index Searches: 1
   Buffers: shared hit=6495
 Settings: enable_bitmapscan = 'off', enable_seqscan = 'off', max_parallel_workers_per_gather = '0'
 Planning:
   Buffers: shared hit=114
 Planning Time: 0.204 ms
 Execution Time: 1.366 ms
(10 rows)

