SET
SET
SET
SET
SET
                                                                  QUERY PLAN                                                                   
-----------------------------------------------------------------------------------------------------------------------------------------------
 Index Scan using idx on public.t (actual rows=16384.00 loops=1)
   Output: a, b
   Index Cond: ((t.a >= 6154) AND (t.a <= 14345))
   Index Searches: 1
   Prefetch: distance=237.489 count=12955 stalls=1 skipped=3331 resets=0 ungets=40 forwarded=34
             histogram [2,4) => 2, [4,8) => 4, [8,16) => 9, [16,32) => 19, [32,64) => 16, [64,128) => 59, [128,256) => 8734, [256,512) => 4112
   Buffers: shared hit=12655 read=425
 Settings: enable_bitmapscan = 'off', enable_seqscan = 'off', max_parallel_workers_per_gather = '0'
 Planning:
   Buffers: shared hit=82 read=27
 Planning Time: 1.961 ms
 Execution Time: 7.982 ms
(12 rows)

SET
SET
SET
SET
SET
                                             QUERY PLAN                                             
----------------------------------------------------------------------------------------------------
 Index Scan using idx on public.t (actual rows=16384.00 loops=1)
   Output: a, b
   Index Cond: ((t.a >= 6154) AND (t.a <= 14345))
   Index Searches: 1
   Buffers: shared hit=13080
 Settings: enable_bitmapscan = 'off', enable_seqscan = 'off', max_parallel_workers_per_gather = '0'
 Planning:
   Buffers: shared hit=114
 Planning Time: 0.142 ms
 Execution Time: 1.487 ms
(10 rows)

