SET
SET
SET
SET
SET
                                                                    QUERY PLAN                                                                    
--------------------------------------------------------------------------------------------------------------------------------------------------
 Index Scan using idx on public.t (actual rows=131072.00 loops=1)
   Output: a, b
   Index Cond: ((t.a >= 21222) AND (t.a <= 86757))
   Index Searches: 1
   Prefetch: distance=238.296 count=103667 stalls=1 skipped=27494 resets=0 ungets=103 forwarded=282
             histogram [2,4) => 2, [4,8) => 3, [8,16) => 12, [16,32) => 11, [32,64) => 3, [64,128) => 278, [128,256) => 70234, [256,512) => 33124
   Buffers: shared hit=101401 read=2530
 Settings: enable_bitmapscan = 'off', enable_seqscan = 'off', max_parallel_workers_per_gather = '0'
 Planning:
   Buffers: shared hit=78 read=27
 Planning Time: 1.935 ms
 Execution Time: 38.011 ms
(12 rows)

SET
SET
SET
SET
SET
                                             QUERY PLAN                                             
----------------------------------------------------------------------------------------------------
 Index Scan using idx on public.t (actual rows=131072.00 loops=1)
   Output: a, b
   Index Cond: ((t.a >= 21222) AND (t.a <= 86757))
   Index Searches: 1
   Buffers: shared hit=103939
 Settings: enable_bitmapscan = 'off', enable_seqscan = 'off', max_parallel_workers_per_gather = '0'
 Planning:
   Buffers: shared hit=110
 Planning Time: 0.182 ms
 Execution Time: 15.150 ms
(10 rows)

