SET
SET
SET
SET
SET
                                                                          QUERY PLAN                                                                          
--------------------------------------------------------------------------------------------------------------------------------------------------------------
 Index Scan using idx on public.t (actual rows=3048576.00 loops=1)
   Output: a, b
   Index Cond: ((t.a >= 14769) AND (t.a <= 1539056))
   Index Searches: 1
   Prefetch: distance=234.557 count=1854850 stalls=553983 skipped=639669 resets=0 ungets=35 forwarded=4360
             histogram [2,4) => 21561, [4,8) => 3875, [8,16) => 21, [16,32) => 32, [32,64) => 68, [64,128) => 5297, [128,256) => 1251905, [256,512) => 572091
   Buffers: shared hit=2361057 read=56088
 Settings: enable_bitmapscan = 'off', enable_seqscan = 'off', max_parallel_workers_per_gather = '0'
 Planning:
   Buffers: shared hit=78 read=27
 Planning Time: 1.981 ms
 Execution Time: 703.288 ms
(12 rows)

SET
SET
SET
SET
SET
                                             QUERY PLAN                                             
----------------------------------------------------------------------------------------------------
 Index Scan using idx on public.t (actual rows=3048576.00 loops=1)
   Output: a, b
   Index Cond: ((t.a >= 14769) AND (t.a <= 1539056))
   Index Searches: 1
   Buffers: shared hit=2417224
 Settings: enable_bitmapscan = 'off', enable_seqscan = 'off', max_parallel_workers_per_gather = '0'
 Planning:
   Buffers: shared hit=110
 Planning Time: 0.191 ms
 Execution Time: 445.995 ms
(10 rows)

