SET
SET
SET
SET
SET
                                                                           QUERY PLAN                                                                           
----------------------------------------------------------------------------------------------------------------------------------------------------------------
 Index Scan using idx on public.t (actual rows=6048576.00 loops=1)
   Output: a, b
   Index Cond: ((t.a >= 20110) AND (t.a <= 3044397))
   Index Searches: 1
   Prefetch: distance=222.010 count=1950876 stalls=2827031 skipped=1270716 resets=0 ungets=88 forwarded=4430
             histogram [2,4) => 109893, [4,8) => 19785, [8,16) => 48, [16,32) => 32, [32,64) => 61, [64,128) => 5208, [128,256) => 1249611, [256,512) => 566238
   Buffers: shared hit=4683151 read=111164
 Settings: enable_bitmapscan = 'off', enable_seqscan = 'off', max_parallel_workers_per_gather = '0'
 Planning:
   Buffers: shared hit=78 read=27
 Planning Time: 2.000 ms
 Execution Time: 1223.645 ms
(12 rows)

SET
SET
SET
SET
SET
                                             QUERY PLAN                                             
----------------------------------------------------------------------------------------------------
 Index Scan using idx on public.t (actual rows=6048576.00 loops=1)
   Output: a, b
   Index Cond: ((t.a >= 20110) AND (t.a <= 3044397))
   Index Searches: 1
   Buffers: shared hit=4794387
 Settings: enable_bitmapscan = 'off', enable_seqscan = 'off', max_parallel_workers_per_gather = '0'
 Planning:
   Buffers: shared hit=110
 Planning Time: 0.213 ms
 Execution Time: 875.287 ms
(10 rows)

