SET
SET
SET
SET
SET
                                                                           QUERY PLAN                                                                           
----------------------------------------------------------------------------------------------------------------------------------------------------------------
 Index Scan using idx on public.t (actual rows=7048576.00 loops=1)
   Output: a, b
   Index Cond: ((t.a >= 347) AND (t.a <= 3524634))
   Index Searches: 1
   Prefetch: distance=218.741 count=2015328 stalls=3552057 skipped=1481191 resets=0 ungets=39 forwarded=4587
             histogram [2,4) => 138114, [4,8) => 24839, [8,16) => 62, [16,32) => 33, [32,64) => 64, [64,128) => 5365, [128,256) => 1267629, [256,512) => 579222
   Buffers: shared hit=5457100 read=129465
 Settings: enable_bitmapscan = 'off', enable_seqscan = 'off', max_parallel_workers_per_gather = '0'
 Planning:
   Buffers: shared hit=78 read=27
 Planning Time: 2.018 ms
 Execution Time: 1487.192 ms
(12 rows)

SET
SET
SET
SET
SET
                                             QUERY PLAN                                             
----------------------------------------------------------------------------------------------------
 Index Scan using idx on public.t (actual rows=7048576.00 loops=1)
   Output: a, b
   Index Cond: ((t.a >= 347) AND (t.a <= 3524634))
   Index Searches: 1
   Buffers: shared hit=5586641
 Settings: enable_bitmapscan = 'off', enable_seqscan = 'off', max_parallel_workers_per_gather = '0'
 Planning:
   Buffers: shared hit=110
 Planning Time: 0.207 ms
 Execution Time: 1015.542 ms
(10 rows)

