SET
SET
SET
SET
SET
                                                               QUERY PLAN                                                                
-----------------------------------------------------------------------------------------------------------------------------------------
 Index Scan using idx on public.t (actual rows=128.00 loops=1)
   Output: a, b
   Index Cond: ((t.a >= 29076) AND (t.a <= 29139))
   Index Searches: 1
   Prefetch: distance=145.820 count=89 stalls=1 skipped=15 resets=0 ungets=20 forwarded=6
             histogram [2,4) => 4, [4,8) => 7, [8,16) => 6, [16,32) => 11, [32,64) => 12, [64,128) => 3, [128,256) => 3, [256,512) => 43
   Buffers: shared hit=32 read=78
 Settings: enable_bitmapscan = 'off', enable_seqscan = 'off', max_parallel_workers_per_gather = '0'
 Planning:
   Buffers: shared hit=82 read=27
 Planning Time: 1.490 ms
 Execution Time: 2.956 ms
(12 rows)

SET
SET
SET
SET
SET
                                             QUERY PLAN                                             
----------------------------------------------------------------------------------------------------
 Index Scan using idx on public.t (actual rows=128.00 loops=1)
   Output: a, b
   Index Cond: ((t.a >= 29076) AND (t.a <= 29139))
   Index Searches: 1
   Buffers: shared hit=110
 Settings: enable_bitmapscan = 'off', enable_seqscan = 'off', max_parallel_workers_per_gather = '0'
 Planning:
   Buffers: shared hit=114
 Planning Time: 0.135 ms
 Execution Time: 0.070 ms
(10 rows)

