SET
SET
SET
SET
SET
                                             QUERY PLAN                                             
----------------------------------------------------------------------------------------------------
 Index Scan using idx on public.t (actual rows=512.00 loops=1)
   Output: a, b
   Index Cond: ((t.a >= 1402) AND (t.a <= 1657))
   Index Searches: 1
   Prefetch: distance=3.404 count=89 stalls=220 skipped=78 resets=0 ungets=0 forwarded=3
             histogram [2,4) => 56, [4,8) => 28, [8,16) => 5
   Buffers: shared hit=315 read=101
 Settings: enable_bitmapscan = 'off', enable_seqscan = 'off', max_parallel_workers_per_gather = '0'
 Planning:
   Buffers: shared hit=82 read=27
 Planning Time: 1.986 ms
 Execution Time: 4.798 ms
(12 rows)

SET
SET
SET
SET
SET
                                             QUERY PLAN                                             
----------------------------------------------------------------------------------------------------
 Index Scan using idx on public.t (actual rows=512.00 loops=1)
   Output: a, b
   Index Cond: ((t.a >= 1402) AND (t.a <= 1657))
   Index Searches: 1
   Buffers: shared hit=416
 Settings: enable_bitmapscan = 'off', enable_seqscan = 'off', max_parallel_workers_per_gather = '0'
 Planning:
   Buffers: shared hit=114
 Planning Time: 0.173 ms
 Execution Time: 0.120 ms
(10 rows)

