SET
SET
SET
SET
SET
                                                                   QUERY PLAN                                                                   
------------------------------------------------------------------------------------------------------------------------------------------------
 Index Scan using idx on public.t (actual rows=32768.00 loops=1)
   Output: a, b
   Index Cond: ((t.a >= 17199) AND (t.a <= 33582))
   Index Searches: 1
   Prefetch: distance=239.165 count=26037 stalls=1 skipped=6815 resets=0 ungets=92 forwarded=96
             histogram [2,4) => 2, [4,8) => 3, [8,16) => 11, [16,32) => 16, [32,64) => 3, [64,128) => 53, [128,256) => 17156, [256,512) => 8793
   Buffers: shared hit=25316 read=728
 Settings: enable_bitmapscan = 'off', enable_seqscan = 'off', max_parallel_workers_per_gather = '0'
 Planning:
   Buffers: shared hit=82 read=27
 Planning Time: 2.055 ms
 Execution Time: 11.926 ms
(12 rows)

SET
SET
SET
SET
SET
                                             QUERY PLAN                                             
----------------------------------------------------------------------------------------------------
 Index Scan using idx on public.t (actual rows=32768.00 loops=1)
   Output: a, b
   Index Cond: ((t.a >= 17199) AND (t.a <= 33582))
   Index Searches: 1
   Buffers: shared hit=26048
 Settings: enable_bitmapscan = 'off', enable_seqscan = 'off', max_parallel_workers_per_gather = '0'
 Planning:
   Buffers: shared hit=114
 Planning Time: 0.194 ms
 Execution Time: 4.868 ms
(10 rows)

