SET
SET
SET
SET
SET
                                                                     QUERY PLAN                                                                     
----------------------------------------------------------------------------------------------------------------------------------------------------
 Index Scan using idx on public.t (actual rows=262144.00 loops=1)
   Output: a, b
   Index Cond: ((t.a >= 31768) AND (t.a <= 162839))
   Index Searches: 1
   Prefetch: distance=238.200 count=206942 stalls=22 skipped=55048 resets=0 ungets=17 forwarded=473
             histogram [2,4) => 26, [4,8) => 9, [8,16) => 9, [16,32) => 25, [32,64) => 25, [64,128) => 549, [128,256) => 140825, [256,512) => 65474
   Buffers: shared hit=202840 read=4934
 Settings: enable_bitmapscan = 'off', enable_seqscan = 'off', max_parallel_workers_per_gather = '0'
 Planning:
   Buffers: shared hit=78 read=27
 Planning Time: 2.010 ms
 Execution Time: 74.910 ms
(12 rows)

SET
SET
SET
SET
SET
                                             QUERY PLAN                                             
----------------------------------------------------------------------------------------------------
 Index Scan using idx on public.t (actual rows=262144.00 loops=1)
   Output: a, b
   Index Cond: ((t.a >= 31768) AND (t.a <= 162839))
   Index Searches: 1
   Buffers: shared hit=207783
 Settings: enable_bitmapscan = 'off', enable_seqscan = 'off', max_parallel_workers_per_gather = '0'
 Planning:
   Buffers: shared hit=110
 Planning Time: 0.186 ms
 Execution Time: 33.331 ms
(10 rows)

