SET
SET
SET
SET
SET
                                                                          QUERY PLAN                                                                          
--------------------------------------------------------------------------------------------------------------------------------------------------------------
 Index Scan using idx on public.t (actual rows=4048576.00 loops=1)
   Output: a, b
   Index Cond: ((t.a >= 29535) AND (t.a <= 2053822))
   Index Searches: 1
   Prefetch: distance=230.005 count=1866990 stalls=1330867 skipped=850499 resets=0 ungets=3 forwarded=4289
             histogram [2,4) => 51798, [4,8) => 9247, [8,16) => 37, [16,32) => 33, [32,64) => 75, [64,128) => 5409, [128,256) => 1237117, [256,512) => 563274
   Buffers: shared hit=3134580 read=74446
 Settings: enable_bitmapscan = 'off', enable_seqscan = 'off', max_parallel_workers_per_gather = '0'
 Planning:
   Buffers: shared hit=78 read=27
 Planning Time: 2.058 ms
 Execution Time: 880.075 ms
(12 rows)

SET
SET
SET
SET
SET
                                             QUERY PLAN                                             
----------------------------------------------------------------------------------------------------
 Index Scan using idx on public.t (actual rows=4048576.00 loops=1)
   Output: a, b
   Index Cond: ((t.a >= 29535) AND (t.a <= 2053822))
   Index Searches: 1
   Buffers: shared hit=3209098
 Settings: enable_bitmapscan = 'off', enable_seqscan = 'off', max_parallel_workers_per_gather = '0'
 Planning:
   Buffers: shared hit=110
 Planning Time: 0.211 ms
 Execution Time: 586.551 ms
(10 rows)

