SET
SET
SET
SET
SET
                                                                     QUERY PLAN                                                                      
-----------------------------------------------------------------------------------------------------------------------------------------------------
 Index Scan using idx on public.t (actual rows=2048576.00 loops=1)
   Output: a, b
   Index Cond: ((t.a >= 6762) AND (t.a <= 1031049))
   Index Searches: 1
   Prefetch: distance=237.931 count=1618652 stalls=1 skipped=430006 resets=0 ungets=102 forwarded=3858
             histogram [2,4) => 2, [4,8) => 3, [8,16) => 5, [16,32) => 19, [32,64) => 4, [64,128) => 4243, [128,256) => 1105283, [256,512) => 509093
   Buffers: shared hit=1586370 read=37731
 Settings: enable_bitmapscan = 'off', enable_seqscan = 'off', max_parallel_workers_per_gather = '0'
 Planning:
   Buffers: shared hit=78 read=27
 Planning Time: 2.013 ms
 Execution Time: 504.449 ms
(12 rows)

SET
SET
SET
SET
SET
                                             QUERY PLAN                                             
----------------------------------------------------------------------------------------------------
 Index Scan using idx on public.t (actual rows=2048576.00 loops=1)
   Output: a, b
   Index Cond: ((t.a >= 6762) AND (t.a <= 1031049))
   Index Searches: 1
   Buffers: shared hit=1624169
 Settings: enable_bitmapscan = 'off', enable_seqscan = 'off', max_parallel_workers_per_gather = '0'
 Planning:
   Buffers: shared hit=110
 Planning Time: 0.192 ms
 Execution Time: 296.792 ms
(10 rows)

