SET
SET
SET
SET
SET
                                                                   QUERY PLAN                                                                    
-------------------------------------------------------------------------------------------------------------------------------------------------
 Index Scan using idx on public.t (actual rows=8192.00 loops=1)
   Output: a, b
   Index Cond: ((t.a >= 9080) AND (t.a <= 13175))
   Index Searches: 1
   Prefetch: distance=234.925 count=6478 stalls=1 skipped=1602 resets=0 ungets=30 forwarded=23
             histogram [2,4) => 2, [4,8) => 10, [8,16) => 12, [16,32) => 14, [32,64) => 26, [64,128) => 39, [128,256) => 4300, [256,512) => 2075
   Buffers: shared hit=6319 read=273
 Settings: enable_bitmapscan = 'off', enable_seqscan = 'off', max_parallel_workers_per_gather = '0'
 Planning:
   Buffers: shared hit=82 read=27
 Planning Time: 2.020 ms
 Execution Time: 7.651 ms
(12 rows)

SET
SET
SET
SET
SET
                                             QUERY PLAN                                             
----------------------------------------------------------------------------------------------------
 Index Scan using idx on public.t (actual rows=8192.00 loops=1)
   Output: a, b
   Index Cond: ((t.a >= 9080) AND (t.a <= 13175))
   Index Searches: 1
   Buffers: shared hit=6592
 Settings: enable_bitmapscan = 'off', enable_seqscan = 'off', max_parallel_workers_per_gather = '0'
 Planning:
   Buffers: shared hit=114
 Planning Time: 0.192 ms
 Execution Time: 1.367 ms
(10 rows)

