SET
SET
SET
SET
SET
                                                                QUERY PLAN                                                                 
-------------------------------------------------------------------------------------------------------------------------------------------
 Index Scan using idx on public.t (actual rows=512.00 loops=1)
   Output: a, b
   Index Cond: ((t.a >= 12374) AND (t.a <= 12629))
   Index Searches: 1
   Prefetch: distance=208.990 count=312 stalls=8 skipped=77 resets=0 ungets=26 forwarded=11
             histogram [2,4) => 3, [4,8) => 9, [8,16) => 8, [16,32) => 16, [32,64) => 31, [64,128) => 7, [128,256) => 34, [256,512) => 204
   Buffers: shared hit=288 read=128
 Settings: enable_bitmapscan = 'off', enable_seqscan = 'off', max_parallel_workers_per_gather = '0'
 Planning:
   Buffers: shared hit=82 read=27
 Planning Time: 2.054 ms
 Execution Time: 5.538 ms
(12 rows)

SET
SET
SET
SET
SET
                                             QUERY PLAN                                             
----------------------------------------------------------------------------------------------------
 Index Scan using idx on public.t (actual rows=512.00 loops=1)
   Output: a, b
   Index Cond: ((t.a >= 12374) AND (t.a <= 12629))
   Index Searches: 1
   Buffers: shared hit=416
 Settings: enable_bitmapscan = 'off', enable_seqscan = 'off', max_parallel_workers_per_gather = '0'
 Planning:
   Buffers: shared hit=114
 Planning Time: 0.212 ms
 Execution Time: 0.284 ms
(10 rows)

