SET
SET
SET
SET
SET
                                             QUERY PLAN                                             
----------------------------------------------------------------------------------------------------
 Index Scan using idx on public.t (actual rows=1024.00 loops=1)
   Output: a, b
   Index Cond: ((t.a >= 27497) AND (t.a <= 28008))
   Index Searches: 1
   Prefetch: distance=2.169 count=59 stalls=522 skipped=170 resets=0 ungets=0 forwarded=0
             histogram [2,4) => 55, [4,8) => 4
   Buffers: shared hit=669 read=140
 Settings: enable_bitmapscan = 'off', enable_seqscan = 'off', max_parallel_workers_per_gather = '0'
 Planning:
   Buffers: shared hit=82 read=27
 Planning Time: 2.097 ms
 Execution Time: 5.428 ms
(12 rows)

SET
SET
SET
SET
SET
                                             QUERY PLAN                                             
----------------------------------------------------------------------------------------------------
 Index Scan using idx on public.t (actual rows=1024.00 loops=1)
   Output: a, b
   Index Cond: ((t.a >= 27497) AND (t.a <= 28008))
   Index Searches: 1
   Buffers: shared hit=809
 Settings: enable_bitmapscan = 'off', enable_seqscan = 'off', max_parallel_workers_per_gather = '0'
 Planning:
   Buffers: shared hit=114
 Planning Time: 0.196 ms
 Execution Time: 0.334 ms
(10 rows)

