SET
SET
SET
SET
SET
                                                                    QUERY PLAN                                                                    
--------------------------------------------------------------------------------------------------------------------------------------------------
 Index Scan using idx on public.t (actual rows=32768.00 loops=1)
   Output: a, b
   Index Cond: ((t.a >= 20389) AND (t.a <= 36772))
   Index Searches: 1
   Prefetch: distance=237.801 count=25856 stalls=2 skipped=6709 resets=0 ungets=14 forwarded=80
             histogram [2,4) => 4, [4,8) => 8, [8,16) => 13, [16,32) => 19, [32,64) => 32, [64,128) => 107, [128,256) => 17150, [256,512) => 8523
   Buffers: shared hit=25370 read=726
 Settings: enable_bitmapscan = 'off', enable_seqscan = 'off', max_parallel_workers_per_gather = '0'
 Planning:
   Buffers: shared hit=82 read=27
 Planning Time: 2.056 ms
 Execution Time: 13.904 ms
(12 rows)

SET
SET
SET
SET
SET
                                             QUERY PLAN                                             
----------------------------------------------------------------------------------------------------
 Index Scan using idx on public.t (actual rows=32768.00 loops=1)
   Output: a, b
   Index Cond: ((t.a >= 20389) AND (t.a <= 36772))
   Index Searches: 1
   Buffers: shared hit=26099
 Settings: enable_bitmapscan = 'off', enable_seqscan = 'off', max_parallel_workers_per_gather = '0'
 Planning:
   Buffers: shared hit=114
 Planning Time: 0.205 ms
 Execution Time: 4.924 ms
(10 rows)

