SET
SET
SET
SET
SET
                                                                      QUERY PLAN                                                                      
------------------------------------------------------------------------------------------------------------------------------------------------------
 Index Scan using idx on public.t (actual rows=2048576.00 loops=1)
   Output: a, b
   Index Cond: ((t.a >= 19563) AND (t.a <= 1043850))
   Index Searches: 1
   Prefetch: distance=237.722 count=1618512 stalls=1 skipped=430105 resets=0 ungets=79 forwarded=3744
             histogram [2,4) => 2, [4,8) => 3, [8,16) => 10, [16,32) => 17, [32,64) => 3, [64,128) => 4283, [128,256) => 1110467, [256,512) => 503727
   Buffers: shared hit=1586255 read=37735
 Settings: enable_bitmapscan = 'off', enable_seqscan = 'off', max_parallel_workers_per_gather = '0'
 Planning:
   Buffers: shared hit=78 read=27
 Planning Time: 2.052 ms
 Execution Time: 480.704 ms
(12 rows)

SET
SET
SET
SET
SET
                                             QUERY PLAN                                             
----------------------------------------------------------------------------------------------------
 Index Scan using idx on public.t (actual rows=2048576.00 loops=1)
   Output: a, b
   Index Cond: ((t.a >= 19563) AND (t.a <= 1043850))
   Index Searches: 1
   Buffers: shared hit=1624062
 Settings: enable_bitmapscan = 'off', enable_seqscan = 'off', max_parallel_workers_per_gather = '0'
 Planning:
   Buffers: shared hit=110
 Planning Time: 0.184 ms
 Execution Time: 293.978 ms
(10 rows)

