SET
SET
SET
SET
SET
                                                                     QUERY PLAN                                                                     
----------------------------------------------------------------------------------------------------------------------------------------------------
 Index Scan using idx on public.t (actual rows=65536.00 loops=1)
   Output: a, b
   Index Cond: ((t.a >= 18411) AND (t.a <= 51178))
   Index Searches: 1
   Prefetch: distance=237.798 count=51790 stalls=7 skipped=13609 resets=0 ungets=15 forwarded=152
             histogram [2,4) => 11, [4,8) => 13, [8,16) => 8, [16,32) => 18, [32,64) => 25, [64,128) => 151, [128,256) => 34948, [256,512) => 16616
   Buffers: shared hit=50754 read=1327
 Settings: enable_bitmapscan = 'off', enable_seqscan = 'off', max_parallel_workers_per_gather = '0'
 Planning:
   Buffers: shared hit=82 read=27
 Planning Time: 2.036 ms
 Execution Time: 23.344 ms
(12 rows)

SET
SET
SET
SET
SET
                                             QUERY PLAN                                             
----------------------------------------------------------------------------------------------------
 Index Scan using idx on public.t (actual rows=65536.00 loops=1)
   Output: a, b
   Index Cond: ((t.a >= 18411) AND (t.a <= 51178))
   Index Searches: 1
   Buffers: shared hit=52083
 Settings: enable_bitmapscan = 'off', enable_seqscan = 'off', max_parallel_workers_per_gather = '0'
 Planning:
   Buffers: shared hit=114
 Planning Time: 0.201 ms
 Execution Time: 9.164 ms
(10 rows)

