SET
SET
SET
SET
SET
                                                                           QUERY PLAN                                                                           
----------------------------------------------------------------------------------------------------------------------------------------------------------------
 Index Scan using idx on public.t (actual rows=6048576.00 loops=1)
   Output: a, b
   Index Cond: ((t.a >= 12898) AND (t.a <= 3037185))
   Index Searches: 1
   Prefetch: distance=222.171 count=1961523 stalls=2816156 skipped=1270707 resets=0 ungets=1 forwarded=4457
             histogram [2,4) => 109468, [4,8) => 19721, [8,16) => 67, [16,32) => 42, [32,64) => 78, [64,128) => 5425, [128,256) => 1256004, [256,512) => 570718
   Buffers: shared hit=4683126 read=111156
 Settings: enable_bitmapscan = 'off', enable_seqscan = 'off', max_parallel_workers_per_gather = '0'
 Planning:
   Buffers: shared hit=78 read=27
 Planning Time: 1.997 ms
 Execution Time: 1293.899 ms
(12 rows)

SET
SET
SET
SET
SET
                                             QUERY PLAN                                             
----------------------------------------------------------------------------------------------------
 Index Scan using idx on public.t (actual rows=6048576.00 loops=1)
   Output: a, b
   Index Cond: ((t.a >= 12898) AND (t.a <= 3037185))
   Index Searches: 1
   Buffers: shared hit=4794363
 Settings: enable_bitmapscan = 'off', enable_seqscan = 'off', max_parallel_workers_per_gather = '0'
 Planning:
   Buffers: shared hit=110
 Planning Time: 0.217 ms
 Execution Time: 866.085 ms
(10 rows)

