SET
SET
SET
SET
SET
                                                                QUERY PLAN                                                                 
-------------------------------------------------------------------------------------------------------------------------------------------
 Index Scan using idx on public.t (actual rows=1024.00 loops=1)
   Output: a, b
   Index Cond: ((t.a >= 5484) AND (t.a <= 5995))
   Index Searches: 1
   Prefetch: distance=251.344 count=884 stalls=2 skipped=216 resets=0 ungets=91 forwarded=17
             histogram [2,4) => 4, [4,8) => 7, [8,16) => 7, [16,32) => 13, [32,64) => 3, [64,128) => 3, [128,256) => 203, [256,512) => 644
   Buffers: shared hit=670 read=144
 Settings: enable_bitmapscan = 'off', enable_seqscan = 'off', max_parallel_workers_per_gather = '0'
 Planning:
   Buffers: shared hit=82 read=27
 Planning Time: 2.021 ms
 Execution Time: 3.162 ms
(12 rows)

SET
SET
SET
SET
SET
                                             QUERY PLAN                                             
----------------------------------------------------------------------------------------------------
 Index Scan using idx on public.t (actual rows=1024.00 loops=1)
   Output: a, b
   Index Cond: ((t.a >= 5484) AND (t.a <= 5995))
   Index Searches: 1
   Buffers: shared hit=814
 Settings: enable_bitmapscan = 'off', enable_seqscan = 'off', max_parallel_workers_per_gather = '0'
 Planning:
   Buffers: shared hit=114
 Planning Time: 0.156 ms
 Execution Time: 0.182 ms
(10 rows)

