SET
SET
SET
SET
SET
                                                                  QUERY PLAN                                                                   
-----------------------------------------------------------------------------------------------------------------------------------------------
 Index Scan using idx on public.t (actual rows=8192.00 loops=1)
   Output: a, b
   Index Cond: ((t.a >= 13332) AND (t.a <= 17427))
   Index Searches: 1
   Prefetch: distance=238.314 count=6478 stalls=1 skipped=1721 resets=0 ungets=63 forwarded=25
             histogram [2,4) => 2, [4,8) => 14, [8,16) => 8, [16,32) => 16, [32,64) => 17, [64,128) => 2, [128,256) => 4121, [256,512) => 2298
   Buffers: shared hit=6216 read=273
 Settings: enable_bitmapscan = 'off', enable_seqscan = 'off', max_parallel_workers_per_gather = '0'
 Planning:
   Buffers: shared hit=82 read=27
 Planning Time: 2.009 ms
 Execution Time: 4.899 ms
(12 rows)

SET
SET
SET
SET
SET
                                             QUERY PLAN                                             
----------------------------------------------------------------------------------------------------
 Index Scan using idx on public.t (actual rows=8192.00 loops=1)
   Output: a, b
   Index Cond: ((t.a >= 13332) AND (t.a <= 17427))
   Index Searches: 1
   Buffers: shared hit=6489
 Settings: enable_bitmapscan = 'off', enable_seqscan = 'off', max_parallel_workers_per_gather = '0'
 Planning:
   Buffers: shared hit=114
 Planning Time: 0.130 ms
 Execution Time: 0.788 ms
(10 rows)

