SET
SET
SET
SET
SET
                                                                      QUERY PLAN                                                                      
------------------------------------------------------------------------------------------------------------------------------------------------------
 Index Scan using idx on public.t (actual rows=524288.00 loops=1)
   Output: a, b
   Index Cond: ((t.a >= 14743) AND (t.a <= 276886))
   Index Searches: 1
   Prefetch: distance=238.314 count=413905 stalls=8 skipped=110239 resets=0 ungets=25 forwarded=980
             histogram [2,4) => 12, [4,8) => 9, [8,16) => 10, [16,32) => 15, [32,64) => 21, [64,128) => 865, [128,256) => 282454, [256,512) => 130519
   Buffers: shared hit=405687 read=9750
 Settings: enable_bitmapscan = 'off', enable_seqscan = 'off', max_parallel_workers_per_gather = '0'
 Planning:
   Buffers: shared hit=78 read=27
 Planning Time: 2.031 ms
 Execution Time: 132.799 ms
(12 rows)

SET
SET
SET
SET
SET
                                             QUERY PLAN                                             
----------------------------------------------------------------------------------------------------
 Index Scan using idx on public.t (actual rows=524288.00 loops=1)
   Output: a, b
   Index Cond: ((t.a >= 14743) AND (t.a <= 276886))
   Index Searches: 1
   Buffers: shared hit=415457
 Settings: enable_bitmapscan = 'off', enable_seqscan = 'off', max_parallel_workers_per_gather = '0'
 Planning:
   Buffers: shared hit=110
 Planning Time: 0.195 ms
 Execution Time: 77.216 ms
(10 rows)

