SET
SET
SET
SET
SET
                                                                    QUERY PLAN                                                                     
---------------------------------------------------------------------------------------------------------------------------------------------------
 Index Scan using idx on public.t (actual rows=262144.00 loops=1)
   Output: a, b
   Index Cond: ((t.a >= 15704) AND (t.a <= 146775))
   Index Searches: 1
   Prefetch: distance=238.044 count=207108 stalls=1 skipped=55030 resets=0 ungets=64 forwarded=487
             histogram [2,4) => 2, [4,8) => 6, [8,16) => 21, [16,32) => 18, [32,64) => 9, [64,128) => 364, [128,256) => 142021, [256,512) => 64667
   Buffers: shared hit=202867 read=4938
 Settings: enable_bitmapscan = 'off', enable_seqscan = 'off', max_parallel_workers_per_gather = '0'
 Planning:
   Buffers: shared hit=78 read=27
 Planning Time: 2.030 ms
 Execution Time: 67.683 ms
(12 rows)

SET
SET
SET
SET
SET
                                             QUERY PLAN                                             
----------------------------------------------------------------------------------------------------
 Index Scan using idx on public.t (actual rows=262144.00 loops=1)
   Output: a, b
   Index Cond: ((t.a >= 15704) AND (t.a <= 146775))
   Index Searches: 1
   Buffers: shared hit=207818
 Settings: enable_bitmapscan = 'off', enable_seqscan = 'off', max_parallel_workers_per_gather = '0'
 Planning:
   Buffers: shared hit=110
 Planning Time: 0.201 ms
 Execution Time: 31.429 ms
(10 rows)

