SET
SET
SET
SET
SET
                                                                      QUERY PLAN                                                                       
-------------------------------------------------------------------------------------------------------------------------------------------------------
 Index Scan using idx on public.t (actual rows=1048576.00 loops=1)
   Output: a, b
   Index Cond: ((t.a >= 19520) AND (t.a <= 543807))
   Index Searches: 1
   Prefetch: distance=238.399 count=828525 stalls=2 skipped=219975 resets=0 ungets=49 forwarded=2017
             histogram [2,4) => 2, [4,8) => 12, [8,16) => 11, [16,32) => 20, [32,64) => 11, [64,128) => 2016, [128,256) => 561918, [256,512) => 264535
   Buffers: shared hit=812029 read=19374
 Settings: enable_bitmapscan = 'off', enable_seqscan = 'off', max_parallel_workers_per_gather = '0'
 Planning:
   Buffers: shared hit=78 read=27
 Planning Time: 2.055 ms
 Execution Time: 295.235 ms
(12 rows)

SET
SET
SET
SET
SET
                                             QUERY PLAN                                             
----------------------------------------------------------------------------------------------------
 Index Scan using idx on public.t (actual rows=1048576.00 loops=1)
   Output: a, b
   Index Cond: ((t.a >= 19520) AND (t.a <= 543807))
   Index Searches: 1
   Buffers: shared hit=831443
 Settings: enable_bitmapscan = 'off', enable_seqscan = 'off', max_parallel_workers_per_gather = '0'
 Planning:
   Buffers: shared hit=110
 Planning Time: 0.188 ms
 Execution Time: 155.875 ms
(10 rows)

