SET
SET
SET
SET
SET
                                                                QUERY PLAN                                                                 
-------------------------------------------------------------------------------------------------------------------------------------------
 Index Scan using idx on public.t (actual rows=16384.00 loops=1)
   Output: a, b
   Index Cond: ((t.a >= 23602) AND (t.a <= 24113))
   Index Searches: 1
   Prefetch: distance=248.723 count=584 stalls=3 skipped=15264 resets=0 ungets=234 forwarded=326
             histogram [2,4) => 6, [4,8) => 17, [8,16) => 10, [16,32) => 12, [32,64) => 5, [64,128) => 1, [128,256) => 5, [256,512) => 528
   Buffers: shared hit=215 read=171
 Settings: enable_bitmapscan = 'off', enable_seqscan = 'off', max_parallel_workers_per_gather = '0'
 Planning:
   Buffers: shared hit=78 read=23
 Planning Time: 1.230 ms
 Execution Time: 2.103 ms
(12 rows)

SET
SET
SET
SET
SET
                                             QUERY PLAN                                             
----------------------------------------------------------------------------------------------------
 Index Scan using idx on public.t (actual rows=16384.00 loops=1)
   Output: a, b
   Index Cond: ((t.a >= 23602) AND (t.a <= 24113))
   Index Searches: 1
   Buffers: shared hit=389
 Settings: enable_bitmapscan = 'off', enable_seqscan = 'off', max_parallel_workers_per_gather = '0'
 Planning:
   Buffers: shared hit=106
 Planning Time: 0.172 ms
 Execution Time: 0.811 ms
(10 rows)

