SET
SET
SET
SET
SET
                                                                QUERY PLAN                                                                 
-------------------------------------------------------------------------------------------------------------------------------------------
 Index Scan using idx on public.t (actual rows=32768.00 loops=1)
   Output: a, b
   Index Cond: ((t.a >= 13393) AND (t.a <= 14416))
   Index Searches: 1
   Prefetch: distance=257.186 count=1179 stalls=3 skipped=31661 resets=0 ungets=490 forwarded=704
             histogram [2,4) => 2, [4,8) => 33, [8,16) => 10, [16,32) => 9, [32,64) => 7, [64,128) => 7, [128,256) => 1, [256,512) => 1110
   Buffers: shared hit=386 read=339
 Settings: enable_bitmapscan = 'off', enable_seqscan = 'off', max_parallel_workers_per_gather = '0'
 Planning:
   Buffers: shared hit=78 read=23
 Planning Time: 1.223 ms
 Execution Time: 3.520 ms
(12 rows)

SET
SET
SET
SET
SET
                                             QUERY PLAN                                             
----------------------------------------------------------------------------------------------------
 Index Scan using idx on public.t (actual rows=32768.00 loops=1)
   Output: a, b
   Index Cond: ((t.a >= 13393) AND (t.a <= 14416))
   Index Searches: 1
   Buffers: shared hit=735
 Settings: enable_bitmapscan = 'off', enable_seqscan = 'off', max_parallel_workers_per_gather = '0'
 Planning:
   Buffers: shared hit=106
 Planning Time: 0.170 ms
 Execution Time: 1.431 ms
(10 rows)

