SET
SET
SET
SET
SET
                                                                 QUERY PLAN                                                                 
--------------------------------------------------------------------------------------------------------------------------------------------
 Index Scan using idx on public.t (actual rows=65536.00 loops=1)
   Output: a, b
   Index Cond: ((t.a >= 25701) AND (t.a <= 27748))
   Index Searches: 1
   Prefetch: distance=266.564 count=2520 stalls=8 skipped=63279 resets=0 ungets=1096 forwarded=1528
             histogram [2,4) => 17, [4,8) => 10, [8,16) => 8, [16,32) => 11, [32,64) => 4, [64,128) => 1, [128,256) => 4, [256,512) => 2465
   Buffers: shared hit=822 read=676
 Settings: enable_bitmapscan = 'off', enable_seqscan = 'off', max_parallel_workers_per_gather = '0'
 Planning:
   Buffers: shared hit=78 read=23
 Planning Time: 1.754 ms
 Execution Time: 6.055 ms
(12 rows)

SET
SET
SET
SET
SET
                                             QUERY PLAN                                             
----------------------------------------------------------------------------------------------------
 Index Scan using idx on public.t (actual rows=65536.00 loops=1)
   Output: a, b
   Index Cond: ((t.a >= 25701) AND (t.a <= 27748))
   Index Searches: 1
   Buffers: shared hit=1515
 Settings: enable_bitmapscan = 'off', enable_seqscan = 'off', max_parallel_workers_per_gather = '0'
 Planning:
   Buffers: shared hit=106
 Planning Time: 0.126 ms
 Execution Time: 2.329 ms
(10 rows)

