SET
SET
SET
SET
SET
                                                                 QUERY PLAN                                                                 
--------------------------------------------------------------------------------------------------------------------------------------------
 Index Scan using idx on public.t (actual rows=2048.00 loops=1)
   Output: a, b
   Index Cond: ((t.a >= 1795) AND (t.a <= 2818))
   Index Searches: 1
   Prefetch: distance=245.066 count=1598 stalls=2 skipped=418 resets=0 ungets=41 forwarded=17
             histogram [2,4) => 2, [4,8) => 9, [8,16) => 6, [16,32) => 17, [32,64) => 20, [64,128) => 8, [128,256) => 639, [256,512) => 897
   Buffers: shared hit=1482 read=147
 Settings: enable_bitmapscan = 'off', enable_seqscan = 'off', max_parallel_workers_per_gather = '0'
 Planning:
   Buffers: shared hit=82 read=27
 Planning Time: 2.035 ms
 Execution Time: 4.826 ms
(12 rows)

SET
SET
SET
SET
SET
                                             QUERY PLAN                                             
----------------------------------------------------------------------------------------------------
 Index Scan using idx on public.t (actual rows=2048.00 loops=1)
   Output: a, b
   Index Cond: ((t.a >= 1795) AND (t.a <= 2818))
   Index Searches: 1
   Buffers: shared hit=1629
 Settings: enable_bitmapscan = 'off', enable_seqscan = 'off', max_parallel_workers_per_gather = '0'
 Planning:
   Buffers: shared hit=114
 Planning Time: 0.150 ms
 Execution Time: 0.279 ms
(10 rows)

