SET
SET
SET
SET
SET
                                                                   QUERY PLAN                                                                    
-------------------------------------------------------------------------------------------------------------------------------------------------
 Index Scan using idx on public.t (actual rows=8192.00 loops=1)
   Output: a, b
   Index Cond: ((t.a >= 32480) AND (t.a <= 36575))
   Index Searches: 1
   Prefetch: distance=235.854 count=6366 stalls=9 skipped=1646 resets=0 ungets=18 forwarded=29
             histogram [2,4) => 11, [4,8) => 7, [8,16) => 15, [16,32) => 19, [32,64) => 30, [64,128) => 53, [128,256) => 4049, [256,512) => 2182
   Buffers: shared hit=6259 read=273
 Settings: enable_bitmapscan = 'off', enable_seqscan = 'off', max_parallel_workers_per_gather = '0'
 Planning:
   Buffers: shared hit=82 read=27
 Planning Time: 2.061 ms
 Execution Time: 6.396 ms
(12 rows)

SET
SET
SET
SET
SET
                                             QUERY PLAN                                             
----------------------------------------------------------------------------------------------------
 Index Scan using idx on public.t (actual rows=8192.00 loops=1)
   Output: a, b
   Index Cond: ((t.a >= 32480) AND (t.a <= 36575))
   Index Searches: 1
   Buffers: shared hit=6533
 Settings: enable_bitmapscan = 'off', enable_seqscan = 'off', max_parallel_workers_per_gather = '0'
 Planning:
   Buffers: shared hit=114
 Planning Time: 0.183 ms
 Execution Time: 1.349 ms
(10 rows)

