SET
SET
SET
SET
SET
                                                                QUERY PLAN                                                                 
-------------------------------------------------------------------------------------------------------------------------------------------
 Index Scan using idx on public.t (actual rows=131072.00 loops=1)
   Output: a, b
   Index Cond: ((t.a >= 18853) AND (t.a <= 22948))
   Index Searches: 1
   Prefetch: distance=267.213 count=4979 stalls=4 skipped=127800 resets=0 ungets=2158 forwarded=2996
             histogram [2,4) => 6, [4,8) => 56, [8,16) => 14, [16,32) => 9, [32,64) => 2, [64,128) => 6, [128,256) => 1, [256,512) => 4885
   Buffers: shared hit=1586 read=1346
 Settings: enable_bitmapscan = 'off', enable_seqscan = 'off', max_parallel_workers_per_gather = '0'
 Planning:
   Buffers: shared hit=78 read=23
 Planning Time: 1.762 ms
 Execution Time: 10.421 ms
(12 rows)

SET
SET
SET
SET
SET
                                             QUERY PLAN                                             
----------------------------------------------------------------------------------------------------
 Index Scan using idx on public.t (actual rows=131072.00 loops=1)
   Output: a, b
   Index Cond: ((t.a >= 18853) AND (t.a <= 22948))
   Index Searches: 1
   Buffers: shared hit=2960
 Settings: enable_bitmapscan = 'off', enable_seqscan = 'off', max_parallel_workers_per_gather = '0'
 Planning:
   Buffers: shared hit=106
 Planning Time: 0.183 ms
 Execution Time: 5.425 ms
(10 rows)

