SET
SET
SET
SET
SET
                                                                    QUERY PLAN                                                                    
--------------------------------------------------------------------------------------------------------------------------------------------------
 Index Scan using idx on public.t (actual rows=16384.00 loops=1)
   Output: a, b
   Index Cond: ((t.a >= 5613) AND (t.a <= 13804))
   Index Searches: 1
   Prefetch: distance=237.830 count=12991 stalls=6 skipped=3297 resets=0 ungets=31 forwarded=32
             histogram [2,4) => 25, [4,8) => 24, [8,16) => 25, [16,32) => 15, [32,64) => 27, [64,128) => 75, [128,256) => 8407, [256,512) => 4393
   Buffers: shared hit=12683 read=427
 Settings: enable_bitmapscan = 'off', enable_seqscan = 'off', max_parallel_workers_per_gather = '0'
 Planning:
   Buffers: shared hit=82 read=27
 Planning Time: 2.182 ms
 Execution Time: 9.558 ms
(12 rows)

SET
SET
SET
SET
SET
                                             QUERY PLAN                                             
----------------------------------------------------------------------------------------------------
 Index Scan using idx on public.t (actual rows=16384.00 loops=1)
   Output: a, b
   Index Cond: ((t.a >= 5613) AND (t.a <= 13804))
   Index Searches: 1
   Buffers: shared hit=13110
 Settings: enable_bitmapscan = 'off', enable_seqscan = 'off', max_parallel_workers_per_gather = '0'
 Planning:
   Buffers: shared hit=114
 Planning Time: 0.142 ms
 Execution Time: 1.409 ms
(10 rows)

