SET
SET
SET
SET
SET
                                                                     QUERY PLAN                                                                     
----------------------------------------------------------------------------------------------------------------------------------------------------
 Index Scan using idx on public.t (actual rows=65536.00 loops=1)
   Output: a, b
   Index Cond: ((t.a >= 9060) AND (t.a <= 41827))
   Index Searches: 1
   Prefetch: distance=238.033 count=51867 stalls=1 skipped=13505 resets=0 ungets=18 forwarded=138
             histogram [2,4) => 2, [4,8) => 14, [8,16) => 10, [16,32) => 18, [32,64) => 35, [64,128) => 120, [128,256) => 35210, [256,512) => 16458
   Buffers: shared hit=50853 read=1325
 Settings: enable_bitmapscan = 'off', enable_seqscan = 'off', max_parallel_workers_per_gather = '0'
 Planning:
   Buffers: shared hit=82 read=27
 Planning Time: 2.053 ms
 Execution Time: 21.682 ms
(12 rows)

SET
SET
SET
SET
SET
                                             QUERY PLAN                                             
----------------------------------------------------------------------------------------------------
 Index Scan using idx on public.t (actual rows=65536.00 loops=1)
   Output: a, b
   Index Cond: ((t.a >= 9060) AND (t.a <= 41827))
   Index Searches: 1
   Buffers: shared hit=52178
 Settings: enable_bitmapscan = 'off', enable_seqscan = 'off', max_parallel_workers_per_gather = '0'
 Planning:
   Buffers: shared hit=114
 Planning Time: 0.206 ms
 Execution Time: 8.013 ms
(10 rows)

