SET
SET
SET
SET
SET
                                                                     QUERY PLAN                                                                      
-----------------------------------------------------------------------------------------------------------------------------------------------------
 Index Scan using idx on public.t (actual rows=131072.00 loops=1)
   Output: a, b
   Index Cond: ((t.a >= 31220) AND (t.a <= 96755))
   Index Searches: 1
   Prefetch: distance=237.802 count=103399 stalls=12 skipped=27532 resets=0 ungets=18 forwarded=257
             histogram [2,4) => 22, [4,8) => 20, [8,16) => 28, [16,32) => 16, [32,64) => 23, [64,128) => 263, [128,256) => 70724, [256,512) => 32303
   Buffers: shared hit=101341 read=2532
 Settings: enable_bitmapscan = 'off', enable_seqscan = 'off', max_parallel_workers_per_gather = '0'
 Planning:
   Buffers: shared hit=78 read=27
 Planning Time: 2.013 ms
 Execution Time: 34.922 ms
(12 rows)

SET
SET
SET
SET
SET
                                             QUERY PLAN                                             
----------------------------------------------------------------------------------------------------
 Index Scan using idx on public.t (actual rows=131072.00 loops=1)
   Output: a, b
   Index Cond: ((t.a >= 31220) AND (t.a <= 96755))
   Index Searches: 1
   Buffers: shared hit=103879
 Settings: enable_bitmapscan = 'off', enable_seqscan = 'off', max_parallel_workers_per_gather = '0'
 Planning:
   Buffers: shared hit=110
 Planning Time: 0.174 ms
 Execution Time: 12.815 ms
(10 rows)

