SET
SET
SET
SET
SET
                                                                      QUERY PLAN                                                                      
------------------------------------------------------------------------------------------------------------------------------------------------------
 Index Scan using idx on public.t (actual rows=524288.00 loops=1)
   Output: a, b
   Index Cond: ((t.a >= 23012) AND (t.a <= 285155))
   Index Searches: 1
   Prefetch: distance=238.026 count=414080 stalls=4 skipped=110156 resets=0 ungets=45 forwarded=932
             histogram [2,4) => 6, [4,8) => 11, [8,16) => 11, [16,32) => 13, [32,64) => 16, [64,128) => 945, [128,256) => 284082, [256,512) => 128996
   Buffers: shared hit=405771 read=9750
 Settings: enable_bitmapscan = 'off', enable_seqscan = 'off', max_parallel_workers_per_gather = '0'
 Planning:
   Buffers: shared hit=78 read=27
 Planning Time: 2.034 ms
 Execution Time: 123.931 ms
(12 rows)

SET
SET
SET
SET
SET
                                             QUERY PLAN                                             
----------------------------------------------------------------------------------------------------
 Index Scan using idx on public.t (actual rows=524288.00 loops=1)
   Output: a, b
   Index Cond: ((t.a >= 23012) AND (t.a <= 285155))
   Index Searches: 1
   Buffers: shared hit=415551
 Settings: enable_bitmapscan = 'off', enable_seqscan = 'off', max_parallel_workers_per_gather = '0'
 Planning:
   Buffers: shared hit=110
 Planning Time: 0.177 ms
 Execution Time: 74.184 ms
(10 rows)

