SET
SET
SET
SET
SET
                                                                           QUERY PLAN                                                                           
----------------------------------------------------------------------------------------------------------------------------------------------------------------
 Index Scan using idx on public.t (actual rows=7048576.00 loops=1)
   Output: a, b
   Index Cond: ((t.a >= 11492) AND (t.a <= 3535779))
   Index Searches: 1
   Prefetch: distance=218.368 count=1998497 stalls=3568812 skipped=1481252 resets=0 ungets=60 forwarded=4505
             histogram [2,4) => 138764, [4,8) => 24969, [8,16) => 59, [16,32) => 40, [32,64) => 58, [64,128) => 5345, [128,256) => 1258957, [256,512) => 570305
   Buffers: shared hit=5456982 read=129518
 Settings: enable_bitmapscan = 'off', enable_seqscan = 'off', max_parallel_workers_per_gather = '0'
 Planning:
   Buffers: shared hit=78 read=27
 Planning Time: 2.036 ms
 Execution Time: 1491.232 ms
(12 rows)

SET
SET
SET
SET
SET
                                             QUERY PLAN                                             
----------------------------------------------------------------------------------------------------
 Index Scan using idx on public.t (actual rows=7048576.00 loops=1)
   Output: a, b
   Index Cond: ((t.a >= 11492) AND (t.a <= 3535779))
   Index Searches: 1
   Buffers: shared hit=5586573
 Settings: enable_bitmapscan = 'off', enable_seqscan = 'off', max_parallel_workers_per_gather = '0'
 Planning:
   Buffers: shared hit=110
 Planning Time: 0.248 ms
 Execution Time: 1013.041 ms
(10 rows)

