SET
SET
SET
SET
SET
                                                                 QUERY PLAN                                                                  
---------------------------------------------------------------------------------------------------------------------------------------------
 Index Scan using idx on public.t (actual rows=524288.00 loops=1)
   Output: a, b
   Index Cond: ((t.a >= 15790) AND (t.a <= 32173))
   Index Searches: 1
   Prefetch: distance=270.882 count=20561 stalls=4 skipped=511779 resets=0 ungets=9047 forwarded=12292
             histogram [2,4) => 4, [4,8) => 46, [8,16) => 17, [16,32) => 17, [32,64) => 1, [64,128) => 4, [128,256) => 1, [256,512) => 20471
   Buffers: shared hit=6471 read=5372
 Settings: enable_bitmapscan = 'off', enable_seqscan = 'off', max_parallel_workers_per_gather = '0'
 Planning:
   Buffers: shared hit=78 read=23
 Planning Time: 1.738 ms
 Execution Time: 36.604 ms
(12 rows)

SET
SET
SET
SET
SET
                                             QUERY PLAN                                             
----------------------------------------------------------------------------------------------------
 Index Scan using idx on public.t (actual rows=524288.00 loops=1)
   Output: a, b
   Index Cond: ((t.a >= 15790) AND (t.a <= 32173))
   Index Searches: 1
   Buffers: shared hit=12010
 Settings: enable_bitmapscan = 'off', enable_seqscan = 'off', max_parallel_workers_per_gather = '0'
 Planning:
   Buffers: shared hit=106
 Planning Time: 0.174 ms
 Execution Time: 20.000 ms
(10 rows)

