SET
SET
SET
SET
SET
                                                                 QUERY PLAN                                                                  
---------------------------------------------------------------------------------------------------------------------------------------------
 Index Scan using idx on public.t (actual rows=1048576.00 loops=1)
   Output: a, b
   Index Cond: ((t.a >= 593) AND (t.a <= 33360))
   Index Searches: 1
   Prefetch: distance=271.600 count=41123 stalls=2 skipped=1025374 resets=0 ungets=18050 forwarded=24471
             histogram [2,4) => 2, [4,8) => 33, [8,16) => 10, [16,32) => 10, [32,64) => 3, [64,128) => 5, [128,256) => 1, [256,512) => 41059
   Buffers: shared hit=12883 read=10738
 Settings: enable_bitmapscan = 'off', enable_seqscan = 'off', max_parallel_workers_per_gather = '0'
 Planning:
   Buffers: shared hit=78 read=27
 Planning Time: 1.928 ms
 Execution Time: 68.806 ms
(12 rows)

SET
SET
SET
SET
SET
                                             QUERY PLAN                                             
----------------------------------------------------------------------------------------------------
 Index Scan using idx on public.t (actual rows=1048576.00 loops=1)
   Output: a, b
   Index Cond: ((t.a >= 593) AND (t.a <= 33360))
   Index Searches: 1
   Buffers: shared hit=24020
 Settings: enable_bitmapscan = 'off', enable_seqscan = 'off', max_parallel_workers_per_gather = '0'
 Planning:
   Buffers: shared hit=110
 Planning Time: 0.183 ms
 Execution Time: 44.865 ms
(10 rows)

