SET
SET
SET
SET
SET
                                                                 QUERY PLAN                                                                  
---------------------------------------------------------------------------------------------------------------------------------------------
 Index Scan using idx on public.t (actual rows=2048576.00 loops=1)
   Output: a, b
   Index Cond: ((t.a >= 9398) AND (t.a <= 73415))
   Index Searches: 1
   Prefetch: distance=271.859 count=81227 stalls=1 skipped=2002700 resets=0 ungets=35959 forwarded=48405
             histogram [2,4) => 4, [4,8) => 12, [8,16) => 14, [16,32) => 12, [32,64) => 1, [64,128) => 1, [128,256) => 2, [256,512) => 81181
   Buffers: shared hit=25583 read=20979
 Settings: enable_bitmapscan = 'off', enable_seqscan = 'off', max_parallel_workers_per_gather = '0'
 Planning:
   Buffers: shared hit=78 read=23
 Planning Time: 1.720 ms
 Execution Time: 131.757 ms
(12 rows)

SET
SET
SET
SET
SET
                                             QUERY PLAN                                             
----------------------------------------------------------------------------------------------------
 Index Scan using idx on public.t (actual rows=2048576.00 loops=1)
   Output: a, b
   Index Cond: ((t.a >= 9398) AND (t.a <= 73415))
   Index Searches: 1
   Buffers: shared hit=47117
 Settings: enable_bitmapscan = 'off', enable_seqscan = 'off', max_parallel_workers_per_gather = '0'
 Planning:
   Buffers: shared hit=106
 Planning Time: 0.195 ms
 Execution Time: 83.053 ms
(10 rows)

