SET
SET
SET
SET
SET
                                                                  QUERY PLAN                                                                  
----------------------------------------------------------------------------------------------------------------------------------------------
 Index Scan using idx on public.t (actual rows=4048576.00 loops=1)
   Output: a, b
   Index Cond: ((t.a >= 17510) AND (t.a <= 144027))
   Index Searches: 1
   Prefetch: distance=271.909 count=160513 stalls=3 skipped=3958262 resets=0 ungets=71097 forwarded=95678
             histogram [2,4) => 6, [4,8) => 12, [8,16) => 15, [16,32) => 16, [32,64) => 6, [64,128) => 1, [128,256) => 1, [256,512) => 160456
   Buffers: shared hit=50436 read=41456
 Settings: enable_bitmapscan = 'off', enable_seqscan = 'off', max_parallel_workers_per_gather = '0'
 Planning:
   Buffers: shared hit=78 read=23
 Planning Time: 1.799 ms
 Execution Time: 258.656 ms
(12 rows)

SET
SET
SET
SET
SET
                                             QUERY PLAN                                             
----------------------------------------------------------------------------------------------------
 Index Scan using idx on public.t (actual rows=4048576.00 loops=1)
   Output: a, b
   Index Cond: ((t.a >= 17510) AND (t.a <= 144027))
   Index Searches: 1
   Buffers: shared hit=93054
 Settings: enable_bitmapscan = 'off', enable_seqscan = 'off', max_parallel_workers_per_gather = '0'
 Planning:
   Buffers: shared hit=106
 Planning Time: 0.180 ms
 Execution Time: 160.882 ms
(10 rows)

