SET
SET
SET
SET
SET
                                                                  QUERY PLAN                                                                  
----------------------------------------------------------------------------------------------------------------------------------------------
 Index Scan using idx on public.t (actual rows=6048576.00 loops=1)
   Output: a, b
   Index Cond: ((t.a >= 8518) AND (t.a <= 197535))
   Index Searches: 1
   Prefetch: distance=271.908 count=240017 stalls=4 skipped=5914170 resets=0 ungets=106380 forwarded=143159
             histogram [2,4) => 6, [4,8) => 46, [8,16) => 13, [16,32) => 13, [32,64) => 4, [64,128) => 1, [128,256) => 1, [256,512) => 239933
   Buffers: shared hit=75424 read=61933
 Settings: enable_bitmapscan = 'off', enable_seqscan = 'off', max_parallel_workers_per_gather = '0'
 Planning:
   Buffers: shared hit=78 read=23
 Planning Time: 1.729 ms
 Execution Time: 378.460 ms
(12 rows)

SET
SET
SET
SET
SET
                                             QUERY PLAN                                             
----------------------------------------------------------------------------------------------------
 Index Scan using idx on public.t (actual rows=6048576.00 loops=1)
   Output: a, b
   Index Cond: ((t.a >= 8518) AND (t.a <= 197535))
   Index Searches: 1
   Buffers: shared hit=139065
 Settings: enable_bitmapscan = 'off', enable_seqscan = 'off', max_parallel_workers_per_gather = '0'
 Planning:
   Buffers: shared hit=106
 Planning Time: 0.175 ms
 Execution Time: 257.821 ms
(10 rows)

