SET
SET
SET
SET
SET
                                                                 QUERY PLAN                                                                 
--------------------------------------------------------------------------------------------------------------------------------------------
 Index Scan Backward using idx on public.t (actual rows=2048.00 loops=1)
   Output: a, b
   Index Cond: ((t.a >= 22247) AND (t.a <= 23270))
   Index Searches: 1
   Prefetch: distance=253.826 count=1682 stalls=4 skipped=402 resets=0 ungets=97 forwarded=0
             histogram [2,4) => 4, [4,8) => 7, [8,16) => 9, [16,32) => 23, [32,64) => 3, [64,128) => 2, [128,256) => 420, [256,512) => 1214
   Buffers: shared hit=1485 read=164
 Settings: enable_bitmapscan = 'off', enable_seqscan = 'off', max_parallel_workers_per_gather = '0'
 Planning:
   Buffers: shared hit=86 read=27
 Planning Time: 1.839 ms
 Execution Time: 4.081 ms
(12 rows)

SET
SET
SET
SET
SET
                                             QUERY PLAN                                             
----------------------------------------------------------------------------------------------------
 Index Scan Backward using idx on public.t (actual rows=2048.00 loops=1)
   Output: a, b
   Index Cond: ((t.a >= 22247) AND (t.a <= 23270))
   Index Searches: 1
   Buffers: shared hit=1649
 Settings: enable_bitmapscan = 'off', enable_seqscan = 'off', max_parallel_workers_per_gather = '0'
 Planning:
   Buffers: shared hit=118
 Planning Time: 0.198 ms
 Execution Time: 0.484 ms
(10 rows)

