SET
SET
SET
SET
SET
                                                               QUERY PLAN                                                               
----------------------------------------------------------------------------------------------------------------------------------------
 Index Scan Backward using idx on public.t (actual rows=256.00 loops=1)
   Output: a, b
   Index Cond: ((t.a >= 32319) AND (t.a <= 32446))
   Index Searches: 1
   Prefetch: distance=193.934 count=136 stalls=1 skipped=34 resets=0 ungets=24 forwarded=0
             histogram [2,4) => 4, [4,8) => 6, [8,16) => 6, [16,32) => 19, [32,64) => 3, [64,128) => 4, [128,256) => 2, [256,512) => 92
   Buffers: shared hit=110 read=98
 Settings: enable_bitmapscan = 'off', enable_seqscan = 'off', max_parallel_workers_per_gather = '0'
 Planning:
   Buffers: shared hit=86 read=27
 Planning Time: 1.296 ms
 Execution Time: 5.681 ms
(12 rows)

SET
SET
SET
SET
SET
                                             QUERY PLAN                                             
----------------------------------------------------------------------------------------------------
 Index Scan Backward using idx on public.t (actual rows=256.00 loops=1)
   Output: a, b
   Index Cond: ((t.a >= 32319) AND (t.a <= 32446))
   Index Searches: 1
   Buffers: shared hit=208
 Settings: enable_bitmapscan = 'off', enable_seqscan = 'off', max_parallel_workers_per_gather = '0'
 Planning:
   Buffers: shared hit=118
 Planning Time: 0.133 ms
 Execution Time: 0.091 ms
(10 rows)

