SET
SET
SET
SET
SET
                                                                 QUERY PLAN                                                                  
---------------------------------------------------------------------------------------------------------------------------------------------
 Index Scan using idx on public.t (actual rows=7048576.00 loops=1)
   Output: a, b
   Index Cond: ((t.a >= 9712) AND (t.a <= 229979))
   Index Searches: 1
   Prefetch: distance=271.946 count=279313 stalls=10 skipped=6892298 resets=0 ungets=123652 forwarded=166518
             histogram [2,4) => 14, [4,8) => 16, [8,16) => 8, [16,32) => 9, [32,64) => 5, [64,128) => 4, [128,256) => 1, [256,512) => 279256
   Buffers: shared hit=87783 read=72171
 Settings: enable_bitmapscan = 'off', enable_seqscan = 'off', max_parallel_workers_per_gather = '0'
 Planning:
   Buffers: shared hit=78 read=23
 Planning Time: 1.734 ms
 Execution Time: 443.756 ms
(12 rows)

SET
SET
SET
SET
SET
                                             QUERY PLAN                                             
----------------------------------------------------------------------------------------------------
 Index Scan using idx on public.t (actual rows=7048576.00 loops=1)
   Output: a, b
   Index Cond: ((t.a >= 9712) AND (t.a <= 229979))
   Index Searches: 1
   Buffers: shared hit=161982
 Settings: enable_bitmapscan = 'off', enable_seqscan = 'off', max_parallel_workers_per_gather = '0'
 Planning:
   Buffers: shared hit=106
 Planning Time: 0.195 ms
 Execution Time: 279.409 ms
(10 rows)

