SET
SET
SET
SET
SET
                                                                    QUERY PLAN                                                                     
---------------------------------------------------------------------------------------------------------------------------------------------------
 Index Scan Backward using idx on public.t (actual rows=65536.00 loops=1)
   Output: a, b
   Index Cond: ((t.a >= 20772) AND (t.a <= 53539))
   Index Searches: 1
   Prefetch: distance=254.504 count=52142 stalls=4 skipped=13596 resets=0 ungets=411 forwarded=10
             histogram [2,4) => 6, [4,8) => 14, [8,16) => 11, [16,32) => 21, [32,64) => 27, [64,128) => 42, [128,256) => 20236, [256,512) => 31785
   Buffers: shared hit=50755 read=1330
 Settings: enable_bitmapscan = 'off', enable_seqscan = 'off', max_parallel_workers_per_gather = '0'
 Planning:
   Buffers: shared hit=86 read=27
 Planning Time: 2.053 ms
 Execution Time: 46.478 ms
(12 rows)

SET
SET
SET
SET
SET
                                             QUERY PLAN                                             
----------------------------------------------------------------------------------------------------
 Index Scan Backward using idx on public.t (actual rows=65536.00 loops=1)
   Output: a, b
   Index Cond: ((t.a >= 20772) AND (t.a <= 53539))
   Index Searches: 1
   Buffers: shared hit=52085
 Settings: enable_bitmapscan = 'off', enable_seqscan = 'off', max_parallel_workers_per_gather = '0'
 Planning:
   Buffers: shared hit=118
 Planning Time: 0.210 ms
 Execution Time: 8.744 ms
(10 rows)

