SET
SET
SET
SET
SET
                                                                    QUERY PLAN                                                                     
---------------------------------------------------------------------------------------------------------------------------------------------------
 Index Scan Backward using idx on public.t (actual rows=131072.00 loops=1)
   Output: a, b
   Index Cond: ((t.a >= 17826) AND (t.a <= 83361))
   Index Searches: 1
   Prefetch: distance=254.850 count=104215 stalls=19 skipped=27489 resets=0 ungets=842 forwarded=20
             histogram [2,4) => 12, [4,8) => 7, [8,16) => 11, [16,32) => 18, [32,64) => 28, [64,128) => 52, [128,256) => 40430, [256,512) => 63657
   Buffers: shared hit=101378 read=2530
 Settings: enable_bitmapscan = 'off', enable_seqscan = 'off', max_parallel_workers_per_gather = '0'
 Planning:
   Buffers: shared hit=82 read=27
 Planning Time: 2.011 ms
 Execution Time: 85.354 ms
(12 rows)

SET
SET
SET
SET
SET
                                             QUERY PLAN                                             
----------------------------------------------------------------------------------------------------
 Index Scan Backward using idx on public.t (actual rows=131072.00 loops=1)
   Output: a, b
   Index Cond: ((t.a >= 17826) AND (t.a <= 83361))
   Index Searches: 1
   Buffers: shared hit=103908
 Settings: enable_bitmapscan = 'off', enable_seqscan = 'off', max_parallel_workers_per_gather = '0'
 Planning:
   Buffers: shared hit=114
 Planning Time: 0.194 ms
 Execution Time: 18.438 ms
(10 rows)

