SET
SET
SET
SET
SET
                                                                    QUERY PLAN                                                                    
--------------------------------------------------------------------------------------------------------------------------------------------------
 Index Scan Backward using idx on public.t (actual rows=1048576.00 loops=1)
   Output: a, b
   Index Cond: ((t.a >= 22722) AND (t.a <= 547009))
   Index Searches: 1
   Prefetch: distance=255.273 count=835331 stalls=2 skipped=220030 resets=0 ungets=6830 forwarded=155
             histogram [2,4) => 4, [4,8) => 5, [8,16) => 8, [16,32) => 7, [32,64) => 12, [64,128) => 46, [128,256) => 322232, [256,512) => 513017
   Buffers: shared hit=812031 read=19378
 Settings: enable_bitmapscan = 'off', enable_seqscan = 'off', max_parallel_workers_per_gather = '0'
 Planning:
   Buffers: shared hit=82 read=27
 Planning Time: 2.052 ms
 Execution Time: 619.901 ms
(12 rows)

SET
SET
SET
SET
SET
                                             QUERY PLAN                                             
----------------------------------------------------------------------------------------------------
 Index Scan Backward using idx on public.t (actual rows=1048576.00 loops=1)
   Output: a, b
   Index Cond: ((t.a >= 22722) AND (t.a <= 547009))
   Index Searches: 1
   Buffers: shared hit=831411
 Settings: enable_bitmapscan = 'off', enable_seqscan = 'off', max_parallel_workers_per_gather = '0'
 Planning:
   Buffers: shared hit=114
 Planning Time: 0.191 ms
 Execution Time: 151.915 ms
(10 rows)

