SET
SET
SET
SET
SET
                                                                  QUERY PLAN                                                                  
----------------------------------------------------------------------------------------------------------------------------------------------
 Index Scan Backward using idx on public.t (actual rows=4096.00 loops=1)
   Output: a, b
   Index Cond: ((t.a >= 11361) AND (t.a <= 13408))
   Index Searches: 1
   Prefetch: distance=253.703 count=3298 stalls=2 skipped=783 resets=0 ungets=84 forwarded=0
             histogram [2,4) => 2, [4,8) => 5, [8,16) => 8, [16,32) => 15, [32,64) => 16, [64,128) => 6, [128,256) => 1048, [256,512) => 2198
   Buffers: shared hit=3108 read=201
 Settings: enable_bitmapscan = 'off', enable_seqscan = 'off', max_parallel_workers_per_gather = '0'
 Planning:
   Buffers: shared hit=86 read=27
 Planning Time: 2.028 ms
 Execution Time: 6.706 ms
(12 rows)

SET
SET
SET
SET
SET
                                             QUERY PLAN                                             
----------------------------------------------------------------------------------------------------
 Index Scan Backward using idx on public.t (actual rows=4096.00 loops=1)
   Output: a, b
   Index Cond: ((t.a >= 11361) AND (t.a <= 13408))
   Index Searches: 1
   Buffers: shared hit=3309
 Settings: enable_bitmapscan = 'off', enable_seqscan = 'off', max_parallel_workers_per_gather = '0'
 Planning:
   Buffers: shared hit=118
 Planning Time: 0.211 ms
 Execution Time: 0.832 ms
(10 rows)

