SET
SET
SET
SET
SET
                                                                       QUERY PLAN                                                                        
---------------------------------------------------------------------------------------------------------------------------------------------------------
 Index Scan Backward using idx on public.t (actual rows=5048576.00 loops=1)
   Output: a, b
   Index Cond: ((t.a >= 14388) AND (t.a <= 2538675))
   Index Searches: 1
   Prefetch: distance=255.138 count=4020259 stalls=55 skipped=1060284 resets=0 ungets=32219 forwarded=773
             histogram [2,4) => 30, [4,8) => 21, [8,16) => 24, [16,32) => 28, [32,64) => 50, [64,128) => 371, [128,256) => 1558322, [256,512) => 2461413
   Buffers: shared hit=3909236 read=92799
 Settings: enable_bitmapscan = 'off', enable_seqscan = 'off', max_parallel_workers_per_gather = '0'
 Planning:
   Buffers: shared hit=82 read=27
 Planning Time: 2.042 ms
 Execution Time: 2943.338 ms
(12 rows)

SET
SET
SET
SET
SET
                                             QUERY PLAN                                             
----------------------------------------------------------------------------------------------------
 Index Scan Backward using idx on public.t (actual rows=5048576.00 loops=1)
   Output: a, b
   Index Cond: ((t.a >= 14388) AND (t.a <= 2538675))
   Index Searches: 1
   Buffers: shared hit=4002046
 Settings: enable_bitmapscan = 'off', enable_seqscan = 'off', max_parallel_workers_per_gather = '0'
 Planning:
   Buffers: shared hit=114
 Planning Time: 0.220 ms
 Execution Time: 747.176 ms
(10 rows)

