SET
SET
SET
SET
SET
                                                                       QUERY PLAN                                                                       
--------------------------------------------------------------------------------------------------------------------------------------------------------
 Index Scan Backward using idx on public.t (actual rows=7048576.00 loops=1)
   Output: a, b
   Index Cond: ((t.a >= 31869) AND (t.a <= 3556156))
   Index Searches: 1
   Prefetch: distance=255.275 count=5613924 stalls=4 skipped=1481322 resets=0 ungets=46873 forwarded=1126
             histogram [2,4) => 8, [4,8) => 13, [8,16) => 13, [16,32) => 18, [32,64) => 27, [64,128) => 511, [128,256) => 2157838, [256,512) => 3455496
   Buffers: shared hit=5456952 read=129515
 Settings: enable_bitmapscan = 'off', enable_seqscan = 'off', max_parallel_workers_per_gather = '0'
 Planning:
   Buffers: shared hit=82 read=27
 Planning Time: 2.050 ms
 Execution Time: 4038.949 ms
(12 rows)

SET
SET
SET
SET
SET
                                             QUERY PLAN                                             
----------------------------------------------------------------------------------------------------
 Index Scan Backward using idx on public.t (actual rows=7048576.00 loops=1)
   Output: a, b
   Index Cond: ((t.a >= 31869) AND (t.a <= 3556156))
   Index Searches: 1
   Buffers: shared hit=5586480
 Settings: enable_bitmapscan = 'off', enable_seqscan = 'off', max_parallel_workers_per_gather = '0'
 Planning:
   Buffers: shared hit=114
 Planning Time: 0.235 ms
 Execution Time: 1011.659 ms
(10 rows)

