SET
SET
SET
SET
SET
                                                                      QUERY PLAN                                                                      
------------------------------------------------------------------------------------------------------------------------------------------------------
 Index Scan Backward using idx on public.t (actual rows=4048576.00 loops=1)
   Output: a, b
   Index Cond: ((t.a >= 14556) AND (t.a <= 2038843))
   Index Searches: 1
   Prefetch: distance=255.257 count=3224923 stalls=2 skipped=850559 resets=0 ungets=26987 forwarded=635
             histogram [2,4) => 2, [4,8) => 5, [8,16) => 11, [16,32) => 12, [32,64) => 3, [64,128) => 278, [128,256) => 1241735, [256,512) => 1982877
   Buffers: shared hit=3134610 read=74446
 Settings: enable_bitmapscan = 'off', enable_seqscan = 'off', max_parallel_workers_per_gather = '0'
 Planning:
   Buffers: shared hit=82 read=27
 Planning Time: 2.037 ms
 Execution Time: 2310.711 ms
(12 rows)

SET
SET
SET
SET
SET
                                             QUERY PLAN                                             
----------------------------------------------------------------------------------------------------
 Index Scan Backward using idx on public.t (actual rows=4048576.00 loops=1)
   Output: a, b
   Index Cond: ((t.a >= 14556) AND (t.a <= 2038843))
   Index Searches: 1
   Buffers: shared hit=3209065
 Settings: enable_bitmapscan = 'off', enable_seqscan = 'off', max_parallel_workers_per_gather = '0'
 Planning:
   Buffers: shared hit=114
 Planning Time: 0.220 ms
 Execution Time: 580.626 ms
(10 rows)

