SET
SET
SET
SET
SET
                                                                      QUERY PLAN                                                                       
-------------------------------------------------------------------------------------------------------------------------------------------------------
 Index Scan Backward using idx on public.t (actual rows=8048576.00 loops=1)
   Output: a, b
   Index Cond: ((t.a >= 9651) AND (t.a <= 4033938))
   Index Searches: 1
   Prefetch: distance=255.325 count=6411877 stalls=1 skipped=1691237 resets=0 ungets=54676 forwarded=1284
             histogram [2,4) => 4, [4,8) => 4, [8,16) => 10, [16,32) => 10, [32,64) => 17, [64,128) => 490, [128,256) => 2457417, [256,512) => 3953925
   Buffers: shared hit=6231416 read=147874
 Settings: enable_bitmapscan = 'off', enable_seqscan = 'off', max_parallel_workers_per_gather = '0'
 Planning:
   Buffers: shared hit=82 read=27
 Planning Time: 2.053 ms
 Execution Time: 4568.993 ms
(12 rows)

SET
SET
SET
SET
SET
                                             QUERY PLAN                                             
----------------------------------------------------------------------------------------------------
 Index Scan Backward using idx on public.t (actual rows=8048576.00 loops=1)
   Output: a, b
   Index Cond: ((t.a >= 9651) AND (t.a <= 4033938))
   Index Searches: 1
   Buffers: shared hit=6379303
 Settings: enable_bitmapscan = 'off', enable_seqscan = 'off', max_parallel_workers_per_gather = '0'
 Planning:
   Buffers: shared hit=114
 Planning Time: 0.228 ms
 Execution Time: 1164.964 ms
(10 rows)

