SET
SET
SET
SET
SET
                                                                  QUERY PLAN                                                                   
-----------------------------------------------------------------------------------------------------------------------------------------------
 Index Scan using idx on public.t (actual rows=9048576.00 loops=1)
   Output: a, b
   Index Cond: ((t.a >= 22219) AND (t.a <= 304986))
   Index Searches: 1
   Prefetch: distance=271.955 count=355173 stalls=6 skipped=8848708 resets=0 ungets=155534 forwarded=209775
             histogram [2,4) => 12, [4,8) => 10, [8,16) => 11, [16,32) => 9, [32,64) => 11, [64,128) => 1, [128,256) => 5, [256,512) => 355114
   Buffers: shared hit=111387 read=92649
 Settings: enable_bitmapscan = 'off', enable_seqscan = 'off', max_parallel_workers_per_gather = '0'
 Planning:
   Buffers: shared hit=78 read=23
 Planning Time: 1.775 ms
 Execution Time: 553.940 ms
(12 rows)

SET
SET
SET
SET
SET
                                             QUERY PLAN                                             
----------------------------------------------------------------------------------------------------
 Index Scan using idx on public.t (actual rows=9048576.00 loops=1)
   Output: a, b
   Index Cond: ((t.a >= 22219) AND (t.a <= 304986))
   Index Searches: 1
   Buffers: shared hit=207732
 Settings: enable_bitmapscan = 'off', enable_seqscan = 'off', max_parallel_workers_per_gather = '0'
 Planning:
   Buffers: shared hit=106
 Planning Time: 0.210 ms
 Execution Time: 358.826 ms
(10 rows)

