SET
SET
SET
SET
SET
                                                                   QUERY PLAN                                                                   
------------------------------------------------------------------------------------------------------------------------------------------------
 Index Scan Backward using idx on public.t (actual rows=131072.00 loops=1)
   Output: a, b
   Index Cond: ((t.a >= 7881) AND (t.a <= 73416))
   Index Searches: 1
   Prefetch: distance=255.204 count=104535 stalls=1 skipped=27362 resets=0 ungets=891 forwarded=21
             histogram [2,4) => 2, [4,8) => 6, [8,16) => 9, [16,32) => 15, [32,64) => 3, [64,128) => 17, [128,256) => 39958, [256,512) => 64525
   Buffers: shared hit=101525 read=2530
 Settings: enable_bitmapscan = 'off', enable_seqscan = 'off', max_parallel_workers_per_gather = '0'
 Planning:
   Buffers: shared hit=82 read=27
 Planning Time: 2.035 ms
 Execution Time: 82.429 ms
(12 rows)

SET
SET
SET
SET
SET
                                             QUERY PLAN                                             
----------------------------------------------------------------------------------------------------
 Index Scan Backward using idx on public.t (actual rows=131072.00 loops=1)
   Output: a, b
   Index Cond: ((t.a >= 7881) AND (t.a <= 73416))
   Index Searches: 1
   Buffers: shared hit=104055
 Settings: enable_bitmapscan = 'off', enable_seqscan = 'off', max_parallel_workers_per_gather = '0'
 Planning:
   Buffers: shared hit=114
 Planning Time: 0.173 ms
 Execution Time: 14.852 ms
(10 rows)

