SET
SET
SET
SET
SET
                                             QUERY PLAN                                             
----------------------------------------------------------------------------------------------------
 Index Scan Backward using idx on public.t (actual rows=512.00 loops=1)
   Output: a, b
   Index Cond: ((t.a >= 8503) AND (t.a <= 8758))
   Index Searches: 1
   Prefetch: distance=2.176 count=34 stalls=127 skipped=38 resets=0 ungets=0 forwarded=0
             histogram [2,4) => 32, [4,8) => 2
   Buffers: shared hit=283 read=131
 Settings: enable_bitmapscan = 'off', enable_seqscan = 'off', max_parallel_workers_per_gather = '0'
 Planning:
   Buffers: shared hit=86 read=27
 Planning Time: 2.027 ms
 Execution Time: 7.491 ms
(12 rows)

SET
SET
SET
SET
SET
                                             QUERY PLAN                                             
----------------------------------------------------------------------------------------------------
 Index Scan Backward using idx on public.t (actual rows=512.00 loops=1)
   Output: a, b
   Index Cond: ((t.a >= 8503) AND (t.a <= 8758))
   Index Searches: 1
   Buffers: shared hit=414
 Settings: enable_bitmapscan = 'off', enable_seqscan = 'off', max_parallel_workers_per_gather = '0'
 Planning:
   Buffers: shared hit=118
 Planning Time: 0.206 ms
 Execution Time: 0.257 ms
(10 rows)

