SET
SET
SET
SET
SET
                                                                 QUERY PLAN                                                                  
---------------------------------------------------------------------------------------------------------------------------------------------
 Index Scan Backward using idx on public.t (actual rows=16384.00 loops=1)
   Output: a, b
   Index Cond: ((t.a >= 14716) AND (t.a <= 22907))
   Index Searches: 1
   Prefetch: distance=254.616 count=13040 stalls=1 skipped=3479 resets=0 ungets=199 forwarded=2
             histogram [2,4) => 2, [4,8) => 7, [8,16) => 8, [16,32) => 14, [32,64) => 8, [64,128) => 4, [128,256) => 4888, [256,512) => 8109
   Buffers: shared hit=12522 read=427
 Settings: enable_bitmapscan = 'off', enable_seqscan = 'off', max_parallel_workers_per_gather = '0'
 Planning:
   Buffers: shared hit=86 read=27
 Planning Time: 2.063 ms
 Execution Time: 14.833 ms
(12 rows)

SET
SET
SET
SET
SET
                                             QUERY PLAN                                             
----------------------------------------------------------------------------------------------------
 Index Scan Backward using idx on public.t (actual rows=16384.00 loops=1)
   Output: a, b
   Index Cond: ((t.a >= 14716) AND (t.a <= 22907))
   Index Searches: 1
   Buffers: shared hit=12949
 Settings: enable_bitmapscan = 'off', enable_seqscan = 'off', max_parallel_workers_per_gather = '0'
 Planning:
   Buffers: shared hit=118
 Planning Time: 0.193 ms
 Execution Time: 2.663 ms
(10 rows)

