SET
SET
SET
SET
SET
                                                                     QUERY PLAN                                                                      
-----------------------------------------------------------------------------------------------------------------------------------------------------
 Index Scan Backward using idx on public.t (actual rows=5048576.00 loops=1)
   Output: a, b
   Index Cond: ((t.a >= 32609) AND (t.a <= 2556896))
   Index Searches: 1
   Prefetch: distance=255.281 count=4022115 stalls=1 skipped=1060297 resets=0 ungets=33876 forwarded=782
             histogram [2,4) => 2, [4,8) => 7, [8,16) => 6, [16,32) => 14, [32,64) => 4, [64,128) => 309, [128,256) => 1545802, [256,512) => 2475971
   Buffers: shared hit=3909259 read=92803
 Settings: enable_bitmapscan = 'off', enable_seqscan = 'off', max_parallel_workers_per_gather = '0'
 Planning:
   Buffers: shared hit=82 read=27
 Planning Time: 2.027 ms
 Execution Time: 2868.511 ms
(12 rows)

SET
SET
SET
SET
SET
                                             QUERY PLAN                                             
----------------------------------------------------------------------------------------------------
 Index Scan Backward using idx on public.t (actual rows=5048576.00 loops=1)
   Output: a, b
   Index Cond: ((t.a >= 32609) AND (t.a <= 2556896))
   Index Searches: 1
   Buffers: shared hit=4002069
 Settings: enable_bitmapscan = 'off', enable_seqscan = 'off', max_parallel_workers_per_gather = '0'
 Planning:
   Buffers: shared hit=114
 Planning Time: 0.231 ms
 Execution Time: 721.878 ms
(10 rows)

