SET
SET
SET
SET
SET
                                                                     QUERY PLAN                                                                      
-----------------------------------------------------------------------------------------------------------------------------------------------------
 Index Scan Backward using idx on public.t (actual rows=2048576.00 loops=1)
   Output: a, b
   Index Cond: ((t.a >= 19584) AND (t.a <= 1043871))
   Index Searches: 1
   Prefetch: distance=255.439 count=1632399 stalls=3 skipped=430095 resets=0 ungets=13998 forwarded=315
             histogram [2,4) => 10, [4,8) => 4, [8,16) => 6, [16,32) => 20, [32,64) => 5, [64,128) => 131, [128,256) => 621925, [256,512) => 1010298
   Buffers: shared hit=1586327 read=37735
 Settings: enable_bitmapscan = 'off', enable_seqscan = 'off', max_parallel_workers_per_gather = '0'
 Planning:
   Buffers: shared hit=82 read=27
 Planning Time: 2.097 ms
 Execution Time: 1173.304 ms
(12 rows)

SET
SET
SET
SET
SET
                                             QUERY PLAN                                             
----------------------------------------------------------------------------------------------------
 Index Scan Backward using idx on public.t (actual rows=2048576.00 loops=1)
   Output: a, b
   Index Cond: ((t.a >= 19584) AND (t.a <= 1043871))
   Index Searches: 1
   Buffers: shared hit=1624066
 Settings: enable_bitmapscan = 'off', enable_seqscan = 'off', max_parallel_workers_per_gather = '0'
 Planning:
   Buffers: shared hit=114
 Planning Time: 0.220 ms
 Execution Time: 293.005 ms
(10 rows)

