SET
SET
SET
SET
SET
                                                                      QUERY PLAN                                                                      
------------------------------------------------------------------------------------------------------------------------------------------------------
 Index Scan Backward using idx on public.t (actual rows=6048576.00 loops=1)
   Output: a, b
   Index Cond: ((t.a >= 19815) AND (t.a <= 3044102))
   Index Searches: 1
   Prefetch: distance=255.286 count=4818513 stalls=1 skipped=1270693 resets=0 ungets=40790 forwarded=958
             histogram [2,4) => 2, [4,8) => 6, [8,16) => 9, [16,32) => 18, [32,64) => 30, [64,128) => 441, [128,256) => 1850528, [256,512) => 2967479
   Buffers: shared hit=4683201 read=111161
 Settings: enable_bitmapscan = 'off', enable_seqscan = 'off', max_parallel_workers_per_gather = '0'
 Planning:
   Buffers: shared hit=82 read=27
 Planning Time: 2.137 ms
 Execution Time: 3440.719 ms
(12 rows)

SET
SET
SET
SET
SET
                                             QUERY PLAN                                             
----------------------------------------------------------------------------------------------------
 Index Scan Backward using idx on public.t (actual rows=6048576.00 loops=1)
   Output: a, b
   Index Cond: ((t.a >= 19815) AND (t.a <= 3044102))
   Index Searches: 1
   Buffers: shared hit=4794372
 Settings: enable_bitmapscan = 'off', enable_seqscan = 'off', max_parallel_workers_per_gather = '0'
 Planning:
   Buffers: shared hit=114
 Planning Time: 0.239 ms
 Execution Time: 870.178 ms
(10 rows)

