SET
SET
SET
SET
SET
                                                                     QUERY PLAN                                                                     
----------------------------------------------------------------------------------------------------------------------------------------------------
 Index Scan Backward using idx on public.t (actual rows=1048576.00 loops=1)
   Output: a, b
   Index Cond: ((t.a >= 16721) AND (t.a <= 541008))
   Index Searches: 1
   Prefetch: distance=255.353 count=835384 stalls=1 skipped=220050 resets=0 ungets=6978 forwarded=161
             histogram [2,4) => 4, [4,8) => 6, [8,16) => 11, [16,32) => 16, [32,64) => 23, [64,128) => 38, [128,256) => 320675, [256,512) => 514611
   Buffers: shared hit=811993 read=19379
 Settings: enable_bitmapscan = 'off', enable_seqscan = 'off', max_parallel_workers_per_gather = '0'
 Planning:
   Buffers: shared hit=82 read=27
 Planning Time: 2.016 ms
 Execution Time: 615.443 ms
(12 rows)

SET
SET
SET
SET
SET
                                             QUERY PLAN                                             
----------------------------------------------------------------------------------------------------
 Index Scan Backward using idx on public.t (actual rows=1048576.00 loops=1)
   Output: a, b
   Index Cond: ((t.a >= 16721) AND (t.a <= 541008))
   Index Searches: 1
   Buffers: shared hit=831375
 Settings: enable_bitmapscan = 'off', enable_seqscan = 'off', max_parallel_workers_per_gather = '0'
 Planning:
   Buffers: shared hit=114
 Planning Time: 0.195 ms
 Execution Time: 152.570 ms
(10 rows)

