SET
SET
SET
SET
SET
                                                                  QUERY PLAN                                                                   
-----------------------------------------------------------------------------------------------------------------------------------------------
 Index Scan Backward using idx on public.t (actual rows=512.00 loops=1)
   Output: a, b
   Index Cond: ((t.a >= 145) AND (t.a <= 400))
   Index Searches: 1
   Prefetch: distance=137.729 count=340 stalls=17 skipped=88 resets=0 ungets=0 forwarded=0
             histogram [2,4) => 34, [4,8) => 19, [8,16) => 15, [16,32) => 11, [32,64) => 26, [64,128) => 57, [128,256) => 126, [256,512) => 52
   Buffers: shared hit=338 read=76
 Settings: enable_bitmapscan = 'off', enable_seqscan = 'off', max_parallel_workers_per_gather = '0'
 Planning:
   Buffers: shared hit=86 read=27
 Planning Time: 1.818 ms
 Execution Time: 3.146 ms
(12 rows)

SET
SET
SET
SET
SET
                                             QUERY PLAN                                             
----------------------------------------------------------------------------------------------------
 Index Scan Backward using idx on public.t (actual rows=512.00 loops=1)
   Output: a, b
   Index Cond: ((t.a >= 145) AND (t.a <= 400))
   Index Searches: 1
   Buffers: shared hit=414
 Settings: enable_bitmapscan = 'off', enable_seqscan = 'off', max_parallel_workers_per_gather = '0'
 Planning:
   Buffers: shared hit=118
 Planning Time: 0.134 ms
 Execution Time: 0.103 ms
(10 rows)

