SET
SET
SET
SET
SET
                                             QUERY PLAN                                             
----------------------------------------------------------------------------------------------------
 Index Scan Backward using idx on public.t (actual rows=2048.00 loops=1)
   Output: a, b
   Index Cond: ((t.a >= 14665) AND (t.a <= 15688))
   Index Searches: 1
   Prefetch: distance=2.314 count=118 stalls=1295 skipped=370 resets=0 ungets=0 forwarded=0
             histogram [2,4) => 106, [4,8) => 12
   Buffers: shared hit=1477 read=158
 Settings: enable_bitmapscan = 'off', enable_seqscan = 'off', max_parallel_workers_per_gather = '0'
 Planning:
   Buffers: shared hit=86 read=27
 Planning Time: 2.045 ms
 Execution Time: 7.987 ms
(12 rows)

SET
SET
SET
SET
SET
                                             QUERY PLAN                                             
----------------------------------------------------------------------------------------------------
 Index Scan Backward using idx on public.t (actual rows=2048.00 loops=1)
   Output: a, b
   Index Cond: ((t.a >= 14665) AND (t.a <= 15688))
   Index Searches: 1
   Buffers: shared hit=1635
 Settings: enable_bitmapscan = 'off', enable_seqscan = 'off', max_parallel_workers_per_gather = '0'
 Planning:
   Buffers: shared hit=118
 Planning Time: 0.224 ms
 Execution Time: 0.513 ms
(10 rows)

