SET
SET
SET
SET
SET
                                                                  QUERY PLAN                                                                  
----------------------------------------------------------------------------------------------------------------------------------------------
 Index Scan Backward using idx on public.t (actual rows=8192.00 loops=1)
   Output: a, b
   Index Cond: ((t.a >= 14413) AND (t.a <= 18508))
   Index Searches: 1
   Prefetch: distance=253.488 count=6540 stalls=1 skipped=1758 resets=0 ungets=156 forwarded=1
             histogram [2,4) => 2, [4,8) => 5, [8,16) => 11, [16,32) => 11, [32,64) => 2, [64,128) => 4, [128,256) => 2423, [256,512) => 4082
   Buffers: shared hit=6180 read=271
 Settings: enable_bitmapscan = 'off', enable_seqscan = 'off', max_parallel_workers_per_gather = '0'
 Planning:
   Buffers: shared hit=86 read=27
 Planning Time: 2.118 ms
 Execution Time: 8.479 ms
(12 rows)

SET
SET
SET
SET
SET
                                             QUERY PLAN                                             
----------------------------------------------------------------------------------------------------
 Index Scan Backward using idx on public.t (actual rows=8192.00 loops=1)
   Output: a, b
   Index Cond: ((t.a >= 14413) AND (t.a <= 18508))
   Index Searches: 1
   Buffers: shared hit=6451
 Settings: enable_bitmapscan = 'off', enable_seqscan = 'off', max_parallel_workers_per_gather = '0'
 Planning:
   Buffers: shared hit=118
 Planning Time: 0.206 ms
 Execution Time: 1.387 ms
(10 rows)

