SET
SET
SET
SET
SET
                                                                   QUERY PLAN                                                                    
-------------------------------------------------------------------------------------------------------------------------------------------------
 Index Scan Backward using idx on public.t (actual rows=65536.00 loops=1)
   Output: a, b
   Index Cond: ((t.a >= 27150) AND (t.a <= 59917))
   Index Searches: 1
   Prefetch: distance=254.659 count=52093 stalls=5 skipped=13688 resets=0 ungets=401 forwarded=11
             histogram [2,4) => 8, [4,8) => 11, [8,16) => 9, [16,32) => 9, [32,64) => 20, [64,128) => 16, [128,256) => 20220, [256,512) => 31800
   Buffers: shared hit=50674 read=1325
 Settings: enable_bitmapscan = 'off', enable_seqscan = 'off', max_parallel_workers_per_gather = '0'
 Planning:
   Buffers: shared hit=82 read=27
 Planning Time: 2.251 ms
 Execution Time: 44.600 ms
(12 rows)

SET
SET
SET
SET
SET
                                             QUERY PLAN                                             
----------------------------------------------------------------------------------------------------
 Index Scan Backward using idx on public.t (actual rows=65536.00 loops=1)
   Output: a, b
   Index Cond: ((t.a >= 27150) AND (t.a <= 59917))
   Index Searches: 1
   Buffers: shared hit=51999
 Settings: enable_bitmapscan = 'off', enable_seqscan = 'off', max_parallel_workers_per_gather = '0'
 Planning:
   Buffers: shared hit=114
 Planning Time: 0.186 ms
 Execution Time: 5.781 ms
(10 rows)

