SET
SET
SET
SET
SET
                                                                     QUERY PLAN                                                                     
----------------------------------------------------------------------------------------------------------------------------------------------------
 Index Scan Backward using idx on public.t (actual rows=2048576.00 loops=1)
   Output: a, b
   Index Cond: ((t.a >= 14981) AND (t.a <= 1039268))
   Index Searches: 1
   Prefetch: distance=255.417 count=1632654 stalls=1 skipped=430083 resets=0 ungets=14183 forwarded=315
             histogram [2,4) => 2, [4,8) => 4, [8,16) => 8, [16,32) => 11, [32,64) => 2, [64,128) => 110, [128,256) => 622597, [256,512) => 1009920
   Buffers: shared hit=1586359 read=37732
 Settings: enable_bitmapscan = 'off', enable_seqscan = 'off', max_parallel_workers_per_gather = '0'
 Planning:
   Buffers: shared hit=82 read=27
 Planning Time: 2.031 ms
 Execution Time: 1170.796 ms
(12 rows)

SET
SET
SET
SET
SET
                                             QUERY PLAN                                             
----------------------------------------------------------------------------------------------------
 Index Scan Backward using idx on public.t (actual rows=2048576.00 loops=1)
   Output: a, b
   Index Cond: ((t.a >= 14981) AND (t.a <= 1039268))
   Index Searches: 1
   Buffers: shared hit=1624093
 Settings: enable_bitmapscan = 'off', enable_seqscan = 'off', max_parallel_workers_per_gather = '0'
 Planning:
   Buffers: shared hit=114
 Planning Time: 0.218 ms
 Execution Time: 295.720 ms
(10 rows)

