SET
SET
SET
SET
SET
                                                                    QUERY PLAN                                                                     
---------------------------------------------------------------------------------------------------------------------------------------------------
 Index Scan Backward using idx on public.t (actual rows=262144.00 loops=1)
   Output: a, b
   Index Cond: ((t.a >= 428) AND (t.a <= 131499))
   Index Searches: 1
   Prefetch: distance=254.972 count=208721 stalls=2 skipped=54921 resets=0 ungets=1709 forwarded=44
             histogram [2,4) => 2, [4,8) => 5, [8,16) => 8, [16,32) => 23, [32,64) => 63, [64,128) => 225, [128,256) => 80311, [256,512) => 128084
   Buffers: shared hit=203006 read=4890
 Settings: enable_bitmapscan = 'off', enable_seqscan = 'off', max_parallel_workers_per_gather = '0'
 Planning:
   Buffers: shared hit=82 read=27
 Planning Time: 2.043 ms
 Execution Time: 158.891 ms
(12 rows)

SET
SET
SET
SET
SET
                                             QUERY PLAN                                             
----------------------------------------------------------------------------------------------------
 Index Scan Backward using idx on public.t (actual rows=262144.00 loops=1)
   Output: a, b
   Index Cond: ((t.a >= 428) AND (t.a <= 131499))
   Index Searches: 1
   Buffers: shared hit=207896
 Settings: enable_bitmapscan = 'off', enable_seqscan = 'off', max_parallel_workers_per_gather = '0'
 Planning:
   Buffers: shared hit=114
 Planning Time: 0.190 ms
 Execution Time: 32.017 ms
(10 rows)

