SET
SET
SET
SET
SET
                                                                      QUERY PLAN                                                                      
------------------------------------------------------------------------------------------------------------------------------------------------------
 Index Scan Backward using idx on public.t (actual rows=8048576.00 loops=1)
   Output: a, b
   Index Cond: ((t.a >= 3616) AND (t.a <= 4027903))
   Index Searches: 1
   Prefetch: distance=255.278 count=6410818 stalls=2 skipped=1691241 resets=0 ungets=53630 forwarded=1260
             histogram [2,4) => 4, [4,8) => 5, [8,16) => 8, [16,32) => 16, [32,64) => 16, [64,128) => 593, [128,256) => 2463499, [256,512) => 3946677
   Buffers: shared hit=6231415 read=147874
 Settings: enable_bitmapscan = 'off', enable_seqscan = 'off', max_parallel_workers_per_gather = '0'
 Planning:
   Buffers: shared hit=82 read=27
 Planning Time: 2.040 ms
 Execution Time: 4613.887 ms
(12 rows)

SET
SET
SET
SET
SET
                                             QUERY PLAN                                             
----------------------------------------------------------------------------------------------------
 Index Scan Backward using idx on public.t (actual rows=8048576.00 loops=1)
   Output: a, b
   Index Cond: ((t.a >= 3616) AND (t.a <= 4027903))
   Index Searches: 1
   Buffers: shared hit=6379303
 Settings: enable_bitmapscan = 'off', enable_seqscan = 'off', max_parallel_workers_per_gather = '0'
 Planning:
   Buffers: shared hit=114
 Planning Time: 0.229 ms
 Execution Time: 1153.339 ms
(10 rows)

