SET
SET
SET
SET
SET
                                                                     QUERY PLAN                                                                      
-----------------------------------------------------------------------------------------------------------------------------------------------------
 Index Scan Backward using idx on public.t (actual rows=5048576.00 loops=1)
   Output: a, b
   Index Cond: ((t.a >= 27841) AND (t.a <= 2552128))
   Index Searches: 1
   Prefetch: distance=255.263 count=4021996 stalls=1 skipped=1060221 resets=0 ungets=33661 forwarded=779
             histogram [2,4) => 4, [4,8) => 3, [8,16) => 5, [16,32) => 10, [32,64) => 4, [64,128) => 319, [128,256) => 1547503, [256,512) => 2474148
   Buffers: shared hit=3909339 read=92804
 Settings: enable_bitmapscan = 'off', enable_seqscan = 'off', max_parallel_workers_per_gather = '0'
 Planning:
   Buffers: shared hit=82 read=27
 Planning Time: 2.053 ms
 Execution Time: 2878.756 ms
(12 rows)

SET
SET
SET
SET
SET
                                             QUERY PLAN                                             
----------------------------------------------------------------------------------------------------
 Index Scan Backward using idx on public.t (actual rows=5048576.00 loops=1)
   Output: a, b
   Index Cond: ((t.a >= 27841) AND (t.a <= 2552128))
   Index Searches: 1
   Buffers: shared hit=4002151
 Settings: enable_bitmapscan = 'off', enable_seqscan = 'off', max_parallel_workers_per_gather = '0'
 Planning:
   Buffers: shared hit=114
 Planning Time: 0.233 ms
 Execution Time: 728.073 ms
(10 rows)

