SET
SET
SET
SET
SET
                                                                       QUERY PLAN                                                                        
---------------------------------------------------------------------------------------------------------------------------------------------------------
 Index Scan Backward using idx on public.t (actual rows=6048576.00 loops=1)
   Output: a, b
   Index Cond: ((t.a >= 14129) AND (t.a <= 3038416))
   Index Searches: 1
   Prefetch: distance=255.222 count=4817508 stalls=14 skipped=1270734 resets=0 ungets=39813 forwarded=946
             histogram [2,4) => 14, [4,8) => 12, [8,16) => 30, [16,32) => 17, [32,64) => 31, [64,128) => 497, [128,256) => 1857858, [256,512) => 2959049
   Buffers: shared hit=4683177 read=111159
 Settings: enable_bitmapscan = 'off', enable_seqscan = 'off', max_parallel_workers_per_gather = '0'
 Planning:
   Buffers: shared hit=82 read=27
 Planning Time: 2.121 ms
 Execution Time: 3483.417 ms
(12 rows)

SET
SET
SET
SET
SET
                                             QUERY PLAN                                             
----------------------------------------------------------------------------------------------------
 Index Scan Backward using idx on public.t (actual rows=6048576.00 loops=1)
   Output: a, b
   Index Cond: ((t.a >= 14129) AND (t.a <= 3038416))
   Index Searches: 1
   Buffers: shared hit=4794348
 Settings: enable_bitmapscan = 'off', enable_seqscan = 'off', max_parallel_workers_per_gather = '0'
 Planning:
   Buffers: shared hit=114
 Planning Time: 0.226 ms
 Execution Time: 870.535 ms
(10 rows)

