SET
SET
SET
SET
SET
                                                                  QUERY PLAN                                                                  
----------------------------------------------------------------------------------------------------------------------------------------------
 Index Scan Backward using idx on public.t (actual rows=512.00 loops=1)
   Output: a, b
   Index Cond: ((t.a >= 147) AND (t.a <= 402))
   Index Searches: 1
   Prefetch: distance=155.388 count=343 stalls=17 skipped=87 resets=0 ungets=6 forwarded=0
             histogram [2,4) => 34, [4,8) => 19, [8,16) => 15, [16,32) => 11, [32,64) => 27, [64,128) => 51, [128,256) => 94, [256,512) => 92
   Buffers: shared hit=338 read=76
 Settings: enable_bitmapscan = 'off', enable_seqscan = 'off', max_parallel_workers_per_gather = '0'
 Planning:
   Buffers: shared hit=86 read=27
 Planning Time: 1.848 ms
 Execution Time: 3.590 ms
(12 rows)

SET
SET
SET
SET
SET
                                             QUERY PLAN                                             
----------------------------------------------------------------------------------------------------
 Index Scan Backward using idx on public.t (actual rows=512.00 loops=1)
   Output: a, b
   Index Cond: ((t.a >= 147) AND (t.a <= 402))
   Index Searches: 1
   Buffers: shared hit=414
 Settings: enable_bitmapscan = 'off', enable_seqscan = 'off', max_parallel_workers_per_gather = '0'
 Planning:
   Buffers: shared hit=118
 Planning Time: 0.140 ms
 Execution Time: 0.112 ms
(10 rows)

