SET
SET
SET
SET
SET
                                                               QUERY PLAN                                                                
-----------------------------------------------------------------------------------------------------------------------------------------
 Index Scan Backward using idx on public.t (actual rows=256.00 loops=1)
   Output: a, b
   Index Cond: ((t.a >= 24246) AND (t.a <= 24373))
   Index Searches: 1
   Prefetch: distance=224.805 count=195 stalls=1 skipped=41 resets=0 ungets=48 forwarded=0
             histogram [2,4) => 4, [4,8) => 4, [8,16) => 7, [16,32) => 13, [32,64) => 6, [64,128) => 2, [128,256) => 3, [256,512) => 156
   Buffers: shared hit=105 read=109
 Settings: enable_bitmapscan = 'off', enable_seqscan = 'off', max_parallel_workers_per_gather = '0'
 Planning:
   Buffers: shared hit=86 read=27
 Planning Time: 1.794 ms
 Execution Time: 4.306 ms
(12 rows)

SET
SET
SET
SET
SET
                                             QUERY PLAN                                             
----------------------------------------------------------------------------------------------------
 Index Scan Backward using idx on public.t (actual rows=256.00 loops=1)
   Output: a, b
   Index Cond: ((t.a >= 24246) AND (t.a <= 24373))
   Index Searches: 1
   Buffers: shared hit=214
 Settings: enable_bitmapscan = 'off', enable_seqscan = 'off', max_parallel_workers_per_gather = '0'
 Planning:
   Buffers: shared hit=118
 Planning Time: 0.189 ms
 Execution Time: 0.157 ms
(10 rows)

