SET
SET
SET
SET
SET
                                                                     QUERY PLAN                                                                     
----------------------------------------------------------------------------------------------------------------------------------------------------
 Index Scan Backward using idx on public.t (actual rows=65536.00 loops=1)
   Output: a, b
   Index Cond: ((t.a >= 21291) AND (t.a <= 54058))
   Index Searches: 1
   Prefetch: distance=254.324 count=52181 stalls=18 skipped=13610 resets=0 ungets=418 forwarded=10
             histogram [2,4) => 16, [4,8) => 18, [8,16) => 13, [16,32) => 22, [32,64) => 39, [64,128) => 28, [128,256) => 20375, [256,512) => 31670
   Buffers: shared hit=50767 read=1328
 Settings: enable_bitmapscan = 'off', enable_seqscan = 'off', max_parallel_workers_per_gather = '0'
 Planning:
   Buffers: shared hit=86 read=27
 Planning Time: 2.071 ms
 Execution Time: 44.919 ms
(12 rows)

SET
SET
SET
SET
SET
                                             QUERY PLAN                                             
----------------------------------------------------------------------------------------------------
 Index Scan Backward using idx on public.t (actual rows=65536.00 loops=1)
   Output: a, b
   Index Cond: ((t.a >= 21291) AND (t.a <= 54058))
   Index Searches: 1
   Buffers: shared hit=52095
 Settings: enable_bitmapscan = 'off', enable_seqscan = 'off', max_parallel_workers_per_gather = '0'
 Planning:
   Buffers: shared hit=118
 Planning Time: 0.176 ms
 Execution Time: 7.283 ms
(10 rows)

