SET
SET
SET
SET
SET
                                                                 QUERY PLAN                                                                  
---------------------------------------------------------------------------------------------------------------------------------------------
 Index Scan Backward using idx on public.t (actual rows=32768.00 loops=1)
   Output: a, b
   Index Cond: ((t.a >= 5038) AND (t.a <= 21421))
   Index Searches: 1
   Prefetch: distance=255.433 count=26261 stalls=1 skipped=6849 resets=0 ungets=362 forwarded=4
             histogram [2,4) => 2, [4,8) => 7, [8,16) => 4, [16,32) => 9, [32,64) => 5, [64,128) => 4, [128,256) => 9680, [256,512) => 16550
   Buffers: shared hit=25288 read=725
 Settings: enable_bitmapscan = 'off', enable_seqscan = 'off', max_parallel_workers_per_gather = '0'
 Planning:
   Buffers: shared hit=86 read=27
 Planning Time: 2.041 ms
 Execution Time: 22.114 ms
(12 rows)

SET
SET
SET
SET
SET
                                             QUERY PLAN                                             
----------------------------------------------------------------------------------------------------
 Index Scan Backward using idx on public.t (actual rows=32768.00 loops=1)
   Output: a, b
   Index Cond: ((t.a >= 5038) AND (t.a <= 21421))
   Index Searches: 1
   Buffers: shared hit=26013
 Settings: enable_bitmapscan = 'off', enable_seqscan = 'off', max_parallel_workers_per_gather = '0'
 Planning:
   Buffers: shared hit=118
 Planning Time: 0.144 ms
 Execution Time: 2.724 ms
(10 rows)

