SET
SET
SET
SET
SET
                                                                 QUERY PLAN                                                                  
---------------------------------------------------------------------------------------------------------------------------------------------
 Index Scan Backward using idx on public.t (actual rows=16384.00 loops=1)
   Output: a, b
   Index Cond: ((t.a >= 29339) AND (t.a <= 37530))
   Index Searches: 1
   Prefetch: distance=253.723 count=13188 stalls=1 skipped=3369 resets=0 ungets=203 forwarded=5
             histogram [2,4) => 4, [4,8) => 5, [8,16) => 5, [16,32) => 16, [32,64) => 5, [64,128) => 2, [128,256) => 5100, [256,512) => 8051
   Buffers: shared hit=12632 read=427
 Settings: enable_bitmapscan = 'off', enable_seqscan = 'off', max_parallel_workers_per_gather = '0'
 Planning:
   Buffers: shared hit=86 read=27
 Planning Time: 2.027 ms
 Execution Time: 13.228 ms
(12 rows)

SET
SET
SET
SET
SET
                                             QUERY PLAN                                             
----------------------------------------------------------------------------------------------------
 Index Scan Backward using idx on public.t (actual rows=16384.00 loops=1)
   Output: a, b
   Index Cond: ((t.a >= 29339) AND (t.a <= 37530))
   Index Searches: 1
   Buffers: shared hit=13059
 Settings: enable_bitmapscan = 'off', enable_seqscan = 'off', max_parallel_workers_per_gather = '0'
 Planning:
   Buffers: shared hit=118
 Planning Time: 0.159 ms
 Execution Time: 1.492 ms
(10 rows)

