SET
SET
SET
SET
SET
                                                                      QUERY PLAN                                                                      
------------------------------------------------------------------------------------------------------------------------------------------------------
 Index Scan Backward using idx on public.t (actual rows=7048576.00 loops=1)
   Output: a, b
   Index Cond: ((t.a >= 10040) AND (t.a <= 3534327))
   Index Searches: 1
   Prefetch: distance=255.332 count=5615457 stalls=3 skipped=1481200 resets=0 ungets=48179 forwarded=1132
             histogram [2,4) => 6, [4,8) => 9, [8,16) => 9, [16,32) => 15, [32,64) => 11, [64,128) => 379, [128,256) => 2153311, [256,512) => 3461717
   Buffers: shared hit=5457089 read=129518
 Settings: enable_bitmapscan = 'off', enable_seqscan = 'off', max_parallel_workers_per_gather = '0'
 Planning:
   Buffers: shared hit=82 read=27
 Planning Time: 2.027 ms
 Execution Time: 4077.620 ms
(12 rows)

SET
SET
SET
SET
SET
                                             QUERY PLAN                                             
----------------------------------------------------------------------------------------------------
 Index Scan Backward using idx on public.t (actual rows=7048576.00 loops=1)
   Output: a, b
   Index Cond: ((t.a >= 10040) AND (t.a <= 3534327))
   Index Searches: 1
   Buffers: shared hit=5586621
 Settings: enable_bitmapscan = 'off', enable_seqscan = 'off', max_parallel_workers_per_gather = '0'
 Planning:
   Buffers: shared hit=114
 Planning Time: 0.235 ms
 Execution Time: 1007.765 ms
(10 rows)

