SET
SET
SET
SET
SET
                                                                      QUERY PLAN                                                                      
------------------------------------------------------------------------------------------------------------------------------------------------------
 Index Scan Backward using idx on public.t (actual rows=6048576.00 loops=1)
   Output: a, b
   Index Cond: ((t.a >= 3468) AND (t.a <= 3027755))
   Index Searches: 1
   Prefetch: distance=255.252 count=4818437 stalls=1 skipped=1270637 resets=0 ungets=40538 forwarded=969
             histogram [2,4) => 2, [4,8) => 3, [8,16) => 10, [16,32) => 10, [32,64) => 2, [64,128) => 426, [128,256) => 1855900, [256,512) => 2962084
   Buffers: shared hit=4683291 read=111156
 Settings: enable_bitmapscan = 'off', enable_seqscan = 'off', max_parallel_workers_per_gather = '0'
 Planning:
   Buffers: shared hit=82 read=27
 Planning Time: 2.016 ms
 Execution Time: 3532.640 ms
(12 rows)

SET
SET
SET
SET
SET
                                             QUERY PLAN                                             
----------------------------------------------------------------------------------------------------
 Index Scan Backward using idx on public.t (actual rows=6048576.00 loops=1)
   Output: a, b
   Index Cond: ((t.a >= 3468) AND (t.a <= 3027755))
   Index Searches: 1
   Buffers: shared hit=4794460
 Settings: enable_bitmapscan = 'off', enable_seqscan = 'off', max_parallel_workers_per_gather = '0'
 Planning:
   Buffers: shared hit=114
 Planning Time: 0.243 ms
 Execution Time: 860.899 ms
(10 rows)

