SET
SET
SET
SET
SET
                                                                     QUERY PLAN                                                                      
-----------------------------------------------------------------------------------------------------------------------------------------------------
 Index Scan Backward using idx on public.t (actual rows=3048576.00 loops=1)
   Output: a, b
   Index Cond: ((t.a >= 3438) AND (t.a <= 1527725))
   Index Searches: 1
   Prefetch: distance=255.199 count=2429202 stalls=1 skipped=639656 resets=0 ungets=20364 forwarded=468
             histogram [2,4) => 2, [4,8) => 5, [8,16) => 6, [16,32) => 16, [32,64) => 11, [64,128) => 221, [128,256) => 938091, [256,512) => 1490850
   Buffers: shared hit=2361146 read=56088
 Settings: enable_bitmapscan = 'off', enable_seqscan = 'off', max_parallel_workers_per_gather = '0'
 Planning:
   Buffers: shared hit=82 read=27
 Planning Time: 2.055 ms
 Execution Time: 1788.421 ms
(12 rows)

SET
SET
SET
SET
SET
                                             QUERY PLAN                                             
----------------------------------------------------------------------------------------------------
 Index Scan Backward using idx on public.t (actual rows=3048576.00 loops=1)
   Output: a, b
   Index Cond: ((t.a >= 3438) AND (t.a <= 1527725))
   Index Searches: 1
   Buffers: shared hit=2417241
 Settings: enable_bitmapscan = 'off', enable_seqscan = 'off', max_parallel_workers_per_gather = '0'
 Planning:
   Buffers: shared hit=114
 Planning Time: 0.192 ms
 Execution Time: 440.758 ms
(10 rows)

