SET
SET
SET
SET
SET
                                                                       QUERY PLAN                                                                       
--------------------------------------------------------------------------------------------------------------------------------------------------------
 Index Scan Backward using idx on public.t (actual rows=9048576.00 loops=1)
   Output: a, b
   Index Cond: ((t.a >= 16427) AND (t.a <= 4540714))
   Index Searches: 1
   Prefetch: distance=255.340 count=7209262 stalls=8 skipped=1901450 resets=0 ungets=62379 forwarded=1462
             histogram [2,4) => 4, [4,8) => 25, [8,16) => 23, [16,32) => 24, [32,64) => 46, [64,128) => 580, [128,256) => 2761985, [256,512) => 4446575
   Buffers: shared hit=7005542 read=166231
 Settings: enable_bitmapscan = 'off', enable_seqscan = 'off', max_parallel_workers_per_gather = '0'
 Planning:
   Buffers: shared hit=82 read=27
 Planning Time: 2.226 ms
 Execution Time: 5234.389 ms
(12 rows)

SET
SET
SET
SET
SET
                                             QUERY PLAN                                             
----------------------------------------------------------------------------------------------------
 Index Scan Backward using idx on public.t (actual rows=9048576.00 loops=1)
   Output: a, b
   Index Cond: ((t.a >= 16427) AND (t.a <= 4540714))
   Index Searches: 1
   Buffers: shared hit=7171793
 Settings: enable_bitmapscan = 'off', enable_seqscan = 'off', max_parallel_workers_per_gather = '0'
 Planning:
   Buffers: shared hit=114
 Planning Time: 0.231 ms
 Execution Time: 1300.873 ms
(10 rows)

