SET
SET
SET
SET
SET
                                             QUERY PLAN                                             
----------------------------------------------------------------------------------------------------
 Index Scan Backward using idx on public.t (actual rows=1024.00 loops=1)
   Output: a, b
   Index Cond: ((t.a >= 19024) AND (t.a <= 19535))
   Index Searches: 1
   Prefetch: distance=3.416 count=89 stalls=513 skipped=149 resets=0 ungets=0 forwarded=0
             histogram [2,4) => 60, [4,8) => 21, [8,16) => 8
   Buffers: shared hit=690 read=145
 Settings: enable_bitmapscan = 'off', enable_seqscan = 'off', max_parallel_workers_per_gather = '0'
 Planning:
   Buffers: shared hit=86 read=27
 Planning Time: 1.795 ms
 Execution Time: 9.207 ms
(12 rows)

SET
SET
SET
SET
SET
                                             QUERY PLAN                                             
----------------------------------------------------------------------------------------------------
 Index Scan Backward using idx on public.t (actual rows=1024.00 loops=1)
   Output: a, b
   Index Cond: ((t.a >= 19024) AND (t.a <= 19535))
   Index Searches: 1
   Buffers: shared hit=835
 Settings: enable_bitmapscan = 'off', enable_seqscan = 'off', max_parallel_workers_per_gather = '0'
 Planning:
   Buffers: shared hit=118
 Planning Time: 0.154 ms
 Execution Time: 0.195 ms
(10 rows)

