SET
SET
SET
SET
SET
                                                                       QUERY PLAN                                                                       
--------------------------------------------------------------------------------------------------------------------------------------------------------
 Index Scan Backward using idx on public.t (actual rows=5048576.00 loops=1)
   Output: a, b
   Index Cond: ((t.a >= 16588) AND (t.a <= 2540875))
   Index Searches: 1
   Prefetch: distance=255.236 count=4021487 stalls=1 skipped=1060277 resets=0 ungets=33394 forwarded=798
             histogram [2,4) => 4, [4,8) => 10, [8,16) => 13, [16,32) => 21, [32,64) => 38, [64,128) => 348, [128,256) => 1551300, [256,512) => 2469753
   Buffers: shared hit=3909241 read=92805
 Settings: enable_bitmapscan = 'off', enable_seqscan = 'off', max_parallel_workers_per_gather = '0'
 Planning:
   Buffers: shared hit=82 read=27
 Planning Time: 2.023 ms
 Execution Time: 2966.616 ms
(12 rows)

SET
SET
SET
SET
SET
                                             QUERY PLAN                                             
----------------------------------------------------------------------------------------------------
 Index Scan Backward using idx on public.t (actual rows=5048576.00 loops=1)
   Output: a, b
   Index Cond: ((t.a >= 16588) AND (t.a <= 2540875))
   Index Searches: 1
   Buffers: shared hit=4002055
 Settings: enable_bitmapscan = 'off', enable_seqscan = 'off', max_parallel_workers_per_gather = '0'
 Planning:
   Buffers: shared hit=114
 Planning Time: 0.234 ms
 Execution Time: 723.118 ms
(10 rows)

