SET
SET
SET
SET
SET
                                                                  QUERY PLAN                                                                   
-----------------------------------------------------------------------------------------------------------------------------------------------
 Index Scan Backward using idx on public.t (actual rows=131072.00 loops=1)
   Output: a, b
   Index Cond: ((t.a >= 32403) AND (t.a <= 97938))
   Index Searches: 1
   Prefetch: distance=255.223 count=104365 stalls=1 skipped=27543 resets=0 ungets=902 forwarded=25
             histogram [2,4) => 4, [4,8) => 11, [8,16) => 8, [16,32) => 8, [32,64) => 3, [64,128) => 3, [128,256) => 40310, [256,512) => 64018
   Buffers: shared hit=101342 read=2533
 Settings: enable_bitmapscan = 'off', enable_seqscan = 'off', max_parallel_workers_per_gather = '0'
 Planning:
   Buffers: shared hit=82 read=27
 Planning Time: 2.004 ms
 Execution Time: 82.650 ms
(12 rows)

SET
SET
SET
SET
SET
                                             QUERY PLAN                                             
----------------------------------------------------------------------------------------------------
 Index Scan Backward using idx on public.t (actual rows=131072.00 loops=1)
   Output: a, b
   Index Cond: ((t.a >= 32403) AND (t.a <= 97938))
   Index Searches: 1
   Buffers: shared hit=103876
 Settings: enable_bitmapscan = 'off', enable_seqscan = 'off', max_parallel_workers_per_gather = '0'
 Planning:
   Buffers: shared hit=114
 Planning Time: 0.164 ms
 Execution Time: 13.289 ms
(10 rows)

