SET
SET
SET
SET
SET
                                                                       QUERY PLAN                                                                       
--------------------------------------------------------------------------------------------------------------------------------------------------------
 Index Scan Backward using idx on public.t (actual rows=7048576.00 loops=1)
   Output: a, b
   Index Cond: ((t.a >= 10612) AND (t.a <= 3534899))
   Index Searches: 1
   Prefetch: distance=255.327 count=5615338 stalls=7 skipped=1481205 resets=0 ungets=48115 forwarded=1142
             histogram [2,4) => 6, [4,8) => 13, [8,16) => 13, [16,32) => 18, [32,64) => 32, [64,128) => 335, [128,256) => 2153969, [256,512) => 3460952
   Buffers: shared hit=5457073 read=129518
 Settings: enable_bitmapscan = 'off', enable_seqscan = 'off', max_parallel_workers_per_gather = '0'
 Planning:
   Buffers: shared hit=82 read=27
 Planning Time: 2.024 ms
 Execution Time: 4077.590 ms
(12 rows)

SET
SET
SET
SET
SET
                                             QUERY PLAN                                             
----------------------------------------------------------------------------------------------------
 Index Scan Backward using idx on public.t (actual rows=7048576.00 loops=1)
   Output: a, b
   Index Cond: ((t.a >= 10612) AND (t.a <= 3534899))
   Index Searches: 1
   Buffers: shared hit=5586605
 Settings: enable_bitmapscan = 'off', enable_seqscan = 'off', max_parallel_workers_per_gather = '0'
 Planning:
   Buffers: shared hit=114
 Planning Time: 0.226 ms
 Execution Time: 1010.138 ms
(10 rows)

