SET
SET
SET
SET
SET
                                                                      QUERY PLAN                                                                       
-------------------------------------------------------------------------------------------------------------------------------------------------------
 Index Scan Backward using idx on public.t (actual rows=8048576.00 loops=1)
   Output: a, b
   Index Cond: ((t.a >= 31264) AND (t.a <= 4055551))
   Index Searches: 1
   Prefetch: distance=255.337 count=6412257 stalls=4 skipped=1691480 resets=0 ungets=55340 forwarded=1305
             histogram [2,4) => 4, [4,8) => 5, [8,16) => 10, [16,32) => 17, [32,64) => 22, [64,128) => 438, [128,256) => 2457391, [256,512) => 3954370
   Buffers: shared hit=6231164 read=147877
 Settings: enable_bitmapscan = 'off', enable_seqscan = 'off', max_parallel_workers_per_gather = '0'
 Planning:
   Buffers: shared hit=82 read=27
 Planning Time: 2.014 ms
 Execution Time: 4661.088 ms
(12 rows)

SET
SET
SET
SET
SET
                                             QUERY PLAN                                             
----------------------------------------------------------------------------------------------------
 Index Scan Backward using idx on public.t (actual rows=8048576.00 loops=1)
   Output: a, b
   Index Cond: ((t.a >= 31264) AND (t.a <= 4055551))
   Index Searches: 1
   Buffers: shared hit=6379057
 Settings: enable_bitmapscan = 'off', enable_seqscan = 'off', max_parallel_workers_per_gather = '0'
 Planning:
   Buffers: shared hit=114
 Planning Time: 0.228 ms
 Execution Time: 1151.660 ms
(10 rows)

