SET
SET
SET
SET
SET
                                                                  QUERY PLAN                                                                  
----------------------------------------------------------------------------------------------------------------------------------------------
 Index Scan using idx on public.t (actual rows=2048.00 loops=1)
   Output: a, b
   Index Cond: ((t.a >= 16787) AND (t.a <= 17810))
   Index Searches: 1
   Prefetch: distance=251.319 count=1558 stalls=3 skipped=459 resets=0 ungets=71 forwarded=25
             histogram [2,4) => 6, [4,8) => 8, [8,16) => 13, [16,32) => 17, [32,64) => 14, [64,128) => 3, [128,256) => 389, [256,512) => 1108
   Buffers: shared hit=1416 read=160
 Settings: enable_bitmapscan = 'off', enable_seqscan = 'off', max_parallel_workers_per_gather = '0'
 Planning:
   Buffers: shared hit=82 read=27
 Planning Time: 2.031 ms
 Execution Time: 4.893 ms
(12 rows)

SET
SET
SET
SET
SET
                                             QUERY PLAN                                             
----------------------------------------------------------------------------------------------------
 Index Scan using idx on public.t (actual rows=2048.00 loops=1)
   Output: a, b
   Index Cond: ((t.a >= 16787) AND (t.a <= 17810))
   Index Searches: 1
   Buffers: shared hit=1576
 Settings: enable_bitmapscan = 'off', enable_seqscan = 'off', max_parallel_workers_per_gather = '0'
 Planning:
   Buffers: shared hit=114
 Planning Time: 0.212 ms
 Execution Time: 0.477 ms
(10 rows)

