SET
SET
SET
SET
SET
                                                               QUERY PLAN                                                                
-----------------------------------------------------------------------------------------------------------------------------------------
 Index Scan using idx on public.t (actual rows=256.00 loops=1)
   Output: a, b
   Index Cond: ((t.a >= 19381) AND (t.a <= 19508))
   Index Searches: 1
   Prefetch: distance=226.863 count=226 stalls=1 skipped=40 resets=0 ungets=46 forwarded=13
             histogram [2,4) => 2, [4,8) => 9, [8,16) => 9, [16,32) => 13, [32,64) => 3, [64,128) => 3, [128,256) => 4, [256,512) => 183
   Buffers: shared hit=107 read=110
 Settings: enable_bitmapscan = 'off', enable_seqscan = 'off', max_parallel_workers_per_gather = '0'
 Planning:
   Buffers: shared hit=82 read=27
 Planning Time: 1.469 ms
 Execution Time: 2.983 ms
(12 rows)

SET
SET
SET
SET
SET
                                             QUERY PLAN                                             
----------------------------------------------------------------------------------------------------
 Index Scan using idx on public.t (actual rows=256.00 loops=1)
   Output: a, b
   Index Cond: ((t.a >= 19381) AND (t.a <= 19508))
   Index Searches: 1
   Buffers: shared hit=217
 Settings: enable_bitmapscan = 'off', enable_seqscan = 'off', max_parallel_workers_per_gather = '0'
 Planning:
   Buffers: shared hit=114
 Planning Time: 0.182 ms
 Execution Time: 0.160 ms
(10 rows)

