SET
SET
SET
SET
SET
                                                                  QUERY PLAN                                                                   
-----------------------------------------------------------------------------------------------------------------------------------------------
 Index Scan using idx on public.t (actual rows=16384.00 loops=1)
   Output: a, b
   Index Cond: ((t.a >= 30318) AND (t.a <= 38509))
   Index Searches: 1
   Prefetch: distance=252.397 count=12993 stalls=5 skipped=3340 resets=0 ungets=75 forwarded=125
             histogram [2,4) => 2, [4,8) => 10, [8,16) => 9, [16,32) => 13, [32,64) => 23, [64,128) => 4, [128,256) => 5574, [256,512) => 7358
   Buffers: shared hit=12647 read=425
 Settings: enable_bitmapscan = 'off', enable_seqscan = 'off', max_parallel_workers_per_gather = '0'
 Planning:
   Buffers: shared hit=82 read=27
 Planning Time: 2.060 ms
 Execution Time: 9.762 ms
(12 rows)

SET
SET
SET
SET
SET
                                             QUERY PLAN                                             
----------------------------------------------------------------------------------------------------
 Index Scan using idx on public.t (actual rows=16384.00 loops=1)
   Output: a, b
   Index Cond: ((t.a >= 30318) AND (t.a <= 38509))
   Index Searches: 1
   Buffers: shared hit=13072
 Settings: enable_bitmapscan = 'off', enable_seqscan = 'off', max_parallel_workers_per_gather = '0'
 Planning:
   Buffers: shared hit=114
 Planning Time: 0.236 ms
 Execution Time: 2.010 ms
(10 rows)

