SET
SET
SET
SET
SET
                                                                    QUERY PLAN                                                                     
---------------------------------------------------------------------------------------------------------------------------------------------------
 Index Scan using idx on public.t (actual rows=524288.00 loops=1)
   Output: a, b
   Index Cond: ((t.a >= 3840) AND (t.a <= 265983))
   Index Searches: 1
   Prefetch: distance=252.245 count=415097 stalls=1 skipped=110170 resets=0 ungets=987 forwarded=3374
             histogram [2,4) => 2, [4,8) => 3, [8,16) => 9, [16,32) => 15, [32,64) => 2, [64,128) => 101, [128,256) => 187810, [256,512) => 227155
   Buffers: shared hit=405782 read=9747
 Settings: enable_bitmapscan = 'off', enable_seqscan = 'off', max_parallel_workers_per_gather = '0'
 Planning:
   Buffers: shared hit=78 read=27
 Planning Time: 2.007 ms
 Execution Time: 131.459 ms
(12 rows)

SET
SET
SET
SET
SET
                                             QUERY PLAN                                             
----------------------------------------------------------------------------------------------------
 Index Scan using idx on public.t (actual rows=524288.00 loops=1)
   Output: a, b
   Index Cond: ((t.a >= 3840) AND (t.a <= 265983))
   Index Searches: 1
   Buffers: shared hit=415556
 Settings: enable_bitmapscan = 'off', enable_seqscan = 'off', max_parallel_workers_per_gather = '0'
 Planning:
   Buffers: shared hit=110
 Planning Time: 0.190 ms
 Execution Time: 76.733 ms
(10 rows)

