SET
SET
SET
SET
SET
                                                                     QUERY PLAN                                                                     
----------------------------------------------------------------------------------------------------------------------------------------------------
 Index Scan using idx on public.t (actual rows=2048576.00 loops=1)
   Output: a, b
   Index Cond: ((t.a >= 28877) AND (t.a <= 1053164))
   Index Searches: 1
   Prefetch: distance=251.925 count=1622438 stalls=1 skipped=430113 resets=0 ungets=4051 forwarded=13122
             histogram [2,4) => 2, [4,8) => 7, [8,16) => 9, [16,32) => 11, [32,64) => 13, [64,128) => 422, [128,256) => 740430, [256,512) => 881544
   Buffers: shared hit=1586205 read=37730
 Settings: enable_bitmapscan = 'off', enable_seqscan = 'off', max_parallel_workers_per_gather = '0'
 Planning:
   Buffers: shared hit=78 read=27
 Planning Time: 2.025 ms
 Execution Time: 493.385 ms
(12 rows)

SET
SET
SET
SET
SET
                                             QUERY PLAN                                             
----------------------------------------------------------------------------------------------------
 Index Scan using idx on public.t (actual rows=2048576.00 loops=1)
   Output: a, b
   Index Cond: ((t.a >= 28877) AND (t.a <= 1053164))
   Index Searches: 1
   Buffers: shared hit=1624051
 Settings: enable_bitmapscan = 'off', enable_seqscan = 'off', max_parallel_workers_per_gather = '0'
 Planning:
   Buffers: shared hit=110
 Planning Time: 0.188 ms
 Execution Time: 292.421 ms
(10 rows)

