SET
SET
SET
SET
SET
                                                                      QUERY PLAN                                                                       
-------------------------------------------------------------------------------------------------------------------------------------------------------
 Index Scan using idx on public.t (actual rows=1048576.00 loops=1)
   Output: a, b
   Index Cond: ((t.a >= 13628) AND (t.a <= 537915))
   Index Searches: 1
   Prefetch: distance=252.100 count=830422 stalls=19 skipped=220011 resets=0 ungets=2071 forwarded=6849
             histogram [2,4) => 11, [4,8) => 16, [8,16) => 13, [16,32) => 27, [32,64) => 28, [64,128) => 228, [128,256) => 376370, [256,512) => 453729
   Buffers: shared hit=811959 read=19374
 Settings: enable_bitmapscan = 'off', enable_seqscan = 'off', max_parallel_workers_per_gather = '0'
 Planning:
   Buffers: shared hit=78 read=27
 Planning Time: 1.986 ms
 Execution Time: 255.074 ms
(12 rows)

SET
SET
SET
SET
SET
                                             QUERY PLAN                                             
----------------------------------------------------------------------------------------------------
 Index Scan using idx on public.t (actual rows=1048576.00 loops=1)
   Output: a, b
   Index Cond: ((t.a >= 13628) AND (t.a <= 537915))
   Index Searches: 1
   Buffers: shared hit=831399
 Settings: enable_bitmapscan = 'off', enable_seqscan = 'off', max_parallel_workers_per_gather = '0'
 Planning:
   Buffers: shared hit=110
 Planning Time: 0.191 ms
 Execution Time: 153.774 ms
(10 rows)

