SET
SET
SET
SET
SET
                                                                      QUERY PLAN                                                                       
-------------------------------------------------------------------------------------------------------------------------------------------------------
 Index Scan using idx on public.t (actual rows=8048576.00 loops=1)
   Output: a, b
   Index Cond: ((t.a >= 21410) AND (t.a <= 4045697))
   Index Searches: 1
   Prefetch: distance=251.875 count=6373179 stalls=1 skipped=1691425 resets=0 ungets=16032 forwarded=51659
             histogram [2,4) => 2, [4,8) => 3, [8,16) => 6, [16,32) => 14, [32,64) => 54, [64,128) => 1870, [128,256) => 2911766, [256,512) => 3459464
   Buffers: shared hit=6230801 read=147876
 Settings: enable_bitmapscan = 'off', enable_seqscan = 'off', max_parallel_workers_per_gather = '0'
 Planning:
   Buffers: shared hit=78 read=27
 Planning Time: 1.989 ms
 Execution Time: 1960.916 ms
(12 rows)

SET
SET
SET
SET
SET
                                             QUERY PLAN                                             
----------------------------------------------------------------------------------------------------
 Index Scan using idx on public.t (actual rows=8048576.00 loops=1)
   Output: a, b
   Index Cond: ((t.a >= 21410) AND (t.a <= 4045697))
   Index Searches: 1
   Buffers: shared hit=6379147
 Settings: enable_bitmapscan = 'off', enable_seqscan = 'off', max_parallel_workers_per_gather = '0'
 Planning:
   Buffers: shared hit=110
 Planning Time: 0.247 ms
 Execution Time: 1160.420 ms
(10 rows)

