SET
SET
SET
SET
SET
                                                                      QUERY PLAN                                                                       
-------------------------------------------------------------------------------------------------------------------------------------------------------
 Index Scan using idx on public.t (actual rows=3048576.00 loops=1)
   Output: a, b
   Index Cond: ((t.a >= 1603) AND (t.a <= 1525890))
   Index Searches: 1
   Prefetch: distance=251.882 count=2414777 stalls=2 skipped=639641 resets=0 ungets=5933 forwarded=19520
             histogram [2,4) => 2, [4,8) => 9, [8,16) => 13, [16,32) => 18, [32,64) => 42, [64,128) => 919, [128,256) => 1102989, [256,512) => 1310785
   Buffers: shared hit=2361021 read=56065
 Settings: enable_bitmapscan = 'off', enable_seqscan = 'off', max_parallel_workers_per_gather = '0'
 Planning:
   Buffers: shared hit=78 read=27
 Planning Time: 1.991 ms
 Execution Time: 757.001 ms
(12 rows)

SET
SET
SET
SET
SET
                                             QUERY PLAN                                             
----------------------------------------------------------------------------------------------------
 Index Scan using idx on public.t (actual rows=3048576.00 loops=1)
   Output: a, b
   Index Cond: ((t.a >= 1603) AND (t.a <= 1525890))
   Index Searches: 1
   Buffers: shared hit=2417255
 Settings: enable_bitmapscan = 'off', enable_seqscan = 'off', max_parallel_workers_per_gather = '0'
 Planning:
   Buffers: shared hit=110
 Planning Time: 0.189 ms
 Execution Time: 437.968 ms
(10 rows)

