SET
SET
SET
SET
SET
                                                                       QUERY PLAN                                                                       
--------------------------------------------------------------------------------------------------------------------------------------------------------
 Index Scan using idx on public.t (actual rows=6048576.00 loops=1)
   Output: a, b
   Index Cond: ((t.a >= 2291) AND (t.a <= 3026578))
   Index Searches: 1
   Prefetch: distance=251.802 count=4789438 stalls=15 skipped=1270630 resets=0 ungets=11684 forwarded=38578
             histogram [2,4) => 10, [4,8) => 7, [8,16) => 9, [16,32) => 16, [32,64) => 57, [64,128) => 1450, [128,256) => 2196283, [256,512) => 2591606
   Buffers: shared hit=4682939 read=111144
 Settings: enable_bitmapscan = 'off', enable_seqscan = 'off', max_parallel_workers_per_gather = '0'
 Planning:
   Buffers: shared hit=78 read=27
 Planning Time: 2.013 ms
 Execution Time: 1440.012 ms
(12 rows)

SET
SET
SET
SET
SET
                                             QUERY PLAN                                             
----------------------------------------------------------------------------------------------------
 Index Scan using idx on public.t (actual rows=6048576.00 loops=1)
   Output: a, b
   Index Cond: ((t.a >= 2291) AND (t.a <= 3026578))
   Index Searches: 1
   Buffers: shared hit=4794442
 Settings: enable_bitmapscan = 'off', enable_seqscan = 'off', max_parallel_workers_per_gather = '0'
 Planning:
   Buffers: shared hit=110
 Planning Time: 0.232 ms
 Execution Time: 870.284 ms
(10 rows)

