SET
SET
SET
SET
SET
                                                                  QUERY PLAN                                                                   
-----------------------------------------------------------------------------------------------------------------------------------------------
 Index Scan using idx on public.t (actual rows=4096.00 loops=1)
   Output: a, b
   Index Cond: ((t.a >= 16610) AND (t.a <= 18657))
   Index Searches: 1
   Prefetch: distance=248.634 count=3157 stalls=9 skipped=901 resets=0 ungets=58 forwarded=41
             histogram [2,4) => 14, [4,8) => 7, [8,16) => 9, [16,32) => 21, [32,64) => 18, [64,128) => 9, [128,256) => 1265, [256,512) => 1814
   Buffers: shared hit=2998 read=196
 Settings: enable_bitmapscan = 'off', enable_seqscan = 'off', max_parallel_workers_per_gather = '0'
 Planning:
   Buffers: shared hit=82 read=27
 Planning Time: 1.987 ms
 Execution Time: 5.565 ms
(12 rows)

SET
SET
SET
SET
SET
                                             QUERY PLAN                                             
----------------------------------------------------------------------------------------------------
 Index Scan using idx on public.t (actual rows=4096.00 loops=1)
   Output: a, b
   Index Cond: ((t.a >= 16610) AND (t.a <= 18657))
   Index Searches: 1
   Buffers: shared hit=3194
 Settings: enable_bitmapscan = 'off', enable_seqscan = 'off', max_parallel_workers_per_gather = '0'
 Planning:
   Buffers: shared hit=114
 Planning Time: 0.138 ms
 Execution Time: 0.457 ms
(10 rows)

