SET
SET
SET
SET
SET
                                                                      QUERY PLAN                                                                      
------------------------------------------------------------------------------------------------------------------------------------------------------
 Index Scan using idx on public.t (actual rows=3048576.00 loops=1)
   Output: a, b
   Index Cond: ((t.a >= 3449) AND (t.a <= 1527736))
   Index Searches: 1
   Prefetch: distance=251.883 count=2414756 stalls=1 skipped=639654 resets=0 ungets=5892 forwarded=19492
             histogram [2,4) => 2, [4,8) => 7, [8,16) => 6, [16,32) => 15, [32,64) => 12, [64,128) => 657, [128,256) => 1104330, [256,512) => 1309727
   Buffers: shared hit=2360973 read=56087
 Settings: enable_bitmapscan = 'off', enable_seqscan = 'off', max_parallel_workers_per_gather = '0'
 Planning:
   Buffers: shared hit=78 read=27
 Planning Time: 2.012 ms
 Execution Time: 734.336 ms
(12 rows)

SET
SET
SET
SET
SET
                                             QUERY PLAN                                             
----------------------------------------------------------------------------------------------------
 Index Scan using idx on public.t (actual rows=3048576.00 loops=1)
   Output: a, b
   Index Cond: ((t.a >= 3449) AND (t.a <= 1527736))
   Index Searches: 1
   Buffers: shared hit=2417240
 Settings: enable_bitmapscan = 'off', enable_seqscan = 'off', max_parallel_workers_per_gather = '0'
 Planning:
   Buffers: shared hit=110
 Planning Time: 0.190 ms
 Execution Time: 439.396 ms
(10 rows)

