SET
SET
SET
SET
SET
                                                                       QUERY PLAN                                                                       
--------------------------------------------------------------------------------------------------------------------------------------------------------
 Index Scan using idx on public.t (actual rows=4048576.00 loops=1)
   Output: a, b
   Index Cond: ((t.a >= 12593) AND (t.a <= 2036880))
   Index Searches: 1
   Prefetch: distance=251.870 count=3205663 stalls=1 skipped=850527 resets=0 ungets=7684 forwarded=25858
             histogram [2,4) => 4, [4,8) => 11, [8,16) => 10, [16,32) => 12, [32,64) => 13, [64,128) => 843, [128,256) => 1467283, [256,512) => 1737487
   Buffers: shared hit=3134429 read=74441
 Settings: enable_bitmapscan = 'off', enable_seqscan = 'off', max_parallel_workers_per_gather = '0'
 Planning:
   Buffers: shared hit=78 read=27
 Planning Time: 2.011 ms
 Execution Time: 998.753 ms
(12 rows)

SET
SET
SET
SET
SET
                                             QUERY PLAN                                             
----------------------------------------------------------------------------------------------------
 Index Scan using idx on public.t (actual rows=4048576.00 loops=1)
   Output: a, b
   Index Cond: ((t.a >= 12593) AND (t.a <= 2036880))
   Index Searches: 1
   Buffers: shared hit=3209102
 Settings: enable_bitmapscan = 'off', enable_seqscan = 'off', max_parallel_workers_per_gather = '0'
 Planning:
   Buffers: shared hit=110
 Planning Time: 0.192 ms
 Execution Time: 583.592 ms
(10 rows)

