SET
SET
SET
SET
SET
                                                                       QUERY PLAN                                                                       
--------------------------------------------------------------------------------------------------------------------------------------------------------
 Index Scan using idx on public.t (actual rows=9048576.00 loops=1)
   Output: a, b
   Index Cond: ((t.a >= 29091) AND (t.a <= 4553378))
   Index Searches: 1
   Prefetch: distance=251.838 count=7164937 stalls=1 skipped=1901490 resets=0 ungets=17865 forwarded=57991
             histogram [2,4) => 2, [4,8) => 4, [8,16) => 10, [16,32) => 14, [32,64) => 44, [64,128) => 2087, [128,256) => 3276028, [256,512) => 3886748
   Buffers: shared hit=7005069 read=166230
 Settings: enable_bitmapscan = 'off', enable_seqscan = 'off', max_parallel_workers_per_gather = '0'
 Planning:
   Buffers: shared hit=78 read=27
 Planning Time: 2.001 ms
 Execution Time: 2194.399 ms
(12 rows)

SET
SET
SET
SET
SET
                                             QUERY PLAN                                             
----------------------------------------------------------------------------------------------------
 Index Scan using idx on public.t (actual rows=9048576.00 loops=1)
   Output: a, b
   Index Cond: ((t.a >= 29091) AND (t.a <= 4553378))
   Index Searches: 1
   Buffers: shared hit=7171813
 Settings: enable_bitmapscan = 'off', enable_seqscan = 'off', max_parallel_workers_per_gather = '0'
 Planning:
   Buffers: shared hit=110
 Planning Time: 0.226 ms
 Execution Time: 1308.180 ms
(10 rows)

