SET
SET
SET
SET
SET
                                                                QUERY PLAN                                                                
------------------------------------------------------------------------------------------------------------------------------------------
 Index Scan using idx on public.t (actual rows=256.00 loops=1)
   Output: a, b
   Index Cond: ((t.a >= 13485) AND (t.a <= 13612))
   Index Searches: 1
   Prefetch: distance=164.392 count=125 stalls=4 skipped=30 resets=0 ungets=18 forwarded=7
             histogram [2,4) => 2, [4,8) => 8, [8,16) => 12, [16,32) => 11, [32,64) => 15, [64,128) => 3, [128,256) => 5, [256,512) => 69
   Buffers: shared hit=102 read=109
 Settings: enable_bitmapscan = 'off', enable_seqscan = 'off', max_parallel_workers_per_gather = '0'
 Planning:
   Buffers: shared hit=82 read=27
 Planning Time: 1.586 ms
 Execution Time: 5.667 ms
(12 rows)

SET
SET
SET
SET
SET
                                             QUERY PLAN                                             
----------------------------------------------------------------------------------------------------
 Index Scan using idx on public.t (actual rows=256.00 loops=1)
   Output: a, b
   Index Cond: ((t.a >= 13485) AND (t.a <= 13612))
   Index Searches: 1
   Buffers: shared hit=211
 Settings: enable_bitmapscan = 'off', enable_seqscan = 'off', max_parallel_workers_per_gather = '0'
 Planning:
   Buffers: shared hit=114
 Planning Time: 0.215 ms
 Execution Time: 0.177 ms
(10 rows)

