SET
SET
SET
SET
SET
                                                                QUERY PLAN                                                                
------------------------------------------------------------------------------------------------------------------------------------------
 Index Scan using idx on public.t (actual rows=4096.00 loops=1)
   Output: a, b
   Index Cond: ((t.a >= 5473) AND (t.a <= 5600))
   Index Searches: 1
   Prefetch: distance=114.301 count=73 stalls=4 skipped=3297 resets=0 ungets=13 forwarded=48
             histogram [2,4) => 4, [4,8) => 10, [8,16) => 12, [16,32) => 13, [32,64) => 4, [64,128) => 1, [128,256) => 4, [256,512) => 25
   Buffers: shared hit=47 read=45
 Settings: enable_bitmapscan = 'off', enable_seqscan = 'off', max_parallel_workers_per_gather = '0'
 Planning:
   Buffers: shared hit=78 read=23
 Planning Time: 1.127 ms
 Execution Time: 1.134 ms
(12 rows)

SET
SET
SET
SET
SET
                                             QUERY PLAN                                             
----------------------------------------------------------------------------------------------------
 Index Scan using idx on public.t (actual rows=4096.00 loops=1)
   Output: a, b
   Index Cond: ((t.a >= 5473) AND (t.a <= 5600))
   Index Searches: 1
   Buffers: shared hit=93
 Settings: enable_bitmapscan = 'off', enable_seqscan = 'off', max_parallel_workers_per_gather = '0'
 Planning:
   Buffers: shared hit=106
 Planning Time: 0.164 ms
 Execution Time: 0.213 ms
(10 rows)

