SET
SET
SET
SET
SET
                                                               QUERY PLAN                                                                
-----------------------------------------------------------------------------------------------------------------------------------------
 Index Scan using idx on public.t (actual rows=128.00 loops=1)
   Output: a, b
   Index Cond: ((t.a >= 28730) AND (t.a <= 28793))
   Index Searches: 1
   Prefetch: distance=209.609 count=138 stalls=1 skipped=22 resets=0 ungets=36 forwarded=8
             histogram [2,4) => 2, [4,8) => 8, [8,16) => 9, [16,32) => 10, [32,64) => 2, [64,128) => 3, [128,256) => 1, [256,512) => 103
   Buffers: shared hit=44 read=69
 Settings: enable_bitmapscan = 'off', enable_seqscan = 'off', max_parallel_workers_per_gather = '0'
 Planning:
   Buffers: shared hit=82 read=27
 Planning Time: 1.295 ms
 Execution Time: 1.499 ms
(12 rows)

SET
SET
SET
SET
SET
                                             QUERY PLAN                                             
----------------------------------------------------------------------------------------------------
 Index Scan using idx on public.t (actual rows=128.00 loops=1)
   Output: a, b
   Index Cond: ((t.a >= 28730) AND (t.a <= 28793))
   Index Searches: 1
   Buffers: shared hit=113
 Settings: enable_bitmapscan = 'off', enable_seqscan = 'off', max_parallel_workers_per_gather = '0'
 Planning:
   Buffers: shared hit=114
 Planning Time: 0.144 ms
 Execution Time: 0.073 ms
(10 rows)

