SET
SET
SET
SET
SET
                                                                      QUERY PLAN                                                                      
------------------------------------------------------------------------------------------------------------------------------------------------------
 Index Scan using idx on public.t (actual rows=3048576.00 loops=1)
   Output: a, b
   Index Cond: ((t.a >= 28294) AND (t.a <= 1552581))
   Index Searches: 1
   Prefetch: distance=251.904 count=2414636 stalls=5 skipped=639687 resets=0 ungets=5895 forwarded=19596
             histogram [2,4) => 4, [4,8) => 8, [8,16) => 9, [16,32) => 13, [32,64) => 54, [64,128) => 914, [128,256) => 1101597, [256,512) => 1312037
   Buffers: shared hit=2360932 read=56086
 Settings: enable_bitmapscan = 'off', enable_seqscan = 'off', max_parallel_workers_per_gather = '0'
 Planning:
   Buffers: shared hit=78 read=27
 Planning Time: 2.004 ms
 Execution Time: 743.168 ms
(12 rows)

SET
SET
SET
SET
SET
                                             QUERY PLAN                                             
----------------------------------------------------------------------------------------------------
 Index Scan using idx on public.t (actual rows=3048576.00 loops=1)
   Output: a, b
   Index Cond: ((t.a >= 28294) AND (t.a <= 1552581))
   Index Searches: 1
   Buffers: shared hit=2417196
 Settings: enable_bitmapscan = 'off', enable_seqscan = 'off', max_parallel_workers_per_gather = '0'
 Planning:
   Buffers: shared hit=110
 Planning Time: 0.215 ms
 Execution Time: 440.017 ms
(10 rows)

