SET
SET
SET
SET
SET
                                                                QUERY PLAN                                                                 
-------------------------------------------------------------------------------------------------------------------------------------------
 Index Scan using idx on public.t (actual rows=8192.00 loops=1)
   Output: a, b
   Index Cond: ((t.a >= 29214) AND (t.a <= 29469))
   Index Searches: 1
   Prefetch: distance=215.930 count=285 stalls=4 skipped=7626 resets=0 ungets=106 forwarded=137
             histogram [2,4) => 9, [4,8) => 23, [8,16) => 10, [16,32) => 11, [32,64) => 7, [64,128) => 1, [128,256) => 1, [256,512) => 223
   Buffers: shared hit=117 read=88
 Settings: enable_bitmapscan = 'off', enable_seqscan = 'off', max_parallel_workers_per_gather = '0'
 Planning:
   Buffers: shared hit=78 read=23
 Planning Time: 1.136 ms
 Execution Time: 1.429 ms
(12 rows)

SET
SET
SET
SET
SET
                                             QUERY PLAN                                             
----------------------------------------------------------------------------------------------------
 Index Scan using idx on public.t (actual rows=8192.00 loops=1)
   Output: a, b
   Index Cond: ((t.a >= 29214) AND (t.a <= 29469))
   Index Searches: 1
   Buffers: shared hit=205
 Settings: enable_bitmapscan = 'off', enable_seqscan = 'off', max_parallel_workers_per_gather = '0'
 Planning:
   Buffers: shared hit=106
 Planning Time: 0.179 ms
 Execution Time: 0.411 ms
(10 rows)

