SET
SET
SET
SET
SET
                                                                   QUERY PLAN                                                                    
-------------------------------------------------------------------------------------------------------------------------------------------------
 Index Scan using idx on public.t (actual rows=32768.00 loops=1)
   Output: a, b
   Index Cond: ((t.a >= 18446) AND (t.a <= 34829))
   Index Searches: 1
   Prefetch: distance=252.946 count=26096 stalls=2 skipped=6736 resets=0 ungets=141 forwarded=241
             histogram [2,4) => 2, [4,8) => 5, [8,16) => 11, [16,32) => 13, [32,64) => 10, [64,128) => 3, [128,256) => 11303, [256,512) => 14749
   Buffers: shared hit=25391 read=723
 Settings: enable_bitmapscan = 'off', enable_seqscan = 'off', max_parallel_workers_per_gather = '0'
 Planning:
   Buffers: shared hit=82 read=27
 Planning Time: 2.004 ms
 Execution Time: 12.588 ms
(12 rows)

SET
SET
SET
SET
SET
                                             QUERY PLAN                                             
----------------------------------------------------------------------------------------------------
 Index Scan using idx on public.t (actual rows=32768.00 loops=1)
   Output: a, b
   Index Cond: ((t.a >= 18446) AND (t.a <= 34829))
   Index Searches: 1
   Buffers: shared hit=26116
 Settings: enable_bitmapscan = 'off', enable_seqscan = 'off', max_parallel_workers_per_gather = '0'
 Planning:
   Buffers: shared hit=114
 Planning Time: 0.201 ms
 Execution Time: 4.754 ms
(10 rows)

