SET
SET
SET
SET
SET
                                                                 QUERY PLAN                                                                  
---------------------------------------------------------------------------------------------------------------------------------------------
 Index Scan using idx on public.t (actual rows=16384.00 loops=1)
   Output: a, b
   Index Cond: ((t.a >= 16816) AND (t.a <= 25007))
   Index Searches: 1
   Prefetch: distance=251.803 count=12956 stalls=3 skipped=3518 resets=0 ungets=134 forwarded=125
             histogram [2,4) => 6, [4,8) => 4, [8,16) => 9, [16,32) => 9, [32,64) => 16, [64,128) => 2, [128,256) => 5788, [256,512) => 7122
   Buffers: shared hit=12476 read=428
 Settings: enable_bitmapscan = 'off', enable_seqscan = 'off', max_parallel_workers_per_gather = '0'
 Planning:
   Buffers: shared hit=82 read=27
 Planning Time: 2.054 ms
 Execution Time: 8.132 ms
(12 rows)

SET
SET
SET
SET
SET
                                             QUERY PLAN                                             
----------------------------------------------------------------------------------------------------
 Index Scan using idx on public.t (actual rows=16384.00 loops=1)
   Output: a, b
   Index Cond: ((t.a >= 16816) AND (t.a <= 25007))
   Index Searches: 1
   Buffers: shared hit=12905
 Settings: enable_bitmapscan = 'off', enable_seqscan = 'off', max_parallel_workers_per_gather = '0'
 Planning:
   Buffers: shared hit=114
 Planning Time: 0.183 ms
 Execution Time: 1.616 ms
(10 rows)

