SET
SET
SET
SET
SET
                                                                QUERY PLAN                                                                
------------------------------------------------------------------------------------------------------------------------------------------
 Index Scan using idx on public.t (actual rows=16384.00 loops=1)
   Output: a, b
   Index Cond: ((t.a >= 13030) AND (t.a <= 13541))
   Index Searches: 1
   Prefetch: distance=245.036 count=532 stalls=5 skipped=15161 resets=0 ungets=209 forwarded=316
             histogram [2,4) => 10, [4,8) => 7, [8,16) => 8, [16,32) => 25, [32,64) => 5, [64,128) => 1, [128,256) => 5, [256,512) => 471
   Buffers: shared hit=194 read=171
 Settings: enable_bitmapscan = 'off', enable_seqscan = 'off', max_parallel_workers_per_gather = '0'
 Planning:
   Buffers: shared hit=78 read=23
 Planning Time: 1.133 ms
 Execution Time: 2.284 ms
(12 rows)

SET
SET
SET
SET
SET
                                             QUERY PLAN                                             
----------------------------------------------------------------------------------------------------
 Index Scan using idx on public.t (actual rows=16384.00 loops=1)
   Output: a, b
   Index Cond: ((t.a >= 13030) AND (t.a <= 13541))
   Index Searches: 1
   Buffers: shared hit=370
 Settings: enable_bitmapscan = 'off', enable_seqscan = 'off', max_parallel_workers_per_gather = '0'
 Planning:
   Buffers: shared hit=106
 Planning Time: 0.187 ms
 Execution Time: 0.790 ms
(10 rows)

