SET
SET
SET
SET
SET
                                                                 QUERY PLAN                                                                 
--------------------------------------------------------------------------------------------------------------------------------------------
 Index Scan using idx on public.t (actual rows=32768.00 loops=1)
   Output: a, b
   Index Cond: ((t.a >= 29418) AND (t.a <= 30441))
   Index Searches: 1
   Prefetch: distance=256.489 count=1234 stalls=17 skipped=31457 resets=0 ungets=515 forwarded=695
             histogram [2,4) => 27, [4,8) => 21, [8,16) => 8, [16,32) => 10, [32,64) => 3, [64,128) => 4, [128,256) => 1, [256,512) => 1160
   Buffers: shared hit=439 read=339
 Settings: enable_bitmapscan = 'off', enable_seqscan = 'off', max_parallel_workers_per_gather = '0'
 Planning:
   Buffers: shared hit=78 read=23
 Planning Time: 1.127 ms
 Execution Time: 3.777 ms
(12 rows)

SET
SET
SET
SET
SET
                                             QUERY PLAN                                             
----------------------------------------------------------------------------------------------------
 Index Scan using idx on public.t (actual rows=32768.00 loops=1)
   Output: a, b
   Index Cond: ((t.a >= 29418) AND (t.a <= 30441))
   Index Searches: 1
   Buffers: shared hit=786
 Settings: enable_bitmapscan = 'off', enable_seqscan = 'off', max_parallel_workers_per_gather = '0'
 Planning:
   Buffers: shared hit=106
 Planning Time: 0.181 ms
 Execution Time: 1.464 ms
(10 rows)

