SET
SET
SET
SET
SET
                                                                QUERY PLAN                                                                 
-------------------------------------------------------------------------------------------------------------------------------------------
 Index Scan using idx on public.t (actual rows=65536.00 loops=1)
   Output: a, b
   Index Cond: ((t.a >= 6428) AND (t.a <= 8475))
   Index Searches: 1
   Prefetch: distance=265.697 count=2482 stalls=2 skipped=63696 resets=0 ungets=1061 forwarded=1473
             histogram [2,4) => 5, [4,8) => 26, [8,16) => 6, [16,32) => 9, [32,64) => 11, [64,128) => 1, [128,256) => 4, [256,512) => 2420
   Buffers: shared hit=795 read=675
 Settings: enable_bitmapscan = 'off', enable_seqscan = 'off', max_parallel_workers_per_gather = '0'
 Planning:
   Buffers: shared hit=78 read=23
 Planning Time: 1.755 ms
 Execution Time: 6.097 ms
(12 rows)

SET
SET
SET
SET
SET
                                             QUERY PLAN                                             
----------------------------------------------------------------------------------------------------
 Index Scan using idx on public.t (actual rows=65536.00 loops=1)
   Output: a, b
   Index Cond: ((t.a >= 6428) AND (t.a <= 8475))
   Index Searches: 1
   Buffers: shared hit=1495
 Settings: enable_bitmapscan = 'off', enable_seqscan = 'off', max_parallel_workers_per_gather = '0'
 Planning:
   Buffers: shared hit=106
 Planning Time: 0.209 ms
 Execution Time: 2.898 ms
(10 rows)

