SET
SET
SET
SET
SET
                                                                 QUERY PLAN                                                                  
---------------------------------------------------------------------------------------------------------------------------------------------
 Index Scan using idx on public.t (actual rows=131072.00 loops=1)
   Output: a, b
   Index Cond: ((t.a >= 21670) AND (t.a <= 25765))
   Index Searches: 1
   Prefetch: distance=268.944 count=5030 stalls=4 skipped=127234 resets=0 ungets=2187 forwarded=3008
             histogram [2,4) => 12, [4,8) => 10, [8,16) => 13, [16,32) => 11, [32,64) => 9, [64,128) => 5, [128,256) => 1, [256,512) => 4969
   Buffers: shared hit=1613 read=1346
 Settings: enable_bitmapscan = 'off', enable_seqscan = 'off', max_parallel_workers_per_gather = '0'
 Planning:
   Buffers: shared hit=78 read=23
 Planning Time: 1.935 ms
 Execution Time: 10.884 ms
(12 rows)

SET
SET
SET
SET
SET
                                             QUERY PLAN                                             
----------------------------------------------------------------------------------------------------
 Index Scan using idx on public.t (actual rows=131072.00 loops=1)
   Output: a, b
   Index Cond: ((t.a >= 21670) AND (t.a <= 25765))
   Index Searches: 1
   Buffers: shared hit=2990
 Settings: enable_bitmapscan = 'off', enable_seqscan = 'off', max_parallel_workers_per_gather = '0'
 Planning:
   Buffers: shared hit=106
 Planning Time: 0.190 ms
 Execution Time: 5.684 ms
(10 rows)

