SET
SET
SET
SET
SET
                                                                 QUERY PLAN                                                                  
---------------------------------------------------------------------------------------------------------------------------------------------
 Index Scan using idx on public.t (actual rows=524288.00 loops=1)
   Output: a, b
   Index Cond: ((t.a >= 26199) AND (t.a <= 42582))
   Index Searches: 1
   Prefetch: distance=271.301 count=21106 stalls=3 skipped=511991 resets=0 ungets=9355 forwarded=12392
             histogram [2,4) => 8, [4,8) => 19, [8,16) => 11, [16,32) => 14, [32,64) => 1, [64,128) => 4, [128,256) => 1, [256,512) => 21048
   Buffers: shared hit=6718 read=5373
 Settings: enable_bitmapscan = 'off', enable_seqscan = 'off', max_parallel_workers_per_gather = '0'
 Planning:
   Buffers: shared hit=78 read=23
 Planning Time: 1.843 ms
 Execution Time: 37.176 ms
(12 rows)

SET
SET
SET
SET
SET
                                             QUERY PLAN                                             
----------------------------------------------------------------------------------------------------
 Index Scan using idx on public.t (actual rows=524288.00 loops=1)
   Output: a, b
   Index Cond: ((t.a >= 26199) AND (t.a <= 42582))
   Index Searches: 1
   Buffers: shared hit=12241
 Settings: enable_bitmapscan = 'off', enable_seqscan = 'off', max_parallel_workers_per_gather = '0'
 Planning:
   Buffers: shared hit=106
 Planning Time: 0.166 ms
 Execution Time: 20.676 ms
(10 rows)

