SET
SET
SET
SET
SET
                                                               QUERY PLAN                                                                
-----------------------------------------------------------------------------------------------------------------------------------------
 Index Scan using idx on public.t (actual rows=256.00 loops=1)
   Output: a, b
   Index Cond: ((t.a >= 3103) AND (t.a <= 3230))
   Index Searches: 1
   Prefetch: distance=235.510 count=239 stalls=1 skipped=59 resets=0 ungets=60 forwarded=9
             histogram [2,4) => 3, [4,8) => 6, [8,16) => 7, [16,32) => 12, [32,64) => 3, [64,128) => 3, [128,256) => 1, [256,512) => 204
   Buffers: shared hit=97 read=105
 Settings: enable_bitmapscan = 'off', enable_seqscan = 'off', max_parallel_workers_per_gather = '0'
 Planning:
   Buffers: shared hit=82 read=27
 Planning Time: 1.326 ms
 Execution Time: 2.550 ms
(12 rows)

SET
SET
SET
SET
SET
                                             QUERY PLAN                                             
----------------------------------------------------------------------------------------------------
 Index Scan using idx on public.t (actual rows=256.00 loops=1)
   Output: a, b
   Index Cond: ((t.a >= 3103) AND (t.a <= 3230))
   Index Searches: 1
   Buffers: shared hit=202
 Settings: enable_bitmapscan = 'off', enable_seqscan = 'off', max_parallel_workers_per_gather = '0'
 Planning:
   Buffers: shared hit=114
 Planning Time: 0.197 ms
 Execution Time: 0.173 ms
(10 rows)

