SET
SET
SET
SET
SET
                                                                 QUERY PLAN                                                                 
--------------------------------------------------------------------------------------------------------------------------------------------
 Index Scan using idx on public.t (actual rows=1048576.00 loops=1)
   Output: a, b
   Index Cond: ((t.a >= 9538) AND (t.a <= 42305))
   Index Searches: 1
   Prefetch: distance=271.304 count=41806 stalls=19 skipped=1024671 resets=0 ungets=18509 forwarded=24763
             histogram [2,4) => 37, [4,8) => 47, [8,16) => 8, [16,32) => 9, [32,64) => 4, [64,128) => 5, [128,256) => 1, [256,512) => 41695
   Buffers: shared hit=13241 read=10740
 Settings: enable_bitmapscan = 'off', enable_seqscan = 'off', max_parallel_workers_per_gather = '0'
 Planning:
   Buffers: shared hit=78 read=23
 Planning Time: 1.834 ms
 Execution Time: 68.687 ms
(12 rows)

SET
SET
SET
SET
SET
                                             QUERY PLAN                                             
----------------------------------------------------------------------------------------------------
 Index Scan using idx on public.t (actual rows=1048576.00 loops=1)
   Output: a, b
   Index Cond: ((t.a >= 9538) AND (t.a <= 42305))
   Index Searches: 1
   Buffers: shared hit=24269
 Settings: enable_bitmapscan = 'off', enable_seqscan = 'off', max_parallel_workers_per_gather = '0'
 Planning:
   Buffers: shared hit=106
 Planning Time: 0.202 ms
 Execution Time: 41.734 ms
(10 rows)

