SET
SET
SET
SET
SET
                                                                   QUERY PLAN                                                                   
------------------------------------------------------------------------------------------------------------------------------------------------
 Index Scan using idx on public.t (actual rows=65536.00 loops=1)
   Output: a, b
   Index Cond: ((t.a >= 32013) AND (t.a <= 64780))
   Index Searches: 1
   Prefetch: distance=252.474 count=51975 stalls=1 skipped=13775 resets=0 ungets=240 forwarded=475
             histogram [2,4) => 2, [4,8) => 3, [8,16) => 6, [16,32) => 19, [32,64) => 5, [64,128) => 14, [128,256) => 22807, [256,512) => 29119
   Buffers: shared hit=50609 read=1326
 Settings: enable_bitmapscan = 'off', enable_seqscan = 'off', max_parallel_workers_per_gather = '0'
 Planning:
   Buffers: shared hit=78 read=27
 Planning Time: 2.020 ms
 Execution Time: 19.377 ms
(12 rows)

SET
SET
SET
SET
SET
                                             QUERY PLAN                                             
----------------------------------------------------------------------------------------------------
 Index Scan using idx on public.t (actual rows=65536.00 loops=1)
   Output: a, b
   Index Cond: ((t.a >= 32013) AND (t.a <= 64780))
   Index Searches: 1
   Buffers: shared hit=51941
 Settings: enable_bitmapscan = 'off', enable_seqscan = 'off', max_parallel_workers_per_gather = '0'
 Planning:
   Buffers: shared hit=110
 Planning Time: 0.190 ms
 Execution Time: 6.559 ms
(10 rows)

