SET
SET
SET
SET
SET
                                             QUERY PLAN                                             
----------------------------------------------------------------------------------------------------
 Index Scan using idx on public.t (actual rows=2048.00 loops=1)
   Output: a, b
   Index Cond: ((t.a >= 2391) AND (t.a <= 3414))
   Index Searches: 1
   Prefetch: distance=2.292 count=89 stalls=1255 skipped=361 resets=0 ungets=0 forwarded=0
             histogram [2,4) => 79, [4,8) => 10
   Buffers: shared hit=1468 read=151
 Settings: enable_bitmapscan = 'off', enable_seqscan = 'off', max_parallel_workers_per_gather = '0'
 Planning:
   Buffers: shared hit=82 read=27
 Planning Time: 1.992 ms
 Execution Time: 5.032 ms
(12 rows)

SET
SET
SET
SET
SET
                                             QUERY PLAN                                             
----------------------------------------------------------------------------------------------------
 Index Scan using idx on public.t (actual rows=2048.00 loops=1)
   Output: a, b
   Index Cond: ((t.a >= 2391) AND (t.a <= 3414))
   Index Searches: 1
   Buffers: shared hit=1619
 Settings: enable_bitmapscan = 'off', enable_seqscan = 'off', max_parallel_workers_per_gather = '0'
 Planning:
   Buffers: shared hit=114
 Planning Time: 0.204 ms
 Execution Time: 0.494 ms
(10 rows)

