SET
SET
SET
SET
SET
                                                                      QUERY PLAN                                                                       
-------------------------------------------------------------------------------------------------------------------------------------------------------
 Index Scan using idx on public.t (actual rows=7048576.00 loops=1)
   Output: a, b
   Index Cond: ((t.a >= 8401) AND (t.a <= 3532688))
   Index Searches: 1
   Prefetch: distance=251.855 count=5581219 stalls=1 skipped=1481182 resets=0 ungets=13861 forwarded=45106
             histogram [2,4) => 4, [4,8) => 5, [8,16) => 6, [16,32) => 15, [32,64) => 57, [64,128) => 1740, [128,256) => 2551800, [256,512) => 3027592
   Buffers: shared hit=5456734 read=129514
 Settings: enable_bitmapscan = 'off', enable_seqscan = 'off', max_parallel_workers_per_gather = '0'
 Planning:
   Buffers: shared hit=78 read=27
 Planning Time: 2.001 ms
 Execution Time: 1721.775 ms
(12 rows)

SET
SET
SET
SET
SET
                                             QUERY PLAN                                             
----------------------------------------------------------------------------------------------------
 Index Scan using idx on public.t (actual rows=7048576.00 loops=1)
   Output: a, b
   Index Cond: ((t.a >= 8401) AND (t.a <= 3532688))
   Index Searches: 1
   Buffers: shared hit=5586653
 Settings: enable_bitmapscan = 'off', enable_seqscan = 'off', max_parallel_workers_per_gather = '0'
 Planning:
   Buffers: shared hit=110
 Planning Time: 0.219 ms
 Execution Time: 1015.025 ms
(10 rows)

