SET
SET
SET
SET
SET
                                                                     QUERY PLAN                                                                     
----------------------------------------------------------------------------------------------------------------------------------------------------
 Index Scan using idx on public.t (actual rows=2048576.00 loops=1)
   Output: a, b
   Index Cond: ((t.a >= 2537) AND (t.a <= 1026824))
   Index Searches: 1
   Prefetch: distance=251.997 count=1622591 stalls=4 skipped=430043 resets=0 ungets=4113 forwarded=13166
             histogram [2,4) => 8, [4,8) => 7, [8,16) => 8, [16,32) => 16, [32,64) => 23, [64,128) => 378, [128,256) => 739059, [256,512) => 883092
   Buffers: shared hit=1586292 read=37723
 Settings: enable_bitmapscan = 'off', enable_seqscan = 'off', max_parallel_workers_per_gather = '0'
 Planning:
   Buffers: shared hit=78 read=27
 Planning Time: 2.014 ms
 Execution Time: 491.963 ms
(12 rows)

SET
SET
SET
SET
SET
                                             QUERY PLAN                                             
----------------------------------------------------------------------------------------------------
 Index Scan using idx on public.t (actual rows=2048576.00 loops=1)
   Output: a, b
   Index Cond: ((t.a >= 2537) AND (t.a <= 1026824))
   Index Searches: 1
   Buffers: shared hit=1624122
 Settings: enable_bitmapscan = 'off', enable_seqscan = 'off', max_parallel_workers_per_gather = '0'
 Planning:
   Buffers: shared hit=110
 Planning Time: 0.194 ms
 Execution Time: 295.879 ms
(10 rows)

