SET
SET
SET
SET
SET
                                                                 QUERY PLAN                                                                 
--------------------------------------------------------------------------------------------------------------------------------------------
 Index Scan using idx on public.t (actual rows=7048576.00 loops=1)
   Output: a, b
   Index Cond: ((t.a >= 17311) AND (t.a <= 237578))
   Index Searches: 1
   Prefetch: distance=271.933 count=279312 stalls=2 skipped=6892356 resets=0 ungets=123637 forwarded=166582
             histogram [2,4) => 4, [4,8) => 41, [8,16) => 8, [16,32) => 9, [32,64) => 3, [64,128) => 4, [128,256) => 1, [256,512) => 279242
   Buffers: shared hit=87782 read=72172
 Settings: enable_bitmapscan = 'off', enable_seqscan = 'off', max_parallel_workers_per_gather = '0'
 Planning:
   Buffers: shared hit=78 read=23
 Planning Time: 1.733 ms
 Execution Time: 445.256 ms
(12 rows)

SET
SET
SET
SET
SET
                                             QUERY PLAN                                             
----------------------------------------------------------------------------------------------------
 Index Scan using idx on public.t (actual rows=7048576.00 loops=1)
   Output: a, b
   Index Cond: ((t.a >= 17311) AND (t.a <= 237578))
   Index Searches: 1
   Buffers: shared hit=161984
 Settings: enable_bitmapscan = 'off', enable_seqscan = 'off', max_parallel_workers_per_gather = '0'
 Planning:
   Buffers: shared hit=106
 Planning Time: 0.190 ms
 Execution Time: 278.113 ms
(10 rows)

