SET
SET
SET
SET
SET
                                                                  QUERY PLAN                                                                  
----------------------------------------------------------------------------------------------------------------------------------------------
 Index Scan using idx on public.t (actual rows=9048576.00 loops=1)
   Output: a, b
   Index Cond: ((t.a >= 13834) AND (t.a <= 296601))
   Index Searches: 1
   Prefetch: distance=271.964 count=358350 stalls=4 skipped=8848076 resets=0 ungets=158717 forwarded=213984
             histogram [2,4) => 4, [4,8) => 16, [8,16) => 12, [16,32) => 12, [32,64) => 1, [64,128) => 1, [128,256) => 5, [256,512) => 358299
   Buffers: shared hit=112523 read=92650
 Settings: enable_bitmapscan = 'off', enable_seqscan = 'off', max_parallel_workers_per_gather = '0'
 Planning:
   Buffers: shared hit=78 read=23
 Planning Time: 1.716 ms
 Execution Time: 569.382 ms
(12 rows)

SET
SET
SET
SET
SET
                                             QUERY PLAN                                             
----------------------------------------------------------------------------------------------------
 Index Scan using idx on public.t (actual rows=9048576.00 loops=1)
   Output: a, b
   Index Cond: ((t.a >= 13834) AND (t.a <= 296601))
   Index Searches: 1
   Buffers: shared hit=207739
 Settings: enable_bitmapscan = 'off', enable_seqscan = 'off', max_parallel_workers_per_gather = '0'
 Planning:
   Buffers: shared hit=106
 Planning Time: 0.202 ms
 Execution Time: 359.180 ms
(10 rows)

