SET
SET
SET
SET
SET
                                                                  QUERY PLAN                                                                   
-----------------------------------------------------------------------------------------------------------------------------------------------
 Index Scan using idx on public.t (actual rows=2048.00 loops=1)
   Output: a, b
   Index Cond: ((t.a >= 4156) AND (t.a <= 5179))
   Index Searches: 1
   Prefetch: distance=251.463 count=1610 stalls=1 skipped=406 resets=0 ungets=76 forwarded=29
             histogram [2,4) => 4, [4,8) => 6, [8,16) => 12, [16,32) => 18, [32,64) => 17, [64,128) => 15, [128,256) => 339, [256,512) => 1199
   Buffers: shared hit=1462 read=164
 Settings: enable_bitmapscan = 'off', enable_seqscan = 'off', max_parallel_workers_per_gather = '0'
 Planning:
   Buffers: shared hit=82 read=27
 Planning Time: 1.994 ms
 Execution Time: 5.927 ms
(12 rows)

SET
SET
SET
SET
SET
                                             QUERY PLAN                                             
----------------------------------------------------------------------------------------------------
 Index Scan using idx on public.t (actual rows=2048.00 loops=1)
   Output: a, b
   Index Cond: ((t.a >= 4156) AND (t.a <= 5179))
   Index Searches: 1
   Buffers: shared hit=1627
 Settings: enable_bitmapscan = 'off', enable_seqscan = 'off', max_parallel_workers_per_gather = '0'
 Planning:
   Buffers: shared hit=114
 Planning Time: 0.154 ms
 Execution Time: 0.267 ms
(10 rows)

