SET
SET
SET
SET
SET
                                                                QUERY PLAN                                                                 
-------------------------------------------------------------------------------------------------------------------------------------------
 Index Scan using idx on public.t (actual rows=512.00 loops=1)
   Output: a, b
   Index Cond: ((t.a >= 21950) AND (t.a <= 22205))
   Index Searches: 1
   Prefetch: distance=248.727 count=473 stalls=2 skipped=104 resets=0 ungets=88 forwarded=22
             histogram [2,4) => 2, [4,8) => 6, [8,16) => 10, [16,32) => 16, [32,64) => 3, [64,128) => 1, [128,256) => 17, [256,512) => 418
   Buffers: shared hit=281 read=131
 Settings: enable_bitmapscan = 'off', enable_seqscan = 'off', max_parallel_workers_per_gather = '0'
 Planning:
   Buffers: shared hit=82 read=27
 Planning Time: 2.071 ms
 Execution Time: 3.471 ms
(12 rows)

SET
SET
SET
SET
SET
                                             QUERY PLAN                                             
----------------------------------------------------------------------------------------------------
 Index Scan using idx on public.t (actual rows=512.00 loops=1)
   Output: a, b
   Index Cond: ((t.a >= 21950) AND (t.a <= 22205))
   Index Searches: 1
   Buffers: shared hit=412
 Settings: enable_bitmapscan = 'off', enable_seqscan = 'off', max_parallel_workers_per_gather = '0'
 Planning:
   Buffers: shared hit=114
 Planning Time: 0.195 ms
 Execution Time: 0.246 ms
(10 rows)

