SET
SET
SET
SET
SET
                                                                   QUERY PLAN                                                                    
-------------------------------------------------------------------------------------------------------------------------------------------------
 Index Scan using idx on public.t (actual rows=8192.00 loops=1)
   Output: a, b
   Index Cond: ((t.a >= 9093) AND (t.a <= 13188))
   Index Searches: 1
   Prefetch: distance=250.062 count=6520 stalls=1 skipped=1607 resets=0 ungets=51 forwarded=65
             histogram [2,4) => 2, [4,8) => 10, [8,16) => 12, [16,32) => 15, [32,64) => 26, [64,128) => 30, [128,256) => 2822, [256,512) => 3603
   Buffers: shared hit=6316 read=275
 Settings: enable_bitmapscan = 'off', enable_seqscan = 'off', max_parallel_workers_per_gather = '0'
 Planning:
   Buffers: shared hit=82 read=27
 Planning Time: 1.993 ms
 Execution Time: 7.090 ms
(12 rows)

SET
SET
SET
SET
SET
                                             QUERY PLAN                                             
----------------------------------------------------------------------------------------------------
 Index Scan using idx on public.t (actual rows=8192.00 loops=1)
   Output: a, b
   Index Cond: ((t.a >= 9093) AND (t.a <= 13188))
   Index Searches: 1
   Buffers: shared hit=6592
 Settings: enable_bitmapscan = 'off', enable_seqscan = 'off', max_parallel_workers_per_gather = '0'
 Planning:
   Buffers: shared hit=114
 Planning Time: 0.179 ms
 Execution Time: 1.513 ms
(10 rows)

