SET
SET
SET
SET
SET
                                                                        QUERY PLAN                                                                        
----------------------------------------------------------------------------------------------------------------------------------------------------------
 Index Scan using idx on public.t (actual rows=6048576.00 loops=1)
   Output: a, b
   Index Cond: ((t.a >= 22619) AND (t.a <= 3046906))
   Index Searches: 1
   Prefetch: distance=251.823 count=4789546 stalls=14 skipped=1270701 resets=0 ungets=11832 forwarded=38748
             histogram [2,4) => 18, [4,8) => 19, [8,16) => 17, [16,32) => 26, [32,64) => 57, [64,128) => 1501, [128,256) => 2192496, [256,512) => 2595412
   Buffers: shared hit=4682862 read=111162
 Settings: enable_bitmapscan = 'off', enable_seqscan = 'off', max_parallel_workers_per_gather = '0'
 Planning:
   Buffers: shared hit=78 read=27
 Planning Time: 2.019 ms
 Execution Time: 1475.356 ms
(12 rows)

SET
SET
SET
SET
SET
                                             QUERY PLAN                                             
----------------------------------------------------------------------------------------------------
 Index Scan using idx on public.t (actual rows=6048576.00 loops=1)
   Output: a, b
   Index Cond: ((t.a >= 22619) AND (t.a <= 3046906))
   Index Searches: 1
   Buffers: shared hit=4794373
 Settings: enable_bitmapscan = 'off', enable_seqscan = 'off', max_parallel_workers_per_gather = '0'
 Planning:
   Buffers: shared hit=110
 Planning Time: 0.226 ms
 Execution Time: 883.910 ms
(10 rows)

