SET
SET
SET
SET
SET
                                                                      QUERY PLAN                                                                       
-------------------------------------------------------------------------------------------------------------------------------------------------------
 Index Scan using idx on public.t (actual rows=3048576.00 loops=1)
   Output: a, b
   Index Cond: ((t.a >= 20066) AND (t.a <= 1544353))
   Index Searches: 1
   Prefetch: distance=251.868 count=2414789 stalls=2 skipped=639546 resets=0 ungets=5890 forwarded=19511
             histogram [2,4) => 4, [4,8) => 4, [8,16) => 16, [16,32) => 15, [32,64) => 24, [64,128) => 757, [128,256) => 1104413, [256,512) => 1309556
   Buffers: shared hit=2361067 read=56092
 Settings: enable_bitmapscan = 'off', enable_seqscan = 'off', max_parallel_workers_per_gather = '0'
 Planning:
   Buffers: shared hit=78 read=27
 Planning Time: 2.127 ms
 Execution Time: 736.760 ms
(12 rows)

SET
SET
SET
SET
SET
                                             QUERY PLAN                                             
----------------------------------------------------------------------------------------------------
 Index Scan using idx on public.t (actual rows=3048576.00 loops=1)
   Output: a, b
   Index Cond: ((t.a >= 20066) AND (t.a <= 1544353))
   Index Searches: 1
   Buffers: shared hit=2417337
 Settings: enable_bitmapscan = 'off', enable_seqscan = 'off', max_parallel_workers_per_gather = '0'
 Planning:
   Buffers: shared hit=110
 Planning Time: 0.218 ms
 Execution Time: 439.822 ms
(10 rows)

