SET
SET
SET
SET
SET
                                                                      QUERY PLAN                                                                       
-------------------------------------------------------------------------------------------------------------------------------------------------------
 Index Scan using idx on public.t (actual rows=9048576.00 loops=1)
   Output: a, b
   Index Cond: ((t.a >= 2330) AND (t.a <= 4526617))
   Index Searches: 1
   Prefetch: distance=251.827 count=7164729 stalls=4 skipped=1901476 resets=0 ungets=17732 forwarded=57898
             histogram [2,4) => 9, [4,8) => 8, [8,16) => 8, [16,32) => 19, [32,64) => 41, [64,128) => 1823, [128,256) => 3282035, [256,512) => 3880786
   Buffers: shared hit=7005068 read=166221
 Settings: enable_bitmapscan = 'off', enable_seqscan = 'off', max_parallel_workers_per_gather = '0'
 Planning:
   Buffers: shared hit=78 read=27
 Planning Time: 2.001 ms
 Execution Time: 2167.694 ms
(12 rows)

SET
SET
SET
SET
SET
                                             QUERY PLAN                                             
----------------------------------------------------------------------------------------------------
 Index Scan using idx on public.t (actual rows=9048576.00 loops=1)
   Output: a, b
   Index Cond: ((t.a >= 2330) AND (t.a <= 4526617))
   Index Searches: 1
   Buffers: shared hit=7171812
 Settings: enable_bitmapscan = 'off', enable_seqscan = 'off', max_parallel_workers_per_gather = '0'
 Planning:
   Buffers: shared hit=110
 Planning Time: 0.234 ms
 Execution Time: 1317.594 ms
(10 rows)

