SET
SET
SET
SET
SET
                                                                QUERY PLAN                                                                
------------------------------------------------------------------------------------------------------------------------------------------
 Index Scan Backward using idx on public.t (actual rows=256.00 loops=1)
   Output: a, b
   Index Cond: ((t.a >= 28466) AND (t.a <= 28593))
   Index Searches: 1
   Prefetch: distance=208.446 count=166 stalls=2 skipped=31 resets=0 ungets=32 forwarded=0
             histogram [2,4) => 4, [4,8) => 4, [8,16) => 7, [16,32) => 14, [32,64) => 10, [64,128) => 3, [128,256) => 2, [256,512) => 122
   Buffers: shared hit=102 read=106
 Settings: enable_bitmapscan = 'off', enable_seqscan = 'off', max_parallel_workers_per_gather = '0'
 Planning:
   Buffers: shared hit=86 read=27
 Planning Time: 1.234 ms
 Execution Time: 4.977 ms
(12 rows)

SET
SET
SET
SET
SET
                                             QUERY PLAN                                             
----------------------------------------------------------------------------------------------------
 Index Scan Backward using idx on public.t (actual rows=256.00 loops=1)
   Output: a, b
   Index Cond: ((t.a >= 28466) AND (t.a <= 28593))
   Index Searches: 1
   Buffers: shared hit=208
 Settings: enable_bitmapscan = 'off', enable_seqscan = 'off', max_parallel_workers_per_gather = '0'
 Planning:
   Buffers: shared hit=118
 Planning Time: 0.191 ms
 Execution Time: 0.177 ms
(10 rows)

