SET
SET
SET
SET
SET
                                                                  QUERY PLAN                                                                  
----------------------------------------------------------------------------------------------------------------------------------------------
 Index Scan Backward using idx on public.t (actual rows=2048.00 loops=1)
   Output: a, b
   Index Cond: ((t.a >= 12933) AND (t.a <= 13956))
   Index Searches: 1
   Prefetch: distance=253.412 count=1660 stalls=5 skipped=376 resets=0 ungets=88 forwarded=0
             histogram [2,4) => 6, [4,8) => 11, [8,16) => 5, [16,32) => 19, [32,64) => 10, [64,128) => 2, [128,256) => 393, [256,512) => 1214
   Buffers: shared hit=1505 read=158
 Settings: enable_bitmapscan = 'off', enable_seqscan = 'off', max_parallel_workers_per_gather = '0'
 Planning:
   Buffers: shared hit=86 read=27
 Planning Time: 2.016 ms
 Execution Time: 7.004 ms
(12 rows)

SET
SET
SET
SET
SET
                                             QUERY PLAN                                             
----------------------------------------------------------------------------------------------------
 Index Scan Backward using idx on public.t (actual rows=2048.00 loops=1)
   Output: a, b
   Index Cond: ((t.a >= 12933) AND (t.a <= 13956))
   Index Searches: 1
   Buffers: shared hit=1663
 Settings: enable_bitmapscan = 'off', enable_seqscan = 'off', max_parallel_workers_per_gather = '0'
 Planning:
   Buffers: shared hit=118
 Planning Time: 0.171 ms
 Execution Time: 0.274 ms
(10 rows)

