SET
SET
SET
SET
SET
                                                                 QUERY PLAN                                                                  
---------------------------------------------------------------------------------------------------------------------------------------------
 Index Scan Backward using idx on public.t (actual rows=512.00 loops=1)
   Output: a, b
   Index Cond: ((t.a >= 1672) AND (t.a <= 1927))
   Index Searches: 1
   Prefetch: distance=164.438 count=274 stalls=1 skipped=54 resets=0 ungets=10 forwarded=0
             histogram [2,4) => 4, [4,8) => 4, [8,16) => 12, [16,32) => 22, [32,64) => 27, [64,128) => 42, [128,256) => 47, [256,512) => 116
   Buffers: shared hit=312 read=109
 Settings: enable_bitmapscan = 'off', enable_seqscan = 'off', max_parallel_workers_per_gather = '0'
 Planning:
   Buffers: shared hit=86 read=27
 Planning Time: 1.793 ms
 Execution Time: 6.152 ms
(12 rows)

SET
SET
SET
SET
SET
                                             QUERY PLAN                                             
----------------------------------------------------------------------------------------------------
 Index Scan Backward using idx on public.t (actual rows=512.00 loops=1)
   Output: a, b
   Index Cond: ((t.a >= 1672) AND (t.a <= 1927))
   Index Searches: 1
   Buffers: shared hit=421
 Settings: enable_bitmapscan = 'off', enable_seqscan = 'off', max_parallel_workers_per_gather = '0'
 Planning:
   Buffers: shared hit=118
 Planning Time: 0.201 ms
 Execution Time: 0.229 ms
(10 rows)

