SET
SET
SET
SET
SET
                                                                   QUERY PLAN                                                                    
-------------------------------------------------------------------------------------------------------------------------------------------------
 Index Scan Backward using idx on public.t (actual rows=524288.00 loops=1)
   Output: a, b
   Index Cond: ((t.a >= 21890) AND (t.a <= 284033))
   Index Searches: 1
   Prefetch: distance=256.653 count=419501 stalls=1 skipped=110179 resets=0 ungets=5426 forwarded=88
             histogram [2,4) => 2, [4,8) => 5, [8,16) => 9, [16,32) => 8, [32,64) => 2, [64,128) => 14, [128,256) => 148489, [256,512) => 270972
   Buffers: shared hit=405785 read=9752
 Settings: enable_bitmapscan = 'off', enable_seqscan = 'off', max_parallel_workers_per_gather = '0'
 Planning:
   Buffers: shared hit=82 read=27
 Planning Time: 1.993 ms
 Execution Time: 307.758 ms
(12 rows)

SET
SET
SET
SET
SET
                                             QUERY PLAN                                             
----------------------------------------------------------------------------------------------------
 Index Scan Backward using idx on public.t (actual rows=524288.00 loops=1)
   Output: a, b
   Index Cond: ((t.a >= 21890) AND (t.a <= 284033))
   Index Searches: 1
   Buffers: shared hit=415539
 Settings: enable_bitmapscan = 'off', enable_seqscan = 'off', max_parallel_workers_per_gather = '0'
 Planning:
   Buffers: shared hit=114
 Planning Time: 0.205 ms
 Execution Time: 76.305 ms
(10 rows)

