SET
SET
SET
SET
SET
                                                                 QUERY PLAN                                                                  
---------------------------------------------------------------------------------------------------------------------------------------------
 Index Scan Backward using idx on public.t (actual rows=4096.00 loops=1)
   Output: a, b
   Index Cond: ((t.a >= 16140) AND (t.a <= 18187))
   Index Searches: 1
   Prefetch: distance=254.562 count=3181 stalls=1 skipped=872 resets=0 ungets=97 forwarded=1
             histogram [2,4) => 4, [4,8) => 8, [8,16) => 9, [16,32) => 18, [32,64) => 20, [64,128) => 7, [128,256) => 907, [256,512) => 2208
   Buffers: shared hit=3006 read=199
 Settings: enable_bitmapscan = 'off', enable_seqscan = 'off', max_parallel_workers_per_gather = '0'
 Planning:
   Buffers: shared hit=86 read=27
 Planning Time: 2.065 ms
 Execution Time: 8.379 ms
(12 rows)

SET
SET
SET
SET
SET
                                             QUERY PLAN                                             
----------------------------------------------------------------------------------------------------
 Index Scan Backward using idx on public.t (actual rows=4096.00 loops=1)
   Output: a, b
   Index Cond: ((t.a >= 16140) AND (t.a <= 18187))
   Index Searches: 1
   Buffers: shared hit=3205
 Settings: enable_bitmapscan = 'off', enable_seqscan = 'off', max_parallel_workers_per_gather = '0'
 Planning:
   Buffers: shared hit=118
 Planning Time: 0.198 ms
 Execution Time: 0.831 ms
(10 rows)

