SET
SET
SET
SET
SET
                                                                    QUERY PLAN                                                                     
---------------------------------------------------------------------------------------------------------------------------------------------------
 Index Scan Backward using idx on public.t (actual rows=1048576.00 loops=1)
   Output: a, b
   Index Cond: ((t.a >= 30098) AND (t.a <= 554385))
   Index Searches: 1
   Prefetch: distance=256.523 count=838971 stalls=6 skipped=220024 resets=0 ungets=10580 forwarded=179
             histogram [2,4) => 4, [4,8) => 6, [8,16) => 8, [16,32) => 23, [32,64) => 39, [64,128) => 45, [128,256) => 299669, [256,512) => 539177
   Buffers: shared hit=812019 read=19374
 Settings: enable_bitmapscan = 'off', enable_seqscan = 'off', max_parallel_workers_per_gather = '0'
 Planning:
   Buffers: shared hit=82 read=27
 Planning Time: 2.022 ms
 Execution Time: 615.735 ms
(12 rows)

SET
SET
SET
SET
SET
                                             QUERY PLAN                                             
----------------------------------------------------------------------------------------------------
 Index Scan Backward using idx on public.t (actual rows=1048576.00 loops=1)
   Output: a, b
   Index Cond: ((t.a >= 30098) AND (t.a <= 554385))
   Index Searches: 1
   Buffers: shared hit=831395
 Settings: enable_bitmapscan = 'off', enable_seqscan = 'off', max_parallel_workers_per_gather = '0'
 Planning:
   Buffers: shared hit=114
 Planning Time: 0.205 ms
 Execution Time: 151.128 ms
(10 rows)

