SET
SET
SET
SET
SET
                                                                     QUERY PLAN                                                                     
----------------------------------------------------------------------------------------------------------------------------------------------------
 Index Scan Backward using idx on public.t (actual rows=9048576.00 loops=1)
   Output: a, b
   Index Cond: ((t.a >= 30968) AND (t.a <= 4555255))
   Index Searches: 1
   Prefetch: distance=256.521 count=7239655 stalls=2 skipped=1901551 resets=0 ungets=92669 forwarded=1625
             histogram [2,4) => 4, [4,8) => 5, [8,16) => 6, [16,32) => 9, [32,64) => 4, [64,128) => 274, [128,256) => 2584888, [256,512) => 4654465
   Buffers: shared hit=7005479 read=166232
 Settings: enable_bitmapscan = 'off', enable_seqscan = 'off', max_parallel_workers_per_gather = '0'
 Planning:
   Buffers: shared hit=82 read=27
 Planning Time: 2.010 ms
 Execution Time: 5260.046 ms
(12 rows)

SET
SET
SET
SET
SET
                                             QUERY PLAN                                             
----------------------------------------------------------------------------------------------------
 Index Scan Backward using idx on public.t (actual rows=9048576.00 loops=1)
   Output: a, b
   Index Cond: ((t.a >= 30968) AND (t.a <= 4555255))
   Index Searches: 1
   Buffers: shared hit=7171743
 Settings: enable_bitmapscan = 'off', enable_seqscan = 'off', max_parallel_workers_per_gather = '0'
 Planning:
   Buffers: shared hit=114
 Planning Time: 0.213 ms
 Execution Time: 1336.960 ms
(10 rows)

