SET
SET
SET
SET
SET
                                             QUERY PLAN                                             
----------------------------------------------------------------------------------------------------
 Index Scan Backward using idx on public.t (actual rows=4096.00 loops=1)
   Output: a, b
   Index Cond: ((t.a >= 9240) AND (t.a <= 11287))
   Index Searches: 1
   Prefetch: distance=2.223 count=179 stalls=2891 skipped=779 resets=0 ungets=0 forwarded=0
             histogram [2,4) => 166, [4,8) => 13
   Buffers: shared hit=3086 read=200
 Settings: enable_bitmapscan = 'off', enable_seqscan = 'off', max_parallel_workers_per_gather = '0'
 Planning:
   Buffers: shared hit=86 read=27
 Planning Time: 2.014 ms
 Execution Time: 12.349 ms
(12 rows)

SET
SET
SET
SET
SET
                                             QUERY PLAN                                             
----------------------------------------------------------------------------------------------------
 Index Scan Backward using idx on public.t (actual rows=4096.00 loops=1)
   Output: a, b
   Index Cond: ((t.a >= 9240) AND (t.a <= 11287))
   Index Searches: 1
   Buffers: shared hit=3286
 Settings: enable_bitmapscan = 'off', enable_seqscan = 'off', max_parallel_workers_per_gather = '0'
 Planning:
   Buffers: shared hit=118
 Planning Time: 0.227 ms
 Execution Time: 0.804 ms
(10 rows)

