SET
SET
SET
SET
SET
                                                         QUERY PLAN                                                         
----------------------------------------------------------------------------------------------------------------------------
 Index Scan Backward using idx on public.t (actual rows=512.00 loops=1)
   Output: a, b
   Index Cond: ((t.a >= 28597) AND (t.a <= 28852))
   Index Searches: 1
   Prefetch: distance=59.255 count=216 stalls=3 skipped=52 resets=0 ungets=0 forwarded=0
             histogram [2,4) => 6, [4,8) => 10, [8,16) => 27, [16,32) => 26, [32,64) => 64, [64,128) => 68, [128,256) => 15
   Buffers: shared hit=294 read=125
 Settings: enable_bitmapscan = 'off', enable_seqscan = 'off', max_parallel_workers_per_gather = '0'
 Planning:
   Buffers: shared hit=86 read=27
 Planning Time: 1.232 ms
 Execution Time: 5.156 ms
(12 rows)

SET
SET
SET
SET
SET
                                             QUERY PLAN                                             
----------------------------------------------------------------------------------------------------
 Index Scan Backward using idx on public.t (actual rows=512.00 loops=1)
   Output: a, b
   Index Cond: ((t.a >= 28597) AND (t.a <= 28852))
   Index Searches: 1
   Buffers: shared hit=419
 Settings: enable_bitmapscan = 'off', enable_seqscan = 'off', max_parallel_workers_per_gather = '0'
 Planning:
   Buffers: shared hit=118
 Planning Time: 0.147 ms
 Execution Time: 0.130 ms
(10 rows)

