SET
SET
SET
SET
SET
                                                                   QUERY PLAN                                                                    
-------------------------------------------------------------------------------------------------------------------------------------------------
 Index Scan Backward using idx on public.t (actual rows=32768.00 loops=1)
   Output: a, b
   Index Cond: ((t.a >= 24497) AND (t.a <= 40880))
   Index Searches: 1
   Prefetch: distance=254.739 count=26305 stalls=3 skipped=6681 resets=0 ungets=362 forwarded=6
             histogram [2,4) => 8, [4,8) => 17, [8,16) => 8, [16,32) => 16, [32,64) => 16, [64,128) => 17, [128,256) => 9832, [256,512) => 16391
   Buffers: shared hit=25427 read=727
 Settings: enable_bitmapscan = 'off', enable_seqscan = 'off', max_parallel_workers_per_gather = '0'
 Planning:
   Buffers: shared hit=86 read=27
 Planning Time: 2.010 ms
 Execution Time: 26.240 ms
(12 rows)

SET
SET
SET
SET
SET
                                             QUERY PLAN                                             
----------------------------------------------------------------------------------------------------
 Index Scan Backward using idx on public.t (actual rows=32768.00 loops=1)
   Output: a, b
   Index Cond: ((t.a >= 24497) AND (t.a <= 40880))
   Index Searches: 1
   Buffers: shared hit=26154
 Settings: enable_bitmapscan = 'off', enable_seqscan = 'off', max_parallel_workers_per_gather = '0'
 Planning:
   Buffers: shared hit=118
 Planning Time: 0.217 ms
 Execution Time: 4.705 ms
(10 rows)

