SET
SET
SET
SET
SET
                                                                      QUERY PLAN                                                                      
------------------------------------------------------------------------------------------------------------------------------------------------------
 Index Scan Backward using idx on public.t (actual rows=3048576.00 loops=1)
   Output: a, b
   Index Cond: ((t.a >= 31863) AND (t.a <= 1556150))
   Index Searches: 1
   Prefetch: distance=256.486 count=2439518 stalls=3 skipped=639683 resets=0 ungets=30829 forwarded=529
             histogram [2,4) => 14, [4,8) => 9, [8,16) => 9, [16,32) => 13, [32,64) => 32, [64,128) => 136, [128,256) => 871569, [256,512) => 1567736
   Buffers: shared hit=2361089 read=56089
 Settings: enable_bitmapscan = 'off', enable_seqscan = 'off', max_parallel_workers_per_gather = '0'
 Planning:
   Buffers: shared hit=82 read=27
 Planning Time: 2.023 ms
 Execution Time: 1769.602 ms
(12 rows)

SET
SET
SET
SET
SET
                                             QUERY PLAN                                             
----------------------------------------------------------------------------------------------------
 Index Scan Backward using idx on public.t (actual rows=3048576.00 loops=1)
   Output: a, b
   Index Cond: ((t.a >= 31863) AND (t.a <= 1556150))
   Index Searches: 1
   Buffers: shared hit=2417186
 Settings: enable_bitmapscan = 'off', enable_seqscan = 'off', max_parallel_workers_per_gather = '0'
 Planning:
   Buffers: shared hit=114
 Planning Time: 0.231 ms
 Execution Time: 443.155 ms
(10 rows)

