SET
SET
SET
SET
SET
                                                                    QUERY PLAN                                                                    
--------------------------------------------------------------------------------------------------------------------------------------------------
 Index Scan Backward using idx on public.t (actual rows=262144.00 loops=1)
   Output: a, b
   Index Cond: ((t.a >= 12483) AND (t.a <= 143554))
   Index Searches: 1
   Prefetch: distance=256.402 count=209664 stalls=1 skipped=54947 resets=0 ungets=2631 forwarded=48
             histogram [2,4) => 4, [4,8) => 5, [8,16) => 9, [16,32) => 12, [32,64) => 21, [64,128) => 17, [128,256) => 75167, [256,512) => 134429
   Buffers: shared hit=202948 read=4934
 Settings: enable_bitmapscan = 'off', enable_seqscan = 'off', max_parallel_workers_per_gather = '0'
 Planning:
   Buffers: shared hit=82 read=27
 Planning Time: 2.036 ms
 Execution Time: 158.470 ms
(12 rows)

SET
SET
SET
SET
SET
                                             QUERY PLAN                                             
----------------------------------------------------------------------------------------------------
 Index Scan Backward using idx on public.t (actual rows=262144.00 loops=1)
   Output: a, b
   Index Cond: ((t.a >= 12483) AND (t.a <= 143554))
   Index Searches: 1
   Buffers: shared hit=207883
 Settings: enable_bitmapscan = 'off', enable_seqscan = 'off', max_parallel_workers_per_gather = '0'
 Planning:
   Buffers: shared hit=114
 Planning Time: 0.186 ms
 Execution Time: 33.968 ms
(10 rows)

