SET
SET
SET
SET
SET
                                                                      QUERY PLAN                                                                      
------------------------------------------------------------------------------------------------------------------------------------------------------
 Index Scan Backward using idx on public.t (actual rows=9048576.00 loops=1)
   Output: a, b
   Index Cond: ((t.a >= 18349) AND (t.a <= 4542636))
   Index Searches: 1
   Prefetch: distance=256.520 count=7239556 stalls=1 skipped=1901457 resets=0 ungets=92491 forwarded=1623
             histogram [2,4) => 2, [4,8) => 6, [8,16) => 10, [16,32) => 13, [32,64) => 3, [64,128) => 259, [128,256) => 2584506, [256,512) => 4654757
   Buffers: shared hit=7005569 read=166234
 Settings: enable_bitmapscan = 'off', enable_seqscan = 'off', max_parallel_workers_per_gather = '0'
 Planning:
   Buffers: shared hit=82 read=27
 Planning Time: 1.999 ms
 Execution Time: 5265.197 ms
(12 rows)

SET
SET
SET
SET
SET
                                             QUERY PLAN                                             
----------------------------------------------------------------------------------------------------
 Index Scan Backward using idx on public.t (actual rows=9048576.00 loops=1)
   Output: a, b
   Index Cond: ((t.a >= 18349) AND (t.a <= 4542636))
   Index Searches: 1
   Buffers: shared hit=7171838
 Settings: enable_bitmapscan = 'off', enable_seqscan = 'off', max_parallel_workers_per_gather = '0'
 Planning:
   Buffers: shared hit=114
 Planning Time: 0.219 ms
 Execution Time: 1306.908 ms
(10 rows)

