SET
SET
SET
SET
SET
                                                                   QUERY PLAN                                                                   
------------------------------------------------------------------------------------------------------------------------------------------------
 Index Scan Backward using idx on public.t (actual rows=4096.00 loops=1)
   Output: a, b
   Index Cond: ((t.a >= 8272) AND (t.a <= 10319))
   Index Searches: 1
   Prefetch: distance=250.907 count=3211 stalls=19 skipped=803 resets=0 ungets=78 forwarded=0
             histogram [2,4) => 16, [4,8) => 30, [8,16) => 10, [16,32) => 16, [32,64) => 15, [64,128) => 5, [128,256) => 969, [256,512) => 2150
   Buffers: shared hit=3080 read=201
 Settings: enable_bitmapscan = 'off', enable_seqscan = 'off', max_parallel_workers_per_gather = '0'
 Planning:
   Buffers: shared hit=86 read=27
 Planning Time: 2.011 ms
 Execution Time: 9.191 ms
(12 rows)

SET
SET
SET
SET
SET
                                             QUERY PLAN                                             
----------------------------------------------------------------------------------------------------
 Index Scan Backward using idx on public.t (actual rows=4096.00 loops=1)
   Output: a, b
   Index Cond: ((t.a >= 8272) AND (t.a <= 10319))
   Index Searches: 1
   Buffers: shared hit=3281
 Settings: enable_bitmapscan = 'off', enable_seqscan = 'off', max_parallel_workers_per_gather = '0'
 Planning:
   Buffers: shared hit=118
 Planning Time: 0.196 ms
 Execution Time: 0.811 ms
(10 rows)

