SET
SET
SET
SET
SET
                                                                     QUERY PLAN                                                                      
-----------------------------------------------------------------------------------------------------------------------------------------------------
 Index Scan Backward using idx on public.t (actual rows=4048576.00 loops=1)
   Output: a, b
   Index Cond: ((t.a >= 1902) AND (t.a <= 2026189))
   Index Searches: 1
   Prefetch: distance=256.497 count=3239197 stalls=1 skipped=850397 resets=0 ungets=41044 forwarded=712
             histogram [2,4) => 2, [4,8) => 6, [8,16) => 8, [16,32) => 10, [32,64) => 2, [64,128) => 142, [128,256) => 1157778, [256,512) => 2081249
   Buffers: shared hit=3134803 read=74429
 Settings: enable_bitmapscan = 'off', enable_seqscan = 'off', max_parallel_workers_per_gather = '0'
 Planning:
   Buffers: shared hit=82 read=27
 Planning Time: 2.111 ms
 Execution Time: 2353.523 ms
(12 rows)

SET
SET
SET
SET
SET
                                             QUERY PLAN                                             
----------------------------------------------------------------------------------------------------
 Index Scan Backward using idx on public.t (actual rows=4048576.00 loops=1)
   Output: a, b
   Index Cond: ((t.a >= 1902) AND (t.a <= 2026189))
   Index Searches: 1
   Buffers: shared hit=3209243
 Settings: enable_bitmapscan = 'off', enable_seqscan = 'off', max_parallel_workers_per_gather = '0'
 Planning:
   Buffers: shared hit=114
 Planning Time: 0.230 ms
 Execution Time: 585.215 ms
(10 rows)

