SET
SET
SET
SET
SET
                                                                     QUERY PLAN                                                                     
----------------------------------------------------------------------------------------------------------------------------------------------------
 Index Scan Backward using idx on public.t (actual rows=2048576.00 loops=1)
   Output: a, b
   Index Cond: ((t.a >= 1471) AND (t.a <= 1025758))
   Index Searches: 1
   Prefetch: distance=256.552 count=1639253 stalls=1 skipped=430029 resets=0 ungets=20792 forwarded=351
             histogram [2,4) => 4, [4,8) => 4, [8,16) => 10, [16,32) => 9, [32,64) => 14, [64,128) => 36, [128,256) => 583271, [256,512) => 1055905
   Buffers: shared hit=1586422 read=37707
 Settings: enable_bitmapscan = 'off', enable_seqscan = 'off', max_parallel_workers_per_gather = '0'
 Planning:
   Buffers: shared hit=82 read=27
 Planning Time: 2.011 ms
 Execution Time: 1203.928 ms
(12 rows)

SET
SET
SET
SET
SET
                                             QUERY PLAN                                             
----------------------------------------------------------------------------------------------------
 Index Scan Backward using idx on public.t (actual rows=2048576.00 loops=1)
   Output: a, b
   Index Cond: ((t.a >= 1471) AND (t.a <= 1025758))
   Index Searches: 1
   Buffers: shared hit=1624133
 Settings: enable_bitmapscan = 'off', enable_seqscan = 'off', max_parallel_workers_per_gather = '0'
 Planning:
   Buffers: shared hit=114
 Planning Time: 0.221 ms
 Execution Time: 297.570 ms
(10 rows)

