SET
SET
SET
SET
SET
                                                                  QUERY PLAN                                                                  
----------------------------------------------------------------------------------------------------------------------------------------------
 Index Scan Backward using idx on public.t (actual rows=32768.00 loops=1)
   Output: a, b
   Index Cond: ((t.a >= 11086) AND (t.a <= 27469))
   Index Searches: 1
   Prefetch: distance=257.092 count=26390 stalls=1 skipped=6815 resets=0 ungets=475 forwarded=2
             histogram [2,4) => 2, [4,8) => 3, [8,16) => 11, [16,32) => 8, [32,64) => 3, [64,128) => 2, [128,256) => 9046, [256,512) => 17315
   Buffers: shared hit=25311 read=728
 Settings: enable_bitmapscan = 'off', enable_seqscan = 'off', max_parallel_workers_per_gather = '0'
 Planning:
   Buffers: shared hit=86 read=27
 Planning Time: 2.036 ms
 Execution Time: 23.908 ms
(12 rows)

SET
SET
SET
SET
SET
                                             QUERY PLAN                                             
----------------------------------------------------------------------------------------------------
 Index Scan Backward using idx on public.t (actual rows=32768.00 loops=1)
   Output: a, b
   Index Cond: ((t.a >= 11086) AND (t.a <= 27469))
   Index Searches: 1
   Buffers: shared hit=26039
 Settings: enable_bitmapscan = 'off', enable_seqscan = 'off', max_parallel_workers_per_gather = '0'
 Planning:
   Buffers: shared hit=118
 Planning Time: 0.190 ms
 Execution Time: 4.707 ms
(10 rows)

