SET
SET
SET
SET
SET
                                                                      QUERY PLAN                                                                      
------------------------------------------------------------------------------------------------------------------------------------------------------
 Index Scan Backward using idx on public.t (actual rows=8048576.00 loops=1)
   Output: a, b
   Index Cond: ((t.a >= 900) AND (t.a <= 4025187))
   Index Searches: 1
   Prefetch: distance=256.503 count=6438867 stalls=2 skipped=1691274 resets=0 ungets=81770 forwarded=1430
             histogram [2,4) => 4, [4,8) => 4, [8,16) => 9, [16,32) => 16, [32,64) => 38, [64,128) => 241, [128,256) => 2299648, [256,512) => 4138907
   Buffers: shared hit=6231383 read=147840
 Settings: enable_bitmapscan = 'off', enable_seqscan = 'off', max_parallel_workers_per_gather = '0'
 Planning:
   Buffers: shared hit=82 read=27
 Planning Time: 2.015 ms
 Execution Time: 4678.511 ms
(12 rows)

SET
SET
SET
SET
SET
                                             QUERY PLAN                                             
----------------------------------------------------------------------------------------------------
 Index Scan Backward using idx on public.t (actual rows=8048576.00 loops=1)
   Output: a, b
   Index Cond: ((t.a >= 900) AND (t.a <= 4025187))
   Index Searches: 1
   Buffers: shared hit=6379252
 Settings: enable_bitmapscan = 'off', enable_seqscan = 'off', max_parallel_workers_per_gather = '0'
 Planning:
   Buffers: shared hit=114
 Planning Time: 0.205 ms
 Execution Time: 1158.997 ms
(10 rows)

