SET
SET
SET
SET
SET
                                                                      QUERY PLAN                                                                      
------------------------------------------------------------------------------------------------------------------------------------------------------
 Index Scan Backward using idx on public.t (actual rows=7048576.00 loops=1)
   Output: a, b
   Index Cond: ((t.a >= 14432) AND (t.a <= 3538719))
   Index Searches: 1
   Prefetch: distance=256.507 count=5638259 stalls=4 skipped=1481328 resets=0 ungets=71110 forwarded=1252
             histogram [2,4) => 4, [4,8) => 8, [8,16) => 8, [16,32) => 18, [32,64) => 16, [64,128) => 167, [128,256) => 2014119, [256,512) => 3623919
   Buffers: shared hit=5456954 read=129515
 Settings: enable_bitmapscan = 'off', enable_seqscan = 'off', max_parallel_workers_per_gather = '0'
 Planning:
   Buffers: shared hit=82 read=27
 Planning Time: 2.016 ms
 Execution Time: 4104.156 ms
(12 rows)

SET
SET
SET
SET
SET
                                             QUERY PLAN                                             
----------------------------------------------------------------------------------------------------
 Index Scan Backward using idx on public.t (actual rows=7048576.00 loops=1)
   Output: a, b
   Index Cond: ((t.a >= 14432) AND (t.a <= 3538719))
   Index Searches: 1
   Buffers: shared hit=5586493
 Settings: enable_bitmapscan = 'off', enable_seqscan = 'off', max_parallel_workers_per_gather = '0'
 Planning:
   Buffers: shared hit=114
 Planning Time: 0.216 ms
 Execution Time: 1014.961 ms
(10 rows)

