SET
SET
SET
SET
SET
                                                               QUERY PLAN                                                                
-----------------------------------------------------------------------------------------------------------------------------------------
 Index Scan Backward using idx on public.t (actual rows=256.00 loops=1)
   Output: a, b
   Index Cond: ((t.a >= 27170) AND (t.a <= 27297))
   Index Searches: 1
   Prefetch: distance=220.080 count=200 stalls=1 skipped=45 resets=0 ungets=49 forwarded=0
             histogram [2,4) => 8, [4,8) => 5, [8,16) => 9, [16,32) => 13, [32,64) => 3, [64,128) => 2, [128,256) => 2, [256,512) => 158
   Buffers: shared hit=97 read=108
 Settings: enable_bitmapscan = 'off', enable_seqscan = 'off', max_parallel_workers_per_gather = '0'
 Planning:
   Buffers: shared hit=86 read=27
 Planning Time: 1.351 ms
 Execution Time: 4.233 ms
(12 rows)

SET
SET
SET
SET
SET
                                             QUERY PLAN                                             
----------------------------------------------------------------------------------------------------
 Index Scan Backward using idx on public.t (actual rows=256.00 loops=1)
   Output: a, b
   Index Cond: ((t.a >= 27170) AND (t.a <= 27297))
   Index Searches: 1
   Buffers: shared hit=205
 Settings: enable_bitmapscan = 'off', enable_seqscan = 'off', max_parallel_workers_per_gather = '0'
 Planning:
   Buffers: shared hit=118
 Planning Time: 0.212 ms
 Execution Time: 0.169 ms
(10 rows)

