SET
SET
SET
SET
SET
                                                                  QUERY PLAN                                                                  
----------------------------------------------------------------------------------------------------------------------------------------------
 Index Scan Backward using idx on public.t (actual rows=2048.00 loops=1)
   Output: a, b
   Index Cond: ((t.a >= 21598) AND (t.a <= 22621))
   Index Searches: 1
   Prefetch: distance=242.781 count=1464 stalls=17 skipped=367 resets=0 ungets=23 forwarded=0
             histogram [2,4) => 4, [4,8) => 8, [8,16) => 22, [16,32) => 17, [32,64) => 30, [64,128) => 21, [128,256) => 465, [256,512) => 897
   Buffers: shared hit=1495 read=161
 Settings: enable_bitmapscan = 'off', enable_seqscan = 'off', max_parallel_workers_per_gather = '0'
 Planning:
   Buffers: shared hit=86 read=27
 Planning Time: 2.037 ms
 Execution Time: 9.202 ms
(12 rows)

SET
SET
SET
SET
SET
                                             QUERY PLAN                                             
----------------------------------------------------------------------------------------------------
 Index Scan Backward using idx on public.t (actual rows=2048.00 loops=1)
   Output: a, b
   Index Cond: ((t.a >= 21598) AND (t.a <= 22621))
   Index Searches: 1
   Buffers: shared hit=1656
 Settings: enable_bitmapscan = 'off', enable_seqscan = 'off', max_parallel_workers_per_gather = '0'
 Planning:
   Buffers: shared hit=118
 Planning Time: 0.207 ms
 Execution Time: 0.499 ms
(10 rows)

