SET
SET
SET
SET
SET
                                             QUERY PLAN                                             
----------------------------------------------------------------------------------------------------
 Index Scan Backward using idx on public.t (actual rows=4096.00 loops=1)
   Output: a, b
   Index Cond: ((t.a >= 17530) AND (t.a <= 19577))
   Index Searches: 1
   Prefetch: distance=2.528 count=159 stalls=2774 skipped=806 resets=0 ungets=0 forwarded=1
             histogram [2,4) => 130, [4,8) => 29
   Buffers: shared hit=3039 read=198
 Settings: enable_bitmapscan = 'off', enable_seqscan = 'off', max_parallel_workers_per_gather = '0'
 Planning:
   Buffers: shared hit=86 read=27
 Planning Time: 2.010 ms
 Execution Time: 13.718 ms
(12 rows)

SET
SET
SET
SET
SET
                                             QUERY PLAN                                             
----------------------------------------------------------------------------------------------------
 Index Scan Backward using idx on public.t (actual rows=4096.00 loops=1)
   Output: a, b
   Index Cond: ((t.a >= 17530) AND (t.a <= 19577))
   Index Searches: 1
   Buffers: shared hit=3237
 Settings: enable_bitmapscan = 'off', enable_seqscan = 'off', max_parallel_workers_per_gather = '0'
 Planning:
   Buffers: shared hit=118
 Planning Time: 0.173 ms
 Execution Time: 0.480 ms
(10 rows)

