SET
SET
SET
SET
SET
                                                                    QUERY PLAN                                                                     
---------------------------------------------------------------------------------------------------------------------------------------------------
 Index Scan Backward using idx on public.t (actual rows=524288.00 loops=1)
   Output: a, b
   Index Cond: ((t.a >= 5988) AND (t.a <= 268131))
   Index Searches: 1
   Prefetch: distance=256.550 count=419404 stalls=2 skipped=110146 resets=0 ungets=5335 forwarded=86
             histogram [2,4) => 4, [4,8) => 11, [8,16) => 5, [16,32) => 18, [32,64) => 2, [64,128) => 19, [128,256) => 149097, [256,512) => 270248
   Buffers: shared hit=405810 read=9748
 Settings: enable_bitmapscan = 'off', enable_seqscan = 'off', max_parallel_workers_per_gather = '0'
 Planning:
   Buffers: shared hit=82 read=27
 Planning Time: 2.002 ms
 Execution Time: 311.553 ms
(12 rows)

SET
SET
SET
SET
SET
                                             QUERY PLAN                                             
----------------------------------------------------------------------------------------------------
 Index Scan Backward using idx on public.t (actual rows=524288.00 loops=1)
   Output: a, b
   Index Cond: ((t.a >= 5988) AND (t.a <= 268131))
   Index Searches: 1
   Buffers: shared hit=415560
 Settings: enable_bitmapscan = 'off', enable_seqscan = 'off', max_parallel_workers_per_gather = '0'
 Planning:
   Buffers: shared hit=114
 Planning Time: 0.217 ms
 Execution Time: 76.494 ms
(10 rows)

