SET
SET
SET
SET
SET
                                             QUERY PLAN                                             
----------------------------------------------------------------------------------------------------
 Index Scan Backward using idx on public.t (actual rows=1024.00 loops=1)
   Output: a, b
   Index Cond: ((t.a >= 8731) AND (t.a <= 9242))
   Index Searches: 1
   Prefetch: distance=2.357 count=112 stalls=557 skipped=172 resets=0 ungets=0 forwarded=0
             histogram [2,4) => 98, [4,8) => 14
   Buffers: shared hit=683 read=142
 Settings: enable_bitmapscan = 'off', enable_seqscan = 'off', max_parallel_workers_per_gather = '0'
 Planning:
   Buffers: shared hit=86 read=27
 Planning Time: 1.692 ms
 Execution Time: 7.564 ms
(12 rows)

SET
SET
SET
SET
SET
                                             QUERY PLAN                                             
----------------------------------------------------------------------------------------------------
 Index Scan Backward using idx on public.t (actual rows=1024.00 loops=1)
   Output: a, b
   Index Cond: ((t.a >= 8731) AND (t.a <= 9242))
   Index Searches: 1
   Buffers: shared hit=825
 Settings: enable_bitmapscan = 'off', enable_seqscan = 'off', max_parallel_workers_per_gather = '0'
 Planning:
   Buffers: shared hit=118
 Planning Time: 0.207 ms
 Execution Time: 0.328 ms
(10 rows)

