SET
SET
SET
SET
SET
                                                                 QUERY PLAN                                                                  
---------------------------------------------------------------------------------------------------------------------------------------------
 Index Scan Backward using idx on public.t (actual rows=16384.00 loops=1)
   Output: a, b
   Index Cond: ((t.a >= 15632) AND (t.a <= 23823))
   Index Searches: 1
   Prefetch: distance=257.127 count=13104 stalls=1 skipped=3501 resets=0 ungets=287 forwarded=3
             histogram [2,4) => 4, [4,8) => 4, [8,16) => 10, [16,32) => 9, [32,64) => 2, [64,128) => 2, [128,256) => 4367, [256,512) => 8706
   Buffers: shared hit=12495 read=424
 Settings: enable_bitmapscan = 'off', enable_seqscan = 'off', max_parallel_workers_per_gather = '0'
 Planning:
   Buffers: shared hit=86 read=27
 Planning Time: 2.076 ms
 Execution Time: 14.633 ms
(12 rows)

SET
SET
SET
SET
SET
                                             QUERY PLAN                                             
----------------------------------------------------------------------------------------------------
 Index Scan Backward using idx on public.t (actual rows=16384.00 loops=1)
   Output: a, b
   Index Cond: ((t.a >= 15632) AND (t.a <= 23823))
   Index Searches: 1
   Buffers: shared hit=12919
 Settings: enable_bitmapscan = 'off', enable_seqscan = 'off', max_parallel_workers_per_gather = '0'
 Planning:
   Buffers: shared hit=118
 Planning Time: 0.203 ms
 Execution Time: 2.523 ms
(10 rows)

