SET
SET
SET
SET
SET
                                                                       QUERY PLAN                                                                        
---------------------------------------------------------------------------------------------------------------------------------------------------------
 Index Scan Backward using idx on public.t (actual rows=4048576.00 loops=1)
   Output: a, b
   Index Cond: ((t.a >= 13687) AND (t.a <= 2037974))
   Index Searches: 1
   Prefetch: distance=256.481 count=3239172 stalls=33 skipped=850540 resets=0 ungets=41340 forwarded=718
             histogram [2,4) => 24, [4,8) => 15, [8,16) => 31, [16,32) => 21, [32,64) => 33, [64,128) => 201, [128,256) => 1157541, [256,512) => 2081306
   Buffers: shared hit=3134614 read=74443
 Settings: enable_bitmapscan = 'off', enable_seqscan = 'off', max_parallel_workers_per_gather = '0'
 Planning:
   Buffers: shared hit=82 read=27
 Planning Time: 2.023 ms
 Execution Time: 2362.651 ms
(12 rows)

SET
SET
SET
SET
SET
                                             QUERY PLAN                                             
----------------------------------------------------------------------------------------------------
 Index Scan Backward using idx on public.t (actual rows=4048576.00 loops=1)
   Output: a, b
   Index Cond: ((t.a >= 13687) AND (t.a <= 2037974))
   Index Searches: 1
   Buffers: shared hit=3209069
 Settings: enable_bitmapscan = 'off', enable_seqscan = 'off', max_parallel_workers_per_gather = '0'
 Planning:
   Buffers: shared hit=114
 Planning Time: 0.225 ms
 Execution Time: 586.245 ms
(10 rows)

