SET
SET
SET
SET
SET
                                                                      QUERY PLAN                                                                       
-------------------------------------------------------------------------------------------------------------------------------------------------------
 Index Scan Backward using idx on public.t (actual rows=6048576.00 loops=1)
   Output: a, b
   Index Cond: ((t.a >= 2317) AND (t.a <= 3026604))
   Index Searches: 1
   Prefetch: distance=256.518 count=4838921 stalls=1 skipped=1270600 resets=0 ungets=61245 forwarded=1084
             histogram [2,4) => 4, [4,8) => 5, [8,16) => 10, [16,32) => 37, [32,64) => 54, [64,128) => 282, [128,256) => 1726800, [256,512) => 3111729
   Buffers: shared hit=4683276 read=111145
 Settings: enable_bitmapscan = 'off', enable_seqscan = 'off', max_parallel_workers_per_gather = '0'
 Planning:
   Buffers: shared hit=82 read=27
 Planning Time: 2.098 ms
 Execution Time: 3544.560 ms
(12 rows)

SET
SET
SET
SET
SET
                                             QUERY PLAN                                             
----------------------------------------------------------------------------------------------------
 Index Scan Backward using idx on public.t (actual rows=6048576.00 loops=1)
   Output: a, b
   Index Cond: ((t.a >= 2317) AND (t.a <= 3026604))
   Index Searches: 1
   Buffers: shared hit=4794441
 Settings: enable_bitmapscan = 'off', enable_seqscan = 'off', max_parallel_workers_per_gather = '0'
 Planning:
   Buffers: shared hit=114
 Planning Time: 0.225 ms
 Execution Time: 877.019 ms
(10 rows)

