SET
SET
SET
SET
SET
                                                               QUERY PLAN                                                               
----------------------------------------------------------------------------------------------------------------------------------------
 Index Scan Backward using idx on public.t (actual rows=128.00 loops=1)
   Output: a, b
   Index Cond: ((t.a >= 8194) AND (t.a <= 8257))
   Index Searches: 1
   Prefetch: distance=198.904 count=94 stalls=1 skipped=19 resets=0 ungets=29 forwarded=1
             histogram [2,4) => 2, [4,8) => 3, [8,16) => 11, [16,32) => 7, [32,64) => 2, [64,128) => 2, [128,256) => 2, [256,512) => 65
   Buffers: shared hit=29 read=81
 Settings: enable_bitmapscan = 'off', enable_seqscan = 'off', max_parallel_workers_per_gather = '0'
 Planning:
   Buffers: shared hit=86 read=27
 Planning Time: 1.325 ms
 Execution Time: 3.355 ms
(12 rows)

SET
SET
SET
SET
SET
                                             QUERY PLAN                                             
----------------------------------------------------------------------------------------------------
 Index Scan Backward using idx on public.t (actual rows=128.00 loops=1)
   Output: a, b
   Index Cond: ((t.a >= 8194) AND (t.a <= 8257))
   Index Searches: 1
   Buffers: shared hit=110
 Settings: enable_bitmapscan = 'off', enable_seqscan = 'off', max_parallel_workers_per_gather = '0'
 Planning:
   Buffers: shared hit=118
 Planning Time: 0.186 ms
 Execution Time: 0.112 ms
(10 rows)

