SET
SET
SET
SET
SET
                                                                  QUERY PLAN                                                                  
----------------------------------------------------------------------------------------------------------------------------------------------
 Index Scan Backward using idx on public.t (actual rows=8192.00 loops=1)
   Output: a, b
   Index Cond: ((t.a >= 24522) AND (t.a <= 28617))
   Index Searches: 1
   Prefetch: distance=253.990 count=6559 stalls=2 skipped=1629 resets=0 ungets=135 forwarded=2
             histogram [2,4) => 4, [4,8) => 6, [8,16) => 9, [16,32) => 20, [32,64) => 19, [64,128) => 7, [128,256) => 2413, [256,512) => 4081
   Buffers: shared hit=6283 read=274
 Settings: enable_bitmapscan = 'off', enable_seqscan = 'off', max_parallel_workers_per_gather = '0'
 Planning:
   Buffers: shared hit=86 read=27
 Planning Time: 2.019 ms
 Execution Time: 11.712 ms
(12 rows)

SET
SET
SET
SET
SET
                                             QUERY PLAN                                             
----------------------------------------------------------------------------------------------------
 Index Scan Backward using idx on public.t (actual rows=8192.00 loops=1)
   Output: a, b
   Index Cond: ((t.a >= 24522) AND (t.a <= 28617))
   Index Searches: 1
   Buffers: shared hit=6557
 Settings: enable_bitmapscan = 'off', enable_seqscan = 'off', max_parallel_workers_per_gather = '0'
 Planning:
   Buffers: shared hit=118
 Planning Time: 0.193 ms
 Execution Time: 1.364 ms
(10 rows)

