SET
SET
SET
SET
SET
                                                                 QUERY PLAN                                                                  
---------------------------------------------------------------------------------------------------------------------------------------------
 Index Scan Backward using idx on public.t (actual rows=2048.00 loops=1)
   Output: a, b
   Index Cond: ((t.a >= 31046) AND (t.a <= 32069))
   Index Searches: 1
   Prefetch: distance=250.687 count=1621 stalls=8 skipped=414 resets=0 ungets=82 forwarded=1
             histogram [2,4) => 8, [4,8) => 7, [8,16) => 6, [16,32) => 15, [32,64) => 12, [64,128) => 2, [128,256) => 489, [256,512) => 1082
   Buffers: shared hit=1464 read=164
 Settings: enable_bitmapscan = 'off', enable_seqscan = 'off', max_parallel_workers_per_gather = '0'
 Planning:
   Buffers: shared hit=86 read=27
 Planning Time: 2.036 ms
 Execution Time: 7.222 ms
(12 rows)

SET
SET
SET
SET
SET
                                             QUERY PLAN                                             
----------------------------------------------------------------------------------------------------
 Index Scan Backward using idx on public.t (actual rows=2048.00 loops=1)
   Output: a, b
   Index Cond: ((t.a >= 31046) AND (t.a <= 32069))
   Index Searches: 1
   Buffers: shared hit=1628
 Settings: enable_bitmapscan = 'off', enable_seqscan = 'off', max_parallel_workers_per_gather = '0'
 Planning:
   Buffers: shared hit=118
 Planning Time: 0.139 ms
 Execution Time: 0.273 ms
(10 rows)

