SET
SET
SET
SET
SET
                                                                 QUERY PLAN                                                                 
--------------------------------------------------------------------------------------------------------------------------------------------
 Index Scan Backward using idx on public.t (actual rows=512.00 loops=1)
   Output: a, b
   Index Cond: ((t.a >= 6759) AND (t.a <= 7014))
   Index Searches: 1
   Prefetch: distance=213.608 count=352 stalls=1 skipped=88 resets=0 ungets=48 forwarded=0
             histogram [2,4) => 8, [4,8) => 12, [8,16) => 14, [16,32) => 12, [32,64) => 32, [64,128) => 2, [128,256) => 3, [256,512) => 269
   Buffers: shared hit=281 read=126
 Settings: enable_bitmapscan = 'off', enable_seqscan = 'off', max_parallel_workers_per_gather = '0'
 Planning:
   Buffers: shared hit=86 read=27
 Planning Time: 1.815 ms
 Execution Time: 6.842 ms
(12 rows)

SET
SET
SET
SET
SET
                                             QUERY PLAN                                             
----------------------------------------------------------------------------------------------------
 Index Scan Backward using idx on public.t (actual rows=512.00 loops=1)
   Output: a, b
   Index Cond: ((t.a >= 6759) AND (t.a <= 7014))
   Index Searches: 1
   Buffers: shared hit=407
 Settings: enable_bitmapscan = 'off', enable_seqscan = 'off', max_parallel_workers_per_gather = '0'
 Planning:
   Buffers: shared hit=118
 Planning Time: 0.178 ms
 Execution Time: 0.196 ms
(10 rows)

