SET
SET
SET
SET
SET
                                                                   QUERY PLAN                                                                   
------------------------------------------------------------------------------------------------------------------------------------------------
 Index Scan Backward using idx on public.t (actual rows=16384.00 loops=1)
   Output: a, b
   Index Cond: ((t.a >= 32485) AND (t.a <= 40676))
   Index Searches: 1
   Prefetch: distance=254.977 count=13190 stalls=3 skipped=3349 resets=0 ungets=257 forwarded=4
             histogram [2,4) => 12, [4,8) => 8, [8,16) => 11, [16,32) => 20, [32,64) => 15, [64,128) => 2, [128,256) => 4617, [256,512) => 8505
   Buffers: shared hit=12639 read=426
 Settings: enable_bitmapscan = 'off', enable_seqscan = 'off', max_parallel_workers_per_gather = '0'
 Planning:
   Buffers: shared hit=86 read=27
 Planning Time: 2.015 ms
 Execution Time: 15.188 ms
(12 rows)

SET
SET
SET
SET
SET
                                             QUERY PLAN                                             
----------------------------------------------------------------------------------------------------
 Index Scan Backward using idx on public.t (actual rows=16384.00 loops=1)
   Output: a, b
   Index Cond: ((t.a >= 32485) AND (t.a <= 40676))
   Index Searches: 1
   Buffers: shared hit=13065
 Settings: enable_bitmapscan = 'off', enable_seqscan = 'off', max_parallel_workers_per_gather = '0'
 Planning:
   Buffers: shared hit=118
 Planning Time: 0.201 ms
 Execution Time: 2.130 ms
(10 rows)

