SET
SET
SET
SET
SET
                                                                    QUERY PLAN                                                                     
---------------------------------------------------------------------------------------------------------------------------------------------------
 Index Scan Backward using idx on public.t (actual rows=3048576.00 loops=1)
   Output: a, b
   Index Cond: ((t.a >= 24817) AND (t.a <= 1549104))
   Index Searches: 1
   Prefetch: distance=256.502 count=2439972 stalls=1 skipped=639581 resets=0 ungets=30995 forwarded=535
             histogram [2,4) => 2, [4,8) => 6, [8,16) => 9, [16,32) => 6, [32,64) => 3, [64,128) => 141, [128,256) => 870851, [256,512) => 1568954
   Buffers: shared hit=2361233 read=56090
 Settings: enable_bitmapscan = 'off', enable_seqscan = 'off', max_parallel_workers_per_gather = '0'
 Planning:
   Buffers: shared hit=82 read=27
 Planning Time: 2.012 ms
 Execution Time: 1770.569 ms
(12 rows)

SET
SET
SET
SET
SET
                                             QUERY PLAN                                             
----------------------------------------------------------------------------------------------------
 Index Scan Backward using idx on public.t (actual rows=3048576.00 loops=1)
   Output: a, b
   Index Cond: ((t.a >= 24817) AND (t.a <= 1549104))
   Index Searches: 1
   Buffers: shared hit=2417329
 Settings: enable_bitmapscan = 'off', enable_seqscan = 'off', max_parallel_workers_per_gather = '0'
 Planning:
   Buffers: shared hit=114
 Planning Time: 0.251 ms
 Execution Time: 440.608 ms
(10 rows)

