SET
SET
SET
SET
SET
                                                                     QUERY PLAN                                                                      
-----------------------------------------------------------------------------------------------------------------------------------------------------
 Index Scan Backward using idx on public.t (actual rows=2048576.00 loops=1)
   Output: a, b
   Index Cond: ((t.a >= 15056) AND (t.a <= 1039343))
   Index Searches: 1
   Prefetch: distance=256.563 count=1639259 stalls=1 skipped=430050 resets=0 ungets=20905 forwarded=351
             histogram [2,4) => 2, [4,8) => 9, [8,16) => 16, [16,32) => 13, [32,64) => 15, [64,128) => 46, [128,256) => 582543, [256,512) => 1056615
   Buffers: shared hit=1586351 read=37730
 Settings: enable_bitmapscan = 'off', enable_seqscan = 'off', max_parallel_workers_per_gather = '0'
 Planning:
   Buffers: shared hit=82 read=27
 Planning Time: 2.058 ms
 Execution Time: 1205.599 ms
(12 rows)

SET
SET
SET
SET
SET
                                             QUERY PLAN                                             
----------------------------------------------------------------------------------------------------
 Index Scan Backward using idx on public.t (actual rows=2048576.00 loops=1)
   Output: a, b
   Index Cond: ((t.a >= 15056) AND (t.a <= 1039343))
   Index Searches: 1
   Buffers: shared hit=1624086
 Settings: enable_bitmapscan = 'off', enable_seqscan = 'off', max_parallel_workers_per_gather = '0'
 Planning:
   Buffers: shared hit=114
 Planning Time: 0.220 ms
 Execution Time: 297.786 ms
(10 rows)

