SET
SET
SET
SET
SET
                                                                   QUERY PLAN                                                                   
------------------------------------------------------------------------------------------------------------------------------------------------
 Index Scan Backward using idx on public.t (actual rows=131072.00 loops=1)
   Output: a, b
   Index Cond: ((t.a >= 26939) AND (t.a <= 92474))
   Index Searches: 1
   Prefetch: distance=256.232 count=104691 stalls=1 skipped=27527 resets=0 ungets=1264 forwarded=28
             histogram [2,4) => 4, [4,8) => 5, [8,16) => 8, [16,32) => 17, [32,64) => 12, [64,128) => 4, [128,256) => 37774, [256,512) => 66867
   Buffers: shared hit=101350 read=2536
 Settings: enable_bitmapscan = 'off', enable_seqscan = 'off', max_parallel_workers_per_gather = '0'
 Planning:
   Buffers: shared hit=82 read=27
 Planning Time: 2.021 ms
 Execution Time: 82.329 ms
(12 rows)

SET
SET
SET
SET
SET
                                             QUERY PLAN                                             
----------------------------------------------------------------------------------------------------
 Index Scan Backward using idx on public.t (actual rows=131072.00 loops=1)
   Output: a, b
   Index Cond: ((t.a >= 26939) AND (t.a <= 92474))
   Index Searches: 1
   Buffers: shared hit=103886
 Settings: enable_bitmapscan = 'off', enable_seqscan = 'off', max_parallel_workers_per_gather = '0'
 Planning:
   Buffers: shared hit=114
 Planning Time: 0.176 ms
 Execution Time: 12.822 ms
(10 rows)

