SET
SET
SET
SET
SET
                                             QUERY PLAN                                             
----------------------------------------------------------------------------------------------------
 Index Scan Backward using idx on public.t (actual rows=4096.00 loops=1)
   Output: a, b
   Index Cond: ((t.a >= 5765) AND (t.a <= 7812))
   Index Searches: 1
   Prefetch: distance=2.322 count=152 stalls=2834 skipped=779 resets=0 ungets=0 forwarded=0
             histogram [2,4) => 136, [4,8) => 16
   Buffers: shared hit=3083 read=200
 Settings: enable_bitmapscan = 'off', enable_seqscan = 'off', max_parallel_workers_per_gather = '0'
 Planning:
   Buffers: shared hit=82 read=26
 Planning Time: 1.987 ms
 Execution Time: 7.550 ms
(12 rows)

SET
SET
SET
SET
SET
                                             QUERY PLAN                                             
----------------------------------------------------------------------------------------------------
 Index Scan Backward using idx on public.t (actual rows=4096.00 loops=1)
   Output: a, b
   Index Cond: ((t.a >= 5765) AND (t.a <= 7812))
   Index Searches: 1
   Buffers: shared hit=3283
 Settings: enable_bitmapscan = 'off', enable_seqscan = 'off', max_parallel_workers_per_gather = '0'
 Planning:
   Buffers: shared hit=113
 Planning Time: 0.182 ms
 Execution Time: 0.785 ms
(10 rows)

