SET
SET
SET
SET
SET
                                                                  QUERY PLAN                                                                  
----------------------------------------------------------------------------------------------------------------------------------------------
 Index Scan Backward using idx on public.t (actual rows=8192.00 loops=1)
   Output: a, b
   Index Cond: ((t.a >= 8824) AND (t.a <= 12919))
   Index Searches: 1
   Prefetch: distance=242.199 count=6454 stalls=4 skipped=1727 resets=0 ungets=62 forwarded=1
             histogram [2,4) => 8, [4,8) => 9, [8,16) => 6, [16,32) => 15, [32,64) => 6, [64,128) => 24, [128,256) => 3623, [256,512) => 2763
   Buffers: shared hit=6208 read=275
 Settings: enable_bitmapscan = 'off', enable_seqscan = 'off', max_parallel_workers_per_gather = '0'
 Planning:
   Buffers: shared hit=82 read=26
 Planning Time: 1.999 ms
 Execution Time: 8.718 ms
(12 rows)

SET
SET
SET
SET
SET
                                             QUERY PLAN                                             
----------------------------------------------------------------------------------------------------
 Index Scan Backward using idx on public.t (actual rows=8192.00 loops=1)
   Output: a, b
   Index Cond: ((t.a >= 8824) AND (t.a <= 12919))
   Index Searches: 1
   Buffers: shared hit=6483
 Settings: enable_bitmapscan = 'off', enable_seqscan = 'off', max_parallel_workers_per_gather = '0'
 Planning:
   Buffers: shared hit=113
 Planning Time: 0.154 ms
 Execution Time: 0.817 ms
(10 rows)

