SET
SET
SET
SET
SET
                                                                         QUERY PLAN                                                                         
------------------------------------------------------------------------------------------------------------------------------------------------------------
 Index Scan Backward using idx on public.t (actual rows=3048576.00 loops=1)
   Output: a, b
   Index Cond: ((t.a >= 31172) AND (t.a <= 1555459))
   Index Searches: 1
   Prefetch: distance=240.688 count=2225977 stalls=183154 skipped=639527 resets=0 ungets=107 forwarded=117
             histogram [2,4) => 7526, [4,8) => 958, [8,16) => 39, [16,32) => 36, [32,64) => 56, [64,128) => 3474, [128,256) => 1411587, [256,512) => 802301
   Buffers: shared hit=2361292 read=56087
 Settings: enable_bitmapscan = 'off', enable_seqscan = 'off', max_parallel_workers_per_gather = '0'
 Planning:
   Buffers: shared hit=78 read=26
 Planning Time: 2.028 ms
 Execution Time: 1250.254 ms
(12 rows)

SET
SET
SET
SET
SET
                                             QUERY PLAN                                             
----------------------------------------------------------------------------------------------------
 Index Scan Backward using idx on public.t (actual rows=3048576.00 loops=1)
   Output: a, b
   Index Cond: ((t.a >= 31172) AND (t.a <= 1555459))
   Index Searches: 1
   Buffers: shared hit=2417382
 Settings: enable_bitmapscan = 'off', enable_seqscan = 'off', max_parallel_workers_per_gather = '0'
 Planning:
   Buffers: shared hit=109
 Planning Time: 0.214 ms
 Execution Time: 438.195 ms
(10 rows)

