SET
SET
SET
SET
SET
                                                               QUERY PLAN                                                                
-----------------------------------------------------------------------------------------------------------------------------------------
 Index Scan using idx on public.t (actual rows=4096.00 loops=1)
   Output: a, b
   Index Cond: ((t.a >= 9205) AND (t.a <= 9332))
   Index Searches: 1
   Prefetch: distance=175.193 count=114 stalls=3 skipped=3916 resets=0 ungets=32 forwarded=63
             histogram [2,4) => 4, [4,8) => 10, [8,16) => 9, [16,32) => 11, [32,64) => 6, [64,128) => 1, [128,256) => 5, [256,512) => 68
   Buffers: shared hit=49 read=46
 Settings: enable_bitmapscan = 'off', enable_seqscan = 'off', max_parallel_workers_per_gather = '0'
 Planning:
   Buffers: shared hit=78 read=23
 Planning Time: 1.119 ms
 Execution Time: 1.067 ms
(12 rows)

SET
SET
SET
SET
SET
                                             QUERY PLAN                                             
----------------------------------------------------------------------------------------------------
 Index Scan using idx on public.t (actual rows=4096.00 loops=1)
   Output: a, b
   Index Cond: ((t.a >= 9205) AND (t.a <= 9332))
   Index Searches: 1
   Buffers: shared hit=96
 Settings: enable_bitmapscan = 'off', enable_seqscan = 'off', max_parallel_workers_per_gather = '0'
 Planning:
   Buffers: shared hit=106
 Planning Time: 0.181 ms
 Execution Time: 0.236 ms
(10 rows)

