SET
SET
SET
SET
SET
                                                                QUERY PLAN                                                                
------------------------------------------------------------------------------------------------------------------------------------------
 Index Scan using idx on public.t (actual rows=8192.00 loops=1)
   Output: a, b
   Index Cond: ((t.a >= 21793) AND (t.a <= 22048))
   Index Searches: 1
   Prefetch: distance=234.424 count=290 stalls=1 skipped=7506 resets=0 ungets=114 forwarded=153
             histogram [2,4) => 2, [4,8) => 6, [8,16) => 12, [16,32) => 9, [32,64) => 11, [64,128) => 1, [128,256) => 3, [256,512) => 246
   Buffers: shared hit=112 read=89
 Settings: enable_bitmapscan = 'off', enable_seqscan = 'off', max_parallel_workers_per_gather = '0'
 Planning:
   Buffers: shared hit=78 read=23
 Planning Time: 1.114 ms
 Execution Time: 1.601 ms
(12 rows)

SET
SET
SET
SET
SET
                                             QUERY PLAN                                             
----------------------------------------------------------------------------------------------------
 Index Scan using idx on public.t (actual rows=8192.00 loops=1)
   Output: a, b
   Index Cond: ((t.a >= 21793) AND (t.a <= 22048))
   Index Searches: 1
   Buffers: shared hit=201
 Settings: enable_bitmapscan = 'off', enable_seqscan = 'off', max_parallel_workers_per_gather = '0'
 Planning:
   Buffers: shared hit=106
 Planning Time: 0.119 ms
 Execution Time: 0.327 ms
(10 rows)

