SET
SET
SET
SET
SET
                                                                QUERY PLAN                                                                
------------------------------------------------------------------------------------------------------------------------------------------
 Index Scan using idx on public.t (actual rows=16384.00 loops=1)
   Output: a, b
   Index Cond: ((t.a >= 21008) AND (t.a <= 21519))
   Index Searches: 1
   Prefetch: distance=244.362 count=558 stalls=2 skipped=15151 resets=0 ungets=222 forwarded=327
             histogram [2,4) => 6, [4,8) => 26, [8,16) => 10, [16,32) => 9, [32,64) => 5, [64,128) => 1, [128,256) => 4, [256,512) => 497
   Buffers: shared hit=206 read=171
 Settings: enable_bitmapscan = 'off', enable_seqscan = 'off', max_parallel_workers_per_gather = '0'
 Planning:
   Buffers: shared hit=78 read=23
 Planning Time: 1.480 ms
 Execution Time: 2.330 ms
(12 rows)

SET
SET
SET
SET
SET
                                             QUERY PLAN                                             
----------------------------------------------------------------------------------------------------
 Index Scan using idx on public.t (actual rows=16384.00 loops=1)
   Output: a, b
   Index Cond: ((t.a >= 21008) AND (t.a <= 21519))
   Index Searches: 1
   Buffers: shared hit=380
 Settings: enable_bitmapscan = 'off', enable_seqscan = 'off', max_parallel_workers_per_gather = '0'
 Planning:
   Buffers: shared hit=106
 Planning Time: 0.154 ms
 Execution Time: 0.721 ms
(10 rows)

