SET
SET
SET
SET
SET
                                                                   QUERY PLAN                                                                   
------------------------------------------------------------------------------------------------------------------------------------------------
 Index Scan Backward using idx on public.t (actual rows=8192.00 loops=1)
   Output: a, b
   Index Cond: ((t.a >= 13370) AND (t.a <= 17465))
   Index Searches: 1
   Prefetch: distance=238.487 count=6439 stalls=4 skipped=1668 resets=0 ungets=46 forwarded=3
             histogram [2,4) => 2, [4,8) => 10, [8,16) => 8, [16,32) => 14, [32,64) => 17, [64,128) => 31, [128,256) => 3868, [256,512) => 2489
   Buffers: shared hit=6247 read=277
 Settings: enable_bitmapscan = 'off', enable_seqscan = 'off', max_parallel_workers_per_gather = '0'
 Planning:
   Buffers: shared hit=82 read=26
 Planning Time: 2.131 ms
 Execution Time: 10.010 ms
(12 rows)

SET
SET
SET
SET
SET
                                             QUERY PLAN                                             
----------------------------------------------------------------------------------------------------
 Index Scan Backward using idx on public.t (actual rows=8192.00 loops=1)
   Output: a, b
   Index Cond: ((t.a >= 13370) AND (t.a <= 17465))
   Index Searches: 1
   Buffers: shared hit=6525
 Settings: enable_bitmapscan = 'off', enable_seqscan = 'off', max_parallel_workers_per_gather = '0'
 Planning:
   Buffers: shared hit=113
 Planning Time: 0.157 ms
 Execution Time: 0.837 ms
(10 rows)

