SET
SET
SET
SET
SET
                                                                 QUERY PLAN                                                                 
--------------------------------------------------------------------------------------------------------------------------------------------
 Index Scan Backward using idx on public.t (actual rows=512.00 loops=1)
   Output: a, b
   Index Cond: ((t.a >= 19948) AND (t.a <= 20203))
   Index Searches: 1
   Prefetch: distance=199.696 count=322 stalls=1 skipped=73 resets=0 ungets=31 forwarded=0
             histogram [2,4) => 6, [4,8) => 4, [8,16) => 9, [16,32) => 15, [32,64) => 24, [64,128) => 40, [128,256) => 26, [256,512) => 198
   Buffers: shared hit=287 read=131
 Settings: enable_bitmapscan = 'off', enable_seqscan = 'off', max_parallel_workers_per_gather = '0'
 Planning:
   Buffers: shared hit=82 read=26
 Planning Time: 1.520 ms
 Execution Time: 7.009 ms
(12 rows)

SET
SET
SET
SET
SET
                                             QUERY PLAN                                             
----------------------------------------------------------------------------------------------------
 Index Scan Backward using idx on public.t (actual rows=512.00 loops=1)
   Output: a, b
   Index Cond: ((t.a >= 19948) AND (t.a <= 20203))
   Index Searches: 1
   Buffers: shared hit=418
 Settings: enable_bitmapscan = 'off', enable_seqscan = 'off', max_parallel_workers_per_gather = '0'
 Planning:
   Buffers: shared hit=113
 Planning Time: 0.207 ms
 Execution Time: 0.235 ms
(10 rows)

