SET
SET
SET
SET
SET
                                                                QUERY PLAN                                                                
------------------------------------------------------------------------------------------------------------------------------------------
 Index Scan Backward using idx on public.t (actual rows=256.00 loops=1)
   Output: a, b
   Index Cond: ((t.a >= 11580) AND (t.a <= 11707))
   Index Searches: 1
   Prefetch: distance=227.502 count=215 stalls=1 skipped=41 resets=0 ungets=48 forwarded=0
             histogram [2,4) => 2, [4,8) => 5, [8,16) => 13, [16,32) => 10, [32,64) => 2, [64,128) => 4, [128,256) => 6, [256,512) => 173
   Buffers: shared hit=110 read=102
 Settings: enable_bitmapscan = 'off', enable_seqscan = 'off', max_parallel_workers_per_gather = '0'
 Planning:
   Buffers: shared hit=82 read=26
 Planning Time: 1.554 ms
 Execution Time: 1.893 ms
(12 rows)

SET
SET
SET
SET
SET
                                             QUERY PLAN                                             
----------------------------------------------------------------------------------------------------
 Index Scan Backward using idx on public.t (actual rows=256.00 loops=1)
   Output: a, b
   Index Cond: ((t.a >= 11580) AND (t.a <= 11707))
   Index Searches: 1
   Buffers: shared hit=212
 Settings: enable_bitmapscan = 'off', enable_seqscan = 'off', max_parallel_workers_per_gather = '0'
 Planning:
   Buffers: shared hit=113
 Planning Time: 0.203 ms
 Execution Time: 0.169 ms
(10 rows)

