SET
SET
SET
SET
SET
                                                                  QUERY PLAN                                                                   
-----------------------------------------------------------------------------------------------------------------------------------------------
 Index Scan Backward using idx on public.t (actual rows=1024.00 loops=1)
   Output: a, b
   Index Cond: ((t.a >= 23371) AND (t.a <= 23882))
   Index Searches: 1
   Prefetch: distance=216.151 count=642 stalls=1 skipped=155 resets=0 ungets=29 forwarded=0
             histogram [2,4) => 4, [4,8) => 10, [8,16) => 12, [16,32) => 19, [32,64) => 33, [64,128) => 43, [128,256) => 162, [256,512) => 359
   Buffers: shared hit=682 read=149
 Settings: enable_bitmapscan = 'off', enable_seqscan = 'off', max_parallel_workers_per_gather = '0'
 Planning:
   Buffers: shared hit=82 read=26
 Planning Time: 2.060 ms
 Execution Time: 8.813 ms
(12 rows)

SET
SET
SET
SET
SET
                                             QUERY PLAN                                             
----------------------------------------------------------------------------------------------------
 Index Scan Backward using idx on public.t (actual rows=1024.00 loops=1)
   Output: a, b
   Index Cond: ((t.a >= 23371) AND (t.a <= 23882))
   Index Searches: 1
   Buffers: shared hit=831
 Settings: enable_bitmapscan = 'off', enable_seqscan = 'off', max_parallel_workers_per_gather = '0'
 Planning:
   Buffers: shared hit=113
 Planning Time: 0.207 ms
 Execution Time: 0.342 ms
(10 rows)

