SET
SET
SET
SET
SET
                                                                 QUERY PLAN                                                                 
--------------------------------------------------------------------------------------------------------------------------------------------
 Index Scan using idx on public.t (actual rows=131072.00 loops=1)
   Output: a, b
   Index Cond: ((t.a >= 1558) AND (t.a <= 5653))
   Index Searches: 1
   Prefetch: distance=268.222 count=4935 stalls=4 skipped=127688 resets=0 ungets=2130 forwarded=2994
             histogram [2,4) => 6, [4,8) => 36, [8,16) => 10, [16,32) => 14, [32,64) => 1, [64,128) => 5, [128,256) => 1, [256,512) => 4862
   Buffers: shared hit=1563 read=1344
 Settings: enable_bitmapscan = 'off', enable_seqscan = 'off', max_parallel_workers_per_gather = '0'
 Planning:
   Buffers: shared hit=78 read=27
 Planning Time: 1.939 ms
 Execution Time: 10.412 ms
(12 rows)

SET
SET
SET
SET
SET
                                             QUERY PLAN                                             
----------------------------------------------------------------------------------------------------
 Index Scan using idx on public.t (actual rows=131072.00 loops=1)
   Output: a, b
   Index Cond: ((t.a >= 1558) AND (t.a <= 5653))
   Index Searches: 1
   Buffers: shared hit=2943
 Settings: enable_bitmapscan = 'off', enable_seqscan = 'off', max_parallel_workers_per_gather = '0'
 Planning:
   Buffers: shared hit=110
 Planning Time: 0.200 ms
 Execution Time: 5.730 ms
(10 rows)

