SET
SET
SET
SET
SET
                                                                     QUERY PLAN                                                                      
-----------------------------------------------------------------------------------------------------------------------------------------------------
 Index Scan Backward using idx on public.t (actual rows=524288.00 loops=1)
   Output: a, b
   Index Cond: ((t.a >= 23817) AND (t.a <= 285960))
   Index Searches: 1
   Prefetch: distance=241.512 count=414143 stalls=2 skipped=110120 resets=0 ungets=72 forwarded=23
             histogram [2,4) => 14, [4,8) => 7, [8,16) => 9, [16,32) => 11, [32,64) => 14, [64,128) => 801, [128,256) => 263250, [256,512) => 150037
   Buffers: shared hit=405839 read=9750
 Settings: enable_bitmapscan = 'off', enable_seqscan = 'off', max_parallel_workers_per_gather = '0'
 Planning:
   Buffers: shared hit=78 read=26
 Planning Time: 2.072 ms
 Execution Time: 235.765 ms
(12 rows)

SET
SET
SET
SET
SET
                                             QUERY PLAN                                             
----------------------------------------------------------------------------------------------------
 Index Scan Backward using idx on public.t (actual rows=524288.00 loops=1)
   Output: a, b
   Index Cond: ((t.a >= 23817) AND (t.a <= 285960))
   Index Searches: 1
   Buffers: shared hit=415589
 Settings: enable_bitmapscan = 'off', enable_seqscan = 'off', max_parallel_workers_per_gather = '0'
 Planning:
   Buffers: shared hit=109
 Planning Time: 0.190 ms
 Execution Time: 72.969 ms
(10 rows)

