SET
SET
SET
SET
SET
                                                                 QUERY PLAN                                                                  
---------------------------------------------------------------------------------------------------------------------------------------------
 Index Scan using idx on public.t (actual rows=262144.00 loops=1)
   Output: a, b
   Index Cond: ((t.a >= 14900) AND (t.a <= 23091))
   Index Searches: 1
   Prefetch: distance=269.751 count=10011 stalls=3 skipped=256043 resets=0 ungets=4332 forwarded=5958
             histogram [2,4) => 10, [4,8) => 46, [8,16) => 11, [16,32) => 14, [32,64) => 1, [64,128) => 4, [128,256) => 1, [256,512) => 9924
   Buffers: shared hit=3133 read=2689
 Settings: enable_bitmapscan = 'off', enable_seqscan = 'off', max_parallel_workers_per_gather = '0'
 Planning:
   Buffers: shared hit=78 read=23
 Planning Time: 1.776 ms
 Execution Time: 18.267 ms
(12 rows)

SET
SET
SET
SET
SET
                                             QUERY PLAN                                             
----------------------------------------------------------------------------------------------------
 Index Scan using idx on public.t (actual rows=262144.00 loops=1)
   Output: a, b
   Index Cond: ((t.a >= 14900) AND (t.a <= 23091))
   Index Searches: 1
   Buffers: shared hit=5929
 Settings: enable_bitmapscan = 'off', enable_seqscan = 'off', max_parallel_workers_per_gather = '0'
 Planning:
   Buffers: shared hit=106
 Planning Time: 0.161 ms
 Execution Time: 10.372 ms
(10 rows)

