SET
SET
SET
SET
SET
                                                                 QUERY PLAN                                                                  
---------------------------------------------------------------------------------------------------------------------------------------------
 Index Scan using idx on public.t (actual rows=524288.00 loops=1)
   Output: a, b
   Index Cond: ((t.a >= 7540) AND (t.a <= 23923))
   Index Searches: 1
   Prefetch: distance=271.173 count=20679 stalls=5 skipped=512074 resets=0 ungets=9141 forwarded=12321
             histogram [2,4) => 6, [4,8) => 29, [8,16) => 11, [16,32) => 14, [32,64) => 2, [64,128) => 4, [128,256) => 1, [256,512) => 20612
   Buffers: shared hit=6510 read=5372
 Settings: enable_bitmapscan = 'off', enable_seqscan = 'off', max_parallel_workers_per_gather = '0'
 Planning:
   Buffers: shared hit=78 read=23
 Planning Time: 1.747 ms
 Execution Time: 36.918 ms
(12 rows)

SET
SET
SET
SET
SET
                                             QUERY PLAN                                             
----------------------------------------------------------------------------------------------------
 Index Scan using idx on public.t (actual rows=524288.00 loops=1)
   Output: a, b
   Index Cond: ((t.a >= 7540) AND (t.a <= 23923))
   Index Searches: 1
   Buffers: shared hit=12036
 Settings: enable_bitmapscan = 'off', enable_seqscan = 'off', max_parallel_workers_per_gather = '0'
 Planning:
   Buffers: shared hit=106
 Planning Time: 0.161 ms
 Execution Time: 20.944 ms
(10 rows)

