SET
SET
SET
SET
SET
                                                                 QUERY PLAN                                                                 
--------------------------------------------------------------------------------------------------------------------------------------------
 Index Scan using idx on public.t (actual rows=1048576.00 loops=1)
   Output: a, b
   Index Cond: ((t.a >= 21549) AND (t.a <= 54316))
   Index Searches: 1
   Prefetch: distance=271.574 count=41568 stalls=6 skipped=1024906 resets=0 ungets=18287 forwarded=24567
             histogram [2,4) => 9, [4,8) => 30, [8,16) => 8, [16,32) => 12, [32,64) => 7, [64,128) => 1, [128,256) => 1, [256,512) => 41500
   Buffers: shared hit=13139 read=10741
 Settings: enable_bitmapscan = 'off', enable_seqscan = 'off', max_parallel_workers_per_gather = '0'
 Planning:
   Buffers: shared hit=78 read=23
 Planning Time: 1.723 ms
 Execution Time: 67.982 ms
(12 rows)

SET
SET
SET
SET
SET
                                             QUERY PLAN                                             
----------------------------------------------------------------------------------------------------
 Index Scan using idx on public.t (actual rows=1048576.00 loops=1)
   Output: a, b
   Index Cond: ((t.a >= 21549) AND (t.a <= 54316))
   Index Searches: 1
   Buffers: shared hit=24236
 Settings: enable_bitmapscan = 'off', enable_seqscan = 'off', max_parallel_workers_per_gather = '0'
 Planning:
   Buffers: shared hit=106
 Planning Time: 0.170 ms
 Execution Time: 41.813 ms
(10 rows)

