SET
SET
SET
SET
SET
                                                                 QUERY PLAN                                                                  
---------------------------------------------------------------------------------------------------------------------------------------------
 Index Scan using idx on public.t (actual rows=2048576.00 loops=1)
   Output: a, b
   Index Cond: ((t.a >= 10649) AND (t.a <= 74666))
   Index Searches: 1
   Prefetch: distance=271.782 count=80827 stalls=2 skipped=2002434 resets=0 ungets=35550 forwarded=47893
             histogram [2,4) => 2, [4,8) => 33, [8,16) => 12, [16,32) => 13, [32,64) => 4, [64,128) => 1, [128,256) => 7, [256,512) => 80755
   Buffers: shared hit=25439 read=20979
 Settings: enable_bitmapscan = 'off', enable_seqscan = 'off', max_parallel_workers_per_gather = '0'
 Planning:
   Buffers: shared hit=78 read=23
 Planning Time: 1.745 ms
 Execution Time: 133.056 ms
(12 rows)

SET
SET
SET
SET
SET
                                             QUERY PLAN                                             
----------------------------------------------------------------------------------------------------
 Index Scan using idx on public.t (actual rows=2048576.00 loops=1)
   Output: a, b
   Index Cond: ((t.a >= 10649) AND (t.a <= 74666))
   Index Searches: 1
   Buffers: shared hit=47131
 Settings: enable_bitmapscan = 'off', enable_seqscan = 'off', max_parallel_workers_per_gather = '0'
 Planning:
   Buffers: shared hit=106
 Planning Time: 0.176 ms
 Execution Time: 82.304 ms
(10 rows)

