SET
SET
SET
SET
SET
                                                                  QUERY PLAN                                                                   
-----------------------------------------------------------------------------------------------------------------------------------------------
 Index Scan using idx on public.t (actual rows=3048576.00 loops=1)
   Output: a, b
   Index Cond: ((t.a >= 8172) AND (t.a <= 103439))
   Index Searches: 1
   Prefetch: distance=271.857 count=121030 stalls=5 skipped=2980470 resets=0 ungets=53600 forwarded=72131
             histogram [2,4) => 11, [4,8) => 24, [8,16) => 14, [16,32) => 14, [32,64) => 1, [64,128) => 1, [128,256) => 5, [256,512) => 120960
   Buffers: shared hit=38085 read=31218
 Settings: enable_bitmapscan = 'off', enable_seqscan = 'off', max_parallel_workers_per_gather = '0'
 Planning:
   Buffers: shared hit=78 read=23
 Planning Time: 1.718 ms
 Execution Time: 191.693 ms
(12 rows)

SET
SET
SET
SET
SET
                                             QUERY PLAN                                             
----------------------------------------------------------------------------------------------------
 Index Scan using idx on public.t (actual rows=3048576.00 loops=1)
   Output: a, b
   Index Cond: ((t.a >= 8172) AND (t.a <= 103439))
   Index Searches: 1
   Buffers: shared hit=70177
 Settings: enable_bitmapscan = 'off', enable_seqscan = 'off', max_parallel_workers_per_gather = '0'
 Planning:
   Buffers: shared hit=106
 Planning Time: 0.181 ms
 Execution Time: 121.950 ms
(10 rows)

