SET
SET
SET
SET
SET
                                                                    QUERY PLAN                                                                    
--------------------------------------------------------------------------------------------------------------------------------------------------
 Index Scan Backward using idx on public.t (actual rows=4096.00 loops=1)
   Output: a, b
   Index Cond: ((t.a >= 22338) AND (t.a <= 24385))
   Index Searches: 1
   Prefetch: distance=239.970 count=3168 stalls=7 skipped=839 resets=0 ungets=43 forwarded=1
             histogram [2,4) => 10, [4,8) => 16, [8,16) => 24, [16,32) => 14, [32,64) => 18, [64,128) => 15, [128,256) => 1677, [256,512) => 1394
   Buffers: shared hit=3038 read=201
 Settings: enable_bitmapscan = 'off', enable_seqscan = 'off', max_parallel_workers_per_gather = '0'
 Planning:
   Buffers: shared hit=82 read=26
 Planning Time: 2.104 ms
 Execution Time: 9.113 ms
(12 rows)

SET
SET
SET
SET
SET
                                             QUERY PLAN                                             
----------------------------------------------------------------------------------------------------
 Index Scan Backward using idx on public.t (actual rows=4096.00 loops=1)
   Output: a, b
   Index Cond: ((t.a >= 22338) AND (t.a <= 24385))
   Index Searches: 1
   Buffers: shared hit=3240
 Settings: enable_bitmapscan = 'off', enable_seqscan = 'off', max_parallel_workers_per_gather = '0'
 Planning:
   Buffers: shared hit=113
 Planning Time: 0.200 ms
 Execution Time: 0.971 ms
(10 rows)

