SET
SET
SET
SET
SET
                                                                 QUERY PLAN                                                                  
---------------------------------------------------------------------------------------------------------------------------------------------
 Index Scan Backward using idx on public.t (actual rows=2048.00 loops=1)
   Output: a, b
   Index Cond: ((t.a >= 4598) AND (t.a <= 5621))
   Index Searches: 1
   Prefetch: distance=244.446 count=1586 stalls=4 skipped=401 resets=0 ungets=46 forwarded=0
             histogram [2,4) => 10, [4,8) => 8, [8,16) => 5, [16,32) => 14, [32,64) => 17, [64,128) => 4, [128,256) => 642, [256,512) => 886
   Buffers: shared hit=1479 read=166
 Settings: enable_bitmapscan = 'off', enable_seqscan = 'off', max_parallel_workers_per_gather = '0'
 Planning:
   Buffers: shared hit=82 read=26
 Planning Time: 2.067 ms
 Execution Time: 7.776 ms
(12 rows)

SET
SET
SET
SET
SET
                                             QUERY PLAN                                             
----------------------------------------------------------------------------------------------------
 Index Scan Backward using idx on public.t (actual rows=2048.00 loops=1)
   Output: a, b
   Index Cond: ((t.a >= 4598) AND (t.a <= 5621))
   Index Searches: 1
   Buffers: shared hit=1645
 Settings: enable_bitmapscan = 'off', enable_seqscan = 'off', max_parallel_workers_per_gather = '0'
 Planning:
   Buffers: shared hit=113
 Planning Time: 0.156 ms
 Execution Time: 0.264 ms
(10 rows)

