SET
SET
SET
SET
SET
                                                                    QUERY PLAN                                                                    
--------------------------------------------------------------------------------------------------------------------------------------------------
 Index Scan Backward using idx on public.t (actual rows=8192.00 loops=1)
   Output: a, b
   Index Cond: ((t.a >= 27607) AND (t.a <= 31702))
   Index Searches: 1
   Prefetch: distance=236.611 count=6245 stalls=48 skipped=1698 resets=0 ungets=0 forwarded=0
             histogram [2,4) => 48, [4,8) => 17, [8,16) => 16, [16,32) => 22, [32,64) => 36, [64,128) => 53, [128,256) => 3792, [256,512) => 2261
   Buffers: shared hit=6201 read=275
 Settings: enable_bitmapscan = 'off', enable_seqscan = 'off', max_parallel_workers_per_gather = '0'
 Planning:
   Buffers: shared hit=82 read=26
 Planning Time: 2.056 ms
 Execution Time: 11.261 ms
(12 rows)

SET
SET
SET
SET
SET
                                             QUERY PLAN                                             
----------------------------------------------------------------------------------------------------
 Index Scan Backward using idx on public.t (actual rows=8192.00 loops=1)
   Output: a, b
   Index Cond: ((t.a >= 27607) AND (t.a <= 31702))
   Index Searches: 1
   Buffers: shared hit=6476
 Settings: enable_bitmapscan = 'off', enable_seqscan = 'off', max_parallel_workers_per_gather = '0'
 Planning:
   Buffers: shared hit=113
 Planning Time: 0.210 ms
 Execution Time: 1.452 ms
(10 rows)

