SET
SET
SET
SET
SET
                                                                      QUERY PLAN                                                                      
------------------------------------------------------------------------------------------------------------------------------------------------------
 Index Scan Backward using idx on public.t (actual rows=2048576.00 loops=1)
   Output: a, b
   Index Cond: ((t.a >= 17569) AND (t.a <= 1041856))
   Index Searches: 1
   Prefetch: distance=241.594 count=1618562 stalls=3 skipped=429923 resets=0 ungets=59 forwarded=80
             histogram [2,4) => 2, [4,8) => 7, [8,16) => 7, [16,32) => 16, [32,64) => 31, [64,128) => 2590, [128,256) => 1030234, [256,512) => 585675
   Buffers: shared hit=1586480 read=37735
 Settings: enable_bitmapscan = 'off', enable_seqscan = 'off', max_parallel_workers_per_gather = '0'
 Planning:
   Buffers: shared hit=78 read=26
 Planning Time: 2.049 ms
 Execution Time: 845.579 ms
(12 rows)

SET
SET
SET
SET
SET
                                             QUERY PLAN                                             
----------------------------------------------------------------------------------------------------
 Index Scan Backward using idx on public.t (actual rows=2048576.00 loops=1)
   Output: a, b
   Index Cond: ((t.a >= 17569) AND (t.a <= 1041856))
   Index Searches: 1
   Buffers: shared hit=1624217
 Settings: enable_bitmapscan = 'off', enable_seqscan = 'off', max_parallel_workers_per_gather = '0'
 Planning:
   Buffers: shared hit=109
 Planning Time: 0.190 ms
 Execution Time: 292.200 ms
(10 rows)

