SET
SET
SET
SET
SET
                                                                     QUERY PLAN                                                                     
----------------------------------------------------------------------------------------------------------------------------------------------------
 Index Scan Backward using idx on public.t (actual rows=1048576.00 loops=1)
   Output: a, b
   Index Cond: ((t.a >= 11199) AND (t.a <= 535486))
   Index Searches: 1
   Prefetch: distance=241.410 count=828833 stalls=4 skipped=219732 resets=0 ungets=70 forwarded=40
             histogram [2,4) => 8, [4,8) => 6, [8,16) => 9, [16,32) => 9, [32,64) => 17, [64,128) => 1553, [128,256) => 528279, [256,512) => 298952
   Buffers: shared hit=812325 read=19374
 Settings: enable_bitmapscan = 'off', enable_seqscan = 'off', max_parallel_workers_per_gather = '0'
 Planning:
   Buffers: shared hit=78 read=26
 Planning Time: 2.021 ms
 Execution Time: 449.291 ms
(12 rows)

SET
SET
SET
SET
SET
                                             QUERY PLAN                                             
----------------------------------------------------------------------------------------------------
 Index Scan Backward using idx on public.t (actual rows=1048576.00 loops=1)
   Output: a, b
   Index Cond: ((t.a >= 11199) AND (t.a <= 535486))
   Index Searches: 1
   Buffers: shared hit=831700
 Settings: enable_bitmapscan = 'off', enable_seqscan = 'off', max_parallel_workers_per_gather = '0'
 Planning:
   Buffers: shared hit=109
 Planning Time: 0.258 ms
 Execution Time: 152.981 ms
(10 rows)

