SET
SET
SET
SET
SET
                                                                    QUERY PLAN                                                                     
---------------------------------------------------------------------------------------------------------------------------------------------------
 Index Scan Backward using idx on public.t (actual rows=65536.00 loops=1)
   Output: a, b
   Index Cond: ((t.a >= 30382) AND (t.a <= 63149))
   Index Searches: 1
   Prefetch: distance=241.249 count=51850 stalls=2 skipped=13593 resets=0 ungets=50 forwarded=2
             histogram [2,4) => 4, [4,8) => 6, [8,16) => 18, [16,32) => 11, [32,64) => 16, [64,128) => 147, [128,256) => 32961, [256,512) => 18687
   Buffers: shared hit=50772 read=1328
 Settings: enable_bitmapscan = 'off', enable_seqscan = 'off', max_parallel_workers_per_gather = '0'
 Planning:
   Buffers: shared hit=78 read=26
 Planning Time: 2.064 ms
 Execution Time: 33.291 ms
(12 rows)

SET
SET
SET
SET
SET
                                             QUERY PLAN                                             
----------------------------------------------------------------------------------------------------
 Index Scan Backward using idx on public.t (actual rows=65536.00 loops=1)
   Output: a, b
   Index Cond: ((t.a >= 30382) AND (t.a <= 63149))
   Index Searches: 1
   Buffers: shared hit=52100
 Settings: enable_bitmapscan = 'off', enable_seqscan = 'off', max_parallel_workers_per_gather = '0'
 Planning:
   Buffers: shared hit=109
 Planning Time: 0.170 ms
 Execution Time: 5.638 ms
(10 rows)

