SET
SET
SET
SET
SET
                                                                          QUERY PLAN                                                                          
--------------------------------------------------------------------------------------------------------------------------------------------------------------
 Index Scan Backward using idx on public.t (actual rows=4048576.00 loops=1)
   Output: a, b
   Index Cond: ((t.a >= 11522) AND (t.a <= 2035809))
   Index Searches: 1
   Prefetch: distance=237.148 count=2290265 stalls=909098 skipped=849086 resets=0 ungets=36 forwarded=133
             histogram [2,4) => 37334, [4,8) => 4557, [8,16) => 48, [16,32) => 48, [32,64) => 72, [64,128) => 3573, [128,256) => 1434781, [256,512) => 809852
   Buffers: shared hit=3136079 read=74443
 Settings: enable_bitmapscan = 'off', enable_seqscan = 'off', max_parallel_workers_per_gather = '0'
 Planning:
   Buffers: shared hit=78 read=26
 Planning Time: 2.134 ms
 Execution Time: 1644.761 ms
(12 rows)

SET
SET
SET
SET
SET
                                             QUERY PLAN                                             
----------------------------------------------------------------------------------------------------
 Index Scan Backward using idx on public.t (actual rows=4048576.00 loops=1)
   Output: a, b
   Index Cond: ((t.a >= 11522) AND (t.a <= 2035809))
   Index Searches: 1
   Buffers: shared hit=3210524
 Settings: enable_bitmapscan = 'off', enable_seqscan = 'off', max_parallel_workers_per_gather = '0'
 Planning:
   Buffers: shared hit=109
 Planning Time: 0.191 ms
 Execution Time: 582.981 ms
(10 rows)

