SET
SET
SET
SET
SET
                                                                  QUERY PLAN                                                                   
-----------------------------------------------------------------------------------------------------------------------------------------------
 Index Scan using idx on public.t (actual rows=8048576.00 loops=1)
   Output: a, b
   Index Cond: ((t.a >= 25918) AND (t.a <= 277435))
   Index Searches: 1
   Prefetch: distance=271.932 count=318855 stalls=8 skipped=7870322 resets=0 ungets=141248 forwarded=190496
             histogram [2,4) => 12, [4,8) => 33, [8,16) => 16, [16,32) => 10, [32,64) => 7, [64,128) => 1, [128,256) => 6, [256,512) => 318770
   Buffers: shared hit=100178 read=82411
 Settings: enable_bitmapscan = 'off', enable_seqscan = 'off', max_parallel_workers_per_gather = '0'
 Planning:
   Buffers: shared hit=78 read=23
 Planning Time: 1.710 ms
 Execution Time: 505.391 ms
(12 rows)

SET
SET
SET
SET
SET
                                             QUERY PLAN                                             
----------------------------------------------------------------------------------------------------
 Index Scan using idx on public.t (actual rows=8048576.00 loops=1)
   Output: a, b
   Index Cond: ((t.a >= 25918) AND (t.a <= 277435))
   Index Searches: 1
   Buffers: shared hit=184819
 Settings: enable_bitmapscan = 'off', enable_seqscan = 'off', max_parallel_workers_per_gather = '0'
 Planning:
   Buffers: shared hit=106
 Planning Time: 0.200 ms
 Execution Time: 324.868 ms
(10 rows)

