SET
SET
SET
SET
SET
                                                                 QUERY PLAN                                                                  
---------------------------------------------------------------------------------------------------------------------------------------------
 Index Scan using idx on public.t (actual rows=9048576.00 loops=1)
   Output: a, b
   Index Cond: ((t.a >= 26612) AND (t.a <= 309379))
   Index Searches: 1
   Prefetch: distance=271.967 count=357805 stalls=1 skipped=8848165 resets=0 ungets=158204 forwarded=213486
             histogram [2,4) => 2, [4,8) => 10, [8,16) => 6, [16,32) => 9, [32,64) => 12, [64,128) => 6, [128,256) => 1, [256,512) => 357759
   Buffers: shared hit=112309 read=92648
 Settings: enable_bitmapscan = 'off', enable_seqscan = 'off', max_parallel_workers_per_gather = '0'
 Planning:
   Buffers: shared hit=78 read=27
 Planning Time: 1.998 ms
 Execution Time: 559.752 ms
(12 rows)

SET
SET
SET
SET
SET
                                             QUERY PLAN                                             
----------------------------------------------------------------------------------------------------
 Index Scan using idx on public.t (actual rows=9048576.00 loops=1)
   Output: a, b
   Index Cond: ((t.a >= 26612) AND (t.a <= 309379))
   Index Searches: 1
   Buffers: shared hit=207705
 Settings: enable_bitmapscan = 'off', enable_seqscan = 'off', max_parallel_workers_per_gather = '0'
 Planning:
   Buffers: shared hit=110
 Planning Time: 0.205 ms
 Execution Time: 383.238 ms
(10 rows)

