SET
SET
SET
SET
SET
                                                               QUERY PLAN                                                               
----------------------------------------------------------------------------------------------------------------------------------------
 Index Scan Backward using idx on public.t (actual rows=128.00 loops=1)
   Output: a, b
   Index Cond: ((t.a >= 9739) AND (t.a <= 9802))
   Index Searches: 1
   Prefetch: distance=124.032 count=62 stalls=1 skipped=7 resets=0 ungets=11 forwarded=0
             histogram [2,4) => 4, [4,8) => 4, [8,16) => 7, [16,32) => 17, [32,64) => 2, [64,128) => 2, [128,256) => 3, [256,512) => 23
   Buffers: shared hit=36 read=75
 Settings: enable_bitmapscan = 'off', enable_seqscan = 'off', max_parallel_workers_per_gather = '0'
 Planning:
   Buffers: shared hit=82 read=26
 Planning Time: 1.443 ms
 Execution Time: 3.879 ms
(12 rows)

SET
SET
SET
SET
SET
                                             QUERY PLAN                                             
----------------------------------------------------------------------------------------------------
 Index Scan Backward using idx on public.t (actual rows=128.00 loops=1)
   Output: a, b
   Index Cond: ((t.a >= 9739) AND (t.a <= 9802))
   Index Searches: 1
   Buffers: shared hit=111
 Settings: enable_bitmapscan = 'off', enable_seqscan = 'off', max_parallel_workers_per_gather = '0'
 Planning:
   Buffers: shared hit=113
 Planning Time: 0.223 ms
 Execution Time: 0.135 ms
(10 rows)

