SET
SET
SET
SET
SET
                                                                QUERY PLAN                                                                 
-------------------------------------------------------------------------------------------------------------------------------------------
 Index Scan Backward using idx on public.t (actual rows=256.00 loops=1)
   Output: a, b
   Index Cond: ((t.a >= 18516) AND (t.a <= 18643))
   Index Searches: 1
   Prefetch: distance=184.325 count=160 stalls=5 skipped=39 resets=0 ungets=31 forwarded=0
             histogram [2,4) => 6, [4,8) => 5, [8,16) => 12, [16,32) => 16, [32,64) => 13, [64,128) => 3, [128,256) => 5, [256,512) => 100
   Buffers: shared hit=95 read=112
 Settings: enable_bitmapscan = 'off', enable_seqscan = 'off', max_parallel_workers_per_gather = '0'
 Planning:
   Buffers: shared hit=82 read=26
 Planning Time: 1.422 ms
 Execution Time: 6.039 ms
(12 rows)

SET
SET
SET
SET
SET
                                             QUERY PLAN                                             
----------------------------------------------------------------------------------------------------
 Index Scan Backward using idx on public.t (actual rows=256.00 loops=1)
   Output: a, b
   Index Cond: ((t.a >= 18516) AND (t.a <= 18643))
   Index Searches: 1
   Buffers: shared hit=207
 Settings: enable_bitmapscan = 'off', enable_seqscan = 'off', max_parallel_workers_per_gather = '0'
 Planning:
   Buffers: shared hit=113
 Planning Time: 0.192 ms
 Execution Time: 0.177 ms
(10 rows)

