SET
SET
SET
SET
SET
                                                                 QUERY PLAN                                                                  
---------------------------------------------------------------------------------------------------------------------------------------------
 Index Scan Backward using idx on public.t (actual rows=1024.00 loops=1)
   Output: a, b
   Index Cond: ((t.a >= 23264) AND (t.a <= 23775))
   Index Searches: 1
   Prefetch: distance=245.723 count=787 stalls=2 skipped=188 resets=0 ungets=56 forwarded=0
             histogram [2,4) => 2, [4,8) => 10, [8,16) => 10, [16,32) => 17, [32,64) => 9, [64,128) => 2, [128,256) => 180, [256,512) => 557
   Buffers: shared hit=681 read=143
 Settings: enable_bitmapscan = 'off', enable_seqscan = 'off', max_parallel_workers_per_gather = '0'
 Planning:
   Buffers: shared hit=82 read=26
 Planning Time: 2.052 ms
 Execution Time: 7.114 ms
(12 rows)

SET
SET
SET
SET
SET
                                             QUERY PLAN                                             
----------------------------------------------------------------------------------------------------
 Index Scan Backward using idx on public.t (actual rows=1024.00 loops=1)
   Output: a, b
   Index Cond: ((t.a >= 23264) AND (t.a <= 23775))
   Index Searches: 1
   Buffers: shared hit=824
 Settings: enable_bitmapscan = 'off', enable_seqscan = 'off', max_parallel_workers_per_gather = '0'
 Planning:
   Buffers: shared hit=113
 Planning Time: 0.167 ms
 Execution Time: 0.183 ms
(10 rows)

