SET
SET
SET
SET
SET
                                                                   QUERY PLAN                                                                   
------------------------------------------------------------------------------------------------------------------------------------------------
 Index Scan Backward using idx on public.t (actual rows=32768.00 loops=1)
   Output: a, b
   Index Cond: ((t.a >= 10101) AND (t.a <= 26484))
   Index Searches: 1
   Prefetch: distance=241.174 count=25905 stalls=5 skipped=6855 resets=0 ungets=74 forwarded=1
             histogram [2,4) => 4, [4,8) => 7, [8,16) => 9, [16,32) => 10, [32,64) => 19, [64,128) => 62, [128,256) => 16071, [256,512) => 9723
   Buffers: shared hit=25269 read=725
 Settings: enable_bitmapscan = 'off', enable_seqscan = 'off', max_parallel_workers_per_gather = '0'
 Planning:
   Buffers: shared hit=82 read=26
 Planning Time: 2.053 ms
 Execution Time: 19.005 ms
(12 rows)

SET
SET
SET
SET
SET
                                             QUERY PLAN                                             
----------------------------------------------------------------------------------------------------
 Index Scan Backward using idx on public.t (actual rows=32768.00 loops=1)
   Output: a, b
   Index Cond: ((t.a >= 10101) AND (t.a <= 26484))
   Index Searches: 1
   Buffers: shared hit=25994
 Settings: enable_bitmapscan = 'off', enable_seqscan = 'off', max_parallel_workers_per_gather = '0'
 Planning:
   Buffers: shared hit=113
 Planning Time: 0.196 ms
 Execution Time: 4.747 ms
(10 rows)

