SET
SET
SET
SET
SET
                                                                          QUERY PLAN                                                                           
---------------------------------------------------------------------------------------------------------------------------------------------------------------
 Index Scan Backward using idx on public.t (actual rows=5048576.00 loops=1)
   Output: a, b
   Index Cond: ((t.a >= 12580) AND (t.a <= 2536867))
   Index Searches: 1
   Prefetch: distance=233.751 count=2323414 stalls=1665945 skipped=1058982 resets=0 ungets=8 forwarded=144
             histogram [2,4) => 68431, [4,8) => 8338, [8,16) => 106, [16,32) => 46, [32,64) => 74, [64,128) => 3501, [128,256) => 1427781, [256,512) => 815137
   Buffers: shared hit=3910531 read=92807
 Settings: enable_bitmapscan = 'off', enable_seqscan = 'off', max_parallel_workers_per_gather = '0'
 Planning:
   Buffers: shared hit=78 read=26
 Planning Time: 2.031 ms
 Execution Time: 2014.662 ms
(12 rows)

SET
SET
SET
SET
SET
                                             QUERY PLAN                                             
----------------------------------------------------------------------------------------------------
 Index Scan Backward using idx on public.t (actual rows=5048576.00 loops=1)
   Output: a, b
   Index Cond: ((t.a >= 12580) AND (t.a <= 2536867))
   Index Searches: 1
   Buffers: shared hit=4003339
 Settings: enable_bitmapscan = 'off', enable_seqscan = 'off', max_parallel_workers_per_gather = '0'
 Planning:
   Buffers: shared hit=109
 Planning Time: 0.195 ms
 Execution Time: 720.315 ms
(10 rows)

