SET
SET
SET
SET
SET
                                                                           QUERY PLAN                                                                            
-----------------------------------------------------------------------------------------------------------------------------------------------------------------
 Index Scan Backward using idx on public.t (actual rows=8048576.00 loops=1)
   Output: a, b
   Index Cond: ((t.a >= 30753) AND (t.a <= 4055040))
   Index Searches: 1
   Prefetch: distance=223.684 count=2400450 stalls=3957933 skipped=1690110 resets=0 ungets=48 forwarded=207
             histogram [2,4) => 162658, [4,8) => 19689, [8,16) => 133, [16,32) => 46, [32,64) => 69, [64,128) => 3432, [128,256) => 1400896, [256,512) => 813527
   Buffers: shared hit=6232559 read=147873
 Settings: enable_bitmapscan = 'off', enable_seqscan = 'off', max_parallel_workers_per_gather = '0'
 Planning:
   Buffers: shared hit=78 read=26
 Planning Time: 2.061 ms
 Execution Time: 3235.430 ms
(12 rows)

SET
SET
SET
SET
SET
                                             QUERY PLAN                                             
----------------------------------------------------------------------------------------------------
 Index Scan Backward using idx on public.t (actual rows=8048576.00 loops=1)
   Output: a, b
   Index Cond: ((t.a >= 30753) AND (t.a <= 4055040))
   Index Searches: 1
   Buffers: shared hit=6380432
 Settings: enable_bitmapscan = 'off', enable_seqscan = 'off', max_parallel_workers_per_gather = '0'
 Planning:
   Buffers: shared hit=109
 Planning Time: 0.233 ms
 Execution Time: 1155.205 ms
(10 rows)

