SET
SET
SET
SET
SET
                                                                   QUERY PLAN                                                                    
-------------------------------------------------------------------------------------------------------------------------------------------------
 Index Scan Backward using idx on public.t (actual rows=32768.00 loops=1)
   Output: a, b
   Index Cond: ((t.a >= 22374) AND (t.a <= 38757))
   Index Searches: 1
   Prefetch: distance=241.757 count=25910 stalls=3 skipped=6883 resets=0 ungets=81 forwarded=1
             histogram [2,4) => 2, [4,8) => 5, [8,16) => 13, [16,32) => 16, [32,64) => 11, [64,128) => 19, [128,256) => 16211, [256,512) => 9633
   Buffers: shared hit=25244 read=726
 Settings: enable_bitmapscan = 'off', enable_seqscan = 'off', max_parallel_workers_per_gather = '0'
 Planning:
   Buffers: shared hit=82 read=26
 Planning Time: 2.071 ms
 Execution Time: 19.008 ms
(12 rows)

SET
SET
SET
SET
SET
                                             QUERY PLAN                                             
----------------------------------------------------------------------------------------------------
 Index Scan Backward using idx on public.t (actual rows=32768.00 loops=1)
   Output: a, b
   Index Cond: ((t.a >= 22374) AND (t.a <= 38757))
   Index Searches: 1
   Buffers: shared hit=25970
 Settings: enable_bitmapscan = 'off', enable_seqscan = 'off', max_parallel_workers_per_gather = '0'
 Planning:
   Buffers: shared hit=113
 Planning Time: 0.178 ms
 Execution Time: 3.488 ms
(10 rows)

