SET
SET
SET
SET
SET
                                                                 QUERY PLAN                                                                  
---------------------------------------------------------------------------------------------------------------------------------------------
 Index Scan Backward using idx on public.t (actual rows=8192.00 loops=1)
   Output: a, b
   Index Cond: ((t.a >= 30599) AND (t.a <= 34694))
   Index Searches: 1
   Prefetch: distance=243.011 count=6473 stalls=5 skipped=1716 resets=0 ungets=75 forwarded=0
             histogram [2,4) => 4, [4,8) => 10, [8,16) => 6, [16,32) => 9, [32,64) => 5, [64,128) => 2, [128,256) => 3698, [256,512) => 2739
   Buffers: shared hit=6208 read=276
 Settings: enable_bitmapscan = 'off', enable_seqscan = 'off', max_parallel_workers_per_gather = '0'
 Planning:
   Buffers: shared hit=82 read=26
 Planning Time: 2.104 ms
 Execution Time: 9.304 ms
(12 rows)

SET
SET
SET
SET
SET
                                             QUERY PLAN                                             
----------------------------------------------------------------------------------------------------
 Index Scan Backward using idx on public.t (actual rows=8192.00 loops=1)
   Output: a, b
   Index Cond: ((t.a >= 30599) AND (t.a <= 34694))
   Index Searches: 1
   Buffers: shared hit=6484
 Settings: enable_bitmapscan = 'off', enable_seqscan = 'off', max_parallel_workers_per_gather = '0'
 Planning:
   Buffers: shared hit=113
 Planning Time: 0.206 ms
 Execution Time: 1.000 ms
(10 rows)

