SET
SET
SET
SET
SET
                                             QUERY PLAN                                             
----------------------------------------------------------------------------------------------------
 Index Scan Backward using idx on public.t (actual rows=2048.00 loops=1)
   Output: a, b
   Index Cond: ((t.a >= 31919) AND (t.a <= 32942))
   Index Searches: 1
   Prefetch: distance=2.293 count=82 stalls=1253 skipped=352 resets=0 ungets=0 forwarded=0
             histogram [2,4) => 74, [4,8) => 8
   Buffers: shared hit=1474 read=162
 Settings: enable_bitmapscan = 'off', enable_seqscan = 'off', max_parallel_workers_per_gather = '0'
 Planning:
   Buffers: shared hit=82 read=26
 Planning Time: 2.063 ms
 Execution Time: 8.957 ms
(12 rows)

SET
SET
SET
SET
SET
                                             QUERY PLAN                                             
----------------------------------------------------------------------------------------------------
 Index Scan Backward using idx on public.t (actual rows=2048.00 loops=1)
   Output: a, b
   Index Cond: ((t.a >= 31919) AND (t.a <= 32942))
   Index Searches: 1
   Buffers: shared hit=1636
 Settings: enable_bitmapscan = 'off', enable_seqscan = 'off', max_parallel_workers_per_gather = '0'
 Planning:
   Buffers: shared hit=113
 Planning Time: 0.201 ms
 Execution Time: 0.505 ms
(10 rows)

