SET
SET
SET
SET
SET
                                                                          QUERY PLAN                                                                          
--------------------------------------------------------------------------------------------------------------------------------------------------------------
 Index Scan Backward using idx on public.t (actual rows=3048576.00 loops=1)
   Output: a, b
   Index Cond: ((t.a >= 27412) AND (t.a <= 1551699))
   Index Searches: 1
   Prefetch: distance=240.601 count=2231365 stalls=177504 skipped=639482 resets=0 ungets=0 forwarded=114
             histogram [2,4) => 7311, [4,8) => 923, [8,16) => 70, [16,32) => 144, [32,64) => 115, [64,128) => 3588, [128,256) => 1418608, [256,512) => 800606
   Buffers: shared hit=2361295 read=56091
 Settings: enable_bitmapscan = 'off', enable_seqscan = 'off', max_parallel_workers_per_gather = '0'
 Planning:
   Buffers: shared hit=78 read=26
 Planning Time: 2.046 ms
 Execution Time: 1272.248 ms
(12 rows)

SET
SET
SET
SET
SET
                                             QUERY PLAN                                             
----------------------------------------------------------------------------------------------------
 Index Scan Backward using idx on public.t (actual rows=3048576.00 loops=1)
   Output: a, b
   Index Cond: ((t.a >= 27412) AND (t.a <= 1551699))
   Index Searches: 1
   Buffers: shared hit=2417389
 Settings: enable_bitmapscan = 'off', enable_seqscan = 'off', max_parallel_workers_per_gather = '0'
 Planning:
   Buffers: shared hit=109
 Planning Time: 0.187 ms
 Execution Time: 436.491 ms
(10 rows)

