SET
SET
SET
SET
SET
                                                                      QUERY PLAN                                                                       
-------------------------------------------------------------------------------------------------------------------------------------------------------
 Index Scan Backward using idx on public.t (actual rows=2048576.00 loops=1)
   Output: a, b
   Index Cond: ((t.a >= 13213) AND (t.a <= 1037500))
   Index Searches: 1
   Prefetch: distance=241.525 count=1618622 stalls=4 skipped=429952 resets=0 ungets=77 forwarded=78
             histogram [2,4) => 10, [4,8) => 6, [8,16) => 8, [16,32) => 14, [32,64) => 11, [64,128) => 2627, [128,256) => 1031797, [256,512) => 584149
   Buffers: shared hit=1586479 read=37731
 Settings: enable_bitmapscan = 'off', enable_seqscan = 'off', max_parallel_workers_per_gather = '0'
 Planning:
   Buffers: shared hit=78 read=26
 Planning Time: 2.057 ms
 Execution Time: 836.410 ms
(12 rows)

SET
SET
SET
SET
SET
                                             QUERY PLAN                                             
----------------------------------------------------------------------------------------------------
 Index Scan Backward using idx on public.t (actual rows=2048576.00 loops=1)
   Output: a, b
   Index Cond: ((t.a >= 13213) AND (t.a <= 1037500))
   Index Searches: 1
   Buffers: shared hit=1624211
 Settings: enable_bitmapscan = 'off', enable_seqscan = 'off', max_parallel_workers_per_gather = '0'
 Planning:
   Buffers: shared hit=109
 Planning Time: 0.213 ms
 Execution Time: 293.412 ms
(10 rows)

