SET
SET
SET
SET
SET
                                                                     QUERY PLAN                                                                     
----------------------------------------------------------------------------------------------------------------------------------------------------
 Index Scan Backward using idx on public.t (actual rows=131072.00 loops=1)
   Output: a, b
   Index Cond: ((t.a >= 11701) AND (t.a <= 77236))
   Index Searches: 1
   Prefetch: distance=241.623 count=103566 stalls=1 skipped=27356 resets=0 ungets=22 forwarded=5
             histogram [2,4) => 8, [4,8) => 13, [8,16) => 12, [16,32) => 21, [32,64) => 33, [64,128) => 221, [128,256) => 65244, [256,512) => 38014
   Buffers: shared hit=101516 read=2530
 Settings: enable_bitmapscan = 'off', enable_seqscan = 'off', max_parallel_workers_per_gather = '0'
 Planning:
   Buffers: shared hit=78 read=26
 Planning Time: 2.089 ms
 Execution Time: 66.907 ms
(12 rows)

SET
SET
SET
SET
SET
                                             QUERY PLAN                                             
----------------------------------------------------------------------------------------------------
 Index Scan Backward using idx on public.t (actual rows=131072.00 loops=1)
   Output: a, b
   Index Cond: ((t.a >= 11701) AND (t.a <= 77236))
   Index Searches: 1
   Buffers: shared hit=104046
 Settings: enable_bitmapscan = 'off', enable_seqscan = 'off', max_parallel_workers_per_gather = '0'
 Planning:
   Buffers: shared hit=109
 Planning Time: 0.210 ms
 Execution Time: 16.132 ms
(10 rows)

