SET
SET
SET
SET
SET
                                                                          QUERY PLAN                                                                           
---------------------------------------------------------------------------------------------------------------------------------------------------------------
 Index Scan Backward using idx on public.t (actual rows=6048576.00 loops=1)
   Output: a, b
   Index Cond: ((t.a >= 20501) AND (t.a <= 3044788))
   Index Searches: 1
   Prefetch: distance=230.191 count=2346290 stalls=2432696 skipped=1269488 resets=0 ungets=37 forwarded=168
             histogram [2,4) => 99982, [4,8) => 12102, [8,16) => 98, [16,32) => 47, [32,64) => 62, [64,128) => 3488, [128,256) => 1421621, [256,512) => 808890
   Buffers: shared hit=4684423 read=111159
 Settings: enable_bitmapscan = 'off', enable_seqscan = 'off', max_parallel_workers_per_gather = '0'
 Planning:
   Buffers: shared hit=78 read=26
 Planning Time: 2.061 ms
 Execution Time: 2418.741 ms
(12 rows)

SET
SET
SET
SET
SET
                                             QUERY PLAN                                             
----------------------------------------------------------------------------------------------------
 Index Scan Backward using idx on public.t (actual rows=6048576.00 loops=1)
   Output: a, b
   Index Cond: ((t.a >= 20501) AND (t.a <= 3044788))
   Index Searches: 1
   Buffers: shared hit=4795585
 Settings: enable_bitmapscan = 'off', enable_seqscan = 'off', max_parallel_workers_per_gather = '0'
 Planning:
   Buffers: shared hit=109
 Planning Time: 0.226 ms
 Execution Time: 871.916 ms
(10 rows)

