SET
SET
SET
SET
SET
                                                                           QUERY PLAN                                                                            
-----------------------------------------------------------------------------------------------------------------------------------------------------------------
 Index Scan Backward using idx on public.t (actual rows=7048576.00 loops=1)
   Output: a, b
   Index Cond: ((t.a >= 7012) AND (t.a <= 3531299))
   Index Searches: 1
   Prefetch: distance=227.160 count=2401634 stalls=3167222 skipped=1479782 resets=0 ungets=95 forwarded=185
             histogram [2,4) => 130162, [4,8) => 15762, [8,16) => 110, [16,32) => 40, [32,64) => 49, [64,128) => 3522, [128,256) => 1431617, [256,512) => 820372
   Buffers: shared hit=5458531 read=129521
 Settings: enable_bitmapscan = 'off', enable_seqscan = 'off', max_parallel_workers_per_gather = '0'
 Planning:
   Buffers: shared hit=78 read=26
 Planning Time: 2.047 ms
 Execution Time: 2811.655 ms
(12 rows)

SET
SET
SET
SET
SET
                                             QUERY PLAN                                             
----------------------------------------------------------------------------------------------------
 Index Scan Backward using idx on public.t (actual rows=7048576.00 loops=1)
   Output: a, b
   Index Cond: ((t.a >= 7012) AND (t.a <= 3531299))
   Index Searches: 1
   Buffers: shared hit=5588054
 Settings: enable_bitmapscan = 'off', enable_seqscan = 'off', max_parallel_workers_per_gather = '0'
 Planning:
   Buffers: shared hit=109
 Planning Time: 0.233 ms
 Execution Time: 1009.803 ms
(10 rows)

