SET
SET
SET
SET
SET
                                             QUERY PLAN                                             
----------------------------------------------------------------------------------------------------
 Index Scan using idx on public.t (actual rows=512.00 loops=1)
   Output: a, b
   Index Cond: ((t.a >= 25765) AND (t.a <= 26020))
   Index Searches: 1
   Prefetch: distance=3.525 count=61 stalls=115 skipped=51 resets=0 ungets=0 forwarded=5
             histogram [2,4) => 35, [4,8) => 23, [8,16) => 3
   Buffers: shared hit=280 read=132
 Settings: enable_bitmapscan = 'off', enable_seqscan = 'off', max_parallel_workers_per_gather = '0'
 Planning:
   Buffers: shared hit=86 read=26
 Planning Time: 1.846 ms
 Execution Time: 4.493 ms
(12 rows)

SET
SET
SET
SET
SET
                                             QUERY PLAN                                             
----------------------------------------------------------------------------------------------------
 Index Scan using idx on public.t (actual rows=512.00 loops=1)
   Output: a, b
   Index Cond: ((t.a >= 25765) AND (t.a <= 26020))
   Index Searches: 1
   Buffers: shared hit=412
 Settings: enable_bitmapscan = 'off', enable_seqscan = 'off', max_parallel_workers_per_gather = '0'
 Planning:
   Buffers: shared hit=117
 Planning Time: 0.188 ms
 Execution Time: 0.231 ms
(10 rows)

