SET
SET
SET
SET
SET
                                             QUERY PLAN                                             
----------------------------------------------------------------------------------------------------
 Index Scan using idx on public.t (actual rows=256.00 loops=1)
   Output: a, b
   Index Cond: ((t.a >= 7551) AND (t.a <= 7678))
   Index Searches: 1
   Prefetch: distance=4.174 count=23 stalls=16 skipped=16 resets=0 ungets=0 forwarded=2
             histogram [2,4) => 8, [4,8) => 14, [8,16) => 1
   Buffers: shared hit=101 read=110
 Settings: enable_bitmapscan = 'off', enable_seqscan = 'off', max_parallel_workers_per_gather = '0'
 Planning:
   Buffers: shared hit=86 read=26
 Planning Time: 1.560 ms
 Execution Time: 5.020 ms
(12 rows)

SET
SET
SET
SET
SET
                                             QUERY PLAN                                             
----------------------------------------------------------------------------------------------------
 Index Scan using idx on public.t (actual rows=256.00 loops=1)
   Output: a, b
   Index Cond: ((t.a >= 7551) AND (t.a <= 7678))
   Index Searches: 1
   Buffers: shared hit=211
 Settings: enable_bitmapscan = 'off', enable_seqscan = 'off', max_parallel_workers_per_gather = '0'
 Planning:
   Buffers: shared hit=117
 Planning Time: 0.199 ms
 Execution Time: 0.174 ms
(10 rows)

