SET
SET
SET
SET
SET
                                                                 QUERY PLAN                                                                  
---------------------------------------------------------------------------------------------------------------------------------------------
 Index Scan using idx on public.t (actual rows=4096.00 loops=1)
   Output: a, b
   Index Cond: ((t.a >= 5374) AND (t.a <= 7421))
   Index Searches: 1
   Prefetch: distance=255.047 count=3334 stalls=1 skipped=809 resets=0 ungets=101 forwarded=67
             histogram [2,4) => 2, [4,8) => 7, [8,16) => 5, [16,32) => 9, [32,64) => 16, [64,128) => 3, [128,256) => 1044, [256,512) => 2248
   Buffers: shared hit=3097 read=197
 Settings: enable_bitmapscan = 'off', enable_seqscan = 'off', max_parallel_workers_per_gather = '0'
 Planning:
   Buffers: shared hit=86 read=26
 Planning Time: 2.084 ms
 Execution Time: 5.847 ms
(12 rows)

SET
SET
SET
SET
SET
                                             QUERY PLAN                                             
----------------------------------------------------------------------------------------------------
 Index Scan using idx on public.t (actual rows=4096.00 loops=1)
   Output: a, b
   Index Cond: ((t.a >= 5374) AND (t.a <= 7421))
   Index Searches: 1
   Buffers: shared hit=3294
 Settings: enable_bitmapscan = 'off', enable_seqscan = 'off', max_parallel_workers_per_gather = '0'
 Planning:
   Buffers: shared hit=117
 Planning Time: 0.153 ms
 Execution Time: 0.735 ms
(10 rows)

