SET
SET
SET
SET
SET
                                                                    QUERY PLAN                                                                    
--------------------------------------------------------------------------------------------------------------------------------------------------
 Index Scan using idx on public.t (actual rows=16384.00 loops=1)
   Output: a, b
   Index Cond: ((t.a >= 6571) AND (t.a <= 14762))
   Index Searches: 1
   Prefetch: distance=254.842 count=13033 stalls=4 skipped=3412 resets=0 ungets=160 forwarded=198
             histogram [2,4) => 15, [4,8) => 12, [8,16) => 15, [16,32) => 19, [32,64) => 15, [64,128) => 11, [128,256) => 4725, [256,512) => 8221
   Buffers: shared hit=12568 read=428
 Settings: enable_bitmapscan = 'off', enable_seqscan = 'off', max_parallel_workers_per_gather = '0'
 Planning:
   Buffers: shared hit=86 read=26
 Planning Time: 2.052 ms
 Execution Time: 11.767 ms
(12 rows)

SET
SET
SET
SET
SET
                                             QUERY PLAN                                             
----------------------------------------------------------------------------------------------------
 Index Scan using idx on public.t (actual rows=16384.00 loops=1)
   Output: a, b
   Index Cond: ((t.a >= 6571) AND (t.a <= 14762))
   Index Searches: 1
   Buffers: shared hit=12999
 Settings: enable_bitmapscan = 'off', enable_seqscan = 'off', max_parallel_workers_per_gather = '0'
 Planning:
   Buffers: shared hit=117
 Planning Time: 0.196 ms
 Execution Time: 2.432 ms
(10 rows)

