SET
SET
SET
SET
SET
                                                                  QUERY PLAN                                                                   
-----------------------------------------------------------------------------------------------------------------------------------------------
 Index Scan using idx on public.t (actual rows=65536.00 loops=1)
   Output: a, b
   Index Cond: ((t.a >= 16171) AND (t.a <= 48938))
   Index Searches: 1
   Prefetch: distance=256.279 count=52412 stalls=1 skipped=13693 resets=0 ungets=575 forwarded=729
             histogram [2,4) => 2, [4,8) => 3, [8,16) => 5, [16,32) => 21, [32,64) => 2, [64,128) => 3, [128,256) => 19266, [256,512) => 33110
   Buffers: shared hit=50690 read=1328
 Settings: enable_bitmapscan = 'off', enable_seqscan = 'off', max_parallel_workers_per_gather = '0'
 Planning:
   Buffers: shared hit=82 read=26
 Planning Time: 2.032 ms
 Execution Time: 32.776 ms
(12 rows)

SET
SET
SET
SET
SET
                                             QUERY PLAN                                             
----------------------------------------------------------------------------------------------------
 Index Scan using idx on public.t (actual rows=65536.00 loops=1)
   Output: a, b
   Index Cond: ((t.a >= 16171) AND (t.a <= 48938))
   Index Searches: 1
   Buffers: shared hit=52027
 Settings: enable_bitmapscan = 'off', enable_seqscan = 'off', max_parallel_workers_per_gather = '0'
 Planning:
   Buffers: shared hit=113
 Planning Time: 0.183 ms
 Execution Time: 9.039 ms
(10 rows)

