SET
SET
SET
SET
SET
                                                                    QUERY PLAN                                                                    
--------------------------------------------------------------------------------------------------------------------------------------------------
 Index Scan using idx on public.t (actual rows=262144.00 loops=1)
   Output: a, b
   Index Cond: ((t.a >= 4077) AND (t.a <= 135148))
   Index Searches: 1
   Prefetch: distance=256.066 count=209426 stalls=1 skipped=54701 resets=0 ungets=2023 forwarded=2921
             histogram [2,4) => 2, [4,8) => 6, [8,16) => 14, [16,32) => 13, [32,64) => 7, [64,128) => 12, [128,256) => 77329, [256,512) => 132043
   Buffers: shared hit=203186 read=4939
 Settings: enable_bitmapscan = 'off', enable_seqscan = 'off', max_parallel_workers_per_gather = '0'
 Planning:
   Buffers: shared hit=82 read=26
 Planning Time: 2.068 ms
 Execution Time: 123.318 ms
(12 rows)

SET
SET
SET
SET
SET
                                             QUERY PLAN                                             
----------------------------------------------------------------------------------------------------
 Index Scan using idx on public.t (actual rows=262144.00 loops=1)
   Output: a, b
   Index Cond: ((t.a >= 4077) AND (t.a <= 135148))
   Index Searches: 1
   Buffers: shared hit=208160
 Settings: enable_bitmapscan = 'off', enable_seqscan = 'off', max_parallel_workers_per_gather = '0'
 Planning:
   Buffers: shared hit=113
 Planning Time: 0.189 ms
 Execution Time: 31.641 ms
(10 rows)

