SET
SET
SET
SET
SET
                                                                      QUERY PLAN                                                                       
-------------------------------------------------------------------------------------------------------------------------------------------------------
 Index Scan using idx on public.t (actual rows=4048576.00 loops=1)
   Output: a, b
   Index Cond: ((t.a >= 22190) AND (t.a <= 2046477))
   Index Searches: 1
   Prefetch: distance=255.789 count=3226931 stalls=10 skipped=849089 resets=0 ungets=27647 forwarded=42996
             histogram [2,4) => 4, [4,8) => 9, [8,16) => 12, [16,32) => 16, [32,64) => 32, [64,128) => 344, [128,256) => 1210305, [256,512) => 2016209
   Buffers: shared hit=3135554 read=74449
 Settings: enable_bitmapscan = 'off', enable_seqscan = 'off', max_parallel_workers_per_gather = '0'
 Planning:
   Buffers: shared hit=82 read=26
 Planning Time: 2.043 ms
 Execution Time: 1820.948 ms
(12 rows)

SET
SET
SET
SET
SET
                                             QUERY PLAN                                             
----------------------------------------------------------------------------------------------------
 Index Scan using idx on public.t (actual rows=4048576.00 loops=1)
   Output: a, b
   Index Cond: ((t.a >= 22190) AND (t.a <= 2046477))
   Index Searches: 1
   Buffers: shared hit=3210521
 Settings: enable_bitmapscan = 'off', enable_seqscan = 'off', max_parallel_workers_per_gather = '0'
 Planning:
   Buffers: shared hit=113
 Planning Time: 0.223 ms
 Execution Time: 586.744 ms
(10 rows)

