SET
SET
SET
SET
SET
                                                                       QUERY PLAN                                                                        
---------------------------------------------------------------------------------------------------------------------------------------------------------
 Index Scan using idx on public.t (actual rows=5048576.00 loops=1)
   Output: a, b
   Index Cond: ((t.a >= 17731) AND (t.a <= 2542018))
   Index Searches: 1
   Prefetch: distance=255.785 count=4024560 stalls=24 skipped=1059038 resets=0 ungets=35193 forwarded=53758
             histogram [2,4) => 35, [4,8) => 23, [8,16) => 21, [16,32) => 28, [32,64) => 31, [64,128) => 450, [128,256) => 1507781, [256,512) => 2516191
   Buffers: shared hit=3909841 read=92806
 Settings: enable_bitmapscan = 'off', enable_seqscan = 'off', max_parallel_workers_per_gather = '0'
 Planning:
   Buffers: shared hit=82 read=26
 Planning Time: 2.032 ms
 Execution Time: 2252.560 ms
(12 rows)

SET
SET
SET
SET
SET
                                             QUERY PLAN                                             
----------------------------------------------------------------------------------------------------
 Index Scan using idx on public.t (actual rows=5048576.00 loops=1)
   Output: a, b
   Index Cond: ((t.a >= 17731) AND (t.a <= 2542018))
   Index Searches: 1
   Buffers: shared hit=4003308
 Settings: enable_bitmapscan = 'off', enable_seqscan = 'off', max_parallel_workers_per_gather = '0'
 Planning:
   Buffers: shared hit=113
 Planning Time: 0.235 ms
 Execution Time: 743.574 ms
(10 rows)

