SET
SET
SET
SET
SET
                                                                     QUERY PLAN                                                                      
-----------------------------------------------------------------------------------------------------------------------------------------------------
 Index Scan using idx on public.t (actual rows=7048576.00 loops=1)
   Output: a, b
   Index Cond: ((t.a >= 26919) AND (t.a <= 3551206))
   Index Searches: 1
   Prefetch: distance=255.779 count=5617712 stalls=1 skipped=1479824 resets=0 ungets=48994 forwarded=75041
             histogram [2,4) => 2, [4,8) => 4, [8,16) => 9, [16,32) => 14, [32,64) => 7, [64,128) => 458, [128,256) => 2106793, [256,512) => 3510425
   Buffers: shared hit=5457595 read=129522
 Settings: enable_bitmapscan = 'off', enable_seqscan = 'off', max_parallel_workers_per_gather = '0'
 Planning:
   Buffers: shared hit=82 read=26
 Planning Time: 2.065 ms
 Execution Time: 3141.005 ms
(12 rows)

SET
SET
SET
SET
SET
                                             QUERY PLAN                                             
----------------------------------------------------------------------------------------------------
 Index Scan using idx on public.t (actual rows=7048576.00 loops=1)
   Output: a, b
   Index Cond: ((t.a >= 26919) AND (t.a <= 3551206))
   Index Searches: 1
   Buffers: shared hit=5588009
 Settings: enable_bitmapscan = 'off', enable_seqscan = 'off', max_parallel_workers_per_gather = '0'
 Planning:
   Buffers: shared hit=113
 Planning Time: 0.226 ms
 Execution Time: 1016.246 ms
(10 rows)

