SET
SET
SET
SET
SET
                                                                     QUERY PLAN                                                                     
----------------------------------------------------------------------------------------------------------------------------------------------------
 Index Scan using idx on public.t (actual rows=3048576.00 loops=1)
   Output: a, b
   Index Cond: ((t.a >= 5851) AND (t.a <= 1530138))
   Index Searches: 1
   Prefetch: distance=255.860 count=2430527 stalls=1 skipped=639458 resets=0 ungets=21411 forwarded=32493
             histogram [2,4) => 2, [4,8) => 3, [8,16) => 9, [16,32) => 15, [32,64) => 3, [64,128) => 197, [128,256) => 907430, [256,512) => 1522868
   Buffers: shared hit=2360981 read=56089
 Settings: enable_bitmapscan = 'off', enable_seqscan = 'off', max_parallel_workers_per_gather = '0'
 Planning:
   Buffers: shared hit=82 read=26
 Planning Time: 2.045 ms
 Execution Time: 1365.517 ms
(12 rows)

SET
SET
SET
SET
SET
                                             QUERY PLAN                                             
----------------------------------------------------------------------------------------------------
 Index Scan using idx on public.t (actual rows=3048576.00 loops=1)
   Output: a, b
   Index Cond: ((t.a >= 5851) AND (t.a <= 1530138))
   Index Searches: 1
   Buffers: shared hit=2417454
 Settings: enable_bitmapscan = 'off', enable_seqscan = 'off', max_parallel_workers_per_gather = '0'
 Planning:
   Buffers: shared hit=113
 Planning Time: 0.200 ms
 Execution Time: 443.392 ms
(10 rows)

