SET
SET
SET
SET
SET
                                             QUERY PLAN                                             
----------------------------------------------------------------------------------------------------
 Index Scan using idx on public.t (actual rows=2048.00 loops=1)
   Output: a, b
   Index Cond: ((t.a >= 19833) AND (t.a <= 20856))
   Index Searches: 1
   Prefetch: distance=2.602 count=123 stalls=1361 skipped=359 resets=0 ungets=0 forwarded=0
             histogram [2,4) => 94, [4,8) => 29
   Buffers: shared hit=1508 read=162
 Settings: enable_bitmapscan = 'off', enable_seqscan = 'off', max_parallel_workers_per_gather = '0'
 Planning:
   Buffers: shared hit=86 read=26
 Planning Time: 2.055 ms
 Execution Time: 8.330 ms
(12 rows)

SET
SET
SET
SET
SET
                                             QUERY PLAN                                             
----------------------------------------------------------------------------------------------------
 Index Scan using idx on public.t (actual rows=2048.00 loops=1)
   Output: a, b
   Index Cond: ((t.a >= 19833) AND (t.a <= 20856))
   Index Searches: 1
   Buffers: shared hit=1670
 Settings: enable_bitmapscan = 'off', enable_seqscan = 'off', max_parallel_workers_per_gather = '0'
 Planning:
   Buffers: shared hit=117
 Planning Time: 0.195 ms
 Execution Time: 0.482 ms
(10 rows)

