SET
SET
SET
SET
SET
                                                                  QUERY PLAN                                                                  
----------------------------------------------------------------------------------------------------------------------------------------------
 Index Scan using idx on public.t (actual rows=32768.00 loops=1)
   Output: a, b
   Index Cond: ((t.a >= 18282) AND (t.a <= 34665))
   Index Searches: 1
   Prefetch: distance=256.090 count=26229 stalls=1 skipped=6888 resets=0 ungets=357 forwarded=386
             histogram [2,4) => 2, [4,8) => 6, [8,16) => 9, [16,32) => 11, [32,64) => 7, [64,128) => 4, [128,256) => 9572, [256,512) => 16618
   Buffers: shared hit=25243 read=729
 Settings: enable_bitmapscan = 'off', enable_seqscan = 'off', max_parallel_workers_per_gather = '0'
 Planning:
   Buffers: shared hit=86 read=26
 Planning Time: 2.061 ms
 Execution Time: 18.609 ms
(12 rows)

SET
SET
SET
SET
SET
                                             QUERY PLAN                                             
----------------------------------------------------------------------------------------------------
 Index Scan using idx on public.t (actual rows=32768.00 loops=1)
   Output: a, b
   Index Cond: ((t.a >= 18282) AND (t.a <= 34665))
   Index Searches: 1
   Buffers: shared hit=25974
 Settings: enable_bitmapscan = 'off', enable_seqscan = 'off', max_parallel_workers_per_gather = '0'
 Planning:
   Buffers: shared hit=117
 Planning Time: 0.190 ms
 Execution Time: 4.579 ms
(10 rows)

