SET
SET
SET
SET
SET
                                                QUERY PLAN                                                 
-----------------------------------------------------------------------------------------------------------
 Index Scan using idx on public.t (actual rows=256.00 loops=1)
   Output: a, b
   Index Cond: ((t.a >= 4775) AND (t.a <= 4902))
   Index Searches: 1
   Prefetch: distance=42.914 count=93 stalls=1 skipped=23 resets=0 ungets=0 forwarded=5
             histogram [2,4) => 2, [4,8) => 10, [8,16) => 14, [16,32) => 17, [32,64) => 26, [64,128) => 24
   Buffers: shared hit=103 read=107
 Settings: enable_bitmapscan = 'off', enable_seqscan = 'off', max_parallel_workers_per_gather = '0'
 Planning:
   Buffers: shared hit=86 read=26
 Planning Time: 1.854 ms
 Execution Time: 5.102 ms
(12 rows)

SET
SET
SET
SET
SET
                                             QUERY PLAN                                             
----------------------------------------------------------------------------------------------------
 Index Scan using idx on public.t (actual rows=256.00 loops=1)
   Output: a, b
   Index Cond: ((t.a >= 4775) AND (t.a <= 4902))
   Index Searches: 1
   Buffers: shared hit=210
 Settings: enable_bitmapscan = 'off', enable_seqscan = 'off', max_parallel_workers_per_gather = '0'
 Planning:
   Buffers: shared hit=117
 Planning Time: 0.172 ms
 Execution Time: 0.119 ms
(10 rows)

