SET
SET
SET
SET
SET
                                             QUERY PLAN                                             
----------------------------------------------------------------------------------------------------
 Index Scan using idx on public.t (actual rows=4096.00 loops=1)
   Output: a, b
   Index Cond: ((t.a >= 3445) AND (t.a <= 5492))
   Index Searches: 1
   Prefetch: distance=2.340 count=191 stalls=2905 skipped=779 resets=0 ungets=0 forwarded=0
             histogram [2,4) => 164, [4,8) => 27
   Buffers: shared hit=3092 read=199
 Settings: enable_bitmapscan = 'off', enable_seqscan = 'off', max_parallel_workers_per_gather = '0'
 Planning:
   Buffers: shared hit=86 read=26
 Planning Time: 2.043 ms
 Execution Time: 9.127 ms
(12 rows)

SET
SET
SET
SET
SET
                                             QUERY PLAN                                             
----------------------------------------------------------------------------------------------------
 Index Scan using idx on public.t (actual rows=4096.00 loops=1)
   Output: a, b
   Index Cond: ((t.a >= 3445) AND (t.a <= 5492))
   Index Searches: 1
   Buffers: shared hit=3291
 Settings: enable_bitmapscan = 'off', enable_seqscan = 'off', max_parallel_workers_per_gather = '0'
 Planning:
   Buffers: shared hit=117
 Planning Time: 0.200 ms
 Execution Time: 0.818 ms
(10 rows)

