SET
SET
SET
SET
SET
                                                                      QUERY PLAN                                                                      
------------------------------------------------------------------------------------------------------------------------------------------------------
 Index Scan using idx on public.t (actual rows=3048576.00 loops=1)
   Output: a, b
   Index Cond: ((t.a >= 17485) AND (t.a <= 1541772))
   Index Searches: 1
   Prefetch: distance=255.815 count=2430185 stalls=6 skipped=639422 resets=0 ungets=21248 forwarded=32434
             histogram [2,4) => 4, [4,8) => 4, [8,16) => 18, [16,32) => 24, [32,64) => 31, [64,128) => 299, [128,256) => 908730, [256,512) => 1521075
   Buffers: shared hit=2360962 read=56091
 Settings: enable_bitmapscan = 'off', enable_seqscan = 'off', max_parallel_workers_per_gather = '0'
 Planning:
   Buffers: shared hit=82 read=26
 Planning Time: 2.045 ms
 Execution Time: 1368.532 ms
(12 rows)

SET
SET
SET
SET
SET
                                             QUERY PLAN                                             
----------------------------------------------------------------------------------------------------
 Index Scan using idx on public.t (actual rows=3048576.00 loops=1)
   Output: a, b
   Index Cond: ((t.a >= 17485) AND (t.a <= 1541772))
   Index Searches: 1
   Buffers: shared hit=2417442
 Settings: enable_bitmapscan = 'off', enable_seqscan = 'off', max_parallel_workers_per_gather = '0'
 Planning:
   Buffers: shared hit=113
 Planning Time: 0.218 ms
 Execution Time: 445.649 ms
(10 rows)

