SET
SET
SET
SET
SET
                                                                     QUERY PLAN                                                                      
-----------------------------------------------------------------------------------------------------------------------------------------------------
 Index Scan using idx on public.t (actual rows=9048576.00 loops=1)
   Output: a, b
   Index Cond: ((t.a >= 5407) AND (t.a <= 4529694))
   Index Searches: 1
   Prefetch: distance=255.806 count=7211330 stalls=1 skipped=1900723 resets=0 ungets=63485 forwarded=96210
             histogram [2,4) => 2, [4,8) => 3, [8,16) => 5, [16,32) => 13, [32,64) => 8, [64,128) => 560, [128,256) => 2701362, [256,512) => 4509377
   Buffers: shared hit=7005166 read=166235
 Settings: enable_bitmapscan = 'off', enable_seqscan = 'off', max_parallel_workers_per_gather = '0'
 Planning:
   Buffers: shared hit=82 read=26
 Planning Time: 2.051 ms
 Execution Time: 4020.911 ms
(12 rows)

SET
SET
SET
SET
SET
                                             QUERY PLAN                                             
----------------------------------------------------------------------------------------------------
 Index Scan using idx on public.t (actual rows=9048576.00 loops=1)
   Output: a, b
   Index Cond: ((t.a >= 5407) AND (t.a <= 4529694))
   Index Searches: 1
   Buffers: shared hit=7172580
 Settings: enable_bitmapscan = 'off', enable_seqscan = 'off', max_parallel_workers_per_gather = '0'
 Planning:
   Buffers: shared hit=113
 Planning Time: 0.371 ms
 Execution Time: 1327.350 ms
(10 rows)

