SET
SET
SET
SET
SET
                                                                   QUERY PLAN                                                                   
------------------------------------------------------------------------------------------------------------------------------------------------
 Index Scan using idx on public.t (actual rows=4096.00 loops=1)
   Output: a, b
   Index Cond: ((t.a >= 2656) AND (t.a <= 4703))
   Index Searches: 1
   Prefetch: distance=251.950 count=3241 stalls=2 skipped=808 resets=0 ungets=62 forwarded=46
             histogram [2,4) => 2, [4,8) => 7, [8,16) => 10, [16,32) => 14, [32,64) => 22, [64,128) => 12, [128,256) => 1149, [256,512) => 2025
   Buffers: shared hit=3085 read=195
 Settings: enable_bitmapscan = 'off', enable_seqscan = 'off', max_parallel_workers_per_gather = '0'
 Planning:
   Buffers: shared hit=86 read=26
 Planning Time: 2.047 ms
 Execution Time: 6.129 ms
(12 rows)

SET
SET
SET
SET
SET
                                             QUERY PLAN                                             
----------------------------------------------------------------------------------------------------
 Index Scan using idx on public.t (actual rows=4096.00 loops=1)
   Output: a, b
   Index Cond: ((t.a >= 2656) AND (t.a <= 4703))
   Index Searches: 1
   Buffers: shared hit=3281
 Settings: enable_bitmapscan = 'off', enable_seqscan = 'off', max_parallel_workers_per_gather = '0'
 Planning:
   Buffers: shared hit=117
 Planning Time: 0.190 ms
 Execution Time: 0.814 ms
(10 rows)

