SET
SET
SET
SET
SET
                                             QUERY PLAN                                             
----------------------------------------------------------------------------------------------------
 Index Scan using idx on public.t (actual rows=2048.00 loops=1)
   Output: a, b
   Index Cond: ((t.a >= 8320) AND (t.a <= 9343))
   Index Searches: 1
   Prefetch: distance=2.364 count=129 stalls=1307 skipped=375 resets=0 ungets=0 forwarded=2
             histogram [2,4) => 111, [4,8) => 18
   Buffers: shared hit=1472 read=161
 Settings: enable_bitmapscan = 'off', enable_seqscan = 'off', max_parallel_workers_per_gather = '0'
 Planning:
   Buffers: shared hit=86 read=26
 Planning Time: 2.142 ms
 Execution Time: 7.939 ms
(12 rows)

SET
SET
SET
SET
SET
                                             QUERY PLAN                                             
----------------------------------------------------------------------------------------------------
 Index Scan using idx on public.t (actual rows=2048.00 loops=1)
   Output: a, b
   Index Cond: ((t.a >= 8320) AND (t.a <= 9343))
   Index Searches: 1
   Buffers: shared hit=1633
 Settings: enable_bitmapscan = 'off', enable_seqscan = 'off', max_parallel_workers_per_gather = '0'
 Planning:
   Buffers: shared hit=117
 Planning Time: 0.279 ms
 Execution Time: 0.361 ms
(10 rows)

