SET
SET
SET
SET
SET
                                                                    QUERY PLAN                                                                     
---------------------------------------------------------------------------------------------------------------------------------------------------
 Index Scan using idx on public.t (actual rows=524288.00 loops=1)
   Output: a, b
   Index Cond: ((t.a >= 28942) AND (t.a <= 291085))
   Index Searches: 1
   Prefetch: distance=255.983 count=417974 stalls=1 skipped=110078 resets=0 ungets=3846 forwarded=5594
             histogram [2,4) => 2, [4,8) => 7, [8,16) => 12, [16,32) => 9, [32,64) => 14, [64,128) => 47, [128,256) => 155094, [256,512) => 262789
   Buffers: shared hit=405814 read=9749
 Settings: enable_bitmapscan = 'off', enable_seqscan = 'off', max_parallel_workers_per_gather = '0'
 Planning:
   Buffers: shared hit=82 read=26
 Planning Time: 2.035 ms
 Execution Time: 238.422 ms
(12 rows)

SET
SET
SET
SET
SET
                                             QUERY PLAN                                             
----------------------------------------------------------------------------------------------------
 Index Scan using idx on public.t (actual rows=524288.00 loops=1)
   Output: a, b
   Index Cond: ((t.a >= 28942) AND (t.a <= 291085))
   Index Searches: 1
   Buffers: shared hit=415630
 Settings: enable_bitmapscan = 'off', enable_seqscan = 'off', max_parallel_workers_per_gather = '0'
 Planning:
   Buffers: shared hit=113
 Planning Time: 0.183 ms
 Execution Time: 77.940 ms
(10 rows)

