SET
SET
SET
SET
SET
                                                                      QUERY PLAN                                                                      
------------------------------------------------------------------------------------------------------------------------------------------------------
 Index Scan using idx on public.t (actual rows=9048576.00 loops=1)
   Output: a, b
   Index Cond: ((t.a >= 25377) AND (t.a <= 4549664))
   Index Searches: 1
   Prefetch: distance=255.797 count=7210477 stalls=1 skipped=1900787 resets=0 ungets=62742 forwarded=95966
             histogram [2,4) => 4, [4,8) => 9, [8,16) => 5, [16,32) => 11, [32,64) => 13, [64,128) => 522, [128,256) => 2702903, [256,512) => 4507010
   Buffers: shared hit=7005137 read=166226
 Settings: enable_bitmapscan = 'off', enable_seqscan = 'off', max_parallel_workers_per_gather = '0'
 Planning:
   Buffers: shared hit=82 read=26
 Planning Time: 2.046 ms
 Execution Time: 4059.586 ms
(12 rows)

SET
SET
SET
SET
SET
                                             QUERY PLAN                                             
----------------------------------------------------------------------------------------------------
 Index Scan using idx on public.t (actual rows=9048576.00 loops=1)
   Output: a, b
   Index Cond: ((t.a >= 25377) AND (t.a <= 4549664))
   Index Searches: 1
   Buffers: shared hit=7172501
 Settings: enable_bitmapscan = 'off', enable_seqscan = 'off', max_parallel_workers_per_gather = '0'
 Planning:
   Buffers: shared hit=113
 Planning Time: 0.240 ms
 Execution Time: 1338.609 ms
(10 rows)

