SET
SET
SET
SET
SET
                                                                      QUERY PLAN                                                                       
-------------------------------------------------------------------------------------------------------------------------------------------------------
 Index Scan using idx on public.t (actual rows=7048576.00 loops=1)
   Output: a, b
   Index Cond: ((t.a >= 17270) AND (t.a <= 3541557))
   Index Searches: 1
   Prefetch: distance=255.776 count=5617563 stalls=6 skipped=1479720 resets=0 ungets=48846 forwarded=74969
             histogram [2,4) => 8, [4,8) => 6, [8,16) => 17, [16,32) => 25, [32,64) => 25, [64,128) => 530, [128,256) => 2106964, [256,512) => 3509988
   Buffers: shared hit=5457678 read=129518
 Settings: enable_bitmapscan = 'off', enable_seqscan = 'off', max_parallel_workers_per_gather = '0'
 Planning:
   Buffers: shared hit=82 read=26
 Planning Time: 2.040 ms
 Execution Time: 3151.957 ms
(12 rows)

SET
SET
SET
SET
SET
                                             QUERY PLAN                                             
----------------------------------------------------------------------------------------------------
 Index Scan using idx on public.t (actual rows=7048576.00 loops=1)
   Output: a, b
   Index Cond: ((t.a >= 17270) AND (t.a <= 3541557))
   Index Searches: 1
   Buffers: shared hit=5588091
 Settings: enable_bitmapscan = 'off', enable_seqscan = 'off', max_parallel_workers_per_gather = '0'
 Planning:
   Buffers: shared hit=113
 Planning Time: 0.242 ms
 Execution Time: 1023.222 ms
(10 rows)

