SET
SET
SET
SET
SET
                                                                    QUERY PLAN                                                                    
--------------------------------------------------------------------------------------------------------------------------------------------------
 Index Scan using idx on public.t (actual rows=8192.00 loops=1)
   Output: a, b
   Index Cond: ((t.a >= 16388) AND (t.a <= 20483))
   Index Searches: 1
   Prefetch: distance=247.244 count=6381 stalls=25 skipped=1664 resets=0 ungets=69 forwarded=97
             histogram [2,4) => 20, [4,8) => 22, [8,16) => 39, [16,32) => 39, [32,64) => 60, [64,128) => 61, [128,256) => 2266, [256,512) => 3874
   Buffers: shared hit=6239 read=276
 Settings: enable_bitmapscan = 'off', enable_seqscan = 'off', max_parallel_workers_per_gather = '0'
 Planning:
   Buffers: shared hit=86 read=26
 Planning Time: 2.060 ms
 Execution Time: 10.385 ms
(12 rows)

SET
SET
SET
SET
SET
                                             QUERY PLAN                                             
----------------------------------------------------------------------------------------------------
 Index Scan using idx on public.t (actual rows=8192.00 loops=1)
   Output: a, b
   Index Cond: ((t.a >= 16388) AND (t.a <= 20483))
   Index Searches: 1
   Buffers: shared hit=6517
 Settings: enable_bitmapscan = 'off', enable_seqscan = 'off', max_parallel_workers_per_gather = '0'
 Planning:
   Buffers: shared hit=117
 Planning Time: 0.199 ms
 Execution Time: 1.401 ms
(10 rows)

