SET
SET
SET
SET
SET
                                                                     QUERY PLAN                                                                      
-----------------------------------------------------------------------------------------------------------------------------------------------------
 Index Scan using idx on public.t (actual rows=6048576.00 loops=1)
   Output: a, b
   Index Cond: ((t.a >= 19267) AND (t.a <= 3043554))
   Index Searches: 1
   Prefetch: distance=255.786 count=4821424 stalls=1 skipped=1269463 resets=0 ungets=42325 forwarded=64440
             histogram [2,4) => 5, [4,8) => 6, [8,16) => 8, [16,32) => 18, [32,64) => 2, [64,128) => 446, [128,256) => 1806968, [256,512) => 3013971
   Buffers: shared hit=4683715 read=111164
 Settings: enable_bitmapscan = 'off', enable_seqscan = 'off', max_parallel_workers_per_gather = '0'
 Planning:
   Buffers: shared hit=82 read=26
 Planning Time: 2.029 ms
 Execution Time: 2697.036 ms
(12 rows)

SET
SET
SET
SET
SET
                                             QUERY PLAN                                             
----------------------------------------------------------------------------------------------------
 Index Scan using idx on public.t (actual rows=6048576.00 loops=1)
   Output: a, b
   Index Cond: ((t.a >= 19267) AND (t.a <= 3043554))
   Index Searches: 1
   Buffers: shared hit=4795642
 Settings: enable_bitmapscan = 'off', enable_seqscan = 'off', max_parallel_workers_per_gather = '0'
 Planning:
   Buffers: shared hit=113
 Planning Time: 0.220 ms
 Execution Time: 878.485 ms
(10 rows)

