SET
SET
SET
SET
SET
                                                                      QUERY PLAN                                                                      
------------------------------------------------------------------------------------------------------------------------------------------------------
 Index Scan using idx on public.t (actual rows=7048576.00 loops=1)
   Output: a, b
   Index Cond: ((t.a >= 428) AND (t.a <= 3524715))
   Index Searches: 1
   Prefetch: distance=255.740 count=5617326 stalls=3 skipped=1479684 resets=0 ungets=48558 forwarded=74836
             histogram [2,4) => 2, [4,8) => 5, [8,16) => 12, [16,32) => 9, [32,64) => 29, [64,128) => 485, [128,256) => 2111496, [256,512) => 3505288
   Buffers: shared hit=5457780 read=129468
 Settings: enable_bitmapscan = 'off', enable_seqscan = 'off', max_parallel_workers_per_gather = '0'
 Planning:
   Buffers: shared hit=82 read=26
 Planning Time: 2.056 ms
 Execution Time: 3168.126 ms
(12 rows)

SET
SET
SET
SET
SET
                                             QUERY PLAN                                             
----------------------------------------------------------------------------------------------------
 Index Scan using idx on public.t (actual rows=7048576.00 loops=1)
   Output: a, b
   Index Cond: ((t.a >= 428) AND (t.a <= 3524715))
   Index Searches: 1
   Buffers: shared hit=5588132
 Settings: enable_bitmapscan = 'off', enable_seqscan = 'off', max_parallel_workers_per_gather = '0'
 Planning:
   Buffers: shared hit=113
 Planning Time: 0.230 ms
 Execution Time: 1011.165 ms
(10 rows)

