SET
SET
SET
SET
SET
                                                                      QUERY PLAN                                                                      
------------------------------------------------------------------------------------------------------------------------------------------------------
 Index Scan using idx on public.t (actual rows=8048576.00 loops=1)
   Output: a, b
   Index Cond: ((t.a >= 8385) AND (t.a <= 4032672))
   Index Searches: 1
   Prefetch: distance=255.790 count=6414424 stalls=1 skipped=1690050 resets=0 ungets=55918 forwarded=85444
             histogram [2,4) => 4, [4,8) => 6, [8,16) => 10, [16,32) => 13, [32,64) => 3, [64,128) => 585, [128,256) => 2404185, [256,512) => 4009618
   Buffers: shared hit=6231602 read=147873
 Settings: enable_bitmapscan = 'off', enable_seqscan = 'off', max_parallel_workers_per_gather = '0'
 Planning:
   Buffers: shared hit=82 read=26
 Planning Time: 2.045 ms
 Execution Time: 3580.823 ms
(12 rows)

SET
SET
SET
SET
SET
                                             QUERY PLAN                                             
----------------------------------------------------------------------------------------------------
 Index Scan using idx on public.t (actual rows=8048576.00 loops=1)
   Output: a, b
   Index Cond: ((t.a >= 8385) AND (t.a <= 4032672))
   Index Searches: 1
   Buffers: shared hit=6380519
 Settings: enable_bitmapscan = 'off', enable_seqscan = 'off', max_parallel_workers_per_gather = '0'
 Planning:
   Buffers: shared hit=113
 Planning Time: 0.232 ms
 Execution Time: 1162.671 ms
(10 rows)

