SET
SET
SET
SET
SET
                                                                     QUERY PLAN                                                                     
----------------------------------------------------------------------------------------------------------------------------------------------------
 Index Scan using idx on public.t (actual rows=2048576.00 loops=1)
   Output: a, b
   Index Cond: ((t.a >= 15152) AND (t.a <= 1039439))
   Index Searches: 1
   Prefetch: distance=255.907 count=1632745 stalls=2 skipped=429975 resets=0 ungets=14361 forwarded=21863
             histogram [2,4) => 2, [4,8) => 8, [8,16) => 7, [16,32) => 17, [32,64) => 30, [64,128) => 87, [128,256) => 609209, [256,512) => 1023385
   Buffers: shared hit=1586156 read=37730
 Settings: enable_bitmapscan = 'off', enable_seqscan = 'off', max_parallel_workers_per_gather = '0'
 Planning:
   Buffers: shared hit=82 read=26
 Planning Time: 2.060 ms
 Execution Time: 923.728 ms
(12 rows)

SET
SET
SET
SET
SET
                                             QUERY PLAN                                             
----------------------------------------------------------------------------------------------------
 Index Scan using idx on public.t (actual rows=2048576.00 loops=1)
   Output: a, b
   Index Cond: ((t.a >= 15152) AND (t.a <= 1039439))
   Index Searches: 1
   Buffers: shared hit=1624152
 Settings: enable_bitmapscan = 'off', enable_seqscan = 'off', max_parallel_workers_per_gather = '0'
 Planning:
   Buffers: shared hit=113
 Planning Time: 0.191 ms
 Execution Time: 298.826 ms
(10 rows)

