SET
SET
SET
SET
SET
                                             QUERY PLAN                                             
----------------------------------------------------------------------------------------------------
 Index Scan using idx on public.t (actual rows=4096.00 loops=1)
   Output: a, b
   Index Cond: ((t.a >= 24505) AND (t.a <= 26552))
   Index Searches: 1
   Prefetch: distance=2.444 count=196 stalls=2803 skipped=846 resets=0 ungets=0 forwarded=0
             histogram [2,4) => 161, [4,8) => 35
   Buffers: shared hit=3011 read=201
 Settings: enable_bitmapscan = 'off', enable_seqscan = 'off', max_parallel_workers_per_gather = '0'
 Planning:
   Buffers: shared hit=86 read=26
 Planning Time: 2.082 ms
 Execution Time: 9.312 ms
(12 rows)

SET
SET
SET
SET
SET
                                             QUERY PLAN                                             
----------------------------------------------------------------------------------------------------
 Index Scan using idx on public.t (actual rows=4096.00 loops=1)
   Output: a, b
   Index Cond: ((t.a >= 24505) AND (t.a <= 26552))
   Index Searches: 1
   Buffers: shared hit=3212
 Settings: enable_bitmapscan = 'off', enable_seqscan = 'off', max_parallel_workers_per_gather = '0'
 Planning:
   Buffers: shared hit=117
 Planning Time: 0.191 ms
 Execution Time: 0.789 ms
(10 rows)

