SET
SET
SET
SET
SET
                                                               QUERY PLAN                                                               
----------------------------------------------------------------------------------------------------------------------------------------
 Index Scan using idx on public.t (actual rows=4096.00 loops=1)
   Output: a, b
   Index Cond: ((t.a >= 9768) AND (t.a <= 9895))
   Index Searches: 1
   Prefetch: distance=19.871 count=70 stalls=3 skipped=2954 resets=0 ungets=3 forwarded=18
             histogram [2,4) => 9, [4,8) => 27, [8,16) => 13, [16,32) => 8, [32,64) => 9, [64,128) => 1, [128,256) => 1, [256,512) => 2
   Buffers: shared hit=57 read=46
 Settings: enable_bitmapscan = 'off', enable_seqscan = 'off', max_parallel_workers_per_gather = '0'
 Planning:
   Buffers: shared hit=78 read=23
 Planning Time: 1.218 ms
 Execution Time: 1.185 ms
(12 rows)

SET
SET
SET
SET
SET
                                             QUERY PLAN                                             
----------------------------------------------------------------------------------------------------
 Index Scan using idx on public.t (actual rows=4096.00 loops=1)
   Output: a, b
   Index Cond: ((t.a >= 9768) AND (t.a <= 9895))
   Index Searches: 1
   Buffers: shared hit=103
 Settings: enable_bitmapscan = 'off', enable_seqscan = 'off', max_parallel_workers_per_gather = '0'
 Planning:
   Buffers: shared hit=106
 Planning Time: 0.174 ms
 Execution Time: 0.221 ms
(10 rows)

