SET
SET
SET
SET
SET
                                                                  QUERY PLAN                                                                   
-----------------------------------------------------------------------------------------------------------------------------------------------
 Index Scan using idx on public.t (actual rows=65536.00 loops=1)
   Output: a, b
   Index Cond: ((t.a >= 7786) AND (t.a <= 40553))
   Index Searches: 1
   Prefetch: distance=256.079 count=52283 stalls=1 skipped=13733 resets=0 ungets=552 forwarded=738
             histogram [2,4) => 2, [4,8) => 8, [8,16) => 9, [16,32) => 12, [32,64) => 3, [64,128) => 3, [128,256) => 19213, [256,512) => 33033
   Buffers: shared hit=50632 read=1329
 Settings: enable_bitmapscan = 'off', enable_seqscan = 'off', max_parallel_workers_per_gather = '0'
 Planning:
   Buffers: shared hit=86 read=26
 Planning Time: 2.064 ms
 Execution Time: 35.852 ms
(12 rows)

SET
SET
SET
SET
SET
                                             QUERY PLAN                                             
----------------------------------------------------------------------------------------------------
 Index Scan using idx on public.t (actual rows=65536.00 loops=1)
   Output: a, b
   Index Cond: ((t.a >= 7786) AND (t.a <= 40553))
   Index Searches: 1
   Buffers: shared hit=51974
 Settings: enable_bitmapscan = 'off', enable_seqscan = 'off', max_parallel_workers_per_gather = '0'
 Planning:
   Buffers: shared hit=117
 Planning Time: 0.203 ms
 Execution Time: 8.984 ms
(10 rows)

