SET
SET
SET
SET
SET
                                                                    QUERY PLAN                                                                     
---------------------------------------------------------------------------------------------------------------------------------------------------
 Index Scan using idx on public.t (actual rows=1048576.00 loops=1)
   Output: a, b
   Index Cond: ((t.a >= 25764) AND (t.a <= 550051))
   Index Searches: 1
   Prefetch: distance=255.867 count=835919 stalls=1 skipped=219763 resets=0 ungets=7230 forwarded=11128
             histogram [2,4) => 2, [4,8) => 7, [8,16) => 5, [16,32) => 18, [32,64) => 20, [64,128) => 65, [128,256) => 312942, [256,512) => 522860
   Buffers: shared hit=812141 read=19377
 Settings: enable_bitmapscan = 'off', enable_seqscan = 'off', max_parallel_workers_per_gather = '0'
 Planning:
   Buffers: shared hit=82 read=26
 Planning Time: 2.051 ms
 Execution Time: 479.990 ms
(12 rows)

SET
SET
SET
SET
SET
                                             QUERY PLAN                                             
----------------------------------------------------------------------------------------------------
 Index Scan using idx on public.t (actual rows=1048576.00 loops=1)
   Output: a, b
   Index Cond: ((t.a >= 25764) AND (t.a <= 550051))
   Index Searches: 1
   Buffers: shared hit=831658
 Settings: enable_bitmapscan = 'off', enable_seqscan = 'off', max_parallel_workers_per_gather = '0'
 Planning:
   Buffers: shared hit=113
 Planning Time: 0.196 ms
 Execution Time: 150.033 ms
(10 rows)

