SET
SET
SET
SET
SET
                                                                      QUERY PLAN                                                                      
------------------------------------------------------------------------------------------------------------------------------------------------------
 Index Scan using idx on public.t (actual rows=2048576.00 loops=1)
   Output: a, b
   Index Cond: ((t.a >= 7047) AND (t.a <= 1031334))
   Index Searches: 1
   Prefetch: distance=255.923 count=1633036 stalls=2 skipped=429927 resets=0 ungets=14498 forwarded=21871
             histogram [2,4) => 6, [4,8) => 14, [8,16) => 10, [16,32) => 15, [32,64) => 29, [64,128) => 69, [128,256) => 609695, [256,512) => 1023198
   Buffers: shared hit=1586211 read=37732
 Settings: enable_bitmapscan = 'off', enable_seqscan = 'off', max_parallel_workers_per_gather = '0'
 Planning:
   Buffers: shared hit=82 read=26
 Planning Time: 2.058 ms
 Execution Time: 912.799 ms
(12 rows)

SET
SET
SET
SET
SET
                                             QUERY PLAN                                             
----------------------------------------------------------------------------------------------------
 Index Scan using idx on public.t (actual rows=2048576.00 loops=1)
   Output: a, b
   Index Cond: ((t.a >= 7047) AND (t.a <= 1031334))
   Index Searches: 1
   Buffers: shared hit=1624226
 Settings: enable_bitmapscan = 'off', enable_seqscan = 'off', max_parallel_workers_per_gather = '0'
 Planning:
   Buffers: shared hit=113
 Planning Time: 0.193 ms
 Execution Time: 299.675 ms
(10 rows)

