SET
SET
SET
SET
SET
                                                                       QUERY PLAN                                                                       
--------------------------------------------------------------------------------------------------------------------------------------------------------
 Index Scan using idx on public.t (actual rows=8048576.00 loops=1)
   Output: a, b
   Index Cond: ((t.a >= 31711) AND (t.a <= 4055998))
   Index Searches: 1
   Prefetch: distance=255.837 count=6415482 stalls=1 skipped=1690077 resets=0 ungets=57173 forwarded=85771
             histogram [2,4) => 6, [4,8) => 18, [8,16) => 31, [16,32) => 17, [32,64) => 29, [64,128) => 591, [128,256) => 2399443, [256,512) => 4015347
   Buffers: shared hit=6231534 read=147877
 Settings: enable_bitmapscan = 'off', enable_seqscan = 'off', max_parallel_workers_per_gather = '0'
 Planning:
   Buffers: shared hit=82 read=26
 Planning Time: 2.064 ms
 Execution Time: 3609.605 ms
(12 rows)

SET
SET
SET
SET
SET
                                             QUERY PLAN                                             
----------------------------------------------------------------------------------------------------
 Index Scan using idx on public.t (actual rows=8048576.00 loops=1)
   Output: a, b
   Index Cond: ((t.a >= 31711) AND (t.a <= 4055998))
   Index Searches: 1
   Buffers: shared hit=6380466
 Settings: enable_bitmapscan = 'off', enable_seqscan = 'off', max_parallel_workers_per_gather = '0'
 Planning:
   Buffers: shared hit=113
 Planning Time: 0.232 ms
 Execution Time: 1172.024 ms
(10 rows)

