SET
SET
SET
SET
SET
                                                                QUERY PLAN                                                                 
-------------------------------------------------------------------------------------------------------------------------------------------
 Index Scan using idx on public.t (actual rows=8192.00 loops=1)
   Output: a, b
   Index Cond: ((t.a >= 10255) AND (t.a <= 10510))
   Index Searches: 1
   Prefetch: distance=211.388 count=289 stalls=7 skipped=7968 resets=0 ungets=103 forwarded=136
             histogram [2,4) => 14, [4,8) => 22, [8,16) => 12, [16,32) => 9, [32,64) => 7, [64,128) => 1, [128,256) => 4, [256,512) => 220
   Buffers: shared hit=117 read=89
 Settings: enable_bitmapscan = 'off', enable_seqscan = 'off', max_parallel_workers_per_gather = '0'
 Planning:
   Buffers: shared hit=78 read=23
 Planning Time: 1.126 ms
 Execution Time: 1.386 ms
(12 rows)

SET
SET
SET
SET
SET
                                             QUERY PLAN                                             
----------------------------------------------------------------------------------------------------
 Index Scan using idx on public.t (actual rows=8192.00 loops=1)
   Output: a, b
   Index Cond: ((t.a >= 10255) AND (t.a <= 10510))
   Index Searches: 1
   Buffers: shared hit=207
 Settings: enable_bitmapscan = 'off', enable_seqscan = 'off', max_parallel_workers_per_gather = '0'
 Planning:
   Buffers: shared hit=106
 Planning Time: 0.177 ms
 Execution Time: 0.421 ms
(10 rows)

