SET
SET
SET
SET
SET
                                                                QUERY PLAN                                                                
------------------------------------------------------------------------------------------------------------------------------------------
 Index Scan using idx on public.t (actual rows=16384.00 loops=1)
   Output: a, b
   Index Cond: ((t.a >= 18884) AND (t.a <= 19395))
   Index Searches: 1
   Prefetch: distance=239.509 count=568 stalls=1 skipped=15425 resets=0 ungets=224 forwarded=329
             histogram [2,4) => 2, [4,8) => 40, [8,16) => 14, [16,32) => 9, [32,64) => 2, [64,128) => 6, [128,256) => 1, [256,512) => 494
   Buffers: shared hit=200 read=173
 Settings: enable_bitmapscan = 'off', enable_seqscan = 'off', max_parallel_workers_per_gather = '0'
 Planning:
   Buffers: shared hit=78 read=23
 Planning Time: 1.265 ms
 Execution Time: 2.307 ms
(12 rows)

SET
SET
SET
SET
SET
                                             QUERY PLAN                                             
----------------------------------------------------------------------------------------------------
 Index Scan using idx on public.t (actual rows=16384.00 loops=1)
   Output: a, b
   Index Cond: ((t.a >= 18884) AND (t.a <= 19395))
   Index Searches: 1
   Buffers: shared hit=378
 Settings: enable_bitmapscan = 'off', enable_seqscan = 'off', max_parallel_workers_per_gather = '0'
 Planning:
   Buffers: shared hit=106
 Planning Time: 0.136 ms
 Execution Time: 0.655 ms
(10 rows)

