SET
SET
SET
SET
SET
                                                                QUERY PLAN                                                                
------------------------------------------------------------------------------------------------------------------------------------------
 Index Scan using idx on public.t (actual rows=32768.00 loops=1)
   Output: a, b
   Index Cond: ((t.a >= 2206) AND (t.a <= 3229))
   Index Searches: 1
   Prefetch: distance=264.097 count=1205 stalls=5 skipped=30953 resets=0 ungets=514 forwarded=719
             histogram [2,4) => 6, [4,8) => 7, [8,16) => 8, [16,32) => 10, [32,64) => 3, [64,128) => 3, [128,256) => 1, [256,512) => 1167
   Buffers: shared hit=410 read=337
 Settings: enable_bitmapscan = 'off', enable_seqscan = 'off', max_parallel_workers_per_gather = '0'
 Planning:
   Buffers: shared hit=78 read=27
 Planning Time: 1.767 ms
 Execution Time: 3.716 ms
(12 rows)

SET
SET
SET
SET
SET
                                             QUERY PLAN                                             
----------------------------------------------------------------------------------------------------
 Index Scan using idx on public.t (actual rows=32768.00 loops=1)
   Output: a, b
   Index Cond: ((t.a >= 2206) AND (t.a <= 3229))
   Index Searches: 1
   Buffers: shared hit=756
 Settings: enable_bitmapscan = 'off', enable_seqscan = 'off', max_parallel_workers_per_gather = '0'
 Planning:
   Buffers: shared hit=110
 Planning Time: 0.195 ms
 Execution Time: 1.587 ms
(10 rows)

