SET
SET
SET
SET
SET
                                                                QUERY PLAN                                                                
------------------------------------------------------------------------------------------------------------------------------------------
 Index Scan using idx on public.t (actual rows=65536.00 loops=1)
   Output: a, b
   Index Cond: ((t.a >= 14811) AND (t.a <= 16858))
   Index Searches: 1
   Prefetch: distance=266.165 count=2505 stalls=1 skipped=63066 resets=0 ungets=1088 forwarded=1495
             histogram [2,4) => 2, [4,8) => 25, [8,16) => 7, [16,32) => 9, [32,64) => 9, [64,128) => 5, [128,256) => 5, [256,512) => 2443
   Buffers: shared hit=816 read=675
 Settings: enable_bitmapscan = 'off', enable_seqscan = 'off', max_parallel_workers_per_gather = '0'
 Planning:
   Buffers: shared hit=78 read=23
 Planning Time: 1.741 ms
 Execution Time: 6.362 ms
(12 rows)

SET
SET
SET
SET
SET
                                             QUERY PLAN                                             
----------------------------------------------------------------------------------------------------
 Index Scan using idx on public.t (actual rows=65536.00 loops=1)
   Output: a, b
   Index Cond: ((t.a >= 14811) AND (t.a <= 16858))
   Index Searches: 1
   Buffers: shared hit=1506
 Settings: enable_bitmapscan = 'off', enable_seqscan = 'off', max_parallel_workers_per_gather = '0'
 Planning:
   Buffers: shared hit=106
 Planning Time: 0.144 ms
 Execution Time: 2.378 ms
(10 rows)

