SET
SET
SET
SET
SET
                                                                 QUERY PLAN                                                                  
---------------------------------------------------------------------------------------------------------------------------------------------
 Index Scan using idx on public.t (actual rows=131072.00 loops=1)
   Output: a, b
   Index Cond: ((t.a >= 11785) AND (t.a <= 15880))
   Index Searches: 1
   Prefetch: distance=268.004 count=5113 stalls=8 skipped=127808 resets=0 ungets=2232 forwarded=3009
             histogram [2,4) => 19, [4,8) => 30, [8,16) => 10, [16,32) => 17, [32,64) => 1, [64,128) => 1, [128,256) => 4, [256,512) => 5031
   Buffers: shared hit=1639 read=1346
 Settings: enable_bitmapscan = 'off', enable_seqscan = 'off', max_parallel_workers_per_gather = '0'
 Planning:
   Buffers: shared hit=78 read=23
 Planning Time: 1.726 ms
 Execution Time: 10.721 ms
(12 rows)

SET
SET
SET
SET
SET
                                             QUERY PLAN                                             
----------------------------------------------------------------------------------------------------
 Index Scan using idx on public.t (actual rows=131072.00 loops=1)
   Output: a, b
   Index Cond: ((t.a >= 11785) AND (t.a <= 15880))
   Index Searches: 1
   Buffers: shared hit=3021
 Settings: enable_bitmapscan = 'off', enable_seqscan = 'off', max_parallel_workers_per_gather = '0'
 Planning:
   Buffers: shared hit=106
 Planning Time: 0.190 ms
 Execution Time: 5.783 ms
(10 rows)

