SET
SET
SET
SET
SET
                                                                 QUERY PLAN                                                                 
--------------------------------------------------------------------------------------------------------------------------------------------
 Index Scan using idx on public.t (actual rows=262144.00 loops=1)
   Output: a, b
   Index Cond: ((t.a >= 4032) AND (t.a <= 12223))
   Index Searches: 1
   Prefetch: distance=271.118 count=10329 stalls=3 skipped=255450 resets=0 ungets=4565 forwarded=6149
             histogram [2,4) => 2, [4,8) => 7, [8,16) => 12, [16,32) => 12, [32,64) => 1, [64,128) => 1, [128,256) => 8, [256,512) => 10286
   Buffers: shared hit=3266 read=2688
 Settings: enable_bitmapscan = 'off', enable_seqscan = 'off', max_parallel_workers_per_gather = '0'
 Planning:
   Buffers: shared hit=78 read=23
 Planning Time: 1.725 ms
 Execution Time: 18.710 ms
(12 rows)

SET
SET
SET
SET
SET
                                             QUERY PLAN                                             
----------------------------------------------------------------------------------------------------
 Index Scan using idx on public.t (actual rows=262144.00 loops=1)
   Output: a, b
   Index Cond: ((t.a >= 4032) AND (t.a <= 12223))
   Index Searches: 1
   Buffers: shared hit=6028
 Settings: enable_bitmapscan = 'off', enable_seqscan = 'off', max_parallel_workers_per_gather = '0'
 Planning:
   Buffers: shared hit=106
 Planning Time: 0.155 ms
 Execution Time: 9.737 ms
(10 rows)

