SET
SET
SET
SET
SET
                                                                QUERY PLAN                                                                
------------------------------------------------------------------------------------------------------------------------------------------
 Index Scan Backward using idx on public.t (actual rows=512.00 loops=1)
   Output: a, b
   Index Cond: ((t.a >= 11214) AND (t.a <= 11469))
   Index Searches: 1
   Prefetch: distance=248.962 count=448 stalls=4 skipped=98 resets=0 ungets=85 forwarded=0
             histogram [2,4) => 6, [4,8) => 4, [8,16) => 6, [16,32) => 12, [32,64) => 5, [64,128) => 2, [128,256) => 17, [256,512) => 396
   Buffers: shared hit=286 read=128
 Settings: enable_bitmapscan = 'off', enable_seqscan = 'off', max_parallel_workers_per_gather = '0'
 Planning:
   Buffers: shared hit=82 read=26
 Planning Time: 1.452 ms
 Execution Time: 4.655 ms
(12 rows)

SET
SET
SET
SET
SET
                                             QUERY PLAN                                             
----------------------------------------------------------------------------------------------------
 Index Scan Backward using idx on public.t (actual rows=512.00 loops=1)
   Output: a, b
   Index Cond: ((t.a >= 11214) AND (t.a <= 11469))
   Index Searches: 1
   Buffers: shared hit=414
 Settings: enable_bitmapscan = 'off', enable_seqscan = 'off', max_parallel_workers_per_gather = '0'
 Planning:
   Buffers: shared hit=113
 Planning Time: 0.142 ms
 Execution Time: 0.197 ms
(10 rows)

