SET
SET
SET
SET
SET
                                                                 QUERY PLAN                                                                  
---------------------------------------------------------------------------------------------------------------------------------------------
 Index Scan using idx on public.t (actual rows=524288.00 loops=1)
   Output: a, b
   Index Cond: ((t.a >= 9455) AND (t.a <= 25838))
   Index Searches: 1
   Prefetch: distance=271.296 count=20668 stalls=3 skipped=511753 resets=0 ungets=9127 forwarded=12283
             histogram [2,4) => 2, [4,8) => 27, [8,16) => 12, [16,32) => 13, [32,64) => 1, [64,128) => 1, [128,256) => 3, [256,512) => 20609
   Buffers: shared hit=6525 read=5373
 Settings: enable_bitmapscan = 'off', enable_seqscan = 'off', max_parallel_workers_per_gather = '0'
 Planning:
   Buffers: shared hit=78 read=23
 Planning Time: 1.741 ms
 Execution Time: 35.650 ms
(12 rows)

SET
SET
SET
SET
SET
                                             QUERY PLAN                                             
----------------------------------------------------------------------------------------------------
 Index Scan using idx on public.t (actual rows=524288.00 loops=1)
   Output: a, b
   Index Cond: ((t.a >= 9455) AND (t.a <= 25838))
   Index Searches: 1
   Buffers: shared hit=12041
 Settings: enable_bitmapscan = 'off', enable_seqscan = 'off', max_parallel_workers_per_gather = '0'
 Planning:
   Buffers: shared hit=106
 Planning Time: 0.192 ms
 Execution Time: 21.538 ms
(10 rows)

