SET
SET
SET
SET
SET
                                                                QUERY PLAN                                                                 
-------------------------------------------------------------------------------------------------------------------------------------------
 Index Scan Backward using idx on public.t (actual rows=256.00 loops=1)
   Output: a, b
   Index Cond: ((t.a >= 26922) AND (t.a <= 27049))
   Index Searches: 1
   Prefetch: distance=101.688 count=112 stalls=7 skipped=36 resets=0 ungets=6 forwarded=1
             histogram [2,4) => 18, [4,8) => 14, [8,16) => 10, [16,32) => 9, [32,64) => 22, [64,128) => 2, [128,256) => 5, [256,512) => 32
   Buffers: shared hit=104 read=108
 Settings: enable_bitmapscan = 'off', enable_seqscan = 'off', max_parallel_workers_per_gather = '0'
 Planning:
   Buffers: shared hit=82 read=26
 Planning Time: 1.463 ms
 Execution Time: 4.889 ms
(12 rows)

SET
SET
SET
SET
SET
                                             QUERY PLAN                                             
----------------------------------------------------------------------------------------------------
 Index Scan Backward using idx on public.t (actual rows=256.00 loops=1)
   Output: a, b
   Index Cond: ((t.a >= 26922) AND (t.a <= 27049))
   Index Searches: 1
   Buffers: shared hit=212
 Settings: enable_bitmapscan = 'off', enable_seqscan = 'off', max_parallel_workers_per_gather = '0'
 Planning:
   Buffers: shared hit=113
 Planning Time: 0.187 ms
 Execution Time: 0.212 ms
(10 rows)

