SET
SET
SET
SET
SET
                                                                     QUERY PLAN                                                                     
----------------------------------------------------------------------------------------------------------------------------------------------------
 Index Scan Backward using idx on public.t (actual rows=262144.00 loops=1)
   Output: a, b
   Index Cond: ((t.a >= 32767) AND (t.a <= 163838))
   Index Searches: 1
   Prefetch: distance=253.523 count=208043 stalls=1 skipped=54880 resets=0 ungets=909 forwarded=37
             histogram [2,4) => 2, [4,8) => 16, [8,16) => 13, [16,32) => 16, [32,64) => 13, [64,128) => 26, [128,256) => 87598, [256,512) => 120359
   Buffers: shared hit=203015 read=4940
 Settings: enable_bitmapscan = 'off', enable_seqscan = 'off', max_parallel_workers_per_gather = '0'
 Planning:
   Buffers: shared hit=78 read=26
 Planning Time: 2.070 ms
 Execution Time: 116.707 ms
(12 rows)

SET
SET
SET
SET
SET
                                             QUERY PLAN                                             
----------------------------------------------------------------------------------------------------
 Index Scan Backward using idx on public.t (actual rows=262144.00 loops=1)
   Output: a, b
   Index Cond: ((t.a >= 32767) AND (t.a <= 163838))
   Index Searches: 1
   Buffers: shared hit=207956
 Settings: enable_bitmapscan = 'off', enable_seqscan = 'off', max_parallel_workers_per_gather = '0'
 Planning:
   Buffers: shared hit=109
 Planning Time: 0.220 ms
 Execution Time: 35.736 ms
(10 rows)

