SET
SET
SET
SET
SET
                                                                 QUERY PLAN                                                                  
---------------------------------------------------------------------------------------------------------------------------------------------
 Index Scan using idx on public.t (actual rows=1048576.00 loops=1)
   Output: a, b
   Index Cond: ((t.a >= 30047) AND (t.a <= 62814))
   Index Searches: 1
   Prefetch: distance=271.649 count=41390 stalls=2 skipped=1024764 resets=0 ungets=18187 forwarded=24466
             histogram [2,4) => 4, [4,8) => 23, [8,16) => 12, [16,32) => 11, [32,64) => 1, [64,128) => 6, [128,256) => 1, [256,512) => 41332
   Buffers: shared hit=13050 read=10740
 Settings: enable_bitmapscan = 'off', enable_seqscan = 'off', max_parallel_workers_per_gather = '0'
 Planning:
   Buffers: shared hit=78 read=23
 Planning Time: 1.734 ms
 Execution Time: 67.706 ms
(12 rows)

SET
SET
SET
SET
SET
                                             QUERY PLAN                                             
----------------------------------------------------------------------------------------------------
 Index Scan using idx on public.t (actual rows=1048576.00 loops=1)
   Output: a, b
   Index Cond: ((t.a >= 30047) AND (t.a <= 62814))
   Index Searches: 1
   Buffers: shared hit=24161
 Settings: enable_bitmapscan = 'off', enable_seqscan = 'off', max_parallel_workers_per_gather = '0'
 Planning:
   Buffers: shared hit=106
 Planning Time: 0.169 ms
 Execution Time: 42.019 ms
(10 rows)

