SET
SET
SET
SET
SET
                                                                    QUERY PLAN                                                                    
--------------------------------------------------------------------------------------------------------------------------------------------------
 Index Scan Backward using idx on public.t (actual rows=1048576.00 loops=1)
   Output: a, b
   Index Cond: ((t.a >= 16713) AND (t.a <= 541000))
   Index Searches: 1
   Prefetch: distance=253.187 count=832405 stalls=1 skipped=219796 resets=0 ungets=3655 forwarded=133
             histogram [2,4) => 2, [4,8) => 5, [8,16) => 8, [16,32) => 9, [32,64) => 5, [64,128) => 117, [128,256) => 355749, [256,512) => 476510
   Buffers: shared hit=812266 read=19375
 Settings: enable_bitmapscan = 'off', enable_seqscan = 'off', max_parallel_workers_per_gather = '0'
 Planning:
   Buffers: shared hit=78 read=26
 Planning Time: 2.058 ms
 Execution Time: 453.959 ms
(12 rows)

SET
SET
SET
SET
SET
                                             QUERY PLAN                                             
----------------------------------------------------------------------------------------------------
 Index Scan Backward using idx on public.t (actual rows=1048576.00 loops=1)
   Output: a, b
   Index Cond: ((t.a >= 16713) AND (t.a <= 541000))
   Index Searches: 1
   Buffers: shared hit=831643
 Settings: enable_bitmapscan = 'off', enable_seqscan = 'off', max_parallel_workers_per_gather = '0'
 Planning:
   Buffers: shared hit=109
 Planning Time: 0.207 ms
 Execution Time: 151.504 ms
(10 rows)

