SET
SET
SET
SET
SET
                                                                   QUERY PLAN                                                                   
------------------------------------------------------------------------------------------------------------------------------------------------
 Index Scan Backward using idx on public.t (actual rows=8192.00 loops=1)
   Output: a, b
   Index Cond: ((t.a >= 26208) AND (t.a <= 30303))
   Index Searches: 1
   Prefetch: distance=252.472 count=6517 stalls=1 skipped=1711 resets=0 ungets=108 forwarded=1
             histogram [2,4) => 10, [4,8) => 12, [8,16) => 6, [16,32) => 16, [32,64) => 15, [64,128) => 2, [128,256) => 2651, [256,512) => 3805
   Buffers: shared hit=6213 read=279
 Settings: enable_bitmapscan = 'off', enable_seqscan = 'off', max_parallel_workers_per_gather = '0'
 Planning:
   Buffers: shared hit=82 read=26
 Planning Time: 2.073 ms
 Execution Time: 9.282 ms
(12 rows)

SET
SET
SET
SET
SET
                                             QUERY PLAN                                             
----------------------------------------------------------------------------------------------------
 Index Scan Backward using idx on public.t (actual rows=8192.00 loops=1)
   Output: a, b
   Index Cond: ((t.a >= 26208) AND (t.a <= 30303))
   Index Searches: 1
   Buffers: shared hit=6492
 Settings: enable_bitmapscan = 'off', enable_seqscan = 'off', max_parallel_workers_per_gather = '0'
 Planning:
   Buffers: shared hit=113
 Planning Time: 0.202 ms
 Execution Time: 1.447 ms
(10 rows)

