SET
SET
SET
SET
SET
                                                                     QUERY PLAN                                                                     
----------------------------------------------------------------------------------------------------------------------------------------------------
 Index Scan Backward using idx on public.t (actual rows=2048576.00 loops=1)
   Output: a, b
   Index Cond: ((t.a >= 17398) AND (t.a <= 1041685))
   Index Searches: 1
   Prefetch: distance=253.178 count=1625364 stalls=1 skipped=429932 resets=0 ungets=6844 forwarded=245
             histogram [2,4) => 4, [4,8) => 6, [8,16) => 6, [16,32) => 15, [32,64) => 15, [64,128) => 162, [128,256) => 694361, [256,512) => 930795
   Buffers: shared hit=1586493 read=37729
 Settings: enable_bitmapscan = 'off', enable_seqscan = 'off', max_parallel_workers_per_gather = '0'
 Planning:
   Buffers: shared hit=78 read=26
 Planning Time: 2.071 ms
 Execution Time: 880.416 ms
(12 rows)

SET
SET
SET
SET
SET
                                             QUERY PLAN                                             
----------------------------------------------------------------------------------------------------
 Index Scan Backward using idx on public.t (actual rows=2048576.00 loops=1)
   Output: a, b
   Index Cond: ((t.a >= 17398) AND (t.a <= 1041685))
   Index Searches: 1
   Buffers: shared hit=1624224
 Settings: enable_bitmapscan = 'off', enable_seqscan = 'off', max_parallel_workers_per_gather = '0'
 Planning:
   Buffers: shared hit=109
 Planning Time: 0.206 ms
 Execution Time: 295.750 ms
(10 rows)

