SET
SET
SET
SET
SET
                                                                    QUERY PLAN                                                                     
---------------------------------------------------------------------------------------------------------------------------------------------------
 Index Scan Backward using idx on public.t (actual rows=524288.00 loops=1)
   Output: a, b
   Index Cond: ((t.a >= 22759) AND (t.a <= 284902))
   Index Searches: 1
   Prefetch: distance=253.404 count=416069 stalls=1 skipped=110116 resets=0 ungets=1913 forwarded=65
             histogram [2,4) => 2, [4,8) => 3, [8,16) => 10, [16,32) => 11, [32,64) => 2, [64,128) => 70, [128,256) => 175130, [256,512) => 240841
   Buffers: shared hit=405857 read=9750
 Settings: enable_bitmapscan = 'off', enable_seqscan = 'off', max_parallel_workers_per_gather = '0'
 Planning:
   Buffers: shared hit=78 read=26
 Planning Time: 2.061 ms
 Execution Time: 229.954 ms
(12 rows)

SET
SET
SET
SET
SET
                                             QUERY PLAN                                             
----------------------------------------------------------------------------------------------------
 Index Scan Backward using idx on public.t (actual rows=524288.00 loops=1)
   Output: a, b
   Index Cond: ((t.a >= 22759) AND (t.a <= 284902))
   Index Searches: 1
   Buffers: shared hit=415607
 Settings: enable_bitmapscan = 'off', enable_seqscan = 'off', max_parallel_workers_per_gather = '0'
 Planning:
   Buffers: shared hit=109
 Planning Time: 0.222 ms
 Execution Time: 74.267 ms
(10 rows)

