SET
SET
SET
SET
SET
                                                                 QUERY PLAN                                                                  
---------------------------------------------------------------------------------------------------------------------------------------------
 Index Scan using idx on public.t (actual rows=2048576.00 loops=1)
   Output: a, b
   Index Cond: ((t.a >= 26201) AND (t.a <= 90218))
   Index Searches: 1
   Prefetch: distance=271.816 count=81407 stalls=3 skipped=2002714 resets=0 ungets=36027 forwarded=48328
             histogram [2,4) => 8, [4,8) => 19, [8,16) => 11, [16,32) => 14, [32,64) => 1, [64,128) => 4, [128,256) => 1, [256,512) => 81349
   Buffers: shared hit=25676 read=20979
 Settings: enable_bitmapscan = 'off', enable_seqscan = 'off', max_parallel_workers_per_gather = '0'
 Planning:
   Buffers: shared hit=78 read=23
 Planning Time: 1.731 ms
 Execution Time: 132.546 ms
(12 rows)

SET
SET
SET
SET
SET
                                             QUERY PLAN                                             
----------------------------------------------------------------------------------------------------
 Index Scan using idx on public.t (actual rows=2048576.00 loops=1)
   Output: a, b
   Index Cond: ((t.a >= 26201) AND (t.a <= 90218))
   Index Searches: 1
   Buffers: shared hit=47230
 Settings: enable_bitmapscan = 'off', enable_seqscan = 'off', max_parallel_workers_per_gather = '0'
 Planning:
   Buffers: shared hit=106
 Planning Time: 0.172 ms
 Execution Time: 82.189 ms
(10 rows)

