SET
SET
SET
SET
SET
                                                                      QUERY PLAN                                                                       
-------------------------------------------------------------------------------------------------------------------------------------------------------
 Index Scan Backward using idx on public.t (actual rows=6048576.00 loops=1)
   Output: a, b
   Index Cond: ((t.a >= 15231) AND (t.a <= 3039518))
   Index Searches: 1
   Prefetch: distance=253.086 count=4798263 stalls=1 skipped=1269496 resets=0 ungets=19249 forwarded=693
             histogram [2,4) => 2, [4,8) => 5, [8,16) => 6, [16,32) => 15, [32,64) => 23, [64,128) => 1402, [128,256) => 2054668, [256,512) => 2742142
   Buffers: shared hit=4684436 read=111156
 Settings: enable_bitmapscan = 'off', enable_seqscan = 'off', max_parallel_workers_per_gather = '0'
 Planning:
   Buffers: shared hit=78 read=26
 Planning Time: 2.051 ms
 Execution Time: 2572.088 ms
(12 rows)

SET
SET
SET
SET
SET
                                             QUERY PLAN                                             
----------------------------------------------------------------------------------------------------
 Index Scan Backward using idx on public.t (actual rows=6048576.00 loops=1)
   Output: a, b
   Index Cond: ((t.a >= 15231) AND (t.a <= 3039518))
   Index Searches: 1
   Buffers: shared hit=4795600
 Settings: enable_bitmapscan = 'off', enable_seqscan = 'off', max_parallel_workers_per_gather = '0'
 Planning:
   Buffers: shared hit=109
 Planning Time: 0.224 ms
 Execution Time: 866.984 ms
(10 rows)

