SET
SET
SET
SET
SET
                                                                  QUERY PLAN                                                                   
-----------------------------------------------------------------------------------------------------------------------------------------------
 Index Scan using idx on public.t (actual rows=3048576.00 loops=1)
   Output: a, b
   Index Cond: ((t.a >= 30251) AND (t.a <= 125518))
   Index Searches: 1
   Prefetch: distance=271.677 count=120020 stalls=21 skipped=2980325 resets=0 ungets=52653 forwarded=70878
             histogram [2,4) => 39, [4,8) => 77, [8,16) => 12, [16,32) => 12, [32,64) => 4, [64,128) => 1, [128,256) => 1, [256,512) => 119874
   Buffers: shared hit=37737 read=31218
 Settings: enable_bitmapscan = 'off', enable_seqscan = 'off', max_parallel_workers_per_gather = '0'
 Planning:
   Buffers: shared hit=78 read=23
 Planning Time: 1.745 ms
 Execution Time: 188.500 ms
(12 rows)

SET
SET
SET
SET
SET
                                             QUERY PLAN                                             
----------------------------------------------------------------------------------------------------
 Index Scan using idx on public.t (actual rows=3048576.00 loops=1)
   Output: a, b
   Index Cond: ((t.a >= 30251) AND (t.a <= 125518))
   Index Searches: 1
   Buffers: shared hit=70128
 Settings: enable_bitmapscan = 'off', enable_seqscan = 'off', max_parallel_workers_per_gather = '0'
 Planning:
   Buffers: shared hit=106
 Planning Time: 0.195 ms
 Execution Time: 112.723 ms
(10 rows)

