SET
SET
SET
SET
SET
                                                                  QUERY PLAN                                                                  
----------------------------------------------------------------------------------------------------------------------------------------------
 Index Scan using idx on public.t (actual rows=6048576.00 loops=1)
   Output: a, b
   Index Cond: ((t.a >= 4240) AND (t.a <= 193257))
   Index Searches: 1
   Prefetch: distance=271.894 count=238116 stalls=5 skipped=5914025 resets=0 ungets=104592 forwarded=140960
             histogram [2,4) => 4, [4,8) => 58, [8,16) => 12, [16,32) => 13, [32,64) => 6, [64,128) => 1, [128,256) => 1, [256,512) => 238021
   Buffers: shared hit=74689 read=61933
 Settings: enable_bitmapscan = 'off', enable_seqscan = 'off', max_parallel_workers_per_gather = '0'
 Planning:
   Buffers: shared hit=78 read=23
 Planning Time: 1.779 ms
 Execution Time: 369.668 ms
(12 rows)

SET
SET
SET
SET
SET
                                             QUERY PLAN                                             
----------------------------------------------------------------------------------------------------
 Index Scan using idx on public.t (actual rows=6048576.00 loops=1)
   Output: a, b
   Index Cond: ((t.a >= 4240) AND (t.a <= 193257))
   Index Searches: 1
   Buffers: shared hit=138954
 Settings: enable_bitmapscan = 'off', enable_seqscan = 'off', max_parallel_workers_per_gather = '0'
 Planning:
   Buffers: shared hit=106
 Planning Time: 0.179 ms
 Execution Time: 245.880 ms
(10 rows)

