SET
SET
SET
SET
SET
                                                                  QUERY PLAN                                                                  
----------------------------------------------------------------------------------------------------------------------------------------------
 Index Scan using idx on public.t (actual rows=7048576.00 loops=1)
   Output: a, b
   Index Cond: ((t.a >= 15270) AND (t.a <= 235537))
   Index Searches: 1
   Prefetch: distance=271.940 count=279373 stalls=4 skipped=6892106 resets=0 ungets=123738 forwarded=166680
             histogram [2,4) => 4, [4,8) => 26, [8,16) => 12, [16,32) => 16, [32,64) => 4, [64,128) => 1, [128,256) => 5, [256,512) => 279305
   Buffers: shared hit=87802 read=72171
 Settings: enable_bitmapscan = 'off', enable_seqscan = 'off', max_parallel_workers_per_gather = '0'
 Planning:
   Buffers: shared hit=78 read=23
 Planning Time: 1.748 ms
 Execution Time: 448.089 ms
(12 rows)

SET
SET
SET
SET
SET
                                             QUERY PLAN                                             
----------------------------------------------------------------------------------------------------
 Index Scan using idx on public.t (actual rows=7048576.00 loops=1)
   Output: a, b
   Index Cond: ((t.a >= 15270) AND (t.a <= 235537))
   Index Searches: 1
   Buffers: shared hit=161959
 Settings: enable_bitmapscan = 'off', enable_seqscan = 'off', max_parallel_workers_per_gather = '0'
 Planning:
   Buffers: shared hit=106
 Planning Time: 0.176 ms
 Execution Time: 281.939 ms
(10 rows)

