SET
SET
SET
SET
SET
                                                                    QUERY PLAN                                                                    
--------------------------------------------------------------------------------------------------------------------------------------------------
 Index Scan Backward using idx on public.t (actual rows=32768.00 loops=1)
   Output: a, b
   Index Cond: ((t.a >= 16293) AND (t.a <= 32676))
   Index Searches: 1
   Prefetch: distance=253.844 count=25957 stalls=1 skipped=6876 resets=0 ungets=203 forwarded=2
             histogram [2,4) => 2, [4,8) => 6, [8,16) => 10, [16,32) => 14, [32,64) => 26, [64,128) => 23, [128,256) => 10603, [256,512) => 15273
   Buffers: shared hit=25231 read=725
 Settings: enable_bitmapscan = 'off', enable_seqscan = 'off', max_parallel_workers_per_gather = '0'
 Planning:
   Buffers: shared hit=82 read=26
 Planning Time: 2.061 ms
 Execution Time: 20.301 ms
(12 rows)

SET
SET
SET
SET
SET
                                             QUERY PLAN                                             
----------------------------------------------------------------------------------------------------
 Index Scan Backward using idx on public.t (actual rows=32768.00 loops=1)
   Output: a, b
   Index Cond: ((t.a >= 16293) AND (t.a <= 32676))
   Index Searches: 1
   Buffers: shared hit=25956
 Settings: enable_bitmapscan = 'off', enable_seqscan = 'off', max_parallel_workers_per_gather = '0'
 Planning:
   Buffers: shared hit=113
 Planning Time: 0.197 ms
 Execution Time: 4.828 ms
(10 rows)

