SET
SET
SET
SET
SET
                                                                 QUERY PLAN                                                                  
---------------------------------------------------------------------------------------------------------------------------------------------
 Index Scan Backward using idx on public.t (actual rows=1024.00 loops=1)
   Output: a, b
   Index Cond: ((t.a >= 22332) AND (t.a <= 22843))
   Index Searches: 1
   Prefetch: distance=233.884 count=730 stalls=12 skipped=197 resets=0 ungets=52 forwarded=1
             histogram [2,4) => 6, [4,8) => 15, [8,16) => 24, [16,32) => 14, [32,64) => 26, [64,128) => 8, [128,256) => 85, [256,512) => 552
   Buffers: shared hit=660 read=140
 Settings: enable_bitmapscan = 'off', enable_seqscan = 'off', max_parallel_workers_per_gather = '0'
 Planning:
   Buffers: shared hit=82 read=26
 Planning Time: 2.073 ms
 Execution Time: 4.854 ms
(12 rows)

SET
SET
SET
SET
SET
                                             QUERY PLAN                                             
----------------------------------------------------------------------------------------------------
 Index Scan Backward using idx on public.t (actual rows=1024.00 loops=1)
   Output: a, b
   Index Cond: ((t.a >= 22332) AND (t.a <= 22843))
   Index Searches: 1
   Buffers: shared hit=800
 Settings: enable_bitmapscan = 'off', enable_seqscan = 'off', max_parallel_workers_per_gather = '0'
 Planning:
   Buffers: shared hit=113
 Planning Time: 0.201 ms
 Execution Time: 0.362 ms
(10 rows)

