SET
SET
SET
SET
SET
                                                                   QUERY PLAN                                                                   
------------------------------------------------------------------------------------------------------------------------------------------------
 Index Scan using idx on public.t (actual rows=9048576.00 loops=1)
   Output: a, b
   Index Cond: ((t.a >= 113) AND (t.a <= 282880))
   Index Searches: 1
   Prefetch: distance=271.913 count=356414 stalls=5 skipped=8848092 resets=0 ungets=156830 forwarded=211482
             histogram [2,4) => 16, [4,8) => 63, [8,16) => 11, [16,32) => 11, [32,64) => 12, [64,128) => 1, [128,256) => 1, [256,512) => 356299
   Buffers: shared hit=111832 read=92647
 Settings: enable_bitmapscan = 'off', enable_seqscan = 'off', max_parallel_workers_per_gather = '0'
 Planning:
   Buffers: shared hit=78 read=27
 Planning Time: 1.909 ms
 Execution Time: 562.282 ms
(12 rows)

SET
SET
SET
SET
SET
                                             QUERY PLAN                                             
----------------------------------------------------------------------------------------------------
 Index Scan using idx on public.t (actual rows=9048576.00 loops=1)
   Output: a, b
   Index Cond: ((t.a >= 113) AND (t.a <= 282880))
   Index Searches: 1
   Buffers: shared hit=207696
 Settings: enable_bitmapscan = 'off', enable_seqscan = 'off', max_parallel_workers_per_gather = '0'
 Planning:
   Buffers: shared hit=110
 Planning Time: 0.229 ms
 Execution Time: 385.776 ms
(10 rows)

