SET
SET
SET
SET
SET
                                                                   QUERY PLAN                                                                    
-------------------------------------------------------------------------------------------------------------------------------------------------
 Index Scan Backward using idx on public.t (actual rows=8192.00 loops=1)
   Output: a, b
   Index Cond: ((t.a >= 15360) AND (t.a <= 19455))
   Index Searches: 1
   Prefetch: distance=249.879 count=6377 stalls=30 skipped=1683 resets=0 ungets=71 forwarded=0
             histogram [2,4) => 26, [4,8) => 7, [8,16) => 17, [16,32) => 18, [32,64) => 25, [64,128) => 35, [128,256) => 2647, [256,512) => 3602
   Buffers: shared hit=6228 read=273
 Settings: enable_bitmapscan = 'off', enable_seqscan = 'off', max_parallel_workers_per_gather = '0'
 Planning:
   Buffers: shared hit=82 read=26
 Planning Time: 2.055 ms
 Execution Time: 10.726 ms
(12 rows)

SET
SET
SET
SET
SET
                                             QUERY PLAN                                             
----------------------------------------------------------------------------------------------------
 Index Scan Backward using idx on public.t (actual rows=8192.00 loops=1)
   Output: a, b
   Index Cond: ((t.a >= 15360) AND (t.a <= 19455))
   Index Searches: 1
   Buffers: shared hit=6501
 Settings: enable_bitmapscan = 'off', enable_seqscan = 'off', max_parallel_workers_per_gather = '0'
 Planning:
   Buffers: shared hit=113
 Planning Time: 0.132 ms
 Execution Time: 0.841 ms
(10 rows)

