SET
SET
SET
SET
SET
                                             QUERY PLAN                                             
----------------------------------------------------------------------------------------------------
 Index Scan Backward using idx on public.t (actual rows=512.00 loops=1)
   Output: a, b
   Index Cond: ((t.a >= 2556) AND (t.a <= 2811))
   Index Searches: 1
   Prefetch: distance=2.824 count=91 stalls=180 skipped=80 resets=0 ungets=0 forwarded=1
             histogram [2,4) => 68, [4,8) => 22, [8,16) => 1
   Buffers: shared hit=286 read=119
 Settings: enable_bitmapscan = 'off', enable_seqscan = 'off', max_parallel_workers_per_gather = '0'
 Planning:
   Buffers: shared hit=82 read=26
 Planning Time: 2.037 ms
 Execution Time: 5.882 ms
(12 rows)

SET
SET
SET
SET
SET
                                             QUERY PLAN                                             
----------------------------------------------------------------------------------------------------
 Index Scan Backward using idx on public.t (actual rows=512.00 loops=1)
   Output: a, b
   Index Cond: ((t.a >= 2556) AND (t.a <= 2811))
   Index Searches: 1
   Buffers: shared hit=405
 Settings: enable_bitmapscan = 'off', enable_seqscan = 'off', max_parallel_workers_per_gather = '0'
 Planning:
   Buffers: shared hit=113
 Planning Time: 0.200 ms
 Execution Time: 0.254 ms
(10 rows)

