SET
SET
SET
SET
SET
                                                                       QUERY PLAN                                                                       
--------------------------------------------------------------------------------------------------------------------------------------------------------
 Index Scan Backward using idx on public.t (actual rows=6048576.00 loops=1)
   Output: a, b
   Index Cond: ((t.a >= 24743) AND (t.a <= 3049030))
   Index Searches: 1
   Prefetch: distance=253.079 count=4798214 stalls=2 skipped=1269409 resets=0 ungets=19122 forwarded=694
             histogram [2,4) => 4, [4,8) => 4, [8,16) => 10, [16,32) => 13, [32,64) => 19, [64,128) => 1318, [128,256) => 2056004, [256,512) => 2740842
   Buffers: shared hit=4684515 read=111160
 Settings: enable_bitmapscan = 'off', enable_seqscan = 'off', max_parallel_workers_per_gather = '0'
 Planning:
   Buffers: shared hit=78 read=26
 Planning Time: 2.038 ms
 Execution Time: 2541.143 ms
(12 rows)

SET
SET
SET
SET
SET
                                             QUERY PLAN                                             
----------------------------------------------------------------------------------------------------
 Index Scan Backward using idx on public.t (actual rows=6048576.00 loops=1)
   Output: a, b
   Index Cond: ((t.a >= 24743) AND (t.a <= 3049030))
   Index Searches: 1
   Buffers: shared hit=4795685
 Settings: enable_bitmapscan = 'off', enable_seqscan = 'off', max_parallel_workers_per_gather = '0'
 Planning:
   Buffers: shared hit=109
 Planning Time: 0.223 ms
 Execution Time: 864.983 ms
(10 rows)

