SET
SET
SET
SET
SET
                                                                       QUERY PLAN                                                                       
--------------------------------------------------------------------------------------------------------------------------------------------------------
 Index Scan Backward using idx on public.t (actual rows=7048576.00 loops=1)
   Output: a, b
   Index Cond: ((t.a >= 6625) AND (t.a <= 3530912))
   Index Searches: 1
   Prefetch: distance=253.101 count=5590896 stalls=5 skipped=1479784 resets=0 ungets=22184 forwarded=813
             histogram [2,4) => 8, [4,8) => 5, [8,16) => 10, [16,32) => 10, [32,64) => 25, [64,128) => 1571, [128,256) => 2393382, [256,512) => 3195885
   Buffers: shared hit=5458512 read=129518
 Settings: enable_bitmapscan = 'off', enable_seqscan = 'off', max_parallel_workers_per_gather = '0'
 Planning:
   Buffers: shared hit=78 read=26
 Planning Time: 2.034 ms
 Execution Time: 3016.025 ms
(12 rows)

SET
SET
SET
SET
SET
                                             QUERY PLAN                                             
----------------------------------------------------------------------------------------------------
 Index Scan Backward using idx on public.t (actual rows=7048576.00 loops=1)
   Output: a, b
   Index Cond: ((t.a >= 6625) AND (t.a <= 3530912))
   Index Searches: 1
   Buffers: shared hit=5588042
 Settings: enable_bitmapscan = 'off', enable_seqscan = 'off', max_parallel_workers_per_gather = '0'
 Planning:
   Buffers: shared hit=109
 Planning Time: 0.228 ms
 Execution Time: 1010.170 ms
(10 rows)

