SET
SET
SET
SET
SET
                                                                       QUERY PLAN                                                                       
--------------------------------------------------------------------------------------------------------------------------------------------------------
 Index Scan Backward using idx on public.t (actual rows=8048576.00 loops=1)
   Output: a, b
   Index Cond: ((t.a >= 25108) AND (t.a <= 4049395))
   Index Searches: 1
   Prefetch: distance=253.079 count=6383328 stalls=6 skipped=1690145 resets=0 ungets=24978 forwarded=914
             histogram [2,4) => 8, [4,8) => 13, [8,16) => 6, [16,32) => 14, [32,64) => 37, [64,128) => 1546, [128,256) => 2737274, [256,512) => 3644430
   Buffers: shared hit=6232521 read=147875
 Settings: enable_bitmapscan = 'off', enable_seqscan = 'off', max_parallel_workers_per_gather = '0'
 Planning:
   Buffers: shared hit=78 read=26
 Planning Time: 2.087 ms
 Execution Time: 3417.743 ms
(12 rows)

SET
SET
SET
SET
SET
                                             QUERY PLAN                                             
----------------------------------------------------------------------------------------------------
 Index Scan Backward using idx on public.t (actual rows=8048576.00 loops=1)
   Output: a, b
   Index Cond: ((t.a >= 25108) AND (t.a <= 4049395))
   Index Searches: 1
   Buffers: shared hit=6380409
 Settings: enable_bitmapscan = 'off', enable_seqscan = 'off', max_parallel_workers_per_gather = '0'
 Planning:
   Buffers: shared hit=109
 Planning Time: 0.221 ms
 Execution Time: 1165.984 ms
(10 rows)

