SET
SET
SET
SET
SET
                                                                      QUERY PLAN                                                                       
-------------------------------------------------------------------------------------------------------------------------------------------------------
 Index Scan Backward using idx on public.t (actual rows=5048576.00 loops=1)
   Output: a, b
   Index Cond: ((t.a >= 18894) AND (t.a <= 2543181))
   Index Searches: 1
   Prefetch: distance=253.084 count=4005508 stalls=2 skipped=1059108 resets=0 ungets=16101 forwarded=558
             histogram [2,4) => 2, [4,8) => 6, [8,16) => 12, [16,32) => 11, [32,64) => 4, [64,128) => 1109, [128,256) => 1715345, [256,512) => 2289019
   Buffers: shared hit=3910445 read=92806
 Settings: enable_bitmapscan = 'off', enable_seqscan = 'off', max_parallel_workers_per_gather = '0'
 Planning:
   Buffers: shared hit=78 read=26
 Planning Time: 2.052 ms
 Execution Time: 2132.359 ms
(12 rows)

SET
SET
SET
SET
SET
                                             QUERY PLAN                                             
----------------------------------------------------------------------------------------------------
 Index Scan Backward using idx on public.t (actual rows=5048576.00 loops=1)
   Output: a, b
   Index Cond: ((t.a >= 18894) AND (t.a <= 2543181))
   Index Searches: 1
   Buffers: shared hit=4003258
 Settings: enable_bitmapscan = 'off', enable_seqscan = 'off', max_parallel_workers_per_gather = '0'
 Planning:
   Buffers: shared hit=109
 Planning Time: 0.215 ms
 Execution Time: 719.424 ms
(10 rows)

