SET
SET
SET
SET
SET
                                                                   QUERY PLAN                                                                   
------------------------------------------------------------------------------------------------------------------------------------------------
 Index Scan Backward using idx on public.t (actual rows=4096.00 loops=1)
   Output: a, b
   Index Cond: ((t.a >= 16285) AND (t.a <= 18332))
   Index Searches: 1
   Prefetch: distance=248.717 count=3168 stalls=1 skipped=848 resets=0 ungets=74 forwarded=0
             histogram [2,4) => 2, [4,8) => 6, [8,16) => 11, [16,32) => 19, [32,64) => 24, [64,128) => 52, [128,256) => 1157, [256,512) => 1897
   Buffers: shared hit=3031 read=198
 Settings: enable_bitmapscan = 'off', enable_seqscan = 'off', max_parallel_workers_per_gather = '0'
 Planning:
   Buffers: shared hit=82 read=26
 Planning Time: 2.040 ms
 Execution Time: 8.548 ms
(12 rows)

SET
SET
SET
SET
SET
                                             QUERY PLAN                                             
----------------------------------------------------------------------------------------------------
 Index Scan Backward using idx on public.t (actual rows=4096.00 loops=1)
   Output: a, b
   Index Cond: ((t.a >= 16285) AND (t.a <= 18332))
   Index Searches: 1
   Buffers: shared hit=3229
 Settings: enable_bitmapscan = 'off', enable_seqscan = 'off', max_parallel_workers_per_gather = '0'
 Planning:
   Buffers: shared hit=113
 Planning Time: 0.173 ms
 Execution Time: 0.487 ms
(10 rows)

