SET
SET
SET
SET
SET
                                                               QUERY PLAN                                                               
----------------------------------------------------------------------------------------------------------------------------------------
 Index Scan Backward using idx on public.t (actual rows=128.00 loops=1)
   Output: a, b
   Index Cond: ((t.a >= 11039) AND (t.a <= 11102))
   Index Searches: 1
   Prefetch: distance=198.776 count=107 stalls=1 skipped=23 resets=0 ungets=34 forwarded=1
             histogram [2,4) => 4, [4,8) => 4, [8,16) => 5, [16,32) => 14, [32,64) => 2, [64,128) => 2, [128,256) => 2, [256,512) => 74
   Buffers: shared hit=29 read=77
 Settings: enable_bitmapscan = 'off', enable_seqscan = 'off', max_parallel_workers_per_gather = '0'
 Planning:
   Buffers: shared hit=82 read=26
 Planning Time: 1.467 ms
 Execution Time: 2.889 ms
(12 rows)

SET
SET
SET
SET
SET
                                             QUERY PLAN                                             
----------------------------------------------------------------------------------------------------
 Index Scan Backward using idx on public.t (actual rows=128.00 loops=1)
   Output: a, b
   Index Cond: ((t.a >= 11039) AND (t.a <= 11102))
   Index Searches: 1
   Buffers: shared hit=106
 Settings: enable_bitmapscan = 'off', enable_seqscan = 'off', max_parallel_workers_per_gather = '0'
 Planning:
   Buffers: shared hit=113
 Planning Time: 0.200 ms
 Execution Time: 0.132 ms
(10 rows)

