SET
SET
SET
SET
SET
                                                                     QUERY PLAN                                                                     
----------------------------------------------------------------------------------------------------------------------------------------------------
 Index Scan Backward using idx on public.t (actual rows=4048576.00 loops=1)
   Output: a, b
   Index Cond: ((t.a >= 16330) AND (t.a <= 2040617))
   Index Searches: 1
   Prefetch: distance=253.083 count=3212397 stalls=1 skipped=849115 resets=0 ungets=13000 forwarded=462
             histogram [2,4) => 2, [4,8) => 5, [8,16) => 7, [16,32) => 9, [32,64) => 9, [64,128) => 831, [128,256) => 1374639, [256,512) => 1836895
   Buffers: shared hit=3136061 read=74447
 Settings: enable_bitmapscan = 'off', enable_seqscan = 'off', max_parallel_workers_per_gather = '0'
 Planning:
   Buffers: shared hit=78 read=26
 Planning Time: 2.044 ms
 Execution Time: 1722.683 ms
(12 rows)

SET
SET
SET
SET
SET
                                             QUERY PLAN                                             
----------------------------------------------------------------------------------------------------
 Index Scan Backward using idx on public.t (actual rows=4048576.00 loops=1)
   Output: a, b
   Index Cond: ((t.a >= 16330) AND (t.a <= 2040617))
   Index Searches: 1
   Buffers: shared hit=3210515
 Settings: enable_bitmapscan = 'off', enable_seqscan = 'off', max_parallel_workers_per_gather = '0'
 Planning:
   Buffers: shared hit=109
 Planning Time: 0.219 ms
 Execution Time: 583.395 ms
(10 rows)

