SET
SET
SET
SET
SET
                                                                   QUERY PLAN                                                                    
-------------------------------------------------------------------------------------------------------------------------------------------------
 Index Scan Backward using idx on public.t (actual rows=262144.00 loops=1)
   Output: a, b
   Index Cond: ((t.a >= 15935) AND (t.a <= 147006))
   Index Searches: 1
   Prefetch: distance=253.563 count=208249 stalls=7 skipped=54782 resets=0 ungets=1015 forwarded=36
             histogram [2,4) => 2, [4,8) => 8, [8,16) => 8, [16,32) => 18, [32,64) => 8, [64,128) => 23, [128,256) => 87988, [256,512) => 120194
   Buffers: shared hit=203122 read=4936
 Settings: enable_bitmapscan = 'off', enable_seqscan = 'off', max_parallel_workers_per_gather = '0'
 Planning:
   Buffers: shared hit=78 read=26
 Planning Time: 2.056 ms
 Execution Time: 120.625 ms
(12 rows)

SET
SET
SET
SET
SET
                                             QUERY PLAN                                             
----------------------------------------------------------------------------------------------------
 Index Scan Backward using idx on public.t (actual rows=262144.00 loops=1)
   Output: a, b
   Index Cond: ((t.a >= 15935) AND (t.a <= 147006))
   Index Searches: 1
   Buffers: shared hit=208058
 Settings: enable_bitmapscan = 'off', enable_seqscan = 'off', max_parallel_workers_per_gather = '0'
 Planning:
   Buffers: shared hit=109
 Planning Time: 0.163 ms
 Execution Time: 34.225 ms
(10 rows)

