SET
SET
SET
SET
SET
                                                                  QUERY PLAN                                                                   
-----------------------------------------------------------------------------------------------------------------------------------------------
 Index Scan Backward using idx on public.t (actual rows=16384.00 loops=1)
   Output: a, b
   Index Cond: ((t.a >= 29655) AND (t.a <= 37846))
   Index Searches: 1
   Prefetch: distance=252.911 count=12984 stalls=5 skipped=3389 resets=0 ungets=125 forwarded=2
             histogram [2,4) => 2, [4,8) => 6, [8,16) => 11, [16,32) => 12, [32,64) => 12, [64,128) => 3, [128,256) => 5370, [256,512) => 7568
   Buffers: shared hit=12587 read=428
 Settings: enable_bitmapscan = 'off', enable_seqscan = 'off', max_parallel_workers_per_gather = '0'
 Planning:
   Buffers: shared hit=82 read=26
 Planning Time: 2.107 ms
 Execution Time: 11.914 ms
(12 rows)

SET
SET
SET
SET
SET
                                             QUERY PLAN                                             
----------------------------------------------------------------------------------------------------
 Index Scan Backward using idx on public.t (actual rows=16384.00 loops=1)
   Output: a, b
   Index Cond: ((t.a >= 29655) AND (t.a <= 37846))
   Index Searches: 1
   Buffers: shared hit=13015
 Settings: enable_bitmapscan = 'off', enable_seqscan = 'off', max_parallel_workers_per_gather = '0'
 Planning:
   Buffers: shared hit=113
 Planning Time: 0.235 ms
 Execution Time: 2.562 ms
(10 rows)

