SET
SET
SET
SET
SET
                                                                   QUERY PLAN                                                                    
-------------------------------------------------------------------------------------------------------------------------------------------------
 Index Scan Backward using idx on public.t (actual rows=32768.00 loops=1)
   Output: a, b
   Index Cond: ((t.a >= 26899) AND (t.a <= 43282))
   Index Searches: 1
   Prefetch: distance=253.394 count=25950 stalls=21 skipped=6802 resets=0 ungets=158 forwarded=6
             histogram [2,4) => 10, [4,8) => 8, [8,16) => 9, [16,32) => 11, [32,64) => 22, [64,128) => 2, [128,256) => 10791, [256,512) => 15097
   Buffers: shared hit=25308 read=730
 Settings: enable_bitmapscan = 'off', enable_seqscan = 'off', max_parallel_workers_per_gather = '0'
 Planning:
   Buffers: shared hit=82 read=26
 Planning Time: 2.070 ms
 Execution Time: 20.612 ms
(12 rows)

SET
SET
SET
SET
SET
                                             QUERY PLAN                                             
----------------------------------------------------------------------------------------------------
 Index Scan Backward using idx on public.t (actual rows=32768.00 loops=1)
   Output: a, b
   Index Cond: ((t.a >= 26899) AND (t.a <= 43282))
   Index Searches: 1
   Buffers: shared hit=26038
 Settings: enable_bitmapscan = 'off', enable_seqscan = 'off', max_parallel_workers_per_gather = '0'
 Planning:
   Buffers: shared hit=113
 Planning Time: 0.187 ms
 Execution Time: 4.797 ms
(10 rows)

