SET
SET
SET
SET
SET
                                                                     QUERY PLAN                                                                      
-----------------------------------------------------------------------------------------------------------------------------------------------------
 Index Scan Backward using idx on public.t (actual rows=2048576.00 loops=1)
   Output: a, b
   Index Cond: ((t.a >= 18486) AND (t.a <= 1042773))
   Index Searches: 1
   Prefetch: distance=253.245 count=1625266 stalls=5 skipped=429931 resets=0 ungets=6769 forwarded=251
             histogram [2,4) => 6, [4,8) => 5, [8,16) => 11, [16,32) => 16, [32,64) => 16, [64,128) => 254, [128,256) => 692439, [256,512) => 932519
   Buffers: shared hit=1586488 read=37734
 Settings: enable_bitmapscan = 'off', enable_seqscan = 'off', max_parallel_workers_per_gather = '0'
 Planning:
   Buffers: shared hit=78 read=26
 Planning Time: 2.066 ms
 Execution Time: 888.510 ms
(12 rows)

SET
SET
SET
SET
SET
                                             QUERY PLAN                                             
----------------------------------------------------------------------------------------------------
 Index Scan Backward using idx on public.t (actual rows=2048576.00 loops=1)
   Output: a, b
   Index Cond: ((t.a >= 18486) AND (t.a <= 1042773))
   Index Searches: 1
   Buffers: shared hit=1624223
 Settings: enable_bitmapscan = 'off', enable_seqscan = 'off', max_parallel_workers_per_gather = '0'
 Planning:
   Buffers: shared hit=109
 Planning Time: 0.216 ms
 Execution Time: 298.178 ms
(10 rows)

