SET
SET
SET
SET
SET
                                                                       QUERY PLAN                                                                       
--------------------------------------------------------------------------------------------------------------------------------------------------------
 Index Scan Backward using idx on public.t (actual rows=8048576.00 loops=1)
   Output: a, b
   Index Cond: ((t.a >= 22534) AND (t.a <= 4046821))
   Index Searches: 1
   Prefetch: distance=253.102 count=6383413 stalls=2 skipped=1690160 resets=0 ungets=25098 forwarded=920
             histogram [2,4) => 6, [4,8) => 6, [8,16) => 10, [16,32) => 10, [32,64) => 28, [64,128) => 1610, [128,256) => 2734423, [256,512) => 3647320
   Buffers: shared hit=6232498 read=147877
 Settings: enable_bitmapscan = 'off', enable_seqscan = 'off', max_parallel_workers_per_gather = '0'
 Planning:
   Buffers: shared hit=78 read=26
 Planning Time: 2.063 ms
 Execution Time: 3393.116 ms
(12 rows)

SET
SET
SET
SET
SET
                                             QUERY PLAN                                             
----------------------------------------------------------------------------------------------------
 Index Scan Backward using idx on public.t (actual rows=8048576.00 loops=1)
   Output: a, b
   Index Cond: ((t.a >= 22534) AND (t.a <= 4046821))
   Index Searches: 1
   Buffers: shared hit=6380386
 Settings: enable_bitmapscan = 'off', enable_seqscan = 'off', max_parallel_workers_per_gather = '0'
 Planning:
   Buffers: shared hit=109
 Planning Time: 0.226 ms
 Execution Time: 1151.675 ms
(10 rows)

