SET
SET
SET
SET
SET
                                                                      QUERY PLAN                                                                       
-------------------------------------------------------------------------------------------------------------------------------------------------------
 Index Scan Backward using idx on public.t (actual rows=7048576.00 loops=1)
   Output: a, b
   Index Cond: ((t.a >= 5147) AND (t.a <= 3529434))
   Index Searches: 1
   Prefetch: distance=253.074 count=5590812 stalls=2 skipped=1479719 resets=0 ungets=22060 forwarded=800
             histogram [2,4) => 2, [4,8) => 7, [8,16) => 9, [16,32) => 13, [32,64) => 22, [64,128) => 1536, [128,256) => 2395401, [256,512) => 3193822
   Buffers: shared hit=5458570 read=129519
 Settings: enable_bitmapscan = 'off', enable_seqscan = 'off', max_parallel_workers_per_gather = '0'
 Planning:
   Buffers: shared hit=78 read=26
 Planning Time: 2.067 ms
 Execution Time: 2973.493 ms
(12 rows)

SET
SET
SET
SET
SET
                                             QUERY PLAN                                             
----------------------------------------------------------------------------------------------------
 Index Scan Backward using idx on public.t (actual rows=7048576.00 loops=1)
   Output: a, b
   Index Cond: ((t.a >= 5147) AND (t.a <= 3529434))
   Index Searches: 1
   Buffers: shared hit=5588101
 Settings: enable_bitmapscan = 'off', enable_seqscan = 'off', max_parallel_workers_per_gather = '0'
 Planning:
   Buffers: shared hit=109
 Planning Time: 0.229 ms
 Execution Time: 1010.746 ms
(10 rows)

