SET
SET
SET
SET
SET
                                             QUERY PLAN                                             
----------------------------------------------------------------------------------------------------
 Index Scan Backward using idx on public.t (actual rows=256.00 loops=1)
   Output: a, b
   Index Cond: ((t.a >= 16976) AND (t.a <= 17103))
   Index Searches: 1
   Prefetch: distance=2.700 count=10 stalls=5 skipped=6 resets=0 ungets=0 forwarded=0
             histogram [2,4) => 8, [4,8) => 2
   Buffers: shared hit=103 read=106
 Settings: enable_bitmapscan = 'off', enable_seqscan = 'off', max_parallel_workers_per_gather = '0'
 Planning:
   Buffers: shared hit=82 read=26
 Planning Time: 1.437 ms
 Execution Time: 6.341 ms
(12 rows)

SET
SET
SET
SET
SET
                                             QUERY PLAN                                             
----------------------------------------------------------------------------------------------------
 Index Scan Backward using idx on public.t (actual rows=256.00 loops=1)
   Output: a, b
   Index Cond: ((t.a >= 16976) AND (t.a <= 17103))
   Index Searches: 1
   Buffers: shared hit=209
 Settings: enable_bitmapscan = 'off', enable_seqscan = 'off', max_parallel_workers_per_gather = '0'
 Planning:
   Buffers: shared hit=113
 Planning Time: 0.143 ms
 Execution Time: 0.105 ms
(10 rows)

