SET
SET
SET
SET
SET
                                                               QUERY PLAN                                                                
-----------------------------------------------------------------------------------------------------------------------------------------
 Index Scan Backward using idx on public.t (actual rows=512.00 loops=1)
   Output: a, b
   Index Cond: ((t.a >= 16895) AND (t.a <= 17150))
   Index Searches: 1
   Prefetch: distance=253.429 count=475 stalls=3 skipped=105 resets=0 ungets=102 forwarded=2
             histogram [2,4) => 2, [4,8) => 6, [8,16) => 6, [16,32) => 7, [32,64) => 6, [64,128) => 2, [128,256) => 13, [256,512) => 433
   Buffers: shared hit=269 read=135
 Settings: enable_bitmapscan = 'off', enable_seqscan = 'off', max_parallel_workers_per_gather = '0'
 Planning:
   Buffers: shared hit=82 read=26
 Planning Time: 2.037 ms
 Execution Time: 3.617 ms
(12 rows)

SET
SET
SET
SET
SET
                                             QUERY PLAN                                             
----------------------------------------------------------------------------------------------------
 Index Scan Backward using idx on public.t (actual rows=512.00 loops=1)
   Output: a, b
   Index Cond: ((t.a >= 16895) AND (t.a <= 17150))
   Index Searches: 1
   Buffers: shared hit=404
 Settings: enable_bitmapscan = 'off', enable_seqscan = 'off', max_parallel_workers_per_gather = '0'
 Planning:
   Buffers: shared hit=113
 Planning Time: 0.189 ms
 Execution Time: 0.251 ms
(10 rows)

