SET
SET
SET
SET
SET
                                             QUERY PLAN                                             
----------------------------------------------------------------------------------------------------
 Index Scan Backward using idx on public.t (actual rows=1024.00 loops=1)
   Output: a, b
   Index Cond: ((t.a >= 20609) AND (t.a <= 21120))
   Index Searches: 1
   Prefetch: distance=2.383 count=60 stalls=549 skipped=126 resets=0 ungets=0 forwarded=0
             histogram [2,4) => 52, [4,8) => 8
   Buffers: shared hit=711 read=145
 Settings: enable_bitmapscan = 'off', enable_seqscan = 'off', max_parallel_workers_per_gather = '0'
 Planning:
   Buffers: shared hit=82 read=26
 Planning Time: 2.037 ms
 Execution Time: 5.605 ms
(12 rows)

SET
SET
SET
SET
SET
                                             QUERY PLAN                                             
----------------------------------------------------------------------------------------------------
 Index Scan Backward using idx on public.t (actual rows=1024.00 loops=1)
   Output: a, b
   Index Cond: ((t.a >= 20609) AND (t.a <= 21120))
   Index Searches: 1
   Buffers: shared hit=856
 Settings: enable_bitmapscan = 'off', enable_seqscan = 'off', max_parallel_workers_per_gather = '0'
 Planning:
   Buffers: shared hit=113
 Planning Time: 0.198 ms
 Execution Time: 0.336 ms
(10 rows)

