SET
SET
SET
SET
SET
                                                                     QUERY PLAN                                                                      
-----------------------------------------------------------------------------------------------------------------------------------------------------
 Index Scan Backward using idx on public.t (actual rows=524288.00 loops=1)
   Output: a, b
   Index Cond: ((t.a >= 24715) AND (t.a <= 286858))
   Index Searches: 1
   Prefetch: distance=253.342 count=415788 stalls=7 skipped=110112 resets=0 ungets=1748 forwarded=67
             histogram [2,4) => 12, [4,8) => 6, [8,16) => 11, [16,32) => 13, [32,64) => 26, [64,128) => 78, [128,256) => 175827, [256,512) => 239815
   Buffers: shared hit=405839 read=9748
 Settings: enable_bitmapscan = 'off', enable_seqscan = 'off', max_parallel_workers_per_gather = '0'
 Planning:
   Buffers: shared hit=78 read=26
 Planning Time: 2.077 ms
 Execution Time: 232.485 ms
(12 rows)

SET
SET
SET
SET
SET
                                             QUERY PLAN                                             
----------------------------------------------------------------------------------------------------
 Index Scan Backward using idx on public.t (actual rows=524288.00 loops=1)
   Output: a, b
   Index Cond: ((t.a >= 24715) AND (t.a <= 286858))
   Index Searches: 1
   Buffers: shared hit=415587
 Settings: enable_bitmapscan = 'off', enable_seqscan = 'off', max_parallel_workers_per_gather = '0'
 Planning:
   Buffers: shared hit=109
 Planning Time: 0.187 ms
 Execution Time: 74.639 ms
(10 rows)

