SET
SET
SET
SET
SET
                                                                     QUERY PLAN                                                                      
-----------------------------------------------------------------------------------------------------------------------------------------------------
 Index Scan Backward using idx on public.t (actual rows=2048576.00 loops=1)
   Output: a, b
   Index Cond: ((t.a >= 27660) AND (t.a <= 1051947))
   Index Searches: 1
   Prefetch: distance=253.145 count=1625344 stalls=2 skipped=429886 resets=0 ungets=6751 forwarded=246
             histogram [2,4) => 2, [4,8) => 5, [8,16) => 11, [16,32) => 17, [32,64) => 19, [64,128) => 237, [128,256) => 694946, [256,512) => 930107
   Buffers: shared hit=1586537 read=37732
 Settings: enable_bitmapscan = 'off', enable_seqscan = 'off', max_parallel_workers_per_gather = '0'
 Planning:
   Buffers: shared hit=78 read=26
 Planning Time: 2.103 ms
 Execution Time: 874.465 ms
(12 rows)

SET
SET
SET
SET
SET
                                             QUERY PLAN                                             
----------------------------------------------------------------------------------------------------
 Index Scan Backward using idx on public.t (actual rows=2048576.00 loops=1)
   Output: a, b
   Index Cond: ((t.a >= 27660) AND (t.a <= 1051947))
   Index Searches: 1
   Buffers: shared hit=1624271
 Settings: enable_bitmapscan = 'off', enable_seqscan = 'off', max_parallel_workers_per_gather = '0'
 Planning:
   Buffers: shared hit=109
 Planning Time: 0.193 ms
 Execution Time: 293.897 ms
(10 rows)

