SET
SET
SET
SET
SET
                                                                 QUERY PLAN                                                                  
---------------------------------------------------------------------------------------------------------------------------------------------
 Index Scan Backward using idx on public.t (actual rows=16384.00 loops=1)
   Output: a, b
   Index Cond: ((t.a >= 23824) AND (t.a <= 32015))
   Index Searches: 1
   Prefetch: distance=253.342 count=12975 stalls=1 skipped=3457 resets=0 ungets=130 forwarded=2
             histogram [2,4) => 4, [4,8) => 7, [8,16) => 9, [16,32) => 11, [32,64) => 8, [64,128) => 2, [128,256) => 5327, [256,512) => 7607
   Buffers: shared hit=12537 read=426
 Settings: enable_bitmapscan = 'off', enable_seqscan = 'off', max_parallel_workers_per_gather = '0'
 Planning:
   Buffers: shared hit=82 read=26
 Planning Time: 2.029 ms
 Execution Time: 12.310 ms
(12 rows)

SET
SET
SET
SET
SET
                                             QUERY PLAN                                             
----------------------------------------------------------------------------------------------------
 Index Scan Backward using idx on public.t (actual rows=16384.00 loops=1)
   Output: a, b
   Index Cond: ((t.a >= 23824) AND (t.a <= 32015))
   Index Searches: 1
   Buffers: shared hit=12963
 Settings: enable_bitmapscan = 'off', enable_seqscan = 'off', max_parallel_workers_per_gather = '0'
 Planning:
   Buffers: shared hit=113
 Planning Time: 0.147 ms
 Execution Time: 1.420 ms
(10 rows)

