SET
SET
SET
SET
SET
                                                                     QUERY PLAN                                                                     
----------------------------------------------------------------------------------------------------------------------------------------------------
 Index Scan Backward using idx on public.t (actual rows=32768.00 loops=1)
   Output: a, b
   Index Cond: ((t.a >= 5868) AND (t.a <= 22251))
   Index Searches: 1
   Prefetch: distance=251.698 count=25891 stalls=63 skipped=6809 resets=0 ungets=120 forwarded=0
             histogram [2,4) => 57, [4,8) => 29, [8,16) => 14, [16,32) => 22, [32,64) => 42, [64,128) => 50, [128,256) => 10661, [256,512) => 15016
   Buffers: shared hit=25305 read=729
 Settings: enable_bitmapscan = 'off', enable_seqscan = 'off', max_parallel_workers_per_gather = '0'
 Planning:
   Buffers: shared hit=82 read=26
 Planning Time: 2.043 ms
 Execution Time: 20.173 ms
(12 rows)

SET
SET
SET
SET
SET
                                             QUERY PLAN                                             
----------------------------------------------------------------------------------------------------
 Index Scan Backward using idx on public.t (actual rows=32768.00 loops=1)
   Output: a, b
   Index Cond: ((t.a >= 5868) AND (t.a <= 22251))
   Index Searches: 1
   Buffers: shared hit=26034
 Settings: enable_bitmapscan = 'off', enable_seqscan = 'off', max_parallel_workers_per_gather = '0'
 Planning:
   Buffers: shared hit=113
 Planning Time: 0.189 ms
 Execution Time: 4.676 ms
(10 rows)

