SET
SET
SET
SET
SET
                                             QUERY PLAN                                             
----------------------------------------------------------------------------------------------------
 Index Scan Backward using idx on public.t (actual rows=4096.00 loops=1)
   Output: a, b
   Index Cond: ((t.a >= 9050) AND (t.a <= 11097))
   Index Searches: 1
   Prefetch: distance=2.312 count=170 stalls=2772 skipped=805 resets=0 ungets=0 forwarded=0
             histogram [2,4) => 152, [4,8) => 18
   Buffers: shared hit=3034 read=201
 Settings: enable_bitmapscan = 'off', enable_seqscan = 'off', max_parallel_workers_per_gather = '0'
 Planning:
   Buffers: shared hit=82 read=26
 Planning Time: 2.050 ms
 Execution Time: 8.871 ms
(12 rows)

SET
SET
SET
SET
SET
                                             QUERY PLAN                                             
----------------------------------------------------------------------------------------------------
 Index Scan Backward using idx on public.t (actual rows=4096.00 loops=1)
   Output: a, b
   Index Cond: ((t.a >= 9050) AND (t.a <= 11097))
   Index Searches: 1
   Buffers: shared hit=3235
 Settings: enable_bitmapscan = 'off', enable_seqscan = 'off', max_parallel_workers_per_gather = '0'
 Planning:
   Buffers: shared hit=113
 Planning Time: 0.225 ms
 Execution Time: 0.842 ms
(10 rows)

