SET
SET
SET
SET
SET
                                             QUERY PLAN                                             
----------------------------------------------------------------------------------------------------
 Index Scan Backward using idx on public.t (actual rows=512.00 loops=1)
   Output: a, b
   Index Cond: ((t.a >= 6912) AND (t.a <= 7167))
   Index Searches: 1
   Prefetch: distance=2.315 count=54 stalls=162 skipped=63 resets=0 ungets=0 forwarded=0
             histogram [2,4) => 48, [4,8) => 6
   Buffers: shared hit=281 read=128
 Settings: enable_bitmapscan = 'off', enable_seqscan = 'off', max_parallel_workers_per_gather = '0'
 Planning:
   Buffers: shared hit=82 read=26
 Planning Time: 1.439 ms
 Execution Time: 6.739 ms
(12 rows)

SET
SET
SET
SET
SET
                                             QUERY PLAN                                             
----------------------------------------------------------------------------------------------------
 Index Scan Backward using idx on public.t (actual rows=512.00 loops=1)
   Output: a, b
   Index Cond: ((t.a >= 6912) AND (t.a <= 7167))
   Index Searches: 1
   Buffers: shared hit=409
 Settings: enable_bitmapscan = 'off', enable_seqscan = 'off', max_parallel_workers_per_gather = '0'
 Planning:
   Buffers: shared hit=113
 Planning Time: 0.188 ms
 Execution Time: 0.230 ms
(10 rows)

