SET
SET
SET
SET
SET
                                                                      QUERY PLAN                                                                       
-------------------------------------------------------------------------------------------------------------------------------------------------------
 Index Scan Backward using idx on public.t (actual rows=4048576.00 loops=1)
   Output: a, b
   Index Cond: ((t.a >= 23791) AND (t.a <= 2048078))
   Index Searches: 1
   Prefetch: distance=253.050 count=3212188 stalls=2 skipped=849065 resets=0 ungets=12826 forwarded=470
             histogram [2,4) => 14, [4,8) => 9, [8,16) => 8, [16,32) => 15, [32,64) => 25, [64,128) => 903, [128,256) => 1376289, [256,512) => 1834925
   Buffers: shared hit=3136096 read=74448
 Settings: enable_bitmapscan = 'off', enable_seqscan = 'off', max_parallel_workers_per_gather = '0'
 Planning:
   Buffers: shared hit=78 read=26
 Planning Time: 2.064 ms
 Execution Time: 1726.178 ms
(12 rows)

SET
SET
SET
SET
SET
                                             QUERY PLAN                                             
----------------------------------------------------------------------------------------------------
 Index Scan Backward using idx on public.t (actual rows=4048576.00 loops=1)
   Output: a, b
   Index Cond: ((t.a >= 23791) AND (t.a <= 2048078))
   Index Searches: 1
   Buffers: shared hit=3210552
 Settings: enable_bitmapscan = 'off', enable_seqscan = 'off', max_parallel_workers_per_gather = '0'
 Planning:
   Buffers: shared hit=109
 Planning Time: 0.201 ms
 Execution Time: 579.980 ms
(10 rows)

