SET
SET
SET
SET
SET
                                                                      QUERY PLAN                                                                       
-------------------------------------------------------------------------------------------------------------------------------------------------------
 Index Scan Backward using idx on public.t (actual rows=5048576.00 loops=1)
   Output: a, b
   Index Cond: ((t.a >= 10815) AND (t.a <= 2535102))
   Index Searches: 1
   Prefetch: distance=253.059 count=4005284 stalls=1 skipped=1059045 resets=0 ungets=15867 forwarded=548
             histogram [2,4) => 4, [4,8) => 4, [8,16) => 8, [16,32) => 15, [32,64) => 21, [64,128) => 1072, [128,256) => 1716756, [256,512) => 2287404
   Buffers: shared hit=3910495 read=92802
 Settings: enable_bitmapscan = 'off', enable_seqscan = 'off', max_parallel_workers_per_gather = '0'
 Planning:
   Buffers: shared hit=78 read=26
 Planning Time: 2.144 ms
 Execution Time: 2136.613 ms
(12 rows)

SET
SET
SET
SET
SET
                                             QUERY PLAN                                             
----------------------------------------------------------------------------------------------------
 Index Scan Backward using idx on public.t (actual rows=5048576.00 loops=1)
   Output: a, b
   Index Cond: ((t.a >= 10815) AND (t.a <= 2535102))
   Index Searches: 1
   Buffers: shared hit=4003305
 Settings: enable_bitmapscan = 'off', enable_seqscan = 'off', max_parallel_workers_per_gather = '0'
 Planning:
   Buffers: shared hit=109
 Planning Time: 0.213 ms
 Execution Time: 723.821 ms
(10 rows)

