SET
SET
SET
SET
SET
                                                                    QUERY PLAN                                                                    
--------------------------------------------------------------------------------------------------------------------------------------------------
 Index Scan Backward using idx on public.t (actual rows=131072.00 loops=1)
   Output: a, b
   Index Cond: ((t.a >= 30207) AND (t.a <= 95742))
   Index Searches: 1
   Prefetch: distance=253.264 count=104065 stalls=6 skipped=27357 resets=0 ungets=481 forwarded=21
             histogram [2,4) => 2, [4,8) => 13, [8,16) => 9, [16,32) => 13, [32,64) => 27, [64,128) => 15, [128,256) => 43973, [256,512) => 60013
   Buffers: shared hit=101521 read=2531
 Settings: enable_bitmapscan = 'off', enable_seqscan = 'off', max_parallel_workers_per_gather = '0'
 Planning:
   Buffers: shared hit=78 read=26
 Planning Time: 2.067 ms
 Execution Time: 65.699 ms
(12 rows)

SET
SET
SET
SET
SET
                                             QUERY PLAN                                             
----------------------------------------------------------------------------------------------------
 Index Scan Backward using idx on public.t (actual rows=131072.00 loops=1)
   Output: a, b
   Index Cond: ((t.a >= 30207) AND (t.a <= 95742))
   Index Searches: 1
   Buffers: shared hit=104052
 Settings: enable_bitmapscan = 'off', enable_seqscan = 'off', max_parallel_workers_per_gather = '0'
 Planning:
   Buffers: shared hit=109
 Planning Time: 0.196 ms
 Execution Time: 17.565 ms
(10 rows)

