SET
SET
SET
SET
SET
                                             QUERY PLAN                                             
----------------------------------------------------------------------------------------------------
 Index Scan using idx on public.t (actual rows=1024.00 loops=1)
   Output: a, b
   Index Cond: ((t.a >= 9442) AND (t.a <= 9953))
   Index Searches: 1
   Prefetch: distance=2.500 count=58 stalls=459 skipped=148 resets=0 ungets=0 forwarded=1
             histogram [2,4) => 46, [4,8) => 12
   Buffers: shared hit=673 read=142
 Settings: enable_bitmapscan = 'off', enable_seqscan = 'off', max_parallel_workers_per_gather = '0'
 Planning:
   Buffers: shared hit=86 read=26
 Planning Time: 2.079 ms
 Execution Time: 5.157 ms
(12 rows)

SET
SET
SET
SET
SET
                                             QUERY PLAN                                             
----------------------------------------------------------------------------------------------------
 Index Scan using idx on public.t (actual rows=1024.00 loops=1)
   Output: a, b
   Index Cond: ((t.a >= 9442) AND (t.a <= 9953))
   Index Searches: 1
   Buffers: shared hit=815
 Settings: enable_bitmapscan = 'off', enable_seqscan = 'off', max_parallel_workers_per_gather = '0'
 Planning:
   Buffers: shared hit=117
 Planning Time: 0.205 ms
 Execution Time: 0.357 ms
(10 rows)

