SET
SET
SET
SET
SET
                                                                 QUERY PLAN                                                                 
--------------------------------------------------------------------------------------------------------------------------------------------
 Index Scan using idx on public.t (actual rows=512.00 loops=1)
   Output: a, b
   Index Cond: ((t.a >= 19265) AND (t.a <= 19520))
   Index Searches: 1
   Prefetch: distance=215.315 count=375 stalls=8 skipped=76 resets=0 ungets=42 forwarded=20
             histogram [2,4) => 6, [4,8) => 6, [8,16) => 17, [16,32) => 24, [32,64) => 24, [64,128) => 3, [128,256) => 14, [256,512) => 281
   Buffers: shared hit=290 read=134
 Settings: enable_bitmapscan = 'off', enable_seqscan = 'off', max_parallel_workers_per_gather = '0'
 Planning:
   Buffers: shared hit=86 read=26
 Planning Time: 1.786 ms
 Execution Time: 5.976 ms
(12 rows)

SET
SET
SET
SET
SET
                                             QUERY PLAN                                             
----------------------------------------------------------------------------------------------------
 Index Scan using idx on public.t (actual rows=512.00 loops=1)
   Output: a, b
   Index Cond: ((t.a >= 19265) AND (t.a <= 19520))
   Index Searches: 1
   Buffers: shared hit=424
 Settings: enable_bitmapscan = 'off', enable_seqscan = 'off', max_parallel_workers_per_gather = '0'
 Planning:
   Buffers: shared hit=117
 Planning Time: 0.193 ms
 Execution Time: 0.245 ms
(10 rows)

