SET
SET
SET
SET
SET
                                                               QUERY PLAN                                                                
-----------------------------------------------------------------------------------------------------------------------------------------
 Index Scan using idx on public.t (actual rows=256.00 loops=1)
   Output: a, b
   Index Cond: ((t.a >= 11487) AND (t.a <= 11614))
   Index Searches: 1
   Prefetch: distance=227.640 count=242 stalls=1 skipped=51 resets=0 ungets=59 forwarded=13
             histogram [2,4) => 6, [4,8) => 9, [8,16) => 7, [16,32) => 11, [32,64) => 6, [64,128) => 2, [128,256) => 2, [256,512) => 199
   Buffers: shared hit=101 read=106
 Settings: enable_bitmapscan = 'off', enable_seqscan = 'off', max_parallel_workers_per_gather = '0'
 Planning:
   Buffers: shared hit=86 read=26
 Planning Time: 1.556 ms
 Execution Time: 2.987 ms
(12 rows)

SET
SET
SET
SET
SET
                                             QUERY PLAN                                             
----------------------------------------------------------------------------------------------------
 Index Scan using idx on public.t (actual rows=256.00 loops=1)
   Output: a, b
   Index Cond: ((t.a >= 11487) AND (t.a <= 11614))
   Index Searches: 1
   Buffers: shared hit=208
 Settings: enable_bitmapscan = 'off', enable_seqscan = 'off', max_parallel_workers_per_gather = '0'
 Planning:
   Buffers: shared hit=117
 Planning Time: 0.148 ms
 Execution Time: 0.102 ms
(10 rows)

