SET
SET
SET
SET
SET
                                                                   QUERY PLAN                                                                   
------------------------------------------------------------------------------------------------------------------------------------------------
 Index Scan using idx on public.t (actual rows=65536.00 loops=1)
   Output: a, b
   Index Cond: ((t.a >= 26977) AND (t.a <= 59744))
   Index Searches: 1
   Prefetch: distance=256.559 count=52554 stalls=1 skipped=13661 resets=0 ungets=703 forwarded=760
             histogram [2,4) => 2, [4,8) => 11, [8,16) => 6, [16,32) => 17, [32,64) => 9, [64,128) => 3, [128,256) => 18914, [256,512) => 33592
   Buffers: shared hit=50705 read=1333
 Settings: enable_bitmapscan = 'off', enable_seqscan = 'off', max_parallel_workers_per_gather = '0'
 Planning:
   Buffers: shared hit=82 read=26
 Planning Time: 2.077 ms
 Execution Time: 32.551 ms
(12 rows)

SET
SET
SET
SET
SET
                                             QUERY PLAN                                             
----------------------------------------------------------------------------------------------------
 Index Scan using idx on public.t (actual rows=65536.00 loops=1)
   Output: a, b
   Index Cond: ((t.a >= 26977) AND (t.a <= 59744))
   Index Searches: 1
   Buffers: shared hit=52054
 Settings: enable_bitmapscan = 'off', enable_seqscan = 'off', max_parallel_workers_per_gather = '0'
 Planning:
   Buffers: shared hit=113
 Planning Time: 0.203 ms
 Execution Time: 7.337 ms
(10 rows)

