SET
SET
SET
SET
SET
                                                                  QUERY PLAN                                                                   
-----------------------------------------------------------------------------------------------------------------------------------------------
 Index Scan using idx on public.t (actual rows=32768.00 loops=1)
   Output: a, b
   Index Cond: ((t.a >= 19588) AND (t.a <= 35971))
   Index Searches: 1
   Prefetch: distance=256.088 count=26264 stalls=1 skipped=6860 resets=0 ungets=414 forwarded=396
             histogram [2,4) => 2, [4,8) => 3, [8,16) => 13, [16,32) => 9, [32,64) => 21, [64,128) => 4, [128,256) => 9439, [256,512) => 16773
   Buffers: shared hit=25253 read=730
 Settings: enable_bitmapscan = 'off', enable_seqscan = 'off', max_parallel_workers_per_gather = '0'
 Planning:
   Buffers: shared hit=86 read=26
 Planning Time: 2.082 ms
 Execution Time: 20.403 ms
(12 rows)

SET
SET
SET
SET
SET
                                             QUERY PLAN                                             
----------------------------------------------------------------------------------------------------
 Index Scan using idx on public.t (actual rows=32768.00 loops=1)
   Output: a, b
   Index Cond: ((t.a >= 19588) AND (t.a <= 35971))
   Index Searches: 1
   Buffers: shared hit=25992
 Settings: enable_bitmapscan = 'off', enable_seqscan = 'off', max_parallel_workers_per_gather = '0'
 Planning:
   Buffers: shared hit=117
 Planning Time: 0.164 ms
 Execution Time: 2.791 ms
(10 rows)

