SET
SET
SET
SET
SET
                                                                       QUERY PLAN                                                                       
--------------------------------------------------------------------------------------------------------------------------------------------------------
 Index Scan using idx on public.t (actual rows=7048576.00 loops=1)
   Output: a, b
   Index Cond: ((t.a >= 11768) AND (t.a <= 3536055))
   Index Searches: 1
   Prefetch: distance=256.271 count=5627055 stalls=2 skipped=1479708 resets=0 ungets=58298 forwarded=77752
             histogram [2,4) => 11, [4,8) => 9, [8,16) => 14, [16,32) => 18, [32,64) => 23, [64,128) => 440, [128,256) => 2048148, [256,512) => 3578392
   Buffers: shared hit=5457568 read=129519
 Settings: enable_bitmapscan = 'off', enable_seqscan = 'off', max_parallel_workers_per_gather = '0'
 Planning:
   Buffers: shared hit=82 read=26
 Planning Time: 2.077 ms
 Execution Time: 3098.220 ms
(12 rows)

SET
SET
SET
SET
SET
                                             QUERY PLAN                                             
----------------------------------------------------------------------------------------------------
 Index Scan using idx on public.t (actual rows=7048576.00 loops=1)
   Output: a, b
   Index Cond: ((t.a >= 11768) AND (t.a <= 3536055))
   Index Searches: 1
   Buffers: shared hit=5588112
 Settings: enable_bitmapscan = 'off', enable_seqscan = 'off', max_parallel_workers_per_gather = '0'
 Planning:
   Buffers: shared hit=113
 Planning Time: 0.229 ms
 Execution Time: 1032.946 ms
(10 rows)

