SET
SET
SET
SET
SET
                                                                     QUERY PLAN                                                                      
-----------------------------------------------------------------------------------------------------------------------------------------------------
 Index Scan using idx on public.t (actual rows=9048576.00 loops=1)
   Output: a, b
   Index Cond: ((t.a >= 24619) AND (t.a <= 4548906))
   Index Searches: 1
   Prefetch: distance=256.292 count=7222714 stalls=1 skipped=1900832 resets=0 ungets=74972 forwarded=99795
             histogram [2,4) => 4, [4,8) => 5, [8,16) => 9, [16,32) => 16, [32,64) => 4, [64,128) => 446, [128,256) => 2626621, [256,512) => 4595609
   Buffers: shared hit=7004889 read=166233
 Settings: enable_bitmapscan = 'off', enable_seqscan = 'off', max_parallel_workers_per_gather = '0'
 Planning:
   Buffers: shared hit=82 read=26
 Planning Time: 2.063 ms
 Execution Time: 3976.588 ms
(12 rows)

SET
SET
SET
SET
SET
                                             QUERY PLAN                                             
----------------------------------------------------------------------------------------------------
 Index Scan using idx on public.t (actual rows=9048576.00 loops=1)
   Output: a, b
   Index Cond: ((t.a >= 24619) AND (t.a <= 4548906))
   Index Searches: 1
   Buffers: shared hit=7172472
 Settings: enable_bitmapscan = 'off', enable_seqscan = 'off', max_parallel_workers_per_gather = '0'
 Planning:
   Buffers: shared hit=113
 Planning Time: 0.217 ms
 Execution Time: 1301.465 ms
(10 rows)

