SET
SET
SET
SET
SET
                                                                       QUERY PLAN                                                                       
--------------------------------------------------------------------------------------------------------------------------------------------------------
 Index Scan using idx on public.t (actual rows=8048576.00 loops=1)
   Output: a, b
   Index Cond: ((t.a >= 31131) AND (t.a <= 4055418))
   Index Searches: 1
   Prefetch: distance=256.289 count=6424810 stalls=7 skipped=1690091 resets=0 ungets=66459 forwarded=88725
             histogram [2,4) => 10, [4,8) => 6, [8,16) => 16, [16,32) => 16, [32,64) => 23, [64,128) => 461, [128,256) => 2335115, [256,512) => 4089163
   Buffers: shared hit=6231413 read=147874
 Settings: enable_bitmapscan = 'off', enable_seqscan = 'off', max_parallel_workers_per_gather = '0'
 Planning:
   Buffers: shared hit=82 read=26
 Planning Time: 2.061 ms
 Execution Time: 3542.893 ms
(12 rows)

SET
SET
SET
SET
SET
                                             QUERY PLAN                                             
----------------------------------------------------------------------------------------------------
 Index Scan using idx on public.t (actual rows=8048576.00 loops=1)
   Output: a, b
   Index Cond: ((t.a >= 31131) AND (t.a <= 4055418))
   Index Searches: 1
   Buffers: shared hit=6380458
 Settings: enable_bitmapscan = 'off', enable_seqscan = 'off', max_parallel_workers_per_gather = '0'
 Planning:
   Buffers: shared hit=113
 Planning Time: 0.225 ms
 Execution Time: 1165.012 ms
(10 rows)

