SET
SET
SET
SET
SET
                                                                       QUERY PLAN                                                                       
--------------------------------------------------------------------------------------------------------------------------------------------------------
 Index Scan using idx on public.t (actual rows=6048576.00 loops=1)
   Output: a, b
   Index Cond: ((t.a >= 28096) AND (t.a <= 3052383))
   Index Searches: 1
   Prefetch: distance=256.274 count=4829437 stalls=3 skipped=1269368 resets=0 ungets=50335 forwarded=66832
             histogram [2,4) => 18, [4,8) => 13, [8,16) => 11, [16,32) => 8, [32,64) => 23, [64,128) => 330, [128,256) => 1757252, [256,512) => 3071782
   Buffers: shared hit=4683651 read=111158
 Settings: enable_bitmapscan = 'off', enable_seqscan = 'off', max_parallel_workers_per_gather = '0'
 Planning:
   Buffers: shared hit=82 read=26
 Planning Time: 2.160 ms
 Execution Time: 2660.467 ms
(12 rows)

SET
SET
SET
SET
SET
                                             QUERY PLAN                                             
----------------------------------------------------------------------------------------------------
 Index Scan using idx on public.t (actual rows=6048576.00 loops=1)
   Output: a, b
   Index Cond: ((t.a >= 28096) AND (t.a <= 3052383))
   Index Searches: 1
   Buffers: shared hit=4795715
 Settings: enable_bitmapscan = 'off', enable_seqscan = 'off', max_parallel_workers_per_gather = '0'
 Planning:
   Buffers: shared hit=113
 Planning Time: 0.230 ms
 Execution Time: 883.454 ms
(10 rows)

