SET
SET
SET
SET
SET
                                                                 QUERY PLAN                                                                  
---------------------------------------------------------------------------------------------------------------------------------------------
 Index Scan using idx on public.t (actual rows=4096.00 loops=1)
   Output: a, b
   Index Cond: ((t.a >= 4254) AND (t.a <= 6301))
   Index Searches: 1
   Prefetch: distance=257.187 count=3421 stalls=1 skipped=815 resets=0 ungets=150 forwarded=73
             histogram [2,4) => 2, [4,8) => 3, [8,16) => 11, [16,32) => 13, [32,64) => 7, [64,128) => 3, [128,256) => 988, [256,512) => 2394
   Buffers: shared hit=3096 read=199
 Settings: enable_bitmapscan = 'off', enable_seqscan = 'off', max_parallel_workers_per_gather = '0'
 Planning:
   Buffers: shared hit=86 read=26
 Planning Time: 2.051 ms
 Execution Time: 4.436 ms
(12 rows)

SET
SET
SET
SET
SET
                                             QUERY PLAN                                             
----------------------------------------------------------------------------------------------------
 Index Scan using idx on public.t (actual rows=4096.00 loops=1)
   Output: a, b
   Index Cond: ((t.a >= 4254) AND (t.a <= 6301))
   Index Searches: 1
   Buffers: shared hit=3298
 Settings: enable_bitmapscan = 'off', enable_seqscan = 'off', max_parallel_workers_per_gather = '0'
 Planning:
   Buffers: shared hit=117
 Planning Time: 0.181 ms
 Execution Time: 0.806 ms
(10 rows)

