SET
SET
SET
SET
SET
                                                                    QUERY PLAN                                                                    
--------------------------------------------------------------------------------------------------------------------------------------------------
 Index Scan using idx on public.t (actual rows=65536.00 loops=1)
   Output: a, b
   Index Cond: ((t.a >= 11287) AND (t.a <= 44054))
   Index Searches: 1
   Prefetch: distance=256.643 count=52461 stalls=1 skipped=13627 resets=0 ungets=672 forwarded=782
             histogram [2,4) => 2, [4,8) => 10, [8,16) => 7, [16,32) => 16, [32,64) => 14, [64,128) => 15, [128,256) => 18573, [256,512) => 33824
   Buffers: shared hit=50728 read=1325
 Settings: enable_bitmapscan = 'off', enable_seqscan = 'off', max_parallel_workers_per_gather = '0'
 Planning:
   Buffers: shared hit=86 read=26
 Planning Time: 2.068 ms
 Execution Time: 34.384 ms
(12 rows)

SET
SET
SET
SET
SET
                                             QUERY PLAN                                             
----------------------------------------------------------------------------------------------------
 Index Scan using idx on public.t (actual rows=65536.00 loops=1)
   Output: a, b
   Index Cond: ((t.a >= 11287) AND (t.a <= 44054))
   Index Searches: 1
   Buffers: shared hit=52069
 Settings: enable_bitmapscan = 'off', enable_seqscan = 'off', max_parallel_workers_per_gather = '0'
 Planning:
   Buffers: shared hit=117
 Planning Time: 0.195 ms
 Execution Time: 9.067 ms
(10 rows)

