SET
SET
SET
SET
SET
                                                                   QUERY PLAN                                                                    
-------------------------------------------------------------------------------------------------------------------------------------------------
 Index Scan using idx on public.t (actual rows=131072.00 loops=1)
   Output: a, b
   Index Cond: ((t.a >= 29563) AND (t.a <= 95098))
   Index Searches: 1
   Prefetch: distance=256.668 count=104802 stalls=2 skipped=27376 resets=0 ungets=1201 forwarded=1526
             histogram [2,4) => 2, [4,8) => 6, [8,16) => 10, [16,32) => 13, [32,64) => 12, [64,128) => 3, [128,256) => 37026, [256,512) => 67730
   Buffers: shared hit=101479 read=2531
 Settings: enable_bitmapscan = 'off', enable_seqscan = 'off', max_parallel_workers_per_gather = '0'
 Planning:
   Buffers: shared hit=82 read=26
 Planning Time: 2.069 ms
 Execution Time: 63.795 ms
(12 rows)

SET
SET
SET
SET
SET
                                             QUERY PLAN                                             
----------------------------------------------------------------------------------------------------
 Index Scan using idx on public.t (actual rows=131072.00 loops=1)
   Output: a, b
   Index Cond: ((t.a >= 29563) AND (t.a <= 95098))
   Index Searches: 1
   Buffers: shared hit=104038
 Settings: enable_bitmapscan = 'off', enable_seqscan = 'off', max_parallel_workers_per_gather = '0'
 Planning:
   Buffers: shared hit=113
 Planning Time: 0.196 ms
 Execution Time: 16.119 ms
(10 rows)

