SET
SET
SET
SET
SET
                                                                      QUERY PLAN                                                                      
------------------------------------------------------------------------------------------------------------------------------------------------------
 Index Scan using idx on public.t (actual rows=6048576.00 loops=1)
   Output: a, b
   Index Cond: ((t.a >= 451) AND (t.a <= 3024738))
   Index Searches: 1
   Prefetch: distance=256.260 count=4829366 stalls=5 skipped=1269413 resets=0 ungets=50287 forwarded=66802
             histogram [2,4) => 4, [4,8) => 5, [8,16) => 8, [16,32) => 13, [32,64) => 21, [64,128) => 337, [128,256) => 1758120, [256,512) => 3070858
   Buffers: shared hit=4683655 read=111114
 Settings: enable_bitmapscan = 'off', enable_seqscan = 'off', max_parallel_workers_per_gather = '0'
 Planning:
   Buffers: shared hit=82 read=26
 Planning Time: 2.073 ms
 Execution Time: 2651.981 ms
(12 rows)

SET
SET
SET
SET
SET
                                             QUERY PLAN                                             
----------------------------------------------------------------------------------------------------
 Index Scan using idx on public.t (actual rows=6048576.00 loops=1)
   Output: a, b
   Index Cond: ((t.a >= 451) AND (t.a <= 3024738))
   Index Searches: 1
   Buffers: shared hit=4795678
 Settings: enable_bitmapscan = 'off', enable_seqscan = 'off', max_parallel_workers_per_gather = '0'
 Planning:
   Buffers: shared hit=113
 Planning Time: 0.221 ms
 Execution Time: 884.408 ms
(10 rows)

