SET
SET
SET
SET
SET
                                                                    QUERY PLAN                                                                    
--------------------------------------------------------------------------------------------------------------------------------------------------
 Index Scan using idx on public.t (actual rows=262144.00 loops=1)
   Output: a, b
   Index Cond: ((t.a >= 9370) AND (t.a <= 140441))
   Index Searches: 1
   Prefetch: distance=256.311 count=209764 stalls=1 skipped=54787 resets=0 ungets=2419 forwarded=2988
             histogram [2,4) => 2, [4,8) => 4, [8,16) => 13, [16,32) => 13, [32,64) => 3, [64,128) => 12, [128,256) => 75853, [256,512) => 133864
   Buffers: shared hit=203098 read=4938
 Settings: enable_bitmapscan = 'off', enable_seqscan = 'off', max_parallel_workers_per_gather = '0'
 Planning:
   Buffers: shared hit=82 read=26
 Planning Time: 2.054 ms
 Execution Time: 119.830 ms
(12 rows)

SET
SET
SET
SET
SET
                                             QUERY PLAN                                             
----------------------------------------------------------------------------------------------------
 Index Scan using idx on public.t (actual rows=262144.00 loops=1)
   Output: a, b
   Index Cond: ((t.a >= 9370) AND (t.a <= 140441))
   Index Searches: 1
   Buffers: shared hit=208076
 Settings: enable_bitmapscan = 'off', enable_seqscan = 'off', max_parallel_workers_per_gather = '0'
 Planning:
   Buffers: shared hit=113
 Planning Time: 0.183 ms
 Execution Time: 32.705 ms
(10 rows)

