SET
SET
SET
SET
SET
                                                                      QUERY PLAN                                                                       
-------------------------------------------------------------------------------------------------------------------------------------------------------
 Index Scan using idx on public.t (actual rows=5048576.00 loops=1)
   Output: a, b
   Index Cond: ((t.a >= 6202) AND (t.a <= 2530489))
   Index Searches: 1
   Prefetch: distance=256.261 count=4031012 stalls=2 skipped=1059047 resets=0 ungets=41632 forwarded=55633
             histogram [2,4) => 2, [4,8) => 5, [8,16) => 14, [16,32) => 16, [32,64) => 25, [64,128) => 370, [128,256) => 1467228, [256,512) => 2563352
   Buffers: shared hit=3909747 read=92805
 Settings: enable_bitmapscan = 'off', enable_seqscan = 'off', max_parallel_workers_per_gather = '0'
 Planning:
   Buffers: shared hit=82 read=26
 Planning Time: 2.066 ms
 Execution Time: 2212.721 ms
(12 rows)

SET
SET
SET
SET
SET
                                             QUERY PLAN                                             
----------------------------------------------------------------------------------------------------
 Index Scan using idx on public.t (actual rows=5048576.00 loops=1)
   Output: a, b
   Index Cond: ((t.a >= 6202) AND (t.a <= 2530489))
   Index Searches: 1
   Buffers: shared hit=4003297
 Settings: enable_bitmapscan = 'off', enable_seqscan = 'off', max_parallel_workers_per_gather = '0'
 Planning:
   Buffers: shared hit=113
 Planning Time: 0.229 ms
 Execution Time: 736.824 ms
(10 rows)

