SET
SET
SET
SET
SET
                                                                  QUERY PLAN                                                                   
-----------------------------------------------------------------------------------------------------------------------------------------------
 Index Scan using idx on public.t (actual rows=8192.00 loops=1)
   Output: a, b
   Index Cond: ((t.a >= 31881) AND (t.a <= 35976))
   Index Searches: 1
   Prefetch: distance=253.399 count=6586 stalls=1 skipped=1669 resets=0 ungets=131 forwarded=109
             histogram [2,4) => 2, [4,8) => 3, [8,16) => 13, [16,32) => 12, [32,64) => 26, [64,128) => 6, [128,256) => 2497, [256,512) => 4027
   Buffers: shared hit=6259 read=276
 Settings: enable_bitmapscan = 'off', enable_seqscan = 'off', max_parallel_workers_per_gather = '0'
 Planning:
   Buffers: shared hit=86 read=26
 Planning Time: 2.077 ms
 Execution Time: 8.996 ms
(12 rows)

SET
SET
SET
SET
SET
                                             QUERY PLAN                                             
----------------------------------------------------------------------------------------------------
 Index Scan using idx on public.t (actual rows=8192.00 loops=1)
   Output: a, b
   Index Cond: ((t.a >= 31881) AND (t.a <= 35976))
   Index Searches: 1
   Buffers: shared hit=6537
 Settings: enable_bitmapscan = 'off', enable_seqscan = 'off', max_parallel_workers_per_gather = '0'
 Planning:
   Buffers: shared hit=117
 Planning Time: 0.202 ms
 Execution Time: 1.482 ms
(10 rows)

