SET
SET
SET
SET
SET
                                                                 QUERY PLAN                                                                  
---------------------------------------------------------------------------------------------------------------------------------------------
 Index Scan using idx on public.t (actual rows=4096.00 loops=1)
   Output: a, b
   Index Cond: ((t.a >= 24406) AND (t.a <= 26453))
   Index Searches: 1
   Prefetch: distance=255.487 count=3290 stalls=4 skipped=884 resets=0 ungets=135 forwarded=58
             histogram [2,4) => 2, [4,8) => 3, [8,16) => 7, [16,32) => 19, [32,64) => 2, [64,128) => 3, [128,256) => 1018, [256,512) => 2236
   Buffers: shared hit=3014 read=204
 Settings: enable_bitmapscan = 'off', enable_seqscan = 'off', max_parallel_workers_per_gather = '0'
 Planning:
   Buffers: shared hit=86 read=26
 Planning Time: 2.057 ms
 Execution Time: 5.599 ms
(12 rows)

SET
SET
SET
SET
SET
                                             QUERY PLAN                                             
----------------------------------------------------------------------------------------------------
 Index Scan using idx on public.t (actual rows=4096.00 loops=1)
   Output: a, b
   Index Cond: ((t.a >= 24406) AND (t.a <= 26453))
   Index Searches: 1
   Buffers: shared hit=3219
 Settings: enable_bitmapscan = 'off', enable_seqscan = 'off', max_parallel_workers_per_gather = '0'
 Planning:
   Buffers: shared hit=117
 Planning Time: 0.201 ms
 Execution Time: 0.833 ms
(10 rows)

