SET
SET
SET
SET
SET
                                                                  QUERY PLAN                                                                  
----------------------------------------------------------------------------------------------------------------------------------------------
 Index Scan using idx on public.t (actual rows=1024.00 loops=1)
   Output: a, b
   Index Cond: ((t.a >= 30061) AND (t.a <= 30572))
   Index Searches: 1
   Prefetch: distance=202.998 count=626 stalls=17 skipped=162 resets=0 ungets=20 forwarded=17
             histogram [2,4) => 8, [4,8) => 10, [8,16) => 9, [16,32) => 20, [32,64) => 34, [64,128) => 59, [128,256) => 173, [256,512) => 313
   Buffers: shared hit=688 read=143
 Settings: enable_bitmapscan = 'off', enable_seqscan = 'off', max_parallel_workers_per_gather = '0'
 Planning:
   Buffers: shared hit=86 read=26
 Planning Time: 2.073 ms
 Execution Time: 5.695 ms
(12 rows)

SET
SET
SET
SET
SET
                                             QUERY PLAN                                             
----------------------------------------------------------------------------------------------------
 Index Scan using idx on public.t (actual rows=1024.00 loops=1)
   Output: a, b
   Index Cond: ((t.a >= 30061) AND (t.a <= 30572))
   Index Searches: 1
   Buffers: shared hit=831
 Settings: enable_bitmapscan = 'off', enable_seqscan = 'off', max_parallel_workers_per_gather = '0'
 Planning:
   Buffers: shared hit=117
 Planning Time: 0.152 ms
 Execution Time: 0.176 ms
(10 rows)

