SET
SET
SET
SET
SET
                                                                 QUERY PLAN                                                                  
---------------------------------------------------------------------------------------------------------------------------------------------
 Index Scan using idx on public.t (actual rows=2048.00 loops=1)
   Output: a, b
   Index Cond: ((t.a >= 13528) AND (t.a <= 14551))
   Index Searches: 1
   Prefetch: distance=256.879 count=1724 stalls=3 skipped=398 resets=0 ungets=116 forwarded=45
             histogram [2,4) => 2, [4,8) => 8, [8,16) => 10, [16,32) => 13, [32,64) => 3, [64,128) => 3, [128,256) => 339, [256,512) => 1346
   Buffers: shared hit=1494 read=164
 Settings: enable_bitmapscan = 'off', enable_seqscan = 'off', max_parallel_workers_per_gather = '0'
 Planning:
   Buffers: shared hit=86 read=26
 Planning Time: 2.089 ms
 Execution Time: 4.481 ms
(12 rows)

SET
SET
SET
SET
SET
                                             QUERY PLAN                                             
----------------------------------------------------------------------------------------------------
 Index Scan using idx on public.t (actual rows=2048.00 loops=1)
   Output: a, b
   Index Cond: ((t.a >= 13528) AND (t.a <= 14551))
   Index Searches: 1
   Buffers: shared hit=1659
 Settings: enable_bitmapscan = 'off', enable_seqscan = 'off', max_parallel_workers_per_gather = '0'
 Planning:
   Buffers: shared hit=117
 Planning Time: 0.194 ms
 Execution Time: 0.513 ms
(10 rows)

