SET
SET
SET
SET
SET
                                                                     QUERY PLAN                                                                     
----------------------------------------------------------------------------------------------------------------------------------------------------
 Index Scan using idx on public.t (actual rows=524288.00 loops=1)
   Output: a, b
   Index Cond: ((t.a >= 2596) AND (t.a <= 264739))
   Index Searches: 1
   Prefetch: distance=256.455 count=418712 stalls=1 skipped=110009 resets=0 ungets=4527 forwarded=5859
             histogram [2,4) => 2, [4,8) => 4, [8,16) => 13, [16,32) => 13, [32,64) => 16, [64,128) => 13, [128,256) => 150909, [256,512) => 267742
   Buffers: shared hit=405871 read=9741
 Settings: enable_bitmapscan = 'off', enable_seqscan = 'off', max_parallel_workers_per_gather = '0'
 Planning:
   Buffers: shared hit=82 read=26
 Planning Time: 2.061 ms
 Execution Time: 237.008 ms
(12 rows)

SET
SET
SET
SET
SET
                                             QUERY PLAN                                             
----------------------------------------------------------------------------------------------------
 Index Scan using idx on public.t (actual rows=524288.00 loops=1)
   Output: a, b
   Index Cond: ((t.a >= 2596) AND (t.a <= 264739))
   Index Searches: 1
   Buffers: shared hit=415700
 Settings: enable_bitmapscan = 'off', enable_seqscan = 'off', max_parallel_workers_per_gather = '0'
 Planning:
   Buffers: shared hit=113
 Planning Time: 0.179 ms
 Execution Time: 75.966 ms
(10 rows)

