SET
SET
SET
SET
SET
                                                                  QUERY PLAN                                                                  
----------------------------------------------------------------------------------------------------------------------------------------------
 Index Scan using idx on public.t (actual rows=16384.00 loops=1)
   Output: a, b
   Index Cond: ((t.a >= 1229) AND (t.a <= 9420))
   Index Searches: 1
   Prefetch: distance=256.720 count=13151 stalls=1 skipped=3419 resets=0 ungets=212 forwarded=211
             histogram [2,4) => 2, [4,8) => 3, [8,16) => 13, [16,32) => 10, [32,64) => 3, [64,128) => 3, [128,256) => 4580, [256,512) => 8537
   Buffers: shared hit=12613 read=393
 Settings: enable_bitmapscan = 'off', enable_seqscan = 'off', max_parallel_workers_per_gather = '0'
 Planning:
   Buffers: shared hit=86 read=26
 Planning Time: 2.089 ms
 Execution Time: 9.643 ms
(12 rows)

SET
SET
SET
SET
SET
                                             QUERY PLAN                                             
----------------------------------------------------------------------------------------------------
 Index Scan using idx on public.t (actual rows=16384.00 loops=1)
   Output: a, b
   Index Cond: ((t.a >= 1229) AND (t.a <= 9420))
   Index Searches: 1
   Buffers: shared hit=13009
 Settings: enable_bitmapscan = 'off', enable_seqscan = 'off', max_parallel_workers_per_gather = '0'
 Planning:
   Buffers: shared hit=117
 Planning Time: 0.203 ms
 Execution Time: 2.589 ms
(10 rows)

