SET
SET
SET
SET
SET
                                                                      QUERY PLAN                                                                      
------------------------------------------------------------------------------------------------------------------------------------------------------
 Index Scan using idx on public.t (actual rows=4048576.00 loops=1)
   Output: a, b
   Index Cond: ((t.a >= 2198) AND (t.a <= 2026485))
   Index Searches: 1
   Prefetch: distance=256.285 count=3232628 stalls=1 skipped=849076 resets=0 ungets=33232 forwarded=44634
             histogram [2,4) => 4, [4,8) => 7, [8,16) => 10, [16,32) => 9, [32,64) => 13, [64,128) => 266, [128,256) => 1176149, [256,512) => 2056170
   Buffers: shared hit=3135522 read=74436
 Settings: enable_bitmapscan = 'off', enable_seqscan = 'off', max_parallel_workers_per_gather = '0'
 Planning:
   Buffers: shared hit=82 read=26
 Planning Time: 2.076 ms
 Execution Time: 1772.084 ms
(12 rows)

SET
SET
SET
SET
SET
                                             QUERY PLAN                                             
----------------------------------------------------------------------------------------------------
 Index Scan using idx on public.t (actual rows=4048576.00 loops=1)
   Output: a, b
   Index Cond: ((t.a >= 2198) AND (t.a <= 2026485))
   Index Searches: 1
   Buffers: shared hit=3210549
 Settings: enable_bitmapscan = 'off', enable_seqscan = 'off', max_parallel_workers_per_gather = '0'
 Planning:
   Buffers: shared hit=113
 Planning Time: 0.225 ms
 Execution Time: 589.805 ms
(10 rows)

