SET
SET
SET
SET
SET
                                                                    QUERY PLAN                                                                    
--------------------------------------------------------------------------------------------------------------------------------------------------
 Index Scan using idx on public.t (actual rows=262144.00 loops=1)
   Output: a, b
   Index Cond: ((t.a >= 9404) AND (t.a <= 140475))
   Index Searches: 1
   Prefetch: distance=256.333 count=209692 stalls=1 skipped=54772 resets=0 ungets=2400 forwarded=2983
             histogram [2,4) => 2, [4,8) => 8, [8,16) => 5, [16,32) => 19, [32,64) => 11, [64,128) => 11, [128,256) => 75696, [256,512) => 133940
   Buffers: shared hit=203081 read=4942
 Settings: enable_bitmapscan = 'off', enable_seqscan = 'off', max_parallel_workers_per_gather = '0'
 Planning:
   Buffers: shared hit=82 read=26
 Planning Time: 2.073 ms
 Execution Time: 122.614 ms
(12 rows)

SET
SET
SET
SET
SET
                                             QUERY PLAN                                             
----------------------------------------------------------------------------------------------------
 Index Scan using idx on public.t (actual rows=262144.00 loops=1)
   Output: a, b
   Index Cond: ((t.a >= 9404) AND (t.a <= 140475))
   Index Searches: 1
   Buffers: shared hit=208069
 Settings: enable_bitmapscan = 'off', enable_seqscan = 'off', max_parallel_workers_per_gather = '0'
 Planning:
   Buffers: shared hit=113
 Planning Time: 0.199 ms
 Execution Time: 31.173 ms
(10 rows)

