SET
SET
SET
SET
SET
                                                                    QUERY PLAN                                                                    
--------------------------------------------------------------------------------------------------------------------------------------------------
 Index Scan using idx on public.t (actual rows=32768.00 loops=1)
   Output: a, b
   Index Cond: ((t.a >= 18337) AND (t.a <= 34720))
   Index Searches: 1
   Prefetch: distance=255.807 count=26127 stalls=11 skipped=6869 resets=0 ungets=356 forwarded=388
             histogram [2,4) => 17, [4,8) => 10, [8,16) => 13, [16,32) => 28, [32,64) => 27, [64,128) => 9, [128,256) => 9277, [256,512) => 16746
   Buffers: shared hit=25237 read=728
 Settings: enable_bitmapscan = 'off', enable_seqscan = 'off', max_parallel_workers_per_gather = '0'
 Planning:
   Buffers: shared hit=86 read=26
 Planning Time: 2.072 ms
 Execution Time: 20.465 ms
(12 rows)

SET
SET
SET
SET
SET
                                             QUERY PLAN                                             
----------------------------------------------------------------------------------------------------
 Index Scan using idx on public.t (actual rows=32768.00 loops=1)
   Output: a, b
   Index Cond: ((t.a >= 18337) AND (t.a <= 34720))
   Index Searches: 1
   Buffers: shared hit=25975
 Settings: enable_bitmapscan = 'off', enable_seqscan = 'off', max_parallel_workers_per_gather = '0'
 Planning:
   Buffers: shared hit=117
 Planning Time: 0.209 ms
 Execution Time: 3.179 ms
(10 rows)

