SET
SET
SET
SET
SET
                                                                      QUERY PLAN                                                                      
------------------------------------------------------------------------------------------------------------------------------------------------------
 Index Scan using idx on public.t (actual rows=7048576.00 loops=1)
   Output: a, b
   Index Cond: ((t.a >= 30603) AND (t.a <= 3554890))
   Index Searches: 1
   Prefetch: distance=256.271 count=5626915 stalls=1 skipped=1479855 resets=0 ungets=58276 forwarded=77756
             histogram [2,4) => 2, [4,8) => 7, [8,16) => 5, [16,32) => 19, [32,64) => 16, [64,128) => 447, [128,256) => 2048147, [256,512) => 3578272
   Buffers: shared hit=5457422 read=129517
 Settings: enable_bitmapscan = 'off', enable_seqscan = 'off', max_parallel_workers_per_gather = '0'
 Planning:
   Buffers: shared hit=82 read=26
 Planning Time: 2.064 ms
 Execution Time: 3101.275 ms
(12 rows)

SET
SET
SET
SET
SET
                                             QUERY PLAN                                             
----------------------------------------------------------------------------------------------------
 Index Scan using idx on public.t (actual rows=7048576.00 loops=1)
   Output: a, b
   Index Cond: ((t.a >= 30603) AND (t.a <= 3554890))
   Index Searches: 1
   Buffers: shared hit=5587971
 Settings: enable_bitmapscan = 'off', enable_seqscan = 'off', max_parallel_workers_per_gather = '0'
 Planning:
   Buffers: shared hit=113
 Planning Time: 0.220 ms
 Execution Time: 1030.999 ms
(10 rows)

