SET
SET
SET
SET
SET
                                                                      QUERY PLAN                                                                       
-------------------------------------------------------------------------------------------------------------------------------------------------------
 Index Scan using idx on public.t (actual rows=6048576.00 loops=1)
   Output: a, b
   Index Cond: ((t.a >= 27153) AND (t.a <= 3051440))
   Index Searches: 1
   Prefetch: distance=256.269 count=4829328 stalls=3 skipped=1269379 resets=0 ungets=50181 forwarded=66803
             histogram [2,4) => 8, [4,8) => 7, [8,16) => 14, [16,32) => 10, [32,64) => 11, [64,128) => 343, [128,256) => 1757666, [256,512) => 3071269
   Buffers: shared hit=4683652 read=111164
 Settings: enable_bitmapscan = 'off', enable_seqscan = 'off', max_parallel_workers_per_gather = '0'
 Planning:
   Buffers: shared hit=82 read=26
 Planning Time: 2.087 ms
 Execution Time: 2657.114 ms
(12 rows)

SET
SET
SET
SET
SET
                                             QUERY PLAN                                             
----------------------------------------------------------------------------------------------------
 Index Scan using idx on public.t (actual rows=6048576.00 loops=1)
   Output: a, b
   Index Cond: ((t.a >= 27153) AND (t.a <= 3051440))
   Index Searches: 1
   Buffers: shared hit=4795719
 Settings: enable_bitmapscan = 'off', enable_seqscan = 'off', max_parallel_workers_per_gather = '0'
 Planning:
   Buffers: shared hit=113
 Planning Time: 0.219 ms
 Execution Time: 879.404 ms
(10 rows)

