SET
SET
SET
SET
SET
                                                              QUERY PLAN                                                               
---------------------------------------------------------------------------------------------------------------------------------------
 Index Scan Backward using idx on public.t (actual rows=2048.00 loops=1)
   Output: a, b
   Index Cond: ((t.a >= 639) AND (t.a <= 702))
   Index Searches: 1
   Prefetch: distance=131.236 count=55 stalls=2 skipped=1938 resets=0 ungets=15 forwarded=10
             histogram [2,4) => 4, [4,8) => 7, [8,16) => 6, [16,32) => 9, [32,64) => 1, [64,128) => 2, [128,256) => 3, [256,512) => 23
   Buffers: shared hit=27 read=23
 Settings: enable_bitmapscan = 'off', enable_seqscan = 'off', max_parallel_workers_per_gather = '0'
 Planning:
   Buffers: shared hit=86 read=27
 Planning Time: 1.090 ms
 Execution Time: 1.132 ms
(12 rows)

SET
SET
SET
SET
SET
                                             QUERY PLAN                                             
----------------------------------------------------------------------------------------------------
 Index Scan Backward using idx on public.t (actual rows=2048.00 loops=1)
   Output: a, b
   Index Cond: ((t.a >= 639) AND (t.a <= 702))
   Index Searches: 1
   Buffers: shared hit=50
 Settings: enable_bitmapscan = 'off', enable_seqscan = 'off', max_parallel_workers_per_gather = '0'
 Planning:
   Buffers: shared hit=118
 Planning Time: 0.201 ms
 Execution Time: 0.126 ms
(10 rows)

