SET
SET
SET
SET
SET
                                                                QUERY PLAN                                                                
------------------------------------------------------------------------------------------------------------------------------------------
 Index Scan Backward using idx on public.t (actual rows=8192.00 loops=1)
   Output: a, b
   Index Cond: ((t.a >= 6519) AND (t.a <= 6774))
   Index Searches: 1
   Prefetch: distance=221.593 count=302 stalls=4 skipped=7371 resets=0 ungets=124 forwarded=52
             histogram [2,4) => 23, [4,8) => 16, [8,16) => 6, [16,32) => 8, [32,64) => 2, [64,128) => 3, [128,256) => 1, [256,512) => 243
   Buffers: shared hit=120 read=87
 Settings: enable_bitmapscan = 'off', enable_seqscan = 'off', max_parallel_workers_per_gather = '0'
 Planning:
   Buffers: shared hit=82 read=23
 Planning Time: 1.004 ms
 Execution Time: 3.687 ms
(12 rows)

SET
SET
SET
SET
SET
                                             QUERY PLAN                                             
----------------------------------------------------------------------------------------------------
 Index Scan Backward using idx on public.t (actual rows=8192.00 loops=1)
   Output: a, b
   Index Cond: ((t.a >= 6519) AND (t.a <= 6774))
   Index Searches: 1
   Buffers: shared hit=208
 Settings: enable_bitmapscan = 'off', enable_seqscan = 'off', max_parallel_workers_per_gather = '0'
 Planning:
   Buffers: shared hit=110
 Planning Time: 0.186 ms
 Execution Time: 0.420 ms
(10 rows)

