SET
SET
SET
SET
SET
                                             QUERY PLAN                                             
----------------------------------------------------------------------------------------------------
 Index Scan using idx on public.t (actual rows=512.00 loops=1)
   Output: a, b
   Index Cond: ((t.a >= 7291) AND (t.a <= 7546))
   Index Searches: 1
   Prefetch: distance=2.267 count=45 stalls=128 skipped=36 resets=0 ungets=0 forwarded=0
             histogram [2,4) => 39, [4,8) => 6
   Buffers: shared hit=288 read=133
 Settings: enable_bitmapscan = 'off', enable_seqscan = 'off', max_parallel_workers_per_gather = '0'
 Planning:
   Buffers: shared hit=86 read=26
 Planning Time: 2.080 ms
 Execution Time: 5.585 ms
(12 rows)

SET
SET
SET
SET
SET
                                             QUERY PLAN                                             
----------------------------------------------------------------------------------------------------
 Index Scan using idx on public.t (actual rows=512.00 loops=1)
   Output: a, b
   Index Cond: ((t.a >= 7291) AND (t.a <= 7546))
   Index Searches: 1
   Buffers: shared hit=421
 Settings: enable_bitmapscan = 'off', enable_seqscan = 'off', max_parallel_workers_per_gather = '0'
 Planning:
   Buffers: shared hit=117
 Planning Time: 0.204 ms
 Execution Time: 0.258 ms
(10 rows)

