SET
SET
SET
SET
SET
                                                                  QUERY PLAN                                                                   
-----------------------------------------------------------------------------------------------------------------------------------------------
 Index Scan using idx on public.t (actual rows=131072.00 loops=1)
   Output: a, b
   Index Cond: ((t.a >= 17819) AND (t.a <= 83354))
   Index Searches: 1
   Prefetch: distance=256.652 count=104875 stalls=1 skipped=27424 resets=0 ungets=1257 forwarded=1526
             histogram [2,4) => 2, [4,8) => 4, [8,16) => 8, [16,32) => 24, [32,64) => 2, [64,128) => 3, [128,256) => 37252, [256,512) => 67580
   Buffers: shared hit=101440 read=2539
 Settings: enable_bitmapscan = 'off', enable_seqscan = 'off', max_parallel_workers_per_gather = '0'
 Planning:
   Buffers: shared hit=82 read=26
 Planning Time: 2.091 ms
 Execution Time: 62.830 ms
(12 rows)

SET
SET
SET
SET
SET
                                             QUERY PLAN                                             
----------------------------------------------------------------------------------------------------
 Index Scan using idx on public.t (actual rows=131072.00 loops=1)
   Output: a, b
   Index Cond: ((t.a >= 17819) AND (t.a <= 83354))
   Index Searches: 1
   Buffers: shared hit=104009
 Settings: enable_bitmapscan = 'off', enable_seqscan = 'off', max_parallel_workers_per_gather = '0'
 Planning:
   Buffers: shared hit=113
 Planning Time: 0.178 ms
 Execution Time: 13.386 ms
(10 rows)

