SET
SET
SET
SET
SET
                                                                QUERY PLAN                                                                 
-------------------------------------------------------------------------------------------------------------------------------------------
 Index Scan Backward using idx on public.t (actual rows=32768.00 loops=1)
   Output: a, b
   Index Cond: ((t.a >= 25622) AND (t.a <= 26645))
   Index Searches: 1
   Prefetch: distance=263.711 count=1402 stalls=1 skipped=31658 resets=0 ungets=677 forwarded=202
             histogram [2,4) => 16, [4,8) => 11, [8,16) => 7, [16,32) => 6, [32,64) => 2, [64,128) => 3, [128,256) => 1, [256,512) => 1356
   Buffers: shared hit=422 read=339
 Settings: enable_bitmapscan = 'off', enable_seqscan = 'off', max_parallel_workers_per_gather = '0'
 Planning:
   Buffers: shared hit=82 read=23
 Planning Time: 0.935 ms
 Execution Time: 9.924 ms
(12 rows)

SET
SET
SET
SET
SET
                                             QUERY PLAN                                             
----------------------------------------------------------------------------------------------------
 Index Scan Backward using idx on public.t (actual rows=32768.00 loops=1)
   Output: a, b
   Index Cond: ((t.a >= 25622) AND (t.a <= 26645))
   Index Searches: 1
   Buffers: shared hit=766
 Settings: enable_bitmapscan = 'off', enable_seqscan = 'off', max_parallel_workers_per_gather = '0'
 Planning:
   Buffers: shared hit=110
 Planning Time: 0.150 ms
 Execution Time: 1.223 ms
(10 rows)

