SET
SET
SET
SET
SET
                                                                     QUERY PLAN                                                                     
----------------------------------------------------------------------------------------------------------------------------------------------------
 Index Scan using idx on public.t (actual rows=524288.00 loops=1)
   Output: a, b
   Index Cond: ((t.a >= 242) AND (t.a <= 262385))
   Index Searches: 1
   Prefetch: distance=256.351 count=418690 stalls=1 skipped=109942 resets=0 ungets=4488 forwarded=5858
             histogram [2,4) => 6, [4,8) => 5, [8,16) => 11, [16,32) => 32, [32,64) => 21, [64,128) => 77, [128,256) => 151238, [256,512) => 267300
   Buffers: shared hit=405969 read=9696
 Settings: enable_bitmapscan = 'off', enable_seqscan = 'off', max_parallel_workers_per_gather = '0'
 Planning:
   Buffers: shared hit=82 read=26
 Planning Time: 2.070 ms
 Execution Time: 236.628 ms
(12 rows)

SET
SET
SET
SET
SET
                                             QUERY PLAN                                             
----------------------------------------------------------------------------------------------------
 Index Scan using idx on public.t (actual rows=524288.00 loops=1)
   Output: a, b
   Index Cond: ((t.a >= 242) AND (t.a <= 262385))
   Index Searches: 1
   Buffers: shared hit=415748
 Settings: enable_bitmapscan = 'off', enable_seqscan = 'off', max_parallel_workers_per_gather = '0'
 Planning:
   Buffers: shared hit=113
 Planning Time: 0.186 ms
 Execution Time: 76.182 ms
(10 rows)

