SET
SET
SET
SET
SET
                                             QUERY PLAN                                             
----------------------------------------------------------------------------------------------------
 Index Scan using idx on public.t (actual rows=4096.00 loops=1)
   Output: a, b
   Index Cond: ((t.a >= 8404) AND (t.a <= 10451))
   Index Searches: 1
   Prefetch: distance=3.161 count=217 stalls=2816 skipped=806 resets=0 ungets=0 forwarded=0
             histogram [2,4) => 157, [4,8) => 45, [8,16) => 14, [16,32) => 1
   Buffers: shared hit=3062 read=199
 Settings: enable_bitmapscan = 'off', enable_seqscan = 'off', max_parallel_workers_per_gather = '0'
 Planning:
   Buffers: shared hit=86 read=26
 Planning Time: 2.057 ms
 Execution Time: 8.454 ms
(12 rows)

SET
SET
SET
SET
SET
                                             QUERY PLAN                                             
----------------------------------------------------------------------------------------------------
 Index Scan using idx on public.t (actual rows=4096.00 loops=1)
   Output: a, b
   Index Cond: ((t.a >= 8404) AND (t.a <= 10451))
   Index Searches: 1
   Buffers: shared hit=3261
 Settings: enable_bitmapscan = 'off', enable_seqscan = 'off', max_parallel_workers_per_gather = '0'
 Planning:
   Buffers: shared hit=117
 Planning Time: 0.201 ms
 Execution Time: 0.828 ms
(10 rows)

