SET
SET
SET
SET
SET
                                                                 QUERY PLAN                                                                  
---------------------------------------------------------------------------------------------------------------------------------------------
 Index Scan using idx on public.t (actual rows=1024.00 loops=1)
   Output: a, b
   Index Cond: ((t.a >= 1604) AND (t.a <= 2115))
   Index Searches: 1
   Prefetch: distance=250.334 count=839 stalls=1 skipped=213 resets=0 ungets=84 forwarded=28
             histogram [2,4) => 2, [4,8) => 6, [8,16) => 11, [16,32) => 12, [32,64) => 14, [64,128) => 3, [128,256) => 127, [256,512) => 664
   Buffers: shared hit=682 read=125
 Settings: enable_bitmapscan = 'off', enable_seqscan = 'off', max_parallel_workers_per_gather = '0'
 Planning:
   Buffers: shared hit=86 read=26
 Planning Time: 2.058 ms
 Execution Time: 4.251 ms
(12 rows)

SET
SET
SET
SET
SET
                                             QUERY PLAN                                             
----------------------------------------------------------------------------------------------------
 Index Scan using idx on public.t (actual rows=1024.00 loops=1)
   Output: a, b
   Index Cond: ((t.a >= 1604) AND (t.a <= 2115))
   Index Searches: 1
   Buffers: shared hit=808
 Settings: enable_bitmapscan = 'off', enable_seqscan = 'off', max_parallel_workers_per_gather = '0'
 Planning:
   Buffers: shared hit=117
 Planning Time: 0.190 ms
 Execution Time: 0.327 ms
(10 rows)

