SET
SET
SET
SET
SET
                                                                  QUERY PLAN                                                                   
-----------------------------------------------------------------------------------------------------------------------------------------------
 Index Scan using idx on public.t (actual rows=32768.00 loops=1)
   Output: a, b
   Index Cond: ((t.a >= 2387) AND (t.a <= 18770))
   Index Searches: 1
   Prefetch: distance=256.140 count=26220 stalls=1 skipped=6808 resets=0 ungets=320 forwarded=389
             histogram [2,4) => 4, [4,8) => 5, [8,16) => 13, [16,32) => 14, [32,64) => 9, [64,128) => 5, [128,256) => 9467, [256,512) => 16703
   Buffers: shared hit=25321 read=719
 Settings: enable_bitmapscan = 'off', enable_seqscan = 'off', max_parallel_workers_per_gather = '0'
 Planning:
   Buffers: shared hit=86 read=26
 Planning Time: 2.055 ms
 Execution Time: 18.970 ms
(12 rows)

SET
SET
SET
SET
SET
                                             QUERY PLAN                                             
----------------------------------------------------------------------------------------------------
 Index Scan using idx on public.t (actual rows=32768.00 loops=1)
   Output: a, b
   Index Cond: ((t.a >= 2387) AND (t.a <= 18770))
   Index Searches: 1
   Buffers: shared hit=26042
 Settings: enable_bitmapscan = 'off', enable_seqscan = 'off', max_parallel_workers_per_gather = '0'
 Planning:
   Buffers: shared hit=117
 Planning Time: 0.202 ms
 Execution Time: 4.822 ms
(10 rows)

