SET
SET
SET
SET
SET
                                                                      QUERY PLAN                                                                      
------------------------------------------------------------------------------------------------------------------------------------------------------
 Index Scan using idx on public.t (actual rows=7048576.00 loops=1)
   Output: a, b
   Index Cond: ((t.a >= 8849) AND (t.a <= 3533136))
   Index Searches: 1
   Prefetch: distance=256.270 count=5626953 stalls=2 skipped=1479740 resets=0 ungets=58246 forwarded=77782
             histogram [2,4) => 2, [4,8) => 9, [8,16) => 8, [16,32) => 16, [32,64) => 17, [64,128) => 404, [128,256) => 2048492, [256,512) => 3578005
   Buffers: shared hit=5457514 read=129517
 Settings: enable_bitmapscan = 'off', enable_seqscan = 'off', max_parallel_workers_per_gather = '0'
 Planning:
   Buffers: shared hit=82 read=26
 Planning Time: 2.089 ms
 Execution Time: 3100.344 ms
(12 rows)

SET
SET
SET
SET
SET
                                             QUERY PLAN                                             
----------------------------------------------------------------------------------------------------
 Index Scan using idx on public.t (actual rows=7048576.00 loops=1)
   Output: a, b
   Index Cond: ((t.a >= 8849) AND (t.a <= 3533136))
   Index Searches: 1
   Buffers: shared hit=5588072
 Settings: enable_bitmapscan = 'off', enable_seqscan = 'off', max_parallel_workers_per_gather = '0'
 Planning:
   Buffers: shared hit=113
 Planning Time: 0.226 ms
 Execution Time: 1030.880 ms
(10 rows)

