SET
SET
SET
SET
SET
                                                                       QUERY PLAN                                                                        
---------------------------------------------------------------------------------------------------------------------------------------------------------
 Index Scan using idx on public.t (actual rows=8048576.00 loops=1)
   Output: a, b
   Index Cond: ((t.a >= 19271) AND (t.a <= 4043558))
   Index Searches: 1
   Prefetch: distance=256.268 count=6424708 stalls=11 skipped=1690101 resets=0 ungets=66441 forwarded=88676
             histogram [2,4) => 21, [4,8) => 33, [8,16) => 18, [16,32) => 19, [32,64) => 29, [64,128) => 560, [128,256) => 2337399, [256,512) => 4086629
   Buffers: shared hit=6231379 read=147874
 Settings: enable_bitmapscan = 'off', enable_seqscan = 'off', max_parallel_workers_per_gather = '0'
 Planning:
   Buffers: shared hit=82 read=26
 Planning Time: 2.084 ms
 Execution Time: 3539.224 ms
(12 rows)

SET
SET
SET
SET
SET
                                             QUERY PLAN                                             
----------------------------------------------------------------------------------------------------
 Index Scan using idx on public.t (actual rows=8048576.00 loops=1)
   Output: a, b
   Index Cond: ((t.a >= 19271) AND (t.a <= 4043558))
   Index Searches: 1
   Buffers: shared hit=6380432
 Settings: enable_bitmapscan = 'off', enable_seqscan = 'off', max_parallel_workers_per_gather = '0'
 Planning:
   Buffers: shared hit=113
 Planning Time: 0.221 ms
 Execution Time: 1190.908 ms
(10 rows)

