SET
SET
SET
SET
SET
                                                                     QUERY PLAN                                                                     
----------------------------------------------------------------------------------------------------------------------------------------------------
 Index Scan using idx on public.t (actual rows=1048576.00 loops=1)
   Output: a, b
   Index Cond: ((t.a >= 9141) AND (t.a <= 533428))
   Index Searches: 1
   Prefetch: distance=256.359 count=837311 stalls=6 skipped=219721 resets=0 ungets=8645 forwarded=11614
             histogram [2,4) => 4, [4,8) => 8, [8,16) => 12, [16,32) => 20, [32,64) => 24, [64,128) => 43, [128,256) => 303180, [256,512) => 534020
   Buffers: shared hit=812134 read=19372
 Settings: enable_bitmapscan = 'off', enable_seqscan = 'off', max_parallel_workers_per_gather = '0'
 Planning:
   Buffers: shared hit=82 read=26
 Planning Time: 2.082 ms
 Execution Time: 465.019 ms
(12 rows)

SET
SET
SET
SET
SET
                                             QUERY PLAN                                             
----------------------------------------------------------------------------------------------------
 Index Scan using idx on public.t (actual rows=1048576.00 loops=1)
   Output: a, b
   Index Cond: ((t.a >= 9141) AND (t.a <= 533428))
   Index Searches: 1
   Buffers: shared hit=831687
 Settings: enable_bitmapscan = 'off', enable_seqscan = 'off', max_parallel_workers_per_gather = '0'
 Planning:
   Buffers: shared hit=113
 Planning Time: 0.194 ms
 Execution Time: 154.573 ms
(10 rows)

