SET
SET
SET
SET
SET
                                                                QUERY PLAN                                                                
------------------------------------------------------------------------------------------------------------------------------------------
 Index Scan Backward using idx on public.t (actual rows=2048576.00 loops=1)
   Output: a, b
   Index Cond: ((t.a >= 10214) AND (t.a <= 74231))
   Index Searches: 1
   Prefetch: distance=271.890 count=90082 stalls=1 skipped=2002236 resets=0 ungets=44798 forwarded=12641
             histogram [2,4) => 6, [4,8) => 9, [8,16) => 9, [16,32) => 9, [32,64) => 1, [64,128) => 2, [128,256) => 3, [256,512) => 90043
   Buffers: shared hit=25945 read=20978
 Settings: enable_bitmapscan = 'off', enable_seqscan = 'off', max_parallel_workers_per_gather = '0'
 Planning:
   Buffers: shared hit=82 read=23
 Planning Time: 1.714 ms
 Execution Time: 560.622 ms
(12 rows)

SET
SET
SET
SET
SET
                                             QUERY PLAN                                             
----------------------------------------------------------------------------------------------------
 Index Scan Backward using idx on public.t (actual rows=2048576.00 loops=1)
   Output: a, b
   Index Cond: ((t.a >= 10214) AND (t.a <= 74231))
   Index Searches: 1
   Buffers: shared hit=47141
 Settings: enable_bitmapscan = 'off', enable_seqscan = 'off', max_parallel_workers_per_gather = '0'
 Planning:
   Buffers: shared hit=110
 Planning Time: 0.180 ms
 Execution Time: 81.802 ms
(10 rows)

