SET
SET
SET
SET
SET
                                             QUERY PLAN                                             
----------------------------------------------------------------------------------------------------
 Index Scan using idx on public.t (actual rows=512.00 loops=1)
   Output: a, b
   Index Cond: ((t.a >= 24093) AND (t.a <= 24348))
   Index Searches: 1
   Prefetch: distance=3.016 count=63 stalls=151 skipped=63 resets=0 ungets=0 forwarded=1
             histogram [2,4) => 41, [4,8) => 21, [8,16) => 1
   Buffers: shared hit=280 read=130
 Settings: enable_bitmapscan = 'off', enable_seqscan = 'off', max_parallel_workers_per_gather = '0'
 Planning:
   Buffers: shared hit=86 read=26
 Planning Time: 2.071 ms
 Execution Time: 5.820 ms
(12 rows)

SET
SET
SET
SET
SET
                                             QUERY PLAN                                             
----------------------------------------------------------------------------------------------------
 Index Scan using idx on public.t (actual rows=512.00 loops=1)
   Output: a, b
   Index Cond: ((t.a >= 24093) AND (t.a <= 24348))
   Index Searches: 1
   Buffers: shared hit=410
 Settings: enable_bitmapscan = 'off', enable_seqscan = 'off', max_parallel_workers_per_gather = '0'
 Planning:
   Buffers: shared hit=117
 Planning Time: 0.205 ms
 Execution Time: 0.250 ms
(10 rows)

