SET
SET
SET
SET
SET
                                                                QUERY PLAN                                                                 
-------------------------------------------------------------------------------------------------------------------------------------------
 Index Scan Backward using idx on public.t (actual rows=4048576.00 loops=1)
   Output: a, b
   Index Cond: ((t.a >= 30144) AND (t.a <= 156661))
   Index Searches: 1
   Prefetch: distance=271.951 count=177748 stalls=2 skipped=3959181 resets=0 ungets=88417 forwarded=24924
             histogram [2,4) => 4, [4,8) => 7, [8,16) => 6, [16,32) => 8, [32,64) => 3, [64,128) => 1, [128,256) => 2, [256,512) => 177717
   Buffers: shared hit=51039 read=41456
 Settings: enable_bitmapscan = 'off', enable_seqscan = 'off', max_parallel_workers_per_gather = '0'
 Planning:
   Buffers: shared hit=82 read=23
 Planning Time: 1.741 ms
 Execution Time: 1104.772 ms
(12 rows)

SET
SET
SET
SET
SET
                                             QUERY PLAN                                             
----------------------------------------------------------------------------------------------------
 Index Scan Backward using idx on public.t (actual rows=4048576.00 loops=1)
   Output: a, b
   Index Cond: ((t.a >= 30144) AND (t.a <= 156661))
   Index Searches: 1
   Buffers: shared hit=92954
 Settings: enable_bitmapscan = 'off', enable_seqscan = 'off', max_parallel_workers_per_gather = '0'
 Planning:
   Buffers: shared hit=110
 Planning Time: 0.216 ms
 Execution Time: 161.699 ms
(10 rows)

