SET
SET
SET
SET
SET
                                             QUERY PLAN                                             
----------------------------------------------------------------------------------------------------
 Index Scan using idx on public.t (actual rows=4096.00 loops=1)
   Output: a, b
   Index Cond: ((t.a >= 30019) AND (t.a <= 32066))
   Index Searches: 1
   Prefetch: distance=2.278 count=158 stalls=2838 skipped=801 resets=0 ungets=0 forwarded=0
             histogram [2,4) => 139, [4,8) => 19
   Buffers: shared hit=3054 read=201
 Settings: enable_bitmapscan = 'off', enable_seqscan = 'off', max_parallel_workers_per_gather = '0'
 Planning:
   Buffers: shared hit=86 read=26
 Planning Time: 2.109 ms
 Execution Time: 8.977 ms
(12 rows)

SET
SET
SET
SET
SET
                                             QUERY PLAN                                             
----------------------------------------------------------------------------------------------------
 Index Scan using idx on public.t (actual rows=4096.00 loops=1)
   Output: a, b
   Index Cond: ((t.a >= 30019) AND (t.a <= 32066))
   Index Searches: 1
   Buffers: shared hit=3255
 Settings: enable_bitmapscan = 'off', enable_seqscan = 'off', max_parallel_workers_per_gather = '0'
 Planning:
   Buffers: shared hit=117
 Planning Time: 0.191 ms
 Execution Time: 0.803 ms
(10 rows)

