SET
SET
SET
SET
SET
                                                               QUERY PLAN                                                                
-----------------------------------------------------------------------------------------------------------------------------------------
 Index Scan using idx on public.t (actual rows=256.00 loops=1)
   Output: a, b
   Index Cond: ((t.a >= 10429) AND (t.a <= 10556))
   Index Searches: 1
   Prefetch: distance=185.762 count=147 stalls=1 skipped=35 resets=0 ungets=28 forwarded=8
             histogram [2,4) => 2, [4,8) => 5, [8,16) => 9, [16,32) => 14, [32,64) => 18, [64,128) => 3, [128,256) => 3, [256,512) => 93
   Buffers: shared hit=98 read=105
 Settings: enable_bitmapscan = 'off', enable_seqscan = 'off', max_parallel_workers_per_gather = '0'
 Planning:
   Buffers: shared hit=86 read=26
 Planning Time: 1.811 ms
 Execution Time: 4.339 ms
(12 rows)

SET
SET
SET
SET
SET
                                             QUERY PLAN                                             
----------------------------------------------------------------------------------------------------
 Index Scan using idx on public.t (actual rows=256.00 loops=1)
   Output: a, b
   Index Cond: ((t.a >= 10429) AND (t.a <= 10556))
   Index Searches: 1
   Buffers: shared hit=203
 Settings: enable_bitmapscan = 'off', enable_seqscan = 'off', max_parallel_workers_per_gather = '0'
 Planning:
   Buffers: shared hit=117
 Planning Time: 0.153 ms
 Execution Time: 0.102 ms
(10 rows)

