SET
SET
SET
SET
SET
                                                                   QUERY PLAN                                                                   
------------------------------------------------------------------------------------------------------------------------------------------------
 Index Scan using idx on public.t (actual rows=262144.00 loops=1)
   Output: a, b
   Index Cond: ((t.a >= 11042) AND (t.a <= 142113))
   Index Searches: 1
   Prefetch: distance=256.404 count=209723 stalls=1 skipped=54801 resets=0 ungets=2442 forwarded=3015
             histogram [2,4) => 4, [4,8) => 6, [8,16) => 5, [16,32) => 8, [32,64) => 8, [64,128) => 13, [128,256) => 75368, [256,512) => 134311
   Buffers: shared hit=203064 read=4936
 Settings: enable_bitmapscan = 'off', enable_seqscan = 'off', max_parallel_workers_per_gather = '0'
 Planning:
   Buffers: shared hit=82 read=26
 Planning Time: 2.067 ms
 Execution Time: 122.035 ms
(12 rows)

SET
SET
SET
SET
SET
                                             QUERY PLAN                                             
----------------------------------------------------------------------------------------------------
 Index Scan using idx on public.t (actual rows=262144.00 loops=1)
   Output: a, b
   Index Cond: ((t.a >= 11042) AND (t.a <= 142113))
   Index Searches: 1
   Buffers: shared hit=208048
 Settings: enable_bitmapscan = 'off', enable_seqscan = 'off', max_parallel_workers_per_gather = '0'
 Planning:
   Buffers: shared hit=113
 Planning Time: 0.186 ms
 Execution Time: 26.711 ms
(10 rows)

