SET
SET
SET
SET
SET
                                                                   QUERY PLAN                                                                   
------------------------------------------------------------------------------------------------------------------------------------------------
 Index Scan using idx on public.t (actual rows=65536.00 loops=1)
   Output: a, b
   Index Cond: ((t.a >= 9951) AND (t.a <= 42718))
   Index Searches: 1
   Prefetch: distance=256.559 count=52546 stalls=1 skipped=13713 resets=0 ungets=733 forwarded=775
             histogram [2,4) => 2, [4,8) => 4, [8,16) => 12, [16,32) => 12, [32,64) => 2, [64,128) => 3, [128,256) => 18807, [256,512) => 33704
   Buffers: shared hit=50662 read=1328
 Settings: enable_bitmapscan = 'off', enable_seqscan = 'off', max_parallel_workers_per_gather = '0'
 Planning:
   Buffers: shared hit=86 read=26
 Planning Time: 2.057 ms
 Execution Time: 33.396 ms
(12 rows)

SET
SET
SET
SET
SET
                                             QUERY PLAN                                             
----------------------------------------------------------------------------------------------------
 Index Scan using idx on public.t (actual rows=65536.00 loops=1)
   Output: a, b
   Index Cond: ((t.a >= 9951) AND (t.a <= 42718))
   Index Searches: 1
   Buffers: shared hit=52005
 Settings: enable_bitmapscan = 'off', enable_seqscan = 'off', max_parallel_workers_per_gather = '0'
 Planning:
   Buffers: shared hit=117
 Planning Time: 0.181 ms
 Execution Time: 8.816 ms
(10 rows)

