SET
SET
SET
SET
SET
                                                                      QUERY PLAN                                                                      
------------------------------------------------------------------------------------------------------------------------------------------------------
 Index Scan using idx on public.t (actual rows=4048576.00 loops=1)
   Output: a, b
   Index Cond: ((t.a >= 23439) AND (t.a <= 2047726))
   Index Searches: 1
   Prefetch: distance=256.272 count=3232487 stalls=3 skipped=849066 resets=0 ungets=33109 forwarded=44619
             histogram [2,4) => 4, [4,8) => 6, [8,16) => 7, [16,32) => 18, [32,64) => 20, [64,128) => 293, [128,256) => 1176586, [256,512) => 2055553
   Buffers: shared hit=3135497 read=74447
 Settings: enable_bitmapscan = 'off', enable_seqscan = 'off', max_parallel_workers_per_gather = '0'
 Planning:
   Buffers: shared hit=82 read=26
 Planning Time: 2.085 ms
 Execution Time: 1773.513 ms
(12 rows)

SET
SET
SET
SET
SET
                                             QUERY PLAN                                             
----------------------------------------------------------------------------------------------------
 Index Scan using idx on public.t (actual rows=4048576.00 loops=1)
   Output: a, b
   Index Cond: ((t.a >= 23439) AND (t.a <= 2047726))
   Index Searches: 1
   Buffers: shared hit=3210549
 Settings: enable_bitmapscan = 'off', enable_seqscan = 'off', max_parallel_workers_per_gather = '0'
 Planning:
   Buffers: shared hit=113
 Planning Time: 0.229 ms
 Execution Time: 585.474 ms
(10 rows)

