SET
SET
SET
SET
SET
                                                                     QUERY PLAN                                                                      
-----------------------------------------------------------------------------------------------------------------------------------------------------
 Index Scan using idx on public.t (actual rows=3048576.00 loops=1)
   Output: a, b
   Index Cond: ((t.a >= 18513) AND (t.a <= 1542800))
   Index Searches: 1
   Prefetch: distance=256.303 count=2434410 stalls=1 skipped=639484 resets=0 ungets=25390 forwarded=33639
             histogram [2,4) => 4, [4,8) => 6, [8,16) => 8, [16,32) => 21, [32,64) => 12, [64,128) => 168, [128,256) => 884971, [256,512) => 1549220
   Buffers: shared hit=2360875 read=56089
 Settings: enable_bitmapscan = 'off', enable_seqscan = 'off', max_parallel_workers_per_gather = '0'
 Planning:
   Buffers: shared hit=82 read=26
 Planning Time: 2.070 ms
 Execution Time: 1331.963 ms
(12 rows)

SET
SET
SET
SET
SET
                                             QUERY PLAN                                             
----------------------------------------------------------------------------------------------------
 Index Scan using idx on public.t (actual rows=3048576.00 loops=1)
   Output: a, b
   Index Cond: ((t.a >= 18513) AND (t.a <= 1542800))
   Index Searches: 1
   Buffers: shared hit=2417417
 Settings: enable_bitmapscan = 'off', enable_seqscan = 'off', max_parallel_workers_per_gather = '0'
 Planning:
   Buffers: shared hit=113
 Planning Time: 0.223 ms
 Execution Time: 442.343 ms
(10 rows)

