SET
SET
SET
SET
SET
                                                                 QUERY PLAN                                                                  
---------------------------------------------------------------------------------------------------------------------------------------------
 Index Scan Backward using idx on public.t (actual rows=5048576.00 loops=1)
   Output: a, b
   Index Cond: ((t.a >= 922) AND (t.a <= 158689))
   Index Searches: 1
   Prefetch: distance=271.947 count=221518 stalls=6 skipped=4936152 resets=0 ungets=110187 forwarded=31044
             histogram [2,4) => 10, [4,8) => 12, [8,16) => 6, [16,32) => 8, [32,64) => 2, [64,128) => 2, [128,256) => 2, [256,512) => 221476
   Buffers: shared hit=63624 read=51693
 Settings: enable_bitmapscan = 'off', enable_seqscan = 'off', max_parallel_workers_per_gather = '0'
 Planning:
   Buffers: shared hit=82 read=27
 Planning Time: 1.893 ms
 Execution Time: 1374.832 ms
(12 rows)

SET
SET
SET
SET
SET
                                             QUERY PLAN                                             
----------------------------------------------------------------------------------------------------
 Index Scan Backward using idx on public.t (actual rows=5048576.00 loops=1)
   Output: a, b
   Index Cond: ((t.a >= 922) AND (t.a <= 158689))
   Index Searches: 1
   Buffers: shared hit=115870
 Settings: enable_bitmapscan = 'off', enable_seqscan = 'off', max_parallel_workers_per_gather = '0'
 Planning:
   Buffers: shared hit=114
 Planning Time: 0.224 ms
 Execution Time: 215.819 ms
(10 rows)

