SET
SET
SET
SET
SET
                                                                      QUERY PLAN                                                                       
-------------------------------------------------------------------------------------------------------------------------------------------------------
 Index Scan using idx on public.t (actual rows=5048576.00 loops=1)
   Output: a, b
   Index Cond: ((t.a >= 13701) AND (t.a <= 2537988))
   Index Searches: 1
   Prefetch: distance=256.249 count=4031209 stalls=2 skipped=1059040 resets=0 ungets=41814 forwarded=55685
             histogram [2,4) => 4, [4,8) => 5, [8,16) => 10, [16,32) => 18, [32,64) => 27, [64,128) => 356, [128,256) => 1468517, [256,512) => 2562272
   Buffers: shared hit=3909737 read=92802
 Settings: enable_bitmapscan = 'off', enable_seqscan = 'off', max_parallel_workers_per_gather = '0'
 Planning:
   Buffers: shared hit=82 read=26
 Planning Time: 2.071 ms
 Execution Time: 2214.328 ms
(12 rows)

SET
SET
SET
SET
SET
                                             QUERY PLAN                                             
----------------------------------------------------------------------------------------------------
 Index Scan using idx on public.t (actual rows=5048576.00 loops=1)
   Output: a, b
   Index Cond: ((t.a >= 13701) AND (t.a <= 2537988))
   Index Searches: 1
   Buffers: shared hit=4003306
 Settings: enable_bitmapscan = 'off', enable_seqscan = 'off', max_parallel_workers_per_gather = '0'
 Planning:
   Buffers: shared hit=113
 Planning Time: 0.224 ms
 Execution Time: 731.055 ms
(10 rows)

