SET
SET
SET
SET
SET
                                                                 QUERY PLAN                                                                  
---------------------------------------------------------------------------------------------------------------------------------------------
 Index Scan Backward using idx on public.t (actual rows=6048576.00 loops=1)
   Output: a, b
   Index Cond: ((t.a >= 23434) AND (t.a <= 212451))
   Index Searches: 1
   Prefetch: distance=271.952 count=265903 stalls=1 skipped=5914875 resets=0 ungets=132234 forwarded=37301
             histogram [2,4) => 10, [4,8) => 16, [8,16) => 9, [16,32) => 4, [32,64) => 2, [64,128) => 2, [128,256) => 2, [256,512) => 265858
   Buffers: shared hit=76459 read=61934
 Settings: enable_bitmapscan = 'off', enable_seqscan = 'off', max_parallel_workers_per_gather = '0'
 Planning:
   Buffers: shared hit=82 read=23
 Planning Time: 1.782 ms
 Execution Time: 1648.159 ms
(12 rows)

SET
SET
SET
SET
SET
                                             QUERY PLAN                                             
----------------------------------------------------------------------------------------------------
 Index Scan Backward using idx on public.t (actual rows=6048576.00 loops=1)
   Output: a, b
   Index Cond: ((t.a >= 23434) AND (t.a <= 212451))
   Index Searches: 1
   Buffers: shared hit=139077
 Settings: enable_bitmapscan = 'off', enable_seqscan = 'off', max_parallel_workers_per_gather = '0'
 Planning:
   Buffers: shared hit=110
 Planning Time: 0.207 ms
 Execution Time: 240.273 ms
(10 rows)

