SET
SET
SET
SET
SET
                                                                     QUERY PLAN                                                                      
-----------------------------------------------------------------------------------------------------------------------------------------------------
 Index Scan using idx on public.t (actual rows=8048576.00 loops=1)
   Output: a, b
   Index Cond: ((t.a >= 24307) AND (t.a <= 4048594))
   Index Searches: 1
   Prefetch: distance=256.280 count=6424969 stalls=1 skipped=1690178 resets=0 ungets=66593 forwarded=88711
             histogram [2,4) => 2, [4,8) => 6, [8,16) => 8, [16,32) => 13, [32,64) => 3, [64,128) => 457, [128,256) => 2336631, [256,512) => 4087849
   Buffers: shared hit=6231344 read=147876
 Settings: enable_bitmapscan = 'off', enable_seqscan = 'off', max_parallel_workers_per_gather = '0'
 Planning:
   Buffers: shared hit=82 read=26
 Planning Time: 2.054 ms
 Execution Time: 3534.618 ms
(12 rows)

SET
SET
SET
SET
SET
                                             QUERY PLAN                                             
----------------------------------------------------------------------------------------------------
 Index Scan using idx on public.t (actual rows=8048576.00 loops=1)
   Output: a, b
   Index Cond: ((t.a >= 24307) AND (t.a <= 4048594))
   Index Searches: 1
   Buffers: shared hit=6380388
 Settings: enable_bitmapscan = 'off', enable_seqscan = 'off', max_parallel_workers_per_gather = '0'
 Planning:
   Buffers: shared hit=113
 Planning Time: 0.217 ms
 Execution Time: 1168.326 ms
(10 rows)

