SET
SET
SET
SET
SET
                                                                 QUERY PLAN                                                                 
--------------------------------------------------------------------------------------------------------------------------------------------
 Index Scan Backward using idx on public.t (actual rows=9048576.00 loops=1)
   Output: a, b
   Index Cond: ((t.a >= 20834) AND (t.a <= 303601))
   Index Searches: 1
   Prefetch: distance=271.965 count=397187 stalls=3 skipped=8848542 resets=0 ungets=197539 forwarded=55612
             histogram [2,4) => 16, [4,8) => 9, [8,16) => 7, [16,32) => 8, [32,64) => 3, [64,128) => 1, [128,256) => 2, [256,512) => 397141
   Buffers: shared hit=114094 read=92649
 Settings: enable_bitmapscan = 'off', enable_seqscan = 'off', max_parallel_workers_per_gather = '0'
 Planning:
   Buffers: shared hit=82 read=23
 Planning Time: 1.729 ms
 Execution Time: 2462.804 ms
(12 rows)

SET
SET
SET
SET
SET
                                             QUERY PLAN                                             
----------------------------------------------------------------------------------------------------
 Index Scan Backward using idx on public.t (actual rows=9048576.00 loops=1)
   Output: a, b
   Index Cond: ((t.a >= 20834) AND (t.a <= 303601))
   Index Searches: 1
   Buffers: shared hit=207744
 Settings: enable_bitmapscan = 'off', enable_seqscan = 'off', max_parallel_workers_per_gather = '0'
 Planning:
   Buffers: shared hit=110
 Planning Time: 0.281 ms
 Execution Time: 361.601 ms
(10 rows)

