SET
SET
SET
SET
SET
                                                                QUERY PLAN                                                                 
-------------------------------------------------------------------------------------------------------------------------------------------
 Index Scan Backward using idx on public.t (actual rows=4096.00 loops=1)
   Output: a, b
   Index Cond: ((t.a >= 25984) AND (t.a <= 26111))
   Index Searches: 1
   Prefetch: distance=198.872 count=149 stalls=3 skipped=3968 resets=0 ungets=55 forwarded=22
             histogram [2,4) => 12, [4,8) => 11, [8,16) => 11, [16,32) => 4, [32,64) => 3, [64,128) => 1, [128,256) => 2, [256,512) => 105
   Buffers: shared hit=60 read=47
 Settings: enable_bitmapscan = 'off', enable_seqscan = 'off', max_parallel_workers_per_gather = '0'
 Planning:
   Buffers: shared hit=82 read=23
 Planning Time: 0.943 ms
 Execution Time: 2.120 ms
(12 rows)

SET
SET
SET
SET
SET
                                             QUERY PLAN                                             
----------------------------------------------------------------------------------------------------
 Index Scan Backward using idx on public.t (actual rows=4096.00 loops=1)
   Output: a, b
   Index Cond: ((t.a >= 25984) AND (t.a <= 26111))
   Index Searches: 1
   Buffers: shared hit=107
 Settings: enable_bitmapscan = 'off', enable_seqscan = 'off', max_parallel_workers_per_gather = '0'
 Planning:
   Buffers: shared hit=110
 Planning Time: 0.173 ms
 Execution Time: 0.223 ms
(10 rows)

