SET
SET
SET
SET
SET
                                                               QUERY PLAN                                                               
----------------------------------------------------------------------------------------------------------------------------------------
 Index Scan Backward using idx on public.t (actual rows=16384.00 loops=1)
   Output: a, b
   Index Cond: ((t.a >= 1404) AND (t.a <= 1915))
   Index Searches: 1
   Prefetch: distance=260.828 count=656 stalls=5 skipped=15207 resets=0 ungets=315 forwarded=91
             histogram [2,4) => 6, [4,8) => 3, [8,16) => 5, [16,32) => 9, [32,64) => 2, [64,128) => 3, [128,256) => 1, [256,512) => 627
   Buffers: shared hit=212 read=169
 Settings: enable_bitmapscan = 'off', enable_seqscan = 'off', max_parallel_workers_per_gather = '0'
 Planning:
   Buffers: shared hit=86 read=27
 Planning Time: 1.049 ms
 Execution Time: 5.557 ms
(12 rows)

SET
SET
SET
SET
SET
                                             QUERY PLAN                                             
----------------------------------------------------------------------------------------------------
 Index Scan Backward using idx on public.t (actual rows=16384.00 loops=1)
   Output: a, b
   Index Cond: ((t.a >= 1404) AND (t.a <= 1915))
   Index Searches: 1
   Buffers: shared hit=382
 Settings: enable_bitmapscan = 'off', enable_seqscan = 'off', max_parallel_workers_per_gather = '0'
 Planning:
   Buffers: shared hit=118
 Planning Time: 0.174 ms
 Execution Time: 0.754 ms
(10 rows)

