SET
SET
SET
SET
SET
                                                                QUERY PLAN                                                                
------------------------------------------------------------------------------------------------------------------------------------------
 Index Scan Backward using idx on public.t (actual rows=131072.00 loops=1)
   Output: a, b
   Index Cond: ((t.a >= 8745) AND (t.a <= 12840))
   Index Searches: 1
   Prefetch: distance=270.690 count=5898 stalls=4 skipped=127130 resets=0 ungets=2919 forwarded=853
             histogram [2,4) => 4, [4,8) => 5, [8,16) => 7, [16,32) => 10, [32,64) => 1, [64,128) => 2, [128,256) => 2, [256,512) => 5867
   Buffers: shared hit=1770 read=1346
 Settings: enable_bitmapscan = 'off', enable_seqscan = 'off', max_parallel_workers_per_gather = '0'
 Planning:
   Buffers: shared hit=82 read=23
 Planning Time: 1.494 ms
 Execution Time: 36.123 ms
(12 rows)

SET
SET
SET
SET
SET
                                             QUERY PLAN                                             
----------------------------------------------------------------------------------------------------
 Index Scan Backward using idx on public.t (actual rows=131072.00 loops=1)
   Output: a, b
   Index Cond: ((t.a >= 8745) AND (t.a <= 12840))
   Index Searches: 1
   Buffers: shared hit=3129
 Settings: enable_bitmapscan = 'off', enable_seqscan = 'off', max_parallel_workers_per_gather = '0'
 Planning:
   Buffers: shared hit=110
 Planning Time: 0.185 ms
 Execution Time: 5.579 ms
(10 rows)

