SET
SET
SET
SET
SET
                                                                QUERY PLAN                                                                 
-------------------------------------------------------------------------------------------------------------------------------------------
 Index Scan Backward using idx on public.t (actual rows=524288.00 loops=1)
   Output: a, b
   Index Cond: ((t.a >= 22916) AND (t.a <= 39299))
   Index Searches: 1
   Prefetch: distance=271.444 count=23242 stalls=7 skipped=511644 resets=0 ungets=11532 forwarded=3292
             histogram [2,4) => 20, [4,8) => 8, [8,16) => 8, [16,32) => 8, [32,64) => 3, [64,128) => 1, [128,256) => 2, [256,512) => 23192
   Buffers: shared hit=6771 read=5373
 Settings: enable_bitmapscan = 'off', enable_seqscan = 'off', max_parallel_workers_per_gather = '0'
 Planning:
   Buffers: shared hit=82 read=23
 Planning Time: 1.744 ms
 Execution Time: 145.754 ms
(12 rows)

SET
SET
SET
SET
SET
                                             QUERY PLAN                                             
----------------------------------------------------------------------------------------------------
 Index Scan Backward using idx on public.t (actual rows=524288.00 loops=1)
   Output: a, b
   Index Cond: ((t.a >= 22916) AND (t.a <= 39299))
   Index Searches: 1
   Buffers: shared hit=12210
 Settings: enable_bitmapscan = 'off', enable_seqscan = 'off', max_parallel_workers_per_gather = '0'
 Planning:
   Buffers: shared hit=110
 Planning Time: 0.173 ms
 Execution Time: 20.771 ms
(10 rows)

