SET
SET
SET
SET
SET
                                                                 QUERY PLAN                                                                  
---------------------------------------------------------------------------------------------------------------------------------------------
 Index Scan Backward using idx on public.t (actual rows=1048576.00 loops=1)
   Output: a, b
   Index Cond: ((t.a >= 25310) AND (t.a <= 58077))
   Index Searches: 1
   Prefetch: distance=271.765 count=46328 stalls=2 skipped=1024890 resets=0 ungets=23027 forwarded=6521
             histogram [2,4) => 10, [4,8) => 12, [8,16) => 10, [16,32) => 6, [32,64) => 1, [64,128) => 2, [128,256) => 2, [256,512) => 46285
   Buffers: shared hit=13392 read=10740
 Settings: enable_bitmapscan = 'off', enable_seqscan = 'off', max_parallel_workers_per_gather = '0'
 Planning:
   Buffers: shared hit=82 read=23
 Planning Time: 1.737 ms
 Execution Time: 287.907 ms
(12 rows)

SET
SET
SET
SET
SET
                                             QUERY PLAN                                             
----------------------------------------------------------------------------------------------------
 Index Scan Backward using idx on public.t (actual rows=1048576.00 loops=1)
   Output: a, b
   Index Cond: ((t.a >= 25310) AND (t.a <= 58077))
   Index Searches: 1
   Buffers: shared hit=24252
 Settings: enable_bitmapscan = 'off', enable_seqscan = 'off', max_parallel_workers_per_gather = '0'
 Planning:
   Buffers: shared hit=110
 Planning Time: 0.182 ms
 Execution Time: 41.367 ms
(10 rows)

