SET
SET
SET
SET
SET
                                                                  QUERY PLAN                                                                  
----------------------------------------------------------------------------------------------------------------------------------------------
 Index Scan Backward using idx on public.t (actual rows=4048576.00 loops=1)
   Output: a, b
   Index Cond: ((t.a >= 1945) AND (t.a <= 128462))
   Index Searches: 1
   Prefetch: distance=271.921 count=177770 stalls=5 skipped=3958744 resets=0 ungets=88422 forwarded=24941
             histogram [2,4) => 18, [4,8) => 13, [8,16) => 10, [16,32) => 6, [32,64) => 1, [64,128) => 2, [128,256) => 2, [256,512) => 177718
   Buffers: shared hit=51106 read=41455
 Settings: enable_bitmapscan = 'off', enable_seqscan = 'off', max_parallel_workers_per_gather = '0'
 Planning:
   Buffers: shared hit=82 read=27
 Planning Time: 1.920 ms
 Execution Time: 1105.442 ms
(12 rows)

SET
SET
SET
SET
SET
                                             QUERY PLAN                                             
----------------------------------------------------------------------------------------------------
 Index Scan Backward using idx on public.t (actual rows=4048576.00 loops=1)
   Output: a, b
   Index Cond: ((t.a >= 1945) AND (t.a <= 128462))
   Index Searches: 1
   Buffers: shared hit=92985
 Settings: enable_bitmapscan = 'off', enable_seqscan = 'off', max_parallel_workers_per_gather = '0'
 Planning:
   Buffers: shared hit=114
 Planning Time: 0.231 ms
 Execution Time: 174.689 ms
(10 rows)

