SET
SET
SET
SET
SET
                                                                QUERY PLAN                                                                 
-------------------------------------------------------------------------------------------------------------------------------------------
 Index Scan Backward using idx on public.t (actual rows=6048576.00 loops=1)
   Output: a, b
   Index Cond: ((t.a >= 172) AND (t.a <= 189189))
   Index Searches: 1
   Prefetch: distance=271.963 count=265598 stalls=3 skipped=5914638 resets=0 ungets=132110 forwarded=37238
             histogram [2,4) => 6, [4,8) => 8, [8,16) => 9, [16,32) => 5, [32,64) => 2, [64,128) => 3, [128,256) => 1, [256,512) => 265564
   Buffers: shared hit=76322 read=61933
 Settings: enable_bitmapscan = 'off', enable_seqscan = 'off', max_parallel_workers_per_gather = '0'
 Planning:
   Buffers: shared hit=82 read=27
 Planning Time: 1.906 ms
 Execution Time: 1648.937 ms
(12 rows)

SET
SET
SET
SET
SET
                                             QUERY PLAN                                             
----------------------------------------------------------------------------------------------------
 Index Scan Backward using idx on public.t (actual rows=6048576.00 loops=1)
   Output: a, b
   Index Cond: ((t.a >= 172) AND (t.a <= 189189))
   Index Searches: 1
   Buffers: shared hit=138902
 Settings: enable_bitmapscan = 'off', enable_seqscan = 'off', max_parallel_workers_per_gather = '0'
 Planning:
   Buffers: shared hit=114
 Planning Time: 0.227 ms
 Execution Time: 258.885 ms
(10 rows)

