SET
SET
SET
SET
SET
                                                                 QUERY PLAN                                                                  
---------------------------------------------------------------------------------------------------------------------------------------------
 Index Scan Backward using idx on public.t (actual rows=7048576.00 loops=1)
   Output: a, b
   Index Cond: ((t.a >= 23425) AND (t.a <= 243692))
   Index Searches: 1
   Prefetch: distance=271.959 count=309884 stalls=4 skipped=6892102 resets=0 ungets=154117 forwarded=43458
             histogram [2,4) => 12, [4,8) => 11, [8,16) => 6, [16,32) => 9, [32,64) => 1, [64,128) => 2, [128,256) => 2, [256,512) => 309841
   Buffers: shared hit=89106 read=72172
 Settings: enable_bitmapscan = 'off', enable_seqscan = 'off', max_parallel_workers_per_gather = '0'
 Planning:
   Buffers: shared hit=82 read=23
 Planning Time: 1.720 ms
 Execution Time: 1924.096 ms
(12 rows)

SET
SET
SET
SET
SET
                                             QUERY PLAN                                             
----------------------------------------------------------------------------------------------------
 Index Scan Backward using idx on public.t (actual rows=7048576.00 loops=1)
   Output: a, b
   Index Cond: ((t.a >= 23425) AND (t.a <= 243692))
   Index Searches: 1
   Buffers: shared hit=162086
 Settings: enable_bitmapscan = 'off', enable_seqscan = 'off', max_parallel_workers_per_gather = '0'
 Planning:
   Buffers: shared hit=110
 Planning Time: 0.200 ms
 Execution Time: 286.755 ms
(10 rows)

