SET
SET
SET
SET
SET
                                                                QUERY PLAN                                                                 
-------------------------------------------------------------------------------------------------------------------------------------------
 Index Scan Backward using idx on public.t (actual rows=9048576.00 loops=1)
   Output: a, b
   Index Cond: ((t.a >= 12148) AND (t.a <= 294915))
   Index Searches: 1
   Prefetch: distance=271.975 count=397271 stalls=2 skipped=8848721 resets=0 ungets=197609 forwarded=55637
             histogram [2,4) => 4, [4,8) => 7, [8,16) => 6, [16,32) => 8, [32,64) => 2, [64,128) => 3, [128,256) => 1, [256,512) => 397240
   Buffers: shared hit=114131 read=92650
 Settings: enable_bitmapscan = 'off', enable_seqscan = 'off', max_parallel_workers_per_gather = '0'
 Planning:
   Buffers: shared hit=82 read=23
 Planning Time: 1.716 ms
 Execution Time: 2464.232 ms
(12 rows)

SET
SET
SET
SET
SET
                                             QUERY PLAN                                             
----------------------------------------------------------------------------------------------------
 Index Scan Backward using idx on public.t (actual rows=9048576.00 loops=1)
   Output: a, b
   Index Cond: ((t.a >= 12148) AND (t.a <= 294915))
   Index Searches: 1
   Buffers: shared hit=207753
 Settings: enable_bitmapscan = 'off', enable_seqscan = 'off', max_parallel_workers_per_gather = '0'
 Planning:
   Buffers: shared hit=110
 Planning Time: 0.247 ms
 Execution Time: 333.777 ms
(10 rows)

