SET
SET
SET
SET
SET
                                                               QUERY PLAN                                                               
----------------------------------------------------------------------------------------------------------------------------------------
 Index Scan Backward using idx on public.t (actual rows=16384.00 loops=1)
   Output: a, b
   Index Cond: ((t.a >= 23278) AND (t.a <= 23789))
   Index Searches: 1
   Prefetch: distance=259.348 count=663 stalls=3 skipped=15204 resets=0 ungets=316 forwarded=100
             histogram [2,4) => 8, [4,8) => 5, [8,16) => 5, [16,32) => 9, [32,64) => 3, [64,128) => 1, [128,256) => 2, [256,512) => 630
   Buffers: shared hit=214 read=171
 Settings: enable_bitmapscan = 'off', enable_seqscan = 'off', max_parallel_workers_per_gather = '0'
 Planning:
   Buffers: shared hit=82 read=23
 Planning Time: 1.128 ms
 Execution Time: 5.743 ms
(12 rows)

SET
SET
SET
SET
SET
                                             QUERY PLAN                                             
----------------------------------------------------------------------------------------------------
 Index Scan Backward using idx on public.t (actual rows=16384.00 loops=1)
   Output: a, b
   Index Cond: ((t.a >= 23278) AND (t.a <= 23789))
   Index Searches: 1
   Buffers: shared hit=387
 Settings: enable_bitmapscan = 'off', enable_seqscan = 'off', max_parallel_workers_per_gather = '0'
 Planning:
   Buffers: shared hit=110
 Planning Time: 0.188 ms
 Execution Time: 0.775 ms
(10 rows)

