SET
SET
SET
SET
SET
                                                                   QUERY PLAN                                                                    
-------------------------------------------------------------------------------------------------------------------------------------------------
 Index Scan Backward using idx on public.t (actual rows=524288.00 loops=1)
   Output: a, b
   Index Cond: ((t.a >= 27595) AND (t.a <= 158666))
   Index Searches: 1
   Prefetch: distance=263.959 count=567946 stalls=2 skipped=7775 resets=0 ungets=51498 forwarded=0
             histogram [2,4) => 4, [4,8) => 8, [8,16) => 8, [16,32) => 13, [32,64) => 14, [64,128) => 3, [128,256) => 83813, [256,512) => 484083
   Buffers: shared hit=491462 read=25840
 Settings: enable_bitmapscan = 'off', enable_seqscan = 'off', max_parallel_workers_per_gather = '0'
 Planning:
   Buffers: shared hit=82 read=27
 Planning Time: 2.082 ms
 Execution Time: 596.080 ms
(12 rows)

SET
SET
SET
SET
SET
                                             QUERY PLAN                                             
----------------------------------------------------------------------------------------------------
 Index Scan Backward using idx on public.t (actual rows=524288.00 loops=1)
   Output: a, b
   Index Cond: ((t.a >= 27595) AND (t.a <= 158666))
   Index Searches: 1
   Buffers: shared hit=517302
 Settings: enable_bitmapscan = 'off', enable_seqscan = 'off', max_parallel_workers_per_gather = '0'
 Planning:
   Buffers: shared hit=114
 Planning Time: 0.192 ms
 Execution Time: 82.245 ms
(10 rows)

