SET
SET
SET
SET
SET
                                                                QUERY PLAN                                                                 
-------------------------------------------------------------------------------------------------------------------------------------------
 Index Scan Backward using idx on public.t (actual rows=65536.00 loops=1)
   Output: a, b
   Index Cond: ((t.a >= 26547) AND (t.a <= 28594))
   Index Searches: 1
   Prefetch: distance=268.395 count=2795 stalls=2 skipped=62988 resets=0 ungets=1369 forwarded=401
             histogram [2,4) => 10, [4,8) => 10, [8,16) => 6, [16,32) => 9, [32,64) => 1, [64,128) => 2, [128,256) => 2, [256,512) => 2755
   Buffers: shared hit=834 read=675
 Settings: enable_bitmapscan = 'off', enable_seqscan = 'off', max_parallel_workers_per_gather = '0'
 Planning:
   Buffers: shared hit=82 read=23
 Planning Time: 1.416 ms
 Execution Time: 20.409 ms
(12 rows)

SET
SET
SET
SET
SET
                                             QUERY PLAN                                             
----------------------------------------------------------------------------------------------------
 Index Scan Backward using idx on public.t (actual rows=65536.00 loops=1)
   Output: a, b
   Index Cond: ((t.a >= 26547) AND (t.a <= 28594))
   Index Searches: 1
   Buffers: shared hit=1518
 Settings: enable_bitmapscan = 'off', enable_seqscan = 'off', max_parallel_workers_per_gather = '0'
 Planning:
   Buffers: shared hit=110
 Planning Time: 0.180 ms
 Execution Time: 2.774 ms
(10 rows)

