SET
SET
SET
SET
SET
                                                                     QUERY PLAN                                                                      
-----------------------------------------------------------------------------------------------------------------------------------------------------
 Index Scan Backward using idx on public.t (actual rows=1048576.00 loops=1)
   Output: a, b
   Index Cond: ((t.a >= 9274) AND (t.a <= 271417))
   Index Searches: 1
   Prefetch: distance=263.949 count=1135774 stalls=4 skipped=15564 resets=0 ungets=102933 forwarded=1
             histogram [2,4) => 6, [4,8) => 13, [8,16) => 18, [16,32) => 14, [32,64) => 29, [64,128) => 61, [128,256) => 167958, [256,512) => 967675
   Buffers: shared hit=982988 read=51595
 Settings: enable_bitmapscan = 'off', enable_seqscan = 'off', max_parallel_workers_per_gather = '0'
 Planning:
   Buffers: shared hit=82 read=27
 Planning Time: 2.051 ms
 Execution Time: 1180.790 ms
(12 rows)

SET
SET
SET
SET
SET
                                             QUERY PLAN                                             
----------------------------------------------------------------------------------------------------
 Index Scan Backward using idx on public.t (actual rows=1048576.00 loops=1)
   Output: a, b
   Index Cond: ((t.a >= 9274) AND (t.a <= 271417))
   Index Searches: 1
   Buffers: shared hit=1034583
 Settings: enable_bitmapscan = 'off', enable_seqscan = 'off', max_parallel_workers_per_gather = '0'
 Planning:
   Buffers: shared hit=114
 Planning Time: 0.195 ms
 Execution Time: 166.485 ms
(10 rows)

