SET
SET
SET
SET
SET
                                                                  QUERY PLAN                                                                  
----------------------------------------------------------------------------------------------------------------------------------------------
 Index Scan Backward using idx on public.t (actual rows=7048576.00 loops=1)
   Output: a, b
   Index Cond: ((t.a >= 22475) AND (t.a <= 242742))
   Index Searches: 1
   Prefetch: distance=271.958 count=309859 stalls=6 skipped=6892278 resets=0 ungets=154110 forwarded=43439
             histogram [2,4) => 10, [4,8) => 14, [8,16) => 10, [16,32) => 5, [32,64) => 3, [64,128) => 1, [128,256) => 3, [256,512) => 309813
   Buffers: shared hit=89129 read=72171
 Settings: enable_bitmapscan = 'off', enable_seqscan = 'off', max_parallel_workers_per_gather = '0'
 Planning:
   Buffers: shared hit=82 read=23
 Planning Time: 1.922 ms
 Execution Time: 1943.159 ms
(12 rows)

SET
SET
SET
SET
SET
                                             QUERY PLAN                                             
----------------------------------------------------------------------------------------------------
 Index Scan Backward using idx on public.t (actual rows=7048576.00 loops=1)
   Output: a, b
   Index Cond: ((t.a >= 22475) AND (t.a <= 242742))
   Index Searches: 1
   Buffers: shared hit=162066
 Settings: enable_bitmapscan = 'off', enable_seqscan = 'off', max_parallel_workers_per_gather = '0'
 Planning:
   Buffers: shared hit=110
 Planning Time: 0.248 ms
 Execution Time: 278.815 ms
(10 rows)

