SET
SET
SET
SET
SET
                                                                 QUERY PLAN                                                                  
---------------------------------------------------------------------------------------------------------------------------------------------
 Index Scan Backward using idx on public.t (actual rows=8048576.00 loops=1)
   Output: a, b
   Index Cond: ((t.a >= 26646) AND (t.a <= 278163))
   Index Searches: 1
   Prefetch: distance=271.960 count=353387 stalls=12 skipped=7870371 resets=0 ungets=175769 forwarded=49494
             histogram [2,4) => 18, [4,8) => 8, [8,16) => 5, [16,32) => 10, [32,64) => 2, [64,128) => 2, [128,256) => 2, [256,512) => 353340
   Buffers: shared hit=101534 read=82411
 Settings: enable_bitmapscan = 'off', enable_seqscan = 'off', max_parallel_workers_per_gather = '0'
 Planning:
   Buffers: shared hit=82 read=23
 Planning Time: 1.733 ms
 Execution Time: 2215.740 ms
(12 rows)

SET
SET
SET
SET
SET
                                             QUERY PLAN                                             
----------------------------------------------------------------------------------------------------
 Index Scan Backward using idx on public.t (actual rows=8048576.00 loops=1)
   Output: a, b
   Index Cond: ((t.a >= 26646) AND (t.a <= 278163))
   Index Searches: 1
   Buffers: shared hit=184832
 Settings: enable_bitmapscan = 'off', enable_seqscan = 'off', max_parallel_workers_per_gather = '0'
 Planning:
   Buffers: shared hit=110
 Planning Time: 0.255 ms
 Execution Time: 321.310 ms
(10 rows)

