SET
SET
SET
SET
SET
                                                               QUERY PLAN                                                               
----------------------------------------------------------------------------------------------------------------------------------------
 Index Scan Backward using idx on public.t (actual rows=8192.00 loops=1)
   Output: a, b
   Index Cond: ((t.a >= 12508) AND (t.a <= 12763))
   Index Searches: 1
   Prefetch: distance=247.954 count=326 stalls=2 skipped=7277 resets=0 ungets=148 forwarded=53
             histogram [2,4) => 4, [4,8) => 6, [8,16) => 6, [16,32) => 9, [32,64) => 3, [64,128) => 1, [128,256) => 2, [256,512) => 295
   Buffers: shared hit=117 read=88
 Settings: enable_bitmapscan = 'off', enable_seqscan = 'off', max_parallel_workers_per_gather = '0'
 Planning:
   Buffers: shared hit=82 read=23
 Planning Time: 0.954 ms
 Execution Time: 3.531 ms
(12 rows)

SET
SET
SET
SET
SET
                                             QUERY PLAN                                             
----------------------------------------------------------------------------------------------------
 Index Scan Backward using idx on public.t (actual rows=8192.00 loops=1)
   Output: a, b
   Index Cond: ((t.a >= 12508) AND (t.a <= 12763))
   Index Searches: 1
   Buffers: shared hit=208
 Settings: enable_bitmapscan = 'off', enable_seqscan = 'off', max_parallel_workers_per_gather = '0'
 Planning:
   Buffers: shared hit=110
 Planning Time: 0.181 ms
 Execution Time: 0.414 ms
(10 rows)

