SET
SET
SET
SET
SET
                                                                QUERY PLAN                                                                 
-------------------------------------------------------------------------------------------------------------------------------------------
 Index Scan Backward using idx on public.t (actual rows=262144.00 loops=1)
   Output: a, b
   Index Cond: ((t.a >= 3628) AND (t.a <= 11819))
   Index Searches: 1
   Prefetch: distance=271.090 count=11433 stalls=4 skipped=255584 resets=0 ungets=5676 forwarded=1617
             histogram [2,4) => 14, [4,8) => 6, [8,16) => 5, [16,32) => 9, [32,64) => 2, [64,128) => 2, [128,256) => 3, [256,512) => 11392
   Buffers: shared hit=3311 read=2688
 Settings: enable_bitmapscan = 'off', enable_seqscan = 'off', max_parallel_workers_per_gather = '0'
 Planning:
   Buffers: shared hit=82 read=23
 Planning Time: 1.730 ms
 Execution Time: 69.691 ms
(12 rows)

SET
SET
SET
SET
SET
                                             QUERY PLAN                                             
----------------------------------------------------------------------------------------------------
 Index Scan Backward using idx on public.t (actual rows=262144.00 loops=1)
   Output: a, b
   Index Cond: ((t.a >= 3628) AND (t.a <= 11819))
   Index Searches: 1
   Buffers: shared hit=6019
 Settings: enable_bitmapscan = 'off', enable_seqscan = 'off', max_parallel_workers_per_gather = '0'
 Planning:
   Buffers: shared hit=110
 Planning Time: 0.192 ms
 Execution Time: 10.664 ms
(10 rows)

