SET
SET
SET
SET
SET
                                                                 QUERY PLAN                                                                 
--------------------------------------------------------------------------------------------------------------------------------------------
 Index Scan Backward using idx on public.t (actual rows=7048576.00 loops=1)
   Output: a, b
   Index Cond: ((t.a >= 28004) AND (t.a <= 248271))
   Index Searches: 1
   Prefetch: distance=271.969 count=309758 stalls=1 skipped=6892319 resets=0 ungets=154065 forwarded=43415
             histogram [2,4) => 2, [4,8) => 8, [8,16) => 11, [16,32) => 6, [32,64) => 1, [64,128) => 2, [128,256) => 2, [256,512) => 309726
   Buffers: shared hit=89046 read=72172
 Settings: enable_bitmapscan = 'off', enable_seqscan = 'off', max_parallel_workers_per_gather = '0'
 Planning:
   Buffers: shared hit=82 read=23
 Planning Time: 1.731 ms
 Execution Time: 1942.499 ms
(12 rows)

SET
SET
SET
SET
SET
                                             QUERY PLAN                                             
----------------------------------------------------------------------------------------------------
 Index Scan Backward using idx on public.t (actual rows=7048576.00 loops=1)
   Output: a, b
   Index Cond: ((t.a >= 28004) AND (t.a <= 248271))
   Index Searches: 1
   Buffers: shared hit=162004
 Settings: enable_bitmapscan = 'off', enable_seqscan = 'off', max_parallel_workers_per_gather = '0'
 Planning:
   Buffers: shared hit=110
 Planning Time: 0.192 ms
 Execution Time: 278.019 ms
(10 rows)

