SET
SET
SET
SET
SET
                                                                 QUERY PLAN                                                                  
---------------------------------------------------------------------------------------------------------------------------------------------
 Index Scan Backward using idx on public.t (actual rows=9048576.00 loops=1)
   Output: a, b
   Index Cond: ((t.a >= 15083) AND (t.a <= 297850))
   Index Searches: 1
   Prefetch: distance=271.944 count=397154 stalls=8 skipped=8847812 resets=0 ungets=197517 forwarded=55609
             histogram [2,4) => 40, [4,8) => 16, [8,16) => 5, [16,32) => 9, [32,64) => 3, [64,128) => 1, [128,256) => 2, [256,512) => 397078
   Buffers: shared hit=114116 read=92649
 Settings: enable_bitmapscan = 'off', enable_seqscan = 'off', max_parallel_workers_per_gather = '0'
 Planning:
   Buffers: shared hit=82 read=23
 Planning Time: 1.735 ms
 Execution Time: 2488.246 ms
(12 rows)

SET
SET
SET
SET
SET
                                             QUERY PLAN                                             
----------------------------------------------------------------------------------------------------
 Index Scan Backward using idx on public.t (actual rows=9048576.00 loops=1)
   Output: a, b
   Index Cond: ((t.a >= 15083) AND (t.a <= 297850))
   Index Searches: 1
   Buffers: shared hit=207755
 Settings: enable_bitmapscan = 'off', enable_seqscan = 'off', max_parallel_workers_per_gather = '0'
 Planning:
   Buffers: shared hit=110
 Planning Time: 0.278 ms
 Execution Time: 364.842 ms
(10 rows)

