SET
SET
SET
SET
SET
                                                              QUERY PLAN                                                               
---------------------------------------------------------------------------------------------------------------------------------------
 Index Scan Backward using idx on public.t (actual rows=2048.00 loops=1)
   Output: a, b
   Index Cond: ((t.a >= 24508) AND (t.a <= 24571))
   Index Searches: 1
   Prefetch: distance=38.062 count=48 stalls=9 skipped=1965 resets=0 ungets=5 forwarded=8
             histogram [2,4) => 16, [4,8) => 8, [8,16) => 6, [16,32) => 8, [32,64) => 2, [64,128) => 2, [128,256) => 3, [256,512) => 3
   Buffers: shared hit=36 read=25
 Settings: enable_bitmapscan = 'off', enable_seqscan = 'off', max_parallel_workers_per_gather = '0'
 Planning:
   Buffers: shared hit=82 read=23
 Planning Time: 0.940 ms
 Execution Time: 1.551 ms
(12 rows)

SET
SET
SET
SET
SET
                                             QUERY PLAN                                             
----------------------------------------------------------------------------------------------------
 Index Scan Backward using idx on public.t (actual rows=2048.00 loops=1)
   Output: a, b
   Index Cond: ((t.a >= 24508) AND (t.a <= 24571))
   Index Searches: 1
   Buffers: shared hit=61
 Settings: enable_bitmapscan = 'off', enable_seqscan = 'off', max_parallel_workers_per_gather = '0'
 Planning:
   Buffers: shared hit=110
 Planning Time: 0.181 ms
 Execution Time: 0.128 ms
(10 rows)

