SET
SET
SET
SET
SET
                                                               QUERY PLAN                                                               
----------------------------------------------------------------------------------------------------------------------------------------
 Index Scan Backward using idx on public.t (actual rows=16384.00 loops=1)
   Output: a, b
   Index Cond: ((t.a >= 18622) AND (t.a <= 19133))
   Index Searches: 1
   Prefetch: distance=261.085 count=650 stalls=1 skipped=15294 resets=0 ungets=311 forwarded=96
             histogram [2,4) => 2, [4,8) => 7, [8,16) => 6, [16,32) => 9, [32,64) => 1, [64,128) => 2, [128,256) => 2, [256,512) => 621
   Buffers: shared hit=200 read=172
 Settings: enable_bitmapscan = 'off', enable_seqscan = 'off', max_parallel_workers_per_gather = '0'
 Planning:
   Buffers: shared hit=82 read=23
 Planning Time: 0.990 ms
 Execution Time: 6.112 ms
(12 rows)

SET
SET
SET
SET
SET
                                             QUERY PLAN                                             
----------------------------------------------------------------------------------------------------
 Index Scan Backward using idx on public.t (actual rows=16384.00 loops=1)
   Output: a, b
   Index Cond: ((t.a >= 18622) AND (t.a <= 19133))
   Index Searches: 1
   Buffers: shared hit=376
 Settings: enable_bitmapscan = 'off', enable_seqscan = 'off', max_parallel_workers_per_gather = '0'
 Planning:
   Buffers: shared hit=110
 Planning Time: 0.150 ms
 Execution Time: 0.738 ms
(10 rows)

