SET
SET
SET
SET
SET
                                                                 QUERY PLAN                                                                 
--------------------------------------------------------------------------------------------------------------------------------------------
 Index Scan Backward using idx on public.t (actual rows=4048576.00 loops=1)
   Output: a, b
   Index Cond: ((t.a >= 15793) AND (t.a <= 142310))
   Index Searches: 1
   Prefetch: distance=271.941 count=177901 stalls=3 skipped=3958014 resets=0 ungets=88486 forwarded=24969
             histogram [2,4) => 6, [4,8) => 8, [8,16) => 10, [16,32) => 8, [32,64) => 2, [64,128) => 3, [128,256) => 1, [256,512) => 177863
   Buffers: shared hit=51148 read=41456
 Settings: enable_bitmapscan = 'off', enable_seqscan = 'off', max_parallel_workers_per_gather = '0'
 Planning:
   Buffers: shared hit=82 read=23
 Planning Time: 1.741 ms
 Execution Time: 1120.159 ms
(12 rows)

SET
SET
SET
SET
SET
                                             QUERY PLAN                                             
----------------------------------------------------------------------------------------------------
 Index Scan Backward using idx on public.t (actual rows=4048576.00 loops=1)
   Output: a, b
   Index Cond: ((t.a >= 15793) AND (t.a <= 142310))
   Index Searches: 1
   Buffers: shared hit=93059
 Settings: enable_bitmapscan = 'off', enable_seqscan = 'off', max_parallel_workers_per_gather = '0'
 Planning:
   Buffers: shared hit=110
 Planning Time: 0.215 ms
 Execution Time: 164.923 ms
(10 rows)

