SET
SET
SET
SET
SET
                                                                QUERY PLAN                                                                 
-------------------------------------------------------------------------------------------------------------------------------------------
 Index Scan Backward using idx on public.t (actual rows=5048576.00 loops=1)
   Output: a, b
   Index Cond: ((t.a >= 30210) AND (t.a <= 187977))
   Index Searches: 1
   Prefetch: distance=271.958 count=221751 stalls=1 skipped=4936210 resets=0 ungets=110286 forwarded=31102
             histogram [2,4) => 4, [4,8) => 8, [8,16) => 6, [16,32) => 9, [32,64) => 1, [64,128) => 2, [128,256) => 3, [256,512) => 221718
   Buffers: shared hit=63714 read=51695
 Settings: enable_bitmapscan = 'off', enable_seqscan = 'off', max_parallel_workers_per_gather = '0'
 Planning:
   Buffers: shared hit=82 read=23
 Planning Time: 1.944 ms
 Execution Time: 1391.388 ms
(12 rows)

SET
SET
SET
SET
SET
                                             QUERY PLAN                                             
----------------------------------------------------------------------------------------------------
 Index Scan Backward using idx on public.t (actual rows=5048576.00 loops=1)
   Output: a, b
   Index Cond: ((t.a >= 30210) AND (t.a <= 187977))
   Index Searches: 1
   Buffers: shared hit=115998
 Settings: enable_bitmapscan = 'off', enable_seqscan = 'off', max_parallel_workers_per_gather = '0'
 Planning:
   Buffers: shared hit=110
 Planning Time: 0.206 ms
 Execution Time: 200.393 ms
(10 rows)

