SET
SET
SET
SET
SET
                                                                 QUERY PLAN                                                                 
--------------------------------------------------------------------------------------------------------------------------------------------
 Index Scan Backward using idx on public.t (actual rows=7048576.00 loops=1)
   Output: a, b
   Index Cond: ((t.a >= 27804) AND (t.a <= 248071))
   Index Searches: 1
   Prefetch: distance=271.965 count=309742 stalls=1 skipped=6891992 resets=0 ungets=154063 forwarded=43420
             histogram [2,4) => 6, [4,8) => 9, [8,16) => 6, [16,32) => 10, [32,64) => 1, [64,128) => 2, [128,256) => 2, [256,512) => 309706
   Buffers: shared hit=89059 read=72172
 Settings: enable_bitmapscan = 'off', enable_seqscan = 'off', max_parallel_workers_per_gather = '0'
 Planning:
   Buffers: shared hit=82 read=23
 Planning Time: 1.722 ms
 Execution Time: 1942.744 ms
(12 rows)

SET
SET
SET
SET
SET
                                             QUERY PLAN                                             
----------------------------------------------------------------------------------------------------
 Index Scan Backward using idx on public.t (actual rows=7048576.00 loops=1)
   Output: a, b
   Index Cond: ((t.a >= 27804) AND (t.a <= 248071))
   Index Searches: 1
   Buffers: shared hit=162001
 Settings: enable_bitmapscan = 'off', enable_seqscan = 'off', max_parallel_workers_per_gather = '0'
 Planning:
   Buffers: shared hit=110
 Planning Time: 0.209 ms
 Execution Time: 280.394 ms
(10 rows)

