SET
SET
SET
SET
SET
                                                                 QUERY PLAN                                                                  
---------------------------------------------------------------------------------------------------------------------------------------------
 Index Scan Backward using idx on public.t (actual rows=8048576.00 loops=1)
   Output: a, b
   Index Cond: ((t.a >= 3641) AND (t.a <= 255158))
   Index Searches: 1
   Prefetch: distance=271.967 count=353518 stalls=3 skipped=7870614 resets=0 ungets=175840 forwarded=49551
             histogram [2,4) => 8, [4,8) => 10, [8,16) => 10, [16,32) => 6, [32,64) => 1, [64,128) => 2, [128,256) => 3, [256,512) => 353478
   Buffers: shared hit=101584 read=82411
 Settings: enable_bitmapscan = 'off', enable_seqscan = 'off', max_parallel_workers_per_gather = '0'
 Planning:
   Buffers: shared hit=82 read=23
 Planning Time: 1.768 ms
 Execution Time: 2217.481 ms
(12 rows)

SET
SET
SET
SET
SET
                                             QUERY PLAN                                             
----------------------------------------------------------------------------------------------------
 Index Scan Backward using idx on public.t (actual rows=8048576.00 loops=1)
   Output: a, b
   Index Cond: ((t.a >= 3641) AND (t.a <= 255158))
   Index Searches: 1
   Buffers: shared hit=184876
 Settings: enable_bitmapscan = 'off', enable_seqscan = 'off', max_parallel_workers_per_gather = '0'
 Planning:
   Buffers: shared hit=110
 Planning Time: 0.281 ms
 Execution Time: 316.034 ms
(10 rows)

