SET
SET
SET
SET
SET
                                                                QUERY PLAN                                                                
------------------------------------------------------------------------------------------------------------------------------------------
 Index Scan Backward using idx on public.t (actual rows=4096.00 loops=1)
   Output: a, b
   Index Cond: ((t.a >= 12719) AND (t.a <= 12846))
   Index Searches: 1
   Prefetch: distance=157.387 count=124 stalls=3 skipped=3740 resets=0 ungets=26 forwarded=21
             histogram [2,4) => 8, [4,8) => 14, [8,16) => 11, [16,32) => 10, [32,64) => 8, [64,128) => 3, [128,256) => 4, [256,512) => 66
   Buffers: shared hit=70 read=46
 Settings: enable_bitmapscan = 'off', enable_seqscan = 'off', max_parallel_workers_per_gather = '0'
 Planning:
   Buffers: shared hit=78 read=22
 Planning Time: 0.923 ms
 Execution Time: 1.395 ms
(12 rows)

SET
SET
SET
SET
SET
                                             QUERY PLAN                                             
----------------------------------------------------------------------------------------------------
 Index Scan Backward using idx on public.t (actual rows=4096.00 loops=1)
   Output: a, b
   Index Cond: ((t.a >= 12719) AND (t.a <= 12846))
   Index Searches: 1
   Buffers: shared hit=116
 Settings: enable_bitmapscan = 'off', enable_seqscan = 'off', max_parallel_workers_per_gather = '0'
 Planning:
   Buffers: shared hit=105
 Planning Time: 0.172 ms
 Execution Time: 0.226 ms
(10 rows)

