SET
SET
SET
SET
SET
                                                                 QUERY PLAN                                                                 
--------------------------------------------------------------------------------------------------------------------------------------------
 Index Scan Backward using idx on public.t (actual rows=8192.00 loops=1)
   Output: a, b
   Index Cond: ((t.a >= 5857) AND (t.a <= 6112))
   Index Searches: 1
   Prefetch: distance=227.404 count=312 stalls=10 skipped=7668 resets=0 ungets=85 forwarded=44
             histogram [2,4) => 14, [4,8) => 10, [8,16) => 10, [16,32) => 15, [32,64) => 4, [64,128) => 1, [128,256) => 4, [256,512) => 254
   Buffers: shared hit=171 read=89
 Settings: enable_bitmapscan = 'off', enable_seqscan = 'off', max_parallel_workers_per_gather = '0'
 Planning:
   Buffers: shared hit=78 read=22
 Planning Time: 1.255 ms
 Execution Time: 1.874 ms
(12 rows)

SET
SET
SET
SET
SET
                                             QUERY PLAN                                             
----------------------------------------------------------------------------------------------------
 Index Scan Backward using idx on public.t (actual rows=8192.00 loops=1)
   Output: a, b
   Index Cond: ((t.a >= 5857) AND (t.a <= 6112))
   Index Searches: 1
   Buffers: shared hit=260
 Settings: enable_bitmapscan = 'off', enable_seqscan = 'off', max_parallel_workers_per_gather = '0'
 Planning:
   Buffers: shared hit=105
 Planning Time: 0.176 ms
 Execution Time: 0.415 ms
(10 rows)

