SET
SET
SET
SET
SET
                                                                  QUERY PLAN                                                                  
----------------------------------------------------------------------------------------------------------------------------------------------
 Index Scan Backward using idx on public.t (actual rows=32768.00 loops=1)
   Output: a, b
   Index Cond: ((t.a >= 15482) AND (t.a <= 16505))
   Index Searches: 1
   Prefetch: distance=202.187 count=1047 stalls=117 skipped=31538 resets=0 ungets=221 forwarded=64
             histogram [2,4) => 214, [4,8) => 21, [8,16) => 14, [16,32) => 10, [32,64) => 11, [64,128) => 1, [128,256) => 4, [256,512) => 772
   Buffers: shared hit=643 read=341
 Settings: enable_bitmapscan = 'off', enable_seqscan = 'off', max_parallel_workers_per_gather = '0'
 Planning:
   Buffers: shared hit=78 read=22
 Planning Time: 1.248 ms
 Execution Time: 5.723 ms
(12 rows)

SET
SET
SET
SET
SET
                                             QUERY PLAN                                             
----------------------------------------------------------------------------------------------------
 Index Scan Backward using idx on public.t (actual rows=32768.00 loops=1)
   Output: a, b
   Index Cond: ((t.a >= 15482) AND (t.a <= 16505))
   Index Searches: 1
   Buffers: shared hit=987
 Settings: enable_bitmapscan = 'off', enable_seqscan = 'off', max_parallel_workers_per_gather = '0'
 Planning:
   Buffers: shared hit=105
 Planning Time: 0.127 ms
 Execution Time: 1.232 ms
(10 rows)

