SET
SET
SET
SET
SET
                                                                   QUERY PLAN                                                                   
------------------------------------------------------------------------------------------------------------------------------------------------
 Index Scan Backward using idx on public.t (actual rows=262144.00 loops=1)
   Output: a, b
   Index Cond: ((t.a >= 13443) AND (t.a <= 21634))
   Index Searches: 1
   Prefetch: distance=263.883 count=10858 stalls=141 skipped=253989 resets=0 ungets=3483 forwarded=1260
             histogram [2,4) => 263, [4,8) => 27, [8,16) => 11, [16,32) => 11, [32,64) => 12, [64,128) => 1, [128,256) => 1, [256,512) => 10532
   Buffers: shared hit=5047 read=2687
 Settings: enable_bitmapscan = 'off', enable_seqscan = 'off', max_parallel_workers_per_gather = '0'
 Planning:
   Buffers: shared hit=78 read=22
 Planning Time: 1.804 ms
 Execution Time: 36.288 ms
(12 rows)

SET
SET
SET
SET
SET
                                             QUERY PLAN                                             
----------------------------------------------------------------------------------------------------
 Index Scan Backward using idx on public.t (actual rows=262144.00 loops=1)
   Output: a, b
   Index Cond: ((t.a >= 13443) AND (t.a <= 21634))
   Index Searches: 1
   Buffers: shared hit=7773
 Settings: enable_bitmapscan = 'off', enable_seqscan = 'off', max_parallel_workers_per_gather = '0'
 Planning:
   Buffers: shared hit=105
 Planning Time: 0.188 ms
 Execution Time: 10.675 ms
(10 rows)

