SET
SET
SET
SET
SET
                                                                  QUERY PLAN                                                                  
----------------------------------------------------------------------------------------------------------------------------------------------
 Index Scan Backward using idx on public.t (actual rows=524288.00 loops=1)
   Output: a, b
   Index Cond: ((t.a >= 1309) AND (t.a <= 17692))
   Index Searches: 1
   Prefetch: distance=270.781 count=22350 stalls=22 skipped=509133 resets=0 ungets=7469 forwarded=2799
             histogram [2,4) => 49, [4,8) => 16, [8,16) => 11, [16,32) => 12, [32,64) => 4, [64,128) => 4, [128,256) => 1, [256,512) => 22253
   Buffers: shared hit=9916 read=5370
 Settings: enable_bitmapscan = 'off', enable_seqscan = 'off', max_parallel_workers_per_gather = '0'
 Planning:
   Buffers: shared hit=78 read=26
 Planning Time: 2.048 ms
 Execution Time: 64.808 ms
(12 rows)

SET
SET
SET
SET
SET
                                             QUERY PLAN                                             
----------------------------------------------------------------------------------------------------
 Index Scan Backward using idx on public.t (actual rows=524288.00 loops=1)
   Output: a, b
   Index Cond: ((t.a >= 1309) AND (t.a <= 17692))
   Index Searches: 1
   Buffers: shared hit=15381
 Settings: enable_bitmapscan = 'off', enable_seqscan = 'off', max_parallel_workers_per_gather = '0'
 Planning:
   Buffers: shared hit=109
 Planning Time: 0.172 ms
 Execution Time: 21.912 ms
(10 rows)

