SET
SET
SET
SET
SET
                                                                   QUERY PLAN                                                                   
------------------------------------------------------------------------------------------------------------------------------------------------
 Index Scan Backward using idx on public.t (actual rows=3048576.00 loops=1)
   Output: a, b
   Index Cond: ((t.a >= 17314) AND (t.a <= 112581))
   Index Searches: 1
   Prefetch: distance=270.255 count=120304 stalls=341 skipped=2960686 resets=0 ungets=33778 forwarded=7134
             histogram [2,4) => 622, [4,8) => 55, [8,16) => 11, [16,32) => 11, [32,64) => 4, [64,128) => 1, [128,256) => 3, [256,512) => 119597
   Buffers: shared hit=58033 read=31218
 Settings: enable_bitmapscan = 'off', enable_seqscan = 'off', max_parallel_workers_per_gather = '0'
 Planning:
   Buffers: shared hit=78 read=22
 Planning Time: 1.714 ms
 Execution Time: 355.119 ms
(12 rows)

SET
SET
SET
SET
SET
                                             QUERY PLAN                                             
----------------------------------------------------------------------------------------------------
 Index Scan Backward using idx on public.t (actual rows=3048576.00 loops=1)
   Output: a, b
   Index Cond: ((t.a >= 17314) AND (t.a <= 112581))
   Index Searches: 1
   Buffers: shared hit=89623
 Settings: enable_bitmapscan = 'off', enable_seqscan = 'off', max_parallel_workers_per_gather = '0'
 Planning:
   Buffers: shared hit=105
 Planning Time: 0.184 ms
 Execution Time: 122.216 ms
(10 rows)

