SET
SET
SET
SET
SET
                                                                   QUERY PLAN                                                                   
------------------------------------------------------------------------------------------------------------------------------------------------
 Index Scan Backward using idx on public.t (actual rows=4048576.00 loops=1)
   Output: a, b
   Index Cond: ((t.a >= 20137) AND (t.a <= 146654))
   Index Searches: 1
   Prefetch: distance=271.568 count=160416 stalls=67 skipped=3933006 resets=0 ungets=45232 forwarded=9526
             histogram [2,4) => 109, [4,8) => 17, [8,16) => 12, [16,32) => 15, [32,64) => 5, [64,128) => 1, [128,256) => 4, [256,512) => 160253
   Buffers: shared hit=76984 read=41458
 Settings: enable_bitmapscan = 'off', enable_seqscan = 'off', max_parallel_workers_per_gather = '0'
 Planning:
   Buffers: shared hit=78 read=22
 Planning Time: 1.726 ms
 Execution Time: 475.031 ms
(12 rows)

SET
SET
SET
SET
SET
                                             QUERY PLAN                                             
----------------------------------------------------------------------------------------------------
 Index Scan Backward using idx on public.t (actual rows=4048576.00 loops=1)
   Output: a, b
   Index Cond: ((t.a >= 20137) AND (t.a <= 146654))
   Index Searches: 1
   Buffers: shared hit=118880
 Settings: enable_bitmapscan = 'off', enable_seqscan = 'off', max_parallel_workers_per_gather = '0'
 Planning:
   Buffers: shared hit=105
 Planning Time: 0.184 ms
 Execution Time: 161.849 ms
(10 rows)

