SET
SET
SET
SET
SET
                                                                   QUERY PLAN                                                                    
-------------------------------------------------------------------------------------------------------------------------------------------------
 Index Scan Backward using idx on public.t (actual rows=7048576.00 loops=1)
   Output: a, b
   Index Cond: ((t.a >= 19707) AND (t.a <= 239974))
   Index Searches: 1
   Prefetch: distance=271.618 count=280517 stalls=105 skipped=6847422 resets=0 ungets=80075 forwarded=17805
             histogram [2,4) => 168, [4,8) => 26, [8,16) => 10, [16,32) => 12, [32,64) => 10, [64,128) => 1, [128,256) => 4, [256,512) => 280286
   Buffers: shared hit=133815 read=72172
 Settings: enable_bitmapscan = 'off', enable_seqscan = 'off', max_parallel_workers_per_gather = '0'
 Planning:
   Buffers: shared hit=78 read=22
 Planning Time: 1.756 ms
 Execution Time: 823.925 ms
(12 rows)

SET
SET
SET
SET
SET
                                             QUERY PLAN                                             
----------------------------------------------------------------------------------------------------
 Index Scan Backward using idx on public.t (actual rows=7048576.00 loops=1)
   Output: a, b
   Index Cond: ((t.a >= 19707) AND (t.a <= 239974))
   Index Searches: 1
   Buffers: shared hit=206861
 Settings: enable_bitmapscan = 'off', enable_seqscan = 'off', max_parallel_workers_per_gather = '0'
 Planning:
   Buffers: shared hit=105
 Planning Time: 0.178 ms
 Execution Time: 282.527 ms
(10 rows)

