SET
SET
SET
SET
SET
                                                                   QUERY PLAN                                                                   
------------------------------------------------------------------------------------------------------------------------------------------------
 Index Scan Backward using idx on public.t (actual rows=8048576.00 loops=1)
   Output: a, b
   Index Cond: ((t.a >= 19793) AND (t.a <= 271310))
   Index Searches: 1
   Prefetch: distance=271.696 count=323862 stalls=84 skipped=7819514 resets=0 ungets=94979 forwarded=24094
             histogram [2,4) => 128, [4,8) => 25, [8,16) => 10, [16,32) => 12, [32,64) => 7, [64,128) => 4, [128,256) => 1, [256,512) => 323675
   Buffers: shared hit=152477 read=82411
 Settings: enable_bitmapscan = 'off', enable_seqscan = 'off', max_parallel_workers_per_gather = '0'
 Planning:
   Buffers: shared hit=78 read=22
 Planning Time: 1.701 ms
 Execution Time: 929.364 ms
(12 rows)

SET
SET
SET
SET
SET
                                             QUERY PLAN                                             
----------------------------------------------------------------------------------------------------
 Index Scan Backward using idx on public.t (actual rows=8048576.00 loops=1)
   Output: a, b
   Index Cond: ((t.a >= 19793) AND (t.a <= 271310))
   Index Searches: 1
   Buffers: shared hit=236160
 Settings: enable_bitmapscan = 'off', enable_seqscan = 'off', max_parallel_workers_per_gather = '0'
 Planning:
   Buffers: shared hit=105
 Planning Time: 0.179 ms
 Execution Time: 329.027 ms
(10 rows)

