SET
SET
SET
SET
SET
                                                                 QUERY PLAN                                                                  
---------------------------------------------------------------------------------------------------------------------------------------------
 Index Scan Backward using idx on public.t (actual rows=65536.00 loops=1)
   Output: a, b
   Index Cond: ((t.a >= 24293) AND (t.a <= 26340))
   Index Searches: 1
   Prefetch: distance=261.545 count=2557 stalls=28 skipped=63101 resets=0 ungets=725 forwarded=215
             histogram [2,4) => 54, [4,8) => 8, [8,16) => 11, [16,32) => 11, [32,64) => 11, [64,128) => 4, [128,256) => 8, [256,512) => 2450
   Buffers: shared hit=1254 read=676
 Settings: enable_bitmapscan = 'off', enable_seqscan = 'off', max_parallel_workers_per_gather = '0'
 Planning:
   Buffers: shared hit=78 read=22
 Planning Time: 1.575 ms
 Execution Time: 9.782 ms
(12 rows)

SET
SET
SET
SET
SET
                                             QUERY PLAN                                             
----------------------------------------------------------------------------------------------------
 Index Scan Backward using idx on public.t (actual rows=65536.00 loops=1)
   Output: a, b
   Index Cond: ((t.a >= 24293) AND (t.a <= 26340))
   Index Searches: 1
   Buffers: shared hit=1941
 Settings: enable_bitmapscan = 'off', enable_seqscan = 'off', max_parallel_workers_per_gather = '0'
 Planning:
   Buffers: shared hit=105
 Planning Time: 0.176 ms
 Execution Time: 2.784 ms
(10 rows)

