SET
SET
SET
SET
SET
                                                                  QUERY PLAN                                                                  
----------------------------------------------------------------------------------------------------------------------------------------------
 Index Scan Backward using idx on public.t (actual rows=131072.00 loops=1)
   Output: a, b
   Index Cond: ((t.a >= 6781) AND (t.a <= 10876))
   Index Searches: 1
   Prefetch: distance=246.322 count=4811 stalls=213 skipped=126372 resets=0 ungets=1315 forwarded=384
             histogram [2,4) => 409, [4,8) => 14, [8,16) => 10, [16,32) => 20, [32,64) => 2, [64,128) => 4, [128,256) => 1, [256,512) => 4351
   Buffers: shared hit=2497 read=1347
 Settings: enable_bitmapscan = 'off', enable_seqscan = 'off', max_parallel_workers_per_gather = '0'
 Planning:
   Buffers: shared hit=78 read=22
 Planning Time: 1.696 ms
 Execution Time: 18.695 ms
(12 rows)

SET
SET
SET
SET
SET
                                             QUERY PLAN                                             
----------------------------------------------------------------------------------------------------
 Index Scan Backward using idx on public.t (actual rows=131072.00 loops=1)
   Output: a, b
   Index Cond: ((t.a >= 6781) AND (t.a <= 10876))
   Index Searches: 1
   Buffers: shared hit=3861
 Settings: enable_bitmapscan = 'off', enable_seqscan = 'off', max_parallel_workers_per_gather = '0'
 Planning:
   Buffers: shared hit=105
 Planning Time: 0.139 ms
 Execution Time: 4.708 ms
(10 rows)

