SET
SET
SET
SET
SET
                                                                  QUERY PLAN                                                                   
-----------------------------------------------------------------------------------------------------------------------------------------------
 Index Scan Backward using idx on public.t (actual rows=524288.00 loops=1)
   Output: a, b
   Index Cond: ((t.a >= 30184) AND (t.a <= 46567))
   Index Searches: 1
   Prefetch: distance=270.378 count=21159 stalls=28 skipped=509077 resets=0 ungets=6199 forwarded=1631
             histogram [2,4) => 58, [4,8) => 18, [8,16) => 12, [16,32) => 10, [32,64) => 21, [64,128) => 1, [128,256) => 4, [256,512) => 21035
   Buffers: shared hit=10025 read=5372
 Settings: enable_bitmapscan = 'off', enable_seqscan = 'off', max_parallel_workers_per_gather = '0'
 Planning:
   Buffers: shared hit=78 read=22
 Planning Time: 1.697 ms
 Execution Time: 63.295 ms
(12 rows)

SET
SET
SET
SET
SET
                                             QUERY PLAN                                             
----------------------------------------------------------------------------------------------------
 Index Scan Backward using idx on public.t (actual rows=524288.00 loops=1)
   Output: a, b
   Index Cond: ((t.a >= 30184) AND (t.a <= 46567))
   Index Searches: 1
   Buffers: shared hit=15468
 Settings: enable_bitmapscan = 'off', enable_seqscan = 'off', max_parallel_workers_per_gather = '0'
 Planning:
   Buffers: shared hit=105
 Planning Time: 0.195 ms
 Execution Time: 21.191 ms
(10 rows)

