SET
SET
SET
SET
SET
                                                                  QUERY PLAN                                                                   
-----------------------------------------------------------------------------------------------------------------------------------------------
 Index Scan Backward using idx on public.t (actual rows=1048576.00 loops=1)
   Output: a, b
   Index Cond: ((t.a >= 5977) AND (t.a <= 38744))
   Index Searches: 1
   Prefetch: distance=270.901 count=44142 stalls=64 skipped=1017840 resets=0 ungets=14397 forwarded=4988
             histogram [2,4) => 124, [4,8) => 11, [8,16) => 11, [16,32) => 11, [32,64) => 5, [64,128) => 1, [128,256) => 3, [256,512) => 43976
   Buffers: shared hit=19872 read=10740
 Settings: enable_bitmapscan = 'off', enable_seqscan = 'off', max_parallel_workers_per_gather = '0'
 Planning:
   Buffers: shared hit=78 read=22
 Planning Time: 1.720 ms
 Execution Time: 133.693 ms
(12 rows)

SET
SET
SET
SET
SET
                                             QUERY PLAN                                             
----------------------------------------------------------------------------------------------------
 Index Scan Backward using idx on public.t (actual rows=1048576.00 loops=1)
   Output: a, b
   Index Cond: ((t.a >= 5977) AND (t.a <= 38744))
   Index Searches: 1
   Buffers: shared hit=30777
 Settings: enable_bitmapscan = 'off', enable_seqscan = 'off', max_parallel_workers_per_gather = '0'
 Planning:
   Buffers: shared hit=105
 Planning Time: 0.196 ms
 Execution Time: 43.437 ms
(10 rows)

