SET
SET
SET
SET
SET
                                                                  QUERY PLAN                                                                   
-----------------------------------------------------------------------------------------------------------------------------------------------
 Index Scan Backward using idx on public.t (actual rows=3048576.00 loops=1)
   Output: a, b
   Index Cond: ((t.a >= 7705) AND (t.a <= 102972))
   Index Searches: 1
   Prefetch: distance=271.600 count=121581 stalls=27 skipped=2961222 resets=0 ungets=34765 forwarded=7916
             histogram [2,4) => 58, [4,8) => 15, [8,16) => 10, [16,32) => 15, [32,64) => 8, [64,128) => 5, [128,256) => 3, [256,512) => 121467
   Buffers: shared hit=58007 read=31217
 Settings: enable_bitmapscan = 'off', enable_seqscan = 'off', max_parallel_workers_per_gather = '0'
 Planning:
   Buffers: shared hit=78 read=22
 Planning Time: 1.733 ms
 Execution Time: 351.962 ms
(12 rows)

SET
SET
SET
SET
SET
                                             QUERY PLAN                                             
----------------------------------------------------------------------------------------------------
 Index Scan Backward using idx on public.t (actual rows=3048576.00 loops=1)
   Output: a, b
   Index Cond: ((t.a >= 7705) AND (t.a <= 102972))
   Index Searches: 1
   Buffers: shared hit=89587
 Settings: enable_bitmapscan = 'off', enable_seqscan = 'off', max_parallel_workers_per_gather = '0'
 Planning:
   Buffers: shared hit=105
 Planning Time: 0.183 ms
 Execution Time: 122.658 ms
(10 rows)

