SET
SET
SET
SET
SET
                                                                  QUERY PLAN                                                                  
----------------------------------------------------------------------------------------------------------------------------------------------
 Index Scan Backward using idx on public.t (actual rows=4048576.00 loops=1)
   Output: a, b
   Index Cond: ((t.a >= 3936) AND (t.a <= 130453))
   Index Searches: 1
   Prefetch: distance=270.334 count=162207 stalls=402 skipped=3933011 resets=0 ungets=47267 forwarded=11742
             histogram [2,4) => 817, [4,8) => 68, [8,16) => 8, [16,32) => 9, [32,64) => 6, [64,128) => 1, [128,256) => 4, [256,512) => 161294
   Buffers: shared hit=76963 read=41457
 Settings: enable_bitmapscan = 'off', enable_seqscan = 'off', max_parallel_workers_per_gather = '0'
 Planning:
   Buffers: shared hit=78 read=22
 Planning Time: 1.712 ms
 Execution Time: 481.026 ms
(12 rows)

SET
SET
SET
SET
SET
                                             QUERY PLAN                                             
----------------------------------------------------------------------------------------------------
 Index Scan Backward using idx on public.t (actual rows=4048576.00 loops=1)
   Output: a, b
   Index Cond: ((t.a >= 3936) AND (t.a <= 130453))
   Index Searches: 1
   Buffers: shared hit=118967
 Settings: enable_bitmapscan = 'off', enable_seqscan = 'off', max_parallel_workers_per_gather = '0'
 Planning:
   Buffers: shared hit=105
 Planning Time: 0.182 ms
 Execution Time: 161.985 ms
(10 rows)

