SET
SET
SET
SET
SET
                                                                   QUERY PLAN                                                                   
------------------------------------------------------------------------------------------------------------------------------------------------
 Index Scan Backward using idx on public.t (actual rows=7048576.00 loops=1)
   Output: a, b
   Index Cond: ((t.a >= 31115) AND (t.a <= 251382))
   Index Searches: 1
   Prefetch: distance=270.867 count=284351 stalls=479 skipped=6847309 resets=0 ungets=84266 forwarded=22073
             histogram [2,4) => 914, [4,8) => 96, [8,16) => 11, [16,32) => 12, [32,64) => 8, [64,128) => 1, [128,256) => 4, [256,512) => 283305
   Buffers: shared hit=133671 read=72171
 Settings: enable_bitmapscan = 'off', enable_seqscan = 'off', max_parallel_workers_per_gather = '0'
 Planning:
   Buffers: shared hit=78 read=22
 Planning Time: 1.720 ms
 Execution Time: 817.260 ms
(12 rows)

SET
SET
SET
SET
SET
                                             QUERY PLAN                                             
----------------------------------------------------------------------------------------------------
 Index Scan Backward using idx on public.t (actual rows=7048576.00 loops=1)
   Output: a, b
   Index Cond: ((t.a >= 31115) AND (t.a <= 251382))
   Index Searches: 1
   Buffers: shared hit=206885
 Settings: enable_bitmapscan = 'off', enable_seqscan = 'off', max_parallel_workers_per_gather = '0'
 Planning:
   Buffers: shared hit=105
 Planning Time: 0.178 ms
 Execution Time: 277.548 ms
(10 rows)

