SET
SET
SET
SET
SET
                                                                  QUERY PLAN                                                                  
----------------------------------------------------------------------------------------------------------------------------------------------
 Index Scan Backward using idx on public.t (actual rows=9048576.00 loops=1)
   Output: a, b
   Index Cond: ((t.a >= 5779) AND (t.a <= 288546))
   Index Searches: 1
   Prefetch: distance=271.761 count=357874 stalls=40 skipped=8790633 resets=0 ungets=100523 forwarded=20470
             histogram [2,4) => 56, [4,8) => 10, [8,16) => 8, [16,32) => 10, [32,64) => 5, [64,128) => 1, [128,256) => 3, [256,512) => 357781
   Buffers: shared hit=171656 read=92649
 Settings: enable_bitmapscan = 'off', enable_seqscan = 'off', max_parallel_workers_per_gather = '0'
 Planning:
   Buffers: shared hit=78 read=22
 Planning Time: 1.699 ms
 Execution Time: 1034.072 ms
(12 rows)

SET
SET
SET
SET
SET
                                             QUERY PLAN                                             
----------------------------------------------------------------------------------------------------
 Index Scan Backward using idx on public.t (actual rows=9048576.00 loops=1)
   Output: a, b
   Index Cond: ((t.a >= 5779) AND (t.a <= 288546))
   Index Searches: 1
   Buffers: shared hit=265488
 Settings: enable_bitmapscan = 'off', enable_seqscan = 'off', max_parallel_workers_per_gather = '0'
 Planning:
   Buffers: shared hit=105
 Planning Time: 0.262 ms
 Execution Time: 357.219 ms
(10 rows)

