SET
SET
SET
SET
SET
                                             QUERY PLAN                                             
----------------------------------------------------------------------------------------------------
 Index Scan Backward using idx on public.t (actual rows=32768.00 loops=1)
   Output: a, b
   Index Cond: ((t.a >= 31437) AND (t.a <= 32460))
   Index Searches: 1
   Prefetch: distance=2.241 count=632 stalls=305 skipped=31384 resets=0 ungets=0 forwarded=0
             histogram [2,4) => 560, [4,8) => 72
   Buffers: shared hit=647 read=339
 Settings: enable_bitmapscan = 'off', enable_seqscan = 'off', max_parallel_workers_per_gather = '0'
 Planning:
   Buffers: shared hit=78 read=22
 Planning Time: 1.240 ms
 Execution Time: 7.921 ms
(12 rows)

SET
SET
SET
SET
SET
                                             QUERY PLAN                                             
----------------------------------------------------------------------------------------------------
 Index Scan Backward using idx on public.t (actual rows=32768.00 loops=1)
   Output: a, b
   Index Cond: ((t.a >= 31437) AND (t.a <= 32460))
   Index Searches: 1
   Buffers: shared hit=986
 Settings: enable_bitmapscan = 'off', enable_seqscan = 'off', max_parallel_workers_per_gather = '0'
 Planning:
   Buffers: shared hit=105
 Planning Time: 0.169 ms
 Execution Time: 1.395 ms
(10 rows)

