SET
SET
SET
SET
SET
                                                                 QUERY PLAN                                                                  
---------------------------------------------------------------------------------------------------------------------------------------------
 Index Scan Backward using idx on public.t (actual rows=65536.00 loops=1)
   Output: a, b
   Index Cond: ((t.a >= 29597) AND (t.a <= 31644))
   Index Searches: 1
   Prefetch: distance=259.556 count=2423 stalls=39 skipped=62569 resets=0 ungets=646 forwarded=152
             histogram [2,4) => 72, [4,8) => 11, [8,16) => 12, [16,32) => 11, [32,64) => 3, [64,128) => 4, [128,256) => 1, [256,512) => 2309
   Buffers: shared hit=1234 read=675
 Settings: enable_bitmapscan = 'off', enable_seqscan = 'off', max_parallel_workers_per_gather = '0'
 Planning:
   Buffers: shared hit=78 read=22
 Planning Time: 1.711 ms
 Execution Time: 9.714 ms
(12 rows)

SET
SET
SET
SET
SET
                                             QUERY PLAN                                             
----------------------------------------------------------------------------------------------------
 Index Scan Backward using idx on public.t (actual rows=65536.00 loops=1)
   Output: a, b
   Index Cond: ((t.a >= 29597) AND (t.a <= 31644))
   Index Searches: 1
   Buffers: shared hit=1915
 Settings: enable_bitmapscan = 'off', enable_seqscan = 'off', max_parallel_workers_per_gather = '0'
 Planning:
   Buffers: shared hit=105
 Planning Time: 0.171 ms
 Execution Time: 2.690 ms
(10 rows)

