SET
SET
SET
SET
SET
                                                                 QUERY PLAN                                                                 
--------------------------------------------------------------------------------------------------------------------------------------------
 Index Scan Backward using idx on public.t (actual rows=131072.00 loops=1)
   Output: a, b
   Index Cond: ((t.a >= 7385) AND (t.a <= 11480))
   Index Searches: 1
   Prefetch: distance=267.310 count=5363 stalls=29 skipped=126713 resets=0 ungets=1704 forwarded=609
             histogram [2,4) => 54, [4,8) => 8, [8,16) => 10, [16,32) => 12, [32,64) => 7, [64,128) => 4, [128,256) => 1, [256,512) => 5267
   Buffers: shared hit=2465 read=1346
 Settings: enable_bitmapscan = 'off', enable_seqscan = 'off', max_parallel_workers_per_gather = '0'
 Planning:
   Buffers: shared hit=78 read=22
 Planning Time: 1.696 ms
 Execution Time: 17.789 ms
(12 rows)

SET
SET
SET
SET
SET
                                             QUERY PLAN                                             
----------------------------------------------------------------------------------------------------
 Index Scan Backward using idx on public.t (actual rows=131072.00 loops=1)
   Output: a, b
   Index Cond: ((t.a >= 7385) AND (t.a <= 11480))
   Index Searches: 1
   Buffers: shared hit=3832
 Settings: enable_bitmapscan = 'off', enable_seqscan = 'off', max_parallel_workers_per_gather = '0'
 Planning:
   Buffers: shared hit=105
 Planning Time: 0.155 ms
 Execution Time: 5.113 ms
(10 rows)

