SET
SET
SET
SET
SET
                                                                  QUERY PLAN                                                                   
-----------------------------------------------------------------------------------------------------------------------------------------------
 Index Scan Backward using idx on public.t (actual rows=262144.00 loops=1)
   Output: a, b
   Index Cond: ((t.a >= 14109) AND (t.a <= 22300))
   Index Searches: 1
   Prefetch: distance=269.408 count=11133 stalls=34 skipped=254090 resets=0 ungets=3656 forwarded=1287
             histogram [2,4) => 52, [4,8) => 13, [8,16) => 10, [16,32) => 14, [32,64) => 12, [64,128) => 4, [128,256) => 4, [256,512) => 11024
   Buffers: shared hit=5048 read=2689
 Settings: enable_bitmapscan = 'off', enable_seqscan = 'off', max_parallel_workers_per_gather = '0'
 Planning:
   Buffers: shared hit=78 read=22
 Planning Time: 1.724 ms
 Execution Time: 36.593 ms
(12 rows)

SET
SET
SET
SET
SET
                                             QUERY PLAN                                             
----------------------------------------------------------------------------------------------------
 Index Scan Backward using idx on public.t (actual rows=262144.00 loops=1)
   Output: a, b
   Index Cond: ((t.a >= 14109) AND (t.a <= 22300))
   Index Searches: 1
   Buffers: shared hit=7767
 Settings: enable_bitmapscan = 'off', enable_seqscan = 'off', max_parallel_workers_per_gather = '0'
 Planning:
   Buffers: shared hit=105
 Planning Time: 0.172 ms
 Execution Time: 10.471 ms
(10 rows)

