SET
SET
SET
SET
SET
                                                                   QUERY PLAN                                                                   
------------------------------------------------------------------------------------------------------------------------------------------------
 Index Scan Backward using idx on public.t (actual rows=5048576.00 loops=1)
   Output: a, b
   Index Cond: ((t.a >= 7792) AND (t.a <= 165559))
   Index Searches: 1
   Prefetch: distance=271.642 count=203469 stalls=64 skipped=4903816 resets=0 ungets=59860 forwarded=15442
             histogram [2,4) => 118, [4,8) => 16, [8,16) => 10, [16,32) => 12, [32,64) => 1, [64,128) => 2, [128,256) => 2, [256,512) => 203308
   Buffers: shared hit=95805 read=51693
 Settings: enable_bitmapscan = 'off', enable_seqscan = 'off', max_parallel_workers_per_gather = '0'
 Planning:
   Buffers: shared hit=78 read=22
 Planning Time: 1.728 ms
 Execution Time: 588.638 ms
(12 rows)

SET
SET
SET
SET
SET
                                             QUERY PLAN                                             
----------------------------------------------------------------------------------------------------
 Index Scan Backward using idx on public.t (actual rows=5048576.00 loops=1)
   Output: a, b
   Index Cond: ((t.a >= 7792) AND (t.a <= 165559))
   Index Searches: 1
   Buffers: shared hit=148214
 Settings: enable_bitmapscan = 'off', enable_seqscan = 'off', max_parallel_workers_per_gather = '0'
 Planning:
   Buffers: shared hit=105
 Planning Time: 0.178 ms
 Execution Time: 199.508 ms
(10 rows)

