SET
SET
SET
SET
SET
                                                                  QUERY PLAN                                                                   
-----------------------------------------------------------------------------------------------------------------------------------------------
 Index Scan Backward using idx on public.t (actual rows=7048576.00 loops=1)
   Output: a, b
   Index Cond: ((t.a >= 19903) AND (t.a <= 240170))
   Index Searches: 1
   Prefetch: distance=271.748 count=280922 stalls=30 skipped=6846998 resets=0 ungets=80429 forwarded=18125
             histogram [2,4) => 46, [4,8) => 18, [8,16) => 10, [16,32) => 13, [32,64) => 9, [64,128) => 1, [128,256) => 4, [256,512) => 280821
   Buffers: shared hit=133749 read=72171
 Settings: enable_bitmapscan = 'off', enable_seqscan = 'off', max_parallel_workers_per_gather = '0'
 Planning:
   Buffers: shared hit=78 read=22
 Planning Time: 1.700 ms
 Execution Time: 813.947 ms
(12 rows)

SET
SET
SET
SET
SET
                                             QUERY PLAN                                             
----------------------------------------------------------------------------------------------------
 Index Scan Backward using idx on public.t (actual rows=7048576.00 loops=1)
   Output: a, b
   Index Cond: ((t.a >= 19903) AND (t.a <= 240170))
   Index Searches: 1
   Buffers: shared hit=206857
 Settings: enable_bitmapscan = 'off', enable_seqscan = 'off', max_parallel_workers_per_gather = '0'
 Planning:
   Buffers: shared hit=105
 Planning Time: 0.187 ms
 Execution Time: 280.567 ms
(10 rows)

