SET
SET
SET
SET
SET
                                                                  QUERY PLAN                                                                   
-----------------------------------------------------------------------------------------------------------------------------------------------
 Index Scan Backward using idx on public.t (actual rows=8048576.00 loops=1)
   Output: a, b
   Index Cond: ((t.a >= 17772) AND (t.a <= 269289))
   Index Searches: 1
   Prefetch: distance=271.491 count=323229 stalls=192 skipped=7818629 resets=0 ungets=94465 forwarded=23092
             histogram [2,4) => 363, [4,8) => 34, [8,16) => 11, [16,32) => 9, [32,64) => 7, [64,128) => 4, [128,256) => 1, [256,512) => 322800
   Buffers: shared hit=152715 read=82411
 Settings: enable_bitmapscan = 'off', enable_seqscan = 'off', max_parallel_workers_per_gather = '0'
 Planning:
   Buffers: shared hit=78 read=22
 Planning Time: 1.738 ms
 Execution Time: 944.234 ms
(12 rows)

SET
SET
SET
SET
SET
                                             QUERY PLAN                                             
----------------------------------------------------------------------------------------------------
 Index Scan Backward using idx on public.t (actual rows=8048576.00 loops=1)
   Output: a, b
   Index Cond: ((t.a >= 17772) AND (t.a <= 269289))
   Index Searches: 1
   Buffers: shared hit=236173
 Settings: enable_bitmapscan = 'off', enable_seqscan = 'off', max_parallel_workers_per_gather = '0'
 Planning:
   Buffers: shared hit=105
 Planning Time: 0.204 ms
 Execution Time: 317.908 ms
(10 rows)

