SET
SET
SET
SET
SET
                                                                  QUERY PLAN                                                                   
-----------------------------------------------------------------------------------------------------------------------------------------------
 Index Scan Backward using idx on public.t (actual rows=9048576.00 loops=1)
   Output: a, b
   Index Cond: ((t.a >= 5765) AND (t.a <= 288532))
   Index Searches: 1
   Prefetch: distance=271.765 count=361197 stalls=40 skipped=8790198 resets=0 ungets=103859 forwarded=24056
             histogram [2,4) => 56, [4,8) => 10, [8,16) => 12, [16,32) => 16, [32,64) => 4, [64,128) => 1, [128,256) => 6, [256,512) => 361092
   Buffers: shared hit=171571 read=92649
 Settings: enable_bitmapscan = 'off', enable_seqscan = 'off', max_parallel_workers_per_gather = '0'
 Planning:
   Buffers: shared hit=78 read=22
 Planning Time: 1.709 ms
 Execution Time: 1036.937 ms
(12 rows)

SET
SET
SET
SET
SET
                                             QUERY PLAN                                             
----------------------------------------------------------------------------------------------------
 Index Scan Backward using idx on public.t (actual rows=9048576.00 loops=1)
   Output: a, b
   Index Cond: ((t.a >= 5765) AND (t.a <= 288532))
   Index Searches: 1
   Buffers: shared hit=265489
 Settings: enable_bitmapscan = 'off', enable_seqscan = 'off', max_parallel_workers_per_gather = '0'
 Planning:
   Buffers: shared hit=105
 Planning Time: 0.184 ms
 Execution Time: 356.587 ms
(10 rows)

