SET
SET
SET
SET
SET
                                                                 QUERY PLAN                                                                  
---------------------------------------------------------------------------------------------------------------------------------------------
 Index Scan Backward using idx on public.t (actual rows=65536.00 loops=1)
   Output: a, b
   Index Cond: ((t.a >= 12738) AND (t.a <= 14785))
   Index Searches: 1
   Prefetch: distance=261.443 count=2638 stalls=23 skipped=62963 resets=0 ungets=823 forwarded=310
             histogram [2,4) => 50, [4,8) => 18, [8,16) => 14, [16,32) => 13, [32,64) => 6, [64,128) => 4, [128,256) => 1, [256,512) => 2532
   Buffers: shared hit=1235 read=675
 Settings: enable_bitmapscan = 'off', enable_seqscan = 'off', max_parallel_workers_per_gather = '0'
 Planning:
   Buffers: shared hit=78 read=22
 Planning Time: 1.704 ms
 Execution Time: 9.841 ms
(12 rows)

SET
SET
SET
SET
SET
                                             QUERY PLAN                                             
----------------------------------------------------------------------------------------------------
 Index Scan Backward using idx on public.t (actual rows=65536.00 loops=1)
   Output: a, b
   Index Cond: ((t.a >= 12738) AND (t.a <= 14785))
   Index Searches: 1
   Buffers: shared hit=1922
 Settings: enable_bitmapscan = 'off', enable_seqscan = 'off', max_parallel_workers_per_gather = '0'
 Planning:
   Buffers: shared hit=105
 Planning Time: 0.126 ms
 Execution Time: 2.324 ms
(10 rows)

