SET
SET
SET
SET
SET
                                                                  QUERY PLAN                                                                  
----------------------------------------------------------------------------------------------------------------------------------------------
 Index Scan Backward using idx on public.t (actual rows=131072.00 loops=1)
   Output: a, b
   Index Cond: ((t.a >= 17422) AND (t.a <= 21517))
   Index Searches: 1
   Prefetch: distance=236.670 count=4858 stalls=310 skipped=126383 resets=0 ungets=1406 forwarded=536
             histogram [2,4) => 573, [4,8) => 35, [8,16) => 11, [16,32) => 11, [32,64) => 4, [64,128) => 1, [128,256) => 3, [256,512) => 4220
   Buffers: shared hit=2543 read=1346
 Settings: enable_bitmapscan = 'off', enable_seqscan = 'off', max_parallel_workers_per_gather = '0'
 Planning:
   Buffers: shared hit=78 read=22
 Planning Time: 1.704 ms
 Execution Time: 21.554 ms
(12 rows)

SET
SET
SET
SET
SET
                                             QUERY PLAN                                             
----------------------------------------------------------------------------------------------------
 Index Scan Backward using idx on public.t (actual rows=131072.00 loops=1)
   Output: a, b
   Index Cond: ((t.a >= 17422) AND (t.a <= 21517))
   Index Searches: 1
   Buffers: shared hit=3908
 Settings: enable_bitmapscan = 'off', enable_seqscan = 'off', max_parallel_workers_per_gather = '0'
 Planning:
   Buffers: shared hit=105
 Planning Time: 0.185 ms
 Execution Time: 5.468 ms
(10 rows)

