SET
SET
SET
SET
SET
                                                                  QUERY PLAN                                                                  
----------------------------------------------------------------------------------------------------------------------------------------------
 Index Scan Backward using idx on public.t (actual rows=262144.00 loops=1)
   Output: a, b
   Index Cond: ((t.a >= 17234) AND (t.a <= 25425))
   Index Searches: 1
   Prefetch: distance=251.259 count=10165 stalls=372 skipped=254433 resets=0 ungets=3049 forwarded=1022
             histogram [2,4) => 686, [4,8) => 55, [8,16) => 11, [16,32) => 17, [32,64) => 8, [64,128) => 4, [128,256) => 3, [256,512) => 9381
   Buffers: shared hit=5023 read=2688
 Settings: enable_bitmapscan = 'off', enable_seqscan = 'off', max_parallel_workers_per_gather = '0'
 Planning:
   Buffers: shared hit=78 read=22
 Planning Time: 1.705 ms
 Execution Time: 37.185 ms
(12 rows)

SET
SET
SET
SET
SET
                                             QUERY PLAN                                             
----------------------------------------------------------------------------------------------------
 Index Scan Backward using idx on public.t (actual rows=262144.00 loops=1)
   Output: a, b
   Index Cond: ((t.a >= 17234) AND (t.a <= 25425))
   Index Searches: 1
   Buffers: shared hit=7733
 Settings: enable_bitmapscan = 'off', enable_seqscan = 'off', max_parallel_workers_per_gather = '0'
 Planning:
   Buffers: shared hit=105
 Planning Time: 0.189 ms
 Execution Time: 10.467 ms
(10 rows)

