SET
SET
SET
SET
SET
                                                                  QUERY PLAN                                                                   
-----------------------------------------------------------------------------------------------------------------------------------------------
 Index Scan Backward using idx on public.t (actual rows=524288.00 loops=1)
   Output: a, b
   Index Cond: ((t.a >= 17929) AND (t.a <= 34312))
   Index Searches: 1
   Prefetch: distance=267.393 count=20923 stalls=144 skipped=509004 resets=0 ungets=6198 forwarded=1698
             histogram [2,4) => 280, [4,8) => 30, [8,16) => 11, [16,32) => 17, [32,64) => 8, [64,128) => 4, [128,256) => 3, [256,512) => 20570
   Buffers: shared hit=9922 read=5372
 Settings: enable_bitmapscan = 'off', enable_seqscan = 'off', max_parallel_workers_per_gather = '0'
 Planning:
   Buffers: shared hit=78 read=22
 Planning Time: 1.713 ms
 Execution Time: 66.411 ms
(12 rows)

SET
SET
SET
SET
SET
                                             QUERY PLAN                                             
----------------------------------------------------------------------------------------------------
 Index Scan Backward using idx on public.t (actual rows=524288.00 loops=1)
   Output: a, b
   Index Cond: ((t.a >= 17929) AND (t.a <= 34312))
   Index Searches: 1
   Buffers: shared hit=15357
 Settings: enable_bitmapscan = 'off', enable_seqscan = 'off', max_parallel_workers_per_gather = '0'
 Planning:
   Buffers: shared hit=105
 Planning Time: 0.210 ms
 Execution Time: 21.490 ms
(10 rows)

