SET
SET
SET
SET
SET
                                                                  QUERY PLAN                                                                   
-----------------------------------------------------------------------------------------------------------------------------------------------
 Index Scan Backward using idx on public.t (actual rows=4048576.00 loops=1)
   Output: a, b
   Index Cond: ((t.a >= 29008) AND (t.a <= 155525))
   Index Searches: 1
   Prefetch: distance=271.559 count=160160 stalls=45 skipped=3932360 resets=0 ungets=44891 forwarded=9197
             histogram [2,4) => 98, [4,8) => 29, [8,16) => 15, [16,32) => 8, [32,64) => 11, [64,128) => 1, [128,256) => 1, [256,512) => 159997
   Buffers: shared hit=77043 read=41457
 Settings: enable_bitmapscan = 'off', enable_seqscan = 'off', max_parallel_workers_per_gather = '0'
 Planning:
   Buffers: shared hit=78 read=22
 Planning Time: 1.699 ms
 Execution Time: 474.972 ms
(12 rows)

SET
SET
SET
SET
SET
                                             QUERY PLAN                                             
----------------------------------------------------------------------------------------------------
 Index Scan Backward using idx on public.t (actual rows=4048576.00 loops=1)
   Output: a, b
   Index Cond: ((t.a >= 29008) AND (t.a <= 155525))
   Index Searches: 1
   Buffers: shared hit=118958
 Settings: enable_bitmapscan = 'off', enable_seqscan = 'off', max_parallel_workers_per_gather = '0'
 Planning:
   Buffers: shared hit=105
 Planning Time: 0.198 ms
 Execution Time: 159.677 ms
(10 rows)

