SET
SET
SET
SET
SET
                                                                 QUERY PLAN                                                                  
---------------------------------------------------------------------------------------------------------------------------------------------
 Index Scan Backward using idx on public.t (actual rows=6048576.00 loops=1)
   Output: a, b
   Index Cond: ((t.a >= 12380) AND (t.a <= 201397))
   Index Searches: 1
   Prefetch: distance=271.804 count=243901 stalls=1 skipped=5875352 resets=0 ungets=71733 forwarded=18192
             histogram [2,4) => 4, [4,8) => 8, [8,16) => 11, [16,32) => 12, [32,64) => 6, [64,128) => 4, [128,256) => 1, [256,512) => 243855
   Buffers: shared hit=114740 read=61933
 Settings: enable_bitmapscan = 'off', enable_seqscan = 'off', max_parallel_workers_per_gather = '0'
 Planning:
   Buffers: shared hit=78 read=22
 Planning Time: 1.689 ms
 Execution Time: 698.255 ms
(12 rows)

SET
SET
SET
SET
SET
                                             QUERY PLAN                                             
----------------------------------------------------------------------------------------------------
 Index Scan Backward using idx on public.t (actual rows=6048576.00 loops=1)
   Output: a, b
   Index Cond: ((t.a >= 12380) AND (t.a <= 201397))
   Index Searches: 1
   Buffers: shared hit=177605
 Settings: enable_bitmapscan = 'off', enable_seqscan = 'off', max_parallel_workers_per_gather = '0'
 Planning:
   Buffers: shared hit=105
 Planning Time: 0.174 ms
 Execution Time: 240.928 ms
(10 rows)

