SET
SET
SET
SET
SET
                                                                   QUERY PLAN                                                                   
------------------------------------------------------------------------------------------------------------------------------------------------
 Index Scan Backward using idx on public.t (actual rows=7048576.00 loops=1)
   Output: a, b
   Index Cond: ((t.a >= 24970) AND (t.a <= 245237))
   Index Searches: 1
   Prefetch: distance=271.443 count=282254 stalls=174 skipped=6847878 resets=0 ungets=81921 forwarded=20023
             histogram [2,4) => 335, [4,8) => 56, [8,16) => 11, [16,32) => 10, [32,64) => 9, [64,128) => 4, [128,256) => 1, [256,512) => 281828
   Buffers: shared hit=133593 read=72172
 Settings: enable_bitmapscan = 'off', enable_seqscan = 'off', max_parallel_workers_per_gather = '0'
 Planning:
   Buffers: shared hit=78 read=22
 Planning Time: 1.695 ms
 Execution Time: 805.817 ms
(12 rows)

SET
SET
SET
SET
SET
                                             QUERY PLAN                                             
----------------------------------------------------------------------------------------------------
 Index Scan Backward using idx on public.t (actual rows=7048576.00 loops=1)
   Output: a, b
   Index Cond: ((t.a >= 24970) AND (t.a <= 245237))
   Index Searches: 1
   Buffers: shared hit=206813
 Settings: enable_bitmapscan = 'off', enable_seqscan = 'off', max_parallel_workers_per_gather = '0'
 Planning:
   Buffers: shared hit=105
 Planning Time: 0.182 ms
 Execution Time: 280.065 ms
(10 rows)

