SET
SET
SET
SET
SET
                                                                  QUERY PLAN                                                                  
----------------------------------------------------------------------------------------------------------------------------------------------
 Index Scan Backward using idx on public.t (actual rows=8048576.00 loops=1)
   Output: a, b
   Index Cond: ((t.a >= 23905) AND (t.a <= 275422))
   Index Searches: 1
   Prefetch: distance=271.769 count=319544 stalls=13 skipped=7818959 resets=0 ungets=90611 forwarded=19860
             histogram [2,4) => 28, [4,8) => 23, [8,16) => 9, [16,32) => 14, [32,64) => 4, [64,128) => 1, [128,256) => 1, [256,512) => 319464
   Buffers: shared hit=152526 read=82411
 Settings: enable_bitmapscan = 'off', enable_seqscan = 'off', max_parallel_workers_per_gather = '0'
 Planning:
   Buffers: shared hit=78 read=22
 Planning Time: 1.683 ms
 Execution Time: 914.269 ms
(12 rows)

SET
SET
SET
SET
SET
                                             QUERY PLAN                                             
----------------------------------------------------------------------------------------------------
 Index Scan Backward using idx on public.t (actual rows=8048576.00 loops=1)
   Output: a, b
   Index Cond: ((t.a >= 23905) AND (t.a <= 275422))
   Index Searches: 1
   Buffers: shared hit=236159
 Settings: enable_bitmapscan = 'off', enable_seqscan = 'off', max_parallel_workers_per_gather = '0'
 Planning:
   Buffers: shared hit=105
 Planning Time: 0.200 ms
 Execution Time: 301.735 ms
(10 rows)

