SET
SET
SET
SET
SET
                                             QUERY PLAN                                             
----------------------------------------------------------------------------------------------------
 Index Scan Backward using idx on public.t (actual rows=4096.00 loops=1)
   Output: a, b
   Index Cond: ((t.a >= 2903) AND (t.a <= 3030))
   Index Searches: 1
   Prefetch: distance=5.397 count=68 stalls=21 skipped=3240 resets=0 ungets=0 forwarded=6
             histogram [2,4) => 44, [4,8) => 8, [8,16) => 12, [16,32) => 4
   Buffers: shared hit=77 read=45
 Settings: enable_bitmapscan = 'off', enable_seqscan = 'off', max_parallel_workers_per_gather = '0'
 Planning:
   Buffers: shared hit=82 read=26
 Planning Time: 1.106 ms
 Execution Time: 1.469 ms
(12 rows)

SET
SET
SET
SET
SET
                                             QUERY PLAN                                             
----------------------------------------------------------------------------------------------------
 Index Scan Backward using idx on public.t (actual rows=4096.00 loops=1)
   Output: a, b
   Index Cond: ((t.a >= 2903) AND (t.a <= 3030))
   Index Searches: 1
   Buffers: shared hit=122
 Settings: enable_bitmapscan = 'off', enable_seqscan = 'off', max_parallel_workers_per_gather = '0'
 Planning:
   Buffers: shared hit=113
 Planning Time: 0.129 ms
 Execution Time: 0.179 ms
(10 rows)

