SET
SET
SET
SET
SET
                                                                 QUERY PLAN                                                                 
--------------------------------------------------------------------------------------------------------------------------------------------
 Index Scan Backward using idx on public.t (actual rows=8192.00 loops=1)
   Output: a, b
   Index Cond: ((t.a >= 23161) AND (t.a <= 23416))
   Index Searches: 1
   Prefetch: distance=219.178 count=259 stalls=4 skipped=7008 resets=0 ungets=70 forwarded=28
             histogram [2,4) => 12, [4,8) => 14, [8,16) => 11, [16,32) => 11, [32,64) => 1, [64,128) => 4, [128,256) => 1, [256,512) => 205
   Buffers: shared hit=146 read=87
 Settings: enable_bitmapscan = 'off', enable_seqscan = 'off', max_parallel_workers_per_gather = '0'
 Planning:
   Buffers: shared hit=78 read=22
 Planning Time: 0.930 ms
 Execution Time: 1.768 ms
(12 rows)

SET
SET
SET
SET
SET
                                             QUERY PLAN                                             
----------------------------------------------------------------------------------------------------
 Index Scan Backward using idx on public.t (actual rows=8192.00 loops=1)
   Output: a, b
   Index Cond: ((t.a >= 23161) AND (t.a <= 23416))
   Index Searches: 1
   Buffers: shared hit=233
 Settings: enable_bitmapscan = 'off', enable_seqscan = 'off', max_parallel_workers_per_gather = '0'
 Planning:
   Buffers: shared hit=105
 Planning Time: 0.194 ms
 Execution Time: 0.402 ms
(10 rows)

