SET
SET
SET
SET
SET
                                                                 QUERY PLAN                                                                 
--------------------------------------------------------------------------------------------------------------------------------------------
 Index Scan Backward using idx on public.t (actual rows=32768.00 loops=1)
   Output: a, b
   Index Cond: ((t.a >= 18740) AND (t.a <= 19763))
   Index Searches: 1
   Prefetch: distance=252.978 count=1316 stalls=32 skipped=31637 resets=0 ungets=408 forwarded=161
             histogram [2,4) => 56, [4,8) => 9, [8,16) => 14, [16,32) => 11, [32,64) => 1, [64,128) => 4, [128,256) => 1, [256,512) => 1220
   Buffers: shared hit=635 read=341
 Settings: enable_bitmapscan = 'off', enable_seqscan = 'off', max_parallel_workers_per_gather = '0'
 Planning:
   Buffers: shared hit=78 read=22
 Planning Time: 1.531 ms
 Execution Time: 6.039 ms
(12 rows)

SET
SET
SET
SET
SET
                                             QUERY PLAN                                             
----------------------------------------------------------------------------------------------------
 Index Scan Backward using idx on public.t (actual rows=32768.00 loops=1)
   Output: a, b
   Index Cond: ((t.a >= 18740) AND (t.a <= 19763))
   Index Searches: 1
   Buffers: shared hit=981
 Settings: enable_bitmapscan = 'off', enable_seqscan = 'off', max_parallel_workers_per_gather = '0'
 Planning:
   Buffers: shared hit=105
 Planning Time: 0.142 ms
 Execution Time: 1.226 ms
(10 rows)

