SET
SET
SET
SET
SET
                                                                  QUERY PLAN                                                                  
----------------------------------------------------------------------------------------------------------------------------------------------
 Index Scan Backward using idx on public.t (actual rows=131072.00 loops=1)
   Output: a, b
   Index Cond: ((t.a >= 22398) AND (t.a <= 26493))
   Index Searches: 1
   Prefetch: distance=267.771 count=5475 stalls=20 skipped=126659 resets=0 ungets=1817 forwarded=704
             histogram [2,4) => 33, [4,8) => 18, [8,16) => 10, [16,32) => 11, [32,64) => 12, [64,128) => 4, [128,256) => 4, [256,512) => 5383
   Buffers: shared hit=2463 read=1346
 Settings: enable_bitmapscan = 'off', enable_seqscan = 'off', max_parallel_workers_per_gather = '0'
 Planning:
   Buffers: shared hit=78 read=22
 Planning Time: 1.718 ms
 Execution Time: 19.382 ms
(12 rows)

SET
SET
SET
SET
SET
                                             QUERY PLAN                                             
----------------------------------------------------------------------------------------------------
 Index Scan Backward using idx on public.t (actual rows=131072.00 loops=1)
   Output: a, b
   Index Cond: ((t.a >= 22398) AND (t.a <= 26493))
   Index Searches: 1
   Buffers: shared hit=3825
 Settings: enable_bitmapscan = 'off', enable_seqscan = 'off', max_parallel_workers_per_gather = '0'
 Planning:
   Buffers: shared hit=105
 Planning Time: 0.185 ms
 Execution Time: 5.183 ms
(10 rows)

