SET
SET
SET
SET
SET
                                                                  QUERY PLAN                                                                   
-----------------------------------------------------------------------------------------------------------------------------------------------
 Index Scan Backward using idx on public.t (actual rows=262144.00 loops=1)
   Output: a, b
   Index Cond: ((t.a >= 31450) AND (t.a <= 39641))
   Index Searches: 1
   Prefetch: distance=247.990 count=9647 stalls=388 skipped=254602 resets=0 ungets=2524 forwarded=590
             histogram [2,4) => 726, [4,8) => 89, [8,16) => 11, [16,32) => 12, [32,64) => 18, [64,128) => 1, [128,256) => 4, [256,512) => 8786
   Buffers: shared hit=5030 read=2689
 Settings: enable_bitmapscan = 'off', enable_seqscan = 'off', max_parallel_workers_per_gather = '0'
 Planning:
   Buffers: shared hit=78 read=22
 Planning Time: 1.706 ms
 Execution Time: 35.549 ms
(12 rows)

SET
SET
SET
SET
SET
                                             QUERY PLAN                                             
----------------------------------------------------------------------------------------------------
 Index Scan Backward using idx on public.t (actual rows=262144.00 loops=1)
   Output: a, b
   Index Cond: ((t.a >= 31450) AND (t.a <= 39641))
   Index Searches: 1
   Buffers: shared hit=7753
 Settings: enable_bitmapscan = 'off', enable_seqscan = 'off', max_parallel_workers_per_gather = '0'
 Planning:
   Buffers: shared hit=105
 Planning Time: 0.186 ms
 Execution Time: 10.600 ms
(10 rows)

