SET
SET
SET
SET
SET
                                                                  QUERY PLAN                                                                  
----------------------------------------------------------------------------------------------------------------------------------------------
 Index Scan Backward using idx on public.t (actual rows=524288.00 loops=1)
   Output: a, b
   Index Cond: ((t.a >= 13903) AND (t.a <= 30286))
   Index Searches: 1
   Prefetch: distance=269.281 count=22336 stalls=101 skipped=508966 resets=0 ungets=7530 forwarded=2900
             histogram [2,4) => 178, [4,8) => 14, [8,16) => 6, [16,32) => 14, [32,64) => 5, [64,128) => 4, [128,256) => 1, [256,512) => 22114
   Buffers: shared hit=9923 read=5372
 Settings: enable_bitmapscan = 'off', enable_seqscan = 'off', max_parallel_workers_per_gather = '0'
 Planning:
   Buffers: shared hit=78 read=22
 Planning Time: 1.706 ms
 Execution Time: 70.534 ms
(12 rows)

SET
SET
SET
SET
SET
                                             QUERY PLAN                                             
----------------------------------------------------------------------------------------------------
 Index Scan Backward using idx on public.t (actual rows=524288.00 loops=1)
   Output: a, b
   Index Cond: ((t.a >= 13903) AND (t.a <= 30286))
   Index Searches: 1
   Buffers: shared hit=15390
 Settings: enable_bitmapscan = 'off', enable_seqscan = 'off', max_parallel_workers_per_gather = '0'
 Planning:
   Buffers: shared hit=105
 Planning Time: 0.193 ms
 Execution Time: 21.599 ms
(10 rows)

