SET
SET
SET
SET
SET
                                                                   QUERY PLAN                                                                   
------------------------------------------------------------------------------------------------------------------------------------------------
 Index Scan Backward using idx on public.t (actual rows=1048576.00 loops=1)
   Output: a, b
   Index Cond: ((t.a >= 32311) AND (t.a <= 65078))
   Index Searches: 1
   Prefetch: distance=269.862 count=41133 stalls=127 skipped=1018193 resets=0 ungets=11356 forwarded=2219
             histogram [2,4) => 246, [4,8) => 17, [8,16) => 11, [16,32) => 11, [32,64) => 15, [64,128) => 3, [128,256) => 4, [256,512) => 40826
   Buffers: shared hit=19987 read=10740
 Settings: enable_bitmapscan = 'off', enable_seqscan = 'off', max_parallel_workers_per_gather = '0'
 Planning:
   Buffers: shared hit=78 read=22
 Planning Time: 1.695 ms
 Execution Time: 120.078 ms
(12 rows)

SET
SET
SET
SET
SET
                                             QUERY PLAN                                             
----------------------------------------------------------------------------------------------------
 Index Scan Backward using idx on public.t (actual rows=1048576.00 loops=1)
   Output: a, b
   Index Cond: ((t.a >= 32311) AND (t.a <= 65078))
   Index Searches: 1
   Buffers: shared hit=30857
 Settings: enable_bitmapscan = 'off', enable_seqscan = 'off', max_parallel_workers_per_gather = '0'
 Planning:
   Buffers: shared hit=105
 Planning Time: 0.175 ms
 Execution Time: 42.516 ms
(10 rows)

