SET
SET
SET
SET
SET
                                                                   QUERY PLAN                                                                   
------------------------------------------------------------------------------------------------------------------------------------------------
 Index Scan Backward using idx on public.t (actual rows=2048576.00 loops=1)
   Output: a, b
   Index Cond: ((t.a >= 14550) AND (t.a <= 78567))
   Index Searches: 1
   Prefetch: distance=271.285 count=81127 stalls=61 skipped=1989129 resets=0 ungets=22732 forwarded=4608
             histogram [2,4) => 112, [4,8) => 20, [8,16) => 11, [16,32) => 11, [32,64) => 10, [64,128) => 1, [128,256) => 4, [256,512) => 80958
   Buffers: shared hit=39121 read=20978
 Settings: enable_bitmapscan = 'off', enable_seqscan = 'off', max_parallel_workers_per_gather = '0'
 Planning:
   Buffers: shared hit=78 read=22
 Planning Time: 1.740 ms
 Execution Time: 242.044 ms
(12 rows)

SET
SET
SET
SET
SET
                                             QUERY PLAN                                             
----------------------------------------------------------------------------------------------------
 Index Scan Backward using idx on public.t (actual rows=2048576.00 loops=1)
   Output: a, b
   Index Cond: ((t.a >= 14550) AND (t.a <= 78567))
   Index Searches: 1
   Buffers: shared hit=60315
 Settings: enable_bitmapscan = 'off', enable_seqscan = 'off', max_parallel_workers_per_gather = '0'
 Planning:
   Buffers: shared hit=105
 Planning Time: 0.176 ms
 Execution Time: 82.424 ms
(10 rows)

