SET
SET
SET
SET
SET
                                                                  QUERY PLAN                                                                   
-----------------------------------------------------------------------------------------------------------------------------------------------
 Index Scan Backward using idx on public.t (actual rows=6048576.00 loops=1)
   Output: a, b
   Index Cond: ((t.a >= 6743) AND (t.a <= 195760))
   Index Searches: 1
   Prefetch: distance=271.287 count=238270 stalls=227 skipped=5875325 resets=0 ungets=66319 forwarded=13395
             histogram [2,4) => 429, [4,8) => 14, [8,16) => 9, [16,32) => 21, [32,64) => 2, [64,128) => 4, [128,256) => 4, [256,512) => 237787
   Buffers: shared hit=114866 read=61933
 Settings: enable_bitmapscan = 'off', enable_seqscan = 'off', max_parallel_workers_per_gather = '0'
 Planning:
   Buffers: shared hit=78 read=22
 Planning Time: 1.718 ms
 Execution Time: 690.088 ms
(12 rows)

SET
SET
SET
SET
SET
                                             QUERY PLAN                                             
----------------------------------------------------------------------------------------------------
 Index Scan Backward using idx on public.t (actual rows=6048576.00 loops=1)
   Output: a, b
   Index Cond: ((t.a >= 6743) AND (t.a <= 195760))
   Index Searches: 1
   Buffers: shared hit=177614
 Settings: enable_bitmapscan = 'off', enable_seqscan = 'off', max_parallel_workers_per_gather = '0'
 Planning:
   Buffers: shared hit=105
 Planning Time: 0.197 ms
 Execution Time: 237.638 ms
(10 rows)

