SET
SET
SET
SET
SET
                                                                   QUERY PLAN                                                                    
-------------------------------------------------------------------------------------------------------------------------------------------------
 Index Scan Backward using idx on public.t (actual rows=7048576.00 loops=1)
   Output: a, b
   Index Cond: ((t.a >= 13306) AND (t.a <= 233573))
   Index Searches: 1
   Prefetch: distance=271.469 count=286073 stalls=183 skipped=6847489 resets=0 ungets=85648 forwarded=23096
             histogram [2,4) => 349, [4,8) => 29, [8,16) => 11, [16,32) => 11, [32,64) => 12, [64,128) => 1, [128,256) => 1, [256,512) => 285659
   Buffers: shared hit=133738 read=72172
 Settings: enable_bitmapscan = 'off', enable_seqscan = 'off', max_parallel_workers_per_gather = '0'
 Planning:
   Buffers: shared hit=78 read=22
 Planning Time: 1.733 ms
 Execution Time: 829.928 ms
(12 rows)

SET
SET
SET
SET
SET
                                             QUERY PLAN                                             
----------------------------------------------------------------------------------------------------
 Index Scan Backward using idx on public.t (actual rows=7048576.00 loops=1)
   Output: a, b
   Index Cond: ((t.a >= 13306) AND (t.a <= 233573))
   Index Searches: 1
   Buffers: shared hit=206920
 Settings: enable_bitmapscan = 'off', enable_seqscan = 'off', max_parallel_workers_per_gather = '0'
 Planning:
   Buffers: shared hit=105
 Planning Time: 0.176 ms
 Execution Time: 282.151 ms
(10 rows)

