SET
SET
SET
SET
SET
                                                                  QUERY PLAN                                                                   
-----------------------------------------------------------------------------------------------------------------------------------------------
 Index Scan Backward using idx on public.t (actual rows=9048576.00 loops=1)
   Output: a, b
   Index Cond: ((t.a >= 25759) AND (t.a <= 308526))
   Index Searches: 1
   Prefetch: distance=271.636 count=360860 stalls=99 skipped=8790540 resets=0 ungets=103626 forwarded=24149
             histogram [2,4) => 198, [4,8) => 43, [8,16) => 12, [16,32) => 9, [32,64) => 9, [64,128) => 4, [128,256) => 1, [256,512) => 360584
   Buffers: shared hit=171390 read=92648
 Settings: enable_bitmapscan = 'off', enable_seqscan = 'off', max_parallel_workers_per_gather = '0'
 Planning:
   Buffers: shared hit=78 read=26
 Planning Time: 1.843 ms
 Execution Time: 1037.864 ms
(12 rows)

SET
SET
SET
SET
SET
                                             QUERY PLAN                                             
----------------------------------------------------------------------------------------------------
 Index Scan Backward using idx on public.t (actual rows=9048576.00 loops=1)
   Output: a, b
   Index Cond: ((t.a >= 25759) AND (t.a <= 308526))
   Index Searches: 1
   Buffers: shared hit=265437
 Settings: enable_bitmapscan = 'off', enable_seqscan = 'off', max_parallel_workers_per_gather = '0'
 Planning:
   Buffers: shared hit=109
 Planning Time: 0.208 ms
 Execution Time: 383.877 ms
(10 rows)

