SET
SET
SET
SET
SET
                                             QUERY PLAN                                             
----------------------------------------------------------------------------------------------------
 Index Scan using idx on public.t (actual rows=8192.00 loops=1)
   Output: a, b
   Index Cond: ((t.a >= 13389) AND (t.a <= 13644))
   Index Searches: 1
   Prefetch: distance=2.118 count=153 stalls=79 skipped=7673 resets=0 ungets=0 forwarded=5
             histogram [2,4) => 146, [4,8) => 7
   Buffers: shared hit=164 read=89
 Settings: enable_bitmapscan = 'off', enable_seqscan = 'off', max_parallel_workers_per_gather = '0'
 Planning:
   Buffers: shared hit=82 read=22
 Planning Time: 1.148 ms
 Execution Time: 6.183 ms
(12 rows)

SET
SET
SET
SET
SET
                                             QUERY PLAN                                             
----------------------------------------------------------------------------------------------------
 Index Scan using idx on public.t (actual rows=8192.00 loops=1)
   Output: a, b
   Index Cond: ((t.a >= 13389) AND (t.a <= 13644))
   Index Searches: 1
   Buffers: shared hit=253
 Settings: enable_bitmapscan = 'off', enable_seqscan = 'off', max_parallel_workers_per_gather = '0'
 Planning:
   Buffers: shared hit=109
 Planning Time: 0.171 ms
 Execution Time: 0.427 ms
(10 rows)

