SET
SET
SET
SET
SET
                                                                  QUERY PLAN                                                                  
----------------------------------------------------------------------------------------------------------------------------------------------
 Index Scan using idx on public.t (actual rows=2048576.00 loops=1)
   Output: a, b
   Index Cond: ((t.a >= 32323) AND (t.a <= 96340))
   Index Searches: 1
   Prefetch: distance=270.482 count=114445 stalls=280 skipped=1988996 resets=0 ungets=56286 forwarded=21500
             histogram [2,4) => 584, [4,8) => 34, [8,16) => 5, [16,32) => 9, [32,64) => 5, [64,128) => 1, [128,256) => 2, [256,512) => 113805
   Buffers: shared hit=38725 read=20978
 Settings: enable_bitmapscan = 'off', enable_seqscan = 'off', max_parallel_workers_per_gather = '0'
 Planning:
   Buffers: shared hit=82 read=22
 Planning Time: 1.712 ms
 Execution Time: 572.402 ms
(12 rows)

SET
SET
SET
SET
SET
                                             QUERY PLAN                                             
----------------------------------------------------------------------------------------------------
 Index Scan using idx on public.t (actual rows=2048576.00 loops=1)
   Output: a, b
   Index Cond: ((t.a >= 32323) AND (t.a <= 96340))
   Index Searches: 1
   Buffers: shared hit=60303
 Settings: enable_bitmapscan = 'off', enable_seqscan = 'off', max_parallel_workers_per_gather = '0'
 Planning:
   Buffers: shared hit=109
 Planning Time: 0.174 ms
 Execution Time: 88.049 ms
(10 rows)

