SET
SET
SET
SET
SET
                                                                  QUERY PLAN                                                                  
----------------------------------------------------------------------------------------------------------------------------------------------
 Index Scan using idx on public.t (actual rows=3048576.00 loops=1)
   Output: a, b
   Index Cond: ((t.a >= 7993) AND (t.a <= 103260))
   Index Searches: 1
   Prefetch: distance=271.827 count=171670 stalls=26 skipped=2960946 resets=0 ungets=84865 forwarded=32352
             histogram [2,4) => 63, [4,8) => 17, [8,16) => 6, [16,32) => 11, [32,64) => 4, [64,128) => 1, [128,256) => 2, [256,512) => 171566
   Buffers: shared hit=57403 read=31217
 Settings: enable_bitmapscan = 'off', enable_seqscan = 'off', max_parallel_workers_per_gather = '0'
 Planning:
   Buffers: shared hit=82 read=22
 Planning Time: 1.708 ms
 Execution Time: 828.018 ms
(12 rows)

SET
SET
SET
SET
SET
                                             QUERY PLAN                                             
----------------------------------------------------------------------------------------------------
 Index Scan using idx on public.t (actual rows=3048576.00 loops=1)
   Output: a, b
   Index Cond: ((t.a >= 7993) AND (t.a <= 103260))
   Index Searches: 1
   Buffers: shared hit=89580
 Settings: enable_bitmapscan = 'off', enable_seqscan = 'off', max_parallel_workers_per_gather = '0'
 Planning:
   Buffers: shared hit=109
 Planning Time: 0.176 ms
 Execution Time: 130.493 ms
(10 rows)

