SET
SET
SET
SET
SET
                                                                  QUERY PLAN                                                                   
-----------------------------------------------------------------------------------------------------------------------------------------------
 Index Scan using idx on public.t (actual rows=6048576.00 loops=1)
   Output: a, b
   Index Cond: ((t.a >= 17599) AND (t.a <= 206616))
   Index Searches: 1
   Prefetch: distance=271.746 count=339968 stalls=111 skipped=5875578 resets=0 ungets=167912 forwarded=64059
             histogram [2,4) => 247, [4,8) => 35, [8,16) => 11, [16,32) => 7, [32,64) => 1, [64,128) => 3, [128,256) => 1, [256,512) => 339663
   Buffers: shared hit=113754 read=61933
 Settings: enable_bitmapscan = 'off', enable_seqscan = 'off', max_parallel_workers_per_gather = '0'
 Planning:
   Buffers: shared hit=82 read=22
 Planning Time: 1.710 ms
 Execution Time: 1645.819 ms
(12 rows)

SET
SET
SET
SET
SET
                                             QUERY PLAN                                             
----------------------------------------------------------------------------------------------------
 Index Scan using idx on public.t (actual rows=6048576.00 loops=1)
   Output: a, b
   Index Cond: ((t.a >= 17599) AND (t.a <= 206616))
   Index Searches: 1
   Buffers: shared hit=177594
 Settings: enable_bitmapscan = 'off', enable_seqscan = 'off', max_parallel_workers_per_gather = '0'
 Planning:
   Buffers: shared hit=109
 Planning Time: 0.199 ms
 Execution Time: 259.930 ms
(10 rows)

