SET
SET
SET
SET
SET
                                             QUERY PLAN                                             
----------------------------------------------------------------------------------------------------
 Index Scan using idx on public.t (actual rows=8192.00 loops=1)
   Output: a, b
   Index Cond: ((t.a >= 5915) AND (t.a <= 6170))
   Index Searches: 1
   Prefetch: distance=2.113 count=142 stalls=79 skipped=7172 resets=0 ungets=0 forwarded=4
             histogram [2,4) => 135, [4,8) => 7
   Buffers: shared hit=168 read=88
 Settings: enable_bitmapscan = 'off', enable_seqscan = 'off', max_parallel_workers_per_gather = '0'
 Planning:
   Buffers: shared hit=82 read=22
 Planning Time: 0.978 ms
 Execution Time: 6.961 ms
(12 rows)

SET
SET
SET
SET
SET
                                             QUERY PLAN                                             
----------------------------------------------------------------------------------------------------
 Index Scan using idx on public.t (actual rows=8192.00 loops=1)
   Output: a, b
   Index Cond: ((t.a >= 5915) AND (t.a <= 6170))
   Index Searches: 1
   Buffers: shared hit=256
 Settings: enable_bitmapscan = 'off', enable_seqscan = 'off', max_parallel_workers_per_gather = '0'
 Planning:
   Buffers: shared hit=109
 Planning Time: 0.192 ms
 Execution Time: 0.426 ms
(10 rows)

