SET
SET
SET
SET
SET
                                                                  QUERY PLAN                                                                  
----------------------------------------------------------------------------------------------------------------------------------------------
 Index Scan using idx on public.t (actual rows=1048576.00 loops=1)
   Output: a, b
   Index Cond: ((t.a >= 2238) AND (t.a <= 35005))
   Index Searches: 1
   Prefetch: distance=270.483 count=58328 stalls=129 skipped=1018108 resets=0 ungets=28681 forwarded=10966
             histogram [2,4) => 272, [4,8) => 35, [8,16) => 10, [16,32) => 5, [32,64) => 3, [64,128) => 2, [128,256) => 3, [256,512) => 57998
   Buffers: shared hit=19656 read=10739
 Settings: enable_bitmapscan = 'off', enable_seqscan = 'off', max_parallel_workers_per_gather = '0'
 Planning:
   Buffers: shared hit=82 read=26
 Planning Time: 1.954 ms
 Execution Time: 292.664 ms
(12 rows)

SET
SET
SET
SET
SET
                                             QUERY PLAN                                             
----------------------------------------------------------------------------------------------------
 Index Scan using idx on public.t (actual rows=1048576.00 loops=1)
   Output: a, b
   Index Cond: ((t.a >= 2238) AND (t.a <= 35005))
   Index Searches: 1
   Buffers: shared hit=30735
 Settings: enable_bitmapscan = 'off', enable_seqscan = 'off', max_parallel_workers_per_gather = '0'
 Planning:
   Buffers: shared hit=113
 Planning Time: 0.190 ms
 Execution Time: 47.563 ms
(10 rows)

