SET
SET
SET
SET
SET
                                                                  QUERY PLAN                                                                   
-----------------------------------------------------------------------------------------------------------------------------------------------
 Index Scan using idx on public.t (actual rows=4048576.00 loops=1)
   Output: a, b
   Index Cond: ((t.a >= 16414) AND (t.a <= 142931))
   Index Searches: 1
   Prefetch: distance=271.687 count=227807 stalls=60 skipped=3933074 resets=0 ungets=112564 forwarded=42947
             histogram [2,4) => 183, [4,8) => 51, [8,16) => 12, [16,32) => 6, [32,64) => 1, [64,128) => 2, [128,256) => 3, [256,512) => 227549
   Buffers: shared hit=76213 read=41456
 Settings: enable_bitmapscan = 'off', enable_seqscan = 'off', max_parallel_workers_per_gather = '0'
 Planning:
   Buffers: shared hit=82 read=22
 Planning Time: 1.706 ms
 Execution Time: 1102.405 ms
(12 rows)

SET
SET
SET
SET
SET
                                             QUERY PLAN                                             
----------------------------------------------------------------------------------------------------
 Index Scan using idx on public.t (actual rows=4048576.00 loops=1)
   Output: a, b
   Index Cond: ((t.a >= 16414) AND (t.a <= 142931))
   Index Searches: 1
   Buffers: shared hit=118928
 Settings: enable_bitmapscan = 'off', enable_seqscan = 'off', max_parallel_workers_per_gather = '0'
 Planning:
   Buffers: shared hit=109
 Planning Time: 0.183 ms
 Execution Time: 171.553 ms
(10 rows)

