SET
SET
SET
SET
SET
                                                                  QUERY PLAN                                                                   
-----------------------------------------------------------------------------------------------------------------------------------------------
 Index Scan using idx on public.t (actual rows=9048576.00 loops=1)
   Output: a, b
   Index Cond: ((t.a >= 29115) AND (t.a <= 311882))
   Index Searches: 1
   Prefetch: distance=271.430 count=507255 stalls=482 skipped=8790769 resets=0 ungets=250345 forwarded=95466
             histogram [2,4) => 956, [4,8) => 73, [8,16) => 10, [16,32) => 4, [32,64) => 3, [64,128) => 1, [128,256) => 2, [256,512) => 506206
   Buffers: shared hit=169992 read=92648
 Settings: enable_bitmapscan = 'off', enable_seqscan = 'off', max_parallel_workers_per_gather = '0'
 Planning:
   Buffers: shared hit=82 read=26
 Planning Time: 1.854 ms
 Execution Time: 2458.441 ms
(12 rows)

SET
SET
SET
SET
SET
                                             QUERY PLAN                                             
----------------------------------------------------------------------------------------------------
 Index Scan using idx on public.t (actual rows=9048576.00 loops=1)
   Output: a, b
   Index Cond: ((t.a >= 29115) AND (t.a <= 311882))
   Index Searches: 1
   Buffers: shared hit=265488
 Settings: enable_bitmapscan = 'off', enable_seqscan = 'off', max_parallel_workers_per_gather = '0'
 Planning:
   Buffers: shared hit=113
 Planning Time: 0.227 ms
 Execution Time: 410.494 ms
(10 rows)

