SET
SET
SET
SET
SET
                                                                 QUERY PLAN                                                                  
---------------------------------------------------------------------------------------------------------------------------------------------
 Index Scan using idx on public.t (actual rows=524288.00 loops=1)
   Output: a, b
   Index Cond: ((t.a >= 5044) AND (t.a <= 21427))
   Index Searches: 1
   Prefetch: distance=271.036 count=29399 stalls=40 skipped=508588 resets=0 ungets=14474 forwarded=5558
             histogram [2,4) => 74, [4,8) => 12, [8,16) => 10, [16,32) => 6, [32,64) => 1, [64,128) => 2, [128,256) => 3, [256,512) => 29291
   Buffers: shared hit=9905 read=5372
 Settings: enable_bitmapscan = 'off', enable_seqscan = 'off', max_parallel_workers_per_gather = '0'
 Planning:
   Buffers: shared hit=82 read=22
 Planning Time: 1.739 ms
 Execution Time: 146.686 ms
(12 rows)

SET
SET
SET
SET
SET
                                             QUERY PLAN                                             
----------------------------------------------------------------------------------------------------
 Index Scan using idx on public.t (actual rows=524288.00 loops=1)
   Output: a, b
   Index Cond: ((t.a >= 5044) AND (t.a <= 21427))
   Index Searches: 1
   Buffers: shared hit=15460
 Settings: enable_bitmapscan = 'off', enable_seqscan = 'off', max_parallel_workers_per_gather = '0'
 Planning:
   Buffers: shared hit=109
 Planning Time: 0.188 ms
 Execution Time: 22.258 ms
(10 rows)

