SET
SET
SET
SET
SET
                                                                  QUERY PLAN                                                                  
----------------------------------------------------------------------------------------------------------------------------------------------
 Index Scan using idx on public.t (actual rows=1048576.00 loops=1)
   Output: a, b
   Index Cond: ((t.a >= 25079) AND (t.a <= 57846))
   Index Searches: 1
   Prefetch: distance=269.433 count=58154 stalls=226 skipped=1018512 resets=0 ungets=28513 forwarded=10925
             histogram [2,4) => 480, [4,8) => 54, [8,16) => 10, [16,32) => 4, [32,64) => 2, [64,128) => 3, [128,256) => 1, [256,512) => 57600
   Buffers: shared hit=19773 read=10742
 Settings: enable_bitmapscan = 'off', enable_seqscan = 'off', max_parallel_workers_per_gather = '0'
 Planning:
   Buffers: shared hit=82 read=22
 Planning Time: 1.732 ms
 Execution Time: 300.863 ms
(12 rows)

SET
SET
SET
SET
SET
                                             QUERY PLAN                                             
----------------------------------------------------------------------------------------------------
 Index Scan using idx on public.t (actual rows=1048576.00 loops=1)
   Output: a, b
   Index Cond: ((t.a >= 25079) AND (t.a <= 57846))
   Index Searches: 1
   Buffers: shared hit=30815
 Settings: enable_bitmapscan = 'off', enable_seqscan = 'off', max_parallel_workers_per_gather = '0'
 Planning:
   Buffers: shared hit=109
 Planning Time: 0.178 ms
 Execution Time: 44.741 ms
(10 rows)

