SET
SET
SET
SET
SET
                                                                  QUERY PLAN                                                                  
----------------------------------------------------------------------------------------------------------------------------------------------
 Index Scan using idx on public.t (actual rows=4048576.00 loops=1)
   Output: a, b
   Index Cond: ((t.a >= 4646) AND (t.a <= 131163))
   Index Searches: 1
   Prefetch: distance=271.896 count=228086 stalls=16 skipped=3932186 resets=0 ungets=112767 forwarded=43013
             histogram [2,4) => 42, [4,8) => 15, [8,16) => 12, [16,32) => 5, [32,64) => 2, [64,128) => 3, [128,256) => 1, [256,512) => 228006
   Buffers: shared hit=76240 read=41455
 Settings: enable_bitmapscan = 'off', enable_seqscan = 'off', max_parallel_workers_per_gather = '0'
 Planning:
   Buffers: shared hit=82 read=22
 Planning Time: 1.706 ms
 Execution Time: 1100.676 ms
(12 rows)

SET
SET
SET
SET
SET
                                             QUERY PLAN                                             
----------------------------------------------------------------------------------------------------
 Index Scan using idx on public.t (actual rows=4048576.00 loops=1)
   Output: a, b
   Index Cond: ((t.a >= 4646) AND (t.a <= 131163))
   Index Searches: 1
   Buffers: shared hit=118984
 Settings: enable_bitmapscan = 'off', enable_seqscan = 'off', max_parallel_workers_per_gather = '0'
 Planning:
   Buffers: shared hit=109
 Planning Time: 0.207 ms
 Execution Time: 170.382 ms
(10 rows)

