SET
SET
SET
SET
SET
                                             QUERY PLAN                                             
----------------------------------------------------------------------------------------------------
 Index Scan using idx on public.t (actual rows=2048.00 loops=1)
   Output: a, b
   Index Cond: ((t.a >= 17632) AND (t.a <= 18143))
   Index Searches: 1
   Prefetch: distance=2.108 count=176 stalls=1557 skipped=32 resets=0 ungets=0 forwarded=0
             histogram [2,4) => 169, [4,8) => 7
   Buffers: shared hit=1830 read=190
 Settings: enable_bitmapscan = 'off', enable_seqscan = 'off', max_parallel_workers_per_gather = '0'
 Planning:
   Buffers: shared hit=82 read=27
 Planning Time: 2.081 ms
 Execution Time: 5.853 ms
(12 rows)

SET
SET
SET
SET
SET
                                             QUERY PLAN                                             
----------------------------------------------------------------------------------------------------
 Index Scan using idx on public.t (actual rows=2048.00 loops=1)
   Output: a, b
   Index Cond: ((t.a >= 17632) AND (t.a <= 18143))
   Index Searches: 1
   Buffers: shared hit=2020
 Settings: enable_bitmapscan = 'off', enable_seqscan = 'off', max_parallel_workers_per_gather = '0'
 Planning:
   Buffers: shared hit=114
 Planning Time: 0.156 ms
 Execution Time: 0.293 ms
(10 rows)

