SET
SET
SET
SET
SET
                                                                  QUERY PLAN                                                                   
-----------------------------------------------------------------------------------------------------------------------------------------------
 Index Scan using idx on public.t (actual rows=8192.00 loops=1)
   Output: a, b
   Index Cond: ((t.a >= 15011) AND (t.a <= 17058))
   Index Searches: 1
   Prefetch: distance=260.698 count=8720 stalls=3 skipped=115 resets=0 ungets=725 forwarded=16
             histogram [2,4) => 6, [4,8) => 6, [8,16) => 19, [16,32) => 14, [32,64) => 27, [64,128) => 3, [128,256) => 1665, [256,512) => 6980
   Buffers: shared hit=7602 read=494
 Settings: enable_bitmapscan = 'off', enable_seqscan = 'off', max_parallel_workers_per_gather = '0'
 Planning:
   Buffers: shared hit=82 read=27
 Planning Time: 2.064 ms
 Execution Time: 8.090 ms
(12 rows)

SET
SET
SET
SET
SET
                                             QUERY PLAN                                             
----------------------------------------------------------------------------------------------------
 Index Scan using idx on public.t (actual rows=8192.00 loops=1)
   Output: a, b
   Index Cond: ((t.a >= 15011) AND (t.a <= 17058))
   Index Searches: 1
   Buffers: shared hit=8096
 Settings: enable_bitmapscan = 'off', enable_seqscan = 'off', max_parallel_workers_per_gather = '0'
 Planning:
   Buffers: shared hit=114
 Planning Time: 0.205 ms
 Execution Time: 1.555 ms
(10 rows)

