SET
SET
SET
SET
SET
                                                                   QUERY PLAN                                                                    
-------------------------------------------------------------------------------------------------------------------------------------------------
 Index Scan using idx on public.t (actual rows=65536.00 loops=1)
   Output: a, b
   Index Cond: ((t.a >= 13174) AND (t.a <= 29557))
   Index Searches: 1
   Prefetch: distance=262.722 count=70322 stalls=2 skipped=963 resets=0 ungets=5830 forwarded=121
             histogram [2,4) => 6, [4,8) => 5, [8,16) => 9, [16,32) => 14, [32,64) => 20, [64,128) => 13, [128,256) => 12567, [256,512) => 57688
   Buffers: shared hit=61361 read=3308
 Settings: enable_bitmapscan = 'off', enable_seqscan = 'off', max_parallel_workers_per_gather = '0'
 Planning:
   Buffers: shared hit=78 read=27
 Planning Time: 2.074 ms
 Execution Time: 26.086 ms
(12 rows)

SET
SET
SET
SET
SET
                                             QUERY PLAN                                             
----------------------------------------------------------------------------------------------------
 Index Scan using idx on public.t (actual rows=65536.00 loops=1)
   Output: a, b
   Index Cond: ((t.a >= 13174) AND (t.a <= 29557))
   Index Searches: 1
   Buffers: shared hit=64676
 Settings: enable_bitmapscan = 'off', enable_seqscan = 'off', max_parallel_workers_per_gather = '0'
 Planning:
   Buffers: shared hit=110
 Planning Time: 0.201 ms
 Execution Time: 10.360 ms
(10 rows)

