SET
SET
SET
SET
SET
                                                                 QUERY PLAN                                                                 
--------------------------------------------------------------------------------------------------------------------------------------------
 Index Scan using idx on public.t (actual rows=32768.00 loops=1)
   Output: a, b
   Index Cond: ((t.a >= 24597) AND (t.a <= 25620))
   Index Searches: 1
   Prefetch: distance=262.569 count=1768 stalls=10 skipped=31322 resets=0 ungets=843 forwarded=337
             histogram [2,4) => 30, [4,8) => 14, [8,16) => 10, [16,32) => 5, [32,64) => 2, [64,128) => 3, [128,256) => 2, [256,512) => 1702
   Buffers: shared hit=633 read=340
 Settings: enable_bitmapscan = 'off', enable_seqscan = 'off', max_parallel_workers_per_gather = '0'
 Planning:
   Buffers: shared hit=82 read=22
 Planning Time: 1.160 ms
 Execution Time: 10.557 ms
(12 rows)

SET
SET
SET
SET
SET
                                             QUERY PLAN                                             
----------------------------------------------------------------------------------------------------
 Index Scan using idx on public.t (actual rows=32768.00 loops=1)
   Output: a, b
   Index Cond: ((t.a >= 24597) AND (t.a <= 25620))
   Index Searches: 1
   Buffers: shared hit=986
 Settings: enable_bitmapscan = 'off', enable_seqscan = 'off', max_parallel_workers_per_gather = '0'
 Planning:
   Buffers: shared hit=109
 Planning Time: 0.186 ms
 Execution Time: 1.553 ms
(10 rows)

