SET
SET
SET
SET
SET
                                                                  QUERY PLAN                                                                  
----------------------------------------------------------------------------------------------------------------------------------------------
 Index Scan using idx on public.t (actual rows=262144.00 loops=1)
   Output: a, b
   Index Cond: ((t.a >= 11042) AND (t.a <= 19233))
   Index Searches: 1
   Prefetch: distance=268.200 count=14314 stalls=83 skipped=253661 resets=0 ungets=6969 forwarded=2689
             histogram [2,4) => 168, [4,8) => 15, [8,16) => 10, [16,32) => 5, [32,64) => 2, [64,128) => 3, [128,256) => 2, [256,512) => 14109
   Buffers: shared hit=4918 read=2688
 Settings: enable_bitmapscan = 'off', enable_seqscan = 'off', max_parallel_workers_per_gather = '0'
 Planning:
   Buffers: shared hit=82 read=22
 Planning Time: 1.805 ms
 Execution Time: 78.083 ms
(12 rows)

SET
SET
SET
SET
SET
                                             QUERY PLAN                                             
----------------------------------------------------------------------------------------------------
 Index Scan using idx on public.t (actual rows=262144.00 loops=1)
   Output: a, b
   Index Cond: ((t.a >= 11042) AND (t.a <= 19233))
   Index Searches: 1
   Buffers: shared hit=7699
 Settings: enable_bitmapscan = 'off', enable_seqscan = 'off', max_parallel_workers_per_gather = '0'
 Planning:
   Buffers: shared hit=109
 Planning Time: 0.158 ms
 Execution Time: 10.751 ms
(10 rows)

