SET
SET
SET
SET
SET
                                                                  QUERY PLAN                                                                  
----------------------------------------------------------------------------------------------------------------------------------------------
 Index Scan using idx on public.t (actual rows=1048576.00 loops=1)
   Output: a, b
   Index Cond: ((t.a >= 8735) AND (t.a <= 41502))
   Index Searches: 1
   Prefetch: distance=270.532 count=58496 stalls=114 skipped=1018518 resets=0 ungets=28775 forwarded=11025
             histogram [2,4) => 255, [4,8) => 44, [8,16) => 10, [16,32) => 4, [32,64) => 3, [64,128) => 1, [128,256) => 2, [256,512) => 58177
   Buffers: shared hit=19724 read=10741
 Settings: enable_bitmapscan = 'off', enable_seqscan = 'off', max_parallel_workers_per_gather = '0'
 Planning:
   Buffers: shared hit=82 read=22
 Planning Time: 1.703 ms
 Execution Time: 294.117 ms
(12 rows)

SET
SET
SET
SET
SET
                                             QUERY PLAN                                             
----------------------------------------------------------------------------------------------------
 Index Scan using idx on public.t (actual rows=1048576.00 loops=1)
   Output: a, b
   Index Cond: ((t.a >= 8735) AND (t.a <= 41502))
   Index Searches: 1
   Buffers: shared hit=30784
 Settings: enable_bitmapscan = 'off', enable_seqscan = 'off', max_parallel_workers_per_gather = '0'
 Planning:
   Buffers: shared hit=109
 Planning Time: 0.180 ms
 Execution Time: 45.036 ms
(10 rows)

