SET
SET
SET
SET
SET
                                                                  QUERY PLAN                                                                   
-----------------------------------------------------------------------------------------------------------------------------------------------
 Index Scan using idx on public.t (actual rows=6048576.00 loops=1)
   Output: a, b
   Index Cond: ((t.a >= 5696) AND (t.a <= 194713))
   Index Searches: 1
   Prefetch: distance=271.555 count=339678 stalls=239 skipped=5875663 resets=0 ungets=167739 forwarded=63957
             histogram [2,4) => 480, [4,8) => 45, [8,16) => 10, [16,32) => 6, [32,64) => 1, [64,128) => 3, [128,256) => 2, [256,512) => 339131
   Buffers: shared hit=113749 read=61933
 Settings: enable_bitmapscan = 'off', enable_seqscan = 'off', max_parallel_workers_per_gather = '0'
 Planning:
   Buffers: shared hit=82 read=22
 Planning Time: 1.754 ms
 Execution Time: 1632.245 ms
(12 rows)

SET
SET
SET
SET
SET
                                             QUERY PLAN                                             
----------------------------------------------------------------------------------------------------
 Index Scan using idx on public.t (actual rows=6048576.00 loops=1)
   Output: a, b
   Index Cond: ((t.a >= 5696) AND (t.a <= 194713))
   Index Searches: 1
   Buffers: shared hit=177600
 Settings: enable_bitmapscan = 'off', enable_seqscan = 'off', max_parallel_workers_per_gather = '0'
 Planning:
   Buffers: shared hit=109
 Planning Time: 0.209 ms
 Execution Time: 256.202 ms
(10 rows)

