SET
SET
SET
SET
SET
                                                                  QUERY PLAN                                                                  
----------------------------------------------------------------------------------------------------------------------------------------------
 Index Scan using idx on public.t (actual rows=9048576.00 loops=1)
   Output: a, b
   Index Cond: ((t.a >= 17973) AND (t.a <= 300740))
   Index Searches: 1
   Prefetch: distance=271.950 count=509356 stalls=10 skipped=8790141 resets=0 ungets=252050 forwarded=95910
             histogram [2,4) => 34, [4,8) => 15, [8,16) => 7, [16,32) => 12, [32,64) => 1, [64,128) => 3, [128,256) => 1, [256,512) => 509283
   Buffers: shared hit=170060 read=92649
 Settings: enable_bitmapscan = 'off', enable_seqscan = 'off', max_parallel_workers_per_gather = '0'
 Planning:
   Buffers: shared hit=82 read=22
 Planning Time: 1.720 ms
 Execution Time: 2447.786 ms
(12 rows)

SET
SET
SET
SET
SET
                                             QUERY PLAN                                             
----------------------------------------------------------------------------------------------------
 Index Scan using idx on public.t (actual rows=9048576.00 loops=1)
   Output: a, b
   Index Cond: ((t.a >= 17973) AND (t.a <= 300740))
   Index Searches: 1
   Buffers: shared hit=265431
 Settings: enable_bitmapscan = 'off', enable_seqscan = 'off', max_parallel_workers_per_gather = '0'
 Planning:
   Buffers: shared hit=109
 Planning Time: 0.210 ms
 Execution Time: 518.188 ms
(10 rows)

