SET
SET
SET
SET
SET
                                                                 QUERY PLAN                                                                 
--------------------------------------------------------------------------------------------------------------------------------------------
 Index Scan using idx on public.t (actual rows=32768.00 loops=1)
   Output: a, b
   Index Cond: ((t.a >= 27549) AND (t.a <= 28572))
   Index Searches: 1
   Prefetch: distance=150.828 count=999 stalls=171 skipped=31007 resets=0 ungets=272 forwarded=146
             histogram [2,4) => 391, [4,8) => 39, [8,16) => 10, [16,32) => 6, [32,64) => 1, [64,128) => 4, [128,256) => 3, [256,512) => 545
   Buffers: shared hit=610 read=339
 Settings: enable_bitmapscan = 'off', enable_seqscan = 'off', max_parallel_workers_per_gather = '0'
 Planning:
   Buffers: shared hit=82 read=22
 Planning Time: 1.139 ms
 Execution Time: 20.224 ms
(12 rows)

SET
SET
SET
SET
SET
                                             QUERY PLAN                                             
----------------------------------------------------------------------------------------------------
 Index Scan using idx on public.t (actual rows=32768.00 loops=1)
   Output: a, b
   Index Cond: ((t.a >= 27549) AND (t.a <= 28572))
   Index Searches: 1
   Buffers: shared hit=954
 Settings: enable_bitmapscan = 'off', enable_seqscan = 'off', max_parallel_workers_per_gather = '0'
 Planning:
   Buffers: shared hit=109
 Planning Time: 0.180 ms
 Execution Time: 1.527 ms
(10 rows)

