SET
SET
SET
SET
SET
                                             QUERY PLAN                                             
----------------------------------------------------------------------------------------------------
 Index Scan using idx on public.t (actual rows=65536.00 loops=1)
   Output: a, b
   Index Cond: ((t.a >= 15890) AND (t.a <= 17937))
   Index Searches: 1
   Prefetch: distance=2.158 count=1262 stalls=601 skipped=62650 resets=0 ungets=0 forwarded=56
             histogram [2,4) => 1188, [4,8) => 74
   Buffers: shared hit=1282 read=675
 Settings: enable_bitmapscan = 'off', enable_seqscan = 'off', max_parallel_workers_per_gather = '0'
 Planning:
   Buffers: shared hit=82 read=22
 Planning Time: 1.468 ms
 Execution Time: 48.533 ms
(12 rows)

SET
SET
SET
SET
SET
                                             QUERY PLAN                                             
----------------------------------------------------------------------------------------------------
 Index Scan using idx on public.t (actual rows=65536.00 loops=1)
   Output: a, b
   Index Cond: ((t.a >= 15890) AND (t.a <= 17937))
   Index Searches: 1
   Buffers: shared hit=1957
 Settings: enable_bitmapscan = 'off', enable_seqscan = 'off', max_parallel_workers_per_gather = '0'
 Planning:
   Buffers: shared hit=109
 Planning Time: 0.175 ms
 Execution Time: 2.853 ms
(10 rows)

