SET
SET
SET
SET
SET
                                                                 QUERY PLAN                                                                  
---------------------------------------------------------------------------------------------------------------------------------------------
 Index Scan using idx on public.t (actual rows=131072.00 loops=1)
   Output: a, b
   Index Cond: ((t.a >= 1250) AND (t.a <= 5345))
   Index Searches: 1
   Prefetch: distance=251.265 count=6412 stalls=219 skipped=127215 resets=0 ungets=2933 forwarded=1134
             histogram [2,4) => 447, [4,8) => 28, [8,16) => 10, [16,32) => 5, [32,64) => 3, [64,128) => 1, [128,256) => 2, [256,512) => 5916
   Buffers: shared hit=2449 read=1345
 Settings: enable_bitmapscan = 'off', enable_seqscan = 'off', max_parallel_workers_per_gather = '0'
 Planning:
   Buffers: shared hit=82 read=26
 Planning Time: 1.987 ms
 Execution Time: 48.083 ms
(12 rows)

SET
SET
SET
SET
SET
                                             QUERY PLAN                                             
----------------------------------------------------------------------------------------------------
 Index Scan using idx on public.t (actual rows=131072.00 loops=1)
   Output: a, b
   Index Cond: ((t.a >= 1250) AND (t.a <= 5345))
   Index Searches: 1
   Buffers: shared hit=3824
 Settings: enable_bitmapscan = 'off', enable_seqscan = 'off', max_parallel_workers_per_gather = '0'
 Planning:
   Buffers: shared hit=113
 Planning Time: 0.203 ms
 Execution Time: 6.044 ms
(10 rows)

