SET
SET
SET
SET
SET
                                                                  QUERY PLAN                                                                  
----------------------------------------------------------------------------------------------------------------------------------------------
 Index Scan using idx on public.t (actual rows=262144.00 loops=1)
   Output: a, b
   Index Cond: ((t.a >= 22667) AND (t.a <= 30858))
   Index Searches: 1
   Prefetch: distance=267.939 count=14235 stalls=70 skipped=254607 resets=0 ungets=6927 forwarded=2667
             histogram [2,4) => 166, [4,8) => 30, [8,16) => 10, [16,32) => 5, [32,64) => 2, [64,128) => 3, [128,256) => 1, [256,512) => 14018
   Buffers: shared hit=4838 read=2688
 Settings: enable_bitmapscan = 'off', enable_seqscan = 'off', max_parallel_workers_per_gather = '0'
 Planning:
   Buffers: shared hit=82 read=22
 Planning Time: 1.714 ms
 Execution Time: 77.038 ms
(12 rows)

SET
SET
SET
SET
SET
                                             QUERY PLAN                                             
----------------------------------------------------------------------------------------------------
 Index Scan using idx on public.t (actual rows=262144.00 loops=1)
   Output: a, b
   Index Cond: ((t.a >= 22667) AND (t.a <= 30858))
   Index Searches: 1
   Buffers: shared hit=7621
 Settings: enable_bitmapscan = 'off', enable_seqscan = 'off', max_parallel_workers_per_gather = '0'
 Planning:
   Buffers: shared hit=109
 Planning Time: 0.185 ms
 Execution Time: 11.170 ms
(10 rows)

