SET
SET
SET
SET
SET
                                                                  QUERY PLAN                                                                  
----------------------------------------------------------------------------------------------------------------------------------------------
 Index Scan using idx on public.t (actual rows=1048576.00 loops=1)
   Output: a, b
   Index Cond: ((t.a >= 5126) AND (t.a <= 37893))
   Index Searches: 1
   Prefetch: distance=269.577 count=58035 stalls=232 skipped=1018641 resets=0 ungets=28427 forwarded=10897
             histogram [2,4) => 464, [4,8) => 34, [8,16) => 10, [16,32) => 7, [32,64) => 3, [64,128) => 1, [128,256) => 3, [256,512) => 57513
   Buffers: shared hit=19705 read=10741
 Settings: enable_bitmapscan = 'off', enable_seqscan = 'off', max_parallel_workers_per_gather = '0'
 Planning:
   Buffers: shared hit=82 read=22
 Planning Time: 1.715 ms
 Execution Time: 299.671 ms
(12 rows)

SET
SET
SET
SET
SET
                                             QUERY PLAN                                             
----------------------------------------------------------------------------------------------------
 Index Scan using idx on public.t (actual rows=1048576.00 loops=1)
   Output: a, b
   Index Cond: ((t.a >= 5126) AND (t.a <= 37893))
   Index Searches: 1
   Buffers: shared hit=30785
 Settings: enable_bitmapscan = 'off', enable_seqscan = 'off', max_parallel_workers_per_gather = '0'
 Planning:
   Buffers: shared hit=109
 Planning Time: 0.215 ms
 Execution Time: 44.774 ms
(10 rows)

