SET
SET
SET
SET
SET
                                                                  QUERY PLAN                                                                   
-----------------------------------------------------------------------------------------------------------------------------------------------
 Index Scan using idx on public.t (actual rows=3048576.00 loops=1)
   Output: a, b
   Index Cond: ((t.a >= 29422) AND (t.a <= 124689))
   Index Searches: 1
   Prefetch: distance=271.021 count=170989 stalls=236 skipped=2960566 resets=0 ungets=84302 forwarded=32176
             histogram [2,4) => 525, [4,8) => 65, [8,16) => 10, [16,32) => 8, [32,64) => 1, [64,128) => 6, [128,256) => 2, [256,512) => 170372
   Buffers: shared hit=57543 read=31217
 Settings: enable_bitmapscan = 'off', enable_seqscan = 'off', max_parallel_workers_per_gather = '0'
 Planning:
   Buffers: shared hit=82 read=22
 Planning Time: 1.717 ms
 Execution Time: 842.588 ms
(12 rows)

SET
SET
SET
SET
SET
                                             QUERY PLAN                                             
----------------------------------------------------------------------------------------------------
 Index Scan using idx on public.t (actual rows=3048576.00 loops=1)
   Output: a, b
   Index Cond: ((t.a >= 29422) AND (t.a <= 124689))
   Index Searches: 1
   Buffers: shared hit=89675
 Settings: enable_bitmapscan = 'off', enable_seqscan = 'off', max_parallel_workers_per_gather = '0'
 Planning:
   Buffers: shared hit=109
 Planning Time: 0.179 ms
 Execution Time: 128.175 ms
(10 rows)

