SET
SET
SET
SET
SET
                                                                  QUERY PLAN                                                                   
-----------------------------------------------------------------------------------------------------------------------------------------------
 Index Scan using idx on public.t (actual rows=5048576.00 loops=1)
   Output: a, b
   Index Cond: ((t.a >= 11825) AND (t.a <= 169592))
   Index Searches: 1
   Prefetch: distance=270.995 count=282421 stalls=476 skipped=4903809 resets=0 ungets=139153 forwarded=53107
             histogram [2,4) => 949, [4,8) => 70, [8,16) => 10, [16,32) => 5, [32,64) => 3, [64,128) => 3, [128,256) => 2, [256,512) => 281379
   Buffers: shared hit=95018 read=51695
 Settings: enable_bitmapscan = 'off', enable_seqscan = 'off', max_parallel_workers_per_gather = '0'
 Planning:
   Buffers: shared hit=82 read=22
 Planning Time: 1.709 ms
 Execution Time: 1389.601 ms
(12 rows)

SET
SET
SET
SET
SET
                                             QUERY PLAN                                             
----------------------------------------------------------------------------------------------------
 Index Scan using idx on public.t (actual rows=5048576.00 loops=1)
   Output: a, b
   Index Cond: ((t.a >= 11825) AND (t.a <= 169592))
   Index Searches: 1
   Buffers: shared hit=148285
 Settings: enable_bitmapscan = 'off', enable_seqscan = 'off', max_parallel_workers_per_gather = '0'
 Planning:
   Buffers: shared hit=109
 Planning Time: 0.181 ms
 Execution Time: 214.456 ms
(10 rows)

