SET
SET
SET
SET
SET
                                                                  QUERY PLAN                                                                   
-----------------------------------------------------------------------------------------------------------------------------------------------
 Index Scan using idx on public.t (actual rows=6048576.00 loops=1)
   Output: a, b
   Index Cond: ((t.a >= 9324) AND (t.a <= 198341))
   Index Searches: 1
   Prefetch: distance=271.773 count=340210 stalls=121 skipped=5876042 resets=0 ungets=168148 forwarded=64069
             histogram [2,4) => 232, [4,8) => 21, [8,16) => 10, [16,32) => 4, [32,64) => 3, [64,128) => 1, [128,256) => 2, [256,512) => 339937
   Buffers: shared hit=113798 read=61935
 Settings: enable_bitmapscan = 'off', enable_seqscan = 'off', max_parallel_workers_per_gather = '0'
 Planning:
   Buffers: shared hit=82 read=22
 Planning Time: 1.689 ms
 Execution Time: 1628.984 ms
(12 rows)

SET
SET
SET
SET
SET
                                             QUERY PLAN                                             
----------------------------------------------------------------------------------------------------
 Index Scan using idx on public.t (actual rows=6048576.00 loops=1)
   Output: a, b
   Index Cond: ((t.a >= 9324) AND (t.a <= 198341))
   Index Searches: 1
   Buffers: shared hit=177600
 Settings: enable_bitmapscan = 'off', enable_seqscan = 'off', max_parallel_workers_per_gather = '0'
 Planning:
   Buffers: shared hit=109
 Planning Time: 0.197 ms
 Execution Time: 258.819 ms
(10 rows)

