SET
SET
SET
SET
SET
                                                                   QUERY PLAN                                                                   
------------------------------------------------------------------------------------------------------------------------------------------------
 Index Scan using idx on public.t (actual rows=7048576.00 loops=1)
   Output: a, b
   Index Cond: ((t.a >= 3021) AND (t.a <= 223288))
   Index Searches: 1
   Prefetch: distance=271.239 count=394818 stalls=492 skipped=6847885 resets=0 ungets=194714 forwarded=74255
             histogram [2,4) => 1007, [4,8) => 69, [8,16) => 10, [16,32) => 5, [32,64) => 3, [64,128) => 1, [128,256) => 2, [256,512) => 393721
   Buffers: shared hit=132510 read=72171
 Settings: enable_bitmapscan = 'off', enable_seqscan = 'off', max_parallel_workers_per_gather = '0'
 Planning:
   Buffers: shared hit=82 read=26
 Planning Time: 1.981 ms
 Execution Time: 1930.003 ms
(12 rows)

SET
SET
SET
SET
SET
                                             QUERY PLAN                                             
----------------------------------------------------------------------------------------------------
 Index Scan using idx on public.t (actual rows=7048576.00 loops=1)
   Output: a, b
   Index Cond: ((t.a >= 3021) AND (t.a <= 223288))
   Index Searches: 1
   Buffers: shared hit=206898
 Settings: enable_bitmapscan = 'off', enable_seqscan = 'off', max_parallel_workers_per_gather = '0'
 Planning:
   Buffers: shared hit=113
 Planning Time: 0.223 ms
 Execution Time: 323.025 ms
(10 rows)

