SET
SET
SET
SET
SET
                                                                   QUERY PLAN                                                                   
------------------------------------------------------------------------------------------------------------------------------------------------
 Index Scan using idx on public.t (actual rows=8048576.00 loops=1)
   Output: a, b
   Index Cond: ((t.a >= 26239) AND (t.a <= 277756))
   Index Searches: 1
   Prefetch: distance=271.347 count=451061 stalls=515 skipped=7819263 resets=0 ungets=222614 forwarded=84847
             histogram [2,4) => 1002, [4,8) => 49, [8,16) => 10, [16,32) => 5, [32,64) => 3, [64,128) => 1, [128,256) => 2, [256,512) => 449989
   Buffers: shared hit=151332 read=82411
 Settings: enable_bitmapscan = 'off', enable_seqscan = 'off', max_parallel_workers_per_gather = '0'
 Planning:
   Buffers: shared hit=82 read=22
 Planning Time: 1.785 ms
 Execution Time: 2207.583 ms
(12 rows)

SET
SET
SET
SET
SET
                                             QUERY PLAN                                             
----------------------------------------------------------------------------------------------------
 Index Scan using idx on public.t (actual rows=8048576.00 loops=1)
   Output: a, b
   Index Cond: ((t.a >= 26239) AND (t.a <= 277756))
   Index Searches: 1
   Buffers: shared hit=236164
 Settings: enable_bitmapscan = 'off', enable_seqscan = 'off', max_parallel_workers_per_gather = '0'
 Planning:
   Buffers: shared hit=109
 Planning Time: 0.236 ms
 Execution Time: 345.253 ms
(10 rows)

