SET
SET
SET
SET
SET
                                                                     QUERY PLAN                                                                      
-----------------------------------------------------------------------------------------------------------------------------------------------------
 Index Scan using idx on public.t (actual rows=8048576.00 loops=1)
   Output: a, b
   Index Cond: ((t.a >= 17342) AND (t.a <= 2029485))
   Index Searches: 1
   Prefetch: distance=262.871 count=8639873 stalls=1 skipped=119497 resets=0 ungets=710902 forwarded=14865
             histogram [2,4) => 4, [4,8) => 6, [8,16) => 9, [16,32) => 17, [32,64) => 12, [64,128) => 13, [128,256) => 1571128, [256,512) => 7068684
   Buffers: shared hit=7545057 read=395403
 Settings: enable_bitmapscan = 'off', enable_seqscan = 'off', max_parallel_workers_per_gather = '0'
 Planning:
   Buffers: shared hit=78 read=27
 Planning Time: 2.062 ms
 Execution Time: 2649.692 ms
(12 rows)

SET
SET
SET
SET
SET
                                             QUERY PLAN                                             
----------------------------------------------------------------------------------------------------
 Index Scan using idx on public.t (actual rows=8048576.00 loops=1)
   Output: a, b
   Index Cond: ((t.a >= 17342) AND (t.a <= 2029485))
   Index Searches: 1
   Buffers: shared hit=7941134
 Settings: enable_bitmapscan = 'off', enable_seqscan = 'off', max_parallel_workers_per_gather = '0'
 Planning:
   Buffers: shared hit=110
 Planning Time: 0.235 ms
 Execution Time: 1265.735 ms
(10 rows)

