SET
SET
SET
SET
SET
                                             QUERY PLAN                                             
----------------------------------------------------------------------------------------------------
 Index Scan Backward using idx on public.t (actual rows=2048.00 loops=1)
   Output: a, b
   Index Cond: ((t.a >= 14846) AND (t.a <= 14909))
   Index Searches: 1
   Prefetch: distance=11.162 count=37 stalls=5 skipped=1527 resets=0 ungets=0 forwarded=13
             histogram [2,4) => 10, [4,8) => 8, [8,16) => 12, [16,32) => 7
   Buffers: shared hit=39 read=25
 Settings: enable_bitmapscan = 'off', enable_seqscan = 'off', max_parallel_workers_per_gather = '0'
 Planning:
   Buffers: shared hit=78 read=22
 Planning Time: 0.927 ms
 Execution Time: 0.821 ms
(12 rows)

SET
SET
SET
SET
SET
                                             QUERY PLAN                                             
----------------------------------------------------------------------------------------------------
 Index Scan Backward using idx on public.t (actual rows=2048.00 loops=1)
   Output: a, b
   Index Cond: ((t.a >= 14846) AND (t.a <= 14909))
   Index Searches: 1
   Buffers: shared hit=64
 Settings: enable_bitmapscan = 'off', enable_seqscan = 'off', max_parallel_workers_per_gather = '0'
 Planning:
   Buffers: shared hit=105
 Planning Time: 0.109 ms
 Execution Time: 0.099 ms
(10 rows)

