SET
SET
SET
SET
SET
                                                                QUERY PLAN                                                                
------------------------------------------------------------------------------------------------------------------------------------------
 Index Scan Backward using idx on public.t (actual rows=8192.00 loops=1)
   Output: a, b
   Index Cond: ((t.a >= 25978) AND (t.a <= 26233))
   Index Searches: 1
   Prefetch: distance=109.482 count=222 stalls=35 skipped=7532 resets=0 ungets=44 forwarded=49
             histogram [2,4) => 76, [4,8) => 33, [8,16) => 14, [16,32) => 8, [32,64) => 4, [64,128) => 1, [128,256) => 1, [256,512) => 85
   Buffers: shared hit=150 read=88
 Settings: enable_bitmapscan = 'off', enable_seqscan = 'off', max_parallel_workers_per_gather = '0'
 Planning:
   Buffers: shared hit=78 read=22
 Planning Time: 1.142 ms
 Execution Time: 2.156 ms
(12 rows)

SET
SET
SET
SET
SET
                                             QUERY PLAN                                             
----------------------------------------------------------------------------------------------------
 Index Scan Backward using idx on public.t (actual rows=8192.00 loops=1)
   Output: a, b
   Index Cond: ((t.a >= 25978) AND (t.a <= 26233))
   Index Searches: 1
   Buffers: shared hit=238
 Settings: enable_bitmapscan = 'off', enable_seqscan = 'off', max_parallel_workers_per_gather = '0'
 Planning:
   Buffers: shared hit=105
 Planning Time: 0.179 ms
 Execution Time: 0.450 ms
(10 rows)

