SET
SET
SET
SET
SET
                                                                QUERY PLAN                                                                
------------------------------------------------------------------------------------------------------------------------------------------
 Index Scan Backward using idx on public.t (actual rows=16384.00 loops=1)
   Output: a, b
   Index Cond: ((t.a >= 16445) AND (t.a <= 16956))
   Index Searches: 1
   Prefetch: distance=255.534 count=779 stalls=3 skipped=15088 resets=0 ungets=349 forwarded=300
             histogram [2,4) => 8, [4,8) => 17, [8,16) => 13, [16,32) => 7, [32,64) => 4, [64,128) => 1, [128,256) => 1, [256,512) => 728
   Buffers: shared hit=304 read=171
 Settings: enable_bitmapscan = 'off', enable_seqscan = 'off', max_parallel_workers_per_gather = '0'
 Planning:
   Buffers: shared hit=78 read=22
 Planning Time: 1.278 ms
 Execution Time: 2.897 ms
(12 rows)

SET
SET
SET
SET
SET
                                             QUERY PLAN                                             
----------------------------------------------------------------------------------------------------
 Index Scan Backward using idx on public.t (actual rows=16384.00 loops=1)
   Output: a, b
   Index Cond: ((t.a >= 16445) AND (t.a <= 16956))
   Index Searches: 1
   Buffers: shared hit=478
 Settings: enable_bitmapscan = 'off', enable_seqscan = 'off', max_parallel_workers_per_gather = '0'
 Planning:
   Buffers: shared hit=105
 Planning Time: 0.118 ms
 Execution Time: 0.616 ms
(10 rows)

