SET
SET
SET
SET
SET
                                             QUERY PLAN                                             
----------------------------------------------------------------------------------------------------
 Index Scan Backward using idx on public.t (actual rows=32768.00 loops=1)
   Output: a, b
   Index Cond: ((t.a >= 3958) AND (t.a <= 4981))
   Index Searches: 1
   Prefetch: distance=2.115 count=616 stalls=284 skipped=31261 resets=0 ungets=0 forwarded=0
             histogram [2,4) => 582, [4,8) => 34
   Buffers: shared hit=611 read=340
 Settings: enable_bitmapscan = 'off', enable_seqscan = 'off', max_parallel_workers_per_gather = '0'
 Planning:
   Buffers: shared hit=78 read=22
 Planning Time: 1.262 ms
 Execution Time: 5.514 ms
(12 rows)

SET
SET
SET
SET
SET
                                             QUERY PLAN                                             
----------------------------------------------------------------------------------------------------
 Index Scan Backward using idx on public.t (actual rows=32768.00 loops=1)
   Output: a, b
   Index Cond: ((t.a >= 3958) AND (t.a <= 4981))
   Index Searches: 1
   Buffers: shared hit=951
 Settings: enable_bitmapscan = 'off', enable_seqscan = 'off', max_parallel_workers_per_gather = '0'
 Planning:
   Buffers: shared hit=105
 Planning Time: 0.154 ms
 Execution Time: 1.307 ms
(10 rows)

