SET
SET
SET
SET
SET
                                                                 QUERY PLAN                                                                  
---------------------------------------------------------------------------------------------------------------------------------------------
 Index Scan Backward using idx on public.t (actual rows=65536.00 loops=1)
   Output: a, b
   Index Cond: ((t.a >= 17561) AND (t.a <= 19608))
   Index Searches: 1
   Prefetch: distance=214.933 count=2581 stalls=255 skipped=62718 resets=0 ungets=977 forwarded=826
             histogram [2,4) => 489, [4,8) => 34, [8,16) => 13, [16,32) => 7, [32,64) => 4, [64,128) => 1, [128,256) => 1, [256,512) => 2032
   Buffers: shared hit=1264 read=675
 Settings: enable_bitmapscan = 'off', enable_seqscan = 'off', max_parallel_workers_per_gather = '0'
 Planning:
   Buffers: shared hit=78 read=22
 Planning Time: 1.524 ms
 Execution Time: 10.699 ms
(12 rows)

SET
SET
SET
SET
SET
                                             QUERY PLAN                                             
----------------------------------------------------------------------------------------------------
 Index Scan Backward using idx on public.t (actual rows=65536.00 loops=1)
   Output: a, b
   Index Cond: ((t.a >= 17561) AND (t.a <= 19608))
   Index Searches: 1
   Buffers: shared hit=1951
 Settings: enable_bitmapscan = 'off', enable_seqscan = 'off', max_parallel_workers_per_gather = '0'
 Planning:
   Buffers: shared hit=105
 Planning Time: 0.140 ms
 Execution Time: 2.376 ms
(10 rows)

