SET
SET
SET
SET
SET
                                                                 QUERY PLAN                                                                  
---------------------------------------------------------------------------------------------------------------------------------------------
 Index Scan Backward using idx on public.t (actual rows=1048576.00 loops=1)
   Output: a, b
   Index Cond: ((t.a >= 9669) AND (t.a <= 42436))
   Index Searches: 1
   Prefetch: distance=271.325 count=56737 stalls=46 skipped=1018329 resets=0 ungets=26919 forwarded=21797
             histogram [2,4) => 93, [4,8) => 24, [8,16) => 9, [16,32) => 11, [32,64) => 1, [64,128) => 4, [128,256) => 1, [256,512) => 56594
   Buffers: shared hit=19722 read=10740
 Settings: enable_bitmapscan = 'off', enable_seqscan = 'off', max_parallel_workers_per_gather = '0'
 Planning:
   Buffers: shared hit=78 read=22
 Planning Time: 1.709 ms
 Execution Time: 139.078 ms
(12 rows)

SET
SET
SET
SET
SET
                                             QUERY PLAN                                             
----------------------------------------------------------------------------------------------------
 Index Scan Backward using idx on public.t (actual rows=1048576.00 loops=1)
   Output: a, b
   Index Cond: ((t.a >= 9669) AND (t.a <= 42436))
   Index Searches: 1
   Buffers: shared hit=30816
 Settings: enable_bitmapscan = 'off', enable_seqscan = 'off', max_parallel_workers_per_gather = '0'
 Planning:
   Buffers: shared hit=105
 Planning Time: 0.198 ms
 Execution Time: 43.429 ms
(10 rows)

