SET
SET
SET
SET
SET
                                                                   QUERY PLAN                                                                   
------------------------------------------------------------------------------------------------------------------------------------------------
 Index Scan Backward using idx on public.t (actual rows=2048576.00 loops=1)
   Output: a, b
   Index Cond: ((t.a >= 4942) AND (t.a <= 68959))
   Index Searches: 1
   Prefetch: distance=271.311 count=111490 stalls=123 skipped=1989762 resets=0 ungets=53246 forwarded=43436
             histogram [2,4) => 236, [4,8) => 21, [8,16) => 12, [16,32) => 10, [32,64) => 1, [64,128) => 4, [128,256) => 1, [256,512) => 111205
   Buffers: shared hit=38697 read=20979
 Settings: enable_bitmapscan = 'off', enable_seqscan = 'off', max_parallel_workers_per_gather = '0'
 Planning:
   Buffers: shared hit=78 read=22
 Planning Time: 1.706 ms
 Execution Time: 268.839 ms
(12 rows)

SET
SET
SET
SET
SET
                                             QUERY PLAN                                             
----------------------------------------------------------------------------------------------------
 Index Scan Backward using idx on public.t (actual rows=2048576.00 loops=1)
   Output: a, b
   Index Cond: ((t.a >= 4942) AND (t.a <= 68959))
   Index Searches: 1
   Buffers: shared hit=60215
 Settings: enable_bitmapscan = 'off', enable_seqscan = 'off', max_parallel_workers_per_gather = '0'
 Planning:
   Buffers: shared hit=105
 Planning Time: 0.185 ms
 Execution Time: 83.632 ms
(10 rows)

