SET
SET
SET
SET
SET
                                                                  QUERY PLAN                                                                   
-----------------------------------------------------------------------------------------------------------------------------------------------
 Index Scan Backward using idx on public.t (actual rows=3048576.00 loops=1)
   Output: a, b
   Index Cond: ((t.a >= 11281) AND (t.a <= 106548))
   Index Searches: 1
   Prefetch: distance=271.655 count=165429 stalls=75 skipped=2961401 resets=0 ungets=78648 forwarded=63895
             histogram [2,4) => 160, [4,8) => 24, [8,16) => 12, [16,32) => 7, [32,64) => 4, [64,128) => 1, [128,256) => 1, [256,512) => 165220
   Buffers: shared hit=57338 read=31219
 Settings: enable_bitmapscan = 'off', enable_seqscan = 'off', max_parallel_workers_per_gather = '0'
 Planning:
   Buffers: shared hit=78 read=22
 Planning Time: 1.754 ms
 Execution Time: 394.992 ms
(12 rows)

SET
SET
SET
SET
SET
                                             QUERY PLAN                                             
----------------------------------------------------------------------------------------------------
 Index Scan Backward using idx on public.t (actual rows=3048576.00 loops=1)
   Output: a, b
   Index Cond: ((t.a >= 11281) AND (t.a <= 106548))
   Index Searches: 1
   Buffers: shared hit=89596
 Settings: enable_bitmapscan = 'off', enable_seqscan = 'off', max_parallel_workers_per_gather = '0'
 Planning:
   Buffers: shared hit=105
 Planning Time: 0.171 ms
 Execution Time: 124.147 ms
(10 rows)

