SET
SET
SET
SET
SET
                                                                 QUERY PLAN                                                                  
---------------------------------------------------------------------------------------------------------------------------------------------
 Index Scan Backward using idx on public.t (actual rows=4048576.00 loops=1)
   Output: a, b
   Index Cond: ((t.a >= 27485) AND (t.a <= 154002))
   Index Searches: 1
   Prefetch: distance=271.865 count=219235 stalls=40 skipped=3932921 resets=0 ungets=104003 forwarded=84614
             histogram [2,4) => 68, [4,8) => 9, [8,16) => 13, [16,32) => 9, [32,64) => 1, [64,128) => 3, [128,256) => 4, [256,512) => 219128
   Buffers: shared hit=75910 read=41457
 Settings: enable_bitmapscan = 'off', enable_seqscan = 'off', max_parallel_workers_per_gather = '0'
 Planning:
   Buffers: shared hit=78 read=22
 Planning Time: 1.717 ms
 Execution Time: 516.268 ms
(12 rows)

SET
SET
SET
SET
SET
                                             QUERY PLAN                                             
----------------------------------------------------------------------------------------------------
 Index Scan Backward using idx on public.t (actual rows=4048576.00 loops=1)
   Output: a, b
   Index Cond: ((t.a >= 27485) AND (t.a <= 154002))
   Index Searches: 1
   Buffers: shared hit=118903
 Settings: enable_bitmapscan = 'off', enable_seqscan = 'off', max_parallel_workers_per_gather = '0'
 Planning:
   Buffers: shared hit=105
 Planning Time: 0.200 ms
 Execution Time: 160.871 ms
(10 rows)

