SET
SET
SET
SET
SET
                                                                 QUERY PLAN                                                                  
---------------------------------------------------------------------------------------------------------------------------------------------
 Index Scan Backward using idx on public.t (actual rows=5048576.00 loops=1)
   Output: a, b
   Index Cond: ((t.a >= 28026) AND (t.a <= 185793))
   Index Searches: 1
   Prefetch: distance=271.905 count=273137 stalls=22 skipped=4903918 resets=0 ungets=129460 forwarded=105075
             histogram [2,4) => 54, [4,8) => 8, [8,16) => 13, [16,32) => 9, [32,64) => 1, [64,128) => 1, [128,256) => 4, [256,512) => 273047
   Buffers: shared hit=94612 read=51694
 Settings: enable_bitmapscan = 'off', enable_seqscan = 'off', max_parallel_workers_per_gather = '0'
 Planning:
   Buffers: shared hit=78 read=22
 Planning Time: 1.703 ms
 Execution Time: 640.647 ms
(12 rows)

SET
SET
SET
SET
SET
                                             QUERY PLAN                                             
----------------------------------------------------------------------------------------------------
 Index Scan Backward using idx on public.t (actual rows=5048576.00 loops=1)
   Output: a, b
   Index Cond: ((t.a >= 28026) AND (t.a <= 185793))
   Index Searches: 1
   Buffers: shared hit=148236
 Settings: enable_bitmapscan = 'off', enable_seqscan = 'off', max_parallel_workers_per_gather = '0'
 Planning:
   Buffers: shared hit=105
 Planning Time: 0.206 ms
 Execution Time: 202.409 ms
(10 rows)

