SET
SET
SET
SET
SET
                                                                   QUERY PLAN                                                                   
------------------------------------------------------------------------------------------------------------------------------------------------
 Index Scan Backward using idx on public.t (actual rows=7048576.00 loops=1)
   Output: a, b
   Index Cond: ((t.a >= 13459) AND (t.a <= 233726))
   Index Searches: 1
   Prefetch: distance=271.764 count=380609 stalls=141 skipped=6847832 resets=0 ungets=180133 forwarded=145990
             histogram [2,4) => 263, [4,8) => 27, [8,16) => 12, [16,32) => 10, [32,64) => 4, [64,128) => 4, [128,256) => 1, [256,512) => 380288
   Buffers: shared hit=131897 read=72173
 Settings: enable_bitmapscan = 'off', enable_seqscan = 'off', max_parallel_workers_per_gather = '0'
 Planning:
   Buffers: shared hit=78 read=22
 Planning Time: 1.695 ms
 Execution Time: 890.673 ms
(12 rows)

SET
SET
SET
SET
SET
                                             QUERY PLAN                                             
----------------------------------------------------------------------------------------------------
 Index Scan Backward using idx on public.t (actual rows=7048576.00 loops=1)
   Output: a, b
   Index Cond: ((t.a >= 13459) AND (t.a <= 233726))
   Index Searches: 1
   Buffers: shared hit=206920
 Settings: enable_bitmapscan = 'off', enable_seqscan = 'off', max_parallel_workers_per_gather = '0'
 Planning:
   Buffers: shared hit=105
 Planning Time: 0.203 ms
 Execution Time: 284.528 ms
(10 rows)

