SET
SET
SET
SET
SET
                                                                  QUERY PLAN                                                                  
----------------------------------------------------------------------------------------------------------------------------------------------
 Index Scan Backward using idx on public.t (actual rows=9048576.00 loops=1)
   Output: a, b
   Index Cond: ((t.a >= 27647) AND (t.a <= 310414))
   Index Searches: 1
   Prefetch: distance=271.957 count=489241 stalls=13 skipped=8790479 resets=0 ungets=231924 forwarded=188153
             histogram [2,4) => 28, [4,8) => 8, [8,16) => 11, [16,32) => 10, [32,64) => 1, [64,128) => 2, [128,256) => 2, [256,512) => 489179
   Buffers: shared hit=169281 read=92649
 Settings: enable_bitmapscan = 'off', enable_seqscan = 'off', max_parallel_workers_per_gather = '0'
 Planning:
   Buffers: shared hit=78 read=26
 Planning Time: 1.875 ms
 Execution Time: 1135.304 ms
(12 rows)

SET
SET
SET
SET
SET
                                             QUERY PLAN                                             
----------------------------------------------------------------------------------------------------
 Index Scan Backward using idx on public.t (actual rows=9048576.00 loops=1)
   Output: a, b
   Index Cond: ((t.a >= 27647) AND (t.a <= 310414))
   Index Searches: 1
   Buffers: shared hit=265437
 Settings: enable_bitmapscan = 'off', enable_seqscan = 'off', max_parallel_workers_per_gather = '0'
 Planning:
   Buffers: shared hit=109
 Planning Time: 0.218 ms
 Execution Time: 368.606 ms
(10 rows)

