SET
SET
SET
SET
SET
                                                                  QUERY PLAN                                                                  
----------------------------------------------------------------------------------------------------------------------------------------------
 Index Scan Backward using idx on public.t (actual rows=32768.00 loops=1)
   Output: a, b
   Index Cond: ((t.a >= 15985) AND (t.a <= 17008))
   Index Searches: 1
   Prefetch: distance=232.387 count=1383 stalls=81 skipped=30874 resets=0 ungets=561 forwarded=479
             histogram [2,4) => 149, [4,8) => 30, [8,16) => 11, [16,32) => 11, [32,64) => 3, [64,128) => 1, [128,256) => 2, [256,512) => 1176
   Buffers: shared hit=622 read=339
 Settings: enable_bitmapscan = 'off', enable_seqscan = 'off', max_parallel_workers_per_gather = '0'
 Planning:
   Buffers: shared hit=78 read=22
 Planning Time: 1.239 ms
 Execution Time: 5.314 ms
(12 rows)

SET
SET
SET
SET
SET
                                             QUERY PLAN                                             
----------------------------------------------------------------------------------------------------
 Index Scan Backward using idx on public.t (actual rows=32768.00 loops=1)
   Output: a, b
   Index Cond: ((t.a >= 15985) AND (t.a <= 17008))
   Index Searches: 1
   Buffers: shared hit=966
 Settings: enable_bitmapscan = 'off', enable_seqscan = 'off', max_parallel_workers_per_gather = '0'
 Planning:
   Buffers: shared hit=105
 Planning Time: 0.127 ms
 Execution Time: 1.197 ms
(10 rows)

