SET
SET
SET
SET
SET
                                                                 QUERY PLAN                                                                  
---------------------------------------------------------------------------------------------------------------------------------------------
 Index Scan Backward using idx on public.t (actual rows=131072.00 loops=1)
   Output: a, b
   Index Cond: ((t.a >= 5582) AND (t.a <= 9677))
   Index Searches: 1
   Prefetch: distance=266.119 count=6902 stalls=68 skipped=127194 resets=0 ungets=3219 forwarded=2591
             histogram [2,4) => 118, [4,8) => 10, [8,16) => 9, [16,32) => 11, [32,64) => 2, [64,128) => 3, [128,256) => 1, [256,512) => 6748
   Buffers: shared hit=2503 read=1347
 Settings: enable_bitmapscan = 'off', enable_seqscan = 'off', max_parallel_workers_per_gather = '0'
 Planning:
   Buffers: shared hit=78 read=22
 Planning Time: 1.729 ms
 Execution Time: 18.309 ms
(12 rows)

SET
SET
SET
SET
SET
                                             QUERY PLAN                                             
----------------------------------------------------------------------------------------------------
 Index Scan Backward using idx on public.t (actual rows=131072.00 loops=1)
   Output: a, b
   Index Cond: ((t.a >= 5582) AND (t.a <= 9677))
   Index Searches: 1
   Buffers: shared hit=3879
 Settings: enable_bitmapscan = 'off', enable_seqscan = 'off', max_parallel_workers_per_gather = '0'
 Planning:
   Buffers: shared hit=105
 Planning Time: 0.149 ms
 Execution Time: 4.957 ms
(10 rows)

