SET
SET
SET
SET
SET
                                                                 QUERY PLAN                                                                  
---------------------------------------------------------------------------------------------------------------------------------------------
 Index Scan Backward using idx on public.t (actual rows=524288.00 loops=1)
   Output: a, b
   Index Cond: ((t.a >= 11886) AND (t.a <= 28269))
   Index Searches: 1
   Prefetch: distance=270.698 count=28182 stalls=33 skipped=508282 resets=0 ungets=13328 forwarded=10781
             histogram [2,4) => 78, [4,8) => 35, [8,16) => 13, [16,32) => 7, [32,64) => 2, [64,128) => 3, [128,256) => 1, [256,512) => 28043
   Buffers: shared hit=9842 read=5372
 Settings: enable_bitmapscan = 'off', enable_seqscan = 'off', max_parallel_workers_per_gather = '0'
 Planning:
   Buffers: shared hit=78 read=22
 Planning Time: 1.706 ms
 Execution Time: 70.094 ms
(12 rows)

SET
SET
SET
SET
SET
                                             QUERY PLAN                                             
----------------------------------------------------------------------------------------------------
 Index Scan Backward using idx on public.t (actual rows=524288.00 loops=1)
   Output: a, b
   Index Cond: ((t.a >= 11886) AND (t.a <= 28269))
   Index Searches: 1
   Buffers: shared hit=15392
 Settings: enable_bitmapscan = 'off', enable_seqscan = 'off', max_parallel_workers_per_gather = '0'
 Planning:
   Buffers: shared hit=105
 Planning Time: 0.179 ms
 Execution Time: 21.181 ms
(10 rows)

