SET
SET
SET
SET
SET
                                                                  QUERY PLAN                                                                  
----------------------------------------------------------------------------------------------------------------------------------------------
 Index Scan Backward using idx on public.t (actual rows=1048576.00 loops=1)
   Output: a, b
   Index Cond: ((t.a >= 10916) AND (t.a <= 43683))
   Index Searches: 1
   Prefetch: distance=269.932 count=56441 stalls=155 skipped=1017921 resets=0 ungets=26740 forwarded=21700
             histogram [2,4) => 348, [4,8) => 61, [8,16) => 12, [16,32) => 7, [32,64) => 4, [64,128) => 1, [128,256) => 1, [256,512) => 56007
   Buffers: shared hit=19791 read=10740
 Settings: enable_bitmapscan = 'off', enable_seqscan = 'off', max_parallel_workers_per_gather = '0'
 Planning:
   Buffers: shared hit=78 read=22
 Planning Time: 1.702 ms
 Execution Time: 141.322 ms
(12 rows)

SET
SET
SET
SET
SET
                                             QUERY PLAN                                             
----------------------------------------------------------------------------------------------------
 Index Scan Backward using idx on public.t (actual rows=1048576.00 loops=1)
   Output: a, b
   Index Cond: ((t.a >= 10916) AND (t.a <= 43683))
   Index Searches: 1
   Buffers: shared hit=30819
 Settings: enable_bitmapscan = 'off', enable_seqscan = 'off', max_parallel_workers_per_gather = '0'
 Planning:
   Buffers: shared hit=105
 Planning Time: 0.176 ms
 Execution Time: 39.688 ms
(10 rows)

