SET
SET
SET
SET
SET
                                                                  QUERY PLAN                                                                  
----------------------------------------------------------------------------------------------------------------------------------------------
 Index Scan Backward using idx on public.t (actual rows=3048576.00 loops=1)
   Output: a, b
   Index Cond: ((t.a >= 3761) AND (t.a <= 99028))
   Index Searches: 1
   Prefetch: distance=271.840 count=164665 stalls=30 skipped=2961545 resets=0 ungets=77823 forwarded=62918
             histogram [2,4) => 54, [4,8) => 14, [8,16) => 13, [16,32) => 8, [32,64) => 1, [64,128) => 3, [128,256) => 4, [256,512) => 164568
   Buffers: shared hit=57172 read=31218
 Settings: enable_bitmapscan = 'off', enable_seqscan = 'off', max_parallel_workers_per_gather = '0'
 Planning:
   Buffers: shared hit=78 read=22
 Planning Time: 1.725 ms
 Execution Time: 427.432 ms
(12 rows)

SET
SET
SET
SET
SET
                                             QUERY PLAN                                             
----------------------------------------------------------------------------------------------------
 Index Scan Backward using idx on public.t (actual rows=3048576.00 loops=1)
   Output: a, b
   Index Cond: ((t.a >= 3761) AND (t.a <= 99028))
   Index Searches: 1
   Buffers: shared hit=89603
 Settings: enable_bitmapscan = 'off', enable_seqscan = 'off', max_parallel_workers_per_gather = '0'
 Planning:
   Buffers: shared hit=105
 Planning Time: 0.177 ms
 Execution Time: 156.043 ms
(10 rows)

