SET
SET
SET
SET
SET
                                                                  QUERY PLAN                                                                   
-----------------------------------------------------------------------------------------------------------------------------------------------
 Index Scan Backward using idx on public.t (actual rows=5048576.00 loops=1)
   Output: a, b
   Index Cond: ((t.a >= 29116) AND (t.a <= 186883))
   Index Searches: 1
   Prefetch: distance=271.907 count=273269 stalls=22 skipped=4904056 resets=0 ungets=129570 forwarded=105228
             histogram [2,4) => 46, [4,8) => 11, [8,16) => 10, [16,32) => 14, [32,64) => 1, [64,128) => 4, [128,256) => 1, [256,512) => 273182
   Buffers: shared hit=94590 read=51694
 Settings: enable_bitmapscan = 'off', enable_seqscan = 'off', max_parallel_workers_per_gather = '0'
 Planning:
   Buffers: shared hit=78 read=22
 Planning Time: 1.717 ms
 Execution Time: 640.171 ms
(12 rows)

SET
SET
SET
SET
SET
                                             QUERY PLAN                                             
----------------------------------------------------------------------------------------------------
 Index Scan Backward using idx on public.t (actual rows=5048576.00 loops=1)
   Output: a, b
   Index Cond: ((t.a >= 29116) AND (t.a <= 186883))
   Index Searches: 1
   Buffers: shared hit=148257
 Settings: enable_bitmapscan = 'off', enable_seqscan = 'off', max_parallel_workers_per_gather = '0'
 Planning:
   Buffers: shared hit=105
 Planning Time: 0.198 ms
 Execution Time: 188.731 ms
(10 rows)

