SET
SET
SET
SET
SET
                                                                  QUERY PLAN                                                                  
----------------------------------------------------------------------------------------------------------------------------------------------
 Index Scan Backward using idx on public.t (actual rows=6048576.00 loops=1)
   Output: a, b
   Index Cond: ((t.a >= 29912) AND (t.a <= 218929))
   Index Searches: 1
   Prefetch: distance=271.893 count=327216 stalls=39 skipped=5875389 resets=0 ungets=155155 forwarded=125880
             histogram [2,4) => 76, [4,8) => 14, [8,16) => 15, [16,32) => 8, [32,64) => 4, [64,128) => 1, [128,256) => 1, [256,512) => 327097
   Buffers: shared hit=113304 read=61933
 Settings: enable_bitmapscan = 'off', enable_seqscan = 'off', max_parallel_workers_per_gather = '0'
 Planning:
   Buffers: shared hit=78 read=22
 Planning Time: 1.717 ms
 Execution Time: 767.129 ms
(12 rows)

SET
SET
SET
SET
SET
                                             QUERY PLAN                                             
----------------------------------------------------------------------------------------------------
 Index Scan Backward using idx on public.t (actual rows=6048576.00 loops=1)
   Output: a, b
   Index Cond: ((t.a >= 29912) AND (t.a <= 218929))
   Index Searches: 1
   Buffers: shared hit=177537
 Settings: enable_bitmapscan = 'off', enable_seqscan = 'off', max_parallel_workers_per_gather = '0'
 Planning:
   Buffers: shared hit=105
 Planning Time: 0.191 ms
 Execution Time: 239.573 ms
(10 rows)

