SET
SET
SET
SET
SET
                                                                  QUERY PLAN                                                                  
----------------------------------------------------------------------------------------------------------------------------------------------
 Index Scan Backward using idx on public.t (actual rows=7048576.00 loops=1)
   Output: a, b
   Index Cond: ((t.a >= 10498) AND (t.a <= 230765))
   Index Searches: 1
   Prefetch: distance=271.922 count=382123 stalls=30 skipped=6847287 resets=0 ungets=181599 forwarded=147539
             histogram [2,4) => 46, [4,8) => 26, [8,16) => 13, [16,32) => 7, [32,64) => 4, [64,128) => 1, [128,256) => 4, [256,512) => 382022
   Buffers: shared hit=132189 read=72173
 Settings: enable_bitmapscan = 'off', enable_seqscan = 'off', max_parallel_workers_per_gather = '0'
 Planning:
   Buffers: shared hit=78 read=22
 Planning Time: 1.706 ms
 Execution Time: 892.144 ms
(12 rows)

SET
SET
SET
SET
SET
                                             QUERY PLAN                                             
----------------------------------------------------------------------------------------------------
 Index Scan Backward using idx on public.t (actual rows=7048576.00 loops=1)
   Output: a, b
   Index Cond: ((t.a >= 10498) AND (t.a <= 230765))
   Index Searches: 1
   Buffers: shared hit=206876
 Settings: enable_bitmapscan = 'off', enable_seqscan = 'off', max_parallel_workers_per_gather = '0'
 Planning:
   Buffers: shared hit=105
 Planning Time: 0.203 ms
 Execution Time: 283.929 ms
(10 rows)

