SET
SET
SET
SET
SET
                                                                QUERY PLAN                                                                
------------------------------------------------------------------------------------------------------------------------------------------
 Index Scan Backward using idx on public.t (actual rows=8192.00 loops=1)
   Output: a, b
   Index Cond: ((t.a >= 18819) AND (t.a <= 19074))
   Index Searches: 1
   Prefetch: distance=126.542 count=227 stalls=31 skipped=6954 resets=0 ungets=52 forwarded=52
             histogram [2,4) => 56, [4,8) => 41, [8,16) => 13, [16,32) => 9, [32,64) => 4, [64,128) => 1, [128,256) => 4, [256,512) => 99
   Buffers: shared hit=157 read=88
 Settings: enable_bitmapscan = 'off', enable_seqscan = 'off', max_parallel_workers_per_gather = '0'
 Planning:
   Buffers: shared hit=78 read=22
 Planning Time: 1.250 ms
 Execution Time: 2.072 ms
(12 rows)

SET
SET
SET
SET
SET
                                             QUERY PLAN                                             
----------------------------------------------------------------------------------------------------
 Index Scan Backward using idx on public.t (actual rows=8192.00 loops=1)
   Output: a, b
   Index Cond: ((t.a >= 18819) AND (t.a <= 19074))
   Index Searches: 1
   Buffers: shared hit=245
 Settings: enable_bitmapscan = 'off', enable_seqscan = 'off', max_parallel_workers_per_gather = '0'
 Planning:
   Buffers: shared hit=105
 Planning Time: 0.183 ms
 Execution Time: 0.419 ms
(10 rows)

