SET
SET
SET
SET
SET
                                                                 QUERY PLAN                                                                 
--------------------------------------------------------------------------------------------------------------------------------------------
 Index Scan Backward using idx on public.t (actual rows=16384.00 loops=1)
   Output: a, b
   Index Cond: ((t.a >= 7664) AND (t.a <= 8175))
   Index Searches: 1
   Prefetch: distance=223.371 count=666 stalls=42 skipped=15204 resets=0 ungets=263 forwarded=213
             histogram [2,4) => 77, [4,8) => 17, [8,16) => 12, [16,32) => 10, [32,64) => 4, [64,128) => 3, [128,256) => 4, [256,512) => 539
   Buffers: shared hit=312 read=173
 Settings: enable_bitmapscan = 'off', enable_seqscan = 'off', max_parallel_workers_per_gather = '0'
 Planning:
   Buffers: shared hit=78 read=22
 Planning Time: 1.242 ms
 Execution Time: 2.820 ms
(12 rows)

SET
SET
SET
SET
SET
                                             QUERY PLAN                                             
----------------------------------------------------------------------------------------------------
 Index Scan Backward using idx on public.t (actual rows=16384.00 loops=1)
   Output: a, b
   Index Cond: ((t.a >= 7664) AND (t.a <= 8175))
   Index Searches: 1
   Buffers: shared hit=486
 Settings: enable_bitmapscan = 'off', enable_seqscan = 'off', max_parallel_workers_per_gather = '0'
 Planning:
   Buffers: shared hit=105
 Planning Time: 0.177 ms
 Execution Time: 0.826 ms
(10 rows)

