SET
SET
SET
SET
SET
                                                                 QUERY PLAN                                                                  
---------------------------------------------------------------------------------------------------------------------------------------------
 Index Scan Backward using idx on public.t (actual rows=131072.00 loops=1)
   Output: a, b
   Index Cond: ((t.a >= 2080) AND (t.a <= 6175))
   Index Searches: 1
   Prefetch: distance=245.324 count=6031 stalls=269 skipped=127154 resets=0 ungets=2573 forwarded=2122
             histogram [2,4) => 526, [4,8) => 47, [8,16) => 13, [16,32) => 8, [32,64) => 1, [64,128) => 4, [128,256) => 1, [256,512) => 5431
   Buffers: shared hit=2472 read=1344
 Settings: enable_bitmapscan = 'off', enable_seqscan = 'off', max_parallel_workers_per_gather = '0'
 Planning:
   Buffers: shared hit=78 read=26
 Planning Time: 2.009 ms
 Execution Time: 17.557 ms
(12 rows)

SET
SET
SET
SET
SET
                                             QUERY PLAN                                             
----------------------------------------------------------------------------------------------------
 Index Scan Backward using idx on public.t (actual rows=131072.00 loops=1)
   Output: a, b
   Index Cond: ((t.a >= 2080) AND (t.a <= 6175))
   Index Searches: 1
   Buffers: shared hit=3855
 Settings: enable_bitmapscan = 'off', enable_seqscan = 'off', max_parallel_workers_per_gather = '0'
 Planning:
   Buffers: shared hit=109
 Planning Time: 0.211 ms
 Execution Time: 6.016 ms
(10 rows)

