SET
SET
SET
SET
SET
                                                                  QUERY PLAN                                                                  
----------------------------------------------------------------------------------------------------------------------------------------------
 Index Scan Backward using idx on public.t (actual rows=262144.00 loops=1)
   Output: a, b
   Index Cond: ((t.a >= 6000) AND (t.a <= 14191))
   Index Searches: 1
   Prefetch: distance=268.919 count=14013 stalls=64 skipped=254527 resets=0 ungets=6651 forwarded=5373
             histogram [2,4) => 124, [4,8) => 11, [8,16) => 14, [16,32) => 8, [32,64) => 2, [64,128) => 2, [128,256) => 4, [256,512) => 13848
   Buffers: shared hit=4926 read=2689
 Settings: enable_bitmapscan = 'off', enable_seqscan = 'off', max_parallel_workers_per_gather = '0'
 Planning:
   Buffers: shared hit=78 read=22
 Planning Time: 1.721 ms
 Execution Time: 34.586 ms
(12 rows)

SET
SET
SET
SET
SET
                                             QUERY PLAN                                             
----------------------------------------------------------------------------------------------------
 Index Scan Backward using idx on public.t (actual rows=262144.00 loops=1)
   Output: a, b
   Index Cond: ((t.a >= 6000) AND (t.a <= 14191))
   Index Searches: 1
   Buffers: shared hit=7670
 Settings: enable_bitmapscan = 'off', enable_seqscan = 'off', max_parallel_workers_per_gather = '0'
 Planning:
   Buffers: shared hit=105
 Planning Time: 0.188 ms
 Execution Time: 10.454 ms
(10 rows)

