SET
SET
SET
SET
SET
                                                                  QUERY PLAN                                                                   
-----------------------------------------------------------------------------------------------------------------------------------------------
 Index Scan Backward using idx on public.t (actual rows=524288.00 loops=1)
   Output: a, b
   Index Cond: ((t.a >= 13557) AND (t.a <= 29940))
   Index Searches: 1
   Prefetch: distance=269.539 count=28036 stalls=108 skipped=509081 resets=0 ungets=13224 forwarded=10748
             histogram [2,4) => 201, [4,8) => 27, [8,16) => 12, [16,32) => 10, [32,64) => 4, [64,128) => 4, [128,256) => 1, [256,512) => 27777
   Buffers: shared hit=9851 read=5372
 Settings: enable_bitmapscan = 'off', enable_seqscan = 'off', max_parallel_workers_per_gather = '0'
 Planning:
   Buffers: shared hit=78 read=22
 Planning Time: 1.767 ms
 Execution Time: 69.321 ms
(12 rows)

SET
SET
SET
SET
SET
                                             QUERY PLAN                                             
----------------------------------------------------------------------------------------------------
 Index Scan Backward using idx on public.t (actual rows=524288.00 loops=1)
   Output: a, b
   Index Cond: ((t.a >= 13557) AND (t.a <= 29940))
   Index Searches: 1
   Buffers: shared hit=15401
 Settings: enable_bitmapscan = 'off', enable_seqscan = 'off', max_parallel_workers_per_gather = '0'
 Planning:
   Buffers: shared hit=105
 Planning Time: 0.170 ms
 Execution Time: 20.724 ms
(10 rows)

