SET
SET
SET
SET
SET
                                                                 QUERY PLAN                                                                  
---------------------------------------------------------------------------------------------------------------------------------------------
 Index Scan Backward using idx on public.t (actual rows=1048576.00 loops=1)
   Output: a, b
   Index Cond: ((t.a >= 14540) AND (t.a <= 47307))
   Index Searches: 1
   Prefetch: distance=271.749 count=57408 stalls=3 skipped=1018446 resets=0 ungets=27504 forwarded=22367
             histogram [2,4) => 6, [4,8) => 17, [8,16) => 14, [16,32) => 10, [32,64) => 3, [64,128) => 4, [128,256) => 1, [256,512) => 57353
   Buffers: shared hit=19865 read=10742
 Settings: enable_bitmapscan = 'off', enable_seqscan = 'off', max_parallel_workers_per_gather = '0'
 Planning:
   Buffers: shared hit=78 read=22
 Planning Time: 1.723 ms
 Execution Time: 140.864 ms
(12 rows)

SET
SET
SET
SET
SET
                                             QUERY PLAN                                             
----------------------------------------------------------------------------------------------------
 Index Scan Backward using idx on public.t (actual rows=1048576.00 loops=1)
   Output: a, b
   Index Cond: ((t.a >= 14540) AND (t.a <= 47307))
   Index Searches: 1
   Buffers: shared hit=30857
 Settings: enable_bitmapscan = 'off', enable_seqscan = 'off', max_parallel_workers_per_gather = '0'
 Planning:
   Buffers: shared hit=105
 Planning Time: 0.170 ms
 Execution Time: 42.362 ms
(10 rows)

