SET
SET
SET
SET
SET
                                                                  QUERY PLAN                                                                   
-----------------------------------------------------------------------------------------------------------------------------------------------
 Index Scan Backward using idx on public.t (actual rows=2048576.00 loops=1)
   Output: a, b
   Index Cond: ((t.a >= 23654) AND (t.a <= 87671))
   Index Searches: 1
   Prefetch: distance=271.615 count=110864 stalls=48 skipped=1989304 resets=0 ungets=52503 forwarded=42567
             histogram [2,4) => 99, [4,8) => 28, [8,16) => 14, [16,32) => 12, [32,64) => 1, [64,128) => 1, [128,256) => 2, [256,512) => 110707
   Buffers: shared hit=38486 read=20979
 Settings: enable_bitmapscan = 'off', enable_seqscan = 'off', max_parallel_workers_per_gather = '0'
 Planning:
   Buffers: shared hit=78 read=22
 Planning Time: 1.734 ms
 Execution Time: 262.827 ms
(12 rows)

SET
SET
SET
SET
SET
                                             QUERY PLAN                                             
----------------------------------------------------------------------------------------------------
 Index Scan Backward using idx on public.t (actual rows=2048576.00 loops=1)
   Output: a, b
   Index Cond: ((t.a >= 23654) AND (t.a <= 87671))
   Index Searches: 1
   Buffers: shared hit=60268
 Settings: enable_bitmapscan = 'off', enable_seqscan = 'off', max_parallel_workers_per_gather = '0'
 Planning:
   Buffers: shared hit=105
 Planning Time: 0.162 ms
 Execution Time: 83.463 ms
(10 rows)

