SET
SET
SET
SET
SET
                                                                  QUERY PLAN                                                                   
-----------------------------------------------------------------------------------------------------------------------------------------------
 Index Scan Backward using idx on public.t (actual rows=3048576.00 loops=1)
   Output: a, b
   Index Cond: ((t.a >= 29405) AND (t.a <= 124672))
   Index Searches: 1
   Prefetch: distance=271.595 count=166460 stalls=103 skipped=2961128 resets=0 ungets=79626 forwarded=65035
             histogram [2,4) => 177, [4,8) => 45, [8,16) => 13, [16,32) => 8, [32,64) => 1, [64,128) => 4, [128,256) => 1, [256,512) => 166211
   Buffers: shared hit=57636 read=31218
 Settings: enable_bitmapscan = 'off', enable_seqscan = 'off', max_parallel_workers_per_gather = '0'
 Planning:
   Buffers: shared hit=78 read=22
 Planning Time: 1.721 ms
 Execution Time: 394.005 ms
(12 rows)

SET
SET
SET
SET
SET
                                             QUERY PLAN                                             
----------------------------------------------------------------------------------------------------
 Index Scan Backward using idx on public.t (actual rows=3048576.00 loops=1)
   Output: a, b
   Index Cond: ((t.a >= 29405) AND (t.a <= 124672))
   Index Searches: 1
   Buffers: shared hit=89679
 Settings: enable_bitmapscan = 'off', enable_seqscan = 'off', max_parallel_workers_per_gather = '0'
 Planning:
   Buffers: shared hit=105
 Planning Time: 0.176 ms
 Execution Time: 122.147 ms
(10 rows)

