SET
SET
SET
SET
SET
                                                                   QUERY PLAN                                                                   
------------------------------------------------------------------------------------------------------------------------------------------------
 Index Scan Backward using idx on public.t (actual rows=5048576.00 loops=1)
   Output: a, b
   Index Cond: ((t.a >= 7574) AND (t.a <= 165341))
   Index Searches: 1
   Prefetch: distance=271.805 count=275706 stalls=72 skipped=4904647 resets=0 ungets=132072 forwarded=107796
             histogram [2,4) => 128, [4,8) => 37, [8,16) => 12, [16,32) => 10, [32,64) => 4, [64,128) => 3, [128,256) => 4, [256,512) => 275508
   Buffers: shared hit=95310 read=51695
 Settings: enable_bitmapscan = 'off', enable_seqscan = 'off', max_parallel_workers_per_gather = '0'
 Planning:
   Buffers: shared hit=78 read=22
 Planning Time: 1.692 ms
 Execution Time: 660.470 ms
(12 rows)

SET
SET
SET
SET
SET
                                             QUERY PLAN                                             
----------------------------------------------------------------------------------------------------
 Index Scan Backward using idx on public.t (actual rows=5048576.00 loops=1)
   Output: a, b
   Index Cond: ((t.a >= 7574) AND (t.a <= 165341))
   Index Searches: 1
   Buffers: shared hit=148225
 Settings: enable_bitmapscan = 'off', enable_seqscan = 'off', max_parallel_workers_per_gather = '0'
 Planning:
   Buffers: shared hit=105
 Planning Time: 0.183 ms
 Execution Time: 210.073 ms
(10 rows)

