SET
SET
SET
SET
SET
                                                                   QUERY PLAN                                                                   
------------------------------------------------------------------------------------------------------------------------------------------------
 Index Scan Backward using idx on public.t (actual rows=7048576.00 loops=1)
   Output: a, b
   Index Cond: ((t.a >= 28168) AND (t.a <= 248435))
   Index Searches: 1
   Prefetch: distance=271.665 count=380740 stalls=220 skipped=6847185 resets=0 ungets=180480 forwarded=146273
             histogram [2,4) => 412, [4,8) => 18, [8,16) => 14, [16,32) => 10, [32,64) => 2, [64,128) => 2, [128,256) => 4, [256,512) => 380278
   Buffers: shared hit=132073 read=72172
 Settings: enable_bitmapscan = 'off', enable_seqscan = 'off', max_parallel_workers_per_gather = '0'
 Planning:
   Buffers: shared hit=78 read=22
 Planning Time: 1.689 ms
 Execution Time: 899.128 ms
(12 rows)

SET
SET
SET
SET
SET
                                             QUERY PLAN                                             
----------------------------------------------------------------------------------------------------
 Index Scan Backward using idx on public.t (actual rows=7048576.00 loops=1)
   Output: a, b
   Index Cond: ((t.a >= 28168) AND (t.a <= 248435))
   Index Searches: 1
   Buffers: shared hit=206802
 Settings: enable_bitmapscan = 'off', enable_seqscan = 'off', max_parallel_workers_per_gather = '0'
 Planning:
   Buffers: shared hit=105
 Planning Time: 0.202 ms
 Execution Time: 278.443 ms
(10 rows)

