SET
SET
SET
SET
SET
                                                                  QUERY PLAN                                                                   
-----------------------------------------------------------------------------------------------------------------------------------------------
 Index Scan Backward using idx on public.t (actual rows=8048576.00 loops=1)
   Output: a, b
   Index Cond: ((t.a >= 15665) AND (t.a <= 267182))
   Index Searches: 1
   Prefetch: distance=271.901 count=435659 stalls=59 skipped=7819512 resets=0 ungets=206717 forwarded=167909
             histogram [2,4) => 104, [4,8) => 17, [8,16) => 8, [16,32) => 11, [32,64) => 4, [64,128) => 1, [128,256) => 1, [256,512) => 435513
   Buffers: shared hit=150732 read=82412
 Settings: enable_bitmapscan = 'off', enable_seqscan = 'off', max_parallel_workers_per_gather = '0'
 Planning:
   Buffers: shared hit=78 read=22
 Planning Time: 1.709 ms
 Execution Time: 1015.705 ms
(12 rows)

SET
SET
SET
SET
SET
                                             QUERY PLAN                                             
----------------------------------------------------------------------------------------------------
 Index Scan Backward using idx on public.t (actual rows=8048576.00 loops=1)
   Output: a, b
   Index Cond: ((t.a >= 15665) AND (t.a <= 267182))
   Index Searches: 1
   Buffers: shared hit=236195
 Settings: enable_bitmapscan = 'off', enable_seqscan = 'off', max_parallel_workers_per_gather = '0'
 Planning:
   Buffers: shared hit=105
 Planning Time: 0.174 ms
 Execution Time: 324.995 ms
(10 rows)

