SET
SET
SET
SET
SET
                                                                 QUERY PLAN                                                                  
---------------------------------------------------------------------------------------------------------------------------------------------
 Index Scan Backward using idx on public.t (actual rows=32768.00 loops=1)
   Output: a, b
   Index Cond: ((t.a >= 14421) AND (t.a <= 15444))
   Index Searches: 1
   Prefetch: distance=252.176 count=1577 stalls=35 skipped=31212 resets=0 ungets=695 forwarded=586
             histogram [2,4) => 70, [4,8) => 17, [8,16) => 14, [16,32) => 10, [32,64) => 3, [64,128) => 4, [128,256) => 1, [256,512) => 1458
   Buffers: shared hit=620 read=339
 Settings: enable_bitmapscan = 'off', enable_seqscan = 'off', max_parallel_workers_per_gather = '0'
 Planning:
   Buffers: shared hit=78 read=22
 Planning Time: 1.526 ms
 Execution Time: 5.251 ms
(12 rows)

SET
SET
SET
SET
SET
                                             QUERY PLAN                                             
----------------------------------------------------------------------------------------------------
 Index Scan Backward using idx on public.t (actual rows=32768.00 loops=1)
   Output: a, b
   Index Cond: ((t.a >= 14421) AND (t.a <= 15444))
   Index Searches: 1
   Buffers: shared hit=967
 Settings: enable_bitmapscan = 'off', enable_seqscan = 'off', max_parallel_workers_per_gather = '0'
 Planning:
   Buffers: shared hit=105
 Planning Time: 0.177 ms
 Execution Time: 1.469 ms
(10 rows)

