SET
SET
SET
SET
SET
                                                                 QUERY PLAN                                                                  
---------------------------------------------------------------------------------------------------------------------------------------------
 Index Scan Backward using idx on public.t (actual rows=65536.00 loops=1)
   Output: a, b
   Index Cond: ((t.a >= 5219) AND (t.a <= 7266))
   Index Searches: 1
   Prefetch: distance=262.911 count=3395 stalls=38 skipped=63085 resets=0 ungets=1557 forwarded=1263
             histogram [2,4) => 72, [4,8) => 18, [8,16) => 12, [16,32) => 10, [32,64) => 1, [64,128) => 4, [128,256) => 1, [256,512) => 3277
   Buffers: shared hit=1261 read=677
 Settings: enable_bitmapscan = 'off', enable_seqscan = 'off', max_parallel_workers_per_gather = '0'
 Planning:
   Buffers: shared hit=78 read=22
 Planning Time: 1.721 ms
 Execution Time: 9.935 ms
(12 rows)

SET
SET
SET
SET
SET
                                             QUERY PLAN                                             
----------------------------------------------------------------------------------------------------
 Index Scan Backward using idx on public.t (actual rows=65536.00 loops=1)
   Output: a, b
   Index Cond: ((t.a >= 5219) AND (t.a <= 7266))
   Index Searches: 1
   Buffers: shared hit=1956
 Settings: enable_bitmapscan = 'off', enable_seqscan = 'off', max_parallel_workers_per_gather = '0'
 Planning:
   Buffers: shared hit=105
 Planning Time: 0.132 ms
 Execution Time: 2.439 ms
(10 rows)

