SET
SET
SET
SET
SET
                                                                  QUERY PLAN                                                                   
-----------------------------------------------------------------------------------------------------------------------------------------------
 Index Scan Backward using idx on public.t (actual rows=262144.00 loops=1)
   Output: a, b
   Index Cond: ((t.a >= 20347) AND (t.a <= 28538))
   Index Searches: 1
   Prefetch: distance=260.623 count=13247 stalls=250 skipped=254459 resets=0 ungets=6099 forwarded=4997
             histogram [2,4) => 478, [4,8) => 53, [8,16) => 15, [16,32) => 10, [32,64) => 1, [64,128) => 4, [128,256) => 1, [256,512) => 12685
   Buffers: shared hit=4893 read=2688
 Settings: enable_bitmapscan = 'off', enable_seqscan = 'off', max_parallel_workers_per_gather = '0'
 Planning:
   Buffers: shared hit=78 read=22
 Planning Time: 1.709 ms
 Execution Time: 36.934 ms
(12 rows)

SET
SET
SET
SET
SET
                                             QUERY PLAN                                             
----------------------------------------------------------------------------------------------------
 Index Scan Backward using idx on public.t (actual rows=262144.00 loops=1)
   Output: a, b
   Index Cond: ((t.a >= 20347) AND (t.a <= 28538))
   Index Searches: 1
   Buffers: shared hit=7645
 Settings: enable_bitmapscan = 'off', enable_seqscan = 'off', max_parallel_workers_per_gather = '0'
 Planning:
   Buffers: shared hit=105
 Planning Time: 0.158 ms
 Execution Time: 10.310 ms
(10 rows)

