SET
SET
SET
SET
SET
                                                                  QUERY PLAN                                                                  
----------------------------------------------------------------------------------------------------------------------------------------------
 Index Scan Backward using idx on public.t (actual rows=524288.00 loops=1)
   Output: a, b
   Index Cond: ((t.a >= 31720) AND (t.a <= 48103))
   Index Searches: 1
   Prefetch: distance=265.426 count=27327 stalls=299 skipped=508947 resets=0 ungets=12636 forwarded=10182
             histogram [2,4) => 568, [4,8) => 73, [8,16) => 13, [16,32) => 9, [32,64) => 1, [64,128) => 4, [128,256) => 1, [256,512) => 26658
   Buffers: shared hit=9897 read=5372
 Settings: enable_bitmapscan = 'off', enable_seqscan = 'off', max_parallel_workers_per_gather = '0'
 Planning:
   Buffers: shared hit=78 read=22
 Planning Time: 1.744 ms
 Execution Time: 69.369 ms
(12 rows)

SET
SET
SET
SET
SET
                                             QUERY PLAN                                             
----------------------------------------------------------------------------------------------------
 Index Scan Backward using idx on public.t (actual rows=524288.00 loops=1)
   Output: a, b
   Index Cond: ((t.a >= 31720) AND (t.a <= 48103))
   Index Searches: 1
   Buffers: shared hit=15475
 Settings: enable_bitmapscan = 'off', enable_seqscan = 'off', max_parallel_workers_per_gather = '0'
 Planning:
   Buffers: shared hit=105
 Planning Time: 0.199 ms
 Execution Time: 21.554 ms
(10 rows)

