SET
SET
SET
SET
SET
                                                                  QUERY PLAN                                                                   
-----------------------------------------------------------------------------------------------------------------------------------------------
 Index Scan Backward using idx on public.t (actual rows=1048576.00 loops=1)
   Output: a, b
   Index Cond: ((t.a >= 3963) AND (t.a <= 36730))
   Index Searches: 1
   Prefetch: distance=267.678 count=55165 stalls=398 skipped=1018320 resets=0 ungets=25754 forwarded=20792
             histogram [2,4) => 802, [4,8) => 55, [8,16) => 12, [16,32) => 10, [32,64) => 1, [64,128) => 4, [128,256) => 1, [256,512) => 54280
   Buffers: shared hit=19666 read=10740
 Settings: enable_bitmapscan = 'off', enable_seqscan = 'off', max_parallel_workers_per_gather = '0'
 Planning:
   Buffers: shared hit=78 read=22
 Planning Time: 1.724 ms
 Execution Time: 135.536 ms
(12 rows)

SET
SET
SET
SET
SET
                                             QUERY PLAN                                             
----------------------------------------------------------------------------------------------------
 Index Scan Backward using idx on public.t (actual rows=1048576.00 loops=1)
   Output: a, b
   Index Cond: ((t.a >= 3963) AND (t.a <= 36730))
   Index Searches: 1
   Buffers: shared hit=30765
 Settings: enable_bitmapscan = 'off', enable_seqscan = 'off', max_parallel_workers_per_gather = '0'
 Planning:
   Buffers: shared hit=105
 Planning Time: 0.177 ms
 Execution Time: 42.421 ms
(10 rows)

