SET
SET
SET
SET
SET
                                                                  QUERY PLAN                                                                   
-----------------------------------------------------------------------------------------------------------------------------------------------
 Index Scan Backward using idx on public.t (actual rows=2048576.00 loops=1)
   Output: a, b
   Index Cond: ((t.a >= 26477) AND (t.a <= 90494))
   Index Searches: 1
   Prefetch: distance=270.830 count=110334 stalls=202 skipped=1990001 resets=0 ungets=52088 forwarded=42254
             histogram [2,4) => 398, [4,8) => 54, [8,16) => 13, [16,32) => 8, [32,64) => 1, [64,128) => 2, [128,256) => 2, [256,512) => 109856
   Buffers: shared hit=38555 read=20978
 Settings: enable_bitmapscan = 'off', enable_seqscan = 'off', max_parallel_workers_per_gather = '0'
 Planning:
   Buffers: shared hit=78 read=22
 Planning Time: 1.728 ms
 Execution Time: 260.450 ms
(12 rows)

SET
SET
SET
SET
SET
                                             QUERY PLAN                                             
----------------------------------------------------------------------------------------------------
 Index Scan Backward using idx on public.t (actual rows=2048576.00 loops=1)
   Output: a, b
   Index Cond: ((t.a >= 26477) AND (t.a <= 90494))
   Index Searches: 1
   Buffers: shared hit=60285
 Settings: enable_bitmapscan = 'off', enable_seqscan = 'off', max_parallel_workers_per_gather = '0'
 Planning:
   Buffers: shared hit=105
 Planning Time: 0.176 ms
 Execution Time: 81.466 ms
(10 rows)

