SET
SET
SET
SET
SET
                                                                   QUERY PLAN                                                                   
------------------------------------------------------------------------------------------------------------------------------------------------
 Index Scan Backward using idx on public.t (actual rows=3048576.00 loops=1)
   Output: a, b
   Index Cond: ((t.a >= 28516) AND (t.a <= 123783))
   Index Searches: 1
   Prefetch: distance=271.590 count=166575 stalls=99 skipped=2960711 resets=0 ungets=79768 forwarded=65136
             histogram [2,4) => 205, [4,8) => 16, [8,16) => 14, [16,32) => 10, [32,64) => 2, [64,128) => 2, [128,256) => 4, [256,512) => 166322
   Buffers: shared hit=57692 read=31218
 Settings: enable_bitmapscan = 'off', enable_seqscan = 'off', max_parallel_workers_per_gather = '0'
 Planning:
   Buffers: shared hit=78 read=22
 Planning Time: 1.765 ms
 Execution Time: 397.160 ms
(12 rows)

SET
SET
SET
SET
SET
                                             QUERY PLAN                                             
----------------------------------------------------------------------------------------------------
 Index Scan Backward using idx on public.t (actual rows=3048576.00 loops=1)
   Output: a, b
   Index Cond: ((t.a >= 28516) AND (t.a <= 123783))
   Index Searches: 1
   Buffers: shared hit=89663
 Settings: enable_bitmapscan = 'off', enable_seqscan = 'off', max_parallel_workers_per_gather = '0'
 Planning:
   Buffers: shared hit=105
 Planning Time: 0.194 ms
 Execution Time: 121.241 ms
(10 rows)

