SET
SET
SET
SET
SET
                                                                   QUERY PLAN                                                                   
------------------------------------------------------------------------------------------------------------------------------------------------
 Index Scan Backward using idx on public.t (actual rows=4048576.00 loops=1)
   Output: a, b
   Index Cond: ((t.a >= 13405) AND (t.a <= 139922))
   Index Searches: 1
   Prefetch: distance=271.569 count=219418 stalls=152 skipped=3932565 resets=0 ungets=104230 forwarded=84869
             histogram [2,4) => 287, [4,8) => 28, [8,16) => 12, [16,32) => 10, [32,64) => 4, [64,128) => 4, [128,256) => 1, [256,512) => 219072
   Buffers: shared hit=76126 read=41457
 Settings: enable_bitmapscan = 'off', enable_seqscan = 'off', max_parallel_workers_per_gather = '0'
 Planning:
   Buffers: shared hit=78 read=22
 Planning Time: 1.702 ms
 Execution Time: 521.922 ms
(12 rows)

SET
SET
SET
SET
SET
                                             QUERY PLAN                                             
----------------------------------------------------------------------------------------------------
 Index Scan Backward using idx on public.t (actual rows=4048576.00 loops=1)
   Output: a, b
   Index Cond: ((t.a >= 13405) AND (t.a <= 139922))
   Index Searches: 1
   Buffers: shared hit=118981
 Settings: enable_bitmapscan = 'off', enable_seqscan = 'off', max_parallel_workers_per_gather = '0'
 Planning:
   Buffers: shared hit=105
 Planning Time: 0.175 ms
 Execution Time: 161.832 ms
(10 rows)

