SET
SET
SET
SET
SET
                                                                  QUERY PLAN                                                                   
-----------------------------------------------------------------------------------------------------------------------------------------------
 Index Scan Backward using idx on public.t (actual rows=6048576.00 loops=1)
   Output: a, b
   Index Cond: ((t.a >= 19295) AND (t.a <= 208312))
   Index Searches: 1
   Prefetch: distance=271.770 count=329146 stalls=125 skipped=5876070 resets=0 ungets=157116 forwarded=128119
             histogram [2,4) => 222, [4,8) => 24, [8,16) => 13, [16,32) => 7, [32,64) => 4, [64,128) => 1, [128,256) => 4, [256,512) => 328871
   Buffers: shared hit=113879 read=61933
 Settings: enable_bitmapscan = 'off', enable_seqscan = 'off', max_parallel_workers_per_gather = '0'
 Planning:
   Buffers: shared hit=78 read=22
 Planning Time: 1.707 ms
 Execution Time: 777.740 ms
(12 rows)

SET
SET
SET
SET
SET
                                             QUERY PLAN                                             
----------------------------------------------------------------------------------------------------
 Index Scan Backward using idx on public.t (actual rows=6048576.00 loops=1)
   Output: a, b
   Index Cond: ((t.a >= 19295) AND (t.a <= 208312))
   Index Searches: 1
   Buffers: shared hit=177571
 Settings: enable_bitmapscan = 'off', enable_seqscan = 'off', max_parallel_workers_per_gather = '0'
 Planning:
   Buffers: shared hit=105
 Planning Time: 0.183 ms
 Execution Time: 244.078 ms
(10 rows)

