SET
SET
SET
SET
SET
                                                                  QUERY PLAN                                                                   
-----------------------------------------------------------------------------------------------------------------------------------------------
 Index Scan Backward using idx on public.t (actual rows=8048576.00 loops=1)
   Output: a, b
   Index Cond: ((t.a >= 26607) AND (t.a <= 278124))
   Index Searches: 1
   Prefetch: distance=271.746 count=434095 stalls=163 skipped=7819167 resets=0 ungets=205296 forwarded=166295
             histogram [2,4) => 314, [4,8) => 54, [8,16) => 13, [16,32) => 8, [32,64) => 1, [64,128) => 2, [128,256) => 2, [256,512) => 433701
   Buffers: shared hit=150569 read=82411
 Settings: enable_bitmapscan = 'off', enable_seqscan = 'off', max_parallel_workers_per_gather = '0'
 Planning:
   Buffers: shared hit=78 read=22
 Planning Time: 1.719 ms
 Execution Time: 1012.219 ms
(12 rows)

SET
SET
SET
SET
SET
                                             QUERY PLAN                                             
----------------------------------------------------------------------------------------------------
 Index Scan Backward using idx on public.t (actual rows=8048576.00 loops=1)
   Output: a, b
   Index Cond: ((t.a >= 26607) AND (t.a <= 278124))
   Index Searches: 1
   Buffers: shared hit=236166
 Settings: enable_bitmapscan = 'off', enable_seqscan = 'off', max_parallel_workers_per_gather = '0'
 Planning:
   Buffers: shared hit=105
 Planning Time: 0.170 ms
 Execution Time: 319.203 ms
(10 rows)

