SET
SET
SET
SET
SET
                                                                QUERY PLAN                                                                
------------------------------------------------------------------------------------------------------------------------------------------
 Index Scan Backward using idx on public.t (actual rows=8192.00 loops=1)
   Output: a, b
   Index Cond: ((t.a >= 8256) AND (t.a <= 8511))
   Index Searches: 1
   Prefetch: distance=203.564 count=291 stalls=22 skipped=7158 resets=0 ungets=106 forwarded=90
             histogram [2,4) => 42, [4,8) => 8, [8,16) => 7, [16,32) => 13, [32,64) => 5, [64,128) => 1, [128,256) => 2, [256,512) => 213
   Buffers: shared hit=152 read=88
 Settings: enable_bitmapscan = 'off', enable_seqscan = 'off', max_parallel_workers_per_gather = '0'
 Planning:
   Buffers: shared hit=78 read=22
 Planning Time: 1.263 ms
 Execution Time: 2.153 ms
(12 rows)

SET
SET
SET
SET
SET
                                             QUERY PLAN                                             
----------------------------------------------------------------------------------------------------
 Index Scan Backward using idx on public.t (actual rows=8192.00 loops=1)
   Output: a, b
   Index Cond: ((t.a >= 8256) AND (t.a <= 8511))
   Index Searches: 1
   Buffers: shared hit=241
 Settings: enable_bitmapscan = 'off', enable_seqscan = 'off', max_parallel_workers_per_gather = '0'
 Planning:
   Buffers: shared hit=105
 Planning Time: 0.173 ms
 Execution Time: 0.409 ms
(10 rows)

