SET
SET
SET
SET
SET
                                                                QUERY PLAN                                                                 
-------------------------------------------------------------------------------------------------------------------------------------------
 Index Scan Backward using idx on public.t (actual rows=16384.00 loops=1)
   Output: a, b
   Index Cond: ((t.a >= 17988) AND (t.a <= 18499))
   Index Searches: 1
   Prefetch: distance=45.414 count=345 stalls=119 skipped=15212 resets=0 ungets=27 forwarded=39
             histogram [2,4) => 238, [4,8) => 29, [8,16) => 13, [16,32) => 7, [32,64) => 4, [64,128) => 1, [128,256) => 1, [256,512) => 52
   Buffers: shared hit=305 read=171
 Settings: enable_bitmapscan = 'off', enable_seqscan = 'off', max_parallel_workers_per_gather = '0'
 Planning:
   Buffers: shared hit=78 read=22
 Planning Time: 1.536 ms
 Execution Time: 3.387 ms
(12 rows)

SET
SET
SET
SET
SET
                                             QUERY PLAN                                             
----------------------------------------------------------------------------------------------------
 Index Scan Backward using idx on public.t (actual rows=16384.00 loops=1)
   Output: a, b
   Index Cond: ((t.a >= 17988) AND (t.a <= 18499))
   Index Searches: 1
   Buffers: shared hit=477
 Settings: enable_bitmapscan = 'off', enable_seqscan = 'off', max_parallel_workers_per_gather = '0'
 Planning:
   Buffers: shared hit=105
 Planning Time: 0.162 ms
 Execution Time: 0.681 ms
(10 rows)

