SET
SET
SET
SET
SET
                                                                 QUERY PLAN                                                                  
---------------------------------------------------------------------------------------------------------------------------------------------
 Index Scan Backward using idx on public.t (actual rows=32768.00 loops=1)
   Output: a, b
   Index Cond: ((t.a >= 16498) AND (t.a <= 17521))
   Index Searches: 1
   Prefetch: distance=257.695 count=1664 stalls=19 skipped=31578 resets=0 ungets=748 forwarded=630
             histogram [2,4) => 50, [4,8) => 14, [8,16) => 12, [16,32) => 10, [32,64) => 1, [64,128) => 4, [128,256) => 1, [256,512) => 1572
   Buffers: shared hit=628 read=340
 Settings: enable_bitmapscan = 'off', enable_seqscan = 'off', max_parallel_workers_per_gather = '0'
 Planning:
   Buffers: shared hit=78 read=22
 Planning Time: 1.466 ms
 Execution Time: 5.574 ms
(12 rows)

SET
SET
SET
SET
SET
                                             QUERY PLAN                                             
----------------------------------------------------------------------------------------------------
 Index Scan Backward using idx on public.t (actual rows=32768.00 loops=1)
   Output: a, b
   Index Cond: ((t.a >= 16498) AND (t.a <= 17521))
   Index Searches: 1
   Buffers: shared hit=978
 Settings: enable_bitmapscan = 'off', enable_seqscan = 'off', max_parallel_workers_per_gather = '0'
 Planning:
   Buffers: shared hit=105
 Planning Time: 0.191 ms
 Execution Time: 1.430 ms
(10 rows)

