SET
SET
SET
SET
SET
                                                                QUERY PLAN                                                                 
-------------------------------------------------------------------------------------------------------------------------------------------
 Index Scan Backward using idx on public.t (actual rows=65536.00 loops=1)
   Output: a, b
   Index Cond: ((t.a >= 14214) AND (t.a <= 16261))
   Index Searches: 1
   Prefetch: distance=268.502 count=3528 stalls=1 skipped=63095 resets=0 ungets=1663 forwarded=1382
             histogram [2,4) => 4, [4,8) => 19, [8,16) => 9, [16,32) => 12, [32,64) => 1, [64,128) => 1, [128,256) => 4, [256,512) => 3478
   Buffers: shared hit=1250 read=676
 Settings: enable_bitmapscan = 'off', enable_seqscan = 'off', max_parallel_workers_per_gather = '0'
 Planning:
   Buffers: shared hit=78 read=22
 Planning Time: 1.728 ms
 Execution Time: 10.081 ms
(12 rows)

SET
SET
SET
SET
SET
                                             QUERY PLAN                                             
----------------------------------------------------------------------------------------------------
 Index Scan Backward using idx on public.t (actual rows=65536.00 loops=1)
   Output: a, b
   Index Cond: ((t.a >= 14214) AND (t.a <= 16261))
   Index Searches: 1
   Buffers: shared hit=1945
 Settings: enable_bitmapscan = 'off', enable_seqscan = 'off', max_parallel_workers_per_gather = '0'
 Planning:
   Buffers: shared hit=105
 Planning Time: 0.182 ms
 Execution Time: 2.805 ms
(10 rows)

