SET
SET
SET
SET
SET
                                                                 QUERY PLAN                                                                  
---------------------------------------------------------------------------------------------------------------------------------------------
 Index Scan Backward using idx on public.t (actual rows=131072.00 loops=1)
   Output: a, b
   Index Cond: ((t.a >= 26628) AND (t.a <= 30723))
   Index Searches: 1
   Prefetch: distance=256.616 count=6384 stalls=159 skipped=126514 resets=0 ungets=2880 forwarded=2362
             histogram [2,4) => 304, [4,8) => 38, [8,16) => 13, [16,32) => 8, [32,64) => 1, [64,128) => 2, [128,256) => 2, [256,512) => 6016
   Buffers: shared hit=2429 read=1346
 Settings: enable_bitmapscan = 'off', enable_seqscan = 'off', max_parallel_workers_per_gather = '0'
 Planning:
   Buffers: shared hit=78 read=22
 Planning Time: 1.720 ms
 Execution Time: 19.797 ms
(12 rows)

SET
SET
SET
SET
SET
                                             QUERY PLAN                                             
----------------------------------------------------------------------------------------------------
 Index Scan Backward using idx on public.t (actual rows=131072.00 loops=1)
   Output: a, b
   Index Cond: ((t.a >= 26628) AND (t.a <= 30723))
   Index Searches: 1
   Buffers: shared hit=3807
 Settings: enable_bitmapscan = 'off', enable_seqscan = 'off', max_parallel_workers_per_gather = '0'
 Planning:
   Buffers: shared hit=105
 Planning Time: 0.185 ms
 Execution Time: 5.528 ms
(10 rows)

