SET
SET
SET
SET
SET
                                                                  QUERY PLAN                                                                  
----------------------------------------------------------------------------------------------------------------------------------------------
 Index Scan Backward using idx on public.t (actual rows=262144.00 loops=1)
   Output: a, b
   Index Cond: ((t.a >= 1827) AND (t.a <= 10018))
   Index Searches: 1
   Prefetch: distance=256.482 count=12945 stalls=354 skipped=254212 resets=0 ungets=5844 forwarded=4734
             histogram [2,4) => 672, [4,8) => 49, [8,16) => 13, [16,32) => 8, [32,64) => 1, [64,128) => 4, [128,256) => 1, [256,512) => 12197
   Buffers: shared hit=4964 read=2686
 Settings: enable_bitmapscan = 'off', enable_seqscan = 'off', max_parallel_workers_per_gather = '0'
 Planning:
   Buffers: shared hit=78 read=26
 Planning Time: 2.008 ms
 Execution Time: 35.344 ms
(12 rows)

SET
SET
SET
SET
SET
                                             QUERY PLAN                                             
----------------------------------------------------------------------------------------------------
 Index Scan Backward using idx on public.t (actual rows=262144.00 loops=1)
   Output: a, b
   Index Cond: ((t.a >= 1827) AND (t.a <= 10018))
   Index Searches: 1
   Buffers: shared hit=7704
 Settings: enable_bitmapscan = 'off', enable_seqscan = 'off', max_parallel_workers_per_gather = '0'
 Planning:
   Buffers: shared hit=109
 Planning Time: 0.222 ms
 Execution Time: 11.203 ms
(10 rows)

