SET
SET
SET
SET
SET
                                                                  QUERY PLAN                                                                  
----------------------------------------------------------------------------------------------------------------------------------------------
 Index Scan Backward using idx on public.t (actual rows=524288.00 loops=1)
   Output: a, b
   Index Cond: ((t.a >= 14708) AND (t.a <= 31091))
   Index Searches: 1
   Prefetch: distance=271.347 count=28492 stalls=16 skipped=508981 resets=0 ungets=13616 forwarded=11135
             histogram [2,4) => 30, [4,8) => 13, [8,16) => 12, [16,32) => 11, [32,64) => 1, [64,128) => 4, [128,256) => 1, [256,512) => 28420
   Buffers: shared hit=9856 read=5372
 Settings: enable_bitmapscan = 'off', enable_seqscan = 'off', max_parallel_workers_per_gather = '0'
 Planning:
   Buffers: shared hit=78 read=22
 Planning Time: 1.722 ms
 Execution Time: 71.595 ms
(12 rows)

SET
SET
SET
SET
SET
                                             QUERY PLAN                                             
----------------------------------------------------------------------------------------------------
 Index Scan Backward using idx on public.t (actual rows=524288.00 loops=1)
   Output: a, b
   Index Cond: ((t.a >= 14708) AND (t.a <= 31091))
   Index Searches: 1
   Buffers: shared hit=15379
 Settings: enable_bitmapscan = 'off', enable_seqscan = 'off', max_parallel_workers_per_gather = '0'
 Planning:
   Buffers: shared hit=105
 Planning Time: 0.198 ms
 Execution Time: 21.795 ms
(10 rows)

