SET
SET
SET
SET
SET
                                                                 QUERY PLAN                                                                  
---------------------------------------------------------------------------------------------------------------------------------------------
 Index Scan Backward using idx on public.t (actual rows=1048576.00 loops=1)
   Output: a, b
   Index Cond: ((t.a >= 26086) AND (t.a <= 58853))
   Index Searches: 1
   Prefetch: distance=271.652 count=56731 stalls=6 skipped=1018388 resets=0 ungets=26868 forwarded=21797
             histogram [2,4) => 14, [4,8) => 32, [8,16) => 14, [16,32) => 8, [32,64) => 4, [64,128) => 1, [128,256) => 1, [256,512) => 56657
   Buffers: shared hit=19670 read=10740
 Settings: enable_bitmapscan = 'off', enable_seqscan = 'off', max_parallel_workers_per_gather = '0'
 Planning:
   Buffers: shared hit=78 read=22
 Planning Time: 1.856 ms
 Execution Time: 140.995 ms
(12 rows)

SET
SET
SET
SET
SET
                                             QUERY PLAN                                             
----------------------------------------------------------------------------------------------------
 Index Scan Backward using idx on public.t (actual rows=1048576.00 loops=1)
   Output: a, b
   Index Cond: ((t.a >= 26086) AND (t.a <= 58853))
   Index Searches: 1
   Buffers: shared hit=30820
 Settings: enable_bitmapscan = 'off', enable_seqscan = 'off', max_parallel_workers_per_gather = '0'
 Planning:
   Buffers: shared hit=105
 Planning Time: 0.178 ms
 Execution Time: 43.063 ms
(10 rows)

