SET
SET
SET
SET
SET
                                                                  QUERY PLAN                                                                   
-----------------------------------------------------------------------------------------------------------------------------------------------
 Index Scan Backward using idx on public.t (actual rows=2048576.00 loops=1)
   Output: a, b
   Index Cond: ((t.a >= 32217) AND (t.a <= 96234))
   Index Searches: 1
   Prefetch: distance=271.129 count=110996 stalls=157 skipped=1989945 resets=0 ungets=52681 forwarded=42787
             histogram [2,4) => 299, [4,8) => 31, [8,16) => 13, [16,32) => 9, [32,64) => 1, [64,128) => 4, [128,256) => 1, [256,512) => 110638
   Buffers: shared hit=38644 read=20979
 Settings: enable_bitmapscan = 'off', enable_seqscan = 'off', max_parallel_workers_per_gather = '0'
 Planning:
   Buffers: shared hit=78 read=22
 Planning Time: 1.805 ms
 Execution Time: 265.427 ms
(12 rows)

SET
SET
SET
SET
SET
                                             QUERY PLAN                                             
----------------------------------------------------------------------------------------------------
 Index Scan Backward using idx on public.t (actual rows=2048576.00 loops=1)
   Output: a, b
   Index Cond: ((t.a >= 32217) AND (t.a <= 96234))
   Index Searches: 1
   Buffers: shared hit=60311
 Settings: enable_bitmapscan = 'off', enable_seqscan = 'off', max_parallel_workers_per_gather = '0'
 Planning:
   Buffers: shared hit=105
 Planning Time: 0.170 ms
 Execution Time: 84.381 ms
(10 rows)

