SET
SET
SET
SET
SET
                                                                  QUERY PLAN                                                                   
-----------------------------------------------------------------------------------------------------------------------------------------------
 Index Scan Backward using idx on public.t (actual rows=3048576.00 loops=1)
   Output: a, b
   Index Cond: ((t.a >= 22747) AND (t.a <= 118014))
   Index Searches: 1
   Prefetch: distance=271.483 count=164552 stalls=125 skipped=2960952 resets=0 ungets=77820 forwarded=62984
             histogram [2,4) => 254, [4,8) => 30, [8,16) => 14, [16,32) => 7, [32,64) => 4, [64,128) => 1, [128,256) => 4, [256,512) => 164238
   Buffers: shared hit=57158 read=31217
 Settings: enable_bitmapscan = 'off', enable_seqscan = 'off', max_parallel_workers_per_gather = '0'
 Planning:
   Buffers: shared hit=78 read=22
 Planning Time: 1.722 ms
 Execution Time: 389.554 ms
(12 rows)

SET
SET
SET
SET
SET
                                             QUERY PLAN                                             
----------------------------------------------------------------------------------------------------
 Index Scan Backward using idx on public.t (actual rows=3048576.00 loops=1)
   Output: a, b
   Index Cond: ((t.a >= 22747) AND (t.a <= 118014))
   Index Searches: 1
   Buffers: shared hit=89602
 Settings: enable_bitmapscan = 'off', enable_seqscan = 'off', max_parallel_workers_per_gather = '0'
 Planning:
   Buffers: shared hit=105
 Planning Time: 0.169 ms
 Execution Time: 121.024 ms
(10 rows)

