SET
SET
SET
SET
SET
                                                                  QUERY PLAN                                                                   
-----------------------------------------------------------------------------------------------------------------------------------------------
 Index Scan Backward using idx on public.t (actual rows=4048576.00 loops=1)
   Output: a, b
   Index Cond: ((t.a >= 31558) AND (t.a <= 158075))
   Index Searches: 1
   Prefetch: distance=271.064 count=219683 stalls=338 skipped=3932245 resets=0 ungets=104745 forwarded=85420
             histogram [2,4) => 645, [4,8) => 86, [8,16) => 13, [16,32) => 9, [32,64) => 1, [64,128) => 4, [128,256) => 1, [256,512) => 218924
   Buffers: shared hit=76350 read=41455
 Settings: enable_bitmapscan = 'off', enable_seqscan = 'off', max_parallel_workers_per_gather = '0'
 Planning:
   Buffers: shared hit=78 read=22
 Planning Time: 1.722 ms
 Execution Time: 526.494 ms
(12 rows)

SET
SET
SET
SET
SET
                                             QUERY PLAN                                             
----------------------------------------------------------------------------------------------------
 Index Scan Backward using idx on public.t (actual rows=4048576.00 loops=1)
   Output: a, b
   Index Cond: ((t.a >= 31558) AND (t.a <= 158075))
   Index Searches: 1
   Buffers: shared hit=118928
 Settings: enable_bitmapscan = 'off', enable_seqscan = 'off', max_parallel_workers_per_gather = '0'
 Planning:
   Buffers: shared hit=105
 Planning Time: 0.199 ms
 Execution Time: 153.249 ms
(10 rows)

