SET
SET
SET
SET
SET
                                                                   QUERY PLAN                                                                   
------------------------------------------------------------------------------------------------------------------------------------------------
 Index Scan Backward using idx on public.t (actual rows=5048576.00 loops=1)
   Output: a, b
   Index Cond: ((t.a >= 16065) AND (t.a <= 173832))
   Index Searches: 1
   Prefetch: distance=271.832 count=273711 stalls=56 skipped=4904137 resets=0 ungets=129999 forwarded=105616
             histogram [2,4) => 108, [4,8) => 28, [8,16) => 11, [16,32) => 11, [32,64) => 3, [64,128) => 1, [128,256) => 2, [256,512) => 273547
   Buffers: shared hit=94747 read=51695
 Settings: enable_bitmapscan = 'off', enable_seqscan = 'off', max_parallel_workers_per_gather = '0'
 Planning:
   Buffers: shared hit=78 read=22
 Planning Time: 1.716 ms
 Execution Time: 645.507 ms
(12 rows)

SET
SET
SET
SET
SET
                                             QUERY PLAN                                             
----------------------------------------------------------------------------------------------------
 Index Scan Backward using idx on public.t (actual rows=5048576.00 loops=1)
   Output: a, b
   Index Cond: ((t.a >= 16065) AND (t.a <= 173832))
   Index Searches: 1
   Buffers: shared hit=148302
 Settings: enable_bitmapscan = 'off', enable_seqscan = 'off', max_parallel_workers_per_gather = '0'
 Planning:
   Buffers: shared hit=105
 Planning Time: 0.213 ms
 Execution Time: 203.763 ms
(10 rows)

