SET
SET
SET
SET
SET
                                                                  QUERY PLAN                                                                  
----------------------------------------------------------------------------------------------------------------------------------------------
 Index Scan Backward using idx on public.t (actual rows=6048576.00 loops=1)
   Output: a, b
   Index Cond: ((t.a >= 30850) AND (t.a <= 219867))
   Index Searches: 1
   Prefetch: distance=271.914 count=327318 stalls=26 skipped=5876180 resets=0 ungets=155171 forwarded=125900
             histogram [2,4) => 44, [4,8) => 24, [8,16) => 13, [16,32) => 7, [32,64) => 4, [64,128) => 1, [128,256) => 4, [256,512) => 327221
   Buffers: shared hit=113325 read=61934
 Settings: enable_bitmapscan = 'off', enable_seqscan = 'off', max_parallel_workers_per_gather = '0'
 Planning:
   Buffers: shared hit=78 read=22
 Planning Time: 1.721 ms
 Execution Time: 764.636 ms
(12 rows)

SET
SET
SET
SET
SET
                                             QUERY PLAN                                             
----------------------------------------------------------------------------------------------------
 Index Scan Backward using idx on public.t (actual rows=6048576.00 loops=1)
   Output: a, b
   Index Cond: ((t.a >= 30850) AND (t.a <= 219867))
   Index Searches: 1
   Buffers: shared hit=177585
 Settings: enable_bitmapscan = 'off', enable_seqscan = 'off', max_parallel_workers_per_gather = '0'
 Planning:
   Buffers: shared hit=105
 Planning Time: 0.202 ms
 Execution Time: 245.367 ms
(10 rows)

