SET
SET
SET
SET
SET
                                                                  QUERY PLAN                                                                   
-----------------------------------------------------------------------------------------------------------------------------------------------
 Index Scan Backward using idx on public.t (actual rows=7048576.00 loops=1)
   Output: a, b
   Index Cond: ((t.a >= 16266) AND (t.a <= 236533))
   Index Searches: 1
   Prefetch: distance=271.879 count=380645 stalls=59 skipped=6847045 resets=0 ungets=180132 forwarded=145821
             histogram [2,4) => 112, [4,8) => 19, [8,16) => 13, [16,32) => 7, [32,64) => 4, [64,128) => 1, [128,256) => 1, [256,512) => 380488
   Buffers: shared hit=131945 read=72171
 Settings: enable_bitmapscan = 'off', enable_seqscan = 'off', max_parallel_workers_per_gather = '0'
 Planning:
   Buffers: shared hit=78 read=22
 Planning Time: 1.829 ms
 Execution Time: 888.116 ms
(12 rows)

SET
SET
SET
SET
SET
                                             QUERY PLAN                                             
----------------------------------------------------------------------------------------------------
 Index Scan Backward using idx on public.t (actual rows=7048576.00 loops=1)
   Output: a, b
   Index Cond: ((t.a >= 16266) AND (t.a <= 236533))
   Index Searches: 1
   Buffers: shared hit=206896
 Settings: enable_bitmapscan = 'off', enable_seqscan = 'off', max_parallel_workers_per_gather = '0'
 Planning:
   Buffers: shared hit=105
 Planning Time: 0.199 ms
 Execution Time: 282.560 ms
(10 rows)

