SET
SET
SET
SET
SET
                                                                 QUERY PLAN                                                                  
---------------------------------------------------------------------------------------------------------------------------------------------
 Index Scan Backward using idx on public.t (actual rows=8048576.00 loops=1)
   Output: a, b
   Index Cond: ((t.a >= 3639) AND (t.a <= 255156))
   Index Searches: 1
   Prefetch: distance=271.935 count=434847 stalls=24 skipped=7818900 resets=0 ungets=205898 forwarded=166854
             histogram [2,4) => 54, [4,8) => 8, [8,16) => 13, [16,32) => 7, [32,64) => 5, [64,128) => 1, [128,256) => 4, [256,512) => 434755
   Buffers: shared hit=150546 read=82410
 Settings: enable_bitmapscan = 'off', enable_seqscan = 'off', max_parallel_workers_per_gather = '0'
 Planning:
   Buffers: shared hit=78 read=22
 Planning Time: 1.716 ms
 Execution Time: 1014.855 ms
(12 rows)

SET
SET
SET
SET
SET
                                             QUERY PLAN                                             
----------------------------------------------------------------------------------------------------
 Index Scan Backward using idx on public.t (actual rows=8048576.00 loops=1)
   Output: a, b
   Index Cond: ((t.a >= 3639) AND (t.a <= 255156))
   Index Searches: 1
   Buffers: shared hit=236183
 Settings: enable_bitmapscan = 'off', enable_seqscan = 'off', max_parallel_workers_per_gather = '0'
 Planning:
   Buffers: shared hit=105
 Planning Time: 0.198 ms
 Execution Time: 317.514 ms
(10 rows)

