SET
SET
SET
SET
SET
                                                                 QUERY PLAN                                                                  
---------------------------------------------------------------------------------------------------------------------------------------------
 Index Scan using idx on public.t (actual rows=65536.00 loops=1)
   Output: a, b
   Index Cond: ((t.a >= 30128) AND (t.a <= 32175))
   Index Searches: 1
   Prefetch: distance=254.101 count=3284 stalls=66 skipped=62903 resets=0 ungets=1516 forwarded=614
             histogram [2,4) => 165, [4,8) => 32, [8,16) => 11, [16,32) => 8, [32,64) => 1, [64,128) => 2, [128,256) => 3, [256,512) => 3062
   Buffers: shared hit=1224 read=675
 Settings: enable_bitmapscan = 'off', enable_seqscan = 'off', max_parallel_workers_per_gather = '0'
 Planning:
   Buffers: shared hit=82 read=22
 Planning Time: 1.256 ms
 Execution Time: 23.316 ms
(12 rows)

SET
SET
SET
SET
SET
                                             QUERY PLAN                                             
----------------------------------------------------------------------------------------------------
 Index Scan using idx on public.t (actual rows=65536.00 loops=1)
   Output: a, b
   Index Cond: ((t.a >= 30128) AND (t.a <= 32175))
   Index Searches: 1
   Buffers: shared hit=1920
 Settings: enable_bitmapscan = 'off', enable_seqscan = 'off', max_parallel_workers_per_gather = '0'
 Planning:
   Buffers: shared hit=109
 Planning Time: 0.194 ms
 Execution Time: 2.997 ms
(10 rows)

