SET
SET
SET
SET
SET
                                                                 QUERY PLAN                                                                  
---------------------------------------------------------------------------------------------------------------------------------------------
 Index Scan using idx on public.t (actual rows=1048576.00 loops=1)
   Output: a, b
   Index Cond: ((t.a >= 14865) AND (t.a <= 47632))
   Index Searches: 1
   Prefetch: distance=271.493 count=59044 stalls=36 skipped=1018257 resets=0 ungets=29176 forwarded=11133
             histogram [2,4) => 72, [4,8) => 16, [8,16) => 12, [16,32) => 6, [32,64) => 3, [64,128) => 1, [128,256) => 2, [256,512) => 58932
   Buffers: shared hit=19793 read=10740
 Settings: enable_bitmapscan = 'off', enable_seqscan = 'off', max_parallel_workers_per_gather = '0'
 Planning:
   Buffers: shared hit=82 read=22
 Planning Time: 1.707 ms
 Execution Time: 281.863 ms
(12 rows)

SET
SET
SET
SET
SET
                                             QUERY PLAN                                             
----------------------------------------------------------------------------------------------------
 Index Scan using idx on public.t (actual rows=1048576.00 loops=1)
   Output: a, b
   Index Cond: ((t.a >= 14865) AND (t.a <= 47632))
   Index Searches: 1
   Buffers: shared hit=30856
 Settings: enable_bitmapscan = 'off', enable_seqscan = 'off', max_parallel_workers_per_gather = '0'
 Planning:
   Buffers: shared hit=109
 Planning Time: 0.173 ms
 Execution Time: 44.840 ms
(10 rows)

