SET
SET
SET
SET
SET
                                                                  QUERY PLAN                                                                   
-----------------------------------------------------------------------------------------------------------------------------------------------
 Index Scan using idx on public.t (actual rows=2048576.00 loops=1)
   Output: a, b
   Index Cond: ((t.a >= 30274) AND (t.a <= 94291))
   Index Searches: 1
   Prefetch: distance=269.974 count=114129 stalls=414 skipped=1989606 resets=0 ungets=56084 forwarded=21389
             histogram [2,4) => 795, [4,8) => 36, [8,16) => 7, [16,32) => 10, [32,64) => 2, [64,128) => 3, [128,256) => 1, [256,512) => 113275
   Buffers: shared hit=38711 read=20979
 Settings: enable_bitmapscan = 'off', enable_seqscan = 'off', max_parallel_workers_per_gather = '0'
 Planning:
   Buffers: shared hit=82 read=22
 Planning Time: 1.736 ms
 Execution Time: 564.475 ms
(12 rows)

SET
SET
SET
SET
SET
                                             QUERY PLAN                                             
----------------------------------------------------------------------------------------------------
 Index Scan using idx on public.t (actual rows=2048576.00 loops=1)
   Output: a, b
   Index Cond: ((t.a >= 30274) AND (t.a <= 94291))
   Index Searches: 1
   Buffers: shared hit=60308
 Settings: enable_bitmapscan = 'off', enable_seqscan = 'off', max_parallel_workers_per_gather = '0'
 Planning:
   Buffers: shared hit=109
 Planning Time: 0.168 ms
 Execution Time: 87.706 ms
(10 rows)

