SET
SET
SET
SET
SET
                                                                 QUERY PLAN                                                                  
---------------------------------------------------------------------------------------------------------------------------------------------
 Index Scan using idx on public.t (actual rows=8048576.00 loops=1)
   Output: a, b
   Index Cond: ((t.a >= 2214) AND (t.a <= 253731))
   Index Searches: 1
   Prefetch: distance=271.965 count=453304 stalls=3 skipped=7818594 resets=0 ungets=224359 forwarded=85382
             histogram [2,4) => 6, [4,8) => 13, [8,16) => 11, [16,32) => 6, [32,64) => 2, [64,128) => 3, [128,256) => 1, [256,512) => 453262
   Buffers: shared hit=151274 read=82410
 Settings: enable_bitmapscan = 'off', enable_seqscan = 'off', max_parallel_workers_per_gather = '0'
 Planning:
   Buffers: shared hit=82 read=26
 Planning Time: 2.193 ms
 Execution Time: 2136.253 ms
(12 rows)

SET
SET
SET
SET
SET
                                             QUERY PLAN                                             
----------------------------------------------------------------------------------------------------
 Index Scan using idx on public.t (actual rows=8048576.00 loops=1)
   Output: a, b
   Index Cond: ((t.a >= 2214) AND (t.a <= 253731))
   Index Searches: 1
   Buffers: shared hit=236168
 Settings: enable_bitmapscan = 'off', enable_seqscan = 'off', max_parallel_workers_per_gather = '0'
 Planning:
   Buffers: shared hit=113
 Planning Time: 0.220 ms
 Execution Time: 366.061 ms
(10 rows)

