SET
SET
SET
SET
SET
                                                                  QUERY PLAN                                                                   
-----------------------------------------------------------------------------------------------------------------------------------------------
 Index Scan using idx on public.t (actual rows=9048576.00 loops=1)
   Output: a, b
   Index Cond: ((t.a >= 12224) AND (t.a <= 294991))
   Index Searches: 1
   Prefetch: distance=271.682 count=508712 stalls=230 skipped=8790386 resets=0 ungets=251583 forwarded=95727
             histogram [2,4) => 509, [4,8) => 50, [8,16) => 10, [16,32) => 5, [32,64) => 3, [64,128) => 1, [128,256) => 3, [256,512) => 508131
   Buffers: shared hit=170113 read=92650
 Settings: enable_bitmapscan = 'off', enable_seqscan = 'off', max_parallel_workers_per_gather = '0'
 Planning:
   Buffers: shared hit=82 read=22
 Planning Time: 1.719 ms
 Execution Time: 2415.120 ms
(12 rows)

SET
SET
SET
SET
SET
                                             QUERY PLAN                                             
----------------------------------------------------------------------------------------------------
 Index Scan using idx on public.t (actual rows=9048576.00 loops=1)
   Output: a, b
   Index Cond: ((t.a >= 12224) AND (t.a <= 294991))
   Index Searches: 1
   Buffers: shared hit=265470
 Settings: enable_bitmapscan = 'off', enable_seqscan = 'off', max_parallel_workers_per_gather = '0'
 Planning:
   Buffers: shared hit=109
 Planning Time: 0.266 ms
 Execution Time: 363.032 ms
(10 rows)

