SET
SET
SET
SET
SET
                                                                 QUERY PLAN                                                                 
--------------------------------------------------------------------------------------------------------------------------------------------
 Index Scan using idx on public.t (actual rows=65536.00 loops=1)
   Output: a, b
   Index Cond: ((t.a >= 5695) AND (t.a <= 7742))
   Index Searches: 1
   Prefetch: distance=167.312 count=2138 stalls=378 skipped=62963 resets=0 ungets=646 forwarded=300
             histogram [2,4) => 756, [4,8) => 54, [8,16) => 9, [16,32) => 8, [32,64) => 3, [64,128) => 1, [128,256) => 2, [256,512) => 1305
   Buffers: shared hit=1267 read=675
 Settings: enable_bitmapscan = 'off', enable_seqscan = 'off', max_parallel_workers_per_gather = '0'
 Planning:
   Buffers: shared hit=82 read=22
 Planning Time: 1.711 ms
 Execution Time: 35.305 ms
(12 rows)

SET
SET
SET
SET
SET
                                             QUERY PLAN                                             
----------------------------------------------------------------------------------------------------
 Index Scan using idx on public.t (actual rows=65536.00 loops=1)
   Output: a, b
   Index Cond: ((t.a >= 5695) AND (t.a <= 7742))
   Index Searches: 1
   Buffers: shared hit=1954
 Settings: enable_bitmapscan = 'off', enable_seqscan = 'off', max_parallel_workers_per_gather = '0'
 Planning:
   Buffers: shared hit=109
 Planning Time: 0.181 ms
 Execution Time: 2.908 ms
(10 rows)

