SET
SET
SET
SET
SET
                                                                QUERY PLAN                                                                 
-------------------------------------------------------------------------------------------------------------------------------------------
 Index Scan using idx on public.t (actual rows=131072.00 loops=1)
   Output: a, b
   Index Cond: ((t.a >= 18089) AND (t.a <= 22184))
   Index Searches: 1
   Prefetch: distance=267.644 count=7256 stalls=41 skipped=127024 resets=0 ungets=3536 forwarded=1356
             histogram [2,4) => 84, [4,8) => 13, [8,16) => 5, [16,32) => 9, [32,64) => 4, [64,128) => 3, [128,256) => 1, [256,512) => 7137
   Buffers: shared hit=2508 read=1347
 Settings: enable_bitmapscan = 'off', enable_seqscan = 'off', max_parallel_workers_per_gather = '0'
 Planning:
   Buffers: shared hit=82 read=22
 Planning Time: 1.719 ms
 Execution Time: 38.124 ms
(12 rows)

SET
SET
SET
SET
SET
                                             QUERY PLAN                                             
----------------------------------------------------------------------------------------------------
 Index Scan using idx on public.t (actual rows=131072.00 loops=1)
   Output: a, b
   Index Cond: ((t.a >= 18089) AND (t.a <= 22184))
   Index Searches: 1
   Buffers: shared hit=3892
 Settings: enable_bitmapscan = 'off', enable_seqscan = 'off', max_parallel_workers_per_gather = '0'
 Planning:
   Buffers: shared hit=109
 Planning Time: 0.184 ms
 Execution Time: 5.768 ms
(10 rows)

