SET
SET
SET
SET
SET
                                                                 QUERY PLAN                                                                  
---------------------------------------------------------------------------------------------------------------------------------------------
 Index Scan using idx on public.t (actual rows=1048576.00 loops=1)
   Output: a, b
   Index Cond: ((t.a >= 22805) AND (t.a <= 55572))
   Index Searches: 1
   Prefetch: distance=271.387 count=58907 stalls=51 skipped=1018494 resets=0 ungets=29099 forwarded=11123
             histogram [2,4) => 93, [4,8) => 17, [8,16) => 9, [16,32) => 10, [32,64) => 1, [64,128) => 2, [128,256) => 3, [256,512) => 58772
   Buffers: shared hit=19741 read=10741
 Settings: enable_bitmapscan = 'off', enable_seqscan = 'off', max_parallel_workers_per_gather = '0'
 Planning:
   Buffers: shared hit=82 read=22
 Planning Time: 1.765 ms
 Execution Time: 281.178 ms
(12 rows)

SET
SET
SET
SET
SET
                                             QUERY PLAN                                             
----------------------------------------------------------------------------------------------------
 Index Scan using idx on public.t (actual rows=1048576.00 loops=1)
   Output: a, b
   Index Cond: ((t.a >= 22805) AND (t.a <= 55572))
   Index Searches: 1
   Buffers: shared hit=30807
 Settings: enable_bitmapscan = 'off', enable_seqscan = 'off', max_parallel_workers_per_gather = '0'
 Planning:
   Buffers: shared hit=109
 Planning Time: 0.177 ms
 Execution Time: 45.151 ms
(10 rows)

