SET
SET
SET
SET
SET
                                                                  QUERY PLAN                                                                  
----------------------------------------------------------------------------------------------------------------------------------------------
 Index Scan using idx on public.t (actual rows=2048576.00 loops=1)
   Output: a, b
   Index Cond: ((t.a >= 22907) AND (t.a <= 86924))
   Index Searches: 1
   Prefetch: distance=271.870 count=115539 stalls=4 skipped=1989085 resets=0 ungets=57161 forwarded=21791
             histogram [2,4) => 14, [4,8) => 18, [8,16) => 10, [16,32) => 5, [32,64) => 2, [64,128) => 4, [128,256) => 1, [256,512) => 115485
   Buffers: shared hit=38641 read=20978
 Settings: enable_bitmapscan = 'off', enable_seqscan = 'off', max_parallel_workers_per_gather = '0'
 Planning:
   Buffers: shared hit=82 read=22
 Planning Time: 1.717 ms
 Execution Time: 546.163 ms
(12 rows)

SET
SET
SET
SET
SET
                                             QUERY PLAN                                             
----------------------------------------------------------------------------------------------------
 Index Scan using idx on public.t (actual rows=2048576.00 loops=1)
   Output: a, b
   Index Cond: ((t.a >= 22907) AND (t.a <= 86924))
   Index Searches: 1
   Buffers: shared hit=60250
 Settings: enable_bitmapscan = 'off', enable_seqscan = 'off', max_parallel_workers_per_gather = '0'
 Planning:
   Buffers: shared hit=109
 Planning Time: 0.209 ms
 Execution Time: 87.655 ms
(10 rows)

