SET
SET
SET
SET
SET
                                                                  QUERY PLAN                                                                   
-----------------------------------------------------------------------------------------------------------------------------------------------
 Index Scan using idx on public.t (actual rows=6048576.00 loops=1)
   Output: a, b
   Index Cond: ((t.a >= 10306) AND (t.a <= 199323))
   Index Searches: 1
   Prefetch: distance=271.870 count=340697 stalls=54 skipped=5875990 resets=0 ungets=168580 forwarded=64134
             histogram [2,4) => 112, [4,8) => 16, [8,16) => 7, [16,32) => 10, [32,64) => 3, [64,128) => 1, [128,256) => 3, [256,512) => 340545
   Buffers: shared hit=113822 read=61934
 Settings: enable_bitmapscan = 'off', enable_seqscan = 'off', max_parallel_workers_per_gather = '0'
 Planning:
   Buffers: shared hit=82 read=22
 Planning Time: 1.725 ms
 Execution Time: 1611.262 ms
(12 rows)

SET
SET
SET
SET
SET
                                             QUERY PLAN                                             
----------------------------------------------------------------------------------------------------
 Index Scan using idx on public.t (actual rows=6048576.00 loops=1)
   Output: a, b
   Index Cond: ((t.a >= 10306) AND (t.a <= 199323))
   Index Searches: 1
   Buffers: shared hit=177588
 Settings: enable_bitmapscan = 'off', enable_seqscan = 'off', max_parallel_workers_per_gather = '0'
 Planning:
   Buffers: shared hit=109
 Planning Time: 0.217 ms
 Execution Time: 261.013 ms
(10 rows)

