SET
SET
SET
SET
SET
                                                                  QUERY PLAN                                                                  
----------------------------------------------------------------------------------------------------------------------------------------------
 Index Scan using idx on public.t (actual rows=8048576.00 loops=1)
   Output: a, b
   Index Cond: ((t.a >= 21764) AND (t.a <= 273281))
   Index Searches: 1
   Prefetch: distance=271.919 count=453150 stalls=29 skipped=7819139 resets=0 ungets=224253 forwarded=85368
             histogram [2,4) => 76, [4,8) => 18, [8,16) => 7, [16,32) => 12, [32,64) => 1, [64,128) => 3, [128,256) => 1, [256,512) => 453032
   Buffers: shared hit=151298 read=82410
 Settings: enable_bitmapscan = 'off', enable_seqscan = 'off', max_parallel_workers_per_gather = '0'
 Planning:
   Buffers: shared hit=82 read=22
 Planning Time: 1.704 ms
 Execution Time: 2138.028 ms
(12 rows)

SET
SET
SET
SET
SET
                                             QUERY PLAN                                             
----------------------------------------------------------------------------------------------------
 Index Scan using idx on public.t (actual rows=8048576.00 loops=1)
   Output: a, b
   Index Cond: ((t.a >= 21764) AND (t.a <= 273281))
   Index Searches: 1
   Buffers: shared hit=236130
 Settings: enable_bitmapscan = 'off', enable_seqscan = 'off', max_parallel_workers_per_gather = '0'
 Planning:
   Buffers: shared hit=109
 Planning Time: 0.200 ms
 Execution Time: 349.706 ms
(10 rows)

