SET
SET
SET
SET
SET
                                             QUERY PLAN                                             
----------------------------------------------------------------------------------------------------
 Index Scan using idx on public.t (actual rows=32768.00 loops=1)
   Output: a, b
   Index Cond: ((t.a >= 13190) AND (t.a <= 14213))
   Index Searches: 1
   Prefetch: distance=2.315 count=650 stalls=276 skipped=31267 resets=0 ungets=0 forwarded=47
             histogram [2,4) => 587, [4,8) => 63
   Buffers: shared hit=636 read=339
 Settings: enable_bitmapscan = 'off', enable_seqscan = 'off', max_parallel_workers_per_gather = '0'
 Planning:
   Buffers: shared hit=82 read=22
 Planning Time: 0.926 ms
 Execution Time: 21.015 ms
(12 rows)

SET
SET
SET
SET
SET
                                             QUERY PLAN                                             
----------------------------------------------------------------------------------------------------
 Index Scan using idx on public.t (actual rows=32768.00 loops=1)
   Output: a, b
   Index Cond: ((t.a >= 13190) AND (t.a <= 14213))
   Index Searches: 1
   Buffers: shared hit=975
 Settings: enable_bitmapscan = 'off', enable_seqscan = 'off', max_parallel_workers_per_gather = '0'
 Planning:
   Buffers: shared hit=109
 Planning Time: 0.119 ms
 Execution Time: 1.248 ms
(10 rows)

