SET
SET
SET
SET
SET
                                             QUERY PLAN                                             
----------------------------------------------------------------------------------------------------
 Index Scan using idx on public.t (actual rows=65536.00 loops=1)
   Output: a, b
   Index Cond: ((t.a >= 15575) AND (t.a <= 17622))
   Index Searches: 1
   Prefetch: distance=2.168 count=1266 stalls=604 skipped=62643 resets=0 ungets=0 forwarded=60
             histogram [2,4) => 1188, [4,8) => 78
   Buffers: shared hit=1288 read=675
 Settings: enable_bitmapscan = 'off', enable_seqscan = 'off', max_parallel_workers_per_gather = '0'
 Planning:
   Buffers: shared hit=82 read=22
 Planning Time: 1.269 ms
 Execution Time: 46.159 ms
(12 rows)

SET
SET
SET
SET
SET
                                             QUERY PLAN                                             
----------------------------------------------------------------------------------------------------
 Index Scan using idx on public.t (actual rows=65536.00 loops=1)
   Output: a, b
   Index Cond: ((t.a >= 15575) AND (t.a <= 17622))
   Index Searches: 1
   Buffers: shared hit=1963
 Settings: enable_bitmapscan = 'off', enable_seqscan = 'off', max_parallel_workers_per_gather = '0'
 Planning:
   Buffers: shared hit=109
 Planning Time: 0.178 ms
 Execution Time: 2.900 ms
(10 rows)

