SET
SET
SET
SET
SET
                                                                  QUERY PLAN                                                                  
----------------------------------------------------------------------------------------------------------------------------------------------
 Index Scan using idx on public.t (actual rows=262144.00 loops=1)
   Output: a, b
   Index Cond: ((t.a >= 10907) AND (t.a <= 19098))
   Index Searches: 1
   Prefetch: distance=269.448 count=14507 stalls=49 skipped=254539 resets=0 ungets=7110 forwarded=2730
             histogram [2,4) => 104, [4,8) => 15, [8,16) => 10, [16,32) => 5, [32,64) => 2, [64,128) => 3, [128,256) => 1, [256,512) => 14367
   Buffers: shared hit=4918 read=2688
 Settings: enable_bitmapscan = 'off', enable_seqscan = 'off', max_parallel_workers_per_gather = '0'
 Planning:
   Buffers: shared hit=82 read=22
 Planning Time: 1.794 ms
 Execution Time: 73.018 ms
(12 rows)

SET
SET
SET
SET
SET
                                             QUERY PLAN                                             
----------------------------------------------------------------------------------------------------
 Index Scan using idx on public.t (actual rows=262144.00 loops=1)
   Output: a, b
   Index Cond: ((t.a >= 10907) AND (t.a <= 19098))
   Index Searches: 1
   Buffers: shared hit=7689
 Settings: enable_bitmapscan = 'off', enable_seqscan = 'off', max_parallel_workers_per_gather = '0'
 Planning:
   Buffers: shared hit=109
 Planning Time: 0.148 ms
 Execution Time: 10.412 ms
(10 rows)

