SET
SET
SET
SET
SET
                                                                  QUERY PLAN                                                                  
----------------------------------------------------------------------------------------------------------------------------------------------
 Index Scan using idx on public.t (actual rows=524288.00 loops=1)
   Output: a, b
   Index Cond: ((t.a >= 16705) AND (t.a <= 33088))
   Index Searches: 1
   Prefetch: distance=269.678 count=29017 stalls=89 skipped=508512 resets=0 ungets=14225 forwarded=5444
             histogram [2,4) => 194, [4,8) => 35, [8,16) => 12, [16,32) => 5, [32,64) => 3, [64,128) => 1, [128,256) => 2, [256,512) => 28765
   Buffers: shared hit=9830 read=5373
 Settings: enable_bitmapscan = 'off', enable_seqscan = 'off', max_parallel_workers_per_gather = '0'
 Planning:
   Buffers: shared hit=82 read=22
 Planning Time: 1.722 ms
 Execution Time: 145.345 ms
(12 rows)

SET
SET
SET
SET
SET
                                             QUERY PLAN                                             
----------------------------------------------------------------------------------------------------
 Index Scan using idx on public.t (actual rows=524288.00 loops=1)
   Output: a, b
   Index Cond: ((t.a >= 16705) AND (t.a <= 33088))
   Index Searches: 1
   Buffers: shared hit=15380
 Settings: enable_bitmapscan = 'off', enable_seqscan = 'off', max_parallel_workers_per_gather = '0'
 Planning:
   Buffers: shared hit=109
 Planning Time: 0.195 ms
 Execution Time: 22.593 ms
(10 rows)

