SET
SET
SET
SET
SET
                                                                  QUERY PLAN                                                                   
-----------------------------------------------------------------------------------------------------------------------------------------------
 Index Scan using idx on public.t (actual rows=6048576.00 loops=1)
   Output: a, b
   Index Cond: ((t.a >= 6723) AND (t.a <= 195740))
   Index Searches: 1
   Prefetch: distance=271.797 count=340470 stalls=118 skipped=5875268 resets=0 ungets=168410 forwarded=64098
             histogram [2,4) => 205, [4,8) => 13, [8,16) => 8, [16,32) => 10, [32,64) => 4, [64,128) => 1, [128,256) => 2, [256,512) => 340227
   Buffers: shared hit=113815 read=61934
 Settings: enable_bitmapscan = 'off', enable_seqscan = 'off', max_parallel_workers_per_gather = '0'
 Planning:
   Buffers: shared hit=82 read=22
 Planning Time: 1.729 ms
 Execution Time: 1611.835 ms
(12 rows)

SET
SET
SET
SET
SET
                                             QUERY PLAN                                             
----------------------------------------------------------------------------------------------------
 Index Scan using idx on public.t (actual rows=6048576.00 loops=1)
   Output: a, b
   Index Cond: ((t.a >= 6723) AND (t.a <= 195740))
   Index Searches: 1
   Buffers: shared hit=177615
 Settings: enable_bitmapscan = 'off', enable_seqscan = 'off', max_parallel_workers_per_gather = '0'
 Planning:
   Buffers: shared hit=109
 Planning Time: 0.208 ms
 Execution Time: 258.588 ms
(10 rows)

