SET
SET
SET
SET
SET
                                                                 QUERY PLAN                                                                 
--------------------------------------------------------------------------------------------------------------------------------------------
 Index Scan using idx on public.t (actual rows=32768.00 loops=1)
   Output: a, b
   Index Cond: ((t.a >= 11893) AND (t.a <= 12916))
   Index Searches: 1
   Prefetch: distance=252.857 count=1632 stalls=17 skipped=31359 resets=0 ungets=751 forwarded=310
             histogram [2,4) => 68, [4,8) => 28, [8,16) => 10, [16,32) => 7, [32,64) => 2, [64,128) => 3, [128,256) => 1, [256,512) => 1513
   Buffers: shared hit=600 read=339
 Settings: enable_bitmapscan = 'off', enable_seqscan = 'off', max_parallel_workers_per_gather = '0'
 Planning:
   Buffers: shared hit=82 read=22
 Planning Time: 0.987 ms
 Execution Time: 12.028 ms
(12 rows)

SET
SET
SET
SET
SET
                                             QUERY PLAN                                             
----------------------------------------------------------------------------------------------------
 Index Scan using idx on public.t (actual rows=32768.00 loops=1)
   Output: a, b
   Index Cond: ((t.a >= 11893) AND (t.a <= 12916))
   Index Searches: 1
   Buffers: shared hit=947
 Settings: enable_bitmapscan = 'off', enable_seqscan = 'off', max_parallel_workers_per_gather = '0'
 Planning:
   Buffers: shared hit=109
 Planning Time: 0.179 ms
 Execution Time: 1.537 ms
(10 rows)

