SET
SET
SET
SET
SET
                                                                 QUERY PLAN                                                                  
---------------------------------------------------------------------------------------------------------------------------------------------
 Index Scan using idx on public.t (actual rows=262144.00 loops=1)
   Output: a, b
   Index Cond: ((t.a >= 13213) AND (t.a <= 21404))
   Index Searches: 1
   Prefetch: distance=270.495 count=14718 stalls=28 skipped=253522 resets=0 ungets=7243 forwarded=2780
             histogram [2,4) => 52, [4,8) => 12, [8,16) => 10, [16,32) => 6, [32,64) => 1, [64,128) => 2, [128,256) => 3, [256,512) => 14632
   Buffers: shared hit=5009 read=2688
 Settings: enable_bitmapscan = 'off', enable_seqscan = 'off', max_parallel_workers_per_gather = '0'
 Planning:
   Buffers: shared hit=82 read=22
 Planning Time: 1.742 ms
 Execution Time: 72.852 ms
(12 rows)

SET
SET
SET
SET
SET
                                             QUERY PLAN                                             
----------------------------------------------------------------------------------------------------
 Index Scan using idx on public.t (actual rows=262144.00 loops=1)
   Output: a, b
   Index Cond: ((t.a >= 13213) AND (t.a <= 21404))
   Index Searches: 1
   Buffers: shared hit=7776
 Settings: enable_bitmapscan = 'off', enable_seqscan = 'off', max_parallel_workers_per_gather = '0'
 Planning:
   Buffers: shared hit=109
 Planning Time: 0.169 ms
 Execution Time: 11.162 ms
(10 rows)

