SET
SET
SET
SET
SET
                                                                  QUERY PLAN                                                                   
-----------------------------------------------------------------------------------------------------------------------------------------------
 Index Scan using idx on public.t (actual rows=2048576.00 loops=1)
   Output: a, b
   Index Cond: ((t.a >= 19738) AND (t.a <= 83755))
   Index Searches: 1
   Prefetch: distance=270.884 count=114937 stalls=148 skipped=1989669 resets=0 ungets=56657 forwarded=21624
             histogram [2,4) => 377, [4,8) => 76, [8,16) => 10, [16,32) => 5, [32,64) => 3, [64,128) => 1, [128,256) => 2, [256,512) => 114463
   Buffers: shared hit=38669 read=20979
 Settings: enable_bitmapscan = 'off', enable_seqscan = 'off', max_parallel_workers_per_gather = '0'
 Planning:
   Buffers: shared hit=82 read=22
 Planning Time: 1.720 ms
 Execution Time: 555.457 ms
(12 rows)

SET
SET
SET
SET
SET
                                             QUERY PLAN                                             
----------------------------------------------------------------------------------------------------
 Index Scan using idx on public.t (actual rows=2048576.00 loops=1)
   Output: a, b
   Index Cond: ((t.a >= 19738) AND (t.a <= 83755))
   Index Searches: 1
   Buffers: shared hit=60275
 Settings: enable_bitmapscan = 'off', enable_seqscan = 'off', max_parallel_workers_per_gather = '0'
 Planning:
   Buffers: shared hit=109
 Planning Time: 0.176 ms
 Execution Time: 88.487 ms
(10 rows)

