SET
SET
SET
SET
SET
                                                                 QUERY PLAN                                                                  
---------------------------------------------------------------------------------------------------------------------------------------------
 Index Scan using idx on public.t (actual rows=4048576.00 loops=1)
   Output: a, b
   Index Cond: ((t.a >= 30466) AND (t.a <= 156983))
   Index Searches: 1
   Prefetch: distance=271.838 count=228217 stalls=28 skipped=3932506 resets=0 ungets=112942 forwarded=42995
             histogram [2,4) => 84, [4,8) => 22, [8,16) => 6, [16,32) => 9, [32,64) => 5, [64,128) => 1, [128,256) => 3, [256,512) => 228087
   Buffers: shared hit=76291 read=41457
 Settings: enable_bitmapscan = 'off', enable_seqscan = 'off', max_parallel_workers_per_gather = '0'
 Planning:
   Buffers: shared hit=82 read=22
 Planning Time: 1.814 ms
 Execution Time: 1079.812 ms
(12 rows)

SET
SET
SET
SET
SET
                                             QUERY PLAN                                             
----------------------------------------------------------------------------------------------------
 Index Scan using idx on public.t (actual rows=4048576.00 loops=1)
   Output: a, b
   Index Cond: ((t.a >= 30466) AND (t.a <= 156983))
   Index Searches: 1
   Buffers: shared hit=118944
 Settings: enable_bitmapscan = 'off', enable_seqscan = 'off', max_parallel_workers_per_gather = '0'
 Planning:
   Buffers: shared hit=109
 Planning Time: 0.202 ms
 Execution Time: 176.307 ms
(10 rows)

