SET
SET
SET
SET
SET
                                                                  QUERY PLAN                                                                  
----------------------------------------------------------------------------------------------------------------------------------------------
 Index Scan using idx on public.t (actual rows=7048576.00 loops=1)
   Output: a, b
   Index Cond: ((t.a >= 9217) AND (t.a <= 229484))
   Index Searches: 1
   Prefetch: distance=271.927 count=397093 stalls=20 skipped=6847845 resets=0 ungets=196541 forwarded=74758
             histogram [2,4) => 52, [4,8) => 18, [8,16) => 10, [16,32) => 8, [32,64) => 1, [64,128) => 3, [128,256) => 1, [256,512) => 397000
   Buffers: shared hit=132580 read=72172
 Settings: enable_bitmapscan = 'off', enable_seqscan = 'off', max_parallel_workers_per_gather = '0'
 Planning:
   Buffers: shared hit=82 read=22
 Planning Time: 1.721 ms
 Execution Time: 1877.569 ms
(12 rows)

SET
SET
SET
SET
SET
                                             QUERY PLAN                                             
----------------------------------------------------------------------------------------------------
 Index Scan using idx on public.t (actual rows=7048576.00 loops=1)
   Output: a, b
   Index Cond: ((t.a >= 9217) AND (t.a <= 229484))
   Index Searches: 1
   Buffers: shared hit=206874
 Settings: enable_bitmapscan = 'off', enable_seqscan = 'off', max_parallel_workers_per_gather = '0'
 Planning:
   Buffers: shared hit=109
 Planning Time: 0.203 ms
 Execution Time: 281.534 ms
(10 rows)

