SET
SET
SET
SET
SET
                                             QUERY PLAN                                             
----------------------------------------------------------------------------------------------------
 Index Scan using idx on public.t (actual rows=1024.00 loops=1)
   Output: a, b
   Index Cond: ((t.a >= 27079) AND (t.a <= 27334))
   Index Searches: 1
   Prefetch: distance=2.136 count=44 stalls=406 skipped=3 resets=0 ungets=0 forwarded=0
             histogram [2,4) => 42, [4,8) => 2
   Buffers: shared hit=880 read=141
 Settings: enable_bitmapscan = 'off', enable_seqscan = 'off', max_parallel_workers_per_gather = '0'
 Planning:
   Buffers: shared hit=82 read=27
 Planning Time: 2.058 ms
 Execution Time: 7.006 ms
(12 rows)

SET
SET
SET
SET
SET
                                             QUERY PLAN                                             
----------------------------------------------------------------------------------------------------
 Index Scan using idx on public.t (actual rows=1024.00 loops=1)
   Output: a, b
   Index Cond: ((t.a >= 27079) AND (t.a <= 27334))
   Index Searches: 1
   Buffers: shared hit=1021
 Settings: enable_bitmapscan = 'off', enable_seqscan = 'off', max_parallel_workers_per_gather = '0'
 Planning:
   Buffers: shared hit=114
 Planning Time: 0.250 ms
 Execution Time: 0.354 ms
(10 rows)

