SET
SET
SET
SET
SET
                                             QUERY PLAN                                             
----------------------------------------------------------------------------------------------------
 Index Scan using idx on public.t (actual rows=8192.00 loops=1)
   Output: a, b
   Index Cond: ((t.a >= 11977) AND (t.a <= 12232))
   Index Searches: 1
   Prefetch: distance=2.561 count=155 stalls=43 skipped=6971 resets=0 ungets=0 forwarded=22
             histogram [2,4) => 124, [4,8) => 31
   Buffers: shared hit=153 read=88
 Settings: enable_bitmapscan = 'off', enable_seqscan = 'off', max_parallel_workers_per_gather = '0'
 Planning:
   Buffers: shared hit=82 read=22
 Planning Time: 1.004 ms
 Execution Time: 6.488 ms
(12 rows)

SET
SET
SET
SET
SET
                                             QUERY PLAN                                             
----------------------------------------------------------------------------------------------------
 Index Scan using idx on public.t (actual rows=8192.00 loops=1)
   Output: a, b
   Index Cond: ((t.a >= 11977) AND (t.a <= 12232))
   Index Searches: 1
   Buffers: shared hit=241
 Settings: enable_bitmapscan = 'off', enable_seqscan = 'off', max_parallel_workers_per_gather = '0'
 Planning:
   Buffers: shared hit=109
 Planning Time: 0.194 ms
 Execution Time: 0.443 ms
(10 rows)

