SET
SET
SET
SET
SET
                                                                  QUERY PLAN                                                                  
----------------------------------------------------------------------------------------------------------------------------------------------
 Index Scan using idx on public.t (actual rows=1048576.00 loops=1)
   Output: a, b
   Index Cond: ((t.a >= 18915) AND (t.a <= 51682))
   Index Searches: 1
   Prefetch: distance=268.914 count=57958 stalls=256 skipped=1018659 resets=0 ungets=28360 forwarded=10838
             histogram [2,4) => 573, [4,8) => 70, [8,16) => 10, [16,32) => 6, [32,64) => 1, [64,128) => 2, [128,256) => 3, [256,512) => 57293
   Buffers: shared hit=19733 read=10741
 Settings: enable_bitmapscan = 'off', enable_seqscan = 'off', max_parallel_workers_per_gather = '0'
 Planning:
   Buffers: shared hit=82 read=22
 Planning Time: 1.752 ms
 Execution Time: 293.575 ms
(12 rows)

SET
SET
SET
SET
SET
                                             QUERY PLAN                                             
----------------------------------------------------------------------------------------------------
 Index Scan using idx on public.t (actual rows=1048576.00 loops=1)
   Output: a, b
   Index Cond: ((t.a >= 18915) AND (t.a <= 51682))
   Index Searches: 1
   Buffers: shared hit=30798
 Settings: enable_bitmapscan = 'off', enable_seqscan = 'off', max_parallel_workers_per_gather = '0'
 Planning:
   Buffers: shared hit=109
 Planning Time: 0.160 ms
 Execution Time: 46.319 ms
(10 rows)

