SET
SET
SET
SET
SET
                                                                  QUERY PLAN                                                                   
-----------------------------------------------------------------------------------------------------------------------------------------------
 Index Scan using idx on public.t (actual rows=2048576.00 loops=1)
   Output: a, b
   Index Cond: ((t.a >= 29741) AND (t.a <= 93758))
   Index Searches: 1
   Prefetch: distance=270.733 count=114734 stalls=235 skipped=1989853 resets=0 ungets=56533 forwarded=21561
             histogram [2,4) => 481, [4,8) => 32, [8,16) => 7, [16,32) => 10, [32,64) => 2, [64,128) => 3, [128,256) => 1, [256,512) => 114198
   Buffers: shared hit=38689 read=20978
 Settings: enable_bitmapscan = 'off', enable_seqscan = 'off', max_parallel_workers_per_gather = '0'
 Planning:
   Buffers: shared hit=82 read=22
 Planning Time: 1.723 ms
 Execution Time: 556.416 ms
(12 rows)

SET
SET
SET
SET
SET
                                             QUERY PLAN                                             
----------------------------------------------------------------------------------------------------
 Index Scan using idx on public.t (actual rows=2048576.00 loops=1)
   Output: a, b
   Index Cond: ((t.a >= 29741) AND (t.a <= 93758))
   Index Searches: 1
   Buffers: shared hit=60277
 Settings: enable_bitmapscan = 'off', enable_seqscan = 'off', max_parallel_workers_per_gather = '0'
 Planning:
   Buffers: shared hit=109
 Planning Time: 0.174 ms
 Execution Time: 88.155 ms
(10 rows)

