SET
SET
SET
SET
SET
                                                                  QUERY PLAN                                                                   
-----------------------------------------------------------------------------------------------------------------------------------------------
 Index Scan using idx on public.t (actual rows=3048576.00 loops=1)
   Output: a, b
   Index Cond: ((t.a >= 28711) AND (t.a <= 123978))
   Index Searches: 1
   Prefetch: distance=271.741 count=171871 stalls=44 skipped=2960866 resets=0 ungets=85004 forwarded=32392
             histogram [2,4) => 113, [4,8) => 24, [8,16) => 10, [16,32) => 8, [32,64) => 1, [64,128) => 3, [128,256) => 1, [256,512) => 171711
   Buffers: shared hit=57518 read=31217
 Settings: enable_bitmapscan = 'off', enable_seqscan = 'off', max_parallel_workers_per_gather = '0'
 Planning:
   Buffers: shared hit=82 read=22
 Planning Time: 1.705 ms
 Execution Time: 813.849 ms
(12 rows)

SET
SET
SET
SET
SET
                                             QUERY PLAN                                             
----------------------------------------------------------------------------------------------------
 Index Scan using idx on public.t (actual rows=3048576.00 loops=1)
   Output: a, b
   Index Cond: ((t.a >= 28711) AND (t.a <= 123978))
   Index Searches: 1
   Buffers: shared hit=89659
 Settings: enable_bitmapscan = 'off', enable_seqscan = 'off', max_parallel_workers_per_gather = '0'
 Planning:
   Buffers: shared hit=109
 Planning Time: 0.169 ms
 Execution Time: 128.665 ms
(10 rows)

