SET
SET
SET
SET
SET
                                                                  QUERY PLAN                                                                  
----------------------------------------------------------------------------------------------------------------------------------------------
 Index Scan using idx on public.t (actual rows=9048576.00 loops=1)
   Output: a, b
   Index Cond: ((t.a >= 28906) AND (t.a <= 311673))
   Index Searches: 1
   Prefetch: distance=271.499 count=507992 stalls=418 skipped=8790755 resets=0 ungets=251033 forwarded=95539
             histogram [2,4) => 831, [4,8) => 71, [8,16) => 9, [16,32) => 7, [32,64) => 1, [64,128) => 2, [128,256) => 3, [256,512) => 507068
   Buffers: shared hit=170123 read=92647
 Settings: enable_bitmapscan = 'off', enable_seqscan = 'off', max_parallel_workers_per_gather = '0'
 Planning:
   Buffers: shared hit=82 read=26
 Planning Time: 1.892 ms
 Execution Time: 2416.906 ms
(12 rows)

SET
SET
SET
SET
SET
                                             QUERY PLAN                                             
----------------------------------------------------------------------------------------------------
 Index Scan using idx on public.t (actual rows=9048576.00 loops=1)
   Output: a, b
   Index Cond: ((t.a >= 28906) AND (t.a <= 311673))
   Index Searches: 1
   Buffers: shared hit=265472
 Settings: enable_bitmapscan = 'off', enable_seqscan = 'off', max_parallel_workers_per_gather = '0'
 Planning:
   Buffers: shared hit=113
 Planning Time: 0.227 ms
 Execution Time: 414.309 ms
(10 rows)

