SET
SET
SET
SET
SET
                                                                 QUERY PLAN                                                                 
--------------------------------------------------------------------------------------------------------------------------------------------
 Index Scan using idx on public.t (actual rows=32768.00 loops=1)
   Output: a, b
   Index Cond: ((t.a >= '-15691'::integer) AND (t.a <= '-14668'::integer))
   Index Searches: 1
   Prefetch: distance=260.572 count=1686 stalls=15 skipped=31038 resets=0 ungets=802 forwarded=318
             histogram [2,4) => 36, [4,8) => 18, [8,16) => 10, [16,32) => 6, [32,64) => 1, [64,128) => 2, [128,256) => 3, [256,512) => 1610
   Buffers: shared hit=613 read=339
 Settings: enable_bitmapscan = 'off', enable_seqscan = 'off', max_parallel_workers_per_gather = '0'
 Planning:
   Buffers: shared hit=78 read=23
 Planning Time: 1.256 ms
 Execution Time: 11.178 ms
(12 rows)

SET
SET
SET
SET
SET
                                             QUERY PLAN                                             
----------------------------------------------------------------------------------------------------
 Index Scan using idx on public.t (actual rows=32768.00 loops=1)
   Output: a, b
   Index Cond: ((t.a >= '-15691'::integer) AND (t.a <= '-14668'::integer))
   Index Searches: 1
   Buffers: shared hit=957
 Settings: enable_bitmapscan = 'off', enable_seqscan = 'off', max_parallel_workers_per_gather = '0'
 Planning:
   Buffers: shared hit=106
 Planning Time: 0.186 ms
 Execution Time: 1.530 ms
(10 rows)

