SET
SET
SET
SET
SET
                                                                 QUERY PLAN                                                                  
---------------------------------------------------------------------------------------------------------------------------------------------
 Index Scan using idx on public.t (actual rows=131072.00 loops=1)
   Output: a, b
   Index Cond: ((t.a >= '-20320'::integer) AND (t.a <= '-16225'::integer))
   Index Searches: 1
   Prefetch: distance=249.426 count=6274 stalls=257 skipped=126265 resets=0 ungets=2843 forwarded=1100
             histogram [2,4) => 486, [4,8) => 21, [8,16) => 10, [16,32) => 5, [32,64) => 3, [64,128) => 1, [128,256) => 2, [256,512) => 5746
   Buffers: shared hit=2470 read=1347
 Settings: enable_bitmapscan = 'off', enable_seqscan = 'off', max_parallel_workers_per_gather = '0'
 Planning:
   Buffers: shared hit=78 read=23
 Planning Time: 1.814 ms
 Execution Time: 47.369 ms
(12 rows)

SET
SET
SET
SET
SET
                                             QUERY PLAN                                             
----------------------------------------------------------------------------------------------------
 Index Scan using idx on public.t (actual rows=131072.00 loops=1)
   Output: a, b
   Index Cond: ((t.a >= '-20320'::integer) AND (t.a <= '-16225'::integer))
   Index Searches: 1
   Buffers: shared hit=3846
 Settings: enable_bitmapscan = 'off', enable_seqscan = 'off', max_parallel_workers_per_gather = '0'
 Planning:
   Buffers: shared hit=106
 Planning Time: 0.189 ms
 Execution Time: 5.641 ms
(10 rows)

