SET
SET
SET
SET
SET
                                                                  QUERY PLAN                                                                  
----------------------------------------------------------------------------------------------------------------------------------------------
 Index Scan using idx on public.t (actual rows=262144.00 loops=1)
   Output: a, b
   Index Cond: ((t.a >= '-36350'::integer) AND (t.a <= '-28159'::integer))
   Index Searches: 1
   Prefetch: distance=266.777 count=14166 stalls=97 skipped=253589 resets=0 ungets=6859 forwarded=2671
             histogram [2,4) => 228, [4,8) => 28, [8,16) => 10, [16,32) => 6, [32,64) => 1, [64,128) => 2, [128,256) => 3, [256,512) => 13888
   Buffers: shared hit=4906 read=2688
 Settings: enable_bitmapscan = 'off', enable_seqscan = 'off', max_parallel_workers_per_gather = '0'
 Planning:
   Buffers: shared hit=78 read=23
 Planning Time: 1.798 ms
 Execution Time: 77.826 ms
(12 rows)

SET
SET
SET
SET
SET
                                             QUERY PLAN                                             
----------------------------------------------------------------------------------------------------
 Index Scan using idx on public.t (actual rows=262144.00 loops=1)
   Output: a, b
   Index Cond: ((t.a >= '-36350'::integer) AND (t.a <= '-28159'::integer))
   Index Searches: 1
   Buffers: shared hit=7675
 Settings: enable_bitmapscan = 'off', enable_seqscan = 'off', max_parallel_workers_per_gather = '0'
 Planning:
   Buffers: shared hit=106
 Planning Time: 0.171 ms
 Execution Time: 9.795 ms
(10 rows)

