SET
SET
SET
SET
SET
                                                                  QUERY PLAN                                                                  
----------------------------------------------------------------------------------------------------------------------------------------------
 Index Scan using idx on public.t (actual rows=1048576.00 loops=1)
   Output: a, b
   Index Cond: ((t.a >= '-61620'::integer) AND (t.a <= '-28853'::integer))
   Index Searches: 1
   Prefetch: distance=269.210 count=57810 stalls=294 skipped=1017666 resets=0 ungets=28313 forwarded=10785
             histogram [2,4) => 549, [4,8) => 24, [8,16) => 6, [16,32) => 11, [32,64) => 3, [64,128) => 3, [128,256) => 1, [256,512) => 57213
   Buffers: shared hit=19744 read=10740
 Settings: enable_bitmapscan = 'off', enable_seqscan = 'off', max_parallel_workers_per_gather = '0'
 Planning:
   Buffers: shared hit=78 read=23
 Planning Time: 1.799 ms
 Execution Time: 296.885 ms
(12 rows)

SET
SET
SET
SET
SET
                                             QUERY PLAN                                             
----------------------------------------------------------------------------------------------------
 Index Scan using idx on public.t (actual rows=1048576.00 loops=1)
   Output: a, b
   Index Cond: ((t.a >= '-61620'::integer) AND (t.a <= '-28853'::integer))
   Index Searches: 1
   Buffers: shared hit=30767
 Settings: enable_bitmapscan = 'off', enable_seqscan = 'off', max_parallel_workers_per_gather = '0'
 Planning:
   Buffers: shared hit=106
 Planning Time: 0.209 ms
 Execution Time: 45.282 ms
(10 rows)

