SET
SET
SET
SET
SET
                                                                   QUERY PLAN                                                                    
-------------------------------------------------------------------------------------------------------------------------------------------------
 Index Scan using idx on public.t (actual rows=2048576.00 loops=1)
   Output: a, b
   Index Cond: ((t.a >= '-93035'::integer) AND (t.a <= '-29018'::integer))
   Index Searches: 1
   Prefetch: distance=266.843 count=111062 stalls=1001 skipped=1989763 resets=0 ungets=53953 forwarded=20584
             histogram [2,4) => 1983, [4,8) => 113, [8,16) => 7, [16,32) => 10, [32,64) => 3, [64,128) => 1, [128,256) => 4, [256,512) => 108941
   Buffers: shared hit=38432 read=20979
 Settings: enable_bitmapscan = 'off', enable_seqscan = 'off', max_parallel_workers_per_gather = '0'
 Planning:
   Buffers: shared hit=78 read=23
 Planning Time: 1.899 ms
 Execution Time: 596.463 ms
(12 rows)

SET
SET
SET
SET
SET
                                             QUERY PLAN                                             
----------------------------------------------------------------------------------------------------
 Index Scan using idx on public.t (actual rows=2048576.00 loops=1)
   Output: a, b
   Index Cond: ((t.a >= '-93035'::integer) AND (t.a <= '-29018'::integer))
   Index Searches: 1
   Buffers: shared hit=59964
 Settings: enable_bitmapscan = 'off', enable_seqscan = 'off', max_parallel_workers_per_gather = '0'
 Planning:
   Buffers: shared hit=106
 Planning Time: 0.181 ms
 Execution Time: 88.373 ms
(10 rows)

