SET
SET
SET
SET
SET
                                                                 QUERY PLAN                                                                  
---------------------------------------------------------------------------------------------------------------------------------------------
 Index Scan using idx on public.t (actual rows=3048576.00 loops=1)
   Output: a, b
   Index Cond: ((t.a >= '-117931'::integer) AND (t.a <= '-22664'::integer))
   Index Searches: 1
   Prefetch: distance=271.810 count=171111 stalls=33 skipped=2961082 resets=0 ungets=84641 forwarded=32229
             histogram [2,4) => 70, [4,8) => 24, [8,16) => 8, [16,32) => 8, [32,64) => 2, [64,128) => 3, [128,256) => 1, [256,512) => 170995
   Buffers: shared hit=57145 read=31218
 Settings: enable_bitmapscan = 'off', enable_seqscan = 'off', max_parallel_workers_per_gather = '0'
 Planning:
   Buffers: shared hit=78 read=23
 Planning Time: 1.799 ms
 Execution Time: 821.436 ms
(12 rows)

SET
SET
SET
SET
SET
                                             QUERY PLAN                                             
----------------------------------------------------------------------------------------------------
 Index Scan using idx on public.t (actual rows=3048576.00 loops=1)
   Output: a, b
   Index Cond: ((t.a >= '-117931'::integer) AND (t.a <= '-22664'::integer))
   Index Searches: 1
   Buffers: shared hit=89258
 Settings: enable_bitmapscan = 'off', enable_seqscan = 'off', max_parallel_workers_per_gather = '0'
 Planning:
   Buffers: shared hit=106
 Planning Time: 0.199 ms
 Execution Time: 129.370 ms
(10 rows)

