SET
SET
SET
SET
SET
                                                                  QUERY PLAN                                                                  
----------------------------------------------------------------------------------------------------------------------------------------------
 Index Scan using idx on public.t (actual rows=6048576.00 loops=1)
   Output: a, b
   Index Cond: ((t.a >= '-190083'::integer) AND (t.a <= '-1066'::integer))
   Index Searches: 1
   Prefetch: distance=271.933 count=339550 stalls=14 skipped=5876611 resets=0 ungets=168014 forwarded=63970
             histogram [2,4) => 36, [4,8) => 13, [8,16) => 7, [16,32) => 10, [32,64) => 1, [64,128) => 3, [128,256) => 1, [256,512) => 339479
   Buffers: shared hit=113241 read=61933
 Settings: enable_bitmapscan = 'off', enable_seqscan = 'off', max_parallel_workers_per_gather = '0'
 Planning:
   Buffers: shared hit=78 read=27
 Planning Time: 2.083 ms
 Execution Time: 1593.964 ms
(12 rows)

SET
SET
SET
SET
SET
                                             QUERY PLAN                                             
----------------------------------------------------------------------------------------------------
 Index Scan using idx on public.t (actual rows=6048576.00 loops=1)
   Output: a, b
   Index Cond: ((t.a >= '-190083'::integer) AND (t.a <= '-1066'::integer))
   Index Searches: 1
   Buffers: shared hit=176970
 Settings: enable_bitmapscan = 'off', enable_seqscan = 'off', max_parallel_workers_per_gather = '0'
 Planning:
   Buffers: shared hit=110
 Planning Time: 0.222 ms
 Execution Time: 272.404 ms
(10 rows)

