SET
SET
SET
SET
SET
                                                                  QUERY PLAN                                                                  
----------------------------------------------------------------------------------------------------------------------------------------------
 Index Scan using idx on public.t (actual rows=7048576.00 loops=1)
   Output: a, b
   Index Cond: ((t.a >= '-235509'::integer) AND (t.a <= '-15242'::integer))
   Index Searches: 1
   Prefetch: distance=271.925 count=395699 stalls=29 skipped=6848504 resets=0 ungets=195953 forwarded=74464
             histogram [2,4) => 63, [4,8) => 13, [8,16) => 10, [16,32) => 5, [32,64) => 3, [64,128) => 1, [128,256) => 3, [256,512) => 395601
   Buffers: shared hit=131947 read=72172
 Settings: enable_bitmapscan = 'off', enable_seqscan = 'off', max_parallel_workers_per_gather = '0'
 Planning:
   Buffers: shared hit=78 read=23
 Planning Time: 1.800 ms
 Execution Time: 1886.001 ms
(12 rows)

SET
SET
SET
SET
SET
                                             QUERY PLAN                                             
----------------------------------------------------------------------------------------------------
 Index Scan using idx on public.t (actual rows=7048576.00 loops=1)
   Output: a, b
   Index Cond: ((t.a >= '-235509'::integer) AND (t.a <= '-15242'::integer))
   Index Searches: 1
   Buffers: shared hit=206082
 Settings: enable_bitmapscan = 'off', enable_seqscan = 'off', max_parallel_workers_per_gather = '0'
 Planning:
   Buffers: shared hit=106
 Planning Time: 0.207 ms
 Execution Time: 447.832 ms
(10 rows)

