SET
SET
SET
SET
SET
                                                                  QUERY PLAN                                                                   
-----------------------------------------------------------------------------------------------------------------------------------------------
 Index Scan using idx on public.t (actual rows=8048576.00 loops=1)
   Output: a, b
   Index Cond: ((t.a >= '-265654'::integer) AND (t.a <= '-14137'::integer))
   Index Searches: 1
   Prefetch: distance=271.576 count=450773 stalls=291 skipped=7819724 resets=0 ungets=222825 forwarded=84750
             histogram [2,4) => 618, [4,8) => 52, [8,16) => 10, [16,32) => 5, [32,64) => 2, [64,128) => 3, [128,256) => 1, [256,512) => 450082
   Buffers: shared hit=150760 read=82410
 Settings: enable_bitmapscan = 'off', enable_seqscan = 'off', max_parallel_workers_per_gather = '0'
 Planning:
   Buffers: shared hit=78 read=23
 Planning Time: 1.812 ms
 Execution Time: 2144.977 ms
(12 rows)

SET
SET
SET
SET
SET
                                             QUERY PLAN                                             
----------------------------------------------------------------------------------------------------
 Index Scan using idx on public.t (actual rows=8048576.00 loops=1)
   Output: a, b
   Index Cond: ((t.a >= '-265654'::integer) AND (t.a <= '-14137'::integer))
   Index Searches: 1
   Buffers: shared hit=235447
 Settings: enable_bitmapscan = 'off', enable_seqscan = 'off', max_parallel_workers_per_gather = '0'
 Planning:
   Buffers: shared hit=106
 Planning Time: 0.217 ms
 Execution Time: 344.795 ms
(10 rows)

