SET
SET
SET
SET
SET
                                                                  QUERY PLAN                                                                   
-----------------------------------------------------------------------------------------------------------------------------------------------
 Index Scan using idx on public.t (actual rows=9048576.00 loops=1)
   Output: a, b
   Index Cond: ((t.a >= '-310284'::integer) AND (t.a <= '-27517'::integer))
   Index Searches: 1
   Prefetch: distance=271.856 count=507760 stalls=87 skipped=8791105 resets=0 ungets=251143 forwarded=95581
             histogram [2,4) => 200, [4,8) => 30, [8,16) => 10, [16,32) => 5, [32,64) => 2, [64,128) => 3, [128,256) => 1, [256,512) => 507509
   Buffers: shared hit=169473 read=92647
 Settings: enable_bitmapscan = 'off', enable_seqscan = 'off', max_parallel_workers_per_gather = '0'
 Planning:
   Buffers: shared hit=78 read=27
 Planning Time: 2.052 ms
 Execution Time: 2417.682 ms
(12 rows)

SET
SET
SET
SET
SET
                                             QUERY PLAN                                             
----------------------------------------------------------------------------------------------------
 Index Scan using idx on public.t (actual rows=9048576.00 loops=1)
   Output: a, b
   Index Cond: ((t.a >= '-310284'::integer) AND (t.a <= '-27517'::integer))
   Index Searches: 1
   Buffers: shared hit=264810
 Settings: enable_bitmapscan = 'off', enable_seqscan = 'off', max_parallel_workers_per_gather = '0'
 Planning:
   Buffers: shared hit=110
 Planning Time: 0.229 ms
 Execution Time: 405.461 ms
(10 rows)

