SET
SET
SET
SET
SET
                                                                    QUERY PLAN                                                                    
--------------------------------------------------------------------------------------------------------------------------------------------------
 Index Scan using idx on public.t (actual rows=9048576.00 loops=1)
   Output: a, b
   Index Cond: ((t.a >= 31560) AND (t.a <= 2293703))
   Index Searches: 1
   Prefetch: distance=262.874 count=9713780 stalls=2 skipped=134326 resets=0 ungets=799547 forwarded=16665
             histogram [2,4) => 2, [4,8) => 6, [8,16) => 9, [16,32) => 7, [32,64) => 2, [64,128) => 3, [128,256) => 1767255, [256,512) => 7946496
   Buffers: shared hit=8482563 read=444520
 Settings: enable_bitmapscan = 'off', enable_seqscan = 'off', max_parallel_workers_per_gather = '0'
 Planning:
   Buffers: shared hit=78 read=23
 Planning Time: 1.814 ms
 Execution Time: 2976.696 ms
(12 rows)

SET
SET
SET
SET
SET
                                             QUERY PLAN                                             
----------------------------------------------------------------------------------------------------
 Index Scan using idx on public.t (actual rows=9048576.00 loops=1)
   Output: a, b
   Index Cond: ((t.a >= 31560) AND (t.a <= 2293703))
   Index Searches: 1
   Buffers: shared hit=8927802
 Settings: enable_bitmapscan = 'off', enable_seqscan = 'off', max_parallel_workers_per_gather = '0'
 Planning:
   Buffers: shared hit=106
 Planning Time: 0.224 ms
 Execution Time: 1415.598 ms
(10 rows)

