SET
SET
SET
SET
SET
                                                                 QUERY PLAN                                                                  
---------------------------------------------------------------------------------------------------------------------------------------------
 Index Scan using idx on public.t (actual rows=65536.00 loops=1)
   Output: a, b
   Index Cond: ((t.a >= '-30039'::integer) AND (t.a <= '-27992'::integer))
   Index Searches: 1
   Prefetch: distance=247.731 count=3100 stalls=111 skipped=62920 resets=0 ungets=1394 forwarded=557
             histogram [2,4) => 232, [4,8) => 29, [8,16) => 10, [16,32) => 6, [32,64) => 1, [64,128) => 3, [128,256) => 1, [256,512) => 2818
   Buffers: shared hit=1215 read=674
 Settings: enable_bitmapscan = 'off', enable_seqscan = 'off', max_parallel_workers_per_gather = '0'
 Planning:
   Buffers: shared hit=78 read=23
 Planning Time: 1.621 ms
 Execution Time: 24.832 ms
(12 rows)

SET
SET
SET
SET
SET
                                             QUERY PLAN                                             
----------------------------------------------------------------------------------------------------
 Index Scan using idx on public.t (actual rows=65536.00 loops=1)
   Output: a, b
   Index Cond: ((t.a >= '-30039'::integer) AND (t.a <= '-27992'::integer))
   Index Searches: 1
   Buffers: shared hit=1906
 Settings: enable_bitmapscan = 'off', enable_seqscan = 'off', max_parallel_workers_per_gather = '0'
 Planning:
   Buffers: shared hit=106
 Planning Time: 0.183 ms
 Execution Time: 2.915 ms
(10 rows)

