SET
SET
SET
SET
SET
                                                                 QUERY PLAN                                                                 
--------------------------------------------------------------------------------------------------------------------------------------------
 Index Scan using idx on public.t (actual rows=262144.00 loops=1)
   Output: a, b
   Index Cond: ((t.a >= '-17592'::integer) AND (t.a <= '-9401'::integer))
   Index Searches: 1
   Prefetch: distance=271.216 count=14632 stalls=1 skipped=254666 resets=0 ungets=7233 forwarded=2760
             histogram [2,4) => 12, [4,8) => 12, [8,16) => 9, [16,32) => 7, [32,64) => 1, [64,128) => 2, [128,256) => 3, [256,512) => 14586
   Buffers: shared hit=4883 read=2689
 Settings: enable_bitmapscan = 'off', enable_seqscan = 'off', max_parallel_workers_per_gather = '0'
 Planning:
   Buffers: shared hit=78 read=23
 Planning Time: 1.822 ms
 Execution Time: 69.666 ms
(12 rows)

SET
SET
SET
SET
SET
                                             QUERY PLAN                                             
----------------------------------------------------------------------------------------------------
 Index Scan using idx on public.t (actual rows=262144.00 loops=1)
   Output: a, b
   Index Cond: ((t.a >= '-17592'::integer) AND (t.a <= '-9401'::integer))
   Index Searches: 1
   Buffers: shared hit=7640
 Settings: enable_bitmapscan = 'off', enable_seqscan = 'off', max_parallel_workers_per_gather = '0'
 Planning:
   Buffers: shared hit=106
 Planning Time: 0.197 ms
 Execution Time: 11.310 ms
(10 rows)

