SET
SET
SET
SET
SET
                                                                  QUERY PLAN                                                                  
----------------------------------------------------------------------------------------------------------------------------------------------
 Index Scan using idx on public.t (actual rows=1048576.00 loops=1)
   Output: a, b
   Index Cond: ((t.a >= '-65523'::integer) AND (t.a <= '-32756'::integer))
   Index Searches: 1
   Prefetch: distance=268.507 count=57619 stalls=281 skipped=1018264 resets=0 ungets=28163 forwarded=10747
             histogram [2,4) => 657, [4,8) => 69, [8,16) => 10, [16,32) => 5, [32,64) => 2, [64,128) => 3, [128,256) => 1, [256,512) => 56872
   Buffers: shared hit=19670 read=10740
 Settings: enable_bitmapscan = 'off', enable_seqscan = 'off', max_parallel_workers_per_gather = '0'
 Planning:
   Buffers: shared hit=78 read=23
 Planning Time: 1.809 ms
 Execution Time: 299.094 ms
(12 rows)

SET
SET
SET
SET
SET
                                             QUERY PLAN                                             
----------------------------------------------------------------------------------------------------
 Index Scan using idx on public.t (actual rows=1048576.00 loops=1)
   Output: a, b
   Index Cond: ((t.a >= '-65523'::integer) AND (t.a <= '-32756'::integer))
   Index Searches: 1
   Buffers: shared hit=30693
 Settings: enable_bitmapscan = 'off', enable_seqscan = 'off', max_parallel_workers_per_gather = '0'
 Planning:
   Buffers: shared hit=106
 Planning Time: 0.176 ms
 Execution Time: 44.865 ms
(10 rows)

