SET
SET
SET
SET
SET
                                                                  QUERY PLAN                                                                   
-----------------------------------------------------------------------------------------------------------------------------------------------
 Index Scan using idx on public.t (actual rows=2048576.00 loops=1)
   Output: a, b
   Index Cond: ((t.a >= '-85259'::integer) AND (t.a <= '-21242'::integer))
   Index Searches: 1
   Prefetch: distance=271.645 count=114634 stalls=62 skipped=1990096 resets=0 ungets=56681 forwarded=21556
             histogram [2,4) => 113, [4,8) => 14, [8,16) => 10, [16,32) => 6, [32,64) => 3, [64,128) => 1, [128,256) => 3, [256,512) => 114484
   Buffers: shared hit=38293 read=20979
 Settings: enable_bitmapscan = 'off', enable_seqscan = 'off', max_parallel_workers_per_gather = '0'
 Planning:
   Buffers: shared hit=78 read=23
 Planning Time: 1.814 ms
 Execution Time: 550.568 ms
(12 rows)

SET
SET
SET
SET
SET
                                             QUERY PLAN                                             
----------------------------------------------------------------------------------------------------
 Index Scan using idx on public.t (actual rows=2048576.00 loops=1)
   Output: a, b
   Index Cond: ((t.a >= '-85259'::integer) AND (t.a <= '-21242'::integer))
   Index Searches: 1
   Buffers: shared hit=59863
 Settings: enable_bitmapscan = 'off', enable_seqscan = 'off', max_parallel_workers_per_gather = '0'
 Planning:
   Buffers: shared hit=106
 Planning Time: 0.176 ms
 Execution Time: 88.001 ms
(10 rows)

