SET
SET
SET
SET
SET
                                                                  QUERY PLAN                                                                  
----------------------------------------------------------------------------------------------------------------------------------------------
 Index Scan using idx on public.t (actual rows=3048576.00 loops=1)
   Output: a, b
   Index Cond: ((t.a >= '-108506'::integer) AND (t.a <= '-13239'::integer))
   Index Searches: 1
   Prefetch: distance=271.786 count=171123 stalls=31 skipped=2961397 resets=0 ungets=84666 forwarded=32233
             histogram [2,4) => 84, [4,8) => 23, [8,16) => 12, [16,32) => 7, [32,64) => 1, [64,128) => 4, [128,256) => 1, [256,512) => 170991
   Buffers: shared hit=57132 read=31218
 Settings: enable_bitmapscan = 'off', enable_seqscan = 'off', max_parallel_workers_per_gather = '0'
 Planning:
   Buffers: shared hit=78 read=23
 Planning Time: 1.845 ms
 Execution Time: 814.632 ms
(12 rows)

SET
SET
SET
SET
SET
                                             QUERY PLAN                                             
----------------------------------------------------------------------------------------------------
 Index Scan using idx on public.t (actual rows=3048576.00 loops=1)
   Output: a, b
   Index Cond: ((t.a >= '-108506'::integer) AND (t.a <= '-13239'::integer))
   Index Searches: 1
   Buffers: shared hit=89232
 Settings: enable_bitmapscan = 'off', enable_seqscan = 'off', max_parallel_workers_per_gather = '0'
 Planning:
   Buffers: shared hit=106
 Planning Time: 0.179 ms
 Execution Time: 128.889 ms
(10 rows)

