SET
SET
SET
SET
SET
                                                                  QUERY PLAN                                                                   
-----------------------------------------------------------------------------------------------------------------------------------------------
 Index Scan using idx on public.t (actual rows=4048576.00 loops=1)
   Output: a, b
   Index Cond: ((t.a >= '-138564'::integer) AND (t.a <= '-12047'::integer))
   Index Searches: 1
   Prefetch: distance=271.410 count=226553 stalls=225 skipped=3933260 resets=0 ungets=111909 forwarded=42602
             histogram [2,4) => 444, [4,8) => 22, [8,16) => 11, [16,32) => 6, [32,64) => 1, [64,128) => 3, [128,256) => 1, [256,512) => 226065
   Buffers: shared hit=75831 read=41456
 Settings: enable_bitmapscan = 'off', enable_seqscan = 'off', max_parallel_workers_per_gather = '0'
 Planning:
   Buffers: shared hit=78 read=23
 Planning Time: 1.802 ms
 Execution Time: 1086.465 ms
(12 rows)

SET
SET
SET
SET
SET
                                             QUERY PLAN                                             
----------------------------------------------------------------------------------------------------
 Index Scan using idx on public.t (actual rows=4048576.00 loops=1)
   Output: a, b
   Index Cond: ((t.a >= '-138564'::integer) AND (t.a <= '-12047'::integer))
   Index Searches: 1
   Buffers: shared hit=118501
 Settings: enable_bitmapscan = 'off', enable_seqscan = 'off', max_parallel_workers_per_gather = '0'
 Planning:
   Buffers: shared hit=106
 Planning Time: 0.202 ms
 Execution Time: 169.763 ms
(10 rows)

