SET
SET
SET
SET
SET
                                                                  QUERY PLAN                                                                   
-----------------------------------------------------------------------------------------------------------------------------------------------
 Index Scan using idx on public.t (actual rows=5048576.00 loops=1)
   Output: a, b
   Index Cond: ((t.a >= '-173851'::integer) AND (t.a <= '-16084'::integer))
   Index Searches: 1
   Prefetch: distance=271.749 count=283449 stalls=85 skipped=4904610 resets=0 ungets=140239 forwarded=53335
             histogram [2,4) => 199, [4,8) => 35, [8,16) => 10, [16,32) => 5, [32,64) => 2, [64,128) => 3, [128,256) => 1, [256,512) => 283194
   Buffers: shared hit=94669 read=51695
 Settings: enable_bitmapscan = 'off', enable_seqscan = 'off', max_parallel_workers_per_gather = '0'
 Planning:
   Buffers: shared hit=78 read=23
 Planning Time: 1.786 ms
 Execution Time: 1354.659 ms
(12 rows)

SET
SET
SET
SET
SET
                                             QUERY PLAN                                             
----------------------------------------------------------------------------------------------------
 Index Scan using idx on public.t (actual rows=5048576.00 loops=1)
   Output: a, b
   Index Cond: ((t.a >= '-173851'::integer) AND (t.a <= '-16084'::integer))
   Index Searches: 1
   Buffers: shared hit=147827
 Settings: enable_bitmapscan = 'off', enable_seqscan = 'off', max_parallel_workers_per_gather = '0'
 Planning:
   Buffers: shared hit=106
 Planning Time: 0.203 ms
 Execution Time: 201.400 ms
(10 rows)

