SET
SET
SET
SET
SET
                                                                  QUERY PLAN                                                                  
----------------------------------------------------------------------------------------------------------------------------------------------
 Index Scan using idx on public.t (actual rows=7048576.00 loops=1)
   Output: a, b
   Index Cond: ((t.a >= '-236604'::integer) AND (t.a <= '-16337'::integer))
   Index Searches: 1
   Prefetch: distance=271.911 count=395433 stalls=30 skipped=6848200 resets=0 ungets=195694 forwarded=74449
             histogram [2,4) => 76, [4,8) => 19, [8,16) => 10, [16,32) => 5, [32,64) => 3, [64,128) => 1, [128,256) => 2, [256,512) => 395317
   Buffers: shared hit=131850 read=72172
 Settings: enable_bitmapscan = 'off', enable_seqscan = 'off', max_parallel_workers_per_gather = '0'
 Planning:
   Buffers: shared hit=78 read=23
 Planning Time: 1.782 ms
 Execution Time: 1864.796 ms
(12 rows)

SET
SET
SET
SET
SET
                                             QUERY PLAN                                             
----------------------------------------------------------------------------------------------------
 Index Scan using idx on public.t (actual rows=7048576.00 loops=1)
   Output: a, b
   Index Cond: ((t.a >= '-236604'::integer) AND (t.a <= '-16337'::integer))
   Index Searches: 1
   Buffers: shared hit=206086
 Settings: enable_bitmapscan = 'off', enable_seqscan = 'off', max_parallel_workers_per_gather = '0'
 Planning:
   Buffers: shared hit=106
 Planning Time: 0.204 ms
 Execution Time: 300.556 ms
(10 rows)

