SET
SET
SET
SET
SET
                                                                   QUERY PLAN                                                                    
-------------------------------------------------------------------------------------------------------------------------------------------------
 Index Scan using idx on public.t (actual rows=9048576.00 loops=1)
   Output: a, b
   Index Cond: ((t.a >= '-304522'::integer) AND (t.a <= '-21755'::integer))
   Index Searches: 1
   Prefetch: distance=270.900 count=504141 stalls=939 skipped=8791746 resets=0 ungets=248377 forwarded=94657
             histogram [2,4) => 1898, [4,8) => 112, [8,16) => 10, [16,32) => 5, [32,64) => 4, [64,128) => 2, [128,256) => 3, [256,512) => 502107
   Buffers: shared hit=169400 read=92650
 Settings: enable_bitmapscan = 'off', enable_seqscan = 'off', max_parallel_workers_per_gather = '0'
 Planning:
   Buffers: shared hit=78 read=23
 Planning Time: 1.804 ms
 Execution Time: 2458.306 ms
(12 rows)

SET
SET
SET
SET
SET
                                             QUERY PLAN                                             
----------------------------------------------------------------------------------------------------
 Index Scan using idx on public.t (actual rows=9048576.00 loops=1)
   Output: a, b
   Index Cond: ((t.a >= '-304522'::integer) AND (t.a <= '-21755'::integer))
   Index Searches: 1
   Buffers: shared hit=264791
 Settings: enable_bitmapscan = 'off', enable_seqscan = 'off', max_parallel_workers_per_gather = '0'
 Planning:
   Buffers: shared hit=106
 Planning Time: 0.213 ms
 Execution Time: 379.583 ms
(10 rows)

