SET
SET
SET
SET
SET
                                             QUERY PLAN                                             
----------------------------------------------------------------------------------------------------
 Index Scan using idx on public.t (actual rows=8192.00 loops=1)
   Output: a, b
   Index Cond: ((t.a >= '-8646'::integer) AND (t.a <= '-8391'::integer))
   Index Searches: 1
   Prefetch: distance=3.024 count=166 stalls=47 skipped=7461 resets=0 ungets=0 forwarded=27
             histogram [2,4) => 125, [4,8) => 35, [8,16) => 6
   Buffers: shared hit=152 read=87
 Settings: enable_bitmapscan = 'off', enable_seqscan = 'off', max_parallel_workers_per_gather = '0'
 Planning:
   Buffers: shared hit=78 read=23
 Planning Time: 1.270 ms
 Execution Time: 6.005 ms
(12 rows)

SET
SET
SET
SET
SET
                                             QUERY PLAN                                             
----------------------------------------------------------------------------------------------------
 Index Scan using idx on public.t (actual rows=8192.00 loops=1)
   Output: a, b
   Index Cond: ((t.a >= '-8646'::integer) AND (t.a <= '-8391'::integer))
   Index Searches: 1
   Buffers: shared hit=239
 Settings: enable_bitmapscan = 'off', enable_seqscan = 'off', max_parallel_workers_per_gather = '0'
 Planning:
   Buffers: shared hit=106
 Planning Time: 0.226 ms
 Execution Time: 0.495 ms
(10 rows)

