SET
SET
SET
SET
SET
                                                                 QUERY PLAN                                                                  
---------------------------------------------------------------------------------------------------------------------------------------------
 Index Scan using idx on public.t (actual rows=65536.00 loops=1)
   Output: a, b
   Index Cond: ((t.a >= '-12766'::integer) AND (t.a <= '-10719'::integer))
   Index Searches: 1
   Prefetch: distance=245.393 count=3077 stalls=142 skipped=63498 resets=0 ungets=1372 forwarded=544
             histogram [2,4) => 268, [4,8) => 15, [8,16) => 8, [16,32) => 10, [32,64) => 1, [64,128) => 2, [128,256) => 3, [256,512) => 2770
   Buffers: shared hit=1229 read=675
 Settings: enable_bitmapscan = 'off', enable_seqscan = 'off', max_parallel_workers_per_gather = '0'
 Planning:
   Buffers: shared hit=78 read=23
 Planning Time: 1.268 ms
 Execution Time: 25.070 ms
(12 rows)

SET
SET
SET
SET
SET
                                             QUERY PLAN                                             
----------------------------------------------------------------------------------------------------
 Index Scan using idx on public.t (actual rows=65536.00 loops=1)
   Output: a, b
   Index Cond: ((t.a >= '-12766'::integer) AND (t.a <= '-10719'::integer))
   Index Searches: 1
   Buffers: shared hit=1915
 Settings: enable_bitmapscan = 'off', enable_seqscan = 'off', max_parallel_workers_per_gather = '0'
 Planning:
   Buffers: shared hit=106
 Planning Time: 0.151 ms
 Execution Time: 2.443 ms
(10 rows)

