SET
SET
SET
SET
SET
                                                                  QUERY PLAN                                                                  
----------------------------------------------------------------------------------------------------------------------------------------------
 Index Scan using idx on public.t (actual rows=262144.00 loops=1)
   Output: a, b
   Index Cond: ((t.a >= '-21622'::integer) AND (t.a <= '-13431'::integer))
   Index Searches: 1
   Prefetch: distance=256.025 count=13440 stalls=249 skipped=254465 resets=0 ungets=6265 forwarded=2477
             histogram [2,4) => 669, [4,8) => 107, [8,16) => 9, [16,32) => 8, [32,64) => 2, [64,128) => 3, [128,256) => 1, [256,512) => 12641
   Buffers: shared hit=4920 read=2688
 Settings: enable_bitmapscan = 'off', enable_seqscan = 'off', max_parallel_workers_per_gather = '0'
 Planning:
   Buffers: shared hit=78 read=23
 Planning Time: 1.817 ms
 Execution Time: 87.170 ms
(12 rows)

SET
SET
SET
SET
SET
                                             QUERY PLAN                                             
----------------------------------------------------------------------------------------------------
 Index Scan using idx on public.t (actual rows=262144.00 loops=1)
   Output: a, b
   Index Cond: ((t.a >= '-21622'::integer) AND (t.a <= '-13431'::integer))
   Index Searches: 1
   Buffers: shared hit=7670
 Settings: enable_bitmapscan = 'off', enable_seqscan = 'off', max_parallel_workers_per_gather = '0'
 Planning:
   Buffers: shared hit=106
 Planning Time: 0.195 ms
 Execution Time: 11.265 ms
(10 rows)

