SET
SET
SET
SET
SET
                                                                  QUERY PLAN                                                                  
----------------------------------------------------------------------------------------------------------------------------------------------
 Index Scan using idx on public.t (actual rows=524288.00 loops=1)
   Output: a, b
   Index Cond: ((t.a >= '-18556'::integer) AND (t.a <= '-2173'::integer))
   Index Searches: 1
   Prefetch: distance=269.516 count=28867 stalls=97 skipped=508816 resets=0 ungets=14163 forwarded=5427
             histogram [2,4) => 211, [4,8) => 37, [8,16) => 10, [16,32) => 4, [32,64) => 2, [64,128) => 3, [128,256) => 1, [256,512) => 28599
   Buffers: shared hit=9767 read=5371
 Settings: enable_bitmapscan = 'off', enable_seqscan = 'off', max_parallel_workers_per_gather = '0'
 Planning:
   Buffers: shared hit=78 read=27
 Planning Time: 2.104 ms
 Execution Time: 143.732 ms
(12 rows)

SET
SET
SET
SET
SET
                                             QUERY PLAN                                             
----------------------------------------------------------------------------------------------------
 Index Scan using idx on public.t (actual rows=524288.00 loops=1)
   Output: a, b
   Index Cond: ((t.a >= '-18556'::integer) AND (t.a <= '-2173'::integer))
   Index Searches: 1
   Buffers: shared hit=15291
 Settings: enable_bitmapscan = 'off', enable_seqscan = 'off', max_parallel_workers_per_gather = '0'
 Planning:
   Buffers: shared hit=110
 Planning Time: 0.213 ms
 Execution Time: 24.064 ms
(10 rows)

