SET
SET
SET
SET
SET
                                                                  QUERY PLAN                                                                  
----------------------------------------------------------------------------------------------------------------------------------------------
 Index Scan using idx on public.t (actual rows=1048576.00 loops=1)
   Output: a, b
   Index Cond: ((t.a >= '-43324'::integer) AND (t.a <= '-10557'::integer))
   Index Searches: 1
   Prefetch: distance=269.371 count=57799 stalls=254 skipped=1018576 resets=0 ungets=28340 forwarded=10827
             histogram [2,4) => 509, [4,8) => 34, [8,16) => 10, [16,32) => 6, [32,64) => 1, [64,128) => 3, [128,256) => 1, [256,512) => 57235
   Buffers: shared hit=19646 read=10740
 Settings: enable_bitmapscan = 'off', enable_seqscan = 'off', max_parallel_workers_per_gather = '0'
 Planning:
   Buffers: shared hit=78 read=23
 Planning Time: 1.808 ms
 Execution Time: 290.829 ms
(12 rows)

SET
SET
SET
SET
SET
                                             QUERY PLAN                                             
----------------------------------------------------------------------------------------------------
 Index Scan using idx on public.t (actual rows=1048576.00 loops=1)
   Output: a, b
   Index Cond: ((t.a >= '-43324'::integer) AND (t.a <= '-10557'::integer))
   Index Searches: 1
   Buffers: shared hit=30665
 Settings: enable_bitmapscan = 'off', enable_seqscan = 'off', max_parallel_workers_per_gather = '0'
 Planning:
   Buffers: shared hit=106
 Planning Time: 0.177 ms
 Execution Time: 45.222 ms
(10 rows)

