SET
SET
SET
SET
SET
                                                                  QUERY PLAN                                                                   
-----------------------------------------------------------------------------------------------------------------------------------------------
 Index Scan using idx on public.t (actual rows=2048576.00 loops=1)
   Output: a, b
   Index Cond: ((t.a >= '-84923'::integer) AND (t.a <= '-20906'::integer))
   Index Searches: 1
   Prefetch: distance=271.499 count=114535 stalls=69 skipped=1989683 resets=0 ungets=56606 forwarded=21529
             histogram [2,4) => 166, [4,8) => 24, [8,16) => 10, [16,32) => 5, [32,64) => 2, [64,128) => 3, [128,256) => 1, [256,512) => 114324
   Buffers: shared hit=38301 read=20979
 Settings: enable_bitmapscan = 'off', enable_seqscan = 'off', max_parallel_workers_per_gather = '0'
 Planning:
   Buffers: shared hit=78 read=23
 Planning Time: 1.855 ms
 Execution Time: 552.955 ms
(12 rows)

SET
SET
SET
SET
SET
                                             QUERY PLAN                                             
----------------------------------------------------------------------------------------------------
 Index Scan using idx on public.t (actual rows=2048576.00 loops=1)
   Output: a, b
   Index Cond: ((t.a >= '-84923'::integer) AND (t.a <= '-20906'::integer))
   Index Searches: 1
   Buffers: shared hit=59860
 Settings: enable_bitmapscan = 'off', enable_seqscan = 'off', max_parallel_workers_per_gather = '0'
 Planning:
   Buffers: shared hit=106
 Planning Time: 0.204 ms
 Execution Time: 88.080 ms
(10 rows)

