SET
SET
SET
SET
SET
                                                                 QUERY PLAN                                                                  
---------------------------------------------------------------------------------------------------------------------------------------------
 Index Scan using idx on public.t (actual rows=4048576.00 loops=1)
   Output: a, b
   Index Cond: ((t.a >= '-127042'::integer) AND (t.a <= '-525'::integer))
   Index Searches: 1
   Prefetch: distance=271.917 count=227300 stalls=10 skipped=3933448 resets=0 ungets=112461 forwarded=42829
             histogram [2,4) => 26, [4,8) => 13, [8,16) => 9, [16,32) => 9, [32,64) => 1, [64,128) => 2, [128,256) => 3, [256,512) => 227237
   Buffers: shared hit=75778 read=41456
 Settings: enable_bitmapscan = 'off', enable_seqscan = 'off', max_parallel_workers_per_gather = '0'
 Planning:
   Buffers: shared hit=78 read=27
 Planning Time: 2.099 ms
 Execution Time: 1075.895 ms
(12 rows)

SET
SET
SET
SET
SET
                                             QUERY PLAN                                             
----------------------------------------------------------------------------------------------------
 Index Scan using idx on public.t (actual rows=4048576.00 loops=1)
   Output: a, b
   Index Cond: ((t.a >= '-127042'::integer) AND (t.a <= '-525'::integer))
   Index Searches: 1
   Buffers: shared hit=118475
 Settings: enable_bitmapscan = 'off', enable_seqscan = 'off', max_parallel_workers_per_gather = '0'
 Planning:
   Buffers: shared hit=110
 Planning Time: 0.221 ms
 Execution Time: 184.984 ms
(10 rows)

