SET
SET
SET
SET
SET
                                                                  QUERY PLAN                                                                  
----------------------------------------------------------------------------------------------------------------------------------------------
 Index Scan using idx on public.t (actual rows=5048576.00 loops=1)
   Output: a, b
   Index Cond: ((t.a >= '-171834'::integer) AND (t.a <= '-14067'::integer))
   Index Searches: 1
   Prefetch: distance=271.531 count=282884 stalls=188 skipped=4904200 resets=0 ungets=139783 forwarded=53198
             histogram [2,4) => 426, [4,8) => 33, [8,16) => 8, [16,32) => 9, [32,64) => 1, [64,128) => 2, [128,256) => 3, [256,512) => 282402
   Buffers: shared hit=94662 read=51694
 Settings: enable_bitmapscan = 'off', enable_seqscan = 'off', max_parallel_workers_per_gather = '0'
 Planning:
   Buffers: shared hit=78 read=23
 Planning Time: 1.859 ms
 Execution Time: 1352.909 ms
(12 rows)

SET
SET
SET
SET
SET
                                             QUERY PLAN                                             
----------------------------------------------------------------------------------------------------
 Index Scan using idx on public.t (actual rows=5048576.00 loops=1)
   Output: a, b
   Index Cond: ((t.a >= '-171834'::integer) AND (t.a <= '-14067'::integer))
   Index Searches: 1
   Buffers: shared hit=147832
 Settings: enable_bitmapscan = 'off', enable_seqscan = 'off', max_parallel_workers_per_gather = '0'
 Planning:
   Buffers: shared hit=106
 Planning Time: 0.202 ms
 Execution Time: 213.008 ms
(10 rows)

