SET
SET
SET
SET
SET
                                                                  QUERY PLAN                                                                   
-----------------------------------------------------------------------------------------------------------------------------------------------
 Index Scan using idx on public.t (actual rows=6048576.00 loops=1)
   Output: a, b
   Index Cond: ((t.a >= '-210969'::integer) AND (t.a <= '-21952'::integer))
   Index Searches: 1
   Prefetch: distance=271.513 count=338467 stalls=258 skipped=5876950 resets=0 ungets=167226 forwarded=63640
             histogram [2,4) => 545, [4,8) => 33, [8,16) => 6, [16,32) => 10, [32,64) => 1, [64,128) => 1, [128,256) => 2, [256,512) => 337869
   Buffers: shared hit=113215 read=61934
 Settings: enable_bitmapscan = 'off', enable_seqscan = 'off', max_parallel_workers_per_gather = '0'
 Planning:
   Buffers: shared hit=78 read=23
 Planning Time: 1.816 ms
 Execution Time: 1621.476 ms
(12 rows)

SET
SET
SET
SET
SET
                                             QUERY PLAN                                             
----------------------------------------------------------------------------------------------------
 Index Scan using idx on public.t (actual rows=6048576.00 loops=1)
   Output: a, b
   Index Cond: ((t.a >= '-210969'::integer) AND (t.a <= '-21952'::integer))
   Index Searches: 1
   Buffers: shared hit=176910
 Settings: enable_bitmapscan = 'off', enable_seqscan = 'off', max_parallel_workers_per_gather = '0'
 Planning:
   Buffers: shared hit=106
 Planning Time: 0.208 ms
 Execution Time: 256.092 ms
(10 rows)

