SET
SET
SET
SET
SET
                                                                  QUERY PLAN                                                                   
-----------------------------------------------------------------------------------------------------------------------------------------------
 Index Scan using idx on public.t (actual rows=8048576.00 loops=1)
   Output: a, b
   Index Cond: ((t.a >= '-267552'::integer) AND (t.a <= '-16035'::integer))
   Index Searches: 1
   Prefetch: distance=271.644 count=450883 stalls=264 skipped=7819462 resets=0 ungets=222896 forwarded=84789
             histogram [2,4) => 528, [4,8) => 25, [8,16) => 6, [16,32) => 10, [32,64) => 3, [64,128) => 1, [128,256) => 3, [256,512) => 450307
   Buffers: shared hit=150696 read=82411
 Settings: enable_bitmapscan = 'off', enable_seqscan = 'off', max_parallel_workers_per_gather = '0'
 Planning:
   Buffers: shared hit=78 read=23
 Planning Time: 1.799 ms
 Execution Time: 2154.235 ms
(12 rows)

SET
SET
SET
SET
SET
                                             QUERY PLAN                                             
----------------------------------------------------------------------------------------------------
 Index Scan using idx on public.t (actual rows=8048576.00 loops=1)
   Output: a, b
   Index Cond: ((t.a >= '-267552'::integer) AND (t.a <= '-16035'::integer))
   Index Searches: 1
   Buffers: shared hit=235465
 Settings: enable_bitmapscan = 'off', enable_seqscan = 'off', max_parallel_workers_per_gather = '0'
 Planning:
   Buffers: shared hit=106
 Planning Time: 0.228 ms
 Execution Time: 336.643 ms
(10 rows)

