SET
SET
SET
SET
SET
                                                                  QUERY PLAN                                                                   
-----------------------------------------------------------------------------------------------------------------------------------------------
 Index Scan using idx on public.t (actual rows=9048576.00 loops=1)
   Output: a, b
   Index Cond: ((t.a >= '-285686'::integer) AND (t.a <= '-2919'::integer))
   Index Searches: 1
   Prefetch: distance=271.826 count=507709 stalls=127 skipped=8790970 resets=0 ungets=251221 forwarded=95530
             histogram [2,4) => 250, [4,8) => 36, [8,16) => 11, [16,32) => 6, [32,64) => 1, [64,128) => 2, [128,256) => 3, [256,512) => 507400
   Buffers: shared hit=169441 read=92649
 Settings: enable_bitmapscan = 'off', enable_seqscan = 'off', max_parallel_workers_per_gather = '0'
 Planning:
   Buffers: shared hit=78 read=27
 Planning Time: 2.086 ms
 Execution Time: 2407.560 ms
(12 rows)

SET
SET
SET
SET
SET
                                             QUERY PLAN                                             
----------------------------------------------------------------------------------------------------
 Index Scan using idx on public.t (actual rows=9048576.00 loops=1)
   Output: a, b
   Index Cond: ((t.a >= '-285686'::integer) AND (t.a <= '-2919'::integer))
   Index Searches: 1
   Buffers: shared hit=264728
 Settings: enable_bitmapscan = 'off', enable_seqscan = 'off', max_parallel_workers_per_gather = '0'
 Planning:
   Buffers: shared hit=110
 Planning Time: 0.231 ms
 Execution Time: 390.970 ms
(10 rows)

