SET
SET
SET
SET
SET
                                             QUERY PLAN                                             
----------------------------------------------------------------------------------------------------
 Index Scan using idx on public.t (actual rows=2048.00 loops=1)
   Output: a, b
   Index Cond: ((t.a >= '-14231'::integer) AND (t.a <= '-14168'::integer))
   Index Searches: 1
   Prefetch: distance=2.238 count=42 stalls=18 skipped=1957 resets=0 ungets=0 forwarded=3
             histogram [2,4) => 39, [4,8) => 3
   Buffers: shared hit=42 read=26
 Settings: enable_bitmapscan = 'off', enable_seqscan = 'off', max_parallel_workers_per_gather = '0'
 Planning:
   Buffers: shared hit=78 read=23
 Planning Time: 1.272 ms
 Execution Time: 2.001 ms
(12 rows)

SET
SET
SET
SET
SET
                                             QUERY PLAN                                             
----------------------------------------------------------------------------------------------------
 Index Scan using idx on public.t (actual rows=2048.00 loops=1)
   Output: a, b
   Index Cond: ((t.a >= '-14231'::integer) AND (t.a <= '-14168'::integer))
   Index Searches: 1
   Buffers: shared hit=68
 Settings: enable_bitmapscan = 'off', enable_seqscan = 'off', max_parallel_workers_per_gather = '0'
 Planning:
   Buffers: shared hit=106
 Planning Time: 0.120 ms
 Execution Time: 0.109 ms
(10 rows)

