SET
SET
SET
SET
SET
                                                                 QUERY PLAN                                                                 
--------------------------------------------------------------------------------------------------------------------------------------------
 Index Scan using idx on public.t (actual rows=131072.00 loops=1)
   Output: a, b
   Index Cond: ((t.a >= '-17919'::integer) AND (t.a <= '-13824'::integer))
   Index Searches: 1
   Prefetch: distance=261.905 count=6842 stalls=100 skipped=126924 resets=0 ungets=3266 forwarded=1258
             histogram [2,4) => 220, [4,8) => 17, [8,16) => 7, [16,32) => 9, [32,64) => 1, [64,128) => 2, [128,256) => 3, [256,512) => 6583
   Buffers: shared hit=2441 read=1346
 Settings: enable_bitmapscan = 'off', enable_seqscan = 'off', max_parallel_workers_per_gather = '0'
 Planning:
   Buffers: shared hit=78 read=23
 Planning Time: 1.619 ms
 Execution Time: 41.344 ms
(12 rows)

SET
SET
SET
SET
SET
                                             QUERY PLAN                                             
----------------------------------------------------------------------------------------------------
 Index Scan using idx on public.t (actual rows=131072.00 loops=1)
   Output: a, b
   Index Cond: ((t.a >= '-17919'::integer) AND (t.a <= '-13824'::integer))
   Index Searches: 1
   Buffers: shared hit=3809
 Settings: enable_bitmapscan = 'off', enable_seqscan = 'off', max_parallel_workers_per_gather = '0'
 Planning:
   Buffers: shared hit=106
 Planning Time: 0.147 ms
 Execution Time: 4.937 ms
(10 rows)

