SET
SET
SET
SET
SET
                                                                 QUERY PLAN                                                                  
---------------------------------------------------------------------------------------------------------------------------------------------
 Index Scan using idx on public.t (actual rows=524288.00 loops=1)
   Output: a, b
   Index Cond: ((t.a >= '-23705'::integer) AND (t.a <= '-7322'::integer))
   Index Searches: 1
   Prefetch: distance=270.677 count=29115 stalls=44 skipped=508680 resets=0 ungets=14350 forwarded=5466
             histogram [2,4) => 98, [4,8) => 25, [8,16) => 11, [16,32) => 6, [32,64) => 1, [64,128) => 3, [128,256) => 1, [256,512) => 28970
   Buffers: shared hit=9813 read=5372
 Settings: enable_bitmapscan = 'off', enable_seqscan = 'off', max_parallel_workers_per_gather = '0'
 Planning:
   Buffers: shared hit=78 read=23
 Planning Time: 1.810 ms
 Execution Time: 142.600 ms
(12 rows)

SET
SET
SET
SET
SET
                                             QUERY PLAN                                             
----------------------------------------------------------------------------------------------------
 Index Scan using idx on public.t (actual rows=524288.00 loops=1)
   Output: a, b
   Index Cond: ((t.a >= '-23705'::integer) AND (t.a <= '-7322'::integer))
   Index Searches: 1
   Buffers: shared hit=15309
 Settings: enable_bitmapscan = 'off', enable_seqscan = 'off', max_parallel_workers_per_gather = '0'
 Planning:
   Buffers: shared hit=106
 Planning Time: 0.200 ms
 Execution Time: 22.469 ms
(10 rows)

