SET
SET
SET
SET
SET
                                                                  QUERY PLAN                                                                   
-----------------------------------------------------------------------------------------------------------------------------------------------
 Index Scan using idx on public.t (actual rows=3048576.00 loops=1)
   Output: a, b
   Index Cond: ((t.a >= '-112145'::integer) AND (t.a <= '-16878'::integer))
   Index Searches: 1
   Prefetch: distance=271.304 count=170477 stalls=178 skipped=2961435 resets=0 ungets=84153 forwarded=32066
             histogram [2,4) => 382, [4,8) => 30, [8,16) => 7, [16,32) => 10, [32,64) => 1, [64,128) => 2, [128,256) => 3, [256,512) => 170042
   Buffers: shared hit=57103 read=31218
 Settings: enable_bitmapscan = 'off', enable_seqscan = 'off', max_parallel_workers_per_gather = '0'
 Planning:
   Buffers: shared hit=78 read=23
 Planning Time: 1.821 ms
 Execution Time: 823.501 ms
(12 rows)

SET
SET
SET
SET
SET
                                             QUERY PLAN                                             
----------------------------------------------------------------------------------------------------
 Index Scan using idx on public.t (actual rows=3048576.00 loops=1)
   Output: a, b
   Index Cond: ((t.a >= '-112145'::integer) AND (t.a <= '-16878'::integer))
   Index Searches: 1
   Buffers: shared hit=89251
 Settings: enable_bitmapscan = 'off', enable_seqscan = 'off', max_parallel_workers_per_gather = '0'
 Planning:
   Buffers: shared hit=106
 Planning Time: 0.183 ms
 Execution Time: 131.091 ms
(10 rows)

