SET
SET
SET
SET
SET
                                                                  QUERY PLAN                                                                   
-----------------------------------------------------------------------------------------------------------------------------------------------
 Index Scan using idx on public.t (actual rows=4048576.00 loops=1)
   Output: a, b
   Index Cond: ((t.a >= '-129094'::integer) AND (t.a <= '-2577'::integer))
   Index Searches: 1
   Prefetch: distance=271.610 count=226933 stalls=144 skipped=3932773 resets=0 ungets=112201 forwarded=42714
             histogram [2,4) => 272, [4,8) => 28, [8,16) => 10, [16,32) => 5, [32,64) => 2, [64,128) => 3, [128,256) => 1, [256,512) => 226612
   Buffers: shared hit=75853 read=41454
 Settings: enable_bitmapscan = 'off', enable_seqscan = 'off', max_parallel_workers_per_gather = '0'
 Planning:
   Buffers: shared hit=78 read=27
 Planning Time: 2.094 ms
 Execution Time: 1085.557 ms
(12 rows)

SET
SET
SET
SET
SET
                                             QUERY PLAN                                             
----------------------------------------------------------------------------------------------------
 Index Scan using idx on public.t (actual rows=4048576.00 loops=1)
   Output: a, b
   Index Cond: ((t.a >= '-129094'::integer) AND (t.a <= '-2577'::integer))
   Index Searches: 1
   Buffers: shared hit=118520
 Settings: enable_bitmapscan = 'off', enable_seqscan = 'off', max_parallel_workers_per_gather = '0'
 Planning:
   Buffers: shared hit=110
 Planning Time: 0.222 ms
 Execution Time: 181.402 ms
(10 rows)

