SET
SET
SET
SET
SET
                                                                  QUERY PLAN                                                                   
-----------------------------------------------------------------------------------------------------------------------------------------------
 Index Scan using idx on public.t (actual rows=5048576.00 loops=1)
   Output: a, b
   Index Cond: ((t.a >= '-175302'::integer) AND (t.a <= '-17535'::integer))
   Index Searches: 1
   Prefetch: distance=271.594 count=283117 stalls=142 skipped=4905223 resets=0 ungets=139969 forwarded=53245
             histogram [2,4) => 346, [4,8) => 51, [8,16) => 10, [16,32) => 4, [32,64) => 3, [64,128) => 1, [128,256) => 2, [256,512) => 282700
   Buffers: shared hit=94666 read=51695
 Settings: enable_bitmapscan = 'off', enable_seqscan = 'off', max_parallel_workers_per_gather = '0'
 Planning:
   Buffers: shared hit=78 read=23
 Planning Time: 1.864 ms
 Execution Time: 1359.606 ms
(12 rows)

SET
SET
SET
SET
SET
                                             QUERY PLAN                                             
----------------------------------------------------------------------------------------------------
 Index Scan using idx on public.t (actual rows=5048576.00 loops=1)
   Output: a, b
   Index Cond: ((t.a >= '-175302'::integer) AND (t.a <= '-17535'::integer))
   Index Searches: 1
   Buffers: shared hit=147804
 Settings: enable_bitmapscan = 'off', enable_seqscan = 'off', max_parallel_workers_per_gather = '0'
 Planning:
   Buffers: shared hit=106
 Planning Time: 0.178 ms
 Execution Time: 214.346 ms
(10 rows)

