SET
SET
SET
SET
SET
                                                                  QUERY PLAN                                                                   
-----------------------------------------------------------------------------------------------------------------------------------------------
 Index Scan using idx on public.t (actual rows=7048576.00 loops=1)
   Output: a, b
   Index Cond: ((t.a >= '-242581'::integer) AND (t.a <= '-22314'::integer))
   Index Searches: 1
   Prefetch: distance=271.812 count=395302 stalls=84 skipped=6848393 resets=0 ungets=195554 forwarded=74419
             histogram [2,4) => 208, [4,8) => 32, [8,16) => 10, [16,32) => 6, [32,64) => 1, [64,128) => 2, [128,256) => 3, [256,512) => 395040
   Buffers: shared hit=131918 read=72173
 Settings: enable_bitmapscan = 'off', enable_seqscan = 'off', max_parallel_workers_per_gather = '0'
 Planning:
   Buffers: shared hit=78 read=23
 Planning Time: 1.779 ms
 Execution Time: 1889.108 ms
(12 rows)

SET
SET
SET
SET
SET
                                             QUERY PLAN                                             
----------------------------------------------------------------------------------------------------
 Index Scan using idx on public.t (actual rows=7048576.00 loops=1)
   Output: a, b
   Index Cond: ((t.a >= '-242581'::integer) AND (t.a <= '-22314'::integer))
   Index Searches: 1
   Buffers: shared hit=206140
 Settings: enable_bitmapscan = 'off', enable_seqscan = 'off', max_parallel_workers_per_gather = '0'
 Planning:
   Buffers: shared hit=106
 Planning Time: 0.201 ms
 Execution Time: 298.800 ms
(10 rows)

