SET
SET
SET
SET
SET
                                                                 QUERY PLAN                                                                  
---------------------------------------------------------------------------------------------------------------------------------------------
 Index Scan using idx on public.t (actual rows=8048576.00 loops=1)
   Output: a, b
   Index Cond: ((t.a >= '-266250'::integer) AND (t.a <= '-14733'::integer))
   Index Searches: 1
   Prefetch: distance=271.918 count=451680 stalls=35 skipped=7819695 resets=0 ungets=223473 forwarded=85029
             histogram [2,4) => 82, [4,8) => 11, [8,16) => 7, [16,32) => 9, [32,64) => 4, [64,128) => 2, [128,256) => 4, [256,512) => 451561
   Buffers: shared hit=150663 read=82412
 Settings: enable_bitmapscan = 'off', enable_seqscan = 'off', max_parallel_workers_per_gather = '0'
 Planning:
   Buffers: shared hit=78 read=23
 Planning Time: 1.813 ms
 Execution Time: 2131.966 ms
(12 rows)

SET
SET
SET
SET
SET
                                             QUERY PLAN                                             
----------------------------------------------------------------------------------------------------
 Index Scan using idx on public.t (actual rows=8048576.00 loops=1)
   Output: a, b
   Index Cond: ((t.a >= '-266250'::integer) AND (t.a <= '-14733'::integer))
   Index Searches: 1
   Buffers: shared hit=235455
 Settings: enable_bitmapscan = 'off', enable_seqscan = 'off', max_parallel_workers_per_gather = '0'
 Planning:
   Buffers: shared hit=106
 Planning Time: 0.205 ms
 Execution Time: 335.985 ms
(10 rows)

