SET
SET
SET
SET
SET
                                             QUERY PLAN                                             
----------------------------------------------------------------------------------------------------
 Index Scan using idx on public.t (actual rows=2048.00 loops=1)
   Output: a, b
   Index Cond: ((t.a >= '-19178'::integer) AND (t.a <= '-19115'::integer))
   Index Searches: 1
   Prefetch: distance=2.219 count=32 stalls=14 skipped=1555 resets=0 ungets=0 forwarded=2
             histogram [2,4) => 30, [4,8) => 2
   Buffers: shared hit=41 read=25
 Settings: enable_bitmapscan = 'off', enable_seqscan = 'off', max_parallel_workers_per_gather = '0'
 Planning:
   Buffers: shared hit=78 read=23
 Planning Time: 1.275 ms
 Execution Time: 2.054 ms
(12 rows)

SET
SET
SET
SET
SET
                                             QUERY PLAN                                             
----------------------------------------------------------------------------------------------------
 Index Scan using idx on public.t (actual rows=2048.00 loops=1)
   Output: a, b
   Index Cond: ((t.a >= '-19178'::integer) AND (t.a <= '-19115'::integer))
   Index Searches: 1
   Buffers: shared hit=66
 Settings: enable_bitmapscan = 'off', enable_seqscan = 'off', max_parallel_workers_per_gather = '0'
 Planning:
   Buffers: shared hit=106
 Planning Time: 0.115 ms
 Execution Time: 0.099 ms
(10 rows)

