SET
SET
SET
SET
SET
                                                                 QUERY PLAN                                                                  
---------------------------------------------------------------------------------------------------------------------------------------------
 Index Scan using idx on public.t (actual rows=32768.00 loops=1)
   Output: a, b
   Index Cond: ((t.a >= '-23870'::integer) AND (t.a <= '-22847'::integer))
   Index Searches: 1
   Prefetch: distance=223.762 count=1391 stalls=101 skipped=31362 resets=0 ungets=565 forwarded=235
             histogram [2,4) => 203, [4,8) => 27, [8,16) => 11, [16,32) => 6, [32,64) => 1, [64,128) => 3, [128,256) => 1, [256,512) => 1139
   Buffers: shared hit=626 read=339
 Settings: enable_bitmapscan = 'off', enable_seqscan = 'off', max_parallel_workers_per_gather = '0'
 Planning:
   Buffers: shared hit=78 read=23
 Planning Time: 1.382 ms
 Execution Time: 15.805 ms
(12 rows)

SET
SET
SET
SET
SET
                                             QUERY PLAN                                             
----------------------------------------------------------------------------------------------------
 Index Scan using idx on public.t (actual rows=32768.00 loops=1)
   Output: a, b
   Index Cond: ((t.a >= '-23870'::integer) AND (t.a <= '-22847'::integer))
   Index Searches: 1
   Buffers: shared hit=972
 Settings: enable_bitmapscan = 'off', enable_seqscan = 'off', max_parallel_workers_per_gather = '0'
 Planning:
   Buffers: shared hit=106
 Planning Time: 0.187 ms
 Execution Time: 1.519 ms
(10 rows)

