SET
SET
SET
SET
SET
                                             QUERY PLAN                                             
----------------------------------------------------------------------------------------------------
 Index Scan using idx on public.t (actual rows=65536.00 loops=1)
   Output: a, b
   Index Cond: ((t.a >= '-32654'::integer) AND (t.a <= '-30607'::integer))
   Index Searches: 1
   Prefetch: distance=2.170 count=1277 stalls=576 skipped=63204 resets=0 ungets=0 forwarded=61
             histogram [2,4) => 1202, [4,8) => 75
   Buffers: shared hit=1254 read=675
 Settings: enable_bitmapscan = 'off', enable_seqscan = 'off', max_parallel_workers_per_gather = '0'
 Planning:
   Buffers: shared hit=78 read=23
 Planning Time: 1.552 ms
 Execution Time: 50.521 ms
(12 rows)

SET
SET
SET
SET
SET
                                             QUERY PLAN                                             
----------------------------------------------------------------------------------------------------
 Index Scan using idx on public.t (actual rows=65536.00 loops=1)
   Output: a, b
   Index Cond: ((t.a >= '-32654'::integer) AND (t.a <= '-30607'::integer))
   Index Searches: 1
   Buffers: shared hit=1929
 Settings: enable_bitmapscan = 'off', enable_seqscan = 'off', max_parallel_workers_per_gather = '0'
 Planning:
   Buffers: shared hit=106
 Planning Time: 0.138 ms
 Execution Time: 2.831 ms
(10 rows)

