SET
SET
SET
SET
SET
                                                                 QUERY PLAN                                                                  
---------------------------------------------------------------------------------------------------------------------------------------------
 Index Scan using idx on public.t (actual rows=131072.00 loops=1)
   Output: a, b
   Index Cond: ((t.a >= '-18575'::integer) AND (t.a <= '-14480'::integer))
   Index Searches: 1
   Prefetch: distance=260.728 count=6815 stalls=107 skipped=127234 resets=0 ungets=3243 forwarded=1251
             histogram [2,4) => 231, [4,8) => 37, [8,16) => 10, [16,32) => 4, [32,64) => 2, [64,128) => 3, [128,256) => 1, [256,512) => 6527
   Buffers: shared hit=2437 read=1347
 Settings: enable_bitmapscan = 'off', enable_seqscan = 'off', max_parallel_workers_per_gather = '0'
 Planning:
   Buffers: shared hit=78 read=23
 Planning Time: 1.815 ms
 Execution Time: 42.324 ms
(12 rows)

SET
SET
SET
SET
SET
                                             QUERY PLAN                                             
----------------------------------------------------------------------------------------------------
 Index Scan using idx on public.t (actual rows=131072.00 loops=1)
   Output: a, b
   Index Cond: ((t.a >= '-18575'::integer) AND (t.a <= '-14480'::integer))
   Index Searches: 1
   Buffers: shared hit=3807
 Settings: enable_bitmapscan = 'off', enable_seqscan = 'off', max_parallel_workers_per_gather = '0'
 Planning:
   Buffers: shared hit=106
 Planning Time: 0.179 ms
 Execution Time: 5.665 ms
(10 rows)

