SET
SET
SET
SET
SET
                                                                  QUERY PLAN                                                                  
----------------------------------------------------------------------------------------------------------------------------------------------
 Index Scan using idx on public.t (actual rows=262144.00 loops=1)
   Output: a, b
   Index Cond: ((t.a >= '-12013'::integer) AND (t.a <= '-3822'::integer))
   Index Searches: 1
   Prefetch: distance=270.182 count=14521 stalls=27 skipped=253996 resets=0 ungets=7135 forwarded=2733
             histogram [2,4) => 59, [4,8) => 15, [8,16) => 10, [16,32) => 11, [32,64) => 1, [64,128) => 3, [128,256) => 1, [256,512) => 14421
   Buffers: shared hit=4902 read=2687
 Settings: enable_bitmapscan = 'off', enable_seqscan = 'off', max_parallel_workers_per_gather = '0'
 Planning:
   Buffers: shared hit=78 read=27
 Planning Time: 2.087 ms
 Execution Time: 70.674 ms
(12 rows)

SET
SET
SET
SET
SET
                                             QUERY PLAN                                             
----------------------------------------------------------------------------------------------------
 Index Scan using idx on public.t (actual rows=262144.00 loops=1)
   Output: a, b
   Index Cond: ((t.a >= '-12013'::integer) AND (t.a <= '-3822'::integer))
   Index Searches: 1
   Buffers: shared hit=7671
 Settings: enable_bitmapscan = 'off', enable_seqscan = 'off', max_parallel_workers_per_gather = '0'
 Planning:
   Buffers: shared hit=110
 Planning Time: 0.175 ms
 Execution Time: 10.744 ms
(10 rows)

