SET
SET
SET
SET
SET
                                                                  QUERY PLAN                                                                  
----------------------------------------------------------------------------------------------------------------------------------------------
 Index Scan using idx on public.t (actual rows=1048576.00 loops=1)
   Output: a, b
   Index Cond: ((t.a >= '-60893'::integer) AND (t.a <= '-28126'::integer))
   Index Searches: 1
   Prefetch: distance=271.198 count=58652 stalls=66 skipped=1018543 resets=0 ungets=28940 forwarded=11013
             histogram [2,4) => 134, [4,8) => 14, [8,16) => 6, [16,32) => 11, [32,64) => 3, [64,128) => 6, [128,256) => 4, [256,512) => 58474
   Buffers: shared hit=19691 read=10740
 Settings: enable_bitmapscan = 'off', enable_seqscan = 'off', max_parallel_workers_per_gather = '0'
 Planning:
   Buffers: shared hit=78 read=23
 Planning Time: 1.839 ms
 Execution Time: 285.638 ms
(12 rows)

SET
SET
SET
SET
SET
                                             QUERY PLAN                                             
----------------------------------------------------------------------------------------------------
 Index Scan using idx on public.t (actual rows=1048576.00 loops=1)
   Output: a, b
   Index Cond: ((t.a >= '-60893'::integer) AND (t.a <= '-28126'::integer))
   Index Searches: 1
   Buffers: shared hit=30726
 Settings: enable_bitmapscan = 'off', enable_seqscan = 'off', max_parallel_workers_per_gather = '0'
 Planning:
   Buffers: shared hit=106
 Planning Time: 0.217 ms
 Execution Time: 44.771 ms
(10 rows)

