SET
SET
SET
SET
SET
                                                                  QUERY PLAN                                                                   
-----------------------------------------------------------------------------------------------------------------------------------------------
 Index Scan using idx on public.t (actual rows=4048576.00 loops=1)
   Output: a, b
   Index Cond: ((t.a >= '-153761'::integer) AND (t.a <= '-27244'::integer))
   Index Searches: 1
   Prefetch: distance=271.773 count=227185 stalls=75 skipped=3932936 resets=0 ungets=112323 forwarded=42823
             histogram [2,4) => 137, [4,8) => 22, [8,16) => 7, [16,32) => 10, [32,64) => 3, [64,128) => 1, [128,256) => 3, [256,512) => 227002
   Buffers: shared hit=75891 read=41456
 Settings: enable_bitmapscan = 'off', enable_seqscan = 'off', max_parallel_workers_per_gather = '0'
 Planning:
   Buffers: shared hit=78 read=23
 Planning Time: 1.802 ms
 Execution Time: 1085.417 ms
(12 rows)

SET
SET
SET
SET
SET
                                             QUERY PLAN                                             
----------------------------------------------------------------------------------------------------
 Index Scan using idx on public.t (actual rows=4048576.00 loops=1)
   Output: a, b
   Index Cond: ((t.a >= '-153761'::integer) AND (t.a <= '-27244'::integer))
   Index Searches: 1
   Buffers: shared hit=118572
 Settings: enable_bitmapscan = 'off', enable_seqscan = 'off', max_parallel_workers_per_gather = '0'
 Planning:
   Buffers: shared hit=106
 Planning Time: 0.231 ms
 Execution Time: 173.257 ms
(10 rows)

