SET
SET
SET
SET
SET
                                                                  QUERY PLAN                                                                   
-----------------------------------------------------------------------------------------------------------------------------------------------
 Index Scan using idx on public.t (actual rows=5048576.00 loops=1)
   Output: a, b
   Index Cond: ((t.a >= '-162356'::integer) AND (t.a <= '-4589'::integer))
   Index Searches: 1
   Prefetch: distance=271.683 count=283166 stalls=154 skipped=4905064 resets=0 ungets=139999 forwarded=53294
             histogram [2,4) => 282, [4,8) => 17, [8,16) => 6, [16,32) => 10, [32,64) => 2, [64,128) => 4, [128,256) => 1, [256,512) => 282844
   Buffers: shared hit=94620 read=51694
 Settings: enable_bitmapscan = 'off', enable_seqscan = 'off', max_parallel_workers_per_gather = '0'
 Planning:
   Buffers: shared hit=78 read=27
 Planning Time: 2.091 ms
 Execution Time: 1352.008 ms
(12 rows)

SET
SET
SET
SET
SET
                                             QUERY PLAN                                             
----------------------------------------------------------------------------------------------------
 Index Scan using idx on public.t (actual rows=5048576.00 loops=1)
   Output: a, b
   Index Cond: ((t.a >= '-162356'::integer) AND (t.a <= '-4589'::integer))
   Index Searches: 1
   Buffers: shared hit=147838
 Settings: enable_bitmapscan = 'off', enable_seqscan = 'off', max_parallel_workers_per_gather = '0'
 Planning:
   Buffers: shared hit=110
 Planning Time: 0.197 ms
 Execution Time: 231.134 ms
(10 rows)

