SET
SET
SET
SET
SET
                                                                  QUERY PLAN                                                                   
-----------------------------------------------------------------------------------------------------------------------------------------------
 Index Scan using idx on public.t (actual rows=6048576.00 loops=1)
   Output: a, b
   Index Cond: ((t.a >= '-212339'::integer) AND (t.a <= '-23322'::integer))
   Index Searches: 1
   Prefetch: distance=271.773 count=339236 stalls=113 skipped=5876783 resets=0 ungets=167843 forwarded=63815
             histogram [2,4) => 221, [4,8) => 30, [8,16) => 11, [16,32) => 5, [32,64) => 3, [64,128) => 2, [128,256) => 3, [256,512) => 338961
   Buffers: shared hit=113300 read=61934
 Settings: enable_bitmapscan = 'off', enable_seqscan = 'off', max_parallel_workers_per_gather = '0'
 Planning:
   Buffers: shared hit=78 read=23
 Planning Time: 1.782 ms
 Execution Time: 1610.500 ms
(12 rows)

SET
SET
SET
SET
SET
                                             QUERY PLAN                                             
----------------------------------------------------------------------------------------------------
 Index Scan using idx on public.t (actual rows=6048576.00 loops=1)
   Output: a, b
   Index Cond: ((t.a >= '-212339'::integer) AND (t.a <= '-23322'::integer))
   Index Searches: 1
   Buffers: shared hit=176920
 Settings: enable_bitmapscan = 'off', enable_seqscan = 'off', max_parallel_workers_per_gather = '0'
 Planning:
   Buffers: shared hit=106
 Planning Time: 0.212 ms
 Execution Time: 257.510 ms
(10 rows)

