SET
SET
SET
SET
SET
                                                                  QUERY PLAN                                                                  
----------------------------------------------------------------------------------------------------------------------------------------------
 Index Scan using idx on public.t (actual rows=9048576.00 loops=1)
   Output: a, b
   Index Cond: ((t.a >= '-283097'::integer) AND (t.a <= '-330'::integer))
   Index Searches: 1
   Prefetch: distance=271.942 count=507907 stalls=14 skipped=8790949 resets=0 ungets=251317 forwarded=95631
             histogram [2,4) => 48, [4,8) => 16, [8,16) => 7, [16,32) => 10, [32,64) => 3, [64,128) => 1, [128,256) => 2, [256,512) => 507820
   Buffers: shared hit=169443 read=92648
 Settings: enable_bitmapscan = 'off', enable_seqscan = 'off', max_parallel_workers_per_gather = '0'
 Planning:
   Buffers: shared hit=78 read=27
 Planning Time: 2.115 ms
 Execution Time: 2408.397 ms
(12 rows)

SET
SET
SET
SET
SET
                                             QUERY PLAN                                             
----------------------------------------------------------------------------------------------------
 Index Scan using idx on public.t (actual rows=9048576.00 loops=1)
   Output: a, b
   Index Cond: ((t.a >= '-283097'::integer) AND (t.a <= '-330'::integer))
   Index Searches: 1
   Buffers: shared hit=264719
 Settings: enable_bitmapscan = 'off', enable_seqscan = 'off', max_parallel_workers_per_gather = '0'
 Planning:
   Buffers: shared hit=110
 Planning Time: 0.228 ms
 Execution Time: 409.162 ms
(10 rows)

