SET
SET
SET
SET
SET
                                             QUERY PLAN                                             
----------------------------------------------------------------------------------------------------
 Index Scan Backward using idx on public.t (actual rows=8192.00 loops=1)
   Output: a, b
   Index Cond: ((t.a >= '-15011'::integer) AND (t.a <= '-14756'::integer))
   Index Searches: 1
   Prefetch: distance=2.312 count=138 stalls=53 skipped=6882 resets=0 ungets=0 forwarded=0
             histogram [2,4) => 118, [4,8) => 20
   Buffers: shared hit=149 read=88
 Settings: enable_bitmapscan = 'off', enable_seqscan = 'off', max_parallel_workers_per_gather = '0'
 Planning:
   Buffers: shared hit=82 read=23
 Planning Time: 1.279 ms
 Execution Time: 2.348 ms
(12 rows)

SET
SET
SET
SET
SET
                                             QUERY PLAN                                             
----------------------------------------------------------------------------------------------------
 Index Scan Backward using idx on public.t (actual rows=8192.00 loops=1)
   Output: a, b
   Index Cond: ((t.a >= '-15011'::integer) AND (t.a <= '-14756'::integer))
   Index Searches: 1
   Buffers: shared hit=237
 Settings: enable_bitmapscan = 'off', enable_seqscan = 'off', max_parallel_workers_per_gather = '0'
 Planning:
   Buffers: shared hit=110
 Planning Time: 0.119 ms
 Execution Time: 0.319 ms
(10 rows)

