SET
SET
SET
SET
SET
                                                                 QUERY PLAN                                                                 
--------------------------------------------------------------------------------------------------------------------------------------------
 Index Scan Backward using idx on public.t (actual rows=16384.00 loops=1)
   Output: a, b
   Index Cond: ((t.a >= '-4564'::integer) AND (t.a <= '-4053'::integer))
   Index Searches: 1
   Prefetch: distance=169.903 count=486 stalls=55 skipped=15018 resets=0 ungets=102 forwarded=55
             histogram [2,4) => 117, [4,8) => 45, [8,16) => 8, [16,32) => 12, [32,64) => 1, [64,128) => 3, [128,256) => 1, [256,512) => 299
   Buffers: shared hit=313 read=169
 Settings: enable_bitmapscan = 'off', enable_seqscan = 'off', max_parallel_workers_per_gather = '0'
 Planning:
   Buffers: shared hit=86 read=27
 Planning Time: 1.770 ms
 Execution Time: 3.454 ms
(12 rows)

SET
SET
SET
SET
SET
                                             QUERY PLAN                                             
----------------------------------------------------------------------------------------------------
 Index Scan Backward using idx on public.t (actual rows=16384.00 loops=1)
   Output: a, b
   Index Cond: ((t.a >= '-4564'::integer) AND (t.a <= '-4053'::integer))
   Index Searches: 1
   Buffers: shared hit=482
 Settings: enable_bitmapscan = 'off', enable_seqscan = 'off', max_parallel_workers_per_gather = '0'
 Planning:
   Buffers: shared hit=118
 Planning Time: 0.153 ms
 Execution Time: 0.662 ms
(10 rows)

