SET
SET
SET
SET
SET
                                                                 QUERY PLAN                                                                  
---------------------------------------------------------------------------------------------------------------------------------------------
 Index Scan Backward using idx on public.t (actual rows=32768.00 loops=1)
   Output: a, b
   Index Cond: ((t.a >= '-12922'::integer) AND (t.a <= '-11899'::integer))
   Index Searches: 1
   Prefetch: distance=253.946 count=1276 stalls=22 skipped=31165 resets=0 ungets=398 forwarded=154
             histogram [2,4) => 42, [4,8) => 14, [8,16) => 13, [16,32) => 14, [32,64) => 2, [64,128) => 1, [128,256) => 4, [256,512) => 1186
   Buffers: shared hit=609 read=340
 Settings: enable_bitmapscan = 'off', enable_seqscan = 'off', max_parallel_workers_per_gather = '0'
 Planning:
   Buffers: shared hit=82 read=23
 Planning Time: 1.390 ms
 Execution Time: 5.690 ms
(12 rows)

SET
SET
SET
SET
SET
                                             QUERY PLAN                                             
----------------------------------------------------------------------------------------------------
 Index Scan Backward using idx on public.t (actual rows=32768.00 loops=1)
   Output: a, b
   Index Cond: ((t.a >= '-12922'::integer) AND (t.a <= '-11899'::integer))
   Index Searches: 1
   Buffers: shared hit=953
 Settings: enable_bitmapscan = 'off', enable_seqscan = 'off', max_parallel_workers_per_gather = '0'
 Planning:
   Buffers: shared hit=110
 Planning Time: 0.191 ms
 Execution Time: 1.442 ms
(10 rows)

