SET
SET
SET
SET
SET
                                                                  QUERY PLAN                                                                  
----------------------------------------------------------------------------------------------------------------------------------------------
 Index Scan Backward using idx on public.t (actual rows=65536.00 loops=1)
   Output: a, b
   Index Cond: ((t.a >= '-10514'::integer) AND (t.a <= '-8467'::integer))
   Index Searches: 1
   Prefetch: distance=261.456 count=2522 stalls=22 skipped=62931 resets=0 ungets=706 forwarded=188
             histogram [2,4) => 42, [4,8) => 13, [8,16) => 10, [16,32) => 16, [32,64) => 16, [64,128) => 3, [128,256) => 4, [256,512) => 2418
   Buffers: shared hit=1242 read=675
 Settings: enable_bitmapscan = 'off', enable_seqscan = 'off', max_parallel_workers_per_gather = '0'
 Planning:
   Buffers: shared hit=82 read=23
 Planning Time: 1.833 ms
 Execution Time: 8.623 ms
(12 rows)

SET
SET
SET
SET
SET
                                             QUERY PLAN                                             
----------------------------------------------------------------------------------------------------
 Index Scan Backward using idx on public.t (actual rows=65536.00 loops=1)
   Output: a, b
   Index Cond: ((t.a >= '-10514'::integer) AND (t.a <= '-8467'::integer))
   Index Searches: 1
   Buffers: shared hit=1924
 Settings: enable_bitmapscan = 'off', enable_seqscan = 'off', max_parallel_workers_per_gather = '0'
 Planning:
   Buffers: shared hit=110
 Planning Time: 0.170 ms
 Execution Time: 2.825 ms
(10 rows)

