SET
SET
SET
SET
SET
                                                                  QUERY PLAN                                                                   
-----------------------------------------------------------------------------------------------------------------------------------------------
 Index Scan Backward using idx on public.t (actual rows=262144.00 loops=1)
   Output: a, b
   Index Cond: ((t.a >= '-21439'::integer) AND (t.a <= '-13248'::integer))
   Index Searches: 1
   Prefetch: distance=268.302 count=10282 stalls=39 skipped=254561 resets=0 ungets=2897 forwarded=687
             histogram [2,4) => 74, [4,8) => 23, [8,16) => 11, [16,32) => 10, [32,64) => 18, [64,128) => 4, [128,256) => 3, [256,512) => 10139
   Buffers: shared hit=4955 read=2688
 Settings: enable_bitmapscan = 'off', enable_seqscan = 'off', max_parallel_workers_per_gather = '0'
 Planning:
   Buffers: shared hit=82 read=23
 Planning Time: 1.794 ms
 Execution Time: 33.125 ms
(12 rows)

SET
SET
SET
SET
SET
                                             QUERY PLAN                                             
----------------------------------------------------------------------------------------------------
 Index Scan Backward using idx on public.t (actual rows=262144.00 loops=1)
   Output: a, b
   Index Cond: ((t.a >= '-21439'::integer) AND (t.a <= '-13248'::integer))
   Index Searches: 1
   Buffers: shared hit=7667
 Settings: enable_bitmapscan = 'off', enable_seqscan = 'off', max_parallel_workers_per_gather = '0'
 Planning:
   Buffers: shared hit=110
 Planning Time: 0.176 ms
 Execution Time: 10.144 ms
(10 rows)

