SET
SET
SET
SET
SET
                                                                  QUERY PLAN                                                                   
-----------------------------------------------------------------------------------------------------------------------------------------------
 Index Scan Backward using idx on public.t (actual rows=524288.00 loops=1)
   Output: a, b
   Index Cond: ((t.a >= '-41756'::integer) AND (t.a <= '-25373'::integer))
   Index Searches: 1
   Prefetch: distance=259.529 count=20625 stalls=438 skipped=508691 resets=0 ungets=6201 forwarded=1960
             histogram [2,4) => 857, [4,8) => 53, [8,16) => 11, [16,32) => 14, [32,64) => 7, [64,128) => 4, [128,256) => 4, [256,512) => 19675
   Buffers: shared hit=9916 read=5373
 Settings: enable_bitmapscan = 'off', enable_seqscan = 'off', max_parallel_workers_per_gather = '0'
 Planning:
   Buffers: shared hit=82 read=23
 Planning Time: 1.831 ms
 Execution Time: 68.916 ms
(12 rows)

SET
SET
SET
SET
SET
                                             QUERY PLAN                                             
----------------------------------------------------------------------------------------------------
 Index Scan Backward using idx on public.t (actual rows=524288.00 loops=1)
   Output: a, b
   Index Cond: ((t.a >= '-41756'::integer) AND (t.a <= '-25373'::integer))
   Index Searches: 1
   Buffers: shared hit=15355
 Settings: enable_bitmapscan = 'off', enable_seqscan = 'off', max_parallel_workers_per_gather = '0'
 Planning:
   Buffers: shared hit=110
 Planning Time: 0.175 ms
 Execution Time: 20.761 ms
(10 rows)

