SET
SET
SET
SET
SET
                                                                  QUERY PLAN                                                                   
-----------------------------------------------------------------------------------------------------------------------------------------------
 Index Scan Backward using idx on public.t (actual rows=4048576.00 loops=1)
   Output: a, b
   Index Cond: ((t.a >= '-126968'::integer) AND (t.a <= '-451'::integer))
   Index Searches: 1
   Prefetch: distance=271.752 count=168108 stalls=17 skipped=3932944 resets=0 ungets=53292 forwarded=16856
             histogram [2,4) => 36, [4,8) => 14, [8,16) => 13, [16,32) => 11, [32,64) => 6, [64,128) => 1, [128,256) => 4, [256,512) => 168023
   Buffers: shared hit=76416 read=41454
 Settings: enable_bitmapscan = 'off', enable_seqscan = 'off', max_parallel_workers_per_gather = '0'
 Planning:
   Buffers: shared hit=82 read=27
 Planning Time: 2.088 ms
 Execution Time: 508.189 ms
(12 rows)

SET
SET
SET
SET
SET
                                             QUERY PLAN                                             
----------------------------------------------------------------------------------------------------
 Index Scan Backward using idx on public.t (actual rows=4048576.00 loops=1)
   Output: a, b
   Index Cond: ((t.a >= '-126968'::integer) AND (t.a <= '-451'::integer))
   Index Searches: 1
   Buffers: shared hit=118479
 Settings: enable_bitmapscan = 'off', enable_seqscan = 'off', max_parallel_workers_per_gather = '0'
 Planning:
   Buffers: shared hit=114
 Planning Time: 0.190 ms
 Execution Time: 165.350 ms
(10 rows)

