SET
SET
SET
SET
SET
                                                                   QUERY PLAN                                                                   
------------------------------------------------------------------------------------------------------------------------------------------------
 Index Scan Backward using idx on public.t (actual rows=5048576.00 loops=1)
   Output: a, b
   Index Cond: ((t.a >= '-163027'::integer) AND (t.a <= '-5260'::integer))
   Index Searches: 1
   Prefetch: distance=271.279 count=204185 stalls=182 skipped=4904907 resets=0 ungets=61049 forwarded=16771
             histogram [2,4) => 350, [4,8) => 62, [8,16) => 10, [16,32) => 11, [32,64) => 6, [64,128) => 2, [128,256) => 2, [256,512) => 203742
   Buffers: shared hit=95348 read=51694
 Settings: enable_bitmapscan = 'off', enable_seqscan = 'off', max_parallel_workers_per_gather = '0'
 Planning:
   Buffers: shared hit=82 read=27
 Planning Time: 2.100 ms
 Execution Time: 589.506 ms
(12 rows)

SET
SET
SET
SET
SET
                                             QUERY PLAN                                             
----------------------------------------------------------------------------------------------------
 Index Scan Backward using idx on public.t (actual rows=5048576.00 loops=1)
   Output: a, b
   Index Cond: ((t.a >= '-163027'::integer) AND (t.a <= '-5260'::integer))
   Index Searches: 1
   Buffers: shared hit=147841
 Settings: enable_bitmapscan = 'off', enable_seqscan = 'off', max_parallel_workers_per_gather = '0'
 Planning:
   Buffers: shared hit=114
 Planning Time: 0.192 ms
 Execution Time: 212.363 ms
(10 rows)

