SET
SET
SET
SET
SET
                                                                  QUERY PLAN                                                                   
-----------------------------------------------------------------------------------------------------------------------------------------------
 Index Scan Backward using idx on public.t (actual rows=6048576.00 loops=1)
   Output: a, b
   Index Cond: ((t.a >= '-198863'::integer) AND (t.a <= '-9846'::integer))
   Index Searches: 1
   Prefetch: distance=271.723 count=240223 stalls=42 skipped=5876733 resets=0 ungets=68741 forwarded=15266
             histogram [2,4) => 60, [4,8) => 17, [8,16) => 11, [16,32) => 14, [32,64) => 1, [64,128) => 4, [128,256) => 1, [256,512) => 240115
   Buffers: shared hit=114223 read=61934
 Settings: enable_bitmapscan = 'off', enable_seqscan = 'off', max_parallel_workers_per_gather = '0'
 Planning:
   Buffers: shared hit=82 read=23
 Planning Time: 1.781 ms
 Execution Time: 691.532 ms
(12 rows)

SET
SET
SET
SET
SET
                                             QUERY PLAN                                             
----------------------------------------------------------------------------------------------------
 Index Scan Backward using idx on public.t (actual rows=6048576.00 loops=1)
   Output: a, b
   Index Cond: ((t.a >= '-198863'::integer) AND (t.a <= '-9846'::integer))
   Index Searches: 1
   Buffers: shared hit=176939
 Settings: enable_bitmapscan = 'off', enable_seqscan = 'off', max_parallel_workers_per_gather = '0'
 Planning:
   Buffers: shared hit=110
 Planning Time: 0.176 ms
 Execution Time: 234.395 ms
(10 rows)

