SET
SET
SET
SET
SET
                                                                   QUERY PLAN                                                                   
------------------------------------------------------------------------------------------------------------------------------------------------
 Index Scan Backward using idx on public.t (actual rows=7048576.00 loops=1)
   Output: a, b
   Index Cond: ((t.a >= '-251933'::integer) AND (t.a <= '-31666'::integer))
   Index Searches: 1
   Prefetch: distance=271.419 count=281004 stalls=186 skipped=6847802 resets=0 ungets=81375 forwarded=19606
             histogram [2,4) => 356, [4,8) => 56, [8,16) => 10, [16,32) => 17, [32,64) => 8, [64,128) => 1, [128,256) => 1, [256,512) => 280555
   Buffers: shared hit=132974 read=72172
 Settings: enable_bitmapscan = 'off', enable_seqscan = 'off', max_parallel_workers_per_gather = '0'
 Planning:
   Buffers: shared hit=82 read=23
 Planning Time: 1.809 ms
 Execution Time: 818.220 ms
(12 rows)

SET
SET
SET
SET
SET
                                             QUERY PLAN                                             
----------------------------------------------------------------------------------------------------
 Index Scan Backward using idx on public.t (actual rows=7048576.00 loops=1)
   Output: a, b
   Index Cond: ((t.a >= '-251933'::integer) AND (t.a <= '-31666'::integer))
   Index Searches: 1
   Buffers: shared hit=206141
 Settings: enable_bitmapscan = 'off', enable_seqscan = 'off', max_parallel_workers_per_gather = '0'
 Planning:
   Buffers: shared hit=110
 Planning Time: 0.179 ms
 Execution Time: 284.258 ms
(10 rows)

