SET
SET
SET
SET
SET
                                                                  QUERY PLAN                                                                   
-----------------------------------------------------------------------------------------------------------------------------------------------
 Index Scan Backward using idx on public.t (actual rows=8048576.00 loops=1)
   Output: a, b
   Index Cond: ((t.a >= '-263988'::integer) AND (t.a <= '-12471'::integer))
   Index Searches: 1
   Prefetch: distance=271.640 count=325287 stalls=117 skipped=7819990 resets=0 ungets=97141 forwarded=25735
             histogram [2,4) => 216, [4,8) => 23, [8,16) => 14, [16,32) => 9, [32,64) => 1, [64,128) => 4, [128,256) => 1, [256,512) => 325019
   Buffers: shared hit=152007 read=82410
 Settings: enable_bitmapscan = 'off', enable_seqscan = 'off', max_parallel_workers_per_gather = '0'
 Planning:
   Buffers: shared hit=82 read=23
 Planning Time: 2.034 ms
 Execution Time: 932.135 ms
(12 rows)

SET
SET
SET
SET
SET
                                             QUERY PLAN                                             
----------------------------------------------------------------------------------------------------
 Index Scan Backward using idx on public.t (actual rows=8048576.00 loops=1)
   Output: a, b
   Index Cond: ((t.a >= '-263988'::integer) AND (t.a <= '-12471'::integer))
   Index Searches: 1
   Buffers: shared hit=235462
 Settings: enable_bitmapscan = 'off', enable_seqscan = 'off', max_parallel_workers_per_gather = '0'
 Planning:
   Buffers: shared hit=110
 Planning Time: 0.205 ms
 Execution Time: 317.304 ms
(10 rows)

