SET
SET
SET
SET
SET
                                             QUERY PLAN                                             
----------------------------------------------------------------------------------------------------
 Index Scan Backward using idx on public.t (actual rows=2048.00 loops=1)
   Output: a, b
   Index Cond: ((t.a >= '-11309'::integer) AND (t.a <= '-11246'::integer))
   Index Searches: 1
   Prefetch: distance=2.000 count=34 stalls=16 skipped=1679 resets=0 ungets=0 forwarded=0
             histogram [2,4) => 34
   Buffers: shared hit=39 read=26
 Settings: enable_bitmapscan = 'off', enable_seqscan = 'off', max_parallel_workers_per_gather = '0'
 Planning:
   Buffers: shared hit=82 read=23
 Planning Time: 1.260 ms
 Execution Time: 1.102 ms
(12 rows)

SET
SET
SET
SET
SET
                                             QUERY PLAN                                             
----------------------------------------------------------------------------------------------------
 Index Scan Backward using idx on public.t (actual rows=2048.00 loops=1)
   Output: a, b
   Index Cond: ((t.a >= '-11309'::integer) AND (t.a <= '-11246'::integer))
   Index Searches: 1
   Buffers: shared hit=65
 Settings: enable_bitmapscan = 'off', enable_seqscan = 'off', max_parallel_workers_per_gather = '0'
 Planning:
   Buffers: shared hit=110
 Planning Time: 0.168 ms
 Execution Time: 0.116 ms
(10 rows)

