SET
SET
SET
SET
SET
                                                                 QUERY PLAN                                                                 
--------------------------------------------------------------------------------------------------------------------------------------------
 Index Scan Backward using idx on public.t (actual rows=16384.00 loops=1)
   Output: a, b
   Index Cond: ((t.a >= '-29159'::integer) AND (t.a <= '-28648'::integer))
   Index Searches: 1
   Prefetch: distance=208.129 count=550 stalls=37 skipped=15838 resets=0 ungets=136 forwarded=61
             histogram [2,4) => 80, [4,8) => 11, [8,16) => 15, [16,32) => 19, [32,64) => 7, [64,128) => 1, [128,256) => 3, [256,512) => 414
   Buffers: shared hit=296 read=172
 Settings: enable_bitmapscan = 'off', enable_seqscan = 'off', max_parallel_workers_per_gather = '0'
 Planning:
   Buffers: shared hit=82 read=23
 Planning Time: 1.359 ms
 Execution Time: 4.446 ms
(12 rows)

SET
SET
SET
SET
SET
                                             QUERY PLAN                                             
----------------------------------------------------------------------------------------------------
 Index Scan Backward using idx on public.t (actual rows=16384.00 loops=1)
   Output: a, b
   Index Cond: ((t.a >= '-29159'::integer) AND (t.a <= '-28648'::integer))
   Index Searches: 1
   Buffers: shared hit=473
 Settings: enable_bitmapscan = 'off', enable_seqscan = 'off', max_parallel_workers_per_gather = '0'
 Planning:
   Buffers: shared hit=110
 Planning Time: 0.118 ms
 Execution Time: 0.619 ms
(10 rows)

