SET
SET
SET
SET
SET
                                                                  QUERY PLAN                                                                  
----------------------------------------------------------------------------------------------------------------------------------------------
 Index Scan Backward using idx on public.t (actual rows=32768.00 loops=1)
   Output: a, b
   Index Cond: ((t.a >= '-29482'::integer) AND (t.a <= '-28459'::integer))
   Index Searches: 1
   Prefetch: distance=214.551 count=1093 stalls=90 skipped=31284 resets=0 ungets=274 forwarded=98
             histogram [2,4) => 184, [4,8) => 11, [8,16) => 15, [16,32) => 11, [32,64) => 10, [64,128) => 6, [128,256) => 1, [256,512) => 855
   Buffers: shared hit=615 read=340
 Settings: enable_bitmapscan = 'off', enable_seqscan = 'off', max_parallel_workers_per_gather = '0'
 Planning:
   Buffers: shared hit=82 read=23
 Planning Time: 1.807 ms
 Execution Time: 6.473 ms
(12 rows)

SET
SET
SET
SET
SET
                                             QUERY PLAN                                             
----------------------------------------------------------------------------------------------------
 Index Scan Backward using idx on public.t (actual rows=32768.00 loops=1)
   Output: a, b
   Index Cond: ((t.a >= '-29482'::integer) AND (t.a <= '-28459'::integer))
   Index Searches: 1
   Buffers: shared hit=958
 Settings: enable_bitmapscan = 'off', enable_seqscan = 'off', max_parallel_workers_per_gather = '0'
 Planning:
   Buffers: shared hit=110
 Planning Time: 0.159 ms
 Execution Time: 1.259 ms
(10 rows)

