SET
SET
SET
SET
SET
                                                                  QUERY PLAN                                                                   
-----------------------------------------------------------------------------------------------------------------------------------------------
 Index Scan Backward using idx on public.t (actual rows=262144.00 loops=1)
   Output: a, b
   Index Cond: ((t.a >= '-32815'::integer) AND (t.a <= '-24624'::integer))
   Index Searches: 1
   Prefetch: distance=228.131 count=8724 stalls=665 skipped=254623 resets=0 ungets=1951 forwarded=269
             histogram [2,4) => 1311, [4,8) => 70, [8,16) => 11, [16,32) => 13, [32,64) => 8, [64,128) => 1, [128,256) => 4, [256,512) => 7306
   Buffers: shared hit=4982 read=2690
 Settings: enable_bitmapscan = 'off', enable_seqscan = 'off', max_parallel_workers_per_gather = '0'
 Planning:
   Buffers: shared hit=82 read=23
 Planning Time: 1.807 ms
 Execution Time: 39.173 ms
(12 rows)

SET
SET
SET
SET
SET
                                             QUERY PLAN                                             
----------------------------------------------------------------------------------------------------
 Index Scan Backward using idx on public.t (actual rows=262144.00 loops=1)
   Output: a, b
   Index Cond: ((t.a >= '-32815'::integer) AND (t.a <= '-24624'::integer))
   Index Searches: 1
   Buffers: shared hit=7681
 Settings: enable_bitmapscan = 'off', enable_seqscan = 'off', max_parallel_workers_per_gather = '0'
 Planning:
   Buffers: shared hit=110
 Planning Time: 0.168 ms
 Execution Time: 10.232 ms
(10 rows)

