SET
SET
SET
SET
SET
                                                                  QUERY PLAN                                                                  
----------------------------------------------------------------------------------------------------------------------------------------------
 Index Scan Backward using idx on public.t (actual rows=524288.00 loops=1)
   Output: a, b
   Index Cond: ((t.a >= '-18379'::integer) AND (t.a <= '-1996'::integer))
   Index Searches: 1
   Prefetch: distance=270.203 count=22164 stalls=36 skipped=508819 resets=0 ungets=7402 forwarded=2773
             histogram [2,4) => 78, [4,8) => 36, [8,16) => 12, [16,32) => 12, [32,64) => 1, [64,128) => 2, [128,256) => 2, [256,512) => 22021
   Buffers: shared hit=9823 read=5370
 Settings: enable_bitmapscan = 'off', enable_seqscan = 'off', max_parallel_workers_per_gather = '0'
 Planning:
   Buffers: shared hit=82 read=27
 Planning Time: 2.111 ms
 Execution Time: 68.470 ms
(12 rows)

SET
SET
SET
SET
SET
                                             QUERY PLAN                                             
----------------------------------------------------------------------------------------------------
 Index Scan Backward using idx on public.t (actual rows=524288.00 loops=1)
   Output: a, b
   Index Cond: ((t.a >= '-18379'::integer) AND (t.a <= '-1996'::integer))
   Index Searches: 1
   Buffers: shared hit=15286
 Settings: enable_bitmapscan = 'off', enable_seqscan = 'off', max_parallel_workers_per_gather = '0'
 Planning:
   Buffers: shared hit=114
 Planning Time: 0.214 ms
 Execution Time: 22.459 ms
(10 rows)

