SET
SET
SET
SET
SET
                                                                  QUERY PLAN                                                                  
----------------------------------------------------------------------------------------------------------------------------------------------
 Index Scan Backward using idx on public.t (actual rows=3048576.00 loops=1)
   Output: a, b
   Index Cond: ((t.a >= '-110948'::integer) AND (t.a <= '-15681'::integer))
   Index Searches: 1
   Prefetch: distance=271.741 count=123771 stalls=8 skipped=2961398 resets=0 ungets=37304 forwarded=10388
             histogram [2,4) => 20, [4,8) => 8, [8,16) => 13, [16,32) => 11, [32,64) => 3, [64,128) => 3, [128,256) => 1, [256,512) => 123712
   Buffers: shared hit=57469 read=31217
 Settings: enable_bitmapscan = 'off', enable_seqscan = 'off', max_parallel_workers_per_gather = '0'
 Planning:
   Buffers: shared hit=82 read=23
 Planning Time: 1.822 ms
 Execution Time: 354.821 ms
(12 rows)

SET
SET
SET
SET
SET
                                             QUERY PLAN                                             
----------------------------------------------------------------------------------------------------
 Index Scan Backward using idx on public.t (actual rows=3048576.00 loops=1)
   Output: a, b
   Index Cond: ((t.a >= '-110948'::integer) AND (t.a <= '-15681'::integer))
   Index Searches: 1
   Buffers: shared hit=89220
 Settings: enable_bitmapscan = 'off', enable_seqscan = 'off', max_parallel_workers_per_gather = '0'
 Planning:
   Buffers: shared hit=110
 Planning Time: 0.193 ms
 Execution Time: 123.767 ms
(10 rows)

