SET
SET
SET
SET
SET
                                                                 QUERY PLAN                                                                  
---------------------------------------------------------------------------------------------------------------------------------------------
 Index Scan Backward using idx on public.t (actual rows=5048576.00 loops=1)
   Output: a, b
   Index Cond: ((t.a >= '-162986'::integer) AND (t.a <= '-5219'::integer))
   Index Searches: 1
   Prefetch: distance=271.811 count=206485 stalls=3 skipped=4904695 resets=0 ungets=63182 forwarded=18679
             histogram [2,4) => 8, [4,8) => 8, [8,16) => 11, [16,32) => 10, [32,64) => 8, [64,128) => 1, [128,256) => 1, [256,512) => 206438
   Buffers: shared hit=95304 read=51694
 Settings: enable_bitmapscan = 'off', enable_seqscan = 'off', max_parallel_workers_per_gather = '0'
 Planning:
   Buffers: shared hit=82 read=27
 Planning Time: 2.082 ms
 Execution Time: 583.048 ms
(12 rows)

SET
SET
SET
SET
SET
                                             QUERY PLAN                                             
----------------------------------------------------------------------------------------------------
 Index Scan Backward using idx on public.t (actual rows=5048576.00 loops=1)
   Output: a, b
   Index Cond: ((t.a >= '-162986'::integer) AND (t.a <= '-5219'::integer))
   Index Searches: 1
   Buffers: shared hit=147835
 Settings: enable_bitmapscan = 'off', enable_seqscan = 'off', max_parallel_workers_per_gather = '0'
 Planning:
   Buffers: shared hit=114
 Planning Time: 0.217 ms
 Execution Time: 215.476 ms
(10 rows)

