SET
SET
SET
SET
SET
                                                                  QUERY PLAN                                                                   
-----------------------------------------------------------------------------------------------------------------------------------------------
 Index Scan Backward using idx on public.t (actual rows=6048576.00 loops=1)
   Output: a, b
   Index Cond: ((t.a >= '-219088'::integer) AND (t.a <= '-30071'::integer))
   Index Searches: 1
   Prefetch: distance=271.555 count=239002 stalls=104 skipped=5876539 resets=0 ungets=67580 forwarded=14617
             histogram [2,4) => 184, [4,8) => 30, [8,16) => 12, [16,32) => 9, [32,64) => 9, [64,128) => 4, [128,256) => 1, [256,512) => 238753
   Buffers: shared hit=114079 read=61934
 Settings: enable_bitmapscan = 'off', enable_seqscan = 'off', max_parallel_workers_per_gather = '0'
 Planning:
   Buffers: shared hit=82 read=23
 Planning Time: 1.905 ms
 Execution Time: 692.079 ms
(12 rows)

SET
SET
SET
SET
SET
                                             QUERY PLAN                                             
----------------------------------------------------------------------------------------------------
 Index Scan Backward using idx on public.t (actual rows=6048576.00 loops=1)
   Output: a, b
   Index Cond: ((t.a >= '-219088'::integer) AND (t.a <= '-30071'::integer))
   Index Searches: 1
   Buffers: shared hit=176946
 Settings: enable_bitmapscan = 'off', enable_seqscan = 'off', max_parallel_workers_per_gather = '0'
 Planning:
   Buffers: shared hit=110
 Planning Time: 0.233 ms
 Execution Time: 242.358 ms
(10 rows)

