SET
SET
SET
SET
SET
                                                                  QUERY PLAN                                                                  
----------------------------------------------------------------------------------------------------------------------------------------------
 Index Scan Backward using idx on public.t (actual rows=7048576.00 loops=1)
   Output: a, b
   Index Cond: ((t.a >= '-249967'::integer) AND (t.a <= '-29700'::integer))
   Index Searches: 1
   Prefetch: distance=271.807 count=286772 stalls=1 skipped=6848683 resets=0 ungets=86937 forwarded=24337
             histogram [2,4) => 4, [4,8) => 28, [8,16) => 11, [16,32) => 16, [32,64) => 1, [64,128) => 2, [128,256) => 5, [256,512) => 286705
   Buffers: shared hit=132939 read=72173
 Settings: enable_bitmapscan = 'off', enable_seqscan = 'off', max_parallel_workers_per_gather = '0'
 Planning:
   Buffers: shared hit=82 read=23
 Planning Time: 1.809 ms
 Execution Time: 828.822 ms
(12 rows)

SET
SET
SET
SET
SET
                                             QUERY PLAN                                             
----------------------------------------------------------------------------------------------------
 Index Scan Backward using idx on public.t (actual rows=7048576.00 loops=1)
   Output: a, b
   Index Cond: ((t.a >= '-249967'::integer) AND (t.a <= '-29700'::integer))
   Index Searches: 1
   Buffers: shared hit=206136
 Settings: enable_bitmapscan = 'off', enable_seqscan = 'off', max_parallel_workers_per_gather = '0'
 Planning:
   Buffers: shared hit=110
 Planning Time: 0.184 ms
 Execution Time: 286.828 ms
(10 rows)

