SET
SET
SET
SET
SET
                                                                   QUERY PLAN                                                                   
------------------------------------------------------------------------------------------------------------------------------------------------
 Index Scan Backward using idx on public.t (actual rows=8048576.00 loops=1)
   Output: a, b
   Index Cond: ((t.a >= '-255807'::integer) AND (t.a <= '-4290'::integer))
   Index Searches: 1
   Prefetch: distance=271.464 count=320246 stalls=196 skipped=7820345 resets=0 ungets=92242 forwarded=21574
             histogram [2,4) => 358, [4,8) => 55, [8,16) => 14, [16,32) => 14, [32,64) => 9, [64,128) => 3, [128,256) => 4, [256,512) => 319789
   Buffers: shared hit=151838 read=82410
 Settings: enable_bitmapscan = 'off', enable_seqscan = 'off', max_parallel_workers_per_gather = '0'
 Planning:
   Buffers: shared hit=82 read=27
 Planning Time: 2.092 ms
 Execution Time: 917.699 ms
(12 rows)

SET
SET
SET
SET
SET
                                             QUERY PLAN                                             
----------------------------------------------------------------------------------------------------
 Index Scan Backward using idx on public.t (actual rows=8048576.00 loops=1)
   Output: a, b
   Index Cond: ((t.a >= '-255807'::integer) AND (t.a <= '-4290'::integer))
   Index Searches: 1
   Buffers: shared hit=235393
 Settings: enable_bitmapscan = 'off', enable_seqscan = 'off', max_parallel_workers_per_gather = '0'
 Planning:
   Buffers: shared hit=114
 Planning Time: 0.224 ms
 Execution Time: 343.569 ms
(10 rows)

