SET
SET
SET
SET
SET
                                             QUERY PLAN                                             
----------------------------------------------------------------------------------------------------
 Index Scan Backward using idx on public.t (actual rows=2048.00 loops=1)
   Output: a, b
   Index Cond: ((t.a >= '-31033'::integer) AND (t.a <= '-30970'::integer))
   Index Searches: 1
   Prefetch: distance=2.000 count=22 stalls=11 skipped=1152 resets=0 ungets=0 forwarded=0
             histogram [2,4) => 22
   Buffers: shared hit=37 read=25
 Settings: enable_bitmapscan = 'off', enable_seqscan = 'off', max_parallel_workers_per_gather = '0'
 Planning:
   Buffers: shared hit=82 read=23
 Planning Time: 1.233 ms
 Execution Time: 1.069 ms
(12 rows)

SET
SET
SET
SET
SET
                                             QUERY PLAN                                             
----------------------------------------------------------------------------------------------------
 Index Scan Backward using idx on public.t (actual rows=2048.00 loops=1)
   Output: a, b
   Index Cond: ((t.a >= '-31033'::integer) AND (t.a <= '-30970'::integer))
   Index Searches: 1
   Buffers: shared hit=62
 Settings: enable_bitmapscan = 'off', enable_seqscan = 'off', max_parallel_workers_per_gather = '0'
 Planning:
   Buffers: shared hit=110
 Planning Time: 0.179 ms
 Execution Time: 0.128 ms
(10 rows)

