SET
SET
SET
SET
SET
                                                                QUERY PLAN                                                                
------------------------------------------------------------------------------------------------------------------------------------------
 Index Scan Backward using idx on public.t (actual rows=4096.00 loops=1)
   Output: a, b
   Index Cond: ((t.a >= '-27358'::integer) AND (t.a <= '-27231'::integer))
   Index Searches: 1
   Prefetch: distance=80.875 count=96 stalls=11 skipped=3360 resets=0 ungets=10 forwarded=8
             histogram [2,4) => 24, [4,8) => 9, [8,16) => 12, [16,32) => 15, [32,64) => 8, [64,128) => 4, [128,256) => 4, [256,512) => 20
   Buffers: shared hit=77 read=47
 Settings: enable_bitmapscan = 'off', enable_seqscan = 'off', max_parallel_workers_per_gather = '0'
 Planning:
   Buffers: shared hit=82 read=23
 Planning Time: 1.263 ms
 Execution Time: 1.652 ms
(12 rows)

SET
SET
SET
SET
SET
                                             QUERY PLAN                                             
----------------------------------------------------------------------------------------------------
 Index Scan Backward using idx on public.t (actual rows=4096.00 loops=1)
   Output: a, b
   Index Cond: ((t.a >= '-27358'::integer) AND (t.a <= '-27231'::integer))
   Index Searches: 1
   Buffers: shared hit=125
 Settings: enable_bitmapscan = 'off', enable_seqscan = 'off', max_parallel_workers_per_gather = '0'
 Planning:
   Buffers: shared hit=110
 Planning Time: 0.123 ms
 Execution Time: 0.188 ms
(10 rows)

